Using worker: bluebox-linux-3.worker.travis-ci.org:travis-linux-13

travis_fold:start:git.1$ git clone --depth=50 --branch=master git://github.com/square/dagger.git square/dagger
Cloning into 'square/dagger'...
remote: Counting objects: 1239, done.[K
remote: Compressing objects:   0% (1/616)   [Kremote: Compressing objects:   1% (7/616)   [Kremote: Compressing objects:   2% (13/616)   [Kremote: Compressing objects:   3% (19/616)   [Kremote: Compressing objects:   4% (25/616)   [Kremote: Compressing objects:   5% (31/616)   [Kremote: Compressing objects:   6% (37/616)   [Kremote: Compressing objects:   7% (44/616)   [Kremote: Compressing objects:   8% (50/616)   [Kremote: Compressing objects:   9% (56/616)   [Kremote: Compressing objects:  10% (62/616)   [Kremote: Compressing objects:  11% (68/616)   [Kremote: Compressing objects:  12% (74/616)   [Kremote: Compressing objects:  13% (81/616)   [Kremote: Compressing objects:  14% (87/616)   [Kremote: Compressing objects:  15% (93/616)   [Kremote: Compressing objects:  16% (99/616)   [Kremote: Compressing objects:  17% (105/616)   [Kremote: Compressing objects:  18% (111/616)   [Kremote: Compressing objects:  19% (118/616)   [Kremote: Compressing objects:  20% (124/616)   [Kremote: Compressing objects:  21% (130/616)   [Kremote: Compressing objects:  22% (136/616)   [Kremote: Compressing objects:  23% (142/616)   [Kremote: Compressing objects:  24% (148/616)   [Kremote: Compressing objects:  25% (154/616)   [Kremote: Compressing objects:  26% (161/616)   [Kremote: Compressing objects:  27% (167/616)   [Kremote: Compressing objects:  28% (173/616)   [Kremote: Compressing objects:  29% (179/616)   [Kremote: Compressing objects:  30% (185/616)   [Kremote: Compressing objects:  31% (191/616)   [Kremote: Compressing objects:  32% (198/616)   [Kremote: Compressing objects:  33% (204/616)   [Kremote: Compressing objects:  34% (210/616)   [Kremote: Compressing objects:  35% (216/616)   [Kremote: Compressing objects:  36% (222/616)   [Kremote: Compressing objects:  37% (228/616)   [Kremote: Compressing objects:  38% (235/616)   [Kremote: Compressing objects:  39% (241/616)   [Kremote: Compressing objects:  40% (247/616)   [Kremote: Compressing objects:  41% (253/616)   [Kremote: Compressing objects:  42% (259/616)   [Kremote: Compressing objects:  43% (265/616)   [Kremote: Compressing objects:  44% (272/616)   [Kremote: Compressing objects:  45% (278/616)   [Kremote: Compressing objects:  46% (284/616)   [Kremote: Compressing objects:  47% (290/616)   [Kremote: Compressing objects:  48% (296/616)   [Kremote: Compressing objects:  49% (302/616)   [Kremote: Compressing objects:  50% (308/616)   [Kremote: Compressing objects:  51% (315/616)   [Kremote: Compressing objects:  52% (321/616)   [Kremote: Compressing objects:  53% (327/616)   [Kremote: Compressing objects:  54% (333/616)   [Kremote: Compressing objects:  55% (339/616)   [Kremote: Compressing objects:  56% (345/616)   [Kremote: Compressing objects:  57% (352/616)   [Kremote: Compressing objects:  58% (358/616)   [Kremote: Compressing objects:  59% (364/616)   [Kremote: Compressing objects:  60% (370/616)   [Kremote: Compressing objects:  61% (376/616)   [Kremote: Compressing objects:  62% (382/616)   [Kremote: Compressing objects:  63% (389/616)   [Kremote: Compressing objects:  64% (395/616)   [Kremote: Compressing objects:  65% (401/616)   [Kremote: Compressing objects:  66% (407/616)   [Kremote: Compressing objects:  67% (413/616)   [Kremote: Compressing objects:  68% (419/616)   [Kremote: Compressing objects:  69% (426/616)   [Kremote: Compressing objects:  70% (432/616)   [Kremote: Compressing objects:  71% (438/616)   [Kremote: Compressing objects:  72% (444/616)   [Kremote: Compressing objects:  73% (450/616)   [Kremote: Compressing objects:  74% (456/616)   [Kremote: Compressing objects:  75% (462/616)   [Kremote: Compressing objects:  76% (469/616)   [Kremote: Compressing objects:  77% (475/616)   [Kremote: Compressing objects:  78% (481/616)   [Kremote: Compressing objects:  79% (487/616)   [Kremote: Compressing objects:  80% (493/616)   [Kremote: Compressing objects:  81% (499/616)   [Kremote: Compressing objects:  82% (506/616)   [Kremote: Compressing objects:  83% (512/616)   [Kremote: Compressing objects:  84% (518/616)   [Kremote: Compressing objects:  85% (524/616)   [Kremote: Compressing objects:  86% (530/616)   [Kremote: Compressing objects:  87% (536/616)   [Kremote: Compressing objects:  88% (543/616)   [Kremote: Compressing objects:  89% (549/616)   [Kremote: Compressing objects:  90% (555/616)   [Kremote: Compressing objects:  91% (561/616)   [Kremote: Compressing objects:  92% (567/616)   [Kremote: Compressing objects:  93% (573/616)   [Kremote: Compressing objects:  94% (580/616)   [Kremote: Compressing objects:  95% (586/616)   [Kremote: Compressing objects:  96% (592/616)   [Kremote: Compressing objects:  97% (598/616)   [Kremote: Compressing objects:  98% (604/616)   [Kremote: Compressing objects:  99% (610/616)   [Kremote: Compressing objects: 100% (616/616)   [Kremote: Compressing objects: 100% (616/616), done.[K
Receiving objects:   0% (1/1239)   Receiving objects:   1% (13/1239)   Receiving objects:   2% (25/1239)   Receiving objects:   3% (38/1239)   Receiving objects:   4% (50/1239)   Receiving objects:   5% (62/1239)   Receiving objects:   6% (75/1239)   Receiving objects:   7% (87/1239)   Receiving objects:   8% (100/1239)   Receiving objects:   9% (112/1239)   Receiving objects:  10% (124/1239)   Receiving objects:  11% (137/1239)   Receiving objects:  12% (149/1239)   Receiving objects:  13% (162/1239)   Receiving objects:  14% (174/1239)   Receiving objects:  15% (186/1239)   Receiving objects:  16% (199/1239)   Receiving objects:  17% (211/1239)   Receiving objects:  18% (224/1239)   Receiving objects:  19% (236/1239)   Receiving objects:  20% (248/1239)   Receiving objects:  21% (261/1239)   Receiving objects:  22% (273/1239)   Receiving objects:  23% (285/1239)   Receiving objects:  24% (298/1239)   Receiving objects:  25% (310/1239)   Receiving objects:  26% (323/1239)   Receiving objects:  27% (335/1239)   Receiving objects:  28% (347/1239)   Receiving objects:  29% (360/1239)   Receiving objects:  30% (372/1239)   Receiving objects:  31% (385/1239)   Receiving objects:  32% (397/1239)   Receiving objects:  33% (409/1239)   Receiving objects:  34% (422/1239)   Receiving objects:  35% (434/1239)   Receiving objects:  36% (447/1239)   Receiving objects:  37% (459/1239)   Receiving objects:  38% (471/1239)   Receiving objects:  39% (484/1239)   Receiving objects:  40% (496/1239)   Receiving objects:  41% (508/1239)   Receiving objects:  42% (521/1239)   Receiving objects:  43% (533/1239)   Receiving objects:  44% (546/1239)   Receiving objects:  45% (558/1239)   Receiving objects:  46% (570/1239)   Receiving objects:  47% (583/1239)   Receiving objects:  48% (595/1239)   Receiving objects:  49% (608/1239)   Receiving objects:  50% (620/1239)   Receiving objects:  51% (632/1239)   Receiving objects:  52% (645/1239)   Receiving objects:  53% (657/1239)   Receiving objects:  54% (670/1239)   Receiving objects:  55% (682/1239)   Receiving objects:  56% (694/1239)   Receiving objects:  57% (707/1239)   Receiving objects:  58% (719/1239)   Receiving objects:  59% (732/1239)   Receiving objects:  60% (744/1239)   Receiving objects:  61% (756/1239)   Receiving objects:  62% (769/1239)   Receiving objects:  63% (781/1239)   Receiving objects:  64% (793/1239)   Receiving objects:  65% (806/1239)   Receiving objects:  66% (818/1239)   Receiving objects:  67% (831/1239)   Receiving objects:  68% (843/1239)   Receiving objects:  69% (855/1239)   Receiving objects:  70% (868/1239)   Receiving objects:  71% (880/1239)   Receiving objects:  72% (893/1239)   Receiving objects:  73% (905/1239)   Receiving objects:  74% (917/1239)   Receiving objects:  75% (930/1239)   Receiving objects:  76% (942/1239)   Receiving objects:  77% (955/1239)   Receiving objects:  78% (967/1239)   Receiving objects:  79% (979/1239)   remote: Total 1239 (delta 454), reused 1069 (delta 334)[K
Receiving objects:  80% (992/1239)   Receiving objects:  81% (1004/1239)   Receiving objects:  82% (1016/1239)   Receiving objects:  83% (1029/1239)   Receiving objects:  84% (1041/1239)   Receiving objects:  85% (1054/1239)   Receiving objects:  86% (1066/1239)   Receiving objects:  87% (1078/1239)   Receiving objects:  88% (1091/1239)   Receiving objects:  89% (1103/1239)   Receiving objects:  90% (1116/1239)   Receiving objects:  91% (1128/1239)   Receiving objects:  92% (1140/1239)   Receiving objects:  93% (1153/1239)   Receiving objects:  94% (1165/1239)   Receiving objects:  95% (1178/1239)   Receiving objects:  96% (1190/1239)   Receiving objects:  97% (1202/1239)   Receiving objects:  98% (1215/1239)   Receiving objects:  99% (1227/1239)   Receiving objects: 100% (1239/1239)   Receiving objects: 100% (1239/1239), 343.76 KiB, done.
Resolving deltas:   0% (0/454)   Resolving deltas:   1% (5/454)   Resolving deltas:   2% (11/454)   Resolving deltas:   3% (14/454)   Resolving deltas:   5% (25/454)   Resolving deltas:  10% (47/454)   Resolving deltas:  14% (64/454)   Resolving deltas:  16% (74/454)   Resolving deltas:  17% (81/454)   Resolving deltas:  20% (95/454)   Resolving deltas:  21% (96/454)   Resolving deltas:  33% (152/454)   Resolving deltas:  36% (166/454)   Resolving deltas:  37% (170/454)   Resolving deltas:  38% (175/454)   Resolving deltas:  42% (195/454)   Resolving deltas:  43% (196/454)   Resolving deltas:  44% (200/454)   Resolving deltas:  52% (240/454)   Resolving deltas:  53% (244/454)   Resolving deltas:  56% (258/454)   Resolving deltas:  57% (260/454)   Resolving deltas:  59% (268/454)   Resolving deltas:  60% (273/454)   Resolving deltas:  61% (277/454)   Resolving deltas:  65% (296/454)   Resolving deltas:  67% (305/454)   Resolving deltas:  69% (315/454)   Resolving deltas:  70% (321/454)   Resolving deltas:  71% (326/454)   Resolving deltas:  72% (327/454)   Resolving deltas:  73% (332/454)   Resolving deltas:  74% (339/454)   Resolving deltas:  76% (347/454)   Resolving deltas:  77% (354/454)   Resolving deltas:  79% (359/454)   Resolving deltas:  80% (364/454)   Resolving deltas:  81% (368/454)   Resolving deltas:  82% (373/454)   Resolving deltas:  83% (377/454)   Resolving deltas:  84% (385/454)   Resolving deltas:  88% (401/454)   Resolving deltas:  89% (405/454)   Resolving deltas:  90% (413/454)   Resolving deltas:  91% (414/454)   Resolving deltas:  92% (421/454)   Resolving deltas:  93% (425/454)   Resolving deltas:  94% (428/454)   Resolving deltas:  95% (432/454)   Resolving deltas:  96% (436/454)   Resolving deltas:  97% (443/454)   Resolving deltas:  98% (445/454)   Resolving deltas:  99% (452/454)   Resolving deltas: 100% (454/454)   Resolving deltas: 100% (454/454), done.
travis_fold:end:git.1$ cd square/dagger
travis_fold:start:git.2$ git checkout -qf 3b8ce02eb00be001652fec6bcd4604a7c4726b8d
travis_fold:end:git.2$ java -version
java version "1.7.0_15"
OpenJDK Runtime Environment (IcedTea7 2.3.7) (7u15-2.3.7-0ubuntu1~12.04.1)
OpenJDK 64-Bit Server VM (build 23.7-b01, mixed mode)
$ javac -version
javac 1.7.0_15
travis_fold:start:install$ mvn install clean --fail-never --quiet -DskipTests=true -Dinvoker.skip=true
travis_fold:end:install$ mvn verify
[INFO] Scanning for projects...
[INFO] ------------------------------------------------------------------------
[INFO] Reactor Build Order:
[INFO] 
[INFO] Dagger (Parent)
[INFO] Dagger
[INFO] Dagger Compiler
[INFO] Dagger AndroidManifest.xml Module Generator
[INFO] Dagger Example (Parent)
[INFO] Dagger Example - Simple
[INFO]                                                                         
[INFO] ------------------------------------------------------------------------
[INFO] Building Dagger (Parent) 1.0-SNAPSHOT
[INFO] ------------------------------------------------------------------------
[INFO] 
[INFO] --- maven-enforcer-plugin:1.0:enforce (enforce-maven) @ dagger-parent ---
[INFO] 
[INFO] --- maven-checkstyle-plugin:2.9.1:checkstyle (default) @ dagger-parent ---
[INFO]                                                                         
[INFO] ------------------------------------------------------------------------
[INFO] Building Dagger 1.0-SNAPSHOT
[INFO] ------------------------------------------------------------------------
[INFO] 
[INFO] --- maven-enforcer-plugin:1.0:enforce (enforce-maven) @ dagger ---
[INFO] 
[INFO] --- maven-resources-plugin:2.3:resources (default-resources) @ dagger ---
[INFO] Using 'UTF-8' encoding to copy filtered resources.
[INFO] skip non existing resourceDirectory /home/travis/build/square/dagger/core/src/main/resources
[INFO] 
[INFO] --- maven-compiler-plugin:3.0:compile (default-compile) @ dagger ---
[INFO] Changes detected - recompiling the module!
[INFO] Compiling 24 source files to /home/travis/build/square/dagger/core/target/classes
[WARNING] bootstrap class path not set in conjunction with -source 1.6
[WARNING] /home/travis/build/square/dagger/core/src/main/java/dagger/internal/UniqueMap.java:[24,8] serializable class dagger.internal.UniqueMap has no definition of serialVersionUID
[WARNING] /home/travis/build/square/dagger/core/src/main/java/dagger/internal/plugins/reflect/ReflectiveModuleAdapter.java:[122,24] found raw type: dagger.internal.Binding
  missing type arguments for generic class dagger.internal.Binding<T>
[INFO] 
[INFO] --- maven-resources-plugin:2.3:testResources (default-testResources) @ dagger ---
[INFO] Using 'UTF-8' encoding to copy filtered resources.
[INFO] skip non existing resourceDirectory /home/travis/build/square/dagger/core/src/test/resources
[INFO] 
[INFO] --- maven-compiler-plugin:3.0:testCompile (default-testCompile) @ dagger ---
[INFO] Changes detected - recompiling the module!
[INFO] Compiling 12 source files to /home/travis/build/square/dagger/core/target/test-classes
[WARNING] bootstrap class path not set in conjunction with -source 1.6
[INFO] 
[INFO] --- maven-surefire-plugin:2.10:test (default-test) @ dagger ---
[INFO] Surefire report directory: /home/travis/build/square/dagger/core/target/surefire-reports
Downloading: http://maven.mirrors.travis-ci.org/nexus/content/repositories/central/org/apache/maven/surefire/surefire-junit4/2.10/surefire-junit4-2.10.pom
3/3 KB            Downloaded: http://maven.mirrors.travis-ci.org/nexus/content/repositories/central/org/apache/maven/surefire/surefire-junit4/2.10/surefire-junit4-2.10.pom (3 KB at 3.9 KB/sec)
Downloading: http://maven.mirrors.travis-ci.org/nexus/content/repositories/central/org/apache/maven/surefire/surefire-providers/2.10/surefire-providers-2.10.pom
3/3 KB            Downloaded: http://maven.mirrors.travis-ci.org/nexus/content/repositories/central/org/apache/maven/surefire/surefire-providers/2.10/surefire-providers-2.10.pom (3 KB at 6.5 KB/sec)
Downloading: http://maven.mirrors.travis-ci.org/nexus/content/repositories/central/org/apache/maven/surefire/surefire-junit4/2.10/surefire-junit4-2.10.jar
4/33 KB   8/33 KB   9/33 KB   11/33 KB   15/33 KB   19/33 KB   23/33 KB   27/33 KB   28/33 KB   32/33 KB   33/33 KB              Downloaded: http://maven.mirrors.travis-ci.org/nexus/content/repositories/central/org/apache/maven/surefire/surefire-junit4/2.10/surefire-junit4-2.10.jar (33 KB at 65.6 KB/sec)

-------------------------------------------------------
 T E S T S
-------------------------------------------------------
Running dagger.internal.KeysTest
Tests run: 18, Failures: 0, Errors: 0, Skipped: 0, Time elapsed: 0.182 sec
Running dagger.internal.SingletonBindingTest
Tests run: 7, Failures: 0, Errors: 0, Skipped: 0, Time elapsed: 0.012 sec
Running dagger.ExtensionTest
Tests run: 3, Failures: 0, Errors: 0, Skipped: 0, Time elapsed: 0.079 sec
Running dagger.InjectStaticsTest
Tests run: 3, Failures: 0, Errors: 0, Skipped: 0, Time elapsed: 0.014 sec
Running dagger.LazyInjectionTest
Tests run: 5, Failures: 0, Errors: 0, Skipped: 0, Time elapsed: 0.018 sec
Running dagger.InjectionOfLazyTest
Tests run: 4, Failures: 0, Errors: 0, Skipped: 0, Time elapsed: 0.018 sec
Running dagger.SetBindingTest
Tests run: 7, Failures: 0, Errors: 0, Skipped: 0, Time elapsed: 0.055 sec
Running dagger.ModuleIncludesTest
Tests run: 9, Failures: 0, Errors: 0, Skipped: 0, Time elapsed: 0.041 sec
Running dagger.MembersInjectorTest
Tests run: 8, Failures: 0, Errors: 0, Skipped: 0, Time elapsed: 0.04 sec
Running dagger.ProblemDetectorTest
Tests run: 3, Failures: 0, Errors: 0, Skipped: 0, Time elapsed: 0.011 sec
Running dagger.ExtensionWithStateTest
Tests run: 1, Failures: 0, Errors: 0, Skipped: 0, Time elapsed: 0.005 sec
Running dagger.InjectionTest
Tests run: 32, Failures: 0, Errors: 0, Skipped: 0, Time elapsed: 0.173 sec

Results :

Tests run: 100, Failures: 0, Errors: 0, Skipped: 0

[INFO] 
[INFO] --- maven-jar-plugin:2.2:jar (default-jar) @ dagger ---
[INFO] Building jar: /home/travis/build/square/dagger/core/target/dagger-1.0-SNAPSHOT.jar
[INFO] 
[INFO] --- maven-checkstyle-plugin:2.9.1:checkstyle (default) @ dagger ---
[INFO] Starting audit...
Audit done.

[WARNING] Unable to locate Source XRef to link to - DISABLED
[INFO]                                                                         
[INFO] ------------------------------------------------------------------------
[INFO] Building Dagger Compiler 1.0-SNAPSHOT
[INFO] ------------------------------------------------------------------------
[INFO] 
[INFO] --- maven-enforcer-plugin:1.0:enforce (enforce-maven) @ dagger-compiler ---
[INFO] 
[INFO] --- maven-resources-plugin:2.3:resources (default-resources) @ dagger-compiler ---
[INFO] Using 'UTF-8' encoding to copy filtered resources.
[INFO] Copying 1 resource
[INFO] 
[INFO] --- maven-compiler-plugin:3.0:compile (default-compile) @ dagger-compiler ---
[INFO] Changes detected - recompiling the module!
[INFO] Compiling 11 source files to /home/travis/build/square/dagger/compiler/target/classes
[WARNING] bootstrap class path not set in conjunction with -source 1.6
[INFO] 
[INFO] --- maven-resources-plugin:2.3:testResources (default-testResources) @ dagger-compiler ---
[INFO] Using 'UTF-8' encoding to copy filtered resources.
[INFO] skip non existing resourceDirectory /home/travis/build/square/dagger/compiler/src/test/resources
[INFO] 
[INFO] --- maven-compiler-plugin:3.0:testCompile (default-testCompile) @ dagger-compiler ---
[INFO] Changes detected - recompiling the module!
[INFO] Compiling 3 source files to /home/travis/build/square/dagger/compiler/target/test-classes
[WARNING] bootstrap class path not set in conjunction with -source 1.6
[INFO] 
[INFO] --- maven-surefire-plugin:2.10:test (default-test) @ dagger-compiler ---
[INFO] Surefire report directory: /home/travis/build/square/dagger/compiler/target/surefire-reports

-------------------------------------------------------
 T E S T S
-------------------------------------------------------
Running dagger.internal.codegen.DotWriterTest
Tests run: 4, Failures: 0, Errors: 0, Skipped: 0, Time elapsed: 0.096 sec
Running dagger.internal.codegen.GraphVisualizerTest
Tests run: 7, Failures: 0, Errors: 0, Skipped: 0, Time elapsed: 0.05 sec

Results :

Tests run: 11, Failures: 0, Errors: 0, Skipped: 0

[INFO] 
[INFO] --- maven-jar-plugin:2.2:jar (default-jar) @ dagger-compiler ---
[INFO] Building jar: /home/travis/build/square/dagger/compiler/target/dagger-compiler-1.0-SNAPSHOT.jar
[INFO] 
[INFO] --- maven-invoker-plugin:1.7:install (integration-test) @ dagger-compiler ---
[INFO] Installing /home/travis/build/square/dagger/core/pom.xml to /home/travis/build/square/dagger/compiler/target/local-repo/com/squareup/dagger/dagger/1.0-SNAPSHOT/dagger-1.0-SNAPSHOT.pom
[INFO] Installing /home/travis/build/square/dagger/core/target/dagger-1.0-SNAPSHOT.jar to /home/travis/build/square/dagger/compiler/target/local-repo/com/squareup/dagger/dagger/1.0-SNAPSHOT/dagger-1.0-SNAPSHOT.jar
[INFO] Installing /home/travis/build/square/dagger/pom.xml to /home/travis/build/square/dagger/compiler/target/local-repo/com/squareup/dagger/dagger-parent/1.0-SNAPSHOT/dagger-parent-1.0-SNAPSHOT.pom
[INFO] Installing /home/travis/build/square/dagger/compiler/pom.xml to /home/travis/build/square/dagger/compiler/target/local-repo/com/squareup/dagger/dagger-compiler/1.0-SNAPSHOT/dagger-compiler-1.0-SNAPSHOT.pom
[INFO] Installing /home/travis/build/square/dagger/compiler/target/dagger-compiler-1.0-SNAPSHOT.jar to /home/travis/build/square/dagger/compiler/target/local-repo/com/squareup/dagger/dagger-compiler/1.0-SNAPSHOT/dagger-compiler-1.0-SNAPSHOT.jar
[INFO] 
[INFO] --- maven-invoker-plugin:1.7:run (integration-test) @ dagger-compiler ---
[INFO] Building: inner-classes-complaint-injection/pom.xml
[INFO] run script verify.bsh
[INFO] ..SUCCESS (62.9 s)
[INFO] Building: provides-method-with-throws-clause/pom.xml
[INFO] run script verify.bsh
[INFO] ..SUCCESS (8.5 s)
[INFO] Building: multiple-provides-methods/pom.xml
[INFO] run script verify.bsh
[INFO] ..SUCCESS (29.4 s)
[INFO] Building: simple-missing-dependency-failure/pom.xml
[INFO] run script verify.bsh
[INFO] ..SUCCESS (7.8 s)
[INFO] Building: inject-parameterized-type/pom.xml
[INFO] ..SUCCESS (9.0 s)
[INFO] Building: extension-graph/pom.xml
[INFO] ..SUCCESS (9.1 s)
[INFO] Building: include-non-module/pom.xml
[INFO] ..SUCCESS (7.8 s)
[INFO] Building: default-package-injected-type/pom.xml
[INFO] ..SUCCESS (9.8 s)
[INFO] Building: missing-at-inject-constructor/pom.xml
[INFO] run script verify.bsh
[INFO] ..SUCCESS (8.2 s)
[INFO] Building: cyclic-deps/pom.xml
[INFO] run script verify.bsh
[INFO] ..SUCCESS (8.2 s)
[INFO] Building: uninjectable-supertype/pom.xml
[INFO] ..SUCCESS (9.1 s)
[INFO] Building: same-provides-method-name/pom.xml
[INFO] ..SUCCESS (9.6 s)
[INFO] -------------------------------------------------
[INFO] Build Summary:
[INFO]   Passed: 12, Failed: 0, Errors: 0, Skipped: 0
[INFO] -------------------------------------------------
[INFO] 
[INFO] --- maven-checkstyle-plugin:2.9.1:checkstyle (default) @ dagger-compiler ---
[INFO] Starting audit...
Audit done.

[WARNING] Unable to locate Source XRef to link to - DISABLED
[INFO]                                                                         
[INFO] ------------------------------------------------------------------------
[INFO] Building Dagger AndroidManifest.xml Module Generator 1.0-SNAPSHOT
[INFO] ------------------------------------------------------------------------
[INFO] 
[INFO] --- maven-enforcer-plugin:1.0:enforce (enforce-maven) @ dagger-androidmanifest-plugin ---
[INFO] 
[INFO] --- maven-plugin-plugin:2.8:descriptor (default-descriptor) @ dagger-androidmanifest-plugin ---
[WARNING] 

Goal prefix is specified as: 'dagger'. Maven currently expects it to be 'dagger-androidmanifest'.

[INFO] Using 'UTF-8' encoding to read mojo metadata.
[INFO] Applying mojo extractor for language: java
[INFO] Mojo extractor for language: java found 1 mojo descriptors.
[INFO] Applying mojo extractor for language: bsh
[INFO] Mojo extractor for language: bsh found 0 mojo descriptors.
[INFO] 
[INFO] --- maven-resources-plugin:2.3:resources (default-resources) @ dagger-androidmanifest-plugin ---
[INFO] Using 'UTF-8' encoding to copy filtered resources.
[INFO] skip non existing resourceDirectory /home/travis/build/square/dagger/androidmanifest/src/main/resources
[INFO] 
[INFO] --- maven-compiler-plugin:3.0:compile (default-compile) @ dagger-androidmanifest-plugin ---
[INFO] Changes detected - recompiling the module!
[INFO] Compiling 3 source files to /home/travis/build/square/dagger/androidmanifest/target/classes
[WARNING] bootstrap class path not set in conjunction with -source 1.6
[INFO] 
[INFO] --- maven-resources-plugin:2.3:testResources (default-testResources) @ dagger-androidmanifest-plugin ---
[INFO] Using 'UTF-8' encoding to copy filtered resources.
[INFO] skip non existing resourceDirectory /home/travis/build/square/dagger/androidmanifest/src/test/resources
[INFO] 
[INFO] --- maven-compiler-plugin:3.0:testCompile (default-testCompile) @ dagger-androidmanifest-plugin ---
[INFO] Changes detected - recompiling the module!
[INFO] Compiling 1 source file to /home/travis/build/square/dagger/androidmanifest/target/test-classes
[WARNING] bootstrap class path not set in conjunction with -source 1.6
[WARNING] No processor claimed any of these annotations: org.junit.Test,org.junit.runner.RunWith
[INFO] 
[INFO] --- maven-surefire-plugin:2.10:test (default-test) @ dagger-androidmanifest-plugin ---
[INFO] Surefire report directory: /home/travis/build/square/dagger/androidmanifest/target/surefire-reports

-------------------------------------------------------
 T E S T S
-------------------------------------------------------
Running dagger.androidmanifest.ModuleGeneratorTest
Tests run: 9, Failures: 0, Errors: 0, Skipped: 0, Time elapsed: 0.206 sec

Results :

Tests run: 9, Failures: 0, Errors: 0, Skipped: 0

[INFO] 
[INFO] --- maven-jar-plugin:2.2:jar (default-jar) @ dagger-androidmanifest-plugin ---
[INFO] Building jar: /home/travis/build/square/dagger/androidmanifest/target/dagger-androidmanifest-plugin-1.0-SNAPSHOT.jar
[INFO] 
[INFO] --- maven-plugin-plugin:2.8:addPluginArtifactMetadata (default-addPluginArtifactMetadata) @ dagger-androidmanifest-plugin ---
[INFO] 
[INFO] --- maven-checkstyle-plugin:2.9.1:checkstyle (default) @ dagger-androidmanifest-plugin ---
[INFO] Starting audit...
Audit done.

[WARNING] Unable to locate Source XRef to link to - DISABLED
[INFO]                                                                         
[INFO] ------------------------------------------------------------------------
[INFO] Building Dagger Example (Parent) 1.0-SNAPSHOT
[INFO] ------------------------------------------------------------------------
[INFO] 
[INFO] --- maven-enforcer-plugin:1.0:enforce (enforce-maven) @ dagger-example-parent ---
[INFO] 
[INFO] --- maven-checkstyle-plugin:2.9.1:checkstyle (default) @ dagger-example-parent ---
[INFO]                                                                         
[INFO] ------------------------------------------------------------------------
[INFO] Building Dagger Example - Simple 1.0-SNAPSHOT
[INFO] ------------------------------------------------------------------------
[INFO] 
[INFO] --- maven-enforcer-plugin:1.0:enforce (enforce-maven) @ simple-dagger-example ---
[INFO] 
[INFO] --- maven-resources-plugin:2.3:resources (default-resources) @ simple-dagger-example ---
[INFO] Using 'UTF-8' encoding to copy filtered resources.
[INFO] skip non existing resourceDirectory /home/travis/build/square/dagger/examples/simple/src/main/resources
[INFO] 
[INFO] --- maven-compiler-plugin:3.0:compile (default-compile) @ simple-dagger-example ---
[INFO] Changes detected - recompiling the module!
[INFO] Compiling 8 source files to /home/travis/build/square/dagger/examples/simple/target/classes
[INFO] 
[INFO] --- maven-resources-plugin:2.3:testResources (default-testResources) @ simple-dagger-example ---
[INFO] Using 'UTF-8' encoding to copy filtered resources.
[INFO] skip non existing resourceDirectory /home/travis/build/square/dagger/examples/simple/src/test/resources
[INFO] 
[INFO] --- maven-compiler-plugin:3.0:testCompile (default-testCompile) @ simple-dagger-example ---
[INFO] No sources to compile
[INFO] 
[INFO] --- maven-surefire-plugin:2.10:test (default-test) @ simple-dagger-example ---
[INFO] No tests to run.
[INFO] Surefire report directory: /home/travis/build/square/dagger/examples/simple/target/surefire-reports
Downloading: http://maven.mirrors.travis-ci.org/nexus/content/repositories/central/org/apache/maven/surefire/surefire-junit3/2.10/surefire-junit3-2.10.pom
2/2 KB              Downloaded: http://maven.mirrors.travis-ci.org/nexus/content/repositories/central/org/apache/maven/surefire/surefire-junit3/2.10/surefire-junit3-2.10.pom (2 KB at 3.1 KB/sec)
Downloading: http://maven.mirrors.travis-ci.org/nexus/content/repositories/central/org/apache/maven/surefire/surefire-junit3/2.10/surefire-junit3-2.10.jar
4/26 KB   8/26 KB   9/26 KB   13/26 KB   17/26 KB   21/26 KB   23/26 KB   26/26 KB              Downloaded: http://maven.mirrors.travis-ci.org/nexus/content/repositories/central/org/apache/maven/surefire/surefire-junit3/2.10/surefire-junit3-2.10.jar (26 KB at 51.2 KB/sec)

-------------------------------------------------------
 T E S T S
-------------------------------------------------------

Results :

Tests run: 0, Failures: 0, Errors: 0, Skipped: 0

[INFO] 
[INFO] --- maven-jar-plugin:2.2:jar (default-jar) @ simple-dagger-example ---
[INFO] Building jar: /home/travis/build/square/dagger/examples/simple/target/simple-dagger-example-1.0-SNAPSHOT.jar
[INFO] 
[INFO] --- maven-checkstyle-plugin:2.9.1:checkstyle (default) @ simple-dagger-example ---
[INFO] Starting audit...
Audit done.

[WARNING] Unable to locate Source XRef to link to - DISABLED
[INFO] ------------------------------------------------------------------------
[INFO] Reactor Summary:
[INFO] 
[INFO] Dagger (Parent) ................................... SUCCESS [2.550s]
[INFO] Dagger ............................................ SUCCESS [9.599s]
[INFO] Dagger Compiler ................................... SUCCESS [3:03.254s]
[INFO] Dagger AndroidManifest.xml Module Generator ....... SUCCESS [3.166s]
[INFO] Dagger Example (Parent) ........................... SUCCESS [0.008s]
[INFO] Dagger Example - Simple ........................... SUCCESS [3.108s]
[INFO] ------------------------------------------------------------------------
[INFO] BUILD SUCCESS
[INFO] ------------------------------------------------------------------------
[INFO] Total time: 3:22.260s
[INFO] Finished at: Sun Mar 24 23:44:52 UTC 2013
[INFO] Final Memory: 28M/118M
[INFO] ------------------------------------------------------------------------

The command "mvn verify" exited with 0.

Done. Your build exited with 0.
