Using worker: bluebox-linux-5.worker.travis-ci.org:travis-linux-15

travis_fold:start:git.1$ git clone --depth=50 --branch=jw/privates git://github.com/square/dagger.git square/dagger
Cloning into 'square/dagger'...
remote: Counting objects: 3500, done.[K
remote: Compressing objects:   0% (1/1389)   [Kremote: Compressing objects:   1% (14/1389)   [Kremote: Compressing objects:   2% (28/1389)   [Kremote: Compressing objects:   3% (42/1389)   [Kremote: Compressing objects:   4% (56/1389)   [Kremote: Compressing objects:   5% (70/1389)   [Kremote: Compressing objects:   6% (84/1389)   [Kremote: Compressing objects:   7% (98/1389)   [Kremote: Compressing objects:   8% (112/1389)   [Kremote: Compressing objects:   9% (126/1389)   [Kremote: Compressing objects:  10% (139/1389)   [Kremote: Compressing objects:  11% (153/1389)   [Kremote: Compressing objects:  12% (167/1389)   [Kremote: Compressing objects:  13% (181/1389)   [Kremote: Compressing objects:  14% (195/1389)   [Kremote: Compressing objects:  15% (209/1389)   [Kremote: Compressing objects:  16% (223/1389)   [Kremote: Compressing objects:  17% (237/1389)   [Kremote: Compressing objects:  18% (251/1389)   [Kremote: Compressing objects:  19% (264/1389)   [Kremote: Compressing objects:  20% (278/1389)   [Kremote: Compressing objects:  21% (292/1389)   [Kremote: Compressing objects:  22% (306/1389)   [Kremote: Compressing objects:  23% (320/1389)   [Kremote: Compressing objects:  24% (334/1389)   [Kremote: Compressing objects:  25% (348/1389)   [Kremote: Compressing objects:  26% (362/1389)   [Kremote: Compressing objects:  27% (376/1389)   [Kremote: Compressing objects:  28% (389/1389)   [Kremote: Compressing objects:  29% (403/1389)   [Kremote: Compressing objects:  30% (417/1389)   [Kremote: Compressing objects:  31% (431/1389)   [Kremote: Compressing objects:  32% (445/1389)   [Kremote: Compressing objects:  33% (459/1389)   [Kremote: Compressing objects:  34% (473/1389)   [Kremote: Compressing objects:  35% (487/1389)   [Kremote: Compressing objects:  36% (501/1389)   [Kremote: Compressing objects:  37% (514/1389)   [Kremote: Compressing objects:  38% (528/1389)   [Kremote: Compressing objects:  39% (542/1389)   [Kremote: Compressing objects:  40% (556/1389)   [Kremote: Compressing objects:  41% (570/1389)   [Kremote: Compressing objects:  42% (584/1389)   [Kremote: Compressing objects:  43% (598/1389)   [Kremote: Compressing objects:  44% (612/1389)   [Kremote: Compressing objects:  45% (626/1389)   [Kremote: Compressing objects:  46% (639/1389)   [Kremote: Compressing objects:  47% (653/1389)   [Kremote: Compressing objects:  48% (667/1389)   [Kremote: Compressing objects:  49% (681/1389)   [Kremote: Compressing objects:  50% (695/1389)   [Kremote: Compressing objects:  51% (709/1389)   [Kremote: Compressing objects:  52% (723/1389)   [Kremote: Compressing objects:  53% (737/1389)   [Kremote: Compressing objects:  54% (751/1389)   [Kremote: Compressing objects:  55% (764/1389)   [Kremote: Compressing objects:  56% (778/1389)   [Kremote: Compressing objects:  57% (792/1389)   [Kremote: Compressing objects:  58% (806/1389)   [Kremote: Compressing objects:  59% (820/1389)   [Kremote: Compressing objects:  60% (834/1389)   [Kremote: Compressing objects:  61% (848/1389)   [Kremote: Compressing objects:  62% (862/1389)   [Kremote: Compressing objects:  63% (876/1389)   [Kremote: Compressing objects:  64% (889/1389)   [Kremote: Compressing objects:  65% (903/1389)   [Kremote: Compressing objects:  66% (917/1389)   [Kremote: Compressing objects:  67% (931/1389)   [Kremote: Compressing objects:  68% (945/1389)   [Kremote: Compressing objects:  69% (959/1389)   [Kremote: Compressing objects:  70% (973/1389)   [Kremote: Compressing objects:  71% (987/1389)   [Kremote: Compressing objects:  72% (1001/1389)   [Kremote: Compressing objects:  73% (1014/1389)   [Kremote: Compressing objects:  74% (1028/1389)   [Kremote: Compressing objects:  75% (1042/1389)   [Kremote: Compressing objects:  76% (1056/1389)   [Kremote: Compressing objects:  77% (1070/1389)   [Kremote: Compressing objects:  78% (1084/1389)   [Kremote: Compressing objects:  79% (1098/1389)   [Kremote: Compressing objects:  80% (1112/1389)   [Kremote: Compressing objects:  81% (1126/1389)   [Kremote: Compressing objects:  82% (1139/1389)   [Kremote: Compressing objects:  83% (1153/1389)   [Kremote: Compressing objects:  84% (1167/1389)   [Kremote: Compressing objects:  85% (1181/1389)   [Kremote: Compressing objects:  86% (1195/1389)   [Kremote: Compressing objects:  87% (1209/1389)   [Kremote: Compressing objects:  88% (1223/1389)   [Kremote: Compressing objects:  89% (1237/1389)   [Kremote: Compressing objects:  90% (1251/1389)   [Kremote: Compressing objects:  91% (1264/1389)   [Kremote: Compressing objects:  92% (1278/1389)   [Kremote: Compressing objects:  93% (1292/1389)   [Kremote: Compressing objects:  94% (1306/1389)   [Kremote: Compressing objects:  95% (1320/1389)   [Kremote: Compressing objects:  96% (1334/1389)   [Kremote: Compressing objects:  97% (1348/1389)   [Kremote: Compressing objects:  98% (1362/1389)   [Kremote: Compressing objects:  99% (1376/1389)   [Kremote: Compressing objects: 100% (1389/1389)   [Kremote: Compressing objects: 100% (1389/1389), done.[K
Receiving objects:   0% (1/3500)   Receiving objects:   1% (35/3500)   Receiving objects:   2% (70/3500)   Receiving objects:   3% (105/3500)   Receiving objects:   4% (140/3500)   Receiving objects:   5% (175/3500)   Receiving objects:   6% (210/3500)   Receiving objects:   7% (245/3500)   Receiving objects:   8% (280/3500)   Receiving objects:   9% (315/3500)   Receiving objects:  10% (350/3500)   Receiving objects:  11% (385/3500)   Receiving objects:  12% (420/3500)   Receiving objects:  13% (455/3500)   Receiving objects:  14% (490/3500)   Receiving objects:  15% (525/3500)   Receiving objects:  16% (560/3500)   Receiving objects:  17% (595/3500)   Receiving objects:  18% (630/3500)   Receiving objects:  19% (665/3500)   Receiving objects:  20% (700/3500)   Receiving objects:  21% (735/3500)   Receiving objects:  22% (770/3500)   Receiving objects:  23% (805/3500)   Receiving objects:  24% (840/3500)   Receiving objects:  25% (875/3500)   Receiving objects:  26% (910/3500)   Receiving objects:  27% (945/3500)   Receiving objects:  28% (980/3500)   Receiving objects:  29% (1015/3500)   Receiving objects:  30% (1050/3500)   Receiving objects:  31% (1085/3500)   Receiving objects:  32% (1120/3500)   Receiving objects:  33% (1155/3500)   Receiving objects:  34% (1190/3500)   Receiving objects:  35% (1225/3500)   Receiving objects:  36% (1260/3500)   Receiving objects:  37% (1295/3500)   Receiving objects:  38% (1330/3500)   Receiving objects:  39% (1365/3500)   Receiving objects:  40% (1400/3500)   Receiving objects:  41% (1435/3500)   Receiving objects:  42% (1470/3500)   Receiving objects:  43% (1505/3500)   Receiving objects:  44% (1540/3500)   Receiving objects:  45% (1575/3500)   Receiving objects:  46% (1610/3500)   Receiving objects:  47% (1645/3500)   Receiving objects:  48% (1680/3500)   Receiving objects:  49% (1715/3500)   Receiving objects:  50% (1750/3500)   Receiving objects:  51% (1785/3500)   Receiving objects:  52% (1820/3500)   Receiving objects:  53% (1855/3500)   Receiving objects:  54% (1890/3500)   Receiving objects:  55% (1925/3500)   Receiving objects:  56% (1960/3500)   Receiving objects:  57% (1995/3500)   Receiving objects:  58% (2030/3500)   Receiving objects:  59% (2065/3500)   Receiving objects:  60% (2100/3500)   Receiving objects:  61% (2135/3500)   Receiving objects:  62% (2170/3500)   Receiving objects:  63% (2205/3500)   Receiving objects:  64% (2240/3500)   Receiving objects:  65% (2275/3500)   Receiving objects:  66% (2310/3500)   Receiving objects:  67% (2345/3500)   Receiving objects:  68% (2380/3500)   Receiving objects:  69% (2415/3500)   Receiving objects:  70% (2450/3500)   Receiving objects:  71% (2485/3500)   Receiving objects:  72% (2520/3500)   Receiving objects:  73% (2555/3500)   Receiving objects:  74% (2590/3500)   Receiving objects:  75% (2625/3500)   Receiving objects:  76% (2660/3500)   Receiving objects:  77% (2695/3500)   Receiving objects:  78% (2730/3500)   Receiving objects:  79% (2765/3500)   Receiving objects:  80% (2800/3500)   Receiving objects:  81% (2835/3500)   Receiving objects:  82% (2870/3500)   Receiving objects:  83% (2905/3500)   Receiving objects:  84% (2940/3500)   Receiving objects:  85% (2975/3500)   Receiving objects:  86% (3010/3500)   Receiving objects:  87% (3045/3500)   Receiving objects:  88% (3080/3500)   Receiving objects:  89% (3115/3500)   Receiving objects:  90% (3150/3500)   Receiving objects:  91% (3185/3500)   Receiving objects:  92% (3220/3500)   Receiving objects:  93% (3255/3500)   Receiving objects:  94% (3290/3500)   remote: Total 3500 (delta 1433), reused 3274 (delta 1260)[K
Receiving objects:  95% (3325/3500)   Receiving objects:  96% (3360/3500)   Receiving objects:  97% (3395/3500)   Receiving objects:  98% (3430/3500)   Receiving objects:  99% (3465/3500)   Receiving objects: 100% (3500/3500)   Receiving objects: 100% (3500/3500), 613.26 KiB, done.
Resolving deltas:   0% (0/1433)   Resolving deltas:   1% (22/1433)   Resolving deltas:   2% (36/1433)   Resolving deltas:   8% (127/1433)   Resolving deltas:   9% (132/1433)   Resolving deltas:  10% (157/1433)   Resolving deltas:  11% (160/1433)   Resolving deltas:  12% (174/1433)   Resolving deltas:  13% (198/1433)   Resolving deltas:  14% (212/1433)   Resolving deltas:  15% (228/1433)   Resolving deltas:  16% (232/1433)   Resolving deltas:  17% (257/1433)   Resolving deltas:  18% (259/1433)   Resolving deltas:  21% (310/1433)   Resolving deltas:  23% (331/1433)   Resolving deltas:  26% (381/1433)   Resolving deltas:  28% (413/1433)   Resolving deltas:  29% (421/1433)   Resolving deltas:  30% (434/1433)   Resolving deltas:  31% (456/1433)   Resolving deltas:  32% (464/1433)   Resolving deltas:  33% (478/1433)   Resolving deltas:  34% (488/1433)   Resolving deltas:  36% (529/1433)   Resolving deltas:  37% (535/1433)   Resolving deltas:  39% (564/1433)   Resolving deltas:  41% (592/1433)   Resolving deltas:  42% (605/1433)   Resolving deltas:  44% (637/1433)   Resolving deltas:  46% (668/1433)   Resolving deltas:  47% (677/1433)   Resolving deltas:  48% (689/1433)   Resolving deltas:  49% (706/1433)   Resolving deltas:  50% (719/1433)   Resolving deltas:  51% (734/1433)   Resolving deltas:  52% (750/1433)   Resolving deltas:  53% (765/1433)   Resolving deltas:  55% (793/1433)   Resolving deltas:  57% (828/1433)   Resolving deltas:  58% (833/1433)   Resolving deltas:  59% (849/1433)   Resolving deltas:  60% (860/1433)   Resolving deltas:  62% (894/1433)   Resolving deltas:  63% (903/1433)   Resolving deltas:  64% (926/1433)   Resolving deltas:  65% (932/1433)   Resolving deltas:  66% (946/1433)   Resolving deltas:  70% (1006/1433)   Resolving deltas:  71% (1026/1433)   Resolving deltas:  72% (1042/1433)   Resolving deltas:  73% (1047/1433)   Resolving deltas:  74% (1067/1433)   Resolving deltas:  75% (1075/1433)   Resolving deltas:  77% (1113/1433)   Resolving deltas:  78% (1126/1433)   Resolving deltas:  79% (1139/1433)   Resolving deltas:  80% (1155/1433)   Resolving deltas:  82% (1182/1433)   Resolving deltas:  84% (1205/1433)   Resolving deltas:  85% (1225/1433)   Resolving deltas:  86% (1242/1433)   Resolving deltas:  87% (1258/1433)   Resolving deltas:  89% (1277/1433)   Resolving deltas:  90% (1290/1433)   Resolving deltas:  91% (1308/1433)   Resolving deltas:  93% (1336/1433)   Resolving deltas:  94% (1354/1433)   Resolving deltas:  95% (1365/1433)   Resolving deltas:  96% (1381/1433)   Resolving deltas:  97% (1395/1433)   Resolving deltas:  98% (1405/1433)   Resolving deltas:  99% (1419/1433)   Resolving deltas: 100% (1433/1433)   Resolving deltas: 100% (1433/1433), done.
travis_fold:end:git.1$ cd square/dagger
travis_fold:start:git.2$ git checkout -qf e332b64a7194564cc0448daa7f4eb56836323771
travis_fold:end:git.2$ java -version
java version "1.7.0_15"
OpenJDK Runtime Environment (IcedTea7 2.3.7) (7u15-2.3.7-0ubuntu1~12.04.1)
OpenJDK 64-Bit Server VM (build 23.7-b01, mixed mode)
$ javac -version
javac 1.7.0_15
travis_fold:start:install$ mvn install clean --fail-never --quiet -DskipTests=true -Dinvoker.skip=true
travis_fold:end:install$ mvn verify
[INFO] Scanning for projects...
[INFO] ------------------------------------------------------------------------
[INFO] Reactor Build Order:
[INFO] 
[INFO] Dagger (Parent)
[INFO] Dagger
[INFO] Dagger Compiler
[INFO] Dagger AndroidManifest.xml Module Generator
[INFO] Dagger Example (Parent)
[INFO] Dagger Example - Simple
[INFO]                                                                         
[INFO] ------------------------------------------------------------------------
[INFO] Building Dagger (Parent) 1.0-SNAPSHOT
[INFO] ------------------------------------------------------------------------
[INFO] 
[INFO] --- maven-enforcer-plugin:1.0:enforce (enforce-maven) @ dagger-parent ---
[INFO] 
[INFO] --- maven-checkstyle-plugin:2.10:checkstyle (default) @ dagger-parent ---
[INFO]                                                                         
[INFO] ------------------------------------------------------------------------
[INFO] Building Dagger 1.0-SNAPSHOT
[INFO] ------------------------------------------------------------------------
[INFO] 
[INFO] --- maven-enforcer-plugin:1.0:enforce (enforce-maven) @ dagger ---
[INFO] 
[INFO] --- maven-resources-plugin:2.3:resources (default-resources) @ dagger ---
[INFO] Using 'UTF-8' encoding to copy filtered resources.
[INFO] skip non existing resourceDirectory /home/travis/build/square/dagger/core/src/main/resources
[INFO] 
[INFO] --- maven-compiler-plugin:3.0:compile (default-compile) @ dagger ---
[INFO] Changes detected - recompiling the module!
[INFO] Compiling 24 source files to /home/travis/build/square/dagger/core/target/classes
[WARNING] bootstrap class path not set in conjunction with -source 1.6
[WARNING] /home/travis/build/square/dagger/core/src/main/java/dagger/internal/UniqueMap.java:[24,8] serializable class dagger.internal.UniqueMap has no definition of serialVersionUID
[WARNING] /home/travis/build/square/dagger/core/src/main/java/dagger/internal/plugins/reflect/ReflectiveModuleAdapter.java:[122,24] found raw type: dagger.internal.Binding
  missing type arguments for generic class dagger.internal.Binding<T>
[INFO] 
[INFO] --- maven-resources-plugin:2.3:testResources (default-testResources) @ dagger ---
[INFO] Using 'UTF-8' encoding to copy filtered resources.
[INFO] skip non existing resourceDirectory /home/travis/build/square/dagger/core/src/test/resources
[INFO] 
[INFO] --- maven-compiler-plugin:3.0:testCompile (default-testCompile) @ dagger ---
[INFO] Changes detected - recompiling the module!
[INFO] Compiling 13 source files to /home/travis/build/square/dagger/core/target/test-classes
[WARNING] bootstrap class path not set in conjunction with -source 1.6
[INFO] 
[INFO] --- maven-surefire-plugin:2.10:test (default-test) @ dagger ---
[INFO] Surefire report directory: /home/travis/build/square/dagger/core/target/surefire-reports
Downloading: http://maven.mirrors.travis-ci.org/nexus/content/repositories/central/org/apache/maven/surefire/surefire-junit4/2.10/surefire-junit4-2.10.pom
3/3 KB            Downloaded: http://maven.mirrors.travis-ci.org/nexus/content/repositories/central/org/apache/maven/surefire/surefire-junit4/2.10/surefire-junit4-2.10.pom (3 KB at 4.0 KB/sec)
Downloading: http://maven.mirrors.travis-ci.org/nexus/content/repositories/central/org/apache/maven/surefire/surefire-providers/2.10/surefire-providers-2.10.pom
3/3 KB            Downloaded: http://maven.mirrors.travis-ci.org/nexus/content/repositories/central/org/apache/maven/surefire/surefire-providers/2.10/surefire-providers-2.10.pom (3 KB at 7.0 KB/sec)
Downloading: http://maven.mirrors.travis-ci.org/nexus/content/repositories/central/org/apache/maven/surefire/surefire-junit4/2.10/surefire-junit4-2.10.jar
4/33 KB   8/33 KB   9/33 KB   13/33 KB   17/33 KB   21/33 KB   23/33 KB   27/33 KB   31/33 KB   33/33 KB              Downloaded: http://maven.mirrors.travis-ci.org/nexus/content/repositories/central/org/apache/maven/surefire/surefire-junit4/2.10/surefire-junit4-2.10.jar (33 KB at 61.8 KB/sec)

-------------------------------------------------------
 T E S T S
-------------------------------------------------------
Running dagger.MembersInjectorTest
Tests run: 8, Failures: 0, Errors: 0, Skipped: 0, Time elapsed: 0.203 sec
Running dagger.LazyInjectionTest
Tests run: 5, Failures: 0, Errors: 0, Skipped: 0, Time elapsed: 0.016 sec
Running dagger.InjectStaticsTest
Tests run: 3, Failures: 0, Errors: 0, Skipped: 0, Time elapsed: 0.027 sec
Running dagger.ProblemDetectorTest
Tests run: 3, Failures: 0, Errors: 0, Skipped: 0, Time elapsed: 0.018 sec
Running dagger.internal.KeysTest
Tests run: 18, Failures: 0, Errors: 0, Skipped: 0, Time elapsed: 0.057 sec
Running dagger.internal.SingletonBindingTest
Tests run: 7, Failures: 0, Errors: 0, Skipped: 0, Time elapsed: 0.003 sec
Running dagger.ExtensionWithStateTest
Tests run: 1, Failures: 0, Errors: 0, Skipped: 0, Time elapsed: 0.006 sec
Running dagger.InjectionOfLazyTest
Tests run: 4, Failures: 0, Errors: 0, Skipped: 0, Time elapsed: 0.018 sec
Running dagger.SetBindingTest
Tests run: 7, Failures: 0, Errors: 0, Skipped: 0, Time elapsed: 0.059 sec
Running dagger.ExtensionTest
Tests run: 3, Failures: 0, Errors: 0, Skipped: 0, Time elapsed: 0.024 sec
Running dagger.ModuleIncludesTest
Tests run: 9, Failures: 0, Errors: 0, Skipped: 0, Time elapsed: 0.041 sec
Running dagger.ThreadSafetyTest
Tests run: 2, Failures: 0, Errors: 0, Skipped: 0, Time elapsed: 0.061 sec
Running dagger.InjectionTest
Tests run: 34, Failures: 0, Errors: 0, Skipped: 0, Time elapsed: 0.164 sec

Results :

Tests run: 104, Failures: 0, Errors: 0, Skipped: 0

[INFO] 
[INFO] --- maven-jar-plugin:2.2:jar (default-jar) @ dagger ---
[INFO] Building jar: /home/travis/build/square/dagger/core/target/dagger-1.0-SNAPSHOT.jar
[INFO] 
[INFO] --- maven-checkstyle-plugin:2.10:checkstyle (default) @ dagger ---
[INFO] Starting audit...
Audit done.

[WARNING] Unable to locate Source XRef to link to - DISABLED
[INFO]                                                                         
[INFO] ------------------------------------------------------------------------
[INFO] Building Dagger Compiler 1.0-SNAPSHOT
[INFO] ------------------------------------------------------------------------
[INFO] 
[INFO] --- maven-enforcer-plugin:1.0:enforce (enforce-maven) @ dagger-compiler ---
[INFO] 
[INFO] --- maven-resources-plugin:2.3:resources (default-resources) @ dagger-compiler ---
[INFO] Using 'UTF-8' encoding to copy filtered resources.
[INFO] Copying 1 resource
[INFO] 
[INFO] --- maven-compiler-plugin:3.0:compile (default-compile) @ dagger-compiler ---
[INFO] Changes detected - recompiling the module!
[INFO] Compiling 11 source files to /home/travis/build/square/dagger/compiler/target/classes
[WARNING] bootstrap class path not set in conjunction with -source 1.6
[INFO] 
[INFO] --- maven-resources-plugin:2.3:testResources (default-testResources) @ dagger-compiler ---
[INFO] Using 'UTF-8' encoding to copy filtered resources.
[INFO] skip non existing resourceDirectory /home/travis/build/square/dagger/compiler/src/test/resources
[INFO] 
[INFO] --- maven-compiler-plugin:3.0:testCompile (default-testCompile) @ dagger-compiler ---
[INFO] Changes detected - recompiling the module!
[INFO] Compiling 3 source files to /home/travis/build/square/dagger/compiler/target/test-classes
[WARNING] bootstrap class path not set in conjunction with -source 1.6
[INFO] 
[INFO] --- maven-surefire-plugin:2.10:test (default-test) @ dagger-compiler ---
[INFO] Surefire report directory: /home/travis/build/square/dagger/compiler/target/surefire-reports

-------------------------------------------------------
 T E S T S
-------------------------------------------------------
Running dagger.internal.codegen.GraphVisualizerTest
Tests run: 7, Failures: 0, Errors: 0, Skipped: 0, Time elapsed: 0.146 sec
Running dagger.internal.codegen.DotWriterTest
Tests run: 4, Failures: 0, Errors: 0, Skipped: 0, Time elapsed: 0.015 sec

Results :

Tests run: 11, Failures: 0, Errors: 0, Skipped: 0

[INFO] 
[INFO] --- maven-jar-plugin:2.2:jar (default-jar) @ dagger-compiler ---
[INFO] Building jar: /home/travis/build/square/dagger/compiler/target/dagger-compiler-1.0-SNAPSHOT.jar
[INFO] 
[INFO] --- maven-invoker-plugin:1.7:install (integration-test) @ dagger-compiler ---
[INFO] Installing /home/travis/build/square/dagger/core/pom.xml to /home/travis/build/square/dagger/compiler/target/local-repo/com/squareup/dagger/dagger/1.0-SNAPSHOT/dagger-1.0-SNAPSHOT.pom
[INFO] Installing /home/travis/build/square/dagger/core/target/dagger-1.0-SNAPSHOT.jar to /home/travis/build/square/dagger/compiler/target/local-repo/com/squareup/dagger/dagger/1.0-SNAPSHOT/dagger-1.0-SNAPSHOT.jar
[INFO] Installing /home/travis/build/square/dagger/pom.xml to /home/travis/build/square/dagger/compiler/target/local-repo/com/squareup/dagger/dagger-parent/1.0-SNAPSHOT/dagger-parent-1.0-SNAPSHOT.pom
[INFO] Installing /home/travis/build/square/dagger/compiler/pom.xml to /home/travis/build/square/dagger/compiler/target/local-repo/com/squareup/dagger/dagger-compiler/1.0-SNAPSHOT/dagger-compiler-1.0-SNAPSHOT.pom
[INFO] Installing /home/travis/build/square/dagger/compiler/target/dagger-compiler-1.0-SNAPSHOT.jar to /home/travis/build/square/dagger/compiler/target/local-repo/com/squareup/dagger/dagger-compiler/1.0-SNAPSHOT/dagger-compiler-1.0-SNAPSHOT.jar
[INFO] 
[INFO] --- maven-invoker-plugin:1.7:run (integration-test) @ dagger-compiler ---
[INFO] Building: default-package-injected-type/pom.xml
[INFO] ..SUCCESS (79.1 s)
[INFO] Building: private-inject/pom.xml
[INFO] run script verify.bsh
[INFO] ..SUCCESS (7.5 s)
[INFO] Building: cyclic-deps/pom.xml
[INFO] run script verify.bsh
[INFO] ..SUCCESS (8.2 s)
[INFO] Building: uninjectable-supertype/pom.xml
[INFO] ..SUCCESS (9.1 s)
[INFO] Building: provides-method-with-throws-clause/pom.xml
[INFO] run script verify.bsh
[INFO] ..SUCCESS (7.8 s)
[INFO] Building: method-injection/pom.xml
[INFO] run script verify.bsh
[INFO] ..SUCCESS (7.5 s)
[INFO] Building: inner-classes-complaint-injection/pom.xml
[INFO] run script verify.bsh
[INFO] ..SUCCESS (7.4 s)
[INFO] Building: include-non-module/pom.xml
[INFO] ..SUCCESS (7.7 s)
[INFO] Building: inject-parameterized-type/pom.xml
[INFO] ..SUCCESS (9.1 s)
[INFO] Building: simple-missing-dependency-failure/pom.xml
[INFO] run script verify.bsh
[INFO] ..SUCCESS (7.7 s)
[INFO] Building: extension-graph/pom.xml
[INFO] ..SUCCESS (8.9 s)
[INFO] Building: same-provides-method-name/pom.xml
[INFO] ..SUCCESS (8.8 s)
[INFO] Building: multiple-provides-methods/pom.xml
[INFO] run script verify.bsh
[INFO] ..SUCCESS (8.9 s)
[INFO] Building: missing-at-inject-constructor/pom.xml
[INFO] run script verify.bsh
[INFO] ..SUCCESS (7.6 s)
[INFO] -------------------------------------------------
[INFO] Build Summary:
[INFO]   Passed: 14, Failed: 0, Errors: 0, Skipped: 0
[INFO] -------------------------------------------------
[INFO] 
[INFO] --- maven-checkstyle-plugin:2.10:checkstyle (default) @ dagger-compiler ---
[INFO] Starting audit...
Audit done.

[WARNING] Unable to locate Source XRef to link to - DISABLED
[INFO]                                                                         
[INFO] ------------------------------------------------------------------------
[INFO] Building Dagger AndroidManifest.xml Module Generator 1.0-SNAPSHOT
[INFO] ------------------------------------------------------------------------
[INFO] 
[INFO] --- maven-enforcer-plugin:1.0:enforce (enforce-maven) @ dagger-androidmanifest-plugin ---
[INFO] 
[INFO] --- maven-plugin-plugin:2.8:descriptor (default-descriptor) @ dagger-androidmanifest-plugin ---
[WARNING] 

Goal prefix is specified as: 'dagger'. Maven currently expects it to be 'dagger-androidmanifest'.

[INFO] Using 'UTF-8' encoding to read mojo metadata.
[INFO] Applying mojo extractor for language: java
[INFO] Mojo extractor for language: java found 1 mojo descriptors.
[INFO] Applying mojo extractor for language: bsh
[INFO] Mojo extractor for language: bsh found 0 mojo descriptors.
[INFO] 
[INFO] --- maven-resources-plugin:2.3:resources (default-resources) @ dagger-androidmanifest-plugin ---
[INFO] Using 'UTF-8' encoding to copy filtered resources.
[INFO] skip non existing resourceDirectory /home/travis/build/square/dagger/androidmanifest/src/main/resources
[INFO] 
[INFO] --- maven-compiler-plugin:3.0:compile (default-compile) @ dagger-androidmanifest-plugin ---
[INFO] Changes detected - recompiling the module!
[INFO] Compiling 3 source files to /home/travis/build/square/dagger/androidmanifest/target/classes
[WARNING] bootstrap class path not set in conjunction with -source 1.6
[INFO] 
[INFO] --- maven-resources-plugin:2.3:testResources (default-testResources) @ dagger-androidmanifest-plugin ---
[INFO] Using 'UTF-8' encoding to copy filtered resources.
[INFO] skip non existing resourceDirectory /home/travis/build/square/dagger/androidmanifest/src/test/resources
[INFO] 
[INFO] --- maven-compiler-plugin:3.0:testCompile (default-testCompile) @ dagger-androidmanifest-plugin ---
[INFO] Changes detected - recompiling the module!
[INFO] Compiling 1 source file to /home/travis/build/square/dagger/androidmanifest/target/test-classes
[WARNING] bootstrap class path not set in conjunction with -source 1.6
[WARNING] No processor claimed any of these annotations: org.junit.Test,org.junit.runner.RunWith
[INFO] 
[INFO] --- maven-surefire-plugin:2.10:test (default-test) @ dagger-androidmanifest-plugin ---
[INFO] Surefire report directory: /home/travis/build/square/dagger/androidmanifest/target/surefire-reports

-------------------------------------------------------
 T E S T S
-------------------------------------------------------
Running dagger.androidmanifest.ModuleGeneratorTest
Tests run: 9, Failures: 0, Errors: 0, Skipped: 0, Time elapsed: 0.199 sec

Results :

Tests run: 9, Failures: 0, Errors: 0, Skipped: 0

[INFO] 
[INFO] --- maven-jar-plugin:2.2:jar (default-jar) @ dagger-androidmanifest-plugin ---
[INFO] Building jar: /home/travis/build/square/dagger/androidmanifest/target/dagger-androidmanifest-plugin-1.0-SNAPSHOT.jar
[INFO] 
[INFO] --- maven-plugin-plugin:2.8:addPluginArtifactMetadata (default-addPluginArtifactMetadata) @ dagger-androidmanifest-plugin ---
[INFO] 
[INFO] --- maven-checkstyle-plugin:2.10:checkstyle (default) @ dagger-androidmanifest-plugin ---
[INFO] Starting audit...
Audit done.

[WARNING] Unable to locate Source XRef to link to - DISABLED
[INFO]                                                                         
[INFO] ------------------------------------------------------------------------
[INFO] Building Dagger Example (Parent) 1.0-SNAPSHOT
[INFO] ------------------------------------------------------------------------
[INFO] 
[INFO] --- maven-enforcer-plugin:1.0:enforce (enforce-maven) @ dagger-example-parent ---
[INFO] 
[INFO] --- maven-checkstyle-plugin:2.10:checkstyle (default) @ dagger-example-parent ---
[INFO]                                                                         
[INFO] ------------------------------------------------------------------------
[INFO] Building Dagger Example - Simple 1.0-SNAPSHOT
[INFO] ------------------------------------------------------------------------
[INFO] 
[INFO] --- maven-enforcer-plugin:1.0:enforce (enforce-maven) @ simple-dagger-example ---
[INFO] 
[INFO] --- maven-resources-plugin:2.3:resources (default-resources) @ simple-dagger-example ---
[INFO] Using 'UTF-8' encoding to copy filtered resources.
[INFO] skip non existing resourceDirectory /home/travis/build/square/dagger/examples/simple/src/main/resources
[INFO] 
[INFO] --- maven-compiler-plugin:3.0:compile (default-compile) @ simple-dagger-example ---
[INFO] Changes detected - recompiling the module!
[INFO] Compiling 8 source files to /home/travis/build/square/dagger/examples/simple/target/classes
[INFO] 
[INFO] --- maven-resources-plugin:2.3:testResources (default-testResources) @ simple-dagger-example ---
[INFO] Using 'UTF-8' encoding to copy filtered resources.
[INFO] skip non existing resourceDirectory /home/travis/build/square/dagger/examples/simple/src/test/resources
[INFO] 
[INFO] --- maven-compiler-plugin:3.0:testCompile (default-testCompile) @ simple-dagger-example ---
[INFO] No sources to compile
[INFO] 
[INFO] --- maven-surefire-plugin:2.10:test (default-test) @ simple-dagger-example ---
[INFO] No tests to run.
[INFO] Surefire report directory: /home/travis/build/square/dagger/examples/simple/target/surefire-reports
Downloading: http://maven.mirrors.travis-ci.org/nexus/content/repositories/central/org/apache/maven/surefire/surefire-junit3/2.10/surefire-junit3-2.10.pom
2/2 KB              Downloaded: http://maven.mirrors.travis-ci.org/nexus/content/repositories/central/org/apache/maven/surefire/surefire-junit3/2.10/surefire-junit3-2.10.pom (2 KB at 3.0 KB/sec)
Downloading: http://maven.mirrors.travis-ci.org/nexus/content/repositories/central/org/apache/maven/surefire/surefire-junit3/2.10/surefire-junit3-2.10.jar
4/26 KB   8/26 KB   9/26 KB   13/26 KB   17/26 KB   21/26 KB   23/26 KB   26/26 KB   26/26 KB              Downloaded: http://maven.mirrors.travis-ci.org/nexus/content/repositories/central/org/apache/maven/surefire/surefire-junit3/2.10/surefire-junit3-2.10.jar (26 KB at 51.5 KB/sec)

-------------------------------------------------------
 T E S T S
-------------------------------------------------------

Results :

Tests run: 0, Failures: 0, Errors: 0, Skipped: 0

[INFO] 
[INFO] --- maven-jar-plugin:2.2:jar (default-jar) @ simple-dagger-example ---
[INFO] Building jar: /home/travis/build/square/dagger/examples/simple/target/simple-dagger-example-1.0-SNAPSHOT.jar
[INFO] 
[INFO] --- maven-checkstyle-plugin:2.10:checkstyle (default) @ simple-dagger-example ---
[INFO] Starting audit...
Audit done.

[WARNING] Unable to locate Source XRef to link to - DISABLED
[INFO] ------------------------------------------------------------------------
[INFO] Reactor Summary:
[INFO] 
[INFO] Dagger (Parent) ................................... SUCCESS [2.709s]
[INFO] Dagger ............................................ SUCCESS [9.820s]
[INFO] Dagger Compiler ................................... SUCCESS [3:08.263s]
[INFO] Dagger AndroidManifest.xml Module Generator ....... SUCCESS [2.114s]
[INFO] Dagger Example (Parent) ........................... SUCCESS [0.009s]
[INFO] Dagger Example - Simple ........................... SUCCESS [2.941s]
[INFO] ------------------------------------------------------------------------
[INFO] BUILD SUCCESS
[INFO] ------------------------------------------------------------------------
[INFO] Total time: 3:26.447s
[INFO] Finished at: Wed Mar 27 03:53:32 UTC 2013
[INFO] Final Memory: 29M/183M
[INFO] ------------------------------------------------------------------------

The command "mvn verify" exited with 0.

Done. Your build exited with 0.
