Using worker: worker-linux-3-2.bb.travis-ci.org:travis-linux-17

travis_fold:start:git.1$ git clone --depth=50 --branch=kiran/LEVEL-UP git://github.com/square/dagger.git square/dagger
Cloning into 'square/dagger'...
remote: Counting objects: 3134, done.[K
remote: Compressing objects:   0% (1/1236)   [Kremote: Compressing objects:   1% (13/1236)   [Kremote: Compressing objects:   2% (25/1236)   [Kremote: Compressing objects:   3% (38/1236)   [Kremote: Compressing objects:   4% (50/1236)   [Kremote: Compressing objects:   5% (62/1236)   [Kremote: Compressing objects:   6% (75/1236)   [Kremote: Compressing objects:   7% (87/1236)   [Kremote: Compressing objects:   8% (99/1236)   [Kremote: Compressing objects:   9% (112/1236)   [Kremote: Compressing objects:  10% (124/1236)   [Kremote: Compressing objects:  11% (136/1236)   [Kremote: Compressing objects:  12% (149/1236)   [Kremote: Compressing objects:  13% (161/1236)   [Kremote: Compressing objects:  14% (174/1236)   [Kremote: Compressing objects:  15% (186/1236)   [Kremote: Compressing objects:  16% (198/1236)   [Kremote: Compressing objects:  17% (211/1236)   [Kremote: Compressing objects:  18% (223/1236)   [Kremote: Compressing objects:  19% (235/1236)   [Kremote: Compressing objects:  20% (248/1236)   [Kremote: Compressing objects:  21% (260/1236)   [Kremote: Compressing objects:  22% (272/1236)   [Kremote: Compressing objects:  23% (285/1236)   [Kremote: Compressing objects:  24% (297/1236)   [Kremote: Compressing objects:  25% (309/1236)   [Kremote: Compressing objects:  26% (322/1236)   [Kremote: Compressing objects:  27% (334/1236)   [Kremote: Compressing objects:  28% (347/1236)   [Kremote: Compressing objects:  29% (359/1236)   [Kremote: Compressing objects:  30% (371/1236)   [Kremote: Compressing objects:  31% (384/1236)   [Kremote: Compressing objects:  32% (396/1236)   [Kremote: Compressing objects:  33% (408/1236)   [Kremote: Compressing objects:  34% (421/1236)   [Kremote: Compressing objects:  35% (433/1236)   [Kremote: Compressing objects:  36% (445/1236)   [Kremote: Compressing objects:  37% (458/1236)   [Kremote: Compressing objects:  38% (470/1236)   [Kremote: Compressing objects:  39% (483/1236)   [Kremote: Compressing objects:  40% (495/1236)   [Kremote: Compressing objects:  41% (507/1236)   [Kremote: Compressing objects:  42% (520/1236)   [Kremote: Compressing objects:  43% (532/1236)   [Kremote: Compressing objects:  44% (544/1236)   [Kremote: Compressing objects:  45% (557/1236)   [Kremote: Compressing objects:  46% (569/1236)   [Kremote: Compressing objects:  47% (581/1236)   [Kremote: Compressing objects:  48% (594/1236)   [Kremote: Compressing objects:  49% (606/1236)   [Kremote: Compressing objects:  50% (618/1236)   [Kremote: Compressing objects:  51% (631/1236)   [Kremote: Compressing objects:  52% (643/1236)   [Kremote: Compressing objects:  53% (656/1236)   [Kremote: Compressing objects:  54% (668/1236)   [Kremote: Compressing objects:  55% (680/1236)   [Kremote: Compressing objects:  56% (693/1236)   [Kremote: Compressing objects:  57% (705/1236)   [Kremote: Compressing objects:  58% (717/1236)   [Kremote: Compressing objects:  59% (730/1236)   [Kremote: Compressing objects:  60% (742/1236)   [Kremote: Compressing objects:  61% (754/1236)   [Kremote: Compressing objects:  62% (767/1236)   [Kremote: Compressing objects:  63% (779/1236)   [Kremote: Compressing objects:  64% (792/1236)   [Kremote: Compressing objects:  65% (804/1236)   [Kremote: Compressing objects:  66% (816/1236)   [Kremote: Compressing objects:  67% (829/1236)   [Kremote: Compressing objects:  68% (841/1236)   [Kremote: Compressing objects:  69% (853/1236)   [Kremote: Compressing objects:  70% (866/1236)   [Kremote: Compressing objects:  71% (878/1236)   [Kremote: Compressing objects:  72% (890/1236)   [Kremote: Compressing objects:  73% (903/1236)   [Kremote: Compressing objects:  74% (915/1236)   [Kremote: Compressing objects:  75% (927/1236)   [Kremote: Compressing objects:  76% (940/1236)   [Kremote: Compressing objects:  77% (952/1236)   [Kremote: Compressing objects:  78% (965/1236)   [Kremote: Compressing objects:  79% (977/1236)   [Kremote: Compressing objects:  80% (989/1236)   [Kremote: Compressing objects:  81% (1002/1236)   [Kremote: Compressing objects:  82% (1014/1236)   [Kremote: Compressing objects:  83% (1026/1236)   [Kremote: Compressing objects:  84% (1039/1236)   [Kremote: Compressing objects:  85% (1051/1236)   [Kremote: Compressing objects:  86% (1063/1236)   [Kremote: Compressing objects:  87% (1076/1236)   [Kremote: Compressing objects:  88% (1088/1236)   [Kremote: Compressing objects:  89% (1101/1236)   [Kremote: Compressing objects:  90% (1113/1236)   [Kremote: Compressing objects:  91% (1125/1236)   [Kremote: Compressing objects:  92% (1138/1236)   [Kremote: Compressing objects:  93% (1150/1236)   [Kremote: Compressing objects:  94% (1162/1236)   [Kremote: Compressing objects:  95% (1175/1236)   [Kremote: Compressing objects:  96% (1187/1236)   [Kremote: Compressing objects:  97% (1199/1236)   [Kremote: Compressing objects:  98% (1212/1236)   [Kremote: Compressing objects:  99% (1224/1236)   [Kremote: Compressing objects: 100% (1236/1236)   [Kremote: Compressing objects: 100% (1236/1236), done.[K
Receiving objects:   0% (1/3134)   Receiving objects:   1% (32/3134)   Receiving objects:   2% (63/3134)   Receiving objects:   3% (95/3134)   Receiving objects:   4% (126/3134)   Receiving objects:   5% (157/3134)   Receiving objects:   6% (189/3134)   Receiving objects:   7% (220/3134)   Receiving objects:   8% (251/3134)   Receiving objects:   9% (283/3134)   Receiving objects:  10% (314/3134)   Receiving objects:  11% (345/3134)   Receiving objects:  12% (377/3134)   Receiving objects:  13% (408/3134)   Receiving objects:  14% (439/3134)   Receiving objects:  15% (471/3134)   Receiving objects:  16% (502/3134)   Receiving objects:  17% (533/3134)   Receiving objects:  18% (565/3134)   Receiving objects:  19% (596/3134)   Receiving objects:  20% (627/3134)   Receiving objects:  21% (659/3134)   Receiving objects:  22% (690/3134)   Receiving objects:  23% (721/3134)   Receiving objects:  24% (753/3134)   Receiving objects:  25% (784/3134)   Receiving objects:  26% (815/3134)   Receiving objects:  27% (847/3134)   Receiving objects:  28% (878/3134)   Receiving objects:  29% (909/3134)   Receiving objects:  30% (941/3134)   Receiving objects:  31% (972/3134)   Receiving objects:  32% (1003/3134)   Receiving objects:  33% (1035/3134)   Receiving objects:  34% (1066/3134)   Receiving objects:  35% (1097/3134)   Receiving objects:  36% (1129/3134)   Receiving objects:  37% (1160/3134)   Receiving objects:  38% (1191/3134)   Receiving objects:  39% (1223/3134)   Receiving objects:  40% (1254/3134)   Receiving objects:  41% (1285/3134)   Receiving objects:  42% (1317/3134)   Receiving objects:  43% (1348/3134)   Receiving objects:  44% (1379/3134)   Receiving objects:  45% (1411/3134)   Receiving objects:  46% (1442/3134)   Receiving objects:  47% (1473/3134)   Receiving objects:  48% (1505/3134)   Receiving objects:  49% (1536/3134)   Receiving objects:  50% (1567/3134)   Receiving objects:  51% (1599/3134)   Receiving objects:  52% (1630/3134)   Receiving objects:  53% (1662/3134)   Receiving objects:  54% (1693/3134)   Receiving objects:  55% (1724/3134)   Receiving objects:  56% (1756/3134)   Receiving objects:  57% (1787/3134)   Receiving objects:  58% (1818/3134)   Receiving objects:  59% (1850/3134)   Receiving objects:  60% (1881/3134)   Receiving objects:  61% (1912/3134)   Receiving objects:  62% (1944/3134)   Receiving objects:  63% (1975/3134)   Receiving objects:  64% (2006/3134)   Receiving objects:  65% (2038/3134)   Receiving objects:  66% (2069/3134)   Receiving objects:  67% (2100/3134)   Receiving objects:  68% (2132/3134)   Receiving objects:  69% (2163/3134)   Receiving objects:  70% (2194/3134)   Receiving objects:  71% (2226/3134)   Receiving objects:  72% (2257/3134)   Receiving objects:  73% (2288/3134)   Receiving objects:  74% (2320/3134)   Receiving objects:  75% (2351/3134)   Receiving objects:  76% (2382/3134)   Receiving objects:  77% (2414/3134)   Receiving objects:  78% (2445/3134)   Receiving objects:  79% (2476/3134)   Receiving objects:  80% (2508/3134)   remote: Total 3134 (delta 1276), reused 2940 (delta 1118)[K
Receiving objects:  81% (2539/3134)   Receiving objects:  82% (2570/3134)   Receiving objects:  83% (2602/3134)   Receiving objects:  84% (2633/3134)   Receiving objects:  85% (2664/3134)   Receiving objects:  86% (2696/3134)   Receiving objects:  87% (2727/3134)   Receiving objects:  88% (2758/3134)   Receiving objects:  89% (2790/3134)   Receiving objects:  90% (2821/3134)   Receiving objects:  91% (2852/3134)   Receiving objects:  92% (2884/3134)   Receiving objects:  93% (2915/3134)   Receiving objects:  94% (2946/3134)   Receiving objects:  95% (2978/3134)   Receiving objects:  96% (3009/3134)   Receiving objects:  97% (3040/3134)   Receiving objects:  98% (3072/3134)   Receiving objects:  99% (3103/3134)   Receiving objects: 100% (3134/3134)   Receiving objects: 100% (3134/3134), 584.21 KiB, done.
Resolving deltas:   0% (0/1276)   Resolving deltas:   1% (13/1276)   Resolving deltas:   2% (30/1276)   Resolving deltas:   3% (46/1276)   Resolving deltas:  10% (132/1276)   Resolving deltas:  11% (141/1276)   Resolving deltas:  14% (181/1276)   Resolving deltas:  15% (201/1276)   Resolving deltas:  16% (205/1276)   Resolving deltas:  17% (220/1276)   Resolving deltas:  18% (231/1276)   Resolving deltas:  21% (269/1276)   Resolving deltas:  23% (302/1276)   Resolving deltas:  26% (339/1276)   Resolving deltas:  28% (366/1276)   Resolving deltas:  29% (372/1276)   Resolving deltas:  31% (403/1276)   Resolving deltas:  32% (413/1276)   Resolving deltas:  33% (427/1276)   Resolving deltas:  34% (435/1276)   Resolving deltas:  35% (451/1276)   Resolving deltas:  36% (472/1276)   Resolving deltas:  37% (474/1276)   Resolving deltas:  39% (505/1276)   Resolving deltas:  42% (540/1276)   Resolving deltas:  44% (568/1276)   Resolving deltas:  46% (591/1276)   Resolving deltas:  48% (624/1276)   Resolving deltas:  49% (634/1276)   Resolving deltas:  50% (645/1276)   Resolving deltas:  51% (651/1276)   Resolving deltas:  52% (669/1276)   Resolving deltas:  53% (678/1276)   Resolving deltas:  54% (690/1276)   Resolving deltas:  55% (703/1276)   Resolving deltas:  56% (716/1276)   Resolving deltas:  57% (738/1276)   Resolving deltas:  59% (764/1276)   Resolving deltas:  60% (768/1276)   Resolving deltas:  61% (779/1276)   Resolving deltas:  62% (792/1276)   Resolving deltas:  63% (804/1276)   Resolving deltas:  64% (823/1276)   Resolving deltas:  65% (830/1276)   Resolving deltas:  66% (846/1276)   Resolving deltas:  67% (866/1276)   Resolving deltas:  68% (868/1276)   Resolving deltas:  70% (894/1276)   Resolving deltas:  71% (911/1276)   Resolving deltas:  72% (919/1276)   Resolving deltas:  73% (932/1276)   Resolving deltas:  75% (957/1276)   Resolving deltas:  76% (975/1276)   Resolving deltas:  78% (996/1276)   Resolving deltas:  80% (1030/1276)   Resolving deltas:  82% (1047/1276)   Resolving deltas:  83% (1061/1276)   Resolving deltas:  84% (1082/1276)   Resolving deltas:  85% (1096/1276)   Resolving deltas:  87% (1120/1276)   Resolving deltas:  88% (1125/1276)   Resolving deltas:  89% (1137/1276)   Resolving deltas:  90% (1151/1276)   Resolving deltas:  92% (1178/1276)   Resolving deltas:  93% (1189/1276)   Resolving deltas:  94% (1200/1276)   Resolving deltas:  95% (1214/1276)   Resolving deltas:  96% (1225/1276)   Resolving deltas:  97% (1241/1276)   Resolving deltas:  98% (1251/1276)   Resolving deltas:  99% (1268/1276)   Resolving deltas: 100% (1276/1276)   Resolving deltas: 100% (1276/1276), done.
travis_fold:end:git.1$ cd square/dagger
travis_fold:start:git.2$ git checkout -qf 9442b7bbae174ba4f38fdb0df198d0bbda05ff1c
travis_fold:end:git.2$ java -version
java version "1.7.0_15"
OpenJDK Runtime Environment (IcedTea7 2.3.7) (7u15-2.3.7-0ubuntu1~12.04.1)
OpenJDK 64-Bit Server VM (build 23.7-b01, mixed mode)
$ javac -version
javac 1.7.0_15
travis_fold:start:install$ mvn install clean --fail-never --quiet -DskipTests=true -Dinvoker.skip=true
travis_fold:end:install$ mvn verify
[INFO] Scanning for projects...
[INFO] ------------------------------------------------------------------------
[INFO] Reactor Build Order:
[INFO] 
[INFO] Dagger (Parent)
[INFO] Dagger
[INFO] Dagger Compiler
[INFO] Dagger AndroidManifest.xml Module Generator
[INFO] Dagger Example
[INFO]                                                                         
[INFO] ------------------------------------------------------------------------
[INFO] Building Dagger (Parent) 1.0-SNAPSHOT
[INFO] ------------------------------------------------------------------------
[INFO] 
[INFO] --- maven-enforcer-plugin:1.0:enforce (enforce-maven) @ dagger-parent ---
[INFO] 
[INFO] --- maven-checkstyle-plugin:2.9.1:checkstyle (default) @ dagger-parent ---
[INFO]                                                                         
[INFO] ------------------------------------------------------------------------
[INFO] Building Dagger 1.0-SNAPSHOT
[INFO] ------------------------------------------------------------------------
[INFO] 
[INFO] --- maven-enforcer-plugin:1.0:enforce (enforce-maven) @ dagger ---
[INFO] 
[INFO] --- maven-resources-plugin:2.3:resources (default-resources) @ dagger ---
[INFO] Using 'UTF-8' encoding to copy filtered resources.
[INFO] skip non existing resourceDirectory /home/travis/build/square/dagger/core/src/main/resources
[INFO] 
[INFO] --- maven-compiler-plugin:2.5:compile (default-compile) @ dagger ---
[INFO] Compiling 24 source files to /home/travis/build/square/dagger/core/target/classes
[WARNING] bootstrap class path not set in conjunction with -source 1.6
/home/travis/build/square/dagger/core/src/main/java/dagger/internal/ProblemDetector.java:[33,14] [rawtypes] found raw type: Binding
[WARNING]   missing type arguments for generic class Binding<T>
  where T is a type-variable:
    T extends Object declared in class Binding
/home/travis/build/square/dagger/core/src/main/java/dagger/internal/ProblemDetector.java:[33,54] [rawtypes] found raw type: Binding
[WARNING]   missing type arguments for generic class Binding<T>
  where T is a type-variable:
    T extends Object declared in class Binding
/home/travis/build/square/dagger/core/src/main/java/dagger/internal/UniqueMap.java:[24,7] [serial] serializable class UniqueMap has no definition of serialVersionUID
[WARNING] /home/travis/build/square/dagger/core/src/main/java/dagger/internal/plugins/reflect/ReflectiveModuleAdapter.java:[125,23] [rawtypes] found raw type: Binding
[INFO] 
[INFO] --- maven-resources-plugin:2.3:testResources (default-testResources) @ dagger ---
[INFO] Using 'UTF-8' encoding to copy filtered resources.
[INFO] skip non existing resourceDirectory /home/travis/build/square/dagger/core/src/test/resources
[INFO] 
[INFO] --- maven-compiler-plugin:2.5:testCompile (default-testCompile) @ dagger ---
[INFO] Compiling 11 source files to /home/travis/build/square/dagger/core/target/test-classes
[INFO] 
[INFO] --- maven-surefire-plugin:2.10:test (default-test) @ dagger ---
[INFO] Surefire report directory: /home/travis/build/square/dagger/core/target/surefire-reports
Downloading: http://maven.mirrors.travis-ci.org/nexus/content/repositories/central/org/apache/maven/surefire/surefire-junit4/2.10/surefire-junit4-2.10.pom
3/3 KB            Downloaded: http://maven.mirrors.travis-ci.org/nexus/content/repositories/central/org/apache/maven/surefire/surefire-junit4/2.10/surefire-junit4-2.10.pom (3 KB at 4.0 KB/sec)
Downloading: http://maven.mirrors.travis-ci.org/nexus/content/repositories/central/org/apache/maven/surefire/surefire-providers/2.10/surefire-providers-2.10.pom
3/3 KB            Downloaded: http://maven.mirrors.travis-ci.org/nexus/content/repositories/central/org/apache/maven/surefire/surefire-providers/2.10/surefire-providers-2.10.pom (3 KB at 6.9 KB/sec)
Downloading: http://maven.mirrors.travis-ci.org/nexus/content/repositories/central/org/apache/maven/surefire/surefire-junit4/2.10/surefire-junit4-2.10.jar
4/33 KB   8/33 KB   9/33 KB   13/33 KB   17/33 KB   21/33 KB   23/33 KB   27/33 KB   31/33 KB   33/33 KB              Downloaded: http://maven.mirrors.travis-ci.org/nexus/content/repositories/central/org/apache/maven/surefire/surefire-junit4/2.10/surefire-junit4-2.10.jar (33 KB at 61.1 KB/sec)

-------------------------------------------------------
 T E S T S
-------------------------------------------------------
Running dagger.ModuleIncludesTest
Tests run: 9, Failures: 0, Errors: 0, Skipped: 0, Time elapsed: 0.187 sec
Running dagger.MembersInjectorTest
Tests run: 8, Failures: 0, Errors: 0, Skipped: 0, Time elapsed: 0.045 sec
Running dagger.internal.KeysTest
Tests run: 18, Failures: 0, Errors: 0, Skipped: 0, Time elapsed: 0.058 sec
Running dagger.ProblemDetectorTest
Tests run: 3, Failures: 0, Errors: 0, Skipped: 0, Time elapsed: 0.011 sec
Running dagger.InjectStaticsTest
Tests run: 3, Failures: 0, Errors: 0, Skipped: 0, Time elapsed: 0.016 sec
Running dagger.LazyInjectionTest
Tests run: 5, Failures: 0, Errors: 0, Skipped: 0, Time elapsed: 0.011 sec
Running dagger.ExtensionTest
Tests run: 3, Failures: 0, Errors: 0, Skipped: 0, Time elapsed: 0.032 sec
Running dagger.InjectionTest
Tests run: 31, Failures: 0, Errors: 0, Skipped: 0, Time elapsed: 0.145 sec
Running dagger.SetBindingTest
Tests run: 7, Failures: 0, Errors: 0, Skipped: 0, Time elapsed: 0.034 sec
Running dagger.UnusedProviderTest
Tests run: 4, Failures: 0, Errors: 0, Skipped: 0, Time elapsed: 0.014 sec
Running dagger.InjectionOfLazyTest
Tests run: 4, Failures: 0, Errors: 0, Skipped: 0, Time elapsed: 0.014 sec

Results :

Tests run: 95, Failures: 0, Errors: 0, Skipped: 0

[INFO] 
[INFO] --- maven-jar-plugin:2.2:jar (default-jar) @ dagger ---
[INFO] Building jar: /home/travis/build/square/dagger/core/target/dagger-1.0-SNAPSHOT.jar
[INFO] 
[INFO] --- maven-checkstyle-plugin:2.9.1:checkstyle (default) @ dagger ---
[INFO] Starting audit...
Audit done.

[WARNING] Unable to locate Source XRef to link to - DISABLED
[INFO]                                                                         
[INFO] ------------------------------------------------------------------------
[INFO] Building Dagger Compiler 1.0-SNAPSHOT
[INFO] ------------------------------------------------------------------------
[INFO] 
[INFO] --- maven-enforcer-plugin:1.0:enforce (enforce-maven) @ dagger-compiler ---
[INFO] 
[INFO] --- maven-resources-plugin:2.3:resources (default-resources) @ dagger-compiler ---
[INFO] Using 'UTF-8' encoding to copy filtered resources.
[INFO] Copying 1 resource
[INFO] 
[INFO] --- maven-compiler-plugin:2.5:compile (default-compile) @ dagger-compiler ---
[INFO] Compiling 11 source files to /home/travis/build/square/dagger/compiler/target/classes
[INFO] 
[INFO] --- maven-resources-plugin:2.3:testResources (default-testResources) @ dagger-compiler ---
[INFO] Using 'UTF-8' encoding to copy filtered resources.
[INFO] skip non existing resourceDirectory /home/travis/build/square/dagger/compiler/src/test/resources
[INFO] 
[INFO] --- maven-compiler-plugin:2.5:testCompile (default-testCompile) @ dagger-compiler ---
[INFO] Compiling 3 source files to /home/travis/build/square/dagger/compiler/target/test-classes
[INFO] 
[INFO] --- maven-surefire-plugin:2.10:test (default-test) @ dagger-compiler ---
[INFO] Surefire report directory: /home/travis/build/square/dagger/compiler/target/surefire-reports

-------------------------------------------------------
 T E S T S
-------------------------------------------------------
Running dagger.internal.codegen.DotWriterTest
Tests run: 4, Failures: 0, Errors: 0, Skipped: 0, Time elapsed: 0.089 sec
Running dagger.internal.codegen.GraphVisualizerTest
Tests run: 7, Failures: 0, Errors: 0, Skipped: 0, Time elapsed: 0.046 sec

Results :

Tests run: 11, Failures: 0, Errors: 0, Skipped: 0

[INFO] 
[INFO] --- maven-jar-plugin:2.2:jar (default-jar) @ dagger-compiler ---
[INFO] Building jar: /home/travis/build/square/dagger/compiler/target/dagger-compiler-1.0-SNAPSHOT.jar
[INFO] 
[INFO] --- maven-invoker-plugin:1.7:install (integration-test) @ dagger-compiler ---
[INFO] Installing /home/travis/build/square/dagger/core/pom.xml to /home/travis/build/square/dagger/compiler/target/local-repo/com/squareup/dagger/1.0-SNAPSHOT/dagger-1.0-SNAPSHOT.pom
[INFO] Installing /home/travis/build/square/dagger/core/target/dagger-1.0-SNAPSHOT.jar to /home/travis/build/square/dagger/compiler/target/local-repo/com/squareup/dagger/1.0-SNAPSHOT/dagger-1.0-SNAPSHOT.jar
[INFO] Installing /home/travis/build/square/dagger/pom.xml to /home/travis/build/square/dagger/compiler/target/local-repo/com/squareup/dagger-parent/1.0-SNAPSHOT/dagger-parent-1.0-SNAPSHOT.pom
[INFO] Installing /home/travis/build/square/dagger/compiler/pom.xml to /home/travis/build/square/dagger/compiler/target/local-repo/com/squareup/dagger-compiler/1.0-SNAPSHOT/dagger-compiler-1.0-SNAPSHOT.pom
[INFO] Installing /home/travis/build/square/dagger/compiler/target/dagger-compiler-1.0-SNAPSHOT.jar to /home/travis/build/square/dagger/compiler/target/local-repo/com/squareup/dagger-compiler/1.0-SNAPSHOT/dagger-compiler-1.0-SNAPSHOT.jar
[INFO] 
[INFO] --- maven-invoker-plugin:1.7:run (integration-test) @ dagger-compiler ---
[INFO] Building: include-non-module/pom.xml
[INFO] ..SUCCESS (33.5 s)
[INFO] Building: inject-parameterized-type/pom.xml
[INFO] ..SUCCESS (33.4 s)
[INFO] Building: unused-provider-methods-pass-compilation-on-library-module/pom.xml
[INFO] ..SUCCESS (9.0 s)
[INFO] Building: missing-at-inject-constructor/pom.xml
[INFO] run script verify.bsh
[INFO] ..SUCCESS (7.2 s)
[INFO] Building: cyclic-deps/pom.xml
[INFO] run script verify.bsh
[INFO] ..SUCCESS (7.2 s)
[INFO] Building: multiple-provides-methods/pom.xml
[INFO] run script verify.bsh
[INFO] ..SUCCESS (8.7 s)
[INFO] Building: extension-graph/pom.xml
[INFO] ..SUCCESS (8.6 s)
[INFO] Building: same-provides-method-name/pom.xml
[INFO] ..SUCCESS (8.1 s)
[INFO] Building: uninjectable-supertype/pom.xml
[INFO] ..SUCCESS (8.4 s)
[INFO] Building: simple-missing-dependency-failure/pom.xml
[INFO] run script verify.bsh
[INFO] ..SUCCESS (7.0 s)
[INFO] Building: unused-provider-methods-fail-compilation/pom.xml
[INFO] run script verify.bsh
[INFO] ..FAILED (6.7 s)
[INFO]   The post-build script did not succeed. Build output did not contain expected error text:
    "ProviderMethodBinding[provideKey="java.lang.String", memberskey="null"]"

Build Output:


        [ERROR] Failed to execute goal org.apache.maven.plugins:maven-compiler-plugin:2.0.2:compile (default-compile) on project unused-provider-methods-fail-compilation: Compilation failure
        [ERROR] /home/travis/build/square/dagger/compiler/target/it/unused-provider-methods-fail-compilation/src/main/java/test/TestApp.java:[35,9] error: Graph validation failed: You have these unused @Provider methods! Set library=true in your module to disable this check.
        [ERROR] -> [Help 1]
        [ERROR] 
        [ERROR] To see the full stack trace of the errors, re-run Maven with the -e switch.
        [ERROR] Re-run Maven using the -X switch to enable full debug logging.
        [ERROR] 
        [ERROR] For more information about the errors and possible solutions, please read the following articles:
        [ERROR] [Help 1] http://cwiki.apache.org/confluence/display/MAVEN/MojoFailureException
[INFO] Building: inner-classes-complaint-injection/pom.xml
[INFO] run script verify.bsh
[INFO] ..SUCCESS (6.8 s)
[INFO] Building: provides-method-with-throws-clause/pom.xml
[INFO] run script verify.bsh
[INFO] ..SUCCESS (7.1 s)
[INFO] Building: default-package-injected-type/pom.xml
[INFO] ..SUCCESS (9.1 s)
[INFO] -------------------------------------------------
[INFO] Build Summary:
[INFO]   Passed: 13, Failed: 1, Errors: 0, Skipped: 0
[INFO] -------------------------------------------------
[ERROR] The following builds failed:
[ERROR] *  unused-provider-methods-fail-compilation/pom.xml
[INFO] -------------------------------------------------
[INFO] ------------------------------------------------------------------------
[INFO] Reactor Summary:
[INFO] 
[INFO] Dagger (Parent) ................................... SUCCESS [2.596s]
[INFO] Dagger ............................................ SUCCESS [9.331s]
[INFO] Dagger Compiler ................................... FAILURE [2:43.090s]
[INFO] Dagger AndroidManifest.xml Module Generator ....... SKIPPED
[INFO] Dagger Example .................................... SKIPPED
[INFO] ------------------------------------------------------------------------
[INFO] BUILD FAILURE
[INFO] ------------------------------------------------------------------------
[INFO] Total time: 2:55.514s
[INFO] Finished at: Fri Apr 12 04:32:05 UTC 2013
[INFO] Final Memory: 23M/179M
[INFO] ------------------------------------------------------------------------
[ERROR] Failed to execute goal org.apache.maven.plugins:maven-invoker-plugin:1.7:run (integration-test) on project dagger-compiler: 1 build failed. See console output above for details. -> [Help 1]
[ERROR] 
[ERROR] To see the full stack trace of the errors, re-run Maven with the -e switch.
[ERROR] Re-run Maven using the -X switch to enable full debug logging.
[ERROR] 
[ERROR] For more information about the errors and possible solutions, please read the following articles:
[ERROR] [Help 1] http://cwiki.apache.org/confluence/display/MAVEN/MojoFailureException
[ERROR] 
[ERROR] After correcting the problems, you can resume the build with the command
[ERROR]   mvn <goals> -rf :dagger-compiler

The command "mvn verify" exited with 1.

Done. Your build exited with 1.
