Using worker: worker-linux-5-2.bb.travis-ci.org:travis-linux-8

travis_fold:start:git.1$ git clone --depth=50 git://github.com/square/dagger.git square/dagger
Cloning into 'square/dagger'...
remote: Counting objects: 1500, done.[K
remote: Compressing objects:   0% (1/768)   [Kremote: Compressing objects:   1% (8/768)   [Kremote: Compressing objects:   2% (16/768)   [Kremote: Compressing objects:   3% (24/768)   [Kremote: Compressing objects:   4% (31/768)   [Kremote: Compressing objects:   5% (39/768)   [Kremote: Compressing objects:   6% (47/768)   [Kremote: Compressing objects:   7% (54/768)   [Kremote: Compressing objects:   8% (62/768)   [Kremote: Compressing objects:   9% (70/768)   [Kremote: Compressing objects:  10% (77/768)   [Kremote: Compressing objects:  11% (85/768)   [Kremote: Compressing objects:  12% (93/768)   [Kremote: Compressing objects:  13% (100/768)   [Kremote: Compressing objects:  14% (108/768)   [Kremote: Compressing objects:  15% (116/768)   [Kremote: Compressing objects:  16% (123/768)   [Kremote: Compressing objects:  17% (131/768)   [Kremote: Compressing objects:  18% (139/768)   [Kremote: Compressing objects:  19% (146/768)   [Kremote: Compressing objects:  20% (154/768)   [Kremote: Compressing objects:  21% (162/768)   [Kremote: Compressing objects:  22% (169/768)   [Kremote: Compressing objects:  23% (177/768)   [Kremote: Compressing objects:  24% (185/768)   [Kremote: Compressing objects:  25% (192/768)   [Kremote: Compressing objects:  26% (200/768)   [Kremote: Compressing objects:  27% (208/768)   [Kremote: Compressing objects:  28% (216/768)   [Kremote: Compressing objects:  29% (223/768)   [Kremote: Compressing objects:  30% (231/768)   [Kremote: Compressing objects:  31% (239/768)   [Kremote: Compressing objects:  32% (246/768)   [Kremote: Compressing objects:  33% (254/768)   [Kremote: Compressing objects:  34% (262/768)   [Kremote: Compressing objects:  35% (269/768)   [Kremote: Compressing objects:  36% (277/768)   [Kremote: Compressing objects:  37% (285/768)   [Kremote: Compressing objects:  38% (292/768)   [Kremote: Compressing objects:  39% (300/768)   [Kremote: Compressing objects:  40% (308/768)   [Kremote: Compressing objects:  41% (315/768)   [Kremote: Compressing objects:  42% (323/768)   [Kremote: Compressing objects:  43% (331/768)   [Kremote: Compressing objects:  44% (338/768)   [Kremote: Compressing objects:  45% (346/768)   [Kremote: Compressing objects:  46% (354/768)   [Kremote: Compressing objects:  47% (361/768)   [Kremote: Compressing objects:  48% (369/768)   [Kremote: Compressing objects:  49% (377/768)   [Kremote: Compressing objects:  50% (384/768)   [Kremote: Compressing objects:  51% (392/768)   [Kremote: Compressing objects:  52% (400/768)   [Kremote: Compressing objects:  53% (408/768)   [Kremote: Compressing objects:  54% (415/768)   [Kremote: Compressing objects:  55% (423/768)   [Kremote: Compressing objects:  56% (431/768)   [Kremote: Compressing objects:  57% (438/768)   [Kremote: Compressing objects:  58% (446/768)   [Kremote: Compressing objects:  59% (454/768)   [Kremote: Compressing objects:  60% (461/768)   [Kremote: Compressing objects:  61% (469/768)   [Kremote: Compressing objects:  62% (477/768)   [Kremote: Compressing objects:  63% (484/768)   [Kremote: Compressing objects:  64% (492/768)   [Kremote: Compressing objects:  65% (500/768)   [Kremote: Compressing objects:  66% (507/768)   [Kremote: Compressing objects:  67% (515/768)   [Kremote: Compressing objects:  68% (523/768)   [Kremote: Compressing objects:  69% (530/768)   [Kremote: Compressing objects:  70% (538/768)   [Kremote: Compressing objects:  71% (546/768)   [Kremote: Compressing objects:  72% (553/768)   [Kremote: Compressing objects:  73% (561/768)   [Kremote: Compressing objects:  74% (569/768)   [Kremote: Compressing objects:  75% (576/768)   [Kremote: Compressing objects:  76% (584/768)   [Kremote: Compressing objects:  77% (592/768)   [Kremote: Compressing objects:  78% (600/768)   [Kremote: Compressing objects:  79% (607/768)   [Kremote: Compressing objects:  80% (615/768)   [Kremote: Compressing objects:  81% (623/768)   [Kremote: Compressing objects:  82% (630/768)   [Kremote: Compressing objects:  83% (638/768)   [Kremote: Compressing objects:  84% (646/768)   [Kremote: Compressing objects:  85% (653/768)   [Kremote: Compressing objects:  86% (661/768)   [Kremote: Compressing objects:  87% (669/768)   [Kremote: Compressing objects:  88% (676/768)   [Kremote: Compressing objects:  89% (684/768)   [Kremote: Compressing objects:  90% (692/768)   [Kremote: Compressing objects:  91% (699/768)   [Kremote: Compressing objects:  92% (707/768)   [Kremote: Compressing objects:  93% (715/768)   [Kremote: Compressing objects:  94% (722/768)   [Kremote: Compressing objects:  95% (730/768)   [Kremote: Compressing objects:  96% (738/768)   [Kremote: Compressing objects:  97% (745/768)   [Kremote: Compressing objects:  98% (753/768)   [Kremote: Compressing objects:  99% (761/768)   [Kremote: Compressing objects: 100% (768/768)   [Kremote: Compressing objects: 100% (768/768), done.[K
Receiving objects:   0% (1/1500)   Receiving objects:   1% (15/1500)   Receiving objects:   2% (30/1500)   Receiving objects:   3% (45/1500)   Receiving objects:   4% (60/1500)   Receiving objects:   5% (75/1500)   Receiving objects:   6% (90/1500)   Receiving objects:   7% (105/1500)   Receiving objects:   8% (120/1500)   Receiving objects:   9% (135/1500)   Receiving objects:  10% (150/1500)   Receiving objects:  11% (165/1500)   Receiving objects:  12% (180/1500)   Receiving objects:  13% (195/1500)   Receiving objects:  14% (210/1500)   Receiving objects:  15% (225/1500)   Receiving objects:  16% (240/1500)   Receiving objects:  17% (255/1500)   Receiving objects:  18% (270/1500)   Receiving objects:  19% (285/1500)   Receiving objects:  20% (300/1500)   Receiving objects:  21% (315/1500)   Receiving objects:  22% (330/1500)   Receiving objects:  23% (345/1500)   Receiving objects:  24% (360/1500)   Receiving objects:  25% (375/1500)   Receiving objects:  26% (390/1500)   Receiving objects:  27% (405/1500)   Receiving objects:  28% (420/1500)   Receiving objects:  29% (435/1500)   Receiving objects:  30% (450/1500)   Receiving objects:  31% (465/1500)   Receiving objects:  32% (480/1500)   Receiving objects:  33% (495/1500)   Receiving objects:  34% (510/1500)   Receiving objects:  35% (525/1500)   Receiving objects:  36% (540/1500)   Receiving objects:  37% (555/1500)   Receiving objects:  38% (570/1500)   Receiving objects:  39% (585/1500)   Receiving objects:  40% (600/1500)   Receiving objects:  41% (615/1500)   Receiving objects:  42% (630/1500)   Receiving objects:  43% (645/1500)   Receiving objects:  44% (660/1500)   Receiving objects:  45% (675/1500)   Receiving objects:  46% (690/1500)   Receiving objects:  47% (705/1500)   Receiving objects:  48% (720/1500)   Receiving objects:  49% (735/1500)   Receiving objects:  50% (750/1500)   Receiving objects:  51% (765/1500)   Receiving objects:  52% (780/1500)   Receiving objects:  53% (795/1500)   Receiving objects:  54% (810/1500)   Receiving objects:  55% (825/1500)   Receiving objects:  56% (840/1500)   Receiving objects:  57% (855/1500)   Receiving objects:  58% (870/1500)   Receiving objects:  59% (885/1500)   Receiving objects:  60% (900/1500)   Receiving objects:  61% (915/1500)   Receiving objects:  62% (930/1500)   Receiving objects:  63% (945/1500)   Receiving objects:  64% (960/1500)   Receiving objects:  65% (975/1500)   Receiving objects:  66% (990/1500)   Receiving objects:  67% (1005/1500)   Receiving objects:  68% (1020/1500)   Receiving objects:  69% (1035/1500)   Receiving objects:  70% (1050/1500)   Receiving objects:  71% (1065/1500)   Receiving objects:  72% (1080/1500)   Receiving objects:  73% (1095/1500)   Receiving objects:  74% (1110/1500)   Receiving objects:  75% (1125/1500)   Receiving objects:  76% (1140/1500)   Receiving objects:  77% (1155/1500)   Receiving objects:  78% (1170/1500)   Receiving objects:  79% (1185/1500)   Receiving objects:  80% (1200/1500)   Receiving objects:  81% (1215/1500)   Receiving objects:  82% (1230/1500)   Receiving objects:  83% (1245/1500)   Receiving objects:  84% (1260/1500)   Receiving objects:  85% (1275/1500)   Receiving objects:  86% (1290/1500)   Receiving objects:  87% (1305/1500)   Receiving objects:  88% (1320/1500)   Receiving objects:  89% (1335/1500)   Receiving objects:  90% (1350/1500)   Receiving objects:  91% (1365/1500)   Receiving objects:  92% (1380/1500)   Receiving objects:  93% (1395/1500)   Receiving objects:  94% (1410/1500)   Receiving objects:  95% (1425/1500)   Receiving objects:  96% (1440/1500)   Receiving objects:  97% (1455/1500)   Receiving objects:  98% (1470/1500)   Receiving objects:  99% (1485/1500)   Receiving objects: 100% (1500/1500)   Receiving objects: 100% (1500/1500), 376.20 KiB, done.
Resolving deltas:   0% (0/556)   remote: Total 1500 (delta 556), reused 1288 (delta 374)[K
Resolving deltas:   2% (13/556)   Resolving deltas:   3% (17/556)   Resolving deltas:   5% (29/556)   Resolving deltas:   8% (48/556)   Resolving deltas:  10% (59/556)   Resolving deltas:  12% (70/556)   Resolving deltas:  14% (83/556)   Resolving deltas:  15% (87/556)   Resolving deltas:  16% (91/556)   Resolving deltas:  17% (100/556)   Resolving deltas:  18% (102/556)   Resolving deltas:  25% (144/556)   Resolving deltas:  26% (145/556)   Resolving deltas:  28% (157/556)   Resolving deltas:  29% (162/556)   Resolving deltas:  30% (167/556)   Resolving deltas:  37% (207/556)   Resolving deltas:  38% (215/556)   Resolving deltas:  39% (218/556)   Resolving deltas:  41% (230/556)   Resolving deltas:  42% (234/556)   Resolving deltas:  43% (241/556)   Resolving deltas:  44% (247/556)   Resolving deltas:  45% (253/556)   Resolving deltas:  46% (256/556)   Resolving deltas:  47% (263/556)   Resolving deltas:  48% (267/556)   Resolving deltas:  49% (273/556)   Resolving deltas:  50% (279/556)   Resolving deltas:  52% (291/556)   Resolving deltas:  53% (295/556)   Resolving deltas:  54% (302/556)   Resolving deltas:  55% (309/556)   Resolving deltas:  56% (315/556)   Resolving deltas:  57% (318/556)   Resolving deltas:  58% (323/556)   Resolving deltas:  59% (329/556)   Resolving deltas:  60% (338/556)   Resolving deltas:  61% (340/556)   Resolving deltas:  65% (366/556)   Resolving deltas:  66% (371/556)   Resolving deltas:  67% (378/556)   Resolving deltas:  68% (383/556)   Resolving deltas:  69% (384/556)   Resolving deltas:  72% (401/556)   Resolving deltas:  83% (464/556)   Resolving deltas:  84% (469/556)   Resolving deltas:  85% (473/556)   Resolving deltas:  88% (490/556)   Resolving deltas:  90% (504/556)   Resolving deltas:  91% (506/556)   Resolving deltas:  92% (512/556)   Resolving deltas:  94% (523/556)   Resolving deltas:  95% (529/556)   Resolving deltas:  96% (537/556)   Resolving deltas:  97% (542/556)   Resolving deltas:  99% (551/556)   Resolving deltas: 100% (556/556)   Resolving deltas: 100% (556/556), done.
travis_fold:end:git.1$ cd square/dagger
travis_fold:start:git.2$ git fetch origin +refs/pull/207/merge: 
remote: Counting objects: 55, done.[K
remote: Compressing objects:   7% (1/14)   [Kremote: Compressing objects:  14% (2/14)   [Kremote: Compressing objects:  21% (3/14)   [Kremote: Compressing objects:  28% (4/14)   [Kremote: Compressing objects:  35% (5/14)   [Kremote: Compressing objects:  42% (6/14)   [Kremote: Compressing objects:  50% (7/14)   [Kremote: Compressing objects:  57% (8/14)   [Kremote: Compressing objects:  64% (9/14)   [Kremote: Compressing objects:  71% (10/14)   [Kremote: Compressing objects:  78% (11/14)   [Kremote: Compressing objects:  85% (12/14)   [Kremote: Compressing objects:  92% (13/14)   [Kremote: Compressing objects: 100% (14/14)   [Kremote: Compressing objects: 100% (14/14), done.[K
remote: Total 34 (delta 9), reused 34 (delta 9)[K
Unpacking objects:   2% (1/34)   Unpacking objects:   5% (2/34)   Unpacking objects:   8% (3/34)   Unpacking objects:  11% (4/34)   Unpacking objects:  14% (5/34)   Unpacking objects:  17% (6/34)   Unpacking objects:  20% (7/34)   Unpacking objects:  23% (8/34)   Unpacking objects:  26% (9/34)   Unpacking objects:  29% (10/34)   Unpacking objects:  32% (11/34)   Unpacking objects:  35% (12/34)   Unpacking objects:  38% (13/34)   Unpacking objects:  41% (14/34)   Unpacking objects:  44% (15/34)   Unpacking objects:  47% (16/34)   Unpacking objects:  50% (17/34)   Unpacking objects:  52% (18/34)   Unpacking objects:  55% (19/34)   Unpacking objects:  58% (20/34)   Unpacking objects:  61% (21/34)   Unpacking objects:  64% (22/34)   Unpacking objects:  67% (23/34)   Unpacking objects:  70% (24/34)   Unpacking objects:  73% (25/34)   Unpacking objects:  76% (26/34)   Unpacking objects:  79% (27/34)   Unpacking objects:  82% (28/34)   Unpacking objects:  85% (29/34)   Unpacking objects:  88% (30/34)   Unpacking objects:  91% (31/34)   Unpacking objects:  94% (32/34)   Unpacking objects:  97% (33/34)   Unpacking objects: 100% (34/34)   Unpacking objects: 100% (34/34), done.
From git://github.com/square/dagger
 * branch            refs/pull/207/merge -> FETCH_HEAD
travis_fold:end:git.2travis_fold:start:git.3$ git checkout -qf FETCH_HEAD
travis_fold:end:git.3$ java -version
java version "1.7.0_15"
OpenJDK Runtime Environment (IcedTea7 2.3.7) (7u15-2.3.7-0ubuntu1~12.04.1)
OpenJDK 64-Bit Server VM (build 23.7-b01, mixed mode)
$ javac -version
javac 1.7.0_15
travis_fold:start:install$ mvn install clean --fail-never --quiet -DskipTests=true -Dinvoker.skip=true
travis_fold:end:install$ mvn verify
[INFO] Scanning for projects...
[INFO] ------------------------------------------------------------------------
[INFO] Reactor Build Order:
[INFO] 
[INFO] Dagger (Parent)
[INFO] Dagger
[INFO] Dagger Compiler
[INFO] Dagger Example (Parent)
[INFO] Dagger Example - Simple
[INFO]                                                                         
[INFO] ------------------------------------------------------------------------
[INFO] Building Dagger (Parent) 1.0-SNAPSHOT
[INFO] ------------------------------------------------------------------------
[INFO] 
[INFO] --- maven-enforcer-plugin:1.0:enforce (enforce-maven) @ dagger-parent ---
[INFO] 
[INFO] --- maven-checkstyle-plugin:2.10:checkstyle (default) @ dagger-parent ---
[INFO]                                                                         
[INFO] ------------------------------------------------------------------------
[INFO] Building Dagger 1.0-SNAPSHOT
[INFO] ------------------------------------------------------------------------
[INFO] 
[INFO] --- maven-enforcer-plugin:1.0:enforce (enforce-maven) @ dagger ---
[INFO] 
[INFO] --- maven-resources-plugin:2.3:resources (default-resources) @ dagger ---
[INFO] Using 'UTF-8' encoding to copy filtered resources.
[INFO] skip non existing resourceDirectory /home/travis/build/square/dagger/core/src/main/resources
[INFO] 
[INFO] --- maven-compiler-plugin:2.5:compile (default-compile) @ dagger ---
[INFO] Compiling 24 source files to /home/travis/build/square/dagger/core/target/classes
[WARNING] bootstrap class path not set in conjunction with -source 1.6
/home/travis/build/square/dagger/core/src/main/java/dagger/internal/UniqueMap.java:[24,7] [serial] serializable class UniqueMap has no definition of serialVersionUID
[WARNING] /home/travis/build/square/dagger/core/src/main/java/dagger/internal/plugins/reflect/ReflectiveModuleAdapter.java:[139,23] [rawtypes] found raw type: Binding
[INFO] 
[INFO] --- maven-resources-plugin:2.3:testResources (default-testResources) @ dagger ---
[INFO] Using 'UTF-8' encoding to copy filtered resources.
[INFO] skip non existing resourceDirectory /home/travis/build/square/dagger/core/src/test/resources
[INFO] 
[INFO] --- maven-compiler-plugin:2.5:testCompile (default-testCompile) @ dagger ---
[INFO] Compiling 13 source files to /home/travis/build/square/dagger/core/target/test-classes
[INFO] 
[INFO] --- maven-surefire-plugin:2.10:test (default-test) @ dagger ---
[INFO] Surefire report directory: /home/travis/build/square/dagger/core/target/surefire-reports
Downloading: http://maven.mirrors.travis-ci.org/nexus/content/repositories/central/org/apache/maven/surefire/surefire-junit4/2.10/surefire-junit4-2.10.pom
3/3 KB            Downloaded: http://maven.mirrors.travis-ci.org/nexus/content/repositories/central/org/apache/maven/surefire/surefire-junit4/2.10/surefire-junit4-2.10.pom (3 KB at 4.1 KB/sec)
Downloading: http://maven.mirrors.travis-ci.org/nexus/content/repositories/central/org/apache/maven/surefire/surefire-providers/2.10/surefire-providers-2.10.pom
3/3 KB            Downloaded: http://maven.mirrors.travis-ci.org/nexus/content/repositories/central/org/apache/maven/surefire/surefire-providers/2.10/surefire-providers-2.10.pom (3 KB at 6.7 KB/sec)
Downloading: http://maven.mirrors.travis-ci.org/nexus/content/repositories/central/org/apache/maven/surefire/surefire-junit4/2.10/surefire-junit4-2.10.jar
4/33 KB   8/33 KB   9/33 KB   13/33 KB   17/33 KB   21/33 KB   23/33 KB   26/33 KB   30/33 KB   33/33 KB              Downloaded: http://maven.mirrors.travis-ci.org/nexus/content/repositories/central/org/apache/maven/surefire/surefire-junit4/2.10/surefire-junit4-2.10.jar (33 KB at 65.7 KB/sec)

-------------------------------------------------------
 T E S T S
-------------------------------------------------------
Running dagger.MembersInjectorTest
Tests run: 8, Failures: 0, Errors: 0, Skipped: 0, Time elapsed: 0.169 sec
Running dagger.internal.SingletonBindingTest
Tests run: 7, Failures: 0, Errors: 0, Skipped: 0, Time elapsed: 0.014 sec
Running dagger.internal.KeysTest
Tests run: 18, Failures: 0, Errors: 0, Skipped: 0, Time elapsed: 0.053 sec
Running dagger.ProblemDetectorTest
Tests run: 3, Failures: 0, Errors: 0, Skipped: 0, Time elapsed: 0.012 sec
Running dagger.InjectStaticsTest
Tests run: 3, Failures: 0, Errors: 0, Skipped: 0, Time elapsed: 0.012 sec
Running dagger.LazyInjectionTest
Tests run: 5, Failures: 0, Errors: 0, Skipped: 0, Time elapsed: 0.013 sec
Running dagger.ExtensionTest
Tests run: 3, Failures: 0, Errors: 0, Skipped: 0, Time elapsed: 0.03 sec
Running dagger.InjectionTest
Tests run: 34, Failures: 0, Errors: 0, Skipped: 0, Time elapsed: 0.149 sec
Running dagger.ModuleTest
Tests run: 14, Failures: 0, Errors: 0, Skipped: 0, Time elapsed: 0.052 sec
Running dagger.SetBindingTest
Tests run: 7, Failures: 0, Errors: 0, Skipped: 0, Time elapsed: 0.036 sec
Running dagger.ThreadSafetyTest
Tests run: 2, Failures: 0, Errors: 0, Skipped: 0, Time elapsed: 0.067 sec
Running dagger.ExtensionWithStateTest
Tests run: 1, Failures: 0, Errors: 0, Skipped: 0, Time elapsed: 0.003 sec
Running dagger.InjectionOfLazyTest
Tests run: 4, Failures: 0, Errors: 0, Skipped: 0, Time elapsed: 0.013 sec

Results :

Tests run: 109, Failures: 0, Errors: 0, Skipped: 0

[INFO] 
[INFO] --- maven-jar-plugin:2.2:jar (default-jar) @ dagger ---
[INFO] Building jar: /home/travis/build/square/dagger/core/target/dagger-1.0-SNAPSHOT.jar
[INFO] 
[INFO] --- maven-checkstyle-plugin:2.10:checkstyle (default) @ dagger ---
[INFO] Starting audit...
Audit done.

[WARNING] Unable to locate Source XRef to link to - DISABLED
[INFO]                                                                         
[INFO] ------------------------------------------------------------------------
[INFO] Building Dagger Compiler 1.0-SNAPSHOT
[INFO] ------------------------------------------------------------------------
[INFO] 
[INFO] --- maven-enforcer-plugin:1.0:enforce (enforce-maven) @ dagger-compiler ---
[INFO] 
[INFO] --- maven-resources-plugin:2.3:resources (default-resources) @ dagger-compiler ---
[INFO] Using 'UTF-8' encoding to copy filtered resources.
[INFO] Copying 1 resource
[INFO] 
[INFO] --- maven-compiler-plugin:2.5:compile (default-compile) @ dagger-compiler ---
[INFO] Compiling 11 source files to /home/travis/build/square/dagger/compiler/target/classes
[INFO] 
[INFO] --- maven-resources-plugin:2.3:testResources (default-testResources) @ dagger-compiler ---
[INFO] Using 'UTF-8' encoding to copy filtered resources.
[INFO] skip non existing resourceDirectory /home/travis/build/square/dagger/compiler/src/test/resources
[INFO] 
[INFO] --- maven-compiler-plugin:2.5:testCompile (default-testCompile) @ dagger-compiler ---
[INFO] Compiling 3 source files to /home/travis/build/square/dagger/compiler/target/test-classes
[INFO] 
[INFO] --- maven-surefire-plugin:2.10:test (default-test) @ dagger-compiler ---
[INFO] Surefire report directory: /home/travis/build/square/dagger/compiler/target/surefire-reports

-------------------------------------------------------
 T E S T S
-------------------------------------------------------
Running dagger.internal.codegen.DotWriterTest
Tests run: 4, Failures: 0, Errors: 0, Skipped: 0, Time elapsed: 0.093 sec
Running dagger.internal.codegen.GraphVisualizerTest
Tests run: 7, Failures: 0, Errors: 0, Skipped: 0, Time elapsed: 0.047 sec

Results :

Tests run: 11, Failures: 0, Errors: 0, Skipped: 0

[INFO] 
[INFO] --- maven-jar-plugin:2.2:jar (default-jar) @ dagger-compiler ---
[INFO] Building jar: /home/travis/build/square/dagger/compiler/target/dagger-compiler-1.0-SNAPSHOT.jar
[INFO] 
[INFO] --- maven-invoker-plugin:1.7:install (integration-test) @ dagger-compiler ---
[INFO] Installing /home/travis/build/square/dagger/core/pom.xml to /home/travis/build/square/dagger/compiler/target/local-repo/com/squareup/dagger/dagger/1.0-SNAPSHOT/dagger-1.0-SNAPSHOT.pom
[INFO] Installing /home/travis/build/square/dagger/core/target/dagger-1.0-SNAPSHOT.jar to /home/travis/build/square/dagger/compiler/target/local-repo/com/squareup/dagger/dagger/1.0-SNAPSHOT/dagger-1.0-SNAPSHOT.jar
[INFO] Installing /home/travis/build/square/dagger/pom.xml to /home/travis/build/square/dagger/compiler/target/local-repo/com/squareup/dagger/dagger-parent/1.0-SNAPSHOT/dagger-parent-1.0-SNAPSHOT.pom
[INFO] Installing /home/travis/build/square/dagger/compiler/pom.xml to /home/travis/build/square/dagger/compiler/target/local-repo/com/squareup/dagger/dagger-compiler/1.0-SNAPSHOT/dagger-compiler-1.0-SNAPSHOT.pom
[INFO] Installing /home/travis/build/square/dagger/compiler/target/dagger-compiler-1.0-SNAPSHOT.jar to /home/travis/build/square/dagger/compiler/target/local-repo/com/squareup/dagger/dagger-compiler/1.0-SNAPSHOT/dagger-compiler-1.0-SNAPSHOT.jar
[INFO] 
[INFO] --- maven-invoker-plugin:1.7:run (integration-test) @ dagger-compiler ---
[INFO] Building: include-non-module/pom.xml
[INFO] ..SUCCESS (32.2 s)
[INFO] Building: inject-parameterized-type/pom.xml
[INFO] ..SUCCESS (31.9 s)
[INFO] Building: interface-on-module/pom.xml
[INFO] run script verify.bsh
[INFO] ..SUCCESS (7.0 s)
[INFO] Building: missing-at-inject-constructor/pom.xml
[INFO] run script verify.bsh
[INFO] ..SUCCESS (7.0 s)
[INFO] Building: private-inject/pom.xml
[INFO] run script verify.bsh
[INFO] ..SUCCESS (6.6 s)
[INFO] Building: module-type-validation/pom.xml
[INFO] run script verify.bsh
[INFO] ..SUCCESS (6.7 s)
[INFO] Building: cyclic-deps/pom.xml
[INFO] run script verify.bsh
[INFO] ..SUCCESS (6.9 s)
[INFO] Building: multiple-provides-methods/pom.xml
[INFO] run script verify.bsh
[INFO] ..SUCCESS (8.3 s)
[INFO] Building: extension-graph/pom.xml
[INFO] ..SUCCESS (8.2 s)
[INFO] Building: cyclic-module-includes/pom.xml
[INFO] run script verify.bsh
[INFO] ..SUCCESS (6.6 s)
[INFO] Building: same-provides-method-name/pom.xml
[INFO] ..SUCCESS (8.4 s)
[INFO] Building: uninjectable-supertype/pom.xml
[INFO] ..SUCCESS (7.9 s)
[INFO] Building: simple-missing-dependency-failure/pom.xml
[INFO] run script verify.bsh
[INFO] ..SUCCESS (6.9 s)
[INFO] Building: inner-classes-complaint-injection/pom.xml
[INFO] run script verify.bsh
[INFO] ..SUCCESS (6.6 s)
[INFO] Building: provides-method-with-throws-clause/pom.xml
[INFO] run script verify.bsh
[INFO] ..SUCCESS (6.7 s)
[INFO] Building: method-injection/pom.xml
[INFO] run script verify.bsh
[INFO] ..SUCCESS (6.6 s)
[INFO] Building: default-package-injected-type/pom.xml
[INFO] ..SUCCESS (8.2 s)
[INFO] -------------------------------------------------
[INFO] Build Summary:
[INFO]   Passed: 17, Failed: 0, Errors: 0, Skipped: 0
[INFO] -------------------------------------------------
[INFO] 
[INFO] --- maven-checkstyle-plugin:2.10:checkstyle (default) @ dagger-compiler ---
[INFO] Starting audit...
Audit done.

[WARNING] Unable to locate Source XRef to link to - DISABLED
[INFO]                                                                         
[INFO] ------------------------------------------------------------------------
[INFO] Building Dagger Example (Parent) 1.0-SNAPSHOT
[INFO] ------------------------------------------------------------------------
[INFO] 
[INFO] --- maven-enforcer-plugin:1.0:enforce (enforce-maven) @ dagger-example-parent ---
[INFO] 
[INFO] --- maven-checkstyle-plugin:2.10:checkstyle (default) @ dagger-example-parent ---
[INFO]                                                                         
[INFO] ------------------------------------------------------------------------
[INFO] Building Dagger Example - Simple 1.0-SNAPSHOT
[INFO] ------------------------------------------------------------------------
[INFO] 
[INFO] --- maven-enforcer-plugin:1.0:enforce (enforce-maven) @ simple-dagger-example ---
[INFO] 
[INFO] --- maven-resources-plugin:2.3:resources (default-resources) @ simple-dagger-example ---
[INFO] Using 'UTF-8' encoding to copy filtered resources.
[INFO] skip non existing resourceDirectory /home/travis/build/square/dagger/examples/simple/src/main/resources
[INFO] 
[INFO] --- maven-compiler-plugin:2.5:compile (default-compile) @ simple-dagger-example ---
[INFO] Compiling 8 source files to /home/travis/build/square/dagger/examples/simple/target/classes
[INFO] 
[INFO] --- maven-resources-plugin:2.3:testResources (default-testResources) @ simple-dagger-example ---
[INFO] Using 'UTF-8' encoding to copy filtered resources.
[INFO] skip non existing resourceDirectory /home/travis/build/square/dagger/examples/simple/src/test/resources
[INFO] 
[INFO] --- maven-compiler-plugin:2.5:testCompile (default-testCompile) @ simple-dagger-example ---
[INFO] No sources to compile
[INFO] 
[INFO] --- maven-surefire-plugin:2.10:test (default-test) @ simple-dagger-example ---
[INFO] No tests to run.
[INFO] Surefire report directory: /home/travis/build/square/dagger/examples/simple/target/surefire-reports
Downloading: http://maven.mirrors.travis-ci.org/nexus/content/repositories/central/org/apache/maven/surefire/surefire-junit3/2.10/surefire-junit3-2.10.pom
2/2 KB              Downloaded: http://maven.mirrors.travis-ci.org/nexus/content/repositories/central/org/apache/maven/surefire/surefire-junit3/2.10/surefire-junit3-2.10.pom (2 KB at 3.0 KB/sec)
Downloading: http://maven.mirrors.travis-ci.org/nexus/content/repositories/central/org/apache/maven/surefire/surefire-junit3/2.10/surefire-junit3-2.10.jar
4/26 KB   8/26 KB   9/26 KB   13/26 KB   17/26 KB   21/26 KB   23/26 KB   26/26 KB              Downloaded: http://maven.mirrors.travis-ci.org/nexus/content/repositories/central/org/apache/maven/surefire/surefire-junit3/2.10/surefire-junit3-2.10.jar (26 KB at 51.3 KB/sec)

-------------------------------------------------------
 T E S T S
-------------------------------------------------------

Results :

Tests run: 0, Failures: 0, Errors: 0, Skipped: 0

[INFO] 
[INFO] --- maven-jar-plugin:2.2:jar (default-jar) @ simple-dagger-example ---
[INFO] Building jar: /home/travis/build/square/dagger/examples/simple/target/simple-dagger-example-1.0-SNAPSHOT.jar
[INFO] 
[INFO] --- maven-checkstyle-plugin:2.10:checkstyle (default) @ simple-dagger-example ---
[INFO] Starting audit...
Audit done.

[WARNING] Unable to locate Source XRef to link to - DISABLED
[INFO] ------------------------------------------------------------------------
[INFO] Reactor Summary:
[INFO] 
[INFO] Dagger (Parent) ................................... SUCCESS [2.563s]
[INFO] Dagger ............................................ SUCCESS [9.112s]
[INFO] Dagger Compiler ................................... SUCCESS [2:55.961s]
[INFO] Dagger Example (Parent) ........................... SUCCESS [0.009s]
[INFO] Dagger Example - Simple ........................... SUCCESS [2.083s]
[INFO] ------------------------------------------------------------------------
[INFO] BUILD SUCCESS
[INFO] ------------------------------------------------------------------------
[INFO] Total time: 3:10.220s
[INFO] Finished at: Sat Apr 13 07:44:49 UTC 2013
[INFO] Final Memory: 22M/135M
[INFO] ------------------------------------------------------------------------

The command "mvn verify" exited with 0.

Done. Your build exited with 0.
