Using worker: worker-linux-5-1.bb.travis-ci.org:travis-linux-14

travis_fold:start:git.1$ git clone --depth=50 --branch="kiran/LEVEL-UP" git://github.com/square/dagger.git square/dagger
Cloning into 'square/dagger'...
remote: Counting objects: 3736, done.[K
remote: Compressing objects:   0% (1/1485)   [Kremote: Compressing objects:   1% (15/1485)   [Kremote: Compressing objects:   2% (30/1485)   [Kremote: Compressing objects:   3% (45/1485)   [Kremote: Compressing objects:   4% (60/1485)   [Kremote: Compressing objects:   5% (75/1485)   [Kremote: Compressing objects:   6% (90/1485)   [Kremote: Compressing objects:   7% (104/1485)   [Kremote: Compressing objects:   8% (119/1485)   [Kremote: Compressing objects:   9% (134/1485)   [Kremote: Compressing objects:  10% (149/1485)   [Kremote: Compressing objects:  11% (164/1485)   [Kremote: Compressing objects:  12% (179/1485)   [Kremote: Compressing objects:  13% (194/1485)   [Kremote: Compressing objects:  14% (208/1485)   [Kremote: Compressing objects:  15% (223/1485)   [Kremote: Compressing objects:  16% (238/1485)   [Kremote: Compressing objects:  17% (253/1485)   [Kremote: Compressing objects:  18% (268/1485)   [Kremote: Compressing objects:  19% (283/1485)   [Kremote: Compressing objects:  20% (297/1485)   [Kremote: Compressing objects:  21% (312/1485)   [Kremote: Compressing objects:  22% (327/1485)   [Kremote: Compressing objects:  23% (342/1485)   [Kremote: Compressing objects:  24% (357/1485)   [Kremote: Compressing objects:  25% (372/1485)   [Kremote: Compressing objects:  26% (387/1485)   [Kremote: Compressing objects:  27% (401/1485)   [Kremote: Compressing objects:  28% (416/1485)   [Kremote: Compressing objects:  29% (431/1485)   [Kremote: Compressing objects:  30% (446/1485)   [Kremote: Compressing objects:  31% (461/1485)   [Kremote: Compressing objects:  32% (476/1485)   [Kremote: Compressing objects:  33% (491/1485)   [Kremote: Compressing objects:  34% (505/1485)   [Kremote: Compressing objects:  35% (520/1485)   [Kremote: Compressing objects:  36% (535/1485)   [Kremote: Compressing objects:  37% (550/1485)   [Kremote: Compressing objects:  38% (565/1485)   [Kremote: Compressing objects:  39% (580/1485)   [Kremote: Compressing objects:  40% (594/1485)   [Kremote: Compressing objects:  41% (609/1485)   [Kremote: Compressing objects:  42% (624/1485)   [Kremote: Compressing objects:  43% (639/1485)   [Kremote: Compressing objects:  44% (654/1485)   [Kremote: Compressing objects:  45% (669/1485)   [Kremote: Compressing objects:  46% (684/1485)   [Kremote: Compressing objects:  47% (698/1485)   [Kremote: Compressing objects:  48% (713/1485)   [Kremote: Compressing objects:  49% (728/1485)   [Kremote: Compressing objects:  50% (743/1485)   [Kremote: Compressing objects:  51% (758/1485)   [Kremote: Compressing objects:  52% (773/1485)   [Kremote: Compressing objects:  53% (788/1485)   [Kremote: Compressing objects:  54% (802/1485)   [Kremote: Compressing objects:  55% (817/1485)   [Kremote: Compressing objects:  56% (832/1485)   [Kremote: Compressing objects:  57% (847/1485)   [Kremote: Compressing objects:  58% (862/1485)   [Kremote: Compressing objects:  59% (877/1485)   [Kremote: Compressing objects:  60% (891/1485)   [Kremote: Compressing objects:  61% (906/1485)   [Kremote: Compressing objects:  62% (921/1485)   [Kremote: Compressing objects:  63% (936/1485)   [Kremote: Compressing objects:  64% (951/1485)   [Kremote: Compressing objects:  65% (966/1485)   [Kremote: Compressing objects:  66% (981/1485)   [Kremote: Compressing objects:  67% (995/1485)   [Kremote: Compressing objects:  68% (1010/1485)   [Kremote: Compressing objects:  69% (1025/1485)   [Kremote: Compressing objects:  70% (1040/1485)   [Kremote: Compressing objects:  71% (1055/1485)   [Kremote: Compressing objects:  72% (1070/1485)   [Kremote: Compressing objects:  73% (1085/1485)   [Kremote: Compressing objects:  74% (1099/1485)   [Kremote: Compressing objects:  75% (1114/1485)   [Kremote: Compressing objects:  76% (1129/1485)   [Kremote: Compressing objects:  77% (1144/1485)   [Kremote: Compressing objects:  78% (1159/1485)   [Kremote: Compressing objects:  79% (1174/1485)   [Kremote: Compressing objects:  80% (1188/1485)   [Kremote: Compressing objects:  81% (1203/1485)   [Kremote: Compressing objects:  82% (1218/1485)   [Kremote: Compressing objects:  83% (1233/1485)   [Kremote: Compressing objects:  84% (1248/1485)   [Kremote: Compressing objects:  85% (1263/1485)   [Kremote: Compressing objects:  86% (1278/1485)   [Kremote: Compressing objects:  87% (1292/1485)   [Kremote: Compressing objects:  88% (1307/1485)   [Kremote: Compressing objects:  89% (1322/1485)   [Kremote: Compressing objects:  90% (1337/1485)   [Kremote: Compressing objects:  91% (1352/1485)   [Kremote: Compressing objects:  92% (1367/1485)   [Kremote: Compressing objects:  93% (1382/1485)   [Kremote: Compressing objects:  94% (1396/1485)   [Kremote: Compressing objects:  95% (1411/1485)   [Kremote: Compressing objects:  96% (1426/1485)   [Kremote: Compressing objects:  97% (1441/1485)   [Kremote: Compressing objects:  98% (1456/1485)   [Kremote: Compressing objects:  99% (1471/1485)   [Kremote: Compressing objects: 100% (1485/1485)   [Kremote: Compressing objects: 100% (1485/1485), done.[K
Receiving objects:   0% (1/3736)   Receiving objects:   1% (38/3736)   Receiving objects:   2% (75/3736)   Receiving objects:   3% (113/3736)   Receiving objects:   4% (150/3736)   Receiving objects:   5% (187/3736)   Receiving objects:   6% (225/3736)   Receiving objects:   7% (262/3736)   Receiving objects:   8% (299/3736)   Receiving objects:   9% (337/3736)   Receiving objects:  10% (374/3736)   Receiving objects:  11% (411/3736)   Receiving objects:  12% (449/3736)   Receiving objects:  13% (486/3736)   Receiving objects:  14% (524/3736)   Receiving objects:  15% (561/3736)   Receiving objects:  16% (598/3736)   Receiving objects:  17% (636/3736)   Receiving objects:  18% (673/3736)   Receiving objects:  19% (710/3736)   Receiving objects:  20% (748/3736)   Receiving objects:  21% (785/3736)   Receiving objects:  22% (822/3736)   Receiving objects:  23% (860/3736)   Receiving objects:  24% (897/3736)   Receiving objects:  25% (934/3736)   Receiving objects:  26% (972/3736)   Receiving objects:  27% (1009/3736)   Receiving objects:  28% (1047/3736)   Receiving objects:  29% (1084/3736)   Receiving objects:  30% (1121/3736)   Receiving objects:  31% (1159/3736)   Receiving objects:  32% (1196/3736)   Receiving objects:  33% (1233/3736)   Receiving objects:  34% (1271/3736)   Receiving objects:  35% (1308/3736)   Receiving objects:  36% (1345/3736)   Receiving objects:  37% (1383/3736)   Receiving objects:  38% (1420/3736)   Receiving objects:  39% (1458/3736)   Receiving objects:  40% (1495/3736)   Receiving objects:  41% (1532/3736)   Receiving objects:  42% (1570/3736)   Receiving objects:  43% (1607/3736)   Receiving objects:  44% (1644/3736)   Receiving objects:  45% (1682/3736)   Receiving objects:  46% (1719/3736)   Receiving objects:  47% (1756/3736)   Receiving objects:  48% (1794/3736)   Receiving objects:  49% (1831/3736)   Receiving objects:  50% (1868/3736)   Receiving objects:  51% (1906/3736)   Receiving objects:  52% (1943/3736)   Receiving objects:  53% (1981/3736)   Receiving objects:  54% (2018/3736)   Receiving objects:  55% (2055/3736)   Receiving objects:  56% (2093/3736)   Receiving objects:  57% (2130/3736)   Receiving objects:  58% (2167/3736)   Receiving objects:  59% (2205/3736)   Receiving objects:  60% (2242/3736)   Receiving objects:  61% (2279/3736)   Receiving objects:  62% (2317/3736)   Receiving objects:  63% (2354/3736)   Receiving objects:  64% (2392/3736)   Receiving objects:  65% (2429/3736)   Receiving objects:  66% (2466/3736)   Receiving objects:  67% (2504/3736)   Receiving objects:  68% (2541/3736)   Receiving objects:  69% (2578/3736)   Receiving objects:  70% (2616/3736)   Receiving objects:  71% (2653/3736)   Receiving objects:  72% (2690/3736)   Receiving objects:  73% (2728/3736)   Receiving objects:  74% (2765/3736)   Receiving objects:  75% (2802/3736)   Receiving objects:  76% (2840/3736)   Receiving objects:  77% (2877/3736)   Receiving objects:  78% (2915/3736)   Receiving objects:  79% (2952/3736)   Receiving objects:  80% (2989/3736)   Receiving objects:  81% (3027/3736)   Receiving objects:  82% (3064/3736)   Receiving objects:  83% (3101/3736)   remote: Total 3736 (delta 1530), reused 3504 (delta 1338)[K
Receiving objects:  84% (3139/3736)   Receiving objects:  85% (3176/3736)   Receiving objects:  86% (3213/3736)   Receiving objects:  87% (3251/3736)   Receiving objects:  88% (3288/3736)   Receiving objects:  89% (3326/3736)   Receiving objects:  90% (3363/3736)   Receiving objects:  91% (3400/3736)   Receiving objects:  92% (3438/3736)   Receiving objects:  93% (3475/3736)   Receiving objects:  94% (3512/3736)   Receiving objects:  95% (3550/3736)   Receiving objects:  96% (3587/3736)   Receiving objects:  97% (3624/3736)   Receiving objects:  98% (3662/3736)   Receiving objects:  99% (3699/3736)   Receiving objects: 100% (3736/3736)   Receiving objects: 100% (3736/3736), 642.88 KiB, done.
Resolving deltas:   0% (0/1530)   Resolving deltas:   1% (18/1530)   Resolving deltas:   2% (39/1530)   Resolving deltas:   3% (61/1530)   Resolving deltas:   5% (83/1530)   Resolving deltas:   6% (98/1530)   Resolving deltas:   8% (137/1530)   Resolving deltas:   9% (141/1530)   Resolving deltas:  10% (153/1530)   Resolving deltas:  13% (211/1530)   Resolving deltas:  14% (229/1530)   Resolving deltas:  15% (230/1530)   Resolving deltas:  18% (289/1530)   Resolving deltas:  22% (342/1530)   Resolving deltas:  23% (367/1530)   Resolving deltas:  25% (386/1530)   Resolving deltas:  27% (420/1530)   Resolving deltas:  28% (430/1530)   Resolving deltas:  29% (454/1530)   Resolving deltas:  30% (464/1530)   Resolving deltas:  31% (480/1530)   Resolving deltas:  32% (491/1530)   Resolving deltas:  34% (529/1530)   Resolving deltas:  37% (571/1530)   Resolving deltas:  38% (582/1530)   Resolving deltas:  39% (610/1530)   Resolving deltas:  41% (635/1530)   Resolving deltas:  43% (658/1530)   Resolving deltas:  44% (680/1530)   Resolving deltas:  45% (696/1530)   Resolving deltas:  46% (707/1530)   Resolving deltas:  48% (735/1530)   Resolving deltas:  49% (760/1530)   Resolving deltas:  50% (765/1530)   Resolving deltas:  51% (794/1530)   Resolving deltas:  52% (801/1530)   Resolving deltas:  53% (813/1530)   Resolving deltas:  54% (828/1530)   Resolving deltas:  55% (842/1530)   Resolving deltas:  61% (935/1530)   Resolving deltas:  62% (960/1530)   Resolving deltas:  67% (1026/1530)   Resolving deltas:  68% (1044/1530)   Resolving deltas:  69% (1056/1530)   Resolving deltas:  70% (1081/1530)   Resolving deltas:  71% (1087/1530)   Resolving deltas:  72% (1102/1530)   Resolving deltas:  73% (1125/1530)   Resolving deltas:  75% (1154/1530)   Resolving deltas:  76% (1166/1530)   Resolving deltas:  77% (1179/1530)   Resolving deltas:  79% (1216/1530)   Resolving deltas:  81% (1240/1530)   Resolving deltas:  83% (1285/1530)   Resolving deltas:  84% (1295/1530)   Resolving deltas:  85% (1301/1530)   Resolving deltas:  86% (1318/1530)   Resolving deltas:  87% (1334/1530)   Resolving deltas:  88% (1358/1530)   Resolving deltas:  89% (1372/1530)   Resolving deltas:  90% (1378/1530)   Resolving deltas:  91% (1393/1530)   Resolving deltas:  92% (1408/1530)   Resolving deltas:  93% (1432/1530)   Resolving deltas:  94% (1439/1530)   Resolving deltas:  95% (1455/1530)   Resolving deltas:  96% (1476/1530)   Resolving deltas:  97% (1488/1530)   Resolving deltas:  98% (1501/1530)   Resolving deltas:  99% (1515/1530)   Resolving deltas: 100% (1530/1530)   Resolving deltas: 100% (1530/1530), done.
Checking out files:  17% (25/146)   Checking out files:  18% (27/146)   Checking out files:  19% (28/146)   Checking out files:  20% (30/146)   Checking out files:  21% (31/146)   Checking out files:  22% (33/146)   Checking out files:  23% (34/146)   Checking out files:  24% (36/146)   Checking out files:  25% (37/146)   Checking out files:  26% (38/146)   Checking out files:  27% (40/146)   Checking out files:  28% (41/146)   Checking out files:  29% (43/146)   Checking out files:  30% (44/146)   Checking out files:  31% (46/146)   Checking out files:  32% (47/146)   Checking out files:  33% (49/146)   Checking out files:  34% (50/146)   Checking out files:  35% (52/146)   Checking out files:  36% (53/146)   Checking out files:  37% (55/146)   Checking out files:  38% (56/146)   Checking out files:  39% (57/146)   Checking out files:  40% (59/146)   Checking out files:  41% (60/146)   Checking out files:  42% (62/146)   Checking out files:  43% (63/146)   Checking out files:  44% (65/146)   Checking out files:  45% (66/146)   Checking out files:  46% (68/146)   Checking out files:  47% (69/146)   Checking out files:  48% (71/146)   Checking out files:  49% (72/146)   Checking out files:  50% (73/146)   Checking out files:  51% (75/146)   Checking out files:  52% (76/146)   Checking out files:  53% (78/146)   Checking out files:  54% (79/146)   Checking out files:  55% (81/146)   Checking out files:  56% (82/146)   Checking out files:  57% (84/146)   Checking out files:  58% (85/146)   Checking out files:  59% (87/146)   Checking out files:  60% (88/146)   Checking out files:  61% (90/146)   Checking out files:  62% (91/146)   Checking out files:  63% (92/146)   Checking out files:  64% (94/146)   Checking out files:  65% (95/146)   Checking out files:  66% (97/146)   Checking out files:  67% (98/146)   Checking out files:  68% (100/146)   Checking out files:  69% (101/146)   Checking out files:  70% (103/146)   Checking out files:  71% (104/146)   Checking out files:  72% (106/146)   Checking out files:  73% (107/146)   Checking out files:  73% (108/146)   Checking out files:  74% (109/146)   Checking out files:  75% (110/146)   Checking out files:  76% (111/146)   Checking out files:  77% (113/146)   Checking out files:  78% (114/146)   Checking out files:  79% (116/146)   Checking out files:  80% (117/146)   Checking out files:  81% (119/146)   Checking out files:  82% (120/146)   Checking out files:  83% (122/146)   Checking out files:  84% (123/146)   Checking out files:  85% (125/146)   Checking out files:  86% (126/146)   Checking out files:  87% (128/146)   Checking out files:  88% (129/146)   Checking out files:  89% (130/146)   Checking out files:  90% (132/146)   Checking out files:  91% (133/146)   Checking out files:  92% (135/146)   Checking out files:  93% (136/146)   Checking out files:  94% (138/146)   Checking out files:  95% (139/146)   Checking out files:  96% (141/146)   Checking out files:  97% (142/146)   Checking out files:  98% (144/146)   Checking out files:  99% (145/146)   Checking out files: 100% (146/146)   Checking out files: 100% (146/146), done.
travis_fold:end:git.1$ cd square/dagger
travis_fold:start:git.2$ git checkout -qf d137da8b408ce6948e6632074ffa7be6f2217ee0
travis_fold:end:git.2$ jdk_switcher use oraclejdk6
$ java -version
java version "1.7.0_15"
OpenJDK Runtime Environment (IcedTea7 2.3.7) (7u15-2.3.7-0ubuntu1~12.04.1)
OpenJDK 64-Bit Server VM (build 23.7-b01, mixed mode)
$ javac -version
javac 1.7.0_15
travis_fold:start:install$ mvn install clean --fail-never --quiet -DskipTests=true -Dinvoker.skip=true
travis_fold:end:install$ mvn verify
[INFO] Scanning for projects...
[INFO] ------------------------------------------------------------------------
[INFO] Reactor Build Order:
[INFO] 
[INFO] Dagger (Parent)
[INFO] Dagger
[INFO] Dagger Compiler
[INFO] Dagger Example (Parent)
[INFO] Dagger Example - Simple
[INFO]                                                                         
[INFO] ------------------------------------------------------------------------
[INFO] Building Dagger (Parent) 1.0-SNAPSHOT
[INFO] ------------------------------------------------------------------------
[INFO] 
[INFO] --- maven-enforcer-plugin:1.0:enforce (enforce-maven) @ dagger-parent ---
[INFO] 
[INFO] --- maven-checkstyle-plugin:2.10:checkstyle (default) @ dagger-parent ---
[INFO]                                                                         
[INFO] ------------------------------------------------------------------------
[INFO] Building Dagger 1.0-SNAPSHOT
[INFO] ------------------------------------------------------------------------
[INFO] 
[INFO] --- maven-enforcer-plugin:1.0:enforce (enforce-maven) @ dagger ---
[INFO] 
[INFO] --- maven-resources-plugin:2.3:resources (default-resources) @ dagger ---
[INFO] Using 'UTF-8' encoding to copy filtered resources.
[INFO] skip non existing resourceDirectory /home/travis/build/square/dagger/core/src/main/resources
[INFO] 
[INFO] --- maven-compiler-plugin:2.5:compile (default-compile) @ dagger ---
[INFO] Compiling 24 source files to /home/travis/build/square/dagger/core/target/classes
[WARNING] bootstrap class path not set in conjunction with -source 1.6
/home/travis/build/square/dagger/core/src/main/java/dagger/internal/ProblemDetector.java:[33,14] [rawtypes] found raw type: Binding
[WARNING]   missing type arguments for generic class Binding<T>
  where T is a type-variable:
    T extends Object declared in class Binding
/home/travis/build/square/dagger/core/src/main/java/dagger/internal/ProblemDetector.java:[33,54] [rawtypes] found raw type: Binding
[WARNING]   missing type arguments for generic class Binding<T>
  where T is a type-variable:
    T extends Object declared in class Binding
/home/travis/build/square/dagger/core/src/main/java/dagger/internal/UniqueMap.java:[24,7] [serial] serializable class UniqueMap has no definition of serialVersionUID
[WARNING] /home/travis/build/square/dagger/core/src/main/java/dagger/internal/plugins/reflect/ReflectiveModuleAdapter.java:[127,23] [rawtypes] found raw type: Binding
[INFO] 
[INFO] --- maven-resources-plugin:2.3:testResources (default-testResources) @ dagger ---
[INFO] Using 'UTF-8' encoding to copy filtered resources.
[INFO] skip non existing resourceDirectory /home/travis/build/square/dagger/core/src/test/resources
[INFO] 
[INFO] --- maven-compiler-plugin:2.5:testCompile (default-testCompile) @ dagger ---
[INFO] Compiling 14 source files to /home/travis/build/square/dagger/core/target/test-classes
[INFO] 
[INFO] --- maven-surefire-plugin:2.10:test (default-test) @ dagger ---
[INFO] Surefire report directory: /home/travis/build/square/dagger/core/target/surefire-reports
Downloading: http://maven.mirrors.travis-ci.org/nexus/content/repositories/central/org/apache/maven/surefire/surefire-junit4/2.10/surefire-junit4-2.10.pom
3/3 KB            Downloaded: http://maven.mirrors.travis-ci.org/nexus/content/repositories/central/org/apache/maven/surefire/surefire-junit4/2.10/surefire-junit4-2.10.pom (3 KB at 3.6 KB/sec)
Downloading: http://maven.mirrors.travis-ci.org/nexus/content/repositories/central/org/apache/maven/surefire/surefire-providers/2.10/surefire-providers-2.10.pom
3/3 KB            Downloaded: http://maven.mirrors.travis-ci.org/nexus/content/repositories/central/org/apache/maven/surefire/surefire-providers/2.10/surefire-providers-2.10.pom (3 KB at 6.9 KB/sec)
Downloading: http://maven.mirrors.travis-ci.org/nexus/content/repositories/central/org/apache/maven/surefire/surefire-junit4/2.10/surefire-junit4-2.10.jar
4/33 KB   8/33 KB   9/33 KB   13/33 KB   17/33 KB   21/33 KB   25/33 KB   27/33 KB   31/33 KB   33/33 KB              Downloaded: http://maven.mirrors.travis-ci.org/nexus/content/repositories/central/org/apache/maven/surefire/surefire-junit4/2.10/surefire-junit4-2.10.jar (33 KB at 61.7 KB/sec)

-------------------------------------------------------
 T E S T S
-------------------------------------------------------
Running dagger.ProblemDetectorTest
Tests run: 3, Failures: 0, Errors: 0, Skipped: 0, Time elapsed: 0.153 sec
Running dagger.InjectionTest
Tests run: 34, Failures: 0, Errors: 0, Skipped: 0, Time elapsed: 0.275 sec
Running dagger.MembersInjectorTest
Tests run: 8, Failures: 0, Errors: 0, Skipped: 0, Time elapsed: 0.048 sec
Running dagger.LazyInjectionTest
Tests run: 5, Failures: 0, Errors: 0, Skipped: 0, Time elapsed: 0.018 sec
Running dagger.ModuleTest
Tests run: 10, Failures: 0, Errors: 0, Skipped: 0, Time elapsed: 0.045 sec
Running dagger.SetBindingTest
Tests run: 7, Failures: 0, Errors: 0, Skipped: 0, Time elapsed: 0.132 sec
Running dagger.ExtensionTest
Tests run: 3, Failures: 0, Errors: 0, Skipped: 0, Time elapsed: 0.024 sec
Running dagger.ExtensionWithStateTest
Tests run: 1, Failures: 0, Errors: 0, Skipped: 0, Time elapsed: 0.004 sec
Running dagger.InjectionOfLazyTest
Tests run: 4, Failures: 0, Errors: 0, Skipped: 0, Time elapsed: 0.018 sec
Running dagger.internal.KeysTest
Tests run: 18, Failures: 0, Errors: 0, Skipped: 0, Time elapsed: 0.036 sec
Running dagger.internal.SingletonBindingTest
Tests run: 7, Failures: 0, Errors: 0, Skipped: 0, Time elapsed: 0.012 sec
Running dagger.InjectStaticsTest
Tests run: 3, Failures: 0, Errors: 0, Skipped: 0, Time elapsed: 0.013 sec
Running dagger.UnusedProviderTest
Tests run: 4, Failures: 0, Errors: 0, Skipped: 0, Time elapsed: 0.02 sec
Running dagger.ThreadSafetyTest
Tests run: 2, Failures: 0, Errors: 0, Skipped: 0, Time elapsed: 0.074 sec

Results :

Tests run: 109, Failures: 0, Errors: 0, Skipped: 0

[INFO] 
[INFO] --- maven-jar-plugin:2.2:jar (default-jar) @ dagger ---
[INFO] Building jar: /home/travis/build/square/dagger/core/target/dagger-1.0-SNAPSHOT.jar
[INFO] 
[INFO] --- maven-checkstyle-plugin:2.10:checkstyle (default) @ dagger ---
[INFO] Starting audit...
Audit done.

[WARNING] Unable to locate Source XRef to link to - DISABLED
[INFO]                                                                         
[INFO] ------------------------------------------------------------------------
[INFO] Building Dagger Compiler 1.0-SNAPSHOT
[INFO] ------------------------------------------------------------------------
[INFO] 
[INFO] --- maven-enforcer-plugin:1.0:enforce (enforce-maven) @ dagger-compiler ---
[INFO] 
[INFO] --- maven-resources-plugin:2.3:resources (default-resources) @ dagger-compiler ---
[INFO] Using 'UTF-8' encoding to copy filtered resources.
[INFO] Copying 1 resource
[INFO] 
[INFO] --- maven-compiler-plugin:2.5:compile (default-compile) @ dagger-compiler ---
[INFO] Compiling 11 source files to /home/travis/build/square/dagger/compiler/target/classes
[INFO] 
[INFO] --- maven-resources-plugin:2.3:testResources (default-testResources) @ dagger-compiler ---
[INFO] Using 'UTF-8' encoding to copy filtered resources.
[INFO] skip non existing resourceDirectory /home/travis/build/square/dagger/compiler/src/test/resources
[INFO] 
[INFO] --- maven-compiler-plugin:2.5:testCompile (default-testCompile) @ dagger-compiler ---
[INFO] Compiling 3 source files to /home/travis/build/square/dagger/compiler/target/test-classes
[INFO] 
[INFO] --- maven-surefire-plugin:2.10:test (default-test) @ dagger-compiler ---
[INFO] Surefire report directory: /home/travis/build/square/dagger/compiler/target/surefire-reports

-------------------------------------------------------
 T E S T S
-------------------------------------------------------
Running dagger.internal.codegen.DotWriterTest
Tests run: 4, Failures: 0, Errors: 0, Skipped: 0, Time elapsed: 0.123 sec
Running dagger.internal.codegen.GraphVisualizerTest
Tests run: 7, Failures: 0, Errors: 0, Skipped: 0, Time elapsed: 0.051 sec

Results :

Tests run: 11, Failures: 0, Errors: 0, Skipped: 0

[INFO] 
[INFO] --- maven-jar-plugin:2.2:jar (default-jar) @ dagger-compiler ---
[INFO] Building jar: /home/travis/build/square/dagger/compiler/target/dagger-compiler-1.0-SNAPSHOT.jar
[INFO] 
[INFO] --- maven-invoker-plugin:1.7:install (integration-test) @ dagger-compiler ---
[INFO] Installing /home/travis/build/square/dagger/core/pom.xml to /home/travis/build/square/dagger/compiler/target/local-repo/com/squareup/dagger/dagger/1.0-SNAPSHOT/dagger-1.0-SNAPSHOT.pom
[INFO] Installing /home/travis/build/square/dagger/core/target/dagger-1.0-SNAPSHOT.jar to /home/travis/build/square/dagger/compiler/target/local-repo/com/squareup/dagger/dagger/1.0-SNAPSHOT/dagger-1.0-SNAPSHOT.jar
[INFO] Installing /home/travis/build/square/dagger/pom.xml to /home/travis/build/square/dagger/compiler/target/local-repo/com/squareup/dagger/dagger-parent/1.0-SNAPSHOT/dagger-parent-1.0-SNAPSHOT.pom
[INFO] Installing /home/travis/build/square/dagger/compiler/pom.xml to /home/travis/build/square/dagger/compiler/target/local-repo/com/squareup/dagger/dagger-compiler/1.0-SNAPSHOT/dagger-compiler-1.0-SNAPSHOT.pom
[INFO] Installing /home/travis/build/square/dagger/compiler/target/dagger-compiler-1.0-SNAPSHOT.jar to /home/travis/build/square/dagger/compiler/target/local-repo/com/squareup/dagger/dagger-compiler/1.0-SNAPSHOT/dagger-compiler-1.0-SNAPSHOT.jar
[INFO] 
[INFO] --- maven-invoker-plugin:1.7:run (integration-test) @ dagger-compiler ---
[INFO] Building: same-provides-method-name/pom.xml
[INFO] ..SUCCESS (59.6 s)
[INFO] Building: default-package-injected-type/pom.xml
[INFO] ..SUCCESS (9.3 s)
[INFO] Building: cyclic-deps/pom.xml
[INFO] run script verify.bsh
[INFO] ..SUCCESS (8.3 s)
[INFO] Building: multiple-provides-methods/pom.xml
[INFO] run script verify.bsh
[INFO] ..SUCCESS (9.3 s)
[INFO] Building: provides-method-with-throws-clause/pom.xml
[INFO] run script verify.bsh
[INFO] ..SUCCESS (7.3 s)
[INFO] Building: private-inject/pom.xml
[INFO] run script verify.bsh
[INFO] ..SUCCESS (8.5 s)
[INFO] Building: inner-classes-complaint-injection/pom.xml
[INFO] run script verify.bsh
[INFO] ..SUCCESS (7.4 s)
[INFO] Building: unused-provider-methods-fail-compilation/pom.xml
[INFO] run script verify.bsh
[INFO] ..FAILED (7.4 s)
[INFO]   The post-build script did not succeed. Build output did not contain expected error text:
    "ProviderMethodBinding[provideKey="java.lang.String", memberskey="null"]"

Build Output:


        [ERROR] Failed to execute goal org.apache.maven.plugins:maven-compiler-plugin:2.0.2:compile (default-compile) on project unused-provider-methods-fail-compilation: Compilation failure
        [ERROR] /home/travis/build/square/dagger/compiler/target/it/unused-provider-methods-fail-compilation/src/main/java/test/TestApp.java:[35,9] error: Graph validation failed: You have these unused @Provider methods! Set library=true in your module to disable this check.
        [ERROR] -> [Help 1]
        [ERROR] 
        [ERROR] To see the full stack trace of the errors, re-run Maven with the -e switch.
        [ERROR] Re-run Maven using the -X switch to enable full debug logging.
        [ERROR] 
        [ERROR] For more information about the errors and possible solutions, please read the following articles:
        [ERROR] [Help 1] http://cwiki.apache.org/confluence/display/MAVEN/MojoFailureException
[INFO] Building: cyclic-module-includes/pom.xml
[INFO] run script verify.bsh
[INFO] ..SUCCESS (7.4 s)
[INFO] Building: uninjectable-supertype/pom.xml
[INFO] ..SUCCESS (9.2 s)
[INFO] Building: missing-at-inject-constructor/pom.xml
[INFO] run script verify.bsh
[INFO] ..SUCCESS (9.0 s)
[INFO] Building: extension-graph/pom.xml
[INFO] ..SUCCESS (11.4 s)
[INFO] Building: simple-missing-dependency-failure/pom.xml
[INFO] run script verify.bsh
[INFO] ..SUCCESS (9.4 s)
[INFO] Building: inject-parameterized-type/pom.xml
[INFO] ..SUCCESS (8.6 s)
[INFO] Building: method-injection/pom.xml
[INFO] run script verify.bsh
[INFO] ..SUCCESS (8.2 s)
[INFO] Building: unused-provider-methods-pass-compilation-on-library-module/pom.xml
[INFO] ..SUCCESS (8.8 s)
[INFO] Building: include-non-module/pom.xml
[INFO] ..SUCCESS (9.1 s)
[INFO] Building: module-type-validation/pom.xml
[INFO] run script verify.bsh
[INFO] ..SUCCESS (7.1 s)
[INFO] -------------------------------------------------
[INFO] Build Summary:
[INFO]   Passed: 17, Failed: 1, Errors: 0, Skipped: 0
[INFO] -------------------------------------------------
[ERROR] The following builds failed:
[ERROR] *  unused-provider-methods-fail-compilation/pom.xml
[INFO] -------------------------------------------------
[INFO] ------------------------------------------------------------------------
[INFO] Reactor Summary:
[INFO] 
[INFO] Dagger (Parent) ................................... SUCCESS [3.013s]
[INFO] Dagger ............................................ SUCCESS [10.797s]
[INFO] Dagger Compiler ................................... FAILURE [3:28.651s]
[INFO] Dagger Example (Parent) ........................... SKIPPED
[INFO] Dagger Example - Simple ........................... SKIPPED
[INFO] ------------------------------------------------------------------------
[INFO] BUILD FAILURE
[INFO] ------------------------------------------------------------------------
[INFO] Total time: 3:43.239s
[INFO] Finished at: Mon Apr 15 16:13:56 UTC 2013
[INFO] Final Memory: 27M/179M
[INFO] ------------------------------------------------------------------------
[ERROR] Failed to execute goal org.apache.maven.plugins:maven-invoker-plugin:1.7:run (integration-test) on project dagger-compiler: 1 build failed. See console output above for details. -> [Help 1]
[ERROR] 
[ERROR] To see the full stack trace of the errors, re-run Maven with the -e switch.
[ERROR] Re-run Maven using the -X switch to enable full debug logging.
[ERROR] 
[ERROR] For more information about the errors and possible solutions, please read the following articles:
[ERROR] [Help 1] http://cwiki.apache.org/confluence/display/MAVEN/MojoFailureException
[ERROR] 
[ERROR] After correcting the problems, you can resume the build with the command
[ERROR]   mvn <goals> -rf :dagger-compiler

The command "mvn verify" exited with 1.

Done. Your build exited with 1.
