Using worker: worker-linux-2-1.bb.travis-ci.org:travis-linux-13

travis_fold:start:git.1$ git clone --depth=50 --branch="master" git://github.com/square/dagger.git square/dagger
Cloning into 'square/dagger'...
remote: Counting objects: 1497, done.[K
remote: Compressing objects:   0% (1/715)   [Kremote: Compressing objects:   1% (8/715)   [Kremote: Compressing objects:   2% (15/715)   [Kremote: Compressing objects:   3% (22/715)   [Kremote: Compressing objects:   4% (29/715)   [Kremote: Compressing objects:   5% (36/715)   [Kremote: Compressing objects:   6% (43/715)   [Kremote: Compressing objects:   7% (51/715)   [Kremote: Compressing objects:   8% (58/715)   [Kremote: Compressing objects:   9% (65/715)   [Kremote: Compressing objects:  10% (72/715)   [Kremote: Compressing objects:  11% (79/715)   [Kremote: Compressing objects:  12% (86/715)   [Kremote: Compressing objects:  13% (93/715)   [Kremote: Compressing objects:  14% (101/715)   [Kremote: Compressing objects:  15% (108/715)   [Kremote: Compressing objects:  16% (115/715)   [Kremote: Compressing objects:  17% (122/715)   [Kremote: Compressing objects:  18% (129/715)   [Kremote: Compressing objects:  19% (136/715)   [Kremote: Compressing objects:  20% (143/715)   [Kremote: Compressing objects:  21% (151/715)   [Kremote: Compressing objects:  22% (158/715)   [Kremote: Compressing objects:  23% (165/715)   [Kremote: Compressing objects:  24% (172/715)   [Kremote: Compressing objects:  25% (179/715)   [Kremote: Compressing objects:  26% (186/715)   [Kremote: Compressing objects:  27% (194/715)   [Kremote: Compressing objects:  28% (201/715)   [Kremote: Compressing objects:  29% (208/715)   [Kremote: Compressing objects:  30% (215/715)   [Kremote: Compressing objects:  31% (222/715)   [Kremote: Compressing objects:  32% (229/715)   [Kremote: Compressing objects:  33% (236/715)   [Kremote: Compressing objects:  34% (244/715)   [Kremote: Compressing objects:  35% (251/715)   [Kremote: Compressing objects:  36% (258/715)   [Kremote: Compressing objects:  37% (265/715)   [Kremote: Compressing objects:  38% (272/715)   [Kremote: Compressing objects:  39% (279/715)   [Kremote: Compressing objects:  40% (286/715)   [Kremote: Compressing objects:  41% (294/715)   [Kremote: Compressing objects:  42% (301/715)   [Kremote: Compressing objects:  43% (308/715)   [Kremote: Compressing objects:  44% (315/715)   [Kremote: Compressing objects:  45% (322/715)   [Kremote: Compressing objects:  46% (329/715)   [Kremote: Compressing objects:  47% (337/715)   [Kremote: Compressing objects:  48% (344/715)   [Kremote: Compressing objects:  49% (351/715)   [Kremote: Compressing objects:  50% (358/715)   [Kremote: Compressing objects:  51% (365/715)   [Kremote: Compressing objects:  52% (372/715)   [Kremote: Compressing objects:  53% (379/715)   [Kremote: Compressing objects:  54% (387/715)   [Kremote: Compressing objects:  55% (394/715)   [Kremote: Compressing objects:  56% (401/715)   [Kremote: Compressing objects:  57% (408/715)   [Kremote: Compressing objects:  58% (415/715)   [Kremote: Compressing objects:  59% (422/715)   [Kremote: Compressing objects:  60% (429/715)   [Kremote: Compressing objects:  61% (437/715)   [Kremote: Compressing objects:  62% (444/715)   [Kremote: Compressing objects:  63% (451/715)   [Kremote: Compressing objects:  64% (458/715)   [Kremote: Compressing objects:  65% (465/715)   [Kremote: Compressing objects:  66% (472/715)   [Kremote: Compressing objects:  67% (480/715)   [Kremote: Compressing objects:  68% (487/715)   [Kremote: Compressing objects:  69% (494/715)   [Kremote: Compressing objects:  70% (501/715)   [Kremote: Compressing objects:  71% (508/715)   [Kremote: Compressing objects:  72% (515/715)   [Kremote: Compressing objects:  73% (522/715)   [Kremote: Compressing objects:  74% (530/715)   [Kremote: Compressing objects:  75% (537/715)   [Kremote: Compressing objects:  76% (544/715)   [Kremote: Compressing objects:  77% (551/715)   [Kremote: Compressing objects:  78% (558/715)   [Kremote: Compressing objects:  79% (565/715)   [Kremote: Compressing objects:  80% (572/715)   [Kremote: Compressing objects:  81% (580/715)   [Kremote: Compressing objects:  82% (587/715)   [Kremote: Compressing objects:  83% (594/715)   [Kremote: Compressing objects:  84% (601/715)   [Kremote: Compressing objects:  85% (608/715)   [Kremote: Compressing objects:  86% (615/715)   [Kremote: Compressing objects:  87% (623/715)   [Kremote: Compressing objects:  88% (630/715)   [Kremote: Compressing objects:  89% (637/715)   [Kremote: Compressing objects:  90% (644/715)   [Kremote: Compressing objects:  91% (651/715)   [Kremote: Compressing objects:  92% (658/715)   [Kremote: Compressing objects:  93% (665/715)   [Kremote: Compressing objects:  94% (673/715)   [Kremote: Compressing objects:  95% (680/715)   [Kremote: Compressing objects:  96% (687/715)   [Kremote: Compressing objects:  97% (694/715)   [Kremote: Compressing objects:  98% (701/715)   [Kremote: Compressing objects:  99% (708/715)   [Kremote: Compressing objects: 100% (715/715)   [Kremote: Compressing objects: 100% (715/715), done.[K
Receiving objects:   0% (1/1497)   Receiving objects:   1% (15/1497)   Receiving objects:   2% (30/1497)   Receiving objects:   3% (45/1497)   Receiving objects:   4% (60/1497)   Receiving objects:   5% (75/1497)   Receiving objects:   6% (90/1497)   Receiving objects:   7% (105/1497)   Receiving objects:   8% (120/1497)   Receiving objects:   9% (135/1497)   Receiving objects:  10% (150/1497)   Receiving objects:  11% (165/1497)   Receiving objects:  12% (180/1497)   Receiving objects:  13% (195/1497)   Receiving objects:  14% (210/1497)   Receiving objects:  15% (225/1497)   Receiving objects:  16% (240/1497)   Receiving objects:  17% (255/1497)   Receiving objects:  18% (270/1497)   Receiving objects:  19% (285/1497)   Receiving objects:  20% (300/1497)   Receiving objects:  21% (315/1497)   Receiving objects:  22% (330/1497)   Receiving objects:  23% (345/1497)   Receiving objects:  24% (360/1497)   Receiving objects:  25% (375/1497)   Receiving objects:  26% (390/1497)   Receiving objects:  27% (405/1497)   Receiving objects:  28% (420/1497)   Receiving objects:  29% (435/1497)   Receiving objects:  30% (450/1497)   Receiving objects:  31% (465/1497)   Receiving objects:  32% (480/1497)   Receiving objects:  33% (495/1497)   Receiving objects:  34% (509/1497)   Receiving objects:  35% (524/1497)   Receiving objects:  36% (539/1497)   Receiving objects:  37% (554/1497)   Receiving objects:  38% (569/1497)   Receiving objects:  39% (584/1497)   Receiving objects:  40% (599/1497)   Receiving objects:  41% (614/1497)   Receiving objects:  42% (629/1497)   Receiving objects:  43% (644/1497)   Receiving objects:  44% (659/1497)   Receiving objects:  45% (674/1497)   Receiving objects:  46% (689/1497)   Receiving objects:  47% (704/1497)   Receiving objects:  48% (719/1497)   Receiving objects:  49% (734/1497)   Receiving objects:  50% (749/1497)   Receiving objects:  51% (764/1497)   Receiving objects:  52% (779/1497)   Receiving objects:  53% (794/1497)   Receiving objects:  54% (809/1497)   Receiving objects:  55% (824/1497)   Receiving objects:  56% (839/1497)   Receiving objects:  57% (854/1497)   Receiving objects:  58% (869/1497)   Receiving objects:  59% (884/1497)   Receiving objects:  60% (899/1497)   Receiving objects:  61% (914/1497)   Receiving objects:  62% (929/1497)   Receiving objects:  63% (944/1497)   Receiving objects:  64% (959/1497)   Receiving objects:  65% (974/1497)   Receiving objects:  66% (989/1497)   Receiving objects:  67% (1003/1497)   Receiving objects:  68% (1018/1497)   Receiving objects:  69% (1033/1497)   Receiving objects:  70% (1048/1497)   Receiving objects:  71% (1063/1497)   Receiving objects:  72% (1078/1497)   Receiving objects:  73% (1093/1497)   Receiving objects:  74% (1108/1497)   Receiving objects:  75% (1123/1497)   Receiving objects:  76% (1138/1497)   Receiving objects:  77% (1153/1497)   Receiving objects:  78% (1168/1497)   Receiving objects:  79% (1183/1497)   Receiving objects:  80% (1198/1497)   Receiving objects:  81% (1213/1497)   Receiving objects:  82% (1228/1497)   Receiving objects:  83% (1243/1497)   Receiving objects:  84% (1258/1497)   Receiving objects:  85% (1273/1497)   Receiving objects:  86% (1288/1497)   Receiving objects:  87% (1303/1497)   remote: Total 1497 (delta 557), reused 1327 (delta 427)[K
Receiving objects:  88% (1318/1497)   Receiving objects:  89% (1333/1497)   Receiving objects:  90% (1348/1497)   Receiving objects:  91% (1363/1497)   Receiving objects:  92% (1378/1497)   Receiving objects:  93% (1393/1497)   Receiving objects:  94% (1408/1497)   Receiving objects:  95% (1423/1497)   Receiving objects:  96% (1438/1497)   Receiving objects:  97% (1453/1497)   Receiving objects:  98% (1468/1497)   Receiving objects:  99% (1483/1497)   Receiving objects: 100% (1497/1497)   Receiving objects: 100% (1497/1497), 373.96 KiB, done.
Resolving deltas:   0% (0/557)   Resolving deltas:   1% (6/557)   Resolving deltas:   2% (14/557)   Resolving deltas:   3% (21/557)   Resolving deltas:   5% (33/557)   Resolving deltas:   7% (42/557)   Resolving deltas:   9% (51/557)   Resolving deltas:  10% (61/557)   Resolving deltas:  14% (79/557)   Resolving deltas:  15% (85/557)   Resolving deltas:  16% (94/557)   Resolving deltas:  17% (96/557)   Resolving deltas:  27% (152/557)   Resolving deltas:  28% (156/557)   Resolving deltas:  29% (162/557)   Resolving deltas:  36% (206/557)   Resolving deltas:  39% (218/557)   Resolving deltas:  42% (234/557)   Resolving deltas:  43% (240/557)   Resolving deltas:  44% (248/557)   Resolving deltas:  46% (260/557)   Resolving deltas:  49% (275/557)   Resolving deltas:  51% (286/557)   Resolving deltas:  54% (302/557)   Resolving deltas:  55% (311/557)   Resolving deltas:  56% (314/557)   Resolving deltas:  57% (318/557)   Resolving deltas:  58% (325/557)   Resolving deltas:  60% (335/557)   Resolving deltas:  61% (342/557)   Resolving deltas:  62% (348/557)   Resolving deltas:  63% (353/557)   Resolving deltas:  64% (358/557)   Resolving deltas:  65% (363/557)   Resolving deltas:  66% (368/557)   Resolving deltas:  68% (381/557)   Resolving deltas:  69% (385/557)   Resolving deltas:  73% (410/557)   Resolving deltas:  74% (414/557)   Resolving deltas:  75% (421/557)   Resolving deltas:  78% (436/557)   Resolving deltas:  79% (443/557)   Resolving deltas:  80% (450/557)   Resolving deltas:  81% (452/557)   Resolving deltas:  84% (468/557)   Resolving deltas:  86% (483/557)   Resolving deltas:  87% (487/557)   Resolving deltas:  88% (495/557)   Resolving deltas:  89% (496/557)   Resolving deltas:  90% (502/557)   Resolving deltas:  91% (507/557)   Resolving deltas:  92% (513/557)   Resolving deltas:  93% (520/557)   Resolving deltas:  94% (525/557)   Resolving deltas:  95% (530/557)   Resolving deltas:  96% (537/557)   Resolving deltas: 100% (557/557)   Resolving deltas: 100% (557/557), done.
travis_fold:end:git.1$ cd square/dagger
travis_fold:start:git.2$ git checkout -qf 83dca9eb3166772f8d5203e6b6c55777975a24e7
travis_fold:end:git.2$ java -version
java version "1.7.0_15"
OpenJDK Runtime Environment (IcedTea7 2.3.7) (7u15-2.3.7-0ubuntu1~12.04.1)
OpenJDK 64-Bit Server VM (build 23.7-b01, mixed mode)
$ javac -version
javac 1.7.0_15
travis_fold:start:install$ mvn install clean --fail-never --quiet -DskipTests=true -Dinvoker.skip=true
travis_fold:end:install$ mvn verify
[INFO] Scanning for projects...
[INFO] ------------------------------------------------------------------------
[INFO] Reactor Build Order:
[INFO] 
[INFO] Dagger (Parent)
[INFO] Dagger
[INFO] Dagger Compiler
[INFO] Dagger Example (Parent)
[INFO] Dagger Example - Simple
[INFO]                                                                         
[INFO] ------------------------------------------------------------------------
[INFO] Building Dagger (Parent) 1.0-SNAPSHOT
[INFO] ------------------------------------------------------------------------
[INFO] 
[INFO] --- maven-enforcer-plugin:1.0:enforce (enforce-maven) @ dagger-parent ---
[INFO] 
[INFO] --- maven-checkstyle-plugin:2.10:checkstyle (default) @ dagger-parent ---
[INFO]                                                                         
[INFO] ------------------------------------------------------------------------
[INFO] Building Dagger 1.0-SNAPSHOT
[INFO] ------------------------------------------------------------------------
[INFO] 
[INFO] --- maven-enforcer-plugin:1.0:enforce (enforce-maven) @ dagger ---
[INFO] 
[INFO] --- maven-resources-plugin:2.3:resources (default-resources) @ dagger ---
[INFO] Using 'UTF-8' encoding to copy filtered resources.
[INFO] skip non existing resourceDirectory /home/travis/build/square/dagger/core/src/main/resources
[INFO] 
[INFO] --- maven-compiler-plugin:2.5:compile (default-compile) @ dagger ---
[INFO] Compiling 24 source files to /home/travis/build/square/dagger/core/target/classes
[WARNING] bootstrap class path not set in conjunction with -source 1.6
/home/travis/build/square/dagger/core/src/main/java/dagger/internal/UniqueMap.java:[24,7] [serial] serializable class UniqueMap has no definition of serialVersionUID
[WARNING] /home/travis/build/square/dagger/core/src/main/java/dagger/internal/plugins/reflect/ReflectiveModuleAdapter.java:[122,23] [rawtypes] found raw type: Binding
[INFO] 
[INFO] --- maven-resources-plugin:2.3:testResources (default-testResources) @ dagger ---
[INFO] Using 'UTF-8' encoding to copy filtered resources.
[INFO] skip non existing resourceDirectory /home/travis/build/square/dagger/core/src/test/resources
[INFO] 
[INFO] --- maven-compiler-plugin:2.5:testCompile (default-testCompile) @ dagger ---
[INFO] Compiling 13 source files to /home/travis/build/square/dagger/core/target/test-classes
[INFO] 
[INFO] --- maven-surefire-plugin:2.10:test (default-test) @ dagger ---
[INFO] Surefire report directory: /home/travis/build/square/dagger/core/target/surefire-reports
Downloading: http://maven.mirrors.travis-ci.org/nexus/content/repositories/central/org/apache/maven/surefire/surefire-junit4/2.10/surefire-junit4-2.10.pom
3/3 KB            Downloaded: http://maven.mirrors.travis-ci.org/nexus/content/repositories/central/org/apache/maven/surefire/surefire-junit4/2.10/surefire-junit4-2.10.pom (3 KB at 4.1 KB/sec)
Downloading: http://maven.mirrors.travis-ci.org/nexus/content/repositories/central/org/apache/maven/surefire/surefire-providers/2.10/surefire-providers-2.10.pom
3/3 KB            Downloaded: http://maven.mirrors.travis-ci.org/nexus/content/repositories/central/org/apache/maven/surefire/surefire-providers/2.10/surefire-providers-2.10.pom (3 KB at 7.1 KB/sec)
Downloading: http://maven.mirrors.travis-ci.org/nexus/content/repositories/central/org/apache/maven/surefire/surefire-junit4/2.10/surefire-junit4-2.10.jar
4/33 KB   8/33 KB   9/33 KB   13/33 KB   17/33 KB   21/33 KB   23/33 KB   27/33 KB   31/33 KB   33/33 KB              Downloaded: http://maven.mirrors.travis-ci.org/nexus/content/repositories/central/org/apache/maven/surefire/surefire-junit4/2.10/surefire-junit4-2.10.jar (33 KB at 61.6 KB/sec)

-------------------------------------------------------
 T E S T S
-------------------------------------------------------
Running dagger.ModuleTest
Tests run: 10, Failures: 0, Errors: 0, Skipped: 0, Time elapsed: 0.225 sec
Running dagger.ExtensionTest
Tests run: 3, Failures: 0, Errors: 0, Skipped: 0, Time elapsed: 0.044 sec
Running dagger.InjectionTest
Tests run: 34, Failures: 0, Errors: 0, Skipped: 0, Time elapsed: 0.319 sec
Running dagger.MembersInjectorTest
Tests run: 8, Failures: 0, Errors: 0, Skipped: 0, Time elapsed: 0.031 sec
Running dagger.LazyInjectionTest
Tests run: 5, Failures: 0, Errors: 0, Skipped: 0, Time elapsed: 0.01 sec
Running dagger.SetBindingTest
Tests run: 7, Failures: 0, Errors: 0, Skipped: 0, Time elapsed: 0.044 sec
Running dagger.InjectStaticsTest
Tests run: 3, Failures: 0, Errors: 0, Skipped: 0, Time elapsed: 0.014 sec
Running dagger.InjectionOfLazyTest
Tests run: 4, Failures: 0, Errors: 0, Skipped: 0, Time elapsed: 0.013 sec
Running dagger.ThreadSafetyTest
Tests run: 2, Failures: 0, Errors: 0, Skipped: 0, Time elapsed: 0.051 sec
Running dagger.internal.KeysTest
Tests run: 18, Failures: 0, Errors: 0, Skipped: 0, Time elapsed: 0.027 sec
Running dagger.internal.SingletonBindingTest
Tests run: 7, Failures: 0, Errors: 0, Skipped: 0, Time elapsed: 0.006 sec
Running dagger.ProblemDetectorTest
Tests run: 3, Failures: 0, Errors: 0, Skipped: 0, Time elapsed: 0.012 sec
Running dagger.ExtensionWithStateTest
Tests run: 1, Failures: 0, Errors: 0, Skipped: 0, Time elapsed: 0.004 sec

Results :

Tests run: 105, Failures: 0, Errors: 0, Skipped: 0

[INFO] 
[INFO] --- maven-jar-plugin:2.2:jar (default-jar) @ dagger ---
[INFO] Building jar: /home/travis/build/square/dagger/core/target/dagger-1.0-SNAPSHOT.jar
[INFO] 
[INFO] --- maven-checkstyle-plugin:2.10:checkstyle (default) @ dagger ---
[INFO] Starting audit...
Audit done.

[WARNING] Unable to locate Source XRef to link to - DISABLED
[INFO]                                                                         
[INFO] ------------------------------------------------------------------------
[INFO] Building Dagger Compiler 1.0-SNAPSHOT
[INFO] ------------------------------------------------------------------------
[INFO] 
[INFO] --- maven-enforcer-plugin:1.0:enforce (enforce-maven) @ dagger-compiler ---
[INFO] 
[INFO] --- maven-resources-plugin:2.3:resources (default-resources) @ dagger-compiler ---
[INFO] Using 'UTF-8' encoding to copy filtered resources.
[INFO] Copying 1 resource
[INFO] 
[INFO] --- maven-compiler-plugin:2.5:compile (default-compile) @ dagger-compiler ---
[INFO] Compiling 11 source files to /home/travis/build/square/dagger/compiler/target/classes
[INFO] 
[INFO] --- maven-resources-plugin:2.3:testResources (default-testResources) @ dagger-compiler ---
[INFO] Using 'UTF-8' encoding to copy filtered resources.
[INFO] skip non existing resourceDirectory /home/travis/build/square/dagger/compiler/src/test/resources
[INFO] 
[INFO] --- maven-compiler-plugin:2.5:testCompile (default-testCompile) @ dagger-compiler ---
[INFO] Compiling 3 source files to /home/travis/build/square/dagger/compiler/target/test-classes
[INFO] 
[INFO] --- maven-surefire-plugin:2.10:test (default-test) @ dagger-compiler ---
[INFO] Surefire report directory: /home/travis/build/square/dagger/compiler/target/surefire-reports

-------------------------------------------------------
 T E S T S
-------------------------------------------------------
Running dagger.internal.codegen.DotWriterTest
Tests run: 4, Failures: 0, Errors: 0, Skipped: 0, Time elapsed: 0.104 sec
Running dagger.internal.codegen.GraphVisualizerTest
Tests run: 7, Failures: 0, Errors: 0, Skipped: 0, Time elapsed: 0.047 sec

Results :

Tests run: 11, Failures: 0, Errors: 0, Skipped: 0

[INFO] 
[INFO] --- maven-jar-plugin:2.2:jar (default-jar) @ dagger-compiler ---
[INFO] Building jar: /home/travis/build/square/dagger/compiler/target/dagger-compiler-1.0-SNAPSHOT.jar
[INFO] 
[INFO] --- maven-invoker-plugin:1.7:install (integration-test) @ dagger-compiler ---
[INFO] Installing /home/travis/build/square/dagger/core/pom.xml to /home/travis/build/square/dagger/compiler/target/local-repo/com/squareup/dagger/dagger/1.0-SNAPSHOT/dagger-1.0-SNAPSHOT.pom
[INFO] Installing /home/travis/build/square/dagger/core/target/dagger-1.0-SNAPSHOT.jar to /home/travis/build/square/dagger/compiler/target/local-repo/com/squareup/dagger/dagger/1.0-SNAPSHOT/dagger-1.0-SNAPSHOT.jar
[INFO] Installing /home/travis/build/square/dagger/pom.xml to /home/travis/build/square/dagger/compiler/target/local-repo/com/squareup/dagger/dagger-parent/1.0-SNAPSHOT/dagger-parent-1.0-SNAPSHOT.pom
[INFO] Installing /home/travis/build/square/dagger/compiler/pom.xml to /home/travis/build/square/dagger/compiler/target/local-repo/com/squareup/dagger/dagger-compiler/1.0-SNAPSHOT/dagger-compiler-1.0-SNAPSHOT.pom
[INFO] Installing /home/travis/build/square/dagger/compiler/target/dagger-compiler-1.0-SNAPSHOT.jar to /home/travis/build/square/dagger/compiler/target/local-repo/com/squareup/dagger/dagger-compiler/1.0-SNAPSHOT/dagger-compiler-1.0-SNAPSHOT.jar
[INFO] 
[INFO] --- maven-invoker-plugin:1.7:run (integration-test) @ dagger-compiler ---
[INFO] Building: provides-method-with-throws-clause/pom.xml
[INFO] run script verify.bsh
[INFO] ..SUCCESS (34.9 s)
[INFO] Building: method-injection/pom.xml
[INFO] run script verify.bsh
[INFO] ..SUCCESS (7.1 s)
[INFO] Building: inner-classes-complaint-injection/pom.xml
[INFO] run script verify.bsh
[INFO] ..SUCCESS (6.9 s)
[INFO] Building: include-non-module/pom.xml
[INFO] ..SUCCESS (7.2 s)
[INFO] Building: cyclic-module-includes/pom.xml
[INFO] run script verify.bsh
[INFO] ..SUCCESS (6.8 s)
[INFO] Building: inject-parameterized-type/pom.xml
[INFO] ..SUCCESS (33.1 s)
[INFO] Building: private-inject/pom.xml
[INFO] run script verify.bsh
[INFO] ..SUCCESS (7.1 s)
[INFO] Building: missing-at-inject-constructor/pom.xml
[INFO] run script verify.bsh
[INFO] ..SUCCESS (7.1 s)
[INFO] Building: multiple-provides-methods/pom.xml
[INFO] run script verify.bsh
[INFO] ..SUCCESS (8.3 s)
[INFO] Building: module-type-validation/pom.xml
[INFO] run script verify.bsh
[INFO] ..SUCCESS (6.6 s)
[INFO] Building: cyclic-deps/pom.xml
[INFO] run script verify.bsh
[INFO] ..SUCCESS (7.0 s)
[INFO] Building: same-provides-method-name/pom.xml
[INFO] ..SUCCESS (8.2 s)
[INFO] Building: default-package-injected-type/pom.xml
[INFO] ..SUCCESS (7.8 s)
[INFO] Building: simple-missing-dependency-failure/pom.xml
[INFO] run script verify.bsh
[INFO] ..SUCCESS (6.7 s)
[INFO] Building: extension-graph/pom.xml
[INFO] ..SUCCESS (8.2 s)
[INFO] Building: uninjectable-supertype/pom.xml
[INFO] ..SUCCESS (8.0 s)
[INFO] -------------------------------------------------
[INFO] Build Summary:
[INFO]   Passed: 16, Failed: 0, Errors: 0, Skipped: 0
[INFO] -------------------------------------------------
[INFO] 
[INFO] --- maven-checkstyle-plugin:2.10:checkstyle (default) @ dagger-compiler ---
[INFO] Starting audit...
Audit done.

[WARNING] Unable to locate Source XRef to link to - DISABLED
[INFO]                                                                         
[INFO] ------------------------------------------------------------------------
[INFO] Building Dagger Example (Parent) 1.0-SNAPSHOT
[INFO] ------------------------------------------------------------------------
[INFO] 
[INFO] --- maven-enforcer-plugin:1.0:enforce (enforce-maven) @ dagger-example-parent ---
[INFO] 
[INFO] --- maven-checkstyle-plugin:2.10:checkstyle (default) @ dagger-example-parent ---
[INFO]                                                                         
[INFO] ------------------------------------------------------------------------
[INFO] Building Dagger Example - Simple 1.0-SNAPSHOT
[INFO] ------------------------------------------------------------------------
[INFO] 
[INFO] --- maven-enforcer-plugin:1.0:enforce (enforce-maven) @ simple-dagger-example ---
[INFO] 
[INFO] --- maven-resources-plugin:2.3:resources (default-resources) @ simple-dagger-example ---
[INFO] Using 'UTF-8' encoding to copy filtered resources.
[INFO] skip non existing resourceDirectory /home/travis/build/square/dagger/examples/simple/src/main/resources
[INFO] 
[INFO] --- maven-compiler-plugin:2.5:compile (default-compile) @ simple-dagger-example ---
[INFO] Compiling 8 source files to /home/travis/build/square/dagger/examples/simple/target/classes
[INFO] 
[INFO] --- maven-resources-plugin:2.3:testResources (default-testResources) @ simple-dagger-example ---
[INFO] Using 'UTF-8' encoding to copy filtered resources.
[INFO] skip non existing resourceDirectory /home/travis/build/square/dagger/examples/simple/src/test/resources
[INFO] 
[INFO] --- maven-compiler-plugin:2.5:testCompile (default-testCompile) @ simple-dagger-example ---
[INFO] No sources to compile
[INFO] 
[INFO] --- maven-surefire-plugin:2.10:test (default-test) @ simple-dagger-example ---
[INFO] No tests to run.
[INFO] Surefire report directory: /home/travis/build/square/dagger/examples/simple/target/surefire-reports
Downloading: http://maven.mirrors.travis-ci.org/nexus/content/repositories/central/org/apache/maven/surefire/surefire-junit3/2.10/surefire-junit3-2.10.pom
2/2 KB              Downloaded: http://maven.mirrors.travis-ci.org/nexus/content/repositories/central/org/apache/maven/surefire/surefire-junit3/2.10/surefire-junit3-2.10.pom (2 KB at 3.0 KB/sec)
Downloading: http://maven.mirrors.travis-ci.org/nexus/content/repositories/central/org/apache/maven/surefire/surefire-junit3/2.10/surefire-junit3-2.10.jar
4/26 KB   8/26 KB   9/26 KB   13/26 KB   17/26 KB   21/26 KB   23/26 KB   26/26 KB              Downloaded: http://maven.mirrors.travis-ci.org/nexus/content/repositories/central/org/apache/maven/surefire/surefire-junit3/2.10/surefire-junit3-2.10.jar (26 KB at 49.2 KB/sec)

-------------------------------------------------------
 T E S T S
-------------------------------------------------------

Results :

Tests run: 0, Failures: 0, Errors: 0, Skipped: 0

[INFO] 
[INFO] --- maven-jar-plugin:2.2:jar (default-jar) @ simple-dagger-example ---
[INFO] Building jar: /home/travis/build/square/dagger/examples/simple/target/simple-dagger-example-1.0-SNAPSHOT.jar
[INFO] 
[INFO] --- maven-checkstyle-plugin:2.10:checkstyle (default) @ simple-dagger-example ---
[INFO] Starting audit...
Audit done.

[WARNING] Unable to locate Source XRef to link to - DISABLED
[INFO] ------------------------------------------------------------------------
[INFO] Reactor Summary:
[INFO] 
[INFO] Dagger (Parent) ................................... SUCCESS [2.314s]
[INFO] Dagger ............................................ SUCCESS [9.034s]
[INFO] Dagger Compiler ................................... SUCCESS [2:54.053s]
[INFO] Dagger Example (Parent) ........................... SUCCESS [0.008s]
[INFO] Dagger Example - Simple ........................... SUCCESS [2.168s]
[INFO] ------------------------------------------------------------------------
[INFO] BUILD SUCCESS
[INFO] ------------------------------------------------------------------------
[INFO] Total time: 3:08.020s
[INFO] Finished at: Tue Apr 16 14:34:20 UTC 2013
[INFO] Final Memory: 23M/172M
[INFO] ------------------------------------------------------------------------

The command "mvn verify" exited with 0.

Done. Your build exited with 0.
