Using worker: worker-linux-6-2.bb.travis-ci.org:travis-linux-18

travis_fold:start:git.1$ git clone --depth=50 git://github.com/square/dagger.git square/dagger
Cloning into 'square/dagger'...
remote: Counting objects: 1497, done.[K
remote: Compressing objects:   0% (1/810)   [Kremote: Compressing objects:   1% (9/810)   [Kremote: Compressing objects:   2% (17/810)   [Kremote: Compressing objects:   3% (25/810)   [Kremote: Compressing objects:   4% (33/810)   [Kremote: Compressing objects:   5% (41/810)   [Kremote: Compressing objects:   6% (49/810)   [Kremote: Compressing objects:   7% (57/810)   [Kremote: Compressing objects:   8% (65/810)   [Kremote: Compressing objects:   9% (73/810)   [Kremote: Compressing objects:  10% (81/810)   [Kremote: Compressing objects:  11% (90/810)   [Kremote: Compressing objects:  12% (98/810)   [Kremote: Compressing objects:  13% (106/810)   [Kremote: Compressing objects:  14% (114/810)   [Kremote: Compressing objects:  15% (122/810)   [Kremote: Compressing objects:  16% (130/810)   [Kremote: Compressing objects:  17% (138/810)   [Kremote: Compressing objects:  18% (146/810)   [Kremote: Compressing objects:  19% (154/810)   [Kremote: Compressing objects:  20% (162/810)   [Kremote: Compressing objects:  21% (171/810)   [Kremote: Compressing objects:  22% (179/810)   [Kremote: Compressing objects:  23% (187/810)   [Kremote: Compressing objects:  24% (195/810)   [Kremote: Compressing objects:  25% (203/810)   [Kremote: Compressing objects:  26% (211/810)   [Kremote: Compressing objects:  27% (219/810)   [Kremote: Compressing objects:  28% (227/810)   [Kremote: Compressing objects:  29% (235/810)   [Kremote: Compressing objects:  30% (243/810)   [Kremote: Compressing objects:  31% (252/810)   [Kremote: Compressing objects:  32% (260/810)   [Kremote: Compressing objects:  33% (268/810)   [Kremote: Compressing objects:  34% (276/810)   [Kremote: Compressing objects:  35% (284/810)   [Kremote: Compressing objects:  36% (292/810)   [Kremote: Compressing objects:  37% (300/810)   [Kremote: Compressing objects:  38% (308/810)   [Kremote: Compressing objects:  39% (316/810)   [Kremote: Compressing objects:  40% (324/810)   [Kremote: Compressing objects:  41% (333/810)   [Kremote: Compressing objects:  42% (341/810)   [Kremote: Compressing objects:  43% (349/810)   [Kremote: Compressing objects:  44% (357/810)   [Kremote: Compressing objects:  45% (365/810)   [Kremote: Compressing objects:  46% (373/810)   [Kremote: Compressing objects:  47% (381/810)   [Kremote: Compressing objects:  48% (389/810)   [Kremote: Compressing objects:  49% (397/810)   [Kremote: Compressing objects:  50% (405/810)   [Kremote: Compressing objects:  51% (414/810)   [Kremote: Compressing objects:  52% (422/810)   [Kremote: Compressing objects:  53% (430/810)   [Kremote: Compressing objects:  54% (438/810)   [Kremote: Compressing objects:  55% (446/810)   [Kremote: Compressing objects:  56% (454/810)   [Kremote: Compressing objects:  57% (462/810)   [Kremote: Compressing objects:  58% (470/810)   [Kremote: Compressing objects:  59% (478/810)   [Kremote: Compressing objects:  60% (486/810)   [Kremote: Compressing objects:  61% (495/810)   [Kremote: Compressing objects:  62% (503/810)   [Kremote: Compressing objects:  63% (511/810)   [Kremote: Compressing objects:  64% (519/810)   [Kremote: Compressing objects:  65% (527/810)   [Kremote: Compressing objects:  66% (535/810)   [Kremote: Compressing objects:  67% (543/810)   [Kremote: Compressing objects:  68% (551/810)   [Kremote: Compressing objects:  69% (559/810)   [Kremote: Compressing objects:  70% (567/810)   [Kremote: Compressing objects:  71% (576/810)   [Kremote: Compressing objects:  72% (584/810)   [Kremote: Compressing objects:  73% (592/810)   [Kremote: Compressing objects:  74% (600/810)   [Kremote: Compressing objects:  75% (608/810)   [Kremote: Compressing objects:  76% (616/810)   [Kremote: Compressing objects:  77% (624/810)   [Kremote: Compressing objects:  78% (632/810)   [Kremote: Compressing objects:  79% (640/810)   [Kremote: Compressing objects:  80% (648/810)   [Kremote: Compressing objects:  81% (657/810)   [Kremote: Compressing objects:  82% (665/810)   [Kremote: Compressing objects:  83% (673/810)   [Kremote: Compressing objects:  84% (681/810)   [Kremote: Compressing objects:  85% (689/810)   [Kremote: Compressing objects:  86% (697/810)   [Kremote: Compressing objects:  87% (705/810)   [Kremote: Compressing objects:  88% (713/810)   [Kremote: Compressing objects:  89% (721/810)   [Kremote: Compressing objects:  90% (729/810)   [Kremote: Compressing objects:  91% (738/810)   [Kremote: Compressing objects:  92% (746/810)   [Kremote: Compressing objects:  93% (754/810)   [Kremote: Compressing objects:  94% (762/810)   [Kremote: Compressing objects:  95% (770/810)   [Kremote: Compressing objects:  96% (778/810)   [Kremote: Compressing objects:  97% (786/810)   [Kremote: Compressing objects:  98% (794/810)   [Kremote: Compressing objects:  99% (802/810)   [Kremote: Compressing objects: 100% (810/810)   [Kremote: Compressing objects: 100% (810/810), done.[K
Receiving objects:   0% (1/1497)   Receiving objects:   1% (15/1497)   Receiving objects:   2% (30/1497)   Receiving objects:   3% (45/1497)   Receiving objects:   4% (60/1497)   Receiving objects:   5% (75/1497)   Receiving objects:   6% (90/1497)   Receiving objects:   7% (105/1497)   Receiving objects:   8% (120/1497)   Receiving objects:   9% (135/1497)   Receiving objects:  10% (150/1497)   Receiving objects:  11% (165/1497)   Receiving objects:  12% (180/1497)   Receiving objects:  13% (195/1497)   Receiving objects:  14% (210/1497)   Receiving objects:  15% (225/1497)   Receiving objects:  16% (240/1497)   Receiving objects:  17% (255/1497)   Receiving objects:  18% (270/1497)   Receiving objects:  19% (285/1497)   Receiving objects:  20% (300/1497)   Receiving objects:  21% (315/1497)   Receiving objects:  22% (330/1497)   Receiving objects:  23% (345/1497)   Receiving objects:  24% (360/1497)   Receiving objects:  25% (375/1497)   Receiving objects:  26% (390/1497)   Receiving objects:  27% (405/1497)   Receiving objects:  28% (420/1497)   Receiving objects:  29% (435/1497)   Receiving objects:  30% (450/1497)   Receiving objects:  31% (465/1497)   Receiving objects:  32% (480/1497), 296.00 KiB | 563 KiB/s   Receiving objects:  33% (495/1497), 296.00 KiB | 563 KiB/s   Receiving objects:  34% (509/1497), 296.00 KiB | 563 KiB/s   Receiving objects:  35% (524/1497), 296.00 KiB | 563 KiB/s   Receiving objects:  36% (539/1497), 296.00 KiB | 563 KiB/s   Receiving objects:  37% (554/1497), 296.00 KiB | 563 KiB/s   Receiving objects:  38% (569/1497), 296.00 KiB | 563 KiB/s   Receiving objects:  39% (584/1497), 296.00 KiB | 563 KiB/s   Receiving objects:  40% (599/1497), 296.00 KiB | 563 KiB/s   Receiving objects:  41% (614/1497), 296.00 KiB | 563 KiB/s   Receiving objects:  42% (629/1497), 296.00 KiB | 563 KiB/s   Receiving objects:  43% (644/1497), 296.00 KiB | 563 KiB/s   Receiving objects:  44% (659/1497), 296.00 KiB | 563 KiB/s   Receiving objects:  45% (674/1497), 296.00 KiB | 563 KiB/s   Receiving objects:  46% (689/1497), 296.00 KiB | 563 KiB/s   Receiving objects:  47% (704/1497), 296.00 KiB | 563 KiB/s   remote: Total 1497 (delta 486), reused 1294 (delta 332)[K
Receiving objects:  48% (719/1497), 296.00 KiB | 563 KiB/s   Receiving objects:  49% (734/1497), 296.00 KiB | 563 KiB/s   Receiving objects:  50% (749/1497), 296.00 KiB | 563 KiB/s   Receiving objects:  51% (764/1497), 296.00 KiB | 563 KiB/s   Receiving objects:  52% (779/1497), 296.00 KiB | 563 KiB/s   Receiving objects:  53% (794/1497), 296.00 KiB | 563 KiB/s   Receiving objects:  54% (809/1497), 296.00 KiB | 563 KiB/s   Receiving objects:  55% (824/1497), 296.00 KiB | 563 KiB/s   Receiving objects:  56% (839/1497), 296.00 KiB | 563 KiB/s   Receiving objects:  57% (854/1497), 296.00 KiB | 563 KiB/s   Receiving objects:  58% (869/1497), 296.00 KiB | 563 KiB/s   Receiving objects:  59% (884/1497), 296.00 KiB | 563 KiB/s   Receiving objects:  60% (899/1497), 296.00 KiB | 563 KiB/s   Receiving objects:  61% (914/1497), 296.00 KiB | 563 KiB/s   Receiving objects:  62% (929/1497), 296.00 KiB | 563 KiB/s   Receiving objects:  63% (944/1497), 296.00 KiB | 563 KiB/s   Receiving objects:  64% (959/1497), 296.00 KiB | 563 KiB/s   Receiving objects:  65% (974/1497), 296.00 KiB | 563 KiB/s   Receiving objects:  66% (989/1497), 296.00 KiB | 563 KiB/s   Receiving objects:  67% (1003/1497), 296.00 KiB | 563 KiB/s   Receiving objects:  68% (1018/1497), 296.00 KiB | 563 KiB/s   Receiving objects:  69% (1033/1497), 296.00 KiB | 563 KiB/s   Receiving objects:  70% (1048/1497), 296.00 KiB | 563 KiB/s   Receiving objects:  71% (1063/1497), 296.00 KiB | 563 KiB/s   Receiving objects:  72% (1078/1497), 296.00 KiB | 563 KiB/s   Receiving objects:  73% (1093/1497), 296.00 KiB | 563 KiB/s   Receiving objects:  74% (1108/1497), 296.00 KiB | 563 KiB/s   Receiving objects:  75% (1123/1497), 296.00 KiB | 563 KiB/s   Receiving objects:  76% (1138/1497), 296.00 KiB | 563 KiB/s   Receiving objects:  77% (1153/1497), 296.00 KiB | 563 KiB/s   Receiving objects:  78% (1168/1497), 296.00 KiB | 563 KiB/s   Receiving objects:  79% (1183/1497), 296.00 KiB | 563 KiB/s   Receiving objects:  80% (1198/1497), 296.00 KiB | 563 KiB/s   Receiving objects:  81% (1213/1497), 296.00 KiB | 563 KiB/s   Receiving objects:  82% (1228/1497), 296.00 KiB | 563 KiB/s   Receiving objects:  83% (1243/1497), 296.00 KiB | 563 KiB/s   Receiving objects:  84% (1258/1497), 296.00 KiB | 563 KiB/s   Receiving objects:  85% (1273/1497), 296.00 KiB | 563 KiB/s   Receiving objects:  86% (1288/1497), 296.00 KiB | 563 KiB/s   Receiving objects:  87% (1303/1497), 296.00 KiB | 563 KiB/s   Receiving objects:  88% (1318/1497), 296.00 KiB | 563 KiB/s   Receiving objects:  89% (1333/1497), 296.00 KiB | 563 KiB/s   Receiving objects:  90% (1348/1497), 296.00 KiB | 563 KiB/s   Receiving objects:  91% (1363/1497), 296.00 KiB | 563 KiB/s   Receiving objects:  92% (1378/1497), 296.00 KiB | 563 KiB/s   Receiving objects:  93% (1393/1497), 296.00 KiB | 563 KiB/s   Receiving objects:  94% (1408/1497), 296.00 KiB | 563 KiB/s   Receiving objects:  95% (1423/1497), 296.00 KiB | 563 KiB/s   Receiving objects:  96% (1438/1497), 296.00 KiB | 563 KiB/s   Receiving objects:  97% (1453/1497), 296.00 KiB | 563 KiB/s   Receiving objects:  98% (1468/1497), 296.00 KiB | 563 KiB/s   Receiving objects:  99% (1483/1497), 296.00 KiB | 563 KiB/s   Receiving objects: 100% (1497/1497), 296.00 KiB | 563 KiB/s   Receiving objects: 100% (1497/1497), 422.69 KiB | 563 KiB/s, done.
Resolving deltas:   0% (0/486)   Resolving deltas:   1% (5/486)   Resolving deltas:   2% (14/486)   Resolving deltas:   3% (16/486)   Resolving deltas:   6% (32/486)   Resolving deltas:   7% (35/486)   Resolving deltas:   8% (40/486)   Resolving deltas:   9% (44/486)   Resolving deltas:  13% (64/486)   Resolving deltas:  17% (84/486)   Resolving deltas:  18% (90/486)   Resolving deltas:  21% (103/486)   Resolving deltas:  22% (107/486)   Resolving deltas:  23% (112/486)   Resolving deltas:  24% (120/486)   Resolving deltas:  31% (155/486)   Resolving deltas:  32% (156/486)   Resolving deltas:  33% (164/486)   Resolving deltas:  39% (191/486)   Resolving deltas:  40% (195/486)   Resolving deltas:  41% (202/486)   Resolving deltas:  44% (218/486)   Resolving deltas:  45% (222/486)   Resolving deltas:  46% (224/486)   Resolving deltas:  47% (229/486)   Resolving deltas:  48% (234/486)   Resolving deltas:  49% (242/486)   Resolving deltas:  51% (248/486)   Resolving deltas:  52% (253/486)   Resolving deltas:  53% (259/486)   Resolving deltas:  54% (263/486)   Resolving deltas:  55% (270/486)   Resolving deltas:  56% (274/486)   Resolving deltas:  57% (278/486)   Resolving deltas:  58% (285/486)   Resolving deltas:  61% (300/486)   Resolving deltas:  62% (303/486)   Resolving deltas:  63% (308/486)   Resolving deltas:  70% (341/486)   Resolving deltas:  71% (346/486)   Resolving deltas:  74% (364/486)   Resolving deltas:  75% (369/486)   Resolving deltas:  79% (388/486)   Resolving deltas:  80% (389/486)   Resolving deltas:  81% (394/486)   Resolving deltas:  82% (399/486)   Resolving deltas:  84% (409/486)   Resolving deltas:  85% (414/486)   Resolving deltas:  86% (419/486)   Resolving deltas:  87% (424/486)   Resolving deltas:  88% (429/486)   Resolving deltas:  89% (437/486)   Resolving deltas:  90% (438/486)   Resolving deltas:  91% (443/486)   Resolving deltas:  92% (449/486)   Resolving deltas:  95% (463/486)   Resolving deltas:  96% (468/486)   Resolving deltas:  97% (472/486)   Resolving deltas:  98% (478/486)   Resolving deltas: 100% (486/486)   Resolving deltas: 100% (486/486), done.
travis_fold:end:git.1$ cd square/dagger
travis_fold:start:git.2$ git fetch origin +refs/pull/212/merge: 
remote: Counting objects: 29, done.[K
remote: Compressing objects:  12% (1/8)   [Kremote: Compressing objects:  25% (2/8)   [Kremote: Compressing objects:  37% (3/8)   [Kremote: Compressing objects:  50% (4/8)   [Kremote: Compressing objects:  62% (5/8)   [Kremote: Compressing objects:  75% (6/8)   [Kremote: Compressing objects:  87% (7/8)   [Kremote: Compressing objects: 100% (8/8)   [Kremote: Compressing objects: 100% (8/8), done.[K
remote: Total 20 (delta 5), reused 20 (delta 5)[K
Unpacking objects:   5% (1/20)   Unpacking objects:  10% (2/20)   Unpacking objects:  15% (3/20)   Unpacking objects:  20% (4/20)   Unpacking objects:  25% (5/20)   Unpacking objects:  30% (6/20)   Unpacking objects:  35% (7/20)   Unpacking objects:  40% (8/20)   Unpacking objects:  45% (9/20)   Unpacking objects:  50% (10/20)   Unpacking objects:  55% (11/20)   Unpacking objects:  60% (12/20)   Unpacking objects:  65% (13/20)   Unpacking objects:  70% (14/20)   Unpacking objects:  75% (15/20)   Unpacking objects:  80% (16/20)   Unpacking objects:  85% (17/20)   Unpacking objects:  90% (18/20)   Unpacking objects:  95% (19/20)   Unpacking objects: 100% (20/20)   Unpacking objects: 100% (20/20), done.
From git://github.com/square/dagger
 * branch            refs/pull/212/merge -> FETCH_HEAD
travis_fold:end:git.2travis_fold:start:git.3$ git checkout -qf FETCH_HEAD
travis_fold:end:git.3$ java -version
java version "1.7.0_15"
OpenJDK Runtime Environment (IcedTea7 2.3.7) (7u15-2.3.7-0ubuntu1~12.04.1)
OpenJDK 64-Bit Server VM (build 23.7-b01, mixed mode)
$ javac -version
javac 1.7.0_15
travis_fold:start:install$ mvn install clean --fail-never --quiet -DskipTests=true -Dinvoker.skip=true
travis_fold:end:install$ mvn verify
[INFO] Scanning for projects...
[INFO] ------------------------------------------------------------------------
[INFO] Reactor Build Order:
[INFO] 
[INFO] Dagger (Parent)
[INFO] Dagger
[INFO] Dagger Compiler
[INFO] Dagger Example (Parent)
[INFO] Dagger Example - Simple
[INFO]                                                                         
[INFO] ------------------------------------------------------------------------
[INFO] Building Dagger (Parent) 1.0-SNAPSHOT
[INFO] ------------------------------------------------------------------------
[INFO] 
[INFO] --- maven-enforcer-plugin:1.0:enforce (enforce-maven) @ dagger-parent ---
[INFO] 
[INFO] --- maven-checkstyle-plugin:2.10:checkstyle (default) @ dagger-parent ---
[INFO]                                                                         
[INFO] ------------------------------------------------------------------------
[INFO] Building Dagger 1.0-SNAPSHOT
[INFO] ------------------------------------------------------------------------
[INFO] 
[INFO] --- maven-enforcer-plugin:1.0:enforce (enforce-maven) @ dagger ---
[INFO] 
[INFO] --- maven-resources-plugin:2.3:resources (default-resources) @ dagger ---
[INFO] Using 'UTF-8' encoding to copy filtered resources.
[INFO] skip non existing resourceDirectory /home/travis/build/square/dagger/core/src/main/resources
[INFO] 
[INFO] --- maven-compiler-plugin:2.5:compile (default-compile) @ dagger ---
[INFO] Compiling 24 source files to /home/travis/build/square/dagger/core/target/classes
[WARNING] bootstrap class path not set in conjunction with -source 1.6
/home/travis/build/square/dagger/core/src/main/java/dagger/internal/UniqueMap.java:[24,7] [serial] serializable class UniqueMap has no definition of serialVersionUID
[WARNING] /home/travis/build/square/dagger/core/src/main/java/dagger/internal/plugins/reflect/ReflectiveModuleAdapter.java:[122,23] [rawtypes] found raw type: Binding
[INFO] 
[INFO] --- maven-resources-plugin:2.3:testResources (default-testResources) @ dagger ---
[INFO] Using 'UTF-8' encoding to copy filtered resources.
[INFO] skip non existing resourceDirectory /home/travis/build/square/dagger/core/src/test/resources
[INFO] 
[INFO] --- maven-compiler-plugin:2.5:testCompile (default-testCompile) @ dagger ---
[INFO] Compiling 13 source files to /home/travis/build/square/dagger/core/target/test-classes
[INFO] 
[INFO] --- maven-surefire-plugin:2.10:test (default-test) @ dagger ---
[INFO] Surefire report directory: /home/travis/build/square/dagger/core/target/surefire-reports
Downloading: http://maven.mirrors.travis-ci.org/nexus/content/repositories/central/org/apache/maven/surefire/surefire-junit4/2.10/surefire-junit4-2.10.pom
3/3 KB            Downloaded: http://maven.mirrors.travis-ci.org/nexus/content/repositories/central/org/apache/maven/surefire/surefire-junit4/2.10/surefire-junit4-2.10.pom (3 KB at 4.0 KB/sec)
Downloading: http://maven.mirrors.travis-ci.org/nexus/content/repositories/central/org/apache/maven/surefire/surefire-providers/2.10/surefire-providers-2.10.pom
3/3 KB            Downloaded: http://maven.mirrors.travis-ci.org/nexus/content/repositories/central/org/apache/maven/surefire/surefire-providers/2.10/surefire-providers-2.10.pom (3 KB at 7.1 KB/sec)
Downloading: http://maven.mirrors.travis-ci.org/nexus/content/repositories/central/org/apache/maven/surefire/surefire-junit4/2.10/surefire-junit4-2.10.jar
4/33 KB   8/33 KB   9/33 KB   13/33 KB   17/33 KB   21/33 KB   24/33 KB   28/33 KB   32/33 KB   33/33 KB              Downloaded: http://maven.mirrors.travis-ci.org/nexus/content/repositories/central/org/apache/maven/surefire/surefire-junit4/2.10/surefire-junit4-2.10.jar (33 KB at 64.3 KB/sec)

-------------------------------------------------------
 T E S T S
-------------------------------------------------------
Running dagger.LazyInjectionTest
Tests run: 5, Failures: 0, Errors: 0, Skipped: 0, Time elapsed: 0.181 sec
Running dagger.SetBindingTest
Tests run: 7, Failures: 0, Errors: 0, Skipped: 0, Time elapsed: 0.093 sec
Running dagger.ModuleTest
Tests run: 10, Failures: 0, Errors: 0, Skipped: 0, Time elapsed: 0.06 sec
Running dagger.MembersInjectorTest
Tests run: 8, Failures: 0, Errors: 0, Skipped: 0, Time elapsed: 0.043 sec
Running dagger.internal.SingletonBindingTest
Tests run: 7, Failures: 0, Errors: 0, Skipped: 0, Time elapsed: 0.012 sec
Running dagger.internal.KeysTest
Tests run: 18, Failures: 0, Errors: 0, Skipped: 0, Time elapsed: 0.033 sec
Running dagger.ExtensionTest
Tests run: 3, Failures: 0, Errors: 0, Skipped: 0, Time elapsed: 0.024 sec
Running dagger.InjectionTest
Tests run: 34, Failures: 0, Errors: 0, Skipped: 0, Time elapsed: 0.181 sec
Running dagger.InjectionOfLazyTest
Tests run: 4, Failures: 0, Errors: 0, Skipped: 0, Time elapsed: 0.013 sec
Running dagger.InjectStaticsTest
Tests run: 3, Failures: 0, Errors: 0, Skipped: 0, Time elapsed: 0.01 sec
Running dagger.ExtensionWithStateTest
Tests run: 1, Failures: 0, Errors: 0, Skipped: 0, Time elapsed: 0.004 sec
Running dagger.ProblemDetectorTest
Tests run: 3, Failures: 0, Errors: 0, Skipped: 0, Time elapsed: 0.012 sec
Running dagger.ThreadSafetyTest
Tests run: 2, Failures: 0, Errors: 0, Skipped: 0, Time elapsed: 0.062 sec

Results :

Tests run: 105, Failures: 0, Errors: 0, Skipped: 0

[INFO] 
[INFO] --- maven-jar-plugin:2.2:jar (default-jar) @ dagger ---
[INFO] Building jar: /home/travis/build/square/dagger/core/target/dagger-1.0-SNAPSHOT.jar
[INFO] 
[INFO] --- maven-checkstyle-plugin:2.10:checkstyle (default) @ dagger ---
[INFO] Starting audit...
Audit done.

[WARNING] Unable to locate Source XRef to link to - DISABLED
[INFO]                                                                         
[INFO] ------------------------------------------------------------------------
[INFO] Building Dagger Compiler 1.0-SNAPSHOT
[INFO] ------------------------------------------------------------------------
[INFO] 
[INFO] --- maven-enforcer-plugin:1.0:enforce (enforce-maven) @ dagger-compiler ---
[INFO] 
[INFO] --- maven-resources-plugin:2.3:resources (default-resources) @ dagger-compiler ---
[INFO] Using 'UTF-8' encoding to copy filtered resources.
[INFO] Copying 1 resource
[INFO] 
[INFO] --- maven-compiler-plugin:2.5:compile (default-compile) @ dagger-compiler ---
[INFO] Compiling 11 source files to /home/travis/build/square/dagger/compiler/target/classes
[INFO] 
[INFO] --- maven-resources-plugin:2.3:testResources (default-testResources) @ dagger-compiler ---
[INFO] Using 'UTF-8' encoding to copy filtered resources.
[INFO] skip non existing resourceDirectory /home/travis/build/square/dagger/compiler/src/test/resources
[INFO] 
[INFO] --- maven-compiler-plugin:2.5:testCompile (default-testCompile) @ dagger-compiler ---
[INFO] Compiling 3 source files to /home/travis/build/square/dagger/compiler/target/test-classes
[INFO] 
[INFO] --- maven-surefire-plugin:2.10:test (default-test) @ dagger-compiler ---
[INFO] Surefire report directory: /home/travis/build/square/dagger/compiler/target/surefire-reports

-------------------------------------------------------
 T E S T S
-------------------------------------------------------
Running dagger.internal.codegen.DotWriterTest
Tests run: 4, Failures: 0, Errors: 0, Skipped: 0, Time elapsed: 0.109 sec
Running dagger.internal.codegen.GraphVisualizerTest
Tests run: 7, Failures: 0, Errors: 0, Skipped: 0, Time elapsed: 0.049 sec

Results :

Tests run: 11, Failures: 0, Errors: 0, Skipped: 0

[INFO] 
[INFO] --- maven-jar-plugin:2.2:jar (default-jar) @ dagger-compiler ---
[INFO] Building jar: /home/travis/build/square/dagger/compiler/target/dagger-compiler-1.0-SNAPSHOT.jar
[INFO] 
[INFO] --- maven-invoker-plugin:1.7:install (integration-test) @ dagger-compiler ---
[INFO] Installing /home/travis/build/square/dagger/core/pom.xml to /home/travis/build/square/dagger/compiler/target/local-repo/com/squareup/dagger/dagger/1.0-SNAPSHOT/dagger-1.0-SNAPSHOT.pom
[INFO] Installing /home/travis/build/square/dagger/core/target/dagger-1.0-SNAPSHOT.jar to /home/travis/build/square/dagger/compiler/target/local-repo/com/squareup/dagger/dagger/1.0-SNAPSHOT/dagger-1.0-SNAPSHOT.jar
[INFO] Installing /home/travis/build/square/dagger/pom.xml to /home/travis/build/square/dagger/compiler/target/local-repo/com/squareup/dagger/dagger-parent/1.0-SNAPSHOT/dagger-parent-1.0-SNAPSHOT.pom
[INFO] Installing /home/travis/build/square/dagger/compiler/pom.xml to /home/travis/build/square/dagger/compiler/target/local-repo/com/squareup/dagger/dagger-compiler/1.0-SNAPSHOT/dagger-compiler-1.0-SNAPSHOT.pom
[INFO] Installing /home/travis/build/square/dagger/compiler/target/dagger-compiler-1.0-SNAPSHOT.jar to /home/travis/build/square/dagger/compiler/target/local-repo/com/squareup/dagger/dagger-compiler/1.0-SNAPSHOT/dagger-compiler-1.0-SNAPSHOT.jar
[INFO] 
[INFO] --- maven-invoker-plugin:1.7:run (integration-test) @ dagger-compiler ---
[INFO] Building: extension-graph/pom.xml
[INFO] ..SUCCESS (80.0 s)
[INFO] Building: cyclic-deps/pom.xml
[INFO] run script verify.bsh
[INFO] ..SUCCESS (8.3 s)
[INFO] Building: private-inject/pom.xml
[INFO] run script verify.bsh
[INFO] ..SUCCESS (7.7 s)
[INFO] Building: multiple-provides-methods/pom.xml
[INFO] run script verify.bsh
[INFO] ..SUCCESS (9.9 s)
[INFO] Building: uninjectable-supertype/pom.xml
[INFO] ..SUCCESS (10.1 s)
[INFO] Building: cyclic-module-includes/pom.xml
[INFO] run script verify.bsh
[INFO] ..SUCCESS (8.0 s)
[INFO] Building: provides-method-with-throws-clause/pom.xml
[INFO] run script verify.bsh
[INFO] ..SUCCESS (7.9 s)
[INFO] Building: provide-provider-or-lazy/pom.xml
[INFO] run script verify.bsh
[INFO] ..SUCCESS (7.9 s)
[INFO] Building: missing-at-inject-constructor/pom.xml
[INFO] run script verify.bsh
[INFO] ..SUCCESS (8.1 s)
[INFO] Building: same-provides-method-name/pom.xml
[INFO] ..SUCCESS (9.6 s)
[INFO] Building: include-non-module/pom.xml
[INFO] ..SUCCESS (8.3 s)
[INFO] Building: simple-missing-dependency-failure/pom.xml
[INFO] run script verify.bsh
[INFO] ..SUCCESS (8.0 s)
[INFO] Building: inject-parameterized-type/pom.xml
[INFO] ..SUCCESS (9.7 s)
[INFO] Building: method-injection/pom.xml
[INFO] run script verify.bsh
[INFO] ..SUCCESS (7.9 s)
[INFO] Building: default-package-injected-type/pom.xml
[INFO] ..SUCCESS (9.9 s)
[INFO] Building: module-type-validation/pom.xml
[INFO] run script verify.bsh
[INFO] ..SUCCESS (8.0 s)
[INFO] Building: inner-classes-complaint-injection/pom.xml
[INFO] run script verify.bsh
[INFO] ..SUCCESS (7.8 s)
[INFO] -------------------------------------------------
[INFO] Build Summary:
[INFO]   Passed: 17, Failed: 0, Errors: 0, Skipped: 0
[INFO] -------------------------------------------------
[INFO] 
[INFO] --- maven-checkstyle-plugin:2.10:checkstyle (default) @ dagger-compiler ---
[INFO] Starting audit...
Audit done.

[WARNING] Unable to locate Source XRef to link to - DISABLED
[INFO]                                                                         
[INFO] ------------------------------------------------------------------------
[INFO] Building Dagger Example (Parent) 1.0-SNAPSHOT
[INFO] ------------------------------------------------------------------------
[INFO] 
[INFO] --- maven-enforcer-plugin:1.0:enforce (enforce-maven) @ dagger-example-parent ---
[INFO] 
[INFO] --- maven-checkstyle-plugin:2.10:checkstyle (default) @ dagger-example-parent ---
[INFO]                                                                         
[INFO] ------------------------------------------------------------------------
[INFO] Building Dagger Example - Simple 1.0-SNAPSHOT
[INFO] ------------------------------------------------------------------------
[INFO] 
[INFO] --- maven-enforcer-plugin:1.0:enforce (enforce-maven) @ simple-dagger-example ---
[INFO] 
[INFO] --- maven-resources-plugin:2.3:resources (default-resources) @ simple-dagger-example ---
[INFO] Using 'UTF-8' encoding to copy filtered resources.
[INFO] skip non existing resourceDirectory /home/travis/build/square/dagger/examples/simple/src/main/resources
[INFO] 
[INFO] --- maven-compiler-plugin:2.5:compile (default-compile) @ simple-dagger-example ---
[INFO] Compiling 8 source files to /home/travis/build/square/dagger/examples/simple/target/classes
[INFO] 
[INFO] --- maven-resources-plugin:2.3:testResources (default-testResources) @ simple-dagger-example ---
[INFO] Using 'UTF-8' encoding to copy filtered resources.
[INFO] skip non existing resourceDirectory /home/travis/build/square/dagger/examples/simple/src/test/resources
[INFO] 
[INFO] --- maven-compiler-plugin:2.5:testCompile (default-testCompile) @ simple-dagger-example ---
[INFO] No sources to compile
[INFO] 
[INFO] --- maven-surefire-plugin:2.10:test (default-test) @ simple-dagger-example ---
[INFO] No tests to run.
[INFO] Surefire report directory: /home/travis/build/square/dagger/examples/simple/target/surefire-reports
Downloading: http://maven.mirrors.travis-ci.org/nexus/content/repositories/central/org/apache/maven/surefire/surefire-junit3/2.10/surefire-junit3-2.10.pom
2/2 KB              Downloaded: http://maven.mirrors.travis-ci.org/nexus/content/repositories/central/org/apache/maven/surefire/surefire-junit3/2.10/surefire-junit3-2.10.pom (2 KB at 3.1 KB/sec)
Downloading: http://maven.mirrors.travis-ci.org/nexus/content/repositories/central/org/apache/maven/surefire/surefire-junit3/2.10/surefire-junit3-2.10.jar
4/26 KB   8/26 KB   9/26 KB   13/26 KB   17/26 KB   21/26 KB   23/26 KB   26/26 KB              Downloaded: http://maven.mirrors.travis-ci.org/nexus/content/repositories/central/org/apache/maven/surefire/surefire-junit3/2.10/surefire-junit3-2.10.jar (26 KB at 13.9 KB/sec)

-------------------------------------------------------
 T E S T S
-------------------------------------------------------

Results :

Tests run: 0, Failures: 0, Errors: 0, Skipped: 0

[INFO] 
[INFO] --- maven-jar-plugin:2.2:jar (default-jar) @ simple-dagger-example ---
[INFO] Building jar: /home/travis/build/square/dagger/examples/simple/target/simple-dagger-example-1.0-SNAPSHOT.jar
[INFO] 
[INFO] --- maven-checkstyle-plugin:2.10:checkstyle (default) @ simple-dagger-example ---
[INFO] Starting audit...
Audit done.

[WARNING] Unable to locate Source XRef to link to - DISABLED
[INFO] ------------------------------------------------------------------------
[INFO] Reactor Summary:
[INFO] 
[INFO] Dagger (Parent) ................................... SUCCESS [4.251s]
[INFO] Dagger ............................................ SUCCESS [11.053s]
[INFO] Dagger Compiler ................................... SUCCESS [3:40.618s]
[INFO] Dagger Example (Parent) ........................... SUCCESS [0.010s]
[INFO] Dagger Example - Simple ........................... SUCCESS [3.941s]
[INFO] ------------------------------------------------------------------------
[INFO] BUILD SUCCESS
[INFO] ------------------------------------------------------------------------
[INFO] Total time: 4:00.526s
[INFO] Finished at: Tue Apr 23 06:23:19 UTC 2013
[INFO] Final Memory: 23M/174M
[INFO] ------------------------------------------------------------------------

The command "mvn verify" exited with 0.

Done. Your build exited with 0.
