Using worker: worker-linux-2-1.bb.travis-ci.org:travis-linux-7

travis_fold:start:git.1$ git clone --depth=50 --branch=kiran/wat git://github.com/square/dagger.git square/dagger
Cloning into 'square/dagger'...
remote: Counting objects: 3731, done.[K
remote: Compressing objects:   0% (1/1817)   [Kremote: Compressing objects:   1% (19/1817)   [Kremote: Compressing objects:   2% (37/1817)   [Kremote: Compressing objects:   3% (55/1817)   [Kremote: Compressing objects:   4% (73/1817)   [Kremote: Compressing objects:   5% (91/1817)   [Kremote: Compressing objects:   6% (110/1817)   [Kremote: Compressing objects:   7% (128/1817)   [Kremote: Compressing objects:   8% (146/1817)   [Kremote: Compressing objects:   9% (164/1817)   [Kremote: Compressing objects:  10% (182/1817)   [Kremote: Compressing objects:  11% (200/1817)   [Kremote: Compressing objects:  12% (219/1817)   [Kremote: Compressing objects:  13% (237/1817)   [Kremote: Compressing objects:  14% (255/1817)   [Kremote: Compressing objects:  15% (273/1817)   [Kremote: Compressing objects:  16% (291/1817)   [Kremote: Compressing objects:  17% (309/1817)   [Kremote: Compressing objects:  18% (328/1817)   [Kremote: Compressing objects:  19% (346/1817)   [Kremote: Compressing objects:  20% (364/1817)   [Kremote: Compressing objects:  21% (382/1817)   [Kremote: Compressing objects:  22% (400/1817)   [Kremote: Compressing objects:  23% (418/1817)   [Kremote: Compressing objects:  24% (437/1817)   [Kremote: Compressing objects:  25% (455/1817)   [Kremote: Compressing objects:  26% (473/1817)   [Kremote: Compressing objects:  27% (491/1817)   [Kremote: Compressing objects:  28% (509/1817)   [Kremote: Compressing objects:  29% (527/1817)   [Kremote: Compressing objects:  30% (546/1817)   [Kremote: Compressing objects:  31% (564/1817)   [Kremote: Compressing objects:  32% (582/1817)   [Kremote: Compressing objects:  33% (600/1817)   [Kremote: Compressing objects:  34% (618/1817)   [Kremote: Compressing objects:  35% (636/1817)   [Kremote: Compressing objects:  36% (655/1817)   [Kremote: Compressing objects:  37% (673/1817)   [Kremote: Compressing objects:  38% (691/1817)   [Kremote: Compressing objects:  39% (709/1817)   [Kremote: Compressing objects:  40% (727/1817)   [Kremote: Compressing objects:  41% (745/1817)   [Kremote: Compressing objects:  42% (764/1817)   [Kremote: Compressing objects:  43% (782/1817)   [Kremote: Compressing objects:  44% (800/1817)   [Kremote: Compressing objects:  45% (818/1817)   [Kremote: Compressing objects:  46% (836/1817)   [Kremote: Compressing objects:  47% (854/1817)   [Kremote: Compressing objects:  48% (873/1817)   [Kremote: Compressing objects:  49% (891/1817)   [Kremote: Compressing objects:  50% (909/1817)   [Kremote: Compressing objects:  51% (927/1817)   [Kremote: Compressing objects:  52% (945/1817)   [Kremote: Compressing objects:  53% (964/1817)   [Kremote: Compressing objects:  54% (982/1817)   [Kremote: Compressing objects:  55% (1000/1817)   [Kremote: Compressing objects:  56% (1018/1817)   [Kremote: Compressing objects:  57% (1036/1817)   [Kremote: Compressing objects:  58% (1054/1817)   [Kremote: Compressing objects:  59% (1073/1817)   [Kremote: Compressing objects:  60% (1091/1817)   [Kremote: Compressing objects:  61% (1109/1817)   [Kremote: Compressing objects:  62% (1127/1817)   [Kremote: Compressing objects:  63% (1145/1817)   [Kremote: Compressing objects:  64% (1163/1817)   [Kremote: Compressing objects:  65% (1182/1817)   [Kremote: Compressing objects:  66% (1200/1817)   [Kremote: Compressing objects:  67% (1218/1817)   [Kremote: Compressing objects:  68% (1236/1817)   [Kremote: Compressing objects:  69% (1254/1817)   [Kremote: Compressing objects:  70% (1272/1817)   [Kremote: Compressing objects:  71% (1291/1817)   [Kremote: Compressing objects:  72% (1309/1817)   [Kremote: Compressing objects:  73% (1327/1817)   [Kremote: Compressing objects:  74% (1345/1817)   [Kremote: Compressing objects:  75% (1363/1817)   [Kremote: Compressing objects:  76% (1381/1817)   [Kremote: Compressing objects:  77% (1400/1817)   [Kremote: Compressing objects:  78% (1418/1817)   [Kremote: Compressing objects:  79% (1436/1817)   [Kremote: Compressing objects:  80% (1454/1817)   [Kremote: Compressing objects:  81% (1472/1817)   [Kremote: Compressing objects:  82% (1490/1817)   [Kremote: Compressing objects:  83% (1509/1817)   [Kremote: Compressing objects:  84% (1527/1817)   [Kremote: Compressing objects:  85% (1545/1817)   [Kremote: Compressing objects:  86% (1563/1817)   [Kremote: Compressing objects:  87% (1581/1817)   [Kremote: Compressing objects:  88% (1599/1817)   [Kremote: Compressing objects:  89% (1618/1817)   [Kremote: Compressing objects:  90% (1636/1817)   [Kremote: Compressing objects:  91% (1654/1817)   [Kremote: Compressing objects:  92% (1672/1817)   [Kremote: Compressing objects:  93% (1690/1817)   [Kremote: Compressing objects:  94% (1708/1817)   [Kremote: Compressing objects:  95% (1727/1817)   [Kremote: Compressing objects:  96% (1745/1817)   [Kremote: Compressing objects:  97% (1763/1817)   [Kremote: Compressing objects:  98% (1781/1817)   [Kremote: Compressing objects:  99% (1799/1817)   [Kremote: Compressing objects: 100% (1817/1817)   [Kremote: Compressing objects: 100% (1817/1817), done.[K
Receiving objects:   0% (1/3731)   Receiving objects:   1% (38/3731)   Receiving objects:   2% (75/3731)   Receiving objects:   3% (112/3731)   Receiving objects:   4% (150/3731)   Receiving objects:   5% (187/3731)   Receiving objects:   6% (224/3731)   Receiving objects:   7% (262/3731)   Receiving objects:   8% (299/3731)   Receiving objects:   9% (336/3731)   Receiving objects:  10% (374/3731)   Receiving objects:  11% (411/3731)   Receiving objects:  12% (448/3731)   Receiving objects:  13% (486/3731)   Receiving objects:  14% (523/3731)   Receiving objects:  15% (560/3731)   Receiving objects:  16% (597/3731)   Receiving objects:  17% (635/3731)   Receiving objects:  18% (672/3731)   Receiving objects:  19% (709/3731)   Receiving objects:  20% (747/3731)   Receiving objects:  21% (784/3731)   Receiving objects:  22% (821/3731)   Receiving objects:  23% (859/3731)   Receiving objects:  24% (896/3731)   Receiving objects:  25% (933/3731)   Receiving objects:  26% (971/3731)   Receiving objects:  27% (1008/3731)   Receiving objects:  28% (1045/3731)   Receiving objects:  29% (1082/3731)   Receiving objects:  30% (1120/3731)   Receiving objects:  31% (1157/3731)   Receiving objects:  32% (1194/3731)   Receiving objects:  33% (1232/3731)   Receiving objects:  34% (1269/3731)   Receiving objects:  35% (1306/3731)   Receiving objects:  36% (1344/3731)   Receiving objects:  37% (1381/3731)   Receiving objects:  38% (1418/3731)   Receiving objects:  39% (1456/3731)   Receiving objects:  40% (1493/3731)   Receiving objects:  41% (1530/3731)   Receiving objects:  42% (1568/3731)   Receiving objects:  43% (1605/3731)   Receiving objects:  44% (1642/3731)   Receiving objects:  45% (1679/3731)   Receiving objects:  46% (1717/3731)   Receiving objects:  47% (1754/3731)   Receiving objects:  48% (1791/3731)   Receiving objects:  49% (1829/3731)   Receiving objects:  50% (1866/3731)   Receiving objects:  51% (1903/3731)   Receiving objects:  52% (1941/3731)   Receiving objects:  53% (1978/3731)   Receiving objects:  54% (2015/3731)   Receiving objects:  55% (2053/3731)   Receiving objects:  56% (2090/3731)   Receiving objects:  57% (2127/3731)   Receiving objects:  58% (2164/3731)   Receiving objects:  59% (2202/3731)   Receiving objects:  60% (2239/3731)   Receiving objects:  61% (2276/3731)   Receiving objects:  62% (2314/3731)   Receiving objects:  63% (2351/3731)   Receiving objects:  64% (2388/3731)   Receiving objects:  65% (2426/3731)   Receiving objects:  66% (2463/3731)   Receiving objects:  67% (2500/3731)   Receiving objects:  68% (2538/3731)   Receiving objects:  69% (2575/3731)   Receiving objects:  70% (2612/3731)   Receiving objects:  71% (2650/3731)   Receiving objects:  72% (2687/3731)   Receiving objects:  73% (2724/3731)   Receiving objects:  74% (2761/3731)   Receiving objects:  75% (2799/3731)   Receiving objects:  76% (2836/3731)   Receiving objects:  77% (2873/3731)   Receiving objects:  78% (2911/3731)   Receiving objects:  79% (2948/3731)   Receiving objects:  80% (2985/3731)   Receiving objects:  81% (3023/3731)   Receiving objects:  82% (3060/3731)   Receiving objects:  83% (3097/3731)   Receiving objects:  84% (3135/3731)   Receiving objects:  85% (3172/3731)   Receiving objects:  86% (3209/3731)   Receiving objects:  87% (3246/3731)   Receiving objects:  88% (3284/3731)   Receiving objects:  89% (3321/3731)   Receiving objects:  90% (3358/3731)   Receiving objects:  91% (3396/3731)   remote: Total 3731 (delta 1290), reused 3400 (delta 1001)[K
Receiving objects:  92% (3433/3731)   Receiving objects:  93% (3470/3731)   Receiving objects:  94% (3508/3731)   Receiving objects:  95% (3545/3731)   Receiving objects:  96% (3582/3731)   Receiving objects:  97% (3620/3731)   Receiving objects:  98% (3657/3731)   Receiving objects:  99% (3694/3731)   Receiving objects: 100% (3731/3731)   Receiving objects: 100% (3731/3731), 869.47 KiB, done.
Resolving deltas:   0% (0/1290)   Resolving deltas:   1% (16/1290)   Resolving deltas:   3% (39/1290)   Resolving deltas:   4% (52/1290)   Resolving deltas:  10% (130/1290)   Resolving deltas:  11% (148/1290)   Resolving deltas:  12% (166/1290)   Resolving deltas:  13% (174/1290)   Resolving deltas:  14% (183/1290)   Resolving deltas:  15% (195/1290)   Resolving deltas:  16% (214/1290)   Resolving deltas:  21% (279/1290)   Resolving deltas:  24% (314/1290)   Resolving deltas:  25% (331/1290)   Resolving deltas:  27% (356/1290)   Resolving deltas:  28% (370/1290)   Resolving deltas:  30% (389/1290)   Resolving deltas:  31% (407/1290)   Resolving deltas:  32% (417/1290)   Resolving deltas:  33% (429/1290)   Resolving deltas:  35% (452/1290)   Resolving deltas:  37% (483/1290)   Resolving deltas:  38% (491/1290)   Resolving deltas:  39% (510/1290)   Resolving deltas:  40% (517/1290)   Resolving deltas:  41% (537/1290)   Resolving deltas:  42% (542/1290)   Resolving deltas:  43% (559/1290)   Resolving deltas:  44% (569/1290)   Resolving deltas:  45% (581/1290)   Resolving deltas:  47% (608/1290)   Resolving deltas:  48% (621/1290)   Resolving deltas:  49% (636/1290)   Resolving deltas:  50% (656/1290)   Resolving deltas:  51% (659/1290)   Resolving deltas:  52% (671/1290)   Resolving deltas:  53% (684/1290)   Resolving deltas:  55% (720/1290)   Resolving deltas:  56% (726/1290)   Resolving deltas:  57% (736/1290)   Resolving deltas:  58% (750/1290)   Resolving deltas:  59% (770/1290)   Resolving deltas:  62% (802/1290)   Resolving deltas:  63% (813/1290)   Resolving deltas:  64% (826/1290)   Resolving deltas:  65% (839/1290)   Resolving deltas:  66% (853/1290)   Resolving deltas:  67% (869/1290)   Resolving deltas:  71% (927/1290)   Resolving deltas:  72% (931/1290)   Resolving deltas:  74% (956/1290)   Resolving deltas:  75% (969/1290)   Resolving deltas:  76% (981/1290)   Resolving deltas:  77% (997/1290)   Resolving deltas:  78% (1018/1290)   Resolving deltas:  79% (1020/1290)   Resolving deltas:  81% (1051/1290)   Resolving deltas:  82% (1062/1290)   Resolving deltas:  83% (1071/1290)   Resolving deltas:  84% (1084/1290)   Resolving deltas:  85% (1097/1290)   Resolving deltas:  86% (1117/1290)   Resolving deltas:  87% (1123/1290)   Resolving deltas:  88% (1137/1290)   Resolving deltas:  89% (1149/1290)   Resolving deltas:  90% (1166/1290)   Resolving deltas:  91% (1179/1290)   Resolving deltas:  93% (1204/1290)   Resolving deltas:  94% (1215/1290)   Resolving deltas:  95% (1231/1290)   Resolving deltas:  96% (1240/1290)   Resolving deltas:  97% (1252/1290)   Resolving deltas:  98% (1265/1290)   Resolving deltas:  99% (1280/1290)   Resolving deltas: 100% (1290/1290)   Resolving deltas: 100% (1290/1290), done.
travis_fold:end:git.1$ cd square/dagger
travis_fold:start:git.2$ git checkout -qf b9a754f2a4d69b85cb4976ae47ce118f8b17d809
travis_fold:end:git.2$ java -version
java version "1.7.0_15"
OpenJDK Runtime Environment (IcedTea7 2.3.7) (7u15-2.3.7-0ubuntu1~12.04.1)
OpenJDK 64-Bit Server VM (build 23.7-b01, mixed mode)
$ javac -version
javac 1.7.0_15
travis_fold:start:install$ mvn install clean --fail-never --quiet -DskipTests=true -Dinvoker.skip=true
travis_fold:end:install$ mvn verify
[INFO] Scanning for projects...
[INFO] ------------------------------------------------------------------------
[INFO] Reactor Build Order:
[INFO] 
[INFO] Dagger (Parent)
[INFO] Dagger
[INFO] Dagger Compiler
[INFO] Dagger Example (Parent)
[INFO] Dagger Example - Simple
[INFO]                                                                         
[INFO] ------------------------------------------------------------------------
[INFO] Building Dagger (Parent) 1.0-SNAPSHOT
[INFO] ------------------------------------------------------------------------
[INFO] 
[INFO] --- maven-enforcer-plugin:1.0:enforce (enforce-maven) @ dagger-parent ---
[INFO] 
[INFO] --- maven-checkstyle-plugin:2.10:checkstyle (default) @ dagger-parent ---
[INFO]                                                                         
[INFO] ------------------------------------------------------------------------
[INFO] Building Dagger 1.0-SNAPSHOT
[INFO] ------------------------------------------------------------------------
[INFO] 
[INFO] --- maven-enforcer-plugin:1.0:enforce (enforce-maven) @ dagger ---
[INFO] 
[INFO] --- maven-resources-plugin:2.3:resources (default-resources) @ dagger ---
[INFO] Using 'UTF-8' encoding to copy filtered resources.
[INFO] skip non existing resourceDirectory /home/travis/build/square/dagger/core/src/main/resources
[INFO] 
[INFO] --- maven-compiler-plugin:2.5:compile (default-compile) @ dagger ---
[INFO] Compiling 25 source files to /home/travis/build/square/dagger/core/target/classes
[WARNING] bootstrap class path not set in conjunction with -source 1.6
/home/travis/build/square/dagger/core/src/main/java/dagger/internal/ProblemDetector.java:[34,14] [rawtypes] found raw type: Binding
[WARNING]   missing type arguments for generic class Binding<T>
  where T is a type-variable:
    T extends Object declared in class Binding
/home/travis/build/square/dagger/core/src/main/java/dagger/internal/ProblemDetector.java:[34,54] [rawtypes] found raw type: Binding
[WARNING]   missing type arguments for generic class Binding<T>
  where T is a type-variable:
    T extends Object declared in class Binding
/home/travis/build/square/dagger/core/src/main/java/dagger/internal/UniqueMap.java:[24,7] [serial] serializable class UniqueMap has no definition of serialVersionUID
[WARNING] /home/travis/build/square/dagger/core/src/main/java/dagger/internal/plugins/reflect/ReflectiveModuleAdapter.java:[132,23] [rawtypes] found raw type: Binding
[INFO] 
[INFO] --- maven-resources-plugin:2.3:testResources (default-testResources) @ dagger ---
[INFO] Using 'UTF-8' encoding to copy filtered resources.
[INFO] skip non existing resourceDirectory /home/travis/build/square/dagger/core/src/test/resources
[INFO] 
[INFO] --- maven-compiler-plugin:2.5:testCompile (default-testCompile) @ dagger ---
[INFO] Compiling 14 source files to /home/travis/build/square/dagger/core/target/test-classes
[INFO] 
[INFO] --- maven-surefire-plugin:2.10:test (default-test) @ dagger ---
[INFO] Surefire report directory: /home/travis/build/square/dagger/core/target/surefire-reports
Downloading: http://maven.mirrors.travis-ci.org/nexus/content/repositories/central/org/apache/maven/surefire/surefire-junit4/2.10/surefire-junit4-2.10.pom
3/3 KB            Downloaded: http://maven.mirrors.travis-ci.org/nexus/content/repositories/central/org/apache/maven/surefire/surefire-junit4/2.10/surefire-junit4-2.10.pom (3 KB at 4.0 KB/sec)
Downloading: http://maven.mirrors.travis-ci.org/nexus/content/repositories/central/org/apache/maven/surefire/surefire-providers/2.10/surefire-providers-2.10.pom
3/3 KB            Downloaded: http://maven.mirrors.travis-ci.org/nexus/content/repositories/central/org/apache/maven/surefire/surefire-providers/2.10/surefire-providers-2.10.pom (3 KB at 6.3 KB/sec)
Downloading: http://maven.mirrors.travis-ci.org/nexus/content/repositories/central/org/apache/maven/surefire/surefire-junit4/2.10/surefire-junit4-2.10.jar
4/33 KB   8/33 KB   9/33 KB   13/33 KB   17/33 KB   21/33 KB   23/33 KB   27/33 KB   31/33 KB   33/33 KB              Downloaded: http://maven.mirrors.travis-ci.org/nexus/content/repositories/central/org/apache/maven/surefire/surefire-junit4/2.10/surefire-junit4-2.10.jar (33 KB at 57.5 KB/sec)

-------------------------------------------------------
 T E S T S
-------------------------------------------------------
Running dagger.MembersInjectorTest
Tests run: 8, Failures: 0, Errors: 0, Skipped: 0, Time elapsed: 0.169 sec
Running dagger.ModuleTest
Tests run: 10, Failures: 0, Errors: 0, Skipped: 0, Time elapsed: 0.049 sec
Running dagger.LazyInjectionTest
Tests run: 5, Failures: 0, Errors: 0, Skipped: 0, Time elapsed: 0.017 sec
Running dagger.InjectStaticsTest
Tests run: 3, Failures: 0, Errors: 0, Skipped: 0, Time elapsed: 0.017 sec
Running dagger.ProblemDetectorTest
Tests run: 3, Failures: 0, Errors: 0, Skipped: 0, Time elapsed: 0.012 sec
Running dagger.internal.KeysTest
Tests run: 18, Failures: 0, Errors: 0, Skipped: 0, Time elapsed: 0.042 sec
Running dagger.internal.SingletonBindingTest
Tests run: 7, Failures: 0, Errors: 0, Skipped: 0, Time elapsed: 0.006 sec
Running dagger.ExtensionWithStateTest
Tests run: 1, Failures: 0, Errors: 0, Skipped: 0, Time elapsed: 0.003 sec
Running dagger.InjectionOfLazyTest
Tests run: 4, Failures: 0, Errors: 0, Skipped: 0, Time elapsed: 0.015 sec
Running dagger.SetBindingTest
Tests run: 7, Failures: 0, Errors: 0, Skipped: 0, Time elapsed: 0.051 sec
Running dagger.ExtensionTest
Tests run: 3, Failures: 0, Errors: 0, Skipped: 0, Time elapsed: 0.02 sec
Running dagger.ThreadSafetyTest
Tests run: 2, Failures: 0, Errors: 0, Skipped: 0, Time elapsed: 0.059 sec
Running dagger.InjectionTest
Tests run: 34, Failures: 0, Errors: 0, Skipped: 0, Time elapsed: 0.138 sec
Running dagger.UnusedProviderTest
Tests run: 3, Failures: 0, Errors: 0, Skipped: 0, Time elapsed: 0.016 sec

Results :

Tests run: 108, Failures: 0, Errors: 0, Skipped: 0

[INFO] 
[INFO] --- maven-jar-plugin:2.2:jar (default-jar) @ dagger ---
[INFO] Building jar: /home/travis/build/square/dagger/core/target/dagger-1.0-SNAPSHOT.jar
[INFO] 
[INFO] --- maven-checkstyle-plugin:2.10:checkstyle (default) @ dagger ---
[INFO] Starting audit...
Audit done.

[WARNING] Unable to locate Source XRef to link to - DISABLED
[INFO]                                                                         
[INFO] ------------------------------------------------------------------------
[INFO] Building Dagger Compiler 1.0-SNAPSHOT
[INFO] ------------------------------------------------------------------------
[INFO] 
[INFO] --- maven-enforcer-plugin:1.0:enforce (enforce-maven) @ dagger-compiler ---
[INFO] 
[INFO] --- maven-resources-plugin:2.3:resources (default-resources) @ dagger-compiler ---
[INFO] Using 'UTF-8' encoding to copy filtered resources.
[INFO] Copying 1 resource
[INFO] 
[INFO] --- maven-compiler-plugin:2.5:compile (default-compile) @ dagger-compiler ---
[INFO] Compiling 11 source files to /home/travis/build/square/dagger/compiler/target/classes
[INFO] 
[INFO] --- maven-resources-plugin:2.3:testResources (default-testResources) @ dagger-compiler ---
[INFO] Using 'UTF-8' encoding to copy filtered resources.
[INFO] skip non existing resourceDirectory /home/travis/build/square/dagger/compiler/src/test/resources
[INFO] 
[INFO] --- maven-compiler-plugin:2.5:testCompile (default-testCompile) @ dagger-compiler ---
[INFO] Compiling 3 source files to /home/travis/build/square/dagger/compiler/target/test-classes
[INFO] 
[INFO] --- maven-surefire-plugin:2.10:test (default-test) @ dagger-compiler ---
[INFO] Surefire report directory: /home/travis/build/square/dagger/compiler/target/surefire-reports

-------------------------------------------------------
 T E S T S
-------------------------------------------------------
Running dagger.internal.codegen.GraphVisualizerTest
Tests run: 7, Failures: 0, Errors: 0, Skipped: 0, Time elapsed: 0.125 sec
Running dagger.internal.codegen.DotWriterTest
Tests run: 4, Failures: 0, Errors: 0, Skipped: 0, Time elapsed: 0.014 sec

Results :

Tests run: 11, Failures: 0, Errors: 0, Skipped: 0

[INFO] 
[INFO] --- maven-jar-plugin:2.2:jar (default-jar) @ dagger-compiler ---
[INFO] Building jar: /home/travis/build/square/dagger/compiler/target/dagger-compiler-1.0-SNAPSHOT.jar
[INFO] 
[INFO] --- maven-invoker-plugin:1.7:install (integration-test) @ dagger-compiler ---
[INFO] Installing /home/travis/build/square/dagger/core/pom.xml to /home/travis/build/square/dagger/compiler/target/local-repo/com/squareup/dagger/dagger/1.0-SNAPSHOT/dagger-1.0-SNAPSHOT.pom
[INFO] Installing /home/travis/build/square/dagger/core/target/dagger-1.0-SNAPSHOT.jar to /home/travis/build/square/dagger/compiler/target/local-repo/com/squareup/dagger/dagger/1.0-SNAPSHOT/dagger-1.0-SNAPSHOT.jar
[INFO] Installing /home/travis/build/square/dagger/pom.xml to /home/travis/build/square/dagger/compiler/target/local-repo/com/squareup/dagger/dagger-parent/1.0-SNAPSHOT/dagger-parent-1.0-SNAPSHOT.pom
[INFO] Installing /home/travis/build/square/dagger/compiler/pom.xml to /home/travis/build/square/dagger/compiler/target/local-repo/com/squareup/dagger/dagger-compiler/1.0-SNAPSHOT/dagger-compiler-1.0-SNAPSHOT.pom
[INFO] Installing /home/travis/build/square/dagger/compiler/target/dagger-compiler-1.0-SNAPSHOT.jar to /home/travis/build/square/dagger/compiler/target/local-repo/com/squareup/dagger/dagger-compiler/1.0-SNAPSHOT/dagger-compiler-1.0-SNAPSHOT.jar
[INFO] 
[INFO] --- maven-invoker-plugin:1.7:run (integration-test) @ dagger-compiler ---
[INFO] Building: default-package-injected-type/pom.xml
[INFO] ..SUCCESS (81.4 s)
[INFO] Building: private-inject/pom.xml
[INFO] run script verify.bsh
[INFO] ..SUCCESS (6.6 s)
[INFO] Building: cyclic-deps/pom.xml
[INFO] run script verify.bsh
[INFO] ..SUCCESS (6.9 s)
[INFO] Building: uninjectable-supertype/pom.xml
[INFO] ..SUCCESS (8.1 s)
[INFO] Building: provides-method-with-throws-clause/pom.xml
[INFO] run script verify.bsh
[INFO] ..SUCCESS (6.7 s)
[INFO] Building: module-type-validation/pom.xml
[INFO] run script verify.bsh
[INFO] ..SUCCESS (6.5 s)
[INFO] Building: method-injection/pom.xml
[INFO] run script verify.bsh
[INFO] ..SUCCESS (6.8 s)
[INFO] Building: inner-classes-complaint-injection/pom.xml
[INFO] run script verify.bsh
[INFO] ..SUCCESS (6.6 s)
[INFO] Building: include-non-module/pom.xml
[INFO] ..SUCCESS (7.1 s)
[INFO] Building: inject-parameterized-type/pom.xml
[INFO] ..SUCCESS (8.5 s)
[INFO] Building: simple-missing-dependency-failure/pom.xml
[INFO] run script verify.bsh
[INFO] ..SUCCESS (7.2 s)
[INFO] Building: unused-provider-methods-fail-compilation/pom.xml
[INFO] run script verify.bsh
[INFO] ..FAILED (6.9 s)
[INFO]   The post-build script did not succeed. Build output did not contain expected error text:
    "test.TestModule.string()"

Build Output:


        [ERROR] Failed to execute goal org.apache.maven.plugins:maven-compiler-plugin:2.0.2:compile (default-compile) on project unused-provider-methods-fail-compilation: Compilation failure
        [ERROR] /home/travis/build/square/dagger/compiler/target/it/unused-provider-methods-fail-compilation/src/main/java/test/TestModule.java:[26,0] error: Graph validation failed: You have these unused @Provider methods! Set library=true in your module to disable this check.
        [ERROR] -> [Help 1]
        [ERROR] 
        [ERROR] To see the full stack trace of the errors, re-run Maven with the -e switch.
        [ERROR] Re-run Maven using the -X switch to enable full debug logging.
        [ERROR] 
        [ERROR] For more information about the errors and possible solutions, please read the following articles:
        [ERROR] [Help 1] http://cwiki.apache.org/confluence/display/MAVEN/MojoFailureException
[INFO] Building: extension-graph/pom.xml
[INFO] ..SUCCESS (8.4 s)
[INFO] Building: cyclic-module-includes/pom.xml
[INFO] run script verify.bsh
[INFO] ..SUCCESS (6.9 s)
[INFO] Building: same-provides-method-name/pom.xml
[INFO] ..SUCCESS (8.3 s)
[INFO] Building: multiple-provides-methods/pom.xml
[INFO] run script verify.bsh
[INFO] ..SUCCESS (8.5 s)
[INFO] Building: unused-provider-methods-pass-compilation-on-library-module/pom.xml
[INFO] ..SUCCESS (8.3 s)
[INFO] Building: missing-at-inject-constructor/pom.xml
[INFO] run script verify.bsh
[INFO] ..SUCCESS (7.0 s)
[INFO] -------------------------------------------------
[INFO] Build Summary:
[INFO]   Passed: 17, Failed: 1, Errors: 0, Skipped: 0
[INFO] -------------------------------------------------
[ERROR] The following builds failed:
[ERROR] *  unused-provider-methods-fail-compilation/pom.xml
[INFO] -------------------------------------------------
[INFO] ------------------------------------------------------------------------
[INFO] Reactor Summary:
[INFO] 
[INFO] Dagger (Parent) ................................... SUCCESS [2.489s]
[INFO] Dagger ............................................ SUCCESS [9.634s]
[INFO] Dagger Compiler ................................... FAILURE [3:29.533s]
[INFO] Dagger Example (Parent) ........................... SKIPPED
[INFO] Dagger Example - Simple ........................... SKIPPED
[INFO] ------------------------------------------------------------------------
[INFO] BUILD FAILURE
[INFO] ------------------------------------------------------------------------
[INFO] Total time: 3:42.122s
[INFO] Finished at: Thu Apr 25 00:37:07 UTC 2013
[INFO] Final Memory: 25M/125M
[INFO] ------------------------------------------------------------------------
[ERROR] Failed to execute goal org.apache.maven.plugins:maven-invoker-plugin:1.7:run (integration-test) on project dagger-compiler: 1 build failed. See console output above for details. -> [Help 1]
[ERROR] 
[ERROR] To see the full stack trace of the errors, re-run Maven with the -e switch.
[ERROR] Re-run Maven using the -X switch to enable full debug logging.
[ERROR] 
[ERROR] For more information about the errors and possible solutions, please read the following articles:
[ERROR] [Help 1] http://cwiki.apache.org/confluence/display/MAVEN/MojoFailureException
[ERROR] 
[ERROR] After correcting the problems, you can resume the build with the command
[ERROR]   mvn <goals> -rf :dagger-compiler

The command "mvn verify" exited with 1.

Done. Your build exited with 1.
