Using worker: worker-linux-3-1.bb.travis-ci.org:travis-linux-12

travis_fold:start:git.1$ git clone --depth=50 --branch=kiran/bad-branch-names git://github.com/square/dagger.git square/dagger
Cloning into 'square/dagger'...
remote: Counting objects: 3796, done.[K
remote: Compressing objects:   0% (1/1861)   [Kremote: Compressing objects:   1% (19/1861)   [Kremote: Compressing objects:   2% (38/1861)   [Kremote: Compressing objects:   3% (56/1861)   [Kremote: Compressing objects:   4% (75/1861)   [Kremote: Compressing objects:   5% (94/1861)   [Kremote: Compressing objects:   6% (112/1861)   [Kremote: Compressing objects:   7% (131/1861)   [Kremote: Compressing objects:   8% (149/1861)   [Kremote: Compressing objects:   9% (168/1861)   [Kremote: Compressing objects:  10% (187/1861)   [Kremote: Compressing objects:  11% (205/1861)   [Kremote: Compressing objects:  12% (224/1861)   [Kremote: Compressing objects:  13% (242/1861)   [Kremote: Compressing objects:  14% (261/1861)   [Kremote: Compressing objects:  15% (280/1861)   [Kremote: Compressing objects:  16% (298/1861)   [Kremote: Compressing objects:  17% (317/1861)   [Kremote: Compressing objects:  18% (335/1861)   [Kremote: Compressing objects:  19% (354/1861)   [Kremote: Compressing objects:  20% (373/1861)   [Kremote: Compressing objects:  21% (391/1861)   [Kremote: Compressing objects:  22% (410/1861)   [Kremote: Compressing objects:  23% (429/1861)   [Kremote: Compressing objects:  24% (447/1861)   [Kremote: Compressing objects:  25% (466/1861)   [Kremote: Compressing objects:  26% (484/1861)   [Kremote: Compressing objects:  27% (503/1861)   [Kremote: Compressing objects:  28% (522/1861)   [Kremote: Compressing objects:  29% (540/1861)   [Kremote: Compressing objects:  30% (559/1861)   [Kremote: Compressing objects:  31% (577/1861)   [Kremote: Compressing objects:  32% (596/1861)   [Kremote: Compressing objects:  33% (615/1861)   [Kremote: Compressing objects:  34% (633/1861)   [Kremote: Compressing objects:  35% (652/1861)   [Kremote: Compressing objects:  36% (670/1861)   [Kremote: Compressing objects:  37% (689/1861)   [Kremote: Compressing objects:  38% (708/1861)   [Kremote: Compressing objects:  39% (726/1861)   [Kremote: Compressing objects:  40% (745/1861)   [Kremote: Compressing objects:  41% (764/1861)   [Kremote: Compressing objects:  42% (782/1861)   [Kremote: Compressing objects:  43% (801/1861)   [Kremote: Compressing objects:  44% (819/1861)   [Kremote: Compressing objects:  45% (838/1861)   [Kremote: Compressing objects:  46% (857/1861)   [Kremote: Compressing objects:  47% (875/1861)   [Kremote: Compressing objects:  48% (894/1861)   [Kremote: Compressing objects:  49% (912/1861)   [Kremote: Compressing objects:  50% (931/1861)   [Kremote: Compressing objects:  51% (950/1861)   [Kremote: Compressing objects:  52% (968/1861)   [Kremote: Compressing objects:  53% (987/1861)   [Kremote: Compressing objects:  54% (1005/1861)   [Kremote: Compressing objects:  55% (1024/1861)   [Kremote: Compressing objects:  56% (1043/1861)   [Kremote: Compressing objects:  57% (1061/1861)   [Kremote: Compressing objects:  58% (1080/1861)   [Kremote: Compressing objects:  59% (1098/1861)   [Kremote: Compressing objects:  60% (1117/1861)   [Kremote: Compressing objects:  61% (1136/1861)   [Kremote: Compressing objects:  62% (1154/1861)   [Kremote: Compressing objects:  63% (1173/1861)   [Kremote: Compressing objects:  64% (1192/1861)   [Kremote: Compressing objects:  65% (1210/1861)   [Kremote: Compressing objects:  66% (1229/1861)   [Kremote: Compressing objects:  67% (1247/1861)   [Kremote: Compressing objects:  68% (1266/1861)   [Kremote: Compressing objects:  69% (1285/1861)   [Kremote: Compressing objects:  70% (1303/1861)   [Kremote: Compressing objects:  71% (1322/1861)   [Kremote: Compressing objects:  72% (1340/1861)   [Kremote: Compressing objects:  73% (1359/1861)   [Kremote: Compressing objects:  74% (1378/1861)   [Kremote: Compressing objects:  75% (1396/1861)   [Kremote: Compressing objects:  76% (1415/1861)   [Kremote: Compressing objects:  77% (1433/1861)   [Kremote: Compressing objects:  78% (1452/1861)   [Kremote: Compressing objects:  79% (1471/1861)   [Kremote: Compressing objects:  80% (1489/1861)   [Kremote: Compressing objects:  81% (1508/1861)   [Kremote: Compressing objects:  82% (1527/1861)   [Kremote: Compressing objects:  83% (1545/1861)   [Kremote: Compressing objects:  84% (1564/1861)   [Kremote: Compressing objects:  85% (1582/1861)   [Kremote: Compressing objects:  86% (1601/1861)   [Kremote: Compressing objects:  87% (1620/1861)   [Kremote: Compressing objects:  88% (1638/1861)   [Kremote: Compressing objects:  89% (1657/1861)   [Kremote: Compressing objects:  90% (1675/1861)   [Kremote: Compressing objects:  91% (1694/1861)   [Kremote: Compressing objects:  92% (1713/1861)   [Kremote: Compressing objects:  93% (1731/1861)   [Kremote: Compressing objects:  94% (1750/1861)   [Kremote: Compressing objects:  95% (1768/1861)   [Kremote: Compressing objects:  96% (1787/1861)   [Kremote: Compressing objects:  97% (1806/1861)   [Kremote: Compressing objects:  98% (1824/1861)   [Kremote: Compressing objects:  99% (1843/1861)   [Kremote: Compressing objects: 100% (1861/1861)   [Kremote: Compressing objects: 100% (1861/1861), done.[K
Receiving objects:   0% (1/3796)   Receiving objects:   1% (38/3796)   Receiving objects:   2% (76/3796)   Receiving objects:   3% (114/3796)   Receiving objects:   4% (152/3796)   Receiving objects:   5% (190/3796)   Receiving objects:   6% (228/3796)   Receiving objects:   7% (266/3796)   Receiving objects:   8% (304/3796)   Receiving objects:   9% (342/3796)   Receiving objects:  10% (380/3796)   Receiving objects:  11% (418/3796)   Receiving objects:  12% (456/3796)   Receiving objects:  13% (494/3796)   Receiving objects:  14% (532/3796)   Receiving objects:  15% (570/3796)   Receiving objects:  16% (608/3796)   Receiving objects:  17% (646/3796)   Receiving objects:  18% (684/3796)   Receiving objects:  19% (722/3796)   Receiving objects:  20% (760/3796)   Receiving objects:  21% (798/3796)   Receiving objects:  22% (836/3796)   Receiving objects:  23% (874/3796)   Receiving objects:  24% (912/3796)   Receiving objects:  25% (949/3796)   Receiving objects:  26% (987/3796)   Receiving objects:  27% (1025/3796)   Receiving objects:  28% (1063/3796)   Receiving objects:  29% (1101/3796)   Receiving objects:  30% (1139/3796)   Receiving objects:  31% (1177/3796)   Receiving objects:  32% (1215/3796)   Receiving objects:  33% (1253/3796)   Receiving objects:  34% (1291/3796)   Receiving objects:  35% (1329/3796)   Receiving objects:  36% (1367/3796)   Receiving objects:  37% (1405/3796)   Receiving objects:  38% (1443/3796)   Receiving objects:  39% (1481/3796)   Receiving objects:  40% (1519/3796)   Receiving objects:  41% (1557/3796)   Receiving objects:  42% (1595/3796)   Receiving objects:  43% (1633/3796)   Receiving objects:  44% (1671/3796)   Receiving objects:  45% (1709/3796)   Receiving objects:  46% (1747/3796)   Receiving objects:  47% (1785/3796)   Receiving objects:  48% (1823/3796)   Receiving objects:  49% (1861/3796)   Receiving objects:  50% (1898/3796)   Receiving objects:  51% (1936/3796)   Receiving objects:  52% (1974/3796)   Receiving objects:  53% (2012/3796)   Receiving objects:  54% (2050/3796)   Receiving objects:  55% (2088/3796)   Receiving objects:  56% (2126/3796)   Receiving objects:  57% (2164/3796)   Receiving objects:  58% (2202/3796)   Receiving objects:  59% (2240/3796)   Receiving objects:  60% (2278/3796)   Receiving objects:  61% (2316/3796)   Receiving objects:  62% (2354/3796)   Receiving objects:  63% (2392/3796)   Receiving objects:  64% (2430/3796)   Receiving objects:  65% (2468/3796)   Receiving objects:  66% (2506/3796)   Receiving objects:  67% (2544/3796)   Receiving objects:  68% (2582/3796)   Receiving objects:  69% (2620/3796)   Receiving objects:  70% (2658/3796)   Receiving objects:  71% (2696/3796)   Receiving objects:  72% (2734/3796)   Receiving objects:  73% (2772/3796)   Receiving objects:  74% (2810/3796)   Receiving objects:  75% (2847/3796)   Receiving objects:  76% (2885/3796)   Receiving objects:  77% (2923/3796)   Receiving objects:  78% (2961/3796)   Receiving objects:  79% (2999/3796)   Receiving objects:  80% (3037/3796)   Receiving objects:  81% (3075/3796)   Receiving objects:  82% (3113/3796)   Receiving objects:  83% (3151/3796)   Receiving objects:  84% (3189/3796)   Receiving objects:  85% (3227/3796)   Receiving objects:  86% (3265/3796)   Receiving objects:  87% (3303/3796)   Receiving objects:  88% (3341/3796)   Receiving objects:  89% (3379/3796)   Receiving objects:  90% (3417/3796)   Receiving objects:  91% (3455/3796)   remote: Total 3796 (delta 1235), reused 3514 (delta 1002)[K
Receiving objects:  92% (3493/3796)   Receiving objects:  93% (3531/3796)   Receiving objects:  94% (3569/3796)   Receiving objects:  95% (3607/3796)   Receiving objects:  96% (3645/3796)   Receiving objects:  97% (3683/3796)   Receiving objects:  98% (3721/3796)   Receiving objects:  99% (3759/3796)   Receiving objects: 100% (3796/3796)   Receiving objects: 100% (3796/3796), 967.67 KiB, done.
Resolving deltas:   0% (0/1235)   Resolving deltas:   1% (20/1235)   Resolving deltas:   2% (30/1235)   Resolving deltas:   4% (50/1235)   Resolving deltas:   5% (65/1235)   Resolving deltas:   7% (94/1235)   Resolving deltas:   9% (113/1235)   Resolving deltas:  10% (126/1235)   Resolving deltas:  12% (156/1235)   Resolving deltas:  15% (193/1235)   Resolving deltas:  16% (199/1235)   Resolving deltas:  19% (240/1235)   Resolving deltas:  20% (247/1235)   Resolving deltas:  21% (264/1235)   Resolving deltas:  22% (275/1235)   Resolving deltas:  23% (290/1235)   Resolving deltas:  24% (300/1235)   Resolving deltas:  25% (321/1235)   Resolving deltas:  26% (322/1235)   Resolving deltas:  27% (334/1235)   Resolving deltas:  28% (346/1235)   Resolving deltas:  29% (361/1235)   Resolving deltas:  30% (371/1235)   Resolving deltas:  32% (401/1235)   Resolving deltas:  33% (409/1235)   Resolving deltas:  34% (424/1235)   Resolving deltas:  35% (434/1235)   Resolving deltas:  36% (446/1235)   Resolving deltas:  37% (458/1235)   Resolving deltas:  39% (493/1235)   Resolving deltas:  42% (520/1235)   Resolving deltas:  43% (535/1235)   Resolving deltas:  44% (544/1235)   Resolving deltas:  45% (558/1235)   Resolving deltas:  46% (570/1235)   Resolving deltas:  47% (582/1235)   Resolving deltas:  48% (595/1235)   Resolving deltas:  49% (607/1235)   Resolving deltas:  50% (620/1235)   Resolving deltas:  51% (632/1235)   Resolving deltas:  52% (643/1235)   Resolving deltas:  53% (660/1235)   Resolving deltas:  54% (668/1235)   Resolving deltas:  55% (686/1235)   Resolving deltas:  56% (692/1235)   Resolving deltas:  57% (704/1235)   Resolving deltas:  58% (717/1235)   Resolving deltas:  59% (731/1235)   Resolving deltas:  60% (741/1235)   Resolving deltas:  61% (764/1235)   Resolving deltas:  63% (784/1235)   Resolving deltas:  64% (794/1235)   Resolving deltas:  66% (819/1235)   Resolving deltas:  67% (828/1235)   Resolving deltas:  68% (841/1235)   Resolving deltas:  69% (861/1235)   Resolving deltas:  70% (867/1235)   Resolving deltas:  71% (878/1235)   Resolving deltas:  72% (901/1235)   Resolving deltas:  73% (902/1235)   Resolving deltas:  74% (918/1235)   Resolving deltas:  75% (928/1235)   Resolving deltas:  76% (940/1235)   Resolving deltas:  78% (969/1235)   Resolving deltas:  79% (976/1235)   Resolving deltas:  80% (988/1235)   Resolving deltas:  81% (1002/1235)   Resolving deltas:  82% (1013/1235)   Resolving deltas:  83% (1028/1235)   Resolving deltas:  85% (1052/1235)   Resolving deltas:  86% (1064/1235)   Resolving deltas:  87% (1076/1235)   Resolving deltas:  88% (1087/1235)   Resolving deltas:  89% (1100/1235)   Resolving deltas:  90% (1112/1235)   Resolving deltas:  91% (1128/1235)   Resolving deltas:  92% (1137/1235)   Resolving deltas:  93% (1149/1235)   Resolving deltas:  94% (1162/1235)   Resolving deltas:  95% (1176/1235)   Resolving deltas:  96% (1190/1235)   Resolving deltas:  97% (1199/1235)   Resolving deltas:  98% (1215/1235)   Resolving deltas:  99% (1225/1235)   Resolving deltas: 100% (1235/1235)   Resolving deltas: 100% (1235/1235), done.
travis_fold:end:git.1$ cd square/dagger
travis_fold:start:git.2$ git checkout -qf 3945ed33532333dd5e2ff445031897e0e21fe99e
travis_fold:end:git.2$ java -version
java version "1.7.0_15"
OpenJDK Runtime Environment (IcedTea7 2.3.7) (7u15-2.3.7-0ubuntu1~12.04.1)
OpenJDK 64-Bit Server VM (build 23.7-b01, mixed mode)
$ javac -version
javac 1.7.0_15
travis_fold:start:install$ mvn install clean --fail-never --quiet -DskipTests=true -Dinvoker.skip=true
xname= complete
xvalue = false
xname= library
xvalue = true
xname= entryPoints
xvalue = [Ljava.lang.Object;@71e39149
xname= includes
xvalue = [Ljava.lang.Object;@13578a09
xname= complete
xvalue = false
xname= library
xvalue = true
xname= entryPoints
xvalue = [Ljava.lang.Object;@11a38718
xname= includes
xvalue = [Ljava.lang.Object;@6fa41b4
xname= entryPoints
xvalue = [Ljava.lang.Object;@17ef9400
xname= includes
xvalue = [Ljava.lang.Object;@71dd9846
xname= complete
xvalue = false
xname= library
xvalue = true
xname= entryPoints
xvalue = [Ljava.lang.Object;@10cd263e
xname= includes
xvalue = [Ljava.lang.Object;@c89b910
xname= complete
xvalue = false
xname= library
xvalue = true
xname= entryPoints
xvalue = [Ljava.lang.Object;@5cd7221
xname= includes
xvalue = [Ljava.lang.Object;@72ffd780
xname= complete
xvalue = false
xname= library
xvalue = true
xname= entryPoints
xvalue = [Ljava.lang.Object;@6e51f15a
xname= includes
xvalue = [Ljava.lang.Object;@45bc844b
xname= complete
xvalue = false
xname= library
xvalue = true
[ERROR] Failed to execute goal org.apache.maven.plugins:maven-checkstyle-plugin:2.10:checkstyle (default) on project dagger-compiler: An error has occurred in Checkstyle report generation. Failed during checkstyle execution: There are 1 checkstyle errors. -> [Help 1]
[ERROR] 
[ERROR] To see the full stack trace of the errors, re-run Maven with the -e switch.
[ERROR] Re-run Maven using the -X switch to enable full debug logging.
[ERROR] 
[ERROR] For more information about the errors and possible solutions, please read the following articles:
[ERROR] [Help 1] http://cwiki.apache.org/confluence/display/MAVEN/MojoExecutionException
[ERROR] 
[ERROR] After correcting the problems, you can resume the build with the command
[ERROR]   mvn <goals> -rf :dagger-compiler
travis_fold:end:install$ mvn verify
[INFO] Scanning for projects...
[INFO] ------------------------------------------------------------------------
[INFO] Reactor Build Order:
[INFO] 
[INFO] Dagger (Parent)
[INFO] Dagger
[INFO] Dagger Compiler
[INFO] Dagger Example (Parent)
[INFO] Dagger Example - Simple
[INFO]                                                                         
[INFO] ------------------------------------------------------------------------
[INFO] Building Dagger (Parent) 1.0-SNAPSHOT
[INFO] ------------------------------------------------------------------------
[INFO] 
[INFO] --- maven-enforcer-plugin:1.0:enforce (enforce-maven) @ dagger-parent ---
[INFO] 
[INFO] --- maven-checkstyle-plugin:2.10:checkstyle (default) @ dagger-parent ---
[INFO]                                                                         
[INFO] ------------------------------------------------------------------------
[INFO] Building Dagger 1.0-SNAPSHOT
[INFO] ------------------------------------------------------------------------
[INFO] 
[INFO] --- maven-enforcer-plugin:1.0:enforce (enforce-maven) @ dagger ---
[INFO] 
[INFO] --- maven-resources-plugin:2.3:resources (default-resources) @ dagger ---
[INFO] Using 'UTF-8' encoding to copy filtered resources.
[INFO] skip non existing resourceDirectory /home/travis/build/square/dagger/core/src/main/resources
[INFO] 
[INFO] --- maven-compiler-plugin:2.5:compile (default-compile) @ dagger ---
[INFO] Compiling 26 source files to /home/travis/build/square/dagger/core/target/classes
[WARNING] bootstrap class path not set in conjunction with -source 1.6
/home/travis/build/square/dagger/core/src/main/java/dagger/internal/ProblemDetector.java:[34,14] [rawtypes] found raw type: Binding
[WARNING]   missing type arguments for generic class Binding<T>
  where T is a type-variable:
    T extends Object declared in class Binding
/home/travis/build/square/dagger/core/src/main/java/dagger/internal/ProblemDetector.java:[34,54] [rawtypes] found raw type: Binding
[WARNING]   missing type arguments for generic class Binding<T>
  where T is a type-variable:
    T extends Object declared in class Binding
/home/travis/build/square/dagger/core/src/main/java/dagger/internal/UniqueMap.java:[24,7] [serial] serializable class UniqueMap has no definition of serialVersionUID
[WARNING] /home/travis/build/square/dagger/core/src/main/java/dagger/internal/plugins/reflect/ReflectiveModuleAdapter.java:[152,23] [rawtypes] found raw type: Binding
[INFO] 
[INFO] --- maven-resources-plugin:2.3:testResources (default-testResources) @ dagger ---
[INFO] Using 'UTF-8' encoding to copy filtered resources.
[INFO] skip non existing resourceDirectory /home/travis/build/square/dagger/core/src/test/resources
[INFO] 
[INFO] --- maven-compiler-plugin:2.5:testCompile (default-testCompile) @ dagger ---
[INFO] Compiling 14 source files to /home/travis/build/square/dagger/core/target/test-classes
[WARNING] bootstrap class path not set in conjunction with -source 1.6
/home/travis/build/square/dagger/core/src/test/java/dagger/ModuleTest.java:[218,16] [rawtypes] found raw type: Provider
[WARNING]   missing type arguments for generic class Provider<T>
  where T is a type-variable:
    T extends Object declared in interface Provider
/home/travis/build/square/dagger/core/src/test/java/dagger/ModuleTest.java:[252,16] [rawtypes] found raw type: Lazy
[INFO] 
[INFO] --- maven-surefire-plugin:2.10:test (default-test) @ dagger ---
[INFO] Surefire report directory: /home/travis/build/square/dagger/core/target/surefire-reports
Downloading: http://maven.mirrors.travis-ci.org/nexus/content/repositories/central/org/apache/maven/surefire/surefire-junit4/2.10/surefire-junit4-2.10.pom
3/3 KB            Downloaded: http://maven.mirrors.travis-ci.org/nexus/content/repositories/central/org/apache/maven/surefire/surefire-junit4/2.10/surefire-junit4-2.10.pom (3 KB at 4.0 KB/sec)
Downloading: http://maven.mirrors.travis-ci.org/nexus/content/repositories/central/org/apache/maven/surefire/surefire-providers/2.10/surefire-providers-2.10.pom
3/3 KB            Downloaded: http://maven.mirrors.travis-ci.org/nexus/content/repositories/central/org/apache/maven/surefire/surefire-providers/2.10/surefire-providers-2.10.pom (3 KB at 6.5 KB/sec)
Downloading: http://maven.mirrors.travis-ci.org/nexus/content/repositories/central/org/apache/maven/surefire/surefire-junit4/2.10/surefire-junit4-2.10.jar
4/33 KB   8/33 KB   9/33 KB   13/33 KB   17/33 KB   21/33 KB   25/33 KB   27/33 KB   31/33 KB   33/33 KB              Downloaded: http://maven.mirrors.travis-ci.org/nexus/content/repositories/central/org/apache/maven/surefire/surefire-junit4/2.10/surefire-junit4-2.10.jar (33 KB at 59.2 KB/sec)

-------------------------------------------------------
 T E S T S
-------------------------------------------------------
Running dagger.ModuleTest
Tests run: 14, Failures: 0, Errors: 0, Skipped: 0, Time elapsed: 0.184 sec
Running dagger.ThreadSafetyTest
Tests run: 2, Failures: 0, Errors: 0, Skipped: 0, Time elapsed: 0.07 sec
Running dagger.ExtensionTest
Tests run: 3, Failures: 0, Errors: 0, Skipped: 0, Time elapsed: 0.025 sec
Running dagger.ProblemDetectorTest
Tests run: 3, Failures: 0, Errors: 0, Skipped: 0, Time elapsed: 0.014 sec
Running dagger.UnusedProviderTest
Tests run: 3, Failures: 0, Errors: 0, Skipped: 0, Time elapsed: 0.013 sec
Running dagger.InjectionOfLazyTest
Tests run: 4, Failures: 0, Errors: 0, Skipped: 0, Time elapsed: 0.014 sec
Running dagger.LazyInjectionTest
Tests run: 5, Failures: 0, Errors: 0, Skipped: 0, Time elapsed: 0.016 sec
Running dagger.InjectStaticsTest
Tests run: 3, Failures: 0, Errors: 0, Skipped: 0, Time elapsed: 0.015 sec
Running dagger.InjectionTest
Tests run: 34, Failures: 0, Errors: 0, Skipped: 0, Time elapsed: 0.164 sec
Running dagger.SetBindingTest
Tests run: 7, Failures: 0, Errors: 0, Skipped: 0, Time elapsed: 0.035 sec
Running dagger.MembersInjectorTest
Tests run: 8, Failures: 0, Errors: 0, Skipped: 0, Time elapsed: 0.032 sec
Running dagger.internal.KeysTest
Tests run: 18, Failures: 0, Errors: 0, Skipped: 0, Time elapsed: 0.026 sec
Running dagger.internal.SingletonBindingTest
Tests run: 7, Failures: 0, Errors: 0, Skipped: 0, Time elapsed: 0.004 sec
Running dagger.ExtensionWithStateTest
Tests run: 1, Failures: 0, Errors: 0, Skipped: 0, Time elapsed: 0.005 sec

Results :

Tests run: 112, Failures: 0, Errors: 0, Skipped: 0

[INFO] 
[INFO] --- maven-jar-plugin:2.2:jar (default-jar) @ dagger ---
[INFO] Building jar: /home/travis/build/square/dagger/core/target/dagger-1.0-SNAPSHOT.jar
[INFO] 
[INFO] --- maven-checkstyle-plugin:2.10:checkstyle (default) @ dagger ---
[INFO] Starting audit...
Audit done.

[WARNING] Unable to locate Source XRef to link to - DISABLED
[INFO]                                                                         
[INFO] ------------------------------------------------------------------------
[INFO] Building Dagger Compiler 1.0-SNAPSHOT
[INFO] ------------------------------------------------------------------------
[INFO] 
[INFO] --- maven-enforcer-plugin:1.0:enforce (enforce-maven) @ dagger-compiler ---
[INFO] 
[INFO] --- maven-resources-plugin:2.3:resources (default-resources) @ dagger-compiler ---
[INFO] Using 'UTF-8' encoding to copy filtered resources.
[INFO] Copying 1 resource
[INFO] 
[INFO] --- maven-compiler-plugin:2.5:compile (default-compile) @ dagger-compiler ---
[INFO] Nothing to compile - all classes are up to date
[INFO] 
[INFO] --- maven-resources-plugin:2.3:testResources (default-testResources) @ dagger-compiler ---
[INFO] Using 'UTF-8' encoding to copy filtered resources.
[INFO] skip non existing resourceDirectory /home/travis/build/square/dagger/compiler/src/test/resources
[INFO] 
[INFO] --- maven-compiler-plugin:2.5:testCompile (default-testCompile) @ dagger-compiler ---
[INFO] Nothing to compile - all classes are up to date
[INFO] 
[INFO] --- maven-surefire-plugin:2.10:test (default-test) @ dagger-compiler ---
[INFO] Surefire report directory: /home/travis/build/square/dagger/compiler/target/surefire-reports

-------------------------------------------------------
 T E S T S
-------------------------------------------------------
Running dagger.internal.codegen.DotWriterTest
Tests run: 4, Failures: 0, Errors: 0, Skipped: 0, Time elapsed: 0.09 sec
Running dagger.internal.codegen.GraphVisualizerTest
Tests run: 7, Failures: 0, Errors: 0, Skipped: 0, Time elapsed: 0.046 sec

Results :

Tests run: 11, Failures: 0, Errors: 0, Skipped: 0

[INFO] 
[INFO] --- maven-jar-plugin:2.2:jar (default-jar) @ dagger-compiler ---
[INFO] 
[INFO] --- maven-invoker-plugin:1.7:install (integration-test) @ dagger-compiler ---
[INFO] Installing /home/travis/build/square/dagger/core/pom.xml to /home/travis/build/square/dagger/compiler/target/local-repo/com/squareup/dagger/dagger/1.0-SNAPSHOT/dagger-1.0-SNAPSHOT.pom
[INFO] Installing /home/travis/build/square/dagger/core/target/dagger-1.0-SNAPSHOT.jar to /home/travis/build/square/dagger/compiler/target/local-repo/com/squareup/dagger/dagger/1.0-SNAPSHOT/dagger-1.0-SNAPSHOT.jar
[INFO] Installing /home/travis/build/square/dagger/pom.xml to /home/travis/build/square/dagger/compiler/target/local-repo/com/squareup/dagger/dagger-parent/1.0-SNAPSHOT/dagger-parent-1.0-SNAPSHOT.pom
[INFO] Installing /home/travis/build/square/dagger/compiler/pom.xml to /home/travis/build/square/dagger/compiler/target/local-repo/com/squareup/dagger/dagger-compiler/1.0-SNAPSHOT/dagger-compiler-1.0-SNAPSHOT.pom
[INFO] Installing /home/travis/build/square/dagger/compiler/target/dagger-compiler-1.0-SNAPSHOT.jar to /home/travis/build/square/dagger/compiler/target/local-repo/com/squareup/dagger/dagger-compiler/1.0-SNAPSHOT/dagger-compiler-1.0-SNAPSHOT.jar
[INFO] 
[INFO] --- maven-invoker-plugin:1.7:run (integration-test) @ dagger-compiler ---
[INFO] Building: module-type-validation/pom.xml
[INFO] run script verify.bsh
[INFO] ..SUCCESS (32.5 s)
[INFO] Building: private-inject/pom.xml
[INFO] run script verify.bsh
[INFO] ..SUCCESS (6.4 s)
[INFO] Building: unused-provider-methods-pass-compilation-on-library-module/pom.xml
[INFO] ..SUCCESS (31.7 s)
[INFO] Building: provides-method-with-throws-clause/pom.xml
[INFO] run script verify.bsh
[INFO] ..SUCCESS (6.4 s)
[INFO] Building: simple-missing-dependency-failure/pom.xml
[INFO] run script verify.bsh
[INFO] ..SUCCESS (6.5 s)
[INFO] Building: default-package-injected-type/pom.xml
[INFO] ..SUCCESS (8.1 s)
[INFO] Building: multiple-provides-methods/pom.xml
[INFO] run script verify.bsh
[INFO] ..SUCCESS (8.1 s)
[INFO] Building: unused-provider-methods-fail-compilation/pom.xml
[INFO] run script verify.bsh
[INFO] ..FAILED (6.5 s)
[INFO]   The post-build script did not succeed. Build output did not contain expected error text:
    "test.TestModule.string()"

Build Output:


        [ERROR] Failed to execute goal org.apache.maven.plugins:maven-compiler-plugin:2.0.2:compile (default-compile) on project unused-provider-methods-fail-compilation: Compilation failure
        [ERROR] /home/travis/build/square/dagger/compiler/target/it/unused-provider-methods-fail-compilation/src/main/java/test/TestModule.java:[26,0] error: Graph validation failed: You have these unused @Provider methods! Set library=true in your module to disable this check.
        [ERROR] -> [Help 1]
        [ERROR] 
        [ERROR] To see the full stack trace of the errors, re-run Maven with the -e switch.
        [ERROR] Re-run Maven using the -X switch to enable full debug logging.
        [ERROR] 
        [ERROR] For more information about the errors and possible solutions, please read the following articles:
        [ERROR] [Help 1] http://cwiki.apache.org/confluence/display/MAVEN/MojoFailureException
[INFO] Building: missing-at-inject-constructor/pom.xml
[INFO] run script verify.bsh
[INFO] ..SUCCESS (6.6 s)
[INFO] Building: include-non-module/pom.xml
[INFO] ..SUCCESS (6.6 s)
[INFO] Building: inject-parameterized-type/pom.xml
[INFO] ..SUCCESS (7.9 s)
[INFO] Building: cyclic-module-includes/pom.xml
[INFO] run script verify.bsh
[INFO] ..SUCCESS (6.7 s)
[INFO] Building: provide-provider-or-lazy/pom.xml
[INFO] run script verify.bsh
[INFO] ..SUCCESS (6.3 s)
[INFO] Building: method-injection/pom.xml
[INFO] run script verify.bsh
[INFO] ..SUCCESS (6.3 s)
[INFO] Building: inner-classes-complaint-injection/pom.xml
[INFO] run script verify.bsh
[INFO] ..SUCCESS (6.4 s)
[INFO] Building: uninjectable-supertype/pom.xml
[INFO] ..SUCCESS (8.3 s)
[INFO] Building: same-provides-method-name/pom.xml
[INFO] ..SUCCESS (8.1 s)
[INFO] Building: extension-graph/pom.xml
[INFO] ..SUCCESS (8.1 s)
[INFO] Building: _static-injected-binding-doesnt-fail-providers/pom.xml
[INFO] ..FAILED (6.6 s)
[INFO]   The build exited with code 1. See /home/travis/build/square/dagger/compiler/target/it/_static-injected-binding-doesnt-fail-providers/build.log for details.
[INFO] Building: cyclic-deps/pom.xml
[INFO] run script verify.bsh
[INFO] ..SUCCESS (6.8 s)
[INFO] -------------------------------------------------
[INFO] Build Summary:
[INFO]   Passed: 18, Failed: 2, Errors: 0, Skipped: 0
[INFO] -------------------------------------------------
[ERROR] The following builds failed:
[ERROR] *  unused-provider-methods-fail-compilation/pom.xml
[ERROR] *  _static-injected-binding-doesnt-fail-providers/pom.xml
[INFO] -------------------------------------------------
[INFO] ------------------------------------------------------------------------
[INFO] Reactor Summary:
[INFO] 
[INFO] Dagger (Parent) ................................... SUCCESS [2.386s]
[INFO] Dagger ............................................ SUCCESS [9.127s]
[INFO] Dagger Compiler ................................... FAILURE [3:12.114s]
[INFO] Dagger Example (Parent) ........................... SKIPPED
[INFO] Dagger Example - Simple ........................... SKIPPED
[INFO] ------------------------------------------------------------------------
[INFO] BUILD FAILURE
[INFO] ------------------------------------------------------------------------
[INFO] Total time: 3:24.081s
[INFO] Finished at: Sat Apr 27 03:17:20 UTC 2013
[INFO] Final Memory: 24M/179M
[INFO] ------------------------------------------------------------------------
[ERROR] Failed to execute goal org.apache.maven.plugins:maven-invoker-plugin:1.7:run (integration-test) on project dagger-compiler: 2 builds failed. See console output above for details. -> [Help 1]
[ERROR] 
[ERROR] To see the full stack trace of the errors, re-run Maven with the -e switch.
[ERROR] Re-run Maven using the -X switch to enable full debug logging.
[ERROR] 
[ERROR] For more information about the errors and possible solutions, please read the following articles:
[ERROR] [Help 1] http://cwiki.apache.org/confluence/display/MAVEN/MojoFailureException
[ERROR] 
[ERROR] After correcting the problems, you can resume the build with the command
[ERROR]   mvn <goals> -rf :dagger-compiler

The command "mvn verify" exited with 1.

Done. Your build exited with 1.
