Using worker: worker-linux-2-2.bb.travis-ci.org:travis-linux-3

travis_fold:start:git.1$ git clone --depth=50 --branch=jwilson/types git://github.com/square/dagger.git square/dagger
Cloning into 'square/dagger'...
remote: Counting objects: 4097, done.[K
remote: Compressing objects:   0% (1/1999)   [Kremote: Compressing objects:   1% (20/1999)   [Kremote: Compressing objects:   2% (40/1999)   [Kremote: Compressing objects:   3% (60/1999)   [Kremote: Compressing objects:   4% (80/1999)   [Kremote: Compressing objects:   5% (100/1999)   [Kremote: Compressing objects:   6% (120/1999)   [Kremote: Compressing objects:   7% (140/1999)   [Kremote: Compressing objects:   8% (160/1999)   [Kremote: Compressing objects:   9% (180/1999)   [Kremote: Compressing objects:  10% (200/1999)   [Kremote: Compressing objects:  11% (220/1999)   [Kremote: Compressing objects:  12% (240/1999)   [Kremote: Compressing objects:  13% (260/1999)   [Kremote: Compressing objects:  14% (280/1999)   [Kremote: Compressing objects:  15% (300/1999)   [Kremote: Compressing objects:  16% (320/1999)   [Kremote: Compressing objects:  17% (340/1999)   [Kremote: Compressing objects:  18% (360/1999)   [Kremote: Compressing objects:  19% (380/1999)   [Kremote: Compressing objects:  20% (400/1999)   [Kremote: Compressing objects:  21% (420/1999)   [Kremote: Compressing objects:  22% (440/1999)   [Kremote: Compressing objects:  23% (460/1999)   [Kremote: Compressing objects:  24% (480/1999)   [Kremote: Compressing objects:  25% (500/1999)   [Kremote: Compressing objects:  26% (520/1999)   [Kremote: Compressing objects:  27% (540/1999)   [Kremote: Compressing objects:  28% (560/1999)   [Kremote: Compressing objects:  29% (580/1999)   [Kremote: Compressing objects:  30% (600/1999)   [Kremote: Compressing objects:  31% (620/1999)   [Kremote: Compressing objects:  32% (640/1999)   [Kremote: Compressing objects:  33% (660/1999)   [Kremote: Compressing objects:  34% (680/1999)   [Kremote: Compressing objects:  35% (700/1999)   [Kremote: Compressing objects:  36% (720/1999)   [Kremote: Compressing objects:  37% (740/1999)   [Kremote: Compressing objects:  38% (760/1999)   [Kremote: Compressing objects:  39% (780/1999)   [Kremote: Compressing objects:  40% (800/1999)   [Kremote: Compressing objects:  41% (820/1999)   [Kremote: Compressing objects:  42% (840/1999)   [Kremote: Compressing objects:  43% (860/1999)   [Kremote: Compressing objects:  44% (880/1999)   [Kremote: Compressing objects:  45% (900/1999)   [Kremote: Compressing objects:  46% (920/1999)   [Kremote: Compressing objects:  47% (940/1999)   [Kremote: Compressing objects:  48% (960/1999)   [Kremote: Compressing objects:  49% (980/1999)   [Kremote: Compressing objects:  50% (1000/1999)   [Kremote: Compressing objects:  51% (1020/1999)   [Kremote: Compressing objects:  52% (1040/1999)   [Kremote: Compressing objects:  53% (1060/1999)   [Kremote: Compressing objects:  54% (1080/1999)   [Kremote: Compressing objects:  55% (1100/1999)   [Kremote: Compressing objects:  56% (1120/1999)   [Kremote: Compressing objects:  57% (1140/1999)   [Kremote: Compressing objects:  58% (1160/1999)   [Kremote: Compressing objects:  59% (1180/1999)   [Kremote: Compressing objects:  60% (1200/1999)   [Kremote: Compressing objects:  61% (1220/1999)   [Kremote: Compressing objects:  62% (1240/1999)   [Kremote: Compressing objects:  63% (1260/1999)   [Kremote: Compressing objects:  64% (1280/1999)   [Kremote: Compressing objects:  65% (1300/1999)   [Kremote: Compressing objects:  66% (1320/1999)   [Kremote: Compressing objects:  67% (1340/1999)   [Kremote: Compressing objects:  68% (1360/1999)   [Kremote: Compressing objects:  69% (1380/1999)   [Kremote: Compressing objects:  70% (1400/1999)   [Kremote: Compressing objects:  71% (1420/1999)   [Kremote: Compressing objects:  72% (1440/1999)   [Kremote: Compressing objects:  73% (1460/1999)   [Kremote: Compressing objects:  74% (1480/1999)   [Kremote: Compressing objects:  75% (1500/1999)   [Kremote: Compressing objects:  76% (1520/1999)   [Kremote: Compressing objects:  77% (1540/1999)   [Kremote: Compressing objects:  78% (1560/1999)   [Kremote: Compressing objects:  79% (1580/1999)   [Kremote: Compressing objects:  80% (1600/1999)   [Kremote: Compressing objects:  81% (1620/1999)   [Kremote: Compressing objects:  82% (1640/1999)   [Kremote: Compressing objects:  83% (1660/1999)   [Kremote: Compressing objects:  84% (1680/1999)   [Kremote: Compressing objects:  85% (1700/1999)   [Kremote: Compressing objects:  86% (1720/1999)   [Kremote: Compressing objects:  87% (1740/1999)   [Kremote: Compressing objects:  88% (1760/1999)   [Kremote: Compressing objects:  89% (1780/1999)   [Kremote: Compressing objects:  90% (1800/1999)   [Kremote: Compressing objects:  91% (1820/1999)   [Kremote: Compressing objects:  92% (1840/1999)   [Kremote: Compressing objects:  93% (1860/1999)   [Kremote: Compressing objects:  94% (1880/1999)   [Kremote: Compressing objects:  95% (1900/1999)   [Kremote: Compressing objects:  96% (1920/1999)   [Kremote: Compressing objects:  97% (1940/1999)   [Kremote: Compressing objects:  98% (1960/1999)   [Kremote: Compressing objects:  99% (1980/1999)   [Kremote: Compressing objects: 100% (1999/1999)   [Kremote: Compressing objects: 100% (1999/1999), done.[K
Receiving objects:   0% (1/4097)   Receiving objects:   1% (41/4097)   Receiving objects:   2% (82/4097)   Receiving objects:   3% (123/4097)   Receiving objects:   4% (164/4097)   Receiving objects:   5% (205/4097)   Receiving objects:   6% (246/4097)   Receiving objects:   7% (287/4097)   Receiving objects:   8% (328/4097)   Receiving objects:   9% (369/4097)   Receiving objects:  10% (410/4097)   Receiving objects:  11% (451/4097)   Receiving objects:  12% (492/4097)   Receiving objects:  13% (533/4097)   Receiving objects:  14% (574/4097)   Receiving objects:  15% (615/4097)   Receiving objects:  16% (656/4097)   Receiving objects:  17% (697/4097)   Receiving objects:  18% (738/4097)   Receiving objects:  19% (779/4097)   Receiving objects:  20% (820/4097)   Receiving objects:  21% (861/4097)   Receiving objects:  22% (902/4097)   Receiving objects:  23% (943/4097)   Receiving objects:  24% (984/4097)   Receiving objects:  25% (1025/4097)   Receiving objects:  26% (1066/4097)   Receiving objects:  27% (1107/4097)   Receiving objects:  28% (1148/4097)   Receiving objects:  29% (1189/4097)   Receiving objects:  30% (1230/4097)   Receiving objects:  31% (1271/4097)   Receiving objects:  32% (1312/4097)   Receiving objects:  33% (1353/4097)   Receiving objects:  34% (1393/4097)   Receiving objects:  35% (1434/4097)   Receiving objects:  36% (1475/4097)   Receiving objects:  37% (1516/4097)   Receiving objects:  38% (1557/4097)   Receiving objects:  39% (1598/4097)   Receiving objects:  40% (1639/4097)   Receiving objects:  41% (1680/4097)   Receiving objects:  42% (1721/4097)   Receiving objects:  43% (1762/4097)   Receiving objects:  44% (1803/4097)   Receiving objects:  45% (1844/4097)   Receiving objects:  46% (1885/4097)   Receiving objects:  47% (1926/4097)   Receiving objects:  48% (1967/4097)   Receiving objects:  49% (2008/4097)   Receiving objects:  50% (2049/4097)   Receiving objects:  51% (2090/4097)   Receiving objects:  52% (2131/4097)   Receiving objects:  53% (2172/4097)   Receiving objects:  54% (2213/4097)   Receiving objects:  55% (2254/4097)   Receiving objects:  56% (2295/4097)   Receiving objects:  57% (2336/4097)   Receiving objects:  58% (2377/4097)   Receiving objects:  59% (2418/4097)   Receiving objects:  60% (2459/4097)   Receiving objects:  61% (2500/4097)   Receiving objects:  62% (2541/4097)   Receiving objects:  63% (2582/4097)   Receiving objects:  64% (2623/4097)   Receiving objects:  65% (2664/4097)   Receiving objects:  66% (2705/4097)   Receiving objects:  67% (2745/4097)   Receiving objects:  68% (2786/4097)   Receiving objects:  69% (2827/4097)   Receiving objects:  70% (2868/4097)   Receiving objects:  71% (2909/4097)   Receiving objects:  72% (2950/4097)   Receiving objects:  73% (2991/4097)   Receiving objects:  74% (3032/4097)   Receiving objects:  75% (3073/4097)   Receiving objects:  76% (3114/4097)   Receiving objects:  77% (3155/4097)   Receiving objects:  78% (3196/4097)   Receiving objects:  79% (3237/4097)   Receiving objects:  80% (3278/4097)   Receiving objects:  81% (3319/4097)   Receiving objects:  82% (3360/4097)   Receiving objects:  83% (3401/4097)   Receiving objects:  84% (3442/4097)   Receiving objects:  85% (3483/4097)   Receiving objects:  86% (3524/4097)   Receiving objects:  87% (3565/4097)   Receiving objects:  88% (3606/4097)   Receiving objects:  89% (3647/4097)   Receiving objects:  90% (3688/4097)   Receiving objects:  91% (3729/4097)   Receiving objects:  92% (3770/4097)   remote: Total 4097 (delta 1348), reused 3771 (delta 1075)[K
Receiving objects:  93% (3811/4097)   Receiving objects:  94% (3852/4097)   Receiving objects:  95% (3893/4097)   Receiving objects:  96% (3934/4097)   Receiving objects:  97% (3975/4097)   Receiving objects:  98% (4016/4097)   Receiving objects:  99% (4057/4097)   Receiving objects: 100% (4097/4097)   Receiving objects: 100% (4097/4097), 1.00 MiB, done.
Resolving deltas:   0% (0/1348)   Resolving deltas:   1% (19/1348)   Resolving deltas:   2% (28/1348)   Resolving deltas:   3% (42/1348)   Resolving deltas:   4% (66/1348)   Resolving deltas:   5% (70/1348)   Resolving deltas:   6% (91/1348)   Resolving deltas:   7% (95/1348)   Resolving deltas:   9% (130/1348)   Resolving deltas:  12% (164/1348)   Resolving deltas:  13% (182/1348)   Resolving deltas:  14% (189/1348)   Resolving deltas:  15% (212/1348)   Resolving deltas:  16% (221/1348)   Resolving deltas:  17% (242/1348)   Resolving deltas:  19% (266/1348)   Resolving deltas:  20% (271/1348)   Resolving deltas:  23% (319/1348)   Resolving deltas:  24% (324/1348)   Resolving deltas:  25% (340/1348)   Resolving deltas:  26% (353/1348)   Resolving deltas:  27% (367/1348)   Resolving deltas:  28% (380/1348)   Resolving deltas:  29% (392/1348)   Resolving deltas:  30% (408/1348)   Resolving deltas:  31% (423/1348)   Resolving deltas:  32% (433/1348)   Resolving deltas:  33% (445/1348)   Resolving deltas:  34% (459/1348)   Resolving deltas:  35% (472/1348)   Resolving deltas:  36% (486/1348)   Resolving deltas:  37% (499/1348)   Resolving deltas:  38% (517/1348)   Resolving deltas:  39% (526/1348)   Resolving deltas:  41% (556/1348)   Resolving deltas:  45% (620/1348)   Resolving deltas:  46% (622/1348)   Resolving deltas:  47% (636/1348)   Resolving deltas:  48% (648/1348)   Resolving deltas:  49% (667/1348)   Resolving deltas:  50% (674/1348)   Resolving deltas:  51% (689/1348)   Resolving deltas:  52% (703/1348)   Resolving deltas:  53% (721/1348)   Resolving deltas:  54% (730/1348)   Resolving deltas:  56% (762/1348)   Resolving deltas:  57% (778/1348)   Resolving deltas:  58% (787/1348)   Resolving deltas:  59% (797/1348)   Resolving deltas:  60% (810/1348)   Resolving deltas:  61% (823/1348)   Resolving deltas:  62% (838/1348)   Resolving deltas:  63% (851/1348)   Resolving deltas:  65% (886/1348)   Resolving deltas:  66% (895/1348)   Resolving deltas:  68% (919/1348)   Resolving deltas:  69% (932/1348)   Resolving deltas:  70% (946/1348)   Resolving deltas:  72% (973/1348)   Resolving deltas:  73% (985/1348)   Resolving deltas:  75% (1011/1348)   Resolving deltas:  76% (1032/1348)   Resolving deltas:  77% (1038/1348)   Resolving deltas:  78% (1054/1348)   Resolving deltas:  80% (1080/1348)   Resolving deltas:  81% (1093/1348)   Resolving deltas:  82% (1106/1348)   Resolving deltas:  83% (1120/1348)   Resolving deltas:  84% (1139/1348)   Resolving deltas:  86% (1162/1348)   Resolving deltas:  87% (1174/1348)   Resolving deltas:  88% (1187/1348)   Resolving deltas:  89% (1201/1348)   Resolving deltas:  90% (1216/1348)   Resolving deltas:  91% (1229/1348)   Resolving deltas:  92% (1243/1348)   Resolving deltas:  93% (1255/1348)   Resolving deltas:  94% (1268/1348)   Resolving deltas:  95% (1284/1348)   Resolving deltas:  96% (1295/1348)   Resolving deltas:  97% (1308/1348)   Resolving deltas:  98% (1323/1348)   Resolving deltas:  99% (1338/1348)   Resolving deltas: 100% (1348/1348)   Resolving deltas: 100% (1348/1348), done.
travis_fold:end:git.1$ cd square/dagger
travis_fold:start:git.2$ git checkout -qf 20f2a01bfb6acb666bf21d03cd187509a5cc8551
travis_fold:end:git.2$ java -version
java version "1.7.0_15"
OpenJDK Runtime Environment (IcedTea7 2.3.7) (7u15-2.3.7-0ubuntu1~12.04.1)
OpenJDK 64-Bit Server VM (build 23.7-b01, mixed mode)
$ javac -version
javac 1.7.0_15
travis_fold:start:install$ mvn install clean -P!android --fail-never --quiet -DskipTests=true -Dinvoker.skip=true
travis_fold:end:install$ mvn verify -P!android
[INFO] Scanning for projects...
[INFO] ------------------------------------------------------------------------
[INFO] Reactor Build Order:
[INFO] 
[INFO] Dagger (Parent)
[INFO] Dagger
[INFO] Dagger Compiler
[INFO] Examples
[INFO] Examples: Simple
[INFO]                                                                         
[INFO] ------------------------------------------------------------------------
[INFO] Building Dagger (Parent) 1.0-SNAPSHOT
[INFO] ------------------------------------------------------------------------
[INFO] 
[INFO] --- maven-enforcer-plugin:1.0:enforce (enforce-maven) @ dagger-parent ---
[INFO] 
[INFO] --- maven-checkstyle-plugin:2.10:checkstyle (default) @ dagger-parent ---
[INFO]                                                                         
[INFO] ------------------------------------------------------------------------
[INFO] Building Dagger 1.0-SNAPSHOT
[INFO] ------------------------------------------------------------------------
[INFO] 
[INFO] --- maven-enforcer-plugin:1.0:enforce (enforce-maven) @ dagger ---
[INFO] 
[INFO] --- maven-resources-plugin:2.3:resources (default-resources) @ dagger ---
[INFO] Using 'UTF-8' encoding to copy filtered resources.
[INFO] skip non existing resourceDirectory /home/travis/build/square/dagger/core/src/main/resources
[INFO] 
[INFO] --- maven-compiler-plugin:3.1:compile (default-compile) @ dagger ---
[INFO] Changes detected - recompiling the module!
[INFO] Compiling 24 source files to /home/travis/build/square/dagger/core/target/classes
[WARNING] bootstrap class path not set in conjunction with -source 1.6
[WARNING] /home/travis/build/square/dagger/core/src/main/java/dagger/internal/ProblemDetector.java:[33,10] found raw type: dagger.internal.Binding
  missing type arguments for generic class dagger.internal.Binding<T>
[WARNING] /home/travis/build/square/dagger/core/src/main/java/dagger/internal/ProblemDetector.java:[33,50] found raw type: dagger.internal.Binding
  missing type arguments for generic class dagger.internal.Binding<T>
[WARNING] /home/travis/build/square/dagger/core/src/main/java/dagger/internal/UniqueMap.java:[24,8] serializable class dagger.internal.UniqueMap has no definition of serialVersionUID
[WARNING] /home/travis/build/square/dagger/core/src/main/java/dagger/internal/plugins/reflect/ReflectiveModuleAdapter.java:[152,24] found raw type: dagger.internal.Binding
  missing type arguments for generic class dagger.internal.Binding<T>
[INFO] 
[INFO] --- maven-resources-plugin:2.3:testResources (default-testResources) @ dagger ---
[INFO] Using 'UTF-8' encoding to copy filtered resources.
[INFO] skip non existing resourceDirectory /home/travis/build/square/dagger/core/src/test/resources
[INFO] 
[INFO] --- maven-compiler-plugin:3.1:testCompile (default-testCompile) @ dagger ---
[INFO] Changes detected - recompiling the module!
[INFO] Compiling 15 source files to /home/travis/build/square/dagger/core/target/test-classes
[WARNING] bootstrap class path not set in conjunction with -source 1.6
[WARNING] /home/travis/build/square/dagger/core/src/test/java/dagger/ModuleTest.java:[218,17] found raw type: javax.inject.Provider
  missing type arguments for generic class javax.inject.Provider<T>
[WARNING] /home/travis/build/square/dagger/core/src/test/java/dagger/ModuleTest.java:[252,17] found raw type: dagger.Lazy
  missing type arguments for generic class dagger.Lazy<T>
[INFO] 
[INFO] --- maven-surefire-plugin:2.10:test (default-test) @ dagger ---
[INFO] Surefire report directory: /home/travis/build/square/dagger/core/target/surefire-reports
Downloading: http://maven.mirrors.travis-ci.org/nexus/content/repositories/central/org/apache/maven/surefire/surefire-junit4/2.10/surefire-junit4-2.10.pom
3/3 KB            Downloaded: http://maven.mirrors.travis-ci.org/nexus/content/repositories/central/org/apache/maven/surefire/surefire-junit4/2.10/surefire-junit4-2.10.pom (3 KB at 3.7 KB/sec)
Downloading: http://maven.mirrors.travis-ci.org/nexus/content/repositories/central/org/apache/maven/surefire/surefire-providers/2.10/surefire-providers-2.10.pom
3/3 KB            Downloaded: http://maven.mirrors.travis-ci.org/nexus/content/repositories/central/org/apache/maven/surefire/surefire-providers/2.10/surefire-providers-2.10.pom (3 KB at 5.3 KB/sec)
Downloading: http://maven.mirrors.travis-ci.org/nexus/content/repositories/central/org/apache/maven/surefire/surefire-junit4/2.10/surefire-junit4-2.10.jar
4/33 KB   8/33 KB   9/33 KB   13/33 KB   17/33 KB   21/33 KB   25/33 KB   28/33 KB   30/33 KB   33/33 KB              Downloaded: http://maven.mirrors.travis-ci.org/nexus/content/repositories/central/org/apache/maven/surefire/surefire-junit4/2.10/surefire-junit4-2.10.jar (33 KB at 60.6 KB/sec)

-------------------------------------------------------
 T E S T S
-------------------------------------------------------
Running dagger.internal.SingletonBindingTest
Tests run: 7, Failures: 0, Errors: 0, Skipped: 0, Time elapsed: 0.127 sec
Running dagger.internal.KeysTest
Tests run: 18, Failures: 0, Errors: 0, Skipped: 0, Time elapsed: 0.086 sec
Running dagger.LazyInjectionTest
Tests run: 5, Failures: 0, Errors: 0, Skipped: 0, Time elapsed: 0.07 sec
Running dagger.ExtensionTest
Tests run: 3, Failures: 0, Errors: 0, Skipped: 0, Time elapsed: 0.05 sec
Running dagger.InjectionTest
Tests run: 30, Failures: 0, Errors: 0, Skipped: 0, Time elapsed: 0.198 sec
Running dagger.ExtensionWithStateTest
Tests run: 1, Failures: 0, Errors: 0, Skipped: 0, Time elapsed: 0.001 sec
Running dagger.InjectStaticsTest
Tests run: 3, Failures: 0, Errors: 0, Skipped: 0, Time elapsed: 0.011 sec
Running dagger.TypesTest
Tests run: 10, Failures: 0, Errors: 0, Skipped: 0, Time elapsed: 0.048 sec
Running dagger.ProblemDetectorTest
Tests run: 3, Failures: 0, Errors: 0, Skipped: 0, Time elapsed: 0.012 sec
Running dagger.MembersInjectorTest
Tests run: 8, Failures: 0, Errors: 0, Skipped: 0, Time elapsed: 0.039 sec
Running dagger.SetBindingTest
Tests run: 7, Failures: 0, Errors: 0, Skipped: 0, Time elapsed: 0.048 sec
Running dagger.ModuleTest
Tests run: 14, Failures: 0, Errors: 0, Skipped: 0, Time elapsed: 0.051 sec
Running dagger.UnusedProviderTest
Tests run: 4, Failures: 0, Errors: 0, Skipped: 0, Time elapsed: 0.015 sec
Running dagger.ThreadSafetyTest
Tests run: 2, Failures: 0, Errors: 0, Skipped: 0, Time elapsed: 0.095 sec
Running dagger.InjectionOfLazyTest
Tests run: 4, Failures: 0, Errors: 0, Skipped: 0, Time elapsed: 0.015 sec

Results :

Tests run: 119, Failures: 0, Errors: 0, Skipped: 0

[INFO] 
[INFO] --- maven-jar-plugin:2.2:jar (default-jar) @ dagger ---
[INFO] Building jar: /home/travis/build/square/dagger/core/target/dagger-1.0-SNAPSHOT.jar
[INFO] 
[INFO] --- maven-checkstyle-plugin:2.10:checkstyle (default) @ dagger ---
[INFO] Starting audit...
Audit done.

[WARNING] Unable to locate Source XRef to link to - DISABLED
[INFO]                                                                         
[INFO] ------------------------------------------------------------------------
[INFO] Building Dagger Compiler 1.0-SNAPSHOT
[INFO] ------------------------------------------------------------------------
[INFO] 
[INFO] --- maven-enforcer-plugin:1.0:enforce (enforce-maven) @ dagger-compiler ---
[INFO] 
[INFO] --- maven-resources-plugin:2.3:resources (default-resources) @ dagger-compiler ---
[INFO] Using 'UTF-8' encoding to copy filtered resources.
[INFO] Copying 1 resource
[INFO] 
[INFO] --- maven-compiler-plugin:3.1:compile (default-compile) @ dagger-compiler ---
[INFO] Changes detected - recompiling the module!
[INFO] Compiling 11 source files to /home/travis/build/square/dagger/compiler/target/classes
[WARNING] bootstrap class path not set in conjunction with -source 1.6
[INFO] 
[INFO] --- maven-resources-plugin:2.3:testResources (default-testResources) @ dagger-compiler ---
[INFO] Using 'UTF-8' encoding to copy filtered resources.
[INFO] skip non existing resourceDirectory /home/travis/build/square/dagger/compiler/src/test/resources
[INFO] 
[INFO] --- maven-compiler-plugin:3.1:testCompile (default-testCompile) @ dagger-compiler ---
[INFO] Changes detected - recompiling the module!
[INFO] Compiling 3 source files to /home/travis/build/square/dagger/compiler/target/test-classes
[WARNING] bootstrap class path not set in conjunction with -source 1.6
[INFO] 
[INFO] --- maven-surefire-plugin:2.10:test (default-test) @ dagger-compiler ---
[INFO] Surefire report directory: /home/travis/build/square/dagger/compiler/target/surefire-reports

-------------------------------------------------------
 T E S T S
-------------------------------------------------------
Running dagger.internal.codegen.DotWriterTest
Tests run: 4, Failures: 0, Errors: 0, Skipped: 0, Time elapsed: 0.151 sec
Running dagger.internal.codegen.GraphVisualizerTest
Tests run: 7, Failures: 0, Errors: 0, Skipped: 0, Time elapsed: 0.062 sec

Results :

Tests run: 11, Failures: 0, Errors: 0, Skipped: 0

[INFO] 
[INFO] --- maven-jar-plugin:2.2:jar (default-jar) @ dagger-compiler ---
[INFO] Building jar: /home/travis/build/square/dagger/compiler/target/dagger-compiler-1.0-SNAPSHOT.jar
[INFO] 
[INFO] --- maven-checkstyle-plugin:2.10:checkstyle (default) @ dagger-compiler ---
[INFO] Starting audit...
Audit done.

[WARNING] Unable to locate Source XRef to link to - DISABLED
[INFO]                                                                         
[INFO] ------------------------------------------------------------------------
[INFO] Building Examples 1.0-SNAPSHOT
[INFO] ------------------------------------------------------------------------
[INFO] 
[INFO] --- maven-enforcer-plugin:1.0:enforce (enforce-maven) @ dagger-example-parent ---
[INFO] 
[INFO] --- maven-checkstyle-plugin:2.10:checkstyle (default) @ dagger-example-parent ---
[INFO]                                                                         
[INFO] ------------------------------------------------------------------------
[INFO] Building Examples: Simple 1.0-SNAPSHOT
[INFO] ------------------------------------------------------------------------
[INFO] 
[INFO] --- maven-enforcer-plugin:1.0:enforce (enforce-maven) @ simple ---
[INFO] 
[INFO] --- maven-resources-plugin:2.3:resources (default-resources) @ simple ---
[INFO] Using 'UTF-8' encoding to copy filtered resources.
[INFO] skip non existing resourceDirectory /home/travis/build/square/dagger/examples/simple/src/main/resources
[INFO] 
[INFO] --- maven-compiler-plugin:3.1:compile (default-compile) @ simple ---
[INFO] Changes detected - recompiling the module!
[INFO] Compiling 8 source files to /home/travis/build/square/dagger/examples/simple/target/classes
[WARNING] bootstrap class path not set in conjunction with -source 1.6
[WARNING] No processor claimed any of these annotations: dagger.Provides,javax.inject.Singleton
[INFO] 
[INFO] --- maven-resources-plugin:2.3:testResources (default-testResources) @ simple ---
[INFO] Using 'UTF-8' encoding to copy filtered resources.
[INFO] skip non existing resourceDirectory /home/travis/build/square/dagger/examples/simple/src/test/resources
[INFO] 
[INFO] --- maven-compiler-plugin:3.1:testCompile (default-testCompile) @ simple ---
[INFO] No sources to compile
[INFO] 
[INFO] --- maven-surefire-plugin:2.10:test (default-test) @ simple ---
[INFO] No tests to run.
[INFO] Surefire report directory: /home/travis/build/square/dagger/examples/simple/target/surefire-reports
Downloading: http://maven.mirrors.travis-ci.org/nexus/content/repositories/central/org/apache/maven/surefire/surefire-junit3/2.10/surefire-junit3-2.10.pom
2/2 KB              Downloaded: http://maven.mirrors.travis-ci.org/nexus/content/repositories/central/org/apache/maven/surefire/surefire-junit3/2.10/surefire-junit3-2.10.pom (2 KB at 5.1 KB/sec)
Downloading: http://maven.mirrors.travis-ci.org/nexus/content/repositories/central/org/apache/maven/surefire/surefire-junit3/2.10/surefire-junit3-2.10.jar
4/26 KB   8/26 KB   9/26 KB   13/26 KB   17/26 KB   21/26 KB   23/26 KB   26/26 KB              Downloaded: http://maven.mirrors.travis-ci.org/nexus/content/repositories/central/org/apache/maven/surefire/surefire-junit3/2.10/surefire-junit3-2.10.jar (26 KB at 48.3 KB/sec)

-------------------------------------------------------
 T E S T S
-------------------------------------------------------

Results :

Tests run: 0, Failures: 0, Errors: 0, Skipped: 0

[INFO] 
[INFO] --- maven-jar-plugin:2.2:jar (default-jar) @ simple ---
[INFO] Building jar: /home/travis/build/square/dagger/examples/simple/target/simple-1.0-SNAPSHOT.jar
[INFO] 
[INFO] --- maven-checkstyle-plugin:2.10:checkstyle (default) @ simple ---
[INFO] Starting audit...
Audit done.

[WARNING] Unable to locate Source XRef to link to - DISABLED
[INFO] ------------------------------------------------------------------------
[INFO] Reactor Summary:
[INFO] 
[INFO] Dagger (Parent) ................................... SUCCESS [4.012s]
[INFO] Dagger ............................................ SUCCESS [15.505s]
[INFO] Dagger Compiler ................................... SUCCESS [3.559s]
[INFO] Examples .......................................... SUCCESS [0.010s]
[INFO] Examples: Simple .................................. SUCCESS [2.307s]
[INFO] ------------------------------------------------------------------------
[INFO] BUILD SUCCESS
[INFO] ------------------------------------------------------------------------
[INFO] Total time: 25.927s
[INFO] Finished at: Fri May 03 14:30:59 UTC 2013
[INFO] Final Memory: 26M/198M
[INFO] ------------------------------------------------------------------------

The command "mvn verify -P!android" exited with 0.

Done. Your build exited with 0.
