Using worker: worker-linux-6-1.bb.travis-ci.org:travis-linux-14

travis_fold:start:git.1$ git clone --depth=50 git://github.com/square/dagger.git square/dagger
Cloning into 'square/dagger'...
remote: Counting objects: 1790, done.[K
remote: Compressing objects:   0% (1/956)   [Kremote: Compressing objects:   1% (10/956)   [Kremote: Compressing objects:   2% (20/956)   [Kremote: Compressing objects:   3% (29/956)   [Kremote: Compressing objects:   4% (39/956)   [Kremote: Compressing objects:   5% (48/956)   [Kremote: Compressing objects:   6% (58/956)   [Kremote: Compressing objects:   7% (67/956)   [Kremote: Compressing objects:   8% (77/956)   [Kremote: Compressing objects:   9% (87/956)   [Kremote: Compressing objects:  10% (96/956)   [Kremote: Compressing objects:  11% (106/956)   [Kremote: Compressing objects:  12% (115/956)   [Kremote: Compressing objects:  13% (125/956)   [Kremote: Compressing objects:  14% (134/956)   [Kremote: Compressing objects:  15% (144/956)   [Kremote: Compressing objects:  16% (153/956)   [Kremote: Compressing objects:  17% (163/956)   [Kremote: Compressing objects:  18% (173/956)   [Kremote: Compressing objects:  19% (182/956)   [Kremote: Compressing objects:  20% (192/956)   [Kremote: Compressing objects:  21% (201/956)   [Kremote: Compressing objects:  22% (211/956)   [Kremote: Compressing objects:  23% (220/956)   [Kremote: Compressing objects:  24% (230/956)   [Kremote: Compressing objects:  25% (239/956)   [Kremote: Compressing objects:  26% (249/956)   [Kremote: Compressing objects:  27% (259/956)   [Kremote: Compressing objects:  28% (268/956)   [Kremote: Compressing objects:  29% (278/956)   [Kremote: Compressing objects:  30% (287/956)   [Kremote: Compressing objects:  31% (297/956)   [Kremote: Compressing objects:  32% (306/956)   [Kremote: Compressing objects:  33% (316/956)   [Kremote: Compressing objects:  34% (326/956)   [Kremote: Compressing objects:  35% (335/956)   [Kremote: Compressing objects:  36% (345/956)   [Kremote: Compressing objects:  37% (354/956)   [Kremote: Compressing objects:  38% (364/956)   [Kremote: Compressing objects:  39% (373/956)   [Kremote: Compressing objects:  40% (383/956)   [Kremote: Compressing objects:  41% (392/956)   [Kremote: Compressing objects:  42% (402/956)   [Kremote: Compressing objects:  43% (412/956)   [Kremote: Compressing objects:  44% (421/956)   [Kremote: Compressing objects:  45% (431/956)   [Kremote: Compressing objects:  46% (440/956)   [Kremote: Compressing objects:  47% (450/956)   [Kremote: Compressing objects:  48% (459/956)   [Kremote: Compressing objects:  49% (469/956)   [Kremote: Compressing objects:  50% (478/956)   [Kremote: Compressing objects:  51% (488/956)   [Kremote: Compressing objects:  52% (498/956)   [Kremote: Compressing objects:  53% (507/956)   [Kremote: Compressing objects:  54% (517/956)   [Kremote: Compressing objects:  55% (526/956)   [Kremote: Compressing objects:  56% (536/956)   [Kremote: Compressing objects:  57% (545/956)   [Kremote: Compressing objects:  58% (555/956)   [Kremote: Compressing objects:  59% (565/956)   [Kremote: Compressing objects:  60% (574/956)   [Kremote: Compressing objects:  61% (584/956)   [Kremote: Compressing objects:  62% (593/956)   [Kremote: Compressing objects:  63% (603/956)   [Kremote: Compressing objects:  64% (612/956)   [Kremote: Compressing objects:  65% (622/956)   [Kremote: Compressing objects:  66% (631/956)   [Kremote: Compressing objects:  67% (641/956)   [Kremote: Compressing objects:  68% (651/956)   [Kremote: Compressing objects:  69% (660/956)   [Kremote: Compressing objects:  70% (670/956)   [Kremote: Compressing objects:  71% (679/956)   [Kremote: Compressing objects:  72% (689/956)   [Kremote: Compressing objects:  73% (698/956)   [Kremote: Compressing objects:  74% (708/956)   [Kremote: Compressing objects:  75% (717/956)   [Kremote: Compressing objects:  76% (727/956)   [Kremote: Compressing objects:  77% (737/956)   [Kremote: Compressing objects:  78% (746/956)   [Kremote: Compressing objects:  79% (756/956)   [Kremote: Compressing objects:  80% (765/956)   [Kremote: Compressing objects:  81% (775/956)   [Kremote: Compressing objects:  82% (784/956)   [Kremote: Compressing objects:  83% (794/956)   [Kremote: Compressing objects:  84% (804/956)   [Kremote: Compressing objects:  85% (813/956)   [Kremote: Compressing objects:  86% (823/956)   [Kremote: Compressing objects:  87% (832/956)   [Kremote: Compressing objects:  88% (842/956)   [Kremote: Compressing objects:  89% (851/956)   [Kremote: Compressing objects:  90% (861/956)   [Kremote: Compressing objects:  91% (870/956)   [Kremote: Compressing objects:  92% (880/956)   [Kremote: Compressing objects:  93% (890/956)   [Kremote: Compressing objects:  94% (899/956)   [Kremote: Compressing objects:  95% (909/956)   [Kremote: Compressing objects:  96% (918/956)   [Kremote: Compressing objects:  97% (928/956)   [Kremote: Compressing objects:  98% (937/956)   [Kremote: Compressing objects:  99% (947/956)   [Kremote: Compressing objects: 100% (956/956)   [Kremote: Compressing objects: 100% (956/956), done.[K
Receiving objects:   0% (1/1790)   Receiving objects:   1% (18/1790)   Receiving objects:   2% (36/1790)   Receiving objects:   3% (54/1790)   Receiving objects:   4% (72/1790)   Receiving objects:   5% (90/1790)   Receiving objects:   6% (108/1790)   Receiving objects:   7% (126/1790)   Receiving objects:   8% (144/1790)   Receiving objects:   9% (162/1790)   Receiving objects:  10% (179/1790)   Receiving objects:  11% (197/1790)   Receiving objects:  12% (215/1790)   Receiving objects:  13% (233/1790)   Receiving objects:  14% (251/1790)   Receiving objects:  15% (269/1790)   Receiving objects:  16% (287/1790)   Receiving objects:  17% (305/1790)   Receiving objects:  18% (323/1790)   Receiving objects:  19% (341/1790)   Receiving objects:  20% (358/1790)   Receiving objects:  21% (376/1790)   Receiving objects:  22% (394/1790)   Receiving objects:  23% (412/1790)   Receiving objects:  24% (430/1790)   Receiving objects:  25% (448/1790)   Receiving objects:  26% (466/1790)   Receiving objects:  27% (484/1790)   Receiving objects:  28% (502/1790)   Receiving objects:  29% (520/1790)   Receiving objects:  30% (537/1790)   Receiving objects:  31% (555/1790)   Receiving objects:  32% (573/1790)   Receiving objects:  33% (591/1790)   Receiving objects:  34% (609/1790)   Receiving objects:  35% (627/1790)   Receiving objects:  36% (645/1790)   Receiving objects:  37% (663/1790)   Receiving objects:  38% (681/1790)   Receiving objects:  39% (699/1790)   Receiving objects:  40% (716/1790)   Receiving objects:  41% (734/1790)   Receiving objects:  42% (752/1790)   Receiving objects:  43% (770/1790)   Receiving objects:  44% (788/1790)   Receiving objects:  45% (806/1790)   Receiving objects:  46% (824/1790)   Receiving objects:  47% (842/1790)   Receiving objects:  48% (860/1790)   Receiving objects:  49% (878/1790)   Receiving objects:  50% (895/1790)   Receiving objects:  51% (913/1790)   Receiving objects:  52% (931/1790)   Receiving objects:  53% (949/1790)   Receiving objects:  54% (967/1790)   Receiving objects:  55% (985/1790)   Receiving objects:  56% (1003/1790)   Receiving objects:  57% (1021/1790)   Receiving objects:  58% (1039/1790)   Receiving objects:  59% (1057/1790)   Receiving objects:  60% (1074/1790)   Receiving objects:  61% (1092/1790)   Receiving objects:  62% (1110/1790)   Receiving objects:  63% (1128/1790)   Receiving objects:  64% (1146/1790)   Receiving objects:  65% (1164/1790)   Receiving objects:  66% (1182/1790)   Receiving objects:  67% (1200/1790)   Receiving objects:  68% (1218/1790)   Receiving objects:  69% (1236/1790)   Receiving objects:  70% (1253/1790)   Receiving objects:  71% (1271/1790)   Receiving objects:  72% (1289/1790)   Receiving objects:  73% (1307/1790)   Receiving objects:  74% (1325/1790)   Receiving objects:  75% (1343/1790)   Receiving objects:  76% (1361/1790)   Receiving objects:  77% (1379/1790)   Receiving objects:  78% (1397/1790)   Receiving objects:  79% (1415/1790)   Receiving objects:  80% (1432/1790)   Receiving objects:  81% (1450/1790)   Receiving objects:  82% (1468/1790)   Receiving objects:  83% (1486/1790)   Receiving objects:  84% (1504/1790)   Receiving objects:  85% (1522/1790)   Receiving objects:  86% (1540/1790)   Receiving objects:  87% (1558/1790)   Receiving objects:  88% (1576/1790)   Receiving objects:  89% (1594/1790)   Receiving objects:  90% (1611/1790)   Receiving objects:  91% (1629/1790)   Receiving objects:  92% (1647/1790)   remote: Total 1790 (delta 601), reused 1508 (delta 374)[K
Receiving objects:  93% (1665/1790)   Receiving objects:  94% (1683/1790)   Receiving objects:  95% (1701/1790)   Receiving objects:  96% (1719/1790)   Receiving objects:  97% (1737/1790)   Receiving objects:  98% (1755/1790)   Receiving objects:  99% (1773/1790)   Receiving objects: 100% (1790/1790)   Receiving objects: 100% (1790/1790), 470.37 KiB, done.
Resolving deltas:   0% (0/601)   Resolving deltas:   2% (18/601)   Resolving deltas:   3% (20/601)   Resolving deltas:   4% (25/601)   Resolving deltas:   5% (32/601)   Resolving deltas:   6% (40/601)   Resolving deltas:   7% (44/601)   Resolving deltas:  15% (94/601)   Resolving deltas:  16% (97/601)   Resolving deltas:  17% (105/601)   Resolving deltas:  18% (113/601)   Resolving deltas:  19% (115/601)   Resolving deltas:  22% (135/601)   Resolving deltas:  24% (145/601)   Resolving deltas:  25% (154/601)   Resolving deltas:  32% (197/601)   Resolving deltas:  33% (204/601)   Resolving deltas:  34% (206/601)   Resolving deltas:  36% (222/601)   Resolving deltas:  41% (250/601)   Resolving deltas:  43% (261/601)   Resolving deltas:  48% (290/601)   Resolving deltas:  49% (295/601)   Resolving deltas:  50% (301/601)   Resolving deltas:  51% (309/601)   Resolving deltas:  52% (318/601)   Resolving deltas:  53% (323/601)   Resolving deltas:  54% (327/601)   Resolving deltas:  55% (331/601)   Resolving deltas:  56% (339/601)   Resolving deltas:  57% (346/601)   Resolving deltas:  58% (353/601)   Resolving deltas:  59% (355/601)   Resolving deltas:  60% (362/601)   Resolving deltas:  61% (367/601)   Resolving deltas:  62% (374/601)   Resolving deltas:  63% (379/601)   Resolving deltas:  64% (386/601)   Resolving deltas:  66% (398/601)   Resolving deltas:  67% (403/601)   Resolving deltas:  68% (412/601)   Resolving deltas:  69% (417/601)   Resolving deltas:  70% (423/601)   Resolving deltas:  71% (427/601)   Resolving deltas:  72% (435/601)   Resolving deltas:  73% (440/601)   Resolving deltas:  74% (447/601)   Resolving deltas:  75% (456/601)   Resolving deltas:  76% (458/601)   Resolving deltas:  77% (466/601)   Resolving deltas:  81% (492/601)   Resolving deltas:  82% (493/601)   Resolving deltas:  86% (522/601)   Resolving deltas:  87% (523/601)   Resolving deltas:  88% (529/601)   Resolving deltas:  89% (535/601)   Resolving deltas:  91% (547/601)   Resolving deltas:  92% (553/601)   Resolving deltas:  93% (559/601)   Resolving deltas:  94% (565/601)   Resolving deltas:  95% (571/601)   Resolving deltas:  96% (577/601)   Resolving deltas:  99% (597/601)   Resolving deltas: 100% (601/601)   Resolving deltas: 100% (601/601), done.
travis_fold:end:git.1$ cd square/dagger
travis_fold:start:git.2$ git fetch origin +refs/pull/230/merge: 
remote: Counting objects: 68, done.[K
remote: Compressing objects:   6% (1/16)   [Kremote: Compressing objects:  12% (2/16)   [Kremote: Compressing objects:  18% (3/16)   [Kremote: Compressing objects:  25% (4/16)   [Kremote: Compressing objects:  31% (5/16)   [Kremote: Compressing objects:  37% (6/16)   [Kremote: Compressing objects:  43% (7/16)   [Kremote: Compressing objects:  50% (8/16)   [Kremote: Compressing objects:  56% (9/16)   [Kremote: Compressing objects:  62% (10/16)   [Kremote: Compressing objects:  68% (11/16)   [Kremote: Compressing objects:  75% (12/16)   [Kremote: Compressing objects:  81% (13/16)   [Kremote: Compressing objects:  87% (14/16)   [Kremote: Compressing objects:  93% (15/16)   [Kremote: Compressing objects: 100% (16/16)   [Kremote: Compressing objects: 100% (16/16), done.[K
remote: Total 37 (delta 13), reused 35 (delta 11)[K
Unpacking objects:   2% (1/37)   Unpacking objects:   5% (2/37)   Unpacking objects:   8% (3/37)   Unpacking objects:  10% (4/37)   Unpacking objects:  13% (5/37)   Unpacking objects:  16% (6/37)   Unpacking objects:  18% (7/37)   Unpacking objects:  21% (8/37)   Unpacking objects:  24% (9/37)   Unpacking objects:  27% (10/37)   Unpacking objects:  29% (11/37)   Unpacking objects:  32% (12/37)   Unpacking objects:  35% (13/37)   Unpacking objects:  37% (14/37)   Unpacking objects:  40% (15/37)   Unpacking objects:  43% (16/37)   Unpacking objects:  45% (17/37)   Unpacking objects:  48% (18/37)   Unpacking objects:  51% (19/37)   Unpacking objects:  54% (20/37)   Unpacking objects:  56% (21/37)   Unpacking objects:  59% (22/37)   Unpacking objects:  62% (23/37)   Unpacking objects:  64% (24/37)   Unpacking objects:  67% (25/37)   Unpacking objects:  70% (26/37)   Unpacking objects:  72% (27/37)   Unpacking objects:  75% (28/37)   Unpacking objects:  78% (29/37)   Unpacking objects:  81% (30/37)   Unpacking objects:  83% (31/37)   Unpacking objects:  86% (32/37)   Unpacking objects:  89% (33/37)   Unpacking objects:  91% (34/37)   Unpacking objects:  94% (35/37)   Unpacking objects:  97% (36/37)   Unpacking objects: 100% (37/37)   Unpacking objects: 100% (37/37), done.
From git://github.com/square/dagger
 * branch            refs/pull/230/merge -> FETCH_HEAD
travis_fold:end:git.2travis_fold:start:git.3$ git checkout -qf FETCH_HEAD
travis_fold:end:git.3$ java -version
java version "1.7.0_15"
OpenJDK Runtime Environment (IcedTea7 2.3.7) (7u15-2.3.7-0ubuntu1~12.04.1)
OpenJDK 64-Bit Server VM (build 23.7-b01, mixed mode)
$ javac -version
javac 1.7.0_15
travis_fold:start:install$ mvn install clean -P!android --fail-never --quiet -DskipTests=true -Dinvoker.skip=true
travis_fold:end:install$ mvn verify -P!android
[INFO] Scanning for projects...
[INFO] ------------------------------------------------------------------------
[INFO] Reactor Build Order:
[INFO] 
[INFO] Dagger (Parent)
[INFO] Dagger
[INFO] Dagger Compiler
[INFO] Examples
[INFO] Examples: Simple
[INFO]                                                                         
[INFO] ------------------------------------------------------------------------
[INFO] Building Dagger (Parent) 1.0-SNAPSHOT
[INFO] ------------------------------------------------------------------------
[INFO] 
[INFO] --- maven-enforcer-plugin:1.0:enforce (enforce-maven) @ dagger-parent ---
[INFO] 
[INFO] --- maven-checkstyle-plugin:2.10:checkstyle (default) @ dagger-parent ---
[INFO]                                                                         
[INFO] ------------------------------------------------------------------------
[INFO] Building Dagger 1.0-SNAPSHOT
[INFO] ------------------------------------------------------------------------
[INFO] 
[INFO] --- maven-enforcer-plugin:1.0:enforce (enforce-maven) @ dagger ---
[INFO] 
[INFO] --- maven-resources-plugin:2.3:resources (default-resources) @ dagger ---
[INFO] Using 'UTF-8' encoding to copy filtered resources.
[INFO] skip non existing resourceDirectory /home/travis/build/square/dagger/core/src/main/resources
[INFO] 
[INFO] --- maven-compiler-plugin:3.1:compile (default-compile) @ dagger ---
[INFO] Changes detected - recompiling the module!
[INFO] Compiling 24 source files to /home/travis/build/square/dagger/core/target/classes
[WARNING] bootstrap class path not set in conjunction with -source 1.6
[WARNING] /home/travis/build/square/dagger/core/src/main/java/dagger/internal/ProblemDetector.java:[33,10] found raw type: dagger.internal.Binding
  missing type arguments for generic class dagger.internal.Binding<T>
[WARNING] /home/travis/build/square/dagger/core/src/main/java/dagger/internal/ProblemDetector.java:[33,50] found raw type: dagger.internal.Binding
  missing type arguments for generic class dagger.internal.Binding<T>
[WARNING] /home/travis/build/square/dagger/core/src/main/java/dagger/internal/UniqueMap.java:[24,8] serializable class dagger.internal.UniqueMap has no definition of serialVersionUID
[WARNING] /home/travis/build/square/dagger/core/src/main/java/dagger/internal/plugins/reflect/ReflectiveModuleAdapter.java:[152,24] found raw type: dagger.internal.Binding
  missing type arguments for generic class dagger.internal.Binding<T>
[INFO] 
[INFO] --- maven-resources-plugin:2.3:testResources (default-testResources) @ dagger ---
[INFO] Using 'UTF-8' encoding to copy filtered resources.
[INFO] skip non existing resourceDirectory /home/travis/build/square/dagger/core/src/test/resources
[INFO] 
[INFO] --- maven-compiler-plugin:3.1:testCompile (default-testCompile) @ dagger ---
[INFO] Changes detected - recompiling the module!
[INFO] Compiling 14 source files to /home/travis/build/square/dagger/core/target/test-classes
[WARNING] bootstrap class path not set in conjunction with -source 1.6
[WARNING] /home/travis/build/square/dagger/core/src/test/java/dagger/ModuleTest.java:[218,17] found raw type: javax.inject.Provider
  missing type arguments for generic class javax.inject.Provider<T>
[WARNING] /home/travis/build/square/dagger/core/src/test/java/dagger/ModuleTest.java:[252,17] found raw type: dagger.Lazy
  missing type arguments for generic class dagger.Lazy<T>
[INFO] 
[INFO] --- maven-surefire-plugin:2.10:test (default-test) @ dagger ---
[INFO] Surefire report directory: /home/travis/build/square/dagger/core/target/surefire-reports
Downloading: http://maven.mirrors.travis-ci.org/nexus/content/repositories/central/org/apache/maven/surefire/surefire-junit4/2.10/surefire-junit4-2.10.pom
3/3 KB            Downloaded: http://maven.mirrors.travis-ci.org/nexus/content/repositories/central/org/apache/maven/surefire/surefire-junit4/2.10/surefire-junit4-2.10.pom (3 KB at 4.0 KB/sec)
Downloading: http://maven.mirrors.travis-ci.org/nexus/content/repositories/central/org/apache/maven/surefire/surefire-providers/2.10/surefire-providers-2.10.pom
3/3 KB            Downloaded: http://maven.mirrors.travis-ci.org/nexus/content/repositories/central/org/apache/maven/surefire/surefire-providers/2.10/surefire-providers-2.10.pom (3 KB at 6.6 KB/sec)
Downloading: http://maven.mirrors.travis-ci.org/nexus/content/repositories/central/org/apache/maven/surefire/surefire-junit4/2.10/surefire-junit4-2.10.jar
4/33 KB   8/33 KB   9/33 KB   13/33 KB   17/33 KB   21/33 KB   25/33 KB   27/33 KB   28/33 KB   32/33 KB   33/33 KB              Downloaded: http://maven.mirrors.travis-ci.org/nexus/content/repositories/central/org/apache/maven/surefire/surefire-junit4/2.10/surefire-junit4-2.10.jar (33 KB at 55.1 KB/sec)

-------------------------------------------------------
 T E S T S
-------------------------------------------------------
Running dagger.ModuleTest
Tests run: 14, Failures: 0, Errors: 0, Skipped: 0, Time elapsed: 0.205 sec
Running dagger.ExtensionTest
Tests run: 3, Failures: 0, Errors: 0, Skipped: 0, Time elapsed: 0.04 sec
Running dagger.InjectionTest
Tests run: 36, Failures: 0, Errors: 0, Skipped: 0, Time elapsed: 0.206 sec
Running dagger.MembersInjectorTest
Tests run: 8, Failures: 0, Errors: 0, Skipped: 0, Time elapsed: 0.031 sec
Running dagger.LazyInjectionTest
Tests run: 5, Failures: 0, Errors: 0, Skipped: 0, Time elapsed: 0.031 sec
Running dagger.SetBindingTest
Tests run: 7, Failures: 0, Errors: 0, Skipped: 0, Time elapsed: 0.223 sec
Running dagger.InjectStaticsTest
Tests run: 3, Failures: 0, Errors: 0, Skipped: 0, Time elapsed: 0.012 sec
Running dagger.InjectionOfLazyTest
Tests run: 4, Failures: 0, Errors: 0, Skipped: 0, Time elapsed: 0.013 sec
Running dagger.ThreadSafetyTest
Tests run: 2, Failures: 0, Errors: 0, Skipped: 0, Time elapsed: 0.059 sec
Running dagger.UnusedProviderTest
Tests run: 4, Failures: 0, Errors: 0, Skipped: 0, Time elapsed: 0.014 sec
Running dagger.internal.KeysTest
Tests run: 18, Failures: 0, Errors: 0, Skipped: 0, Time elapsed: 0.028 sec
Running dagger.internal.SingletonBindingTest
Tests run: 7, Failures: 0, Errors: 0, Skipped: 0, Time elapsed: 0.006 sec
Running dagger.ProblemDetectorTest
Tests run: 3, Failures: 0, Errors: 0, Skipped: 0, Time elapsed: 0.011 sec
Running dagger.ExtensionWithStateTest
Tests run: 1, Failures: 0, Errors: 0, Skipped: 0, Time elapsed: 0.004 sec

Results :

Tests run: 115, Failures: 0, Errors: 0, Skipped: 0

[INFO] 
[INFO] --- maven-jar-plugin:2.2:jar (default-jar) @ dagger ---
[INFO] Building jar: /home/travis/build/square/dagger/core/target/dagger-1.0-SNAPSHOT.jar
[INFO] 
[INFO] --- maven-checkstyle-plugin:2.10:checkstyle (default) @ dagger ---
[INFO] Starting audit...
Audit done.

[WARNING] Unable to locate Source XRef to link to - DISABLED
[INFO]                                                                         
[INFO] ------------------------------------------------------------------------
[INFO] Building Dagger Compiler 1.0-SNAPSHOT
[INFO] ------------------------------------------------------------------------
[INFO] 
[INFO] --- maven-enforcer-plugin:1.0:enforce (enforce-maven) @ dagger-compiler ---
[INFO] 
[INFO] --- maven-resources-plugin:2.3:resources (default-resources) @ dagger-compiler ---
[INFO] Using 'UTF-8' encoding to copy filtered resources.
[INFO] Copying 1 resource
[INFO] 
[INFO] --- maven-compiler-plugin:3.1:compile (default-compile) @ dagger-compiler ---
[INFO] Changes detected - recompiling the module!
[INFO] Compiling 12 source files to /home/travis/build/square/dagger/compiler/target/classes
[WARNING] bootstrap class path not set in conjunction with -source 1.6
[INFO] 
[INFO] --- maven-resources-plugin:2.3:testResources (default-testResources) @ dagger-compiler ---
[INFO] Using 'UTF-8' encoding to copy filtered resources.
[INFO] skip non existing resourceDirectory /home/travis/build/square/dagger/compiler/src/test/resources
[INFO] 
[INFO] --- maven-compiler-plugin:3.1:testCompile (default-testCompile) @ dagger-compiler ---
[INFO] Changes detected - recompiling the module!
[INFO] Compiling 3 source files to /home/travis/build/square/dagger/compiler/target/test-classes
[WARNING] bootstrap class path not set in conjunction with -source 1.6
[INFO] 
[INFO] --- maven-surefire-plugin:2.10:test (default-test) @ dagger-compiler ---
[INFO] Surefire report directory: /home/travis/build/square/dagger/compiler/target/surefire-reports

-------------------------------------------------------
 T E S T S
-------------------------------------------------------
Running dagger.internal.codegen.DotWriterTest
Tests run: 4, Failures: 0, Errors: 0, Skipped: 0, Time elapsed: 0.103 sec
Running dagger.internal.codegen.GraphVisualizerTest
Tests run: 7, Failures: 0, Errors: 0, Skipped: 0, Time elapsed: 0.05 sec

Results :

Tests run: 11, Failures: 0, Errors: 0, Skipped: 0

[INFO] 
[INFO] --- maven-jar-plugin:2.2:jar (default-jar) @ dagger-compiler ---
[INFO] Building jar: /home/travis/build/square/dagger/compiler/target/dagger-compiler-1.0-SNAPSHOT.jar
[INFO] 
[INFO] --- maven-invoker-plugin:1.7:install (integration-test) @ dagger-compiler ---
[INFO] Installing /home/travis/build/square/dagger/core/pom.xml to /home/travis/build/square/dagger/compiler/target/local-repo/com/squareup/dagger/dagger/1.0-SNAPSHOT/dagger-1.0-SNAPSHOT.pom
[INFO] Installing /home/travis/build/square/dagger/core/target/dagger-1.0-SNAPSHOT.jar to /home/travis/build/square/dagger/compiler/target/local-repo/com/squareup/dagger/dagger/1.0-SNAPSHOT/dagger-1.0-SNAPSHOT.jar
[INFO] Installing /home/travis/build/square/dagger/pom.xml to /home/travis/build/square/dagger/compiler/target/local-repo/com/squareup/dagger/dagger-parent/1.0-SNAPSHOT/dagger-parent-1.0-SNAPSHOT.pom
[INFO] Installing /home/travis/build/square/dagger/compiler/pom.xml to /home/travis/build/square/dagger/compiler/target/local-repo/com/squareup/dagger/dagger-compiler/1.0-SNAPSHOT/dagger-compiler-1.0-SNAPSHOT.pom
[INFO] Installing /home/travis/build/square/dagger/compiler/target/dagger-compiler-1.0-SNAPSHOT.jar to /home/travis/build/square/dagger/compiler/target/local-repo/com/squareup/dagger/dagger-compiler/1.0-SNAPSHOT/dagger-compiler-1.0-SNAPSHOT.jar
[INFO] 
[INFO] --- maven-invoker-plugin:1.7:run (integration-test) @ dagger-compiler ---
[INFO] Building: provides-method-with-throws-clause/pom.xml
[INFO] run script verify.bsh
[INFO] ..SUCCESS (59.4 s)
[INFO] Building: method-injection/pom.xml
[INFO] run script verify.bsh
[INFO] ..SUCCESS (7.3 s)
[INFO] Building: inner-classes-complaint-injection/pom.xml
[INFO] run script verify.bsh
[INFO] ..SUCCESS (7.1 s)
[INFO] Building: include-non-module/pom.xml
[INFO] ..SUCCESS (7.4 s)
[INFO] Building: unused-provider-methods-pass-compilation-on-library-module/pom.xml
[INFO] ..SUCCESS (29.5 s)
[INFO] Building: unused-provider-methods-fail-compilation/pom.xml
[INFO] run script verify.bsh
[INFO] ..SUCCESS (7.7 s)
[INFO] Building: cyclic-module-includes/pom.xml
[INFO] run script verify.bsh
[INFO] ..SUCCESS (8.2 s)
[INFO] Building: inject-parameterized-type/pom.xml
[INFO] ..SUCCESS (9.2 s)
[INFO] Building: private-inject/pom.xml
[INFO] run script verify.bsh
[INFO] ..SUCCESS (8.0 s)
[INFO] Building: provide-provider-or-lazy/pom.xml
[INFO] run script verify.bsh
[INFO] ..SUCCESS (7.7 s)
[INFO] Building: missing-at-inject-constructor/pom.xml
[INFO] run script verify.bsh
[INFO] ..SUCCESS (7.7 s)
[INFO] Building: multiple-provides-methods/pom.xml
[INFO] run script verify.bsh
[INFO] ..SUCCESS (9.6 s)
[INFO] Building: static-injected-binding-doesnt-fail-providers/pom.xml
[INFO] ..SUCCESS (8.8 s)
[INFO] Building: module-type-validation/pom.xml
[INFO] run script verify.bsh
[INFO] ..SUCCESS (7.6 s)
[INFO] Building: cyclic-deps/pom.xml
[INFO] run script verify.bsh
[INFO] ..SUCCESS (8.0 s)
[INFO] Building: same-provides-method-name/pom.xml
[INFO] ..SUCCESS (9.2 s)
[INFO] Building: default-package-injected-type/pom.xml
[INFO] ..SUCCESS (8.7 s)
[INFO] Building: simple-missing-dependency-failure/pom.xml
[INFO] run script verify.bsh
[INFO] ..SUCCESS (7.5 s)
[INFO] Building: extension-graph/pom.xml
[INFO] ..SUCCESS (8.8 s)
[INFO] Building: uninjectable-supertype/pom.xml
[INFO] ..SUCCESS (8.3 s)
[INFO] -------------------------------------------------
[INFO] Build Summary:
[INFO]   Passed: 20, Failed: 0, Errors: 0, Skipped: 0
[INFO] -------------------------------------------------
[INFO] 
[INFO] --- maven-checkstyle-plugin:2.10:checkstyle (default) @ dagger-compiler ---
[INFO] Starting audit...
Audit done.

[WARNING] Unable to locate Source XRef to link to - DISABLED
[INFO]                                                                         
[INFO] ------------------------------------------------------------------------
[INFO] Building Examples 1.0-SNAPSHOT
[INFO] ------------------------------------------------------------------------
[INFO] 
[INFO] --- maven-enforcer-plugin:1.0:enforce (enforce-maven) @ dagger-example-parent ---
[INFO] 
[INFO] --- maven-checkstyle-plugin:2.10:checkstyle (default) @ dagger-example-parent ---
[INFO]                                                                         
[INFO] ------------------------------------------------------------------------
[INFO] Building Examples: Simple 1.0-SNAPSHOT
[INFO] ------------------------------------------------------------------------
[INFO] 
[INFO] --- maven-enforcer-plugin:1.0:enforce (enforce-maven) @ simple ---
[INFO] 
[INFO] --- maven-resources-plugin:2.3:resources (default-resources) @ simple ---
[INFO] Using 'UTF-8' encoding to copy filtered resources.
[INFO] skip non existing resourceDirectory /home/travis/build/square/dagger/examples/simple/src/main/resources
[INFO] 
[INFO] --- maven-compiler-plugin:3.1:compile (default-compile) @ simple ---
[INFO] Changes detected - recompiling the module!
[INFO] Compiling 8 source files to /home/travis/build/square/dagger/examples/simple/target/classes
[WARNING] bootstrap class path not set in conjunction with -source 1.6
[WARNING] No processor claimed any of these annotations: dagger.Provides,javax.inject.Singleton
[INFO] 
[INFO] --- maven-resources-plugin:2.3:testResources (default-testResources) @ simple ---
[INFO] Using 'UTF-8' encoding to copy filtered resources.
[INFO] skip non existing resourceDirectory /home/travis/build/square/dagger/examples/simple/src/test/resources
[INFO] 
[INFO] --- maven-compiler-plugin:3.1:testCompile (default-testCompile) @ simple ---
[INFO] No sources to compile
[INFO] 
[INFO] --- maven-surefire-plugin:2.10:test (default-test) @ simple ---
[INFO] No tests to run.
[INFO] Surefire report directory: /home/travis/build/square/dagger/examples/simple/target/surefire-reports
Downloading: http://maven.mirrors.travis-ci.org/nexus/content/repositories/central/org/apache/maven/surefire/surefire-junit3/2.10/surefire-junit3-2.10.pom
2/2 KB              Downloaded: http://maven.mirrors.travis-ci.org/nexus/content/repositories/central/org/apache/maven/surefire/surefire-junit3/2.10/surefire-junit3-2.10.pom (2 KB at 3.0 KB/sec)
Downloading: http://maven.mirrors.travis-ci.org/nexus/content/repositories/central/org/apache/maven/surefire/surefire-junit3/2.10/surefire-junit3-2.10.jar
4/26 KB   8/26 KB   9/26 KB   13/26 KB   17/26 KB   21/26 KB   23/26 KB   26/26 KB              Downloaded: http://maven.mirrors.travis-ci.org/nexus/content/repositories/central/org/apache/maven/surefire/surefire-junit3/2.10/surefire-junit3-2.10.jar (26 KB at 46.2 KB/sec)

-------------------------------------------------------
 T E S T S
-------------------------------------------------------

Results :

Tests run: 0, Failures: 0, Errors: 0, Skipped: 0

[INFO] 
[INFO] --- maven-jar-plugin:2.2:jar (default-jar) @ simple ---
[INFO] Building jar: /home/travis/build/square/dagger/examples/simple/target/simple-1.0-SNAPSHOT.jar
[INFO] 
[INFO] --- maven-checkstyle-plugin:2.10:checkstyle (default) @ simple ---
[INFO] Starting audit...
Audit done.

[WARNING] Unable to locate Source XRef to link to - DISABLED
[INFO] ------------------------------------------------------------------------
[INFO] Reactor Summary:
[INFO] 
[INFO] Dagger (Parent) ................................... SUCCESS [2.758s]
[INFO] Dagger ............................................ SUCCESS [10.461s]
[INFO] Dagger Compiler ................................... SUCCESS [3:59.009s]
[INFO] Examples .......................................... SUCCESS [0.008s]
[INFO] Examples: Simple .................................. SUCCESS [2.064s]
[INFO] ------------------------------------------------------------------------
[INFO] BUILD SUCCESS
[INFO] ------------------------------------------------------------------------
[INFO] Total time: 4:14.797s
[INFO] Finished at: Mon May 06 04:02:52 UTC 2013
[INFO] Final Memory: 23M/144M
[INFO] ------------------------------------------------------------------------

The command "mvn verify -P!android" exited with 0.

Done. Your build exited with 0.
