Using worker: worker-linux-6-2.bb.travis-ci.org:travis-linux-6

travis_fold:start:git.1$ git clone --depth=50 git://github.com/square/dagger.git square/dagger
Cloning into 'square/dagger'...
remote: Counting objects: 1828, done.[K
remote: Compressing objects:   0% (1/975)   [Kremote: Compressing objects:   1% (10/975)   [Kremote: Compressing objects:   2% (20/975)   [Kremote: Compressing objects:   3% (30/975)   [Kremote: Compressing objects:   4% (39/975)   [Kremote: Compressing objects:   5% (49/975)   [Kremote: Compressing objects:   6% (59/975)   [Kremote: Compressing objects:   7% (69/975)   [Kremote: Compressing objects:   8% (78/975)   [Kremote: Compressing objects:   9% (88/975)   [Kremote: Compressing objects:  10% (98/975)   [Kremote: Compressing objects:  11% (108/975)   [Kremote: Compressing objects:  12% (117/975)   [Kremote: Compressing objects:  13% (127/975)   [Kremote: Compressing objects:  14% (137/975)   [Kremote: Compressing objects:  15% (147/975)   [Kremote: Compressing objects:  16% (156/975)   [Kremote: Compressing objects:  17% (166/975)   [Kremote: Compressing objects:  18% (176/975)   [Kremote: Compressing objects:  19% (186/975)   [Kremote: Compressing objects:  20% (195/975)   [Kremote: Compressing objects:  21% (205/975)   [Kremote: Compressing objects:  22% (215/975)   [Kremote: Compressing objects:  23% (225/975)   [Kremote: Compressing objects:  24% (234/975)   [Kremote: Compressing objects:  25% (244/975)   [Kremote: Compressing objects:  26% (254/975)   [Kremote: Compressing objects:  27% (264/975)   [Kremote: Compressing objects:  28% (273/975)   [Kremote: Compressing objects:  29% (283/975)   [Kremote: Compressing objects:  30% (293/975)   [Kremote: Compressing objects:  31% (303/975)   [Kremote: Compressing objects:  32% (312/975)   [Kremote: Compressing objects:  33% (322/975)   [Kremote: Compressing objects:  34% (332/975)   [Kremote: Compressing objects:  35% (342/975)   [Kremote: Compressing objects:  36% (351/975)   [Kremote: Compressing objects:  37% (361/975)   [Kremote: Compressing objects:  38% (371/975)   [Kremote: Compressing objects:  39% (381/975)   [Kremote: Compressing objects:  40% (390/975)   [Kremote: Compressing objects:  41% (400/975)   [Kremote: Compressing objects:  42% (410/975)   [Kremote: Compressing objects:  43% (420/975)   [Kremote: Compressing objects:  44% (429/975)   [Kremote: Compressing objects:  45% (439/975)   [Kremote: Compressing objects:  46% (449/975)   [Kremote: Compressing objects:  47% (459/975)   [Kremote: Compressing objects:  48% (468/975)   [Kremote: Compressing objects:  49% (478/975)   [Kremote: Compressing objects:  50% (488/975)   [Kremote: Compressing objects:  51% (498/975)   [Kremote: Compressing objects:  52% (507/975)   [Kremote: Compressing objects:  53% (517/975)   [Kremote: Compressing objects:  54% (527/975)   [Kremote: Compressing objects:  55% (537/975)   [Kremote: Compressing objects:  56% (546/975)   [Kremote: Compressing objects:  57% (556/975)   [Kremote: Compressing objects:  58% (566/975)   [Kremote: Compressing objects:  59% (576/975)   [Kremote: Compressing objects:  60% (585/975)   [Kremote: Compressing objects:  61% (595/975)   [Kremote: Compressing objects:  62% (605/975)   [Kremote: Compressing objects:  63% (615/975)   [Kremote: Compressing objects:  64% (624/975)   [Kremote: Compressing objects:  65% (634/975)   [Kremote: Compressing objects:  66% (644/975)   [Kremote: Compressing objects:  67% (654/975)   [Kremote: Compressing objects:  68% (663/975)   [Kremote: Compressing objects:  69% (673/975)   [Kremote: Compressing objects:  70% (683/975)   [Kremote: Compressing objects:  71% (693/975)   [Kremote: Compressing objects:  72% (702/975)   [Kremote: Compressing objects:  73% (712/975)   [Kremote: Compressing objects:  74% (722/975)   [Kremote: Compressing objects:  75% (732/975)   [Kremote: Compressing objects:  76% (741/975)   [Kremote: Compressing objects:  77% (751/975)   [Kremote: Compressing objects:  78% (761/975)   [Kremote: Compressing objects:  79% (771/975)   [Kremote: Compressing objects:  80% (780/975)   [Kremote: Compressing objects:  81% (790/975)   [Kremote: Compressing objects:  82% (800/975)   [Kremote: Compressing objects:  83% (810/975)   [Kremote: Compressing objects:  84% (819/975)   [Kremote: Compressing objects:  85% (829/975)   [Kremote: Compressing objects:  86% (839/975)   [Kremote: Compressing objects:  87% (849/975)   [Kremote: Compressing objects:  88% (858/975)   [Kremote: Compressing objects:  89% (868/975)   [Kremote: Compressing objects:  90% (878/975)   [Kremote: Compressing objects:  91% (888/975)   [Kremote: Compressing objects:  92% (897/975)   [Kremote: Compressing objects:  93% (907/975)   [Kremote: Compressing objects:  94% (917/975)   [Kremote: Compressing objects:  95% (927/975)   [Kremote: Compressing objects:  96% (936/975)   [Kremote: Compressing objects:  97% (946/975)   [Kremote: Compressing objects:  98% (956/975)   [Kremote: Compressing objects:  99% (966/975)   [Kremote: Compressing objects: 100% (975/975)   [Kremote: Compressing objects: 100% (975/975), done.[K
Receiving objects:   0% (1/1828)   Receiving objects:   1% (19/1828)   Receiving objects:   2% (37/1828)   Receiving objects:   3% (55/1828)   Receiving objects:   4% (74/1828)   Receiving objects:   5% (92/1828)   Receiving objects:   6% (110/1828)   Receiving objects:   7% (128/1828)   Receiving objects:   8% (147/1828)   Receiving objects:   9% (165/1828)   Receiving objects:  10% (183/1828)   Receiving objects:  11% (202/1828)   Receiving objects:  12% (220/1828)   Receiving objects:  13% (238/1828)   Receiving objects:  14% (256/1828)   Receiving objects:  15% (275/1828)   Receiving objects:  16% (293/1828)   Receiving objects:  17% (311/1828)   Receiving objects:  18% (330/1828)   Receiving objects:  19% (348/1828)   Receiving objects:  20% (366/1828)   Receiving objects:  21% (384/1828)   Receiving objects:  22% (403/1828)   Receiving objects:  23% (421/1828)   Receiving objects:  24% (439/1828)   Receiving objects:  25% (457/1828)   Receiving objects:  26% (476/1828)   Receiving objects:  27% (494/1828)   Receiving objects:  28% (512/1828)   Receiving objects:  29% (531/1828)   Receiving objects:  30% (549/1828)   Receiving objects:  31% (567/1828)   Receiving objects:  32% (585/1828)   Receiving objects:  33% (604/1828)   Receiving objects:  34% (622/1828)   Receiving objects:  35% (640/1828)   Receiving objects:  36% (659/1828)   Receiving objects:  37% (677/1828)   Receiving objects:  38% (695/1828)   Receiving objects:  39% (713/1828)   Receiving objects:  40% (732/1828)   Receiving objects:  41% (750/1828)   Receiving objects:  42% (768/1828)   Receiving objects:  43% (787/1828)   Receiving objects:  44% (805/1828)   Receiving objects:  45% (823/1828)   Receiving objects:  46% (841/1828)   Receiving objects:  47% (860/1828)   Receiving objects:  48% (878/1828)   Receiving objects:  49% (896/1828)   Receiving objects:  50% (914/1828)   Receiving objects:  51% (933/1828)   Receiving objects:  52% (951/1828)   Receiving objects:  53% (969/1828)   Receiving objects:  54% (988/1828)   Receiving objects:  55% (1006/1828)   Receiving objects:  56% (1024/1828)   Receiving objects:  57% (1042/1828)   Receiving objects:  58% (1061/1828)   Receiving objects:  59% (1079/1828)   Receiving objects:  60% (1097/1828)   Receiving objects:  61% (1116/1828)   Receiving objects:  62% (1134/1828)   Receiving objects:  63% (1152/1828)   Receiving objects:  64% (1170/1828)   Receiving objects:  65% (1189/1828)   Receiving objects:  66% (1207/1828)   Receiving objects:  67% (1225/1828)   Receiving objects:  68% (1244/1828)   Receiving objects:  69% (1262/1828)   Receiving objects:  70% (1280/1828)   Receiving objects:  71% (1298/1828)   Receiving objects:  72% (1317/1828)   Receiving objects:  73% (1335/1828)   Receiving objects:  74% (1353/1828)   Receiving objects:  75% (1371/1828)   Receiving objects:  76% (1390/1828)   Receiving objects:  77% (1408/1828)   remote: Total 1828 (delta 609), reused 1541 (delta 383)[K
Receiving objects:  78% (1426/1828)   Receiving objects:  79% (1445/1828)   Receiving objects:  80% (1463/1828)   Receiving objects:  81% (1481/1828)   Receiving objects:  82% (1499/1828)   Receiving objects:  83% (1518/1828)   Receiving objects:  84% (1536/1828)   Receiving objects:  85% (1554/1828)   Receiving objects:  86% (1573/1828)   Receiving objects:  87% (1591/1828)   Receiving objects:  88% (1609/1828)   Receiving objects:  89% (1627/1828)   Receiving objects:  90% (1646/1828)   Receiving objects:  91% (1664/1828)   Receiving objects:  92% (1682/1828)   Receiving objects:  93% (1701/1828)   Receiving objects:  94% (1719/1828)   Receiving objects:  95% (1737/1828)   Receiving objects:  96% (1755/1828)   Receiving objects:  97% (1774/1828)   Receiving objects:  98% (1792/1828)   Receiving objects:  99% (1810/1828)   Receiving objects: 100% (1828/1828)   Receiving objects: 100% (1828/1828), 484.38 KiB, done.
Resolving deltas:   0% (0/609)   Resolving deltas:   1% (8/609)   Resolving deltas:   3% (24/609)   Resolving deltas:   4% (25/609)   Resolving deltas:   5% (31/609)   Resolving deltas:   6% (39/609)   Resolving deltas:   7% (45/609)   Resolving deltas:   8% (52/609)   Resolving deltas:  14% (91/609)   Resolving deltas:  16% (102/609)   Resolving deltas:  17% (106/609)   Resolving deltas:  18% (112/609)   Resolving deltas:  19% (116/609)   Resolving deltas:  20% (122/609)   Resolving deltas:  22% (134/609)   Resolving deltas:  25% (153/609)   Resolving deltas:  26% (162/609)   Resolving deltas:  28% (172/609)   Resolving deltas:  31% (189/609)   Resolving deltas:  32% (197/609)   Resolving deltas:  33% (203/609)   Resolving deltas:  35% (218/609)   Resolving deltas:  41% (250/609)   Resolving deltas:  42% (257/609)   Resolving deltas:  44% (268/609)   Resolving deltas:  46% (281/609)   Resolving deltas:  47% (290/609)   Resolving deltas:  48% (293/609)   Resolving deltas:  49% (299/609)   Resolving deltas:  50% (305/609)   Resolving deltas:  51% (311/609)   Resolving deltas:  52% (319/609)   Resolving deltas:  53% (325/609)   Resolving deltas:  54% (329/609)   Resolving deltas:  55% (335/609)   Resolving deltas:  56% (342/609)   Resolving deltas:  57% (349/609)   Resolving deltas:  58% (354/609)   Resolving deltas:  59% (360/609)   Resolving deltas:  60% (368/609)   Resolving deltas:  61% (372/609)   Resolving deltas:  62% (381/609)   Resolving deltas:  63% (384/609)   Resolving deltas:  64% (390/609)   Resolving deltas:  65% (400/609)   Resolving deltas:  66% (402/609)   Resolving deltas:  67% (410/609)   Resolving deltas:  68% (418/609)   Resolving deltas:  69% (424/609)   Resolving deltas:  70% (431/609)   Resolving deltas:  72% (440/609)   Resolving deltas:  73% (450/609)   Resolving deltas:  74% (451/609)   Resolving deltas:  77% (475/609)   Resolving deltas:  84% (514/609)   Resolving deltas:  85% (519/609)   Resolving deltas:  86% (524/609)   Resolving deltas:  87% (533/609)   Resolving deltas:  88% (536/609)   Resolving deltas:  89% (543/609)   Resolving deltas:  90% (549/609)   Resolving deltas:  91% (559/609)   Resolving deltas:  92% (563/609)   Resolving deltas:  93% (572/609)   Resolving deltas:  94% (573/609)   Resolving deltas:  95% (580/609)   Resolving deltas:  98% (597/609)   Resolving deltas:  99% (603/609)   Resolving deltas: 100% (609/609)   Resolving deltas: 100% (609/609), done.
travis_fold:end:git.1$ cd square/dagger
travis_fold:start:git.2$ git fetch origin +refs/pull/232/merge: 
remote: Counting objects: 56, done.[K
remote: Compressing objects:   4% (1/23)   [Kremote: Compressing objects:   8% (2/23)   [Kremote: Compressing objects:  13% (3/23)   [Kremote: Compressing objects:  17% (4/23)   [Kremote: Compressing objects:  21% (5/23)   [Kremote: Compressing objects:  26% (6/23)   [Kremote: Compressing objects:  30% (7/23)   [Kremote: Compressing objects:  34% (8/23)   [Kremote: Compressing objects:  39% (9/23)   [Kremote: Compressing objects:  43% (10/23)   [Kremote: Compressing objects:  47% (11/23)   [Kremote: Compressing objects:  52% (12/23)   [Kremote: Compressing objects:  56% (13/23)   [Kremote: Compressing objects:  60% (14/23)   [Kremote: Compressing objects:  65% (15/23)   [Kremote: Compressing objects:  69% (16/23)   [Kremote: Compressing objects:  73% (17/23)   [Kremote: Compressing objects:  78% (18/23)   [Kremote: Compressing objects:  82% (19/23)   [Kremote: Compressing objects:  86% (20/23)   [Kremote: Compressing objects:  91% (21/23)   [Kremote: Compressing objects:  95% (22/23)   [Kremote: Compressing objects: 100% (23/23)   [Kremote: Compressing objects: 100% (23/23), done.[K
remote: Total 31 (delta 11), reused 18 (delta 1)[K
Unpacking objects:   3% (1/31)   Unpacking objects:   6% (2/31)   Unpacking objects:   9% (3/31)   Unpacking objects:  12% (4/31)   Unpacking objects:  16% (5/31)   Unpacking objects:  19% (6/31)   Unpacking objects:  22% (7/31)   Unpacking objects:  25% (8/31)   Unpacking objects:  29% (9/31)   Unpacking objects:  32% (10/31)   Unpacking objects:  35% (11/31)   Unpacking objects:  38% (12/31)   Unpacking objects:  41% (13/31)   Unpacking objects:  45% (14/31)   Unpacking objects:  48% (15/31)   Unpacking objects:  51% (16/31)   Unpacking objects:  54% (17/31)   Unpacking objects:  58% (18/31)   Unpacking objects:  61% (19/31)   Unpacking objects:  64% (20/31)   Unpacking objects:  67% (21/31)   Unpacking objects:  70% (22/31)   Unpacking objects:  74% (23/31)   Unpacking objects:  77% (24/31)   Unpacking objects:  80% (25/31)   Unpacking objects:  83% (26/31)   Unpacking objects:  87% (27/31)   Unpacking objects:  90% (28/31)   Unpacking objects:  93% (29/31)   Unpacking objects:  96% (30/31)   Unpacking objects: 100% (31/31)   Unpacking objects: 100% (31/31), done.
From git://github.com/square/dagger
 * branch            refs/pull/232/merge -> FETCH_HEAD
travis_fold:end:git.2travis_fold:start:git.3$ git checkout -qf FETCH_HEAD
travis_fold:end:git.3$ java -version
java version "1.7.0_15"
OpenJDK Runtime Environment (IcedTea7 2.3.7) (7u15-2.3.7-0ubuntu1~12.04.1)
OpenJDK 64-Bit Server VM (build 23.7-b01, mixed mode)
$ javac -version
javac 1.7.0_15
travis_fold:start:install$ mvn install clean -P!android --fail-never --quiet -DskipTests=true -Dinvoker.skip=true
travis_fold:end:install$ mvn verify -P!android
[INFO] Scanning for projects...
[INFO] ------------------------------------------------------------------------
[INFO] Reactor Build Order:
[INFO] 
[INFO] Dagger (Parent)
[INFO] Dagger
[INFO] Dagger Compiler
[INFO] Examples
[INFO] Examples: Simple
[INFO]                                                                         
[INFO] ------------------------------------------------------------------------
[INFO] Building Dagger (Parent) 1.0-SNAPSHOT
[INFO] ------------------------------------------------------------------------
[INFO] 
[INFO] --- maven-enforcer-plugin:1.0:enforce (enforce-maven) @ dagger-parent ---
[INFO] 
[INFO] --- maven-checkstyle-plugin:2.10:checkstyle (default) @ dagger-parent ---
[INFO]                                                                         
[INFO] ------------------------------------------------------------------------
[INFO] Building Dagger 1.0-SNAPSHOT
[INFO] ------------------------------------------------------------------------
[INFO] 
[INFO] --- maven-enforcer-plugin:1.0:enforce (enforce-maven) @ dagger ---
[INFO] 
[INFO] --- maven-resources-plugin:2.3:resources (default-resources) @ dagger ---
[INFO] Using 'UTF-8' encoding to copy filtered resources.
[INFO] skip non existing resourceDirectory /home/travis/build/square/dagger/core/src/main/resources
[INFO] 
[INFO] --- maven-compiler-plugin:3.1:compile (default-compile) @ dagger ---
[INFO] Changes detected - recompiling the module!
[INFO] Compiling 24 source files to /home/travis/build/square/dagger/core/target/classes
[WARNING] bootstrap class path not set in conjunction with -source 1.6
[WARNING] /home/travis/build/square/dagger/core/src/main/java/dagger/internal/ProblemDetector.java:[33,10] found raw type: dagger.internal.Binding
  missing type arguments for generic class dagger.internal.Binding<T>
[WARNING] /home/travis/build/square/dagger/core/src/main/java/dagger/internal/ProblemDetector.java:[33,50] found raw type: dagger.internal.Binding
  missing type arguments for generic class dagger.internal.Binding<T>
[WARNING] /home/travis/build/square/dagger/core/src/main/java/dagger/internal/UniqueMap.java:[24,8] serializable class dagger.internal.UniqueMap has no definition of serialVersionUID
[WARNING] /home/travis/build/square/dagger/core/src/main/java/dagger/internal/plugins/reflect/ReflectiveModuleAdapter.java:[152,24] found raw type: dagger.internal.Binding
  missing type arguments for generic class dagger.internal.Binding<T>
[INFO] 
[INFO] --- maven-resources-plugin:2.3:testResources (default-testResources) @ dagger ---
[INFO] Using 'UTF-8' encoding to copy filtered resources.
[INFO] skip non existing resourceDirectory /home/travis/build/square/dagger/core/src/test/resources
[INFO] 
[INFO] --- maven-compiler-plugin:3.1:testCompile (default-testCompile) @ dagger ---
[INFO] Changes detected - recompiling the module!
[INFO] Compiling 14 source files to /home/travis/build/square/dagger/core/target/test-classes
[WARNING] bootstrap class path not set in conjunction with -source 1.6
[WARNING] /home/travis/build/square/dagger/core/src/test/java/dagger/ModuleTest.java:[218,17] found raw type: javax.inject.Provider
  missing type arguments for generic class javax.inject.Provider<T>
[WARNING] /home/travis/build/square/dagger/core/src/test/java/dagger/ModuleTest.java:[252,17] found raw type: dagger.Lazy
  missing type arguments for generic class dagger.Lazy<T>
[INFO] 
[INFO] --- maven-surefire-plugin:2.10:test (default-test) @ dagger ---
[INFO] Surefire report directory: /home/travis/build/square/dagger/core/target/surefire-reports
Downloading: http://maven.mirrors.travis-ci.org/nexus/content/repositories/central/org/apache/maven/surefire/surefire-junit4/2.10/surefire-junit4-2.10.pom
3/3 KB            Downloaded: http://maven.mirrors.travis-ci.org/nexus/content/repositories/central/org/apache/maven/surefire/surefire-junit4/2.10/surefire-junit4-2.10.pom (3 KB at 3.7 KB/sec)
Downloading: http://maven.mirrors.travis-ci.org/nexus/content/repositories/central/org/apache/maven/surefire/surefire-providers/2.10/surefire-providers-2.10.pom
3/3 KB            Downloaded: http://maven.mirrors.travis-ci.org/nexus/content/repositories/central/org/apache/maven/surefire/surefire-providers/2.10/surefire-providers-2.10.pom (3 KB at 6.8 KB/sec)
Downloading: http://maven.mirrors.travis-ci.org/nexus/content/repositories/central/org/apache/maven/surefire/surefire-junit4/2.10/surefire-junit4-2.10.jar
4/33 KB   8/33 KB   9/33 KB   13/33 KB   17/33 KB   20/33 KB   24/33 KB   28/33 KB   32/33 KB   33/33 KB              Downloaded: http://maven.mirrors.travis-ci.org/nexus/content/repositories/central/org/apache/maven/surefire/surefire-junit4/2.10/surefire-junit4-2.10.jar (33 KB at 60.6 KB/sec)

-------------------------------------------------------
 T E S T S
-------------------------------------------------------
Running dagger.LazyInjectionTest
Tests run: 5, Failures: 0, Errors: 0, Skipped: 0, Time elapsed: 0.169 sec
Running dagger.SetBindingTest
Tests run: 7, Failures: 0, Errors: 0, Skipped: 0, Time elapsed: 0.093 sec
Running dagger.ModuleTest
Tests run: 14, Failures: 0, Errors: 0, Skipped: 0, Time elapsed: 0.07 sec
Running dagger.MembersInjectorTest
Tests run: 8, Failures: 0, Errors: 0, Skipped: 0, Time elapsed: 0.043 sec
Running dagger.internal.SingletonBindingTest
Tests run: 7, Failures: 0, Errors: 0, Skipped: 0, Time elapsed: 0.01 sec
Running dagger.internal.KeysTest
Tests run: 18, Failures: 0, Errors: 0, Skipped: 0, Time elapsed: 0.029 sec
Running dagger.ExtensionTest
Tests run: 3, Failures: 0, Errors: 0, Skipped: 0, Time elapsed: 0.023 sec
Running dagger.InjectionTest
Tests run: 37, Failures: 0, Errors: 0, Skipped: 0, Time elapsed: 0.191 sec
Running dagger.InjectionOfLazyTest
Tests run: 4, Failures: 0, Errors: 0, Skipped: 0, Time elapsed: 0.011 sec
Running dagger.InjectStaticsTest
Tests run: 3, Failures: 0, Errors: 0, Skipped: 0, Time elapsed: 0.008 sec
Running dagger.ExtensionWithStateTest
Tests run: 1, Failures: 0, Errors: 0, Skipped: 0, Time elapsed: 0.004 sec
Running dagger.ProblemDetectorTest
Tests run: 3, Failures: 0, Errors: 0, Skipped: 0, Time elapsed: 0.013 sec
Running dagger.ThreadSafetyTest
Tests run: 2, Failures: 0, Errors: 0, Skipped: 0, Time elapsed: 0.082 sec
Running dagger.UnusedProviderTest
Tests run: 4, Failures: 0, Errors: 0, Skipped: 0, Time elapsed: 0.019 sec

Results :

Tests run: 116, Failures: 0, Errors: 0, Skipped: 0

[INFO] 
[INFO] --- maven-jar-plugin:2.2:jar (default-jar) @ dagger ---
[INFO] Building jar: /home/travis/build/square/dagger/core/target/dagger-1.0-SNAPSHOT.jar
[INFO] 
[INFO] --- maven-checkstyle-plugin:2.10:checkstyle (default) @ dagger ---
[INFO] Starting audit...
Audit done.

[WARNING] Unable to locate Source XRef to link to - DISABLED
[INFO]                                                                         
[INFO] ------------------------------------------------------------------------
[INFO] Building Dagger Compiler 1.0-SNAPSHOT
[INFO] ------------------------------------------------------------------------
[INFO] 
[INFO] --- maven-enforcer-plugin:1.0:enforce (enforce-maven) @ dagger-compiler ---
[INFO] 
[INFO] --- maven-resources-plugin:2.3:resources (default-resources) @ dagger-compiler ---
[INFO] Using 'UTF-8' encoding to copy filtered resources.
[INFO] Copying 1 resource
[INFO] 
[INFO] --- maven-compiler-plugin:3.1:compile (default-compile) @ dagger-compiler ---
[INFO] Changes detected - recompiling the module!
[INFO] Compiling 12 source files to /home/travis/build/square/dagger/compiler/target/classes
[WARNING] bootstrap class path not set in conjunction with -source 1.6
[INFO] 
[INFO] --- maven-resources-plugin:2.3:testResources (default-testResources) @ dagger-compiler ---
[INFO] Using 'UTF-8' encoding to copy filtered resources.
[INFO] skip non existing resourceDirectory /home/travis/build/square/dagger/compiler/src/test/resources
[INFO] 
[INFO] --- maven-compiler-plugin:3.1:testCompile (default-testCompile) @ dagger-compiler ---
[INFO] Changes detected - recompiling the module!
[INFO] Compiling 3 source files to /home/travis/build/square/dagger/compiler/target/test-classes
[WARNING] bootstrap class path not set in conjunction with -source 1.6
[INFO] 
[INFO] --- maven-surefire-plugin:2.10:test (default-test) @ dagger-compiler ---
[INFO] Surefire report directory: /home/travis/build/square/dagger/compiler/target/surefire-reports

-------------------------------------------------------
 T E S T S
-------------------------------------------------------
Running dagger.internal.codegen.DotWriterTest
Tests run: 4, Failures: 0, Errors: 0, Skipped: 0, Time elapsed: 0.112 sec
Running dagger.internal.codegen.GraphVisualizerTest
Tests run: 7, Failures: 0, Errors: 0, Skipped: 0, Time elapsed: 0.051 sec

Results :

Tests run: 11, Failures: 0, Errors: 0, Skipped: 0

[INFO] 
[INFO] --- maven-jar-plugin:2.2:jar (default-jar) @ dagger-compiler ---
[INFO] Building jar: /home/travis/build/square/dagger/compiler/target/dagger-compiler-1.0-SNAPSHOT.jar
[INFO] 
[INFO] --- maven-invoker-plugin:1.7:install (integration-test) @ dagger-compiler ---
[INFO] Installing /home/travis/build/square/dagger/core/pom.xml to /home/travis/build/square/dagger/compiler/target/local-repo/com/squareup/dagger/dagger/1.0-SNAPSHOT/dagger-1.0-SNAPSHOT.pom
[INFO] Installing /home/travis/build/square/dagger/core/target/dagger-1.0-SNAPSHOT.jar to /home/travis/build/square/dagger/compiler/target/local-repo/com/squareup/dagger/dagger/1.0-SNAPSHOT/dagger-1.0-SNAPSHOT.jar
[INFO] Installing /home/travis/build/square/dagger/pom.xml to /home/travis/build/square/dagger/compiler/target/local-repo/com/squareup/dagger/dagger-parent/1.0-SNAPSHOT/dagger-parent-1.0-SNAPSHOT.pom
[INFO] Installing /home/travis/build/square/dagger/compiler/pom.xml to /home/travis/build/square/dagger/compiler/target/local-repo/com/squareup/dagger/dagger-compiler/1.0-SNAPSHOT/dagger-compiler-1.0-SNAPSHOT.pom
[INFO] Installing /home/travis/build/square/dagger/compiler/target/dagger-compiler-1.0-SNAPSHOT.jar to /home/travis/build/square/dagger/compiler/target/local-repo/com/squareup/dagger/dagger-compiler/1.0-SNAPSHOT/dagger-compiler-1.0-SNAPSHOT.jar
[INFO] 
[INFO] --- maven-invoker-plugin:1.7:run (integration-test) @ dagger-compiler ---
[INFO] Building: extension-graph/pom.xml
[INFO] ..SUCCESS (87.8 s)
[INFO] Building: cyclic-deps/pom.xml
[INFO] run script verify.bsh
[INFO] ..SUCCESS (9.1 s)
[INFO] Building: private-inject/pom.xml
[INFO] run script verify.bsh
[INFO] ..SUCCESS (8.7 s)
[INFO] Building: unused-provider-methods-fail-compilation/pom.xml
[INFO] run script verify.bsh
[INFO] ..SUCCESS (9.1 s)
[INFO] Building: unused-provider-methods-pass-compilation-on-library-module/pom.xml
[INFO] ..SUCCESS (10.2 s)
[INFO] Building: multiple-provides-methods/pom.xml
[INFO] run script verify.bsh
[INFO] ..SUCCESS (10.3 s)
[INFO] Building: uninjectable-supertype/pom.xml
[INFO] ..SUCCESS (10.1 s)
[INFO] Building: cyclic-module-includes/pom.xml
[INFO] run script verify.bsh
[INFO] ..SUCCESS (8.7 s)
[INFO] Building: provides-method-with-throws-clause/pom.xml
[INFO] run script verify.bsh
[INFO] ..SUCCESS (9.0 s)
[INFO] Building: provide-provider-or-lazy/pom.xml
[INFO] run script verify.bsh
[INFO] ..SUCCESS (8.6 s)
[INFO] Building: missing-at-inject-constructor/pom.xml
[INFO] run script verify.bsh
[INFO] ..SUCCESS (8.8 s)
[INFO] Building: same-provides-method-name/pom.xml
[INFO] ..SUCCESS (10.2 s)
[INFO] Building: include-non-module/pom.xml
[INFO] ..SUCCESS (8.8 s)
[INFO] Building: simple-missing-dependency-failure/pom.xml
[INFO] run script verify.bsh
[INFO] ..SUCCESS (9.1 s)
[INFO] Building: inject-parameterized-type/pom.xml
[INFO] ..SUCCESS (10.1 s)
[INFO] Building: method-injection/pom.xml
[INFO] run script verify.bsh
[INFO] ..SUCCESS (9.7 s)
[INFO] Building: static-injected-binding-doesnt-fail-providers/pom.xml
[INFO] ..SUCCESS (10.2 s)
[INFO] Building: default-package-injected-type/pom.xml
[INFO] ..SUCCESS (10.2 s)
[INFO] Building: module-type-validation/pom.xml
[INFO] run script verify.bsh
[INFO] ..SUCCESS (9.0 s)
[INFO] Building: inner-classes-complaint-injection/pom.xml
[INFO] run script verify.bsh
[INFO] ..SUCCESS (8.5 s)
[INFO] -------------------------------------------------
[INFO] Build Summary:
[INFO]   Passed: 20, Failed: 0, Errors: 0, Skipped: 0
[INFO] -------------------------------------------------
[INFO] 
[INFO] --- maven-checkstyle-plugin:2.10:checkstyle (default) @ dagger-compiler ---
[INFO] Starting audit...
Audit done.

[WARNING] Unable to locate Source XRef to link to - DISABLED
[INFO]                                                                         
[INFO] ------------------------------------------------------------------------
[INFO] Building Examples 1.0-SNAPSHOT
[INFO] ------------------------------------------------------------------------
[INFO] 
[INFO] --- maven-enforcer-plugin:1.0:enforce (enforce-maven) @ dagger-example-parent ---
[INFO] 
[INFO] --- maven-checkstyle-plugin:2.10:checkstyle (default) @ dagger-example-parent ---
[INFO]                                                                         
[INFO] ------------------------------------------------------------------------
[INFO] Building Examples: Simple 1.0-SNAPSHOT
[INFO] ------------------------------------------------------------------------
[INFO] 
[INFO] --- maven-enforcer-plugin:1.0:enforce (enforce-maven) @ simple ---
[INFO] 
[INFO] --- maven-resources-plugin:2.3:resources (default-resources) @ simple ---
[INFO] Using 'UTF-8' encoding to copy filtered resources.
[INFO] skip non existing resourceDirectory /home/travis/build/square/dagger/examples/simple/src/main/resources
[INFO] 
[INFO] --- maven-compiler-plugin:3.1:compile (default-compile) @ simple ---
[INFO] Changes detected - recompiling the module!
[INFO] Compiling 8 source files to /home/travis/build/square/dagger/examples/simple/target/classes
[WARNING] bootstrap class path not set in conjunction with -source 1.6
[WARNING] No processor claimed any of these annotations: dagger.Provides,javax.inject.Singleton
[INFO] 
[INFO] --- maven-resources-plugin:2.3:testResources (default-testResources) @ simple ---
[INFO] Using 'UTF-8' encoding to copy filtered resources.
[INFO] skip non existing resourceDirectory /home/travis/build/square/dagger/examples/simple/src/test/resources
[INFO] 
[INFO] --- maven-compiler-plugin:3.1:testCompile (default-testCompile) @ simple ---
[INFO] No sources to compile
[INFO] 
[INFO] --- maven-surefire-plugin:2.10:test (default-test) @ simple ---
[INFO] No tests to run.
[INFO] Surefire report directory: /home/travis/build/square/dagger/examples/simple/target/surefire-reports
Downloading: http://maven.mirrors.travis-ci.org/nexus/content/repositories/central/org/apache/maven/surefire/surefire-junit3/2.10/surefire-junit3-2.10.pom
2/2 KB              Downloaded: http://maven.mirrors.travis-ci.org/nexus/content/repositories/central/org/apache/maven/surefire/surefire-junit3/2.10/surefire-junit3-2.10.pom (2 KB at 3.1 KB/sec)
Downloading: http://maven.mirrors.travis-ci.org/nexus/content/repositories/central/org/apache/maven/surefire/surefire-junit3/2.10/surefire-junit3-2.10.jar
4/26 KB   8/26 KB   9/26 KB   10/26 KB   14/26 KB   18/26 KB   22/26 KB   23/26 KB   24/26 KB   26/26 KB              Downloaded: http://maven.mirrors.travis-ci.org/nexus/content/repositories/central/org/apache/maven/surefire/surefire-junit3/2.10/surefire-junit3-2.10.jar (26 KB at 51.9 KB/sec)

-------------------------------------------------------
 T E S T S
-------------------------------------------------------

Results :

Tests run: 0, Failures: 0, Errors: 0, Skipped: 0

[INFO] 
[INFO] --- maven-jar-plugin:2.2:jar (default-jar) @ simple ---
[INFO] Building jar: /home/travis/build/square/dagger/examples/simple/target/simple-1.0-SNAPSHOT.jar
[INFO] 
[INFO] --- maven-checkstyle-plugin:2.10:checkstyle (default) @ simple ---
[INFO] Starting audit...
Audit done.

[WARNING] Unable to locate Source XRef to link to - DISABLED
[INFO] ------------------------------------------------------------------------
[INFO] Reactor Summary:
[INFO] 
[INFO] Dagger (Parent) ................................... SUCCESS [2.772s]
[INFO] Dagger ............................................ SUCCESS [10.580s]
[INFO] Dagger Compiler ................................... SUCCESS [4:30.280s]
[INFO] Examples .......................................... SUCCESS [0.009s]
[INFO] Examples: Simple .................................. SUCCESS [2.244s]
[INFO] ------------------------------------------------------------------------
[INFO] BUILD SUCCESS
[INFO] ------------------------------------------------------------------------
[INFO] Total time: 4:46.459s
[INFO] Finished at: Tue May 07 02:14:32 UTC 2013
[INFO] Final Memory: 24M/202M
[INFO] ------------------------------------------------------------------------

The command "mvn verify -P!android" exited with 0.

Done. Your build exited with 0.
