Using worker: worker-linux-5-1.bb.travis-ci.org:travis-linux-2

travis_fold:start:git.1$ git clone --depth=50 --branch=master git://github.com/square/dagger.git square/dagger
Cloning into 'square/dagger'...
remote: Counting objects: 1911, done.[K
remote: Compressing objects:   0% (1/1018)   [Kremote: Compressing objects:   1% (11/1018)   [Kremote: Compressing objects:   2% (21/1018)   [Kremote: Compressing objects:   3% (31/1018)   [Kremote: Compressing objects:   4% (41/1018)   [Kremote: Compressing objects:   5% (51/1018)   [Kremote: Compressing objects:   6% (62/1018)   [Kremote: Compressing objects:   7% (72/1018)   [Kremote: Compressing objects:   8% (82/1018)   [Kremote: Compressing objects:   9% (92/1018)   [Kremote: Compressing objects:  10% (102/1018)   [Kremote: Compressing objects:  11% (112/1018)   [Kremote: Compressing objects:  12% (123/1018)   [Kremote: Compressing objects:  13% (133/1018)   [Kremote: Compressing objects:  14% (143/1018)   [Kremote: Compressing objects:  15% (153/1018)   [Kremote: Compressing objects:  16% (163/1018)   [Kremote: Compressing objects:  17% (174/1018)   [Kremote: Compressing objects:  18% (184/1018)   [Kremote: Compressing objects:  19% (194/1018)   [Kremote: Compressing objects:  20% (204/1018)   [Kremote: Compressing objects:  21% (214/1018)   [Kremote: Compressing objects:  22% (224/1018)   [Kremote: Compressing objects:  23% (235/1018)   [Kremote: Compressing objects:  24% (245/1018)   [Kremote: Compressing objects:  25% (255/1018)   [Kremote: Compressing objects:  26% (265/1018)   [Kremote: Compressing objects:  27% (275/1018)   [Kremote: Compressing objects:  28% (286/1018)   [Kremote: Compressing objects:  29% (296/1018)   [Kremote: Compressing objects:  30% (306/1018)   [Kremote: Compressing objects:  31% (316/1018)   [Kremote: Compressing objects:  32% (326/1018)   [Kremote: Compressing objects:  33% (336/1018)   [Kremote: Compressing objects:  34% (347/1018)   [Kremote: Compressing objects:  35% (357/1018)   [Kremote: Compressing objects:  36% (367/1018)   [Kremote: Compressing objects:  37% (377/1018)   [Kremote: Compressing objects:  38% (387/1018)   [Kremote: Compressing objects:  39% (398/1018)   [Kremote: Compressing objects:  40% (408/1018)   [Kremote: Compressing objects:  41% (418/1018)   [Kremote: Compressing objects:  42% (428/1018)   [Kremote: Compressing objects:  43% (438/1018)   [Kremote: Compressing objects:  44% (448/1018)   [Kremote: Compressing objects:  45% (459/1018)   [Kremote: Compressing objects:  46% (469/1018)   [Kremote: Compressing objects:  47% (479/1018)   [Kremote: Compressing objects:  48% (489/1018)   [Kremote: Compressing objects:  49% (499/1018)   [Kremote: Compressing objects:  50% (509/1018)   [Kremote: Compressing objects:  51% (520/1018)   [Kremote: Compressing objects:  52% (530/1018)   [Kremote: Compressing objects:  53% (540/1018)   [Kremote: Compressing objects:  54% (550/1018)   [Kremote: Compressing objects:  55% (560/1018)   [Kremote: Compressing objects:  56% (571/1018)   [Kremote: Compressing objects:  57% (581/1018)   [Kremote: Compressing objects:  58% (591/1018)   [Kremote: Compressing objects:  59% (601/1018)   [Kremote: Compressing objects:  60% (611/1018)   [Kremote: Compressing objects:  61% (621/1018)   [Kremote: Compressing objects:  62% (632/1018)   [Kremote: Compressing objects:  63% (642/1018)   [Kremote: Compressing objects:  64% (652/1018)   [Kremote: Compressing objects:  65% (662/1018)   [Kremote: Compressing objects:  66% (672/1018)   [Kremote: Compressing objects:  67% (683/1018)   [Kremote: Compressing objects:  68% (693/1018)   [Kremote: Compressing objects:  69% (703/1018)   [Kremote: Compressing objects:  70% (713/1018)   [Kremote: Compressing objects:  71% (723/1018)   [Kremote: Compressing objects:  72% (733/1018)   [Kremote: Compressing objects:  73% (744/1018)   [Kremote: Compressing objects:  74% (754/1018)   [Kremote: Compressing objects:  75% (764/1018)   [Kremote: Compressing objects:  76% (774/1018)   [Kremote: Compressing objects:  77% (784/1018)   [Kremote: Compressing objects:  78% (795/1018)   [Kremote: Compressing objects:  79% (805/1018)   [Kremote: Compressing objects:  80% (815/1018)   [Kremote: Compressing objects:  81% (825/1018)   [Kremote: Compressing objects:  82% (835/1018)   [Kremote: Compressing objects:  83% (845/1018)   [Kremote: Compressing objects:  84% (856/1018)   [Kremote: Compressing objects:  85% (866/1018)   [Kremote: Compressing objects:  86% (876/1018)   [Kremote: Compressing objects:  87% (886/1018)   [Kremote: Compressing objects:  88% (896/1018)   [Kremote: Compressing objects:  89% (907/1018)   [Kremote: Compressing objects:  90% (917/1018)   [Kremote: Compressing objects:  91% (927/1018)   [Kremote: Compressing objects:  92% (937/1018)   [Kremote: Compressing objects:  93% (947/1018)   [Kremote: Compressing objects:  94% (957/1018)   [Kremote: Compressing objects:  95% (968/1018)   [Kremote: Compressing objects:  96% (978/1018)   [Kremote: Compressing objects:  97% (988/1018)   [Kremote: Compressing objects:  98% (998/1018)   [Kremote: Compressing objects:  99% (1008/1018)   [Kremote: Compressing objects: 100% (1018/1018)   [Kremote: Compressing objects: 100% (1018/1018), done.[K
Receiving objects:   0% (1/1911)   Receiving objects:   1% (20/1911)   Receiving objects:   2% (39/1911)   Receiving objects:   3% (58/1911)   Receiving objects:   4% (77/1911)   Receiving objects:   5% (96/1911)   Receiving objects:   6% (115/1911)   Receiving objects:   7% (134/1911)   Receiving objects:   8% (153/1911)   Receiving objects:   9% (172/1911)   Receiving objects:  10% (192/1911)   Receiving objects:  11% (211/1911)   Receiving objects:  12% (230/1911)   Receiving objects:  13% (249/1911)   Receiving objects:  14% (268/1911)   Receiving objects:  15% (287/1911)   Receiving objects:  16% (306/1911)   Receiving objects:  17% (325/1911)   Receiving objects:  18% (344/1911)   Receiving objects:  19% (364/1911)   Receiving objects:  20% (383/1911)   Receiving objects:  21% (402/1911)   Receiving objects:  22% (421/1911)   Receiving objects:  23% (440/1911)   Receiving objects:  24% (459/1911)   Receiving objects:  25% (478/1911)   Receiving objects:  26% (497/1911)   Receiving objects:  27% (516/1911)   Receiving objects:  28% (536/1911)   Receiving objects:  29% (555/1911)   Receiving objects:  30% (574/1911)   Receiving objects:  31% (593/1911)   Receiving objects:  32% (612/1911)   Receiving objects:  33% (631/1911)   Receiving objects:  34% (650/1911)   Receiving objects:  35% (669/1911)   Receiving objects:  36% (688/1911)   Receiving objects:  37% (708/1911)   Receiving objects:  38% (727/1911)   Receiving objects:  39% (746/1911)   Receiving objects:  40% (765/1911)   Receiving objects:  41% (784/1911)   Receiving objects:  42% (803/1911)   Receiving objects:  43% (822/1911)   Receiving objects:  44% (841/1911)   Receiving objects:  45% (860/1911)   Receiving objects:  46% (880/1911)   Receiving objects:  47% (899/1911)   Receiving objects:  48% (918/1911)   Receiving objects:  49% (937/1911)   Receiving objects:  50% (956/1911)   Receiving objects:  51% (975/1911)   Receiving objects:  52% (994/1911)   Receiving objects:  53% (1013/1911)   Receiving objects:  54% (1032/1911)   Receiving objects:  55% (1052/1911)   Receiving objects:  56% (1071/1911)   Receiving objects:  57% (1090/1911)   Receiving objects:  58% (1109/1911)   Receiving objects:  59% (1128/1911)   Receiving objects:  60% (1147/1911)   Receiving objects:  61% (1166/1911)   Receiving objects:  62% (1185/1911)   Receiving objects:  63% (1204/1911)   Receiving objects:  64% (1224/1911)   Receiving objects:  65% (1243/1911)   Receiving objects:  66% (1262/1911)   Receiving objects:  67% (1281/1911)   Receiving objects:  68% (1300/1911)   Receiving objects:  69% (1319/1911)   Receiving objects:  70% (1338/1911)   Receiving objects:  71% (1357/1911)   Receiving objects:  72% (1376/1911)   Receiving objects:  73% (1396/1911)   Receiving objects:  74% (1415/1911)   Receiving objects:  75% (1434/1911)   Receiving objects:  76% (1453/1911)   Receiving objects:  77% (1472/1911)   Receiving objects:  78% (1491/1911)   Receiving objects:  79% (1510/1911)   Receiving objects:  80% (1529/1911)   Receiving objects:  81% (1548/1911)   Receiving objects:  82% (1568/1911)   Receiving objects:  83% (1587/1911)   Receiving objects:  84% (1606/1911)   Receiving objects:  85% (1625/1911)   Receiving objects:  86% (1644/1911)   Receiving objects:  87% (1663/1911)   Receiving objects:  88% (1682/1911)   Receiving objects:  89% (1701/1911)   Receiving objects:  90% (1720/1911)   Receiving objects:  91% (1740/1911)   Receiving objects:  92% (1759/1911)   Receiving objects:  93% (1778/1911)   Receiving objects:  94% (1797/1911)   Receiving objects:  95% (1816/1911)   remote: Total 1911 (delta 657), reused 1624 (delta 424)[K
Receiving objects:  96% (1835/1911)   Receiving objects:  97% (1854/1911)   Receiving objects:  98% (1873/1911)   Receiving objects:  99% (1892/1911)   Receiving objects: 100% (1911/1911)   Receiving objects: 100% (1911/1911), 529.94 KiB, done.
Resolving deltas:   0% (0/657)   Resolving deltas:   1% (11/657)   Resolving deltas:   4% (29/657)   Resolving deltas:   5% (34/657)   Resolving deltas:   6% (40/657)   Resolving deltas:  15% (102/657)   Resolving deltas:  16% (106/657)   Resolving deltas:  18% (122/657)   Resolving deltas:  19% (125/657)   Resolving deltas:  20% (134/657)   Resolving deltas:  22% (150/657)   Resolving deltas:  23% (155/657)   Resolving deltas:  24% (158/657)   Resolving deltas:  26% (176/657)   Resolving deltas:  28% (185/657)   Resolving deltas:  29% (197/657)   Resolving deltas:  34% (228/657)   Resolving deltas:  35% (235/657)   Resolving deltas:  36% (237/657)   Resolving deltas:  38% (253/657)   Resolving deltas:  43% (289/657)   Resolving deltas:  44% (293/657)   Resolving deltas:  48% (318/657)   Resolving deltas:  49% (328/657)   Resolving deltas:  50% (329/657)   Resolving deltas:  51% (336/657)   Resolving deltas:  52% (343/657)   Resolving deltas:  53% (354/657)   Resolving deltas:  54% (358/657)   Resolving deltas:  55% (364/657)   Resolving deltas:  56% (368/657)   Resolving deltas:  57% (379/657)   Resolving deltas:  58% (382/657)   Resolving deltas:  59% (388/657)   Resolving deltas:  60% (395/657)   Resolving deltas:  61% (402/657)   Resolving deltas:  62% (408/657)   Resolving deltas:  64% (423/657)   Resolving deltas:  65% (431/657)   Resolving deltas:  66% (439/657)   Resolving deltas:  67% (441/657)   Resolving deltas:  68% (450/657)   Resolving deltas:  69% (457/657)   Resolving deltas:  70% (461/657)   Resolving deltas:  71% (467/657)   Resolving deltas:  72% (475/657)   Resolving deltas:  73% (481/657)   Resolving deltas:  74% (490/657)   Resolving deltas:  78% (513/657)   Resolving deltas:  85% (561/657)   Resolving deltas:  86% (567/657)   Resolving deltas:  87% (572/657)   Resolving deltas:  88% (581/657)   Resolving deltas:  89% (585/657)   Resolving deltas:  91% (598/657)   Resolving deltas:  92% (606/657)   Resolving deltas:  93% (612/657)   Resolving deltas:  94% (622/657)   Resolving deltas:  95% (627/657)   Resolving deltas:  96% (632/657)   Resolving deltas:  97% (638/657)   Resolving deltas:  98% (644/657)   Resolving deltas:  99% (651/657)   Resolving deltas: 100% (657/657)   Resolving deltas: 100% (657/657), done.
travis_fold:end:git.1$ cd square/dagger
travis_fold:start:git.2$ git checkout -qf e8d9f1da49e3654e2597e0b3e0541f1d04bf290b
travis_fold:end:git.2$ java -version
java version "1.7.0_15"
OpenJDK Runtime Environment (IcedTea7 2.3.7) (7u15-2.3.7-0ubuntu1~12.04.1)
OpenJDK 64-Bit Server VM (build 23.7-b01, mixed mode)
$ javac -version
javac 1.7.0_15
travis_fold:start:install$ mvn install clean -P!android --fail-never --quiet -DskipTests=true -Dinvoker.skip=true
travis_fold:end:install$ mvn verify -P!android
[INFO] Scanning for projects...
[INFO] ------------------------------------------------------------------------
[INFO] Reactor Build Order:
[INFO] 
[INFO] Dagger (Parent)
[INFO] Dagger
[INFO] Dagger Compiler
[INFO] Examples
[INFO] Examples: Simple
[INFO]                                                                         
[INFO] ------------------------------------------------------------------------
[INFO] Building Dagger (Parent) 1.0.1-SNAPSHOT
[INFO] ------------------------------------------------------------------------
[INFO] 
[INFO] --- maven-enforcer-plugin:1.0:enforce (enforce-maven) @ dagger-parent ---
[INFO] 
[INFO] --- maven-checkstyle-plugin:2.10:checkstyle (default) @ dagger-parent ---
[INFO]                                                                         
[INFO] ------------------------------------------------------------------------
[INFO] Building Dagger 1.0.1-SNAPSHOT
[INFO] ------------------------------------------------------------------------
[INFO] 
[INFO] --- maven-enforcer-plugin:1.0:enforce (enforce-maven) @ dagger ---
[INFO] 
[INFO] --- maven-resources-plugin:2.3:resources (default-resources) @ dagger ---
[INFO] Using 'UTF-8' encoding to copy filtered resources.
[INFO] skip non existing resourceDirectory /home/travis/build/square/dagger/core/src/main/resources
[INFO] 
[INFO] --- maven-compiler-plugin:3.1:compile (default-compile) @ dagger ---
[INFO] Changes detected - recompiling the module!
[INFO] Compiling 24 source files to /home/travis/build/square/dagger/core/target/classes
[WARNING] bootstrap class path not set in conjunction with -source 1.6
[WARNING] /home/travis/build/square/dagger/core/src/main/java/dagger/internal/ProblemDetector.java:[33,10] found raw type: dagger.internal.Binding
  missing type arguments for generic class dagger.internal.Binding<T>
[WARNING] /home/travis/build/square/dagger/core/src/main/java/dagger/internal/ProblemDetector.java:[33,50] found raw type: dagger.internal.Binding
  missing type arguments for generic class dagger.internal.Binding<T>
[WARNING] /home/travis/build/square/dagger/core/src/main/java/dagger/internal/UniqueMap.java:[24,8] serializable class dagger.internal.UniqueMap has no definition of serialVersionUID
[WARNING] /home/travis/build/square/dagger/core/src/main/java/dagger/internal/plugins/reflect/ReflectiveModuleAdapter.java:[152,24] found raw type: dagger.internal.Binding
  missing type arguments for generic class dagger.internal.Binding<T>
[INFO] 
[INFO] --- maven-resources-plugin:2.3:testResources (default-testResources) @ dagger ---
[INFO] Using 'UTF-8' encoding to copy filtered resources.
[INFO] skip non existing resourceDirectory /home/travis/build/square/dagger/core/src/test/resources
[INFO] 
[INFO] --- maven-compiler-plugin:3.1:testCompile (default-testCompile) @ dagger ---
[INFO] Changes detected - recompiling the module!
[INFO] Compiling 14 source files to /home/travis/build/square/dagger/core/target/test-classes
[WARNING] bootstrap class path not set in conjunction with -source 1.6
[WARNING] /home/travis/build/square/dagger/core/src/test/java/dagger/ModuleTest.java:[218,17] found raw type: javax.inject.Provider
  missing type arguments for generic class javax.inject.Provider<T>
[WARNING] /home/travis/build/square/dagger/core/src/test/java/dagger/ModuleTest.java:[252,17] found raw type: dagger.Lazy
  missing type arguments for generic class dagger.Lazy<T>
[INFO] 
[INFO] --- maven-surefire-plugin:2.10:test (default-test) @ dagger ---
[INFO] Surefire report directory: /home/travis/build/square/dagger/core/target/surefire-reports
Downloading: http://maven.mirrors.travis-ci.org/nexus/content/repositories/central/org/apache/maven/surefire/surefire-junit4/2.10/surefire-junit4-2.10.pom
3/3 KB            Downloaded: http://maven.mirrors.travis-ci.org/nexus/content/repositories/central/org/apache/maven/surefire/surefire-junit4/2.10/surefire-junit4-2.10.pom (3 KB at 4.1 KB/sec)
Downloading: http://maven.mirrors.travis-ci.org/nexus/content/repositories/central/org/apache/maven/surefire/surefire-providers/2.10/surefire-providers-2.10.pom
3/3 KB            Downloaded: http://maven.mirrors.travis-ci.org/nexus/content/repositories/central/org/apache/maven/surefire/surefire-providers/2.10/surefire-providers-2.10.pom (3 KB at 7.0 KB/sec)
Downloading: http://maven.mirrors.travis-ci.org/nexus/content/repositories/central/org/apache/maven/surefire/surefire-junit4/2.10/surefire-junit4-2.10.jar
4/33 KB   8/33 KB   9/33 KB   13/33 KB   17/33 KB   21/33 KB   23/33 KB   27/33 KB   31/33 KB   33/33 KB              Downloaded: http://maven.mirrors.travis-ci.org/nexus/content/repositories/central/org/apache/maven/surefire/surefire-junit4/2.10/surefire-junit4-2.10.jar (33 KB at 63.5 KB/sec)

-------------------------------------------------------
 T E S T S
-------------------------------------------------------
Running dagger.ExtensionWithStateTest
Tests run: 1, Failures: 0, Errors: 0, Skipped: 0, Time elapsed: 0.14 sec
Running dagger.MembersInjectorTest
Tests run: 8, Failures: 0, Errors: 0, Skipped: 0, Time elapsed: 0.053 sec
Running dagger.ProblemDetectorTest
Tests run: 3, Failures: 0, Errors: 0, Skipped: 0, Time elapsed: 0.019 sec
Running dagger.InjectionTest
Tests run: 37, Failures: 0, Errors: 0, Skipped: 0, Time elapsed: 0.24 sec
Running dagger.UnusedProviderTest
Tests run: 4, Failures: 0, Errors: 0, Skipped: 0, Time elapsed: 0.013 sec
Running dagger.SetBindingTest
Tests run: 7, Failures: 0, Errors: 0, Skipped: 0, Time elapsed: 0.05 sec
Running dagger.ExtensionTest
Tests run: 3, Failures: 0, Errors: 0, Skipped: 0, Time elapsed: 0.021 sec
Running dagger.InjectionOfLazyTest
Tests run: 4, Failures: 0, Errors: 0, Skipped: 0, Time elapsed: 0.016 sec
Running dagger.LazyInjectionTest
Tests run: 5, Failures: 0, Errors: 0, Skipped: 0, Time elapsed: 0.015 sec
Running dagger.internal.SingletonBindingTest
Tests run: 7, Failures: 0, Errors: 0, Skipped: 0, Time elapsed: 0.012 sec
Running dagger.internal.KeysTest
Tests run: 18, Failures: 0, Errors: 0, Skipped: 0, Time elapsed: 0.033 sec
Running dagger.ThreadSafetyTest
Tests run: 2, Failures: 0, Errors: 0, Skipped: 0, Time elapsed: 0.06 sec
Running dagger.InjectStaticsTest
Tests run: 3, Failures: 0, Errors: 0, Skipped: 0, Time elapsed: 0.011 sec
Running dagger.ModuleTest
Tests run: 14, Failures: 0, Errors: 0, Skipped: 0, Time elapsed: 0.049 sec

Results :

Tests run: 116, Failures: 0, Errors: 0, Skipped: 0

[INFO] 
[INFO] --- maven-jar-plugin:2.2:jar (default-jar) @ dagger ---
[INFO] Building jar: /home/travis/build/square/dagger/core/target/dagger-1.0.1-SNAPSHOT.jar
[INFO] 
[INFO] --- maven-checkstyle-plugin:2.10:checkstyle (default) @ dagger ---
[INFO] Starting audit...
Audit done.

[WARNING] Unable to locate Source XRef to link to - DISABLED
[INFO]                                                                         
[INFO] ------------------------------------------------------------------------
[INFO] Building Dagger Compiler 1.0.1-SNAPSHOT
[INFO] ------------------------------------------------------------------------
[INFO] 
[INFO] --- maven-enforcer-plugin:1.0:enforce (enforce-maven) @ dagger-compiler ---
[INFO] 
[INFO] --- maven-resources-plugin:2.3:resources (default-resources) @ dagger-compiler ---
[INFO] Using 'UTF-8' encoding to copy filtered resources.
[INFO] Copying 1 resource
[INFO] 
[INFO] --- maven-compiler-plugin:3.1:compile (default-compile) @ dagger-compiler ---
[INFO] Changes detected - recompiling the module!
[INFO] Compiling 12 source files to /home/travis/build/square/dagger/compiler/target/classes
[WARNING] bootstrap class path not set in conjunction with -source 1.6
[INFO] 
[INFO] --- maven-resources-plugin:2.3:testResources (default-testResources) @ dagger-compiler ---
[INFO] Using 'UTF-8' encoding to copy filtered resources.
[INFO] skip non existing resourceDirectory /home/travis/build/square/dagger/compiler/src/test/resources
[INFO] 
[INFO] --- maven-compiler-plugin:3.1:testCompile (default-testCompile) @ dagger-compiler ---
[INFO] Changes detected - recompiling the module!
[INFO] Compiling 3 source files to /home/travis/build/square/dagger/compiler/target/test-classes
[WARNING] bootstrap class path not set in conjunction with -source 1.6
[INFO] 
[INFO] --- maven-surefire-plugin:2.10:test (default-test) @ dagger-compiler ---
[INFO] Surefire report directory: /home/travis/build/square/dagger/compiler/target/surefire-reports

-------------------------------------------------------
 T E S T S
-------------------------------------------------------
Running dagger.internal.codegen.DotWriterTest
Tests run: 4, Failures: 0, Errors: 0, Skipped: 0, Time elapsed: 0.096 sec
Running dagger.internal.codegen.GraphVisualizerTest
Tests run: 7, Failures: 0, Errors: 0, Skipped: 0, Time elapsed: 0.046 sec

Results :

Tests run: 11, Failures: 0, Errors: 0, Skipped: 0

[INFO] 
[INFO] --- maven-jar-plugin:2.2:jar (default-jar) @ dagger-compiler ---
[INFO] Building jar: /home/travis/build/square/dagger/compiler/target/dagger-compiler-1.0.1-SNAPSHOT.jar
[INFO] 
[INFO] --- maven-invoker-plugin:1.7:install (integration-test) @ dagger-compiler ---
[INFO] Installing /home/travis/build/square/dagger/core/pom.xml to /home/travis/build/square/dagger/compiler/target/local-repo/com/squareup/dagger/dagger/1.0.1-SNAPSHOT/dagger-1.0.1-SNAPSHOT.pom
[INFO] Installing /home/travis/build/square/dagger/core/target/dagger-1.0.1-SNAPSHOT.jar to /home/travis/build/square/dagger/compiler/target/local-repo/com/squareup/dagger/dagger/1.0.1-SNAPSHOT/dagger-1.0.1-SNAPSHOT.jar
[INFO] Installing /home/travis/build/square/dagger/pom.xml to /home/travis/build/square/dagger/compiler/target/local-repo/com/squareup/dagger/dagger-parent/1.0.1-SNAPSHOT/dagger-parent-1.0.1-SNAPSHOT.pom
[INFO] Installing /home/travis/build/square/dagger/compiler/pom.xml to /home/travis/build/square/dagger/compiler/target/local-repo/com/squareup/dagger/dagger-compiler/1.0.1-SNAPSHOT/dagger-compiler-1.0.1-SNAPSHOT.pom
[INFO] Installing /home/travis/build/square/dagger/compiler/target/dagger-compiler-1.0.1-SNAPSHOT.jar to /home/travis/build/square/dagger/compiler/target/local-repo/com/squareup/dagger/dagger-compiler/1.0.1-SNAPSHOT/dagger-compiler-1.0.1-SNAPSHOT.jar
[INFO] 
[INFO] --- maven-invoker-plugin:1.7:run (integration-test) @ dagger-compiler ---
[INFO] Building: default-package-injected-type/pom.xml
[INFO] ..SUCCESS (81.0 s)
[INFO] Building: simple-missing-dependency-failure/pom.xml
[INFO] run script verify.bsh
[INFO] ..SUCCESS (8.4 s)
[INFO] Building: static-injected-binding-doesnt-fail-providers/pom.xml
[INFO] ..SUCCESS (9.6 s)
[INFO] Building: uninjectable-supertype/pom.xml
[INFO] ..SUCCESS (9.2 s)
[INFO] Building: multiple-provides-methods/pom.xml
[INFO] run script verify.bsh
[INFO] ..SUCCESS (9.3 s)
[INFO] Building: method-injection/pom.xml
[INFO] run script verify.bsh
[INFO] ..SUCCESS (8.0 s)
[INFO] Building: unused-provider-methods-pass-compilation-on-library-module/pom.xml
[INFO] ..SUCCESS (9.1 s)
[INFO] Building: provides-method-with-throws-clause/pom.xml
[INFO] run script verify.bsh
[INFO] ..SUCCESS (7.9 s)
[INFO] Building: unused-provider-methods-fail-compilation/pom.xml
[INFO] run script verify.bsh
[INFO] ..SUCCESS (8.1 s)
[INFO] Building: same-provides-method-name/pom.xml
[INFO] ..SUCCESS (9.7 s)
[INFO] Building: inner-classes-complaint-injection/pom.xml
[INFO] run script verify.bsh
[INFO] ..SUCCESS (7.8 s)
[INFO] Building: cyclic-module-includes/pom.xml
[INFO] run script verify.bsh
[INFO] ..SUCCESS (7.7 s)
[INFO] Building: extension-graph/pom.xml
[INFO] ..SUCCESS (9.1 s)
[INFO] Building: include-non-module/pom.xml
[INFO] ..SUCCESS (7.8 s)
[INFO] Building: missing-at-inject-constructor/pom.xml
[INFO] run script verify.bsh
[INFO] ..SUCCESS (8.1 s)
[INFO] Building: provide-provider-or-lazy/pom.xml
[INFO] run script verify.bsh
[INFO] ..SUCCESS (8.0 s)
[INFO] Building: inject-parameterized-type/pom.xml
[INFO] ..SUCCESS (9.6 s)
[INFO] Building: private-inject/pom.xml
[INFO] run script verify.bsh
[INFO] ..SUCCESS (7.8 s)
[INFO] Building: cyclic-deps/pom.xml
[INFO] run script verify.bsh
[INFO] ..SUCCESS (8.4 s)
[INFO] Building: module-type-validation/pom.xml
[INFO] run script verify.bsh
[INFO] ..SUCCESS (8.5 s)
[INFO] -------------------------------------------------
[INFO] Build Summary:
[INFO]   Passed: 20, Failed: 0, Errors: 0, Skipped: 0
[INFO] -------------------------------------------------
[INFO] 
[INFO] --- maven-checkstyle-plugin:2.10:checkstyle (default) @ dagger-compiler ---
[INFO] Starting audit...
Audit done.

[WARNING] Unable to locate Source XRef to link to - DISABLED
[INFO]                                                                         
[INFO] ------------------------------------------------------------------------
[INFO] Building Examples 1.0.1-SNAPSHOT
[INFO] ------------------------------------------------------------------------
[INFO] 
[INFO] --- maven-enforcer-plugin:1.0:enforce (enforce-maven) @ dagger-example-parent ---
[INFO] 
[INFO] --- maven-checkstyle-plugin:2.10:checkstyle (default) @ dagger-example-parent ---
[INFO]                                                                         
[INFO] ------------------------------------------------------------------------
[INFO] Building Examples: Simple 1.0.1-SNAPSHOT
[INFO] ------------------------------------------------------------------------
[INFO] 
[INFO] --- maven-enforcer-plugin:1.0:enforce (enforce-maven) @ simple ---
[INFO] 
[INFO] --- maven-resources-plugin:2.3:resources (default-resources) @ simple ---
[INFO] Using 'UTF-8' encoding to copy filtered resources.
[INFO] skip non existing resourceDirectory /home/travis/build/square/dagger/examples/simple/src/main/resources
[INFO] 
[INFO] --- maven-compiler-plugin:3.1:compile (default-compile) @ simple ---
[INFO] Changes detected - recompiling the module!
[INFO] Compiling 8 source files to /home/travis/build/square/dagger/examples/simple/target/classes
[WARNING] bootstrap class path not set in conjunction with -source 1.6
[WARNING] No processor claimed any of these annotations: dagger.Provides,javax.inject.Singleton
[INFO] 
[INFO] --- maven-resources-plugin:2.3:testResources (default-testResources) @ simple ---
[INFO] Using 'UTF-8' encoding to copy filtered resources.
[INFO] skip non existing resourceDirectory /home/travis/build/square/dagger/examples/simple/src/test/resources
[INFO] 
[INFO] --- maven-compiler-plugin:3.1:testCompile (default-testCompile) @ simple ---
[INFO] No sources to compile
[INFO] 
[INFO] --- maven-surefire-plugin:2.10:test (default-test) @ simple ---
[INFO] No tests to run.
[INFO] Surefire report directory: /home/travis/build/square/dagger/examples/simple/target/surefire-reports
Downloading: http://maven.mirrors.travis-ci.org/nexus/content/repositories/central/org/apache/maven/surefire/surefire-junit3/2.10/surefire-junit3-2.10.pom
2/2 KB              Downloaded: http://maven.mirrors.travis-ci.org/nexus/content/repositories/central/org/apache/maven/surefire/surefire-junit3/2.10/surefire-junit3-2.10.pom (2 KB at 2.9 KB/sec)
Downloading: http://maven.mirrors.travis-ci.org/nexus/content/repositories/central/org/apache/maven/surefire/surefire-junit3/2.10/surefire-junit3-2.10.jar
4/26 KB   8/26 KB   9/26 KB   13/26 KB   17/26 KB   21/26 KB   23/26 KB   26/26 KB              Downloaded: http://maven.mirrors.travis-ci.org/nexus/content/repositories/central/org/apache/maven/surefire/surefire-junit3/2.10/surefire-junit3-2.10.jar (26 KB at 48.7 KB/sec)

-------------------------------------------------------
 T E S T S
-------------------------------------------------------

Results :

Tests run: 0, Failures: 0, Errors: 0, Skipped: 0

[INFO] 
[INFO] --- maven-jar-plugin:2.2:jar (default-jar) @ simple ---
[INFO] Building jar: /home/travis/build/square/dagger/examples/simple/target/simple-1.0.1-SNAPSHOT.jar
[INFO] 
[INFO] --- maven-checkstyle-plugin:2.10:checkstyle (default) @ simple ---
[INFO] Starting audit...
Audit done.

[WARNING] Unable to locate Source XRef to link to - DISABLED
[INFO] ------------------------------------------------------------------------
[INFO] Reactor Summary:
[INFO] 
[INFO] Dagger (Parent) ................................... SUCCESS [2.406s]
[INFO] Dagger ............................................ SUCCESS [9.546s]
[INFO] Dagger Compiler ................................... SUCCESS [4:06.795s]
[INFO] Examples .......................................... SUCCESS [0.010s]
[INFO] Examples: Simple .................................. SUCCESS [2.226s]
[INFO] ------------------------------------------------------------------------
[INFO] BUILD SUCCESS
[INFO] ------------------------------------------------------------------------
[INFO] Total time: 4:21.476s
[INFO] Finished at: Tue May 07 15:56:24 UTC 2013
[INFO] Final Memory: 23M/145M
[INFO] ------------------------------------------------------------------------

The command "mvn verify -P!android" exited with 0.

Done. Your build exited with 0.
