Using worker: worker-linux-3-2.bb.travis-ci.org:travis-linux-14

travis_fold:start:git.1$ git clone --depth=50 --branch=jw/javadoc-hiding-fix git://github.com/square/dagger.git square/dagger
Cloning into 'square/dagger'...
remote: Counting objects: 4277, done.[K
remote: Compressing objects:   0% (1/2125)   [Kremote: Compressing objects:   1% (22/2125)   [Kremote: Compressing objects:   2% (43/2125)   [Kremote: Compressing objects:   3% (64/2125)   [Kremote: Compressing objects:   4% (85/2125)   [Kremote: Compressing objects:   5% (107/2125)   [Kremote: Compressing objects:   6% (128/2125)   [Kremote: Compressing objects:   7% (149/2125)   [Kremote: Compressing objects:   8% (170/2125)   [Kremote: Compressing objects:   9% (192/2125)   [Kremote: Compressing objects:  10% (213/2125)   [Kremote: Compressing objects:  11% (234/2125)   [Kremote: Compressing objects:  12% (255/2125)   [Kremote: Compressing objects:  13% (277/2125)   [Kremote: Compressing objects:  14% (298/2125)   [Kremote: Compressing objects:  15% (319/2125)   [Kremote: Compressing objects:  16% (340/2125)   [Kremote: Compressing objects:  17% (362/2125)   [Kremote: Compressing objects:  18% (383/2125)   [Kremote: Compressing objects:  19% (404/2125)   [Kremote: Compressing objects:  20% (425/2125)   [Kremote: Compressing objects:  21% (447/2125)   [Kremote: Compressing objects:  22% (468/2125)   [Kremote: Compressing objects:  23% (489/2125)   [Kremote: Compressing objects:  24% (510/2125)   [Kremote: Compressing objects:  25% (532/2125)   [Kremote: Compressing objects:  26% (553/2125)   [Kremote: Compressing objects:  27% (574/2125)   [Kremote: Compressing objects:  28% (595/2125)   [Kremote: Compressing objects:  29% (617/2125)   [Kremote: Compressing objects:  30% (638/2125)   [Kremote: Compressing objects:  31% (659/2125)   [Kremote: Compressing objects:  32% (680/2125)   [Kremote: Compressing objects:  33% (702/2125)   [Kremote: Compressing objects:  34% (723/2125)   [Kremote: Compressing objects:  35% (744/2125)   [Kremote: Compressing objects:  36% (765/2125)   [Kremote: Compressing objects:  37% (787/2125)   [Kremote: Compressing objects:  38% (808/2125)   [Kremote: Compressing objects:  39% (829/2125)   [Kremote: Compressing objects:  40% (850/2125)   [Kremote: Compressing objects:  41% (872/2125)   [Kremote: Compressing objects:  42% (893/2125)   [Kremote: Compressing objects:  43% (914/2125)   [Kremote: Compressing objects:  44% (935/2125)   [Kremote: Compressing objects:  45% (957/2125)   [Kremote: Compressing objects:  46% (978/2125)   [Kremote: Compressing objects:  47% (999/2125)   [Kremote: Compressing objects:  48% (1020/2125)   [Kremote: Compressing objects:  49% (1042/2125)   [Kremote: Compressing objects:  50% (1063/2125)   [Kremote: Compressing objects:  51% (1084/2125)   [Kremote: Compressing objects:  52% (1105/2125)   [Kremote: Compressing objects:  53% (1127/2125)   [Kremote: Compressing objects:  54% (1148/2125)   [Kremote: Compressing objects:  55% (1169/2125)   [Kremote: Compressing objects:  56% (1190/2125)   [Kremote: Compressing objects:  57% (1212/2125)   [Kremote: Compressing objects:  58% (1233/2125)   [Kremote: Compressing objects:  59% (1254/2125)   [Kremote: Compressing objects:  60% (1275/2125)   [Kremote: Compressing objects:  61% (1297/2125)   [Kremote: Compressing objects:  62% (1318/2125)   [Kremote: Compressing objects:  63% (1339/2125)   [Kremote: Compressing objects:  64% (1360/2125)   [Kremote: Compressing objects:  65% (1382/2125)   [Kremote: Compressing objects:  66% (1403/2125)   [Kremote: Compressing objects:  67% (1424/2125)   [Kremote: Compressing objects:  68% (1445/2125)   [Kremote: Compressing objects:  69% (1467/2125)   [Kremote: Compressing objects:  70% (1488/2125)   [Kremote: Compressing objects:  71% (1509/2125)   [Kremote: Compressing objects:  72% (1530/2125)   [Kremote: Compressing objects:  73% (1552/2125)   [Kremote: Compressing objects:  74% (1573/2125)   [Kremote: Compressing objects:  75% (1594/2125)   [Kremote: Compressing objects:  76% (1615/2125)   [Kremote: Compressing objects:  77% (1637/2125)   [Kremote: Compressing objects:  78% (1658/2125)   [Kremote: Compressing objects:  79% (1679/2125)   [Kremote: Compressing objects:  80% (1700/2125)   [Kremote: Compressing objects:  81% (1722/2125)   [Kremote: Compressing objects:  82% (1743/2125)   [Kremote: Compressing objects:  83% (1764/2125)   [Kremote: Compressing objects:  84% (1785/2125)   [Kremote: Compressing objects:  85% (1807/2125)   [Kremote: Compressing objects:  86% (1828/2125)   [Kremote: Compressing objects:  87% (1849/2125)   [Kremote: Compressing objects:  88% (1870/2125)   [Kremote: Compressing objects:  89% (1892/2125)   [Kremote: Compressing objects:  90% (1913/2125)   [Kremote: Compressing objects:  91% (1934/2125)   [Kremote: Compressing objects:  92% (1955/2125)   [Kremote: Compressing objects:  93% (1977/2125)   [Kremote: Compressing objects:  94% (1998/2125)   [Kremote: Compressing objects:  95% (2019/2125)   [Kremote: Compressing objects:  96% (2040/2125)   [Kremote: Compressing objects:  97% (2062/2125)   [Kremote: Compressing objects:  98% (2083/2125)   [Kremote: Compressing objects:  99% (2104/2125)   [Kremote: Compressing objects: 100% (2125/2125)   [Kremote: Compressing objects: 100% (2125/2125), done.[K
Receiving objects:   0% (1/4277)   Receiving objects:   1% (43/4277)   Receiving objects:   2% (86/4277)   Receiving objects:   3% (129/4277)   Receiving objects:   4% (172/4277)   Receiving objects:   5% (214/4277)   Receiving objects:   6% (257/4277)   Receiving objects:   7% (300/4277)   Receiving objects:   8% (343/4277)   Receiving objects:   9% (385/4277)   Receiving objects:  10% (428/4277)   Receiving objects:  11% (471/4277)   Receiving objects:  12% (514/4277)   Receiving objects:  13% (557/4277)   Receiving objects:  14% (599/4277)   Receiving objects:  15% (642/4277)   Receiving objects:  16% (685/4277)   Receiving objects:  17% (728/4277)   Receiving objects:  18% (770/4277)   Receiving objects:  19% (813/4277)   Receiving objects:  20% (856/4277)   Receiving objects:  21% (899/4277)   Receiving objects:  22% (941/4277)   Receiving objects:  23% (984/4277)   Receiving objects:  24% (1027/4277)   Receiving objects:  25% (1070/4277)   Receiving objects:  26% (1113/4277)   Receiving objects:  27% (1155/4277)   Receiving objects:  28% (1198/4277)   Receiving objects:  29% (1241/4277)   Receiving objects:  30% (1284/4277)   Receiving objects:  31% (1326/4277)   Receiving objects:  32% (1369/4277)   Receiving objects:  33% (1412/4277)   Receiving objects:  34% (1455/4277)   Receiving objects:  35% (1497/4277)   Receiving objects:  36% (1540/4277)   Receiving objects:  37% (1583/4277)   Receiving objects:  38% (1626/4277)   Receiving objects:  39% (1669/4277)   Receiving objects:  40% (1711/4277)   Receiving objects:  41% (1754/4277)   Receiving objects:  42% (1797/4277)   Receiving objects:  43% (1840/4277)   Receiving objects:  44% (1882/4277)   Receiving objects:  45% (1925/4277)   Receiving objects:  46% (1968/4277)   Receiving objects:  47% (2011/4277)   Receiving objects:  48% (2053/4277)   Receiving objects:  49% (2096/4277)   Receiving objects:  50% (2139/4277)   Receiving objects:  51% (2182/4277)   Receiving objects:  52% (2225/4277)   Receiving objects:  53% (2267/4277)   Receiving objects:  54% (2310/4277)   Receiving objects:  55% (2353/4277)   Receiving objects:  56% (2396/4277)   Receiving objects:  57% (2438/4277)   Receiving objects:  58% (2481/4277)   Receiving objects:  59% (2524/4277)   Receiving objects:  60% (2567/4277)   Receiving objects:  61% (2609/4277)   Receiving objects:  62% (2652/4277)   Receiving objects:  63% (2695/4277)   Receiving objects:  64% (2738/4277)   Receiving objects:  65% (2781/4277)   Receiving objects:  66% (2823/4277)   Receiving objects:  67% (2866/4277)   Receiving objects:  68% (2909/4277)   Receiving objects:  69% (2952/4277)   Receiving objects:  70% (2994/4277)   Receiving objects:  71% (3037/4277)   Receiving objects:  72% (3080/4277)   Receiving objects:  73% (3123/4277)   Receiving objects:  74% (3165/4277)   Receiving objects:  75% (3208/4277)   Receiving objects:  76% (3251/4277)   Receiving objects:  77% (3294/4277)   Receiving objects:  78% (3337/4277)   Receiving objects:  79% (3379/4277)   Receiving objects:  80% (3422/4277)   Receiving objects:  81% (3465/4277)   Receiving objects:  82% (3508/4277)   Receiving objects:  83% (3550/4277)   Receiving objects:  84% (3593/4277)   Receiving objects:  85% (3636/4277)   Receiving objects:  86% (3679/4277)   Receiving objects:  87% (3721/4277)   Receiving objects:  88% (3764/4277)   Receiving objects:  89% (3807/4277)   Receiving objects:  90% (3850/4277)   Receiving objects:  91% (3893/4277)   Receiving objects:  92% (3935/4277)   remote: Total 4277 (delta 1421), reused 3911 (delta 1108)[K
Receiving objects:  93% (3978/4277)   Receiving objects:  94% (4021/4277)   Receiving objects:  95% (4064/4277)   Receiving objects:  96% (4106/4277)   Receiving objects:  97% (4149/4277)   Receiving objects:  98% (4192/4277)   Receiving objects:  99% (4235/4277)   Receiving objects: 100% (4277/4277)   Receiving objects: 100% (4277/4277), 1.07 MiB, done.
Resolving deltas:   0% (0/1421)   Resolving deltas:   2% (32/1421)   Resolving deltas:   6% (89/1421)   Resolving deltas:   7% (101/1421)   Resolving deltas:   8% (119/1421)   Resolving deltas:  11% (157/1421)   Resolving deltas:  13% (186/1421)   Resolving deltas:  14% (202/1421)   Resolving deltas:  15% (220/1421)   Resolving deltas:  16% (233/1421)   Resolving deltas:  17% (242/1421)   Resolving deltas:  18% (260/1421)   Resolving deltas:  19% (273/1421)   Resolving deltas:  20% (290/1421)   Resolving deltas:  23% (332/1421)   Resolving deltas:  26% (381/1421)   Resolving deltas:  27% (384/1421)   Resolving deltas:  28% (404/1421)   Resolving deltas:  29% (416/1421)   Resolving deltas:  30% (429/1421)   Resolving deltas:  31% (441/1421)   Resolving deltas:  32% (465/1421)   Resolving deltas:  33% (474/1421)   Resolving deltas:  34% (484/1421)   Resolving deltas:  35% (498/1421)   Resolving deltas:  36% (519/1421)   Resolving deltas:  39% (559/1421)   Resolving deltas:  40% (569/1421)   Resolving deltas:  41% (586/1421)   Resolving deltas:  42% (598/1421)   Resolving deltas:  43% (613/1421)   Resolving deltas:  44% (628/1421)   Resolving deltas:  45% (653/1421)   Resolving deltas:  46% (655/1421)   Resolving deltas:  49% (706/1421)   Resolving deltas:  50% (711/1421)   Resolving deltas:  51% (725/1421)   Resolving deltas:  52% (742/1421)   Resolving deltas:  53% (757/1421)   Resolving deltas:  54% (768/1421)   Resolving deltas:  55% (788/1421)   Resolving deltas:  56% (796/1421)   Resolving deltas:  57% (810/1421)   Resolving deltas:  58% (825/1421)   Resolving deltas:  59% (848/1421)   Resolving deltas:  61% (867/1421)   Resolving deltas:  62% (884/1421)   Resolving deltas:  63% (898/1421)   Resolving deltas:  64% (910/1421)   Resolving deltas:  65% (924/1421)   Resolving deltas:  66% (938/1421)   Resolving deltas:  67% (966/1421)   Resolving deltas:  69% (981/1421)   Resolving deltas:  70% (1000/1421)   Resolving deltas:  71% (1019/1421)   Resolving deltas:  72% (1024/1421)   Resolving deltas:  73% (1041/1421)   Resolving deltas:  74% (1053/1421)   Resolving deltas:  76% (1085/1421)   Resolving deltas:  77% (1100/1421)   Resolving deltas:  78% (1115/1421)   Resolving deltas:  79% (1123/1421)   Resolving deltas:  81% (1152/1421)   Resolving deltas:  82% (1171/1421)   Resolving deltas:  83% (1181/1421)   Resolving deltas:  84% (1194/1421)   Resolving deltas:  85% (1213/1421)   Resolving deltas:  86% (1229/1421)   Resolving deltas:  87% (1237/1421)   Resolving deltas:  88% (1251/1421)   Resolving deltas:  89% (1268/1421)   Resolving deltas:  90% (1281/1421)   Resolving deltas:  91% (1294/1421)   Resolving deltas:  92% (1316/1421)   Resolving deltas:  93% (1325/1421)   Resolving deltas:  94% (1337/1421)   Resolving deltas:  95% (1351/1421)   Resolving deltas:  96% (1365/1421)   Resolving deltas:  97% (1379/1421)   Resolving deltas:  98% (1393/1421)   Resolving deltas:  99% (1407/1421)   Resolving deltas: 100% (1421/1421)   Resolving deltas: 100% (1421/1421), done.
travis_fold:end:git.1$ cd square/dagger
travis_fold:start:git.2$ git checkout -qf f8309ee75fdd1b121a2977661323690f60212916
travis_fold:end:git.2$ java -version
java version "1.7.0_15"
OpenJDK Runtime Environment (IcedTea7 2.3.7) (7u15-2.3.7-0ubuntu1~12.04.1)
OpenJDK 64-Bit Server VM (build 23.7-b01, mixed mode)
$ javac -version
javac 1.7.0_15
travis_fold:start:install$ mvn install clean -P!android --fail-never --quiet -DskipTests=true -Dinvoker.skip=true
travis_fold:end:install$ mvn verify -P!android
[INFO] Scanning for projects...
[INFO] ------------------------------------------------------------------------
[INFO] Reactor Build Order:
[INFO] 
[INFO] Dagger (Parent)
[INFO] Dagger
[INFO] Dagger Compiler
[INFO] Examples
[INFO] Examples: Simple
[INFO]                                                                         
[INFO] ------------------------------------------------------------------------
[INFO] Building Dagger (Parent) 1.0.0
[INFO] ------------------------------------------------------------------------
[INFO] 
[INFO] --- maven-enforcer-plugin:1.0:enforce (enforce-maven) @ dagger-parent ---
[INFO] 
[INFO] --- maven-checkstyle-plugin:2.10:checkstyle (default) @ dagger-parent ---
[INFO]                                                                         
[INFO] ------------------------------------------------------------------------
[INFO] Building Dagger 1.0.0
[INFO] ------------------------------------------------------------------------
[INFO] 
[INFO] --- maven-enforcer-plugin:1.0:enforce (enforce-maven) @ dagger ---
[INFO] 
[INFO] --- maven-resources-plugin:2.3:resources (default-resources) @ dagger ---
[INFO] Using 'UTF-8' encoding to copy filtered resources.
[INFO] skip non existing resourceDirectory /home/travis/build/square/dagger/core/src/main/resources
[INFO] 
[INFO] --- maven-compiler-plugin:3.1:compile (default-compile) @ dagger ---
[INFO] Changes detected - recompiling the module!
[INFO] Compiling 24 source files to /home/travis/build/square/dagger/core/target/classes
[WARNING] bootstrap class path not set in conjunction with -source 1.6
[WARNING] /home/travis/build/square/dagger/core/src/main/java/dagger/internal/ProblemDetector.java:[33,10] found raw type: dagger.internal.Binding
  missing type arguments for generic class dagger.internal.Binding<T>
[WARNING] /home/travis/build/square/dagger/core/src/main/java/dagger/internal/ProblemDetector.java:[33,50] found raw type: dagger.internal.Binding
  missing type arguments for generic class dagger.internal.Binding<T>
[WARNING] /home/travis/build/square/dagger/core/src/main/java/dagger/internal/UniqueMap.java:[24,8] serializable class dagger.internal.UniqueMap has no definition of serialVersionUID
[WARNING] /home/travis/build/square/dagger/core/src/main/java/dagger/internal/plugins/reflect/ReflectiveModuleAdapter.java:[152,24] found raw type: dagger.internal.Binding
  missing type arguments for generic class dagger.internal.Binding<T>
[INFO] 
[INFO] --- maven-resources-plugin:2.3:testResources (default-testResources) @ dagger ---
[INFO] Using 'UTF-8' encoding to copy filtered resources.
[INFO] skip non existing resourceDirectory /home/travis/build/square/dagger/core/src/test/resources
[INFO] 
[INFO] --- maven-compiler-plugin:3.1:testCompile (default-testCompile) @ dagger ---
[INFO] Changes detected - recompiling the module!
[INFO] Compiling 14 source files to /home/travis/build/square/dagger/core/target/test-classes
[WARNING] bootstrap class path not set in conjunction with -source 1.6
[WARNING] /home/travis/build/square/dagger/core/src/test/java/dagger/ModuleTest.java:[218,17] found raw type: javax.inject.Provider
  missing type arguments for generic class javax.inject.Provider<T>
[WARNING] /home/travis/build/square/dagger/core/src/test/java/dagger/ModuleTest.java:[252,17] found raw type: dagger.Lazy
  missing type arguments for generic class dagger.Lazy<T>
[INFO] 
[INFO] --- maven-surefire-plugin:2.10:test (default-test) @ dagger ---
[INFO] Surefire report directory: /home/travis/build/square/dagger/core/target/surefire-reports
Downloading: http://maven.mirrors.travis-ci.org/nexus/content/repositories/central/org/apache/maven/surefire/surefire-junit4/2.10/surefire-junit4-2.10.pom
3/3 KB            Downloaded: http://maven.mirrors.travis-ci.org/nexus/content/repositories/central/org/apache/maven/surefire/surefire-junit4/2.10/surefire-junit4-2.10.pom (3 KB at 3.5 KB/sec)
Downloading: http://maven.mirrors.travis-ci.org/nexus/content/repositories/central/org/apache/maven/surefire/surefire-providers/2.10/surefire-providers-2.10.pom
3/3 KB            Downloaded: http://maven.mirrors.travis-ci.org/nexus/content/repositories/central/org/apache/maven/surefire/surefire-providers/2.10/surefire-providers-2.10.pom (3 KB at 6.7 KB/sec)
Downloading: http://maven.mirrors.travis-ci.org/nexus/content/repositories/central/org/apache/maven/surefire/surefire-junit4/2.10/surefire-junit4-2.10.jar
4/33 KB   8/33 KB   9/33 KB   13/33 KB   17/33 KB   21/33 KB   25/33 KB   27/33 KB   31/33 KB   33/33 KB              Downloaded: http://maven.mirrors.travis-ci.org/nexus/content/repositories/central/org/apache/maven/surefire/surefire-junit4/2.10/surefire-junit4-2.10.jar (33 KB at 60.5 KB/sec)

-------------------------------------------------------
 T E S T S
-------------------------------------------------------
Running dagger.ExtensionTest
Tests run: 3, Failures: 0, Errors: 0, Skipped: 0, Time elapsed: 0.17 sec
Running dagger.InjectionOfLazyTest
Tests run: 4, Failures: 0, Errors: 0, Skipped: 0, Time elapsed: 0.03 sec
Running dagger.ModuleTest
Tests run: 14, Failures: 0, Errors: 0, Skipped: 0, Time elapsed: 0.098 sec
Running dagger.SetBindingTest
Tests run: 7, Failures: 0, Errors: 0, Skipped: 0, Time elapsed: 0.058 sec
Running dagger.internal.SingletonBindingTest
Tests run: 7, Failures: 0, Errors: 0, Skipped: 0, Time elapsed: 0.052 sec
Running dagger.internal.KeysTest
Tests run: 18, Failures: 0, Errors: 0, Skipped: 0, Time elapsed: 0.002 sec
Running dagger.MembersInjectorTest
Tests run: 8, Failures: 0, Errors: 0, Skipped: 0, Time elapsed: 0.032 sec
Running dagger.ThreadSafetyTest
Tests run: 2, Failures: 0, Errors: 0, Skipped: 0, Time elapsed: 0.061 sec
Running dagger.ExtensionWithStateTest
Tests run: 1, Failures: 0, Errors: 0, Skipped: 0, Time elapsed: 0.003 sec
Running dagger.LazyInjectionTest
Tests run: 5, Failures: 0, Errors: 0, Skipped: 0, Time elapsed: 0.012 sec
Running dagger.ProblemDetectorTest
Tests run: 3, Failures: 0, Errors: 0, Skipped: 0, Time elapsed: 0.011 sec
Running dagger.InjectionTest
Tests run: 37, Failures: 0, Errors: 0, Skipped: 0, Time elapsed: 0.304 sec
Running dagger.UnusedProviderTest
Tests run: 4, Failures: 0, Errors: 0, Skipped: 0, Time elapsed: 0.013 sec
Running dagger.InjectStaticsTest
Tests run: 3, Failures: 0, Errors: 0, Skipped: 0, Time elapsed: 0.009 sec

Results :

Tests run: 116, Failures: 0, Errors: 0, Skipped: 0

[INFO] 
[INFO] --- maven-jar-plugin:2.2:jar (default-jar) @ dagger ---
[INFO] Building jar: /home/travis/build/square/dagger/core/target/dagger-1.0.0.jar
[INFO] 
[INFO] --- maven-checkstyle-plugin:2.10:checkstyle (default) @ dagger ---
[INFO] Starting audit...
Audit done.

[WARNING] Unable to locate Source XRef to link to - DISABLED
[INFO]                                                                         
[INFO] ------------------------------------------------------------------------
[INFO] Building Dagger Compiler 1.0.0
[INFO] ------------------------------------------------------------------------
[INFO] 
[INFO] --- maven-enforcer-plugin:1.0:enforce (enforce-maven) @ dagger-compiler ---
[INFO] 
[INFO] --- maven-resources-plugin:2.3:resources (default-resources) @ dagger-compiler ---
[INFO] Using 'UTF-8' encoding to copy filtered resources.
[INFO] Copying 1 resource
[INFO] 
[INFO] --- maven-compiler-plugin:3.1:compile (default-compile) @ dagger-compiler ---
[INFO] Changes detected - recompiling the module!
[INFO] Compiling 12 source files to /home/travis/build/square/dagger/compiler/target/classes
[WARNING] bootstrap class path not set in conjunction with -source 1.6
[INFO] 
[INFO] --- maven-resources-plugin:2.3:testResources (default-testResources) @ dagger-compiler ---
[INFO] Using 'UTF-8' encoding to copy filtered resources.
[INFO] skip non existing resourceDirectory /home/travis/build/square/dagger/compiler/src/test/resources
[INFO] 
[INFO] --- maven-compiler-plugin:3.1:testCompile (default-testCompile) @ dagger-compiler ---
[INFO] Changes detected - recompiling the module!
[INFO] Compiling 3 source files to /home/travis/build/square/dagger/compiler/target/test-classes
[WARNING] bootstrap class path not set in conjunction with -source 1.6
[INFO] 
[INFO] --- maven-surefire-plugin:2.10:test (default-test) @ dagger-compiler ---
[INFO] Surefire report directory: /home/travis/build/square/dagger/compiler/target/surefire-reports

-------------------------------------------------------
 T E S T S
-------------------------------------------------------
Running dagger.internal.codegen.DotWriterTest
Tests run: 4, Failures: 0, Errors: 0, Skipped: 0, Time elapsed: 0.103 sec
Running dagger.internal.codegen.GraphVisualizerTest
Tests run: 7, Failures: 0, Errors: 0, Skipped: 0, Time elapsed: 0.05 sec

Results :

Tests run: 11, Failures: 0, Errors: 0, Skipped: 0

[INFO] 
[INFO] --- maven-jar-plugin:2.2:jar (default-jar) @ dagger-compiler ---
[INFO] Building jar: /home/travis/build/square/dagger/compiler/target/dagger-compiler-1.0.0.jar
[INFO] 
[INFO] --- maven-invoker-plugin:1.7:install (integration-test) @ dagger-compiler ---
[INFO] Installing /home/travis/build/square/dagger/core/pom.xml to /home/travis/build/square/dagger/compiler/target/local-repo/com/squareup/dagger/dagger/1.0.0/dagger-1.0.0.pom
[INFO] Installing /home/travis/build/square/dagger/core/target/dagger-1.0.0.jar to /home/travis/build/square/dagger/compiler/target/local-repo/com/squareup/dagger/dagger/1.0.0/dagger-1.0.0.jar
[INFO] Installing /home/travis/build/square/dagger/pom.xml to /home/travis/build/square/dagger/compiler/target/local-repo/com/squareup/dagger/dagger-parent/1.0.0/dagger-parent-1.0.0.pom
[INFO] Installing /home/travis/build/square/dagger/compiler/pom.xml to /home/travis/build/square/dagger/compiler/target/local-repo/com/squareup/dagger/dagger-compiler/1.0.0/dagger-compiler-1.0.0.pom
[INFO] Installing /home/travis/build/square/dagger/compiler/target/dagger-compiler-1.0.0.jar to /home/travis/build/square/dagger/compiler/target/local-repo/com/squareup/dagger/dagger-compiler/1.0.0/dagger-compiler-1.0.0.jar
[INFO] 
[INFO] --- maven-invoker-plugin:1.7:run (integration-test) @ dagger-compiler ---
[INFO] Building: unused-provider-methods-fail-compilation/pom.xml
[INFO] run script verify.bsh
[INFO] ..SUCCESS (62.4 s)
[INFO] Building: static-injected-binding-doesnt-fail-providers/pom.xml
[INFO] ..SUCCESS (28.4 s)
[INFO] Building: provide-provider-or-lazy/pom.xml
[INFO] run script verify.bsh
[INFO] ..SUCCESS (6.5 s)
[INFO] Building: module-type-validation/pom.xml
[INFO] run script verify.bsh
[INFO] ..SUCCESS (6.1 s)
[INFO] Building: extension-graph/pom.xml
[INFO] ..SUCCESS (8.0 s)
[INFO] Building: include-non-module/pom.xml
[INFO] ..SUCCESS (6.0 s)
[INFO] Building: method-injection/pom.xml
[INFO] run script verify.bsh
[INFO] ..SUCCESS (6.4 s)
[INFO] Building: private-inject/pom.xml
[INFO] run script verify.bsh
[INFO] ..SUCCESS (5.8 s)
[INFO] Building: inner-classes-complaint-injection/pom.xml
[INFO] run script verify.bsh
[INFO] ..SUCCESS (6.1 s)
[INFO] Building: simple-missing-dependency-failure/pom.xml
[INFO] run script verify.bsh
[INFO] ..SUCCESS (6.5 s)
[INFO] Building: unused-provider-methods-pass-compilation-on-library-module/pom.xml
[INFO] ..SUCCESS (7.6 s)
[INFO] Building: uninjectable-supertype/pom.xml
[INFO] ..SUCCESS (7.8 s)
[INFO] Building: provides-method-with-throws-clause/pom.xml
[INFO] run script verify.bsh
[INFO] ..SUCCESS (6.1 s)
[INFO] Building: inject-parameterized-type/pom.xml
[INFO] ..SUCCESS (7.6 s)
[INFO] Building: multiple-provides-methods/pom.xml
[INFO] run script verify.bsh
[INFO] ..SUCCESS (7.7 s)
[INFO] Building: cyclic-module-includes/pom.xml
[INFO] run script verify.bsh
[INFO] ..SUCCESS (5.7 s)
[INFO] Building: missing-at-inject-constructor/pom.xml
[INFO] run script verify.bsh
[INFO] ..SUCCESS (6.5 s)
[INFO] Building: default-package-injected-type/pom.xml
[INFO] ..SUCCESS (8.0 s)
[INFO] Building: same-provides-method-name/pom.xml
[INFO] ..SUCCESS (7.7 s)
[INFO] Building: cyclic-deps/pom.xml
[INFO] run script verify.bsh
[INFO] ..SUCCESS (7.2 s)
[INFO] -------------------------------------------------
[INFO] Build Summary:
[INFO]   Passed: 20, Failed: 0, Errors: 0, Skipped: 0
[INFO] -------------------------------------------------
[INFO] 
[INFO] --- maven-checkstyle-plugin:2.10:checkstyle (default) @ dagger-compiler ---
[INFO] Starting audit...
Audit done.

[WARNING] Unable to locate Source XRef to link to - DISABLED
[INFO]                                                                         
[INFO] ------------------------------------------------------------------------
[INFO] Building Examples 1.0.0
[INFO] ------------------------------------------------------------------------
[INFO] 
[INFO] --- maven-enforcer-plugin:1.0:enforce (enforce-maven) @ dagger-example-parent ---
[INFO] 
[INFO] --- maven-checkstyle-plugin:2.10:checkstyle (default) @ dagger-example-parent ---
[INFO]                                                                         
[INFO] ------------------------------------------------------------------------
[INFO] Building Examples: Simple 1.0.0
[INFO] ------------------------------------------------------------------------
[INFO] 
[INFO] --- maven-enforcer-plugin:1.0:enforce (enforce-maven) @ simple ---
[INFO] 
[INFO] --- maven-resources-plugin:2.3:resources (default-resources) @ simple ---
[INFO] Using 'UTF-8' encoding to copy filtered resources.
[INFO] skip non existing resourceDirectory /home/travis/build/square/dagger/examples/simple/src/main/resources
[INFO] 
[INFO] --- maven-compiler-plugin:3.1:compile (default-compile) @ simple ---
[INFO] Changes detected - recompiling the module!
[INFO] Compiling 8 source files to /home/travis/build/square/dagger/examples/simple/target/classes
[WARNING] bootstrap class path not set in conjunction with -source 1.6
[WARNING] No processor claimed any of these annotations: dagger.Provides,javax.inject.Singleton
[INFO] 
[INFO] --- maven-resources-plugin:2.3:testResources (default-testResources) @ simple ---
[INFO] Using 'UTF-8' encoding to copy filtered resources.
[INFO] skip non existing resourceDirectory /home/travis/build/square/dagger/examples/simple/src/test/resources
[INFO] 
[INFO] --- maven-compiler-plugin:3.1:testCompile (default-testCompile) @ simple ---
[INFO] No sources to compile
[INFO] 
[INFO] --- maven-surefire-plugin:2.10:test (default-test) @ simple ---
[INFO] No tests to run.
[INFO] Surefire report directory: /home/travis/build/square/dagger/examples/simple/target/surefire-reports
Downloading: http://maven.mirrors.travis-ci.org/nexus/content/repositories/central/org/apache/maven/surefire/surefire-junit3/2.10/surefire-junit3-2.10.pom
2/2 KB              Downloaded: http://maven.mirrors.travis-ci.org/nexus/content/repositories/central/org/apache/maven/surefire/surefire-junit3/2.10/surefire-junit3-2.10.pom (2 KB at 2.9 KB/sec)
Downloading: http://maven.mirrors.travis-ci.org/nexus/content/repositories/central/org/apache/maven/surefire/surefire-junit3/2.10/surefire-junit3-2.10.jar
4/26 KB   8/26 KB   9/26 KB   10/26 KB   14/26 KB   18/26 KB   22/26 KB   26/26 KB   26/26 KB              Downloaded: http://maven.mirrors.travis-ci.org/nexus/content/repositories/central/org/apache/maven/surefire/surefire-junit3/2.10/surefire-junit3-2.10.jar (26 KB at 59.6 KB/sec)

-------------------------------------------------------
 T E S T S
-------------------------------------------------------

Results :

Tests run: 0, Failures: 0, Errors: 0, Skipped: 0

[INFO] 
[INFO] --- maven-jar-plugin:2.2:jar (default-jar) @ simple ---
[INFO] Building jar: /home/travis/build/square/dagger/examples/simple/target/simple-1.0.0.jar
[INFO] 
[INFO] --- maven-checkstyle-plugin:2.10:checkstyle (default) @ simple ---
[INFO] Starting audit...
Audit done.

[WARNING] Unable to locate Source XRef to link to - DISABLED
[INFO] ------------------------------------------------------------------------
[INFO] Reactor Summary:
[INFO] 
[INFO] Dagger (Parent) ................................... SUCCESS [4.066s]
[INFO] Dagger ............................................ SUCCESS [10.725s]
[INFO] Dagger Compiler ................................... SUCCESS [3:37.517s]
[INFO] Examples .......................................... SUCCESS [0.009s]
[INFO] Examples: Simple .................................. SUCCESS [2.381s]
[INFO] ------------------------------------------------------------------------
[INFO] BUILD SUCCESS
[INFO] ------------------------------------------------------------------------
[INFO] Total time: 3:55.182s
[INFO] Finished at: Tue May 07 16:24:13 UTC 2013
[INFO] Final Memory: 24M/191M
[INFO] ------------------------------------------------------------------------

The command "mvn verify -P!android" exited with 0.

Done. Your build exited with 0.
