Using worker: worker-linux-3-1.bb.travis-ci.org:travis-linux-3

travis_fold:start:git.1$ git clone --depth=50 --branch=master git://github.com/square/dagger.git square/dagger
Cloning into 'square/dagger'...
remote: Counting objects: 1935, done.[K
remote: Compressing objects:   0% (1/1032)   [Kremote: Compressing objects:   1% (11/1032)   [Kremote: Compressing objects:   2% (21/1032)   [Kremote: Compressing objects:   3% (31/1032)   [Kremote: Compressing objects:   4% (42/1032)   [Kremote: Compressing objects:   5% (52/1032)   [Kremote: Compressing objects:   6% (62/1032)   [Kremote: Compressing objects:   7% (73/1032)   [Kremote: Compressing objects:   8% (83/1032)   [Kremote: Compressing objects:   9% (93/1032)   [Kremote: Compressing objects:  10% (104/1032)   [Kremote: Compressing objects:  11% (114/1032)   [Kremote: Compressing objects:  12% (124/1032)   [Kremote: Compressing objects:  13% (135/1032)   [Kremote: Compressing objects:  14% (145/1032)   [Kremote: Compressing objects:  15% (155/1032)   [Kremote: Compressing objects:  16% (166/1032)   [Kremote: Compressing objects:  17% (176/1032)   [Kremote: Compressing objects:  18% (186/1032)   [Kremote: Compressing objects:  19% (197/1032)   [Kremote: Compressing objects:  20% (207/1032)   [Kremote: Compressing objects:  21% (217/1032)   [Kremote: Compressing objects:  22% (228/1032)   [Kremote: Compressing objects:  23% (238/1032)   [Kremote: Compressing objects:  24% (248/1032)   [Kremote: Compressing objects:  25% (258/1032)   [Kremote: Compressing objects:  26% (269/1032)   [Kremote: Compressing objects:  27% (279/1032)   [Kremote: Compressing objects:  28% (289/1032)   [Kremote: Compressing objects:  29% (300/1032)   [Kremote: Compressing objects:  30% (310/1032)   [Kremote: Compressing objects:  31% (320/1032)   [Kremote: Compressing objects:  32% (331/1032)   [Kremote: Compressing objects:  33% (341/1032)   [Kremote: Compressing objects:  34% (351/1032)   [Kremote: Compressing objects:  35% (362/1032)   [Kremote: Compressing objects:  36% (372/1032)   [Kremote: Compressing objects:  37% (382/1032)   [Kremote: Compressing objects:  38% (393/1032)   [Kremote: Compressing objects:  39% (403/1032)   [Kremote: Compressing objects:  40% (413/1032)   [Kremote: Compressing objects:  41% (424/1032)   [Kremote: Compressing objects:  42% (434/1032)   [Kremote: Compressing objects:  43% (444/1032)   [Kremote: Compressing objects:  44% (455/1032)   [Kremote: Compressing objects:  45% (465/1032)   [Kremote: Compressing objects:  46% (475/1032)   [Kremote: Compressing objects:  47% (486/1032)   [Kremote: Compressing objects:  48% (496/1032)   [Kremote: Compressing objects:  49% (506/1032)   [Kremote: Compressing objects:  50% (516/1032)   [Kremote: Compressing objects:  51% (527/1032)   [Kremote: Compressing objects:  52% (537/1032)   [Kremote: Compressing objects:  53% (547/1032)   [Kremote: Compressing objects:  54% (558/1032)   [Kremote: Compressing objects:  55% (568/1032)   [Kremote: Compressing objects:  56% (578/1032)   [Kremote: Compressing objects:  57% (589/1032)   [Kremote: Compressing objects:  58% (599/1032)   [Kremote: Compressing objects:  59% (609/1032)   [Kremote: Compressing objects:  60% (620/1032)   [Kremote: Compressing objects:  61% (630/1032)   [Kremote: Compressing objects:  62% (640/1032)   [Kremote: Compressing objects:  63% (651/1032)   [Kremote: Compressing objects:  64% (661/1032)   [Kremote: Compressing objects:  65% (671/1032)   [Kremote: Compressing objects:  66% (682/1032)   [Kremote: Compressing objects:  67% (692/1032)   [Kremote: Compressing objects:  68% (702/1032)   [Kremote: Compressing objects:  69% (713/1032)   [Kremote: Compressing objects:  70% (723/1032)   [Kremote: Compressing objects:  71% (733/1032)   [Kremote: Compressing objects:  72% (744/1032)   [Kremote: Compressing objects:  73% (754/1032)   [Kremote: Compressing objects:  74% (764/1032)   [Kremote: Compressing objects:  75% (774/1032)   [Kremote: Compressing objects:  76% (785/1032)   [Kremote: Compressing objects:  77% (795/1032)   [Kremote: Compressing objects:  78% (805/1032)   [Kremote: Compressing objects:  79% (816/1032)   [Kremote: Compressing objects:  80% (826/1032)   [Kremote: Compressing objects:  81% (836/1032)   [Kremote: Compressing objects:  82% (847/1032)   [Kremote: Compressing objects:  83% (857/1032)   [Kremote: Compressing objects:  84% (867/1032)   [Kremote: Compressing objects:  85% (878/1032)   [Kremote: Compressing objects:  86% (888/1032)   [Kremote: Compressing objects:  87% (898/1032)   [Kremote: Compressing objects:  88% (909/1032)   [Kremote: Compressing objects:  89% (919/1032)   [Kremote: Compressing objects:  90% (929/1032)   [Kremote: Compressing objects:  91% (940/1032)   [Kremote: Compressing objects:  92% (950/1032)   [Kremote: Compressing objects:  93% (960/1032)   [Kremote: Compressing objects:  94% (971/1032)   [Kremote: Compressing objects:  95% (981/1032)   [Kremote: Compressing objects:  96% (991/1032)   [Kremote: Compressing objects:  97% (1002/1032)   [Kremote: Compressing objects:  98% (1012/1032)   [Kremote: Compressing objects:  99% (1022/1032)   [Kremote: Compressing objects: 100% (1032/1032)   [Kremote: Compressing objects: 100% (1032/1032), done.[K
Receiving objects:   0% (1/1935)   Receiving objects:   1% (20/1935)   Receiving objects:   2% (39/1935)   Receiving objects:   3% (59/1935)   Receiving objects:   4% (78/1935)   Receiving objects:   5% (97/1935)   Receiving objects:   6% (117/1935)   Receiving objects:   7% (136/1935)   Receiving objects:   8% (155/1935)   Receiving objects:   9% (175/1935)   Receiving objects:  10% (194/1935)   Receiving objects:  11% (213/1935)   Receiving objects:  12% (233/1935)   Receiving objects:  13% (252/1935)   Receiving objects:  14% (271/1935)   Receiving objects:  15% (291/1935)   Receiving objects:  16% (310/1935)   Receiving objects:  17% (329/1935)   Receiving objects:  18% (349/1935)   Receiving objects:  19% (368/1935)   Receiving objects:  20% (387/1935)   Receiving objects:  21% (407/1935)   Receiving objects:  22% (426/1935)   Receiving objects:  23% (446/1935)   Receiving objects:  24% (465/1935)   Receiving objects:  25% (484/1935)   Receiving objects:  26% (504/1935)   Receiving objects:  27% (523/1935)   Receiving objects:  28% (542/1935)   Receiving objects:  29% (562/1935)   Receiving objects:  30% (581/1935)   Receiving objects:  31% (600/1935)   Receiving objects:  32% (620/1935)   Receiving objects:  33% (639/1935)   Receiving objects:  34% (658/1935)   Receiving objects:  35% (678/1935)   Receiving objects:  36% (697/1935)   Receiving objects:  37% (716/1935)   Receiving objects:  38% (736/1935)   Receiving objects:  39% (755/1935)   Receiving objects:  40% (774/1935)   Receiving objects:  41% (794/1935)   Receiving objects:  42% (813/1935)   Receiving objects:  43% (833/1935)   Receiving objects:  44% (852/1935)   Receiving objects:  45% (871/1935)   Receiving objects:  46% (891/1935)   Receiving objects:  47% (910/1935)   Receiving objects:  48% (929/1935)   Receiving objects:  49% (949/1935)   Receiving objects:  50% (968/1935)   Receiving objects:  51% (987/1935)   Receiving objects:  52% (1007/1935)   Receiving objects:  53% (1026/1935)   Receiving objects:  54% (1045/1935)   Receiving objects:  55% (1065/1935)   Receiving objects:  56% (1084/1935)   Receiving objects:  57% (1103/1935)   Receiving objects:  58% (1123/1935)   Receiving objects:  59% (1142/1935)   Receiving objects:  60% (1161/1935)   Receiving objects:  61% (1181/1935)   Receiving objects:  62% (1200/1935)   Receiving objects:  63% (1220/1935)   Receiving objects:  64% (1239/1935)   Receiving objects:  65% (1258/1935)   Receiving objects:  66% (1278/1935)   Receiving objects:  67% (1297/1935)   Receiving objects:  68% (1316/1935)   Receiving objects:  69% (1336/1935)   Receiving objects:  70% (1355/1935)   Receiving objects:  71% (1374/1935)   Receiving objects:  72% (1394/1935)   remote: Total 1935 (delta 667), reused 1647 (delta 434)[K
Receiving objects:  73% (1413/1935)   Receiving objects:  74% (1432/1935)   Receiving objects:  75% (1452/1935)   Receiving objects:  76% (1471/1935)   Receiving objects:  77% (1490/1935)   Receiving objects:  78% (1510/1935)   Receiving objects:  79% (1529/1935)   Receiving objects:  80% (1548/1935)   Receiving objects:  81% (1568/1935)   Receiving objects:  82% (1587/1935)   Receiving objects:  83% (1607/1935)   Receiving objects:  84% (1626/1935)   Receiving objects:  85% (1645/1935)   Receiving objects:  86% (1665/1935)   Receiving objects:  87% (1684/1935)   Receiving objects:  88% (1703/1935)   Receiving objects:  89% (1723/1935)   Receiving objects:  90% (1742/1935)   Receiving objects:  91% (1761/1935)   Receiving objects:  92% (1781/1935)   Receiving objects:  93% (1800/1935)   Receiving objects:  94% (1819/1935)   Receiving objects:  95% (1839/1935)   Receiving objects:  96% (1858/1935)   Receiving objects:  97% (1877/1935)   Receiving objects:  98% (1897/1935)   Receiving objects:  99% (1916/1935)   Receiving objects: 100% (1935/1935)   Receiving objects: 100% (1935/1935), 534.07 KiB, done.
Resolving deltas:   0% (0/667)   Resolving deltas:   1% (7/667)   Resolving deltas:   2% (15/667)   Resolving deltas:   3% (22/667)   Resolving deltas:   4% (29/667)   Resolving deltas:  10% (72/667)   Resolving deltas:  11% (78/667)   Resolving deltas:  12% (82/667)   Resolving deltas:  13% (89/667)   Resolving deltas:  14% (97/667)   Resolving deltas:  18% (121/667)   Resolving deltas:  19% (129/667)   Resolving deltas:  20% (135/667)   Resolving deltas:  21% (142/667)   Resolving deltas:  24% (163/667)   Resolving deltas:  25% (173/667)   Resolving deltas:  26% (177/667)   Resolving deltas:  33% (222/667)   Resolving deltas:  34% (232/667)   Resolving deltas:  38% (259/667)   Resolving deltas:  41% (277/667)   Resolving deltas:  43% (288/667)   Resolving deltas:  44% (294/667)   Resolving deltas:  45% (304/667)   Resolving deltas:  46% (308/667)   Resolving deltas:  47% (315/667)   Resolving deltas:  48% (324/667)   Resolving deltas:  49% (327/667)   Resolving deltas:  50% (334/667)   Resolving deltas:  51% (342/667)   Resolving deltas:  52% (347/667)   Resolving deltas:  53% (354/667)   Resolving deltas:  54% (362/667)   Resolving deltas:  55% (367/667)   Resolving deltas:  57% (385/667)   Resolving deltas:  64% (433/667)   Resolving deltas:  65% (434/667)   Resolving deltas:  66% (441/667)   Resolving deltas:  67% (448/667)   Resolving deltas:  68% (458/667)   Resolving deltas:  70% (469/667)   Resolving deltas:  71% (474/667)   Resolving deltas:  72% (485/667)   Resolving deltas:  73% (487/667)   Resolving deltas:  74% (494/667)   Resolving deltas:  75% (503/667)   Resolving deltas:  78% (523/667)   Resolving deltas:  86% (577/667)   Resolving deltas:  87% (584/667)   Resolving deltas:  88% (587/667)   Resolving deltas:  89% (594/667)   Resolving deltas:  91% (607/667)   Resolving deltas:  92% (615/667)   Resolving deltas:  93% (622/667)   Resolving deltas:  94% (632/667)   Resolving deltas:  95% (635/667)   Resolving deltas:  96% (643/667)   Resolving deltas:  97% (647/667)   Resolving deltas:  98% (655/667)   Resolving deltas:  99% (663/667)   Resolving deltas: 100% (667/667)   Resolving deltas: 100% (667/667), done.
travis_fold:end:git.1$ cd square/dagger
travis_fold:start:git.2$ git checkout -qf 7f17dcfaa813dd14d97ded32a732f03d89805cef
travis_fold:end:git.2$ java -version
java version "1.7.0_15"
OpenJDK Runtime Environment (IcedTea7 2.3.7) (7u15-2.3.7-0ubuntu1~12.04.1)
OpenJDK 64-Bit Server VM (build 23.7-b01, mixed mode)
$ javac -version
javac 1.7.0_15
travis_fold:start:install$ mvn install clean -P!android --fail-never --quiet -DskipTests=true -Dinvoker.skip=true
travis_fold:end:install$ mvn verify -P!android
[INFO] Scanning for projects...
[INFO] ------------------------------------------------------------------------
[INFO] Reactor Build Order:
[INFO] 
[INFO] Dagger (Parent)
[INFO] Dagger
[INFO] Dagger Compiler
[INFO] Examples
[INFO] Examples: Simple
[INFO]                                                                         
[INFO] ------------------------------------------------------------------------
[INFO] Building Dagger (Parent) 1.0.1-SNAPSHOT
[INFO] ------------------------------------------------------------------------
[INFO] 
[INFO] --- maven-enforcer-plugin:1.0:enforce (enforce-maven) @ dagger-parent ---
[INFO] 
[INFO] --- maven-checkstyle-plugin:2.10:checkstyle (default) @ dagger-parent ---
[INFO]                                                                         
[INFO] ------------------------------------------------------------------------
[INFO] Building Dagger 1.0.1-SNAPSHOT
[INFO] ------------------------------------------------------------------------
[INFO] 
[INFO] --- maven-enforcer-plugin:1.0:enforce (enforce-maven) @ dagger ---
[INFO] 
[INFO] --- maven-resources-plugin:2.3:resources (default-resources) @ dagger ---
[INFO] Using 'UTF-8' encoding to copy filtered resources.
[INFO] skip non existing resourceDirectory /home/travis/build/square/dagger/core/src/main/resources
[INFO] 
[INFO] --- maven-compiler-plugin:3.1:compile (default-compile) @ dagger ---
[INFO] Changes detected - recompiling the module!
[INFO] Compiling 24 source files to /home/travis/build/square/dagger/core/target/classes
[WARNING] bootstrap class path not set in conjunction with -source 1.6
[WARNING] /home/travis/build/square/dagger/core/src/main/java/dagger/internal/ProblemDetector.java:[33,10] found raw type: dagger.internal.Binding
  missing type arguments for generic class dagger.internal.Binding<T>
[WARNING] /home/travis/build/square/dagger/core/src/main/java/dagger/internal/ProblemDetector.java:[33,50] found raw type: dagger.internal.Binding
  missing type arguments for generic class dagger.internal.Binding<T>
[WARNING] /home/travis/build/square/dagger/core/src/main/java/dagger/internal/UniqueMap.java:[24,8] serializable class dagger.internal.UniqueMap has no definition of serialVersionUID
[WARNING] /home/travis/build/square/dagger/core/src/main/java/dagger/internal/plugins/reflect/ReflectiveModuleAdapter.java:[152,24] found raw type: dagger.internal.Binding
  missing type arguments for generic class dagger.internal.Binding<T>
[INFO] 
[INFO] --- maven-resources-plugin:2.3:testResources (default-testResources) @ dagger ---
[INFO] Using 'UTF-8' encoding to copy filtered resources.
[INFO] skip non existing resourceDirectory /home/travis/build/square/dagger/core/src/test/resources
[INFO] 
[INFO] --- maven-compiler-plugin:3.1:testCompile (default-testCompile) @ dagger ---
[INFO] Changes detected - recompiling the module!
[INFO] Compiling 14 source files to /home/travis/build/square/dagger/core/target/test-classes
[WARNING] bootstrap class path not set in conjunction with -source 1.6
[WARNING] /home/travis/build/square/dagger/core/src/test/java/dagger/ModuleTest.java:[218,17] found raw type: javax.inject.Provider
  missing type arguments for generic class javax.inject.Provider<T>
[WARNING] /home/travis/build/square/dagger/core/src/test/java/dagger/ModuleTest.java:[252,17] found raw type: dagger.Lazy
  missing type arguments for generic class dagger.Lazy<T>
[INFO] 
[INFO] --- maven-surefire-plugin:2.10:test (default-test) @ dagger ---
[INFO] Surefire report directory: /home/travis/build/square/dagger/core/target/surefire-reports
Downloading: http://maven.mirrors.travis-ci.org/nexus/content/repositories/central/org/apache/maven/surefire/surefire-junit4/2.10/surefire-junit4-2.10.pom
3/3 KB            Downloaded: http://maven.mirrors.travis-ci.org/nexus/content/repositories/central/org/apache/maven/surefire/surefire-junit4/2.10/surefire-junit4-2.10.pom (3 KB at 3.9 KB/sec)
Downloading: http://maven.mirrors.travis-ci.org/nexus/content/repositories/central/org/apache/maven/surefire/surefire-providers/2.10/surefire-providers-2.10.pom
3/3 KB            Downloaded: http://maven.mirrors.travis-ci.org/nexus/content/repositories/central/org/apache/maven/surefire/surefire-providers/2.10/surefire-providers-2.10.pom (3 KB at 7.1 KB/sec)
Downloading: http://maven.mirrors.travis-ci.org/nexus/content/repositories/central/org/apache/maven/surefire/surefire-junit4/2.10/surefire-junit4-2.10.jar
4/33 KB   8/33 KB   9/33 KB   10/33 KB   14/33 KB   18/33 KB   22/33 KB   26/33 KB   27/33 KB   31/33 KB   33/33 KB              Downloaded: http://maven.mirrors.travis-ci.org/nexus/content/repositories/central/org/apache/maven/surefire/surefire-junit4/2.10/surefire-junit4-2.10.jar (33 KB at 63.0 KB/sec)

-------------------------------------------------------
 T E S T S
-------------------------------------------------------
Running dagger.ModuleTest
Tests run: 14, Failures: 0, Errors: 0, Skipped: 0, Time elapsed: 0.335 sec
Running dagger.ThreadSafetyTest
Tests run: 2, Failures: 0, Errors: 0, Skipped: 0, Time elapsed: 0.082 sec
Running dagger.ExtensionTest
Tests run: 3, Failures: 0, Errors: 0, Skipped: 0, Time elapsed: 0.026 sec
Running dagger.ProblemDetectorTest
Tests run: 3, Failures: 0, Errors: 0, Skipped: 0, Time elapsed: 0.022 sec
Running dagger.UnusedProviderTest
Tests run: 4, Failures: 0, Errors: 0, Skipped: 0, Time elapsed: 0.028 sec
Running dagger.InjectionOfLazyTest
Tests run: 4, Failures: 0, Errors: 0, Skipped: 0, Time elapsed: 0.019 sec
Running dagger.LazyInjectionTest
Tests run: 5, Failures: 0, Errors: 0, Skipped: 0, Time elapsed: 0.019 sec
Running dagger.InjectStaticsTest
Tests run: 3, Failures: 0, Errors: 0, Skipped: 0, Time elapsed: 0.023 sec
Running dagger.InjectionTest
Tests run: 37, Failures: 0, Errors: 0, Skipped: 0, Time elapsed: 0.304 sec
Running dagger.SetBindingTest
Tests run: 7, Failures: 0, Errors: 0, Skipped: 0, Time elapsed: 0.051 sec
Running dagger.MembersInjectorTest
Tests run: 8, Failures: 0, Errors: 0, Skipped: 0, Time elapsed: 0.06 sec
Running dagger.internal.KeysTest
Tests run: 18, Failures: 0, Errors: 0, Skipped: 0, Time elapsed: 0.03 sec
Running dagger.internal.SingletonBindingTest
Tests run: 7, Failures: 0, Errors: 0, Skipped: 0, Time elapsed: 0.005 sec
Running dagger.ExtensionWithStateTest
Tests run: 1, Failures: 0, Errors: 0, Skipped: 0, Time elapsed: 0 sec

Results :

Tests run: 116, Failures: 0, Errors: 0, Skipped: 0

[INFO] 
[INFO] --- maven-jar-plugin:2.2:jar (default-jar) @ dagger ---
[INFO] Building jar: /home/travis/build/square/dagger/core/target/dagger-1.0.1-SNAPSHOT.jar
[INFO] 
[INFO] --- maven-checkstyle-plugin:2.10:checkstyle (default) @ dagger ---
[INFO] Starting audit...
Audit done.

[WARNING] Unable to locate Source XRef to link to - DISABLED
[INFO]                                                                         
[INFO] ------------------------------------------------------------------------
[INFO] Building Dagger Compiler 1.0.1-SNAPSHOT
[INFO] ------------------------------------------------------------------------
[INFO] 
[INFO] --- maven-enforcer-plugin:1.0:enforce (enforce-maven) @ dagger-compiler ---
[INFO] 
[INFO] --- maven-resources-plugin:2.3:resources (default-resources) @ dagger-compiler ---
[INFO] Using 'UTF-8' encoding to copy filtered resources.
[INFO] Copying 1 resource
[INFO] 
[INFO] --- maven-compiler-plugin:3.1:compile (default-compile) @ dagger-compiler ---
[INFO] Changes detected - recompiling the module!
[INFO] Compiling 12 source files to /home/travis/build/square/dagger/compiler/target/classes
[WARNING] bootstrap class path not set in conjunction with -source 1.6
[INFO] 
[INFO] --- maven-resources-plugin:2.3:testResources (default-testResources) @ dagger-compiler ---
[INFO] Using 'UTF-8' encoding to copy filtered resources.
[INFO] skip non existing resourceDirectory /home/travis/build/square/dagger/compiler/src/test/resources
[INFO] 
[INFO] --- maven-compiler-plugin:3.1:testCompile (default-testCompile) @ dagger-compiler ---
[INFO] Changes detected - recompiling the module!
[INFO] Compiling 3 source files to /home/travis/build/square/dagger/compiler/target/test-classes
[WARNING] bootstrap class path not set in conjunction with -source 1.6
[INFO] 
[INFO] --- maven-surefire-plugin:2.10:test (default-test) @ dagger-compiler ---
[INFO] Surefire report directory: /home/travis/build/square/dagger/compiler/target/surefire-reports

-------------------------------------------------------
 T E S T S
-------------------------------------------------------
Running dagger.internal.codegen.DotWriterTest
Tests run: 4, Failures: 0, Errors: 0, Skipped: 0, Time elapsed: 0.107 sec
Running dagger.internal.codegen.GraphVisualizerTest
Tests run: 7, Failures: 0, Errors: 0, Skipped: 0, Time elapsed: 0.052 sec

Results :

Tests run: 11, Failures: 0, Errors: 0, Skipped: 0

[INFO] 
[INFO] --- maven-jar-plugin:2.2:jar (default-jar) @ dagger-compiler ---
[INFO] Building jar: /home/travis/build/square/dagger/compiler/target/dagger-compiler-1.0.1-SNAPSHOT.jar
[INFO] 
[INFO] --- maven-invoker-plugin:1.7:install (integration-test) @ dagger-compiler ---
[INFO] Installing /home/travis/build/square/dagger/core/pom.xml to /home/travis/build/square/dagger/compiler/target/local-repo/com/squareup/dagger/dagger/1.0.1-SNAPSHOT/dagger-1.0.1-SNAPSHOT.pom
[INFO] Installing /home/travis/build/square/dagger/core/target/dagger-1.0.1-SNAPSHOT.jar to /home/travis/build/square/dagger/compiler/target/local-repo/com/squareup/dagger/dagger/1.0.1-SNAPSHOT/dagger-1.0.1-SNAPSHOT.jar
[INFO] Installing /home/travis/build/square/dagger/pom.xml to /home/travis/build/square/dagger/compiler/target/local-repo/com/squareup/dagger/dagger-parent/1.0.1-SNAPSHOT/dagger-parent-1.0.1-SNAPSHOT.pom
[INFO] Installing /home/travis/build/square/dagger/compiler/pom.xml to /home/travis/build/square/dagger/compiler/target/local-repo/com/squareup/dagger/dagger-compiler/1.0.1-SNAPSHOT/dagger-compiler-1.0.1-SNAPSHOT.pom
[INFO] Installing /home/travis/build/square/dagger/compiler/target/dagger-compiler-1.0.1-SNAPSHOT.jar to /home/travis/build/square/dagger/compiler/target/local-repo/com/squareup/dagger/dagger-compiler/1.0.1-SNAPSHOT/dagger-compiler-1.0.1-SNAPSHOT.jar
[INFO] 
[INFO] --- maven-invoker-plugin:1.7:run (integration-test) @ dagger-compiler ---
[INFO] Building: module-type-validation/pom.xml
[INFO] run script verify.bsh
[INFO] ..SUCCESS (62.0 s)
[INFO] Building: private-inject/pom.xml
[INFO] run script verify.bsh
[INFO] ..SUCCESS (11.6 s)
[INFO] Building: unused-provider-methods-pass-compilation-on-library-module/pom.xml
[INFO] ..SUCCESS (30.2 s)
[INFO] Building: provides-method-with-throws-clause/pom.xml
[INFO] run script verify.bsh
[INFO] ..SUCCESS (9.5 s)
[INFO] Building: simple-missing-dependency-failure/pom.xml
[INFO] run script verify.bsh
[INFO] ..SUCCESS (9.2 s)
[INFO] Building: default-package-injected-type/pom.xml
[INFO] ..SUCCESS (10.0 s)
[INFO] Building: multiple-provides-methods/pom.xml
[INFO] run script verify.bsh
[INFO] ..SUCCESS (10.2 s)
[INFO] Building: unused-provider-methods-fail-compilation/pom.xml
[INFO] run script verify.bsh
[INFO] ..SUCCESS (8.7 s)
[INFO] Building: missing-at-inject-constructor/pom.xml
[INFO] run script verify.bsh
[INFO] ..SUCCESS (8.7 s)
[INFO] Building: include-non-module/pom.xml
[INFO] ..SUCCESS (9.1 s)
[INFO] Building: static-injected-binding-doesnt-fail-providers/pom.xml
[INFO] ..SUCCESS (10.1 s)
[INFO] Building: inject-parameterized-type/pom.xml
[INFO] ..SUCCESS (10.3 s)
[INFO] Building: cyclic-module-includes/pom.xml
[INFO] run script verify.bsh
[INFO] ..SUCCESS (8.9 s)
[INFO] Building: provide-provider-or-lazy/pom.xml
[INFO] run script verify.bsh
[INFO] ..SUCCESS (7.8 s)
[INFO] Building: method-injection/pom.xml
[INFO] run script verify.bsh
[INFO] ..SUCCESS (8.0 s)
[INFO] Building: inner-classes-complaint-injection/pom.xml
[INFO] run script verify.bsh
[INFO] ..SUCCESS (8.1 s)
[INFO] Building: uninjectable-supertype/pom.xml
[INFO] ..SUCCESS (11.4 s)
[INFO] Building: same-provides-method-name/pom.xml
[INFO] ..SUCCESS (10.5 s)
[INFO] Building: extension-graph/pom.xml
[INFO] ..SUCCESS (10.3 s)
[INFO] Building: cyclic-deps/pom.xml
[INFO] run script verify.bsh
[INFO] ..SUCCESS (9.5 s)
[INFO] -------------------------------------------------
[INFO] Build Summary:
[INFO]   Passed: 20, Failed: 0, Errors: 0, Skipped: 0
[INFO] -------------------------------------------------
[INFO] 
[INFO] --- maven-checkstyle-plugin:2.10:checkstyle (default) @ dagger-compiler ---
[INFO] Starting audit...
Audit done.

[WARNING] Unable to locate Source XRef to link to - DISABLED
[INFO]                                                                         
[INFO] ------------------------------------------------------------------------
[INFO] Building Examples 1.0.1-SNAPSHOT
[INFO] ------------------------------------------------------------------------
[INFO] 
[INFO] --- maven-enforcer-plugin:1.0:enforce (enforce-maven) @ dagger-example-parent ---
[INFO] 
[INFO] --- maven-checkstyle-plugin:2.10:checkstyle (default) @ dagger-example-parent ---
[INFO]                                                                         
[INFO] ------------------------------------------------------------------------
[INFO] Building Examples: Simple 1.0.1-SNAPSHOT
[INFO] ------------------------------------------------------------------------
[INFO] 
[INFO] --- maven-enforcer-plugin:1.0:enforce (enforce-maven) @ simple ---
[INFO] 
[INFO] --- maven-resources-plugin:2.3:resources (default-resources) @ simple ---
[INFO] Using 'UTF-8' encoding to copy filtered resources.
[INFO] skip non existing resourceDirectory /home/travis/build/square/dagger/examples/simple/src/main/resources
[INFO] 
[INFO] --- maven-compiler-plugin:3.1:compile (default-compile) @ simple ---
[INFO] Changes detected - recompiling the module!
[INFO] Compiling 8 source files to /home/travis/build/square/dagger/examples/simple/target/classes
[WARNING] bootstrap class path not set in conjunction with -source 1.6
[WARNING] No processor claimed any of these annotations: dagger.Provides,javax.inject.Singleton
[INFO] 
[INFO] --- maven-resources-plugin:2.3:testResources (default-testResources) @ simple ---
[INFO] Using 'UTF-8' encoding to copy filtered resources.
[INFO] skip non existing resourceDirectory /home/travis/build/square/dagger/examples/simple/src/test/resources
[INFO] 
[INFO] --- maven-compiler-plugin:3.1:testCompile (default-testCompile) @ simple ---
[INFO] No sources to compile
[INFO] 
[INFO] --- maven-surefire-plugin:2.10:test (default-test) @ simple ---
[INFO] No tests to run.
[INFO] Surefire report directory: /home/travis/build/square/dagger/examples/simple/target/surefire-reports
Downloading: http://maven.mirrors.travis-ci.org/nexus/content/repositories/central/org/apache/maven/surefire/surefire-junit3/2.10/surefire-junit3-2.10.pom
2/2 KB              Downloaded: http://maven.mirrors.travis-ci.org/nexus/content/repositories/central/org/apache/maven/surefire/surefire-junit3/2.10/surefire-junit3-2.10.pom (2 KB at 3.0 KB/sec)
Downloading: http://maven.mirrors.travis-ci.org/nexus/content/repositories/central/org/apache/maven/surefire/surefire-junit3/2.10/surefire-junit3-2.10.jar
4/26 KB   8/26 KB   9/26 KB   13/26 KB   17/26 KB   21/26 KB   25/26 KB   26/26 KB              Downloaded: http://maven.mirrors.travis-ci.org/nexus/content/repositories/central/org/apache/maven/surefire/surefire-junit3/2.10/surefire-junit3-2.10.jar (26 KB at 46.8 KB/sec)

-------------------------------------------------------
 T E S T S
-------------------------------------------------------

Results :

Tests run: 0, Failures: 0, Errors: 0, Skipped: 0

[INFO] 
[INFO] --- maven-jar-plugin:2.2:jar (default-jar) @ simple ---
[INFO] Building jar: /home/travis/build/square/dagger/examples/simple/target/simple-1.0.1-SNAPSHOT.jar
[INFO] 
[INFO] --- maven-checkstyle-plugin:2.10:checkstyle (default) @ simple ---
[INFO] Starting audit...
Audit done.

[WARNING] Unable to locate Source XRef to link to - DISABLED
[INFO] ------------------------------------------------------------------------
[INFO] Reactor Summary:
[INFO] 
[INFO] Dagger (Parent) ................................... SUCCESS [2.687s]
[INFO] Dagger ............................................ SUCCESS [11.147s]
[INFO] Dagger Compiler ................................... SUCCESS [4:30.675s]
[INFO] Examples .......................................... SUCCESS [0.026s]
[INFO] Examples: Simple .................................. SUCCESS [3.591s]
[INFO] ------------------------------------------------------------------------
[INFO] BUILD SUCCESS
[INFO] ------------------------------------------------------------------------
[INFO] Total time: 4:48.646s
[INFO] Finished at: Tue May 07 19:50:37 UTC 2013
[INFO] Final Memory: 23M/167M
[INFO] ------------------------------------------------------------------------

The command "mvn verify -P!android" exited with 0.

Done. Your build exited with 0.
