Using worker: worker-linux-2-2.bb.travis-ci.org:travis-linux-4

travis_fold:start:git.1$ git clone --depth=50 git://github.com/square/dagger.git square/dagger
Cloning into 'square/dagger'...
remote: Counting objects: 1929, done.[K
remote: Compressing objects:   0% (1/1030)   [Kremote: Compressing objects:   1% (11/1030)   [Kremote: Compressing objects:   2% (21/1030)   [Kremote: Compressing objects:   3% (31/1030)   [Kremote: Compressing objects:   4% (42/1030)   [Kremote: Compressing objects:   5% (52/1030)   [Kremote: Compressing objects:   6% (62/1030)   [Kremote: Compressing objects:   7% (73/1030)   [Kremote: Compressing objects:   8% (83/1030)   [Kremote: Compressing objects:   9% (93/1030)   [Kremote: Compressing objects:  10% (103/1030)   [Kremote: Compressing objects:  11% (114/1030)   [Kremote: Compressing objects:  12% (124/1030)   [Kremote: Compressing objects:  13% (134/1030)   [Kremote: Compressing objects:  14% (145/1030)   [Kremote: Compressing objects:  15% (155/1030)   [Kremote: Compressing objects:  16% (165/1030)   [Kremote: Compressing objects:  17% (176/1030)   [Kremote: Compressing objects:  18% (186/1030)   [Kremote: Compressing objects:  19% (196/1030)   [Kremote: Compressing objects:  20% (206/1030)   [Kremote: Compressing objects:  21% (217/1030)   [Kremote: Compressing objects:  22% (227/1030)   [Kremote: Compressing objects:  23% (237/1030)   [Kremote: Compressing objects:  24% (248/1030)   [Kremote: Compressing objects:  25% (258/1030)   [Kremote: Compressing objects:  26% (268/1030)   [Kremote: Compressing objects:  27% (279/1030)   [Kremote: Compressing objects:  28% (289/1030)   [Kremote: Compressing objects:  29% (299/1030)   [Kremote: Compressing objects:  30% (309/1030)   [Kremote: Compressing objects:  31% (320/1030)   [Kremote: Compressing objects:  32% (330/1030)   [Kremote: Compressing objects:  33% (340/1030)   [Kremote: Compressing objects:  34% (351/1030)   [Kremote: Compressing objects:  35% (361/1030)   [Kremote: Compressing objects:  36% (371/1030)   [Kremote: Compressing objects:  37% (382/1030)   [Kremote: Compressing objects:  38% (392/1030)   [Kremote: Compressing objects:  39% (402/1030)   [Kremote: Compressing objects:  40% (412/1030)   [Kremote: Compressing objects:  41% (423/1030)   [Kremote: Compressing objects:  42% (433/1030)   [Kremote: Compressing objects:  43% (443/1030)   [Kremote: Compressing objects:  44% (454/1030)   [Kremote: Compressing objects:  45% (464/1030)   [Kremote: Compressing objects:  46% (474/1030)   [Kremote: Compressing objects:  47% (485/1030)   [Kremote: Compressing objects:  48% (495/1030)   [Kremote: Compressing objects:  49% (505/1030)   [Kremote: Compressing objects:  50% (515/1030)   [Kremote: Compressing objects:  51% (526/1030)   [Kremote: Compressing objects:  52% (536/1030)   [Kremote: Compressing objects:  53% (546/1030)   [Kremote: Compressing objects:  54% (557/1030)   [Kremote: Compressing objects:  55% (567/1030)   [Kremote: Compressing objects:  56% (577/1030)   [Kremote: Compressing objects:  57% (588/1030)   [Kremote: Compressing objects:  58% (598/1030)   [Kremote: Compressing objects:  59% (608/1030)   [Kremote: Compressing objects:  60% (618/1030)   [Kremote: Compressing objects:  61% (629/1030)   [Kremote: Compressing objects:  62% (639/1030)   [Kremote: Compressing objects:  63% (649/1030)   [Kremote: Compressing objects:  64% (660/1030)   [Kremote: Compressing objects:  65% (670/1030)   [Kremote: Compressing objects:  66% (680/1030)   [Kremote: Compressing objects:  67% (691/1030)   [Kremote: Compressing objects:  68% (701/1030)   [Kremote: Compressing objects:  69% (711/1030)   [Kremote: Compressing objects:  70% (721/1030)   [Kremote: Compressing objects:  71% (732/1030)   [Kremote: Compressing objects:  72% (742/1030)   [Kremote: Compressing objects:  73% (752/1030)   [Kremote: Compressing objects:  74% (763/1030)   [Kremote: Compressing objects:  75% (773/1030)   [Kremote: Compressing objects:  76% (783/1030)   [Kremote: Compressing objects:  77% (794/1030)   [Kremote: Compressing objects:  78% (804/1030)   [Kremote: Compressing objects:  79% (814/1030)   [Kremote: Compressing objects:  80% (824/1030)   [Kremote: Compressing objects:  81% (835/1030)   [Kremote: Compressing objects:  82% (845/1030)   [Kremote: Compressing objects:  83% (855/1030)   [Kremote: Compressing objects:  84% (866/1030)   [Kremote: Compressing objects:  85% (876/1030)   [Kremote: Compressing objects:  86% (886/1030)   [Kremote: Compressing objects:  87% (897/1030)   [Kremote: Compressing objects:  88% (907/1030)   [Kremote: Compressing objects:  89% (917/1030)   [Kremote: Compressing objects:  90% (927/1030)   [Kremote: Compressing objects:  91% (938/1030)   [Kremote: Compressing objects:  92% (948/1030)   [Kremote: Compressing objects:  93% (958/1030)   [Kremote: Compressing objects:  94% (969/1030)   [Kremote: Compressing objects:  95% (979/1030)   [Kremote: Compressing objects:  96% (989/1030)   [Kremote: Compressing objects:  97% (1000/1030)   [Kremote: Compressing objects:  98% (1010/1030)   [Kremote: Compressing objects:  99% (1020/1030)   [Kremote: Compressing objects: 100% (1030/1030)   [Kremote: Compressing objects: 100% (1030/1030), done.[K
Receiving objects:   0% (1/1929)   Receiving objects:   1% (20/1929)   Receiving objects:   2% (39/1929)   Receiving objects:   3% (58/1929)   Receiving objects:   4% (78/1929)   Receiving objects:   5% (97/1929)   Receiving objects:   6% (116/1929)   Receiving objects:   7% (136/1929)   Receiving objects:   8% (155/1929)   Receiving objects:   9% (174/1929)   Receiving objects:  10% (193/1929)   Receiving objects:  11% (213/1929)   Receiving objects:  12% (232/1929)   Receiving objects:  13% (251/1929)   Receiving objects:  14% (271/1929)   Receiving objects:  15% (290/1929)   Receiving objects:  16% (309/1929)   Receiving objects:  17% (328/1929)   Receiving objects:  18% (348/1929)   Receiving objects:  19% (367/1929)   Receiving objects:  20% (386/1929)   Receiving objects:  21% (406/1929)   Receiving objects:  22% (425/1929)   Receiving objects:  23% (444/1929)   Receiving objects:  24% (463/1929)   Receiving objects:  25% (483/1929)   Receiving objects:  26% (502/1929)   Receiving objects:  27% (521/1929)   Receiving objects:  28% (541/1929)   Receiving objects:  29% (560/1929)   Receiving objects:  30% (579/1929)   Receiving objects:  31% (598/1929)   Receiving objects:  32% (618/1929)   Receiving objects:  33% (637/1929)   Receiving objects:  34% (656/1929)   Receiving objects:  35% (676/1929)   Receiving objects:  36% (695/1929)   Receiving objects:  37% (714/1929)   Receiving objects:  38% (734/1929)   Receiving objects:  39% (753/1929)   Receiving objects:  40% (772/1929)   Receiving objects:  41% (791/1929)   Receiving objects:  42% (811/1929)   Receiving objects:  43% (830/1929)   Receiving objects:  44% (849/1929)   Receiving objects:  45% (869/1929)   Receiving objects:  46% (888/1929)   Receiving objects:  47% (907/1929)   Receiving objects:  48% (926/1929)   Receiving objects:  49% (946/1929)   Receiving objects:  50% (965/1929)   Receiving objects:  51% (984/1929)   Receiving objects:  52% (1004/1929)   Receiving objects:  53% (1023/1929)   Receiving objects:  54% (1042/1929)   Receiving objects:  55% (1061/1929)   Receiving objects:  56% (1081/1929)   remote: Total 1929 (delta 668), reused 1639 (delta 433)[K
Receiving objects:  57% (1100/1929)   Receiving objects:  58% (1119/1929)   Receiving objects:  59% (1139/1929)   Receiving objects:  60% (1158/1929)   Receiving objects:  61% (1177/1929)   Receiving objects:  62% (1196/1929)   Receiving objects:  63% (1216/1929)   Receiving objects:  64% (1235/1929)   Receiving objects:  65% (1254/1929)   Receiving objects:  66% (1274/1929)   Receiving objects:  67% (1293/1929)   Receiving objects:  68% (1312/1929)   Receiving objects:  69% (1332/1929)   Receiving objects:  70% (1351/1929)   Receiving objects:  71% (1370/1929)   Receiving objects:  72% (1389/1929)   Receiving objects:  73% (1409/1929)   Receiving objects:  74% (1428/1929)   Receiving objects:  75% (1447/1929)   Receiving objects:  76% (1467/1929)   Receiving objects:  77% (1486/1929)   Receiving objects:  78% (1505/1929)   Receiving objects:  79% (1524/1929)   Receiving objects:  80% (1544/1929)   Receiving objects:  81% (1563/1929)   Receiving objects:  82% (1582/1929)   Receiving objects:  83% (1602/1929)   Receiving objects:  84% (1621/1929)   Receiving objects:  85% (1640/1929)   Receiving objects:  86% (1659/1929)   Receiving objects:  87% (1679/1929)   Receiving objects:  88% (1698/1929)   Receiving objects:  89% (1717/1929)   Receiving objects:  90% (1737/1929)   Receiving objects:  91% (1756/1929)   Receiving objects:  92% (1775/1929)   Receiving objects:  93% (1794/1929)   Receiving objects:  94% (1814/1929)   Receiving objects:  95% (1833/1929)   Receiving objects:  96% (1852/1929)   Receiving objects:  97% (1872/1929)   Receiving objects:  98% (1891/1929)   Receiving objects:  99% (1910/1929)   Receiving objects: 100% (1929/1929)   Receiving objects: 100% (1929/1929), 529.06 KiB, done.
Resolving deltas:   0% (0/668)   Resolving deltas:   1% (7/668)   Resolving deltas:   2% (16/668)   Resolving deltas:   3% (21/668)   Resolving deltas:   4% (30/668)   Resolving deltas:  11% (76/668)   Resolving deltas:  13% (91/668)   Resolving deltas:  14% (96/668)   Resolving deltas:  15% (106/668)   Resolving deltas:  16% (107/668)   Resolving deltas:  20% (134/668)   Resolving deltas:  21% (143/668)   Resolving deltas:  22% (151/668)   Resolving deltas:  23% (157/668)   Resolving deltas:  26% (174/668)   Resolving deltas:  27% (185/668)   Resolving deltas:  28% (191/668)   Resolving deltas:  32% (220/668)   Resolving deltas:  33% (221/668)   Resolving deltas:  37% (249/668)   Resolving deltas:  38% (256/668)   Resolving deltas:  42% (284/668)   Resolving deltas:  43% (291/668)   Resolving deltas:  44% (294/668)   Resolving deltas:  45% (301/668)   Resolving deltas:  46% (308/668)   Resolving deltas:  47% (318/668)   Resolving deltas:  48% (321/668)   Resolving deltas:  49% (328/668)   Resolving deltas:  50% (335/668)   Resolving deltas:  51% (341/668)   Resolving deltas:  52% (348/668)   Resolving deltas:  53% (355/668)   Resolving deltas:  54% (362/668)   Resolving deltas:  55% (368/668)   Resolving deltas:  57% (386/668)   Resolving deltas:  64% (433/668)   Resolving deltas:  65% (438/668)   Resolving deltas:  66% (443/668)   Resolving deltas:  67% (448/668)   Resolving deltas:  68% (458/668)   Resolving deltas:  70% (469/668)   Resolving deltas:  71% (477/668)   Resolving deltas:  72% (483/668)   Resolving deltas:  73% (488/668)   Resolving deltas:  74% (495/668)   Resolving deltas:  77% (517/668)   Resolving deltas:  78% (523/668)   Resolving deltas:  81% (545/668)   Resolving deltas:  88% (588/668)   Resolving deltas:  89% (595/668)   Resolving deltas:  90% (602/668)   Resolving deltas:  91% (610/668)   Resolving deltas:  92% (616/668)   Resolving deltas:  93% (622/668)   Resolving deltas:  95% (635/668)   Resolving deltas:  96% (646/668)   Resolving deltas:  97% (648/668)   Resolving deltas:  98% (657/668)   Resolving deltas:  99% (662/668)   Resolving deltas: 100% (668/668)   Resolving deltas: 100% (668/668), done.
travis_fold:end:git.1$ cd square/dagger
travis_fold:start:git.2$ git fetch origin +refs/pull/237/merge: 
remote: Counting objects: 3, done.[K
remote: Compressing objects: 100% (1/1)   [Kremote: Compressing objects: 100% (1/1), done.[K
remote: Total 1 (delta 0), reused 1 (delta 0)[K
Unpacking objects: 100% (1/1)   Unpacking objects: 100% (1/1), done.
From git://github.com/square/dagger
 * branch            refs/pull/237/merge -> FETCH_HEAD
travis_fold:end:git.2travis_fold:start:git.3$ git checkout -qf FETCH_HEAD
travis_fold:end:git.3$ java -version
java version "1.7.0_15"
OpenJDK Runtime Environment (IcedTea7 2.3.7) (7u15-2.3.7-0ubuntu1~12.04.1)
OpenJDK 64-Bit Server VM (build 23.7-b01, mixed mode)
$ javac -version
javac 1.7.0_15
travis_fold:start:install$ mvn install clean -P!android --fail-never --quiet -DskipTests=true -Dinvoker.skip=true
travis_fold:end:install$ mvn verify -P!android
[INFO] Scanning for projects...
[INFO] ------------------------------------------------------------------------
[INFO] Reactor Build Order:
[INFO] 
[INFO] Dagger (Parent)
[INFO] Dagger
[INFO] Dagger Compiler
[INFO] Examples
[INFO] Examples: Simple
[INFO]                                                                         
[INFO] ------------------------------------------------------------------------
[INFO] Building Dagger (Parent) 1.0.1-SNAPSHOT
[INFO] ------------------------------------------------------------------------
[INFO] 
[INFO] --- maven-enforcer-plugin:1.0:enforce (enforce-maven) @ dagger-parent ---
[INFO] 
[INFO] --- maven-checkstyle-plugin:2.10:checkstyle (default) @ dagger-parent ---
[INFO]                                                                         
[INFO] ------------------------------------------------------------------------
[INFO] Building Dagger 1.0.1-SNAPSHOT
[INFO] ------------------------------------------------------------------------
[INFO] 
[INFO] --- maven-enforcer-plugin:1.0:enforce (enforce-maven) @ dagger ---
[INFO] 
[INFO] --- maven-resources-plugin:2.3:resources (default-resources) @ dagger ---
[INFO] Using 'UTF-8' encoding to copy filtered resources.
[INFO] skip non existing resourceDirectory /home/travis/build/square/dagger/core/src/main/resources
[INFO] 
[INFO] --- maven-compiler-plugin:3.1:compile (default-compile) @ dagger ---
[INFO] Changes detected - recompiling the module!
[INFO] Compiling 24 source files to /home/travis/build/square/dagger/core/target/classes
[WARNING] bootstrap class path not set in conjunction with -source 1.6
[WARNING] /home/travis/build/square/dagger/core/src/main/java/dagger/internal/ProblemDetector.java:[33,10] found raw type: dagger.internal.Binding
  missing type arguments for generic class dagger.internal.Binding<T>
[WARNING] /home/travis/build/square/dagger/core/src/main/java/dagger/internal/ProblemDetector.java:[33,50] found raw type: dagger.internal.Binding
  missing type arguments for generic class dagger.internal.Binding<T>
[WARNING] /home/travis/build/square/dagger/core/src/main/java/dagger/internal/UniqueMap.java:[24,8] serializable class dagger.internal.UniqueMap has no definition of serialVersionUID
[WARNING] /home/travis/build/square/dagger/core/src/main/java/dagger/internal/plugins/reflect/ReflectiveModuleAdapter.java:[152,24] found raw type: dagger.internal.Binding
  missing type arguments for generic class dagger.internal.Binding<T>
[INFO] 
[INFO] --- maven-resources-plugin:2.3:testResources (default-testResources) @ dagger ---
[INFO] Using 'UTF-8' encoding to copy filtered resources.
[INFO] skip non existing resourceDirectory /home/travis/build/square/dagger/core/src/test/resources
[INFO] 
[INFO] --- maven-compiler-plugin:3.1:testCompile (default-testCompile) @ dagger ---
[INFO] Changes detected - recompiling the module!
[INFO] Compiling 14 source files to /home/travis/build/square/dagger/core/target/test-classes
[WARNING] bootstrap class path not set in conjunction with -source 1.6
[WARNING] /home/travis/build/square/dagger/core/src/test/java/dagger/ModuleTest.java:[218,17] found raw type: javax.inject.Provider
  missing type arguments for generic class javax.inject.Provider<T>
[WARNING] /home/travis/build/square/dagger/core/src/test/java/dagger/ModuleTest.java:[252,17] found raw type: dagger.Lazy
  missing type arguments for generic class dagger.Lazy<T>
[INFO] 
[INFO] --- maven-surefire-plugin:2.10:test (default-test) @ dagger ---
[INFO] Surefire report directory: /home/travis/build/square/dagger/core/target/surefire-reports
Downloading: http://maven.mirrors.travis-ci.org/nexus/content/repositories/central/org/apache/maven/surefire/surefire-junit4/2.10/surefire-junit4-2.10.pom
3/3 KB            Downloaded: http://maven.mirrors.travis-ci.org/nexus/content/repositories/central/org/apache/maven/surefire/surefire-junit4/2.10/surefire-junit4-2.10.pom (3 KB at 4.1 KB/sec)
Downloading: http://maven.mirrors.travis-ci.org/nexus/content/repositories/central/org/apache/maven/surefire/surefire-providers/2.10/surefire-providers-2.10.pom
3/3 KB            Downloaded: http://maven.mirrors.travis-ci.org/nexus/content/repositories/central/org/apache/maven/surefire/surefire-providers/2.10/surefire-providers-2.10.pom (3 KB at 7.2 KB/sec)
Downloading: http://maven.mirrors.travis-ci.org/nexus/content/repositories/central/org/apache/maven/surefire/surefire-junit4/2.10/surefire-junit4-2.10.jar
4/33 KB   8/33 KB   9/33 KB   13/33 KB   17/33 KB   21/33 KB   25/33 KB   27/33 KB   31/33 KB   33/33 KB              Downloaded: http://maven.mirrors.travis-ci.org/nexus/content/repositories/central/org/apache/maven/surefire/surefire-junit4/2.10/surefire-junit4-2.10.jar (33 KB at 65.2 KB/sec)

-------------------------------------------------------
 T E S T S
-------------------------------------------------------
Running dagger.MembersInjectorTest
Tests run: 8, Failures: 0, Errors: 0, Skipped: 0, Time elapsed: 0.162 sec
Running dagger.internal.SingletonBindingTest
Tests run: 7, Failures: 0, Errors: 0, Skipped: 0, Time elapsed: 0.017 sec
Running dagger.internal.KeysTest
Tests run: 18, Failures: 0, Errors: 0, Skipped: 0, Time elapsed: 0.05 sec
Running dagger.ProblemDetectorTest
Tests run: 3, Failures: 0, Errors: 0, Skipped: 0, Time elapsed: 0.014 sec
Running dagger.InjectStaticsTest
Tests run: 3, Failures: 0, Errors: 0, Skipped: 0, Time elapsed: 0.012 sec
Running dagger.LazyInjectionTest
Tests run: 5, Failures: 0, Errors: 0, Skipped: 0, Time elapsed: 0.012 sec
Running dagger.ExtensionTest
Tests run: 3, Failures: 0, Errors: 0, Skipped: 0, Time elapsed: 0.031 sec
Running dagger.InjectionTest
Tests run: 37, Failures: 0, Errors: 0, Skipped: 0, Time elapsed: 0.174 sec
Running dagger.ModuleTest
Tests run: 14, Failures: 0, Errors: 0, Skipped: 0, Time elapsed: 0.039 sec
Running dagger.SetBindingTest
Tests run: 7, Failures: 0, Errors: 0, Skipped: 0, Time elapsed: 0.032 sec
Running dagger.ThreadSafetyTest
Tests run: 2, Failures: 0, Errors: 0, Skipped: 0, Time elapsed: 0.055 sec
Running dagger.ExtensionWithStateTest
Tests run: 1, Failures: 0, Errors: 0, Skipped: 0, Time elapsed: 0.003 sec
Running dagger.UnusedProviderTest
Tests run: 4, Failures: 0, Errors: 0, Skipped: 0, Time elapsed: 0.014 sec
Running dagger.InjectionOfLazyTest
Tests run: 4, Failures: 0, Errors: 0, Skipped: 0, Time elapsed: 0.013 sec

Results :

Tests run: 116, Failures: 0, Errors: 0, Skipped: 0

[INFO] 
[INFO] --- maven-jar-plugin:2.2:jar (default-jar) @ dagger ---
[INFO] Building jar: /home/travis/build/square/dagger/core/target/dagger-1.0.1-SNAPSHOT.jar
[INFO] 
[INFO] --- maven-checkstyle-plugin:2.10:checkstyle (default) @ dagger ---
[INFO] Starting audit...
Audit done.

[WARNING] Unable to locate Source XRef to link to - DISABLED
[INFO]                                                                         
[INFO] ------------------------------------------------------------------------
[INFO] Building Dagger Compiler 1.0.1-SNAPSHOT
[INFO] ------------------------------------------------------------------------
[INFO] 
[INFO] --- maven-enforcer-plugin:1.0:enforce (enforce-maven) @ dagger-compiler ---
[INFO] 
[INFO] --- maven-resources-plugin:2.3:resources (default-resources) @ dagger-compiler ---
[INFO] Using 'UTF-8' encoding to copy filtered resources.
[INFO] Copying 1 resource
[INFO] 
[INFO] --- maven-compiler-plugin:3.1:compile (default-compile) @ dagger-compiler ---
[INFO] Changes detected - recompiling the module!
[INFO] Compiling 12 source files to /home/travis/build/square/dagger/compiler/target/classes
[WARNING] bootstrap class path not set in conjunction with -source 1.6
[INFO] 
[INFO] --- maven-resources-plugin:2.3:testResources (default-testResources) @ dagger-compiler ---
[INFO] Using 'UTF-8' encoding to copy filtered resources.
[INFO] skip non existing resourceDirectory /home/travis/build/square/dagger/compiler/src/test/resources
[INFO] 
[INFO] --- maven-compiler-plugin:3.1:testCompile (default-testCompile) @ dagger-compiler ---
[INFO] Changes detected - recompiling the module!
[INFO] Compiling 3 source files to /home/travis/build/square/dagger/compiler/target/test-classes
[WARNING] bootstrap class path not set in conjunction with -source 1.6
[INFO] 
[INFO] --- maven-surefire-plugin:2.10:test (default-test) @ dagger-compiler ---
[INFO] Surefire report directory: /home/travis/build/square/dagger/compiler/target/surefire-reports

-------------------------------------------------------
 T E S T S
-------------------------------------------------------
Running dagger.internal.codegen.DotWriterTest
Tests run: 4, Failures: 0, Errors: 0, Skipped: 0, Time elapsed: 0.089 sec
Running dagger.internal.codegen.GraphVisualizerTest
Tests run: 7, Failures: 0, Errors: 0, Skipped: 0, Time elapsed: 0.045 sec

Results :

Tests run: 11, Failures: 0, Errors: 0, Skipped: 0

[INFO] 
[INFO] --- maven-jar-plugin:2.2:jar (default-jar) @ dagger-compiler ---
[INFO] Building jar: /home/travis/build/square/dagger/compiler/target/dagger-compiler-1.0.1-SNAPSHOT.jar
[INFO] 
[INFO] --- maven-invoker-plugin:1.7:install (integration-test) @ dagger-compiler ---
[INFO] Installing /home/travis/build/square/dagger/core/pom.xml to /home/travis/build/square/dagger/compiler/target/local-repo/com/squareup/dagger/dagger/1.0.1-SNAPSHOT/dagger-1.0.1-SNAPSHOT.pom
[INFO] Installing /home/travis/build/square/dagger/core/target/dagger-1.0.1-SNAPSHOT.jar to /home/travis/build/square/dagger/compiler/target/local-repo/com/squareup/dagger/dagger/1.0.1-SNAPSHOT/dagger-1.0.1-SNAPSHOT.jar
[INFO] Installing /home/travis/build/square/dagger/pom.xml to /home/travis/build/square/dagger/compiler/target/local-repo/com/squareup/dagger/dagger-parent/1.0.1-SNAPSHOT/dagger-parent-1.0.1-SNAPSHOT.pom
[INFO] Installing /home/travis/build/square/dagger/compiler/pom.xml to /home/travis/build/square/dagger/compiler/target/local-repo/com/squareup/dagger/dagger-compiler/1.0.1-SNAPSHOT/dagger-compiler-1.0.1-SNAPSHOT.pom
[INFO] Installing /home/travis/build/square/dagger/compiler/target/dagger-compiler-1.0.1-SNAPSHOT.jar to /home/travis/build/square/dagger/compiler/target/local-repo/com/squareup/dagger/dagger-compiler/1.0.1-SNAPSHOT/dagger-compiler-1.0.1-SNAPSHOT.jar
[INFO] 
[INFO] --- maven-invoker-plugin:1.7:run (integration-test) @ dagger-compiler ---
[INFO] Building: include-non-module/pom.xml
[INFO] ..SUCCESS (58.9 s)
[INFO] Building: inject-parameterized-type/pom.xml
[INFO] ..SUCCESS (28.7 s)
[INFO] Building: provide-provider-or-lazy/pom.xml
[INFO] run script verify.bsh
[INFO] ..SUCCESS (7.6 s)
[INFO] Building: unused-provider-methods-pass-compilation-on-library-module/pom.xml
[INFO] ..SUCCESS (9.5 s)
[INFO] Building: missing-at-inject-constructor/pom.xml
[INFO] run script verify.bsh
[INFO] ..SUCCESS (8.5 s)
[INFO] Building: private-inject/pom.xml
[INFO] run script verify.bsh
[INFO] ..SUCCESS (7.9 s)
[INFO] Building: module-type-validation/pom.xml
[INFO] run script verify.bsh
[INFO] ..SUCCESS (7.6 s)
[INFO] Building: cyclic-deps/pom.xml
[INFO] run script verify.bsh
[INFO] ..SUCCESS (8.4 s)
[INFO] Building: multiple-provides-methods/pom.xml
[INFO] run script verify.bsh
[INFO] ..SUCCESS (9.6 s)
[INFO] Building: extension-graph/pom.xml
[INFO] ..SUCCESS (10.2 s)
[INFO] Building: cyclic-module-includes/pom.xml
[INFO] run script verify.bsh
[INFO] ..SUCCESS (8.2 s)
[INFO] Building: same-provides-method-name/pom.xml
[INFO] ..SUCCESS (9.2 s)
[INFO] Building: uninjectable-supertype/pom.xml
[INFO] ..SUCCESS (9.2 s)
[INFO] Building: simple-missing-dependency-failure/pom.xml
[INFO] run script verify.bsh
[INFO] ..SUCCESS (8.4 s)
[INFO] Building: unused-provider-methods-fail-compilation/pom.xml
[INFO] run script verify.bsh
[INFO] ..SUCCESS (8.4 s)
[INFO] Building: inner-classes-complaint-injection/pom.xml
[INFO] run script verify.bsh
[INFO] ..SUCCESS (8.2 s)
[INFO] Building: provides-method-with-throws-clause/pom.xml
[INFO] run script verify.bsh
[INFO] ..SUCCESS (8.1 s)
[INFO] Building: static-injected-binding-doesnt-fail-providers/pom.xml
[INFO] ..SUCCESS (10.0 s)
[INFO] Building: method-injection/pom.xml
[INFO] run script verify.bsh
[INFO] ..SUCCESS (8.1 s)
[INFO] Building: default-package-injected-type/pom.xml
[INFO] ..SUCCESS (13.1 s)
[INFO] -------------------------------------------------
[INFO] Build Summary:
[INFO]   Passed: 20, Failed: 0, Errors: 0, Skipped: 0
[INFO] -------------------------------------------------
[INFO] 
[INFO] --- maven-checkstyle-plugin:2.10:checkstyle (default) @ dagger-compiler ---
[INFO] Starting audit...
Audit done.

[WARNING] Unable to locate Source XRef to link to - DISABLED
[INFO]                                                                         
[INFO] ------------------------------------------------------------------------
[INFO] Building Examples 1.0.1-SNAPSHOT
[INFO] ------------------------------------------------------------------------
[INFO] 
[INFO] --- maven-enforcer-plugin:1.0:enforce (enforce-maven) @ dagger-example-parent ---
[INFO] 
[INFO] --- maven-checkstyle-plugin:2.10:checkstyle (default) @ dagger-example-parent ---
[INFO]                                                                         
[INFO] ------------------------------------------------------------------------
[INFO] Building Examples: Simple 1.0.1-SNAPSHOT
[INFO] ------------------------------------------------------------------------
[INFO] 
[INFO] --- maven-enforcer-plugin:1.0:enforce (enforce-maven) @ simple ---
[INFO] 
[INFO] --- maven-resources-plugin:2.3:resources (default-resources) @ simple ---
[INFO] Using 'UTF-8' encoding to copy filtered resources.
[INFO] skip non existing resourceDirectory /home/travis/build/square/dagger/examples/simple/src/main/resources
[INFO] 
[INFO] --- maven-compiler-plugin:3.1:compile (default-compile) @ simple ---
[INFO] Changes detected - recompiling the module!
[INFO] Compiling 8 source files to /home/travis/build/square/dagger/examples/simple/target/classes
[WARNING] bootstrap class path not set in conjunction with -source 1.6
[WARNING] No processor claimed any of these annotations: dagger.Provides,javax.inject.Singleton
[INFO] 
[INFO] --- maven-resources-plugin:2.3:testResources (default-testResources) @ simple ---
[INFO] Using 'UTF-8' encoding to copy filtered resources.
[INFO] skip non existing resourceDirectory /home/travis/build/square/dagger/examples/simple/src/test/resources
[INFO] 
[INFO] --- maven-compiler-plugin:3.1:testCompile (default-testCompile) @ simple ---
[INFO] No sources to compile
[INFO] 
[INFO] --- maven-surefire-plugin:2.10:test (default-test) @ simple ---
[INFO] No tests to run.
[INFO] Surefire report directory: /home/travis/build/square/dagger/examples/simple/target/surefire-reports
Downloading: http://maven.mirrors.travis-ci.org/nexus/content/repositories/central/org/apache/maven/surefire/surefire-junit3/2.10/surefire-junit3-2.10.pom
2/2 KB              Downloaded: http://maven.mirrors.travis-ci.org/nexus/content/repositories/central/org/apache/maven/surefire/surefire-junit3/2.10/surefire-junit3-2.10.pom (2 KB at 3.0 KB/sec)
Downloading: http://maven.mirrors.travis-ci.org/nexus/content/repositories/central/org/apache/maven/surefire/surefire-junit3/2.10/surefire-junit3-2.10.jar
4/26 KB   8/26 KB   9/26 KB   13/26 KB   17/26 KB   21/26 KB   25/26 KB   26/26 KB              Downloaded: http://maven.mirrors.travis-ci.org/nexus/content/repositories/central/org/apache/maven/surefire/surefire-junit3/2.10/surefire-junit3-2.10.jar (26 KB at 58.4 KB/sec)

-------------------------------------------------------
 T E S T S
-------------------------------------------------------

Results :

Tests run: 0, Failures: 0, Errors: 0, Skipped: 0

[INFO] 
[INFO] --- maven-jar-plugin:2.2:jar (default-jar) @ simple ---
[INFO] Building jar: /home/travis/build/square/dagger/examples/simple/target/simple-1.0.1-SNAPSHOT.jar
[INFO] 
[INFO] --- maven-checkstyle-plugin:2.10:checkstyle (default) @ simple ---
[INFO] Starting audit...
Audit done.

[WARNING] Unable to locate Source XRef to link to - DISABLED
[INFO] ------------------------------------------------------------------------
[INFO] Reactor Summary:
[INFO] 
[INFO] Dagger (Parent) ................................... SUCCESS [2.418s]
[INFO] Dagger ............................................ SUCCESS [9.043s]
[INFO] Dagger Compiler ................................... SUCCESS [4:11.358s]
[INFO] Examples .......................................... SUCCESS [0.011s]
[INFO] Examples: Simple .................................. SUCCESS [2.386s]
[INFO] ------------------------------------------------------------------------
[INFO] BUILD SUCCESS
[INFO] ------------------------------------------------------------------------
[INFO] Total time: 4:25.670s
[INFO] Finished at: Tue May 07 19:57:00 UTC 2013
[INFO] Final Memory: 24M/201M
[INFO] ------------------------------------------------------------------------

The command "mvn verify -P!android" exited with 0.

Done. Your build exited with 0.
