Using worker: worker-linux-6-2.bb.travis-ci.org:travis-linux-11

travis_fold:start:git.1$ git clone --depth=50 git://github.com/square/dagger.git square/dagger
Cloning into 'square/dagger'...
remote: Counting objects: 1907, done.[K
remote: Compressing objects:   0% (1/1028)   [Kremote: Compressing objects:   1% (11/1028)   [Kremote: Compressing objects:   2% (21/1028)   [Kremote: Compressing objects:   3% (31/1028)   [Kremote: Compressing objects:   4% (42/1028)   [Kremote: Compressing objects:   5% (52/1028)   [Kremote: Compressing objects:   6% (62/1028)   [Kremote: Compressing objects:   7% (72/1028)   [Kremote: Compressing objects:   8% (83/1028)   [Kremote: Compressing objects:   9% (93/1028)   [Kremote: Compressing objects:  10% (103/1028)   [Kremote: Compressing objects:  11% (114/1028)   [Kremote: Compressing objects:  12% (124/1028)   [Kremote: Compressing objects:  13% (134/1028)   [Kremote: Compressing objects:  14% (144/1028)   [Kremote: Compressing objects:  15% (155/1028)   [Kremote: Compressing objects:  16% (165/1028)   [Kremote: Compressing objects:  17% (175/1028)   [Kremote: Compressing objects:  18% (186/1028)   [Kremote: Compressing objects:  19% (196/1028)   [Kremote: Compressing objects:  20% (206/1028)   [Kremote: Compressing objects:  21% (216/1028)   [Kremote: Compressing objects:  22% (227/1028)   [Kremote: Compressing objects:  23% (237/1028)   [Kremote: Compressing objects:  24% (247/1028)   [Kremote: Compressing objects:  25% (257/1028)   [Kremote: Compressing objects:  26% (268/1028)   [Kremote: Compressing objects:  27% (278/1028)   [Kremote: Compressing objects:  28% (288/1028)   [Kremote: Compressing objects:  29% (299/1028)   [Kremote: Compressing objects:  30% (309/1028)   [Kremote: Compressing objects:  31% (319/1028)   [Kremote: Compressing objects:  32% (329/1028)   [Kremote: Compressing objects:  33% (340/1028)   [Kremote: Compressing objects:  34% (350/1028)   [Kremote: Compressing objects:  35% (360/1028)   [Kremote: Compressing objects:  36% (371/1028)   [Kremote: Compressing objects:  37% (381/1028)   [Kremote: Compressing objects:  38% (391/1028)   [Kremote: Compressing objects:  39% (401/1028)   [Kremote: Compressing objects:  40% (412/1028)   [Kremote: Compressing objects:  41% (422/1028)   [Kremote: Compressing objects:  42% (432/1028)   [Kremote: Compressing objects:  43% (443/1028)   [Kremote: Compressing objects:  44% (453/1028)   [Kremote: Compressing objects:  45% (463/1028)   [Kremote: Compressing objects:  46% (473/1028)   [Kremote: Compressing objects:  47% (484/1028)   [Kremote: Compressing objects:  48% (494/1028)   [Kremote: Compressing objects:  49% (504/1028)   [Kremote: Compressing objects:  50% (514/1028)   [Kremote: Compressing objects:  51% (525/1028)   [Kremote: Compressing objects:  52% (535/1028)   [Kremote: Compressing objects:  53% (545/1028)   [Kremote: Compressing objects:  54% (556/1028)   [Kremote: Compressing objects:  55% (566/1028)   [Kremote: Compressing objects:  56% (576/1028)   [Kremote: Compressing objects:  57% (586/1028)   [Kremote: Compressing objects:  58% (597/1028)   [Kremote: Compressing objects:  59% (607/1028)   [Kremote: Compressing objects:  60% (617/1028)   [Kremote: Compressing objects:  61% (628/1028)   [Kremote: Compressing objects:  62% (638/1028)   [Kremote: Compressing objects:  63% (648/1028)   [Kremote: Compressing objects:  64% (658/1028)   [Kremote: Compressing objects:  65% (669/1028)   [Kremote: Compressing objects:  66% (679/1028)   [Kremote: Compressing objects:  67% (689/1028)   [Kremote: Compressing objects:  68% (700/1028)   [Kremote: Compressing objects:  69% (710/1028)   [Kremote: Compressing objects:  70% (720/1028)   [Kremote: Compressing objects:  71% (730/1028)   [Kremote: Compressing objects:  72% (741/1028)   [Kremote: Compressing objects:  73% (751/1028)   [Kremote: Compressing objects:  74% (761/1028)   [Kremote: Compressing objects:  75% (771/1028)   [Kremote: Compressing objects:  76% (782/1028)   [Kremote: Compressing objects:  77% (792/1028)   [Kremote: Compressing objects:  78% (802/1028)   [Kremote: Compressing objects:  79% (813/1028)   [Kremote: Compressing objects:  80% (823/1028)   [Kremote: Compressing objects:  81% (833/1028)   [Kremote: Compressing objects:  82% (843/1028)   [Kremote: Compressing objects:  83% (854/1028)   [Kremote: Compressing objects:  84% (864/1028)   [Kremote: Compressing objects:  85% (874/1028)   [Kremote: Compressing objects:  86% (885/1028)   [Kremote: Compressing objects:  87% (895/1028)   [Kremote: Compressing objects:  88% (905/1028)   [Kremote: Compressing objects:  89% (915/1028)   [Kremote: Compressing objects:  90% (926/1028)   [Kremote: Compressing objects:  91% (936/1028)   [Kremote: Compressing objects:  92% (946/1028)   [Kremote: Compressing objects:  93% (957/1028)   [Kremote: Compressing objects:  94% (967/1028)   [Kremote: Compressing objects:  95% (977/1028)   [Kremote: Compressing objects:  96% (987/1028)   [Kremote: Compressing objects:  97% (998/1028)   [Kremote: Compressing objects:  98% (1008/1028)   [Kremote: Compressing objects:  99% (1018/1028)   [Kremote: Compressing objects: 100% (1028/1028)   [Kremote: Compressing objects: 100% (1028/1028), done.[K
Receiving objects:   0% (1/1907)   Receiving objects:   1% (20/1907)   Receiving objects:   2% (39/1907)   Receiving objects:   3% (58/1907)   Receiving objects:   4% (77/1907)   Receiving objects:   5% (96/1907)   Receiving objects:   6% (115/1907)   Receiving objects:   7% (134/1907)   Receiving objects:   8% (153/1907)   Receiving objects:   9% (172/1907)   Receiving objects:  10% (191/1907)   Receiving objects:  11% (210/1907)   Receiving objects:  12% (229/1907)   Receiving objects:  13% (248/1907)   Receiving objects:  14% (267/1907)   Receiving objects:  15% (287/1907)   Receiving objects:  16% (306/1907)   Receiving objects:  17% (325/1907)   Receiving objects:  18% (344/1907)   Receiving objects:  19% (363/1907)   Receiving objects:  20% (382/1907)   Receiving objects:  21% (401/1907)   Receiving objects:  22% (420/1907)   Receiving objects:  23% (439/1907)   Receiving objects:  24% (458/1907)   Receiving objects:  25% (477/1907)   Receiving objects:  26% (496/1907)   Receiving objects:  27% (515/1907)   Receiving objects:  28% (534/1907)   Receiving objects:  29% (554/1907)   Receiving objects:  30% (573/1907)   Receiving objects:  31% (592/1907)   Receiving objects:  32% (611/1907)   Receiving objects:  33% (630/1907)   Receiving objects:  34% (649/1907)   Receiving objects:  35% (668/1907)   Receiving objects:  36% (687/1907)   Receiving objects:  37% (706/1907)   Receiving objects:  38% (725/1907)   Receiving objects:  39% (744/1907)   Receiving objects:  40% (763/1907)   Receiving objects:  41% (782/1907)   Receiving objects:  42% (801/1907)   Receiving objects:  43% (821/1907)   Receiving objects:  44% (840/1907)   Receiving objects:  45% (859/1907)   Receiving objects:  46% (878/1907)   Receiving objects:  47% (897/1907)   Receiving objects:  48% (916/1907)   Receiving objects:  49% (935/1907)   Receiving objects:  50% (954/1907)   Receiving objects:  51% (973/1907)   Receiving objects:  52% (992/1907)   Receiving objects:  53% (1011/1907)   Receiving objects:  54% (1030/1907)   Receiving objects:  55% (1049/1907)   Receiving objects:  56% (1068/1907)   Receiving objects:  57% (1087/1907)   Receiving objects:  58% (1107/1907)   Receiving objects:  59% (1126/1907)   Receiving objects:  60% (1145/1907)   Receiving objects:  61% (1164/1907)   Receiving objects:  62% (1183/1907)   Receiving objects:  63% (1202/1907)   Receiving objects:  64% (1221/1907)   Receiving objects:  65% (1240/1907)   Receiving objects:  66% (1259/1907)   Receiving objects:  67% (1278/1907)   Receiving objects:  68% (1297/1907)   Receiving objects:  69% (1316/1907)   Receiving objects:  70% (1335/1907)   Receiving objects:  71% (1354/1907)   Receiving objects:  72% (1374/1907)   Receiving objects:  73% (1393/1907)   Receiving objects:  74% (1412/1907)   remote: Total 1907 (delta 669), reused 1605 (delta 416)[K
Receiving objects:  75% (1431/1907)   Receiving objects:  76% (1450/1907)   Receiving objects:  77% (1469/1907)   Receiving objects:  78% (1488/1907)   Receiving objects:  79% (1507/1907)   Receiving objects:  80% (1526/1907)   Receiving objects:  81% (1545/1907)   Receiving objects:  82% (1564/1907)   Receiving objects:  83% (1583/1907)   Receiving objects:  84% (1602/1907)   Receiving objects:  85% (1621/1907)   Receiving objects:  86% (1641/1907)   Receiving objects:  87% (1660/1907)   Receiving objects:  88% (1679/1907)   Receiving objects:  89% (1698/1907)   Receiving objects:  90% (1717/1907)   Receiving objects:  91% (1736/1907)   Receiving objects:  92% (1755/1907)   Receiving objects:  93% (1774/1907)   Receiving objects:  94% (1793/1907)   Receiving objects:  95% (1812/1907)   Receiving objects:  96% (1831/1907)   Receiving objects:  97% (1850/1907)   Receiving objects:  98% (1869/1907)   Receiving objects:  99% (1888/1907)   Receiving objects: 100% (1907/1907)   Receiving objects: 100% (1907/1907), 522.09 KiB, done.
Resolving deltas:   0% (0/669)   Resolving deltas:   1% (8/669)   Resolving deltas:   4% (28/669)   Resolving deltas:   5% (35/669)   Resolving deltas:   6% (44/669)   Resolving deltas:  15% (103/669)   Resolving deltas:  16% (110/669)   Resolving deltas:  17% (114/669)   Resolving deltas:  20% (137/669)   Resolving deltas:  21% (142/669)   Resolving deltas:  22% (151/669)   Resolving deltas:  23% (156/669)   Resolving deltas:  24% (162/669)   Resolving deltas:  29% (199/669)   Resolving deltas:  38% (255/669)   Resolving deltas:  39% (261/669)   Resolving deltas:  41% (279/669)   Resolving deltas:  46% (312/669)   Resolving deltas:  47% (316/669)   Resolving deltas:  50% (338/669)   Resolving deltas:  51% (345/669)   Resolving deltas:  52% (349/669)   Resolving deltas:  53% (355/669)   Resolving deltas:  54% (363/669)   Resolving deltas:  56% (375/669)   Resolving deltas:  57% (385/669)   Resolving deltas:  58% (390/669)   Resolving deltas:  59% (397/669)   Resolving deltas:  60% (402/669)   Resolving deltas:  61% (409/669)   Resolving deltas:  62% (415/669)   Resolving deltas:  63% (422/669)   Resolving deltas:  64% (431/669)   Resolving deltas:  65% (435/669)   Resolving deltas:  67% (450/669)   Resolving deltas:  68% (456/669)   Resolving deltas:  69% (462/669)   Resolving deltas:  70% (470/669)   Resolving deltas:  71% (481/669)   Resolving deltas:  72% (482/669)   Resolving deltas:  73% (490/669)   Resolving deltas:  74% (496/669)   Resolving deltas:  75% (503/669)   Resolving deltas:  76% (513/669)   Resolving deltas:  77% (518/669)   Resolving deltas:  78% (525/669)   Resolving deltas:  81% (546/669)   Resolving deltas:  82% (549/669)   Resolving deltas:  89% (599/669)   Resolving deltas:  90% (606/669)   Resolving deltas:  91% (614/669)   Resolving deltas:  92% (616/669)   Resolving deltas:  93% (626/669)   Resolving deltas:  94% (631/669)   Resolving deltas:  95% (636/669)   Resolving deltas:  96% (643/669)   Resolving deltas:  97% (655/669)   Resolving deltas:  98% (657/669)   Resolving deltas:  99% (663/669)   Resolving deltas: 100% (669/669)   Resolving deltas: 100% (669/669), done.
travis_fold:end:git.1$ cd square/dagger
travis_fold:start:git.2$ git fetch origin +refs/pull/242/merge: 
remote: Counting objects: 16, done.[K
remote: Compressing objects:  25% (1/4)   [Kremote: Compressing objects:  50% (2/4)   [Kremote: Compressing objects:  75% (3/4)   [Kremote: Compressing objects: 100% (4/4)   [Kremote: Compressing objects: 100% (4/4), done.[K
remote: Total 9 (delta 4), reused 8 (delta 3)[K
Unpacking objects:  11% (1/9)   Unpacking objects:  22% (2/9)   Unpacking objects:  33% (3/9)   Unpacking objects:  44% (4/9)   Unpacking objects:  55% (5/9)   Unpacking objects:  66% (6/9)   Unpacking objects:  77% (7/9)   Unpacking objects:  88% (8/9)   Unpacking objects: 100% (9/9)   Unpacking objects: 100% (9/9), done.
From git://github.com/square/dagger
 * branch            refs/pull/242/merge -> FETCH_HEAD
travis_fold:end:git.2travis_fold:start:git.3$ git checkout -qf FETCH_HEAD
travis_fold:end:git.3$ java -version
java version "1.7.0_15"
OpenJDK Runtime Environment (IcedTea7 2.3.7) (7u15-2.3.7-0ubuntu1~12.04.1)
OpenJDK 64-Bit Server VM (build 23.7-b01, mixed mode)
$ javac -version
javac 1.7.0_15
travis_fold:start:install$ mvn install clean -P!android --fail-never --quiet -DskipTests=true -Dinvoker.skip=true
travis_fold:end:install$ mvn verify -P!android
[INFO] Scanning for projects...
[INFO] ------------------------------------------------------------------------
[INFO] Reactor Build Order:
[INFO] 
[INFO] Dagger (Parent)
[INFO] Dagger
[INFO] Dagger Compiler
[INFO] Examples
[INFO] Examples: Simple
[INFO]                                                                         
[INFO] ------------------------------------------------------------------------
[INFO] Building Dagger (Parent) 1.0.1-SNAPSHOT
[INFO] ------------------------------------------------------------------------
[INFO] 
[INFO] --- maven-enforcer-plugin:1.0:enforce (enforce-maven) @ dagger-parent ---
[INFO] 
[INFO] --- maven-checkstyle-plugin:2.10:checkstyle (default) @ dagger-parent ---
[INFO]                                                                         
[INFO] ------------------------------------------------------------------------
[INFO] Building Dagger 1.0.1-SNAPSHOT
[INFO] ------------------------------------------------------------------------
[INFO] 
[INFO] --- maven-enforcer-plugin:1.0:enforce (enforce-maven) @ dagger ---
[INFO] 
[INFO] --- maven-resources-plugin:2.3:resources (default-resources) @ dagger ---
[INFO] Using 'UTF-8' encoding to copy filtered resources.
[INFO] skip non existing resourceDirectory /home/travis/build/square/dagger/core/src/main/resources
[INFO] 
[INFO] --- maven-compiler-plugin:3.1:compile (default-compile) @ dagger ---
[INFO] Changes detected - recompiling the module!
[INFO] Compiling 24 source files to /home/travis/build/square/dagger/core/target/classes
[WARNING] bootstrap class path not set in conjunction with -source 1.6
[WARNING] /home/travis/build/square/dagger/core/src/main/java/dagger/internal/ProblemDetector.java:[33,10] found raw type: dagger.internal.Binding
  missing type arguments for generic class dagger.internal.Binding<T>
[WARNING] /home/travis/build/square/dagger/core/src/main/java/dagger/internal/ProblemDetector.java:[33,50] found raw type: dagger.internal.Binding
  missing type arguments for generic class dagger.internal.Binding<T>
[WARNING] /home/travis/build/square/dagger/core/src/main/java/dagger/internal/UniqueMap.java:[24,8] serializable class dagger.internal.UniqueMap has no definition of serialVersionUID
[WARNING] /home/travis/build/square/dagger/core/src/main/java/dagger/internal/plugins/reflect/ReflectiveModuleAdapter.java:[152,24] found raw type: dagger.internal.Binding
  missing type arguments for generic class dagger.internal.Binding<T>
[INFO] 
[INFO] --- maven-resources-plugin:2.3:testResources (default-testResources) @ dagger ---
[INFO] Using 'UTF-8' encoding to copy filtered resources.
[INFO] skip non existing resourceDirectory /home/travis/build/square/dagger/core/src/test/resources
[INFO] 
[INFO] --- maven-compiler-plugin:3.1:testCompile (default-testCompile) @ dagger ---
[INFO] Changes detected - recompiling the module!
[INFO] Compiling 14 source files to /home/travis/build/square/dagger/core/target/test-classes
[WARNING] bootstrap class path not set in conjunction with -source 1.6
[WARNING] /home/travis/build/square/dagger/core/src/test/java/dagger/ModuleTest.java:[218,17] found raw type: javax.inject.Provider
  missing type arguments for generic class javax.inject.Provider<T>
[WARNING] /home/travis/build/square/dagger/core/src/test/java/dagger/ModuleTest.java:[252,17] found raw type: dagger.Lazy
  missing type arguments for generic class dagger.Lazy<T>
[INFO] 
[INFO] --- maven-surefire-plugin:2.10:test (default-test) @ dagger ---
[INFO] Surefire report directory: /home/travis/build/square/dagger/core/target/surefire-reports
Downloading: http://maven.mirrors.travis-ci.org/nexus/content/repositories/central/org/apache/maven/surefire/surefire-junit4/2.10/surefire-junit4-2.10.pom
3/3 KB            Downloaded: http://maven.mirrors.travis-ci.org/nexus/content/repositories/central/org/apache/maven/surefire/surefire-junit4/2.10/surefire-junit4-2.10.pom (3 KB at 3.9 KB/sec)
Downloading: http://maven.mirrors.travis-ci.org/nexus/content/repositories/central/org/apache/maven/surefire/surefire-providers/2.10/surefire-providers-2.10.pom
3/3 KB            Downloaded: http://maven.mirrors.travis-ci.org/nexus/content/repositories/central/org/apache/maven/surefire/surefire-providers/2.10/surefire-providers-2.10.pom (3 KB at 6.7 KB/sec)
Downloading: http://maven.mirrors.travis-ci.org/nexus/content/repositories/central/org/apache/maven/surefire/surefire-junit4/2.10/surefire-junit4-2.10.jar
4/33 KB   8/33 KB   9/33 KB   10/33 KB   14/33 KB   18/33 KB   22/33 KB   26/33 KB   27/33 KB   28/33 KB   32/33 KB   33/33 KB              Downloaded: http://maven.mirrors.travis-ci.org/nexus/content/repositories/central/org/apache/maven/surefire/surefire-junit4/2.10/surefire-junit4-2.10.jar (33 KB at 60.8 KB/sec)

-------------------------------------------------------
 T E S T S
-------------------------------------------------------
Running dagger.ThreadSafetyTest
Tests run: 2, Failures: 0, Errors: 0, Skipped: 0, Time elapsed: 0.259 sec
Running dagger.UnusedProviderTest
Tests run: 4, Failures: 0, Errors: 0, Skipped: 0, Time elapsed: 0.026 sec
Running dagger.ExtensionWithStateTest
Tests run: 1, Failures: 0, Errors: 0, Skipped: 0, Time elapsed: 0.003 sec
Running dagger.InjectionOfLazyTest
Tests run: 4, Failures: 0, Errors: 0, Skipped: 0, Time elapsed: 0.027 sec
Running dagger.MembersInjectorTest
Tests run: 8, Failures: 0, Errors: 0, Skipped: 0, Time elapsed: 0.062 sec
Running dagger.InjectionTest
Tests run: 37, Failures: 0, Errors: 0, Skipped: 0, Time elapsed: 0.256 sec
Running dagger.ExtensionTest
Tests run: 3, Failures: 0, Errors: 0, Skipped: 0, Time elapsed: 0.02 sec
Running dagger.ProblemDetectorTest
Tests run: 3, Failures: 0, Errors: 0, Skipped: 0, Time elapsed: 0.013 sec
Running dagger.ModuleTest
Tests run: 14, Failures: 0, Errors: 0, Skipped: 0, Time elapsed: 0.064 sec
Running dagger.LazyInjectionTest
Tests run: 5, Failures: 0, Errors: 0, Skipped: 0, Time elapsed: 0.02 sec
Running dagger.InjectStaticsTest
Tests run: 3, Failures: 0, Errors: 0, Skipped: 0, Time elapsed: 0.019 sec
Running dagger.SetBindingTest
Tests run: 7, Failures: 0, Errors: 0, Skipped: 0, Time elapsed: 0.05 sec
Running dagger.internal.SingletonBindingTest
Tests run: 7, Failures: 0, Errors: 0, Skipped: 0, Time elapsed: 0.004 sec
Running dagger.internal.KeysTest
Tests run: 18, Failures: 0, Errors: 0, Skipped: 0, Time elapsed: 0.026 sec

Results :

Tests run: 116, Failures: 0, Errors: 0, Skipped: 0

[INFO] 
[INFO] --- maven-jar-plugin:2.2:jar (default-jar) @ dagger ---
[INFO] Building jar: /home/travis/build/square/dagger/core/target/dagger-1.0.1-SNAPSHOT.jar
[INFO] 
[INFO] --- maven-checkstyle-plugin:2.10:checkstyle (default) @ dagger ---
[INFO] Starting audit...
Audit done.

[WARNING] Unable to locate Source XRef to link to - DISABLED
[INFO]                                                                         
[INFO] ------------------------------------------------------------------------
[INFO] Building Dagger Compiler 1.0.1-SNAPSHOT
[INFO] ------------------------------------------------------------------------
[INFO] 
[INFO] --- maven-enforcer-plugin:1.0:enforce (enforce-maven) @ dagger-compiler ---
[INFO] 
[INFO] --- maven-resources-plugin:2.3:resources (default-resources) @ dagger-compiler ---
[INFO] Using 'UTF-8' encoding to copy filtered resources.
[INFO] Copying 1 resource
[INFO] 
[INFO] --- maven-compiler-plugin:3.1:compile (default-compile) @ dagger-compiler ---
[INFO] Changes detected - recompiling the module!
[INFO] Compiling 12 source files to /home/travis/build/square/dagger/compiler/target/classes
[WARNING] bootstrap class path not set in conjunction with -source 1.6
[INFO] 
[INFO] --- maven-resources-plugin:2.3:testResources (default-testResources) @ dagger-compiler ---
[INFO] Using 'UTF-8' encoding to copy filtered resources.
[INFO] skip non existing resourceDirectory /home/travis/build/square/dagger/compiler/src/test/resources
[INFO] 
[INFO] --- maven-compiler-plugin:3.1:testCompile (default-testCompile) @ dagger-compiler ---
[INFO] Changes detected - recompiling the module!
[INFO] Compiling 3 source files to /home/travis/build/square/dagger/compiler/target/test-classes
[WARNING] bootstrap class path not set in conjunction with -source 1.6
[INFO] 
[INFO] --- maven-surefire-plugin:2.10:test (default-test) @ dagger-compiler ---
[INFO] Surefire report directory: /home/travis/build/square/dagger/compiler/target/surefire-reports

-------------------------------------------------------
 T E S T S
-------------------------------------------------------
Running dagger.internal.codegen.GraphVisualizerTest
Tests run: 7, Failures: 0, Errors: 0, Skipped: 0, Time elapsed: 0.143 sec
Running dagger.internal.codegen.DotWriterTest
Tests run: 4, Failures: 0, Errors: 0, Skipped: 0, Time elapsed: 0.015 sec

Results :

Tests run: 11, Failures: 0, Errors: 0, Skipped: 0

[INFO] 
[INFO] --- maven-jar-plugin:2.2:jar (default-jar) @ dagger-compiler ---
[INFO] Building jar: /home/travis/build/square/dagger/compiler/target/dagger-compiler-1.0.1-SNAPSHOT.jar
[INFO] 
[INFO] --- maven-invoker-plugin:1.7:install (integration-test) @ dagger-compiler ---
[INFO] Installing /home/travis/build/square/dagger/core/pom.xml to /home/travis/build/square/dagger/compiler/target/local-repo/com/squareup/dagger/dagger/1.0.1-SNAPSHOT/dagger-1.0.1-SNAPSHOT.pom
[INFO] Installing /home/travis/build/square/dagger/core/target/dagger-1.0.1-SNAPSHOT.jar to /home/travis/build/square/dagger/compiler/target/local-repo/com/squareup/dagger/dagger/1.0.1-SNAPSHOT/dagger-1.0.1-SNAPSHOT.jar
[INFO] Installing /home/travis/build/square/dagger/pom.xml to /home/travis/build/square/dagger/compiler/target/local-repo/com/squareup/dagger/dagger-parent/1.0.1-SNAPSHOT/dagger-parent-1.0.1-SNAPSHOT.pom
[INFO] Installing /home/travis/build/square/dagger/compiler/pom.xml to /home/travis/build/square/dagger/compiler/target/local-repo/com/squareup/dagger/dagger-compiler/1.0.1-SNAPSHOT/dagger-compiler-1.0.1-SNAPSHOT.pom
[INFO] Installing /home/travis/build/square/dagger/compiler/target/dagger-compiler-1.0.1-SNAPSHOT.jar to /home/travis/build/square/dagger/compiler/target/local-repo/com/squareup/dagger/dagger-compiler/1.0.1-SNAPSHOT/dagger-compiler-1.0.1-SNAPSHOT.jar
[INFO] 
[INFO] --- maven-invoker-plugin:1.7:run (integration-test) @ dagger-compiler ---
[INFO] Building: unused-provider-methods-pass-compilation-on-library-module/pom.xml
[INFO] ..SUCCESS (85.1 s)
[INFO] Building: default-package-injected-type/pom.xml
[INFO] ..SUCCESS (10.2 s)
[INFO] Building: missing-at-inject-constructor/pom.xml
[INFO] run script verify.bsh
[INFO] ..SUCCESS (8.9 s)
[INFO] Building: same-provides-method-name/pom.xml
[INFO] ..SUCCESS (10.6 s)
[INFO] Building: method-injection/pom.xml
[INFO] run script verify.bsh
[INFO] ..SUCCESS (8.5 s)
[INFO] Building: provide-provider-or-lazy/pom.xml
[INFO] run script verify.bsh
[INFO] ..SUCCESS (8.4 s)
[INFO] Building: module-type-validation/pom.xml
[INFO] run script verify.bsh
[INFO] ..SUCCESS (8.7 s)
[INFO] Building: cyclic-deps/pom.xml
[INFO] run script verify.bsh
[INFO] ..SUCCESS (8.8 s)
[INFO] Building: unused-provider-methods-fail-compilation/pom.xml
[INFO] run script verify.bsh
[INFO] ..SUCCESS (9.0 s)
[INFO] Building: include-non-module/pom.xml
[INFO] ..SUCCESS (8.4 s)
[INFO] Building: static-injected-binding-doesnt-fail-providers/pom.xml
[INFO] ..SUCCESS (10.0 s)
[INFO] Building: inner-classes-complaint-injection/pom.xml
[INFO] run script verify.bsh
[INFO] ..SUCCESS (8.2 s)
[INFO] Building: simple-missing-dependency-failure/pom.xml
[INFO] run script verify.bsh
[INFO] ..SUCCESS (8.5 s)
[INFO] Building: provides-method-with-throws-clause/pom.xml
[INFO] run script verify.bsh
[INFO] ..SUCCESS (8.5 s)
[INFO] Building: extension-graph/pom.xml
[INFO] ..SUCCESS (10.4 s)
[INFO] Building: multiple-provides-methods/pom.xml
[INFO] run script verify.bsh
[INFO] ..SUCCESS (10.0 s)
[INFO] Building: private-inject/pom.xml
[INFO] run script verify.bsh
[INFO] ..SUCCESS (8.5 s)
[INFO] Building: cyclic-module-includes/pom.xml
[INFO] run script verify.bsh
[INFO] ..SUCCESS (8.8 s)
[INFO] Building: inject-parameterized-type/pom.xml
[INFO] ..SUCCESS (10.5 s)
[INFO] Building: uninjectable-supertype/pom.xml
[INFO] ..SUCCESS (10.2 s)
[INFO] -------------------------------------------------
[INFO] Build Summary:
[INFO]   Passed: 20, Failed: 0, Errors: 0, Skipped: 0
[INFO] -------------------------------------------------
[INFO] 
[INFO] --- maven-checkstyle-plugin:2.10:checkstyle (default) @ dagger-compiler ---
[INFO] Starting audit...
Audit done.

[WARNING] Unable to locate Source XRef to link to - DISABLED
[INFO]                                                                         
[INFO] ------------------------------------------------------------------------
[INFO] Building Examples 1.0.1-SNAPSHOT
[INFO] ------------------------------------------------------------------------
[INFO] 
[INFO] --- maven-enforcer-plugin:1.0:enforce (enforce-maven) @ dagger-example-parent ---
[INFO] 
[INFO] --- maven-checkstyle-plugin:2.10:checkstyle (default) @ dagger-example-parent ---
[INFO]                                                                         
[INFO] ------------------------------------------------------------------------
[INFO] Building Examples: Simple 1.0.1-SNAPSHOT
[INFO] ------------------------------------------------------------------------
[INFO] 
[INFO] --- maven-enforcer-plugin:1.0:enforce (enforce-maven) @ simple ---
[INFO] 
[INFO] --- maven-resources-plugin:2.3:resources (default-resources) @ simple ---
[INFO] Using 'UTF-8' encoding to copy filtered resources.
[INFO] skip non existing resourceDirectory /home/travis/build/square/dagger/examples/simple/src/main/resources
[INFO] 
[INFO] --- maven-compiler-plugin:3.1:compile (default-compile) @ simple ---
[INFO] Changes detected - recompiling the module!
[INFO] Compiling 8 source files to /home/travis/build/square/dagger/examples/simple/target/classes
[WARNING] bootstrap class path not set in conjunction with -source 1.6
[WARNING] No processor claimed any of these annotations: dagger.Provides,javax.inject.Singleton
[INFO] 
[INFO] --- maven-resources-plugin:2.3:testResources (default-testResources) @ simple ---
[INFO] Using 'UTF-8' encoding to copy filtered resources.
[INFO] skip non existing resourceDirectory /home/travis/build/square/dagger/examples/simple/src/test/resources
[INFO] 
[INFO] --- maven-compiler-plugin:3.1:testCompile (default-testCompile) @ simple ---
[INFO] No sources to compile
[INFO] 
[INFO] --- maven-surefire-plugin:2.10:test (default-test) @ simple ---
[INFO] No tests to run.
[INFO] Surefire report directory: /home/travis/build/square/dagger/examples/simple/target/surefire-reports
Downloading: http://maven.mirrors.travis-ci.org/nexus/content/repositories/central/org/apache/maven/surefire/surefire-junit3/2.10/surefire-junit3-2.10.pom
2/2 KB              Downloaded: http://maven.mirrors.travis-ci.org/nexus/content/repositories/central/org/apache/maven/surefire/surefire-junit3/2.10/surefire-junit3-2.10.pom (2 KB at 3.0 KB/sec)
Downloading: http://maven.mirrors.travis-ci.org/nexus/content/repositories/central/org/apache/maven/surefire/surefire-junit3/2.10/surefire-junit3-2.10.jar
4/26 KB   8/26 KB   9/26 KB   10/26 KB   14/26 KB   18/26 KB   22/26 KB   26/26 KB   26/26 KB              Downloaded: http://maven.mirrors.travis-ci.org/nexus/content/repositories/central/org/apache/maven/surefire/surefire-junit3/2.10/surefire-junit3-2.10.jar (26 KB at 53.3 KB/sec)

-------------------------------------------------------
 T E S T S
-------------------------------------------------------

Results :

Tests run: 0, Failures: 0, Errors: 0, Skipped: 0

[INFO] 
[INFO] --- maven-jar-plugin:2.2:jar (default-jar) @ simple ---
[INFO] Building jar: /home/travis/build/square/dagger/examples/simple/target/simple-1.0.1-SNAPSHOT.jar
[INFO] 
[INFO] --- maven-checkstyle-plugin:2.10:checkstyle (default) @ simple ---
[INFO] Starting audit...
Audit done.

[WARNING] Unable to locate Source XRef to link to - DISABLED
[INFO] ------------------------------------------------------------------------
[INFO] Reactor Summary:
[INFO] 
[INFO] Dagger (Parent) ................................... SUCCESS [4.205s]
[INFO] Dagger ............................................ SUCCESS [11.284s]
[INFO] Dagger Compiler ................................... SUCCESS [4:24.693s]
[INFO] Examples .......................................... SUCCESS [0.010s]
[INFO] Examples: Simple .................................. SUCCESS [2.260s]
[INFO] ------------------------------------------------------------------------
[INFO] BUILD SUCCESS
[INFO] ------------------------------------------------------------------------
[INFO] Total time: 4:43.014s
[INFO] Finished at: Fri May 10 22:24:11 UTC 2013
[INFO] Final Memory: 23M/150M
[INFO] ------------------------------------------------------------------------

The command "mvn verify -P!android" exited with 0.

Done. Your build exited with 0.
