Using worker: worker-linux-2-2.bb.travis-ci.org:travis-linux-20

travis_fold:start:git.1$ git clone --depth=50 git://github.com/square/dagger.git square/dagger
Cloning into 'square/dagger'...
remote: Counting objects: 1863, done.[K
remote: Compressing objects:   0% (1/1021)   [Kremote: Compressing objects:   1% (11/1021)   [Kremote: Compressing objects:   2% (21/1021)   [Kremote: Compressing objects:   3% (31/1021)   [Kremote: Compressing objects:   4% (41/1021)   [Kremote: Compressing objects:   5% (52/1021)   [Kremote: Compressing objects:   6% (62/1021)   [Kremote: Compressing objects:   7% (72/1021)   [Kremote: Compressing objects:   8% (82/1021)   [Kremote: Compressing objects:   9% (92/1021)   [Kremote: Compressing objects:  10% (103/1021)   [Kremote: Compressing objects:  11% (113/1021)   [Kremote: Compressing objects:  12% (123/1021)   [Kremote: Compressing objects:  13% (133/1021)   [Kremote: Compressing objects:  14% (143/1021)   [Kremote: Compressing objects:  15% (154/1021)   [Kremote: Compressing objects:  16% (164/1021)   [Kremote: Compressing objects:  17% (174/1021)   [Kremote: Compressing objects:  18% (184/1021)   [Kremote: Compressing objects:  19% (194/1021)   [Kremote: Compressing objects:  20% (205/1021)   [Kremote: Compressing objects:  21% (215/1021)   [Kremote: Compressing objects:  22% (225/1021)   [Kremote: Compressing objects:  23% (235/1021)   [Kremote: Compressing objects:  24% (246/1021)   [Kremote: Compressing objects:  25% (256/1021)   [Kremote: Compressing objects:  26% (266/1021)   [Kremote: Compressing objects:  27% (276/1021)   [Kremote: Compressing objects:  28% (286/1021)   [Kremote: Compressing objects:  29% (297/1021)   [Kremote: Compressing objects:  30% (307/1021)   [Kremote: Compressing objects:  31% (317/1021)   [Kremote: Compressing objects:  32% (327/1021)   [Kremote: Compressing objects:  33% (337/1021)   [Kremote: Compressing objects:  34% (348/1021)   [Kremote: Compressing objects:  35% (358/1021)   [Kremote: Compressing objects:  36% (368/1021)   [Kremote: Compressing objects:  37% (378/1021)   [Kremote: Compressing objects:  38% (388/1021)   [Kremote: Compressing objects:  39% (399/1021)   [Kremote: Compressing objects:  40% (409/1021)   [Kremote: Compressing objects:  41% (419/1021)   [Kremote: Compressing objects:  42% (429/1021)   [Kremote: Compressing objects:  43% (440/1021)   [Kremote: Compressing objects:  44% (450/1021)   [Kremote: Compressing objects:  45% (460/1021)   [Kremote: Compressing objects:  46% (470/1021)   [Kremote: Compressing objects:  47% (480/1021)   [Kremote: Compressing objects:  48% (491/1021)   [Kremote: Compressing objects:  49% (501/1021)   [Kremote: Compressing objects:  50% (511/1021)   [Kremote: Compressing objects:  51% (521/1021)   [Kremote: Compressing objects:  52% (531/1021)   [Kremote: Compressing objects:  53% (542/1021)   [Kremote: Compressing objects:  54% (552/1021)   [Kremote: Compressing objects:  55% (562/1021)   [Kremote: Compressing objects:  56% (572/1021)   [Kremote: Compressing objects:  57% (582/1021)   [Kremote: Compressing objects:  58% (593/1021)   [Kremote: Compressing objects:  59% (603/1021)   [Kremote: Compressing objects:  60% (613/1021)   [Kremote: Compressing objects:  61% (623/1021)   [Kremote: Compressing objects:  62% (634/1021)   [Kremote: Compressing objects:  63% (644/1021)   [Kremote: Compressing objects:  64% (654/1021)   [Kremote: Compressing objects:  65% (664/1021)   [Kremote: Compressing objects:  66% (674/1021)   [Kremote: Compressing objects:  67% (685/1021)   [Kremote: Compressing objects:  68% (695/1021)   [Kremote: Compressing objects:  69% (705/1021)   [Kremote: Compressing objects:  70% (715/1021)   [Kremote: Compressing objects:  71% (725/1021)   [Kremote: Compressing objects:  72% (736/1021)   [Kremote: Compressing objects:  73% (746/1021)   [Kremote: Compressing objects:  74% (756/1021)   [Kremote: Compressing objects:  75% (766/1021)   [Kremote: Compressing objects:  76% (776/1021)   [Kremote: Compressing objects:  77% (787/1021)   [Kremote: Compressing objects:  78% (797/1021)   [Kremote: Compressing objects:  79% (807/1021)   [Kremote: Compressing objects:  80% (817/1021)   [Kremote: Compressing objects:  81% (828/1021)   [Kremote: Compressing objects:  82% (838/1021)   [Kremote: Compressing objects:  83% (848/1021)   [Kremote: Compressing objects:  84% (858/1021)   [Kremote: Compressing objects:  85% (868/1021)   [Kremote: Compressing objects:  86% (879/1021)   [Kremote: Compressing objects:  87% (889/1021)   [Kremote: Compressing objects:  88% (899/1021)   [Kremote: Compressing objects:  89% (909/1021)   [Kremote: Compressing objects:  90% (919/1021)   [Kremote: Compressing objects:  91% (930/1021)   [Kremote: Compressing objects:  92% (940/1021)   [Kremote: Compressing objects:  93% (950/1021)   [Kremote: Compressing objects:  94% (960/1021)   [Kremote: Compressing objects:  95% (970/1021)   [Kremote: Compressing objects:  96% (981/1021)   [Kremote: Compressing objects:  97% (991/1021)   [Kremote: Compressing objects:  98% (1001/1021)   [Kremote: Compressing objects:  99% (1011/1021)   [Kremote: Compressing objects: 100% (1021/1021)   [Kremote: Compressing objects: 100% (1021/1021), done.[K
Receiving objects:   0% (1/1863)   Receiving objects:   1% (19/1863)   Receiving objects:   2% (38/1863)   Receiving objects:   3% (56/1863)   Receiving objects:   4% (75/1863)   Receiving objects:   5% (94/1863)   Receiving objects:   6% (112/1863)   Receiving objects:   7% (131/1863)   Receiving objects:   8% (150/1863)   Receiving objects:   9% (168/1863)   Receiving objects:  10% (187/1863)   Receiving objects:  11% (205/1863)   Receiving objects:  12% (224/1863)   Receiving objects:  13% (243/1863)   Receiving objects:  14% (261/1863)   Receiving objects:  15% (280/1863)   Receiving objects:  16% (299/1863)   Receiving objects:  17% (317/1863)   Receiving objects:  18% (336/1863)   Receiving objects:  19% (354/1863)   Receiving objects:  20% (373/1863)   Receiving objects:  21% (392/1863)   Receiving objects:  22% (410/1863)   Receiving objects:  23% (429/1863)   Receiving objects:  24% (448/1863)   Receiving objects:  25% (466/1863)   Receiving objects:  26% (485/1863)   Receiving objects:  27% (504/1863)   Receiving objects:  28% (522/1863)   Receiving objects:  29% (541/1863)   Receiving objects:  30% (559/1863)   Receiving objects:  31% (578/1863)   Receiving objects:  32% (597/1863)   Receiving objects:  33% (615/1863)   Receiving objects:  34% (634/1863)   Receiving objects:  35% (653/1863)   Receiving objects:  36% (671/1863)   Receiving objects:  37% (690/1863)   Receiving objects:  38% (708/1863)   Receiving objects:  39% (727/1863)   Receiving objects:  40% (746/1863)   Receiving objects:  41% (764/1863)   Receiving objects:  42% (783/1863)   Receiving objects:  43% (802/1863)   Receiving objects:  44% (820/1863)   Receiving objects:  45% (839/1863)   Receiving objects:  46% (857/1863)   Receiving objects:  47% (876/1863)   Receiving objects:  48% (895/1863)   Receiving objects:  49% (913/1863)   Receiving objects:  50% (932/1863)   Receiving objects:  51% (951/1863)   Receiving objects:  52% (969/1863)   Receiving objects:  53% (988/1863)   Receiving objects:  54% (1007/1863)   Receiving objects:  55% (1025/1863)   Receiving objects:  56% (1044/1863)   Receiving objects:  57% (1062/1863)   Receiving objects:  58% (1081/1863)   Receiving objects:  59% (1100/1863)   Receiving objects:  60% (1118/1863)   Receiving objects:  61% (1137/1863)   Receiving objects:  62% (1156/1863)   Receiving objects:  63% (1174/1863)   Receiving objects:  64% (1193/1863)   Receiving objects:  65% (1211/1863)   Receiving objects:  66% (1230/1863)   Receiving objects:  67% (1249/1863)   Receiving objects:  68% (1267/1863)   Receiving objects:  69% (1286/1863)   Receiving objects:  70% (1305/1863)   Receiving objects:  71% (1323/1863)   Receiving objects:  72% (1342/1863)   Receiving objects:  73% (1360/1863)   Receiving objects:  74% (1379/1863)   Receiving objects:  75% (1398/1863)   Receiving objects:  76% (1416/1863)   Receiving objects:  77% (1435/1863)   remote: Total 1863 (delta 646), reused 1556 (delta 394)[K
Receiving objects:  78% (1454/1863)   Receiving objects:  79% (1472/1863)   Receiving objects:  80% (1491/1863)   Receiving objects:  81% (1510/1863)   Receiving objects:  82% (1528/1863)   Receiving objects:  83% (1547/1863)   Receiving objects:  84% (1565/1863)   Receiving objects:  85% (1584/1863)   Receiving objects:  86% (1603/1863)   Receiving objects:  87% (1621/1863)   Receiving objects:  88% (1640/1863)   Receiving objects:  89% (1659/1863)   Receiving objects:  90% (1677/1863)   Receiving objects:  91% (1696/1863)   Receiving objects:  92% (1714/1863)   Receiving objects:  93% (1733/1863)   Receiving objects:  94% (1752/1863)   Receiving objects:  95% (1770/1863)   Receiving objects:  96% (1789/1863)   Receiving objects:  97% (1808/1863)   Receiving objects:  98% (1826/1863)   Receiving objects:  99% (1845/1863)   Receiving objects: 100% (1863/1863)   Receiving objects: 100% (1863/1863), 523.53 KiB, done.
Resolving deltas:   0% (0/646)   Resolving deltas:   3% (23/646)   Resolving deltas:   4% (28/646)   Resolving deltas:   5% (35/646)   Resolving deltas:  10% (71/646)   Resolving deltas:  11% (72/646)   Resolving deltas:  13% (90/646)   Resolving deltas:  14% (91/646)   Resolving deltas:  15% (100/646)   Resolving deltas:  16% (109/646)   Resolving deltas:  17% (110/646)   Resolving deltas:  18% (117/646)   Resolving deltas:  20% (133/646)   Resolving deltas:  21% (141/646)   Resolving deltas:  26% (174/646)   Resolving deltas:  28% (185/646)   Resolving deltas:  33% (217/646)   Resolving deltas:  36% (237/646)   Resolving deltas:  39% (253/646)   Resolving deltas:  42% (273/646)   Resolving deltas:  43% (284/646)   Resolving deltas:  44% (288/646)   Resolving deltas:  45% (291/646)   Resolving deltas:  46% (298/646)   Resolving deltas:  47% (305/646)   Resolving deltas:  48% (312/646)   Resolving deltas:  49% (318/646)   Resolving deltas:  50% (325/646)   Resolving deltas:  51% (330/646)   Resolving deltas:  52% (336/646)   Resolving deltas:  53% (344/646)   Resolving deltas:  54% (349/646)   Resolving deltas:  55% (357/646)   Resolving deltas:  56% (363/646)   Resolving deltas:  57% (369/646)   Resolving deltas:  60% (390/646)   Resolving deltas:  61% (396/646)   Resolving deltas:  66% (431/646)   Resolving deltas:  67% (434/646)   Resolving deltas:  69% (447/646)   Resolving deltas:  70% (457/646)   Resolving deltas:  71% (461/646)   Resolving deltas:  72% (467/646)   Resolving deltas:  73% (478/646)   Resolving deltas:  74% (480/646)   Resolving deltas:  75% (485/646)   Resolving deltas:  76% (492/646)   Resolving deltas:  77% (498/646)   Resolving deltas:  78% (506/646)   Resolving deltas:  79% (511/646)   Resolving deltas:  81% (528/646)   Resolving deltas:  82% (530/646)   Resolving deltas:  89% (575/646)   Resolving deltas:  90% (582/646)   Resolving deltas:  91% (590/646)   Resolving deltas:  92% (596/646)   Resolving deltas:  93% (601/646)   Resolving deltas:  94% (609/646)   Resolving deltas:  95% (614/646)   Resolving deltas:  96% (621/646)   Resolving deltas:  97% (632/646)   Resolving deltas:  98% (635/646)   Resolving deltas:  99% (640/646)   Resolving deltas: 100% (646/646)   Resolving deltas: 100% (646/646), done.
travis_fold:end:git.1$ cd square/dagger
travis_fold:start:git.2$ git fetch origin +refs/pull/258/merge: 
remote: Counting objects: 36, done.[K
remote: Compressing objects:   9% (1/11)   [Kremote: Compressing objects:  18% (2/11)   [Kremote: Compressing objects:  27% (3/11)   [Kremote: Compressing objects:  36% (4/11)   [Kremote: Compressing objects:  45% (5/11)   [Kremote: Compressing objects:  54% (6/11)   [Kremote: Compressing objects:  63% (7/11)   [Kremote: Compressing objects:  72% (8/11)   [Kremote: Compressing objects:  81% (9/11)   [Kremote: Compressing objects:  90% (10/11)   [Kremote: Compressing objects: 100% (11/11)   [Kremote: Compressing objects: 100% (11/11), done.[K
remote: Total 19 (delta 5), reused 16 (delta 2)[K
Unpacking objects:   5% (1/19)   Unpacking objects:  10% (2/19)   Unpacking objects:  15% (3/19)   Unpacking objects:  21% (4/19)   Unpacking objects:  26% (5/19)   Unpacking objects:  31% (6/19)   Unpacking objects:  36% (7/19)   Unpacking objects:  42% (8/19)   Unpacking objects:  47% (9/19)   Unpacking objects:  52% (10/19)   Unpacking objects:  57% (11/19)   Unpacking objects:  63% (12/19)   Unpacking objects:  68% (13/19)   Unpacking objects:  73% (14/19)   Unpacking objects:  78% (15/19)   Unpacking objects:  84% (16/19)   Unpacking objects:  89% (17/19)   Unpacking objects:  94% (18/19)   Unpacking objects: 100% (19/19)   Unpacking objects: 100% (19/19), done.
From git://github.com/square/dagger
 * branch            refs/pull/258/merge -> FETCH_HEAD
travis_fold:end:git.2travis_fold:start:git.3$ git checkout -qf FETCH_HEAD
travis_fold:end:git.3$ java -version
java version "1.7.0_15"
OpenJDK Runtime Environment (IcedTea7 2.3.7) (7u15-2.3.7-0ubuntu1~12.04.1)
OpenJDK 64-Bit Server VM (build 23.7-b01, mixed mode)
$ javac -version
javac 1.7.0_15
travis_fold:start:install$ mvn install clean -P!android --fail-never --quiet -DskipTests=true -Dinvoker.skip=true
travis_fold:end:install$ mvn verify -P!android
[INFO] Scanning for projects...
[INFO] ------------------------------------------------------------------------
[INFO] Reactor Build Order:
[INFO] 
[INFO] Dagger (Parent)
[INFO] Dagger
[INFO] Dagger Compiler
[INFO] Examples
[INFO] Examples: Simple
[INFO]                                                                         
[INFO] ------------------------------------------------------------------------
[INFO] Building Dagger (Parent) 1.0.1-SNAPSHOT
[INFO] ------------------------------------------------------------------------
[INFO] 
[INFO] --- maven-enforcer-plugin:1.0:enforce (enforce-maven) @ dagger-parent ---
[INFO] 
[INFO] --- maven-checkstyle-plugin:2.10:checkstyle (default) @ dagger-parent ---
[INFO]                                                                         
[INFO] ------------------------------------------------------------------------
[INFO] Building Dagger 1.0.1-SNAPSHOT
[INFO] ------------------------------------------------------------------------
[INFO] 
[INFO] --- maven-enforcer-plugin:1.0:enforce (enforce-maven) @ dagger ---
[INFO] 
[INFO] --- maven-resources-plugin:2.3:resources (default-resources) @ dagger ---
[INFO] Using 'UTF-8' encoding to copy filtered resources.
[INFO] skip non existing resourceDirectory /home/travis/build/square/dagger/core/src/main/resources
[INFO] 
[INFO] --- maven-compiler-plugin:3.1:compile (default-compile) @ dagger ---
[INFO] Changes detected - recompiling the module!
[INFO] Compiling 24 source files to /home/travis/build/square/dagger/core/target/classes
[WARNING] bootstrap class path not set in conjunction with -source 1.6
[WARNING] /home/travis/build/square/dagger/core/src/main/java/dagger/internal/ProblemDetector.java:[33,10] found raw type: dagger.internal.Binding
  missing type arguments for generic class dagger.internal.Binding<T>
[WARNING] /home/travis/build/square/dagger/core/src/main/java/dagger/internal/ProblemDetector.java:[33,50] found raw type: dagger.internal.Binding
  missing type arguments for generic class dagger.internal.Binding<T>
[WARNING] /home/travis/build/square/dagger/core/src/main/java/dagger/internal/UniqueMap.java:[24,8] serializable class dagger.internal.UniqueMap has no definition of serialVersionUID
[WARNING] /home/travis/build/square/dagger/core/src/main/java/dagger/internal/plugins/reflect/ReflectiveModuleAdapter.java:[152,24] found raw type: dagger.internal.Binding
  missing type arguments for generic class dagger.internal.Binding<T>
[INFO] 
[INFO] --- maven-resources-plugin:2.3:testResources (default-testResources) @ dagger ---
[INFO] Using 'UTF-8' encoding to copy filtered resources.
[INFO] skip non existing resourceDirectory /home/travis/build/square/dagger/core/src/test/resources
[INFO] 
[INFO] --- maven-compiler-plugin:3.1:testCompile (default-testCompile) @ dagger ---
[INFO] Changes detected - recompiling the module!
[INFO] Compiling 14 source files to /home/travis/build/square/dagger/core/target/test-classes
[WARNING] bootstrap class path not set in conjunction with -source 1.6
[WARNING] /home/travis/build/square/dagger/core/src/test/java/dagger/ModuleTest.java:[218,17] found raw type: javax.inject.Provider
  missing type arguments for generic class javax.inject.Provider<T>
[WARNING] /home/travis/build/square/dagger/core/src/test/java/dagger/ModuleTest.java:[252,17] found raw type: dagger.Lazy
  missing type arguments for generic class dagger.Lazy<T>
[INFO] 
[INFO] --- maven-surefire-plugin:2.10:test (default-test) @ dagger ---
[INFO] Surefire report directory: /home/travis/build/square/dagger/core/target/surefire-reports
Downloading: http://maven.mirrors.travis-ci.org/nexus/content/repositories/central/org/apache/maven/surefire/surefire-junit4/2.10/surefire-junit4-2.10.pom
3/3 KB            Downloaded: http://maven.mirrors.travis-ci.org/nexus/content/repositories/central/org/apache/maven/surefire/surefire-junit4/2.10/surefire-junit4-2.10.pom (3 KB at 4.0 KB/sec)
Downloading: http://maven.mirrors.travis-ci.org/nexus/content/repositories/central/org/apache/maven/surefire/surefire-providers/2.10/surefire-providers-2.10.pom
3/3 KB            Downloaded: http://maven.mirrors.travis-ci.org/nexus/content/repositories/central/org/apache/maven/surefire/surefire-providers/2.10/surefire-providers-2.10.pom (3 KB at 7.0 KB/sec)
Downloading: http://maven.mirrors.travis-ci.org/nexus/content/repositories/central/org/apache/maven/surefire/surefire-junit4/2.10/surefire-junit4-2.10.jar
4/33 KB   8/33 KB   9/33 KB   13/33 KB   13/33 KB   17/33 KB   21/33 KB   25/33 KB   29/33 KB   31/33 KB   33/33 KB              Downloaded: http://maven.mirrors.travis-ci.org/nexus/content/repositories/central/org/apache/maven/surefire/surefire-junit4/2.10/surefire-junit4-2.10.jar (33 KB at 53.9 KB/sec)

-------------------------------------------------------
 T E S T S
-------------------------------------------------------
Running dagger.MembersInjectorTest
Tests run: 8, Failures: 0, Errors: 0, Skipped: 0, Time elapsed: 0.181 sec
Running dagger.internal.SingletonBindingTest
Tests run: 7, Failures: 0, Errors: 0, Skipped: 0, Time elapsed: 0.016 sec
Running dagger.internal.KeysTest
Tests run: 18, Failures: 0, Errors: 0, Skipped: 0, Time elapsed: 0.058 sec
Running dagger.ProblemDetectorTest
Tests run: 3, Failures: 0, Errors: 0, Skipped: 0, Time elapsed: 0.014 sec
Running dagger.InjectStaticsTest
Tests run: 3, Failures: 0, Errors: 0, Skipped: 0, Time elapsed: 0.013 sec
Running dagger.LazyInjectionTest
Tests run: 5, Failures: 0, Errors: 0, Skipped: 0, Time elapsed: 0.014 sec
Running dagger.ExtensionTest
Tests run: 3, Failures: 0, Errors: 0, Skipped: 0, Time elapsed: 0.034 sec
Running dagger.InjectionTest
Tests run: 37, Failures: 0, Errors: 0, Skipped: 0, Time elapsed: 0.177 sec
Running dagger.ModuleTest
Tests run: 14, Failures: 0, Errors: 0, Skipped: 0, Time elapsed: 0.042 sec
Running dagger.SetBindingTest
Tests run: 7, Failures: 0, Errors: 0, Skipped: 0, Time elapsed: 0.035 sec
Running dagger.ThreadSafetyTest
Tests run: 2, Failures: 0, Errors: 0, Skipped: 0, Time elapsed: 0.057 sec
Running dagger.ExtensionWithStateTest
Tests run: 1, Failures: 0, Errors: 0, Skipped: 0, Time elapsed: 0.004 sec
Running dagger.UnusedProviderTest
Tests run: 4, Failures: 0, Errors: 0, Skipped: 0, Time elapsed: 0.013 sec
Running dagger.InjectionOfLazyTest
Tests run: 4, Failures: 0, Errors: 0, Skipped: 0, Time elapsed: 0.014 sec

Results :

Tests run: 116, Failures: 0, Errors: 0, Skipped: 0

[INFO] 
[INFO] --- maven-jar-plugin:2.2:jar (default-jar) @ dagger ---
[INFO] Building jar: /home/travis/build/square/dagger/core/target/dagger-1.0.1-SNAPSHOT.jar
[INFO] 
[INFO] --- maven-checkstyle-plugin:2.10:checkstyle (default) @ dagger ---
[INFO] Starting audit...
Audit done.

[WARNING] Unable to locate Source XRef to link to - DISABLED
[INFO]                                                                         
[INFO] ------------------------------------------------------------------------
[INFO] Building Dagger Compiler 1.0.1-SNAPSHOT
[INFO] ------------------------------------------------------------------------
[INFO] 
[INFO] --- maven-enforcer-plugin:1.0:enforce (enforce-maven) @ dagger-compiler ---
[INFO] 
[INFO] --- maven-resources-plugin:2.3:resources (default-resources) @ dagger-compiler ---
[INFO] Using 'UTF-8' encoding to copy filtered resources.
[INFO] Copying 1 resource
[INFO] 
[INFO] --- maven-compiler-plugin:3.1:compile (default-compile) @ dagger-compiler ---
[INFO] Changes detected - recompiling the module!
[INFO] Compiling 12 source files to /home/travis/build/square/dagger/compiler/target/classes
[WARNING] bootstrap class path not set in conjunction with -source 1.6
[INFO] 
[INFO] --- maven-resources-plugin:2.3:testResources (default-testResources) @ dagger-compiler ---
[INFO] Using 'UTF-8' encoding to copy filtered resources.
[INFO] skip non existing resourceDirectory /home/travis/build/square/dagger/compiler/src/test/resources
[INFO] 
[INFO] --- maven-compiler-plugin:3.1:testCompile (default-testCompile) @ dagger-compiler ---
[INFO] Changes detected - recompiling the module!
[INFO] Compiling 3 source files to /home/travis/build/square/dagger/compiler/target/test-classes
[WARNING] bootstrap class path not set in conjunction with -source 1.6
[INFO] 
[INFO] --- maven-surefire-plugin:2.10:test (default-test) @ dagger-compiler ---
[INFO] Surefire report directory: /home/travis/build/square/dagger/compiler/target/surefire-reports

-------------------------------------------------------
 T E S T S
-------------------------------------------------------
Running dagger.internal.codegen.DotWriterTest
Tests run: 4, Failures: 0, Errors: 0, Skipped: 0, Time elapsed: 0.096 sec
Running dagger.internal.codegen.GraphVisualizerTest
Tests run: 7, Failures: 0, Errors: 0, Skipped: 0, Time elapsed: 0.047 sec

Results :

Tests run: 11, Failures: 0, Errors: 0, Skipped: 0

[INFO] 
[INFO] --- maven-jar-plugin:2.2:jar (default-jar) @ dagger-compiler ---
[INFO] Building jar: /home/travis/build/square/dagger/compiler/target/dagger-compiler-1.0.1-SNAPSHOT.jar
[INFO] 
[INFO] --- maven-invoker-plugin:1.7:install (integration-test) @ dagger-compiler ---
[INFO] Installing /home/travis/build/square/dagger/core/pom.xml to /home/travis/build/square/dagger/compiler/target/local-repo/com/squareup/dagger/dagger/1.0.1-SNAPSHOT/dagger-1.0.1-SNAPSHOT.pom
[INFO] Installing /home/travis/build/square/dagger/core/target/dagger-1.0.1-SNAPSHOT.jar to /home/travis/build/square/dagger/compiler/target/local-repo/com/squareup/dagger/dagger/1.0.1-SNAPSHOT/dagger-1.0.1-SNAPSHOT.jar
[INFO] Installing /home/travis/build/square/dagger/pom.xml to /home/travis/build/square/dagger/compiler/target/local-repo/com/squareup/dagger/dagger-parent/1.0.1-SNAPSHOT/dagger-parent-1.0.1-SNAPSHOT.pom
[INFO] Installing /home/travis/build/square/dagger/compiler/pom.xml to /home/travis/build/square/dagger/compiler/target/local-repo/com/squareup/dagger/dagger-compiler/1.0.1-SNAPSHOT/dagger-compiler-1.0.1-SNAPSHOT.pom
[INFO] Installing /home/travis/build/square/dagger/compiler/target/dagger-compiler-1.0.1-SNAPSHOT.jar to /home/travis/build/square/dagger/compiler/target/local-repo/com/squareup/dagger/dagger-compiler/1.0.1-SNAPSHOT/dagger-compiler-1.0.1-SNAPSHOT.jar
[INFO] 
[INFO] --- maven-invoker-plugin:1.7:run (integration-test) @ dagger-compiler ---
[INFO] Building: include-non-module/pom.xml
[INFO] ..SUCCESS (59.9 s)
[INFO] Building: inject-parameterized-type/pom.xml
[INFO] ..SUCCESS (28.6 s)
[INFO] Building: provide-provider-or-lazy/pom.xml
[INFO] run script verify.bsh
[INFO] ..SUCCESS (7.4 s)
[INFO] Building: unused-provider-methods-pass-compilation-on-library-module/pom.xml
[INFO] ..SUCCESS (8.5 s)
[INFO] Building: missing-at-inject-constructor/pom.xml
[INFO] run script verify.bsh
[INFO] ..SUCCESS (7.3 s)
[INFO] Building: private-inject/pom.xml
[INFO] run script verify.bsh
[INFO] ..SUCCESS (7.2 s)
[INFO] Building: module-type-validation/pom.xml
[INFO] run script verify.bsh
[INFO] ..SUCCESS (7.3 s)
[INFO] Building: cyclic-deps/pom.xml
[INFO] run script verify.bsh
[INFO] ..SUCCESS (7.4 s)
[INFO] Building: multiple-provides-methods/pom.xml
[INFO] run script verify.bsh
[INFO] ..SUCCESS (8.7 s)
[INFO] Building: extension-graph/pom.xml
[INFO] ..SUCCESS (8.6 s)
[INFO] Building: cyclic-module-includes/pom.xml
[INFO] run script verify.bsh
[INFO] ..SUCCESS (8.1 s)
[INFO] Building: same-provides-method-name/pom.xml
[INFO] ..SUCCESS (9.1 s)
[INFO] Building: inject-on-class/pom.xml
[INFO] run script verify.bsh
[INFO] ..SUCCESS (7.9 s)
[INFO] Building: uninjectable-supertype/pom.xml
[INFO] ..SUCCESS (8.6 s)
[INFO] Building: simple-missing-dependency-failure/pom.xml
[INFO] run script verify.bsh
[INFO] ..SUCCESS (7.3 s)
[INFO] Building: unused-provider-methods-fail-compilation/pom.xml
[INFO] run script verify.bsh
[INFO] ..SUCCESS (7.7 s)
[INFO] Building: inner-classes-complaint-injection/pom.xml
[INFO] run script verify.bsh
[INFO] ..SUCCESS (7.8 s)
[INFO] Building: provides-method-with-throws-clause/pom.xml
[INFO] run script verify.bsh
[INFO] ..SUCCESS (7.4 s)
[INFO] Building: static-injected-binding-doesnt-fail-providers/pom.xml
[INFO] ..SUCCESS (8.8 s)
[INFO] Building: method-injection/pom.xml
[INFO] run script verify.bsh
[INFO] ..SUCCESS (7.3 s)
[INFO] Building: default-package-injected-type/pom.xml
[INFO] ..SUCCESS (8.4 s)
[INFO] -------------------------------------------------
[INFO] Build Summary:
[INFO]   Passed: 21, Failed: 0, Errors: 0, Skipped: 0
[INFO] -------------------------------------------------
[INFO] 
[INFO] --- maven-checkstyle-plugin:2.10:checkstyle (default) @ dagger-compiler ---
[INFO] Starting audit...
Audit done.

[WARNING] Unable to locate Source XRef to link to - DISABLED
[INFO]                                                                         
[INFO] ------------------------------------------------------------------------
[INFO] Building Examples 1.0.1-SNAPSHOT
[INFO] ------------------------------------------------------------------------
[INFO] 
[INFO] --- maven-enforcer-plugin:1.0:enforce (enforce-maven) @ dagger-example-parent ---
[INFO] 
[INFO] --- maven-checkstyle-plugin:2.10:checkstyle (default) @ dagger-example-parent ---
[INFO]                                                                         
[INFO] ------------------------------------------------------------------------
[INFO] Building Examples: Simple 1.0.1-SNAPSHOT
[INFO] ------------------------------------------------------------------------
[INFO] 
[INFO] --- maven-enforcer-plugin:1.0:enforce (enforce-maven) @ simple ---
[INFO] 
[INFO] --- maven-resources-plugin:2.3:resources (default-resources) @ simple ---
[INFO] Using 'UTF-8' encoding to copy filtered resources.
[INFO] skip non existing resourceDirectory /home/travis/build/square/dagger/examples/simple/src/main/resources
[INFO] 
[INFO] --- maven-compiler-plugin:3.1:compile (default-compile) @ simple ---
[INFO] Changes detected - recompiling the module!
[INFO] Compiling 8 source files to /home/travis/build/square/dagger/examples/simple/target/classes
[WARNING] bootstrap class path not set in conjunction with -source 1.6
[WARNING] No processor claimed any of these annotations: dagger.Provides,javax.inject.Singleton
[INFO] 
[INFO] --- maven-resources-plugin:2.3:testResources (default-testResources) @ simple ---
[INFO] Using 'UTF-8' encoding to copy filtered resources.
[INFO] skip non existing resourceDirectory /home/travis/build/square/dagger/examples/simple/src/test/resources
[INFO] 
[INFO] --- maven-compiler-plugin:3.1:testCompile (default-testCompile) @ simple ---
[INFO] No sources to compile
[INFO] 
[INFO] --- maven-surefire-plugin:2.10:test (default-test) @ simple ---
[INFO] No tests to run.
[INFO] Surefire report directory: /home/travis/build/square/dagger/examples/simple/target/surefire-reports
Downloading: https://oss.sonatype.org/content/repositories/jayway-snapshots/org/apache/maven/surefire/surefire-junit3/2.10/surefire-junit3-2.10.pom
           Downloading: http://maven.mirrors.travis-ci.org/nexus/content/repositories/central/org/apache/maven/surefire/surefire-junit3/2.10/surefire-junit3-2.10.pom
2/2 KB              Downloaded: http://maven.mirrors.travis-ci.org/nexus/content/repositories/central/org/apache/maven/surefire/surefire-junit3/2.10/surefire-junit3-2.10.pom (2 KB at 3.1 KB/sec)
Downloading: https://oss.sonatype.org/content/repositories/jayway-snapshots/org/apache/maven/surefire/surefire-junit3/2.10/surefire-junit3-2.10.jar
         Downloading: http://maven.mirrors.travis-ci.org/nexus/content/repositories/central/org/apache/maven/surefire/surefire-junit3/2.10/surefire-junit3-2.10.jar
4/26 KB   8/26 KB   9/26 KB   13/26 KB   17/26 KB   21/26 KB   23/26 KB   26/26 KB              Downloaded: http://maven.mirrors.travis-ci.org/nexus/content/repositories/central/org/apache/maven/surefire/surefire-junit3/2.10/surefire-junit3-2.10.jar (26 KB at 52.1 KB/sec)

-------------------------------------------------------
 T E S T S
-------------------------------------------------------

Results :

Tests run: 0, Failures: 0, Errors: 0, Skipped: 0

[INFO] 
[INFO] --- maven-jar-plugin:2.2:jar (default-jar) @ simple ---
[INFO] Building jar: /home/travis/build/square/dagger/examples/simple/target/simple-1.0.1-SNAPSHOT.jar
[INFO] 
[INFO] --- maven-checkstyle-plugin:2.10:checkstyle (default) @ simple ---
[INFO] Starting audit...
Audit done.

[WARNING] Unable to locate Source XRef to link to - DISABLED
[INFO] ------------------------------------------------------------------------
[INFO] Reactor Summary:
[INFO] 
[INFO] Dagger (Parent) ................................... SUCCESS [2.354s]
[INFO] Dagger ............................................ SUCCESS [9.371s]
[INFO] Dagger Compiler ................................... SUCCESS [4:02.393s]
[INFO] Examples .......................................... SUCCESS [0.466s]
[INFO] Examples: Simple .................................. SUCCESS [4.366s]
[INFO] ------------------------------------------------------------------------
[INFO] BUILD SUCCESS
[INFO] ------------------------------------------------------------------------
[INFO] Total time: 4:19.385s
[INFO] Finished at: Sun May 26 00:22:51 UTC 2013
[INFO] Final Memory: 32M/195M
[INFO] ------------------------------------------------------------------------

The command "mvn verify -P!android" exited with 0.

Done. Your build exited with 0.
