Using worker: worker-linux-4-1.bb.travis-ci.org:travis-linux-17

travis_fold:start:git.1$ git clone --depth=50 --branch=master git://github.com/square/dagger.git square/dagger
Cloning into 'square/dagger'...
remote: Counting objects: 2018, done.[K
remote: Compressing objects:   0% (1/1130)   [Kremote: Compressing objects:   1% (12/1130)   [Kremote: Compressing objects:   2% (23/1130)   [Kremote: Compressing objects:   3% (34/1130)   [Kremote: Compressing objects:   4% (46/1130)   [Kremote: Compressing objects:   5% (57/1130)   [Kremote: Compressing objects:   6% (68/1130)   [Kremote: Compressing objects:   7% (80/1130)   [Kremote: Compressing objects:   8% (91/1130)   [Kremote: Compressing objects:   9% (102/1130)   [Kremote: Compressing objects:  10% (113/1130)   [Kremote: Compressing objects:  11% (125/1130)   [Kremote: Compressing objects:  12% (136/1130)   [Kremote: Compressing objects:  13% (147/1130)   [Kremote: Compressing objects:  14% (159/1130)   [Kremote: Compressing objects:  15% (170/1130)   [Kremote: Compressing objects:  16% (181/1130)   [Kremote: Compressing objects:  17% (193/1130)   [Kremote: Compressing objects:  18% (204/1130)   [Kremote: Compressing objects:  19% (215/1130)   [Kremote: Compressing objects:  20% (226/1130)   [Kremote: Compressing objects:  21% (238/1130)   [Kremote: Compressing objects:  22% (249/1130)   [Kremote: Compressing objects:  23% (260/1130)   [Kremote: Compressing objects:  24% (272/1130)   [Kremote: Compressing objects:  25% (283/1130)   [Kremote: Compressing objects:  26% (294/1130)   [Kremote: Compressing objects:  27% (306/1130)   [Kremote: Compressing objects:  28% (317/1130)   [Kremote: Compressing objects:  29% (328/1130)   [Kremote: Compressing objects:  30% (339/1130)   [Kremote: Compressing objects:  31% (351/1130)   [Kremote: Compressing objects:  32% (362/1130)   [Kremote: Compressing objects:  33% (373/1130)   [Kremote: Compressing objects:  34% (385/1130)   [Kremote: Compressing objects:  35% (396/1130)   [Kremote: Compressing objects:  36% (407/1130)   [Kremote: Compressing objects:  37% (419/1130)   [Kremote: Compressing objects:  38% (430/1130)   [Kremote: Compressing objects:  39% (441/1130)   [Kremote: Compressing objects:  40% (452/1130)   [Kremote: Compressing objects:  41% (464/1130)   [Kremote: Compressing objects:  42% (475/1130)   [Kremote: Compressing objects:  43% (486/1130)   [Kremote: Compressing objects:  44% (498/1130)   [Kremote: Compressing objects:  45% (509/1130)   [Kremote: Compressing objects:  46% (520/1130)   [Kremote: Compressing objects:  47% (532/1130)   [Kremote: Compressing objects:  48% (543/1130)   [Kremote: Compressing objects:  49% (554/1130)   [Kremote: Compressing objects:  50% (565/1130)   [Kremote: Compressing objects:  51% (577/1130)   [Kremote: Compressing objects:  52% (588/1130)   [Kremote: Compressing objects:  53% (599/1130)   [Kremote: Compressing objects:  54% (611/1130)   [Kremote: Compressing objects:  55% (622/1130)   [Kremote: Compressing objects:  56% (633/1130)   [Kremote: Compressing objects:  57% (645/1130)   [Kremote: Compressing objects:  58% (656/1130)   [Kremote: Compressing objects:  59% (667/1130)   [Kremote: Compressing objects:  60% (678/1130)   [Kremote: Compressing objects:  61% (690/1130)   [Kremote: Compressing objects:  62% (701/1130)   [Kremote: Compressing objects:  63% (712/1130)   [Kremote: Compressing objects:  64% (724/1130)   [Kremote: Compressing objects:  65% (735/1130)   [Kremote: Compressing objects:  66% (746/1130)   [Kremote: Compressing objects:  67% (758/1130)   [Kremote: Compressing objects:  68% (769/1130)   [Kremote: Compressing objects:  69% (780/1130)   [Kremote: Compressing objects:  70% (791/1130)   [Kremote: Compressing objects:  71% (803/1130)   [Kremote: Compressing objects:  72% (814/1130)   [Kremote: Compressing objects:  73% (825/1130)   [Kremote: Compressing objects:  74% (837/1130)   [Kremote: Compressing objects:  75% (848/1130)   [Kremote: Compressing objects:  76% (859/1130)   [Kremote: Compressing objects:  77% (871/1130)   [Kremote: Compressing objects:  78% (882/1130)   [Kremote: Compressing objects:  79% (893/1130)   [Kremote: Compressing objects:  80% (904/1130)   [Kremote: Compressing objects:  81% (916/1130)   [Kremote: Compressing objects:  82% (927/1130)   [Kremote: Compressing objects:  83% (938/1130)   [Kremote: Compressing objects:  84% (950/1130)   [Kremote: Compressing objects:  85% (961/1130)   [Kremote: Compressing objects:  86% (972/1130)   [Kremote: Compressing objects:  87% (984/1130)   [Kremote: Compressing objects:  88% (995/1130)   [Kremote: Compressing objects:  89% (1006/1130)   [Kremote: Compressing objects:  90% (1017/1130)   [Kremote: Compressing objects:  91% (1029/1130)   [Kremote: Compressing objects:  92% (1040/1130)   [Kremote: Compressing objects:  93% (1051/1130)   [Kremote: Compressing objects:  94% (1063/1130)   [Kremote: Compressing objects:  95% (1074/1130)   [Kremote: Compressing objects:  96% (1085/1130)   [Kremote: Compressing objects:  97% (1097/1130)   [Kremote: Compressing objects:  98% (1108/1130)   [Kremote: Compressing objects:  99% (1119/1130)   [Kremote: Compressing objects: 100% (1130/1130)   [Kremote: Compressing objects: 100% (1130/1130), done.[K
Receiving objects:   0% (1/2018)   Receiving objects:   1% (21/2018)   Receiving objects:   2% (41/2018)   Receiving objects:   3% (61/2018)   Receiving objects:   4% (81/2018)   Receiving objects:   5% (101/2018)   Receiving objects:   6% (122/2018)   Receiving objects:   7% (142/2018)   Receiving objects:   8% (162/2018)   Receiving objects:   9% (182/2018)   Receiving objects:  10% (202/2018)   Receiving objects:  11% (222/2018)   Receiving objects:  12% (243/2018)   Receiving objects:  13% (263/2018)   Receiving objects:  14% (283/2018)   Receiving objects:  15% (303/2018)   Receiving objects:  16% (323/2018)   Receiving objects:  17% (344/2018)   Receiving objects:  18% (364/2018)   Receiving objects:  19% (384/2018)   Receiving objects:  20% (404/2018)   Receiving objects:  21% (424/2018)   Receiving objects:  22% (444/2018)   Receiving objects:  23% (465/2018)   Receiving objects:  24% (485/2018)   Receiving objects:  25% (505/2018)   Receiving objects:  26% (525/2018)   Receiving objects:  27% (545/2018)   Receiving objects:  28% (566/2018)   Receiving objects:  29% (586/2018)   Receiving objects:  30% (606/2018)   Receiving objects:  31% (626/2018)   Receiving objects:  32% (646/2018)   Receiving objects:  33% (666/2018)   Receiving objects:  34% (687/2018)   Receiving objects:  35% (707/2018)   Receiving objects:  36% (727/2018)   Receiving objects:  37% (747/2018)   Receiving objects:  38% (767/2018)   Receiving objects:  39% (788/2018)   Receiving objects:  40% (808/2018)   Receiving objects:  41% (828/2018)   Receiving objects:  42% (848/2018)   Receiving objects:  43% (868/2018)   Receiving objects:  44% (888/2018)   Receiving objects:  45% (909/2018)   Receiving objects:  46% (929/2018)   Receiving objects:  47% (949/2018)   Receiving objects:  48% (969/2018)   Receiving objects:  49% (989/2018)   Receiving objects:  50% (1009/2018)   Receiving objects:  51% (1030/2018)   Receiving objects:  52% (1050/2018)   Receiving objects:  53% (1070/2018)   Receiving objects:  54% (1090/2018)   Receiving objects:  55% (1110/2018)   Receiving objects:  56% (1131/2018)   Receiving objects:  57% (1151/2018)   Receiving objects:  58% (1171/2018)   Receiving objects:  59% (1191/2018)   Receiving objects:  60% (1211/2018)   Receiving objects:  61% (1231/2018)   Receiving objects:  62% (1252/2018)   Receiving objects:  63% (1272/2018)   Receiving objects:  64% (1292/2018)   Receiving objects:  65% (1312/2018)   Receiving objects:  66% (1332/2018)   Receiving objects:  67% (1353/2018)   Receiving objects:  68% (1373/2018)   Receiving objects:  69% (1393/2018)   Receiving objects:  70% (1413/2018)   remote: Total 2018 (delta 729), reused 1657 (delta 418)[K
Receiving objects:  71% (1433/2018)   Receiving objects:  72% (1453/2018)   Receiving objects:  73% (1474/2018)   Receiving objects:  74% (1494/2018)   Receiving objects:  75% (1514/2018)   Receiving objects:  76% (1534/2018)   Receiving objects:  77% (1554/2018)   Receiving objects:  78% (1575/2018)   Receiving objects:  79% (1595/2018)   Receiving objects:  80% (1615/2018)   Receiving objects:  81% (1635/2018)   Receiving objects:  82% (1655/2018)   Receiving objects:  83% (1675/2018)   Receiving objects:  84% (1696/2018)   Receiving objects:  85% (1716/2018)   Receiving objects:  86% (1736/2018)   Receiving objects:  87% (1756/2018)   Receiving objects:  88% (1776/2018)   Receiving objects:  89% (1797/2018)   Receiving objects:  90% (1817/2018)   Receiving objects:  91% (1837/2018)   Receiving objects:  92% (1857/2018)   Receiving objects:  93% (1877/2018)   Receiving objects:  94% (1897/2018)   Receiving objects:  95% (1918/2018)   Receiving objects:  96% (1938/2018)   Receiving objects:  97% (1958/2018)   Receiving objects:  98% (1978/2018)   Receiving objects:  99% (1998/2018)   Receiving objects: 100% (2018/2018)   Receiving objects: 100% (2018/2018), 531.19 KiB, done.
Resolving deltas:   0% (0/729)   Resolving deltas:   1% (11/729)   Resolving deltas:   3% (23/729)   Resolving deltas:   4% (32/729)   Resolving deltas:   5% (37/729)   Resolving deltas:  12% (94/729)   Resolving deltas:  13% (98/729)   Resolving deltas:  16% (118/729)   Resolving deltas:  20% (150/729)   Resolving deltas:  21% (154/729)   Resolving deltas:  22% (165/729)   Resolving deltas:  23% (171/729)   Resolving deltas:  24% (175/729)   Resolving deltas:  26% (194/729)   Resolving deltas:  27% (199/729)   Resolving deltas:  34% (254/729)   Resolving deltas:  35% (256/729)   Resolving deltas:  43% (318/729)   Resolving deltas:  44% (323/729)   Resolving deltas:  45% (329/729)   Resolving deltas:  46% (337/729)   Resolving deltas:  47% (344/729)   Resolving deltas:  49% (360/729)   Resolving deltas:  50% (365/729)   Resolving deltas:  51% (373/729)   Resolving deltas:  52% (381/729)   Resolving deltas:  53% (391/729)   Resolving deltas:  54% (394/729)   Resolving deltas:  55% (401/729)   Resolving deltas:  56% (410/729)   Resolving deltas:  57% (416/729)   Resolving deltas:  58% (430/729)   Resolving deltas:  64% (470/729)   Resolving deltas:  66% (482/729)   Resolving deltas:  67% (492/729)   Resolving deltas:  68% (501/729)   Resolving deltas:  69% (506/729)   Resolving deltas:  70% (511/729)   Resolving deltas:  71% (518/729)   Resolving deltas:  72% (530/729)   Resolving deltas:  73% (533/729)   Resolving deltas:  78% (572/729)   Resolving deltas:  80% (585/729)   Resolving deltas:  81% (593/729)   Resolving deltas:  83% (609/729)   Resolving deltas:  84% (613/729)   Resolving deltas:  85% (622/729)   Resolving deltas:  88% (642/729)   Resolving deltas:  89% (651/729)   Resolving deltas:  90% (658/729)   Resolving deltas:  91% (666/729)   Resolving deltas:  92% (673/729)   Resolving deltas:  93% (680/729)   Resolving deltas:  94% (691/729)   Resolving deltas:  95% (695/729)   Resolving deltas:  96% (705/729)   Resolving deltas:  97% (708/729)   Resolving deltas:  98% (715/729)   Resolving deltas:  99% (726/729)   Resolving deltas: 100% (729/729)   Resolving deltas: 100% (729/729), done.
travis_fold:end:git.1$ cd square/dagger
travis_fold:start:git.2$ git checkout -qf 2477211912c3e7d754218c879ea92dce6058e0ba
travis_fold:end:git.2$ java -version
java version "1.7.0_15"
OpenJDK Runtime Environment (IcedTea7 2.3.7) (7u15-2.3.7-0ubuntu1~12.04.1)
OpenJDK 64-Bit Server VM (build 23.7-b01, mixed mode)
$ javac -version
javac 1.7.0_15
travis_fold:start:install$ mvn install clean -P!android --fail-never --quiet -DskipTests=true -Dinvoker.skip=true
travis_fold:end:install$ mvn verify -P!android
[INFO] Scanning for projects...
[INFO] ------------------------------------------------------------------------
[INFO] Reactor Build Order:
[INFO] 
[INFO] Dagger (Parent)
[INFO] Dagger
[INFO] Dagger Compiler
[INFO] Examples
[INFO] Examples: Simple
[INFO]                                                                         
[INFO] ------------------------------------------------------------------------
[INFO] Building Dagger (Parent) 1.0.2-SNAPSHOT
[INFO] ------------------------------------------------------------------------
[INFO] 
[INFO] --- maven-enforcer-plugin:1.0:enforce (enforce-maven) @ dagger-parent ---
[INFO] 
[INFO] --- maven-checkstyle-plugin:2.10:checkstyle (default) @ dagger-parent ---
[INFO]                                                                         
[INFO] ------------------------------------------------------------------------
[INFO] Building Dagger 1.0.2-SNAPSHOT
[INFO] ------------------------------------------------------------------------
[INFO] 
[INFO] --- maven-enforcer-plugin:1.0:enforce (enforce-maven) @ dagger ---
[INFO] 
[INFO] --- maven-resources-plugin:2.3:resources (default-resources) @ dagger ---
[INFO] Using 'UTF-8' encoding to copy filtered resources.
[INFO] skip non existing resourceDirectory /home/travis/build/square/dagger/core/src/main/resources
[INFO] 
[INFO] --- maven-compiler-plugin:3.1:compile (default-compile) @ dagger ---
[INFO] Changes detected - recompiling the module!
[INFO] Compiling 24 source files to /home/travis/build/square/dagger/core/target/classes
[WARNING] bootstrap class path not set in conjunction with -source 1.6
[WARNING] /home/travis/build/square/dagger/core/src/main/java/dagger/internal/ProblemDetector.java:[33,10] found raw type: dagger.internal.Binding
  missing type arguments for generic class dagger.internal.Binding<T>
[WARNING] /home/travis/build/square/dagger/core/src/main/java/dagger/internal/ProblemDetector.java:[33,50] found raw type: dagger.internal.Binding
  missing type arguments for generic class dagger.internal.Binding<T>
[WARNING] /home/travis/build/square/dagger/core/src/main/java/dagger/internal/loaders/reflect/ReflectiveModuleAdapter.java:[152,24] found raw type: dagger.internal.Binding
  missing type arguments for generic class dagger.internal.Binding<T>
[WARNING] /home/travis/build/square/dagger/core/src/main/java/dagger/internal/UniqueMap.java:[24,8] serializable class dagger.internal.UniqueMap has no definition of serialVersionUID
[INFO] 
[INFO] --- maven-resources-plugin:2.3:testResources (default-testResources) @ dagger ---
[INFO] Using 'UTF-8' encoding to copy filtered resources.
[INFO] skip non existing resourceDirectory /home/travis/build/square/dagger/core/src/test/resources
[INFO] 
[INFO] --- maven-compiler-plugin:3.1:testCompile (default-testCompile) @ dagger ---
[INFO] Changes detected - recompiling the module!
[INFO] Compiling 14 source files to /home/travis/build/square/dagger/core/target/test-classes
[WARNING] bootstrap class path not set in conjunction with -source 1.6
[WARNING] /home/travis/build/square/dagger/core/src/test/java/dagger/ModuleTest.java:[218,17] found raw type: javax.inject.Provider
  missing type arguments for generic class javax.inject.Provider<T>
[WARNING] /home/travis/build/square/dagger/core/src/test/java/dagger/ModuleTest.java:[252,17] found raw type: dagger.Lazy
  missing type arguments for generic class dagger.Lazy<T>
[INFO] 
[INFO] --- maven-surefire-plugin:2.10:test (default-test) @ dagger ---
[INFO] Surefire report directory: /home/travis/build/square/dagger/core/target/surefire-reports
Downloading: http://maven.mirrors.travis-ci.org/nexus/content/repositories/central/org/apache/maven/surefire/surefire-junit4/2.10/surefire-junit4-2.10.pom
3/3 KB            Downloaded: http://maven.mirrors.travis-ci.org/nexus/content/repositories/central/org/apache/maven/surefire/surefire-junit4/2.10/surefire-junit4-2.10.pom (3 KB at 3.4 KB/sec)
Downloading: http://maven.mirrors.travis-ci.org/nexus/content/repositories/central/org/apache/maven/surefire/surefire-providers/2.10/surefire-providers-2.10.pom
3/3 KB            Downloaded: http://maven.mirrors.travis-ci.org/nexus/content/repositories/central/org/apache/maven/surefire/surefire-providers/2.10/surefire-providers-2.10.pom (3 KB at 6.4 KB/sec)
Downloading: http://maven.mirrors.travis-ci.org/nexus/content/repositories/central/org/apache/maven/surefire/surefire-junit4/2.10/surefire-junit4-2.10.jar
4/33 KB   8/33 KB   9/33 KB   13/33 KB   17/33 KB   21/33 KB   25/33 KB   27/33 KB   31/33 KB   33/33 KB              Downloaded: http://maven.mirrors.travis-ci.org/nexus/content/repositories/central/org/apache/maven/surefire/surefire-junit4/2.10/surefire-junit4-2.10.jar (33 KB at 60.5 KB/sec)

-------------------------------------------------------
 T E S T S
-------------------------------------------------------
Running dagger.internal.SingletonBindingTest
Tests run: 7, Failures: 0, Errors: 0, Skipped: 0, Time elapsed: 0.119 sec
Running dagger.internal.KeysTest
Tests run: 18, Failures: 0, Errors: 0, Skipped: 0, Time elapsed: 0.086 sec
Running dagger.LazyInjectionTest
Tests run: 5, Failures: 0, Errors: 0, Skipped: 0, Time elapsed: 0.075 sec
Running dagger.ExtensionTest
Tests run: 3, Failures: 0, Errors: 0, Skipped: 0, Time elapsed: 0.05 sec
Running dagger.InjectionTest
Tests run: 37, Failures: 0, Errors: 0, Skipped: 0, Time elapsed: 0.245 sec
Running dagger.ExtensionWithStateTest
Tests run: 1, Failures: 0, Errors: 0, Skipped: 0, Time elapsed: 0.003 sec
Running dagger.InjectStaticsTest
Tests run: 3, Failures: 0, Errors: 0, Skipped: 0, Time elapsed: 0.01 sec
Running dagger.ProblemDetectorTest
Tests run: 3, Failures: 0, Errors: 0, Skipped: 0, Time elapsed: 0.017 sec
Running dagger.MembersInjectorTest
Tests run: 8, Failures: 0, Errors: 0, Skipped: 0, Time elapsed: 0.042 sec
Running dagger.SetBindingTest
Tests run: 7, Failures: 0, Errors: 0, Skipped: 0, Time elapsed: 0.044 sec
Running dagger.ModuleTest
Tests run: 14, Failures: 0, Errors: 0, Skipped: 0, Time elapsed: 0.051 sec
Running dagger.UnusedProviderTest
Tests run: 4, Failures: 0, Errors: 0, Skipped: 0, Time elapsed: 0.015 sec
Running dagger.ThreadSafetyTest
Tests run: 2, Failures: 0, Errors: 0, Skipped: 0, Time elapsed: 0.067 sec
Running dagger.InjectionOfLazyTest
Tests run: 4, Failures: 0, Errors: 0, Skipped: 0, Time elapsed: 0.015 sec

Results :

Tests run: 116, Failures: 0, Errors: 0, Skipped: 0

[INFO] 
[INFO] --- maven-jar-plugin:2.2:jar (default-jar) @ dagger ---
[INFO] Building jar: /home/travis/build/square/dagger/core/target/dagger-1.0.2-SNAPSHOT.jar
[INFO] 
[INFO] --- maven-checkstyle-plugin:2.10:checkstyle (default) @ dagger ---
[INFO] Starting audit...
Audit done.

[WARNING] Unable to locate Source XRef to link to - DISABLED
[INFO]                                                                         
[INFO] ------------------------------------------------------------------------
[INFO] Building Dagger Compiler 1.0.2-SNAPSHOT
[INFO] ------------------------------------------------------------------------
[INFO] 
[INFO] --- maven-enforcer-plugin:1.0:enforce (enforce-maven) @ dagger-compiler ---
[INFO] 
[INFO] --- maven-resources-plugin:2.3:resources (default-resources) @ dagger-compiler ---
[INFO] Using 'UTF-8' encoding to copy filtered resources.
[INFO] Copying 1 resource
[INFO] 
[INFO] --- maven-compiler-plugin:3.1:compile (default-compile) @ dagger-compiler ---
[INFO] Changes detected - recompiling the module!
[INFO] Compiling 12 source files to /home/travis/build/square/dagger/compiler/target/classes
[WARNING] bootstrap class path not set in conjunction with -source 1.6
[INFO] 
[INFO] --- maven-resources-plugin:2.3:testResources (default-testResources) @ dagger-compiler ---
[INFO] Using 'UTF-8' encoding to copy filtered resources.
[INFO] skip non existing resourceDirectory /home/travis/build/square/dagger/compiler/src/test/resources
[INFO] 
[INFO] --- maven-compiler-plugin:3.1:testCompile (default-testCompile) @ dagger-compiler ---
[INFO] Changes detected - recompiling the module!
[INFO] Compiling 3 source files to /home/travis/build/square/dagger/compiler/target/test-classes
[WARNING] bootstrap class path not set in conjunction with -source 1.6
[INFO] 
[INFO] --- maven-surefire-plugin:2.10:test (default-test) @ dagger-compiler ---
[INFO] Surefire report directory: /home/travis/build/square/dagger/compiler/target/surefire-reports

-------------------------------------------------------
 T E S T S
-------------------------------------------------------
Running dagger.internal.codegen.DotWriterTest
Tests run: 4, Failures: 0, Errors: 0, Skipped: 0, Time elapsed: 0.12 sec
Running dagger.internal.codegen.GraphVisualizerTest
Tests run: 7, Failures: 0, Errors: 0, Skipped: 0, Time elapsed: 0.051 sec

Results :

Tests run: 11, Failures: 0, Errors: 0, Skipped: 0

[INFO] 
[INFO] --- maven-jar-plugin:2.2:jar (default-jar) @ dagger-compiler ---
[INFO] Building jar: /home/travis/build/square/dagger/compiler/target/dagger-compiler-1.0.2-SNAPSHOT.jar
[INFO] 
[INFO] --- maven-invoker-plugin:1.7:install (integration-test) @ dagger-compiler ---
[INFO] Installing /home/travis/build/square/dagger/core/pom.xml to /home/travis/build/square/dagger/compiler/target/local-repo/com/squareup/dagger/dagger/1.0.2-SNAPSHOT/dagger-1.0.2-SNAPSHOT.pom
[INFO] Installing /home/travis/build/square/dagger/core/target/dagger-1.0.2-SNAPSHOT.jar to /home/travis/build/square/dagger/compiler/target/local-repo/com/squareup/dagger/dagger/1.0.2-SNAPSHOT/dagger-1.0.2-SNAPSHOT.jar
[INFO] Installing /home/travis/build/square/dagger/pom.xml to /home/travis/build/square/dagger/compiler/target/local-repo/com/squareup/dagger/dagger-parent/1.0.2-SNAPSHOT/dagger-parent-1.0.2-SNAPSHOT.pom
[INFO] Installing /home/travis/build/square/dagger/compiler/pom.xml to /home/travis/build/square/dagger/compiler/target/local-repo/com/squareup/dagger/dagger-compiler/1.0.2-SNAPSHOT/dagger-compiler-1.0.2-SNAPSHOT.pom
[INFO] Installing /home/travis/build/square/dagger/compiler/target/dagger-compiler-1.0.2-SNAPSHOT.jar to /home/travis/build/square/dagger/compiler/target/local-repo/com/squareup/dagger/dagger-compiler/1.0.2-SNAPSHOT/dagger-compiler-1.0.2-SNAPSHOT.jar
[INFO] 
[INFO] --- maven-invoker-plugin:1.7:run (integration-test) @ dagger-compiler ---
[INFO] Building: missing-at-inject-constructor/pom.xml
[INFO] run script verify.bsh
[INFO] ..SUCCESS (62.5 s)
[INFO] Building: simple-missing-dependency-failure/pom.xml
[INFO] run script verify.bsh
[INFO] ..SUCCESS (8.9 s)
[INFO] Building: provides-method-with-throws-clause/pom.xml
[INFO] run script verify.bsh
[INFO] ..SUCCESS (8.7 s)
[INFO] Building: multiple-provides-methods/pom.xml
[INFO] run script verify.bsh
[INFO] ..SUCCESS (29.9 s)
[INFO] Building: default-package-injected-type/pom.xml
[INFO] ..SUCCESS (10.7 s)
[INFO] Building: inject-parameterized-type/pom.xml
[INFO] ..SUCCESS (10.5 s)
[INFO] Building: static-injected-binding-doesnt-fail-providers/pom.xml
[INFO] ..SUCCESS (10.9 s)
[INFO] Building: unused-provider-methods-pass-compilation-on-library-module/pom.xml
[INFO] ..SUCCESS (10.4 s)
[INFO] Building: module-type-validation/pom.xml
[INFO] run script verify.bsh
[INFO] ..SUCCESS (8.9 s)
[INFO] Building: same-provides-method-name/pom.xml
[INFO] ..SUCCESS (10.2 s)
[INFO] Building: unused-provider-methods-fail-compilation/pom.xml
[INFO] run script verify.bsh
[INFO] ..SUCCESS (9.3 s)
[INFO] Building: private-inject/pom.xml
[INFO] run script verify.bsh
[INFO] ..SUCCESS (8.7 s)
[INFO] Building: extension-graph/pom.xml
[INFO] ..SUCCESS (10.4 s)
[INFO] Building: inner-classes-complaint-injection/pom.xml
[INFO] run script verify.bsh
[INFO] ..SUCCESS (8.6 s)
[INFO] Building: inject-on-class/pom.xml
[INFO] run script verify.bsh
[INFO] ..SUCCESS (8.6 s)
[INFO] Building: cyclic-deps/pom.xml
[INFO] run script verify.bsh
[INFO] ..SUCCESS (9.2 s)
[INFO] Building: include-non-module/pom.xml
[INFO] ..SUCCESS (8.8 s)
[INFO] Building: cyclic-module-includes/pom.xml
[INFO] run script verify.bsh
[INFO] ..SUCCESS (8.9 s)
[INFO] Building: provide-provider-or-lazy/pom.xml
[INFO] run script verify.bsh
[INFO] ..SUCCESS (8.6 s)
[INFO] Building: uninjectable-supertype/pom.xml
[INFO] ..SUCCESS (10.1 s)
[INFO] Building: method-injection/pom.xml
[INFO] run script verify.bsh
[INFO] ..SUCCESS (8.6 s)
[INFO] -------------------------------------------------
[INFO] Build Summary:
[INFO]   Passed: 21, Failed: 0, Errors: 0, Skipped: 0
[INFO] -------------------------------------------------
[INFO] 
[INFO] --- maven-checkstyle-plugin:2.10:checkstyle (default) @ dagger-compiler ---
[INFO] Starting audit...
Audit done.

[WARNING] Unable to locate Source XRef to link to - DISABLED
[INFO]                                                                         
[INFO] ------------------------------------------------------------------------
[INFO] Building Examples 1.0.2-SNAPSHOT
[INFO] ------------------------------------------------------------------------
[INFO] 
[INFO] --- maven-enforcer-plugin:1.0:enforce (enforce-maven) @ dagger-example-parent ---
[INFO] 
[INFO] --- maven-checkstyle-plugin:2.10:checkstyle (default) @ dagger-example-parent ---
[INFO]                                                                         
[INFO] ------------------------------------------------------------------------
[INFO] Building Examples: Simple 1.0.2-SNAPSHOT
[INFO] ------------------------------------------------------------------------
[INFO] 
[INFO] --- maven-enforcer-plugin:1.0:enforce (enforce-maven) @ simple ---
[INFO] 
[INFO] --- maven-resources-plugin:2.3:resources (default-resources) @ simple ---
[INFO] Using 'UTF-8' encoding to copy filtered resources.
[INFO] skip non existing resourceDirectory /home/travis/build/square/dagger/examples/simple/src/main/resources
[INFO] 
[INFO] --- maven-compiler-plugin:3.1:compile (default-compile) @ simple ---
[INFO] Changes detected - recompiling the module!
[INFO] Compiling 8 source files to /home/travis/build/square/dagger/examples/simple/target/classes
[WARNING] bootstrap class path not set in conjunction with -source 1.6
[WARNING] No processor claimed any of these annotations: dagger.Provides,javax.inject.Singleton
[INFO] 
[INFO] --- maven-resources-plugin:2.3:testResources (default-testResources) @ simple ---
[INFO] Using 'UTF-8' encoding to copy filtered resources.
[INFO] skip non existing resourceDirectory /home/travis/build/square/dagger/examples/simple/src/test/resources
[INFO] 
[INFO] --- maven-compiler-plugin:3.1:testCompile (default-testCompile) @ simple ---
[INFO] No sources to compile
[INFO] 
[INFO] --- maven-surefire-plugin:2.10:test (default-test) @ simple ---
[INFO] No tests to run.
[INFO] Surefire report directory: /home/travis/build/square/dagger/examples/simple/target/surefire-reports
Downloading: http://maven.mirrors.travis-ci.org/nexus/content/repositories/central/org/apache/maven/surefire/surefire-junit3/2.10/surefire-junit3-2.10.pom
2/2 KB              Downloaded: http://maven.mirrors.travis-ci.org/nexus/content/repositories/central/org/apache/maven/surefire/surefire-junit3/2.10/surefire-junit3-2.10.pom (2 KB at 3.2 KB/sec)
Downloading: http://maven.mirrors.travis-ci.org/nexus/content/repositories/central/org/apache/maven/surefire/surefire-junit3/2.10/surefire-junit3-2.10.jar
4/26 KB   8/26 KB   9/26 KB   13/26 KB   17/26 KB   21/26 KB   24/26 KB   26/26 KB              Downloaded: http://maven.mirrors.travis-ci.org/nexus/content/repositories/central/org/apache/maven/surefire/surefire-junit3/2.10/surefire-junit3-2.10.jar (26 KB at 49.1 KB/sec)

-------------------------------------------------------
 T E S T S
-------------------------------------------------------

Results :

Tests run: 0, Failures: 0, Errors: 0, Skipped: 0

[INFO] 
[INFO] --- maven-jar-plugin:2.2:jar (default-jar) @ simple ---
[INFO] Building jar: /home/travis/build/square/dagger/examples/simple/target/simple-1.0.2-SNAPSHOT.jar
[INFO] 
[INFO] --- maven-checkstyle-plugin:2.10:checkstyle (default) @ simple ---
[INFO] Starting audit...
Audit done.

[WARNING] Unable to locate Source XRef to link to - DISABLED
[INFO] ------------------------------------------------------------------------
[INFO] Reactor Summary:
[INFO] 
[INFO] Dagger (Parent) ................................... SUCCESS [3.063s]
[INFO] Dagger ............................................ SUCCESS [13.785s]
[INFO] Dagger Compiler ................................... SUCCESS [4:35.345s]
[INFO] Examples .......................................... SUCCESS [0.010s]
[INFO] Examples: Simple .................................. SUCCESS [2.361s]
[INFO] ------------------------------------------------------------------------
[INFO] BUILD SUCCESS
[INFO] ------------------------------------------------------------------------
[INFO] Total time: 4:55.145s
[INFO] Finished at: Fri Jun 07 00:14:23 UTC 2013
[INFO] Final Memory: 25M/191M
[INFO] ------------------------------------------------------------------------

The command "mvn verify -P!android" exited with 0.

Done. Your build exited with 0.
