Using worker: worker-linux-5-2.bb.travis-ci.org:travis-linux-16

travis_fold:start:git.1$ git clone --depth=50 --branch=master git://github.com/square/dagger.git square/dagger
Cloning into 'square/dagger'...
remote: Counting objects: 2019, done.[K
remote: Compressing objects:   0% (1/1131)   [Kremote: Compressing objects:   1% (12/1131)   [Kremote: Compressing objects:   2% (23/1131)   [Kremote: Compressing objects:   3% (34/1131)   [Kremote: Compressing objects:   4% (46/1131)   [Kremote: Compressing objects:   5% (57/1131)   [Kremote: Compressing objects:   6% (68/1131)   [Kremote: Compressing objects:   7% (80/1131)   [Kremote: Compressing objects:   8% (91/1131)   [Kremote: Compressing objects:   9% (102/1131)   [Kremote: Compressing objects:  10% (114/1131)   [Kremote: Compressing objects:  11% (125/1131)   [Kremote: Compressing objects:  12% (136/1131)   [Kremote: Compressing objects:  13% (148/1131)   [Kremote: Compressing objects:  14% (159/1131)   [Kremote: Compressing objects:  15% (170/1131)   [Kremote: Compressing objects:  16% (181/1131)   [Kremote: Compressing objects:  17% (193/1131)   [Kremote: Compressing objects:  18% (204/1131)   [Kremote: Compressing objects:  19% (215/1131)   [Kremote: Compressing objects:  20% (227/1131)   [Kremote: Compressing objects:  21% (238/1131)   [Kremote: Compressing objects:  22% (249/1131)   [Kremote: Compressing objects:  23% (261/1131)   [Kremote: Compressing objects:  24% (272/1131)   [Kremote: Compressing objects:  25% (283/1131)   [Kremote: Compressing objects:  26% (295/1131)   [Kremote: Compressing objects:  27% (306/1131)   [Kremote: Compressing objects:  28% (317/1131)   [Kremote: Compressing objects:  29% (328/1131)   [Kremote: Compressing objects:  30% (340/1131)   [Kremote: Compressing objects:  31% (351/1131)   [Kremote: Compressing objects:  32% (362/1131)   [Kremote: Compressing objects:  33% (374/1131)   [Kremote: Compressing objects:  34% (385/1131)   [Kremote: Compressing objects:  35% (396/1131)   [Kremote: Compressing objects:  36% (408/1131)   [Kremote: Compressing objects:  37% (419/1131)   [Kremote: Compressing objects:  38% (430/1131)   [Kremote: Compressing objects:  39% (442/1131)   [Kremote: Compressing objects:  40% (453/1131)   [Kremote: Compressing objects:  41% (464/1131)   [Kremote: Compressing objects:  42% (476/1131)   [Kremote: Compressing objects:  43% (487/1131)   [Kremote: Compressing objects:  44% (498/1131)   [Kremote: Compressing objects:  45% (509/1131)   [Kremote: Compressing objects:  46% (521/1131)   [Kremote: Compressing objects:  47% (532/1131)   [Kremote: Compressing objects:  48% (543/1131)   [Kremote: Compressing objects:  49% (555/1131)   [Kremote: Compressing objects:  50% (566/1131)   [Kremote: Compressing objects:  51% (577/1131)   [Kremote: Compressing objects:  52% (589/1131)   [Kremote: Compressing objects:  53% (600/1131)   [Kremote: Compressing objects:  54% (611/1131)   [Kremote: Compressing objects:  55% (623/1131)   [Kremote: Compressing objects:  56% (634/1131)   [Kremote: Compressing objects:  57% (645/1131)   [Kremote: Compressing objects:  58% (656/1131)   [Kremote: Compressing objects:  59% (668/1131)   [Kremote: Compressing objects:  60% (679/1131)   [Kremote: Compressing objects:  61% (690/1131)   [Kremote: Compressing objects:  62% (702/1131)   [Kremote: Compressing objects:  63% (713/1131)   [Kremote: Compressing objects:  64% (724/1131)   [Kremote: Compressing objects:  65% (736/1131)   [Kremote: Compressing objects:  66% (747/1131)   [Kremote: Compressing objects:  67% (758/1131)   [Kremote: Compressing objects:  68% (770/1131)   [Kremote: Compressing objects:  69% (781/1131)   [Kremote: Compressing objects:  70% (792/1131)   [Kremote: Compressing objects:  71% (804/1131)   [Kremote: Compressing objects:  72% (815/1131)   [Kremote: Compressing objects:  73% (826/1131)   [Kremote: Compressing objects:  74% (837/1131)   [Kremote: Compressing objects:  75% (849/1131)   [Kremote: Compressing objects:  76% (860/1131)   [Kremote: Compressing objects:  77% (871/1131)   [Kremote: Compressing objects:  78% (883/1131)   [Kremote: Compressing objects:  79% (894/1131)   [Kremote: Compressing objects:  80% (905/1131)   [Kremote: Compressing objects:  81% (917/1131)   [Kremote: Compressing objects:  82% (928/1131)   [Kremote: Compressing objects:  83% (939/1131)   [Kremote: Compressing objects:  84% (951/1131)   [Kremote: Compressing objects:  85% (962/1131)   [Kremote: Compressing objects:  86% (973/1131)   [Kremote: Compressing objects:  87% (984/1131)   [Kremote: Compressing objects:  88% (996/1131)   [Kremote: Compressing objects:  89% (1007/1131)   [Kremote: Compressing objects:  90% (1018/1131)   [Kremote: Compressing objects:  91% (1030/1131)   [Kremote: Compressing objects:  92% (1041/1131)   [Kremote: Compressing objects:  93% (1052/1131)   [Kremote: Compressing objects:  94% (1064/1131)   [Kremote: Compressing objects:  95% (1075/1131)   [Kremote: Compressing objects:  96% (1086/1131)   [Kremote: Compressing objects:  97% (1098/1131)   [Kremote: Compressing objects:  98% (1109/1131)   [Kremote: Compressing objects:  99% (1120/1131)   [Kremote: Compressing objects: 100% (1131/1131)   [Kremote: Compressing objects: 100% (1131/1131), done.[K
Receiving objects:   0% (1/2019)   Receiving objects:   1% (21/2019)   Receiving objects:   2% (41/2019)   Receiving objects:   3% (61/2019)   Receiving objects:   4% (81/2019)   Receiving objects:   5% (101/2019)   Receiving objects:   6% (122/2019)   Receiving objects:   7% (142/2019)   Receiving objects:   8% (162/2019)   Receiving objects:   9% (182/2019)   Receiving objects:  10% (202/2019)   Receiving objects:  11% (223/2019)   Receiving objects:  12% (243/2019)   Receiving objects:  13% (263/2019)   Receiving objects:  14% (283/2019)   Receiving objects:  15% (303/2019)   Receiving objects:  16% (324/2019)   Receiving objects:  17% (344/2019)   Receiving objects:  18% (364/2019)   Receiving objects:  19% (384/2019)   Receiving objects:  20% (404/2019)   Receiving objects:  21% (424/2019)   Receiving objects:  22% (445/2019)   Receiving objects:  23% (465/2019)   Receiving objects:  24% (485/2019)   Receiving objects:  25% (505/2019)   Receiving objects:  26% (525/2019)   Receiving objects:  27% (546/2019)   Receiving objects:  28% (566/2019)   Receiving objects:  29% (586/2019)   Receiving objects:  30% (606/2019)   Receiving objects:  31% (626/2019)   Receiving objects:  32% (647/2019)   Receiving objects:  33% (667/2019)   Receiving objects:  34% (687/2019)   Receiving objects:  35% (707/2019)   Receiving objects:  36% (727/2019)   Receiving objects:  37% (748/2019)   Receiving objects:  38% (768/2019)   Receiving objects:  39% (788/2019)   Receiving objects:  40% (808/2019)   Receiving objects:  41% (828/2019)   Receiving objects:  42% (848/2019)   Receiving objects:  43% (869/2019)   Receiving objects:  44% (889/2019)   Receiving objects:  45% (909/2019)   Receiving objects:  46% (929/2019)   Receiving objects:  47% (949/2019)   Receiving objects:  48% (970/2019)   Receiving objects:  49% (990/2019)   Receiving objects:  50% (1010/2019)   Receiving objects:  51% (1030/2019)   Receiving objects:  52% (1050/2019)   Receiving objects:  53% (1071/2019)   Receiving objects:  54% (1091/2019)   Receiving objects:  55% (1111/2019)   Receiving objects:  56% (1131/2019)   Receiving objects:  57% (1151/2019)   Receiving objects:  58% (1172/2019)   Receiving objects:  59% (1192/2019)   Receiving objects:  60% (1212/2019)   Receiving objects:  61% (1232/2019)   Receiving objects:  62% (1252/2019)   Receiving objects:  63% (1272/2019)   Receiving objects:  64% (1293/2019)   Receiving objects:  65% (1313/2019)   Receiving objects:  66% (1333/2019)   Receiving objects:  67% (1353/2019)   Receiving objects:  68% (1373/2019)   Receiving objects:  69% (1394/2019)   Receiving objects:  70% (1414/2019)   Receiving objects:  71% (1434/2019)   Receiving objects:  72% (1454/2019)   Receiving objects:  73% (1474/2019)   Receiving objects:  74% (1495/2019)   Receiving objects:  75% (1515/2019)   remote: Total 2019 (delta 712), reused 1662 (delta 415)[K
Receiving objects:  76% (1535/2019)   Receiving objects:  77% (1555/2019)   Receiving objects:  78% (1575/2019)   Receiving objects:  79% (1596/2019)   Receiving objects:  80% (1616/2019)   Receiving objects:  81% (1636/2019)   Receiving objects:  82% (1656/2019)   Receiving objects:  83% (1676/2019)   Receiving objects:  84% (1696/2019)   Receiving objects:  85% (1717/2019)   Receiving objects:  86% (1737/2019)   Receiving objects:  87% (1757/2019)   Receiving objects:  88% (1777/2019)   Receiving objects:  89% (1797/2019)   Receiving objects:  90% (1818/2019)   Receiving objects:  91% (1838/2019)   Receiving objects:  92% (1858/2019)   Receiving objects:  93% (1878/2019)   Receiving objects:  94% (1898/2019)   Receiving objects:  95% (1919/2019)   Receiving objects:  96% (1939/2019)   Receiving objects:  97% (1959/2019)   Receiving objects:  98% (1979/2019)   Receiving objects:  99% (1999/2019)   Receiving objects: 100% (2019/2019)   Receiving objects: 100% (2019/2019), 553.28 KiB, done.
Resolving deltas:   0% (0/712)   Resolving deltas:   1% (10/712)   Resolving deltas:   4% (30/712)   Resolving deltas:   5% (38/712)   Resolving deltas:   6% (43/712)   Resolving deltas:  16% (117/712)   Resolving deltas:  17% (124/712)   Resolving deltas:  18% (132/712)   Resolving deltas:  19% (136/712)   Resolving deltas:  20% (146/712)   Resolving deltas:  21% (151/712)   Resolving deltas:  22% (157/712)   Resolving deltas:  24% (171/712)   Resolving deltas:  25% (182/712)   Resolving deltas:  26% (192/712)   Resolving deltas:  27% (193/712)   Resolving deltas:  28% (200/712)   Resolving deltas:  30% (215/712)   Resolving deltas:  35% (252/712)   Resolving deltas:  37% (265/712)   Resolving deltas:  38% (272/712)   Resolving deltas:  39% (278/712)   Resolving deltas:  40% (288/712)   Resolving deltas:  43% (307/712)   Resolving deltas:  44% (315/712)   Resolving deltas:  45% (322/712)   Resolving deltas:  46% (329/712)   Resolving deltas:  47% (335/712)   Resolving deltas:  48% (342/712)   Resolving deltas:  49% (352/712)   Resolving deltas:  50% (356/712)   Resolving deltas:  51% (366/712)   Resolving deltas:  52% (372/712)   Resolving deltas:  53% (379/712)   Resolving deltas:  58% (419/712)   Resolving deltas:  61% (438/712)   Resolving deltas:  62% (448/712)   Resolving deltas:  63% (452/712)   Resolving deltas:  64% (457/712)   Resolving deltas:  65% (466/712)   Resolving deltas:  66% (471/712)   Resolving deltas:  67% (478/712)   Resolving deltas:  68% (489/712)   Resolving deltas:  69% (496/712)   Resolving deltas:  70% (499/712)   Resolving deltas:  75% (537/712)   Resolving deltas:  76% (548/712)   Resolving deltas:  77% (549/712)   Resolving deltas:  78% (559/712)   Resolving deltas:  79% (564/712)   Resolving deltas:  80% (571/712)   Resolving deltas:  81% (579/712)   Resolving deltas:  82% (586/712)   Resolving deltas:  84% (603/712)   Resolving deltas:  85% (608/712)   Resolving deltas:  86% (616/712)   Resolving deltas:  93% (667/712)   Resolving deltas:  94% (670/712)   Resolving deltas:  95% (681/712)   Resolving deltas:  96% (684/712)   Resolving deltas:  97% (691/712)   Resolving deltas:  98% (704/712)   Resolving deltas:  99% (705/712)   Resolving deltas: 100% (712/712)   Resolving deltas: 100% (712/712), done.
travis_fold:end:git.1$ cd square/dagger
travis_fold:start:git.2$ git checkout -qf 39eef5ad903231b93afef75bea7711c6a708fe9a
$ java -version
java version "1.7.0_15"
OpenJDK Runtime Environment (IcedTea7 2.3.7) (7u15-2.3.7-0ubuntu1~12.04.1)
OpenJDK 64-Bit Server VM (build 23.7-b01, mixed mode)
$ javac -version
javac 1.7.0_15
travis_fold:start:install$ mvn install clean -P!android --fail-never --quiet -DskipTests=true -Dinvoker.skip=true
travis_fold:end:install$ mvn verify -P!android
[INFO] Scanning for projects...
[INFO] ------------------------------------------------------------------------
[INFO] Reactor Build Order:
[INFO] 
[INFO] Dagger (Parent)
[INFO] Dagger
[INFO] Dagger Compiler
[INFO] Examples
[INFO] Examples: Simple
[INFO]                                                                         
[INFO] ------------------------------------------------------------------------
[INFO] Building Dagger (Parent) 1.0.2-SNAPSHOT
[INFO] ------------------------------------------------------------------------
[INFO] 
[INFO] --- maven-enforcer-plugin:1.0:enforce (enforce-maven) @ dagger-parent ---
[INFO] 
[INFO] --- maven-checkstyle-plugin:2.10:checkstyle (default) @ dagger-parent ---
[INFO]                                                                         
[INFO] ------------------------------------------------------------------------
[INFO] Building Dagger 1.0.2-SNAPSHOT
[INFO] ------------------------------------------------------------------------
[INFO] 
[INFO] --- maven-enforcer-plugin:1.0:enforce (enforce-maven) @ dagger ---
[INFO] 
[INFO] --- maven-resources-plugin:2.3:resources (default-resources) @ dagger ---
[INFO] Using 'UTF-8' encoding to copy filtered resources.
[INFO] skip non existing resourceDirectory /home/travis/build/square/dagger/core/src/main/resources
[INFO] 
[INFO] --- maven-compiler-plugin:3.1:compile (default-compile) @ dagger ---
[INFO] Changes detected - recompiling the module!
[INFO] Compiling 24 source files to /home/travis/build/square/dagger/core/target/classes
[WARNING] bootstrap class path not set in conjunction with -source 1.6
[WARNING] /home/travis/build/square/dagger/core/src/main/java/dagger/internal/ProblemDetector.java:[33,10] found raw type: dagger.internal.Binding
  missing type arguments for generic class dagger.internal.Binding<T>
[WARNING] /home/travis/build/square/dagger/core/src/main/java/dagger/internal/ProblemDetector.java:[33,50] found raw type: dagger.internal.Binding
  missing type arguments for generic class dagger.internal.Binding<T>
[WARNING] /home/travis/build/square/dagger/core/src/main/java/dagger/internal/loaders/reflect/ReflectiveModuleAdapter.java:[152,24] found raw type: dagger.internal.Binding
  missing type arguments for generic class dagger.internal.Binding<T>
[WARNING] /home/travis/build/square/dagger/core/src/main/java/dagger/internal/UniqueMap.java:[24,8] serializable class dagger.internal.UniqueMap has no definition of serialVersionUID
[INFO] 
[INFO] --- maven-resources-plugin:2.3:testResources (default-testResources) @ dagger ---
[INFO] Using 'UTF-8' encoding to copy filtered resources.
[INFO] skip non existing resourceDirectory /home/travis/build/square/dagger/core/src/test/resources
[INFO] 
[INFO] --- maven-compiler-plugin:3.1:testCompile (default-testCompile) @ dagger ---
[INFO] Changes detected - recompiling the module!
[INFO] Compiling 14 source files to /home/travis/build/square/dagger/core/target/test-classes
[WARNING] bootstrap class path not set in conjunction with -source 1.6
[WARNING] /home/travis/build/square/dagger/core/src/test/java/dagger/ModuleTest.java:[218,17] found raw type: javax.inject.Provider
  missing type arguments for generic class javax.inject.Provider<T>
[WARNING] /home/travis/build/square/dagger/core/src/test/java/dagger/ModuleTest.java:[252,17] found raw type: dagger.Lazy
  missing type arguments for generic class dagger.Lazy<T>
[INFO] 
[INFO] --- maven-surefire-plugin:2.10:test (default-test) @ dagger ---
[INFO] Surefire report directory: /home/travis/build/square/dagger/core/target/surefire-reports
Downloading: http://maven.mirrors.travis-ci.org/nexus/content/repositories/central/org/apache/maven/surefire/surefire-junit4/2.10/surefire-junit4-2.10.pom
3/3 KB            Downloaded: http://maven.mirrors.travis-ci.org/nexus/content/repositories/central/org/apache/maven/surefire/surefire-junit4/2.10/surefire-junit4-2.10.pom (3 KB at 4.4 KB/sec)
Downloading: http://maven.mirrors.travis-ci.org/nexus/content/repositories/central/org/apache/maven/surefire/surefire-providers/2.10/surefire-providers-2.10.pom
3/3 KB            Downloaded: http://maven.mirrors.travis-ci.org/nexus/content/repositories/central/org/apache/maven/surefire/surefire-providers/2.10/surefire-providers-2.10.pom (3 KB at 7.3 KB/sec)
Downloading: http://maven.mirrors.travis-ci.org/nexus/content/repositories/central/org/apache/maven/surefire/surefire-junit4/2.10/surefire-junit4-2.10.jar
4/33 KB   8/33 KB   9/33 KB   13/33 KB   17/33 KB   21/33 KB   23/33 KB   27/33 KB   31/33 KB   33/33 KB              Downloaded: http://maven.mirrors.travis-ci.org/nexus/content/repositories/central/org/apache/maven/surefire/surefire-junit4/2.10/surefire-junit4-2.10.jar (33 KB at 65.6 KB/sec)

-------------------------------------------------------
 T E S T S
-------------------------------------------------------
Running dagger.ExtensionWithStateTest
Tests run: 1, Failures: 0, Errors: 0, Skipped: 0, Time elapsed: 0.133 sec
Running dagger.MembersInjectorTest
Tests run: 8, Failures: 0, Errors: 0, Skipped: 0, Time elapsed: 0.048 sec
Running dagger.ProblemDetectorTest
Tests run: 3, Failures: 0, Errors: 0, Skipped: 0, Time elapsed: 0.018 sec
Running dagger.InjectionTest
Tests run: 37, Failures: 0, Errors: 0, Skipped: 0, Time elapsed: 0.22 sec
Running dagger.UnusedProviderTest
Tests run: 4, Failures: 0, Errors: 0, Skipped: 0, Time elapsed: 0.012 sec
Running dagger.SetBindingTest
Tests run: 7, Failures: 0, Errors: 0, Skipped: 0, Time elapsed: 0.045 sec
Running dagger.ExtensionTest
Tests run: 3, Failures: 0, Errors: 0, Skipped: 0, Time elapsed: 0.019 sec
Running dagger.InjectionOfLazyTest
Tests run: 4, Failures: 0, Errors: 0, Skipped: 0, Time elapsed: 0.014 sec
Running dagger.LazyInjectionTest
Tests run: 5, Failures: 0, Errors: 0, Skipped: 0, Time elapsed: 0.013 sec
Running dagger.internal.SingletonBindingTest
Tests run: 7, Failures: 0, Errors: 0, Skipped: 0, Time elapsed: 0.011 sec
Running dagger.internal.KeysTest
Tests run: 18, Failures: 0, Errors: 0, Skipped: 0, Time elapsed: 0.027 sec
Running dagger.ThreadSafetyTest
Tests run: 2, Failures: 0, Errors: 0, Skipped: 0, Time elapsed: 0.061 sec
Running dagger.InjectStaticsTest
Tests run: 3, Failures: 0, Errors: 0, Skipped: 0, Time elapsed: 0.009 sec
Running dagger.ModuleTest
Tests run: 14, Failures: 0, Errors: 0, Skipped: 0, Time elapsed: 0.041 sec

Results :

Tests run: 116, Failures: 0, Errors: 0, Skipped: 0

[INFO] 
[INFO] --- maven-jar-plugin:2.2:jar (default-jar) @ dagger ---
[INFO] Building jar: /home/travis/build/square/dagger/core/target/dagger-1.0.2-SNAPSHOT.jar
[INFO] 
[INFO] --- maven-checkstyle-plugin:2.10:checkstyle (default) @ dagger ---
[INFO]                                                                         
[INFO] ------------------------------------------------------------------------
[INFO] Building Dagger Compiler 1.0.2-SNAPSHOT
[INFO] ------------------------------------------------------------------------
[INFO] 
[INFO] --- maven-enforcer-plugin:1.0:enforce (enforce-maven) @ dagger-compiler ---
[INFO] 
[INFO] --- maven-resources-plugin:2.3:resources (default-resources) @ dagger-compiler ---
[INFO] Using 'UTF-8' encoding to copy filtered resources.
[INFO] Copying 1 resource
[INFO] 
[INFO] --- maven-compiler-plugin:3.1:compile (default-compile) @ dagger-compiler ---
[INFO] Changes detected - recompiling the module!
[INFO] Compiling 12 source files to /home/travis/build/square/dagger/compiler/target/classes
[WARNING] bootstrap class path not set in conjunction with -source 1.6
[INFO] 
[INFO] --- maven-resources-plugin:2.3:testResources (default-testResources) @ dagger-compiler ---
[INFO] Using 'UTF-8' encoding to copy filtered resources.
[INFO] skip non existing resourceDirectory /home/travis/build/square/dagger/compiler/src/test/resources
[INFO] 
[INFO] --- maven-compiler-plugin:3.1:testCompile (default-testCompile) @ dagger-compiler ---
[INFO] Changes detected - recompiling the module!
[INFO] Compiling 3 source files to /home/travis/build/square/dagger/compiler/target/test-classes
[WARNING] bootstrap class path not set in conjunction with -source 1.6
[INFO] 
[INFO] --- maven-surefire-plugin:2.10:test (default-test) @ dagger-compiler ---
[INFO] Surefire report directory: /home/travis/build/square/dagger/compiler/target/surefire-reports

-------------------------------------------------------
 T E S T S
-------------------------------------------------------
Running dagger.internal.codegen.DotWriterTest
Tests run: 4, Failures: 0, Errors: 0, Skipped: 0, Time elapsed: 0.093 sec
Running dagger.internal.codegen.GraphVisualizerTest
Tests run: 7, Failures: 0, Errors: 0, Skipped: 0, Time elapsed: 0.047 sec

Results :

Tests run: 11, Failures: 0, Errors: 0, Skipped: 0

[INFO] 
[INFO] --- maven-jar-plugin:2.2:jar (default-jar) @ dagger-compiler ---
[INFO] Building jar: /home/travis/build/square/dagger/compiler/target/dagger-compiler-1.0.2-SNAPSHOT.jar
[INFO] 
[INFO] --- maven-invoker-plugin:1.7:install (integration-test) @ dagger-compiler ---
[INFO] Installing /home/travis/build/square/dagger/core/pom.xml to /home/travis/build/square/dagger/compiler/target/local-repo/com/squareup/dagger/dagger/1.0.2-SNAPSHOT/dagger-1.0.2-SNAPSHOT.pom
[INFO] Installing /home/travis/build/square/dagger/core/target/dagger-1.0.2-SNAPSHOT.jar to /home/travis/build/square/dagger/compiler/target/local-repo/com/squareup/dagger/dagger/1.0.2-SNAPSHOT/dagger-1.0.2-SNAPSHOT.jar
[INFO] Installing /home/travis/build/square/dagger/pom.xml to /home/travis/build/square/dagger/compiler/target/local-repo/com/squareup/dagger/dagger-parent/1.0.2-SNAPSHOT/dagger-parent-1.0.2-SNAPSHOT.pom
[INFO] Installing /home/travis/build/square/dagger/compiler/pom.xml to /home/travis/build/square/dagger/compiler/target/local-repo/com/squareup/dagger/dagger-compiler/1.0.2-SNAPSHOT/dagger-compiler-1.0.2-SNAPSHOT.pom
[INFO] Installing /home/travis/build/square/dagger/compiler/target/dagger-compiler-1.0.2-SNAPSHOT.jar to /home/travis/build/square/dagger/compiler/target/local-repo/com/squareup/dagger/dagger-compiler/1.0.2-SNAPSHOT/dagger-compiler-1.0.2-SNAPSHOT.jar
[INFO] 
[INFO] --- maven-invoker-plugin:1.7:run (integration-test) @ dagger-compiler ---
[INFO] Building: default-package-injected-type/pom.xml
[INFO] ..SUCCESS (79.7 s)
[INFO] Building: simple-missing-dependency-failure/pom.xml
[INFO] run script verify.bsh
[INFO] ..SUCCESS (7.5 s)
[INFO] Building: static-injected-binding-doesnt-fail-providers/pom.xml
[INFO] ..SUCCESS (8.6 s)
[INFO] Building: inject-on-class/pom.xml
[INFO] run script verify.bsh
[INFO] ..SUCCESS (7.1 s)
[INFO] Building: uninjectable-supertype/pom.xml
[INFO] ..SUCCESS (8.6 s)
[INFO] Building: multiple-provides-methods/pom.xml
[INFO] run script verify.bsh
[INFO] ..SUCCESS (8.5 s)
[INFO] Building: method-injection/pom.xml
[INFO] run script verify.bsh
[INFO] ..SUCCESS (7.4 s)
[INFO] Building: unused-provider-methods-pass-compilation-on-library-module/pom.xml
[INFO] ..SUCCESS (8.5 s)
[INFO] Building: provides-method-with-throws-clause/pom.xml
[INFO] run script verify.bsh
[INFO] ..SUCCESS (7.5 s)
[INFO] Building: unused-provider-methods-fail-compilation/pom.xml
[INFO] run script verify.bsh
[INFO] ..SUCCESS (7.9 s)
[INFO] Building: singleton-on-constructor/pom.xml
[INFO] run script verify.bsh
[INFO] ..SUCCESS (7.6 s)
[INFO] Building: same-provides-method-name/pom.xml
[INFO] run script verify.bsh
[INFO] ..SUCCESS (7.6 s)
[INFO] Building: extension-graph/pom.xml
[INFO] ..SUCCESS (8.7 s)
[INFO] Building: include-non-module/pom.xml
[INFO] run script verify.bsh
[INFO] ..SUCCESS (7.8 s)
[INFO] Building: provide-provider-or-lazy/pom.xml
[INFO] run script verify.bsh
[INFO] ..SUCCESS (7.3 s)
[INFO] Building: inject-parameterized-type/pom.xml
[INFO] ..SUCCESS (8.9 s)
[INFO] Building: private-inject/pom.xml
[INFO] run script verify.bsh
[INFO] ..SUCCESS (7.2 s)
[INFO] Building: cyclic-deps/pom.xml
[INFO] run script verify.bsh
[INFO] ..SUCCESS (7.6 s)
[INFO] Building: module-type-validation/pom.xml
[INFO] run script verify.bsh
[INFO] ..SUCCESS (7.8 s)
[INFO] -------------------------------------------------
[INFO] Build Summary:
[INFO]   Passed: 22, Failed: 0, Errors: 0, Skipped: 0
[INFO] -------------------------------------------------
[INFO] 
[INFO] --- maven-checkstyle-plugin:2.10:checkstyle (default) @ dagger-compiler ---
[INFO] Starting audit...
Audit done.

[WARNING] Unable to locate Source XRef to link to - DISABLED
[INFO]                                                                         
[INFO] ------------------------------------------------------------------------
[INFO] Building Examples 1.0.2-SNAPSHOT
[INFO] ------------------------------------------------------------------------
[INFO] 
[INFO] --- maven-enforcer-plugin:1.0:enforce (enforce-maven) @ dagger-example-parent ---
[INFO] 
[INFO] --- maven-checkstyle-plugin:2.10:checkstyle (default) @ dagger-example-parent ---
[INFO]                                                                         
[INFO] ------------------------------------------------------------------------
[INFO] Building Examples: Simple 1.0.2-SNAPSHOT
[INFO] ------------------------------------------------------------------------
[INFO] 
[INFO] --- maven-enforcer-plugin:1.0:enforce (enforce-maven) @ simple ---
[INFO] 
[INFO] --- maven-resources-plugin:2.3:resources (default-resources) @ simple ---
[INFO] Using 'UTF-8' encoding to copy filtered resources.
[INFO] skip non existing resourceDirectory /home/travis/build/square/dagger/examples/simple/src/main/resources
[INFO] 
[INFO] --- maven-compiler-plugin:3.1:compile (default-compile) @ simple ---
[INFO] Changes detected - recompiling the module!
[INFO] Compiling 8 source files to /home/travis/build/square/dagger/examples/simple/target/classes
[WARNING] bootstrap class path not set in conjunction with -source 1.6
[WARNING] No processor claimed any of these annotations: dagger.Provides,javax.inject.Singleton
[INFO] 
[INFO] --- maven-resources-plugin:2.3:testResources (default-testResources) @ simple ---
[INFO] Using 'UTF-8' encoding to copy filtered resources.
[INFO] skip non existing resourceDirectory /home/travis/build/square/dagger/examples/simple/src/test/resources
[INFO] 
[INFO] --- maven-compiler-plugin:3.1:testCompile (default-testCompile) @ simple ---
[INFO] No sources to compile
[INFO] 
[INFO] --- maven-surefire-plugin:2.10:test (default-test) @ simple ---
[INFO] No tests to run.
[INFO] Surefire report directory: /home/travis/build/square/dagger/examples/simple/target/surefire-reports
Downloading: http://maven.mirrors.travis-ci.org/nexus/content/repositories/central/org/apache/maven/surefire/surefire-junit3/2.10/surefire-junit3-2.10.pom
2/2 KB              Downloaded: http://maven.mirrors.travis-ci.org/nexus/content/repositories/central/org/apache/maven/surefire/surefire-junit3/2.10/surefire-junit3-2.10.pom (2 KB at 3.1 KB/sec)
Downloading: http://maven.mirrors.travis-ci.org/nexus/content/repositories/central/org/apache/maven/surefire/surefire-junit3/2.10/surefire-junit3-2.10.jar
4/26 KB   8/26 KB   9/26 KB   10/26 KB   14/26 KB   18/26 KB   22/26 KB   24/26 KB   26/26 KB              Downloaded: http://maven.mirrors.travis-ci.org/nexus/content/repositories/central/org/apache/maven/surefire/surefire-junit3/2.10/surefire-junit3-2.10.jar (26 KB at 52.2 KB/sec)

-------------------------------------------------------
 T E S T S
-------------------------------------------------------

Results :

Tests run: 0, Failures: 0, Errors: 0, Skipped: 0

[INFO] 
[INFO] --- maven-jar-plugin:2.2:jar (default-jar) @ simple ---
[INFO] Building jar: /home/travis/build/square/dagger/examples/simple/target/simple-1.0.2-SNAPSHOT.jar
[INFO] 
[INFO] --- maven-checkstyle-plugin:2.10:checkstyle (default) @ simple ---
[INFO] Starting audit...
Audit done.

[WARNING] Unable to locate Source XRef to link to - DISABLED
[INFO] ------------------------------------------------------------------------
[INFO] Reactor Summary:
[INFO] 
[INFO] Dagger (Parent) ................................... SUCCESS [2.293s]
[INFO] Dagger ............................................ SUCCESS [8.910s]
[INFO] Dagger Compiler ................................... SUCCESS [4:08.962s]
[INFO] Examples .......................................... SUCCESS [0.008s]
[INFO] Examples: Simple .................................. SUCCESS [2.120s]
[INFO] ------------------------------------------------------------------------
[INFO] BUILD SUCCESS
[INFO] ------------------------------------------------------------------------
[INFO] Total time: 4:22.755s
[INFO] Finished at: Wed Jun 12 02:18:06 UTC 2013
[INFO] Final Memory: 23M/164M
[INFO] ------------------------------------------------------------------------

The command "mvn verify -P!android" exited with 0.

Done. Your build exited with 0.
