Using worker: worker-linux-2-2.bb.travis-ci.org:travis-linux-5

travis_fold:start:git.1$ git clone --depth=50 git://github.com/square/dagger.git square/dagger
Cloning into 'square/dagger'...
remote: Counting objects: 2002, done.[K
remote: Compressing objects:   0% (1/1127)   [Kremote: Compressing objects:   1% (12/1127)   [Kremote: Compressing objects:   2% (23/1127)   [Kremote: Compressing objects:   3% (34/1127)   [Kremote: Compressing objects:   4% (46/1127)   [Kremote: Compressing objects:   5% (57/1127)   [Kremote: Compressing objects:   6% (68/1127)   [Kremote: Compressing objects:   7% (79/1127)   [Kremote: Compressing objects:   8% (91/1127)   [Kremote: Compressing objects:   9% (102/1127)   [Kremote: Compressing objects:  10% (113/1127)   [Kremote: Compressing objects:  11% (124/1127)   [Kremote: Compressing objects:  12% (136/1127)   [Kremote: Compressing objects:  13% (147/1127)   [Kremote: Compressing objects:  14% (158/1127)   [Kremote: Compressing objects:  15% (170/1127)   [Kremote: Compressing objects:  16% (181/1127)   [Kremote: Compressing objects:  17% (192/1127)   [Kremote: Compressing objects:  18% (203/1127)   [Kremote: Compressing objects:  19% (215/1127)   [Kremote: Compressing objects:  20% (226/1127)   [Kremote: Compressing objects:  21% (237/1127)   [Kremote: Compressing objects:  22% (248/1127)   [Kremote: Compressing objects:  23% (260/1127)   [Kremote: Compressing objects:  24% (271/1127)   [Kremote: Compressing objects:  25% (282/1127)   [Kremote: Compressing objects:  26% (294/1127)   [Kremote: Compressing objects:  27% (305/1127)   [Kremote: Compressing objects:  28% (316/1127)   [Kremote: Compressing objects:  29% (327/1127)   [Kremote: Compressing objects:  30% (339/1127)   [Kremote: Compressing objects:  31% (350/1127)   [Kremote: Compressing objects:  32% (361/1127)   [Kremote: Compressing objects:  33% (372/1127)   [Kremote: Compressing objects:  34% (384/1127)   [Kremote: Compressing objects:  35% (395/1127)   [Kremote: Compressing objects:  36% (406/1127)   [Kremote: Compressing objects:  37% (417/1127)   [Kremote: Compressing objects:  38% (429/1127)   [Kremote: Compressing objects:  39% (440/1127)   [Kremote: Compressing objects:  40% (451/1127)   [Kremote: Compressing objects:  41% (463/1127)   [Kremote: Compressing objects:  42% (474/1127)   [Kremote: Compressing objects:  43% (485/1127)   [Kremote: Compressing objects:  44% (496/1127)   [Kremote: Compressing objects:  45% (508/1127)   [Kremote: Compressing objects:  46% (519/1127)   [Kremote: Compressing objects:  47% (530/1127)   [Kremote: Compressing objects:  48% (541/1127)   [Kremote: Compressing objects:  49% (553/1127)   [Kremote: Compressing objects:  50% (564/1127)   [Kremote: Compressing objects:  51% (575/1127)   [Kremote: Compressing objects:  52% (587/1127)   [Kremote: Compressing objects:  53% (598/1127)   [Kremote: Compressing objects:  54% (609/1127)   [Kremote: Compressing objects:  55% (620/1127)   [Kremote: Compressing objects:  56% (632/1127)   [Kremote: Compressing objects:  57% (643/1127)   [Kremote: Compressing objects:  58% (654/1127)   [Kremote: Compressing objects:  59% (665/1127)   [Kremote: Compressing objects:  60% (677/1127)   [Kremote: Compressing objects:  61% (688/1127)   [Kremote: Compressing objects:  62% (699/1127)   [Kremote: Compressing objects:  63% (711/1127)   [Kremote: Compressing objects:  64% (722/1127)   [Kremote: Compressing objects:  65% (733/1127)   [Kremote: Compressing objects:  66% (744/1127)   [Kremote: Compressing objects:  67% (756/1127)   [Kremote: Compressing objects:  68% (767/1127)   [Kremote: Compressing objects:  69% (778/1127)   [Kremote: Compressing objects:  70% (789/1127)   [Kremote: Compressing objects:  71% (801/1127)   [Kremote: Compressing objects:  72% (812/1127)   [Kremote: Compressing objects:  73% (823/1127)   [Kremote: Compressing objects:  74% (834/1127)   [Kremote: Compressing objects:  75% (846/1127)   [Kremote: Compressing objects:  76% (857/1127)   [Kremote: Compressing objects:  77% (868/1127)   [Kremote: Compressing objects:  78% (880/1127)   [Kremote: Compressing objects:  79% (891/1127)   [Kremote: Compressing objects:  80% (902/1127)   [Kremote: Compressing objects:  81% (913/1127)   [Kremote: Compressing objects:  82% (925/1127)   [Kremote: Compressing objects:  83% (936/1127)   [Kremote: Compressing objects:  84% (947/1127)   [Kremote: Compressing objects:  85% (958/1127)   [Kremote: Compressing objects:  86% (970/1127)   [Kremote: Compressing objects:  87% (981/1127)   [Kremote: Compressing objects:  88% (992/1127)   [Kremote: Compressing objects:  89% (1004/1127)   [Kremote: Compressing objects:  90% (1015/1127)   [Kremote: Compressing objects:  91% (1026/1127)   [Kremote: Compressing objects:  92% (1037/1127)   [Kremote: Compressing objects:  93% (1049/1127)   [Kremote: Compressing objects:  94% (1060/1127)   [Kremote: Compressing objects:  95% (1071/1127)   [Kremote: Compressing objects:  96% (1082/1127)   [Kremote: Compressing objects:  97% (1094/1127)   [Kremote: Compressing objects:  98% (1105/1127)   [Kremote: Compressing objects:  99% (1116/1127)   [Kremote: Compressing objects: 100% (1127/1127)   [Kremote: Compressing objects: 100% (1127/1127), done.[K
Receiving objects:   0% (1/2002)   Receiving objects:   1% (21/2002)   Receiving objects:   2% (41/2002)   Receiving objects:   3% (61/2002)   Receiving objects:   4% (81/2002)   Receiving objects:   5% (101/2002)   Receiving objects:   6% (121/2002)   Receiving objects:   7% (141/2002)   Receiving objects:   8% (161/2002)   Receiving objects:   9% (181/2002)   Receiving objects:  10% (201/2002)   Receiving objects:  11% (221/2002)   Receiving objects:  12% (241/2002)   Receiving objects:  13% (261/2002)   Receiving objects:  14% (281/2002)   Receiving objects:  15% (301/2002)   Receiving objects:  16% (321/2002)   Receiving objects:  17% (341/2002)   Receiving objects:  18% (361/2002)   Receiving objects:  19% (381/2002)   Receiving objects:  20% (401/2002)   Receiving objects:  21% (421/2002)   Receiving objects:  22% (441/2002)   Receiving objects:  23% (461/2002)   Receiving objects:  24% (481/2002)   Receiving objects:  25% (501/2002)   Receiving objects:  26% (521/2002)   Receiving objects:  27% (541/2002)   Receiving objects:  28% (561/2002)   Receiving objects:  29% (581/2002)   Receiving objects:  30% (601/2002)   Receiving objects:  31% (621/2002)   Receiving objects:  32% (641/2002)   Receiving objects:  33% (661/2002)   Receiving objects:  34% (681/2002)   Receiving objects:  35% (701/2002)   Receiving objects:  36% (721/2002)   Receiving objects:  37% (741/2002)   Receiving objects:  38% (761/2002)   Receiving objects:  39% (781/2002)   Receiving objects:  40% (801/2002)   Receiving objects:  41% (821/2002)   Receiving objects:  42% (841/2002)   Receiving objects:  43% (861/2002)   Receiving objects:  44% (881/2002)   Receiving objects:  45% (901/2002)   Receiving objects:  46% (921/2002)   Receiving objects:  47% (941/2002)   Receiving objects:  48% (961/2002)   Receiving objects:  49% (981/2002)   Receiving objects:  50% (1001/2002)   Receiving objects:  51% (1022/2002)   Receiving objects:  52% (1042/2002)   Receiving objects:  53% (1062/2002)   Receiving objects:  54% (1082/2002)   Receiving objects:  55% (1102/2002)   Receiving objects:  56% (1122/2002)   Receiving objects:  57% (1142/2002)   Receiving objects:  58% (1162/2002)   Receiving objects:  59% (1182/2002)   Receiving objects:  60% (1202/2002)   Receiving objects:  61% (1222/2002)   Receiving objects:  62% (1242/2002)   Receiving objects:  63% (1262/2002)   Receiving objects:  64% (1282/2002)   Receiving objects:  65% (1302/2002)   Receiving objects:  66% (1322/2002)   Receiving objects:  67% (1342/2002)   Receiving objects:  68% (1362/2002)   Receiving objects:  69% (1382/2002)   Receiving objects:  70% (1402/2002)   Receiving objects:  71% (1422/2002)   Receiving objects:  72% (1442/2002)   Receiving objects:  73% (1462/2002)   remote: Total 2002 (delta 705), reused 1645 (delta 407)[K
Receiving objects:  74% (1482/2002)   Receiving objects:  75% (1502/2002)   Receiving objects:  76% (1522/2002)   Receiving objects:  77% (1542/2002)   Receiving objects:  78% (1562/2002)   Receiving objects:  79% (1582/2002)   Receiving objects:  80% (1602/2002)   Receiving objects:  81% (1622/2002)   Receiving objects:  82% (1642/2002)   Receiving objects:  83% (1662/2002)   Receiving objects:  84% (1682/2002)   Receiving objects:  85% (1702/2002)   Receiving objects:  86% (1722/2002)   Receiving objects:  87% (1742/2002)   Receiving objects:  88% (1762/2002)   Receiving objects:  89% (1782/2002)   Receiving objects:  90% (1802/2002)   Receiving objects:  91% (1822/2002)   Receiving objects:  92% (1842/2002)   Receiving objects:  93% (1862/2002)   Receiving objects:  94% (1882/2002)   Receiving objects:  95% (1902/2002)   Receiving objects:  96% (1922/2002)   Receiving objects:  97% (1942/2002)   Receiving objects:  98% (1962/2002)   Receiving objects:  99% (1982/2002)   Receiving objects: 100% (2002/2002)   Receiving objects: 100% (2002/2002), 551.53 KiB, done.
Resolving deltas:   0% (0/705)   Resolving deltas:   1% (13/705)   Resolving deltas:   4% (30/705)   Resolving deltas:   5% (38/705)   Resolving deltas:   6% (44/705)   Resolving deltas:  16% (117/705)   Resolving deltas:  17% (121/705)   Resolving deltas:  20% (145/705)   Resolving deltas:  21% (149/705)   Resolving deltas:  22% (156/705)   Resolving deltas:  23% (164/705)   Resolving deltas:  25% (177/705)   Resolving deltas:  26% (185/705)   Resolving deltas:  27% (193/705)   Resolving deltas:  28% (201/705)   Resolving deltas:  29% (205/705)   Resolving deltas:  30% (213/705)   Resolving deltas:  35% (248/705)   Resolving deltas:  37% (265/705)   Resolving deltas:  38% (268/705)   Resolving deltas:  39% (279/705)   Resolving deltas:  40% (284/705)   Resolving deltas:  41% (290/705)   Resolving deltas:  43% (308/705)   Resolving deltas:  44% (311/705)   Resolving deltas:  45% (318/705)   Resolving deltas:  46% (328/705)   Resolving deltas:  47% (333/705)   Resolving deltas:  48% (339/705)   Resolving deltas:  49% (349/705)   Resolving deltas:  50% (353/705)   Resolving deltas:  51% (364/705)   Resolving deltas:  52% (371/705)   Resolving deltas:  53% (378/705)   Resolving deltas:  59% (418/705)   Resolving deltas:  60% (425/705)   Resolving deltas:  62% (442/705)   Resolving deltas:  63% (446/705)   Resolving deltas:  64% (452/705)   Resolving deltas:  65% (460/705)   Resolving deltas:  66% (468/705)   Resolving deltas:  67% (473/705)   Resolving deltas:  69% (488/705)   Resolving deltas:  70% (495/705)   Resolving deltas:  76% (536/705)   Resolving deltas:  77% (548/705)   Resolving deltas:  78% (550/705)   Resolving deltas:  79% (557/705)   Resolving deltas:  80% (569/705)   Resolving deltas:  81% (573/705)   Resolving deltas:  82% (579/705)   Resolving deltas:  83% (586/705)   Resolving deltas:  85% (603/705)   Resolving deltas:  86% (609/705)   Resolving deltas:  93% (660/705)   Resolving deltas:  94% (664/705)   Resolving deltas:  95% (671/705)   Resolving deltas:  96% (679/705)   Resolving deltas:  97% (684/705)   Resolving deltas:  98% (691/705)   Resolving deltas:  99% (698/705)   Resolving deltas: 100% (705/705)   Resolving deltas: 100% (705/705), done.
travis_fold:end:git.1$ cd square/dagger
travis_fold:start:git.2$ git fetch origin +refs/pull/279/merge: 
remote: Counting objects: 63, done.[K
remote: Compressing objects:   4% (1/23)   [Kremote: Compressing objects:   8% (2/23)   [Kremote: Compressing objects:  13% (3/23)   [Kremote: Compressing objects:  17% (4/23)   [Kremote: Compressing objects:  21% (5/23)   [Kremote: Compressing objects:  26% (6/23)   [Kremote: Compressing objects:  30% (7/23)   [Kremote: Compressing objects:  34% (8/23)   [Kremote: Compressing objects:  39% (9/23)   [Kremote: Compressing objects:  43% (10/23)   [Kremote: Compressing objects:  47% (11/23)   [Kremote: Compressing objects:  52% (12/23)   [Kremote: Compressing objects:  56% (13/23)   [Kremote: Compressing objects:  60% (14/23)   [Kremote: Compressing objects:  65% (15/23)   [Kremote: Compressing objects:  69% (16/23)   [Kremote: Compressing objects:  73% (17/23)   [Kremote: Compressing objects:  78% (18/23)   [Kremote: Compressing objects:  82% (19/23)   [Kremote: Compressing objects:  86% (20/23)   [Kremote: Compressing objects:  91% (21/23)   [Kremote: Compressing objects:  95% (22/23)   [Kremote: Compressing objects: 100% (23/23)   [Kremote: Compressing objects: 100% (23/23), done.[K
remote: Total 47 (delta 14), reused 46 (delta 14)[K
Unpacking objects:   2% (1/47)   Unpacking objects:   4% (2/47)   Unpacking objects:   6% (3/47)   Unpacking objects:   8% (4/47)   Unpacking objects:  10% (5/47)   Unpacking objects:  12% (6/47)   Unpacking objects:  14% (7/47)   Unpacking objects:  17% (8/47)   Unpacking objects:  19% (9/47)   Unpacking objects:  21% (10/47)   Unpacking objects:  23% (11/47)   Unpacking objects:  25% (12/47)   Unpacking objects:  27% (13/47)   Unpacking objects:  29% (14/47)   Unpacking objects:  31% (15/47)   Unpacking objects:  34% (16/47)   Unpacking objects:  36% (17/47)   Unpacking objects:  38% (18/47)   Unpacking objects:  40% (19/47)   Unpacking objects:  42% (20/47)   Unpacking objects:  44% (21/47)   Unpacking objects:  46% (22/47)   Unpacking objects:  48% (23/47)   Unpacking objects:  51% (24/47)   Unpacking objects:  53% (25/47)   Unpacking objects:  55% (26/47)   Unpacking objects:  57% (27/47)   Unpacking objects:  59% (28/47)   Unpacking objects:  61% (29/47)   Unpacking objects:  63% (30/47)   Unpacking objects:  65% (31/47)   Unpacking objects:  68% (32/47)   Unpacking objects:  70% (33/47)   Unpacking objects:  72% (34/47)   Unpacking objects:  74% (35/47)   Unpacking objects:  76% (36/47)   Unpacking objects:  78% (37/47)   Unpacking objects:  80% (38/47)   Unpacking objects:  82% (39/47)   Unpacking objects:  85% (40/47)   Unpacking objects:  87% (41/47)   Unpacking objects:  89% (42/47)   Unpacking objects:  91% (43/47)   Unpacking objects:  93% (44/47)   Unpacking objects:  95% (45/47)   Unpacking objects:  97% (46/47)   Unpacking objects: 100% (47/47)   Unpacking objects: 100% (47/47), done.
From git://github.com/square/dagger
 * branch            refs/pull/279/merge -> FETCH_HEAD
travis_fold:end:git.2travis_fold:start:git.3$ git checkout -qf FETCH_HEAD
travis_fold:end:git.3$ jdk_switcher use openjdk7
Switching to OpenJDK7 (java-1.7.0-openjdk-amd64), JAVA_HOME will be set to /usr/lib/jvm/java-7-openjdk-amd64
update-alternatives: error: no alternatives for apt.
update-alternatives: error: no alternatives for mozilla-javaplugin.so.
update-java-alternatives: plugin alternative does not exist: /usr/lib/jvm/java-7-openjdk-amd64/jre/lib/amd64/IcedTeaPlugin.so
$ java -version
java version "1.7.0_15"
OpenJDK Runtime Environment (IcedTea7 2.3.7) (7u15-2.3.7-0ubuntu1~12.04.1)
OpenJDK 64-Bit Server VM (build 23.7-b01, mixed mode)
$ javac -version
javac 1.7.0_15
travis_fold:start:before_install.1$ sudo apt-get update -qq
travis_fold:end:before_install.1travis_fold:start:before_install.2$ if [ `uname -m` = x86_64 ]; then sudo apt-get install -qq --force-yes libgd2-xpm ia32-libs ia32-libs-multiarch; fi
Extracting templates from packages: 9%Extracting templates from packages: 18%Extracting templates from packages: 27%Extracting templates from packages: 36%Extracting templates from packages: 45%Extracting templates from packages: 55%Extracting templates from packages: 64%Extracting templates from packages: 73%Extracting templates from packages: 82%Extracting templates from packages: 91%Extracting templates from packages: 100%
Preconfiguring packages ...
(Reading database ... (Reading database ... 5%(Reading database ... 10%(Reading database ... 15%(Reading database ... 20%(Reading database ... 25%(Reading database ... 30%(Reading database ... 35%(Reading database ... 40%(Reading database ... 45%(Reading database ... 50%(Reading database ... 55%(Reading database ... 60%(Reading database ... 65%(Reading database ... 70%(Reading database ... 75%(Reading database ... 80%(Reading database ... 85%(Reading database ... 90%(Reading database ... 95%(Reading database ... 100%(Reading database ... 63736 files and directories currently installed.)
Preparing to replace libc-dev-bin 2.15-0ubuntu10.3 (using .../libc-dev-bin_2.15-0ubuntu10.4_amd64.deb) ...
Unpacking replacement libc-dev-bin ...
Preparing to replace libc6-dev 2.15-0ubuntu10.3 (using .../libc6-dev_2.15-0ubuntu10.4_amd64.deb) ...
Unpacking replacement libc6-dev ...
Preparing to replace libc-bin 2.15-0ubuntu10.3 (using .../libc-bin_2.15-0ubuntu10.4_amd64.deb) ...
Unpacking replacement libc-bin ...
Processing triggers for man-db ...
Setting up libc-bin (2.15-0ubuntu10.4) ...
(Reading database ... (Reading database ... 5%(Reading database ... 10%(Reading database ... 15%(Reading database ... 20%(Reading database ... 25%(Reading database ... 30%(Reading database ... 35%(Reading database ... 40%(Reading database ... 45%(Reading database ... 50%(Reading database ... 55%(Reading database ... 60%(Reading database ... 65%(Reading database ... 70%(Reading database ... 75%(Reading database ... 80%(Reading database ... 85%(Reading database ... 90%(Reading database ... 95%(Reading database ... 100%(Reading database ... 63735 files and directories currently installed.)
Preparing to replace libc6 2.15-0ubuntu10.3 (using .../libc6_2.15-0ubuntu10.4_amd64.deb) ...
Unpacking replacement libc6 ...
Selecting previously unselected package libc6:i386.
Unpacking libc6:i386 (from .../libc6_2.15-0ubuntu10.4_i386.deb) ...
Setting up libc6 (2.15-0ubuntu10.4) ...
Processing triggers for libc-bin ...
ldconfig deferred processing now taking place
Selecting previously unselected package libgcc1:i386.
(Reading database ... (Reading database ... 5%(Reading database ... 10%(Reading database ... 15%(Reading database ... 20%(Reading database ... 25%(Reading database ... 30%(Reading database ... 35%(Reading database ... 40%(Reading database ... 45%(Reading database ... 50%(Reading database ... 55%(Reading database ... 60%(Reading database ... 65%(Reading database ... 70%(Reading database ... 75%(Reading database ... 80%(Reading database ... 85%(Reading database ... 90%(Reading database ... 95%(Reading database ... 100%(Reading database ... 64038 files and directories currently installed.)
Unpacking libgcc1:i386 (from .../libgcc1_1%3a4.6.3-1ubuntu5_i386.deb) ...
Selecting previously unselected package gcc-4.6-base:i386.
Unpacking gcc-4.6-base:i386 (from .../gcc-4.6-base_4.6.3-1ubuntu5_i386.deb) ...
Setting up gcc-4.6-base:i386 (4.6.3-1ubuntu5) ...
Setting up libc6:i386 (2.15-0ubuntu10.4) ...
Setting up libgcc1:i386 (1:4.6.3-1ubuntu5) ...
Processing triggers for libc-bin ...
ldconfig deferred processing now taking place
dpkg: libgd2-noxpm: dependency problems, but removing anyway as you requested:
 libgvc5 depends on libgd2-noxpm (>= 2.0.36~rc1~dfsg) | libgd2-xpm (>= 2.0.36~rc1~dfsg); however:
  Package libgd2-noxpm is to be removed.
  Package libgd2-xpm is not installed.
(Reading database ... (Reading database ... 5%(Reading database ... 10%(Reading database ... 15%(Reading database ... 20%(Reading database ... 25%(Reading database ... 30%(Reading database ... 35%(Reading database ... 40%(Reading database ... 45%(Reading database ... 50%(Reading database ... 55%(Reading database ... 60%(Reading database ... 65%(Reading database ... 70%(Reading database ... 75%(Reading database ... 80%(Reading database ... 85%(Reading database ... 90%(Reading database ... 95%(Reading database ... 100%(Reading database ... 64043 files and directories currently installed.)
Removing libgd2-noxpm ...
Processing triggers for libc-bin ...
ldconfig deferred processing now taking place
Selecting previously unselected package libgd2-xpm.
(Reading database ... (Reading database ... 5%(Reading database ... 10%(Reading database ... 15%(Reading database ... 20%(Reading database ... 25%(Reading database ... 30%(Reading database ... 35%(Reading database ... 40%(Reading database ... 45%(Reading database ... 50%(Reading database ... 55%(Reading database ... 60%(Reading database ... 65%(Reading database ... 70%(Reading database ... 75%(Reading database ... 80%(Reading database ... 85%(Reading database ... 90%(Reading database ... 95%(Reading database ... 100%(Reading database ... 64034 files and directories currently installed.)
Unpacking libgd2-xpm (from .../libgd2-xpm_2.0.36~rc1~dfsg-6ubuntu2_amd64.deb) ...
Selecting previously unselected package libgd2-xpm:i386.
Unpacking libgd2-xpm:i386 (from .../libgd2-xpm_2.0.36~rc1~dfsg-6ubuntu2_i386.deb) ...
Setting up libgd2-xpm (2.0.36~rc1~dfsg-6ubuntu2) ...
Processing triggers for libc-bin ...
ldconfig deferred processing now taking place
Selecting previously unselected package libfontconfig1:i386.
(Reading database ... (Reading database ... 5%(Reading database ... 10%(Reading database ... 15%(Reading database ... 20%(Reading database ... 25%(Reading database ... 30%(Reading database ... 35%(Reading database ... 40%(Reading database ... 45%(Reading database ... 50%(Reading database ... 55%(Reading database ... 60%(Reading database ... 65%(Reading database ... 70%(Reading database ... 75%(Reading database ... 80%(Reading database ... 85%(Reading database ... 90%(Reading database ... 95%(Reading database ... 100%(Reading database ... 64045 files and directories currently installed.)
Unpacking libfontconfig1:i386 (from .../libfontconfig1_2.8.0-3ubuntu9.1_i386.deb) ...
Selecting previously unselected package libexpat1:i386.
Unpacking libexpat1:i386 (from .../libexpat1_2.0.1-7.2ubuntu1.1_i386.deb) ...
Setting up libexpat1:i386 (2.0.1-7.2ubuntu1.1) ...
Processing triggers for libc-bin ...
ldconfig deferred processing now taking place
Selecting previously unselected package libfreetype6:i386.
(Reading database ... (Reading database ... 5%(Reading database ... 10%(Reading database ... 15%(Reading database ... 20%(Reading database ... 25%(Reading database ... 30%(Reading database ... 35%(Reading database ... 40%(Reading database ... 45%(Reading database ... 50%(Reading database ... 55%(Reading database ... 60%(Reading database ... 65%(Reading database ... 70%(Reading database ... 75%(Reading database ... 80%(Reading database ... 85%(Reading database ... 90%(Reading database ... 95%(Reading database ... 100%(Reading database ... 64051 files and directories currently installed.)
Unpacking libfreetype6:i386 (from .../libfreetype6_2.4.8-1ubuntu2.1_i386.deb) ...
Selecting previously unselected package zlib1g:i386.
Unpacking zlib1g:i386 (from .../zlib1g_1%3a1.2.3.4.dfsg-3ubuntu4_i386.deb) ...
Setting up zlib1g:i386 (1:1.2.3.4.dfsg-3ubuntu4) ...
Setting up libfreetype6:i386 (2.4.8-1ubuntu2.1) ...
Setting up libfontconfig1:i386 (2.8.0-3ubuntu9.1) ...
Processing triggers for libc-bin ...
ldconfig deferred processing now taking place
Selecting previously unselected package libjpeg8:i386.
(Reading database ... (Reading database ... 5%(Reading database ... 10%(Reading database ... 15%(Reading database ... 20%(Reading database ... 25%(Reading database ... 30%(Reading database ... 35%(Reading database ... 40%(Reading database ... 45%(Reading database ... 50%(Reading database ... 55%(Reading database ... 60%(Reading database ... 65%(Reading database ... 70%(Reading database ... 75%(Reading database ... 80%(Reading database ... 85%(Reading database ... 90%(Reading database ... 95%(Reading database ... 100%(Reading database ... 64055 files and directories currently installed.)
Unpacking libjpeg8:i386 (from .../libjpeg8_8c-2ubuntu7_i386.deb) ...
Selecting previously unselected package libjpeg-turbo8:i386.
Unpacking libjpeg-turbo8:i386 (from .../libjpeg-turbo8_1.1.90+svn733-0ubuntu4.1_i386.deb) ...
Setting up libjpeg-turbo8:i386 (1.1.90+svn733-0ubuntu4.1) ...
Setting up libjpeg8:i386 (8c-2ubuntu7) ...
Processing triggers for libc-bin ...
ldconfig deferred processing now taking place
Selecting previously unselected package libpng12-0:i386.
(Reading database ... (Reading database ... 5%(Reading database ... 10%(Reading database ... 15%(Reading database ... 20%(Reading database ... 25%(Reading database ... 30%(Reading database ... 35%(Reading database ... 40%(Reading database ... 45%(Reading database ... 50%(Reading database ... 55%(Reading database ... 60%(Reading database ... 65%(Reading database ... 70%(Reading database ... 75%(Reading database ... 80%(Reading database ... 85%(Reading database ... 90%(Reading database ... 95%(Reading database ... 100%(Reading database ... 64057 files and directories currently installed.)
Unpacking libpng12-0:i386 (from .../libpng12-0_1.2.46-3ubuntu4_i386.deb) ...
Setting up libpng12-0:i386 (1.2.46-3ubuntu4) ...
Processing triggers for libc-bin ...
ldconfig deferred processing now taking place
Selecting previously unselected package libxpm4:i386.
(Reading database ... (Reading database ... 5%(Reading database ... 10%(Reading database ... 15%(Reading database ... 20%(Reading database ... 25%(Reading database ... 30%(Reading database ... 35%(Reading database ... 40%(Reading database ... 45%(Reading database ... 50%(Reading database ... 55%(Reading database ... 60%(Reading database ... 65%(Reading database ... 70%(Reading database ... 75%(Reading database ... 80%(Reading database ... 85%(Reading database ... 90%(Reading database ... 95%(Reading database ... 100%(Reading database ... 64059 files and directories currently installed.)
Unpacking libxpm4:i386 (from .../libxpm4_1%3a3.5.9-4_i386.deb) ...
Preparing to replace libx11-6 2:1.4.99.1-0ubuntu2 (using .../libx11-6_2%3a1.4.99.1-0ubuntu2.1_amd64.deb) ...
Unpacking replacement libx11-6 ...
Selecting previously unselected package libx11-6:i386.
Unpacking libx11-6:i386 (from .../libx11-6_2%3a1.4.99.1-0ubuntu2.1_i386.deb) ...
Preparing to replace libxcb1 1.8.1-1ubuntu0.1 (using .../libxcb1_1.8.1-1ubuntu0.2_amd64.deb) ...
Unpacking replacement libxcb1 ...
Selecting previously unselected package libxcb1:i386.
Unpacking libxcb1:i386 (from .../libxcb1_1.8.1-1ubuntu0.2_i386.deb) ...
Selecting previously unselected package libxau6:i386.
Unpacking libxau6:i386 (from .../libxau6_1%3a1.0.6-4_i386.deb) ...
Setting up libxau6:i386 (1:1.0.6-4) ...
Processing triggers for libc-bin ...
ldconfig deferred processing now taking place
Selecting previously unselected package libxdmcp6:i386.
(Reading database ... (Reading database ... 5%(Reading database ... 10%(Reading database ... 15%(Reading database ... 20%(Reading database ... 25%(Reading database ... 30%(Reading database ... 35%(Reading database ... 40%(Reading database ... 45%(Reading database ... 50%(Reading database ... 55%(Reading database ... 60%(Reading database ... 65%(Reading database ... 70%(Reading database ... 75%(Reading database ... 80%(Reading database ... 85%(Reading database ... 90%(Reading database ... 95%(Reading database ... 100%(Reading database ... 64067 files and directories currently installed.)
Unpacking libxdmcp6:i386 (from .../libxdmcp6_1%3a1.1.0-4_i386.deb) ...
Setting up libxdmcp6:i386 (1:1.1.0-4) ...
Setting up libxcb1:i386 (1.8.1-1ubuntu0.2) ...
Setting up libxcb1 (1.8.1-1ubuntu0.2) ...
Setting up libx11-6:i386 (2:1.4.99.1-0ubuntu2.1) ...
Setting up libx11-6 (2:1.4.99.1-0ubuntu2.1) ...
Setting up libxpm4:i386 (1:3.5.9-4) ...
Setting up libgd2-xpm:i386 (2.0.36~rc1~dfsg-6ubuntu2) ...
Processing triggers for libc-bin ...
ldconfig deferred processing now taking place
(Reading database ... (Reading database ... 5%(Reading database ... 10%(Reading database ... 15%(Reading database ... 20%(Reading database ... 25%(Reading database ... 30%(Reading database ... 35%(Reading database ... 40%(Reading database ... 45%(Reading database ... 50%(Reading database ... 55%(Reading database ... 60%(Reading database ... 65%(Reading database ... 70%(Reading database ... 75%(Reading database ... 80%(Reading database ... 85%(Reading database ... 90%(Reading database ... 95%(Reading database ... 100%(Reading database ... 64069 files and directories currently installed.)
Preparing to replace libssl-dev 1.0.1-4ubuntu5.8 (using .../libssl-dev_1.0.1-4ubuntu5.9_amd64.deb) ...
Unpacking replacement libssl-dev ...
Preparing to replace libssl1.0.0 1.0.1-4ubuntu5.8 (using .../libssl1.0.0_1.0.1-4ubuntu5.9_amd64.deb) ...
Unpacking replacement libssl1.0.0 ...
Selecting previously unselected package libssl1.0.0:i386.
Unpacking libssl1.0.0:i386 (from .../libssl1.0.0_1.0.1-4ubuntu5.9_i386.deb) ...
Setting up libssl1.0.0 (1.0.1-4ubuntu5.9) ...
Setting up libssl1.0.0:i386 (1.0.1-4ubuntu5.9) ...
Processing triggers for libc-bin ...
ldconfig deferred processing now taking place
Selecting previously unselected package libsqlite3-0:i386.
(Reading database ... (Reading database ... 5%(Reading database ... 10%(Reading database ... 15%(Reading database ... 20%(Reading database ... 25%(Reading database ... 30%(Reading database ... 35%(Reading database ... 40%(Reading database ... 45%(Reading database ... 50%(Reading database ... 55%(Reading database ... 60%(Reading database ... 65%(Reading database ... 70%(Reading database ... 75%(Reading database ... 80%(Reading database ... 85%(Reading database ... 90%(Reading database ... 95%(Reading database ... 100%(Reading database ... 64085 files and directories currently installed.)
Unpacking libsqlite3-0:i386 (from .../libsqlite3-0_3.7.9-2ubuntu1.1_i386.deb) ...
Selecting previously unselected package libssl0.9.8:i386.
Unpacking libssl0.9.8:i386 (from .../libssl0.9.8_0.9.8o-7ubuntu3.1_i386.deb) ...
Selecting previously unselected package libstdc++6:i386.
Unpacking libstdc++6:i386 (from .../libstdc++6_4.6.3-1ubuntu5_i386.deb) ...
Selecting previously unselected package libusb-0.1-4:i386.
Unpacking libusb-0.1-4:i386 (from .../libusb-0.1-4_2%3a0.1.12-20_i386.deb) ...
Selecting previously unselected package libattr1:i386.
Unpacking libattr1:i386 (from .../libattr1_1%3a2.4.46-5ubuntu1_i386.deb) ...
Selecting previously unselected package libacl1:i386.
Unpacking libacl1:i386 (from .../libacl1_2.2.51-5ubuntu1_i386.deb) ...
Selecting previously unselected package libbz2-1.0:i386.
Unpacking libbz2-1.0:i386 (from .../libbz2-1.0_1.0.6-1_i386.deb) ...
Selecting previously unselected package libcomerr2:i386.
Unpacking libcomerr2:i386 (from .../libcomerr2_1.42-1ubuntu2_i386.deb) ...
Selecting previously unselected package libdb5.1:i386.
Unpacking libdb5.1:i386 (from .../libdb5.1_5.1.25-11build1_i386.deb) ...
Preparing to replace libdbus-1-3 1.4.18-1ubuntu1.3 (using .../libdbus-1-3_1.4.18-1ubuntu1.4_amd64.deb) ...
Unpacking replacement libdbus-1-3 ...
Selecting previously unselected package libdbus-1-3:i386.
Unpacking libdbus-1-3:i386 (from .../libdbus-1-3_1.4.18-1ubuntu1.4_i386.deb) ...
Preparing to replace libdrm-dev 2.4.39-0ubuntu0.1 (using .../libdrm-dev_2.4.43-0ubuntu0.0.1_amd64.deb) ...
Unpacking replacement libdrm-dev ...
Preparing to replace libdrm2 2.4.39-0ubuntu0.1 (using .../libdrm2_2.4.43-0ubuntu0.0.1_amd64.deb) ...
Unpacking replacement libdrm2 ...
Preparing to replace libdrm-radeon1 2.4.39-0ubuntu0.1 (using .../libdrm-radeon1_2.4.43-0ubuntu0.0.1_amd64.deb) ...
Unpacking replacement libdrm-radeon1 ...
Preparing to replace libdrm-nouveau1a 2.4.39-0ubuntu0.1 (using .../libdrm-nouveau1a_2.4.43-0ubuntu0.0.1_amd64.deb) ...
Unpacking replacement libdrm-nouveau1a ...
Preparing to replace libdrm-nouveau2 2.4.39-0ubuntu0.1 (using .../libdrm-nouveau2_2.4.43-0ubuntu0.0.1_amd64.deb) ...
Unpacking replacement libdrm-nouveau2 ...
Preparing to replace libkms1 2.4.39-0ubuntu0.1 (using .../libkms1_2.4.43-0ubuntu0.0.1_amd64.deb) ...
Unpacking replacement libkms1 ...
Preparing to replace libdrm-intel1 2.4.39-0ubuntu0.1 (using .../libdrm-intel1_2.4.43-0ubuntu0.0.1_amd64.deb) ...
Unpacking replacement libdrm-intel1 ...
Selecting previously unselected package libdrm2:i386.
Unpacking libdrm2:i386 (from .../libdrm2_2.4.43-0ubuntu0.0.1_i386.deb) ...
Selecting previously unselected package libpciaccess0:i386.
Unpacking libpciaccess0:i386 (from .../libpciaccess0_0.12.902-1ubuntu0.2_i386.deb) ...
Selecting previously unselected package libdrm-intel1:i386.
Unpacking libdrm-intel1:i386 (from .../libdrm-intel1_2.4.43-0ubuntu0.0.1_i386.deb) ...
Selecting previously unselected package libdrm-nouveau1a:i386.
Unpacking libdrm-nouveau1a:i386 (from .../libdrm-nouveau1a_2.4.43-0ubuntu0.0.1_i386.deb) ...
Selecting previously unselected package libdrm-radeon1:i386.
Unpacking libdrm-radeon1:i386 (from .../libdrm-radeon1_2.4.43-0ubuntu0.0.1_i386.deb) ...
Selecting previously unselected package libffi6:i386.
Unpacking libffi6:i386 (from .../libffi6_3.0.11~rc1-5_i386.deb) ...
Preparing to replace gvfs-libs 1.12.1-0ubuntu1.1 (using .../gvfs-libs_1.12.1-0ubuntu1.2_amd64.deb) ...
Unpacking replacement gvfs-libs ...
Preparing to replace gvfs 1.12.1-0ubuntu1.1 (using .../gvfs_1.12.1-0ubuntu1.2_amd64.deb) ...
Unpacking replacement gvfs ...
Preparing to replace gvfs-daemons 1.12.1-0ubuntu1.1 (using .../gvfs-daemons_1.12.1-0ubuntu1.2_amd64.deb) ...
Unpacking replacement gvfs-daemons ...
Preparing to replace gvfs-common 1.12.1-0ubuntu1.1 (using .../gvfs-common_1.12.1-0ubuntu1.2_all.deb) ...
Unpacking replacement gvfs-common ...
Selecting previously unselected package libpcre3:i386.
Unpacking libpcre3:i386 (from .../libpcre3_8.12-4_i386.deb) ...
Selecting previously unselected package libselinux1:i386.
Unpacking libselinux1:i386 (from .../libselinux1_2.1.0-4.1ubuntu1_i386.deb) ...
Selecting previously unselected package libglib2.0-0:i386.
Unpacking libglib2.0-0:i386 (from .../libglib2.0-0_2.32.3-0ubuntu1_i386.deb) ...
Selecting previously unselected package libtinfo5:i386.
Unpacking libtinfo5:i386 (from .../libtinfo5_5.9-4_i386.deb) ...
Processing triggers for man-db ...
Processing triggers for libglib2.0-0 ...
Processing triggers for gconf2 ...
Setting up libtinfo5:i386 (5.9-4) ...
Processing triggers for libc-bin ...
ldconfig deferred processing now taking place
Selecting previously unselected package libncurses5:i386.
(Reading database ... (Reading database ... 5%(Reading database ... 10%(Reading database ... 15%(Reading database ... 20%(Reading database ... 25%(Reading database ... 30%(Reading database ... 35%(Reading database ... 40%(Reading database ... 45%(Reading database ... 50%(Reading database ... 55%(Reading database ... 60%(Reading database ... 65%(Reading database ... 70%(Reading database ... 75%(Reading database ... 80%(Reading database ... 85%(Reading database ... 90%(Reading database ... 95%(Reading database ... 100%(Reading database ... 64166 files and directories currently installed.)
Unpacking libncurses5:i386 (from .../libncurses5_5.9-4_i386.deb) ...
Selecting previously unselected package libncursesw5:i386.
Unpacking libncursesw5:i386 (from .../libncursesw5_5.9-4_i386.deb) ...
Selecting previously unselected package libslang2:i386.
Unpacking libslang2:i386 (from .../libslang2_2.2.4-3ubuntu1_i386.deb) ...
Selecting previously unselected package libudev0:i386.
Unpacking libudev0:i386 (from .../libudev0_175-0ubuntu9.3_i386.deb) ...
Selecting previously unselected package libuuid1:i386.
Unpacking libuuid1:i386 (from .../libuuid1_2.20.1-1ubuntu3_i386.deb) ...
Selecting previously unselected package libroken18-heimdal:i386.
Unpacking libroken18-heimdal:i386 (from .../libroken18-heimdal_1.6~git20120311.dfsg.1-2_i386.deb) ...
Selecting previously unselected package libasn1-8-heimdal:i386.
Unpacking libasn1-8-heimdal:i386 (from .../libasn1-8-heimdal_1.6~git20120311.dfsg.1-2_i386.deb) ...
Selecting previously unselected package libdbus-glib-1-2:i386.
Unpacking libdbus-glib-1-2:i386 (from .../libdbus-glib-1-2_0.98-1ubuntu1.1_i386.deb) ...
Selecting previously unselected package libgpg-error0:i386.
Unpacking libgpg-error0:i386 (from .../libgpg-error0_1.10-2ubuntu1_i386.deb) ...
Selecting previously unselected package libgcrypt11:i386.
Unpacking libgcrypt11:i386 (from .../libgcrypt11_1.5.0-3ubuntu0.1_i386.deb) ...
Selecting previously unselected package libgdbm3:i386.
Unpacking libgdbm3:i386 (from .../libgdbm3_1.8.3-10_i386.deb) ...
Preparing to replace libgnutls-dev 2.12.14-5ubuntu3.2 (using .../libgnutls-dev_2.12.14-5ubuntu3.4_amd64.deb) ...
Unpacking replacement libgnutls-dev ...
Preparing to replace libgnutlsxx27 2.12.14-5ubuntu3.2 (using .../libgnutlsxx27_2.12.14-5ubuntu3.4_amd64.deb) ...
Unpacking replacement libgnutlsxx27 ...
Preparing to replace libgnutls-openssl27 2.12.14-5ubuntu3.2 (using .../libgnutls-openssl27_2.12.14-5ubuntu3.4_amd64.deb) ...
Unpacking replacement libgnutls-openssl27 ...
Preparing to replace libgnutls26 2.12.14-5ubuntu3.2 (using .../libgnutls26_2.12.14-5ubuntu3.4_amd64.deb) ...
Unpacking replacement libgnutls26 ...
Selecting previously unselected package libp11-kit0:i386.
Unpacking libp11-kit0:i386 (from .../libp11-kit0_0.12-2ubuntu1_i386.deb) ...
Selecting previously unselected package libtasn1-3:i386.
Unpacking libtasn1-3:i386 (from .../libtasn1-3_2.10-1ubuntu1.1_i386.deb) ...
Selecting previously unselected package libgnutls26:i386.
Unpacking libgnutls26:i386 (from .../libgnutls26_2.12.14-5ubuntu3.4_i386.deb) ...
Selecting previously unselected package libkrb5support0:i386.
Unpacking libkrb5support0:i386 (from .../libkrb5support0_1.10+dfsg~beta1-2ubuntu0.3_i386.deb) ...
Selecting previously unselected package libk5crypto3:i386.
Unpacking libk5crypto3:i386 (from .../libk5crypto3_1.10+dfsg~beta1-2ubuntu0.3_i386.deb) ...
Selecting previously unselected package libkeyutils1:i386.
Unpacking libkeyutils1:i386 (from .../libkeyutils1_1.5.2-2_i386.deb) ...
Selecting previously unselected package libkrb5-3:i386.
Unpacking libkrb5-3:i386 (from .../libkrb5-3_1.10+dfsg~beta1-2ubuntu0.3_i386.deb) ...
Selecting previously unselected package libgssapi-krb5-2:i386.
Unpacking libgssapi-krb5-2:i386 (from .../libgssapi-krb5-2_1.10+dfsg~beta1-2ubuntu0.3_i386.deb) ...
Selecting previously unselected package libhcrypto4-heimdal:i386.
Unpacking libhcrypto4-heimdal:i386 (from .../libhcrypto4-heimdal_1.6~git20120311.dfsg.1-2_i386.deb) ...
Selecting previously unselected package libheimbase1-heimdal:i386.
Unpacking libheimbase1-heimdal:i386 (from .../libheimbase1-heimdal_1.6~git20120311.dfsg.1-2_i386.deb) ...
Selecting previously unselected package libwind0-heimdal:i386.
Unpacking libwind0-heimdal:i386 (from .../libwind0-heimdal_1.6~git20120311.dfsg.1-2_i386.deb) ...
Selecting previously unselected package libhx509-5-heimdal:i386.
Unpacking libhx509-5-heimdal:i386 (from .../libhx509-5-heimdal_1.6~git20120311.dfsg.1-2_i386.deb) ...
Selecting previously unselected package libkrb5-26-heimdal:i386.
Unpacking libkrb5-26-heimdal:i386 (from .../libkrb5-26-heimdal_1.6~git20120311.dfsg.1-2_i386.deb) ...
Selecting previously unselected package libheimntlm0-heimdal:i386.
Unpacking libheimntlm0-heimdal:i386 (from .../libheimntlm0-heimdal_1.6~git20120311.dfsg.1-2_i386.deb) ...
Selecting previously unselected package libgssapi3-heimdal:i386.
Unpacking libgssapi3-heimdal:i386 (from .../libgssapi3-heimdal_1.6~git20120311.dfsg.1-2_i386.deb) ...
Selecting previously unselected package libidn11:i386.
Unpacking libidn11:i386 (from .../libidn11_1.23-2_i386.deb) ...
Selecting previously unselected package libsasl2-2:i386.
Unpacking libsasl2-2:i386 (from .../libsasl2-2_2.1.25.dfsg1-3ubuntu0.1_i386.deb) ...
Selecting previously unselected package libldap-2.4-2:i386.
Unpacking libldap-2.4-2:i386 (from .../libldap-2.4-2_2.4.28-1.1ubuntu4.2_i386.deb) ...
Selecting previously unselected package librtmp0:i386.
Unpacking librtmp0:i386 (from .../librtmp0_2.4~20110711.gitc28f1bab-1_i386.deb) ...
Preparing to replace libxcb1-dev 1.8.1-1ubuntu0.1 (using .../libxcb1-dev_1.8.1-1ubuntu0.2_amd64.deb) ...
Unpacking replacement libxcb1-dev ...
Preparing to replace libx11-dev 2:1.4.99.1-0ubuntu2 (using .../libx11-dev_2%3a1.4.99.1-0ubuntu2.1_amd64.deb) ...
Unpacking replacement libx11-dev ...
Preparing to replace libxext-dev 2:1.3.0-3build1 (using .../libxext-dev_2%3a1.3.0-3ubuntu0.1_amd64.deb) ...
Unpacking replacement libxext-dev ...
Preparing to replace libxext6 2:1.3.0-3build1 (using .../libxext6_2%3a1.3.0-3ubuntu0.1_amd64.deb) ...
Unpacking replacement libxext6 ...
Selecting previously unselected package libxext6:i386.
Unpacking libxext6:i386 (from .../libxext6_2%3a1.3.0-3ubuntu0.1_i386.deb) ...
Selecting previously unselected package libxml2:i386.
Unpacking libxml2:i386 (from .../libxml2_2.7.8.dfsg-5.1ubuntu4.4_i386.deb) ...
Selecting previously unselected package libcap-ng0.
Unpacking libcap-ng0 (from .../libcap-ng0_0.6.6-1ubuntu1_amd64.deb) ...
Selecting previously unselected package bluez.
Unpacking bluez (from .../bluez_4.98-2ubuntu7_amd64.deb) ...
Selecting previously unselected package libgpm2:i386.
Unpacking libgpm2:i386 (from .../libgpm2_1.20.4-4_i386.deb) ...
Selecting previously unselected package libaa1:i386.
Unpacking libaa1:i386 (from .../libaa1_1.4p5-39ubuntu1_i386.deb) ...
Selecting previously unselected package libraw1394-11:i386.
Unpacking libraw1394-11:i386 (from .../libraw1394-11_2.0.7-1ubuntu1_i386.deb) ...
Selecting previously unselected package libavc1394-0:i386.
Unpacking libavc1394-0:i386 (from .../libavc1394-0_0.5.3-1ubuntu2_i386.deb) ...
Selecting previously unselected package libcaca0:i386.
Unpacking libcaca0:i386 (from .../libcaca0_0.99.beta17-2.1ubuntu2_i386.deb) ...
Selecting previously unselected package libpixman-1-0:i386.
Unpacking libpixman-1-0:i386 (from .../libpixman-1-0_0.24.4-1_i386.deb) ...
Preparing to replace libxcb-render0-dev 1.8.1-1ubuntu0.1 (using .../libxcb-render0-dev_1.8.1-1ubuntu0.2_amd64.deb) ...
Unpacking replacement libxcb-render0-dev ...
Preparing to replace libxcb-render0 1.8.1-1ubuntu0.1 (using .../libxcb-render0_1.8.1-1ubuntu0.2_amd64.deb) ...
Unpacking replacement libxcb-render0 ...
Selecting previously unselected package libxcb-render0:i386.
Unpacking libxcb-render0:i386 (from .../libxcb-render0_1.8.1-1ubuntu0.2_i386.deb) ...
Preparing to replace libxcb-shm0-dev 1.8.1-1ubuntu0.1 (using .../libxcb-shm0-dev_1.8.1-1ubuntu0.2_amd64.deb) ...
Unpacking replacement libxcb-shm0-dev ...
Preparing to replace libxcb-shm0 1.8.1-1ubuntu0.1 (using .../libxcb-shm0_1.8.1-1ubuntu0.2_amd64.deb) ...
Unpacking replacement libxcb-shm0 ...
Selecting previously unselected package libxcb-shm0:i386.
Unpacking libxcb-shm0:i386 (from .../libxcb-shm0_1.8.1-1ubuntu0.2_i386.deb) ...
Preparing to replace libxrender-dev 1:0.9.6-2build1 (using .../libxrender-dev_1%3a0.9.6-2ubuntu0.1_amd64.deb) ...
Unpacking replacement libxrender-dev ...
Preparing to replace libxrender1 1:0.9.6-2build1 (using .../libxrender1_1%3a0.9.6-2ubuntu0.1_amd64.deb) ...
Unpacking replacement libxrender1 ...
Selecting previously unselected package libxrender1:i386.
Unpacking libxrender1:i386 (from .../libxrender1_1%3a0.9.6-2ubuntu0.1_i386.deb) ...
Selecting previously unselected package libcairo2:i386.
Unpacking libcairo2:i386 (from .../libcairo2_1.10.2-6.1ubuntu3_i386.deb) ...
Selecting previously unselected package libcairo-gobject2:i386.
Unpacking libcairo-gobject2:i386 (from .../libcairo-gobject2_1.10.2-6.1ubuntu3_i386.deb) ...
Selecting previously unselected package libdv4:i386.
Unpacking libdv4:i386 (from .../libdv4_1.0.0-3ubuntu1_i386.deb) ...
Selecting previously unselected package libogg0:i386.
Unpacking libogg0:i386 (from .../libogg0_1.2.2~dfsg-1ubuntu1_i386.deb) ...
Selecting previously unselected package libflac8:i386.
Unpacking libflac8:i386 (from .../libflac8_1.2.1-6_i386.deb) ...
Selecting previously unselected package libjasper1:i386.
Unpacking libjasper1:i386 (from .../libjasper1_1.900.1-13_i386.deb) ...
Preparing to replace libtiff4-dev 3.9.5-2ubuntu1.4 (using .../libtiff4-dev_3.9.5-2ubuntu1.5_amd64.deb) ...
Unpacking replacement libtiff4-dev ...
Preparing to replace libtiffxx0c2 3.9.5-2ubuntu1.4 (using .../libtiffxx0c2_3.9.5-2ubuntu1.5_amd64.deb) ...
Unpacking replacement libtiffxx0c2 ...
Preparing to replace libtiff4 3.9.5-2ubuntu1.4 (using .../libtiff4_3.9.5-2ubuntu1.5_amd64.deb) ...
Unpacking replacement libtiff4 ...
Selecting previously unselected package libtiff4:i386.
Unpacking libtiff4:i386 (from .../libtiff4_3.9.5-2ubuntu1.5_i386.deb) ...
Selecting previously unselected package libgdk-pixbuf2.0-0:i386.
Unpacking libgdk-pixbuf2.0-0:i386 (from .../libgdk-pixbuf2.0-0_2.26.1-1_i386.deb) ...
Selecting previously unselected package libgstreamer0.10-0:i386.
Unpacking libgstreamer0.10-0:i386 (from .../libgstreamer0.10-0_0.10.36-1ubuntu1_i386.deb) ...
Selecting previously unselected package liborc-0.4-0:i386.
Unpacking liborc-0.4-0:i386 (from .../liborc-0.4-0_1%3a0.4.16-1ubuntu2_i386.deb) ...
Selecting previously unselected package libgstreamer-plugins-base0.10-0:i386.
Unpacking libgstreamer-plugins-base0.10-0:i386 (from .../libgstreamer-plugins-base0.10-0_0.10.36-1ubuntu0.1_i386.deb) ...
Selecting previously unselected package libgudev-1.0-0:i386.
Unpacking libgudev-1.0-0:i386 (from .../libgudev-1.0-0_1%3a175-0ubuntu9.3_i386.deb) ...
Selecting previously unselected package libiec61883-0:i386.
Unpacking libiec61883-0:i386 (from .../libiec61883-0_1.2.0-0.1ubuntu1_i386.deb) ...
Selecting previously unselected package libsamplerate0:i386.
Unpacking libsamplerate0:i386 (from .../libsamplerate0_0.1.8-4_i386.deb) ...
Selecting previously unselected package libjack-jackd2-0:i386.
Unpacking libjack-jackd2-0:i386 (from .../libjack-jackd2-0_1.9.8~dfsg.1-1ubuntu2_i386.deb) ...
Selecting previously unselected package libspeex1:i386.
Unpacking libspeex1:i386 (from .../libspeex1_1.2~rc1-3ubuntu2_i386.deb) ...
Selecting previously unselected package libtheora0:i386.
Unpacking libtheora0:i386 (from .../libtheora0_1.1.1+dfsg.1-3ubuntu2_i386.deb) ...
Selecting previously unselected package libvorbis0a:i386.
Unpacking libvorbis0a:i386 (from .../libvorbis0a_1.3.2-1ubuntu3_i386.deb) ...
Selecting previously unselected package libshout3:i386.
Unpacking libshout3:i386 (from .../libshout3_2.2.2-7ubuntu1_i386.deb) ...
Selecting previously unselected package libgnome-keyring0:i386.
Unpacking libgnome-keyring0:i386 (from .../libgnome-keyring0_3.2.2-2_i386.deb) ...
Selecting previously unselected package libproxy1:i386.
Unpacking libproxy1:i386 (from .../libproxy1_0.4.7-0ubuntu4.1_i386.deb) ...
Selecting previously unselected package libproxy1.
Unpacking libproxy1 (from .../libproxy1_0.4.7-0ubuntu4.1_amd64.deb) ...
Selecting previously unselected package glib-networking-common.
Unpacking glib-networking-common (from .../glib-networking-common_2.32.1-1ubuntu2_all.deb) ...
Selecting previously unselected package glib-networking-services.
Unpacking glib-networking-services (from .../glib-networking-services_2.32.1-1ubuntu2_amd64.deb) ...
Selecting previously unselected package gsettings-desktop-schemas.
Unpacking gsettings-desktop-schemas (from .../gsettings-desktop-schemas_3.4.1-0ubuntu1_all.deb) ...
Selecting previously unselected package glib-networking:i386.
Unpacking glib-networking:i386 (from .../glib-networking_2.32.1-1ubuntu2_i386.deb) ...
Selecting previously unselected package libsoup2.4-1:i386.
Unpacking libsoup2.4-1:i386 (from .../libsoup2.4-1_2.38.1-1_i386.deb) ...
Selecting previously unselected package libsoup-gnome2.4-1:i386.
Unpacking libsoup-gnome2.4-1:i386 (from .../libsoup-gnome2.4-1_2.38.1-1_i386.deb) ...
Selecting previously unselected package libtag1-vanilla:i386.
Unpacking libtag1-vanilla:i386 (from .../libtag1-vanilla_1.7-1ubuntu5_i386.deb) ...
Selecting previously unselected package libtag1c2a:i386.
Unpacking libtag1c2a:i386 (from .../libtag1c2a_1.7-1ubuntu5_i386.deb) ...
Selecting previously unselected package libv4lconvert0:i386.
Unpacking libv4lconvert0:i386 (from .../libv4lconvert0_0.8.6-1ubuntu2_i386.deb) ...
Selecting previously unselected package libv4l-0:i386.
Unpacking libv4l-0:i386 (from .../libv4l-0_0.8.6-1ubuntu2_i386.deb) ...
Selecting previously unselected package libwavpack1:i386.
Unpacking libwavpack1:i386 (from .../libwavpack1_4.60.1-2_i386.deb) ...
Selecting previously unselected package libxdamage1:i386.
Unpacking libxdamage1:i386 (from .../libxdamage1_1%3a1.1.3-2build1_i386.deb) ...
Preparing to replace libxfixes-dev 1:5.0-4ubuntu4 (using .../libxfixes-dev_1%3a5.0-4ubuntu4.1_amd64.deb) ...
Unpacking replacement libxfixes-dev ...
Preparing to replace libxfixes3 1:5.0-4ubuntu4 (using .../libxfixes3_1%3a5.0-4ubuntu4.1_amd64.deb) ...
Unpacking replacement libxfixes3 ...
Selecting previously unselected package libxfixes3:i386.
Unpacking libxfixes3:i386 (from .../libxfixes3_1%3a5.0-4ubuntu4.1_i386.deb) ...
Preparing to replace libxv1 2:1.0.6-2build1 (using .../libxv1_2%3a1.0.6-2ubuntu0.1_amd64.deb) ...
Unpacking replacement libxv1 ...
Selecting previously unselected package libxv1:i386.
Unpacking libxv1:i386 (from .../libxv1_2%3a1.0.6-2ubuntu0.1_i386.deb) ...
Selecting previously unselected package libcdparanoia0:i386.
Unpacking libcdparanoia0:i386 (from .../libcdparanoia0_3.10.2+debian-10ubuntu1_i386.deb) ...
Selecting previously unselected package libvisual-0.4-0:i386.
Unpacking libvisual-0.4-0:i386 (from .../libvisual-0.4-0_0.4.0-4_i386.deb) ...
Selecting previously unselected package libvorbisenc2:i386.
Unpacking libvorbisenc2:i386 (from .../libvorbisenc2_1.3.2-1ubuntu3_i386.deb) ...
Selecting previously unselected package gstreamer0.10-plugins-base:i386.
Unpacking gstreamer0.10-plugins-base:i386 (from .../gstreamer0.10-plugins-base_0.10.36-1ubuntu0.1_i386.deb) ...
Selecting previously unselected package gstreamer0.10-plugins-good:i386.
Unpacking gstreamer0.10-plugins-good:i386 (from .../gstreamer0.10-plugins-good_0.10.31-1ubuntu1.2_i386.deb) ...
Selecting previously unselected package libdatrie1:i386.
Unpacking libdatrie1:i386 (from .../libdatrie1_0.2.5-3_i386.deb) ...
Selecting previously unselected package libthai0:i386.
Unpacking libthai0:i386 (from .../libthai0_0.1.16-3_i386.deb) ...
Selecting previously unselected package libxft2:i386.
Unpacking libxft2:i386 (from .../libxft2_2.2.0-3ubuntu2_i386.deb) ...
Selecting previously unselected package libpango1.0-0:i386.
Unpacking libpango1.0-0:i386 (from .../libpango1.0-0_1.30.0-0ubuntu3.1_i386.deb) ...
Selecting previously unselected package gtk2-engines-oxygen:i386.
Unpacking gtk2-engines-oxygen:i386 (from .../gtk2-engines-oxygen_1.2.2-0ubuntu1.1_i386.deb) ...
Selecting previously unselected package libaio1:i386.
Unpacking libaio1:i386 (from .../libaio1_0.3.109-2ubuntu1_i386.deb) ...
Selecting previously unselected package libao-common.
Unpacking libao-common (from .../libao-common_1.1.0-1ubuntu2_all.deb) ...
Selecting previously unselected package libao4:i386.
Unpacking libao4:i386 (from .../libao4_1.1.0-1ubuntu2_i386.deb) ...
Preparing to replace libasound2 1.0.25-1ubuntu10.1 (using .../libasound2_1.0.25-1ubuntu10.2_amd64.deb) ...
Unpacking replacement libasound2 ...
Selecting previously unselected package libasound2:i386.
Unpacking libasound2:i386 (from .../libasound2_1.0.25-1ubuntu10.2_i386.deb) ...
Selecting previously unselected package libasyncns0:i386.
Unpacking libasyncns0:i386 (from .../libasyncns0_0.8-4_i386.deb) ...
Selecting previously unselected package libatk1.0-0:i386.
Unpacking libatk1.0-0:i386 (from .../libatk1.0-0_2.4.0-0ubuntu1_i386.deb) ...
Preparing to replace libxt-dev 1:1.1.1-2build1 (using .../libxt-dev_1%3a1.1.1-2ubuntu0.1_amd64.deb) ...
Unpacking replacement libxt-dev ...
Preparing to replace libxt6 1:1.1.1-2build1 (using .../libxt6_1%3a1.1.1-2ubuntu0.1_amd64.deb) ...
Unpacking replacement libxt6 ...
Selecting previously unselected package libice6:i386.
Unpacking libice6:i386 (from .../libice6_2%3a1.0.7-2build1_i386.deb) ...
Selecting previously unselected package libsm6:i386.
Unpacking libsm6:i386 (from .../libsm6_2%3a1.2.0-2build1_i386.deb) ...
Selecting previously unselected package libxt6:i386.
Unpacking libxt6:i386 (from .../libxt6_1%3a1.1.1-2ubuntu0.1_i386.deb) ...
Selecting previously unselected package libaudio2:i386.
Unpacking libaudio2:i386 (from .../libaudio2_1.9.3-4_i386.deb) ...
Selecting previously unselected package libaudiofile1:i386.
Unpacking libaudiofile1:i386 (from .../libaudiofile1_0.3.3-2_i386.deb) ...
Selecting previously unselected package libavahi-common-data:i386.
Unpacking libavahi-common-data:i386 (from .../libavahi-common-data_0.6.30-5ubuntu2_i386.deb) ...
Selecting previously unselected package libavahi-common3:i386.
Unpacking libavahi-common3:i386 (from .../libavahi-common3_0.6.30-5ubuntu2_i386.deb) ...
Selecting previously unselected package libavahi-client3:i386.
Unpacking libavahi-client3:i386 (from .../libavahi-client3_0.6.30-5ubuntu2_i386.deb) ...
Selecting previously unselected package libltdl7:i386.
Unpacking libltdl7:i386 (from .../libltdl7_2.4.2-1ubuntu1_i386.deb) ...
Selecting previously unselected package libtdb1:i386.
Unpacking libtdb1:i386 (from .../libtdb1_1.2.9-4_i386.deb) ...
Selecting previously unselected package libvorbisfile3:i386.
Unpacking libvorbisfile3:i386 (from .../libvorbisfile3_1.3.2-1ubuntu3_i386.deb) ...
Selecting previously unselected package libcanberra0:i386.
Unpacking libcanberra0:i386 (from .../libcanberra0_0.28-3ubuntu3_i386.deb) ...
Preparing to replace libcups2 1.5.3-0ubuntu6 (using .../libcups2_1.5.3-0ubuntu8_amd64.deb) ...
Unpacking replacement libcups2 ...
Selecting previously unselected package libcups2:i386.
Unpacking libcups2:i386 (from .../libcups2_1.5.3-0ubuntu8_i386.deb) ...
Selecting previously unselected package libxcomposite1:i386.
Unpacking libxcomposite1:i386 (from .../libxcomposite1_1%3a0.4.3-2build1_i386.deb) ...
Preparing to replace libxcursor-dev 1:1.1.12-1 (using .../libxcursor-dev_1%3a1.1.12-1ubuntu0.1_amd64.deb) ...
Unpacking replacement libxcursor-dev ...
Preparing to replace libxcursor1 1:1.1.12-1 (using .../libxcursor1_1%3a1.1.12-1ubuntu0.1_amd64.deb) ...
Unpacking replacement libxcursor1 ...
Selecting previously unselected package libxcursor1:i386.
Unpacking libxcursor1:i386 (from .../libxcursor1_1%3a1.1.12-1ubuntu0.1_i386.deb) ...
Preparing to replace libxi-dev 2:1.6.0-0ubuntu2 (using .../libxi-dev_2%3a1.6.0-0ubuntu2.1_amd64.deb) ...
Unpacking replacement libxi-dev ...
Preparing to replace libxi6 2:1.6.0-0ubuntu2 (using .../libxi6_2%3a1.6.0-0ubuntu2.1_amd64.deb) ...
Unpacking replacement libxi6 ...
Selecting previously unselected package libxi6:i386.
Unpacking libxi6:i386 (from .../libxi6_2%3a1.6.0-0ubuntu2.1_i386.deb) ...
Preparing to replace libxinerama-dev 2:1.1.1-3build1 (using .../libxinerama-dev_2%3a1.1.1-3ubuntu0.1_amd64.deb) ...
Unpacking replacement libxinerama-dev ...
Preparing to replace libxinerama1 2:1.1.1-3build1 (using .../libxinerama1_2%3a1.1.1-3ubuntu0.1_amd64.deb) ...
Unpacking replacement libxinerama1 ...
Selecting previously unselected package libxinerama1:i386.
Unpacking libxinerama1:i386 (from .../libxinerama1_2%3a1.1.1-3ubuntu0.1_i386.deb) ...
Preparing to replace libxrandr-dev 2:1.3.2-2ubuntu0.1 (using .../libxrandr-dev_2%3a1.3.2-2ubuntu0.2_amd64.deb) ...
Unpacking replacement libxrandr-dev ...
Preparing to replace libxrandr2 2:1.3.2-2ubuntu0.1 (using .../libxrandr2_2%3a1.3.2-2ubuntu0.2_amd64.deb) ...
Unpacking replacement libxrandr2 ...
Selecting previously unselected package libxrandr2:i386.
Unpacking libxrandr2:i386 (from .../libxrandr2_2%3a1.3.2-2ubuntu0.2_i386.deb) ...
Selecting previously unselected package libgtk2.0-0:i386.
Unpacking libgtk2.0-0:i386 (from .../libgtk2.0-0_2.24.10-0ubuntu6_i386.deb) ...
Selecting previously unselected package libcanberra-gtk0:i386.
Unpacking libcanberra-gtk0:i386 (from .../libcanberra-gtk0_0.28-3ubuntu3_i386.deb) ...
Selecting previously unselected package libcap2:i386.
Unpacking libcap2:i386 (from .../libcap2_1%3a2.22-1ubuntu3_i386.deb) ...
Selecting previously unselected package libcroco3:i386.
Unpacking libcroco3:i386 (from .../libcroco3_0.6.5-1_i386.deb) ...
Preparing to replace libcupsimage2 1.5.3-0ubuntu6 (using .../libcupsimage2_1.5.3-0ubuntu8_amd64.deb) ...
Unpacking replacement libcupsimage2 ...
Selecting previously unselected package libcupsimage2:i386.
Unpacking libcupsimage2:i386 (from .../libcupsimage2_1.5.3-0ubuntu8_i386.deb) ...
Preparing to replace libcurl4-openssl-dev 7.22.0-3ubuntu4 (using .../libcurl4-openssl-dev_7.22.0-3ubuntu4.1_amd64.deb) ...
Unpacking replacement libcurl4-openssl-dev ...
Preparing to replace libcurl3 7.22.0-3ubuntu4 (using .../libcurl3_7.22.0-3ubuntu4.1_amd64.deb) ...
Unpacking replacement libcurl3 ...
Selecting previously unselected package libcurl3:i386.
Unpacking libcurl3:i386 (from .../libcurl3_7.22.0-3ubuntu4.1_i386.deb) ...
Selecting previously unselected package esound-common.
Unpacking esound-common (from .../esound-common_0.2.41-10build3_all.deb) ...
Selecting previously unselected package libesd0:i386.
Unpacking libesd0:i386 (from .../libesd0_0.2.41-10build3_i386.deb) ...
Selecting previously unselected package libexif12:i386.
Unpacking libexif12:i386 (from .../libexif12_0.6.20-2ubuntu0.1_i386.deb) ...
Selecting previously unselected package libgail18:i386.
Unpacking libgail18:i386 (from .../libgail18_2.24.10-0ubuntu6_i386.deb) ...
Selecting previously unselected package libgconf-2-4:i386.
Unpacking libgconf-2-4:i386 (from .../libgconf-2-4_3.2.5-0ubuntu2_i386.deb) ...
Selecting previously unselected package libgomp1:i386.
Unpacking libgomp1:i386 (from .../libgomp1_4.6.3-1ubuntu5_i386.deb) ...
Selecting previously unselected package libunistring0:i386.
Unpacking libunistring0:i386 (from .../libunistring0_0.9.3-5_i386.deb) ...
Selecting previously unselected package libgettextpo0:i386.
Unpacking libgettextpo0:i386 (from .../libgettextpo0_0.18.1.1-5ubuntu3_i386.deb) ...
Preparing to replace libgl1-mesa-dev 8.0.4-0ubuntu0.4 (using .../libgl1-mesa-dev_8.0.4-0ubuntu0.5_amd64.deb) ...
Unpacking replacement libgl1-mesa-dev ...
Preparing to replace mesa-common-dev 8.0.4-0ubuntu0.4 (using .../mesa-common-dev_8.0.4-0ubuntu0.5_amd64.deb) ...
Unpacking replacement mesa-common-dev ...
Preparing to replace libgl1-mesa-dri 8.0.4-0ubuntu0.4 (using .../libgl1-mesa-dri_8.0.4-0ubuntu0.5_amd64.deb) ...
Unpacking replacement libgl1-mesa-dri ...
Preparing to replace libgl1-mesa-glx 8.0.4-0ubuntu0.4 (using .../libgl1-mesa-glx_8.0.4-0ubuntu0.5_amd64.deb) ...
Unpacking replacement libgl1-mesa-glx ...
Preparing to replace libglapi-mesa 8.0.4-0ubuntu0.4 (using .../libglapi-mesa_8.0.4-0ubuntu0.5_amd64.deb) ...
Unpacking replacement libglapi-mesa ...
Preparing to replace libx11-xcb1 2:1.4.99.1-0ubuntu2 (using .../libx11-xcb1_2%3a1.4.99.1-0ubuntu2.1_amd64.deb) ...
Unpacking replacement libx11-xcb1 ...
Preparing to replace libxcb-glx0 1.8.1-1ubuntu0.1 (using .../libxcb-glx0_1.8.1-1ubuntu0.2_amd64.deb) ...
Unpacking replacement libxcb-glx0 ...
Preparing to replace libxxf86vm1 1:1.1.1-2build1 (using .../libxxf86vm1_1%3a1.1.1-2ubuntu0.1_amd64.deb) ...
Unpacking replacement libxxf86vm1 ...
Selecting previously unselected package libglapi-mesa:i386.
Unpacking libglapi-mesa:i386 (from .../libglapi-mesa_8.0.4-0ubuntu0.5_i386.deb) ...
Selecting previously unselected package libx11-xcb1:i386.
Unpacking libx11-xcb1:i386 (from .../libx11-xcb1_2%3a1.4.99.1-0ubuntu2.1_i386.deb) ...
Selecting previously unselected package libxcb-glx0:i386.
Unpacking libxcb-glx0:i386 (from .../libxcb-glx0_1.8.1-1ubuntu0.2_i386.deb) ...
Selecting previously unselected package libxxf86vm1:i386.
Unpacking libxxf86vm1:i386 (from .../libxxf86vm1_1%3a1.1.1-2ubuntu0.1_i386.deb) ...
Selecting previously unselected package libgl1-mesa-glx:i386.
Unpacking libgl1-mesa-glx:i386 (from .../libgl1-mesa-glx_8.0.4-0ubuntu0.5_i386.deb) ...
Selecting previously unselected package libgphoto2-port0:i386.
Unpacking libgphoto2-port0:i386 (from .../libgphoto2-port0_2.4.13-1ubuntu1.2_i386.deb) ...
Selecting previously unselected package libgphoto2-2:i386.
Unpacking libgphoto2-2:i386 (from .../libgphoto2-2_2.4.13-1ubuntu1.2_i386.deb) ...
Selecting previously unselected package libibus-1.0-0:i386.
Unpacking libibus-1.0-0:i386 (from .../libibus-1.0-0_1.4.1-3ubuntu1_i386.deb) ...
Selecting previously unselected package libieee1284-3:i386.
Unpacking libieee1284-3:i386 (from .../libieee1284-3_0.2.11-10build1_i386.deb) ...
Selecting previously unselected package liblcms1:i386.
Unpacking liblcms1:i386 (from .../liblcms1_1.19.dfsg-1ubuntu3_i386.deb) ...
Selecting previously unselected package libllvm3.0:i386.
Unpacking libllvm3.0:i386 (from .../libllvm3.0_3.0-4ubuntu1_i386.deb) ...
Selecting previously unselected package libmad0:i386.
Unpacking libmad0:i386 (from .../libmad0_0.15.1b-7ubuntu1_i386.deb) ...
Selecting previously unselected package oss-compat.
Unpacking oss-compat (from .../archives/oss-compat_1_all.deb) ...
Selecting previously unselected package libmikmod2:i386.
Unpacking libmikmod2:i386 (from .../libmikmod2_3.1.12-2_i386.deb) ...
Selecting previously unselected package libmng1:i386.
Unpacking libmng1:i386 (from .../libmng1_1.0.10-3_i386.deb) ...
Selecting previously unselected package libmpg123-0:i386.
Unpacking libmpg123-0:i386 (from .../libmpg123-0_1.12.1-3.2ubuntu1_i386.deb) ...
Preparing to replace libmysqlclient-dev 5.5.29-0ubuntu0.12.04.2 (using .../libmysqlclient-dev_5.5.31-0ubuntu0.12.04.2_amd64.deb) ...
Unpacking replacement libmysqlclient-dev ...
Preparing to replace mysql-common 5.5.29-0ubuntu0.12.04.2 (using .../mysql-common_5.5.31-0ubuntu0.12.04.2_all.deb) ...
Unpacking replacement mysql-common ...
Preparing to replace libmysqlclient18 5.5.29-0ubuntu0.12.04.2 (using .../libmysqlclient18_5.5.31-0ubuntu0.12.04.2_amd64.deb) ...
Unpacking replacement libmysqlclient18 ...
Selecting previously unselected package libmysqlclient18:i386.
Unpacking libmysqlclient18:i386 (from .../libmysqlclient18_5.5.31-0ubuntu0.12.04.2_i386.deb) ...
Selecting previously unselected package libnspr4:i386.
Unpacking libnspr4:i386 (from .../libnspr4_4.9.5-0ubuntu0.12.04.1_i386.deb) ...
Selecting previously unselected package libnss3:i386.
Unpacking libnss3:i386 (from .../libnss3_3.14.3-0ubuntu0.12.04.1_i386.deb) ...
Selecting previously unselected package libodbc1:i386.
Unpacking libodbc1:i386 (from .../libodbc1_2.2.14p2-5ubuntu3_i386.deb) ...
Preparing to replace libpulse0 1:1.1-0ubuntu15.2 (using .../libpulse0_1%3a1.1-0ubuntu15.3_amd64.deb) ...
Unpacking replacement libpulse0 ...
Selecting previously unselected package libjson0:i386.
Unpacking libjson0:i386 (from .../libjson0_0.9-1ubuntu1_i386.deb) ...
Selecting previously unselected package libsndfile1:i386.
Unpacking libsndfile1:i386 (from .../libsndfile1_1.0.25-4_i386.deb) ...
Selecting previously unselected package libwrap0:i386.
Unpacking libwrap0:i386 (from .../libwrap0_7.6.q-21_i386.deb) ...
Selecting previously unselected package libpulse0:i386.
Unpacking libpulse0:i386 (from .../libpulse0_1%3a1.1-0ubuntu15.3_i386.deb) ...
Selecting previously unselected package libpulse-mainloop-glib0:i386.
Unpacking libpulse-mainloop-glib0:i386 (from .../libpulse-mainloop-glib0_1%3a1.1-0ubuntu15.3_i386.deb) ...
Selecting previously unselected package libpulsedsp:i386.
Unpacking libpulsedsp:i386 (from .../libpulsedsp_1%3a1.1-0ubuntu15.3_i386.deb) ...
Selecting previously unselected package libqtcore4:i386.
Unpacking libqtcore4:i386 (from .../libqtcore4_4%3a4.8.1-0ubuntu4.4_i386.deb) ...
Selecting previously unselected package libqt4-xml:i386.
Unpacking libqt4-xml:i386 (from .../libqt4-xml_4%3a4.8.1-0ubuntu4.4_i386.deb) ...
Selecting previously unselected package libqt4-dbus:i386.
Unpacking libqt4-dbus:i386 (from .../libqt4-dbus_4%3a4.8.1-0ubuntu4.4_i386.deb) ...
Selecting previously unselected package libqt4-network:i386.
Unpacking libqt4-network:i386 (from .../libqt4-network_4%3a4.8.1-0ubuntu4.4_i386.deb) ...
Selecting previously unselected package libqt4-script:i386.
Unpacking libqt4-script:i386 (from .../libqt4-script_4%3a4.8.1-0ubuntu4.4_i386.deb) ...
Selecting previously unselected package libqt4-sql:i386.
Unpacking libqt4-sql:i386 (from .../libqt4-sql_4%3a4.8.1-0ubuntu4.4_i386.deb) ...
Selecting previously unselected package libqt4-xmlpatterns:i386.
Unpacking libqt4-xmlpatterns:i386 (from .../libqt4-xmlpatterns_4%3a4.8.1-0ubuntu4.4_i386.deb) ...
Selecting previously unselected package libqtgui4:i386.
Unpacking libqtgui4:i386 (from .../libqtgui4_4%3a4.8.1-0ubuntu4.4_i386.deb) ...
Selecting previously unselected package libqt4-declarative:i386.
Unpacking libqt4-declarative:i386 (from .../libqt4-declarative_4%3a4.8.1-0ubuntu4.4_i386.deb) ...
Selecting previously unselected package libqt4-designer:i386.
Unpacking libqt4-designer:i386 (from .../libqt4-designer_4%3a4.8.1-0ubuntu4.4_i386.deb) ...
Selecting previously unselected package libqt4-opengl:i386.
Unpacking libqt4-opengl:i386 (from .../libqt4-opengl_4%3a4.8.1-0ubuntu4.4_i386.deb) ...
Selecting previously unselected package libqt4-qt3support:i386.
Unpacking libqt4-qt3support:i386 (from .../libqt4-qt3support_4%3a4.8.1-0ubuntu4.4_i386.deb) ...
Selecting previously unselected package libqt4-scripttools:i386.
Unpacking libqt4-scripttools:i386 (from .../libqt4-scripttools_4%3a4.8.1-0ubuntu4.4_i386.deb) ...
Selecting previously unselected package libqt4-sql-mysql:i386.
Unpacking libqt4-sql-mysql:i386 (from .../libqt4-sql-mysql_4%3a4.8.1-0ubuntu4.4_i386.deb) ...
Selecting previously unselected package libqt4-svg:i386.
Unpacking libqt4-svg:i386 (from .../libqt4-svg_4%3a4.8.1-0ubuntu4.4_i386.deb) ...
Selecting previously unselected package libqt4-test:i386.
Unpacking libqt4-test:i386 (from .../libqt4-test_4%3a4.8.1-0ubuntu4.4_i386.deb) ...
Selecting previously unselected package libqtwebkit4:i386.
Unpacking libqtwebkit4:i386 (from .../libqtwebkit4_2.2.1-1ubuntu4_i386.deb) ...
Selecting previously unselected package librsvg2-2:i386.
Unpacking librsvg2-2:i386 (from .../librsvg2-2_2.36.1-0ubuntu1_i386.deb) ...
Selecting previously unselected package libsane-common.
Unpacking libsane-common (from .../libsane-common_1.0.22-7ubuntu1_amd64.deb) ...
Selecting previously unselected package acl.
Unpacking acl (from .../acl_2.2.51-5ubuntu1_amd64.deb) ...
Selecting previously unselected package libsane:i386.
Unpacking libsane:i386 (from .../libsane_1.0.22-7ubuntu1_i386.deb) ...
Selecting previously unselected package libsdl1.2debian:i386.
Unpacking libsdl1.2debian:i386 (from .../libsdl1.2debian_1.2.14-6.4ubuntu3_i386.deb) ...
Selecting previously unselected package libsdl-image1.2:i386.
Unpacking libsdl-image1.2:i386 (from .../libsdl-image1.2_1.2.10-3_i386.deb) ...
Selecting previously unselected package libsdl-mixer1.2:i386.
Unpacking libsdl-mixer1.2:i386 (from .../libsdl-mixer1.2_1.2.11-7_i386.deb) ...
Selecting previously unselected package libsdl-net1.2:i386.
Unpacking libsdl-net1.2:i386 (from .../libsdl-net1.2_1.2.7-5_i386.deb) ...
Selecting previously unselected package libsdl-ttf2.0-0:i386.
Unpacking libsdl-ttf2.0-0:i386 (from .../libsdl-ttf2.0-0_2.0.9-1.1ubuntu1_i386.deb) ...
Selecting previously unselected package libspeexdsp1:i386.
Unpacking libspeexdsp1:i386 (from .../libspeexdsp1_1.2~rc1-3ubuntu2_i386.deb) ...
Selecting previously unselected package libstdc++5:i386.
Unpacking libstdc++5:i386 (from .../libstdc++5_1%3a3.3.6-25ubuntu1_i386.deb) ...
Selecting previously unselected package libxmu6:i386.
Unpacking libxmu6:i386 (from .../libxmu6_2%3a1.1.0-3_i386.deb) ...
Selecting previously unselected package libxaw7:i386.
Unpacking libxaw7:i386 (from .../libxaw7_2%3a1.0.9-3ubuntu1_i386.deb) ...
Selecting previously unselected package libxp6:i386.
Unpacking libxp6:i386 (from .../libxp6_1%3a1.0.1-2ubuntu0.12.04.1_i386.deb) ...
Preparing to replace libxslt1-dev 1.1.26-8ubuntu1.2 (using .../libxslt1-dev_1.1.26-8ubuntu1.3_amd64.deb) ...
Unpacking replacement libxslt1-dev ...
Preparing to replace libxslt1.1 1.1.26-8ubuntu1.2 (using .../libxslt1.1_1.1.26-8ubuntu1.3_amd64.deb) ...
Unpacking replacement libxslt1.1 ...
Selecting previously unselected package libxslt1.1:i386.
Unpacking libxslt1.1:i386 (from .../libxslt1.1_1.1.26-8ubuntu1.3_i386.deb) ...
Selecting previously unselected package libxss1:i386.
Unpacking libxss1:i386 (from .../libxss1_1%3a1.2.1-2_i386.deb) ...
Preparing to replace libxtst6 2:1.2.0-4 (using .../libxtst6_2%3a1.2.0-4ubuntu0.1_amd64.deb) ...
Unpacking replacement libxtst6 ...
Selecting previously unselected package libxtst6:i386.
Unpacking libxtst6:i386 (from .../libxtst6_2%3a1.2.0-4ubuntu0.1_i386.deb) ...
Selecting previously unselected package odbcinst.
Unpacking odbcinst (from .../odbcinst_2.2.14p2-5ubuntu3_amd64.deb) ...
Selecting previously unselected package odbcinst1debian2.
Unpacking odbcinst1debian2 (from .../odbcinst1debian2_2.2.14p2-5ubuntu3_amd64.deb) ...
Selecting previously unselected package odbcinst1debian2:i386.
Unpacking odbcinst1debian2:i386 (from .../odbcinst1debian2_2.2.14p2-5ubuntu3_i386.deb) ...
Selecting previously unselected package libcapi20-3:i386.
Unpacking libcapi20-3:i386 (from .../libcapi20-3_1%3a3.12.20071127-0ubuntu11_i386.deb) ...
Preparing to replace libglu1-mesa-dev 8.0.4-0ubuntu0.4 (using .../libglu1-mesa-dev_8.0.4-0ubuntu0.5_amd64.deb) ...
Unpacking replacement libglu1-mesa-dev ...
Preparing to replace libglu1-mesa 8.0.4-0ubuntu0.4 (using .../libglu1-mesa_8.0.4-0ubuntu0.5_amd64.deb) ...
Unpacking replacement libglu1-mesa ...
Selecting previously unselected package libglu1-mesa:i386.
Unpacking libglu1-mesa:i386 (from .../libglu1-mesa_8.0.4-0ubuntu0.5_i386.deb) ...
Selecting previously unselected package libopenal-data.
Unpacking libopenal-data (from .../libopenal-data_1%3a1.13-4ubuntu3_all.deb) ...
Selecting previously unselected package libopenal1:i386.
Unpacking libopenal1:i386 (from .../libopenal1_1%3a1.13-4ubuntu3_i386.deb) ...
Selecting previously unselected package krb5-locales.
Unpacking krb5-locales (from .../krb5-locales_1.10+dfsg~beta1-2ubuntu0.3_all.deb) ...
Selecting previously unselected package libsasl2-modules:i386.
Unpacking libsasl2-modules:i386 (from .../libsasl2-modules_2.1.25.dfsg1-3ubuntu0.1_i386.deb) ...
Selecting previously unselected package uuid-runtime.
Unpacking uuid-runtime (from .../uuid-runtime_2.20.1-1ubuntu3_amd64.deb) ...
Selecting previously unselected package bluez-alsa:i386.
Unpacking bluez-alsa:i386 (from .../bluez-alsa_4.98-2ubuntu7_i386.deb) ...
Selecting previously unselected package glib-networking.
Unpacking glib-networking (from .../glib-networking_2.32.1-1ubuntu2_amd64.deb) ...
Selecting previously unselected package gstreamer0.10-x:i386.
Unpacking gstreamer0.10-x:i386 (from .../gstreamer0.10-x_0.10.36-1ubuntu0.1_i386.deb) ...
Selecting previously unselected package gtk2-engines:i386.
Unpacking gtk2-engines:i386 (from .../gtk2-engines_1%3a2.20.2-1ubuntu1_i386.deb) ...
Selecting previously unselected package gtk2-engines-murrine:i386.
Unpacking gtk2-engines-murrine:i386 (from .../gtk2-engines-murrine_0.98.2-0ubuntu1_i386.deb) ...
Selecting previously unselected package gtk2-engines-pixbuf:i386.
Unpacking gtk2-engines-pixbuf:i386 (from .../gtk2-engines-pixbuf_2.24.10-0ubuntu6_i386.deb) ...
Selecting previously unselected package gvfs-libs:i386.
Unpacking gvfs-libs:i386 (from .../gvfs-libs_1.12.1-0ubuntu1.2_i386.deb) ...
Selecting previously unselected package gvfs:i386.
Unpacking gvfs:i386 (from .../gvfs_1.12.1-0ubuntu1.2_i386.deb) ...
Selecting previously unselected package ibus-gtk:i386.
Unpacking ibus-gtk:i386 (from .../ibus-gtk_1.4.1-3ubuntu1_i386.deb) ...
Selecting previously unselected package libasound2-plugins:i386.
Unpacking libasound2-plugins:i386 (from .../libasound2-plugins_1.0.25-1ubuntu1_i386.deb) ...
Selecting previously unselected package libcanberra-gtk-module:i386.
Unpacking libcanberra-gtk-module:i386 (from .../libcanberra-gtk-module_0.28-3ubuntu3_i386.deb) ...
Selecting previously unselected package libgail-common:i386.
Unpacking libgail-common:i386 (from .../libgail-common_2.24.10-0ubuntu6_i386.deb) ...
Selecting previously unselected package librsvg2-common:i386.
Unpacking librsvg2-common:i386 (from .../librsvg2-common_2.36.1-0ubuntu1_i386.deb) ...
Selecting previously unselected package xaw3dg:i386.
Unpacking xaw3dg:i386 (from .../xaw3dg_1.5+E-18.1ubuntu1_i386.deb) ...
Selecting previously unselected package ia32-libs-multiarch:i386.
Unpacking ia32-libs-multiarch:i386 (from .../ia32-libs-multiarch_20090808ubuntu36_i386.deb) ...
Selecting previously unselected package ia32-libs.
Unpacking ia32-libs (from .../ia32-libs_20090808ubuntu36_amd64.deb) ...
Selecting previously unselected package libgl1-mesa-dri:i386.
Unpacking libgl1-mesa-dri:i386 (from .../libgl1-mesa-dri_8.0.4-0ubuntu0.5_i386.deb) ...
Selecting previously unselected package libgphoto2-l10n.
Unpacking libgphoto2-l10n (from .../libgphoto2-l10n_2.4.13-1ubuntu1.2_all.deb) ...
Selecting previously unselected package libvisual-0.4-plugins:i386.
Unpacking libvisual-0.4-plugins:i386 (from .../libvisual-0.4-plugins_0.4.0.dfsg.1-7_i386.deb) ...
Selecting previously unselected package tcpd.
Unpacking tcpd (from .../tcpd_7.6.q-21_amd64.deb) ...
Processing triggers for man-db ...
Processing triggers for ureadahead ...
Processing triggers for gconf2 ...
Processing triggers for libglib2.0-0 ...
Setting up libc-dev-bin (2.15-0ubuntu10.4) ...
Setting up libc6-dev (2.15-0ubuntu10.4) ...
Setting up libssl-dev (1.0.1-4ubuntu5.9) ...
Setting up libsqlite3-0:i386 (3.7.9-2ubuntu1.1) ...
Setting up libssl0.9.8:i386 (0.9.8o-7ubuntu3.1) ...
Setting up libstdc++6:i386 (4.6.3-1ubuntu5) ...
Setting up libusb-0.1-4:i386 (2:0.1.12-20) ...
Setting up libattr1:i386 (1:2.4.46-5ubuntu1) ...
Setting up libacl1:i386 (2.2.51-5ubuntu1) ...
Setting up libbz2-1.0:i386 (1.0.6-1) ...
Setting up libcomerr2:i386 (1.42-1ubuntu2) ...
Setting up libdb5.1:i386 (5.1.25-11build1) ...
Setting up libdbus-1-3 (1.4.18-1ubuntu1.4) ...
Setting up libdbus-1-3:i386 (1.4.18-1ubuntu1.4) ...
Setting up libdrm2 (2.4.43-0ubuntu0.0.1) ...
Setting up libdrm2:i386 (2.4.43-0ubuntu0.0.1) ...
Setting up libdrm-intel1 (2.4.43-0ubuntu0.0.1) ...
Setting up libpciaccess0:i386 (0.12.902-1ubuntu0.2) ...
Setting up libdrm-intel1:i386 (2.4.43-0ubuntu0.0.1) ...
Setting up libdrm-radeon1 (2.4.43-0ubuntu0.0.1) ...
Setting up libdrm-radeon1:i386 (2.4.43-0ubuntu0.0.1) ...
Setting up libdrm-nouveau1a (2.4.43-0ubuntu0.0.1) ...
Setting up libdrm-nouveau1a:i386 (2.4.43-0ubuntu0.0.1) ...
Setting up libdrm-nouveau2 (2.4.43-0ubuntu0.0.1) ...
Setting up libkms1 (2.4.43-0ubuntu0.0.1) ...
Setting up libdrm-dev (2.4.43-0ubuntu0.0.1) ...
Setting up libffi6:i386 (3.0.11~rc1-5) ...
Setting up gvfs-common (1.12.1-0ubuntu1.2) ...
Setting up gvfs-libs (1.12.1-0ubuntu1.2) ...
Setting up libpcre3:i386 (8.12-4) ...
Setting up libselinux1:i386 (2.1.0-4.1ubuntu1) ...
Setting up libglib2.0-0:i386 (2.32.3-0ubuntu1) ...
Setting up gvfs-libs:i386 (1.12.1-0ubuntu1.2) ...
Setting up gvfs-daemons (1.12.1-0ubuntu1.2) ...
Setting up gvfs (1.12.1-0ubuntu1.2) ...
Setting up libudev0:i386 (175-0ubuntu9.3) ...
Setting up gvfs:i386 (1.12.1-0ubuntu1.2) ...
Setting up libncurses5:i386 (5.9-4) ...
Setting up libncursesw5:i386 (5.9-4) ...
Setting up libslang2:i386 (2.2.4-3ubuntu1) ...
Setting up libuuid1:i386 (2.20.1-1ubuntu3) ...
Setting up libroken18-heimdal:i386 (1.6~git20120311.dfsg.1-2) ...
Setting up libasn1-8-heimdal:i386 (1.6~git20120311.dfsg.1-2) ...
Setting up libdbus-glib-1-2:i386 (0.98-1ubuntu1.1) ...
Setting up libgpg-error0:i386 (1.10-2ubuntu1) ...
Setting up libgcrypt11:i386 (1.5.0-3ubuntu0.1) ...
Setting up libgdbm3:i386 (1.8.3-10) ...
Setting up libgnutls26 (2.12.14-5ubuntu3.4) ...
Setting up libp11-kit0:i386 (0.12-2ubuntu1) ...
Setting up libtasn1-3:i386 (2.10-1ubuntu1.1) ...
Setting up libgnutls26:i386 (2.12.14-5ubuntu3.4) ...
Setting up libgnutlsxx27 (2.12.14-5ubuntu3.4) ...
Setting up libgnutls-openssl27 (2.12.14-5ubuntu3.4) ...
Setting up libgnutls-dev (2.12.14-5ubuntu3.4) ...
Setting up libkrb5support0:i386 (1.10+dfsg~beta1-2ubuntu0.3) ...
Setting up libk5crypto3:i386 (1.10+dfsg~beta1-2ubuntu0.3) ...
Setting up libkeyutils1:i386 (1.5.2-2) ...
Setting up libkrb5-3:i386 (1.10+dfsg~beta1-2ubuntu0.3) ...
Setting up libgssapi-krb5-2:i386 (1.10+dfsg~beta1-2ubuntu0.3) ...
Setting up libhcrypto4-heimdal:i386 (1.6~git20120311.dfsg.1-2) ...
Setting up libheimbase1-heimdal:i386 (1.6~git20120311.dfsg.1-2) ...
Setting up libwind0-heimdal:i386 (1.6~git20120311.dfsg.1-2) ...
Setting up libhx509-5-heimdal:i386 (1.6~git20120311.dfsg.1-2) ...
Setting up libkrb5-26-heimdal:i386 (1.6~git20120311.dfsg.1-2) ...
Setting up libheimntlm0-heimdal:i386 (1.6~git20120311.dfsg.1-2) ...
Setting up libgssapi3-heimdal:i386 (1.6~git20120311.dfsg.1-2) ...
Setting up libidn11:i386 (1.23-2) ...
Setting up libsasl2-2:i386 (2.1.25.dfsg1-3ubuntu0.1) ...
Setting up libldap-2.4-2:i386 (2.4.28-1.1ubuntu4.2) ...
Setting up librtmp0:i386 (2.4~20110711.gitc28f1bab-1) ...
Setting up libxcb1-dev (1.8.1-1ubuntu0.2) ...
Setting up libx11-dev (2:1.4.99.1-0ubuntu2.1) ...
Setting up libxext6 (2:1.3.0-3ubuntu0.1) ...
Setting up libxext6:i386 (2:1.3.0-3ubuntu0.1) ...
Setting up libxext-dev (2:1.3.0-3ubuntu0.1) ...
Setting up libxml2:i386 (2.7.8.dfsg-5.1ubuntu4.4) ...
Setting up libcap-ng0 (0.6.6-1ubuntu1) ...
Setting up bluez (4.98-2ubuntu7) ...
bluetooth start/running, process 14498
Setting up libgpm2:i386 (1.20.4-4) ...
Setting up libaa1:i386 (1.4p5-39ubuntu1) ...
Setting up libraw1394-11:i386 (2.0.7-1ubuntu1) ...
Setting up libavc1394-0:i386 (0.5.3-1ubuntu2) ...
Setting up libcaca0:i386 (0.99.beta17-2.1ubuntu2) ...
Setting up libpixman-1-0:i386 (0.24.4-1) ...
Setting up libxcb-render0 (1.8.1-1ubuntu0.2) ...
Setting up libxcb-render0:i386 (1.8.1-1ubuntu0.2) ...
Setting up libxcb-render0-dev (1.8.1-1ubuntu0.2) ...
Setting up libxcb-shm0 (1.8.1-1ubuntu0.2) ...
Setting up libxcb-shm0:i386 (1.8.1-1ubuntu0.2) ...
Setting up libxcb-shm0-dev (1.8.1-1ubuntu0.2) ...
Setting up libxrender1 (1:0.9.6-2ubuntu0.1) ...
Setting up libxrender1:i386 (1:0.9.6-2ubuntu0.1) ...
Setting up libxrender-dev (1:0.9.6-2ubuntu0.1) ...
Setting up libcairo2:i386 (1.10.2-6.1ubuntu3) ...
Setting up libcairo-gobject2:i386 (1.10.2-6.1ubuntu3) ...
Setting up libdv4:i386 (1.0.0-3ubuntu1) ...
Setting up libogg0:i386 (1.2.2~dfsg-1ubuntu1) ...
Setting up libflac8:i386 (1.2.1-6) ...
Setting up libjasper1:i386 (1.900.1-13) ...
Setting up libtiff4 (3.9.5-2ubuntu1.5) ...
Setting up libtiff4:i386 (3.9.5-2ubuntu1.5) ...
Setting up libtiffxx0c2 (3.9.5-2ubuntu1.5) ...
Setting up libtiff4-dev (3.9.5-2ubuntu1.5) ...
Setting up libgdk-pixbuf2.0-0:i386 (2.26.1-1) ...
Setting up libgstreamer0.10-0:i386 (0.10.36-1ubuntu1) ...
Setting up liborc-0.4-0:i386 (1:0.4.16-1ubuntu2) ...
Setting up libgstreamer-plugins-base0.10-0:i386 (0.10.36-1ubuntu0.1) ...
Setting up libgudev-1.0-0:i386 (1:175-0ubuntu9.3) ...
Setting up libiec61883-0:i386 (1.2.0-0.1ubuntu1) ...
Setting up libsamplerate0:i386 (0.1.8-4) ...
Setting up libjack-jackd2-0:i386 (1.9.8~dfsg.1-1ubuntu2) ...
Setting up libspeex1:i386 (1.2~rc1-3ubuntu2) ...
Setting up libtheora0:i386 (1.1.1+dfsg.1-3ubuntu2) ...
Setting up libvorbis0a:i386 (1.3.2-1ubuntu3) ...
Setting up libshout3:i386 (2.2.2-7ubuntu1) ...
Setting up libgnome-keyring0:i386 (3.2.2-2) ...
Setting up libproxy1:i386 (0.4.7-0ubuntu4.1) ...
Setting up libproxy1 (0.4.7-0ubuntu4.1) ...
Setting up glib-networking-common (2.32.1-1ubuntu2) ...
Setting up glib-networking-services (2.32.1-1ubuntu2) ...
Setting up gsettings-desktop-schemas (3.4.1-0ubuntu1) ...
Setting up glib-networking:i386 (2.32.1-1ubuntu2) ...
Setting up glib-networking (2.32.1-1ubuntu2) ...
Setting up libsoup2.4-1:i386 (2.38.1-1) ...
Setting up libsoup-gnome2.4-1:i386 (2.38.1-1) ...
Setting up libtag1-vanilla:i386 (1.7-1ubuntu5) ...
Setting up libtag1c2a:i386 (1.7-1ubuntu5) ...
Setting up libv4lconvert0:i386 (0.8.6-1ubuntu2) ...
Setting up libv4l-0:i386 (0.8.6-1ubuntu2) ...
Setting up libwavpack1:i386 (4.60.1-2) ...
Setting up libxdamage1:i386 (1:1.1.3-2build1) ...
Setting up libxfixes3 (1:5.0-4ubuntu4.1) ...
Setting up libxfixes3:i386 (1:5.0-4ubuntu4.1) ...
Setting up libxfixes-dev (1:5.0-4ubuntu4.1) ...
Setting up libxv1 (2:1.0.6-2ubuntu0.1) ...
Setting up libxv1:i386 (2:1.0.6-2ubuntu0.1) ...
Setting up libcdparanoia0:i386 (3.10.2+debian-10ubuntu1) ...
Setting up libvisual-0.4-0:i386 (0.4.0-4) ...
Setting up libvorbisenc2:i386 (1.3.2-1ubuntu3) ...
Setting up gstreamer0.10-plugins-base:i386 (0.10.36-1ubuntu0.1) ...
Setting up gstreamer0.10-plugins-good:i386 (0.10.31-1ubuntu1.2) ...
Setting up libdatrie1:i386 (0.2.5-3) ...
Setting up libthai0:i386 (0.1.16-3) ...
Setting up libxft2:i386 (2.2.0-3ubuntu2) ...
Setting up libpango1.0-0:i386 (1.30.0-0ubuntu3.1) ...
Setting up gtk2-engines-oxygen:i386 (1.2.2-0ubuntu1.1) ...
Setting up libaio1:i386 (0.3.109-2ubuntu1) ...
Setting up libao-common (1.1.0-1ubuntu2) ...
Setting up libao4:i386 (1.1.0-1ubuntu2) ...
Setting up libasound2 (1.0.25-1ubuntu10.2) ...
Setting up libasound2:i386 (1.0.25-1ubuntu10.2) ...
Setting up libasyncns0:i386 (0.8-4) ...
Setting up libatk1.0-0:i386 (2.4.0-0ubuntu1) ...
Setting up libxt6 (1:1.1.1-2ubuntu0.1) ...
Setting up libice6:i386 (2:1.0.7-2build1) ...
Setting up libsm6:i386 (2:1.2.0-2build1) ...
Setting up libxt6:i386 (1:1.1.1-2ubuntu0.1) ...
Setting up libxt-dev (1:1.1.1-2ubuntu0.1) ...
Setting up libaudio2:i386 (1.9.3-4) ...
Setting up libaudiofile1:i386 (0.3.3-2) ...
Setting up libavahi-common-data:i386 (0.6.30-5ubuntu2) ...
Setting up libavahi-common3:i386 (0.6.30-5ubuntu2) ...
Setting up libavahi-client3:i386 (0.6.30-5ubuntu2) ...
Setting up libltdl7:i386 (2.4.2-1ubuntu1) ...
Setting up libtdb1:i386 (1.2.9-4) ...
Setting up libvorbisfile3:i386 (1.3.2-1ubuntu3) ...
Setting up libcanberra0:i386 (0.28-3ubuntu3) ...
Setting up libcups2 (1.5.3-0ubuntu8) ...
Setting up libcups2:i386 (1.5.3-0ubuntu8) ...
Setting up libxcomposite1:i386 (1:0.4.3-2build1) ...
Setting up libxcursor1 (1:1.1.12-1ubuntu0.1) ...
Setting up libxcursor1:i386 (1:1.1.12-1ubuntu0.1) ...
Setting up libxcursor-dev (1:1.1.12-1ubuntu0.1) ...
Setting up libxi6 (2:1.6.0-0ubuntu2.1) ...
Setting up libxi6:i386 (2:1.6.0-0ubuntu2.1) ...
Setting up libxi-dev (2:1.6.0-0ubuntu2.1) ...
Setting up libxinerama1 (2:1.1.1-3ubuntu0.1) ...
Setting up libxinerama1:i386 (2:1.1.1-3ubuntu0.1) ...
Setting up libxinerama-dev (2:1.1.1-3ubuntu0.1) ...
Setting up libxrandr2 (2:1.3.2-2ubuntu0.2) ...
Setting up libxrandr2:i386 (2:1.3.2-2ubuntu0.2) ...
Setting up libxrandr-dev (2:1.3.2-2ubuntu0.2) ...
Setting up libgtk2.0-0:i386 (2.24.10-0ubuntu6) ...
Setting up libcanberra-gtk0:i386 (0.28-3ubuntu3) ...
Setting up libcap2:i386 (1:2.22-1ubuntu3) ...
Setting up libcroco3:i386 (0.6.5-1) ...
Setting up libcupsimage2 (1.5.3-0ubuntu8) ...
Setting up libcupsimage2:i386 (1.5.3-0ubuntu8) ...
Setting up libcurl3 (7.22.0-3ubuntu4.1) ...
Setting up libcurl3:i386 (7.22.0-3ubuntu4.1) ...
Setting up libcurl4-openssl-dev (7.22.0-3ubuntu4.1) ...
Setting up esound-common (0.2.41-10build3) ...
Setting up libesd0:i386 (0.2.41-10build3) ...
Setting up libexif12:i386 (0.6.20-2ubuntu0.1) ...
Setting up libgail18:i386 (2.24.10-0ubuntu6) ...
Setting up libgconf-2-4:i386 (3.2.5-0ubuntu2) ...
Setting up libgomp1:i386 (4.6.3-1ubuntu5) ...
Setting up libunistring0:i386 (0.9.3-5) ...
Setting up libgettextpo0:i386 (0.18.1.1-5ubuntu3) ...
Setting up mesa-common-dev (8.0.4-0ubuntu0.5) ...
Setting up libglapi-mesa (8.0.4-0ubuntu0.5) ...
Setting up libglapi-mesa:i386 (8.0.4-0ubuntu0.5) ...
Setting up libx11-xcb1 (2:1.4.99.1-0ubuntu2.1) ...
Setting up libx11-xcb1:i386 (2:1.4.99.1-0ubuntu2.1) ...
Setting up libxcb-glx0 (1.8.1-1ubuntu0.2) ...
Setting up libxcb-glx0:i386 (1.8.1-1ubuntu0.2) ...
Setting up libxxf86vm1 (1:1.1.1-2ubuntu0.1) ...
Setting up libxxf86vm1:i386 (1:1.1.1-2ubuntu0.1) ...
Setting up libgl1-mesa-glx (8.0.4-0ubuntu0.5) ...
Setting up libgl1-mesa-glx:i386 (8.0.4-0ubuntu0.5) ...
update-alternatives: using /usr/lib/i386-linux-gnu/mesa/ld.so.conf to provide /etc/ld.so.conf.d/i386-linux-gnu_GL.conf (i386-linux-gnu_gl_conf) in auto mode.
Setting up libgl1-mesa-dev (8.0.4-0ubuntu0.5) ...
Setting up libgl1-mesa-dri (8.0.4-0ubuntu0.5) ...
Setting up libllvm3.0:i386 (3.0-4ubuntu1) ...
Setting up libgl1-mesa-dri:i386 (8.0.4-0ubuntu0.5) ...
Setting up libgphoto2-port0:i386 (2.4.13-1ubuntu1.2) ...
Setting up libgphoto2-2:i386 (2.4.13-1ubuntu1.2) ...
Setting up libibus-1.0-0:i386 (1.4.1-3ubuntu1) ...
Setting up libieee1284-3:i386 (0.2.11-10build1) ...
Setting up liblcms1:i386 (1.19.dfsg-1ubuntu3) ...
Setting up libmad0:i386 (0.15.1b-7ubuntu1) ...
Setting up oss-compat (1) ...
Setting up libmikmod2:i386 (3.1.12-2) ...
Setting up libmng1:i386 (1.0.10-3) ...
Setting up libmpg123-0:i386 (1.12.1-3.2ubuntu1) ...
Setting up mysql-common (5.5.31-0ubuntu0.12.04.2) ...
Setting up libmysqlclient18 (5.5.31-0ubuntu0.12.04.2) ...
Setting up libmysqlclient18:i386 (5.5.31-0ubuntu0.12.04.2) ...
Setting up libmysqlclient-dev (5.5.31-0ubuntu0.12.04.2) ...
Setting up libnspr4:i386 (4.9.5-0ubuntu0.12.04.1) ...
Setting up libnss3:i386 (3.14.3-0ubuntu0.12.04.1) ...
Setting up libodbc1:i386 (2.2.14p2-5ubuntu3) ...
Setting up libpulse0 (1:1.1-0ubuntu15.3) ...
Setting up libjson0:i386 (0.9-1ubuntu1) ...
Setting up libsndfile1:i386 (1.0.25-4) ...
Setting up libwrap0:i386 (7.6.q-21) ...
Setting up libpulse0:i386 (1:1.1-0ubuntu15.3) ...
Setting up libpulse-mainloop-glib0:i386 (1:1.1-0ubuntu15.3) ...
Setting up libpulsedsp:i386 (1:1.1-0ubuntu15.3) ...
Setting up libqtcore4:i386 (4:4.8.1-0ubuntu4.4) ...
Setting up libqt4-xml:i386 (4:4.8.1-0ubuntu4.4) ...
Setting up libqt4-dbus:i386 (4:4.8.1-0ubuntu4.4) ...
Setting up libqt4-network:i386 (4:4.8.1-0ubuntu4.4) ...
Setting up libqt4-script:i386 (4:4.8.1-0ubuntu4.4) ...
Setting up libqt4-sql:i386 (4:4.8.1-0ubuntu4.4) ...
Setting up libqt4-xmlpatterns:i386 (4:4.8.1-0ubuntu4.4) ...
Setting up libqt4-sql-mysql:i386 (4:4.8.1-0ubuntu4.4) ...
Setting up libqt4-test:i386 (4:4.8.1-0ubuntu4.4) ...
Setting up librsvg2-2:i386 (2.36.1-0ubuntu1) ...
Setting up libsane-common (1.0.22-7ubuntu1) ...
Setting up acl (2.2.51-5ubuntu1) ...
Setting up libsane:i386 (1.0.22-7ubuntu1) ...
Setting up libsdl1.2debian:i386 (1.2.14-6.4ubuntu3) ...
Setting up libsdl-image1.2:i386 (1.2.10-3) ...
Setting up libsdl-mixer1.2:i386 (1.2.11-7) ...
Setting up libsdl-net1.2:i386 (1.2.7-5) ...
Setting up libsdl-ttf2.0-0:i386 (2.0.9-1.1ubuntu1) ...
Setting up libspeexdsp1:i386 (1.2~rc1-3ubuntu2) ...
Setting up libstdc++5:i386 (1:3.3.6-25ubuntu1) ...
Setting up libxmu6:i386 (2:1.1.0-3) ...
Setting up libxaw7:i386 (2:1.0.9-3ubuntu1) ...
Setting up libxp6:i386 (1:1.0.1-2ubuntu0.12.04.1) ...
Setting up libxslt1.1 (1.1.26-8ubuntu1.3) ...
Setting up libxslt1.1:i386 (1.1.26-8ubuntu1.3) ...
Setting up libxslt1-dev (1.1.26-8ubuntu1.3) ...
Setting up libxss1:i386 (1:1.2.1-2) ...
Setting up libxtst6 (2:1.2.0-4ubuntu0.1) ...
Setting up libxtst6:i386 (2:1.2.0-4ubuntu0.1) ...
Setting up libcapi20-3:i386 (1:3.12.20071127-0ubuntu11) ...
Setting up libglu1-mesa (8.0.4-0ubuntu0.5) ...
Setting up libglu1-mesa:i386 (8.0.4-0ubuntu0.5) ...
Setting up libglu1-mesa-dev (8.0.4-0ubuntu0.5) ...
Setting up libopenal-data (1:1.13-4ubuntu3) ...
Setting up libopenal1:i386 (1:1.13-4ubuntu3) ...
Setting up krb5-locales (1.10+dfsg~beta1-2ubuntu0.3) ...
Setting up libsasl2-modules:i386 (2.1.25.dfsg1-3ubuntu0.1) ...
Setting up uuid-runtime (2.20.1-1ubuntu3) ...
Setting up bluez-alsa:i386 (4.98-2ubuntu7) ...
Setting up gstreamer0.10-x:i386 (0.10.36-1ubuntu0.1) ...
Setting up gtk2-engines:i386 (1:2.20.2-1ubuntu1) ...
Setting up gtk2-engines-murrine:i386 (0.98.2-0ubuntu1) ...
Setting up gtk2-engines-pixbuf:i386 (2.24.10-0ubuntu6) ...
Setting up ibus-gtk:i386 (1.4.1-3ubuntu1) ...
Setting up libasound2-plugins:i386 (1.0.25-1ubuntu1) ...
Setting up libcanberra-gtk-module:i386 (0.28-3ubuntu3) ...
Setting up libgail-common:i386 (2.24.10-0ubuntu6) ...
Setting up librsvg2-common:i386 (2.36.1-0ubuntu1) ...
Setting up xaw3dg:i386 (1.5+E-18.1ubuntu1) ...
Setting up libgphoto2-l10n (2.4.13-1ubuntu1.2) ...
Setting up libvisual-0.4-plugins:i386 (0.4.0.dfsg.1-7) ...
Setting up tcpd (7.6.q-21) ...
Setting up odbcinst (2.2.14p2-5ubuntu3) ...
Setting up odbcinst1debian2 (2.2.14p2-5ubuntu3) ...
Setting up odbcinst1debian2:i386 (2.2.14p2-5ubuntu3) ...
Setting up libqtgui4:i386 (4:4.8.1-0ubuntu4.4) ...
Setting up libqt4-declarative:i386 (4:4.8.1-0ubuntu4.4) ...
Setting up libqt4-designer:i386 (4:4.8.1-0ubuntu4.4) ...
Setting up libqt4-opengl:i386 (4:4.8.1-0ubuntu4.4) ...
Setting up libqt4-qt3support:i386 (4:4.8.1-0ubuntu4.4) ...
Setting up libqt4-scripttools:i386 (4:4.8.1-0ubuntu4.4) ...
Setting up libqt4-svg:i386 (4:4.8.1-0ubuntu4.4) ...
Setting up libqtwebkit4:i386 (2.2.1-1ubuntu4) ...
Setting up ia32-libs-multiarch:i386 (20090808ubuntu36) ...
Setting up ia32-libs (20090808ubuntu36) ...
Processing triggers for libc-bin ...
ldconfig deferred processing now taking place
Processing triggers for libgdk-pixbuf2.0-0:i386 ...
travis_fold:end:before_install.2travis_fold:start:before_install.3$ wget http://dl.google.com/android/android-sdk_r21.0.1-linux.tgz
--2013-06-14 00:08:34--  http://dl.google.com/android/android-sdk_r21.0.1-linux.tgz
Resolving dl.google.com (dl.google.com)... 2607:f8b0:400d:c00::5b, 74.125.228.64, 74.125.228.67, ...
Connecting to dl.google.com (dl.google.com)|2607:f8b0:400d:c00::5b|:80... connected.
HTTP request sent, awaiting response... 200 OK
Length: 91394975 (87M) [application/x-tar]
Saving to: `android-sdk_r21.0.1-linux.tgz'

 0% [                                       ] 0           --.-K/s               0% [                                       ] 83,352       400K/s               4% [>                                      ] 4,202,496   9.49M/s               6% [=>                                     ] 6,299,648   9.19M/s              11% [===>                                   ] 10,486,968  11.1M/s              14% [====>                                  ] 13,369,452  11.5M/s              18% [======>                                ] 16,783,256  11.0M/s              22% [=======>                               ] 20,975,144  11.9M/s              27% [=========>                             ] 25,167,032  12.7M/s              31% [===========>                           ] 28,828,144  13.1M/s              34% [============>                          ] 31,465,472  12.4M/s              38% [=============>                         ] 35,054,730  12.7M/s              42% [===============>                       ] 38,999,976  13.2M/s              45% [================>                      ] 41,951,232  13.1M/s  eta 4s      50% [==================>                    ] 46,143,384  13.0M/s  eta 4s      57% [=====================>                 ] 52,436,992  13.8M/s  eta 4s      61% [=======================>               ] 56,624,312  13.6M/s  eta 4s      65% [========================>              ] 59,437,554  14.2M/s  eta 2s      66% [========================>              ] 60,822,240  13.8M/s  eta 2s      70% [==========================>            ] 64,783,494  14.2M/s  eta 2s      73% [===========================>           ] 67,114,904  13.6M/s  eta 2s      77% [=============================>         ] 71,166,978  14.2M/s  eta 2s      80% [==============================>        ] 73,406,360  13.9M/s  eta 1s      84% [================================>      ] 77,602,816  13.0M/s  eta 1s      89% [=================================>     ] 81,797,120  13.2M/s  eta 1s      91% [==================================>    ] 83,894,272  13.1M/s  eta 1s      94% [===================================>   ] 86,609,848  13.2M/s  eta 0s      98% [=====================================> ] 90,185,728  12.6M/s  eta 0s      100%[======================================>] 91,394,975  12.9M/s   in 6.8s    

2013-06-14 00:08:41 (12.9 MB/s) - `android-sdk_r21.0.1-linux.tgz' saved [91394975/91394975]

travis_fold:end:before_install.3travis_fold:start:before_install.4$ echo "Installing android SDK into ${PWD}/android-sdk-linux"
Installing android SDK into /home/travis/build/square/dagger/android-sdk-linux
travis_fold:end:before_install.4travis_fold:start:before_install.5$ tar -xzf android-sdk_r21.0.1-linux.tgz
travis_fold:end:before_install.5travis_fold:start:before_install.6$ export ANDROID_HOME=${PWD}/android-sdk-linux
travis_fold:end:before_install.6travis_fold:start:before_install.7$ export PATH=${PATH}:${ANDROID_HOME}/tools:${ANDROID_HOME}/platform-tools
travis_fold:end:before_install.7travis_fold:start:before_install.8$ android update sdk --filter platform-tools,android-16 --no-ui --force
Refresh Sources:
  Fetching https://dl-ssl.google.com/android/repository/addons_list-2.xml
  Validate XML
  Parse XML
  Fetched Add-ons List successfully
  Refresh Sources
  Fetching URL: https://dl-ssl.google.com/android/repository/repository-7.xml
  Validate XML: https://dl-ssl.google.com/android/repository/repository-7.xml
  Parse XML:    https://dl-ssl.google.com/android/repository/repository-7.xml
  Fetching URL: https://dl-ssl.google.com/android/repository/addon.xml
  Validate XML: https://dl-ssl.google.com/android/repository/addon.xml
  Parse XML:    https://dl-ssl.google.com/android/repository/addon.xml
  Fetching URL: https://dl-ssl.google.com/android/repository/extras/intel/addon.xml
  Validate XML: https://dl-ssl.google.com/android/repository/extras/intel/addon.xml
  Parse XML:    https://dl-ssl.google.com/android/repository/extras/intel/addon.xml
  Fetching URL: https://dl-ssl.google.com/android/repository/sys-img.xml
  Validate XML: https://dl-ssl.google.com/android/repository/sys-img.xml
  Parse XML:    https://dl-ssl.google.com/android/repository/sys-img.xml
  Fetching URL: https://dl-ssl.google.com/android/repository/sys-img/mips/sys-img.xml
  Validate XML: https://dl-ssl.google.com/android/repository/sys-img/mips/sys-img.xml
  Parse XML:    https://dl-ssl.google.com/android/repository/sys-img/mips/sys-img.xml
  Fetching URL: https://dl-ssl.google.com/android/repository/sys-img/x86/sys-img.xml
  Validate XML: https://dl-ssl.google.com/android/repository/sys-img/x86/sys-img.xml
  Parse XML:    https://dl-ssl.google.com/android/repository/sys-img/x86/sys-img.xml
Installing Archives:
  Preparing to install archives
  Downloading Android SDK Platform-tools, revision 16.0.2
  Installing Android SDK Platform-tools, revision 16.0.2
  Stopping ADB server failed (code -1).
  Unzipping Android SDK Platform-tools, revision 16.0.2 (1%)  Unzipping Android SDK Platform-tools, revision 16.0.2 (4%)  Unzipping Android SDK Platform-tools, revision 16.0.2 (5%)  Unzipping Android SDK Platform-tools, revision 16.0.2 (7%)  Unzipping Android SDK Platform-tools, revision 16.0.2 (9%)  Unzipping Android SDK Platform-tools, revision 16.0.2 (14%)  Unzipping Android SDK Platform-tools, revision 16.0.2 (18%)  Unzipping Android SDK Platform-tools, revision 16.0.2 (99%)    Installed Android SDK Platform-tools, revision 16.0.2
  Downloading SDK Platform Android 4.1.2, API 16, revision 4
     (88%, 20826 KiB/s, 0 seconds left)  Installing SDK Platform Android 4.1.2, API 16, revision 4
  Unzipping SDK Platform Android 4.1.2, API 16, revision 4 (1%)  Unzipping SDK Platform Android 4.1.2, API 16, revision 4 (2%)  Unzipping SDK Platform Android 4.1.2, API 16, revision 4 (3%)  Unzipping SDK Platform Android 4.1.2, API 16, revision 4 (4%)  Unzipping SDK Platform Android 4.1.2, API 16, revision 4 (5%)  Unzipping SDK Platform Android 4.1.2, API 16, revision 4 (6%)  Unzipping SDK Platform Android 4.1.2, API 16, revision 4 (11%)  Unzipping SDK Platform Android 4.1.2, API 16, revision 4 (12%)  Unzipping SDK Platform Android 4.1.2, API 16, revision 4 (13%)  Unzipping SDK Platform Android 4.1.2, API 16, revision 4 (15%)  Unzipping SDK Platform Android 4.1.2, API 16, revision 4 (16%)  Unzipping SDK Platform Android 4.1.2, API 16, revision 4 (17%)  Unzipping SDK Platform Android 4.1.2, API 16, revision 4 (18%)  Unzipping SDK Platform Android 4.1.2, API 16, revision 4 (19%)  Unzipping SDK Platform Android 4.1.2, API 16, revision 4 (20%)  Unzipping SDK Platform Android 4.1.2, API 16, revision 4 (21%)  Unzipping SDK Platform Android 4.1.2, API 16, revision 4 (22%)  Unzipping SDK Platform Android 4.1.2, API 16, revision 4 (25%)  Unzipping SDK Platform Android 4.1.2, API 16, revision 4 (42%)  Unzipping SDK Platform Android 4.1.2, API 16, revision 4 (43%)  Unzipping SDK Platform Android 4.1.2, API 16, revision 4 (44%)  Unzipping SDK Platform Android 4.1.2, API 16, revision 4 (45%)  Unzipping SDK Platform Android 4.1.2, API 16, revision 4 (46%)  Unzipping SDK Platform Android 4.1.2, API 16, revision 4 (49%)  Unzipping SDK Platform Android 4.1.2, API 16, revision 4 (50%)  Unzipping SDK Platform Android 4.1.2, API 16, revision 4 (77%)  Unzipping SDK Platform Android 4.1.2, API 16, revision 4 (78%)  Unzipping SDK Platform Android 4.1.2, API 16, revision 4 (81%)  Unzipping SDK Platform Android 4.1.2, API 16, revision 4 (82%)  Unzipping SDK Platform Android 4.1.2, API 16, revision 4 (83%)  Unzipping SDK Platform Android 4.1.2, API 16, revision 4 (84%)  Unzipping SDK Platform Android 4.1.2, API 16, revision 4 (85%)  Unzipping SDK Platform Android 4.1.2, API 16, revision 4 (86%)  Unzipping SDK Platform Android 4.1.2, API 16, revision 4 (89%)  Unzipping SDK Platform Android 4.1.2, API 16, revision 4 (90%)  Unzipping SDK Platform Android 4.1.2, API 16, revision 4 (91%)  Unzipping SDK Platform Android 4.1.2, API 16, revision 4 (92%)  Unzipping SDK Platform Android 4.1.2, API 16, revision 4 (93%)  Unzipping SDK Platform Android 4.1.2, API 16, revision 4 (94%)  Unzipping SDK Platform Android 4.1.2, API 16, revision 4 (95%)  Unzipping SDK Platform Android 4.1.2, API 16, revision 4 (96%)    Installed SDK Platform Android 4.1.2, API 16, revision 4
    Stopping ADB server succeeded.
    Starting ADB server succeeded.
  Done. 2 packages installed.
travis_fold:end:before_install.8travis_fold:start:install$ mvn install clean --fail-never --quiet -DskipTests=true -Dinvoker.skip=true
travis_fold:end:install$ mvn verify
[INFO] Scanning for projects...
[INFO] ------------------------------------------------------------------------
[INFO] Reactor Build Order:
[INFO] 
[INFO] Dagger (Parent)
[INFO] Dagger
[INFO] Dagger Compiler
[INFO] Examples
[INFO] Examples: Simple
[INFO] Examples: Android - Simple
[INFO] Examples: Android - Activity Graphs
[INFO]                                                                         
[INFO] ------------------------------------------------------------------------
[INFO] Building Dagger (Parent) 1.0.2-SNAPSHOT
[INFO] ------------------------------------------------------------------------
[INFO] 
[INFO] --- maven-enforcer-plugin:1.0:enforce (enforce-maven) @ dagger-parent ---
[INFO] 
[INFO] --- maven-checkstyle-plugin:2.10:checkstyle (default) @ dagger-parent ---
[INFO]                                                                         
[INFO] ------------------------------------------------------------------------
[INFO] Building Dagger 1.0.2-SNAPSHOT
[INFO] ------------------------------------------------------------------------
[INFO] 
[INFO] --- maven-enforcer-plugin:1.0:enforce (enforce-maven) @ dagger ---
[INFO] 
[INFO] --- maven-resources-plugin:2.3:resources (default-resources) @ dagger ---
[INFO] Using 'UTF-8' encoding to copy filtered resources.
[INFO] skip non existing resourceDirectory /home/travis/build/square/dagger/core/src/main/resources
[INFO] 
[INFO] --- maven-compiler-plugin:3.1:compile (default-compile) @ dagger ---
[INFO] Changes detected - recompiling the module!
[INFO] Compiling 24 source files to /home/travis/build/square/dagger/core/target/classes
[WARNING] bootstrap class path not set in conjunction with -source 1.6
[WARNING] /home/travis/build/square/dagger/core/src/main/java/dagger/internal/loaders/ReflectiveModuleAdapter.java:[168,24] found raw type: dagger.internal.Binding
  missing type arguments for generic class dagger.internal.Binding<T>
[WARNING] /home/travis/build/square/dagger/core/src/main/java/dagger/internal/ProblemDetector.java:[33,10] found raw type: dagger.internal.Binding
  missing type arguments for generic class dagger.internal.Binding<T>
[WARNING] /home/travis/build/square/dagger/core/src/main/java/dagger/internal/ProblemDetector.java:[33,50] found raw type: dagger.internal.Binding
  missing type arguments for generic class dagger.internal.Binding<T>
[WARNING] /home/travis/build/square/dagger/core/src/main/java/dagger/internal/loaders/GeneratedAdapters.java:[59,41] unchecked cast
  required: T
  found:    capture#1 of ?
[WARNING] /home/travis/build/square/dagger/core/src/main/java/dagger/internal/UniqueMap.java:[24,8] serializable class dagger.internal.UniqueMap has no definition of serialVersionUID
[INFO] 
[INFO] --- maven-resources-plugin:2.3:testResources (default-testResources) @ dagger ---
[INFO] Using 'UTF-8' encoding to copy filtered resources.
[INFO] skip non existing resourceDirectory /home/travis/build/square/dagger/core/src/test/resources
[INFO] 
[INFO] --- maven-compiler-plugin:3.1:testCompile (default-testCompile) @ dagger ---
[INFO] Changes detected - recompiling the module!
[INFO] Compiling 14 source files to /home/travis/build/square/dagger/core/target/test-classes
[WARNING] bootstrap class path not set in conjunction with -source 1.6
[WARNING] /home/travis/build/square/dagger/core/src/test/java/dagger/ModuleTest.java:[218,17] found raw type: javax.inject.Provider
  missing type arguments for generic class javax.inject.Provider<T>
[WARNING] /home/travis/build/square/dagger/core/src/test/java/dagger/ModuleTest.java:[252,17] found raw type: dagger.Lazy
  missing type arguments for generic class dagger.Lazy<T>
[INFO] 
[INFO] --- maven-surefire-plugin:2.10:test (default-test) @ dagger ---
[INFO] Surefire report directory: /home/travis/build/square/dagger/core/target/surefire-reports
Downloading: http://maven.mirrors.travis-ci.org/nexus/content/repositories/central/org/apache/maven/surefire/surefire-junit4/2.10/surefire-junit4-2.10.pom
3/3 KB            Downloaded: http://maven.mirrors.travis-ci.org/nexus/content/repositories/central/org/apache/maven/surefire/surefire-junit4/2.10/surefire-junit4-2.10.pom (3 KB at 4.3 KB/sec)
Downloading: http://maven.mirrors.travis-ci.org/nexus/content/repositories/central/org/apache/maven/surefire/surefire-providers/2.10/surefire-providers-2.10.pom
3/3 KB            Downloaded: http://maven.mirrors.travis-ci.org/nexus/content/repositories/central/org/apache/maven/surefire/surefire-providers/2.10/surefire-providers-2.10.pom (3 KB at 6.9 KB/sec)
Downloading: http://maven.mirrors.travis-ci.org/nexus/content/repositories/central/org/apache/maven/surefire/surefire-junit4/2.10/surefire-junit4-2.10.jar
4/33 KB   8/33 KB   9/33 KB   13/33 KB   17/33 KB   21/33 KB   23/33 KB   27/33 KB   31/33 KB   33/33 KB              Downloaded: http://maven.mirrors.travis-ci.org/nexus/content/repositories/central/org/apache/maven/surefire/surefire-junit4/2.10/surefire-junit4-2.10.jar (33 KB at 62.4 KB/sec)

-------------------------------------------------------
 T E S T S
-------------------------------------------------------
Running dagger.internal.KeysTest
Tests run: 18, Failures: 0, Errors: 0, Skipped: 0, Time elapsed: 0.166 sec
Running dagger.internal.SingletonBindingTest
Tests run: 7, Failures: 0, Errors: 0, Skipped: 0, Time elapsed: 0.017 sec
Running dagger.ExtensionTest
Tests run: 3, Failures: 0, Errors: 0, Skipped: 0, Time elapsed: 0.073 sec
Running dagger.ThreadSafetyTest
Tests run: 2, Failures: 0, Errors: 0, Skipped: 0, Time elapsed: 0.039 sec
Running dagger.InjectStaticsTest
Tests run: 3, Failures: 0, Errors: 0, Skipped: 0, Time elapsed: 0.012 sec
Running dagger.UnusedProviderTest
Tests run: 4, Failures: 0, Errors: 0, Skipped: 0, Time elapsed: 0.017 sec
Running dagger.LazyInjectionTest
Tests run: 5, Failures: 0, Errors: 0, Skipped: 0, Time elapsed: 0.017 sec
Running dagger.InjectionOfLazyTest
Tests run: 4, Failures: 0, Errors: 0, Skipped: 0, Time elapsed: 0.016 sec
Running dagger.SetBindingTest
Tests run: 7, Failures: 0, Errors: 0, Skipped: 0, Time elapsed: 0.043 sec
Running dagger.ModuleTest
Tests run: 14, Failures: 0, Errors: 0, Skipped: 0, Time elapsed: 0.048 sec
Running dagger.MembersInjectorTest
Tests run: 8, Failures: 0, Errors: 0, Skipped: 0, Time elapsed: 0.032 sec
Running dagger.ProblemDetectorTest
Tests run: 3, Failures: 0, Errors: 0, Skipped: 0, Time elapsed: 0.012 sec
Running dagger.ExtensionWithStateTest
Tests run: 1, Failures: 0, Errors: 0, Skipped: 0, Time elapsed: 0.005 sec
Running dagger.InjectionTest
Tests run: 37, Failures: 0, Errors: 0, Skipped: 0, Time elapsed: 0.158 sec

Results :

Tests run: 116, Failures: 0, Errors: 0, Skipped: 0

[INFO] 
[INFO] --- maven-jar-plugin:2.2:jar (default-jar) @ dagger ---
[INFO] Building jar: /home/travis/build/square/dagger/core/target/dagger-1.0.2-SNAPSHOT.jar
[INFO] 
[INFO] --- maven-checkstyle-plugin:2.10:checkstyle (default) @ dagger ---
[INFO] Starting audit...
Audit done.

[WARNING] Unable to locate Source XRef to link to - DISABLED
[INFO]                                                                         
[INFO] ------------------------------------------------------------------------
[INFO] Building Dagger Compiler 1.0.2-SNAPSHOT
[INFO] ------------------------------------------------------------------------
[INFO] 
[INFO] --- maven-enforcer-plugin:1.0:enforce (enforce-maven) @ dagger-compiler ---
[INFO] 
[INFO] --- maven-resources-plugin:2.3:resources (default-resources) @ dagger-compiler ---
[INFO] Using 'UTF-8' encoding to copy filtered resources.
[INFO] Copying 1 resource
[INFO] 
[INFO] --- maven-compiler-plugin:3.1:compile (default-compile) @ dagger-compiler ---
[INFO] Changes detected - recompiling the module!
[INFO] Compiling 12 source files to /home/travis/build/square/dagger/compiler/target/classes
[WARNING] bootstrap class path not set in conjunction with -source 1.6
[INFO] 
[INFO] --- maven-resources-plugin:2.3:testResources (default-testResources) @ dagger-compiler ---
[INFO] Using 'UTF-8' encoding to copy filtered resources.
[INFO] skip non existing resourceDirectory /home/travis/build/square/dagger/compiler/src/test/resources
[INFO] 
[INFO] --- maven-compiler-plugin:3.1:testCompile (default-testCompile) @ dagger-compiler ---
[INFO] Changes detected - recompiling the module!
[INFO] Compiling 3 source files to /home/travis/build/square/dagger/compiler/target/test-classes
[WARNING] bootstrap class path not set in conjunction with -source 1.6
[INFO] 
[INFO] --- maven-surefire-plugin:2.10:test (default-test) @ dagger-compiler ---
[INFO] Surefire report directory: /home/travis/build/square/dagger/compiler/target/surefire-reports

-------------------------------------------------------
 T E S T S
-------------------------------------------------------
Running dagger.internal.codegen.DotWriterTest
Tests run: 4, Failures: 0, Errors: 0, Skipped: 0, Time elapsed: 0.093 sec
Running dagger.internal.codegen.GraphVisualizerTest
Tests run: 7, Failures: 0, Errors: 0, Skipped: 0, Time elapsed: 0.044 sec

Results :

Tests run: 11, Failures: 0, Errors: 0, Skipped: 0

[INFO] 
[INFO] --- maven-jar-plugin:2.2:jar (default-jar) @ dagger-compiler ---
[INFO] Building jar: /home/travis/build/square/dagger/compiler/target/dagger-compiler-1.0.2-SNAPSHOT.jar
[INFO] 
[INFO] --- maven-invoker-plugin:1.7:install (integration-test) @ dagger-compiler ---
[INFO] Installing /home/travis/build/square/dagger/core/pom.xml to /home/travis/build/square/dagger/compiler/target/local-repo/com/squareup/dagger/dagger/1.0.2-SNAPSHOT/dagger-1.0.2-SNAPSHOT.pom
[INFO] Installing /home/travis/build/square/dagger/core/target/dagger-1.0.2-SNAPSHOT.jar to /home/travis/build/square/dagger/compiler/target/local-repo/com/squareup/dagger/dagger/1.0.2-SNAPSHOT/dagger-1.0.2-SNAPSHOT.jar
[INFO] Installing /home/travis/build/square/dagger/pom.xml to /home/travis/build/square/dagger/compiler/target/local-repo/com/squareup/dagger/dagger-parent/1.0.2-SNAPSHOT/dagger-parent-1.0.2-SNAPSHOT.pom
[INFO] Installing /home/travis/build/square/dagger/compiler/pom.xml to /home/travis/build/square/dagger/compiler/target/local-repo/com/squareup/dagger/dagger-compiler/1.0.2-SNAPSHOT/dagger-compiler-1.0.2-SNAPSHOT.pom
[INFO] Installing /home/travis/build/square/dagger/compiler/target/dagger-compiler-1.0.2-SNAPSHOT.jar to /home/travis/build/square/dagger/compiler/target/local-repo/com/squareup/dagger/dagger-compiler/1.0.2-SNAPSHOT/dagger-compiler-1.0.2-SNAPSHOT.jar
[INFO] 
[INFO] --- maven-invoker-plugin:1.7:run (integration-test) @ dagger-compiler ---
[INFO] Building: unused-provider-methods-pass-compilation-on-library-module/pom.xml
[INFO] ..SUCCESS (80.6 s)
[INFO] Building: cyclic-module-includes/pom.xml
[INFO] run script verify.bsh
[INFO] ..SUCCESS (9.3 s)
[INFO] Building: inner-classes-complaint-injection/pom.xml
[INFO] run script verify.bsh
[INFO] ..SUCCESS (8.1 s)
[INFO] Building: inject-on-class/pom.xml
[INFO] run script verify.bsh
[INFO] ..SUCCESS (7.7 s)
[INFO] Building: provides-method-with-throws-clause/pom.xml
[INFO] run script verify.bsh
[INFO] ..SUCCESS (7.6 s)
[INFO] Building: multiple-provides-methods/pom.xml
[INFO] run script verify.bsh
[INFO] ..SUCCESS (9.4 s)
[INFO] Building: method-injection/pom.xml
[INFO] run script verify.bsh
[INFO] ..SUCCESS (7.8 s)
[INFO] Building: simple-missing-dependency-failure/pom.xml
[INFO] run script verify.bsh
[INFO] ..SUCCESS (8.8 s)
[INFO] Building: inject-parameterized-type/pom.xml
[INFO] ..SUCCESS (9.8 s)
[INFO] Building: extension-graph/pom.xml
[INFO] ..SUCCESS (9.6 s)
[INFO] Building: include-non-module/pom.xml
[INFO] ..SUCCESS (8.6 s)
[INFO] Building: default-package-injected-type/pom.xml
[INFO] ..SUCCESS (9.7 s)
[INFO] Building: missing-at-inject-constructor/pom.xml
[INFO] run script verify.bsh
[INFO] ..SUCCESS (8.5 s)
[INFO] Building: private-inject/pom.xml
[INFO] run script verify.bsh
[INFO] ..SUCCESS (8.4 s)
[INFO] Building: cyclic-deps/pom.xml
[INFO] run script verify.bsh
[INFO] ..SUCCESS (8.7 s)
[INFO] Building: static-injected-binding-doesnt-fail-providers/pom.xml
[INFO] ..SUCCESS (10.0 s)
[INFO] Building: unused-provider-methods-fail-compilation/pom.xml
[INFO] run script verify.bsh
[INFO] ..SUCCESS (10.9 s)
[INFO] Building: module-type-validation/pom.xml
[INFO] run script verify.bsh
[INFO] ..SUCCESS (10.7 s)
[INFO] Building: provide-provider-or-lazy/pom.xml
[INFO] run script verify.bsh
[INFO] ..SUCCESS (10.0 s)
[INFO] Building: uninjectable-supertype/pom.xml
[INFO] ..SUCCESS (12.0 s)
[INFO] Building: same-provides-method-name/pom.xml
[INFO] ..SUCCESS (11.8 s)
[INFO] Building: singleton-on-constructor/pom.xml
[INFO] run script verify.bsh
[INFO] ..SUCCESS (9.5 s)
[INFO] -------------------------------------------------
[INFO] Build Summary:
[INFO]   Passed: 22, Failed: 0, Errors: 0, Skipped: 0
[INFO] -------------------------------------------------
[INFO] 
[INFO] --- maven-checkstyle-plugin:2.10:checkstyle (default) @ dagger-compiler ---
[INFO] Starting audit...
Audit done.

[WARNING] Unable to locate Source XRef to link to - DISABLED
[INFO]                                                                         
[INFO] ------------------------------------------------------------------------
[INFO] Building Examples 1.0.2-SNAPSHOT
[INFO] ------------------------------------------------------------------------
[INFO] 
[INFO] --- maven-enforcer-plugin:1.0:enforce (enforce-maven) @ dagger-example-parent ---
[INFO] 
[INFO] --- maven-checkstyle-plugin:2.10:checkstyle (default) @ dagger-example-parent ---
[INFO]                                                                         
[INFO] ------------------------------------------------------------------------
[INFO] Building Examples: Simple 1.0.2-SNAPSHOT
[INFO] ------------------------------------------------------------------------
[INFO] 
[INFO] --- maven-enforcer-plugin:1.0:enforce (enforce-maven) @ simple ---
[INFO] 
[INFO] --- maven-resources-plugin:2.3:resources (default-resources) @ simple ---
[INFO] Using 'UTF-8' encoding to copy filtered resources.
[INFO] skip non existing resourceDirectory /home/travis/build/square/dagger/examples/simple/src/main/resources
[INFO] 
[INFO] --- maven-compiler-plugin:3.1:compile (default-compile) @ simple ---
[INFO] Changes detected - recompiling the module!
[INFO] Compiling 8 source files to /home/travis/build/square/dagger/examples/simple/target/classes
[WARNING] bootstrap class path not set in conjunction with -source 1.6
[WARNING] No processor claimed any of these annotations: dagger.Provides,javax.inject.Singleton
[INFO] 
[INFO] --- maven-resources-plugin:2.3:testResources (default-testResources) @ simple ---
[INFO] Using 'UTF-8' encoding to copy filtered resources.
[INFO] skip non existing resourceDirectory /home/travis/build/square/dagger/examples/simple/src/test/resources
[INFO] 
[INFO] --- maven-compiler-plugin:3.1:testCompile (default-testCompile) @ simple ---
[INFO] No sources to compile
[INFO] 
[INFO] --- maven-surefire-plugin:2.10:test (default-test) @ simple ---
[INFO] No tests to run.
[INFO] Surefire report directory: /home/travis/build/square/dagger/examples/simple/target/surefire-reports
Downloading: http://maven.mirrors.travis-ci.org/nexus/content/repositories/central/org/apache/maven/surefire/surefire-junit3/2.10/surefire-junit3-2.10.pom
2/2 KB              Downloaded: http://maven.mirrors.travis-ci.org/nexus/content/repositories/central/org/apache/maven/surefire/surefire-junit3/2.10/surefire-junit3-2.10.pom (2 KB at 3.1 KB/sec)
Downloading: http://maven.mirrors.travis-ci.org/nexus/content/repositories/central/org/apache/maven/surefire/surefire-junit3/2.10/surefire-junit3-2.10.jar
4/26 KB   8/26 KB   9/26 KB   10/26 KB   14/26 KB   18/26 KB   22/26 KB   24/26 KB   26/26 KB              Downloaded: http://maven.mirrors.travis-ci.org/nexus/content/repositories/central/org/apache/maven/surefire/surefire-junit3/2.10/surefire-junit3-2.10.jar (26 KB at 43.0 KB/sec)

-------------------------------------------------------
 T E S T S
-------------------------------------------------------

Results :

Tests run: 0, Failures: 0, Errors: 0, Skipped: 0

[INFO] 
[INFO] --- maven-jar-plugin:2.2:jar (default-jar) @ simple ---
[INFO] Building jar: /home/travis/build/square/dagger/examples/simple/target/simple-1.0.2-SNAPSHOT.jar
[INFO] 
[INFO] --- maven-checkstyle-plugin:2.10:checkstyle (default) @ simple ---
[INFO] Starting audit...
Audit done.

[WARNING] Unable to locate Source XRef to link to - DISABLED
[INFO]                                                                         
[INFO] ------------------------------------------------------------------------
[INFO] Building Examples: Android - Simple 1.0.2-SNAPSHOT
[INFO] ------------------------------------------------------------------------
[INFO] 
[INFO] --- maven-enforcer-plugin:1.0:enforce (enforce-maven) @ android-simple ---
[INFO] 
[INFO] --- android-maven-plugin:3.6.0:generate-sources (default-generate-sources) @ android-simple ---
[INFO] ANDROID-904-002: Found aidl files: Count = 0
[INFO] ANDROID-904-002: Found aidl files: Count = 0
[INFO] Manifest merging disabled. Using project manifest only
[INFO] /home/travis/build/square/dagger/android-sdk-linux/platform-tools/aapt [package, -m, -J, /home/travis/build/square/dagger/examples/android-simple/target/generated-sources/r, -M, /home/travis/build/square/dagger/examples/android-simple/AndroidManifest.xml, -S, /home/travis/build/square/dagger/examples/android-simple/res, --auto-add-overlay, -I, /home/travis/build/square/dagger/android-sdk-linux/platforms/android-16/android.jar]
[INFO] 
[INFO] --- maven-resources-plugin:2.6:resources (default-resources) @ android-simple ---
[INFO] Using 'UTF-8' encoding to copy filtered resources.
[INFO] skip non existing resourceDirectory /home/travis/build/square/dagger/examples/android-simple/src/main/resources
[INFO] skip non existing resourceDirectory /home/travis/build/square/dagger/examples/android-simple/target/generated-sources/extracted-dependencies/src/main/resources
[INFO] 
[INFO] --- maven-compiler-plugin:3.1:compile (default-compile) @ android-simple ---
[INFO] Changes detected - recompiling the module!
[INFO] Compiling 8 source files to /home/travis/build/square/dagger/examples/android-simple/target/classes
[WARNING] bootstrap class path not set in conjunction with -source 1.6
[WARNING] No processor claimed any of these annotations: javax.inject.Qualifier,dagger.Provides,javax.inject.Singleton,com.example.dagger.simple.ForApplication
[INFO] 
[INFO] --- android-maven-plugin:3.6.0:proguard (default-proguard) @ android-simple ---
[INFO] 
[INFO] --- maven-resources-plugin:2.6:testResources (default-testResources) @ android-simple ---
[INFO] Using 'UTF-8' encoding to copy filtered resources.
[INFO] skip non existing resourceDirectory /home/travis/build/square/dagger/examples/android-simple/src/test/resources
[INFO] 
[INFO] --- maven-compiler-plugin:3.1:testCompile (default-testCompile) @ android-simple ---
[INFO] No sources to compile
[INFO] 
[INFO] --- maven-surefire-plugin:2.15:test (default-test) @ android-simple ---
[INFO] No tests to run.
[INFO] 
[INFO] --- android-maven-plugin:3.6.0:emma (default-emma) @ android-simple ---
[INFO] 
[INFO] --- android-maven-plugin:3.6.0:dex (default-dex) @ android-simple ---
[INFO] /usr/lib/jvm/java-7-openjdk-amd64/jre/bin/java [-Xmx1024M, -jar, /home/travis/build/square/dagger/android-sdk-linux/platform-tools/lib/dx.jar, --dex, --output=/home/travis/build/square/dagger/examples/android-simple/target/classes.dex, /home/travis/.m2/repository/javax/inject/javax.inject/1/javax.inject-1.jar, /home/travis/build/square/dagger/examples/android-simple/target/classes, /home/travis/build/square/dagger/compiler/target/dagger-compiler-1.0.2-SNAPSHOT.jar, /home/travis/.m2/repository/com/squareup/javawriter/1.0.5/javawriter-1.0.5.jar, /home/travis/build/square/dagger/core/target/dagger-1.0.2-SNAPSHOT.jar]
[INFO] 
[INFO] --- maven-jar-plugin:2.4:jar (default-jar) @ android-simple ---
[INFO] Building jar: /home/travis/build/square/dagger/examples/android-simple/target/android-simple-1.0.2-SNAPSHOT.jar
[INFO] 
[INFO] --- android-maven-plugin:3.6.0:apk (default-apk) @ android-simple ---
[INFO] Enabling debug build for apk.
[INFO] /home/travis/build/square/dagger/android-sdk-linux/platform-tools/aapt [package, -f, -M, /home/travis/build/square/dagger/examples/android-simple/AndroidManifest.xml, -S, /home/travis/build/square/dagger/examples/android-simple/res, --auto-add-overlay, -I, /home/travis/build/square/dagger/android-sdk-linux/platforms/android-16/android.jar, -F, /home/travis/build/square/dagger/examples/android-simple/target/android-simple-1.0.2-SNAPSHOT.ap_, --debug-mode]
[INFO] 
[INFO] --- android-maven-plugin:3.6.0:internal-pre-integration-test (default-internal-pre-integration-test) @ android-simple ---
[INFO] No InstrumentationRunner found - skipping tests
[INFO] 
[INFO] --- android-maven-plugin:3.6.0:internal-integration-test (default-internal-integration-test) @ android-simple ---
[INFO] No InstrumentationRunner found - skipping tests
[INFO] 
[INFO] --- maven-checkstyle-plugin:2.10:checkstyle (default) @ android-simple ---
[INFO] Starting audit...
Audit done.

[WARNING] Unable to locate Source XRef to link to - DISABLED
[INFO]                                                                         
[INFO] ------------------------------------------------------------------------
[INFO] Building Examples: Android - Activity Graphs 1.0.2-SNAPSHOT
[INFO] ------------------------------------------------------------------------
[INFO] 
[INFO] --- maven-enforcer-plugin:1.0:enforce (enforce-maven) @ android-activity-graphs ---
[INFO] 
[INFO] --- android-maven-plugin:3.6.0:generate-sources (default-generate-sources) @ android-activity-graphs ---
[INFO] ANDROID-904-002: Found aidl files: Count = 0
[INFO] ANDROID-904-002: Found aidl files: Count = 0
[INFO] Manifest merging disabled. Using project manifest only
[INFO] /home/travis/build/square/dagger/android-sdk-linux/platform-tools/aapt [package, -m, -J, /home/travis/build/square/dagger/examples/android-activity-graphs/target/generated-sources/r, -M, /home/travis/build/square/dagger/examples/android-activity-graphs/AndroidManifest.xml, -S, /home/travis/build/square/dagger/examples/android-activity-graphs/res, --auto-add-overlay, -I, /home/travis/build/square/dagger/android-sdk-linux/platforms/android-16/android.jar]
[INFO] 
[INFO] --- maven-resources-plugin:2.6:resources (default-resources) @ android-activity-graphs ---
[INFO] Using 'UTF-8' encoding to copy filtered resources.
[INFO] skip non existing resourceDirectory /home/travis/build/square/dagger/examples/android-activity-graphs/src/main/resources
[INFO] skip non existing resourceDirectory /home/travis/build/square/dagger/examples/android-activity-graphs/target/generated-sources/extracted-dependencies/src/main/resources
[INFO] 
[INFO] --- maven-compiler-plugin:3.1:compile (default-compile) @ android-activity-graphs ---
[INFO] Changes detected - recompiling the module!
[INFO] Compiling 12 source files to /home/travis/build/square/dagger/examples/android-activity-graphs/target/classes
[WARNING] bootstrap class path not set in conjunction with -source 1.6
[WARNING] No processor claimed any of these annotations: com.example.dagger.activitygraphs.ForApplication,javax.inject.Qualifier,dagger.Provides,com.example.dagger.activitygraphs.ForActivity,javax.inject.Singleton
[INFO] 
[INFO] --- android-maven-plugin:3.6.0:proguard (default-proguard) @ android-activity-graphs ---
[INFO] 
[INFO] --- maven-resources-plugin:2.6:testResources (default-testResources) @ android-activity-graphs ---
[INFO] Using 'UTF-8' encoding to copy filtered resources.
[INFO] skip non existing resourceDirectory /home/travis/build/square/dagger/examples/android-activity-graphs/src/test/resources
[INFO] 
[INFO] --- maven-compiler-plugin:3.1:testCompile (default-testCompile) @ android-activity-graphs ---
[INFO] No sources to compile
[INFO] 
[INFO] --- maven-surefire-plugin:2.15:test (default-test) @ android-activity-graphs ---
[INFO] No tests to run.
[INFO] 
[INFO] --- android-maven-plugin:3.6.0:emma (default-emma) @ android-activity-graphs ---
[INFO] 
[INFO] --- android-maven-plugin:3.6.0:dex (default-dex) @ android-activity-graphs ---
[INFO] /usr/lib/jvm/java-7-openjdk-amd64/jre/bin/java [-Xmx1024M, -jar, /home/travis/build/square/dagger/android-sdk-linux/platform-tools/lib/dx.jar, --dex, --output=/home/travis/build/square/dagger/examples/android-activity-graphs/target/classes.dex, /home/travis/.m2/repository/com/google/android/support-v4/r7/support-v4-r7.jar, /home/travis/.m2/repository/javax/inject/javax.inject/1/javax.inject-1.jar, /home/travis/build/square/dagger/compiler/target/dagger-compiler-1.0.2-SNAPSHOT.jar, /home/travis/build/square/dagger/examples/android-activity-graphs/target/classes, /home/travis/.m2/repository/com/squareup/javawriter/1.0.5/javawriter-1.0.5.jar, /home/travis/build/square/dagger/core/target/dagger-1.0.2-SNAPSHOT.jar]
[INFO] 
[INFO] --- maven-jar-plugin:2.4:jar (default-jar) @ android-activity-graphs ---
[INFO] Building jar: /home/travis/build/square/dagger/examples/android-activity-graphs/target/android-activity-graphs-1.0.2-SNAPSHOT.jar
[INFO] 
[INFO] --- android-maven-plugin:3.6.0:apk (default-apk) @ android-activity-graphs ---
[INFO] Enabling debug build for apk.
[INFO] /home/travis/build/square/dagger/android-sdk-linux/platform-tools/aapt [package, -f, -M, /home/travis/build/square/dagger/examples/android-activity-graphs/AndroidManifest.xml, -S, /home/travis/build/square/dagger/examples/android-activity-graphs/res, --auto-add-overlay, -I, /home/travis/build/square/dagger/android-sdk-linux/platforms/android-16/android.jar, -F, /home/travis/build/square/dagger/examples/android-activity-graphs/target/android-activity-graphs-1.0.2-SNAPSHOT.ap_, --debug-mode]
[INFO] 
[INFO] --- android-maven-plugin:3.6.0:internal-pre-integration-test (default-internal-pre-integration-test) @ android-activity-graphs ---
[INFO] No InstrumentationRunner found - skipping tests
[INFO] 
[INFO] --- android-maven-plugin:3.6.0:internal-integration-test (default-internal-integration-test) @ android-activity-graphs ---
[INFO] No InstrumentationRunner found - skipping tests
[INFO] 
[INFO] --- maven-checkstyle-plugin:2.10:checkstyle (default) @ android-activity-graphs ---
[INFO] Starting audit...
Audit done.

[WARNING] Unable to locate Source XRef to link to - DISABLED
[INFO] ------------------------------------------------------------------------
[INFO] Reactor Summary:
[INFO] 
[INFO] Dagger (Parent) ................................... SUCCESS [1.327s]
[INFO] Dagger ............................................ SUCCESS [9.223s]
[INFO] Dagger Compiler ................................... SUCCESS [4:41.306s]
[INFO] Examples .......................................... SUCCESS [0.009s]
[INFO] Examples: Simple .................................. SUCCESS [2.852s]
[INFO] Examples: Android - Simple ........................ SUCCESS [14.835s]
[INFO] Examples: Android - Activity Graphs ............... SUCCESS [11.498s]
[INFO] ------------------------------------------------------------------------
[INFO] BUILD SUCCESS
[INFO] ------------------------------------------------------------------------
[INFO] Total time: 5:23.244s
[INFO] Finished at: Fri Jun 14 00:18:43 UTC 2013
[INFO] Final Memory: 38M/186M
[INFO] ------------------------------------------------------------------------

The command "mvn verify" exited with 0.

Done. Your build exited with 0.
