Using worker: worker-linux-3-1.bb.travis-ci.org:travis-linux-4

travis_fold:start:git.1$ git clone --depth=50 git://github.com/square/dagger.git square/dagger
Cloning into 'square/dagger'...
remote: Counting objects: 2108, done.[K
remote: Compressing objects:   0% (1/1214)   [Kremote: Compressing objects:   1% (13/1214)   [Kremote: Compressing objects:   2% (25/1214)   [Kremote: Compressing objects:   3% (37/1214)   [Kremote: Compressing objects:   4% (49/1214)   [Kremote: Compressing objects:   5% (61/1214)   [Kremote: Compressing objects:   6% (73/1214)   [Kremote: Compressing objects:   7% (85/1214)   [Kremote: Compressing objects:   8% (98/1214)   [Kremote: Compressing objects:   9% (110/1214)   [Kremote: Compressing objects:  10% (122/1214)   [Kremote: Compressing objects:  11% (134/1214)   [Kremote: Compressing objects:  12% (146/1214)   [Kremote: Compressing objects:  13% (158/1214)   [Kremote: Compressing objects:  14% (170/1214)   [Kremote: Compressing objects:  15% (183/1214)   [Kremote: Compressing objects:  16% (195/1214)   [Kremote: Compressing objects:  17% (207/1214)   [Kremote: Compressing objects:  18% (219/1214)   [Kremote: Compressing objects:  19% (231/1214)   [Kremote: Compressing objects:  20% (243/1214)   [Kremote: Compressing objects:  21% (255/1214)   [Kremote: Compressing objects:  22% (268/1214)   [Kremote: Compressing objects:  23% (280/1214)   [Kremote: Compressing objects:  24% (292/1214)   [Kremote: Compressing objects:  25% (304/1214)   [Kremote: Compressing objects:  26% (316/1214)   [Kremote: Compressing objects:  27% (328/1214)   [Kremote: Compressing objects:  28% (340/1214)   [Kremote: Compressing objects:  29% (353/1214)   [Kremote: Compressing objects:  30% (365/1214)   [Kremote: Compressing objects:  31% (377/1214)   [Kremote: Compressing objects:  32% (389/1214)   [Kremote: Compressing objects:  33% (401/1214)   [Kremote: Compressing objects:  34% (413/1214)   [Kremote: Compressing objects:  35% (425/1214)   [Kremote: Compressing objects:  36% (438/1214)   [Kremote: Compressing objects:  37% (450/1214)   [Kremote: Compressing objects:  38% (462/1214)   [Kremote: Compressing objects:  39% (474/1214)   [Kremote: Compressing objects:  40% (486/1214)   [Kremote: Compressing objects:  41% (498/1214)   [Kremote: Compressing objects:  42% (510/1214)   [Kremote: Compressing objects:  43% (523/1214)   [Kremote: Compressing objects:  44% (535/1214)   [Kremote: Compressing objects:  45% (547/1214)   [Kremote: Compressing objects:  46% (559/1214)   [Kremote: Compressing objects:  47% (571/1214)   [Kremote: Compressing objects:  48% (583/1214)   [Kremote: Compressing objects:  49% (595/1214)   [Kremote: Compressing objects:  50% (607/1214)   [Kremote: Compressing objects:  51% (620/1214)   [Kremote: Compressing objects:  52% (632/1214)   [Kremote: Compressing objects:  53% (644/1214)   [Kremote: Compressing objects:  54% (656/1214)   [Kremote: Compressing objects:  55% (668/1214)   [Kremote: Compressing objects:  56% (680/1214)   [Kremote: Compressing objects:  57% (692/1214)   [Kremote: Compressing objects:  58% (705/1214)   [Kremote: Compressing objects:  59% (717/1214)   [Kremote: Compressing objects:  60% (729/1214)   [Kremote: Compressing objects:  61% (741/1214)   [Kremote: Compressing objects:  62% (753/1214)   [Kremote: Compressing objects:  63% (765/1214)   [Kremote: Compressing objects:  64% (777/1214)   [Kremote: Compressing objects:  65% (790/1214)   [Kremote: Compressing objects:  66% (802/1214)   [Kremote: Compressing objects:  67% (814/1214)   [Kremote: Compressing objects:  68% (826/1214)   [Kremote: Compressing objects:  69% (838/1214)   [Kremote: Compressing objects:  70% (850/1214)   [Kremote: Compressing objects:  71% (862/1214)   [Kremote: Compressing objects:  72% (875/1214)   [Kremote: Compressing objects:  73% (887/1214)   [Kremote: Compressing objects:  74% (899/1214)   [Kremote: Compressing objects:  75% (911/1214)   [Kremote: Compressing objects:  76% (923/1214)   [Kremote: Compressing objects:  77% (935/1214)   [Kremote: Compressing objects:  78% (947/1214)   [Kremote: Compressing objects:  79% (960/1214)   [Kremote: Compressing objects:  80% (972/1214)   [Kremote: Compressing objects:  81% (984/1214)   [Kremote: Compressing objects:  82% (996/1214)   [Kremote: Compressing objects:  83% (1008/1214)   [Kremote: Compressing objects:  84% (1020/1214)   [Kremote: Compressing objects:  85% (1032/1214)   [Kremote: Compressing objects:  86% (1045/1214)   [Kremote: Compressing objects:  87% (1057/1214)   [Kremote: Compressing objects:  88% (1069/1214)   [Kremote: Compressing objects:  89% (1081/1214)   [Kremote: Compressing objects:  90% (1093/1214)   [Kremote: Compressing objects:  91% (1105/1214)   [Kremote: Compressing objects:  92% (1117/1214)   [Kremote: Compressing objects:  93% (1130/1214)   [Kremote: Compressing objects:  94% (1142/1214)   [Kremote: Compressing objects:  95% (1154/1214)   [Kremote: Compressing objects:  96% (1166/1214)   [Kremote: Compressing objects:  97% (1178/1214)   [Kremote: Compressing objects:  98% (1190/1214)   [Kremote: Compressing objects:  99% (1202/1214)   [Kremote: Compressing objects: 100% (1214/1214)   [Kremote: Compressing objects: 100% (1214/1214), done.[K
Receiving objects:   0% (1/2108)   Receiving objects:   1% (22/2108)   Receiving objects:   2% (43/2108)   Receiving objects:   3% (64/2108)   Receiving objects:   4% (85/2108)   Receiving objects:   5% (106/2108)   Receiving objects:   6% (127/2108)   Receiving objects:   7% (148/2108)   Receiving objects:   8% (169/2108)   Receiving objects:   9% (190/2108)   Receiving objects:  10% (211/2108)   Receiving objects:  11% (232/2108)   Receiving objects:  12% (253/2108)   Receiving objects:  13% (275/2108)   Receiving objects:  14% (296/2108)   Receiving objects:  15% (317/2108)   Receiving objects:  16% (338/2108)   Receiving objects:  17% (359/2108)   Receiving objects:  18% (380/2108)   Receiving objects:  19% (401/2108)   Receiving objects:  20% (422/2108)   Receiving objects:  21% (443/2108)   Receiving objects:  22% (464/2108)   Receiving objects:  23% (485/2108)   Receiving objects:  24% (506/2108)   Receiving objects:  25% (527/2108)   Receiving objects:  26% (549/2108)   Receiving objects:  27% (570/2108)   Receiving objects:  28% (591/2108)   Receiving objects:  29% (612/2108)   Receiving objects:  30% (633/2108)   Receiving objects:  31% (654/2108)   Receiving objects:  32% (675/2108)   Receiving objects:  33% (696/2108)   Receiving objects:  34% (717/2108)   Receiving objects:  35% (738/2108)   Receiving objects:  36% (759/2108)   Receiving objects:  37% (780/2108)   Receiving objects:  38% (802/2108)   Receiving objects:  39% (823/2108)   Receiving objects:  40% (844/2108)   Receiving objects:  41% (865/2108)   Receiving objects:  42% (886/2108)   Receiving objects:  43% (907/2108)   Receiving objects:  44% (928/2108)   Receiving objects:  45% (949/2108)   Receiving objects:  46% (970/2108)   Receiving objects:  47% (991/2108)   Receiving objects:  48% (1012/2108)   Receiving objects:  49% (1033/2108)   Receiving objects:  50% (1054/2108)   Receiving objects:  51% (1076/2108)   Receiving objects:  52% (1097/2108)   Receiving objects:  53% (1118/2108)   Receiving objects:  54% (1139/2108)   Receiving objects:  55% (1160/2108)   Receiving objects:  56% (1181/2108)   Receiving objects:  57% (1202/2108)   Receiving objects:  58% (1223/2108)   Receiving objects:  59% (1244/2108)   Receiving objects:  60% (1265/2108)   Receiving objects:  61% (1286/2108)   Receiving objects:  62% (1307/2108)   Receiving objects:  63% (1329/2108)   Receiving objects:  64% (1350/2108)   Receiving objects:  65% (1371/2108)   Receiving objects:  66% (1392/2108)   Receiving objects:  67% (1413/2108)   Receiving objects:  68% (1434/2108)   Receiving objects:  69% (1455/2108)   Receiving objects:  70% (1476/2108)   Receiving objects:  71% (1497/2108)   Receiving objects:  72% (1518/2108)   Receiving objects:  73% (1539/2108)   remote: Total 2108 (delta 734), reused 1702 (delta 400)[K
Receiving objects:  74% (1560/2108)   Receiving objects:  75% (1581/2108)   Receiving objects:  76% (1603/2108)   Receiving objects:  77% (1624/2108)   Receiving objects:  78% (1645/2108)   Receiving objects:  79% (1666/2108)   Receiving objects:  80% (1687/2108)   Receiving objects:  81% (1708/2108)   Receiving objects:  82% (1729/2108)   Receiving objects:  83% (1750/2108)   Receiving objects:  84% (1771/2108)   Receiving objects:  85% (1792/2108)   Receiving objects:  86% (1813/2108)   Receiving objects:  87% (1834/2108)   Receiving objects:  88% (1856/2108)   Receiving objects:  89% (1877/2108)   Receiving objects:  90% (1898/2108)   Receiving objects:  91% (1919/2108)   Receiving objects:  92% (1940/2108)   Receiving objects:  93% (1961/2108)   Receiving objects:  94% (1982/2108)   Receiving objects:  95% (2003/2108)   Receiving objects:  96% (2024/2108)   Receiving objects:  97% (2045/2108)   Receiving objects:  98% (2066/2108)   Receiving objects:  99% (2087/2108)   Receiving objects: 100% (2108/2108)   Receiving objects: 100% (2108/2108), 582.30 KiB | 0 bytes/s, done.
Resolving deltas:   0% (0/734)   Resolving deltas:   4% (30/734)   Resolving deltas:  12% (89/734)   Resolving deltas:  13% (99/734)   Resolving deltas:  14% (105/734)   Resolving deltas:  15% (114/734)   Resolving deltas:  16% (118/734)   Resolving deltas:  22% (163/734)   Resolving deltas:  23% (170/734)   Resolving deltas:  25% (187/734)   Resolving deltas:  26% (198/734)   Resolving deltas:  27% (199/734)   Resolving deltas:  28% (207/734)   Resolving deltas:  29% (213/734)   Resolving deltas:  30% (224/734)   Resolving deltas:  31% (228/734)   Resolving deltas:  33% (247/734)   Resolving deltas:  34% (254/734)   Resolving deltas:  35% (257/734)   Resolving deltas:  40% (300/734)   Resolving deltas:  41% (305/734)   Resolving deltas:  43% (316/734)   Resolving deltas:  44% (324/734)   Resolving deltas:  45% (332/734)   Resolving deltas:  46% (338/734)   Resolving deltas:  47% (345/734)   Resolving deltas:  48% (353/734)   Resolving deltas:  49% (361/734)   Resolving deltas:  50% (369/734)   Resolving deltas:  51% (378/734)   Resolving deltas:  52% (382/734)   Resolving deltas:  53% (390/734)   Resolving deltas:  54% (402/734)   Resolving deltas:  55% (404/734)   Resolving deltas:  57% (420/734)   Resolving deltas:  58% (430/734)   Resolving deltas:  59% (434/734)   Resolving deltas:  60% (444/734)   Resolving deltas:  61% (448/734)   Resolving deltas:  63% (463/734)   Resolving deltas:  64% (470/734)   Resolving deltas:  65% (478/734)   Resolving deltas:  66% (490/734)   Resolving deltas:  67% (492/734)   Resolving deltas:  72% (531/734)   Resolving deltas:  73% (542/734)   Resolving deltas:  74% (544/734)   Resolving deltas:  75% (551/734)   Resolving deltas:  76% (559/734)   Resolving deltas:  77% (570/734)   Resolving deltas:  80% (588/734)   Resolving deltas:  82% (603/734)   Resolving deltas:  85% (624/734)   Resolving deltas:  86% (632/734)   Resolving deltas:  88% (647/734)   Resolving deltas:  89% (656/734)   Resolving deltas:  90% (665/734)   Resolving deltas:  94% (693/734)   Resolving deltas:  97% (713/734)   Resolving deltas:  98% (725/734)   Resolving deltas:  99% (728/734)   Resolving deltas: 100% (734/734)   Resolving deltas: 100% (734/734), done.
travis_fold:end:git.1$ cd square/dagger
travis_fold:start:git.2$ git fetch origin +refs/pull/295/merge: 
remote: Counting objects: 6, done.[K
remote: Compressing objects:  25% (1/4)   [Kremote: Compressing objects:  50% (2/4)   [Kremote: Compressing objects:  75% (3/4)   [Kremote: Compressing objects: 100% (4/4)   [Kremote: Compressing objects: 100% (4/4), done.[K
remote: Total 4 (delta 2), reused 2 (delta 0)[K
Unpacking objects:  25% (1/4)   Unpacking objects:  50% (2/4)   Unpacking objects:  75% (3/4)   Unpacking objects: 100% (4/4)   Unpacking objects: 100% (4/4), done.
From git://github.com/square/dagger
 * branch            refs/pull/295/merge -> FETCH_HEAD
travis_fold:end:git.2travis_fold:start:git.3$ git checkout -qf FETCH_HEAD
travis_fold:end:git.3$ jdk_switcher use openjdk7
Switching to OpenJDK7 (java-1.7.0-openjdk-amd64), JAVA_HOME will be set to /usr/lib/jvm/java-7-openjdk-amd64
update-alternatives: error: no alternatives for apt.
update-java-alternatives: plugin alternative does not exist: /usr/lib/jvm/java-7-openjdk-amd64/jre/lib/amd64/IcedTeaPlugin.so
$ java -version
java version "1.7.0_21"
OpenJDK Runtime Environment (IcedTea 2.3.9) (7u21-2.3.9-0ubuntu0.12.04.1)
OpenJDK 64-Bit Server VM (build 23.7-b01, mixed mode)
$ javac -version
javac 1.7.0_21
travis_fold:start:before_install.1$ sudo apt-get update -qq
travis_fold:end:before_install.1travis_fold:start:before_install.2$ if [ `uname -m` = x86_64 ]; then sudo apt-get install -qq --force-yes libgd2-xpm ia32-libs ia32-libs-multiarch; fi
Extracting templates from packages: 10%Extracting templates from packages: 21%Extracting templates from packages: 32%Extracting templates from packages: 43%Extracting templates from packages: 54%Extracting templates from packages: 65%Extracting templates from packages: 76%Extracting templates from packages: 87%Extracting templates from packages: 98%Extracting templates from packages: 100%
Preconfiguring packages ...
dpkg: libgd2-noxpm: dependency problems, but removing anyway as you requested:
 libgvc5 depends on libgd2-noxpm (>= 2.0.36~rc1~dfsg) | libgd2-xpm (>= 2.0.36~rc1~dfsg); however:
  Package libgd2-noxpm is to be removed.
  Package libgd2-xpm is not installed.
(Reading database ... (Reading database ... 5%(Reading database ... 10%(Reading database ... 15%(Reading database ... 20%(Reading database ... 25%(Reading database ... 30%(Reading database ... 35%(Reading database ... 40%(Reading database ... 45%(Reading database ... 50%(Reading database ... 55%(Reading database ... 60%(Reading database ... 65%(Reading database ... 70%(Reading database ... 75%(Reading database ... 80%(Reading database ... 85%(Reading database ... 90%(Reading database ... 95%(Reading database ... 100%(Reading database ... 63502 files and directories currently installed.)
Removing libgd2-noxpm ...
Processing triggers for libc-bin ...
ldconfig deferred processing now taking place
Selecting previously unselected package libgd2-xpm.
(Reading database ... (Reading database ... 5%(Reading database ... 10%(Reading database ... 15%(Reading database ... 20%(Reading database ... 25%(Reading database ... 30%(Reading database ... 35%(Reading database ... 40%(Reading database ... 45%(Reading database ... 50%(Reading database ... 55%(Reading database ... 60%(Reading database ... 65%(Reading database ... 70%(Reading database ... 75%(Reading database ... 80%(Reading database ... 85%(Reading database ... 90%(Reading database ... 95%(Reading database ... 100%(Reading database ... 63493 files and directories currently installed.)
Unpacking libgd2-xpm (from .../libgd2-xpm_2.0.36~rc1~dfsg-6ubuntu2_amd64.deb) ...
Selecting previously unselected package libgd2-xpm:i386.
Unpacking libgd2-xpm:i386 (from .../libgd2-xpm_2.0.36~rc1~dfsg-6ubuntu2_i386.deb) ...
Setting up libgd2-xpm (2.0.36~rc1~dfsg-6ubuntu2) ...
Processing triggers for libc-bin ...
ldconfig deferred processing now taking place
Selecting previously unselected package libc6:i386.
(Reading database ... (Reading database ... 5%(Reading database ... 10%(Reading database ... 15%(Reading database ... 20%(Reading database ... 25%(Reading database ... 30%(Reading database ... 35%(Reading database ... 40%(Reading database ... 45%(Reading database ... 50%(Reading database ... 55%(Reading database ... 60%(Reading database ... 65%(Reading database ... 70%(Reading database ... 75%(Reading database ... 80%(Reading database ... 85%(Reading database ... 90%(Reading database ... 95%(Reading database ... 100%(Reading database ... 63505 files and directories currently installed.)
Unpacking libc6:i386 (from .../libc6_2.15-0ubuntu10.4_i386.deb) ...
Selecting previously unselected package libgcc1:i386.
Unpacking libgcc1:i386 (from .../libgcc1_1%3a4.6.3-1ubuntu5_i386.deb) ...
Selecting previously unselected package gcc-4.6-base:i386.
Unpacking gcc-4.6-base:i386 (from .../gcc-4.6-base_4.6.3-1ubuntu5_i386.deb) ...
Setting up gcc-4.6-base:i386 (4.6.3-1ubuntu5) ...
Setting up libc6:i386 (2.15-0ubuntu10.4) ...
Setting up libgcc1:i386 (1:4.6.3-1ubuntu5) ...
Processing triggers for libc-bin ...
ldconfig deferred processing now taking place
Selecting previously unselected package libfontconfig1:i386.
(Reading database ... (Reading database ... 5%(Reading database ... 10%(Reading database ... 15%(Reading database ... 20%(Reading database ... 25%(Reading database ... 30%(Reading database ... 35%(Reading database ... 40%(Reading database ... 45%(Reading database ... 50%(Reading database ... 55%(Reading database ... 60%(Reading database ... 65%(Reading database ... 70%(Reading database ... 75%(Reading database ... 80%(Reading database ... 85%(Reading database ... 90%(Reading database ... 95%(Reading database ... 100%(Reading database ... 63812 files and directories currently installed.)
Unpacking libfontconfig1:i386 (from .../libfontconfig1_2.8.0-3ubuntu9.1_i386.deb) ...
Selecting previously unselected package libexpat1:i386.
Unpacking libexpat1:i386 (from .../libexpat1_2.0.1-7.2ubuntu1.1_i386.deb) ...
Setting up libexpat1:i386 (2.0.1-7.2ubuntu1.1) ...
Processing triggers for libc-bin ...
ldconfig deferred processing now taking place
Selecting previously unselected package libfreetype6:i386.
(Reading database ... (Reading database ... 5%(Reading database ... 10%(Reading database ... 15%(Reading database ... 20%(Reading database ... 25%(Reading database ... 30%(Reading database ... 35%(Reading database ... 40%(Reading database ... 45%(Reading database ... 50%(Reading database ... 55%(Reading database ... 60%(Reading database ... 65%(Reading database ... 70%(Reading database ... 75%(Reading database ... 80%(Reading database ... 85%(Reading database ... 90%(Reading database ... 95%(Reading database ... 100%(Reading database ... 63818 files and directories currently installed.)
Unpacking libfreetype6:i386 (from .../libfreetype6_2.4.8-1ubuntu2.1_i386.deb) ...
Selecting previously unselected package zlib1g:i386.
Unpacking zlib1g:i386 (from .../zlib1g_1%3a1.2.3.4.dfsg-3ubuntu4_i386.deb) ...
Setting up zlib1g:i386 (1:1.2.3.4.dfsg-3ubuntu4) ...
Setting up libfreetype6:i386 (2.4.8-1ubuntu2.1) ...
Setting up libfontconfig1:i386 (2.8.0-3ubuntu9.1) ...
Processing triggers for libc-bin ...
ldconfig deferred processing now taking place
Selecting previously unselected package libjpeg8:i386.
(Reading database ... (Reading database ... 5%(Reading database ... 10%(Reading database ... 15%(Reading database ... 20%(Reading database ... 25%(Reading database ... 30%(Reading database ... 35%(Reading database ... 40%(Reading database ... 45%(Reading database ... 50%(Reading database ... 55%(Reading database ... 60%(Reading database ... 65%(Reading database ... 70%(Reading database ... 75%(Reading database ... 80%(Reading database ... 85%(Reading database ... 90%(Reading database ... 95%(Reading database ... 100%(Reading database ... 63822 files and directories currently installed.)
Unpacking libjpeg8:i386 (from .../libjpeg8_8c-2ubuntu7_i386.deb) ...
Selecting previously unselected package libjpeg-turbo8:i386.
Unpacking libjpeg-turbo8:i386 (from .../libjpeg-turbo8_1.1.90+svn733-0ubuntu4.1_i386.deb) ...
Setting up libjpeg-turbo8:i386 (1.1.90+svn733-0ubuntu4.1) ...
Setting up libjpeg8:i386 (8c-2ubuntu7) ...
Processing triggers for libc-bin ...
ldconfig deferred processing now taking place
Selecting previously unselected package libpng12-0:i386.
(Reading database ... (Reading database ... 5%(Reading database ... 10%(Reading database ... 15%(Reading database ... 20%(Reading database ... 25%(Reading database ... 30%(Reading database ... 35%(Reading database ... 40%(Reading database ... 45%(Reading database ... 50%(Reading database ... 55%(Reading database ... 60%(Reading database ... 65%(Reading database ... 70%(Reading database ... 75%(Reading database ... 80%(Reading database ... 85%(Reading database ... 90%(Reading database ... 95%(Reading database ... 100%(Reading database ... 63824 files and directories currently installed.)
Unpacking libpng12-0:i386 (from .../libpng12-0_1.2.46-3ubuntu4_i386.deb) ...
Setting up libpng12-0:i386 (1.2.46-3ubuntu4) ...
Processing triggers for libc-bin ...
ldconfig deferred processing now taking place
Selecting previously unselected package libxpm4:i386.
(Reading database ... (Reading database ... 5%(Reading database ... 10%(Reading database ... 15%(Reading database ... 20%(Reading database ... 25%(Reading database ... 30%(Reading database ... 35%(Reading database ... 40%(Reading database ... 45%(Reading database ... 50%(Reading database ... 55%(Reading database ... 60%(Reading database ... 65%(Reading database ... 70%(Reading database ... 75%(Reading database ... 80%(Reading database ... 85%(Reading database ... 90%(Reading database ... 95%(Reading database ... 100%(Reading database ... 63826 files and directories currently installed.)
Unpacking libxpm4:i386 (from .../libxpm4_1%3a3.5.9-4_i386.deb) ...
Selecting previously unselected package libx11-6:i386.
Unpacking libx11-6:i386 (from .../libx11-6_2%3a1.4.99.1-0ubuntu2.1_i386.deb) ...
Selecting previously unselected package libxcb1:i386.
Unpacking libxcb1:i386 (from .../libxcb1_1.8.1-1ubuntu0.2_i386.deb) ...
Selecting previously unselected package libxau6:i386.
Unpacking libxau6:i386 (from .../libxau6_1%3a1.0.6-4_i386.deb) ...
Setting up libxau6:i386 (1:1.0.6-4) ...
Processing triggers for libc-bin ...
ldconfig deferred processing now taking place
Selecting previously unselected package libxdmcp6:i386.
(Reading database ... (Reading database ... 5%(Reading database ... 10%(Reading database ... 15%(Reading database ... 20%(Reading database ... 25%(Reading database ... 30%(Reading database ... 35%(Reading database ... 40%(Reading database ... 45%(Reading database ... 50%(Reading database ... 55%(Reading database ... 60%(Reading database ... 65%(Reading database ... 70%(Reading database ... 75%(Reading database ... 80%(Reading database ... 85%(Reading database ... 90%(Reading database ... 95%(Reading database ... 100%(Reading database ... 63834 files and directories currently installed.)
Unpacking libxdmcp6:i386 (from .../libxdmcp6_1%3a1.1.0-4_i386.deb) ...
Setting up libxdmcp6:i386 (1:1.1.0-4) ...
Setting up libxcb1:i386 (1.8.1-1ubuntu0.2) ...
Setting up libx11-6:i386 (2:1.4.99.1-0ubuntu2.1) ...
Setting up libxpm4:i386 (1:3.5.9-4) ...
Setting up libgd2-xpm:i386 (2.0.36~rc1~dfsg-6ubuntu2) ...
Processing triggers for libc-bin ...
ldconfig deferred processing now taking place
(Reading database ... (Reading database ... 5%(Reading database ... 10%(Reading database ... 15%(Reading database ... 20%(Reading database ... 25%(Reading database ... 30%(Reading database ... 35%(Reading database ... 40%(Reading database ... 45%(Reading database ... 50%(Reading database ... 55%(Reading database ... 60%(Reading database ... 65%(Reading database ... 70%(Reading database ... 75%(Reading database ... 80%(Reading database ... 85%(Reading database ... 90%(Reading database ... 95%(Reading database ... 100%(Reading database ... 63836 files and directories currently installed.)
Preparing to replace libssl-dev 1.0.1-4ubuntu5.9 (using .../libssl-dev_1.0.1-4ubuntu5.10_amd64.deb) ...
Unpacking replacement libssl-dev ...
Preparing to replace libssl1.0.0 1.0.1-4ubuntu5.9 (using .../libssl1.0.0_1.0.1-4ubuntu5.10_amd64.deb) ...
Unpacking replacement libssl1.0.0 ...
Selecting previously unselected package libssl1.0.0:i386.
Unpacking libssl1.0.0:i386 (from .../libssl1.0.0_1.0.1-4ubuntu5.10_i386.deb) ...
Setting up libssl1.0.0 (1.0.1-4ubuntu5.10) ...
Setting up libssl1.0.0:i386 (1.0.1-4ubuntu5.10) ...
Processing triggers for libc-bin ...
ldconfig deferred processing now taking place
Selecting previously unselected package libsqlite3-0:i386.
(Reading database ... (Reading database ... 5%(Reading database ... 10%(Reading database ... 15%(Reading database ... 20%(Reading database ... 25%(Reading database ... 30%(Reading database ... 35%(Reading database ... 40%(Reading database ... 45%(Reading database ... 50%(Reading database ... 55%(Reading database ... 60%(Reading database ... 65%(Reading database ... 70%(Reading database ... 75%(Reading database ... 80%(Reading database ... 85%(Reading database ... 90%(Reading database ... 95%(Reading database ... 100%(Reading database ... 63852 files and directories currently installed.)
Unpacking libsqlite3-0:i386 (from .../libsqlite3-0_3.7.9-2ubuntu1.1_i386.deb) ...
Selecting previously unselected package libssl0.9.8:i386.
Unpacking libssl0.9.8:i386 (from .../libssl0.9.8_0.9.8o-7ubuntu3.1_i386.deb) ...
Selecting previously unselected package libstdc++6:i386.
Unpacking libstdc++6:i386 (from .../libstdc++6_4.6.3-1ubuntu5_i386.deb) ...
Selecting previously unselected package libusb-0.1-4:i386.
Unpacking libusb-0.1-4:i386 (from .../libusb-0.1-4_2%3a0.1.12-20_i386.deb) ...
Selecting previously unselected package libattr1:i386.
Unpacking libattr1:i386 (from .../libattr1_1%3a2.4.46-5ubuntu1_i386.deb) ...
Selecting previously unselected package libacl1:i386.
Unpacking libacl1:i386 (from .../libacl1_2.2.51-5ubuntu1_i386.deb) ...
Selecting previously unselected package libbz2-1.0:i386.
Unpacking libbz2-1.0:i386 (from .../libbz2-1.0_1.0.6-1_i386.deb) ...
Selecting previously unselected package libcomerr2:i386.
Unpacking libcomerr2:i386 (from .../libcomerr2_1.42-1ubuntu2_i386.deb) ...
Selecting previously unselected package libdb5.1:i386.
Unpacking libdb5.1:i386 (from .../libdb5.1_5.1.25-11build1_i386.deb) ...
Selecting previously unselected package libdbus-1-3:i386.
Unpacking libdbus-1-3:i386 (from .../libdbus-1-3_1.4.18-1ubuntu1.4_i386.deb) ...
Preparing to replace libdrm-dev 2.4.43-0ubuntu0.0.1 (using .../libdrm-dev_2.4.43-0ubuntu0.0.2_amd64.deb) ...
Unpacking replacement libdrm-dev ...
Preparing to replace libdrm2 2.4.43-0ubuntu0.0.1 (using .../libdrm2_2.4.43-0ubuntu0.0.2_amd64.deb) ...
Unpacking replacement libdrm2 ...
Preparing to replace libdrm-radeon1 2.4.43-0ubuntu0.0.1 (using .../libdrm-radeon1_2.4.43-0ubuntu0.0.2_amd64.deb) ...
Unpacking replacement libdrm-radeon1 ...
Preparing to replace libdrm-nouveau1a 2.4.43-0ubuntu0.0.1 (using .../libdrm-nouveau1a_2.4.43-0ubuntu0.0.2_amd64.deb) ...
Unpacking replacement libdrm-nouveau1a ...
Preparing to replace libdrm-nouveau2 2.4.43-0ubuntu0.0.1 (using .../libdrm-nouveau2_2.4.43-0ubuntu0.0.2_amd64.deb) ...
Unpacking replacement libdrm-nouveau2 ...
Preparing to replace libkms1 2.4.43-0ubuntu0.0.1 (using .../libkms1_2.4.43-0ubuntu0.0.2_amd64.deb) ...
Unpacking replacement libkms1 ...
Preparing to replace libdrm-intel1 2.4.43-0ubuntu0.0.1 (using .../libdrm-intel1_2.4.43-0ubuntu0.0.2_amd64.deb) ...
Unpacking replacement libdrm-intel1 ...
Selecting previously unselected package libdrm2:i386.
Unpacking libdrm2:i386 (from .../libdrm2_2.4.43-0ubuntu0.0.2_i386.deb) ...
Selecting previously unselected package libpciaccess0:i386.
Unpacking libpciaccess0:i386 (from .../libpciaccess0_0.12.902-1ubuntu0.2_i386.deb) ...
Selecting previously unselected package libdrm-intel1:i386.
Unpacking libdrm-intel1:i386 (from .../libdrm-intel1_2.4.43-0ubuntu0.0.2_i386.deb) ...
Selecting previously unselected package libdrm-nouveau1a:i386.
Unpacking libdrm-nouveau1a:i386 (from .../libdrm-nouveau1a_2.4.43-0ubuntu0.0.2_i386.deb) ...
Selecting previously unselected package libdrm-radeon1:i386.
Unpacking libdrm-radeon1:i386 (from .../libdrm-radeon1_2.4.43-0ubuntu0.0.2_i386.deb) ...
Selecting previously unselected package libffi6:i386.
Unpacking libffi6:i386 (from .../libffi6_3.0.11~rc1-5_i386.deb) ...
Selecting previously unselected package libpcre3:i386.
Unpacking libpcre3:i386 (from .../libpcre3_8.12-4_i386.deb) ...
Selecting previously unselected package libselinux1:i386.
Unpacking libselinux1:i386 (from .../libselinux1_2.1.0-4.1ubuntu1_i386.deb) ...
Selecting previously unselected package libglib2.0-0:i386.
Unpacking libglib2.0-0:i386 (from .../libglib2.0-0_2.32.3-0ubuntu1_i386.deb) ...
Selecting previously unselected package libtinfo5:i386.
Unpacking libtinfo5:i386 (from .../libtinfo5_5.9-4_i386.deb) ...
Processing triggers for man-db ...
Processing triggers for libglib2.0-0 ...
Setting up libtinfo5:i386 (5.9-4) ...
Processing triggers for libc-bin ...
ldconfig deferred processing now taking place
Selecting previously unselected package libncurses5:i386.
(Reading database ... (Reading database ... 5%(Reading database ... 10%(Reading database ... 15%(Reading database ... 20%(Reading database ... 25%(Reading database ... 30%(Reading database ... 35%(Reading database ... 40%(Reading database ... 45%(Reading database ... 50%(Reading database ... 55%(Reading database ... 60%(Reading database ... 65%(Reading database ... 70%(Reading database ... 75%(Reading database ... 80%(Reading database ... 85%(Reading database ... 90%(Reading database ... 95%(Reading database ... 100%(Reading database ... 63924 files and directories currently installed.)
Unpacking libncurses5:i386 (from .../libncurses5_5.9-4_i386.deb) ...
Selecting previously unselected package libncursesw5:i386.
Unpacking libncursesw5:i386 (from .../libncursesw5_5.9-4_i386.deb) ...
Selecting previously unselected package libslang2:i386.
Unpacking libslang2:i386 (from .../libslang2_2.2.4-3ubuntu1_i386.deb) ...
Selecting previously unselected package libudev0:i386.
Unpacking libudev0:i386 (from .../libudev0_175-0ubuntu9.3_i386.deb) ...
Selecting previously unselected package libuuid1:i386.
Unpacking libuuid1:i386 (from .../libuuid1_2.20.1-1ubuntu3_i386.deb) ...
Selecting previously unselected package libroken18-heimdal:i386.
Unpacking libroken18-heimdal:i386 (from .../libroken18-heimdal_1.6~git20120311.dfsg.1-2_i386.deb) ...
Selecting previously unselected package libasn1-8-heimdal:i386.
Unpacking libasn1-8-heimdal:i386 (from .../libasn1-8-heimdal_1.6~git20120311.dfsg.1-2_i386.deb) ...
Selecting previously unselected package libdbus-glib-1-2:i386.
Unpacking libdbus-glib-1-2:i386 (from .../libdbus-glib-1-2_0.98-1ubuntu1.1_i386.deb) ...
Selecting previously unselected package libgpg-error0:i386.
Unpacking libgpg-error0:i386 (from .../libgpg-error0_1.10-2ubuntu1_i386.deb) ...
Selecting previously unselected package libgcrypt11:i386.
Unpacking libgcrypt11:i386 (from .../libgcrypt11_1.5.0-3ubuntu0.1_i386.deb) ...
Selecting previously unselected package libgdbm3:i386.
Unpacking libgdbm3:i386 (from .../libgdbm3_1.8.3-10_i386.deb) ...
Selecting previously unselected package libp11-kit0:i386.
Unpacking libp11-kit0:i386 (from .../libp11-kit0_0.12-2ubuntu1_i386.deb) ...
Selecting previously unselected package libtasn1-3:i386.
Unpacking libtasn1-3:i386 (from .../libtasn1-3_2.10-1ubuntu1.1_i386.deb) ...
Selecting previously unselected package libgnutls26:i386.
Unpacking libgnutls26:i386 (from .../libgnutls26_2.12.14-5ubuntu3.4_i386.deb) ...
Selecting previously unselected package libkrb5support0:i386.
Unpacking libkrb5support0:i386 (from .../libkrb5support0_1.10+dfsg~beta1-2ubuntu0.3_i386.deb) ...
Selecting previously unselected package libk5crypto3:i386.
Unpacking libk5crypto3:i386 (from .../libk5crypto3_1.10+dfsg~beta1-2ubuntu0.3_i386.deb) ...
Selecting previously unselected package libkeyutils1:i386.
Unpacking libkeyutils1:i386 (from .../libkeyutils1_1.5.2-2_i386.deb) ...
Selecting previously unselected package libkrb5-3:i386.
Unpacking libkrb5-3:i386 (from .../libkrb5-3_1.10+dfsg~beta1-2ubuntu0.3_i386.deb) ...
Selecting previously unselected package libgssapi-krb5-2:i386.
Unpacking libgssapi-krb5-2:i386 (from .../libgssapi-krb5-2_1.10+dfsg~beta1-2ubuntu0.3_i386.deb) ...
Selecting previously unselected package libhcrypto4-heimdal:i386.
Unpacking libhcrypto4-heimdal:i386 (from .../libhcrypto4-heimdal_1.6~git20120311.dfsg.1-2_i386.deb) ...
Selecting previously unselected package libheimbase1-heimdal:i386.
Unpacking libheimbase1-heimdal:i386 (from .../libheimbase1-heimdal_1.6~git20120311.dfsg.1-2_i386.deb) ...
Selecting previously unselected package libwind0-heimdal:i386.
Unpacking libwind0-heimdal:i386 (from .../libwind0-heimdal_1.6~git20120311.dfsg.1-2_i386.deb) ...
Selecting previously unselected package libhx509-5-heimdal:i386.
Unpacking libhx509-5-heimdal:i386 (from .../libhx509-5-heimdal_1.6~git20120311.dfsg.1-2_i386.deb) ...
Selecting previously unselected package libkrb5-26-heimdal:i386.
Unpacking libkrb5-26-heimdal:i386 (from .../libkrb5-26-heimdal_1.6~git20120311.dfsg.1-2_i386.deb) ...
Selecting previously unselected package libheimntlm0-heimdal:i386.
Unpacking libheimntlm0-heimdal:i386 (from .../libheimntlm0-heimdal_1.6~git20120311.dfsg.1-2_i386.deb) ...
Selecting previously unselected package libgssapi3-heimdal:i386.
Unpacking libgssapi3-heimdal:i386 (from .../libgssapi3-heimdal_1.6~git20120311.dfsg.1-2_i386.deb) ...
Selecting previously unselected package libidn11:i386.
Unpacking libidn11:i386 (from .../libidn11_1.23-2_i386.deb) ...
Selecting previously unselected package libsasl2-2:i386.
Unpacking libsasl2-2:i386 (from .../libsasl2-2_2.1.25.dfsg1-3ubuntu0.1_i386.deb) ...
Selecting previously unselected package libldap-2.4-2:i386.
Unpacking libldap-2.4-2:i386 (from .../libldap-2.4-2_2.4.28-1.1ubuntu4.3_i386.deb) ...
Selecting previously unselected package librtmp0:i386.
Unpacking librtmp0:i386 (from .../librtmp0_2.4~20110711.gitc28f1bab-1_i386.deb) ...
Selecting previously unselected package libxext6:i386.
Unpacking libxext6:i386 (from .../libxext6_2%3a1.3.0-3ubuntu0.1_i386.deb) ...
Preparing to replace libxml2-dev 2.7.8.dfsg-5.1ubuntu4.4 (using .../libxml2-dev_2.7.8.dfsg-5.1ubuntu4.6_amd64.deb) ...
Unpacking replacement libxml2-dev ...
Preparing to replace libxml2 2.7.8.dfsg-5.1ubuntu4.4 (using .../libxml2_2.7.8.dfsg-5.1ubuntu4.6_amd64.deb) ...
Unpacking replacement libxml2 ...
Selecting previously unselected package libxml2:i386.
Unpacking libxml2:i386 (from .../libxml2_2.7.8.dfsg-5.1ubuntu4.6_i386.deb) ...
Selecting previously unselected package libcap-ng0.
Unpacking libcap-ng0 (from .../libcap-ng0_0.6.6-1ubuntu1_amd64.deb) ...
Selecting previously unselected package python-dbus-dev.
Unpacking python-dbus-dev (from .../python-dbus-dev_1.0.0-1ubuntu1_all.deb) ...
Selecting previously unselected package python-dbus.
Unpacking python-dbus (from .../python-dbus_1.0.0-1ubuntu1_amd64.deb) ...
Selecting previously unselected package bluez.
Unpacking bluez (from .../bluez_4.98-2ubuntu7_amd64.deb) ...
Selecting previously unselected package libgpm2:i386.
Unpacking libgpm2:i386 (from .../libgpm2_1.20.4-4_i386.deb) ...
Selecting previously unselected package libaa1:i386.
Unpacking libaa1:i386 (from .../libaa1_1.4p5-39ubuntu1_i386.deb) ...
Selecting previously unselected package libraw1394-11:i386.
Unpacking libraw1394-11:i386 (from .../libraw1394-11_2.0.7-1ubuntu1_i386.deb) ...
Selecting previously unselected package libavc1394-0:i386.
Unpacking libavc1394-0:i386 (from .../libavc1394-0_0.5.3-1ubuntu2_i386.deb) ...
Selecting previously unselected package libcaca0:i386.
Unpacking libcaca0:i386 (from .../libcaca0_0.99.beta17-2.1ubuntu2_i386.deb) ...
Selecting previously unselected package libpixman-1-0:i386.
Unpacking libpixman-1-0:i386 (from .../libpixman-1-0_0.24.4-1_i386.deb) ...
Selecting previously unselected package libxcb-render0:i386.
Unpacking libxcb-render0:i386 (from .../libxcb-render0_1.8.1-1ubuntu0.2_i386.deb) ...
Selecting previously unselected package libxcb-shm0:i386.
Unpacking libxcb-shm0:i386 (from .../libxcb-shm0_1.8.1-1ubuntu0.2_i386.deb) ...
Selecting previously unselected package libxrender1:i386.
Unpacking libxrender1:i386 (from .../libxrender1_1%3a0.9.6-2ubuntu0.1_i386.deb) ...
Selecting previously unselected package libcairo2:i386.
Unpacking libcairo2:i386 (from .../libcairo2_1.10.2-6.1ubuntu3_i386.deb) ...
Selecting previously unselected package libcairo-gobject2:i386.
Unpacking libcairo-gobject2:i386 (from .../libcairo-gobject2_1.10.2-6.1ubuntu3_i386.deb) ...
Selecting previously unselected package libdv4:i386.
Unpacking libdv4:i386 (from .../libdv4_1.0.0-3ubuntu1_i386.deb) ...
Selecting previously unselected package libogg0:i386.
Unpacking libogg0:i386 (from .../libogg0_1.2.2~dfsg-1ubuntu1_i386.deb) ...
Selecting previously unselected package libflac8:i386.
Unpacking libflac8:i386 (from .../libflac8_1.2.1-6_i386.deb) ...
Selecting previously unselected package libjasper1:i386.
Unpacking libjasper1:i386 (from .../libjasper1_1.900.1-13_i386.deb) ...
Selecting previously unselected package libtiff4:i386.
Unpacking libtiff4:i386 (from .../libtiff4_3.9.5-2ubuntu1.5_i386.deb) ...
Selecting previously unselected package libgdk-pixbuf2.0-0:i386.
Unpacking libgdk-pixbuf2.0-0:i386 (from .../libgdk-pixbuf2.0-0_2.26.1-1_i386.deb) ...
Selecting previously unselected package libgstreamer0.10-0:i386.
Unpacking libgstreamer0.10-0:i386 (from .../libgstreamer0.10-0_0.10.36-1ubuntu1_i386.deb) ...
Selecting previously unselected package liborc-0.4-0:i386.
Unpacking liborc-0.4-0:i386 (from .../liborc-0.4-0_1%3a0.4.16-1ubuntu2_i386.deb) ...
Selecting previously unselected package libgstreamer-plugins-base0.10-0:i386.
Unpacking libgstreamer-plugins-base0.10-0:i386 (from .../libgstreamer-plugins-base0.10-0_0.10.36-1ubuntu0.1_i386.deb) ...
Selecting previously unselected package libgudev-1.0-0:i386.
Unpacking libgudev-1.0-0:i386 (from .../libgudev-1.0-0_1%3a175-0ubuntu9.3_i386.deb) ...
Selecting previously unselected package libiec61883-0:i386.
Unpacking libiec61883-0:i386 (from .../libiec61883-0_1.2.0-0.1ubuntu1_i386.deb) ...
Selecting previously unselected package libsamplerate0:i386.
Unpacking libsamplerate0:i386 (from .../libsamplerate0_0.1.8-4_i386.deb) ...
Selecting previously unselected package libjack-jackd2-0:i386.
Unpacking libjack-jackd2-0:i386 (from .../libjack-jackd2-0_1.9.8~dfsg.1-1ubuntu2_i386.deb) ...
Selecting previously unselected package libspeex1:i386.
Unpacking libspeex1:i386 (from .../libspeex1_1.2~rc1-3ubuntu2_i386.deb) ...
Selecting previously unselected package libtheora0:i386.
Unpacking libtheora0:i386 (from .../libtheora0_1.1.1+dfsg.1-3ubuntu2_i386.deb) ...
Selecting previously unselected package libvorbis0a:i386.
Unpacking libvorbis0a:i386 (from .../libvorbis0a_1.3.2-1ubuntu3_i386.deb) ...
Selecting previously unselected package libshout3:i386.
Unpacking libshout3:i386 (from .../libshout3_2.2.2-7ubuntu1_i386.deb) ...
Selecting previously unselected package libgnome-keyring0:i386.
Unpacking libgnome-keyring0:i386 (from .../libgnome-keyring0_3.2.2-2_i386.deb) ...
Selecting previously unselected package libproxy1:i386.
Unpacking libproxy1:i386 (from .../libproxy1_0.4.7-0ubuntu4.1_i386.deb) ...
Selecting previously unselected package libproxy1.
Unpacking libproxy1 (from .../libproxy1_0.4.7-0ubuntu4.1_amd64.deb) ...
Selecting previously unselected package glib-networking-common.
Unpacking glib-networking-common (from .../glib-networking-common_2.32.1-1ubuntu2_all.deb) ...
Selecting previously unselected package glib-networking-services.
Unpacking glib-networking-services (from .../glib-networking-services_2.32.1-1ubuntu2_amd64.deb) ...
Selecting previously unselected package gsettings-desktop-schemas.
Unpacking gsettings-desktop-schemas (from .../gsettings-desktop-schemas_3.4.1-0ubuntu1_all.deb) ...
Selecting previously unselected package glib-networking:i386.
Unpacking glib-networking:i386 (from .../glib-networking_2.32.1-1ubuntu2_i386.deb) ...
Selecting previously unselected package libsoup2.4-1:i386.
Unpacking libsoup2.4-1:i386 (from .../libsoup2.4-1_2.38.1-1_i386.deb) ...
Selecting previously unselected package libsoup-gnome2.4-1:i386.
Unpacking libsoup-gnome2.4-1:i386 (from .../libsoup-gnome2.4-1_2.38.1-1_i386.deb) ...
Selecting previously unselected package libtag1-vanilla:i386.
Unpacking libtag1-vanilla:i386 (from .../libtag1-vanilla_1.7-1ubuntu5_i386.deb) ...
Selecting previously unselected package libtag1c2a:i386.
Unpacking libtag1c2a:i386 (from .../libtag1c2a_1.7-1ubuntu5_i386.deb) ...
Selecting previously unselected package libv4lconvert0:i386.
Unpacking libv4lconvert0:i386 (from .../libv4lconvert0_0.8.6-1ubuntu2_i386.deb) ...
Selecting previously unselected package libv4l-0:i386.
Unpacking libv4l-0:i386 (from .../libv4l-0_0.8.6-1ubuntu2_i386.deb) ...
Selecting previously unselected package libwavpack1:i386.
Unpacking libwavpack1:i386 (from .../libwavpack1_4.60.1-2_i386.deb) ...
Selecting previously unselected package libxdamage1:i386.
Unpacking libxdamage1:i386 (from .../libxdamage1_1%3a1.1.3-2build1_i386.deb) ...
Selecting previously unselected package libxfixes3:i386.
Unpacking libxfixes3:i386 (from .../libxfixes3_1%3a5.0-4ubuntu4.1_i386.deb) ...
Selecting previously unselected package libxv1:i386.
Unpacking libxv1:i386 (from .../libxv1_2%3a1.0.6-2ubuntu0.1_i386.deb) ...
Selecting previously unselected package libcdparanoia0:i386.
Unpacking libcdparanoia0:i386 (from .../libcdparanoia0_3.10.2+debian-10ubuntu1_i386.deb) ...
Selecting previously unselected package libvisual-0.4-0:i386.
Unpacking libvisual-0.4-0:i386 (from .../libvisual-0.4-0_0.4.0-4_i386.deb) ...
Selecting previously unselected package libvorbisenc2:i386.
Unpacking libvorbisenc2:i386 (from .../libvorbisenc2_1.3.2-1ubuntu3_i386.deb) ...
Selecting previously unselected package gstreamer0.10-plugins-base:i386.
Unpacking gstreamer0.10-plugins-base:i386 (from .../gstreamer0.10-plugins-base_0.10.36-1ubuntu0.1_i386.deb) ...
Selecting previously unselected package gstreamer0.10-plugins-good:i386.
Unpacking gstreamer0.10-plugins-good:i386 (from .../gstreamer0.10-plugins-good_0.10.31-1ubuntu1.2_i386.deb) ...
Selecting previously unselected package libdatrie1:i386.
Unpacking libdatrie1:i386 (from .../libdatrie1_0.2.5-3_i386.deb) ...
Selecting previously unselected package libthai0:i386.
Unpacking libthai0:i386 (from .../libthai0_0.1.16-3_i386.deb) ...
Selecting previously unselected package libxft2:i386.
Unpacking libxft2:i386 (from .../libxft2_2.2.0-3ubuntu2_i386.deb) ...
Selecting previously unselected package libpango1.0-0:i386.
Unpacking libpango1.0-0:i386 (from .../libpango1.0-0_1.30.0-0ubuntu3.1_i386.deb) ...
Selecting previously unselected package gtk2-engines-oxygen:i386.
Unpacking gtk2-engines-oxygen:i386 (from .../gtk2-engines-oxygen_1.2.2-0ubuntu1.1_i386.deb) ...
Selecting previously unselected package libaio1:i386.
Unpacking libaio1:i386 (from .../libaio1_0.3.109-2ubuntu1_i386.deb) ...
Selecting previously unselected package libao-common.
Unpacking libao-common (from .../libao-common_1.1.0-1ubuntu2_all.deb) ...
Selecting previously unselected package libao4:i386.
Unpacking libao4:i386 (from .../libao4_1.1.0-1ubuntu2_i386.deb) ...
Selecting previously unselected package libasound2:i386.
Unpacking libasound2:i386 (from .../libasound2_1.0.25-1ubuntu10.2_i386.deb) ...
Selecting previously unselected package libasyncns0:i386.
Unpacking libasyncns0:i386 (from .../libasyncns0_0.8-4_i386.deb) ...
Selecting previously unselected package libatk1.0-0:i386.
Unpacking libatk1.0-0:i386 (from .../libatk1.0-0_2.4.0-0ubuntu1_i386.deb) ...
Selecting previously unselected package libice6:i386.
Unpacking libice6:i386 (from .../libice6_2%3a1.0.7-2build1_i386.deb) ...
Selecting previously unselected package libsm6:i386.
Unpacking libsm6:i386 (from .../libsm6_2%3a1.2.0-2build1_i386.deb) ...
Selecting previously unselected package libxt6:i386.
Unpacking libxt6:i386 (from .../libxt6_1%3a1.1.1-2ubuntu0.1_i386.deb) ...
Selecting previously unselected package libaudio2:i386.
Unpacking libaudio2:i386 (from .../libaudio2_1.9.3-4_i386.deb) ...
Selecting previously unselected package libaudiofile1:i386.
Unpacking libaudiofile1:i386 (from .../libaudiofile1_0.3.3-2_i386.deb) ...
Selecting previously unselected package libavahi-common-data:i386.
Unpacking libavahi-common-data:i386 (from .../libavahi-common-data_0.6.30-5ubuntu2_i386.deb) ...
Selecting previously unselected package libavahi-common3:i386.
Unpacking libavahi-common3:i386 (from .../libavahi-common3_0.6.30-5ubuntu2_i386.deb) ...
Selecting previously unselected package libavahi-client3:i386.
Unpacking libavahi-client3:i386 (from .../libavahi-client3_0.6.30-5ubuntu2_i386.deb) ...
Selecting previously unselected package libltdl7:i386.
Unpacking libltdl7:i386 (from .../libltdl7_2.4.2-1ubuntu1_i386.deb) ...
Selecting previously unselected package libtdb1:i386.
Unpacking libtdb1:i386 (from .../libtdb1_1.2.9-4_i386.deb) ...
Selecting previously unselected package libvorbisfile3:i386.
Unpacking libvorbisfile3:i386 (from .../libvorbisfile3_1.3.2-1ubuntu3_i386.deb) ...
Selecting previously unselected package libcanberra0:i386.
Unpacking libcanberra0:i386 (from .../libcanberra0_0.28-3ubuntu3_i386.deb) ...
Selecting previously unselected package libcups2:i386.
Unpacking libcups2:i386 (from .../libcups2_1.5.3-0ubuntu8_i386.deb) ...
Selecting previously unselected package libxcomposite1:i386.
Unpacking libxcomposite1:i386 (from .../libxcomposite1_1%3a0.4.3-2build1_i386.deb) ...
Selecting previously unselected package libxcursor1:i386.
Unpacking libxcursor1:i386 (from .../libxcursor1_1%3a1.1.12-1ubuntu0.1_i386.deb) ...
Selecting previously unselected package libxi6:i386.
Unpacking libxi6:i386 (from .../libxi6_2%3a1.6.0-0ubuntu2.1_i386.deb) ...
Selecting previously unselected package libxinerama1:i386.
Unpacking libxinerama1:i386 (from .../libxinerama1_2%3a1.1.1-3ubuntu0.1_i386.deb) ...
Selecting previously unselected package libxrandr2:i386.
Unpacking libxrandr2:i386 (from .../libxrandr2_2%3a1.3.2-2ubuntu0.2_i386.deb) ...
Selecting previously unselected package libgtk2.0-0:i386.
Unpacking libgtk2.0-0:i386 (from .../libgtk2.0-0_2.24.10-0ubuntu6_i386.deb) ...
Selecting previously unselected package libcanberra-gtk0:i386.
Unpacking libcanberra-gtk0:i386 (from .../libcanberra-gtk0_0.28-3ubuntu3_i386.deb) ...
Selecting previously unselected package libcap2:i386.
Unpacking libcap2:i386 (from .../libcap2_1%3a2.22-1ubuntu3_i386.deb) ...
Preparing to replace libcroco3 0.6.5-1 (using .../libcroco3_0.6.5-1ubuntu0.1_amd64.deb) ...
Unpacking replacement libcroco3 ...
Selecting previously unselected package libcroco3:i386.
Unpacking libcroco3:i386 (from .../libcroco3_0.6.5-1ubuntu0.1_i386.deb) ...
Selecting previously unselected package libcupsimage2:i386.
Unpacking libcupsimage2:i386 (from .../libcupsimage2_1.5.3-0ubuntu8_i386.deb) ...
Preparing to replace libcurl4-openssl-dev 7.22.0-3ubuntu4.1 (using .../libcurl4-openssl-dev_7.22.0-3ubuntu4.2_amd64.deb) ...
Unpacking replacement libcurl4-openssl-dev ...
Preparing to replace libcurl3 7.22.0-3ubuntu4.1 (using .../libcurl3_7.22.0-3ubuntu4.2_amd64.deb) ...
Unpacking replacement libcurl3 ...
Selecting previously unselected package libcurl3:i386.
Unpacking libcurl3:i386 (from .../libcurl3_7.22.0-3ubuntu4.2_i386.deb) ...
Selecting previously unselected package esound-common.
Unpacking esound-common (from .../esound-common_0.2.41-10build3_all.deb) ...
Selecting previously unselected package libesd0:i386.
Unpacking libesd0:i386 (from .../libesd0_0.2.41-10build3_i386.deb) ...
Selecting previously unselected package libexif12:i386.
Unpacking libexif12:i386 (from .../libexif12_0.6.20-2ubuntu0.1_i386.deb) ...
Selecting previously unselected package libgail18:i386.
Unpacking libgail18:i386 (from .../libgail18_2.24.10-0ubuntu6_i386.deb) ...
Selecting previously unselected package libgconf-2-4:i386.
Unpacking libgconf-2-4:i386 (from .../libgconf-2-4_3.2.5-0ubuntu2_i386.deb) ...
Selecting previously unselected package libgomp1:i386.
Unpacking libgomp1:i386 (from .../libgomp1_4.6.3-1ubuntu5_i386.deb) ...
Selecting previously unselected package libunistring0:i386.
Unpacking libunistring0:i386 (from .../libunistring0_0.9.3-5_i386.deb) ...
Selecting previously unselected package libgettextpo0:i386.
Unpacking libgettextpo0:i386 (from .../libgettextpo0_0.18.1.1-5ubuntu3_i386.deb) ...
Selecting previously unselected package libglapi-mesa:i386.
Unpacking libglapi-mesa:i386 (from .../libglapi-mesa_8.0.4-0ubuntu0.6_i386.deb) ...
Selecting previously unselected package libx11-xcb1:i386.
Unpacking libx11-xcb1:i386 (from .../libx11-xcb1_2%3a1.4.99.1-0ubuntu2.1_i386.deb) ...
Selecting previously unselected package libxcb-glx0:i386.
Unpacking libxcb-glx0:i386 (from .../libxcb-glx0_1.8.1-1ubuntu0.2_i386.deb) ...
Selecting previously unselected package libxxf86vm1:i386.
Unpacking libxxf86vm1:i386 (from .../libxxf86vm1_1%3a1.1.1-2ubuntu0.1_i386.deb) ...
Selecting previously unselected package libgl1-mesa-glx:i386.
Unpacking libgl1-mesa-glx:i386 (from .../libgl1-mesa-glx_8.0.4-0ubuntu0.6_i386.deb) ...
Selecting previously unselected package libgphoto2-port0:i386.
Unpacking libgphoto2-port0:i386 (from .../libgphoto2-port0_2.4.13-1ubuntu1.2_i386.deb) ...
Selecting previously unselected package libgphoto2-2:i386.
Unpacking libgphoto2-2:i386 (from .../libgphoto2-2_2.4.13-1ubuntu1.2_i386.deb) ...
Selecting previously unselected package libibus-1.0-0:i386.
Unpacking libibus-1.0-0:i386 (from .../libibus-1.0-0_1.4.1-3ubuntu1_i386.deb) ...
Selecting previously unselected package libieee1284-3:i386.
Unpacking libieee1284-3:i386 (from .../libieee1284-3_0.2.11-10build1_i386.deb) ...
Selecting previously unselected package liblcms1:i386.
Unpacking liblcms1:i386 (from .../liblcms1_1.19.dfsg-1ubuntu3_i386.deb) ...
Selecting previously unselected package libllvm3.0:i386.
Unpacking libllvm3.0:i386 (from .../libllvm3.0_3.0-4ubuntu1_i386.deb) ...
Selecting previously unselected package libmad0:i386.
Unpacking libmad0:i386 (from .../libmad0_0.15.1b-7ubuntu1_i386.deb) ...
Selecting previously unselected package oss-compat.
Unpacking oss-compat (from .../archives/oss-compat_1_all.deb) ...
Selecting previously unselected package libmikmod2:i386.
Unpacking libmikmod2:i386 (from .../libmikmod2_3.1.12-2_i386.deb) ...
Selecting previously unselected package libmng1:i386.
Unpacking libmng1:i386 (from .../libmng1_1.0.10-3_i386.deb) ...
Selecting previously unselected package libmpg123-0:i386.
Unpacking libmpg123-0:i386 (from .../libmpg123-0_1.12.1-3.2ubuntu1_i386.deb) ...
Preparing to replace libmysqlclient-dev 5.5.31-0ubuntu0.12.04.2 (using .../libmysqlclient-dev_5.5.32-0ubuntu0.12.04.1_amd64.deb) ...
Unpacking replacement libmysqlclient-dev ...
Preparing to replace mysql-common 5.5.31-0ubuntu0.12.04.2 (using .../mysql-common_5.5.32-0ubuntu0.12.04.1_all.deb) ...
Unpacking replacement mysql-common ...
Preparing to replace libmysqlclient18 5.5.31-0ubuntu0.12.04.2 (using .../libmysqlclient18_5.5.32-0ubuntu0.12.04.1_amd64.deb) ...
Unpacking replacement libmysqlclient18 ...
Selecting previously unselected package libmysqlclient18:i386.
Unpacking libmysqlclient18:i386 (from .../libmysqlclient18_5.5.32-0ubuntu0.12.04.1_i386.deb) ...
Selecting previously unselected package libnspr4:i386.
Unpacking libnspr4:i386 (from .../libnspr4_4.9.5-0ubuntu0.12.04.1_i386.deb) ...
Selecting previously unselected package libnss3:i386.
Unpacking libnss3:i386 (from .../libnss3_3.14.3-0ubuntu0.12.04.1_i386.deb) ...
Selecting previously unselected package libodbc1:i386.
Unpacking libodbc1:i386 (from .../libodbc1_2.2.14p2-5ubuntu3_i386.deb) ...
Selecting previously unselected package libjson0:i386.
Unpacking libjson0:i386 (from .../libjson0_0.9-1ubuntu1_i386.deb) ...
Selecting previously unselected package libsndfile1:i386.
Unpacking libsndfile1:i386 (from .../libsndfile1_1.0.25-4_i386.deb) ...
Selecting previously unselected package libwrap0:i386.
Unpacking libwrap0:i386 (from .../libwrap0_7.6.q-21_i386.deb) ...
Selecting previously unselected package libpulse0:i386.
Unpacking libpulse0:i386 (from .../libpulse0_1%3a1.1-0ubuntu15.3_i386.deb) ...
Selecting previously unselected package libpulse-mainloop-glib0:i386.
Unpacking libpulse-mainloop-glib0:i386 (from .../libpulse-mainloop-glib0_1%3a1.1-0ubuntu15.3_i386.deb) ...
Selecting previously unselected package libpulsedsp:i386.
Unpacking libpulsedsp:i386 (from .../libpulsedsp_1%3a1.1-0ubuntu15.3_i386.deb) ...
Selecting previously unselected package libqtcore4:i386.
Unpacking libqtcore4:i386 (from .../libqtcore4_4%3a4.8.1-0ubuntu4.4_i386.deb) ...
Selecting previously unselected package libqt4-xml:i386.
Unpacking libqt4-xml:i386 (from .../libqt4-xml_4%3a4.8.1-0ubuntu4.4_i386.deb) ...
Selecting previously unselected package libqt4-dbus:i386.
Unpacking libqt4-dbus:i386 (from .../libqt4-dbus_4%3a4.8.1-0ubuntu4.4_i386.deb) ...
Selecting previously unselected package libqt4-network:i386.
Unpacking libqt4-network:i386 (from .../libqt4-network_4%3a4.8.1-0ubuntu4.4_i386.deb) ...
Selecting previously unselected package libqt4-script:i386.
Unpacking libqt4-script:i386 (from .../libqt4-script_4%3a4.8.1-0ubuntu4.4_i386.deb) ...
Selecting previously unselected package libqt4-sql:i386.
Unpacking libqt4-sql:i386 (from .../libqt4-sql_4%3a4.8.1-0ubuntu4.4_i386.deb) ...
Selecting previously unselected package libqt4-xmlpatterns:i386.
Unpacking libqt4-xmlpatterns:i386 (from .../libqt4-xmlpatterns_4%3a4.8.1-0ubuntu4.4_i386.deb) ...
Selecting previously unselected package libqtgui4:i386.
Unpacking libqtgui4:i386 (from .../libqtgui4_4%3a4.8.1-0ubuntu4.4_i386.deb) ...
Selecting previously unselected package libqt4-declarative:i386.
Unpacking libqt4-declarative:i386 (from .../libqt4-declarative_4%3a4.8.1-0ubuntu4.4_i386.deb) ...
Selecting previously unselected package libqt4-designer:i386.
Unpacking libqt4-designer:i386 (from .../libqt4-designer_4%3a4.8.1-0ubuntu4.4_i386.deb) ...
Selecting previously unselected package libqt4-opengl:i386.
Unpacking libqt4-opengl:i386 (from .../libqt4-opengl_4%3a4.8.1-0ubuntu4.4_i386.deb) ...
Selecting previously unselected package libqt4-qt3support:i386.
Unpacking libqt4-qt3support:i386 (from .../libqt4-qt3support_4%3a4.8.1-0ubuntu4.4_i386.deb) ...
Selecting previously unselected package libqt4-scripttools:i386.
Unpacking libqt4-scripttools:i386 (from .../libqt4-scripttools_4%3a4.8.1-0ubuntu4.4_i386.deb) ...
Selecting previously unselected package libqt4-sql-mysql:i386.
Unpacking libqt4-sql-mysql:i386 (from .../libqt4-sql-mysql_4%3a4.8.1-0ubuntu4.4_i386.deb) ...
Selecting previously unselected package libqt4-svg:i386.
Unpacking libqt4-svg:i386 (from .../libqt4-svg_4%3a4.8.1-0ubuntu4.4_i386.deb) ...
Selecting previously unselected package libqt4-test:i386.
Unpacking libqt4-test:i386 (from .../libqt4-test_4%3a4.8.1-0ubuntu4.4_i386.deb) ...
Selecting previously unselected package libqtwebkit4:i386.
Unpacking libqtwebkit4:i386 (from .../libqtwebkit4_2.2.1-1ubuntu4_i386.deb) ...
Selecting previously unselected package librsvg2-2:i386.
Unpacking librsvg2-2:i386 (from .../librsvg2-2_2.36.1-0ubuntu1_i386.deb) ...
Selecting previously unselected package libsane-common.
Unpacking libsane-common (from .../libsane-common_1.0.22-7ubuntu1_amd64.deb) ...
Selecting previously unselected package acl.
Unpacking acl (from .../acl_2.2.51-5ubuntu1_amd64.deb) ...
Selecting previously unselected package libsane:i386.
Unpacking libsane:i386 (from .../libsane_1.0.22-7ubuntu1_i386.deb) ...
Selecting previously unselected package libsdl1.2debian:i386.
Unpacking libsdl1.2debian:i386 (from .../libsdl1.2debian_1.2.14-6.4ubuntu3_i386.deb) ...
Selecting previously unselected package libsdl-image1.2:i386.
Unpacking libsdl-image1.2:i386 (from .../libsdl-image1.2_1.2.10-3_i386.deb) ...
Selecting previously unselected package libsdl-mixer1.2:i386.
Unpacking libsdl-mixer1.2:i386 (from .../libsdl-mixer1.2_1.2.11-7_i386.deb) ...
Selecting previously unselected package libsdl-net1.2:i386.
Unpacking libsdl-net1.2:i386 (from .../libsdl-net1.2_1.2.7-5_i386.deb) ...
Selecting previously unselected package libsdl-ttf2.0-0:i386.
Unpacking libsdl-ttf2.0-0:i386 (from .../libsdl-ttf2.0-0_2.0.9-1.1ubuntu1_i386.deb) ...
Selecting previously unselected package libspeexdsp1:i386.
Unpacking libspeexdsp1:i386 (from .../libspeexdsp1_1.2~rc1-3ubuntu2_i386.deb) ...
Selecting previously unselected package libstdc++5:i386.
Unpacking libstdc++5:i386 (from .../libstdc++5_1%3a3.3.6-25ubuntu1_i386.deb) ...
Selecting previously unselected package libxmu6:i386.
Unpacking libxmu6:i386 (from .../libxmu6_2%3a1.1.0-3_i386.deb) ...
Selecting previously unselected package libxaw7:i386.
Unpacking libxaw7:i386 (from .../libxaw7_2%3a1.0.9-3ubuntu1_i386.deb) ...
Selecting previously unselected package libxp6:i386.
Unpacking libxp6:i386 (from .../libxp6_1%3a1.0.1-2ubuntu0.12.04.1_i386.deb) ...
Selecting previously unselected package libxslt1.1:i386.
Unpacking libxslt1.1:i386 (from .../libxslt1.1_1.1.26-8ubuntu1.3_i386.deb) ...
Selecting previously unselected package libxss1:i386.
Unpacking libxss1:i386 (from .../libxss1_1%3a1.2.1-2_i386.deb) ...
Selecting previously unselected package libxtst6:i386.
Unpacking libxtst6:i386 (from .../libxtst6_2%3a1.2.0-4ubuntu0.1_i386.deb) ...
Selecting previously unselected package odbcinst.
Unpacking odbcinst (from .../odbcinst_2.2.14p2-5ubuntu3_amd64.deb) ...
Selecting previously unselected package odbcinst1debian2.
Unpacking odbcinst1debian2 (from .../odbcinst1debian2_2.2.14p2-5ubuntu3_amd64.deb) ...
Selecting previously unselected package odbcinst1debian2:i386.
Unpacking odbcinst1debian2:i386 (from .../odbcinst1debian2_2.2.14p2-5ubuntu3_i386.deb) ...
Selecting previously unselected package libcapi20-3:i386.
Unpacking libcapi20-3:i386 (from .../libcapi20-3_1%3a3.12.20071127-0ubuntu11_i386.deb) ...
Selecting previously unselected package libglu1-mesa:i386.
Unpacking libglu1-mesa:i386 (from .../libglu1-mesa_8.0.4-0ubuntu0.6_i386.deb) ...
Selecting previously unselected package libopenal-data.
Unpacking libopenal-data (from .../libopenal-data_1%3a1.13-4ubuntu3_all.deb) ...
Selecting previously unselected package libopenal1:i386.
Unpacking libopenal1:i386 (from .../libopenal1_1%3a1.13-4ubuntu3_i386.deb) ...
Selecting previously unselected package krb5-locales.
Unpacking krb5-locales (from .../krb5-locales_1.10+dfsg~beta1-2ubuntu0.3_all.deb) ...
Selecting previously unselected package libsasl2-modules:i386.
Unpacking libsasl2-modules:i386 (from .../libsasl2-modules_2.1.25.dfsg1-3ubuntu0.1_i386.deb) ...
Selecting previously unselected package python-gi.
Unpacking python-gi (from .../python-gi_3.2.2-1~precise_amd64.deb) ...
Selecting previously unselected package uuid-runtime.
Unpacking uuid-runtime (from .../uuid-runtime_2.20.1-1ubuntu3_amd64.deb) ...
Selecting previously unselected package bluez-alsa:i386.
Unpacking bluez-alsa:i386 (from .../bluez-alsa_4.98-2ubuntu7_i386.deb) ...
Selecting previously unselected package glib-networking.
Unpacking glib-networking (from .../glib-networking_2.32.1-1ubuntu2_amd64.deb) ...
Selecting previously unselected package gstreamer0.10-x:i386.
Unpacking gstreamer0.10-x:i386 (from .../gstreamer0.10-x_0.10.36-1ubuntu0.1_i386.deb) ...
Selecting previously unselected package gtk2-engines:i386.
Unpacking gtk2-engines:i386 (from .../gtk2-engines_1%3a2.20.2-1ubuntu1_i386.deb) ...
Selecting previously unselected package gtk2-engines-murrine:i386.
Unpacking gtk2-engines-murrine:i386 (from .../gtk2-engines-murrine_0.98.2-0ubuntu1_i386.deb) ...
Selecting previously unselected package gtk2-engines-pixbuf:i386.
Unpacking gtk2-engines-pixbuf:i386 (from .../gtk2-engines-pixbuf_2.24.10-0ubuntu6_i386.deb) ...
Selecting previously unselected package gvfs-libs:i386.
Unpacking gvfs-libs:i386 (from .../gvfs-libs_1.12.1-0ubuntu1.2_i386.deb) ...
Selecting previously unselected package gvfs:i386.
Unpacking gvfs:i386 (from .../gvfs_1.12.1-0ubuntu1.2_i386.deb) ...
Selecting previously unselected package ibus-gtk:i386.
Unpacking ibus-gtk:i386 (from .../ibus-gtk_1.4.1-3ubuntu1_i386.deb) ...
Selecting previously unselected package libasound2-plugins:i386.
Unpacking libasound2-plugins:i386 (from .../libasound2-plugins_1.0.25-1ubuntu1_i386.deb) ...
Selecting previously unselected package libcanberra-gtk-module:i386.
Unpacking libcanberra-gtk-module:i386 (from .../libcanberra-gtk-module_0.28-3ubuntu3_i386.deb) ...
Selecting previously unselected package libgail-common:i386.
Unpacking libgail-common:i386 (from .../libgail-common_2.24.10-0ubuntu6_i386.deb) ...
Selecting previously unselected package librsvg2-common:i386.
Unpacking librsvg2-common:i386 (from .../librsvg2-common_2.36.1-0ubuntu1_i386.deb) ...
Selecting previously unselected package xaw3dg:i386.
Unpacking xaw3dg:i386 (from .../xaw3dg_1.5+E-18.1ubuntu1_i386.deb) ...
Selecting previously unselected package ia32-libs-multiarch:i386.
Unpacking ia32-libs-multiarch:i386 (from .../ia32-libs-multiarch_20090808ubuntu36_i386.deb) ...
Selecting previously unselected package ia32-libs.
Unpacking ia32-libs (from .../ia32-libs_20090808ubuntu36_amd64.deb) ...
Selecting previously unselected package libgl1-mesa-dri:i386.
Unpacking libgl1-mesa-dri:i386 (from .../libgl1-mesa-dri_8.0.4-0ubuntu0.6_i386.deb) ...
Selecting previously unselected package libgphoto2-l10n.
Unpacking libgphoto2-l10n (from .../libgphoto2-l10n_2.4.13-1ubuntu1.2_all.deb) ...
Selecting previously unselected package libvisual-0.4-plugins:i386.
Unpacking libvisual-0.4-plugins:i386 (from .../libvisual-0.4-plugins_0.4.0.dfsg.1-7_i386.deb) ...
Selecting previously unselected package tcpd.
Unpacking tcpd (from .../tcpd_7.6.q-21_amd64.deb) ...
Processing triggers for man-db ...
Processing triggers for ureadahead ...
Processing triggers for gconf2 ...
Processing triggers for libglib2.0-0 ...
Setting up libssl-dev (1.0.1-4ubuntu5.10) ...
Setting up libsqlite3-0:i386 (3.7.9-2ubuntu1.1) ...
Setting up libssl0.9.8:i386 (0.9.8o-7ubuntu3.1) ...
Setting up libstdc++6:i386 (4.6.3-1ubuntu5) ...
Setting up libusb-0.1-4:i386 (2:0.1.12-20) ...
Setting up libattr1:i386 (1:2.4.46-5ubuntu1) ...
Setting up libacl1:i386 (2.2.51-5ubuntu1) ...
Setting up libbz2-1.0:i386 (1.0.6-1) ...
Setting up libcomerr2:i386 (1.42-1ubuntu2) ...
Setting up libdb5.1:i386 (5.1.25-11build1) ...
Setting up libdbus-1-3:i386 (1.4.18-1ubuntu1.4) ...
Setting up libdrm2 (2.4.43-0ubuntu0.0.2) ...
Setting up libdrm2:i386 (2.4.43-0ubuntu0.0.2) ...
Setting up libdrm-intel1 (2.4.43-0ubuntu0.0.2) ...
Setting up libpciaccess0:i386 (0.12.902-1ubuntu0.2) ...
Setting up libdrm-intel1:i386 (2.4.43-0ubuntu0.0.2) ...
Setting up libdrm-radeon1 (2.4.43-0ubuntu0.0.2) ...
Setting up libdrm-radeon1:i386 (2.4.43-0ubuntu0.0.2) ...
Setting up libdrm-nouveau1a (2.4.43-0ubuntu0.0.2) ...
Setting up libdrm-nouveau1a:i386 (2.4.43-0ubuntu0.0.2) ...
Setting up libdrm-nouveau2 (2.4.43-0ubuntu0.0.2) ...
Setting up libkms1 (2.4.43-0ubuntu0.0.2) ...
Setting up libdrm-dev (2.4.43-0ubuntu0.0.2) ...
Setting up libffi6:i386 (3.0.11~rc1-5) ...
Setting up libpcre3:i386 (8.12-4) ...
Setting up libselinux1:i386 (2.1.0-4.1ubuntu1) ...
Setting up libglib2.0-0:i386 (2.32.3-0ubuntu1) ...
Setting up libncurses5:i386 (5.9-4) ...
Setting up libncursesw5:i386 (5.9-4) ...
Setting up libslang2:i386 (2.2.4-3ubuntu1) ...
Setting up libudev0:i386 (175-0ubuntu9.3) ...
Setting up libuuid1:i386 (2.20.1-1ubuntu3) ...
Setting up libroken18-heimdal:i386 (1.6~git20120311.dfsg.1-2) ...
Setting up libasn1-8-heimdal:i386 (1.6~git20120311.dfsg.1-2) ...
Setting up libdbus-glib-1-2:i386 (0.98-1ubuntu1.1) ...
Setting up libgpg-error0:i386 (1.10-2ubuntu1) ...
Setting up libgcrypt11:i386 (1.5.0-3ubuntu0.1) ...
Setting up libgdbm3:i386 (1.8.3-10) ...
Setting up libp11-kit0:i386 (0.12-2ubuntu1) ...
Setting up libtasn1-3:i386 (2.10-1ubuntu1.1) ...
Setting up libgnutls26:i386 (2.12.14-5ubuntu3.4) ...
Setting up libkrb5support0:i386 (1.10+dfsg~beta1-2ubuntu0.3) ...
Setting up libk5crypto3:i386 (1.10+dfsg~beta1-2ubuntu0.3) ...
Setting up libkeyutils1:i386 (1.5.2-2) ...
Setting up libkrb5-3:i386 (1.10+dfsg~beta1-2ubuntu0.3) ...
Setting up libgssapi-krb5-2:i386 (1.10+dfsg~beta1-2ubuntu0.3) ...
Setting up libhcrypto4-heimdal:i386 (1.6~git20120311.dfsg.1-2) ...
Setting up libheimbase1-heimdal:i386 (1.6~git20120311.dfsg.1-2) ...
Setting up libwind0-heimdal:i386 (1.6~git20120311.dfsg.1-2) ...
Setting up libhx509-5-heimdal:i386 (1.6~git20120311.dfsg.1-2) ...
Setting up libkrb5-26-heimdal:i386 (1.6~git20120311.dfsg.1-2) ...
Setting up libheimntlm0-heimdal:i386 (1.6~git20120311.dfsg.1-2) ...
Setting up libgssapi3-heimdal:i386 (1.6~git20120311.dfsg.1-2) ...
Setting up libidn11:i386 (1.23-2) ...
Setting up libsasl2-2:i386 (2.1.25.dfsg1-3ubuntu0.1) ...
Setting up libldap-2.4-2:i386 (2.4.28-1.1ubuntu4.3) ...
Setting up librtmp0:i386 (2.4~20110711.gitc28f1bab-1) ...
Setting up libxext6:i386 (2:1.3.0-3ubuntu0.1) ...
Setting up libxml2 (2.7.8.dfsg-5.1ubuntu4.6) ...
Setting up libxml2:i386 (2.7.8.dfsg-5.1ubuntu4.6) ...
Setting up libxml2-dev (2.7.8.dfsg-5.1ubuntu4.6) ...
Setting up libcap-ng0 (0.6.6-1ubuntu1) ...
Setting up python-dbus-dev (1.0.0-1ubuntu1) ...
Setting up python-dbus (1.0.0-1ubuntu1) ...
Remove stale byte-compiled files...
Setting up bluez (4.98-2ubuntu7) ...
bluetooth start/running, process 12821
Setting up libgpm2:i386 (1.20.4-4) ...
Setting up libaa1:i386 (1.4p5-39ubuntu1) ...
Setting up libraw1394-11:i386 (2.0.7-1ubuntu1) ...
Setting up libavc1394-0:i386 (0.5.3-1ubuntu2) ...
Setting up libcaca0:i386 (0.99.beta17-2.1ubuntu2) ...
Setting up libpixman-1-0:i386 (0.24.4-1) ...
Setting up libxcb-render0:i386 (1.8.1-1ubuntu0.2) ...
Setting up libxcb-shm0:i386 (1.8.1-1ubuntu0.2) ...
Setting up libxrender1:i386 (1:0.9.6-2ubuntu0.1) ...
Setting up libcairo2:i386 (1.10.2-6.1ubuntu3) ...
Setting up libcairo-gobject2:i386 (1.10.2-6.1ubuntu3) ...
Setting up libdv4:i386 (1.0.0-3ubuntu1) ...
Setting up libogg0:i386 (1.2.2~dfsg-1ubuntu1) ...
Setting up libflac8:i386 (1.2.1-6) ...
Setting up libjasper1:i386 (1.900.1-13) ...
Setting up libtiff4:i386 (3.9.5-2ubuntu1.5) ...
Setting up libgdk-pixbuf2.0-0:i386 (2.26.1-1) ...
Setting up libgstreamer0.10-0:i386 (0.10.36-1ubuntu1) ...
Setting up liborc-0.4-0:i386 (1:0.4.16-1ubuntu2) ...
Setting up libgstreamer-plugins-base0.10-0:i386 (0.10.36-1ubuntu0.1) ...
Setting up libgudev-1.0-0:i386 (1:175-0ubuntu9.3) ...
Setting up libiec61883-0:i386 (1.2.0-0.1ubuntu1) ...
Setting up libsamplerate0:i386 (0.1.8-4) ...
Setting up libjack-jackd2-0:i386 (1.9.8~dfsg.1-1ubuntu2) ...
Setting up libspeex1:i386 (1.2~rc1-3ubuntu2) ...
Setting up libtheora0:i386 (1.1.1+dfsg.1-3ubuntu2) ...
Setting up libvorbis0a:i386 (1.3.2-1ubuntu3) ...
Setting up libshout3:i386 (2.2.2-7ubuntu1) ...
Setting up libgnome-keyring0:i386 (3.2.2-2) ...
Setting up libproxy1:i386 (0.4.7-0ubuntu4.1) ...
Setting up libproxy1 (0.4.7-0ubuntu4.1) ...
Setting up glib-networking-common (2.32.1-1ubuntu2) ...
Setting up glib-networking-services (2.32.1-1ubuntu2) ...
Setting up gsettings-desktop-schemas (3.4.1-0ubuntu1) ...
Setting up glib-networking:i386 (2.32.1-1ubuntu2) ...
Setting up glib-networking (2.32.1-1ubuntu2) ...
Setting up libsoup2.4-1:i386 (2.38.1-1) ...
Setting up libsoup-gnome2.4-1:i386 (2.38.1-1) ...
Setting up libtag1-vanilla:i386 (1.7-1ubuntu5) ...
Setting up libtag1c2a:i386 (1.7-1ubuntu5) ...
Setting up libv4lconvert0:i386 (0.8.6-1ubuntu2) ...
Setting up libv4l-0:i386 (0.8.6-1ubuntu2) ...
Setting up libwavpack1:i386 (4.60.1-2) ...
Setting up libxdamage1:i386 (1:1.1.3-2build1) ...
Setting up libxfixes3:i386 (1:5.0-4ubuntu4.1) ...
Setting up libxv1:i386 (2:1.0.6-2ubuntu0.1) ...
Setting up libcdparanoia0:i386 (3.10.2+debian-10ubuntu1) ...
Setting up libvisual-0.4-0:i386 (0.4.0-4) ...
Setting up libvorbisenc2:i386 (1.3.2-1ubuntu3) ...
Setting up gstreamer0.10-plugins-base:i386 (0.10.36-1ubuntu0.1) ...
Setting up gstreamer0.10-plugins-good:i386 (0.10.31-1ubuntu1.2) ...
Setting up libdatrie1:i386 (0.2.5-3) ...
Setting up libthai0:i386 (0.1.16-3) ...
Setting up libxft2:i386 (2.2.0-3ubuntu2) ...
Setting up libpango1.0-0:i386 (1.30.0-0ubuntu3.1) ...
Setting up gtk2-engines-oxygen:i386 (1.2.2-0ubuntu1.1) ...
Setting up libaio1:i386 (0.3.109-2ubuntu1) ...
Setting up libao-common (1.1.0-1ubuntu2) ...
Setting up libao4:i386 (1.1.0-1ubuntu2) ...
Setting up libasound2:i386 (1.0.25-1ubuntu10.2) ...
Setting up libasyncns0:i386 (0.8-4) ...
Setting up libatk1.0-0:i386 (2.4.0-0ubuntu1) ...
Setting up libice6:i386 (2:1.0.7-2build1) ...
Setting up libsm6:i386 (2:1.2.0-2build1) ...
Setting up libxt6:i386 (1:1.1.1-2ubuntu0.1) ...
Setting up libaudio2:i386 (1.9.3-4) ...
Setting up libaudiofile1:i386 (0.3.3-2) ...
Setting up libavahi-common-data:i386 (0.6.30-5ubuntu2) ...
Setting up libavahi-common3:i386 (0.6.30-5ubuntu2) ...
Setting up libavahi-client3:i386 (0.6.30-5ubuntu2) ...
Setting up libltdl7:i386 (2.4.2-1ubuntu1) ...
Setting up libtdb1:i386 (1.2.9-4) ...
Setting up libvorbisfile3:i386 (1.3.2-1ubuntu3) ...
Setting up libcanberra0:i386 (0.28-3ubuntu3) ...
Setting up libcups2:i386 (1.5.3-0ubuntu8) ...
Setting up libxcomposite1:i386 (1:0.4.3-2build1) ...
Setting up libxcursor1:i386 (1:1.1.12-1ubuntu0.1) ...
Setting up libxi6:i386 (2:1.6.0-0ubuntu2.1) ...
Setting up libxinerama1:i386 (2:1.1.1-3ubuntu0.1) ...
Setting up libxrandr2:i386 (2:1.3.2-2ubuntu0.2) ...
Setting up libgtk2.0-0:i386 (2.24.10-0ubuntu6) ...
Setting up libcanberra-gtk0:i386 (0.28-3ubuntu3) ...
Setting up libcap2:i386 (1:2.22-1ubuntu3) ...
Setting up libcroco3 (0.6.5-1ubuntu0.1) ...
Setting up libcroco3:i386 (0.6.5-1ubuntu0.1) ...
Setting up libcupsimage2:i386 (1.5.3-0ubuntu8) ...
Setting up libcurl3 (7.22.0-3ubuntu4.2) ...
Setting up libcurl3:i386 (7.22.0-3ubuntu4.2) ...
Setting up libcurl4-openssl-dev (7.22.0-3ubuntu4.2) ...
Setting up esound-common (0.2.41-10build3) ...
Setting up libesd0:i386 (0.2.41-10build3) ...
Setting up libexif12:i386 (0.6.20-2ubuntu0.1) ...
Setting up libgail18:i386 (2.24.10-0ubuntu6) ...
Setting up libgconf-2-4:i386 (3.2.5-0ubuntu2) ...
Setting up libgomp1:i386 (4.6.3-1ubuntu5) ...
Setting up libunistring0:i386 (0.9.3-5) ...
Setting up libgettextpo0:i386 (0.18.1.1-5ubuntu3) ...
Setting up libglapi-mesa:i386 (8.0.4-0ubuntu0.6) ...
Setting up libx11-xcb1:i386 (2:1.4.99.1-0ubuntu2.1) ...
Setting up libxcb-glx0:i386 (1.8.1-1ubuntu0.2) ...
Setting up libxxf86vm1:i386 (1:1.1.1-2ubuntu0.1) ...
Setting up libgl1-mesa-glx:i386 (8.0.4-0ubuntu0.6) ...
update-alternatives: using /usr/lib/i386-linux-gnu/mesa/ld.so.conf to provide /etc/ld.so.conf.d/i386-linux-gnu_GL.conf (i386-linux-gnu_gl_conf) in auto mode.
Setting up libgphoto2-port0:i386 (2.4.13-1ubuntu1.2) ...
Setting up libgphoto2-2:i386 (2.4.13-1ubuntu1.2) ...
Setting up libibus-1.0-0:i386 (1.4.1-3ubuntu1) ...
Setting up libieee1284-3:i386 (0.2.11-10build1) ...
Setting up liblcms1:i386 (1.19.dfsg-1ubuntu3) ...
Setting up libllvm3.0:i386 (3.0-4ubuntu1) ...
Setting up libmad0:i386 (0.15.1b-7ubuntu1) ...
Setting up oss-compat (1) ...
Setting up libmikmod2:i386 (3.1.12-2) ...
Setting up libmng1:i386 (1.0.10-3) ...
Setting up libmpg123-0:i386 (1.12.1-3.2ubuntu1) ...
Setting up mysql-common (5.5.32-0ubuntu0.12.04.1) ...
Setting up libmysqlclient18 (5.5.32-0ubuntu0.12.04.1) ...
Setting up libmysqlclient18:i386 (5.5.32-0ubuntu0.12.04.1) ...
Setting up libmysqlclient-dev (5.5.32-0ubuntu0.12.04.1) ...
Setting up libnspr4:i386 (4.9.5-0ubuntu0.12.04.1) ...
Setting up libnss3:i386 (3.14.3-0ubuntu0.12.04.1) ...
Setting up libodbc1:i386 (2.2.14p2-5ubuntu3) ...
Setting up libjson0:i386 (0.9-1ubuntu1) ...
Setting up libsndfile1:i386 (1.0.25-4) ...
Setting up libwrap0:i386 (7.6.q-21) ...
Setting up libpulse0:i386 (1:1.1-0ubuntu15.3) ...
Setting up libpulse-mainloop-glib0:i386 (1:1.1-0ubuntu15.3) ...
Setting up libpulsedsp:i386 (1:1.1-0ubuntu15.3) ...
Setting up libqtcore4:i386 (4:4.8.1-0ubuntu4.4) ...
Setting up libqt4-xml:i386 (4:4.8.1-0ubuntu4.4) ...
Setting up libqt4-dbus:i386 (4:4.8.1-0ubuntu4.4) ...
Setting up libqt4-network:i386 (4:4.8.1-0ubuntu4.4) ...
Setting up libqt4-script:i386 (4:4.8.1-0ubuntu4.4) ...
Setting up libqt4-sql:i386 (4:4.8.1-0ubuntu4.4) ...
Setting up libqt4-xmlpatterns:i386 (4:4.8.1-0ubuntu4.4) ...
Setting up libqt4-sql-mysql:i386 (4:4.8.1-0ubuntu4.4) ...
Setting up libqt4-test:i386 (4:4.8.1-0ubuntu4.4) ...
Setting up librsvg2-2:i386 (2.36.1-0ubuntu1) ...
Setting up libsane-common (1.0.22-7ubuntu1) ...
Setting up acl (2.2.51-5ubuntu1) ...
Setting up libsane:i386 (1.0.22-7ubuntu1) ...
Setting up libsdl1.2debian:i386 (1.2.14-6.4ubuntu3) ...
Setting up libsdl-image1.2:i386 (1.2.10-3) ...
Setting up libsdl-mixer1.2:i386 (1.2.11-7) ...
Setting up libsdl-net1.2:i386 (1.2.7-5) ...
Setting up libsdl-ttf2.0-0:i386 (2.0.9-1.1ubuntu1) ...
Setting up libspeexdsp1:i386 (1.2~rc1-3ubuntu2) ...
Setting up libstdc++5:i386 (1:3.3.6-25ubuntu1) ...
Setting up libxmu6:i386 (2:1.1.0-3) ...
Setting up libxaw7:i386 (2:1.0.9-3ubuntu1) ...
Setting up libxp6:i386 (1:1.0.1-2ubuntu0.12.04.1) ...
Setting up libxslt1.1:i386 (1.1.26-8ubuntu1.3) ...
Setting up libxss1:i386 (1:1.2.1-2) ...
Setting up libxtst6:i386 (2:1.2.0-4ubuntu0.1) ...
Setting up libcapi20-3:i386 (1:3.12.20071127-0ubuntu11) ...
Setting up libglu1-mesa:i386 (8.0.4-0ubuntu0.6) ...
Setting up libopenal-data (1:1.13-4ubuntu3) ...
Setting up libopenal1:i386 (1:1.13-4ubuntu3) ...
Setting up krb5-locales (1.10+dfsg~beta1-2ubuntu0.3) ...
Setting up libsasl2-modules:i386 (2.1.25.dfsg1-3ubuntu0.1) ...
Setting up python-gi (3.2.2-1~precise) ...
Setting up uuid-runtime (2.20.1-1ubuntu3) ...
Setting up bluez-alsa:i386 (4.98-2ubuntu7) ...
Setting up gstreamer0.10-x:i386 (0.10.36-1ubuntu0.1) ...
Setting up gtk2-engines:i386 (1:2.20.2-1ubuntu1) ...
Setting up gtk2-engines-murrine:i386 (0.98.2-0ubuntu1) ...
Setting up gtk2-engines-pixbuf:i386 (2.24.10-0ubuntu6) ...
Setting up gvfs-libs:i386 (1.12.1-0ubuntu1.2) ...
Setting up gvfs:i386 (1.12.1-0ubuntu1.2) ...
Setting up ibus-gtk:i386 (1.4.1-3ubuntu1) ...
Setting up libasound2-plugins:i386 (1.0.25-1ubuntu1) ...
Setting up libcanberra-gtk-module:i386 (0.28-3ubuntu3) ...
Setting up libgail-common:i386 (2.24.10-0ubuntu6) ...
Setting up librsvg2-common:i386 (2.36.1-0ubuntu1) ...
Setting up xaw3dg:i386 (1.5+E-18.1ubuntu1) ...
Setting up libgl1-mesa-dri:i386 (8.0.4-0ubuntu0.6) ...
Setting up libgphoto2-l10n (2.4.13-1ubuntu1.2) ...
Setting up libvisual-0.4-plugins:i386 (0.4.0.dfsg.1-7) ...
Setting up tcpd (7.6.q-21) ...
Setting up odbcinst (2.2.14p2-5ubuntu3) ...
Setting up odbcinst1debian2 (2.2.14p2-5ubuntu3) ...
Setting up odbcinst1debian2:i386 (2.2.14p2-5ubuntu3) ...
Setting up libqtgui4:i386 (4:4.8.1-0ubuntu4.4) ...
Setting up libqt4-declarative:i386 (4:4.8.1-0ubuntu4.4) ...
Setting up libqt4-designer:i386 (4:4.8.1-0ubuntu4.4) ...
Setting up libqt4-opengl:i386 (4:4.8.1-0ubuntu4.4) ...
Setting up libqt4-qt3support:i386 (4:4.8.1-0ubuntu4.4) ...
Setting up libqt4-scripttools:i386 (4:4.8.1-0ubuntu4.4) ...
Setting up libqt4-svg:i386 (4:4.8.1-0ubuntu4.4) ...
Setting up libqtwebkit4:i386 (2.2.1-1ubuntu4) ...
Setting up ia32-libs-multiarch:i386 (20090808ubuntu36) ...
Setting up ia32-libs (20090808ubuntu36) ...
Processing triggers for libc-bin ...
ldconfig deferred processing now taking place
Processing triggers for libgdk-pixbuf2.0-0:i386 ...
travis_fold:end:before_install.2travis_fold:start:before_install.3$ wget http://dl.google.com/android/android-sdk_r21.0.1-linux.tgz
--2013-07-26 16:42:03--  http://dl.google.com/android/android-sdk_r21.0.1-linux.tgz
Resolving dl.google.com (dl.google.com)... 2607:f8b0:400e:c01::5d, 173.194.33.40, 173.194.33.34, ...
Connecting to dl.google.com (dl.google.com)|2607:f8b0:400e:c01::5d|:80... connected.
HTTP request sent, awaiting response... 200 OK
Length: 91394975 (87M) [application/x-tar]
Saving to: `android-sdk_r21.0.1-linux.tgz'

 0% [                                       ] 0           --.-K/s               0% [                                       ] 84,560       322K/s               0% [                                       ] 300,792      642K/s               0% [                                       ] 657,152      974K/s               1% [                                       ] 1,036,464   1.15M/s               1% [                                       ] 1,409,736   1.27M/s               1% [                                       ] 1,812,000   1.37M/s               2% [                                       ] 2,233,592   1.46M/s               2% [>                                      ] 2,466,736   1.36M/s               3% [>                                      ] 2,959,072   1.44M/s               3% [>                                      ] 3,524,328   1.56M/s               4% [>                                      ] 3,921,760   1.59M/s               4% [>                                      ] 4,302,280   1.60M/s               5% [>                                      ] 4,656,224   1.61M/s               5% [=>                                     ] 5,001,712   1.61M/s               5% [=>                                     ] 5,347,200   1.61M/s  eta 51s      6% [=>                                     ] 5,730,136   1.70M/s  eta 51s      6% [=>                                     ] 6,075,624   1.74M/s  eta 51s      7% [=>                                     ] 6,446,480   1.78M/s  eta 51s      7% [=>                                     ] 6,881,360   1.79M/s  eta 51s      8% [==>                                    ] 7,313,824   1.81M/s  eta 48s      8% [==>                                    ] 7,747,496   1.82M/s  eta 48s      8% [==>                                    ] 8,167,880   1.82M/s  eta 48s      9% [==>                                    ] 8,600,344   1.83M/s  eta 48s      9% [==>                                    ] 9,023,144   1.90M/s  eta 48s     10% [===>                                   ] 9,404,872   1.86M/s  eta 45s     10% [===>                                   ] 9,790,224   1.86M/s  eta 45s     11% [===>                                   ] 10,171,952  1.85M/s  eta 45s     11% [===>                                   ] 10,551,264  1.86M/s  eta 45s     11% [===>                                   ] 10,952,320  1.87M/s  eta 45s     12% [===>                                   ] 11,353,376  1.90M/s  eta 44s     12% [====>                                  ] 11,768,928  1.91M/s  eta 44s     13% [====>                                  ] 12,176,024  1.92M/s  eta 44s     13% [====>                                  ] 12,568,624  1.94M/s  eta 44s     14% [====>                                  ] 12,964,848  1.93M/s  eta 44s     14% [====>                                  ] 13,353,824  1.92M/s  eta 42s     15% [====>                                  ] 13,731,928  1.90M/s  eta 42s     15% [====>                                  ] 13,982,928  1.83M/s  eta 42s     15% [=====>                                 ] 14,171,376  1.74M/s  eta 42s     16% [=====>                                 ] 14,689,872  1.78M/s  eta 42s     16% [=====>                                 ] 15,031,736  1.80M/s  eta 42s     16% [=====>                                 ] 15,392,928  1.76M/s  eta 42s     17% [=====>                                 ] 15,756,536  1.75M/s  eta 42s     17% [=====>                                 ] 16,134,640  1.75M/s  eta 42s     18% [======>                                ] 16,513,952  1.75M/s  eta 42s     18% [======>                                ] 16,870,048  1.68M/s  eta 41s     18% [======>                                ] 17,294,320  1.68M/s  eta 41s     19% [======>                                ] 17,467,064  1.61M/s  eta 41s     19% [======>                                ] 17,637,392  1.55M/s  eta 41s     19% [======>                                ] 17,776,312  1.48M/s  eta 41s     19% [======>                                ] 17,855,776  1.28M/s  eta 43s     20% [======>                                ] 18,294,544  1.30M/s  eta 43s     20% [======>                                ] 18,452,792  1.25M/s  eta 43s     20% [======>                                ] 18,625,536  1.22M/s  eta 43s     20% [=======>                               ] 18,782,576  1.18M/s  eta 43s     20% [=======>                               ] 18,917,608  1.11M/s  eta 44s     20% [=======>                               ] 19,160,416  1.08M/s  eta 44s     21% [=======>                               ] 19,334,368  1.00M/s  eta 44s     21% [=======>                               ] 19,604,016  1007K/s  eta 44s     21% [=======>                               ] 19,800,920   967K/s  eta 44s     21% [=======>                               ] 20,018,360   938K/s  eta 45s     22% [=======>                               ] 20,220,096   866K/s  eta 45s     22% [=======>                               ] 20,408,544   851K/s  eta 45s     22% [=======>                               ] 20,541,424   843K/s  eta 45s     22% [=======>                               ] 20,615,112   809K/s  eta 45s     22% [=======>                               ] 20,793,632   847K/s  eta 47s     22% [=======>                               ] 20,928,928   749K/s  eta 47s     23% [=======>                               ] 21,047,576   737K/s  eta 47s     23% [========>                              ] 21,128,512   713K/s  eta 47s     23% [========>                              ] 21,221,528   689K/s  eta 47s     23% [========>                              ] 21,300,048   681K/s  eta 49s     23% [========>                              ] 21,370,112   632K/s  eta 49s     23% [========>                              ] 21,402,464   594K/s  eta 49s     23% [========>                              ] 21,480,040   543K/s  eta 49s     23% [========>                              ] 21,523,528   508K/s  eta 49s     23% [========>                              ] 21,585,136   474K/s  eta 52s     23% [========>                              ] 21,639,496   424K/s  eta 52s     23% [========>                              ] 21,693,856   383K/s  eta 52s     23% [========>                              ] 21,732,248   332K/s  eta 52s     23% [========>                              ] 21,860,560   350K/s  eta 52s     23% [========>                              ] 21,934,248   320K/s  eta 54s     24% [========>                              ] 22,011,560   342K/s  eta 54s     24% [========>                              ] 22,092,496   320K/s  eta 54s     24% [========>                              ] 22,167,392   319K/s  eta 54s     24% [========>                              ] 22,260,408   320K/s  eta 54s     24% [========>                              ] 22,361,880   322K/s  eta 56s     24% [========>                              ] 22,458,520   332K/s  eta 56s     24% [========>                              ] 22,552,744   342K/s  eta 56s     24% [========>                              ] 22,656,632   363K/s  eta 56s     24% [========>                              ] 22,753,272   375K/s  eta 56s     25% [========>                              ] 22,854,744   386K/s  eta 58s     25% [========>                              ] 22,946,552   404K/s  eta 58s     25% [========>                              ] 23,043,192   414K/s  eta 58s     25% [========>                              ] 23,150,704   428K/s  eta 58s     25% [========>                              ] 23,249,760   441K/s  eta 58s     25% [========>                              ] 23,347,608   446K/s  eta 59s     25% [=========>                             ] 23,464,784   457K/s  eta 59s     25% [=========>                             ] 23,572,296   467K/s  eta 59s     25% [=========>                             ] 23,693,096   480K/s  eta 59s     26% [=========>                             ] 23,805,440   488K/s  eta 59s     26% [=========>                             ] 23,921,408   496K/s  eta 60s     26% [=========>                             ] 24,051,872   506K/s  eta 60s     26% [=========>                             ] 24,128,920   457K/s  eta 60s     26% [=========>                             ] 24,496,416   536K/s  eta 60s     26% [=========>                             ] 24,572,256   518K/s  eta 61s     27% [=========>                             ] 24,690,640   510K/s  eta 61s     27% [=========>                             ] 24,792,376   514K/s  eta 61s     27% [=========>                             ] 24,869,688   505K/s  eta 61s     27% [=========>                             ] 24,945,792   496K/s  eta 61s     27% [=========>                             ] 25,004,984   483K/s  eta 63s     27% [=========>                             ] 25,076,256   472K/s  eta 63s     27% [=========>                             ] 25,158,400   465K/s  eta 63s     27% [=========>                             ] 25,221,216   453K/s  eta 63s     27% [=========>                             ] 25,251,152   422K/s  eta 63s     27% [=========>                             ] 25,375,840   424K/s  eta 64s     27% [=========>                             ] 25,448,320   412K/s  eta 64s     27% [=========>                             ] 25,525,632   389K/s  eta 64s     28% [=========>                             ] 25,598,112   429K/s  eta 64s     28% [=========>                             ] 25,670,592   345K/s  eta 64s     28% [=========>                             ] 25,733,408   337K/s  eta 66s     28% [==========>                            ] 25,814,344   350K/s  eta 66s     28% [==========>                            ] 25,906,152   342K/s  eta 66s     28% [==========>                            ] 26,024,536   356K/s  eta 66s     28% [==========>                            ] 26,121,176   363K/s  eta 66s     28% [==========>                            ] 26,234,728   376K/s  eta 66s     28% [==========>                            ] 26,354,320   393K/s  eta 66s     28% [==========>                            ] 26,472,704   407K/s  eta 66s     29% [==========>                            ] 26,597,128   418K/s  eta 66s     29% [==========>                            ] 26,711,888   428K/s  eta 66s     29% [==========>                            ] 26,838,728   468K/s  eta 67s     29% [==========>                            ] 26,961,944   466K/s  eta 67s     29% [==========>                            ] 27,097,240   483K/s  eta 67s     29% [==========>                            ] 27,234,952   504K/s  eta 67s     29% [==========>                            ] 27,348,504   514K/s  eta 67s     30% [==========>                            ] 27,446,352   527K/s  eta 67s     30% [==========>                            ] 27,540,576   532K/s  eta 67s     30% [==========>                            ] 27,649,032   531K/s  eta 67s     30% [==========>                            ] 27,765,264   538K/s  eta 67s     30% [==========>                            ] 27,878,816   540K/s  eta 67s     30% [==========>                            ] 27,997,200   543K/s  eta 68s     30% [==========>                            ] 28,116,792   546K/s  eta 68s     30% [===========>                           ] 28,242,424   550K/s  eta 68s     31% [===========>                           ] 28,372,888   554K/s  eta 68s     31% [===========>                           ] 28,511,808   555K/s  eta 68s     31% [===========>                           ] 28,648,312   559K/s  eta 68s     31% [===========>                           ] 28,787,232   565K/s  eta 68s     31% [===========>                           ] 28,914,072   560K/s  eta 68s     31% [===========>                           ] 29,046,952   560K/s  eta 68s     31% [===========>                           ] 29,175,000   561K/s  eta 68s     32% [===========>                           ] 29,300,632   569K/s  eta 68s     32% [===========>                           ] 29,433,512   588K/s  eta 68s     32% [===========>                           ] 29,448,952   581K/s  eta 68s     32% [===========>                           ] 29,694,440   603K/s  eta 68s     32% [===========>                           ] 29,834,568   615K/s  eta 68s     32% [===========>                           ] 29,986,776   624K/s  eta 68s     32% [===========>                           ] 30,123,016   611K/s  eta 68s     33% [===========>                           ] 30,373,336   649K/s  eta 68s     33% [============>                          ] 30,517,088   651K/s  eta 68s     33% [============>                          ] 30,664,464   660K/s  eta 68s     33% [============>                          ] 30,799,760   661K/s  eta 67s     33% [============>                          ] 30,947,136   665K/s  eta 67s     34% [============>                          ] 31,094,512   672K/s  eta 67s     34% [============>                          ] 31,239,472   676K/s  eta 67s     34% [============>                          ] 31,363,632   643K/s  eta 67s     34% [============>                          ] 31,632,072   685K/s  eta 67s     34% [============>                          ] 31,742,000   678K/s  eta 67s     34% [============>                          ] 31,821,464   683K/s  eta 67s     34% [============>                          ] 31,975,144   655K/s  eta 67s     35% [============>                          ] 32,072,992   640K/s  eta 67s     35% [============>                          ] 32,173,256   627K/s  eta 67s     35% [============>                          ] 32,274,728   640K/s  eta 67s     35% [============>                          ] 32,384,656   599K/s  eta 67s     35% [============>                          ] 32,487,336   588K/s  eta 67s     35% [============>                          ] 32,590,016   571K/s  eta 67s     35% [============>                          ] 32,722,896   567K/s  eta 67s     35% [=============>                         ] 32,850,944   565K/s  eta 67s     36% [=============>                         ] 32,968,120   552K/s  eta 67s     36% [=============>                         ] 33,091,336   547K/s  eta 67s     36% [=============>                         ] 33,220,592   545K/s  eta 67s     36% [=============>                         ] 33,353,472   577K/s  eta 67s     36% [=============>                         ] 33,455,888   531K/s  eta 67s     36% [=============>                         ] 33,628,896   535K/s  eta 67s     36% [=============>                         ] 33,743,656   539K/s  eta 67s     37% [=============>                         ] 33,870,496   550K/s  eta 67s     37% [=============>                         ] 33,985,256   555K/s  eta 67s     37% [=============>                         ] 34,104,848   560K/s  eta 67s     37% [=============>                         ] 34,197,600   555K/s  eta 67s     37% [=============>                         ] 34,370,608   575K/s  eta 67s     37% [=============>                         ] 34,497,448   581K/s  eta 67s     37% [=============>                         ] 34,639,992   613K/s  eta 67s     38% [=============>                         ] 34,774,080   589K/s  eta 67s     38% [=============>                         ] 34,823,344   559K/s  eta 67s     38% [=============>                         ] 35,082,120   598K/s  eta 67s     38% [==============>                        ] 35,234,328   604K/s  eta 67s     38% [==============>                        ] 35,394,992   620K/s  eta 66s     38% [==============>                        ] 35,567,736   627K/s  eta 66s     39% [==============>                        ] 35,744,104   671K/s  eta 66s     39% [==============>                        ] 35,916,848   670K/s  eta 66s     39% [==============>                        ] 36,084,760   690K/s  eta 66s     39% [==============>                        ] 36,257,504   706K/s  eta 65s     39% [==============>                        ] 36,441,120   721K/s  eta 65s     39% [==============>                        ] 36,469,848   676K/s  eta 65s     40% [==============>                        ] 36,862,448   748K/s  eta 65s     40% [==============>                        ] 37,029,416   771K/s  eta 65s     40% [==============>                        ] 37,169,544   764K/s  eta 64s     40% [==============>                        ] 37,327,792   771K/s  eta 64s     41% [===============>                       ] 37,502,688   763K/s  eta 64s     41% [===============>                       ] 37,737,304   827K/s  eta 64s     41% [===============>                       ] 37,918,504   805K/s  eta 64s     41% [===============>                       ] 38,103,328   815K/s  eta 63s     41% [===============>                       ] 38,276,072   818K/s  eta 63s     42% [===============>                       ] 38,470,560   824K/s  eta 63s     42% [===============>                       ] 38,661,424   829K/s  eta 63s     42% [===============>                       ] 38,839,000   831K/s  eta 63s     42% [===============>                       ] 39,038,320   840K/s  eta 62s     42% [===============>                       ] 39,232,808   852K/s  eta 62s     43% [===============>                       ] 39,418,840   917K/s  eta 62s     43% [===============>                       ] 39,608,232   845K/s  eta 62s     43% [===============>                       ] 39,815,064   863K/s  eta 62s     43% [================>                      ] 40,010,760   882K/s  eta 60s     43% [================>                      ] 40,201,624   894K/s  eta 60s     44% [================>                      ] 40,394,904   903K/s  eta 60s     44% [================>                      ] 40,593,016   917K/s  eta 60s     44% [================>                      ] 40,781,464   921K/s  eta 60s     44% [================>                      ] 40,969,912   923K/s  eta 59s     45% [================>                      ] 41,174,064   927K/s  eta 59s     45% [================>                      ] 41,363,720   931K/s  eta 59s     45% [================>                      ] 41,550,960   930K/s  eta 59s     45% [================>                      ] 41,660,624   880K/s  eta 59s     45% [================>                      ] 42,022,080   935K/s  eta 58s     46% [=================>                     ] 42,217,776   939K/s  eta 58s     46% [=================>                     ] 42,430,384   942K/s  eta 58s     46% [=================>                     ] 42,639,368   947K/s  eta 58s     46% [=================>                     ] 42,845,936   951K/s  eta 58s     46% [=================>                     ] 42,921,776   912K/s  eta 57s     47% [=================>                     ] 43,201,088   937K/s  eta 57s     47% [=================>                     ] 43,382,024   950K/s  eta 57s     47% [=================>                     ] 43,558,656   929K/s  eta 57s     47% [=================>                     ] 43,738,648   926K/s  eta 57s     48% [=================>                     ] 43,919,848   923K/s  eta 55s     48% [=================>                     ] 44,021,056   882K/s  eta 55s     48% [=================>                     ] 44,365,600   931K/s  eta 55s     48% [==================>                    ] 44,568,544   931K/s  eta 55s     48% [==================>                    ] 44,782,360   989K/s  eta 55s     49% [==================>                    ] 44,980,208   937K/s  eta 54s     49% [==================>                    ] 45,212,408   946K/s  eta 54s     49% [==================>                    ] 45,437,096   951K/s  eta 54s     49% [==================>                    ] 45,653,328   956K/s  eta 54s     50% [==================>                    ] 45,873,184   960K/s  eta 54s     50% [==================>                    ] 46,094,248   965K/s  eta 52s     50% [==================>                    ] 46,317,728   982K/s  eta 52s     50% [==================>                    ] 46,537,584   999K/s  eta 52s     51% [==================>                    ] 46,756,232  1013K/s  eta 52s     51% [===================>                   ] 46,977,296  1.00M/s  eta 52s     51% [===================>                   ] 47,192,320  1.01M/s  eta 51s     51% [===================>                   ] 47,419,424  1.02M/s  eta 51s     52% [===================>                   ] 47,640,488  1.03M/s  eta 51s     52% [===================>                   ] 47,849,472  1.03M/s  eta 51s     52% [===================>                   ] 48,069,328  1.03M/s  eta 51s     52% [===================>                   ] 48,298,584  1.04M/s  eta 49s     53% [===================>                   ] 48,517,496  1.04M/s  eta 49s     53% [===================>                   ] 48,737,352  1.04M/s  eta 49s     53% [===================>                   ] 48,970,496  1.05M/s  eta 49s     53% [===================>                   ] 49,178,008  1.04M/s  eta 49s     54% [====================>                  ] 49,418,664  1.05M/s  eta 48s     54% [====================>                  ] 49,656,640  1.05M/s  eta 48s     54% [====================>                  ] 49,892,200  1.06M/s  eta 48s     54% [====================>                  ] 50,136,216  1.06M/s  eta 48s     55% [====================>                  ] 50,388,688  1.08M/s  eta 48s     55% [====================>                  ] 50,636,328  1.08M/s  eta 46s     55% [====================>                  ] 50,904,504  1.09M/s  eta 46s     55% [====================>                  ] 51,176,304  1.11M/s  eta 46s     56% [====================>                  ] 51,457,768  1.13M/s  eta 46s     56% [=====================>                 ] 51,741,648  1.15M/s  eta 46s     56% [=====================>                 ] 51,978,152  1.13M/s  eta 44s     57% [=====================>                 ] 52,466,448  1.21M/s  eta 44s     57% [=====================>                 ] 52,798,648  1.24M/s  eta 44s     58% [=====================>                 ] 53,129,640  1.27M/s  eta 44s     58% [=====================>                 ] 53,495,664  1.32M/s  eta 44s     58% [=====================>                 ] 53,871,352  1.35M/s  eta 41s     59% [======================>                ] 54,261,272  1.41M/s  eta 41s     59% [======================>                ] 54,640,848  1.45M/s  eta 41s     60% [======================>                ] 55,038,280  1.50M/s  eta 41s     60% [======================>                ] 55,461,080  1.54M/s  eta 41s     61% [======================>                ] 55,886,296  1.60M/s  eta 38s     61% [=======================>               ] 56,309,096  1.65M/s  eta 38s     62% [=======================>               ] 56,742,768  1.69M/s  eta 38s     62% [=======================>               ] 57,140,200  1.74M/s  eta 38s     62% [=======================>               ] 57,546,088  1.77M/s  eta 38s     63% [=======================>               ] 57,976,136  1.80M/s  eta 35s     63% [=======================>               ] 58,396,520  1.86M/s  eta 35s     64% [========================>              ] 58,818,112  1.89M/s  eta 35s     64% [========================>              ] 59,170,584  1.83M/s  eta 35s     65% [========================>              ] 59,634,824  1.85M/s  eta 35s     65% [========================>              ] 60,230,672  1.91M/s  eta 32s     66% [========================>              ] 60,609,344  1.91M/s  eta 32s     66% [=========================>             ] 61,008,624  1.92M/s  eta 32s     67% [=========================>             ] 61,415,720  1.93M/s  eta 32s     67% [=========================>             ] 61,828,856  1.93M/s  eta 32s     68% [=========================>             ] 62,222,664  1.92M/s  eta 30s     68% [=========================>             ] 62,598,352  1.91M/s  eta 30s     68% [=========================>             ] 62,971,624  1.89M/s  eta 30s     69% [==========================>            ] 63,402,880  1.89M/s  eta 30s     69% [==========================>            ] 63,828,096  1.90M/s  eta 30s     70% [==========================>            ] 64,266,600  1.91M/s  eta 27s     70% [==========================>            ] 64,605,784  1.85M/s  eta 27s     71% [==========================>            ] 65,009,256  1.84M/s  eta 27s     71% [==========================>            ] 65,438,360  1.85M/s  eta 27s     71% [===========================>           ] 65,763,048  1.89M/s  eta 27s     72% [===========================>           ] 66,094,040  1.77M/s  eta 25s     72% [===========================>           ] 66,614,952  1.80M/s  eta 25s     73% [===========================>           ] 66,977,352  1.80M/s  eta 25s     73% [===========================>           ] 67,326,200  1.78M/s  eta 25s     74% [===========================>           ] 67,700,944  1.76M/s  eta 25s     74% [============================>          ] 68,070,592  1.76M/s  eta 23s     74% [============================>          ] 68,446,280  1.76M/s  eta 23s     75% [============================>          ] 68,802,640  1.75M/s  eta 23s     75% [============================>          ] 69,185,576  1.73M/s  eta 23s     76% [============================>          ] 69,570,928  1.72M/s  eta 23s     76% [============================>          ] 69,955,072  1.71M/s  eta 21s     76% [=============================>         ] 70,336,800  1.69M/s  eta 21s     77% [=============================>         ] 70,696,520  1.64M/s  eta 21s     77% [=============================>         ] 71,244,008  1.73M/s  eta 21s     78% [=============================>         ] 71,527,888  1.72M/s  eta 21s     78% [=============================>         ] 71,803,312  1.69M/s  eta 19s     78% [=============================>         ] 72,105,312  1.68M/s  eta 19s     79% [=============================>         ] 72,425,432  1.67M/s  eta 19s     79% [==============================>        ] 72,743,136  1.66M/s  eta 19s     79% [==============================>        ] 73,082,584  1.65M/s  eta 19s     80% [==============================>        ] 73,412,368  1.66M/s  eta 17s     80% [==============================>        ] 73,760,272  1.63M/s  eta 17s     81% [==============================>        ] 74,102,136  1.63M/s  eta 17s     81% [==============================>        ] 74,474,200  1.62M/s  eta 17s     81% [==============================>        ] 74,846,264  1.63M/s  eta 17s     82% [===============================>       ] 75,218,328  1.62M/s  eta 15s     82% [===============================>       ] 75,595,224  1.61M/s  eta 15s     83% [===============================>       ] 75,969,704  1.62M/s  eta 15s     83% [===============================>       ] 76,328,216  1.67M/s  eta 15s     83% [===============================>       ] 76,741,352  1.63M/s  eta 15s     84% [===============================>       ] 77,166,568  1.66M/s  eta 13s     84% [================================>      ] 77,557,016  1.70M/s  eta 13s     85% [================================>      ] 77,879,552  1.70M/s  eta 13s     85% [================================>      ] 78,260,072  1.72M/s  eta 13s     86% [================================>      ] 78,637,912  1.72M/s  eta 13s     86% [================================>      ] 79,050,104  1.75M/s  eta 11s     86% [================================>      ] 79,437,608  1.76M/s  eta 11s     87% [=================================>     ] 79,796,648  1.76M/s  eta 11s     87% [=================================>     ] 80,151,800  1.76M/s  eta 11s     88% [=================================>     ] 80,516,352  1.74M/s  eta 11s     88% [=================================>     ] 80,825,600  1.72M/s  eta 10s     88% [=================================>     ] 80,933,376  1.62M/s  eta 10s     88% [=================================>     ] 81,333,224  1.63M/s  eta 10s     89% [=================================>     ] 81,628,920  1.60M/s  eta 10s     89% [=================================>     ] 81,942,056  1.59M/s  eta 10s     89% [==================================>    ] 82,241,640  1.56M/s  eta 8s      90% [==================================>    ] 82,570,216  1.55M/s  eta 8s      90% [==================================>    ] 82,883,088  1.53M/s  eta 8s      91% [==================================>    ] 83,187,504  1.52M/s  eta 8s      91% [==================================>    ] 83,485,880  1.49M/s  eta 8s      91% [==================================>    ] 83,803,584  1.48M/s  eta 7s      92% [==================================>    ] 84,169,608  1.47M/s  eta 7s      92% [===================================>   ] 84,539,256  1.49M/s  eta 7s      92% [===================================>   ] 84,911,320  1.49M/s  eta 7s      93% [===================================>   ] 85,284,592  1.48M/s  eta 7s      93% [===================================>   ] 85,669,944  1.51M/s  eta 5s      94% [===================================>   ] 86,048,048  1.55M/s  eta 5s      94% [===================================>   ] 86,427,360  1.58M/s  eta 5s      94% [====================================>  ] 86,821,168  1.64M/s  eta 5s      95% [====================================>  ] 87,201,688  1.65M/s  eta 5s      95% [====================================>  ] 87,583,416  1.68M/s  eta 3s      96% [====================================>  ] 87,960,312  1.70M/s  eta 3s      96% [====================================>  ] 88,337,208  1.71M/s  eta 3s      97% [====================================>  ] 88,717,728  1.73M/s  eta 3s      97% [=====================================> ] 89,103,080  1.77M/s  eta 3s      97% [=====================================> ] 89,484,808  1.78M/s  eta 2s      98% [=====================================> ] 89,851,776  1.78M/s  eta 2s      98% [=====================================> ] 90,296,584  1.80M/s  eta 2s      99% [=====================================> ] 90,681,936  1.81M/s  eta 2s      99% [=====================================> ] 91,060,040  1.81M/s  eta 2s      100%[======================================>] 91,394,975  1.81M/s   in 80s     

2013-07-26 16:43:23 (1.09 MB/s) - `android-sdk_r21.0.1-linux.tgz' saved [91394975/91394975]

travis_fold:end:before_install.3travis_fold:start:before_install.4$ echo "Installing android SDK into ${PWD}/android-sdk-linux"
Installing android SDK into /home/travis/build/square/dagger/android-sdk-linux
travis_fold:end:before_install.4travis_fold:start:before_install.5$ tar -xzf android-sdk_r21.0.1-linux.tgz
travis_fold:end:before_install.5travis_fold:start:before_install.6$ export ANDROID_HOME=${PWD}/android-sdk-linux
travis_fold:end:before_install.6travis_fold:start:before_install.7$ export PATH=${PATH}:${ANDROID_HOME}/tools:${ANDROID_HOME}/platform-tools
travis_fold:end:before_install.7travis_fold:start:before_install.8$ android update sdk --filter platform-tools,android-16 --no-ui --force
Refresh Sources:
  Fetching https://dl-ssl.google.com/android/repository/addons_list-2.xml
  Validate XML
  Parse XML
  Fetched Add-ons List successfully
  Refresh Sources
  Fetching URL: https://dl-ssl.google.com/android/repository/repository-7.xml
  Validate XML: https://dl-ssl.google.com/android/repository/repository-7.xml
  Parse XML:    https://dl-ssl.google.com/android/repository/repository-7.xml
  Fetching URL: https://dl-ssl.google.com/android/repository/addon.xml
  Validate XML: https://dl-ssl.google.com/android/repository/addon.xml
  Parse XML:    https://dl-ssl.google.com/android/repository/addon.xml
  Fetching URL: https://dl-ssl.google.com/android/repository/extras/intel/addon.xml
  Validate XML: https://dl-ssl.google.com/android/repository/extras/intel/addon.xml
  Parse XML:    https://dl-ssl.google.com/android/repository/extras/intel/addon.xml
  Fetching URL: https://dl-ssl.google.com/android/repository/sys-img.xml
  Validate XML: https://dl-ssl.google.com/android/repository/sys-img.xml
  Parse XML:    https://dl-ssl.google.com/android/repository/sys-img.xml
  Fetching URL: https://dl-ssl.google.com/android/repository/sys-img/mips/sys-img.xml
  Validate XML: https://dl-ssl.google.com/android/repository/sys-img/mips/sys-img.xml
  Parse XML:    https://dl-ssl.google.com/android/repository/sys-img/mips/sys-img.xml
  Fetching URL: https://dl-ssl.google.com/android/repository/sys-img/x86/sys-img.xml
  Validate XML: https://dl-ssl.google.com/android/repository/sys-img/x86/sys-img.xml
  Parse XML:    https://dl-ssl.google.com/android/repository/sys-img/x86/sys-img.xml
Installing Archives:
  Preparing to install archives
  Downloading Android SDK Platform-tools, revision 16.0.2
  Installing Android SDK Platform-tools, revision 16.0.2
  Stopping ADB server failed (code -1).
  Unzipping Android SDK Platform-tools, revision 16.0.2 (1%)  Unzipping Android SDK Platform-tools, revision 16.0.2 (4%)  Unzipping Android SDK Platform-tools, revision 16.0.2 (5%)  Unzipping Android SDK Platform-tools, revision 16.0.2 (7%)  Unzipping Android SDK Platform-tools, revision 16.0.2 (9%)  Unzipping Android SDK Platform-tools, revision 16.0.2 (14%)  Unzipping Android SDK Platform-tools, revision 16.0.2 (18%)  Unzipping Android SDK Platform-tools, revision 16.0.2 (99%)    Installed Android SDK Platform-tools, revision 16.0.2
  Downloading SDK Platform Android 4.1.2, API 16, revision 4
     (44%, 10369 KiB/s, 2 seconds left)     (80%, 12571 KiB/s, 0 seconds left)  Installing SDK Platform Android 4.1.2, API 16, revision 4
  Unzipping SDK Platform Android 4.1.2, API 16, revision 4 (1%)  Unzipping SDK Platform Android 4.1.2, API 16, revision 4 (2%)  Unzipping SDK Platform Android 4.1.2, API 16, revision 4 (3%)  Unzipping SDK Platform Android 4.1.2, API 16, revision 4 (4%)  Unzipping SDK Platform Android 4.1.2, API 16, revision 4 (5%)  Unzipping SDK Platform Android 4.1.2, API 16, revision 4 (6%)  Unzipping SDK Platform Android 4.1.2, API 16, revision 4 (11%)  Unzipping SDK Platform Android 4.1.2, API 16, revision 4 (12%)  Unzipping SDK Platform Android 4.1.2, API 16, revision 4 (13%)  Unzipping SDK Platform Android 4.1.2, API 16, revision 4 (15%)  Unzipping SDK Platform Android 4.1.2, API 16, revision 4 (16%)  Unzipping SDK Platform Android 4.1.2, API 16, revision 4 (17%)  Unzipping SDK Platform Android 4.1.2, API 16, revision 4 (18%)  Unzipping SDK Platform Android 4.1.2, API 16, revision 4 (19%)  Unzipping SDK Platform Android 4.1.2, API 16, revision 4 (20%)  Unzipping SDK Platform Android 4.1.2, API 16, revision 4 (21%)  Unzipping SDK Platform Android 4.1.2, API 16, revision 4 (22%)  Unzipping SDK Platform Android 4.1.2, API 16, revision 4 (25%)  Unzipping SDK Platform Android 4.1.2, API 16, revision 4 (42%)  Unzipping SDK Platform Android 4.1.2, API 16, revision 4 (43%)  Unzipping SDK Platform Android 4.1.2, API 16, revision 4 (44%)  Unzipping SDK Platform Android 4.1.2, API 16, revision 4 (45%)  Unzipping SDK Platform Android 4.1.2, API 16, revision 4 (46%)  Unzipping SDK Platform Android 4.1.2, API 16, revision 4 (49%)  Unzipping SDK Platform Android 4.1.2, API 16, revision 4 (50%)  Unzipping SDK Platform Android 4.1.2, API 16, revision 4 (77%)  Unzipping SDK Platform Android 4.1.2, API 16, revision 4 (78%)  Unzipping SDK Platform Android 4.1.2, API 16, revision 4 (81%)  Unzipping SDK Platform Android 4.1.2, API 16, revision 4 (82%)  Unzipping SDK Platform Android 4.1.2, API 16, revision 4 (83%)  Unzipping SDK Platform Android 4.1.2, API 16, revision 4 (84%)  Unzipping SDK Platform Android 4.1.2, API 16, revision 4 (85%)  Unzipping SDK Platform Android 4.1.2, API 16, revision 4 (86%)  Unzipping SDK Platform Android 4.1.2, API 16, revision 4 (89%)  Unzipping SDK Platform Android 4.1.2, API 16, revision 4 (90%)  Unzipping SDK Platform Android 4.1.2, API 16, revision 4 (91%)  Unzipping SDK Platform Android 4.1.2, API 16, revision 4 (92%)  Unzipping SDK Platform Android 4.1.2, API 16, revision 4 (93%)  Unzipping SDK Platform Android 4.1.2, API 16, revision 4 (94%)  Unzipping SDK Platform Android 4.1.2, API 16, revision 4 (95%)  Unzipping SDK Platform Android 4.1.2, API 16, revision 4 (96%)    Installed SDK Platform Android 4.1.2, API 16, revision 4
    Stopping ADB server succeeded.
    Starting ADB server succeeded.
  Done. 2 packages installed.
travis_fold:end:before_install.8travis_fold:start:install$ mvn install clean --fail-never --quiet -DskipTests=true -Dinvoker.skip=true
travis_fold:end:install$ mvn verify
[INFO] Scanning for projects...
[WARNING] 
[WARNING] Some problems were encountered while building the effective model for com.squareup.dagger:dagger:jar:1.0.2-SNAPSHOT
[WARNING] 'build.plugins.plugin.version' for org.apache.maven.plugins:maven-javadoc-plugin is missing. @ line 50, column 15
[WARNING] 'build.plugins.plugin.version' for org.apache.maven.plugins:maven-jar-plugin is missing. @ line 56, column 15
[WARNING] 
[WARNING] It is highly recommended to fix these problems because they threaten the stability of your build.
[WARNING] 
[WARNING] For this reason, future Maven versions might no longer support building such malformed projects.
[WARNING] 
[INFO] ------------------------------------------------------------------------
[INFO] Reactor Build Order:
[INFO] 
[INFO] Dagger (Parent)
[INFO] Dagger
[INFO] Dagger Compiler
[INFO] Examples
[INFO] Examples: Simple
[INFO] Examples: Android - Simple
[INFO] Examples: Android - Activity Graphs
[INFO]                                                                         
[INFO] ------------------------------------------------------------------------
[INFO] Building Dagger (Parent) 1.0.2-SNAPSHOT
[INFO] ------------------------------------------------------------------------
[INFO] 
[INFO] --- maven-enforcer-plugin:1.0:enforce (enforce-maven) @ dagger-parent ---
[INFO] 
[INFO] --- maven-checkstyle-plugin:2.10:checkstyle (default) @ dagger-parent ---
[INFO]                                                                         
[INFO] ------------------------------------------------------------------------
[INFO] Building Dagger 1.0.2-SNAPSHOT
[INFO] ------------------------------------------------------------------------
[INFO] 
[INFO] --- maven-enforcer-plugin:1.0:enforce (enforce-maven) @ dagger ---
[INFO] 
[INFO] --- maven-resources-plugin:2.3:resources (default-resources) @ dagger ---
[INFO] Using 'UTF-8' encoding to copy filtered resources.
[INFO] skip non existing resourceDirectory /home/travis/build/square/dagger/core/src/main/resources
[INFO] 
[INFO] --- maven-compiler-plugin:3.1:compile (default-compile) @ dagger ---
[INFO] Changes detected - recompiling the module!
[INFO] Compiling 23 source files to /home/travis/build/square/dagger/core/target/classes
[WARNING] bootstrap class path not set in conjunction with -source 1.6
[WARNING] /home/travis/build/square/dagger/core/src/main/java/dagger/internal/Loader.java:[85,41] unchecked cast
  required: T
  found:    capture#1 of ?
[WARNING] /home/travis/build/square/dagger/core/src/main/java/dagger/internal/ProblemDetector.java:[33,10] found raw type: dagger.internal.Binding
  missing type arguments for generic class dagger.internal.Binding<T>
[WARNING] /home/travis/build/square/dagger/core/src/main/java/dagger/internal/ProblemDetector.java:[33,50] found raw type: dagger.internal.Binding
  missing type arguments for generic class dagger.internal.Binding<T>
[WARNING] /home/travis/build/square/dagger/core/src/main/java/dagger/internal/UniqueMap.java:[24,8] serializable class dagger.internal.UniqueMap has no definition of serialVersionUID
[INFO] 
[INFO] --- maven-resources-plugin:2.3:testResources (default-testResources) @ dagger ---
[INFO] Using 'UTF-8' encoding to copy filtered resources.
[INFO] skip non existing resourceDirectory /home/travis/build/square/dagger/core/src/test/resources
[INFO] 
[INFO] --- maven-compiler-plugin:3.1:testCompile (default-testCompile) @ dagger ---
[INFO] Changes detected - recompiling the module!
[INFO] Compiling 17 source files to /home/travis/build/square/dagger/core/target/test-classes
[WARNING] bootstrap class path not set in conjunction with -source 1.6
[WARNING] /home/travis/build/square/dagger/core/src/test/java/dagger/SetBindingTest.java:[98,19] unchecked generic array creation for varargs parameter of type java.util.Set<java.lang.String>[]
[WARNING] /home/travis/build/square/dagger/core/src/test/java/dagger/SetBindingTest.java:[104,21] unchecked generic array creation for varargs parameter of type java.util.Set<java.lang.String>[]
[WARNING] /home/travis/build/square/dagger/core/src/test/java/dagger/internal/TestingModuleAdapter.java:[117,40] unchecked cast
  required: M
  found:    capture#1 of ?
[WARNING] /home/travis/build/square/dagger/core/src/test/java/dagger/internal/TestingModuleAdapter.java:[166,24] found raw type: dagger.internal.Binding
  missing type arguments for generic class dagger.internal.Binding<T>
[WARNING] /home/travis/build/square/dagger/core/src/test/java/dagger/internal/TestingModuleAdapter.java:[179,33] unchecked cast
  required: T
  found:    java.lang.Object
[WARNING] /home/travis/build/square/dagger/core/src/test/java/dagger/ModuleTest.java:[226,17] found raw type: javax.inject.Provider
  missing type arguments for generic class javax.inject.Provider<T>
[WARNING] /home/travis/build/square/dagger/core/src/test/java/dagger/ModuleTest.java:[260,17] found raw type: dagger.Lazy
  missing type arguments for generic class dagger.Lazy<T>
[INFO] 
[INFO] --- maven-surefire-plugin:2.10:test (default-test) @ dagger ---
[INFO] Surefire report directory: /home/travis/build/square/dagger/core/target/surefire-reports
Downloading: http://repo.maven.apache.org/maven2/org/apache/maven/surefire/surefire-junit4/2.10/surefire-junit4-2.10.pom
3/3 KB            Downloaded: http://repo.maven.apache.org/maven2/org/apache/maven/surefire/surefire-junit4/2.10/surefire-junit4-2.10.pom (3 KB at 9.4 KB/sec)
Downloading: http://repo.maven.apache.org/maven2/org/apache/maven/surefire/surefire-providers/2.10/surefire-providers-2.10.pom
3/3 KB            Downloaded: http://repo.maven.apache.org/maven2/org/apache/maven/surefire/surefire-providers/2.10/surefire-providers-2.10.pom (3 KB at 88.5 KB/sec)
Downloading: http://repo.maven.apache.org/maven2/org/apache/maven/surefire/surefire-junit4/2.10/surefire-junit4-2.10.jar
4/33 KB   8/33 KB   12/33 KB   16/33 KB   20/33 KB   24/33 KB   28/33 KB   32/33 KB   33/33 KB              Downloaded: http://repo.maven.apache.org/maven2/org/apache/maven/surefire/surefire-junit4/2.10/surefire-junit4-2.10.jar (33 KB at 638.9 KB/sec)

-------------------------------------------------------
 T E S T S
-------------------------------------------------------
Running dagger.internal.KeysTest
Tests run: 18, Failures: 0, Errors: 0, Skipped: 0, Time elapsed: 0.187 sec
Running dagger.internal.SingletonBindingTest
Tests run: 7, Failures: 0, Errors: 0, Skipped: 0, Time elapsed: 0.219 sec
Running dagger.internal.FailoverLoaderTest
Tests run: 1, Failures: 0, Errors: 0, Skipped: 0, Time elapsed: 0.029 sec
Running dagger.ExtensionTest
Tests run: 3, Failures: 0, Errors: 0, Skipped: 0, Time elapsed: 0.033 sec
Running dagger.ThreadSafetyTest
Tests run: 2, Failures: 0, Errors: 0, Skipped: 0, Time elapsed: 0.069 sec
Running dagger.InjectStaticsTest
Tests run: 3, Failures: 0, Errors: 0, Skipped: 0, Time elapsed: 0.026 sec
Running dagger.UnusedProviderTest
Tests run: 5, Failures: 0, Errors: 0, Skipped: 0, Time elapsed: 0.026 sec
Running dagger.LazyInjectionTest
Tests run: 5, Failures: 0, Errors: 0, Skipped: 0, Time elapsed: 0.017 sec
Running dagger.InjectionOfLazyTest
Tests run: 4, Failures: 0, Errors: 0, Skipped: 0, Time elapsed: 0.015 sec
Running dagger.SetBindingTest
Tests run: 9, Failures: 0, Errors: 0, Skipped: 0, Time elapsed: 0.056 sec
Running dagger.ModuleTest
Tests run: 14, Failures: 0, Errors: 0, Skipped: 0, Time elapsed: 0.043 sec
Running dagger.MembersInjectorTest
Tests run: 8, Failures: 0, Errors: 0, Skipped: 0, Time elapsed: 0.031 sec
Running dagger.ProblemDetectorTest
Tests run: 3, Failures: 0, Errors: 0, Skipped: 0, Time elapsed: 0.011 sec
Running dagger.ExtensionWithStateTest
Tests run: 1, Failures: 0, Errors: 0, Skipped: 0, Time elapsed: 0.004 sec
Running dagger.InjectionTest
Tests run: 41, Failures: 0, Errors: 0, Skipped: 0, Time elapsed: 0.155 sec

Results :

Tests run: 124, Failures: 0, Errors: 0, Skipped: 0

[INFO] 
[INFO] --- maven-jar-plugin:2.2:jar (default-jar) @ dagger ---
[INFO] Building jar: /home/travis/build/square/dagger/core/target/dagger-1.0.2-SNAPSHOT.jar
[INFO] 
[INFO] --- maven-jar-plugin:2.2:test-jar (default) @ dagger ---
[INFO] Building jar: /home/travis/build/square/dagger/core/target/dagger-1.0.2-SNAPSHOT-tests.jar
[INFO] 
[INFO] --- maven-checkstyle-plugin:2.10:checkstyle (default) @ dagger ---
[INFO] Starting audit...
Audit done.

[WARNING] Unable to locate Source XRef to link to - DISABLED
[INFO]                                                                         
[INFO] ------------------------------------------------------------------------
[INFO] Building Dagger Compiler 1.0.2-SNAPSHOT
[INFO] ------------------------------------------------------------------------
[INFO] 
[INFO] --- maven-enforcer-plugin:1.0:enforce (enforce-maven) @ dagger-compiler ---
[INFO] 
[INFO] --- maven-resources-plugin:2.3:resources (default-resources) @ dagger-compiler ---
[INFO] Using 'UTF-8' encoding to copy filtered resources.
[INFO] Copying 1 resource
[INFO] 
[INFO] --- maven-compiler-plugin:3.1:compile (default-compile) @ dagger-compiler ---
[INFO] Changes detected - recompiling the module!
[INFO] Compiling 12 source files to /home/travis/build/square/dagger/compiler/target/classes
[WARNING] bootstrap class path not set in conjunction with -source 1.6
[WARNING] /home/travis/build/square/dagger/compiler/src/main/java/dagger/internal/codegen/ModuleAdapterProcessor.java:[245,11] beginType(java.lang.String,java.lang.String,int,java.lang.String,java.lang.String...) in com.squareup.javawriter.JavaWriter has been deprecated
[WARNING] /home/travis/build/square/dagger/compiler/src/main/java/dagger/internal/codegen/ModuleAdapterProcessor.java:[257,11] emitField(java.lang.String,java.lang.String,int,java.lang.String) in com.squareup.javawriter.JavaWriter has been deprecated
[WARNING] /home/travis/build/square/dagger/compiler/src/main/java/dagger/internal/codegen/ModuleAdapterProcessor.java:[266,11] emitField(java.lang.String,java.lang.String,int,java.lang.String) in com.squareup.javawriter.JavaWriter has been deprecated
[WARNING] /home/travis/build/square/dagger/compiler/src/main/java/dagger/internal/codegen/ModuleAdapterProcessor.java:[281,11] emitField(java.lang.String,java.lang.String,int,java.lang.String) in com.squareup.javawriter.JavaWriter has been deprecated
[WARNING] /home/travis/build/square/dagger/compiler/src/main/java/dagger/internal/codegen/ModuleAdapterProcessor.java:[284,11] beginMethod(java.lang.String,java.lang.String,int,java.lang.String...) in com.squareup.javawriter.JavaWriter has been deprecated
[WARNING] /home/travis/build/square/dagger/compiler/src/main/java/dagger/internal/codegen/ModuleAdapterProcessor.java:[293,13] beginMethod(java.lang.String,java.lang.String,int,java.lang.String...) in com.squareup.javawriter.JavaWriter has been deprecated
[WARNING] /home/travis/build/square/dagger/compiler/src/main/java/dagger/internal/codegen/ModuleAdapterProcessor.java:[306,13] beginMethod(java.lang.String,java.lang.String,int,java.lang.String...) in com.squareup.javawriter.JavaWriter has been deprecated
[WARNING] /home/travis/build/square/dagger/compiler/src/main/java/dagger/internal/codegen/ModuleAdapterProcessor.java:[419,11] beginType(java.lang.String,java.lang.String,int,java.lang.String,java.lang.String...) in com.squareup.javawriter.JavaWriter has been deprecated
[WARNING] /home/travis/build/square/dagger/compiler/src/main/java/dagger/internal/codegen/ModuleAdapterProcessor.java:[422,11] emitField(java.lang.String,java.lang.String,int) in com.squareup.javawriter.JavaWriter has been deprecated
[WARNING] /home/travis/build/square/dagger/compiler/src/main/java/dagger/internal/codegen/ModuleAdapterProcessor.java:[425,13] emitField(java.lang.String,java.lang.String,int) in com.squareup.javawriter.JavaWriter has been deprecated
[WARNING] /home/travis/build/square/dagger/compiler/src/main/java/dagger/internal/codegen/ModuleAdapterProcessor.java:[430,11] beginMethod(java.lang.String,java.lang.String,int,java.lang.String...) in com.squareup.javawriter.JavaWriter has been deprecated
[WARNING] /home/travis/build/square/dagger/compiler/src/main/java/dagger/internal/codegen/ModuleAdapterProcessor.java:[446,13] beginMethod(java.lang.String,java.lang.String,int,java.lang.String...) in com.squareup.javawriter.JavaWriter has been deprecated
[WARNING] /home/travis/build/square/dagger/compiler/src/main/java/dagger/internal/codegen/ModuleAdapterProcessor.java:[462,13] beginMethod(java.lang.String,java.lang.String,int,java.lang.String...) in com.squareup.javawriter.JavaWriter has been deprecated
[WARNING] /home/travis/build/square/dagger/compiler/src/main/java/dagger/internal/codegen/ModuleAdapterProcessor.java:[473,11] beginMethod(java.lang.String,java.lang.String,int,java.lang.String...) in com.squareup.javawriter.JavaWriter has been deprecated
[WARNING] /home/travis/build/square/dagger/compiler/src/main/java/dagger/internal/codegen/InjectAdapterProcessor.java:[249,11] beginType(java.lang.String,java.lang.String,int,java.lang.String,java.lang.String...) in com.squareup.javawriter.JavaWriter has been deprecated
[WARNING] /home/travis/build/square/dagger/compiler/src/main/java/dagger/internal/codegen/InjectAdapterProcessor.java:[255,15] emitField(java.lang.String,java.lang.String,int) in com.squareup.javawriter.JavaWriter has been deprecated
[WARNING] /home/travis/build/square/dagger/compiler/src/main/java/dagger/internal/codegen/InjectAdapterProcessor.java:[261,13] emitField(java.lang.String,java.lang.String,int) in com.squareup.javawriter.JavaWriter has been deprecated
[WARNING] /home/travis/build/square/dagger/compiler/src/main/java/dagger/internal/codegen/InjectAdapterProcessor.java:[266,13] emitField(java.lang.String,java.lang.String,int) in com.squareup.javawriter.JavaWriter has been deprecated
[WARNING] /home/travis/build/square/dagger/compiler/src/main/java/dagger/internal/codegen/InjectAdapterProcessor.java:[271,11] beginMethod(java.lang.String,java.lang.String,int,java.lang.String...) in com.squareup.javawriter.JavaWriter has been deprecated
[WARNING] /home/travis/build/square/dagger/compiler/src/main/java/dagger/internal/codegen/InjectAdapterProcessor.java:[285,13] beginMethod(java.lang.String,java.lang.String,int,java.lang.String...) in com.squareup.javawriter.JavaWriter has been deprecated
[WARNING] /home/travis/build/square/dagger/compiler/src/main/java/dagger/internal/codegen/InjectAdapterProcessor.java:[319,13] beginMethod(java.lang.String,java.lang.String,int,java.lang.String...) in com.squareup.javawriter.JavaWriter has been deprecated
[WARNING] /home/travis/build/square/dagger/compiler/src/main/java/dagger/internal/codegen/InjectAdapterProcessor.java:[339,13] beginMethod(java.lang.String,java.lang.String,int,java.lang.String...) in com.squareup.javawriter.JavaWriter has been deprecated
[WARNING] /home/travis/build/square/dagger/compiler/src/main/java/dagger/internal/codegen/InjectAdapterProcessor.java:[362,13] beginMethod(java.lang.String,java.lang.String,int,java.lang.String...) in com.squareup.javawriter.JavaWriter has been deprecated
[WARNING] /home/travis/build/square/dagger/compiler/src/main/java/dagger/internal/codegen/InjectAdapterProcessor.java:[426,11] beginType(java.lang.String,java.lang.String,int,java.lang.String,java.lang.String...) in com.squareup.javawriter.JavaWriter has been deprecated
[WARNING] /home/travis/build/square/dagger/compiler/src/main/java/dagger/internal/codegen/InjectAdapterProcessor.java:[429,13] emitField(java.lang.String,java.lang.String,int) in com.squareup.javawriter.JavaWriter has been deprecated
[WARNING] /home/travis/build/square/dagger/compiler/src/main/java/dagger/internal/codegen/InjectAdapterProcessor.java:[436,11] beginMethod(java.lang.String,java.lang.String,int,java.lang.String...) in com.squareup.javawriter.JavaWriter has been deprecated
[WARNING] /home/travis/build/square/dagger/compiler/src/main/java/dagger/internal/codegen/InjectAdapterProcessor.java:[450,11] beginMethod(java.lang.String,java.lang.String,int,java.lang.String...) in com.squareup.javawriter.JavaWriter has been deprecated
[INFO] 
[INFO] --- maven-resources-plugin:2.3:testResources (default-testResources) @ dagger-compiler ---
[INFO] Using 'UTF-8' encoding to copy filtered resources.
[INFO] skip non existing resourceDirectory /home/travis/build/square/dagger/compiler/src/test/resources
[INFO] 
[INFO] --- maven-compiler-plugin:3.1:testCompile (default-testCompile) @ dagger-compiler ---
[INFO] Changes detected - recompiling the module!
[INFO] Compiling 4 source files to /home/travis/build/square/dagger/compiler/target/test-classes
[WARNING] bootstrap class path not set in conjunction with -source 1.6
[WARNING] No processor claimed any of these annotations: dagger.Provides,javax.inject.Named,org.junit.runner.RunWith,org.junit.Test
[INFO] 
[INFO] --- maven-compiler-plugin:3.1:testCompile (default-test-compile) @ dagger-compiler ---
[INFO] Changes detected - recompiling the module!
[INFO] Compiling 4 source files to /home/travis/build/square/dagger/compiler/target/test-classes
[WARNING] bootstrap class path not set in conjunction with -source 1.6
[WARNING] No processor claimed any of these annotations: dagger.Provides,javax.inject.Named,org.junit.runner.RunWith,org.junit.Test
[INFO] 
[INFO] --- maven-surefire-plugin:2.10:test (default-test) @ dagger-compiler ---
[INFO] Surefire report directory: /home/travis/build/square/dagger/compiler/target/surefire-reports

-------------------------------------------------------
 T E S T S
-------------------------------------------------------
Running dagger.internal.codegen.PrimitiveInjectionTest
Tests run: 1, Failures: 0, Errors: 0, Skipped: 0, Time elapsed: 0.116 sec
Running dagger.internal.codegen.DotWriterTest
Tests run: 4, Failures: 0, Errors: 0, Skipped: 0, Time elapsed: 0.02 sec
Running dagger.internal.codegen.GraphVisualizerTest
Tests run: 7, Failures: 0, Errors: 0, Skipped: 0, Time elapsed: 0.044 sec

Results :

Tests run: 12, Failures: 0, Errors: 0, Skipped: 0

[INFO] 
[INFO] --- maven-jar-plugin:2.2:jar (default-jar) @ dagger-compiler ---
[INFO] Building jar: /home/travis/build/square/dagger/compiler/target/dagger-compiler-1.0.2-SNAPSHOT.jar
[INFO] 
[INFO] --- maven-invoker-plugin:1.7:install (integration-test) @ dagger-compiler ---
[INFO] Installing /home/travis/build/square/dagger/core/pom.xml to /home/travis/build/square/dagger/compiler/target/local-repo/com/squareup/dagger/dagger/1.0.2-SNAPSHOT/dagger-1.0.2-SNAPSHOT.pom
[INFO] Installing /home/travis/build/square/dagger/core/target/dagger-1.0.2-SNAPSHOT.jar to /home/travis/build/square/dagger/compiler/target/local-repo/com/squareup/dagger/dagger/1.0.2-SNAPSHOT/dagger-1.0.2-SNAPSHOT.jar
[INFO] Installing /home/travis/build/square/dagger/core/target/dagger-1.0.2-SNAPSHOT-tests.jar to /home/travis/build/square/dagger/compiler/target/local-repo/com/squareup/dagger/dagger/1.0.2-SNAPSHOT/dagger-1.0.2-SNAPSHOT-tests.jar
[INFO] Installing /home/travis/build/square/dagger/pom.xml to /home/travis/build/square/dagger/compiler/target/local-repo/com/squareup/dagger/dagger-parent/1.0.2-SNAPSHOT/dagger-parent-1.0.2-SNAPSHOT.pom
[INFO] Installing /home/travis/build/square/dagger/compiler/pom.xml to /home/travis/build/square/dagger/compiler/target/local-repo/com/squareup/dagger/dagger-compiler/1.0.2-SNAPSHOT/dagger-compiler-1.0.2-SNAPSHOT.pom
[INFO] Installing /home/travis/build/square/dagger/compiler/target/dagger-compiler-1.0.2-SNAPSHOT.jar to /home/travis/build/square/dagger/compiler/target/local-repo/com/squareup/dagger/dagger-compiler/1.0.2-SNAPSHOT/dagger-compiler-1.0.2-SNAPSHOT.jar
[INFO] 
[INFO] --- maven-invoker-plugin:1.7:run (integration-test) @ dagger-compiler ---
[INFO] Building: extension-graph-setvalues/pom.xml
[INFO] ..SUCCESS (21.1 s)
[INFO] Building: unused-provider-methods-pass-compilation-on-library-module/pom.xml
[INFO] ..SUCCESS (10.6 s)
[INFO] Building: cyclic-module-includes/pom.xml
[INFO] run script verify.bsh
[INFO] ..SUCCESS (9.1 s)
[INFO] Building: inner-classes-complaint-injection/pom.xml
[INFO] run script verify.bsh
[INFO] ..SUCCESS (8.8 s)
[INFO] Building: inject-on-class/pom.xml
[INFO] run script verify.bsh
[INFO] ..SUCCESS (8.9 s)
[INFO] Building: provides-method-with-throws-clause/pom.xml
[INFO] run script verify.bsh
[INFO] ..SUCCESS (9.1 s)
[INFO] Building: multiple-provides-methods/pom.xml
[INFO] run script verify.bsh
[INFO] ..SUCCESS (10.6 s)
[INFO] Building: method-injection/pom.xml
[INFO] run script verify.bsh
[INFO] ..SUCCESS (9.2 s)
[INFO] Building: simple-missing-dependency-failure/pom.xml
[INFO] run script verify.bsh
[INFO] ..SUCCESS (9.0 s)
[INFO] Building: inject-parameterized-type/pom.xml
[INFO] ..SUCCESS (10.7 s)
[INFO] Building: extension-graph/pom.xml
[INFO] ..SUCCESS (10.7 s)
[INFO] Building: include-non-module/pom.xml
[INFO] ..SUCCESS (9.0 s)
[INFO] Building: default-package-injected-type/pom.xml
[INFO] ..SUCCESS (10.1 s)
[INFO] Building: multiple-modules-setvalues/pom.xml
[INFO] ..SUCCESS (10.6 s)
[INFO] Building: missing-at-inject-constructor/pom.xml
[INFO] run script verify.bsh
[INFO] ..SUCCESS (9.0 s)
[INFO] Building: private-inject/pom.xml
[INFO] run script verify.bsh
[INFO] ..SUCCESS (8.9 s)
[INFO] Building: cyclic-deps/pom.xml
[INFO] run script verify.bsh
[INFO] ..SUCCESS (9.9 s)
[INFO] Building: static-injected-binding-doesnt-fail-providers/pom.xml
[INFO] ..SUCCESS (11.0 s)
[INFO] Building: unused-provider-methods-fail-compilation/pom.xml
[INFO] run script verify.bsh
[INFO] ..SUCCESS (10.8 s)
[INFO] Building: module-type-validation/pom.xml
[INFO] run script verify.bsh
[INFO] ..SUCCESS (9.8 s)
[INFO] Building: provide-provider-or-lazy/pom.xml
[INFO] run script verify.bsh
[INFO] ..SUCCESS (9.5 s)
[INFO] Building: uninjectable-supertype/pom.xml
[INFO] ..SUCCESS (11.4 s)
[INFO] Building: same-provides-method-name/pom.xml
[INFO] ..SUCCESS (11.9 s)
[INFO] Building: singleton-on-constructor/pom.xml
[INFO] run script verify.bsh
[INFO] ..SUCCESS (9.6 s)
[INFO] -------------------------------------------------
[INFO] Build Summary:
[INFO]   Passed: 24, Failed: 0, Errors: 0, Skipped: 0
[INFO] -------------------------------------------------
[INFO] 
[INFO] --- maven-checkstyle-plugin:2.10:checkstyle (default) @ dagger-compiler ---
[INFO] Starting audit...
Audit done.

[WARNING] Unable to locate Source XRef to link to - DISABLED
[INFO]                                                                         
[INFO] ------------------------------------------------------------------------
[INFO] Building Examples 1.0.2-SNAPSHOT
[INFO] ------------------------------------------------------------------------
[INFO] 
[INFO] --- maven-enforcer-plugin:1.0:enforce (enforce-maven) @ dagger-example-parent ---
[INFO] 
[INFO] --- maven-checkstyle-plugin:2.10:checkstyle (default) @ dagger-example-parent ---
[INFO]                                                                         
[INFO] ------------------------------------------------------------------------
[INFO] Building Examples: Simple 1.0.2-SNAPSHOT
[INFO] ------------------------------------------------------------------------
[INFO] 
[INFO] --- maven-enforcer-plugin:1.0:enforce (enforce-maven) @ simple ---
[INFO] 
[INFO] --- maven-resources-plugin:2.3:resources (default-resources) @ simple ---
[INFO] Using 'UTF-8' encoding to copy filtered resources.
[INFO] skip non existing resourceDirectory /home/travis/build/square/dagger/examples/simple/src/main/resources
[INFO] 
[INFO] --- maven-compiler-plugin:3.1:compile (default-compile) @ simple ---
[INFO] Changes detected - recompiling the module!
[INFO] Compiling 8 source files to /home/travis/build/square/dagger/examples/simple/target/classes
[WARNING] bootstrap class path not set in conjunction with -source 1.6
[WARNING] No processor claimed any of these annotations: dagger.Provides,javax.inject.Singleton
[INFO] 
[INFO] --- maven-resources-plugin:2.3:testResources (default-testResources) @ simple ---
[INFO] Using 'UTF-8' encoding to copy filtered resources.
[INFO] skip non existing resourceDirectory /home/travis/build/square/dagger/examples/simple/src/test/resources
[INFO] 
[INFO] --- maven-compiler-plugin:3.1:testCompile (default-testCompile) @ simple ---
[INFO] No sources to compile
[INFO] 
[INFO] --- maven-surefire-plugin:2.10:test (default-test) @ simple ---
[INFO] No tests to run.
[INFO] Surefire report directory: /home/travis/build/square/dagger/examples/simple/target/surefire-reports
Downloading: http://repo.maven.apache.org/maven2/org/apache/maven/surefire/surefire-junit3/2.10/surefire-junit3-2.10.pom
2/2 KB              Downloaded: http://repo.maven.apache.org/maven2/org/apache/maven/surefire/surefire-junit3/2.10/surefire-junit3-2.10.pom (2 KB at 10.5 KB/sec)
Downloading: http://repo.maven.apache.org/maven2/org/apache/maven/surefire/surefire-junit3/2.10/surefire-junit3-2.10.jar
4/26 KB   8/26 KB   12/26 KB   16/26 KB   20/26 KB   24/26 KB   26/26 KB              Downloaded: http://repo.maven.apache.org/maven2/org/apache/maven/surefire/surefire-junit3/2.10/surefire-junit3-2.10.jar (26 KB at 690.0 KB/sec)

-------------------------------------------------------
 T E S T S
-------------------------------------------------------

Results :

Tests run: 0, Failures: 0, Errors: 0, Skipped: 0

[INFO] 
[INFO] --- maven-jar-plugin:2.2:jar (default-jar) @ simple ---
[INFO] Building jar: /home/travis/build/square/dagger/examples/simple/target/simple-1.0.2-SNAPSHOT.jar
[INFO] 
[INFO] --- maven-checkstyle-plugin:2.10:checkstyle (default) @ simple ---
[INFO] Starting audit...
Audit done.

[WARNING] Unable to locate Source XRef to link to - DISABLED
[INFO]                                                                         
[INFO] ------------------------------------------------------------------------
[INFO] Building Examples: Android - Simple 1.0.2-SNAPSHOT
[INFO] ------------------------------------------------------------------------
[INFO] 
[INFO] --- maven-enforcer-plugin:1.0:enforce (enforce-maven) @ android-simple ---
[INFO] 
[INFO] --- android-maven-plugin:3.6.0:generate-sources (default-generate-sources) @ android-simple ---
[INFO] ANDROID-904-002: Found aidl files: Count = 0
[INFO] ANDROID-904-002: Found aidl files: Count = 0
[INFO] Manifest merging disabled. Using project manifest only
[INFO] /home/travis/build/square/dagger/android-sdk-linux/platform-tools/aapt [package, -m, -J, /home/travis/build/square/dagger/examples/android-simple/target/generated-sources/r, -M, /home/travis/build/square/dagger/examples/android-simple/AndroidManifest.xml, -S, /home/travis/build/square/dagger/examples/android-simple/res, --auto-add-overlay, -I, /home/travis/build/square/dagger/android-sdk-linux/platforms/android-16/android.jar]
[INFO] 
[INFO] --- maven-resources-plugin:2.6:resources (default-resources) @ android-simple ---
[INFO] Using 'UTF-8' encoding to copy filtered resources.
[INFO] skip non existing resourceDirectory /home/travis/build/square/dagger/examples/android-simple/src/main/resources
[INFO] skip non existing resourceDirectory /home/travis/build/square/dagger/examples/android-simple/target/generated-sources/extracted-dependencies/src/main/resources
[INFO] 
[INFO] --- maven-compiler-plugin:3.1:compile (default-compile) @ android-simple ---
[INFO] Changes detected - recompiling the module!
[INFO] Compiling 8 source files to /home/travis/build/square/dagger/examples/android-simple/target/classes
[WARNING] bootstrap class path not set in conjunction with -source 1.6
[WARNING] No processor claimed any of these annotations: javax.inject.Qualifier,dagger.Provides,javax.inject.Singleton,com.example.dagger.simple.ForApplication
[INFO] 
[INFO] --- android-maven-plugin:3.6.0:proguard (default-proguard) @ android-simple ---
[INFO] 
[INFO] --- maven-resources-plugin:2.6:testResources (default-testResources) @ android-simple ---
[INFO] Using 'UTF-8' encoding to copy filtered resources.
[INFO] skip non existing resourceDirectory /home/travis/build/square/dagger/examples/android-simple/src/test/resources
[INFO] 
[INFO] --- maven-compiler-plugin:3.1:testCompile (default-testCompile) @ android-simple ---
[INFO] No sources to compile
[INFO] 
[INFO] --- maven-surefire-plugin:2.15:test (default-test) @ android-simple ---
[INFO] No tests to run.
[INFO] 
[INFO] --- android-maven-plugin:3.6.0:emma (default-emma) @ android-simple ---
[INFO] 
[INFO] --- android-maven-plugin:3.6.0:dex (default-dex) @ android-simple ---
[INFO] /usr/lib/jvm/java-7-openjdk-amd64/jre/bin/java [-Xmx1024M, -jar, /home/travis/build/square/dagger/android-sdk-linux/platform-tools/lib/dx.jar, --dex, --output=/home/travis/build/square/dagger/examples/android-simple/target/classes.dex, /home/travis/.m2/repository/com/squareup/javawriter/2.1.1/javawriter-2.1.1.jar, /home/travis/.m2/repository/javax/inject/javax.inject/1/javax.inject-1.jar, /home/travis/build/square/dagger/examples/android-simple/target/classes, /home/travis/build/square/dagger/compiler/target/dagger-compiler-1.0.2-SNAPSHOT.jar, /home/travis/build/square/dagger/core/target/dagger-1.0.2-SNAPSHOT.jar]
[INFO] 
[INFO] --- maven-jar-plugin:2.4:jar (default-jar) @ android-simple ---
[INFO] Building jar: /home/travis/build/square/dagger/examples/android-simple/target/android-simple-1.0.2-SNAPSHOT.jar
[INFO] 
[INFO] --- android-maven-plugin:3.6.0:apk (default-apk) @ android-simple ---
[INFO] Enabling debug build for apk.
[INFO] /home/travis/build/square/dagger/android-sdk-linux/platform-tools/aapt [package, -f, -M, /home/travis/build/square/dagger/examples/android-simple/AndroidManifest.xml, -S, /home/travis/build/square/dagger/examples/android-simple/res, --auto-add-overlay, -I, /home/travis/build/square/dagger/android-sdk-linux/platforms/android-16/android.jar, -F, /home/travis/build/square/dagger/examples/android-simple/target/android-simple-1.0.2-SNAPSHOT.ap_, --debug-mode]
[INFO] 
[INFO] --- android-maven-plugin:3.6.0:internal-pre-integration-test (default-internal-pre-integration-test) @ android-simple ---
[INFO] No InstrumentationRunner found - skipping tests
[INFO] 
[INFO] --- android-maven-plugin:3.6.0:internal-integration-test (default-internal-integration-test) @ android-simple ---
[INFO] No InstrumentationRunner found - skipping tests
[INFO] 
[INFO] --- maven-checkstyle-plugin:2.10:checkstyle (default) @ android-simple ---
[INFO] Starting audit...
Audit done.

[WARNING] Unable to locate Source XRef to link to - DISABLED
[INFO]                                                                         
[INFO] ------------------------------------------------------------------------
[INFO] Building Examples: Android - Activity Graphs 1.0.2-SNAPSHOT
[INFO] ------------------------------------------------------------------------
[INFO] 
[INFO] --- maven-enforcer-plugin:1.0:enforce (enforce-maven) @ android-activity-graphs ---
[INFO] 
[INFO] --- android-maven-plugin:3.6.0:generate-sources (default-generate-sources) @ android-activity-graphs ---
[INFO] ANDROID-904-002: Found aidl files: Count = 0
[INFO] ANDROID-904-002: Found aidl files: Count = 0
[INFO] Manifest merging disabled. Using project manifest only
[INFO] /home/travis/build/square/dagger/android-sdk-linux/platform-tools/aapt [package, -m, -J, /home/travis/build/square/dagger/examples/android-activity-graphs/target/generated-sources/r, -M, /home/travis/build/square/dagger/examples/android-activity-graphs/AndroidManifest.xml, -S, /home/travis/build/square/dagger/examples/android-activity-graphs/res, --auto-add-overlay, -I, /home/travis/build/square/dagger/android-sdk-linux/platforms/android-16/android.jar]
[INFO] 
[INFO] --- maven-resources-plugin:2.6:resources (default-resources) @ android-activity-graphs ---
[INFO] Using 'UTF-8' encoding to copy filtered resources.
[INFO] skip non existing resourceDirectory /home/travis/build/square/dagger/examples/android-activity-graphs/src/main/resources
[INFO] skip non existing resourceDirectory /home/travis/build/square/dagger/examples/android-activity-graphs/target/generated-sources/extracted-dependencies/src/main/resources
[INFO] 
[INFO] --- maven-compiler-plugin:3.1:compile (default-compile) @ android-activity-graphs ---
[INFO] Changes detected - recompiling the module!
[INFO] Compiling 12 source files to /home/travis/build/square/dagger/examples/android-activity-graphs/target/classes
[WARNING] bootstrap class path not set in conjunction with -source 1.6
[WARNING] No processor claimed any of these annotations: com.example.dagger.activitygraphs.ForApplication,javax.inject.Qualifier,dagger.Provides,com.example.dagger.activitygraphs.ForActivity,javax.inject.Singleton
[INFO] 
[INFO] --- android-maven-plugin:3.6.0:proguard (default-proguard) @ android-activity-graphs ---
[INFO] 
[INFO] --- maven-resources-plugin:2.6:testResources (default-testResources) @ android-activity-graphs ---
[INFO] Using 'UTF-8' encoding to copy filtered resources.
[INFO] skip non existing resourceDirectory /home/travis/build/square/dagger/examples/android-activity-graphs/src/test/resources
[INFO] 
[INFO] --- maven-compiler-plugin:3.1:testCompile (default-testCompile) @ android-activity-graphs ---
[INFO] No sources to compile
[INFO] 
[INFO] --- maven-surefire-plugin:2.15:test (default-test) @ android-activity-graphs ---
[INFO] No tests to run.
[INFO] 
[INFO] --- android-maven-plugin:3.6.0:emma (default-emma) @ android-activity-graphs ---
[INFO] 
[INFO] --- android-maven-plugin:3.6.0:dex (default-dex) @ android-activity-graphs ---
[INFO] /usr/lib/jvm/java-7-openjdk-amd64/jre/bin/java [-Xmx1024M, -jar, /home/travis/build/square/dagger/android-sdk-linux/platform-tools/lib/dx.jar, --dex, --output=/home/travis/build/square/dagger/examples/android-activity-graphs/target/classes.dex, /home/travis/.m2/repository/com/google/android/support-v4/r7/support-v4-r7.jar, /home/travis/.m2/repository/com/squareup/javawriter/2.1.1/javawriter-2.1.1.jar, /home/travis/.m2/repository/javax/inject/javax.inject/1/javax.inject-1.jar, /home/travis/build/square/dagger/compiler/target/dagger-compiler-1.0.2-SNAPSHOT.jar, /home/travis/build/square/dagger/examples/android-activity-graphs/target/classes, /home/travis/build/square/dagger/core/target/dagger-1.0.2-SNAPSHOT.jar]
[INFO] 
[INFO] --- maven-jar-plugin:2.4:jar (default-jar) @ android-activity-graphs ---
[INFO] Building jar: /home/travis/build/square/dagger/examples/android-activity-graphs/target/android-activity-graphs-1.0.2-SNAPSHOT.jar
[INFO] 
[INFO] --- android-maven-plugin:3.6.0:apk (default-apk) @ android-activity-graphs ---
[INFO] Enabling debug build for apk.
[INFO] /home/travis/build/square/dagger/android-sdk-linux/platform-tools/aapt [package, -f, -M, /home/travis/build/square/dagger/examples/android-activity-graphs/AndroidManifest.xml, -S, /home/travis/build/square/dagger/examples/android-activity-graphs/res, --auto-add-overlay, -I, /home/travis/build/square/dagger/android-sdk-linux/platforms/android-16/android.jar, -F, /home/travis/build/square/dagger/examples/android-activity-graphs/target/android-activity-graphs-1.0.2-SNAPSHOT.ap_, --debug-mode]
[INFO] 
[INFO] --- android-maven-plugin:3.6.0:internal-pre-integration-test (default-internal-pre-integration-test) @ android-activity-graphs ---
[INFO] No InstrumentationRunner found - skipping tests
[INFO] 
[INFO] --- android-maven-plugin:3.6.0:internal-integration-test (default-internal-integration-test) @ android-activity-graphs ---
[INFO] No InstrumentationRunner found - skipping tests
[INFO] 
[INFO] --- maven-checkstyle-plugin:2.10:checkstyle (default) @ android-activity-graphs ---
[INFO] Starting audit...
Audit done.

[WARNING] Unable to locate Source XRef to link to - DISABLED
[INFO] ------------------------------------------------------------------------
[INFO] Reactor Summary:
[INFO] 
[INFO] Dagger (Parent) ................................... SUCCESS [1.870s]
[INFO] Dagger ............................................ SUCCESS [10.625s]
[INFO] Dagger Compiler ................................... SUCCESS [4:16.700s]
[INFO] Examples .......................................... SUCCESS [0.009s]
[INFO] Examples: Simple .................................. SUCCESS [1.318s]
[INFO] Examples: Android - Simple ........................ SUCCESS [10.343s]
[INFO] Examples: Android - Activity Graphs ............... SUCCESS [9.202s]
[INFO] ------------------------------------------------------------------------
[INFO] BUILD SUCCESS
[INFO] ------------------------------------------------------------------------
[INFO] Total time: 4:55.260s
[INFO] Finished at: Fri Jul 26 16:50:05 UTC 2013
[INFO] Final Memory: 41M/175M
[INFO] ------------------------------------------------------------------------

The command "mvn verify" exited with 0.

Done. Your build exited with 0.
