Using worker: worker-linux-7-2.bb.travis-ci.org:travis-linux-4

travis_fold:start:system_info[0K[33;1mBuild system information[0m
Build language: android
travis_fold:end:system_info[0K
travis_fold:start:git.checkout[0Ktravis_time:start:08a33326[0K$ git clone --depth=50 --branch=jw/set-and-map-tweaks git://github.com/square/dagger.git square/dagger
Cloning into 'square/dagger'...
remote: Counting objects: 4846, done.[K
remote: Compressing objects:   0% (1/1823)   [Kremote: Compressing objects:   1% (19/1823)   [Kremote: Compressing objects:   2% (37/1823)   [Kremote: Compressing objects:   3% (55/1823)   [Kremote: Compressing objects:   4% (73/1823)   [Kremote: Compressing objects:   5% (92/1823)   [Kremote: Compressing objects:   6% (110/1823)   [Kremote: Compressing objects:   7% (128/1823)   [Kremote: Compressing objects:   8% (146/1823)   [Kremote: Compressing objects:   9% (165/1823)   [Kremote: Compressing objects:  10% (183/1823)   [Kremote: Compressing objects:  11% (201/1823)   [Kremote: Compressing objects:  12% (219/1823)   [Kremote: Compressing objects:  13% (237/1823)   [Kremote: Compressing objects:  14% (256/1823)   [Kremote: Compressing objects:  15% (274/1823)   [Kremote: Compressing objects:  16% (292/1823)   [Kremote: Compressing objects:  17% (310/1823)   [Kremote: Compressing objects:  18% (329/1823)   [Kremote: Compressing objects:  19% (347/1823)   [Kremote: Compressing objects:  20% (365/1823)   [Kremote: Compressing objects:  21% (383/1823)   [Kremote: Compressing objects:  22% (402/1823)   [Kremote: Compressing objects:  23% (420/1823)   [Kremote: Compressing objects:  24% (438/1823)   [Kremote: Compressing objects:  25% (456/1823)   [Kremote: Compressing objects:  26% (474/1823)   [Kremote: Compressing objects:  27% (493/1823)   [Kremote: Compressing objects:  28% (511/1823)   [Kremote: Compressing objects:  29% (529/1823)   [Kremote: Compressing objects:  30% (547/1823)   [Kremote: Compressing objects:  31% (566/1823)   [Kremote: Compressing objects:  32% (584/1823)   [Kremote: Compressing objects:  33% (602/1823)   [Kremote: Compressing objects:  34% (620/1823)   [Kremote: Compressing objects:  35% (639/1823)   [Kremote: Compressing objects:  36% (657/1823)   [Kremote: Compressing objects:  37% (675/1823)   [Kremote: Compressing objects:  38% (693/1823)   [Kremote: Compressing objects:  39% (711/1823)   [Kremote: Compressing objects:  40% (730/1823)   [Kremote: Compressing objects:  41% (748/1823)   [Kremote: Compressing objects:  42% (766/1823)   [Kremote: Compressing objects:  43% (784/1823)   [Kremote: Compressing objects:  44% (803/1823)   [Kremote: Compressing objects:  45% (821/1823)   [Kremote: Compressing objects:  46% (839/1823)   [Kremote: Compressing objects:  47% (857/1823)   [Kremote: Compressing objects:  48% (876/1823)   [Kremote: Compressing objects:  49% (894/1823)   [Kremote: Compressing objects:  50% (912/1823)   [Kremote: Compressing objects:  51% (930/1823)   [Kremote: Compressing objects:  52% (948/1823)   [Kremote: Compressing objects:  53% (967/1823)   [Kremote: Compressing objects:  54% (985/1823)   [Kremote: Compressing objects:  55% (1003/1823)   [Kremote: Compressing objects:  56% (1021/1823)   [Kremote: Compressing objects:  57% (1040/1823)   [Kremote: Compressing objects:  58% (1058/1823)   [Kremote: Compressing objects:  59% (1076/1823)   [Kremote: Compressing objects:  60% (1094/1823)   [Kremote: Compressing objects:  61% (1113/1823)   [Kremote: Compressing objects:  62% (1131/1823)   [Kremote: Compressing objects:  63% (1149/1823)   [Kremote: Compressing objects:  64% (1167/1823)   [Kremote: Compressing objects:  65% (1185/1823)   [Kremote: Compressing objects:  66% (1204/1823)   [Kremote: Compressing objects:  67% (1222/1823)   [Kremote: Compressing objects:  68% (1240/1823)   [Kremote: Compressing objects:  69% (1258/1823)   [Kremote: Compressing objects:  70% (1277/1823)   [Kremote: Compressing objects:  71% (1295/1823)   [Kremote: Compressing objects:  72% (1313/1823)   [Kremote: Compressing objects:  73% (1331/1823)   [Kremote: Compressing objects:  74% (1350/1823)   [Kremote: Compressing objects:  75% (1368/1823)   [Kremote: Compressing objects:  76% (1386/1823)   [Kremote: Compressing objects:  77% (1404/1823)   [Kremote: Compressing objects:  78% (1422/1823)   [Kremote: Compressing objects:  79% (1441/1823)   [Kremote: Compressing objects:  80% (1459/1823)   [Kremote: Compressing objects:  81% (1477/1823)   [Kremote: Compressing objects:  82% (1495/1823)   [Kremote: Compressing objects:  83% (1514/1823)   [Kremote: Compressing objects:  84% (1532/1823)   [Kremote: Compressing objects:  85% (1550/1823)   [Kremote: Compressing objects:  86% (1568/1823)   [Kremote: Compressing objects:  87% (1587/1823)   [Kremote: Compressing objects:  88% (1605/1823)   [Kremote: Compressing objects:  89% (1623/1823)   [Kremote: Compressing objects:  90% (1641/1823)   [Kremote: Compressing objects:  91% (1659/1823)   [Kremote: Compressing objects:  92% (1678/1823)   [Kremote: Compressing objects:  93% (1696/1823)   [Kremote: Compressing objects:  94% (1714/1823)   [Kremote: Compressing objects:  95% (1732/1823)   [Kremote: Compressing objects:  96% (1751/1823)   [Kremote: Compressing objects:  97% (1769/1823)   [Kremote: Compressing objects:  98% (1787/1823)   [Kremote: Compressing objects:  99% (1805/1823)   [Kremote: Compressing objects: 100% (1823/1823)   [Kremote: Compressing objects: 100% (1823/1823), done.[K
Receiving objects:   0% (1/4846)   Receiving objects:   1% (49/4846)   Receiving objects:   2% (97/4846)   Receiving objects:   3% (146/4846)   Receiving objects:   4% (194/4846)   Receiving objects:   5% (243/4846)   Receiving objects:   6% (291/4846)   Receiving objects:   7% (340/4846)   Receiving objects:   8% (388/4846)   Receiving objects:   9% (437/4846)   Receiving objects:  10% (485/4846)   Receiving objects:  11% (534/4846)   Receiving objects:  12% (582/4846)   Receiving objects:  13% (630/4846)   Receiving objects:  14% (679/4846)   Receiving objects:  15% (727/4846)   Receiving objects:  16% (776/4846)   Receiving objects:  17% (824/4846)   Receiving objects:  18% (873/4846)   Receiving objects:  19% (921/4846)   Receiving objects:  20% (970/4846)   Receiving objects:  21% (1018/4846)   Receiving objects:  22% (1067/4846)   Receiving objects:  23% (1115/4846)   Receiving objects:  24% (1164/4846)   Receiving objects:  25% (1212/4846)   Receiving objects:  26% (1260/4846)   Receiving objects:  27% (1309/4846)   Receiving objects:  28% (1357/4846)   Receiving objects:  29% (1406/4846)   Receiving objects:  30% (1454/4846)   Receiving objects:  31% (1503/4846)   Receiving objects:  32% (1551/4846)   Receiving objects:  33% (1600/4846)   Receiving objects:  34% (1648/4846)   Receiving objects:  35% (1697/4846)   Receiving objects:  36% (1745/4846)   Receiving objects:  37% (1794/4846)   Receiving objects:  38% (1842/4846)   Receiving objects:  39% (1890/4846)   Receiving objects:  40% (1939/4846)   Receiving objects:  41% (1987/4846)   Receiving objects:  42% (2036/4846)   Receiving objects:  43% (2084/4846)   Receiving objects:  44% (2133/4846)   Receiving objects:  45% (2181/4846)   Receiving objects:  46% (2230/4846)   Receiving objects:  47% (2278/4846)   Receiving objects:  48% (2327/4846)   Receiving objects:  49% (2375/4846)   Receiving objects:  50% (2423/4846)   Receiving objects:  51% (2472/4846)   Receiving objects:  52% (2520/4846)   Receiving objects:  53% (2569/4846)   Receiving objects:  54% (2617/4846)   Receiving objects:  55% (2666/4846)   Receiving objects:  56% (2714/4846)   Receiving objects:  57% (2763/4846)   Receiving objects:  58% (2811/4846)   Receiving objects:  59% (2860/4846)   Receiving objects:  60% (2908/4846)   Receiving objects:  61% (2957/4846)   Receiving objects:  62% (3005/4846)   Receiving objects:  63% (3053/4846)   Receiving objects:  64% (3102/4846)   Receiving objects:  65% (3150/4846)   Receiving objects:  66% (3199/4846)   Receiving objects:  67% (3247/4846)   Receiving objects:  68% (3296/4846)   Receiving objects:  69% (3344/4846)   Receiving objects:  70% (3393/4846)   Receiving objects:  71% (3441/4846)   Receiving objects:  72% (3490/4846)   Receiving objects:  73% (3538/4846)   Receiving objects:  74% (3587/4846)   Receiving objects:  75% (3635/4846)   Receiving objects:  76% (3683/4846)   Receiving objects:  77% (3732/4846)   Receiving objects:  78% (3780/4846)   Receiving objects:  79% (3829/4846)   Receiving objects:  80% (3877/4846)   Receiving objects:  81% (3926/4846)   Receiving objects:  82% (3974/4846)   Receiving objects:  83% (4023/4846)   Receiving objects:  84% (4071/4846)   Receiving objects:  85% (4120/4846)   Receiving objects:  86% (4168/4846)   Receiving objects:  87% (4217/4846)   Receiving objects:  88% (4265/4846)   Receiving objects:  89% (4313/4846)   Receiving objects:  90% (4362/4846)   Receiving objects:  91% (4410/4846)   remote: Total 4846 (delta 1921), reused 4647 (delta 1749)[K
Receiving objects:  92% (4459/4846)   Receiving objects:  93% (4507/4846)   Receiving objects:  94% (4556/4846)   Receiving objects:  95% (4604/4846)   Receiving objects:  96% (4653/4846)   Receiving objects:  97% (4701/4846)   Receiving objects:  98% (4750/4846)   Receiving objects:  99% (4798/4846)   Receiving objects: 100% (4846/4846)   Receiving objects: 100% (4846/4846), 1.18 MiB | 0 bytes/s, done.
Resolving deltas:   0% (0/1921)   Resolving deltas:   2% (39/1921)   Resolving deltas:   4% (86/1921)   Resolving deltas:   5% (97/1921)   Resolving deltas:   6% (116/1921)   Resolving deltas:   7% (139/1921)   Resolving deltas:   8% (155/1921)   Resolving deltas:   9% (178/1921)   Resolving deltas:  10% (204/1921)   Resolving deltas:  11% (223/1921)   Resolving deltas:  12% (231/1921)   Resolving deltas:  13% (250/1921)   Resolving deltas:  14% (270/1921)   Resolving deltas:  16% (311/1921)   Resolving deltas:  17% (340/1921)   Resolving deltas:  18% (356/1921)   Resolving deltas:  19% (381/1921)   Resolving deltas:  20% (390/1921)   Resolving deltas:  21% (405/1921)   Resolving deltas:  22% (427/1921)   Resolving deltas:  23% (442/1921)   Resolving deltas:  24% (467/1921)   Resolving deltas:  25% (482/1921)   Resolving deltas:  26% (506/1921)   Resolving deltas:  27% (519/1921)   Resolving deltas:  28% (538/1921)   Resolving deltas:  29% (564/1921)   Resolving deltas:  30% (589/1921)   Resolving deltas:  31% (598/1921)   Resolving deltas:  32% (619/1921)   Resolving deltas:  34% (663/1921)   Resolving deltas:  35% (686/1921)   Resolving deltas:  36% (693/1921)   Resolving deltas:  37% (720/1921)   Resolving deltas:  38% (739/1921)   Resolving deltas:  39% (759/1921)   Resolving deltas:  40% (775/1921)   Resolving deltas:  42% (816/1921)   Resolving deltas:  43% (830/1921)   Resolving deltas:  44% (853/1921)   Resolving deltas:  46% (887/1921)   Resolving deltas:  47% (904/1921)   Resolving deltas:  48% (923/1921)   Resolving deltas:  49% (945/1921)   Resolving deltas:  50% (966/1921)   Resolving deltas:  51% (982/1921)   Resolving deltas:  52% (1005/1921)   Resolving deltas:  53% (1020/1921)   Resolving deltas:  54% (1041/1921)   Resolving deltas:  55% (1057/1921)   Resolving deltas:  56% (1076/1921)   Resolving deltas:  57% (1097/1921)   Resolving deltas:  58% (1129/1921)   Resolving deltas:  59% (1137/1921)   Resolving deltas:  61% (1172/1921)   Resolving deltas:  63% (1215/1921)   Resolving deltas:  64% (1232/1921)   Resolving deltas:  65% (1249/1921)   Resolving deltas:  66% (1277/1921)   Resolving deltas:  67% (1304/1921)   Resolving deltas:  68% (1310/1921)   Resolving deltas:  69% (1327/1921)   Resolving deltas:  70% (1350/1921)   Resolving deltas:  71% (1366/1921)   Resolving deltas:  72% (1385/1921)   Resolving deltas:  73% (1406/1921)   Resolving deltas:  74% (1427/1921)   Resolving deltas:  75% (1441/1921)   Resolving deltas:  76% (1468/1921)   Resolving deltas:  77% (1483/1921)   Resolving deltas:  78% (1508/1921)   Resolving deltas:  80% (1537/1921)   Resolving deltas:  81% (1558/1921)   Resolving deltas:  82% (1576/1921)   Resolving deltas:  83% (1603/1921)   Resolving deltas:  84% (1614/1921)   Resolving deltas:  85% (1633/1921)   Resolving deltas:  86% (1655/1921)   Resolving deltas:  87% (1676/1921)   Resolving deltas:  89% (1726/1921)   Resolving deltas:  90% (1741/1921)   Resolving deltas:  91% (1752/1921)   Resolving deltas:  92% (1770/1921)   Resolving deltas:  93% (1790/1921)   Resolving deltas:  94% (1806/1921)   Resolving deltas:  95% (1826/1921)   Resolving deltas:  96% (1847/1921)   Resolving deltas:  97% (1867/1921)   Resolving deltas:  98% (1883/1921)   Resolving deltas:  99% (1902/1921)   Resolving deltas: 100% (1921/1921)   Resolving deltas: 100% (1921/1921), done.
Checking connectivity... done.
travis_time:end:08a33326:start=1416133413533471963,finish=1416133413867172007,duration=333700044[0K$ cd square/dagger
$ git checkout -qf 3b8ff7c11964854725fb2584c563c9492a1ec229
travis_fold:end:git.checkout[0K$ jdk_switcher use oraclejdk7
Switching to Oracle JDK7 (java-7-oracle), JAVA_HOME will be set to /usr/lib/jvm/java-7-oracle
travis_fold:start:android.install[0KInstalling Android dependencies
travis_time:start:01ed289a[0K$ android-update-sdk --components=build-tools-20.0.0 --accept-licenses='android-sdk-license-5be876d5'
Installing build-tools-20.0.0
spawn android update sdk --no-ui --all --filter build-tools-20.0.0
Refresh Sources:
  Fetching https://dl-ssl.google.com/android/repository/addons_list-2.xml
  Validate XML
  Parse XML
  Fetched Add-ons List successfully
  Refresh Sources
  Fetching URL: https://dl-ssl.google.com/android/repository/repository-10.xml
  Validate XML: https://dl-ssl.google.com/android/repository/repository-10.xml
  Parse XML:    https://dl-ssl.google.com/android/repository/repository-10.xml
  Fetching URL: https://dl-ssl.google.com/android/repository/addon.xml
  Validate XML: https://dl-ssl.google.com/android/repository/addon.xml
  Parse XML:    https://dl-ssl.google.com/android/repository/addon.xml
  Fetching URL: https://dl-ssl.google.com/android/repository/addon-6.xml
  Validate XML: https://dl-ssl.google.com/android/repository/addon-6.xml
  Parse XML:    https://dl-ssl.google.com/android/repository/addon-6.xml
  Fetching URL: https://dl-ssl.google.com/glass/gdk/addon.xml
  Validate XML: https://dl-ssl.google.com/glass/gdk/addon.xml
  Parse XML:    https://dl-ssl.google.com/glass/gdk/addon.xml
  Fetching URL: https://dl-ssl.google.com/android/repository/extras/intel/addon.xml
  Validate XML: https://dl-ssl.google.com/android/repository/extras/intel/addon.xml
  Parse XML:    https://dl-ssl.google.com/android/repository/extras/intel/addon.xml
  Fetching URL: https://dl-ssl.google.com/android/repository/sys-img/android/sys-img.xml
  Validate XML: https://dl-ssl.google.com/android/repository/sys-img/android/sys-img.xml
  Parse XML:    https://dl-ssl.google.com/android/repository/sys-img/android/sys-img.xml
  Fetching URL: https://dl-ssl.google.com/android/repository/sys-img/android-wear/sys-img.xml
  Validate XML: https://dl-ssl.google.com/android/repository/sys-img/android-wear/sys-img.xml
  Parse XML:    https://dl-ssl.google.com/android/repository/sys-img/android-wear/sys-img.xml
  Fetching URL: https://dl-ssl.google.com/android/repository/sys-img/android-tv/sys-img.xml
  Validate XML: https://dl-ssl.google.com/android/repository/sys-img/android-tv/sys-img.xml
  Parse XML:    https://dl-ssl.google.com/android/repository/sys-img/android-tv/sys-img.xml
  Fetching URL: https://dl-ssl.google.com/android/repository/sys-img/google_apis/sys-img.xml
  Validate XML: https://dl-ssl.google.com/android/repository/sys-img/google_apis/sys-img.xml
  Parse XML:    https://dl-ssl.google.com/android/repository/sys-img/google_apis/sys-img.xml
  Fetching URL: https://dl-ssl.google.com/android/repository/sys-img/x86/addon-x86.xml
  Validate XML: https://dl-ssl.google.com/android/repository/sys-img/x86/addon-x86.xml
  Parse XML:    https://dl-ssl.google.com/android/repository/sys-img/x86/addon-x86.xml
-------------------------------
License id: android-sdk-license-5be876d5
Used by: 
 - Android SDK Build-tools, revision 20
-------------------------------

To get started with the Android SDK, you must agree to the following terms and conditions.

This is the Android SDK License Agreement (the "License Agreement").

1. Introduction

1.1 The Android SDK (referred to in the License Agreement as the "SDK" and specifically including the Android system files, packaged APIs, and SDK library files and tools , if and when they are made available) is licensed to you subject to the terms of the License Agreement. The License Agreement forms a legally binding contract between you and Google in relation to your use of the SDK.

1.2 "Android" means the Android software stack for devices, as made available under the Android Open Source Project, which is located at the following URL: http://source.android.com/, as updated from time to time.

1.3 "Google" means Google Inc., a Delaware corporation with principal place of business at 1600 Amphitheatre Parkway, Mountain View, CA 94043, United States.

2. Accepting the License Agreement

2.1 In order to use the SDK, you must first agree to the License Agreement. You may not use the SDK if you do not accept the License Agreement.

2.2 By clicking to accept and/or using the SDK, you hereby agree to the terms of the License Agreement.

2.3 You may not use the SDK and may not accept the License Agreement if you are a person barred from receiving the SDK under the laws of the United States or other countries including the country in which you are resident or from which you use the SDK.

2.4 If you will use the SDK internally within your company or organization you agree to be bound by the License Agreement on behalf of your employer or other entity, and you represent and warrant that you have full legal authority to bind your employer or such entity to the License Agreement. If you do not have the requisite authority, you may not accept the License Agreement or use the SDK on behalf of your employer or other entity.

3. SDK License from Google

3.1 Subject to the terms of the License Agreement, Google grants you a royalty-free, non-assignable, non-exclusive, non-sublicensable, limited, revocable license to use the SDK, personally or internally within your company or organization, solely to develop and distribute applications to run on the Android platform.

3.2 You agree that Google or third parties own all legal right, title and interest in and to the SDK, including any Intellectual Property Rights that subsist in the SDK. "Intellectual Property Rights" means any and all rights under patent law, copyright law, trade secret law, trademark law, and any and all other proprietary rights. Google reserves all rights not expressly granted to you.

3.3 You may not use the SDK for any purpose not expressly permitted by the License Agreement. Except to the extent required by applicable third party licenses, you may not: (a) copy (except for backup purposes), modify, adapt, redistribute, decompile, reverse engineer, disassemble, or create derivative works of the SDK or any part of the SDK; or (b) load any part of the SDK onto a mobile handset or any other hardware device except a personal computer, combine any part of the SDK with other software, or distribute any software or device incorporating a part of the SDK.

3.4 You agree that you will not take any actions that may cause or result in the fragmentation of Android, including but not limited to distributing, participating in the creation of, or promoting in any way a software development kit derived from the SDK.

3.5 Use, reproduction and distribution of components of the SDK licensed under an open source software license are governed solely by the terms of that open source software license and not the License Agreement. You agree to remain a licensee in good standing in regard to such open source software licenses under all the rights granted and to refrain from any actions that may terminate, suspend, or breach such rights.

3.6 You agree that the form and nature of the SDK that Google provides may change without prior notice to you and that future versions of the SDK may be incompatible with applications developed on previous versions of the SDK. You agree that Google may stop (permanently or temporarily) providing the SDK (or any features within the SDK) to you or to users generally at Google's sole discretion, without prior notice to you.

3.7 Nothing in the License Agreement gives you a right to use any of Google's trade names, trademarks, service marks, logos, domain names, or other distinctive brand features.

3.8 You agree that you will not remove, obscure, or alter any proprietary rights notices (including copyright and trademark notices) that may be affixed to or contained within the SDK.

4. Use of the SDK by You

4.1 Google agrees that nothing in the License Agreement gives Google any right, title or interest from you (or your licensors) under the License Agreement in or to any software applications that you develop using the SDK, including any intellectual property rights that subsist in those applications.

4.2 You agree to use the SDK and write applications only for purposes that are permitted by (a) the License Agreement, and (b) any applicable law, regulation or generally accepted practices or guidelines in the relevant jurisdictions (including any laws regarding the export of data or software to and from the United States or other relevant countries).

4.3 You agree that if you use the SDK to develop applications, you will protect the privacy and legal rights of users. If users provide you with user names, passwords, or other login information or personal information, you must make the users aware that the information will be available to your application, and you must provide legally adequate privacy notice and protection for those users. If your application stores personal or sensitive information provided by users, it must do so securely. If users provide you with Google Account information, your application may only use that information to access the user's Google Account when, and for the limited purposes for which, each user has given you permission to do so.

4.4 You agree that you will not engage in any activity with the SDK, including the development or distribution of an application, that interferes with, disrupts, damages, or accesses in an unauthorized manner the servers, networks, or other properties or services of Google or any third party.

4.5 You agree that you are solely responsible for (and that Google has no responsibility to you or to any third party for) any data, content, or resources that you create, transmit or display through Android and/or applications for Android, and for the consequences of your actions (including any loss or damage which Google may suffer) by doing so.

4.6 You agree that you are solely responsible for (and that Google has no responsibility to you or to any third party for) any breach of your obligations under the License Agreement, any applicable third party contract or Terms of Service, or any applicable law or regulation, and for the consequences (including any loss or damage which Google or any third party may suffer) of any such breach.

5. Your Developer Credentials

5.1 You agree that you are responsible for maintaining the confidentiality of any developer credentials that may be issued to you by Google or which you may choose yourself and that you will be solely responsible for all applications that are developed under your developer credentials.

6. Privacy and Information

6.1 In order to continually innovate and improve the SDK, Google may collect certain usage statistics from the software including but not limited to a unique identifier, associated IP address, version number of the software, and information on which tools and/or services in the SDK are being used and how they are being used. Before any of this information is collected, the SDK will notify you and seek your consent. If you withhold consent, the information will not be collected.

6.2 The data collected is examined in the aggregate to improve the SDK and is maintained in accordance with Google's Privacy Policy located at http://www.google.com/policies/privacy/.

7. Third Party Applications

7.1 If you use the SDK to run applications developed by a third party or that access data, content or resources provided by a third party, you agree that Google is not responsible for those applications, data, content, or resources. You understand that all data, content or resources which you may access through such third party applications are the sole responsibility of the person from which they originated and that Google is not liable for any loss or damage that you may experience as a result of the use or access of any of those third party applications, data, content, or resources.

7.2 You should be aware the data, content, and resources presented to you through such a third party application may be protected by intellectual property rights which are owned by the providers (or by other persons or companies on their behalf). You may not modify, rent, lease, loan, sell, distribute or create derivative works based on these data, content, or resources (either in whole or in part) unless you have been specifically given permission to do so by the relevant owners.

7.3 You acknowledge that your use of such third party applications, data, content, or resources may be subject to separate terms between you and the relevant third party.

8. Using Google APIs

8.1 Google APIs

8.1.1 If you use any API to retrieve data from Google, you acknowledge that the data may be protected by intellectual property rights which are owned by Google or those parties that provide the data (or by other persons or companies on their behalf). Your use of any such API may be subject to additional Terms of Service. You may not modify, rent, lease, loan, sell, distribute or create derivative works based on this data (either in whole or in part) unless allowed by the relevant Terms of Service.

8.1.2 If you use any API to retrieve a user's data from Google, you acknowledge and agree that you shall retrieve data only with the user's explicit consent and only when, and for the limited purposes for which, the user has given you permission to do so.

9. Terminating the License Agreement

9.1 The License Agreement will continue to apply until terminated by either you or Google as set out below.

9.2 If you want to terminate the License Agreement, you may do so by ceasing your use of the SDK and any relevant developer credentials.

9.3 Google may at any time, terminate the License Agreement, with or without cause, upon notice to you.

9.4 The License Agreement will automatically terminate without notice or other action when Google ceases to provide the SDK or certain parts of the SDK to users in the country in which you are resident or from which you use the service.

9.5 When the License Agreement is terminated, the license granted to you in the License Agreement will terminate, you will immediately cease all use of the SDK, and the provisions of paragraphs 10, 11, 12 and 14 shall survive indefinitely.

10. DISCLAIMERS

10.1 YOU EXPRESSLY UNDERSTAND AND AGREE THAT YOUR USE OF THE SDK IS AT YOUR SOLE RISK AND THAT THE SDK IS PROVIDED "AS IS" AND "AS AVAILABLE" WITHOUT WARRANTY OF ANY KIND FROM GOOGLE.

10.2 YOUR USE OF THE SDK AND ANY MATERIAL DOWNLOADED OR OTHERWISE OBTAINED THROUGH THE USE OF THE SDK IS AT YOUR OWN DISCRETION AND RISK AND YOU ARE SOLELY RESPONSIBLE FOR ANY DAMAGE TO YOUR COMPUTER SYSTEM OR OTHER DEVICE OR LOSS OF DATA THAT RESULTS FROM SUCH USE. WITHOUT LIMITING THE FOREGOING, YOU UNDERSTAND THAT THE SDK MAY CONTAIN ERRORS, DEFECTS AND SECURITY VULNERABILITIES THAT CAN RESULT IN SIGNIFICANT DAMAGE, INCLUDING THE COMPLETE, IRRECOVERABLE LOSS OF USE OF YOUR COMPUTER SYSTEM OR OTHER DEVICE.

10.3 GOOGLE FURTHER EXPRESSLY DISCLAIMS ALL WARRANTIES AND CONDITIONS OF ANY KIND, WHETHER EXPRESS OR IMPLIED, INCLUDING, BUT NOT LIMITED TO THE IMPLIED WARRANTIES AND CONDITIONS OF MERCHANTABILITY, FITNESS FOR A PARTICULAR PURPOSE AND NON-INFRINGEMENT.

11. LIMITATION OF LIABILITY

11.1 YOU EXPRESSLY UNDERSTAND AND AGREE THAT GOOGLE, ITS SUBSIDIARIES AND AFFILIATES, AND ITS LICENSORS SHALL NOT BE LIABLE TO YOU UNDER ANY THEORY OF LIABILITY FOR ANY DIRECT, INDIRECT, INCIDENTAL, SPECIAL, CONSEQUENTIAL OR EXEMPLARY DAMAGES THAT MAY BE INCURRED BY YOU, INCLUDING ANY LOSS OF DATA, WHETHER OR NOT GOOGLE OR ITS REPRESENTATIVES HAVE BEEN ADVISED OF OR SHOULD HAVE BEEN AWARE OF THE POSSIBILITY OF ANY SUCH LOSSES ARISING.

12. Indemnification

12.1 To the maximum extent permitted by law, you agree to defend, indemnify and hold harmless Google, its affiliates and their respective directors, officers, employees and agents from and against any and all claims, actions, suits or proceedings, as well as any and all losses, liabilities, damages, costs and expenses (including reasonable attorneysâ€™ fees) arising out of or accruing from (a) your use of the SDK, (b) any application you develop on the SDK that infringes any Intellectual Property Rights of any person or defames any person or violates their rights of publicity or privacy, and (c) any non-compliance by you of the License Agreement.

13. Changes to the License Agreement

13.1 Google may make changes to the License Agreement as it distributes new versions of the SDK. When these changes are made, Google will make a new version of the License Agreement available on the website where the SDK is made available.

14. General Legal Terms

14.1 The License Agreement constitutes the whole legal agreement between you and Google and governs your use of the SDK (excluding any services which Google may provide to you under a separate written agreement), and completely replaces any prior agreements between you and Google in relation to the SDK.

14.2 You agree that if Google does not exercise or enforce any legal right or remedy which is contained in the License Agreement (or which Google has the benefit of under any applicable law), this will not be taken to be a formal waiver of Google's rights and that those rights or remedies will still be available to Google.

14.3 If any court of law, having the jurisdiction to decide on this matter, rules that any provision of the License Agreement is invalid, then that provision will be removed from the License Agreement without affecting the rest of the License Agreement. The remaining provisions of the License Agreement will continue to be valid and enforceable.

14.4 You acknowledge and agree that each member of the group of companies of which Google is the parent shall be third party beneficiaries to the License Agreement and that such other companies shall be entitled to directly enforce, and rely upon, any provision of the License Agreement that confers a benefit on (or rights in favor of) them. Other than this, no other person or company shall be third party beneficiaries to the License Agreement.

14.5 EXPORT RESTRICTIONS. THE SDK IS SUBJECT TO UNITED STATES EXPORT LAWS AND REGULATIONS. YOU MUST COMPLY WITH ALL DOMESTIC AND INTERNATIONAL EXPORT LAWS AND REGULATIONS THAT APPLY TO THE SDK. THESE LAWS INCLUDE RESTRICTIONS ON DESTINATIONS, END USERS AND END USE.

14.6 The License Agreement may not be assigned or transferred by you without the prior written approval of Google, and any attempted assignment without such approval will be void. You shall not delegate your responsibilities or obligations under the License Agreement without the prior written approval of Google.

14.7 The License Agreement, and your relationship with Google under the License Agreement, shall be governed by the laws of the State of California without regard to its conflict of laws provisions. You and Google agree to submit to the exclusive jurisdiction of the courts located within the county of Santa Clara, California to resolve any legal matter arising from the License Agreement. Notwithstanding this, you agree that Google shall still be allowed to apply for injunctive remedies (or an equivalent type of urgent legal relief) in any jurisdiction.

June 2014.
    
Do you accept the license 'android-sdk-license-5be876d5' [y/n]: y

Installing Archives:
  Preparing to install archives
  Downloading Android SDK Build-tools, revision 20
  Installing Android SDK Build-tools, revision 20
  Unzipping Android SDK Build-tools, revision 20 (2%)  Unzipping Android SDK Build-tools, revision 20 (4%)  Unzipping Android SDK Build-tools, revision 20 (5%)  Unzipping Android SDK Build-tools, revision 20 (6%)  Unzipping Android SDK Build-tools, revision 20 (7%)  Unzipping Android SDK Build-tools, revision 20 (8%)  Unzipping Android SDK Build-tools, revision 20 (9%)  Unzipping Android SDK Build-tools, revision 20 (10%)  Unzipping Android SDK Build-tools, revision 20 (11%)  Unzipping Android SDK Build-tools, revision 20 (12%)  Unzipping Android SDK Build-tools, revision 20 (13%)  Unzipping Android SDK Build-tools, revision 20 (18%)  Unzipping Android SDK Build-tools, revision 20 (20%)  Unzipping Android SDK Build-tools, revision 20 (21%)  Unzipping Android SDK Build-tools, revision 20 (22%)  Unzipping Android SDK Build-tools, revision 20 (26%)  Unzipping Android SDK Build-tools, revision 20 (54%)  Unzipping Android SDK Build-tools, revision 20 (60%)  Unzipping Android SDK Build-tools, revision 20 (62%)  Unzipping Android SDK Build-tools, revision 20 (99%)    Installed Android SDK Build-tools, revision 20
  Done. 1 package installed.
travis_time:end:01ed289a:start=1416133413900410478,finish=1416133420517888913,duration=6617478435[0Ktravis_time:start:01bd33b6[0K$ android-update-sdk --components=android-16 --accept-licenses='android-sdk-license-5be876d5'
Installing android-16
spawn android update sdk --no-ui --all --filter android-16
Refresh Sources:
  Fetching https://dl-ssl.google.com/android/repository/addons_list-2.xml
  Validate XML
  Parse XML
  Fetched Add-ons List successfully
  Refresh Sources
  Fetching URL: https://dl-ssl.google.com/android/repository/repository-10.xml
  Validate XML: https://dl-ssl.google.com/android/repository/repository-10.xml
  Parse XML:    https://dl-ssl.google.com/android/repository/repository-10.xml
  Fetching URL: https://dl-ssl.google.com/android/repository/addon.xml
  Validate XML: https://dl-ssl.google.com/android/repository/addon.xml
  Parse XML:    https://dl-ssl.google.com/android/repository/addon.xml
  Fetching URL: https://dl-ssl.google.com/android/repository/addon-6.xml
  Validate XML: https://dl-ssl.google.com/android/repository/addon-6.xml
  Parse XML:    https://dl-ssl.google.com/android/repository/addon-6.xml
  Fetching URL: https://dl-ssl.google.com/glass/gdk/addon.xml
  Validate XML: https://dl-ssl.google.com/glass/gdk/addon.xml
  Parse XML:    https://dl-ssl.google.com/glass/gdk/addon.xml
  Fetching URL: https://dl-ssl.google.com/android/repository/extras/intel/addon.xml
  Validate XML: https://dl-ssl.google.com/android/repository/extras/intel/addon.xml
  Parse XML:    https://dl-ssl.google.com/android/repository/extras/intel/addon.xml
  Fetching URL: https://dl-ssl.google.com/android/repository/sys-img/android/sys-img.xml
  Validate XML: https://dl-ssl.google.com/android/repository/sys-img/android/sys-img.xml
  Parse XML:    https://dl-ssl.google.com/android/repository/sys-img/android/sys-img.xml
  Fetching URL: https://dl-ssl.google.com/android/repository/sys-img/android-wear/sys-img.xml
  Validate XML: https://dl-ssl.google.com/android/repository/sys-img/android-wear/sys-img.xml
  Parse XML:    https://dl-ssl.google.com/android/repository/sys-img/android-wear/sys-img.xml
  Fetching URL: https://dl-ssl.google.com/android/repository/sys-img/android-tv/sys-img.xml
  Validate XML: https://dl-ssl.google.com/android/repository/sys-img/android-tv/sys-img.xml
  Parse XML:    https://dl-ssl.google.com/android/repository/sys-img/android-tv/sys-img.xml
  Fetching URL: https://dl-ssl.google.com/android/repository/sys-img/google_apis/sys-img.xml
  Validate XML: https://dl-ssl.google.com/android/repository/sys-img/google_apis/sys-img.xml
  Parse XML:    https://dl-ssl.google.com/android/repository/sys-img/google_apis/sys-img.xml
  Fetching URL: https://dl-ssl.google.com/android/repository/sys-img/x86/addon-x86.xml
  Validate XML: https://dl-ssl.google.com/android/repository/sys-img/x86/addon-x86.xml
  Parse XML:    https://dl-ssl.google.com/android/repository/sys-img/x86/addon-x86.xml
-------------------------------
License id: android-sdk-license-5be876d5
Used by: 
 - SDK Platform Android 4.1.2, API 16, revision 5
-------------------------------

To get started with the Android SDK, you must agree to the following terms and conditions.

This is the Android SDK License Agreement (the "License Agreement").

1. Introduction

1.1 The Android SDK (referred to in the License Agreement as the "SDK" and specifically including the Android system files, packaged APIs, and SDK library files and tools , if and when they are made available) is licensed to you subject to the terms of the License Agreement. The License Agreement forms a legally binding contract between you and Google in relation to your use of the SDK.

1.2 "Android" means the Android software stack for devices, as made available under the Android Open Source Project, which is located at the following URL: http://source.android.com/, as updated from time to time.

1.3 "Google" means Google Inc., a Delaware corporation with principal place of business at 1600 Amphitheatre Parkway, Mountain View, CA 94043, United States.

2. Accepting the License Agreement

2.1 In order to use the SDK, you must first agree to the License Agreement. You may not use the SDK if you do not accept the License Agreement.

2.2 By clicking to accept and/or using the SDK, you hereby agree to the terms of the License Agreement.

2.3 You may not use the SDK and may not accept the License Agreement if you are a person barred from receiving the SDK under the laws of the United States or other countries including the country in which you are resident or from which you use the SDK.

2.4 If you will use the SDK internally within your company or organization you agree to be bound by the License Agreement on behalf of your employer or other entity, and you represent and warrant that you have full legal authority to bind your employer or such entity to the License Agreement. If you do not have the requisite authority, you may not accept the License Agreement or use the SDK on behalf of your employer or other entity.

3. SDK License from Google

3.1 Subject to the terms of the License Agreement, Google grants you a royalty-free, non-assignable, non-exclusive, non-sublicensable, limited, revocable license to use the SDK, personally or internally within your company or organization, solely to develop and distribute applications to run on the Android platform.

3.2 You agree that Google or third parties own all legal right, title and interest in and to the SDK, including any Intellectual Property Rights that subsist in the SDK. "Intellectual Property Rights" means any and all rights under patent law, copyright law, trade secret law, trademark law, and any and all other proprietary rights. Google reserves all rights not expressly granted to you.

3.3 You may not use the SDK for any purpose not expressly permitted by the License Agreement. Except to the extent required by applicable third party licenses, you may not: (a) copy (except for backup purposes), modify, adapt, redistribute, decompile, reverse engineer, disassemble, or create derivative works of the SDK or any part of the SDK; or (b) load any part of the SDK onto a mobile handset or any other hardware device except a personal computer, combine any part of the SDK with other software, or distribute any software or device incorporating a part of the SDK.

3.4 You agree that you will not take any actions that may cause or result in the fragmentation of Android, including but not limited to distributing, participating in the creation of, or promoting in any way a software development kit derived from the SDK.

3.5 Use, reproduction and distribution of components of the SDK licensed under an open source software license are governed solely by the terms of that open source software license and not the License Agreement. You agree to remain a licensee in good standing in regard to such open source software licenses under all the rights granted and to refrain from any actions that may terminate, suspend, or breach such rights.

3.6 You agree that the form and nature of the SDK that Google provides may change without prior notice to you and that future versions of the SDK may be incompatible with applications developed on previous versions of the SDK. You agree that Google may stop (permanently or temporarily) providing the SDK (or any features within the SDK) to you or to users generally at Google's sole discretion, without prior notice to you.

3.7 Nothing in the License Agreement gives you a right to use any of Google's trade names, trademarks, service marks, logos, domain names, or other distinctive brand features.

3.8 You agree that you will not remove, obscure, or alter any proprietary rights notices (including copyright and trademark notices) that may be affixed to or contained within the SDK.

4. Use of the SDK by You

4.1 Google agrees that nothing in the License Agreement gives Google any right, title or interest from you (or your licensors) under the License Agreement in or to any software applications that you develop using the SDK, including any intellectual property rights that subsist in those applications.

4.2 You agree to use the SDK and write applications only for purposes that are permitted by (a) the License Agreement, and (b) any applicable law, regulation or generally accepted practices or guidelines in the relevant jurisdictions (including any laws regarding the export of data or software to and from the United States or other relevant countries).

4.3 You agree that if you use the SDK to develop applications, you will protect the privacy and legal rights of users. If users provide you with user names, passwords, or other login information or personal information, you must make the users aware that the information will be available to your application, and you must provide legally adequate privacy notice and protection for those users. If your application stores personal or sensitive information provided by users, it must do so securely. If users provide you with Google Account information, your application may only use that information to access the user's Google Account when, and for the limited purposes for which, each user has given you permission to do so.

4.4 You agree that you will not engage in any activity with the SDK, including the development or distribution of an application, that interferes with, disrupts, damages, or accesses in an unauthorized manner the servers, networks, or other properties or services of Google or any third party.

4.5 You agree that you are solely responsible for (and that Google has no responsibility to you or to any third party for) any data, content, or resources that you create, transmit or display through Android and/or applications for Android, and for the consequences of your actions (including any loss or damage which Google may suffer) by doing so.

4.6 You agree that you are solely responsible for (and that Google has no responsibility to you or to any third party for) any breach of your obligations under the License Agreement, any applicable third party contract or Terms of Service, or any applicable law or regulation, and for the consequences (including any loss or damage which Google or any third party may suffer) of any such breach.

5. Your Developer Credentials

5.1 You agree that you are responsible for maintaining the confidentiality of any developer credentials that may be issued to you by Google or which you may choose yourself and that you will be solely responsible for all applications that are developed under your developer credentials.

6. Privacy and Information

6.1 In order to continually innovate and improve the SDK, Google may collect certain usage statistics from the software including but not limited to a unique identifier, associated IP address, version number of the software, and information on which tools and/or services in the SDK are being used and how they are being used. Before any of this information is collected, the SDK will notify you and seek your consent. If you withhold consent, the information will not be collected.

6.2 The data collected is examined in the aggregate to improve the SDK and is maintained in accordance with Google's Privacy Policy located at http://www.google.com/policies/privacy/.

7. Third Party Applications

7.1 If you use the SDK to run applications developed by a third party or that access data, content or resources provided by a third party, you agree that Google is not responsible for those applications, data, content, or resources. You understand that all data, content or resources which you may access through such third party applications are the sole responsibility of the person from which they originated and that Google is not liable for any loss or damage that you may experience as a result of the use or access of any of those third party applications, data, content, or resources.

7.2 You should be aware the data, content, and resources presented to you through such a third party application may be protected by intellectual property rights which are owned by the providers (or by other persons or companies on their behalf). You may not modify, rent, lease, loan, sell, distribute or create derivative works based on these data, content, or resources (either in whole or in part) unless you have been specifically given permission to do so by the relevant owners.

7.3 You acknowledge that your use of such third party applications, data, content, or resources may be subject to separate terms between you and the relevant third party.

8. Using Google APIs

8.1 Google APIs

8.1.1 If you use any API to retrieve data from Google, you acknowledge that the data may be protected by intellectual property rights which are owned by Google or those parties that provide the data (or by other persons or companies on their behalf). Your use of any such API may be subject to additional Terms of Service. You may not modify, rent, lease, loan, sell, distribute or create derivative works based on this data (either in whole or in part) unless allowed by the relevant Terms of Service.

8.1.2 If you use any API to retrieve a user's data from Google, you acknowledge and agree that you shall retrieve data only with the user's explicit consent and only when, and for the limited purposes for which, the user has given you permission to do so.

9. Terminating the License Agreement

9.1 The License Agreement will continue to apply until terminated by either you or Google as set out below.

9.2 If you want to terminate the License Agreement, you may do so by ceasing your use of the SDK and any relevant developer credentials.

9.3 Google may at any time, terminate the License Agreement, with or without cause, upon notice to you.

9.4 The License Agreement will automatically terminate without notice or other action when Google ceases to provide the SDK or certain parts of the SDK to users in the country in which you are resident or from which you use the service.

9.5 When the License Agreement is terminated, the license granted to you in the License Agreement will terminate, you will immediately cease all use of the SDK, and the provisions of paragraphs 10, 11, 12 and 14 shall survive indefinitely.

10. DISCLAIMERS

10.1 YOU EXPRESSLY UNDERSTAND AND AGREE THAT YOUR USE OF THE SDK IS AT YOUR SOLE RISK AND THAT THE SDK IS PROVIDED "AS IS" AND "AS AVAILABLE" WITHOUT WARRANTY OF ANY KIND FROM GOOGLE.

10.2 YOUR USE OF THE SDK AND ANY MATERIAL DOWNLOADED OR OTHERWISE OBTAINED THROUGH THE USE OF THE SDK IS AT YOUR OWN DISCRETION AND RISK AND YOU ARE SOLELY RESPONSIBLE FOR ANY DAMAGE TO YOUR COMPUTER SYSTEM OR OTHER DEVICE OR LOSS OF DATA THAT RESULTS FROM SUCH USE. WITHOUT LIMITING THE FOREGOING, YOU UNDERSTAND THAT THE SDK MAY CONTAIN ERRORS, DEFECTS AND SECURITY VULNERABILITIES THAT CAN RESULT IN SIGNIFICANT DAMAGE, INCLUDING THE COMPLETE, IRRECOVERABLE LOSS OF USE OF YOUR COMPUTER SYSTEM OR OTHER DEVICE.

10.3 GOOGLE FURTHER EXPRESSLY DISCLAIMS ALL WARRANTIES AND CONDITIONS OF ANY KIND, WHETHER EXPRESS OR IMPLIED, INCLUDING, BUT NOT LIMITED TO THE IMPLIED WARRANTIES AND CONDITIONS OF MERCHANTABILITY, FITNESS FOR A PARTICULAR PURPOSE AND NON-INFRINGEMENT.

11. LIMITATION OF LIABILITY

11.1 YOU EXPRESSLY UNDERSTAND AND AGREE THAT GOOGLE, ITS SUBSIDIARIES AND AFFILIATES, AND ITS LICENSORS SHALL NOT BE LIABLE TO YOU UNDER ANY THEORY OF LIABILITY FOR ANY DIRECT, INDIRECT, INCIDENTAL, SPECIAL, CONSEQUENTIAL OR EXEMPLARY DAMAGES THAT MAY BE INCURRED BY YOU, INCLUDING ANY LOSS OF DATA, WHETHER OR NOT GOOGLE OR ITS REPRESENTATIVES HAVE BEEN ADVISED OF OR SHOULD HAVE BEEN AWARE OF THE POSSIBILITY OF ANY SUCH LOSSES ARISING.

12. Indemnification

12.1 To the maximum extent permitted by law, you agree to defend, indemnify and hold harmless Google, its affiliates and their respective directors, officers, employees and agents from and against any and all claims, actions, suits or proceedings, as well as any and all losses, liabilities, damages, costs and expenses (including reasonable attorneysâ€™ fees) arising out of or accruing from (a) your use of the SDK, (b) any application you develop on the SDK that infringes any Intellectual Property Rights of any person or defames any person or violates their rights of publicity or privacy, and (c) any non-compliance by you of the License Agreement.

13. Changes to the License Agreement

13.1 Google may make changes to the License Agreement as it distributes new versions of the SDK. When these changes are made, Google will make a new version of the License Agreement available on the website where the SDK is made available.

14. General Legal Terms

14.1 The License Agreement constitutes the whole legal agreement between you and Google and governs your use of the SDK (excluding any services which Google may provide to you under a separate written agreement), and completely replaces any prior agreements between you and Google in relation to the SDK.

14.2 You agree that if Google does not exercise or enforce any legal right or remedy which is contained in the License Agreement (or which Google has the benefit of under any applicable law), this will not be taken to be a formal waiver of Google's rights and that those rights or remedies will still be available to Google.

14.3 If any court of law, having the jurisdiction to decide on this matter, rules that any provision of the License Agreement is invalid, then that provision will be removed from the License Agreement without affecting the rest of the License Agreement. The remaining provisions of the License Agreement will continue to be valid and enforceable.

14.4 You acknowledge and agree that each member of the group of companies of which Google is the parent shall be third party beneficiaries to the License Agreement and that such other companies shall be entitled to directly enforce, and rely upon, any provision of the License Agreement that confers a benefit on (or rights in favor of) them. Other than this, no other person or company shall be third party beneficiaries to the License Agreement.

14.5 EXPORT RESTRICTIONS. THE SDK IS SUBJECT TO UNITED STATES EXPORT LAWS AND REGULATIONS. YOU MUST COMPLY WITH ALL DOMESTIC AND INTERNATIONAL EXPORT LAWS AND REGULATIONS THAT APPLY TO THE SDK. THESE LAWS INCLUDE RESTRICTIONS ON DESTINATIONS, END USERS AND END USE.

14.6 The License Agreement may not be assigned or transferred by you without the prior written approval of Google, and any attempted assignment without such approval will be void. You shall not delegate your responsibilities or obligations under the License Agreement without the prior written approval of Google.

14.7 The License Agreement, and your relationship with Google under the License Agreement, shall be governed by the laws of the State of California without regard to its conflict of laws provisions. You and Google agree to submit to the exclusive jurisdiction of the courts located within the county of Santa Clara, California to resolve any legal matter arising from the License Agreement. Notwithstanding this, you agree that Google shall still be allowed to apply for injunctive remedies (or an equivalent type of urgent legal relief) in any jurisdiction.

June 2014.
    
Do you accept the license 'android-sdk-license-5be876d5' [y/n]: y

Installing Archives:
  Preparing to install archives
  Downloading SDK Platform Android 4.1.2, API 16, revision 5
  Installing SDK Platform Android 4.1.2, API 16, revision 5
  Unzipping SDK Platform Android 4.1.2, API 16, revision 5 (26%)  Unzipping SDK Platform Android 4.1.2, API 16, revision 5 (27%)  Unzipping SDK Platform Android 4.1.2, API 16, revision 5 (28%)  Unzipping SDK Platform Android 4.1.2, API 16, revision 5 (29%)  Unzipping SDK Platform Android 4.1.2, API 16, revision 5 (30%)  Unzipping SDK Platform Android 4.1.2, API 16, revision 5 (31%)  Unzipping SDK Platform Android 4.1.2, API 16, revision 5 (32%)  Unzipping SDK Platform Android 4.1.2, API 16, revision 5 (33%)  Unzipping SDK Platform Android 4.1.2, API 16, revision 5 (34%)  Unzipping SDK Platform Android 4.1.2, API 16, revision 5 (36%)  Unzipping SDK Platform Android 4.1.2, API 16, revision 5 (37%)  Unzipping SDK Platform Android 4.1.2, API 16, revision 5 (38%)  Unzipping SDK Platform Android 4.1.2, API 16, revision 5 (39%)  Unzipping SDK Platform Android 4.1.2, API 16, revision 5 (40%)  Unzipping SDK Platform Android 4.1.2, API 16, revision 5 (41%)  Unzipping SDK Platform Android 4.1.2, API 16, revision 5 (42%)  Unzipping SDK Platform Android 4.1.2, API 16, revision 5 (43%)  Unzipping SDK Platform Android 4.1.2, API 16, revision 5 (44%)  Unzipping SDK Platform Android 4.1.2, API 16, revision 5 (45%)  Unzipping SDK Platform Android 4.1.2, API 16, revision 5 (46%)  Unzipping SDK Platform Android 4.1.2, API 16, revision 5 (47%)  Unzipping SDK Platform Android 4.1.2, API 16, revision 5 (48%)  Unzipping SDK Platform Android 4.1.2, API 16, revision 5 (49%)  Unzipping SDK Platform Android 4.1.2, API 16, revision 5 (50%)  Unzipping SDK Platform Android 4.1.2, API 16, revision 5 (51%)  Unzipping SDK Platform Android 4.1.2, API 16, revision 5 (52%)  Unzipping SDK Platform Android 4.1.2, API 16, revision 5 (53%)  Unzipping SDK Platform Android 4.1.2, API 16, revision 5 (54%)  Unzipping SDK Platform Android 4.1.2, API 16, revision 5 (55%)  Unzipping SDK Platform Android 4.1.2, API 16, revision 5 (72%)  Unzipping SDK Platform Android 4.1.2, API 16, revision 5 (73%)  Unzipping SDK Platform Android 4.1.2, API 16, revision 5 (74%)  Unzipping SDK Platform Android 4.1.2, API 16, revision 5 (77%)  Unzipping SDK Platform Android 4.1.2, API 16, revision 5 (78%)  Unzipping SDK Platform Android 4.1.2, API 16, revision 5 (79%)  Unzipping SDK Platform Android 4.1.2, API 16, revision 5 (81%)  Unzipping SDK Platform Android 4.1.2, API 16, revision 5 (82%)  Unzipping SDK Platform Android 4.1.2, API 16, revision 5 (83%)  Unzipping SDK Platform Android 4.1.2, API 16, revision 5 (86%)  Unzipping SDK Platform Android 4.1.2, API 16, revision 5 (87%)  Unzipping SDK Platform Android 4.1.2, API 16, revision 5 (92%)  Unzipping SDK Platform Android 4.1.2, API 16, revision 5 (96%)    Installed SDK Platform Android 4.1.2, API 16, revision 5
  Done. 1 package installed.
travis_time:end:01bd33b6:start=1416133420526159714,finish=1416133428187990441,duration=7661830727[0Ktravis_fold:end:android.install[0K$ java -version
java version "1.7.0_72"
Java(TM) SE Runtime Environment (build 1.7.0_72-b14)
Java HotSpot(TM) 64-Bit Server VM (build 24.72-b04, mixed mode)
$ javac -version
javac 1.7.0_72
travis_fold:start:install[0Ktravis_time:start:34479ff4[0K$ mvn -P!standard-with-extra-repos -U install clean --fail-never --quiet -DskipTests=true -Dinvoker.skip=true
Nov 16, 2014 10:23:54 AM org.apache.maven.wagon.providers.http.httpclient.client.protocol.ResponseProcessCookies processCookies
WARNING: Cookie rejected: "[version: 0][name: rememberMe][value: deleteMe][domain: repository.jboss.org][path: /nexus][expiry: Sun Nov 16 10:23:54 UTC 2014]". Illegal path attribute "/nexus". Path of origin: "/maven2/org/jboss/weld/weld-parent/6/weld-parent-6.pom"
Nov 16, 2014 10:23:54 AM org.apache.maven.wagon.providers.http.httpclient.client.protocol.ResponseProcessCookies processCookies
WARNING: Cookie rejected: "[version: 0][name: rememberMe][value: deleteMe][domain: repository.jboss.org][path: /nexus][expiry: Sun Nov 16 10:23:54 UTC 2014]". Illegal path attribute "/nexus". Path of origin: "/maven2/javax/annotation/jsr250-api/1.0/jsr250-api-1.0.pom"
Nov 16, 2014 10:23:54 AM org.apache.maven.wagon.providers.http.httpclient.client.protocol.ResponseProcessCookies processCookies
WARNING: Cookie rejected: "[version: 0][name: rememberMe][value: deleteMe][domain: repository.jboss.org][path: /nexus][expiry: Sun Nov 16 10:23:54 UTC 2014]". Illegal path attribute "/nexus". Path of origin: "/maven2/javax/annotation/jsr250-api/1.0/jsr250-api-1.0.pom.sha1"
Nov 16, 2014 10:23:54 AM org.apache.maven.wagon.providers.http.httpclient.client.protocol.ResponseProcessCookies processCookies
WARNING: Cookie rejected: "[version: 0][name: rememberMe][value: deleteMe][domain: repository.jboss.org][path: /nexus][expiry: Sun Nov 16 10:23:54 UTC 2014]". Illegal path attribute "/nexus". Path of origin: "/maven2/javax/inject/javax.inject/1/javax.inject-1.pom"
Nov 16, 2014 10:23:57 AM org.apache.maven.wagon.providers.http.httpclient.client.protocol.ResponseProcessCookies processCookies
WARNING: Cookie rejected: "[version: 0][name: rememberMe][value: deleteMe][domain: repository.jboss.org][path: /nexus][expiry: Sun Nov 16 10:23:57 UTC 2014]". Illegal path attribute "/nexus". Path of origin: "/maven2/javax/annotation/jsr250-api/1.0/jsr250-api-1.0.jar"
Nov 16, 2014 10:23:57 AM org.apache.maven.wagon.providers.http.httpclient.client.protocol.ResponseProcessCookies processCookies
WARNING: Cookie rejected: "[version: 0][name: rememberMe][value: deleteMe][domain: repository.jboss.org][path: /nexus][expiry: Sun Nov 16 10:23:57 UTC 2014]". Illegal path attribute "/nexus". Path of origin: "/maven2/javax/inject/javax.inject/1/javax.inject-1.jar"
Nov 16, 2014 10:23:57 AM org.apache.maven.wagon.providers.http.httpclient.client.protocol.ResponseProcessCookies processCookies
WARNING: Cookie rejected: "[version: 0][name: rememberMe][value: deleteMe][domain: repository.jboss.org][path: /nexus][expiry: Sun Nov 16 10:23:57 UTC 2014]". Illegal path attribute "/nexus". Path of origin: "/maven2/javax/annotation/jsr250-api/1.0/jsr250-api-1.0.jar.sha1"
travis_time:end:34479ff4:start=1416133428405517856,finish=1416133504151934330,duration=75746416474[0Ktravis_fold:end:install[0Ktravis_time:start:08439fba[0K$ mvn -P!standard-with-extra-repos -U verify --fail-at-end -Dsource.skip=true -Dmaven.javadoc.skip=true
[INFO] Scanning for projects...
[WARNING] 
[WARNING] Some problems were encountered while building the effective model for com.google.dagger:dagger-compiler:jar:2.0-SNAPSHOT
[WARNING] 'build.plugins.plugin.version' for org.apache.maven.plugins:maven-javadoc-plugin is missing. @ com.google.dagger:dagger-parent:2.0-SNAPSHOT, /home/travis/build/square/dagger/pom.xml, line 181, column 15
[WARNING] 
[WARNING] Some problems were encountered while building the effective model for com.google.dagger:dagger:jar:2.0-SNAPSHOT
[WARNING] 'build.plugins.plugin.version' for org.apache.maven.plugins:maven-javadoc-plugin is missing. @ com.google.dagger:dagger:[unknown-version], /home/travis/build/square/dagger/core/pom.xml, line 72, column 15
[WARNING] 'build.plugins.plugin.version' for org.apache.maven.plugins:maven-jar-plugin is missing. @ com.google.dagger:dagger:[unknown-version], /home/travis/build/square/dagger/core/pom.xml, line 78, column 15
[WARNING] 
[WARNING] Some problems were encountered while building the effective model for com.google.dagger.example:simple:jar:2.0-SNAPSHOT
[WARNING] 'build.plugins.plugin.version' for org.apache.maven.plugins:maven-javadoc-plugin is missing. @ com.google.dagger:dagger-parent:2.0-SNAPSHOT, /home/travis/build/square/dagger/pom.xml, line 181, column 15
[WARNING] 
[WARNING] Some problems were encountered while building the effective model for com.google.dagger.example:android-simple:apk:2.0-SNAPSHOT
[WARNING] 'build.plugins.plugin.version' for org.apache.maven.plugins:maven-javadoc-plugin is missing. @ com.google.dagger:dagger-parent:2.0-SNAPSHOT, /home/travis/build/square/dagger/pom.xml, line 181, column 15
[WARNING] 
[WARNING] Some problems were encountered while building the effective model for com.google.dagger.example:android-activity-graphs:apk:2.0-SNAPSHOT
[WARNING] 'build.plugins.plugin.version' for org.apache.maven.plugins:maven-javadoc-plugin is missing. @ com.google.dagger:dagger-parent:2.0-SNAPSHOT, /home/travis/build/square/dagger/pom.xml, line 181, column 15
[WARNING] 
[WARNING] Some problems were encountered while building the effective model for com.google.dagger.example:dagger-example-parent:pom:2.0-SNAPSHOT
[WARNING] 'build.plugins.plugin.version' for org.apache.maven.plugins:maven-javadoc-plugin is missing. @ com.google.dagger:dagger-parent:2.0-SNAPSHOT, /home/travis/build/square/dagger/pom.xml, line 181, column 15
[WARNING] 
[WARNING] Some problems were encountered while building the effective model for com.google.dagger:dagger-parent:pom:2.0-SNAPSHOT
[WARNING] 'build.plugins.plugin.version' for org.apache.maven.plugins:maven-javadoc-plugin is missing. @ line 181, column 15
[WARNING] 
[WARNING] It is highly recommended to fix these problems because they threaten the stability of your build.
[WARNING] 
[WARNING] For this reason, future Maven versions might no longer support building such malformed projects.
[WARNING] 
[INFO] ------------------------------------------------------------------------
[INFO] Reactor Build Order:
[INFO] 
[INFO] Dagger (Parent)
[INFO] Dagger
[INFO] Dagger Compiler
[INFO] Examples
[INFO] Examples: Simple
[INFO] Examples: Android - Simple
[INFO] Examples: Android - Activity Graphs
[INFO]                                                                         
[INFO] ------------------------------------------------------------------------
[INFO] Building Dagger (Parent) 2.0-SNAPSHOT
[INFO] ------------------------------------------------------------------------
Downloading: https://repo.maven.apache.org/maven2/org/apache/maven/plugins/maven-javadoc-plugin/maven-metadata.xml
846/846 B               Downloaded: https://repo.maven.apache.org/maven2/org/apache/maven/plugins/maven-javadoc-plugin/maven-metadata.xml (846 B at 1.4 KB/sec)
[INFO] 
[INFO] --- maven-enforcer-plugin:1.0:enforce (enforce-maven) @ dagger-parent ---
[INFO] 
[INFO] --- maven-checkstyle-plugin:2.10:checkstyle (default) @ dagger-parent ---
[INFO]                                                                         
[INFO] ------------------------------------------------------------------------
[INFO] Building Dagger 2.0-SNAPSHOT
[INFO] ------------------------------------------------------------------------
Downloading: https://oss.sonatype.org/content/repositories/snapshots/com/google/truth/truth/1.0-SNAPSHOT/maven-metadata.xml
2/2 KB               Downloaded: https://oss.sonatype.org/content/repositories/snapshots/com/google/truth/truth/1.0-SNAPSHOT/maven-metadata.xml (2 KB at 4.4 KB/sec)
Downloading: https://oss.sonatype.org/content/repositories/snapshots/com/google/truth/truth-parent/1.0-SNAPSHOT/maven-metadata.xml
603/603 B               Downloaded: https://oss.sonatype.org/content/repositories/snapshots/com/google/truth/truth-parent/1.0-SNAPSHOT/maven-metadata.xml (603 B at 6.9 KB/sec)
[INFO] 
[INFO] --- maven-enforcer-plugin:1.0:enforce (enforce-maven) @ dagger ---
[INFO] 
[INFO] --- maven-resources-plugin:2.6:resources (default-resources) @ dagger ---
[INFO] Using 'UTF-8' encoding to copy filtered resources.
[INFO] skip non existing resourceDirectory /home/travis/build/square/dagger/core/src/main/resources
[INFO] 
[INFO] --- maven-compiler-plugin:3.1:compile (default-compile) @ dagger ---
[INFO] Changes detected - recompiling the module!
[INFO] Compiling 16 source files to /home/travis/build/square/dagger/core/target/classes
[WARNING] bootstrap class path not set in conjunction with -source 1.6
[INFO] 
[INFO] --- maven-checkstyle-plugin:2.10:checkstyle (default) @ dagger ---
[INFO] Starting audit...
/home/travis/build/square/dagger/core/src/main/java/dagger/internal/MapFactory.java:56: Space needed around : character.
/home/travis/build/square/dagger/core/src/main/java/dagger/Component.java:65:33: '}' is not preceded with whitespace.
/home/travis/build/square/dagger/core/src/main/java/dagger/Component.java:70:38: '}' is not preceded with whitespace.
Audit done.

[INFO] There are 3 checkstyle errors.
[WARNING] Unable to locate Source XRef to link to - DISABLED
[INFO] 
[INFO] --- animal-sniffer-maven-plugin:1.8:check (sniff-api) @ dagger ---
[INFO] Checking unresolved references to org.codehaus.mojo.signature:java15:1.0
[INFO] 
[INFO] --- maven-resources-plugin:2.6:testResources (default-testResources) @ dagger ---
[INFO] Using 'UTF-8' encoding to copy filtered resources.
[INFO] skip non existing resourceDirectory /home/travis/build/square/dagger/core/src/test/resources
[INFO] 
[INFO] --- maven-compiler-plugin:3.1:testCompile (default-testCompile) @ dagger ---
[INFO] Changes detected - recompiling the module!
[INFO] Compiling 5 source files to /home/travis/build/square/dagger/core/target/test-classes
[WARNING] bootstrap class path not set in conjunction with -source 1.6
[INFO] 
[INFO] --- maven-surefire-plugin:2.12.4:test (default-test) @ dagger ---
[INFO] Surefire report directory: /home/travis/build/square/dagger/core/target/surefire-reports
Downloading: https://repo.maven.apache.org/maven2/org/apache/maven/surefire/surefire-junit4/2.12.4/surefire-junit4-2.12.4.pom
3/3 KB               Downloaded: https://repo.maven.apache.org/maven2/org/apache/maven/surefire/surefire-junit4/2.12.4/surefire-junit4-2.12.4.pom (3 KB at 54.7 KB/sec)
Downloading: https://repo.maven.apache.org/maven2/org/apache/maven/surefire/surefire-providers/2.12.4/surefire-providers-2.12.4.pom
3/3 KB            Downloaded: https://repo.maven.apache.org/maven2/org/apache/maven/surefire/surefire-providers/2.12.4/surefire-providers-2.12.4.pom (3 KB at 57.3 KB/sec)
Downloading: https://repo.maven.apache.org/maven2/org/apache/maven/surefire/surefire-junit4/2.12.4/surefire-junit4-2.12.4.jar
4/37 KB   8/37 KB   8/37 KB   12/37 KB   16/37 KB   16/37 KB   20/37 KB   24/37 KB   24/37 KB   28/37 KB   31/37 KB   32/37 KB   36/37 KB   37/37 KB              Downloaded: https://repo.maven.apache.org/maven2/org/apache/maven/surefire/surefire-junit4/2.12.4/surefire-junit4-2.12.4.jar (37 KB at 611.1 KB/sec)

-------------------------------------------------------
 T E S T S
-------------------------------------------------------
Running dagger.internal.DoubleCheckLazyTest
Tests run: 2, Failures: 0, Errors: 0, Skipped: 0, Time elapsed: 0.129 sec
Running dagger.internal.ScopedProviderTest
Tests run: 3, Failures: 0, Errors: 0, Skipped: 1, Time elapsed: 0.005 sec
Running dagger.internal.MapProviderFactoryTest
Tests run: 3, Failures: 0, Errors: 0, Skipped: 0, Time elapsed: 0.028 sec
Running dagger.internal.SetFactoryTest
Tests run: 7, Failures: 0, Errors: 0, Skipped: 0, Time elapsed: 0.062 sec
Running dagger.internal.InstanceFactoryTest
Tests run: 2, Failures: 0, Errors: 0, Skipped: 0, Time elapsed: 0.004 sec

Results :

Tests run: 17, Failures: 0, Errors: 0, Skipped: 1

[INFO] 
[INFO] --- maven-jar-plugin:2.4:jar (default-jar) @ dagger ---
[INFO] Building jar: /home/travis/build/square/dagger/core/target/dagger-2.0-SNAPSHOT.jar
[INFO] 
[INFO] --- maven-jar-plugin:2.4:test-jar (default) @ dagger ---
[INFO] Building jar: /home/travis/build/square/dagger/core/target/dagger-2.0-SNAPSHOT-tests.jar
[INFO]                                                                         
[INFO] ------------------------------------------------------------------------
[INFO] Building Dagger Compiler 2.0-SNAPSHOT
[INFO] ------------------------------------------------------------------------
Downloading: https://oss.sonatype.org/content/repositories/snapshots/com/google/auto/auto-common/1.0-SNAPSHOT/maven-metadata.xml
770/770 B               Downloaded: https://oss.sonatype.org/content/repositories/snapshots/com/google/auto/auto-common/1.0-SNAPSHOT/maven-metadata.xml (770 B at 8.8 KB/sec)
Downloading: https://oss.sonatype.org/content/repositories/snapshots/com/google/auto/auto-parent/1.0-SNAPSHOT/maven-metadata.xml
599/599 B               Downloaded: https://oss.sonatype.org/content/repositories/snapshots/com/google/auto/auto-parent/1.0-SNAPSHOT/maven-metadata.xml (599 B at 6.8 KB/sec)
Downloading: https://oss.sonatype.org/content/repositories/snapshots/com/google/auto/value/auto-value/1.0-SNAPSHOT/maven-metadata.xml
775/775 B               Downloaded: https://oss.sonatype.org/content/repositories/snapshots/com/google/auto/value/auto-value/1.0-SNAPSHOT/maven-metadata.xml (775 B at 8.8 KB/sec)
Downloading: https://oss.sonatype.org/content/repositories/snapshots/com/google/testing/compile/compile-testing/1.0-SNAPSHOT/maven-metadata.xml
785/785 B               Downloaded: https://oss.sonatype.org/content/repositories/snapshots/com/google/testing/compile/compile-testing/1.0-SNAPSHOT/maven-metadata.xml (785 B at 8.9 KB/sec)
[INFO] 
[INFO] --- maven-enforcer-plugin:1.0:enforce (enforce-maven) @ dagger-compiler ---
[INFO] 
[INFO] --- maven-resources-plugin:2.6:resources (default-resources) @ dagger-compiler ---
[INFO] Using 'UTF-8' encoding to copy filtered resources.
[INFO] skip non existing resourceDirectory /home/travis/build/square/dagger/compiler/src/main/resources
[INFO] 
[INFO] --- maven-compiler-plugin:3.1:compile (default-compile) @ dagger-compiler ---
[INFO] Changes detected - recompiling the module!
[INFO] Compiling 75 source files to /home/travis/build/square/dagger/compiler/target/classes
[WARNING] bootstrap class path not set in conjunction with -source 1.6
[WARNING] No processor claimed any of these annotations: javax.annotation.Generated
[WARNING] /home/travis/build/square/dagger/compiler/src/main/java/dagger/internal/codegen/SourceFileGenerationException.java:[38,7] serializable class dagger.internal.codegen.SourceFileGenerationException has no definition of serialVersionUID
[INFO] 
[INFO] --- maven-checkstyle-plugin:2.10:checkstyle (default) @ dagger-compiler ---
[INFO] Starting audit...
/home/travis/build/square/dagger/compiler/src/main/java/dagger/internal/codegen/writer/Writables.java:17:26: Name 'DEFAULT_CONTEXT' must match pattern '^[a-z][a-zA-Z0-9]*$'.
/home/travis/build/square/dagger/compiler/src/main/java/dagger/internal/codegen/writer/TypeNames.java:16:41: Name 'FOR_TYPE_MIRROR' must match pattern '^[a-z][a-zA-Z0-9]*$'.
/home/travis/build/square/dagger/compiler/src/main/java/dagger/internal/codegen/writer/Snippet.java:61: Space needed before opening parenthesis.
/home/travis/build/square/dagger/compiler/src/main/java/dagger/internal/codegen/writer/Snippet.java:63: Space needed before opening parenthesis.
/home/travis/build/square/dagger/compiler/src/main/java/dagger/internal/codegen/writer/Snippet.java:69: Space needed before opening parenthesis.
/home/travis/build/square/dagger/compiler/src/main/java/dagger/internal/codegen/writer/EnumWriter.java:68:40: ':' should be on a new line.
/home/travis/build/square/dagger/compiler/src/main/java/dagger/internal/codegen/Util.java:82:64: ';' is preceded with whitespace.
/home/travis/build/square/dagger/compiler/src/main/java/dagger/internal/codegen/ProvidesMethodValidator.java:86: Line has trailing spaces.
/home/travis/build/square/dagger/compiler/src/main/java/dagger/internal/codegen/ProvidesMethodValidator.java:108: Line has trailing spaces.
/home/travis/build/square/dagger/compiler/src/main/java/dagger/internal/codegen/ProvidesMethodValidator.java:110: Line has trailing spaces.
/home/travis/build/square/dagger/compiler/src/main/java/dagger/internal/codegen/ModuleValidator.java:72:61: ':' should be on a new line.
/home/travis/build/square/dagger/compiler/src/main/java/dagger/internal/codegen/ModuleValidator.java:120: Space needed before opening parenthesis.
/home/travis/build/square/dagger/compiler/src/main/java/dagger/internal/codegen/ModuleProcessingStep.java:84:32: ':' should be on a new line.
/home/travis/build/square/dagger/compiler/src/main/java/dagger/internal/codegen/MapKeyProcessingStep.java:38: Line is longer than 100 characters (found 109).
/home/travis/build/square/dagger/compiler/src/main/java/dagger/internal/codegen/MapKeyGenerator.java:53:75: 'cast' is not followed by whitespace.
/home/travis/build/square/dagger/compiler/src/main/java/dagger/internal/codegen/Key.java:67:4: ';' is preceded with whitespace.
/home/travis/build/square/dagger/compiler/src/main/java/dagger/internal/codegen/DependencyRequestFormatter.java:52:97: '{' is not preceded with whitespace.
/home/travis/build/square/dagger/compiler/src/main/java/dagger/internal/codegen/DependencyRequestFormatter.java:97: Space needed before opening parenthesis.
/home/travis/build/square/dagger/compiler/src/main/java/dagger/internal/codegen/DependencyRequestFormatter.java:97:14: 'for' is not followed by whitespace.
/home/travis/build/square/dagger/compiler/src/main/java/dagger/internal/codegen/ComponentGenerator.java:141:3: Method length is 301 lines (max allowed is 200).
/home/travis/build/square/dagger/compiler/src/main/java/dagger/internal/codegen/ComponentGenerator.java:631:33: '{' is not followed by whitespace.
/home/travis/build/square/dagger/compiler/src/main/java/dagger/internal/codegen/BindingGraphValidator.java:35: Line is longer than 100 characters (found 102).
/home/travis/build/square/dagger/compiler/src/main/java/dagger/internal/codegen/BindingGraphValidator.java:174: Space needed before opening parenthesis.
/home/travis/build/square/dagger/compiler/src/main/java/dagger/internal/codegen/BindingGraphValidator.java:174:7: 'if' is not followed by whitespace.
/home/travis/build/square/dagger/compiler/src/main/java/dagger/internal/codegen/BindingGraphValidator.java:190: Space needed before opening parenthesis.
/home/travis/build/square/dagger/compiler/src/main/java/dagger/internal/codegen/BindingGraphValidator.java:190:8: 'for' is not followed by whitespace.
/home/travis/build/square/dagger/compiler/src/main/java/dagger/internal/codegen/BindingGraphValidator.java:190:27: ':' should be on a new line.
/home/travis/build/square/dagger/compiler/src/main/java/dagger/internal/codegen/BindingGraphValidator.java:229:27: ':' should be on a new line.
/home/travis/build/square/dagger/compiler/src/main/java/dagger/internal/codegen/BindingGraph.java:153:53: ':' should be on a new line.
/home/travis/build/square/dagger/compiler/src/main/java/dagger/internal/codegen/Binding.java:29:8: Unused import - javax.lang.model.type.TypeVariable.
/home/travis/build/square/dagger/compiler/src/main/java/dagger/internal/codegen/AnnotationMirrors.java:126:35: ':' should be on a new line.
Audit done.

[INFO] There are 31 checkstyle errors.
[WARNING] Unable to locate Source XRef to link to - DISABLED
[INFO] 
[INFO] --- maven-resources-plugin:2.6:testResources (default-testResources) @ dagger-compiler ---
[INFO] Using 'UTF-8' encoding to copy filtered resources.
[INFO] skip non existing resourceDirectory /home/travis/build/square/dagger/compiler/src/test/resources
[INFO] 
[INFO] --- maven-compiler-plugin:3.1:testCompile (default-testCompile) @ dagger-compiler ---
[INFO] Changes detected - recompiling the module!
[INFO] Compiling 18 source files to /home/travis/build/square/dagger/compiler/target/test-classes
[WARNING] bootstrap class path not set in conjunction with -source 1.6
[WARNING] No processor claimed any of these annotations: javax.inject.Qualifier,dagger.internal.codegen.AnnotationMirrorsTest.AnnotatedOuter,dagger.Provides,javax.inject.Inject,org.junit.Test,dagger.internal.codegen.MethodSignatureFormatterTest.OuterClass.Foo,org.junit.Before,dagger.Module,dagger.internal.codegen.AnnotationMirrorsTest.DefaultingOuter,dagger.internal.codegen.AnnotationMirrorsTest.SimpleAnnotation,org.junit.Rule,dagger.internal.codegen.AnnotationMirrorsTest.Stringy,dagger.internal.codegen.AnnotationMirrorsTest.Outer,org.junit.runner.RunWith,dagger.internal.codegen.KeyTest.TestQualifier,dagger.internal.codegen.AnnotationMirrorsTest.OuterWithValueArray,javax.inject.Singleton
[WARNING] No processor claimed any of these annotations: javax.annotation.Generated
[INFO] 
[INFO] --- maven-compiler-plugin:3.1:testCompile (default-test-compile) @ dagger-compiler ---
[INFO] Changes detected - recompiling the module!
[INFO] Compiling 18 source files to /home/travis/build/square/dagger/compiler/target/test-classes
[WARNING] bootstrap class path not set in conjunction with -source 1.6
[WARNING] No processor claimed any of these annotations: javax.inject.Qualifier,dagger.internal.codegen.AnnotationMirrorsTest.AnnotatedOuter,dagger.Provides,javax.inject.Inject,org.junit.Test,dagger.internal.codegen.MethodSignatureFormatterTest.OuterClass.Foo,org.junit.Before,dagger.Module,dagger.internal.codegen.AnnotationMirrorsTest.DefaultingOuter,dagger.internal.codegen.AnnotationMirrorsTest.SimpleAnnotation,org.junit.Rule,dagger.internal.codegen.AnnotationMirrorsTest.Stringy,dagger.internal.codegen.AnnotationMirrorsTest.Outer,org.junit.runner.RunWith,dagger.internal.codegen.KeyTest.TestQualifier,dagger.internal.codegen.AnnotationMirrorsTest.OuterWithValueArray,javax.inject.Singleton
[WARNING] No processor claimed any of these annotations: javax.annotation.Generated
[INFO] 
[INFO] --- maven-surefire-plugin:2.12.4:test (default-test) @ dagger-compiler ---
[INFO] Surefire report directory: /home/travis/build/square/dagger/compiler/target/surefire-reports

-------------------------------------------------------
 T E S T S
-------------------------------------------------------
Running dagger.tests.integration.operation.PrimitiveInjectionTest
Tests run: 1, Failures: 0, Errors: 0, Skipped: 0, Time elapsed: 1.735 sec
Running dagger.internal.codegen.AnnotationMirrorsTest
Tests run: 3, Failures: 0, Errors: 0, Skipped: 0, Time elapsed: 0.477 sec
Running dagger.internal.codegen.PackageProxyTest
Tests run: 2, Failures: 0, Errors: 0, Skipped: 0, Time elapsed: 0.734 sec
Running dagger.internal.codegen.ErrorMessagesTest
Tests run: 1, Failures: 0, Errors: 0, Skipped: 0, Time elapsed: 0 sec
Running dagger.internal.codegen.MapBindingComponentProcessorTest
Tests run: 4, Failures: 0, Errors: 0, Skipped: 0, Time elapsed: 0.954 sec
Running dagger.internal.codegen.MembersInjectionTest
Tests run: 2, Failures: 0, Errors: 0, Skipped: 0, Time elapsed: 0.294 sec
Running dagger.internal.codegen.ElementUtilTest
Tests run: 2, Failures: 0, Errors: 0, Skipped: 0, Time elapsed: 0.072 sec
Running dagger.internal.codegen.MethodSignatureFormatterTest
Tests run: 1, Failures: 0, Errors: 0, Skipped: 0, Time elapsed: 0.05 sec
Running dagger.internal.codegen.ModuleFactoryGeneratorTest
Tests run: 18, Failures: 0, Errors: 0, Skipped: 0, Time elapsed: 0.864 sec
Running dagger.internal.codegen.MultipleRequestTest
Tests run: 3, Failures: 0, Errors: 0, Skipped: 0, Time elapsed: 0.305 sec
Running dagger.internal.codegen.KeyTest
Tests run: 6, Failures: 0, Errors: 0, Skipped: 0, Time elapsed: 0.151 sec
Running dagger.internal.codegen.ComponentProcessorTest
Tests run: 18, Failures: 0, Errors: 0, Skipped: 0, Time elapsed: 1.793 sec
Running dagger.internal.codegen.GraphValidationTest
Tests run: 12, Failures: 0, Errors: 0, Skipped: 0, Time elapsed: 0.474 sec
Running dagger.internal.codegen.InjectConstructorFactoryGeneratorTest
Tests run: 26, Failures: 0, Errors: 0, Skipped: 0, Time elapsed: 0.902 sec
Running dagger.internal.codegen.MapKeyProcessorTest
Tests run: 3, Failures: 0, Errors: 0, Skipped: 0, Time elapsed: 0.832 sec
Running dagger.internal.codegen.writer.ClassNameTest
Tests run: 8, Failures: 0, Errors: 0, Skipped: 0, Time elapsed: 0.121 sec
Running dagger.internal.codegen.writer.JavaWriterTest
Tests run: 1, Failures: 0, Errors: 0, Skipped: 0, Time elapsed: 0 sec
Running dagger.internal.codegen.writer.TypeNamesTest
Tests run: 6, Failures: 0, Errors: 0, Skipped: 0, Time elapsed: 0.078 sec

Results :

Tests run: 117, Failures: 0, Errors: 0, Skipped: 0

[INFO] 
[INFO] --- maven-jar-plugin:2.4:jar (default-jar) @ dagger-compiler ---
[INFO] Building jar: /home/travis/build/square/dagger/compiler/target/dagger-compiler-2.0-SNAPSHOT.jar
[INFO] 
[INFO] --- maven-assembly-plugin:2.2-beta-5:single (default) @ dagger-compiler ---
[INFO] META-INF/ already added, skipping
[INFO] META-INF/MANIFEST.MF already added, skipping
[INFO] META-INF/maven/ already added, skipping
[INFO] META-INF/MANIFEST.MF already added, skipping
[INFO] META-INF/ already added, skipping
[INFO] META-INF/maven/ already added, skipping
[INFO] com/ already added, skipping
[INFO] com/google/ already added, skipping
[INFO] META-INF/ already added, skipping
[INFO] META-INF/MANIFEST.MF already added, skipping
[INFO] com/ already added, skipping
[INFO] com/google/ already added, skipping
[INFO] com/google/auto/ already added, skipping
[INFO] META-INF/services/javax.annotation.processing.Processor already added, skipping
[INFO] META-INF/maven/ already added, skipping
[INFO] META-INF/ already added, skipping
[INFO] META-INF/MANIFEST.MF already added, skipping
[INFO] com/ already added, skipping
[INFO] META-INF/maven/ already added, skipping
[INFO] META-INF/ already added, skipping
[INFO] META-INF/MANIFEST.MF already added, skipping
[INFO] com/ already added, skipping
[INFO] com/google/ already added, skipping
[INFO] com/google/auto/ already added, skipping
[INFO] META-INF/services/ already added, skipping
[INFO] META-INF/services/javax.annotation.processing.Processor already added, skipping
[INFO] META-INF/maven/ already added, skipping
[INFO] META-INF/MANIFEST.MF already added, skipping
[INFO] META-INF/ already added, skipping
[INFO] META-INF/MANIFEST.MF already added, skipping
[INFO] META-INF/ already added, skipping
[INFO] META-INF/MANIFEST.MF already added, skipping
[INFO] org/ already added, skipping
[INFO] org/apache/ already added, skipping
[INFO] META-INF/maven/ already added, skipping
[INFO] META-INF/ already added, skipping
[INFO] META-INF/MANIFEST.MF already added, skipping
[INFO] org/ already added, skipping
[INFO] org/apache/ already added, skipping
[INFO] org/apache/commons/ already added, skipping
[INFO] META-INF/LICENSE.txt already added, skipping
[INFO] META-INF/NOTICE.txt already added, skipping
[INFO] META-INF/maven/ already added, skipping
[INFO] Building jar: /home/travis/build/square/dagger/compiler/target/dagger-compiler-2.0-SNAPSHOT-jar-with-dependencies.jar
[INFO] META-INF/ already added, skipping
[INFO] META-INF/MANIFEST.MF already added, skipping
[INFO] META-INF/maven/ already added, skipping
[INFO] META-INF/MANIFEST.MF already added, skipping
[INFO] META-INF/ already added, skipping
[INFO] META-INF/maven/ already added, skipping
[INFO] com/ already added, skipping
[INFO] com/google/ already added, skipping
[INFO] META-INF/ already added, skipping
[INFO] META-INF/MANIFEST.MF already added, skipping
[INFO] com/ already added, skipping
[INFO] com/google/ already added, skipping
[INFO] com/google/auto/ already added, skipping
[INFO] META-INF/services/javax.annotation.processing.Processor already added, skipping
[INFO] META-INF/maven/ already added, skipping
[INFO] META-INF/ already added, skipping
[INFO] META-INF/MANIFEST.MF already added, skipping
[INFO] com/ already added, skipping
[INFO] META-INF/maven/ already added, skipping
[INFO] META-INF/ already added, skipping
[INFO] META-INF/MANIFEST.MF already added, skipping
[INFO] com/ already added, skipping
[INFO] com/google/ already added, skipping
[INFO] com/google/auto/ already added, skipping
[INFO] META-INF/services/ already added, skipping
[INFO] META-INF/services/javax.annotation.processing.Processor already added, skipping
[INFO] META-INF/maven/ already added, skipping
[INFO] META-INF/MANIFEST.MF already added, skipping
[INFO] META-INF/ already added, skipping
[INFO] META-INF/MANIFEST.MF already added, skipping
[INFO] META-INF/ already added, skipping
[INFO] META-INF/MANIFEST.MF already added, skipping
[INFO] org/ already added, skipping
[INFO] org/apache/ already added, skipping
[INFO] META-INF/maven/ already added, skipping
[INFO] META-INF/ already added, skipping
[INFO] META-INF/MANIFEST.MF already added, skipping
[INFO] org/ already added, skipping
[INFO] org/apache/ already added, skipping
[INFO] org/apache/commons/ already added, skipping
[INFO] META-INF/LICENSE.txt already added, skipping
[INFO] META-INF/NOTICE.txt already added, skipping
[INFO] META-INF/maven/ already added, skipping
[INFO]                                                                         
[INFO] ------------------------------------------------------------------------
[INFO] Building Examples 2.0-SNAPSHOT
[INFO] ------------------------------------------------------------------------
[INFO] 
[INFO] --- maven-enforcer-plugin:1.0:enforce (enforce-maven) @ dagger-example-parent ---
[INFO] 
[INFO] --- maven-checkstyle-plugin:2.10:checkstyle (default) @ dagger-example-parent ---
[INFO]                                                                         
[INFO] ------------------------------------------------------------------------
[INFO] Building Examples: Simple 2.0-SNAPSHOT
[INFO] ------------------------------------------------------------------------
[INFO] 
[INFO] --- maven-enforcer-plugin:1.0:enforce (enforce-maven) @ simple ---
[INFO] 
[INFO] --- maven-resources-plugin:2.6:resources (default-resources) @ simple ---
[INFO] Using 'UTF-8' encoding to copy filtered resources.
[INFO] skip non existing resourceDirectory /home/travis/build/square/dagger/examples/simple/src/main/resources
[INFO] 
[INFO] --- maven-compiler-plugin:3.1:compile (default-compile) @ simple ---
[INFO] Changes detected - recompiling the module!
[INFO] Compiling 8 source files to /home/travis/build/square/dagger/examples/simple/target/classes
[WARNING] bootstrap class path not set in conjunction with -source 1.6
[WARNING] No processor claimed any of these annotations: dagger.Provides,javax.inject.Inject,dagger.Component,dagger.Module,javax.inject.Singleton
[WARNING] No processor claimed any of these annotations: javax.annotation.Generated
[INFO] 
[INFO] --- maven-checkstyle-plugin:2.10:checkstyle (default) @ simple ---
[INFO] Starting audit...
Audit done.

[WARNING] Unable to locate Source XRef to link to - DISABLED
[INFO] 
[INFO] --- maven-resources-plugin:2.6:testResources (default-testResources) @ simple ---
[INFO] Using 'UTF-8' encoding to copy filtered resources.
[INFO] skip non existing resourceDirectory /home/travis/build/square/dagger/examples/simple/src/test/resources
[INFO] 
[INFO] --- maven-compiler-plugin:3.1:testCompile (default-testCompile) @ simple ---
[INFO] No sources to compile
[INFO] 
[INFO] --- maven-surefire-plugin:2.12.4:test (default-test) @ simple ---
[INFO] No tests to run.
[INFO] 
[INFO] --- maven-jar-plugin:2.4:jar (default-jar) @ simple ---
[INFO] Building jar: /home/travis/build/square/dagger/examples/simple/target/simple-2.0-SNAPSHOT.jar
[INFO]                                                                         
[INFO] ------------------------------------------------------------------------
[INFO] Building Examples: Android - Simple 2.0-SNAPSHOT
[INFO] ------------------------------------------------------------------------
Downloading: https://repo.maven.apache.org/maven2/org/apache/maven/plugins/maven-install-plugin/maven-metadata.xml
623/623 B               Downloaded: https://repo.maven.apache.org/maven2/org/apache/maven/plugins/maven-install-plugin/maven-metadata.xml (623 B at 14.8 KB/sec)
Downloading: https://repo.maven.apache.org/maven2/org/apache/maven/plugins/maven-resources-plugin/maven-metadata.xml
715/715 B               Downloaded: https://repo.maven.apache.org/maven2/org/apache/maven/plugins/maven-resources-plugin/maven-metadata.xml (715 B at 58.2 KB/sec)
Downloading: https://repo.maven.apache.org/maven2/org/apache/maven/plugins/maven-surefire-plugin/maven-metadata.xml
2/2 KB               Downloaded: https://repo.maven.apache.org/maven2/org/apache/maven/plugins/maven-surefire-plugin/maven-metadata.xml (2 KB at 104.0 KB/sec)
Downloading: https://repo.maven.apache.org/maven2/org/apache/maven/plugins/maven-jar-plugin/maven-metadata.xml
617/617 B               Downloaded: https://repo.maven.apache.org/maven2/org/apache/maven/plugins/maven-jar-plugin/maven-metadata.xml (617 B at 50.2 KB/sec)
Downloading: https://repo.maven.apache.org/maven2/org/apache/maven/plugins/maven-deploy-plugin/maven-metadata.xml
709/709 B               Downloaded: https://repo.maven.apache.org/maven2/org/apache/maven/plugins/maven-deploy-plugin/maven-metadata.xml (709 B at 57.7 KB/sec)
[INFO] 
[INFO] --- maven-enforcer-plugin:1.0:enforce (enforce-maven) @ android-simple ---
[INFO] 
[INFO] --- android-maven-plugin:3.8.2:generate-sources (default-generate-sources) @ android-simple ---
[INFO] ANDROID-904-002: Found aidl files: Count = 0
[INFO] ANDROID-904-002: Found aidl files: Count = 0
[INFO] Manifest merging disabled. Using project manifest only
[INFO] /usr/local/android-sdk/build-tools/21.0.2/aapt [package, -f, --no-crunch, -I, /usr/local/android-sdk/platforms/android-16/android.jar, -M, /home/travis/build/square/dagger/examples/android-simple/AndroidManifest.xml, -m, -J, /home/travis/build/square/dagger/examples/android-simple/target/generated-sources/r, --output-text-symbols, /home/travis/build/square/dagger/examples/android-simple/target, --auto-add-overlay]
[INFO] 
[INFO] --- maven-resources-plugin:2.7:resources (default-resources) @ android-simple ---
[INFO] Using 'UTF-8' encoding to copy filtered resources.
[INFO] skip non existing resourceDirectory /home/travis/build/square/dagger/examples/android-simple/src/main/resources
[INFO] skip non existing resourceDirectory /home/travis/build/square/dagger/examples/android-simple/target/generated-sources/extracted-dependencies/src/main/resources
[INFO] 
[INFO] --- android-maven-plugin:3.8.2:consume-aar (default-consume-aar) @ android-simple ---
[INFO] Extracting classes for all aar dependencies
[INFO] 
[INFO] --- maven-compiler-plugin:3.1:compile (default-compile) @ android-simple ---
[INFO] Changes detected - recompiling the module!
[INFO] Compiling 6 source files to /home/travis/build/square/dagger/examples/android-simple/target/classes
[WARNING] bootstrap class path not set in conjunction with -source 1.6
[WARNING] No processor claimed any of these annotations: dagger.Component,javax.inject.Qualifier,dagger.Module,dagger.Provides,javax.inject.Inject,com.example.dagger.simple.ForApplication,javax.inject.Singleton
[WARNING] No processor claimed any of these annotations: javax.annotation.Generated
[INFO] 
[INFO] --- maven-checkstyle-plugin:2.10:checkstyle (default) @ android-simple ---
[INFO] Starting audit...
/home/travis/build/square/dagger/examples/android-simple/src/main/java/com/example/dagger/simple/DemoApplication.java:22:8: Unused import - java.util.Arrays.
/home/travis/build/square/dagger/examples/android-simple/src/main/java/com/example/dagger/simple/DemoApplication.java:23:8: Unused import - java.util.List.
/home/travis/build/square/dagger/examples/android-simple/src/main/java/com/example/dagger/simple/DemoApplication.java:34: Line has trailing spaces.
/home/travis/build/square/dagger/examples/android-simple/src/main/java/com/example/dagger/simple/DemoApplication.java:36: Line has trailing spaces.
Audit done.

[INFO] There are 4 checkstyle errors.
[WARNING] Unable to locate Source XRef to link to - DISABLED
[INFO] 
[INFO] --- android-maven-plugin:3.8.2:proguard (default-proguard) @ android-simple ---
[INFO] 
[INFO] --- maven-resources-plugin:2.7:testResources (default-testResources) @ android-simple ---
[INFO] Using 'UTF-8' encoding to copy filtered resources.
[INFO] skip non existing resourceDirectory /home/travis/build/square/dagger/examples/android-simple/src/test/resources
[INFO] 
[INFO] --- maven-compiler-plugin:3.1:testCompile (default-testCompile) @ android-simple ---
[INFO] No sources to compile
[INFO] 
[INFO] --- maven-surefire-plugin:2.18:test (default-test) @ android-simple ---
[INFO] No tests to run.
[INFO] 
[INFO] --- android-maven-plugin:3.8.2:emma (default-emma) @ android-simple ---
[INFO] 
[INFO] --- android-maven-plugin:3.8.2:dex (default-dex) @ android-simple ---
[INFO] /usr/lib/jvm/java-7-oracle/jre/bin/java [-Xmx1024M, -jar, /usr/local/android-sdk/build-tools/21.0.2/lib/dx.jar, --dex, --output=/home/travis/build/square/dagger/examples/android-simple/target/classes.dex, /home/travis/.m2/repository/com/squareup/javawriter/2.5.0/javawriter-2.5.0.jar, /home/travis/.m2/repository/com/google/guava/guava/18.0/guava-18.0.jar, /home/travis/.m2/repository/javax/inject/javax.inject/1/javax.inject-1.jar, /home/travis/build/square/dagger/examples/android-simple/target/classes, /home/travis/.m2/repository/com/google/auto/auto-common/1.0-SNAPSHOT/auto-common-1.0-SNAPSHOT.jar, /home/travis/build/square/dagger/core/target/dagger-2.0-SNAPSHOT.jar, /home/travis/build/square/dagger/compiler/target/dagger-compiler-2.0-SNAPSHOT.jar]
[INFO] 
[INFO] --- maven-jar-plugin:2.5:jar (default-jar) @ android-simple ---
[INFO] Building jar: /home/travis/build/square/dagger/examples/android-simple/target/android-simple-2.0-SNAPSHOT.jar
[INFO] 
[INFO] --- android-maven-plugin:3.8.2:apk (default-apk) @ android-simple ---
[INFO] Enabling debug build for apk.
[INFO] /usr/local/android-sdk/build-tools/21.0.2/aapt [package, -f, -M, /home/travis/build/square/dagger/examples/android-simple/AndroidManifest.xml, --auto-add-overlay, -I, /usr/local/android-sdk/platforms/android-16/android.jar, -F, /home/travis/build/square/dagger/examples/android-simple/target/android-simple-2.0-SNAPSHOT.ap_, --debug-mode]
[INFO] 
[INFO] --- android-maven-plugin:3.8.2:internal-pre-integration-test (default-internal-pre-integration-test) @ android-simple ---
[INFO] No InstrumentationRunner found - skipping tests
[INFO] 
[INFO] --- android-maven-plugin:3.8.2:internal-integration-test (default-internal-integration-test) @ android-simple ---
[INFO] No InstrumentationRunner found - skipping tests
[INFO]                                                                         
[INFO] ------------------------------------------------------------------------
[INFO] Building Examples: Android - Activity Graphs 2.0-SNAPSHOT
[INFO] ------------------------------------------------------------------------
[INFO] 
[INFO] --- maven-enforcer-plugin:1.0:enforce (enforce-maven) @ android-activity-graphs ---
[INFO] 
[INFO] --- android-maven-plugin:3.8.2:generate-sources (default-generate-sources) @ android-activity-graphs ---
[INFO] ANDROID-904-002: Found aidl files: Count = 0
[INFO] ANDROID-904-002: Found aidl files: Count = 0
[INFO] Manifest merging disabled. Using project manifest only
[INFO] /usr/local/android-sdk/build-tools/21.0.2/aapt [package, -f, --no-crunch, -I, /usr/local/android-sdk/platforms/android-16/android.jar, -M, /home/travis/build/square/dagger/examples/android-activity-graphs/AndroidManifest.xml, -m, -J, /home/travis/build/square/dagger/examples/android-activity-graphs/target/generated-sources/r, --output-text-symbols, /home/travis/build/square/dagger/examples/android-activity-graphs/target, --auto-add-overlay]
[INFO] 
[INFO] --- maven-resources-plugin:2.7:resources (default-resources) @ android-activity-graphs ---
[INFO] Using 'UTF-8' encoding to copy filtered resources.
[INFO] skip non existing resourceDirectory /home/travis/build/square/dagger/examples/android-activity-graphs/src/main/resources
[INFO] skip non existing resourceDirectory /home/travis/build/square/dagger/examples/android-activity-graphs/target/generated-sources/extracted-dependencies/src/main/resources
[INFO] 
[INFO] --- android-maven-plugin:3.8.2:consume-aar (default-consume-aar) @ android-activity-graphs ---
[INFO] Extracting classes for all aar dependencies
[INFO] 
[INFO] --- maven-compiler-plugin:3.1:compile (default-compile) @ android-activity-graphs ---
[INFO] Changes detected - recompiling the module!
[INFO] Compiling 11 source files to /home/travis/build/square/dagger/examples/android-activity-graphs/target/classes
[WARNING] bootstrap class path not set in conjunction with -source 1.6
[INFO] 
[INFO] --- maven-checkstyle-plugin:2.10:checkstyle (default) @ android-activity-graphs ---
[INFO] Starting audit...
Audit done.

[WARNING] Unable to locate Source XRef to link to - DISABLED
[INFO] 
[INFO] --- android-maven-plugin:3.8.2:proguard (default-proguard) @ android-activity-graphs ---
[INFO] 
[INFO] --- maven-resources-plugin:2.7:testResources (default-testResources) @ android-activity-graphs ---
[INFO] Using 'UTF-8' encoding to copy filtered resources.
[INFO] skip non existing resourceDirectory /home/travis/build/square/dagger/examples/android-activity-graphs/src/test/resources
[INFO] 
[INFO] --- maven-compiler-plugin:3.1:testCompile (default-testCompile) @ android-activity-graphs ---
[INFO] No sources to compile
[INFO] 
[INFO] --- maven-surefire-plugin:2.18:test (default-test) @ android-activity-graphs ---
[INFO] No tests to run.
[INFO] 
[INFO] --- android-maven-plugin:3.8.2:emma (default-emma) @ android-activity-graphs ---
[INFO] 
[INFO] --- android-maven-plugin:3.8.2:dex (default-dex) @ android-activity-graphs ---
[INFO] /usr/lib/jvm/java-7-oracle/jre/bin/java [-Xmx1024M, -jar, /usr/local/android-sdk/build-tools/21.0.2/lib/dx.jar, --dex, --output=/home/travis/build/square/dagger/examples/android-activity-graphs/target/classes.dex, /home/travis/.m2/repository/com/squareup/javawriter/2.5.0/javawriter-2.5.0.jar, /home/travis/.m2/repository/com/google/android/support-v4/r7/support-v4-r7.jar, /home/travis/.m2/repository/com/google/guava/guava/18.0/guava-18.0.jar, /home/travis/.m2/repository/javax/inject/javax.inject/1/javax.inject-1.jar, /home/travis/.m2/repository/com/google/auto/auto-common/1.0-SNAPSHOT/auto-common-1.0-SNAPSHOT.jar, /home/travis/build/square/dagger/core/target/dagger-2.0-SNAPSHOT.jar, /home/travis/build/square/dagger/examples/android-activity-graphs/target/classes, /home/travis/build/square/dagger/compiler/target/dagger-compiler-2.0-SNAPSHOT.jar]
[INFO] 
[INFO] --- maven-jar-plugin:2.5:jar (default-jar) @ android-activity-graphs ---
[INFO] Building jar: /home/travis/build/square/dagger/examples/android-activity-graphs/target/android-activity-graphs-2.0-SNAPSHOT.jar
[INFO] 
[INFO] --- android-maven-plugin:3.8.2:apk (default-apk) @ android-activity-graphs ---
[INFO] Enabling debug build for apk.
[INFO] /usr/local/android-sdk/build-tools/21.0.2/aapt [package, -f, -M, /home/travis/build/square/dagger/examples/android-activity-graphs/AndroidManifest.xml, --auto-add-overlay, -I, /usr/local/android-sdk/platforms/android-16/android.jar, -F, /home/travis/build/square/dagger/examples/android-activity-graphs/target/android-activity-graphs-2.0-SNAPSHOT.ap_, --debug-mode]
[INFO] 
[INFO] --- android-maven-plugin:3.8.2:internal-pre-integration-test (default-internal-pre-integration-test) @ android-activity-graphs ---
[INFO] No InstrumentationRunner found - skipping tests
[INFO] 
[INFO] --- android-maven-plugin:3.8.2:internal-integration-test (default-internal-integration-test) @ android-activity-graphs ---
[INFO] No InstrumentationRunner found - skipping tests
[INFO] ------------------------------------------------------------------------
[INFO] Reactor Summary:
[INFO] 
[INFO] Dagger (Parent) .................................... SUCCESS [  2.451 s]
[INFO] Dagger ............................................. SUCCESS [  6.552 s]
[INFO] Dagger Compiler .................................... SUCCESS [ 21.318 s]
[INFO] Examples ........................................... SUCCESS [  0.010 s]
[INFO] Examples: Simple ................................... SUCCESS [  0.771 s]
[INFO] Examples: Android - Simple ......................... SUCCESS [ 17.247 s]
[INFO] Examples: Android - Activity Graphs ................ SUCCESS [ 15.484 s]
[INFO] ------------------------------------------------------------------------
[INFO] BUILD SUCCESS
[INFO] ------------------------------------------------------------------------
[INFO] Total time: 01:06 min
[INFO] Finished at: 2014-11-16T10:26:12+00:00
[INFO] Final Memory: 47M/205M
[INFO] ------------------------------------------------------------------------
travis_time:end:08439fba:start=1416133504160294499,finish=1416133573015295727,duration=68855001228[0K
[32;1mThe command "mvn -P!standard-with-extra-repos -U verify --fail-at-end -Dsource.skip=true -Dmaven.javadoc.skip=true" exited with 0.[0m
travis_fold:start:after_success.1[0Ktravis_time:start:107f336a[0K$ util/generate-latest-docs.sh
travis_time:end:107f336a:start=1416133573022975039,finish=1416133573034374396,duration=11399357[0Ktravis_fold:end:after_success.1[0Ktravis_fold:start:after_success.2[0Ktravis_time:start:0ea842de[0K$ util/publish-snapshot-on-commit.sh
travis_time:end:0ea842de:start=1416133573041272444,finish=1416133573053453577,duration=12181133[0Ktravis_fold:end:after_success.2[0K
Done. Your build exited with 0.
