Using worker: worker-linux-docker-7c38f584.prod.travis-ci.org:travis-linux-8

travis_fold:start:system_info[0K[33;1mBuild system information[0m
Build language: java
Build group: stable
Build dist: precise
[34m[1mBuild image provisioning date and time[0m
Thu Feb  5 15:09:33 UTC 2015
[34m[1mOperating System Details[0m
Distributor ID:	Ubuntu
Description:	Ubuntu 12.04.5 LTS
Release:	12.04
Codename:	precise
[34m[1mLinux Version[0m
3.13.0-29-generic
[34m[1mCookbooks Version[0m
a68419e https://github.com/travis-ci/travis-cookbooks/tree/a68419e
[34m[1mGCC version[0m
gcc (Ubuntu/Linaro 4.6.3-1ubuntu5) 4.6.3
Copyright (C) 2011 Free Software Foundation, Inc.
This is free software; see the source for copying conditions.  There is NO
warranty; not even for MERCHANTABILITY or FITNESS FOR A PARTICULAR PURPOSE.

[34m[1mLLVM version[0m
clang version 3.4 (tags/RELEASE_34/final)
Target: x86_64-unknown-linux-gnu
Thread model: posix
[34m[1mPre-installed Ruby versions[0m
ruby-1.9.3-p551
[34m[1mPre-installed Node.js versions[0m
v0.10.36
[34m[1mPre-installed Go versions[0m
1.4.1
[34m[1mRedis version[0m
redis-server 2.8.19
[34m[1mriak version[0m
2.0.2
[34m[1mMongoDB version[0m
MongoDB 2.4.12
[34m[1mCouchDB version[0m
couchdb 1.6.1
[34m[1mNeo4j version[0m
1.9.4
[34m[1mRabbitMQ Version[0m
3.4.3
[34m[1mElasticSearch version[0m
1.4.0
[34m[1mInstalled Sphinx versions[0m
2.0.10
2.1.9
2.2.6
[34m[1mDefault Sphinx version[0m
2.2.6
[34m[1mInstalled Firefox version[0m
firefox 31.0esr
[34m[1mPhantomJS version[0m
1.9.8
[34m[1mant -version[0m
Apache Ant(TM) version 1.8.2 compiled on December 3 2011
[34m[1mmvn -version[0m
Apache Maven 3.2.5 (12a6b3acb947671f09b81f49094c53f426d8cea1; 2014-12-14T17:29:23+00:00)
Maven home: /usr/local/maven
Java version: 1.7.0_76, vendor: Oracle Corporation
Java home: /usr/lib/jvm/java-7-oracle/jre
Default locale: en_US, platform encoding: ANSI_X3.4-1968
OS name: "linux", version: "3.13.0-29-generic", arch: "amd64", family: "unix"
travis_fold:end:system_info[0K
travis_fold:start:fix.CVE-2015-7547[0K$ export DEBIAN_FRONTEND=noninteractive
W: Size of file /var/lib/apt/lists/us.archive.ubuntu.com_ubuntu_dists_precise-backports_multiverse_source_Sources.gz is not what the server reported 5886 5888
W: Size of file /var/lib/apt/lists/ppa.launchpad.net_ubuntugis_ppa_ubuntu_dists_precise_main_binary-amd64_Packages.gz is not what the server reported 36669 36677
W: Size of file /var/lib/apt/lists/ppa.launchpad.net_ubuntugis_ppa_ubuntu_dists_precise_main_binary-i386_Packages.gz is not what the server reported 36729 36733
Reading package lists...
Building dependency tree...
Reading state information...
The following extra packages will be installed:
  libc-bin libc-dev-bin libc6-dev
Suggested packages:
  glibc-doc
The following packages will be upgraded:
  libc-bin libc-dev-bin libc6 libc6-dev
4 upgraded, 0 newly installed, 0 to remove and 238 not upgraded.
Need to get 8,840 kB of archives.
After this operation, 14.3 kB disk space will be freed.
Get:1 http://us.archive.ubuntu.com/ubuntu/ precise-updates/main libc6-dev amd64 2.15-0ubuntu10.15 [2,943 kB]
Get:2 http://us.archive.ubuntu.com/ubuntu/ precise-updates/main libc-dev-bin amd64 2.15-0ubuntu10.15 [84.7 kB]
Get:3 http://us.archive.ubuntu.com/ubuntu/ precise-updates/main libc-bin amd64 2.15-0ubuntu10.15 [1,177 kB]
Get:4 http://us.archive.ubuntu.com/ubuntu/ precise-updates/main libc6 amd64 2.15-0ubuntu10.15 [4,636 kB]
Fetched 8,840 kB in 0s (28.1 MB/s)
Preconfiguring packages ...
(Reading database ... (Reading database ... 5%(Reading database ... 10%(Reading database ... 15%(Reading database ... 20%(Reading database ... 25%(Reading database ... 30%(Reading database ... 35%(Reading database ... 40%(Reading database ... 45%(Reading database ... 50%(Reading database ... 55%(Reading database ... 60%(Reading database ... 65%(Reading database ... 70%(Reading database ... 75%(Reading database ... 80%(Reading database ... 85%(Reading database ... 90%(Reading database ... 95%(Reading database ... 100%(Reading database ... 72019 files and directories currently installed.)
Preparing to replace libc6-dev 2.15-0ubuntu10.10 (using .../libc6-dev_2.15-0ubuntu10.15_amd64.deb) ...
Unpacking replacement libc6-dev ...
Preparing to replace libc-dev-bin 2.15-0ubuntu10.10 (using .../libc-dev-bin_2.15-0ubuntu10.15_amd64.deb) ...
Unpacking replacement libc-dev-bin ...
Preparing to replace libc-bin 2.15-0ubuntu10.10 (using .../libc-bin_2.15-0ubuntu10.15_amd64.deb) ...
Unpacking replacement libc-bin ...
Processing triggers for man-db ...
Setting up libc-bin (2.15-0ubuntu10.15) ...
(Reading database ... (Reading database ... 5%(Reading database ... 10%(Reading database ... 15%(Reading database ... 20%(Reading database ... 25%(Reading database ... 30%(Reading database ... 35%(Reading database ... 40%(Reading database ... 45%(Reading database ... 50%(Reading database ... 55%(Reading database ... 60%(Reading database ... 65%(Reading database ... 70%(Reading database ... 75%(Reading database ... 80%(Reading database ... 85%(Reading database ... 90%(Reading database ... 95%(Reading database ... 100%(Reading database ... 72018 files and directories currently installed.)
Preparing to replace libc6 2.15-0ubuntu10.10 (using .../libc6_2.15-0ubuntu10.15_amd64.deb) ...
Unpacking replacement libc6 ...
Setting up libc6 (2.15-0ubuntu10.15) ...
Setting up libc-dev-bin (2.15-0ubuntu10.15) ...
Setting up libc6-dev (2.15-0ubuntu10.15) ...
Processing triggers for libc-bin ...
ldconfig deferred processing now taking place
travis_fold:end:fix.CVE-2015-7547[0Ktravis_fold:start:git.checkout[0Ktravis_time:start:03d10f3a[0K$ git clone --depth=50 https://github.com/apache/storm.git apache/storm
Cloning into 'apache/storm'...
remote: Counting objects: 20063, done.[K
remote: Compressing objects:   0% (1/8085)   [Kremote: Compressing objects:   1% (81/8085)   [Kremote: Compressing objects:   2% (162/8085)   [Kremote: Compressing objects:   3% (243/8085)   [Kremote: Compressing objects:   4% (324/8085)   [Kremote: Compressing objects:   5% (405/8085)   [Kremote: Compressing objects:   6% (486/8085)   [Kremote: Compressing objects:   7% (566/8085)   [Kremote: Compressing objects:   8% (647/8085)   [Kremote: Compressing objects:   9% (728/8085)   [Kremote: Compressing objects:  10% (809/8085)   [Kremote: Compressing objects:  11% (890/8085)   [Kremote: Compressing objects:  12% (971/8085)   [Kremote: Compressing objects:  13% (1052/8085)   [Kremote: Compressing objects:  14% (1132/8085)   [Kremote: Compressing objects:  15% (1213/8085)   [Kremote: Compressing objects:  16% (1294/8085)   [Kremote: Compressing objects:  17% (1375/8085)   [Kremote: Compressing objects:  18% (1456/8085)   [Kremote: Compressing objects:  19% (1537/8085)   [Kremote: Compressing objects:  20% (1617/8085)   [Kremote: Compressing objects:  21% (1698/8085)   [Kremote: Compressing objects:  22% (1779/8085)   [Kremote: Compressing objects:  23% (1860/8085)   [Kremote: Compressing objects:  24% (1941/8085)   [Kremote: Compressing objects:  25% (2022/8085)   [Kremote: Compressing objects:  26% (2103/8085)   [Kremote: Compressing objects:  27% (2183/8085)   [Kremote: Compressing objects:  28% (2264/8085)   [Kremote: Compressing objects:  29% (2345/8085)   [Kremote: Compressing objects:  30% (2426/8085)   [Kremote: Compressing objects:  31% (2507/8085)   [Kremote: Compressing objects:  32% (2588/8085)   [Kremote: Compressing objects:  33% (2669/8085)   [Kremote: Compressing objects:  34% (2749/8085)   [Kremote: Compressing objects:  35% (2830/8085)   [Kremote: Compressing objects:  36% (2911/8085)   [Kremote: Compressing objects:  37% (2992/8085)   [Kremote: Compressing objects:  38% (3073/8085)   [Kremote: Compressing objects:  39% (3154/8085)   [Kremote: Compressing objects:  40% (3234/8085)   [Kremote: Compressing objects:  41% (3315/8085)   [Kremote: Compressing objects:  42% (3396/8085)   [Kremote: Compressing objects:  43% (3477/8085)   [Kremote: Compressing objects:  44% (3558/8085)   [Kremote: Compressing objects:  45% (3639/8085)   [Kremote: Compressing objects:  46% (3720/8085)   [Kremote: Compressing objects:  47% (3800/8085)   [Kremote: Compressing objects:  48% (3881/8085)   [Kremote: Compressing objects:  49% (3962/8085)   [Kremote: Compressing objects:  50% (4043/8085)   [Kremote: Compressing objects:  51% (4124/8085)   [Kremote: Compressing objects:  52% (4205/8085)   [Kremote: Compressing objects:  53% (4286/8085)   [Kremote: Compressing objects:  54% (4366/8085)   [Kremote: Compressing objects:  55% (4447/8085)   [Kremote: Compressing objects:  56% (4528/8085)   [Kremote: Compressing objects:  57% (4609/8085)   [Kremote: Compressing objects:  58% (4690/8085)   [Kremote: Compressing objects:  59% (4771/8085)   [Kremote: Compressing objects:  60% (4851/8085)   [Kremote: Compressing objects:  61% (4932/8085)   [Kremote: Compressing objects:  62% (5013/8085)   [Kremote: Compressing objects:  63% (5094/8085)   [Kremote: Compressing objects:  64% (5175/8085)   [Kremote: Compressing objects:  65% (5256/8085)   [Kremote: Compressing objects:  66% (5337/8085)   [Kremote: Compressing objects:  67% (5417/8085)   [Kremote: Compressing objects:  68% (5498/8085)   [Kremote: Compressing objects:  69% (5579/8085)   [Kremote: Compressing objects:  70% (5660/8085)   [Kremote: Compressing objects:  71% (5741/8085)   [Kremote: Compressing objects:  72% (5822/8085)   [Kremote: Compressing objects:  73% (5903/8085)   [Kremote: Compressing objects:  74% (5983/8085)   [Kremote: Compressing objects:  75% (6064/8085)   [Kremote: Compressing objects:  76% (6145/8085)   [Kremote: Compressing objects:  77% (6226/8085)   [Kremote: Compressing objects:  78% (6307/8085)   [Kremote: Compressing objects:  79% (6388/8085)   [Kremote: Compressing objects:  80% (6468/8085)   [Kremote: Compressing objects:  81% (6549/8085)   [Kremote: Compressing objects:  82% (6630/8085)   [Kremote: Compressing objects:  83% (6711/8085)   [Kremote: Compressing objects:  84% (6792/8085)   [Kremote: Compressing objects:  85% (6873/8085)   [Kremote: Compressing objects:  86% (6954/8085)   [Kremote: Compressing objects:  87% (7034/8085)   [Kremote: Compressing objects:  88% (7115/8085)   [Kremote: Compressing objects:  89% (7196/8085)   [Kremote: Compressing objects:  90% (7277/8085)   [Kremote: Compressing objects:  91% (7358/8085)   [Kremote: Compressing objects:  92% (7439/8085)   [Kremote: Compressing objects:  93% (7520/8085)   [Kremote: Compressing objects:  94% (7600/8085)   [Kremote: Compressing objects:  95% (7681/8085)   [Kremote: Compressing objects:  96% (7762/8085)   [Kremote: Compressing objects:  97% (7843/8085)   [Kremote: Compressing objects:  98% (7924/8085)   [Kremote: Compressing objects:  99% (8005/8085)   [Kremote: Compressing objects: 100% (8085/8085)   [Kremote: Compressing objects: 100% (8085/8085), done.[K
Receiving objects:   0% (1/20063)   Receiving objects:   1% (201/20063)   Receiving objects:   2% (402/20063)   Receiving objects:   3% (602/20063)   Receiving objects:   4% (803/20063)   Receiving objects:   5% (1004/20063)   Receiving objects:   6% (1204/20063)   Receiving objects:   7% (1405/20063)   Receiving objects:   8% (1606/20063)   Receiving objects:   9% (1806/20063)   Receiving objects:  10% (2007/20063)   Receiving objects:  11% (2207/20063)   Receiving objects:  12% (2408/20063)   Receiving objects:  13% (2609/20063)   Receiving objects:  14% (2809/20063)   Receiving objects:  15% (3010/20063)   Receiving objects:  16% (3211/20063)   Receiving objects:  17% (3411/20063)   Receiving objects:  18% (3612/20063), 7.87 MiB | 15.71 MiB/s   Receiving objects:  19% (3812/20063), 7.87 MiB | 15.71 MiB/s   Receiving objects:  20% (4013/20063), 7.87 MiB | 15.71 MiB/s   Receiving objects:  21% (4214/20063), 7.87 MiB | 15.71 MiB/s   Receiving objects:  22% (4414/20063), 7.87 MiB | 15.71 MiB/s   Receiving objects:  23% (4615/20063), 7.87 MiB | 15.71 MiB/s   Receiving objects:  24% (4816/20063), 7.87 MiB | 15.71 MiB/s   Receiving objects:  25% (5016/20063), 7.87 MiB | 15.71 MiB/s   Receiving objects:  26% (5217/20063), 7.87 MiB | 15.71 MiB/s   Receiving objects:  27% (5418/20063), 7.87 MiB | 15.71 MiB/s   Receiving objects:  28% (5618/20063), 7.87 MiB | 15.71 MiB/s   Receiving objects:  29% (5819/20063), 7.87 MiB | 15.71 MiB/s   Receiving objects:  30% (6019/20063), 7.87 MiB | 15.71 MiB/s   Receiving objects:  31% (6220/20063), 7.87 MiB | 15.71 MiB/s   Receiving objects:  32% (6421/20063), 7.87 MiB | 15.71 MiB/s   Receiving objects:  33% (6621/20063), 7.87 MiB | 15.71 MiB/s   Receiving objects:  34% (6822/20063), 7.87 MiB | 15.71 MiB/s   Receiving objects:  35% (7023/20063), 7.87 MiB | 15.71 MiB/s   Receiving objects:  36% (7223/20063), 7.87 MiB | 15.71 MiB/s   Receiving objects:  37% (7424/20063), 7.87 MiB | 15.71 MiB/s   Receiving objects:  38% (7624/20063), 7.87 MiB | 15.71 MiB/s   Receiving objects:  39% (7825/20063), 7.87 MiB | 15.71 MiB/s   Receiving objects:  40% (8026/20063), 7.87 MiB | 15.71 MiB/s   Receiving objects:  41% (8226/20063), 7.87 MiB | 15.71 MiB/s   Receiving objects:  42% (8427/20063), 7.87 MiB | 15.71 MiB/s   Receiving objects:  43% (8628/20063), 7.87 MiB | 15.71 MiB/s   Receiving objects:  44% (8828/20063), 7.87 MiB | 15.71 MiB/s   Receiving objects:  45% (9029/20063), 7.87 MiB | 15.71 MiB/s   Receiving objects:  46% (9229/20063), 7.87 MiB | 15.71 MiB/s   Receiving objects:  47% (9430/20063), 7.87 MiB | 15.71 MiB/s   Receiving objects:  48% (9631/20063), 7.87 MiB | 15.71 MiB/s   Receiving objects:  49% (9831/20063), 7.87 MiB | 15.71 MiB/s   Receiving objects:  50% (10032/20063), 7.87 MiB | 15.71 MiB/s   Receiving objects:  51% (10233/20063), 7.87 MiB | 15.71 MiB/s   Receiving objects:  52% (10433/20063), 7.87 MiB | 15.71 MiB/s   Receiving objects:  53% (10634/20063), 7.87 MiB | 15.71 MiB/s   Receiving objects:  54% (10835/20063), 7.87 MiB | 15.71 MiB/s   Receiving objects:  55% (11035/20063), 7.87 MiB | 15.71 MiB/s   Receiving objects:  56% (11236/20063), 7.87 MiB | 15.71 MiB/s   Receiving objects:  57% (11436/20063), 7.87 MiB | 15.71 MiB/s   Receiving objects:  58% (11637/20063), 7.87 MiB | 15.71 MiB/s   Receiving objects:  59% (11838/20063), 7.87 MiB | 15.71 MiB/s   Receiving objects:  60% (12038/20063), 7.87 MiB | 15.71 MiB/s   Receiving objects:  61% (12239/20063), 7.87 MiB | 15.71 MiB/s   Receiving objects:  62% (12440/20063), 7.87 MiB | 15.71 MiB/s   Receiving objects:  63% (12640/20063), 7.87 MiB | 15.71 MiB/s   Receiving objects:  64% (12841/20063), 7.87 MiB | 15.71 MiB/s   Receiving objects:  65% (13041/20063), 7.87 MiB | 15.71 MiB/s   Receiving objects:  66% (13242/20063), 7.87 MiB | 15.71 MiB/s   Receiving objects:  67% (13443/20063), 7.87 MiB | 15.71 MiB/s   Receiving objects:  68% (13643/20063), 7.87 MiB | 15.71 MiB/s   Receiving objects:  69% (13844/20063), 7.87 MiB | 15.71 MiB/s   Receiving objects:  70% (14045/20063), 7.87 MiB | 15.71 MiB/s   Receiving objects:  71% (14245/20063), 7.87 MiB | 15.71 MiB/s   Receiving objects:  72% (14446/20063), 7.87 MiB | 15.71 MiB/s   Receiving objects:  73% (14646/20063), 7.87 MiB | 15.71 MiB/s   Receiving objects:  74% (14847/20063), 7.87 MiB | 15.71 MiB/s   Receiving objects:  75% (15048/20063), 7.87 MiB | 15.71 MiB/s   Receiving objects:  76% (15248/20063), 7.87 MiB | 15.71 MiB/s   Receiving objects:  77% (15449/20063), 7.87 MiB | 15.71 MiB/s   Receiving objects:  78% (15650/20063), 7.87 MiB | 15.71 MiB/s   Receiving objects:  79% (15850/20063), 7.87 MiB | 15.71 MiB/s   Receiving objects:  80% (16051/20063), 7.87 MiB | 15.71 MiB/s   Receiving objects:  81% (16252/20063), 7.87 MiB | 15.71 MiB/s   Receiving objects:  82% (16452/20063), 7.87 MiB | 15.71 MiB/s   Receiving objects:  83% (16653/20063), 7.87 MiB | 15.71 MiB/s   Receiving objects:  84% (16853/20063), 7.87 MiB | 15.71 MiB/s   Receiving objects:  85% (17054/20063), 7.87 MiB | 15.71 MiB/s   Receiving objects:  86% (17255/20063), 7.87 MiB | 15.71 MiB/s   Receiving objects:  87% (17455/20063), 7.87 MiB | 15.71 MiB/s   Receiving objects:  88% (17656/20063), 7.87 MiB | 15.71 MiB/s   Receiving objects:  89% (17857/20063), 7.87 MiB | 15.71 MiB/s   Receiving objects:  90% (18057/20063), 7.87 MiB | 15.71 MiB/s   Receiving objects:  91% (18258/20063), 7.87 MiB | 15.71 MiB/s   Receiving objects:  91% (18295/20063), 16.33 MiB | 16.30 MiB/s   Receiving objects:  92% (18458/20063), 16.33 MiB | 16.30 MiB/s   Receiving objects:  93% (18659/20063), 16.33 MiB | 16.30 MiB/s   Receiving objects:  94% (18860/20063), 16.33 MiB | 16.30 MiB/s   Receiving objects:  95% (19060/20063), 16.33 MiB | 16.30 MiB/s   Receiving objects:  96% (19261/20063), 16.33 MiB | 16.30 MiB/s   Receiving objects:  97% (19462/20063), 16.33 MiB | 16.30 MiB/s   Receiving objects:  98% (19662/20063), 16.33 MiB | 16.30 MiB/s   Receiving objects:  99% (19863/20063), 16.33 MiB | 16.30 MiB/s   remote: Total 20063 (delta 9680), reused 17365 (delta 7576), pack-reused 0[K
Receiving objects: 100% (20063/20063), 16.33 MiB | 16.30 MiB/s   Receiving objects: 100% (20063/20063), 17.18 MiB | 16.30 MiB/s, done.
Resolving deltas:   0% (0/9680)   Resolving deltas:   1% (107/9680)   Resolving deltas:   2% (199/9680)   Resolving deltas:   3% (295/9680)   Resolving deltas:   4% (388/9680)   Resolving deltas:   5% (484/9680)   Resolving deltas:   6% (600/9680)   Resolving deltas:   7% (684/9680)   Resolving deltas:   8% (785/9680)   Resolving deltas:   9% (872/9680)   Resolving deltas:  10% (969/9680)   Resolving deltas:  11% (1070/9680)   Resolving deltas:  12% (1164/9680)   Resolving deltas:  13% (1259/9680)   Resolving deltas:  14% (1357/9680)   Resolving deltas:  15% (1453/9680)   Resolving deltas:  16% (1550/9680)   Resolving deltas:  17% (1649/9680)   Resolving deltas:  18% (1749/9680)   Resolving deltas:  19% (1843/9680)   Resolving deltas:  20% (1939/9680)   Resolving deltas:  21% (2037/9680)   Resolving deltas:  22% (2132/9680)   Resolving deltas:  23% (2235/9680)   Resolving deltas:  24% (2342/9680)   Resolving deltas:  25% (2429/9680)   Resolving deltas:  26% (2518/9680)   Resolving deltas:  27% (2616/9680)   Resolving deltas:  28% (2716/9680)   Resolving deltas:  29% (2809/9680)   Resolving deltas:  30% (2909/9680)   Resolving deltas:  31% (3005/9680)   Resolving deltas:  32% (3113/9680)   Resolving deltas:  33% (3200/9680)   Resolving deltas:  34% (3294/9680)   Resolving deltas:  35% (3392/9680)   Resolving deltas:  36% (3487/9680)   Resolving deltas:  37% (3599/9680)   Resolving deltas:  38% (3680/9680)   Resolving deltas:  39% (3797/9680)   Resolving deltas:  40% (3872/9680)   Resolving deltas:  41% (3973/9680)   Resolving deltas:  42% (4070/9680)   Resolving deltas:  43% (4163/9680)   Resolving deltas:  44% (4275/9680)   Resolving deltas:  45% (4360/9680)   Resolving deltas:  46% (4454/9680)   Resolving deltas:  47% (4550/9680)   Resolving deltas:  48% (4647/9680)   Resolving deltas:  49% (4744/9680)   Resolving deltas:  50% (4840/9680)   Resolving deltas:  51% (4947/9680)   Resolving deltas:  52% (5035/9680)   Resolving deltas:  53% (5136/9680)   Resolving deltas:  54% (5289/9680)   Resolving deltas:  55% (5339/9680)   Resolving deltas:  56% (5435/9680)   Resolving deltas:  60% (5813/9680)   Resolving deltas:  62% (6051/9680)   Resolving deltas:  63% (6103/9680)   Resolving deltas:  64% (6196/9680)   Resolving deltas:  65% (6307/9680)   Resolving deltas:  66% (6411/9680)   Resolving deltas:  67% (6555/9680)   Resolving deltas:  68% (6643/9680)   Resolving deltas:  69% (6682/9680)   Resolving deltas:  70% (6776/9680)   Resolving deltas:  71% (6873/9680)   Resolving deltas:  72% (6978/9680)   Resolving deltas:  75% (7343/9680)   Resolving deltas:  76% (7433/9680)   Resolving deltas:  77% (7482/9680)   Resolving deltas:  78% (7564/9680)   Resolving deltas:  79% (7653/9680)   Resolving deltas:  80% (7747/9680)   Resolving deltas:  81% (7842/9680)   Resolving deltas:  82% (7940/9680)   Resolving deltas:  83% (8037/9680)   Resolving deltas:  84% (8137/9680)   Resolving deltas:  85% (8228/9680)   Resolving deltas:  86% (8412/9680)   Resolving deltas:  87% (8431/9680)   Resolving deltas:  88% (8528/9680)   Resolving deltas:  89% (8624/9680)   Resolving deltas:  90% (8736/9680)   Resolving deltas:  91% (8875/9680)   Resolving deltas:  92% (8916/9680)   Resolving deltas:  93% (9003/9680)   Resolving deltas:  94% (9112/9680)   Resolving deltas:  95% (9197/9680)   Resolving deltas:  96% (9293/9680)   Resolving deltas:  97% (9481/9680)   Resolving deltas:  98% (9493/9680)   Resolving deltas:  99% (9587/9680)   Resolving deltas: 100% (9680/9680)   Resolving deltas: 100% (9680/9680), done.
Checking connectivity... done.

travis_time:end:03d10f3a:start=1464326514732618186,finish=1464326517878317760,duration=3145699574[0K$ cd apache/storm
travis_time:start:1f4adc44[0K$ git fetch origin +refs/pull/1449/merge:
remote: Counting objects: 14, done.[K
remote: Compressing objects:  20% (1/5)   [Kremote: Compressing objects:  40% (2/5)   [Kremote: Compressing objects:  60% (3/5)   [Kremote: Compressing objects:  80% (4/5)   [Kremote: Compressing objects: 100% (5/5)   [Kremote: Compressing objects: 100% (5/5), done.[K
remote: Total 14 (delta 6), reused 12 (delta 5), pack-reused 0[K
Unpacking objects:   7% (1/14)   Unpacking objects:  14% (2/14)   Unpacking objects:  21% (3/14)   Unpacking objects:  28% (4/14)   Unpacking objects:  35% (5/14)   Unpacking objects:  42% (6/14)   Unpacking objects:  50% (7/14)   Unpacking objects:  57% (8/14)   Unpacking objects:  64% (9/14)   Unpacking objects:  71% (10/14)   Unpacking objects:  78% (11/14)   Unpacking objects:  85% (12/14)   Unpacking objects:  92% (13/14)   Unpacking objects: 100% (14/14)   Unpacking objects: 100% (14/14), done.
From https://github.com/apache/storm
 * branch            refs/pull/1449/merge -> FETCH_HEAD

travis_time:end:1f4adc44:start=1464326517882604737,finish=1464326518280997613,duration=398392876[0K$ git checkout -qf FETCH_HEAD
travis_fold:end:git.checkout[0K
[33;1mThis job is running on container-based infrastructure, which does not allow use of 'sudo', setuid and setguid executables.[0m
[33;1mIf you require sudo, add 'sudo: required' to your .travis.yml[0m
[33;1mSee https://docs.travis-ci.com/user/workers/container-based-infrastructure/ for details.[0m

[33;1mSetting environment variables from .travis.yml[0m
$ export MODULES=storm-core

$ jdk_switcher use oraclejdk7
Switching to Oracle JDK7 (java-7-oracle), JAVA_HOME will be set to /usr/lib/jvm/java-7-oracle
travis_fold:start:cache.1[0KSetting up build cache
$ export CASHER_DIR=$HOME/.casher
travis_time:start:19ab37a6[0K$ Installing caching utilities

travis_time:end:19ab37a6:start=1464326520531608164,finish=1464326520579046519,duration=47438355[0Ktravis_time:start:18cc97a5[0K
travis_time:end:18cc97a5:start=1464326520585251187,finish=1464326520589448853,duration=4197666[0Ktravis_time:start:23f64f46[0K[32;1mattempting to download cache archive[0m
[32;1mfetching PR.1449/cache-linux-precise-4722ea394922d42b2b7eb84cff6efc764d76759821ac6f6efc13232aa923f595--jdk-oraclejdk7.tgz[0m
[32;1mfetching PR.1449/cache--jdk-oraclejdk7.tgz[0m
[32;1mfetching master/cache-linux-precise-4722ea394922d42b2b7eb84cff6efc764d76759821ac6f6efc13232aa923f595--jdk-oraclejdk7.tgz[0m
[32;1mfound cache[0m

travis_time:end:23f64f46:start=1464326520594343447,finish=1464326532903131077,duration=12308787630[0Ktravis_time:start:0bec73e2[0K
travis_time:end:0bec73e2:start=1464326532907728994,finish=1464326532911689591,duration=3960597[0Ktravis_time:start:0a41672f[0K[32;1madding /home/travis/.m2/repository to cache[0m
[32;1madding /home/travis/.rvm to cache[0m
[32;1madding /home/travis/.nvm to cache[0m

travis_time:end:0a41672f:start=1464326532916233352,finish=1464326548098166567,duration=15181933215[0Ktravis_fold:end:cache.1[0K$ java -Xmx32m -version
java version "1.7.0_76"
Java(TM) SE Runtime Environment (build 1.7.0_76-b13)
Java HotSpot(TM) 64-Bit Server VM (build 24.76-b04, mixed mode)
$ javac -J-Xmx32m -version
javac 1.7.0_76
travis_fold:start:before_install.1[0Ktravis_time:start:0099e526[0K$ rvm use 2.1.5 --install
[32mUsing /home/travis/.rvm/gems/ruby-2.1.5[0m

travis_time:end:0099e526:start=1464326548477586232,finish=1464326548817469862,duration=339883630[0Ktravis_fold:end:before_install.1[0Ktravis_fold:start:before_install.2[0Ktravis_time:start:0b8df815[0K$ nvm install 0.12.2
v0.12.2 is already installed.
Now using node v0.12.2

travis_time:end:0b8df815:start=1464326548822810342,finish=1464326549079990554,duration=257180212[0Ktravis_fold:end:before_install.2[0Ktravis_fold:start:before_install.3[0Ktravis_time:start:0bc89fc8[0K$ nvm use 0.12.2
Now using node v0.12.2

travis_time:end:0bc89fc8:start=1464326549085224807,finish=1464326549158322043,duration=73097236[0Ktravis_fold:end:before_install.3[0Ktravis_fold:start:install[0Ktravis_time:start:06188d2c[0K$ /bin/bash ./dev-tools/travis/travis-install.sh `pwd`
Python version :   Python 2.7.3
Maven version  :   Apache Maven 3.2.5 (12a6b3acb947671f09b81f49094c53f426d8cea1; 2014-12-14T17:29:23+00:00) Maven home: /usr/local/maven Java version: 1.7.0_76, vendor: Oracle Corporation Java home: /usr/lib/jvm/java-7-oracle/jre Default locale: en_US, platform encoding: UTF-8 OS name: "linux", version: "3.13.0-40-generic", arch: "amd64", family: "unix"
['mvn', 'clean', 'install', '-DskipTests', '-Pnative', '--batch-mode'] writing to install.txt
2 seconds 1 log lines12 seconds 225 log lines41 seconds 321 log lines52 seconds 340 log lines62 seconds 439 log lines84 seconds 631 log lines100 seconds 844 log lines112 seconds 893 log lines122 seconds 982 log lines134 seconds 1289 log lines152 seconds 1440 log lines162 seconds 1704 log lines172 seconds 1995 log lines182 seconds 2188 log lines197 seconds 2340 log lines201 seconds 2527 log lines
['mvn', 'clean', 'install', '-DskipTests', '-Pnative', '--batch-mode'] done 0

travis_time:end:06188d2c:start=1464326549163734887,finish=1464326750833627951,duration=201669893064[0Ktravis_fold:end:install[0Ktravis_time:start:026f413e[0K$ /bin/bash ./dev-tools/travis/travis-script.sh `pwd` $MODULES
Python version :   Python 2.7.3
Ruby version   :   ruby 2.1.5p273 (2014-11-13 revision 48405) [x86_64-linux]
NodeJs version :   v0.12.2
Maven version  :   Apache Maven 3.2.5 (12a6b3acb947671f09b81f49094c53f426d8cea1; 2014-12-14T17:29:23+00:00) Maven home: /usr/local/maven Java version: 1.7.0_76, vendor: Oracle Corporation Java home: /usr/lib/jvm/java-7-oracle/jre Default locale: en_US, platform encoding: UTF-8 OS name: "linux", version: "3.13.0-40-generic", arch: "amd64", family: "unix"
[INFO] Scanning for projects...
[INFO]                                                                         
[INFO] ------------------------------------------------------------------------
[INFO] Building Storm Core 2.0.0-SNAPSHOT
[INFO] ------------------------------------------------------------------------
[INFO] 
[INFO] --- exec-maven-plugin:1.2.1:exec (default) @ storm-core ---
[INFO] 
[INFO] --- maven-remote-resources-plugin:1.2.1:process (default) @ storm-core ---
[INFO] 
[INFO] --- storm-maven-plugins:2.0.0-SNAPSHOT:version-info (version-info) @ storm-core ---
[WARNING] [svn, info] failed with error code 1
[INFO] SCM: GIT
[INFO] Computed MD5: d4d776451606dbdf35f99fca524b9a
[INFO] 
[INFO] --- maven-resources-plugin:2.5:resources (default-resources) @ storm-core ---
[debug] execute contextualize
[INFO] Using 'UTF-8' encoding to copy filtered resources.
[INFO] Copying 9 resources
[INFO] Copying 1 resource to META-INF
[INFO] Copying 0 resource
[INFO] Copying 1 resource
[INFO] Copying 3 resources
[INFO] 
[INFO] --- maven-compiler-plugin:3.1:compile (default-compile) @ storm-core ---
[INFO] Nothing to compile - all classes are up to date
[INFO] 
[INFO] --- clojure-maven-plugin:1.7.1:compile (compile-clojure) @ storm-core ---
Compiling org.apache.storm.daemon.worker to /home/travis/build/apache/storm/storm-core/target/classes
Compiling org.apache.storm.metric.testing to /home/travis/build/apache/storm/storm-core/target/classes
Compiling org.apache.storm.testing to /home/travis/build/apache/storm/storm-core/target/classes
Compiling org.apache.storm.converter to /home/travis/build/apache/storm/storm-core/target/classes
Compiling org.apache.storm.util to /home/travis/build/apache/storm/storm-core/target/classes
Compiling org.apache.storm.command.heartbeats to /home/travis/build/apache/storm/storm-core/target/classes
Compiling org.apache.storm.blobstore to /home/travis/build/apache/storm/storm-core/target/classes
Compiling org.apache.storm.daemon.common to /home/travis/build/apache/storm/storm-core/target/classes
Compiling org.apache.storm.daemon.local-supervisor to /home/travis/build/apache/storm/storm-core/target/classes
Compiling org.apache.storm.command.get-errors to /home/travis/build/apache/storm/storm-core/target/classes
Compiling org.apache.storm.command.blobstore to /home/travis/build/apache/storm/storm-core/target/classes
Compiling org.apache.storm.trident.testing to /home/travis/build/apache/storm/storm-core/target/classes
Compiling org.apache.storm.daemon.drpc to /home/travis/build/apache/storm/storm-core/target/classes
Compiling org.apache.storm.config to /home/travis/build/apache/storm/storm-core/target/classes
Compiling org.apache.storm.testing4j to /home/travis/build/apache/storm/storm-core/target/classes
Compiling org.apache.storm.scheduler.IsolationScheduler to /home/travis/build/apache/storm/storm-core/target/classes
Compiling org.apache.storm.ui.helpers to /home/travis/build/apache/storm/storm-core/target/classes
Compiling org.apache.storm.log to /home/travis/build/apache/storm/storm-core/target/classes
Compiling org.apache.storm.daemon.executor to /home/travis/build/apache/storm/storm-core/target/classes
Compiling org.apache.storm.command.shell-submission to /home/travis/build/apache/storm/storm-core/target/classes
Compiling org.apache.storm.internal.clojure to /home/travis/build/apache/storm/storm-core/target/classes
Compiling org.apache.storm.internal.thrift to /home/travis/build/apache/storm/storm-core/target/classes
Compiling org.apache.storm.daemon.logviewer to /home/travis/build/apache/storm/storm-core/target/classes
Compiling org.apache.storm.daemon.nimbus to /home/travis/build/apache/storm/storm-core/target/classes
Compiling org.apache.storm.LocalCluster to /home/travis/build/apache/storm/storm-core/target/classes
Compiling org.apache.storm.local-state-converter to /home/travis/build/apache/storm/storm-core/target/classes
Compiling org.apache.storm.ui.core to /home/travis/build/apache/storm/storm-core/target/classes
05:26:08.232 [main] WARN  o.a.s.m.StormMetricsRegistry - Metric ui:num-topology-op-response-http-requests has already been registered
05:26:08.234 [main] WARN  o.a.s.m.StormMetricsRegistry - Metric ui:num-topology-op-response-http-requests has already been registered
[INFO] 
[INFO] --- make-maven-plugin:1.0-beta-1:autoreconf (compile) @ storm-core ---
[INFO] 
[INFO] --- make-maven-plugin:1.0-beta-1:configure (compile) @ storm-core ---
[INFO] /bin/sh: 14: /home/travis/.jdk_switcher_rc: [[: not found
[INFO] /bin/sh: 22: /home/travis/.jdk_switcher_rc: [[: not found
[INFO] /bin/sh: 32: /home/travis/.jdk_switcher_rc: [[: not found
[INFO] /bin/sh: 42: /home/travis/.jdk_switcher_rc: [[: not found
[INFO] /bin/sh: 3: /etc/profile.d/rvm.sh: [[: not found
[INFO] checking for gcc... gcc
[INFO] checking whether the C compiler works... yes
[INFO] checking for C compiler default output file name... a.out
[INFO] checking for suffix of executables... 
[INFO] checking whether we are cross compiling... no
[INFO] checking for suffix of object files... o
[INFO] checking whether we are using the GNU C compiler... yes
[INFO] checking whether gcc accepts -g... yes
[INFO] checking for gcc option to accept ISO C89... none needed
[INFO] checking how to run the C preprocessor... gcc -E
[INFO] checking for grep that handles long lines and -e... /bin/grep
[INFO] checking for egrep... /bin/grep -E
[INFO] checking for ANSI C header files... yes
[INFO] checking for sys/types.h... yes
[INFO] checking for sys/stat.h... yes
[INFO] checking for stdlib.h... yes
[INFO] checking for string.h... yes
[INFO] checking for memory.h... yes
[INFO] checking for strings.h... yes
[INFO] checking for inttypes.h... yes
[INFO] checking for stdint.h... yes
[INFO] checking for unistd.h... yes
[INFO] checking minix/config.h usability... no
[INFO] checking minix/config.h presence... no
[INFO] checking for minix/config.h... no
[INFO] checking whether it is safe to define __EXTENSIONS__... yes
[INFO] checking for a BSD-compatible install... /usr/bin/install -c
[INFO] checking whether build environment is sane... yes
[INFO] checking for a thread-safe mkdir -p... /bin/mkdir -p
[INFO] checking for gawk... gawk
[INFO] checking whether make sets $(MAKE)... yes
[INFO] checking for style of include used by make... GNU
[INFO] checking dependency style of gcc... gcc3
[INFO] checking for gcc... (cached) gcc
[INFO] checking whether we are using the GNU C compiler... (cached) yes
[INFO] checking whether gcc accepts -g... (cached) yes
[INFO] checking for gcc option to accept ISO C89... (cached) none needed
[INFO] checking whether gcc and cc understand -c and -o together... yes
[INFO] checking for unistd.h... (cached) yes
[INFO] checking for stdbool.h that conforms to C99... yes
[INFO] checking for _Bool... yes
[INFO] checking for an ANSI C-conforming const... yes
[INFO] checking for off_t... yes
[INFO] checking for size_t... yes
[INFO] checking whether strerror_r is declared... yes
[INFO] checking for strerror_r... yes
[INFO] checking whether strerror_r returns char *... yes
[INFO] checking for mkdir... yes
[INFO] checking for uname... yes
[INFO] configure: creating ./config.status
[INFO] config.status: creating Makefile
[INFO] config.status: executing depfiles commands
[INFO] 
[INFO] --- make-maven-plugin:1.0-beta-1:make-install (compile) @ storm-core ---
[INFO] /bin/sh: 14: /home/travis/.jdk_switcher_rc: [[: not found
[INFO] /bin/sh: 22: /home/travis/.jdk_switcher_rc: [[: not found
[INFO] /bin/sh: 32: /home/travis/.jdk_switcher_rc: [[: not found
[INFO] /bin/sh: 42: /home/travis/.jdk_switcher_rc: [[: not found
[INFO] /bin/sh: 3: /etc/profile.d/rvm.sh: [[: not found
[INFO] make[1]: Entering directory `/home/travis/build/apache/storm/storm-core/target/native/worker-launcher'
[INFO] test -z "/usr/local/bin" || /bin/mkdir -p "/home/travis/build/apache/storm/storm-core/target/native/target/usr/local/bin"
[INFO]   /usr/bin/install -c worker-launcher '/home/travis/build/apache/storm/storm-core/target/native/target/usr/local/bin'
[INFO] make[1]: Nothing to be done for `install-data-am'.
[INFO] make[1]: Leaving directory `/home/travis/build/apache/storm/storm-core/target/native/worker-launcher'
[INFO] 
[INFO] --- maven-resources-plugin:2.5:testResources (default-testResources) @ storm-core ---
[debug] execute contextualize
[INFO] Using 'UTF-8' encoding to copy filtered resources.
[INFO] Copying 14 resources
[INFO] Copying 2 resources
[INFO] Copying 3 resources
[INFO] 
[INFO] --- maven-dependency-plugin:2.8:unpack (unpack) @ storm-core ---
[INFO] Configured Artifact: org.apache.storm:multilang-ruby:2.0.0-SNAPSHOT:jar
[INFO] Downloading: https://repository.apache.org/snapshots/org/apache/storm/multilang-ruby/2.0.0-SNAPSHOT/maven-metadata.xml
[INFO] Configured Artifact: org.apache.storm:multilang-python:2.0.0-SNAPSHOT:jar
[INFO] Downloading: https://repository.apache.org/snapshots/org/apache/storm/multilang-python/2.0.0-SNAPSHOT/maven-metadata.xml
[INFO] Configured Artifact: org.apache.storm:multilang-javascript:2.0.0-SNAPSHOT:jar
[INFO] Downloading: https://repository.apache.org/snapshots/org/apache/storm/multilang-javascript/2.0.0-SNAPSHOT/maven-metadata.xml
[INFO] multilang-ruby-2.0.0-SNAPSHOT.jar already unpacked.
[INFO] multilang-python-2.0.0-SNAPSHOT.jar already unpacked.
[INFO] multilang-javascript-2.0.0-SNAPSHOT.jar already unpacked.
[INFO] 
[INFO] --- maven-compiler-plugin:3.1:testCompile (default-testCompile) @ storm-core ---
[INFO] Changes detected - recompiling the module!
[INFO] Compiling 51 source files to /home/travis/build/apache/storm/storm-core/target/test-classes
[WARNING] /home/travis/build/apache/storm/storm-core/test/jvm/org/apache/storm/localizer/LocalizerTest.java: Some input files use or override a deprecated API.
[WARNING] /home/travis/build/apache/storm/storm-core/test/jvm/org/apache/storm/localizer/LocalizerTest.java: Recompile with -Xlint:deprecation for details.
[WARNING] /home/travis/build/apache/storm/storm-core/test/jvm/org/apache/storm/command/TestCLI.java: Some input files use unchecked or unsafe operations.
[WARNING] /home/travis/build/apache/storm/storm-core/test/jvm/org/apache/storm/command/TestCLI.java: Recompile with -Xlint:unchecked for details.
[INFO] 
[INFO] --- maven-surefire-plugin:2.18.1:test (default-test) @ storm-core ---
[INFO] Surefire report directory: /home/travis/build/apache/storm/storm-core/target/surefire-reports
[INFO] parallel='none', perCoreThreadCount=true, threadCount=0, useUnlimitedThreads=false, threadCountSuites=0, threadCountClasses=0, threadCountMethods=0, parallelOptimized=true

-------------------------------------------------------
 T E S T S
-------------------------------------------------------
Running org.apache.storm.cluster.StormClusterStateImplTest
Tests run: 5, Failures: 0, Errors: 0, Skipped: 0, Time elapsed: 0.347 sec - in org.apache.storm.cluster.StormClusterStateImplTest
Running org.apache.storm.serialization.GzipBridgeThriftSerializationDelegateTest
Tests run: 3, Failures: 0, Errors: 0, Skipped: 0, Time elapsed: 0.027 sec - in org.apache.storm.serialization.GzipBridgeThriftSerializationDelegateTest
Running org.apache.storm.serialization.GzipBridgeSerializationDelegateTest
Tests run: 3, Failures: 0, Errors: 0, Skipped: 0, Time elapsed: 0.018 sec - in org.apache.storm.serialization.GzipBridgeSerializationDelegateTest
Running org.apache.storm.serialization.SerializationTest
Tests run: 3, Failures: 0, Errors: 0, Skipped: 0, Time elapsed: 2.029 sec - in org.apache.storm.serialization.SerializationTest
Running org.apache.storm.serialization.ThriftBridgeSerializationDelegateTest
Tests run: 1, Failures: 0, Errors: 0, Skipped: 0, Time elapsed: 0.004 sec - in org.apache.storm.serialization.ThriftBridgeSerializationDelegateTest
Running org.apache.storm.grouping.PartialKeyGroupingTest
Tests run: 2, Failures: 0, Errors: 0, Skipped: 0, Time elapsed: 0.027 sec - in org.apache.storm.grouping.PartialKeyGroupingTest
Running org.apache.storm.command.TestCLI
Tests run: 1, Failures: 0, Errors: 0, Skipped: 0, Time elapsed: 0.015 sec - in org.apache.storm.command.TestCLI
Running org.apache.storm.command.RebalanceTest
Tests run: 2, Failures: 0, Errors: 0, Skipped: 0, Time elapsed: 0.003 sec - in org.apache.storm.command.RebalanceTest
Running org.apache.storm.command.SetLogLevelTest
Tests run: 3, Failures: 0, Errors: 0, Skipped: 0, Time elapsed: 0.013 sec - in org.apache.storm.command.SetLogLevelTest
Running org.apache.storm.utils.UtilsTest
Tests run: 8, Failures: 0, Errors: 0, Skipped: 0, Time elapsed: 0.124 sec - in org.apache.storm.utils.UtilsTest
Running org.apache.storm.utils.DisruptorQueueTest
Tests run: 3, Failures: 0, Errors: 0, Skipped: 0, Time elapsed: 3.549 sec - in org.apache.storm.utils.DisruptorQueueTest
Running org.apache.storm.utils.DisruptorQueueBackpressureTest
Tests run: 1, Failures: 0, Errors: 0, Skipped: 0, Time elapsed: 0 sec - in org.apache.storm.utils.DisruptorQueueBackpressureTest
Running org.apache.storm.utils.StormBoundedExponentialBackoffRetryTest
Tests run: 5, Failures: 0, Errors: 0, Skipped: 0, Time elapsed: 0.387 sec - in org.apache.storm.utils.StormBoundedExponentialBackoffRetryTest
Running org.apache.storm.utils.TimeTest
Tests run: 8, Failures: 0, Errors: 0, Skipped: 0, Time elapsed: 0.004 sec - in org.apache.storm.utils.TimeTest
Running org.apache.storm.utils.ThriftTopologyUtilsTest
Tests run: 5, Failures: 0, Errors: 0, Skipped: 0, Time elapsed: 0.027 sec - in org.apache.storm.utils.ThriftTopologyUtilsTest
Running org.apache.storm.utils.WorkerBackpressureThreadTest
Tests run: 1, Failures: 0, Errors: 0, Skipped: 0, Time elapsed: 0.204 sec - in org.apache.storm.utils.WorkerBackpressureThreadTest
Running org.apache.storm.utils.ShellBoltMessageQueueTest
Tests run: 3, Failures: 0, Errors: 0, Skipped: 0, Time elapsed: 2.22 sec - in org.apache.storm.utils.ShellBoltMessageQueueTest
Running org.apache.storm.metric.internal.CountStatAndMetricTest
Tests run: 1, Failures: 0, Errors: 0, Skipped: 0, Time elapsed: 0 sec - in org.apache.storm.metric.internal.CountStatAndMetricTest
Running org.apache.storm.metric.internal.RateTrackerTest
Tests run: 4, Failures: 0, Errors: 0, Skipped: 0, Time elapsed: 0.001 sec - in org.apache.storm.metric.internal.RateTrackerTest
Running org.apache.storm.metric.internal.LatencyStatAndMetricTest
Tests run: 1, Failures: 0, Errors: 0, Skipped: 0, Time elapsed: 0.552 sec - in org.apache.storm.metric.internal.LatencyStatAndMetricTest
Running org.apache.storm.scheduler.resource.strategies.scheduling.TestDefaultResourceAwareStrategy
Tests run: 2, Failures: 0, Errors: 0, Skipped: 0, Time elapsed: 4.488 sec - in org.apache.storm.scheduler.resource.strategies.scheduling.TestDefaultResourceAwareStrategy
Running org.apache.storm.scheduler.resource.TestResourceAwareScheduler
Tests run: 14, Failures: 0, Errors: 0, Skipped: 0, Time elapsed: 38.352 sec - in org.apache.storm.scheduler.resource.TestResourceAwareScheduler
Running org.apache.storm.scheduler.resource.TestUser
Tests run: 3, Failures: 0, Errors: 0, Skipped: 0, Time elapsed: 46.117 sec - in org.apache.storm.scheduler.resource.TestUser
Running org.apache.storm.localizer.LocalizerTest
Tests run: 13, Failures: 0, Errors: 0, Skipped: 0, Time elapsed: 8.694 sec - in org.apache.storm.localizer.LocalizerTest
Running org.apache.storm.localizer.LocalizedResourceRetentionSetTest
Tests run: 2, Failures: 0, Errors: 0, Skipped: 0, Time elapsed: 1.01 sec - in org.apache.storm.localizer.LocalizedResourceRetentionSetTest
Running org.apache.storm.localizer.LocalizedResourceSetTest
Tests run: 4, Failures: 0, Errors: 0, Skipped: 0, Time elapsed: 0.273 sec - in org.apache.storm.localizer.LocalizedResourceSetTest
Running org.apache.storm.spout.CheckpointSpoutTest
Tests run: 7, Failures: 0, Errors: 0, Skipped: 0, Time elapsed: 3.381 sec - in org.apache.storm.spout.CheckpointSpoutTest
Running org.apache.storm.blobstore.ClientBlobStoreTest
Tests run: 4, Failures: 0, Errors: 0, Skipped: 0, Time elapsed: 0.216 sec - in org.apache.storm.blobstore.ClientBlobStoreTest
Running org.apache.storm.blobstore.BlobStoreTest
Tests run: 4, Failures: 0, Errors: 0, Skipped: 0, Time elapsed: 18.028 sec - in org.apache.storm.blobstore.BlobStoreTest
Running org.apache.storm.blobstore.BlobSynchronizerTest
Tests run: 4, Failures: 0, Errors: 0, Skipped: 0, Time elapsed: 14.39 sec - in org.apache.storm.blobstore.BlobSynchronizerTest
Running org.apache.storm.topology.StatefulWindowedBoltExecutorTest
Tests run: 4, Failures: 0, Errors: 0, Skipped: 0, Time elapsed: 3.081 sec - in org.apache.storm.topology.StatefulWindowedBoltExecutorTest
Running org.apache.storm.topology.TopologyBuilderTest
Tests run: 5, Failures: 0, Errors: 0, Skipped: 0, Time elapsed: 1.161 sec - in org.apache.storm.topology.TopologyBuilderTest
Running org.apache.storm.topology.StatefulBoltExecutorTest
Tests run: 7, Failures: 0, Errors: 0, Skipped: 0, Time elapsed: 3.925 sec - in org.apache.storm.topology.StatefulBoltExecutorTest
Running org.apache.storm.topology.WindowedBoltExecutorTest
Tests run: 2, Failures: 0, Errors: 0, Skipped: 0, Time elapsed: 0.439 sec - in org.apache.storm.topology.WindowedBoltExecutorTest
Running org.apache.storm.state.InMemoryKeyValueStateTest
Tests run: 2, Failures: 0, Errors: 0, Skipped: 0, Time elapsed: 0 sec - in org.apache.storm.state.InMemoryKeyValueStateTest
Running org.apache.storm.windowing.WaterMarkEventGeneratorTest
Tests run: 5, Failures: 0, Errors: 0, Skipped: 0, Time elapsed: 0.012 sec - in org.apache.storm.windowing.WaterMarkEventGeneratorTest
Running org.apache.storm.windowing.WindowManagerTest
Tests run: 10, Failures: 0, Errors: 0, Skipped: 0, Time elapsed: 0.037 sec - in org.apache.storm.windowing.WindowManagerTest
Running org.apache.storm.trident.TestTridentTopology
Tests run: 1, Failures: 0, Errors: 0, Skipped: 0, Time elapsed: 174.689 sec - in org.apache.storm.trident.TestTridentTopology
Running org.apache.storm.trident.TridentWindowingTest
Tests run: 3, Failures: 0, Errors: 0, Skipped: 0, Time elapsed: 0.015 sec - in org.apache.storm.trident.TridentWindowingTest
Running org.apache.storm.nimbus.LocalNimbusTest
Tests run: 1, Failures: 0, Errors: 0, Skipped: 0, Time elapsed: 11.145 sec - in org.apache.storm.nimbus.LocalNimbusTest
Running org.apache.storm.TestConfigValidate
Tests run: 25, Failures: 0, Errors: 0, Skipped: 0, Time elapsed: 0.398 sec - in org.apache.storm.TestConfigValidate
Running org.apache.storm.PacemakerTest
Tests run: 9, Failures: 0, Errors: 0, Skipped: 0, Time elapsed: 0.889 sec - in org.apache.storm.PacemakerTest
Running org.apache.storm.TestCgroups
Tests run: 1, Failures: 0, Errors: 0, Skipped: 1, Time elapsed: 0.042 sec - in org.apache.storm.TestCgroups
Running org.apache.storm.PaceMakerStateStorageFactoryTest
Tests run: 10, Failures: 0, Errors: 0, Skipped: 0, Time elapsed: 0.3 sec - in org.apache.storm.PaceMakerStateStorageFactoryTest

Results :

Tests run: 205, Failures: 0, Errors: 0, Skipped: 1

[INFO] 
[INFO] --- clojure-maven-plugin:1.7.1:test (test-clojure) @ storm-core ---
3521 [main] WARN  o.a.s.m.StormMetricsRegistry - Metric drpc:num-execute-http-requests has already been registered
Running org.apache.storm.drpc-test
12107 [Thread-2] INFO  o.a.s.u.Utils - Async loop interrupted!
24954 [Thread-73] INFO  o.a.s.u.Utils - Async loop interrupted!
27318 [Thread-141] INFO  o.a.s.u.Utils - Async loop interrupted!
29629 [Thread-180] INFO  o.a.s.u.Utils - Async loop interrupted!
36934 [Thread-231] INFO  o.a.s.u.Utils - Async loop interrupted!
Tests run: 9, Passed: 17, Failures: 0, Errors: 0
Running org.apache.storm.security.auth.ThriftServer-test
Tests run: 2, Passed: 1, Failures: 0, Errors: 0
Running org.apache.storm.messaging.netty-unit-test
Tests run: 5, Passed: 24, Failures: 0, Errors: 0
Running org.apache.storm.logviewer-test
Tests run: 12, Passed: 118, Failures: 0, Errors: 0
Running org.apache.storm.clojure-test
Tests run: 3, Passed: 5, Failures: 0, Errors: 0
Running org.apache.storm.trident.state-test
Tests run: 5, Passed: 37, Failures: 0, Errors: 0
Running org.apache.storm.tuple-test
Tests run: 4, Passed: 13, Failures: 0, Errors: 0
Running integration.org.apache.storm.integration-test
67011 [Thread-230] INFO  o.a.s.u.Utils - Async loop interrupted!
Tests run: 18, Passed: 51, Failures: 0, Errors: 0
Running org.apache.storm.security.auth.AuthUtils-test
Tests run: 5, Passed: 6, Failures: 0, Errors: 0
Running org.apache.storm.security.auth.drpc-auth-test
Tests run: 4, Passed: 22, Failures: 0, Errors: 0
Running org.apache.storm.security.auth.ReqContext-test
Tests run: 3, Passed: 4, Failures: 0, Errors: 0
Running org.apache.storm.security.serialization.BlowfishTupleSerializer-test
Tests run: 3, Passed: 3, Failures: 0, Errors: 0
Running org.apache.storm.serialization.SerializationFactory-test
Tests run: 3, Passed: 3, Failures: 0, Errors: 0
Running org.apache.storm.metrics-test
84285 [Thread-1167] INFO  o.a.s.u.Utils - Async loop interrupted!
Tests run: 8, Passed: 66, Failures: 0, Errors: 0
Running org.apache.storm.security.auth.auth-test
Tests run: 13, Passed: 94, Failures: 0, Errors: 0
Running org.apache.storm.messaging.netty-integration-test
Tests run: 1, Passed: 1, Failures: 0, Errors: 0
Running org.apache.storm.transactional-test
Tests run: 7, Passed: 110, Failures: 0, Errors: 0
Running org.apache.storm.messaging-test
Tests run: 1, Passed: 2, Failures: 0, Errors: 0
103015 [Thread-1876-spout-executor[8 8]-SendThread(localhost:2000)] WARN  o.a.z.ClientCnxn - Session 0x154f0b4497a0012 for server null, unexpected error, closing socket connection and attempting reconnect
java.net.ConnectException: Connection refused
	at sun.nio.ch.SocketChannelImpl.checkConnect(Native Method) ~[?:1.7.0_76]
	at sun.nio.ch.SocketChannelImpl.finishConnect(SocketChannelImpl.java:739) ~[?:1.7.0_76]
	at org.apache.zookeeper.ClientCnxnSocketNIO.doTransport(ClientCnxnSocketNIO.java:361) ~[zookeeper-3.4.6.jar:3.4.6-1569965]
	at org.apache.zookeeper.ClientCnxn$SendThread.run(ClientCnxn.java:1081) [zookeeper-3.4.6.jar:3.4.6-1569965]
Running org.apache.storm.supervisor-test
Tests run: 20, Passed: 52, Failures: 0, Errors: 0
Running org.apache.storm.subtopology-test
Tests run: 0, Passed: 0, Failures: 0, Errors: 0
Running integration.org.apache.storm.trident.integration-test
Tests run: 9, Passed: 141, Failures: 0, Errors: 0
Running org.apache.storm.versioned-store-test
Tests run: 2, Passed: 5, Failures: 0, Errors: 0
Running org.apache.storm.utils.ZookeeperServerCnxnFactory-test
Tests run: 2, Passed: 3, Failures: 0, Errors: 0
Running org.apache.storm.security.auth.DefaultHttpCredentialsPlugin-test
Tests run: 2, Passed: 8, Failures: 0, Errors: 0
Running org.apache.storm.fields-test
Tests run: 2, Passed: 22, Failures: 0, Errors: 0
Running org.apache.storm.submitter-test
Tests run: 1, Passed: 13, Failures: 0, Errors: 0
Running org.apache.storm.cluster-test
Tests run: 10, Passed: 92, Failures: 0, Errors: 0
Running org.apache.storm.security.auth.authorizer.DRPCSimpleACLAuthorizer-test
Tests run: 7, Passed: 37, Failures: 0, Errors: 0
Running org.apache.storm.nimbus-test
Tests run: 43, Passed: 789, Failures: 0, Errors: 0
Running org.apache.storm.security.auth.auto-login-module-test
Tests run: 6, Passed: 22, Failures: 0, Errors: 0
Running org.apache.storm.security.auth.SaslTransportPlugin-test
Tests run: 2, Passed: 8, Failures: 0, Errors: 0
Running org.apache.storm.grouping-test
Tests run: 5, Passed: 15, Failures: 0, Errors: 0
Running org.apache.storm.serialization-test
Tests run: 1, Passed: 0, Failures: 0, Errors: 0
Running org.apache.storm.worker-test
Tests run: 8, Passed: 35, Failures: 0, Errors: 0
Running org.apache.storm.security.auth.nimbus-auth-test
Tests run: 5, Passed: 39, Failures: 0, Errors: 0
Running org.apache.storm.local-state-test
Tests run: 2, Passed: 10, Failures: 0, Errors: 0
Running org.apache.storm.scheduler-test
Tests run: 4, Passed: 64, Failures: 0, Errors: 0
Running integration.org.apache.storm.testing4j-test
Tests run: 8, Passed: 36, Failures: 0, Errors: 0
Running org.apache.storm.security.auth.ThriftClient-test
Tests run: 2, Passed: 4, Failures: 0, Errors: 0
Running org.apache.storm.tick-tuple-test
Tests run: 1, Passed: 1, Failures: 0, Errors: 0
Running org.apache.storm.scheduler.multitenant-scheduler-test
Tests run: 17, Passed: 235, Failures: 0, Errors: 0
Running org.apache.storm.trident.tuple-test
Tests run: 6, Passed: 36, Failures: 0, Errors: 0
[INFO] 
[INFO] --- apache-rat-plugin:0.11:check (default) @ storm-core ---
[INFO] 51 implicit excludes (use -debug for more details).
[INFO] Exclude: **/target/**
[INFO] Exclude: **/*.iml
[INFO] Exclude: **/.idea/**
[INFO] Exclude: **/metastore_db/**
[INFO] Exclude: **/build/**
[INFO] Exclude: **/logs/**
[INFO] Exclude: **/CHANGELOG.md
[INFO] Exclude: **/README.md
[INFO] Exclude: **/README.markdown
[INFO] Exclude: **/DEVELOPER.md
[INFO] Exclude: **/BYLAWS.md
[INFO] Exclude: **/STORM-UI-REST-API.md
[INFO] Exclude: SECURITY.md
[INFO] Exclude: VERSION
[INFO] Exclude: TODO
[INFO] Exclude: **/src/py/**
[INFO] Exclude: **/src/ui/public/js/jquery.dataTables.1.10.4.min.js
[INFO] Exclude: **/src/ui/public/css/jquery.dataTables.1.10.4.min.css
[INFO] Exclude: **/src/ui/public/images/*
[INFO] Exclude: **/src/ui/public/js/bootstrap-3.3.1.min.js
[INFO] Exclude: **/src/ui/public/css/bootstrap-3.3.1.min.css
[INFO] Exclude: **/src/ui/public/js/dataTables.bootstrap.min.js
[INFO] Exclude: **/src/ui/public/css/dataTables.bootstrap.css
[INFO] Exclude: **/src/ui/public/js/jsonFormatter.min.js
[INFO] Exclude: **/src/ui/public/css/jsonFormatter.min.css
[INFO] Exclude: **/src/ui/public/js/jquery-1.11.1.min.js
[INFO] Exclude: **/src/ui/public/js/jquery.cookies.2.2.0.min.js
[INFO] Exclude: **/src/ui/public/js/moment.min.js
[INFO] Exclude: **/src/ui/public/js/jquery.blockUI.min.js
[INFO] Exclude: **/src/ui/public/js/url.min.js
[INFO] Exclude: **/src/ui/public/js/arbor.js
[INFO] Exclude: **/src/ui/public/js/arbor-graphics.js
[INFO] Exclude: **/src/ui/public/js/arbor-tween.js
[INFO] Exclude: **/src/ui/public/js/jquery.mustache.js
[INFO] Exclude: **/src/ui/public/js/typeahead.jquery.min.js
[INFO] Exclude: **/dependency-reduced-pom.xml
[INFO] Exclude: **/docs/**
[INFO] Exclude: **/.git/**
[INFO] Exclude: **/derby.log
[INFO] Exclude: **/src/dev/**
[INFO] Exclude: **/src/codegen/config.fmpp
[INFO] Exclude: **/src/codegen/data/Parser.tdd
[INFO] Exclude: **/src/test/resources/FixedAvroSerializer.config
[INFO] 1068 resources included (use -debug for more details)
Warning:  org.apache.xerces.jaxp.SAXParserImpl$JAXPSAXParser: Property 'http://www.oracle.com/xml/jaxp/properties/entityExpansionLimit' is not recognized.
Compiler warnings:
  WARNING:  'org.apache.xerces.jaxp.SAXParserImpl: Property 'http://javax.xml.XMLConstants/property/accessExternalDTD' is not recognized.'
Warning:  org.apache.xerces.parsers.SAXParser: Feature 'http://javax.xml.XMLConstants/feature/secure-processing' is not recognized.
Warning:  org.apache.xerces.parsers.SAXParser: Property 'http://javax.xml.XMLConstants/property/accessExternalDTD' is not recognized.
Warning:  org.apache.xerces.parsers.SAXParser: Property 'http://www.oracle.com/xml/jaxp/properties/entityExpansionLimit' is not recognized.
[INFO] Rat check: Summary of files. Unapproved: 0 unknown: 0 generated: 0 approved: 1062 licence.
[INFO] 
[INFO] --- make-maven-plugin:1.0-beta-1:test (test) @ storm-core ---
[INFO] /bin/sh: 14: /home/travis/.jdk_switcher_rc: [[: not found
[INFO] /bin/sh: 22: /home/travis/.jdk_switcher_rc: [[: not found
[INFO] /bin/sh: 32: /home/travis/.jdk_switcher_rc: [[: not found
[INFO] /bin/sh: 42: /home/travis/.jdk_switcher_rc: [[: not found
[INFO] /bin/sh: 3: /etc/profile.d/rvm.sh: [[: not found
[INFO] make  test-worker-launcher
[INFO] make[1]: Entering directory `/home/travis/build/apache/storm/storm-core/target/native/worker-launcher'
[INFO] make[1]: `test-worker-launcher' is up to date.
[INFO] make[1]: Leaving directory `/home/travis/build/apache/storm/storm-core/target/native/worker-launcher'
[INFO] make  check-TESTS
[INFO] make[1]: Entering directory `/home/travis/build/apache/storm/storm-core/target/native/worker-launcher'
[INFO] chmod: cannot access `/tmp/test-worker-launcher': No such file or directory
[INFO] File /tmp/test-worker-launcher must be owned by root, but is owned by 1000
[INFO] 
[INFO] Starting tests
[INFO] 
[INFO] Testing get_container_launcher_file()
[INFO] 
[INFO] Testing check_configuration_permissions()
[INFO] 
[INFO] Testing check_configuration_permissions
[INFO] 
[INFO] Testing check_user()
[INFO] 
[INFO] Testing test_check_user
[INFO] Requested user lp has id 7, which is below the minimum allowed 1000
[INFO] Running as root is not allowed
[INFO] 
[INFO] Running test test_signal_container in child process
[INFO] 
[INFO] Testing signal_container
[INFO] Child container launched as 21155
[INFO] Killing process 21155 with 3
[INFO] 
[INFO] Running test test_signal_container_group in child process
[INFO] 
[INFO] Testing group signal_container
[INFO] Child container launched as 21157
[INFO] Killing process 21157 with 9
[INFO] 
[INFO] Finished tests
[INFO] PASS: test-worker-launcher
[INFO] =============
[INFO] 1 test passed
[INFO] =============
[INFO] make[1]: Leaving directory `/home/travis/build/apache/storm/storm-core/target/native/worker-launcher'
[INFO] ------------------------------------------------------------------------
[INFO] BUILD SUCCESS
[INFO] ------------------------------------------------------------------------
[INFO] Total time: 09:09 min
[INFO] Finished at: 2016-05-27T05:35:02+00:00
[INFO] Final Memory: 42M/465M
[INFO] ------------------------------------------------------------------------
Looking for errors in ./storm-core/target/surefire-reports
Checking ./storm-core/target/surefire-reports/TEST-org.apache.storm.cluster.StormClusterStateImplTest.xml
Checking ./storm-core/target/surefire-reports/TEST-org.apache.storm.serialization.GzipBridgeThriftSerializationDelegateTest.xml
Checking ./storm-core/target/surefire-reports/TEST-org.apache.storm.serialization.GzipBridgeSerializationDelegateTest.xml
Checking ./storm-core/target/surefire-reports/TEST-org.apache.storm.serialization.SerializationTest.xml
Checking ./storm-core/target/surefire-reports/TEST-org.apache.storm.serialization.ThriftBridgeSerializationDelegateTest.xml
Checking ./storm-core/target/surefire-reports/TEST-org.apache.storm.grouping.PartialKeyGroupingTest.xml
Checking ./storm-core/target/surefire-reports/TEST-org.apache.storm.command.TestCLI.xml
Checking ./storm-core/target/surefire-reports/TEST-org.apache.storm.command.RebalanceTest.xml
Checking ./storm-core/target/surefire-reports/TEST-org.apache.storm.command.SetLogLevelTest.xml
Checking ./storm-core/target/surefire-reports/TEST-org.apache.storm.utils.UtilsTest.xml
Checking ./storm-core/target/surefire-reports/TEST-org.apache.storm.utils.DisruptorQueueTest.xml
Checking ./storm-core/target/surefire-reports/TEST-org.apache.storm.utils.DisruptorQueueBackpressureTest.xml
Checking ./storm-core/target/surefire-reports/TEST-org.apache.storm.utils.StormBoundedExponentialBackoffRetryTest.xml
Checking ./storm-core/target/surefire-reports/TEST-org.apache.storm.utils.TimeTest.xml
Checking ./storm-core/target/surefire-reports/TEST-org.apache.storm.utils.ThriftTopologyUtilsTest.xml
Checking ./storm-core/target/surefire-reports/TEST-org.apache.storm.utils.WorkerBackpressureThreadTest.xml
Checking ./storm-core/target/surefire-reports/TEST-org.apache.storm.utils.ShellBoltMessageQueueTest.xml
Checking ./storm-core/target/surefire-reports/TEST-org.apache.storm.metric.internal.CountStatAndMetricTest.xml
Checking ./storm-core/target/surefire-reports/TEST-org.apache.storm.metric.internal.RateTrackerTest.xml
Checking ./storm-core/target/surefire-reports/TEST-org.apache.storm.metric.internal.LatencyStatAndMetricTest.xml
Checking ./storm-core/target/surefire-reports/TEST-org.apache.storm.scheduler.resource.strategies.scheduling.TestDefaultResourceAwareStrategy.xml
Checking ./storm-core/target/surefire-reports/TEST-org.apache.storm.scheduler.resource.TestResourceAwareScheduler.xml
Checking ./storm-core/target/surefire-reports/TEST-org.apache.storm.scheduler.resource.TestUser.xml
Checking ./storm-core/target/surefire-reports/TEST-org.apache.storm.localizer.LocalizerTest.xml
Checking ./storm-core/target/surefire-reports/TEST-org.apache.storm.localizer.LocalizedResourceRetentionSetTest.xml
Checking ./storm-core/target/surefire-reports/TEST-org.apache.storm.localizer.LocalizedResourceSetTest.xml
Checking ./storm-core/target/surefire-reports/TEST-org.apache.storm.spout.CheckpointSpoutTest.xml
Checking ./storm-core/target/surefire-reports/TEST-org.apache.storm.blobstore.ClientBlobStoreTest.xml
Checking ./storm-core/target/surefire-reports/TEST-org.apache.storm.blobstore.BlobStoreTest.xml
Checking ./storm-core/target/surefire-reports/TEST-org.apache.storm.blobstore.BlobSynchronizerTest.xml
Checking ./storm-core/target/surefire-reports/TEST-org.apache.storm.topology.StatefulWindowedBoltExecutorTest.xml
Checking ./storm-core/target/surefire-reports/TEST-org.apache.storm.topology.TopologyBuilderTest.xml
Checking ./storm-core/target/surefire-reports/TEST-org.apache.storm.topology.StatefulBoltExecutorTest.xml
Checking ./storm-core/target/surefire-reports/TEST-org.apache.storm.topology.WindowedBoltExecutorTest.xml
Checking ./storm-core/target/surefire-reports/TEST-org.apache.storm.state.InMemoryKeyValueStateTest.xml
Checking ./storm-core/target/surefire-reports/TEST-org.apache.storm.windowing.WaterMarkEventGeneratorTest.xml
Checking ./storm-core/target/surefire-reports/TEST-org.apache.storm.windowing.WindowManagerTest.xml
Checking ./storm-core/target/surefire-reports/TEST-org.apache.storm.trident.TestTridentTopology.xml
Checking ./storm-core/target/surefire-reports/TEST-org.apache.storm.trident.TridentWindowingTest.xml
Checking ./storm-core/target/surefire-reports/TEST-org.apache.storm.nimbus.LocalNimbusTest.xml
Checking ./storm-core/target/surefire-reports/TEST-org.apache.storm.TestConfigValidate.xml
Checking ./storm-core/target/surefire-reports/TEST-org.apache.storm.PacemakerTest.xml
Checking ./storm-core/target/surefire-reports/TEST-org.apache.storm.TestCgroups.xml
Checking ./storm-core/target/surefire-reports/TEST-org.apache.storm.PaceMakerStateStorageFactoryTest.xml
Looking for errors in ./storm-core/target/test-reports
Checking ./storm-core/target/test-reports/org.apache.storm.drpc-test.xml
Checking ./storm-core/target/test-reports/org.apache.storm.security.auth.ThriftServer-test.xml
Checking ./storm-core/target/test-reports/org.apache.storm.messaging.netty-unit-test.xml
Checking ./storm-core/target/test-reports/org.apache.storm.logviewer-test.xml
Checking ./storm-core/target/test-reports/org.apache.storm.clojure-test.xml
Checking ./storm-core/target/test-reports/org.apache.storm.trident.state-test.xml
Checking ./storm-core/target/test-reports/org.apache.storm.tuple-test.xml
Checking ./storm-core/target/test-reports/integration.org.apache.storm.integration-test.xml
Checking ./storm-core/target/test-reports/org.apache.storm.security.auth.AuthUtils-test.xml
Checking ./storm-core/target/test-reports/org.apache.storm.security.auth.drpc-auth-test.xml
Checking ./storm-core/target/test-reports/org.apache.storm.security.auth.ReqContext-test.xml
Checking ./storm-core/target/test-reports/org.apache.storm.security.serialization.BlowfishTupleSerializer-test.xml
Checking ./storm-core/target/test-reports/org.apache.storm.serialization.SerializationFactory-test.xml
Checking ./storm-core/target/test-reports/org.apache.storm.metrics-test.xml
Checking ./storm-core/target/test-reports/org.apache.storm.security.auth.auth-test.xml
Checking ./storm-core/target/test-reports/org.apache.storm.messaging.netty-integration-test.xml
Checking ./storm-core/target/test-reports/org.apache.storm.transactional-test.xml
Checking ./storm-core/target/test-reports/org.apache.storm.messaging-test.xml
Checking ./storm-core/target/test-reports/org.apache.storm.supervisor-test.xml
Checking ./storm-core/target/test-reports/org.apache.storm.subtopology-test.xml
Checking ./storm-core/target/test-reports/integration.org.apache.storm.trident.integration-test.xml
Checking ./storm-core/target/test-reports/org.apache.storm.versioned-store-test.xml
Checking ./storm-core/target/test-reports/org.apache.storm.utils.ZookeeperServerCnxnFactory-test.xml
Checking ./storm-core/target/test-reports/org.apache.storm.security.auth.DefaultHttpCredentialsPlugin-test.xml
Checking ./storm-core/target/test-reports/org.apache.storm.fields-test.xml
Checking ./storm-core/target/test-reports/org.apache.storm.submitter-test.xml
Checking ./storm-core/target/test-reports/org.apache.storm.cluster-test.xml
Checking ./storm-core/target/test-reports/org.apache.storm.security.auth.authorizer.DRPCSimpleACLAuthorizer-test.xml
Checking ./storm-core/target/test-reports/org.apache.storm.nimbus-test.xml
Checking ./storm-core/target/test-reports/org.apache.storm.security.auth.auto-login-module-test.xml
Checking ./storm-core/target/test-reports/org.apache.storm.security.auth.SaslTransportPlugin-test.xml
Checking ./storm-core/target/test-reports/org.apache.storm.grouping-test.xml
Checking ./storm-core/target/test-reports/org.apache.storm.serialization-test.xml
Checking ./storm-core/target/test-reports/org.apache.storm.worker-test.xml
Checking ./storm-core/target/test-reports/org.apache.storm.security.auth.nimbus-auth-test.xml
Checking ./storm-core/target/test-reports/org.apache.storm.local-state-test.xml
Checking ./storm-core/target/test-reports/org.apache.storm.scheduler-test.xml
Checking ./storm-core/target/test-reports/integration.org.apache.storm.testing4j-test.xml
Checking ./storm-core/target/test-reports/org.apache.storm.security.auth.ThriftClient-test.xml
Checking ./storm-core/target/test-reports/org.apache.storm.tick-tuple-test.xml
Checking ./storm-core/target/test-reports/org.apache.storm.scheduler.multitenant-scheduler-test.xml
Checking ./storm-core/target/test-reports/org.apache.storm.trident.tuple-test.xml

travis_time:end:026f413e:start=1464326750838701659,finish=1464327303203909103,duration=552365207444[0K
[32;1mThe command "/bin/bash ./dev-tools/travis/travis-script.sh `pwd` $MODULES" exited with 0.[0m
travis_fold:start:cache.2[0Kstore build cache
travis_time:start:072ec070[0K
travis_time:end:072ec070:start=1464327303208234044,finish=1464327303211640219,duration=3406175[0Ktravis_time:start:069a8398[0K[32;1mchange detected (content changed, file is created, or file is deleted):
/home/travis/.m2/repository/eigenbase/eigenbase-properties/1.1.4/eigenbase-properties-1.1.4.pom.lastUpdated
/home/travis/.m2/repository/io/confluent/kafka-avro-serializer/1.0/kafka-avro-serializer-1.0.pom.lastUpdated
/home/travis/.m2/repository/io/confluent/kafka-schema-registry-client/1.0/kafka-schema-registry-client-1.0.pom.lastUpdated
/home/travis/.m2/repository/net/hydromatic/linq4j/0.4/linq4j-0.4.pom.lastUpdated
/home/travis/.m2/repository/net/hydromatic/quidem/0.1.1/quidem-0.1.1.pom.lastUpdated
/home/travis/.m2/repository/org/apache/storm/flux/2.0.0-SNAPSHOT/maven-metadata-local.xml
/home/travis/.m2/repository/org/apache/storm/flux/2.0.0-SNAPSHOT/_remote.repositories
/home/travis/.m2/repository/org/apache/storm/flux-core/2.0.0-SNAPSHOT/flux-core-2.0.0-SNAPSHOT.jar
/home/travis/.m2/repository/org/apache/storm/flux-core/2.0.0-SNAPSHOT/maven-metadata-local.xml
/home/travis/.m2/repository/org/apache/storm/flux-core/2.0.0-SNAPSHOT/_remote.repositories
/home/travis/.m2/repository/org/ap
[0m
[32;1m...
[0m
[32;1mchanges detected, packing new archive[0m
.
.
.
.
.
[32;1muploading archive[0m

travis_time:end:069a8398:start=1464327303215588795,finish=1464327372143909994,duration=68928321199[0Ktravis_fold:end:cache.2[0K
Done. Your build exited with 0.
