Using worker: worker-linux-docker-86dc0c7e.prod.travis-ci.org:travis-linux-13

travis_fold:start:system_info[0K[33;1mBuild system information[0m
Build language: java
Build group: stable
Build dist: precise
[34m[1mBuild image provisioning date and time[0m
Thu Feb  5 15:09:33 UTC 2015
[34m[1mOperating System Details[0m
Distributor ID:	Ubuntu
Description:	Ubuntu 12.04.5 LTS
Release:	12.04
Codename:	precise
[34m[1mLinux Version[0m
3.13.0-29-generic
[34m[1mCookbooks Version[0m
a68419e https://github.com/travis-ci/travis-cookbooks/tree/a68419e
[34m[1mGCC version[0m
gcc (Ubuntu/Linaro 4.6.3-1ubuntu5) 4.6.3
Copyright (C) 2011 Free Software Foundation, Inc.
This is free software; see the source for copying conditions.  There is NO
warranty; not even for MERCHANTABILITY or FITNESS FOR A PARTICULAR PURPOSE.

[34m[1mLLVM version[0m
clang version 3.4 (tags/RELEASE_34/final)
Target: x86_64-unknown-linux-gnu
Thread model: posix
[34m[1mPre-installed Ruby versions[0m
ruby-1.9.3-p551
[34m[1mPre-installed Node.js versions[0m
v0.10.36
[34m[1mPre-installed Go versions[0m
1.4.1
[34m[1mRedis version[0m
redis-server 2.8.19
[34m[1mriak version[0m
2.0.2
[34m[1mMongoDB version[0m
MongoDB 2.4.12
[34m[1mCouchDB version[0m
couchdb 1.6.1
[34m[1mNeo4j version[0m
1.9.4
[34m[1mRabbitMQ Version[0m
3.4.3
[34m[1mElasticSearch version[0m
1.4.0
[34m[1mInstalled Sphinx versions[0m
2.0.10
2.1.9
2.2.6
[34m[1mDefault Sphinx version[0m
2.2.6
[34m[1mInstalled Firefox version[0m
firefox 31.0esr
[34m[1mPhantomJS version[0m
1.9.8
[34m[1mant -version[0m
Apache Ant(TM) version 1.8.2 compiled on December 3 2011
[34m[1mmvn -version[0m
Apache Maven 3.2.5 (12a6b3acb947671f09b81f49094c53f426d8cea1; 2014-12-14T17:29:23+00:00)
Maven home: /usr/local/maven
Java version: 1.7.0_76, vendor: Oracle Corporation
Java home: /usr/lib/jvm/java-7-oracle/jre
Default locale: en_US, platform encoding: ANSI_X3.4-1968
OS name: "linux", version: "3.13.0-29-generic", arch: "amd64", family: "unix"
travis_fold:end:system_info[0K
travis_fold:start:fix.CVE-2015-7547[0K$ export DEBIAN_FRONTEND=noninteractive
W: Size of file /var/lib/apt/lists/us.archive.ubuntu.com_ubuntu_dists_precise-backports_multiverse_source_Sources.gz is not what the server reported 5886 5888
W: Size of file /var/lib/apt/lists/ppa.launchpad.net_ubuntugis_ppa_ubuntu_dists_precise_main_binary-amd64_Packages.gz is not what the server reported 36669 36677
W: Size of file /var/lib/apt/lists/ppa.launchpad.net_ubuntugis_ppa_ubuntu_dists_precise_main_binary-i386_Packages.gz is not what the server reported 36729 36733
Reading package lists...
Building dependency tree...
Reading state information...
The following extra packages will be installed:
  libc-bin libc-dev-bin libc6-dev
Suggested packages:
  glibc-doc
The following packages will be upgraded:
  libc-bin libc-dev-bin libc6 libc6-dev
4 upgraded, 0 newly installed, 0 to remove and 246 not upgraded.
Need to get 8,840 kB of archives.
After this operation, 14.3 kB disk space will be freed.
Get:1 http://us.archive.ubuntu.com/ubuntu/ precise-updates/main libc6-dev amd64 2.15-0ubuntu10.15 [2,943 kB]
Get:2 http://us.archive.ubuntu.com/ubuntu/ precise-updates/main libc-dev-bin amd64 2.15-0ubuntu10.15 [84.7 kB]
Get:3 http://us.archive.ubuntu.com/ubuntu/ precise-updates/main libc-bin amd64 2.15-0ubuntu10.15 [1,177 kB]
Get:4 http://us.archive.ubuntu.com/ubuntu/ precise-updates/main libc6 amd64 2.15-0ubuntu10.15 [4,636 kB]
Fetched 8,840 kB in 0s (35.2 MB/s)
Preconfiguring packages ...
(Reading database ... (Reading database ... 5%(Reading database ... 10%(Reading database ... 15%(Reading database ... 20%(Reading database ... 25%(Reading database ... 30%(Reading database ... 35%(Reading database ... 40%(Reading database ... 45%(Reading database ... 50%(Reading database ... 55%(Reading database ... 60%(Reading database ... 65%(Reading database ... 70%(Reading database ... 75%(Reading database ... 80%(Reading database ... 85%(Reading database ... 90%(Reading database ... 95%(Reading database ... 100%(Reading database ... 72019 files and directories currently installed.)
Preparing to replace libc6-dev 2.15-0ubuntu10.10 (using .../libc6-dev_2.15-0ubuntu10.15_amd64.deb) ...
Unpacking replacement libc6-dev ...
Preparing to replace libc-dev-bin 2.15-0ubuntu10.10 (using .../libc-dev-bin_2.15-0ubuntu10.15_amd64.deb) ...
Unpacking replacement libc-dev-bin ...
Preparing to replace libc-bin 2.15-0ubuntu10.10 (using .../libc-bin_2.15-0ubuntu10.15_amd64.deb) ...
Unpacking replacement libc-bin ...
Processing triggers for man-db ...
Setting up libc-bin (2.15-0ubuntu10.15) ...
(Reading database ... (Reading database ... 5%(Reading database ... 10%(Reading database ... 15%(Reading database ... 20%(Reading database ... 25%(Reading database ... 30%(Reading database ... 35%(Reading database ... 40%(Reading database ... 45%(Reading database ... 50%(Reading database ... 55%(Reading database ... 60%(Reading database ... 65%(Reading database ... 70%(Reading database ... 75%(Reading database ... 80%(Reading database ... 85%(Reading database ... 90%(Reading database ... 95%(Reading database ... 100%(Reading database ... 72018 files and directories currently installed.)
Preparing to replace libc6 2.15-0ubuntu10.10 (using .../libc6_2.15-0ubuntu10.15_amd64.deb) ...
Unpacking replacement libc6 ...
Setting up libc6 (2.15-0ubuntu10.15) ...
Setting up libc-dev-bin (2.15-0ubuntu10.15) ...
Setting up libc6-dev (2.15-0ubuntu10.15) ...
Processing triggers for libc-bin ...
ldconfig deferred processing now taking place
travis_fold:end:fix.CVE-2015-7547[0Ktravis_fold:start:git.checkout[0Ktravis_time:start:1b1ca60d[0K$ git clone --depth=50 https://github.com/apache/storm.git apache/storm
Cloning into 'apache/storm'...
remote: Counting objects: 20472, done.[K
remote: Compressing objects:   0% (1/8220)   [Kremote: Compressing objects:   1% (83/8220)   [Kremote: Compressing objects:   2% (165/8220)   [Kremote: Compressing objects:   3% (247/8220)   [Kremote: Compressing objects:   4% (329/8220)   [Kremote: Compressing objects:   5% (411/8220)   [Kremote: Compressing objects:   6% (494/8220)   [Kremote: Compressing objects:   7% (576/8220)   [Kremote: Compressing objects:   8% (658/8220)   [Kremote: Compressing objects:   9% (740/8220)   [Kremote: Compressing objects:  10% (822/8220)   [Kremote: Compressing objects:  11% (905/8220)   [Kremote: Compressing objects:  12% (987/8220)   [Kremote: Compressing objects:  13% (1069/8220)   [Kremote: Compressing objects:  14% (1151/8220)   [Kremote: Compressing objects:  15% (1233/8220)   [Kremote: Compressing objects:  16% (1316/8220)   [Kremote: Compressing objects:  17% (1398/8220)   [Kremote: Compressing objects:  18% (1480/8220)   [Kremote: Compressing objects:  19% (1562/8220)   [Kremote: Compressing objects:  20% (1644/8220)   [Kremote: Compressing objects:  21% (1727/8220)   [Kremote: Compressing objects:  22% (1809/8220)   [Kremote: Compressing objects:  23% (1891/8220)   [Kremote: Compressing objects:  24% (1973/8220)   [Kremote: Compressing objects:  25% (2055/8220)   [Kremote: Compressing objects:  26% (2138/8220)   [Kremote: Compressing objects:  27% (2220/8220)   [Kremote: Compressing objects:  28% (2302/8220)   [Kremote: Compressing objects:  29% (2384/8220)   [Kremote: Compressing objects:  30% (2466/8220)   [Kremote: Compressing objects:  31% (2549/8220)   [Kremote: Compressing objects:  32% (2631/8220)   [Kremote: Compressing objects:  33% (2713/8220)   [Kremote: Compressing objects:  34% (2795/8220)   [Kremote: Compressing objects:  35% (2877/8220)   [Kremote: Compressing objects:  36% (2960/8220)   [Kremote: Compressing objects:  37% (3042/8220)   [Kremote: Compressing objects:  38% (3124/8220)   [Kremote: Compressing objects:  39% (3206/8220)   [Kremote: Compressing objects:  40% (3288/8220)   [Kremote: Compressing objects:  41% (3371/8220)   [Kremote: Compressing objects:  42% (3453/8220)   [Kremote: Compressing objects:  43% (3535/8220)   [Kremote: Compressing objects:  44% (3617/8220)   [Kremote: Compressing objects:  45% (3699/8220)   [Kremote: Compressing objects:  46% (3782/8220)   [Kremote: Compressing objects:  47% (3864/8220)   [Kremote: Compressing objects:  48% (3946/8220)   [Kremote: Compressing objects:  49% (4028/8220)   [Kremote: Compressing objects:  50% (4110/8220)   [Kremote: Compressing objects:  51% (4193/8220)   [Kremote: Compressing objects:  52% (4275/8220)   [Kremote: Compressing objects:  53% (4357/8220)   [Kremote: Compressing objects:  54% (4439/8220)   [Kremote: Compressing objects:  55% (4521/8220)   [Kremote: Compressing objects:  56% (4604/8220)   [Kremote: Compressing objects:  57% (4686/8220)   [Kremote: Compressing objects:  58% (4768/8220)   [Kremote: Compressing objects:  59% (4850/8220)   [Kremote: Compressing objects:  60% (4932/8220)   [Kremote: Compressing objects:  61% (5015/8220)   [Kremote: Compressing objects:  62% (5097/8220)   [Kremote: Compressing objects:  63% (5179/8220)   [Kremote: Compressing objects:  64% (5261/8220)   [Kremote: Compressing objects:  65% (5343/8220)   [Kremote: Compressing objects:  66% (5426/8220)   [Kremote: Compressing objects:  67% (5508/8220)   [Kremote: Compressing objects:  68% (5590/8220)   [Kremote: Compressing objects:  69% (5672/8220)   [Kremote: Compressing objects:  70% (5754/8220)   [Kremote: Compressing objects:  71% (5837/8220)   [Kremote: Compressing objects:  72% (5919/8220)   [Kremote: Compressing objects:  73% (6001/8220)   [Kremote: Compressing objects:  74% (6083/8220)   [Kremote: Compressing objects:  75% (6165/8220)   [Kremote: Compressing objects:  76% (6248/8220)   [Kremote: Compressing objects:  77% (6330/8220)   [Kremote: Compressing objects:  78% (6412/8220)   [Kremote: Compressing objects:  79% (6494/8220)   [Kremote: Compressing objects:  80% (6576/8220)   [Kremote: Compressing objects:  81% (6659/8220)   [Kremote: Compressing objects:  82% (6741/8220)   [Kremote: Compressing objects:  83% (6823/8220)   [Kremote: Compressing objects:  84% (6905/8220)   [Kremote: Compressing objects:  85% (6987/8220)   [Kremote: Compressing objects:  86% (7070/8220)   [Kremote: Compressing objects:  87% (7152/8220)   [Kremote: Compressing objects:  88% (7234/8220)   [Kremote: Compressing objects:  89% (7316/8220)   [Kremote: Compressing objects:  90% (7398/8220)   [Kremote: Compressing objects:  91% (7481/8220)   [Kremote: Compressing objects:  92% (7563/8220)   [Kremote: Compressing objects:  93% (7645/8220)   [Kremote: Compressing objects:  94% (7727/8220)   [Kremote: Compressing objects:  95% (7809/8220)   [Kremote: Compressing objects:  96% (7892/8220)   [Kremote: Compressing objects:  97% (7974/8220)   [Kremote: Compressing objects:  98% (8056/8220)   [Kremote: Compressing objects:  99% (8138/8220)   [Kremote: Compressing objects: 100% (8220/8220)   [Kremote: Compressing objects: 100% (8220/8220), done.[K
Receiving objects:   0% (1/20472)   Receiving objects:   1% (205/20472)   Receiving objects:   2% (410/20472)   Receiving objects:   3% (615/20472)   Receiving objects:   4% (819/20472)   Receiving objects:   5% (1024/20472)   Receiving objects:   6% (1229/20472)   Receiving objects:   7% (1434/20472)   Receiving objects:   8% (1638/20472)   Receiving objects:   9% (1843/20472)   Receiving objects:  10% (2048/20472)   Receiving objects:  11% (2252/20472)   Receiving objects:  12% (2457/20472)   Receiving objects:  13% (2662/20472)   Receiving objects:  14% (2867/20472)   Receiving objects:  15% (3071/20472)   Receiving objects:  16% (3276/20472)   Receiving objects:  17% (3481/20472)   Receiving objects:  18% (3685/20472)   Receiving objects:  19% (3890/20472)   Receiving objects:  20% (4095/20472)   Receiving objects:  21% (4300/20472)   Receiving objects:  22% (4504/20472)   Receiving objects:  23% (4709/20472)   Receiving objects:  24% (4914/20472)   Receiving objects:  25% (5118/20472)   Receiving objects:  26% (5323/20472)   Receiving objects:  27% (5528/20472)   Receiving objects:  28% (5733/20472)   Receiving objects:  29% (5937/20472)   Receiving objects:  30% (6142/20472)   Receiving objects:  31% (6347/20472)   Receiving objects:  32% (6552/20472)   Receiving objects:  33% (6756/20472)   Receiving objects:  34% (6961/20472)   Receiving objects:  35% (7166/20472)   Receiving objects:  36% (7370/20472)   Receiving objects:  37% (7575/20472)   Receiving objects:  38% (7780/20472)   Receiving objects:  39% (7985/20472)   Receiving objects:  40% (8189/20472)   Receiving objects:  41% (8394/20472)   Receiving objects:  42% (8599/20472)   Receiving objects:  43% (8803/20472)   Receiving objects:  44% (9008/20472)   Receiving objects:  45% (9213/20472)   Receiving objects:  46% (9418/20472)   Receiving objects:  47% (9622/20472)   Receiving objects:  48% (9827/20472)   Receiving objects:  49% (10032/20472)   Receiving objects:  50% (10236/20472)   Receiving objects:  51% (10441/20472)   Receiving objects:  52% (10646/20472)   Receiving objects:  53% (10851/20472)   Receiving objects:  54% (11055/20472)   Receiving objects:  55% (11260/20472)   Receiving objects:  56% (11465/20472)   Receiving objects:  57% (11670/20472)   Receiving objects:  58% (11874/20472)   Receiving objects:  59% (12079/20472)   Receiving objects:  60% (12284/20472)   Receiving objects:  61% (12488/20472)   Receiving objects:  62% (12693/20472)   Receiving objects:  63% (12898/20472)   Receiving objects:  64% (13103/20472)   Receiving objects:  65% (13307/20472)   Receiving objects:  66% (13512/20472)   Receiving objects:  67% (13717/20472)   Receiving objects:  68% (13921/20472)   Receiving objects:  69% (14126/20472)   Receiving objects:  70% (14331/20472)   Receiving objects:  71% (14536/20472)   Receiving objects:  72% (14740/20472)   Receiving objects:  73% (14945/20472)   Receiving objects:  74% (15150/20472)   Receiving objects:  75% (15354/20472)   Receiving objects:  76% (15559/20472)   Receiving objects:  77% (15764/20472)   Receiving objects:  78% (15969/20472)   Receiving objects:  79% (16173/20472)   Receiving objects:  80% (16378/20472)   Receiving objects:  81% (16583/20472)   Receiving objects:  82% (16788/20472)   Receiving objects:  83% (16992/20472)   Receiving objects:  84% (17197/20472)   Receiving objects:  85% (17402/20472)   Receiving objects:  86% (17606/20472)   Receiving objects:  87% (17811/20472)   Receiving objects:  88% (18016/20472)   Receiving objects:  89% (18221/20472)   Receiving objects:  90% (18425/20472)   Receiving objects:  91% (18630/20472), 16.23 MiB | 32.38 MiB/s   Receiving objects:  92% (18835/20472), 16.23 MiB | 32.38 MiB/s   Receiving objects:  93% (19039/20472), 16.23 MiB | 32.38 MiB/s   Receiving objects:  94% (19244/20472), 16.23 MiB | 32.38 MiB/s   Receiving objects:  95% (19449/20472), 16.23 MiB | 32.38 MiB/s   Receiving objects:  96% (19654/20472), 16.23 MiB | 32.38 MiB/s   Receiving objects:  97% (19858/20472), 16.23 MiB | 32.38 MiB/s   Receiving objects:  98% (20063/20472), 16.23 MiB | 32.38 MiB/s   Receiving objects:  99% (20268/20472), 16.23 MiB | 32.38 MiB/s   remote: Total 20472 (delta 9934), reused 17700 (delta 7740), pack-reused 0[K
Receiving objects: 100% (20472/20472), 16.23 MiB | 32.38 MiB/s   Receiving objects: 100% (20472/20472), 17.15 MiB | 32.38 MiB/s, done.
Resolving deltas:   0% (0/9934)   Resolving deltas:   1% (175/9934)   Resolving deltas:   2% (233/9934)   Resolving deltas:   3% (303/9934)   Resolving deltas:   4% (405/9934)   Resolving deltas:   5% (505/9934)   Resolving deltas:   6% (598/9934)   Resolving deltas:   7% (699/9934)   Resolving deltas:   8% (850/9934)   Resolving deltas:   9% (898/9934)   Resolving deltas:  10% (1002/9934)   Resolving deltas:  11% (1099/9934)   Resolving deltas:  12% (1198/9934)   Resolving deltas:  13% (1299/9934)   Resolving deltas:  14% (1393/9934)   Resolving deltas:  15% (1491/9934)   Resolving deltas:  16% (1592/9934)   Resolving deltas:  17% (1689/9934)   Resolving deltas:  18% (1789/9934)   Resolving deltas:  19% (1894/9934)   Resolving deltas:  20% (1992/9934)   Resolving deltas:  21% (2088/9934)   Resolving deltas:  22% (2187/9934)   Resolving deltas:  23% (2290/9934)   Resolving deltas:  24% (2393/9934)   Resolving deltas:  25% (2488/9934)   Resolving deltas:  27% (2726/9934)   Resolving deltas:  29% (2976/9934)   Resolving deltas:  30% (3014/9934)   Resolving deltas:  31% (3090/9934)   Resolving deltas:  32% (3224/9934)   Resolving deltas:  33% (3319/9934)   Resolving deltas:  35% (3495/9934)   Resolving deltas:  36% (3582/9934)   Resolving deltas:  37% (3683/9934)   Resolving deltas:  38% (3785/9934)   Resolving deltas:  39% (3881/9934)   Resolving deltas:  40% (3975/9934)   Resolving deltas:  41% (4081/9934)   Resolving deltas:  42% (4176/9934)   Resolving deltas:  43% (4273/9934)   Resolving deltas:  44% (4372/9934)   Resolving deltas:  45% (4471/9934)   Resolving deltas:  46% (4572/9934)   Resolving deltas:  47% (4669/9934)   Resolving deltas:  48% (4769/9934)   Resolving deltas:  49% (4869/9934)   Resolving deltas:  50% (4968/9934)   Resolving deltas:  51% (5071/9934)   Resolving deltas:  52% (5170/9934)   Resolving deltas:  53% (5266/9934)   Resolving deltas:  54% (5365/9934)   Resolving deltas:  55% (5464/9934)   Resolving deltas:  56% (5572/9934)   Resolving deltas:  57% (5693/9934)   Resolving deltas:  58% (5763/9934)   Resolving deltas:  59% (5868/9934)   Resolving deltas:  60% (5962/9934)   Resolving deltas:  61% (6063/9934)   Resolving deltas:  62% (6162/9934)   Resolving deltas:  64% (6434/9934)   Resolving deltas:  65% (6468/9934)   Resolving deltas:  66% (6557/9934)   Resolving deltas:  68% (6792/9934)   Resolving deltas:  69% (6926/9934)   Resolving deltas:  70% (6960/9934)   Resolving deltas:  71% (7054/9934)   Resolving deltas:  72% (7155/9934)   Resolving deltas:  75% (7496/9934)   Resolving deltas:  76% (7593/9934)   Resolving deltas:  77% (7651/9934)   Resolving deltas:  78% (7752/9934)   Resolving deltas:  79% (7848/9934)   Resolving deltas:  80% (7966/9934)   Resolving deltas:  81% (8054/9934)   Resolving deltas:  82% (8150/9934)   Resolving deltas:  83% (8294/9934)   Resolving deltas:  84% (8373/9934)   Resolving deltas:  86% (8633/9934)   Resolving deltas:  87% (8643/9934)   Resolving deltas:  88% (8801/9934)   Resolving deltas:  89% (8842/9934)   Resolving deltas:  90% (8951/9934)   Resolving deltas:  91% (9041/9934)   Resolving deltas:  92% (9142/9934)   Resolving deltas:  93% (9253/9934)   Resolving deltas:  94% (9346/9934)   Resolving deltas:  95% (9442/9934)   Resolving deltas:  96% (9537/9934)   Resolving deltas:  98% (9747/9934)   Resolving deltas:  99% (9836/9934)   Resolving deltas: 100% (9934/9934)   Resolving deltas: 100% (9934/9934), done.
Checking connectivity... done.

travis_time:end:1b1ca60d:start=1465291934342070900,finish=1465291936951493099,duration=2609422199[0K$ cd apache/storm
travis_time:start:15e625ef[0K$ git fetch origin +refs/pull/1453/merge:
remote: Counting objects: 68, done.[K
remote: Compressing objects:   2% (1/34)   [Kremote: Compressing objects:   5% (2/34)   [Kremote: Compressing objects:   8% (3/34)   [Kremote: Compressing objects:  11% (4/34)   [Kremote: Compressing objects:  14% (5/34)   [Kremote: Compressing objects:  17% (6/34)   [Kremote: Compressing objects:  20% (7/34)   [Kremote: Compressing objects:  23% (8/34)   [Kremote: Compressing objects:  26% (9/34)   [Kremote: Compressing objects:  29% (10/34)   [Kremote: Compressing objects:  32% (11/34)   [Kremote: Compressing objects:  35% (12/34)   [Kremote: Compressing objects:  38% (13/34)   [Kremote: Compressing objects:  41% (14/34)   [Kremote: Compressing objects:  44% (15/34)   [Kremote: Compressing objects:  47% (16/34)   [Kremote: Compressing objects:  50% (17/34)   [Kremote: Compressing objects:  52% (18/34)   [Kremote: Compressing objects:  55% (19/34)   [Kremote: Compressing objects:  58% (20/34)   [Kremote: Compressing objects:  61% (21/34)   [Kremote: Compressing objects:  64% (22/34)   [Kremote: Compressing objects:  67% (23/34)   [Kremote: Compressing objects:  70% (24/34)   [Kremote: Compressing objects:  73% (25/34)   [Kremote: Compressing objects:  76% (26/34)   [Kremote: Compressing objects:  79% (27/34)   [Kremote: Compressing objects:  82% (28/34)   [Kremote: Compressing objects:  85% (29/34)   [Kremote: Compressing objects:  88% (30/34)   [Kremote: Compressing objects:  91% (31/34)   [Kremote: Compressing objects:  94% (32/34)   [Kremote: Compressing objects:  97% (33/34)   [Kremote: Compressing objects: 100% (34/34)   [Kremote: Compressing objects: 100% (34/34), done.[K
remote: Total 68 (delta 33), reused 41 (delta 13), pack-reused 0[K
Unpacking objects:   1% (1/68)   Unpacking objects:   2% (2/68)   Unpacking objects:   4% (3/68)   Unpacking objects:   5% (4/68)   Unpacking objects:   7% (5/68)   Unpacking objects:   8% (6/68)   Unpacking objects:  10% (7/68)   Unpacking objects:  11% (8/68)   Unpacking objects:  13% (9/68)   Unpacking objects:  14% (10/68)   Unpacking objects:  16% (11/68)   Unpacking objects:  17% (12/68)   Unpacking objects:  19% (13/68)   Unpacking objects:  20% (14/68)   Unpacking objects:  22% (15/68)   Unpacking objects:  23% (16/68)   Unpacking objects:  25% (17/68)   Unpacking objects:  26% (18/68)   Unpacking objects:  27% (19/68)   Unpacking objects:  29% (20/68)   Unpacking objects:  30% (21/68)   Unpacking objects:  32% (22/68)   Unpacking objects:  33% (23/68)   Unpacking objects:  35% (24/68)   Unpacking objects:  36% (25/68)   Unpacking objects:  38% (26/68)   Unpacking objects:  39% (27/68)   Unpacking objects:  41% (28/68)   Unpacking objects:  42% (29/68)   Unpacking objects:  44% (30/68)   Unpacking objects:  45% (31/68)   Unpacking objects:  47% (32/68)   Unpacking objects:  48% (33/68)   Unpacking objects:  50% (34/68)   Unpacking objects:  51% (35/68)   Unpacking objects:  52% (36/68)   Unpacking objects:  54% (37/68)   Unpacking objects:  55% (38/68)   Unpacking objects:  57% (39/68)   Unpacking objects:  58% (40/68)   Unpacking objects:  60% (41/68)   Unpacking objects:  61% (42/68)   Unpacking objects:  63% (43/68)   Unpacking objects:  64% (44/68)   Unpacking objects:  66% (45/68)   Unpacking objects:  67% (46/68)   Unpacking objects:  69% (47/68)   Unpacking objects:  70% (48/68)   Unpacking objects:  72% (49/68)   Unpacking objects:  73% (50/68)   Unpacking objects:  75% (51/68)   Unpacking objects:  76% (52/68)   Unpacking objects:  77% (53/68)   Unpacking objects:  79% (54/68)   Unpacking objects:  80% (55/68)   Unpacking objects:  82% (56/68)   Unpacking objects:  83% (57/68)   Unpacking objects:  85% (58/68)   Unpacking objects:  86% (59/68)   Unpacking objects:  88% (60/68)   Unpacking objects:  89% (61/68)   Unpacking objects:  91% (62/68)   Unpacking objects:  92% (63/68)   Unpacking objects:  94% (64/68)   Unpacking objects:  95% (65/68)   Unpacking objects:  97% (66/68)   Unpacking objects:  98% (67/68)   Unpacking objects: 100% (68/68)   Unpacking objects: 100% (68/68), done.
From https://github.com/apache/storm
 * branch            refs/pull/1453/merge -> FETCH_HEAD

travis_time:end:15e625ef:start=1465291936955307581,finish=1465291937309431224,duration=354123643[0K$ git checkout -qf FETCH_HEAD
travis_fold:end:git.checkout[0K
[33;1mThis job is running on container-based infrastructure, which does not allow use of 'sudo', setuid and setguid executables.[0m
[33;1mIf you require sudo, add 'sudo: required' to your .travis.yml[0m
[33;1mSee https://docs.travis-ci.com/user/workers/container-based-infrastructure/ for details.[0m

[33;1mSetting environment variables from .travis.yml[0m
$ export MODULES=storm-core

$ jdk_switcher use oraclejdk8
Switching to Oracle JDK8 (java-8-oracle), JAVA_HOME will be set to /usr/lib/jvm/java-8-oracle
travis_fold:start:cache.1[0KSetting up build cache
$ export CASHER_DIR=$HOME/.casher
travis_time:start:062668a2[0K$ Installing caching utilities

travis_time:end:062668a2:start=1465291940072636414,finish=1465291940166829836,duration=94193422[0Ktravis_time:start:168bb428[0K
travis_time:end:168bb428:start=1465291940171639514,finish=1465291940174921163,duration=3281649[0Ktravis_time:start:24b68edb[0K[32;1mattempting to download cache archive[0m
[32;1mfetching PR.1453/cache-linux-precise-4722ea394922d42b2b7eb84cff6efc764d76759821ac6f6efc13232aa923f595--jdk-oraclejdk8.tgz[0m
[32;1mfound cache[0m

travis_time:end:24b68edb:start=1465291940178687995,finish=1465291949523649590,duration=9344961595[0Ktravis_time:start:031908fc[0K
travis_time:end:031908fc:start=1465291949528227456,finish=1465291949531725202,duration=3497746[0Ktravis_time:start:0b61a806[0K[32;1madding /home/travis/.m2/repository to cache[0m
[32;1madding /home/travis/.rvm to cache[0m
[32;1madding /home/travis/.nvm to cache[0m

travis_time:end:0b61a806:start=1465291949535498355,finish=1465291960561988256,duration=11026489901[0Ktravis_fold:end:cache.1[0K$ java -Xmx32m -version
java version "1.8.0_31"
Java(TM) SE Runtime Environment (build 1.8.0_31-b13)
Java HotSpot(TM) 64-Bit Server VM (build 25.31-b07, mixed mode)
$ javac -J-Xmx32m -version
javac 1.8.0_31
travis_fold:start:before_install.1[0Ktravis_time:start:002caf00[0K$ rvm use 2.1.5 --install
[32mUsing /home/travis/.rvm/gems/ruby-2.1.5[0m

travis_time:end:002caf00:start=1465291960994548046,finish=1465291961234142383,duration=239594337[0Ktravis_fold:end:before_install.1[0Ktravis_fold:start:before_install.2[0Ktravis_time:start:0793262e[0K$ nvm install 0.12.2
v0.12.2 is already installed.
Now using node v0.12.2

travis_time:end:0793262e:start=1465291961238289819,finish=1465291961460905770,duration=222615951[0Ktravis_fold:end:before_install.2[0Ktravis_fold:start:before_install.3[0Ktravis_time:start:1ff5d542[0K$ nvm use 0.12.2
Now using node v0.12.2

travis_time:end:1ff5d542:start=1465291961465014126,finish=1465291961520604216,duration=55590090[0Ktravis_fold:end:before_install.3[0Ktravis_fold:start:install[0Ktravis_time:start:0b0bc479[0K$ /bin/bash ./dev-tools/travis/travis-install.sh `pwd`
Python version :   Python 2.7.3
Java HotSpot(TM) 64-Bit Server VM warning: ignoring option MaxPermSize=192m; support was removed in 8.0
Maven version  :   Apache Maven 3.2.5 (12a6b3acb947671f09b81f49094c53f426d8cea1; 2014-12-14T17:29:23+00:00) Maven home: /usr/local/maven Java version: 1.8.0_31, vendor: Oracle Corporation Java home: /usr/lib/jvm/java-8-oracle/jre Default locale: en_US, platform encoding: UTF-8 OS name: "linux", version: "3.13.0-40-generic", arch: "amd64", family: "unix"
['mvn', 'clean', 'install', '-DskipTests', '-Pnative', '--batch-mode'] writing to install.txt
2 seconds 2 log lines13 seconds 88 log lines23 seconds 253 log lines56 seconds 322 log lines66 seconds 329 log lines78 seconds 388 log lines98 seconds 632 log lines108 seconds 806 log lines122 seconds 854 log lines133 seconds 894 log lines143 seconds 1012 log lines153 seconds 1310 log lines163 seconds 1561 log lines174 seconds 1760 log lines185 seconds 2167 log lines201 seconds 2361 log lines205 seconds 2548 log lines
['mvn', 'clean', 'install', '-DskipTests', '-Pnative', '--batch-mode'] done 0

travis_time:end:0b0bc479:start=1465291961524663650,finish=1465292167543943306,duration=206019279656[0Ktravis_fold:end:install[0Ktravis_time:start:0a528ad4[0K$ /bin/bash ./dev-tools/travis/travis-script.sh `pwd` $MODULES
Python version :   Python 2.7.3
Ruby version   :   ruby 2.1.5p273 (2014-11-13 revision 48405) [x86_64-linux]
NodeJs version :   v0.12.2
Java HotSpot(TM) 64-Bit Server VM warning: ignoring option MaxPermSize=192m; support was removed in 8.0
Maven version  :   Apache Maven 3.2.5 (12a6b3acb947671f09b81f49094c53f426d8cea1; 2014-12-14T17:29:23+00:00) Maven home: /usr/local/maven Java version: 1.8.0_31, vendor: Oracle Corporation Java home: /usr/lib/jvm/java-8-oracle/jre Default locale: en_US, platform encoding: UTF-8 OS name: "linux", version: "3.13.0-40-generic", arch: "amd64", family: "unix"
Java HotSpot(TM) 64-Bit Server VM warning: ignoring option MaxPermSize=192m; support was removed in 8.0
[INFO] Scanning for projects...
[INFO]                                                                         
[INFO] ------------------------------------------------------------------------
[INFO] Building Storm Core 2.0.0-SNAPSHOT
[INFO] ------------------------------------------------------------------------
[INFO] 
[INFO] --- exec-maven-plugin:1.2.1:exec (default) @ storm-core ---
[INFO] 
[INFO] --- maven-remote-resources-plugin:1.2.1:process (default) @ storm-core ---
[INFO] 
[INFO] --- storm-maven-plugins:2.0.0-SNAPSHOT:version-info (version-info) @ storm-core ---
[WARNING] [svn, info] failed with error code 1
[INFO] SCM: GIT
[INFO] Computed MD5: c610b84d2fb6da924415115842b9f0c9
[INFO] 
[INFO] --- maven-resources-plugin:2.5:resources (default-resources) @ storm-core ---
[debug] execute contextualize
[INFO] Using 'UTF-8' encoding to copy filtered resources.
[INFO] Copying 9 resources
[INFO] Copying 1 resource to META-INF
[INFO] Copying 0 resource
[INFO] Copying 1 resource
[INFO] Copying 3 resources
[INFO] 
[INFO] --- maven-compiler-plugin:3.1:compile (default-compile) @ storm-core ---
[INFO] Nothing to compile - all classes are up to date
[INFO] 
[INFO] --- clojure-maven-plugin:1.7.1:compile (compile-clojure) @ storm-core ---
Compiling org.apache.storm.trident.testing to /home/travis/build/apache/storm/storm-core/target/classes
Compiling org.apache.storm.command.get-errors to /home/travis/build/apache/storm/storm-core/target/classes
Compiling org.apache.storm.command.blobstore to /home/travis/build/apache/storm/storm-core/target/classes
Compiling org.apache.storm.daemon.drpc to /home/travis/build/apache/storm/storm-core/target/classes
Compiling org.apache.storm.testing4j to /home/travis/build/apache/storm/storm-core/target/classes
Compiling org.apache.storm.metric.testing to /home/travis/build/apache/storm/storm-core/target/classes
Compiling org.apache.storm.ui.core to /home/travis/build/apache/storm/storm-core/target/classes
09:36:29.490 [main] WARN  o.a.s.m.StormMetricsRegistry - Metric ui:num-topology-op-response-http-requests has already been registered
09:36:29.511 [main] WARN  o.a.s.m.StormMetricsRegistry - Metric ui:num-topology-op-response-http-requests has already been registered
Compiling org.apache.storm.ui.helpers to /home/travis/build/apache/storm/storm-core/target/classes
Compiling org.apache.storm.testing to /home/travis/build/apache/storm/storm-core/target/classes
Compiling org.apache.storm.command.heartbeats to /home/travis/build/apache/storm/storm-core/target/classes
Compiling org.apache.storm.log to /home/travis/build/apache/storm/storm-core/target/classes
Compiling org.apache.storm.daemon.common to /home/travis/build/apache/storm/storm-core/target/classes
Compiling org.apache.storm.util to /home/travis/build/apache/storm/storm-core/target/classes
Compiling org.apache.storm.scheduler.IsolationScheduler to /home/travis/build/apache/storm/storm-core/target/classes
Compiling org.apache.storm.config to /home/travis/build/apache/storm/storm-core/target/classes
Compiling org.apache.storm.LocalCluster to /home/travis/build/apache/storm/storm-core/target/classes
Compiling org.apache.storm.internal.clojure to /home/travis/build/apache/storm/storm-core/target/classes
Compiling org.apache.storm.daemon.logviewer to /home/travis/build/apache/storm/storm-core/target/classes
Compiling org.apache.storm.blobstore to /home/travis/build/apache/storm/storm-core/target/classes
Compiling org.apache.storm.daemon.local-supervisor to /home/travis/build/apache/storm/storm-core/target/classes
Compiling org.apache.storm.daemon.executor to /home/travis/build/apache/storm/storm-core/target/classes
Compiling org.apache.storm.converter to /home/travis/build/apache/storm/storm-core/target/classes
Compiling org.apache.storm.daemon.nimbus to /home/travis/build/apache/storm/storm-core/target/classes
Compiling org.apache.storm.internal.thrift to /home/travis/build/apache/storm/storm-core/target/classes
Compiling org.apache.storm.local-state-converter to /home/travis/build/apache/storm/storm-core/target/classes
Compiling org.apache.storm.command.shell-submission to /home/travis/build/apache/storm/storm-core/target/classes
Compiling org.apache.storm.daemon.worker to /home/travis/build/apache/storm/storm-core/target/classes
[INFO] 
[INFO] --- make-maven-plugin:1.0-beta-1:autoreconf (compile) @ storm-core ---
[INFO] 
[INFO] --- make-maven-plugin:1.0-beta-1:configure (compile) @ storm-core ---
[INFO] /bin/sh: 14: /home/travis/.jdk_switcher_rc: [[: not found
[INFO] /bin/sh: 22: /home/travis/.jdk_switcher_rc: [[: not found
[INFO] /bin/sh: 32: /home/travis/.jdk_switcher_rc: [[: not found
[INFO] /bin/sh: 42: /home/travis/.jdk_switcher_rc: [[: not found
[INFO] /bin/sh: 3: /etc/profile.d/rvm.sh: [[: not found
[INFO] checking for gcc... gcc
[INFO] checking whether the C compiler works... yes
[INFO] checking for C compiler default output file name... a.out
[INFO] checking for suffix of executables... 
[INFO] checking whether we are cross compiling... no
[INFO] checking for suffix of object files... o
[INFO] checking whether we are using the GNU C compiler... yes
[INFO] checking whether gcc accepts -g... yes
[INFO] checking for gcc option to accept ISO C89... none needed
[INFO] checking how to run the C preprocessor... gcc -E
[INFO] checking for grep that handles long lines and -e... /bin/grep
[INFO] checking for egrep... /bin/grep -E
[INFO] checking for ANSI C header files... yes
[INFO] checking for sys/types.h... yes
[INFO] checking for sys/stat.h... yes
[INFO] checking for stdlib.h... yes
[INFO] checking for string.h... yes
[INFO] checking for memory.h... yes
[INFO] checking for strings.h... yes
[INFO] checking for inttypes.h... yes
[INFO] checking for stdint.h... yes
[INFO] checking for unistd.h... yes
[INFO] checking minix/config.h usability... no
[INFO] checking minix/config.h presence... no
[INFO] checking for minix/config.h... no
[INFO] checking whether it is safe to define __EXTENSIONS__... yes
[INFO] checking for a BSD-compatible install... /usr/bin/install -c
[INFO] checking whether build environment is sane... yes
[INFO] checking for a thread-safe mkdir -p... /bin/mkdir -p
[INFO] checking for gawk... gawk
[INFO] checking whether make sets $(MAKE)... yes
[INFO] checking for style of include used by make... GNU
[INFO] checking dependency style of gcc... gcc3
[INFO] checking for gcc... (cached) gcc
[INFO] checking whether we are using the GNU C compiler... (cached) yes
[INFO] checking whether gcc accepts -g... (cached) yes
[INFO] checking for gcc option to accept ISO C89... (cached) none needed
[INFO] checking whether gcc and cc understand -c and -o together... yes
[INFO] checking for unistd.h... (cached) yes
[INFO] checking for stdbool.h that conforms to C99... yes
[INFO] checking for _Bool... yes
[INFO] checking for an ANSI C-conforming const... yes
[INFO] checking for off_t... yes
[INFO] checking for size_t... yes
[INFO] checking whether strerror_r is declared... yes
[INFO] checking for strerror_r... yes
[INFO] checking whether strerror_r returns char *... yes
[INFO] checking for mkdir... yes
[INFO] checking for uname... yes
[INFO] configure: creating ./config.status
[INFO] config.status: creating Makefile
[INFO] config.status: executing depfiles commands
[INFO] 
[INFO] --- make-maven-plugin:1.0-beta-1:make-install (compile) @ storm-core ---
[INFO] /bin/sh: 14: /home/travis/.jdk_switcher_rc: [[: not found
[INFO] /bin/sh: 22: /home/travis/.jdk_switcher_rc: [[: not found
[INFO] /bin/sh: 32: /home/travis/.jdk_switcher_rc: [[: not found
[INFO] /bin/sh: 42: /home/travis/.jdk_switcher_rc: [[: not found
[INFO] /bin/sh: 3: /etc/profile.d/rvm.sh: [[: not found
[INFO] make[1]: Entering directory `/home/travis/build/apache/storm/storm-core/target/native/worker-launcher'
[INFO] test -z "/usr/local/bin" || /bin/mkdir -p "/home/travis/build/apache/storm/storm-core/target/native/target/usr/local/bin"
[INFO]   /usr/bin/install -c worker-launcher '/home/travis/build/apache/storm/storm-core/target/native/target/usr/local/bin'
[INFO] make[1]: Nothing to be done for `install-data-am'.
[INFO] make[1]: Leaving directory `/home/travis/build/apache/storm/storm-core/target/native/worker-launcher'
[INFO] 
[INFO] --- maven-resources-plugin:2.5:testResources (default-testResources) @ storm-core ---
[debug] execute contextualize
[INFO] Using 'UTF-8' encoding to copy filtered resources.
[INFO] Copying 14 resources
[INFO] Copying 2 resources
[INFO] Copying 3 resources
[INFO] 
[INFO] --- maven-dependency-plugin:2.8:unpack (unpack) @ storm-core ---
[INFO] Configured Artifact: org.apache.storm:multilang-ruby:2.0.0-SNAPSHOT:jar
[INFO] Downloading: https://repository.apache.org/snapshots/org/apache/storm/multilang-ruby/2.0.0-SNAPSHOT/maven-metadata.xml
[INFO] Configured Artifact: org.apache.storm:multilang-python:2.0.0-SNAPSHOT:jar
[INFO] Downloading: https://repository.apache.org/snapshots/org/apache/storm/multilang-python/2.0.0-SNAPSHOT/maven-metadata.xml
[INFO] Configured Artifact: org.apache.storm:multilang-javascript:2.0.0-SNAPSHOT:jar
[INFO] Downloading: https://repository.apache.org/snapshots/org/apache/storm/multilang-javascript/2.0.0-SNAPSHOT/maven-metadata.xml
[INFO] multilang-ruby-2.0.0-SNAPSHOT.jar already unpacked.
[INFO] multilang-python-2.0.0-SNAPSHOT.jar already unpacked.
[INFO] multilang-javascript-2.0.0-SNAPSHOT.jar already unpacked.
[INFO] 
[INFO] --- maven-compiler-plugin:3.1:testCompile (default-testCompile) @ storm-core ---
[INFO] Changes detected - recompiling the module!
[INFO] Compiling 51 source files to /home/travis/build/apache/storm/storm-core/target/test-classes
[WARNING] /home/travis/build/apache/storm/storm-core/test/jvm/org/apache/storm/localizer/LocalizerTest.java: Some input files use or override a deprecated API.
[WARNING] /home/travis/build/apache/storm/storm-core/test/jvm/org/apache/storm/localizer/LocalizerTest.java: Recompile with -Xlint:deprecation for details.
[WARNING] /home/travis/build/apache/storm/storm-core/test/jvm/org/apache/storm/spout/CheckpointSpoutTest.java: Some input files use unchecked or unsafe operations.
[WARNING] /home/travis/build/apache/storm/storm-core/test/jvm/org/apache/storm/spout/CheckpointSpoutTest.java: Recompile with -Xlint:unchecked for details.
[INFO] 
[INFO] --- maven-surefire-plugin:2.18.1:test (default-test) @ storm-core ---
[INFO] Surefire report directory: /home/travis/build/apache/storm/storm-core/target/surefire-reports
[INFO] parallel='none', perCoreThreadCount=true, threadCount=0, useUnlimitedThreads=false, threadCountSuites=0, threadCountClasses=0, threadCountMethods=0, parallelOptimized=true

-------------------------------------------------------
 T E S T S
-------------------------------------------------------
Running org.apache.storm.spout.CheckpointSpoutTest
Tests run: 7, Failures: 0, Errors: 0, Skipped: 0, Time elapsed: 0.594 sec - in org.apache.storm.spout.CheckpointSpoutTest
Running org.apache.storm.utils.TimeTest
Tests run: 8, Failures: 0, Errors: 0, Skipped: 0, Time elapsed: 0.001 sec - in org.apache.storm.utils.TimeTest
Running org.apache.storm.utils.WorkerBackpressureThreadTest
Tests run: 1, Failures: 0, Errors: 0, Skipped: 0, Time elapsed: 0.191 sec - in org.apache.storm.utils.WorkerBackpressureThreadTest
Running org.apache.storm.utils.DisruptorQueueTest
Tests run: 3, Failures: 0, Errors: 0, Skipped: 0, Time elapsed: 3.335 sec - in org.apache.storm.utils.DisruptorQueueTest
Running org.apache.storm.utils.UtilsTest
Tests run: 8, Failures: 0, Errors: 0, Skipped: 0, Time elapsed: 0.113 sec - in org.apache.storm.utils.UtilsTest
Running org.apache.storm.utils.DisruptorQueueBackpressureTest
Tests run: 1, Failures: 0, Errors: 0, Skipped: 0, Time elapsed: 0 sec - in org.apache.storm.utils.DisruptorQueueBackpressureTest
Running org.apache.storm.utils.ThriftTopologyUtilsTest
Tests run: 5, Failures: 0, Errors: 0, Skipped: 0, Time elapsed: 0.022 sec - in org.apache.storm.utils.ThriftTopologyUtilsTest
Running org.apache.storm.utils.ShellBoltMessageQueueTest
Tests run: 3, Failures: 0, Errors: 0, Skipped: 0, Time elapsed: 2.007 sec - in org.apache.storm.utils.ShellBoltMessageQueueTest
Running org.apache.storm.utils.StormBoundedExponentialBackoffRetryTest
Tests run: 5, Failures: 0, Errors: 0, Skipped: 0, Time elapsed: 0.394 sec - in org.apache.storm.utils.StormBoundedExponentialBackoffRetryTest
Running org.apache.storm.command.TestCLI
Tests run: 1, Failures: 0, Errors: 0, Skipped: 0, Time elapsed: 0.029 sec - in org.apache.storm.command.TestCLI
Running org.apache.storm.command.RebalanceTest
Tests run: 2, Failures: 0, Errors: 0, Skipped: 0, Time elapsed: 0.004 sec - in org.apache.storm.command.RebalanceTest
Running org.apache.storm.command.SetLogLevelTest
Tests run: 3, Failures: 0, Errors: 0, Skipped: 0, Time elapsed: 0.014 sec - in org.apache.storm.command.SetLogLevelTest
Running org.apache.storm.serialization.ThriftBridgeSerializationDelegateTest
Tests run: 1, Failures: 0, Errors: 0, Skipped: 0, Time elapsed: 0.019 sec - in org.apache.storm.serialization.ThriftBridgeSerializationDelegateTest
Running org.apache.storm.serialization.GzipBridgeSerializationDelegateTest
Tests run: 3, Failures: 0, Errors: 0, Skipped: 0, Time elapsed: 0.038 sec - in org.apache.storm.serialization.GzipBridgeSerializationDelegateTest
Running org.apache.storm.serialization.GzipBridgeThriftSerializationDelegateTest
Tests run: 3, Failures: 0, Errors: 0, Skipped: 0, Time elapsed: 0.028 sec - in org.apache.storm.serialization.GzipBridgeThriftSerializationDelegateTest
Running org.apache.storm.serialization.SerializationTest
Tests run: 3, Failures: 0, Errors: 0, Skipped: 0, Time elapsed: 10.397 sec - in org.apache.storm.serialization.SerializationTest
Running org.apache.storm.trident.TridentWindowingTest
Tests run: 3, Failures: 0, Errors: 0, Skipped: 0, Time elapsed: 0.059 sec - in org.apache.storm.trident.TridentWindowingTest
Running org.apache.storm.trident.TestTridentTopology
Tests run: 1, Failures: 0, Errors: 0, Skipped: 0, Time elapsed: 25.499 sec - in org.apache.storm.trident.TestTridentTopology
Running org.apache.storm.metric.internal.LatencyStatAndMetricTest
Tests run: 1, Failures: 0, Errors: 0, Skipped: 0, Time elapsed: 0.01 sec - in org.apache.storm.metric.internal.LatencyStatAndMetricTest
Running org.apache.storm.metric.internal.CountStatAndMetricTest
Tests run: 1, Failures: 0, Errors: 0, Skipped: 0, Time elapsed: 0.008 sec - in org.apache.storm.metric.internal.CountStatAndMetricTest
Running org.apache.storm.metric.internal.RateTrackerTest
Tests run: 4, Failures: 0, Errors: 0, Skipped: 0, Time elapsed: 0.002 sec - in org.apache.storm.metric.internal.RateTrackerTest
Running org.apache.storm.windowing.WaterMarkEventGeneratorTest
Tests run: 5, Failures: 0, Errors: 0, Skipped: 0, Time elapsed: 0.021 sec - in org.apache.storm.windowing.WaterMarkEventGeneratorTest
Running org.apache.storm.windowing.WindowManagerTest
Tests run: 10, Failures: 0, Errors: 0, Skipped: 0, Time elapsed: 0.297 sec - in org.apache.storm.windowing.WindowManagerTest
Running org.apache.storm.topology.StatefulBoltExecutorTest
Tests run: 7, Failures: 0, Errors: 0, Skipped: 0, Time elapsed: 1.394 sec - in org.apache.storm.topology.StatefulBoltExecutorTest
Running org.apache.storm.topology.StatefulWindowedBoltExecutorTest
Tests run: 4, Failures: 0, Errors: 0, Skipped: 0, Time elapsed: 0.282 sec - in org.apache.storm.topology.StatefulWindowedBoltExecutorTest
Running org.apache.storm.topology.TopologyBuilderTest
Tests run: 5, Failures: 0, Errors: 0, Skipped: 0, Time elapsed: 0.148 sec - in org.apache.storm.topology.TopologyBuilderTest
Running org.apache.storm.topology.WindowedBoltExecutorTest
Tests run: 5, Failures: 0, Errors: 0, Skipped: 0, Time elapsed: 0.309 sec - in org.apache.storm.topology.WindowedBoltExecutorTest
Running org.apache.storm.localizer.LocalizerTest
Tests run: 13, Failures: 0, Errors: 0, Skipped: 0, Time elapsed: 2.847 sec - in org.apache.storm.localizer.LocalizerTest
Running org.apache.storm.localizer.LocalizedResourceRetentionSetTest
Tests run: 2, Failures: 0, Errors: 0, Skipped: 0, Time elapsed: 0.026 sec - in org.apache.storm.localizer.LocalizedResourceRetentionSetTest
Running org.apache.storm.localizer.LocalizedResourceSetTest
Tests run: 4, Failures: 0, Errors: 0, Skipped: 0, Time elapsed: 0.006 sec - in org.apache.storm.localizer.LocalizedResourceSetTest
Running org.apache.storm.blobstore.BlobStoreTest
Tests run: 4, Failures: 0, Errors: 0, Skipped: 0, Time elapsed: 1.205 sec - in org.apache.storm.blobstore.BlobStoreTest
Running org.apache.storm.blobstore.BlobSynchronizerTest
Tests run: 4, Failures: 0, Errors: 0, Skipped: 0, Time elapsed: 1.927 sec - in org.apache.storm.blobstore.BlobSynchronizerTest
Running org.apache.storm.blobstore.ClientBlobStoreTest
Tests run: 4, Failures: 0, Errors: 0, Skipped: 0, Time elapsed: 0.001 sec - in org.apache.storm.blobstore.ClientBlobStoreTest
Running org.apache.storm.cluster.StormClusterStateImplTest
Tests run: 5, Failures: 0, Errors: 0, Skipped: 0, Time elapsed: 0.023 sec - in org.apache.storm.cluster.StormClusterStateImplTest
Running org.apache.storm.scheduler.resource.strategies.scheduling.TestDefaultResourceAwareStrategy
Tests run: 2, Failures: 0, Errors: 0, Skipped: 0, Time elapsed: 0.178 sec - in org.apache.storm.scheduler.resource.strategies.scheduling.TestDefaultResourceAwareStrategy
Running org.apache.storm.scheduler.resource.TestResourceAwareScheduler
Tests run: 14, Failures: 0, Errors: 0, Skipped: 0, Time elapsed: 3.985 sec - in org.apache.storm.scheduler.resource.TestResourceAwareScheduler
Running org.apache.storm.scheduler.resource.TestUser
Tests run: 3, Failures: 0, Errors: 0, Skipped: 0, Time elapsed: 1.398 sec - in org.apache.storm.scheduler.resource.TestUser
Running org.apache.storm.nimbus.LocalNimbusTest
Tests run: 1, Failures: 0, Errors: 0, Skipped: 0, Time elapsed: 11.006 sec - in org.apache.storm.nimbus.LocalNimbusTest
Running org.apache.storm.grouping.PartialKeyGroupingTest
Tests run: 2, Failures: 0, Errors: 0, Skipped: 0, Time elapsed: 0.04 sec - in org.apache.storm.grouping.PartialKeyGroupingTest
Running org.apache.storm.state.InMemoryKeyValueStateTest
Tests run: 2, Failures: 0, Errors: 0, Skipped: 0, Time elapsed: 0.005 sec - in org.apache.storm.state.InMemoryKeyValueStateTest
Running org.apache.storm.TestConfigValidate
Tests run: 25, Failures: 0, Errors: 0, Skipped: 0, Time elapsed: 0.332 sec - in org.apache.storm.TestConfigValidate
Running org.apache.storm.PacemakerTest
Tests run: 9, Failures: 0, Errors: 0, Skipped: 0, Time elapsed: 0.461 sec - in org.apache.storm.PacemakerTest
Running org.apache.storm.PaceMakerStateStorageFactoryTest
Tests run: 10, Failures: 0, Errors: 0, Skipped: 0, Time elapsed: 0.141 sec - in org.apache.storm.PaceMakerStateStorageFactoryTest
Running org.apache.storm.TestCgroups
Tests run: 1, Failures: 0, Errors: 0, Skipped: 1, Time elapsed: 0.006 sec - in org.apache.storm.TestCgroups

Results :

Tests run: 208, Failures: 0, Errors: 0, Skipped: 1

[INFO] 
[INFO] --- clojure-maven-plugin:1.7.1:test (test-clojure) @ storm-core ---
14219 [main] WARN  o.a.s.m.StormMetricsRegistry - Metric drpc:num-execute-http-requests has already been registered
Running org.apache.storm.trident.tuple-test
Tests run: 6, Passed: 36, Failures: 0, Errors: 0
Running org.apache.storm.security.auth.auto-login-module-test
Tests run: 6, Passed: 22, Failures: 0, Errors: 0
Running org.apache.storm.transactional-test
Tests run: 7, Passed: 110, Failures: 0, Errors: 0
Running org.apache.storm.serialization-test
Tests run: 1, Passed: 0, Failures: 0, Errors: 0
39828 [Thread-200-spout-executor[8 8]-EventThread] INFO  o.a.c.f.s.ConnectionStateManager - State change: SUSPENDED
Running org.apache.storm.utils.ZookeeperServerCnxnFactory-test
Tests run: 2, Passed: 3, Failures: 0, Errors: 0
Running org.apache.storm.security.auth.DefaultHttpCredentialsPlugin-test
Tests run: 2, Passed: 8, Failures: 0, Errors: 0
Running org.apache.storm.security.auth.drpc-auth-test
Tests run: 4, Passed: 22, Failures: 0, Errors: 0
Running org.apache.storm.versioned-store-test
Tests run: 2, Passed: 5, Failures: 0, Errors: 0
Running org.apache.storm.scheduler.multitenant-scheduler-test
Tests run: 17, Passed: 235, Failures: 0, Errors: 0
Running org.apache.storm.supervisor-test
Tests run: 20, Passed: 52, Failures: 0, Errors: 0
53146 [Thread-236] INFO  o.a.s.u.Utils - Async loop interrupted!
Running org.apache.storm.security.auth.AuthUtils-test
53146 [Thread-240] INFO  o.a.s.u.Utils - Async loop interrupted!
Tests run: 5, Passed: 6, Failures: 0, Errors: 0
Running org.apache.storm.security.auth.nimbus-auth-test
Tests run: 5, Passed: 39, Failures: 0, Errors: 0
Running integration.org.apache.storm.testing4j-test
Tests run: 8, Passed: 36, Failures: 0, Errors: 0
Running org.apache.storm.logviewer-test
Tests run: 12, Passed: 118, Failures: 0, Errors: 0
Running org.apache.storm.serialization.SerializationFactory-test
Tests run: 3, Passed: 3, Failures: 0, Errors: 0
Running org.apache.storm.trident.state-test
Tests run: 5, Passed: 37, Failures: 0, Errors: 0
Running org.apache.storm.clojure-test
Tests run: 3, Passed: 5, Failures: 0, Errors: 0
Running org.apache.storm.security.auth.ThriftServer-test
Tests run: 2, Passed: 1, Failures: 0, Errors: 0
Running org.apache.storm.drpc-test
78057 [Thread-757] INFO  o.a.s.u.Utils - Async loop interrupted!
83111 [Thread-893] INFO  o.a.s.u.Utils - Async loop interrupted!
85341 [Thread-932] INFO  o.a.s.u.Utils - Async loop interrupted!
92614 [Thread-983] INFO  o.a.s.u.Utils - Async loop interrupted!
Tests run: 9, Passed: 17, Failures: 0, Errors: 0
Running org.apache.storm.worker-test
Tests run: 8, Passed: 35, Failures: 0, Errors: 0
Running org.apache.storm.security.auth.ReqContext-test
Tests run: 3, Passed: 4, Failures: 0, Errors: 0
Running org.apache.storm.fields-test
Tests run: 2, Passed: 22, Failures: 0, Errors: 0
Running org.apache.storm.security.auth.auth-test
Tests run: 13, Passed: 94, Failures: 0, Errors: 0
Running org.apache.storm.messaging-test
Tests run: 1, Passed: 2, Failures: 0, Errors: 0
Running org.apache.storm.submitter-test
Tests run: 1, Passed: 13, Failures: 0, Errors: 0
Running integration.org.apache.storm.integration-test
Tests run: 18, Passed: 51, Failures: 0, Errors: 0
Running org.apache.storm.security.auth.authorizer.DRPCSimpleACLAuthorizer-test
Tests run: 7, Passed: 37, Failures: 0, Errors: 0
Running org.apache.storm.metrics-test
138751 [Thread-1033] INFO  o.a.s.u.Utils - Async loop interrupted!
Tests run: 8, Passed: 66, Failures: 0, Errors: 0
Running org.apache.storm.security.auth.ThriftClient-test
Tests run: 2, Passed: 4, Failures: 0, Errors: 0
Running org.apache.storm.scheduler-test
Tests run: 4, Passed: 64, Failures: 0, Errors: 0
Running org.apache.storm.security.auth.SaslTransportPlugin-test
Tests run: 2, Passed: 8, Failures: 0, Errors: 0
Running org.apache.storm.local-state-test
Tests run: 2, Passed: 10, Failures: 0, Errors: 0
Running org.apache.storm.messaging.netty-unit-test
Tests run: 5, Passed: 24, Failures: 0, Errors: 0
Running org.apache.storm.tuple-test
Tests run: 4, Passed: 13, Failures: 0, Errors: 0
Running org.apache.storm.messaging.netty-integration-test
Tests run: 1, Passed: 1, Failures: 0, Errors: 0
Running org.apache.storm.tick-tuple-test
Tests run: 1, Passed: 1, Failures: 0, Errors: 0
Running integration.org.apache.storm.trident.integration-test
Tests run: 9, Passed: 141, Failures: 0, Errors: 0
Running org.apache.storm.grouping-test
Tests run: 5, Passed: 15, Failures: 0, Errors: 0
Running org.apache.storm.security.serialization.BlowfishTupleSerializer-test
Tests run: 3, Passed: 3, Failures: 0, Errors: 0
Running org.apache.storm.nimbus-test
Tests run: 43, Passed: 789, Failures: 0, Errors: 0
Running org.apache.storm.subtopology-test
Tests run: 0, Passed: 0, Failures: 0, Errors: 0
Running org.apache.storm.cluster-test
Tests run: 10, Passed: 92, Failures: 0, Errors: 0
[INFO] 
[INFO] --- apache-rat-plugin:0.11:check (default) @ storm-core ---
[INFO] 51 implicit excludes (use -debug for more details).
[INFO] Exclude: **/target/**
[INFO] Exclude: **/*.iml
[INFO] Exclude: **/.idea/**
[INFO] Exclude: **/metastore_db/**
[INFO] Exclude: **/build/**
[INFO] Exclude: **/logs/**
[INFO] Exclude: **/CHANGELOG.md
[INFO] Exclude: **/README.md
[INFO] Exclude: **/README.markdown
[INFO] Exclude: **/DEVELOPER.md
[INFO] Exclude: **/BYLAWS.md
[INFO] Exclude: **/STORM-UI-REST-API.md
[INFO] Exclude: SECURITY.md
[INFO] Exclude: VERSION
[INFO] Exclude: TODO
[INFO] Exclude: **/src/py/**
[INFO] Exclude: **/src/ui/public/js/jquery.dataTables.1.10.4.min.js
[INFO] Exclude: **/src/ui/public/css/jquery.dataTables.1.10.4.min.css
[INFO] Exclude: **/src/ui/public/images/*
[INFO] Exclude: **/src/ui/public/js/bootstrap-3.3.1.min.js
[INFO] Exclude: **/src/ui/public/css/bootstrap-3.3.1.min.css
[INFO] Exclude: **/src/ui/public/js/dataTables.bootstrap.min.js
[INFO] Exclude: **/src/ui/public/css/dataTables.bootstrap.css
[INFO] Exclude: **/src/ui/public/js/jsonFormatter.min.js
[INFO] Exclude: **/src/ui/public/css/jsonFormatter.min.css
[INFO] Exclude: **/src/ui/public/js/jquery-1.11.1.min.js
[INFO] Exclude: **/src/ui/public/js/jquery.cookies.2.2.0.min.js
[INFO] Exclude: **/src/ui/public/js/moment.min.js
[INFO] Exclude: **/src/ui/public/js/jquery.blockUI.min.js
[INFO] Exclude: **/src/ui/public/js/url.min.js
[INFO] Exclude: **/src/ui/public/js/arbor.js
[INFO] Exclude: **/src/ui/public/js/arbor-graphics.js
[INFO] Exclude: **/src/ui/public/js/arbor-tween.js
[INFO] Exclude: **/src/ui/public/js/jquery.mustache.js
[INFO] Exclude: **/src/ui/public/js/typeahead.jquery.min.js
[INFO] Exclude: **/dependency-reduced-pom.xml
[INFO] Exclude: **/docs/**
[INFO] Exclude: **/.git/**
[INFO] Exclude: **/derby.log
[INFO] Exclude: **/src/dev/**
[INFO] Exclude: **/src/codegen/config.fmpp
[INFO] Exclude: **/src/codegen/data/Parser.tdd
[INFO] Exclude: **/src/test/resources/FixedAvroSerializer.config
[INFO] 1069 resources included (use -debug for more details)
Warning:  org.apache.xerces.jaxp.SAXParserImpl$JAXPSAXParser: Property 'http://www.oracle.com/xml/jaxp/properties/entityExpansionLimit' is not recognized.
Compiler warnings:
  WARNING:  'org.apache.xerces.jaxp.SAXParserImpl: Property 'http://javax.xml.XMLConstants/property/accessExternalDTD' is not recognized.'
Warning:  org.apache.xerces.parsers.SAXParser: Feature 'http://javax.xml.XMLConstants/feature/secure-processing' is not recognized.
Warning:  org.apache.xerces.parsers.SAXParser: Property 'http://javax.xml.XMLConstants/property/accessExternalDTD' is not recognized.
Warning:  org.apache.xerces.parsers.SAXParser: Property 'http://www.oracle.com/xml/jaxp/properties/entityExpansionLimit' is not recognized.
[INFO] Rat check: Summary of files. Unapproved: 0 unknown: 0 generated: 0 approved: 1063 licence.
[INFO] 
[INFO] --- make-maven-plugin:1.0-beta-1:test (test) @ storm-core ---
[INFO] /bin/sh: 14: /home/travis/.jdk_switcher_rc: [[: not found
[INFO] /bin/sh: 22: /home/travis/.jdk_switcher_rc: [[: not found
[INFO] /bin/sh: 32: /home/travis/.jdk_switcher_rc: [[: not found
[INFO] /bin/sh: 42: /home/travis/.jdk_switcher_rc: [[: not found
[INFO] /bin/sh: 3: /etc/profile.d/rvm.sh: [[: not found
[INFO] make  test-worker-launcher
[INFO] make[1]: Entering directory `/home/travis/build/apache/storm/storm-core/target/native/worker-launcher'
[INFO] make[1]: `test-worker-launcher' is up to date.
[INFO] make[1]: Leaving directory `/home/travis/build/apache/storm/storm-core/target/native/worker-launcher'
[INFO] make  check-TESTS
[INFO] make[1]: Entering directory `/home/travis/build/apache/storm/storm-core/target/native/worker-launcher'
[INFO] chmod: cannot access `/tmp/test-worker-launcher': No such file or directory
[INFO] File /tmp/test-worker-launcher must be owned by root, but is owned by 1000
[INFO] 
[INFO] Starting tests
[INFO] 
[INFO] Testing get_container_launcher_file()
[INFO] 
[INFO] Testing check_configuration_permissions()
[INFO] 
[INFO] Testing check_configuration_permissions
[INFO] 
[INFO] Testing check_user()
[INFO] 
[INFO] Testing test_check_user
[INFO] Requested user lp has id 7, which is below the minimum allowed 1000
[INFO] Running as root is not allowed
[INFO] 
[INFO] Running test test_signal_container in child process
[INFO] 
[INFO] Testing signal_container
[INFO] Child container launched as 21283
[INFO] Killing process 21283 with 3
[INFO] 
[INFO] Running test test_signal_container_group in child process
[INFO] 
[INFO] Testing group signal_container
[INFO] Child container launched as 21285
[INFO] Killing process 21285 with 9
[INFO] 
[INFO] Finished tests
[INFO] PASS: test-worker-launcher
[INFO] =============
[INFO] 1 test passed
[INFO] =============
[INFO] make[1]: Leaving directory `/home/travis/build/apache/storm/storm-core/target/native/worker-launcher'
[INFO] ------------------------------------------------------------------------
[INFO] BUILD SUCCESS
[INFO] ------------------------------------------------------------------------
[INFO] Total time: 05:37 min
[INFO] Finished at: 2016-06-07T09:41:47+00:00
[INFO] Final Memory: 46M/386M
[INFO] ------------------------------------------------------------------------
Looking for errors in ./storm-core/target/surefire-reports
Checking ./storm-core/target/surefire-reports/TEST-org.apache.storm.spout.CheckpointSpoutTest.xml
Checking ./storm-core/target/surefire-reports/TEST-org.apache.storm.utils.TimeTest.xml
Checking ./storm-core/target/surefire-reports/TEST-org.apache.storm.utils.WorkerBackpressureThreadTest.xml
Checking ./storm-core/target/surefire-reports/TEST-org.apache.storm.utils.DisruptorQueueTest.xml
Checking ./storm-core/target/surefire-reports/TEST-org.apache.storm.utils.UtilsTest.xml
Checking ./storm-core/target/surefire-reports/TEST-org.apache.storm.utils.DisruptorQueueBackpressureTest.xml
Checking ./storm-core/target/surefire-reports/TEST-org.apache.storm.utils.ThriftTopologyUtilsTest.xml
Checking ./storm-core/target/surefire-reports/TEST-org.apache.storm.utils.ShellBoltMessageQueueTest.xml
Checking ./storm-core/target/surefire-reports/TEST-org.apache.storm.utils.StormBoundedExponentialBackoffRetryTest.xml
Checking ./storm-core/target/surefire-reports/TEST-org.apache.storm.command.TestCLI.xml
Checking ./storm-core/target/surefire-reports/TEST-org.apache.storm.command.RebalanceTest.xml
Checking ./storm-core/target/surefire-reports/TEST-org.apache.storm.command.SetLogLevelTest.xml
Checking ./storm-core/target/surefire-reports/TEST-org.apache.storm.serialization.ThriftBridgeSerializationDelegateTest.xml
Checking ./storm-core/target/surefire-reports/TEST-org.apache.storm.serialization.GzipBridgeSerializationDelegateTest.xml
Checking ./storm-core/target/surefire-reports/TEST-org.apache.storm.serialization.GzipBridgeThriftSerializationDelegateTest.xml
Checking ./storm-core/target/surefire-reports/TEST-org.apache.storm.serialization.SerializationTest.xml
Checking ./storm-core/target/surefire-reports/TEST-org.apache.storm.trident.TridentWindowingTest.xml
Checking ./storm-core/target/surefire-reports/TEST-org.apache.storm.trident.TestTridentTopology.xml
Checking ./storm-core/target/surefire-reports/TEST-org.apache.storm.metric.internal.LatencyStatAndMetricTest.xml
Checking ./storm-core/target/surefire-reports/TEST-org.apache.storm.metric.internal.CountStatAndMetricTest.xml
Checking ./storm-core/target/surefire-reports/TEST-org.apache.storm.metric.internal.RateTrackerTest.xml
Checking ./storm-core/target/surefire-reports/TEST-org.apache.storm.windowing.WaterMarkEventGeneratorTest.xml
Checking ./storm-core/target/surefire-reports/TEST-org.apache.storm.windowing.WindowManagerTest.xml
Checking ./storm-core/target/surefire-reports/TEST-org.apache.storm.topology.StatefulBoltExecutorTest.xml
Checking ./storm-core/target/surefire-reports/TEST-org.apache.storm.topology.StatefulWindowedBoltExecutorTest.xml
Checking ./storm-core/target/surefire-reports/TEST-org.apache.storm.topology.TopologyBuilderTest.xml
Checking ./storm-core/target/surefire-reports/TEST-org.apache.storm.topology.WindowedBoltExecutorTest.xml
Checking ./storm-core/target/surefire-reports/TEST-org.apache.storm.localizer.LocalizerTest.xml
Checking ./storm-core/target/surefire-reports/TEST-org.apache.storm.localizer.LocalizedResourceRetentionSetTest.xml
Checking ./storm-core/target/surefire-reports/TEST-org.apache.storm.localizer.LocalizedResourceSetTest.xml
Checking ./storm-core/target/surefire-reports/TEST-org.apache.storm.blobstore.BlobStoreTest.xml
Checking ./storm-core/target/surefire-reports/TEST-org.apache.storm.blobstore.BlobSynchronizerTest.xml
Checking ./storm-core/target/surefire-reports/TEST-org.apache.storm.blobstore.ClientBlobStoreTest.xml
Checking ./storm-core/target/surefire-reports/TEST-org.apache.storm.cluster.StormClusterStateImplTest.xml
Checking ./storm-core/target/surefire-reports/TEST-org.apache.storm.scheduler.resource.strategies.scheduling.TestDefaultResourceAwareStrategy.xml
Checking ./storm-core/target/surefire-reports/TEST-org.apache.storm.scheduler.resource.TestResourceAwareScheduler.xml
Checking ./storm-core/target/surefire-reports/TEST-org.apache.storm.scheduler.resource.TestUser.xml
Checking ./storm-core/target/surefire-reports/TEST-org.apache.storm.nimbus.LocalNimbusTest.xml
Checking ./storm-core/target/surefire-reports/TEST-org.apache.storm.grouping.PartialKeyGroupingTest.xml
Checking ./storm-core/target/surefire-reports/TEST-org.apache.storm.state.InMemoryKeyValueStateTest.xml
Checking ./storm-core/target/surefire-reports/TEST-org.apache.storm.TestConfigValidate.xml
Checking ./storm-core/target/surefire-reports/TEST-org.apache.storm.PacemakerTest.xml
Checking ./storm-core/target/surefire-reports/TEST-org.apache.storm.PaceMakerStateStorageFactoryTest.xml
Checking ./storm-core/target/surefire-reports/TEST-org.apache.storm.TestCgroups.xml
Looking for errors in ./storm-core/target/test-reports
Checking ./storm-core/target/test-reports/org.apache.storm.trident.tuple-test.xml
Checking ./storm-core/target/test-reports/org.apache.storm.security.auth.auto-login-module-test.xml
Checking ./storm-core/target/test-reports/org.apache.storm.transactional-test.xml
Checking ./storm-core/target/test-reports/org.apache.storm.serialization-test.xml
Checking ./storm-core/target/test-reports/org.apache.storm.utils.ZookeeperServerCnxnFactory-test.xml
Checking ./storm-core/target/test-reports/org.apache.storm.security.auth.DefaultHttpCredentialsPlugin-test.xml
Checking ./storm-core/target/test-reports/org.apache.storm.security.auth.drpc-auth-test.xml
Checking ./storm-core/target/test-reports/org.apache.storm.versioned-store-test.xml
Checking ./storm-core/target/test-reports/org.apache.storm.scheduler.multitenant-scheduler-test.xml
Checking ./storm-core/target/test-reports/org.apache.storm.supervisor-test.xml
Checking ./storm-core/target/test-reports/org.apache.storm.security.auth.AuthUtils-test.xml
Checking ./storm-core/target/test-reports/org.apache.storm.security.auth.nimbus-auth-test.xml
Checking ./storm-core/target/test-reports/integration.org.apache.storm.testing4j-test.xml
Checking ./storm-core/target/test-reports/org.apache.storm.logviewer-test.xml
Checking ./storm-core/target/test-reports/org.apache.storm.serialization.SerializationFactory-test.xml
Checking ./storm-core/target/test-reports/org.apache.storm.trident.state-test.xml
Checking ./storm-core/target/test-reports/org.apache.storm.clojure-test.xml
Checking ./storm-core/target/test-reports/org.apache.storm.security.auth.ThriftServer-test.xml
Checking ./storm-core/target/test-reports/org.apache.storm.drpc-test.xml
Checking ./storm-core/target/test-reports/org.apache.storm.worker-test.xml
Checking ./storm-core/target/test-reports/org.apache.storm.security.auth.ReqContext-test.xml
Checking ./storm-core/target/test-reports/org.apache.storm.fields-test.xml
Checking ./storm-core/target/test-reports/org.apache.storm.security.auth.auth-test.xml
Checking ./storm-core/target/test-reports/org.apache.storm.messaging-test.xml
Checking ./storm-core/target/test-reports/org.apache.storm.submitter-test.xml
Checking ./storm-core/target/test-reports/integration.org.apache.storm.integration-test.xml
Checking ./storm-core/target/test-reports/org.apache.storm.security.auth.authorizer.DRPCSimpleACLAuthorizer-test.xml
Checking ./storm-core/target/test-reports/org.apache.storm.metrics-test.xml
Checking ./storm-core/target/test-reports/org.apache.storm.security.auth.ThriftClient-test.xml
Checking ./storm-core/target/test-reports/org.apache.storm.scheduler-test.xml
Checking ./storm-core/target/test-reports/org.apache.storm.security.auth.SaslTransportPlugin-test.xml
Checking ./storm-core/target/test-reports/org.apache.storm.local-state-test.xml
Checking ./storm-core/target/test-reports/org.apache.storm.messaging.netty-unit-test.xml
Checking ./storm-core/target/test-reports/org.apache.storm.tuple-test.xml
Checking ./storm-core/target/test-reports/org.apache.storm.messaging.netty-integration-test.xml
Checking ./storm-core/target/test-reports/org.apache.storm.tick-tuple-test.xml
Checking ./storm-core/target/test-reports/integration.org.apache.storm.trident.integration-test.xml
Checking ./storm-core/target/test-reports/org.apache.storm.grouping-test.xml
Checking ./storm-core/target/test-reports/org.apache.storm.security.serialization.BlowfishTupleSerializer-test.xml
Checking ./storm-core/target/test-reports/org.apache.storm.nimbus-test.xml
Checking ./storm-core/target/test-reports/org.apache.storm.subtopology-test.xml
Checking ./storm-core/target/test-reports/org.apache.storm.cluster-test.xml

travis_time:end:0a528ad4:start=1465292167548253391,finish=1465292509336302907,duration=341788049516[0K
[32;1mThe command "/bin/bash ./dev-tools/travis/travis-script.sh `pwd` $MODULES" exited with 0.[0m
travis_fold:start:cache.2[0Kstore build cache
travis_time:start:0644098e[0K
travis_time:end:0644098e:start=1465292509340596180,finish=1465292509343995031,duration=3398851[0Ktravis_time:start:055983a0[0K[32;1mchange detected (content changed, file is created, or file is deleted):
/home/travis/.m2/repository/eigenbase/eigenbase-properties/1.1.4/eigenbase-properties-1.1.4.pom.lastUpdated
/home/travis/.m2/repository/io/confluent/kafka-avro-serializer/1.0/kafka-avro-serializer-1.0.pom.lastUpdated
/home/travis/.m2/repository/io/confluent/kafka-schema-registry-client/1.0/kafka-schema-registry-client-1.0.pom.lastUpdated
/home/travis/.m2/repository/net/hydromatic/linq4j/0.4/linq4j-0.4.pom.lastUpdated
/home/travis/.m2/repository/net/hydromatic/quidem/0.1.1/quidem-0.1.1.pom.lastUpdated
/home/travis/.m2/repository/org/apache/storm/flux/2.0.0-SNAPSHOT/maven-metadata-local.xml
/home/travis/.m2/repository/org/apache/storm/flux/2.0.0-SNAPSHOT/_remote.repositories
/home/travis/.m2/repository/org/apache/storm/flux-core/2.0.0-SNAPSHOT/flux-core-2.0.0-SNAPSHOT.jar
/home/travis/.m2/repository/org/apache/storm/flux-core/2.0.0-SNAPSHOT/maven-metadata-local.xml
/home/travis/.m2/repository/org/apache/storm/flux-core/2.0.0-SNAPSHOT/_remote.repositories
/home/travis/.m2/repository/org/ap
[0m
[32;1m...
[0m
[32;1mchanges detected, packing new archive[0m
.
.
.
.
.
.
.
[32;1muploading archive[0m

travis_time:end:055983a0:start=1465292509347961814,finish=1465292569709567323,duration=60361605509[0Ktravis_fold:end:cache.2[0K
Done. Your build exited with 0.
