Using worker: worker-linux-docker-e871a810.prod.travis-ci.org:travis-linux-6

travis_fold:start:system_info[0K[33;1mBuild system information[0m
Build language: java
Build group: stable
Build dist: precise
[34m[1mBuild image provisioning date and time[0m
Thu Feb  5 15:09:33 UTC 2015
[34m[1mOperating System Details[0m
Distributor ID:	Ubuntu
Description:	Ubuntu 12.04.5 LTS
Release:	12.04
Codename:	precise
[34m[1mLinux Version[0m
3.13.0-29-generic
[34m[1mCookbooks Version[0m
a68419e https://github.com/travis-ci/travis-cookbooks/tree/a68419e
[34m[1mGCC version[0m
gcc (Ubuntu/Linaro 4.6.3-1ubuntu5) 4.6.3
Copyright (C) 2011 Free Software Foundation, Inc.
This is free software; see the source for copying conditions.  There is NO
warranty; not even for MERCHANTABILITY or FITNESS FOR A PARTICULAR PURPOSE.

[34m[1mLLVM version[0m
clang version 3.4 (tags/RELEASE_34/final)
Target: x86_64-unknown-linux-gnu
Thread model: posix
[34m[1mPre-installed Ruby versions[0m
ruby-1.9.3-p551
[34m[1mPre-installed Node.js versions[0m
v0.10.36
[34m[1mPre-installed Go versions[0m
1.4.1
[34m[1mRedis version[0m
redis-server 2.8.19
[34m[1mriak version[0m
2.0.2
[34m[1mMongoDB version[0m
MongoDB 2.4.12
[34m[1mCouchDB version[0m
couchdb 1.6.1
[34m[1mNeo4j version[0m
1.9.4
[34m[1mRabbitMQ Version[0m
3.4.3
[34m[1mElasticSearch version[0m
1.4.0
[34m[1mInstalled Sphinx versions[0m
2.0.10
2.1.9
2.2.6
[34m[1mDefault Sphinx version[0m
2.2.6
[34m[1mInstalled Firefox version[0m
firefox 31.0esr
[34m[1mPhantomJS version[0m
1.9.8
[34m[1mant -version[0m
Apache Ant(TM) version 1.8.2 compiled on December 3 2011
[34m[1mmvn -version[0m
Apache Maven 3.2.5 (12a6b3acb947671f09b81f49094c53f426d8cea1; 2014-12-14T17:29:23+00:00)
Maven home: /usr/local/maven
Java version: 1.7.0_76, vendor: Oracle Corporation
Java home: /usr/lib/jvm/java-7-oracle/jre
Default locale: en_US, platform encoding: ANSI_X3.4-1968
OS name: "linux", version: "3.13.0-29-generic", arch: "amd64", family: "unix"
travis_fold:end:system_info[0K
travis_fold:start:fix.CVE-2015-7547[0K$ export DEBIAN_FRONTEND=noninteractive
W: Size of file /var/lib/apt/lists/us.archive.ubuntu.com_ubuntu_dists_precise-backports_multiverse_source_Sources.gz is not what the server reported 5886 5888
W: Size of file /var/lib/apt/lists/ppa.launchpad.net_ubuntugis_ppa_ubuntu_dists_precise_main_binary-amd64_Packages.gz is not what the server reported 36669 36677
W: Size of file /var/lib/apt/lists/ppa.launchpad.net_ubuntugis_ppa_ubuntu_dists_precise_main_binary-i386_Packages.gz is not what the server reported 36729 36733
Reading package lists...
Building dependency tree...
Reading state information...
The following extra packages will be installed:
  libc-bin libc-dev-bin libc6-dev
Suggested packages:
  glibc-doc
The following packages will be upgraded:
  libc-bin libc-dev-bin libc6 libc6-dev
4 upgraded, 0 newly installed, 0 to remove and 246 not upgraded.
Need to get 8,840 kB of archives.
After this operation, 14.3 kB disk space will be freed.
Get:1 http://us.archive.ubuntu.com/ubuntu/ precise-updates/main libc6-dev amd64 2.15-0ubuntu10.15 [2,943 kB]
Get:2 http://us.archive.ubuntu.com/ubuntu/ precise-updates/main libc-dev-bin amd64 2.15-0ubuntu10.15 [84.7 kB]
Get:3 http://us.archive.ubuntu.com/ubuntu/ precise-updates/main libc-bin amd64 2.15-0ubuntu10.15 [1,177 kB]
Get:4 http://us.archive.ubuntu.com/ubuntu/ precise-updates/main libc6 amd64 2.15-0ubuntu10.15 [4,636 kB]
Fetched 8,840 kB in 0s (33.6 MB/s)
Preconfiguring packages ...
(Reading database ... (Reading database ... 5%(Reading database ... 10%(Reading database ... 15%(Reading database ... 20%(Reading database ... 25%(Reading database ... 30%(Reading database ... 35%(Reading database ... 40%(Reading database ... 45%(Reading database ... 50%(Reading database ... 55%(Reading database ... 60%(Reading database ... 65%(Reading database ... 70%(Reading database ... 75%(Reading database ... 80%(Reading database ... 85%(Reading database ... 90%(Reading database ... 95%(Reading database ... 100%(Reading database ... 72019 files and directories currently installed.)
Preparing to replace libc6-dev 2.15-0ubuntu10.10 (using .../libc6-dev_2.15-0ubuntu10.15_amd64.deb) ...
Unpacking replacement libc6-dev ...
Preparing to replace libc-dev-bin 2.15-0ubuntu10.10 (using .../libc-dev-bin_2.15-0ubuntu10.15_amd64.deb) ...
Unpacking replacement libc-dev-bin ...
Preparing to replace libc-bin 2.15-0ubuntu10.10 (using .../libc-bin_2.15-0ubuntu10.15_amd64.deb) ...
Unpacking replacement libc-bin ...
Processing triggers for man-db ...
Setting up libc-bin (2.15-0ubuntu10.15) ...
(Reading database ... (Reading database ... 5%(Reading database ... 10%(Reading database ... 15%(Reading database ... 20%(Reading database ... 25%(Reading database ... 30%(Reading database ... 35%(Reading database ... 40%(Reading database ... 45%(Reading database ... 50%(Reading database ... 55%(Reading database ... 60%(Reading database ... 65%(Reading database ... 70%(Reading database ... 75%(Reading database ... 80%(Reading database ... 85%(Reading database ... 90%(Reading database ... 95%(Reading database ... 100%(Reading database ... 72018 files and directories currently installed.)
Preparing to replace libc6 2.15-0ubuntu10.10 (using .../libc6_2.15-0ubuntu10.15_amd64.deb) ...
Unpacking replacement libc6 ...
Setting up libc6 (2.15-0ubuntu10.15) ...
Setting up libc-dev-bin (2.15-0ubuntu10.15) ...
Setting up libc6-dev (2.15-0ubuntu10.15) ...
Processing triggers for libc-bin ...
ldconfig deferred processing now taking place
travis_fold:end:fix.CVE-2015-7547[0Ktravis_fold:start:git.checkout[0Ktravis_time:start:1acd4dfc[0K$ git clone --depth=50 https://github.com/apache/storm.git apache/storm
Cloning into 'apache/storm'...
remote: Counting objects: 21634, done.[K
remote: Compressing objects:   0% (1/8613)   [Kremote: Compressing objects:   1% (87/8613)   [Kremote: Compressing objects:   2% (173/8613)   [Kremote: Compressing objects:   3% (259/8613)   [Kremote: Compressing objects:   4% (345/8613)   [Kremote: Compressing objects:   5% (431/8613)   [Kremote: Compressing objects:   6% (517/8613)   [Kremote: Compressing objects:   7% (603/8613)   [Kremote: Compressing objects:   8% (690/8613)   [Kremote: Compressing objects:   9% (776/8613)   [Kremote: Compressing objects:  10% (862/8613)   [Kremote: Compressing objects:  11% (948/8613)   [Kremote: Compressing objects:  12% (1034/8613)   [Kremote: Compressing objects:  13% (1120/8613)   [Kremote: Compressing objects:  14% (1206/8613)   [Kremote: Compressing objects:  15% (1292/8613)   [Kremote: Compressing objects:  16% (1379/8613)   [Kremote: Compressing objects:  17% (1465/8613)   [Kremote: Compressing objects:  18% (1551/8613)   [Kremote: Compressing objects:  19% (1637/8613)   [Kremote: Compressing objects:  20% (1723/8613)   [Kremote: Compressing objects:  21% (1809/8613)   [Kremote: Compressing objects:  22% (1895/8613)   [Kremote: Compressing objects:  23% (1981/8613)   [Kremote: Compressing objects:  24% (2068/8613)   [Kremote: Compressing objects:  25% (2154/8613)   [Kremote: Compressing objects:  26% (2240/8613)   [Kremote: Compressing objects:  27% (2326/8613)   [Kremote: Compressing objects:  28% (2412/8613)   [Kremote: Compressing objects:  29% (2498/8613)   [Kremote: Compressing objects:  30% (2584/8613)   [Kremote: Compressing objects:  31% (2671/8613)   [Kremote: Compressing objects:  32% (2757/8613)   [Kremote: Compressing objects:  33% (2843/8613)   [Kremote: Compressing objects:  34% (2929/8613)   [Kremote: Compressing objects:  35% (3015/8613)   [Kremote: Compressing objects:  36% (3101/8613)   [Kremote: Compressing objects:  37% (3187/8613)   [Kremote: Compressing objects:  38% (3273/8613)   [Kremote: Compressing objects:  39% (3360/8613)   [Kremote: Compressing objects:  40% (3446/8613)   [Kremote: Compressing objects:  41% (3532/8613)   [Kremote: Compressing objects:  42% (3618/8613)   [Kremote: Compressing objects:  43% (3704/8613)   [Kremote: Compressing objects:  44% (3790/8613)   [Kremote: Compressing objects:  45% (3876/8613)   [Kremote: Compressing objects:  46% (3962/8613)   [Kremote: Compressing objects:  47% (4049/8613)   [Kremote: Compressing objects:  48% (4135/8613)   [Kremote: Compressing objects:  49% (4221/8613)   [Kremote: Compressing objects:  50% (4307/8613)   [Kremote: Compressing objects:  51% (4393/8613)   [Kremote: Compressing objects:  52% (4479/8613)   [Kremote: Compressing objects:  53% (4565/8613)   [Kremote: Compressing objects:  54% (4652/8613)   [Kremote: Compressing objects:  55% (4738/8613)   [Kremote: Compressing objects:  56% (4824/8613)   [Kremote: Compressing objects:  57% (4910/8613)   [Kremote: Compressing objects:  58% (4996/8613)   [Kremote: Compressing objects:  59% (5082/8613)   [Kremote: Compressing objects:  60% (5168/8613)   [Kremote: Compressing objects:  61% (5254/8613)   [Kremote: Compressing objects:  62% (5341/8613)   [Kremote: Compressing objects:  63% (5427/8613)   [Kremote: Compressing objects:  64% (5513/8613)   [Kremote: Compressing objects:  65% (5599/8613)   [Kremote: Compressing objects:  66% (5685/8613)   [Kremote: Compressing objects:  67% (5771/8613)   [Kremote: Compressing objects:  68% (5857/8613)   [Kremote: Compressing objects:  69% (5943/8613)   [Kremote: Compressing objects:  70% (6030/8613)   [Kremote: Compressing objects:  71% (6116/8613)   [Kremote: Compressing objects:  72% (6202/8613)   [Kremote: Compressing objects:  73% (6288/8613)   [Kremote: Compressing objects:  74% (6374/8613)   [Kremote: Compressing objects:  75% (6460/8613)   [Kremote: Compressing objects:  76% (6546/8613)   [Kremote: Compressing objects:  77% (6633/8613)   [Kremote: Compressing objects:  78% (6719/8613)   [Kremote: Compressing objects:  79% (6805/8613)   [Kremote: Compressing objects:  80% (6891/8613)   [Kremote: Compressing objects:  81% (6977/8613)   [Kremote: Compressing objects:  82% (7063/8613)   [Kremote: Compressing objects:  83% (7149/8613)   [Kremote: Compressing objects:  84% (7235/8613)   [Kremote: Compressing objects:  85% (7322/8613)   [Kremote: Compressing objects:  86% (7408/8613)   [Kremote: Compressing objects:  87% (7494/8613)   [Kremote: Compressing objects:  88% (7580/8613)   [Kremote: Compressing objects:  89% (7666/8613)   [Kremote: Compressing objects:  90% (7752/8613)   [Kremote: Compressing objects:  91% (7838/8613)   [Kremote: Compressing objects:  92% (7924/8613)   [Kremote: Compressing objects:  93% (8011/8613)   [Kremote: Compressing objects:  94% (8097/8613)   [Kremote: Compressing objects:  95% (8183/8613)   [Kremote: Compressing objects:  96% (8269/8613)   [Kremote: Compressing objects:  97% (8355/8613)   [Kremote: Compressing objects:  98% (8441/8613)   [Kremote: Compressing objects:  99% (8527/8613)   [Kremote: Compressing objects: 100% (8613/8613)   [Kremote: Compressing objects: 100% (8613/8613), done.[K
Receiving objects:   0% (1/21634)   Receiving objects:   1% (217/21634)   Receiving objects:   2% (433/21634)   Receiving objects:   3% (650/21634)   Receiving objects:   4% (866/21634)   Receiving objects:   5% (1082/21634)   Receiving objects:   6% (1299/21634)   Receiving objects:   7% (1515/21634)   Receiving objects:   8% (1731/21634)   Receiving objects:   9% (1948/21634)   Receiving objects:  10% (2164/21634)   Receiving objects:  11% (2380/21634)   Receiving objects:  12% (2597/21634)   Receiving objects:  13% (2813/21634)   Receiving objects:  14% (3029/21634)   Receiving objects:  15% (3246/21634)   Receiving objects:  16% (3462/21634)   Receiving objects:  17% (3678/21634)   Receiving objects:  18% (3895/21634)   Receiving objects:  19% (4111/21634)   Receiving objects:  20% (4327/21634)   Receiving objects:  21% (4544/21634)   Receiving objects:  22% (4760/21634)   Receiving objects:  23% (4976/21634)   Receiving objects:  24% (5193/21634)   Receiving objects:  25% (5409/21634)   Receiving objects:  26% (5625/21634)   Receiving objects:  27% (5842/21634)   Receiving objects:  28% (6058/21634)   Receiving objects:  29% (6274/21634)   Receiving objects:  30% (6491/21634)   Receiving objects:  31% (6707/21634)   Receiving objects:  32% (6923/21634)   Receiving objects:  33% (7140/21634)   Receiving objects:  34% (7356/21634)   Receiving objects:  35% (7572/21634)   Receiving objects:  36% (7789/21634)   Receiving objects:  37% (8005/21634)   Receiving objects:  38% (8221/21634)   Receiving objects:  39% (8438/21634)   Receiving objects:  40% (8654/21634)   Receiving objects:  41% (8870/21634)   Receiving objects:  42% (9087/21634)   Receiving objects:  43% (9303/21634)   Receiving objects:  44% (9519/21634)   Receiving objects:  45% (9736/21634)   Receiving objects:  46% (9952/21634)   Receiving objects:  47% (10168/21634)   Receiving objects:  48% (10385/21634)   Receiving objects:  49% (10601/21634)   Receiving objects:  50% (10817/21634)   Receiving objects:  51% (11034/21634)   Receiving objects:  52% (11250/21634)   Receiving objects:  53% (11467/21634)   Receiving objects:  54% (11683/21634)   Receiving objects:  55% (11899/21634)   Receiving objects:  56% (12116/21634)   Receiving objects:  57% (12332/21634)   Receiving objects:  58% (12548/21634)   Receiving objects:  59% (12765/21634)   Receiving objects:  60% (12981/21634)   Receiving objects:  61% (13197/21634)   Receiving objects:  62% (13414/21634)   Receiving objects:  63% (13630/21634)   Receiving objects:  64% (13846/21634)   Receiving objects:  65% (14063/21634)   Receiving objects:  66% (14279/21634)   Receiving objects:  67% (14495/21634)   Receiving objects:  68% (14712/21634)   Receiving objects:  69% (14928/21634)   Receiving objects:  70% (15144/21634)   Receiving objects:  71% (15361/21634)   Receiving objects:  72% (15577/21634)   Receiving objects:  73% (15793/21634)   Receiving objects:  74% (16010/21634)   Receiving objects:  75% (16226/21634), 14.07 MiB | 28.08 MiB/s   Receiving objects:  76% (16442/21634), 14.07 MiB | 28.08 MiB/s   Receiving objects:  77% (16659/21634), 14.07 MiB | 28.08 MiB/s   Receiving objects:  78% (16875/21634), 14.07 MiB | 28.08 MiB/s   Receiving objects:  79% (17091/21634), 14.07 MiB | 28.08 MiB/s   Receiving objects:  80% (17308/21634), 14.07 MiB | 28.08 MiB/s   Receiving objects:  81% (17524/21634), 14.07 MiB | 28.08 MiB/s   Receiving objects:  82% (17740/21634), 14.07 MiB | 28.08 MiB/s   Receiving objects:  83% (17957/21634), 14.07 MiB | 28.08 MiB/s   Receiving objects:  84% (18173/21634), 14.07 MiB | 28.08 MiB/s   Receiving objects:  85% (18389/21634), 14.07 MiB | 28.08 MiB/s   Receiving objects:  86% (18606/21634), 14.07 MiB | 28.08 MiB/s   Receiving objects:  87% (18822/21634), 14.07 MiB | 28.08 MiB/s   Receiving objects:  88% (19038/21634), 14.07 MiB | 28.08 MiB/s   Receiving objects:  89% (19255/21634), 14.07 MiB | 28.08 MiB/s   Receiving objects:  90% (19471/21634), 14.07 MiB | 28.08 MiB/s   Receiving objects:  91% (19687/21634), 14.07 MiB | 28.08 MiB/s   Receiving objects:  92% (19904/21634), 14.07 MiB | 28.08 MiB/s   Receiving objects:  93% (20120/21634), 14.07 MiB | 28.08 MiB/s   Receiving objects:  94% (20336/21634), 14.07 MiB | 28.08 MiB/s   Receiving objects:  95% (20553/21634), 14.07 MiB | 28.08 MiB/s   Receiving objects:  96% (20769/21634), 14.07 MiB | 28.08 MiB/s   Receiving objects:  97% (20985/21634), 14.07 MiB | 28.08 MiB/s   Receiving objects:  98% (21202/21634), 14.07 MiB | 28.08 MiB/s   Receiving objects:  99% (21418/21634), 14.07 MiB | 28.08 MiB/s   remote: Total 21634 (delta 10697), reused 18673 (delta 8269), pack-reused 0[K
Receiving objects: 100% (21634/21634), 14.07 MiB | 28.08 MiB/s   Receiving objects: 100% (21634/21634), 17.41 MiB | 28.08 MiB/s, done.
Resolving deltas:   0% (0/10697)   Resolving deltas:   1% (212/10697)   Resolving deltas:   2% (219/10697)   Resolving deltas:   3% (333/10697)   Resolving deltas:   4% (435/10697)   Resolving deltas:   5% (535/10697)   Resolving deltas:   6% (643/10697)   Resolving deltas:   7% (823/10697)   Resolving deltas:   8% (857/10697)   Resolving deltas:   9% (975/10697)   Resolving deltas:  10% (1104/10697)   Resolving deltas:  11% (1188/10697)   Resolving deltas:  12% (1285/10697)   Resolving deltas:  13% (1397/10697)   Resolving deltas:  14% (1503/10697)   Resolving deltas:  15% (1621/10697)   Resolving deltas:  16% (1712/10697)   Resolving deltas:  17% (1819/10697)   Resolving deltas:  18% (1927/10697)   Resolving deltas:  19% (2033/10697)   Resolving deltas:  20% (2146/10697)   Resolving deltas:  21% (2250/10697)   Resolving deltas:  22% (2354/10697)   Resolving deltas:  23% (2461/10697)   Resolving deltas:  24% (2576/10697)   Resolving deltas:  25% (2675/10697)   Resolving deltas:  26% (2791/10697)   Resolving deltas:  27% (2889/10697)   Resolving deltas:  30% (3238/10697)   Resolving deltas:  31% (3328/10697)   Resolving deltas:  32% (3424/10697)   Resolving deltas:  33% (3532/10697)   Resolving deltas:  34% (3650/10697)   Resolving deltas:  35% (3744/10697)   Resolving deltas:  36% (3856/10697)   Resolving deltas:  37% (3970/10697)   Resolving deltas:  38% (4068/10697)   Resolving deltas:  39% (4192/10697)   Resolving deltas:  40% (4280/10697)   Resolving deltas:  41% (4387/10697)   Resolving deltas:  42% (4498/10697)   Resolving deltas:  43% (4600/10697)   Resolving deltas:  44% (4708/10697)   Resolving deltas:  45% (4814/10697)   Resolving deltas:  46% (4923/10697)   Resolving deltas:  47% (5035/10697)   Resolving deltas:  48% (5138/10697)   Resolving deltas:  49% (5242/10697)   Resolving deltas:  50% (5350/10697)   Resolving deltas:  51% (5456/10697)   Resolving deltas:  52% (5566/10697)   Resolving deltas:  53% (5671/10697)   Resolving deltas:  54% (5777/10697)   Resolving deltas:  55% (5885/10697)   Resolving deltas:  56% (5995/10697)   Resolving deltas:  57% (6111/10697)   Resolving deltas:  58% (6206/10697)   Resolving deltas:  59% (6316/10697)   Resolving deltas:  60% (6430/10697)   Resolving deltas:  61% (6553/10697)   Resolving deltas:  63% (6745/10697)   Resolving deltas:  64% (6849/10697)   Resolving deltas:  65% (6955/10697)   Resolving deltas:  67% (7196/10697)   Resolving deltas:  72% (7719/10697)   Resolving deltas:  73% (7879/10697)   Resolving deltas:  74% (7925/10697)   Resolving deltas:  75% (8028/10697)   Resolving deltas:  76% (8187/10697)   Resolving deltas:  77% (8244/10697)   Resolving deltas:  78% (8344/10697)   Resolving deltas:  79% (8451/10697)   Resolving deltas:  80% (8571/10697)   Resolving deltas:  81% (8669/10697)   Resolving deltas:  82% (8784/10697)   Resolving deltas:  83% (8885/10697)   Resolving deltas:  84% (8986/10697)   Resolving deltas:  85% (9122/10697)   Resolving deltas:  86% (9209/10697)   Resolving deltas:  87% (9372/10697)   Resolving deltas:  88% (9484/10697)   Resolving deltas:  89% (9524/10697)   Resolving deltas:  90% (9636/10697)   Resolving deltas:  91% (9739/10697)   Resolving deltas:  92% (9842/10697)   Resolving deltas:  93% (9966/10697)   Resolving deltas:  94% (10056/10697)   Resolving deltas:  95% (10163/10697)   Resolving deltas:  96% (10276/10697)   Resolving deltas:  97% (10404/10697)   Resolving deltas:  98% (10487/10697)   Resolving deltas:  99% (10592/10697)   Resolving deltas: 100% (10697/10697)   Resolving deltas: 100% (10697/10697), done.
Checking connectivity... done.

travis_time:end:1acd4dfc:start=1465906644339005757,finish=1465906646947995354,duration=2608989597[0K$ cd apache/storm
travis_time:start:09104ecf[0K$ git fetch origin +refs/pull/1484/merge:
remote: Counting objects: 89, done.[K
remote: Compressing objects:   2% (1/37)   [Kremote: Compressing objects:   5% (2/37)   [Kremote: Compressing objects:   8% (3/37)   [Kremote: Compressing objects:  10% (4/37)   [Kremote: Compressing objects:  13% (5/37)   [Kremote: Compressing objects:  16% (6/37)   [Kremote: Compressing objects:  18% (7/37)   [Kremote: Compressing objects:  21% (8/37)   [Kremote: Compressing objects:  24% (9/37)   [Kremote: Compressing objects:  27% (10/37)   [Kremote: Compressing objects:  29% (11/37)   [Kremote: Compressing objects:  32% (12/37)   [Kremote: Compressing objects:  35% (13/37)   [Kremote: Compressing objects:  37% (14/37)   [Kremote: Compressing objects:  40% (15/37)   [Kremote: Compressing objects:  43% (16/37)   [Kremote: Compressing objects:  45% (17/37)   [Kremote: Compressing objects:  48% (18/37)   [Kremote: Compressing objects:  51% (19/37)   [Kremote: Compressing objects:  54% (20/37)   [Kremote: Compressing objects:  56% (21/37)   [Kremote: Compressing objects:  59% (22/37)   [Kremote: Compressing objects:  62% (23/37)   [Kremote: Compressing objects:  64% (24/37)   [Kremote: Compressing objects:  67% (25/37)   [Kremote: Compressing objects:  70% (26/37)   [Kremote: Compressing objects:  72% (27/37)   [Kremote: Compressing objects:  75% (28/37)   [Kremote: Compressing objects:  78% (29/37)   [Kremote: Compressing objects:  81% (30/37)   [Kremote: Compressing objects:  83% (31/37)   [Kremote: Compressing objects:  86% (32/37)   [Kremote: Compressing objects:  89% (33/37)   [Kremote: Compressing objects:  91% (34/37)   [Kremote: Compressing objects:  94% (35/37)   [Kremote: Compressing objects:  97% (36/37)   [Kremote: Compressing objects: 100% (37/37)   [Kremote: Compressing objects: 100% (37/37), done.[K
remote: Total 89 (delta 32), reused 83 (delta 27), pack-reused 0[K
Unpacking objects:   1% (1/89)   Unpacking objects:   2% (2/89)   Unpacking objects:   3% (3/89)   Unpacking objects:   4% (4/89)   Unpacking objects:   5% (5/89)   Unpacking objects:   6% (6/89)   Unpacking objects:   7% (7/89)   Unpacking objects:   8% (8/89)   Unpacking objects:  10% (9/89)   Unpacking objects:  11% (10/89)   Unpacking objects:  12% (11/89)   Unpacking objects:  13% (12/89)   Unpacking objects:  14% (13/89)   Unpacking objects:  15% (14/89)   Unpacking objects:  16% (15/89)   Unpacking objects:  17% (16/89)   Unpacking objects:  19% (17/89)   Unpacking objects:  20% (18/89)   Unpacking objects:  21% (19/89)   Unpacking objects:  22% (20/89)   Unpacking objects:  23% (21/89)   Unpacking objects:  24% (22/89)   Unpacking objects:  25% (23/89)   Unpacking objects:  26% (24/89)   Unpacking objects:  28% (25/89)   Unpacking objects:  29% (26/89)   Unpacking objects:  30% (27/89)   Unpacking objects:  31% (28/89)   Unpacking objects:  32% (29/89)   Unpacking objects:  33% (30/89)   Unpacking objects:  34% (31/89)   Unpacking objects:  35% (32/89)   Unpacking objects:  37% (33/89)   Unpacking objects:  38% (34/89)   Unpacking objects:  39% (35/89)   Unpacking objects:  40% (36/89)   Unpacking objects:  41% (37/89)   Unpacking objects:  42% (38/89)   Unpacking objects:  43% (39/89)   Unpacking objects:  44% (40/89)   Unpacking objects:  46% (41/89)   Unpacking objects:  47% (42/89)   Unpacking objects:  48% (43/89)   Unpacking objects:  49% (44/89)   Unpacking objects:  50% (45/89)   Unpacking objects:  51% (46/89)   Unpacking objects:  52% (47/89)   Unpacking objects:  53% (48/89)   Unpacking objects:  55% (49/89)   Unpacking objects:  56% (50/89)   Unpacking objects:  57% (51/89)   Unpacking objects:  58% (52/89)   Unpacking objects:  59% (53/89)   Unpacking objects:  60% (54/89)   Unpacking objects:  61% (55/89)   Unpacking objects:  62% (56/89)   Unpacking objects:  64% (57/89)   Unpacking objects:  65% (58/89)   Unpacking objects:  66% (59/89)   Unpacking objects:  67% (60/89)   Unpacking objects:  68% (61/89)   Unpacking objects:  69% (62/89)   Unpacking objects:  70% (63/89)   Unpacking objects:  71% (64/89)   Unpacking objects:  73% (65/89)   Unpacking objects:  74% (66/89)   Unpacking objects:  75% (67/89)   Unpacking objects:  76% (68/89)   Unpacking objects:  77% (69/89)   Unpacking objects:  78% (70/89)   Unpacking objects:  79% (71/89)   Unpacking objects:  80% (72/89)   Unpacking objects:  82% (73/89)   Unpacking objects:  83% (74/89)   Unpacking objects:  84% (75/89)   Unpacking objects:  85% (76/89)   Unpacking objects:  86% (77/89)   Unpacking objects:  87% (78/89)   Unpacking objects:  88% (79/89)   Unpacking objects:  89% (80/89)   Unpacking objects:  91% (81/89)   Unpacking objects:  92% (82/89)   Unpacking objects:  93% (83/89)   Unpacking objects:  94% (84/89)   Unpacking objects:  95% (85/89)   Unpacking objects:  96% (86/89)   Unpacking objects:  97% (87/89)   Unpacking objects:  98% (88/89)   Unpacking objects: 100% (89/89)   Unpacking objects: 100% (89/89), done.
From https://github.com/apache/storm
 * branch            refs/pull/1484/merge -> FETCH_HEAD

travis_time:end:09104ecf:start=1465906646951746601,finish=1465906647262218961,duration=310472360[0K$ git checkout -qf FETCH_HEAD
travis_fold:end:git.checkout[0K
[33;1mThis job is running on container-based infrastructure, which does not allow use of 'sudo', setuid and setguid executables.[0m
[33;1mIf you require sudo, add 'sudo: required' to your .travis.yml[0m
[33;1mSee https://docs.travis-ci.com/user/workers/container-based-infrastructure/ for details.[0m

[33;1mSetting environment variables from .travis.yml[0m
$ export MODULES=storm-core

$ jdk_switcher use oraclejdk7
Switching to Oracle JDK7 (java-7-oracle), JAVA_HOME will be set to /usr/lib/jvm/java-7-oracle
travis_fold:start:cache.1[0KSetting up build cache
$ export CASHER_DIR=$HOME/.casher
travis_time:start:0011a242[0K$ Installing caching utilities

travis_time:end:0011a242:start=1465906649387322563,finish=1465906649436462089,duration=49139526[0Ktravis_time:start:1f6f7a90[0K
travis_time:end:1f6f7a90:start=1465906649441292458,finish=1465906649444763283,duration=3470825[0Ktravis_time:start:27c3f7e6[0K[32;1mattempting to download cache archive[0m
[32;1mfetching PR.1484/cache-linux-precise-4722ea394922d42b2b7eb84cff6efc764d76759821ac6f6efc13232aa923f595--jdk-oraclejdk7.tgz[0m
[32;1mfound cache[0m

travis_time:end:27c3f7e6:start=1465906649448828174,finish=1465906656567247474,duration=7118419300[0Ktravis_time:start:22a7fb85[0K
travis_time:end:22a7fb85:start=1465906656571309560,finish=1465906656574696881,duration=3387321[0Ktravis_time:start:247d3112[0K[32;1madding /home/travis/.m2/repository to cache[0m
[32;1madding /home/travis/.rvm to cache[0m
[32;1madding /home/travis/.nvm to cache[0m

travis_time:end:247d3112:start=1465906656578515426,finish=1465906666220748615,duration=9642233189[0Ktravis_fold:end:cache.1[0K$ java -Xmx32m -version
java version "1.7.0_76"
Java(TM) SE Runtime Environment (build 1.7.0_76-b13)
Java HotSpot(TM) 64-Bit Server VM (build 24.76-b04, mixed mode)
$ javac -J-Xmx32m -version
javac 1.7.0_76
travis_fold:start:before_install.1[0Ktravis_time:start:2683f0fe[0K$ rvm use 2.1.5 --install
[32mUsing /home/travis/.rvm/gems/ruby-2.1.5[0m

travis_time:end:2683f0fe:start=1465906666678572457,finish=1465906666933968149,duration=255395692[0Ktravis_fold:end:before_install.1[0Ktravis_fold:start:before_install.2[0Ktravis_time:start:0c3dedbc[0K$ nvm install 0.12.2
v0.12.2 is already installed.
Now using node v0.12.2

travis_time:end:0c3dedbc:start=1465906666938541926,finish=1465906667215022335,duration=276480409[0Ktravis_fold:end:before_install.2[0Ktravis_fold:start:before_install.3[0Ktravis_time:start:144b1193[0K$ nvm use 0.12.2
Now using node v0.12.2

travis_time:end:144b1193:start=1465906667219663547,finish=1465906667276876348,duration=57212801[0Ktravis_fold:end:before_install.3[0Ktravis_fold:start:install[0Ktravis_time:start:11dd2350[0K$ /bin/bash ./dev-tools/travis/travis-install.sh `pwd`
Python version :   Python 2.7.3
Maven version  :   Apache Maven 3.2.5 (12a6b3acb947671f09b81f49094c53f426d8cea1; 2014-12-14T17:29:23+00:00) Maven home: /usr/local/maven Java version: 1.7.0_76, vendor: Oracle Corporation Java home: /usr/lib/jvm/java-7-oracle/jre Default locale: en_US, platform encoding: UTF-8 OS name: "linux", version: "3.13.0-40-generic", arch: "amd64", family: "unix"
['mvn', 'clean', 'install', '-DskipTests', '-Pnative', '--batch-mode'] writing to install.txt
1 seconds 1 log lines11 seconds 249 log lines34 seconds 322 log lines45 seconds 331 log lines55 seconds 440 log lines74 seconds 650 log lines87 seconds 863 log lines97 seconds 912 log lines107 seconds 1032 log lines117 seconds 1308 log lines136 seconds 1459 log lines148 seconds 1758 log lines159 seconds 2165 log lines169 seconds 2215 log lines180 seconds 2359 log lines185 seconds 2591 log lines
['mvn', 'clean', 'install', '-DskipTests', '-Pnative', '--batch-mode'] done 0

travis_time:end:11dd2350:start=1465906667281576398,finish=1465906853140874476,duration=185859298078[0Ktravis_fold:end:install[0Ktravis_time:start:073a8274[0K$ /bin/bash ./dev-tools/travis/travis-script.sh `pwd` $MODULES
Python version :   Python 2.7.3
Ruby version   :   ruby 2.1.5p273 (2014-11-13 revision 48405) [x86_64-linux]
NodeJs version :   v0.12.2
Maven version  :   Apache Maven 3.2.5 (12a6b3acb947671f09b81f49094c53f426d8cea1; 2014-12-14T17:29:23+00:00) Maven home: /usr/local/maven Java version: 1.7.0_76, vendor: Oracle Corporation Java home: /usr/lib/jvm/java-7-oracle/jre Default locale: en_US, platform encoding: UTF-8 OS name: "linux", version: "3.13.0-40-generic", arch: "amd64", family: "unix"
[INFO] Scanning for projects...
[INFO]                                                                         
[INFO] ------------------------------------------------------------------------
[INFO] Building Storm Core 2.0.0-SNAPSHOT
[INFO] ------------------------------------------------------------------------
[INFO] 
[INFO] --- exec-maven-plugin:1.2.1:exec (default) @ storm-core ---
[INFO] 
[INFO] --- maven-remote-resources-plugin:1.2.1:process (default) @ storm-core ---
[INFO] 
[INFO] --- storm-maven-plugins:2.0.0-SNAPSHOT:version-info (version-info) @ storm-core ---
[WARNING] [svn, info] failed with error code 1
[INFO] SCM: GIT
[INFO] Computed MD5: 54c8aec3f88036c37a2e999e34c1a
[INFO] 
[INFO] --- maven-resources-plugin:2.5:resources (default-resources) @ storm-core ---
[debug] execute contextualize
[INFO] Using 'UTF-8' encoding to copy filtered resources.
[INFO] Copying 9 resources
[INFO] Copying 1 resource to META-INF
[INFO] Copying 0 resource
[INFO] Copying 1 resource
[INFO] Copying 3 resources
[INFO] 
[INFO] --- maven-compiler-plugin:3.1:compile (default-compile) @ storm-core ---
[INFO] Nothing to compile - all classes are up to date
[INFO] 
[INFO] --- clojure-maven-plugin:1.7.1:compile (compile-clojure) @ storm-core ---
Compiling org.apache.storm.daemon.worker to /home/travis/build/apache/storm/storm-core/target/classes
Compiling org.apache.storm.metric.testing to /home/travis/build/apache/storm/storm-core/target/classes
Compiling org.apache.storm.testing to /home/travis/build/apache/storm/storm-core/target/classes
12:21:09.673 [main] WARN  o.a.s.m.StormMetricsRegistry - Metric ui:num-topology-op-response-http-requests has already been registered
12:21:09.674 [main] WARN  o.a.s.m.StormMetricsRegistry - Metric ui:num-topology-op-response-http-requests has already been registered
Compiling org.apache.storm.converter to /home/travis/build/apache/storm/storm-core/target/classes
Compiling org.apache.storm.util to /home/travis/build/apache/storm/storm-core/target/classes
Compiling org.apache.storm.command.heartbeats to /home/travis/build/apache/storm/storm-core/target/classes
Compiling org.apache.storm.blobstore to /home/travis/build/apache/storm/storm-core/target/classes
Compiling org.apache.storm.daemon.common to /home/travis/build/apache/storm/storm-core/target/classes
Compiling org.apache.storm.daemon.local-supervisor to /home/travis/build/apache/storm/storm-core/target/classes
Compiling org.apache.storm.command.get-errors to /home/travis/build/apache/storm/storm-core/target/classes
Compiling org.apache.storm.command.blobstore to /home/travis/build/apache/storm/storm-core/target/classes
Compiling org.apache.storm.trident.testing to /home/travis/build/apache/storm/storm-core/target/classes
Compiling org.apache.storm.daemon.drpc to /home/travis/build/apache/storm/storm-core/target/classes
Compiling org.apache.storm.config to /home/travis/build/apache/storm/storm-core/target/classes
Compiling org.apache.storm.testing4j to /home/travis/build/apache/storm/storm-core/target/classes
Compiling org.apache.storm.scheduler.IsolationScheduler to /home/travis/build/apache/storm/storm-core/target/classes
Compiling org.apache.storm.ui.helpers to /home/travis/build/apache/storm/storm-core/target/classes
Compiling org.apache.storm.log to /home/travis/build/apache/storm/storm-core/target/classes
Compiling org.apache.storm.daemon.executor to /home/travis/build/apache/storm/storm-core/target/classes
Compiling org.apache.storm.command.shell-submission to /home/travis/build/apache/storm/storm-core/target/classes
Compiling org.apache.storm.internal.clojure to /home/travis/build/apache/storm/storm-core/target/classes
Compiling org.apache.storm.internal.thrift to /home/travis/build/apache/storm/storm-core/target/classes
Compiling org.apache.storm.daemon.logviewer to /home/travis/build/apache/storm/storm-core/target/classes
Compiling org.apache.storm.daemon.nimbus to /home/travis/build/apache/storm/storm-core/target/classes
Compiling org.apache.storm.LocalCluster to /home/travis/build/apache/storm/storm-core/target/classes
Compiling org.apache.storm.local-state-converter to /home/travis/build/apache/storm/storm-core/target/classes
Compiling org.apache.storm.ui.core to /home/travis/build/apache/storm/storm-core/target/classes
[INFO] 
[INFO] --- make-maven-plugin:1.0-beta-1:autoreconf (compile) @ storm-core ---
[INFO] 
[INFO] --- make-maven-plugin:1.0-beta-1:configure (compile) @ storm-core ---
[INFO] /bin/sh: 14: /home/travis/.jdk_switcher_rc: [[: not found
[INFO] /bin/sh: 22: /home/travis/.jdk_switcher_rc: [[: not found
[INFO] /bin/sh: 32: /home/travis/.jdk_switcher_rc: [[: not found
[INFO] /bin/sh: 42: /home/travis/.jdk_switcher_rc: [[: not found
[INFO] /bin/sh: 3: /etc/profile.d/rvm.sh: [[: not found
[INFO] checking for gcc... gcc
[INFO] checking whether the C compiler works... yes
[INFO] checking for C compiler default output file name... a.out
[INFO] checking for suffix of executables... 
[INFO] checking whether we are cross compiling... no
[INFO] checking for suffix of object files... o
[INFO] checking whether we are using the GNU C compiler... yes
[INFO] checking whether gcc accepts -g... yes
[INFO] checking for gcc option to accept ISO C89... none needed
[INFO] checking how to run the C preprocessor... gcc -E
[INFO] checking for grep that handles long lines and -e... /bin/grep
[INFO] checking for egrep... /bin/grep -E
[INFO] checking for ANSI C header files... yes
[INFO] checking for sys/types.h... yes
[INFO] checking for sys/stat.h... yes
[INFO] checking for stdlib.h... yes
[INFO] checking for string.h... yes
[INFO] checking for memory.h... yes
[INFO] checking for strings.h... yes
[INFO] checking for inttypes.h... yes
[INFO] checking for stdint.h... yes
[INFO] checking for unistd.h... yes
[INFO] checking minix/config.h usability... no
[INFO] checking minix/config.h presence... no
[INFO] checking for minix/config.h... no
[INFO] checking whether it is safe to define __EXTENSIONS__... yes
[INFO] checking for a BSD-compatible install... /usr/bin/install -c
[INFO] checking whether build environment is sane... yes
[INFO] checking for a thread-safe mkdir -p... /bin/mkdir -p
[INFO] checking for gawk... gawk
[INFO] checking whether make sets $(MAKE)... yes
[INFO] checking for style of include used by make... GNU
[INFO] checking dependency style of gcc... gcc3
[INFO] checking for gcc... (cached) gcc
[INFO] checking whether we are using the GNU C compiler... (cached) yes
[INFO] checking whether gcc accepts -g... (cached) yes
[INFO] checking for gcc option to accept ISO C89... (cached) none needed
[INFO] checking whether gcc and cc understand -c and -o together... yes
[INFO] checking for unistd.h... (cached) yes
[INFO] checking for stdbool.h that conforms to C99... yes
[INFO] checking for _Bool... yes
[INFO] checking for an ANSI C-conforming const... yes
[INFO] checking for off_t... yes
[INFO] checking for size_t... yes
[INFO] checking whether strerror_r is declared... yes
[INFO] checking for strerror_r... yes
[INFO] checking whether strerror_r returns char *... yes
[INFO] checking for mkdir... yes
[INFO] checking for uname... yes
[INFO] configure: creating ./config.status
[INFO] config.status: creating Makefile
[INFO] config.status: executing depfiles commands
[INFO] 
[INFO] --- make-maven-plugin:1.0-beta-1:make-install (compile) @ storm-core ---
[INFO] /bin/sh: 14: /home/travis/.jdk_switcher_rc: [[: not found
[INFO] /bin/sh: 22: /home/travis/.jdk_switcher_rc: [[: not found
[INFO] /bin/sh: 32: /home/travis/.jdk_switcher_rc: [[: not found
[INFO] /bin/sh: 42: /home/travis/.jdk_switcher_rc: [[: not found
[INFO] /bin/sh: 3: /etc/profile.d/rvm.sh: [[: not found
[INFO] make[1]: Entering directory `/home/travis/build/apache/storm/storm-core/target/native/worker-launcher'
[INFO] test -z "/usr/local/bin" || /bin/mkdir -p "/home/travis/build/apache/storm/storm-core/target/native/target/usr/local/bin"
[INFO]   /usr/bin/install -c worker-launcher '/home/travis/build/apache/storm/storm-core/target/native/target/usr/local/bin'
[INFO] make[1]: Nothing to be done for `install-data-am'.
[INFO] make[1]: Leaving directory `/home/travis/build/apache/storm/storm-core/target/native/worker-launcher'
[INFO] 
[INFO] --- maven-resources-plugin:2.5:testResources (default-testResources) @ storm-core ---
[debug] execute contextualize
[INFO] Using 'UTF-8' encoding to copy filtered resources.
[INFO] Copying 14 resources
[INFO] Copying 2 resources
[INFO] Copying 3 resources
[INFO] 
[INFO] --- maven-dependency-plugin:2.8:unpack (unpack) @ storm-core ---
[INFO] Configured Artifact: org.apache.storm:multilang-ruby:2.0.0-SNAPSHOT:jar
[INFO] Downloading: https://repository.apache.org/snapshots/org/apache/storm/multilang-ruby/2.0.0-SNAPSHOT/maven-metadata.xml
[INFO] Configured Artifact: org.apache.storm:multilang-python:2.0.0-SNAPSHOT:jar
[INFO] Downloading: https://repository.apache.org/snapshots/org/apache/storm/multilang-python/2.0.0-SNAPSHOT/maven-metadata.xml
[INFO] Configured Artifact: org.apache.storm:multilang-javascript:2.0.0-SNAPSHOT:jar
[INFO] Downloading: https://repository.apache.org/snapshots/org/apache/storm/multilang-javascript/2.0.0-SNAPSHOT/maven-metadata.xml
[INFO] multilang-ruby-2.0.0-SNAPSHOT.jar already unpacked.
[INFO] multilang-python-2.0.0-SNAPSHOT.jar already unpacked.
[INFO] multilang-javascript-2.0.0-SNAPSHOT.jar already unpacked.
[INFO] 
[INFO] --- maven-compiler-plugin:3.1:testCompile (default-testCompile) @ storm-core ---
[INFO] Changes detected - recompiling the module!
[INFO] Compiling 52 source files to /home/travis/build/apache/storm/storm-core/target/test-classes
[WARNING] /home/travis/build/apache/storm/storm-core/test/jvm/org/apache/storm/localizer/LocalizerTest.java: Some input files use or override a deprecated API.
[WARNING] /home/travis/build/apache/storm/storm-core/test/jvm/org/apache/storm/localizer/LocalizerTest.java: Recompile with -Xlint:deprecation for details.
[WARNING] /home/travis/build/apache/storm/storm-core/test/jvm/org/apache/storm/command/TestCLI.java: Some input files use unchecked or unsafe operations.
[WARNING] /home/travis/build/apache/storm/storm-core/test/jvm/org/apache/storm/command/TestCLI.java: Recompile with -Xlint:unchecked for details.
[INFO] 
[INFO] --- maven-surefire-plugin:2.18.1:test (default-test) @ storm-core ---
[INFO] Surefire report directory: /home/travis/build/apache/storm/storm-core/target/surefire-reports
[INFO] parallel='none', perCoreThreadCount=true, threadCount=0, useUnlimitedThreads=false, threadCountSuites=0, threadCountClasses=0, threadCountMethods=0, parallelOptimized=true

-------------------------------------------------------
 T E S T S
-------------------------------------------------------
Running org.apache.storm.cluster.StormClusterStateImplTest
Tests run: 5, Failures: 0, Errors: 0, Skipped: 0, Time elapsed: 0.295 sec - in org.apache.storm.cluster.StormClusterStateImplTest
Running org.apache.storm.serialization.GzipBridgeThriftSerializationDelegateTest
Tests run: 3, Failures: 0, Errors: 0, Skipped: 0, Time elapsed: 0 sec - in org.apache.storm.serialization.GzipBridgeThriftSerializationDelegateTest
Running org.apache.storm.serialization.GzipBridgeSerializationDelegateTest
Tests run: 3, Failures: 0, Errors: 0, Skipped: 0, Time elapsed: 0.008 sec - in org.apache.storm.serialization.GzipBridgeSerializationDelegateTest
Running org.apache.storm.serialization.SerializationTest
Tests run: 3, Failures: 0, Errors: 0, Skipped: 0, Time elapsed: 2.013 sec - in org.apache.storm.serialization.SerializationTest
Running org.apache.storm.serialization.ThriftBridgeSerializationDelegateTest
Tests run: 1, Failures: 0, Errors: 0, Skipped: 0, Time elapsed: 0.004 sec - in org.apache.storm.serialization.ThriftBridgeSerializationDelegateTest
Running org.apache.storm.grouping.PartialKeyGroupingTest
Tests run: 2, Failures: 0, Errors: 0, Skipped: 0, Time elapsed: 0.04 sec - in org.apache.storm.grouping.PartialKeyGroupingTest
Running org.apache.storm.command.TestCLI
Tests run: 1, Failures: 0, Errors: 0, Skipped: 0, Time elapsed: 0.012 sec - in org.apache.storm.command.TestCLI
Running org.apache.storm.command.RebalanceTest
Tests run: 2, Failures: 0, Errors: 0, Skipped: 0, Time elapsed: 0.002 sec - in org.apache.storm.command.RebalanceTest
Running org.apache.storm.command.SetLogLevelTest
Tests run: 3, Failures: 0, Errors: 0, Skipped: 0, Time elapsed: 0.007 sec - in org.apache.storm.command.SetLogLevelTest
Running org.apache.storm.utils.UtilsTest
Tests run: 8, Failures: 0, Errors: 0, Skipped: 0, Time elapsed: 0.137 sec - in org.apache.storm.utils.UtilsTest
Running org.apache.storm.utils.DisruptorQueueTest
Tests run: 3, Failures: 0, Errors: 0, Skipped: 0, Time elapsed: 3.684 sec - in org.apache.storm.utils.DisruptorQueueTest
Running org.apache.storm.utils.DisruptorQueueBackpressureTest
Tests run: 1, Failures: 0, Errors: 0, Skipped: 0, Time elapsed: 0.001 sec - in org.apache.storm.utils.DisruptorQueueBackpressureTest
Running org.apache.storm.utils.StormBoundedExponentialBackoffRetryTest
Tests run: 5, Failures: 0, Errors: 0, Skipped: 0, Time elapsed: 0.161 sec - in org.apache.storm.utils.StormBoundedExponentialBackoffRetryTest
Running org.apache.storm.utils.TimeTest
Tests run: 8, Failures: 0, Errors: 0, Skipped: 0, Time elapsed: 0.004 sec - in org.apache.storm.utils.TimeTest
Running org.apache.storm.utils.ThriftTopologyUtilsTest
Tests run: 5, Failures: 0, Errors: 0, Skipped: 0, Time elapsed: 0.022 sec - in org.apache.storm.utils.ThriftTopologyUtilsTest
Running org.apache.storm.utils.WorkerBackpressureThreadTest
Tests run: 1, Failures: 0, Errors: 0, Skipped: 0, Time elapsed: 0.203 sec - in org.apache.storm.utils.WorkerBackpressureThreadTest
Running org.apache.storm.utils.ShellBoltMessageQueueTest
Tests run: 3, Failures: 0, Errors: 0, Skipped: 0, Time elapsed: 2.519 sec - in org.apache.storm.utils.ShellBoltMessageQueueTest
Running org.apache.storm.metric.internal.CountStatAndMetricTest
Tests run: 1, Failures: 0, Errors: 0, Skipped: 0, Time elapsed: 0.025 sec - in org.apache.storm.metric.internal.CountStatAndMetricTest
Running org.apache.storm.metric.internal.RateTrackerTest
Tests run: 4, Failures: 0, Errors: 0, Skipped: 0, Time elapsed: 0.008 sec - in org.apache.storm.metric.internal.RateTrackerTest
Running org.apache.storm.metric.internal.LatencyStatAndMetricTest
Tests run: 1, Failures: 0, Errors: 0, Skipped: 0, Time elapsed: 0.036 sec - in org.apache.storm.metric.internal.LatencyStatAndMetricTest
Running org.apache.storm.metric.filter.FilterByMetricNameTest
Tests run: 4, Failures: 0, Errors: 0, Skipped: 0, Time elapsed: 0.05 sec - in org.apache.storm.metric.filter.FilterByMetricNameTest
Running org.apache.storm.scheduler.resource.strategies.scheduling.TestDefaultResourceAwareStrategy
Tests run: 2, Failures: 0, Errors: 0, Skipped: 0, Time elapsed: 7.307 sec - in org.apache.storm.scheduler.resource.strategies.scheduling.TestDefaultResourceAwareStrategy
Running org.apache.storm.scheduler.resource.TestResourceAwareScheduler
Tests run: 14, Failures: 0, Errors: 0, Skipped: 0, Time elapsed: 30.626 sec - in org.apache.storm.scheduler.resource.TestResourceAwareScheduler
Running org.apache.storm.scheduler.resource.TestUser
Tests run: 3, Failures: 0, Errors: 0, Skipped: 0, Time elapsed: 21.898 sec - in org.apache.storm.scheduler.resource.TestUser
Running org.apache.storm.localizer.LocalizerTest
Tests run: 13, Failures: 0, Errors: 0, Skipped: 0, Time elapsed: 7.011 sec - in org.apache.storm.localizer.LocalizerTest
Running org.apache.storm.localizer.LocalizedResourceRetentionSetTest
Tests run: 2, Failures: 0, Errors: 0, Skipped: 0, Time elapsed: 1.041 sec - in org.apache.storm.localizer.LocalizedResourceRetentionSetTest
Running org.apache.storm.localizer.LocalizedResourceSetTest
Tests run: 4, Failures: 0, Errors: 0, Skipped: 0, Time elapsed: 0.007 sec - in org.apache.storm.localizer.LocalizedResourceSetTest
Running org.apache.storm.spout.CheckpointSpoutTest
Tests run: 7, Failures: 0, Errors: 0, Skipped: 0, Time elapsed: 0.194 sec - in org.apache.storm.spout.CheckpointSpoutTest
Running org.apache.storm.blobstore.ClientBlobStoreTest
Tests run: 4, Failures: 0, Errors: 0, Skipped: 0, Time elapsed: 0.075 sec - in org.apache.storm.blobstore.ClientBlobStoreTest
Running org.apache.storm.blobstore.BlobStoreTest
Tests run: 4, Failures: 0, Errors: 0, Skipped: 0, Time elapsed: 11.826 sec - in org.apache.storm.blobstore.BlobStoreTest
Running org.apache.storm.blobstore.BlobSynchronizerTest
Tests run: 4, Failures: 0, Errors: 0, Skipped: 0, Time elapsed: 5.255 sec - in org.apache.storm.blobstore.BlobSynchronizerTest
Running org.apache.storm.topology.StatefulWindowedBoltExecutorTest
Tests run: 4, Failures: 0, Errors: 0, Skipped: 0, Time elapsed: 0.329 sec - in org.apache.storm.topology.StatefulWindowedBoltExecutorTest
Running org.apache.storm.topology.TopologyBuilderTest
Tests run: 5, Failures: 0, Errors: 0, Skipped: 0, Time elapsed: 1.446 sec - in org.apache.storm.topology.TopologyBuilderTest
Running org.apache.storm.topology.StatefulBoltExecutorTest
Tests run: 7, Failures: 0, Errors: 0, Skipped: 0, Time elapsed: 0.249 sec - in org.apache.storm.topology.StatefulBoltExecutorTest
Running org.apache.storm.topology.WindowedBoltExecutorTest
Tests run: 5, Failures: 0, Errors: 0, Skipped: 0, Time elapsed: 0.922 sec - in org.apache.storm.topology.WindowedBoltExecutorTest
Running org.apache.storm.state.InMemoryKeyValueStateTest
Tests run: 2, Failures: 0, Errors: 0, Skipped: 0, Time elapsed: 0 sec - in org.apache.storm.state.InMemoryKeyValueStateTest
Running org.apache.storm.windowing.WaterMarkEventGeneratorTest
Tests run: 5, Failures: 0, Errors: 0, Skipped: 0, Time elapsed: 0.548 sec - in org.apache.storm.windowing.WaterMarkEventGeneratorTest
Running org.apache.storm.windowing.WindowManagerTest
Tests run: 10, Failures: 0, Errors: 0, Skipped: 0, Time elapsed: 0.926 sec - in org.apache.storm.windowing.WindowManagerTest
Running org.apache.storm.trident.TestTridentTopology
Tests run: 1, Failures: 0, Errors: 0, Skipped: 0, Time elapsed: 25.167 sec - in org.apache.storm.trident.TestTridentTopology
Running org.apache.storm.trident.TridentWindowingTest
Tests run: 3, Failures: 0, Errors: 0, Skipped: 0, Time elapsed: 0.014 sec - in org.apache.storm.trident.TridentWindowingTest
Running org.apache.storm.nimbus.LocalNimbusTest
Tests run: 1, Failures: 0, Errors: 0, Skipped: 0, Time elapsed: 11.195 sec - in org.apache.storm.nimbus.LocalNimbusTest
Running org.apache.storm.TestConfigValidate
Tests run: 25, Failures: 0, Errors: 0, Skipped: 0, Time elapsed: 0.388 sec - in org.apache.storm.TestConfigValidate
Running org.apache.storm.PacemakerTest
Tests run: 9, Failures: 0, Errors: 0, Skipped: 0, Time elapsed: 0.619 sec - in org.apache.storm.PacemakerTest
Running org.apache.storm.TestCgroups
Tests run: 1, Failures: 0, Errors: 0, Skipped: 1, Time elapsed: 0.036 sec - in org.apache.storm.TestCgroups
Running org.apache.storm.PaceMakerStateStorageFactoryTest
Tests run: 10, Failures: 0, Errors: 0, Skipped: 0, Time elapsed: 0.217 sec - in org.apache.storm.PaceMakerStateStorageFactoryTest

Results :

Tests run: 212, Failures: 0, Errors: 0, Skipped: 1

[INFO] 
[INFO] --- clojure-maven-plugin:1.7.1:test (test-clojure) @ storm-core ---
3338 [main] WARN  o.a.s.m.StormMetricsRegistry - Metric ui:num-topology-op-response-http-requests has already been registered
3339 [main] WARN  o.a.s.m.StormMetricsRegistry - Metric ui:num-topology-op-response-http-requests has already been registered
4099 [main] WARN  o.a.s.m.StormMetricsRegistry - Metric drpc:num-execute-http-requests has already been registered
Running org.apache.storm.drpc-test
13075 [Thread-2] INFO  o.a.s.u.Utils - Async loop interrupted!
15668 [Thread-73] INFO  o.a.s.u.Utils - Async loop interrupted!
18502 [Thread-141] INFO  o.a.s.u.Utils - Async loop interrupted!
20938 [Thread-180] INFO  o.a.s.u.Utils - Async loop interrupted!
Tests run: 9, Passed: 17, Failures: 0, Errors: 0
Running org.apache.storm.security.auth.ThriftServer-test
Tests run: 2, Passed: 1, Failures: 0, Errors: 0
Running org.apache.storm.messaging.netty-unit-test
Tests run: 5, Passed: 24, Failures: 0, Errors: 0
Running org.apache.storm.logviewer-test
Tests run: 12, Passed: 118, Failures: 0, Errors: 0
Running org.apache.storm.clojure-test
Tests run: 3, Passed: 5, Failures: 0, Errors: 0
Running org.apache.storm.trident.state-test
Tests run: 5, Passed: 37, Failures: 0, Errors: 0
Running org.apache.storm.tuple-test
Tests run: 4, Passed: 13, Failures: 0, Errors: 0
Running integration.org.apache.storm.integration-test
52877 [Thread-281] INFO  o.a.s.u.Utils - Async loop interrupted!
Tests run: 18, Passed: 51, Failures: 0, Errors: 0
Running org.apache.storm.security.auth.AuthUtils-test
Tests run: 5, Passed: 6, Failures: 0, Errors: 0
Running org.apache.storm.security.auth.drpc-auth-test
Tests run: 4, Passed: 22, Failures: 0, Errors: 0
Running org.apache.storm.security.auth.ReqContext-test
Tests run: 3, Passed: 4, Failures: 0, Errors: 0
Running org.apache.storm.security.serialization.BlowfishTupleSerializer-test
Tests run: 3, Passed: 3, Failures: 0, Errors: 0
Running org.apache.storm.serialization.SerializationFactory-test
Tests run: 3, Passed: 3, Failures: 0, Errors: 0
Running org.apache.storm.metrics-test
Tests run: 8, Passed: 66, Failures: 0, Errors: 0
Running org.apache.storm.security.auth.auth-test
83591 [Thread-1152] INFO  o.a.s.u.Utils - Async loop interrupted!
Tests run: 13, Passed: 94, Failures: 0, Errors: 0
Running org.apache.storm.messaging.netty-integration-test
Tests run: 1, Passed: 1, Failures: 0, Errors: 0
Running org.apache.storm.transactional-test
Tests run: 7, Passed: 110, Failures: 0, Errors: 0
Running org.apache.storm.messaging-test
Tests run: 1, Passed: 2, Failures: 0, Errors: 0
Running org.apache.storm.supervisor-test
Tests run: 20, Passed: 52, Failures: 0, Errors: 0
Running org.apache.storm.subtopology-test
Tests run: 0, Passed: 0, Failures: 0, Errors: 0
Running integration.org.apache.storm.trident.integration-test
Tests run: 9, Passed: 141, Failures: 0, Errors: 0
Running org.apache.storm.versioned-store-test
Tests run: 2, Passed: 5, Failures: 0, Errors: 0
Running org.apache.storm.utils.ZookeeperServerCnxnFactory-test
Tests run: 2, Passed: 3, Failures: 0, Errors: 0
Running org.apache.storm.security.auth.DefaultHttpCredentialsPlugin-test
Tests run: 2, Passed: 8, Failures: 0, Errors: 0
Running org.apache.storm.fields-test
Tests run: 2, Passed: 22, Failures: 0, Errors: 0
Running org.apache.storm.submitter-test
Tests run: 1, Passed: 13, Failures: 0, Errors: 0
Running org.apache.storm.cluster-test
Tests run: 10, Passed: 92, Failures: 0, Errors: 0
Running org.apache.storm.security.auth.authorizer.DRPCSimpleACLAuthorizer-test
Tests run: 7, Passed: 37, Failures: 0, Errors: 0
Running org.apache.storm.nimbus-test
Tests run: 43, Passed: 789, Failures: 0, Errors: 0
Running org.apache.storm.security.auth.auto-login-module-test
Tests run: 6, Passed: 22, Failures: 0, Errors: 0
Running org.apache.storm.security.auth.SaslTransportPlugin-test
Tests run: 2, Passed: 8, Failures: 0, Errors: 0
Running org.apache.storm.grouping-test
Tests run: 5, Passed: 15, Failures: 0, Errors: 0
Running org.apache.storm.serialization-test
Tests run: 1, Passed: 0, Failures: 0, Errors: 0
Running org.apache.storm.worker-test
Tests run: 8, Passed: 35, Failures: 0, Errors: 0
Running org.apache.storm.security.auth.nimbus-auth-test
Tests run: 5, Passed: 39, Failures: 0, Errors: 0
Running org.apache.storm.local-state-test
Tests run: 2, Passed: 10, Failures: 0, Errors: 0
Running org.apache.storm.scheduler-test
Tests run: 4, Passed: 64, Failures: 0, Errors: 0
Running integration.org.apache.storm.testing4j-test
Tests run: 8, Passed: 36, Failures: 0, Errors: 0
Running org.apache.storm.security.auth.ThriftClient-test
Tests run: 2, Passed: 4, Failures: 0, Errors: 0
Running org.apache.storm.tick-tuple-test
Tests run: 1, Passed: 1, Failures: 0, Errors: 0
Running org.apache.storm.scheduler.multitenant-scheduler-test
Tests run: 17, Passed: 235, Failures: 0, Errors: 0
Running org.apache.storm.trident.tuple-test
Tests run: 6, Passed: 36, Failures: 0, Errors: 0
[INFO] 
[INFO] --- apache-rat-plugin:0.11:check (default) @ storm-core ---
[INFO] 51 implicit excludes (use -debug for more details).
[INFO] Exclude: **/target/**
[INFO] Exclude: **/*.iml
[INFO] Exclude: **/.idea/**
[INFO] Exclude: **/metastore_db/**
[INFO] Exclude: **/build/**
[INFO] Exclude: **/logs/**
[INFO] Exclude: **/CHANGELOG.md
[INFO] Exclude: **/README.md
[INFO] Exclude: **/README.markdown
[INFO] Exclude: **/DEVELOPER.md
[INFO] Exclude: **/BYLAWS.md
[INFO] Exclude: **/STORM-UI-REST-API.md
[INFO] Exclude: SECURITY.md
[INFO] Exclude: VERSION
[INFO] Exclude: TODO
[INFO] Exclude: **/src/py/**
[INFO] Exclude: **/src/ui/public/js/jquery.dataTables.1.10.4.min.js
[INFO] Exclude: **/src/ui/public/css/jquery.dataTables.1.10.4.min.css
[INFO] Exclude: **/src/ui/public/images/*
[INFO] Exclude: **/src/ui/public/js/bootstrap-3.3.1.min.js
[INFO] Exclude: **/src/ui/public/css/bootstrap-3.3.1.min.css
[INFO] Exclude: **/src/ui/public/js/dataTables.bootstrap.min.js
[INFO] Exclude: **/src/ui/public/css/dataTables.bootstrap.css
[INFO] Exclude: **/src/ui/public/js/jsonFormatter.min.js
[INFO] Exclude: **/src/ui/public/css/jsonFormatter.min.css
[INFO] Exclude: **/src/ui/public/js/jquery-1.11.1.min.js
[INFO] Exclude: **/src/ui/public/js/jquery.cookies.2.2.0.min.js
[INFO] Exclude: **/src/ui/public/js/moment.min.js
[INFO] Exclude: **/src/ui/public/js/jquery.blockUI.min.js
[INFO] Exclude: **/src/ui/public/js/url.min.js
[INFO] Exclude: **/src/ui/public/js/arbor.js
[INFO] Exclude: **/src/ui/public/js/arbor-graphics.js
[INFO] Exclude: **/src/ui/public/js/arbor-tween.js
[INFO] Exclude: **/src/ui/public/js/jquery.mustache.js
[INFO] Exclude: **/src/ui/public/js/typeahead.jquery.min.js
[INFO] Exclude: **/dependency-reduced-pom.xml
[INFO] Exclude: **/docs/**
[INFO] Exclude: **/.git/**
[INFO] Exclude: **/derby.log
[INFO] Exclude: **/src/dev/**
[INFO] Exclude: **/src/codegen/config.fmpp
[INFO] Exclude: **/src/codegen/data/Parser.tdd
[INFO] Exclude: **/src/test/resources/FixedAvroSerializer.config
[INFO] 1076 resources included (use -debug for more details)
Warning:  org.apache.xerces.jaxp.SAXParserImpl$JAXPSAXParser: Property 'http://www.oracle.com/xml/jaxp/properties/entityExpansionLimit' is not recognized.
Compiler warnings:
  WARNING:  'org.apache.xerces.jaxp.SAXParserImpl: Property 'http://javax.xml.XMLConstants/property/accessExternalDTD' is not recognized.'
Warning:  org.apache.xerces.parsers.SAXParser: Feature 'http://javax.xml.XMLConstants/feature/secure-processing' is not recognized.
Warning:  org.apache.xerces.parsers.SAXParser: Property 'http://javax.xml.XMLConstants/property/accessExternalDTD' is not recognized.
Warning:  org.apache.xerces.parsers.SAXParser: Property 'http://www.oracle.com/xml/jaxp/properties/entityExpansionLimit' is not recognized.
[INFO] Rat check: Summary of files. Unapproved: 0 unknown: 0 generated: 0 approved: 1070 licence.
[INFO] 
[INFO] --- make-maven-plugin:1.0-beta-1:test (test) @ storm-core ---
[INFO] /bin/sh: 14: /home/travis/.jdk_switcher_rc: [[: not found
[INFO] /bin/sh: 22: /home/travis/.jdk_switcher_rc: [[: not found
[INFO] /bin/sh: 32: /home/travis/.jdk_switcher_rc: [[: not found
[INFO] /bin/sh: 42: /home/travis/.jdk_switcher_rc: [[: not found
[INFO] /bin/sh: 3: /etc/profile.d/rvm.sh: [[: not found
[INFO] make  test-worker-launcher
[INFO] make[1]: Entering directory `/home/travis/build/apache/storm/storm-core/target/native/worker-launcher'
[INFO] make[1]: `test-worker-launcher' is up to date.
[INFO] make[1]: Leaving directory `/home/travis/build/apache/storm/storm-core/target/native/worker-launcher'
[INFO] make  check-TESTS
[INFO] make[1]: Entering directory `/home/travis/build/apache/storm/storm-core/target/native/worker-launcher'
[INFO] chmod: cannot access `/tmp/test-worker-launcher': No such file or directory
[INFO] File /tmp/test-worker-launcher must be owned by root, but is owned by 1000
[INFO] 
[INFO] Starting tests
[INFO] 
[INFO] Testing get_container_launcher_file()
[INFO] 
[INFO] Testing check_configuration_permissions()
[INFO] 
[INFO] Testing check_configuration_permissions
[INFO] 
[INFO] Testing check_user()
[INFO] 
[INFO] Testing test_check_user
[INFO] Requested user lp has id 7, which is below the minimum allowed 1000
[INFO] Running as root is not allowed
[INFO] 
[INFO] Running test test_signal_container in child process
[INFO] 
[INFO] Testing signal_container
[INFO] Child container launched as 21108
[INFO] Killing process 21108 with 3
[INFO] 
[INFO] Running test test_signal_container_group in child process
[INFO] 
[INFO] Testing group signal_container
[INFO] Child container launched as 21110
[INFO] Killing process 21110 with 9
[INFO] 
[INFO] Finished tests
[INFO] PASS: test-worker-launcher
[INFO] =============
[INFO] 1 test passed
[INFO] =============
[INFO] make[1]: Leaving directory `/home/travis/build/apache/storm/storm-core/target/native/worker-launcher'
[INFO] ------------------------------------------------------------------------
[INFO] BUILD SUCCESS
[INFO] ------------------------------------------------------------------------
[INFO] Total time: 05:50 min
[INFO] Finished at: 2016-06-14T12:26:45+00:00
[INFO] Final Memory: 46M/432M
[INFO] ------------------------------------------------------------------------
Looking for errors in ./storm-core/target/surefire-reports
Checking ./storm-core/target/surefire-reports/TEST-org.apache.storm.cluster.StormClusterStateImplTest.xml
Checking ./storm-core/target/surefire-reports/TEST-org.apache.storm.serialization.GzipBridgeThriftSerializationDelegateTest.xml
Checking ./storm-core/target/surefire-reports/TEST-org.apache.storm.serialization.GzipBridgeSerializationDelegateTest.xml
Checking ./storm-core/target/surefire-reports/TEST-org.apache.storm.serialization.SerializationTest.xml
Checking ./storm-core/target/surefire-reports/TEST-org.apache.storm.serialization.ThriftBridgeSerializationDelegateTest.xml
Checking ./storm-core/target/surefire-reports/TEST-org.apache.storm.grouping.PartialKeyGroupingTest.xml
Checking ./storm-core/target/surefire-reports/TEST-org.apache.storm.command.TestCLI.xml
Checking ./storm-core/target/surefire-reports/TEST-org.apache.storm.command.RebalanceTest.xml
Checking ./storm-core/target/surefire-reports/TEST-org.apache.storm.command.SetLogLevelTest.xml
Checking ./storm-core/target/surefire-reports/TEST-org.apache.storm.utils.UtilsTest.xml
Checking ./storm-core/target/surefire-reports/TEST-org.apache.storm.utils.DisruptorQueueTest.xml
Checking ./storm-core/target/surefire-reports/TEST-org.apache.storm.utils.DisruptorQueueBackpressureTest.xml
Checking ./storm-core/target/surefire-reports/TEST-org.apache.storm.utils.StormBoundedExponentialBackoffRetryTest.xml
Checking ./storm-core/target/surefire-reports/TEST-org.apache.storm.utils.TimeTest.xml
Checking ./storm-core/target/surefire-reports/TEST-org.apache.storm.utils.ThriftTopologyUtilsTest.xml
Checking ./storm-core/target/surefire-reports/TEST-org.apache.storm.utils.WorkerBackpressureThreadTest.xml
Checking ./storm-core/target/surefire-reports/TEST-org.apache.storm.utils.ShellBoltMessageQueueTest.xml
Checking ./storm-core/target/surefire-reports/TEST-org.apache.storm.metric.internal.CountStatAndMetricTest.xml
Checking ./storm-core/target/surefire-reports/TEST-org.apache.storm.metric.internal.RateTrackerTest.xml
Checking ./storm-core/target/surefire-reports/TEST-org.apache.storm.metric.internal.LatencyStatAndMetricTest.xml
Checking ./storm-core/target/surefire-reports/TEST-org.apache.storm.metric.filter.FilterByMetricNameTest.xml
Checking ./storm-core/target/surefire-reports/TEST-org.apache.storm.scheduler.resource.strategies.scheduling.TestDefaultResourceAwareStrategy.xml
Checking ./storm-core/target/surefire-reports/TEST-org.apache.storm.scheduler.resource.TestResourceAwareScheduler.xml
Checking ./storm-core/target/surefire-reports/TEST-org.apache.storm.scheduler.resource.TestUser.xml
Checking ./storm-core/target/surefire-reports/TEST-org.apache.storm.localizer.LocalizerTest.xml
Checking ./storm-core/target/surefire-reports/TEST-org.apache.storm.localizer.LocalizedResourceRetentionSetTest.xml
Checking ./storm-core/target/surefire-reports/TEST-org.apache.storm.localizer.LocalizedResourceSetTest.xml
Checking ./storm-core/target/surefire-reports/TEST-org.apache.storm.spout.CheckpointSpoutTest.xml
Checking ./storm-core/target/surefire-reports/TEST-org.apache.storm.blobstore.ClientBlobStoreTest.xml
Checking ./storm-core/target/surefire-reports/TEST-org.apache.storm.blobstore.BlobStoreTest.xml
Checking ./storm-core/target/surefire-reports/TEST-org.apache.storm.blobstore.BlobSynchronizerTest.xml
Checking ./storm-core/target/surefire-reports/TEST-org.apache.storm.topology.StatefulWindowedBoltExecutorTest.xml
Checking ./storm-core/target/surefire-reports/TEST-org.apache.storm.topology.TopologyBuilderTest.xml
Checking ./storm-core/target/surefire-reports/TEST-org.apache.storm.topology.StatefulBoltExecutorTest.xml
Checking ./storm-core/target/surefire-reports/TEST-org.apache.storm.topology.WindowedBoltExecutorTest.xml
Checking ./storm-core/target/surefire-reports/TEST-org.apache.storm.state.InMemoryKeyValueStateTest.xml
Checking ./storm-core/target/surefire-reports/TEST-org.apache.storm.windowing.WaterMarkEventGeneratorTest.xml
Checking ./storm-core/target/surefire-reports/TEST-org.apache.storm.windowing.WindowManagerTest.xml
Checking ./storm-core/target/surefire-reports/TEST-org.apache.storm.trident.TestTridentTopology.xml
Checking ./storm-core/target/surefire-reports/TEST-org.apache.storm.trident.TridentWindowingTest.xml
Checking ./storm-core/target/surefire-reports/TEST-org.apache.storm.nimbus.LocalNimbusTest.xml
Checking ./storm-core/target/surefire-reports/TEST-org.apache.storm.TestConfigValidate.xml
Checking ./storm-core/target/surefire-reports/TEST-org.apache.storm.PacemakerTest.xml
Checking ./storm-core/target/surefire-reports/TEST-org.apache.storm.TestCgroups.xml
Checking ./storm-core/target/surefire-reports/TEST-org.apache.storm.PaceMakerStateStorageFactoryTest.xml
Looking for errors in ./storm-core/target/test-reports
Checking ./storm-core/target/test-reports/org.apache.storm.drpc-test.xml
Checking ./storm-core/target/test-reports/org.apache.storm.security.auth.ThriftServer-test.xml
Checking ./storm-core/target/test-reports/org.apache.storm.messaging.netty-unit-test.xml
Checking ./storm-core/target/test-reports/org.apache.storm.logviewer-test.xml
Checking ./storm-core/target/test-reports/org.apache.storm.clojure-test.xml
Checking ./storm-core/target/test-reports/org.apache.storm.trident.state-test.xml
Checking ./storm-core/target/test-reports/org.apache.storm.tuple-test.xml
Checking ./storm-core/target/test-reports/integration.org.apache.storm.integration-test.xml
Checking ./storm-core/target/test-reports/org.apache.storm.security.auth.AuthUtils-test.xml
Checking ./storm-core/target/test-reports/org.apache.storm.security.auth.drpc-auth-test.xml
Checking ./storm-core/target/test-reports/org.apache.storm.security.auth.ReqContext-test.xml
Checking ./storm-core/target/test-reports/org.apache.storm.security.serialization.BlowfishTupleSerializer-test.xml
Checking ./storm-core/target/test-reports/org.apache.storm.serialization.SerializationFactory-test.xml
Checking ./storm-core/target/test-reports/org.apache.storm.metrics-test.xml
Checking ./storm-core/target/test-reports/org.apache.storm.security.auth.auth-test.xml
Checking ./storm-core/target/test-reports/org.apache.storm.messaging.netty-integration-test.xml
Checking ./storm-core/target/test-reports/org.apache.storm.transactional-test.xml
Checking ./storm-core/target/test-reports/org.apache.storm.messaging-test.xml
Checking ./storm-core/target/test-reports/org.apache.storm.supervisor-test.xml
Checking ./storm-core/target/test-reports/org.apache.storm.subtopology-test.xml
Checking ./storm-core/target/test-reports/integration.org.apache.storm.trident.integration-test.xml
Checking ./storm-core/target/test-reports/org.apache.storm.versioned-store-test.xml
Checking ./storm-core/target/test-reports/org.apache.storm.utils.ZookeeperServerCnxnFactory-test.xml
Checking ./storm-core/target/test-reports/org.apache.storm.security.auth.DefaultHttpCredentialsPlugin-test.xml
Checking ./storm-core/target/test-reports/org.apache.storm.fields-test.xml
Checking ./storm-core/target/test-reports/org.apache.storm.submitter-test.xml
Checking ./storm-core/target/test-reports/org.apache.storm.cluster-test.xml
Checking ./storm-core/target/test-reports/org.apache.storm.security.auth.authorizer.DRPCSimpleACLAuthorizer-test.xml
Checking ./storm-core/target/test-reports/org.apache.storm.nimbus-test.xml
Checking ./storm-core/target/test-reports/org.apache.storm.security.auth.auto-login-module-test.xml
Checking ./storm-core/target/test-reports/org.apache.storm.security.auth.SaslTransportPlugin-test.xml
Checking ./storm-core/target/test-reports/org.apache.storm.grouping-test.xml
Checking ./storm-core/target/test-reports/org.apache.storm.serialization-test.xml
Checking ./storm-core/target/test-reports/org.apache.storm.worker-test.xml
Checking ./storm-core/target/test-reports/org.apache.storm.security.auth.nimbus-auth-test.xml
Checking ./storm-core/target/test-reports/org.apache.storm.local-state-test.xml
Checking ./storm-core/target/test-reports/org.apache.storm.scheduler-test.xml
Checking ./storm-core/target/test-reports/integration.org.apache.storm.testing4j-test.xml
Checking ./storm-core/target/test-reports/org.apache.storm.security.auth.ThriftClient-test.xml
Checking ./storm-core/target/test-reports/org.apache.storm.tick-tuple-test.xml
Checking ./storm-core/target/test-reports/org.apache.storm.scheduler.multitenant-scheduler-test.xml
Checking ./storm-core/target/test-reports/org.apache.storm.trident.tuple-test.xml

travis_time:end:073a8274:start=1465906853145261058,finish=1465907206344357678,duration=353199096620[0K
[32;1mThe command "/bin/bash ./dev-tools/travis/travis-script.sh `pwd` $MODULES" exited with 0.[0m
travis_fold:start:cache.2[0Kstore build cache
travis_time:start:0b5273bc[0K
travis_time:end:0b5273bc:start=1465907206350034364,finish=1465907206354214567,duration=4180203[0Ktravis_time:start:048ffc5e[0K[32;1mchange detected (content changed, file is created, or file is deleted):
/home/travis/.m2/repository/eigenbase/eigenbase-properties/1.1.4/eigenbase-properties-1.1.4.pom.lastUpdated
/home/travis/.m2/repository/io/confluent/kafka-avro-serializer/1.0/kafka-avro-serializer-1.0.pom.lastUpdated
/home/travis/.m2/repository/io/confluent/kafka-schema-registry-client/1.0/kafka-schema-registry-client-1.0.pom.lastUpdated
/home/travis/.m2/repository/net/hydromatic/linq4j/0.4/linq4j-0.4.pom.lastUpdated
/home/travis/.m2/repository/net/hydromatic/quidem/0.1.1/quidem-0.1.1.pom.lastUpdated
/home/travis/.m2/repository/org/apache/storm/flux/2.0.0-SNAPSHOT/maven-metadata-local.xml
/home/travis/.m2/repository/org/apache/storm/flux/2.0.0-SNAPSHOT/_remote.repositories
/home/travis/.m2/repository/org/apache/storm/flux-core/2.0.0-SNAPSHOT/flux-core-2.0.0-SNAPSHOT.jar
/home/travis/.m2/repository/org/apache/storm/flux-core/2.0.0-SNAPSHOT/maven-metadata-local.xml
/home/travis/.m2/repository/org/apache/storm/flux-core/2.0.0-SNAPSHOT/_remote.repositories
/home/travis/.m2/repository/org/ap
[0m
[32;1m...
[0m
[32;1mchanges detected, packing new archive[0m
.
.
.
.
.
.
[32;1muploading archive[0m

travis_time:end:048ffc5e:start=1465907206359147114,finish=1465907271163516489,duration=64804369375[0Ktravis_fold:end:cache.2[0K
Done. Your build exited with 0.
