Using worker: worker-linux-docker-b956ee3f.prod.travis-ci.org:travis-linux-6

travis_fold:start:system_info[0K[33;1mBuild system information[0m
Build language: java
Build group: stable
Build dist: precise
[34m[1mBuild image provisioning date and time[0m
Thu Feb  5 15:09:33 UTC 2015
[34m[1mOperating System Details[0m
Distributor ID:	Ubuntu
Description:	Ubuntu 12.04.5 LTS
Release:	12.04
Codename:	precise
[34m[1mLinux Version[0m
3.13.0-29-generic
[34m[1mCookbooks Version[0m
a68419e https://github.com/travis-ci/travis-cookbooks/tree/a68419e
[34m[1mGCC version[0m
gcc (Ubuntu/Linaro 4.6.3-1ubuntu5) 4.6.3
Copyright (C) 2011 Free Software Foundation, Inc.
This is free software; see the source for copying conditions.  There is NO
warranty; not even for MERCHANTABILITY or FITNESS FOR A PARTICULAR PURPOSE.

[34m[1mLLVM version[0m
clang version 3.4 (tags/RELEASE_34/final)
Target: x86_64-unknown-linux-gnu
Thread model: posix
[34m[1mPre-installed Ruby versions[0m
ruby-1.9.3-p551
[34m[1mPre-installed Node.js versions[0m
v0.10.36
[34m[1mPre-installed Go versions[0m
1.4.1
[34m[1mRedis version[0m
redis-server 2.8.19
[34m[1mriak version[0m
2.0.2
[34m[1mMongoDB version[0m
MongoDB 2.4.12
[34m[1mCouchDB version[0m
couchdb 1.6.1
[34m[1mNeo4j version[0m
1.9.4
[34m[1mRabbitMQ Version[0m
3.4.3
[34m[1mElasticSearch version[0m
1.4.0
[34m[1mInstalled Sphinx versions[0m
2.0.10
2.1.9
2.2.6
[34m[1mDefault Sphinx version[0m
2.2.6
[34m[1mInstalled Firefox version[0m
firefox 31.0esr
[34m[1mPhantomJS version[0m
1.9.8
[34m[1mant -version[0m
Apache Ant(TM) version 1.8.2 compiled on December 3 2011
[34m[1mmvn -version[0m
Apache Maven 3.2.5 (12a6b3acb947671f09b81f49094c53f426d8cea1; 2014-12-14T17:29:23+00:00)
Maven home: /usr/local/maven
Java version: 1.7.0_76, vendor: Oracle Corporation
Java home: /usr/lib/jvm/java-7-oracle/jre
Default locale: en_US, platform encoding: ANSI_X3.4-1968
OS name: "linux", version: "3.13.0-29-generic", arch: "amd64", family: "unix"
travis_fold:end:system_info[0K
travis_fold:start:fix.CVE-2015-7547[0K$ export DEBIAN_FRONTEND=noninteractive
W: Size of file /var/lib/apt/lists/us.archive.ubuntu.com_ubuntu_dists_precise-backports_multiverse_source_Sources.gz is not what the server reported 5886 5888
W: Size of file /var/lib/apt/lists/ppa.launchpad.net_ubuntugis_ppa_ubuntu_dists_precise_main_binary-amd64_Packages.gz is not what the server reported 36669 36677
W: Size of file /var/lib/apt/lists/ppa.launchpad.net_ubuntugis_ppa_ubuntu_dists_precise_main_binary-i386_Packages.gz is not what the server reported 36729 36733
Reading package lists...
Building dependency tree...
Reading state information...
The following extra packages will be installed:
  libc-bin libc-dev-bin libc6-dev
Suggested packages:
  glibc-doc
The following packages will be upgraded:
  libc-bin libc-dev-bin libc6 libc6-dev
4 upgraded, 0 newly installed, 0 to remove and 248 not upgraded.
Need to get 8,840 kB of archives.
After this operation, 14.3 kB disk space will be freed.
Get:1 http://us.archive.ubuntu.com/ubuntu/ precise-updates/main libc6-dev amd64 2.15-0ubuntu10.15 [2,943 kB]
Get:2 http://us.archive.ubuntu.com/ubuntu/ precise-updates/main libc-dev-bin amd64 2.15-0ubuntu10.15 [84.7 kB]
Get:3 http://us.archive.ubuntu.com/ubuntu/ precise-updates/main libc-bin amd64 2.15-0ubuntu10.15 [1,177 kB]
Get:4 http://us.archive.ubuntu.com/ubuntu/ precise-updates/main libc6 amd64 2.15-0ubuntu10.15 [4,636 kB]
Fetched 8,840 kB in 0s (19.1 MB/s)
Preconfiguring packages ...
(Reading database ... (Reading database ... 5%(Reading database ... 10%(Reading database ... 15%(Reading database ... 20%(Reading database ... 25%(Reading database ... 30%(Reading database ... 35%(Reading database ... 40%(Reading database ... 45%(Reading database ... 50%(Reading database ... 55%(Reading database ... 60%(Reading database ... 65%(Reading database ... 70%(Reading database ... 75%(Reading database ... 80%(Reading database ... 85%(Reading database ... 90%(Reading database ... 95%(Reading database ... 100%(Reading database ... 72019 files and directories currently installed.)
Preparing to replace libc6-dev 2.15-0ubuntu10.10 (using .../libc6-dev_2.15-0ubuntu10.15_amd64.deb) ...
Unpacking replacement libc6-dev ...
Preparing to replace libc-dev-bin 2.15-0ubuntu10.10 (using .../libc-dev-bin_2.15-0ubuntu10.15_amd64.deb) ...
Unpacking replacement libc-dev-bin ...
Preparing to replace libc-bin 2.15-0ubuntu10.10 (using .../libc-bin_2.15-0ubuntu10.15_amd64.deb) ...
Unpacking replacement libc-bin ...
Processing triggers for man-db ...
Setting up libc-bin (2.15-0ubuntu10.15) ...
(Reading database ... (Reading database ... 5%(Reading database ... 10%(Reading database ... 15%(Reading database ... 20%(Reading database ... 25%(Reading database ... 30%(Reading database ... 35%(Reading database ... 40%(Reading database ... 45%(Reading database ... 50%(Reading database ... 55%(Reading database ... 60%(Reading database ... 65%(Reading database ... 70%(Reading database ... 75%(Reading database ... 80%(Reading database ... 85%(Reading database ... 90%(Reading database ... 95%(Reading database ... 100%(Reading database ... 72018 files and directories currently installed.)
Preparing to replace libc6 2.15-0ubuntu10.10 (using .../libc6_2.15-0ubuntu10.15_amd64.deb) ...
Unpacking replacement libc6 ...
Setting up libc6 (2.15-0ubuntu10.15) ...
Setting up libc-dev-bin (2.15-0ubuntu10.15) ...
Setting up libc6-dev (2.15-0ubuntu10.15) ...
Processing triggers for libc-bin ...
ldconfig deferred processing now taking place
travis_fold:end:fix.CVE-2015-7547[0Ktravis_fold:start:git.checkout[0Ktravis_time:start:0999c2e1[0K$ git clone --depth=50 https://github.com/apache/storm.git apache/storm
Cloning into 'apache/storm'...
remote: Counting objects: 17820, done.[K
remote: Compressing objects:   0% (1/7241)   [Kremote: Compressing objects:   1% (73/7241)   [Kremote: Compressing objects:   2% (145/7241)   [Kremote: Compressing objects:   3% (218/7241)   [Kremote: Compressing objects:   4% (290/7241)   [Kremote: Compressing objects:   5% (363/7241)   [Kremote: Compressing objects:   6% (435/7241)   [Kremote: Compressing objects:   7% (507/7241)   [Kremote: Compressing objects:   8% (580/7241)   [Kremote: Compressing objects:   9% (652/7241)   [Kremote: Compressing objects:  10% (725/7241)   [Kremote: Compressing objects:  11% (797/7241)   [Kremote: Compressing objects:  12% (869/7241)   [Kremote: Compressing objects:  13% (942/7241)   [Kremote: Compressing objects:  14% (1014/7241)   [Kremote: Compressing objects:  15% (1087/7241)   [Kremote: Compressing objects:  16% (1159/7241)   [Kremote: Compressing objects:  17% (1231/7241)   [Kremote: Compressing objects:  18% (1304/7241)   [Kremote: Compressing objects:  19% (1376/7241)   [Kremote: Compressing objects:  20% (1449/7241)   [Kremote: Compressing objects:  21% (1521/7241)   [Kremote: Compressing objects:  22% (1594/7241)   [Kremote: Compressing objects:  23% (1666/7241)   [Kremote: Compressing objects:  24% (1738/7241)   [Kremote: Compressing objects:  25% (1811/7241)   [Kremote: Compressing objects:  26% (1883/7241)   [Kremote: Compressing objects:  27% (1956/7241)   [Kremote: Compressing objects:  28% (2028/7241)   [Kremote: Compressing objects:  29% (2100/7241)   [Kremote: Compressing objects:  30% (2173/7241)   [Kremote: Compressing objects:  31% (2245/7241)   [Kremote: Compressing objects:  32% (2318/7241)   [Kremote: Compressing objects:  33% (2390/7241)   [Kremote: Compressing objects:  34% (2462/7241)   [Kremote: Compressing objects:  35% (2535/7241)   [Kremote: Compressing objects:  36% (2607/7241)   [Kremote: Compressing objects:  37% (2680/7241)   [Kremote: Compressing objects:  38% (2752/7241)   [Kremote: Compressing objects:  39% (2824/7241)   [Kremote: Compressing objects:  40% (2897/7241)   [Kremote: Compressing objects:  41% (2969/7241)   [Kremote: Compressing objects:  42% (3042/7241)   [Kremote: Compressing objects:  43% (3114/7241)   [Kremote: Compressing objects:  44% (3187/7241)   [Kremote: Compressing objects:  45% (3259/7241)   [Kremote: Compressing objects:  46% (3331/7241)   [Kremote: Compressing objects:  47% (3404/7241)   [Kremote: Compressing objects:  48% (3476/7241)   [Kremote: Compressing objects:  49% (3549/7241)   [Kremote: Compressing objects:  50% (3621/7241)   [Kremote: Compressing objects:  51% (3693/7241)   [Kremote: Compressing objects:  52% (3766/7241)   [Kremote: Compressing objects:  53% (3838/7241)   [Kremote: Compressing objects:  54% (3911/7241)   [Kremote: Compressing objects:  55% (3983/7241)   [Kremote: Compressing objects:  56% (4055/7241)   [Kremote: Compressing objects:  57% (4128/7241)   [Kremote: Compressing objects:  58% (4200/7241)   [Kremote: Compressing objects:  59% (4273/7241)   [Kremote: Compressing objects:  60% (4345/7241)   [Kremote: Compressing objects:  61% (4418/7241)   [Kremote: Compressing objects:  62% (4490/7241)   [Kremote: Compressing objects:  63% (4562/7241)   [Kremote: Compressing objects:  64% (4635/7241)   [Kremote: Compressing objects:  65% (4707/7241)   [Kremote: Compressing objects:  66% (4780/7241)   [Kremote: Compressing objects:  67% (4852/7241)   [Kremote: Compressing objects:  68% (4924/7241)   [Kremote: Compressing objects:  69% (4997/7241)   [Kremote: Compressing objects:  70% (5069/7241)   [Kremote: Compressing objects:  71% (5142/7241)   [Kremote: Compressing objects:  72% (5214/7241)   [Kremote: Compressing objects:  73% (5286/7241)   [Kremote: Compressing objects:  74% (5359/7241)   [Kremote: Compressing objects:  75% (5431/7241)   [Kremote: Compressing objects:  76% (5504/7241)   [Kremote: Compressing objects:  77% (5576/7241)   [Kremote: Compressing objects:  78% (5648/7241)   [Kremote: Compressing objects:  79% (5721/7241)   [Kremote: Compressing objects:  80% (5793/7241)   [Kremote: Compressing objects:  81% (5866/7241)   [Kremote: Compressing objects:  82% (5938/7241)   [Kremote: Compressing objects:  83% (6011/7241)   [Kremote: Compressing objects:  84% (6083/7241)   [Kremote: Compressing objects:  85% (6155/7241)   [Kremote: Compressing objects:  86% (6228/7241)   [Kremote: Compressing objects:  87% (6300/7241)   [Kremote: Compressing objects:  88% (6373/7241)   [Kremote: Compressing objects:  89% (6445/7241)   [Kremote: Compressing objects:  90% (6517/7241)   [Kremote: Compressing objects:  91% (6590/7241)   [Kremote: Compressing objects:  92% (6662/7241)   [Kremote: Compressing objects:  93% (6735/7241)   [Kremote: Compressing objects:  94% (6807/7241)   [Kremote: Compressing objects:  95% (6879/7241)   [Kremote: Compressing objects:  96% (6952/7241)   [Kremote: Compressing objects:  97% (7024/7241)   [Kremote: Compressing objects:  98% (7097/7241)   [Kremote: Compressing objects:  99% (7169/7241)   [Kremote: Compressing objects: 100% (7241/7241)   [Kremote: Compressing objects: 100% (7241/7241), done.[K
Receiving objects:   0% (1/17820)   Receiving objects:   1% (179/17820)   Receiving objects:   2% (357/17820)   Receiving objects:   3% (535/17820)   Receiving objects:   4% (713/17820)   Receiving objects:   5% (891/17820)   Receiving objects:   6% (1070/17820)   Receiving objects:   7% (1248/17820)   Receiving objects:   8% (1426/17820)   Receiving objects:   9% (1604/17820)   Receiving objects:  10% (1782/17820)   Receiving objects:  11% (1961/17820)   Receiving objects:  12% (2139/17820)   Receiving objects:  13% (2317/17820)   Receiving objects:  14% (2495/17820)   Receiving objects:  15% (2673/17820)   Receiving objects:  16% (2852/17820)   Receiving objects:  17% (3030/17820)   Receiving objects:  18% (3208/17820)   Receiving objects:  19% (3386/17820)   Receiving objects:  20% (3564/17820)   Receiving objects:  21% (3743/17820)   Receiving objects:  22% (3921/17820)   Receiving objects:  23% (4099/17820)   Receiving objects:  24% (4277/17820)   Receiving objects:  25% (4455/17820)   Receiving objects:  26% (4634/17820)   Receiving objects:  27% (4812/17820)   Receiving objects:  28% (4990/17820)   Receiving objects:  29% (5168/17820)   Receiving objects:  30% (5346/17820)   Receiving objects:  31% (5525/17820)   Receiving objects:  32% (5703/17820)   Receiving objects:  33% (5881/17820)   Receiving objects:  34% (6059/17820)   Receiving objects:  35% (6237/17820)   Receiving objects:  36% (6416/17820)   Receiving objects:  37% (6594/17820)   Receiving objects:  38% (6772/17820)   Receiving objects:  39% (6950/17820)   Receiving objects:  40% (7128/17820)   Receiving objects:  41% (7307/17820)   Receiving objects:  42% (7485/17820)   Receiving objects:  43% (7663/17820)   Receiving objects:  44% (7841/17820)   Receiving objects:  45% (8019/17820)   Receiving objects:  46% (8198/17820)   Receiving objects:  47% (8376/17820)   Receiving objects:  48% (8554/17820)   Receiving objects:  49% (8732/17820)   Receiving objects:  50% (8910/17820)   Receiving objects:  51% (9089/17820)   Receiving objects:  52% (9267/17820)   Receiving objects:  53% (9445/17820)   Receiving objects:  54% (9623/17820)   Receiving objects:  55% (9801/17820)   Receiving objects:  56% (9980/17820)   Receiving objects:  57% (10158/17820)   Receiving objects:  58% (10336/17820)   Receiving objects:  59% (10514/17820)   Receiving objects:  60% (10692/17820)   Receiving objects:  61% (10871/17820)   Receiving objects:  62% (11049/17820)   Receiving objects:  63% (11227/17820)   Receiving objects:  64% (11405/17820)   Receiving objects:  65% (11583/17820)   Receiving objects:  66% (11762/17820)   Receiving objects:  67% (11940/17820)   Receiving objects:  68% (12118/17820)   Receiving objects:  69% (12296/17820)   Receiving objects:  70% (12474/17820)   Receiving objects:  71% (12653/17820)   Receiving objects:  72% (12831/17820)   Receiving objects:  73% (13009/17820)   Receiving objects:  74% (13187/17820)   Receiving objects:  75% (13365/17820)   Receiving objects:  76% (13544/17820)   Receiving objects:  77% (13722/17820)   Receiving objects:  78% (13900/17820)   Receiving objects:  79% (14078/17820)   Receiving objects:  80% (14256/17820)   Receiving objects:  81% (14435/17820)   Receiving objects:  82% (14613/17820), 12.60 MiB | 25.14 MiB/s   Receiving objects:  83% (14791/17820), 12.60 MiB | 25.14 MiB/s   Receiving objects:  84% (14969/17820), 12.60 MiB | 25.14 MiB/s   Receiving objects:  85% (15147/17820), 12.60 MiB | 25.14 MiB/s   Receiving objects:  86% (15326/17820), 12.60 MiB | 25.14 MiB/s   Receiving objects:  87% (15504/17820), 12.60 MiB | 25.14 MiB/s   Receiving objects:  88% (15682/17820), 12.60 MiB | 25.14 MiB/s   Receiving objects:  89% (15860/17820), 12.60 MiB | 25.14 MiB/s   Receiving objects:  90% (16038/17820), 12.60 MiB | 25.14 MiB/s   Receiving objects:  91% (16217/17820), 12.60 MiB | 25.14 MiB/s   Receiving objects:  92% (16395/17820), 12.60 MiB | 25.14 MiB/s   Receiving objects:  93% (16573/17820), 12.60 MiB | 25.14 MiB/s   Receiving objects:  94% (16751/17820), 12.60 MiB | 25.14 MiB/s   Receiving objects:  95% (16929/17820), 12.60 MiB | 25.14 MiB/s   Receiving objects:  96% (17108/17820), 12.60 MiB | 25.14 MiB/s   Receiving objects:  97% (17286/17820), 12.60 MiB | 25.14 MiB/s   Receiving objects:  98% (17464/17820), 12.60 MiB | 25.14 MiB/s   remote: Total 17820 (delta 8474), reused 15237 (delta 6520), pack-reused 0[K
Receiving objects:  99% (17642/17820), 12.60 MiB | 25.14 MiB/s   Receiving objects: 100% (17820/17820), 12.60 MiB | 25.14 MiB/s   Receiving objects: 100% (17820/17820), 14.32 MiB | 25.14 MiB/s, done.
Resolving deltas:   0% (0/8474)   Resolving deltas:   1% (138/8474)   Resolving deltas:   2% (173/8474)   Resolving deltas:   3% (272/8474)   Resolving deltas:   4% (346/8474)   Resolving deltas:   5% (426/8474)   Resolving deltas:   6% (510/8474)   Resolving deltas:   7% (599/8474)   Resolving deltas:   8% (750/8474)   Resolving deltas:   9% (763/8474)   Resolving deltas:  10% (852/8474)   Resolving deltas:  11% (942/8474)   Resolving deltas:  12% (1088/8474)   Resolving deltas:  13% (1110/8474)   Resolving deltas:  14% (1190/8474)   Resolving deltas:  15% (1322/8474)   Resolving deltas:  16% (1356/8474)   Resolving deltas:  17% (1442/8474)   Resolving deltas:  18% (1526/8474)   Resolving deltas:  19% (1612/8474)   Resolving deltas:  20% (1697/8474)   Resolving deltas:  21% (1780/8474)   Resolving deltas:  22% (1866/8474)   Resolving deltas:  23% (1952/8474)   Resolving deltas:  24% (2034/8474)   Resolving deltas:  25% (2121/8474)   Resolving deltas:  26% (2208/8474)   Resolving deltas:  27% (2288/8474)   Resolving deltas:  28% (2391/8474)   Resolving deltas:  29% (2492/8474)   Resolving deltas:  30% (2559/8474)   Resolving deltas:  31% (2674/8474)   Resolving deltas:  32% (2737/8474)   Resolving deltas:  33% (2803/8474)   Resolving deltas:  35% (3045/8474)   Resolving deltas:  37% (3138/8474)   Resolving deltas:  38% (3224/8474)   Resolving deltas:  39% (3309/8474)   Resolving deltas:  40% (3390/8474)   Resolving deltas:  41% (3476/8474)   Resolving deltas:  42% (3560/8474)   Resolving deltas:  43% (3657/8474)   Resolving deltas:  44% (3729/8474)   Resolving deltas:  45% (3817/8474)   Resolving deltas:  46% (3899/8474)   Resolving deltas:  47% (3985/8474)   Resolving deltas:  48% (4075/8474)   Resolving deltas:  49% (4154/8474)   Resolving deltas:  50% (4238/8474)   Resolving deltas:  51% (4324/8474)   Resolving deltas:  52% (4415/8474)   Resolving deltas:  53% (4494/8474)   Resolving deltas:  54% (4581/8474)   Resolving deltas:  55% (4661/8474)   Resolving deltas:  56% (4767/8474)   Resolving deltas:  57% (4831/8474)   Resolving deltas:  58% (4918/8474)   Resolving deltas:  59% (5031/8474)   Resolving deltas:  60% (5095/8474)   Resolving deltas:  61% (5170/8474)   Resolving deltas:  62% (5255/8474)   Resolving deltas:  63% (5339/8474)   Resolving deltas:  64% (5441/8474)   Resolving deltas:  65% (5584/8474)   Resolving deltas:  67% (5745/8474)   Resolving deltas:  69% (5897/8474)   Resolving deltas:  70% (5943/8474)   Resolving deltas:  71% (6023/8474)   Resolving deltas:  72% (6170/8474)   Resolving deltas:  73% (6259/8474)   Resolving deltas:  74% (6273/8474)   Resolving deltas:  75% (6420/8474)   Resolving deltas:  76% (6508/8474)   Resolving deltas:  77% (6534/8474)   Resolving deltas:  78% (6623/8474)   Resolving deltas:  79% (6698/8474)   Resolving deltas:  80% (6781/8474)   Resolving deltas:  84% (7139/8474)   Resolving deltas:  85% (7213/8474)   Resolving deltas:  86% (7292/8474)   Resolving deltas:  87% (7377/8474)   Resolving deltas:  88% (7531/8474)   Resolving deltas:  89% (7564/8474)   Resolving deltas:  90% (7627/8474)   Resolving deltas:  91% (7712/8474)   Resolving deltas:  92% (7857/8474)   Resolving deltas:  93% (7904/8474)   Resolving deltas:  94% (7967/8474)   Resolving deltas:  95% (8052/8474)   Resolving deltas:  96% (8137/8474)   Resolving deltas:  97% (8220/8474)   Resolving deltas:  98% (8305/8474)   Resolving deltas:  99% (8392/8474)   Resolving deltas: 100% (8474/8474)   Resolving deltas: 100% (8474/8474), done.
Checking connectivity... done.

travis_time:end:0999c2e1:start=1467271589968204432,finish=1467271592311846566,duration=2343642134[0K$ cd apache/storm
travis_time:start:1e6af3ec[0K$ git fetch origin +refs/pull/1528/merge:
remote: Counting objects: 4436, done.[K
remote: Compressing objects:   0% (1/1931)   [Kremote: Compressing objects:   1% (20/1931)   [Kremote: Compressing objects:   2% (39/1931)   [Kremote: Compressing objects:   3% (58/1931)   [Kremote: Compressing objects:   4% (78/1931)   [Kremote: Compressing objects:   5% (97/1931)   [Kremote: Compressing objects:   6% (116/1931)   [Kremote: Compressing objects:   7% (136/1931)   [Kremote: Compressing objects:   8% (155/1931)   [Kremote: Compressing objects:   9% (174/1931)   [Kremote: Compressing objects:  10% (194/1931)   [Kremote: Compressing objects:  11% (213/1931)   [Kremote: Compressing objects:  12% (232/1931)   [Kremote: Compressing objects:  13% (252/1931)   [Kremote: Compressing objects:  14% (271/1931)   [Kremote: Compressing objects:  15% (290/1931)   [Kremote: Compressing objects:  16% (309/1931)   [Kremote: Compressing objects:  17% (329/1931)   [Kremote: Compressing objects:  18% (348/1931)   [Kremote: Compressing objects:  19% (367/1931)   [Kremote: Compressing objects:  20% (387/1931)   [Kremote: Compressing objects:  21% (406/1931)   [Kremote: Compressing objects:  22% (425/1931)   [Kremote: Compressing objects:  23% (445/1931)   [Kremote: Compressing objects:  24% (464/1931)   [Kremote: Compressing objects:  25% (483/1931)   [Kremote: Compressing objects:  26% (503/1931)   [Kremote: Compressing objects:  27% (522/1931)   [Kremote: Compressing objects:  28% (541/1931)   [Kremote: Compressing objects:  29% (560/1931)   [Kremote: Compressing objects:  30% (580/1931)   [Kremote: Compressing objects:  31% (599/1931)   [Kremote: Compressing objects:  32% (618/1931)   [Kremote: Compressing objects:  33% (638/1931)   [Kremote: Compressing objects:  34% (657/1931)   [Kremote: Compressing objects:  35% (676/1931)   [Kremote: Compressing objects:  36% (696/1931)   [Kremote: Compressing objects:  37% (715/1931)   [Kremote: Compressing objects:  38% (734/1931)   [Kremote: Compressing objects:  39% (754/1931)   [Kremote: Compressing objects:  40% (773/1931)   [Kremote: Compressing objects:  41% (792/1931)   [Kremote: Compressing objects:  42% (812/1931)   [Kremote: Compressing objects:  43% (831/1931)   [Kremote: Compressing objects:  44% (850/1931)   [Kremote: Compressing objects:  45% (869/1931)   [Kremote: Compressing objects:  46% (889/1931)   [Kremote: Compressing objects:  47% (908/1931)   [Kremote: Compressing objects:  48% (927/1931)   [Kremote: Compressing objects:  49% (947/1931)   [Kremote: Compressing objects:  50% (966/1931)   [Kremote: Compressing objects:  51% (985/1931)   [Kremote: Compressing objects:  52% (1005/1931)   [Kremote: Compressing objects:  53% (1024/1931)   [Kremote: Compressing objects:  54% (1043/1931)   [Kremote: Compressing objects:  55% (1063/1931)   [Kremote: Compressing objects:  56% (1082/1931)   [Kremote: Compressing objects:  57% (1101/1931)   [Kremote: Compressing objects:  58% (1120/1931)   [Kremote: Compressing objects:  59% (1140/1931)   [Kremote: Compressing objects:  60% (1159/1931)   [Kremote: Compressing objects:  61% (1178/1931)   [Kremote: Compressing objects:  62% (1198/1931)   [Kremote: Compressing objects:  63% (1217/1931)   [Kremote: Compressing objects:  64% (1236/1931)   [Kremote: Compressing objects:  65% (1256/1931)   [Kremote: Compressing objects:  66% (1275/1931)   [Kremote: Compressing objects:  67% (1294/1931)   [Kremote: Compressing objects:  68% (1314/1931)   [Kremote: Compressing objects:  69% (1333/1931)   [Kremote: Compressing objects:  70% (1352/1931)   [Kremote: Compressing objects:  71% (1372/1931)   [Kremote: Compressing objects:  72% (1391/1931)   [Kremote: Compressing objects:  73% (1410/1931)   [Kremote: Compressing objects:  74% (1429/1931)   [Kremote: Compressing objects:  75% (1449/1931)   [Kremote: Compressing objects:  76% (1468/1931)   [Kremote: Compressing objects:  77% (1487/1931)   [Kremote: Compressing objects:  78% (1507/1931)   [Kremote: Compressing objects:  79% (1526/1931)   [Kremote: Compressing objects:  80% (1545/1931)   [Kremote: Compressing objects:  81% (1565/1931)   [Kremote: Compressing objects:  82% (1584/1931)   [Kremote: Compressing objects:  83% (1603/1931)   [Kremote: Compressing objects:  84% (1623/1931)   [Kremote: Compressing objects:  85% (1642/1931)   [Kremote: Compressing objects:  86% (1661/1931)   [Kremote: Compressing objects:  87% (1680/1931)   [Kremote: Compressing objects:  88% (1700/1931)   [Kremote: Compressing objects:  89% (1719/1931)   [Kremote: Compressing objects:  90% (1738/1931)   [Kremote: Compressing objects:  91% (1758/1931)   [Kremote: Compressing objects:  92% (1777/1931)   [Kremote: Compressing objects:  93% (1796/1931)   [Kremote: Compressing objects:  94% (1816/1931)   [Kremote: Compressing objects:  95% (1835/1931)   [Kremote: Compressing objects:  96% (1854/1931)   [Kremote: Compressing objects:  97% (1874/1931)   [Kremote: Compressing objects:  98% (1893/1931)   [Kremote: Compressing objects:  99% (1912/1931)   [Kremote: Compressing objects: 100% (1931/1931)   [Kremote: Compressing objects: 100% (1931/1931), done.[K
Receiving objects:   0% (1/4436)   Receiving objects:   1% (45/4436)   Receiving objects:   2% (89/4436)   Receiving objects:   3% (134/4436)   Receiving objects:   4% (178/4436)   Receiving objects:   5% (222/4436)   Receiving objects:   6% (267/4436)   Receiving objects:   7% (311/4436)   Receiving objects:   8% (355/4436)   Receiving objects:   9% (400/4436)   Receiving objects:  10% (444/4436)   Receiving objects:  11% (488/4436)   Receiving objects:  12% (533/4436)   Receiving objects:  13% (577/4436)   Receiving objects:  14% (622/4436)   Receiving objects:  15% (666/4436)   Receiving objects:  16% (710/4436)   Receiving objects:  17% (755/4436)   Receiving objects:  18% (799/4436)   Receiving objects:  19% (843/4436)   Receiving objects:  20% (888/4436)   Receiving objects:  21% (932/4436)   Receiving objects:  22% (976/4436)   Receiving objects:  23% (1021/4436)   Receiving objects:  24% (1065/4436)   Receiving objects:  25% (1109/4436)   Receiving objects:  26% (1154/4436)   Receiving objects:  27% (1198/4436)   Receiving objects:  28% (1243/4436)   Receiving objects:  29% (1287/4436)   Receiving objects:  30% (1331/4436)   Receiving objects:  31% (1376/4436)   Receiving objects:  32% (1420/4436)   Receiving objects:  33% (1464/4436)   Receiving objects:  34% (1509/4436)   Receiving objects:  35% (1553/4436)   Receiving objects:  36% (1597/4436)   Receiving objects:  37% (1642/4436)   Receiving objects:  38% (1686/4436)   Receiving objects:  39% (1731/4436)   Receiving objects:  40% (1775/4436)   Receiving objects:  41% (1819/4436)   Receiving objects:  42% (1864/4436)   Receiving objects:  43% (1908/4436)   Receiving objects:  44% (1952/4436)   Receiving objects:  45% (1997/4436)   Receiving objects:  46% (2041/4436)   Receiving objects:  47% (2085/4436)   Receiving objects:  48% (2130/4436)   Receiving objects:  49% (2174/4436)   Receiving objects:  50% (2218/4436)   Receiving objects:  51% (2263/4436)   Receiving objects:  52% (2307/4436)   Receiving objects:  53% (2352/4436)   Receiving objects:  54% (2396/4436)   Receiving objects:  55% (2440/4436)   Receiving objects:  56% (2485/4436)   Receiving objects:  57% (2529/4436)   Receiving objects:  58% (2573/4436)   Receiving objects:  59% (2618/4436)   Receiving objects:  60% (2662/4436)   Receiving objects:  61% (2706/4436)   Receiving objects:  62% (2751/4436)   Receiving objects:  63% (2795/4436)   Receiving objects:  64% (2840/4436)   Receiving objects:  65% (2884/4436)   Receiving objects:  66% (2928/4436)   Receiving objects:  67% (2973/4436)   Receiving objects:  68% (3017/4436)   Receiving objects:  69% (3061/4436)   Receiving objects:  70% (3106/4436)   Receiving objects:  71% (3150/4436)   Receiving objects:  72% (3194/4436)   Receiving objects:  73% (3239/4436)   Receiving objects:  74% (3283/4436)   Receiving objects:  75% (3327/4436)   Receiving objects:  76% (3372/4436)   Receiving objects:  77% (3416/4436)   Receiving objects:  78% (3461/4436)   Receiving objects:  79% (3505/4436)   Receiving objects:  80% (3549/4436)   Receiving objects:  81% (3594/4436)   Receiving objects:  82% (3638/4436)   Receiving objects:  83% (3682/4436)   Receiving objects:  84% (3727/4436)   Receiving objects:  85% (3771/4436)   Receiving objects:  86% (3815/4436)   Receiving objects:  87% (3860/4436)   Receiving objects:  88% (3904/4436)   Receiving objects:  89% (3949/4436)   Receiving objects:  90% (3993/4436)   Receiving objects:  91% (4037/4436)   Receiving objects:  92% (4082/4436)   Receiving objects:  93% (4126/4436)   Receiving objects:  94% (4170/4436)   Receiving objects:  95% (4215/4436)   remote: Total 4436 (delta 2020), reused 3904 (delta 1546), pack-reused 0[K
Receiving objects:  96% (4259/4436)   Receiving objects:  97% (4303/4436)   Receiving objects:  98% (4348/4436)   Receiving objects:  99% (4392/4436)   Receiving objects: 100% (4436/4436)   Receiving objects: 100% (4436/4436), 886.48 KiB | 0 bytes/s, done.
Resolving deltas:   0% (0/2020)   Resolving deltas:   1% (22/2020)   Resolving deltas:   2% (46/2020)   Resolving deltas:   3% (63/2020)   Resolving deltas:   4% (88/2020)   Resolving deltas:   6% (137/2020)   Resolving deltas:   7% (158/2020)   Resolving deltas:   8% (164/2020)   Resolving deltas:   9% (182/2020)   Resolving deltas:  16% (337/2020)   Resolving deltas:  17% (346/2020)   Resolving deltas:  18% (365/2020)   Resolving deltas:  19% (387/2020)   Resolving deltas:  20% (405/2020)   Resolving deltas:  21% (427/2020)   Resolving deltas:  22% (451/2020)   Resolving deltas:  23% (465/2020)   Resolving deltas:  24% (504/2020)   Resolving deltas:  25% (516/2020)   Resolving deltas:  26% (526/2020)   Resolving deltas:  28% (578/2020)   Resolving deltas:  29% (589/2020)   Resolving deltas:  31% (639/2020)   Resolving deltas:  32% (647/2020)   Resolving deltas:  33% (667/2020)   Resolving deltas:  34% (689/2020)   Resolving deltas:  35% (708/2020)   Resolving deltas:  36% (731/2020)   Resolving deltas:  38% (771/2020)   Resolving deltas:  39% (788/2020)   Resolving deltas:  40% (823/2020)   Resolving deltas:  45% (924/2020)   Resolving deltas:  46% (930/2020)   Resolving deltas:  47% (954/2020)   Resolving deltas:  48% (977/2020)   Resolving deltas:  50% (1018/2020)   Resolving deltas:  51% (1040/2020)   Resolving deltas:  52% (1056/2020)   Resolving deltas:  53% (1075/2020)   Resolving deltas:  60% (1223/2020)   Resolving deltas:  61% (1245/2020)   Resolving deltas:  62% (1254/2020)   Resolving deltas:  63% (1276/2020)   Resolving deltas:  64% (1295/2020)   Resolving deltas:  65% (1317/2020)   Resolving deltas:  66% (1340/2020)   Resolving deltas:  67% (1354/2020)   Resolving deltas:  68% (1380/2020)   Resolving deltas:  69% (1398/2020)   Resolving deltas:  70% (1414/2020)   Resolving deltas:  71% (1438/2020)   Resolving deltas:  72% (1456/2020)   Resolving deltas:  76% (1539/2020)   Resolving deltas:  77% (1556/2020)   Resolving deltas:  78% (1579/2020)   Resolving deltas:  79% (1596/2020)   Resolving deltas:  80% (1618/2020)   Resolving deltas:  81% (1638/2020)   Resolving deltas:  82% (1657/2020)   Resolving deltas:  83% (1680/2020)   Resolving deltas:  84% (1697/2020)   Resolving deltas:  85% (1717/2020)   Resolving deltas:  86% (1740/2020)   Resolving deltas:  87% (1760/2020)   Resolving deltas:  90% (1821/2020)   Resolving deltas:  91% (1839/2020)   Resolving deltas:  92% (1860/2020)   Resolving deltas:  93% (1879/2020)   Resolving deltas:  94% (1899/2020)   Resolving deltas:  95% (1927/2020)   Resolving deltas:  96% (1941/2020)   Resolving deltas:  97% (1968/2020)   Resolving deltas:  98% (1986/2020)   Resolving deltas:  99% (2007/2020)   Resolving deltas: 100% (2020/2020)   Resolving deltas: 100% (2020/2020), completed with 188 local objects.
From https://github.com/apache/storm
 * branch            refs/pull/1528/merge -> FETCH_HEAD

travis_time:end:1e6af3ec:start=1467271592315673720,finish=1467271593198998700,duration=883324980[0K$ git checkout -qf FETCH_HEAD
travis_fold:end:git.checkout[0K
[33;1mThis job is running on container-based infrastructure, which does not allow use of 'sudo', setuid and setguid executables.[0m
[33;1mIf you require sudo, add 'sudo: required' to your .travis.yml[0m
[33;1mSee https://docs.travis-ci.com/user/workers/container-based-infrastructure/ for details.[0m

[33;1mSetting environment variables from .travis.yml[0m
$ export MODULES=storm-core

$ jdk_switcher use oraclejdk7
Switching to Oracle JDK7 (java-7-oracle), JAVA_HOME will be set to /usr/lib/jvm/java-7-oracle
travis_fold:start:cache.1[0KSetting up build cache
$ export CASHER_DIR=$HOME/.casher
travis_time:start:14a0e040[0K$ Installing caching utilities

travis_time:end:14a0e040:start=1467271595385474706,finish=1467271595505156507,duration=119681801[0Ktravis_time:start:10a7ac5d[0K
travis_time:end:10a7ac5d:start=1467271595509989434,finish=1467271595513242003,duration=3252569[0Ktravis_time:start:1da9fa80[0K[32;1mattempting to download cache archive[0m
[32;1mfetching PR.1528/cache-linux-precise-4722ea394922d42b2b7eb84cff6efc764d76759821ac6f6efc13232aa923f595--jdk-oraclejdk7.tgz[0m
[32;1mfound cache[0m

travis_time:end:1da9fa80:start=1467271595520119173,finish=1467271614259253191,duration=18739134018[0Ktravis_time:start:181645dc[0K
travis_time:end:181645dc:start=1467271614268739494,finish=1467271614277703428,duration=8963934[0Ktravis_time:start:2c26f4c0[0K[32;1madding /home/travis/.m2/repository to cache[0m
[32;1madding /home/travis/.rvm to cache[0m
[32;1madding /home/travis/.nvm to cache[0m

travis_time:end:2c26f4c0:start=1467271614281927050,finish=1467271634645308351,duration=20363381301[0Ktravis_fold:end:cache.1[0K$ java -Xmx32m -version
java version "1.7.0_76"
Java(TM) SE Runtime Environment (build 1.7.0_76-b13)
Java HotSpot(TM) 64-Bit Server VM (build 24.76-b04, mixed mode)
$ javac -J-Xmx32m -version
javac 1.7.0_76
travis_fold:start:before_install.1[0Ktravis_time:start:01340d74[0K$ rvm use 2.1.5 --install
[32mUsing /home/travis/.rvm/gems/ruby-2.1.5[0m

travis_time:end:01340d74:start=1467271634967661137,finish=1467271635219969002,duration=252307865[0Ktravis_fold:end:before_install.1[0Ktravis_fold:start:before_install.2[0Ktravis_time:start:0264556e[0K$ nvm install 0.12.2
v0.12.2 is already installed.
Now using node v0.12.2

travis_time:end:0264556e:start=1467271635224111829,finish=1467271635450453349,duration=226341520[0Ktravis_fold:end:before_install.2[0Ktravis_fold:start:before_install.3[0Ktravis_time:start:18e2b2fc[0K$ nvm use 0.12.2
Now using node v0.12.2

travis_time:end:18e2b2fc:start=1467271635454652814,finish=1467271635510941655,duration=56288841[0Ktravis_fold:end:before_install.3[0Ktravis_fold:start:install[0Ktravis_time:start:2cb4f820[0K$ /bin/bash ./dev-tools/travis/travis-install.sh `pwd`
Python version :   Python 2.7.3
Maven version  :   Apache Maven 3.2.5 (12a6b3acb947671f09b81f49094c53f426d8cea1; 2014-12-14T17:29:23+00:00) Maven home: /usr/local/maven Java version: 1.7.0_76, vendor: Oracle Corporation Java home: /usr/lib/jvm/java-7-oracle/jre Default locale: en_US, platform encoding: UTF-8 OS name: "linux", version: "3.13.0-40-generic", arch: "amd64", family: "unix"
['mvn', 'clean', 'install', '-DskipTests', '-Pnative', '--batch-mode'] writing to install.txt
1 seconds 1 log lines11 seconds 239 log lines28 seconds 308 log lines45 seconds 317 log lines55 seconds 468 log lines74 seconds 621 log lines85 seconds 828 log lines96 seconds 919 log lines106 seconds 1169 log lines121 seconds 1408 log lines132 seconds 1592 log lines142 seconds 2076 log lines157 seconds 2236 log lines170 seconds 2531 log lines170 seconds 2532 log lines
['mvn', 'clean', 'install', '-DskipTests', '-Pnative', '--batch-mode'] done 0

travis_time:end:2cb4f820:start=1467271635515167565,finish=1467271806097572838,duration=170582405273[0Ktravis_fold:end:install[0Ktravis_time:start:174d57b0[0K$ /bin/bash ./dev-tools/travis/travis-script.sh `pwd` $MODULES
Python version :   Python 2.7.3
Ruby version   :   ruby 2.1.5p273 (2014-11-13 revision 48405) [x86_64-linux]
NodeJs version :  
Maven version  :   Apache Maven 3.2.5 (12a6b3acb947671f09b81f49094c53f426d8cea1; 2014-12-14T17:29:23+00:00) Maven home: /usr/local/maven Java version: 1.7.0_76, vendor: Oracle Corporation Java home: /usr/lib/jvm/java-7-oracle/jre Default locale: en_US, platform encoding: UTF-8 OS name: "linux", version: "3.13.0-40-generic", arch: "amd64", family: "unix"
[INFO] Scanning for projects...
[INFO]                                                                         
[INFO] ------------------------------------------------------------------------
[INFO] Building Storm Core 1.1.0-SNAPSHOT
[INFO] ------------------------------------------------------------------------
[INFO] 
[INFO] --- exec-maven-plugin:1.2.1:exec (default) @ storm-core ---
[INFO] 
[INFO] --- maven-remote-resources-plugin:1.2.1:process (default) @ storm-core ---
[INFO] 
[INFO] --- storm-maven-plugins:1.1.0-SNAPSHOT:version-info (version-info) @ storm-core ---
[WARNING] [svn, info] failed with error code 1
[INFO] SCM: GIT
[INFO] Computed MD5: d65587557f17a0e17ada5cd0ac2a7c72
[INFO] 
[INFO] --- maven-resources-plugin:2.5:resources (default-resources) @ storm-core ---
[debug] execute contextualize
[INFO] Using 'UTF-8' encoding to copy filtered resources.
[INFO] Copying 8 resources
[INFO] Copying 1 resource to META-INF
[INFO] Copying 0 resource
[INFO] Copying 1 resource
[INFO] Copying 3 resources
[INFO] 
[INFO] --- maven-compiler-plugin:3.1:compile (default-compile) @ storm-core ---
[INFO] Nothing to compile - all classes are up to date
[INFO] 
[INFO] --- clojure-maven-plugin:1.7.1:compile (compile-clojure) @ storm-core ---
Compiling org.apache.storm.stats to /home/travis/build/apache/storm/storm-core/target/classes
Compiling org.apache.storm.converter to /home/travis/build/apache/storm/storm-core/target/classes
Compiling org.apache.storm.testing to /home/travis/build/apache/storm/storm-core/target/classes
Compiling org.apache.storm.util to /home/travis/build/apache/storm/storm-core/target/classes
Compiling org.apache.storm.scheduler.DefaultScheduler to /home/travis/build/apache/storm/storm-core/target/classes
Compiling org.apache.storm.command.kill-workers to /home/travis/build/apache/storm/storm-core/target/classes
Compiling org.apache.storm.pacemaker.pacemaker-state-factory to /home/travis/build/apache/storm/storm-core/target/classes
Compiling org.apache.storm.daemon.task to /home/travis/build/apache/storm/storm-core/target/classes
Compiling org.apache.storm.process-simulator to /home/travis/build/apache/storm/storm-core/target/classes
Compiling org.apache.storm.daemon.common to /home/travis/build/apache/storm/storm-core/target/classes
Compiling org.apache.storm.command.list to /home/travis/build/apache/storm/storm-core/target/classes
Compiling org.apache.storm.command.dev-zookeeper to /home/travis/build/apache/storm/storm-core/target/classes
Compiling org.apache.storm.command.set-log-level to /home/travis/build/apache/storm/storm-core/target/classes
Compiling org.apache.storm.command.kill-topology to /home/travis/build/apache/storm/storm-core/target/classes
Compiling org.apache.storm.LocalDRPC to /home/travis/build/apache/storm/storm-core/target/classes
Compiling org.apache.storm.event to /home/travis/build/apache/storm/storm-core/target/classes
Compiling org.apache.storm.command.get-errors to /home/travis/build/apache/storm/storm-core/target/classes
Compiling org.apache.storm.trident.testing to /home/travis/build/apache/storm/storm-core/target/classes
Compiling org.apache.storm.daemon.drpc to /home/travis/build/apache/storm/storm-core/target/classes
Compiling org.apache.storm.config to /home/travis/build/apache/storm/storm-core/target/classes
Compiling org.apache.storm.log to /home/travis/build/apache/storm/storm-core/target/classes
Compiling org.apache.storm.daemon.executor to /home/travis/build/apache/storm/storm-core/target/classes
Compiling org.apache.storm.thrift to /home/travis/build/apache/storm/storm-core/target/classes
Compiling org.apache.storm.daemon.builtin-metrics to /home/travis/build/apache/storm/storm-core/target/classes
Compiling org.apache.storm.daemon.logviewer to /home/travis/build/apache/storm/storm-core/target/classes
Compiling org.apache.storm.command.monitor to /home/travis/build/apache/storm/storm-core/target/classes
Compiling org.apache.storm.disruptor to /home/travis/build/apache/storm/storm-core/target/classes
Compiling org.apache.storm.ui.core to /home/travis/build/apache/storm/storm-core/target/classes
Compiling org.apache.storm.cluster to /home/travis/build/apache/storm/storm-core/target/classes
Compiling org.apache.storm.pacemaker.pacemaker to /home/travis/build/apache/storm/storm-core/target/classes
Compiling org.apache.storm.command.rebalance to /home/travis/build/apache/storm/storm-core/target/classes
Compiling org.apache.storm.daemon.worker to /home/travis/build/apache/storm/storm-core/target/classes
Compiling org.apache.storm.metric.testing to /home/travis/build/apache/storm/storm-core/target/classes
Compiling org.apache.storm.daemon.acker to /home/travis/build/apache/storm/storm-core/target/classes
Compiling org.apache.storm.command.heartbeats to /home/travis/build/apache/storm/storm-core/target/classes
WARNING: reverse already refers to: #'clojure.core/reverse in namespace: org.apache.storm.command.heartbeats, being replaced by: #'clojure.string/reverse
WARNING: replace already refers to: #'clojure.core/replace in namespace: org.apache.storm.command.heartbeats, being replaced by: #'clojure.string/replace
Compiling org.apache.storm.command.activate to /home/travis/build/apache/storm/storm-core/target/classes
Compiling org.apache.storm.blobstore to /home/travis/build/apache/storm/storm-core/target/classes
Compiling org.apache.storm.daemon.supervisor to /home/travis/build/apache/storm/storm-core/target/classes
Compiling org.apache.storm.scheduler.EvenScheduler to /home/travis/build/apache/storm/storm-core/target/classes
Compiling org.apache.storm.messaging.local to /home/travis/build/apache/storm/storm-core/target/classes
Compiling org.apache.storm.command.upload-credentials to /home/travis/build/apache/storm/storm-core/target/classes
Compiling org.apache.storm.command.deactivate to /home/travis/build/apache/storm/storm-core/target/classes
Compiling org.apache.storm.command.blobstore to /home/travis/build/apache/storm/storm-core/target/classes
Compiling org.apache.storm.local-state to /home/travis/build/apache/storm/storm-core/target/classes
Compiling org.apache.storm.command.healthcheck to /home/travis/build/apache/storm/storm-core/target/classes
Compiling org.apache.storm.messaging.loader to /home/travis/build/apache/storm/storm-core/target/classes
Compiling org.apache.storm.testing4j to /home/travis/build/apache/storm/storm-core/target/classes
Compiling org.apache.storm.ui.helpers to /home/travis/build/apache/storm/storm-core/target/classes
Compiling org.apache.storm.scheduler.IsolationScheduler to /home/travis/build/apache/storm/storm-core/target/classes
Compiling org.apache.storm.clojure to /home/travis/build/apache/storm/storm-core/target/classes
Compiling org.apache.storm.command.shell-submission to /home/travis/build/apache/storm/storm-core/target/classes
Compiling org.apache.storm.timer to /home/travis/build/apache/storm/storm-core/target/classes
Compiling org.apache.storm.MockAutoCred to /home/travis/build/apache/storm/storm-core/target/classes
Compiling org.apache.storm.daemon.nimbus to /home/travis/build/apache/storm/storm-core/target/classes
Compiling org.apache.storm.command.config-value to /home/travis/build/apache/storm/storm-core/target/classes
Compiling org.apache.storm.LocalCluster to /home/travis/build/apache/storm/storm-core/target/classes
Compiling org.apache.storm.cluster-state.zookeeper-state-factory to /home/travis/build/apache/storm/storm-core/target/classes
Compiling org.apache.storm.zookeeper to /home/travis/build/apache/storm/storm-core/target/classes
[INFO] 
[INFO] --- make-maven-plugin:1.0-beta-1:autoreconf (compile) @ storm-core ---
[INFO] 
[INFO] --- make-maven-plugin:1.0-beta-1:configure (compile) @ storm-core ---
[INFO] /bin/sh: 14: /home/travis/.jdk_switcher_rc: [[: not found
[INFO] /bin/sh: 22: /home/travis/.jdk_switcher_rc: [[: not found
[INFO] /bin/sh: 32: /home/travis/.jdk_switcher_rc: [[: not found
[INFO] /bin/sh: 42: /home/travis/.jdk_switcher_rc: [[: not found
[INFO] Segmentation fault
[INFO] /bin/sh: 3: /etc/profile.d/rvm.sh: [[: not found
[INFO] checking for gcc... gcc
[INFO] checking whether the C compiler works... yes
[INFO] checking for C compiler default output file name... a.out
[INFO] checking for suffix of executables... 
[INFO] checking whether we are cross compiling... no
[INFO] checking for suffix of object files... o
[INFO] checking whether we are using the GNU C compiler... yes
[INFO] checking whether gcc accepts -g... yes
[INFO] checking for gcc option to accept ISO C89... none needed
[INFO] checking how to run the C preprocessor... gcc -E
[INFO] checking for grep that handles long lines and -e... /bin/grep
[INFO] checking for egrep... /bin/grep -E
[INFO] checking for ANSI C header files... yes
[INFO] checking for sys/types.h... yes
[INFO] checking for sys/stat.h... yes
[INFO] checking for stdlib.h... yes
[INFO] checking for string.h... yes
[INFO] checking for memory.h... yes
[INFO] checking for strings.h... yes
[INFO] checking for inttypes.h... yes
[INFO] checking for stdint.h... yes
[INFO] checking for unistd.h... yes
[INFO] checking minix/config.h usability... no
[INFO] checking minix/config.h presence... no
[INFO] checking for minix/config.h... no
[INFO] checking whether it is safe to define __EXTENSIONS__... yes
[INFO] checking for a BSD-compatible install... /usr/bin/install -c
[INFO] checking whether build environment is sane... yes
[INFO] checking for a thread-safe mkdir -p... /bin/mkdir -p
[INFO] checking for gawk... gawk
[INFO] checking whether make sets $(MAKE)... yes
[INFO] checking for style of include used by make... GNU
[INFO] checking dependency style of gcc... gcc3
[INFO] checking for gcc... (cached) gcc
[INFO] checking whether we are using the GNU C compiler... (cached) yes
[INFO] checking whether gcc accepts -g... (cached) yes
[INFO] checking for gcc option to accept ISO C89... (cached) none needed
[INFO] checking whether gcc and cc understand -c and -o together... yes
[INFO] checking for unistd.h... (cached) yes
[INFO] checking for stdbool.h that conforms to C99... yes
[INFO] checking for _Bool... yes
[INFO] checking for an ANSI C-conforming const... yes
[INFO] checking for off_t... yes
[INFO] checking for size_t... yes
[INFO] checking whether strerror_r is declared... yes
[INFO] checking for strerror_r... yes
[INFO] checking whether strerror_r returns char *... yes
[INFO] checking for mkdir... yes
[INFO] checking for uname... yes
[INFO] configure: creating ./config.status
[INFO] config.status: creating Makefile
[INFO] config.status: executing depfiles commands
[INFO] 
[INFO] --- make-maven-plugin:1.0-beta-1:make-install (compile) @ storm-core ---
[INFO] /bin/sh: 14: /home/travis/.jdk_switcher_rc: [[: not found
[INFO] /bin/sh: 22: /home/travis/.jdk_switcher_rc: [[: not found
[INFO] /bin/sh: 32: /home/travis/.jdk_switcher_rc: [[: not found
[INFO] /bin/sh: 42: /home/travis/.jdk_switcher_rc: [[: not found
[INFO] Segmentation fault
[INFO] /bin/sh: 3: /etc/profile.d/rvm.sh: [[: not found
[INFO] make[1]: Entering directory `/home/travis/build/apache/storm/storm-core/target/native/worker-launcher'
[INFO] test -z "/usr/local/bin" || /bin/mkdir -p "/home/travis/build/apache/storm/storm-core/target/native/target/usr/local/bin"
[INFO]   /usr/bin/install -c worker-launcher '/home/travis/build/apache/storm/storm-core/target/native/target/usr/local/bin'
[INFO] make[1]: Nothing to be done for `install-data-am'.
[INFO] make[1]: Leaving directory `/home/travis/build/apache/storm/storm-core/target/native/worker-launcher'
[INFO] 
[INFO] --- maven-resources-plugin:2.5:testResources (default-testResources) @ storm-core ---
[debug] execute contextualize
[INFO] Using 'UTF-8' encoding to copy filtered resources.
[INFO] Copying 14 resources
[INFO] Copying 2 resources
[INFO] Copying 3 resources
[INFO] 
[INFO] --- maven-dependency-plugin:2.8:unpack (unpack) @ storm-core ---
[INFO] Configured Artifact: org.apache.storm:multilang-ruby:1.1.0-SNAPSHOT:jar
[INFO] Downloading: https://repository.apache.org/snapshots/org/apache/storm/multilang-ruby/1.1.0-SNAPSHOT/maven-metadata.xml
[INFO] Downloaded: https://repository.apache.org/snapshots/org/apache/storm/multilang-ruby/1.1.0-SNAPSHOT/maven-metadata.xml (2 KB at 0.8 KB/sec)
[INFO] Configured Artifact: org.apache.storm:multilang-python:1.1.0-SNAPSHOT:jar
[INFO] Downloading: https://repository.apache.org/snapshots/org/apache/storm/multilang-python/1.1.0-SNAPSHOT/maven-metadata.xml
[INFO] Downloaded: https://repository.apache.org/snapshots/org/apache/storm/multilang-python/1.1.0-SNAPSHOT/maven-metadata.xml (2 KB at 1.8 KB/sec)
[INFO] Configured Artifact: org.apache.storm:multilang-javascript:1.1.0-SNAPSHOT:jar
[INFO] Downloading: https://repository.apache.org/snapshots/org/apache/storm/multilang-javascript/1.1.0-SNAPSHOT/maven-metadata.xml
[INFO] Downloaded: https://repository.apache.org/snapshots/org/apache/storm/multilang-javascript/1.1.0-SNAPSHOT/maven-metadata.xml (2 KB at 1.7 KB/sec)
[INFO] multilang-ruby-1.1.0-SNAPSHOT.jar already unpacked.
[INFO] multilang-python-1.1.0-SNAPSHOT.jar already unpacked.
[INFO] multilang-javascript-1.1.0-SNAPSHOT.jar already unpacked.
[INFO] 
[INFO] --- maven-compiler-plugin:3.1:testCompile (default-testCompile) @ storm-core ---
[INFO] Nothing to compile - all classes are up to date
[INFO] 
[INFO] --- maven-surefire-plugin:2.18.1:test (default-test) @ storm-core ---
[INFO] Surefire report directory: /home/travis/build/apache/storm/storm-core/target/surefire-reports
[INFO] parallel='none', perCoreThreadCount=true, threadCount=0, useUnlimitedThreads=false, threadCountSuites=0, threadCountClasses=0, threadCountMethods=0, parallelOptimized=true

-------------------------------------------------------
 T E S T S
-------------------------------------------------------
Running org.apache.storm.trident.TestTridentTopology
Tests run: 1, Failures: 0, Errors: 0, Skipped: 0, Time elapsed: 5.185 sec - in org.apache.storm.trident.TestTridentTopology
Running org.apache.storm.trident.TridentWindowingTest
Tests run: 3, Failures: 0, Errors: 0, Skipped: 0, Time elapsed: 0 sec - in org.apache.storm.trident.TridentWindowingTest
Running org.apache.storm.utils.DisruptorQueueTest
Tests run: 3, Failures: 0, Errors: 0, Skipped: 0, Time elapsed: 3.176 sec - in org.apache.storm.utils.DisruptorQueueTest
Running org.apache.storm.utils.ThriftTopologyUtilsTest
Tests run: 5, Failures: 0, Errors: 0, Skipped: 0, Time elapsed: 0.015 sec - in org.apache.storm.utils.ThriftTopologyUtilsTest
Running org.apache.storm.utils.DisruptorQueueBackpressureTest
Tests run: 1, Failures: 0, Errors: 0, Skipped: 0, Time elapsed: 0 sec - in org.apache.storm.utils.DisruptorQueueBackpressureTest
Running org.apache.storm.utils.WorkerBackpressureThreadTest
Tests run: 1, Failures: 0, Errors: 0, Skipped: 0, Time elapsed: 0.192 sec - in org.apache.storm.utils.WorkerBackpressureThreadTest
Running org.apache.storm.utils.StormBoundedExponentialBackoffRetryTest
Tests run: 5, Failures: 0, Errors: 0, Skipped: 0, Time elapsed: 0.104 sec - in org.apache.storm.utils.StormBoundedExponentialBackoffRetryTest
Running org.apache.storm.utils.ShellBoltMessageQueueTest
Tests run: 3, Failures: 0, Errors: 0, Skipped: 0, Time elapsed: 2.024 sec - in org.apache.storm.utils.ShellBoltMessageQueueTest
Running org.apache.storm.grouping.PartialKeyGroupingTest
Tests run: 2, Failures: 0, Errors: 0, Skipped: 0, Time elapsed: 0.42 sec - in org.apache.storm.grouping.PartialKeyGroupingTest
Running org.apache.storm.serialization.GzipBridgeThriftSerializationDelegateTest
Tests run: 3, Failures: 0, Errors: 0, Skipped: 0, Time elapsed: 0.02 sec - in org.apache.storm.serialization.GzipBridgeThriftSerializationDelegateTest
Running org.apache.storm.serialization.GzipBridgeSerializationDelegateTest
Tests run: 3, Failures: 0, Errors: 0, Skipped: 0, Time elapsed: 0.007 sec - in org.apache.storm.serialization.GzipBridgeSerializationDelegateTest
Running org.apache.storm.serialization.ThriftBridgeSerializationDelegateTest
Tests run: 1, Failures: 0, Errors: 0, Skipped: 0, Time elapsed: 0.006 sec - in org.apache.storm.serialization.ThriftBridgeSerializationDelegateTest
Running org.apache.storm.metric.internal.CountStatAndMetricTest
Tests run: 1, Failures: 0, Errors: 0, Skipped: 0, Time elapsed: 0.018 sec - in org.apache.storm.metric.internal.CountStatAndMetricTest
Running org.apache.storm.metric.internal.RateTrackerTest
Tests run: 4, Failures: 0, Errors: 0, Skipped: 0, Time elapsed: 0.005 sec - in org.apache.storm.metric.internal.RateTrackerTest
Running org.apache.storm.metric.internal.LatencyStatAndMetricTest
Tests run: 1, Failures: 0, Errors: 0, Skipped: 0, Time elapsed: 0.031 sec - in org.apache.storm.metric.internal.LatencyStatAndMetricTest
Running org.apache.storm.metric.filter.FilterByMetricNameTest
Tests run: 4, Failures: 0, Errors: 0, Skipped: 0, Time elapsed: 0.206 sec - in org.apache.storm.metric.filter.FilterByMetricNameTest
Running org.apache.storm.localizer.LocalizerTest
Tests run: 13, Failures: 0, Errors: 0, Skipped: 0, Time elapsed: 1.006 sec - in org.apache.storm.localizer.LocalizerTest
Running org.apache.storm.localizer.LocalizedResourceRetentionSetTest
Tests run: 2, Failures: 0, Errors: 0, Skipped: 0, Time elapsed: 0.061 sec - in org.apache.storm.localizer.LocalizedResourceRetentionSetTest
Running org.apache.storm.localizer.LocalizedResourceSetTest
Tests run: 4, Failures: 0, Errors: 0, Skipped: 0, Time elapsed: 0.007 sec - in org.apache.storm.localizer.LocalizedResourceSetTest
Running org.apache.storm.scheduler.resource.TestResourceAwareScheduler
Tests run: 15, Failures: 0, Errors: 0, Skipped: 0, Time elapsed: 5.897 sec - in org.apache.storm.scheduler.resource.TestResourceAwareScheduler
Running org.apache.storm.scheduler.resource.TestUser
Tests run: 3, Failures: 0, Errors: 0, Skipped: 0, Time elapsed: 3.528 sec - in org.apache.storm.scheduler.resource.TestUser
Running org.apache.storm.TestConfigValidate
Tests run: 24, Failures: 0, Errors: 0, Skipped: 0, Time elapsed: 0.763 sec - in org.apache.storm.TestConfigValidate
Running org.apache.storm.spout.CheckpointSpoutTest
Tests run: 7, Failures: 0, Errors: 0, Skipped: 0, Time elapsed: 0.189 sec - in org.apache.storm.spout.CheckpointSpoutTest
Running org.apache.storm.blobstore.ClientBlobStoreTest
Tests run: 4, Failures: 0, Errors: 0, Skipped: 0, Time elapsed: 0.006 sec - in org.apache.storm.blobstore.ClientBlobStoreTest
Running org.apache.storm.blobstore.BlobStoreTest
Tests run: 4, Failures: 0, Errors: 0, Skipped: 0, Time elapsed: 1.033 sec - in org.apache.storm.blobstore.BlobStoreTest
Running org.apache.storm.blobstore.BlobSynchronizerTest
Tests run: 4, Failures: 0, Errors: 0, Skipped: 0, Time elapsed: 2.174 sec - in org.apache.storm.blobstore.BlobSynchronizerTest
Running org.apache.storm.topology.TopologyBuilderTest
Tests run: 5, Failures: 0, Errors: 0, Skipped: 0, Time elapsed: 0.077 sec - in org.apache.storm.topology.TopologyBuilderTest
Running org.apache.storm.topology.StatefulBoltExecutorTest
Tests run: 7, Failures: 0, Errors: 0, Skipped: 0, Time elapsed: 0.11 sec - in org.apache.storm.topology.StatefulBoltExecutorTest
Running org.apache.storm.topology.StatefulWindowedBoltExecutorTest
Tests run: 4, Failures: 0, Errors: 0, Skipped: 0, Time elapsed: 0.054 sec - in org.apache.storm.topology.StatefulWindowedBoltExecutorTest
Running org.apache.storm.topology.WindowedBoltExecutorTest
Tests run: 5, Failures: 0, Errors: 0, Skipped: 0, Time elapsed: 0.111 sec - in org.apache.storm.topology.WindowedBoltExecutorTest
Running org.apache.storm.state.InMemoryKeyValueStateTest
Tests run: 2, Failures: 0, Errors: 0, Skipped: 0, Time elapsed: 0 sec - in org.apache.storm.state.InMemoryKeyValueStateTest
Running org.apache.storm.windowing.WaterMarkEventGeneratorTest
Tests run: 5, Failures: 0, Errors: 0, Skipped: 0, Time elapsed: 0.008 sec - in org.apache.storm.windowing.WaterMarkEventGeneratorTest
Running org.apache.storm.windowing.WindowManagerTest
Tests run: 10, Failures: 0, Errors: 0, Skipped: 0, Time elapsed: 0.011 sec - in org.apache.storm.windowing.WindowManagerTest

Results :

Tests run: 159, Failures: 0, Errors: 0, Skipped: 0

[INFO] 
[INFO] --- clojure-maven-plugin:1.7.1:test (test-clojure) @ storm-core ---
Warning: protocol #'org.apache.storm.pacemaker-state-factory-test/send-capture is overwriting function send
WARNING: send already refers to: #'clojure.core/send in namespace: org.apache.storm.pacemaker-state-factory-test, being replaced by: #'org.apache.storm.pacemaker-state-factory-test/send
Running org.apache.storm.clojure-test
Tests run: 3, Passed: 5, Failures: 0, Errors: 0
Running org.apache.storm.logviewer-test
Tests run: 12, Passed: 118, Failures: 0, Errors: 0
Running org.apache.storm.pacemaker-state-factory-test
Tests run: 4, Passed: 15, Failures: 0, Errors: 0
Running integration.org.apache.storm.integration-test
Tests run: 18, Passed: 51, Failures: 0, Errors: 0
Running org.apache.storm.scheduler.resource-aware-scheduler-test
Tests run: 8, Passed: 91, Failures: 0, Errors: 0
Running org.apache.storm.tuple-test
Tests run: 4, Passed: 13, Failures: 0, Errors: 0
Running org.apache.storm.security.auth.AuthUtils-test
Tests run: 5, Passed: 6, Failures: 0, Errors: 0
Running org.apache.storm.security.auth.drpc-auth-test
Tests run: 4, Passed: 22, Failures: 0, Errors: 0
Running org.apache.storm.security.auth.ReqContext-test
Tests run: 3, Passed: 4, Failures: 0, Errors: 0
Running org.apache.storm.security.serialization.BlowfishTupleSerializer-test
Tests run: 3, Passed: 3, Failures: 0, Errors: 0
Running org.apache.storm.messaging-test
Tests run: 1, Passed: 2, Failures: 0, Errors: 0
Running org.apache.storm.serialization.SerializationFactory-test
Tests run: 3, Passed: 3, Failures: 0, Errors: 0
Running org.apache.storm.metrics-test
72499 [Thread-500] INFO  o.a.s.util - Async loop interrupted!
73167 [Thread-506] INFO  o.a.s.util - Async loop interrupted!
Tests run: 8, Passed: 66, Failures: 0, Errors: 0
Running org.apache.storm.subtopology-test
73168 [Thread-512] INFO  o.a.s.util - Async loop interrupted!
Tests run: 0, Passed: 0, Failures: 0, Errors: 0
Running org.apache.storm.security.auth.auth-test
Tests run: 13, Passed: 94, Failures: 0, Errors: 0
Running org.apache.storm.messaging.netty-integration-test
Tests run: 1, Passed: 1, Failures: 0, Errors: 0
Running org.apache.storm.utils.ZookeeperServerCnxnFactory-test
Tests run: 2, Passed: 3, Failures: 0, Errors: 0
Running org.apache.storm.utils-test
Tests run: 5, Passed: 22, Failures: 0, Errors: 0
Running org.apache.storm.trident.state-test
Tests run: 5, Passed: 37, Failures: 0, Errors: 0
Running org.apache.storm.security.auth.DefaultHttpCredentialsPlugin-test
Tests run: 2, Passed: 8, Failures: 0, Errors: 0
Running org.apache.storm.transactional-test
Tests run: 7, Passed: 110, Failures: 0, Errors: 0
Running org.apache.storm.fields-test
Tests run: 2, Passed: 22, Failures: 0, Errors: 0
Running org.apache.storm.supervisor-test
Tests run: 20, Passed: 70, Failures: 0, Errors: 0
Running org.apache.storm.submitter-test
Tests run: 1, Passed: 13, Failures: 0, Errors: 0
Running integration.org.apache.storm.trident.integration-test
Tests run: 9, Passed: 141, Failures: 0, Errors: 0
Running org.apache.storm.versioned-store-test
Tests run: 2, Passed: 5, Failures: 0, Errors: 0
Running org.apache.storm.cluster-test
Tests run: 10, Passed: 98, Failures: 0, Errors: 0
Running org.apache.storm.security.auth.authorizer.DRPCSimpleACLAuthorizer-test
Tests run: 7, Passed: 37, Failures: 0, Errors: 0
Running org.apache.storm.nimbus-test
Tests run: 43, Passed: 795, Failures: 0, Errors: 0
Running org.apache.storm.pacemaker-test
Tests run: 8, Passed: 58, Failures: 0, Errors: 0
Running org.apache.storm.security.auth.auto-login-module-test
Tests run: 6, Passed: 22, Failures: 0, Errors: 0
Running org.apache.storm.grouping-test
Tests run: 5, Passed: 15, Failures: 0, Errors: 0
Running org.apache.storm.security.auth.SaslTransportPlugin-test
Tests run: 2, Passed: 8, Failures: 0, Errors: 0
Running org.apache.storm.serialization-test
Tests run: 6, Passed: 13, Failures: 0, Errors: 0
Running org.apache.storm.worker-test
Tests run: 8, Passed: 35, Failures: 0, Errors: 0
Running org.apache.storm.security.auth.nimbus-auth-test
Tests run: 5, Passed: 39, Failures: 0, Errors: 0
Running org.apache.storm.local-state-test
Tests run: 2, Passed: 10, Failures: 0, Errors: 0
Running org.apache.storm.scheduler-test
Tests run: 4, Passed: 64, Failures: 0, Errors: 0
Running integration.org.apache.storm.testing4j-test
Tests run: 8, Passed: 36, Failures: 0, Errors: 0
Running org.apache.storm.security.auth.ThriftClient-test
Tests run: 2, Passed: 4, Failures: 0, Errors: 0
Running org.apache.storm.tick-tuple-test
Tests run: 1, Passed: 1, Failures: 0, Errors: 0
Running org.apache.storm.scheduler.multitenant-scheduler-test
Tests run: 17, Passed: 235, Failures: 0, Errors: 0
Running org.apache.storm.trident.tuple-test
Tests run: 6, Passed: 36, Failures: 0, Errors: 0
Running org.apache.storm.drpc-test
176093 [Thread-2105] INFO  o.a.s.util - Async loop interrupted!
182931 [Thread-2229] INFO  o.a.s.util - Async loop interrupted!
190377 [Thread-2263] INFO  o.a.s.util - Async loop interrupted!
Tests run: 7, Passed: 17, Failures: 0, Errors: 0
Running org.apache.storm.security.auth.ThriftServer-test
Tests run: 2, Passed: 1, Failures: 0, Errors: 0
Running org.apache.storm.messaging.netty-unit-test
Tests run: 5, Passed: 24, Failures: 0, Errors: 0
[INFO] 
[INFO] --- apache-rat-plugin:0.11:check (default) @ storm-core ---
[INFO] 51 implicit excludes (use -debug for more details).
[INFO] Exclude: **/target/**
[INFO] Exclude: **/*.iml
[INFO] Exclude: **/.idea/**
[INFO] Exclude: **/metastore_db/**
[INFO] Exclude: **/build/**
[INFO] Exclude: **/CHANGELOG.md
[INFO] Exclude: **/README.md
[INFO] Exclude: **/README.markdown
[INFO] Exclude: **/DEVELOPER.md
[INFO] Exclude: **/BYLAWS.md
[INFO] Exclude: **/STORM-UI-REST-API.md
[INFO] Exclude: SECURITY.md
[INFO] Exclude: VERSION
[INFO] Exclude: TODO
[INFO] Exclude: **/src/py/**
[INFO] Exclude: **/src/ui/public/js/jquery.dataTables.1.10.4.min.js
[INFO] Exclude: **/src/ui/public/css/jquery.dataTables.1.10.4.min.css
[INFO] Exclude: **/src/ui/public/images/*
[INFO] Exclude: **/src/ui/public/js/bootstrap-3.3.1.min.js
[INFO] Exclude: **/src/ui/public/css/bootstrap-3.3.1.min.css
[INFO] Exclude: **/src/ui/public/js/dataTables.bootstrap.min.js
[INFO] Exclude: **/src/ui/public/css/dataTables.bootstrap.css
[INFO] Exclude: **/src/ui/public/js/jsonFormatter.min.js
[INFO] Exclude: **/src/ui/public/css/jsonFormatter.min.css
[INFO] Exclude: **/src/ui/public/js/jquery-1.11.1.min.js
[INFO] Exclude: **/src/ui/public/js/jquery.cookies.2.2.0.min.js
[INFO] Exclude: **/src/ui/public/js/moment.min.js
[INFO] Exclude: **/src/ui/public/js/jquery.blockUI.min.js
[INFO] Exclude: **/src/ui/public/js/url.min.js
[INFO] Exclude: **/src/ui/public/js/arbor.js
[INFO] Exclude: **/src/ui/public/js/arbor-graphics.js
[INFO] Exclude: **/src/ui/public/js/arbor-tween.js
[INFO] Exclude: **/src/ui/public/js/jquery.mustache.js
[INFO] Exclude: **/src/ui/public/js/typeahead.jquery.min.js
[INFO] Exclude: **/dependency-reduced-pom.xml
[INFO] Exclude: **/docs/**
[INFO] Exclude: **/.git/**
[INFO] Exclude: **/derby.log
[INFO] Exclude: **/src/dev/**
[INFO] Exclude: **/src/codegen/config.fmpp
[INFO] Exclude: **/src/codegen/data/Parser.tdd
[INFO] Exclude: **/src/test/resources/FixedAvroSerializer.config
[INFO] 993 resources included (use -debug for more details)
Warning:  org.apache.xerces.jaxp.SAXParserImpl$JAXPSAXParser: Property 'http://www.oracle.com/xml/jaxp/properties/entityExpansionLimit' is not recognized.
Compiler warnings:
  WARNING:  'org.apache.xerces.jaxp.SAXParserImpl: Property 'http://javax.xml.XMLConstants/property/accessExternalDTD' is not recognized.'
Warning:  org.apache.xerces.parsers.SAXParser: Feature 'http://javax.xml.XMLConstants/feature/secure-processing' is not recognized.
Warning:  org.apache.xerces.parsers.SAXParser: Property 'http://javax.xml.XMLConstants/property/accessExternalDTD' is not recognized.
Warning:  org.apache.xerces.parsers.SAXParser: Property 'http://www.oracle.com/xml/jaxp/properties/entityExpansionLimit' is not recognized.
[INFO] Rat check: Summary of files. Unapproved: 0 unknown: 0 generated: 0 approved: 987 licence.
[INFO] 
[INFO] --- make-maven-plugin:1.0-beta-1:test (test) @ storm-core ---
[INFO] /bin/sh: 14: /home/travis/.jdk_switcher_rc: [[: not found
[INFO] /bin/sh: 22: /home/travis/.jdk_switcher_rc: [[: not found
[INFO] /bin/sh: 32: /home/travis/.jdk_switcher_rc: [[: not found
[INFO] /bin/sh: 42: /home/travis/.jdk_switcher_rc: [[: not found
[INFO] Segmentation fault
[INFO] /bin/sh: 3: /etc/profile.d/rvm.sh: [[: not found
[INFO] make  test-worker-launcher
[INFO] make[1]: Entering directory `/home/travis/build/apache/storm/storm-core/target/native/worker-launcher'
[INFO] make[1]: `test-worker-launcher' is up to date.
[INFO] make[1]: Leaving directory `/home/travis/build/apache/storm/storm-core/target/native/worker-launcher'
[INFO] make  check-TESTS
[INFO] make[1]: Entering directory `/home/travis/build/apache/storm/storm-core/target/native/worker-launcher'
[INFO] chmod: cannot access `/tmp/test-worker-launcher': No such file or directory
[INFO] File /tmp/test-worker-launcher must be owned by root, but is owned by 1000
[INFO] 
[INFO] Starting tests
[INFO] 
[INFO] Testing get_container_launcher_file()
[INFO] 
[INFO] Testing check_configuration_permissions()
[INFO] 
[INFO] Testing check_configuration_permissions
[INFO] 
[INFO] Testing check_user()
[INFO] 
[INFO] Testing test_check_user
[INFO] Requested user lp has id 7, which is below the minimum allowed 1000
[INFO] Running as root is not allowed
[INFO] 
[INFO] Running test test_signal_container in child process
[INFO] 
[INFO] Testing signal_container
[INFO] Child container launched as 20890
[INFO] Killing process 20890 with 3
[INFO] 
[INFO] Running test test_signal_container_group in child process
[INFO] 
[INFO] Testing group signal_container
[INFO] Child container launched as 20892
[INFO] Killing process 20892 with 9
[INFO] 
[INFO] Finished tests
[INFO] PASS: test-worker-launcher
[INFO] =============
[INFO] 1 test passed
[INFO] =============
[INFO] make[1]: Leaving directory `/home/travis/build/apache/storm/storm-core/target/native/worker-launcher'
[INFO] ------------------------------------------------------------------------
[INFO] BUILD SUCCESS
[INFO] ------------------------------------------------------------------------
[INFO] Total time: 04:10 min
[INFO] Finished at: 2016-06-30T07:34:18+00:00
[INFO] Final Memory: 38M/466M
[INFO] ------------------------------------------------------------------------
Looking for errors in ./storm-core/target/surefire-reports
Checking ./storm-core/target/surefire-reports/TEST-org.apache.storm.trident.TestTridentTopology.xml
Checking ./storm-core/target/surefire-reports/TEST-org.apache.storm.trident.TridentWindowingTest.xml
Checking ./storm-core/target/surefire-reports/TEST-org.apache.storm.utils.DisruptorQueueTest.xml
Checking ./storm-core/target/surefire-reports/TEST-org.apache.storm.utils.ThriftTopologyUtilsTest.xml
Checking ./storm-core/target/surefire-reports/TEST-org.apache.storm.utils.DisruptorQueueBackpressureTest.xml
Checking ./storm-core/target/surefire-reports/TEST-org.apache.storm.utils.WorkerBackpressureThreadTest.xml
Checking ./storm-core/target/surefire-reports/TEST-org.apache.storm.utils.StormBoundedExponentialBackoffRetryTest.xml
Checking ./storm-core/target/surefire-reports/TEST-org.apache.storm.utils.ShellBoltMessageQueueTest.xml
Checking ./storm-core/target/surefire-reports/TEST-org.apache.storm.grouping.PartialKeyGroupingTest.xml
Checking ./storm-core/target/surefire-reports/TEST-org.apache.storm.serialization.GzipBridgeThriftSerializationDelegateTest.xml
Checking ./storm-core/target/surefire-reports/TEST-org.apache.storm.serialization.GzipBridgeSerializationDelegateTest.xml
Checking ./storm-core/target/surefire-reports/TEST-org.apache.storm.serialization.ThriftBridgeSerializationDelegateTest.xml
Checking ./storm-core/target/surefire-reports/TEST-org.apache.storm.metric.internal.CountStatAndMetricTest.xml
Checking ./storm-core/target/surefire-reports/TEST-org.apache.storm.metric.internal.RateTrackerTest.xml
Checking ./storm-core/target/surefire-reports/TEST-org.apache.storm.metric.internal.LatencyStatAndMetricTest.xml
Checking ./storm-core/target/surefire-reports/TEST-org.apache.storm.metric.filter.FilterByMetricNameTest.xml
Checking ./storm-core/target/surefire-reports/TEST-org.apache.storm.localizer.LocalizerTest.xml
Checking ./storm-core/target/surefire-reports/TEST-org.apache.storm.localizer.LocalizedResourceRetentionSetTest.xml
Checking ./storm-core/target/surefire-reports/TEST-org.apache.storm.localizer.LocalizedResourceSetTest.xml
Checking ./storm-core/target/surefire-reports/TEST-org.apache.storm.scheduler.resource.TestResourceAwareScheduler.xml
Checking ./storm-core/target/surefire-reports/TEST-org.apache.storm.scheduler.resource.TestUser.xml
Checking ./storm-core/target/surefire-reports/TEST-org.apache.storm.TestConfigValidate.xml
Checking ./storm-core/target/surefire-reports/TEST-org.apache.storm.spout.CheckpointSpoutTest.xml
Checking ./storm-core/target/surefire-reports/TEST-org.apache.storm.blobstore.ClientBlobStoreTest.xml
Checking ./storm-core/target/surefire-reports/TEST-org.apache.storm.blobstore.BlobStoreTest.xml
Checking ./storm-core/target/surefire-reports/TEST-org.apache.storm.blobstore.BlobSynchronizerTest.xml
Checking ./storm-core/target/surefire-reports/TEST-org.apache.storm.topology.TopologyBuilderTest.xml
Checking ./storm-core/target/surefire-reports/TEST-org.apache.storm.topology.StatefulBoltExecutorTest.xml
Checking ./storm-core/target/surefire-reports/TEST-org.apache.storm.topology.StatefulWindowedBoltExecutorTest.xml
Checking ./storm-core/target/surefire-reports/TEST-org.apache.storm.topology.WindowedBoltExecutorTest.xml
Checking ./storm-core/target/surefire-reports/TEST-org.apache.storm.state.InMemoryKeyValueStateTest.xml
Checking ./storm-core/target/surefire-reports/TEST-org.apache.storm.windowing.WaterMarkEventGeneratorTest.xml
Checking ./storm-core/target/surefire-reports/TEST-org.apache.storm.windowing.WindowManagerTest.xml
Looking for errors in ./storm-core/target/test-reports
Checking ./storm-core/target/test-reports/org.apache.storm.clojure-test.xml
Checking ./storm-core/target/test-reports/org.apache.storm.logviewer-test.xml
Checking ./storm-core/target/test-reports/org.apache.storm.pacemaker-state-factory-test.xml
Checking ./storm-core/target/test-reports/integration.org.apache.storm.integration-test.xml
Checking ./storm-core/target/test-reports/org.apache.storm.scheduler.resource-aware-scheduler-test.xml
Checking ./storm-core/target/test-reports/org.apache.storm.tuple-test.xml
Checking ./storm-core/target/test-reports/org.apache.storm.security.auth.AuthUtils-test.xml
Checking ./storm-core/target/test-reports/org.apache.storm.security.auth.drpc-auth-test.xml
Checking ./storm-core/target/test-reports/org.apache.storm.security.auth.ReqContext-test.xml
Checking ./storm-core/target/test-reports/org.apache.storm.security.serialization.BlowfishTupleSerializer-test.xml
Checking ./storm-core/target/test-reports/org.apache.storm.messaging-test.xml
Checking ./storm-core/target/test-reports/org.apache.storm.serialization.SerializationFactory-test.xml
Checking ./storm-core/target/test-reports/org.apache.storm.metrics-test.xml
Checking ./storm-core/target/test-reports/org.apache.storm.subtopology-test.xml
Checking ./storm-core/target/test-reports/org.apache.storm.security.auth.auth-test.xml
Checking ./storm-core/target/test-reports/org.apache.storm.messaging.netty-integration-test.xml
Checking ./storm-core/target/test-reports/org.apache.storm.utils.ZookeeperServerCnxnFactory-test.xml
Checking ./storm-core/target/test-reports/org.apache.storm.utils-test.xml
Checking ./storm-core/target/test-reports/org.apache.storm.trident.state-test.xml
Checking ./storm-core/target/test-reports/org.apache.storm.security.auth.DefaultHttpCredentialsPlugin-test.xml
Checking ./storm-core/target/test-reports/org.apache.storm.transactional-test.xml
Checking ./storm-core/target/test-reports/org.apache.storm.fields-test.xml
Checking ./storm-core/target/test-reports/org.apache.storm.supervisor-test.xml
Checking ./storm-core/target/test-reports/org.apache.storm.submitter-test.xml
Checking ./storm-core/target/test-reports/integration.org.apache.storm.trident.integration-test.xml
Checking ./storm-core/target/test-reports/org.apache.storm.versioned-store-test.xml
Checking ./storm-core/target/test-reports/org.apache.storm.cluster-test.xml
Checking ./storm-core/target/test-reports/org.apache.storm.security.auth.authorizer.DRPCSimpleACLAuthorizer-test.xml
Checking ./storm-core/target/test-reports/org.apache.storm.nimbus-test.xml
Checking ./storm-core/target/test-reports/org.apache.storm.pacemaker-test.xml
Checking ./storm-core/target/test-reports/org.apache.storm.security.auth.auto-login-module-test.xml
Checking ./storm-core/target/test-reports/org.apache.storm.grouping-test.xml
Checking ./storm-core/target/test-reports/org.apache.storm.security.auth.SaslTransportPlugin-test.xml
Checking ./storm-core/target/test-reports/org.apache.storm.serialization-test.xml
Checking ./storm-core/target/test-reports/org.apache.storm.worker-test.xml
Checking ./storm-core/target/test-reports/org.apache.storm.security.auth.nimbus-auth-test.xml
Checking ./storm-core/target/test-reports/org.apache.storm.local-state-test.xml
Checking ./storm-core/target/test-reports/org.apache.storm.scheduler-test.xml
Checking ./storm-core/target/test-reports/integration.org.apache.storm.testing4j-test.xml
Checking ./storm-core/target/test-reports/org.apache.storm.security.auth.ThriftClient-test.xml
Checking ./storm-core/target/test-reports/org.apache.storm.tick-tuple-test.xml
Checking ./storm-core/target/test-reports/org.apache.storm.scheduler.multitenant-scheduler-test.xml
Checking ./storm-core/target/test-reports/org.apache.storm.trident.tuple-test.xml
Checking ./storm-core/target/test-reports/org.apache.storm.drpc-test.xml
Checking ./storm-core/target/test-reports/org.apache.storm.security.auth.ThriftServer-test.xml
Checking ./storm-core/target/test-reports/org.apache.storm.messaging.netty-unit-test.xml

travis_time:end:174d57b0:start=1467271806102100513,finish=1467272059832870428,duration=253730769915[0K
[32;1mThe command "/bin/bash ./dev-tools/travis/travis-script.sh `pwd` $MODULES" exited with 0.[0m
travis_fold:start:cache.2[0Kstore build cache
travis_time:start:009cb25d[0K
travis_time:end:009cb25d:start=1467272059837680597,finish=1467272059841366205,duration=3685608[0Ktravis_time:start:089db5cb[0K[32;1mchange detected (content changed, file is created, or file is deleted):
/home/travis/.m2/repository/eigenbase/eigenbase-properties/1.1.4/eigenbase-properties-1.1.4.pom.lastUpdated
/home/travis/.m2/repository/io/confluent/kafka-avro-serializer/1.0/kafka-avro-serializer-1.0.pom.lastUpdated
/home/travis/.m2/repository/io/confluent/kafka-schema-registry-client/1.0/kafka-schema-registry-client-1.0.pom.lastUpdated
/home/travis/.m2/repository/net/hydromatic/linq4j/0.4/linq4j-0.4.pom.lastUpdated
/home/travis/.m2/repository/net/hydromatic/quidem/0.1.1/quidem-0.1.1.pom.lastUpdated
/home/travis/.m2/repository/org/apache/storm/flux/1.1.0-SNAPSHOT/maven-metadata-local.xml
/home/travis/.m2/repository/org/apache/storm/flux/1.1.0-SNAPSHOT/_remote.repositories
/home/travis/.m2/repository/org/apache/storm/flux-core/1.1.0-SNAPSHOT/flux-core-1.1.0-SNAPSHOT.jar
/home/travis/.m2/repository/org/apache/storm/flux-core/1.1.0-SNAPSHOT/maven-metadata-local.xml
/home/travis/.m2/repository/org/apache/storm/flux-core/1.1.0-SNAPSHOT/_remote.repositories
/home/travis/.m2/repository/org/ap
[0m
[32;1m...
[0m
[32;1mchanges detected, packing new archive[0m
.
.
.
.
.
.
.
.
.
.
.
.
.
[32;1muploading archive[0m

travis_time:end:089db5cb:start=1467272059845769691,finish=1467272183773373214,duration=123927603523[0Ktravis_fold:end:cache.2[0K
Done. Your build exited with 0.
