Using worker: worker-linux-docker-cc79f44a.prod.travis-ci.org:travis-linux-8

travis_fold:start:system_info[0K[33;1mBuild system information[0m
Build language: java
Build group: stable
Build dist: precise
[34m[1mBuild image provisioning date and time[0m
Thu Feb  5 15:09:33 UTC 2015
[34m[1mOperating System Details[0m
Distributor ID:	Ubuntu
Description:	Ubuntu 12.04.5 LTS
Release:	12.04
Codename:	precise
[34m[1mLinux Version[0m
3.13.0-29-generic
[34m[1mCookbooks Version[0m
a68419e https://github.com/travis-ci/travis-cookbooks/tree/a68419e
[34m[1mGCC version[0m
gcc (Ubuntu/Linaro 4.6.3-1ubuntu5) 4.6.3
Copyright (C) 2011 Free Software Foundation, Inc.
This is free software; see the source for copying conditions.  There is NO
warranty; not even for MERCHANTABILITY or FITNESS FOR A PARTICULAR PURPOSE.

[34m[1mLLVM version[0m
clang version 3.4 (tags/RELEASE_34/final)
Target: x86_64-unknown-linux-gnu
Thread model: posix
[34m[1mPre-installed Ruby versions[0m
ruby-1.9.3-p551
[34m[1mPre-installed Node.js versions[0m
v0.10.36
[34m[1mPre-installed Go versions[0m
1.4.1
[34m[1mRedis version[0m
redis-server 2.8.19
[34m[1mriak version[0m
2.0.2
[34m[1mMongoDB version[0m
MongoDB 2.4.12
[34m[1mCouchDB version[0m
couchdb 1.6.1
[34m[1mNeo4j version[0m
1.9.4
[34m[1mRabbitMQ Version[0m
3.4.3
[34m[1mElasticSearch version[0m
1.4.0
[34m[1mInstalled Sphinx versions[0m
2.0.10
2.1.9
2.2.6
[34m[1mDefault Sphinx version[0m
2.2.6
[34m[1mInstalled Firefox version[0m
firefox 31.0esr
[34m[1mPhantomJS version[0m
1.9.8
[34m[1mant -version[0m
Apache Ant(TM) version 1.8.2 compiled on December 3 2011
[34m[1mmvn -version[0m
Apache Maven 3.2.5 (12a6b3acb947671f09b81f49094c53f426d8cea1; 2014-12-14T17:29:23+00:00)
Maven home: /usr/local/maven
Java version: 1.7.0_76, vendor: Oracle Corporation
Java home: /usr/lib/jvm/java-7-oracle/jre
Default locale: en_US, platform encoding: ANSI_X3.4-1968
OS name: "linux", version: "3.13.0-29-generic", arch: "amd64", family: "unix"
travis_fold:end:system_info[0K
travis_fold:start:fix.CVE-2015-7547[0K$ export DEBIAN_FRONTEND=noninteractive
W: Size of file /var/lib/apt/lists/us.archive.ubuntu.com_ubuntu_dists_precise-backports_multiverse_source_Sources.gz is not what the server reported 5886 5888
W: Size of file /var/lib/apt/lists/ppa.launchpad.net_ubuntugis_ppa_ubuntu_dists_precise_main_binary-amd64_Packages.gz is not what the server reported 36669 36677
W: Size of file /var/lib/apt/lists/ppa.launchpad.net_ubuntugis_ppa_ubuntu_dists_precise_main_binary-i386_Packages.gz is not what the server reported 36729 36733
Reading package lists...
Building dependency tree...
Reading state information...
The following extra packages will be installed:
  libc-bin libc-dev-bin libc6-dev
Suggested packages:
  glibc-doc
The following packages will be upgraded:
  libc-bin libc-dev-bin libc6 libc6-dev
4 upgraded, 0 newly installed, 0 to remove and 248 not upgraded.
Need to get 8,840 kB of archives.
After this operation, 14.3 kB disk space will be freed.
Get:1 http://us.archive.ubuntu.com/ubuntu/ precise-updates/main libc6-dev amd64 2.15-0ubuntu10.15 [2,943 kB]
Get:2 http://us.archive.ubuntu.com/ubuntu/ precise-updates/main libc-dev-bin amd64 2.15-0ubuntu10.15 [84.7 kB]
Get:3 http://us.archive.ubuntu.com/ubuntu/ precise-updates/main libc-bin amd64 2.15-0ubuntu10.15 [1,177 kB]
Get:4 http://us.archive.ubuntu.com/ubuntu/ precise-updates/main libc6 amd64 2.15-0ubuntu10.15 [4,636 kB]
Fetched 8,840 kB in 0s (27.2 MB/s)
Preconfiguring packages ...
(Reading database ... (Reading database ... 5%(Reading database ... 10%(Reading database ... 15%(Reading database ... 20%(Reading database ... 25%(Reading database ... 30%(Reading database ... 35%(Reading database ... 40%(Reading database ... 45%(Reading database ... 50%(Reading database ... 55%(Reading database ... 60%(Reading database ... 65%(Reading database ... 70%(Reading database ... 75%(Reading database ... 80%(Reading database ... 85%(Reading database ... 90%(Reading database ... 95%(Reading database ... 100%(Reading database ... 72019 files and directories currently installed.)
Preparing to replace libc6-dev 2.15-0ubuntu10.10 (using .../libc6-dev_2.15-0ubuntu10.15_amd64.deb) ...
Unpacking replacement libc6-dev ...
Preparing to replace libc-dev-bin 2.15-0ubuntu10.10 (using .../libc-dev-bin_2.15-0ubuntu10.15_amd64.deb) ...
Unpacking replacement libc-dev-bin ...
Preparing to replace libc-bin 2.15-0ubuntu10.10 (using .../libc-bin_2.15-0ubuntu10.15_amd64.deb) ...
Unpacking replacement libc-bin ...
Processing triggers for man-db ...
Setting up libc-bin (2.15-0ubuntu10.15) ...
(Reading database ... (Reading database ... 5%(Reading database ... 10%(Reading database ... 15%(Reading database ... 20%(Reading database ... 25%(Reading database ... 30%(Reading database ... 35%(Reading database ... 40%(Reading database ... 45%(Reading database ... 50%(Reading database ... 55%(Reading database ... 60%(Reading database ... 65%(Reading database ... 70%(Reading database ... 75%(Reading database ... 80%(Reading database ... 85%(Reading database ... 90%(Reading database ... 95%(Reading database ... 100%(Reading database ... 72018 files and directories currently installed.)
Preparing to replace libc6 2.15-0ubuntu10.10 (using .../libc6_2.15-0ubuntu10.15_amd64.deb) ...
Unpacking replacement libc6 ...
Setting up libc6 (2.15-0ubuntu10.15) ...
Setting up libc-dev-bin (2.15-0ubuntu10.15) ...
Setting up libc6-dev (2.15-0ubuntu10.15) ...
Processing triggers for libc-bin ...
ldconfig deferred processing now taking place
travis_fold:end:fix.CVE-2015-7547[0Ktravis_fold:start:git.checkout[0Ktravis_time:start:1308f500[0K$ git clone --depth=50 https://github.com/apache/storm.git apache/storm
Cloning into 'apache/storm'...
remote: Counting objects: 28865, done.[K
remote: Compressing objects:   0% (1/11220)   [Kremote: Compressing objects:   1% (113/11220)   [Kremote: Compressing objects:   2% (225/11220)   [Kremote: Compressing objects:   3% (337/11220)   [Kremote: Compressing objects:   4% (449/11220)   [Kremote: Compressing objects:   5% (561/11220)   [Kremote: Compressing objects:   6% (674/11220)   [Kremote: Compressing objects:   7% (786/11220)   [Kremote: Compressing objects:   8% (898/11220)   [Kremote: Compressing objects:   9% (1010/11220)   [Kremote: Compressing objects:  10% (1122/11220)   [Kremote: Compressing objects:  11% (1235/11220)   [Kremote: Compressing objects:  12% (1347/11220)   [Kremote: Compressing objects:  13% (1459/11220)   [Kremote: Compressing objects:  14% (1571/11220)   [Kremote: Compressing objects:  15% (1683/11220)   [Kremote: Compressing objects:  16% (1796/11220)   [Kremote: Compressing objects:  17% (1908/11220)   [Kremote: Compressing objects:  18% (2020/11220)   [Kremote: Compressing objects:  19% (2132/11220)   [Kremote: Compressing objects:  20% (2244/11220)   [Kremote: Compressing objects:  21% (2357/11220)   [Kremote: Compressing objects:  22% (2469/11220)   [Kremote: Compressing objects:  23% (2581/11220)   [Kremote: Compressing objects:  24% (2693/11220)   [Kremote: Compressing objects:  25% (2805/11220)   [Kremote: Compressing objects:  26% (2918/11220)   [Kremote: Compressing objects:  27% (3030/11220)   [Kremote: Compressing objects:  28% (3142/11220)   [Kremote: Compressing objects:  29% (3254/11220)   [Kremote: Compressing objects:  30% (3366/11220)   [Kremote: Compressing objects:  31% (3479/11220)   [Kremote: Compressing objects:  32% (3591/11220)   [Kremote: Compressing objects:  33% (3703/11220)   [Kremote: Compressing objects:  34% (3815/11220)   [Kremote: Compressing objects:  35% (3927/11220)   [Kremote: Compressing objects:  36% (4040/11220)   [Kremote: Compressing objects:  37% (4152/11220)   [Kremote: Compressing objects:  38% (4264/11220)   [Kremote: Compressing objects:  39% (4376/11220)   [Kremote: Compressing objects:  40% (4488/11220)   [Kremote: Compressing objects:  41% (4601/11220)   [Kremote: Compressing objects:  42% (4713/11220)   [Kremote: Compressing objects:  43% (4825/11220)   [Kremote: Compressing objects:  44% (4937/11220)   [Kremote: Compressing objects:  45% (5049/11220)   [Kremote: Compressing objects:  46% (5162/11220)   [Kremote: Compressing objects:  47% (5274/11220)   [Kremote: Compressing objects:  48% (5386/11220)   [Kremote: Compressing objects:  49% (5498/11220)   [Kremote: Compressing objects:  50% (5610/11220)   [Kremote: Compressing objects:  51% (5723/11220)   [Kremote: Compressing objects:  52% (5835/11220)   [Kremote: Compressing objects:  53% (5947/11220)   [Kremote: Compressing objects:  54% (6059/11220)   [Kremote: Compressing objects:  55% (6171/11220)   [Kremote: Compressing objects:  56% (6284/11220)   [Kremote: Compressing objects:  57% (6396/11220)   [Kremote: Compressing objects:  58% (6508/11220)   [Kremote: Compressing objects:  59% (6620/11220)   [Kremote: Compressing objects:  60% (6732/11220)   [Kremote: Compressing objects:  61% (6845/11220)   [Kremote: Compressing objects:  62% (6957/11220)   [Kremote: Compressing objects:  63% (7069/11220)   [Kremote: Compressing objects:  64% (7181/11220)   [Kremote: Compressing objects:  65% (7293/11220)   [Kremote: Compressing objects:  66% (7406/11220)   [Kremote: Compressing objects:  67% (7518/11220)   [Kremote: Compressing objects:  68% (7630/11220)   [Kremote: Compressing objects:  69% (7742/11220)   [Kremote: Compressing objects:  70% (7854/11220)   [Kremote: Compressing objects:  71% (7967/11220)   [Kremote: Compressing objects:  72% (8079/11220)   [Kremote: Compressing objects:  73% (8191/11220)   [Kremote: Compressing objects:  74% (8303/11220)   [Kremote: Compressing objects:  75% (8415/11220)   [Kremote: Compressing objects:  76% (8528/11220)   [Kremote: Compressing objects:  77% (8640/11220)   [Kremote: Compressing objects:  78% (8752/11220)   [Kremote: Compressing objects:  79% (8864/11220)   [Kremote: Compressing objects:  80% (8976/11220)   [Kremote: Compressing objects:  81% (9089/11220)   [Kremote: Compressing objects:  82% (9201/11220)   [Kremote: Compressing objects:  83% (9313/11220)   [Kremote: Compressing objects:  84% (9425/11220)   [Kremote: Compressing objects:  85% (9537/11220)   [Kremote: Compressing objects:  86% (9650/11220)   [Kremote: Compressing objects:  87% (9762/11220)   [Kremote: Compressing objects:  88% (9874/11220)   [Kremote: Compressing objects:  89% (9986/11220)   [Kremote: Compressing objects:  90% (10098/11220)   [Kremote: Compressing objects:  91% (10211/11220)   [Kremote: Compressing objects:  92% (10323/11220)   [Kremote: Compressing objects:  93% (10435/11220)   [Kremote: Compressing objects:  94% (10547/11220)   [Kremote: Compressing objects:  95% (10659/11220)   [Kremote: Compressing objects:  96% (10772/11220)   [Kremote: Compressing objects:  97% (10884/11220)   [Kremote: Compressing objects:  98% (10996/11220)   [Kremote: Compressing objects:  99% (11108/11220)   [Kremote: Compressing objects: 100% (11220/11220)   [Kremote: Compressing objects: 100% (11220/11220), done.[K
Receiving objects:   0% (1/28865)   Receiving objects:   1% (289/28865)   Receiving objects:   2% (578/28865)   Receiving objects:   3% (866/28865)   Receiving objects:   4% (1155/28865)   Receiving objects:   5% (1444/28865)   Receiving objects:   6% (1732/28865)   Receiving objects:   7% (2021/28865)   Receiving objects:   8% (2310/28865)   Receiving objects:   9% (2598/28865)   Receiving objects:  10% (2887/28865)   Receiving objects:  11% (3176/28865)   Receiving objects:  12% (3464/28865)   Receiving objects:  13% (3753/28865)   Receiving objects:  14% (4042/28865)   Receiving objects:  15% (4330/28865)   Receiving objects:  16% (4619/28865)   Receiving objects:  17% (4908/28865)   Receiving objects:  18% (5196/28865)   Receiving objects:  19% (5485/28865)   Receiving objects:  20% (5773/28865)   Receiving objects:  21% (6062/28865)   Receiving objects:  22% (6351/28865)   Receiving objects:  23% (6639/28865)   Receiving objects:  24% (6928/28865)   Receiving objects:  25% (7217/28865)   Receiving objects:  26% (7505/28865)   Receiving objects:  27% (7794/28865)   Receiving objects:  28% (8083/28865)   Receiving objects:  29% (8371/28865)   Receiving objects:  30% (8660/28865)   Receiving objects:  31% (8949/28865)   Receiving objects:  32% (9237/28865)   Receiving objects:  33% (9526/28865)   Receiving objects:  34% (9815/28865)   Receiving objects:  35% (10103/28865)   Receiving objects:  36% (10392/28865)   Receiving objects:  37% (10681/28865)   Receiving objects:  38% (10969/28865)   Receiving objects:  39% (11258/28865)   Receiving objects:  40% (11546/28865)   Receiving objects:  41% (11835/28865)   Receiving objects:  42% (12124/28865)   Receiving objects:  43% (12412/28865)   Receiving objects:  44% (12701/28865)   Receiving objects:  45% (12990/28865)   Receiving objects:  46% (13278/28865)   Receiving objects:  47% (13567/28865)   Receiving objects:  48% (13856/28865)   Receiving objects:  49% (14144/28865)   Receiving objects:  50% (14433/28865)   Receiving objects:  51% (14722/28865)   Receiving objects:  52% (15010/28865)   Receiving objects:  53% (15299/28865)   Receiving objects:  54% (15588/28865)   Receiving objects:  55% (15876/28865)   Receiving objects:  56% (16165/28865)   Receiving objects:  57% (16454/28865)   Receiving objects:  58% (16742/28865)   Receiving objects:  59% (17031/28865)   Receiving objects:  60% (17319/28865)   Receiving objects:  61% (17608/28865)   Receiving objects:  62% (17897/28865)   Receiving objects:  63% (18185/28865)   Receiving objects:  64% (18474/28865)   Receiving objects:  65% (18763/28865)   Receiving objects:  66% (19051/28865)   Receiving objects:  67% (19340/28865)   Receiving objects:  68% (19629/28865), 10.50 MiB | 20.96 MiB/s   Receiving objects:  69% (19917/28865), 10.50 MiB | 20.96 MiB/s   Receiving objects:  70% (20206/28865), 10.50 MiB | 20.96 MiB/s   Receiving objects:  71% (20495/28865), 10.50 MiB | 20.96 MiB/s   Receiving objects:  72% (20783/28865), 10.50 MiB | 20.96 MiB/s   Receiving objects:  73% (21072/28865), 10.50 MiB | 20.96 MiB/s   Receiving objects:  74% (21361/28865), 10.50 MiB | 20.96 MiB/s   Receiving objects:  75% (21649/28865), 10.50 MiB | 20.96 MiB/s   Receiving objects:  76% (21938/28865), 10.50 MiB | 20.96 MiB/s   Receiving objects:  77% (22227/28865), 10.50 MiB | 20.96 MiB/s   Receiving objects:  78% (22515/28865), 10.50 MiB | 20.96 MiB/s   Receiving objects:  79% (22804/28865), 10.50 MiB | 20.96 MiB/s   Receiving objects:  80% (23092/28865), 10.50 MiB | 20.96 MiB/s   Receiving objects:  81% (23381/28865), 10.50 MiB | 20.96 MiB/s   Receiving objects:  82% (23670/28865), 10.50 MiB | 20.96 MiB/s   Receiving objects:  83% (23958/28865), 10.50 MiB | 20.96 MiB/s   Receiving objects:  84% (24247/28865), 10.50 MiB | 20.96 MiB/s   Receiving objects:  85% (24536/28865), 10.50 MiB | 20.96 MiB/s   Receiving objects:  86% (24824/28865), 10.50 MiB | 20.96 MiB/s   Receiving objects:  87% (25113/28865), 10.50 MiB | 20.96 MiB/s   Receiving objects:  88% (25402/28865), 10.50 MiB | 20.96 MiB/s   Receiving objects:  89% (25690/28865), 10.50 MiB | 20.96 MiB/s   Receiving objects:  90% (25979/28865), 10.50 MiB | 20.96 MiB/s   Receiving objects:  91% (26268/28865), 10.50 MiB | 20.96 MiB/s   Receiving objects:  92% (26556/28865), 10.50 MiB | 20.96 MiB/s   Receiving objects:  93% (26845/28865), 10.50 MiB | 20.96 MiB/s   Receiving objects:  94% (27134/28865), 10.50 MiB | 20.96 MiB/s   Receiving objects:  95% (27422/28865), 10.50 MiB | 20.96 MiB/s   Receiving objects:  96% (27711/28865), 10.50 MiB | 20.96 MiB/s   Receiving objects:  97% (28000/28865), 10.50 MiB | 20.96 MiB/s   Receiving objects:  98% (28288/28865), 10.50 MiB | 20.96 MiB/s   Receiving objects:  99% (28577/28865), 10.50 MiB | 20.96 MiB/s   remote: Total 28865 (delta 14491), reused 25692 (delta 11779), pack-reused 0[K
Receiving objects: 100% (28865/28865), 10.50 MiB | 20.96 MiB/s   Receiving objects: 100% (28865/28865), 19.27 MiB | 20.96 MiB/s, done.
Resolving deltas:   0% (0/14491)   Resolving deltas:   1% (268/14491)   Resolving deltas:   2% (291/14491)   Resolving deltas:   3% (437/14491)   Resolving deltas:   4% (584/14491)   Resolving deltas:   5% (783/14491)   Resolving deltas:  10% (1476/14491)   Resolving deltas:  12% (1810/14491)   Resolving deltas:  13% (1885/14491)   Resolving deltas:  14% (2031/14491)   Resolving deltas:  18% (2736/14491)   Resolving deltas:  19% (2799/14491)   Resolving deltas:  20% (2900/14491)   Resolving deltas:  21% (3045/14491)   Resolving deltas:  22% (3242/14491)   Resolving deltas:  23% (3339/14491)   Resolving deltas:  24% (3489/14491)   Resolving deltas:  26% (3833/14491)   Resolving deltas:  27% (3943/14491)   Resolving deltas:  28% (4058/14491)   Resolving deltas:  29% (4213/14491)   Resolving deltas:  30% (4365/14491)   Resolving deltas:  31% (4493/14491)   Resolving deltas:  33% (4833/14491)   Resolving deltas:  34% (4929/14491)   Resolving deltas:  35% (5072/14491)   Resolving deltas:  36% (5221/14491)   Resolving deltas:  37% (5413/14491)   Resolving deltas:  38% (5508/14491)   Resolving deltas:  39% (5654/14491)   Resolving deltas:  40% (5798/14491)   Resolving deltas:  41% (5974/14491)   Resolving deltas:  42% (6124/14491)   Resolving deltas:  43% (6251/14491)   Resolving deltas:  44% (6377/14491)   Resolving deltas:  45% (6531/14491)   Resolving deltas:  46% (6794/14491)   Resolving deltas:  47% (6826/14491)   Resolving deltas:  48% (7031/14491)   Resolving deltas:  49% (7125/14491)   Resolving deltas:  50% (7247/14491)   Resolving deltas:  51% (7394/14491)   Resolving deltas:  52% (7636/14491)   Resolving deltas:  53% (7681/14491)   Resolving deltas:  54% (7830/14491)   Resolving deltas:  55% (7971/14491)   Resolving deltas:  56% (8131/14491)   Resolving deltas:  57% (8292/14491)   Resolving deltas:  58% (8405/14491)   Resolving deltas:  59% (8550/14491)   Resolving deltas:  60% (8696/14491)   Resolving deltas:  61% (8845/14491)   Resolving deltas:  62% (8987/14491)   Resolving deltas:  63% (9130/14491)   Resolving deltas:  64% (9281/14491)   Resolving deltas:  65% (9424/14491)   Resolving deltas:  66% (9568/14491)   Resolving deltas:  67% (9747/14491)   Resolving deltas:  68% (9922/14491)   Resolving deltas:  69% (10000/14491)   Resolving deltas:  70% (10166/14491)   Resolving deltas:  71% (10292/14491)   Resolving deltas:  72% (10448/14491)   Resolving deltas:  73% (10588/14491)   Resolving deltas:  74% (10726/14491)   Resolving deltas:  75% (10877/14491)   Resolving deltas:  76% (11018/14491)   Resolving deltas:  77% (11162/14491)   Resolving deltas:  78% (11307/14491)   Resolving deltas:  79% (11449/14491)   Resolving deltas:  80% (11606/14491)   Resolving deltas:  81% (11749/14491)   Resolving deltas:  82% (11883/14491)   Resolving deltas:  83% (12033/14491)   Resolving deltas:  84% (12177/14491)   Resolving deltas:  85% (12326/14491)   Resolving deltas:  86% (12480/14491)   Resolving deltas:  87% (12609/14491)   Resolving deltas:  88% (12757/14491)   Resolving deltas:  89% (12904/14491)   Resolving deltas:  90% (13042/14491)   Resolving deltas:  91% (13195/14491)   Resolving deltas:  92% (13332/14491)   Resolving deltas:  93% (13489/14491)   Resolving deltas:  94% (13624/14491)   Resolving deltas:  95% (13804/14491)   Resolving deltas:  96% (13915/14491)   Resolving deltas:  97% (14109/14491)   Resolving deltas:  98% (14202/14491)   Resolving deltas:  99% (14347/14491)   Resolving deltas: 100% (14491/14491)   Resolving deltas: 100% (14491/14491), done.
Checking connectivity... done.

travis_time:end:1308f500:start=1467340268518391276,finish=1467340271949872797,duration=3431481521[0K$ cd apache/storm
travis_time:start:22f99328[0K$ git fetch origin +refs/pull/1531/merge:
remote: Counting objects: 3989, done.[K
remote: Compressing objects:   0% (1/1806)   [Kremote: Compressing objects:   1% (19/1806)   [Kremote: Compressing objects:   2% (37/1806)   [Kremote: Compressing objects:   3% (55/1806)   [Kremote: Compressing objects:   4% (73/1806)   [Kremote: Compressing objects:   5% (91/1806)   [Kremote: Compressing objects:   6% (109/1806)   [Kremote: Compressing objects:   7% (127/1806)   [Kremote: Compressing objects:   8% (145/1806)   [Kremote: Compressing objects:   9% (163/1806)   [Kremote: Compressing objects:  10% (181/1806)   [Kremote: Compressing objects:  11% (199/1806)   [Kremote: Compressing objects:  12% (217/1806)   [Kremote: Compressing objects:  13% (235/1806)   [Kremote: Compressing objects:  14% (253/1806)   [Kremote: Compressing objects:  15% (271/1806)   [Kremote: Compressing objects:  16% (289/1806)   [Kremote: Compressing objects:  17% (308/1806)   [Kremote: Compressing objects:  18% (326/1806)   [Kremote: Compressing objects:  19% (344/1806)   [Kremote: Compressing objects:  20% (362/1806)   [Kremote: Compressing objects:  21% (380/1806)   [Kremote: Compressing objects:  22% (398/1806)   [Kremote: Compressing objects:  23% (416/1806)   [Kremote: Compressing objects:  24% (434/1806)   [Kremote: Compressing objects:  25% (452/1806)   [Kremote: Compressing objects:  26% (470/1806)   [Kremote: Compressing objects:  27% (488/1806)   [Kremote: Compressing objects:  28% (506/1806)   [Kremote: Compressing objects:  29% (524/1806)   [Kremote: Compressing objects:  30% (542/1806)   [Kremote: Compressing objects:  31% (560/1806)   [Kremote: Compressing objects:  32% (578/1806)   [Kremote: Compressing objects:  33% (596/1806)   [Kremote: Compressing objects:  34% (615/1806)   [Kremote: Compressing objects:  35% (633/1806)   [Kremote: Compressing objects:  36% (651/1806)   [Kremote: Compressing objects:  37% (669/1806)   [Kremote: Compressing objects:  38% (687/1806)   [Kremote: Compressing objects:  39% (705/1806)   [Kremote: Compressing objects:  40% (723/1806)   [Kremote: Compressing objects:  41% (741/1806)   [Kremote: Compressing objects:  42% (759/1806)   [Kremote: Compressing objects:  43% (777/1806)   [Kremote: Compressing objects:  44% (795/1806)   [Kremote: Compressing objects:  45% (813/1806)   [Kremote: Compressing objects:  46% (831/1806)   [Kremote: Compressing objects:  47% (849/1806)   [Kremote: Compressing objects:  48% (867/1806)   [Kremote: Compressing objects:  49% (885/1806)   [Kremote: Compressing objects:  50% (903/1806)   [Kremote: Compressing objects:  51% (922/1806)   [Kremote: Compressing objects:  52% (940/1806)   [Kremote: Compressing objects:  53% (958/1806)   [Kremote: Compressing objects:  54% (976/1806)   [Kremote: Compressing objects:  55% (994/1806)   [Kremote: Compressing objects:  56% (1012/1806)   [Kremote: Compressing objects:  57% (1030/1806)   [Kremote: Compressing objects:  58% (1048/1806)   [Kremote: Compressing objects:  59% (1066/1806)   [Kremote: Compressing objects:  60% (1084/1806)   [Kremote: Compressing objects:  61% (1102/1806)   [Kremote: Compressing objects:  62% (1120/1806)   [Kremote: Compressing objects:  63% (1138/1806)   [Kremote: Compressing objects:  64% (1156/1806)   [Kremote: Compressing objects:  65% (1174/1806)   [Kremote: Compressing objects:  66% (1192/1806)   [Kremote: Compressing objects:  67% (1211/1806)   [Kremote: Compressing objects:  68% (1229/1806)   [Kremote: Compressing objects:  69% (1247/1806)   [Kremote: Compressing objects:  70% (1265/1806)   [Kremote: Compressing objects:  71% (1283/1806)   [Kremote: Compressing objects:  72% (1301/1806)   [Kremote: Compressing objects:  73% (1319/1806)   [Kremote: Compressing objects:  74% (1337/1806)   [Kremote: Compressing objects:  75% (1355/1806)   [Kremote: Compressing objects:  76% (1373/1806)   [Kremote: Compressing objects:  77% (1391/1806)   [Kremote: Compressing objects:  78% (1409/1806)   [Kremote: Compressing objects:  79% (1427/1806)   [Kremote: Compressing objects:  80% (1445/1806)   [Kremote: Compressing objects:  81% (1463/1806)   [Kremote: Compressing objects:  82% (1481/1806)   [Kremote: Compressing objects:  83% (1499/1806)   [Kremote: Compressing objects:  84% (1518/1806)   [Kremote: Compressing objects:  85% (1536/1806)   [Kremote: Compressing objects:  86% (1554/1806)   [Kremote: Compressing objects:  87% (1572/1806)   [Kremote: Compressing objects:  88% (1590/1806)   [Kremote: Compressing objects:  89% (1608/1806)   [Kremote: Compressing objects:  90% (1626/1806)   [Kremote: Compressing objects:  91% (1644/1806)   [Kremote: Compressing objects:  92% (1662/1806)   [Kremote: Compressing objects:  93% (1680/1806)   [Kremote: Compressing objects:  94% (1698/1806)   [Kremote: Compressing objects:  95% (1716/1806)   [Kremote: Compressing objects:  96% (1734/1806)   [Kremote: Compressing objects:  97% (1752/1806)   [Kremote: Compressing objects:  98% (1770/1806)   [Kremote: Compressing objects:  99% (1788/1806)   [Kremote: Compressing objects: 100% (1806/1806)   [Kremote: Compressing objects: 100% (1806/1806), done.[K
Receiving objects:   0% (1/3989)   Receiving objects:   1% (40/3989)   Receiving objects:   2% (80/3989)   Receiving objects:   3% (120/3989)   Receiving objects:   4% (160/3989)   Receiving objects:   5% (200/3989)   Receiving objects:   6% (240/3989)   Receiving objects:   7% (280/3989)   Receiving objects:   8% (320/3989)   Receiving objects:   9% (360/3989)   Receiving objects:  10% (399/3989)   Receiving objects:  11% (439/3989)   Receiving objects:  12% (479/3989)   Receiving objects:  13% (519/3989)   Receiving objects:  14% (559/3989)   Receiving objects:  15% (599/3989)   Receiving objects:  16% (639/3989)   Receiving objects:  17% (679/3989)   Receiving objects:  18% (719/3989)   Receiving objects:  19% (758/3989)   Receiving objects:  20% (798/3989)   Receiving objects:  21% (838/3989)   Receiving objects:  22% (878/3989)   Receiving objects:  23% (918/3989)   Receiving objects:  24% (958/3989)   Receiving objects:  25% (998/3989)   Receiving objects:  26% (1038/3989)   Receiving objects:  27% (1078/3989)   Receiving objects:  28% (1117/3989)   Receiving objects:  29% (1157/3989)   Receiving objects:  30% (1197/3989)   Receiving objects:  31% (1237/3989)   Receiving objects:  32% (1277/3989)   Receiving objects:  33% (1317/3989)   Receiving objects:  34% (1357/3989)   Receiving objects:  35% (1397/3989)   Receiving objects:  36% (1437/3989)   Receiving objects:  37% (1476/3989)   Receiving objects:  38% (1516/3989)   Receiving objects:  39% (1556/3989)   Receiving objects:  40% (1596/3989)   Receiving objects:  41% (1636/3989)   Receiving objects:  42% (1676/3989)   Receiving objects:  43% (1716/3989)   Receiving objects:  44% (1756/3989)   Receiving objects:  45% (1796/3989)   Receiving objects:  46% (1835/3989)   Receiving objects:  47% (1875/3989)   Receiving objects:  48% (1915/3989)   Receiving objects:  49% (1955/3989)   Receiving objects:  50% (1995/3989)   Receiving objects:  51% (2035/3989)   Receiving objects:  52% (2075/3989)   Receiving objects:  53% (2115/3989)   Receiving objects:  54% (2155/3989)   Receiving objects:  55% (2194/3989)   Receiving objects:  56% (2234/3989)   Receiving objects:  57% (2274/3989)   Receiving objects:  58% (2314/3989)   Receiving objects:  59% (2354/3989)   Receiving objects:  60% (2394/3989)   Receiving objects:  61% (2434/3989)   Receiving objects:  62% (2474/3989)   Receiving objects:  63% (2514/3989)   Receiving objects:  64% (2553/3989)   Receiving objects:  65% (2593/3989)   Receiving objects:  66% (2633/3989)   Receiving objects:  67% (2673/3989)   Receiving objects:  68% (2713/3989)   Receiving objects:  69% (2753/3989)   Receiving objects:  70% (2793/3989)   Receiving objects:  71% (2833/3989)   Receiving objects:  72% (2873/3989)   Receiving objects:  73% (2912/3989)   Receiving objects:  74% (2952/3989)   Receiving objects:  75% (2992/3989)   Receiving objects:  76% (3032/3989)   Receiving objects:  77% (3072/3989)   Receiving objects:  78% (3112/3989)   Receiving objects:  79% (3152/3989)   Receiving objects:  80% (3192/3989)   Receiving objects:  81% (3232/3989)   Receiving objects:  82% (3271/3989)   Receiving objects:  83% (3311/3989)   Receiving objects:  84% (3351/3989)   Receiving objects:  85% (3391/3989)   Receiving objects:  86% (3431/3989)   Receiving objects:  87% (3471/3989)   Receiving objects:  88% (3511/3989)   Receiving objects:  89% (3551/3989)   remote: Total 3989 (delta 1823), reused 3476 (delta 1368), pack-reused 0[K
Receiving objects:  90% (3591/3989)   Receiving objects:  91% (3630/3989)   Receiving objects:  92% (3670/3989)   Receiving objects:  93% (3710/3989)   Receiving objects:  94% (3750/3989)   Receiving objects:  95% (3790/3989)   Receiving objects:  96% (3830/3989)   Receiving objects:  97% (3870/3989)   Receiving objects:  98% (3910/3989)   Receiving objects:  99% (3950/3989)   Receiving objects: 100% (3989/3989)   Receiving objects: 100% (3989/3989), 794.67 KiB | 0 bytes/s, done.
Resolving deltas:   0% (0/1823)   Resolving deltas:   9% (174/1823)   Resolving deltas:  10% (183/1823)   Resolving deltas:  12% (227/1823)   Resolving deltas:  13% (237/1823)   Resolving deltas:  15% (281/1823)   Resolving deltas:  16% (293/1823)   Resolving deltas:  17% (313/1823)   Resolving deltas:  18% (333/1823)   Resolving deltas:  19% (350/1823)   Resolving deltas:  20% (374/1823)   Resolving deltas:  21% (384/1823)   Resolving deltas:  22% (403/1823)   Resolving deltas:  23% (420/1823)   Resolving deltas:  26% (485/1823)   Resolving deltas:  27% (495/1823)   Resolving deltas:  29% (546/1823)   Resolving deltas:  30% (565/1823)   Resolving deltas:  31% (566/1823)   Resolving deltas:  32% (584/1823)   Resolving deltas:  34% (621/1823)   Resolving deltas:  35% (639/1823)   Resolving deltas:  36% (658/1823)   Resolving deltas:  37% (677/1823)   Resolving deltas:  38% (702/1823)   Resolving deltas:  45% (826/1823)   Resolving deltas:  46% (849/1823)   Resolving deltas:  47% (857/1823)   Resolving deltas:  48% (879/1823)   Resolving deltas:  49% (897/1823)   Resolving deltas:  50% (921/1823)   Resolving deltas:  51% (944/1823)   Resolving deltas:  52% (948/1823)   Resolving deltas:  59% (1081/1823)   Resolving deltas:  60% (1097/1823)   Resolving deltas:  61% (1115/1823)   Resolving deltas:  62% (1140/1823)   Resolving deltas:  63% (1154/1823)   Resolving deltas:  65% (1193/1823)   Resolving deltas:  66% (1207/1823)   Resolving deltas:  67% (1228/1823)   Resolving deltas:  69% (1258/1823)   Resolving deltas:  70% (1277/1823)   Resolving deltas:  71% (1295/1823)   Resolving deltas:  72% (1314/1823)   Resolving deltas:  73% (1332/1823)   Resolving deltas:  77% (1412/1823)   Resolving deltas:  78% (1422/1823)   Resolving deltas:  79% (1443/1823)   Resolving deltas:  80% (1462/1823)   Resolving deltas:  81% (1477/1823)   Resolving deltas:  82% (1497/1823)   Resolving deltas:  83% (1514/1823)   Resolving deltas:  84% (1534/1823)   Resolving deltas:  85% (1550/1823)   Resolving deltas:  86% (1568/1823)   Resolving deltas:  87% (1589/1823)   Resolving deltas:  88% (1605/1823)   Resolving deltas:  89% (1637/1823)   Resolving deltas:  90% (1641/1823)   Resolving deltas:  92% (1689/1823)   Resolving deltas:  93% (1696/1823)   Resolving deltas:  94% (1714/1823)   Resolving deltas:  95% (1736/1823)   Resolving deltas:  97% (1769/1823)   Resolving deltas:  98% (1787/1823)   Resolving deltas:  99% (1808/1823)   Resolving deltas: 100% (1823/1823)   Resolving deltas: 100% (1823/1823), completed with 182 local objects.
From https://github.com/apache/storm
 * branch            refs/pull/1531/merge -> FETCH_HEAD

travis_time:end:22f99328:start=1467340271954090231,finish=1467340272786279745,duration=832189514[0K$ git checkout -qf FETCH_HEAD
travis_fold:end:git.checkout[0K
[33;1mThis job is running on container-based infrastructure, which does not allow use of 'sudo', setuid and setguid executables.[0m
[33;1mIf you require sudo, add 'sudo: required' to your .travis.yml[0m
[33;1mSee https://docs.travis-ci.com/user/workers/container-based-infrastructure/ for details.[0m

[33;1mSetting environment variables from .travis.yml[0m
$ export MODULES=storm-core

$ jdk_switcher use oraclejdk8
Switching to Oracle JDK8 (java-8-oracle), JAVA_HOME will be set to /usr/lib/jvm/java-8-oracle
travis_fold:start:cache.1[0KSetting up build cache
$ export CASHER_DIR=$HOME/.casher
travis_time:start:03614d85[0K$ Installing caching utilities

travis_time:end:03614d85:start=1467340276656435424,finish=1467340276705718768,duration=49283344[0Ktravis_time:start:00e671c8[0K
travis_time:end:00e671c8:start=1467340276710928395,finish=1467340276714442802,duration=3514407[0Ktravis_time:start:2aaf7e9e[0K[32;1mattempting to download cache archive[0m
[32;1mfetching PR.1531/cache-linux-precise-4722ea394922d42b2b7eb84cff6efc764d76759821ac6f6efc13232aa923f595--jdk-oraclejdk8.tgz[0m
[32;1mfound cache[0m

travis_time:end:2aaf7e9e:start=1467340276718347614,finish=1467340297303350840,duration=20585003226[0Ktravis_time:start:0546bba8[0K
travis_time:end:0546bba8:start=1467340297307180939,finish=1467340297310494540,duration=3313601[0Ktravis_time:start:2a1e89d8[0K[32;1madding /home/travis/.m2/repository to cache[0m
[32;1madding /home/travis/.rvm to cache[0m
[32;1madding /home/travis/.nvm to cache[0m

travis_time:end:2a1e89d8:start=1467340297314268468,finish=1467340318537468935,duration=21223200467[0Ktravis_fold:end:cache.1[0K$ java -Xmx32m -version
java version "1.8.0_31"
Java(TM) SE Runtime Environment (build 1.8.0_31-b13)
Java HotSpot(TM) 64-Bit Server VM (build 25.31-b07, mixed mode)
$ javac -J-Xmx32m -version
javac 1.8.0_31
travis_fold:start:before_install.1[0Ktravis_time:start:0b131b4e[0K$ rvm use 2.1.5 --install
[32mUsing /home/travis/.rvm/gems/ruby-2.1.5[0m

travis_time:end:0b131b4e:start=1467340319017379633,finish=1467340319376603072,duration=359223439[0Ktravis_fold:end:before_install.1[0Ktravis_fold:start:before_install.2[0Ktravis_time:start:2c7d384d[0K$ nvm install 0.12.2
v0.12.2 is already installed.
Now using node v0.12.2

travis_time:end:2c7d384d:start=1467340319382795599,finish=1467340319846816606,duration=464021007[0Ktravis_fold:end:before_install.2[0Ktravis_fold:start:before_install.3[0Ktravis_time:start:110d6924[0K$ nvm use 0.12.2
Now using node v0.12.2

travis_time:end:110d6924:start=1467340319852927033,finish=1467340319929435723,duration=76508690[0Ktravis_fold:end:before_install.3[0Ktravis_fold:start:install[0Ktravis_time:start:3797c868[0K$ /bin/bash ./dev-tools/travis/travis-install.sh `pwd`
Python version :   Python 2.7.3
Java HotSpot(TM) 64-Bit Server VM warning: ignoring option MaxPermSize=192m; support was removed in 8.0
Maven version  :   Apache Maven 3.2.5 (12a6b3acb947671f09b81f49094c53f426d8cea1; 2014-12-14T17:29:23+00:00) Maven home: /usr/local/maven Java version: 1.8.0_31, vendor: Oracle Corporation Java home: /usr/lib/jvm/java-8-oracle/jre Default locale: en_US, platform encoding: UTF-8 OS name: "linux", version: "3.13.0-40-generic", arch: "amd64", family: "unix"
['mvn', 'clean', 'install', '-DskipTests', '-Pnative', '--batch-mode'] writing to install.txt
2 seconds 2 log lines12 seconds 62 log lines23 seconds 174 log lines34 seconds 240 log lines78 seconds 307 log lines100 seconds 315 log lines110 seconds 410 log lines131 seconds 617 log lines141 seconds 797 log lines154 seconds 833 log lines168 seconds 871 log lines178 seconds 997 log lines188 seconds 1269 log lines198 seconds 1420 log lines208 seconds 1662 log lines220 seconds 2094 log lines233 seconds 2250 log lines239 seconds 2434 log lines
['mvn', 'clean', 'install', '-DskipTests', '-Pnative', '--batch-mode'] done 0

travis_time:end:3797c868:start=1467340319935326380,finish=1467340559352078086,duration=239416751706[0Ktravis_fold:end:install[0Ktravis_time:start:1fa6de3c[0K$ /bin/bash ./dev-tools/travis/travis-script.sh `pwd` $MODULES
Python version :   Python 2.7.3
Ruby version   :   ruby 2.1.5p273 (2014-11-13 revision 48405) [x86_64-linux]
NodeJs version :   v0.12.2
Java HotSpot(TM) 64-Bit Server VM warning: ignoring option MaxPermSize=192m; support was removed in 8.0
Maven version  :   Apache Maven 3.2.5 (12a6b3acb947671f09b81f49094c53f426d8cea1; 2014-12-14T17:29:23+00:00) Maven home: /usr/local/maven Java version: 1.8.0_31, vendor: Oracle Corporation Java home: /usr/lib/jvm/java-8-oracle/jre Default locale: en_US, platform encoding: UTF-8 OS name: "linux", version: "3.13.0-40-generic", arch: "amd64", family: "unix"
Java HotSpot(TM) 64-Bit Server VM warning: ignoring option MaxPermSize=192m; support was removed in 8.0
[INFO] Scanning for projects...
[INFO]                                                                         
[INFO] ------------------------------------------------------------------------
[INFO] Building Storm Core 1.0.3-SNAPSHOT
[INFO] ------------------------------------------------------------------------
[INFO] 
[INFO] --- exec-maven-plugin:1.2.1:exec (default) @ storm-core ---
[INFO] 
[INFO] --- maven-remote-resources-plugin:1.2.1:process (default) @ storm-core ---
[INFO] 
[INFO] --- storm-maven-plugins:1.0.3-SNAPSHOT:version-info (version-info) @ storm-core ---
[WARNING] [svn, info] failed with error code 1
[INFO] SCM: GIT
[INFO] Computed MD5: 76bd378572f678b7d59f977539e41eba
[INFO] 
[INFO] --- maven-resources-plugin:2.5:resources (default-resources) @ storm-core ---
[debug] execute contextualize
[INFO] Using 'UTF-8' encoding to copy filtered resources.
[INFO] Copying 8 resources
[INFO] Copying 1 resource to META-INF
[INFO] Copying 0 resource
[INFO] Copying 1 resource
[INFO] Copying 3 resources
[INFO] 
[INFO] --- maven-compiler-plugin:3.1:compile (default-compile) @ storm-core ---
[INFO] Nothing to compile - all classes are up to date
[INFO] 
[INFO] --- clojure-maven-plugin:1.7.1:compile (compile-clojure) @ storm-core ---
Compiling org.apache.storm.command.deactivate to /home/travis/build/apache/storm/storm-core/target/classes
Compiling org.apache.storm.trident.testing to /home/travis/build/apache/storm/storm-core/target/classes
Compiling org.apache.storm.command.blobstore to /home/travis/build/apache/storm/storm-core/target/classes
Compiling org.apache.storm.stats to /home/travis/build/apache/storm/storm-core/target/classes
Compiling org.apache.storm.command.set-log-level to /home/travis/build/apache/storm/storm-core/target/classes
Compiling org.apache.storm.daemon.drpc to /home/travis/build/apache/storm/storm-core/target/classes
Compiling org.apache.storm.command.dev-zookeeper to /home/travis/build/apache/storm/storm-core/target/classes
Compiling org.apache.storm.local-state to /home/travis/build/apache/storm/storm-core/target/classes
Compiling org.apache.storm.cluster to /home/travis/build/apache/storm/storm-core/target/classes
Compiling org.apache.storm.testing to /home/travis/build/apache/storm/storm-core/target/classes
Compiling org.apache.storm.command.heartbeats to /home/travis/build/apache/storm/storm-core/target/classes
WARNING: reverse already refers to: #'clojure.core/reverse in namespace: org.apache.storm.command.heartbeats, being replaced by: #'clojure.string/reverse
WARNING: replace already refers to: #'clojure.core/replace in namespace: org.apache.storm.command.heartbeats, being replaced by: #'clojure.string/replace
Compiling org.apache.storm.daemon.builtin-metrics to /home/travis/build/apache/storm/storm-core/target/classes
Compiling org.apache.storm.process-simulator to /home/travis/build/apache/storm/storm-core/target/classes
Compiling org.apache.storm.daemon.acker to /home/travis/build/apache/storm/storm-core/target/classes
Compiling org.apache.storm.log to /home/travis/build/apache/storm/storm-core/target/classes
Compiling org.apache.storm.daemon.common to /home/travis/build/apache/storm/storm-core/target/classes
Compiling org.apache.storm.command.healthcheck to /home/travis/build/apache/storm/storm-core/target/classes
Compiling org.apache.storm.scheduler.EvenScheduler to /home/travis/build/apache/storm/storm-core/target/classes
Compiling org.apache.storm.command.kill-workers to /home/travis/build/apache/storm/storm-core/target/classes
Compiling org.apache.storm.scheduler.IsolationScheduler to /home/travis/build/apache/storm/storm-core/target/classes
Compiling org.apache.storm.command.monitor to /home/travis/build/apache/storm/storm-core/target/classes
Compiling org.apache.storm.timer to /home/travis/build/apache/storm/storm-core/target/classes
Compiling org.apache.storm.config to /home/travis/build/apache/storm/storm-core/target/classes
Compiling org.apache.storm.LocalCluster to /home/travis/build/apache/storm/storm-core/target/classes
Compiling org.apache.storm.thrift to /home/travis/build/apache/storm/storm-core/target/classes
Compiling org.apache.storm.daemon.logviewer to /home/travis/build/apache/storm/storm-core/target/classes
Compiling org.apache.storm.blobstore to /home/travis/build/apache/storm/storm-core/target/classes
Compiling org.apache.storm.zookeeper to /home/travis/build/apache/storm/storm-core/target/classes
Compiling org.apache.storm.clojure to /home/travis/build/apache/storm/storm-core/target/classes
Compiling org.apache.storm.command.rebalance to /home/travis/build/apache/storm/storm-core/target/classes
Compiling org.apache.storm.command.kill-topology to /home/travis/build/apache/storm/storm-core/target/classes
Compiling org.apache.storm.LocalDRPC to /home/travis/build/apache/storm/storm-core/target/classes
Compiling org.apache.storm.messaging.local to /home/travis/build/apache/storm/storm-core/target/classes
Compiling org.apache.storm.daemon.executor to /home/travis/build/apache/storm/storm-core/target/classes
Compiling org.apache.storm.event to /home/travis/build/apache/storm/storm-core/target/classes
Compiling org.apache.storm.daemon.supervisor to /home/travis/build/apache/storm/storm-core/target/classes
Compiling org.apache.storm.command.activate to /home/travis/build/apache/storm/storm-core/target/classes
Compiling org.apache.storm.command.shell-submission to /home/travis/build/apache/storm/storm-core/target/classes
Compiling org.apache.storm.MockAutoCred to /home/travis/build/apache/storm/storm-core/target/classes
Compiling org.apache.storm.command.get-errors to /home/travis/build/apache/storm/storm-core/target/classes
Compiling org.apache.storm.pacemaker.pacemaker to /home/travis/build/apache/storm/storm-core/target/classes
Compiling org.apache.storm.testing4j to /home/travis/build/apache/storm/storm-core/target/classes
Compiling org.apache.storm.metric.testing to /home/travis/build/apache/storm/storm-core/target/classes
Compiling org.apache.storm.ui.core to /home/travis/build/apache/storm/storm-core/target/classes
Compiling org.apache.storm.command.upload-credentials to /home/travis/build/apache/storm/storm-core/target/classes
Compiling org.apache.storm.ui.helpers to /home/travis/build/apache/storm/storm-core/target/classes
Compiling org.apache.storm.scheduler.DefaultScheduler to /home/travis/build/apache/storm/storm-core/target/classes
Compiling org.apache.storm.command.list to /home/travis/build/apache/storm/storm-core/target/classes
Compiling org.apache.storm.pacemaker.pacemaker-state-factory to /home/travis/build/apache/storm/storm-core/target/classes
Compiling org.apache.storm.disruptor to /home/travis/build/apache/storm/storm-core/target/classes
Compiling org.apache.storm.util to /home/travis/build/apache/storm/storm-core/target/classes
Compiling org.apache.storm.daemon.task to /home/travis/build/apache/storm/storm-core/target/classes
Compiling org.apache.storm.command.config-value to /home/travis/build/apache/storm/storm-core/target/classes
Compiling org.apache.storm.converter to /home/travis/build/apache/storm/storm-core/target/classes
Compiling org.apache.storm.daemon.nimbus to /home/travis/build/apache/storm/storm-core/target/classes
Compiling org.apache.storm.cluster-state.zookeeper-state-factory to /home/travis/build/apache/storm/storm-core/target/classes
Compiling org.apache.storm.messaging.loader to /home/travis/build/apache/storm/storm-core/target/classes
Compiling org.apache.storm.daemon.worker to /home/travis/build/apache/storm/storm-core/target/classes
[INFO] 
[INFO] --- make-maven-plugin:1.0-beta-1:autoreconf (compile) @ storm-core ---
[INFO] 
[INFO] --- make-maven-plugin:1.0-beta-1:configure (compile) @ storm-core ---
[INFO] /bin/sh: 14: /home/travis/.jdk_switcher_rc: [[: not found
[INFO] /bin/sh: 22: /home/travis/.jdk_switcher_rc: [[: not found
[INFO] /bin/sh: 32: /home/travis/.jdk_switcher_rc: [[: not found
[INFO] /bin/sh: 42: /home/travis/.jdk_switcher_rc: [[: not found
[INFO] /bin/sh: 3: /etc/profile.d/rvm.sh: [[: not found
[INFO] checking for gcc... gcc
[INFO] checking whether the C compiler works... yes
[INFO] checking for C compiler default output file name... a.out
[INFO] checking for suffix of executables... 
[INFO] checking whether we are cross compiling... no
[INFO] checking for suffix of object files... o
[INFO] checking whether we are using the GNU C compiler... yes
[INFO] checking whether gcc accepts -g... yes
[INFO] checking for gcc option to accept ISO C89... none needed
[INFO] checking how to run the C preprocessor... gcc -E
[INFO] checking for grep that handles long lines and -e... /bin/grep
[INFO] checking for egrep... /bin/grep -E
[INFO] checking for ANSI C header files... yes
[INFO] checking for sys/types.h... yes
[INFO] checking for sys/stat.h... yes
[INFO] checking for stdlib.h... yes
[INFO] checking for string.h... yes
[INFO] checking for memory.h... yes
[INFO] checking for strings.h... yes
[INFO] checking for inttypes.h... yes
[INFO] checking for stdint.h... yes
[INFO] checking for unistd.h... yes
[INFO] checking minix/config.h usability... no
[INFO] checking minix/config.h presence... no
[INFO] checking for minix/config.h... no
[INFO] checking whether it is safe to define __EXTENSIONS__... yes
[INFO] checking for a BSD-compatible install... /usr/bin/install -c
[INFO] checking whether build environment is sane... yes
[INFO] checking for a thread-safe mkdir -p... /bin/mkdir -p
[INFO] checking for gawk... gawk
[INFO] checking whether make sets $(MAKE)... yes
[INFO] checking for style of include used by make... GNU
[INFO] checking dependency style of gcc... gcc3
[INFO] checking for gcc... (cached) gcc
[INFO] checking whether we are using the GNU C compiler... (cached) yes
[INFO] checking whether gcc accepts -g... (cached) yes
[INFO] checking for gcc option to accept ISO C89... (cached) none needed
[INFO] checking whether gcc and cc understand -c and -o together... yes
[INFO] checking for unistd.h... (cached) yes
[INFO] checking for stdbool.h that conforms to C99... yes
[INFO] checking for _Bool... yes
[INFO] checking for an ANSI C-conforming const... yes
[INFO] checking for off_t... yes
[INFO] checking for size_t... yes
[INFO] checking whether strerror_r is declared... yes
[INFO] checking for strerror_r... yes
[INFO] checking whether strerror_r returns char *... yes
[INFO] checking for mkdir... yes
[INFO] checking for uname... yes
[INFO] configure: creating ./config.status
[INFO] config.status: creating Makefile
[INFO] config.status: executing depfiles commands
[INFO] 
[INFO] --- make-maven-plugin:1.0-beta-1:make-install (compile) @ storm-core ---
[INFO] /bin/sh: 14: /home/travis/.jdk_switcher_rc: [[: not found
[INFO] /bin/sh: 22: /home/travis/.jdk_switcher_rc: [[: not found
[INFO] /bin/sh: 32: /home/travis/.jdk_switcher_rc: [[: not found
[INFO] /bin/sh: 42: /home/travis/.jdk_switcher_rc: [[: not found
[INFO] /bin/sh: 3: /etc/profile.d/rvm.sh: [[: not found
[INFO] make[1]: Entering directory `/home/travis/build/apache/storm/storm-core/target/native/worker-launcher'
[INFO] test -z "/usr/local/bin" || /bin/mkdir -p "/home/travis/build/apache/storm/storm-core/target/native/target/usr/local/bin"
[INFO]   /usr/bin/install -c worker-launcher '/home/travis/build/apache/storm/storm-core/target/native/target/usr/local/bin'
[INFO] make[1]: Nothing to be done for `install-data-am'.
[INFO] make[1]: Leaving directory `/home/travis/build/apache/storm/storm-core/target/native/worker-launcher'
[INFO] 
[INFO] --- maven-resources-plugin:2.5:testResources (default-testResources) @ storm-core ---
[debug] execute contextualize
[INFO] Using 'UTF-8' encoding to copy filtered resources.
[INFO] Copying 14 resources
[INFO] Copying 2 resources
[INFO] Copying 3 resources
[INFO] 
[INFO] --- maven-dependency-plugin:2.8:unpack (unpack) @ storm-core ---
[INFO] Configured Artifact: org.apache.storm:multilang-ruby:1.0.3-SNAPSHOT:jar
[INFO] Downloading: https://repository.apache.org/snapshots/org/apache/storm/multilang-ruby/1.0.3-SNAPSHOT/maven-metadata.xml
[INFO] Configured Artifact: org.apache.storm:multilang-python:1.0.3-SNAPSHOT:jar
[INFO] Downloading: https://repository.apache.org/snapshots/org/apache/storm/multilang-python/1.0.3-SNAPSHOT/maven-metadata.xml
[INFO] Configured Artifact: org.apache.storm:multilang-javascript:1.0.3-SNAPSHOT:jar
[INFO] Downloading: https://repository.apache.org/snapshots/org/apache/storm/multilang-javascript/1.0.3-SNAPSHOT/maven-metadata.xml
[INFO] multilang-ruby-1.0.3-SNAPSHOT.jar already unpacked.
[INFO] multilang-python-1.0.3-SNAPSHOT.jar already unpacked.
[INFO] multilang-javascript-1.0.3-SNAPSHOT.jar already unpacked.
[INFO] 
[INFO] --- maven-compiler-plugin:3.1:testCompile (default-testCompile) @ storm-core ---
[INFO] Nothing to compile - all classes are up to date
[INFO] 
[INFO] --- maven-surefire-plugin:2.18.1:test (default-test) @ storm-core ---
[INFO] Surefire report directory: /home/travis/build/apache/storm/storm-core/target/surefire-reports
[INFO] parallel='none', perCoreThreadCount=true, threadCount=0, useUnlimitedThreads=false, threadCountSuites=0, threadCountClasses=0, threadCountMethods=0, parallelOptimized=true

-------------------------------------------------------
 T E S T S
-------------------------------------------------------
Running org.apache.storm.utils.ShellBoltMessageQueueTest
Tests run: 3, Failures: 0, Errors: 0, Skipped: 0, Time elapsed: 2.012 sec - in org.apache.storm.utils.ShellBoltMessageQueueTest
Running org.apache.storm.utils.WorkerBackpressureThreadTest
Tests run: 1, Failures: 0, Errors: 0, Skipped: 0, Time elapsed: 0.212 sec - in org.apache.storm.utils.WorkerBackpressureThreadTest
Running org.apache.storm.utils.DisruptorQueueTest
Tests run: 3, Failures: 0, Errors: 0, Skipped: 0, Time elapsed: 3.307 sec - in org.apache.storm.utils.DisruptorQueueTest
Running org.apache.storm.utils.StormBoundedExponentialBackoffRetryTest
Tests run: 5, Failures: 0, Errors: 0, Skipped: 0, Time elapsed: 0.149 sec - in org.apache.storm.utils.StormBoundedExponentialBackoffRetryTest
Running org.apache.storm.utils.DisruptorQueueBackpressureTest
Tests run: 1, Failures: 0, Errors: 0, Skipped: 0, Time elapsed: 0.002 sec - in org.apache.storm.utils.DisruptorQueueBackpressureTest
Running org.apache.storm.utils.ThriftTopologyUtilsTest
Tests run: 5, Failures: 0, Errors: 0, Skipped: 0, Time elapsed: 0.149 sec - in org.apache.storm.utils.ThriftTopologyUtilsTest
Running org.apache.storm.spout.CheckpointSpoutTest
Tests run: 7, Failures: 0, Errors: 0, Skipped: 0, Time elapsed: 0.258 sec - in org.apache.storm.spout.CheckpointSpoutTest
Running org.apache.storm.TestConfigValidate
Tests run: 24, Failures: 0, Errors: 0, Skipped: 0, Time elapsed: 0.275 sec - in org.apache.storm.TestConfigValidate
Running org.apache.storm.serialization.GzipBridgeThriftSerializationDelegateTest
Tests run: 3, Failures: 0, Errors: 0, Skipped: 0, Time elapsed: 0.03 sec - in org.apache.storm.serialization.GzipBridgeThriftSerializationDelegateTest
Running org.apache.storm.serialization.ThriftBridgeSerializationDelegateTest
Tests run: 1, Failures: 0, Errors: 0, Skipped: 0, Time elapsed: 0.011 sec - in org.apache.storm.serialization.ThriftBridgeSerializationDelegateTest
Running org.apache.storm.serialization.GzipBridgeSerializationDelegateTest
Tests run: 3, Failures: 0, Errors: 0, Skipped: 0, Time elapsed: 0.014 sec - in org.apache.storm.serialization.GzipBridgeSerializationDelegateTest
Running org.apache.storm.blobstore.ClientBlobStoreTest
Tests run: 4, Failures: 0, Errors: 0, Skipped: 0, Time elapsed: 0.03 sec - in org.apache.storm.blobstore.ClientBlobStoreTest
Running org.apache.storm.blobstore.BlobStoreTest
Tests run: 4, Failures: 0, Errors: 0, Skipped: 0, Time elapsed: 1.216 sec - in org.apache.storm.blobstore.BlobStoreTest
Running org.apache.storm.blobstore.BlobSynchronizerTest
Tests run: 4, Failures: 0, Errors: 0, Skipped: 0, Time elapsed: 2.39 sec - in org.apache.storm.blobstore.BlobSynchronizerTest
Running org.apache.storm.trident.TridentWindowingTest
Tests run: 3, Failures: 0, Errors: 0, Skipped: 0, Time elapsed: 0.002 sec - in org.apache.storm.trident.TridentWindowingTest
Running org.apache.storm.trident.TestTridentTopology
Tests run: 1, Failures: 0, Errors: 0, Skipped: 0, Time elapsed: 22.155 sec - in org.apache.storm.trident.TestTridentTopology
Running org.apache.storm.metric.internal.LatencyStatAndMetricTest
Tests run: 1, Failures: 0, Errors: 0, Skipped: 0, Time elapsed: 0.029 sec - in org.apache.storm.metric.internal.LatencyStatAndMetricTest
Running org.apache.storm.metric.internal.CountStatAndMetricTest
Tests run: 1, Failures: 0, Errors: 0, Skipped: 0, Time elapsed: 0.023 sec - in org.apache.storm.metric.internal.CountStatAndMetricTest
Running org.apache.storm.metric.internal.RateTrackerTest
Tests run: 4, Failures: 0, Errors: 0, Skipped: 0, Time elapsed: 0.007 sec - in org.apache.storm.metric.internal.RateTrackerTest
Running org.apache.storm.windowing.WaterMarkEventGeneratorTest
Tests run: 5, Failures: 0, Errors: 0, Skipped: 0, Time elapsed: 0.293 sec - in org.apache.storm.windowing.WaterMarkEventGeneratorTest
Running org.apache.storm.windowing.WindowManagerTest
Tests run: 10, Failures: 0, Errors: 0, Skipped: 0, Time elapsed: 0.101 sec - in org.apache.storm.windowing.WindowManagerTest
Running org.apache.storm.topology.StatefulBoltExecutorTest
Tests run: 7, Failures: 0, Errors: 0, Skipped: 0, Time elapsed: 0.519 sec - in org.apache.storm.topology.StatefulBoltExecutorTest
Running org.apache.storm.topology.WindowedBoltExecutorTest
Tests run: 2, Failures: 0, Errors: 0, Skipped: 0, Time elapsed: 0.102 sec - in org.apache.storm.topology.WindowedBoltExecutorTest
Running org.apache.storm.topology.StatefulWindowedBoltExecutorTest
Tests run: 4, Failures: 0, Errors: 0, Skipped: 0, Time elapsed: 0.083 sec - in org.apache.storm.topology.StatefulWindowedBoltExecutorTest
Running org.apache.storm.topology.TopologyBuilderTest
Tests run: 5, Failures: 0, Errors: 0, Skipped: 0, Time elapsed: 0.165 sec - in org.apache.storm.topology.TopologyBuilderTest
Running org.apache.storm.localizer.LocalizerTest
Tests run: 13, Failures: 0, Errors: 0, Skipped: 0, Time elapsed: 1.653 sec - in org.apache.storm.localizer.LocalizerTest
Running org.apache.storm.localizer.LocalizedResourceRetentionSetTest
Tests run: 2, Failures: 0, Errors: 0, Skipped: 0, Time elapsed: 0.052 sec - in org.apache.storm.localizer.LocalizedResourceRetentionSetTest
Running org.apache.storm.localizer.LocalizedResourceSetTest
Tests run: 4, Failures: 0, Errors: 0, Skipped: 0, Time elapsed: 0.02 sec - in org.apache.storm.localizer.LocalizedResourceSetTest
Running org.apache.storm.scheduler.resource.TestUser
Tests run: 3, Failures: 0, Errors: 0, Skipped: 0, Time elapsed: 2.55 sec - in org.apache.storm.scheduler.resource.TestUser
Running org.apache.storm.scheduler.resource.TestResourceAwareScheduler
Tests run: 15, Failures: 0, Errors: 0, Skipped: 0, Time elapsed: 4.767 sec - in org.apache.storm.scheduler.resource.TestResourceAwareScheduler
Running org.apache.storm.grouping.PartialKeyGroupingTest
Tests run: 2, Failures: 0, Errors: 0, Skipped: 0, Time elapsed: 0.056 sec - in org.apache.storm.grouping.PartialKeyGroupingTest
Running org.apache.storm.state.InMemoryKeyValueStateTest
Tests run: 2, Failures: 0, Errors: 0, Skipped: 0, Time elapsed: 0.003 sec - in org.apache.storm.state.InMemoryKeyValueStateTest

Results :

Tests run: 152, Failures: 0, Errors: 0, Skipped: 0

[INFO] 
[INFO] --- clojure-maven-plugin:1.7.1:test (test-clojure) @ storm-core ---
Warning: protocol #'org.apache.storm.pacemaker-state-factory-test/send-capture is overwriting function send
WARNING: send already refers to: #'clojure.core/send in namespace: org.apache.storm.pacemaker-state-factory-test, being replaced by: #'org.apache.storm.pacemaker-state-factory-test/send
Running org.apache.storm.security.auth.auto-login-module-test
Tests run: 6, Passed: 22, Failures: 0, Errors: 0
Running org.apache.storm.transactional-test
Tests run: 7, Passed: 110, Failures: 0, Errors: 0
Running org.apache.storm.serialization-test
Tests run: 6, Passed: 13, Failures: 0, Errors: 0
Running org.apache.storm.utils.ZookeeperServerCnxnFactory-test
Tests run: 2, Passed: 3, Failures: 0, Errors: 0
Running org.apache.storm.versioned-store-test
Tests run: 2, Passed: 5, Failures: 0, Errors: 0
Running org.apache.storm.security.auth.drpc-auth-test
Tests run: 4, Passed: 22, Failures: 0, Errors: 0
Running org.apache.storm.pacemaker-state-factory-test
Tests run: 4, Passed: 15, Failures: 0, Errors: 0
Running org.apache.storm.supervisor-test
Tests run: 20, Passed: 70, Failures: 0, Errors: 0
Running org.apache.storm.scheduler.multitenant-scheduler-test
Tests run: 17, Passed: 235, Failures: 0, Errors: 0
Running org.apache.storm.security.auth.nimbus-auth-test
Tests run: 5, Passed: 39, Failures: 0, Errors: 0
Running org.apache.storm.security.auth.ThriftServer-test
Tests run: 2, Passed: 1, Failures: 0, Errors: 0
Running org.apache.storm.security.auth.AuthUtils-test
Tests run: 5, Passed: 6, Failures: 0, Errors: 0
Running org.apache.storm.logviewer-test
Tests run: 12, Passed: 118, Failures: 0, Errors: 0
Running org.apache.storm.worker-test
Tests run: 8, Passed: 35, Failures: 0, Errors: 0
Running integration.org.apache.storm.testing4j-test
Tests run: 8, Passed: 36, Failures: 0, Errors: 0
Running org.apache.storm.trident.state-test
Tests run: 5, Passed: 37, Failures: 0, Errors: 0
Running org.apache.storm.utils-test
Tests run: 5, Passed: 22, Failures: 0, Errors: 0
Running org.apache.storm.serialization.SerializationFactory-test
Tests run: 3, Passed: 3, Failures: 0, Errors: 0
Running org.apache.storm.security.auth.DefaultHttpCredentialsPlugin-test
Tests run: 2, Passed: 8, Failures: 0, Errors: 0
Running org.apache.storm.security.auth.auth-test
Tests run: 13, Passed: 94, Failures: 0, Errors: 0
Running org.apache.storm.clojure-test
Tests run: 3, Passed: 5, Failures: 0, Errors: 0
Running org.apache.storm.messaging-test
Tests run: 1, Passed: 2, Failures: 0, Errors: 0
Running org.apache.storm.drpc-test
71487 [Thread-780] INFO  o.a.s.util - Async loop interrupted!
73671 [Thread-831] INFO  o.a.s.util - Async loop interrupted!
75886 [Thread-853] INFO  o.a.s.util - Async loop interrupted!
83092 [Thread-887] INFO  o.a.s.util - Async loop interrupted!
Tests run: 7, Passed: 17, Failures: 0, Errors: 0
Running org.apache.storm.submitter-test
Tests run: 1, Passed: 13, Failures: 0, Errors: 0
Running org.apache.storm.security.auth.ReqContext-test
Tests run: 3, Passed: 4, Failures: 0, Errors: 0
Running org.apache.storm.fields-test
Tests run: 2, Passed: 22, Failures: 0, Errors: 0
Running integration.org.apache.storm.integration-test
Tests run: 18, Passed: 51, Failures: 0, Errors: 0
Running org.apache.storm.security.auth.authorizer.DRPCSimpleACLAuthorizer-test
Tests run: 7, Passed: 37, Failures: 0, Errors: 0
Running org.apache.storm.pacemaker-test
Tests run: 8, Passed: 58, Failures: 0, Errors: 0
Running org.apache.storm.metrics-test
Tests run: 8, Passed: 66, Failures: 0, Errors: 0
Running org.apache.storm.security.auth.ThriftClient-test
Tests run: 2, Passed: 4, Failures: 0, Errors: 0
Running org.apache.storm.scheduler-test
Tests run: 4, Passed: 64, Failures: 0, Errors: 0
Running org.apache.storm.scheduler.resource-aware-scheduler-test
Tests run: 8, Passed: 91, Failures: 0, Errors: 0
Running org.apache.storm.security.auth.SaslTransportPlugin-test
Tests run: 2, Passed: 8, Failures: 0, Errors: 0
Running org.apache.storm.local-state-test
Tests run: 2, Passed: 10, Failures: 0, Errors: 0
Running org.apache.storm.messaging.netty-unit-test
Tests run: 5, Passed: 24, Failures: 0, Errors: 0
Running org.apache.storm.tuple-test
Tests run: 4, Passed: 13, Failures: 0, Errors: 0
Running org.apache.storm.messaging.netty-integration-test
Tests run: 1, Passed: 1, Failures: 0, Errors: 0
Running org.apache.storm.tick-tuple-test
Tests run: 1, Passed: 1, Failures: 0, Errors: 0
Running integration.org.apache.storm.trident.integration-test
Tests run: 9, Passed: 141, Failures: 0, Errors: 0
Running org.apache.storm.grouping-test
Tests run: 5, Passed: 15, Failures: 0, Errors: 0
Running org.apache.storm.security.serialization.BlowfishTupleSerializer-test
Tests run: 3, Passed: 3, Failures: 0, Errors: 0
Running org.apache.storm.nimbus-test
Tests run: 43, Passed: 795, Failures: 0, Errors: 0
Running org.apache.storm.subtopology-test
Tests run: 0, Passed: 0, Failures: 0, Errors: 0
Running org.apache.storm.cluster-test
Tests run: 10, Passed: 98, Failures: 0, Errors: 0
Running org.apache.storm.trident.tuple-test
Tests run: 6, Passed: 36, Failures: 0, Errors: 0
[INFO] 
[INFO] --- apache-rat-plugin:0.11:check (default) @ storm-core ---
[INFO] 51 implicit excludes (use -debug for more details).
[INFO] Exclude: **/target/**
[INFO] Exclude: **/*.iml
[INFO] Exclude: **/.idea/**
[INFO] Exclude: **/metastore_db/**
[INFO] Exclude: **/build/**
[INFO] Exclude: **/CHANGELOG.md
[INFO] Exclude: **/README.md
[INFO] Exclude: **/README.markdown
[INFO] Exclude: **/DEVELOPER.md
[INFO] Exclude: **/BYLAWS.md
[INFO] Exclude: **/STORM-UI-REST-API.md
[INFO] Exclude: SECURITY.md
[INFO] Exclude: VERSION
[INFO] Exclude: TODO
[INFO] Exclude: **/src/py/**
[INFO] Exclude: **/src/ui/public/js/jquery.dataTables.1.10.4.min.js
[INFO] Exclude: **/src/ui/public/css/jquery.dataTables.1.10.4.min.css
[INFO] Exclude: **/src/ui/public/images/*
[INFO] Exclude: **/src/ui/public/js/bootstrap-3.3.1.min.js
[INFO] Exclude: **/src/ui/public/css/bootstrap-3.3.1.min.css
[INFO] Exclude: **/src/ui/public/js/dataTables.bootstrap.min.js
[INFO] Exclude: **/src/ui/public/css/dataTables.bootstrap.css
[INFO] Exclude: **/src/ui/public/js/jsonFormatter.min.js
[INFO] Exclude: **/src/ui/public/css/jsonFormatter.min.css
[INFO] Exclude: **/src/ui/public/js/jquery-1.11.1.min.js
[INFO] Exclude: **/src/ui/public/js/jquery.cookies.2.2.0.min.js
[INFO] Exclude: **/src/ui/public/js/moment.min.js
[INFO] Exclude: **/src/ui/public/js/jquery.blockUI.min.js
[INFO] Exclude: **/src/ui/public/js/url.min.js
[INFO] Exclude: **/src/ui/public/js/arbor.js
[INFO] Exclude: **/src/ui/public/js/arbor-graphics.js
[INFO] Exclude: **/src/ui/public/js/arbor-tween.js
[INFO] Exclude: **/src/ui/public/js/jquery.mustache.js
[INFO] Exclude: **/src/ui/public/js/typeahead.jquery.min.js
[INFO] Exclude: **/dependency-reduced-pom.xml
[INFO] Exclude: **/docs/**
[INFO] Exclude: **/.git/**
[INFO] Exclude: **/derby.log
[INFO] Exclude: **/src/dev/**
[INFO] Exclude: **/src/codegen/config.fmpp
[INFO] Exclude: **/src/codegen/data/Parser.tdd
[INFO] Exclude: **/src/test/resources/FixedAvroSerializer.config
[INFO] 985 resources included (use -debug for more details)
Warning:  org.apache.xerces.jaxp.SAXParserImpl$JAXPSAXParser: Property 'http://www.oracle.com/xml/jaxp/properties/entityExpansionLimit' is not recognized.
Compiler warnings:
  WARNING:  'org.apache.xerces.jaxp.SAXParserImpl: Property 'http://javax.xml.XMLConstants/property/accessExternalDTD' is not recognized.'
Warning:  org.apache.xerces.parsers.SAXParser: Feature 'http://javax.xml.XMLConstants/feature/secure-processing' is not recognized.
Warning:  org.apache.xerces.parsers.SAXParser: Property 'http://javax.xml.XMLConstants/property/accessExternalDTD' is not recognized.
Warning:  org.apache.xerces.parsers.SAXParser: Property 'http://www.oracle.com/xml/jaxp/properties/entityExpansionLimit' is not recognized.
[INFO] Rat check: Summary of files. Unapproved: 0 unknown: 0 generated: 0 approved: 979 licence.
[INFO] 
[INFO] --- make-maven-plugin:1.0-beta-1:test (test) @ storm-core ---
[INFO] /bin/sh: 14: /home/travis/.jdk_switcher_rc: [[: not found
[INFO] /bin/sh: 22: /home/travis/.jdk_switcher_rc: [[: not found
[INFO] /bin/sh: 32: /home/travis/.jdk_switcher_rc: [[: not found
[INFO] /bin/sh: 42: /home/travis/.jdk_switcher_rc: [[: not found
[INFO] /bin/sh: 3: /etc/profile.d/rvm.sh: [[: not found
[INFO] make  test-worker-launcher
[INFO] make[1]: Entering directory `/home/travis/build/apache/storm/storm-core/target/native/worker-launcher'
[INFO] make[1]: `test-worker-launcher' is up to date.
[INFO] make[1]: Leaving directory `/home/travis/build/apache/storm/storm-core/target/native/worker-launcher'
[INFO] make  check-TESTS
[INFO] make[1]: Entering directory `/home/travis/build/apache/storm/storm-core/target/native/worker-launcher'
[INFO] chmod: cannot access `/tmp/test-worker-launcher': No such file or directory
[INFO] File /tmp/test-worker-launcher must be owned by root, but is owned by 1000
[INFO] 
[INFO] Starting tests
[INFO] 
[INFO] Testing get_container_launcher_file()
[INFO] 
[INFO] Testing check_configuration_permissions()
[INFO] 
[INFO] Testing check_configuration_permissions
[INFO] 
[INFO] Testing check_user()
[INFO] 
[INFO] Testing test_check_user
[INFO] Requested user lp has id 7, which is below the minimum allowed 1000
[INFO] Running as root is not allowed
[INFO] 
[INFO] Running test test_signal_container in child process
[INFO] 
[INFO] Testing signal_container
[INFO] Child container launched as 20999
[INFO] Killing process 20999 with 3
[INFO] 
[INFO] Running test test_signal_container_group in child process
[INFO] 
[INFO] Testing group signal_container
[INFO] Child container launched as 21001
[INFO] Killing process group 21001 with 9
[INFO] 
[INFO] Finished tests
[INFO] PASS: test-worker-launcher
[INFO] =============
[INFO] 1 test passed
[INFO] =============
[INFO] make[1]: Leaving directory `/home/travis/build/apache/storm/storm-core/target/native/worker-launcher'
[INFO] ------------------------------------------------------------------------
[INFO] BUILD SUCCESS
[INFO] ------------------------------------------------------------------------
[INFO] Total time: 04:33 min
[INFO] Finished at: 2016-07-01T02:40:34+00:00
[INFO] Final Memory: 37M/301M
[INFO] ------------------------------------------------------------------------
Looking for errors in ./storm-core/target/surefire-reports
Checking ./storm-core/target/surefire-reports/TEST-org.apache.storm.utils.ShellBoltMessageQueueTest.xml
Checking ./storm-core/target/surefire-reports/TEST-org.apache.storm.utils.WorkerBackpressureThreadTest.xml
Checking ./storm-core/target/surefire-reports/TEST-org.apache.storm.utils.DisruptorQueueTest.xml
Checking ./storm-core/target/surefire-reports/TEST-org.apache.storm.utils.StormBoundedExponentialBackoffRetryTest.xml
Checking ./storm-core/target/surefire-reports/TEST-org.apache.storm.utils.DisruptorQueueBackpressureTest.xml
Checking ./storm-core/target/surefire-reports/TEST-org.apache.storm.utils.ThriftTopologyUtilsTest.xml
Checking ./storm-core/target/surefire-reports/TEST-org.apache.storm.spout.CheckpointSpoutTest.xml
Checking ./storm-core/target/surefire-reports/TEST-org.apache.storm.TestConfigValidate.xml
Checking ./storm-core/target/surefire-reports/TEST-org.apache.storm.serialization.GzipBridgeThriftSerializationDelegateTest.xml
Checking ./storm-core/target/surefire-reports/TEST-org.apache.storm.serialization.ThriftBridgeSerializationDelegateTest.xml
Checking ./storm-core/target/surefire-reports/TEST-org.apache.storm.serialization.GzipBridgeSerializationDelegateTest.xml
Checking ./storm-core/target/surefire-reports/TEST-org.apache.storm.blobstore.ClientBlobStoreTest.xml
Checking ./storm-core/target/surefire-reports/TEST-org.apache.storm.blobstore.BlobStoreTest.xml
Checking ./storm-core/target/surefire-reports/TEST-org.apache.storm.blobstore.BlobSynchronizerTest.xml
Checking ./storm-core/target/surefire-reports/TEST-org.apache.storm.trident.TridentWindowingTest.xml
Checking ./storm-core/target/surefire-reports/TEST-org.apache.storm.trident.TestTridentTopology.xml
Checking ./storm-core/target/surefire-reports/TEST-org.apache.storm.metric.internal.LatencyStatAndMetricTest.xml
Checking ./storm-core/target/surefire-reports/TEST-org.apache.storm.metric.internal.CountStatAndMetricTest.xml
Checking ./storm-core/target/surefire-reports/TEST-org.apache.storm.metric.internal.RateTrackerTest.xml
Checking ./storm-core/target/surefire-reports/TEST-org.apache.storm.windowing.WaterMarkEventGeneratorTest.xml
Checking ./storm-core/target/surefire-reports/TEST-org.apache.storm.windowing.WindowManagerTest.xml
Checking ./storm-core/target/surefire-reports/TEST-org.apache.storm.topology.StatefulBoltExecutorTest.xml
Checking ./storm-core/target/surefire-reports/TEST-org.apache.storm.topology.WindowedBoltExecutorTest.xml
Checking ./storm-core/target/surefire-reports/TEST-org.apache.storm.topology.StatefulWindowedBoltExecutorTest.xml
Checking ./storm-core/target/surefire-reports/TEST-org.apache.storm.topology.TopologyBuilderTest.xml
Checking ./storm-core/target/surefire-reports/TEST-org.apache.storm.localizer.LocalizerTest.xml
Checking ./storm-core/target/surefire-reports/TEST-org.apache.storm.localizer.LocalizedResourceRetentionSetTest.xml
Checking ./storm-core/target/surefire-reports/TEST-org.apache.storm.localizer.LocalizedResourceSetTest.xml
Checking ./storm-core/target/surefire-reports/TEST-org.apache.storm.scheduler.resource.TestUser.xml
Checking ./storm-core/target/surefire-reports/TEST-org.apache.storm.scheduler.resource.TestResourceAwareScheduler.xml
Checking ./storm-core/target/surefire-reports/TEST-org.apache.storm.grouping.PartialKeyGroupingTest.xml
Checking ./storm-core/target/surefire-reports/TEST-org.apache.storm.state.InMemoryKeyValueStateTest.xml
Looking for errors in ./storm-core/target/test-reports
Checking ./storm-core/target/test-reports/org.apache.storm.security.auth.auto-login-module-test.xml
Checking ./storm-core/target/test-reports/org.apache.storm.transactional-test.xml
Checking ./storm-core/target/test-reports/org.apache.storm.serialization-test.xml
Checking ./storm-core/target/test-reports/org.apache.storm.utils.ZookeeperServerCnxnFactory-test.xml
Checking ./storm-core/target/test-reports/org.apache.storm.versioned-store-test.xml
Checking ./storm-core/target/test-reports/org.apache.storm.security.auth.drpc-auth-test.xml
Checking ./storm-core/target/test-reports/org.apache.storm.pacemaker-state-factory-test.xml
Checking ./storm-core/target/test-reports/org.apache.storm.supervisor-test.xml
Checking ./storm-core/target/test-reports/org.apache.storm.scheduler.multitenant-scheduler-test.xml
Checking ./storm-core/target/test-reports/org.apache.storm.security.auth.nimbus-auth-test.xml
Checking ./storm-core/target/test-reports/org.apache.storm.security.auth.ThriftServer-test.xml
Checking ./storm-core/target/test-reports/org.apache.storm.security.auth.AuthUtils-test.xml
Checking ./storm-core/target/test-reports/org.apache.storm.logviewer-test.xml
Checking ./storm-core/target/test-reports/org.apache.storm.worker-test.xml
Checking ./storm-core/target/test-reports/integration.org.apache.storm.testing4j-test.xml
Checking ./storm-core/target/test-reports/org.apache.storm.trident.state-test.xml
Checking ./storm-core/target/test-reports/org.apache.storm.utils-test.xml
Checking ./storm-core/target/test-reports/org.apache.storm.serialization.SerializationFactory-test.xml
Checking ./storm-core/target/test-reports/org.apache.storm.security.auth.DefaultHttpCredentialsPlugin-test.xml
Checking ./storm-core/target/test-reports/org.apache.storm.security.auth.auth-test.xml
Checking ./storm-core/target/test-reports/org.apache.storm.clojure-test.xml
Checking ./storm-core/target/test-reports/org.apache.storm.messaging-test.xml
Checking ./storm-core/target/test-reports/org.apache.storm.drpc-test.xml
Checking ./storm-core/target/test-reports/org.apache.storm.submitter-test.xml
Checking ./storm-core/target/test-reports/org.apache.storm.security.auth.ReqContext-test.xml
Checking ./storm-core/target/test-reports/org.apache.storm.fields-test.xml
Checking ./storm-core/target/test-reports/integration.org.apache.storm.integration-test.xml
Checking ./storm-core/target/test-reports/org.apache.storm.security.auth.authorizer.DRPCSimpleACLAuthorizer-test.xml
Checking ./storm-core/target/test-reports/org.apache.storm.pacemaker-test.xml
Checking ./storm-core/target/test-reports/org.apache.storm.metrics-test.xml
Checking ./storm-core/target/test-reports/org.apache.storm.security.auth.ThriftClient-test.xml
Checking ./storm-core/target/test-reports/org.apache.storm.scheduler-test.xml
Checking ./storm-core/target/test-reports/org.apache.storm.scheduler.resource-aware-scheduler-test.xml
Checking ./storm-core/target/test-reports/org.apache.storm.security.auth.SaslTransportPlugin-test.xml
Checking ./storm-core/target/test-reports/org.apache.storm.local-state-test.xml
Checking ./storm-core/target/test-reports/org.apache.storm.messaging.netty-unit-test.xml
Checking ./storm-core/target/test-reports/org.apache.storm.tuple-test.xml
Checking ./storm-core/target/test-reports/org.apache.storm.messaging.netty-integration-test.xml
Checking ./storm-core/target/test-reports/org.apache.storm.tick-tuple-test.xml
Checking ./storm-core/target/test-reports/integration.org.apache.storm.trident.integration-test.xml
Checking ./storm-core/target/test-reports/org.apache.storm.grouping-test.xml
Checking ./storm-core/target/test-reports/org.apache.storm.security.serialization.BlowfishTupleSerializer-test.xml
Checking ./storm-core/target/test-reports/org.apache.storm.nimbus-test.xml
Checking ./storm-core/target/test-reports/org.apache.storm.subtopology-test.xml
Checking ./storm-core/target/test-reports/org.apache.storm.cluster-test.xml
Checking ./storm-core/target/test-reports/org.apache.storm.trident.tuple-test.xml

travis_time:end:1fa6de3c:start=1467340559356185163,finish=1467340836037664876,duration=276681479713[0K
[32;1mThe command "/bin/bash ./dev-tools/travis/travis-script.sh `pwd` $MODULES" exited with 0.[0m
travis_fold:start:cache.2[0Kstore build cache
travis_time:start:1c6f0278[0K
travis_time:end:1c6f0278:start=1467340836041867308,finish=1467340836045217958,duration=3350650[0Ktravis_time:start:00e1b7a2[0K[32;1mchange detected (content changed, file is created, or file is deleted):
/home/travis/.m2/repository/eigenbase/eigenbase-properties/1.1.4/eigenbase-properties-1.1.4.pom.lastUpdated
/home/travis/.m2/repository/io/confluent/kafka-avro-serializer/1.0/kafka-avro-serializer-1.0.pom.lastUpdated
/home/travis/.m2/repository/io/confluent/kafka-schema-registry-client/1.0/kafka-schema-registry-client-1.0.pom.lastUpdated
/home/travis/.m2/repository/net/hydromatic/linq4j/0.4/linq4j-0.4.pom.lastUpdated
/home/travis/.m2/repository/net/hydromatic/quidem/0.1.1/quidem-0.1.1.pom.lastUpdated
/home/travis/.m2/repository/org/apache/storm/flux/1.0.3-SNAPSHOT/maven-metadata-local.xml
/home/travis/.m2/repository/org/apache/storm/flux/1.0.3-SNAPSHOT/_remote.repositories
/home/travis/.m2/repository/org/apache/storm/flux-core/1.0.3-SNAPSHOT/flux-core-1.0.3-SNAPSHOT.jar
/home/travis/.m2/repository/org/apache/storm/flux-core/1.0.3-SNAPSHOT/maven-metadata-local.xml
/home/travis/.m2/repository/org/apache/storm/flux-core/1.0.3-SNAPSHOT/_remote.repositories
/home/travis/.m2/repository/org/ap
[0m
[32;1m...
[0m
[32;1mchanges detected, packing new archive[0m
.
.
.
.
.
.
.
.
.
[32;1muploading archive[0m

travis_time:end:00e1b7a2:start=1467340836049057966,finish=1467340922689522665,duration=86640464699[0Ktravis_fold:end:cache.2[0K
Done. Your build exited with 0.
