Using worker: worker-linux-docker-ab48fd53.prod.travis-ci.org:travis-linux-4

travis_fold:start:system_info[0K[33;1mBuild system information[0m
Build language: java
Build group: stable
Build dist: precise
[34m[1mBuild image provisioning date and time[0m
Thu Feb  5 15:09:33 UTC 2015
[34m[1mOperating System Details[0m
Distributor ID:	Ubuntu
Description:	Ubuntu 12.04.5 LTS
Release:	12.04
Codename:	precise
[34m[1mLinux Version[0m
3.13.0-29-generic
[34m[1mCookbooks Version[0m
a68419e https://github.com/travis-ci/travis-cookbooks/tree/a68419e
[34m[1mGCC version[0m
gcc (Ubuntu/Linaro 4.6.3-1ubuntu5) 4.6.3
Copyright (C) 2011 Free Software Foundation, Inc.
This is free software; see the source for copying conditions.  There is NO
warranty; not even for MERCHANTABILITY or FITNESS FOR A PARTICULAR PURPOSE.

[34m[1mLLVM version[0m
clang version 3.4 (tags/RELEASE_34/final)
Target: x86_64-unknown-linux-gnu
Thread model: posix
[34m[1mPre-installed Ruby versions[0m
ruby-1.9.3-p551
[34m[1mPre-installed Node.js versions[0m
v0.10.36
[34m[1mPre-installed Go versions[0m
1.4.1
[34m[1mRedis version[0m
redis-server 2.8.19
[34m[1mriak version[0m
2.0.2
[34m[1mMongoDB version[0m
MongoDB 2.4.12
[34m[1mCouchDB version[0m
couchdb 1.6.1
[34m[1mNeo4j version[0m
1.9.4
[34m[1mRabbitMQ Version[0m
3.4.3
[34m[1mElasticSearch version[0m
1.4.0
[34m[1mInstalled Sphinx versions[0m
2.0.10
2.1.9
2.2.6
[34m[1mDefault Sphinx version[0m
2.2.6
[34m[1mInstalled Firefox version[0m
firefox 31.0esr
[34m[1mPhantomJS version[0m
1.9.8
[34m[1mant -version[0m
Apache Ant(TM) version 1.8.2 compiled on December 3 2011
[34m[1mmvn -version[0m
Apache Maven 3.2.5 (12a6b3acb947671f09b81f49094c53f426d8cea1; 2014-12-14T17:29:23+00:00)
Maven home: /usr/local/maven
Java version: 1.7.0_76, vendor: Oracle Corporation
Java home: /usr/lib/jvm/java-7-oracle/jre
Default locale: en_US, platform encoding: ANSI_X3.4-1968
OS name: "linux", version: "3.13.0-29-generic", arch: "amd64", family: "unix"
travis_fold:end:system_info[0K
travis_fold:start:fix.CVE-2015-7547[0K$ export DEBIAN_FRONTEND=noninteractive
W: Size of file /var/lib/apt/lists/us.archive.ubuntu.com_ubuntu_dists_precise-backports_multiverse_source_Sources.gz is not what the server reported 5886 5888
W: Size of file /var/lib/apt/lists/ppa.launchpad.net_ubuntugis_ppa_ubuntu_dists_precise_main_binary-amd64_Packages.gz is not what the server reported 36669 36677
W: Size of file /var/lib/apt/lists/ppa.launchpad.net_ubuntugis_ppa_ubuntu_dists_precise_main_binary-i386_Packages.gz is not what the server reported 36729 36733
Reading package lists...
Building dependency tree...
Reading state information...
The following extra packages will be installed:
  libc-bin libc-dev-bin libc6-dev
Suggested packages:
  glibc-doc
The following packages will be upgraded:
  libc-bin libc-dev-bin libc6 libc6-dev
4 upgraded, 0 newly installed, 0 to remove and 248 not upgraded.
Need to get 8,840 kB of archives.
After this operation, 14.3 kB disk space will be freed.
Get:1 http://us.archive.ubuntu.com/ubuntu/ precise-updates/main libc6-dev amd64 2.15-0ubuntu10.15 [2,943 kB]
Get:2 http://us.archive.ubuntu.com/ubuntu/ precise-updates/main libc-dev-bin amd64 2.15-0ubuntu10.15 [84.7 kB]
Get:3 http://us.archive.ubuntu.com/ubuntu/ precise-updates/main libc-bin amd64 2.15-0ubuntu10.15 [1,177 kB]
Get:4 http://us.archive.ubuntu.com/ubuntu/ precise-updates/main libc6 amd64 2.15-0ubuntu10.15 [4,636 kB]
Fetched 8,840 kB in 0s (33.3 MB/s)
Preconfiguring packages ...
(Reading database ... (Reading database ... 5%(Reading database ... 10%(Reading database ... 15%(Reading database ... 20%(Reading database ... 25%(Reading database ... 30%(Reading database ... 35%(Reading database ... 40%(Reading database ... 45%(Reading database ... 50%(Reading database ... 55%(Reading database ... 60%(Reading database ... 65%(Reading database ... 70%(Reading database ... 75%(Reading database ... 80%(Reading database ... 85%(Reading database ... 90%(Reading database ... 95%(Reading database ... 100%(Reading database ... 72019 files and directories currently installed.)
Preparing to replace libc6-dev 2.15-0ubuntu10.10 (using .../libc6-dev_2.15-0ubuntu10.15_amd64.deb) ...
Unpacking replacement libc6-dev ...
Preparing to replace libc-dev-bin 2.15-0ubuntu10.10 (using .../libc-dev-bin_2.15-0ubuntu10.15_amd64.deb) ...
Unpacking replacement libc-dev-bin ...
Preparing to replace libc-bin 2.15-0ubuntu10.10 (using .../libc-bin_2.15-0ubuntu10.15_amd64.deb) ...
Unpacking replacement libc-bin ...
Processing triggers for man-db ...
Setting up libc-bin (2.15-0ubuntu10.15) ...
(Reading database ... (Reading database ... 5%(Reading database ... 10%(Reading database ... 15%(Reading database ... 20%(Reading database ... 25%(Reading database ... 30%(Reading database ... 35%(Reading database ... 40%(Reading database ... 45%(Reading database ... 50%(Reading database ... 55%(Reading database ... 60%(Reading database ... 65%(Reading database ... 70%(Reading database ... 75%(Reading database ... 80%(Reading database ... 85%(Reading database ... 90%(Reading database ... 95%(Reading database ... 100%(Reading database ... 72018 files and directories currently installed.)
Preparing to replace libc6 2.15-0ubuntu10.10 (using .../libc6_2.15-0ubuntu10.15_amd64.deb) ...
Unpacking replacement libc6 ...
Setting up libc6 (2.15-0ubuntu10.15) ...
Setting up libc-dev-bin (2.15-0ubuntu10.15) ...
Setting up libc6-dev (2.15-0ubuntu10.15) ...
Processing triggers for libc-bin ...
ldconfig deferred processing now taking place
travis_fold:end:fix.CVE-2015-7547[0Ktravis_fold:start:git.checkout[0Ktravis_time:start:0642d6a6[0K$ git clone --depth=50 https://github.com/apache/storm.git apache/storm
Cloning into 'apache/storm'...
remote: Counting objects: 25566, done.[K
remote: Compressing objects:   0% (1/9975)   [Kremote: Compressing objects:   1% (100/9975)   [Kremote: Compressing objects:   2% (200/9975)   [Kremote: Compressing objects:   3% (300/9975)   [Kremote: Compressing objects:   4% (399/9975)   [Kremote: Compressing objects:   5% (499/9975)   [Kremote: Compressing objects:   6% (599/9975)   [Kremote: Compressing objects:   7% (699/9975)   [Kremote: Compressing objects:   8% (798/9975)   [Kremote: Compressing objects:   9% (898/9975)   [Kremote: Compressing objects:  10% (998/9975)   [Kremote: Compressing objects:  11% (1098/9975)   [Kremote: Compressing objects:  12% (1197/9975)   [Kremote: Compressing objects:  13% (1297/9975)   [Kremote: Compressing objects:  14% (1397/9975)   [Kremote: Compressing objects:  15% (1497/9975)   [Kremote: Compressing objects:  16% (1596/9975)   [Kremote: Compressing objects:  17% (1696/9975)   [Kremote: Compressing objects:  18% (1796/9975)   [Kremote: Compressing objects:  19% (1896/9975)   [Kremote: Compressing objects:  20% (1995/9975)   [Kremote: Compressing objects:  21% (2095/9975)   [Kremote: Compressing objects:  22% (2195/9975)   [Kremote: Compressing objects:  23% (2295/9975)   [Kremote: Compressing objects:  24% (2394/9975)   [Kremote: Compressing objects:  25% (2494/9975)   [Kremote: Compressing objects:  26% (2594/9975)   [Kremote: Compressing objects:  27% (2694/9975)   [Kremote: Compressing objects:  28% (2793/9975)   [Kremote: Compressing objects:  29% (2893/9975)   [Kremote: Compressing objects:  30% (2993/9975)   [Kremote: Compressing objects:  31% (3093/9975)   [Kremote: Compressing objects:  32% (3192/9975)   [Kremote: Compressing objects:  33% (3292/9975)   [Kremote: Compressing objects:  34% (3392/9975)   [Kremote: Compressing objects:  35% (3492/9975)   [Kremote: Compressing objects:  36% (3591/9975)   [Kremote: Compressing objects:  37% (3691/9975)   [Kremote: Compressing objects:  38% (3791/9975)   [Kremote: Compressing objects:  39% (3891/9975)   [Kremote: Compressing objects:  40% (3990/9975)   [Kremote: Compressing objects:  41% (4090/9975)   [Kremote: Compressing objects:  42% (4190/9975)   [Kremote: Compressing objects:  43% (4290/9975)   [Kremote: Compressing objects:  44% (4389/9975)   [Kremote: Compressing objects:  45% (4489/9975)   [Kremote: Compressing objects:  46% (4589/9975)   [Kremote: Compressing objects:  47% (4689/9975)   [Kremote: Compressing objects:  48% (4788/9975)   [Kremote: Compressing objects:  49% (4888/9975)   [Kremote: Compressing objects:  50% (4988/9975)   [Kremote: Compressing objects:  51% (5088/9975)   [Kremote: Compressing objects:  52% (5187/9975)   [Kremote: Compressing objects:  53% (5287/9975)   [Kremote: Compressing objects:  54% (5387/9975)   [Kremote: Compressing objects:  55% (5487/9975)   [Kremote: Compressing objects:  56% (5586/9975)   [Kremote: Compressing objects:  57% (5686/9975)   [Kremote: Compressing objects:  58% (5786/9975)   [Kremote: Compressing objects:  59% (5886/9975)   [Kremote: Compressing objects:  60% (5985/9975)   [Kremote: Compressing objects:  61% (6085/9975)   [Kremote: Compressing objects:  62% (6185/9975)   [Kremote: Compressing objects:  63% (6285/9975)   [Kremote: Compressing objects:  64% (6384/9975)   [Kremote: Compressing objects:  65% (6484/9975)   [Kremote: Compressing objects:  66% (6584/9975)   [Kremote: Compressing objects:  67% (6684/9975)   [Kremote: Compressing objects:  68% (6783/9975)   [Kremote: Compressing objects:  69% (6883/9975)   [Kremote: Compressing objects:  70% (6983/9975)   [Kremote: Compressing objects:  71% (7083/9975)   [Kremote: Compressing objects:  72% (7182/9975)   [Kremote: Compressing objects:  73% (7282/9975)   [Kremote: Compressing objects:  74% (7382/9975)   [Kremote: Compressing objects:  75% (7482/9975)   [Kremote: Compressing objects:  76% (7581/9975)   [Kremote: Compressing objects:  77% (7681/9975)   [Kremote: Compressing objects:  78% (7781/9975)   [Kremote: Compressing objects:  79% (7881/9975)   [Kremote: Compressing objects:  80% (7980/9975)   [Kremote: Compressing objects:  81% (8080/9975)   [Kremote: Compressing objects:  82% (8180/9975)   [Kremote: Compressing objects:  83% (8280/9975)   [Kremote: Compressing objects:  84% (8379/9975)   [Kremote: Compressing objects:  85% (8479/9975)   [Kremote: Compressing objects:  86% (8579/9975)   [Kremote: Compressing objects:  87% (8679/9975)   [Kremote: Compressing objects:  88% (8778/9975)   [Kremote: Compressing objects:  89% (8878/9975)   [Kremote: Compressing objects:  90% (8978/9975)   [Kremote: Compressing objects:  91% (9078/9975)   [Kremote: Compressing objects:  92% (9177/9975)   [Kremote: Compressing objects:  93% (9277/9975)   [Kremote: Compressing objects:  94% (9377/9975)   [Kremote: Compressing objects:  95% (9477/9975)   [Kremote: Compressing objects:  96% (9576/9975)   [Kremote: Compressing objects:  97% (9676/9975)   [Kremote: Compressing objects:  98% (9776/9975)   [Kremote: Compressing objects:  99% (9876/9975)   [Kremote: Compressing objects: 100% (9975/9975)   [Kremote: Compressing objects: 100% (9975/9975), done.[K
Receiving objects:   0% (1/25566)   Receiving objects:   1% (256/25566)   Receiving objects:   2% (512/25566)   Receiving objects:   3% (767/25566)   Receiving objects:   4% (1023/25566)   Receiving objects:   5% (1279/25566)   Receiving objects:   6% (1534/25566)   Receiving objects:   7% (1790/25566)   Receiving objects:   8% (2046/25566)   Receiving objects:   9% (2301/25566)   Receiving objects:  10% (2557/25566)   Receiving objects:  11% (2813/25566)   Receiving objects:  12% (3068/25566)   Receiving objects:  13% (3324/25566)   Receiving objects:  14% (3580/25566)   Receiving objects:  15% (3835/25566)   Receiving objects:  16% (4091/25566)   Receiving objects:  17% (4347/25566)   Receiving objects:  18% (4602/25566)   Receiving objects:  19% (4858/25566)   Receiving objects:  20% (5114/25566)   Receiving objects:  21% (5369/25566)   Receiving objects:  22% (5625/25566), 9.04 MiB | 18.04 MiB/s   Receiving objects:  23% (5881/25566), 9.04 MiB | 18.04 MiB/s   Receiving objects:  24% (6136/25566), 9.04 MiB | 18.04 MiB/s   Receiving objects:  25% (6392/25566), 9.04 MiB | 18.04 MiB/s   Receiving objects:  26% (6648/25566), 9.04 MiB | 18.04 MiB/s   Receiving objects:  27% (6903/25566), 9.04 MiB | 18.04 MiB/s   Receiving objects:  28% (7159/25566), 9.04 MiB | 18.04 MiB/s   Receiving objects:  29% (7415/25566), 9.04 MiB | 18.04 MiB/s   Receiving objects:  30% (7670/25566), 9.04 MiB | 18.04 MiB/s   Receiving objects:  31% (7926/25566), 9.04 MiB | 18.04 MiB/s   Receiving objects:  32% (8182/25566), 9.04 MiB | 18.04 MiB/s   Receiving objects:  33% (8437/25566), 9.04 MiB | 18.04 MiB/s   Receiving objects:  34% (8693/25566), 9.04 MiB | 18.04 MiB/s   Receiving objects:  35% (8949/25566), 9.04 MiB | 18.04 MiB/s   Receiving objects:  36% (9204/25566), 9.04 MiB | 18.04 MiB/s   Receiving objects:  37% (9460/25566), 9.04 MiB | 18.04 MiB/s   Receiving objects:  38% (9716/25566), 9.04 MiB | 18.04 MiB/s   Receiving objects:  39% (9971/25566), 9.04 MiB | 18.04 MiB/s   Receiving objects:  40% (10227/25566), 9.04 MiB | 18.04 MiB/s   Receiving objects:  41% (10483/25566), 9.04 MiB | 18.04 MiB/s   Receiving objects:  42% (10738/25566), 9.04 MiB | 18.04 MiB/s   Receiving objects:  43% (10994/25566), 9.04 MiB | 18.04 MiB/s   Receiving objects:  44% (11250/25566), 9.04 MiB | 18.04 MiB/s   Receiving objects:  45% (11505/25566), 9.04 MiB | 18.04 MiB/s   Receiving objects:  46% (11761/25566), 9.04 MiB | 18.04 MiB/s   Receiving objects:  47% (12017/25566), 9.04 MiB | 18.04 MiB/s   Receiving objects:  48% (12272/25566), 9.04 MiB | 18.04 MiB/s   Receiving objects:  49% (12528/25566), 9.04 MiB | 18.04 MiB/s   Receiving objects:  50% (12783/25566), 9.04 MiB | 18.04 MiB/s   Receiving objects:  51% (13039/25566), 9.04 MiB | 18.04 MiB/s   Receiving objects:  52% (13295/25566), 9.04 MiB | 18.04 MiB/s   Receiving objects:  53% (13550/25566), 9.04 MiB | 18.04 MiB/s   Receiving objects:  54% (13806/25566), 9.04 MiB | 18.04 MiB/s   Receiving objects:  55% (14062/25566), 9.04 MiB | 18.04 MiB/s   Receiving objects:  56% (14317/25566), 9.04 MiB | 18.04 MiB/s   Receiving objects:  57% (14573/25566), 9.04 MiB | 18.04 MiB/s   Receiving objects:  58% (14829/25566), 9.04 MiB | 18.04 MiB/s   Receiving objects:  59% (15084/25566), 9.04 MiB | 18.04 MiB/s   Receiving objects:  60% (15340/25566), 9.04 MiB | 18.04 MiB/s   Receiving objects:  61% (15596/25566), 9.04 MiB | 18.04 MiB/s   Receiving objects:  62% (15851/25566), 9.04 MiB | 18.04 MiB/s   Receiving objects:  63% (16107/25566), 9.04 MiB | 18.04 MiB/s   Receiving objects:  64% (16363/25566), 9.04 MiB | 18.04 MiB/s   Receiving objects:  65% (16618/25566), 9.04 MiB | 18.04 MiB/s   Receiving objects:  66% (16874/25566), 9.04 MiB | 18.04 MiB/s   Receiving objects:  67% (17130/25566), 9.04 MiB | 18.04 MiB/s   Receiving objects:  68% (17385/25566), 9.04 MiB | 18.04 MiB/s   Receiving objects:  69% (17641/25566), 9.04 MiB | 18.04 MiB/s   Receiving objects:  70% (17897/25566), 9.04 MiB | 18.04 MiB/s   Receiving objects:  71% (18152/25566), 9.04 MiB | 18.04 MiB/s   Receiving objects:  72% (18408/25566), 9.04 MiB | 18.04 MiB/s   Receiving objects:  73% (18664/25566), 9.04 MiB | 18.04 MiB/s   Receiving objects:  74% (18919/25566), 9.04 MiB | 18.04 MiB/s   Receiving objects:  75% (19175/25566), 9.04 MiB | 18.04 MiB/s   Receiving objects:  76% (19431/25566), 9.04 MiB | 18.04 MiB/s   Receiving objects:  77% (19686/25566), 9.04 MiB | 18.04 MiB/s   Receiving objects:  78% (19942/25566), 9.04 MiB | 18.04 MiB/s   Receiving objects:  79% (20198/25566), 9.04 MiB | 18.04 MiB/s   Receiving objects:  80% (20453/25566), 9.04 MiB | 18.04 MiB/s   Receiving objects:  81% (20709/25566), 9.04 MiB | 18.04 MiB/s   Receiving objects:  82% (20965/25566), 9.04 MiB | 18.04 MiB/s   Receiving objects:  83% (21220/25566), 9.04 MiB | 18.04 MiB/s   Receiving objects:  84% (21476/25566), 9.04 MiB | 18.04 MiB/s   Receiving objects:  85% (21732/25566), 9.04 MiB | 18.04 MiB/s   Receiving objects:  86% (21987/25566), 9.04 MiB | 18.04 MiB/s   Receiving objects:  87% (22243/25566), 9.04 MiB | 18.04 MiB/s   Receiving objects:  88% (22499/25566), 9.04 MiB | 18.04 MiB/s   Receiving objects:  89% (22754/25566), 9.04 MiB | 18.04 MiB/s   Receiving objects:  90% (23010/25566), 9.04 MiB | 18.04 MiB/s   Receiving objects:  91% (23266/25566), 9.04 MiB | 18.04 MiB/s   Receiving objects:  92% (23521/25566), 9.04 MiB | 18.04 MiB/s   Receiving objects:  93% (23777/25566), 9.04 MiB | 18.04 MiB/s   Receiving objects:  94% (24033/25566), 9.04 MiB | 18.04 MiB/s   Receiving objects:  95% (24288/25566), 9.04 MiB | 18.04 MiB/s   Receiving objects:  96% (24544/25566), 9.04 MiB | 18.04 MiB/s   Receiving objects:  97% (24800/25566), 9.04 MiB | 18.04 MiB/s   Receiving objects:  98% (25055/25566), 9.04 MiB | 18.04 MiB/s   Receiving objects:  99% (25311/25566), 9.04 MiB | 18.04 MiB/s   remote: Total 25566 (delta 12684), reused 22587 (delta 10207), pack-reused 0[K
Receiving objects: 100% (25566/25566), 9.04 MiB | 18.04 MiB/s   Receiving objects: 100% (25566/25566), 18.56 MiB | 18.04 MiB/s, done.
Resolving deltas:   0% (0/12684)   Resolving deltas:   1% (153/12684)   Resolving deltas:   2% (255/12684)   Resolving deltas:   3% (388/12684)   Resolving deltas:   4% (508/12684)   Resolving deltas:   5% (635/12684)   Resolving deltas:   6% (826/12684)   Resolving deltas:   7% (891/12684)   Resolving deltas:   8% (1015/12684)   Resolving deltas:   9% (1142/12684)   Resolving deltas:  10% (1272/12684)   Resolving deltas:  11% (1400/12684)   Resolving deltas:  12% (1526/12684)   Resolving deltas:  13% (1651/12684)   Resolving deltas:  14% (1777/12684)   Resolving deltas:  15% (1913/12684)   Resolving deltas:  16% (2030/12684)   Resolving deltas:  17% (2158/12684)   Resolving deltas:  18% (2292/12684)   Resolving deltas:  19% (2411/12684)   Resolving deltas:  20% (2539/12684)   Resolving deltas:  21% (2668/12684)   Resolving deltas:  22% (2795/12684)   Resolving deltas:  24% (3077/12684)   Resolving deltas:  25% (3208/12684)   Resolving deltas:  26% (3306/12684)   Resolving deltas:  27% (3435/12684)   Resolving deltas:  28% (3669/12684)   Resolving deltas:  30% (3813/12684)   Resolving deltas:  31% (3933/12684)   Resolving deltas:  32% (4072/12684)   Resolving deltas:  33% (4190/12684)   Resolving deltas:  34% (4320/12684)   Resolving deltas:  35% (4442/12684)   Resolving deltas:  36% (4575/12684)   Resolving deltas:  37% (4702/12684)   Resolving deltas:  38% (4831/12684)   Resolving deltas:  39% (4952/12684)   Resolving deltas:  40% (5079/12684)   Resolving deltas:  41% (5205/12684)   Resolving deltas:  42% (5328/12684)   Resolving deltas:  43% (5457/12684)   Resolving deltas:  44% (5581/12684)   Resolving deltas:  45% (5715/12684)   Resolving deltas:  46% (5856/12684)   Resolving deltas:  47% (5963/12684)   Resolving deltas:  48% (6191/12684)   Resolving deltas:  49% (6231/12684)   Resolving deltas:  50% (6344/12684)   Resolving deltas:  51% (6469/12684)   Resolving deltas:  52% (6621/12684)   Resolving deltas:  53% (6732/12684)   Resolving deltas:  54% (6898/12684)   Resolving deltas:  55% (6979/12684)   Resolving deltas:  56% (7112/12684)   Resolving deltas:  57% (7237/12684)   Resolving deltas:  58% (7373/12684)   Resolving deltas:  59% (7485/12684)   Resolving deltas:  63% (8071/12684)   Resolving deltas:  64% (8147/12684)   Resolving deltas:  67% (8529/12684)   Resolving deltas:  68% (8696/12684)   Resolving deltas:  69% (8765/12684)   Resolving deltas:  70% (8890/12684)   Resolving deltas:  71% (9016/12684)   Resolving deltas:  72% (9138/12684)   Resolving deltas:  73% (9266/12684)   Resolving deltas:  74% (9402/12684)   Resolving deltas:  75% (9516/12684)   Resolving deltas:  76% (9640/12684)   Resolving deltas:  77% (9782/12684)   Resolving deltas:  78% (9955/12684)   Resolving deltas:  80% (10224/12684)   Resolving deltas:  81% (10276/12684)   Resolving deltas:  82% (10417/12684)   Resolving deltas:  83% (10543/12684)   Resolving deltas:  84% (10658/12684)   Resolving deltas:  85% (10783/12684)   Resolving deltas:  86% (10910/12684)   Resolving deltas:  87% (11046/12684)   Resolving deltas:  88% (11165/12684)   Resolving deltas:  89% (11292/12684)   Resolving deltas:  90% (11419/12684)   Resolving deltas:  91% (11567/12684)   Resolving deltas:  93% (11844/12684)   Resolving deltas:  94% (11938/12684)   Resolving deltas:  95% (12067/12684)   Resolving deltas:  96% (12182/12684)   Resolving deltas:  97% (12305/12684)   Resolving deltas:  98% (12431/12684)   Resolving deltas:  99% (12572/12684)   Resolving deltas: 100% (12684/12684)   Resolving deltas: 100% (12684/12684), done.
Checking connectivity... done.

travis_time:end:0642d6a6:start=1467842462897118882,finish=1467842468145980237,duration=5248861355[0K$ cd apache/storm
travis_time:start:094f1bf0[0K$ git fetch origin +refs/pull/1507/merge:
remote: Counting objects: 86, done.[K
remote: Compressing objects:   2% (1/47)   [Kremote: Compressing objects:   4% (2/47)   [Kremote: Compressing objects:   6% (3/47)   [Kremote: Compressing objects:   8% (4/47)   [Kremote: Compressing objects:  10% (5/47)   [Kremote: Compressing objects:  12% (6/47)   [Kremote: Compressing objects:  14% (7/47)   [Kremote: Compressing objects:  17% (8/47)   [Kremote: Compressing objects:  19% (9/47)   [Kremote: Compressing objects:  21% (10/47)   [Kremote: Compressing objects:  23% (11/47)   [Kremote: Compressing objects:  25% (12/47)   [Kremote: Compressing objects:  27% (13/47)   [Kremote: Compressing objects:  29% (14/47)   [Kremote: Compressing objects:  31% (15/47)   [Kremote: Compressing objects:  34% (16/47)   [Kremote: Compressing objects:  36% (17/47)   [Kremote: Compressing objects:  38% (18/47)   [Kremote: Compressing objects:  40% (19/47)   [Kremote: Compressing objects:  42% (20/47)   [Kremote: Compressing objects:  44% (21/47)   [Kremote: Compressing objects:  46% (22/47)   [Kremote: Compressing objects:  48% (23/47)   [Kremote: Compressing objects:  51% (24/47)   [Kremote: Compressing objects:  53% (25/47)   [Kremote: Compressing objects:  55% (26/47)   [Kremote: Compressing objects:  57% (27/47)   [Kremote: Compressing objects:  59% (28/47)   [Kremote: Compressing objects:  61% (29/47)   [Kremote: Compressing objects:  63% (30/47)   [Kremote: Compressing objects:  65% (31/47)   [Kremote: Compressing objects:  68% (32/47)   [Kremote: Compressing objects:  70% (33/47)   [Kremote: Compressing objects:  72% (34/47)   [Kremote: Compressing objects:  74% (35/47)   [Kremote: Compressing objects:  76% (36/47)   [Kremote: Compressing objects:  78% (37/47)   [Kremote: Compressing objects:  80% (38/47)   [Kremote: Compressing objects:  82% (39/47)   [Kremote: Compressing objects:  85% (40/47)   [Kremote: Compressing objects:  87% (41/47)   [Kremote: Compressing objects:  89% (42/47)   [Kremote: Compressing objects:  91% (43/47)   [Kremote: Compressing objects:  93% (44/47)   [Kremote: Compressing objects:  95% (45/47)   [Kremote: Compressing objects:  97% (46/47)   [Kremote: Compressing objects: 100% (47/47)   [Kremote: Compressing objects: 100% (47/47), done.[K
Unpacking objects:   1% (1/86)   Unpacking objects:   2% (2/86)   Unpacking objects:   3% (3/86)   Unpacking objects:   4% (4/86)   remote: Total 86 (delta 41), reused 45 (delta 14), pack-reused 0[K
Unpacking objects:   5% (5/86)   Unpacking objects:   6% (6/86)   Unpacking objects:   8% (7/86)   Unpacking objects:   9% (8/86)   Unpacking objects:  10% (9/86)   Unpacking objects:  11% (10/86)   Unpacking objects:  12% (11/86)   Unpacking objects:  13% (12/86)   Unpacking objects:  15% (13/86)   Unpacking objects:  16% (14/86)   Unpacking objects:  17% (15/86)   Unpacking objects:  18% (16/86)   Unpacking objects:  19% (17/86)   Unpacking objects:  20% (18/86)   Unpacking objects:  22% (19/86)   Unpacking objects:  23% (20/86)   Unpacking objects:  24% (21/86)   Unpacking objects:  25% (22/86)   Unpacking objects:  26% (23/86)   Unpacking objects:  27% (24/86)   Unpacking objects:  29% (25/86)   Unpacking objects:  30% (26/86)   Unpacking objects:  31% (27/86)   Unpacking objects:  32% (28/86)   Unpacking objects:  33% (29/86)   Unpacking objects:  34% (30/86)   Unpacking objects:  36% (31/86)   Unpacking objects:  37% (32/86)   Unpacking objects:  38% (33/86)   Unpacking objects:  39% (34/86)   Unpacking objects:  40% (35/86)   Unpacking objects:  41% (36/86)   Unpacking objects:  43% (37/86)   Unpacking objects:  44% (38/86)   Unpacking objects:  45% (39/86)   Unpacking objects:  46% (40/86)   Unpacking objects:  47% (41/86)   Unpacking objects:  48% (42/86)   Unpacking objects:  50% (43/86)   Unpacking objects:  51% (44/86)   Unpacking objects:  52% (45/86)   Unpacking objects:  53% (46/86)   Unpacking objects:  54% (47/86)   Unpacking objects:  55% (48/86)   Unpacking objects:  56% (49/86)   Unpacking objects:  58% (50/86)   Unpacking objects:  59% (51/86)   Unpacking objects:  60% (52/86)   Unpacking objects:  61% (53/86)   Unpacking objects:  62% (54/86)   Unpacking objects:  63% (55/86)   Unpacking objects:  65% (56/86)   Unpacking objects:  66% (57/86)   Unpacking objects:  67% (58/86)   Unpacking objects:  68% (59/86)   Unpacking objects:  69% (60/86)   Unpacking objects:  70% (61/86)   Unpacking objects:  72% (62/86)   Unpacking objects:  73% (63/86)   Unpacking objects:  74% (64/86)   Unpacking objects:  75% (65/86)   Unpacking objects:  76% (66/86)   Unpacking objects:  77% (67/86)   Unpacking objects:  79% (68/86)   Unpacking objects:  80% (69/86)   Unpacking objects:  81% (70/86)   Unpacking objects:  82% (71/86)   Unpacking objects:  83% (72/86)   Unpacking objects:  84% (73/86)   Unpacking objects:  86% (74/86)   Unpacking objects:  87% (75/86)   Unpacking objects:  88% (76/86)   Unpacking objects:  89% (77/86)   Unpacking objects:  90% (78/86)   Unpacking objects:  91% (79/86)   Unpacking objects:  93% (80/86)   Unpacking objects:  94% (81/86)   Unpacking objects:  95% (82/86)   Unpacking objects:  96% (83/86)   Unpacking objects:  97% (84/86)   Unpacking objects:  98% (85/86)   Unpacking objects: 100% (86/86)   Unpacking objects: 100% (86/86), done.
From https://github.com/apache/storm
 * branch            refs/pull/1507/merge -> FETCH_HEAD

travis_time:end:094f1bf0:start=1467842468150066734,finish=1467842468897662890,duration=747596156[0K$ git checkout -qf FETCH_HEAD
travis_fold:end:git.checkout[0K
[33;1mThis job is running on container-based infrastructure, which does not allow use of 'sudo', setuid and setguid executables.[0m
[33;1mIf you require sudo, add 'sudo: required' to your .travis.yml[0m
[33;1mSee https://docs.travis-ci.com/user/workers/container-based-infrastructure/ for details.[0m

[33;1mSetting environment variables from .travis.yml[0m
$ export MODULES=storm-core

$ jdk_switcher use oraclejdk8
Switching to Oracle JDK8 (java-8-oracle), JAVA_HOME will be set to /usr/lib/jvm/java-8-oracle
travis_fold:start:cache.1[0KSetting up build cache
$ export CASHER_DIR=$HOME/.casher
travis_time:start:1476ef30[0K$ Installing caching utilities

travis_time:end:1476ef30:start=1467842470775914126,finish=1467842470874291165,duration=98377039[0Ktravis_time:start:0e713434[0K
travis_time:end:0e713434:start=1467842470878699637,finish=1467842470881702228,duration=3002591[0Ktravis_time:start:001b6ad6[0K[32;1mattempting to download cache archive[0m
[32;1mfetching PR.1507/cache-linux-precise-4722ea394922d42b2b7eb84cff6efc764d76759821ac6f6efc13232aa923f595--jdk-oraclejdk8.tgz[0m
[32;1mfound cache[0m

travis_time:end:001b6ad6:start=1467842470885182855,finish=1467842480039311299,duration=9154128444[0Ktravis_time:start:0665c394[0K
travis_time:end:0665c394:start=1467842480042864539,finish=1467842480046001313,duration=3136774[0Ktravis_time:start:03b20c12[0K[32;1madding /home/travis/.m2/repository to cache[0m
[32;1madding /home/travis/.rvm to cache[0m
[32;1madding /home/travis/.nvm to cache[0m

travis_time:end:03b20c12:start=1467842480049574241,finish=1467842492078654669,duration=12029080428[0Ktravis_fold:end:cache.1[0K$ java -Xmx32m -version
java version "1.8.0_31"
Java(TM) SE Runtime Environment (build 1.8.0_31-b13)
Java HotSpot(TM) 64-Bit Server VM (build 25.31-b07, mixed mode)
$ javac -J-Xmx32m -version
javac 1.8.0_31
travis_fold:start:before_install.1[0Ktravis_time:start:26093f8e[0K$ rvm use 2.1.5 --install
[32mUsing /home/travis/.rvm/gems/ruby-2.1.5[0m

travis_time:end:26093f8e:start=1467842492577076944,finish=1467842492812990390,duration=235913446[0Ktravis_fold:end:before_install.1[0Ktravis_fold:start:before_install.2[0Ktravis_time:start:11bef95c[0K$ nvm install 0.12.2
v0.12.2 is already installed.
Now using node v0.12.2

travis_time:end:11bef95c:start=1467842492817059937,finish=1467842493059256513,duration=242196576[0Ktravis_fold:end:before_install.2[0Ktravis_fold:start:before_install.3[0Ktravis_time:start:3c7c923c[0K$ nvm use 0.12.2
Now using node v0.12.2

travis_time:end:3c7c923c:start=1467842493063419771,finish=1467842493147703369,duration=84283598[0Ktravis_fold:end:before_install.3[0Ktravis_fold:start:install[0Ktravis_time:start:0f0812b3[0K$ /bin/bash ./dev-tools/travis/travis-install.sh `pwd`
Python version :   Python 2.7.3
Java HotSpot(TM) 64-Bit Server VM warning: ignoring option MaxPermSize=192m; support was removed in 8.0
Maven version  :   Apache Maven 3.2.5 (12a6b3acb947671f09b81f49094c53f426d8cea1; 2014-12-14T17:29:23+00:00) Maven home: /usr/local/maven Java version: 1.8.0_31, vendor: Oracle Corporation Java home: /usr/lib/jvm/java-8-oracle/jre Default locale: en_US, platform encoding: UTF-8 OS name: "linux", version: "3.13.0-40-generic", arch: "amd64", family: "unix"
['mvn', 'clean', 'install', '-DskipTests', '-Pnative', '--batch-mode'] writing to install.txt
2 seconds 2 log lines12 seconds 90 log lines23 seconds 228 log lines33 seconds 308 log lines72 seconds 324 log lines88 seconds 331 log lines102 seconds 409 log lines123 seconds 653 log lines134 seconds 814 log lines144 seconds 866 log lines156 seconds 884 log lines168 seconds 963 log lines179 seconds 1111 log lines189 seconds 1317 log lines199 seconds 1615 log lines209 seconds 1685 log lines220 seconds 2078 log lines232 seconds 2214 log lines250 seconds 2366 log lines266 seconds 2668 log lines266 seconds 2669 log lines
['mvn', 'clean', 'install', '-DskipTests', '-Pnative', '--batch-mode'] done 0

travis_time:end:0f0812b3:start=1467842493151847209,finish=1467842760106291245,duration=266954444036[0Ktravis_fold:end:install[0Ktravis_time:start:0ace2cfa[0K$ /bin/bash ./dev-tools/travis/travis-script.sh `pwd` $MODULES
Python version :   Python 2.7.3
Ruby version   :   ruby 2.1.5p273 (2014-11-13 revision 48405) [x86_64-linux]
NodeJs version :   v0.12.2
Java HotSpot(TM) 64-Bit Server VM warning: ignoring option MaxPermSize=192m; support was removed in 8.0
Maven version  :   Apache Maven 3.2.5 (12a6b3acb947671f09b81f49094c53f426d8cea1; 2014-12-14T17:29:23+00:00) Maven home: /usr/local/maven Java version: 1.8.0_31, vendor: Oracle Corporation Java home: /usr/lib/jvm/java-8-oracle/jre Default locale: en_US, platform encoding: UTF-8 OS name: "linux", version: "3.13.0-40-generic", arch: "amd64", family: "unix"
Java HotSpot(TM) 64-Bit Server VM warning: ignoring option MaxPermSize=192m; support was removed in 8.0
[INFO] Scanning for projects...
[INFO]                                                                         
[INFO] ------------------------------------------------------------------------
[INFO] Building Storm Core 2.0.0-SNAPSHOT
[INFO] ------------------------------------------------------------------------
[INFO] 
[INFO] --- exec-maven-plugin:1.2.1:exec (default) @ storm-core ---
[INFO] 
[INFO] --- maven-remote-resources-plugin:1.2.1:process (default) @ storm-core ---
[INFO] 
[INFO] --- storm-maven-plugins:2.0.0-SNAPSHOT:version-info (version-info) @ storm-core ---
[WARNING] [svn, info] failed with error code 1
[INFO] SCM: GIT
[INFO] Computed MD5: 212cc8f87146b77719fb3fd333fc27
[INFO] 
[INFO] --- maven-resources-plugin:2.5:resources (default-resources) @ storm-core ---
[debug] execute contextualize
[INFO] Using 'UTF-8' encoding to copy filtered resources.
[INFO] Copying 9 resources
[INFO] Copying 1 resource to META-INF
[INFO] Copying 0 resource
[INFO] Copying 1 resource
[INFO] Copying 3 resources
[INFO] 
[INFO] --- maven-compiler-plugin:3.1:compile (default-compile) @ storm-core ---
[INFO] Nothing to compile - all classes are up to date
[INFO] 
[INFO] --- clojure-maven-plugin:1.7.1:compile (compile-clojure) @ storm-core ---
Compiling org.apache.storm.trident.testing to /home/travis/build/apache/storm/storm-core/target/classes
22:06:31.123 [main] WARN  o.a.s.m.StormMetricsRegistry - Metric ui:num-topology-op-response-http-requests has already been registered
22:06:31.128 [main] WARN  o.a.s.m.StormMetricsRegistry - Metric ui:num-topology-op-response-http-requests has already been registered
Compiling org.apache.storm.command.get-errors to /home/travis/build/apache/storm/storm-core/target/classes
Compiling org.apache.storm.command.blobstore to /home/travis/build/apache/storm/storm-core/target/classes
Compiling org.apache.storm.daemon.drpc to /home/travis/build/apache/storm/storm-core/target/classes
Compiling org.apache.storm.testing4j to /home/travis/build/apache/storm/storm-core/target/classes
Compiling org.apache.storm.ui.core to /home/travis/build/apache/storm/storm-core/target/classes
Compiling org.apache.storm.ui.helpers to /home/travis/build/apache/storm/storm-core/target/classes
Compiling org.apache.storm.testing to /home/travis/build/apache/storm/storm-core/target/classes
Compiling org.apache.storm.command.heartbeats to /home/travis/build/apache/storm/storm-core/target/classes
Compiling org.apache.storm.log to /home/travis/build/apache/storm/storm-core/target/classes
Compiling org.apache.storm.daemon.common to /home/travis/build/apache/storm/storm-core/target/classes
Compiling org.apache.storm.util to /home/travis/build/apache/storm/storm-core/target/classes
Compiling org.apache.storm.scheduler.IsolationScheduler to /home/travis/build/apache/storm/storm-core/target/classes
Compiling org.apache.storm.config to /home/travis/build/apache/storm/storm-core/target/classes
Compiling org.apache.storm.LocalCluster to /home/travis/build/apache/storm/storm-core/target/classes
Compiling org.apache.storm.internal.clojure to /home/travis/build/apache/storm/storm-core/target/classes
Compiling org.apache.storm.daemon.logviewer to /home/travis/build/apache/storm/storm-core/target/classes
Compiling org.apache.storm.blobstore to /home/travis/build/apache/storm/storm-core/target/classes
Compiling org.apache.storm.daemon.local-supervisor to /home/travis/build/apache/storm/storm-core/target/classes
Compiling org.apache.storm.daemon.executor to /home/travis/build/apache/storm/storm-core/target/classes
Compiling org.apache.storm.converter to /home/travis/build/apache/storm/storm-core/target/classes
Compiling org.apache.storm.daemon.nimbus to /home/travis/build/apache/storm/storm-core/target/classes
Compiling org.apache.storm.internal.thrift to /home/travis/build/apache/storm/storm-core/target/classes
Compiling org.apache.storm.local-state-converter to /home/travis/build/apache/storm/storm-core/target/classes
Compiling org.apache.storm.command.shell-submission to /home/travis/build/apache/storm/storm-core/target/classes
Compiling org.apache.storm.daemon.worker to /home/travis/build/apache/storm/storm-core/target/classes
[INFO] 
[INFO] --- make-maven-plugin:1.0-beta-1:autoreconf (compile) @ storm-core ---
[INFO] 
[INFO] --- make-maven-plugin:1.0-beta-1:configure (compile) @ storm-core ---
[INFO] /bin/sh: 14: /home/travis/.jdk_switcher_rc: [[: not found
[INFO] /bin/sh: 22: /home/travis/.jdk_switcher_rc: [[: not found
[INFO] /bin/sh: 32: /home/travis/.jdk_switcher_rc: [[: not found
[INFO] /bin/sh: 42: /home/travis/.jdk_switcher_rc: [[: not found
[INFO] /bin/sh: 3: /etc/profile.d/rvm.sh: [[: not found
[INFO] checking for gcc... gcc
[INFO] checking whether the C compiler works... yes
[INFO] checking for C compiler default output file name... a.out
[INFO] checking for suffix of executables... 
[INFO] checking whether we are cross compiling... no
[INFO] checking for suffix of object files... o
[INFO] checking whether we are using the GNU C compiler... yes
[INFO] checking whether gcc accepts -g... yes
[INFO] checking for gcc option to accept ISO C89... none needed
[INFO] checking how to run the C preprocessor... gcc -E
[INFO] checking for grep that handles long lines and -e... /bin/grep
[INFO] checking for egrep... /bin/grep -E
[INFO] checking for ANSI C header files... yes
[INFO] checking for sys/types.h... yes
[INFO] checking for sys/stat.h... yes
[INFO] checking for stdlib.h... yes
[INFO] checking for string.h... yes
[INFO] checking for memory.h... yes
[INFO] checking for strings.h... yes
[INFO] checking for inttypes.h... yes
[INFO] checking for stdint.h... yes
[INFO] checking for unistd.h... yes
[INFO] checking minix/config.h usability... no
[INFO] checking minix/config.h presence... no
[INFO] checking for minix/config.h... no
[INFO] checking whether it is safe to define __EXTENSIONS__... yes
[INFO] checking for a BSD-compatible install... /usr/bin/install -c
[INFO] checking whether build environment is sane... yes
[INFO] checking for a thread-safe mkdir -p... /bin/mkdir -p
[INFO] checking for gawk... gawk
[INFO] checking whether make sets $(MAKE)... yes
[INFO] checking for style of include used by make... GNU
[INFO] checking dependency style of gcc... gcc3
[INFO] checking for gcc... (cached) gcc
[INFO] checking whether we are using the GNU C compiler... (cached) yes
[INFO] checking whether gcc accepts -g... (cached) yes
[INFO] checking for gcc option to accept ISO C89... (cached) none needed
[INFO] checking whether gcc and cc understand -c and -o together... yes
[INFO] checking for unistd.h... (cached) yes
[INFO] checking for stdbool.h that conforms to C99... yes
[INFO] checking for _Bool... yes
[INFO] checking for an ANSI C-conforming const... yes
[INFO] checking for off_t... yes
[INFO] checking for size_t... yes
[INFO] checking whether strerror_r is declared... yes
[INFO] checking for strerror_r... yes
[INFO] checking whether strerror_r returns char *... yes
[INFO] checking for mkdir... yes
[INFO] checking for uname... yes
[INFO] configure: creating ./config.status
[INFO] config.status: creating Makefile
[INFO] config.status: executing depfiles commands
[INFO] 
[INFO] --- make-maven-plugin:1.0-beta-1:make-install (compile) @ storm-core ---
[INFO] /bin/sh: 14: /home/travis/.jdk_switcher_rc: [[: not found
[INFO] /bin/sh: 22: /home/travis/.jdk_switcher_rc: [[: not found
[INFO] /bin/sh: 32: /home/travis/.jdk_switcher_rc: [[: not found
[INFO] /bin/sh: 42: /home/travis/.jdk_switcher_rc: [[: not found
[INFO] /bin/sh: 3: /etc/profile.d/rvm.sh: [[: not found
[INFO] make[1]: Entering directory `/home/travis/build/apache/storm/storm-core/target/native/worker-launcher'
[INFO] test -z "/usr/local/bin" || /bin/mkdir -p "/home/travis/build/apache/storm/storm-core/target/native/target/usr/local/bin"
[INFO]   /usr/bin/install -c worker-launcher '/home/travis/build/apache/storm/storm-core/target/native/target/usr/local/bin'
[INFO] make[1]: Nothing to be done for `install-data-am'.
[INFO] make[1]: Leaving directory `/home/travis/build/apache/storm/storm-core/target/native/worker-launcher'
[INFO] 
[INFO] --- maven-resources-plugin:2.5:testResources (default-testResources) @ storm-core ---
[debug] execute contextualize
[INFO] Using 'UTF-8' encoding to copy filtered resources.
[INFO] Copying 14 resources
[INFO] Copying 2 resources
[INFO] Copying 3 resources
[INFO] 
[INFO] --- maven-dependency-plugin:2.8:unpack (unpack) @ storm-core ---
[INFO] Configured Artifact: org.apache.storm:multilang-ruby:2.0.0-SNAPSHOT:jar
[INFO] Downloading: https://repository.apache.org/snapshots/org/apache/storm/multilang-ruby/2.0.0-SNAPSHOT/maven-metadata.xml
[INFO] Configured Artifact: org.apache.storm:multilang-python:2.0.0-SNAPSHOT:jar
[INFO] Downloading: https://repository.apache.org/snapshots/org/apache/storm/multilang-python/2.0.0-SNAPSHOT/maven-metadata.xml
[INFO] Configured Artifact: org.apache.storm:multilang-javascript:2.0.0-SNAPSHOT:jar
[INFO] Downloading: https://repository.apache.org/snapshots/org/apache/storm/multilang-javascript/2.0.0-SNAPSHOT/maven-metadata.xml
[INFO] multilang-ruby-2.0.0-SNAPSHOT.jar already unpacked.
[INFO] multilang-python-2.0.0-SNAPSHOT.jar already unpacked.
[INFO] multilang-javascript-2.0.0-SNAPSHOT.jar already unpacked.
[INFO] 
[INFO] --- maven-compiler-plugin:3.1:testCompile (default-testCompile) @ storm-core ---
[INFO] Changes detected - recompiling the module!
[INFO] Compiling 56 source files to /home/travis/build/apache/storm/storm-core/target/test-classes
[WARNING] /home/travis/build/apache/storm/storm-core/test/jvm/org/apache/storm/localizer/LocalizerTest.java: Some input files use or override a deprecated API.
[WARNING] /home/travis/build/apache/storm/storm-core/test/jvm/org/apache/storm/localizer/LocalizerTest.java: Recompile with -Xlint:deprecation for details.
[WARNING] /home/travis/build/apache/storm/storm-core/test/jvm/org/apache/storm/spout/CheckpointSpoutTest.java: Some input files use unchecked or unsafe operations.
[WARNING] /home/travis/build/apache/storm/storm-core/test/jvm/org/apache/storm/spout/CheckpointSpoutTest.java: Recompile with -Xlint:unchecked for details.
[INFO] 
[INFO] --- maven-surefire-plugin:2.18.1:test (default-test) @ storm-core ---
[INFO] Surefire report directory: /home/travis/build/apache/storm/storm-core/target/surefire-reports
[INFO] parallel='none', perCoreThreadCount=true, threadCount=0, useUnlimitedThreads=false, threadCountSuites=0, threadCountClasses=0, threadCountMethods=0, parallelOptimized=true

-------------------------------------------------------
 T E S T S
-------------------------------------------------------
Running org.apache.storm.spout.CheckpointSpoutTest
Tests run: 7, Failures: 0, Errors: 0, Skipped: 0, Time elapsed: 0.818 sec - in org.apache.storm.spout.CheckpointSpoutTest
Running org.apache.storm.utils.TimeTest
Tests run: 8, Failures: 0, Errors: 0, Skipped: 0, Time elapsed: 0.005 sec - in org.apache.storm.utils.TimeTest
Running org.apache.storm.utils.WorkerBackpressureThreadTest
Tests run: 1, Failures: 0, Errors: 0, Skipped: 0, Time elapsed: 0.142 sec - in org.apache.storm.utils.WorkerBackpressureThreadTest
Running org.apache.storm.utils.DisruptorQueueTest
Tests run: 3, Failures: 0, Errors: 0, Skipped: 0, Time elapsed: 3.772 sec - in org.apache.storm.utils.DisruptorQueueTest
Running org.apache.storm.utils.UtilsTest
Tests run: 8, Failures: 0, Errors: 0, Skipped: 0, Time elapsed: 0.201 sec - in org.apache.storm.utils.UtilsTest
Running org.apache.storm.utils.DisruptorQueueBackpressureTest
Tests run: 1, Failures: 0, Errors: 0, Skipped: 0, Time elapsed: 0.004 sec - in org.apache.storm.utils.DisruptorQueueBackpressureTest
Running org.apache.storm.utils.ThriftTopologyUtilsTest
Tests run: 5, Failures: 0, Errors: 0, Skipped: 0, Time elapsed: 0.067 sec - in org.apache.storm.utils.ThriftTopologyUtilsTest
Running org.apache.storm.utils.ShellBoltMessageQueueTest
Tests run: 3, Failures: 0, Errors: 0, Skipped: 0, Time elapsed: 2.068 sec - in org.apache.storm.utils.ShellBoltMessageQueueTest
Running org.apache.storm.utils.StormBoundedExponentialBackoffRetryTest
Tests run: 5, Failures: 0, Errors: 0, Skipped: 0, Time elapsed: 2.086 sec - in org.apache.storm.utils.StormBoundedExponentialBackoffRetryTest
Running org.apache.storm.command.TestCLI
Tests run: 1, Failures: 0, Errors: 0, Skipped: 0, Time elapsed: 0.06 sec - in org.apache.storm.command.TestCLI
Running org.apache.storm.command.RebalanceTest
Tests run: 2, Failures: 0, Errors: 0, Skipped: 0, Time elapsed: 0.006 sec - in org.apache.storm.command.RebalanceTest
Running org.apache.storm.command.SetLogLevelTest
Tests run: 3, Failures: 0, Errors: 0, Skipped: 0, Time elapsed: 0.569 sec - in org.apache.storm.command.SetLogLevelTest
Running org.apache.storm.serialization.ThriftBridgeSerializationDelegateTest
Tests run: 1, Failures: 0, Errors: 0, Skipped: 0, Time elapsed: 0.84 sec - in org.apache.storm.serialization.ThriftBridgeSerializationDelegateTest
Running org.apache.storm.serialization.GzipBridgeSerializationDelegateTest
Tests run: 3, Failures: 0, Errors: 0, Skipped: 0, Time elapsed: 1.922 sec - in org.apache.storm.serialization.GzipBridgeSerializationDelegateTest
Running org.apache.storm.serialization.GzipBridgeThriftSerializationDelegateTest
Tests run: 3, Failures: 0, Errors: 0, Skipped: 0, Time elapsed: 0.39 sec - in org.apache.storm.serialization.GzipBridgeThriftSerializationDelegateTest
Running org.apache.storm.serialization.SerializationTest
Tests run: 3, Failures: 0, Errors: 0, Skipped: 0, Time elapsed: 42.418 sec - in org.apache.storm.serialization.SerializationTest
Running org.apache.storm.trident.TridentWindowingTest
Tests run: 3, Failures: 0, Errors: 0, Skipped: 0, Time elapsed: 0.474 sec - in org.apache.storm.trident.TridentWindowingTest
Running org.apache.storm.trident.TestTridentTopology
Tests run: 1, Failures: 0, Errors: 0, Skipped: 0, Time elapsed: 69.988 sec - in org.apache.storm.trident.TestTridentTopology
Running org.apache.storm.metric.internal.LatencyStatAndMetricTest
Tests run: 1, Failures: 0, Errors: 0, Skipped: 0, Time elapsed: 0.498 sec - in org.apache.storm.metric.internal.LatencyStatAndMetricTest
Running org.apache.storm.metric.internal.CountStatAndMetricTest
Tests run: 1, Failures: 0, Errors: 0, Skipped: 0, Time elapsed: 0.269 sec - in org.apache.storm.metric.internal.CountStatAndMetricTest
Running org.apache.storm.metric.internal.RateTrackerTest
Tests run: 4, Failures: 0, Errors: 0, Skipped: 0, Time elapsed: 0.019 sec - in org.apache.storm.metric.internal.RateTrackerTest
Running org.apache.storm.metric.filter.FilterByMetricNameTest
Tests run: 4, Failures: 0, Errors: 0, Skipped: 0, Time elapsed: 0.768 sec - in org.apache.storm.metric.filter.FilterByMetricNameTest
Running org.apache.storm.windowing.WaterMarkEventGeneratorTest
Tests run: 5, Failures: 0, Errors: 0, Skipped: 0, Time elapsed: 1.208 sec - in org.apache.storm.windowing.WaterMarkEventGeneratorTest
Running org.apache.storm.windowing.WindowManagerTest
Tests run: 10, Failures: 0, Errors: 0, Skipped: 0, Time elapsed: 0.794 sec - in org.apache.storm.windowing.WindowManagerTest
Running org.apache.storm.topology.StatefulBoltExecutorTest
Tests run: 7, Failures: 0, Errors: 0, Skipped: 0, Time elapsed: 2.235 sec - in org.apache.storm.topology.StatefulBoltExecutorTest
Running org.apache.storm.topology.StatefulWindowedBoltExecutorTest
Tests run: 4, Failures: 0, Errors: 0, Skipped: 0, Time elapsed: 1.64 sec - in org.apache.storm.topology.StatefulWindowedBoltExecutorTest
Running org.apache.storm.topology.TopologyBuilderTest
Tests run: 5, Failures: 0, Errors: 0, Skipped: 0, Time elapsed: 2.936 sec - in org.apache.storm.topology.TopologyBuilderTest
Running org.apache.storm.topology.WindowedBoltExecutorTest
Tests run: 5, Failures: 0, Errors: 0, Skipped: 0, Time elapsed: 1.025 sec - in org.apache.storm.topology.WindowedBoltExecutorTest
Running org.apache.storm.localizer.LocalizerTest
Tests run: 13, Failures: 0, Errors: 0, Skipped: 0, Time elapsed: 15.102 sec - in org.apache.storm.localizer.LocalizerTest
Running org.apache.storm.localizer.LocalizedResourceRetentionSetTest
Tests run: 2, Failures: 0, Errors: 0, Skipped: 0, Time elapsed: 0.7 sec - in org.apache.storm.localizer.LocalizedResourceRetentionSetTest
Running org.apache.storm.localizer.LocalizedResourceSetTest
Tests run: 4, Failures: 0, Errors: 0, Skipped: 0, Time elapsed: 0.015 sec - in org.apache.storm.localizer.LocalizedResourceSetTest
Running org.apache.storm.blobstore.BlobStoreTest
Tests run: 4, Failures: 0, Errors: 0, Skipped: 0, Time elapsed: 10.735 sec - in org.apache.storm.blobstore.BlobStoreTest
Running org.apache.storm.blobstore.BlobSynchronizerTest
Tests run: 4, Failures: 0, Errors: 0, Skipped: 0, Time elapsed: 6.345 sec - in org.apache.storm.blobstore.BlobSynchronizerTest
Running org.apache.storm.blobstore.ClientBlobStoreTest
Tests run: 4, Failures: 0, Errors: 0, Skipped: 0, Time elapsed: 0.004 sec - in org.apache.storm.blobstore.ClientBlobStoreTest
Running org.apache.storm.cluster.StormClusterStateImplTest
Tests run: 5, Failures: 0, Errors: 0, Skipped: 0, Time elapsed: 0.038 sec - in org.apache.storm.cluster.StormClusterStateImplTest
Running org.apache.storm.scheduler.resource.strategies.scheduling.TestDefaultResourceAwareStrategy
Tests run: 2, Failures: 0, Errors: 0, Skipped: 0, Time elapsed: 2.267 sec - in org.apache.storm.scheduler.resource.strategies.scheduling.TestDefaultResourceAwareStrategy
Running org.apache.storm.scheduler.resource.TestResourceAwareScheduler
Tests run: 14, Failures: 0, Errors: 0, Skipped: 0, Time elapsed: 27.703 sec - in org.apache.storm.scheduler.resource.TestResourceAwareScheduler
Running org.apache.storm.scheduler.resource.TestUser
Tests run: 3, Failures: 0, Errors: 0, Skipped: 0, Time elapsed: 14.377 sec - in org.apache.storm.scheduler.resource.TestUser
Running org.apache.storm.nimbus.LocalNimbusTest
Tests run: 1, Failures: 0, Errors: 0, Skipped: 0, Time elapsed: 71.031 sec - in org.apache.storm.nimbus.LocalNimbusTest
Running org.apache.storm.security.auth.AuthUtilsTest
Tests run: 15, Failures: 0, Errors: 0, Skipped: 0, Time elapsed: 1.108 sec - in org.apache.storm.security.auth.AuthUtilsTest
Running org.apache.storm.tuple.FieldsTest
Tests run: 12, Failures: 0, Errors: 0, Skipped: 0, Time elapsed: 0.005 sec - in org.apache.storm.tuple.FieldsTest
Running org.apache.storm.grouping.PartialKeyGroupingTest
Tests run: 2, Failures: 0, Errors: 0, Skipped: 0, Time elapsed: 1.425 sec - in org.apache.storm.grouping.PartialKeyGroupingTest
Running org.apache.storm.state.InMemoryKeyValueStateTest
Tests run: 2, Failures: 0, Errors: 0, Skipped: 0, Time elapsed: 0.074 sec - in org.apache.storm.state.InMemoryKeyValueStateTest
Running org.apache.storm.TestConfigValidate
Tests run: 25, Failures: 0, Errors: 0, Skipped: 0, Time elapsed: 4.042 sec - in org.apache.storm.TestConfigValidate
Running org.apache.storm.PacemakerTest
Tests run: 9, Failures: 0, Errors: 0, Skipped: 0, Time elapsed: 0.867 sec - in org.apache.storm.PacemakerTest
Running org.apache.storm.PaceMakerStateStorageFactoryTest
Tests run: 10, Failures: 0, Errors: 0, Skipped: 0, Time elapsed: 0.141 sec - in org.apache.storm.PaceMakerStateStorageFactoryTest
Running org.apache.storm.TestCgroups
Tests run: 1, Failures: 0, Errors: 0, Skipped: 1, Time elapsed: 0.334 sec - in org.apache.storm.TestCgroups

Results :

Tests run: 239, Failures: 0, Errors: 0, Skipped: 1

[INFO] 
[INFO] --- clojure-maven-plugin:1.7.1:test (test-clojure) @ storm-core ---
5852 [main] WARN  o.a.s.m.StormMetricsRegistry - Metric ui:num-topology-op-response-http-requests has already been registered
5853 [main] WARN  o.a.s.m.StormMetricsRegistry - Metric ui:num-topology-op-response-http-requests has already been registered
17288 [main] WARN  o.a.s.m.StormMetricsRegistry - Metric drpc:num-execute-http-requests has already been registered
Running org.apache.storm.subtopology-test
Tests run: 0, Passed: 0, Failures: 0, Errors: 0
Running org.apache.storm.cluster-test
Tests run: 10, Passed: 92, Failures: 0, Errors: 0
Running org.apache.storm.trident.tuple-test
Tests run: 6, Passed: 36, Failures: 0, Errors: 0
Running org.apache.storm.security.auth.auto-login-module-test
Tests run: 6, Passed: 22, Failures: 0, Errors: 0
Running org.apache.storm.transactional-test
Tests run: 7, Passed: 110, Failures: 0, Errors: 0
Running org.apache.storm.logviewer-test
Tests run: 12, Passed: 118, Failures: 0, Errors: 0
Running org.apache.storm.trident.state-test
Tests run: 5, Passed: 37, Failures: 0, Errors: 0
Running org.apache.storm.serialization-test
Tests run: 1, Passed: 0, Failures: 0, Errors: 0
Running org.apache.storm.security.auth.DefaultHttpCredentialsPlugin-test
Tests run: 2, Passed: 8, Failures: 0, Errors: 0
Running org.apache.storm.utils.ZookeeperServerCnxnFactory-test
Tests run: 2, Passed: 3, Failures: 0, Errors: 0
Running org.apache.storm.security.auth.drpc-auth-test
Tests run: 4, Passed: 22, Failures: 0, Errors: 0
Running org.apache.storm.versioned-store-test
Tests run: 2, Passed: 5, Failures: 0, Errors: 0
Running org.apache.storm.scheduler.multitenant-scheduler-test
Tests run: 17, Passed: 235, Failures: 0, Errors: 0
Running org.apache.storm.supervisor-test
Tests run: 20, Passed: 59, Failures: 0, Errors: 0
Running integration.org.apache.storm.testing4j-test
Tests run: 8, Passed: 36, Failures: 0, Errors: 0
Running org.apache.storm.security.auth.nimbus-auth-test
Tests run: 5, Passed: 39, Failures: 0, Errors: 0
Running org.apache.storm.serialization.SerializationFactory-test
Tests run: 3, Passed: 3, Failures: 0, Errors: 0
Running org.apache.storm.clojure-test
Tests run: 3, Passed: 5, Failures: 0, Errors: 0
Running org.apache.storm.drpc-test
80286 [Thread-865] INFO  o.a.s.u.Utils - Async loop interrupted!
82611 [Thread-933] INFO  o.a.s.u.Utils - Async loop interrupted!
84906 [Thread-972] INFO  o.a.s.u.Utils - Async loop interrupted!
92278 [Thread-1023] INFO  o.a.s.u.Utils - Async loop interrupted!
Tests run: 9, Passed: 17, Failures: 0, Errors: 0
Running org.apache.storm.security.auth.ReqContext-test
Tests run: 3, Passed: 4, Failures: 0, Errors: 0
Running org.apache.storm.security.auth.ThriftServer-test
Tests run: 2, Passed: 1, Failures: 0, Errors: 0
Running org.apache.storm.worker-test
Tests run: 8, Passed: 35, Failures: 0, Errors: 0
Running org.apache.storm.security.auth.auth-test
Tests run: 13, Passed: 94, Failures: 0, Errors: 0
Running org.apache.storm.messaging-test
Tests run: 1, Passed: 2, Failures: 0, Errors: 0
Running org.apache.storm.submitter-test
Tests run: 1, Passed: 13, Failures: 0, Errors: 0
Running integration.org.apache.storm.integration-test
Tests run: 18, Passed: 51, Failures: 0, Errors: 0
Running org.apache.storm.security.auth.authorizer.DRPCSimpleACLAuthorizer-test
Tests run: 7, Passed: 37, Failures: 0, Errors: 0
Running org.apache.storm.metrics-test
Tests run: 8, Passed: 66, Failures: 0, Errors: 0
Running org.apache.storm.security.auth.ThriftClient-test
Tests run: 2, Passed: 4, Failures: 0, Errors: 0
Running org.apache.storm.scheduler-test
Tests run: 4, Passed: 64, Failures: 0, Errors: 0
Running org.apache.storm.messaging.netty-unit-test
Tests run: 5, Passed: 24, Failures: 0, Errors: 0
Running org.apache.storm.security.auth.SaslTransportPlugin-test
Tests run: 2, Passed: 8, Failures: 0, Errors: 0
Running org.apache.storm.local-state-test
Tests run: 2, Passed: 10, Failures: 0, Errors: 0
Running org.apache.storm.messaging.netty-integration-test
Tests run: 1, Passed: 1, Failures: 0, Errors: 0
Running org.apache.storm.tuple-test
Tests run: 4, Passed: 13, Failures: 0, Errors: 0
Running org.apache.storm.tick-tuple-test
Tests run: 1, Passed: 1, Failures: 0, Errors: 0
Running integration.org.apache.storm.trident.integration-test
Tests run: 9, Passed: 141, Failures: 0, Errors: 0
Running org.apache.storm.grouping-test
Tests run: 5, Passed: 15, Failures: 0, Errors: 0
Running org.apache.storm.security.serialization.BlowfishTupleSerializer-test
Tests run: 3, Passed: 3, Failures: 0, Errors: 0
Running org.apache.storm.nimbus-test
Tests run: 43, Passed: 789, Failures: 0, Errors: 0
[INFO] 
[INFO] --- apache-rat-plugin:0.11:check (default) @ storm-core ---
[INFO] 51 implicit excludes (use -debug for more details).
[INFO] Exclude: **/target/**
[INFO] Exclude: **/*.iml
[INFO] Exclude: **/.idea/**
[INFO] Exclude: **/metastore_db/**
[INFO] Exclude: **/build/**
[INFO] Exclude: **/logs/**
[INFO] Exclude: **/CHANGELOG.md
[INFO] Exclude: **/README.md
[INFO] Exclude: **/README.markdown
[INFO] Exclude: **/DEVELOPER.md
[INFO] Exclude: **/BYLAWS.md
[INFO] Exclude: **/STORM-UI-REST-API.md
[INFO] Exclude: SECURITY.md
[INFO] Exclude: VERSION
[INFO] Exclude: TODO
[INFO] Exclude: **/src/py/**
[INFO] Exclude: **/src/ui/public/js/jquery.dataTables.1.10.4.min.js
[INFO] Exclude: **/src/ui/public/css/jquery.dataTables.1.10.4.min.css
[INFO] Exclude: **/src/ui/public/images/*
[INFO] Exclude: **/src/ui/public/js/bootstrap-3.3.1.min.js
[INFO] Exclude: **/src/ui/public/css/bootstrap-3.3.1.min.css
[INFO] Exclude: **/src/ui/public/js/dataTables.bootstrap.min.js
[INFO] Exclude: **/src/ui/public/css/dataTables.bootstrap.css
[INFO] Exclude: **/src/ui/public/js/jsonFormatter.min.js
[INFO] Exclude: **/src/ui/public/css/jsonFormatter.min.css
[INFO] Exclude: **/src/ui/public/js/jquery-1.11.1.min.js
[INFO] Exclude: **/src/ui/public/js/jquery.cookies.2.2.0.min.js
[INFO] Exclude: **/src/ui/public/js/moment.min.js
[INFO] Exclude: **/src/ui/public/js/jquery.blockUI.min.js
[INFO] Exclude: **/src/ui/public/js/url.min.js
[INFO] Exclude: **/src/ui/public/js/arbor.js
[INFO] Exclude: **/src/ui/public/js/arbor-graphics.js
[INFO] Exclude: **/src/ui/public/js/arbor-tween.js
[INFO] Exclude: **/src/ui/public/js/jquery.mustache.js
[INFO] Exclude: **/src/ui/public/js/typeahead.jquery.min.js
[INFO] Exclude: **/dependency-reduced-pom.xml
[INFO] Exclude: **/docs/**
[INFO] Exclude: **/.git/**
[INFO] Exclude: **/derby.log
[INFO] Exclude: **/src/dev/**
[INFO] Exclude: **/src/codegen/config.fmpp
[INFO] Exclude: **/src/codegen/data/Parser.tdd
[INFO] Exclude: **/src/test/resources/FixedAvroSerializer.config
[INFO] 1078 resources included (use -debug for more details)
Warning:  org.apache.xerces.jaxp.SAXParserImpl$JAXPSAXParser: Property 'http://www.oracle.com/xml/jaxp/properties/entityExpansionLimit' is not recognized.
Compiler warnings:
  WARNING:  'org.apache.xerces.jaxp.SAXParserImpl: Property 'http://javax.xml.XMLConstants/property/accessExternalDTD' is not recognized.'
Warning:  org.apache.xerces.parsers.SAXParser: Feature 'http://javax.xml.XMLConstants/feature/secure-processing' is not recognized.
Warning:  org.apache.xerces.parsers.SAXParser: Property 'http://javax.xml.XMLConstants/property/accessExternalDTD' is not recognized.
Warning:  org.apache.xerces.parsers.SAXParser: Property 'http://www.oracle.com/xml/jaxp/properties/entityExpansionLimit' is not recognized.
[INFO] Rat check: Summary of files. Unapproved: 0 unknown: 0 generated: 0 approved: 1072 licence.
[INFO] 
[INFO] --- make-maven-plugin:1.0-beta-1:test (test) @ storm-core ---
[INFO] /bin/sh: 14: /home/travis/.jdk_switcher_rc: [[: not found
[INFO] /bin/sh: 22: /home/travis/.jdk_switcher_rc: [[: not found
[INFO] /bin/sh: 32: /home/travis/.jdk_switcher_rc: [[: not found
[INFO] /bin/sh: 42: /home/travis/.jdk_switcher_rc: [[: not found
[INFO] /bin/sh: 3: /etc/profile.d/rvm.sh: [[: not found
[INFO] make  test-worker-launcher
[INFO] make[1]: Entering directory `/home/travis/build/apache/storm/storm-core/target/native/worker-launcher'
[INFO] make[1]: `test-worker-launcher' is up to date.
[INFO] make[1]: Leaving directory `/home/travis/build/apache/storm/storm-core/target/native/worker-launcher'
[INFO] make  check-TESTS
[INFO] make[1]: Entering directory `/home/travis/build/apache/storm/storm-core/target/native/worker-launcher'
[INFO] chmod: cannot access `/tmp/test-worker-launcher': No such file or directory
[INFO] File /tmp/test-worker-launcher must be owned by root, but is owned by 1000
[INFO] 
[INFO] Starting tests
[INFO] 
[INFO] Testing get_container_launcher_file()
[INFO] 
[INFO] Testing check_configuration_permissions()
[INFO] 
[INFO] Testing check_configuration_permissions
[INFO] 
[INFO] Testing check_user()
[INFO] 
[INFO] Testing test_check_user
[INFO] Requested user lp has id 7, which is below the minimum allowed 1000
[INFO] Running as root is not allowed
[INFO] 
[INFO] Running test test_signal_container in child process
[INFO] 
[INFO] Testing signal_container
[INFO] Child container launched as 21400
[INFO] Killing process 21400 with 3
[INFO] 
[INFO] Running test test_signal_container_group in child process
[INFO] 
[INFO] Testing group signal_container
[INFO] Child container launched as 21402
[INFO] Killing process 21402 with 9
[INFO] 
[INFO] Finished tests
[INFO] PASS: test-worker-launcher
[INFO] =============
[INFO] 1 test passed
[INFO] =============
[INFO] make[1]: Leaving directory `/home/travis/build/apache/storm/storm-core/target/native/worker-launcher'
[INFO] ------------------------------------------------------------------------
[INFO] BUILD SUCCESS
[INFO] ------------------------------------------------------------------------
[INFO] Total time: 10:10 min
[INFO] Finished at: 2016-07-06T22:16:12+00:00
[INFO] Final Memory: 43M/446M
[INFO] ------------------------------------------------------------------------
Looking for errors in ./storm-core/target/surefire-reports
Checking ./storm-core/target/surefire-reports/TEST-org.apache.storm.spout.CheckpointSpoutTest.xml
Checking ./storm-core/target/surefire-reports/TEST-org.apache.storm.utils.TimeTest.xml
Checking ./storm-core/target/surefire-reports/TEST-org.apache.storm.utils.WorkerBackpressureThreadTest.xml
Checking ./storm-core/target/surefire-reports/TEST-org.apache.storm.utils.DisruptorQueueTest.xml
Checking ./storm-core/target/surefire-reports/TEST-org.apache.storm.utils.UtilsTest.xml
Checking ./storm-core/target/surefire-reports/TEST-org.apache.storm.utils.DisruptorQueueBackpressureTest.xml
Checking ./storm-core/target/surefire-reports/TEST-org.apache.storm.utils.ThriftTopologyUtilsTest.xml
Checking ./storm-core/target/surefire-reports/TEST-org.apache.storm.utils.ShellBoltMessageQueueTest.xml
Checking ./storm-core/target/surefire-reports/TEST-org.apache.storm.utils.StormBoundedExponentialBackoffRetryTest.xml
Checking ./storm-core/target/surefire-reports/TEST-org.apache.storm.command.TestCLI.xml
Checking ./storm-core/target/surefire-reports/TEST-org.apache.storm.command.RebalanceTest.xml
Checking ./storm-core/target/surefire-reports/TEST-org.apache.storm.command.SetLogLevelTest.xml
Checking ./storm-core/target/surefire-reports/TEST-org.apache.storm.serialization.ThriftBridgeSerializationDelegateTest.xml
Checking ./storm-core/target/surefire-reports/TEST-org.apache.storm.serialization.GzipBridgeSerializationDelegateTest.xml
Checking ./storm-core/target/surefire-reports/TEST-org.apache.storm.serialization.GzipBridgeThriftSerializationDelegateTest.xml
Checking ./storm-core/target/surefire-reports/TEST-org.apache.storm.serialization.SerializationTest.xml
Checking ./storm-core/target/surefire-reports/TEST-org.apache.storm.trident.TridentWindowingTest.xml
Checking ./storm-core/target/surefire-reports/TEST-org.apache.storm.trident.TestTridentTopology.xml
Checking ./storm-core/target/surefire-reports/TEST-org.apache.storm.metric.internal.LatencyStatAndMetricTest.xml
Checking ./storm-core/target/surefire-reports/TEST-org.apache.storm.metric.internal.CountStatAndMetricTest.xml
Checking ./storm-core/target/surefire-reports/TEST-org.apache.storm.metric.internal.RateTrackerTest.xml
Checking ./storm-core/target/surefire-reports/TEST-org.apache.storm.metric.filter.FilterByMetricNameTest.xml
Checking ./storm-core/target/surefire-reports/TEST-org.apache.storm.windowing.WaterMarkEventGeneratorTest.xml
Checking ./storm-core/target/surefire-reports/TEST-org.apache.storm.windowing.WindowManagerTest.xml
Checking ./storm-core/target/surefire-reports/TEST-org.apache.storm.topology.StatefulBoltExecutorTest.xml
Checking ./storm-core/target/surefire-reports/TEST-org.apache.storm.topology.StatefulWindowedBoltExecutorTest.xml
Checking ./storm-core/target/surefire-reports/TEST-org.apache.storm.topology.TopologyBuilderTest.xml
Checking ./storm-core/target/surefire-reports/TEST-org.apache.storm.topology.WindowedBoltExecutorTest.xml
Checking ./storm-core/target/surefire-reports/TEST-org.apache.storm.localizer.LocalizerTest.xml
Checking ./storm-core/target/surefire-reports/TEST-org.apache.storm.localizer.LocalizedResourceRetentionSetTest.xml
Checking ./storm-core/target/surefire-reports/TEST-org.apache.storm.localizer.LocalizedResourceSetTest.xml
Checking ./storm-core/target/surefire-reports/TEST-org.apache.storm.blobstore.BlobStoreTest.xml
Checking ./storm-core/target/surefire-reports/TEST-org.apache.storm.blobstore.BlobSynchronizerTest.xml
Checking ./storm-core/target/surefire-reports/TEST-org.apache.storm.blobstore.ClientBlobStoreTest.xml
Checking ./storm-core/target/surefire-reports/TEST-org.apache.storm.cluster.StormClusterStateImplTest.xml
Checking ./storm-core/target/surefire-reports/TEST-org.apache.storm.scheduler.resource.strategies.scheduling.TestDefaultResourceAwareStrategy.xml
Checking ./storm-core/target/surefire-reports/TEST-org.apache.storm.scheduler.resource.TestResourceAwareScheduler.xml
Checking ./storm-core/target/surefire-reports/TEST-org.apache.storm.scheduler.resource.TestUser.xml
Checking ./storm-core/target/surefire-reports/TEST-org.apache.storm.nimbus.LocalNimbusTest.xml
Checking ./storm-core/target/surefire-reports/TEST-org.apache.storm.security.auth.AuthUtilsTest.xml
Checking ./storm-core/target/surefire-reports/TEST-org.apache.storm.tuple.FieldsTest.xml
Checking ./storm-core/target/surefire-reports/TEST-org.apache.storm.grouping.PartialKeyGroupingTest.xml
Checking ./storm-core/target/surefire-reports/TEST-org.apache.storm.state.InMemoryKeyValueStateTest.xml
Checking ./storm-core/target/surefire-reports/TEST-org.apache.storm.TestConfigValidate.xml
Checking ./storm-core/target/surefire-reports/TEST-org.apache.storm.PacemakerTest.xml
Checking ./storm-core/target/surefire-reports/TEST-org.apache.storm.PaceMakerStateStorageFactoryTest.xml
Checking ./storm-core/target/surefire-reports/TEST-org.apache.storm.TestCgroups.xml
Looking for errors in ./storm-core/target/test-reports
Checking ./storm-core/target/test-reports/org.apache.storm.subtopology-test.xml
Checking ./storm-core/target/test-reports/org.apache.storm.cluster-test.xml
Checking ./storm-core/target/test-reports/org.apache.storm.trident.tuple-test.xml
Checking ./storm-core/target/test-reports/org.apache.storm.security.auth.auto-login-module-test.xml
Checking ./storm-core/target/test-reports/org.apache.storm.transactional-test.xml
Checking ./storm-core/target/test-reports/org.apache.storm.logviewer-test.xml
Checking ./storm-core/target/test-reports/org.apache.storm.trident.state-test.xml
Checking ./storm-core/target/test-reports/org.apache.storm.serialization-test.xml
Checking ./storm-core/target/test-reports/org.apache.storm.security.auth.DefaultHttpCredentialsPlugin-test.xml
Checking ./storm-core/target/test-reports/org.apache.storm.utils.ZookeeperServerCnxnFactory-test.xml
Checking ./storm-core/target/test-reports/org.apache.storm.security.auth.drpc-auth-test.xml
Checking ./storm-core/target/test-reports/org.apache.storm.versioned-store-test.xml
Checking ./storm-core/target/test-reports/org.apache.storm.scheduler.multitenant-scheduler-test.xml
Checking ./storm-core/target/test-reports/org.apache.storm.supervisor-test.xml
Checking ./storm-core/target/test-reports/integration.org.apache.storm.testing4j-test.xml
Checking ./storm-core/target/test-reports/org.apache.storm.security.auth.nimbus-auth-test.xml
Checking ./storm-core/target/test-reports/org.apache.storm.serialization.SerializationFactory-test.xml
Checking ./storm-core/target/test-reports/org.apache.storm.clojure-test.xml
Checking ./storm-core/target/test-reports/org.apache.storm.drpc-test.xml
Checking ./storm-core/target/test-reports/org.apache.storm.security.auth.ReqContext-test.xml
Checking ./storm-core/target/test-reports/org.apache.storm.security.auth.ThriftServer-test.xml
Checking ./storm-core/target/test-reports/org.apache.storm.worker-test.xml
Checking ./storm-core/target/test-reports/org.apache.storm.security.auth.auth-test.xml
Checking ./storm-core/target/test-reports/org.apache.storm.messaging-test.xml
Checking ./storm-core/target/test-reports/org.apache.storm.submitter-test.xml
Checking ./storm-core/target/test-reports/integration.org.apache.storm.integration-test.xml
Checking ./storm-core/target/test-reports/org.apache.storm.security.auth.authorizer.DRPCSimpleACLAuthorizer-test.xml
Checking ./storm-core/target/test-reports/org.apache.storm.metrics-test.xml
Checking ./storm-core/target/test-reports/org.apache.storm.security.auth.ThriftClient-test.xml
Checking ./storm-core/target/test-reports/org.apache.storm.scheduler-test.xml
Checking ./storm-core/target/test-reports/org.apache.storm.messaging.netty-unit-test.xml
Checking ./storm-core/target/test-reports/org.apache.storm.security.auth.SaslTransportPlugin-test.xml
Checking ./storm-core/target/test-reports/org.apache.storm.local-state-test.xml
Checking ./storm-core/target/test-reports/org.apache.storm.messaging.netty-integration-test.xml
Checking ./storm-core/target/test-reports/org.apache.storm.tuple-test.xml
Checking ./storm-core/target/test-reports/org.apache.storm.tick-tuple-test.xml
Checking ./storm-core/target/test-reports/integration.org.apache.storm.trident.integration-test.xml
Checking ./storm-core/target/test-reports/org.apache.storm.grouping-test.xml
Checking ./storm-core/target/test-reports/org.apache.storm.security.serialization.BlowfishTupleSerializer-test.xml
Checking ./storm-core/target/test-reports/org.apache.storm.nimbus-test.xml

travis_time:end:0ace2cfa:start=1467842760110918159,finish=1467843374285312097,duration=614174393938[0K
[32;1mThe command "/bin/bash ./dev-tools/travis/travis-script.sh `pwd` $MODULES" exited with 0.[0m
travis_fold:start:cache.2[0Kstore build cache
travis_time:start:25a973f1[0K
travis_time:end:25a973f1:start=1467843374290138417,finish=1467843374293955341,duration=3816924[0Ktravis_time:start:1190d63c[0K[32;1mchange detected (content changed, file is created, or file is deleted):
/home/travis/.m2/repository/eigenbase/eigenbase-properties/1.1.4/eigenbase-properties-1.1.4.pom.lastUpdated
/home/travis/.m2/repository/io/confluent/kafka-avro-serializer/1.0/kafka-avro-serializer-1.0.pom.lastUpdated
/home/travis/.m2/repository/io/confluent/kafka-schema-registry-client/1.0/kafka-schema-registry-client-1.0.pom.lastUpdated
/home/travis/.m2/repository/net/hydromatic/linq4j/0.4/linq4j-0.4.pom.lastUpdated
/home/travis/.m2/repository/net/hydromatic/quidem/0.1.1/quidem-0.1.1.pom.lastUpdated
/home/travis/.m2/repository/org/apache/storm/flux/2.0.0-SNAPSHOT/maven-metadata-local.xml
/home/travis/.m2/repository/org/apache/storm/flux/2.0.0-SNAPSHOT/_remote.repositories
/home/travis/.m2/repository/org/apache/storm/flux-core/2.0.0-SNAPSHOT/flux-core-2.0.0-SNAPSHOT.jar
/home/travis/.m2/repository/org/apache/storm/flux-core/2.0.0-SNAPSHOT/maven-metadata-local.xml
/home/travis/.m2/repository/org/apache/storm/flux-core/2.0.0-SNAPSHOT/_remote.repositories
/home/travis/.m2/repository/org/ap
[0m
[32;1m...
[0m
[32;1mchanges detected, packing new archive[0m
.
.
.
.
.
.
.
.
[32;1muploading archive[0m

travis_time:end:1190d63c:start=1467843374298214853,finish=1467843436687090734,duration=62388875881[0Ktravis_fold:end:cache.2[0K
Done. Your build exited with 0.
