Using worker: worker-linux-docker-b6660b30.prod.travis-ci.org:travis-linux-16

travis_fold:start:system_info[0K[33;1mBuild system information[0m
Build language: java
Build group: stable
Build dist: precise
[34m[1mBuild image provisioning date and time[0m
Thu Feb  5 15:09:33 UTC 2015
[34m[1mOperating System Details[0m
Distributor ID:	Ubuntu
Description:	Ubuntu 12.04.5 LTS
Release:	12.04
Codename:	precise
[34m[1mLinux Version[0m
3.13.0-29-generic
[34m[1mCookbooks Version[0m
a68419e https://github.com/travis-ci/travis-cookbooks/tree/a68419e
[34m[1mGCC version[0m
gcc (Ubuntu/Linaro 4.6.3-1ubuntu5) 4.6.3
Copyright (C) 2011 Free Software Foundation, Inc.
This is free software; see the source for copying conditions.  There is NO
warranty; not even for MERCHANTABILITY or FITNESS FOR A PARTICULAR PURPOSE.

[34m[1mLLVM version[0m
clang version 3.4 (tags/RELEASE_34/final)
Target: x86_64-unknown-linux-gnu
Thread model: posix
[34m[1mPre-installed Ruby versions[0m
ruby-1.9.3-p551
[34m[1mPre-installed Node.js versions[0m
v0.10.36
[34m[1mPre-installed Go versions[0m
1.4.1
[34m[1mRedis version[0m
redis-server 2.8.19
[34m[1mriak version[0m
2.0.2
[34m[1mMongoDB version[0m
MongoDB 2.4.12
[34m[1mCouchDB version[0m
couchdb 1.6.1
[34m[1mNeo4j version[0m
1.9.4
[34m[1mRabbitMQ Version[0m
3.4.3
[34m[1mElasticSearch version[0m
1.4.0
[34m[1mInstalled Sphinx versions[0m
2.0.10
2.1.9
2.2.6
[34m[1mDefault Sphinx version[0m
2.2.6
[34m[1mInstalled Firefox version[0m
firefox 31.0esr
[34m[1mPhantomJS version[0m
1.9.8
[34m[1mant -version[0m
Apache Ant(TM) version 1.8.2 compiled on December 3 2011
[34m[1mmvn -version[0m
Apache Maven 3.2.5 (12a6b3acb947671f09b81f49094c53f426d8cea1; 2014-12-14T17:29:23+00:00)
Maven home: /usr/local/maven
Java version: 1.7.0_76, vendor: Oracle Corporation
Java home: /usr/lib/jvm/java-7-oracle/jre
Default locale: en_US, platform encoding: ANSI_X3.4-1968
OS name: "linux", version: "3.13.0-29-generic", arch: "amd64", family: "unix"
travis_fold:end:system_info[0K
travis_fold:start:fix.CVE-2015-7547[0K$ export DEBIAN_FRONTEND=noninteractive
W: Size of file /var/lib/apt/lists/us.archive.ubuntu.com_ubuntu_dists_precise-backports_multiverse_source_Sources.gz is not what the server reported 5886 5888
W: Size of file /var/lib/apt/lists/ppa.launchpad.net_ubuntugis_ppa_ubuntu_dists_precise_main_binary-amd64_Packages.gz is not what the server reported 36669 36677
W: Size of file /var/lib/apt/lists/ppa.launchpad.net_ubuntugis_ppa_ubuntu_dists_precise_main_binary-i386_Packages.gz is not what the server reported 36729 36733
Reading package lists...
Building dependency tree...
Reading state information...
The following extra packages will be installed:
  libc-bin libc-dev-bin libc6-dev
Suggested packages:
  glibc-doc
The following packages will be upgraded:
  libc-bin libc-dev-bin libc6 libc6-dev
4 upgraded, 0 newly installed, 0 to remove and 248 not upgraded.
Need to get 8,840 kB of archives.
After this operation, 14.3 kB disk space will be freed.
Get:1 http://us.archive.ubuntu.com/ubuntu/ precise-updates/main libc6-dev amd64 2.15-0ubuntu10.15 [2,943 kB]
Get:2 http://us.archive.ubuntu.com/ubuntu/ precise-updates/main libc-dev-bin amd64 2.15-0ubuntu10.15 [84.7 kB]
Get:3 http://us.archive.ubuntu.com/ubuntu/ precise-updates/main libc-bin amd64 2.15-0ubuntu10.15 [1,177 kB]
Get:4 http://us.archive.ubuntu.com/ubuntu/ precise-updates/main libc6 amd64 2.15-0ubuntu10.15 [4,636 kB]
Fetched 8,840 kB in 0s (34.7 MB/s)
Preconfiguring packages ...
(Reading database ... (Reading database ... 5%(Reading database ... 10%(Reading database ... 15%(Reading database ... 20%(Reading database ... 25%(Reading database ... 30%(Reading database ... 35%(Reading database ... 40%(Reading database ... 45%(Reading database ... 50%(Reading database ... 55%(Reading database ... 60%(Reading database ... 65%(Reading database ... 70%(Reading database ... 75%(Reading database ... 80%(Reading database ... 85%(Reading database ... 90%(Reading database ... 95%(Reading database ... 100%(Reading database ... 72019 files and directories currently installed.)
Preparing to replace libc6-dev 2.15-0ubuntu10.10 (using .../libc6-dev_2.15-0ubuntu10.15_amd64.deb) ...
Unpacking replacement libc6-dev ...
Preparing to replace libc-dev-bin 2.15-0ubuntu10.10 (using .../libc-dev-bin_2.15-0ubuntu10.15_amd64.deb) ...
Unpacking replacement libc-dev-bin ...
Preparing to replace libc-bin 2.15-0ubuntu10.10 (using .../libc-bin_2.15-0ubuntu10.15_amd64.deb) ...
Unpacking replacement libc-bin ...
Processing triggers for man-db ...
Setting up libc-bin (2.15-0ubuntu10.15) ...
(Reading database ... (Reading database ... 5%(Reading database ... 10%(Reading database ... 15%(Reading database ... 20%(Reading database ... 25%(Reading database ... 30%(Reading database ... 35%(Reading database ... 40%(Reading database ... 45%(Reading database ... 50%(Reading database ... 55%(Reading database ... 60%(Reading database ... 65%(Reading database ... 70%(Reading database ... 75%(Reading database ... 80%(Reading database ... 85%(Reading database ... 90%(Reading database ... 95%(Reading database ... 100%(Reading database ... 72018 files and directories currently installed.)
Preparing to replace libc6 2.15-0ubuntu10.10 (using .../libc6_2.15-0ubuntu10.15_amd64.deb) ...
Unpacking replacement libc6 ...
Setting up libc6 (2.15-0ubuntu10.15) ...
Setting up libc-dev-bin (2.15-0ubuntu10.15) ...
Setting up libc6-dev (2.15-0ubuntu10.15) ...
Processing triggers for libc-bin ...
ldconfig deferred processing now taking place
travis_fold:end:fix.CVE-2015-7547[0Ktravis_fold:start:git.checkout[0Ktravis_time:start:03f819e0[0K$ git clone --depth=50 https://github.com/apache/storm.git apache/storm
Cloning into 'apache/storm'...
remote: Counting objects: 24238, done.[K
remote: Compressing objects:   0% (1/9542)   [Kremote: Compressing objects:   1% (96/9542)   [Kremote: Compressing objects:   2% (191/9542)   [Kremote: Compressing objects:   3% (287/9542)   [Kremote: Compressing objects:   4% (382/9542)   [Kremote: Compressing objects:   5% (478/9542)   [Kremote: Compressing objects:   6% (573/9542)   [Kremote: Compressing objects:   7% (668/9542)   [Kremote: Compressing objects:   8% (764/9542)   [Kremote: Compressing objects:   9% (859/9542)   [Kremote: Compressing objects:  10% (955/9542)   [Kremote: Compressing objects:  11% (1050/9542)   [Kremote: Compressing objects:  12% (1146/9542)   [Kremote: Compressing objects:  13% (1241/9542)   [Kremote: Compressing objects:  14% (1336/9542)   [Kremote: Compressing objects:  15% (1432/9542)   [Kremote: Compressing objects:  16% (1527/9542)   [Kremote: Compressing objects:  17% (1623/9542)   [Kremote: Compressing objects:  18% (1718/9542)   [Kremote: Compressing objects:  19% (1813/9542)   [Kremote: Compressing objects:  20% (1909/9542)   [Kremote: Compressing objects:  21% (2004/9542)   [Kremote: Compressing objects:  22% (2100/9542)   [Kremote: Compressing objects:  23% (2195/9542)   [Kremote: Compressing objects:  24% (2291/9542)   [Kremote: Compressing objects:  25% (2386/9542)   [Kremote: Compressing objects:  26% (2481/9542)   [Kremote: Compressing objects:  27% (2577/9542)   [Kremote: Compressing objects:  28% (2672/9542)   [Kremote: Compressing objects:  29% (2768/9542)   [Kremote: Compressing objects:  30% (2863/9542)   [Kremote: Compressing objects:  31% (2959/9542)   [Kremote: Compressing objects:  32% (3054/9542)   [Kremote: Compressing objects:  33% (3149/9542)   [Kremote: Compressing objects:  34% (3245/9542)   [Kremote: Compressing objects:  35% (3340/9542)   [Kremote: Compressing objects:  36% (3436/9542)   [Kremote: Compressing objects:  37% (3531/9542)   [Kremote: Compressing objects:  38% (3626/9542)   [Kremote: Compressing objects:  39% (3722/9542)   [Kremote: Compressing objects:  40% (3817/9542)   [Kremote: Compressing objects:  41% (3913/9542)   [Kremote: Compressing objects:  42% (4008/9542)   [Kremote: Compressing objects:  43% (4104/9542)   [Kremote: Compressing objects:  44% (4199/9542)   [Kremote: Compressing objects:  45% (4294/9542)   [Kremote: Compressing objects:  46% (4390/9542)   [Kremote: Compressing objects:  47% (4485/9542)   [Kremote: Compressing objects:  48% (4581/9542)   [Kremote: Compressing objects:  49% (4676/9542)   [Kremote: Compressing objects:  50% (4771/9542)   [Kremote: Compressing objects:  51% (4867/9542)   [Kremote: Compressing objects:  52% (4962/9542)   [Kremote: Compressing objects:  53% (5058/9542)   [Kremote: Compressing objects:  54% (5153/9542)   [Kremote: Compressing objects:  55% (5249/9542)   [Kremote: Compressing objects:  56% (5344/9542)   [Kremote: Compressing objects:  57% (5439/9542)   [Kremote: Compressing objects:  58% (5535/9542)   [Kremote: Compressing objects:  59% (5630/9542)   [Kremote: Compressing objects:  60% (5726/9542)   [Kremote: Compressing objects:  61% (5821/9542)   [Kremote: Compressing objects:  62% (5917/9542)   [Kremote: Compressing objects:  63% (6012/9542)   [Kremote: Compressing objects:  64% (6107/9542)   [Kremote: Compressing objects:  65% (6203/9542)   [Kremote: Compressing objects:  66% (6298/9542)   [Kremote: Compressing objects:  67% (6394/9542)   [Kremote: Compressing objects:  68% (6489/9542)   [Kremote: Compressing objects:  69% (6584/9542)   [Kremote: Compressing objects:  70% (6680/9542)   [Kremote: Compressing objects:  71% (6775/9542)   [Kremote: Compressing objects:  72% (6871/9542)   [Kremote: Compressing objects:  73% (6966/9542)   [Kremote: Compressing objects:  74% (7062/9542)   [Kremote: Compressing objects:  75% (7157/9542)   [Kremote: Compressing objects:  76% (7252/9542)   [Kremote: Compressing objects:  77% (7348/9542)   [Kremote: Compressing objects:  78% (7443/9542)   [Kremote: Compressing objects:  79% (7539/9542)   [Kremote: Compressing objects:  80% (7634/9542)   [Kremote: Compressing objects:  81% (7730/9542)   [Kremote: Compressing objects:  82% (7825/9542)   [Kremote: Compressing objects:  83% (7920/9542)   [Kremote: Compressing objects:  84% (8016/9542)   [Kremote: Compressing objects:  85% (8111/9542)   [Kremote: Compressing objects:  86% (8207/9542)   [Kremote: Compressing objects:  87% (8302/9542)   [Kremote: Compressing objects:  88% (8397/9542)   [Kremote: Compressing objects:  89% (8493/9542)   [Kremote: Compressing objects:  90% (8588/9542)   [Kremote: Compressing objects:  91% (8684/9542)   [Kremote: Compressing objects:  92% (8779/9542)   [Kremote: Compressing objects:  93% (8875/9542)   [Kremote: Compressing objects:  94% (8970/9542)   [Kremote: Compressing objects:  95% (9065/9542)   [Kremote: Compressing objects:  96% (9161/9542)   [Kremote: Compressing objects:  97% (9256/9542)   [Kremote: Compressing objects:  98% (9352/9542)   [Kremote: Compressing objects:  99% (9447/9542)   [Kremote: Compressing objects: 100% (9542/9542)   [Kremote: Compressing objects: 100% (9542/9542), done.[K
Receiving objects:   0% (1/24238)   Receiving objects:   1% (243/24238)   Receiving objects:   2% (485/24238)   Receiving objects:   3% (728/24238)   Receiving objects:   4% (970/24238)   Receiving objects:   5% (1212/24238)   Receiving objects:   6% (1455/24238)   Receiving objects:   7% (1697/24238)   Receiving objects:   8% (1940/24238)   Receiving objects:   9% (2182/24238)   Receiving objects:  10% (2424/24238)   Receiving objects:  11% (2667/24238)   Receiving objects:  12% (2909/24238)   Receiving objects:  13% (3151/24238)   Receiving objects:  14% (3394/24238)   Receiving objects:  15% (3636/24238)   Receiving objects:  16% (3879/24238)   Receiving objects:  17% (4121/24238)   Receiving objects:  18% (4363/24238)   Receiving objects:  19% (4606/24238)   Receiving objects:  20% (4848/24238)   Receiving objects:  21% (5090/24238)   Receiving objects:  22% (5333/24238)   Receiving objects:  23% (5575/24238)   Receiving objects:  24% (5818/24238)   Receiving objects:  25% (6060/24238)   Receiving objects:  26% (6302/24238)   Receiving objects:  27% (6545/24238)   Receiving objects:  28% (6787/24238)   Receiving objects:  29% (7030/24238)   Receiving objects:  30% (7272/24238)   Receiving objects:  31% (7514/24238)   Receiving objects:  32% (7757/24238)   Receiving objects:  33% (7999/24238)   Receiving objects:  34% (8241/24238)   Receiving objects:  35% (8484/24238)   Receiving objects:  36% (8726/24238)   Receiving objects:  37% (8969/24238)   Receiving objects:  38% (9211/24238)   Receiving objects:  39% (9453/24238)   Receiving objects:  40% (9696/24238)   Receiving objects:  41% (9938/24238)   Receiving objects:  42% (10180/24238)   Receiving objects:  43% (10423/24238)   Receiving objects:  44% (10665/24238)   Receiving objects:  45% (10908/24238)   Receiving objects:  46% (11150/24238)   Receiving objects:  47% (11392/24238)   Receiving objects:  48% (11635/24238)   Receiving objects:  49% (11877/24238)   Receiving objects:  50% (12119/24238)   Receiving objects:  51% (12362/24238)   Receiving objects:  52% (12604/24238)   Receiving objects:  53% (12847/24238)   Receiving objects:  54% (13089/24238)   Receiving objects:  55% (13331/24238)   Receiving objects:  56% (13574/24238)   Receiving objects:  57% (13816/24238)   Receiving objects:  58% (14059/24238)   Receiving objects:  59% (14301/24238)   Receiving objects:  60% (14543/24238)   Receiving objects:  61% (14786/24238)   Receiving objects:  62% (15028/24238)   Receiving objects:  63% (15270/24238)   Receiving objects:  64% (15513/24238)   Receiving objects:  65% (15755/24238), 13.23 MiB | 26.40 MiB/s   Receiving objects:  66% (15998/24238), 13.23 MiB | 26.40 MiB/s   Receiving objects:  67% (16240/24238), 13.23 MiB | 26.40 MiB/s   Receiving objects:  68% (16482/24238), 13.23 MiB | 26.40 MiB/s   Receiving objects:  69% (16725/24238), 13.23 MiB | 26.40 MiB/s   Receiving objects:  70% (16967/24238), 13.23 MiB | 26.40 MiB/s   Receiving objects:  71% (17209/24238), 13.23 MiB | 26.40 MiB/s   Receiving objects:  72% (17452/24238), 13.23 MiB | 26.40 MiB/s   Receiving objects:  73% (17694/24238), 13.23 MiB | 26.40 MiB/s   Receiving objects:  74% (17937/24238), 13.23 MiB | 26.40 MiB/s   Receiving objects:  75% (18179/24238), 13.23 MiB | 26.40 MiB/s   Receiving objects:  76% (18421/24238), 13.23 MiB | 26.40 MiB/s   Receiving objects:  77% (18664/24238), 13.23 MiB | 26.40 MiB/s   Receiving objects:  78% (18906/24238), 13.23 MiB | 26.40 MiB/s   Receiving objects:  79% (19149/24238), 13.23 MiB | 26.40 MiB/s   Receiving objects:  80% (19391/24238), 13.23 MiB | 26.40 MiB/s   Receiving objects:  81% (19633/24238), 13.23 MiB | 26.40 MiB/s   Receiving objects:  82% (19876/24238), 13.23 MiB | 26.40 MiB/s   Receiving objects:  83% (20118/24238), 13.23 MiB | 26.40 MiB/s   Receiving objects:  84% (20360/24238), 13.23 MiB | 26.40 MiB/s   Receiving objects:  85% (20603/24238), 13.23 MiB | 26.40 MiB/s   Receiving objects:  86% (20845/24238), 13.23 MiB | 26.40 MiB/s   Receiving objects:  87% (21088/24238), 13.23 MiB | 26.40 MiB/s   Receiving objects:  88% (21330/24238), 13.23 MiB | 26.40 MiB/s   Receiving objects:  89% (21572/24238), 13.23 MiB | 26.40 MiB/s   Receiving objects:  90% (21815/24238), 13.23 MiB | 26.40 MiB/s   Receiving objects:  91% (22057/24238), 13.23 MiB | 26.40 MiB/s   Receiving objects:  92% (22299/24238), 13.23 MiB | 26.40 MiB/s   Receiving objects:  93% (22542/24238), 13.23 MiB | 26.40 MiB/s   Receiving objects:  94% (22784/24238), 13.23 MiB | 26.40 MiB/s   Receiving objects:  95% (23027/24238), 13.23 MiB | 26.40 MiB/s   Receiving objects:  96% (23269/24238), 13.23 MiB | 26.40 MiB/s   Receiving objects:  97% (23511/24238), 13.23 MiB | 26.40 MiB/s   Receiving objects:  98% (23754/24238), 13.23 MiB | 26.40 MiB/s   remote: Total 24238 (delta 11996), reused 21252 (delta 9516), pack-reused 0[K
Receiving objects:  99% (23996/24238), 13.23 MiB | 26.40 MiB/s   Receiving objects: 100% (24238/24238), 13.23 MiB | 26.40 MiB/s   Receiving objects: 100% (24238/24238), 18.02 MiB | 26.40 MiB/s, done.
Resolving deltas:   0% (0/11996)   Resolving deltas:   1% (123/11996)   Resolving deltas:   2% (304/11996)   Resolving deltas:   3% (361/11996)   Resolving deltas:   4% (485/11996)   Resolving deltas:   5% (604/11996)   Resolving deltas:   6% (732/11996)   Resolving deltas:   7% (840/11996)   Resolving deltas:   8% (964/11996)   Resolving deltas:   9% (1086/11996)   Resolving deltas:  10% (1201/11996)   Resolving deltas:  11% (1344/11996)   Resolving deltas:  12% (1440/11996)   Resolving deltas:  13% (1561/11996)   Resolving deltas:  14% (1682/11996)   Resolving deltas:  15% (1801/11996)   Resolving deltas:  16% (1921/11996)   Resolving deltas:  17% (2041/11996)   Resolving deltas:  18% (2173/11996)   Resolving deltas:  19% (2284/11996)   Resolving deltas:  20% (2400/11996)   Resolving deltas:  21% (2520/11996)   Resolving deltas:  23% (2809/11996)   Resolving deltas:  24% (2899/11996)   Resolving deltas:  25% (3000/11996)   Resolving deltas:  26% (3150/11996)   Resolving deltas:  27% (3274/11996)   Resolving deltas:  29% (3519/11996)   Resolving deltas:  30% (3612/11996)   Resolving deltas:  31% (3723/11996)   Resolving deltas:  32% (3839/11996)   Resolving deltas:  33% (3960/11996)   Resolving deltas:  34% (4086/11996)   Resolving deltas:  35% (4209/11996)   Resolving deltas:  36% (4327/11996)   Resolving deltas:  37% (4441/11996)   Resolving deltas:  38% (4564/11996)   Resolving deltas:  39% (4681/11996)   Resolving deltas:  40% (4802/11996)   Resolving deltas:  41% (4925/11996)   Resolving deltas:  42% (5040/11996)   Resolving deltas:  43% (5163/11996)   Resolving deltas:  44% (5293/11996)   Resolving deltas:  45% (5402/11996)   Resolving deltas:  46% (5521/11996)   Resolving deltas:  47% (5641/11996)   Resolving deltas:  48% (5825/11996)   Resolving deltas:  49% (5882/11996)   Resolving deltas:  50% (5998/11996)   Resolving deltas:  51% (6131/11996)   Resolving deltas:  52% (6242/11996)   Resolving deltas:  53% (6381/11996)   Resolving deltas:  54% (6524/11996)   Resolving deltas:  55% (6599/11996)   Resolving deltas:  56% (6718/11996)   Resolving deltas:  57% (6924/11996)   Resolving deltas:  58% (6973/11996)   Resolving deltas:  59% (7138/11996)   Resolving deltas:  60% (7258/11996)   Resolving deltas:  62% (7450/11996)   Resolving deltas:  63% (7567/11996)   Resolving deltas:  64% (7771/11996)   Resolving deltas:  65% (7798/11996)   Resolving deltas:  68% (8183/11996)   Resolving deltas:  71% (8522/11996)   Resolving deltas:  72% (8658/11996)   Resolving deltas:  73% (8765/11996)   Resolving deltas:  74% (8880/11996)   Resolving deltas:  75% (9002/11996)   Resolving deltas:  76% (9117/11996)   Resolving deltas:  77% (9291/11996)   Resolving deltas:  78% (9357/11996)   Resolving deltas:  79% (9515/11996)   Resolving deltas:  80% (9608/11996)   Resolving deltas:  81% (9719/11996)   Resolving deltas:  82% (9845/11996)   Resolving deltas:  83% (10053/11996)   Resolving deltas:  84% (10077/11996)   Resolving deltas:  85% (10204/11996)   Resolving deltas:  86% (10317/11996)   Resolving deltas:  87% (10452/11996)   Resolving deltas:  88% (10557/11996)   Resolving deltas:  89% (10679/11996)   Resolving deltas:  90% (10798/11996)   Resolving deltas:  91% (10920/11996)   Resolving deltas:  92% (11037/11996)   Resolving deltas:  94% (11375/11996)   Resolving deltas:  95% (11401/11996)   Resolving deltas:  96% (11522/11996)   Resolving deltas:  97% (11646/11996)   Resolving deltas:  98% (11757/11996)   Resolving deltas:  99% (11879/11996)   Resolving deltas: 100% (11996/11996)   Resolving deltas: 100% (11996/11996), done.
Checking connectivity... done.

travis_time:end:03f819e0:start=1467921504015373032,finish=1467921507864039751,duration=3848666719[0K$ cd apache/storm
travis_time:start:3409390c[0K$ git fetch origin +refs/pull/1500/merge:
remote: Counting objects: 121, done.[K
remote: Compressing objects:   1% (1/51)   [Kremote: Compressing objects:   3% (2/51)   [Kremote: Compressing objects:   5% (3/51)   [Kremote: Compressing objects:   7% (4/51)   [Kremote: Compressing objects:   9% (5/51)   [Kremote: Compressing objects:  11% (6/51)   [Kremote: Compressing objects:  13% (7/51)   [Kremote: Compressing objects:  15% (8/51)   [Kremote: Compressing objects:  17% (9/51)   [Kremote: Compressing objects:  19% (10/51)   [Kremote: Compressing objects:  21% (11/51)   [Kremote: Compressing objects:  23% (12/51)   [Kremote: Compressing objects:  25% (13/51)   [Kremote: Compressing objects:  27% (14/51)   [Kremote: Compressing objects:  29% (15/51)   [Kremote: Compressing objects:  31% (16/51)   [Kremote: Compressing objects:  33% (17/51)   [Kremote: Compressing objects:  35% (18/51)   [Kremote: Compressing objects:  37% (19/51)   [Kremote: Compressing objects:  39% (20/51)   [Kremote: Compressing objects:  41% (21/51)   [Kremote: Compressing objects:  43% (22/51)   [Kremote: Compressing objects:  45% (23/51)   [Kremote: Compressing objects:  47% (24/51)   [Kremote: Compressing objects:  49% (25/51)   [Kremote: Compressing objects:  50% (26/51)   [Kremote: Compressing objects:  52% (27/51)   [Kremote: Compressing objects:  54% (28/51)   [Kremote: Compressing objects:  56% (29/51)   [Kremote: Compressing objects:  58% (30/51)   [Kremote: Compressing objects:  60% (31/51)   [Kremote: Compressing objects:  62% (32/51)   [Kremote: Compressing objects:  64% (33/51)   [Kremote: Compressing objects:  66% (34/51)   [Kremote: Compressing objects:  68% (35/51)   [Kremote: Compressing objects:  70% (36/51)   [Kremote: Compressing objects:  72% (37/51)   [Kremote: Compressing objects:  74% (38/51)   [Kremote: Compressing objects:  76% (39/51)   [Kremote: Compressing objects:  78% (40/51)   [Kremote: Compressing objects:  80% (41/51)   [Kremote: Compressing objects:  82% (42/51)   [Kremote: Compressing objects:  84% (43/51)   [Kremote: Compressing objects:  86% (44/51)   [Kremote: Compressing objects:  88% (45/51)   [Kremote: Compressing objects:  90% (46/51)   [Kremote: Compressing objects:  92% (47/51)   [Kremote: Compressing objects:  94% (48/51)   [Kremote: Compressing objects:  96% (49/51)   [Kremote: Compressing objects:  98% (50/51)   [Kremote: Compressing objects: 100% (51/51)   [Kremote: Compressing objects: 100% (51/51), done.[K
Receiving objects:   0% (1/121)   Receiving objects:   1% (2/121)   Receiving objects:   2% (3/121)   Receiving objects:   3% (4/121)   Receiving objects:   4% (5/121)   Receiving objects:   5% (7/121)   Receiving objects:   6% (8/121)   Receiving objects:   7% (9/121)   Receiving objects:   8% (10/121)   Receiving objects:   9% (11/121)   Receiving objects:  10% (13/121)   Receiving objects:  11% (14/121)   Receiving objects:  12% (15/121)   Receiving objects:  13% (16/121)   Receiving objects:  14% (17/121)   Receiving objects:  15% (19/121)   Receiving objects:  16% (20/121)   Receiving objects:  17% (21/121)   Receiving objects:  18% (22/121)   Receiving objects:  19% (23/121)   Receiving objects:  20% (25/121)   Receiving objects:  21% (26/121)   Receiving objects:  22% (27/121)   Receiving objects:  23% (28/121)   Receiving objects:  24% (30/121)   Receiving objects:  25% (31/121)   Receiving objects:  26% (32/121)   Receiving objects:  27% (33/121)   Receiving objects:  28% (34/121)   Receiving objects:  29% (36/121)   Receiving objects:  30% (37/121)   Receiving objects:  31% (38/121)   Receiving objects:  32% (39/121)   Receiving objects:  33% (40/121)   Receiving objects:  34% (42/121)   Receiving objects:  35% (43/121)   Receiving objects:  36% (44/121)   Receiving objects:  37% (45/121)   Receiving objects:  38% (46/121)   Receiving objects:  39% (48/121)   Receiving objects:  40% (49/121)   Receiving objects:  41% (50/121)   Receiving objects:  42% (51/121)   Receiving objects:  43% (53/121)   Receiving objects:  44% (54/121)   Receiving objects:  45% (55/121)   Receiving objects:  46% (56/121)   Receiving objects:  47% (57/121)   Receiving objects:  48% (59/121)   remote: Total 121 (delta 54), reused 100 (delta 37), pack-reused 0[K
Receiving objects:  49% (60/121)   Receiving objects:  50% (61/121)   Receiving objects:  51% (62/121)   Receiving objects:  52% (63/121)   Receiving objects:  53% (65/121)   Receiving objects:  54% (66/121)   Receiving objects:  55% (67/121)   Receiving objects:  56% (68/121)   Receiving objects:  57% (69/121)   Receiving objects:  58% (71/121)   Receiving objects:  59% (72/121)   Receiving objects:  60% (73/121)   Receiving objects:  61% (74/121)   Receiving objects:  62% (76/121)   Receiving objects:  63% (77/121)   Receiving objects:  64% (78/121)   Receiving objects:  65% (79/121)   Receiving objects:  66% (80/121)   Receiving objects:  67% (82/121)   Receiving objects:  68% (83/121)   Receiving objects:  69% (84/121)   Receiving objects:  70% (85/121)   Receiving objects:  71% (86/121)   Receiving objects:  72% (88/121)   Receiving objects:  73% (89/121)   Receiving objects:  74% (90/121)   Receiving objects:  75% (91/121)   Receiving objects:  76% (92/121)   Receiving objects:  77% (94/121)   Receiving objects:  78% (95/121)   Receiving objects:  79% (96/121)   Receiving objects:  80% (97/121)   Receiving objects:  81% (99/121)   Receiving objects:  82% (100/121)   Receiving objects:  83% (101/121)   Receiving objects:  84% (102/121)   Receiving objects:  85% (103/121)   Receiving objects:  86% (105/121)   Receiving objects:  87% (106/121)   Receiving objects:  88% (107/121)   Receiving objects:  89% (108/121)   Receiving objects:  90% (109/121)   Receiving objects:  91% (111/121)   Receiving objects:  92% (112/121)   Receiving objects:  93% (113/121)   Receiving objects:  94% (114/121)   Receiving objects:  95% (115/121)   Receiving objects:  96% (117/121)   Receiving objects:  97% (118/121)   Receiving objects:  98% (119/121)   Receiving objects:  99% (120/121)   Receiving objects: 100% (121/121)   Receiving objects: 100% (121/121), 12.29 KiB | 0 bytes/s, done.
Resolving deltas:   0% (0/54)   Resolving deltas:   1% (1/54)   Resolving deltas:   5% (3/54)   Resolving deltas:  11% (6/54)   Resolving deltas:  12% (7/54)   Resolving deltas:  14% (8/54)   Resolving deltas:  16% (9/54)   Resolving deltas:  24% (13/54)   Resolving deltas:  27% (15/54)   Resolving deltas:  29% (16/54)   Resolving deltas:  33% (18/54)   Resolving deltas:  35% (19/54)   Resolving deltas:  37% (20/54)   Resolving deltas:  38% (21/54)   Resolving deltas:  40% (22/54)   Resolving deltas:  42% (23/54)   Resolving deltas:  46% (25/54)   Resolving deltas:  50% (27/54)   Resolving deltas:  55% (30/54)   Resolving deltas:  74% (40/54)   Resolving deltas:  87% (47/54)   Resolving deltas:  94% (51/54)   Resolving deltas: 100% (54/54)   Resolving deltas: 100% (54/54), completed with 19 local objects.
From https://github.com/apache/storm
 * branch            refs/pull/1500/merge -> FETCH_HEAD

travis_time:end:3409390c:start=1467921507867858499,finish=1467921508351608037,duration=483749538[0K$ git checkout -qf FETCH_HEAD
travis_fold:end:git.checkout[0K
[33;1mThis job is running on container-based infrastructure, which does not allow use of 'sudo', setuid and setguid executables.[0m
[33;1mIf you require sudo, add 'sudo: required' to your .travis.yml[0m
[33;1mSee https://docs.travis-ci.com/user/workers/container-based-infrastructure/ for details.[0m

[33;1mSetting environment variables from .travis.yml[0m
$ export MODULES=storm-core

$ jdk_switcher use oraclejdk7
Switching to Oracle JDK7 (java-7-oracle), JAVA_HOME will be set to /usr/lib/jvm/java-7-oracle
travis_fold:start:cache.1[0KSetting up build cache
$ export CASHER_DIR=$HOME/.casher
travis_time:start:0949acf1[0K$ Installing caching utilities

travis_time:end:0949acf1:start=1467921510430193222,finish=1467921510494107400,duration=63914178[0Ktravis_time:start:1750c888[0K
travis_time:end:1750c888:start=1467921510498956998,finish=1467921510502277419,duration=3320421[0Ktravis_time:start:05744b3b[0K[32;1mattempting to download cache archive[0m
[32;1mfetching PR.1500/cache-linux-precise-4722ea394922d42b2b7eb84cff6efc764d76759821ac6f6efc13232aa923f595--jdk-oraclejdk7.tgz[0m
[32;1mfound cache[0m

travis_time:end:05744b3b:start=1467921510506107821,finish=1467921518246960064,duration=7740852243[0Ktravis_time:start:083e408d[0K
travis_time:end:083e408d:start=1467921518250891989,finish=1467921518254357355,duration=3465366[0Ktravis_time:start:337ed7d4[0K[32;1madding /home/travis/.m2/repository to cache[0m
[32;1madding /home/travis/.rvm to cache[0m
[32;1madding /home/travis/.nvm to cache[0m

travis_time:end:337ed7d4:start=1467921518258246019,finish=1467921532998578375,duration=14740332356[0Ktravis_fold:end:cache.1[0K$ java -Xmx32m -version
java version "1.7.0_76"
Java(TM) SE Runtime Environment (build 1.7.0_76-b13)
Java HotSpot(TM) 64-Bit Server VM (build 24.76-b04, mixed mode)
$ javac -J-Xmx32m -version
javac 1.7.0_76
travis_fold:start:before_install.1[0Ktravis_time:start:122d559e[0K$ rvm use 2.1.5 --install
[32mUsing /home/travis/.rvm/gems/ruby-2.1.5[0m

travis_time:end:122d559e:start=1467921538030906804,finish=1467921538339587748,duration=308680944[0Ktravis_fold:end:before_install.1[0Ktravis_fold:start:before_install.2[0Ktravis_time:start:00244f6a[0K$ nvm install 0.12.2
v0.12.2 is already installed.
Now using node v0.12.2

travis_time:end:00244f6a:start=1467921538345262985,finish=1467921538590154888,duration=244891903[0Ktravis_fold:end:before_install.2[0Ktravis_fold:start:before_install.3[0Ktravis_time:start:066b5844[0K$ nvm use 0.12.2
Now using node v0.12.2

travis_time:end:066b5844:start=1467921538594504129,finish=1467921538659204492,duration=64700363[0Ktravis_fold:end:before_install.3[0Ktravis_fold:start:install[0Ktravis_time:start:0c6b7bce[0K$ /bin/bash ./dev-tools/travis/travis-install.sh `pwd`
Python version :   Python 2.7.3
Maven version  :   Apache Maven 3.2.5 (12a6b3acb947671f09b81f49094c53f426d8cea1; 2014-12-14T17:29:23+00:00) Maven home: /usr/local/maven Java version: 1.7.0_76, vendor: Oracle Corporation Java home: /usr/lib/jvm/java-7-oracle/jre Default locale: en_US, platform encoding: UTF-8 OS name: "linux", version: "3.13.0-40-generic", arch: "amd64", family: "unix"
['mvn', 'clean', 'install', '-DskipTests', '-Pnative', '--batch-mode'] writing to install.txt
2 seconds 1 log lines12 seconds 237 log lines34 seconds 323 log lines45 seconds 332 log lines55 seconds 508 log lines71 seconds 652 log lines82 seconds 865 log lines93 seconds 938 log lines123 seconds 965 log lines133 seconds 1302 log lines153 seconds 1473 log lines164 seconds 1776 log lines175 seconds 2183 log lines191 seconds 2377 log lines208 seconds 2679 log lines208 seconds 2680 log lines
['mvn', 'clean', 'install', '-DskipTests', '-Pnative', '--batch-mode'] done 0

travis_time:end:0c6b7bce:start=1467921538664479711,finish=1467921749975763483,duration=211311283772[0Ktravis_fold:end:install[0Ktravis_time:start:2392044c[0K$ /bin/bash ./dev-tools/travis/travis-script.sh `pwd` $MODULES
Python version :   Python 2.7.3
Ruby version   :   ruby 2.1.5p273 (2014-11-13 revision 48405) [x86_64-linux]
NodeJs version :   v0.12.2
Maven version  :   Apache Maven 3.2.5 (12a6b3acb947671f09b81f49094c53f426d8cea1; 2014-12-14T17:29:23+00:00) Maven home: /usr/local/maven Java version: 1.7.0_76, vendor: Oracle Corporation Java home: /usr/lib/jvm/java-7-oracle/jre Default locale: en_US, platform encoding: UTF-8 OS name: "linux", version: "3.13.0-40-generic", arch: "amd64", family: "unix"
[INFO] Scanning for projects...
[INFO]                                                                         
[INFO] ------------------------------------------------------------------------
[INFO] Building Storm Core 2.0.0-SNAPSHOT
[INFO] ------------------------------------------------------------------------
[INFO] 
[INFO] --- exec-maven-plugin:1.2.1:exec (default) @ storm-core ---
[INFO] 
[INFO] --- maven-remote-resources-plugin:1.2.1:process (default) @ storm-core ---
[INFO] 
[INFO] --- storm-maven-plugins:2.0.0-SNAPSHOT:version-info (version-info) @ storm-core ---
[WARNING] [svn, info] failed with error code 1
[INFO] SCM: GIT
[INFO] Computed MD5: aaf58550dbe9707352e33554f88cd9b5
[INFO] 
[INFO] --- maven-resources-plugin:2.5:resources (default-resources) @ storm-core ---
[debug] execute contextualize
[INFO] Using 'UTF-8' encoding to copy filtered resources.
[INFO] Copying 9 resources
[INFO] Copying 1 resource to META-INF
[INFO] Copying 0 resource
[INFO] Copying 1 resource
[INFO] Copying 3 resources
[INFO] 
[INFO] --- maven-compiler-plugin:3.1:compile (default-compile) @ storm-core ---
[INFO] Nothing to compile - all classes are up to date
[INFO] 
[INFO] --- clojure-maven-plugin:1.7.1:compile (compile-clojure) @ storm-core ---
Compiling org.apache.storm.testing4j to /home/travis/build/apache/storm/storm-core/target/classes
20:02:46.816 [main] WARN  o.a.s.m.StormMetricsRegistry - Metric ui:num-topology-op-response-http-requests has already been registered
20:02:46.818 [main] WARN  o.a.s.m.StormMetricsRegistry - Metric ui:num-topology-op-response-http-requests has already been registered
Compiling org.apache.storm.ui.helpers to /home/travis/build/apache/storm/storm-core/target/classes
Compiling org.apache.storm.scheduler.IsolationScheduler to /home/travis/build/apache/storm/storm-core/target/classes
Compiling org.apache.storm.log to /home/travis/build/apache/storm/storm-core/target/classes
Compiling org.apache.storm.daemon.worker to /home/travis/build/apache/storm/storm-core/target/classes
Compiling org.apache.storm.daemon.executor to /home/travis/build/apache/storm/storm-core/target/classes
Compiling org.apache.storm.converter to /home/travis/build/apache/storm/storm-core/target/classes
Compiling org.apache.storm.testing to /home/travis/build/apache/storm/storm-core/target/classes
Compiling org.apache.storm.util to /home/travis/build/apache/storm/storm-core/target/classes
Compiling org.apache.storm.command.heartbeats to /home/travis/build/apache/storm/storm-core/target/classes
Compiling org.apache.storm.command.shell-submission to /home/travis/build/apache/storm/storm-core/target/classes
Compiling org.apache.storm.blobstore to /home/travis/build/apache/storm/storm-core/target/classes
Compiling org.apache.storm.internal.clojure to /home/travis/build/apache/storm/storm-core/target/classes
Compiling org.apache.storm.daemon.common to /home/travis/build/apache/storm/storm-core/target/classes
Compiling org.apache.storm.daemon.local-supervisor to /home/travis/build/apache/storm/storm-core/target/classes
Compiling org.apache.storm.internal.thrift to /home/travis/build/apache/storm/storm-core/target/classes
Compiling org.apache.storm.daemon.logviewer to /home/travis/build/apache/storm/storm-core/target/classes
Compiling org.apache.storm.daemon.nimbus to /home/travis/build/apache/storm/storm-core/target/classes
Compiling org.apache.storm.LocalCluster to /home/travis/build/apache/storm/storm-core/target/classes
Compiling org.apache.storm.command.get-errors to /home/travis/build/apache/storm/storm-core/target/classes
Compiling org.apache.storm.trident.testing to /home/travis/build/apache/storm/storm-core/target/classes
Compiling org.apache.storm.ui.core to /home/travis/build/apache/storm/storm-core/target/classes
Compiling org.apache.storm.command.blobstore to /home/travis/build/apache/storm/storm-core/target/classes
Compiling org.apache.storm.local-state-converter to /home/travis/build/apache/storm/storm-core/target/classes
Compiling org.apache.storm.daemon.drpc to /home/travis/build/apache/storm/storm-core/target/classes
Compiling org.apache.storm.config to /home/travis/build/apache/storm/storm-core/target/classes
[INFO] 
[INFO] --- make-maven-plugin:1.0-beta-1:autoreconf (compile) @ storm-core ---
[INFO] 
[INFO] --- make-maven-plugin:1.0-beta-1:configure (compile) @ storm-core ---
[INFO] /bin/sh: 14: /home/travis/.jdk_switcher_rc: [[: not found
[INFO] /bin/sh: 22: /home/travis/.jdk_switcher_rc: [[: not found
[INFO] /bin/sh: 32: /home/travis/.jdk_switcher_rc: [[: not found
[INFO] /bin/sh: 42: /home/travis/.jdk_switcher_rc: [[: not found
[INFO] /bin/sh: 3: /etc/profile.d/rvm.sh: [[: not found
[INFO] checking for gcc... gcc
[INFO] checking whether the C compiler works... yes
[INFO] checking for C compiler default output file name... a.out
[INFO] checking for suffix of executables... 
[INFO] checking whether we are cross compiling... no
[INFO] checking for suffix of object files... o
[INFO] checking whether we are using the GNU C compiler... yes
[INFO] checking whether gcc accepts -g... yes
[INFO] checking for gcc option to accept ISO C89... none needed
[INFO] checking how to run the C preprocessor... gcc -E
[INFO] checking for grep that handles long lines and -e... /bin/grep
[INFO] checking for egrep... /bin/grep -E
[INFO] checking for ANSI C header files... yes
[INFO] checking for sys/types.h... yes
[INFO] checking for sys/stat.h... yes
[INFO] checking for stdlib.h... yes
[INFO] checking for string.h... yes
[INFO] checking for memory.h... yes
[INFO] checking for strings.h... yes
[INFO] checking for inttypes.h... yes
[INFO] checking for stdint.h... yes
[INFO] checking for unistd.h... yes
[INFO] checking minix/config.h usability... no
[INFO] checking minix/config.h presence... no
[INFO] checking for minix/config.h... no
[INFO] checking whether it is safe to define __EXTENSIONS__... yes
[INFO] checking for a BSD-compatible install... /usr/bin/install -c
[INFO] checking whether build environment is sane... yes
[INFO] checking for a thread-safe mkdir -p... /bin/mkdir -p
[INFO] checking for gawk... gawk
[INFO] checking whether make sets $(MAKE)... yes
[INFO] checking for style of include used by make... GNU
[INFO] checking dependency style of gcc... gcc3
[INFO] checking for gcc... (cached) gcc
[INFO] checking whether we are using the GNU C compiler... (cached) yes
[INFO] checking whether gcc accepts -g... (cached) yes
[INFO] checking for gcc option to accept ISO C89... (cached) none needed
[INFO] checking whether gcc and cc understand -c and -o together... yes
[INFO] checking for unistd.h... (cached) yes
[INFO] checking for stdbool.h that conforms to C99... yes
[INFO] checking for _Bool... yes
[INFO] checking for an ANSI C-conforming const... yes
[INFO] checking for off_t... yes
[INFO] checking for size_t... yes
[INFO] checking whether strerror_r is declared... yes
[INFO] checking for strerror_r... yes
[INFO] checking whether strerror_r returns char *... yes
[INFO] checking for mkdir... yes
[INFO] checking for uname... yes
[INFO] configure: creating ./config.status
[INFO] config.status: creating Makefile
[INFO] config.status: executing depfiles commands
[INFO] 
[INFO] --- make-maven-plugin:1.0-beta-1:make-install (compile) @ storm-core ---
[INFO] /bin/sh: 14: /home/travis/.jdk_switcher_rc: [[: not found
[INFO] /bin/sh: 22: /home/travis/.jdk_switcher_rc: [[: not found
[INFO] /bin/sh: 32: /home/travis/.jdk_switcher_rc: [[: not found
[INFO] /bin/sh: 42: /home/travis/.jdk_switcher_rc: [[: not found
[INFO] /bin/sh: 3: /etc/profile.d/rvm.sh: [[: not found
[INFO] make[1]: Entering directory `/home/travis/build/apache/storm/storm-core/target/native/worker-launcher'
[INFO] test -z "/usr/local/bin" || /bin/mkdir -p "/home/travis/build/apache/storm/storm-core/target/native/target/usr/local/bin"
[INFO]   /usr/bin/install -c worker-launcher '/home/travis/build/apache/storm/storm-core/target/native/target/usr/local/bin'
[INFO] make[1]: Nothing to be done for `install-data-am'.
[INFO] make[1]: Leaving directory `/home/travis/build/apache/storm/storm-core/target/native/worker-launcher'
[INFO] 
[INFO] --- maven-resources-plugin:2.5:testResources (default-testResources) @ storm-core ---
[debug] execute contextualize
[INFO] Using 'UTF-8' encoding to copy filtered resources.
[INFO] Copying 14 resources
[INFO] Copying 2 resources
[INFO] Copying 3 resources
[INFO] 
[INFO] --- maven-dependency-plugin:2.8:unpack (unpack) @ storm-core ---
[INFO] Configured Artifact: org.apache.storm:multilang-ruby:2.0.0-SNAPSHOT:jar
[INFO] Downloading: https://repository.apache.org/snapshots/org/apache/storm/multilang-ruby/2.0.0-SNAPSHOT/maven-metadata.xml
[INFO] Configured Artifact: org.apache.storm:multilang-python:2.0.0-SNAPSHOT:jar
[INFO] Downloading: https://repository.apache.org/snapshots/org/apache/storm/multilang-python/2.0.0-SNAPSHOT/maven-metadata.xml
[INFO] Configured Artifact: org.apache.storm:multilang-javascript:2.0.0-SNAPSHOT:jar
[INFO] Downloading: https://repository.apache.org/snapshots/org/apache/storm/multilang-javascript/2.0.0-SNAPSHOT/maven-metadata.xml
[INFO] multilang-ruby-2.0.0-SNAPSHOT.jar already unpacked.
[INFO] multilang-python-2.0.0-SNAPSHOT.jar already unpacked.
[INFO] multilang-javascript-2.0.0-SNAPSHOT.jar already unpacked.
[INFO] 
[INFO] --- maven-compiler-plugin:3.1:testCompile (default-testCompile) @ storm-core ---
[INFO] Changes detected - recompiling the module!
[INFO] Compiling 62 source files to /home/travis/build/apache/storm/storm-core/target/test-classes
[WARNING] /home/travis/build/apache/storm/storm-core/test/jvm/org/apache/storm/localizer/LocalizerTest.java: Some input files use or override a deprecated API.
[WARNING] /home/travis/build/apache/storm/storm-core/test/jvm/org/apache/storm/localizer/LocalizerTest.java: Recompile with -Xlint:deprecation for details.
[WARNING] /home/travis/build/apache/storm/storm-core/test/jvm/org/apache/storm/command/TestCLI.java: Some input files use unchecked or unsafe operations.
[WARNING] /home/travis/build/apache/storm/storm-core/test/jvm/org/apache/storm/command/TestCLI.java: Recompile with -Xlint:unchecked for details.
[INFO] 
[INFO] --- maven-surefire-plugin:2.18.1:test (default-test) @ storm-core ---
[INFO] Surefire report directory: /home/travis/build/apache/storm/storm-core/target/surefire-reports
[INFO] parallel='none', perCoreThreadCount=true, threadCount=0, useUnlimitedThreads=false, threadCountSuites=0, threadCountClasses=0, threadCountMethods=0, parallelOptimized=true

-------------------------------------------------------
 T E S T S
-------------------------------------------------------
Running org.apache.storm.security.serialization.BlowfishTupleSerializerTest
Tests run: 3, Failures: 0, Errors: 0, Skipped: 0, Time elapsed: 0.303 sec - in org.apache.storm.security.serialization.BlowfishTupleSerializerTest
Running org.apache.storm.security.auth.ReqContextTest
Tests run: 4, Failures: 0, Errors: 0, Skipped: 0, Time elapsed: 0 sec - in org.apache.storm.security.auth.ReqContextTest
Running org.apache.storm.security.auth.SaslTransportPluginTest
Tests run: 2, Failures: 0, Errors: 0, Skipped: 0, Time elapsed: 0.001 sec - in org.apache.storm.security.auth.SaslTransportPluginTest
Running org.apache.storm.security.auth.ThriftClientTest
Tests run: 4, Failures: 0, Errors: 0, Skipped: 0, Time elapsed: 0.318 sec - in org.apache.storm.security.auth.ThriftClientTest
Running org.apache.storm.security.auth.AuthUtilsTest
Tests run: 15, Failures: 0, Errors: 0, Skipped: 0, Time elapsed: 0.251 sec - in org.apache.storm.security.auth.AuthUtilsTest
Running org.apache.storm.security.auth.ThriftServerTest
Tests run: 2, Failures: 0, Errors: 0, Skipped: 0, Time elapsed: 0.055 sec - in org.apache.storm.security.auth.ThriftServerTest
Running org.apache.storm.cluster.StormClusterStateImplTest
Tests run: 5, Failures: 0, Errors: 0, Skipped: 0, Time elapsed: 0.037 sec - in org.apache.storm.cluster.StormClusterStateImplTest
Running org.apache.storm.serialization.GzipBridgeThriftSerializationDelegateTest
Tests run: 3, Failures: 0, Errors: 0, Skipped: 0, Time elapsed: 0.012 sec - in org.apache.storm.serialization.GzipBridgeThriftSerializationDelegateTest
Running org.apache.storm.serialization.GzipBridgeSerializationDelegateTest
Tests run: 3, Failures: 0, Errors: 0, Skipped: 0, Time elapsed: 0.021 sec - in org.apache.storm.serialization.GzipBridgeSerializationDelegateTest
Running org.apache.storm.serialization.SerializationTest
Tests run: 3, Failures: 0, Errors: 0, Skipped: 0, Time elapsed: 1.758 sec - in org.apache.storm.serialization.SerializationTest
Running org.apache.storm.serialization.ThriftBridgeSerializationDelegateTest
Tests run: 1, Failures: 0, Errors: 0, Skipped: 0, Time elapsed: 0.002 sec - in org.apache.storm.serialization.ThriftBridgeSerializationDelegateTest
Running org.apache.storm.grouping.PartialKeyGroupingTest
Tests run: 2, Failures: 0, Errors: 0, Skipped: 0, Time elapsed: 0.017 sec - in org.apache.storm.grouping.PartialKeyGroupingTest
Running org.apache.storm.command.TestCLI
Tests run: 1, Failures: 0, Errors: 0, Skipped: 0, Time elapsed: 0.018 sec - in org.apache.storm.command.TestCLI
Running org.apache.storm.command.RebalanceTest
Tests run: 2, Failures: 0, Errors: 0, Skipped: 0, Time elapsed: 0.002 sec - in org.apache.storm.command.RebalanceTest
Running org.apache.storm.command.SetLogLevelTest
Tests run: 3, Failures: 0, Errors: 0, Skipped: 0, Time elapsed: 0.005 sec - in org.apache.storm.command.SetLogLevelTest
Running org.apache.storm.utils.UtilsTest
Tests run: 8, Failures: 0, Errors: 0, Skipped: 0, Time elapsed: 0.101 sec - in org.apache.storm.utils.UtilsTest
Running org.apache.storm.utils.DisruptorQueueTest
Tests run: 3, Failures: 0, Errors: 0, Skipped: 0, Time elapsed: 3.531 sec - in org.apache.storm.utils.DisruptorQueueTest
Running org.apache.storm.utils.DisruptorQueueBackpressureTest
Tests run: 1, Failures: 0, Errors: 0, Skipped: 0, Time elapsed: 0.001 sec - in org.apache.storm.utils.DisruptorQueueBackpressureTest
Running org.apache.storm.utils.StormBoundedExponentialBackoffRetryTest
Tests run: 5, Failures: 0, Errors: 0, Skipped: 0, Time elapsed: 0.141 sec - in org.apache.storm.utils.StormBoundedExponentialBackoffRetryTest
Running org.apache.storm.utils.TimeTest
Tests run: 8, Failures: 0, Errors: 0, Skipped: 0, Time elapsed: 0.001 sec - in org.apache.storm.utils.TimeTest
Running org.apache.storm.utils.ThriftTopologyUtilsTest
Tests run: 5, Failures: 0, Errors: 0, Skipped: 0, Time elapsed: 0.017 sec - in org.apache.storm.utils.ThriftTopologyUtilsTest
Running org.apache.storm.utils.WorkerBackpressureThreadTest
Tests run: 1, Failures: 0, Errors: 0, Skipped: 0, Time elapsed: 0.202 sec - in org.apache.storm.utils.WorkerBackpressureThreadTest
Running org.apache.storm.utils.ShellBoltMessageQueueTest
Tests run: 3, Failures: 0, Errors: 0, Skipped: 0, Time elapsed: 2.396 sec - in org.apache.storm.utils.ShellBoltMessageQueueTest
Running org.apache.storm.metric.internal.CountStatAndMetricTest
Tests run: 1, Failures: 0, Errors: 0, Skipped: 0, Time elapsed: 0.015 sec - in org.apache.storm.metric.internal.CountStatAndMetricTest
Running org.apache.storm.metric.internal.RateTrackerTest
Tests run: 4, Failures: 0, Errors: 0, Skipped: 0, Time elapsed: 0.002 sec - in org.apache.storm.metric.internal.RateTrackerTest
Running org.apache.storm.metric.internal.LatencyStatAndMetricTest
Tests run: 1, Failures: 0, Errors: 0, Skipped: 0, Time elapsed: 0.027 sec - in org.apache.storm.metric.internal.LatencyStatAndMetricTest
Running org.apache.storm.metric.filter.FilterByMetricNameTest
Tests run: 4, Failures: 0, Errors: 0, Skipped: 0, Time elapsed: 0.012 sec - in org.apache.storm.metric.filter.FilterByMetricNameTest
Running org.apache.storm.scheduler.resource.strategies.scheduling.TestDefaultResourceAwareStrategy
Tests run: 2, Failures: 0, Errors: 0, Skipped: 0, Time elapsed: 5.652 sec - in org.apache.storm.scheduler.resource.strategies.scheduling.TestDefaultResourceAwareStrategy
Running org.apache.storm.scheduler.resource.TestResourceAwareScheduler
Tests run: 14, Failures: 0, Errors: 0, Skipped: 0, Time elapsed: 44.732 sec - in org.apache.storm.scheduler.resource.TestResourceAwareScheduler
Running org.apache.storm.scheduler.resource.TestUser
Tests run: 3, Failures: 0, Errors: 0, Skipped: 0, Time elapsed: 22.065 sec - in org.apache.storm.scheduler.resource.TestUser
Running org.apache.storm.localizer.LocalizerTest
Tests run: 13, Failures: 0, Errors: 0, Skipped: 0, Time elapsed: 9.879 sec - in org.apache.storm.localizer.LocalizerTest
Running org.apache.storm.localizer.LocalizedResourceRetentionSetTest
Tests run: 2, Failures: 0, Errors: 0, Skipped: 0, Time elapsed: 0.344 sec - in org.apache.storm.localizer.LocalizedResourceRetentionSetTest
Running org.apache.storm.localizer.LocalizedResourceSetTest
Tests run: 4, Failures: 0, Errors: 0, Skipped: 0, Time elapsed: 0.176 sec - in org.apache.storm.localizer.LocalizedResourceSetTest
Running org.apache.storm.spout.CheckpointSpoutTest
Tests run: 7, Failures: 0, Errors: 0, Skipped: 0, Time elapsed: 1.728 sec - in org.apache.storm.spout.CheckpointSpoutTest
Running org.apache.storm.blobstore.ClientBlobStoreTest
Tests run: 4, Failures: 0, Errors: 0, Skipped: 0, Time elapsed: 0.009 sec - in org.apache.storm.blobstore.ClientBlobStoreTest
Running org.apache.storm.blobstore.BlobStoreTest
Tests run: 4, Failures: 0, Errors: 0, Skipped: 0, Time elapsed: 6.621 sec - in org.apache.storm.blobstore.BlobStoreTest
Running org.apache.storm.blobstore.BlobSynchronizerTest
Tests run: 4, Failures: 0, Errors: 0, Skipped: 0, Time elapsed: 8.25 sec - in org.apache.storm.blobstore.BlobSynchronizerTest
Running org.apache.storm.topology.StatefulWindowedBoltExecutorTest
Tests run: 4, Failures: 0, Errors: 0, Skipped: 0, Time elapsed: 0.742 sec - in org.apache.storm.topology.StatefulWindowedBoltExecutorTest
Running org.apache.storm.topology.TopologyBuilderTest
Tests run: 5, Failures: 0, Errors: 0, Skipped: 0, Time elapsed: 1.459 sec - in org.apache.storm.topology.TopologyBuilderTest
Running org.apache.storm.topology.StatefulBoltExecutorTest
Tests run: 7, Failures: 0, Errors: 0, Skipped: 0, Time elapsed: 1.977 sec - in org.apache.storm.topology.StatefulBoltExecutorTest
Running org.apache.storm.topology.WindowedBoltExecutorTest
Tests run: 5, Failures: 0, Errors: 0, Skipped: 0, Time elapsed: 0.849 sec - in org.apache.storm.topology.WindowedBoltExecutorTest
Running org.apache.storm.state.InMemoryKeyValueStateTest
Tests run: 2, Failures: 0, Errors: 0, Skipped: 0, Time elapsed: 0.001 sec - in org.apache.storm.state.InMemoryKeyValueStateTest
Running org.apache.storm.windowing.WaterMarkEventGeneratorTest
Tests run: 5, Failures: 0, Errors: 0, Skipped: 0, Time elapsed: 0.009 sec - in org.apache.storm.windowing.WaterMarkEventGeneratorTest
Running org.apache.storm.windowing.WindowManagerTest
Tests run: 10, Failures: 0, Errors: 0, Skipped: 0, Time elapsed: 0.038 sec - in org.apache.storm.windowing.WindowManagerTest
Running org.apache.storm.trident.TestTridentTopology
Tests run: 1, Failures: 0, Errors: 0, Skipped: 0, Time elapsed: 124.765 sec - in org.apache.storm.trident.TestTridentTopology
Running org.apache.storm.trident.TridentWindowingTest
Tests run: 3, Failures: 0, Errors: 0, Skipped: 0, Time elapsed: 0.006 sec - in org.apache.storm.trident.TridentWindowingTest
Running org.apache.storm.nimbus.LocalNimbusTest
Tests run: 1, Failures: 0, Errors: 0, Skipped: 0, Time elapsed: 85.879 sec - in org.apache.storm.nimbus.LocalNimbusTest
Running org.apache.storm.tuple.FieldsTest
Tests run: 12, Failures: 0, Errors: 0, Skipped: 0, Time elapsed: 0.733 sec - in org.apache.storm.tuple.FieldsTest
Running org.apache.storm.TestConfigValidate
Tests run: 25, Failures: 0, Errors: 0, Skipped: 0, Time elapsed: 7.795 sec - in org.apache.storm.TestConfigValidate
Running org.apache.storm.PacemakerTest
Tests run: 9, Failures: 0, Errors: 0, Skipped: 0, Time elapsed: 2.565 sec - in org.apache.storm.PacemakerTest
Running org.apache.storm.TestCgroups
Tests run: 1, Failures: 0, Errors: 0, Skipped: 1, Time elapsed: 0.012 sec - in org.apache.storm.TestCgroups
Running org.apache.storm.PaceMakerStateStorageFactoryTest
Tests run: 10, Failures: 0, Errors: 0, Skipped: 0, Time elapsed: 0.198 sec - in org.apache.storm.PaceMakerStateStorageFactoryTest

Results :

Tests run: 254, Failures: 0, Errors: 0, Skipped: 1

[INFO] 
[INFO] --- clojure-maven-plugin:1.7.1:test (test-clojure) @ storm-core ---
4876 [main] WARN  o.a.s.m.StormMetricsRegistry - Metric ui:num-topology-op-response-http-requests has already been registered
4877 [main] WARN  o.a.s.m.StormMetricsRegistry - Metric ui:num-topology-op-response-http-requests has already been registered
8335 [main] WARN  o.a.s.m.StormMetricsRegistry - Metric drpc:num-execute-http-requests has already been registered
Running integration.org.apache.storm.testing4j-test
Tests run: 8, Passed: 36, Failures: 0, Errors: 0
Running org.apache.storm.tick-tuple-test
Tests run: 1, Passed: 1, Failures: 0, Errors: 0
Running org.apache.storm.scheduler.multitenant-scheduler-test
Tests run: 17, Passed: 235, Failures: 0, Errors: 0
Running org.apache.storm.trident.tuple-test
Tests run: 6, Passed: 36, Failures: 0, Errors: 0
Running org.apache.storm.drpc-test
29738 [Thread-322] INFO  o.a.s.u.Utils - Async loop interrupted!
34669 [Thread-458] INFO  o.a.s.u.Utils - Async loop interrupted!
45082 [Thread-548] INFO  o.a.s.u.Utils - Async loop interrupted!
Tests run: 9, Passed: 17, Failures: 0, Errors: 0
Running org.apache.storm.metrics-test
Tests run: 8, Passed: 66, Failures: 0, Errors: 0
Running org.apache.storm.trident.state-test
77363 [Thread-547] INFO  o.a.s.u.Utils - Async loop interrupted!
Tests run: 5, Passed: 37, Failures: 0, Errors: 0
Running org.apache.storm.messaging.netty-unit-test
Tests run: 5, Passed: 24, Failures: 0, Errors: 0
Running org.apache.storm.messaging.netty-integration-test
Tests run: 1, Passed: 1, Failures: 0, Errors: 0
Running org.apache.storm.clojure-test
Tests run: 3, Passed: 5, Failures: 0, Errors: 0
Running org.apache.storm.tuple-test
Tests run: 4, Passed: 13, Failures: 0, Errors: 0
Running org.apache.storm.logviewer-test
Tests run: 12, Passed: 118, Failures: 0, Errors: 0
Running org.apache.storm.serialization.SerializationFactory-test
Tests run: 3, Passed: 3, Failures: 0, Errors: 0
Running integration.org.apache.storm.integration-test
Tests run: 18, Passed: 51, Failures: 0, Errors: 0
Running org.apache.storm.security.auth.auth-test
Tests run: 13, Passed: 94, Failures: 0, Errors: 0
Running org.apache.storm.security.auth.drpc-auth-test
Tests run: 4, Passed: 22, Failures: 0, Errors: 0
Running org.apache.storm.transactional-test
Tests run: 7, Passed: 110, Failures: 0, Errors: 0
Running integration.org.apache.storm.trident.integration-test
Tests run: 9, Passed: 141, Failures: 0, Errors: 0
Running org.apache.storm.versioned-store-test
Tests run: 2, Passed: 5, Failures: 0, Errors: 0
Running org.apache.storm.supervisor-test
Tests run: 20, Passed: 52, Failures: 0, Errors: 0
Running org.apache.storm.messaging-test
Tests run: 1, Passed: 2, Failures: 0, Errors: 0
Running org.apache.storm.subtopology-test
Tests run: 0, Passed: 0, Failures: 0, Errors: 0
Running org.apache.storm.utils.ZookeeperServerCnxnFactory-test
Tests run: 2, Passed: 3, Failures: 0, Errors: 0
Running org.apache.storm.security.auth.DefaultHttpCredentialsPlugin-test
Tests run: 2, Passed: 8, Failures: 0, Errors: 0
Running org.apache.storm.security.auth.authorizer.DRPCSimpleACLAuthorizer-test
Tests run: 7, Passed: 37, Failures: 0, Errors: 0
Running org.apache.storm.cluster-test
Tests run: 10, Passed: 92, Failures: 0, Errors: 0
Running org.apache.storm.submitter-test
Tests run: 1, Passed: 13, Failures: 0, Errors: 0
Running org.apache.storm.nimbus-test
171150 [Thread-2002] INFO  o.a.s.u.Utils - Async loop interrupted!
171151 [Thread-1992] INFO  o.a.s.u.Utils - Async loop interrupted!
Tests run: 43, Passed: 789, Failures: 0, Errors: 0
Running org.apache.storm.security.auth.auto-login-module-test
Tests run: 6, Passed: 22, Failures: 0, Errors: 0
Running org.apache.storm.grouping-test
Tests run: 5, Passed: 15, Failures: 0, Errors: 0
Running org.apache.storm.serialization-test
Tests run: 1, Passed: 0, Failures: 0, Errors: 0
Running org.apache.storm.worker-test
Tests run: 8, Passed: 35, Failures: 0, Errors: 0
Running org.apache.storm.security.auth.nimbus-auth-test
Tests run: 5, Passed: 39, Failures: 0, Errors: 0
Running org.apache.storm.local-state-test
Tests run: 2, Passed: 10, Failures: 0, Errors: 0
Running org.apache.storm.scheduler-test
Tests run: 4, Passed: 64, Failures: 0, Errors: 0
[INFO] 
[INFO] --- apache-rat-plugin:0.11:check (default) @ storm-core ---
[INFO] 51 implicit excludes (use -debug for more details).
[INFO] Exclude: **/target/**
[INFO] Exclude: **/*.iml
[INFO] Exclude: **/.idea/**
[INFO] Exclude: **/metastore_db/**
[INFO] Exclude: **/build/**
[INFO] Exclude: **/logs/**
[INFO] Exclude: **/CHANGELOG.md
[INFO] Exclude: **/README.md
[INFO] Exclude: **/README.markdown
[INFO] Exclude: **/DEVELOPER.md
[INFO] Exclude: **/BYLAWS.md
[INFO] Exclude: **/STORM-UI-REST-API.md
[INFO] Exclude: SECURITY.md
[INFO] Exclude: VERSION
[INFO] Exclude: TODO
[INFO] Exclude: **/src/py/**
[INFO] Exclude: **/src/ui/public/js/jquery.dataTables.1.10.4.min.js
[INFO] Exclude: **/src/ui/public/css/jquery.dataTables.1.10.4.min.css
[INFO] Exclude: **/src/ui/public/images/*
[INFO] Exclude: **/src/ui/public/js/bootstrap-3.3.1.min.js
[INFO] Exclude: **/src/ui/public/css/bootstrap-3.3.1.min.css
[INFO] Exclude: **/src/ui/public/js/dataTables.bootstrap.min.js
[INFO] Exclude: **/src/ui/public/css/dataTables.bootstrap.css
[INFO] Exclude: **/src/ui/public/js/jsonFormatter.min.js
[INFO] Exclude: **/src/ui/public/css/jsonFormatter.min.css
[INFO] Exclude: **/src/ui/public/js/jquery-1.11.1.min.js
[INFO] Exclude: **/src/ui/public/js/jquery.cookies.2.2.0.min.js
[INFO] Exclude: **/src/ui/public/js/moment.min.js
[INFO] Exclude: **/src/ui/public/js/jquery.blockUI.min.js
[INFO] Exclude: **/src/ui/public/js/url.min.js
[INFO] Exclude: **/src/ui/public/js/arbor.js
[INFO] Exclude: **/src/ui/public/js/arbor-graphics.js
[INFO] Exclude: **/src/ui/public/js/arbor-tween.js
[INFO] Exclude: **/src/ui/public/js/jquery.mustache.js
[INFO] Exclude: **/src/ui/public/js/typeahead.jquery.min.js
[INFO] Exclude: **/dependency-reduced-pom.xml
[INFO] Exclude: **/docs/**
[INFO] Exclude: **/.git/**
[INFO] Exclude: **/derby.log
[INFO] Exclude: **/src/dev/**
[INFO] Exclude: **/src/codegen/config.fmpp
[INFO] Exclude: **/src/codegen/data/Parser.tdd
[INFO] Exclude: **/src/test/resources/FixedAvroSerializer.config
[INFO] 1079 resources included (use -debug for more details)
Warning:  org.apache.xerces.jaxp.SAXParserImpl$JAXPSAXParser: Property 'http://www.oracle.com/xml/jaxp/properties/entityExpansionLimit' is not recognized.
Compiler warnings:
  WARNING:  'org.apache.xerces.jaxp.SAXParserImpl: Property 'http://javax.xml.XMLConstants/property/accessExternalDTD' is not recognized.'
Warning:  org.apache.xerces.parsers.SAXParser: Feature 'http://javax.xml.XMLConstants/feature/secure-processing' is not recognized.
Warning:  org.apache.xerces.parsers.SAXParser: Property 'http://javax.xml.XMLConstants/property/accessExternalDTD' is not recognized.
Warning:  org.apache.xerces.parsers.SAXParser: Property 'http://www.oracle.com/xml/jaxp/properties/entityExpansionLimit' is not recognized.
[INFO] Rat check: Summary of files. Unapproved: 0 unknown: 0 generated: 0 approved: 1073 licence.
[INFO] 
[INFO] --- make-maven-plugin:1.0-beta-1:test (test) @ storm-core ---
[INFO] /bin/sh: 14: /home/travis/.jdk_switcher_rc: [[: not found
[INFO] /bin/sh: 22: /home/travis/.jdk_switcher_rc: [[: not found
[INFO] /bin/sh: 32: /home/travis/.jdk_switcher_rc: [[: not found
[INFO] /bin/sh: 42: /home/travis/.jdk_switcher_rc: [[: not found
[INFO] /bin/sh: 3: /etc/profile.d/rvm.sh: [[: not found
[INFO] make  test-worker-launcher
[INFO] make[1]: Entering directory `/home/travis/build/apache/storm/storm-core/target/native/worker-launcher'
[INFO] make[1]: `test-worker-launcher' is up to date.
[INFO] make[1]: Leaving directory `/home/travis/build/apache/storm/storm-core/target/native/worker-launcher'
[INFO] make  check-TESTS
[INFO] make[1]: Entering directory `/home/travis/build/apache/storm/storm-core/target/native/worker-launcher'
[INFO] chmod: cannot access `/tmp/test-worker-launcher': No such file or directory
[INFO] File /tmp/test-worker-launcher must be owned by root, but is owned by 1000
[INFO] 
[INFO] Starting tests
[INFO] 
[INFO] Testing get_container_launcher_file()
[INFO] 
[INFO] Testing check_configuration_permissions()
[INFO] 
[INFO] Testing check_configuration_permissions
[INFO] 
[INFO] Testing check_user()
[INFO] 
[INFO] Testing test_check_user
[INFO] Requested user lp has id 7, which is below the minimum allowed 1000
[INFO] Running as root is not allowed
[INFO] 
[INFO] Running test test_signal_container in child process
[INFO] 
[INFO] Testing signal_container
[INFO] Child container launched as 21246
[INFO] Killing process 21246 with 3
[INFO] 
[INFO] Running test test_signal_container_group in child process
[INFO] 
[INFO] Testing group signal_container
[INFO] Child container launched as 21248
[INFO] Killing process group 21248 with 9
[INFO] 
[INFO] Finished tests
[INFO] PASS: test-worker-launcher
[INFO] =============
[INFO] 1 test passed
[INFO] =============
[INFO] make[1]: Leaving directory `/home/travis/build/apache/storm/storm-core/target/native/worker-launcher'
[INFO] ------------------------------------------------------------------------
[INFO] BUILD SUCCESS
[INFO] ------------------------------------------------------------------------
[INFO] Total time: 10:01 min
[INFO] Finished at: 2016-07-07T20:12:33+00:00
[INFO] Final Memory: 43M/463M
[INFO] ------------------------------------------------------------------------
Looking for errors in ./storm-core/target/surefire-reports
Checking ./storm-core/target/surefire-reports/TEST-org.apache.storm.security.serialization.BlowfishTupleSerializerTest.xml
Checking ./storm-core/target/surefire-reports/TEST-org.apache.storm.security.auth.ReqContextTest.xml
Checking ./storm-core/target/surefire-reports/TEST-org.apache.storm.security.auth.SaslTransportPluginTest.xml
Checking ./storm-core/target/surefire-reports/TEST-org.apache.storm.security.auth.ThriftClientTest.xml
Checking ./storm-core/target/surefire-reports/TEST-org.apache.storm.security.auth.AuthUtilsTest.xml
Checking ./storm-core/target/surefire-reports/TEST-org.apache.storm.security.auth.ThriftServerTest.xml
Checking ./storm-core/target/surefire-reports/TEST-org.apache.storm.cluster.StormClusterStateImplTest.xml
Checking ./storm-core/target/surefire-reports/TEST-org.apache.storm.serialization.GzipBridgeThriftSerializationDelegateTest.xml
Checking ./storm-core/target/surefire-reports/TEST-org.apache.storm.serialization.GzipBridgeSerializationDelegateTest.xml
Checking ./storm-core/target/surefire-reports/TEST-org.apache.storm.serialization.SerializationTest.xml
Checking ./storm-core/target/surefire-reports/TEST-org.apache.storm.serialization.ThriftBridgeSerializationDelegateTest.xml
Checking ./storm-core/target/surefire-reports/TEST-org.apache.storm.grouping.PartialKeyGroupingTest.xml
Checking ./storm-core/target/surefire-reports/TEST-org.apache.storm.command.TestCLI.xml
Checking ./storm-core/target/surefire-reports/TEST-org.apache.storm.command.RebalanceTest.xml
Checking ./storm-core/target/surefire-reports/TEST-org.apache.storm.command.SetLogLevelTest.xml
Checking ./storm-core/target/surefire-reports/TEST-org.apache.storm.utils.UtilsTest.xml
Checking ./storm-core/target/surefire-reports/TEST-org.apache.storm.utils.DisruptorQueueTest.xml
Checking ./storm-core/target/surefire-reports/TEST-org.apache.storm.utils.DisruptorQueueBackpressureTest.xml
Checking ./storm-core/target/surefire-reports/TEST-org.apache.storm.utils.StormBoundedExponentialBackoffRetryTest.xml
Checking ./storm-core/target/surefire-reports/TEST-org.apache.storm.utils.TimeTest.xml
Checking ./storm-core/target/surefire-reports/TEST-org.apache.storm.utils.ThriftTopologyUtilsTest.xml
Checking ./storm-core/target/surefire-reports/TEST-org.apache.storm.utils.WorkerBackpressureThreadTest.xml
Checking ./storm-core/target/surefire-reports/TEST-org.apache.storm.utils.ShellBoltMessageQueueTest.xml
Checking ./storm-core/target/surefire-reports/TEST-org.apache.storm.metric.internal.CountStatAndMetricTest.xml
Checking ./storm-core/target/surefire-reports/TEST-org.apache.storm.metric.internal.RateTrackerTest.xml
Checking ./storm-core/target/surefire-reports/TEST-org.apache.storm.metric.internal.LatencyStatAndMetricTest.xml
Checking ./storm-core/target/surefire-reports/TEST-org.apache.storm.metric.filter.FilterByMetricNameTest.xml
Checking ./storm-core/target/surefire-reports/TEST-org.apache.storm.scheduler.resource.strategies.scheduling.TestDefaultResourceAwareStrategy.xml
Checking ./storm-core/target/surefire-reports/TEST-org.apache.storm.scheduler.resource.TestResourceAwareScheduler.xml
Checking ./storm-core/target/surefire-reports/TEST-org.apache.storm.scheduler.resource.TestUser.xml
Checking ./storm-core/target/surefire-reports/TEST-org.apache.storm.localizer.LocalizerTest.xml
Checking ./storm-core/target/surefire-reports/TEST-org.apache.storm.localizer.LocalizedResourceRetentionSetTest.xml
Checking ./storm-core/target/surefire-reports/TEST-org.apache.storm.localizer.LocalizedResourceSetTest.xml
Checking ./storm-core/target/surefire-reports/TEST-org.apache.storm.spout.CheckpointSpoutTest.xml
Checking ./storm-core/target/surefire-reports/TEST-org.apache.storm.blobstore.ClientBlobStoreTest.xml
Checking ./storm-core/target/surefire-reports/TEST-org.apache.storm.blobstore.BlobStoreTest.xml
Checking ./storm-core/target/surefire-reports/TEST-org.apache.storm.blobstore.BlobSynchronizerTest.xml
Checking ./storm-core/target/surefire-reports/TEST-org.apache.storm.topology.StatefulWindowedBoltExecutorTest.xml
Checking ./storm-core/target/surefire-reports/TEST-org.apache.storm.topology.TopologyBuilderTest.xml
Checking ./storm-core/target/surefire-reports/TEST-org.apache.storm.topology.StatefulBoltExecutorTest.xml
Checking ./storm-core/target/surefire-reports/TEST-org.apache.storm.topology.WindowedBoltExecutorTest.xml
Checking ./storm-core/target/surefire-reports/TEST-org.apache.storm.state.InMemoryKeyValueStateTest.xml
Checking ./storm-core/target/surefire-reports/TEST-org.apache.storm.windowing.WaterMarkEventGeneratorTest.xml
Checking ./storm-core/target/surefire-reports/TEST-org.apache.storm.windowing.WindowManagerTest.xml
Checking ./storm-core/target/surefire-reports/TEST-org.apache.storm.trident.TestTridentTopology.xml
Checking ./storm-core/target/surefire-reports/TEST-org.apache.storm.trident.TridentWindowingTest.xml
Checking ./storm-core/target/surefire-reports/TEST-org.apache.storm.nimbus.LocalNimbusTest.xml
Checking ./storm-core/target/surefire-reports/TEST-org.apache.storm.tuple.FieldsTest.xml
Checking ./storm-core/target/surefire-reports/TEST-org.apache.storm.TestConfigValidate.xml
Checking ./storm-core/target/surefire-reports/TEST-org.apache.storm.PacemakerTest.xml
Checking ./storm-core/target/surefire-reports/TEST-org.apache.storm.TestCgroups.xml
Checking ./storm-core/target/surefire-reports/TEST-org.apache.storm.PaceMakerStateStorageFactoryTest.xml
Looking for errors in ./storm-core/target/test-reports
Checking ./storm-core/target/test-reports/integration.org.apache.storm.testing4j-test.xml
Checking ./storm-core/target/test-reports/org.apache.storm.tick-tuple-test.xml
Checking ./storm-core/target/test-reports/org.apache.storm.scheduler.multitenant-scheduler-test.xml
Checking ./storm-core/target/test-reports/org.apache.storm.trident.tuple-test.xml
Checking ./storm-core/target/test-reports/org.apache.storm.drpc-test.xml
Checking ./storm-core/target/test-reports/org.apache.storm.metrics-test.xml
Checking ./storm-core/target/test-reports/org.apache.storm.trident.state-test.xml
Checking ./storm-core/target/test-reports/org.apache.storm.messaging.netty-unit-test.xml
Checking ./storm-core/target/test-reports/org.apache.storm.messaging.netty-integration-test.xml
Checking ./storm-core/target/test-reports/org.apache.storm.clojure-test.xml
Checking ./storm-core/target/test-reports/org.apache.storm.tuple-test.xml
Checking ./storm-core/target/test-reports/org.apache.storm.logviewer-test.xml
Checking ./storm-core/target/test-reports/org.apache.storm.serialization.SerializationFactory-test.xml
Checking ./storm-core/target/test-reports/integration.org.apache.storm.integration-test.xml
Checking ./storm-core/target/test-reports/org.apache.storm.security.auth.auth-test.xml
Checking ./storm-core/target/test-reports/org.apache.storm.security.auth.drpc-auth-test.xml
Checking ./storm-core/target/test-reports/org.apache.storm.transactional-test.xml
Checking ./storm-core/target/test-reports/integration.org.apache.storm.trident.integration-test.xml
Checking ./storm-core/target/test-reports/org.apache.storm.versioned-store-test.xml
Checking ./storm-core/target/test-reports/org.apache.storm.supervisor-test.xml
Checking ./storm-core/target/test-reports/org.apache.storm.messaging-test.xml
Checking ./storm-core/target/test-reports/org.apache.storm.subtopology-test.xml
Checking ./storm-core/target/test-reports/org.apache.storm.utils.ZookeeperServerCnxnFactory-test.xml
Checking ./storm-core/target/test-reports/org.apache.storm.security.auth.DefaultHttpCredentialsPlugin-test.xml
Checking ./storm-core/target/test-reports/org.apache.storm.security.auth.authorizer.DRPCSimpleACLAuthorizer-test.xml
Checking ./storm-core/target/test-reports/org.apache.storm.cluster-test.xml
Checking ./storm-core/target/test-reports/org.apache.storm.submitter-test.xml
Checking ./storm-core/target/test-reports/org.apache.storm.nimbus-test.xml
Checking ./storm-core/target/test-reports/org.apache.storm.security.auth.auto-login-module-test.xml
Checking ./storm-core/target/test-reports/org.apache.storm.grouping-test.xml
Checking ./storm-core/target/test-reports/org.apache.storm.serialization-test.xml
Checking ./storm-core/target/test-reports/org.apache.storm.worker-test.xml
Checking ./storm-core/target/test-reports/org.apache.storm.security.auth.nimbus-auth-test.xml
Checking ./storm-core/target/test-reports/org.apache.storm.local-state-test.xml
Checking ./storm-core/target/test-reports/org.apache.storm.scheduler-test.xml

travis_time:end:2392044c:start=1467921749981713710,finish=1467922354263587778,duration=604281874068[0K
[32;1mThe command "/bin/bash ./dev-tools/travis/travis-script.sh `pwd` $MODULES" exited with 0.[0m
travis_fold:start:cache.2[0Kstore build cache
travis_time:start:0ab27daa[0K
travis_time:end:0ab27daa:start=1467922354268196173,finish=1467922354271919636,duration=3723463[0Ktravis_time:start:0200d566[0K[32;1mchange detected (content changed, file is created, or file is deleted):
/home/travis/.m2/repository/eigenbase/eigenbase-properties/1.1.4/eigenbase-properties-1.1.4.pom.lastUpdated
/home/travis/.m2/repository/io/confluent/kafka-avro-serializer/1.0/kafka-avro-serializer-1.0.pom.lastUpdated
/home/travis/.m2/repository/io/confluent/kafka-schema-registry-client/1.0/kafka-schema-registry-client-1.0.pom.lastUpdated
/home/travis/.m2/repository/net/hydromatic/linq4j/0.4/linq4j-0.4.pom.lastUpdated
/home/travis/.m2/repository/net/hydromatic/quidem/0.1.1/quidem-0.1.1.pom.lastUpdated
/home/travis/.m2/repository/org/apache/storm/flux/2.0.0-SNAPSHOT/maven-metadata-local.xml
/home/travis/.m2/repository/org/apache/storm/flux/2.0.0-SNAPSHOT/_remote.repositories
/home/travis/.m2/repository/org/apache/storm/flux-core/2.0.0-SNAPSHOT/flux-core-2.0.0-SNAPSHOT.jar
/home/travis/.m2/repository/org/apache/storm/flux-core/2.0.0-SNAPSHOT/maven-metadata-local.xml
/home/travis/.m2/repository/org/apache/storm/flux-core/2.0.0-SNAPSHOT/_remote.repositories
/home/travis/.m2/repository/org/ap
[0m
[32;1m...
[0m
[32;1mchanges detected, packing new archive[0m
.
.
.
.
.
.
[32;1muploading archive[0m

travis_time:end:0200d566:start=1467922354276280582,finish=1467922399265294990,duration=44989014408[0Ktravis_fold:end:cache.2[0K
Done. Your build exited with 0.
