Using worker: worker-linux-docker-4dfcbfcb.prod.travis-ci.org:travis-linux-10

travis_fold:start:system_info[0K[33;1mBuild system information[0m
Build language: java
Build group: stable
Build dist: precise
[34m[1mBuild image provisioning date and time[0m
Thu Feb  5 15:09:33 UTC 2015
[34m[1mOperating System Details[0m
Distributor ID:	Ubuntu
Description:	Ubuntu 12.04.5 LTS
Release:	12.04
Codename:	precise
[34m[1mLinux Version[0m
3.13.0-29-generic
[34m[1mCookbooks Version[0m
a68419e https://github.com/travis-ci/travis-cookbooks/tree/a68419e
[34m[1mGCC version[0m
gcc (Ubuntu/Linaro 4.6.3-1ubuntu5) 4.6.3
Copyright (C) 2011 Free Software Foundation, Inc.
This is free software; see the source for copying conditions.  There is NO
warranty; not even for MERCHANTABILITY or FITNESS FOR A PARTICULAR PURPOSE.

[34m[1mLLVM version[0m
clang version 3.4 (tags/RELEASE_34/final)
Target: x86_64-unknown-linux-gnu
Thread model: posix
[34m[1mPre-installed Ruby versions[0m
ruby-1.9.3-p551
[34m[1mPre-installed Node.js versions[0m
v0.10.36
[34m[1mPre-installed Go versions[0m
1.4.1
[34m[1mRedis version[0m
redis-server 2.8.19
[34m[1mriak version[0m
2.0.2
[34m[1mMongoDB version[0m
MongoDB 2.4.12
[34m[1mCouchDB version[0m
couchdb 1.6.1
[34m[1mNeo4j version[0m
1.9.4
[34m[1mRabbitMQ Version[0m
3.4.3
[34m[1mElasticSearch version[0m
1.4.0
[34m[1mInstalled Sphinx versions[0m
2.0.10
2.1.9
2.2.6
[34m[1mDefault Sphinx version[0m
2.2.6
[34m[1mInstalled Firefox version[0m
firefox 31.0esr
[34m[1mPhantomJS version[0m
1.9.8
[34m[1mant -version[0m
Apache Ant(TM) version 1.8.2 compiled on December 3 2011
[34m[1mmvn -version[0m
Apache Maven 3.2.5 (12a6b3acb947671f09b81f49094c53f426d8cea1; 2014-12-14T17:29:23+00:00)
Maven home: /usr/local/maven
Java version: 1.7.0_76, vendor: Oracle Corporation
Java home: /usr/lib/jvm/java-7-oracle/jre
Default locale: en_US, platform encoding: ANSI_X3.4-1968
OS name: "linux", version: "3.13.0-29-generic", arch: "amd64", family: "unix"
travis_fold:end:system_info[0K
travis_fold:start:fix.CVE-2015-7547[0K$ export DEBIAN_FRONTEND=noninteractive
W: Size of file /var/lib/apt/lists/us.archive.ubuntu.com_ubuntu_dists_precise-backports_multiverse_source_Sources.gz is not what the server reported 5886 5888
W: Size of file /var/lib/apt/lists/ppa.launchpad.net_ubuntugis_ppa_ubuntu_dists_precise_main_binary-amd64_Packages.gz is not what the server reported 36669 36677
W: Size of file /var/lib/apt/lists/ppa.launchpad.net_ubuntugis_ppa_ubuntu_dists_precise_main_binary-i386_Packages.gz is not what the server reported 36729 36733
Reading package lists...
Building dependency tree...
Reading state information...
The following extra packages will be installed:
  libc-bin libc-dev-bin libc6-dev
Suggested packages:
  glibc-doc
The following packages will be upgraded:
  libc-bin libc-dev-bin libc6 libc6-dev
4 upgraded, 0 newly installed, 0 to remove and 252 not upgraded.
Need to get 8,840 kB of archives.
After this operation, 14.3 kB disk space will be freed.
Get:1 http://us.archive.ubuntu.com/ubuntu/ precise-updates/main libc6-dev amd64 2.15-0ubuntu10.15 [2,943 kB]
Get:2 http://us.archive.ubuntu.com/ubuntu/ precise-updates/main libc-dev-bin amd64 2.15-0ubuntu10.15 [84.7 kB]
Get:3 http://us.archive.ubuntu.com/ubuntu/ precise-updates/main libc-bin amd64 2.15-0ubuntu10.15 [1,177 kB]
Get:4 http://us.archive.ubuntu.com/ubuntu/ precise-updates/main libc6 amd64 2.15-0ubuntu10.15 [4,636 kB]
Fetched 8,840 kB in 0s (27.8 MB/s)
Preconfiguring packages ...
(Reading database ... (Reading database ... 5%(Reading database ... 10%(Reading database ... 15%(Reading database ... 20%(Reading database ... 25%(Reading database ... 30%(Reading database ... 35%(Reading database ... 40%(Reading database ... 45%(Reading database ... 50%(Reading database ... 55%(Reading database ... 60%(Reading database ... 65%(Reading database ... 70%(Reading database ... 75%(Reading database ... 80%(Reading database ... 85%(Reading database ... 90%(Reading database ... 95%(Reading database ... 100%(Reading database ... 72019 files and directories currently installed.)
Preparing to replace libc6-dev 2.15-0ubuntu10.10 (using .../libc6-dev_2.15-0ubuntu10.15_amd64.deb) ...
Unpacking replacement libc6-dev ...
Preparing to replace libc-dev-bin 2.15-0ubuntu10.10 (using .../libc-dev-bin_2.15-0ubuntu10.15_amd64.deb) ...
Unpacking replacement libc-dev-bin ...
Preparing to replace libc-bin 2.15-0ubuntu10.10 (using .../libc-bin_2.15-0ubuntu10.15_amd64.deb) ...
Unpacking replacement libc-bin ...
Processing triggers for man-db ...
Setting up libc-bin (2.15-0ubuntu10.15) ...
(Reading database ... (Reading database ... 5%(Reading database ... 10%(Reading database ... 15%(Reading database ... 20%(Reading database ... 25%(Reading database ... 30%(Reading database ... 35%(Reading database ... 40%(Reading database ... 45%(Reading database ... 50%(Reading database ... 55%(Reading database ... 60%(Reading database ... 65%(Reading database ... 70%(Reading database ... 75%(Reading database ... 80%(Reading database ... 85%(Reading database ... 90%(Reading database ... 95%(Reading database ... 100%(Reading database ... 72018 files and directories currently installed.)
Preparing to replace libc6 2.15-0ubuntu10.10 (using .../libc6_2.15-0ubuntu10.15_amd64.deb) ...
Unpacking replacement libc6 ...
Setting up libc6 (2.15-0ubuntu10.15) ...
Setting up libc-dev-bin (2.15-0ubuntu10.15) ...
Setting up libc6-dev (2.15-0ubuntu10.15) ...
Processing triggers for libc-bin ...
ldconfig deferred processing now taking place
travis_fold:end:fix.CVE-2015-7547[0Ktravis_fold:start:git.checkout[0Ktravis_time:start:02509b1b[0K$ git clone --depth=50 https://github.com/apache/storm.git apache/storm
Cloning into 'apache/storm'...
remote: Counting objects: 20958, done.[K
remote: Compressing objects:   0% (1/8306)   [Kremote: Compressing objects:   1% (84/8306)   [Kremote: Compressing objects:   2% (167/8306)   [Kremote: Compressing objects:   3% (250/8306)   [Kremote: Compressing objects:   4% (333/8306)   [Kremote: Compressing objects:   5% (416/8306)   [Kremote: Compressing objects:   6% (499/8306)   [Kremote: Compressing objects:   7% (582/8306)   [Kremote: Compressing objects:   8% (665/8306)   [Kremote: Compressing objects:   9% (748/8306)   [Kremote: Compressing objects:  10% (831/8306)   [Kremote: Compressing objects:  11% (914/8306)   [Kremote: Compressing objects:  12% (997/8306)   [Kremote: Compressing objects:  13% (1080/8306)   [Kremote: Compressing objects:  14% (1163/8306)   [Kremote: Compressing objects:  15% (1246/8306)   [Kremote: Compressing objects:  16% (1329/8306)   [Kremote: Compressing objects:  17% (1413/8306)   [Kremote: Compressing objects:  18% (1496/8306)   [Kremote: Compressing objects:  19% (1579/8306)   [Kremote: Compressing objects:  20% (1662/8306)   [Kremote: Compressing objects:  21% (1745/8306)   [Kremote: Compressing objects:  22% (1828/8306)   [Kremote: Compressing objects:  23% (1911/8306)   [Kremote: Compressing objects:  24% (1994/8306)   [Kremote: Compressing objects:  25% (2077/8306)   [Kremote: Compressing objects:  26% (2160/8306)   [Kremote: Compressing objects:  27% (2243/8306)   [Kremote: Compressing objects:  28% (2326/8306)   [Kremote: Compressing objects:  29% (2409/8306)   [Kremote: Compressing objects:  30% (2492/8306)   [Kremote: Compressing objects:  31% (2575/8306)   [Kremote: Compressing objects:  32% (2658/8306)   [Kremote: Compressing objects:  33% (2741/8306)   [Kremote: Compressing objects:  34% (2825/8306)   [Kremote: Compressing objects:  35% (2908/8306)   [Kremote: Compressing objects:  36% (2991/8306)   [Kremote: Compressing objects:  37% (3074/8306)   [Kremote: Compressing objects:  38% (3157/8306)   [Kremote: Compressing objects:  39% (3240/8306)   [Kremote: Compressing objects:  40% (3323/8306)   [Kremote: Compressing objects:  41% (3406/8306)   [Kremote: Compressing objects:  42% (3489/8306)   [Kremote: Compressing objects:  43% (3572/8306)   [Kremote: Compressing objects:  44% (3655/8306)   [Kremote: Compressing objects:  45% (3738/8306)   [Kremote: Compressing objects:  46% (3821/8306)   [Kremote: Compressing objects:  47% (3904/8306)   [Kremote: Compressing objects:  48% (3987/8306)   [Kremote: Compressing objects:  49% (4070/8306)   [Kremote: Compressing objects:  50% (4153/8306)   [Kremote: Compressing objects:  51% (4237/8306)   [Kremote: Compressing objects:  52% (4320/8306)   [Kremote: Compressing objects:  53% (4403/8306)   [Kremote: Compressing objects:  54% (4486/8306)   [Kremote: Compressing objects:  55% (4569/8306)   [Kremote: Compressing objects:  56% (4652/8306)   [Kremote: Compressing objects:  57% (4735/8306)   [Kremote: Compressing objects:  58% (4818/8306)   [Kremote: Compressing objects:  59% (4901/8306)   [Kremote: Compressing objects:  60% (4984/8306)   [Kremote: Compressing objects:  61% (5067/8306)   [Kremote: Compressing objects:  62% (5150/8306)   [Kremote: Compressing objects:  63% (5233/8306)   [Kremote: Compressing objects:  64% (5316/8306)   [Kremote: Compressing objects:  65% (5399/8306)   [Kremote: Compressing objects:  66% (5482/8306)   [Kremote: Compressing objects:  67% (5566/8306)   [Kremote: Compressing objects:  68% (5649/8306)   [Kremote: Compressing objects:  69% (5732/8306)   [Kremote: Compressing objects:  70% (5815/8306)   [Kremote: Compressing objects:  71% (5898/8306)   [Kremote: Compressing objects:  72% (5981/8306)   [Kremote: Compressing objects:  73% (6064/8306)   [Kremote: Compressing objects:  74% (6147/8306)   [Kremote: Compressing objects:  75% (6230/8306)   [Kremote: Compressing objects:  76% (6313/8306)   [Kremote: Compressing objects:  77% (6396/8306)   [Kremote: Compressing objects:  78% (6479/8306)   [Kremote: Compressing objects:  79% (6562/8306)   [Kremote: Compressing objects:  80% (6645/8306)   [Kremote: Compressing objects:  81% (6728/8306)   [Kremote: Compressing objects:  82% (6811/8306)   [Kremote: Compressing objects:  83% (6894/8306)   [Kremote: Compressing objects:  84% (6978/8306)   [Kremote: Compressing objects:  85% (7061/8306)   [Kremote: Compressing objects:  86% (7144/8306)   [Kremote: Compressing objects:  87% (7227/8306)   [Kremote: Compressing objects:  88% (7310/8306)   [Kremote: Compressing objects:  89% (7393/8306)   [Kremote: Compressing objects:  90% (7476/8306)   [Kremote: Compressing objects:  91% (7559/8306)   [Kremote: Compressing objects:  92% (7642/8306)   [Kremote: Compressing objects:  93% (7725/8306)   [Kremote: Compressing objects:  94% (7808/8306)   [Kremote: Compressing objects:  95% (7891/8306)   [Kremote: Compressing objects:  96% (7974/8306)   [Kremote: Compressing objects:  97% (8057/8306)   [Kremote: Compressing objects:  98% (8140/8306)   [Kremote: Compressing objects:  99% (8223/8306)   [Kremote: Compressing objects: 100% (8306/8306)   [Kremote: Compressing objects: 100% (8306/8306), done.[K
Receiving objects:   0% (1/20958)   Receiving objects:   1% (210/20958)   Receiving objects:   2% (420/20958)   Receiving objects:   3% (629/20958)   Receiving objects:   4% (839/20958)   Receiving objects:   5% (1048/20958)   Receiving objects:   6% (1258/20958)   Receiving objects:   7% (1468/20958)   Receiving objects:   8% (1677/20958)   Receiving objects:   9% (1887/20958)   Receiving objects:  10% (2096/20958)   Receiving objects:  11% (2306/20958)   Receiving objects:  12% (2515/20958)   Receiving objects:  13% (2725/20958)   Receiving objects:  14% (2935/20958)   Receiving objects:  15% (3144/20958)   Receiving objects:  16% (3354/20958)   Receiving objects:  17% (3563/20958)   Receiving objects:  18% (3773/20958)   Receiving objects:  19% (3983/20958)   Receiving objects:  20% (4192/20958)   Receiving objects:  21% (4402/20958)   Receiving objects:  22% (4611/20958)   Receiving objects:  23% (4821/20958)   Receiving objects:  24% (5030/20958)   Receiving objects:  25% (5240/20958)   Receiving objects:  26% (5450/20958)   Receiving objects:  27% (5659/20958)   Receiving objects:  28% (5869/20958)   Receiving objects:  29% (6078/20958)   Receiving objects:  30% (6288/20958)   Receiving objects:  31% (6497/20958)   Receiving objects:  32% (6707/20958)   Receiving objects:  33% (6917/20958)   Receiving objects:  34% (7126/20958)   Receiving objects:  35% (7336/20958)   Receiving objects:  36% (7545/20958)   Receiving objects:  37% (7755/20958)   Receiving objects:  38% (7965/20958)   Receiving objects:  39% (8174/20958)   Receiving objects:  40% (8384/20958), 10.25 MiB | 20.46 MiB/s   Receiving objects:  41% (8593/20958), 10.25 MiB | 20.46 MiB/s   Receiving objects:  42% (8803/20958), 10.25 MiB | 20.46 MiB/s   Receiving objects:  43% (9012/20958), 10.25 MiB | 20.46 MiB/s   Receiving objects:  44% (9222/20958), 10.25 MiB | 20.46 MiB/s   Receiving objects:  45% (9432/20958), 10.25 MiB | 20.46 MiB/s   Receiving objects:  46% (9641/20958), 10.25 MiB | 20.46 MiB/s   Receiving objects:  47% (9851/20958), 10.25 MiB | 20.46 MiB/s   Receiving objects:  48% (10060/20958), 10.25 MiB | 20.46 MiB/s   Receiving objects:  49% (10270/20958), 10.25 MiB | 20.46 MiB/s   Receiving objects:  50% (10479/20958), 10.25 MiB | 20.46 MiB/s   Receiving objects:  51% (10689/20958), 10.25 MiB | 20.46 MiB/s   Receiving objects:  52% (10899/20958), 10.25 MiB | 20.46 MiB/s   Receiving objects:  53% (11108/20958), 10.25 MiB | 20.46 MiB/s   Receiving objects:  54% (11318/20958), 10.25 MiB | 20.46 MiB/s   Receiving objects:  55% (11527/20958), 10.25 MiB | 20.46 MiB/s   Receiving objects:  56% (11737/20958), 10.25 MiB | 20.46 MiB/s   Receiving objects:  57% (11947/20958), 10.25 MiB | 20.46 MiB/s   Receiving objects:  58% (12156/20958), 10.25 MiB | 20.46 MiB/s   Receiving objects:  59% (12366/20958), 10.25 MiB | 20.46 MiB/s   Receiving objects:  60% (12575/20958), 10.25 MiB | 20.46 MiB/s   Receiving objects:  61% (12785/20958), 10.25 MiB | 20.46 MiB/s   Receiving objects:  62% (12994/20958), 10.25 MiB | 20.46 MiB/s   Receiving objects:  63% (13204/20958), 10.25 MiB | 20.46 MiB/s   Receiving objects:  64% (13414/20958), 10.25 MiB | 20.46 MiB/s   Receiving objects:  65% (13623/20958), 10.25 MiB | 20.46 MiB/s   Receiving objects:  66% (13833/20958), 10.25 MiB | 20.46 MiB/s   Receiving objects:  67% (14042/20958), 10.25 MiB | 20.46 MiB/s   Receiving objects:  68% (14252/20958), 10.25 MiB | 20.46 MiB/s   Receiving objects:  69% (14462/20958), 10.25 MiB | 20.46 MiB/s   Receiving objects:  70% (14671/20958), 10.25 MiB | 20.46 MiB/s   Receiving objects:  71% (14881/20958), 10.25 MiB | 20.46 MiB/s   Receiving objects:  72% (15090/20958), 10.25 MiB | 20.46 MiB/s   Receiving objects:  73% (15300/20958), 10.25 MiB | 20.46 MiB/s   Receiving objects:  74% (15509/20958), 10.25 MiB | 20.46 MiB/s   Receiving objects:  75% (15719/20958), 10.25 MiB | 20.46 MiB/s   Receiving objects:  76% (15929/20958), 10.25 MiB | 20.46 MiB/s   Receiving objects:  77% (16138/20958), 10.25 MiB | 20.46 MiB/s   Receiving objects:  78% (16348/20958), 10.25 MiB | 20.46 MiB/s   Receiving objects:  79% (16557/20958), 10.25 MiB | 20.46 MiB/s   Receiving objects:  80% (16767/20958), 10.25 MiB | 20.46 MiB/s   Receiving objects:  81% (16976/20958), 10.25 MiB | 20.46 MiB/s   Receiving objects:  82% (17186/20958), 10.25 MiB | 20.46 MiB/s   Receiving objects:  83% (17396/20958), 10.25 MiB | 20.46 MiB/s   Receiving objects:  84% (17605/20958), 10.25 MiB | 20.46 MiB/s   Receiving objects:  85% (17815/20958), 10.25 MiB | 20.46 MiB/s   Receiving objects:  86% (18024/20958), 10.25 MiB | 20.46 MiB/s   Receiving objects:  87% (18234/20958), 10.25 MiB | 20.46 MiB/s   Receiving objects:  88% (18444/20958), 10.25 MiB | 20.46 MiB/s   Receiving objects:  89% (18653/20958), 10.25 MiB | 20.46 MiB/s   Receiving objects:  90% (18863/20958), 10.25 MiB | 20.46 MiB/s   Receiving objects:  91% (19072/20958), 10.25 MiB | 20.46 MiB/s   Receiving objects:  92% (19282/20958), 10.25 MiB | 20.46 MiB/s   Receiving objects:  93% (19491/20958), 10.25 MiB | 20.46 MiB/s   Receiving objects:  94% (19701/20958), 10.25 MiB | 20.46 MiB/s   Receiving objects:  95% (19911/20958), 10.25 MiB | 20.46 MiB/s   Receiving objects:  96% (20120/20958), 10.25 MiB | 20.46 MiB/s   Receiving objects:  97% (20330/20958), 10.25 MiB | 20.46 MiB/s   Receiving objects:  98% (20539/20958), 10.25 MiB | 20.46 MiB/s   Receiving objects:  99% (20749/20958), 10.25 MiB | 20.46 MiB/s   remote: Total 20958 (delta 10023), reused 18256 (delta 7937), pack-reused 0[K
Receiving objects: 100% (20958/20958), 10.25 MiB | 20.46 MiB/s   Receiving objects: 100% (20958/20958), 15.42 MiB | 20.46 MiB/s, done.
Resolving deltas:   0% (0/10023)   Resolving deltas:   1% (102/10023)   Resolving deltas:   2% (205/10023)   Resolving deltas:   3% (302/10023)   Resolving deltas:   4% (403/10023)   Resolving deltas:   5% (505/10023)   Resolving deltas:   6% (631/10023)   Resolving deltas:   7% (702/10023)   Resolving deltas:   8% (803/10023)   Resolving deltas:   9% (931/10023)   Resolving deltas:  10% (1008/10023)   Resolving deltas:  11% (1195/10023)   Resolving deltas:  12% (1203/10023)   Resolving deltas:  13% (1316/10023)   Resolving deltas:  14% (1433/10023)   Resolving deltas:  15% (1505/10023)   Resolving deltas:  16% (1605/10023)   Resolving deltas:  17% (1704/10023)   Resolving deltas:  18% (1811/10023)   Resolving deltas:  19% (1916/10023)   Resolving deltas:  20% (2014/10023)   Resolving deltas:  21% (2105/10023)   Resolving deltas:  22% (2207/10023)   Resolving deltas:  23% (2306/10023)   Resolving deltas:  24% (2421/10023)   Resolving deltas:  25% (2508/10023)   Resolving deltas:  26% (2607/10023)   Resolving deltas:  27% (2712/10023)   Resolving deltas:  28% (2809/10023)   Resolving deltas:  29% (2916/10023)   Resolving deltas:  30% (3022/10023)   Resolving deltas:  31% (3108/10023)   Resolving deltas:  32% (3208/10023)   Resolving deltas:  33% (3309/10023)   Resolving deltas:  34% (3421/10023)   Resolving deltas:  35% (3509/10023)   Resolving deltas:  36% (3622/10023)   Resolving deltas:  37% (3709/10023)   Resolving deltas:  38% (3811/10023)   Resolving deltas:  39% (3913/10023)   Resolving deltas:  40% (4010/10023)   Resolving deltas:  41% (4112/10023)   Resolving deltas:  42% (4211/10023)   Resolving deltas:  43% (4313/10023)   Resolving deltas:  44% (4414/10023)   Resolving deltas:  45% (4511/10023)   Resolving deltas:  46% (4613/10023)   Resolving deltas:  47% (4726/10023)   Resolving deltas:  48% (4812/10023)   Resolving deltas:  49% (4981/10023)   Resolving deltas:  50% (5013/10023)   Resolving deltas:  51% (5116/10023)   Resolving deltas:  52% (5213/10023)   Resolving deltas:  53% (5330/10023)   Resolving deltas:  54% (5440/10023)   Resolving deltas:  55% (5520/10023)   Resolving deltas:  56% (5619/10023)   Resolving deltas:  57% (5714/10023)   Resolving deltas:  61% (6136/10023)   Resolving deltas:  62% (6216/10023)   Resolving deltas:  65% (6529/10023)   Resolving deltas:  66% (6617/10023)   Resolving deltas:  67% (6717/10023)   Resolving deltas:  70% (7116/10023)   Resolving deltas:  71% (7118/10023)   Resolving deltas:  72% (7284/10023)   Resolving deltas:  73% (7363/10023)   Resolving deltas:  74% (7432/10023)   Resolving deltas:  75% (7565/10023)   Resolving deltas:  76% (7638/10023)   Resolving deltas:  77% (7733/10023)   Resolving deltas:  78% (7822/10023)   Resolving deltas:  79% (7973/10023)   Resolving deltas:  80% (8048/10023)   Resolving deltas:  81% (8121/10023)   Resolving deltas:  82% (8311/10023)   Resolving deltas:  83% (8354/10023)   Resolving deltas:  84% (8422/10023)   Resolving deltas:  85% (8554/10023)   Resolving deltas:  86% (8620/10023)   Resolving deltas:  87% (8735/10023)   Resolving deltas:  89% (8951/10023)   Resolving deltas:  90% (9023/10023)   Resolving deltas:  91% (9121/10023)   Resolving deltas:  92% (9226/10023)   Resolving deltas:  93% (9334/10023)   Resolving deltas:  94% (9422/10023)   Resolving deltas:  95% (9537/10023)   Resolving deltas:  96% (9653/10023)   Resolving deltas:  97% (9725/10023)   Resolving deltas:  98% (9823/10023)   Resolving deltas:  99% (9936/10023)   Resolving deltas: 100% (10023/10023)   Resolving deltas: 100% (10023/10023), done.
Checking connectivity... done.

travis_time:end:02509b1b:start=1468427889635457549,finish=1468427892666819404,duration=3031361855[0K$ cd apache/storm
travis_time:start:24928c49[0K$ git fetch origin +refs/pull/1557/merge:
remote: Counting objects: 4841, done.[K
remote: Compressing objects:   0% (1/2067)   [Kremote: Compressing objects:   1% (21/2067)   [Kremote: Compressing objects:   2% (42/2067)   [Kremote: Compressing objects:   3% (63/2067)   [Kremote: Compressing objects:   4% (83/2067)   [Kremote: Compressing objects:   5% (104/2067)   [Kremote: Compressing objects:   6% (125/2067)   [Kremote: Compressing objects:   7% (145/2067)   [Kremote: Compressing objects:   8% (166/2067)   [Kremote: Compressing objects:   9% (187/2067)   [Kremote: Compressing objects:  10% (207/2067)   [Kremote: Compressing objects:  11% (228/2067)   [Kremote: Compressing objects:  12% (249/2067)   [Kremote: Compressing objects:  13% (269/2067)   [Kremote: Compressing objects:  14% (290/2067)   [Kremote: Compressing objects:  15% (311/2067)   [Kremote: Compressing objects:  16% (331/2067)   [Kremote: Compressing objects:  17% (352/2067)   [Kremote: Compressing objects:  18% (373/2067)   [Kremote: Compressing objects:  19% (393/2067)   [Kremote: Compressing objects:  20% (414/2067)   [Kremote: Compressing objects:  21% (435/2067)   [Kremote: Compressing objects:  22% (455/2067)   [Kremote: Compressing objects:  23% (476/2067)   [Kremote: Compressing objects:  24% (497/2067)   [Kremote: Compressing objects:  25% (517/2067)   [Kremote: Compressing objects:  26% (538/2067)   [Kremote: Compressing objects:  27% (559/2067)   [Kremote: Compressing objects:  28% (579/2067)   [Kremote: Compressing objects:  29% (600/2067)   [Kremote: Compressing objects:  30% (621/2067)   [Kremote: Compressing objects:  31% (641/2067)   [Kremote: Compressing objects:  32% (662/2067)   [Kremote: Compressing objects:  33% (683/2067)   [Kremote: Compressing objects:  34% (703/2067)   [Kremote: Compressing objects:  35% (724/2067)   [Kremote: Compressing objects:  36% (745/2067)   [Kremote: Compressing objects:  37% (765/2067)   [Kremote: Compressing objects:  38% (786/2067)   [Kremote: Compressing objects:  39% (807/2067)   [Kremote: Compressing objects:  40% (827/2067)   [Kremote: Compressing objects:  41% (848/2067)   [Kremote: Compressing objects:  42% (869/2067)   [Kremote: Compressing objects:  43% (889/2067)   [Kremote: Compressing objects:  44% (910/2067)   [Kremote: Compressing objects:  45% (931/2067)   [Kremote: Compressing objects:  46% (951/2067)   [Kremote: Compressing objects:  47% (972/2067)   [Kremote: Compressing objects:  48% (993/2067)   [Kremote: Compressing objects:  49% (1013/2067)   [Kremote: Compressing objects:  50% (1034/2067)   [Kremote: Compressing objects:  51% (1055/2067)   [Kremote: Compressing objects:  52% (1075/2067)   [Kremote: Compressing objects:  53% (1096/2067)   [Kremote: Compressing objects:  54% (1117/2067)   [Kremote: Compressing objects:  55% (1137/2067)   [Kremote: Compressing objects:  56% (1158/2067)   [Kremote: Compressing objects:  57% (1179/2067)   [Kremote: Compressing objects:  58% (1199/2067)   [Kremote: Compressing objects:  59% (1220/2067)   [Kremote: Compressing objects:  60% (1241/2067)   [Kremote: Compressing objects:  61% (1261/2067)   [Kremote: Compressing objects:  62% (1282/2067)   [Kremote: Compressing objects:  63% (1303/2067)   [Kremote: Compressing objects:  64% (1323/2067)   [Kremote: Compressing objects:  65% (1344/2067)   [Kremote: Compressing objects:  66% (1365/2067)   [Kremote: Compressing objects:  67% (1385/2067)   [Kremote: Compressing objects:  68% (1406/2067)   [Kremote: Compressing objects:  69% (1427/2067)   [Kremote: Compressing objects:  70% (1447/2067)   [Kremote: Compressing objects:  71% (1468/2067)   [Kremote: Compressing objects:  72% (1489/2067)   [Kremote: Compressing objects:  73% (1509/2067)   [Kremote: Compressing objects:  74% (1530/2067)   [Kremote: Compressing objects:  75% (1551/2067)   [Kremote: Compressing objects:  76% (1571/2067)   [Kremote: Compressing objects:  77% (1592/2067)   [Kremote: Compressing objects:  78% (1613/2067)   [Kremote: Compressing objects:  79% (1633/2067)   [Kremote: Compressing objects:  80% (1654/2067)   [Kremote: Compressing objects:  81% (1675/2067)   [Kremote: Compressing objects:  82% (1695/2067)   [Kremote: Compressing objects:  83% (1716/2067)   [Kremote: Compressing objects:  84% (1737/2067)   [Kremote: Compressing objects:  85% (1757/2067)   [Kremote: Compressing objects:  86% (1778/2067)   [Kremote: Compressing objects:  87% (1799/2067)   [Kremote: Compressing objects:  88% (1819/2067)   [Kremote: Compressing objects:  89% (1840/2067)   [Kremote: Compressing objects:  90% (1861/2067)   [Kremote: Compressing objects:  91% (1881/2067)   [Kremote: Compressing objects:  92% (1902/2067)   [Kremote: Compressing objects:  93% (1923/2067)   [Kremote: Compressing objects:  94% (1943/2067)   [Kremote: Compressing objects:  95% (1964/2067)   [Kremote: Compressing objects:  96% (1985/2067)   [Kremote: Compressing objects:  97% (2005/2067)   [Kremote: Compressing objects:  98% (2026/2067)   [Kremote: Compressing objects:  99% (2047/2067)   [Kremote: Compressing objects: 100% (2067/2067)   [Kremote: Compressing objects: 100% (2067/2067), done.[K
Receiving objects:   0% (1/4841)   Receiving objects:   1% (49/4841)   Receiving objects:   2% (97/4841)   Receiving objects:   3% (146/4841)   Receiving objects:   4% (194/4841)   Receiving objects:   5% (243/4841)   Receiving objects:   6% (291/4841)   Receiving objects:   7% (339/4841)   Receiving objects:   8% (388/4841)   Receiving objects:   9% (436/4841)   Receiving objects:  10% (485/4841)   Receiving objects:  11% (533/4841)   Receiving objects:  12% (581/4841)   Receiving objects:  13% (630/4841)   Receiving objects:  14% (678/4841)   Receiving objects:  15% (727/4841)   Receiving objects:  16% (775/4841)   Receiving objects:  17% (823/4841)   Receiving objects:  18% (872/4841)   Receiving objects:  19% (920/4841)   Receiving objects:  20% (969/4841)   Receiving objects:  21% (1017/4841)   Receiving objects:  22% (1066/4841)   Receiving objects:  23% (1114/4841)   Receiving objects:  24% (1162/4841)   Receiving objects:  25% (1211/4841)   Receiving objects:  26% (1259/4841)   Receiving objects:  27% (1308/4841)   Receiving objects:  28% (1356/4841)   Receiving objects:  29% (1404/4841)   Receiving objects:  30% (1453/4841)   Receiving objects:  31% (1501/4841)   Receiving objects:  32% (1550/4841)   Receiving objects:  33% (1598/4841)   Receiving objects:  34% (1646/4841)   Receiving objects:  35% (1695/4841)   Receiving objects:  36% (1743/4841)   Receiving objects:  37% (1792/4841)   Receiving objects:  38% (1840/4841)   Receiving objects:  39% (1888/4841)   Receiving objects:  40% (1937/4841)   Receiving objects:  41% (1985/4841)   Receiving objects:  42% (2034/4841)   Receiving objects:  43% (2082/4841)   Receiving objects:  44% (2131/4841)   Receiving objects:  45% (2179/4841)   Receiving objects:  46% (2227/4841)   Receiving objects:  47% (2276/4841)   Receiving objects:  48% (2324/4841)   Receiving objects:  49% (2373/4841)   Receiving objects:  50% (2421/4841)   Receiving objects:  51% (2469/4841)   Receiving objects:  52% (2518/4841)   Receiving objects:  53% (2566/4841)   Receiving objects:  54% (2615/4841)   Receiving objects:  55% (2663/4841)   Receiving objects:  56% (2711/4841)   Receiving objects:  57% (2760/4841)   Receiving objects:  58% (2808/4841)   Receiving objects:  59% (2857/4841)   Receiving objects:  60% (2905/4841)   Receiving objects:  61% (2954/4841)   Receiving objects:  62% (3002/4841)   Receiving objects:  63% (3050/4841)   Receiving objects:  64% (3099/4841)   Receiving objects:  65% (3147/4841)   Receiving objects:  66% (3196/4841)   Receiving objects:  67% (3244/4841)   Receiving objects:  68% (3292/4841)   Receiving objects:  69% (3341/4841)   Receiving objects:  70% (3389/4841)   Receiving objects:  71% (3438/4841)   Receiving objects:  72% (3486/4841)   Receiving objects:  73% (3534/4841)   Receiving objects:  74% (3583/4841)   Receiving objects:  75% (3631/4841)   Receiving objects:  76% (3680/4841)   Receiving objects:  77% (3728/4841)   Receiving objects:  78% (3776/4841)   Receiving objects:  79% (3825/4841)   Receiving objects:  80% (3873/4841)   Receiving objects:  81% (3922/4841)   Receiving objects:  82% (3970/4841)   Receiving objects:  83% (4019/4841)   Receiving objects:  84% (4067/4841)   Receiving objects:  85% (4115/4841)   remote: Total 4841 (delta 2205), reused 4297 (delta 1719), pack-reused 0[K
Receiving objects:  86% (4164/4841)   Receiving objects:  87% (4212/4841)   Receiving objects:  88% (4261/4841)   Receiving objects:  89% (4309/4841)   Receiving objects:  90% (4357/4841)   Receiving objects:  91% (4406/4841)   Receiving objects:  92% (4454/4841)   Receiving objects:  93% (4503/4841)   Receiving objects:  94% (4551/4841)   Receiving objects:  95% (4599/4841)   Receiving objects:  96% (4648/4841)   Receiving objects:  97% (4696/4841)   Receiving objects:  98% (4745/4841)   Receiving objects:  99% (4793/4841)   Receiving objects: 100% (4841/4841)   Receiving objects: 100% (4841/4841), 980.42 KiB | 0 bytes/s, done.
Resolving deltas:   0% (0/2205)   Resolving deltas:   3% (73/2205)   Resolving deltas:   5% (115/2205)   Resolving deltas:   7% (160/2205)   Resolving deltas:  11% (252/2205)   Resolving deltas:  12% (265/2205)   Resolving deltas:  13% (297/2205)   Resolving deltas:  14% (309/2205)   Resolving deltas:  15% (333/2205)   Resolving deltas:  16% (357/2205)   Resolving deltas:  18% (403/2205)   Resolving deltas:  27% (603/2205)   Resolving deltas:  28% (618/2205)   Resolving deltas:  29% (641/2205)   Resolving deltas:  30% (666/2205)   Resolving deltas:  31% (685/2205)   Resolving deltas:  32% (708/2205)   Resolving deltas:  33% (741/2205)   Resolving deltas:  34% (754/2205)   Resolving deltas:  37% (819/2205)   Resolving deltas:  39% (868/2205)   Resolving deltas:  40% (888/2205)   Resolving deltas:  41% (916/2205)   Resolving deltas:  42% (930/2205)   Resolving deltas:  43% (949/2205)   Resolving deltas:  44% (990/2205)   Resolving deltas:  45% (995/2205)   Resolving deltas:  50% (1114/2205)   Resolving deltas:  51% (1137/2205)   Resolving deltas:  52% (1147/2205)   Resolving deltas:  53% (1169/2205)   Resolving deltas:  54% (1191/2205)   Resolving deltas:  55% (1213/2205)   Resolving deltas:  63% (1391/2205)   Resolving deltas:  64% (1417/2205)   Resolving deltas:  65% (1439/2205)   Resolving deltas:  66% (1463/2205)   Resolving deltas:  68% (1513/2205)   Resolving deltas:  69% (1530/2205)   Resolving deltas:  70% (1544/2205)   Resolving deltas:  71% (1580/2205)   Resolving deltas:  72% (1589/2205)   Resolving deltas:  73% (1613/2205)   Resolving deltas:  74% (1635/2205)   Resolving deltas:  75% (1659/2205)   Resolving deltas:  76% (1687/2205)   Resolving deltas:  77% (1699/2205)   Resolving deltas:  78% (1732/2205)   Resolving deltas:  79% (1745/2205)   Resolving deltas:  80% (1764/2205)   Resolving deltas:  81% (1788/2205)   Resolving deltas:  82% (1809/2205)   Resolving deltas:  83% (1833/2205)   Resolving deltas:  84% (1857/2205)   Resolving deltas:  85% (1875/2205)   Resolving deltas:  86% (1900/2205)   Resolving deltas:  87% (1922/2205)   Resolving deltas:  88% (1941/2205)   Resolving deltas:  89% (1974/2205)   Resolving deltas:  91% (2026/2205)   Resolving deltas:  92% (2030/2205)   Resolving deltas:  93% (2051/2205)   Resolving deltas:  94% (2074/2205)   Resolving deltas:  95% (2095/2205)   Resolving deltas:  96% (2121/2205)   Resolving deltas:  97% (2151/2205)   Resolving deltas:  98% (2168/2205)   Resolving deltas:  99% (2192/2205)   Resolving deltas: 100% (2205/2205)   Resolving deltas: 100% (2205/2205), completed with 203 local objects.
From https://github.com/apache/storm
 * branch            refs/pull/1557/merge -> FETCH_HEAD

travis_time:end:24928c49:start=1468427892671507369,finish=1468427893619429900,duration=947922531[0K$ git checkout -qf FETCH_HEAD
travis_fold:end:git.checkout[0K
[33;1mThis job is running on container-based infrastructure, which does not allow use of 'sudo', setuid and setguid executables.[0m
[33;1mIf you require sudo, add 'sudo: required' to your .travis.yml[0m
[33;1mSee https://docs.travis-ci.com/user/workers/container-based-infrastructure/ for details.[0m

[33;1mSetting environment variables from .travis.yml[0m
$ export MODULES=storm-core

$ jdk_switcher use oraclejdk8
Switching to Oracle JDK8 (java-8-oracle), JAVA_HOME will be set to /usr/lib/jvm/java-8-oracle
travis_fold:start:cache.1[0KSetting up build cache
$ export CASHER_DIR=$HOME/.casher
travis_time:start:0c728ae8[0K$ Installing caching utilities

travis_time:end:0c728ae8:start=1468427902503688934,finish=1468427902582782089,duration=79093155[0Ktravis_time:start:004af920[0K
travis_time:end:004af920:start=1468427902588025525,finish=1468427902591752940,duration=3727415[0Ktravis_time:start:0366d345[0K[32;1mattempting to download cache archive[0m
[32;1mfetching PR.1557/cache-linux-precise-4722ea394922d42b2b7eb84cff6efc764d76759821ac6f6efc13232aa923f595--jdk-oraclejdk8.tgz[0m
[32;1mfound cache[0m

travis_time:end:0366d345:start=1468427902596492846,finish=1468427917656177172,duration=15059684326[0Ktravis_time:start:122a850c[0K
travis_time:end:122a850c:start=1468427917659992481,finish=1468427917663267983,duration=3275502[0Ktravis_time:start:04a961f0[0K[32;1madding /home/travis/.m2/repository to cache[0m
[32;1madding /home/travis/.rvm to cache[0m
[32;1madding /home/travis/.nvm to cache[0m

travis_time:end:04a961f0:start=1468427917666999756,finish=1468427940558742761,duration=22891743005[0Ktravis_fold:end:cache.1[0K$ java -Xmx32m -version
java version "1.8.0_31"
Java(TM) SE Runtime Environment (build 1.8.0_31-b13)
Java HotSpot(TM) 64-Bit Server VM (build 25.31-b07, mixed mode)
$ javac -J-Xmx32m -version
javac 1.8.0_31
travis_fold:start:before_install.1[0Ktravis_time:start:1d930a6c[0K$ rvm use 2.1.5 --install
[32mUsing /home/travis/.rvm/gems/ruby-2.1.5[0m

travis_time:end:1d930a6c:start=1468427942969847915,finish=1468427943229498873,duration=259650958[0Ktravis_fold:end:before_install.1[0Ktravis_fold:start:before_install.2[0Ktravis_time:start:09fbbcb6[0K$ nvm install 0.12.2
v0.12.2 is already installed.
Now using node v0.12.2

travis_time:end:09fbbcb6:start=1468427943233729261,finish=1468427943477431114,duration=243701853[0Ktravis_fold:end:before_install.2[0Ktravis_fold:start:before_install.3[0Ktravis_time:start:0391f147[0K$ nvm use 0.12.2
Now using node v0.12.2

travis_time:end:0391f147:start=1468427943481684859,finish=1468427943546867609,duration=65182750[0Ktravis_fold:end:before_install.3[0Ktravis_fold:start:install[0Ktravis_time:start:06cd46c0[0K$ /bin/bash ./dev-tools/travis/travis-install.sh `pwd`
Python version :   Python 2.7.3
Java HotSpot(TM) 64-Bit Server VM warning: ignoring option MaxPermSize=192m; support was removed in 8.0
Maven version  :   Apache Maven 3.2.5 (12a6b3acb947671f09b81f49094c53f426d8cea1; 2014-12-14T17:29:23+00:00) Maven home: /usr/local/maven Java version: 1.8.0_31, vendor: Oracle Corporation Java home: /usr/lib/jvm/java-8-oracle/jre Default locale: en_US, platform encoding: UTF-8 OS name: "linux", version: "3.13.0-40-generic", arch: "amd64", family: "unix"
['mvn', 'clean', 'install', '-DskipTests', '-Pnative', '--batch-mode'] writing to install.txt
2 seconds 2 log lines13 seconds 79 log lines23 seconds 215 log lines34 seconds 291 log lines73 seconds 309 log lines90 seconds 316 log lines108 seconds 317 log lines118 seconds 384 log lines129 seconds 541 log lines144 seconds 620 log lines156 seconds 760 log lines170 seconds 828 log lines181 seconds 846 log lines194 seconds 923 log lines204 seconds 1119 log lines216 seconds 1269 log lines230 seconds 1424 log lines242 seconds 1626 log lines252 seconds 1848 log lines263 seconds 2108 log lines282 seconds 2254 log lines293 seconds 2498 log lines301 seconds 2550 log lines
['mvn', 'clean', 'install', '-DskipTests', '-Pnative', '--batch-mode'] done 0

travis_time:end:06cd46c0:start=1468427943551790810,finish=1468428245810360653,duration=302258569843[0Ktravis_fold:end:install[0Ktravis_time:start:092ea19e[0K$ /bin/bash ./dev-tools/travis/travis-script.sh `pwd` $MODULES
Python version :   Python 2.7.3
Ruby version   :   ruby 2.1.5p273 (2014-11-13 revision 48405) [x86_64-linux]
NodeJs version :   v0.12.2
Java HotSpot(TM) 64-Bit Server VM warning: ignoring option MaxPermSize=192m; support was removed in 8.0
Maven version  :   Apache Maven 3.2.5 (12a6b3acb947671f09b81f49094c53f426d8cea1; 2014-12-14T17:29:23+00:00) Maven home: /usr/local/maven Java version: 1.8.0_31, vendor: Oracle Corporation Java home: /usr/lib/jvm/java-8-oracle/jre Default locale: en_US, platform encoding: UTF-8 OS name: "linux", version: "3.13.0-40-generic", arch: "amd64", family: "unix"
Java HotSpot(TM) 64-Bit Server VM warning: ignoring option MaxPermSize=192m; support was removed in 8.0
[INFO] Scanning for projects...
[INFO]                                                                         
[INFO] ------------------------------------------------------------------------
[INFO] Building Storm Core 1.1.0-SNAPSHOT
[INFO] ------------------------------------------------------------------------
[INFO] 
[INFO] --- exec-maven-plugin:1.2.1:exec (default) @ storm-core ---
[INFO] 
[INFO] --- maven-remote-resources-plugin:1.2.1:process (default) @ storm-core ---
[INFO] 
[INFO] --- storm-maven-plugins:1.1.0-SNAPSHOT:version-info (version-info) @ storm-core ---
[WARNING] [svn, info] failed with error code 1
[INFO] SCM: GIT
[INFO] Computed MD5: c2aeba7fdef5127e76ea2cf9fe2473
[INFO] 
[INFO] --- maven-resources-plugin:2.5:resources (default-resources) @ storm-core ---
[debug] execute contextualize
[INFO] Using 'UTF-8' encoding to copy filtered resources.
[INFO] Copying 8 resources
[INFO] Copying 1 resource to META-INF
[INFO] Copying 0 resource
[INFO] Copying 1 resource
[INFO] Copying 3 resources
[INFO] 
[INFO] --- maven-compiler-plugin:3.1:compile (default-compile) @ storm-core ---
[INFO] Nothing to compile - all classes are up to date
[INFO] 
[INFO] --- clojure-maven-plugin:1.7.1:compile (compile-clojure) @ storm-core ---
Compiling org.apache.storm.command.deactivate to /home/travis/build/apache/storm/storm-core/target/classes
Compiling org.apache.storm.trident.testing to /home/travis/build/apache/storm/storm-core/target/classes
Compiling org.apache.storm.command.blobstore to /home/travis/build/apache/storm/storm-core/target/classes
Compiling org.apache.storm.stats to /home/travis/build/apache/storm/storm-core/target/classes
Compiling org.apache.storm.command.set-log-level to /home/travis/build/apache/storm/storm-core/target/classes
Compiling org.apache.storm.daemon.drpc to /home/travis/build/apache/storm/storm-core/target/classes
Compiling org.apache.storm.command.dev-zookeeper to /home/travis/build/apache/storm/storm-core/target/classes
Compiling org.apache.storm.local-state to /home/travis/build/apache/storm/storm-core/target/classes
Compiling org.apache.storm.cluster to /home/travis/build/apache/storm/storm-core/target/classes
Compiling org.apache.storm.testing to /home/travis/build/apache/storm/storm-core/target/classes
Compiling org.apache.storm.command.heartbeats to /home/travis/build/apache/storm/storm-core/target/classes
WARNING: reverse already refers to: #'clojure.core/reverse in namespace: org.apache.storm.command.heartbeats, being replaced by: #'clojure.string/reverse
WARNING: replace already refers to: #'clojure.core/replace in namespace: org.apache.storm.command.heartbeats, being replaced by: #'clojure.string/replace
Compiling org.apache.storm.daemon.builtin-metrics to /home/travis/build/apache/storm/storm-core/target/classes
Compiling org.apache.storm.process-simulator to /home/travis/build/apache/storm/storm-core/target/classes
Compiling org.apache.storm.daemon.acker to /home/travis/build/apache/storm/storm-core/target/classes
Compiling org.apache.storm.log to /home/travis/build/apache/storm/storm-core/target/classes
Compiling org.apache.storm.daemon.common to /home/travis/build/apache/storm/storm-core/target/classes
Compiling org.apache.storm.command.healthcheck to /home/travis/build/apache/storm/storm-core/target/classes
Compiling org.apache.storm.scheduler.EvenScheduler to /home/travis/build/apache/storm/storm-core/target/classes
Compiling org.apache.storm.command.kill-workers to /home/travis/build/apache/storm/storm-core/target/classes
Compiling org.apache.storm.scheduler.IsolationScheduler to /home/travis/build/apache/storm/storm-core/target/classes
Compiling org.apache.storm.command.monitor to /home/travis/build/apache/storm/storm-core/target/classes
Compiling org.apache.storm.timer to /home/travis/build/apache/storm/storm-core/target/classes
Compiling org.apache.storm.config to /home/travis/build/apache/storm/storm-core/target/classes
Compiling org.apache.storm.LocalCluster to /home/travis/build/apache/storm/storm-core/target/classes
Compiling org.apache.storm.thrift to /home/travis/build/apache/storm/storm-core/target/classes
Compiling org.apache.storm.daemon.logviewer to /home/travis/build/apache/storm/storm-core/target/classes
Compiling org.apache.storm.blobstore to /home/travis/build/apache/storm/storm-core/target/classes
Compiling org.apache.storm.zookeeper to /home/travis/build/apache/storm/storm-core/target/classes
Compiling org.apache.storm.clojure to /home/travis/build/apache/storm/storm-core/target/classes
Compiling org.apache.storm.command.rebalance to /home/travis/build/apache/storm/storm-core/target/classes
Compiling org.apache.storm.command.kill-topology to /home/travis/build/apache/storm/storm-core/target/classes
Compiling org.apache.storm.LocalDRPC to /home/travis/build/apache/storm/storm-core/target/classes
Compiling org.apache.storm.messaging.local to /home/travis/build/apache/storm/storm-core/target/classes
Compiling org.apache.storm.daemon.executor to /home/travis/build/apache/storm/storm-core/target/classes
Compiling org.apache.storm.event to /home/travis/build/apache/storm/storm-core/target/classes
Compiling org.apache.storm.daemon.supervisor to /home/travis/build/apache/storm/storm-core/target/classes
Compiling org.apache.storm.command.activate to /home/travis/build/apache/storm/storm-core/target/classes
Compiling org.apache.storm.command.shell-submission to /home/travis/build/apache/storm/storm-core/target/classes
Compiling org.apache.storm.MockAutoCred to /home/travis/build/apache/storm/storm-core/target/classes
Compiling org.apache.storm.command.get-errors to /home/travis/build/apache/storm/storm-core/target/classes
Compiling org.apache.storm.pacemaker.pacemaker to /home/travis/build/apache/storm/storm-core/target/classes
Compiling org.apache.storm.testing4j to /home/travis/build/apache/storm/storm-core/target/classes
Compiling org.apache.storm.metric.testing to /home/travis/build/apache/storm/storm-core/target/classes
Compiling org.apache.storm.ui.core to /home/travis/build/apache/storm/storm-core/target/classes
Compiling org.apache.storm.command.upload-credentials to /home/travis/build/apache/storm/storm-core/target/classes
Compiling org.apache.storm.ui.helpers to /home/travis/build/apache/storm/storm-core/target/classes
Compiling org.apache.storm.scheduler.DefaultScheduler to /home/travis/build/apache/storm/storm-core/target/classes
Compiling org.apache.storm.command.list to /home/travis/build/apache/storm/storm-core/target/classes
Compiling org.apache.storm.pacemaker.pacemaker-state-factory to /home/travis/build/apache/storm/storm-core/target/classes
Compiling org.apache.storm.disruptor to /home/travis/build/apache/storm/storm-core/target/classes
Compiling org.apache.storm.util to /home/travis/build/apache/storm/storm-core/target/classes
Compiling org.apache.storm.daemon.task to /home/travis/build/apache/storm/storm-core/target/classes
Compiling org.apache.storm.command.config-value to /home/travis/build/apache/storm/storm-core/target/classes
Compiling org.apache.storm.converter to /home/travis/build/apache/storm/storm-core/target/classes
Compiling org.apache.storm.daemon.nimbus to /home/travis/build/apache/storm/storm-core/target/classes
Compiling org.apache.storm.cluster-state.zookeeper-state-factory to /home/travis/build/apache/storm/storm-core/target/classes
Compiling org.apache.storm.messaging.loader to /home/travis/build/apache/storm/storm-core/target/classes
Compiling org.apache.storm.daemon.worker to /home/travis/build/apache/storm/storm-core/target/classes
[INFO] 
[INFO] --- make-maven-plugin:1.0-beta-1:autoreconf (compile) @ storm-core ---
[INFO] 
[INFO] --- make-maven-plugin:1.0-beta-1:configure (compile) @ storm-core ---
[INFO] /bin/sh: 14: /home/travis/.jdk_switcher_rc: [[: not found
[INFO] /bin/sh: 22: /home/travis/.jdk_switcher_rc: [[: not found
[INFO] /bin/sh: 32: /home/travis/.jdk_switcher_rc: [[: not found
[INFO] /bin/sh: 42: /home/travis/.jdk_switcher_rc: [[: not found
[INFO] /bin/sh: 3: /etc/profile.d/rvm.sh: [[: not found
[INFO] checking for gcc... gcc
[INFO] checking whether the C compiler works... yes
[INFO] checking for C compiler default output file name... a.out
[INFO] checking for suffix of executables... 
[INFO] checking whether we are cross compiling... no
[INFO] checking for suffix of object files... o
[INFO] checking whether we are using the GNU C compiler... yes
[INFO] checking whether gcc accepts -g... yes
[INFO] checking for gcc option to accept ISO C89... none needed
[INFO] checking how to run the C preprocessor... gcc -E
[INFO] checking for grep that handles long lines and -e... /bin/grep
[INFO] checking for egrep... /bin/grep -E
[INFO] checking for ANSI C header files... yes
[INFO] checking for sys/types.h... yes
[INFO] checking for sys/stat.h... yes
[INFO] checking for stdlib.h... yes
[INFO] checking for string.h... yes
[INFO] checking for memory.h... yes
[INFO] checking for strings.h... yes
[INFO] checking for inttypes.h... yes
[INFO] checking for stdint.h... yes
[INFO] checking for unistd.h... yes
[INFO] checking minix/config.h usability... no
[INFO] checking minix/config.h presence... no
[INFO] checking for minix/config.h... no
[INFO] checking whether it is safe to define __EXTENSIONS__... yes
[INFO] checking for a BSD-compatible install... /usr/bin/install -c
[INFO] checking whether build environment is sane... yes
[INFO] checking for a thread-safe mkdir -p... /bin/mkdir -p
[INFO] checking for gawk... gawk
[INFO] checking whether make sets $(MAKE)... yes
[INFO] checking for style of include used by make... GNU
[INFO] checking dependency style of gcc... gcc3
[INFO] checking for gcc... (cached) gcc
[INFO] checking whether we are using the GNU C compiler... (cached) yes
[INFO] checking whether gcc accepts -g... (cached) yes
[INFO] checking for gcc option to accept ISO C89... (cached) none needed
[INFO] checking whether gcc and cc understand -c and -o together... yes
[INFO] checking for unistd.h... (cached) yes
[INFO] checking for stdbool.h that conforms to C99... yes
[INFO] checking for _Bool... yes
[INFO] checking for an ANSI C-conforming const... yes
[INFO] checking for off_t... yes
[INFO] checking for size_t... yes
[INFO] checking whether strerror_r is declared... yes
[INFO] checking for strerror_r... yes
[INFO] checking whether strerror_r returns char *... yes
[INFO] checking for mkdir... yes
[INFO] checking for uname... yes
[INFO] configure: creating ./config.status
[INFO] config.status: creating Makefile
[INFO] config.status: executing depfiles commands
[INFO] 
[INFO] --- make-maven-plugin:1.0-beta-1:make-install (compile) @ storm-core ---
[INFO] /bin/sh: 14: /home/travis/.jdk_switcher_rc: [[: not found
[INFO] /bin/sh: 22: /home/travis/.jdk_switcher_rc: [[: not found
[INFO] /bin/sh: 32: /home/travis/.jdk_switcher_rc: [[: not found
[INFO] /bin/sh: 42: /home/travis/.jdk_switcher_rc: [[: not found
[INFO] /bin/sh: 3: /etc/profile.d/rvm.sh: [[: not found
[INFO] make[1]: Entering directory `/home/travis/build/apache/storm/storm-core/target/native/worker-launcher'
[INFO] test -z "/usr/local/bin" || /bin/mkdir -p "/home/travis/build/apache/storm/storm-core/target/native/target/usr/local/bin"
[INFO]   /usr/bin/install -c worker-launcher '/home/travis/build/apache/storm/storm-core/target/native/target/usr/local/bin'
[INFO] make[1]: Nothing to be done for `install-data-am'.
[INFO] make[1]: Leaving directory `/home/travis/build/apache/storm/storm-core/target/native/worker-launcher'
[INFO] 
[INFO] --- maven-resources-plugin:2.5:testResources (default-testResources) @ storm-core ---
[debug] execute contextualize
[INFO] Using 'UTF-8' encoding to copy filtered resources.
[INFO] Copying 14 resources
[INFO] Copying 2 resources
[INFO] Copying 3 resources
[INFO] 
[INFO] --- maven-dependency-plugin:2.8:unpack (unpack) @ storm-core ---
[INFO] Configured Artifact: org.apache.storm:multilang-ruby:1.1.0-SNAPSHOT:jar
[INFO] Downloading: https://repository.apache.org/snapshots/org/apache/storm/multilang-ruby/1.1.0-SNAPSHOT/maven-metadata.xml
[INFO] Downloaded: https://repository.apache.org/snapshots/org/apache/storm/multilang-ruby/1.1.0-SNAPSHOT/maven-metadata.xml (2 KB at 1.2 KB/sec)
[INFO] Configured Artifact: org.apache.storm:multilang-python:1.1.0-SNAPSHOT:jar
[INFO] Downloading: https://repository.apache.org/snapshots/org/apache/storm/multilang-python/1.1.0-SNAPSHOT/maven-metadata.xml
[INFO] Downloaded: https://repository.apache.org/snapshots/org/apache/storm/multilang-python/1.1.0-SNAPSHOT/maven-metadata.xml (2 KB at 13.6 KB/sec)
[INFO] Configured Artifact: org.apache.storm:multilang-javascript:1.1.0-SNAPSHOT:jar
[INFO] Downloading: https://repository.apache.org/snapshots/org/apache/storm/multilang-javascript/1.1.0-SNAPSHOT/maven-metadata.xml
[INFO] Downloaded: https://repository.apache.org/snapshots/org/apache/storm/multilang-javascript/1.1.0-SNAPSHOT/maven-metadata.xml (2 KB at 11.3 KB/sec)
[INFO] multilang-ruby-1.1.0-SNAPSHOT.jar already unpacked.
[INFO] multilang-python-1.1.0-SNAPSHOT.jar already unpacked.
[INFO] multilang-javascript-1.1.0-SNAPSHOT.jar already unpacked.
[INFO] 
[INFO] --- maven-compiler-plugin:3.1:testCompile (default-testCompile) @ storm-core ---
[INFO] Nothing to compile - all classes are up to date
[INFO] 
[INFO] --- maven-surefire-plugin:2.18.1:test (default-test) @ storm-core ---
[INFO] Surefire report directory: /home/travis/build/apache/storm/storm-core/target/surefire-reports
[INFO] parallel='none', perCoreThreadCount=true, threadCount=0, useUnlimitedThreads=false, threadCountSuites=0, threadCountClasses=0, threadCountMethods=0, parallelOptimized=true

-------------------------------------------------------
 T E S T S
-------------------------------------------------------
Running org.apache.storm.utils.ShellBoltMessageQueueTest
Tests run: 3, Failures: 0, Errors: 0, Skipped: 0, Time elapsed: 2.02 sec - in org.apache.storm.utils.ShellBoltMessageQueueTest
Running org.apache.storm.utils.WorkerBackpressureThreadTest
Tests run: 1, Failures: 0, Errors: 0, Skipped: 0, Time elapsed: 0.156 sec - in org.apache.storm.utils.WorkerBackpressureThreadTest
Running org.apache.storm.utils.DisruptorQueueTest
Tests run: 3, Failures: 0, Errors: 0, Skipped: 0, Time elapsed: 3.335 sec - in org.apache.storm.utils.DisruptorQueueTest
Running org.apache.storm.utils.StormBoundedExponentialBackoffRetryTest
Tests run: 5, Failures: 0, Errors: 0, Skipped: 0, Time elapsed: 0.186 sec - in org.apache.storm.utils.StormBoundedExponentialBackoffRetryTest
Running org.apache.storm.utils.DisruptorQueueBackpressureTest
Tests run: 1, Failures: 0, Errors: 0, Skipped: 0, Time elapsed: 0.001 sec - in org.apache.storm.utils.DisruptorQueueBackpressureTest
Running org.apache.storm.utils.ThriftTopologyUtilsTest
Tests run: 5, Failures: 0, Errors: 0, Skipped: 0, Time elapsed: 0.261 sec - in org.apache.storm.utils.ThriftTopologyUtilsTest
Running org.apache.storm.spout.CheckpointSpoutTest
Tests run: 7, Failures: 0, Errors: 0, Skipped: 0, Time elapsed: 0.337 sec - in org.apache.storm.spout.CheckpointSpoutTest
Running org.apache.storm.TestConfigValidate
Tests run: 24, Failures: 0, Errors: 0, Skipped: 0, Time elapsed: 0.669 sec - in org.apache.storm.TestConfigValidate
Running org.apache.storm.serialization.GzipBridgeThriftSerializationDelegateTest
Tests run: 3, Failures: 0, Errors: 0, Skipped: 0, Time elapsed: 0.038 sec - in org.apache.storm.serialization.GzipBridgeThriftSerializationDelegateTest
Running org.apache.storm.serialization.ThriftBridgeSerializationDelegateTest
Tests run: 1, Failures: 0, Errors: 0, Skipped: 0, Time elapsed: 0.019 sec - in org.apache.storm.serialization.ThriftBridgeSerializationDelegateTest
Running org.apache.storm.serialization.GzipBridgeSerializationDelegateTest
Tests run: 3, Failures: 0, Errors: 0, Skipped: 0, Time elapsed: 0.044 sec - in org.apache.storm.serialization.GzipBridgeSerializationDelegateTest
Running org.apache.storm.blobstore.ClientBlobStoreTest
Tests run: 4, Failures: 0, Errors: 0, Skipped: 0, Time elapsed: 0.057 sec - in org.apache.storm.blobstore.ClientBlobStoreTest
Running org.apache.storm.blobstore.BlobStoreTest
Tests run: 4, Failures: 0, Errors: 0, Skipped: 0, Time elapsed: 12.417 sec - in org.apache.storm.blobstore.BlobStoreTest
Running org.apache.storm.blobstore.BlobSynchronizerTest
Tests run: 4, Failures: 0, Errors: 0, Skipped: 0, Time elapsed: 7.959 sec - in org.apache.storm.blobstore.BlobSynchronizerTest
Running org.apache.storm.trident.TridentWindowingTest
Tests run: 3, Failures: 0, Errors: 0, Skipped: 0, Time elapsed: 0.002 sec - in org.apache.storm.trident.TridentWindowingTest
Running org.apache.storm.trident.TestTridentTopology
Tests run: 1, Failures: 0, Errors: 0, Skipped: 0, Time elapsed: 98.41 sec - in org.apache.storm.trident.TestTridentTopology
Running org.apache.storm.metric.internal.LatencyStatAndMetricTest
Tests run: 1, Failures: 0, Errors: 0, Skipped: 0, Time elapsed: 0.018 sec - in org.apache.storm.metric.internal.LatencyStatAndMetricTest
Running org.apache.storm.metric.internal.CountStatAndMetricTest
Tests run: 1, Failures: 0, Errors: 0, Skipped: 0, Time elapsed: 0.014 sec - in org.apache.storm.metric.internal.CountStatAndMetricTest
Running org.apache.storm.metric.internal.RateTrackerTest
Tests run: 4, Failures: 0, Errors: 0, Skipped: 0, Time elapsed: 0.002 sec - in org.apache.storm.metric.internal.RateTrackerTest
Running org.apache.storm.metric.filter.FilterByMetricNameTest
Tests run: 4, Failures: 0, Errors: 0, Skipped: 0, Time elapsed: 0.54 sec - in org.apache.storm.metric.filter.FilterByMetricNameTest
Running org.apache.storm.windowing.WaterMarkEventGeneratorTest
Tests run: 5, Failures: 0, Errors: 0, Skipped: 0, Time elapsed: 1.084 sec - in org.apache.storm.windowing.WaterMarkEventGeneratorTest
Running org.apache.storm.windowing.WindowManagerTest
Tests run: 10, Failures: 0, Errors: 0, Skipped: 0, Time elapsed: 1.568 sec - in org.apache.storm.windowing.WindowManagerTest
Running org.apache.storm.topology.StatefulBoltExecutorTest
Tests run: 7, Failures: 0, Errors: 0, Skipped: 0, Time elapsed: 2.36 sec - in org.apache.storm.topology.StatefulBoltExecutorTest
Running org.apache.storm.topology.WindowedBoltExecutorTest
Tests run: 5, Failures: 0, Errors: 0, Skipped: 0, Time elapsed: 2.521 sec - in org.apache.storm.topology.WindowedBoltExecutorTest
Running org.apache.storm.topology.StatefulWindowedBoltExecutorTest
Tests run: 4, Failures: 0, Errors: 0, Skipped: 0, Time elapsed: 0.427 sec - in org.apache.storm.topology.StatefulWindowedBoltExecutorTest
Running org.apache.storm.topology.TopologyBuilderTest
Tests run: 5, Failures: 0, Errors: 0, Skipped: 0, Time elapsed: 1.075 sec - in org.apache.storm.topology.TopologyBuilderTest
Running org.apache.storm.localizer.LocalizerTest
Tests run: 13, Failures: 0, Errors: 0, Skipped: 0, Time elapsed: 7.619 sec - in org.apache.storm.localizer.LocalizerTest
Running org.apache.storm.localizer.LocalizedResourceRetentionSetTest
Tests run: 2, Failures: 0, Errors: 0, Skipped: 0, Time elapsed: 0.031 sec - in org.apache.storm.localizer.LocalizedResourceRetentionSetTest
Running org.apache.storm.localizer.LocalizedResourceSetTest
Tests run: 4, Failures: 0, Errors: 0, Skipped: 0, Time elapsed: 0.007 sec - in org.apache.storm.localizer.LocalizedResourceSetTest
Running org.apache.storm.scheduler.resource.TestUser
Tests run: 3, Failures: 0, Errors: 0, Skipped: 0, Time elapsed: 8.994 sec - in org.apache.storm.scheduler.resource.TestUser
Running org.apache.storm.scheduler.resource.TestResourceAwareScheduler
Tests run: 15, Failures: 0, Errors: 0, Skipped: 0, Time elapsed: 5.574 sec - in org.apache.storm.scheduler.resource.TestResourceAwareScheduler
Running org.apache.storm.grouping.PartialKeyGroupingTest
Tests run: 2, Failures: 0, Errors: 0, Skipped: 0, Time elapsed: 0.014 sec - in org.apache.storm.grouping.PartialKeyGroupingTest
Running org.apache.storm.state.InMemoryKeyValueStateTest
Tests run: 2, Failures: 0, Errors: 0, Skipped: 0, Time elapsed: 0.003 sec - in org.apache.storm.state.InMemoryKeyValueStateTest

Results :

Tests run: 159, Failures: 0, Errors: 0, Skipped: 0

[INFO] 
[INFO] --- clojure-maven-plugin:1.7.1:test (test-clojure) @ storm-core ---
Warning: protocol #'org.apache.storm.pacemaker-state-factory-test/send-capture is overwriting function send
WARNING: send already refers to: #'clojure.core/send in namespace: org.apache.storm.pacemaker-state-factory-test, being replaced by: #'org.apache.storm.pacemaker-state-factory-test/send
Running org.apache.storm.security.auth.auto-login-module-test
Tests run: 6, Passed: 22, Failures: 0, Errors: 0
Running org.apache.storm.transactional-test
Tests run: 7, Passed: 110, Failures: 0, Errors: 0
Running org.apache.storm.serialization-test
Tests run: 6, Passed: 13, Failures: 0, Errors: 0
Running org.apache.storm.utils.ZookeeperServerCnxnFactory-test
Tests run: 2, Passed: 3, Failures: 0, Errors: 0
Running org.apache.storm.versioned-store-test
Tests run: 2, Passed: 5, Failures: 0, Errors: 0
Running org.apache.storm.security.auth.drpc-auth-test
Tests run: 4, Passed: 22, Failures: 0, Errors: 0
Running org.apache.storm.pacemaker-state-factory-test
Tests run: 4, Passed: 15, Failures: 0, Errors: 0
Running org.apache.storm.supervisor-test
57357 [Thread-164] INFO  o.a.s.util - Async loop interrupted!
57357 [Thread-179] INFO  o.a.s.util - Async loop interrupted!
Tests run: 20, Passed: 70, Failures: 0, Errors: 0
Running org.apache.storm.scheduler.multitenant-scheduler-test
Tests run: 17, Passed: 235, Failures: 0, Errors: 0
Running org.apache.storm.security.auth.nimbus-auth-test
Tests run: 5, Passed: 39, Failures: 0, Errors: 0
Running org.apache.storm.security.auth.ThriftServer-test
Tests run: 2, Passed: 1, Failures: 0, Errors: 0
Running org.apache.storm.security.auth.AuthUtils-test
Tests run: 5, Passed: 6, Failures: 0, Errors: 0
Running org.apache.storm.logviewer-test
Tests run: 12, Passed: 118, Failures: 0, Errors: 0
Running org.apache.storm.worker-test
Tests run: 8, Passed: 35, Failures: 0, Errors: 0
Running integration.org.apache.storm.testing4j-test
Tests run: 8, Passed: 36, Failures: 0, Errors: 0
Running org.apache.storm.trident.state-test
Tests run: 5, Passed: 37, Failures: 0, Errors: 0
Running org.apache.storm.utils-test
Tests run: 5, Passed: 22, Failures: 0, Errors: 0
Running org.apache.storm.serialization.SerializationFactory-test
Tests run: 3, Passed: 3, Failures: 0, Errors: 0
Running org.apache.storm.security.auth.DefaultHttpCredentialsPlugin-test
Tests run: 2, Passed: 8, Failures: 0, Errors: 0
Running org.apache.storm.security.auth.auth-test
Tests run: 13, Passed: 94, Failures: 0, Errors: 0
Running org.apache.storm.clojure-test
Tests run: 3, Passed: 5, Failures: 0, Errors: 0
Running org.apache.storm.messaging-test
Tests run: 1, Passed: 2, Failures: 0, Errors: 0
Running org.apache.storm.drpc-test
91923 [Thread-728] INFO  o.a.s.util - Async loop interrupted!
94278 [Thread-779] INFO  o.a.s.util - Async loop interrupted!
96583 [Thread-830] INFO  o.a.s.util - Async loop interrupted!
100881 [Thread-852] INFO  o.a.s.util - Async loop interrupted!
108179 [Thread-886] INFO  o.a.s.util - Async loop interrupted!
Tests run: 7, Passed: 17, Failures: 0, Errors: 0
Running org.apache.storm.submitter-test
Tests run: 1, Passed: 13, Failures: 0, Errors: 0
Running org.apache.storm.security.auth.ReqContext-test
Tests run: 3, Passed: 4, Failures: 0, Errors: 0
Running org.apache.storm.fields-test
Tests run: 2, Passed: 22, Failures: 0, Errors: 0
Running integration.org.apache.storm.integration-test
Tests run: 18, Passed: 51, Failures: 0, Errors: 0
Running org.apache.storm.security.auth.authorizer.DRPCSimpleACLAuthorizer-test
Tests run: 7, Passed: 37, Failures: 0, Errors: 0
Running org.apache.storm.pacemaker-test
Tests run: 8, Passed: 58, Failures: 0, Errors: 0
Running org.apache.storm.metrics-test
Tests run: 8, Passed: 66, Failures: 0, Errors: 0
Running org.apache.storm.security.auth.ThriftClient-test
Tests run: 2, Passed: 4, Failures: 0, Errors: 0
Running org.apache.storm.scheduler-test
Tests run: 4, Passed: 64, Failures: 0, Errors: 0
Running org.apache.storm.scheduler.resource-aware-scheduler-test
Tests run: 8, Passed: 91, Failures: 0, Errors: 0
Running org.apache.storm.security.auth.SaslTransportPlugin-test
Tests run: 2, Passed: 8, Failures: 0, Errors: 0
Running org.apache.storm.local-state-test
Tests run: 2, Passed: 10, Failures: 0, Errors: 0
Running org.apache.storm.messaging.netty-unit-test
Tests run: 5, Passed: 24, Failures: 0, Errors: 0
Running org.apache.storm.tuple-test
Tests run: 4, Passed: 13, Failures: 0, Errors: 0
Running org.apache.storm.messaging.netty-integration-test
Tests run: 1, Passed: 1, Failures: 0, Errors: 0
Running org.apache.storm.tick-tuple-test
Tests run: 1, Passed: 1, Failures: 0, Errors: 0
Running integration.org.apache.storm.trident.integration-test
Tests run: 9, Passed: 141, Failures: 0, Errors: 0
Running org.apache.storm.grouping-test
Tests run: 5, Passed: 15, Failures: 0, Errors: 0
Running org.apache.storm.security.serialization.BlowfishTupleSerializer-test
Tests run: 3, Passed: 3, Failures: 0, Errors: 0
Running org.apache.storm.nimbus-test
Tests run: 43, Passed: 795, Failures: 0, Errors: 0
Running org.apache.storm.subtopology-test
Tests run: 0, Passed: 0, Failures: 0, Errors: 0
Running org.apache.storm.cluster-test
Tests run: 10, Passed: 98, Failures: 0, Errors: 0
Running org.apache.storm.trident.tuple-test
Tests run: 6, Passed: 36, Failures: 0, Errors: 0
[INFO] 
[INFO] --- apache-rat-plugin:0.11:check (default) @ storm-core ---
[INFO] 51 implicit excludes (use -debug for more details).
[INFO] Exclude: **/target/**
[INFO] Exclude: **/*.iml
[INFO] Exclude: **/.idea/**
[INFO] Exclude: **/metastore_db/**
[INFO] Exclude: **/build/**
[INFO] Exclude: **/CHANGELOG.md
[INFO] Exclude: **/README.md
[INFO] Exclude: **/README.markdown
[INFO] Exclude: **/DEVELOPER.md
[INFO] Exclude: **/BYLAWS.md
[INFO] Exclude: **/STORM-UI-REST-API.md
[INFO] Exclude: SECURITY.md
[INFO] Exclude: VERSION
[INFO] Exclude: TODO
[INFO] Exclude: **/src/py/**
[INFO] Exclude: **/src/ui/public/js/jquery.dataTables.1.10.4.min.js
[INFO] Exclude: **/src/ui/public/css/jquery.dataTables.1.10.4.min.css
[INFO] Exclude: **/src/ui/public/images/*
[INFO] Exclude: **/src/ui/public/js/bootstrap-3.3.1.min.js
[INFO] Exclude: **/src/ui/public/css/bootstrap-3.3.1.min.css
[INFO] Exclude: **/src/ui/public/js/dataTables.bootstrap.min.js
[INFO] Exclude: **/src/ui/public/css/dataTables.bootstrap.css
[INFO] Exclude: **/src/ui/public/js/jsonFormatter.min.js
[INFO] Exclude: **/src/ui/public/css/jsonFormatter.min.css
[INFO] Exclude: **/src/ui/public/js/jquery-1.11.1.min.js
[INFO] Exclude: **/src/ui/public/js/jquery.cookies.2.2.0.min.js
[INFO] Exclude: **/src/ui/public/js/moment.min.js
[INFO] Exclude: **/src/ui/public/js/jquery.blockUI.min.js
[INFO] Exclude: **/src/ui/public/js/url.min.js
[INFO] Exclude: **/src/ui/public/js/arbor.js
[INFO] Exclude: **/src/ui/public/js/arbor-graphics.js
[INFO] Exclude: **/src/ui/public/js/arbor-tween.js
[INFO] Exclude: **/src/ui/public/js/jquery.mustache.js
[INFO] Exclude: **/src/ui/public/js/typeahead.jquery.min.js
[INFO] Exclude: **/dependency-reduced-pom.xml
[INFO] Exclude: **/docs/**
[INFO] Exclude: **/.git/**
[INFO] Exclude: **/derby.log
[INFO] Exclude: **/src/dev/**
[INFO] Exclude: **/src/codegen/config.fmpp
[INFO] Exclude: **/src/codegen/data/Parser.tdd
[INFO] Exclude: **/src/test/resources/FixedAvroSerializer.config
[INFO] 993 resources included (use -debug for more details)
Warning:  org.apache.xerces.jaxp.SAXParserImpl$JAXPSAXParser: Property 'http://www.oracle.com/xml/jaxp/properties/entityExpansionLimit' is not recognized.
Compiler warnings:
  WARNING:  'org.apache.xerces.jaxp.SAXParserImpl: Property 'http://javax.xml.XMLConstants/property/accessExternalDTD' is not recognized.'
Warning:  org.apache.xerces.parsers.SAXParser: Feature 'http://javax.xml.XMLConstants/feature/secure-processing' is not recognized.
Warning:  org.apache.xerces.parsers.SAXParser: Property 'http://javax.xml.XMLConstants/property/accessExternalDTD' is not recognized.
Warning:  org.apache.xerces.parsers.SAXParser: Property 'http://www.oracle.com/xml/jaxp/properties/entityExpansionLimit' is not recognized.
[INFO] Rat check: Summary of files. Unapproved: 0 unknown: 0 generated: 0 approved: 987 licence.
[INFO] 
[INFO] --- make-maven-plugin:1.0-beta-1:test (test) @ storm-core ---
[INFO] /bin/sh: 14: /home/travis/.jdk_switcher_rc: [[: not found
[INFO] /bin/sh: 22: /home/travis/.jdk_switcher_rc: [[: not found
[INFO] /bin/sh: 32: /home/travis/.jdk_switcher_rc: [[: not found
[INFO] /bin/sh: 42: /home/travis/.jdk_switcher_rc: [[: not found
[INFO] /bin/sh: 3: /etc/profile.d/rvm.sh: [[: not found
[INFO] make  test-worker-launcher
[INFO] make[1]: Entering directory `/home/travis/build/apache/storm/storm-core/target/native/worker-launcher'
[INFO] make[1]: `test-worker-launcher' is up to date.
[INFO] make[1]: Leaving directory `/home/travis/build/apache/storm/storm-core/target/native/worker-launcher'
[INFO] make  check-TESTS
[INFO] make[1]: Entering directory `/home/travis/build/apache/storm/storm-core/target/native/worker-launcher'
[INFO] chmod: cannot access `/tmp/test-worker-launcher': No such file or directory
[INFO] File /tmp/test-worker-launcher must be owned by root, but is owned by 1000
[INFO] 
[INFO] Starting tests
[INFO] 
[INFO] Testing get_container_launcher_file()
[INFO] 
[INFO] Testing check_configuration_permissions()
[INFO] 
[INFO] Testing check_configuration_permissions
[INFO] 
[INFO] Testing check_user()
[INFO] 
[INFO] Testing test_check_user
[INFO] Requested user lp has id 7, which is below the minimum allowed 1000
[INFO] Running as root is not allowed
[INFO] 
[INFO] Running test test_signal_container in child process
[INFO] 
[INFO] Testing signal_container
[INFO] Child container launched as 21023
[INFO] Killing process 21023 with 3
[INFO] 
[INFO] Running test test_signal_container_group in child process
[INFO] 
[INFO] Testing group signal_container
[INFO] Child container launched as 21025
[INFO] Killing process 21025 with 9
[INFO] 
[INFO] Finished tests
[INFO] PASS: test-worker-launcher
[INFO] =============
[INFO] 1 test passed
[INFO] =============
[INFO] make[1]: Leaving directory `/home/travis/build/apache/storm/storm-core/target/native/worker-launcher'
[INFO] ------------------------------------------------------------------------
[INFO] BUILD SUCCESS
[INFO] ------------------------------------------------------------------------
[INFO] Total time: 07:46 min
[INFO] Finished at: 2016-07-13T16:51:57+00:00
[INFO] Final Memory: 37M/332M
[INFO] ------------------------------------------------------------------------
Looking for errors in ./storm-core/target/surefire-reports
Checking ./storm-core/target/surefire-reports/TEST-org.apache.storm.utils.ShellBoltMessageQueueTest.xml
Checking ./storm-core/target/surefire-reports/TEST-org.apache.storm.utils.WorkerBackpressureThreadTest.xml
Checking ./storm-core/target/surefire-reports/TEST-org.apache.storm.utils.DisruptorQueueTest.xml
Checking ./storm-core/target/surefire-reports/TEST-org.apache.storm.utils.StormBoundedExponentialBackoffRetryTest.xml
Checking ./storm-core/target/surefire-reports/TEST-org.apache.storm.utils.DisruptorQueueBackpressureTest.xml
Checking ./storm-core/target/surefire-reports/TEST-org.apache.storm.utils.ThriftTopologyUtilsTest.xml
Checking ./storm-core/target/surefire-reports/TEST-org.apache.storm.spout.CheckpointSpoutTest.xml
Checking ./storm-core/target/surefire-reports/TEST-org.apache.storm.TestConfigValidate.xml
Checking ./storm-core/target/surefire-reports/TEST-org.apache.storm.serialization.GzipBridgeThriftSerializationDelegateTest.xml
Checking ./storm-core/target/surefire-reports/TEST-org.apache.storm.serialization.ThriftBridgeSerializationDelegateTest.xml
Checking ./storm-core/target/surefire-reports/TEST-org.apache.storm.serialization.GzipBridgeSerializationDelegateTest.xml
Checking ./storm-core/target/surefire-reports/TEST-org.apache.storm.blobstore.ClientBlobStoreTest.xml
Checking ./storm-core/target/surefire-reports/TEST-org.apache.storm.blobstore.BlobStoreTest.xml
Checking ./storm-core/target/surefire-reports/TEST-org.apache.storm.blobstore.BlobSynchronizerTest.xml
Checking ./storm-core/target/surefire-reports/TEST-org.apache.storm.trident.TridentWindowingTest.xml
Checking ./storm-core/target/surefire-reports/TEST-org.apache.storm.trident.TestTridentTopology.xml
Checking ./storm-core/target/surefire-reports/TEST-org.apache.storm.metric.internal.LatencyStatAndMetricTest.xml
Checking ./storm-core/target/surefire-reports/TEST-org.apache.storm.metric.internal.CountStatAndMetricTest.xml
Checking ./storm-core/target/surefire-reports/TEST-org.apache.storm.metric.internal.RateTrackerTest.xml
Checking ./storm-core/target/surefire-reports/TEST-org.apache.storm.metric.filter.FilterByMetricNameTest.xml
Checking ./storm-core/target/surefire-reports/TEST-org.apache.storm.windowing.WaterMarkEventGeneratorTest.xml
Checking ./storm-core/target/surefire-reports/TEST-org.apache.storm.windowing.WindowManagerTest.xml
Checking ./storm-core/target/surefire-reports/TEST-org.apache.storm.topology.StatefulBoltExecutorTest.xml
Checking ./storm-core/target/surefire-reports/TEST-org.apache.storm.topology.WindowedBoltExecutorTest.xml
Checking ./storm-core/target/surefire-reports/TEST-org.apache.storm.topology.StatefulWindowedBoltExecutorTest.xml
Checking ./storm-core/target/surefire-reports/TEST-org.apache.storm.topology.TopologyBuilderTest.xml
Checking ./storm-core/target/surefire-reports/TEST-org.apache.storm.localizer.LocalizerTest.xml
Checking ./storm-core/target/surefire-reports/TEST-org.apache.storm.localizer.LocalizedResourceRetentionSetTest.xml
Checking ./storm-core/target/surefire-reports/TEST-org.apache.storm.localizer.LocalizedResourceSetTest.xml
Checking ./storm-core/target/surefire-reports/TEST-org.apache.storm.scheduler.resource.TestUser.xml
Checking ./storm-core/target/surefire-reports/TEST-org.apache.storm.scheduler.resource.TestResourceAwareScheduler.xml
Checking ./storm-core/target/surefire-reports/TEST-org.apache.storm.grouping.PartialKeyGroupingTest.xml
Checking ./storm-core/target/surefire-reports/TEST-org.apache.storm.state.InMemoryKeyValueStateTest.xml
Looking for errors in ./storm-core/target/test-reports
Checking ./storm-core/target/test-reports/org.apache.storm.security.auth.auto-login-module-test.xml
Checking ./storm-core/target/test-reports/org.apache.storm.transactional-test.xml
Checking ./storm-core/target/test-reports/org.apache.storm.serialization-test.xml
Checking ./storm-core/target/test-reports/org.apache.storm.utils.ZookeeperServerCnxnFactory-test.xml
Checking ./storm-core/target/test-reports/org.apache.storm.versioned-store-test.xml
Checking ./storm-core/target/test-reports/org.apache.storm.security.auth.drpc-auth-test.xml
Checking ./storm-core/target/test-reports/org.apache.storm.pacemaker-state-factory-test.xml
Checking ./storm-core/target/test-reports/org.apache.storm.supervisor-test.xml
Checking ./storm-core/target/test-reports/org.apache.storm.scheduler.multitenant-scheduler-test.xml
Checking ./storm-core/target/test-reports/org.apache.storm.security.auth.nimbus-auth-test.xml
Checking ./storm-core/target/test-reports/org.apache.storm.security.auth.ThriftServer-test.xml
Checking ./storm-core/target/test-reports/org.apache.storm.security.auth.AuthUtils-test.xml
Checking ./storm-core/target/test-reports/org.apache.storm.logviewer-test.xml
Checking ./storm-core/target/test-reports/org.apache.storm.worker-test.xml
Checking ./storm-core/target/test-reports/integration.org.apache.storm.testing4j-test.xml
Checking ./storm-core/target/test-reports/org.apache.storm.trident.state-test.xml
Checking ./storm-core/target/test-reports/org.apache.storm.utils-test.xml
Checking ./storm-core/target/test-reports/org.apache.storm.serialization.SerializationFactory-test.xml
Checking ./storm-core/target/test-reports/org.apache.storm.security.auth.DefaultHttpCredentialsPlugin-test.xml
Checking ./storm-core/target/test-reports/org.apache.storm.security.auth.auth-test.xml
Checking ./storm-core/target/test-reports/org.apache.storm.clojure-test.xml
Checking ./storm-core/target/test-reports/org.apache.storm.messaging-test.xml
Checking ./storm-core/target/test-reports/org.apache.storm.drpc-test.xml
Checking ./storm-core/target/test-reports/org.apache.storm.submitter-test.xml
Checking ./storm-core/target/test-reports/org.apache.storm.security.auth.ReqContext-test.xml
Checking ./storm-core/target/test-reports/org.apache.storm.fields-test.xml
Checking ./storm-core/target/test-reports/integration.org.apache.storm.integration-test.xml
Checking ./storm-core/target/test-reports/org.apache.storm.security.auth.authorizer.DRPCSimpleACLAuthorizer-test.xml
Checking ./storm-core/target/test-reports/org.apache.storm.pacemaker-test.xml
Checking ./storm-core/target/test-reports/org.apache.storm.metrics-test.xml
Checking ./storm-core/target/test-reports/org.apache.storm.security.auth.ThriftClient-test.xml
Checking ./storm-core/target/test-reports/org.apache.storm.scheduler-test.xml
Checking ./storm-core/target/test-reports/org.apache.storm.scheduler.resource-aware-scheduler-test.xml
Checking ./storm-core/target/test-reports/org.apache.storm.security.auth.SaslTransportPlugin-test.xml
Checking ./storm-core/target/test-reports/org.apache.storm.local-state-test.xml
Checking ./storm-core/target/test-reports/org.apache.storm.messaging.netty-unit-test.xml
Checking ./storm-core/target/test-reports/org.apache.storm.tuple-test.xml
Checking ./storm-core/target/test-reports/org.apache.storm.messaging.netty-integration-test.xml
Checking ./storm-core/target/test-reports/org.apache.storm.tick-tuple-test.xml
Checking ./storm-core/target/test-reports/integration.org.apache.storm.trident.integration-test.xml
Checking ./storm-core/target/test-reports/org.apache.storm.grouping-test.xml
Checking ./storm-core/target/test-reports/org.apache.storm.security.serialization.BlowfishTupleSerializer-test.xml
Checking ./storm-core/target/test-reports/org.apache.storm.nimbus-test.xml
Checking ./storm-core/target/test-reports/org.apache.storm.subtopology-test.xml
Checking ./storm-core/target/test-reports/org.apache.storm.cluster-test.xml
Checking ./storm-core/target/test-reports/org.apache.storm.trident.tuple-test.xml

travis_time:end:092ea19e:start=1468428245814536933,finish=1468428720377015488,duration=474562478555[0K
[32;1mThe command "/bin/bash ./dev-tools/travis/travis-script.sh `pwd` $MODULES" exited with 0.[0m
travis_fold:start:cache.2[0Kstore build cache
travis_time:start:012a2900[0K
travis_time:end:012a2900:start=1468428720381360258,finish=1468428720384784691,duration=3424433[0Ktravis_time:start:1c62556a[0K[32;1mchange detected (content changed, file is created, or file is deleted):
/home/travis/.m2/repository/eigenbase/eigenbase-properties/1.1.4/eigenbase-properties-1.1.4.pom.lastUpdated
/home/travis/.m2/repository/io/confluent/kafka-avro-serializer/1.0/kafka-avro-serializer-1.0.pom.lastUpdated
/home/travis/.m2/repository/io/confluent/kafka-schema-registry-client/1.0/kafka-schema-registry-client-1.0.pom.lastUpdated
/home/travis/.m2/repository/net/hydromatic/linq4j/0.4/linq4j-0.4.pom.lastUpdated
/home/travis/.m2/repository/net/hydromatic/quidem/0.1.1/quidem-0.1.1.pom.lastUpdated
/home/travis/.m2/repository/org/apache/storm/flux/1.1.0-SNAPSHOT/maven-metadata-local.xml
/home/travis/.m2/repository/org/apache/storm/flux/1.1.0-SNAPSHOT/_remote.repositories
/home/travis/.m2/repository/org/apache/storm/flux-core/1.1.0-SNAPSHOT/flux-core-1.1.0-SNAPSHOT.jar
/home/travis/.m2/repository/org/apache/storm/flux-core/1.1.0-SNAPSHOT/maven-metadata-local.xml
/home/travis/.m2/repository/org/apache/storm/flux-core/1.1.0-SNAPSHOT/_remote.repositories
/home/travis/.m2/repository/org/ap
[0m
[32;1m...
[0m
[32;1mchanges detected, packing new archive[0m
.
.
.
.
.
.
.
.
.
.
[32;1muploading archive[0m

travis_time:end:1c62556a:start=1468428720388705585,finish=1468428807370027847,duration=86981322262[0Ktravis_fold:end:cache.2[0K
Done. Your build exited with 0.
