Using worker: worker-linux-docker-2869e7d0.prod.travis-ci.org:travis-linux-11

travis_fold:start:system_info[0K[33;1mBuild system information[0m
Build language: java
Build group: stable
Build dist: precise
Build id: 148599818
Job id: 148599820
travis-build version: 2b5248985
[34m[1mBuild image provisioning date and time[0m
Thu Feb  5 15:09:33 UTC 2015
[34m[1mOperating System Details[0m
Distributor ID:	Ubuntu
Description:	Ubuntu 12.04.5 LTS
Release:	12.04
Codename:	precise
[34m[1mLinux Version[0m
3.13.0-29-generic
[34m[1mCookbooks Version[0m
a68419e https://github.com/travis-ci/travis-cookbooks/tree/a68419e
[34m[1mGCC version[0m
gcc (Ubuntu/Linaro 4.6.3-1ubuntu5) 4.6.3
Copyright (C) 2011 Free Software Foundation, Inc.
This is free software; see the source for copying conditions.  There is NO
warranty; not even for MERCHANTABILITY or FITNESS FOR A PARTICULAR PURPOSE.

[34m[1mLLVM version[0m
clang version 3.4 (tags/RELEASE_34/final)
Target: x86_64-unknown-linux-gnu
Thread model: posix
[34m[1mPre-installed Ruby versions[0m
ruby-1.9.3-p551
[34m[1mPre-installed Node.js versions[0m
v0.10.36
[34m[1mPre-installed Go versions[0m
1.4.1
[34m[1mRedis version[0m
redis-server 2.8.19
[34m[1mriak version[0m
2.0.2
[34m[1mMongoDB version[0m
MongoDB 2.4.12
[34m[1mCouchDB version[0m
couchdb 1.6.1
[34m[1mNeo4j version[0m
1.9.4
[34m[1mRabbitMQ Version[0m
3.4.3
[34m[1mElasticSearch version[0m
1.4.0
[34m[1mInstalled Sphinx versions[0m
2.0.10
2.1.9
2.2.6
[34m[1mDefault Sphinx version[0m
2.2.6
[34m[1mInstalled Firefox version[0m
firefox 31.0esr
[34m[1mPhantomJS version[0m
1.9.8
[34m[1mant -version[0m
Apache Ant(TM) version 1.8.2 compiled on December 3 2011
[34m[1mmvn -version[0m
Apache Maven 3.2.5 (12a6b3acb947671f09b81f49094c53f426d8cea1; 2014-12-14T17:29:23+00:00)
Maven home: /usr/local/maven
Java version: 1.7.0_76, vendor: Oracle Corporation
Java home: /usr/lib/jvm/java-7-oracle/jre
Default locale: en_US, platform encoding: ANSI_X3.4-1968
OS name: "linux", version: "3.13.0-29-generic", arch: "amd64", family: "unix"
travis_fold:end:system_info[0K
travis_fold:start:fix.CVE-2015-7547[0K$ export DEBIAN_FRONTEND=noninteractive
W: Size of file /var/lib/apt/lists/us.archive.ubuntu.com_ubuntu_dists_precise-backports_multiverse_source_Sources.gz is not what the server reported 5886 5888
W: Size of file /var/lib/apt/lists/ppa.launchpad.net_ubuntugis_ppa_ubuntu_dists_precise_main_binary-amd64_Packages.gz is not what the server reported 33653 36677
W: Size of file /var/lib/apt/lists/ppa.launchpad.net_ubuntugis_ppa_ubuntu_dists_precise_main_binary-i386_Packages.gz is not what the server reported 33699 36733
Reading package lists...
Building dependency tree...
Reading state information...
The following extra packages will be installed:
  libc-bin libc-dev-bin libc6-dev
Suggested packages:
  glibc-doc
The following packages will be upgraded:
  libc-bin libc-dev-bin libc6 libc6-dev
4 upgraded, 0 newly installed, 0 to remove and 252 not upgraded.
Need to get 8,840 kB of archives.
After this operation, 14.3 kB disk space will be freed.
Get:1 http://us.archive.ubuntu.com/ubuntu/ precise-updates/main libc6-dev amd64 2.15-0ubuntu10.15 [2,943 kB]
Get:2 http://us.archive.ubuntu.com/ubuntu/ precise-updates/main libc-dev-bin amd64 2.15-0ubuntu10.15 [84.7 kB]
Get:3 http://us.archive.ubuntu.com/ubuntu/ precise-updates/main libc-bin amd64 2.15-0ubuntu10.15 [1,177 kB]
Get:4 http://us.archive.ubuntu.com/ubuntu/ precise-updates/main libc6 amd64 2.15-0ubuntu10.15 [4,636 kB]
Fetched 8,840 kB in 0s (34.7 MB/s)
Preconfiguring packages ...
(Reading database ... (Reading database ... 5%(Reading database ... 10%(Reading database ... 15%(Reading database ... 20%(Reading database ... 25%(Reading database ... 30%(Reading database ... 35%(Reading database ... 40%(Reading database ... 45%(Reading database ... 50%(Reading database ... 55%(Reading database ... 60%(Reading database ... 65%(Reading database ... 70%(Reading database ... 75%(Reading database ... 80%(Reading database ... 85%(Reading database ... 90%(Reading database ... 95%(Reading database ... 100%(Reading database ... 72019 files and directories currently installed.)
Preparing to replace libc6-dev 2.15-0ubuntu10.10 (using .../libc6-dev_2.15-0ubuntu10.15_amd64.deb) ...
Unpacking replacement libc6-dev ...
Preparing to replace libc-dev-bin 2.15-0ubuntu10.10 (using .../libc-dev-bin_2.15-0ubuntu10.15_amd64.deb) ...
Unpacking replacement libc-dev-bin ...
Preparing to replace libc-bin 2.15-0ubuntu10.10 (using .../libc-bin_2.15-0ubuntu10.15_amd64.deb) ...
Unpacking replacement libc-bin ...
Processing triggers for man-db ...
Setting up libc-bin (2.15-0ubuntu10.15) ...
(Reading database ... (Reading database ... 5%(Reading database ... 10%(Reading database ... 15%(Reading database ... 20%(Reading database ... 25%(Reading database ... 30%(Reading database ... 35%(Reading database ... 40%(Reading database ... 45%(Reading database ... 50%(Reading database ... 55%(Reading database ... 60%(Reading database ... 65%(Reading database ... 70%(Reading database ... 75%(Reading database ... 80%(Reading database ... 85%(Reading database ... 90%(Reading database ... 95%(Reading database ... 100%(Reading database ... 72018 files and directories currently installed.)
Preparing to replace libc6 2.15-0ubuntu10.10 (using .../libc6_2.15-0ubuntu10.15_amd64.deb) ...
Unpacking replacement libc6 ...
Setting up libc6 (2.15-0ubuntu10.15) ...
Setting up libc-dev-bin (2.15-0ubuntu10.15) ...
Setting up libc6-dev (2.15-0ubuntu10.15) ...
Processing triggers for libc-bin ...
ldconfig deferred processing now taking place
travis_fold:end:fix.CVE-2015-7547[0Ktravis_fold:start:git.checkout[0Ktravis_time:start:2095b8c4[0K$ git clone --depth=50 https://github.com/apache/storm.git apache/storm
Cloning into 'apache/storm'...
remote: Counting objects: 22614, done.[K
remote: Compressing objects:   0% (1/8939)   [Kremote: Compressing objects:   1% (90/8939)   [Kremote: Compressing objects:   2% (179/8939)   [Kremote: Compressing objects:   3% (269/8939)   [Kremote: Compressing objects:   4% (358/8939)   [Kremote: Compressing objects:   5% (447/8939)   [Kremote: Compressing objects:   6% (537/8939)   [Kremote: Compressing objects:   7% (626/8939)   [Kremote: Compressing objects:   8% (716/8939)   [Kremote: Compressing objects:   9% (805/8939)   [Kremote: Compressing objects:  10% (894/8939)   [Kremote: Compressing objects:  11% (984/8939)   [Kremote: Compressing objects:  12% (1073/8939)   [Kremote: Compressing objects:  13% (1163/8939)   [Kremote: Compressing objects:  14% (1252/8939)   [Kremote: Compressing objects:  15% (1341/8939)   [Kremote: Compressing objects:  16% (1431/8939)   [Kremote: Compressing objects:  17% (1520/8939)   [Kremote: Compressing objects:  18% (1610/8939)   [Kremote: Compressing objects:  19% (1699/8939)   [Kremote: Compressing objects:  20% (1788/8939)   [Kremote: Compressing objects:  21% (1878/8939)   [Kremote: Compressing objects:  22% (1967/8939)   [Kremote: Compressing objects:  23% (2056/8939)   [Kremote: Compressing objects:  24% (2146/8939)   [Kremote: Compressing objects:  25% (2235/8939)   [Kremote: Compressing objects:  26% (2325/8939)   [Kremote: Compressing objects:  27% (2414/8939)   [Kremote: Compressing objects:  28% (2503/8939)   [Kremote: Compressing objects:  29% (2593/8939)   [Kremote: Compressing objects:  30% (2682/8939)   [Kremote: Compressing objects:  31% (2772/8939)   [Kremote: Compressing objects:  32% (2861/8939)   [Kremote: Compressing objects:  33% (2950/8939)   [Kremote: Compressing objects:  34% (3040/8939)   [Kremote: Compressing objects:  35% (3129/8939)   [Kremote: Compressing objects:  36% (3219/8939)   [Kremote: Compressing objects:  37% (3308/8939)   [Kremote: Compressing objects:  38% (3397/8939)   [Kremote: Compressing objects:  39% (3487/8939)   [Kremote: Compressing objects:  40% (3576/8939)   [Kremote: Compressing objects:  41% (3665/8939)   [Kremote: Compressing objects:  42% (3755/8939)   [Kremote: Compressing objects:  43% (3844/8939)   [Kremote: Compressing objects:  44% (3934/8939)   [Kremote: Compressing objects:  45% (4023/8939)   [Kremote: Compressing objects:  46% (4112/8939)   [Kremote: Compressing objects:  47% (4202/8939)   [Kremote: Compressing objects:  48% (4291/8939)   [Kremote: Compressing objects:  49% (4381/8939)   [Kremote: Compressing objects:  50% (4470/8939)   [Kremote: Compressing objects:  51% (4559/8939)   [Kremote: Compressing objects:  52% (4649/8939)   [Kremote: Compressing objects:  53% (4738/8939)   [Kremote: Compressing objects:  54% (4828/8939)   [Kremote: Compressing objects:  55% (4917/8939)   [Kremote: Compressing objects:  56% (5006/8939)   [Kremote: Compressing objects:  57% (5096/8939)   [Kremote: Compressing objects:  58% (5185/8939)   [Kremote: Compressing objects:  59% (5275/8939)   [Kremote: Compressing objects:  60% (5364/8939)   [Kremote: Compressing objects:  61% (5453/8939)   [Kremote: Compressing objects:  62% (5543/8939)   [Kremote: Compressing objects:  63% (5632/8939)   [Kremote: Compressing objects:  64% (5721/8939)   [Kremote: Compressing objects:  65% (5811/8939)   [Kremote: Compressing objects:  66% (5900/8939)   [Kremote: Compressing objects:  67% (5990/8939)   [Kremote: Compressing objects:  68% (6079/8939)   [Kremote: Compressing objects:  69% (6168/8939)   [Kremote: Compressing objects:  70% (6258/8939)   [Kremote: Compressing objects:  71% (6347/8939)   [Kremote: Compressing objects:  72% (6437/8939)   [Kremote: Compressing objects:  73% (6526/8939)   [Kremote: Compressing objects:  74% (6615/8939)   [Kremote: Compressing objects:  75% (6705/8939)   [Kremote: Compressing objects:  76% (6794/8939)   [Kremote: Compressing objects:  77% (6884/8939)   [Kremote: Compressing objects:  78% (6973/8939)   [Kremote: Compressing objects:  79% (7062/8939)   [Kremote: Compressing objects:  80% (7152/8939)   [Kremote: Compressing objects:  81% (7241/8939)   [Kremote: Compressing objects:  82% (7330/8939)   [Kremote: Compressing objects:  83% (7420/8939)   [Kremote: Compressing objects:  84% (7509/8939)   [Kremote: Compressing objects:  85% (7599/8939)   [Kremote: Compressing objects:  86% (7688/8939)   [Kremote: Compressing objects:  87% (7777/8939)   [Kremote: Compressing objects:  88% (7867/8939)   [Kremote: Compressing objects:  89% (7956/8939)   [Kremote: Compressing objects:  90% (8046/8939)   [Kremote: Compressing objects:  91% (8135/8939)   [Kremote: Compressing objects:  92% (8224/8939)   [Kremote: Compressing objects:  93% (8314/8939)   [Kremote: Compressing objects:  94% (8403/8939)   [Kremote: Compressing objects:  95% (8493/8939)   [Kremote: Compressing objects:  96% (8582/8939)   [Kremote: Compressing objects:  97% (8671/8939)   [Kremote: Compressing objects:  98% (8761/8939)   [Kremote: Compressing objects:  99% (8850/8939)   [Kremote: Compressing objects: 100% (8939/8939)   [Kremote: Compressing objects: 100% (8939/8939), done.[K
Receiving objects:   0% (1/22614)   Receiving objects:   1% (227/22614)   Receiving objects:   2% (453/22614)   Receiving objects:   3% (679/22614)   Receiving objects:   4% (905/22614)   Receiving objects:   5% (1131/22614)   Receiving objects:   6% (1357/22614)   Receiving objects:   7% (1583/22614)   Receiving objects:   8% (1810/22614)   Receiving objects:   9% (2036/22614)   Receiving objects:  10% (2262/22614)   Receiving objects:  11% (2488/22614)   Receiving objects:  12% (2714/22614)   Receiving objects:  13% (2940/22614)   Receiving objects:  14% (3166/22614)   Receiving objects:  15% (3393/22614)   Receiving objects:  16% (3619/22614)   Receiving objects:  17% (3845/22614)   Receiving objects:  18% (4071/22614)   Receiving objects:  19% (4297/22614)   Receiving objects:  20% (4523/22614)   Receiving objects:  21% (4749/22614)   Receiving objects:  22% (4976/22614)   Receiving objects:  23% (5202/22614)   Receiving objects:  24% (5428/22614)   Receiving objects:  25% (5654/22614)   Receiving objects:  26% (5880/22614)   Receiving objects:  27% (6106/22614)   Receiving objects:  28% (6332/22614)   Receiving objects:  29% (6559/22614)   Receiving objects:  30% (6785/22614)   Receiving objects:  31% (7011/22614)   Receiving objects:  32% (7237/22614)   Receiving objects:  33% (7463/22614)   Receiving objects:  34% (7689/22614)   Receiving objects:  35% (7915/22614)   Receiving objects:  36% (8142/22614)   Receiving objects:  37% (8368/22614)   Receiving objects:  38% (8594/22614)   Receiving objects:  39% (8820/22614)   Receiving objects:  40% (9046/22614)   Receiving objects:  41% (9272/22614)   Receiving objects:  42% (9498/22614)   Receiving objects:  43% (9725/22614)   Receiving objects:  44% (9951/22614)   Receiving objects:  45% (10177/22614)   Receiving objects:  46% (10403/22614)   Receiving objects:  47% (10629/22614)   Receiving objects:  48% (10855/22614)   Receiving objects:  49% (11081/22614)   Receiving objects:  50% (11307/22614)   Receiving objects:  51% (11534/22614)   Receiving objects:  52% (11760/22614)   Receiving objects:  53% (11986/22614)   Receiving objects:  54% (12212/22614)   Receiving objects:  55% (12438/22614)   Receiving objects:  56% (12664/22614)   Receiving objects:  57% (12890/22614)   Receiving objects:  58% (13117/22614)   Receiving objects:  59% (13343/22614)   Receiving objects:  60% (13569/22614)   Receiving objects:  61% (13795/22614)   Receiving objects:  62% (14021/22614)   Receiving objects:  63% (14247/22614)   Receiving objects:  64% (14473/22614)   Receiving objects:  65% (14700/22614)   Receiving objects:  66% (14926/22614)   Receiving objects:  67% (15152/22614)   Receiving objects:  68% (15378/22614)   Receiving objects:  69% (15604/22614)   Receiving objects:  70% (15830/22614)   Receiving objects:  71% (16056/22614)   Receiving objects:  72% (16283/22614)   Receiving objects:  73% (16509/22614)   Receiving objects:  74% (16735/22614), 12.56 MiB | 25.06 MiB/s   Receiving objects:  75% (16961/22614), 12.56 MiB | 25.06 MiB/s   Receiving objects:  76% (17187/22614), 12.56 MiB | 25.06 MiB/s   Receiving objects:  77% (17413/22614), 12.56 MiB | 25.06 MiB/s   Receiving objects:  78% (17639/22614), 12.56 MiB | 25.06 MiB/s   Receiving objects:  79% (17866/22614), 12.56 MiB | 25.06 MiB/s   Receiving objects:  80% (18092/22614), 12.56 MiB | 25.06 MiB/s   Receiving objects:  81% (18318/22614), 12.56 MiB | 25.06 MiB/s   Receiving objects:  82% (18544/22614), 12.56 MiB | 25.06 MiB/s   Receiving objects:  83% (18770/22614), 12.56 MiB | 25.06 MiB/s   Receiving objects:  84% (18996/22614), 12.56 MiB | 25.06 MiB/s   Receiving objects:  85% (19222/22614), 12.56 MiB | 25.06 MiB/s   Receiving objects:  86% (19449/22614), 12.56 MiB | 25.06 MiB/s   Receiving objects:  87% (19675/22614), 12.56 MiB | 25.06 MiB/s   Receiving objects:  88% (19901/22614), 12.56 MiB | 25.06 MiB/s   Receiving objects:  89% (20127/22614), 12.56 MiB | 25.06 MiB/s   Receiving objects:  90% (20353/22614), 12.56 MiB | 25.06 MiB/s   Receiving objects:  91% (20579/22614), 12.56 MiB | 25.06 MiB/s   Receiving objects:  92% (20805/22614), 12.56 MiB | 25.06 MiB/s   Receiving objects:  93% (21032/22614), 12.56 MiB | 25.06 MiB/s   Receiving objects:  94% (21258/22614), 12.56 MiB | 25.06 MiB/s   Receiving objects:  95% (21484/22614), 12.56 MiB | 25.06 MiB/s   Receiving objects:  96% (21710/22614), 12.56 MiB | 25.06 MiB/s   Receiving objects:  97% (21936/22614), 12.56 MiB | 25.06 MiB/s   Receiving objects:  98% (22162/22614), 12.56 MiB | 25.06 MiB/s   Receiving objects:  99% (22388/22614), 12.56 MiB | 25.06 MiB/s   remote: Total 22614 (delta 10917), reused 19729 (delta 8603), pack-reused 0[K
Receiving objects: 100% (22614/22614), 12.56 MiB | 25.06 MiB/s   Receiving objects: 100% (22614/22614), 17.91 MiB | 25.06 MiB/s, done.
Resolving deltas:   0% (0/10917)   Resolving deltas:   1% (210/10917)   Resolving deltas:   2% (226/10917)   Resolving deltas:   3% (329/10917)   Resolving deltas:   4% (486/10917)   Resolving deltas:   5% (561/10917)   Resolving deltas:   6% (661/10917)   Resolving deltas:   7% (765/10917)   Resolving deltas:   8% (883/10917)   Resolving deltas:   9% (992/10917)   Resolving deltas:  10% (1140/10917)   Resolving deltas:  11% (1207/10917)   Resolving deltas:  12% (1316/10917)   Resolving deltas:  13% (1448/10917)   Resolving deltas:  14% (1529/10917)   Resolving deltas:  15% (1647/10917)   Resolving deltas:  16% (1750/10917)   Resolving deltas:  17% (1865/10917)   Resolving deltas:  18% (1972/10917)   Resolving deltas:  19% (2079/10917)   Resolving deltas:  20% (2184/10917)   Resolving deltas:  21% (2294/10917)   Resolving deltas:  22% (2406/10917)   Resolving deltas:  23% (2513/10917)   Resolving deltas:  24% (2622/10917)   Resolving deltas:  25% (2735/10917)   Resolving deltas:  29% (3214/10917)   Resolving deltas:  30% (3301/10917)   Resolving deltas:  31% (3406/10917)   Resolving deltas:  32% (3498/10917)   Resolving deltas:  33% (3605/10917)   Resolving deltas:  34% (3714/10917)   Resolving deltas:  35% (3824/10917)   Resolving deltas:  36% (3931/10917)   Resolving deltas:  37% (4044/10917)   Resolving deltas:  38% (4165/10917)   Resolving deltas:  39% (4259/10917)   Resolving deltas:  40% (4368/10917)   Resolving deltas:  41% (4476/10917)   Resolving deltas:  42% (4588/10917)   Resolving deltas:  43% (4695/10917)   Resolving deltas:  44% (4810/10917)   Resolving deltas:  45% (4915/10917)   Resolving deltas:  46% (5023/10917)   Resolving deltas:  47% (5137/10917)   Resolving deltas:  48% (5244/10917)   Resolving deltas:  49% (5351/10917)   Resolving deltas:  50% (5461/10917)   Resolving deltas:  51% (5569/10917)   Resolving deltas:  52% (5679/10917)   Resolving deltas:  53% (5838/10917)   Resolving deltas:  54% (5896/10917)   Resolving deltas:  55% (6009/10917)   Resolving deltas:  56% (6115/10917)   Resolving deltas:  57% (6233/10917)   Resolving deltas:  58% (6336/10917)   Resolving deltas:  59% (6442/10917)   Resolving deltas:  60% (6556/10917)   Resolving deltas:  61% (6665/10917)   Resolving deltas:  62% (6771/10917)   Resolving deltas:  63% (6930/10917)   Resolving deltas:  64% (6992/10917)   Resolving deltas:  66% (7290/10917)   Resolving deltas:  67% (7319/10917)   Resolving deltas:  68% (7449/10917)   Resolving deltas:  70% (7646/10917)   Resolving deltas:  74% (8089/10917)   Resolving deltas:  76% (8345/10917)   Resolving deltas:  77% (8460/10917)   Resolving deltas:  78% (8517/10917)   Resolving deltas:  79% (8625/10917)   Resolving deltas:  80% (8741/10917)   Resolving deltas:  81% (8851/10917)   Resolving deltas:  82% (8958/10917)   Resolving deltas:  83% (9063/10917)   Resolving deltas:  84% (9175/10917)   Resolving deltas:  85% (9285/10917)   Resolving deltas:  86% (9421/10917)   Resolving deltas:  87% (9515/10917)   Resolving deltas:  89% (9736/10917)   Resolving deltas:  90% (9847/10917)   Resolving deltas:  91% (9949/10917)   Resolving deltas:  92% (10048/10917)   Resolving deltas:  93% (10153/10917)   Resolving deltas:  94% (10266/10917)   Resolving deltas:  95% (10374/10917)   Resolving deltas:  96% (10487/10917)   Resolving deltas:  97% (10592/10917)   Resolving deltas:  98% (10745/10917)   Resolving deltas:  99% (10809/10917)   Resolving deltas: 100% (10917/10917)   Resolving deltas: 100% (10917/10917), done.
Checking connectivity... done.

travis_time:end:2095b8c4:start=1469922213767955290,finish=1469922216824929158,duration=3056973868[0K$ cd apache/storm
travis_time:start:2cdb997c[0K$ git fetch origin +refs/pull/1591/merge:
remote: Counting objects: 5516, done.[K
remote: Compressing objects:   0% (1/2359)   [Kremote: Compressing objects:   1% (24/2359)   [Kremote: Compressing objects:   2% (48/2359)   [Kremote: Compressing objects:   3% (71/2359)   [Kremote: Compressing objects:   4% (95/2359)   [Kremote: Compressing objects:   5% (118/2359)   [Kremote: Compressing objects:   6% (142/2359)   [Kremote: Compressing objects:   7% (166/2359)   [Kremote: Compressing objects:   8% (189/2359)   [Kremote: Compressing objects:   9% (213/2359)   [Kremote: Compressing objects:  10% (236/2359)   [Kremote: Compressing objects:  11% (260/2359)   [Kremote: Compressing objects:  12% (284/2359)   [Kremote: Compressing objects:  13% (307/2359)   [Kremote: Compressing objects:  14% (331/2359)   [Kremote: Compressing objects:  15% (354/2359)   [Kremote: Compressing objects:  16% (378/2359)   [Kremote: Compressing objects:  17% (402/2359)   [Kremote: Compressing objects:  18% (425/2359)   [Kremote: Compressing objects:  19% (449/2359)   [Kremote: Compressing objects:  20% (472/2359)   [Kremote: Compressing objects:  21% (496/2359)   [Kremote: Compressing objects:  22% (519/2359)   [Kremote: Compressing objects:  23% (543/2359)   [Kremote: Compressing objects:  24% (567/2359)   [Kremote: Compressing objects:  25% (590/2359)   [Kremote: Compressing objects:  26% (614/2359)   [Kremote: Compressing objects:  27% (637/2359)   [Kremote: Compressing objects:  28% (661/2359)   [Kremote: Compressing objects:  29% (685/2359)   [Kremote: Compressing objects:  30% (708/2359)   [Kremote: Compressing objects:  31% (732/2359)   [Kremote: Compressing objects:  32% (755/2359)   [Kremote: Compressing objects:  33% (779/2359)   [Kremote: Compressing objects:  34% (803/2359)   [Kremote: Compressing objects:  35% (826/2359)   [Kremote: Compressing objects:  36% (850/2359)   [Kremote: Compressing objects:  37% (873/2359)   [Kremote: Compressing objects:  38% (897/2359)   [Kremote: Compressing objects:  39% (921/2359)   [Kremote: Compressing objects:  40% (944/2359)   [Kremote: Compressing objects:  41% (968/2359)   [Kremote: Compressing objects:  42% (991/2359)   [Kremote: Compressing objects:  43% (1015/2359)   [Kremote: Compressing objects:  44% (1038/2359)   [Kremote: Compressing objects:  45% (1062/2359)   [Kremote: Compressing objects:  46% (1086/2359)   [Kremote: Compressing objects:  47% (1109/2359)   [Kremote: Compressing objects:  48% (1133/2359)   [Kremote: Compressing objects:  49% (1156/2359)   [Kremote: Compressing objects:  50% (1180/2359)   [Kremote: Compressing objects:  51% (1204/2359)   [Kremote: Compressing objects:  52% (1227/2359)   [Kremote: Compressing objects:  53% (1251/2359)   [Kremote: Compressing objects:  54% (1274/2359)   [Kremote: Compressing objects:  55% (1298/2359)   [Kremote: Compressing objects:  56% (1322/2359)   [Kremote: Compressing objects:  57% (1345/2359)   [Kremote: Compressing objects:  58% (1369/2359)   [Kremote: Compressing objects:  59% (1392/2359)   [Kremote: Compressing objects:  60% (1416/2359)   [Kremote: Compressing objects:  61% (1439/2359)   [Kremote: Compressing objects:  62% (1463/2359)   [Kremote: Compressing objects:  63% (1487/2359)   [Kremote: Compressing objects:  64% (1510/2359)   [Kremote: Compressing objects:  65% (1534/2359)   [Kremote: Compressing objects:  66% (1557/2359)   [Kremote: Compressing objects:  67% (1581/2359)   [Kremote: Compressing objects:  68% (1605/2359)   [Kremote: Compressing objects:  69% (1628/2359)   [Kremote: Compressing objects:  70% (1652/2359)   [Kremote: Compressing objects:  71% (1675/2359)   [Kremote: Compressing objects:  72% (1699/2359)   [Kremote: Compressing objects:  73% (1723/2359)   [Kremote: Compressing objects:  74% (1746/2359)   [Kremote: Compressing objects:  75% (1770/2359)   [Kremote: Compressing objects:  76% (1793/2359)   [Kremote: Compressing objects:  77% (1817/2359)   [Kremote: Compressing objects:  78% (1841/2359)   [Kremote: Compressing objects:  79% (1864/2359)   [Kremote: Compressing objects:  80% (1888/2359)   [Kremote: Compressing objects:  81% (1911/2359)   [Kremote: Compressing objects:  82% (1935/2359)   [Kremote: Compressing objects:  83% (1958/2359)   [Kremote: Compressing objects:  84% (1982/2359)   [Kremote: Compressing objects:  85% (2006/2359)   [Kremote: Compressing objects:  86% (2029/2359)   [Kremote: Compressing objects:  87% (2053/2359)   [Kremote: Compressing objects:  88% (2076/2359)   [Kremote: Compressing objects:  89% (2100/2359)   [Kremote: Compressing objects:  90% (2124/2359)   [Kremote: Compressing objects:  91% (2147/2359)   [Kremote: Compressing objects:  92% (2171/2359)   [Kremote: Compressing objects:  93% (2194/2359)   [Kremote: Compressing objects:  94% (2218/2359)   [Kremote: Compressing objects:  95% (2242/2359)   [Kremote: Compressing objects:  96% (2265/2359)   [Kremote: Compressing objects:  97% (2289/2359)   [Kremote: Compressing objects:  98% (2312/2359)   [Kremote: Compressing objects:  99% (2336/2359)   [Kremote: Compressing objects: 100% (2359/2359)   [Kremote: Compressing objects: 100% (2359/2359), done.[K
Receiving objects:   0% (1/5516)   Receiving objects:   1% (56/5516)   Receiving objects:   2% (111/5516)   Receiving objects:   3% (166/5516)   Receiving objects:   4% (221/5516)   Receiving objects:   5% (276/5516)   Receiving objects:   6% (331/5516)   Receiving objects:   7% (387/5516)   Receiving objects:   8% (442/5516)   Receiving objects:   9% (497/5516)   Receiving objects:  10% (552/5516)   Receiving objects:  11% (607/5516)   Receiving objects:  12% (662/5516)   Receiving objects:  13% (718/5516)   Receiving objects:  14% (773/5516)   Receiving objects:  15% (828/5516)   Receiving objects:  16% (883/5516)   Receiving objects:  17% (938/5516)   Receiving objects:  18% (993/5516)   Receiving objects:  19% (1049/5516)   Receiving objects:  20% (1104/5516)   Receiving objects:  21% (1159/5516)   Receiving objects:  22% (1214/5516)   Receiving objects:  23% (1269/5516)   Receiving objects:  24% (1324/5516)   Receiving objects:  25% (1379/5516)   Receiving objects:  26% (1435/5516)   Receiving objects:  27% (1490/5516)   Receiving objects:  28% (1545/5516)   Receiving objects:  29% (1600/5516)   Receiving objects:  30% (1655/5516)   Receiving objects:  31% (1710/5516)   Receiving objects:  32% (1766/5516)   Receiving objects:  33% (1821/5516)   Receiving objects:  34% (1876/5516)   Receiving objects:  35% (1931/5516)   Receiving objects:  36% (1986/5516)   Receiving objects:  37% (2041/5516)   Receiving objects:  38% (2097/5516)   Receiving objects:  39% (2152/5516)   Receiving objects:  40% (2207/5516)   Receiving objects:  41% (2262/5516)   Receiving objects:  42% (2317/5516)   Receiving objects:  43% (2372/5516)   Receiving objects:  44% (2428/5516)   Receiving objects:  45% (2483/5516)   Receiving objects:  46% (2538/5516)   Receiving objects:  47% (2593/5516)   Receiving objects:  48% (2648/5516)   Receiving objects:  49% (2703/5516)   Receiving objects:  50% (2758/5516)   Receiving objects:  51% (2814/5516)   Receiving objects:  52% (2869/5516)   Receiving objects:  53% (2924/5516)   Receiving objects:  54% (2979/5516)   Receiving objects:  55% (3034/5516)   Receiving objects:  56% (3089/5516)   Receiving objects:  57% (3145/5516)   Receiving objects:  58% (3200/5516)   Receiving objects:  59% (3255/5516)   Receiving objects:  60% (3310/5516)   Receiving objects:  61% (3365/5516)   Receiving objects:  62% (3420/5516)   Receiving objects:  63% (3476/5516)   Receiving objects:  64% (3531/5516)   Receiving objects:  65% (3586/5516)   Receiving objects:  66% (3641/5516)   Receiving objects:  67% (3696/5516)   Receiving objects:  68% (3751/5516)   Receiving objects:  69% (3807/5516)   Receiving objects:  70% (3862/5516)   Receiving objects:  71% (3917/5516)   Receiving objects:  72% (3972/5516)   Receiving objects:  73% (4027/5516)   Receiving objects:  74% (4082/5516)   Receiving objects:  75% (4137/5516)   Receiving objects:  76% (4193/5516)   Receiving objects:  77% (4248/5516)   Receiving objects:  78% (4303/5516)   Receiving objects:  79% (4358/5516)   Receiving objects:  80% (4413/5516)   Receiving objects:  81% (4468/5516)   Receiving objects:  82% (4524/5516)   Receiving objects:  83% (4579/5516)   Receiving objects:  84% (4634/5516)   Receiving objects:  85% (4689/5516)   Receiving objects:  86% (4744/5516)   Receiving objects:  87% (4799/5516)   remote: Total 5516 (delta 2516), reused 4932 (delta 1977), pack-reused 0[K
Receiving objects:  88% (4855/5516)   Receiving objects:  89% (4910/5516)   Receiving objects:  90% (4965/5516)   Receiving objects:  91% (5020/5516)   Receiving objects:  92% (5075/5516)   Receiving objects:  93% (5130/5516)   Receiving objects:  94% (5186/5516)   Receiving objects:  95% (5241/5516)   Receiving objects:  96% (5296/5516)   Receiving objects:  97% (5351/5516)   Receiving objects:  98% (5406/5516)   Receiving objects:  99% (5461/5516)   Receiving objects: 100% (5516/5516)   Receiving objects: 100% (5516/5516), 1.12 MiB | 0 bytes/s, done.
Resolving deltas:   0% (0/2516)   Resolving deltas:   1% (32/2516)   Resolving deltas:   2% (52/2516)   Resolving deltas:   3% (93/2516)   Resolving deltas:   4% (106/2516)   Resolving deltas:   6% (172/2516)   Resolving deltas:   7% (177/2516)   Resolving deltas:   8% (203/2516)   Resolving deltas:  20% (506/2516)   Resolving deltas:  21% (529/2516)   Resolving deltas:  22% (567/2516)   Resolving deltas:  23% (581/2516)   Resolving deltas:  24% (606/2516)   Resolving deltas:  25% (650/2516)   Resolving deltas:  26% (656/2516)   Resolving deltas:  27% (688/2516)   Resolving deltas:  28% (706/2516)   Resolving deltas:  29% (733/2516)   Resolving deltas:  30% (755/2516)   Resolving deltas:  31% (786/2516)   Resolving deltas:  32% (808/2516)   Resolving deltas:  34% (871/2516)   Resolving deltas:  35% (882/2516)   Resolving deltas:  36% (920/2516)   Resolving deltas:  37% (934/2516)   Resolving deltas:  38% (958/2516)   Resolving deltas:  39% (985/2516)   Resolving deltas:  40% (1007/2516)   Resolving deltas:  41% (1032/2516)   Resolving deltas:  42% (1062/2516)   Resolving deltas:  47% (1186/2516)   Resolving deltas:  48% (1209/2516)   Resolving deltas:  49% (1240/2516)   Resolving deltas:  50% (1258/2516)   Resolving deltas:  51% (1284/2516)   Resolving deltas:  52% (1319/2516)   Resolving deltas:  59% (1504/2516)   Resolving deltas:  60% (1516/2516)   Resolving deltas:  61% (1545/2516)   Resolving deltas:  62% (1564/2516)   Resolving deltas:  63% (1598/2516)   Resolving deltas:  64% (1622/2516)   Resolving deltas:  66% (1663/2516)   Resolving deltas:  67% (1695/2516)   Resolving deltas:  68% (1716/2516)   Resolving deltas:  69% (1737/2516)   Resolving deltas:  70% (1780/2516)   Resolving deltas:  71% (1789/2516)   Resolving deltas:  72% (1820/2516)   Resolving deltas:  73% (1853/2516)   Resolving deltas:  74% (1863/2516)   Resolving deltas:  75% (1902/2516)   Resolving deltas:  76% (1913/2516)   Resolving deltas:  77% (1953/2516)   Resolving deltas:  78% (1966/2516)   Resolving deltas:  79% (1988/2516)   Resolving deltas:  80% (2013/2516)   Resolving deltas:  81% (2038/2516)   Resolving deltas:  82% (2064/2516)   Resolving deltas:  83% (2089/2516)   Resolving deltas:  84% (2117/2516)   Resolving deltas:  85% (2145/2516)   Resolving deltas:  86% (2166/2516)   Resolving deltas:  87% (2191/2516)   Resolving deltas:  88% (2215/2516)   Resolving deltas:  89% (2251/2516)   Resolving deltas:  90% (2266/2516)   Resolving deltas:  92% (2339/2516)   Resolving deltas:  93% (2351/2516)   Resolving deltas:  94% (2373/2516)   Resolving deltas:  95% (2391/2516)   Resolving deltas:  96% (2416/2516)   Resolving deltas:  97% (2464/2516)   Resolving deltas:  98% (2466/2516)   Resolving deltas:  99% (2501/2516)   Resolving deltas: 100% (2516/2516)   Resolving deltas: 100% (2516/2516), completed with 246 local objects.
From https://github.com/apache/storm
 * branch            refs/pull/1591/merge -> FETCH_HEAD

travis_time:end:2cdb997c:start=1469922216828741872,finish=1469922217715519704,duration=886777832[0K$ git checkout -qf FETCH_HEAD
travis_fold:end:git.checkout[0K
[33;1mThis job is running on container-based infrastructure, which does not allow use of 'sudo', setuid and setguid executables.[0m
[33;1mIf you require sudo, add 'sudo: required' to your .travis.yml[0m
[33;1mSee https://docs.travis-ci.com/user/workers/container-based-infrastructure/ for details.[0m

[33;1mSetting environment variables from .travis.yml[0m
$ export MODULES=storm-core

$ jdk_switcher use oraclejdk8
Switching to Oracle JDK8 (java-8-oracle), JAVA_HOME will be set to /usr/lib/jvm/java-8-oracle
travis_fold:start:cache.1[0KSetting up build cache
$ export CASHER_DIR=$HOME/.casher
travis_time:start:098ac702[0K$ Installing caching utilities

travis_time:end:098ac702:start=1469922219688200831,finish=1469922219739170129,duration=50969298[0Ktravis_time:start:00140790[0K
travis_time:end:00140790:start=1469922219744005051,finish=1469922219747229644,duration=3224593[0Ktravis_time:start:02408dc8[0K[32;1mattempting to download cache archive[0m
[32;1mfetching PR.1591/cache-linux-precise-4722ea394922d42b2b7eb84cff6efc764d76759821ac6f6efc13232aa923f595--jdk-oraclejdk8.tgz[0m
[32;1mfound cache[0m

travis_time:end:02408dc8:start=1469922219751046225,finish=1469922236250317494,duration=16499271269[0Ktravis_time:start:183d2a94[0K
travis_time:end:183d2a94:start=1469922236254276792,finish=1469922236257686927,duration=3410135[0Ktravis_time:start:0026754f[0K[32;1madding /home/travis/.m2/repository to cache[0m
[32;1madding /home/travis/.rvm to cache[0m
[32;1madding /home/travis/.nvm to cache[0m

travis_time:end:0026754f:start=1469922236261538743,finish=1469922253467050496,duration=17205511753[0Ktravis_fold:end:cache.1[0K$ java -Xmx32m -version
java version "1.8.0_31"
Java(TM) SE Runtime Environment (build 1.8.0_31-b13)
Java HotSpot(TM) 64-Bit Server VM (build 25.31-b07, mixed mode)
$ javac -J-Xmx32m -version
javac 1.8.0_31
travis_fold:start:before_install.1[0Ktravis_time:start:0596db88[0K$ rvm use 2.1.5 --install
[32mUsing /home/travis/.rvm/gems/ruby-2.1.5[0m

travis_time:end:0596db88:start=1469922253951761784,finish=1469922254329481056,duration=377719272[0Ktravis_fold:end:before_install.1[0Ktravis_fold:start:before_install.2[0Ktravis_time:start:057c6150[0K$ nvm install 0.12.2
v0.12.2 is already installed.
Now using node v0.12.2

travis_time:end:057c6150:start=1469922254333584034,finish=1469922254596016232,duration=262432198[0Ktravis_fold:end:before_install.2[0Ktravis_fold:start:before_install.3[0Ktravis_time:start:0071c7e4[0K$ nvm use 0.12.2
Now using node v0.12.2

travis_time:end:0071c7e4:start=1469922254600053266,finish=1469922254662831495,duration=62778229[0Ktravis_fold:end:before_install.3[0Ktravis_fold:start:install[0Ktravis_time:start:117d9694[0K$ /bin/bash ./dev-tools/travis/travis-install.sh `pwd`
Python version :   Python 2.7.3
Java HotSpot(TM) 64-Bit Server VM warning: ignoring option MaxPermSize=192m; support was removed in 8.0
Maven version  :   Apache Maven 3.2.5 (12a6b3acb947671f09b81f49094c53f426d8cea1; 2014-12-14T17:29:23+00:00) Maven home: /usr/local/maven Java version: 1.8.0_31, vendor: Oracle Corporation Java home: /usr/lib/jvm/java-8-oracle/jre Default locale: en_US, platform encoding: UTF-8 OS name: "linux", version: "3.13.0-40-generic", arch: "amd64", family: "unix"
['mvn', 'clean', 'install', '-DskipTests', '-Pnative', '--batch-mode'] writing to install.txt
3 seconds 2 log lines14 seconds 82 log lines24 seconds 225 log lines34 seconds 294 log lines71 seconds 309 log lines92 seconds 317 log lines102 seconds 423 log lines125 seconds 625 log lines136 seconds 785 log lines147 seconds 837 log lines158 seconds 855 log lines168 seconds 928 log lines178 seconds 1048 log lines191 seconds 1278 log lines206 seconds 1431 log lines217 seconds 1633 log lines227 seconds 1855 log lines237 seconds 2121 log lines253 seconds 2265 log lines263 seconds 2507 log lines271 seconds 2559 log lines
['mvn', 'clean', 'install', '-DskipTests', '-Pnative', '--batch-mode'] done 0

travis_time:end:117d9694:start=1469922254667249409,finish=1469922526558580648,duration=271891331239[0Ktravis_fold:end:install[0Ktravis_time:start:0494d7f7[0K$ /bin/bash ./dev-tools/travis/travis-script.sh `pwd` $MODULES
Python version :   Python 2.7.3
Ruby version   :   ruby 2.1.5p273 (2014-11-13 revision 48405) [x86_64-linux]
NodeJs version :   v0.12.2
Java HotSpot(TM) 64-Bit Server VM warning: ignoring option MaxPermSize=192m; support was removed in 8.0
Maven version  :   Apache Maven 3.2.5 (12a6b3acb947671f09b81f49094c53f426d8cea1; 2014-12-14T17:29:23+00:00) Maven home: /usr/local/maven Java version: 1.8.0_31, vendor: Oracle Corporation Java home: /usr/lib/jvm/java-8-oracle/jre Default locale: en_US, platform encoding: UTF-8 OS name: "linux", version: "3.13.0-40-generic", arch: "amd64", family: "unix"
Java HotSpot(TM) 64-Bit Server VM warning: ignoring option MaxPermSize=192m; support was removed in 8.0
[INFO] Scanning for projects...
[INFO]                                                                         
[INFO] ------------------------------------------------------------------------
[INFO] Building Storm Core 1.1.1-SNAPSHOT
[INFO] ------------------------------------------------------------------------
[INFO] 
[INFO] --- exec-maven-plugin:1.2.1:exec (default) @ storm-core ---
[INFO] 
[INFO] --- maven-remote-resources-plugin:1.2.1:process (default) @ storm-core ---
[INFO] 
[INFO] --- storm-maven-plugins:1.1.1-SNAPSHOT:version-info (version-info) @ storm-core ---
[WARNING] [svn, info] failed with error code 1
[INFO] SCM: GIT
[INFO] Computed MD5: dcd5c229616967c0f67d8cd1d108e51
[INFO] 
[INFO] --- maven-resources-plugin:2.5:resources (default-resources) @ storm-core ---
[debug] execute contextualize
[INFO] Using 'UTF-8' encoding to copy filtered resources.
[INFO] Copying 8 resources
[INFO] Copying 1 resource to META-INF
[INFO] Copying 0 resource
[INFO] Copying 1 resource
[INFO] Copying 3 resources
[INFO] 
[INFO] --- maven-compiler-plugin:3.1:compile (default-compile) @ storm-core ---
[INFO] Nothing to compile - all classes are up to date
[INFO] 
[INFO] --- clojure-maven-plugin:1.7.1:compile (compile-clojure) @ storm-core ---
Compiling org.apache.storm.command.deactivate to /home/travis/build/apache/storm/storm-core/target/classes
Compiling org.apache.storm.trident.testing to /home/travis/build/apache/storm/storm-core/target/classes
Compiling org.apache.storm.command.blobstore to /home/travis/build/apache/storm/storm-core/target/classes
Compiling org.apache.storm.stats to /home/travis/build/apache/storm/storm-core/target/classes
Compiling org.apache.storm.command.set-log-level to /home/travis/build/apache/storm/storm-core/target/classes
Compiling org.apache.storm.daemon.drpc to /home/travis/build/apache/storm/storm-core/target/classes
Compiling org.apache.storm.command.dev-zookeeper to /home/travis/build/apache/storm/storm-core/target/classes
Compiling org.apache.storm.local-state to /home/travis/build/apache/storm/storm-core/target/classes
Compiling org.apache.storm.cluster to /home/travis/build/apache/storm/storm-core/target/classes
Compiling org.apache.storm.testing to /home/travis/build/apache/storm/storm-core/target/classes
Compiling org.apache.storm.command.heartbeats to /home/travis/build/apache/storm/storm-core/target/classes
WARNING: reverse already refers to: #'clojure.core/reverse in namespace: org.apache.storm.command.heartbeats, being replaced by: #'clojure.string/reverse
WARNING: replace already refers to: #'clojure.core/replace in namespace: org.apache.storm.command.heartbeats, being replaced by: #'clojure.string/replace
Compiling org.apache.storm.daemon.builtin-metrics to /home/travis/build/apache/storm/storm-core/target/classes
Compiling org.apache.storm.process-simulator to /home/travis/build/apache/storm/storm-core/target/classes
Compiling org.apache.storm.daemon.acker to /home/travis/build/apache/storm/storm-core/target/classes
Compiling org.apache.storm.log to /home/travis/build/apache/storm/storm-core/target/classes
Compiling org.apache.storm.daemon.common to /home/travis/build/apache/storm/storm-core/target/classes
Compiling org.apache.storm.command.healthcheck to /home/travis/build/apache/storm/storm-core/target/classes
Compiling org.apache.storm.scheduler.EvenScheduler to /home/travis/build/apache/storm/storm-core/target/classes
Compiling org.apache.storm.command.kill-workers to /home/travis/build/apache/storm/storm-core/target/classes
Compiling org.apache.storm.scheduler.IsolationScheduler to /home/travis/build/apache/storm/storm-core/target/classes
Compiling org.apache.storm.command.monitor to /home/travis/build/apache/storm/storm-core/target/classes
Compiling org.apache.storm.timer to /home/travis/build/apache/storm/storm-core/target/classes
Compiling org.apache.storm.config to /home/travis/build/apache/storm/storm-core/target/classes
Compiling org.apache.storm.LocalCluster to /home/travis/build/apache/storm/storm-core/target/classes
Compiling org.apache.storm.thrift to /home/travis/build/apache/storm/storm-core/target/classes
Compiling org.apache.storm.daemon.logviewer to /home/travis/build/apache/storm/storm-core/target/classes
Compiling org.apache.storm.blobstore to /home/travis/build/apache/storm/storm-core/target/classes
Compiling org.apache.storm.zookeeper to /home/travis/build/apache/storm/storm-core/target/classes
Compiling org.apache.storm.clojure to /home/travis/build/apache/storm/storm-core/target/classes
Compiling org.apache.storm.command.rebalance to /home/travis/build/apache/storm/storm-core/target/classes
Compiling org.apache.storm.command.kill-topology to /home/travis/build/apache/storm/storm-core/target/classes
Compiling org.apache.storm.LocalDRPC to /home/travis/build/apache/storm/storm-core/target/classes
Compiling org.apache.storm.messaging.local to /home/travis/build/apache/storm/storm-core/target/classes
Compiling org.apache.storm.daemon.executor to /home/travis/build/apache/storm/storm-core/target/classes
Compiling org.apache.storm.event to /home/travis/build/apache/storm/storm-core/target/classes
Compiling org.apache.storm.daemon.supervisor to /home/travis/build/apache/storm/storm-core/target/classes
Compiling org.apache.storm.command.activate to /home/travis/build/apache/storm/storm-core/target/classes
Compiling org.apache.storm.command.shell-submission to /home/travis/build/apache/storm/storm-core/target/classes
Compiling org.apache.storm.MockAutoCred to /home/travis/build/apache/storm/storm-core/target/classes
Compiling org.apache.storm.command.get-errors to /home/travis/build/apache/storm/storm-core/target/classes
Compiling org.apache.storm.pacemaker.pacemaker to /home/travis/build/apache/storm/storm-core/target/classes
Compiling org.apache.storm.testing4j to /home/travis/build/apache/storm/storm-core/target/classes
Compiling org.apache.storm.metric.testing to /home/travis/build/apache/storm/storm-core/target/classes
Compiling org.apache.storm.ui.core to /home/travis/build/apache/storm/storm-core/target/classes
Compiling org.apache.storm.command.upload-credentials to /home/travis/build/apache/storm/storm-core/target/classes
Compiling org.apache.storm.ui.helpers to /home/travis/build/apache/storm/storm-core/target/classes
Compiling org.apache.storm.scheduler.DefaultScheduler to /home/travis/build/apache/storm/storm-core/target/classes
Compiling org.apache.storm.command.list to /home/travis/build/apache/storm/storm-core/target/classes
Compiling org.apache.storm.pacemaker.pacemaker-state-factory to /home/travis/build/apache/storm/storm-core/target/classes
Compiling org.apache.storm.disruptor to /home/travis/build/apache/storm/storm-core/target/classes
Compiling org.apache.storm.util to /home/travis/build/apache/storm/storm-core/target/classes
Compiling org.apache.storm.daemon.task to /home/travis/build/apache/storm/storm-core/target/classes
Compiling org.apache.storm.command.config-value to /home/travis/build/apache/storm/storm-core/target/classes
Compiling org.apache.storm.converter to /home/travis/build/apache/storm/storm-core/target/classes
Compiling org.apache.storm.daemon.nimbus to /home/travis/build/apache/storm/storm-core/target/classes
Compiling org.apache.storm.cluster-state.zookeeper-state-factory to /home/travis/build/apache/storm/storm-core/target/classes
Compiling org.apache.storm.messaging.loader to /home/travis/build/apache/storm/storm-core/target/classes
Compiling org.apache.storm.daemon.worker to /home/travis/build/apache/storm/storm-core/target/classes
[INFO] 
[INFO] --- make-maven-plugin:1.0-beta-1:autoreconf (compile) @ storm-core ---
[INFO] 
[INFO] --- make-maven-plugin:1.0-beta-1:configure (compile) @ storm-core ---
[INFO] /bin/sh: 14: /home/travis/.jdk_switcher_rc: [[: not found
[INFO] /bin/sh: 22: /home/travis/.jdk_switcher_rc: [[: not found
[INFO] /bin/sh: 32: /home/travis/.jdk_switcher_rc: [[: not found
[INFO] /bin/sh: 42: /home/travis/.jdk_switcher_rc: [[: not found
[INFO] /bin/sh: 3: /etc/profile.d/rvm.sh: [[: not found
[INFO] checking for gcc... gcc
[INFO] checking whether the C compiler works... yes
[INFO] checking for C compiler default output file name... a.out
[INFO] checking for suffix of executables... 
[INFO] checking whether we are cross compiling... no
[INFO] checking for suffix of object files... o
[INFO] checking whether we are using the GNU C compiler... yes
[INFO] checking whether gcc accepts -g... yes
[INFO] checking for gcc option to accept ISO C89... none needed
[INFO] checking how to run the C preprocessor... gcc -E
[INFO] checking for grep that handles long lines and -e... /bin/grep
[INFO] checking for egrep... /bin/grep -E
[INFO] checking for ANSI C header files... yes
[INFO] checking for sys/types.h... yes
[INFO] checking for sys/stat.h... yes
[INFO] checking for stdlib.h... yes
[INFO] checking for string.h... yes
[INFO] checking for memory.h... yes
[INFO] checking for strings.h... yes
[INFO] checking for inttypes.h... yes
[INFO] checking for stdint.h... yes
[INFO] checking for unistd.h... yes
[INFO] checking minix/config.h usability... no
[INFO] checking minix/config.h presence... no
[INFO] checking for minix/config.h... no
[INFO] checking whether it is safe to define __EXTENSIONS__... yes
[INFO] checking for a BSD-compatible install... /usr/bin/install -c
[INFO] checking whether build environment is sane... yes
[INFO] checking for a thread-safe mkdir -p... /bin/mkdir -p
[INFO] checking for gawk... gawk
[INFO] checking whether make sets $(MAKE)... yes
[INFO] checking for style of include used by make... GNU
[INFO] checking dependency style of gcc... gcc3
[INFO] checking for gcc... (cached) gcc
[INFO] checking whether we are using the GNU C compiler... (cached) yes
[INFO] checking whether gcc accepts -g... (cached) yes
[INFO] checking for gcc option to accept ISO C89... (cached) none needed
[INFO] checking whether gcc and cc understand -c and -o together... yes
[INFO] checking for unistd.h... (cached) yes
[INFO] checking for stdbool.h that conforms to C99... yes
[INFO] checking for _Bool... yes
[INFO] checking for an ANSI C-conforming const... yes
[INFO] checking for off_t... yes
[INFO] checking for size_t... yes
[INFO] checking whether strerror_r is declared... yes
[INFO] checking for strerror_r... yes
[INFO] checking whether strerror_r returns char *... yes
[INFO] checking for mkdir... yes
[INFO] checking for uname... yes
[INFO] configure: creating ./config.status
[INFO] config.status: creating Makefile
[INFO] config.status: executing depfiles commands
[INFO] 
[INFO] --- make-maven-plugin:1.0-beta-1:make-install (compile) @ storm-core ---
[INFO] /bin/sh: 14: /home/travis/.jdk_switcher_rc: [[: not found
[INFO] /bin/sh: 22: /home/travis/.jdk_switcher_rc: [[: not found
[INFO] /bin/sh: 32: /home/travis/.jdk_switcher_rc: [[: not found
[INFO] /bin/sh: 42: /home/travis/.jdk_switcher_rc: [[: not found
[INFO] /bin/sh: 3: /etc/profile.d/rvm.sh: [[: not found
[INFO] make[1]: Entering directory `/home/travis/build/apache/storm/storm-core/target/native/worker-launcher'
[INFO] test -z "/usr/local/bin" || /bin/mkdir -p "/home/travis/build/apache/storm/storm-core/target/native/target/usr/local/bin"
[INFO]   /usr/bin/install -c worker-launcher '/home/travis/build/apache/storm/storm-core/target/native/target/usr/local/bin'
[INFO] make[1]: Nothing to be done for `install-data-am'.
[INFO] make[1]: Leaving directory `/home/travis/build/apache/storm/storm-core/target/native/worker-launcher'
[INFO] 
[INFO] --- maven-resources-plugin:2.5:testResources (default-testResources) @ storm-core ---
[debug] execute contextualize
[INFO] Using 'UTF-8' encoding to copy filtered resources.
[INFO] Copying 14 resources
[INFO] Copying 2 resources
[INFO] Copying 3 resources
[INFO] 
[INFO] --- maven-dependency-plugin:2.8:unpack (unpack) @ storm-core ---
[INFO] Configured Artifact: org.apache.storm:multilang-ruby:1.1.1-SNAPSHOT:jar
[INFO] Downloading: https://repository.apache.org/snapshots/org/apache/storm/multilang-ruby/1.1.1-SNAPSHOT/maven-metadata.xml
[INFO] Configured Artifact: org.apache.storm:multilang-python:1.1.1-SNAPSHOT:jar
[INFO] Downloading: https://repository.apache.org/snapshots/org/apache/storm/multilang-python/1.1.1-SNAPSHOT/maven-metadata.xml
[INFO] Configured Artifact: org.apache.storm:multilang-javascript:1.1.1-SNAPSHOT:jar
[INFO] Downloading: https://repository.apache.org/snapshots/org/apache/storm/multilang-javascript/1.1.1-SNAPSHOT/maven-metadata.xml
[INFO] multilang-ruby-1.1.1-SNAPSHOT.jar already unpacked.
[INFO] multilang-python-1.1.1-SNAPSHOT.jar already unpacked.
[INFO] multilang-javascript-1.1.1-SNAPSHOT.jar already unpacked.
[INFO] 
[INFO] --- maven-compiler-plugin:3.1:testCompile (default-testCompile) @ storm-core ---
[INFO] Nothing to compile - all classes are up to date
[INFO] 
[INFO] --- maven-surefire-plugin:2.18.1:test (default-test) @ storm-core ---
[INFO] Surefire report directory: /home/travis/build/apache/storm/storm-core/target/surefire-reports
[INFO] parallel='none', perCoreThreadCount=true, threadCount=0, useUnlimitedThreads=false, threadCountSuites=0, threadCountClasses=0, threadCountMethods=0, parallelOptimized=true

-------------------------------------------------------
 T E S T S
-------------------------------------------------------
Running org.apache.storm.utils.ShellBoltMessageQueueTest
Tests run: 3, Failures: 0, Errors: 0, Skipped: 0, Time elapsed: 1.994 sec - in org.apache.storm.utils.ShellBoltMessageQueueTest
Running org.apache.storm.utils.WorkerBackpressureThreadTest
Tests run: 1, Failures: 0, Errors: 0, Skipped: 0, Time elapsed: 0.188 sec - in org.apache.storm.utils.WorkerBackpressureThreadTest
Running org.apache.storm.utils.DisruptorQueueTest
Tests run: 3, Failures: 0, Errors: 0, Skipped: 0, Time elapsed: 4.289 sec - in org.apache.storm.utils.DisruptorQueueTest
Running org.apache.storm.utils.StormBoundedExponentialBackoffRetryTest
Tests run: 5, Failures: 0, Errors: 0, Skipped: 0, Time elapsed: 0.438 sec - in org.apache.storm.utils.StormBoundedExponentialBackoffRetryTest
Running org.apache.storm.utils.DisruptorQueueBackpressureTest
Tests run: 1, Failures: 0, Errors: 0, Skipped: 0, Time elapsed: 0.004 sec - in org.apache.storm.utils.DisruptorQueueBackpressureTest
Running org.apache.storm.utils.ThriftTopologyUtilsTest
Tests run: 5, Failures: 0, Errors: 0, Skipped: 0, Time elapsed: 0.925 sec - in org.apache.storm.utils.ThriftTopologyUtilsTest
Running org.apache.storm.spout.CheckpointSpoutTest
Tests run: 7, Failures: 0, Errors: 0, Skipped: 0, Time elapsed: 2.019 sec - in org.apache.storm.spout.CheckpointSpoutTest
Running org.apache.storm.TestConfigValidate
Tests run: 24, Failures: 0, Errors: 0, Skipped: 0, Time elapsed: 2.211 sec - in org.apache.storm.TestConfigValidate
Running org.apache.storm.serialization.GzipBridgeThriftSerializationDelegateTest
Tests run: 3, Failures: 0, Errors: 0, Skipped: 0, Time elapsed: 0.038 sec - in org.apache.storm.serialization.GzipBridgeThriftSerializationDelegateTest
Running org.apache.storm.serialization.ThriftBridgeSerializationDelegateTest
Tests run: 1, Failures: 0, Errors: 0, Skipped: 0, Time elapsed: 0.034 sec - in org.apache.storm.serialization.ThriftBridgeSerializationDelegateTest
Running org.apache.storm.serialization.GzipBridgeSerializationDelegateTest
Tests run: 3, Failures: 0, Errors: 0, Skipped: 0, Time elapsed: 0.092 sec - in org.apache.storm.serialization.GzipBridgeSerializationDelegateTest
Running org.apache.storm.blobstore.ClientBlobStoreTest
Tests run: 4, Failures: 0, Errors: 0, Skipped: 0, Time elapsed: 0.109 sec - in org.apache.storm.blobstore.ClientBlobStoreTest
Running org.apache.storm.blobstore.BlobStoreTest
Tests run: 4, Failures: 0, Errors: 0, Skipped: 0, Time elapsed: 16.519 sec - in org.apache.storm.blobstore.BlobStoreTest
Running org.apache.storm.blobstore.BlobSynchronizerTest
Tests run: 4, Failures: 0, Errors: 0, Skipped: 0, Time elapsed: 9.226 sec - in org.apache.storm.blobstore.BlobSynchronizerTest
Running org.apache.storm.trident.TridentWindowingTest
Tests run: 3, Failures: 0, Errors: 0, Skipped: 0, Time elapsed: 0.008 sec - in org.apache.storm.trident.TridentWindowingTest
Running org.apache.storm.trident.TestTridentTopology
Tests run: 1, Failures: 0, Errors: 0, Skipped: 0, Time elapsed: 160.711 sec - in org.apache.storm.trident.TestTridentTopology
Running org.apache.storm.metric.internal.LatencyStatAndMetricTest
Tests run: 1, Failures: 0, Errors: 0, Skipped: 0, Time elapsed: 0.295 sec - in org.apache.storm.metric.internal.LatencyStatAndMetricTest
Running org.apache.storm.metric.internal.CountStatAndMetricTest
Tests run: 1, Failures: 0, Errors: 0, Skipped: 0, Time elapsed: 0.079 sec - in org.apache.storm.metric.internal.CountStatAndMetricTest
Running org.apache.storm.metric.internal.RateTrackerTest
Tests run: 4, Failures: 0, Errors: 0, Skipped: 0, Time elapsed: 0.001 sec - in org.apache.storm.metric.internal.RateTrackerTest
Running org.apache.storm.metric.util.DataPointExpanderTest
Tests run: 5, Failures: 0, Errors: 0, Skipped: 0, Time elapsed: 0.107 sec - in org.apache.storm.metric.util.DataPointExpanderTest
Running org.apache.storm.metric.filter.FilterByMetricNameTest
Tests run: 4, Failures: 0, Errors: 0, Skipped: 0, Time elapsed: 0.015 sec - in org.apache.storm.metric.filter.FilterByMetricNameTest
Running org.apache.storm.windowing.WaterMarkEventGeneratorTest
Tests run: 5, Failures: 0, Errors: 0, Skipped: 0, Time elapsed: 2.226 sec - in org.apache.storm.windowing.WaterMarkEventGeneratorTest
Running org.apache.storm.windowing.WindowManagerTest
Tests run: 12, Failures: 0, Errors: 0, Skipped: 0, Time elapsed: 0.875 sec - in org.apache.storm.windowing.WindowManagerTest
Running org.apache.storm.topology.StatefulBoltExecutorTest
Tests run: 7, Failures: 0, Errors: 0, Skipped: 0, Time elapsed: 1.128 sec - in org.apache.storm.topology.StatefulBoltExecutorTest
Running org.apache.storm.topology.WindowedBoltExecutorTest
Tests run: 5, Failures: 0, Errors: 0, Skipped: 0, Time elapsed: 1.844 sec - in org.apache.storm.topology.WindowedBoltExecutorTest
Running org.apache.storm.topology.StatefulWindowedBoltExecutorTest
Tests run: 4, Failures: 0, Errors: 0, Skipped: 0, Time elapsed: 0.037 sec - in org.apache.storm.topology.StatefulWindowedBoltExecutorTest
Running org.apache.storm.topology.TopologyBuilderTest
Tests run: 5, Failures: 0, Errors: 0, Skipped: 0, Time elapsed: 0.224 sec - in org.apache.storm.topology.TopologyBuilderTest
Running org.apache.storm.localizer.LocalizerTest
Tests run: 13, Failures: 0, Errors: 0, Skipped: 0, Time elapsed: 8.093 sec - in org.apache.storm.localizer.LocalizerTest
Running org.apache.storm.localizer.LocalizedResourceRetentionSetTest
Tests run: 2, Failures: 0, Errors: 0, Skipped: 0, Time elapsed: 0.282 sec - in org.apache.storm.localizer.LocalizedResourceRetentionSetTest
Running org.apache.storm.localizer.LocalizedResourceSetTest
Tests run: 4, Failures: 0, Errors: 0, Skipped: 0, Time elapsed: 0.035 sec - in org.apache.storm.localizer.LocalizedResourceSetTest
Running org.apache.storm.scheduler.resource.TestUser
Tests run: 3, Failures: 0, Errors: 0, Skipped: 0, Time elapsed: 10.302 sec - in org.apache.storm.scheduler.resource.TestUser
Running org.apache.storm.scheduler.resource.TestResourceAwareScheduler
Tests run: 15, Failures: 0, Errors: 0, Skipped: 0, Time elapsed: 11.771 sec - in org.apache.storm.scheduler.resource.TestResourceAwareScheduler
Running org.apache.storm.grouping.PartialKeyGroupingTest
Tests run: 2, Failures: 0, Errors: 0, Skipped: 0, Time elapsed: 0.015 sec - in org.apache.storm.grouping.PartialKeyGroupingTest
Running org.apache.storm.state.InMemoryKeyValueStateTest
Tests run: 2, Failures: 0, Errors: 0, Skipped: 0, Time elapsed: 0.001 sec - in org.apache.storm.state.InMemoryKeyValueStateTest

Results :

Tests run: 166, Failures: 0, Errors: 0, Skipped: 0

[INFO] 
[INFO] --- clojure-maven-plugin:1.7.1:test (test-clojure) @ storm-core ---
Warning: protocol #'org.apache.storm.pacemaker-state-factory-test/send-capture is overwriting function send
WARNING: send already refers to: #'clojure.core/send in namespace: org.apache.storm.pacemaker-state-factory-test, being replaced by: #'org.apache.storm.pacemaker-state-factory-test/send
Running org.apache.storm.security.auth.auto-login-module-test
Tests run: 6, Passed: 22, Failures: 0, Errors: 0
Running org.apache.storm.transactional-test
Tests run: 7, Passed: 110, Failures: 0, Errors: 0
Running org.apache.storm.serialization-test
Tests run: 6, Passed: 13, Failures: 0, Errors: 0
Running org.apache.storm.utils.ZookeeperServerCnxnFactory-test
Tests run: 2, Passed: 3, Failures: 0, Errors: 0
Running org.apache.storm.versioned-store-test
Tests run: 2, Passed: 5, Failures: 0, Errors: 0
Running org.apache.storm.security.auth.drpc-auth-test
Tests run: 4, Passed: 22, Failures: 0, Errors: 0
Running org.apache.storm.pacemaker-state-factory-test
Tests run: 4, Passed: 15, Failures: 0, Errors: 0
Running org.apache.storm.supervisor-test
Tests run: 20, Passed: 70, Failures: 0, Errors: 0
Running org.apache.storm.scheduler.multitenant-scheduler-test
Tests run: 17, Passed: 235, Failures: 0, Errors: 0
Running org.apache.storm.security.auth.nimbus-auth-test
Tests run: 5, Passed: 39, Failures: 0, Errors: 0
Running org.apache.storm.security.auth.ThriftServer-test
Tests run: 2, Passed: 1, Failures: 0, Errors: 0
Running org.apache.storm.security.auth.AuthUtils-test
Tests run: 5, Passed: 6, Failures: 0, Errors: 0
Running org.apache.storm.logviewer-test
Tests run: 12, Passed: 118, Failures: 0, Errors: 0
Running org.apache.storm.worker-test
Tests run: 8, Passed: 35, Failures: 0, Errors: 0
Running integration.org.apache.storm.testing4j-test
Tests run: 8, Passed: 36, Failures: 0, Errors: 0
Running org.apache.storm.trident.state-test
Tests run: 5, Passed: 37, Failures: 0, Errors: 0
Running org.apache.storm.utils-test
Tests run: 6, Passed: 24, Failures: 0, Errors: 0
Running org.apache.storm.serialization.SerializationFactory-test
Tests run: 3, Passed: 3, Failures: 0, Errors: 0
Running org.apache.storm.security.auth.DefaultHttpCredentialsPlugin-test
Tests run: 2, Passed: 8, Failures: 0, Errors: 0
Running org.apache.storm.security.auth.auth-test
Tests run: 13, Passed: 94, Failures: 0, Errors: 0
Running org.apache.storm.clojure-test
Tests run: 3, Passed: 5, Failures: 0, Errors: 0
Running org.apache.storm.messaging-test
Tests run: 1, Passed: 2, Failures: 0, Errors: 0
Running org.apache.storm.drpc-test
75628 [Thread-728] INFO  o.a.s.util - Async loop interrupted!
77958 [Thread-779] INFO  o.a.s.util - Async loop interrupted!
80215 [Thread-830] INFO  o.a.s.util - Async loop interrupted!
90725 [Thread-886] INFO  o.a.s.util - Async loop interrupted!
Tests run: 7, Passed: 17, Failures: 0, Errors: 0
Running org.apache.storm.submitter-test
Tests run: 1, Passed: 13, Failures: 0, Errors: 0
Running org.apache.storm.security.auth.ReqContext-test
Tests run: 3, Passed: 4, Failures: 0, Errors: 0
Running org.apache.storm.fields-test
Tests run: 2, Passed: 22, Failures: 0, Errors: 0
Running integration.org.apache.storm.integration-test
Tests run: 18, Passed: 51, Failures: 0, Errors: 0
Running org.apache.storm.security.auth.authorizer.DRPCSimpleACLAuthorizer-test
110671 [Thread-885] INFO  o.a.s.util - Async loop interrupted!
Tests run: 7, Passed: 37, Failures: 0, Errors: 0
Running org.apache.storm.pacemaker-test
Tests run: 8, Passed: 58, Failures: 0, Errors: 0
Running org.apache.storm.metrics-test
Tests run: 8, Passed: 66, Failures: 0, Errors: 0
Running org.apache.storm.security.auth.ThriftClient-test
Tests run: 2, Passed: 4, Failures: 0, Errors: 0
Running org.apache.storm.scheduler-test
Tests run: 4, Passed: 64, Failures: 0, Errors: 0
Running org.apache.storm.scheduler.resource-aware-scheduler-test
Tests run: 8, Passed: 91, Failures: 0, Errors: 0
Running org.apache.storm.security.auth.SaslTransportPlugin-test
Tests run: 2, Passed: 8, Failures: 0, Errors: 0
Running org.apache.storm.local-state-test
Tests run: 2, Passed: 10, Failures: 0, Errors: 0
Running org.apache.storm.messaging.netty-unit-test
Tests run: 5, Passed: 24, Failures: 0, Errors: 0
Running org.apache.storm.tuple-test
Tests run: 4, Passed: 13, Failures: 0, Errors: 0
Running org.apache.storm.messaging.netty-integration-test
Tests run: 1, Passed: 1, Failures: 0, Errors: 0
Running org.apache.storm.tick-tuple-test
Tests run: 1, Passed: 1, Failures: 0, Errors: 0
Running integration.org.apache.storm.trident.integration-test
Tests run: 9, Passed: 141, Failures: 0, Errors: 0
Running org.apache.storm.grouping-test
Tests run: 5, Passed: 15, Failures: 0, Errors: 0
Running org.apache.storm.security.serialization.BlowfishTupleSerializer-test
Tests run: 3, Passed: 3, Failures: 0, Errors: 0
Running org.apache.storm.nimbus-test
Tests run: 42, Passed: 794, Failures: 0, Errors: 0
Running org.apache.storm.subtopology-test
Tests run: 0, Passed: 0, Failures: 0, Errors: 0
Running org.apache.storm.cluster-test
Tests run: 10, Passed: 98, Failures: 0, Errors: 0
Running org.apache.storm.trident.tuple-test
Tests run: 6, Passed: 36, Failures: 0, Errors: 0
[INFO] 
[INFO] --- apache-rat-plugin:0.11:check (default) @ storm-core ---
[INFO] 51 implicit excludes (use -debug for more details).
[INFO] Exclude: **/target/**
[INFO] Exclude: **/*.iml
[INFO] Exclude: **/.idea/**
[INFO] Exclude: **/metastore_db/**
[INFO] Exclude: **/build/**
[INFO] Exclude: **/CHANGELOG.md
[INFO] Exclude: **/README.md
[INFO] Exclude: **/README.markdown
[INFO] Exclude: **/DEVELOPER.md
[INFO] Exclude: **/BYLAWS.md
[INFO] Exclude: **/STORM-UI-REST-API.md
[INFO] Exclude: SECURITY.md
[INFO] Exclude: VERSION
[INFO] Exclude: TODO
[INFO] Exclude: **/src/py/**
[INFO] Exclude: **/src/ui/public/js/jquery.dataTables.1.10.4.min.js
[INFO] Exclude: **/src/ui/public/css/jquery.dataTables.1.10.4.min.css
[INFO] Exclude: **/src/ui/public/images/*
[INFO] Exclude: **/src/ui/public/js/bootstrap-3.3.1.min.js
[INFO] Exclude: **/src/ui/public/css/bootstrap-3.3.1.min.css
[INFO] Exclude: **/src/ui/public/js/dataTables.bootstrap.min.js
[INFO] Exclude: **/src/ui/public/css/dataTables.bootstrap.css
[INFO] Exclude: **/src/ui/public/js/jsonFormatter.min.js
[INFO] Exclude: **/src/ui/public/css/jsonFormatter.min.css
[INFO] Exclude: **/src/ui/public/js/jquery-1.11.1.min.js
[INFO] Exclude: **/src/ui/public/js/jquery.cookies.2.2.0.min.js
[INFO] Exclude: **/src/ui/public/js/moment.min.js
[INFO] Exclude: **/src/ui/public/js/jquery.blockUI.min.js
[INFO] Exclude: **/src/ui/public/js/url.min.js
[INFO] Exclude: **/src/ui/public/js/arbor.js
[INFO] Exclude: **/src/ui/public/js/arbor-graphics.js
[INFO] Exclude: **/src/ui/public/js/arbor-tween.js
[INFO] Exclude: **/src/ui/public/js/jquery.mustache.js
[INFO] Exclude: **/src/ui/public/js/typeahead.jquery.min.js
[INFO] Exclude: **/dependency-reduced-pom.xml
[INFO] Exclude: **/docs/**
[INFO] Exclude: **/.git/**
[INFO] Exclude: **/derby.log
[INFO] Exclude: **/src/dev/**
[INFO] Exclude: **/src/codegen/config.fmpp
[INFO] Exclude: **/src/codegen/data/Parser.tdd
[INFO] Exclude: **/src/test/resources/FixedAvroSerializer.config
[INFO] 997 resources included (use -debug for more details)
Warning:  org.apache.xerces.jaxp.SAXParserImpl$JAXPSAXParser: Property 'http://www.oracle.com/xml/jaxp/properties/entityExpansionLimit' is not recognized.
Compiler warnings:
  WARNING:  'org.apache.xerces.jaxp.SAXParserImpl: Property 'http://javax.xml.XMLConstants/property/accessExternalDTD' is not recognized.'
Warning:  org.apache.xerces.parsers.SAXParser: Feature 'http://javax.xml.XMLConstants/feature/secure-processing' is not recognized.
Warning:  org.apache.xerces.parsers.SAXParser: Property 'http://javax.xml.XMLConstants/property/accessExternalDTD' is not recognized.
Warning:  org.apache.xerces.parsers.SAXParser: Property 'http://www.oracle.com/xml/jaxp/properties/entityExpansionLimit' is not recognized.
[INFO] Rat check: Summary of files. Unapproved: 0 unknown: 0 generated: 0 approved: 991 licence.
[INFO] 
[INFO] --- make-maven-plugin:1.0-beta-1:test (test) @ storm-core ---
[INFO] /bin/sh: 14: /home/travis/.jdk_switcher_rc: [[: not found
[INFO] /bin/sh: 22: /home/travis/.jdk_switcher_rc: [[: not found
[INFO] /bin/sh: 32: /home/travis/.jdk_switcher_rc: [[: not found
[INFO] /bin/sh: 42: /home/travis/.jdk_switcher_rc: [[: not found
[INFO] /bin/sh: 3: /etc/profile.d/rvm.sh: [[: not found
[INFO] make  test-worker-launcher
[INFO] make[1]: Entering directory `/home/travis/build/apache/storm/storm-core/target/native/worker-launcher'
[INFO] make[1]: `test-worker-launcher' is up to date.
[INFO] make[1]: Leaving directory `/home/travis/build/apache/storm/storm-core/target/native/worker-launcher'
[INFO] make  check-TESTS
[INFO] make[1]: Entering directory `/home/travis/build/apache/storm/storm-core/target/native/worker-launcher'
[INFO] chmod: cannot access `/tmp/test-worker-launcher': No such file or directory
[INFO] File /tmp/test-worker-launcher must be owned by root, but is owned by 1000
[INFO] 
[INFO] Starting tests
[INFO] 
[INFO] Testing get_container_launcher_file()
[INFO] 
[INFO] Testing check_configuration_permissions()
[INFO] 
[INFO] Testing check_configuration_permissions
[INFO] 
[INFO] Testing check_user()
[INFO] 
[INFO] Testing test_check_user
[INFO] Requested user lp has id 7, which is below the minimum allowed 1000
[INFO] Running as root is not allowed
[INFO] 
[INFO] Running test test_signal_container in child process
[INFO] 
[INFO] Testing signal_container
[INFO] Child container launched as 20881
[INFO] Killing process 20881 with 3
[INFO] 
[INFO] Running test test_signal_container_group in child process
[INFO] 
[INFO] Testing group signal_container
[INFO] Child container launched as 20883
[INFO] Killing process 20883 with 9
[INFO] 
[INFO] Finished tests
[INFO] PASS: test-worker-launcher
[INFO] =============
[INFO] 1 test passed
[INFO] =============
[INFO] make[1]: Leaving directory `/home/travis/build/apache/storm/storm-core/target/native/worker-launcher'
[INFO] ------------------------------------------------------------------------
[INFO] BUILD SUCCESS
[INFO] ------------------------------------------------------------------------
[INFO] Total time: 08:11 min
[INFO] Finished at: 2016-07-30T23:57:00+00:00
[INFO] Final Memory: 36M/339M
[INFO] ------------------------------------------------------------------------
Looking for errors in ./storm-core/target/surefire-reports
Checking ./storm-core/target/surefire-reports/TEST-org.apache.storm.utils.ShellBoltMessageQueueTest.xml
Checking ./storm-core/target/surefire-reports/TEST-org.apache.storm.utils.WorkerBackpressureThreadTest.xml
Checking ./storm-core/target/surefire-reports/TEST-org.apache.storm.utils.DisruptorQueueTest.xml
Checking ./storm-core/target/surefire-reports/TEST-org.apache.storm.utils.StormBoundedExponentialBackoffRetryTest.xml
Checking ./storm-core/target/surefire-reports/TEST-org.apache.storm.utils.DisruptorQueueBackpressureTest.xml
Checking ./storm-core/target/surefire-reports/TEST-org.apache.storm.utils.ThriftTopologyUtilsTest.xml
Checking ./storm-core/target/surefire-reports/TEST-org.apache.storm.spout.CheckpointSpoutTest.xml
Checking ./storm-core/target/surefire-reports/TEST-org.apache.storm.TestConfigValidate.xml
Checking ./storm-core/target/surefire-reports/TEST-org.apache.storm.serialization.GzipBridgeThriftSerializationDelegateTest.xml
Checking ./storm-core/target/surefire-reports/TEST-org.apache.storm.serialization.ThriftBridgeSerializationDelegateTest.xml
Checking ./storm-core/target/surefire-reports/TEST-org.apache.storm.serialization.GzipBridgeSerializationDelegateTest.xml
Checking ./storm-core/target/surefire-reports/TEST-org.apache.storm.blobstore.ClientBlobStoreTest.xml
Checking ./storm-core/target/surefire-reports/TEST-org.apache.storm.blobstore.BlobStoreTest.xml
Checking ./storm-core/target/surefire-reports/TEST-org.apache.storm.blobstore.BlobSynchronizerTest.xml
Checking ./storm-core/target/surefire-reports/TEST-org.apache.storm.trident.TridentWindowingTest.xml
Checking ./storm-core/target/surefire-reports/TEST-org.apache.storm.trident.TestTridentTopology.xml
Checking ./storm-core/target/surefire-reports/TEST-org.apache.storm.metric.internal.LatencyStatAndMetricTest.xml
Checking ./storm-core/target/surefire-reports/TEST-org.apache.storm.metric.internal.CountStatAndMetricTest.xml
Checking ./storm-core/target/surefire-reports/TEST-org.apache.storm.metric.internal.RateTrackerTest.xml
Checking ./storm-core/target/surefire-reports/TEST-org.apache.storm.metric.util.DataPointExpanderTest.xml
Checking ./storm-core/target/surefire-reports/TEST-org.apache.storm.metric.filter.FilterByMetricNameTest.xml
Checking ./storm-core/target/surefire-reports/TEST-org.apache.storm.windowing.WaterMarkEventGeneratorTest.xml
Checking ./storm-core/target/surefire-reports/TEST-org.apache.storm.windowing.WindowManagerTest.xml
Checking ./storm-core/target/surefire-reports/TEST-org.apache.storm.topology.StatefulBoltExecutorTest.xml
Checking ./storm-core/target/surefire-reports/TEST-org.apache.storm.topology.WindowedBoltExecutorTest.xml
Checking ./storm-core/target/surefire-reports/TEST-org.apache.storm.topology.StatefulWindowedBoltExecutorTest.xml
Checking ./storm-core/target/surefire-reports/TEST-org.apache.storm.topology.TopologyBuilderTest.xml
Checking ./storm-core/target/surefire-reports/TEST-org.apache.storm.localizer.LocalizerTest.xml
Checking ./storm-core/target/surefire-reports/TEST-org.apache.storm.localizer.LocalizedResourceRetentionSetTest.xml
Checking ./storm-core/target/surefire-reports/TEST-org.apache.storm.localizer.LocalizedResourceSetTest.xml
Checking ./storm-core/target/surefire-reports/TEST-org.apache.storm.scheduler.resource.TestUser.xml
Checking ./storm-core/target/surefire-reports/TEST-org.apache.storm.scheduler.resource.TestResourceAwareScheduler.xml
Checking ./storm-core/target/surefire-reports/TEST-org.apache.storm.grouping.PartialKeyGroupingTest.xml
Checking ./storm-core/target/surefire-reports/TEST-org.apache.storm.state.InMemoryKeyValueStateTest.xml
Looking for errors in ./storm-core/target/test-reports
Checking ./storm-core/target/test-reports/org.apache.storm.security.auth.auto-login-module-test.xml
Checking ./storm-core/target/test-reports/org.apache.storm.transactional-test.xml
Checking ./storm-core/target/test-reports/org.apache.storm.serialization-test.xml
Checking ./storm-core/target/test-reports/org.apache.storm.utils.ZookeeperServerCnxnFactory-test.xml
Checking ./storm-core/target/test-reports/org.apache.storm.versioned-store-test.xml
Checking ./storm-core/target/test-reports/org.apache.storm.security.auth.drpc-auth-test.xml
Checking ./storm-core/target/test-reports/org.apache.storm.pacemaker-state-factory-test.xml
Checking ./storm-core/target/test-reports/org.apache.storm.supervisor-test.xml
Checking ./storm-core/target/test-reports/org.apache.storm.scheduler.multitenant-scheduler-test.xml
Checking ./storm-core/target/test-reports/org.apache.storm.security.auth.nimbus-auth-test.xml
Checking ./storm-core/target/test-reports/org.apache.storm.security.auth.ThriftServer-test.xml
Checking ./storm-core/target/test-reports/org.apache.storm.security.auth.AuthUtils-test.xml
Checking ./storm-core/target/test-reports/org.apache.storm.logviewer-test.xml
Checking ./storm-core/target/test-reports/org.apache.storm.worker-test.xml
Checking ./storm-core/target/test-reports/integration.org.apache.storm.testing4j-test.xml
Checking ./storm-core/target/test-reports/org.apache.storm.trident.state-test.xml
Checking ./storm-core/target/test-reports/org.apache.storm.utils-test.xml
Checking ./storm-core/target/test-reports/org.apache.storm.serialization.SerializationFactory-test.xml
Checking ./storm-core/target/test-reports/org.apache.storm.security.auth.DefaultHttpCredentialsPlugin-test.xml
Checking ./storm-core/target/test-reports/org.apache.storm.security.auth.auth-test.xml
Checking ./storm-core/target/test-reports/org.apache.storm.clojure-test.xml
Checking ./storm-core/target/test-reports/org.apache.storm.messaging-test.xml
Checking ./storm-core/target/test-reports/org.apache.storm.drpc-test.xml
Checking ./storm-core/target/test-reports/org.apache.storm.submitter-test.xml
Checking ./storm-core/target/test-reports/org.apache.storm.security.auth.ReqContext-test.xml
Checking ./storm-core/target/test-reports/org.apache.storm.fields-test.xml
Checking ./storm-core/target/test-reports/integration.org.apache.storm.integration-test.xml
Checking ./storm-core/target/test-reports/org.apache.storm.security.auth.authorizer.DRPCSimpleACLAuthorizer-test.xml
Checking ./storm-core/target/test-reports/org.apache.storm.pacemaker-test.xml
Checking ./storm-core/target/test-reports/org.apache.storm.metrics-test.xml
Checking ./storm-core/target/test-reports/org.apache.storm.security.auth.ThriftClient-test.xml
Checking ./storm-core/target/test-reports/org.apache.storm.scheduler-test.xml
Checking ./storm-core/target/test-reports/org.apache.storm.scheduler.resource-aware-scheduler-test.xml
Checking ./storm-core/target/test-reports/org.apache.storm.security.auth.SaslTransportPlugin-test.xml
Checking ./storm-core/target/test-reports/org.apache.storm.local-state-test.xml
Checking ./storm-core/target/test-reports/org.apache.storm.messaging.netty-unit-test.xml
Checking ./storm-core/target/test-reports/org.apache.storm.tuple-test.xml
Checking ./storm-core/target/test-reports/org.apache.storm.messaging.netty-integration-test.xml
Checking ./storm-core/target/test-reports/org.apache.storm.tick-tuple-test.xml
Checking ./storm-core/target/test-reports/integration.org.apache.storm.trident.integration-test.xml
Checking ./storm-core/target/test-reports/org.apache.storm.grouping-test.xml
Checking ./storm-core/target/test-reports/org.apache.storm.security.serialization.BlowfishTupleSerializer-test.xml
Checking ./storm-core/target/test-reports/org.apache.storm.nimbus-test.xml
Checking ./storm-core/target/test-reports/org.apache.storm.subtopology-test.xml
Checking ./storm-core/target/test-reports/org.apache.storm.cluster-test.xml
Checking ./storm-core/target/test-reports/org.apache.storm.trident.tuple-test.xml

travis_time:end:0494d7f7:start=1469922526562997638,finish=1469923022235237298,duration=495672239660[0K
[32;1mThe command "/bin/bash ./dev-tools/travis/travis-script.sh `pwd` $MODULES" exited with 0.[0m
travis_fold:start:cache.2[0Kstore build cache
travis_time:start:058a2878[0K
travis_time:end:058a2878:start=1469923022240016602,finish=1469923022243572145,duration=3555543[0Ktravis_time:start:0acbf933[0K[32;1mchange detected (content changed, file is created, or file is deleted):
/home/travis/.m2/repository/eigenbase/eigenbase-properties/1.1.4/eigenbase-properties-1.1.4.pom.lastUpdated
/home/travis/.m2/repository/io/confluent/kafka-avro-serializer/1.0/kafka-avro-serializer-1.0.pom.lastUpdated
/home/travis/.m2/repository/io/confluent/kafka-schema-registry-client/1.0/kafka-schema-registry-client-1.0.pom.lastUpdated
/home/travis/.m2/repository/net/hydromatic/linq4j/0.4/linq4j-0.4.pom.lastUpdated
/home/travis/.m2/repository/net/hydromatic/quidem/0.1.1/quidem-0.1.1.pom.lastUpdated
/home/travis/.m2/repository/org/apache/storm/flux/1.1.1-SNAPSHOT/maven-metadata-local.xml
/home/travis/.m2/repository/org/apache/storm/flux/1.1.1-SNAPSHOT/_remote.repositories
/home/travis/.m2/repository/org/apache/storm/flux-core/1.1.1-SNAPSHOT/flux-core-1.1.1-SNAPSHOT.jar
/home/travis/.m2/repository/org/apache/storm/flux-core/1.1.1-SNAPSHOT/maven-metadata-local.xml
/home/travis/.m2/repository/org/apache/storm/flux-core/1.1.1-SNAPSHOT/_remote.repositories
/home/travis/.m2/repository/org/ap
[0m
[32;1m...
[0m
[32;1mchanges detected, packing new archive[0m
.
.
.
.
.
.
.
.
.
.
.
[32;1muploading archive[0m

travis_time:end:0acbf933:start=1469923022247614328,finish=1469923107392081616,duration=85144467288[0Ktravis_fold:end:cache.2[0K
Done. Your build exited with 0.
