Using worker: worker-linux-docker-f32cde6a.prod.travis-ci.org:travis-linux-4

travis_fold:start:system_info[0K[33;1mBuild system information[0m
Build language: java
Build group: stable
Build dist: precise
Build id: 150151997
Job id: 150151999
travis-build version: d377c8f80
[34m[1mBuild image provisioning date and time[0m
Thu Feb  5 15:09:33 UTC 2015
[34m[1mOperating System Details[0m
Distributor ID:	Ubuntu
Description:	Ubuntu 12.04.5 LTS
Release:	12.04
Codename:	precise
[34m[1mLinux Version[0m
3.13.0-29-generic
[34m[1mCookbooks Version[0m
a68419e https://github.com/travis-ci/travis-cookbooks/tree/a68419e
[34m[1mGCC version[0m
gcc (Ubuntu/Linaro 4.6.3-1ubuntu5) 4.6.3
Copyright (C) 2011 Free Software Foundation, Inc.
This is free software; see the source for copying conditions.  There is NO
warranty; not even for MERCHANTABILITY or FITNESS FOR A PARTICULAR PURPOSE.

[34m[1mLLVM version[0m
clang version 3.4 (tags/RELEASE_34/final)
Target: x86_64-unknown-linux-gnu
Thread model: posix
[34m[1mPre-installed Ruby versions[0m
ruby-1.9.3-p551
[34m[1mPre-installed Node.js versions[0m
v0.10.36
[34m[1mPre-installed Go versions[0m
1.4.1
[34m[1mRedis version[0m
redis-server 2.8.19
[34m[1mriak version[0m
2.0.2
[34m[1mMongoDB version[0m
MongoDB 2.4.12
[34m[1mCouchDB version[0m
couchdb 1.6.1
[34m[1mNeo4j version[0m
1.9.4
[34m[1mRabbitMQ Version[0m
3.4.3
[34m[1mElasticSearch version[0m
1.4.0
[34m[1mInstalled Sphinx versions[0m
2.0.10
2.1.9
2.2.6
[34m[1mDefault Sphinx version[0m
2.2.6
[34m[1mInstalled Firefox version[0m
firefox 31.0esr
[34m[1mPhantomJS version[0m
1.9.8
[34m[1mant -version[0m
Apache Ant(TM) version 1.8.2 compiled on December 3 2011
[34m[1mmvn -version[0m
Apache Maven 3.2.5 (12a6b3acb947671f09b81f49094c53f426d8cea1; 2014-12-14T17:29:23+00:00)
Maven home: /usr/local/maven
Java version: 1.7.0_76, vendor: Oracle Corporation
Java home: /usr/lib/jvm/java-7-oracle/jre
Default locale: en_US, platform encoding: ANSI_X3.4-1968
OS name: "linux", version: "3.13.0-29-generic", arch: "amd64", family: "unix"
travis_fold:end:system_info[0K
travis_fold:start:fix.CVE-2015-7547[0K$ export DEBIAN_FRONTEND=noninteractive
W: Size of file /var/lib/apt/lists/us.archive.ubuntu.com_ubuntu_dists_precise-backports_multiverse_source_Sources.gz is not what the server reported 5886 5888
W: Size of file /var/lib/apt/lists/ppa.launchpad.net_ubuntugis_ppa_ubuntu_dists_precise_main_binary-amd64_Packages.gz is not what the server reported 33653 36677
W: Size of file /var/lib/apt/lists/ppa.launchpad.net_ubuntugis_ppa_ubuntu_dists_precise_main_binary-i386_Packages.gz is not what the server reported 33699 36733
Reading package lists...
Building dependency tree...
Reading state information...
The following extra packages will be installed:
  libc-bin libc-dev-bin libc6-dev
Suggested packages:
  glibc-doc
The following packages will be upgraded:
  libc-bin libc-dev-bin libc6 libc6-dev
4 upgraded, 0 newly installed, 0 to remove and 252 not upgraded.
Need to get 8,840 kB of archives.
After this operation, 14.3 kB disk space will be freed.
Get:1 http://us.archive.ubuntu.com/ubuntu/ precise-updates/main libc6-dev amd64 2.15-0ubuntu10.15 [2,943 kB]
Get:2 http://us.archive.ubuntu.com/ubuntu/ precise-updates/main libc-dev-bin amd64 2.15-0ubuntu10.15 [84.7 kB]
Get:3 http://us.archive.ubuntu.com/ubuntu/ precise-updates/main libc-bin amd64 2.15-0ubuntu10.15 [1,177 kB]
Get:4 http://us.archive.ubuntu.com/ubuntu/ precise-updates/main libc6 amd64 2.15-0ubuntu10.15 [4,636 kB]
Fetched 8,840 kB in 0s (32.6 MB/s)
Preconfiguring packages ...
(Reading database ... (Reading database ... 5%(Reading database ... 10%(Reading database ... 15%(Reading database ... 20%(Reading database ... 25%(Reading database ... 30%(Reading database ... 35%(Reading database ... 40%(Reading database ... 45%(Reading database ... 50%(Reading database ... 55%(Reading database ... 60%(Reading database ... 65%(Reading database ... 70%(Reading database ... 75%(Reading database ... 80%(Reading database ... 85%(Reading database ... 90%(Reading database ... 95%(Reading database ... 100%(Reading database ... 72019 files and directories currently installed.)
Preparing to replace libc6-dev 2.15-0ubuntu10.10 (using .../libc6-dev_2.15-0ubuntu10.15_amd64.deb) ...
Unpacking replacement libc6-dev ...
Preparing to replace libc-dev-bin 2.15-0ubuntu10.10 (using .../libc-dev-bin_2.15-0ubuntu10.15_amd64.deb) ...
Unpacking replacement libc-dev-bin ...
Preparing to replace libc-bin 2.15-0ubuntu10.10 (using .../libc-bin_2.15-0ubuntu10.15_amd64.deb) ...
Unpacking replacement libc-bin ...
Processing triggers for man-db ...
Setting up libc-bin (2.15-0ubuntu10.15) ...
(Reading database ... (Reading database ... 5%(Reading database ... 10%(Reading database ... 15%(Reading database ... 20%(Reading database ... 25%(Reading database ... 30%(Reading database ... 35%(Reading database ... 40%(Reading database ... 45%(Reading database ... 50%(Reading database ... 55%(Reading database ... 60%(Reading database ... 65%(Reading database ... 70%(Reading database ... 75%(Reading database ... 80%(Reading database ... 85%(Reading database ... 90%(Reading database ... 95%(Reading database ... 100%(Reading database ... 72018 files and directories currently installed.)
Preparing to replace libc6 2.15-0ubuntu10.10 (using .../libc6_2.15-0ubuntu10.15_amd64.deb) ...
Unpacking replacement libc6 ...
Setting up libc6 (2.15-0ubuntu10.15) ...
Setting up libc-dev-bin (2.15-0ubuntu10.15) ...
Setting up libc6-dev (2.15-0ubuntu10.15) ...
Processing triggers for libc-bin ...
ldconfig deferred processing now taking place
travis_fold:end:fix.CVE-2015-7547[0Ktravis_fold:start:git.checkout[0Ktravis_time:start:052dde24[0K$ git clone --depth=50 https://github.com/apache/storm.git apache/storm
Cloning into 'apache/storm'...
remote: Counting objects: 19068, done.[K
remote: Compressing objects:   0% (1/7702)   [Kremote: Compressing objects:   1% (78/7702)   [Kremote: Compressing objects:   2% (155/7702)   [Kremote: Compressing objects:   3% (232/7702)   [Kremote: Compressing objects:   4% (309/7702)   [Kremote: Compressing objects:   5% (386/7702)   [Kremote: Compressing objects:   6% (463/7702)   [Kremote: Compressing objects:   7% (540/7702)   [Kremote: Compressing objects:   8% (617/7702)   [Kremote: Compressing objects:   9% (694/7702)   [Kremote: Compressing objects:  10% (771/7702)   [Kremote: Compressing objects:  11% (848/7702)   [Kremote: Compressing objects:  12% (925/7702)   [Kremote: Compressing objects:  13% (1002/7702)   [Kremote: Compressing objects:  14% (1079/7702)   [Kremote: Compressing objects:  15% (1156/7702)   [Kremote: Compressing objects:  16% (1233/7702)   [Kremote: Compressing objects:  17% (1310/7702)   [Kremote: Compressing objects:  18% (1387/7702)   [Kremote: Compressing objects:  19% (1464/7702)   [Kremote: Compressing objects:  20% (1541/7702)   [Kremote: Compressing objects:  21% (1618/7702)   [Kremote: Compressing objects:  22% (1695/7702)   [Kremote: Compressing objects:  23% (1772/7702)   [Kremote: Compressing objects:  24% (1849/7702)   [Kremote: Compressing objects:  25% (1926/7702)   [Kremote: Compressing objects:  26% (2003/7702)   [Kremote: Compressing objects:  27% (2080/7702)   [Kremote: Compressing objects:  28% (2157/7702)   [Kremote: Compressing objects:  29% (2234/7702)   [Kremote: Compressing objects:  30% (2311/7702)   [Kremote: Compressing objects:  31% (2388/7702)   [Kremote: Compressing objects:  32% (2465/7702)   [Kremote: Compressing objects:  33% (2542/7702)   [Kremote: Compressing objects:  34% (2619/7702)   [Kremote: Compressing objects:  35% (2696/7702)   [Kremote: Compressing objects:  36% (2773/7702)   [Kremote: Compressing objects:  37% (2850/7702)   [Kremote: Compressing objects:  38% (2927/7702)   [Kremote: Compressing objects:  39% (3004/7702)   [Kremote: Compressing objects:  40% (3081/7702)   [Kremote: Compressing objects:  41% (3158/7702)   [Kremote: Compressing objects:  42% (3235/7702)   [Kremote: Compressing objects:  43% (3312/7702)   [Kremote: Compressing objects:  44% (3389/7702)   [Kremote: Compressing objects:  45% (3466/7702)   [Kremote: Compressing objects:  46% (3543/7702)   [Kremote: Compressing objects:  47% (3620/7702)   [Kremote: Compressing objects:  48% (3697/7702)   [Kremote: Compressing objects:  49% (3774/7702)   [Kremote: Compressing objects:  50% (3851/7702)   [Kremote: Compressing objects:  51% (3929/7702)   [Kremote: Compressing objects:  52% (4006/7702)   [Kremote: Compressing objects:  53% (4083/7702)   [Kremote: Compressing objects:  54% (4160/7702)   [Kremote: Compressing objects:  55% (4237/7702)   [Kremote: Compressing objects:  56% (4314/7702)   [Kremote: Compressing objects:  57% (4391/7702)   [Kremote: Compressing objects:  58% (4468/7702)   [Kremote: Compressing objects:  59% (4545/7702)   [Kremote: Compressing objects:  60% (4622/7702)   [Kremote: Compressing objects:  61% (4699/7702)   [Kremote: Compressing objects:  62% (4776/7702)   [Kremote: Compressing objects:  63% (4853/7702)   [Kremote: Compressing objects:  64% (4930/7702)   [Kremote: Compressing objects:  65% (5007/7702)   [Kremote: Compressing objects:  66% (5084/7702)   [Kremote: Compressing objects:  67% (5161/7702)   [Kremote: Compressing objects:  68% (5238/7702)   [Kremote: Compressing objects:  69% (5315/7702)   [Kremote: Compressing objects:  70% (5392/7702)   [Kremote: Compressing objects:  71% (5469/7702)   [Kremote: Compressing objects:  72% (5546/7702)   [Kremote: Compressing objects:  73% (5623/7702)   [Kremote: Compressing objects:  74% (5700/7702)   [Kremote: Compressing objects:  75% (5777/7702)   [Kremote: Compressing objects:  76% (5854/7702)   [Kremote: Compressing objects:  77% (5931/7702)   [Kremote: Compressing objects:  78% (6008/7702)   [Kremote: Compressing objects:  79% (6085/7702)   [Kremote: Compressing objects:  80% (6162/7702)   [Kremote: Compressing objects:  81% (6239/7702)   [Kremote: Compressing objects:  82% (6316/7702)   [Kremote: Compressing objects:  83% (6393/7702)   [Kremote: Compressing objects:  84% (6470/7702)   [Kremote: Compressing objects:  85% (6547/7702)   [Kremote: Compressing objects:  86% (6624/7702)   [Kremote: Compressing objects:  87% (6701/7702)   [Kremote: Compressing objects:  88% (6778/7702)   [Kremote: Compressing objects:  89% (6855/7702)   [Kremote: Compressing objects:  90% (6932/7702)   [Kremote: Compressing objects:  91% (7009/7702)   [Kremote: Compressing objects:  92% (7086/7702)   [Kremote: Compressing objects:  93% (7163/7702)   [Kremote: Compressing objects:  94% (7240/7702)   [Kremote: Compressing objects:  95% (7317/7702)   [Kremote: Compressing objects:  96% (7394/7702)   [Kremote: Compressing objects:  97% (7471/7702)   [Kremote: Compressing objects:  98% (7548/7702)   [Kremote: Compressing objects:  99% (7625/7702)   [Kremote: Compressing objects: 100% (7702/7702)   [Kremote: Compressing objects: 100% (7702/7702), done.[K
Receiving objects:   0% (1/19068)   Receiving objects:   1% (191/19068)   Receiving objects:   2% (382/19068)   Receiving objects:   3% (573/19068)   Receiving objects:   4% (763/19068)   Receiving objects:   5% (954/19068)   Receiving objects:   6% (1145/19068)   Receiving objects:   7% (1335/19068)   Receiving objects:   8% (1526/19068)   Receiving objects:   9% (1717/19068)   Receiving objects:  10% (1907/19068)   Receiving objects:  11% (2098/19068)   Receiving objects:  12% (2289/19068)   Receiving objects:  13% (2479/19068)   Receiving objects:  14% (2670/19068)   Receiving objects:  15% (2861/19068)   Receiving objects:  16% (3051/19068)   Receiving objects:  17% (3242/19068)   Receiving objects:  18% (3433/19068)   Receiving objects:  19% (3623/19068)   Receiving objects:  20% (3814/19068)   Receiving objects:  21% (4005/19068)   Receiving objects:  22% (4195/19068)   Receiving objects:  23% (4386/19068)   Receiving objects:  24% (4577/19068)   Receiving objects:  25% (4767/19068)   Receiving objects:  26% (4958/19068)   Receiving objects:  27% (5149/19068)   Receiving objects:  28% (5340/19068)   Receiving objects:  29% (5530/19068)   Receiving objects:  30% (5721/19068)   Receiving objects:  31% (5912/19068)   Receiving objects:  32% (6102/19068)   Receiving objects:  33% (6293/19068)   Receiving objects:  34% (6484/19068)   Receiving objects:  35% (6674/19068)   Receiving objects:  36% (6865/19068)   Receiving objects:  37% (7056/19068)   Receiving objects:  38% (7246/19068)   Receiving objects:  39% (7437/19068)   Receiving objects:  40% (7628/19068)   Receiving objects:  41% (7818/19068)   Receiving objects:  42% (8009/19068)   Receiving objects:  43% (8200/19068)   Receiving objects:  44% (8390/19068)   Receiving objects:  45% (8581/19068)   Receiving objects:  46% (8772/19068)   Receiving objects:  47% (8962/19068)   Receiving objects:  48% (9153/19068)   Receiving objects:  49% (9344/19068)   Receiving objects:  50% (9534/19068)   Receiving objects:  51% (9725/19068)   Receiving objects:  52% (9916/19068)   Receiving objects:  53% (10107/19068)   Receiving objects:  54% (10297/19068)   Receiving objects:  55% (10488/19068), 10.89 MiB | 21.72 MiB/s   Receiving objects:  56% (10679/19068), 10.89 MiB | 21.72 MiB/s   Receiving objects:  57% (10869/19068), 10.89 MiB | 21.72 MiB/s   Receiving objects:  58% (11060/19068), 10.89 MiB | 21.72 MiB/s   Receiving objects:  59% (11251/19068), 10.89 MiB | 21.72 MiB/s   Receiving objects:  60% (11441/19068), 10.89 MiB | 21.72 MiB/s   Receiving objects:  61% (11632/19068), 10.89 MiB | 21.72 MiB/s   Receiving objects:  62% (11823/19068), 10.89 MiB | 21.72 MiB/s   Receiving objects:  63% (12013/19068), 10.89 MiB | 21.72 MiB/s   Receiving objects:  64% (12204/19068), 10.89 MiB | 21.72 MiB/s   Receiving objects:  65% (12395/19068), 10.89 MiB | 21.72 MiB/s   Receiving objects:  66% (12585/19068), 10.89 MiB | 21.72 MiB/s   Receiving objects:  67% (12776/19068), 10.89 MiB | 21.72 MiB/s   Receiving objects:  68% (12967/19068), 10.89 MiB | 21.72 MiB/s   Receiving objects:  69% (13157/19068), 10.89 MiB | 21.72 MiB/s   Receiving objects:  70% (13348/19068), 10.89 MiB | 21.72 MiB/s   Receiving objects:  71% (13539/19068), 10.89 MiB | 21.72 MiB/s   Receiving objects:  72% (13729/19068), 10.89 MiB | 21.72 MiB/s   Receiving objects:  73% (13920/19068), 10.89 MiB | 21.72 MiB/s   Receiving objects:  74% (14111/19068), 10.89 MiB | 21.72 MiB/s   Receiving objects:  75% (14301/19068), 10.89 MiB | 21.72 MiB/s   Receiving objects:  76% (14492/19068), 10.89 MiB | 21.72 MiB/s   Receiving objects:  77% (14683/19068), 10.89 MiB | 21.72 MiB/s   Receiving objects:  78% (14874/19068), 10.89 MiB | 21.72 MiB/s   Receiving objects:  79% (15064/19068), 10.89 MiB | 21.72 MiB/s   Receiving objects:  80% (15255/19068), 10.89 MiB | 21.72 MiB/s   Receiving objects:  81% (15446/19068), 10.89 MiB | 21.72 MiB/s   Receiving objects:  82% (15636/19068), 10.89 MiB | 21.72 MiB/s   Receiving objects:  83% (15827/19068), 10.89 MiB | 21.72 MiB/s   Receiving objects:  84% (16018/19068), 10.89 MiB | 21.72 MiB/s   Receiving objects:  85% (16208/19068), 10.89 MiB | 21.72 MiB/s   Receiving objects:  86% (16399/19068), 10.89 MiB | 21.72 MiB/s   Receiving objects:  87% (16590/19068), 10.89 MiB | 21.72 MiB/s   Receiving objects:  88% (16780/19068), 10.89 MiB | 21.72 MiB/s   Receiving objects:  89% (16971/19068), 10.89 MiB | 21.72 MiB/s   Receiving objects:  90% (17162/19068), 10.89 MiB | 21.72 MiB/s   Receiving objects:  91% (17352/19068), 10.89 MiB | 21.72 MiB/s   Receiving objects:  92% (17543/19068), 10.89 MiB | 21.72 MiB/s   Receiving objects:  93% (17734/19068), 10.89 MiB | 21.72 MiB/s   Receiving objects:  94% (17924/19068), 10.89 MiB | 21.72 MiB/s   Receiving objects:  95% (18115/19068), 10.89 MiB | 21.72 MiB/s   Receiving objects:  96% (18306/19068), 10.89 MiB | 21.72 MiB/s   Receiving objects:  97% (18496/19068), 10.89 MiB | 21.72 MiB/s   Receiving objects:  98% (18687/19068), 10.89 MiB | 21.72 MiB/s   Receiving objects:  99% (18878/19068), 10.89 MiB | 21.72 MiB/s   remote: Total 19068 (delta 8963), reused 16412 (delta 6960), pack-reused 0[K
Receiving objects: 100% (19068/19068), 10.89 MiB | 21.72 MiB/s   Receiving objects: 100% (19068/19068), 15.02 MiB | 21.72 MiB/s, done.
Resolving deltas:   0% (0/8963)   Resolving deltas:   1% (94/8963)   Resolving deltas:   2% (182/8963)   Resolving deltas:   3% (271/8963)   Resolving deltas:   4% (360/8963)   Resolving deltas:   5% (506/8963)   Resolving deltas:   6% (539/8963)   Resolving deltas:   7% (629/8963)   Resolving deltas:   9% (870/8963)   Resolving deltas:  10% (901/8963)   Resolving deltas:  11% (986/8963)   Resolving deltas:  12% (1076/8963)   Resolving deltas:  13% (1166/8963)   Resolving deltas:  14% (1257/8963)   Resolving deltas:  15% (1345/8963)   Resolving deltas:  16% (1436/8963)   Resolving deltas:  17% (1524/8963)   Resolving deltas:  18% (1614/8963)   Resolving deltas:  19% (1703/8963)   Resolving deltas:  20% (1796/8963)   Resolving deltas:  21% (1886/8963)   Resolving deltas:  22% (1973/8963)   Resolving deltas:  23% (2062/8963)   Resolving deltas:  24% (2152/8963)   Resolving deltas:  25% (2268/8963)   Resolving deltas:  26% (2337/8963)   Resolving deltas:  27% (2446/8963)   Resolving deltas:  28% (2510/8963)   Resolving deltas:  29% (2600/8963)   Resolving deltas:  30% (2690/8963)   Resolving deltas:  31% (2788/8963)   Resolving deltas:  32% (2880/8963)   Resolving deltas:  33% (2960/8963)   Resolving deltas:  34% (3067/8963)   Resolving deltas:  35% (3145/8963)   Resolving deltas:  36% (3228/8963)   Resolving deltas:  37% (3319/8963)   Resolving deltas:  38% (3417/8963)   Resolving deltas:  39% (3496/8963)   Resolving deltas:  40% (3591/8963)   Resolving deltas:  41% (3676/8963)   Resolving deltas:  42% (3765/8963)   Resolving deltas:  43% (3858/8963)   Resolving deltas:  44% (3952/8963)   Resolving deltas:  45% (4035/8963)   Resolving deltas:  46% (4129/8963)   Resolving deltas:  47% (4213/8963)   Resolving deltas:  48% (4340/8963)   Resolving deltas:  49% (4394/8963)   Resolving deltas:  50% (4484/8963)   Resolving deltas:  51% (4583/8963)   Resolving deltas:  52% (4661/8963)   Resolving deltas:  53% (4761/8963)   Resolving deltas:  54% (4842/8963)   Resolving deltas:  55% (4940/8963)   Resolving deltas:  56% (5032/8963)   Resolving deltas:  57% (5115/8963)   Resolving deltas:  59% (5370/8963)   Resolving deltas:  60% (5380/8963)   Resolving deltas:  61% (5487/8963)   Resolving deltas:  62% (5561/8963)   Resolving deltas:  63% (5674/8963)   Resolving deltas:  66% (5941/8963)   Resolving deltas:  68% (6125/8963)   Resolving deltas:  69% (6185/8963)   Resolving deltas:  71% (6414/8963)   Resolving deltas:  77% (6935/8963)   Resolving deltas:  79% (7116/8963)   Resolving deltas:  81% (7268/8963)   Resolving deltas:  82% (7398/8963)   Resolving deltas:  83% (7441/8963)   Resolving deltas:  84% (7533/8963)   Resolving deltas:  85% (7625/8963)   Resolving deltas:  86% (7710/8963)   Resolving deltas:  87% (7827/8963)   Resolving deltas:  88% (7889/8963)   Resolving deltas:  89% (7978/8963)   Resolving deltas:  90% (8067/8963)   Resolving deltas:  91% (8170/8963)   Resolving deltas:  92% (8246/8963)   Resolving deltas:  93% (8417/8963)   Resolving deltas:  94% (8426/8963)   Resolving deltas:  95% (8561/8963)   Resolving deltas:  96% (8609/8963)   Resolving deltas:  97% (8700/8963)   Resolving deltas:  98% (8786/8963)   Resolving deltas:  99% (8875/8963)   Resolving deltas: 100% (8963/8963)   Resolving deltas: 100% (8963/8963), done.
Checking connectivity... done.

travis_time:end:052dde24:start=1470440695936952203,finish=1470440698409280688,duration=2472328485[0K$ cd apache/storm
travis_time:start:01e64f54[0K$ git fetch origin +refs/pull/1615/merge:
remote: Counting objects: 4626, done.[K
remote: Compressing objects:   0% (1/2055)   [Kremote: Compressing objects:   1% (21/2055)   [Kremote: Compressing objects:   2% (42/2055)   [Kremote: Compressing objects:   3% (62/2055)   [Kremote: Compressing objects:   4% (83/2055)   [Kremote: Compressing objects:   5% (103/2055)   [Kremote: Compressing objects:   6% (124/2055)   [Kremote: Compressing objects:   7% (144/2055)   [Kremote: Compressing objects:   8% (165/2055)   [Kremote: Compressing objects:   9% (185/2055)   [Kremote: Compressing objects:  10% (206/2055)   [Kremote: Compressing objects:  11% (227/2055)   [Kremote: Compressing objects:  12% (247/2055)   [Kremote: Compressing objects:  13% (268/2055)   [Kremote: Compressing objects:  14% (288/2055)   [Kremote: Compressing objects:  15% (309/2055)   [Kremote: Compressing objects:  16% (329/2055)   [Kremote: Compressing objects:  17% (350/2055)   [Kremote: Compressing objects:  18% (370/2055)   [Kremote: Compressing objects:  19% (391/2055)   [Kremote: Compressing objects:  20% (411/2055)   [Kremote: Compressing objects:  21% (432/2055)   [Kremote: Compressing objects:  22% (453/2055)   [Kremote: Compressing objects:  23% (473/2055)   [Kremote: Compressing objects:  24% (494/2055)   [Kremote: Compressing objects:  25% (514/2055)   [Kremote: Compressing objects:  26% (535/2055)   [Kremote: Compressing objects:  27% (555/2055)   [Kremote: Compressing objects:  28% (576/2055)   [Kremote: Compressing objects:  29% (596/2055)   [Kremote: Compressing objects:  30% (617/2055)   [Kremote: Compressing objects:  31% (638/2055)   [Kremote: Compressing objects:  32% (658/2055)   [Kremote: Compressing objects:  33% (679/2055)   [Kremote: Compressing objects:  34% (699/2055)   [Kremote: Compressing objects:  35% (720/2055)   [Kremote: Compressing objects:  36% (740/2055)   [Kremote: Compressing objects:  37% (761/2055)   [Kremote: Compressing objects:  38% (781/2055)   [Kremote: Compressing objects:  39% (802/2055)   [Kremote: Compressing objects:  40% (822/2055)   [Kremote: Compressing objects:  41% (843/2055)   [Kremote: Compressing objects:  42% (864/2055)   [Kremote: Compressing objects:  43% (884/2055)   [Kremote: Compressing objects:  44% (905/2055)   [Kremote: Compressing objects:  45% (925/2055)   [Kremote: Compressing objects:  46% (946/2055)   [Kremote: Compressing objects:  47% (966/2055)   [Kremote: Compressing objects:  48% (987/2055)   [Kremote: Compressing objects:  49% (1007/2055)   [Kremote: Compressing objects:  50% (1028/2055)   [Kremote: Compressing objects:  51% (1049/2055)   [Kremote: Compressing objects:  52% (1069/2055)   [Kremote: Compressing objects:  53% (1090/2055)   [Kremote: Compressing objects:  54% (1110/2055)   [Kremote: Compressing objects:  55% (1131/2055)   [Kremote: Compressing objects:  56% (1151/2055)   [Kremote: Compressing objects:  57% (1172/2055)   [Kremote: Compressing objects:  58% (1192/2055)   [Kremote: Compressing objects:  59% (1213/2055)   [Kremote: Compressing objects:  60% (1233/2055)   [Kremote: Compressing objects:  61% (1254/2055)   [Kremote: Compressing objects:  62% (1275/2055)   [Kremote: Compressing objects:  63% (1295/2055)   [Kremote: Compressing objects:  64% (1316/2055)   [Kremote: Compressing objects:  65% (1336/2055)   [Kremote: Compressing objects:  66% (1357/2055)   [Kremote: Compressing objects:  67% (1377/2055)   [Kremote: Compressing objects:  68% (1398/2055)   [Kremote: Compressing objects:  69% (1418/2055)   [Kremote: Compressing objects:  70% (1439/2055)   [Kremote: Compressing objects:  71% (1460/2055)   [Kremote: Compressing objects:  72% (1480/2055)   [Kremote: Compressing objects:  73% (1501/2055)   [Kremote: Compressing objects:  74% (1521/2055)   [Kremote: Compressing objects:  75% (1542/2055)   [Kremote: Compressing objects:  76% (1562/2055)   [Kremote: Compressing objects:  77% (1583/2055)   [Kremote: Compressing objects:  78% (1603/2055)   [Kremote: Compressing objects:  79% (1624/2055)   [Kremote: Compressing objects:  80% (1644/2055)   [Kremote: Compressing objects:  81% (1665/2055)   [Kremote: Compressing objects:  82% (1686/2055)   [Kremote: Compressing objects:  83% (1706/2055)   [Kremote: Compressing objects:  84% (1727/2055)   [Kremote: Compressing objects:  85% (1747/2055)   [Kremote: Compressing objects:  86% (1768/2055)   [Kremote: Compressing objects:  87% (1788/2055)   [Kremote: Compressing objects:  88% (1809/2055)   [Kremote: Compressing objects:  89% (1829/2055)   [Kremote: Compressing objects:  90% (1850/2055)   [Kremote: Compressing objects:  91% (1871/2055)   [Kremote: Compressing objects:  92% (1891/2055)   [Kremote: Compressing objects:  93% (1912/2055)   [Kremote: Compressing objects:  94% (1932/2055)   [Kremote: Compressing objects:  95% (1953/2055)   [Kremote: Compressing objects:  96% (1973/2055)   [Kremote: Compressing objects:  97% (1994/2055)   [Kremote: Compressing objects:  98% (2014/2055)   [Kremote: Compressing objects:  99% (2035/2055)   [Kremote: Compressing objects: 100% (2055/2055)   [Kremote: Compressing objects: 100% (2055/2055), done.[K
Receiving objects:   0% (1/4626)   Receiving objects:   1% (47/4626)   Receiving objects:   2% (93/4626)   Receiving objects:   3% (139/4626)   Receiving objects:   4% (186/4626)   Receiving objects:   5% (232/4626)   Receiving objects:   6% (278/4626)   Receiving objects:   7% (324/4626)   Receiving objects:   8% (371/4626)   Receiving objects:   9% (417/4626)   Receiving objects:  10% (463/4626)   Receiving objects:  11% (509/4626)   Receiving objects:  12% (556/4626)   Receiving objects:  13% (602/4626)   Receiving objects:  14% (648/4626)   Receiving objects:  15% (694/4626)   Receiving objects:  16% (741/4626)   Receiving objects:  17% (787/4626)   Receiving objects:  18% (833/4626)   Receiving objects:  19% (879/4626)   Receiving objects:  20% (926/4626)   Receiving objects:  21% (972/4626)   Receiving objects:  22% (1018/4626)   Receiving objects:  23% (1064/4626)   Receiving objects:  24% (1111/4626)   Receiving objects:  25% (1157/4626)   Receiving objects:  26% (1203/4626)   Receiving objects:  27% (1250/4626)   Receiving objects:  28% (1296/4626)   Receiving objects:  29% (1342/4626)   Receiving objects:  30% (1388/4626)   Receiving objects:  31% (1435/4626)   Receiving objects:  32% (1481/4626)   Receiving objects:  33% (1527/4626)   Receiving objects:  34% (1573/4626)   Receiving objects:  35% (1620/4626)   Receiving objects:  36% (1666/4626)   Receiving objects:  37% (1712/4626)   Receiving objects:  38% (1758/4626)   Receiving objects:  39% (1805/4626)   Receiving objects:  40% (1851/4626)   Receiving objects:  41% (1897/4626)   Receiving objects:  42% (1943/4626)   Receiving objects:  43% (1990/4626)   Receiving objects:  44% (2036/4626)   Receiving objects:  45% (2082/4626)   Receiving objects:  46% (2128/4626)   Receiving objects:  47% (2175/4626)   Receiving objects:  48% (2221/4626)   Receiving objects:  49% (2267/4626)   Receiving objects:  50% (2313/4626)   Receiving objects:  51% (2360/4626)   Receiving objects:  52% (2406/4626)   Receiving objects:  53% (2452/4626)   Receiving objects:  54% (2499/4626)   Receiving objects:  55% (2545/4626)   Receiving objects:  56% (2591/4626)   Receiving objects:  57% (2637/4626)   Receiving objects:  58% (2684/4626)   Receiving objects:  59% (2730/4626)   Receiving objects:  60% (2776/4626)   Receiving objects:  61% (2822/4626)   Receiving objects:  62% (2869/4626)   Receiving objects:  63% (2915/4626)   Receiving objects:  64% (2961/4626)   Receiving objects:  65% (3007/4626)   Receiving objects:  66% (3054/4626)   Receiving objects:  67% (3100/4626)   Receiving objects:  68% (3146/4626)   Receiving objects:  69% (3192/4626)   Receiving objects:  70% (3239/4626)   Receiving objects:  71% (3285/4626)   Receiving objects:  72% (3331/4626)   Receiving objects:  73% (3377/4626)   Receiving objects:  74% (3424/4626)   Receiving objects:  75% (3470/4626)   Receiving objects:  76% (3516/4626)   Receiving objects:  77% (3563/4626)   Receiving objects:  78% (3609/4626)   Receiving objects:  79% (3655/4626)   Receiving objects:  80% (3701/4626)   Receiving objects:  81% (3748/4626)   Receiving objects:  82% (3794/4626)   Receiving objects:  83% (3840/4626)   Receiving objects:  84% (3886/4626)   Receiving objects:  85% (3933/4626)   remote: Total 4626 (delta 2095), reused 4078 (delta 1618), pack-reused 0[K
Receiving objects:  86% (3979/4626)   Receiving objects:  87% (4025/4626)   Receiving objects:  88% (4071/4626)   Receiving objects:  89% (4118/4626)   Receiving objects:  90% (4164/4626)   Receiving objects:  91% (4210/4626)   Receiving objects:  92% (4256/4626)   Receiving objects:  93% (4303/4626)   Receiving objects:  94% (4349/4626)   Receiving objects:  95% (4395/4626)   Receiving objects:  96% (4441/4626)   Receiving objects:  97% (4488/4626)   Receiving objects:  98% (4534/4626)   Receiving objects:  99% (4580/4626)   Receiving objects: 100% (4626/4626)   Receiving objects: 100% (4626/4626), 942.05 KiB | 0 bytes/s, done.
Resolving deltas:   0% (0/2095)   Resolving deltas:  11% (239/2095)   Resolving deltas:  12% (255/2095)   Resolving deltas:  13% (279/2095)   Resolving deltas:  14% (309/2095)   Resolving deltas:  15% (317/2095)   Resolving deltas:  16% (338/2095)   Resolving deltas:  17% (357/2095)   Resolving deltas:  18% (379/2095)   Resolving deltas:  19% (401/2095)   Resolving deltas:  20% (420/2095)   Resolving deltas:  21% (451/2095)   Resolving deltas:  22% (461/2095)   Resolving deltas:  23% (482/2095)   Resolving deltas:  24% (511/2095)   Resolving deltas:  26% (562/2095)   Resolving deltas:  27% (567/2095)   Resolving deltas:  28% (607/2095)   Resolving deltas:  30% (648/2095)   Resolving deltas:  31% (667/2095)   Resolving deltas:  32% (673/2095)   Resolving deltas:  33% (693/2095)   Resolving deltas:  34% (723/2095)   Resolving deltas:  35% (735/2095)   Resolving deltas:  36% (755/2095)   Resolving deltas:  37% (785/2095)   Resolving deltas:  43% (905/2095)   Resolving deltas:  44% (929/2095)   Resolving deltas:  45% (943/2095)   Resolving deltas:  46% (964/2095)   Resolving deltas:  47% (986/2095)   Resolving deltas:  48% (1016/2095)   Resolving deltas:  49% (1033/2095)   Resolving deltas:  50% (1051/2095)   Resolving deltas:  51% (1072/2095)   Resolving deltas:  58% (1229/2095)   Resolving deltas:  59% (1237/2095)   Resolving deltas:  60% (1257/2095)   Resolving deltas:  61% (1283/2095)   Resolving deltas:  62% (1301/2095)   Resolving deltas:  63% (1330/2095)   Resolving deltas:  64% (1356/2095)   Resolving deltas:  65% (1362/2095)   Resolving deltas:  66% (1384/2095)   Resolving deltas:  67% (1405/2095)   Resolving deltas:  68% (1430/2095)   Resolving deltas:  69% (1451/2095)   Resolving deltas:  70% (1471/2095)   Resolving deltas:  71% (1497/2095)   Resolving deltas:  76% (1594/2095)   Resolving deltas:  77% (1617/2095)   Resolving deltas:  78% (1643/2095)   Resolving deltas:  79% (1663/2095)   Resolving deltas:  80% (1676/2095)   Resolving deltas:  81% (1700/2095)   Resolving deltas:  82% (1718/2095)   Resolving deltas:  83% (1748/2095)   Resolving deltas:  84% (1760/2095)   Resolving deltas:  85% (1782/2095)   Resolving deltas:  86% (1804/2095)   Resolving deltas:  87% (1827/2095)   Resolving deltas:  88% (1844/2095)   Resolving deltas:  89% (1866/2095)   Resolving deltas:  90% (1888/2095)   Resolving deltas:  91% (1908/2095)   Resolving deltas:  93% (1961/2095)   Resolving deltas:  94% (1970/2095)   Resolving deltas:  95% (1995/2095)   Resolving deltas:  96% (2026/2095)   Resolving deltas:  97% (2043/2095)   Resolving deltas:  98% (2055/2095)   Resolving deltas:  99% (2075/2095)   Resolving deltas: 100% (2095/2095)   Resolving deltas: 100% (2095/2095), completed with 218 local objects.
From https://github.com/apache/storm
 * branch            refs/pull/1615/merge -> FETCH_HEAD

travis_time:end:01e64f54:start=1470440698413457269,finish=1470440699380829465,duration=967372196[0K$ git checkout -qf FETCH_HEAD
travis_fold:end:git.checkout[0K
[33;1mThis job is running on container-based infrastructure, which does not allow use of 'sudo', setuid and setguid executables.[0m
[33;1mIf you require sudo, add 'sudo: required' to your .travis.yml[0m
[33;1mSee https://docs.travis-ci.com/user/workers/container-based-infrastructure/ for details.[0m

[33;1mSetting environment variables from .travis.yml[0m
$ export MODULES=storm-core

$ jdk_switcher use oraclejdk8
Switching to Oracle JDK8 (java-8-oracle), JAVA_HOME will be set to /usr/lib/jvm/java-8-oracle
travis_fold:start:cache.1[0KSetting up build cache
$ export CASHER_DIR=$HOME/.casher
travis_time:start:298e7fe0[0K$ Installing caching utilities

travis_time:end:298e7fe0:start=1470440702542280603,finish=1470440702594623275,duration=52342672[0Ktravis_time:start:003bcbb7[0K
travis_time:end:003bcbb7:start=1470440702599393803,finish=1470440702602529345,duration=3135542[0Ktravis_time:start:0427cfc0[0K[32;1mattempting to download cache archive[0m
[32;1mfetching PR.1615/cache-linux-precise-4722ea394922d42b2b7eb84cff6efc764d76759821ac6f6efc13232aa923f595--jdk-oraclejdk8.tgz[0m
[32;1mfetching PR.1615/cache--jdk-oraclejdk8.tgz[0m
[32;1mfetching 1.0.x-branch/cache-linux-precise-4722ea394922d42b2b7eb84cff6efc764d76759821ac6f6efc13232aa923f595--jdk-oraclejdk8.tgz[0m
[32;1mfound cache[0m

travis_time:end:0427cfc0:start=1470440702606260256,finish=1470440716788187398,duration=14181927142[0Ktravis_time:start:0f85dc2b[0K
travis_time:end:0f85dc2b:start=1470440716792036938,finish=1470440716795462047,duration=3425109[0Ktravis_time:start:1ad54048[0K[32;1madding /home/travis/.m2/repository to cache[0m
[32;1madding /home/travis/.rvm to cache[0m
[32;1madding /home/travis/.nvm to cache[0m

travis_time:end:1ad54048:start=1470440716799577488,finish=1470440734330823101,duration=17531245613[0Ktravis_fold:end:cache.1[0K$ java -Xmx32m -version
java version "1.8.0_31"
Java(TM) SE Runtime Environment (build 1.8.0_31-b13)
Java HotSpot(TM) 64-Bit Server VM (build 25.31-b07, mixed mode)
$ javac -J-Xmx32m -version
javac 1.8.0_31
travis_fold:start:before_install.1[0Ktravis_time:start:0c8c3acc[0K$ rvm use 2.1.5 --install
[32mUsing /home/travis/.rvm/gems/ruby-2.1.5[0m

travis_time:end:0c8c3acc:start=1470440737075561564,finish=1470440737320334944,duration=244773380[0Ktravis_fold:end:before_install.1[0Ktravis_fold:start:before_install.2[0Ktravis_time:start:15dd7f54[0K$ nvm install 0.12.2
v0.12.2 is already installed.
Now using node v0.12.2

travis_time:end:15dd7f54:start=1470440737324378771,finish=1470440737545233802,duration=220855031[0Ktravis_fold:end:before_install.2[0Ktravis_fold:start:before_install.3[0Ktravis_time:start:085c0af0[0K$ nvm use 0.12.2
Now using node v0.12.2

travis_time:end:085c0af0:start=1470440737549583727,finish=1470440737605042696,duration=55458969[0Ktravis_fold:end:before_install.3[0Ktravis_fold:start:install[0Ktravis_time:start:00efc128[0K$ /bin/bash ./dev-tools/travis/travis-install.sh `pwd`
Python version :   Python 2.7.3
Java HotSpot(TM) 64-Bit Server VM warning: ignoring option MaxPermSize=192m; support was removed in 8.0
Maven version  :   Apache Maven 3.2.5 (12a6b3acb947671f09b81f49094c53f426d8cea1; 2014-12-14T17:29:23+00:00) Maven home: /usr/local/maven Java version: 1.8.0_31, vendor: Oracle Corporation Java home: /usr/lib/jvm/java-8-oracle/jre Default locale: en_US, platform encoding: UTF-8 OS name: "linux", version: "3.13.0-40-generic", arch: "amd64", family: "unix"
['mvn', 'clean', 'install', '-DskipTests', '-Pnative', '--batch-mode'] writing to install.txt
1 seconds 2 log lines13 seconds 174 log lines26 seconds 289 log lines58 seconds 307 log lines78 seconds 315 log lines88 seconds 375 log lines99 seconds 539 log lines114 seconds 621 log lines126 seconds 763 log lines137 seconds 831 log lines149 seconds 849 log lines159 seconds 888 log lines170 seconds 938 log lines180 seconds 1186 log lines197 seconds 1425 log lines207 seconds 1642 log lines217 seconds 2067 log lines234 seconds 2259 log lines238 seconds 2443 log lines
['mvn', 'clean', 'install', '-DskipTests', '-Pnative', '--batch-mode'] done 0

travis_time:end:00efc128:start=1470440737609171104,finish=1470440976049837779,duration=238440666675[0Ktravis_fold:end:install[0Ktravis_time:start:1e2cd74e[0K$ /bin/bash ./dev-tools/travis/travis-script.sh `pwd` $MODULES
Python version :   Python 2.7.3
Ruby version   :   ruby 2.1.5p273 (2014-11-13 revision 48405) [x86_64-linux]
NodeJs version :   v0.12.2
Java HotSpot(TM) 64-Bit Server VM warning: ignoring option MaxPermSize=192m; support was removed in 8.0
Maven version  :   Apache Maven 3.2.5 (12a6b3acb947671f09b81f49094c53f426d8cea1; 2014-12-14T17:29:23+00:00) Maven home: /usr/local/maven Java version: 1.8.0_31, vendor: Oracle Corporation Java home: /usr/lib/jvm/java-8-oracle/jre Default locale: en_US, platform encoding: UTF-8 OS name: "linux", version: "3.13.0-40-generic", arch: "amd64", family: "unix"
Java HotSpot(TM) 64-Bit Server VM warning: ignoring option MaxPermSize=192m; support was removed in 8.0
[INFO] Scanning for projects...
[INFO]                                                                         
[INFO] ------------------------------------------------------------------------
[INFO] Building Storm Core 1.0.3-SNAPSHOT
[INFO] ------------------------------------------------------------------------
[INFO] 
[INFO] --- exec-maven-plugin:1.2.1:exec (default) @ storm-core ---
[INFO] 
[INFO] --- maven-remote-resources-plugin:1.2.1:process (default) @ storm-core ---
[INFO] 
[INFO] --- storm-maven-plugins:1.0.3-SNAPSHOT:version-info (version-info) @ storm-core ---
[WARNING] [svn, info] failed with error code 1
[INFO] SCM: GIT
[INFO] Computed MD5: d6408946eb3a889565a427dc4b9d84a
[INFO] 
[INFO] --- maven-resources-plugin:2.5:resources (default-resources) @ storm-core ---
[debug] execute contextualize
[INFO] Using 'UTF-8' encoding to copy filtered resources.
[INFO] Copying 8 resources
[INFO] Copying 1 resource to META-INF
[INFO] Copying 0 resource
[INFO] Copying 1 resource
[INFO] Copying 3 resources
[INFO] 
[INFO] --- maven-compiler-plugin:3.1:compile (default-compile) @ storm-core ---
[INFO] Nothing to compile - all classes are up to date
[INFO] 
[INFO] --- clojure-maven-plugin:1.7.1:compile (compile-clojure) @ storm-core ---
Compiling org.apache.storm.command.deactivate to /home/travis/build/apache/storm/storm-core/target/classes
Compiling org.apache.storm.trident.testing to /home/travis/build/apache/storm/storm-core/target/classes
Compiling org.apache.storm.command.blobstore to /home/travis/build/apache/storm/storm-core/target/classes
Compiling org.apache.storm.stats to /home/travis/build/apache/storm/storm-core/target/classes
Compiling org.apache.storm.command.set-log-level to /home/travis/build/apache/storm/storm-core/target/classes
Compiling org.apache.storm.daemon.drpc to /home/travis/build/apache/storm/storm-core/target/classes
Compiling org.apache.storm.command.dev-zookeeper to /home/travis/build/apache/storm/storm-core/target/classes
Compiling org.apache.storm.local-state to /home/travis/build/apache/storm/storm-core/target/classes
Compiling org.apache.storm.cluster to /home/travis/build/apache/storm/storm-core/target/classes
Compiling org.apache.storm.testing to /home/travis/build/apache/storm/storm-core/target/classes
Compiling org.apache.storm.command.heartbeats to /home/travis/build/apache/storm/storm-core/target/classes
WARNING: reverse already refers to: #'clojure.core/reverse in namespace: org.apache.storm.command.heartbeats, being replaced by: #'clojure.string/reverse
WARNING: replace already refers to: #'clojure.core/replace in namespace: org.apache.storm.command.heartbeats, being replaced by: #'clojure.string/replace
Compiling org.apache.storm.daemon.builtin-metrics to /home/travis/build/apache/storm/storm-core/target/classes
Compiling org.apache.storm.process-simulator to /home/travis/build/apache/storm/storm-core/target/classes
Compiling org.apache.storm.daemon.acker to /home/travis/build/apache/storm/storm-core/target/classes
Compiling org.apache.storm.log to /home/travis/build/apache/storm/storm-core/target/classes
Compiling org.apache.storm.daemon.common to /home/travis/build/apache/storm/storm-core/target/classes
Compiling org.apache.storm.command.healthcheck to /home/travis/build/apache/storm/storm-core/target/classes
Compiling org.apache.storm.scheduler.EvenScheduler to /home/travis/build/apache/storm/storm-core/target/classes
Compiling org.apache.storm.command.kill-workers to /home/travis/build/apache/storm/storm-core/target/classes
Compiling org.apache.storm.scheduler.IsolationScheduler to /home/travis/build/apache/storm/storm-core/target/classes
Compiling org.apache.storm.command.monitor to /home/travis/build/apache/storm/storm-core/target/classes
Compiling org.apache.storm.timer to /home/travis/build/apache/storm/storm-core/target/classes
Compiling org.apache.storm.config to /home/travis/build/apache/storm/storm-core/target/classes
Compiling org.apache.storm.LocalCluster to /home/travis/build/apache/storm/storm-core/target/classes
Compiling org.apache.storm.thrift to /home/travis/build/apache/storm/storm-core/target/classes
Compiling org.apache.storm.daemon.logviewer to /home/travis/build/apache/storm/storm-core/target/classes
Compiling org.apache.storm.blobstore to /home/travis/build/apache/storm/storm-core/target/classes
Compiling org.apache.storm.zookeeper to /home/travis/build/apache/storm/storm-core/target/classes
Compiling org.apache.storm.clojure to /home/travis/build/apache/storm/storm-core/target/classes
Compiling org.apache.storm.command.rebalance to /home/travis/build/apache/storm/storm-core/target/classes
Compiling org.apache.storm.command.kill-topology to /home/travis/build/apache/storm/storm-core/target/classes
Compiling org.apache.storm.LocalDRPC to /home/travis/build/apache/storm/storm-core/target/classes
Compiling org.apache.storm.messaging.local to /home/travis/build/apache/storm/storm-core/target/classes
Compiling org.apache.storm.daemon.executor to /home/travis/build/apache/storm/storm-core/target/classes
Compiling org.apache.storm.event to /home/travis/build/apache/storm/storm-core/target/classes
Compiling org.apache.storm.daemon.supervisor to /home/travis/build/apache/storm/storm-core/target/classes
Compiling org.apache.storm.command.activate to /home/travis/build/apache/storm/storm-core/target/classes
Compiling org.apache.storm.command.shell-submission to /home/travis/build/apache/storm/storm-core/target/classes
Compiling org.apache.storm.MockAutoCred to /home/travis/build/apache/storm/storm-core/target/classes
Compiling org.apache.storm.command.get-errors to /home/travis/build/apache/storm/storm-core/target/classes
Compiling org.apache.storm.pacemaker.pacemaker to /home/travis/build/apache/storm/storm-core/target/classes
Compiling org.apache.storm.testing4j to /home/travis/build/apache/storm/storm-core/target/classes
Compiling org.apache.storm.metric.testing to /home/travis/build/apache/storm/storm-core/target/classes
Compiling org.apache.storm.ui.core to /home/travis/build/apache/storm/storm-core/target/classes
Compiling org.apache.storm.command.upload-credentials to /home/travis/build/apache/storm/storm-core/target/classes
Compiling org.apache.storm.ui.helpers to /home/travis/build/apache/storm/storm-core/target/classes
Compiling org.apache.storm.scheduler.DefaultScheduler to /home/travis/build/apache/storm/storm-core/target/classes
Compiling org.apache.storm.command.list to /home/travis/build/apache/storm/storm-core/target/classes
Compiling org.apache.storm.pacemaker.pacemaker-state-factory to /home/travis/build/apache/storm/storm-core/target/classes
Compiling org.apache.storm.disruptor to /home/travis/build/apache/storm/storm-core/target/classes
Compiling org.apache.storm.util to /home/travis/build/apache/storm/storm-core/target/classes
Compiling org.apache.storm.daemon.task to /home/travis/build/apache/storm/storm-core/target/classes
Compiling org.apache.storm.command.config-value to /home/travis/build/apache/storm/storm-core/target/classes
Compiling org.apache.storm.converter to /home/travis/build/apache/storm/storm-core/target/classes
Compiling org.apache.storm.daemon.nimbus to /home/travis/build/apache/storm/storm-core/target/classes
Compiling org.apache.storm.cluster-state.zookeeper-state-factory to /home/travis/build/apache/storm/storm-core/target/classes
Compiling org.apache.storm.messaging.loader to /home/travis/build/apache/storm/storm-core/target/classes
Compiling org.apache.storm.daemon.worker to /home/travis/build/apache/storm/storm-core/target/classes
[INFO] 
[INFO] --- make-maven-plugin:1.0-beta-1:autoreconf (compile) @ storm-core ---
[INFO] 
[INFO] --- make-maven-plugin:1.0-beta-1:configure (compile) @ storm-core ---
[INFO] /bin/sh: 14: /home/travis/.jdk_switcher_rc: [[: not found
[INFO] /bin/sh: 22: /home/travis/.jdk_switcher_rc: [[: not found
[INFO] /bin/sh: 32: /home/travis/.jdk_switcher_rc: [[: not found
[INFO] /bin/sh: 42: /home/travis/.jdk_switcher_rc: [[: not found
[INFO] /bin/sh: 3: /etc/profile.d/rvm.sh: [[: not found
[INFO] checking for gcc... gcc
[INFO] checking whether the C compiler works... yes
[INFO] checking for C compiler default output file name... a.out
[INFO] checking for suffix of executables... 
[INFO] checking whether we are cross compiling... no
[INFO] checking for suffix of object files... o
[INFO] checking whether we are using the GNU C compiler... yes
[INFO] checking whether gcc accepts -g... yes
[INFO] checking for gcc option to accept ISO C89... none needed
[INFO] checking how to run the C preprocessor... gcc -E
[INFO] checking for grep that handles long lines and -e... /bin/grep
[INFO] checking for egrep... /bin/grep -E
[INFO] checking for ANSI C header files... yes
[INFO] checking for sys/types.h... yes
[INFO] checking for sys/stat.h... yes
[INFO] checking for stdlib.h... yes
[INFO] checking for string.h... yes
[INFO] checking for memory.h... yes
[INFO] checking for strings.h... yes
[INFO] checking for inttypes.h... yes
[INFO] checking for stdint.h... yes
[INFO] checking for unistd.h... yes
[INFO] checking minix/config.h usability... no
[INFO] checking minix/config.h presence... no
[INFO] checking for minix/config.h... no
[INFO] checking whether it is safe to define __EXTENSIONS__... yes
[INFO] checking for a BSD-compatible install... /usr/bin/install -c
[INFO] checking whether build environment is sane... yes
[INFO] checking for a thread-safe mkdir -p... /bin/mkdir -p
[INFO] checking for gawk... gawk
[INFO] checking whether make sets $(MAKE)... yes
[INFO] checking for style of include used by make... GNU
[INFO] checking dependency style of gcc... gcc3
[INFO] checking for gcc... (cached) gcc
[INFO] checking whether we are using the GNU C compiler... (cached) yes
[INFO] checking whether gcc accepts -g... (cached) yes
[INFO] checking for gcc option to accept ISO C89... (cached) none needed
[INFO] checking whether gcc and cc understand -c and -o together... yes
[INFO] checking for unistd.h... (cached) yes
[INFO] checking for stdbool.h that conforms to C99... yes
[INFO] checking for _Bool... yes
[INFO] checking for an ANSI C-conforming const... yes
[INFO] checking for off_t... yes
[INFO] checking for size_t... yes
[INFO] checking whether strerror_r is declared... yes
[INFO] checking for strerror_r... yes
[INFO] checking whether strerror_r returns char *... yes
[INFO] checking for mkdir... yes
[INFO] checking for uname... yes
[INFO] configure: creating ./config.status
[INFO] config.status: creating Makefile
[INFO] config.status: executing depfiles commands
[INFO] 
[INFO] --- make-maven-plugin:1.0-beta-1:make-install (compile) @ storm-core ---
[INFO] /bin/sh: 14: /home/travis/.jdk_switcher_rc: [[: not found
[INFO] /bin/sh: 22: /home/travis/.jdk_switcher_rc: [[: not found
[INFO] /bin/sh: 32: /home/travis/.jdk_switcher_rc: [[: not found
[INFO] /bin/sh: 42: /home/travis/.jdk_switcher_rc: [[: not found
[INFO] /bin/sh: 3: /etc/profile.d/rvm.sh: [[: not found
[INFO] make[1]: Entering directory `/home/travis/build/apache/storm/storm-core/target/native/worker-launcher'
[INFO] test -z "/usr/local/bin" || /bin/mkdir -p "/home/travis/build/apache/storm/storm-core/target/native/target/usr/local/bin"
[INFO]   /usr/bin/install -c worker-launcher '/home/travis/build/apache/storm/storm-core/target/native/target/usr/local/bin'
[INFO] make[1]: Nothing to be done for `install-data-am'.
[INFO] make[1]: Leaving directory `/home/travis/build/apache/storm/storm-core/target/native/worker-launcher'
[INFO] 
[INFO] --- maven-resources-plugin:2.5:testResources (default-testResources) @ storm-core ---
[debug] execute contextualize
[INFO] Using 'UTF-8' encoding to copy filtered resources.
[INFO] Copying 14 resources
[INFO] Copying 2 resources
[INFO] Copying 3 resources
[INFO] 
[INFO] --- maven-dependency-plugin:2.8:unpack (unpack) @ storm-core ---
[INFO] Configured Artifact: org.apache.storm:multilang-ruby:1.0.3-SNAPSHOT:jar
[INFO] Downloading: https://repository.apache.org/snapshots/org/apache/storm/multilang-ruby/1.0.3-SNAPSHOT/maven-metadata.xml
[INFO] Configured Artifact: org.apache.storm:multilang-python:1.0.3-SNAPSHOT:jar
[INFO] Downloading: https://repository.apache.org/snapshots/org/apache/storm/multilang-python/1.0.3-SNAPSHOT/maven-metadata.xml
[INFO] Configured Artifact: org.apache.storm:multilang-javascript:1.0.3-SNAPSHOT:jar
[INFO] Downloading: https://repository.apache.org/snapshots/org/apache/storm/multilang-javascript/1.0.3-SNAPSHOT/maven-metadata.xml
[INFO] multilang-ruby-1.0.3-SNAPSHOT.jar already unpacked.
[INFO] multilang-python-1.0.3-SNAPSHOT.jar already unpacked.
[INFO] multilang-javascript-1.0.3-SNAPSHOT.jar already unpacked.
[INFO] 
[INFO] --- maven-compiler-plugin:3.1:testCompile (default-testCompile) @ storm-core ---
[INFO] Nothing to compile - all classes are up to date
[INFO] 
[INFO] --- maven-surefire-plugin:2.18.1:test (default-test) @ storm-core ---
[INFO] Surefire report directory: /home/travis/build/apache/storm/storm-core/target/surefire-reports
[INFO] parallel='none', perCoreThreadCount=true, threadCount=0, useUnlimitedThreads=false, threadCountSuites=0, threadCountClasses=0, threadCountMethods=0, parallelOptimized=true

-------------------------------------------------------
 T E S T S
-------------------------------------------------------
Running org.apache.storm.utils.ShellBoltMessageQueueTest
Tests run: 3, Failures: 0, Errors: 0, Skipped: 0, Time elapsed: 2.014 sec - in org.apache.storm.utils.ShellBoltMessageQueueTest
Running org.apache.storm.utils.WorkerBackpressureThreadTest
Tests run: 1, Failures: 0, Errors: 0, Skipped: 0, Time elapsed: 0.195 sec - in org.apache.storm.utils.WorkerBackpressureThreadTest
Running org.apache.storm.utils.DisruptorQueueTest
Tests run: 3, Failures: 0, Errors: 0, Skipped: 0, Time elapsed: 3.276 sec - in org.apache.storm.utils.DisruptorQueueTest
Running org.apache.storm.utils.StormBoundedExponentialBackoffRetryTest
Tests run: 5, Failures: 0, Errors: 0, Skipped: 0, Time elapsed: 0.145 sec - in org.apache.storm.utils.StormBoundedExponentialBackoffRetryTest
Running org.apache.storm.utils.DisruptorQueueBackpressureTest
Tests run: 1, Failures: 0, Errors: 0, Skipped: 0, Time elapsed: 0 sec - in org.apache.storm.utils.DisruptorQueueBackpressureTest
Running org.apache.storm.utils.ThriftTopologyUtilsTest
Tests run: 5, Failures: 0, Errors: 0, Skipped: 0, Time elapsed: 0.168 sec - in org.apache.storm.utils.ThriftTopologyUtilsTest
Running org.apache.storm.spout.CheckpointSpoutTest
Tests run: 7, Failures: 0, Errors: 0, Skipped: 0, Time elapsed: 0.268 sec - in org.apache.storm.spout.CheckpointSpoutTest
Running org.apache.storm.TestConfigValidate
Tests run: 24, Failures: 0, Errors: 0, Skipped: 0, Time elapsed: 0.353 sec - in org.apache.storm.TestConfigValidate
Running org.apache.storm.serialization.GzipBridgeThriftSerializationDelegateTest
Tests run: 3, Failures: 0, Errors: 0, Skipped: 0, Time elapsed: 0.021 sec - in org.apache.storm.serialization.GzipBridgeThriftSerializationDelegateTest
Running org.apache.storm.serialization.ThriftBridgeSerializationDelegateTest
Tests run: 1, Failures: 0, Errors: 0, Skipped: 0, Time elapsed: 0.004 sec - in org.apache.storm.serialization.ThriftBridgeSerializationDelegateTest
Running org.apache.storm.serialization.GzipBridgeSerializationDelegateTest
Tests run: 3, Failures: 0, Errors: 0, Skipped: 0, Time elapsed: 0.027 sec - in org.apache.storm.serialization.GzipBridgeSerializationDelegateTest
Running org.apache.storm.blobstore.ClientBlobStoreTest
Tests run: 4, Failures: 0, Errors: 0, Skipped: 0, Time elapsed: 0.016 sec - in org.apache.storm.blobstore.ClientBlobStoreTest
Running org.apache.storm.blobstore.BlobStoreTest
Tests run: 4, Failures: 0, Errors: 0, Skipped: 0, Time elapsed: 1.107 sec - in org.apache.storm.blobstore.BlobStoreTest
Running org.apache.storm.blobstore.BlobSynchronizerTest
Tests run: 4, Failures: 0, Errors: 0, Skipped: 0, Time elapsed: 1.858 sec - in org.apache.storm.blobstore.BlobSynchronizerTest
Running org.apache.storm.trident.TridentWindowingTest
Tests run: 3, Failures: 0, Errors: 0, Skipped: 0, Time elapsed: 0.013 sec - in org.apache.storm.trident.TridentWindowingTest
Running org.apache.storm.trident.TestTridentTopology
Tests run: 1, Failures: 0, Errors: 0, Skipped: 0, Time elapsed: 22.709 sec - in org.apache.storm.trident.TestTridentTopology
Running org.apache.storm.metric.internal.LatencyStatAndMetricTest
Tests run: 1, Failures: 0, Errors: 0, Skipped: 0, Time elapsed: 0.012 sec - in org.apache.storm.metric.internal.LatencyStatAndMetricTest
Running org.apache.storm.metric.internal.CountStatAndMetricTest
Tests run: 1, Failures: 0, Errors: 0, Skipped: 0, Time elapsed: 0.008 sec - in org.apache.storm.metric.internal.CountStatAndMetricTest
Running org.apache.storm.metric.internal.RateTrackerTest
Tests run: 4, Failures: 0, Errors: 0, Skipped: 0, Time elapsed: 0.013 sec - in org.apache.storm.metric.internal.RateTrackerTest
Running org.apache.storm.windowing.WaterMarkEventGeneratorTest
Tests run: 5, Failures: 0, Errors: 0, Skipped: 0, Time elapsed: 0.234 sec - in org.apache.storm.windowing.WaterMarkEventGeneratorTest
Running org.apache.storm.windowing.WindowManagerTest
Tests run: 12, Failures: 0, Errors: 0, Skipped: 0, Time elapsed: 0.701 sec - in org.apache.storm.windowing.WindowManagerTest
Running org.apache.storm.topology.StatefulBoltExecutorTest
Tests run: 7, Failures: 0, Errors: 0, Skipped: 0, Time elapsed: 0.811 sec - in org.apache.storm.topology.StatefulBoltExecutorTest
Running org.apache.storm.topology.WindowedBoltExecutorTest
Tests run: 2, Failures: 0, Errors: 0, Skipped: 0, Time elapsed: 0.264 sec - in org.apache.storm.topology.WindowedBoltExecutorTest
Running org.apache.storm.topology.StatefulWindowedBoltExecutorTest
Tests run: 4, Failures: 0, Errors: 0, Skipped: 0, Time elapsed: 0.124 sec - in org.apache.storm.topology.StatefulWindowedBoltExecutorTest
Running org.apache.storm.topology.TopologyBuilderTest
Tests run: 5, Failures: 0, Errors: 0, Skipped: 0, Time elapsed: 0.042 sec - in org.apache.storm.topology.TopologyBuilderTest
Running org.apache.storm.localizer.LocalizerTest
Tests run: 13, Failures: 0, Errors: 0, Skipped: 0, Time elapsed: 3.084 sec - in org.apache.storm.localizer.LocalizerTest
Running org.apache.storm.localizer.LocalizedResourceRetentionSetTest
Tests run: 2, Failures: 0, Errors: 0, Skipped: 0, Time elapsed: 0.041 sec - in org.apache.storm.localizer.LocalizedResourceRetentionSetTest
Running org.apache.storm.localizer.LocalizedResourceSetTest
Tests run: 4, Failures: 0, Errors: 0, Skipped: 0, Time elapsed: 0.006 sec - in org.apache.storm.localizer.LocalizedResourceSetTest
Running org.apache.storm.scheduler.resource.TestUser
Tests run: 3, Failures: 0, Errors: 0, Skipped: 0, Time elapsed: 1.514 sec - in org.apache.storm.scheduler.resource.TestUser
Running org.apache.storm.scheduler.resource.TestResourceAwareScheduler
Tests run: 15, Failures: 0, Errors: 0, Skipped: 0, Time elapsed: 2.986 sec - in org.apache.storm.scheduler.resource.TestResourceAwareScheduler
Running org.apache.storm.grouping.PartialKeyGroupingTest
Tests run: 2, Failures: 0, Errors: 0, Skipped: 0, Time elapsed: 0.084 sec - in org.apache.storm.grouping.PartialKeyGroupingTest
Running org.apache.storm.state.InMemoryKeyValueStateTest
Tests run: 2, Failures: 0, Errors: 0, Skipped: 0, Time elapsed: 0.004 sec - in org.apache.storm.state.InMemoryKeyValueStateTest

Results :

Tests run: 154, Failures: 0, Errors: 0, Skipped: 0

[INFO] 
[INFO] --- clojure-maven-plugin:1.7.1:test (test-clojure) @ storm-core ---
Warning: protocol #'org.apache.storm.pacemaker-state-factory-test/send-capture is overwriting function send
WARNING: send already refers to: #'clojure.core/send in namespace: org.apache.storm.pacemaker-state-factory-test, being replaced by: #'org.apache.storm.pacemaker-state-factory-test/send
Running org.apache.storm.security.auth.auto-login-module-test
Tests run: 6, Passed: 22, Failures: 0, Errors: 0
Running org.apache.storm.transactional-test
Tests run: 7, Passed: 110, Failures: 0, Errors: 0
Running org.apache.storm.serialization-test
Tests run: 6, Passed: 13, Failures: 0, Errors: 0
Running org.apache.storm.utils.ZookeeperServerCnxnFactory-test
Tests run: 2, Passed: 3, Failures: 0, Errors: 0
Running org.apache.storm.versioned-store-test
Tests run: 2, Passed: 5, Failures: 0, Errors: 0
Running org.apache.storm.security.auth.drpc-auth-test
Tests run: 4, Passed: 22, Failures: 0, Errors: 0
Running org.apache.storm.pacemaker-state-factory-test
Tests run: 4, Passed: 15, Failures: 0, Errors: 0
Running org.apache.storm.supervisor-test
52669 [Thread-170] INFO  o.a.s.util - Async loop interrupted!
52673 [Thread-164] INFO  o.a.s.util - Async loop interrupted!
Tests run: 20, Passed: 70, Failures: 0, Errors: 0
Running org.apache.storm.scheduler.multitenant-scheduler-test
Tests run: 17, Passed: 235, Failures: 0, Errors: 0
Running org.apache.storm.security.auth.nimbus-auth-test
Tests run: 5, Passed: 39, Failures: 0, Errors: 0
Running org.apache.storm.security.auth.ThriftServer-test
Tests run: 2, Passed: 1, Failures: 0, Errors: 0
Running org.apache.storm.security.auth.AuthUtils-test
Tests run: 5, Passed: 6, Failures: 0, Errors: 0
Running org.apache.storm.logviewer-test
Tests run: 12, Passed: 118, Failures: 0, Errors: 0
Running org.apache.storm.worker-test
Tests run: 8, Passed: 35, Failures: 0, Errors: 0
Running integration.org.apache.storm.testing4j-test
Tests run: 8, Passed: 36, Failures: 0, Errors: 0
Running org.apache.storm.trident.state-test
Tests run: 5, Passed: 37, Failures: 0, Errors: 0
Running org.apache.storm.utils-test
Tests run: 6, Passed: 24, Failures: 0, Errors: 0
Running org.apache.storm.serialization.SerializationFactory-test
Tests run: 3, Passed: 3, Failures: 0, Errors: 0
Running org.apache.storm.security.auth.DefaultHttpCredentialsPlugin-test
Tests run: 2, Passed: 8, Failures: 0, Errors: 0
Running org.apache.storm.security.auth.auth-test
Tests run: 13, Passed: 94, Failures: 0, Errors: 0
Running org.apache.storm.clojure-test
Tests run: 3, Passed: 5, Failures: 0, Errors: 0
Running org.apache.storm.messaging-test
Tests run: 1, Passed: 2, Failures: 0, Errors: 0
Running org.apache.storm.drpc-test
83633 [Thread-780] INFO  o.a.s.util - Async loop interrupted!
88679 [Thread-853] INFO  o.a.s.util - Async loop interrupted!
96065 [Thread-887] INFO  o.a.s.util - Async loop interrupted!
Tests run: 7, Passed: 17, Failures: 0, Errors: 0
Running org.apache.storm.submitter-test
Tests run: 1, Passed: 13, Failures: 0, Errors: 0
Running org.apache.storm.security.auth.ReqContext-test
Tests run: 3, Passed: 4, Failures: 0, Errors: 0
Running org.apache.storm.fields-test
Tests run: 2, Passed: 22, Failures: 0, Errors: 0
Running integration.org.apache.storm.integration-test
101090 [Thread-920] INFO  o.a.s.util - Async loop interrupted!
Tests run: 18, Passed: 51, Failures: 0, Errors: 0
Running org.apache.storm.security.auth.authorizer.DRPCSimpleACLAuthorizer-test
Tests run: 7, Passed: 37, Failures: 0, Errors: 0
Running org.apache.storm.pacemaker-test
Tests run: 8, Passed: 58, Failures: 0, Errors: 0
Running org.apache.storm.metrics-test
Tests run: 8, Passed: 66, Failures: 0, Errors: 0
Running org.apache.storm.security.auth.ThriftClient-test
Tests run: 2, Passed: 4, Failures: 0, Errors: 0
Running org.apache.storm.scheduler-test
Tests run: 4, Passed: 64, Failures: 0, Errors: 0
Running org.apache.storm.scheduler.resource-aware-scheduler-test
Tests run: 8, Passed: 91, Failures: 0, Errors: 0
Running org.apache.storm.security.auth.SaslTransportPlugin-test
Tests run: 2, Passed: 8, Failures: 0, Errors: 0
Running org.apache.storm.local-state-test
Tests run: 2, Passed: 10, Failures: 0, Errors: 0
Running org.apache.storm.messaging.netty-unit-test
Tests run: 5, Passed: 24, Failures: 0, Errors: 0
Running org.apache.storm.tuple-test
Tests run: 4, Passed: 13, Failures: 0, Errors: 0
Running org.apache.storm.messaging.netty-integration-test
Tests run: 1, Passed: 1, Failures: 0, Errors: 0
Running org.apache.storm.tick-tuple-test
Tests run: 1, Passed: 1, Failures: 0, Errors: 0
Running integration.org.apache.storm.trident.integration-test
Tests run: 9, Passed: 141, Failures: 0, Errors: 0
Running org.apache.storm.grouping-test
Tests run: 5, Passed: 15, Failures: 0, Errors: 0
Running org.apache.storm.security.serialization.BlowfishTupleSerializer-test
Tests run: 3, Passed: 3, Failures: 0, Errors: 0
Running org.apache.storm.nimbus-test
Tests run: 42, Passed: 794, Failures: 0, Errors: 0
Running org.apache.storm.subtopology-test
Tests run: 0, Passed: 0, Failures: 0, Errors: 0
Running org.apache.storm.cluster-test
Tests run: 10, Passed: 98, Failures: 0, Errors: 0
Running org.apache.storm.trident.tuple-test
Tests run: 6, Passed: 36, Failures: 0, Errors: 0
[INFO] 
[INFO] --- apache-rat-plugin:0.11:check (default) @ storm-core ---
[INFO] 51 implicit excludes (use -debug for more details).
[INFO] Exclude: **/target/**
[INFO] Exclude: **/*.iml
[INFO] Exclude: **/.idea/**
[INFO] Exclude: **/metastore_db/**
[INFO] Exclude: **/build/**
[INFO] Exclude: **/CHANGELOG.md
[INFO] Exclude: **/README.md
[INFO] Exclude: **/README.markdown
[INFO] Exclude: **/DEVELOPER.md
[INFO] Exclude: **/BYLAWS.md
[INFO] Exclude: **/STORM-UI-REST-API.md
[INFO] Exclude: SECURITY.md
[INFO] Exclude: VERSION
[INFO] Exclude: TODO
[INFO] Exclude: **/src/py/**
[INFO] Exclude: **/src/ui/public/js/jquery.dataTables.1.10.4.min.js
[INFO] Exclude: **/src/ui/public/css/jquery.dataTables.1.10.4.min.css
[INFO] Exclude: **/src/ui/public/images/*
[INFO] Exclude: **/src/ui/public/js/bootstrap-3.3.1.min.js
[INFO] Exclude: **/src/ui/public/css/bootstrap-3.3.1.min.css
[INFO] Exclude: **/src/ui/public/js/dataTables.bootstrap.min.js
[INFO] Exclude: **/src/ui/public/css/dataTables.bootstrap.css
[INFO] Exclude: **/src/ui/public/js/jsonFormatter.min.js
[INFO] Exclude: **/src/ui/public/css/jsonFormatter.min.css
[INFO] Exclude: **/src/ui/public/js/jquery-1.11.1.min.js
[INFO] Exclude: **/src/ui/public/js/jquery.cookies.2.2.0.min.js
[INFO] Exclude: **/src/ui/public/js/moment.min.js
[INFO] Exclude: **/src/ui/public/js/jquery.blockUI.min.js
[INFO] Exclude: **/src/ui/public/js/url.min.js
[INFO] Exclude: **/src/ui/public/js/arbor.js
[INFO] Exclude: **/src/ui/public/js/arbor-graphics.js
[INFO] Exclude: **/src/ui/public/js/arbor-tween.js
[INFO] Exclude: **/src/ui/public/js/jquery.mustache.js
[INFO] Exclude: **/src/ui/public/js/typeahead.jquery.min.js
[INFO] Exclude: **/dependency-reduced-pom.xml
[INFO] Exclude: **/docs/**
[INFO] Exclude: **/.git/**
[INFO] Exclude: **/derby.log
[INFO] Exclude: **/src/dev/**
[INFO] Exclude: **/src/codegen/config.fmpp
[INFO] Exclude: **/src/codegen/data/Parser.tdd
[INFO] Exclude: **/src/test/resources/FixedAvroSerializer.config
[INFO] 987 resources included (use -debug for more details)
Warning:  org.apache.xerces.jaxp.SAXParserImpl$JAXPSAXParser: Property 'http://www.oracle.com/xml/jaxp/properties/entityExpansionLimit' is not recognized.
Compiler warnings:
  WARNING:  'org.apache.xerces.jaxp.SAXParserImpl: Property 'http://javax.xml.XMLConstants/property/accessExternalDTD' is not recognized.'
Warning:  org.apache.xerces.parsers.SAXParser: Feature 'http://javax.xml.XMLConstants/feature/secure-processing' is not recognized.
Warning:  org.apache.xerces.parsers.SAXParser: Property 'http://javax.xml.XMLConstants/property/accessExternalDTD' is not recognized.
Warning:  org.apache.xerces.parsers.SAXParser: Property 'http://www.oracle.com/xml/jaxp/properties/entityExpansionLimit' is not recognized.
[INFO] Rat check: Summary of files. Unapproved: 0 unknown: 0 generated: 0 approved: 981 licence.
[INFO] 
[INFO] --- make-maven-plugin:1.0-beta-1:test (test) @ storm-core ---
[INFO] /bin/sh: 14: /home/travis/.jdk_switcher_rc: [[: not found
[INFO] /bin/sh: 22: /home/travis/.jdk_switcher_rc: [[: not found
[INFO] /bin/sh: 32: /home/travis/.jdk_switcher_rc: [[: not found
[INFO] /bin/sh: 42: /home/travis/.jdk_switcher_rc: [[: not found
[INFO] /bin/sh: 3: /etc/profile.d/rvm.sh: [[: not found
[INFO] make  test-worker-launcher
[INFO] make[1]: Entering directory `/home/travis/build/apache/storm/storm-core/target/native/worker-launcher'
[INFO] make[1]: `test-worker-launcher' is up to date.
[INFO] make[1]: Leaving directory `/home/travis/build/apache/storm/storm-core/target/native/worker-launcher'
[INFO] make  check-TESTS
[INFO] make[1]: Entering directory `/home/travis/build/apache/storm/storm-core/target/native/worker-launcher'
[INFO] chmod: cannot access `/tmp/test-worker-launcher': No such file or directory
[INFO] File /tmp/test-worker-launcher must be owned by root, but is owned by 1000
[INFO] 
[INFO] Starting tests
[INFO] 
[INFO] Testing get_container_launcher_file()
[INFO] 
[INFO] Testing check_configuration_permissions()
[INFO] 
[INFO] Testing check_configuration_permissions
[INFO] 
[INFO] Testing check_user()
[INFO] 
[INFO] Testing test_check_user
[INFO] Requested user lp has id 7, which is below the minimum allowed 1000
[INFO] Running as root is not allowed
[INFO] 
[INFO] Running test test_signal_container in child process
[INFO] 
[INFO] Testing signal_container
[INFO] Child container launched as 20892
[INFO] Killing process 20892 with 3
[INFO] 
[INFO] Running test test_signal_container_group in child process
[INFO] 
[INFO] Testing group signal_container
[INFO] Child container launched as 20894
[INFO] Killing process group 20894 with 9
[INFO] 
[INFO] Finished tests
[INFO] PASS: test-worker-launcher
[INFO] =============
[INFO] 1 test passed
[INFO] =============
[INFO] make[1]: Leaving directory `/home/travis/build/apache/storm/storm-core/target/native/worker-launcher'
[INFO] ------------------------------------------------------------------------
[INFO] BUILD SUCCESS
[INFO] ------------------------------------------------------------------------
[INFO] Total time: 05:32 min
[INFO] Finished at: 2016-08-05T23:55:10+00:00
[INFO] Final Memory: 37M/327M
[INFO] ------------------------------------------------------------------------
Looking for errors in ./storm-core/target/surefire-reports
Checking ./storm-core/target/surefire-reports/TEST-org.apache.storm.utils.ShellBoltMessageQueueTest.xml
Checking ./storm-core/target/surefire-reports/TEST-org.apache.storm.utils.WorkerBackpressureThreadTest.xml
Checking ./storm-core/target/surefire-reports/TEST-org.apache.storm.utils.DisruptorQueueTest.xml
Checking ./storm-core/target/surefire-reports/TEST-org.apache.storm.utils.StormBoundedExponentialBackoffRetryTest.xml
Checking ./storm-core/target/surefire-reports/TEST-org.apache.storm.utils.DisruptorQueueBackpressureTest.xml
Checking ./storm-core/target/surefire-reports/TEST-org.apache.storm.utils.ThriftTopologyUtilsTest.xml
Checking ./storm-core/target/surefire-reports/TEST-org.apache.storm.spout.CheckpointSpoutTest.xml
Checking ./storm-core/target/surefire-reports/TEST-org.apache.storm.TestConfigValidate.xml
Checking ./storm-core/target/surefire-reports/TEST-org.apache.storm.serialization.GzipBridgeThriftSerializationDelegateTest.xml
Checking ./storm-core/target/surefire-reports/TEST-org.apache.storm.serialization.ThriftBridgeSerializationDelegateTest.xml
Checking ./storm-core/target/surefire-reports/TEST-org.apache.storm.serialization.GzipBridgeSerializationDelegateTest.xml
Checking ./storm-core/target/surefire-reports/TEST-org.apache.storm.blobstore.ClientBlobStoreTest.xml
Checking ./storm-core/target/surefire-reports/TEST-org.apache.storm.blobstore.BlobStoreTest.xml
Checking ./storm-core/target/surefire-reports/TEST-org.apache.storm.blobstore.BlobSynchronizerTest.xml
Checking ./storm-core/target/surefire-reports/TEST-org.apache.storm.trident.TridentWindowingTest.xml
Checking ./storm-core/target/surefire-reports/TEST-org.apache.storm.trident.TestTridentTopology.xml
Checking ./storm-core/target/surefire-reports/TEST-org.apache.storm.metric.internal.LatencyStatAndMetricTest.xml
Checking ./storm-core/target/surefire-reports/TEST-org.apache.storm.metric.internal.CountStatAndMetricTest.xml
Checking ./storm-core/target/surefire-reports/TEST-org.apache.storm.metric.internal.RateTrackerTest.xml
Checking ./storm-core/target/surefire-reports/TEST-org.apache.storm.windowing.WaterMarkEventGeneratorTest.xml
Checking ./storm-core/target/surefire-reports/TEST-org.apache.storm.windowing.WindowManagerTest.xml
Checking ./storm-core/target/surefire-reports/TEST-org.apache.storm.topology.StatefulBoltExecutorTest.xml
Checking ./storm-core/target/surefire-reports/TEST-org.apache.storm.topology.WindowedBoltExecutorTest.xml
Checking ./storm-core/target/surefire-reports/TEST-org.apache.storm.topology.StatefulWindowedBoltExecutorTest.xml
Checking ./storm-core/target/surefire-reports/TEST-org.apache.storm.topology.TopologyBuilderTest.xml
Checking ./storm-core/target/surefire-reports/TEST-org.apache.storm.localizer.LocalizerTest.xml
Checking ./storm-core/target/surefire-reports/TEST-org.apache.storm.localizer.LocalizedResourceRetentionSetTest.xml
Checking ./storm-core/target/surefire-reports/TEST-org.apache.storm.localizer.LocalizedResourceSetTest.xml
Checking ./storm-core/target/surefire-reports/TEST-org.apache.storm.scheduler.resource.TestUser.xml
Checking ./storm-core/target/surefire-reports/TEST-org.apache.storm.scheduler.resource.TestResourceAwareScheduler.xml
Checking ./storm-core/target/surefire-reports/TEST-org.apache.storm.grouping.PartialKeyGroupingTest.xml
Checking ./storm-core/target/surefire-reports/TEST-org.apache.storm.state.InMemoryKeyValueStateTest.xml
Looking for errors in ./storm-core/target/test-reports
Checking ./storm-core/target/test-reports/org.apache.storm.security.auth.auto-login-module-test.xml
Checking ./storm-core/target/test-reports/org.apache.storm.transactional-test.xml
Checking ./storm-core/target/test-reports/org.apache.storm.serialization-test.xml
Checking ./storm-core/target/test-reports/org.apache.storm.utils.ZookeeperServerCnxnFactory-test.xml
Checking ./storm-core/target/test-reports/org.apache.storm.versioned-store-test.xml
Checking ./storm-core/target/test-reports/org.apache.storm.security.auth.drpc-auth-test.xml
Checking ./storm-core/target/test-reports/org.apache.storm.pacemaker-state-factory-test.xml
Checking ./storm-core/target/test-reports/org.apache.storm.supervisor-test.xml
Checking ./storm-core/target/test-reports/org.apache.storm.scheduler.multitenant-scheduler-test.xml
Checking ./storm-core/target/test-reports/org.apache.storm.security.auth.nimbus-auth-test.xml
Checking ./storm-core/target/test-reports/org.apache.storm.security.auth.ThriftServer-test.xml
Checking ./storm-core/target/test-reports/org.apache.storm.security.auth.AuthUtils-test.xml
Checking ./storm-core/target/test-reports/org.apache.storm.logviewer-test.xml
Checking ./storm-core/target/test-reports/org.apache.storm.worker-test.xml
Checking ./storm-core/target/test-reports/integration.org.apache.storm.testing4j-test.xml
Checking ./storm-core/target/test-reports/org.apache.storm.trident.state-test.xml
Checking ./storm-core/target/test-reports/org.apache.storm.utils-test.xml
Checking ./storm-core/target/test-reports/org.apache.storm.serialization.SerializationFactory-test.xml
Checking ./storm-core/target/test-reports/org.apache.storm.security.auth.DefaultHttpCredentialsPlugin-test.xml
Checking ./storm-core/target/test-reports/org.apache.storm.security.auth.auth-test.xml
Checking ./storm-core/target/test-reports/org.apache.storm.clojure-test.xml
Checking ./storm-core/target/test-reports/org.apache.storm.messaging-test.xml
Checking ./storm-core/target/test-reports/org.apache.storm.drpc-test.xml
Checking ./storm-core/target/test-reports/org.apache.storm.submitter-test.xml
Checking ./storm-core/target/test-reports/org.apache.storm.security.auth.ReqContext-test.xml
Checking ./storm-core/target/test-reports/org.apache.storm.fields-test.xml
Checking ./storm-core/target/test-reports/integration.org.apache.storm.integration-test.xml
Checking ./storm-core/target/test-reports/org.apache.storm.security.auth.authorizer.DRPCSimpleACLAuthorizer-test.xml
Checking ./storm-core/target/test-reports/org.apache.storm.pacemaker-test.xml
Checking ./storm-core/target/test-reports/org.apache.storm.metrics-test.xml
Checking ./storm-core/target/test-reports/org.apache.storm.security.auth.ThriftClient-test.xml
Checking ./storm-core/target/test-reports/org.apache.storm.scheduler-test.xml
Checking ./storm-core/target/test-reports/org.apache.storm.scheduler.resource-aware-scheduler-test.xml
Checking ./storm-core/target/test-reports/org.apache.storm.security.auth.SaslTransportPlugin-test.xml
Checking ./storm-core/target/test-reports/org.apache.storm.local-state-test.xml
Checking ./storm-core/target/test-reports/org.apache.storm.messaging.netty-unit-test.xml
Checking ./storm-core/target/test-reports/org.apache.storm.tuple-test.xml
Checking ./storm-core/target/test-reports/org.apache.storm.messaging.netty-integration-test.xml
Checking ./storm-core/target/test-reports/org.apache.storm.tick-tuple-test.xml
Checking ./storm-core/target/test-reports/integration.org.apache.storm.trident.integration-test.xml
Checking ./storm-core/target/test-reports/org.apache.storm.grouping-test.xml
Checking ./storm-core/target/test-reports/org.apache.storm.security.serialization.BlowfishTupleSerializer-test.xml
Checking ./storm-core/target/test-reports/org.apache.storm.nimbus-test.xml
Checking ./storm-core/target/test-reports/org.apache.storm.subtopology-test.xml
Checking ./storm-core/target/test-reports/org.apache.storm.cluster-test.xml
Checking ./storm-core/target/test-reports/org.apache.storm.trident.tuple-test.xml

travis_time:end:1e2cd74e:start=1470440976054185473,finish=1470441313073567097,duration=337019381624[0K
[32;1mThe command "/bin/bash ./dev-tools/travis/travis-script.sh `pwd` $MODULES" exited with 0.[0m
travis_fold:start:cache.2[0Kstore build cache
travis_time:start:03f020a0[0K
travis_time:end:03f020a0:start=1470441313079791462,finish=1470441313084159029,duration=4367567[0Ktravis_time:start:07d19f72[0K[32;1mchange detected (content changed, file is created, or file is deleted):
/home/travis/.m2/repository/eigenbase/eigenbase-properties/1.1.4/eigenbase-properties-1.1.4.pom.lastUpdated
/home/travis/.m2/repository/io/confluent/kafka-avro-serializer/1.0/kafka-avro-serializer-1.0.pom.lastUpdated
/home/travis/.m2/repository/io/confluent/kafka-schema-registry-client/1.0/kafka-schema-registry-client-1.0.pom.lastUpdated
/home/travis/.m2/repository/net/hydromatic/linq4j/0.4/linq4j-0.4.pom.lastUpdated
/home/travis/.m2/repository/net/hydromatic/quidem/0.1.1/quidem-0.1.1.pom.lastUpdated
/home/travis/.m2/repository/org/apache/storm/flux/1.0.3-SNAPSHOT/maven-metadata-local.xml
/home/travis/.m2/repository/org/apache/storm/flux/1.0.3-SNAPSHOT/_remote.repositories
/home/travis/.m2/repository/org/apache/storm/flux-core/1.0.3-SNAPSHOT/flux-core-1.0.3-SNAPSHOT.jar
/home/travis/.m2/repository/org/apache/storm/flux-core/1.0.3-SNAPSHOT/maven-metadata-local.xml
/home/travis/.m2/repository/org/apache/storm/flux-core/1.0.3-SNAPSHOT/_remote.repositories
/home/travis/.m2/repository/org/ap
[0m
[32;1m...
[0m
[32;1mchanges detected, packing new archive[0m
.
.
.
.
.
.
.
.
.
.
[32;1muploading archive[0m

travis_time:end:07d19f72:start=1470441313089077422,finish=1470441397474945505,duration=84385868083[0Ktravis_fold:end:cache.2[0K
Done. Your build exited with 0.
