Using worker: worker-linux-docker-11bc7888.prod.travis-ci.org:travis-linux-11

travis_fold:start:system_info[0K[33;1mBuild system information[0m
Build language: java
Build group: stable
Build dist: precise
Build id: 150535691
Job id: 150535693
travis-build version: d377c8f80
[34m[1mBuild image provisioning date and time[0m
Thu Feb  5 15:09:33 UTC 2015
[34m[1mOperating System Details[0m
Distributor ID:	Ubuntu
Description:	Ubuntu 12.04.5 LTS
Release:	12.04
Codename:	precise
[34m[1mLinux Version[0m
3.13.0-29-generic
[34m[1mCookbooks Version[0m
a68419e https://github.com/travis-ci/travis-cookbooks/tree/a68419e
[34m[1mGCC version[0m
gcc (Ubuntu/Linaro 4.6.3-1ubuntu5) 4.6.3
Copyright (C) 2011 Free Software Foundation, Inc.
This is free software; see the source for copying conditions.  There is NO
warranty; not even for MERCHANTABILITY or FITNESS FOR A PARTICULAR PURPOSE.

[34m[1mLLVM version[0m
clang version 3.4 (tags/RELEASE_34/final)
Target: x86_64-unknown-linux-gnu
Thread model: posix
[34m[1mPre-installed Ruby versions[0m
ruby-1.9.3-p551
[34m[1mPre-installed Node.js versions[0m
v0.10.36
[34m[1mPre-installed Go versions[0m
1.4.1
[34m[1mRedis version[0m
redis-server 2.8.19
[34m[1mriak version[0m
2.0.2
[34m[1mMongoDB version[0m
MongoDB 2.4.12
[34m[1mCouchDB version[0m
couchdb 1.6.1
[34m[1mNeo4j version[0m
1.9.4
[34m[1mRabbitMQ Version[0m
3.4.3
[34m[1mElasticSearch version[0m
1.4.0
[34m[1mInstalled Sphinx versions[0m
2.0.10
2.1.9
2.2.6
[34m[1mDefault Sphinx version[0m
2.2.6
[34m[1mInstalled Firefox version[0m
firefox 31.0esr
[34m[1mPhantomJS version[0m
1.9.8
[34m[1mant -version[0m
Apache Ant(TM) version 1.8.2 compiled on December 3 2011
[34m[1mmvn -version[0m
Apache Maven 3.2.5 (12a6b3acb947671f09b81f49094c53f426d8cea1; 2014-12-14T17:29:23+00:00)
Maven home: /usr/local/maven
Java version: 1.7.0_76, vendor: Oracle Corporation
Java home: /usr/lib/jvm/java-7-oracle/jre
Default locale: en_US, platform encoding: ANSI_X3.4-1968
OS name: "linux", version: "3.13.0-29-generic", arch: "amd64", family: "unix"
travis_fold:end:system_info[0K
travis_fold:start:fix.CVE-2015-7547[0K$ export DEBIAN_FRONTEND=noninteractive
W: Size of file /var/lib/apt/lists/us.archive.ubuntu.com_ubuntu_dists_precise-backports_multiverse_source_Sources.gz is not what the server reported 5886 5888
W: Size of file /var/lib/apt/lists/ppa.launchpad.net_ubuntugis_ppa_ubuntu_dists_precise_main_binary-amd64_Packages.gz is not what the server reported 33653 36677
W: Size of file /var/lib/apt/lists/ppa.launchpad.net_ubuntugis_ppa_ubuntu_dists_precise_main_binary-i386_Packages.gz is not what the server reported 33699 36733
Reading package lists...
Building dependency tree...
Reading state information...
The following extra packages will be installed:
  libc-bin libc-dev-bin libc6-dev
Suggested packages:
  glibc-doc
The following packages will be upgraded:
  libc-bin libc-dev-bin libc6 libc6-dev
4 upgraded, 0 newly installed, 0 to remove and 252 not upgraded.
Need to get 8,840 kB of archives.
After this operation, 14.3 kB disk space will be freed.
Get:1 http://us.archive.ubuntu.com/ubuntu/ precise-updates/main libc6-dev amd64 2.15-0ubuntu10.15 [2,943 kB]
Get:2 http://us.archive.ubuntu.com/ubuntu/ precise-updates/main libc-dev-bin amd64 2.15-0ubuntu10.15 [84.7 kB]
Get:3 http://us.archive.ubuntu.com/ubuntu/ precise-updates/main libc-bin amd64 2.15-0ubuntu10.15 [1,177 kB]
Get:4 http://us.archive.ubuntu.com/ubuntu/ precise-updates/main libc6 amd64 2.15-0ubuntu10.15 [4,636 kB]
Fetched 8,840 kB in 0s (34.4 MB/s)
Preconfiguring packages ...
(Reading database ... (Reading database ... 5%(Reading database ... 10%(Reading database ... 15%(Reading database ... 20%(Reading database ... 25%(Reading database ... 30%(Reading database ... 35%(Reading database ... 40%(Reading database ... 45%(Reading database ... 50%(Reading database ... 55%(Reading database ... 60%(Reading database ... 65%(Reading database ... 70%(Reading database ... 75%(Reading database ... 80%(Reading database ... 85%(Reading database ... 90%(Reading database ... 95%(Reading database ... 100%(Reading database ... 72019 files and directories currently installed.)
Preparing to replace libc6-dev 2.15-0ubuntu10.10 (using .../libc6-dev_2.15-0ubuntu10.15_amd64.deb) ...
Unpacking replacement libc6-dev ...
Preparing to replace libc-dev-bin 2.15-0ubuntu10.10 (using .../libc-dev-bin_2.15-0ubuntu10.15_amd64.deb) ...
Unpacking replacement libc-dev-bin ...
Preparing to replace libc-bin 2.15-0ubuntu10.10 (using .../libc-bin_2.15-0ubuntu10.15_amd64.deb) ...
Unpacking replacement libc-bin ...
Processing triggers for man-db ...
Setting up libc-bin (2.15-0ubuntu10.15) ...
(Reading database ... (Reading database ... 5%(Reading database ... 10%(Reading database ... 15%(Reading database ... 20%(Reading database ... 25%(Reading database ... 30%(Reading database ... 35%(Reading database ... 40%(Reading database ... 45%(Reading database ... 50%(Reading database ... 55%(Reading database ... 60%(Reading database ... 65%(Reading database ... 70%(Reading database ... 75%(Reading database ... 80%(Reading database ... 85%(Reading database ... 90%(Reading database ... 95%(Reading database ... 100%(Reading database ... 72018 files and directories currently installed.)
Preparing to replace libc6 2.15-0ubuntu10.10 (using .../libc6_2.15-0ubuntu10.15_amd64.deb) ...
Unpacking replacement libc6 ...
Setting up libc6 (2.15-0ubuntu10.15) ...
Setting up libc-dev-bin (2.15-0ubuntu10.15) ...
Setting up libc6-dev (2.15-0ubuntu10.15) ...
Processing triggers for libc-bin ...
ldconfig deferred processing now taking place
travis_fold:end:fix.CVE-2015-7547[0Ktravis_fold:start:git.checkout[0Ktravis_time:start:1bcdcbac[0K$ git clone --depth=50 https://github.com/apache/storm.git apache/storm
Cloning into 'apache/storm'...
remote: Counting objects: 19068, done.[K
remote: Compressing objects:   0% (1/7726)   [Kremote: Compressing objects:   1% (78/7726)   [Kremote: Compressing objects:   2% (155/7726)   [Kremote: Compressing objects:   3% (232/7726)   [Kremote: Compressing objects:   4% (310/7726)   [Kremote: Compressing objects:   5% (387/7726)   [Kremote: Compressing objects:   6% (464/7726)   [Kremote: Compressing objects:   7% (541/7726)   [Kremote: Compressing objects:   8% (619/7726)   [Kremote: Compressing objects:   9% (696/7726)   [Kremote: Compressing objects:  10% (773/7726)   [Kremote: Compressing objects:  11% (850/7726)   [Kremote: Compressing objects:  12% (928/7726)   [Kremote: Compressing objects:  13% (1005/7726)   [Kremote: Compressing objects:  14% (1082/7726)   [Kremote: Compressing objects:  15% (1159/7726)   [Kremote: Compressing objects:  16% (1237/7726)   [Kremote: Compressing objects:  17% (1314/7726)   [Kremote: Compressing objects:  18% (1391/7726)   [Kremote: Compressing objects:  19% (1468/7726)   [Kremote: Compressing objects:  20% (1546/7726)   [Kremote: Compressing objects:  21% (1623/7726)   [Kremote: Compressing objects:  22% (1700/7726)   [Kremote: Compressing objects:  23% (1777/7726)   [Kremote: Compressing objects:  24% (1855/7726)   [Kremote: Compressing objects:  25% (1932/7726)   [Kremote: Compressing objects:  26% (2009/7726)   [Kremote: Compressing objects:  27% (2087/7726)   [Kremote: Compressing objects:  28% (2164/7726)   [Kremote: Compressing objects:  29% (2241/7726)   [Kremote: Compressing objects:  30% (2318/7726)   [Kremote: Compressing objects:  31% (2396/7726)   [Kremote: Compressing objects:  32% (2473/7726)   [Kremote: Compressing objects:  33% (2550/7726)   [Kremote: Compressing objects:  34% (2627/7726)   [Kremote: Compressing objects:  35% (2705/7726)   [Kremote: Compressing objects:  36% (2782/7726)   [Kremote: Compressing objects:  37% (2859/7726)   [Kremote: Compressing objects:  38% (2936/7726)   [Kremote: Compressing objects:  39% (3014/7726)   [Kremote: Compressing objects:  40% (3091/7726)   [Kremote: Compressing objects:  41% (3168/7726)   [Kremote: Compressing objects:  42% (3245/7726)   [Kremote: Compressing objects:  43% (3323/7726)   [Kremote: Compressing objects:  44% (3400/7726)   [Kremote: Compressing objects:  45% (3477/7726)   [Kremote: Compressing objects:  46% (3554/7726)   [Kremote: Compressing objects:  47% (3632/7726)   [Kremote: Compressing objects:  48% (3709/7726)   [Kremote: Compressing objects:  49% (3786/7726)   [Kremote: Compressing objects:  50% (3863/7726)   [Kremote: Compressing objects:  51% (3941/7726)   [Kremote: Compressing objects:  52% (4018/7726)   [Kremote: Compressing objects:  53% (4095/7726)   [Kremote: Compressing objects:  54% (4173/7726)   [Kremote: Compressing objects:  55% (4250/7726)   [Kremote: Compressing objects:  56% (4327/7726)   [Kremote: Compressing objects:  57% (4404/7726)   [Kremote: Compressing objects:  58% (4482/7726)   [Kremote: Compressing objects:  59% (4559/7726)   [Kremote: Compressing objects:  60% (4636/7726)   [Kremote: Compressing objects:  61% (4713/7726)   [Kremote: Compressing objects:  62% (4791/7726)   [Kremote: Compressing objects:  63% (4868/7726)   [Kremote: Compressing objects:  64% (4945/7726)   [Kremote: Compressing objects:  65% (5022/7726)   [Kremote: Compressing objects:  66% (5100/7726)   [Kremote: Compressing objects:  67% (5177/7726)   [Kremote: Compressing objects:  68% (5254/7726)   [Kremote: Compressing objects:  69% (5331/7726)   [Kremote: Compressing objects:  70% (5409/7726)   [Kremote: Compressing objects:  71% (5486/7726)   [Kremote: Compressing objects:  72% (5563/7726)   [Kremote: Compressing objects:  73% (5640/7726)   [Kremote: Compressing objects:  74% (5718/7726)   [Kremote: Compressing objects:  75% (5795/7726)   [Kremote: Compressing objects:  76% (5872/7726)   [Kremote: Compressing objects:  77% (5950/7726)   [Kremote: Compressing objects:  78% (6027/7726)   [Kremote: Compressing objects:  79% (6104/7726)   [Kremote: Compressing objects:  80% (6181/7726)   [Kremote: Compressing objects:  81% (6259/7726)   [Kremote: Compressing objects:  82% (6336/7726)   [Kremote: Compressing objects:  83% (6413/7726)   [Kremote: Compressing objects:  84% (6490/7726)   [Kremote: Compressing objects:  85% (6568/7726)   [Kremote: Compressing objects:  86% (6645/7726)   [Kremote: Compressing objects:  87% (6722/7726)   [Kremote: Compressing objects:  88% (6799/7726)   [Kremote: Compressing objects:  89% (6877/7726)   [Kremote: Compressing objects:  90% (6954/7726)   [Kremote: Compressing objects:  91% (7031/7726)   [Kremote: Compressing objects:  92% (7108/7726)   [Kremote: Compressing objects:  93% (7186/7726)   [Kremote: Compressing objects:  94% (7263/7726)   [Kremote: Compressing objects:  95% (7340/7726)   [Kremote: Compressing objects:  96% (7417/7726)   [Kremote: Compressing objects:  97% (7495/7726)   [Kremote: Compressing objects:  98% (7572/7726)   [Kremote: Compressing objects:  99% (7649/7726)   [Kremote: Compressing objects: 100% (7726/7726)   [Kremote: Compressing objects: 100% (7726/7726), done.[K
Receiving objects:   0% (1/19068)   Receiving objects:   1% (191/19068)   Receiving objects:   2% (382/19068)   Receiving objects:   3% (573/19068)   Receiving objects:   4% (763/19068)   Receiving objects:   5% (954/19068)   Receiving objects:   6% (1145/19068)   Receiving objects:   7% (1335/19068)   Receiving objects:   8% (1526/19068)   Receiving objects:   9% (1717/19068)   Receiving objects:  10% (1907/19068)   Receiving objects:  11% (2098/19068)   Receiving objects:  12% (2289/19068)   Receiving objects:  13% (2479/19068)   Receiving objects:  14% (2670/19068)   Receiving objects:  15% (2861/19068)   Receiving objects:  16% (3051/19068)   Receiving objects:  17% (3242/19068)   Receiving objects:  18% (3433/19068)   Receiving objects:  19% (3623/19068)   Receiving objects:  20% (3814/19068)   Receiving objects:  21% (4005/19068)   Receiving objects:  22% (4195/19068)   Receiving objects:  23% (4386/19068)   Receiving objects:  24% (4577/19068)   Receiving objects:  25% (4767/19068)   Receiving objects:  26% (4958/19068)   Receiving objects:  27% (5149/19068)   Receiving objects:  28% (5340/19068)   Receiving objects:  29% (5530/19068)   Receiving objects:  30% (5721/19068)   Receiving objects:  31% (5912/19068)   Receiving objects:  32% (6102/19068)   Receiving objects:  33% (6293/19068)   Receiving objects:  34% (6484/19068)   Receiving objects:  35% (6674/19068)   Receiving objects:  36% (6865/19068)   Receiving objects:  37% (7056/19068)   Receiving objects:  38% (7246/19068)   Receiving objects:  39% (7437/19068)   Receiving objects:  40% (7628/19068)   Receiving objects:  41% (7818/19068)   Receiving objects:  42% (8009/19068)   Receiving objects:  43% (8200/19068)   Receiving objects:  44% (8390/19068)   Receiving objects:  45% (8581/19068)   Receiving objects:  46% (8772/19068)   Receiving objects:  47% (8962/19068)   Receiving objects:  48% (9153/19068)   Receiving objects:  49% (9344/19068)   Receiving objects:  50% (9534/19068)   Receiving objects:  51% (9725/19068)   Receiving objects:  52% (9916/19068)   Receiving objects:  53% (10107/19068)   Receiving objects:  54% (10297/19068)   Receiving objects:  55% (10488/19068)   Receiving objects:  56% (10679/19068)   Receiving objects:  57% (10869/19068)   Receiving objects:  58% (11060/19068)   Receiving objects:  59% (11251/19068)   Receiving objects:  60% (11441/19068)   Receiving objects:  61% (11632/19068)   Receiving objects:  62% (11823/19068)   Receiving objects:  63% (12013/19068)   Receiving objects:  64% (12204/19068)   Receiving objects:  65% (12395/19068)   Receiving objects:  66% (12585/19068)   Receiving objects:  67% (12776/19068)   Receiving objects:  68% (12967/19068)   Receiving objects:  69% (13157/19068)   Receiving objects:  70% (13348/19068)   Receiving objects:  71% (13539/19068)   Receiving objects:  72% (13729/19068)   Receiving objects:  73% (13920/19068)   Receiving objects:  74% (14111/19068)   Receiving objects:  75% (14301/19068)   Receiving objects:  76% (14492/19068)   Receiving objects:  77% (14683/19068)   Receiving objects:  78% (14874/19068)   Receiving objects:  79% (15064/19068)   Receiving objects:  80% (15255/19068)   Receiving objects:  81% (15446/19068)   Receiving objects:  82% (15636/19068)   Receiving objects:  83% (15827/19068)   Receiving objects:  84% (16018/19068)   Receiving objects:  85% (16208/19068), 13.29 MiB | 26.53 MiB/s   Receiving objects:  86% (16399/19068), 13.29 MiB | 26.53 MiB/s   Receiving objects:  87% (16590/19068), 13.29 MiB | 26.53 MiB/s   Receiving objects:  88% (16780/19068), 13.29 MiB | 26.53 MiB/s   Receiving objects:  89% (16971/19068), 13.29 MiB | 26.53 MiB/s   Receiving objects:  90% (17162/19068), 13.29 MiB | 26.53 MiB/s   Receiving objects:  91% (17352/19068), 13.29 MiB | 26.53 MiB/s   Receiving objects:  92% (17543/19068), 13.29 MiB | 26.53 MiB/s   Receiving objects:  93% (17734/19068), 13.29 MiB | 26.53 MiB/s   Receiving objects:  94% (17924/19068), 13.29 MiB | 26.53 MiB/s   Receiving objects:  95% (18115/19068), 13.29 MiB | 26.53 MiB/s   Receiving objects:  96% (18306/19068), 13.29 MiB | 26.53 MiB/s   Receiving objects:  97% (18496/19068), 13.29 MiB | 26.53 MiB/s   Receiving objects:  98% (18687/19068), 13.29 MiB | 26.53 MiB/s   Receiving objects:  99% (18878/19068), 13.29 MiB | 26.53 MiB/s   remote: Total 19068 (delta 9009), reused 16358 (delta 6936), pack-reused 0[K
Receiving objects: 100% (19068/19068), 13.29 MiB | 26.53 MiB/s   Receiving objects: 100% (19068/19068), 15.02 MiB | 26.53 MiB/s, done.
Resolving deltas:   0% (0/9009)   Resolving deltas:   1% (92/9009)   Resolving deltas:   2% (182/9009)   Resolving deltas:   3% (279/9009)   Resolving deltas:   4% (362/9009)   Resolving deltas:   5% (456/9009)   Resolving deltas:   6% (570/9009)   Resolving deltas:   7% (631/9009)   Resolving deltas:   8% (729/9009)   Resolving deltas:   9% (831/9009)   Resolving deltas:  10% (968/9009)   Resolving deltas:  11% (999/9009)   Resolving deltas:  12% (1082/9009)   Resolving deltas:  13% (1219/9009)   Resolving deltas:  14% (1272/9009)   Resolving deltas:  15% (1352/9009)   Resolving deltas:  16% (1443/9009)   Resolving deltas:  17% (1534/9009)   Resolving deltas:  18% (1628/9009)   Resolving deltas:  19% (1724/9009)   Resolving deltas:  20% (1803/9009)   Resolving deltas:  21% (1893/9009)   Resolving deltas:  22% (1990/9009)   Resolving deltas:  23% (2073/9009)   Resolving deltas:  24% (2173/9009)   Resolving deltas:  25% (2260/9009)   Resolving deltas:  26% (2359/9009)   Resolving deltas:  27% (2446/9009)   Resolving deltas:  28% (2527/9009)   Resolving deltas:  29% (2621/9009)   Resolving deltas:  30% (2770/9009)   Resolving deltas:  31% (2795/9009)   Resolving deltas:  32% (2886/9009)   Resolving deltas:  33% (2974/9009)   Resolving deltas:  34% (3067/9009)   Resolving deltas:  35% (3161/9009)   Resolving deltas:  36% (3244/9009)   Resolving deltas:  37% (3336/9009)   Resolving deltas:  38% (3426/9009)   Resolving deltas:  39% (3518/9009)   Resolving deltas:  40% (3605/9009)   Resolving deltas:  41% (3695/9009)   Resolving deltas:  42% (3784/9009)   Resolving deltas:  43% (3875/9009)   Resolving deltas:  44% (3965/9009)   Resolving deltas:  45% (4067/9009)   Resolving deltas:  46% (4146/9009)   Resolving deltas:  47% (4241/9009)   Resolving deltas:  48% (4327/9009)   Resolving deltas:  49% (4441/9009)   Resolving deltas:  50% (4525/9009)   Resolving deltas:  51% (4595/9009)   Resolving deltas:  52% (4685/9009)   Resolving deltas:  53% (4781/9009)   Resolving deltas:  54% (4866/9009)   Resolving deltas:  55% (4967/9009)   Resolving deltas:  56% (5048/9009)   Resolving deltas:  58% (5313/9009)   Resolving deltas:  59% (5380/9009)   Resolving deltas:  60% (5406/9009)   Resolving deltas:  61% (5568/9009)   Resolving deltas:  62% (5594/9009)   Resolving deltas:  63% (5718/9009)   Resolving deltas:  66% (6020/9009)   Resolving deltas:  67% (6044/9009)   Resolving deltas:  68% (6196/9009)   Resolving deltas:  69% (6218/9009)   Resolving deltas:  71% (6418/9009)   Resolving deltas:  77% (6938/9009)   Resolving deltas:  79% (7205/9009)   Resolving deltas:  80% (7231/9009)   Resolving deltas:  82% (7430/9009)   Resolving deltas:  83% (7485/9009)   Resolving deltas:  84% (7568/9009)   Resolving deltas:  85% (7663/9009)   Resolving deltas:  86% (7750/9009)   Resolving deltas:  87% (7847/9009)   Resolving deltas:  88% (7933/9009)   Resolving deltas:  89% (8019/9009)   Resolving deltas:  90% (8113/9009)   Resolving deltas:  91% (8200/9009)   Resolving deltas:  92% (8292/9009)   Resolving deltas:  93% (8447/9009)   Resolving deltas:  94% (8482/9009)   Resolving deltas:  95% (8575/9009)   Resolving deltas:  96% (8649/9009)   Resolving deltas:  97% (8742/9009)   Resolving deltas:  98% (8829/9009)   Resolving deltas:  99% (8919/9009)   Resolving deltas: 100% (9009/9009)   Resolving deltas: 100% (9009/9009), done.
Checking connectivity... done.

travis_time:end:1bcdcbac:start=1470633912677071458,finish=1470633914930730881,duration=2253659423[0K$ cd apache/storm
travis_time:start:01327988[0K$ git fetch origin +refs/pull/1608/merge:
remote: Counting objects: 5816, done.[K
remote: Compressing objects:   0% (1/2515)   [Kremote: Compressing objects:   1% (26/2515)   [Kremote: Compressing objects:   2% (51/2515)   [Kremote: Compressing objects:   3% (76/2515)   [Kremote: Compressing objects:   4% (101/2515)   [Kremote: Compressing objects:   5% (126/2515)   [Kremote: Compressing objects:   6% (151/2515)   [Kremote: Compressing objects:   7% (177/2515)   [Kremote: Compressing objects:   8% (202/2515)   [Kremote: Compressing objects:   9% (227/2515)   [Kremote: Compressing objects:  10% (252/2515)   [Kremote: Compressing objects:  11% (277/2515)   [Kremote: Compressing objects:  12% (302/2515)   [Kremote: Compressing objects:  13% (327/2515)   [Kremote: Compressing objects:  14% (353/2515)   [Kremote: Compressing objects:  15% (378/2515)   [Kremote: Compressing objects:  16% (403/2515)   [Kremote: Compressing objects:  17% (428/2515)   [Kremote: Compressing objects:  18% (453/2515)   [Kremote: Compressing objects:  19% (478/2515)   [Kremote: Compressing objects:  20% (503/2515)   [Kremote: Compressing objects:  21% (529/2515)   [Kremote: Compressing objects:  22% (554/2515)   [Kremote: Compressing objects:  23% (579/2515)   [Kremote: Compressing objects:  24% (604/2515)   [Kremote: Compressing objects:  25% (629/2515)   [Kremote: Compressing objects:  26% (654/2515)   [Kremote: Compressing objects:  27% (680/2515)   [Kremote: Compressing objects:  28% (705/2515)   [Kremote: Compressing objects:  29% (730/2515)   [Kremote: Compressing objects:  30% (755/2515)   [Kremote: Compressing objects:  31% (780/2515)   [Kremote: Compressing objects:  32% (805/2515)   [Kremote: Compressing objects:  33% (830/2515)   [Kremote: Compressing objects:  34% (856/2515)   [Kremote: Compressing objects:  35% (881/2515)   [Kremote: Compressing objects:  36% (906/2515)   [Kremote: Compressing objects:  37% (931/2515)   [Kremote: Compressing objects:  38% (956/2515)   [Kremote: Compressing objects:  39% (981/2515)   [Kremote: Compressing objects:  40% (1006/2515)   [Kremote: Compressing objects:  41% (1032/2515)   [Kremote: Compressing objects:  42% (1057/2515)   [Kremote: Compressing objects:  43% (1082/2515)   [Kremote: Compressing objects:  44% (1107/2515)   [Kremote: Compressing objects:  45% (1132/2515)   [Kremote: Compressing objects:  46% (1157/2515)   [Kremote: Compressing objects:  47% (1183/2515)   [Kremote: Compressing objects:  48% (1208/2515)   [Kremote: Compressing objects:  49% (1233/2515)   [Kremote: Compressing objects:  50% (1258/2515)   [Kremote: Compressing objects:  51% (1283/2515)   [Kremote: Compressing objects:  52% (1308/2515)   [Kremote: Compressing objects:  53% (1333/2515)   [Kremote: Compressing objects:  54% (1359/2515)   [Kremote: Compressing objects:  55% (1384/2515)   [Kremote: Compressing objects:  56% (1409/2515)   [Kremote: Compressing objects:  57% (1434/2515)   [Kremote: Compressing objects:  58% (1459/2515)   [Kremote: Compressing objects:  59% (1484/2515)   [Kremote: Compressing objects:  60% (1509/2515)   [Kremote: Compressing objects:  61% (1535/2515)   [Kremote: Compressing objects:  62% (1560/2515)   [Kremote: Compressing objects:  63% (1585/2515)   [Kremote: Compressing objects:  64% (1610/2515)   [Kremote: Compressing objects:  65% (1635/2515)   [Kremote: Compressing objects:  66% (1660/2515)   [Kremote: Compressing objects:  67% (1686/2515)   [Kremote: Compressing objects:  68% (1711/2515)   [Kremote: Compressing objects:  69% (1736/2515)   [Kremote: Compressing objects:  70% (1761/2515)   [Kremote: Compressing objects:  71% (1786/2515)   [Kremote: Compressing objects:  72% (1811/2515)   [Kremote: Compressing objects:  73% (1836/2515)   [Kremote: Compressing objects:  74% (1862/2515)   [Kremote: Compressing objects:  75% (1887/2515)   [Kremote: Compressing objects:  76% (1912/2515)   [Kremote: Compressing objects:  77% (1937/2515)   [Kremote: Compressing objects:  78% (1962/2515)   [Kremote: Compressing objects:  79% (1987/2515)   [Kremote: Compressing objects:  80% (2012/2515)   [Kremote: Compressing objects:  81% (2038/2515)   [Kremote: Compressing objects:  82% (2063/2515)   [Kremote: Compressing objects:  83% (2088/2515)   [Kremote: Compressing objects:  84% (2113/2515)   [Kremote: Compressing objects:  85% (2138/2515)   [Kremote: Compressing objects:  86% (2163/2515)   [Kremote: Compressing objects:  87% (2189/2515)   [Kremote: Compressing objects:  88% (2214/2515)   [Kremote: Compressing objects:  89% (2239/2515)   [Kremote: Compressing objects:  90% (2264/2515)   [Kremote: Compressing objects:  91% (2289/2515)   [Kremote: Compressing objects:  92% (2314/2515)   [Kremote: Compressing objects:  93% (2339/2515)   [Kremote: Compressing objects:  94% (2365/2515)   [Kremote: Compressing objects:  95% (2390/2515)   [Kremote: Compressing objects:  96% (2415/2515)   [Kremote: Compressing objects:  97% (2440/2515)   [Kremote: Compressing objects:  98% (2465/2515)   [Kremote: Compressing objects:  99% (2490/2515)   [Kremote: Compressing objects: 100% (2515/2515)   [Kremote: Compressing objects: 100% (2515/2515), done.[K
Receiving objects:   0% (1/5816)   Receiving objects:   1% (59/5816)   Receiving objects:   2% (117/5816)   Receiving objects:   3% (175/5816)   Receiving objects:   4% (233/5816)   Receiving objects:   5% (291/5816)   Receiving objects:   6% (349/5816)   Receiving objects:   7% (408/5816)   Receiving objects:   8% (466/5816)   Receiving objects:   9% (524/5816)   Receiving objects:  10% (582/5816)   Receiving objects:  11% (640/5816)   Receiving objects:  12% (698/5816)   Receiving objects:  13% (757/5816)   Receiving objects:  14% (815/5816)   Receiving objects:  15% (873/5816)   Receiving objects:  16% (931/5816)   Receiving objects:  17% (989/5816)   Receiving objects:  18% (1047/5816)   Receiving objects:  19% (1106/5816)   Receiving objects:  20% (1164/5816)   Receiving objects:  21% (1222/5816)   Receiving objects:  22% (1280/5816)   Receiving objects:  23% (1338/5816)   Receiving objects:  24% (1396/5816)   Receiving objects:  25% (1454/5816)   Receiving objects:  26% (1513/5816)   Receiving objects:  27% (1571/5816)   Receiving objects:  28% (1629/5816)   Receiving objects:  29% (1687/5816)   Receiving objects:  30% (1745/5816)   Receiving objects:  31% (1803/5816)   Receiving objects:  32% (1862/5816)   Receiving objects:  33% (1920/5816)   Receiving objects:  34% (1978/5816)   Receiving objects:  35% (2036/5816)   Receiving objects:  36% (2094/5816)   Receiving objects:  37% (2152/5816)   Receiving objects:  38% (2211/5816)   Receiving objects:  39% (2269/5816)   Receiving objects:  40% (2327/5816)   Receiving objects:  41% (2385/5816)   Receiving objects:  42% (2443/5816)   Receiving objects:  43% (2501/5816)   Receiving objects:  44% (2560/5816)   Receiving objects:  45% (2618/5816)   Receiving objects:  46% (2676/5816)   Receiving objects:  47% (2734/5816)   Receiving objects:  48% (2792/5816)   Receiving objects:  49% (2850/5816)   Receiving objects:  50% (2908/5816)   Receiving objects:  51% (2967/5816)   Receiving objects:  52% (3025/5816)   Receiving objects:  53% (3083/5816)   Receiving objects:  54% (3141/5816)   Receiving objects:  55% (3199/5816)   Receiving objects:  56% (3257/5816)   Receiving objects:  57% (3316/5816)   Receiving objects:  58% (3374/5816)   Receiving objects:  59% (3432/5816)   Receiving objects:  60% (3490/5816)   Receiving objects:  61% (3548/5816)   Receiving objects:  62% (3606/5816)   Receiving objects:  63% (3665/5816)   Receiving objects:  64% (3723/5816)   Receiving objects:  65% (3781/5816)   Receiving objects:  66% (3839/5816)   Receiving objects:  67% (3897/5816)   Receiving objects:  68% (3955/5816)   Receiving objects:  69% (4014/5816)   Receiving objects:  70% (4072/5816)   Receiving objects:  71% (4130/5816)   Receiving objects:  72% (4188/5816)   Receiving objects:  73% (4246/5816)   Receiving objects:  74% (4304/5816)   Receiving objects:  75% (4362/5816)   Receiving objects:  76% (4421/5816)   Receiving objects:  77% (4479/5816)   Receiving objects:  78% (4537/5816)   Receiving objects:  79% (4595/5816)   Receiving objects:  80% (4653/5816)   Receiving objects:  81% (4711/5816)   Receiving objects:  82% (4770/5816)   Receiving objects:  83% (4828/5816)   Receiving objects:  84% (4886/5816)   Receiving objects:  85% (4944/5816)   Receiving objects:  86% (5002/5816)   Receiving objects:  87% (5060/5816)   Receiving objects:  88% (5119/5816)   Receiving objects:  89% (5177/5816)   remote: Total 5816 (delta 2707), reused 5074 (delta 2038), pack-reused 0[K
Receiving objects:  90% (5235/5816)   Receiving objects:  91% (5293/5816)   Receiving objects:  92% (5351/5816)   Receiving objects:  93% (5409/5816)   Receiving objects:  94% (5468/5816)   Receiving objects:  95% (5526/5816)   Receiving objects:  96% (5584/5816)   Receiving objects:  97% (5642/5816)   Receiving objects:  98% (5700/5816)   Receiving objects:  99% (5758/5816)   Receiving objects: 100% (5816/5816)   Receiving objects: 100% (5816/5816), 1.18 MiB | 0 bytes/s, done.
Resolving deltas:   0% (0/2707)   Resolving deltas:   1% (45/2707)   Resolving deltas:   2% (61/2707)   Resolving deltas:   3% (104/2707)   Resolving deltas:   4% (109/2707)   Resolving deltas:   5% (149/2707)   Resolving deltas:   7% (199/2707)   Resolving deltas:  10% (273/2707)   Resolving deltas:  11% (314/2707)   Resolving deltas:  12% (326/2707)   Resolving deltas:  13% (361/2707)   Resolving deltas:  14% (379/2707)   Resolving deltas:  24% (672/2707)   Resolving deltas:  25% (686/2707)   Resolving deltas:  26% (704/2707)   Resolving deltas:  27% (736/2707)   Resolving deltas:  28% (760/2707)   Resolving deltas:  29% (787/2707)   Resolving deltas:  30% (813/2707)   Resolving deltas:  31% (843/2707)   Resolving deltas:  32% (868/2707)   Resolving deltas:  34% (943/2707)   Resolving deltas:  35% (950/2707)   Resolving deltas:  36% (995/2707)   Resolving deltas:  37% (1003/2707)   Resolving deltas:  38% (1031/2707)   Resolving deltas:  39% (1062/2707)   Resolving deltas:  40% (1092/2707)   Resolving deltas:  44% (1212/2707)   Resolving deltas:  45% (1236/2707)   Resolving deltas:  46% (1246/2707)   Resolving deltas:  47% (1278/2707)   Resolving deltas:  48% (1301/2707)   Resolving deltas:  49% (1331/2707)   Resolving deltas:  50% (1366/2707)   Resolving deltas:  57% (1562/2707)   Resolving deltas:  58% (1579/2707)   Resolving deltas:  59% (1604/2707)   Resolving deltas:  60% (1636/2707)   Resolving deltas:  61% (1655/2707)   Resolving deltas:  62% (1682/2707)   Resolving deltas:  63% (1723/2707)   Resolving deltas:  64% (1738/2707)   Resolving deltas:  65% (1760/2707)   Resolving deltas:  66% (1795/2707)   Resolving deltas:  67% (1814/2707)   Resolving deltas:  68% (1844/2707)   Resolving deltas:  69% (1870/2707)   Resolving deltas:  70% (1903/2707)   Resolving deltas:  74% (2020/2707)   Resolving deltas:  75% (2031/2707)   Resolving deltas:  76% (2076/2707)   Resolving deltas:  77% (2091/2707)   Resolving deltas:  78% (2113/2707)   Resolving deltas:  79% (2139/2707)   Resolving deltas:  80% (2167/2707)   Resolving deltas:  81% (2193/2707)   Resolving deltas:  82% (2223/2707)   Resolving deltas:  83% (2249/2707)   Resolving deltas:  84% (2274/2707)   Resolving deltas:  85% (2304/2707)   Resolving deltas:  86% (2330/2707)   Resolving deltas:  87% (2358/2707)   Resolving deltas:  88% (2385/2707)   Resolving deltas:  89% (2410/2707)   Resolving deltas:  90% (2437/2707)   Resolving deltas:  91% (2464/2707)   Resolving deltas:  93% (2525/2707)   Resolving deltas:  94% (2547/2707)   Resolving deltas:  95% (2577/2707)   Resolving deltas:  96% (2600/2707)   Resolving deltas:  97% (2643/2707)   Resolving deltas:  98% (2660/2707)   Resolving deltas:  99% (2684/2707)   Resolving deltas: 100% (2707/2707)   Resolving deltas: 100% (2707/2707), completed with 269 local objects.
From https://github.com/apache/storm
 * branch            refs/pull/1608/merge -> FETCH_HEAD

travis_time:end:01327988:start=1470633914934717677,finish=1470633916003874121,duration=1069156444[0K$ git checkout -qf FETCH_HEAD
travis_fold:end:git.checkout[0K
[33;1mThis job is running on container-based infrastructure, which does not allow use of 'sudo', setuid and setguid executables.[0m
[33;1mIf you require sudo, add 'sudo: required' to your .travis.yml[0m
[33;1mSee https://docs.travis-ci.com/user/workers/container-based-infrastructure/ for details.[0m

[33;1mSetting environment variables from .travis.yml[0m
$ export MODULES=storm-core

$ jdk_switcher use oraclejdk8
Switching to Oracle JDK8 (java-8-oracle), JAVA_HOME will be set to /usr/lib/jvm/java-8-oracle
travis_fold:start:cache.1[0KSetting up build cache
$ export CASHER_DIR=$HOME/.casher
travis_time:start:0936fde0[0K$ Installing caching utilities

travis_time:end:0936fde0:start=1470633917860164804,finish=1470633917911949413,duration=51784609[0Ktravis_time:start:13ab488e[0K
travis_time:end:13ab488e:start=1470633917916705011,finish=1470633917919986574,duration=3281563[0Ktravis_time:start:0185b81c[0K[32;1mattempting to download cache archive[0m
[32;1mfetching PR.1608/cache-linux-precise-4722ea394922d42b2b7eb84cff6efc764d76759821ac6f6efc13232aa923f595--jdk-oraclejdk8.tgz[0m
[32;1mfound cache[0m

travis_time:end:0185b81c:start=1470633917923908308,finish=1470633936540347715,duration=18616439407[0Ktravis_time:start:05d2879b[0K
travis_time:end:05d2879b:start=1470633936544309703,finish=1470633936547821167,duration=3511464[0Ktravis_time:start:100d335a[0K[32;1madding /home/travis/.m2/repository to cache[0m
[32;1madding /home/travis/.rvm to cache[0m
[32;1madding /home/travis/.nvm to cache[0m

travis_time:end:100d335a:start=1470633936551754734,finish=1470633954820037907,duration=18268283173[0Ktravis_fold:end:cache.1[0K$ java -Xmx32m -version
java version "1.8.0_31"
Java(TM) SE Runtime Environment (build 1.8.0_31-b13)
Java HotSpot(TM) 64-Bit Server VM (build 25.31-b07, mixed mode)
$ javac -J-Xmx32m -version
javac 1.8.0_31
travis_fold:start:before_install.1[0Ktravis_time:start:05096e06[0K$ rvm use 2.1.5 --install
[32mUsing /home/travis/.rvm/gems/ruby-2.1.5[0m

travis_time:end:05096e06:start=1470633955373370600,finish=1470633955633984374,duration=260613774[0Ktravis_fold:end:before_install.1[0Ktravis_fold:start:before_install.2[0Ktravis_time:start:1a659b9f[0K$ nvm install 0.12.2
v0.12.2 is already installed.
Now using node v0.12.2

travis_time:end:1a659b9f:start=1470633955638260636,finish=1470633955857754896,duration=219494260[0Ktravis_fold:end:before_install.2[0Ktravis_fold:start:before_install.3[0Ktravis_time:start:07c50072[0K$ nvm use 0.12.2
Now using node v0.12.2

travis_time:end:07c50072:start=1470633955862112264,finish=1470633955915342448,duration=53230184[0Ktravis_fold:end:before_install.3[0Ktravis_fold:start:install[0Ktravis_time:start:05b2667b[0K$ /bin/bash ./dev-tools/travis/travis-install.sh `pwd`
Python version :   Python 2.7.3
Java HotSpot(TM) 64-Bit Server VM warning: ignoring option MaxPermSize=192m; support was removed in 8.0
Maven version  :   Apache Maven 3.2.5 (12a6b3acb947671f09b81f49094c53f426d8cea1; 2014-12-14T17:29:23+00:00) Maven home: /usr/local/maven Java version: 1.8.0_31, vendor: Oracle Corporation Java home: /usr/lib/jvm/java-8-oracle/jre Default locale: en_US, platform encoding: UTF-8 OS name: "linux", version: "3.13.0-40-generic", arch: "amd64", family: "unix"
['mvn', 'clean', 'install', '-DskipTests', '-Pnative', '--batch-mode'] writing to install.txt
1 seconds 2 log lines13 seconds 178 log lines25 seconds 293 log lines51 seconds 311 log lines72 seconds 319 log lines82 seconds 413 log lines104 seconds 626 log lines114 seconds 798 log lines127 seconds 846 log lines138 seconds 884 log lines149 seconds 1012 log lines167 seconds 1419 log lines177 seconds 1710 log lines188 seconds 2089 log lines201 seconds 2249 log lines215 seconds 2665 log lines215 seconds 2666 log lines
['mvn', 'clean', 'install', '-DskipTests', '-Pnative', '--batch-mode'] done 0

travis_time:end:05b2667b:start=1470633955919399006,finish=1470634171699405988,duration=215780006982[0Ktravis_fold:end:install[0Ktravis_time:start:237384ca[0K$ /bin/bash ./dev-tools/travis/travis-script.sh `pwd` $MODULES
Python version :   Python 2.7.3
Ruby version   :   ruby 2.1.5p273 (2014-11-13 revision 48405) [x86_64-linux]
NodeJs version :   v0.12.2
Java HotSpot(TM) 64-Bit Server VM warning: ignoring option MaxPermSize=192m; support was removed in 8.0
Maven version  :   Apache Maven 3.2.5 (12a6b3acb947671f09b81f49094c53f426d8cea1; 2014-12-14T17:29:23+00:00) Maven home: /usr/local/maven Java version: 1.8.0_31, vendor: Oracle Corporation Java home: /usr/lib/jvm/java-8-oracle/jre Default locale: en_US, platform encoding: UTF-8 OS name: "linux", version: "3.13.0-40-generic", arch: "amd64", family: "unix"
Java HotSpot(TM) 64-Bit Server VM warning: ignoring option MaxPermSize=192m; support was removed in 8.0
[INFO] Scanning for projects...
[INFO]                                                                         
[INFO] ------------------------------------------------------------------------
[INFO] Building Storm Core 1.1.1-SNAPSHOT
[INFO] ------------------------------------------------------------------------
[INFO] 
[INFO] --- exec-maven-plugin:1.2.1:exec (default) @ storm-core ---
[INFO] 
[INFO] --- maven-remote-resources-plugin:1.2.1:process (default) @ storm-core ---
[INFO] 
[INFO] --- storm-maven-plugins:1.1.1-SNAPSHOT:version-info (version-info) @ storm-core ---
[WARNING] [svn, info] failed with error code 1
[INFO] SCM: GIT
[INFO] Computed MD5: e27abbcb201a192bcc8d889891d9a13d
[INFO] 
[INFO] --- maven-resources-plugin:2.5:resources (default-resources) @ storm-core ---
[debug] execute contextualize
[INFO] Using 'UTF-8' encoding to copy filtered resources.
[INFO] Copying 8 resources
[INFO] Copying 1 resource to META-INF
[INFO] Copying 0 resource
[INFO] Copying 1 resource
[INFO] Copying 3 resources
[INFO] 
[INFO] --- maven-compiler-plugin:3.1:compile (default-compile) @ storm-core ---
[INFO] Nothing to compile - all classes are up to date
[INFO] 
[INFO] --- clojure-maven-plugin:1.7.1:compile (compile-clojure) @ storm-core ---
Compiling org.apache.storm.command.deactivate to /home/travis/build/apache/storm/storm-core/target/classes
Compiling org.apache.storm.trident.testing to /home/travis/build/apache/storm/storm-core/target/classes
Compiling org.apache.storm.command.blobstore to /home/travis/build/apache/storm/storm-core/target/classes
Compiling org.apache.storm.stats to /home/travis/build/apache/storm/storm-core/target/classes
Compiling org.apache.storm.command.set-log-level to /home/travis/build/apache/storm/storm-core/target/classes
Compiling org.apache.storm.daemon.drpc to /home/travis/build/apache/storm/storm-core/target/classes
Compiling org.apache.storm.command.dev-zookeeper to /home/travis/build/apache/storm/storm-core/target/classes
Compiling org.apache.storm.local-state to /home/travis/build/apache/storm/storm-core/target/classes
Compiling org.apache.storm.cluster to /home/travis/build/apache/storm/storm-core/target/classes
Compiling org.apache.storm.testing to /home/travis/build/apache/storm/storm-core/target/classes
Compiling org.apache.storm.command.heartbeats to /home/travis/build/apache/storm/storm-core/target/classes
WARNING: reverse already refers to: #'clojure.core/reverse in namespace: org.apache.storm.command.heartbeats, being replaced by: #'clojure.string/reverse
WARNING: replace already refers to: #'clojure.core/replace in namespace: org.apache.storm.command.heartbeats, being replaced by: #'clojure.string/replace
Compiling org.apache.storm.daemon.builtin-metrics to /home/travis/build/apache/storm/storm-core/target/classes
Compiling org.apache.storm.process-simulator to /home/travis/build/apache/storm/storm-core/target/classes
Compiling org.apache.storm.daemon.acker to /home/travis/build/apache/storm/storm-core/target/classes
Compiling org.apache.storm.log to /home/travis/build/apache/storm/storm-core/target/classes
Compiling org.apache.storm.daemon.common to /home/travis/build/apache/storm/storm-core/target/classes
Compiling org.apache.storm.command.healthcheck to /home/travis/build/apache/storm/storm-core/target/classes
Compiling org.apache.storm.scheduler.EvenScheduler to /home/travis/build/apache/storm/storm-core/target/classes
Compiling org.apache.storm.command.kill-workers to /home/travis/build/apache/storm/storm-core/target/classes
Compiling org.apache.storm.scheduler.IsolationScheduler to /home/travis/build/apache/storm/storm-core/target/classes
Compiling org.apache.storm.command.monitor to /home/travis/build/apache/storm/storm-core/target/classes
Compiling org.apache.storm.timer to /home/travis/build/apache/storm/storm-core/target/classes
Compiling org.apache.storm.config to /home/travis/build/apache/storm/storm-core/target/classes
Compiling org.apache.storm.LocalCluster to /home/travis/build/apache/storm/storm-core/target/classes
Compiling org.apache.storm.thrift to /home/travis/build/apache/storm/storm-core/target/classes
Compiling org.apache.storm.daemon.logviewer to /home/travis/build/apache/storm/storm-core/target/classes
Compiling org.apache.storm.blobstore to /home/travis/build/apache/storm/storm-core/target/classes
Compiling org.apache.storm.zookeeper to /home/travis/build/apache/storm/storm-core/target/classes
Compiling org.apache.storm.clojure to /home/travis/build/apache/storm/storm-core/target/classes
Compiling org.apache.storm.command.rebalance to /home/travis/build/apache/storm/storm-core/target/classes
Compiling org.apache.storm.command.kill-topology to /home/travis/build/apache/storm/storm-core/target/classes
Compiling org.apache.storm.LocalDRPC to /home/travis/build/apache/storm/storm-core/target/classes
Compiling org.apache.storm.messaging.local to /home/travis/build/apache/storm/storm-core/target/classes
Compiling org.apache.storm.daemon.executor to /home/travis/build/apache/storm/storm-core/target/classes
Compiling org.apache.storm.event to /home/travis/build/apache/storm/storm-core/target/classes
Compiling org.apache.storm.daemon.supervisor to /home/travis/build/apache/storm/storm-core/target/classes
Compiling org.apache.storm.command.activate to /home/travis/build/apache/storm/storm-core/target/classes
Compiling org.apache.storm.command.shell-submission to /home/travis/build/apache/storm/storm-core/target/classes
Compiling org.apache.storm.MockAutoCred to /home/travis/build/apache/storm/storm-core/target/classes
Compiling org.apache.storm.command.get-errors to /home/travis/build/apache/storm/storm-core/target/classes
Compiling org.apache.storm.pacemaker.pacemaker to /home/travis/build/apache/storm/storm-core/target/classes
Compiling org.apache.storm.testing4j to /home/travis/build/apache/storm/storm-core/target/classes
Compiling org.apache.storm.metric.testing to /home/travis/build/apache/storm/storm-core/target/classes
Compiling org.apache.storm.ui.core to /home/travis/build/apache/storm/storm-core/target/classes
Compiling org.apache.storm.command.upload-credentials to /home/travis/build/apache/storm/storm-core/target/classes
Compiling org.apache.storm.ui.helpers to /home/travis/build/apache/storm/storm-core/target/classes
Compiling org.apache.storm.scheduler.DefaultScheduler to /home/travis/build/apache/storm/storm-core/target/classes
Compiling org.apache.storm.command.list to /home/travis/build/apache/storm/storm-core/target/classes
Compiling org.apache.storm.pacemaker.pacemaker-state-factory to /home/travis/build/apache/storm/storm-core/target/classes
Compiling org.apache.storm.disruptor to /home/travis/build/apache/storm/storm-core/target/classes
Compiling org.apache.storm.util to /home/travis/build/apache/storm/storm-core/target/classes
Compiling org.apache.storm.daemon.task to /home/travis/build/apache/storm/storm-core/target/classes
Compiling org.apache.storm.command.config-value to /home/travis/build/apache/storm/storm-core/target/classes
Compiling org.apache.storm.converter to /home/travis/build/apache/storm/storm-core/target/classes
Compiling org.apache.storm.daemon.nimbus to /home/travis/build/apache/storm/storm-core/target/classes
Compiling org.apache.storm.cluster-state.zookeeper-state-factory to /home/travis/build/apache/storm/storm-core/target/classes
Compiling org.apache.storm.messaging.loader to /home/travis/build/apache/storm/storm-core/target/classes
Compiling org.apache.storm.daemon.worker to /home/travis/build/apache/storm/storm-core/target/classes
[INFO] 
[INFO] --- make-maven-plugin:1.0-beta-1:autoreconf (compile) @ storm-core ---
[INFO] 
[INFO] --- make-maven-plugin:1.0-beta-1:configure (compile) @ storm-core ---
[INFO] /bin/sh: 14: /home/travis/.jdk_switcher_rc: [[: not found
[INFO] /bin/sh: 22: /home/travis/.jdk_switcher_rc: [[: not found
[INFO] /bin/sh: 32: /home/travis/.jdk_switcher_rc: [[: not found
[INFO] /bin/sh: 42: /home/travis/.jdk_switcher_rc: [[: not found
[INFO] /bin/sh: 3: /etc/profile.d/rvm.sh: [[: not found
[INFO] checking for gcc... gcc
[INFO] checking whether the C compiler works... yes
[INFO] checking for C compiler default output file name... a.out
[INFO] checking for suffix of executables... 
[INFO] checking whether we are cross compiling... no
[INFO] checking for suffix of object files... o
[INFO] checking whether we are using the GNU C compiler... yes
[INFO] checking whether gcc accepts -g... yes
[INFO] checking for gcc option to accept ISO C89... none needed
[INFO] checking how to run the C preprocessor... gcc -E
[INFO] checking for grep that handles long lines and -e... /bin/grep
[INFO] checking for egrep... /bin/grep -E
[INFO] checking for ANSI C header files... yes
[INFO] checking for sys/types.h... yes
[INFO] checking for sys/stat.h... yes
[INFO] checking for stdlib.h... yes
[INFO] checking for string.h... yes
[INFO] checking for memory.h... yes
[INFO] checking for strings.h... yes
[INFO] checking for inttypes.h... yes
[INFO] checking for stdint.h... yes
[INFO] checking for unistd.h... yes
[INFO] checking minix/config.h usability... no
[INFO] checking minix/config.h presence... no
[INFO] checking for minix/config.h... no
[INFO] checking whether it is safe to define __EXTENSIONS__... yes
[INFO] checking for a BSD-compatible install... /usr/bin/install -c
[INFO] checking whether build environment is sane... yes
[INFO] checking for a thread-safe mkdir -p... /bin/mkdir -p
[INFO] checking for gawk... gawk
[INFO] checking whether make sets $(MAKE)... yes
[INFO] checking for style of include used by make... GNU
[INFO] checking dependency style of gcc... gcc3
[INFO] checking for gcc... (cached) gcc
[INFO] checking whether we are using the GNU C compiler... (cached) yes
[INFO] checking whether gcc accepts -g... (cached) yes
[INFO] checking for gcc option to accept ISO C89... (cached) none needed
[INFO] checking whether gcc and cc understand -c and -o together... yes
[INFO] checking for unistd.h... (cached) yes
[INFO] checking for stdbool.h that conforms to C99... yes
[INFO] checking for _Bool... yes
[INFO] checking for an ANSI C-conforming const... yes
[INFO] checking for off_t... yes
[INFO] checking for size_t... yes
[INFO] checking whether strerror_r is declared... yes
[INFO] checking for strerror_r... yes
[INFO] checking whether strerror_r returns char *... yes
[INFO] checking for mkdir... yes
[INFO] checking for uname... yes
[INFO] configure: creating ./config.status
[INFO] config.status: creating Makefile
[INFO] config.status: executing depfiles commands
[INFO] 
[INFO] --- make-maven-plugin:1.0-beta-1:make-install (compile) @ storm-core ---
[INFO] /bin/sh: 14: /home/travis/.jdk_switcher_rc: [[: not found
[INFO] /bin/sh: 22: /home/travis/.jdk_switcher_rc: [[: not found
[INFO] /bin/sh: 32: /home/travis/.jdk_switcher_rc: [[: not found
[INFO] /bin/sh: 42: /home/travis/.jdk_switcher_rc: [[: not found
[INFO] /bin/sh: 3: /etc/profile.d/rvm.sh: [[: not found
[INFO] make[1]: Entering directory `/home/travis/build/apache/storm/storm-core/target/native/worker-launcher'
[INFO] test -z "/usr/local/bin" || /bin/mkdir -p "/home/travis/build/apache/storm/storm-core/target/native/target/usr/local/bin"
[INFO]   /usr/bin/install -c worker-launcher '/home/travis/build/apache/storm/storm-core/target/native/target/usr/local/bin'
[INFO] make[1]: Nothing to be done for `install-data-am'.
[INFO] make[1]: Leaving directory `/home/travis/build/apache/storm/storm-core/target/native/worker-launcher'
[INFO] 
[INFO] --- maven-resources-plugin:2.5:testResources (default-testResources) @ storm-core ---
[debug] execute contextualize
[INFO] Using 'UTF-8' encoding to copy filtered resources.
[INFO] Copying 14 resources
[INFO] Copying 2 resources
[INFO] Copying 3 resources
[INFO] 
[INFO] --- maven-dependency-plugin:2.8:unpack (unpack) @ storm-core ---
[INFO] Configured Artifact: org.apache.storm:multilang-ruby:1.1.1-SNAPSHOT:jar
[INFO] Downloading: https://repository.apache.org/snapshots/org/apache/storm/multilang-ruby/1.1.1-SNAPSHOT/maven-metadata.xml
[INFO] Configured Artifact: org.apache.storm:multilang-python:1.1.1-SNAPSHOT:jar
[INFO] Downloading: https://repository.apache.org/snapshots/org/apache/storm/multilang-python/1.1.1-SNAPSHOT/maven-metadata.xml
[INFO] Configured Artifact: org.apache.storm:multilang-javascript:1.1.1-SNAPSHOT:jar
[INFO] Downloading: https://repository.apache.org/snapshots/org/apache/storm/multilang-javascript/1.1.1-SNAPSHOT/maven-metadata.xml
[INFO] multilang-ruby-1.1.1-SNAPSHOT.jar already unpacked.
[INFO] multilang-python-1.1.1-SNAPSHOT.jar already unpacked.
[INFO] multilang-javascript-1.1.1-SNAPSHOT.jar already unpacked.
[INFO] 
[INFO] --- maven-compiler-plugin:3.1:testCompile (default-testCompile) @ storm-core ---
[INFO] Nothing to compile - all classes are up to date
[INFO] 
[INFO] --- maven-surefire-plugin:2.18.1:test (default-test) @ storm-core ---
[INFO] Surefire report directory: /home/travis/build/apache/storm/storm-core/target/surefire-reports
[INFO] parallel='none', perCoreThreadCount=true, threadCount=0, useUnlimitedThreads=false, threadCountSuites=0, threadCountClasses=0, threadCountMethods=0, parallelOptimized=true

-------------------------------------------------------
 T E S T S
-------------------------------------------------------
Running org.apache.storm.utils.ShellBoltMessageQueueTest
Tests run: 3, Failures: 0, Errors: 0, Skipped: 0, Time elapsed: 2.014 sec - in org.apache.storm.utils.ShellBoltMessageQueueTest
Running org.apache.storm.utils.WorkerBackpressureThreadTest
Tests run: 1, Failures: 0, Errors: 0, Skipped: 0, Time elapsed: 0.2 sec - in org.apache.storm.utils.WorkerBackpressureThreadTest
Running org.apache.storm.utils.DisruptorQueueTest
Tests run: 3, Failures: 0, Errors: 0, Skipped: 0, Time elapsed: 3.317 sec - in org.apache.storm.utils.DisruptorQueueTest
Running org.apache.storm.utils.StormBoundedExponentialBackoffRetryTest
Tests run: 5, Failures: 0, Errors: 0, Skipped: 0, Time elapsed: 0.164 sec - in org.apache.storm.utils.StormBoundedExponentialBackoffRetryTest
Running org.apache.storm.utils.DisruptorQueueBackpressureTest
Tests run: 1, Failures: 0, Errors: 0, Skipped: 0, Time elapsed: 0 sec - in org.apache.storm.utils.DisruptorQueueBackpressureTest
Running org.apache.storm.utils.ThriftTopologyUtilsTest
Tests run: 6, Failures: 0, Errors: 0, Skipped: 0, Time elapsed: 0.183 sec - in org.apache.storm.utils.ThriftTopologyUtilsTest
Running org.apache.storm.spout.CheckpointSpoutTest
Tests run: 7, Failures: 0, Errors: 0, Skipped: 0, Time elapsed: 0.252 sec - in org.apache.storm.spout.CheckpointSpoutTest
Running org.apache.storm.TestConfigValidate
Tests run: 24, Failures: 0, Errors: 0, Skipped: 0, Time elapsed: 0.455 sec - in org.apache.storm.TestConfigValidate
Running org.apache.storm.serialization.GzipBridgeThriftSerializationDelegateTest
Tests run: 3, Failures: 0, Errors: 0, Skipped: 0, Time elapsed: 0.007 sec - in org.apache.storm.serialization.GzipBridgeThriftSerializationDelegateTest
Running org.apache.storm.serialization.ThriftBridgeSerializationDelegateTest
Tests run: 1, Failures: 0, Errors: 0, Skipped: 0, Time elapsed: 0.007 sec - in org.apache.storm.serialization.ThriftBridgeSerializationDelegateTest
Running org.apache.storm.serialization.GzipBridgeSerializationDelegateTest
Tests run: 3, Failures: 0, Errors: 0, Skipped: 0, Time elapsed: 0.017 sec - in org.apache.storm.serialization.GzipBridgeSerializationDelegateTest
Running org.apache.storm.blobstore.ClientBlobStoreTest
Tests run: 4, Failures: 0, Errors: 0, Skipped: 0, Time elapsed: 0.027 sec - in org.apache.storm.blobstore.ClientBlobStoreTest
Running org.apache.storm.blobstore.BlobStoreTest
Tests run: 4, Failures: 0, Errors: 0, Skipped: 0, Time elapsed: 2.68 sec - in org.apache.storm.blobstore.BlobStoreTest
Running org.apache.storm.blobstore.BlobSynchronizerTest
Tests run: 4, Failures: 0, Errors: 0, Skipped: 0, Time elapsed: 2.127 sec - in org.apache.storm.blobstore.BlobSynchronizerTest
Running org.apache.storm.trident.TridentWindowingTest
Tests run: 3, Failures: 0, Errors: 0, Skipped: 0, Time elapsed: 0 sec - in org.apache.storm.trident.TridentWindowingTest
Running org.apache.storm.trident.TestTridentTopology
Tests run: 1, Failures: 0, Errors: 0, Skipped: 0, Time elapsed: 21.602 sec - in org.apache.storm.trident.TestTridentTopology
Running org.apache.storm.dependency.DependencyUploaderTest
Tests run: 8, Failures: 0, Errors: 0, Skipped: 0, Time elapsed: 2.232 sec - in org.apache.storm.dependency.DependencyUploaderTest
Running org.apache.storm.dependency.DependencyPropertiesParserTest
Tests run: 3, Failures: 0, Errors: 0, Skipped: 0, Time elapsed: 0.072 sec - in org.apache.storm.dependency.DependencyPropertiesParserTest
Running org.apache.storm.metric.internal.LatencyStatAndMetricTest
Tests run: 1, Failures: 0, Errors: 0, Skipped: 0, Time elapsed: 0.026 sec - in org.apache.storm.metric.internal.LatencyStatAndMetricTest
Running org.apache.storm.metric.internal.CountStatAndMetricTest
Tests run: 1, Failures: 0, Errors: 0, Skipped: 0, Time elapsed: 0.022 sec - in org.apache.storm.metric.internal.CountStatAndMetricTest
Running org.apache.storm.metric.internal.RateTrackerTest
Tests run: 4, Failures: 0, Errors: 0, Skipped: 0, Time elapsed: 0.007 sec - in org.apache.storm.metric.internal.RateTrackerTest
Running org.apache.storm.metric.util.DataPointExpanderTest
Tests run: 5, Failures: 0, Errors: 0, Skipped: 0, Time elapsed: 0.015 sec - in org.apache.storm.metric.util.DataPointExpanderTest
Running org.apache.storm.metric.filter.FilterByMetricNameTest
Tests run: 4, Failures: 0, Errors: 0, Skipped: 0, Time elapsed: 0.025 sec - in org.apache.storm.metric.filter.FilterByMetricNameTest
Running org.apache.storm.windowing.WaterMarkEventGeneratorTest
Tests run: 5, Failures: 0, Errors: 0, Skipped: 0, Time elapsed: 0.073 sec - in org.apache.storm.windowing.WaterMarkEventGeneratorTest
Running org.apache.storm.windowing.WindowManagerTest
Tests run: 12, Failures: 0, Errors: 0, Skipped: 0, Time elapsed: 0.228 sec - in org.apache.storm.windowing.WindowManagerTest
Running org.apache.storm.topology.StatefulBoltExecutorTest
Tests run: 7, Failures: 0, Errors: 0, Skipped: 0, Time elapsed: 0.192 sec - in org.apache.storm.topology.StatefulBoltExecutorTest
Running org.apache.storm.topology.WindowedBoltExecutorTest
Tests run: 5, Failures: 0, Errors: 0, Skipped: 0, Time elapsed: 0.337 sec - in org.apache.storm.topology.WindowedBoltExecutorTest
Running org.apache.storm.topology.StatefulWindowedBoltExecutorTest
Tests run: 4, Failures: 0, Errors: 0, Skipped: 0, Time elapsed: 0.099 sec - in org.apache.storm.topology.StatefulWindowedBoltExecutorTest
Running org.apache.storm.topology.TopologyBuilderTest
Tests run: 5, Failures: 0, Errors: 0, Skipped: 0, Time elapsed: 0.184 sec - in org.apache.storm.topology.TopologyBuilderTest
Running org.apache.storm.localizer.LocalizerTest
Tests run: 13, Failures: 0, Errors: 0, Skipped: 0, Time elapsed: 0.71 sec - in org.apache.storm.localizer.LocalizerTest
Running org.apache.storm.localizer.LocalizedResourceRetentionSetTest
Tests run: 2, Failures: 0, Errors: 0, Skipped: 0, Time elapsed: 0.036 sec - in org.apache.storm.localizer.LocalizedResourceRetentionSetTest
Running org.apache.storm.localizer.LocalizedResourceSetTest
Tests run: 4, Failures: 0, Errors: 0, Skipped: 0, Time elapsed: 0.005 sec - in org.apache.storm.localizer.LocalizedResourceSetTest
Running org.apache.storm.scheduler.resource.TestUser
Tests run: 3, Failures: 0, Errors: 0, Skipped: 0, Time elapsed: 3.561 sec - in org.apache.storm.scheduler.resource.TestUser
Running org.apache.storm.scheduler.resource.TestResourceAwareScheduler
Tests run: 15, Failures: 0, Errors: 0, Skipped: 0, Time elapsed: 3.353 sec - in org.apache.storm.scheduler.resource.TestResourceAwareScheduler
Running org.apache.storm.grouping.PartialKeyGroupingTest
Tests run: 2, Failures: 0, Errors: 0, Skipped: 0, Time elapsed: 0 sec - in org.apache.storm.grouping.PartialKeyGroupingTest
Running org.apache.storm.state.InMemoryKeyValueStateTest
Tests run: 2, Failures: 0, Errors: 0, Skipped: 0, Time elapsed: 0 sec - in org.apache.storm.state.InMemoryKeyValueStateTest

Results :

Tests run: 178, Failures: 0, Errors: 0, Skipped: 0

[INFO] 
[INFO] --- clojure-maven-plugin:1.7.1:test (test-clojure) @ storm-core ---
Warning: protocol #'org.apache.storm.pacemaker-state-factory-test/send-capture is overwriting function send
WARNING: send already refers to: #'clojure.core/send in namespace: org.apache.storm.pacemaker-state-factory-test, being replaced by: #'org.apache.storm.pacemaker-state-factory-test/send
Running org.apache.storm.security.auth.auto-login-module-test
Tests run: 6, Passed: 22, Failures: 0, Errors: 0
Running org.apache.storm.transactional-test
Tests run: 7, Passed: 110, Failures: 0, Errors: 0
Running org.apache.storm.serialization-test
Tests run: 6, Passed: 13, Failures: 0, Errors: 0
Running org.apache.storm.utils.ZookeeperServerCnxnFactory-test
Tests run: 2, Passed: 3, Failures: 0, Errors: 0
Running org.apache.storm.versioned-store-test
Tests run: 2, Passed: 5, Failures: 0, Errors: 0
Running org.apache.storm.security.auth.drpc-auth-test
Tests run: 4, Passed: 22, Failures: 0, Errors: 0
Running org.apache.storm.pacemaker-state-factory-test
Tests run: 4, Passed: 15, Failures: 0, Errors: 0
Running org.apache.storm.supervisor-test
Tests run: 20, Passed: 70, Failures: 0, Errors: 0
Running org.apache.storm.scheduler.multitenant-scheduler-test
45370 [Thread-180] INFO  o.a.s.util - Async loop interrupted!
Tests run: 17, Passed: 235, Failures: 0, Errors: 0
Running org.apache.storm.security.auth.nimbus-auth-test
Tests run: 5, Passed: 39, Failures: 0, Errors: 0
Running org.apache.storm.security.auth.ThriftServer-test
Tests run: 2, Passed: 1, Failures: 0, Errors: 0
Running org.apache.storm.security.auth.AuthUtils-test
Tests run: 5, Passed: 6, Failures: 0, Errors: 0
Running org.apache.storm.logviewer-test
Tests run: 12, Passed: 118, Failures: 0, Errors: 0
Running org.apache.storm.worker-test
Tests run: 8, Passed: 35, Failures: 0, Errors: 0
Running integration.org.apache.storm.testing4j-test
Tests run: 8, Passed: 36, Failures: 0, Errors: 0
Running org.apache.storm.trident.state-test
Tests run: 5, Passed: 37, Failures: 0, Errors: 0
Running org.apache.storm.utils-test
Tests run: 6, Passed: 24, Failures: 0, Errors: 0
Running org.apache.storm.serialization.SerializationFactory-test
Tests run: 3, Passed: 3, Failures: 0, Errors: 0
Running org.apache.storm.security.auth.DefaultHttpCredentialsPlugin-test
Tests run: 2, Passed: 8, Failures: 0, Errors: 0
Running org.apache.storm.security.auth.auth-test
Tests run: 13, Passed: 94, Failures: 0, Errors: 0
Running org.apache.storm.clojure-test
Tests run: 3, Passed: 5, Failures: 0, Errors: 0
Running org.apache.storm.messaging-test
Tests run: 1, Passed: 2, Failures: 0, Errors: 0
Running org.apache.storm.drpc-test
73352 [Thread-729] INFO  o.a.s.util - Async loop interrupted!
75689 [Thread-780] INFO  o.a.s.util - Async loop interrupted!
77857 [Thread-831] INFO  o.a.s.util - Async loop interrupted!
80055 [Thread-853] INFO  o.a.s.util - Async loop interrupted!
87589 [Thread-887] INFO  o.a.s.util - Async loop interrupted!
Tests run: 7, Passed: 17, Failures: 0, Errors: 0
Running org.apache.storm.submitter-test
Tests run: 1, Passed: 13, Failures: 0, Errors: 0
Running org.apache.storm.security.auth.ReqContext-test
Tests run: 3, Passed: 4, Failures: 0, Errors: 0
Running org.apache.storm.fields-test
Tests run: 2, Passed: 22, Failures: 0, Errors: 0
Running integration.org.apache.storm.integration-test
Tests run: 18, Passed: 51, Failures: 0, Errors: 0
Running org.apache.storm.security.auth.authorizer.DRPCSimpleACLAuthorizer-test
Tests run: 7, Passed: 37, Failures: 0, Errors: 0
Running org.apache.storm.pacemaker-test
Tests run: 8, Passed: 58, Failures: 0, Errors: 0
Running org.apache.storm.metrics-test
109717 [Curator-Framework-0-SendThread(localhost:2002)] WARN  o.a.z.ClientCnxn - Session 0x15668a3ee7a0019 for server null, unexpected error, closing socket connection and attempting reconnect
java.net.ConnectException: Connection refused
	at sun.nio.ch.SocketChannelImpl.checkConnect(Native Method) ~[?:1.8.0_31]
	at sun.nio.ch.SocketChannelImpl.finishConnect(SocketChannelImpl.java:716) ~[?:1.8.0_31]
	at org.apache.zookeeper.ClientCnxnSocketNIO.doTransport(ClientCnxnSocketNIO.java:361) ~[zookeeper-3.4.6.jar:3.4.6-1569965]
	at org.apache.zookeeper.ClientCnxn$SendThread.run(ClientCnxn.java:1081) [zookeeper-3.4.6.jar:3.4.6-1569965]
Tests run: 8, Passed: 66, Failures: 0, Errors: 0
Running org.apache.storm.security.auth.ThriftClient-test
Tests run: 2, Passed: 4, Failures: 0, Errors: 0
Running org.apache.storm.scheduler-test
Tests run: 4, Passed: 64, Failures: 0, Errors: 0
Running org.apache.storm.scheduler.resource-aware-scheduler-test
Tests run: 8, Passed: 91, Failures: 0, Errors: 0
Running org.apache.storm.security.auth.SaslTransportPlugin-test
Tests run: 2, Passed: 8, Failures: 0, Errors: 0
Running org.apache.storm.local-state-test
Tests run: 2, Passed: 10, Failures: 0, Errors: 0
Running org.apache.storm.messaging.netty-unit-test
Tests run: 5, Passed: 24, Failures: 0, Errors: 0
Running org.apache.storm.tuple-test
Tests run: 4, Passed: 13, Failures: 0, Errors: 0
Running org.apache.storm.messaging.netty-integration-test
Tests run: 1, Passed: 1, Failures: 0, Errors: 0
Running org.apache.storm.tick-tuple-test
Tests run: 1, Passed: 1, Failures: 0, Errors: 0
Running integration.org.apache.storm.trident.integration-test
Tests run: 9, Passed: 141, Failures: 0, Errors: 0
Running org.apache.storm.grouping-test
Tests run: 5, Passed: 15, Failures: 0, Errors: 0
Running org.apache.storm.security.serialization.BlowfishTupleSerializer-test
Tests run: 3, Passed: 3, Failures: 0, Errors: 0
Running org.apache.storm.nimbus-test
[INFO] ------------------------------------------------------------------------
[INFO] BUILD FAILURE
[INFO] ------------------------------------------------------------------------
[INFO] Total time: 04:42 min
[INFO] Finished at: 2016-08-08T05:34:15+00:00
[INFO] Final Memory: 36M/304M
[INFO] ------------------------------------------------------------------------
[ERROR] Failed to execute goal com.theoryinpractise:clojure-maven-plugin:1.7.1:test (test-clojure) on project storm-core: Clojure failed. -> [Help 1]
[ERROR] 
[ERROR] To see the full stack trace of the errors, re-run Maven with the -e switch.
[ERROR] Re-run Maven using the -X switch to enable full debug logging.
[ERROR] 
[ERROR] For more information about the errors and possible solutions, please read the following articles:
[ERROR] [Help 1] http://cwiki.apache.org/confluence/display/MAVEN/MojoExecutionException
Looking for errors in ./storm-core/target/surefire-reports
Checking ./storm-core/target/surefire-reports/TEST-org.apache.storm.utils.ShellBoltMessageQueueTest.xml
Checking ./storm-core/target/surefire-reports/TEST-org.apache.storm.utils.WorkerBackpressureThreadTest.xml
Checking ./storm-core/target/surefire-reports/TEST-org.apache.storm.utils.DisruptorQueueTest.xml
Checking ./storm-core/target/surefire-reports/TEST-org.apache.storm.utils.StormBoundedExponentialBackoffRetryTest.xml
Checking ./storm-core/target/surefire-reports/TEST-org.apache.storm.utils.DisruptorQueueBackpressureTest.xml
Checking ./storm-core/target/surefire-reports/TEST-org.apache.storm.utils.ThriftTopologyUtilsTest.xml
Checking ./storm-core/target/surefire-reports/TEST-org.apache.storm.spout.CheckpointSpoutTest.xml
Checking ./storm-core/target/surefire-reports/TEST-org.apache.storm.TestConfigValidate.xml
Checking ./storm-core/target/surefire-reports/TEST-org.apache.storm.serialization.GzipBridgeThriftSerializationDelegateTest.xml
Checking ./storm-core/target/surefire-reports/TEST-org.apache.storm.serialization.ThriftBridgeSerializationDelegateTest.xml
Checking ./storm-core/target/surefire-reports/TEST-org.apache.storm.serialization.GzipBridgeSerializationDelegateTest.xml
Checking ./storm-core/target/surefire-reports/TEST-org.apache.storm.blobstore.ClientBlobStoreTest.xml
Checking ./storm-core/target/surefire-reports/TEST-org.apache.storm.blobstore.BlobStoreTest.xml
Checking ./storm-core/target/surefire-reports/TEST-org.apache.storm.blobstore.BlobSynchronizerTest.xml
Checking ./storm-core/target/surefire-reports/TEST-org.apache.storm.trident.TridentWindowingTest.xml
Checking ./storm-core/target/surefire-reports/TEST-org.apache.storm.trident.TestTridentTopology.xml
Checking ./storm-core/target/surefire-reports/TEST-org.apache.storm.dependency.DependencyUploaderTest.xml
Checking ./storm-core/target/surefire-reports/TEST-org.apache.storm.dependency.DependencyPropertiesParserTest.xml
Checking ./storm-core/target/surefire-reports/TEST-org.apache.storm.metric.internal.LatencyStatAndMetricTest.xml
Checking ./storm-core/target/surefire-reports/TEST-org.apache.storm.metric.internal.CountStatAndMetricTest.xml
Checking ./storm-core/target/surefire-reports/TEST-org.apache.storm.metric.internal.RateTrackerTest.xml
Checking ./storm-core/target/surefire-reports/TEST-org.apache.storm.metric.util.DataPointExpanderTest.xml
Checking ./storm-core/target/surefire-reports/TEST-org.apache.storm.metric.filter.FilterByMetricNameTest.xml
Checking ./storm-core/target/surefire-reports/TEST-org.apache.storm.windowing.WaterMarkEventGeneratorTest.xml
Checking ./storm-core/target/surefire-reports/TEST-org.apache.storm.windowing.WindowManagerTest.xml
Checking ./storm-core/target/surefire-reports/TEST-org.apache.storm.topology.StatefulBoltExecutorTest.xml
Checking ./storm-core/target/surefire-reports/TEST-org.apache.storm.topology.WindowedBoltExecutorTest.xml
Checking ./storm-core/target/surefire-reports/TEST-org.apache.storm.topology.StatefulWindowedBoltExecutorTest.xml
Checking ./storm-core/target/surefire-reports/TEST-org.apache.storm.topology.TopologyBuilderTest.xml
Checking ./storm-core/target/surefire-reports/TEST-org.apache.storm.localizer.LocalizerTest.xml
Checking ./storm-core/target/surefire-reports/TEST-org.apache.storm.localizer.LocalizedResourceRetentionSetTest.xml
Checking ./storm-core/target/surefire-reports/TEST-org.apache.storm.localizer.LocalizedResourceSetTest.xml
Checking ./storm-core/target/surefire-reports/TEST-org.apache.storm.scheduler.resource.TestUser.xml
Checking ./storm-core/target/surefire-reports/TEST-org.apache.storm.scheduler.resource.TestResourceAwareScheduler.xml
Checking ./storm-core/target/surefire-reports/TEST-org.apache.storm.grouping.PartialKeyGroupingTest.xml
Checking ./storm-core/target/surefire-reports/TEST-org.apache.storm.state.InMemoryKeyValueStateTest.xml
Looking for errors in ./storm-core/target/test-reports
Checking ./storm-core/target/test-reports/org.apache.storm.security.auth.auto-login-module-test.xml
Checking ./storm-core/target/test-reports/org.apache.storm.transactional-test.xml
Checking ./storm-core/target/test-reports/org.apache.storm.serialization-test.xml
Checking ./storm-core/target/test-reports/org.apache.storm.utils.ZookeeperServerCnxnFactory-test.xml
Checking ./storm-core/target/test-reports/org.apache.storm.versioned-store-test.xml
Checking ./storm-core/target/test-reports/org.apache.storm.security.auth.drpc-auth-test.xml
Checking ./storm-core/target/test-reports/org.apache.storm.pacemaker-state-factory-test.xml
Checking ./storm-core/target/test-reports/org.apache.storm.supervisor-test.xml
Checking ./storm-core/target/test-reports/org.apache.storm.scheduler.multitenant-scheduler-test.xml
Checking ./storm-core/target/test-reports/org.apache.storm.security.auth.nimbus-auth-test.xml
Checking ./storm-core/target/test-reports/org.apache.storm.security.auth.ThriftServer-test.xml
Checking ./storm-core/target/test-reports/org.apache.storm.security.auth.AuthUtils-test.xml
Checking ./storm-core/target/test-reports/org.apache.storm.logviewer-test.xml
Checking ./storm-core/target/test-reports/org.apache.storm.worker-test.xml
Checking ./storm-core/target/test-reports/integration.org.apache.storm.testing4j-test.xml
Checking ./storm-core/target/test-reports/org.apache.storm.trident.state-test.xml
Checking ./storm-core/target/test-reports/org.apache.storm.utils-test.xml
Checking ./storm-core/target/test-reports/org.apache.storm.serialization.SerializationFactory-test.xml
Checking ./storm-core/target/test-reports/org.apache.storm.security.auth.DefaultHttpCredentialsPlugin-test.xml
Checking ./storm-core/target/test-reports/org.apache.storm.security.auth.auth-test.xml
Checking ./storm-core/target/test-reports/org.apache.storm.clojure-test.xml
Checking ./storm-core/target/test-reports/org.apache.storm.messaging-test.xml
Checking ./storm-core/target/test-reports/org.apache.storm.drpc-test.xml
Checking ./storm-core/target/test-reports/org.apache.storm.submitter-test.xml
Checking ./storm-core/target/test-reports/org.apache.storm.security.auth.ReqContext-test.xml
Checking ./storm-core/target/test-reports/org.apache.storm.fields-test.xml
Checking ./storm-core/target/test-reports/integration.org.apache.storm.integration-test.xml
Checking ./storm-core/target/test-reports/org.apache.storm.security.auth.authorizer.DRPCSimpleACLAuthorizer-test.xml
Checking ./storm-core/target/test-reports/org.apache.storm.pacemaker-test.xml
Checking ./storm-core/target/test-reports/org.apache.storm.metrics-test.xml
Checking ./storm-core/target/test-reports/org.apache.storm.security.auth.ThriftClient-test.xml
Checking ./storm-core/target/test-reports/org.apache.storm.scheduler-test.xml
Checking ./storm-core/target/test-reports/org.apache.storm.scheduler.resource-aware-scheduler-test.xml
Checking ./storm-core/target/test-reports/org.apache.storm.security.auth.SaslTransportPlugin-test.xml
Checking ./storm-core/target/test-reports/org.apache.storm.local-state-test.xml
Checking ./storm-core/target/test-reports/org.apache.storm.messaging.netty-unit-test.xml
Checking ./storm-core/target/test-reports/org.apache.storm.tuple-test.xml
Checking ./storm-core/target/test-reports/org.apache.storm.messaging.netty-integration-test.xml
Checking ./storm-core/target/test-reports/org.apache.storm.tick-tuple-test.xml
Checking ./storm-core/target/test-reports/integration.org.apache.storm.trident.integration-test.xml
Checking ./storm-core/target/test-reports/org.apache.storm.grouping-test.xml
Checking ./storm-core/target/test-reports/org.apache.storm.security.serialization.BlowfishTupleSerializer-test.xml
Checking ./storm-core/target/test-reports/org.apache.storm.nimbus-test.xml
--------------------------------------------------
Error parsing /home/travis/build/apache/storm/storm-core/target/test-reports/org.apache.storm.nimbus-test.xml
<?xml version="1.0" encoding="UTF-8"?>
<testsuites>
    <testsuite name="nimbus-test" package="org.apache.storm">
        <testcase name="test-reassignment" classname="org.apache.storm.nimbus-test">
            <system-out>
<![CDATA[162966 [main] INFO  o.a.s.zookeeper - Starting inprocess zookeeper at port 2003 and dir /tmp/ff3faf3d-748a-4cd0-826a-b40855f41cc8
162968 [main] WARN  o.a.z.j.MBeanRegistry - Failed to register MBean StandaloneServer_port-1
162968 [main] WARN  o.a.z.s.ZooKeeperServer - Failed to register with JMX
javax.management.InstanceAlreadyExistsException: org.apache.ZooKeeperService:name0=StandaloneServer_port-1
	at com.sun.jmx.mbeanserver.Repository.addMBean(Repository.java:437) ~[?:1.8.0_31]
	at com.sun.jmx.interceptor.DefaultMBeanServerInterceptor.registerWithRepository(DefaultMBeanServerInterceptor.java:1898) ~[?:1.8.0_31]
	at com.sun.jmx.interceptor.DefaultMBeanServerInterceptor.registerDynamicMBean(DefaultMBeanServerInterceptor.java:966) ~[?:1.8.0_31]
	at com.sun.jmx.interceptor.DefaultMBeanServerInterceptor.registerObject(DefaultMBeanServerInterceptor.java:900) ~[?:1.8.0_31]
	at com.sun.jmx.interceptor.DefaultMBeanServerInterceptor.registerMBean(DefaultMBeanServerInterceptor.java:324) ~[?:1.8.0_31]
	at com.sun.jmx.mbeanserver.JmxMBeanServer.registerMBean(JmxMBeanServer.java:522) ~[?:1.8.0_31]
	at org.apache.zookeeper.jmx.MBeanRegistry.register(MBeanRegistry.java:96) ~[zookeeper-3.4.6.jar:3.4.6-1569965]
	at org.apache.zookeeper.server.ZooKeeperServer.registerJMX(ZooKeeperServer.java:377) [zookeeper-3.4.6.jar:3.4.6-1569965]
	at org.apache.zookeeper.server.ZooKeeperServer.startup(ZooKeeperServer.java:410) [zookeeper-3.4.6.jar:3.4.6-1569965]
	at org.apache.zookeeper.server.NIOServerCnxnFactory.startup(NIOServerCnxnFactory.java:123) [zookeeper-3.4.6.jar:3.4.6-1569965]
	at sun.reflect.GeneratedMethodAccessor211.invoke(Unknown Source) ~[?:?]
	at sun.reflect.DelegatingMethodAccessorImpl.invoke(DelegatingMethodAccessorImpl.java:43) ~[?:1.8.0_31]
	at java.lang.reflect.Method.invoke(Method.java:483) ~[?:1.8.0_31]
	at clojure.lang.Reflector.invokeMatchingMethod(Reflector.java:93) [clojure-1.7.0.jar:?]
	at clojure.lang.Reflector.invokeInstanceMethod(Reflector.java:28) [clojure-1.7.0.jar:?]
	at org.apache.storm.zookeeper$mk_inprocess_zookeeper.doInvoke(zookeeper.clj:231) [classes/:?]
	at clojure.lang.RestFn.invoke(RestFn.java:410) [clojure-1.7.0.jar:?]
	at org.apache.storm.testing$mk_local_storm_cluster.doInvoke(testing.clj:137) [classes/:?]
	at clojure.lang.RestFn.invoke(RestFn.java:512) [clojure-1.7.0.jar:?]
	at org.apache.storm.nimbus_test$fn__9652.invoke(nimbus_test.clj:591) [?:?]
	at clojure.test$test_var$fn__7670.invoke(test.clj:704) [clojure-1.7.0.jar:?]
	at clojure.test$test_var.invoke(test.clj:704) [clojure-1.7.0.jar:?]
	at clojure.test$test_vars$fn__7692$fn__7697.invoke(test.clj:722) [clojure-1.7.0.jar:?]
	at clojure.test$default_fixture.invoke(test.clj:674) [clojure-1.7.0.jar:?]
	at clojure.test$test_vars$fn__7692.invoke(test.clj:722) [clojure-1.7.0.jar:?]
	at clojure.test$default_fixture.invoke(test.clj:674) [clojure-1.7.0.jar:?]
	at clojure.test$test_vars.invoke(test.clj:718) [clojure-1.7.0.jar:?]
	at clojure.test$test_all_vars.invoke(test.clj:728) [clojure-1.7.0.jar:?]
	at clojure.test$test_ns.invoke(test.clj:747) [clojure-1.7.0.jar:?]
	at clojure.core$map$fn__4553.invoke(core.clj:2624) [clojure-1.7.0.jar:?]
	at clojure.lang.LazySeq.sval(LazySeq.java:40) [clojure-1.7.0.jar:?]
	at clojure.lang.LazySeq.seq(LazySeq.java:49) [clojure-1.7.0.jar:?]
	at clojure.lang.Cons.next(Cons.java:39) [clojure-1.7.0.jar:?]
	at clojure.lang.RT.boundedLength(RT.java:1735) [clojure-1.7.0.jar:?]
	at clojure.lang.RestFn.applyTo(RestFn.java:130) [clojure-1.7.0.jar:?]
	at clojure.core$apply.invoke(core.clj:632) [clojure-1.7.0.jar:?]
	at clojure.test$run_tests.doInvoke(test.clj:762) [clojure-1.7.0.jar:?]
	at clojure.lang.RestFn.invoke(RestFn.java:408) [clojure-1.7.0.jar:?]
	at org.apache.storm.testrunner$eval11086$iter__11087__11091$fn__11092$fn__11093$fn__11094.invoke(test_runner.clj:107) [?:?]
	at org.apache.storm.testrunner$eval11086$iter__11087__11091$fn__11092$fn__11093.invoke(test_runner.clj:53) [?:?]
	at org.apache.storm.testrunner$eval11086$iter__11087__11091$fn__11092.invoke(test_runner.clj:52) [?:?]
	at clojure.lang.LazySeq.sval(LazySeq.java:40) [clojure-1.7.0.jar:?]
	at clojure.lang.LazySeq.seq(LazySeq.java:49) [clojure-1.7.0.jar:?]
	at clojure.lang.ChunkedCons.chunkedNext(ChunkedCons.java:59) [clojure-1.7.0.jar:?]
	at clojure.lang.ChunkedCons.next(ChunkedCons.java:43) [clojure-1.7.0.jar:?]
	at clojure.lang.RT.next(RT.java:674) [clojure-1.7.0.jar:?]
	at clojure.core$next__4112.invoke(core.clj:64) [clojure-1.7.0.jar:?]
	at clojure.core$dorun.invoke(core.clj:3010) [clojure-1.7.0.jar:?]
	at org.apache.storm.testrunner$eval11086.invoke(test_runner.clj:52) [?:?]
	at clojure.lang.Compiler.eval(Compiler.java:6782) [clojure-1.7.0.jar:?]
	at clojure.lang.Compiler.load(Compiler.java:7227) [clojure-1.7.0.jar:?]
	at clojure.lang.Compiler.loadFile(Compiler.java:7165) [clojure-1.7.0.jar:?]
	at clojure.main$load_script.invoke(main.clj:275) [clojure-1.7.0.jar:?]
	at clojure.main$script_opt.invoke(main.clj:337) [clojure-1.7.0.jar:?]
	at clojure.main$main.doInvoke(main.clj:421) [clojure-1.7.0.jar:?]
	at clojure.lang.RestFn.invoke(RestFn.java:421) [clojure-1.7.0.jar:?]
	at clojure.lang.Var.invoke(Var.java:383) [clojure-1.7.0.jar:?]
	at clojure.lang.AFn.applyToHelper(AFn.java:156) [clojure-1.7.0.jar:?]
	at clojure.lang.Var.applyTo(Var.java:700) [clojure-1.7.0.jar:?]
	at clojure.main.main(main.java:37) [clojure-1.7.0.jar:?]
162993 [main] INFO  o.a.s.d.nimbus - Starting Nimbus with conf {"topology.builtin.metrics.bucket.size.secs" 60, "nimbus.childopts" "-Xmx1024m", "ui.filter.params" nil, "storm.cluster.mode" "local", "storm.messaging.netty.client_worker_threads" 1, "logviewer.max.per.worker.logs.size.mb" 2048, "supervisor.run.worker.as.user" false, "topology.max.task.parallelism" nil, "topology.priority" 29, "zmq.threads" 1, "storm.group.mapping.service" "org.apache.storm.security.auth.ShellBasedGroupsMapping", "transactional.zookeeper.root" "/transactional", "topology.sleep.spout.wait.strategy.time.ms" 1, "scheduler.display.resource" false, "topology.max.replication.wait.time.sec" 60, "drpc.invocations.port" 3773, "supervisor.localizer.cache.target.size.mb" 10240, "topology.multilang.serializer" "org.apache.storm.multilang.JsonSerializer", "storm.messaging.netty.server_worker_threads" 1, "nimbus.blobstore.class" "org.apache.storm.blobstore.LocalFsBlobStore", "resource.aware.scheduler.eviction.strategy" "org.apache.storm.scheduler.resource.strategies.eviction.DefaultEvictionStrategy", "topology.max.error.report.per.interval" 5, "storm.thrift.transport" "org.apache.storm.security.auth.SimpleTransportPlugin", "zmq.hwm" 0, "storm.group.mapping.service.params" nil, "worker.profiler.enabled" false, "storm.principal.tolocal" "org.apache.storm.security.auth.DefaultPrincipalToLocal", "supervisor.worker.shutdown.sleep.secs" 1, "pacemaker.host" "localhost", "storm.zookeeper.retry.times" 5, "ui.actions.enabled" true, "zmq.linger.millis" 0, "supervisor.enable" false, "topology.stats.sample.rate" 0.05, "storm.messaging.netty.min_wait_ms" 100, "worker.log.level.reset.poll.secs" 30, "storm.zookeeper.port" 2003, "supervisor.heartbeat.frequency.secs" 5, "topology.enable.message.timeouts" false, "supervisor.cpu.capacity" 400.0, "drpc.worker.threads" 64, "supervisor.blobstore.download.thread.count" 5, "drpc.queue.size" 128, "topology.backpressure.enable" false, "supervisor.blobstore.class" "org.apache.storm.blobstore.NimbusBlobStore", "storm.blobstore.inputstream.buffer.size.bytes" 65536, "topology.shellbolt.max.pending" 100, "drpc.https.keystore.password" "", "nimbus.code.sync.freq.secs" 120, "logviewer.port" 8000, "topology.scheduler.strategy" "org.apache.storm.scheduler.resource.strategies.scheduling.DefaultResourceAwareStrategy", "topology.executor.send.buffer.size" 1024, "resource.aware.scheduler.priority.strategy" "org.apache.storm.scheduler.resource.strategies.priority.DefaultSchedulingPriorityStrategy", "pacemaker.auth.method" "NONE", "storm.daemon.metrics.reporter.plugins" ["org.apache.storm.daemon.metrics.reporters.JmxPreparableReporter"], "topology.worker.logwriter.childopts" "-Xmx64m", "topology.spout.wait.strategy" "org.apache.storm.spout.SleepSpoutWaitStrategy", "ui.host" "0.0.0.0", "storm.nimbus.retry.interval.millis" 2000, "nimbus.inbox.jar.expiration.secs" 3600, "dev.zookeeper.path" "/tmp/dev-storm-zookeeper", "topology.acker.executors" 0, "topology.fall.back.on.java.serialization" true, "topology.eventlogger.executors" 0, "supervisor.localizer.cleanup.interval.ms" 600000, "storm.zookeeper.servers" ["localhost"], "nimbus.thrift.threads" 64, "logviewer.cleanup.age.mins" 10080, "topology.worker.childopts" nil, "topology.classpath" nil, "supervisor.monitor.frequency.secs" 3, "nimbus.credential.renewers.freq.secs" 600, "topology.skip.missing.kryo.registrations" true, "drpc.authorizer.acl.filename" "drpc-auth-acl.yaml", "pacemaker.kerberos.users" [], "storm.group.mapping.service.cache.duration.secs" 120, "topology.testing.always.try.serialize" false, "nimbus.monitor.freq.secs" 10, "storm.health.check.timeout.ms" 5000, "supervisor.supervisors" [], "topology.tasks" nil, "topology.bolts.outgoing.overflow.buffer.enable" false, "storm.messaging.netty.socket.backlog" 500, "topology.workers" 1, "pacemaker.base.threads" 10, "storm.local.dir" "/tmp/26571d85-701f-4f72-b17f-1f3d95b6793d", "topology.disable.loadaware" false, "worker.childopts" "-Xmx%HEAP-MEM%m -XX:+PrintGCDetails -Xloggc:artifacts/gc.log -XX:+PrintGCDateStamps -XX:+PrintGCTimeStamps -XX:+UseGCLogFileRotation -XX:NumberOfGCLogFiles=10 -XX:GCLogFileSize=1M -XX:+HeapDumpOnOutOfMemoryError -XX:HeapDumpPath=artifacts/heapdump", "storm.auth.simple-white-list.users" [], "topology.disruptor.batch.timeout.millis" 1, "topology.message.timeout.secs" 30, "topology.state.synchronization.timeout.secs" 60, "topology.tuple.serializer" "org.apache.storm.serialization.types.ListDelegateSerializer", "supervisor.supervisors.commands" [], "nimbus.blobstore.expiration.secs" 600, "logviewer.childopts" "-Xmx128m", "topology.environment" nil, "topology.debug" false, "topology.disruptor.batch.size" 100, "storm.messaging.netty.max_retries" 300, "ui.childopts" "-Xmx768m", "storm.network.topography.plugin" "org.apache.storm.networktopography.DefaultRackDNSToSwitchMapping", "storm.zookeeper.session.timeout" 20000, "drpc.childopts" "-Xmx768m", "drpc.http.creds.plugin" "org.apache.storm.security.auth.DefaultHttpCredentialsPlugin", "storm.zookeeper.connection.timeout" 15000, "storm.zookeeper.auth.user" nil, "storm.meta.serialization.delegate" "org.apache.storm.serialization.GzipThriftSerializationDelegate", "topology.max.spout.pending" nil, "storm.codedistributor.class" "org.apache.storm.codedistributor.LocalFileSystemCodeDistributor", "nimbus.supervisor.timeout.secs" 100, "nimbus.task.timeout.secs" 20, "drpc.port" 3772, "pacemaker.max.threads" 50, "storm.zookeeper.retry.intervalceiling.millis" 30000, "nimbus.thrift.port" 6627, "storm.auth.simple-acl.admins" [], "topology.component.cpu.pcore.percent" 10.0, "supervisor.memory.capacity.mb" 3072.0, "storm.nimbus.retry.times" 5, "supervisor.worker.start.timeout.secs" 120, "storm.zookeeper.retry.interval" 1000, "logs.users" nil, "storm.cluster.metrics.consumer.publish.interval.secs" 60, "worker.profiler.command" "flight.bash", "transactional.zookeeper.port" nil, "drpc.max_buffer_size" 1048576, "pacemaker.thread.timeout" 10, "task.credentials.poll.secs" 30, "blobstore.superuser" "travis", "drpc.https.keystore.type" "JKS", "topology.worker.receiver.thread.count" 1, "topology.state.checkpoint.interval.ms" 1000, "supervisor.slots.ports" [6700 6701 6702 6703], "topology.transfer.buffer.size" 1024, "storm.health.check.dir" "healthchecks", "topology.worker.shared.thread.pool.size" 4, "drpc.authorizer.acl.strict" false, "nimbus.file.copy.expiration.secs" 600, "worker.profiler.childopts" "-XX:+UnlockCommercialFeatures -XX:+FlightRecorder", "topology.executor.receive.buffer.size" 1024, "backpressure.disruptor.low.watermark" 0.4, "nimbus.task.launch.secs" 60, "storm.local.mode.zmq" false, "storm.messaging.netty.buffer_size" 5242880, "storm.cluster.state.store" "org.apache.storm.cluster_state.zookeeper_state_factory", "worker.heartbeat.frequency.secs" 1, "storm.log4j2.conf.dir" "log4j2", "ui.http.creds.plugin" "org.apache.storm.security.auth.DefaultHttpCredentialsPlugin", "storm.zookeeper.root" "/storm", "topology.tick.tuple.freq.secs" nil, "drpc.https.port" -1, "storm.workers.artifacts.dir" "workers-artifacts", "supervisor.blobstore.download.max_retries" 3, "task.refresh.poll.secs" 10, "storm.exhibitor.port" 8080, "task.heartbeat.frequency.secs" 3, "pacemaker.port" 6699, "storm.messaging.netty.max_wait_ms" 1000, "topology.component.resources.offheap.memory.mb" 0.0, "drpc.http.port" 3774, "topology.error.throttle.interval.secs" 10, "storm.messaging.transport" "org.apache.storm.messaging.netty.Context", "storm.messaging.netty.authentication" false, "topology.component.resources.onheap.memory.mb" 128.0, "topology.kryo.factory" "org.apache.storm.serialization.DefaultKryoFactory", "worker.gc.childopts" "", "nimbus.topology.validator" "org.apache.storm.nimbus.DefaultTopologyValidator", "nimbus.seeds" ["localhost"], "nimbus.queue.size" 100000, "nimbus.cleanup.inbox.freq.secs" 600, "storm.blobstore.replication.factor" 3, "worker.heap.memory.mb" 768, "logviewer.max.sum.worker.logs.size.mb" 4096, "pacemaker.childopts" "-Xmx1024m", "ui.users" nil, "transactional.zookeeper.servers" nil, "supervisor.worker.timeout.secs" 30, "storm.zookeeper.auth.password" nil, "storm.blobstore.acl.validation.enabled" false, "client.blobstore.class" "org.apache.storm.blobstore.NimbusBlobStore", "supervisor.childopts" "-Xmx256m", "topology.worker.max.heap.size.mb" 768.0, "ui.http.x-frame-options" "DENY", "backpressure.disruptor.high.watermark" 0.9, "ui.filter" nil, "ui.header.buffer.bytes" 4096, "topology.min.replication.count" 1, "topology.disruptor.wait.timeout.millis" 1000, "storm.nimbus.retry.intervalceiling.millis" 60000, "topology.trident.batch.emit.interval.millis" 50, "storm.auth.simple-acl.users" [], "drpc.invocations.threads" 64, "java.library.path" "/usr/local/lib:/opt/local/lib:/usr/lib", "ui.port" 8080, "storm.exhibitor.poll.uripath" "/exhibitor/v1/cluster/list", "storm.messaging.netty.transfer.batch.size" 262144, "logviewer.appender.name" "A1", "nimbus.thrift.max_buffer_size" 1048576, "storm.auth.simple-acl.users.commands" [], "drpc.request.timeout.secs" 600}
162994 [main] INFO  o.a.c.f.i.CuratorFrameworkImpl - Starting
162994 [main] INFO  o.a.s.b.FileBlobStoreImpl - Creating new blob store based in /tmp/26571d85-701f-4f72-b17f-1f3d95b6793d/blobs
162994 [main] INFO  o.a.s.d.nimbus - Using default scheduler
162995 [main] INFO  o.a.c.f.i.CuratorFrameworkImpl - Starting
163000 [main] INFO  o.a.c.f.i.CuratorFrameworkImpl - Starting
163000 [main-EventThread] INFO  o.a.c.f.s.ConnectionStateManager - State change: CONNECTED
163001 [main-EventThread] INFO  o.a.c.f.s.ConnectionStateManager - State change: CONNECTED
163001 [main-EventThread] INFO  o.a.s.zookeeper - Zookeeper state update: :connected:none
163002 [main-EventThread] INFO  o.a.c.f.s.ConnectionStateManager - State change: CONNECTED
163002 [main-EventThread] INFO  o.a.s.zookeeper - Zookeeper state update: :connected:none
163004 [Curator-Framework-0] INFO  o.a.c.f.i.CuratorFrameworkImpl - backgroundOperationsLoop exiting
163004 [main] INFO  o.a.c.f.i.CuratorFrameworkImpl - Starting
163005 [main] INFO  o.a.c.f.i.CuratorFrameworkImpl - Starting
163006 [main-EventThread] INFO  o.a.c.f.s.ConnectionStateManager - State change: CONNECTED
163006 [main-EventThread] INFO  o.a.c.f.s.ConnectionStateManager - State change: CONNECTED
163015 [main] INFO  o.a.s.zookeeper - Queued up for leader lock.
163018 [main-EventThread] INFO  o.a.s.zookeeper - testing-worker-linux-docker-11bc7888-3435-linux-11.prod.travis-ci.org gained leadership, checking if it has all the topology code locally.
163020 [main-EventThread] INFO  o.a.s.zookeeper - active-topology-ids [] local-topology-ids [] diff-topology []
163020 [main-EventThread] INFO  o.a.s.zookeeper - Accepting leadership, all active topology found localy.
163020 [main] INFO  o.a.s.d.m.MetricsUtils - Using statistics reporter plugin:org.apache.storm.daemon.metrics.reporters.JmxPreparableReporter
163020 [main] INFO  o.a.s.d.m.r.JmxPreparableReporter - Preparing...
163022 [main] INFO  o.a.s.d.common - Started statistics report plugin...
163022 [main] INFO  o.a.c.f.i.CuratorFrameworkImpl - Starting
163024 [main-EventThread] INFO  o.a.c.f.s.ConnectionStateManager - State change: CONNECTED
163024 [main-EventThread] INFO  o.a.s.zookeeper - Zookeeper state update: :connected:none
163024 [Curator-Framework-0] INFO  o.a.c.f.i.CuratorFrameworkImpl - backgroundOperationsLoop exiting
163028 [main] INFO  o.a.c.f.i.CuratorFrameworkImpl - Starting
163028 [main] INFO  o.a.c.f.i.CuratorFrameworkImpl - Starting
163029 [main-EventThread] INFO  o.a.c.f.s.ConnectionStateManager - State change: CONNECTED
163029 [main-EventThread] INFO  o.a.c.f.s.ConnectionStateManager - State change: CONNECTED
163029 [main-EventThread] INFO  o.a.s.zookeeper - Zookeeper state update: :connected:none
163030 [Curator-Framework-0] INFO  o.a.c.f.i.CuratorFrameworkImpl - backgroundOperationsLoop exiting
163030 [main] INFO  o.a.c.f.i.CuratorFrameworkImpl - Starting
163031 [main-EventThread] INFO  o.a.c.f.s.ConnectionStateManager - State change: CONNECTED
163034 [main] INFO  o.a.s.d.supervisor - Starting Supervisor with conf {"topology.builtin.metrics.bucket.size.secs" 60, "nimbus.childopts" "-Xmx1024m", "ui.filter.params" nil, "storm.cluster.mode" "local", "storm.messaging.netty.client_worker_threads" 1, "logviewer.max.per.worker.logs.size.mb" 2048, "supervisor.run.worker.as.user" false, "topology.max.task.parallelism" nil, "topology.priority" 29, "zmq.threads" 1, "storm.group.mapping.service" "org.apache.storm.security.auth.ShellBasedGroupsMapping", "transactional.zookeeper.root" "/transactional", "topology.sleep.spout.wait.strategy.time.ms" 1, "scheduler.display.resource" false, "topology.max.replication.wait.time.sec" 60, "drpc.invocations.port" 3773, "supervisor.localizer.cache.target.size.mb" 10240, "topology.multilang.serializer" "org.apache.storm.multilang.JsonSerializer", "storm.messaging.netty.server_worker_threads" 1, "nimbus.blobstore.class" "org.apache.storm.blobstore.LocalFsBlobStore", "resource.aware.scheduler.eviction.strategy" "org.apache.storm.scheduler.resource.strategies.eviction.DefaultEvictionStrategy", "topology.max.error.report.per.interval" 5, "storm.thrift.transport" "org.apache.storm.security.auth.SimpleTransportPlugin", "zmq.hwm" 0, "storm.group.mapping.service.params" nil, "worker.profiler.enabled" false, "storm.principal.tolocal" "org.apache.storm.security.auth.DefaultPrincipalToLocal", "supervisor.worker.shutdown.sleep.secs" 1, "pacemaker.host" "localhost", "storm.zookeeper.retry.times" 5, "ui.actions.enabled" true, "zmq.linger.millis" 0, "supervisor.enable" false, "topology.stats.sample.rate" 0.05, "storm.messaging.netty.min_wait_ms" 100, "worker.log.level.reset.poll.secs" 30, "storm.zookeeper.port" 2003, "supervisor.heartbeat.frequency.secs" 5, "topology.enable.message.timeouts" false, "supervisor.cpu.capacity" 400.0, "drpc.worker.threads" 64, "supervisor.blobstore.download.thread.count" 5, "drpc.queue.size" 128, "topology.backpressure.enable" false, "supervisor.blobstore.class" "org.apache.storm.blobstore.NimbusBlobStore", "storm.blobstore.inputstream.buffer.size.bytes" 65536, "topology.shellbolt.max.pending" 100, "drpc.https.keystore.password" "", "nimbus.code.sync.freq.secs" 120, "logviewer.port" 8000, "topology.scheduler.strategy" "org.apache.storm.scheduler.resource.strategies.scheduling.DefaultResourceAwareStrategy", "topology.executor.send.buffer.size" 1024, "resource.aware.scheduler.priority.strategy" "org.apache.storm.scheduler.resource.strategies.priority.DefaultSchedulingPriorityStrategy", "pacemaker.auth.method" "NONE", "storm.daemon.metrics.reporter.plugins" ["org.apache.storm.daemon.metrics.reporters.JmxPreparableReporter"], "topology.worker.logwriter.childopts" "-Xmx64m", "topology.spout.wait.strategy" "org.apache.storm.spout.SleepSpoutWaitStrategy", "ui.host" "0.0.0.0", "storm.nimbus.retry.interval.millis" 2000, "nimbus.inbox.jar.expiration.secs" 3600, "dev.zookeeper.path" "/tmp/dev-storm-zookeeper", "topology.acker.executors" 0, "topology.fall.back.on.java.serialization" true, "topology.eventlogger.executors" 0, "supervisor.localizer.cleanup.interval.ms" 600000, "storm.zookeeper.servers" ["localhost"], "nimbus.thrift.threads" 64, "logviewer.cleanup.age.mins" 10080, "topology.worker.childopts" nil, "topology.classpath" nil, "supervisor.monitor.frequency.secs" 3, "nimbus.credential.renewers.freq.secs" 600, "topology.skip.missing.kryo.registrations" true, "drpc.authorizer.acl.filename" "drpc-auth-acl.yaml", "pacemaker.kerberos.users" [], "storm.group.mapping.service.cache.duration.secs" 120, "topology.testing.always.try.serialize" false, "nimbus.monitor.freq.secs" 10, "storm.health.check.timeout.ms" 5000, "supervisor.supervisors" [], "topology.tasks" nil, "topology.bolts.outgoing.overflow.buffer.enable" false, "storm.messaging.netty.socket.backlog" 500, "topology.workers" 1, "pacemaker.base.threads" 10, "storm.local.dir" "/tmp/93b18788-556d-4b8c-94ec-940b4d5ef405", "topology.disable.loadaware" false, "worker.childopts" "-Xmx%HEAP-MEM%m -XX:+PrintGCDetails -Xloggc:artifacts/gc.log -XX:+PrintGCDateStamps -XX:+PrintGCTimeStamps -XX:+UseGCLogFileRotation -XX:NumberOfGCLogFiles=10 -XX:GCLogFileSize=1M -XX:+HeapDumpOnOutOfMemoryError -XX:HeapDumpPath=artifacts/heapdump", "storm.auth.simple-white-list.users" [], "topology.disruptor.batch.timeout.millis" 1, "topology.message.timeout.secs" 30, "topology.state.synchronization.timeout.secs" 60, "topology.tuple.serializer" "org.apache.storm.serialization.types.ListDelegateSerializer", "supervisor.supervisors.commands" [], "nimbus.blobstore.expiration.secs" 600, "logviewer.childopts" "-Xmx128m", "topology.environment" nil, "topology.debug" false, "topology.disruptor.batch.size" 100, "storm.messaging.netty.max_retries" 300, "ui.childopts" "-Xmx768m", "storm.network.topography.plugin" "org.apache.storm.networktopography.DefaultRackDNSToSwitchMapping", "storm.zookeeper.session.timeout" 20000, "drpc.childopts" "-Xmx768m", "drpc.http.creds.plugin" "org.apache.storm.security.auth.DefaultHttpCredentialsPlugin", "storm.zookeeper.connection.timeout" 15000, "storm.zookeeper.auth.user" nil, "storm.meta.serialization.delegate" "org.apache.storm.serialization.GzipThriftSerializationDelegate", "topology.max.spout.pending" nil, "storm.codedistributor.class" "org.apache.storm.codedistributor.LocalFileSystemCodeDistributor", "nimbus.supervisor.timeout.secs" 100, "nimbus.task.timeout.secs" 20, "drpc.port" 3772, "pacemaker.max.threads" 50, "storm.zookeeper.retry.intervalceiling.millis" 30000, "nimbus.thrift.port" 6627, "storm.auth.simple-acl.admins" [], "topology.component.cpu.pcore.percent" 10.0, "supervisor.memory.capacity.mb" 3072.0, "storm.nimbus.retry.times" 5, "supervisor.worker.start.timeout.secs" 120, "storm.zookeeper.retry.interval" 1000, "logs.users" nil, "storm.cluster.metrics.consumer.publish.interval.secs" 60, "worker.profiler.command" "flight.bash", "transactional.zookeeper.port" nil, "drpc.max_buffer_size" 1048576, "pacemaker.thread.timeout" 10, "task.credentials.poll.secs" 30, "blobstore.superuser" "travis", "drpc.https.keystore.type" "JKS", "topology.worker.receiver.thread.count" 1, "topology.state.checkpoint.interval.ms" 1000, "supervisor.slots.ports" (1024 1025 1026 1027 1028), "topology.transfer.buffer.size" 1024, "storm.health.check.dir" "healthchecks", "topology.worker.shared.thread.pool.size" 4, "drpc.authorizer.acl.strict" false, "nimbus.file.copy.expiration.secs" 600, "worker.profiler.childopts" "-XX:+UnlockCommercialFeatures -XX:+FlightRecorder", "topology.executor.receive.buffer.size" 1024, "backpressure.disruptor.low.watermark" 0.4, "nimbus.task.launch.secs" 60, "storm.local.mode.zmq" false, "storm.messaging.netty.buffer_size" 5242880, "storm.cluster.state.store" "org.apache.storm.cluster_state.zookeeper_state_factory", "worker.heartbeat.frequency.secs" 1, "storm.log4j2.conf.dir" "log4j2", "ui.http.creds.plugin" "org.apache.storm.security.auth.DefaultHttpCredentialsPlugin", "storm.zookeeper.root" "/storm", "topology.tick.tuple.freq.secs" nil, "drpc.https.port" -1, "storm.workers.artifacts.dir" "workers-artifacts", "supervisor.blobstore.download.max_retries" 3, "task.refresh.poll.secs" 10, "storm.exhibitor.port" 8080, "task.heartbeat.frequency.secs" 3, "pacemaker.port" 6699, "storm.messaging.netty.max_wait_ms" 1000, "topology.component.resources.offheap.memory.mb" 0.0, "drpc.http.port" 3774, "topology.error.throttle.interval.secs" 10, "storm.messaging.transport" "org.apache.storm.messaging.netty.Context", "storm.messaging.netty.authentication" false, "topology.component.resources.onheap.memory.mb" 128.0, "topology.kryo.factory" "org.apache.storm.serialization.DefaultKryoFactory", "worker.gc.childopts" "", "nimbus.topology.validator" "org.apache.storm.nimbus.DefaultTopologyValidator", "nimbus.seeds" ["localhost"], "nimbus.queue.size" 100000, "nimbus.cleanup.inbox.freq.secs" 600, "storm.blobstore.replication.factor" 3, "worker.heap.memory.mb" 768, "logviewer.max.sum.worker.logs.size.mb" 4096, "pacemaker.childopts" "-Xmx1024m", "ui.users" nil, "transactional.zookeeper.servers" nil, "supervisor.worker.timeout.secs" 30, "storm.zookeeper.auth.password" nil, "storm.blobstore.acl.validation.enabled" false, "client.blobstore.class" "org.apache.storm.blobstore.NimbusBlobStore", "supervisor.childopts" "-Xmx256m", "topology.worker.max.heap.size.mb" 768.0, "ui.http.x-frame-options" "DENY", "backpressure.disruptor.high.watermark" 0.9, "ui.filter" nil, "ui.header.buffer.bytes" 4096, "topology.min.replication.count" 1, "topology.disruptor.wait.timeout.millis" 1000, "storm.nimbus.retry.intervalceiling.millis" 60000, "topology.trident.batch.emit.interval.millis" 50, "storm.auth.simple-acl.users" [], "drpc.invocations.threads" 64, "java.library.path" "/usr/local/lib:/opt/local/lib:/usr/lib", "ui.port" 8080, "storm.exhibitor.poll.uripath" "/exhibitor/v1/cluster/list", "storm.messaging.netty.transfer.batch.size" 262144, "logviewer.appender.name" "A1", "nimbus.thrift.max_buffer_size" 1048576, "storm.auth.simple-acl.users.commands" [], "drpc.request.timeout.secs" 600}
163034 [main] INFO  o.a.s.l.Localizer - Reconstruct localized resource: /tmp/93b18788-556d-4b8c-94ec-940b4d5ef405/supervisor/usercache
163034 [main] WARN  o.a.s.l.Localizer - No left over resources found for any user during reconstructing of local resources at: /tmp/93b18788-556d-4b8c-94ec-940b4d5ef405/supervisor/usercache
163035 [main] INFO  o.a.c.f.i.CuratorFrameworkImpl - Starting
163036 [main-EventThread] INFO  o.a.c.f.s.ConnectionStateManager - State change: CONNECTED
163036 [main-EventThread] INFO  o.a.s.zookeeper - Zookeeper state update: :connected:none
163036 [Curator-Framework-0] INFO  o.a.c.f.i.CuratorFrameworkImpl - backgroundOperationsLoop exiting
163037 [main] INFO  o.a.c.f.i.CuratorFrameworkImpl - Starting
163038 [main-EventThread] INFO  o.a.c.f.s.ConnectionStateManager - State change: CONNECTED
163042 [main] INFO  o.a.s.d.supervisor - Starting supervisor with id af981b62-2254-4132-84fa-3e549db4072b at host testing-worker-linux-docker-11bc7888-3435-linux-11.prod.travis-ci.org
163043 [main] INFO  o.a.s.d.supervisor - Starting Supervisor with conf {"topology.builtin.metrics.bucket.size.secs" 60, "nimbus.childopts" "-Xmx1024m", "ui.filter.params" nil, "storm.cluster.mode" "local", "storm.messaging.netty.client_worker_threads" 1, "logviewer.max.per.worker.logs.size.mb" 2048, "supervisor.run.worker.as.user" false, "topology.max.task.parallelism" nil, "topology.priority" 29, "zmq.threads" 1, "storm.group.mapping.service" "org.apache.storm.security.auth.ShellBasedGroupsMapping", "transactional.zookeeper.root" "/transactional", "topology.sleep.spout.wait.strategy.time.ms" 1, "scheduler.display.resource" false, "topology.max.replication.wait.time.sec" 60, "drpc.invocations.port" 3773, "supervisor.localizer.cache.target.size.mb" 10240, "topology.multilang.serializer" "org.apache.storm.multilang.JsonSerializer", "storm.messaging.netty.server_worker_threads" 1, "nimbus.blobstore.class" "org.apache.storm.blobstore.LocalFsBlobStore", "resource.aware.scheduler.eviction.strategy" "org.apache.storm.scheduler.resource.strategies.eviction.DefaultEvictionStrategy", "topology.max.error.report.per.interval" 5, "storm.thrift.transport" "org.apache.storm.security.auth.SimpleTransportPlugin", "zmq.hwm" 0, "storm.group.mapping.service.params" nil, "worker.profiler.enabled" false, "storm.principal.tolocal" "org.apache.storm.security.auth.DefaultPrincipalToLocal", "supervisor.worker.shutdown.sleep.secs" 1, "pacemaker.host" "localhost", "storm.zookeeper.retry.times" 5, "ui.actions.enabled" true, "zmq.linger.millis" 0, "supervisor.enable" false, "topology.stats.sample.rate" 0.05, "storm.messaging.netty.min_wait_ms" 100, "worker.log.level.reset.poll.secs" 30, "storm.zookeeper.port" 2003, "supervisor.heartbeat.frequency.secs" 5, "topology.enable.message.timeouts" false, "supervisor.cpu.capacity" 400.0, "drpc.worker.threads" 64, "supervisor.blobstore.download.thread.count" 5, "drpc.queue.size" 128, "topology.backpressure.enable" false, "supervisor.blobstore.class" "org.apache.storm.blobstore.NimbusBlobStore", "storm.blobstore.inputstream.buffer.size.bytes" 65536, "topology.shellbolt.max.pending" 100, "drpc.https.keystore.password" "", "nimbus.code.sync.freq.secs" 120, "logviewer.port" 8000, "topology.scheduler.strategy" "org.apache.storm.scheduler.resource.strategies.scheduling.DefaultResourceAwareStrategy", "topology.executor.send.buffer.size" 1024, "resource.aware.scheduler.priority.strategy" "org.apache.storm.scheduler.resource.strategies.priority.DefaultSchedulingPriorityStrategy", "pacemaker.auth.method" "NONE", "storm.daemon.metrics.reporter.plugins" ["org.apache.storm.daemon.metrics.reporters.JmxPreparableReporter"], "topology.worker.logwriter.childopts" "-Xmx64m", "topology.spout.wait.strategy" "org.apache.storm.spout.SleepSpoutWaitStrategy", "ui.host" "0.0.0.0", "storm.nimbus.retry.interval.millis" 2000, "nimbus.inbox.jar.expiration.secs" 3600, "dev.zookeeper.path" "/tmp/dev-storm-zookeeper", "topology.acker.executors" 0, "topology.fall.back.on.java.serialization" true, "topology.eventlogger.executors" 0, "supervisor.localizer.cleanup.interval.ms" 600000, "storm.zookeeper.servers" ["localhost"], "nimbus.thrift.threads" 64, "logviewer.cleanup.age.mins" 10080, "topology.worker.childopts" nil, "topology.classpath" nil, "supervisor.monitor.frequency.secs" 3, "nimbus.credential.renewers.freq.secs" 600, "topology.skip.missing.kryo.registrations" true, "drpc.authorizer.acl.filename" "drpc-auth-acl.yaml", "pacemaker.kerberos.users" [], "storm.group.mapping.service.cache.duration.secs" 120, "topology.testing.always.try.serialize" false, "nimbus.monitor.freq.secs" 10, "storm.health.check.timeout.ms" 5000, "supervisor.supervisors" [], "topology.tasks" nil, "topology.bolts.outgoing.overflow.buffer.enable" false, "storm.messaging.netty.socket.backlog" 500, "topology.workers" 1, "pacemaker.base.threads" 10, "storm.local.dir" "/tmp/e58c43fa-a6d3-439f-b26e-a3637fb180c5", "topology.disable.loadaware" false, "worker.childopts" "-Xmx%HEAP-MEM%m -XX:+PrintGCDetails -Xloggc:artifacts/gc.log -XX:+PrintGCDateStamps -XX:+PrintGCTimeStamps -XX:+UseGCLogFileRotation -XX:NumberOfGCLogFiles=10 -XX:GCLogFileSize=1M -XX:+HeapDumpOnOutOfMemoryError -XX:HeapDumpPath=artifacts/heapdump", "storm.auth.simple-white-list.users" [], "topology.disruptor.batch.timeout.millis" 1, "topology.message.timeout.secs" 30, "topology.state.synchronization.timeout.secs" 60, "topology.tuple.serializer" "org.apache.storm.serialization.types.ListDelegateSerializer", "supervisor.supervisors.commands" [], "nimbus.blobstore.expiration.secs" 600, "logviewer.childopts" "-Xmx128m", "topology.environment" nil, "topology.debug" false, "topology.disruptor.batch.size" 100, "storm.messaging.netty.max_retries" 300, "ui.childopts" "-Xmx768m", "storm.network.topography.plugin" "org.apache.storm.networktopography.DefaultRackDNSToSwitchMapping", "storm.zookeeper.session.timeout" 20000, "drpc.childopts" "-Xmx768m", "drpc.http.creds.plugin" "org.apache.storm.security.auth.DefaultHttpCredentialsPlugin", "storm.zookeeper.connection.timeout" 15000, "storm.zookeeper.auth.user" nil, "storm.meta.serialization.delegate" "org.apache.storm.serialization.GzipThriftSerializationDelegate", "topology.max.spout.pending" nil, "storm.codedistributor.class" "org.apache.storm.codedistributor.LocalFileSystemCodeDistributor", "nimbus.supervisor.timeout.secs" 100, "nimbus.task.timeout.secs" 20, "drpc.port" 3772, "pacemaker.max.threads" 50, "storm.zookeeper.retry.intervalceiling.millis" 30000, "nimbus.thrift.port" 6627, "storm.auth.simple-acl.admins" [], "topology.component.cpu.pcore.percent" 10.0, "supervisor.memory.capacity.mb" 3072.0, "storm.nimbus.retry.times" 5, "supervisor.worker.start.timeout.secs" 120, "storm.zookeeper.retry.interval" 1000, "logs.users" nil, "storm.cluster.metrics.consumer.publish.interval.secs" 60, "worker.profiler.command" "flight.bash", "transactional.zookeeper.port" nil, "drpc.max_buffer_size" 1048576, "pacemaker.thread.timeout" 10, "task.credentials.poll.secs" 30, "blobstore.superuser" "travis", "drpc.https.keystore.type" "JKS", "topology.worker.receiver.thread.count" 1, "topology.state.checkpoint.interval.ms" 1000, "supervisor.slots.ports" (1029 1030 1031 1032 1033), "topology.transfer.buffer.size" 1024, "storm.health.check.dir" "healthchecks", "topology.worker.shared.thread.pool.size" 4, "drpc.authorizer.acl.strict" false, "nimbus.file.copy.expiration.secs" 600, "worker.profiler.childopts" "-XX:+UnlockCommercialFeatures -XX:+FlightRecorder", "topology.executor.receive.buffer.size" 1024, "backpressure.disruptor.low.watermark" 0.4, "nimbus.task.launch.secs" 60, "storm.local.mode.zmq" false, "storm.messaging.netty.buffer_size" 5242880, "storm.cluster.state.store" "org.apache.storm.cluster_state.zookeeper_state_factory", "worker.heartbeat.frequency.secs" 1, "storm.log4j2.conf.dir" "log4j2", "ui.http.creds.plugin" "org.apache.storm.security.auth.DefaultHttpCredentialsPlugin", "storm.zookeeper.root" "/storm", "topology.tick.tuple.freq.secs" nil, "drpc.https.port" -1, "storm.workers.artifacts.dir" "workers-artifacts", "supervisor.blobstore.download.max_retries" 3, "task.refresh.poll.secs" 10, "storm.exhibitor.port" 8080, "task.heartbeat.frequency.secs" 3, "pacemaker.port" 6699, "storm.messaging.netty.max_wait_ms" 1000, "topology.component.resources.offheap.memory.mb" 0.0, "drpc.http.port" 3774, "topology.error.throttle.interval.secs" 10, "storm.messaging.transport" "org.apache.storm.messaging.netty.Context", "storm.messaging.netty.authentication" false, "topology.component.resources.onheap.memory.mb" 128.0, "topology.kryo.factory" "org.apache.storm.serialization.DefaultKryoFactory", "worker.gc.childopts" "", "nimbus.topology.validator" "org.apache.storm.nimbus.DefaultTopologyValidator", "nimbus.seeds" ["localhost"], "nimbus.queue.size" 100000, "nimbus.cleanup.inbox.freq.secs" 600, "storm.blobstore.replication.factor" 3, "worker.heap.memory.mb" 768, "logviewer.max.sum.worker.logs.size.mb" 4096, "pacemaker.childopts" "-Xmx1024m", "ui.users" nil, "transactional.zookeeper.servers" nil, "supervisor.worker.timeout.secs" 30, "storm.zookeeper.auth.password" nil, "storm.blobstore.acl.validation.enabled" false, "client.blobstore.class" "org.apache.storm.blobstore.NimbusBlobStore", "supervisor.childopts" "-Xmx256m", "topology.worker.max.heap.size.mb" 768.0, "ui.http.x-frame-options" "DENY", "backpressure.disruptor.high.watermark" 0.9, "ui.filter" nil, "ui.header.buffer.bytes" 4096, "topology.min.replication.count" 1, "topology.disruptor.wait.timeout.millis" 1000, "storm.nimbus.retry.intervalceiling.millis" 60000, "topology.trident.batch.emit.interval.millis" 50, "storm.auth.simple-acl.users" [], "drpc.invocations.threads" 64, "java.library.path" "/usr/local/lib:/opt/local/lib:/usr/lib", "ui.port" 8080, "storm.exhibitor.poll.uripath" "/exhibitor/v1/cluster/list", "storm.messaging.netty.transfer.batch.size" 262144, "logviewer.appender.name" "A1", "nimbus.thrift.max_buffer_size" 1048576, "storm.auth.simple-acl.users.commands" [], "drpc.request.timeout.secs" 600}
163043 [main] INFO  o.a.s.l.Localizer - Reconstruct localized resource: /tmp/e58c43fa-a6d3-439f-b26e-a3637fb180c5/supervisor/usercache
163043 [main] WARN  o.a.s.l.Localizer - No left over resources found for any user during reconstructing of local resources at: /tmp/e58c43fa-a6d3-439f-b26e-a3637fb180c5/supervisor/usercache
163044 [main] INFO  o.a.c.f.i.CuratorFrameworkImpl - Starting
163045 [main-EventThread] INFO  o.a.c.f.s.ConnectionStateManager - State change: CONNECTED
163045 [main-EventThread] INFO  o.a.s.zookeeper - Zookeeper state update: :connected:none
163045 [Curator-Framework-0] INFO  o.a.c.f.i.CuratorFrameworkImpl - backgroundOperationsLoop exiting
163046 [main] INFO  o.a.c.f.i.CuratorFrameworkImpl - Starting
163047 [main-EventThread] INFO  o.a.c.f.s.ConnectionStateManager - State change: CONNECTED
163050 [main] INFO  o.a.s.d.supervisor - Starting supervisor with id c57def0c-a95b-4323-bd00-3485b7703f1e at host testing-worker-linux-docker-11bc7888-3435-linux-11.prod.travis-ci.org
163052 [main] INFO  o.a.s.l.ThriftAccessLogger - Request ID: 124 access from: /65.66.67.68 principal:  operation: submitTopology
163054 [main] INFO  o.a.s.d.nimbus - Received topology submission for test with conf {"topology.max.task.parallelism" nil, "topology.submitter.principal" "", "topology.acker.executors" 0, "topology.eventlogger.executors" 0, "topology.workers" 2, "storm.zookeeper.superACL" nil, "topology.users" (), "topology.submitter.user" "travis", "topology.kryo.register" nil, "topology.kryo.decorators" (), "storm.id" "test-1-0", "topology.name" "test"}
163056 [main] INFO  o.a.s.d.nimbus - uploadedJar 
163057 [main] INFO  o.a.c.f.i.CuratorFrameworkImpl - Starting
163059 [main-EventThread] INFO  o.a.c.f.s.ConnectionStateManager - State change: CONNECTED
163062 [Curator-Framework-0] INFO  o.a.c.f.i.CuratorFrameworkImpl - backgroundOperationsLoop exiting
163063 [main] INFO  o.a.s.cluster - setup-path/blobstore/test-1-0-stormconf.ser/testing-worker-linux-docker-11bc7888-3435-linux-11.prod.travis-ci.org:6627-1
163066 [main] INFO  o.a.c.f.i.CuratorFrameworkImpl - Starting
163067 [main-EventThread] INFO  o.a.c.f.s.ConnectionStateManager - State change: CONNECTED
163068 [Curator-Framework-0] INFO  o.a.c.f.i.CuratorFrameworkImpl - backgroundOperationsLoop exiting
163069 [main] INFO  o.a.s.cluster - setup-path/blobstore/test-1-0-stormcode.ser/testing-worker-linux-docker-11bc7888-3435-linux-11.prod.travis-ci.org:6627-1
163072 [main] INFO  o.a.s.d.nimbus - desired replication count 1 achieved, current-replication-count for conf key = 1, current-replication-count for code key = 1, current-replication-count for jar key = 1
163079 [main] INFO  o.a.s.d.nimbus - Activating test: test-1-0
163115 [timer] INFO  o.a.s.s.EvenScheduler - Available slots: (["af981b62-2254-4132-84fa-3e549db4072b" 1024] ["af981b62-2254-4132-84fa-3e549db4072b" 1025] ["af981b62-2254-4132-84fa-3e549db4072b" 1026] ["af981b62-2254-4132-84fa-3e549db4072b" 1027] ["af981b62-2254-4132-84fa-3e549db4072b" 1028] ["c57def0c-a95b-4323-bd00-3485b7703f1e" 1029] ["c57def0c-a95b-4323-bd00-3485b7703f1e" 1030] ["c57def0c-a95b-4323-bd00-3485b7703f1e" 1031] ["c57def0c-a95b-4323-bd00-3485b7703f1e" 1032] ["c57def0c-a95b-4323-bd00-3485b7703f1e" 1033])
163116 [timer] INFO  o.a.s.d.nimbus - Setting new assignment for topology id test-1-0: #org.apache.storm.daemon.common.Assignment{:master-code-dir "/tmp/26571d85-701f-4f72-b17f-1f3d95b6793d", :node->host {"af981b62-2254-4132-84fa-3e549db4072b" "testing-worker-linux-docker-11bc7888-3435-linux-11.prod.travis-ci.org", "c57def0c-a95b-4323-bd00-3485b7703f1e" "testing-worker-linux-docker-11bc7888-3435-linux-11.prod.travis-ci.org"}, :executor->node+port {[2 2] ["c57def0c-a95b-4323-bd00-3485b7703f1e" 1029], [1 1] ["af981b62-2254-4132-84fa-3e549db4072b" 1024]}, :executor->start-time-secs {[1 1] 1, [2 2] 1}, :worker->resources {["c57def0c-a95b-4323-bd00-3485b7703f1e" 1029] [0.0 0.0 0.0], ["af981b62-2254-4132-84fa-3e549db4072b" 1024] [0.0 0.0 0.0]}}
163366 [main] INFO  o.a.s.l.ThriftAccessLogger - Request ID: 124 access from: /65.66.67.68 principal:  operation: getUserTopology
163372 [main] INFO  o.a.s.l.ThriftAccessLogger - Request ID: 124 access from: /65.66.67.68 principal:  operation: getTopologyConf
164451 [main] INFO  o.a.s.l.ThriftAccessLogger - Request ID: 124 access from: /65.66.67.68 principal:  operation: getUserTopology
164457 [main] INFO  o.a.s.l.ThriftAccessLogger - Request ID: 124 access from: /65.66.67.68 principal:  operation: getTopologyConf
164570 [timer] INFO  o.a.s.d.nimbus - Executor test-1-0:[1 1] not alive
164573 [timer] INFO  o.a.s.s.EvenScheduler - Available slots: (["af981b62-2254-4132-84fa-3e549db4072b" 1025] ["af981b62-2254-4132-84fa-3e549db4072b" 1026] ["af981b62-2254-4132-84fa-3e549db4072b" 1027] ["af981b62-2254-4132-84fa-3e549db4072b" 1028] ["c57def0c-a95b-4323-bd00-3485b7703f1e" 1030] ["c57def0c-a95b-4323-bd00-3485b7703f1e" 1031] ["c57def0c-a95b-4323-bd00-3485b7703f1e" 1032] ["c57def0c-a95b-4323-bd00-3485b7703f1e" 1033])
164573 [timer] INFO  o.a.s.d.nimbus - Reassigning test-1-0 to 2 slots
164574 [timer] INFO  o.a.s.d.nimbus - Reassign executors: [[1 1]]
164575 [timer] INFO  o.a.s.d.nimbus - Setting new assignment for topology id test-1-0: #org.apache.storm.daemon.common.Assignment{:master-code-dir "/tmp/26571d85-701f-4f72-b17f-1f3d95b6793d", :node->host {"af981b62-2254-4132-84fa-3e549db4072b" "testing-worker-linux-docker-11bc7888-3435-linux-11.prod.travis-ci.org", "c57def0c-a95b-4323-bd00-3485b7703f1e" "testing-worker-linux-docker-11bc7888-3435-linux-11.prod.travis-ci.org"}, :executor->node+port {[2 2] ["c57def0c-a95b-4323-bd00-3485b7703f1e" 1029], [1 1] ["af981b62-2254-4132-84fa-3e549db4072b" 1025]}, :executor->start-time-secs {[1 1] 71, [2 2] 1}, :worker->resources {["c57def0c-a95b-4323-bd00-3485b7703f1e" 1029] [0.0 0.0 0.0], ["af981b62-2254-4132-84fa-3e549db4072b" 1025] [0.0 0.0 0.0]}}
164674 [main] INFO  o.a.s.l.ThriftAccessLogger - Request ID: 124 access from: /65.66.67.68 principal:  operation: getUserTopology
164680 [main] INFO  o.a.s.l.ThriftAccessLogger - Request ID: 124 access from: /65.66.67.68 principal:  operation: getTopologyConf
164898 [main] INFO  o.a.s.l.ThriftAccessLogger - Request ID: 124 access from: /65.66.67.68 principal:  operation: getUserTopology
164904 [main] INFO  o.a.s.l.ThriftAccessLogger - Request ID: 124 access from: /65.66.67.68 principal:  operation: getTopologyConf
165195 [timer] INFO  o.a.s.d.nimbus - Executor test-1-0:[2 2] not alive
165197 [timer] INFO  o.a.s.s.EvenScheduler - Available slots: (["af981b62-2254-4132-84fa-3e549db4072b" 1024] ["af981b62-2254-4132-84fa-3e549db4072b" 1026] ["af981b62-2254-4132-84fa-3e549db4072b" 1027] ["af981b62-2254-4132-84fa-3e549db4072b" 1028] ["c57def0c-a95b-4323-bd00-3485b7703f1e" 1030] ["c57def0c-a95b-4323-bd00-3485b7703f1e" 1031] ["c57def0c-a95b-4323-bd00-3485b7703f1e" 1032] ["c57def0c-a95b-4323-bd00-3485b7703f1e" 1033])
165198 [timer] INFO  o.a.s.d.nimbus - Reassigning test-1-0 to 2 slots
165198 [timer] INFO  o.a.s.d.nimbus - Reassign executors: [[2 2]]
165199 [timer] INFO  o.a.s.d.nimbus - Setting new assignment for topology id test-1-0: #org.apache.storm.daemon.common.Assignment{:master-code-dir "/tmp/26571d85-701f-4f72-b17f-1f3d95b6793d", :node->host {"af981b62-2254-4132-84fa-3e549db4072b" "testing-worker-linux-docker-11bc7888-3435-linux-11.prod.travis-ci.org"}, :executor->node+port {[2 2] ["af981b62-2254-4132-84fa-3e549db4072b" 1024], [1 1] ["af981b62-2254-4132-84fa-3e549db4072b" 1025]}, :executor->start-time-secs {[1 1] 71, [2 2] 101}, :worker->resources {["af981b62-2254-4132-84fa-3e549db4072b" 1024] [0.0 0.0 0.0], ["af981b62-2254-4132-84fa-3e549db4072b" 1025] [0.0 0.0 0.0]}}
165546 [main] INFO  o.a.s.l.ThriftAccessLogger - Request ID: 124 access from: /65.66.67.68 principal:  operation: getUserTopology
165552 [main] INFO  o.a.s.l.ThriftAccessLogger - Request ID: 124 access from: /65.66.67.68 principal:  operation: getTopologyConf
165556 [main] INFO  o.a.s.d.supervisor - Shutting down supervisor af981b62-2254-4132-84fa-3e549db4072b
165557 [Thread-1958] INFO  o.a.s.event - Event manager interrupted
165557 [Thread-1959] INFO  o.a.s.event - Event manager interrupted
165557 [Curator-Framework-0] INFO  o.a.c.f.i.CuratorFrameworkImpl - backgroundOperationsLoop exiting
167867 [main] INFO  o.a.s.l.ThriftAccessLogger - Request ID: 124 access from: /65.66.67.68 principal:  operation: getUserTopology
167872 [main] INFO  o.a.s.l.ThriftAccessLogger - Request ID: 124 access from: /65.66.67.68 principal:  operation: getTopologyConf
168106 [timer] INFO  o.a.s.d.nimbus - Executor test-1-0:[2 2] not alive
168106 [timer] INFO  o.a.s.d.nimbus - Executor test-1-0:[1 1] not alive
168108 [timer] INFO  o.a.s.s.EvenScheduler - Available slots: (["c57def0c-a95b-4323-bd00-3485b7703f1e" 1029] ["c57def0c-a95b-4323-bd00-3485b7703f1e" 1030] ["c57def0c-a95b-4323-bd00-3485b7703f1e" 1031] ["c57def0c-a95b-4323-bd00-3485b7703f1e" 1032] ["c57def0c-a95b-4323-bd00-3485b7703f1e" 1033])
168109 [timer] INFO  o.a.s.d.nimbus - Reassigning test-1-0 to 2 slots
168109 [timer] INFO  o.a.s.d.nimbus - Reassign executors: [[2 2] [1 1]]
168110 [timer] INFO  o.a.s.d.nimbus - Setting new assignment for topology id test-1-0: #org.apache.storm.daemon.common.Assignment{:master-code-dir "/tmp/26571d85-701f-4f72-b17f-1f3d95b6793d", :node->host {"c57def0c-a95b-4323-bd00-3485b7703f1e" "testing-worker-linux-docker-11bc7888-3435-linux-11.prod.travis-ci.org"}, :executor->node+port {[2 2] ["c57def0c-a95b-4323-bd00-3485b7703f1e" 1030], [1 1] ["c57def0c-a95b-4323-bd00-3485b7703f1e" 1029]}, :executor->start-time-secs {[1 1] 251, [2 2] 251}, :worker->resources {["c57def0c-a95b-4323-bd00-3485b7703f1e" 1030] [0.0 0.0 0.0], ["c57def0c-a95b-4323-bd00-3485b7703f1e" 1029] [0.0 0.0 0.0]}}
168399 [main] INFO  o.a.s.l.ThriftAccessLogger - Request ID: 124 access from: /65.66.67.68 principal:  operation: getUserTopology
168405 [main] INFO  o.a.s.l.ThriftAccessLogger - Request ID: 124 access from: /65.66.67.68 principal:  operation: getTopologyConf
168408 [main] INFO  o.a.s.d.supervisor - Shutting down supervisor c57def0c-a95b-4323-bd00-3485b7703f1e
168408 [Thread-1960] INFO  o.a.s.event - Event manager interrupted
168408 [Thread-1961] INFO  o.a.s.event - Event manager interrupted
168409 [Curator-Framework-0] INFO  o.a.c.f.i.CuratorFrameworkImpl - backgroundOperationsLoop exiting
169171 [timer] INFO  o.a.s.d.nimbus - Executor test-1-0:[2 2] not alive
169171 [timer] INFO  o.a.s.d.nimbus - Executor test-1-0:[1 1] not alive
169172 [timer] INFO  o.a.s.d.nimbus - Setting new assignment for topology id test-1-0: #org.apache.storm.daemon.common.Assignment{:master-code-dir "/tmp/26571d85-701f-4f72-b17f-1f3d95b6793d", :node->host {}, :executor->node+port {}, :executor->start-time-secs {[1 1] 251, [2 2] 251}, :worker->resources {}}
169344 [timer] INFO  o.a.s.d.nimbus - Executor test-1-0:[2 2] not alive
169344 [timer] INFO  o.a.s.d.nimbus - Executor test-1-0:[1 1] not alive
169532 [timer] INFO  o.a.s.d.nimbus - Executor test-1-0:[2 2] not alive
169532 [timer] INFO  o.a.s.d.nimbus - Executor test-1-0:[1 1] not alive
169689 [timer] INFO  o.a.s.d.nimbus - Executor test-1-0:[2 2] not alive
169689 [timer] INFO  o.a.s.d.nimbus - Executor test-1-0:[1 1] not alive
169846 [timer] INFO  o.a.s.d.nimbus - Executor test-1-0:[2 2] not alive
169846 [timer] INFO  o.a.s.d.nimbus - Executor test-1-0:[1 1] not alive
169950 [main] INFO  o.a.s.l.ThriftAccessLogger - Request ID: 124 access from: /65.66.67.68 principal:  operation: getUserTopology
169956 [main] INFO  o.a.s.l.ThriftAccessLogger - Request ID: 124 access from: /65.66.67.68 principal:  operation: getTopologyConf
169959 [main] INFO  o.a.s.d.supervisor - Starting Supervisor with conf {"topology.builtin.metrics.bucket.size.secs" 60, "nimbus.childopts" "-Xmx1024m", "ui.filter.params" nil, "storm.cluster.mode" "local", "storm.messaging.netty.client_worker_threads" 1, "logviewer.max.per.worker.logs.size.mb" 2048, "supervisor.run.worker.as.user" false, "topology.max.task.parallelism" nil, "topology.priority" 29, "zmq.threads" 1, "storm.group.mapping.service" "org.apache.storm.security.auth.ShellBasedGroupsMapping", "transactional.zookeeper.root" "/transactional", "topology.sleep.spout.wait.strategy.time.ms" 1, "scheduler.display.resource" false, "topology.max.replication.wait.time.sec" 60, "drpc.invocations.port" 3773, "supervisor.localizer.cache.target.size.mb" 10240, "topology.multilang.serializer" "org.apache.storm.multilang.JsonSerializer", "storm.messaging.netty.server_worker_threads" 1, "nimbus.blobstore.class" "org.apache.storm.blobstore.LocalFsBlobStore", "resource.aware.scheduler.eviction.strategy" "org.apache.storm.scheduler.resource.strategies.eviction.DefaultEvictionStrategy", "topology.max.error.report.per.interval" 5, "storm.thrift.transport" "org.apache.storm.security.auth.SimpleTransportPlugin", "zmq.hwm" 0, "storm.group.mapping.service.params" nil, "worker.profiler.enabled" false, "storm.principal.tolocal" "org.apache.storm.security.auth.DefaultPrincipalToLocal", "supervisor.worker.shutdown.sleep.secs" 1, "pacemaker.host" "localhost", "storm.zookeeper.retry.times" 5, "ui.actions.enabled" true, "zmq.linger.millis" 0, "supervisor.enable" false, "topology.stats.sample.rate" 0.05, "storm.messaging.netty.min_wait_ms" 100, "worker.log.level.reset.poll.secs" 30, "storm.zookeeper.port" 2003, "supervisor.heartbeat.frequency.secs" 5, "topology.enable.message.timeouts" false, "supervisor.cpu.capacity" 400.0, "drpc.worker.threads" 64, "supervisor.blobstore.download.thread.count" 5, "drpc.queue.size" 128, "topology.backpressure.enable" false, "supervisor.blobstore.class" "org.apache.storm.blobstore.NimbusBlobStore", "storm.blobstore.inputstream.buffer.size.bytes" 65536, "topology.shellbolt.max.pending" 100, "drpc.https.keystore.password" "", "nimbus.code.sync.freq.secs" 120, "logviewer.port" 8000, "topology.scheduler.strategy" "org.apache.storm.scheduler.resource.strategies.scheduling.DefaultResourceAwareStrategy", "topology.executor.send.buffer.size" 1024, "resource.aware.scheduler.priority.strategy" "org.apache.storm.scheduler.resource.strategies.priority.DefaultSchedulingPriorityStrategy", "pacemaker.auth.method" "NONE", "storm.daemon.metrics.reporter.plugins" ["org.apache.storm.daemon.metrics.reporters.JmxPreparableReporter"], "topology.worker.logwriter.childopts" "-Xmx64m", "topology.spout.wait.strategy" "org.apache.storm.spout.SleepSpoutWaitStrategy", "ui.host" "0.0.0.0", "storm.nimbus.retry.interval.millis" 2000, "nimbus.inbox.jar.expiration.secs" 3600, "dev.zookeeper.path" "/tmp/dev-storm-zookeeper", "topology.acker.executors" 0, "topology.fall.back.on.java.serialization" true, "topology.eventlogger.executors" 0, "supervisor.localizer.cleanup.interval.ms" 600000, "storm.zookeeper.servers" ["localhost"], "nimbus.thrift.threads" 64, "logviewer.cleanup.age.mins" 10080, "topology.worker.childopts" nil, "topology.classpath" nil, "supervisor.monitor.frequency.secs" 3, "nimbus.credential.renewers.freq.secs" 600, "topology.skip.missing.kryo.registrations" true, "drpc.authorizer.acl.filename" "drpc-auth-acl.yaml", "pacemaker.kerberos.users" [], "storm.group.mapping.service.cache.duration.secs" 120, "topology.testing.always.try.serialize" false, "nimbus.monitor.freq.secs" 10, "storm.health.check.timeout.ms" 5000, "supervisor.supervisors" [], "topology.tasks" nil, "topology.bolts.outgoing.overflow.buffer.enable" false, "storm.messaging.netty.socket.backlog" 500, "topology.workers" 1, "pacemaker.base.threads" 10, "storm.local.dir" "/tmp/d8daec7f-5c99-4215-86b4-a886ead6584e", "topology.disable.loadaware" false, "worker.childopts" "-Xmx%HEAP-MEM%m -XX:+PrintGCDetails -Xloggc:artifacts/gc.log -XX:+PrintGCDateStamps -XX:+PrintGCTimeStamps -XX:+UseGCLogFileRotation -XX:NumberOfGCLogFiles=10 -XX:GCLogFileSize=1M -XX:+HeapDumpOnOutOfMemoryError -XX:HeapDumpPath=artifacts/heapdump", "storm.auth.simple-white-list.users" [], "topology.disruptor.batch.timeout.millis" 1, "topology.message.timeout.secs" 30, "topology.state.synchronization.timeout.secs" 60, "topology.tuple.serializer" "org.apache.storm.serialization.types.ListDelegateSerializer", "supervisor.supervisors.commands" [], "nimbus.blobstore.expiration.secs" 600, "logviewer.childopts" "-Xmx128m", "topology.environment" nil, "topology.debug" false, "topology.disruptor.batch.size" 100, "storm.messaging.netty.max_retries" 300, "ui.childopts" "-Xmx768m", "storm.network.topography.plugin" "org.apache.storm.networktopography.DefaultRackDNSToSwitchMapping", "storm.zookeeper.session.timeout" 20000, "drpc.childopts" "-Xmx768m", "drpc.http.creds.plugin" "org.apache.storm.security.auth.DefaultHttpCredentialsPlugin", "storm.zookeeper.connection.timeout" 15000, "storm.zookeeper.auth.user" nil, "storm.meta.serialization.delegate" "org.apache.storm.serialization.GzipThriftSerializationDelegate", "topology.max.spout.pending" nil, "storm.codedistributor.class" "org.apache.storm.codedistributor.LocalFileSystemCodeDistributor", "nimbus.supervisor.timeout.secs" 100, "nimbus.task.timeout.secs" 20, "drpc.port" 3772, "pacemaker.max.threads" 50, "storm.zookeeper.retry.intervalceiling.millis" 30000, "nimbus.thrift.port" 6627, "storm.auth.simple-acl.admins" [], "topology.component.cpu.pcore.percent" 10.0, "supervisor.memory.capacity.mb" 3072.0, "storm.nimbus.retry.times" 5, "supervisor.worker.start.timeout.secs" 120, "storm.zookeeper.retry.interval" 1000, "logs.users" nil, "storm.cluster.metrics.consumer.publish.interval.secs" 60, "worker.profiler.command" "flight.bash", "transactional.zookeeper.port" nil, "drpc.max_buffer_size" 1048576, "pacemaker.thread.timeout" 10, "task.credentials.poll.secs" 30, "blobstore.superuser" "travis", "drpc.https.keystore.type" "JKS", "topology.worker.receiver.thread.count" 1, "topology.state.checkpoint.interval.ms" 1000, "supervisor.slots.ports" (1034 1035), "topology.transfer.buffer.size" 1024, "storm.health.check.dir" "healthchecks", "topology.worker.shared.thread.pool.size" 4, "drpc.authorizer.acl.strict" false, "nimbus.file.copy.expiration.secs" 600, "worker.profiler.childopts" "-XX:+UnlockCommercialFeatures -XX:+FlightRecorder", "topology.executor.receive.buffer.size" 1024, "backpressure.disruptor.low.watermark" 0.4, "nimbus.task.launch.secs" 60, "storm.local.mode.zmq" false, "storm.messaging.netty.buffer_size" 5242880, "storm.cluster.state.store" "org.apache.storm.cluster_state.zookeeper_state_factory", "worker.heartbeat.frequency.secs" 1, "storm.log4j2.conf.dir" "log4j2", "ui.http.creds.plugin" "org.apache.storm.security.auth.DefaultHttpCredentialsPlugin", "storm.zookeeper.root" "/storm", "topology.tick.tuple.freq.secs" nil, "drpc.https.port" -1, "storm.workers.artifacts.dir" "workers-artifacts", "supervisor.blobstore.download.max_retries" 3, "task.refresh.poll.secs" 10, "storm.exhibitor.port" 8080, "task.heartbeat.frequency.secs" 3, "pacemaker.port" 6699, "storm.messaging.netty.max_wait_ms" 1000, "topology.component.resources.offheap.memory.mb" 0.0, "drpc.http.port" 3774, "topology.error.throttle.interval.secs" 10, "storm.messaging.transport" "org.apache.storm.messaging.netty.Context", "storm.messaging.netty.authentication" false, "topology.component.resources.onheap.memory.mb" 128.0, "topology.kryo.factory" "org.apache.storm.serialization.DefaultKryoFactory", "worker.gc.childopts" "", "nimbus.topology.validator" "org.apache.storm.nimbus.DefaultTopologyValidator", "nimbus.seeds" ["localhost"], "nimbus.queue.size" 100000, "nimbus.cleanup.inbox.freq.secs" 600, "storm.blobstore.replication.factor" 3, "worker.heap.memory.mb" 768, "logviewer.max.sum.worker.logs.size.mb" 4096, "pacemaker.childopts" "-Xmx1024m", "ui.users" nil, "transactional.zookeeper.servers" nil, "supervisor.worker.timeout.secs" 30, "storm.zookeeper.auth.password" nil, "storm.blobstore.acl.validation.enabled" false, "client.blobstore.class" "org.apache.storm.blobstore.NimbusBlobStore", "supervisor.childopts" "-Xmx256m", "topology.worker.max.heap.size.mb" 768.0, "ui.http.x-frame-options" "DENY", "backpressure.disruptor.high.watermark" 0.9, "ui.filter" nil, "ui.header.buffer.bytes" 4096, "topology.min.replication.count" 1, "topology.disruptor.wait.timeout.millis" 1000, "storm.nimbus.retry.intervalceiling.millis" 60000, "topology.trident.batch.emit.interval.millis" 50, "storm.auth.simple-acl.users" [], "drpc.invocations.threads" 64, "java.library.path" "/usr/local/lib:/opt/local/lib:/usr/lib", "ui.port" 8080, "storm.exhibitor.poll.uripath" "/exhibitor/v1/cluster/list", "storm.messaging.netty.transfer.batch.size" 262144, "logviewer.appender.name" "A1", "nimbus.thrift.max_buffer_size" 1048576, "storm.auth.simple-acl.users.commands" [], "drpc.request.timeout.secs" 600}
169960 [main] INFO  o.a.s.l.Localizer - Reconstruct localized resource: /tmp/d8daec7f-5c99-4215-86b4-a886ead6584e/supervisor/usercache
169960 [main] WARN  o.a.s.l.Localizer - No left over resources found for any user during reconstructing of local resources at: /tmp/d8daec7f-5c99-4215-86b4-a886ead6584e/supervisor/usercache
169960 [main] INFO  o.a.c.f.i.CuratorFrameworkImpl - Starting
169962 [main-EventThread] INFO  o.a.c.f.s.ConnectionStateManager - State change: CONNECTED
169962 [main-EventThread] INFO  o.a.s.zookeeper - Zookeeper state update: :connected:none
169962 [Curator-Framework-0] INFO  o.a.c.f.i.CuratorFrameworkImpl - backgroundOperationsLoop exiting
169963 [main] INFO  o.a.c.f.i.CuratorFrameworkImpl - Starting
169964 [main-EventThread] INFO  o.a.c.f.s.ConnectionStateManager - State change: CONNECTED
169968 [main] INFO  o.a.s.d.supervisor - Starting supervisor with id 693c07df-1ba8-44ca-9020-4ae6554670f6 at host testing-worker-linux-docker-11bc7888-3435-linux-11.prod.travis-ci.org
170023 [timer] INFO  o.a.s.d.nimbus - Executor test-1-0:[2 2] not alive
170023 [timer] INFO  o.a.s.d.nimbus - Executor test-1-0:[1 1] not alive
170025 [timer] INFO  o.a.s.s.EvenScheduler - Available slots: (["693c07df-1ba8-44ca-9020-4ae6554670f6" 1034] ["693c07df-1ba8-44ca-9020-4ae6554670f6" 1035])
170026 [timer] INFO  o.a.s.d.nimbus - Setting new assignment for topology id test-1-0: #org.apache.storm.daemon.common.Assignment{:master-code-dir "/tmp/26571d85-701f-4f72-b17f-1f3d95b6793d", :node->host {"693c07df-1ba8-44ca-9020-4ae6554670f6" "testing-worker-linux-docker-11bc7888-3435-linux-11.prod.travis-ci.org"}, :executor->node+port {[2 2] ["693c07df-1ba8-44ca-9020-4ae6554670f6" 1035], [1 1] ["693c07df-1ba8-44ca-9020-4ae6554670f6" 1034]}, :executor->start-time-secs {[1 1] 361, [2 2] 361}, :worker->resources {["693c07df-1ba8-44ca-9020-4ae6554670f6" 1035] [0.0 0.0 0.0], ["693c07df-1ba8-44ca-9020-4ae6554670f6" 1034] [0.0 0.0 0.0]}}
170174 [main] INFO  o.a.s.l.ThriftAccessLogger - Request ID: 124 access from: /65.66.67.68 principal:  operation: getUserTopology
170179 [main] INFO  o.a.s.l.ThriftAccessLogger - Request ID: 124 access from: /65.66.67.68 principal:  operation: getTopologyConf
170183 [main] INFO  o.a.s.d.nimbus - Shutting down master
170183 [Curator-Framework-0] INFO  o.a.c.f.i.CuratorFrameworkImpl - backgroundOperationsLoop exiting
170185 [Curator-Framework-0] INFO  o.a.c.f.i.CuratorFrameworkImpl - backgroundOperationsLoop exiting
170186 [Curator-Framework-0] INFO  o.a.c.f.i.CuratorFrameworkImpl - backgroundOperationsLoop exiting
170187 [main] INFO  o.a.s.zookeeper - closing zookeeper connection of leader elector.
170187 [Curator-Framework-0] INFO  o.a.c.f.i.CuratorFrameworkImpl - backgroundOperationsLoop exiting
170188 [main] INFO  o.a.s.d.nimbus - Shut down master
170188 [Curator-Framework-0] INFO  o.a.c.f.i.CuratorFrameworkImpl - backgroundOperationsLoop exiting
170189 [Curator-Framework-0] INFO  o.a.c.f.i.CuratorFrameworkImpl - backgroundOperationsLoop exiting
170190 [main] INFO  o.a.s.d.supervisor - Shutting down supervisor 693c07df-1ba8-44ca-9020-4ae6554670f6
170190 [Thread-1962] INFO  o.a.s.event - Event manager interrupted
170190 [Thread-1963] INFO  o.a.s.event - Event manager interrupted
170191 [Curator-Framework-0] INFO  o.a.c.f.i.CuratorFrameworkImpl - backgroundOperationsLoop exiting
170191 [main] INFO  o.a.s.testing - Shutting down in process zookeeper
170194 [main] INFO  o.a.s.testing - Done shutting down in process zookeeper
170194 [main] INFO  o.a.s.testing - Deleting temporary path /tmp/26571d85-701f-4f72-b17f-1f3d95b6793d
170212 [main] INFO  o.a.s.testing - Deleting temporary path /tmp/ff3faf3d-748a-4cd0-826a-b40855f41cc8
170212 [main] INFO  o.a.s.testing - Deleting temporary path /tmp/93b18788-556d-4b8c-94ec-940b4d5ef405
170212 [main] INFO  o.a.s.testing - Deleting temporary path /tmp/e58c43fa-a6d3-439f-b26e-a3637fb180c5
170213 [main] INFO  o.a.s.testing - Deleting temporary path /tmp/d8daec7f-5c99-4215-86b4-a886ead6584e
]]>            </system-out>
        </testcase>
        <testcase name="test-executor-assignments" classname="org.apache.storm.nimbus-test">
            <system-out>
<![CDATA[170215 [main] INFO  o.a.s.zookeeper - Starting inprocess zookeeper at port 2003 and dir /tmp/42c98609-e703-404f-a6d9-91c75878ae04
170221 [main] WARN  o.a.z.j.MBeanRegistry - Failed to register MBean StandaloneServer_port-1
170221 [main] WARN  o.a.z.s.ZooKeeperServer - Failed to register with JMX
javax.management.InstanceAlreadyExistsException: org.apache.ZooKeeperService:name0=StandaloneServer_port-1
	at com.sun.jmx.mbeanserver.Repository.addMBean(Repository.java:437) ~[?:1.8.0_31]
	at com.sun.jmx.interceptor.DefaultMBeanServerInterceptor.registerWithRepository(DefaultMBeanServerInterceptor.java:1898) ~[?:1.8.0_31]
	at com.sun.jmx.interceptor.DefaultMBeanServerInterceptor.registerDynamicMBean(DefaultMBeanServerInterceptor.java:966) ~[?:1.8.0_31]
	at com.sun.jmx.interceptor.DefaultMBeanServerInterceptor.registerObject(DefaultMBeanServerInterceptor.java:900) ~[?:1.8.0_31]
	at com.sun.jmx.interceptor.DefaultMBeanServerInterceptor.registerMBean(DefaultMBeanServerInterceptor.java:324) ~[?:1.8.0_31]
	at com.sun.jmx.mbeanserver.JmxMBeanServer.registerMBean(JmxMBeanServer.java:522) ~[?:1.8.0_31]
	at org.apache.zookeeper.jmx.MBeanRegistry.register(MBeanRegistry.java:96) ~[zookeeper-3.4.6.jar:3.4.6-1569965]
	at org.apache.zookeeper.server.ZooKeeperServer.registerJMX(ZooKeeperServer.java:377) [zookeeper-3.4.6.jar:3.4.6-1569965]
	at org.apache.zookeeper.server.ZooKeeperServer.startup(ZooKeeperServer.java:410) [zookeeper-3.4.6.jar:3.4.6-1569965]
	at org.apache.zookeeper.server.NIOServerCnxnFactory.startup(NIOServerCnxnFactory.java:123) [zookeeper-3.4.6.jar:3.4.6-1569965]
	at sun.reflect.GeneratedMethodAccessor211.invoke(Unknown Source) ~[?:?]
	at sun.reflect.DelegatingMethodAccessorImpl.invoke(DelegatingMethodAccessorImpl.java:43) ~[?:1.8.0_31]
	at java.lang.reflect.Method.invoke(Method.java:483) ~[?:1.8.0_31]
	at clojure.lang.Reflector.invokeMatchingMethod(Reflector.java:93) [clojure-1.7.0.jar:?]
	at clojure.lang.Reflector.invokeInstanceMethod(Reflector.java:28) [clojure-1.7.0.jar:?]
	at org.apache.storm.zookeeper$mk_inprocess_zookeeper.doInvoke(zookeeper.clj:231) [classes/:?]
	at clojure.lang.RestFn.invoke(RestFn.java:410) [clojure-1.7.0.jar:?]
	at org.apache.storm.testing$mk_local_storm_cluster.doInvoke(testing.clj:137) [classes/:?]
	at clojure.lang.RestFn.invoke(RestFn.java:421) [clojure-1.7.0.jar:?]
	at org.apache.storm.nimbus_test$fn__9327.invoke(nimbus_test.clj:356) [?:?]
	at clojure.test$test_var$fn__7670.invoke(test.clj:704) [clojure-1.7.0.jar:?]
	at clojure.test$test_var.invoke(test.clj:704) [clojure-1.7.0.jar:?]
	at clojure.test$test_vars$fn__7692$fn__7697.invoke(test.clj:722) [clojure-1.7.0.jar:?]
	at clojure.test$default_fixture.invoke(test.clj:674) [clojure-1.7.0.jar:?]
	at clojure.test$test_vars$fn__7692.invoke(test.clj:722) [clojure-1.7.0.jar:?]
	at clojure.test$default_fixture.invoke(test.clj:674) [clojure-1.7.0.jar:?]
	at clojure.test$test_vars.invoke(test.clj:718) [clojure-1.7.0.jar:?]
	at clojure.test$test_all_vars.invoke(test.clj:728) [clojure-1.7.0.jar:?]
	at clojure.test$test_ns.invoke(test.clj:747) [clojure-1.7.0.jar:?]
	at clojure.core$map$fn__4553.invoke(core.clj:2624) [clojure-1.7.0.jar:?]
	at clojure.lang.LazySeq.sval(LazySeq.java:40) [clojure-1.7.0.jar:?]
	at clojure.lang.LazySeq.seq(LazySeq.java:49) [clojure-1.7.0.jar:?]
	at clojure.lang.Cons.next(Cons.java:39) [clojure-1.7.0.jar:?]
	at clojure.lang.RT.boundedLength(RT.java:1735) [clojure-1.7.0.jar:?]
	at clojure.lang.RestFn.applyTo(RestFn.java:130) [clojure-1.7.0.jar:?]
	at clojure.core$apply.invoke(core.clj:632) [clojure-1.7.0.jar:?]
	at clojure.test$run_tests.doInvoke(test.clj:762) [clojure-1.7.0.jar:?]
	at clojure.lang.RestFn.invoke(RestFn.java:408) [clojure-1.7.0.jar:?]
	at org.apache.storm.testrunner$eval11086$iter__11087__11091$fn__11092$fn__11093$fn__11094.invoke(test_runner.clj:107) [?:?]
	at org.apache.storm.testrunner$eval11086$iter__11087__11091$fn__11092$fn__11093.invoke(test_runner.clj:53) [?:?]
	at org.apache.storm.testrunner$eval11086$iter__11087__11091$fn__11092.invoke(test_runner.clj:52) [?:?]
	at clojure.lang.LazySeq.sval(LazySeq.java:40) [clojure-1.7.0.jar:?]
	at clojure.lang.LazySeq.seq(LazySeq.java:49) [clojure-1.7.0.jar:?]
	at clojure.lang.ChunkedCons.chunkedNext(ChunkedCons.java:59) [clojure-1.7.0.jar:?]
	at clojure.lang.ChunkedCons.next(ChunkedCons.java:43) [clojure-1.7.0.jar:?]
	at clojure.lang.RT.next(RT.java:674) [clojure-1.7.0.jar:?]
	at clojure.core$next__4112.invoke(core.clj:64) [clojure-1.7.0.jar:?]
	at clojure.core$dorun.invoke(core.clj:3010) [clojure-1.7.0.jar:?]
	at org.apache.storm.testrunner$eval11086.invoke(test_runner.clj:52) [?:?]
	at clojure.lang.Compiler.eval(Compiler.java:6782) [clojure-1.7.0.jar:?]
	at clojure.lang.Compiler.load(Compiler.java:7227) [clojure-1.7.0.jar:?]
	at clojure.lang.Compiler.loadFile(Compiler.java:7165) [clojure-1.7.0.jar:?]
	at clojure.main$load_script.invoke(main.clj:275) [clojure-1.7.0.jar:?]
	at clojure.main$script_opt.invoke(main.clj:337) [clojure-1.7.0.jar:?]
	at clojure.main$main.doInvoke(main.clj:421) [clojure-1.7.0.jar:?]
	at clojure.lang.RestFn.invoke(RestFn.java:421) [clojure-1.7.0.jar:?]
	at clojure.lang.Var.invoke(Var.java:383) [clojure-1.7.0.jar:?]
	at clojure.lang.AFn.applyToHelper(AFn.java:156) [clojure-1.7.0.jar:?]
	at clojure.lang.Var.applyTo(Var.java:700) [clojure-1.7.0.jar:?]
	at clojure.main.main(main.java:37) [clojure-1.7.0.jar:?]
170234 [main] INFO  o.a.s.d.nimbus - Starting Nimbus with conf {"topology.builtin.metrics.bucket.size.secs" 60, "nimbus.childopts" "-Xmx1024m", "ui.filter.params" nil, "storm.cluster.mode" "local", "storm.messaging.netty.client_worker_threads" 1, "logviewer.max.per.worker.logs.size.mb" 2048, "supervisor.run.worker.as.user" false, "topology.max.task.parallelism" nil, "topology.priority" 29, "zmq.threads" 1, "storm.group.mapping.service" "org.apache.storm.security.auth.ShellBasedGroupsMapping", "transactional.zookeeper.root" "/transactional", "topology.sleep.spout.wait.strategy.time.ms" 1, "scheduler.display.resource" false, "topology.max.replication.wait.time.sec" 60, "drpc.invocations.port" 3773, "supervisor.localizer.cache.target.size.mb" 10240, "topology.multilang.serializer" "org.apache.storm.multilang.JsonSerializer", "storm.messaging.netty.server_worker_threads" 1, "nimbus.blobstore.class" "org.apache.storm.blobstore.LocalFsBlobStore", "resource.aware.scheduler.eviction.strategy" "org.apache.storm.scheduler.resource.strategies.eviction.DefaultEvictionStrategy", "topology.max.error.report.per.interval" 5, "storm.thrift.transport" "org.apache.storm.security.auth.SimpleTransportPlugin", "zmq.hwm" 0, "storm.group.mapping.service.params" nil, "worker.profiler.enabled" false, "storm.principal.tolocal" "org.apache.storm.security.auth.DefaultPrincipalToLocal", "supervisor.worker.shutdown.sleep.secs" 1, "pacemaker.host" "localhost", "storm.zookeeper.retry.times" 5, "ui.actions.enabled" true, "zmq.linger.millis" 0, "supervisor.enable" false, "topology.stats.sample.rate" 0.05, "storm.messaging.netty.min_wait_ms" 100, "worker.log.level.reset.poll.secs" 30, "storm.zookeeper.port" 2003, "supervisor.heartbeat.frequency.secs" 5, "topology.enable.message.timeouts" false, "supervisor.cpu.capacity" 400.0, "drpc.worker.threads" 64, "supervisor.blobstore.download.thread.count" 5, "drpc.queue.size" 128, "topology.backpressure.enable" false, "supervisor.blobstore.class" "org.apache.storm.blobstore.NimbusBlobStore", "storm.blobstore.inputstream.buffer.size.bytes" 65536, "topology.shellbolt.max.pending" 100, "drpc.https.keystore.password" "", "nimbus.code.sync.freq.secs" 120, "logviewer.port" 8000, "topology.scheduler.strategy" "org.apache.storm.scheduler.resource.strategies.scheduling.DefaultResourceAwareStrategy", "topology.executor.send.buffer.size" 1024, "resource.aware.scheduler.priority.strategy" "org.apache.storm.scheduler.resource.strategies.priority.DefaultSchedulingPriorityStrategy", "pacemaker.auth.method" "NONE", "storm.daemon.metrics.reporter.plugins" ["org.apache.storm.daemon.metrics.reporters.JmxPreparableReporter"], "topology.worker.logwriter.childopts" "-Xmx64m", "topology.spout.wait.strategy" "org.apache.storm.spout.SleepSpoutWaitStrategy", "ui.host" "0.0.0.0", "storm.nimbus.retry.interval.millis" 2000, "nimbus.inbox.jar.expiration.secs" 3600, "dev.zookeeper.path" "/tmp/dev-storm-zookeeper", "topology.acker.executors" 0, "topology.fall.back.on.java.serialization" true, "topology.eventlogger.executors" 0, "supervisor.localizer.cleanup.interval.ms" 600000, "storm.zookeeper.servers" ["localhost"], "nimbus.thrift.threads" 64, "logviewer.cleanup.age.mins" 10080, "topology.worker.childopts" nil, "topology.classpath" nil, "supervisor.monitor.frequency.secs" 3, "nimbus.credential.renewers.freq.secs" 600, "topology.skip.missing.kryo.registrations" true, "drpc.authorizer.acl.filename" "drpc-auth-acl.yaml", "pacemaker.kerberos.users" [], "storm.group.mapping.service.cache.duration.secs" 120, "topology.testing.always.try.serialize" false, "nimbus.monitor.freq.secs" 10, "storm.health.check.timeout.ms" 5000, "supervisor.supervisors" [], "topology.tasks" nil, "topology.bolts.outgoing.overflow.buffer.enable" false, "storm.messaging.netty.socket.backlog" 500, "topology.workers" 1, "pacemaker.base.threads" 10, "storm.local.dir" "/tmp/fc41c835-b6fa-4e59-8b2c-7d3c5aaae32f", "topology.disable.loadaware" false, "worker.childopts" "-Xmx%HEAP-MEM%m -XX:+PrintGCDetails -Xloggc:artifacts/gc.log -XX:+PrintGCDateStamps -XX:+PrintGCTimeStamps -XX:+UseGCLogFileRotation -XX:NumberOfGCLogFiles=10 -XX:GCLogFileSize=1M -XX:+HeapDumpOnOutOfMemoryError -XX:HeapDumpPath=artifacts/heapdump", "storm.auth.simple-white-list.users" [], "topology.disruptor.batch.timeout.millis" 1, "topology.message.timeout.secs" 30, "topology.state.synchronization.timeout.secs" 60, "topology.tuple.serializer" "org.apache.storm.serialization.types.ListDelegateSerializer", "supervisor.supervisors.commands" [], "nimbus.blobstore.expiration.secs" 600, "logviewer.childopts" "-Xmx128m", "topology.environment" nil, "topology.debug" false, "topology.disruptor.batch.size" 100, "storm.messaging.netty.max_retries" 300, "ui.childopts" "-Xmx768m", "storm.network.topography.plugin" "org.apache.storm.networktopography.DefaultRackDNSToSwitchMapping", "storm.zookeeper.session.timeout" 20000, "drpc.childopts" "-Xmx768m", "drpc.http.creds.plugin" "org.apache.storm.security.auth.DefaultHttpCredentialsPlugin", "storm.zookeeper.connection.timeout" 15000, "storm.zookeeper.auth.user" nil, "storm.meta.serialization.delegate" "org.apache.storm.serialization.GzipThriftSerializationDelegate", "topology.max.spout.pending" nil, "storm.codedistributor.class" "org.apache.storm.codedistributor.LocalFileSystemCodeDistributor", "nimbus.supervisor.timeout.secs" 60, "nimbus.task.timeout.secs" 30, "drpc.port" 3772, "pacemaker.max.threads" 50, "storm.zookeeper.retry.intervalceiling.millis" 30000, "nimbus.thrift.port" 6627, "storm.auth.simple-acl.admins" [], "topology.component.cpu.pcore.percent" 10.0, "supervisor.memory.capacity.mb" 3072.0, "storm.nimbus.retry.times" 5, "supervisor.worker.start.timeout.secs" 120, "storm.zookeeper.retry.interval" 1000, "logs.users" nil, "storm.cluster.metrics.consumer.publish.interval.secs" 60, "worker.profiler.command" "flight.bash", "transactional.zookeeper.port" nil, "drpc.max_buffer_size" 1048576, "pacemaker.thread.timeout" 10, "task.credentials.poll.secs" 30, "blobstore.superuser" "travis", "drpc.https.keystore.type" "JKS", "topology.worker.receiver.thread.count" 1, "topology.state.checkpoint.interval.ms" 1000, "supervisor.slots.ports" [6700 6701 6702 6703], "topology.transfer.buffer.size" 1024, "storm.health.check.dir" "healthchecks", "topology.worker.shared.thread.pool.size" 4, "drpc.authorizer.acl.strict" false, "nimbus.file.copy.expiration.secs" 600, "worker.profiler.childopts" "-XX:+UnlockCommercialFeatures -XX:+FlightRecorder", "topology.executor.receive.buffer.size" 1024, "backpressure.disruptor.low.watermark" 0.4, "nimbus.task.launch.secs" 120, "storm.local.mode.zmq" false, "storm.messaging.netty.buffer_size" 5242880, "storm.cluster.state.store" "org.apache.storm.cluster_state.zookeeper_state_factory", "worker.heartbeat.frequency.secs" 1, "storm.log4j2.conf.dir" "log4j2", "ui.http.creds.plugin" "org.apache.storm.security.auth.DefaultHttpCredentialsPlugin", "storm.zookeeper.root" "/storm", "topology.tick.tuple.freq.secs" nil, "drpc.https.port" -1, "storm.workers.artifacts.dir" "workers-artifacts", "supervisor.blobstore.download.max_retries" 3, "task.refresh.poll.secs" 10, "storm.exhibitor.port" 8080, "task.heartbeat.frequency.secs" 3, "pacemaker.port" 6699, "storm.messaging.netty.max_wait_ms" 1000, "topology.component.resources.offheap.memory.mb" 0.0, "drpc.http.port" 3774, "topology.error.throttle.interval.secs" 10, "storm.messaging.transport" "org.apache.storm.messaging.netty.Context", "storm.messaging.netty.authentication" false, "topology.component.resources.onheap.memory.mb" 128.0, "topology.kryo.factory" "org.apache.storm.serialization.DefaultKryoFactory", "worker.gc.childopts" "", "nimbus.topology.validator" "org.apache.storm.nimbus.DefaultTopologyValidator", "nimbus.seeds" ["localhost"], "nimbus.queue.size" 100000, "nimbus.cleanup.inbox.freq.secs" 600, "storm.blobstore.replication.factor" 3, "worker.heap.memory.mb" 768, "logviewer.max.sum.worker.logs.size.mb" 4096, "pacemaker.childopts" "-Xmx1024m", "ui.users" nil, "transactional.zookeeper.servers" nil, "supervisor.worker.timeout.secs" 30, "storm.zookeeper.auth.password" nil, "storm.blobstore.acl.validation.enabled" false, "client.blobstore.class" "org.apache.storm.blobstore.NimbusBlobStore", "supervisor.childopts" "-Xmx256m", "topology.worker.max.heap.size.mb" 768.0, "ui.http.x-frame-options" "DENY", "backpressure.disruptor.high.watermark" 0.9, "ui.filter" nil, "ui.header.buffer.bytes" 4096, "topology.min.replication.count" 1, "topology.disruptor.wait.timeout.millis" 1000, "storm.nimbus.retry.intervalceiling.millis" 60000, "topology.trident.batch.emit.interval.millis" 50, "storm.auth.simple-acl.users" [], "drpc.invocations.threads" 64, "java.library.path" "/usr/local/lib:/opt/local/lib:/usr/lib", "ui.port" 8080, "storm.exhibitor.poll.uripath" "/exhibitor/v1/cluster/list", "storm.messaging.netty.transfer.batch.size" 262144, "logviewer.appender.name" "A1", "nimbus.thrift.max_buffer_size" 1048576, "storm.auth.simple-acl.users.commands" [], "drpc.request.timeout.secs" 600}
170234 [main] INFO  o.a.c.f.i.CuratorFrameworkImpl - Starting
170235 [main] INFO  o.a.s.b.FileBlobStoreImpl - Creating new blob store based in /tmp/fc41c835-b6fa-4e59-8b2c-7d3c5aaae32f/blobs
170237 [main] INFO  o.a.s.d.nimbus - Using default scheduler
170239 [main-EventThread] INFO  o.a.c.f.s.ConnectionStateManager - State change: CONNECTED
170239 [main] INFO  o.a.c.f.i.CuratorFrameworkImpl - Starting
170241 [main] INFO  o.a.c.f.i.CuratorFrameworkImpl - Starting
170241 [main-EventThread] INFO  o.a.c.f.s.ConnectionStateManager - State change: CONNECTED
170241 [main-EventThread] INFO  o.a.s.zookeeper - Zookeeper state update: :connected:none
170244 [main-EventThread] INFO  o.a.c.f.s.ConnectionStateManager - State change: CONNECTED
170244 [main-EventThread] INFO  o.a.s.zookeeper - Zookeeper state update: :connected:none
170247 [Curator-Framework-0] INFO  o.a.c.f.i.CuratorFrameworkImpl - backgroundOperationsLoop exiting
170248 [main] INFO  o.a.c.f.i.CuratorFrameworkImpl - Starting
170249 [main] INFO  o.a.c.f.i.CuratorFrameworkImpl - Starting
170252 [main-EventThread] INFO  o.a.c.f.s.ConnectionStateManager - State change: CONNECTED
170264 [main-EventThread] INFO  o.a.c.f.s.ConnectionStateManager - State change: CONNECTED
170268 [main] INFO  o.a.s.zookeeper - Queued up for leader lock.
170276 [main] INFO  o.a.s.d.m.MetricsUtils - Using statistics reporter plugin:org.apache.storm.daemon.metrics.reporters.JmxPreparableReporter
170276 [main] INFO  o.a.s.d.m.r.JmxPreparableReporter - Preparing...
170278 [main] INFO  o.a.s.d.common - Started statistics report plugin...
170278 [main] INFO  o.a.c.f.i.CuratorFrameworkImpl - Starting
170281 [main-EventThread] INFO  o.a.c.f.s.ConnectionStateManager - State change: CONNECTED
170281 [main-EventThread] INFO  o.a.s.zookeeper - Zookeeper state update: :connected:none
170281 [main-EventThread] INFO  o.a.s.zookeeper - testing-worker-linux-docker-11bc7888-3435-linux-11.prod.travis-ci.org gained leadership, checking if it has all the topology code locally.
170281 [Curator-Framework-0] INFO  o.a.c.f.i.CuratorFrameworkImpl - backgroundOperationsLoop exiting
170283 [main-EventThread] INFO  o.a.s.zookeeper - active-topology-ids [] local-topology-ids [] diff-topology []
170283 [main-EventThread] INFO  o.a.s.zookeeper - Accepting leadership, all active topology found localy.
170284 [main] INFO  o.a.c.f.i.CuratorFrameworkImpl - Starting
170285 [main] INFO  o.a.c.f.i.CuratorFrameworkImpl - Starting
170286 [main-EventThread] INFO  o.a.c.f.s.ConnectionStateManager - State change: CONNECTED
170287 [main-EventThread] INFO  o.a.c.f.s.ConnectionStateManager - State change: CONNECTED
170287 [main-EventThread] INFO  o.a.s.zookeeper - Zookeeper state update: :connected:none
170287 [Curator-Framework-0] INFO  o.a.c.f.i.CuratorFrameworkImpl - backgroundOperationsLoop exiting
170288 [main] INFO  o.a.c.f.i.CuratorFrameworkImpl - Starting
170290 [main-EventThread] INFO  o.a.c.f.s.ConnectionStateManager - State change: CONNECTED
170292 [main] INFO  o.a.s.d.supervisor - Starting Supervisor with conf {"topology.builtin.metrics.bucket.size.secs" 60, "nimbus.childopts" "-Xmx1024m", "ui.filter.params" nil, "storm.cluster.mode" "local", "storm.messaging.netty.client_worker_threads" 1, "logviewer.max.per.worker.logs.size.mb" 2048, "supervisor.run.worker.as.user" false, "topology.max.task.parallelism" nil, "topology.priority" 29, "zmq.threads" 1, "storm.group.mapping.service" "org.apache.storm.security.auth.ShellBasedGroupsMapping", "transactional.zookeeper.root" "/transactional", "topology.sleep.spout.wait.strategy.time.ms" 1, "scheduler.display.resource" false, "topology.max.replication.wait.time.sec" 60, "drpc.invocations.port" 3773, "supervisor.localizer.cache.target.size.mb" 10240, "topology.multilang.serializer" "org.apache.storm.multilang.JsonSerializer", "storm.messaging.netty.server_worker_threads" 1, "nimbus.blobstore.class" "org.apache.storm.blobstore.LocalFsBlobStore", "resource.aware.scheduler.eviction.strategy" "org.apache.storm.scheduler.resource.strategies.eviction.DefaultEvictionStrategy", "topology.max.error.report.per.interval" 5, "storm.thrift.transport" "org.apache.storm.security.auth.SimpleTransportPlugin", "zmq.hwm" 0, "storm.group.mapping.service.params" nil, "worker.profiler.enabled" false, "storm.principal.tolocal" "org.apache.storm.security.auth.DefaultPrincipalToLocal", "supervisor.worker.shutdown.sleep.secs" 1, "pacemaker.host" "localhost", "storm.zookeeper.retry.times" 5, "ui.actions.enabled" true, "zmq.linger.millis" 0, "supervisor.enable" false, "topology.stats.sample.rate" 0.05, "storm.messaging.netty.min_wait_ms" 100, "worker.log.level.reset.poll.secs" 30, "storm.zookeeper.port" 2003, "supervisor.heartbeat.frequency.secs" 5, "topology.enable.message.timeouts" false, "supervisor.cpu.capacity" 400.0, "drpc.worker.threads" 64, "supervisor.blobstore.download.thread.count" 5, "drpc.queue.size" 128, "topology.backpressure.enable" false, "supervisor.blobstore.class" "org.apache.storm.blobstore.NimbusBlobStore", "storm.blobstore.inputstream.buffer.size.bytes" 65536, "topology.shellbolt.max.pending" 100, "drpc.https.keystore.password" "", "nimbus.code.sync.freq.secs" 120, "logviewer.port" 8000, "topology.scheduler.strategy" "org.apache.storm.scheduler.resource.strategies.scheduling.DefaultResourceAwareStrategy", "topology.executor.send.buffer.size" 1024, "resource.aware.scheduler.priority.strategy" "org.apache.storm.scheduler.resource.strategies.priority.DefaultSchedulingPriorityStrategy", "pacemaker.auth.method" "NONE", "storm.daemon.metrics.reporter.plugins" ["org.apache.storm.daemon.metrics.reporters.JmxPreparableReporter"], "topology.worker.logwriter.childopts" "-Xmx64m", "topology.spout.wait.strategy" "org.apache.storm.spout.SleepSpoutWaitStrategy", "ui.host" "0.0.0.0", "storm.nimbus.retry.interval.millis" 2000, "nimbus.inbox.jar.expiration.secs" 3600, "dev.zookeeper.path" "/tmp/dev-storm-zookeeper", "topology.acker.executors" 0, "topology.fall.back.on.java.serialization" true, "topology.eventlogger.executors" 0, "supervisor.localizer.cleanup.interval.ms" 600000, "storm.zookeeper.servers" ["localhost"], "nimbus.thrift.threads" 64, "logviewer.cleanup.age.mins" 10080, "topology.worker.childopts" nil, "topology.classpath" nil, "supervisor.monitor.frequency.secs" 3, "nimbus.credential.renewers.freq.secs" 600, "topology.skip.missing.kryo.registrations" true, "drpc.authorizer.acl.filename" "drpc-auth-acl.yaml", "pacemaker.kerberos.users" [], "storm.group.mapping.service.cache.duration.secs" 120, "topology.testing.always.try.serialize" false, "nimbus.monitor.freq.secs" 10, "storm.health.check.timeout.ms" 5000, "supervisor.supervisors" [], "topology.tasks" nil, "topology.bolts.outgoing.overflow.buffer.enable" false, "storm.messaging.netty.socket.backlog" 500, "topology.workers" 1, "pacemaker.base.threads" 10, "storm.local.dir" "/tmp/8e39d4ae-5a53-486b-b91e-c4353c578322", "topology.disable.loadaware" false, "worker.childopts" "-Xmx%HEAP-MEM%m -XX:+PrintGCDetails -Xloggc:artifacts/gc.log -XX:+PrintGCDateStamps -XX:+PrintGCTimeStamps -XX:+UseGCLogFileRotation -XX:NumberOfGCLogFiles=10 -XX:GCLogFileSize=1M -XX:+HeapDumpOnOutOfMemoryError -XX:HeapDumpPath=artifacts/heapdump", "storm.auth.simple-white-list.users" [], "topology.disruptor.batch.timeout.millis" 1, "topology.message.timeout.secs" 30, "topology.state.synchronization.timeout.secs" 60, "topology.tuple.serializer" "org.apache.storm.serialization.types.ListDelegateSerializer", "supervisor.supervisors.commands" [], "nimbus.blobstore.expiration.secs" 600, "logviewer.childopts" "-Xmx128m", "topology.environment" nil, "topology.debug" false, "topology.disruptor.batch.size" 100, "storm.messaging.netty.max_retries" 300, "ui.childopts" "-Xmx768m", "storm.network.topography.plugin" "org.apache.storm.networktopography.DefaultRackDNSToSwitchMapping", "storm.zookeeper.session.timeout" 20000, "drpc.childopts" "-Xmx768m", "drpc.http.creds.plugin" "org.apache.storm.security.auth.DefaultHttpCredentialsPlugin", "storm.zookeeper.connection.timeout" 15000, "storm.zookeeper.auth.user" nil, "storm.meta.serialization.delegate" "org.apache.storm.serialization.GzipThriftSerializationDelegate", "topology.max.spout.pending" nil, "storm.codedistributor.class" "org.apache.storm.codedistributor.LocalFileSystemCodeDistributor", "nimbus.supervisor.timeout.secs" 60, "nimbus.task.timeout.secs" 30, "drpc.port" 3772, "pacemaker.max.threads" 50, "storm.zookeeper.retry.intervalceiling.millis" 30000, "nimbus.thrift.port" 6627, "storm.auth.simple-acl.admins" [], "topology.component.cpu.pcore.percent" 10.0, "supervisor.memory.capacity.mb" 3072.0, "storm.nimbus.retry.times" 5, "supervisor.worker.start.timeout.secs" 120, "storm.zookeeper.retry.interval" 1000, "logs.users" nil, "storm.cluster.metrics.consumer.publish.interval.secs" 60, "worker.profiler.command" "flight.bash", "transactional.zookeeper.port" nil, "drpc.max_buffer_size" 1048576, "pacemaker.thread.timeout" 10, "task.credentials.poll.secs" 30, "blobstore.superuser" "travis", "drpc.https.keystore.type" "JKS", "topology.worker.receiver.thread.count" 1, "topology.state.checkpoint.interval.ms" 1000, "supervisor.slots.ports" (1024 1025 1026), "topology.transfer.buffer.size" 1024, "storm.health.check.dir" "healthchecks", "topology.worker.shared.thread.pool.size" 4, "drpc.authorizer.acl.strict" false, "nimbus.file.copy.expiration.secs" 600, "worker.profiler.childopts" "-XX:+UnlockCommercialFeatures -XX:+FlightRecorder", "topology.executor.receive.buffer.size" 1024, "backpressure.disruptor.low.watermark" 0.4, "nimbus.task.launch.secs" 120, "storm.local.mode.zmq" false, "storm.messaging.netty.buffer_size" 5242880, "storm.cluster.state.store" "org.apache.storm.cluster_state.zookeeper_state_factory", "worker.heartbeat.frequency.secs" 1, "storm.log4j2.conf.dir" "log4j2", "ui.http.creds.plugin" "org.apache.storm.security.auth.DefaultHttpCredentialsPlugin", "storm.zookeeper.root" "/storm", "topology.tick.tuple.freq.secs" nil, "drpc.https.port" -1, "storm.workers.artifacts.dir" "workers-artifacts", "supervisor.blobstore.download.max_retries" 3, "task.refresh.poll.secs" 10, "storm.exhibitor.port" 8080, "task.heartbeat.frequency.secs" 3, "pacemaker.port" 6699, "storm.messaging.netty.max_wait_ms" 1000, "topology.component.resources.offheap.memory.mb" 0.0, "drpc.http.port" 3774, "topology.error.throttle.interval.secs" 10, "storm.messaging.transport" "org.apache.storm.messaging.netty.Context", "storm.messaging.netty.authentication" false, "topology.component.resources.onheap.memory.mb" 128.0, "topology.kryo.factory" "org.apache.storm.serialization.DefaultKryoFactory", "worker.gc.childopts" "", "nimbus.topology.validator" "org.apache.storm.nimbus.DefaultTopologyValidator", "nimbus.seeds" ["localhost"], "nimbus.queue.size" 100000, "nimbus.cleanup.inbox.freq.secs" 600, "storm.blobstore.replication.factor" 3, "worker.heap.memory.mb" 768, "logviewer.max.sum.worker.logs.size.mb" 4096, "pacemaker.childopts" "-Xmx1024m", "ui.users" nil, "transactional.zookeeper.servers" nil, "supervisor.worker.timeout.secs" 30, "storm.zookeeper.auth.password" nil, "storm.blobstore.acl.validation.enabled" false, "client.blobstore.class" "org.apache.storm.blobstore.NimbusBlobStore", "supervisor.childopts" "-Xmx256m", "topology.worker.max.heap.size.mb" 768.0, "ui.http.x-frame-options" "DENY", "backpressure.disruptor.high.watermark" 0.9, "ui.filter" nil, "ui.header.buffer.bytes" 4096, "topology.min.replication.count" 1, "topology.disruptor.wait.timeout.millis" 1000, "storm.nimbus.retry.intervalceiling.millis" 60000, "topology.trident.batch.emit.interval.millis" 50, "storm.auth.simple-acl.users" [], "drpc.invocations.threads" 64, "java.library.path" "/usr/local/lib:/opt/local/lib:/usr/lib", "ui.port" 8080, "storm.exhibitor.poll.uripath" "/exhibitor/v1/cluster/list", "storm.messaging.netty.transfer.batch.size" 262144, "logviewer.appender.name" "A1", "nimbus.thrift.max_buffer_size" 1048576, "storm.auth.simple-acl.users.commands" [], "drpc.request.timeout.secs" 600}
170293 [main] INFO  o.a.s.l.Localizer - Reconstruct localized resource: /tmp/8e39d4ae-5a53-486b-b91e-c4353c578322/supervisor/usercache
170293 [main] WARN  o.a.s.l.Localizer - No left over resources found for any user during reconstructing of local resources at: /tmp/8e39d4ae-5a53-486b-b91e-c4353c578322/supervisor/usercache
170293 [main] INFO  o.a.c.f.i.CuratorFrameworkImpl - Starting
170295 [main-EventThread] INFO  o.a.c.f.s.ConnectionStateManager - State change: CONNECTED
170295 [main-EventThread] INFO  o.a.s.zookeeper - Zookeeper state update: :connected:none
170295 [Curator-Framework-0] INFO  o.a.c.f.i.CuratorFrameworkImpl - backgroundOperationsLoop exiting
170296 [main] INFO  o.a.c.f.i.CuratorFrameworkImpl - Starting
170297 [main-EventThread] INFO  o.a.c.f.s.ConnectionStateManager - State change: CONNECTED
170300 [main] INFO  o.a.s.d.supervisor - Starting supervisor with id 9bda55b8-3129-4e64-ac0e-d6a0e620837e at host testing-worker-linux-docker-11bc7888-3435-linux-11.prod.travis-ci.org
170301 [main] INFO  o.a.s.d.supervisor - Starting Supervisor with conf {"topology.builtin.metrics.bucket.size.secs" 60, "nimbus.childopts" "-Xmx1024m", "ui.filter.params" nil, "storm.cluster.mode" "local", "storm.messaging.netty.client_worker_threads" 1, "logviewer.max.per.worker.logs.size.mb" 2048, "supervisor.run.worker.as.user" false, "topology.max.task.parallelism" nil, "topology.priority" 29, "zmq.threads" 1, "storm.group.mapping.service" "org.apache.storm.security.auth.ShellBasedGroupsMapping", "transactional.zookeeper.root" "/transactional", "topology.sleep.spout.wait.strategy.time.ms" 1, "scheduler.display.resource" false, "topology.max.replication.wait.time.sec" 60, "drpc.invocations.port" 3773, "supervisor.localizer.cache.target.size.mb" 10240, "topology.multilang.serializer" "org.apache.storm.multilang.JsonSerializer", "storm.messaging.netty.server_worker_threads" 1, "nimbus.blobstore.class" "org.apache.storm.blobstore.LocalFsBlobStore", "resource.aware.scheduler.eviction.strategy" "org.apache.storm.scheduler.resource.strategies.eviction.DefaultEvictionStrategy", "topology.max.error.report.per.interval" 5, "storm.thrift.transport" "org.apache.storm.security.auth.SimpleTransportPlugin", "zmq.hwm" 0, "storm.group.mapping.service.params" nil, "worker.profiler.enabled" false, "storm.principal.tolocal" "org.apache.storm.security.auth.DefaultPrincipalToLocal", "supervisor.worker.shutdown.sleep.secs" 1, "pacemaker.host" "localhost", "storm.zookeeper.retry.times" 5, "ui.actions.enabled" true, "zmq.linger.millis" 0, "supervisor.enable" false, "topology.stats.sample.rate" 0.05, "storm.messaging.netty.min_wait_ms" 100, "worker.log.level.reset.poll.secs" 30, "storm.zookeeper.port" 2003, "supervisor.heartbeat.frequency.secs" 5, "topology.enable.message.timeouts" false, "supervisor.cpu.capacity" 400.0, "drpc.worker.threads" 64, "supervisor.blobstore.download.thread.count" 5, "drpc.queue.size" 128, "topology.backpressure.enable" false, "supervisor.blobstore.class" "org.apache.storm.blobstore.NimbusBlobStore", "storm.blobstore.inputstream.buffer.size.bytes" 65536, "topology.shellbolt.max.pending" 100, "drpc.https.keystore.password" "", "nimbus.code.sync.freq.secs" 120, "logviewer.port" 8000, "topology.scheduler.strategy" "org.apache.storm.scheduler.resource.strategies.scheduling.DefaultResourceAwareStrategy", "topology.executor.send.buffer.size" 1024, "resource.aware.scheduler.priority.strategy" "org.apache.storm.scheduler.resource.strategies.priority.DefaultSchedulingPriorityStrategy", "pacemaker.auth.method" "NONE", "storm.daemon.metrics.reporter.plugins" ["org.apache.storm.daemon.metrics.reporters.JmxPreparableReporter"], "topology.worker.logwriter.childopts" "-Xmx64m", "topology.spout.wait.strategy" "org.apache.storm.spout.SleepSpoutWaitStrategy", "ui.host" "0.0.0.0", "storm.nimbus.retry.interval.millis" 2000, "nimbus.inbox.jar.expiration.secs" 3600, "dev.zookeeper.path" "/tmp/dev-storm-zookeeper", "topology.acker.executors" 0, "topology.fall.back.on.java.serialization" true, "topology.eventlogger.executors" 0, "supervisor.localizer.cleanup.interval.ms" 600000, "storm.zookeeper.servers" ["localhost"], "nimbus.thrift.threads" 64, "logviewer.cleanup.age.mins" 10080, "topology.worker.childopts" nil, "topology.classpath" nil, "supervisor.monitor.frequency.secs" 3, "nimbus.credential.renewers.freq.secs" 600, "topology.skip.missing.kryo.registrations" true, "drpc.authorizer.acl.filename" "drpc-auth-acl.yaml", "pacemaker.kerberos.users" [], "storm.group.mapping.service.cache.duration.secs" 120, "topology.testing.always.try.serialize" false, "nimbus.monitor.freq.secs" 10, "storm.health.check.timeout.ms" 5000, "supervisor.supervisors" [], "topology.tasks" nil, "topology.bolts.outgoing.overflow.buffer.enable" false, "storm.messaging.netty.socket.backlog" 500, "topology.workers" 1, "pacemaker.base.threads" 10, "storm.local.dir" "/tmp/a45722a3-0c36-40a5-a530-57be02d1dcfc", "topology.disable.loadaware" false, "worker.childopts" "-Xmx%HEAP-MEM%m -XX:+PrintGCDetails -Xloggc:artifacts/gc.log -XX:+PrintGCDateStamps -XX:+PrintGCTimeStamps -XX:+UseGCLogFileRotation -XX:NumberOfGCLogFiles=10 -XX:GCLogFileSize=1M -XX:+HeapDumpOnOutOfMemoryError -XX:HeapDumpPath=artifacts/heapdump", "storm.auth.simple-white-list.users" [], "topology.disruptor.batch.timeout.millis" 1, "topology.message.timeout.secs" 30, "topology.state.synchronization.timeout.secs" 60, "topology.tuple.serializer" "org.apache.storm.serialization.types.ListDelegateSerializer", "supervisor.supervisors.commands" [], "nimbus.blobstore.expiration.secs" 600, "logviewer.childopts" "-Xmx128m", "topology.environment" nil, "topology.debug" false, "topology.disruptor.batch.size" 100, "storm.messaging.netty.max_retries" 300, "ui.childopts" "-Xmx768m", "storm.network.topography.plugin" "org.apache.storm.networktopography.DefaultRackDNSToSwitchMapping", "storm.zookeeper.session.timeout" 20000, "drpc.childopts" "-Xmx768m", "drpc.http.creds.plugin" "org.apache.storm.security.auth.DefaultHttpCredentialsPlugin", "storm.zookeeper.connection.timeout" 15000, "storm.zookeeper.auth.user" nil, "storm.meta.serialization.delegate" "org.apache.storm.serialization.GzipThriftSerializationDelegate", "topology.max.spout.pending" nil, "storm.codedistributor.class" "org.apache.storm.codedistributor.LocalFileSystemCodeDistributor", "nimbus.supervisor.timeout.secs" 60, "nimbus.task.timeout.secs" 30, "drpc.port" 3772, "pacemaker.max.threads" 50, "storm.zookeeper.retry.intervalceiling.millis" 30000, "nimbus.thrift.port" 6627, "storm.auth.simple-acl.admins" [], "topology.component.cpu.pcore.percent" 10.0, "supervisor.memory.capacity.mb" 3072.0, "storm.nimbus.retry.times" 5, "supervisor.worker.start.timeout.secs" 120, "storm.zookeeper.retry.interval" 1000, "logs.users" nil, "storm.cluster.metrics.consumer.publish.interval.secs" 60, "worker.profiler.command" "flight.bash", "transactional.zookeeper.port" nil, "drpc.max_buffer_size" 1048576, "pacemaker.thread.timeout" 10, "task.credentials.poll.secs" 30, "blobstore.superuser" "travis", "drpc.https.keystore.type" "JKS", "topology.worker.receiver.thread.count" 1, "topology.state.checkpoint.interval.ms" 1000, "supervisor.slots.ports" (1027 1028 1029), "topology.transfer.buffer.size" 1024, "storm.health.check.dir" "healthchecks", "topology.worker.shared.thread.pool.size" 4, "drpc.authorizer.acl.strict" false, "nimbus.file.copy.expiration.secs" 600, "worker.profiler.childopts" "-XX:+UnlockCommercialFeatures -XX:+FlightRecorder", "topology.executor.receive.buffer.size" 1024, "backpressure.disruptor.low.watermark" 0.4, "nimbus.task.launch.secs" 120, "storm.local.mode.zmq" false, "storm.messaging.netty.buffer_size" 5242880, "storm.cluster.state.store" "org.apache.storm.cluster_state.zookeeper_state_factory", "worker.heartbeat.frequency.secs" 1, "storm.log4j2.conf.dir" "log4j2", "ui.http.creds.plugin" "org.apache.storm.security.auth.DefaultHttpCredentialsPlugin", "storm.zookeeper.root" "/storm", "topology.tick.tuple.freq.secs" nil, "drpc.https.port" -1, "storm.workers.artifacts.dir" "workers-artifacts", "supervisor.blobstore.download.max_retries" 3, "task.refresh.poll.secs" 10, "storm.exhibitor.port" 8080, "task.heartbeat.frequency.secs" 3, "pacemaker.port" 6699, "storm.messaging.netty.max_wait_ms" 1000, "topology.component.resources.offheap.memory.mb" 0.0, "drpc.http.port" 3774, "topology.error.throttle.interval.secs" 10, "storm.messaging.transport" "org.apache.storm.messaging.netty.Context", "storm.messaging.netty.authentication" false, "topology.component.resources.onheap.memory.mb" 128.0, "topology.kryo.factory" "org.apache.storm.serialization.DefaultKryoFactory", "worker.gc.childopts" "", "nimbus.topology.validator" "org.apache.storm.nimbus.DefaultTopologyValidator", "nimbus.seeds" ["localhost"], "nimbus.queue.size" 100000, "nimbus.cleanup.inbox.freq.secs" 600, "storm.blobstore.replication.factor" 3, "worker.heap.memory.mb" 768, "logviewer.max.sum.worker.logs.size.mb" 4096, "pacemaker.childopts" "-Xmx1024m", "ui.users" nil, "transactional.zookeeper.servers" nil, "supervisor.worker.timeout.secs" 30, "storm.zookeeper.auth.password" nil, "storm.blobstore.acl.validation.enabled" false, "client.blobstore.class" "org.apache.storm.blobstore.NimbusBlobStore", "supervisor.childopts" "-Xmx256m", "topology.worker.max.heap.size.mb" 768.0, "ui.http.x-frame-options" "DENY", "backpressure.disruptor.high.watermark" 0.9, "ui.filter" nil, "ui.header.buffer.bytes" 4096, "topology.min.replication.count" 1, "topology.disruptor.wait.timeout.millis" 1000, "storm.nimbus.retry.intervalceiling.millis" 60000, "topology.trident.batch.emit.interval.millis" 50, "storm.auth.simple-acl.users" [], "drpc.invocations.threads" 64, "java.library.path" "/usr/local/lib:/opt/local/lib:/usr/lib", "ui.port" 8080, "storm.exhibitor.poll.uripath" "/exhibitor/v1/cluster/list", "storm.messaging.netty.transfer.batch.size" 262144, "logviewer.appender.name" "A1", "nimbus.thrift.max_buffer_size" 1048576, "storm.auth.simple-acl.users.commands" [], "drpc.request.timeout.secs" 600}
170301 [main] INFO  o.a.s.l.Localizer - Reconstruct localized resource: /tmp/a45722a3-0c36-40a5-a530-57be02d1dcfc/supervisor/usercache
170301 [main] WARN  o.a.s.l.Localizer - No left over resources found for any user during reconstructing of local resources at: /tmp/a45722a3-0c36-40a5-a530-57be02d1dcfc/supervisor/usercache
170302 [main] INFO  o.a.c.f.i.CuratorFrameworkImpl - Starting
170303 [main-EventThread] INFO  o.a.c.f.s.ConnectionStateManager - State change: CONNECTED
170303 [main-EventThread] INFO  o.a.s.zookeeper - Zookeeper state update: :connected:none
170303 [Curator-Framework-0] INFO  o.a.c.f.i.CuratorFrameworkImpl - backgroundOperationsLoop exiting
170304 [main] INFO  o.a.c.f.i.CuratorFrameworkImpl - Starting
170306 [main-EventThread] INFO  o.a.c.f.s.ConnectionStateManager - State change: CONNECTED
170308 [main] INFO  o.a.s.d.supervisor - Starting supervisor with id 652c1e67-3d90-4b4d-81ee-ac2a228a09e7 at host testing-worker-linux-docker-11bc7888-3435-linux-11.prod.travis-ci.org
170313 [main] INFO  o.a.s.l.ThriftAccessLogger - Request ID: 124 access from: /65.66.67.68 principal:  operation: submitTopology
170314 [main] INFO  o.a.s.d.nimbus - Received topology submission for mystorm with conf {"topology.max.task.parallelism" nil, "topology.submitter.principal" "", "topology.acker.executors" 0, "topology.eventlogger.executors" 0, "topology.workers" 4, "storm.zookeeper.superACL" nil, "topology.users" (), "topology.submitter.user" "travis", "topology.kryo.register" nil, "topology.kryo.decorators" (), "storm.id" "mystorm-1-0", "topology.name" "mystorm"}
170319 [main] INFO  o.a.s.d.nimbus - uploadedJar 
170321 [main] INFO  o.a.c.f.i.CuratorFrameworkImpl - Starting
170322 [main-EventThread] INFO  o.a.c.f.s.ConnectionStateManager - State change: CONNECTED
170325 [Curator-Framework-0] INFO  o.a.c.f.i.CuratorFrameworkImpl - backgroundOperationsLoop exiting
170327 [main] INFO  o.a.s.cluster - setup-path/blobstore/mystorm-1-0-stormconf.ser/testing-worker-linux-docker-11bc7888-3435-linux-11.prod.travis-ci.org:6627-1
170330 [main] INFO  o.a.c.f.i.CuratorFrameworkImpl - Starting
170331 [main-EventThread] INFO  o.a.c.f.s.ConnectionStateManager - State change: CONNECTED
170333 [Curator-Framework-0] INFO  o.a.c.f.i.CuratorFrameworkImpl - backgroundOperationsLoop exiting
170334 [main] INFO  o.a.s.cluster - setup-path/blobstore/mystorm-1-0-stormcode.ser/testing-worker-linux-docker-11bc7888-3435-linux-11.prod.travis-ci.org:6627-1
170337 [main] INFO  o.a.s.d.nimbus - desired replication count 1 achieved, current-replication-count for conf key = 1, current-replication-count for code key = 1, current-replication-count for jar key = 1
170345 [main] INFO  o.a.s.d.nimbus - Activating mystorm: mystorm-1-0
170377 [timer] INFO  o.a.s.s.EvenScheduler - Available slots: (["652c1e67-3d90-4b4d-81ee-ac2a228a09e7" 1027] ["652c1e67-3d90-4b4d-81ee-ac2a228a09e7" 1028] ["652c1e67-3d90-4b4d-81ee-ac2a228a09e7" 1029] ["9bda55b8-3129-4e64-ac0e-d6a0e620837e" 1024] ["9bda55b8-3129-4e64-ac0e-d6a0e620837e" 1025] ["9bda55b8-3129-4e64-ac0e-d6a0e620837e" 1026])
170379 [timer] INFO  o.a.s.d.nimbus - Setting new assignment for topology id mystorm-1-0: #org.apache.storm.daemon.common.Assignment{:master-code-dir "/tmp/fc41c835-b6fa-4e59-8b2c-7d3c5aaae32f", :node->host {"9bda55b8-3129-4e64-ac0e-d6a0e620837e" "testing-worker-linux-docker-11bc7888-3435-linux-11.prod.travis-ci.org", "652c1e67-3d90-4b4d-81ee-ac2a228a09e7" "testing-worker-linux-docker-11bc7888-3435-linux-11.prod.travis-ci.org"}, :executor->node+port {[8 8] ["9bda55b8-3129-4e64-ac0e-d6a0e620837e" 1024], [7 7] ["652c1e67-3d90-4b4d-81ee-ac2a228a09e7" 1027], [6 6] ["9bda55b8-3129-4e64-ac0e-d6a0e620837e" 1025], [5 5] ["652c1e67-3d90-4b4d-81ee-ac2a228a09e7" 1028], [3 4] ["9bda55b8-3129-4e64-ac0e-d6a0e620837e" 1024], [1 2] ["652c1e67-3d90-4b4d-81ee-ac2a228a09e7" 1027], [10 10] ["9bda55b8-3129-4e64-ac0e-d6a0e620837e" 1025], [9 9] ["652c1e67-3d90-4b4d-81ee-ac2a228a09e7" 1028]}, :executor->start-time-secs {[1 2] 1, [7 7] 1, [3 4] 1, [8 8] 1, [5 5] 1, [9 9] 1, [6 6] 1, [10 10] 1}, :worker->resources {["9bda55b8-3129-4e64-ac0e-d6a0e620837e" 1024] [0.0 0.0 0.0], ["652c1e67-3d90-4b4d-81ee-ac2a228a09e7" 1027] [0.0 0.0 0.0], ["9bda55b8-3129-4e64-ac0e-d6a0e620837e" 1025] [0.0 0.0 0.0], ["652c1e67-3d90-4b4d-81ee-ac2a228a09e7" 1028] [0.0 0.0 0.0]}}
170576 [main] INFO  o.a.s.l.ThriftAccessLogger - Request ID: 124 access from: /65.66.67.68 principal:  operation: getUserTopology
170582 [main] INFO  o.a.s.l.ThriftAccessLogger - Request ID: 124 access from: /65.66.67.68 principal:  operation: getTopologyConf
170588 [main] INFO  o.a.s.l.ThriftAccessLogger - Request ID: 124 access from: /65.66.67.68 principal:  operation: getTopologyConf
170593 [main] INFO  o.a.s.l.ThriftAccessLogger - Request ID: 124 access from: /65.66.67.68 principal:  operation: getUserTopology
170601 [main] INFO  o.a.s.l.ThriftAccessLogger - Request ID: 124 access from: /65.66.67.68 principal:  operation: getUserTopology
170607 [main] INFO  o.a.s.l.ThriftAccessLogger - Request ID: 124 access from: /65.66.67.68 principal:  operation: getTopologyConf
170612 [main] INFO  o.a.s.d.nimbus - Shutting down master
170613 [Curator-Framework-0] INFO  o.a.c.f.i.CuratorFrameworkImpl - backgroundOperationsLoop exiting
170614 [Curator-Framework-0] INFO  o.a.c.f.i.CuratorFrameworkImpl - backgroundOperationsLoop exiting
170615 [Curator-Framework-0] INFO  o.a.c.f.i.CuratorFrameworkImpl - backgroundOperationsLoop exiting
170616 [main] INFO  o.a.s.zookeeper - closing zookeeper connection of leader elector.
170616 [Curator-Framework-0] INFO  o.a.c.f.i.CuratorFrameworkImpl - backgroundOperationsLoop exiting
170617 [main] INFO  o.a.s.d.nimbus - Shut down master
170617 [Curator-Framework-0] INFO  o.a.c.f.i.CuratorFrameworkImpl - backgroundOperationsLoop exiting
170619 [Curator-Framework-0] INFO  o.a.c.f.i.CuratorFrameworkImpl - backgroundOperationsLoop exiting
170620 [main] INFO  o.a.s.d.supervisor - Shutting down supervisor 9bda55b8-3129-4e64-ac0e-d6a0e620837e
170620 [Thread-1969] INFO  o.a.s.event - Event manager interrupted
170620 [Thread-1970] INFO  o.a.s.event - Event manager interrupted
170620 [Curator-Framework-0] INFO  o.a.c.f.i.CuratorFrameworkImpl - backgroundOperationsLoop exiting
170621 [main] INFO  o.a.s.d.supervisor - Shutting down supervisor 652c1e67-3d90-4b4d-81ee-ac2a228a09e7
170622 [Thread-1971] INFO  o.a.s.event - Event manager interrupted
170622 [Thread-1972] INFO  o.a.s.event - Event manager interrupted
170622 [Curator-Framework-0] INFO  o.a.c.f.i.CuratorFrameworkImpl - backgroundOperationsLoop exiting
170623 [main] INFO  o.a.s.testing - Shutting down in process zookeeper
170624 [main] INFO  o.a.s.testing - Done shutting down in process zookeeper
170624 [main] INFO  o.a.s.testing - Deleting temporary path /tmp/fc41c835-b6fa-4e59-8b2c-7d3c5aaae32f
170626 [main] INFO  o.a.s.testing - Deleting temporary path /tmp/42c98609-e703-404f-a6d9-91c75878ae04
170626 [main] INFO  o.a.s.testing - Deleting temporary path /tmp/8e39d4ae-5a53-486b-b91e-c4353c578322
170626 [main] INFO  o.a.s.testing - Deleting temporary path /tmp/a45722a3-0c36-40a5-a530-57be02d1dcfc
]]>            </system-out>
        </testcase>
        <testcase name="do-cleanup-removes-inactive-znodes" classname="org.apache.storm.nimbus-test">
            <system-out>
<![CDATA[170634 [main] INFO  o.a.s.d.nimbus - Cleaning up topo2
170634 [main] INFO  o.a.s.d.nimbus - Cleaning up topo3
170645 [timer] INFO  o.a.s.d.nimbus - Cleaning up topo2
]]>            </system-out>
        </testcase>
        <testcase name="test-topo-history" classname="org.apache.storm.nimbus-test">
            <system-out>
<![CDATA[170646 [main] INFO  o.a.s.zookeeper - Starting inprocess zookeeper at port 2003 and dir /tmp/867f1804-1174-4c35-87df-3c6a31601b06
170647 [main] WARN  o.a.z.j.MBeanRegistry - Failed to register MBean StandaloneServer_port-1
170647 [main] WARN  o.a.z.s.ZooKeeperServer - Failed to register with JMX
javax.management.InstanceAlreadyExistsException: org.apache.ZooKeeperService:name0=StandaloneServer_port-1
	at com.sun.jmx.mbeanserver.Repository.addMBean(Repository.java:437) ~[?:1.8.0_31]
	at com.sun.jmx.interceptor.DefaultMBeanServerInterceptor.registerWithRepository(DefaultMBeanServerInterceptor.java:1898) ~[?:1.8.0_31]
	at com.sun.jmx.interceptor.DefaultMBeanServerInterceptor.registerDynamicMBean(DefaultMBeanServerInterceptor.java:966) ~[?:1.8.0_31]
	at com.sun.jmx.interceptor.DefaultMBeanServerInterceptor.registerObject(DefaultMBeanServerInterceptor.java:900) ~[?:1.8.0_31]
	at com.sun.jmx.interceptor.DefaultMBeanServerInterceptor.registerMBean(DefaultMBeanServerInterceptor.java:324) ~[?:1.8.0_31]
	at com.sun.jmx.mbeanserver.JmxMBeanServer.registerMBean(JmxMBeanServer.java:522) ~[?:1.8.0_31]
	at org.apache.zookeeper.jmx.MBeanRegistry.register(MBeanRegistry.java:96) ~[zookeeper-3.4.6.jar:3.4.6-1569965]
	at org.apache.zookeeper.server.ZooKeeperServer.registerJMX(ZooKeeperServer.java:377) [zookeeper-3.4.6.jar:3.4.6-1569965]
	at org.apache.zookeeper.server.ZooKeeperServer.startup(ZooKeeperServer.java:410) [zookeeper-3.4.6.jar:3.4.6-1569965]
	at org.apache.zookeeper.server.NIOServerCnxnFactory.startup(NIOServerCnxnFactory.java:123) [zookeeper-3.4.6.jar:3.4.6-1569965]
	at sun.reflect.GeneratedMethodAccessor211.invoke(Unknown Source) ~[?:?]
	at sun.reflect.DelegatingMethodAccessorImpl.invoke(DelegatingMethodAccessorImpl.java:43) ~[?:1.8.0_31]
	at java.lang.reflect.Method.invoke(Method.java:483) ~[?:1.8.0_31]
	at clojure.lang.Reflector.invokeMatchingMethod(Reflector.java:93) [clojure-1.7.0.jar:?]
	at clojure.lang.Reflector.invokeInstanceMethod(Reflector.java:28) [clojure-1.7.0.jar:?]
	at org.apache.storm.zookeeper$mk_inprocess_zookeeper.doInvoke(zookeeper.clj:231) [classes/:?]
	at clojure.lang.RestFn.invoke(RestFn.java:410) [clojure-1.7.0.jar:?]
	at org.apache.storm.testing$mk_local_storm_cluster.doInvoke(testing.clj:137) [classes/:?]
	at clojure.lang.RestFn.invoke(RestFn.java:512) [clojure-1.7.0.jar:?]
	at org.apache.storm.nimbus_test$fn__9383.invoke(nimbus_test.clj:401) [?:?]
	at clojure.test$test_var$fn__7670.invoke(test.clj:704) [clojure-1.7.0.jar:?]
	at clojure.test$test_var.invoke(test.clj:704) [clojure-1.7.0.jar:?]
	at clojure.test$test_vars$fn__7692$fn__7697.invoke(test.clj:722) [clojure-1.7.0.jar:?]
	at clojure.test$default_fixture.invoke(test.clj:674) [clojure-1.7.0.jar:?]
	at clojure.test$test_vars$fn__7692.invoke(test.clj:722) [clojure-1.7.0.jar:?]
	at clojure.test$default_fixture.invoke(test.clj:674) [clojure-1.7.0.jar:?]
	at clojure.test$test_vars.invoke(test.clj:718) [clojure-1.7.0.jar:?]
	at clojure.test$test_all_vars.invoke(test.clj:728) [clojure-1.7.0.jar:?]
	at clojure.test$test_ns.invoke(test.clj:747) [clojure-1.7.0.jar:?]
	at clojure.core$map$fn__4553.invoke(core.clj:2624) [clojure-1.7.0.jar:?]
	at clojure.lang.LazySeq.sval(LazySeq.java:40) [clojure-1.7.0.jar:?]
	at clojure.lang.LazySeq.seq(LazySeq.java:49) [clojure-1.7.0.jar:?]
	at clojure.lang.Cons.next(Cons.java:39) [clojure-1.7.0.jar:?]
	at clojure.lang.RT.boundedLength(RT.java:1735) [clojure-1.7.0.jar:?]
	at clojure.lang.RestFn.applyTo(RestFn.java:130) [clojure-1.7.0.jar:?]
	at clojure.core$apply.invoke(core.clj:632) [clojure-1.7.0.jar:?]
	at clojure.test$run_tests.doInvoke(test.clj:762) [clojure-1.7.0.jar:?]
	at clojure.lang.RestFn.invoke(RestFn.java:408) [clojure-1.7.0.jar:?]
	at org.apache.storm.testrunner$eval11086$iter__11087__11091$fn__11092$fn__11093$fn__11094.invoke(test_runner.clj:107) [?:?]
	at org.apache.storm.testrunner$eval11086$iter__11087__11091$fn__11092$fn__11093.invoke(test_runner.clj:53) [?:?]
	at org.apache.storm.testrunner$eval11086$iter__11087__11091$fn__11092.invoke(test_runner.clj:52) [?:?]
	at clojure.lang.LazySeq.sval(LazySeq.java:40) [clojure-1.7.0.jar:?]
	at clojure.lang.LazySeq.seq(LazySeq.java:49) [clojure-1.7.0.jar:?]
	at clojure.lang.ChunkedCons.chunkedNext(ChunkedCons.java:59) [clojure-1.7.0.jar:?]
	at clojure.lang.ChunkedCons.next(ChunkedCons.java:43) [clojure-1.7.0.jar:?]
	at clojure.lang.RT.next(RT.java:674) [clojure-1.7.0.jar:?]
	at clojure.core$next__4112.invoke(core.clj:64) [clojure-1.7.0.jar:?]
	at clojure.core$dorun.invoke(core.clj:3010) [clojure-1.7.0.jar:?]
	at org.apache.storm.testrunner$eval11086.invoke(test_runner.clj:52) [?:?]
	at clojure.lang.Compiler.eval(Compiler.java:6782) [clojure-1.7.0.jar:?]
	at clojure.lang.Compiler.load(Compiler.java:7227) [clojure-1.7.0.jar:?]
	at clojure.lang.Compiler.loadFile(Compiler.java:7165) [clojure-1.7.0.jar:?]
	at clojure.main$load_script.invoke(main.clj:275) [clojure-1.7.0.jar:?]
	at clojure.main$script_opt.invoke(main.clj:337) [clojure-1.7.0.jar:?]
	at clojure.main$main.doInvoke(main.clj:421) [clojure-1.7.0.jar:?]
	at clojure.lang.RestFn.invoke(RestFn.java:421) [clojure-1.7.0.jar:?]
	at clojure.lang.Var.invoke(Var.java:383) [clojure-1.7.0.jar:?]
	at clojure.lang.AFn.applyToHelper(AFn.java:156) [clojure-1.7.0.jar:?]
	at clojure.lang.Var.applyTo(Var.java:700) [clojure-1.7.0.jar:?]
	at clojure.main.main(main.java:37) [clojure-1.7.0.jar:?]
170657 [timer] ERROR o.a.s.d.nimbus - Error when processing event
org.apache.storm.generated.KeyNotFoundException
	at org.apache.storm.blobstore.LocalFsBlobStore.getStoredBlobMeta(LocalFsBlobStore.java:149) ~[classes/:?]
	at org.apache.storm.blobstore.LocalFsBlobStore.getBlob(LocalFsBlobStore.java:239) ~[classes/:?]
	at org.apache.storm.blobstore.BlobStore.readBlobTo(BlobStore.java:271) ~[classes/:?]
	at org.apache.storm.blobstore.BlobStore.readBlob(BlobStore.java:300) ~[classes/:?]
	at sun.reflect.GeneratedMethodAccessor89.invoke(Unknown Source) ~[?:?]
	at sun.reflect.DelegatingMethodAccessorImpl.invoke(DelegatingMethodAccessorImpl.java:43) ~[?:1.8.0_31]
	at java.lang.reflect.Method.invoke(Method.java:483) ~[?:1.8.0_31]
	at clojure.lang.Reflector.invokeMatchingMethod(Reflector.java:93) ~[clojure-1.7.0.jar:?]
	at clojure.lang.Reflector.invokeInstanceMethod(Reflector.java:28) ~[clojure-1.7.0.jar:?]
	at org.apache.storm.daemon.nimbus$read_storm_topology_as_nimbus.invoke(nimbus.clj:542) ~[classes/:?]
	at org.apache.storm.daemon.nimbus$blob_rm_dependency_jars_in_topology.invoke(nimbus.clj:1133) ~[classes/:?]
	at org.apache.storm.daemon.nimbus$do_cleanup.invoke(nimbus.clj:1162) ~[classes/:?]
	at org.apache.storm.daemon.nimbus$fn__8808$exec_fn__1384__auto____8809$fn__8820.invoke(nimbus.clj:2213) ~[classes/:?]
	at org.apache.storm.timer$schedule_recurring$this__4247.invoke(timer.clj:105) ~[classes/:?]
	at org.apache.storm.timer$mk_timer$fn__4230$fn__4231.invoke(timer.clj:50) [classes/:?]
	at org.apache.storm.timer$mk_timer$fn__4230.invoke(timer.clj:42) [classes/:?]
	at clojure.lang.AFn.run(AFn.java:22) [clojure-1.7.0.jar:?]
	at java.lang.Thread.run(Thread.java:745) [?:1.8.0_31]
170658 [main] INFO  o.a.s.d.nimbus - Starting Nimbus with conf {"topology.builtin.metrics.bucket.size.secs" 60, "nimbus.childopts" "-Xmx1024m", "ui.filter.params" nil, "storm.cluster.mode" "local", "storm.messaging.netty.client_worker_threads" 1, "logviewer.max.per.worker.logs.size.mb" 2048, "supervisor.run.worker.as.user" false, "topology.max.task.parallelism" nil, "topology.priority" 29, "zmq.threads" 1, "storm.group.mapping.service" "org.apache.storm.security.auth.ShellBasedGroupsMapping", "transactional.zookeeper.root" "/transactional", "topology.sleep.spout.wait.strategy.time.ms" 1, "scheduler.display.resource" false, "topology.max.replication.wait.time.sec" 60, "drpc.invocations.port" 3773, "supervisor.localizer.cache.target.size.mb" 10240, "topology.multilang.serializer" "org.apache.storm.multilang.JsonSerializer", "storm.messaging.netty.server_worker_threads" 1, "nimbus.blobstore.class" "org.apache.storm.blobstore.LocalFsBlobStore", "resource.aware.scheduler.eviction.strategy" "org.apache.storm.scheduler.resource.strategies.eviction.DefaultEvictionStrategy", "topology.max.error.report.per.interval" 5, "storm.thrift.transport" "org.apache.storm.security.auth.SimpleTransportPlugin", "zmq.hwm" 0, "storm.group.mapping.service.params" nil, "worker.profiler.enabled" false, "storm.principal.tolocal" "org.apache.storm.security.auth.DefaultPrincipalToLocal", "supervisor.worker.shutdown.sleep.secs" 1, "pacemaker.host" "localhost", "storm.zookeeper.retry.times" 5, "ui.actions.enabled" true, "zmq.linger.millis" 0, "supervisor.enable" false, "topology.stats.sample.rate" 0.05, "storm.messaging.netty.min_wait_ms" 100, "worker.log.level.reset.poll.secs" 30, "storm.zookeeper.port" 2003, "supervisor.heartbeat.frequency.secs" 5, "topology.enable.message.timeouts" false, "supervisor.cpu.capacity" 400.0, "drpc.worker.threads" 64, "supervisor.blobstore.download.thread.count" 5, "drpc.queue.size" 128, "topology.backpressure.enable" false, "supervisor.blobstore.class" "org.apache.storm.blobstore.NimbusBlobStore", "storm.blobstore.inputstream.buffer.size.bytes" 65536, "topology.shellbolt.max.pending" 100, "drpc.https.keystore.password" "", "nimbus.code.sync.freq.secs" 120, "logviewer.port" 8000, "topology.scheduler.strategy" "org.apache.storm.scheduler.resource.strategies.scheduling.DefaultResourceAwareStrategy", "topology.executor.send.buffer.size" 1024, "resource.aware.scheduler.priority.strategy" "org.apache.storm.scheduler.resource.strategies.priority.DefaultSchedulingPriorityStrategy", "pacemaker.auth.method" "NONE", "storm.daemon.metrics.reporter.plugins" ["org.apache.storm.daemon.metrics.reporters.JmxPreparableReporter"], "topology.worker.logwriter.childopts" "-Xmx64m", "topology.spout.wait.strategy" "org.apache.storm.spout.SleepSpoutWaitStrategy", "ui.host" "0.0.0.0", "storm.nimbus.retry.interval.millis" 2000, "nimbus.inbox.jar.expiration.secs" 3600, "dev.zookeeper.path" "/tmp/dev-storm-zookeeper", "topology.acker.executors" 0, "topology.fall.back.on.java.serialization" true, "topology.eventlogger.executors" 0, "supervisor.localizer.cleanup.interval.ms" 600000, "storm.zookeeper.servers" ["localhost"], "nimbus.thrift.threads" 64, "logviewer.cleanup.age.mins" 10080, "topology.worker.childopts" nil, "topology.classpath" nil, "supervisor.monitor.frequency.secs" 3, "nimbus.credential.renewers.freq.secs" 600, "topology.skip.missing.kryo.registrations" true, "drpc.authorizer.acl.filename" "drpc-auth-acl.yaml", "pacemaker.kerberos.users" [], "storm.group.mapping.service.cache.duration.secs" 120, "topology.testing.always.try.serialize" false, "nimbus.monitor.freq.secs" 10, "storm.health.check.timeout.ms" 5000, "supervisor.supervisors" [], "topology.tasks" nil, "topology.bolts.outgoing.overflow.buffer.enable" false, "storm.messaging.netty.socket.backlog" 500, "topology.workers" 1, "pacemaker.base.threads" 10, "storm.local.dir" "/tmp/1f4164fd-ff4e-4e84-90a4-98e7c4d24405", "topology.disable.loadaware" false, "worker.childopts" "-Xmx%HEAP-MEM%m -XX:+PrintGCDetails -Xloggc:artifacts/gc.log -XX:+PrintGCDateStamps -XX:+PrintGCTimeStamps -XX:+UseGCLogFileRotation -XX:NumberOfGCLogFiles=10 -XX:GCLogFileSize=1M -XX:+HeapDumpOnOutOfMemoryError -XX:HeapDumpPath=artifacts/heapdump", "storm.auth.simple-white-list.users" [], "topology.disruptor.batch.timeout.millis" 1, "topology.message.timeout.secs" 30, "topology.state.synchronization.timeout.secs" 60, "topology.tuple.serializer" "org.apache.storm.serialization.types.ListDelegateSerializer", "supervisor.supervisors.commands" [], "nimbus.blobstore.expiration.secs" 600, "logviewer.childopts" "-Xmx128m", "topology.environment" nil, "topology.debug" false, "topology.disruptor.batch.size" 100, "storm.messaging.netty.max_retries" 300, "ui.childopts" "-Xmx768m", "storm.network.topography.plugin" "org.apache.storm.networktopography.DefaultRackDNSToSwitchMapping", "storm.zookeeper.session.timeout" 20000, "drpc.childopts" "-Xmx768m", "drpc.http.creds.plugin" "org.apache.storm.security.auth.DefaultHttpCredentialsPlugin", "storm.zookeeper.connection.timeout" 15000, "storm.zookeeper.auth.user" nil, "storm.meta.serialization.delegate" "org.apache.storm.serialization.GzipThriftSerializationDelegate", "topology.max.spout.pending" nil, "storm.codedistributor.class" "org.apache.storm.codedistributor.LocalFileSystemCodeDistributor", "nimbus.supervisor.timeout.secs" 60, "nimbus.task.timeout.secs" 30, "drpc.port" 3772, "pacemaker.max.threads" 50, "storm.zookeeper.retry.intervalceiling.millis" 30000, "nimbus.thrift.port" 6627, "storm.auth.simple-acl.admins" [], "topology.component.cpu.pcore.percent" 10.0, "supervisor.memory.capacity.mb" 3072.0, "storm.nimbus.retry.times" 5, "supervisor.worker.start.timeout.secs" 120, "storm.zookeeper.retry.interval" 1000, "logs.users" nil, "storm.cluster.metrics.consumer.publish.interval.secs" 60, "worker.profiler.command" "flight.bash", "transactional.zookeeper.port" nil, "drpc.max_buffer_size" 1048576, "pacemaker.thread.timeout" 10, "task.credentials.poll.secs" 30, "blobstore.superuser" "travis", "drpc.https.keystore.type" "JKS", "topology.worker.receiver.thread.count" 1, "topology.state.checkpoint.interval.ms" 1000, "supervisor.slots.ports" [6700 6701 6702 6703], "topology.transfer.buffer.size" 1024, "storm.health.check.dir" "healthchecks", "topology.worker.shared.thread.pool.size" 4, "drpc.authorizer.acl.strict" false, "nimbus.file.copy.expiration.secs" 600, "worker.profiler.childopts" "-XX:+UnlockCommercialFeatures -XX:+FlightRecorder", "topology.executor.receive.buffer.size" 1024, "backpressure.disruptor.low.watermark" 0.4, "nimbus.task.launch.secs" 120, "storm.local.mode.zmq" false, "storm.messaging.netty.buffer_size" 5242880, "storm.cluster.state.store" "org.apache.storm.cluster_state.zookeeper_state_factory", "worker.heartbeat.frequency.secs" 1, "storm.log4j2.conf.dir" "log4j2", "ui.http.creds.plugin" "org.apache.storm.security.auth.DefaultHttpCredentialsPlugin", "storm.zookeeper.root" "/storm", "topology.tick.tuple.freq.secs" nil, "drpc.https.port" -1, "storm.workers.artifacts.dir" "workers-artifacts", "supervisor.blobstore.download.max_retries" 3, "task.refresh.poll.secs" 10, "storm.exhibitor.port" 8080, "task.heartbeat.frequency.secs" 3, "pacemaker.port" 6699, "storm.messaging.netty.max_wait_ms" 1000, "topology.component.resources.offheap.memory.mb" 0.0, "drpc.http.port" 3774, "topology.error.throttle.interval.secs" 10, "storm.messaging.transport" "org.apache.storm.messaging.netty.Context", "storm.messaging.netty.authentication" false, "topology.component.resources.onheap.memory.mb" 128.0, "topology.kryo.factory" "org.apache.storm.serialization.DefaultKryoFactory", "nimbus.admins" ["admin-user"], "worker.gc.childopts" "", "nimbus.topology.validator" "org.apache.storm.nimbus.DefaultTopologyValidator", "nimbus.seeds" ["localhost"], "nimbus.queue.size" 100000, "nimbus.cleanup.inbox.freq.secs" 600, "storm.blobstore.replication.factor" 3, "worker.heap.memory.mb" 768, "logviewer.max.sum.worker.logs.size.mb" 4096, "pacemaker.childopts" "-Xmx1024m", "ui.users" nil, "transactional.zookeeper.servers" nil, "supervisor.worker.timeout.secs" 30, "storm.zookeeper.auth.password" nil, "storm.blobstore.acl.validation.enabled" false, "client.blobstore.class" "org.apache.storm.blobstore.NimbusBlobStore", "supervisor.childopts" "-Xmx256m", "topology.worker.max.heap.size.mb" 768.0, "ui.http.x-frame-options" "DENY", "backpressure.disruptor.high.watermark" 0.9, "ui.filter" nil, "ui.header.buffer.bytes" 4096, "topology.min.replication.count" 1, "topology.disruptor.wait.timeout.millis" 1000, "storm.nimbus.retry.intervalceiling.millis" 60000, "topology.trident.batch.emit.interval.millis" 50, "storm.auth.simple-acl.users" [], "drpc.invocations.threads" 64, "java.library.path" "/usr/local/lib:/opt/local/lib:/usr/lib", "ui.port" 8080, "storm.exhibitor.poll.uripath" "/exhibitor/v1/cluster/list", "storm.messaging.netty.transfer.batch.size" 262144, "logviewer.appender.name" "A1", "nimbus.thrift.max_buffer_size" 1048576, "storm.auth.simple-acl.users.commands" [], "drpc.request.timeout.secs" 600}
170658 [main] INFO  o.a.c.f.i.CuratorFrameworkImpl - Starting
170660 [timer] ERROR o.a.s.util - Halting process: ("Error when processing an event")
java.lang.RuntimeException: ("Error when processing an event")
	at org.apache.storm.util$exit_process_BANG_.doInvoke(util.clj:341) [classes/:?]
	at clojure.lang.RestFn.invoke(RestFn.java:423) [clojure-1.7.0.jar:?]
	at org.apache.storm.daemon.nimbus$nimbus_data$fn__7758.invoke(nimbus.clj:206) [classes/:?]
	at org.apache.storm.timer$mk_timer$fn__4230$fn__4231.invoke(timer.clj:71) [classes/:?]
	at org.apache.storm.timer$mk_timer$fn__4230.invoke(timer.clj:42) [classes/:?]
	at clojure.lang.AFn.run(AFn.java:22) [clojure-1.7.0.jar:?]
	at java.lang.Thread.run(Thread.java:745) [?:1.8.0_31]
170662 [main] INFO  o.a.s.b.FileBlobStoreImpl - Creating new blob store based in /tmp/1f4164fd-ff4e-4e84-90a4-98e7c4d24405/blobs
170662 [main] INFO  o.a.s.d.nimbus - Using default scheduler
170662 [main] INFO  o.a.c.f.i.CuratorFrameworkImpl - Starting
170665 [main] INFO  o.a.c.f.i.CuratorFrameworkImpl - Starting
170684 [main-EventThread] INFO  o.a.c.f.s.ConnectionStateManager - State change: CONNECTED
170685 [main-EventThread] INFO  o.a.c.f.s.ConnectionStateManager - State change: CONNECTED
170685 [main-EventThread] INFO  o.a.s.zookeeper - Zookeeper state update: :connected:none

--------------------------------------------------

travis_time:end:237384ca:start=1470634171703644306,finish=1470634457497541507,duration=285793897201[0K
[31;1mThe command "/bin/bash ./dev-tools/travis/travis-script.sh `pwd` $MODULES" exited with 1.[0m
travis_fold:start:cache.2[0Kstore build cache
travis_time:start:02846ec6[0K
travis_time:end:02846ec6:start=1470634457502066572,finish=1470634457505461533,duration=3394961[0Ktravis_time:start:0108d845[0K[32;1mchange detected (content changed, file is created, or file is deleted):
/home/travis/.m2/repository/eigenbase/eigenbase-properties/1.1.4/eigenbase-properties-1.1.4.pom.lastUpdated
/home/travis/.m2/repository/io/confluent/kafka-avro-serializer/1.0/kafka-avro-serializer-1.0.pom.lastUpdated
/home/travis/.m2/repository/io/confluent/kafka-schema-registry-client/1.0/kafka-schema-registry-client-1.0.pom.lastUpdated
/home/travis/.m2/repository/net/hydromatic/linq4j/0.4/linq4j-0.4.pom.lastUpdated
/home/travis/.m2/repository/net/hydromatic/quidem/0.1.1/quidem-0.1.1.pom.lastUpdated
/home/travis/.m2/repository/org/apache/storm/flux/1.1.1-SNAPSHOT/maven-metadata-local.xml
/home/travis/.m2/repository/org/apache/storm/flux/1.1.1-SNAPSHOT/_remote.repositories
/home/travis/.m2/repository/org/apache/storm/flux-core/1.1.1-SNAPSHOT/flux-core-1.1.1-SNAPSHOT.jar
/home/travis/.m2/repository/org/apache/storm/flux-core/1.1.1-SNAPSHOT/maven-metadata-local.xml
/home/travis/.m2/repository/org/apache/storm/flux-core/1.1.1-SNAPSHOT/_remote.repositories
/home/travis/.m2/repository/org/ap
[0m
[32;1m...
[0m
[32;1mchanges detected, packing new archive[0m
.
.
.
.
.
.
.
.
.
.
.
[32;1muploading archive[0m

travis_time:end:0108d845:start=1470634457509419973,finish=1470634561463160548,duration=103953740575[0Ktravis_fold:end:cache.2[0K
Done. Your build exited with 1.
