Using worker: worker-linux-docker-9853c360.prod.travis-ci.org:travis-linux-11

travis_fold:start:system_info[0K[33;1mBuild system information[0m
Build language: java
Build group: stable
Build dist: precise
Build id: 150535691
Job id: 150535692
travis-build version: d377c8f80
[34m[1mBuild image provisioning date and time[0m
Thu Feb  5 15:09:33 UTC 2015
[34m[1mOperating System Details[0m
Distributor ID:	Ubuntu
Description:	Ubuntu 12.04.5 LTS
Release:	12.04
Codename:	precise
[34m[1mLinux Version[0m
3.13.0-29-generic
[34m[1mCookbooks Version[0m
a68419e https://github.com/travis-ci/travis-cookbooks/tree/a68419e
[34m[1mGCC version[0m
gcc (Ubuntu/Linaro 4.6.3-1ubuntu5) 4.6.3
Copyright (C) 2011 Free Software Foundation, Inc.
This is free software; see the source for copying conditions.  There is NO
warranty; not even for MERCHANTABILITY or FITNESS FOR A PARTICULAR PURPOSE.

[34m[1mLLVM version[0m
clang version 3.4 (tags/RELEASE_34/final)
Target: x86_64-unknown-linux-gnu
Thread model: posix
[34m[1mPre-installed Ruby versions[0m
ruby-1.9.3-p551
[34m[1mPre-installed Node.js versions[0m
v0.10.36
[34m[1mPre-installed Go versions[0m
1.4.1
[34m[1mRedis version[0m
redis-server 2.8.19
[34m[1mriak version[0m
2.0.2
[34m[1mMongoDB version[0m
MongoDB 2.4.12
[34m[1mCouchDB version[0m
couchdb 1.6.1
[34m[1mNeo4j version[0m
1.9.4
[34m[1mRabbitMQ Version[0m
3.4.3
[34m[1mElasticSearch version[0m
1.4.0
[34m[1mInstalled Sphinx versions[0m
2.0.10
2.1.9
2.2.6
[34m[1mDefault Sphinx version[0m
2.2.6
[34m[1mInstalled Firefox version[0m
firefox 31.0esr
[34m[1mPhantomJS version[0m
1.9.8
[34m[1mant -version[0m
Apache Ant(TM) version 1.8.2 compiled on December 3 2011
[34m[1mmvn -version[0m
Apache Maven 3.2.5 (12a6b3acb947671f09b81f49094c53f426d8cea1; 2014-12-14T17:29:23+00:00)
Maven home: /usr/local/maven
Java version: 1.7.0_76, vendor: Oracle Corporation
Java home: /usr/lib/jvm/java-7-oracle/jre
Default locale: en_US, platform encoding: ANSI_X3.4-1968
OS name: "linux", version: "3.13.0-29-generic", arch: "amd64", family: "unix"
travis_fold:end:system_info[0K
travis_fold:start:fix.CVE-2015-7547[0K$ export DEBIAN_FRONTEND=noninteractive
W: Size of file /var/lib/apt/lists/us.archive.ubuntu.com_ubuntu_dists_precise-backports_multiverse_source_Sources.gz is not what the server reported 5886 5888
W: Size of file /var/lib/apt/lists/ppa.launchpad.net_ubuntugis_ppa_ubuntu_dists_precise_main_binary-amd64_Packages.gz is not what the server reported 33653 36677
W: Size of file /var/lib/apt/lists/ppa.launchpad.net_ubuntugis_ppa_ubuntu_dists_precise_main_binary-i386_Packages.gz is not what the server reported 33699 36733
Reading package lists...
Building dependency tree...
Reading state information...
The following extra packages will be installed:
  libc-bin libc-dev-bin libc6-dev
Suggested packages:
  glibc-doc
The following packages will be upgraded:
  libc-bin libc-dev-bin libc6 libc6-dev
4 upgraded, 0 newly installed, 0 to remove and 252 not upgraded.
Need to get 8,840 kB of archives.
After this operation, 14.3 kB disk space will be freed.
Get:1 http://us.archive.ubuntu.com/ubuntu/ precise-updates/main libc6-dev amd64 2.15-0ubuntu10.15 [2,943 kB]
Get:2 http://us.archive.ubuntu.com/ubuntu/ precise-updates/main libc-dev-bin amd64 2.15-0ubuntu10.15 [84.7 kB]
Get:3 http://us.archive.ubuntu.com/ubuntu/ precise-updates/main libc-bin amd64 2.15-0ubuntu10.15 [1,177 kB]
Get:4 http://us.archive.ubuntu.com/ubuntu/ precise-updates/main libc6 amd64 2.15-0ubuntu10.15 [4,636 kB]
Fetched 8,840 kB in 0s (35.2 MB/s)
Preconfiguring packages ...
(Reading database ... (Reading database ... 5%(Reading database ... 10%(Reading database ... 15%(Reading database ... 20%(Reading database ... 25%(Reading database ... 30%(Reading database ... 35%(Reading database ... 40%(Reading database ... 45%(Reading database ... 50%(Reading database ... 55%(Reading database ... 60%(Reading database ... 65%(Reading database ... 70%(Reading database ... 75%(Reading database ... 80%(Reading database ... 85%(Reading database ... 90%(Reading database ... 95%(Reading database ... 100%(Reading database ... 72019 files and directories currently installed.)
Preparing to replace libc6-dev 2.15-0ubuntu10.10 (using .../libc6-dev_2.15-0ubuntu10.15_amd64.deb) ...
Unpacking replacement libc6-dev ...
Preparing to replace libc-dev-bin 2.15-0ubuntu10.10 (using .../libc-dev-bin_2.15-0ubuntu10.15_amd64.deb) ...
Unpacking replacement libc-dev-bin ...
Preparing to replace libc-bin 2.15-0ubuntu10.10 (using .../libc-bin_2.15-0ubuntu10.15_amd64.deb) ...
Unpacking replacement libc-bin ...
Processing triggers for man-db ...
Setting up libc-bin (2.15-0ubuntu10.15) ...
(Reading database ... (Reading database ... 5%(Reading database ... 10%(Reading database ... 15%(Reading database ... 20%(Reading database ... 25%(Reading database ... 30%(Reading database ... 35%(Reading database ... 40%(Reading database ... 45%(Reading database ... 50%(Reading database ... 55%(Reading database ... 60%(Reading database ... 65%(Reading database ... 70%(Reading database ... 75%(Reading database ... 80%(Reading database ... 85%(Reading database ... 90%(Reading database ... 95%(Reading database ... 100%(Reading database ... 72018 files and directories currently installed.)
Preparing to replace libc6 2.15-0ubuntu10.10 (using .../libc6_2.15-0ubuntu10.15_amd64.deb) ...
Unpacking replacement libc6 ...
Setting up libc6 (2.15-0ubuntu10.15) ...
Setting up libc-dev-bin (2.15-0ubuntu10.15) ...
Setting up libc6-dev (2.15-0ubuntu10.15) ...
Processing triggers for libc-bin ...
ldconfig deferred processing now taking place
travis_fold:end:fix.CVE-2015-7547[0Ktravis_fold:start:git.checkout[0Ktravis_time:start:2a171faf[0K$ git clone --depth=50 https://github.com/apache/storm.git apache/storm
Cloning into 'apache/storm'...
remote: Counting objects: 19068, done.[K
remote: Compressing objects:   0% (1/7726)   [Kremote: Compressing objects:   1% (78/7726)   [Kremote: Compressing objects:   2% (155/7726)   [Kremote: Compressing objects:   3% (232/7726)   [Kremote: Compressing objects:   4% (310/7726)   [Kremote: Compressing objects:   5% (387/7726)   [Kremote: Compressing objects:   6% (464/7726)   [Kremote: Compressing objects:   7% (541/7726)   [Kremote: Compressing objects:   8% (619/7726)   [Kremote: Compressing objects:   9% (696/7726)   [Kremote: Compressing objects:  10% (773/7726)   [Kremote: Compressing objects:  11% (850/7726)   [Kremote: Compressing objects:  12% (928/7726)   [Kremote: Compressing objects:  13% (1005/7726)   [Kremote: Compressing objects:  14% (1082/7726)   [Kremote: Compressing objects:  15% (1159/7726)   [Kremote: Compressing objects:  16% (1237/7726)   [Kremote: Compressing objects:  17% (1314/7726)   [Kremote: Compressing objects:  18% (1391/7726)   [Kremote: Compressing objects:  19% (1468/7726)   [Kremote: Compressing objects:  20% (1546/7726)   [Kremote: Compressing objects:  21% (1623/7726)   [Kremote: Compressing objects:  22% (1700/7726)   [Kremote: Compressing objects:  23% (1777/7726)   [Kremote: Compressing objects:  24% (1855/7726)   [Kremote: Compressing objects:  25% (1932/7726)   [Kremote: Compressing objects:  26% (2009/7726)   [Kremote: Compressing objects:  27% (2087/7726)   [Kremote: Compressing objects:  28% (2164/7726)   [Kremote: Compressing objects:  29% (2241/7726)   [Kremote: Compressing objects:  30% (2318/7726)   [Kremote: Compressing objects:  31% (2396/7726)   [Kremote: Compressing objects:  32% (2473/7726)   [Kremote: Compressing objects:  33% (2550/7726)   [Kremote: Compressing objects:  34% (2627/7726)   [Kremote: Compressing objects:  35% (2705/7726)   [Kremote: Compressing objects:  36% (2782/7726)   [Kremote: Compressing objects:  37% (2859/7726)   [Kremote: Compressing objects:  38% (2936/7726)   [Kremote: Compressing objects:  39% (3014/7726)   [Kremote: Compressing objects:  40% (3091/7726)   [Kremote: Compressing objects:  41% (3168/7726)   [Kremote: Compressing objects:  42% (3245/7726)   [Kremote: Compressing objects:  43% (3323/7726)   [Kremote: Compressing objects:  44% (3400/7726)   [Kremote: Compressing objects:  45% (3477/7726)   [Kremote: Compressing objects:  46% (3554/7726)   [Kremote: Compressing objects:  47% (3632/7726)   [Kremote: Compressing objects:  48% (3709/7726)   [Kremote: Compressing objects:  49% (3786/7726)   [Kremote: Compressing objects:  50% (3863/7726)   [Kremote: Compressing objects:  51% (3941/7726)   [Kremote: Compressing objects:  52% (4018/7726)   [Kremote: Compressing objects:  53% (4095/7726)   [Kremote: Compressing objects:  54% (4173/7726)   [Kremote: Compressing objects:  55% (4250/7726)   [Kremote: Compressing objects:  56% (4327/7726)   [Kremote: Compressing objects:  57% (4404/7726)   [Kremote: Compressing objects:  58% (4482/7726)   [Kremote: Compressing objects:  59% (4559/7726)   [Kremote: Compressing objects:  60% (4636/7726)   [Kremote: Compressing objects:  61% (4713/7726)   [Kremote: Compressing objects:  62% (4791/7726)   [Kremote: Compressing objects:  63% (4868/7726)   [Kremote: Compressing objects:  64% (4945/7726)   [Kremote: Compressing objects:  65% (5022/7726)   [Kremote: Compressing objects:  66% (5100/7726)   [Kremote: Compressing objects:  67% (5177/7726)   [Kremote: Compressing objects:  68% (5254/7726)   [Kremote: Compressing objects:  69% (5331/7726)   [Kremote: Compressing objects:  70% (5409/7726)   [Kremote: Compressing objects:  71% (5486/7726)   [Kremote: Compressing objects:  72% (5563/7726)   [Kremote: Compressing objects:  73% (5640/7726)   [Kremote: Compressing objects:  74% (5718/7726)   [Kremote: Compressing objects:  75% (5795/7726)   [Kremote: Compressing objects:  76% (5872/7726)   [Kremote: Compressing objects:  77% (5950/7726)   [Kremote: Compressing objects:  78% (6027/7726)   [Kremote: Compressing objects:  79% (6104/7726)   [Kremote: Compressing objects:  80% (6181/7726)   [Kremote: Compressing objects:  81% (6259/7726)   [Kremote: Compressing objects:  82% (6336/7726)   [Kremote: Compressing objects:  83% (6413/7726)   [Kremote: Compressing objects:  84% (6490/7726)   [Kremote: Compressing objects:  85% (6568/7726)   [Kremote: Compressing objects:  86% (6645/7726)   [Kremote: Compressing objects:  87% (6722/7726)   [Kremote: Compressing objects:  88% (6799/7726)   [Kremote: Compressing objects:  89% (6877/7726)   [Kremote: Compressing objects:  90% (6954/7726)   [Kremote: Compressing objects:  91% (7031/7726)   [Kremote: Compressing objects:  92% (7108/7726)   [Kremote: Compressing objects:  93% (7186/7726)   [Kremote: Compressing objects:  94% (7263/7726)   [Kremote: Compressing objects:  95% (7340/7726)   [Kremote: Compressing objects:  96% (7417/7726)   [Kremote: Compressing objects:  97% (7495/7726)   [Kremote: Compressing objects:  98% (7572/7726)   [Kremote: Compressing objects:  99% (7649/7726)   [Kremote: Compressing objects: 100% (7726/7726)   [Kremote: Compressing objects: 100% (7726/7726), done.[K
Receiving objects:   0% (1/19068)   Receiving objects:   1% (191/19068)   Receiving objects:   2% (382/19068)   Receiving objects:   3% (573/19068)   Receiving objects:   4% (763/19068)   Receiving objects:   5% (954/19068)   Receiving objects:   6% (1145/19068)   Receiving objects:   7% (1335/19068)   Receiving objects:   8% (1526/19068)   Receiving objects:   9% (1717/19068)   Receiving objects:  10% (1907/19068)   Receiving objects:  11% (2098/19068)   Receiving objects:  12% (2289/19068)   Receiving objects:  13% (2479/19068)   Receiving objects:  14% (2670/19068)   Receiving objects:  15% (2861/19068)   Receiving objects:  16% (3051/19068)   Receiving objects:  17% (3242/19068)   Receiving objects:  18% (3433/19068)   Receiving objects:  19% (3623/19068)   Receiving objects:  20% (3814/19068)   Receiving objects:  21% (4005/19068)   Receiving objects:  22% (4195/19068)   Receiving objects:  23% (4386/19068)   Receiving objects:  24% (4577/19068)   Receiving objects:  25% (4767/19068)   Receiving objects:  26% (4958/19068), 9.37 MiB | 18.70 MiB/s   Receiving objects:  27% (5149/19068), 9.37 MiB | 18.70 MiB/s   Receiving objects:  28% (5340/19068), 9.37 MiB | 18.70 MiB/s   Receiving objects:  29% (5530/19068), 9.37 MiB | 18.70 MiB/s   Receiving objects:  30% (5721/19068), 9.37 MiB | 18.70 MiB/s   Receiving objects:  31% (5912/19068), 9.37 MiB | 18.70 MiB/s   Receiving objects:  32% (6102/19068), 9.37 MiB | 18.70 MiB/s   Receiving objects:  33% (6293/19068), 9.37 MiB | 18.70 MiB/s   Receiving objects:  34% (6484/19068), 9.37 MiB | 18.70 MiB/s   Receiving objects:  35% (6674/19068), 9.37 MiB | 18.70 MiB/s   Receiving objects:  36% (6865/19068), 9.37 MiB | 18.70 MiB/s   Receiving objects:  37% (7056/19068), 9.37 MiB | 18.70 MiB/s   Receiving objects:  38% (7246/19068), 9.37 MiB | 18.70 MiB/s   Receiving objects:  39% (7437/19068), 9.37 MiB | 18.70 MiB/s   Receiving objects:  40% (7628/19068), 9.37 MiB | 18.70 MiB/s   Receiving objects:  41% (7818/19068), 9.37 MiB | 18.70 MiB/s   Receiving objects:  42% (8009/19068), 9.37 MiB | 18.70 MiB/s   Receiving objects:  43% (8200/19068), 9.37 MiB | 18.70 MiB/s   Receiving objects:  44% (8390/19068), 9.37 MiB | 18.70 MiB/s   Receiving objects:  45% (8581/19068), 9.37 MiB | 18.70 MiB/s   Receiving objects:  46% (8772/19068), 9.37 MiB | 18.70 MiB/s   Receiving objects:  47% (8962/19068), 9.37 MiB | 18.70 MiB/s   Receiving objects:  48% (9153/19068), 9.37 MiB | 18.70 MiB/s   Receiving objects:  49% (9344/19068), 9.37 MiB | 18.70 MiB/s   Receiving objects:  50% (9534/19068), 9.37 MiB | 18.70 MiB/s   Receiving objects:  51% (9725/19068), 9.37 MiB | 18.70 MiB/s   Receiving objects:  52% (9916/19068), 9.37 MiB | 18.70 MiB/s   Receiving objects:  53% (10107/19068), 9.37 MiB | 18.70 MiB/s   Receiving objects:  54% (10297/19068), 9.37 MiB | 18.70 MiB/s   Receiving objects:  55% (10488/19068), 9.37 MiB | 18.70 MiB/s   Receiving objects:  56% (10679/19068), 9.37 MiB | 18.70 MiB/s   Receiving objects:  57% (10869/19068), 9.37 MiB | 18.70 MiB/s   Receiving objects:  58% (11060/19068), 9.37 MiB | 18.70 MiB/s   Receiving objects:  59% (11251/19068), 9.37 MiB | 18.70 MiB/s   Receiving objects:  60% (11441/19068), 9.37 MiB | 18.70 MiB/s   Receiving objects:  61% (11632/19068), 9.37 MiB | 18.70 MiB/s   Receiving objects:  62% (11823/19068), 9.37 MiB | 18.70 MiB/s   Receiving objects:  63% (12013/19068), 9.37 MiB | 18.70 MiB/s   Receiving objects:  64% (12204/19068), 9.37 MiB | 18.70 MiB/s   Receiving objects:  65% (12395/19068), 9.37 MiB | 18.70 MiB/s   Receiving objects:  66% (12585/19068), 9.37 MiB | 18.70 MiB/s   Receiving objects:  67% (12776/19068), 9.37 MiB | 18.70 MiB/s   Receiving objects:  68% (12967/19068), 9.37 MiB | 18.70 MiB/s   Receiving objects:  69% (13157/19068), 9.37 MiB | 18.70 MiB/s   Receiving objects:  70% (13348/19068), 9.37 MiB | 18.70 MiB/s   Receiving objects:  71% (13539/19068), 9.37 MiB | 18.70 MiB/s   Receiving objects:  72% (13729/19068), 9.37 MiB | 18.70 MiB/s   Receiving objects:  73% (13920/19068), 9.37 MiB | 18.70 MiB/s   Receiving objects:  74% (14111/19068), 9.37 MiB | 18.70 MiB/s   Receiving objects:  75% (14301/19068), 9.37 MiB | 18.70 MiB/s   Receiving objects:  76% (14492/19068), 9.37 MiB | 18.70 MiB/s   Receiving objects:  77% (14683/19068), 9.37 MiB | 18.70 MiB/s   Receiving objects:  78% (14874/19068), 9.37 MiB | 18.70 MiB/s   Receiving objects:  79% (15064/19068), 9.37 MiB | 18.70 MiB/s   Receiving objects:  80% (15255/19068), 9.37 MiB | 18.70 MiB/s   Receiving objects:  81% (15446/19068), 9.37 MiB | 18.70 MiB/s   Receiving objects:  82% (15636/19068), 9.37 MiB | 18.70 MiB/s   Receiving objects:  83% (15827/19068), 9.37 MiB | 18.70 MiB/s   Receiving objects:  84% (16018/19068), 9.37 MiB | 18.70 MiB/s   Receiving objects:  85% (16208/19068), 9.37 MiB | 18.70 MiB/s   Receiving objects:  86% (16399/19068), 9.37 MiB | 18.70 MiB/s   Receiving objects:  87% (16590/19068), 9.37 MiB | 18.70 MiB/s   Receiving objects:  88% (16780/19068), 9.37 MiB | 18.70 MiB/s   Receiving objects:  89% (16971/19068), 9.37 MiB | 18.70 MiB/s   Receiving objects:  90% (17162/19068), 9.37 MiB | 18.70 MiB/s   Receiving objects:  91% (17352/19068), 9.37 MiB | 18.70 MiB/s   Receiving objects:  92% (17543/19068), 9.37 MiB | 18.70 MiB/s   Receiving objects:  93% (17734/19068), 9.37 MiB | 18.70 MiB/s   Receiving objects:  94% (17924/19068), 9.37 MiB | 18.70 MiB/s   Receiving objects:  95% (18115/19068), 9.37 MiB | 18.70 MiB/s   Receiving objects:  96% (18306/19068), 9.37 MiB | 18.70 MiB/s   Receiving objects:  97% (18496/19068), 9.37 MiB | 18.70 MiB/s   Receiving objects:  98% (18687/19068), 9.37 MiB | 18.70 MiB/s   Receiving objects:  99% (18878/19068), 9.37 MiB | 18.70 MiB/s   remote: Total 19068 (delta 9009), reused 16358 (delta 6936), pack-reused 0[K
Receiving objects: 100% (19068/19068), 9.37 MiB | 18.70 MiB/s   Receiving objects: 100% (19068/19068), 15.02 MiB | 18.70 MiB/s, done.
Resolving deltas:   0% (0/9009)   Resolving deltas:   1% (93/9009)   Resolving deltas:   2% (186/9009)   Resolving deltas:   3% (295/9009)   Resolving deltas:   4% (362/9009)   Resolving deltas:   5% (459/9009)   Resolving deltas:   6% (549/9009)   Resolving deltas:   7% (633/9009)   Resolving deltas:   8% (741/9009)   Resolving deltas:   9% (828/9009)   Resolving deltas:  10% (914/9009)   Resolving deltas:  11% (1002/9009)   Resolving deltas:  12% (1094/9009)   Resolving deltas:  13% (1174/9009)   Resolving deltas:  14% (1271/9009)   Resolving deltas:  15% (1354/9009)   Resolving deltas:  16% (1443/9009)   Resolving deltas:  17% (1535/9009)   Resolving deltas:  18% (1622/9009)   Resolving deltas:  19% (1715/9009)   Resolving deltas:  20% (1805/9009)   Resolving deltas:  21% (1892/9009)   Resolving deltas:  22% (1985/9009)   Resolving deltas:  23% (2074/9009)   Resolving deltas:  24% (2167/9009)   Resolving deltas:  25% (2287/9009)   Resolving deltas:  26% (2356/9009)   Resolving deltas:  27% (2441/9009)   Resolving deltas:  28% (2534/9009)   Resolving deltas:  29% (2615/9009)   Resolving deltas:  30% (2705/9009)   Resolving deltas:  31% (2793/9009)   Resolving deltas:  32% (2885/9009)   Resolving deltas:  33% (2973/9009)   Resolving deltas:  34% (3075/9009)   Resolving deltas:  35% (3156/9009)   Resolving deltas:  36% (3260/9009)   Resolving deltas:  37% (3334/9009)   Resolving deltas:  38% (3432/9009)   Resolving deltas:  39% (3514/9009)   Resolving deltas:  40% (3604/9009)   Resolving deltas:  41% (3697/9009)   Resolving deltas:  42% (3786/9009)   Resolving deltas:  43% (3875/9009)   Resolving deltas:  44% (3964/9009)   Resolving deltas:  45% (4058/9009)   Resolving deltas:  46% (4146/9009)   Resolving deltas:  47% (4237/9009)   Resolving deltas:  48% (4326/9009)   Resolving deltas:  49% (4458/9009)   Resolving deltas:  50% (4505/9009)   Resolving deltas:  51% (4596/9009)   Resolving deltas:  52% (4685/9009)   Resolving deltas:  53% (4779/9009)   Resolving deltas:  54% (4865/9009)   Resolving deltas:  55% (4955/9009)   Resolving deltas:  56% (5048/9009)   Resolving deltas:  59% (5379/9009)   Resolving deltas:  60% (5438/9009)   Resolving deltas:  61% (5544/9009)   Resolving deltas:  62% (5597/9009)   Resolving deltas:  63% (5709/9009)   Resolving deltas:  67% (6103/9009)   Resolving deltas:  68% (6127/9009)   Resolving deltas:  69% (6295/9009)   Resolving deltas:  70% (6307/9009)   Resolving deltas:  72% (6538/9009)   Resolving deltas:  75% (6809/9009)   Resolving deltas:  76% (6921/9009)   Resolving deltas:  77% (6937/9009)   Resolving deltas:  79% (7187/9009)   Resolving deltas:  80% (7216/9009)   Resolving deltas:  81% (7338/9009)   Resolving deltas:  82% (7415/9009)   Resolving deltas:  83% (7482/9009)   Resolving deltas:  84% (7576/9009)   Resolving deltas:  85% (7660/9009)   Resolving deltas:  86% (7749/9009)   Resolving deltas:  87% (7838/9009)   Resolving deltas:  88% (7931/9009)   Resolving deltas:  89% (8019/9009)   Resolving deltas:  90% (8109/9009)   Resolving deltas:  91% (8215/9009)   Resolving deltas:  92% (8293/9009)   Resolving deltas:  93% (8461/9009)   Resolving deltas:  94% (8496/9009)   Resolving deltas:  95% (8563/9009)   Resolving deltas:  96% (8650/9009)   Resolving deltas:  97% (8758/9009)   Resolving deltas:  98% (8830/9009)   Resolving deltas:  99% (8921/9009)   Resolving deltas: 100% (9009/9009)   Resolving deltas: 100% (9009/9009), done.
Checking connectivity... done.

travis_time:end:2a171faf:start=1470633915161581613,finish=1470633917832467518,duration=2670885905[0K$ cd apache/storm
travis_time:start:0d3c71a8[0K$ git fetch origin +refs/pull/1608/merge:
remote: Counting objects: 5816, done.[K
remote: Compressing objects:   0% (1/2515)   [Kremote: Compressing objects:   1% (26/2515)   [Kremote: Compressing objects:   2% (51/2515)   [Kremote: Compressing objects:   3% (76/2515)   [Kremote: Compressing objects:   4% (101/2515)   [Kremote: Compressing objects:   5% (126/2515)   [Kremote: Compressing objects:   6% (151/2515)   [Kremote: Compressing objects:   7% (177/2515)   [Kremote: Compressing objects:   8% (202/2515)   [Kremote: Compressing objects:   9% (227/2515)   [Kremote: Compressing objects:  10% (252/2515)   [Kremote: Compressing objects:  11% (277/2515)   [Kremote: Compressing objects:  12% (302/2515)   [Kremote: Compressing objects:  13% (327/2515)   [Kremote: Compressing objects:  14% (353/2515)   [Kremote: Compressing objects:  15% (378/2515)   [Kremote: Compressing objects:  16% (403/2515)   [Kremote: Compressing objects:  17% (428/2515)   [Kremote: Compressing objects:  18% (453/2515)   [Kremote: Compressing objects:  19% (478/2515)   [Kremote: Compressing objects:  20% (503/2515)   [Kremote: Compressing objects:  21% (529/2515)   [Kremote: Compressing objects:  22% (554/2515)   [Kremote: Compressing objects:  23% (579/2515)   [Kremote: Compressing objects:  24% (604/2515)   [Kremote: Compressing objects:  25% (629/2515)   [Kremote: Compressing objects:  26% (654/2515)   [Kremote: Compressing objects:  27% (680/2515)   [Kremote: Compressing objects:  28% (705/2515)   [Kremote: Compressing objects:  29% (730/2515)   [Kremote: Compressing objects:  30% (755/2515)   [Kremote: Compressing objects:  31% (780/2515)   [Kremote: Compressing objects:  32% (805/2515)   [Kremote: Compressing objects:  33% (830/2515)   [Kremote: Compressing objects:  34% (856/2515)   [Kremote: Compressing objects:  35% (881/2515)   [Kremote: Compressing objects:  36% (906/2515)   [Kremote: Compressing objects:  37% (931/2515)   [Kremote: Compressing objects:  38% (956/2515)   [Kremote: Compressing objects:  39% (981/2515)   [Kremote: Compressing objects:  40% (1006/2515)   [Kremote: Compressing objects:  41% (1032/2515)   [Kremote: Compressing objects:  42% (1057/2515)   [Kremote: Compressing objects:  43% (1082/2515)   [Kremote: Compressing objects:  44% (1107/2515)   [Kremote: Compressing objects:  45% (1132/2515)   [Kremote: Compressing objects:  46% (1157/2515)   [Kremote: Compressing objects:  47% (1183/2515)   [Kremote: Compressing objects:  48% (1208/2515)   [Kremote: Compressing objects:  49% (1233/2515)   [Kremote: Compressing objects:  50% (1258/2515)   [Kremote: Compressing objects:  51% (1283/2515)   [Kremote: Compressing objects:  52% (1308/2515)   [Kremote: Compressing objects:  53% (1333/2515)   [Kremote: Compressing objects:  54% (1359/2515)   [Kremote: Compressing objects:  55% (1384/2515)   [Kremote: Compressing objects:  56% (1409/2515)   [Kremote: Compressing objects:  57% (1434/2515)   [Kremote: Compressing objects:  58% (1459/2515)   [Kremote: Compressing objects:  59% (1484/2515)   [Kremote: Compressing objects:  60% (1509/2515)   [Kremote: Compressing objects:  61% (1535/2515)   [Kremote: Compressing objects:  62% (1560/2515)   [Kremote: Compressing objects:  63% (1585/2515)   [Kremote: Compressing objects:  64% (1610/2515)   [Kremote: Compressing objects:  65% (1635/2515)   [Kremote: Compressing objects:  66% (1660/2515)   [Kremote: Compressing objects:  67% (1686/2515)   [Kremote: Compressing objects:  68% (1711/2515)   [Kremote: Compressing objects:  69% (1736/2515)   [Kremote: Compressing objects:  70% (1761/2515)   [Kremote: Compressing objects:  71% (1786/2515)   [Kremote: Compressing objects:  72% (1811/2515)   [Kremote: Compressing objects:  73% (1836/2515)   [Kremote: Compressing objects:  74% (1862/2515)   [Kremote: Compressing objects:  75% (1887/2515)   [Kremote: Compressing objects:  76% (1912/2515)   [Kremote: Compressing objects:  77% (1937/2515)   [Kremote: Compressing objects:  78% (1962/2515)   [Kremote: Compressing objects:  79% (1987/2515)   [Kremote: Compressing objects:  80% (2012/2515)   [Kremote: Compressing objects:  81% (2038/2515)   [Kremote: Compressing objects:  82% (2063/2515)   [Kremote: Compressing objects:  83% (2088/2515)   [Kremote: Compressing objects:  84% (2113/2515)   [Kremote: Compressing objects:  85% (2138/2515)   [Kremote: Compressing objects:  86% (2163/2515)   [Kremote: Compressing objects:  87% (2189/2515)   [Kremote: Compressing objects:  88% (2214/2515)   [Kremote: Compressing objects:  89% (2239/2515)   [Kremote: Compressing objects:  90% (2264/2515)   [Kremote: Compressing objects:  91% (2289/2515)   [Kremote: Compressing objects:  92% (2314/2515)   [Kremote: Compressing objects:  93% (2339/2515)   [Kremote: Compressing objects:  94% (2365/2515)   [Kremote: Compressing objects:  95% (2390/2515)   [Kremote: Compressing objects:  96% (2415/2515)   [Kremote: Compressing objects:  97% (2440/2515)   [Kremote: Compressing objects:  98% (2465/2515)   [Kremote: Compressing objects:  99% (2490/2515)   [Kremote: Compressing objects: 100% (2515/2515)   [Kremote: Compressing objects: 100% (2515/2515), done.[K
Receiving objects:   0% (1/5816)   Receiving objects:   1% (59/5816)   Receiving objects:   2% (117/5816)   Receiving objects:   3% (175/5816)   Receiving objects:   4% (233/5816)   Receiving objects:   5% (291/5816)   Receiving objects:   6% (349/5816)   Receiving objects:   7% (408/5816)   Receiving objects:   8% (466/5816)   Receiving objects:   9% (524/5816)   Receiving objects:  10% (582/5816)   Receiving objects:  11% (640/5816)   Receiving objects:  12% (698/5816)   Receiving objects:  13% (757/5816)   Receiving objects:  14% (815/5816)   Receiving objects:  15% (873/5816)   Receiving objects:  16% (931/5816)   Receiving objects:  17% (989/5816)   Receiving objects:  18% (1047/5816)   Receiving objects:  19% (1106/5816)   Receiving objects:  20% (1164/5816)   Receiving objects:  21% (1222/5816)   Receiving objects:  22% (1280/5816)   Receiving objects:  23% (1338/5816)   Receiving objects:  24% (1396/5816)   Receiving objects:  25% (1454/5816)   Receiving objects:  26% (1513/5816)   Receiving objects:  27% (1571/5816)   Receiving objects:  28% (1629/5816)   Receiving objects:  29% (1687/5816)   Receiving objects:  30% (1745/5816)   Receiving objects:  31% (1803/5816)   Receiving objects:  32% (1862/5816)   Receiving objects:  33% (1920/5816)   Receiving objects:  34% (1978/5816)   Receiving objects:  35% (2036/5816)   Receiving objects:  36% (2094/5816)   Receiving objects:  37% (2152/5816)   Receiving objects:  38% (2211/5816)   Receiving objects:  39% (2269/5816)   Receiving objects:  40% (2327/5816)   Receiving objects:  41% (2385/5816)   Receiving objects:  42% (2443/5816)   Receiving objects:  43% (2501/5816)   Receiving objects:  44% (2560/5816)   Receiving objects:  45% (2618/5816)   Receiving objects:  46% (2676/5816)   Receiving objects:  47% (2734/5816)   Receiving objects:  48% (2792/5816)   Receiving objects:  49% (2850/5816)   Receiving objects:  50% (2908/5816)   Receiving objects:  51% (2967/5816)   Receiving objects:  52% (3025/5816)   Receiving objects:  53% (3083/5816)   Receiving objects:  54% (3141/5816)   Receiving objects:  55% (3199/5816)   Receiving objects:  56% (3257/5816)   Receiving objects:  57% (3316/5816)   Receiving objects:  58% (3374/5816)   Receiving objects:  59% (3432/5816)   Receiving objects:  60% (3490/5816)   Receiving objects:  61% (3548/5816)   Receiving objects:  62% (3606/5816)   Receiving objects:  63% (3665/5816)   Receiving objects:  64% (3723/5816)   Receiving objects:  65% (3781/5816)   Receiving objects:  66% (3839/5816)   Receiving objects:  67% (3897/5816)   Receiving objects:  68% (3955/5816)   Receiving objects:  69% (4014/5816)   Receiving objects:  70% (4072/5816)   Receiving objects:  71% (4130/5816)   Receiving objects:  72% (4188/5816)   Receiving objects:  73% (4246/5816)   Receiving objects:  74% (4304/5816)   Receiving objects:  75% (4362/5816)   Receiving objects:  76% (4421/5816)   Receiving objects:  77% (4479/5816)   Receiving objects:  78% (4537/5816)   Receiving objects:  79% (4595/5816)   Receiving objects:  80% (4653/5816)   Receiving objects:  81% (4711/5816)   Receiving objects:  82% (4770/5816)   Receiving objects:  83% (4828/5816)   Receiving objects:  84% (4886/5816)   Receiving objects:  85% (4944/5816)   Receiving objects:  86% (5002/5816)   Receiving objects:  87% (5060/5816)   Receiving objects:  88% (5119/5816)   remote: Total 5816 (delta 2707), reused 5074 (delta 2038), pack-reused 0[K
Receiving objects:  89% (5177/5816)   Receiving objects:  90% (5235/5816)   Receiving objects:  91% (5293/5816)   Receiving objects:  92% (5351/5816)   Receiving objects:  93% (5409/5816)   Receiving objects:  94% (5468/5816)   Receiving objects:  95% (5526/5816)   Receiving objects:  96% (5584/5816)   Receiving objects:  97% (5642/5816)   Receiving objects:  98% (5700/5816)   Receiving objects:  99% (5758/5816)   Receiving objects: 100% (5816/5816)   Receiving objects: 100% (5816/5816), 1.18 MiB | 0 bytes/s, done.
Resolving deltas:   0% (0/2707)   Resolving deltas:   1% (45/2707)   Resolving deltas:   2% (61/2707)   Resolving deltas:   3% (104/2707)   Resolving deltas:   4% (109/2707)   Resolving deltas:   5% (158/2707)   Resolving deltas:   6% (163/2707)   Resolving deltas:   9% (261/2707)   Resolving deltas:  10% (281/2707)   Resolving deltas:  12% (349/2707)   Resolving deltas:  13% (354/2707)   Resolving deltas:  14% (379/2707)   Resolving deltas:  15% (408/2707)   Resolving deltas:  25% (702/2707)   Resolving deltas:  26% (708/2707)   Resolving deltas:  27% (731/2707)   Resolving deltas:  28% (768/2707)   Resolving deltas:  29% (786/2707)   Resolving deltas:  30% (821/2707)   Resolving deltas:  31% (841/2707)   Resolving deltas:  32% (867/2707)   Resolving deltas:  33% (894/2707)   Resolving deltas:  34% (947/2707)   Resolving deltas:  35% (948/2707)   Resolving deltas:  36% (997/2707)   Resolving deltas:  37% (1002/2707)   Resolving deltas:  38% (1044/2707)   Resolving deltas:  39% (1058/2707)   Resolving deltas:  40% (1084/2707)   Resolving deltas:  41% (1114/2707)   Resolving deltas:  45% (1234/2707)   Resolving deltas:  46% (1256/2707)   Resolving deltas:  47% (1282/2707)   Resolving deltas:  48% (1308/2707)   Resolving deltas:  49% (1327/2707)   Resolving deltas:  50% (1366/2707)   Resolving deltas:  57% (1562/2707)   Resolving deltas:  58% (1579/2707)   Resolving deltas:  59% (1604/2707)   Resolving deltas:  60% (1636/2707)   Resolving deltas:  61% (1655/2707)   Resolving deltas:  62% (1682/2707)   Resolving deltas:  63% (1723/2707)   Resolving deltas:  64% (1738/2707)   Resolving deltas:  65% (1760/2707)   Resolving deltas:  66% (1795/2707)   Resolving deltas:  67% (1814/2707)   Resolving deltas:  68% (1844/2707)   Resolving deltas:  69% (1870/2707)   Resolving deltas:  70% (1903/2707)   Resolving deltas:  74% (2020/2707)   Resolving deltas:  75% (2031/2707)   Resolving deltas:  76% (2076/2707)   Resolving deltas:  77% (2091/2707)   Resolving deltas:  78% (2113/2707)   Resolving deltas:  79% (2139/2707)   Resolving deltas:  80% (2167/2707)   Resolving deltas:  81% (2193/2707)   Resolving deltas:  82% (2223/2707)   Resolving deltas:  83% (2249/2707)   Resolving deltas:  84% (2274/2707)   Resolving deltas:  85% (2304/2707)   Resolving deltas:  86% (2330/2707)   Resolving deltas:  87% (2358/2707)   Resolving deltas:  88% (2385/2707)   Resolving deltas:  89% (2410/2707)   Resolving deltas:  90% (2437/2707)   Resolving deltas:  91% (2464/2707)   Resolving deltas:  93% (2525/2707)   Resolving deltas:  94% (2547/2707)   Resolving deltas:  95% (2577/2707)   Resolving deltas:  96% (2600/2707)   Resolving deltas:  97% (2643/2707)   Resolving deltas:  98% (2660/2707)   Resolving deltas:  99% (2684/2707)   Resolving deltas: 100% (2707/2707)   Resolving deltas: 100% (2707/2707), completed with 269 local objects.
From https://github.com/apache/storm
 * branch            refs/pull/1608/merge -> FETCH_HEAD

travis_time:end:0d3c71a8:start=1470633917837044416,finish=1470633918614094363,duration=777049947[0K$ git checkout -qf FETCH_HEAD
travis_fold:end:git.checkout[0K
[33;1mThis job is running on container-based infrastructure, which does not allow use of 'sudo', setuid and setguid executables.[0m
[33;1mIf you require sudo, add 'sudo: required' to your .travis.yml[0m
[33;1mSee https://docs.travis-ci.com/user/workers/container-based-infrastructure/ for details.[0m

[33;1mSetting environment variables from .travis.yml[0m
$ export MODULES=storm-core

$ jdk_switcher use oraclejdk7
Switching to Oracle JDK7 (java-7-oracle), JAVA_HOME will be set to /usr/lib/jvm/java-7-oracle
travis_fold:start:cache.1[0KSetting up build cache
$ export CASHER_DIR=$HOME/.casher
travis_time:start:0dff3a70[0K$ Installing caching utilities

travis_time:end:0dff3a70:start=1470633921241374643,finish=1470633921294030149,duration=52655506[0Ktravis_time:start:006f9b01[0K
travis_time:end:006f9b01:start=1470633921298732899,finish=1470633921301969242,duration=3236343[0Ktravis_time:start:250b2188[0K[32;1mattempting to download cache archive[0m
[32;1mfetching PR.1608/cache-linux-precise-4722ea394922d42b2b7eb84cff6efc764d76759821ac6f6efc13232aa923f595--jdk-oraclejdk7.tgz[0m
[32;1mfound cache[0m

travis_time:end:250b2188:start=1470633921305967727,finish=1470633944286192638,duration=22980224911[0Ktravis_time:start:1f3309c0[0K
travis_time:end:1f3309c0:start=1470633944290326232,finish=1470633944294069328,duration=3743096[0Ktravis_time:start:00db5868[0K[32;1madding /home/travis/.m2/repository to cache[0m
[32;1madding /home/travis/.rvm to cache[0m
[32;1madding /home/travis/.nvm to cache[0m

travis_time:end:00db5868:start=1470633944298107731,finish=1470633969118596114,duration=24820488383[0Ktravis_fold:end:cache.1[0K$ java -Xmx32m -version
java version "1.7.0_76"
Java(TM) SE Runtime Environment (build 1.7.0_76-b13)
Java HotSpot(TM) 64-Bit Server VM (build 24.76-b04, mixed mode)
$ javac -J-Xmx32m -version
javac 1.7.0_76
travis_fold:start:before_install.1[0Ktravis_time:start:00174297[0K$ rvm use 2.1.5 --install
[32mUsing /home/travis/.rvm/gems/ruby-2.1.5[0m

travis_time:end:00174297:start=1470633969442743998,finish=1470633969689227054,duration=246483056[0Ktravis_fold:end:before_install.1[0Ktravis_fold:start:before_install.2[0Ktravis_time:start:0180b550[0K$ nvm install 0.12.2
v0.12.2 is already installed.
Now using node v0.12.2

travis_time:end:0180b550:start=1470633969693412424,finish=1470633969939413956,duration=246001532[0Ktravis_fold:end:before_install.2[0Ktravis_fold:start:before_install.3[0Ktravis_time:start:009d11d0[0K$ nvm use 0.12.2
Now using node v0.12.2

travis_time:end:009d11d0:start=1470633969944004125,finish=1470633970005880905,duration=61876780[0Ktravis_fold:end:before_install.3[0Ktravis_fold:start:install[0Ktravis_time:start:03ecbe20[0K$ /bin/bash ./dev-tools/travis/travis-install.sh `pwd`
Python version :   Python 2.7.3
Maven version  :   Apache Maven 3.2.5 (12a6b3acb947671f09b81f49094c53f426d8cea1; 2014-12-14T17:29:23+00:00) Maven home: /usr/local/maven Java version: 1.7.0_76, vendor: Oracle Corporation Java home: /usr/lib/jvm/java-7-oracle/jre Default locale: en_US, platform encoding: UTF-8 OS name: "linux", version: "3.13.0-40-generic", arch: "amd64", family: "unix"
['mvn', 'clean', 'install', '-DskipTests', '-Pnative', '--batch-mode'] writing to install.txt
1 seconds 1 log lines12 seconds 216 log lines35 seconds 310 log lines52 seconds 319 log lines63 seconds 480 log lines80 seconds 628 log lines90 seconds 839 log lines100 seconds 886 log lines110 seconds 1027 log lines135 seconds 1417 log lines146 seconds 1758 log lines159 seconds 2106 log lines169 seconds 2249 log lines183 seconds 2665 log lines183 seconds 2666 log lines
['mvn', 'clean', 'install', '-DskipTests', '-Pnative', '--batch-mode'] done 0

travis_time:end:03ecbe20:start=1470633970010122631,finish=1470634153732314335,duration=183722191704[0Ktravis_fold:end:install[0Ktravis_time:start:099278fa[0K$ /bin/bash ./dev-tools/travis/travis-script.sh `pwd` $MODULES
Python version :   Python 2.7.3
Ruby version   :   ruby 2.1.5p273 (2014-11-13 revision 48405) [x86_64-linux]
NodeJs version :  
Maven version  :   Apache Maven 3.2.5 (12a6b3acb947671f09b81f49094c53f426d8cea1; 2014-12-14T17:29:23+00:00) Maven home: /usr/local/maven Java version: 1.7.0_76, vendor: Oracle Corporation Java home: /usr/lib/jvm/java-7-oracle/jre Default locale: en_US, platform encoding: UTF-8 OS name: "linux", version: "3.13.0-40-generic", arch: "amd64", family: "unix"
[INFO] Scanning for projects...
[INFO]                                                                         
[INFO] ------------------------------------------------------------------------
[INFO] Building Storm Core 1.1.1-SNAPSHOT
[INFO] ------------------------------------------------------------------------
[INFO] 
[INFO] --- exec-maven-plugin:1.2.1:exec (default) @ storm-core ---
[INFO] 
[INFO] --- maven-remote-resources-plugin:1.2.1:process (default) @ storm-core ---
[INFO] 
[INFO] --- storm-maven-plugins:1.1.1-SNAPSHOT:version-info (version-info) @ storm-core ---
[WARNING] [svn, info] failed with error code 1
[INFO] SCM: GIT
[INFO] Computed MD5: e27abbcb201a192bcc8d889891d9a13d
[INFO] 
[INFO] --- maven-resources-plugin:2.5:resources (default-resources) @ storm-core ---
[debug] execute contextualize
[INFO] Using 'UTF-8' encoding to copy filtered resources.
[INFO] Copying 8 resources
[INFO] Copying 1 resource to META-INF
[INFO] Copying 0 resource
[INFO] Copying 1 resource
[INFO] Copying 3 resources
[INFO] 
[INFO] --- maven-compiler-plugin:3.1:compile (default-compile) @ storm-core ---
[INFO] Nothing to compile - all classes are up to date
[INFO] 
[INFO] --- clojure-maven-plugin:1.7.1:compile (compile-clojure) @ storm-core ---
Compiling org.apache.storm.stats to /home/travis/build/apache/storm/storm-core/target/classes
Compiling org.apache.storm.converter to /home/travis/build/apache/storm/storm-core/target/classes
Compiling org.apache.storm.testing to /home/travis/build/apache/storm/storm-core/target/classes
Compiling org.apache.storm.util to /home/travis/build/apache/storm/storm-core/target/classes
Compiling org.apache.storm.scheduler.DefaultScheduler to /home/travis/build/apache/storm/storm-core/target/classes
Compiling org.apache.storm.command.kill-workers to /home/travis/build/apache/storm/storm-core/target/classes
Compiling org.apache.storm.pacemaker.pacemaker-state-factory to /home/travis/build/apache/storm/storm-core/target/classes
Compiling org.apache.storm.daemon.task to /home/travis/build/apache/storm/storm-core/target/classes
Compiling org.apache.storm.process-simulator to /home/travis/build/apache/storm/storm-core/target/classes
Compiling org.apache.storm.daemon.common to /home/travis/build/apache/storm/storm-core/target/classes
Compiling org.apache.storm.command.list to /home/travis/build/apache/storm/storm-core/target/classes
Compiling org.apache.storm.command.dev-zookeeper to /home/travis/build/apache/storm/storm-core/target/classes
Compiling org.apache.storm.command.set-log-level to /home/travis/build/apache/storm/storm-core/target/classes
Compiling org.apache.storm.command.kill-topology to /home/travis/build/apache/storm/storm-core/target/classes
Compiling org.apache.storm.LocalDRPC to /home/travis/build/apache/storm/storm-core/target/classes
Compiling org.apache.storm.event to /home/travis/build/apache/storm/storm-core/target/classes
Compiling org.apache.storm.command.get-errors to /home/travis/build/apache/storm/storm-core/target/classes
Compiling org.apache.storm.trident.testing to /home/travis/build/apache/storm/storm-core/target/classes
Compiling org.apache.storm.daemon.drpc to /home/travis/build/apache/storm/storm-core/target/classes
Compiling org.apache.storm.config to /home/travis/build/apache/storm/storm-core/target/classes
Compiling org.apache.storm.log to /home/travis/build/apache/storm/storm-core/target/classes
Compiling org.apache.storm.daemon.executor to /home/travis/build/apache/storm/storm-core/target/classes
Compiling org.apache.storm.thrift to /home/travis/build/apache/storm/storm-core/target/classes
Compiling org.apache.storm.daemon.builtin-metrics to /home/travis/build/apache/storm/storm-core/target/classes
Compiling org.apache.storm.daemon.logviewer to /home/travis/build/apache/storm/storm-core/target/classes
Compiling org.apache.storm.command.monitor to /home/travis/build/apache/storm/storm-core/target/classes
Compiling org.apache.storm.disruptor to /home/travis/build/apache/storm/storm-core/target/classes
Compiling org.apache.storm.ui.core to /home/travis/build/apache/storm/storm-core/target/classes
Compiling org.apache.storm.cluster to /home/travis/build/apache/storm/storm-core/target/classes
Compiling org.apache.storm.pacemaker.pacemaker to /home/travis/build/apache/storm/storm-core/target/classes
Compiling org.apache.storm.command.rebalance to /home/travis/build/apache/storm/storm-core/target/classes
Compiling org.apache.storm.daemon.worker to /home/travis/build/apache/storm/storm-core/target/classes
Compiling org.apache.storm.metric.testing to /home/travis/build/apache/storm/storm-core/target/classes
Compiling org.apache.storm.daemon.acker to /home/travis/build/apache/storm/storm-core/target/classes
Compiling org.apache.storm.command.heartbeats to /home/travis/build/apache/storm/storm-core/target/classes
WARNING: reverse already refers to: #'clojure.core/reverse in namespace: org.apache.storm.command.heartbeats, being replaced by: #'clojure.string/reverse
WARNING: replace already refers to: #'clojure.core/replace in namespace: org.apache.storm.command.heartbeats, being replaced by: #'clojure.string/replace
Compiling org.apache.storm.command.activate to /home/travis/build/apache/storm/storm-core/target/classes
Compiling org.apache.storm.blobstore to /home/travis/build/apache/storm/storm-core/target/classes
Compiling org.apache.storm.daemon.supervisor to /home/travis/build/apache/storm/storm-core/target/classes
Compiling org.apache.storm.scheduler.EvenScheduler to /home/travis/build/apache/storm/storm-core/target/classes
Compiling org.apache.storm.messaging.local to /home/travis/build/apache/storm/storm-core/target/classes
Compiling org.apache.storm.command.upload-credentials to /home/travis/build/apache/storm/storm-core/target/classes
Compiling org.apache.storm.command.deactivate to /home/travis/build/apache/storm/storm-core/target/classes
Compiling org.apache.storm.command.blobstore to /home/travis/build/apache/storm/storm-core/target/classes
Compiling org.apache.storm.local-state to /home/travis/build/apache/storm/storm-core/target/classes
Compiling org.apache.storm.command.healthcheck to /home/travis/build/apache/storm/storm-core/target/classes
Compiling org.apache.storm.messaging.loader to /home/travis/build/apache/storm/storm-core/target/classes
Compiling org.apache.storm.testing4j to /home/travis/build/apache/storm/storm-core/target/classes
Compiling org.apache.storm.ui.helpers to /home/travis/build/apache/storm/storm-core/target/classes
Compiling org.apache.storm.scheduler.IsolationScheduler to /home/travis/build/apache/storm/storm-core/target/classes
Compiling org.apache.storm.clojure to /home/travis/build/apache/storm/storm-core/target/classes
Compiling org.apache.storm.command.shell-submission to /home/travis/build/apache/storm/storm-core/target/classes
Compiling org.apache.storm.timer to /home/travis/build/apache/storm/storm-core/target/classes
Compiling org.apache.storm.MockAutoCred to /home/travis/build/apache/storm/storm-core/target/classes
Compiling org.apache.storm.daemon.nimbus to /home/travis/build/apache/storm/storm-core/target/classes
Compiling org.apache.storm.command.config-value to /home/travis/build/apache/storm/storm-core/target/classes
Compiling org.apache.storm.LocalCluster to /home/travis/build/apache/storm/storm-core/target/classes
Compiling org.apache.storm.cluster-state.zookeeper-state-factory to /home/travis/build/apache/storm/storm-core/target/classes
Compiling org.apache.storm.zookeeper to /home/travis/build/apache/storm/storm-core/target/classes
[INFO] 
[INFO] --- make-maven-plugin:1.0-beta-1:autoreconf (compile) @ storm-core ---
[INFO] 
[INFO] --- make-maven-plugin:1.0-beta-1:configure (compile) @ storm-core ---
[INFO] /bin/sh: 14: /home/travis/.jdk_switcher_rc: [[: not found
[INFO] /bin/sh: 22: /home/travis/.jdk_switcher_rc: [[: not found
[INFO] /bin/sh: 32: /home/travis/.jdk_switcher_rc: [[: not found
[INFO] /bin/sh: 42: /home/travis/.jdk_switcher_rc: [[: not found
[INFO] Segmentation fault
[INFO] /bin/sh: 3: /etc/profile.d/rvm.sh: [[: not found
[INFO] checking for gcc... gcc
[INFO] checking whether the C compiler works... yes
[INFO] checking for C compiler default output file name... a.out
[INFO] checking for suffix of executables... 
[INFO] checking whether we are cross compiling... no
[INFO] checking for suffix of object files... o
[INFO] checking whether we are using the GNU C compiler... yes
[INFO] checking whether gcc accepts -g... yes
[INFO] checking for gcc option to accept ISO C89... none needed
[INFO] checking how to run the C preprocessor... gcc -E
[INFO] checking for grep that handles long lines and -e... /bin/grep
[INFO] checking for egrep... /bin/grep -E
[INFO] checking for ANSI C header files... yes
[INFO] checking for sys/types.h... yes
[INFO] checking for sys/stat.h... yes
[INFO] checking for stdlib.h... yes
[INFO] checking for string.h... yes
[INFO] checking for memory.h... yes
[INFO] checking for strings.h... yes
[INFO] checking for inttypes.h... yes
[INFO] checking for stdint.h... yes
[INFO] checking for unistd.h... yes
[INFO] checking minix/config.h usability... no
[INFO] checking minix/config.h presence... no
[INFO] checking for minix/config.h... no
[INFO] checking whether it is safe to define __EXTENSIONS__... yes
[INFO] checking for a BSD-compatible install... /usr/bin/install -c
[INFO] checking whether build environment is sane... yes
[INFO] checking for a thread-safe mkdir -p... /bin/mkdir -p
[INFO] checking for gawk... gawk
[INFO] checking whether make sets $(MAKE)... yes
[INFO] checking for style of include used by make... GNU
[INFO] checking dependency style of gcc... gcc3
[INFO] checking for gcc... (cached) gcc
[INFO] checking whether we are using the GNU C compiler... (cached) yes
[INFO] checking whether gcc accepts -g... (cached) yes
[INFO] checking for gcc option to accept ISO C89... (cached) none needed
[INFO] checking whether gcc and cc understand -c and -o together... yes
[INFO] checking for unistd.h... (cached) yes
[INFO] checking for stdbool.h that conforms to C99... yes
[INFO] checking for _Bool... yes
[INFO] checking for an ANSI C-conforming const... yes
[INFO] checking for off_t... yes
[INFO] checking for size_t... yes
[INFO] checking whether strerror_r is declared... yes
[INFO] checking for strerror_r... yes
[INFO] checking whether strerror_r returns char *... yes
[INFO] checking for mkdir... yes
[INFO] checking for uname... yes
[INFO] configure: creating ./config.status
[INFO] config.status: creating Makefile
[INFO] config.status: executing depfiles commands
[INFO] 
[INFO] --- make-maven-plugin:1.0-beta-1:make-install (compile) @ storm-core ---
[INFO] /bin/sh: 14: /home/travis/.jdk_switcher_rc: [[: not found
[INFO] /bin/sh: 22: /home/travis/.jdk_switcher_rc: [[: not found
[INFO] /bin/sh: 32: /home/travis/.jdk_switcher_rc: [[: not found
[INFO] /bin/sh: 42: /home/travis/.jdk_switcher_rc: [[: not found
[INFO] Segmentation fault
[INFO] /bin/sh: 3: /etc/profile.d/rvm.sh: [[: not found
[INFO] make[1]: Entering directory `/home/travis/build/apache/storm/storm-core/target/native/worker-launcher'
[INFO] test -z "/usr/local/bin" || /bin/mkdir -p "/home/travis/build/apache/storm/storm-core/target/native/target/usr/local/bin"
[INFO]   /usr/bin/install -c worker-launcher '/home/travis/build/apache/storm/storm-core/target/native/target/usr/local/bin'
[INFO] make[1]: Nothing to be done for `install-data-am'.
[INFO] make[1]: Leaving directory `/home/travis/build/apache/storm/storm-core/target/native/worker-launcher'
[INFO] 
[INFO] --- maven-resources-plugin:2.5:testResources (default-testResources) @ storm-core ---
[debug] execute contextualize
[INFO] Using 'UTF-8' encoding to copy filtered resources.
[INFO] Copying 14 resources
[INFO] Copying 2 resources
[INFO] Copying 3 resources
[INFO] 
[INFO] --- maven-dependency-plugin:2.8:unpack (unpack) @ storm-core ---
[INFO] Configured Artifact: org.apache.storm:multilang-ruby:1.1.1-SNAPSHOT:jar
[INFO] Downloading: https://repository.apache.org/snapshots/org/apache/storm/multilang-ruby/1.1.1-SNAPSHOT/maven-metadata.xml
[INFO] Configured Artifact: org.apache.storm:multilang-python:1.1.1-SNAPSHOT:jar
[INFO] Downloading: https://repository.apache.org/snapshots/org/apache/storm/multilang-python/1.1.1-SNAPSHOT/maven-metadata.xml
[INFO] Configured Artifact: org.apache.storm:multilang-javascript:1.1.1-SNAPSHOT:jar
[INFO] Downloading: https://repository.apache.org/snapshots/org/apache/storm/multilang-javascript/1.1.1-SNAPSHOT/maven-metadata.xml
[INFO] multilang-ruby-1.1.1-SNAPSHOT.jar already unpacked.
[INFO] multilang-python-1.1.1-SNAPSHOT.jar already unpacked.
[INFO] multilang-javascript-1.1.1-SNAPSHOT.jar already unpacked.
[INFO] 
[INFO] --- maven-compiler-plugin:3.1:testCompile (default-testCompile) @ storm-core ---
[INFO] Nothing to compile - all classes are up to date
[INFO] 
[INFO] --- maven-surefire-plugin:2.18.1:test (default-test) @ storm-core ---
[INFO] Surefire report directory: /home/travis/build/apache/storm/storm-core/target/surefire-reports
[INFO] parallel='none', perCoreThreadCount=true, threadCount=0, useUnlimitedThreads=false, threadCountSuites=0, threadCountClasses=0, threadCountMethods=0, parallelOptimized=true

-------------------------------------------------------
 T E S T S
-------------------------------------------------------
Running org.apache.storm.trident.TestTridentTopology
Tests run: 1, Failures: 0, Errors: 0, Skipped: 0, Time elapsed: 5.379 sec - in org.apache.storm.trident.TestTridentTopology
Running org.apache.storm.trident.TridentWindowingTest
Tests run: 3, Failures: 0, Errors: 0, Skipped: 0, Time elapsed: 0.006 sec - in org.apache.storm.trident.TridentWindowingTest
Running org.apache.storm.utils.DisruptorQueueTest
Tests run: 3, Failures: 0, Errors: 0, Skipped: 0, Time elapsed: 3.165 sec - in org.apache.storm.utils.DisruptorQueueTest
Running org.apache.storm.utils.ThriftTopologyUtilsTest
Tests run: 6, Failures: 0, Errors: 0, Skipped: 0, Time elapsed: 0.006 sec - in org.apache.storm.utils.ThriftTopologyUtilsTest
Running org.apache.storm.utils.DisruptorQueueBackpressureTest
Tests run: 1, Failures: 0, Errors: 0, Skipped: 0, Time elapsed: 0.002 sec - in org.apache.storm.utils.DisruptorQueueBackpressureTest
Running org.apache.storm.utils.WorkerBackpressureThreadTest
Tests run: 1, Failures: 0, Errors: 0, Skipped: 0, Time elapsed: 0.11 sec - in org.apache.storm.utils.WorkerBackpressureThreadTest
Running org.apache.storm.utils.StormBoundedExponentialBackoffRetryTest
Tests run: 5, Failures: 0, Errors: 0, Skipped: 0, Time elapsed: 0.093 sec - in org.apache.storm.utils.StormBoundedExponentialBackoffRetryTest
Running org.apache.storm.utils.ShellBoltMessageQueueTest
Tests run: 3, Failures: 0, Errors: 0, Skipped: 0, Time elapsed: 2.008 sec - in org.apache.storm.utils.ShellBoltMessageQueueTest
Running org.apache.storm.dependency.DependencyPropertiesParserTest
Tests run: 3, Failures: 0, Errors: 0, Skipped: 0, Time elapsed: 0 sec - in org.apache.storm.dependency.DependencyPropertiesParserTest
Running org.apache.storm.dependency.DependencyUploaderTest
Tests run: 8, Failures: 0, Errors: 0, Skipped: 0, Time elapsed: 0.788 sec - in org.apache.storm.dependency.DependencyUploaderTest
Running org.apache.storm.grouping.PartialKeyGroupingTest
Tests run: 2, Failures: 0, Errors: 0, Skipped: 0, Time elapsed: 0.14 sec - in org.apache.storm.grouping.PartialKeyGroupingTest
Running org.apache.storm.serialization.GzipBridgeThriftSerializationDelegateTest
Tests run: 3, Failures: 0, Errors: 0, Skipped: 0, Time elapsed: 0.014 sec - in org.apache.storm.serialization.GzipBridgeThriftSerializationDelegateTest
Running org.apache.storm.serialization.GzipBridgeSerializationDelegateTest
Tests run: 3, Failures: 0, Errors: 0, Skipped: 0, Time elapsed: 0.01 sec - in org.apache.storm.serialization.GzipBridgeSerializationDelegateTest
Running org.apache.storm.serialization.ThriftBridgeSerializationDelegateTest
Tests run: 1, Failures: 0, Errors: 0, Skipped: 0, Time elapsed: 0.008 sec - in org.apache.storm.serialization.ThriftBridgeSerializationDelegateTest
Running org.apache.storm.metric.internal.CountStatAndMetricTest
Tests run: 1, Failures: 0, Errors: 0, Skipped: 0, Time elapsed: 0.03 sec - in org.apache.storm.metric.internal.CountStatAndMetricTest
Running org.apache.storm.metric.internal.RateTrackerTest
Tests run: 4, Failures: 0, Errors: 0, Skipped: 0, Time elapsed: 0.005 sec - in org.apache.storm.metric.internal.RateTrackerTest
Running org.apache.storm.metric.internal.LatencyStatAndMetricTest
Tests run: 1, Failures: 0, Errors: 0, Skipped: 0, Time elapsed: 0.026 sec - in org.apache.storm.metric.internal.LatencyStatAndMetricTest
Running org.apache.storm.metric.util.DataPointExpanderTest
Tests run: 5, Failures: 0, Errors: 0, Skipped: 0, Time elapsed: 0.012 sec - in org.apache.storm.metric.util.DataPointExpanderTest
Running org.apache.storm.metric.filter.FilterByMetricNameTest
Tests run: 4, Failures: 0, Errors: 0, Skipped: 0, Time elapsed: 0.124 sec - in org.apache.storm.metric.filter.FilterByMetricNameTest
Running org.apache.storm.localizer.LocalizerTest
Tests run: 13, Failures: 0, Errors: 0, Skipped: 0, Time elapsed: 0.707 sec - in org.apache.storm.localizer.LocalizerTest
Running org.apache.storm.localizer.LocalizedResourceRetentionSetTest
Tests run: 2, Failures: 0, Errors: 0, Skipped: 0, Time elapsed: 0.052 sec - in org.apache.storm.localizer.LocalizedResourceRetentionSetTest
Running org.apache.storm.localizer.LocalizedResourceSetTest
Tests run: 4, Failures: 0, Errors: 0, Skipped: 0, Time elapsed: 0.009 sec - in org.apache.storm.localizer.LocalizedResourceSetTest
Running org.apache.storm.scheduler.resource.TestResourceAwareScheduler
Tests run: 15, Failures: 0, Errors: 0, Skipped: 0, Time elapsed: 4.115 sec - in org.apache.storm.scheduler.resource.TestResourceAwareScheduler
Running org.apache.storm.scheduler.resource.TestUser
Tests run: 3, Failures: 0, Errors: 0, Skipped: 0, Time elapsed: 2.091 sec - in org.apache.storm.scheduler.resource.TestUser
Running org.apache.storm.TestConfigValidate
Tests run: 24, Failures: 0, Errors: 0, Skipped: 0, Time elapsed: 0.248 sec - in org.apache.storm.TestConfigValidate
Running org.apache.storm.spout.CheckpointSpoutTest
Tests run: 7, Failures: 0, Errors: 0, Skipped: 0, Time elapsed: 0.213 sec - in org.apache.storm.spout.CheckpointSpoutTest
Running org.apache.storm.blobstore.ClientBlobStoreTest
Tests run: 4, Failures: 0, Errors: 0, Skipped: 0, Time elapsed: 0.008 sec - in org.apache.storm.blobstore.ClientBlobStoreTest
Running org.apache.storm.blobstore.BlobStoreTest
Tests run: 4, Failures: 0, Errors: 0, Skipped: 0, Time elapsed: 0.922 sec - in org.apache.storm.blobstore.BlobStoreTest
Running org.apache.storm.blobstore.BlobSynchronizerTest
Tests run: 4, Failures: 0, Errors: 0, Skipped: 0, Time elapsed: 1.864 sec - in org.apache.storm.blobstore.BlobSynchronizerTest
Running org.apache.storm.topology.TopologyBuilderTest
Tests run: 5, Failures: 0, Errors: 0, Skipped: 0, Time elapsed: 0.006 sec - in org.apache.storm.topology.TopologyBuilderTest
Running org.apache.storm.topology.StatefulBoltExecutorTest
Tests run: 7, Failures: 0, Errors: 0, Skipped: 0, Time elapsed: 0.109 sec - in org.apache.storm.topology.StatefulBoltExecutorTest
Running org.apache.storm.topology.StatefulWindowedBoltExecutorTest
Tests run: 4, Failures: 0, Errors: 0, Skipped: 0, Time elapsed: 0.15 sec - in org.apache.storm.topology.StatefulWindowedBoltExecutorTest
Running org.apache.storm.topology.WindowedBoltExecutorTest
Tests run: 5, Failures: 0, Errors: 0, Skipped: 0, Time elapsed: 0.173 sec - in org.apache.storm.topology.WindowedBoltExecutorTest
Running org.apache.storm.state.InMemoryKeyValueStateTest
Tests run: 2, Failures: 0, Errors: 0, Skipped: 0, Time elapsed: 0 sec - in org.apache.storm.state.InMemoryKeyValueStateTest
Running org.apache.storm.windowing.WaterMarkEventGeneratorTest
Tests run: 5, Failures: 0, Errors: 0, Skipped: 0, Time elapsed: 0.005 sec - in org.apache.storm.windowing.WaterMarkEventGeneratorTest
Running org.apache.storm.windowing.WindowManagerTest
Tests run: 12, Failures: 0, Errors: 0, Skipped: 0, Time elapsed: 0.009 sec - in org.apache.storm.windowing.WindowManagerTest

Results :

Tests run: 178, Failures: 0, Errors: 0, Skipped: 0

[INFO] 
[INFO] --- clojure-maven-plugin:1.7.1:test (test-clojure) @ storm-core ---
Warning: protocol #'org.apache.storm.pacemaker-state-factory-test/send-capture is overwriting function send
WARNING: send already refers to: #'clojure.core/send in namespace: org.apache.storm.pacemaker-state-factory-test, being replaced by: #'org.apache.storm.pacemaker-state-factory-test/send
Running org.apache.storm.clojure-test
Tests run: 3, Passed: 5, Failures: 0, Errors: 0
Running org.apache.storm.logviewer-test
Tests run: 12, Passed: 118, Failures: 0, Errors: 0
Running org.apache.storm.pacemaker-state-factory-test
Tests run: 4, Passed: 15, Failures: 0, Errors: 0
Running integration.org.apache.storm.integration-test
Tests run: 18, Passed: 51, Failures: 0, Errors: 0
Running org.apache.storm.scheduler.resource-aware-scheduler-test
Tests run: 8, Passed: 91, Failures: 0, Errors: 0
Running org.apache.storm.tuple-test
Tests run: 4, Passed: 13, Failures: 0, Errors: 0
Running org.apache.storm.security.auth.AuthUtils-test
Tests run: 5, Passed: 6, Failures: 0, Errors: 0
Running org.apache.storm.security.auth.drpc-auth-test
Tests run: 4, Passed: 22, Failures: 0, Errors: 0
Running org.apache.storm.security.auth.ReqContext-test
Tests run: 3, Passed: 4, Failures: 0, Errors: 0
Running org.apache.storm.security.serialization.BlowfishTupleSerializer-test
Tests run: 3, Passed: 3, Failures: 0, Errors: 0
Running org.apache.storm.messaging-test
Tests run: 1, Passed: 2, Failures: 0, Errors: 0
Running org.apache.storm.serialization.SerializationFactory-test
Tests run: 3, Passed: 3, Failures: 0, Errors: 0
Running org.apache.storm.metrics-test
Tests run: 8, Passed: 66, Failures: 0, Errors: 0
Running org.apache.storm.subtopology-test
Tests run: 0, Passed: 0, Failures: 0, Errors: 0
Running org.apache.storm.security.auth.auth-test
Tests run: 13, Passed: 94, Failures: 0, Errors: 0
Running org.apache.storm.messaging.netty-integration-test
Tests run: 1, Passed: 1, Failures: 0, Errors: 0
Running org.apache.storm.utils.ZookeeperServerCnxnFactory-test
Tests run: 2, Passed: 3, Failures: 0, Errors: 0
Running org.apache.storm.utils-test
Tests run: 6, Passed: 24, Failures: 0, Errors: 0
Running org.apache.storm.trident.state-test
Tests run: 5, Passed: 37, Failures: 0, Errors: 0
Running org.apache.storm.security.auth.DefaultHttpCredentialsPlugin-test
Tests run: 2, Passed: 8, Failures: 0, Errors: 0
Running org.apache.storm.transactional-test
Tests run: 7, Passed: 110, Failures: 0, Errors: 0
Running org.apache.storm.submitter-test
Tests run: 1, Passed: 13, Failures: 0, Errors: 0
Running org.apache.storm.supervisor-test
Tests run: 20, Passed: 70, Failures: 0, Errors: 0
Running org.apache.storm.fields-test
Tests run: 2, Passed: 22, Failures: 0, Errors: 0
Running integration.org.apache.storm.trident.integration-test
Tests run: 9, Passed: 141, Failures: 0, Errors: 0
Running org.apache.storm.versioned-store-test
Tests run: 2, Passed: 5, Failures: 0, Errors: 0
Running org.apache.storm.cluster-test
Tests run: 10, Passed: 98, Failures: 0, Errors: 0
Running org.apache.storm.security.auth.authorizer.DRPCSimpleACLAuthorizer-test
Tests run: 7, Passed: 37, Failures: 0, Errors: 0
Running org.apache.storm.nimbus-test
Tests run: 42, Passed: 796, Failures: 0, Errors: 0
Running org.apache.storm.pacemaker-test
Tests run: 8, Passed: 58, Failures: 0, Errors: 0
Running org.apache.storm.security.auth.auto-login-module-test
Tests run: 6, Passed: 22, Failures: 0, Errors: 0
Running org.apache.storm.grouping-test
Tests run: 5, Passed: 15, Failures: 0, Errors: 0
Running org.apache.storm.security.auth.SaslTransportPlugin-test
Tests run: 2, Passed: 8, Failures: 0, Errors: 0
Running org.apache.storm.serialization-test
Tests run: 6, Passed: 13, Failures: 0, Errors: 0
Running org.apache.storm.worker-test
Tests run: 8, Passed: 35, Failures: 0, Errors: 0
Running org.apache.storm.security.auth.nimbus-auth-test
Tests run: 5, Passed: 39, Failures: 0, Errors: 0
Running org.apache.storm.local-state-test
Tests run: 2, Passed: 10, Failures: 0, Errors: 0
Running org.apache.storm.scheduler-test
Tests run: 4, Passed: 64, Failures: 0, Errors: 0
Running integration.org.apache.storm.testing4j-test
Tests run: 8, Passed: 36, Failures: 0, Errors: 0
Running org.apache.storm.security.auth.ThriftClient-test
Tests run: 2, Passed: 4, Failures: 0, Errors: 0
Running org.apache.storm.tick-tuple-test
Tests run: 1, Passed: 1, Failures: 0, Errors: 0
Running org.apache.storm.scheduler.multitenant-scheduler-test
Tests run: 17, Passed: 235, Failures: 0, Errors: 0
Running org.apache.storm.trident.tuple-test
Tests run: 6, Passed: 36, Failures: 0, Errors: 0
Running org.apache.storm.drpc-test
161804 [Thread-2095] INFO  o.a.s.util - Async loop interrupted!
164418 [Thread-2146] INFO  o.a.s.util - Async loop interrupted!
166579 [Thread-2197] INFO  o.a.s.util - Async loop interrupted!
168767 [Thread-2219] INFO  o.a.s.util - Async loop interrupted!
Tests run: 7, Passed: 17, Failures: 0, Errors: 0
Running org.apache.storm.security.auth.ThriftServer-test
Tests run: 2, Passed: 1, Failures: 0, Errors: 0
Running org.apache.storm.messaging.netty-unit-test
Tests run: 5, Passed: 24, Failures: 0, Errors: 0
[INFO] 
[INFO] --- apache-rat-plugin:0.11:check (default) @ storm-core ---
[INFO] 51 implicit excludes (use -debug for more details).
[INFO] Exclude: **/target/**
[INFO] Exclude: **/*.iml
[INFO] Exclude: **/.idea/**
[INFO] Exclude: **/*.classpath
[INFO] Exclude: **/.project
[INFO] Exclude: **/.settings/**
[INFO] Exclude: **/metastore_db/**
[INFO] Exclude: **/build/**
[INFO] Exclude: **/CHANGELOG.md
[INFO] Exclude: **/README.md
[INFO] Exclude: **/README.markdown
[INFO] Exclude: **/DEVELOPER.md
[INFO] Exclude: **/BYLAWS.md
[INFO] Exclude: **/STORM-UI-REST-API.md
[INFO] Exclude: SECURITY.md
[INFO] Exclude: VERSION
[INFO] Exclude: TODO
[INFO] Exclude: **/src/py/**
[INFO] Exclude: **/src/ui/public/js/jquery.dataTables.1.10.4.min.js
[INFO] Exclude: **/src/ui/public/css/jquery.dataTables.1.10.4.min.css
[INFO] Exclude: **/src/ui/public/images/*
[INFO] Exclude: **/src/ui/public/js/bootstrap-3.3.1.min.js
[INFO] Exclude: **/src/ui/public/css/bootstrap-3.3.1.min.css
[INFO] Exclude: **/src/ui/public/js/dataTables.bootstrap.min.js
[INFO] Exclude: **/src/ui/public/css/dataTables.bootstrap.css
[INFO] Exclude: **/src/ui/public/js/jsonFormatter.min.js
[INFO] Exclude: **/src/ui/public/css/jsonFormatter.min.css
[INFO] Exclude: **/src/ui/public/js/jquery-1.11.1.min.js
[INFO] Exclude: **/src/ui/public/js/jquery.cookies.2.2.0.min.js
[INFO] Exclude: **/src/ui/public/js/moment.min.js
[INFO] Exclude: **/src/ui/public/js/jquery.blockUI.min.js
[INFO] Exclude: **/src/ui/public/js/url.min.js
[INFO] Exclude: **/src/ui/public/js/arbor.js
[INFO] Exclude: **/src/ui/public/js/arbor-graphics.js
[INFO] Exclude: **/src/ui/public/js/arbor-tween.js
[INFO] Exclude: **/src/ui/public/js/jquery.mustache.js
[INFO] Exclude: **/src/ui/public/js/typeahead.jquery.min.js
[INFO] Exclude: **/dependency-reduced-pom.xml
[INFO] Exclude: **/docs/**
[INFO] Exclude: **/.git/**
[INFO] Exclude: **/derby.log
[INFO] Exclude: **/src/dev/**
[INFO] Exclude: **/src/codegen/config.fmpp
[INFO] Exclude: **/src/codegen/data/Parser.tdd
[INFO] Exclude: **/src/test/resources/FixedAvroSerializer.config
[INFO] 1002 resources included (use -debug for more details)
Warning:  org.apache.xerces.jaxp.SAXParserImpl$JAXPSAXParser: Property 'http://www.oracle.com/xml/jaxp/properties/entityExpansionLimit' is not recognized.
Compiler warnings:
  WARNING:  'org.apache.xerces.jaxp.SAXParserImpl: Property 'http://javax.xml.XMLConstants/property/accessExternalDTD' is not recognized.'
Warning:  org.apache.xerces.parsers.SAXParser: Feature 'http://javax.xml.XMLConstants/feature/secure-processing' is not recognized.
Warning:  org.apache.xerces.parsers.SAXParser: Property 'http://javax.xml.XMLConstants/property/accessExternalDTD' is not recognized.
Warning:  org.apache.xerces.parsers.SAXParser: Property 'http://www.oracle.com/xml/jaxp/properties/entityExpansionLimit' is not recognized.
[INFO] Rat check: Summary of files. Unapproved: 0 unknown: 0 generated: 0 approved: 996 licence.
[INFO] 
[INFO] --- make-maven-plugin:1.0-beta-1:test (test) @ storm-core ---
[INFO] /bin/sh: 14: /home/travis/.jdk_switcher_rc: [[: not found
[INFO] /bin/sh: 22: /home/travis/.jdk_switcher_rc: [[: not found
[INFO] /bin/sh: 32: /home/travis/.jdk_switcher_rc: [[: not found
[INFO] /bin/sh: 42: /home/travis/.jdk_switcher_rc: [[: not found
[INFO] Segmentation fault
[INFO] /bin/sh: 3: /etc/profile.d/rvm.sh: [[: not found
[INFO] make  test-worker-launcher
[INFO] make[1]: Entering directory `/home/travis/build/apache/storm/storm-core/target/native/worker-launcher'
[INFO] make[1]: `test-worker-launcher' is up to date.
[INFO] make[1]: Leaving directory `/home/travis/build/apache/storm/storm-core/target/native/worker-launcher'
[INFO] make  check-TESTS
[INFO] make[1]: Entering directory `/home/travis/build/apache/storm/storm-core/target/native/worker-launcher'
[INFO] chmod: cannot access `/tmp/test-worker-launcher': No such file or directory
[INFO] File /tmp/test-worker-launcher must be owned by root, but is owned by 1000
[INFO] 
[INFO] Starting tests
[INFO] 
[INFO] Testing get_container_launcher_file()
[INFO] 
[INFO] Testing check_configuration_permissions()
[INFO] 
[INFO] Testing check_configuration_permissions
[INFO] 
[INFO] Testing check_user()
[INFO] 
[INFO] Testing test_check_user
[INFO] Requested user lp has id 7, which is below the minimum allowed 1000
[INFO] Running as root is not allowed
[INFO] 
[INFO] Running test test_signal_container in child process
[INFO] 
[INFO] Testing signal_container
[INFO] Child container launched as 20711
[INFO] Killing process 20711 with 3
[INFO] 
[INFO] Running test test_signal_container_group in child process
[INFO] 
[INFO] Testing group signal_container
[INFO] Child container launched as 20713
[INFO] Killing process 20713 with 9
[INFO] 
[INFO] Finished tests
[INFO] PASS: test-worker-launcher
[INFO] =============
[INFO] 1 test passed
[INFO] =============
[INFO] make[1]: Leaving directory `/home/travis/build/apache/storm/storm-core/target/native/worker-launcher'
[INFO] ------------------------------------------------------------------------
[INFO] BUILD SUCCESS
[INFO] ------------------------------------------------------------------------
[INFO] Total time: 03:48 min
[INFO] Finished at: 2016-08-08T05:33:04+00:00
[INFO] Final Memory: 39M/464M
[INFO] ------------------------------------------------------------------------
Looking for errors in ./storm-core/target/surefire-reports
Checking ./storm-core/target/surefire-reports/TEST-org.apache.storm.trident.TestTridentTopology.xml
Checking ./storm-core/target/surefire-reports/TEST-org.apache.storm.trident.TridentWindowingTest.xml
Checking ./storm-core/target/surefire-reports/TEST-org.apache.storm.utils.DisruptorQueueTest.xml
Checking ./storm-core/target/surefire-reports/TEST-org.apache.storm.utils.ThriftTopologyUtilsTest.xml
Checking ./storm-core/target/surefire-reports/TEST-org.apache.storm.utils.DisruptorQueueBackpressureTest.xml
Checking ./storm-core/target/surefire-reports/TEST-org.apache.storm.utils.WorkerBackpressureThreadTest.xml
Checking ./storm-core/target/surefire-reports/TEST-org.apache.storm.utils.StormBoundedExponentialBackoffRetryTest.xml
Checking ./storm-core/target/surefire-reports/TEST-org.apache.storm.utils.ShellBoltMessageQueueTest.xml
Checking ./storm-core/target/surefire-reports/TEST-org.apache.storm.dependency.DependencyPropertiesParserTest.xml
Checking ./storm-core/target/surefire-reports/TEST-org.apache.storm.dependency.DependencyUploaderTest.xml
Checking ./storm-core/target/surefire-reports/TEST-org.apache.storm.grouping.PartialKeyGroupingTest.xml
Checking ./storm-core/target/surefire-reports/TEST-org.apache.storm.serialization.GzipBridgeThriftSerializationDelegateTest.xml
Checking ./storm-core/target/surefire-reports/TEST-org.apache.storm.serialization.GzipBridgeSerializationDelegateTest.xml
Checking ./storm-core/target/surefire-reports/TEST-org.apache.storm.serialization.ThriftBridgeSerializationDelegateTest.xml
Checking ./storm-core/target/surefire-reports/TEST-org.apache.storm.metric.internal.CountStatAndMetricTest.xml
Checking ./storm-core/target/surefire-reports/TEST-org.apache.storm.metric.internal.RateTrackerTest.xml
Checking ./storm-core/target/surefire-reports/TEST-org.apache.storm.metric.internal.LatencyStatAndMetricTest.xml
Checking ./storm-core/target/surefire-reports/TEST-org.apache.storm.metric.util.DataPointExpanderTest.xml
Checking ./storm-core/target/surefire-reports/TEST-org.apache.storm.metric.filter.FilterByMetricNameTest.xml
Checking ./storm-core/target/surefire-reports/TEST-org.apache.storm.localizer.LocalizerTest.xml
Checking ./storm-core/target/surefire-reports/TEST-org.apache.storm.localizer.LocalizedResourceRetentionSetTest.xml
Checking ./storm-core/target/surefire-reports/TEST-org.apache.storm.localizer.LocalizedResourceSetTest.xml
Checking ./storm-core/target/surefire-reports/TEST-org.apache.storm.scheduler.resource.TestResourceAwareScheduler.xml
Checking ./storm-core/target/surefire-reports/TEST-org.apache.storm.scheduler.resource.TestUser.xml
Checking ./storm-core/target/surefire-reports/TEST-org.apache.storm.TestConfigValidate.xml
Checking ./storm-core/target/surefire-reports/TEST-org.apache.storm.spout.CheckpointSpoutTest.xml
Checking ./storm-core/target/surefire-reports/TEST-org.apache.storm.blobstore.ClientBlobStoreTest.xml
Checking ./storm-core/target/surefire-reports/TEST-org.apache.storm.blobstore.BlobStoreTest.xml
Checking ./storm-core/target/surefire-reports/TEST-org.apache.storm.blobstore.BlobSynchronizerTest.xml
Checking ./storm-core/target/surefire-reports/TEST-org.apache.storm.topology.TopologyBuilderTest.xml
Checking ./storm-core/target/surefire-reports/TEST-org.apache.storm.topology.StatefulBoltExecutorTest.xml
Checking ./storm-core/target/surefire-reports/TEST-org.apache.storm.topology.StatefulWindowedBoltExecutorTest.xml
Checking ./storm-core/target/surefire-reports/TEST-org.apache.storm.topology.WindowedBoltExecutorTest.xml
Checking ./storm-core/target/surefire-reports/TEST-org.apache.storm.state.InMemoryKeyValueStateTest.xml
Checking ./storm-core/target/surefire-reports/TEST-org.apache.storm.windowing.WaterMarkEventGeneratorTest.xml
Checking ./storm-core/target/surefire-reports/TEST-org.apache.storm.windowing.WindowManagerTest.xml
Looking for errors in ./storm-core/target/test-reports
Checking ./storm-core/target/test-reports/org.apache.storm.clojure-test.xml
Checking ./storm-core/target/test-reports/org.apache.storm.logviewer-test.xml
Checking ./storm-core/target/test-reports/org.apache.storm.pacemaker-state-factory-test.xml
Checking ./storm-core/target/test-reports/integration.org.apache.storm.integration-test.xml
Checking ./storm-core/target/test-reports/org.apache.storm.scheduler.resource-aware-scheduler-test.xml
Checking ./storm-core/target/test-reports/org.apache.storm.tuple-test.xml
Checking ./storm-core/target/test-reports/org.apache.storm.security.auth.AuthUtils-test.xml
Checking ./storm-core/target/test-reports/org.apache.storm.security.auth.drpc-auth-test.xml
Checking ./storm-core/target/test-reports/org.apache.storm.security.auth.ReqContext-test.xml
Checking ./storm-core/target/test-reports/org.apache.storm.security.serialization.BlowfishTupleSerializer-test.xml
Checking ./storm-core/target/test-reports/org.apache.storm.messaging-test.xml
Checking ./storm-core/target/test-reports/org.apache.storm.serialization.SerializationFactory-test.xml
Checking ./storm-core/target/test-reports/org.apache.storm.metrics-test.xml
Checking ./storm-core/target/test-reports/org.apache.storm.subtopology-test.xml
Checking ./storm-core/target/test-reports/org.apache.storm.security.auth.auth-test.xml
Checking ./storm-core/target/test-reports/org.apache.storm.messaging.netty-integration-test.xml
Checking ./storm-core/target/test-reports/org.apache.storm.utils.ZookeeperServerCnxnFactory-test.xml
Checking ./storm-core/target/test-reports/org.apache.storm.utils-test.xml
Checking ./storm-core/target/test-reports/org.apache.storm.trident.state-test.xml
Checking ./storm-core/target/test-reports/org.apache.storm.security.auth.DefaultHttpCredentialsPlugin-test.xml
Checking ./storm-core/target/test-reports/org.apache.storm.transactional-test.xml
Checking ./storm-core/target/test-reports/org.apache.storm.submitter-test.xml
Checking ./storm-core/target/test-reports/org.apache.storm.supervisor-test.xml
Checking ./storm-core/target/test-reports/org.apache.storm.fields-test.xml
Checking ./storm-core/target/test-reports/integration.org.apache.storm.trident.integration-test.xml
Checking ./storm-core/target/test-reports/org.apache.storm.versioned-store-test.xml
Checking ./storm-core/target/test-reports/org.apache.storm.cluster-test.xml
Checking ./storm-core/target/test-reports/org.apache.storm.security.auth.authorizer.DRPCSimpleACLAuthorizer-test.xml
Checking ./storm-core/target/test-reports/org.apache.storm.nimbus-test.xml
Checking ./storm-core/target/test-reports/org.apache.storm.pacemaker-test.xml
Checking ./storm-core/target/test-reports/org.apache.storm.security.auth.auto-login-module-test.xml
Checking ./storm-core/target/test-reports/org.apache.storm.grouping-test.xml
Checking ./storm-core/target/test-reports/org.apache.storm.security.auth.SaslTransportPlugin-test.xml
Checking ./storm-core/target/test-reports/org.apache.storm.serialization-test.xml
Checking ./storm-core/target/test-reports/org.apache.storm.worker-test.xml
Checking ./storm-core/target/test-reports/org.apache.storm.security.auth.nimbus-auth-test.xml
Checking ./storm-core/target/test-reports/org.apache.storm.local-state-test.xml
Checking ./storm-core/target/test-reports/org.apache.storm.scheduler-test.xml
Checking ./storm-core/target/test-reports/integration.org.apache.storm.testing4j-test.xml
Checking ./storm-core/target/test-reports/org.apache.storm.security.auth.ThriftClient-test.xml
Checking ./storm-core/target/test-reports/org.apache.storm.tick-tuple-test.xml
Checking ./storm-core/target/test-reports/org.apache.storm.scheduler.multitenant-scheduler-test.xml
Checking ./storm-core/target/test-reports/org.apache.storm.trident.tuple-test.xml
Checking ./storm-core/target/test-reports/org.apache.storm.drpc-test.xml
Checking ./storm-core/target/test-reports/org.apache.storm.security.auth.ThriftServer-test.xml
Checking ./storm-core/target/test-reports/org.apache.storm.messaging.netty-unit-test.xml

travis_time:end:099278fa:start=1470634153736713523,finish=1470634385144763068,duration=231408049545[0K
[32;1mThe command "/bin/bash ./dev-tools/travis/travis-script.sh `pwd` $MODULES" exited with 0.[0m
travis_fold:start:cache.2[0Kstore build cache
travis_time:start:3c1fe59a[0K
travis_time:end:3c1fe59a:start=1470634385149113591,finish=1470634385152658293,duration=3544702[0Ktravis_time:start:1bf31d63[0K[32;1mchange detected (content changed, file is created, or file is deleted):
/home/travis/.m2/repository/eigenbase/eigenbase-properties/1.1.4/eigenbase-properties-1.1.4.pom.lastUpdated
/home/travis/.m2/repository/io/confluent/kafka-avro-serializer/1.0/kafka-avro-serializer-1.0.pom.lastUpdated
/home/travis/.m2/repository/io/confluent/kafka-schema-registry-client/1.0/kafka-schema-registry-client-1.0.pom.lastUpdated
/home/travis/.m2/repository/net/hydromatic/linq4j/0.4/linq4j-0.4.pom.lastUpdated
/home/travis/.m2/repository/net/hydromatic/quidem/0.1.1/quidem-0.1.1.pom.lastUpdated
/home/travis/.m2/repository/org/apache/storm/flux/1.1.1-SNAPSHOT/maven-metadata-local.xml
/home/travis/.m2/repository/org/apache/storm/flux/1.1.1-SNAPSHOT/_remote.repositories
/home/travis/.m2/repository/org/apache/storm/flux-core/1.1.1-SNAPSHOT/flux-core-1.1.1-SNAPSHOT.jar
/home/travis/.m2/repository/org/apache/storm/flux-core/1.1.1-SNAPSHOT/maven-metadata-local.xml
/home/travis/.m2/repository/org/apache/storm/flux-core/1.1.1-SNAPSHOT/_remote.repositories
/home/travis/.m2/repository/org/ap
[0m
[32;1m...
[0m
[32;1mchanges detected, packing new archive[0m
.
.
.
.
.
.
.
.
.
.
.
.
.
[32;1muploading archive[0m

travis_time:end:1bf31d63:start=1470634385156678073,finish=1470634502291961727,duration=117135283654[0Ktravis_fold:end:cache.2[0K
Done. Your build exited with 0.
