Using worker: worker-linux-docker-4559e6dc.prod.travis-ci.org:travis-linux-11

travis_fold:start:system_info[0K[33;1mBuild system information[0m
Build language: java
Build group: stable
Build dist: precise
Build id: 153482058
Job id: 153482059
travis-build version: 6c895ddbe
[34m[1mBuild image provisioning date and time[0m
Thu Feb  5 15:09:33 UTC 2015
[34m[1mOperating System Details[0m
Distributor ID:	Ubuntu
Description:	Ubuntu 12.04.5 LTS
Release:	12.04
Codename:	precise
[34m[1mLinux Version[0m
3.13.0-29-generic
[34m[1mCookbooks Version[0m
a68419e https://github.com/travis-ci/travis-cookbooks/tree/a68419e
[34m[1mGCC version[0m
gcc (Ubuntu/Linaro 4.6.3-1ubuntu5) 4.6.3
Copyright (C) 2011 Free Software Foundation, Inc.
This is free software; see the source for copying conditions.  There is NO
warranty; not even for MERCHANTABILITY or FITNESS FOR A PARTICULAR PURPOSE.

[34m[1mLLVM version[0m
clang version 3.4 (tags/RELEASE_34/final)
Target: x86_64-unknown-linux-gnu
Thread model: posix
[34m[1mPre-installed Ruby versions[0m
ruby-1.9.3-p551
[34m[1mPre-installed Node.js versions[0m
v0.10.36
[34m[1mPre-installed Go versions[0m
1.4.1
[34m[1mRedis version[0m
redis-server 2.8.19
[34m[1mriak version[0m
2.0.2
[34m[1mMongoDB version[0m
MongoDB 2.4.12
[34m[1mCouchDB version[0m
couchdb 1.6.1
[34m[1mNeo4j version[0m
1.9.4
[34m[1mRabbitMQ Version[0m
3.4.3
[34m[1mElasticSearch version[0m
1.4.0
[34m[1mInstalled Sphinx versions[0m
2.0.10
2.1.9
2.2.6
[34m[1mDefault Sphinx version[0m
2.2.6
[34m[1mInstalled Firefox version[0m
firefox 31.0esr
[34m[1mPhantomJS version[0m
1.9.8
[34m[1mant -version[0m
Apache Ant(TM) version 1.8.2 compiled on December 3 2011
[34m[1mmvn -version[0m
Apache Maven 3.2.5 (12a6b3acb947671f09b81f49094c53f426d8cea1; 2014-12-14T17:29:23+00:00)
Maven home: /usr/local/maven
Java version: 1.7.0_76, vendor: Oracle Corporation
Java home: /usr/lib/jvm/java-7-oracle/jre
Default locale: en_US, platform encoding: ANSI_X3.4-1968
OS name: "linux", version: "3.13.0-29-generic", arch: "amd64", family: "unix"
travis_fold:end:system_info[0K
travis_fold:start:fix.CVE-2015-7547[0K$ export DEBIAN_FRONTEND=noninteractive
W: Size of file /var/lib/apt/lists/us.archive.ubuntu.com_ubuntu_dists_precise-backports_multiverse_source_Sources.gz is not what the server reported 5886 5888
W: Size of file /var/lib/apt/lists/ppa.launchpad.net_ubuntugis_ppa_ubuntu_dists_precise_main_binary-amd64_Packages.gz is not what the server reported 33653 36677
W: Size of file /var/lib/apt/lists/ppa.launchpad.net_ubuntugis_ppa_ubuntu_dists_precise_main_binary-i386_Packages.gz is not what the server reported 33699 36733
Reading package lists...
Building dependency tree...
Reading state information...
The following extra packages will be installed:
  libc-bin libc-dev-bin libc6-dev
Suggested packages:
  glibc-doc
The following packages will be upgraded:
  libc-bin libc-dev-bin libc6 libc6-dev
4 upgraded, 0 newly installed, 0 to remove and 256 not upgraded.
Need to get 8,840 kB of archives.
After this operation, 14.3 kB disk space will be freed.
Get:1 http://us.archive.ubuntu.com/ubuntu/ precise-updates/main libc6-dev amd64 2.15-0ubuntu10.15 [2,943 kB]
Get:2 http://us.archive.ubuntu.com/ubuntu/ precise-updates/main libc-dev-bin amd64 2.15-0ubuntu10.15 [84.7 kB]
Get:3 http://us.archive.ubuntu.com/ubuntu/ precise-updates/main libc-bin amd64 2.15-0ubuntu10.15 [1,177 kB]
Get:4 http://us.archive.ubuntu.com/ubuntu/ precise-updates/main libc6 amd64 2.15-0ubuntu10.15 [4,636 kB]
Fetched 8,840 kB in 0s (36.1 MB/s)
Preconfiguring packages ...
(Reading database ... (Reading database ... 5%(Reading database ... 10%(Reading database ... 15%(Reading database ... 20%(Reading database ... 25%(Reading database ... 30%(Reading database ... 35%(Reading database ... 40%(Reading database ... 45%(Reading database ... 50%(Reading database ... 55%(Reading database ... 60%(Reading database ... 65%(Reading database ... 70%(Reading database ... 75%(Reading database ... 80%(Reading database ... 85%(Reading database ... 90%(Reading database ... 95%(Reading database ... 100%(Reading database ... 72019 files and directories currently installed.)
Preparing to replace libc6-dev 2.15-0ubuntu10.10 (using .../libc6-dev_2.15-0ubuntu10.15_amd64.deb) ...
Unpacking replacement libc6-dev ...
Preparing to replace libc-dev-bin 2.15-0ubuntu10.10 (using .../libc-dev-bin_2.15-0ubuntu10.15_amd64.deb) ...
Unpacking replacement libc-dev-bin ...
Preparing to replace libc-bin 2.15-0ubuntu10.10 (using .../libc-bin_2.15-0ubuntu10.15_amd64.deb) ...
Unpacking replacement libc-bin ...
Processing triggers for man-db ...
Setting up libc-bin (2.15-0ubuntu10.15) ...
(Reading database ... (Reading database ... 5%(Reading database ... 10%(Reading database ... 15%(Reading database ... 20%(Reading database ... 25%(Reading database ... 30%(Reading database ... 35%(Reading database ... 40%(Reading database ... 45%(Reading database ... 50%(Reading database ... 55%(Reading database ... 60%(Reading database ... 65%(Reading database ... 70%(Reading database ... 75%(Reading database ... 80%(Reading database ... 85%(Reading database ... 90%(Reading database ... 95%(Reading database ... 100%(Reading database ... 72018 files and directories currently installed.)
Preparing to replace libc6 2.15-0ubuntu10.10 (using .../libc6_2.15-0ubuntu10.15_amd64.deb) ...
Unpacking replacement libc6 ...
Setting up libc6 (2.15-0ubuntu10.15) ...
Setting up libc-dev-bin (2.15-0ubuntu10.15) ...
Setting up libc6-dev (2.15-0ubuntu10.15) ...
Processing triggers for libc-bin ...
ldconfig deferred processing now taking place
travis_fold:end:fix.CVE-2015-7547[0Ktravis_fold:start:git.checkout[0Ktravis_time:start:017edc68[0K$ git clone --depth=50 https://github.com/apache/storm.git apache/storm
Cloning into 'apache/storm'...
remote: Counting objects: 25984, done.[K
remote: Compressing objects:   0% (1/9984)   [Kremote: Compressing objects:   1% (100/9984)   [Kremote: Compressing objects:   2% (200/9984)   [Kremote: Compressing objects:   3% (300/9984)   [Kremote: Compressing objects:   4% (400/9984)   [Kremote: Compressing objects:   5% (500/9984)   [Kremote: Compressing objects:   6% (600/9984)   [Kremote: Compressing objects:   7% (699/9984)   [Kremote: Compressing objects:   8% (799/9984)   [Kremote: Compressing objects:   9% (899/9984)   [Kremote: Compressing objects:  10% (999/9984)   [Kremote: Compressing objects:  11% (1099/9984)   [Kremote: Compressing objects:  12% (1199/9984)   [Kremote: Compressing objects:  13% (1298/9984)   [Kremote: Compressing objects:  14% (1398/9984)   [Kremote: Compressing objects:  15% (1498/9984)   [Kremote: Compressing objects:  16% (1598/9984)   [Kremote: Compressing objects:  17% (1698/9984)   [Kremote: Compressing objects:  18% (1798/9984)   [Kremote: Compressing objects:  19% (1897/9984)   [Kremote: Compressing objects:  20% (1997/9984)   [Kremote: Compressing objects:  21% (2097/9984)   [Kremote: Compressing objects:  22% (2197/9984)   [Kremote: Compressing objects:  23% (2297/9984)   [Kremote: Compressing objects:  24% (2397/9984)   [Kremote: Compressing objects:  25% (2496/9984)   [Kremote: Compressing objects:  26% (2596/9984)   [Kremote: Compressing objects:  27% (2696/9984)   [Kremote: Compressing objects:  28% (2796/9984)   [Kremote: Compressing objects:  29% (2896/9984)   [Kremote: Compressing objects:  30% (2996/9984)   [Kremote: Compressing objects:  31% (3096/9984)   [Kremote: Compressing objects:  32% (3195/9984)   [Kremote: Compressing objects:  33% (3295/9984)   [Kremote: Compressing objects:  34% (3395/9984)   [Kremote: Compressing objects:  35% (3495/9984)   [Kremote: Compressing objects:  36% (3595/9984)   [Kremote: Compressing objects:  37% (3695/9984)   [Kremote: Compressing objects:  38% (3794/9984)   [Kremote: Compressing objects:  39% (3894/9984)   [Kremote: Compressing objects:  40% (3994/9984)   [Kremote: Compressing objects:  41% (4094/9984)   [Kremote: Compressing objects:  42% (4194/9984)   [Kremote: Compressing objects:  43% (4294/9984)   [Kremote: Compressing objects:  44% (4393/9984)   [Kremote: Compressing objects:  45% (4493/9984)   [Kremote: Compressing objects:  46% (4593/9984)   [Kremote: Compressing objects:  47% (4693/9984)   [Kremote: Compressing objects:  48% (4793/9984)   [Kremote: Compressing objects:  49% (4893/9984)   [Kremote: Compressing objects:  50% (4992/9984)   [Kremote: Compressing objects:  51% (5092/9984)   [Kremote: Compressing objects:  52% (5192/9984)   [Kremote: Compressing objects:  53% (5292/9984)   [Kremote: Compressing objects:  54% (5392/9984)   [Kremote: Compressing objects:  55% (5492/9984)   [Kremote: Compressing objects:  56% (5592/9984)   [Kremote: Compressing objects:  57% (5691/9984)   [Kremote: Compressing objects:  58% (5791/9984)   [Kremote: Compressing objects:  59% (5891/9984)   [Kremote: Compressing objects:  60% (5991/9984)   [Kremote: Compressing objects:  61% (6091/9984)   [Kremote: Compressing objects:  62% (6191/9984)   [Kremote: Compressing objects:  63% (6290/9984)   [Kremote: Compressing objects:  64% (6390/9984)   [Kremote: Compressing objects:  65% (6490/9984)   [Kremote: Compressing objects:  66% (6590/9984)   [Kremote: Compressing objects:  67% (6690/9984)   [Kremote: Compressing objects:  68% (6790/9984)   [Kremote: Compressing objects:  69% (6889/9984)   [Kremote: Compressing objects:  70% (6989/9984)   [Kremote: Compressing objects:  71% (7089/9984)   [Kremote: Compressing objects:  72% (7189/9984)   [Kremote: Compressing objects:  73% (7289/9984)   [Kremote: Compressing objects:  74% (7389/9984)   [Kremote: Compressing objects:  75% (7488/9984)   [Kremote: Compressing objects:  76% (7588/9984)   [Kremote: Compressing objects:  77% (7688/9984)   [Kremote: Compressing objects:  78% (7788/9984)   [Kremote: Compressing objects:  79% (7888/9984)   [Kremote: Compressing objects:  80% (7988/9984)   [Kremote: Compressing objects:  81% (8088/9984)   [Kremote: Compressing objects:  82% (8187/9984)   [Kremote: Compressing objects:  83% (8287/9984)   [Kremote: Compressing objects:  84% (8387/9984)   [Kremote: Compressing objects:  85% (8487/9984)   [Kremote: Compressing objects:  86% (8587/9984)   [Kremote: Compressing objects:  87% (8687/9984)   [Kremote: Compressing objects:  88% (8786/9984)   [Kremote: Compressing objects:  89% (8886/9984)   [Kremote: Compressing objects:  90% (8986/9984)   [Kremote: Compressing objects:  91% (9086/9984)   [Kremote: Compressing objects:  92% (9186/9984)   [Kremote: Compressing objects:  93% (9286/9984)   [Kremote: Compressing objects:  94% (9385/9984)   [Kremote: Compressing objects:  95% (9485/9984)   [Kremote: Compressing objects:  96% (9585/9984)   [Kremote: Compressing objects:  97% (9685/9984)   [Kremote: Compressing objects:  98% (9785/9984)   [Kremote: Compressing objects:  99% (9885/9984)   [Kremote: Compressing objects: 100% (9984/9984)   [Kremote: Compressing objects: 100% (9984/9984), done.[K
Receiving objects:   0% (1/25984)   Receiving objects:   1% (260/25984)   Receiving objects:   2% (520/25984)   Receiving objects:   3% (780/25984)   Receiving objects:   4% (1040/25984)   Receiving objects:   5% (1300/25984)   Receiving objects:   6% (1560/25984)   Receiving objects:   7% (1819/25984)   Receiving objects:   8% (2079/25984), 2.53 MiB | 5.04 MiB/s   Receiving objects:   8% (2132/25984), 6.38 MiB | 5.54 MiB/s   Receiving objects:   9% (2339/25984), 6.38 MiB | 5.54 MiB/s   Receiving objects:  10% (2599/25984), 6.38 MiB | 5.54 MiB/s   Receiving objects:  11% (2859/25984), 6.38 MiB | 5.54 MiB/s   Receiving objects:  12% (3119/25984), 6.38 MiB | 5.54 MiB/s   Receiving objects:  13% (3378/25984), 6.38 MiB | 5.54 MiB/s   Receiving objects:  14% (3638/25984), 6.38 MiB | 5.54 MiB/s   Receiving objects:  15% (3898/25984), 6.38 MiB | 5.54 MiB/s   Receiving objects:  16% (4158/25984), 6.38 MiB | 5.54 MiB/s   Receiving objects:  17% (4418/25984), 6.38 MiB | 5.54 MiB/s   Receiving objects:  18% (4678/25984), 6.38 MiB | 5.54 MiB/s   Receiving objects:  19% (4937/25984), 6.38 MiB | 5.54 MiB/s   Receiving objects:  20% (5197/25984), 6.38 MiB | 5.54 MiB/s   Receiving objects:  21% (5457/25984), 6.38 MiB | 5.54 MiB/s   Receiving objects:  22% (5717/25984), 6.38 MiB | 5.54 MiB/s   Receiving objects:  23% (5977/25984), 6.38 MiB | 5.54 MiB/s   Receiving objects:  24% (6237/25984), 6.38 MiB | 5.54 MiB/s   Receiving objects:  25% (6496/25984), 6.38 MiB | 5.54 MiB/s   Receiving objects:  26% (6756/25984), 6.38 MiB | 5.54 MiB/s   Receiving objects:  27% (7016/25984), 6.38 MiB | 5.54 MiB/s   Receiving objects:  28% (7276/25984), 6.38 MiB | 5.54 MiB/s   Receiving objects:  29% (7536/25984), 6.38 MiB | 5.54 MiB/s   Receiving objects:  30% (7796/25984), 6.38 MiB | 5.54 MiB/s   Receiving objects:  31% (8056/25984), 6.38 MiB | 5.54 MiB/s   Receiving objects:  32% (8315/25984), 6.38 MiB | 5.54 MiB/s   Receiving objects:  33% (8575/25984), 6.38 MiB | 5.54 MiB/s   Receiving objects:  34% (8835/25984), 6.38 MiB | 5.54 MiB/s   Receiving objects:  35% (9095/25984), 6.38 MiB | 5.54 MiB/s   Receiving objects:  36% (9355/25984), 6.38 MiB | 5.54 MiB/s   Receiving objects:  37% (9615/25984), 6.38 MiB | 5.54 MiB/s   Receiving objects:  38% (9874/25984), 6.38 MiB | 5.54 MiB/s   Receiving objects:  39% (10134/25984), 6.38 MiB | 5.54 MiB/s   Receiving objects:  40% (10394/25984), 6.38 MiB | 5.54 MiB/s   Receiving objects:  41% (10654/25984), 6.38 MiB | 5.54 MiB/s   Receiving objects:  42% (10914/25984), 6.38 MiB | 5.54 MiB/s   Receiving objects:  43% (11174/25984), 6.38 MiB | 5.54 MiB/s   Receiving objects:  44% (11433/25984), 6.38 MiB | 5.54 MiB/s   Receiving objects:  45% (11693/25984), 6.38 MiB | 5.54 MiB/s   Receiving objects:  46% (11953/25984), 6.38 MiB | 5.54 MiB/s   Receiving objects:  47% (12213/25984), 11.38 MiB | 6.63 MiB/s   Receiving objects:  48% (12473/25984), 11.38 MiB | 6.63 MiB/s   Receiving objects:  49% (12733/25984), 11.38 MiB | 6.63 MiB/s   Receiving objects:  50% (12992/25984), 11.38 MiB | 6.63 MiB/s   Receiving objects:  51% (13252/25984), 11.38 MiB | 6.63 MiB/s   Receiving objects:  52% (13512/25984), 11.38 MiB | 6.63 MiB/s   Receiving objects:  53% (13772/25984), 11.38 MiB | 6.63 MiB/s   Receiving objects:  54% (14032/25984), 11.38 MiB | 6.63 MiB/s   Receiving objects:  55% (14292/25984), 11.38 MiB | 6.63 MiB/s   Receiving objects:  56% (14552/25984), 11.38 MiB | 6.63 MiB/s   Receiving objects:  57% (14811/25984), 11.38 MiB | 6.63 MiB/s   Receiving objects:  58% (15071/25984), 11.38 MiB | 6.63 MiB/s   Receiving objects:  59% (15331/25984), 11.38 MiB | 6.63 MiB/s   Receiving objects:  60% (15591/25984), 11.38 MiB | 6.63 MiB/s   Receiving objects:  61% (15851/25984), 11.38 MiB | 6.63 MiB/s   Receiving objects:  62% (16111/25984), 11.38 MiB | 6.63 MiB/s   Receiving objects:  63% (16370/25984), 11.38 MiB | 6.63 MiB/s   Receiving objects:  64% (16630/25984), 11.38 MiB | 6.63 MiB/s   Receiving objects:  65% (16890/25984), 11.38 MiB | 6.63 MiB/s   Receiving objects:  66% (17150/25984), 11.38 MiB | 6.63 MiB/s   Receiving objects:  67% (17410/25984), 11.38 MiB | 6.63 MiB/s   Receiving objects:  67% (17582/25984), 11.38 MiB | 6.63 MiB/s   Receiving objects:  68% (17670/25984), 11.38 MiB | 6.63 MiB/s   Receiving objects:  69% (17929/25984), 11.38 MiB | 6.63 MiB/s   Receiving objects:  70% (18189/25984), 11.38 MiB | 6.63 MiB/s   Receiving objects:  71% (18449/25984), 11.38 MiB | 6.63 MiB/s   Receiving objects:  72% (18709/25984), 11.38 MiB | 6.63 MiB/s   Receiving objects:  73% (18969/25984), 11.38 MiB | 6.63 MiB/s   Receiving objects:  74% (19229/25984), 11.38 MiB | 6.63 MiB/s   Receiving objects:  75% (19488/25984), 11.38 MiB | 6.63 MiB/s   Receiving objects:  76% (19748/25984), 11.38 MiB | 6.63 MiB/s   Receiving objects:  77% (20008/25984), 11.38 MiB | 6.63 MiB/s   Receiving objects:  78% (20268/25984), 11.38 MiB | 6.63 MiB/s   Receiving objects:  79% (20528/25984), 11.38 MiB | 6.63 MiB/s   Receiving objects:  80% (20788/25984), 11.38 MiB | 6.63 MiB/s   Receiving objects:  81% (21048/25984), 11.38 MiB | 6.63 MiB/s   Receiving objects:  82% (21307/25984), 11.38 MiB | 6.63 MiB/s   Receiving objects:  83% (21567/25984), 11.38 MiB | 6.63 MiB/s   Receiving objects:  84% (21827/25984), 11.38 MiB | 6.63 MiB/s   Receiving objects:  85% (22087/25984), 11.38 MiB | 6.63 MiB/s   Receiving objects:  86% (22347/25984), 17.28 MiB | 7.79 MiB/s   Receiving objects:  87% (22607/25984), 17.28 MiB | 7.79 MiB/s   Receiving objects:  88% (22866/25984), 17.28 MiB | 7.79 MiB/s   Receiving objects:  89% (23126/25984), 17.28 MiB | 7.79 MiB/s   Receiving objects:  90% (23386/25984), 17.28 MiB | 7.79 MiB/s   Receiving objects:  91% (23646/25984), 17.28 MiB | 7.79 MiB/s   Receiving objects:  92% (23906/25984), 17.28 MiB | 7.79 MiB/s   Receiving objects:  93% (24166/25984), 17.28 MiB | 7.79 MiB/s   Receiving objects:  94% (24425/25984), 17.28 MiB | 7.79 MiB/s   Receiving objects:  95% (24685/25984), 17.28 MiB | 7.79 MiB/s   Receiving objects:  96% (24945/25984), 17.28 MiB | 7.79 MiB/s   Receiving objects:  97% (25205/25984), 17.28 MiB | 7.79 MiB/s   Receiving objects:  98% (25465/25984), 17.28 MiB | 7.79 MiB/s   Receiving objects:  99% (25725/25984), 17.28 MiB | 7.79 MiB/s   remote: Total 25984 (delta 12591), reused 23141 (delta 10281), pack-reused 0[K
Receiving objects: 100% (25984/25984), 17.28 MiB | 7.79 MiB/s   Receiving objects: 100% (25984/25984), 18.88 MiB | 7.79 MiB/s, done.
Resolving deltas:   0% (0/12591)   Resolving deltas:   1% (130/12591)   Resolving deltas:   2% (270/12591)   Resolving deltas:   3% (378/12591)   Resolving deltas:   5% (650/12591)   Resolving deltas:   6% (770/12591)   Resolving deltas:   7% (893/12591)   Resolving deltas:   8% (1040/12591)   Resolving deltas:   9% (1145/12591)   Resolving deltas:  10% (1262/12591)   Resolving deltas:  11% (1388/12591)   Resolving deltas:  12% (1511/12591)   Resolving deltas:  13% (1637/12591)   Resolving deltas:  14% (1764/12591)   Resolving deltas:  15% (1896/12591)   Resolving deltas:  16% (2015/12591)   Resolving deltas:  17% (2144/12591)   Resolving deltas:  18% (2268/12591)   Resolving deltas:  19% (2396/12591)   Resolving deltas:  20% (2522/12591)   Resolving deltas:  21% (2655/12591)   Resolving deltas:  22% (2797/12591)   Resolving deltas:  23% (2962/12591)   Resolving deltas:  24% (3031/12591)   Resolving deltas:  25% (3157/12591)   Resolving deltas:  26% (3282/12591)   Resolving deltas:  27% (3401/12591)   Resolving deltas:  28% (3539/12591)   Resolving deltas:  29% (3669/12591)   Resolving deltas:  30% (3778/12591)   Resolving deltas:  31% (3905/12591)   Resolving deltas:  32% (4037/12591)   Resolving deltas:  33% (4157/12591)   Resolving deltas:  34% (4282/12591)   Resolving deltas:  35% (4416/12591)   Resolving deltas:  36% (4541/12591)   Resolving deltas:  37% (4662/12591)   Resolving deltas:  38% (4798/12591)   Resolving deltas:  39% (4911/12591)   Resolving deltas:  40% (5045/12591)   Resolving deltas:  41% (5170/12591)   Resolving deltas:  42% (5293/12591)   Resolving deltas:  43% (5415/12591)   Resolving deltas:  44% (5546/12591)   Resolving deltas:  45% (5672/12591)   Resolving deltas:  46% (5797/12591)   Resolving deltas:  47% (5923/12591)   Resolving deltas:  48% (6050/12591)   Resolving deltas:  49% (6176/12591)   Resolving deltas:  50% (6340/12591)   Resolving deltas:  51% (6425/12591)   Resolving deltas:  52% (6566/12591)   Resolving deltas:  54% (6895/12591)   Resolving deltas:  55% (6926/12591)   Resolving deltas:  56% (7069/12591)   Resolving deltas:  58% (7358/12591)   Resolving deltas:  59% (7455/12591)   Resolving deltas:  60% (7555/12591)   Resolving deltas:  61% (7681/12591)   Resolving deltas:  62% (7808/12591)   Resolving deltas:  63% (7972/12591)   Resolving deltas:  65% (8268/12591)   Resolving deltas:  67% (8506/12591)   Resolving deltas:  71% (8947/12591)   Resolving deltas:  72% (9115/12591)   Resolving deltas:  73% (9195/12591)   Resolving deltas:  74% (9319/12591)   Resolving deltas:  75% (9462/12591)   Resolving deltas:  76% (9574/12591)   Resolving deltas:  77% (9715/12591)   Resolving deltas:  78% (9824/12591)   Resolving deltas:  79% (9949/12591)   Resolving deltas:  80% (10091/12591)   Resolving deltas:  81% (10204/12591)   Resolving deltas:  82% (10365/12591)   Resolving deltas:  83% (10471/12591)   Resolving deltas:  84% (10634/12591)   Resolving deltas:  85% (10710/12591)   Resolving deltas:  86% (10832/12591)   Resolving deltas:  87% (10968/12591)   Resolving deltas:  88% (11090/12591)   Resolving deltas:  89% (11207/12591)   Resolving deltas:  90% (11332/12591)   Resolving deltas:  91% (11460/12591)   Resolving deltas:  92% (11585/12591)   Resolving deltas:  93% (11712/12591)   Resolving deltas:  94% (11842/12591)   Resolving deltas:  95% (11967/12591)   Resolving deltas:  96% (12105/12591)   Resolving deltas:  97% (12226/12591)   Resolving deltas:  98% (12349/12591)   Resolving deltas:  99% (12467/12591)   Resolving deltas: 100% (12591/12591)   Resolving deltas: 100% (12591/12591), done.
Checking connectivity... done.

travis_time:end:017edc68:start=1471589747154253973,finish=1471589751549218568,duration=4394964595[0K$ cd apache/storm
travis_time:start:0551ac3f[0K$ git fetch origin +refs/pull/1637/merge:
remote: Counting objects: 19, done.[K
remote: Compressing objects:  12% (1/8)   [Kremote: Compressing objects:  25% (2/8)   [Kremote: Compressing objects:  37% (3/8)   [Kremote: Compressing objects:  50% (4/8)   [Kremote: Compressing objects:  62% (5/8)   [Kremote: Compressing objects:  75% (6/8)   [Kremote: Compressing objects:  87% (7/8)   [Kremote: Compressing objects: 100% (8/8)   [Kremote: Compressing objects: 100% (8/8), done.[K
remote: Total 19 (delta 9), reused 10 (delta 5), pack-reused 0[K
Unpacking objects:   5% (1/19)   Unpacking objects:  10% (2/19)   Unpacking objects:  15% (3/19)   Unpacking objects:  21% (4/19)   Unpacking objects:  26% (5/19)   Unpacking objects:  31% (6/19)   Unpacking objects:  36% (7/19)   Unpacking objects:  42% (8/19)   Unpacking objects:  47% (9/19)   Unpacking objects:  52% (10/19)   Unpacking objects:  57% (11/19)   Unpacking objects:  63% (12/19)   Unpacking objects:  68% (13/19)   Unpacking objects:  73% (14/19)   Unpacking objects:  78% (15/19)   Unpacking objects:  84% (16/19)   Unpacking objects:  89% (17/19)   Unpacking objects:  94% (18/19)   Unpacking objects: 100% (19/19)   Unpacking objects: 100% (19/19), done.
From https://github.com/apache/storm
 * branch            refs/pull/1637/merge -> FETCH_HEAD

travis_time:end:0551ac3f:start=1471589751553138965,finish=1471589751887458282,duration=334319317[0K$ git checkout -qf FETCH_HEAD
travis_fold:end:git.checkout[0K
[33;1mThis job is running on container-based infrastructure, which does not allow use of 'sudo', setuid and setguid executables.[0m
[33;1mIf you require sudo, add 'sudo: required' to your .travis.yml[0m
[33;1mSee https://docs.travis-ci.com/user/workers/container-based-infrastructure/ for details.[0m

[33;1mSetting environment variables from .travis.yml[0m
$ export MODULES=storm-core

$ jdk_switcher use oraclejdk8
Switching to Oracle JDK8 (java-8-oracle), JAVA_HOME will be set to /usr/lib/jvm/java-8-oracle
travis_fold:start:cache.1[0KSetting up build cache
$ export CASHER_DIR=$HOME/.casher
travis_time:start:05be50e8[0K$ Installing caching utilities

travis_time:end:05be50e8:start=1471589787906615776,finish=1471589787966408180,duration=59792404[0Ktravis_time:start:006f9b6d[0K
travis_time:end:006f9b6d:start=1471589787971477710,finish=1471589787974771566,duration=3293856[0Ktravis_time:start:0ef2ae6d[0K[32;1mattempting to download cache archive[0m
[32;1mfetching PR.1637/cache-linux-precise-4722ea394922d42b2b7eb84cff6efc764d76759821ac6f6efc13232aa923f595--jdk-oraclejdk8.tgz[0m
[32;1mfetching PR.1637/cache--jdk-oraclejdk8.tgz[0m
[32;1mfetching master/cache-linux-precise-4722ea394922d42b2b7eb84cff6efc764d76759821ac6f6efc13232aa923f595--jdk-oraclejdk8.tgz[0m
[32;1mfound cache[0m

travis_time:end:0ef2ae6d:start=1471589787978731796,finish=1471589798902750621,duration=10924018825[0Ktravis_time:start:070994b0[0K
travis_time:end:070994b0:start=1471589798906813914,finish=1471589798910314691,duration=3500777[0Ktravis_time:start:22190d06[0K[32;1madding /home/travis/.m2/repository to cache[0m
[32;1madding /home/travis/.rvm to cache[0m
[32;1madding /home/travis/.nvm to cache[0m

travis_time:end:22190d06:start=1471589798914288668,finish=1471589816686062544,duration=17771773876[0Ktravis_fold:end:cache.1[0K$ java -Xmx32m -version
java version "1.8.0_31"
Java(TM) SE Runtime Environment (build 1.8.0_31-b13)
Java HotSpot(TM) 64-Bit Server VM (build 25.31-b07, mixed mode)
$ javac -J-Xmx32m -version
javac 1.8.0_31
travis_fold:start:before_install.1[0Ktravis_time:start:0789f048[0K$ rvm use 2.1.5 --install
[32mUsing /home/travis/.rvm/gems/ruby-2.1.5[0m

travis_time:end:0789f048:start=1471589834099661184,finish=1471589834360997032,duration=261335848[0Ktravis_fold:end:before_install.1[0Ktravis_fold:start:before_install.2[0Ktravis_time:start:01cd0ac8[0K$ nvm install 0.12.2
v0.12.2 is already installed.
Now using node v0.12.2

travis_time:end:01cd0ac8:start=1471589834365891436,finish=1471589834604762292,duration=238870856[0Ktravis_fold:end:before_install.2[0Ktravis_fold:start:before_install.3[0Ktravis_time:start:048cc138[0K$ nvm use 0.12.2
Now using node v0.12.2

travis_time:end:048cc138:start=1471589834609105552,finish=1471589834665095681,duration=55990129[0Ktravis_fold:end:before_install.3[0Ktravis_fold:start:install[0Ktravis_time:start:0006463a[0K$ /bin/bash ./dev-tools/travis/travis-install.sh `pwd`
Python version :   Python 2.7.3
Java HotSpot(TM) 64-Bit Server VM warning: ignoring option MaxPermSize=192m; support was removed in 8.0
Maven version  :   Apache Maven 3.2.5 (12a6b3acb947671f09b81f49094c53f426d8cea1; 2014-12-14T17:29:23+00:00) Maven home: /usr/local/maven Java version: 1.8.0_31, vendor: Oracle Corporation Java home: /usr/lib/jvm/java-8-oracle/jre Default locale: en_US, platform encoding: UTF-8 OS name: "linux", version: "3.13.0-40-generic", arch: "amd64", family: "unix"
['mvn', 'clean', 'install', '-DskipTests', '-Pnative', '--batch-mode'] writing to install.txt
2 seconds 2 log lines12 seconds 129 log lines22 seconds 248 log lines62 seconds 326 log lines87 seconds 333 log lines97 seconds 335 log lines107 seconds 454 log lines125 seconds 655 log lines142 seconds 871 log lines153 seconds 889 log lines164 seconds 964 log lines176 seconds 1246 log lines188 seconds 1448 log lines198 seconds 1660 log lines209 seconds 2092 log lines223 seconds 2213 log lines233 seconds 2443 log lines248 seconds 2740 log lines248 seconds 2741 log lines
['mvn', 'clean', 'install', '-DskipTests', '-Pnative', '--batch-mode'] done 0

travis_time:end:0006463a:start=1471589834669515093,finish=1471590084477836688,duration=249808321595[0Ktravis_fold:end:install[0Ktravis_time:start:1b889b84[0K$ /bin/bash ./dev-tools/travis/travis-script.sh `pwd` $MODULES
Python version :   Python 2.7.3
Ruby version   :   ruby 2.1.5p273 (2014-11-13 revision 48405) [x86_64-linux]
NodeJs version :   v0.12.2
Java HotSpot(TM) 64-Bit Server VM warning: ignoring option MaxPermSize=192m; support was removed in 8.0
Maven version  :   Apache Maven 3.2.5 (12a6b3acb947671f09b81f49094c53f426d8cea1; 2014-12-14T17:29:23+00:00) Maven home: /usr/local/maven Java version: 1.8.0_31, vendor: Oracle Corporation Java home: /usr/lib/jvm/java-8-oracle/jre Default locale: en_US, platform encoding: UTF-8 OS name: "linux", version: "3.13.0-40-generic", arch: "amd64", family: "unix"
Java HotSpot(TM) 64-Bit Server VM warning: ignoring option MaxPermSize=192m; support was removed in 8.0
[INFO] Scanning for projects...
[INFO]                                                                         
[INFO] ------------------------------------------------------------------------
[INFO] Building Storm Core 2.0.0-SNAPSHOT
[INFO] ------------------------------------------------------------------------
[INFO] 
[INFO] --- exec-maven-plugin:1.2.1:exec (default) @ storm-core ---
[INFO] 
[INFO] --- maven-remote-resources-plugin:1.2.1:process (default) @ storm-core ---
[INFO] 
[INFO] --- storm-maven-plugins:2.0.0-SNAPSHOT:version-info (version-info) @ storm-core ---
[WARNING] [svn, info] failed with error code 1
[INFO] SCM: GIT
[INFO] Computed MD5: e58c1753d163311e4a25de15a2ed5665
[INFO] 
[INFO] --- maven-resources-plugin:2.5:resources (default-resources) @ storm-core ---
[debug] execute contextualize
[INFO] Using 'UTF-8' encoding to copy filtered resources.
[INFO] Copying 9 resources
[INFO] Copying 1 resource to META-INF
[INFO] Copying 0 resource
[INFO] Copying 1 resource
[INFO] Copying 3 resources
[INFO] 
[INFO] --- maven-compiler-plugin:3.1:compile (default-compile) @ storm-core ---
[INFO] Nothing to compile - all classes are up to date
[INFO] 
[INFO] --- clojure-maven-plugin:1.7.1:compile (compile-clojure) @ storm-core ---
Compiling org.apache.storm.trident.testing to /home/travis/build/apache/storm/storm-core/target/classes
07:01:44.704 [main] WARN  o.a.s.m.StormMetricsRegistry - Metric ui:num-topology-op-response-http-requests has already been registered
07:01:44.705 [main] WARN  o.a.s.m.StormMetricsRegistry - Metric ui:num-topology-op-response-http-requests has already been registered
Compiling org.apache.storm.config to /home/travis/build/apache/storm/storm-core/target/classes
Compiling org.apache.storm.LocalCluster to /home/travis/build/apache/storm/storm-core/target/classes
Compiling org.apache.storm.internal.clojure to /home/travis/build/apache/storm/storm-core/target/classes
Compiling org.apache.storm.daemon.logviewer to /home/travis/build/apache/storm/storm-core/target/classes
Compiling org.apache.storm.daemon.drpc to /home/travis/build/apache/storm/storm-core/target/classes
Compiling org.apache.storm.daemon.local-supervisor to /home/travis/build/apache/storm/storm-core/target/classes
Compiling org.apache.storm.testing4j to /home/travis/build/apache/storm/storm-core/target/classes
Compiling org.apache.storm.ui.core to /home/travis/build/apache/storm/storm-core/target/classes
Compiling org.apache.storm.ui.helpers to /home/travis/build/apache/storm/storm-core/target/classes
Compiling org.apache.storm.converter to /home/travis/build/apache/storm/storm-core/target/classes
Compiling org.apache.storm.daemon.nimbus to /home/travis/build/apache/storm/storm-core/target/classes
Compiling org.apache.storm.testing to /home/travis/build/apache/storm/storm-core/target/classes
Compiling org.apache.storm.daemon.local-executor to /home/travis/build/apache/storm/storm-core/target/classes
Compiling org.apache.storm.internal.thrift to /home/travis/build/apache/storm/storm-core/target/classes
Compiling org.apache.storm.local-state-converter to /home/travis/build/apache/storm/storm-core/target/classes
Compiling org.apache.storm.log to /home/travis/build/apache/storm/storm-core/target/classes
Compiling org.apache.storm.daemon.common to /home/travis/build/apache/storm/storm-core/target/classes
Compiling org.apache.storm.command.shell-submission to /home/travis/build/apache/storm/storm-core/target/classes
Compiling org.apache.storm.util to /home/travis/build/apache/storm/storm-core/target/classes
Compiling org.apache.storm.daemon.worker to /home/travis/build/apache/storm/storm-core/target/classes
Compiling org.apache.storm.scheduler.IsolationScheduler to /home/travis/build/apache/storm/storm-core/target/classes
[INFO] 
[INFO] --- make-maven-plugin:1.0-beta-1:autoreconf (compile) @ storm-core ---
[INFO] 
[INFO] --- make-maven-plugin:1.0-beta-1:configure (compile) @ storm-core ---
[INFO] /bin/sh: 14: /home/travis/.jdk_switcher_rc: [[: not found
[INFO] /bin/sh: 22: /home/travis/.jdk_switcher_rc: [[: not found
[INFO] /bin/sh: 32: /home/travis/.jdk_switcher_rc: [[: not found
[INFO] /bin/sh: 42: /home/travis/.jdk_switcher_rc: [[: not found
[INFO] /bin/sh: 3: /etc/profile.d/rvm.sh: [[: not found
[INFO] checking for gcc... gcc
[INFO] checking whether the C compiler works... yes
[INFO] checking for C compiler default output file name... a.out
[INFO] checking for suffix of executables... 
[INFO] checking whether we are cross compiling... no
[INFO] checking for suffix of object files... o
[INFO] checking whether we are using the GNU C compiler... yes
[INFO] checking whether gcc accepts -g... yes
[INFO] checking for gcc option to accept ISO C89... none needed
[INFO] checking how to run the C preprocessor... gcc -E
[INFO] checking for grep that handles long lines and -e... /bin/grep
[INFO] checking for egrep... /bin/grep -E
[INFO] checking for ANSI C header files... yes
[INFO] checking for sys/types.h... yes
[INFO] checking for sys/stat.h... yes
[INFO] checking for stdlib.h... yes
[INFO] checking for string.h... yes
[INFO] checking for memory.h... yes
[INFO] checking for strings.h... yes
[INFO] checking for inttypes.h... yes
[INFO] checking for stdint.h... yes
[INFO] checking for unistd.h... yes
[INFO] checking minix/config.h usability... no
[INFO] checking minix/config.h presence... no
[INFO] checking for minix/config.h... no
[INFO] checking whether it is safe to define __EXTENSIONS__... yes
[INFO] checking for a BSD-compatible install... /usr/bin/install -c
[INFO] checking whether build environment is sane... yes
[INFO] checking for a thread-safe mkdir -p... /bin/mkdir -p
[INFO] checking for gawk... gawk
[INFO] checking whether make sets $(MAKE)... yes
[INFO] checking for style of include used by make... GNU
[INFO] checking dependency style of gcc... gcc3
[INFO] checking for gcc... (cached) gcc
[INFO] checking whether we are using the GNU C compiler... (cached) yes
[INFO] checking whether gcc accepts -g... (cached) yes
[INFO] checking for gcc option to accept ISO C89... (cached) none needed
[INFO] checking whether gcc and cc understand -c and -o together... yes
[INFO] checking for unistd.h... (cached) yes
[INFO] checking for stdbool.h that conforms to C99... yes
[INFO] checking for _Bool... yes
[INFO] checking for an ANSI C-conforming const... yes
[INFO] checking for off_t... yes
[INFO] checking for size_t... yes
[INFO] checking whether strerror_r is declared... yes
[INFO] checking for strerror_r... yes
[INFO] checking whether strerror_r returns char *... yes
[INFO] checking for mkdir... yes
[INFO] checking for uname... yes
[INFO] configure: creating ./config.status
[INFO] config.status: creating Makefile
[INFO] config.status: executing depfiles commands
[INFO] 
[INFO] --- make-maven-plugin:1.0-beta-1:make-install (compile) @ storm-core ---
[INFO] /bin/sh: 14: /home/travis/.jdk_switcher_rc: [[: not found
[INFO] /bin/sh: 22: /home/travis/.jdk_switcher_rc: [[: not found
[INFO] /bin/sh: 32: /home/travis/.jdk_switcher_rc: [[: not found
[INFO] /bin/sh: 42: /home/travis/.jdk_switcher_rc: [[: not found
[INFO] /bin/sh: 3: /etc/profile.d/rvm.sh: [[: not found
[INFO] make[1]: Entering directory `/home/travis/build/apache/storm/storm-core/target/native/worker-launcher'
[INFO] test -z "/usr/local/bin" || /bin/mkdir -p "/home/travis/build/apache/storm/storm-core/target/native/target/usr/local/bin"
[INFO]   /usr/bin/install -c worker-launcher '/home/travis/build/apache/storm/storm-core/target/native/target/usr/local/bin'
[INFO] make[1]: Nothing to be done for `install-data-am'.
[INFO] make[1]: Leaving directory `/home/travis/build/apache/storm/storm-core/target/native/worker-launcher'
[INFO] 
[INFO] --- maven-resources-plugin:2.5:testResources (default-testResources) @ storm-core ---
[debug] execute contextualize
[INFO] Using 'UTF-8' encoding to copy filtered resources.
[INFO] Copying 14 resources
[INFO] Copying 2 resources
[INFO] Copying 3 resources
[INFO] 
[INFO] --- maven-dependency-plugin:2.8:unpack (unpack) @ storm-core ---
[INFO] Configured Artifact: org.apache.storm:multilang-ruby:2.0.0-SNAPSHOT:jar
[INFO] Downloading: https://repository.apache.org/snapshots/org/apache/storm/multilang-ruby/2.0.0-SNAPSHOT/maven-metadata.xml
[INFO] Configured Artifact: org.apache.storm:multilang-python:2.0.0-SNAPSHOT:jar
[INFO] Downloading: https://repository.apache.org/snapshots/org/apache/storm/multilang-python/2.0.0-SNAPSHOT/maven-metadata.xml
[INFO] Configured Artifact: org.apache.storm:multilang-javascript:2.0.0-SNAPSHOT:jar
[INFO] Downloading: https://repository.apache.org/snapshots/org/apache/storm/multilang-javascript/2.0.0-SNAPSHOT/maven-metadata.xml
[INFO] multilang-ruby-2.0.0-SNAPSHOT.jar already unpacked.
[INFO] multilang-python-2.0.0-SNAPSHOT.jar already unpacked.
[INFO] multilang-javascript-2.0.0-SNAPSHOT.jar already unpacked.
[INFO] 
[INFO] --- maven-compiler-plugin:3.1:testCompile (default-testCompile) @ storm-core ---
[INFO] Changes detected - recompiling the module!
[INFO] Compiling 67 source files to /home/travis/build/apache/storm/storm-core/target/test-classes
[WARNING] /home/travis/build/apache/storm/storm-core/test/jvm/org/apache/storm/localizer/LocalizerTest.java: Some input files use or override a deprecated API.
[WARNING] /home/travis/build/apache/storm/storm-core/test/jvm/org/apache/storm/localizer/LocalizerTest.java: Recompile with -Xlint:deprecation for details.
[WARNING] /home/travis/build/apache/storm/storm-core/test/jvm/org/apache/storm/spout/CheckpointSpoutTest.java: Some input files use unchecked or unsafe operations.
[WARNING] /home/travis/build/apache/storm/storm-core/test/jvm/org/apache/storm/spout/CheckpointSpoutTest.java: Recompile with -Xlint:unchecked for details.
[INFO] 
[INFO] --- maven-surefire-plugin:2.18.1:test (default-test) @ storm-core ---
[INFO] Surefire report directory: /home/travis/build/apache/storm/storm-core/target/surefire-reports
[INFO] parallel='none', perCoreThreadCount=true, threadCount=0, useUnlimitedThreads=false, threadCountSuites=0, threadCountClasses=0, threadCountMethods=0, parallelOptimized=true

-------------------------------------------------------
 T E S T S
-------------------------------------------------------
Running org.apache.storm.spout.CheckpointSpoutTest
Tests run: 7, Failures: 0, Errors: 0, Skipped: 0, Time elapsed: 0.367 sec - in org.apache.storm.spout.CheckpointSpoutTest
Running org.apache.storm.utils.TimeTest
Tests run: 8, Failures: 0, Errors: 0, Skipped: 0, Time elapsed: 0 sec - in org.apache.storm.utils.TimeTest
Running org.apache.storm.utils.WorkerBackpressureThreadTest
Tests run: 1, Failures: 0, Errors: 0, Skipped: 0, Time elapsed: 0.181 sec - in org.apache.storm.utils.WorkerBackpressureThreadTest
Running org.apache.storm.utils.DisruptorQueueTest
Tests run: 3, Failures: 0, Errors: 0, Skipped: 0, Time elapsed: 3.267 sec - in org.apache.storm.utils.DisruptorQueueTest
Running org.apache.storm.utils.UtilsTest
Tests run: 8, Failures: 0, Errors: 0, Skipped: 0, Time elapsed: 0.145 sec - in org.apache.storm.utils.UtilsTest
Running org.apache.storm.utils.DisruptorQueueBackpressureTest
Tests run: 1, Failures: 0, Errors: 0, Skipped: 0, Time elapsed: 0.001 sec - in org.apache.storm.utils.DisruptorQueueBackpressureTest
Running org.apache.storm.utils.ThriftTopologyUtilsTest
Tests run: 5, Failures: 0, Errors: 0, Skipped: 0, Time elapsed: 0.046 sec - in org.apache.storm.utils.ThriftTopologyUtilsTest
Running org.apache.storm.utils.ShellBoltMessageQueueTest
Tests run: 3, Failures: 0, Errors: 0, Skipped: 0, Time elapsed: 2.012 sec - in org.apache.storm.utils.ShellBoltMessageQueueTest
Running org.apache.storm.utils.ZookeeperServerCnxnFactoryTest
Tests run: 2, Failures: 0, Errors: 0, Skipped: 0, Time elapsed: 0.131 sec - in org.apache.storm.utils.ZookeeperServerCnxnFactoryTest
Running org.apache.storm.utils.StormBoundedExponentialBackoffRetryTest
Tests run: 5, Failures: 0, Errors: 0, Skipped: 0, Time elapsed: 0.522 sec - in org.apache.storm.utils.StormBoundedExponentialBackoffRetryTest
Running org.apache.storm.command.TestCLI
Tests run: 1, Failures: 0, Errors: 0, Skipped: 0, Time elapsed: 0.074 sec - in org.apache.storm.command.TestCLI
Running org.apache.storm.command.RebalanceTest
Tests run: 2, Failures: 0, Errors: 0, Skipped: 0, Time elapsed: 0.016 sec - in org.apache.storm.command.RebalanceTest
Running org.apache.storm.command.SetLogLevelTest
Tests run: 3, Failures: 0, Errors: 0, Skipped: 0, Time elapsed: 0.023 sec - in org.apache.storm.command.SetLogLevelTest
Running org.apache.storm.serialization.ThriftBridgeSerializationDelegateTest
Tests run: 1, Failures: 0, Errors: 0, Skipped: 0, Time elapsed: 0.035 sec - in org.apache.storm.serialization.ThriftBridgeSerializationDelegateTest
Running org.apache.storm.serialization.GzipBridgeSerializationDelegateTest
Tests run: 3, Failures: 0, Errors: 0, Skipped: 0, Time elapsed: 0.05 sec - in org.apache.storm.serialization.GzipBridgeSerializationDelegateTest
Running org.apache.storm.serialization.GzipBridgeThriftSerializationDelegateTest
Tests run: 3, Failures: 0, Errors: 0, Skipped: 0, Time elapsed: 0.018 sec - in org.apache.storm.serialization.GzipBridgeThriftSerializationDelegateTest
Running org.apache.storm.serialization.SerializationTest
Tests run: 3, Failures: 0, Errors: 0, Skipped: 0, Time elapsed: 13.955 sec - in org.apache.storm.serialization.SerializationTest
Running org.apache.storm.serialization.SerializationFactoryTest
Tests run: 3, Failures: 0, Errors: 0, Skipped: 0, Time elapsed: 1.219 sec - in org.apache.storm.serialization.SerializationFactoryTest
Running org.apache.storm.trident.TridentWindowingTest
Tests run: 3, Failures: 0, Errors: 0, Skipped: 0, Time elapsed: 0.36 sec - in org.apache.storm.trident.TridentWindowingTest
Running org.apache.storm.trident.TestTridentTopology
Tests run: 1, Failures: 0, Errors: 0, Skipped: 0, Time elapsed: 20.637 sec - in org.apache.storm.trident.TestTridentTopology
Running org.apache.storm.metric.internal.LatencyStatAndMetricTest
Tests run: 1, Failures: 0, Errors: 0, Skipped: 0, Time elapsed: 0.02 sec - in org.apache.storm.metric.internal.LatencyStatAndMetricTest
Running org.apache.storm.metric.internal.CountStatAndMetricTest
Tests run: 1, Failures: 0, Errors: 0, Skipped: 0, Time elapsed: 0.01 sec - in org.apache.storm.metric.internal.CountStatAndMetricTest
Running org.apache.storm.metric.internal.RateTrackerTest
Tests run: 4, Failures: 0, Errors: 0, Skipped: 0, Time elapsed: 0.002 sec - in org.apache.storm.metric.internal.RateTrackerTest
Running org.apache.storm.metric.filter.FilterByMetricNameTest
Tests run: 4, Failures: 0, Errors: 0, Skipped: 0, Time elapsed: 0.036 sec - in org.apache.storm.metric.filter.FilterByMetricNameTest
Running org.apache.storm.metric.util.DataPointExpanderTest
Tests run: 5, Failures: 0, Errors: 0, Skipped: 0, Time elapsed: 0.006 sec - in org.apache.storm.metric.util.DataPointExpanderTest
Running org.apache.storm.windowing.WaterMarkEventGeneratorTest
Tests run: 5, Failures: 0, Errors: 0, Skipped: 0, Time elapsed: 0.026 sec - in org.apache.storm.windowing.WaterMarkEventGeneratorTest
Running org.apache.storm.windowing.WindowManagerTest
Tests run: 12, Failures: 0, Errors: 0, Skipped: 0, Time elapsed: 0.109 sec - in org.apache.storm.windowing.WindowManagerTest
Running org.apache.storm.topology.StatefulBoltExecutorTest
Tests run: 7, Failures: 0, Errors: 0, Skipped: 0, Time elapsed: 0.9 sec - in org.apache.storm.topology.StatefulBoltExecutorTest
Running org.apache.storm.topology.StatefulWindowedBoltExecutorTest
Tests run: 4, Failures: 0, Errors: 0, Skipped: 0, Time elapsed: 0.457 sec - in org.apache.storm.topology.StatefulWindowedBoltExecutorTest
Running org.apache.storm.topology.TopologyBuilderTest
Tests run: 5, Failures: 0, Errors: 0, Skipped: 0, Time elapsed: 0.238 sec - in org.apache.storm.topology.TopologyBuilderTest
Running org.apache.storm.topology.WindowedBoltExecutorTest
Tests run: 5, Failures: 0, Errors: 0, Skipped: 0, Time elapsed: 0.113 sec - in org.apache.storm.topology.WindowedBoltExecutorTest
Running org.apache.storm.localizer.LocalizerTest
Tests run: 13, Failures: 0, Errors: 0, Skipped: 0, Time elapsed: 1.152 sec - in org.apache.storm.localizer.LocalizerTest
Running org.apache.storm.localizer.LocalizedResourceRetentionSetTest
Tests run: 2, Failures: 0, Errors: 0, Skipped: 0, Time elapsed: 0.046 sec - in org.apache.storm.localizer.LocalizedResourceRetentionSetTest
Running org.apache.storm.localizer.LocalizedResourceSetTest
Tests run: 4, Failures: 0, Errors: 0, Skipped: 0, Time elapsed: 0.038 sec - in org.apache.storm.localizer.LocalizedResourceSetTest
Running org.apache.storm.security.auth.authorizer.DRPCSimpleACLAuthorizerTest
Tests run: 7, Failures: 0, Errors: 0, Skipped: 0, Time elapsed: 0.023 sec - in org.apache.storm.security.auth.authorizer.DRPCSimpleACLAuthorizerTest
Running org.apache.storm.security.auth.DefaultHttpCredentialsPluginTest
Tests run: 2, Failures: 0, Errors: 0, Skipped: 0, Time elapsed: 0.046 sec - in org.apache.storm.security.auth.DefaultHttpCredentialsPluginTest
Running org.apache.storm.security.auth.AuthUtilsTest
Tests run: 15, Failures: 0, Errors: 0, Skipped: 0, Time elapsed: 0.103 sec - in org.apache.storm.security.auth.AuthUtilsTest
Running org.apache.storm.security.auth.ThriftServerTest
Tests run: 2, Failures: 0, Errors: 0, Skipped: 0, Time elapsed: 0.016 sec - in org.apache.storm.security.auth.ThriftServerTest
Running org.apache.storm.security.auth.SaslTransportPluginTest
Tests run: 2, Failures: 0, Errors: 0, Skipped: 0, Time elapsed: 0.006 sec - in org.apache.storm.security.auth.SaslTransportPluginTest
Running org.apache.storm.security.auth.ThriftClientTest
Tests run: 4, Failures: 0, Errors: 0, Skipped: 0, Time elapsed: 0.074 sec - in org.apache.storm.security.auth.ThriftClientTest
Running org.apache.storm.security.auth.ReqContextTest
Tests run: 4, Failures: 0, Errors: 0, Skipped: 0, Time elapsed: 0.002 sec - in org.apache.storm.security.auth.ReqContextTest
Running org.apache.storm.security.serialization.BlowfishTupleSerializerTest
Tests run: 3, Failures: 0, Errors: 0, Skipped: 0, Time elapsed: 1.786 sec - in org.apache.storm.security.serialization.BlowfishTupleSerializerTest
Running org.apache.storm.blobstore.BlobStoreTest
Tests run: 4, Failures: 0, Errors: 0, Skipped: 0, Time elapsed: 2.6 sec - in org.apache.storm.blobstore.BlobStoreTest
Running org.apache.storm.blobstore.BlobSynchronizerTest
Tests run: 4, Failures: 0, Errors: 0, Skipped: 0, Time elapsed: 3.546 sec - in org.apache.storm.blobstore.BlobSynchronizerTest
Running org.apache.storm.blobstore.ClientBlobStoreTest
Tests run: 4, Failures: 0, Errors: 0, Skipped: 0, Time elapsed: 0 sec - in org.apache.storm.blobstore.ClientBlobStoreTest
Running org.apache.storm.cluster.StormClusterStateImplTest
Tests run: 5, Failures: 0, Errors: 0, Skipped: 0, Time elapsed: 0.022 sec - in org.apache.storm.cluster.StormClusterStateImplTest
Running org.apache.storm.scheduler.resource.strategies.scheduling.TestDefaultResourceAwareStrategy
Tests run: 2, Failures: 0, Errors: 0, Skipped: 0, Time elapsed: 0.667 sec - in org.apache.storm.scheduler.resource.strategies.scheduling.TestDefaultResourceAwareStrategy
Running org.apache.storm.scheduler.resource.TestResourceAwareScheduler
Tests run: 14, Failures: 0, Errors: 0, Skipped: 0, Time elapsed: 4.82 sec - in org.apache.storm.scheduler.resource.TestResourceAwareScheduler
Running org.apache.storm.scheduler.resource.TestUser
Tests run: 3, Failures: 0, Errors: 0, Skipped: 0, Time elapsed: 1.991 sec - in org.apache.storm.scheduler.resource.TestUser
Running org.apache.storm.nimbus.LocalNimbusTest

Results :

Tests run: 213, Failures: 0, Errors: 0, Skipped: 0

[INFO] ------------------------------------------------------------------------
[INFO] BUILD FAILURE
[INFO] ------------------------------------------------------------------------
[INFO] Total time: 02:31 min
[INFO] Finished at: 2016-08-19T07:03:58+00:00
[INFO] Final Memory: 46M/371M
[INFO] ------------------------------------------------------------------------
[ERROR] Failed to execute goal org.apache.maven.plugins:maven-surefire-plugin:2.18.1:test (default-test) on project storm-core: Execution default-test of goal org.apache.maven.plugins:maven-surefire-plugin:2.18.1:test failed: The forked VM terminated without properly saying goodbye. VM crash or System.exit called?
[ERROR] Command was /bin/sh -c cd /home/travis/build/apache/storm/storm-core && /usr/lib/jvm/java-8-oracle/jre/bin/java -Xmx1536m -jar /home/travis/build/apache/storm/storm-core/target/surefire/surefirebooter5053325272991069560.jar /home/travis/build/apache/storm/storm-core/target/surefire/surefire3436033804480265662tmp /home/travis/build/apache/storm/storm-core/target/surefire/surefire_05193504556015838764tmp
[ERROR] -> [Help 1]
[ERROR] 
[ERROR] To see the full stack trace of the errors, re-run Maven with the -e switch.
[ERROR] Re-run Maven using the -X switch to enable full debug logging.
[ERROR] 
[ERROR] For more information about the errors and possible solutions, please read the following articles:
[ERROR] [Help 1] http://cwiki.apache.org/confluence/display/MAVEN/PluginExecutionException
Looking for errors in ./storm-core/target/surefire-reports
Checking ./storm-core/target/surefire-reports/TEST-org.apache.storm.spout.CheckpointSpoutTest.xml
Checking ./storm-core/target/surefire-reports/TEST-org.apache.storm.utils.TimeTest.xml
Checking ./storm-core/target/surefire-reports/TEST-org.apache.storm.utils.WorkerBackpressureThreadTest.xml
Checking ./storm-core/target/surefire-reports/TEST-org.apache.storm.utils.DisruptorQueueTest.xml
Checking ./storm-core/target/surefire-reports/TEST-org.apache.storm.utils.UtilsTest.xml
Checking ./storm-core/target/surefire-reports/TEST-org.apache.storm.utils.DisruptorQueueBackpressureTest.xml
Checking ./storm-core/target/surefire-reports/TEST-org.apache.storm.utils.ThriftTopologyUtilsTest.xml
Checking ./storm-core/target/surefire-reports/TEST-org.apache.storm.utils.ShellBoltMessageQueueTest.xml
Checking ./storm-core/target/surefire-reports/TEST-org.apache.storm.utils.ZookeeperServerCnxnFactoryTest.xml
Checking ./storm-core/target/surefire-reports/TEST-org.apache.storm.utils.StormBoundedExponentialBackoffRetryTest.xml
Checking ./storm-core/target/surefire-reports/TEST-org.apache.storm.command.TestCLI.xml
Checking ./storm-core/target/surefire-reports/TEST-org.apache.storm.command.RebalanceTest.xml
Checking ./storm-core/target/surefire-reports/TEST-org.apache.storm.command.SetLogLevelTest.xml
Checking ./storm-core/target/surefire-reports/TEST-org.apache.storm.serialization.ThriftBridgeSerializationDelegateTest.xml
Checking ./storm-core/target/surefire-reports/TEST-org.apache.storm.serialization.GzipBridgeSerializationDelegateTest.xml
Checking ./storm-core/target/surefire-reports/TEST-org.apache.storm.serialization.GzipBridgeThriftSerializationDelegateTest.xml
Checking ./storm-core/target/surefire-reports/TEST-org.apache.storm.serialization.SerializationTest.xml
Checking ./storm-core/target/surefire-reports/TEST-org.apache.storm.serialization.SerializationFactoryTest.xml
Checking ./storm-core/target/surefire-reports/TEST-org.apache.storm.trident.TridentWindowingTest.xml
Checking ./storm-core/target/surefire-reports/TEST-org.apache.storm.trident.TestTridentTopology.xml
Checking ./storm-core/target/surefire-reports/TEST-org.apache.storm.metric.internal.LatencyStatAndMetricTest.xml
Checking ./storm-core/target/surefire-reports/TEST-org.apache.storm.metric.internal.CountStatAndMetricTest.xml
Checking ./storm-core/target/surefire-reports/TEST-org.apache.storm.metric.internal.RateTrackerTest.xml
Checking ./storm-core/target/surefire-reports/TEST-org.apache.storm.metric.filter.FilterByMetricNameTest.xml
Checking ./storm-core/target/surefire-reports/TEST-org.apache.storm.metric.util.DataPointExpanderTest.xml
Checking ./storm-core/target/surefire-reports/TEST-org.apache.storm.windowing.WaterMarkEventGeneratorTest.xml
Checking ./storm-core/target/surefire-reports/TEST-org.apache.storm.windowing.WindowManagerTest.xml
Checking ./storm-core/target/surefire-reports/TEST-org.apache.storm.topology.StatefulBoltExecutorTest.xml
Checking ./storm-core/target/surefire-reports/TEST-org.apache.storm.topology.StatefulWindowedBoltExecutorTest.xml
Checking ./storm-core/target/surefire-reports/TEST-org.apache.storm.topology.TopologyBuilderTest.xml
Checking ./storm-core/target/surefire-reports/TEST-org.apache.storm.topology.WindowedBoltExecutorTest.xml
Checking ./storm-core/target/surefire-reports/TEST-org.apache.storm.localizer.LocalizerTest.xml
Checking ./storm-core/target/surefire-reports/TEST-org.apache.storm.localizer.LocalizedResourceRetentionSetTest.xml
Checking ./storm-core/target/surefire-reports/TEST-org.apache.storm.localizer.LocalizedResourceSetTest.xml
Checking ./storm-core/target/surefire-reports/TEST-org.apache.storm.security.auth.authorizer.DRPCSimpleACLAuthorizerTest.xml
Checking ./storm-core/target/surefire-reports/TEST-org.apache.storm.security.auth.DefaultHttpCredentialsPluginTest.xml
Checking ./storm-core/target/surefire-reports/TEST-org.apache.storm.security.auth.AuthUtilsTest.xml
Checking ./storm-core/target/surefire-reports/TEST-org.apache.storm.security.auth.ThriftServerTest.xml
Checking ./storm-core/target/surefire-reports/TEST-org.apache.storm.security.auth.SaslTransportPluginTest.xml
Checking ./storm-core/target/surefire-reports/TEST-org.apache.storm.security.auth.ThriftClientTest.xml
Checking ./storm-core/target/surefire-reports/TEST-org.apache.storm.security.auth.ReqContextTest.xml
Checking ./storm-core/target/surefire-reports/TEST-org.apache.storm.security.serialization.BlowfishTupleSerializerTest.xml
Checking ./storm-core/target/surefire-reports/TEST-org.apache.storm.blobstore.BlobStoreTest.xml
Checking ./storm-core/target/surefire-reports/TEST-org.apache.storm.blobstore.BlobSynchronizerTest.xml
Checking ./storm-core/target/surefire-reports/TEST-org.apache.storm.blobstore.ClientBlobStoreTest.xml
Checking ./storm-core/target/surefire-reports/TEST-org.apache.storm.cluster.StormClusterStateImplTest.xml
Checking ./storm-core/target/surefire-reports/TEST-org.apache.storm.scheduler.resource.strategies.scheduling.TestDefaultResourceAwareStrategy.xml
Checking ./storm-core/target/surefire-reports/TEST-org.apache.storm.scheduler.resource.TestResourceAwareScheduler.xml
Checking ./storm-core/target/surefire-reports/TEST-org.apache.storm.scheduler.resource.TestUser.xml

travis_time:end:1b889b84:start=1471590084482154917,finish=1471590241119703203,duration=156637548286[0K
[31;1mThe command "/bin/bash ./dev-tools/travis/travis-script.sh `pwd` $MODULES" exited with 1.[0m
travis_fold:start:cache.2[0Kstore build cache
travis_time:start:023e2da6[0K
travis_time:end:023e2da6:start=1471590241124254360,finish=1471590241128141500,duration=3887140[0Ktravis_time:start:0b7c9fd8[0K[32;1mchange detected (content changed, file is created, or file is deleted):
/home/travis/.m2/repository/eigenbase/eigenbase-properties/1.1.4/eigenbase-properties-1.1.4.pom.lastUpdated
/home/travis/.m2/repository/io/confluent/kafka-avro-serializer/1.0/kafka-avro-serializer-1.0.pom.lastUpdated
/home/travis/.m2/repository/io/confluent/kafka-schema-registry-client/1.0/kafka-schema-registry-client-1.0.pom.lastUpdated
/home/travis/.m2/repository/net/hydromatic/linq4j/0.4/linq4j-0.4.pom.lastUpdated
/home/travis/.m2/repository/net/hydromatic/quidem/0.1.1/quidem-0.1.1.pom.lastUpdated
/home/travis/.m2/repository/org/apache/storm/flux/2.0.0-SNAPSHOT/maven-metadata-local.xml
/home/travis/.m2/repository/org/apache/storm/flux/2.0.0-SNAPSHOT/_remote.repositories
/home/travis/.m2/repository/org/apache/storm/flux-core/2.0.0-SNAPSHOT/flux-core-2.0.0-SNAPSHOT.jar
/home/travis/.m2/repository/org/apache/storm/flux-core/2.0.0-SNAPSHOT/maven-metadata-local.xml
/home/travis/.m2/repository/org/apache/storm/flux-core/2.0.0-SNAPSHOT/_remote.repositories
/home/travis/.m2/repository/org/ap
[0m
[32;1m...
[0m
[32;1mchanges detected, packing new archive[0m
.
.
.
.
.
.
.
.
[32;1muploading archive[0m

travis_time:end:0b7c9fd8:start=1471590241132250346,finish=1471590303302407496,duration=62170157150[0Ktravis_fold:end:cache.2[0K
Done. Your build exited with 1.
