Using worker: worker-linux-docker-7f08cc7e.prod.travis-ci.org:travis-linux-12

travis_fold:start:system_info[0K[33;1mBuild system information[0m
Build language: java
Build group: stable
Build dist: precise
Build id: 156548604
Job id: 156548605
travis-build version: eb5e562ef
[34m[1mBuild image provisioning date and time[0m
Thu Feb  5 15:09:33 UTC 2015
[34m[1mOperating System Details[0m
Distributor ID:	Ubuntu
Description:	Ubuntu 12.04.5 LTS
Release:	12.04
Codename:	precise
[34m[1mLinux Version[0m
3.13.0-29-generic
[34m[1mCookbooks Version[0m
a68419e https://github.com/travis-ci/travis-cookbooks/tree/a68419e
[34m[1mGCC version[0m
gcc (Ubuntu/Linaro 4.6.3-1ubuntu5) 4.6.3
Copyright (C) 2011 Free Software Foundation, Inc.
This is free software; see the source for copying conditions.  There is NO
warranty; not even for MERCHANTABILITY or FITNESS FOR A PARTICULAR PURPOSE.

[34m[1mLLVM version[0m
clang version 3.4 (tags/RELEASE_34/final)
Target: x86_64-unknown-linux-gnu
Thread model: posix
[34m[1mPre-installed Ruby versions[0m
ruby-1.9.3-p551
[34m[1mPre-installed Node.js versions[0m
v0.10.36
[34m[1mPre-installed Go versions[0m
1.4.1
[34m[1mRedis version[0m
redis-server 2.8.19
[34m[1mriak version[0m
2.0.2
[34m[1mMongoDB version[0m
MongoDB 2.4.12
[34m[1mCouchDB version[0m
couchdb 1.6.1
[34m[1mNeo4j version[0m
1.9.4
[34m[1mRabbitMQ Version[0m
3.4.3
[34m[1mElasticSearch version[0m
1.4.0
[34m[1mInstalled Sphinx versions[0m
2.0.10
2.1.9
2.2.6
[34m[1mDefault Sphinx version[0m
2.2.6
[34m[1mInstalled Firefox version[0m
firefox 31.0esr
[34m[1mPhantomJS version[0m
1.9.8
[34m[1mant -version[0m
Apache Ant(TM) version 1.8.2 compiled on December 3 2011
[34m[1mmvn -version[0m
Apache Maven 3.2.5 (12a6b3acb947671f09b81f49094c53f426d8cea1; 2014-12-14T17:29:23+00:00)
Maven home: /usr/local/maven
Java version: 1.7.0_76, vendor: Oracle Corporation
Java home: /usr/lib/jvm/java-7-oracle/jre
Default locale: en_US, platform encoding: ANSI_X3.4-1968
OS name: "linux", version: "3.13.0-29-generic", arch: "amd64", family: "unix"
travis_fold:end:system_info[0K
travis_fold:start:fix.CVE-2015-7547[0K$ export DEBIAN_FRONTEND=noninteractive
W: Size of file /var/lib/apt/lists/us.archive.ubuntu.com_ubuntu_dists_precise-backports_multiverse_source_Sources.gz is not what the server reported 5886 5888
W: Size of file /var/lib/apt/lists/ppa.launchpad.net_ubuntugis_ppa_ubuntu_dists_precise_main_binary-amd64_Packages.gz is not what the server reported 33653 36677
W: Size of file /var/lib/apt/lists/ppa.launchpad.net_ubuntugis_ppa_ubuntu_dists_precise_main_binary-i386_Packages.gz is not what the server reported 33699 36733
Reading package lists...
Building dependency tree...
Reading state information...
The following extra packages will be installed:
  libc-bin libc-dev-bin libc6-dev
Suggested packages:
  glibc-doc
The following packages will be upgraded:
  libc-bin libc-dev-bin libc6 libc6-dev
4 upgraded, 0 newly installed, 0 to remove and 258 not upgraded.
Need to get 8,840 kB of archives.
After this operation, 14.3 kB disk space will be freed.
Get:1 http://us.archive.ubuntu.com/ubuntu/ precise-updates/main libc6-dev amd64 2.15-0ubuntu10.15 [2,943 kB]
Get:2 http://us.archive.ubuntu.com/ubuntu/ precise-updates/main libc-dev-bin amd64 2.15-0ubuntu10.15 [84.7 kB]
Get:3 http://us.archive.ubuntu.com/ubuntu/ precise-updates/main libc-bin amd64 2.15-0ubuntu10.15 [1,177 kB]
Get:4 http://us.archive.ubuntu.com/ubuntu/ precise-updates/main libc6 amd64 2.15-0ubuntu10.15 [4,636 kB]
Fetched 8,840 kB in 0s (34.1 MB/s)
Preconfiguring packages ...
(Reading database ... (Reading database ... 5%(Reading database ... 10%(Reading database ... 15%(Reading database ... 20%(Reading database ... 25%(Reading database ... 30%(Reading database ... 35%(Reading database ... 40%(Reading database ... 45%(Reading database ... 50%(Reading database ... 55%(Reading database ... 60%(Reading database ... 65%(Reading database ... 70%(Reading database ... 75%(Reading database ... 80%(Reading database ... 85%(Reading database ... 90%(Reading database ... 95%(Reading database ... 100%(Reading database ... 72019 files and directories currently installed.)
Preparing to replace libc6-dev 2.15-0ubuntu10.10 (using .../libc6-dev_2.15-0ubuntu10.15_amd64.deb) ...
Unpacking replacement libc6-dev ...
Preparing to replace libc-dev-bin 2.15-0ubuntu10.10 (using .../libc-dev-bin_2.15-0ubuntu10.15_amd64.deb) ...
Unpacking replacement libc-dev-bin ...
Preparing to replace libc-bin 2.15-0ubuntu10.10 (using .../libc-bin_2.15-0ubuntu10.15_amd64.deb) ...
Unpacking replacement libc-bin ...
Processing triggers for man-db ...
Setting up libc-bin (2.15-0ubuntu10.15) ...
(Reading database ... (Reading database ... 5%(Reading database ... 10%(Reading database ... 15%(Reading database ... 20%(Reading database ... 25%(Reading database ... 30%(Reading database ... 35%(Reading database ... 40%(Reading database ... 45%(Reading database ... 50%(Reading database ... 55%(Reading database ... 60%(Reading database ... 65%(Reading database ... 70%(Reading database ... 75%(Reading database ... 80%(Reading database ... 85%(Reading database ... 90%(Reading database ... 95%(Reading database ... 100%(Reading database ... 72018 files and directories currently installed.)
Preparing to replace libc6 2.15-0ubuntu10.10 (using .../libc6_2.15-0ubuntu10.15_amd64.deb) ...
Unpacking replacement libc6 ...
Setting up libc6 (2.15-0ubuntu10.15) ...
Setting up libc-dev-bin (2.15-0ubuntu10.15) ...
Setting up libc6-dev (2.15-0ubuntu10.15) ...
Processing triggers for libc-bin ...
ldconfig deferred processing now taking place
travis_fold:end:fix.CVE-2015-7547[0Ktravis_fold:start:git.checkout[0Ktravis_time:start:0f31fb7d[0K$ git clone --depth=50 https://github.com/apache/storm.git apache/storm
Cloning into 'apache/storm'...
remote: Counting objects: 25957, done.[K
remote: Compressing objects:   0% (1/9988)   [Kremote: Compressing objects:   1% (100/9988)   [Kremote: Compressing objects:   2% (200/9988)   [Kremote: Compressing objects:   3% (300/9988)   [Kremote: Compressing objects:   4% (400/9988)   [Kremote: Compressing objects:   5% (500/9988)   [Kremote: Compressing objects:   6% (600/9988)   [Kremote: Compressing objects:   7% (700/9988)   [Kremote: Compressing objects:   8% (800/9988)   [Kremote: Compressing objects:   9% (899/9988)   [Kremote: Compressing objects:  10% (999/9988)   [Kremote: Compressing objects:  11% (1099/9988)   [Kremote: Compressing objects:  12% (1199/9988)   [Kremote: Compressing objects:  13% (1299/9988)   [Kremote: Compressing objects:  14% (1399/9988)   [Kremote: Compressing objects:  15% (1499/9988)   [Kremote: Compressing objects:  16% (1599/9988)   [Kremote: Compressing objects:  17% (1698/9988)   [Kremote: Compressing objects:  18% (1798/9988)   [Kremote: Compressing objects:  19% (1898/9988)   [Kremote: Compressing objects:  20% (1998/9988)   [Kremote: Compressing objects:  21% (2098/9988)   [Kremote: Compressing objects:  22% (2198/9988)   [Kremote: Compressing objects:  23% (2298/9988)   [Kremote: Compressing objects:  24% (2398/9988)   [Kremote: Compressing objects:  25% (2497/9988)   [Kremote: Compressing objects:  26% (2597/9988)   [Kremote: Compressing objects:  27% (2697/9988)   [Kremote: Compressing objects:  28% (2797/9988)   [Kremote: Compressing objects:  29% (2897/9988)   [Kremote: Compressing objects:  30% (2997/9988)   [Kremote: Compressing objects:  31% (3097/9988)   [Kremote: Compressing objects:  32% (3197/9988)   [Kremote: Compressing objects:  33% (3297/9988)   [Kremote: Compressing objects:  34% (3396/9988)   [Kremote: Compressing objects:  35% (3496/9988)   [Kremote: Compressing objects:  36% (3596/9988)   [Kremote: Compressing objects:  37% (3696/9988)   [Kremote: Compressing objects:  38% (3796/9988)   [Kremote: Compressing objects:  39% (3896/9988)   [Kremote: Compressing objects:  40% (3996/9988)   [Kremote: Compressing objects:  41% (4096/9988)   [Kremote: Compressing objects:  42% (4195/9988)   [Kremote: Compressing objects:  43% (4295/9988)   [Kremote: Compressing objects:  44% (4395/9988)   [Kremote: Compressing objects:  45% (4495/9988)   [Kremote: Compressing objects:  46% (4595/9988)   [Kremote: Compressing objects:  47% (4695/9988)   [Kremote: Compressing objects:  48% (4795/9988)   [Kremote: Compressing objects:  49% (4895/9988)   [Kremote: Compressing objects:  50% (4994/9988)   [Kremote: Compressing objects:  51% (5094/9988)   [Kremote: Compressing objects:  52% (5194/9988)   [Kremote: Compressing objects:  53% (5294/9988)   [Kremote: Compressing objects:  54% (5394/9988)   [Kremote: Compressing objects:  55% (5494/9988)   [Kremote: Compressing objects:  56% (5594/9988)   [Kremote: Compressing objects:  57% (5694/9988)   [Kremote: Compressing objects:  58% (5794/9988)   [Kremote: Compressing objects:  59% (5893/9988)   [Kremote: Compressing objects:  60% (5993/9988)   [Kremote: Compressing objects:  61% (6093/9988)   [Kremote: Compressing objects:  62% (6193/9988)   [Kremote: Compressing objects:  63% (6293/9988)   [Kremote: Compressing objects:  64% (6393/9988)   [Kremote: Compressing objects:  65% (6493/9988)   [Kremote: Compressing objects:  66% (6593/9988)   [Kremote: Compressing objects:  67% (6692/9988)   [Kremote: Compressing objects:  68% (6792/9988)   [Kremote: Compressing objects:  69% (6892/9988)   [Kremote: Compressing objects:  70% (6992/9988)   [Kremote: Compressing objects:  71% (7092/9988)   [Kremote: Compressing objects:  72% (7192/9988)   [Kremote: Compressing objects:  73% (7292/9988)   [Kremote: Compressing objects:  74% (7392/9988)   [Kremote: Compressing objects:  75% (7491/9988)   [Kremote: Compressing objects:  76% (7591/9988)   [Kremote: Compressing objects:  77% (7691/9988)   [Kremote: Compressing objects:  78% (7791/9988)   [Kremote: Compressing objects:  79% (7891/9988)   [Kremote: Compressing objects:  80% (7991/9988)   [Kremote: Compressing objects:  81% (8091/9988)   [Kremote: Compressing objects:  82% (8191/9988)   [Kremote: Compressing objects:  83% (8291/9988)   [Kremote: Compressing objects:  84% (8390/9988)   [Kremote: Compressing objects:  85% (8490/9988)   [Kremote: Compressing objects:  86% (8590/9988)   [Kremote: Compressing objects:  87% (8690/9988)   [Kremote: Compressing objects:  88% (8790/9988)   [Kremote: Compressing objects:  89% (8890/9988)   [Kremote: Compressing objects:  90% (8990/9988)   [Kremote: Compressing objects:  91% (9090/9988)   [Kremote: Compressing objects:  92% (9189/9988)   [Kremote: Compressing objects:  93% (9289/9988)   [Kremote: Compressing objects:  94% (9389/9988)   [Kremote: Compressing objects:  95% (9489/9988)   [Kremote: Compressing objects:  96% (9589/9988)   [Kremote: Compressing objects:  97% (9689/9988)   [Kremote: Compressing objects:  98% (9789/9988)   [Kremote: Compressing objects:  99% (9889/9988)   [Kremote: Compressing objects: 100% (9988/9988)   [Kremote: Compressing objects: 100% (9988/9988), done.[K
Receiving objects:   0% (1/25957)   Receiving objects:   1% (260/25957)   Receiving objects:   2% (520/25957)   Receiving objects:   3% (779/25957)   Receiving objects:   4% (1039/25957)   Receiving objects:   5% (1298/25957)   Receiving objects:   6% (1558/25957)   Receiving objects:   7% (1817/25957)   Receiving objects:   8% (2077/25957)   Receiving objects:   9% (2337/25957)   Receiving objects:  10% (2596/25957)   Receiving objects:  11% (2856/25957)   Receiving objects:  12% (3115/25957)   Receiving objects:  13% (3375/25957)   Receiving objects:  14% (3634/25957)   Receiving objects:  15% (3894/25957)   Receiving objects:  16% (4154/25957)   Receiving objects:  17% (4413/25957)   Receiving objects:  18% (4673/25957)   Receiving objects:  19% (4932/25957)   Receiving objects:  20% (5192/25957)   Receiving objects:  21% (5451/25957)   Receiving objects:  22% (5711/25957)   Receiving objects:  23% (5971/25957)   Receiving objects:  24% (6230/25957)   Receiving objects:  25% (6490/25957)   Receiving objects:  26% (6749/25957)   Receiving objects:  27% (7009/25957)   Receiving objects:  28% (7268/25957)   Receiving objects:  29% (7528/25957)   Receiving objects:  30% (7788/25957)   Receiving objects:  31% (8047/25957)   Receiving objects:  32% (8307/25957)   Receiving objects:  33% (8566/25957)   Receiving objects:  34% (8826/25957)   Receiving objects:  35% (9085/25957)   Receiving objects:  36% (9345/25957)   Receiving objects:  37% (9605/25957)   Receiving objects:  38% (9864/25957)   Receiving objects:  39% (10124/25957)   Receiving objects:  40% (10383/25957)   Receiving objects:  41% (10643/25957)   Receiving objects:  42% (10902/25957)   Receiving objects:  43% (11162/25957)   Receiving objects:  44% (11422/25957)   Receiving objects:  45% (11681/25957)   Receiving objects:  46% (11941/25957)   Receiving objects:  47% (12200/25957)   Receiving objects:  48% (12460/25957)   Receiving objects:  49% (12719/25957)   Receiving objects:  50% (12979/25957)   Receiving objects:  51% (13239/25957)   Receiving objects:  52% (13498/25957)   Receiving objects:  53% (13758/25957)   Receiving objects:  54% (14017/25957)   Receiving objects:  55% (14277/25957)   Receiving objects:  56% (14536/25957)   Receiving objects:  57% (14796/25957)   Receiving objects:  58% (15056/25957)   Receiving objects:  59% (15315/25957)   Receiving objects:  60% (15575/25957)   Receiving objects:  61% (15834/25957)   Receiving objects:  62% (16094/25957)   Receiving objects:  63% (16353/25957)   Receiving objects:  64% (16613/25957)   Receiving objects:  65% (16873/25957)   Receiving objects:  66% (17132/25957)   Receiving objects:  67% (17392/25957)   Receiving objects:  68% (17651/25957)   Receiving objects:  69% (17911/25957)   Receiving objects:  70% (18170/25957), 13.12 MiB | 26.17 MiB/s   Receiving objects:  71% (18430/25957), 13.12 MiB | 26.17 MiB/s   Receiving objects:  72% (18690/25957), 13.12 MiB | 26.17 MiB/s   Receiving objects:  73% (18949/25957), 13.12 MiB | 26.17 MiB/s   Receiving objects:  74% (19209/25957), 13.12 MiB | 26.17 MiB/s   Receiving objects:  75% (19468/25957), 13.12 MiB | 26.17 MiB/s   Receiving objects:  76% (19728/25957), 13.12 MiB | 26.17 MiB/s   Receiving objects:  77% (19987/25957), 13.12 MiB | 26.17 MiB/s   Receiving objects:  78% (20247/25957), 13.12 MiB | 26.17 MiB/s   Receiving objects:  79% (20507/25957), 13.12 MiB | 26.17 MiB/s   Receiving objects:  80% (20766/25957), 13.12 MiB | 26.17 MiB/s   Receiving objects:  81% (21026/25957), 13.12 MiB | 26.17 MiB/s   Receiving objects:  82% (21285/25957), 13.12 MiB | 26.17 MiB/s   Receiving objects:  83% (21545/25957), 13.12 MiB | 26.17 MiB/s   Receiving objects:  84% (21804/25957), 13.12 MiB | 26.17 MiB/s   Receiving objects:  85% (22064/25957), 13.12 MiB | 26.17 MiB/s   Receiving objects:  86% (22324/25957), 13.12 MiB | 26.17 MiB/s   Receiving objects:  87% (22583/25957), 13.12 MiB | 26.17 MiB/s   Receiving objects:  88% (22843/25957), 13.12 MiB | 26.17 MiB/s   Receiving objects:  89% (23102/25957), 13.12 MiB | 26.17 MiB/s   Receiving objects:  90% (23362/25957), 13.12 MiB | 26.17 MiB/s   Receiving objects:  91% (23621/25957), 13.12 MiB | 26.17 MiB/s   Receiving objects:  92% (23881/25957), 13.12 MiB | 26.17 MiB/s   Receiving objects:  93% (24141/25957), 13.12 MiB | 26.17 MiB/s   Receiving objects:  94% (24400/25957), 13.12 MiB | 26.17 MiB/s   Receiving objects:  95% (24660/25957), 13.12 MiB | 26.17 MiB/s   Receiving objects:  96% (24919/25957), 13.12 MiB | 26.17 MiB/s   Receiving objects:  97% (25179/25957), 13.12 MiB | 26.17 MiB/s   Receiving objects:  98% (25438/25957), 13.12 MiB | 26.17 MiB/s   Receiving objects:  99% (25698/25957), 13.12 MiB | 26.17 MiB/s   remote: Total 25957 (delta 12506), reused 23107 (delta 10200), pack-reused 0[K
Receiving objects: 100% (25957/25957), 13.12 MiB | 26.17 MiB/s   Receiving objects: 100% (25957/25957), 19.07 MiB | 26.17 MiB/s, done.
Resolving deltas:   0% (0/12506)   Resolving deltas:   1% (144/12506)   Resolving deltas:   2% (251/12506)   Resolving deltas:   3% (384/12506)   Resolving deltas:   4% (502/12506)   Resolving deltas:   5% (635/12506)   Resolving deltas:   6% (765/12506)   Resolving deltas:   7% (878/12506)   Resolving deltas:   8% (1001/12506)   Resolving deltas:   9% (1153/12506)   Resolving deltas:  10% (1252/12506)   Resolving deltas:  11% (1377/12506)   Resolving deltas:  12% (1513/12506)   Resolving deltas:  13% (1628/12506)   Resolving deltas:  14% (1756/12506)   Resolving deltas:  15% (1885/12506)   Resolving deltas:  16% (2017/12506)   Resolving deltas:  17% (2127/12506)   Resolving deltas:  18% (2266/12506)   Resolving deltas:  19% (2383/12506)   Resolving deltas:  20% (2502/12506)   Resolving deltas:  21% (2627/12506)   Resolving deltas:  23% (2898/12506)   Resolving deltas:  24% (3004/12506)   Resolving deltas:  25% (3144/12506)   Resolving deltas:  26% (3253/12506)   Resolving deltas:  27% (3439/12506)   Resolving deltas:  28% (3503/12506)   Resolving deltas:  29% (3635/12506)   Resolving deltas:  30% (3783/12506)   Resolving deltas:  31% (3887/12506)   Resolving deltas:  32% (4004/12506)   Resolving deltas:  33% (4140/12506)   Resolving deltas:  34% (4267/12506)   Resolving deltas:  35% (4381/12506)   Resolving deltas:  36% (4503/12506)   Resolving deltas:  37% (4628/12506)   Resolving deltas:  38% (4764/12506)   Resolving deltas:  39% (4883/12506)   Resolving deltas:  40% (5003/12506)   Resolving deltas:  41% (5133/12506)   Resolving deltas:  42% (5262/12506)   Resolving deltas:  43% (5381/12506)   Resolving deltas:  44% (5511/12506)   Resolving deltas:  45% (5628/12506)   Resolving deltas:  46% (5785/12506)   Resolving deltas:  47% (5880/12506)   Resolving deltas:  48% (6003/12506)   Resolving deltas:  49% (6128/12506)   Resolving deltas:  50% (6258/12506)   Resolving deltas:  51% (6381/12506)   Resolving deltas:  52% (6513/12506)   Resolving deltas:  54% (6821/12506)   Resolving deltas:  55% (6891/12506)   Resolving deltas:  56% (7004/12506)   Resolving deltas:  57% (7139/12506)   Resolving deltas:  60% (7577/12506)   Resolving deltas:  61% (7655/12506)   Resolving deltas:  62% (7754/12506)   Resolving deltas:  63% (7898/12506)   Resolving deltas:  64% (8047/12506)   Resolving deltas:  65% (8131/12506)   Resolving deltas:  67% (8384/12506)   Resolving deltas:  71% (8880/12506)   Resolving deltas:  73% (9165/12506)   Resolving deltas:  74% (9267/12506)   Resolving deltas:  75% (9388/12506)   Resolving deltas:  76% (9559/12506)   Resolving deltas:  77% (9632/12506)   Resolving deltas:  78% (9758/12506)   Resolving deltas:  79% (9902/12506)   Resolving deltas:  80% (10006/12506)   Resolving deltas:  81% (10130/12506)   Resolving deltas:  82% (10255/12506)   Resolving deltas:  83% (10441/12506)   Resolving deltas:  85% (10677/12506)   Resolving deltas:  86% (10784/12506)   Resolving deltas:  87% (10883/12506)   Resolving deltas:  88% (11025/12506)   Resolving deltas:  89% (11135/12506)   Resolving deltas:  90% (11274/12506)   Resolving deltas:  91% (11383/12506)   Resolving deltas:  92% (11506/12506)   Resolving deltas:  93% (11638/12506)   Resolving deltas:  94% (11757/12506)   Resolving deltas:  96% (12072/12506)   Resolving deltas:  97% (12150/12506)   Resolving deltas:  98% (12257/12506)   Resolving deltas:  99% (12381/12506)   Resolving deltas: 100% (12506/12506)   Resolving deltas: 100% (12506/12506), done.
Checking connectivity... done.

travis_time:end:0f31fb7d:start=1472656422403805239,finish=1472656425244855691,duration=2841050452[0K$ cd apache/storm
travis_time:start:100e9c0c[0K$ git fetch origin +refs/pull/1665/merge:
remote: Counting objects: 15, done.[K
remote: Compressing objects:  33% (1/3)   [Kremote: Compressing objects:  66% (2/3)   [Kremote: Compressing objects: 100% (3/3)   [Kremote: Compressing objects: 100% (3/3), done.[K
remote: Total 15 (delta 6), reused 13 (delta 5), pack-reused 0[K
Unpacking objects:   6% (1/15)   Unpacking objects:  13% (2/15)   Unpacking objects:  20% (3/15)   Unpacking objects:  26% (4/15)   Unpacking objects:  33% (5/15)   Unpacking objects:  40% (6/15)   Unpacking objects:  46% (7/15)   Unpacking objects:  53% (8/15)   Unpacking objects:  60% (9/15)   Unpacking objects:  66% (10/15)   Unpacking objects:  73% (11/15)   Unpacking objects:  80% (12/15)   Unpacking objects:  86% (13/15)   Unpacking objects:  93% (14/15)   Unpacking objects: 100% (15/15)   Unpacking objects: 100% (15/15), done.
From https://github.com/apache/storm
 * branch            refs/pull/1665/merge -> FETCH_HEAD

travis_time:end:100e9c0c:start=1472656425249057000,finish=1472656425609625877,duration=360568877[0K$ git checkout -qf FETCH_HEAD
travis_fold:end:git.checkout[0K
[33;1mThis job is running on container-based infrastructure, which does not allow use of 'sudo', setuid and setguid executables.[0m
[33;1mIf you require sudo, add 'sudo: required' to your .travis.yml[0m
[33;1mSee https://docs.travis-ci.com/user/workers/container-based-infrastructure/ for details.[0m

[33;1mSetting environment variables from .travis.yml[0m
$ export MODULES=storm-core

$ jdk_switcher use oraclejdk8
Switching to Oracle JDK8 (java-8-oracle), JAVA_HOME will be set to /usr/lib/jvm/java-8-oracle
travis_fold:start:cache.1[0KSetting up build cache
$ export CASHER_DIR=$HOME/.casher
travis_time:start:011226c4[0K$ Installing caching utilities

travis_time:end:011226c4:start=1472656427561496965,finish=1472656427608586532,duration=47089567[0Ktravis_time:start:02f4c6a6[0K
travis_time:end:02f4c6a6:start=1472656427613453523,finish=1472656427616770230,duration=3316707[0Ktravis_time:start:0133ae5c[0K[32;1mattempting to download cache archive[0m
[32;1mfetching PR.1665/cache-linux-precise-4722ea394922d42b2b7eb84cff6efc764d76759821ac6f6efc13232aa923f595--jdk-oraclejdk8.tgz[0m
[32;1mfetching PR.1665/cache--jdk-oraclejdk8.tgz[0m
[32;1mfetching master/cache-linux-precise-4722ea394922d42b2b7eb84cff6efc764d76759821ac6f6efc13232aa923f595--jdk-oraclejdk8.tgz[0m
[32;1mfound cache[0m

travis_time:end:0133ae5c:start=1472656427620701978,finish=1472656440846553296,duration=13225851318[0Ktravis_time:start:0bcc6198[0K
travis_time:end:0bcc6198:start=1472656440850723929,finish=1472656440854179725,duration=3455796[0Ktravis_time:start:0ec929c5[0K[32;1madding /home/travis/.m2/repository to cache[0m
[32;1madding /home/travis/.rvm to cache[0m
[32;1madding /home/travis/.nvm to cache[0m

travis_time:end:0ec929c5:start=1472656440858247195,finish=1472656453205866602,duration=12347619407[0Ktravis_fold:end:cache.1[0K$ java -Xmx32m -version
java version "1.8.0_31"
Java(TM) SE Runtime Environment (build 1.8.0_31-b13)
Java HotSpot(TM) 64-Bit Server VM (build 25.31-b07, mixed mode)
$ javac -J-Xmx32m -version
javac 1.8.0_31
travis_fold:start:before_install.1[0Ktravis_time:start:3f26653b[0K$ rvm use 2.1.5 --install
[32mUsing /home/travis/.rvm/gems/ruby-2.1.5[0m

travis_time:end:3f26653b:start=1472656453689882074,finish=1472656453944167924,duration=254285850[0Ktravis_fold:end:before_install.1[0Ktravis_fold:start:before_install.2[0Ktravis_time:start:14a9abae[0K$ nvm install 0.12.2
v0.12.2 is already installed.
Now using node v0.12.2

travis_time:end:14a9abae:start=1472656453948783375,finish=1472656454196581985,duration=247798610[0Ktravis_fold:end:before_install.2[0Ktravis_fold:start:before_install.3[0Ktravis_time:start:0309d0f8[0K$ nvm use 0.12.2
Now using node v0.12.2

travis_time:end:0309d0f8:start=1472656454200950977,finish=1472656454256348993,duration=55398016[0Ktravis_fold:end:before_install.3[0Ktravis_fold:start:install[0Ktravis_time:start:1302615c[0K$ /bin/bash ./dev-tools/travis/travis-install.sh `pwd`
Python version :   Python 2.7.3
Java HotSpot(TM) 64-Bit Server VM warning: ignoring option MaxPermSize=192m; support was removed in 8.0
Maven version  :   Apache Maven 3.2.5 (12a6b3acb947671f09b81f49094c53f426d8cea1; 2014-12-14T17:29:23+00:00) Maven home: /usr/local/maven Java version: 1.8.0_31, vendor: Oracle Corporation Java home: /usr/lib/jvm/java-8-oracle/jre Default locale: en_US, platform encoding: UTF-8 OS name: "linux", version: "3.13.0-40-generic", arch: "amd64", family: "unix"
['mvn', 'clean', 'install', '-DskipTests', '-Pnative', '--batch-mode'] writing to install.txt
1 seconds 2 log lines13 seconds 190 log lines24 seconds 249 log lines66 seconds 327 log lines80 seconds 334 log lines90 seconds 444 log lines108 seconds 658 log lines126 seconds 874 log lines138 seconds 892 log lines149 seconds 966 log lines213 seconds 968 log lines223 seconds 1249 log lines234 seconds 1451 log lines245 seconds 1766 log lines255 seconds 2173 log lines267 seconds 2222 log lines277 seconds 2541 log lines290 seconds 2831 log lines290 seconds 2832 log lines
['mvn', 'clean', 'install', '-DskipTests', '-Pnative', '--batch-mode'] done 0

travis_time:end:1302615c:start=1472656454260883159,finish=1472656745309850299,duration=291048967140[0Ktravis_fold:end:install[0Ktravis_time:start:01d84514[0K$ /bin/bash ./dev-tools/travis/travis-script.sh `pwd` $MODULES
Python version :   Python 2.7.3
Ruby version   :   ruby 2.1.5p273 (2014-11-13 revision 48405) [x86_64-linux]
NodeJs version :   v0.12.2
Java HotSpot(TM) 64-Bit Server VM warning: ignoring option MaxPermSize=192m; support was removed in 8.0
Maven version  :   Apache Maven 3.2.5 (12a6b3acb947671f09b81f49094c53f426d8cea1; 2014-12-14T17:29:23+00:00) Maven home: /usr/local/maven Java version: 1.8.0_31, vendor: Oracle Corporation Java home: /usr/lib/jvm/java-8-oracle/jre Default locale: en_US, platform encoding: UTF-8 OS name: "linux", version: "3.13.0-40-generic", arch: "amd64", family: "unix"
Java HotSpot(TM) 64-Bit Server VM warning: ignoring option MaxPermSize=192m; support was removed in 8.0
[INFO] Scanning for projects...
[INFO]                                                                         
[INFO] ------------------------------------------------------------------------
[INFO] Building Storm Core 2.0.0-SNAPSHOT
[INFO] ------------------------------------------------------------------------
[INFO] 
[INFO] --- exec-maven-plugin:1.2.1:exec (default) @ storm-core ---
[INFO] 
[INFO] --- maven-remote-resources-plugin:1.2.1:process (default) @ storm-core ---
[INFO] 
[INFO] --- storm-maven-plugins:2.0.0-SNAPSHOT:version-info (version-info) @ storm-core ---
[WARNING] [svn, info] failed with error code 1
[INFO] SCM: GIT
[INFO] Computed MD5: 69f537d5c4307c266b227d2cf1c8318d
[INFO] 
[INFO] --- maven-resources-plugin:2.5:resources (default-resources) @ storm-core ---
[debug] execute contextualize
[INFO] Using 'UTF-8' encoding to copy filtered resources.
[INFO] Copying 9 resources
[INFO] Copying 1 resource to META-INF
[INFO] Copying 0 resource
[INFO] Copying 1 resource
[INFO] Copying 3 resources
[INFO] 
[INFO] --- maven-compiler-plugin:3.1:compile (default-compile) @ storm-core ---
[INFO] Nothing to compile - all classes are up to date
[INFO] 
[INFO] --- clojure-maven-plugin:1.7.1:compile (compile-clojure) @ storm-core ---
Compiling org.apache.storm.trident.testing to /home/travis/build/apache/storm/storm-core/target/classes
15:19:29.279 [main] WARN  o.a.s.m.StormMetricsRegistry - Metric ui:num-topology-op-response-http-requests has already been registered
15:19:29.281 [main] WARN  o.a.s.m.StormMetricsRegistry - Metric ui:num-topology-op-response-http-requests has already been registered
Compiling org.apache.storm.config to /home/travis/build/apache/storm/storm-core/target/classes
Compiling org.apache.storm.LocalCluster to /home/travis/build/apache/storm/storm-core/target/classes
Compiling org.apache.storm.internal.clojure to /home/travis/build/apache/storm/storm-core/target/classes
Compiling org.apache.storm.daemon.logviewer to /home/travis/build/apache/storm/storm-core/target/classes
Compiling org.apache.storm.daemon.drpc to /home/travis/build/apache/storm/storm-core/target/classes
Compiling org.apache.storm.daemon.local-supervisor to /home/travis/build/apache/storm/storm-core/target/classes
Compiling org.apache.storm.testing4j to /home/travis/build/apache/storm/storm-core/target/classes
Compiling org.apache.storm.ui.core to /home/travis/build/apache/storm/storm-core/target/classes
Compiling org.apache.storm.ui.helpers to /home/travis/build/apache/storm/storm-core/target/classes
Compiling org.apache.storm.converter to /home/travis/build/apache/storm/storm-core/target/classes
Compiling org.apache.storm.daemon.nimbus to /home/travis/build/apache/storm/storm-core/target/classes
Compiling org.apache.storm.testing to /home/travis/build/apache/storm/storm-core/target/classes
Compiling org.apache.storm.daemon.local-executor to /home/travis/build/apache/storm/storm-core/target/classes
Compiling org.apache.storm.internal.thrift to /home/travis/build/apache/storm/storm-core/target/classes
Compiling org.apache.storm.local-state-converter to /home/travis/build/apache/storm/storm-core/target/classes
Compiling org.apache.storm.log to /home/travis/build/apache/storm/storm-core/target/classes
Compiling org.apache.storm.daemon.common to /home/travis/build/apache/storm/storm-core/target/classes
Compiling org.apache.storm.command.shell-submission to /home/travis/build/apache/storm/storm-core/target/classes
Compiling org.apache.storm.util to /home/travis/build/apache/storm/storm-core/target/classes
Compiling org.apache.storm.daemon.worker to /home/travis/build/apache/storm/storm-core/target/classes
Compiling org.apache.storm.scheduler.IsolationScheduler to /home/travis/build/apache/storm/storm-core/target/classes
[INFO] 
[INFO] --- make-maven-plugin:1.0-beta-1:autoreconf (compile) @ storm-core ---
[INFO] 
[INFO] --- make-maven-plugin:1.0-beta-1:configure (compile) @ storm-core ---
[INFO] /bin/sh: 14: /home/travis/.jdk_switcher_rc: [[: not found
[INFO] /bin/sh: 22: /home/travis/.jdk_switcher_rc: [[: not found
[INFO] /bin/sh: 32: /home/travis/.jdk_switcher_rc: [[: not found
[INFO] /bin/sh: 42: /home/travis/.jdk_switcher_rc: [[: not found
[INFO] /bin/sh: 3: /etc/profile.d/rvm.sh: [[: not found
[INFO] checking for gcc... gcc
[INFO] checking whether the C compiler works... yes
[INFO] checking for C compiler default output file name... a.out
[INFO] checking for suffix of executables... 
[INFO] checking whether we are cross compiling... no
[INFO] checking for suffix of object files... o
[INFO] checking whether we are using the GNU C compiler... yes
[INFO] checking whether gcc accepts -g... yes
[INFO] checking for gcc option to accept ISO C89... none needed
[INFO] checking how to run the C preprocessor... gcc -E
[INFO] checking for grep that handles long lines and -e... /bin/grep
[INFO] checking for egrep... /bin/grep -E
[INFO] checking for ANSI C header files... yes
[INFO] checking for sys/types.h... yes
[INFO] checking for sys/stat.h... yes
[INFO] checking for stdlib.h... yes
[INFO] checking for string.h... yes
[INFO] checking for memory.h... yes
[INFO] checking for strings.h... yes
[INFO] checking for inttypes.h... yes
[INFO] checking for stdint.h... yes
[INFO] checking for unistd.h... yes
[INFO] checking minix/config.h usability... no
[INFO] checking minix/config.h presence... no
[INFO] checking for minix/config.h... no
[INFO] checking whether it is safe to define __EXTENSIONS__... yes
[INFO] checking for a BSD-compatible install... /usr/bin/install -c
[INFO] checking whether build environment is sane... yes
[INFO] checking for a thread-safe mkdir -p... /bin/mkdir -p
[INFO] checking for gawk... gawk
[INFO] checking whether make sets $(MAKE)... yes
[INFO] checking for style of include used by make... GNU
[INFO] checking dependency style of gcc... gcc3
[INFO] checking for gcc... (cached) gcc
[INFO] checking whether we are using the GNU C compiler... (cached) yes
[INFO] checking whether gcc accepts -g... (cached) yes
[INFO] checking for gcc option to accept ISO C89... (cached) none needed
[INFO] checking whether gcc and cc understand -c and -o together... yes
[INFO] checking for unistd.h... (cached) yes
[INFO] checking for stdbool.h that conforms to C99... yes
[INFO] checking for _Bool... yes
[INFO] checking for an ANSI C-conforming const... yes
[INFO] checking for off_t... yes
[INFO] checking for size_t... yes
[INFO] checking whether strerror_r is declared... yes
[INFO] checking for strerror_r... yes
[INFO] checking whether strerror_r returns char *... yes
[INFO] checking for mkdir... yes
[INFO] checking for uname... yes
[INFO] configure: creating ./config.status
[INFO] config.status: creating Makefile
[INFO] config.status: executing depfiles commands
[INFO] 
[INFO] --- make-maven-plugin:1.0-beta-1:make-install (compile) @ storm-core ---
[INFO] /bin/sh: 14: /home/travis/.jdk_switcher_rc: [[: not found
[INFO] /bin/sh: 22: /home/travis/.jdk_switcher_rc: [[: not found
[INFO] /bin/sh: 32: /home/travis/.jdk_switcher_rc: [[: not found
[INFO] /bin/sh: 42: /home/travis/.jdk_switcher_rc: [[: not found
[INFO] /bin/sh: 3: /etc/profile.d/rvm.sh: [[: not found
[INFO] make[1]: Entering directory `/home/travis/build/apache/storm/storm-core/target/native/worker-launcher'
[INFO] test -z "/usr/local/bin" || /bin/mkdir -p "/home/travis/build/apache/storm/storm-core/target/native/target/usr/local/bin"
[INFO]   /usr/bin/install -c worker-launcher '/home/travis/build/apache/storm/storm-core/target/native/target/usr/local/bin'
[INFO] make[1]: Nothing to be done for `install-data-am'.
[INFO] make[1]: Leaving directory `/home/travis/build/apache/storm/storm-core/target/native/worker-launcher'
[INFO] 
[INFO] --- maven-resources-plugin:2.5:testResources (default-testResources) @ storm-core ---
[debug] execute contextualize
[INFO] Using 'UTF-8' encoding to copy filtered resources.
[INFO] Copying 14 resources
[INFO] Copying 2 resources
[INFO] Copying 3 resources
[INFO] 
[INFO] --- maven-dependency-plugin:2.8:unpack (unpack) @ storm-core ---
[INFO] Configured Artifact: org.apache.storm:multilang-ruby:2.0.0-SNAPSHOT:jar
[INFO] Downloading: https://repository.apache.org/snapshots/org/apache/storm/multilang-ruby/2.0.0-SNAPSHOT/maven-metadata.xml
[INFO] Configured Artifact: org.apache.storm:multilang-python:2.0.0-SNAPSHOT:jar
[INFO] Downloading: https://repository.apache.org/snapshots/org/apache/storm/multilang-python/2.0.0-SNAPSHOT/maven-metadata.xml
[INFO] Configured Artifact: org.apache.storm:multilang-javascript:2.0.0-SNAPSHOT:jar
[INFO] Downloading: https://repository.apache.org/snapshots/org/apache/storm/multilang-javascript/2.0.0-SNAPSHOT/maven-metadata.xml
[INFO] multilang-ruby-2.0.0-SNAPSHOT.jar already unpacked.
[INFO] multilang-python-2.0.0-SNAPSHOT.jar already unpacked.
[INFO] multilang-javascript-2.0.0-SNAPSHOT.jar already unpacked.
[INFO] 
[INFO] --- maven-compiler-plugin:3.1:testCompile (default-testCompile) @ storm-core ---
[INFO] Changes detected - recompiling the module!
[INFO] Compiling 70 source files to /home/travis/build/apache/storm/storm-core/target/test-classes
[WARNING] /home/travis/build/apache/storm/storm-core/test/jvm/org/apache/storm/localizer/LocalizerTest.java: Some input files use or override a deprecated API.
[WARNING] /home/travis/build/apache/storm/storm-core/test/jvm/org/apache/storm/localizer/LocalizerTest.java: Recompile with -Xlint:deprecation for details.
[WARNING] /home/travis/build/apache/storm/storm-core/test/jvm/org/apache/storm/spout/CheckpointSpoutTest.java: Some input files use unchecked or unsafe operations.
[WARNING] /home/travis/build/apache/storm/storm-core/test/jvm/org/apache/storm/spout/CheckpointSpoutTest.java: Recompile with -Xlint:unchecked for details.
[INFO] 
[INFO] --- maven-surefire-plugin:2.18.1:test (default-test) @ storm-core ---
[INFO] Surefire report directory: /home/travis/build/apache/storm/storm-core/target/surefire-reports
[INFO] parallel='none', perCoreThreadCount=true, threadCount=0, useUnlimitedThreads=false, threadCountSuites=0, threadCountClasses=0, threadCountMethods=0, parallelOptimized=true

-------------------------------------------------------
 T E S T S
-------------------------------------------------------
Running org.apache.storm.spout.CheckpointSpoutTest
Tests run: 7, Failures: 0, Errors: 0, Skipped: 0, Time elapsed: 0.544 sec - in org.apache.storm.spout.CheckpointSpoutTest
Running org.apache.storm.utils.TimeTest
Tests run: 8, Failures: 0, Errors: 0, Skipped: 0, Time elapsed: 0.005 sec - in org.apache.storm.utils.TimeTest
Running org.apache.storm.utils.WorkerBackpressureThreadTest
Tests run: 1, Failures: 0, Errors: 0, Skipped: 0, Time elapsed: 0.224 sec - in org.apache.storm.utils.WorkerBackpressureThreadTest
Running org.apache.storm.utils.DisruptorQueueTest
Tests run: 3, Failures: 0, Errors: 0, Skipped: 0, Time elapsed: 3.466 sec - in org.apache.storm.utils.DisruptorQueueTest
Running org.apache.storm.utils.UtilsTest
Tests run: 8, Failures: 0, Errors: 0, Skipped: 0, Time elapsed: 0.131 sec - in org.apache.storm.utils.UtilsTest
Running org.apache.storm.utils.DisruptorQueueBackpressureTest
Tests run: 1, Failures: 0, Errors: 0, Skipped: 0, Time elapsed: 0.002 sec - in org.apache.storm.utils.DisruptorQueueBackpressureTest
Running org.apache.storm.utils.ThriftTopologyUtilsTest
Tests run: 6, Failures: 0, Errors: 0, Skipped: 0, Time elapsed: 0.032 sec - in org.apache.storm.utils.ThriftTopologyUtilsTest
Running org.apache.storm.utils.ShellBoltMessageQueueTest
Tests run: 3, Failures: 0, Errors: 0, Skipped: 0, Time elapsed: 2.009 sec - in org.apache.storm.utils.ShellBoltMessageQueueTest
Running org.apache.storm.utils.ZookeeperServerCnxnFactoryTest
Tests run: 2, Failures: 0, Errors: 0, Skipped: 0, Time elapsed: 0.085 sec - in org.apache.storm.utils.ZookeeperServerCnxnFactoryTest
Running org.apache.storm.utils.StormBoundedExponentialBackoffRetryTest
Tests run: 5, Failures: 0, Errors: 0, Skipped: 0, Time elapsed: 0.599 sec - in org.apache.storm.utils.StormBoundedExponentialBackoffRetryTest
Running org.apache.storm.command.TestCLI
Tests run: 1, Failures: 0, Errors: 0, Skipped: 0, Time elapsed: 0.176 sec - in org.apache.storm.command.TestCLI
Running org.apache.storm.command.RebalanceTest
Tests run: 2, Failures: 0, Errors: 0, Skipped: 0, Time elapsed: 0.02 sec - in org.apache.storm.command.RebalanceTest
Running org.apache.storm.command.SetLogLevelTest
Tests run: 3, Failures: 0, Errors: 0, Skipped: 0, Time elapsed: 0.067 sec - in org.apache.storm.command.SetLogLevelTest
Running org.apache.storm.serialization.ThriftBridgeSerializationDelegateTest
Tests run: 1, Failures: 0, Errors: 0, Skipped: 0, Time elapsed: 0.067 sec - in org.apache.storm.serialization.ThriftBridgeSerializationDelegateTest
Running org.apache.storm.serialization.GzipBridgeSerializationDelegateTest
Tests run: 3, Failures: 0, Errors: 0, Skipped: 0, Time elapsed: 0.118 sec - in org.apache.storm.serialization.GzipBridgeSerializationDelegateTest
Running org.apache.storm.serialization.GzipBridgeThriftSerializationDelegateTest
Tests run: 3, Failures: 0, Errors: 0, Skipped: 0, Time elapsed: 0.033 sec - in org.apache.storm.serialization.GzipBridgeThriftSerializationDelegateTest
Running org.apache.storm.serialization.SerializationTest
Tests run: 3, Failures: 0, Errors: 0, Skipped: 0, Time elapsed: 14.967 sec - in org.apache.storm.serialization.SerializationTest
Running org.apache.storm.serialization.SerializationFactoryTest
Tests run: 3, Failures: 0, Errors: 0, Skipped: 0, Time elapsed: 0.874 sec - in org.apache.storm.serialization.SerializationFactoryTest
Running org.apache.storm.trident.TridentWindowingTest
Tests run: 3, Failures: 0, Errors: 0, Skipped: 0, Time elapsed: 0.112 sec - in org.apache.storm.trident.TridentWindowingTest
Running org.apache.storm.trident.TestTridentTopology
Tests run: 1, Failures: 0, Errors: 0, Skipped: 0, Time elapsed: 21.736 sec - in org.apache.storm.trident.TestTridentTopology
Running org.apache.storm.metric.internal.LatencyStatAndMetricTest
Tests run: 1, Failures: 0, Errors: 0, Skipped: 0, Time elapsed: 0.013 sec - in org.apache.storm.metric.internal.LatencyStatAndMetricTest
Running org.apache.storm.metric.internal.CountStatAndMetricTest
Tests run: 1, Failures: 0, Errors: 0, Skipped: 0, Time elapsed: 0.005 sec - in org.apache.storm.metric.internal.CountStatAndMetricTest
Running org.apache.storm.metric.internal.RateTrackerTest
Tests run: 4, Failures: 0, Errors: 0, Skipped: 0, Time elapsed: 0.005 sec - in org.apache.storm.metric.internal.RateTrackerTest
Running org.apache.storm.metric.filter.FilterByMetricNameTest
Tests run: 4, Failures: 0, Errors: 0, Skipped: 0, Time elapsed: 0.027 sec - in org.apache.storm.metric.filter.FilterByMetricNameTest
Running org.apache.storm.metric.util.DataPointExpanderTest
Tests run: 5, Failures: 0, Errors: 0, Skipped: 0, Time elapsed: 0.008 sec - in org.apache.storm.metric.util.DataPointExpanderTest
Running org.apache.storm.windowing.WaterMarkEventGeneratorTest
Tests run: 5, Failures: 0, Errors: 0, Skipped: 0, Time elapsed: 0.025 sec - in org.apache.storm.windowing.WaterMarkEventGeneratorTest
Running org.apache.storm.windowing.WindowManagerTest
Tests run: 12, Failures: 0, Errors: 0, Skipped: 0, Time elapsed: 0.306 sec - in org.apache.storm.windowing.WindowManagerTest
Running org.apache.storm.topology.StatefulBoltExecutorTest
Tests run: 7, Failures: 0, Errors: 0, Skipped: 0, Time elapsed: 1.405 sec - in org.apache.storm.topology.StatefulBoltExecutorTest
Running org.apache.storm.topology.StatefulWindowedBoltExecutorTest
Tests run: 4, Failures: 0, Errors: 0, Skipped: 0, Time elapsed: 0.191 sec - in org.apache.storm.topology.StatefulWindowedBoltExecutorTest
Running org.apache.storm.topology.TopologyBuilderTest
Tests run: 5, Failures: 0, Errors: 0, Skipped: 0, Time elapsed: 0.146 sec - in org.apache.storm.topology.TopologyBuilderTest
Running org.apache.storm.topology.WindowedBoltExecutorTest
Tests run: 5, Failures: 0, Errors: 0, Skipped: 0, Time elapsed: 0.178 sec - in org.apache.storm.topology.WindowedBoltExecutorTest
Running org.apache.storm.localizer.LocalizerTest
Tests run: 13, Failures: 0, Errors: 0, Skipped: 0, Time elapsed: 1.545 sec - in org.apache.storm.localizer.LocalizerTest
Running org.apache.storm.localizer.LocalizedResourceRetentionSetTest
Tests run: 2, Failures: 0, Errors: 0, Skipped: 0, Time elapsed: 0.073 sec - in org.apache.storm.localizer.LocalizedResourceRetentionSetTest
Running org.apache.storm.localizer.LocalizedResourceSetTest
Tests run: 4, Failures: 0, Errors: 0, Skipped: 0, Time elapsed: 0.028 sec - in org.apache.storm.localizer.LocalizedResourceSetTest
Running org.apache.storm.security.auth.authorizer.DRPCSimpleACLAuthorizerTest
Tests run: 7, Failures: 0, Errors: 0, Skipped: 0, Time elapsed: 0.019 sec - in org.apache.storm.security.auth.authorizer.DRPCSimpleACLAuthorizerTest
Running org.apache.storm.security.auth.DefaultHttpCredentialsPluginTest
Tests run: 2, Failures: 0, Errors: 0, Skipped: 0, Time elapsed: 0.037 sec - in org.apache.storm.security.auth.DefaultHttpCredentialsPluginTest
Running org.apache.storm.security.auth.AuthUtilsTest
Tests run: 15, Failures: 0, Errors: 0, Skipped: 0, Time elapsed: 0.071 sec - in org.apache.storm.security.auth.AuthUtilsTest
Running org.apache.storm.security.auth.ThriftServerTest
Tests run: 2, Failures: 0, Errors: 0, Skipped: 0, Time elapsed: 0.022 sec - in org.apache.storm.security.auth.ThriftServerTest
Running org.apache.storm.security.auth.SaslTransportPluginTest
Tests run: 2, Failures: 0, Errors: 0, Skipped: 0, Time elapsed: 0.005 sec - in org.apache.storm.security.auth.SaslTransportPluginTest
Running org.apache.storm.security.auth.ThriftClientTest
Tests run: 4, Failures: 0, Errors: 0, Skipped: 0, Time elapsed: 0.082 sec - in org.apache.storm.security.auth.ThriftClientTest
Running org.apache.storm.security.auth.ReqContextTest
Tests run: 4, Failures: 0, Errors: 0, Skipped: 0, Time elapsed: 0.008 sec - in org.apache.storm.security.auth.ReqContextTest
Running org.apache.storm.security.serialization.BlowfishTupleSerializerTest
Tests run: 3, Failures: 0, Errors: 0, Skipped: 0, Time elapsed: 1.303 sec - in org.apache.storm.security.serialization.BlowfishTupleSerializerTest
Running org.apache.storm.blobstore.BlobStoreTest
Tests run: 4, Failures: 0, Errors: 0, Skipped: 0, Time elapsed: 2.175 sec - in org.apache.storm.blobstore.BlobStoreTest
Running org.apache.storm.blobstore.BlobSynchronizerTest
Tests run: 4, Failures: 0, Errors: 0, Skipped: 0, Time elapsed: 5.032 sec - in org.apache.storm.blobstore.BlobSynchronizerTest
Running org.apache.storm.blobstore.ClientBlobStoreTest
Tests run: 4, Failures: 0, Errors: 0, Skipped: 0, Time elapsed: 0.011 sec - in org.apache.storm.blobstore.ClientBlobStoreTest
Running org.apache.storm.cluster.StormClusterStateImplTest
Tests run: 5, Failures: 0, Errors: 0, Skipped: 0, Time elapsed: 0 sec - in org.apache.storm.cluster.StormClusterStateImplTest
Running org.apache.storm.dependency.DependencyPropertiesParserTest
Tests run: 5, Failures: 0, Errors: 0, Skipped: 0, Time elapsed: 0.004 sec - in org.apache.storm.dependency.DependencyPropertiesParserTest
Running org.apache.storm.dependency.DependencyUploaderTest
Tests run: 8, Failures: 0, Errors: 0, Skipped: 0, Time elapsed: 0.019 sec - in org.apache.storm.dependency.DependencyUploaderTest
Running org.apache.storm.scheduler.resource.strategies.scheduling.TestDefaultResourceAwareStrategy
Tests run: 2, Failures: 0, Errors: 0, Skipped: 0, Time elapsed: 1.525 sec - in org.apache.storm.scheduler.resource.strategies.scheduling.TestDefaultResourceAwareStrategy
Running org.apache.storm.scheduler.resource.TestResourceAwareScheduler
Tests run: 14, Failures: 0, Errors: 0, Skipped: 0, Time elapsed: 11.077 sec - in org.apache.storm.scheduler.resource.TestResourceAwareScheduler
Running org.apache.storm.scheduler.resource.TestUser
Tests run: 3, Failures: 0, Errors: 0, Skipped: 0, Time elapsed: 2.681 sec - in org.apache.storm.scheduler.resource.TestUser
Running org.apache.storm.nimbus.LocalNimbusTest
Tests run: 1, Failures: 0, Errors: 0, Skipped: 0, Time elapsed: 31.759 sec - in org.apache.storm.nimbus.LocalNimbusTest
Running org.apache.storm.tuple.FieldsTest
Tests run: 12, Failures: 0, Errors: 0, Skipped: 0, Time elapsed: 0.032 sec - in org.apache.storm.tuple.FieldsTest
Running org.apache.storm.stats.TestStatsUtil
Tests run: 6, Failures: 0, Errors: 0, Skipped: 0, Time elapsed: 0.106 sec - in org.apache.storm.stats.TestStatsUtil
Running org.apache.storm.grouping.PartialKeyGroupingTest
Tests run: 2, Failures: 0, Errors: 0, Skipped: 0, Time elapsed: 0.228 sec - in org.apache.storm.grouping.PartialKeyGroupingTest
Running org.apache.storm.state.InMemoryKeyValueStateTest
Tests run: 2, Failures: 0, Errors: 0, Skipped: 0, Time elapsed: 0.024 sec - in org.apache.storm.state.InMemoryKeyValueStateTest
Running org.apache.storm.TestConfigValidate
Tests run: 25, Failures: 0, Errors: 0, Skipped: 0, Time elapsed: 0.774 sec - in org.apache.storm.TestConfigValidate
Running org.apache.storm.PacemakerTest
Tests run: 9, Failures: 0, Errors: 0, Skipped: 0, Time elapsed: 1.013 sec - in org.apache.storm.PacemakerTest
Running org.apache.storm.PaceMakerStateStorageFactoryTest
Tests run: 10, Failures: 0, Errors: 0, Skipped: 0, Time elapsed: 0.857 sec - in org.apache.storm.PaceMakerStateStorageFactoryTest
Running org.apache.storm.TestCgroups
Tests run: 1, Failures: 0, Errors: 0, Skipped: 1, Time elapsed: 0.076 sec - in org.apache.storm.TestCgroups

Results :

Tests run: 295, Failures: 0, Errors: 0, Skipped: 1

[INFO] 
[INFO] --- clojure-maven-plugin:1.7.1:test (test-clojure) @ storm-core ---
4811 [main] WARN  o.a.s.m.StormMetricsRegistry - Metric ui:num-topology-op-response-http-requests has already been registered
4825 [main] WARN  o.a.s.m.StormMetricsRegistry - Metric ui:num-topology-op-response-http-requests has already been registered
14218 [main] WARN  o.a.s.m.StormMetricsRegistry - Metric drpc:num-execute-http-requests has already been registered
Running org.apache.storm.cluster-test
Tests run: 10, Passed: 92, Failures: 0, Errors: 0
Running org.apache.storm.trident.tuple-test
Tests run: 6, Passed: 36, Failures: 0, Errors: 0
Running org.apache.storm.security.auth.auto-login-module-test
Tests run: 6, Passed: 22, Failures: 0, Errors: 0
Running org.apache.storm.transactional-test
Tests run: 7, Passed: 110, Failures: 0, Errors: 0
Running org.apache.storm.serialization-test
Tests run: 1, Passed: 0, Failures: 0, Errors: 0
Running org.apache.storm.security.auth.auth-test
Tests run: 13, Passed: 94, Failures: 0, Errors: 0
Running org.apache.storm.messaging-test
Tests run: 1, Passed: 2, Failures: 0, Errors: 0
Running org.apache.storm.submitter-test
Tests run: 1, Passed: 13, Failures: 0, Errors: 0
Running integration.org.apache.storm.integration-test
Tests run: 18, Passed: 51, Failures: 0, Errors: 0
Running org.apache.storm.metrics-test
Tests run: 8, Passed: 66, Failures: 0, Errors: 0
Running org.apache.storm.scheduler-test
Tests run: 4, Passed: 64, Failures: 0, Errors: 0
Running org.apache.storm.messaging.netty-unit-test
Tests run: 5, Passed: 24, Failures: 0, Errors: 0
Running org.apache.storm.local-state-test
Tests run: 2, Passed: 10, Failures: 0, Errors: 0
Running org.apache.storm.messaging.netty-integration-test
Tests run: 1, Passed: 1, Failures: 0, Errors: 0
Running org.apache.storm.versioned-store-test
Tests run: 2, Passed: 5, Failures: 0, Errors: 0
Running org.apache.storm.tuple-test
Tests run: 4, Passed: 13, Failures: 0, Errors: 0
Running org.apache.storm.supervisor-test
Tests run: 20, Passed: 59, Failures: 0, Errors: 0
Running org.apache.storm.security.auth.nimbus-auth-test
[INFO] ------------------------------------------------------------------------
[INFO] BUILD FAILURE
[INFO] ------------------------------------------------------------------------
[INFO] Total time: 04:24 min
[INFO] Finished at: 2016-08-31T15:23:31+00:00
[INFO] Final Memory: 46M/411M
[INFO] ------------------------------------------------------------------------
[ERROR] Failed to execute goal com.theoryinpractise:clojure-maven-plugin:1.7.1:test (test-clojure) on project storm-core: Clojure failed. -> [Help 1]
[ERROR] 
[ERROR] To see the full stack trace of the errors, re-run Maven with the -e switch.
[ERROR] Re-run Maven using the -X switch to enable full debug logging.
[ERROR] 
[ERROR] For more information about the errors and possible solutions, please read the following articles:
[ERROR] [Help 1] http://cwiki.apache.org/confluence/display/MAVEN/MojoExecutionException
Looking for errors in ./storm-core/target/surefire-reports
Checking ./storm-core/target/surefire-reports/TEST-org.apache.storm.spout.CheckpointSpoutTest.xml
Checking ./storm-core/target/surefire-reports/TEST-org.apache.storm.utils.TimeTest.xml
Checking ./storm-core/target/surefire-reports/TEST-org.apache.storm.utils.WorkerBackpressureThreadTest.xml
Checking ./storm-core/target/surefire-reports/TEST-org.apache.storm.utils.DisruptorQueueTest.xml
Checking ./storm-core/target/surefire-reports/TEST-org.apache.storm.utils.UtilsTest.xml
Checking ./storm-core/target/surefire-reports/TEST-org.apache.storm.utils.DisruptorQueueBackpressureTest.xml
Checking ./storm-core/target/surefire-reports/TEST-org.apache.storm.utils.ThriftTopologyUtilsTest.xml
Checking ./storm-core/target/surefire-reports/TEST-org.apache.storm.utils.ShellBoltMessageQueueTest.xml
Checking ./storm-core/target/surefire-reports/TEST-org.apache.storm.utils.ZookeeperServerCnxnFactoryTest.xml
Checking ./storm-core/target/surefire-reports/TEST-org.apache.storm.utils.StormBoundedExponentialBackoffRetryTest.xml
Checking ./storm-core/target/surefire-reports/TEST-org.apache.storm.command.TestCLI.xml
Checking ./storm-core/target/surefire-reports/TEST-org.apache.storm.command.RebalanceTest.xml
Checking ./storm-core/target/surefire-reports/TEST-org.apache.storm.command.SetLogLevelTest.xml
Checking ./storm-core/target/surefire-reports/TEST-org.apache.storm.serialization.ThriftBridgeSerializationDelegateTest.xml
Checking ./storm-core/target/surefire-reports/TEST-org.apache.storm.serialization.GzipBridgeSerializationDelegateTest.xml
Checking ./storm-core/target/surefire-reports/TEST-org.apache.storm.serialization.GzipBridgeThriftSerializationDelegateTest.xml
Checking ./storm-core/target/surefire-reports/TEST-org.apache.storm.serialization.SerializationTest.xml
Checking ./storm-core/target/surefire-reports/TEST-org.apache.storm.serialization.SerializationFactoryTest.xml
Checking ./storm-core/target/surefire-reports/TEST-org.apache.storm.trident.TridentWindowingTest.xml
Checking ./storm-core/target/surefire-reports/TEST-org.apache.storm.trident.TestTridentTopology.xml
Checking ./storm-core/target/surefire-reports/TEST-org.apache.storm.metric.internal.LatencyStatAndMetricTest.xml
Checking ./storm-core/target/surefire-reports/TEST-org.apache.storm.metric.internal.CountStatAndMetricTest.xml
Checking ./storm-core/target/surefire-reports/TEST-org.apache.storm.metric.internal.RateTrackerTest.xml
Checking ./storm-core/target/surefire-reports/TEST-org.apache.storm.metric.filter.FilterByMetricNameTest.xml
Checking ./storm-core/target/surefire-reports/TEST-org.apache.storm.metric.util.DataPointExpanderTest.xml
Checking ./storm-core/target/surefire-reports/TEST-org.apache.storm.windowing.WaterMarkEventGeneratorTest.xml
Checking ./storm-core/target/surefire-reports/TEST-org.apache.storm.windowing.WindowManagerTest.xml
Checking ./storm-core/target/surefire-reports/TEST-org.apache.storm.topology.StatefulBoltExecutorTest.xml
Checking ./storm-core/target/surefire-reports/TEST-org.apache.storm.topology.StatefulWindowedBoltExecutorTest.xml
Checking ./storm-core/target/surefire-reports/TEST-org.apache.storm.topology.TopologyBuilderTest.xml
Checking ./storm-core/target/surefire-reports/TEST-org.apache.storm.topology.WindowedBoltExecutorTest.xml
Checking ./storm-core/target/surefire-reports/TEST-org.apache.storm.localizer.LocalizerTest.xml
Checking ./storm-core/target/surefire-reports/TEST-org.apache.storm.localizer.LocalizedResourceRetentionSetTest.xml
Checking ./storm-core/target/surefire-reports/TEST-org.apache.storm.localizer.LocalizedResourceSetTest.xml
Checking ./storm-core/target/surefire-reports/TEST-org.apache.storm.security.auth.authorizer.DRPCSimpleACLAuthorizerTest.xml
Checking ./storm-core/target/surefire-reports/TEST-org.apache.storm.security.auth.DefaultHttpCredentialsPluginTest.xml
Checking ./storm-core/target/surefire-reports/TEST-org.apache.storm.security.auth.AuthUtilsTest.xml
Checking ./storm-core/target/surefire-reports/TEST-org.apache.storm.security.auth.ThriftServerTest.xml
Checking ./storm-core/target/surefire-reports/TEST-org.apache.storm.security.auth.SaslTransportPluginTest.xml
Checking ./storm-core/target/surefire-reports/TEST-org.apache.storm.security.auth.ThriftClientTest.xml
Checking ./storm-core/target/surefire-reports/TEST-org.apache.storm.security.auth.ReqContextTest.xml
Checking ./storm-core/target/surefire-reports/TEST-org.apache.storm.security.serialization.BlowfishTupleSerializerTest.xml
Checking ./storm-core/target/surefire-reports/TEST-org.apache.storm.blobstore.BlobStoreTest.xml
Checking ./storm-core/target/surefire-reports/TEST-org.apache.storm.blobstore.BlobSynchronizerTest.xml
Checking ./storm-core/target/surefire-reports/TEST-org.apache.storm.blobstore.ClientBlobStoreTest.xml
Checking ./storm-core/target/surefire-reports/TEST-org.apache.storm.cluster.StormClusterStateImplTest.xml
Checking ./storm-core/target/surefire-reports/TEST-org.apache.storm.dependency.DependencyPropertiesParserTest.xml
Checking ./storm-core/target/surefire-reports/TEST-org.apache.storm.dependency.DependencyUploaderTest.xml
Checking ./storm-core/target/surefire-reports/TEST-org.apache.storm.scheduler.resource.strategies.scheduling.TestDefaultResourceAwareStrategy.xml
Checking ./storm-core/target/surefire-reports/TEST-org.apache.storm.scheduler.resource.TestResourceAwareScheduler.xml
Checking ./storm-core/target/surefire-reports/TEST-org.apache.storm.scheduler.resource.TestUser.xml
Checking ./storm-core/target/surefire-reports/TEST-org.apache.storm.nimbus.LocalNimbusTest.xml
Checking ./storm-core/target/surefire-reports/TEST-org.apache.storm.tuple.FieldsTest.xml
Checking ./storm-core/target/surefire-reports/TEST-org.apache.storm.stats.TestStatsUtil.xml
Checking ./storm-core/target/surefire-reports/TEST-org.apache.storm.grouping.PartialKeyGroupingTest.xml
Checking ./storm-core/target/surefire-reports/TEST-org.apache.storm.state.InMemoryKeyValueStateTest.xml
Checking ./storm-core/target/surefire-reports/TEST-org.apache.storm.TestConfigValidate.xml
Checking ./storm-core/target/surefire-reports/TEST-org.apache.storm.PacemakerTest.xml
Checking ./storm-core/target/surefire-reports/TEST-org.apache.storm.PaceMakerStateStorageFactoryTest.xml
Checking ./storm-core/target/surefire-reports/TEST-org.apache.storm.TestCgroups.xml
Looking for errors in ./storm-core/target/test-reports
Checking ./storm-core/target/test-reports/org.apache.storm.cluster-test.xml
Checking ./storm-core/target/test-reports/org.apache.storm.trident.tuple-test.xml
Checking ./storm-core/target/test-reports/org.apache.storm.security.auth.auto-login-module-test.xml
Checking ./storm-core/target/test-reports/org.apache.storm.transactional-test.xml
Checking ./storm-core/target/test-reports/org.apache.storm.serialization-test.xml
Checking ./storm-core/target/test-reports/org.apache.storm.security.auth.auth-test.xml
Checking ./storm-core/target/test-reports/org.apache.storm.messaging-test.xml
Checking ./storm-core/target/test-reports/org.apache.storm.submitter-test.xml
Checking ./storm-core/target/test-reports/integration.org.apache.storm.integration-test.xml
Checking ./storm-core/target/test-reports/org.apache.storm.metrics-test.xml
Checking ./storm-core/target/test-reports/org.apache.storm.scheduler-test.xml
Checking ./storm-core/target/test-reports/org.apache.storm.messaging.netty-unit-test.xml
Checking ./storm-core/target/test-reports/org.apache.storm.local-state-test.xml
Checking ./storm-core/target/test-reports/org.apache.storm.messaging.netty-integration-test.xml
Checking ./storm-core/target/test-reports/org.apache.storm.versioned-store-test.xml
Checking ./storm-core/target/test-reports/org.apache.storm.tuple-test.xml
Checking ./storm-core/target/test-reports/org.apache.storm.supervisor-test.xml
Checking ./storm-core/target/test-reports/org.apache.storm.security.auth.nimbus-auth-test.xml
--------------------------------------------------
Error parsing /home/travis/build/apache/storm/storm-core/target/test-reports/org.apache.storm.security.auth.nimbus-auth-test.xml
<?xml version="1.0" encoding="UTF-8"?>
<testsuites>
    <testsuite name="nimbus-auth-test" package="org.apache.storm.security.auth">
        <testcase name="test-noop-authorization-w-sasl-digest" classname="org.apache.storm.security.auth.nimbus-auth-test">
            <system-out>
<![CDATA[103213 [main] INFO  o.a.s.z.Zookeeper - Starting inprocess zookeeper at port 2000 and dir /tmp/c7bf68ea-f025-4a1f-84e5-dad1569934d8
103224 [main] INFO  o.a.s.d.nimbus - Starting Nimbus with conf {"topology.builtin.metrics.bucket.size.secs" 60, "nimbus.childopts" "-Xmx1024m", "ui.filter.params" nil, "storm.cluster.mode" "local", "storm.messaging.netty.client_worker_threads" 1, "logviewer.max.per.worker.logs.size.mb" 2048, "supervisor.run.worker.as.user" false, "topology.max.task.parallelism" nil, "topology.priority" 29, "zmq.threads" 1, "storm.group.mapping.service" "org.apache.storm.security.auth.ShellBasedGroupsMapping", "transactional.zookeeper.root" "/transactional", "topology.sleep.spout.wait.strategy.time.ms" 1, "scheduler.display.resource" false, "topology.max.replication.wait.time.sec" 60, "drpc.invocations.port" 3773, "supervisor.localizer.cache.target.size.mb" 10240, "topology.multilang.serializer" "org.apache.storm.multilang.JsonSerializer", "storm.messaging.netty.server_worker_threads" 1, "nimbus.blobstore.class" "org.apache.storm.blobstore.LocalFsBlobStore", "resource.aware.scheduler.eviction.strategy" "org.apache.storm.scheduler.resource.strategies.eviction.DefaultEvictionStrategy", "topology.max.error.report.per.interval" 5, "storm.thrift.transport" "org.apache.storm.security.auth.digest.DigestSaslTransportPlugin", "zmq.hwm" 0, "storm.cgroup.resources" ["cpu" "memory"], "storm.group.mapping.service.params" nil, "worker.profiler.enabled" false, "storm.principal.tolocal" "org.apache.storm.security.auth.DefaultPrincipalToLocal", "supervisor.worker.shutdown.sleep.secs" 1, "pacemaker.host" "localhost", "storm.zookeeper.retry.times" 5, "ui.actions.enabled" true, "zmq.linger.millis" 0, "supervisor.enable" true, "topology.stats.sample.rate" 0.05, "storm.messaging.netty.min_wait_ms" 100, "storm.resource.isolation.plugin" "org.apache.storm.container.cgroup.CgroupManager", "worker.log.level.reset.poll.secs" 30, "storm.zookeeper.port" 2000, "supervisor.heartbeat.frequency.secs" 5, "topology.enable.message.timeouts" false, "supervisor.cpu.capacity" 400.0, "drpc.worker.threads" 64, "supervisor.blobstore.download.thread.count" 5, "task.backpressure.poll.secs" 30, "drpc.queue.size" 128, "topology.backpressure.enable" false, "supervisor.blobstore.class" "org.apache.storm.blobstore.NimbusBlobStore", "storm.blobstore.inputstream.buffer.size.bytes" 65536, "topology.shellbolt.max.pending" 100, "drpc.https.keystore.password" "", "nimbus.code.sync.freq.secs" 120, "logviewer.port" 8000, "topology.scheduler.strategy" "org.apache.storm.scheduler.resource.strategies.scheduling.DefaultResourceAwareStrategy", "topology.executor.send.buffer.size" 1024, "resource.aware.scheduler.priority.strategy" "org.apache.storm.scheduler.resource.strategies.priority.DefaultSchedulingPriorityStrategy", "pacemaker.auth.method" "NONE", "storm.daemon.metrics.reporter.plugins" ["org.apache.storm.daemon.metrics.reporters.JmxPreparableReporter"], "storm.cgroup.hierarchy.dir" "/cgroup/storm_resources", "topology.worker.logwriter.childopts" "-Xmx64m", "topology.spout.wait.strategy" "org.apache.storm.spout.SleepSpoutWaitStrategy", "ui.host" "0.0.0.0", "storm.nimbus.retry.interval.millis" 2000, "nimbus.inbox.jar.expiration.secs" 3600, "dev.zookeeper.path" "/tmp/dev-storm-zookeeper", "topology.acker.executors" nil, "topology.fall.back.on.java.serialization" true, "topology.eventlogger.executors" nil, "supervisor.localizer.cleanup.interval.ms" 600000, "storm.zookeeper.servers" ["localhost"], "nimbus.thrift.threads" 64, "logviewer.cleanup.age.mins" 10080, "topology.worker.childopts" nil, "topology.classpath" nil, "storm.cgroup.cgexec.cmd" "/bin/cgexec", "supervisor.monitor.frequency.secs" 3, "nimbus.credential.renewers.freq.secs" 600, "topology.skip.missing.kryo.registrations" true, "storm.topology.classpath.beginning.enabled" false, "drpc.authorizer.acl.filename" "drpc-auth-acl.yaml", "pacemaker.kerberos.users" [], "storm.group.mapping.service.cache.duration.secs" 120, "topology.testing.always.try.serialize" false, "nimbus.monitor.freq.secs" 10, "storm.health.check.timeout.ms" 5000, "supervisor.supervisors" [], "topology.tasks" nil, "topology.bolts.outgoing.overflow.buffer.enable" false, "storm.messaging.netty.socket.backlog" 500, "topology.workers" 1, "pacemaker.base.threads" 10, "storm.local.dir" "/tmp/5f3dbafd-ae3c-445e-8e6d-deed2887122c", "topology.disable.loadaware" false, "worker.childopts" "-Xmx%HEAP-MEM%m -XX:+PrintGCDetails -Xloggc:artifacts/gc.log -XX:+PrintGCDateStamps -XX:+PrintGCTimeStamps -XX:+UseGCLogFileRotation -XX:NumberOfGCLogFiles=10 -XX:GCLogFileSize=1M -XX:+HeapDumpOnOutOfMemoryError -XX:HeapDumpPath=artifacts/heapdump", "storm.auth.simple-white-list.users" [], "topology.disruptor.batch.timeout.millis" 1, "topology.message.timeout.secs" 30, "topology.state.synchronization.timeout.secs" 60, "topology.tuple.serializer" "org.apache.storm.serialization.types.ListDelegateSerializer", "supervisor.supervisors.commands" [], "nimbus.blobstore.expiration.secs" 600, "logviewer.childopts" "-Xmx128m", "topology.environment" nil, "topology.debug" false, "topology.disruptor.batch.size" 100, "storm.messaging.netty.max_retries" 300, "ui.childopts" "-Xmx768m", "storm.network.topography.plugin" "org.apache.storm.networktopography.DefaultRackDNSToSwitchMapping", "storm.zookeeper.session.timeout" 20000, "drpc.childopts" "-Xmx768m", "drpc.http.creds.plugin" "org.apache.storm.security.auth.DefaultHttpCredentialsPlugin", "storm.zookeeper.connection.timeout" 15000, "storm.zookeeper.auth.user" nil, "storm.meta.serialization.delegate" "org.apache.storm.serialization.GzipThriftSerializationDelegate", "topology.max.spout.pending" nil, "storm.codedistributor.class" "org.apache.storm.codedistributor.LocalFileSystemCodeDistributor", "nimbus.supervisor.timeout.secs" 60, "nimbus.task.timeout.secs" 30, "drpc.port" 3772, "pacemaker.max.threads" 50, "storm.zookeeper.retry.intervalceiling.millis" 30000, "nimbus.thrift.port" 45320, "storm.auth.simple-acl.admins" [], "topology.component.cpu.pcore.percent" 10.0, "supervisor.memory.capacity.mb" 4096.0, "storm.supervisor.cgroup.rootdir" "storm", "storm.nimbus.retry.times" 5, "supervisor.worker.start.timeout.secs" 120, "storm.zookeeper.retry.interval" 1000, "logs.users" nil, "storm.cluster.metrics.consumer.publish.interval.secs" 60, "worker.profiler.command" "flight.bash", "transactional.zookeeper.port" nil, "drpc.max_buffer_size" 1048576, "pacemaker.thread.timeout" 10, "storm.cgroup.hierarchy.name" "storm", "task.credentials.poll.secs" 30, "blobstore.superuser" "travis", "drpc.https.keystore.type" "JKS", "topology.worker.receiver.thread.count" 1, "topology.state.checkpoint.interval.ms" 1000, "supervisor.slots.ports" [6700 6701 6702 6703], "topology.transfer.buffer.size" 1024, "storm.health.check.dir" "healthchecks", "topology.worker.shared.thread.pool.size" 4, "drpc.authorizer.acl.strict" false, "nimbus.file.copy.expiration.secs" 600, "worker.profiler.childopts" "-XX:+UnlockCommercialFeatures -XX:+FlightRecorder", "topology.executor.receive.buffer.size" 1024, "backpressure.disruptor.low.watermark" 0.4, "java.security.auth.login.config" "test/clj/org/apache/storm/security/auth/jaas_digest.conf", "nimbus.task.launch.secs" 120, "storm.local.mode.zmq" false, "storm.cgroup.memory.limit.tolerance.margin.mb" 128.0, "storm.messaging.netty.buffer_size" 5242880, "storm.cluster.state.store" "org.apache.storm.cluster.ZKStateStorageFactory", "worker.heartbeat.frequency.secs" 1, "storm.log4j2.conf.dir" "log4j2", "storm.resource.isolation.plugin.enable" false, "ui.http.creds.plugin" "org.apache.storm.security.auth.DefaultHttpCredentialsPlugin", "storm.zookeeper.root" "/storm", "topology.tick.tuple.freq.secs" nil, "drpc.https.port" -1, "storm.workers.artifacts.dir" "workers-artifacts", "supervisor.blobstore.download.max_retries" 3, "task.refresh.poll.secs" 10, "storm.exhibitor.port" 8080, "task.heartbeat.frequency.secs" 3, "pacemaker.port" 6699, "storm.messaging.netty.max_wait_ms" 1000, "topology.component.resources.offheap.memory.mb" 0.0, "drpc.http.port" 3774, "topology.error.throttle.interval.secs" 10, "storm.messaging.transport" "org.apache.storm.messaging.netty.Context", "storm.messaging.netty.authentication" false, "topology.component.resources.onheap.memory.mb" 128.0, "topology.kryo.factory" "org.apache.storm.serialization.DefaultKryoFactory", "worker.gc.childopts" "", "nimbus.topology.validator" "org.apache.storm.nimbus.DefaultTopologyValidator", "nimbus.seeds" ["localhost"], "nimbus.queue.size" 100000, "nimbus.cleanup.inbox.freq.secs" 600, "storm.blobstore.replication.factor" 3, "worker.heap.memory.mb" 768, "logviewer.max.sum.worker.logs.size.mb" 4096, "pacemaker.childopts" "-Xmx1024m", "ui.users" nil, "transactional.zookeeper.servers" nil, "supervisor.worker.timeout.secs" 30, "storm.zookeeper.auth.password" nil, "storm.blobstore.acl.validation.enabled" false, "client.blobstore.class" "org.apache.storm.blobstore.NimbusBlobStore", "supervisor.childopts" "-Xmx256m", "topology.worker.max.heap.size.mb" 768.0, "backpressure.disruptor.high.watermark" 0.9, "ui.filter" nil, "nimbus.authorizer" "org.apache.storm.security.auth.authorizer.NoopAuthorizer", "ui.header.buffer.bytes" 4096, "topology.min.replication.count" 1, "storm.supervisor.worker.manager.plugin" "org.apache.storm.daemon.supervisor.workermanager.DefaultWorkerManager", "topology.disruptor.wait.timeout.millis" 1000, "storm.nimbus.retry.intervalceiling.millis" 60000, "topology.trident.batch.emit.interval.millis" 50, "storm.auth.simple-acl.users" [], "drpc.invocations.threads" 64, "java.library.path" "/usr/local/lib:/opt/local/lib:/usr/lib", "ui.port" 8080, "storm.exhibitor.poll.uripath" "/exhibitor/v1/cluster/list", "storm.messaging.netty.transfer.batch.size" 262144, "logviewer.appender.name" "A1", "nimbus.thrift.max_buffer_size" 1048576, "storm.auth.simple-acl.users.commands" [], "drpc.request.timeout.secs" 600}
103225 [main] INFO  o.a.c.f.i.CuratorFrameworkImpl - Starting
103239 [main] INFO  o.a.s.b.FileBlobStoreImpl - Creating new blob store based in /tmp/5f3dbafd-ae3c-445e-8e6d-deed2887122c/blobs
103239 [main] INFO  o.a.s.d.nimbus - Using default scheduler
103243 [main] INFO  o.a.c.f.i.CuratorFrameworkImpl - Starting
103245 [main] INFO  o.a.c.f.i.CuratorFrameworkImpl - Starting
103250 [main-EventThread] INFO  o.a.c.f.s.ConnectionStateManager - State change: CONNECTED
103260 [main-EventThread] INFO  o.a.c.f.s.ConnectionStateManager - State change: CONNECTED
103260 [main-EventThread] INFO  o.a.c.f.s.ConnectionStateManager - State change: CONNECTED
103262 [Curator-Framework-0] INFO  o.a.c.f.i.CuratorFrameworkImpl - backgroundOperationsLoop exiting
103263 [main] INFO  o.a.c.f.i.CuratorFrameworkImpl - Starting
103264 [main] INFO  o.a.c.f.i.CuratorFrameworkImpl - Starting
103268 [main-EventThread] INFO  o.a.c.f.s.ConnectionStateManager - State change: CONNECTED
103269 [main-EventThread] INFO  o.a.c.f.s.ConnectionStateManager - State change: CONNECTED
103279 [main] INFO  o.a.s.z.LeaderElectorImp - Queued up for leader lock.
103281 [main] WARN  o.a.s.m.StormMetricsRegistry - Metric nimbus:num-supervisors has already been registered
103281 [main] INFO  o.a.s.d.m.MetricsUtils - Using statistics reporter plugin:org.apache.storm.daemon.metrics.reporters.JmxPreparableReporter
103281 [main] INFO  o.a.s.d.m.r.JmxPreparableReporter - Preparing...
103286 [main] INFO  o.a.s.m.StormMetricsRegistry - Started statistics report plugin...
103286 [main] INFO  o.a.c.f.i.CuratorFrameworkImpl - Starting
103288 [main-EventThread] INFO  o.a.c.f.s.ConnectionStateManager - State change: CONNECTED
103293 [main-EventThread] INFO  o.a.s.z.Zookeeper - active-topology-ids [] local-topology-ids [] diff-topology []
103293 [main-EventThread] INFO  o.a.s.z.Zookeeper - Accepting leadership, all active topology found locally.
103293 [Curator-Framework-0] INFO  o.a.c.f.i.CuratorFrameworkImpl - backgroundOperationsLoop exiting
103295 [main] INFO  o.a.c.f.i.CuratorFrameworkImpl - Starting
103296 [main] INFO  o.a.c.f.i.CuratorFrameworkImpl - Starting
103296 [main-EventThread] INFO  o.a.c.f.s.ConnectionStateManager - State change: CONNECTED
103297 [main-EventThread] INFO  o.a.c.f.s.ConnectionStateManager - State change: CONNECTED
103298 [Curator-Framework-0] INFO  o.a.c.f.i.CuratorFrameworkImpl - backgroundOperationsLoop exiting
103299 [main] INFO  o.a.c.f.i.CuratorFrameworkImpl - Starting
103300 [main-EventThread] INFO  o.a.c.f.s.ConnectionStateManager - State change: CONNECTED
103303 [Thread-1694] INFO  o.a.s.s.a.d.DigestSaslTransportPlugin - SASL DIGEST-MD5 transport factory will be used
103420 [pool-1744-thread-1] INFO  o.a.s.s.a.AbstractSaslServerCallbackHandler - Successfully authenticated client: authenticationID = bob authorizationID = bob
103427 [main] INFO  o.a.s.d.nimbus - Shutting down master
103428 [Curator-Framework-0] INFO  o.a.c.f.i.CuratorFrameworkImpl - backgroundOperationsLoop exiting
103429 [Curator-Framework-0] INFO  o.a.c.f.i.CuratorFrameworkImpl - backgroundOperationsLoop exiting
103429 [Curator-Framework-0] INFO  o.a.c.f.i.CuratorFrameworkImpl - backgroundOperationsLoop exiting
103431 [main] INFO  o.a.s.z.LeaderElectorImp - closing zookeeper connection of leader elector.
103431 [Curator-Framework-0] INFO  o.a.c.f.i.CuratorFrameworkImpl - backgroundOperationsLoop exiting
103431 [main] INFO  o.a.s.d.nimbus - Shut down master
103432 [Curator-Framework-0] INFO  o.a.c.f.i.CuratorFrameworkImpl - backgroundOperationsLoop exiting
103432 [Curator-Framework-0] INFO  o.a.c.f.i.CuratorFrameworkImpl - backgroundOperationsLoop exiting
103433 [main] INFO  o.a.s.testing - Shutting down in process zookeeper
103434 [main] INFO  o.a.s.testing - Done shutting down in process zookeeper
103434 [main] INFO  o.a.s.testing - Deleting temporary path /tmp/5f3dbafd-ae3c-445e-8e6d-deed2887122c
103435 [main] INFO  o.a.s.testing - Deleting temporary path /tmp/c7bf68ea-f025-4a1f-84e5-dad1569934d8
]]>            </system-out>
        </testcase>
        <testcase name="Simple-authentication-test" classname="org.apache.storm.security.auth.nimbus-auth-test">
            <system-out>
<![CDATA[103436 [main] INFO  o.a.s.z.Zookeeper - Starting inprocess zookeeper at port 2000 and dir /tmp/fb36ad74-ad69-4922-a01c-94273844aa53
103459 [main] INFO  o.a.s.d.nimbus - Starting Nimbus with conf {"topology.builtin.metrics.bucket.size.secs" 60, "nimbus.childopts" "-Xmx1024m", "ui.filter.params" nil, "storm.cluster.mode" "local", "storm.messaging.netty.client_worker_threads" 1, "logviewer.max.per.worker.logs.size.mb" 2048, "supervisor.run.worker.as.user" false, "topology.max.task.parallelism" nil, "topology.priority" 29, "zmq.threads" 1, "storm.group.mapping.service" "org.apache.storm.security.auth.ShellBasedGroupsMapping", "transactional.zookeeper.root" "/transactional", "topology.sleep.spout.wait.strategy.time.ms" 1, "scheduler.display.resource" false, "topology.max.replication.wait.time.sec" 60, "drpc.invocations.port" 3773, "supervisor.localizer.cache.target.size.mb" 10240, "topology.multilang.serializer" "org.apache.storm.multilang.JsonSerializer", "storm.messaging.netty.server_worker_threads" 1, "nimbus.blobstore.class" "org.apache.storm.blobstore.LocalFsBlobStore", "resource.aware.scheduler.eviction.strategy" "org.apache.storm.scheduler.resource.strategies.eviction.DefaultEvictionStrategy", "topology.max.error.report.per.interval" 5, "storm.thrift.transport" "org.apache.storm.security.auth.SimpleTransportPlugin", "zmq.hwm" 0, "storm.cgroup.resources" ["cpu" "memory"], "storm.group.mapping.service.params" nil, "worker.profiler.enabled" false, "storm.principal.tolocal" "org.apache.storm.security.auth.DefaultPrincipalToLocal", "supervisor.worker.shutdown.sleep.secs" 1, "pacemaker.host" "localhost", "storm.zookeeper.retry.times" 5, "ui.actions.enabled" true, "zmq.linger.millis" 0, "supervisor.enable" true, "topology.stats.sample.rate" 0.05, "storm.messaging.netty.min_wait_ms" 100, "storm.resource.isolation.plugin" "org.apache.storm.container.cgroup.CgroupManager", "worker.log.level.reset.poll.secs" 30, "storm.zookeeper.port" 2000, "supervisor.heartbeat.frequency.secs" 5, "topology.enable.message.timeouts" false, "supervisor.cpu.capacity" 400.0, "drpc.worker.threads" 64, "supervisor.blobstore.download.thread.count" 5, "task.backpressure.poll.secs" 30, "drpc.queue.size" 128, "topology.backpressure.enable" false, "supervisor.blobstore.class" "org.apache.storm.blobstore.NimbusBlobStore", "storm.blobstore.inputstream.buffer.size.bytes" 65536, "topology.shellbolt.max.pending" 100, "drpc.https.keystore.password" "", "nimbus.code.sync.freq.secs" 120, "logviewer.port" 8000, "topology.scheduler.strategy" "org.apache.storm.scheduler.resource.strategies.scheduling.DefaultResourceAwareStrategy", "topology.executor.send.buffer.size" 1024, "resource.aware.scheduler.priority.strategy" "org.apache.storm.scheduler.resource.strategies.priority.DefaultSchedulingPriorityStrategy", "pacemaker.auth.method" "NONE", "storm.daemon.metrics.reporter.plugins" ["org.apache.storm.daemon.metrics.reporters.JmxPreparableReporter"], "storm.cgroup.hierarchy.dir" "/cgroup/storm_resources", "topology.worker.logwriter.childopts" "-Xmx64m", "topology.spout.wait.strategy" "org.apache.storm.spout.SleepSpoutWaitStrategy", "ui.host" "0.0.0.0", "storm.nimbus.retry.interval.millis" 2000, "nimbus.inbox.jar.expiration.secs" 3600, "dev.zookeeper.path" "/tmp/dev-storm-zookeeper", "topology.acker.executors" nil, "topology.fall.back.on.java.serialization" true, "topology.eventlogger.executors" nil, "supervisor.localizer.cleanup.interval.ms" 600000, "storm.zookeeper.servers" ["localhost"], "nimbus.thrift.threads" 64, "logviewer.cleanup.age.mins" 10080, "topology.worker.childopts" nil, "topology.classpath" nil, "storm.cgroup.cgexec.cmd" "/bin/cgexec", "supervisor.monitor.frequency.secs" 3, "nimbus.credential.renewers.freq.secs" 600, "topology.skip.missing.kryo.registrations" true, "storm.topology.classpath.beginning.enabled" false, "drpc.authorizer.acl.filename" "drpc-auth-acl.yaml", "pacemaker.kerberos.users" [], "storm.group.mapping.service.cache.duration.secs" 120, "topology.testing.always.try.serialize" false, "nimbus.monitor.freq.secs" 10, "storm.health.check.timeout.ms" 5000, "supervisor.supervisors" [], "topology.tasks" nil, "topology.bolts.outgoing.overflow.buffer.enable" false, "storm.messaging.netty.socket.backlog" 500, "topology.workers" 1, "pacemaker.base.threads" 10, "storm.local.dir" "/tmp/d308999f-c850-438a-bc64-5f21064558d0", "topology.disable.loadaware" false, "worker.childopts" "-Xmx%HEAP-MEM%m -XX:+PrintGCDetails -Xloggc:artifacts/gc.log -XX:+PrintGCDateStamps -XX:+PrintGCTimeStamps -XX:+UseGCLogFileRotation -XX:NumberOfGCLogFiles=10 -XX:GCLogFileSize=1M -XX:+HeapDumpOnOutOfMemoryError -XX:HeapDumpPath=artifacts/heapdump", "storm.auth.simple-white-list.users" [], "topology.disruptor.batch.timeout.millis" 1, "topology.message.timeout.secs" 30, "topology.state.synchronization.timeout.secs" 60, "topology.tuple.serializer" "org.apache.storm.serialization.types.ListDelegateSerializer", "supervisor.supervisors.commands" [], "nimbus.blobstore.expiration.secs" 600, "logviewer.childopts" "-Xmx128m", "topology.environment" nil, "topology.debug" false, "topology.disruptor.batch.size" 100, "storm.messaging.netty.max_retries" 300, "ui.childopts" "-Xmx768m", "storm.network.topography.plugin" "org.apache.storm.networktopography.DefaultRackDNSToSwitchMapping", "storm.zookeeper.session.timeout" 20000, "drpc.childopts" "-Xmx768m", "drpc.http.creds.plugin" "org.apache.storm.security.auth.DefaultHttpCredentialsPlugin", "storm.zookeeper.connection.timeout" 15000, "storm.zookeeper.auth.user" nil, "storm.meta.serialization.delegate" "org.apache.storm.serialization.GzipThriftSerializationDelegate", "topology.max.spout.pending" nil, "storm.codedistributor.class" "org.apache.storm.codedistributor.LocalFileSystemCodeDistributor", "nimbus.supervisor.timeout.secs" 60, "nimbus.task.timeout.secs" 30, "drpc.port" 3772, "pacemaker.max.threads" 50, "storm.zookeeper.retry.intervalceiling.millis" 30000, "nimbus.thrift.port" 41034, "storm.auth.simple-acl.admins" [], "topology.component.cpu.pcore.percent" 10.0, "supervisor.memory.capacity.mb" 4096.0, "storm.supervisor.cgroup.rootdir" "storm", "storm.nimbus.retry.times" 5, "supervisor.worker.start.timeout.secs" 120, "storm.zookeeper.retry.interval" 1000, "logs.users" nil, "storm.cluster.metrics.consumer.publish.interval.secs" 60, "worker.profiler.command" "flight.bash", "transactional.zookeeper.port" nil, "drpc.max_buffer_size" 1048576, "pacemaker.thread.timeout" 10, "storm.cgroup.hierarchy.name" "storm", "task.credentials.poll.secs" 30, "blobstore.superuser" "travis", "drpc.https.keystore.type" "JKS", "topology.worker.receiver.thread.count" 1, "topology.state.checkpoint.interval.ms" 1000, "supervisor.slots.ports" [6700 6701 6702 6703], "topology.transfer.buffer.size" 1024, "storm.health.check.dir" "healthchecks", "topology.worker.shared.thread.pool.size" 4, "drpc.authorizer.acl.strict" false, "nimbus.file.copy.expiration.secs" 600, "worker.profiler.childopts" "-XX:+UnlockCommercialFeatures -XX:+FlightRecorder", "topology.executor.receive.buffer.size" 1024, "backpressure.disruptor.low.watermark" 0.4, "nimbus.task.launch.secs" 120, "storm.local.mode.zmq" false, "storm.cgroup.memory.limit.tolerance.margin.mb" 128.0, "storm.messaging.netty.buffer_size" 5242880, "storm.cluster.state.store" "org.apache.storm.cluster.ZKStateStorageFactory", "worker.heartbeat.frequency.secs" 1, "storm.log4j2.conf.dir" "log4j2", "storm.resource.isolation.plugin.enable" false, "ui.http.creds.plugin" "org.apache.storm.security.auth.DefaultHttpCredentialsPlugin", "storm.zookeeper.root" "/storm", "topology.tick.tuple.freq.secs" nil, "drpc.https.port" -1, "storm.workers.artifacts.dir" "workers-artifacts", "supervisor.blobstore.download.max_retries" 3, "task.refresh.poll.secs" 10, "storm.exhibitor.port" 8080, "task.heartbeat.frequency.secs" 3, "pacemaker.port" 6699, "storm.messaging.netty.max_wait_ms" 1000, "topology.component.resources.offheap.memory.mb" 0.0, "drpc.http.port" 3774, "topology.error.throttle.interval.secs" 10, "storm.messaging.transport" "org.apache.storm.messaging.netty.Context", "storm.messaging.netty.authentication" false, "topology.component.resources.onheap.memory.mb" 128.0, "topology.kryo.factory" "org.apache.storm.serialization.DefaultKryoFactory", "worker.gc.childopts" "", "nimbus.topology.validator" "org.apache.storm.nimbus.DefaultTopologyValidator", "nimbus.seeds" ["localhost"], "nimbus.queue.size" 100000, "nimbus.cleanup.inbox.freq.secs" 600, "storm.blobstore.replication.factor" 3, "worker.heap.memory.mb" 768, "logviewer.max.sum.worker.logs.size.mb" 4096, "pacemaker.childopts" "-Xmx1024m", "ui.users" nil, "transactional.zookeeper.servers" nil, "supervisor.worker.timeout.secs" 30, "storm.zookeeper.auth.password" nil, "storm.blobstore.acl.validation.enabled" false, "client.blobstore.class" "org.apache.storm.blobstore.NimbusBlobStore", "supervisor.childopts" "-Xmx256m", "topology.worker.max.heap.size.mb" 768.0, "backpressure.disruptor.high.watermark" 0.9, "ui.filter" nil, "nimbus.authorizer" nil, "ui.header.buffer.bytes" 4096, "topology.min.replication.count" 1, "storm.supervisor.worker.manager.plugin" "org.apache.storm.daemon.supervisor.workermanager.DefaultWorkerManager", "topology.disruptor.wait.timeout.millis" 1000, "storm.nimbus.retry.intervalceiling.millis" 60000, "topology.trident.batch.emit.interval.millis" 50, "storm.auth.simple-acl.users" [], "drpc.invocations.threads" 64, "java.library.path" "/usr/local/lib:/opt/local/lib:/usr/lib", "ui.port" 8080, "storm.exhibitor.poll.uripath" "/exhibitor/v1/cluster/list", "storm.messaging.netty.transfer.batch.size" 262144, "logviewer.appender.name" "A1", "nimbus.thrift.max_buffer_size" 1048576, "storm.auth.simple-acl.users.commands" [], "drpc.request.timeout.secs" 600}
103460 [main] INFO  o.a.c.f.i.CuratorFrameworkImpl - Starting
103461 [main] INFO  o.a.s.b.FileBlobStoreImpl - Creating new blob store based in /tmp/d308999f-c850-438a-bc64-5f21064558d0/blobs
103461 [main] INFO  o.a.s.d.nimbus - Using default scheduler
103461 [main] INFO  o.a.c.f.i.CuratorFrameworkImpl - Starting
103478 [main-EventThread] INFO  o.a.c.f.s.ConnectionStateManager - State change: CONNECTED
103479 [main] INFO  o.a.c.f.i.CuratorFrameworkImpl - Starting
103479 [main-EventThread] INFO  o.a.c.f.s.ConnectionStateManager - State change: CONNECTED
103480 [main-EventThread] INFO  o.a.c.f.s.ConnectionStateManager - State change: CONNECTED
103482 [Curator-Framework-0] INFO  o.a.c.f.i.CuratorFrameworkImpl - backgroundOperationsLoop exiting
103483 [main] INFO  o.a.c.f.i.CuratorFrameworkImpl - Starting
103484 [main] INFO  o.a.c.f.i.CuratorFrameworkImpl - Starting
103485 [main-EventThread] INFO  o.a.c.f.s.ConnectionStateManager - State change: CONNECTED
103486 [main-EventThread] INFO  o.a.c.f.s.ConnectionStateManager - State change: CONNECTED
103493 [main] INFO  o.a.s.z.LeaderElectorImp - Queued up for leader lock.
103496 [main] WARN  o.a.s.m.StormMetricsRegistry - Metric nimbus:num-supervisors has already been registered
103496 [main] INFO  o.a.s.d.m.MetricsUtils - Using statistics reporter plugin:org.apache.storm.daemon.metrics.reporters.JmxPreparableReporter
103496 [main] INFO  o.a.s.d.m.r.JmxPreparableReporter - Preparing...
103498 [main] INFO  o.a.s.m.StormMetricsRegistry - Started statistics report plugin...
103498 [main] INFO  o.a.c.f.i.CuratorFrameworkImpl - Starting
103500 [main-EventThread] INFO  o.a.c.f.s.ConnectionStateManager - State change: CONNECTED
103501 [Curator-Framework-0] INFO  o.a.c.f.i.CuratorFrameworkImpl - backgroundOperationsLoop exiting
103503 [main-EventThread] INFO  o.a.s.z.Zookeeper - active-topology-ids [] local-topology-ids [] diff-topology []
103503 [main-EventThread] INFO  o.a.s.z.Zookeeper - Accepting leadership, all active topology found locally.
103503 [main] INFO  o.a.c.f.i.CuratorFrameworkImpl - Starting
103504 [main] INFO  o.a.c.f.i.CuratorFrameworkImpl - Starting
103504 [main-EventThread] INFO  o.a.c.f.s.ConnectionStateManager - State change: CONNECTED
103505 [main-EventThread] INFO  o.a.c.f.s.ConnectionStateManager - State change: CONNECTED
103505 [Curator-Framework-0] INFO  o.a.c.f.i.CuratorFrameworkImpl - backgroundOperationsLoop exiting
103506 [main] INFO  o.a.c.f.i.CuratorFrameworkImpl - Starting
103507 [main-EventThread] INFO  o.a.c.f.s.ConnectionStateManager - State change: CONNECTED
103623 [main] INFO  o.a.s.d.nimbus - Shutting down master
103623 [Curator-Framework-0] INFO  o.a.c.f.i.CuratorFrameworkImpl - backgroundOperationsLoop exiting
103624 [Curator-Framework-0] INFO  o.a.c.f.i.CuratorFrameworkImpl - backgroundOperationsLoop exiting
103625 [Curator-Framework-0] INFO  o.a.c.f.i.CuratorFrameworkImpl - backgroundOperationsLoop exiting
103625 [main] INFO  o.a.s.z.LeaderElectorImp - closing zookeeper connection of leader elector.
103625 [Curator-Framework-0] INFO  o.a.c.f.i.CuratorFrameworkImpl - backgroundOperationsLoop exiting
103626 [main] INFO  o.a.s.d.nimbus - Shut down master
103626 [Curator-Framework-0] INFO  o.a.c.f.i.CuratorFrameworkImpl - backgroundOperationsLoop exiting
103627 [Curator-Framework-0] INFO  o.a.c.f.i.CuratorFrameworkImpl - backgroundOperationsLoop exiting
103628 [main] INFO  o.a.s.testing - Shutting down in process zookeeper
103629 [main] INFO  o.a.s.testing - Done shutting down in process zookeeper
103629 [main] INFO  o.a.s.testing - Deleting temporary path /tmp/d308999f-c850-438a-bc64-5f21064558d0
103630 [main] INFO  o.a.s.testing - Deleting temporary path /tmp/fb36ad74-ad69-4922-a01c-94273844aa53
]]>            </system-out>
        </testcase>
        <testcase name="test-deny-authorization-w-simple-transport" classname="org.apache.storm.security.auth.nimbus-auth-test">
            <system-out>
<![CDATA[103630 [Curator-Framework-0] ERROR o.a.c.ConnectionState - Connection timed out for connection string (localhost:2000/transactional/id/user) and timeout (15000) / elapsed (15002)
org.apache.curator.CuratorConnectionLossException: KeeperErrorCode = ConnectionLoss
	at org.apache.curator.ConnectionState.checkTimeouts(ConnectionState.java:197) [curator-client-2.10.0.jar:?]
	at org.apache.curator.ConnectionState.getZooKeeper(ConnectionState.java:88) [curator-client-2.10.0.jar:?]
	at org.apache.curator.CuratorZookeeperClient.getZooKeeper(CuratorZookeeperClient.java:116) [curator-client-2.10.0.jar:?]
	at org.apache.curator.framework.imps.CuratorFrameworkImpl.performBackgroundOperation(CuratorFrameworkImpl.java:835) [curator-framework-2.10.0.jar:?]
	at org.apache.curator.framework.imps.CuratorFrameworkImpl.backgroundOperationsLoop(CuratorFrameworkImpl.java:809) [curator-framework-2.10.0.jar:?]
	at org.apache.curator.framework.imps.CuratorFrameworkImpl.access$300(CuratorFrameworkImpl.java:64) [curator-framework-2.10.0.jar:?]
	at org.apache.curator.framework.imps.CuratorFrameworkImpl$4.call(CuratorFrameworkImpl.java:267) [curator-framework-2.10.0.jar:?]
	at java.util.concurrent.FutureTask.run(FutureTask.java:266) [?:1.8.0_31]
	at java.util.concurrent.ScheduledThreadPoolExecutor$ScheduledFutureTask.access$201(ScheduledThreadPoolExecutor.java:180) [?:1.8.0_31]
	at java.util.concurrent.ScheduledThreadPoolExecutor$ScheduledFutureTask.run(ScheduledThreadPoolExecutor.java:293) [?:1.8.0_31]
	at java.util.concurrent.ThreadPoolExecutor.runWorker(ThreadPoolExecutor.java:1142) [?:1.8.0_31]
	at java.util.concurrent.ThreadPoolExecutor$Worker.run(ThreadPoolExecutor.java:617) [?:1.8.0_31]
	at java.lang.Thread.run(Thread.java:745) [?:1.8.0_31]
103631 [Curator-Framework-0] ERROR o.a.c.ConnectionState - Connection timed out for connection string (localhost:2000/transactional/id/user) and timeout (15000) / elapsed (15002)
org.apache.curator.CuratorConnectionLossException: KeeperErrorCode = ConnectionLoss
	at org.apache.curator.ConnectionState.checkTimeouts(ConnectionState.java:197) [curator-client-2.10.0.jar:?]
	at org.apache.curator.ConnectionState.getZooKeeper(ConnectionState.java:88) [curator-client-2.10.0.jar:?]
	at org.apache.curator.CuratorZookeeperClient.getZooKeeper(CuratorZookeeperClient.java:116) [curator-client-2.10.0.jar:?]
	at org.apache.curator.framework.imps.CuratorFrameworkImpl.performBackgroundOperation(CuratorFrameworkImpl.java:835) [curator-framework-2.10.0.jar:?]
	at org.apache.curator.framework.imps.CuratorFrameworkImpl.backgroundOperationsLoop(CuratorFrameworkImpl.java:809) [curator-framework-2.10.0.jar:?]
	at org.apache.curator.framework.imps.CuratorFrameworkImpl.access$300(CuratorFrameworkImpl.java:64) [curator-framework-2.10.0.jar:?]
	at org.apache.curator.framework.imps.CuratorFrameworkImpl$4.call(CuratorFrameworkImpl.java:267) [curator-framework-2.10.0.jar:?]
	at java.util.concurrent.FutureTask.run(FutureTask.java:266) [?:1.8.0_31]
	at java.util.concurrent.ScheduledThreadPoolExecutor$ScheduledFutureTask.access$201(ScheduledThreadPoolExecutor.java:180) [?:1.8.0_31]
	at java.util.concurrent.ScheduledThreadPoolExecutor$ScheduledFutureTask.run(ScheduledThreadPoolExecutor.java:293) [?:1.8.0_31]
	at java.util.concurrent.ThreadPoolExecutor.runWorker(ThreadPoolExecutor.java:1142) [?:1.8.0_31]
	at java.util.concurrent.ThreadPoolExecutor$Worker.run(ThreadPoolExecutor.java:617) [?:1.8.0_31]
	at java.lang.Thread.run(Thread.java:745) [?:1.8.0_31]
103631 [main] INFO  o.a.s.z.Zookeeper - Starting inprocess zookeeper at port 2000 and dir /tmp/0bc9defc-d04f-4355-825f-2a988f20d0fd
103646 [main] INFO  o.a.s.d.nimbus - Starting Nimbus with conf {"topology.builtin.metrics.bucket.size.secs" 60, "nimbus.childopts" "-Xmx1024m", "ui.filter.params" nil, "storm.cluster.mode" "local", "storm.messaging.netty.client_worker_threads" 1, "logviewer.max.per.worker.logs.size.mb" 2048, "supervisor.run.worker.as.user" false, "topology.max.task.parallelism" nil, "topology.priority" 29, "zmq.threads" 1, "storm.group.mapping.service" "org.apache.storm.security.auth.ShellBasedGroupsMapping", "transactional.zookeeper.root" "/transactional", "topology.sleep.spout.wait.strategy.time.ms" 1, "scheduler.display.resource" false, "topology.max.replication.wait.time.sec" 60, "drpc.invocations.port" 3773, "supervisor.localizer.cache.target.size.mb" 10240, "topology.multilang.serializer" "org.apache.storm.multilang.JsonSerializer", "storm.messaging.netty.server_worker_threads" 1, "nimbus.blobstore.class" "org.apache.storm.blobstore.LocalFsBlobStore", "resource.aware.scheduler.eviction.strategy" "org.apache.storm.scheduler.resource.strategies.eviction.DefaultEvictionStrategy", "topology.max.error.report.per.interval" 5, "storm.thrift.transport" "org.apache.storm.security.auth.SimpleTransportPlugin", "zmq.hwm" 0, "storm.cgroup.resources" ["cpu" "memory"], "storm.group.mapping.service.params" nil, "worker.profiler.enabled" false, "storm.principal.tolocal" "org.apache.storm.security.auth.DefaultPrincipalToLocal", "supervisor.worker.shutdown.sleep.secs" 1, "pacemaker.host" "localhost", "storm.zookeeper.retry.times" 5, "ui.actions.enabled" true, "zmq.linger.millis" 0, "supervisor.enable" true, "topology.stats.sample.rate" 0.05, "storm.messaging.netty.min_wait_ms" 100, "storm.resource.isolation.plugin" "org.apache.storm.container.cgroup.CgroupManager", "worker.log.level.reset.poll.secs" 30, "storm.zookeeper.port" 2000, "supervisor.heartbeat.frequency.secs" 5, "topology.enable.message.timeouts" false, "supervisor.cpu.capacity" 400.0, "drpc.worker.threads" 64, "supervisor.blobstore.download.thread.count" 5, "task.backpressure.poll.secs" 30, "drpc.queue.size" 128, "topology.backpressure.enable" false, "supervisor.blobstore.class" "org.apache.storm.blobstore.NimbusBlobStore", "storm.blobstore.inputstream.buffer.size.bytes" 65536, "topology.shellbolt.max.pending" 100, "drpc.https.keystore.password" "", "nimbus.code.sync.freq.secs" 120, "logviewer.port" 8000, "topology.scheduler.strategy" "org.apache.storm.scheduler.resource.strategies.scheduling.DefaultResourceAwareStrategy", "topology.executor.send.buffer.size" 1024, "resource.aware.scheduler.priority.strategy" "org.apache.storm.scheduler.resource.strategies.priority.DefaultSchedulingPriorityStrategy", "pacemaker.auth.method" "NONE", "storm.daemon.metrics.reporter.plugins" ["org.apache.storm.daemon.metrics.reporters.JmxPreparableReporter"], "storm.cgroup.hierarchy.dir" "/cgroup/storm_resources", "topology.worker.logwriter.childopts" "-Xmx64m", "topology.spout.wait.strategy" "org.apache.storm.spout.SleepSpoutWaitStrategy", "ui.host" "0.0.0.0", "storm.nimbus.retry.interval.millis" 2000, "nimbus.inbox.jar.expiration.secs" 3600, "dev.zookeeper.path" "/tmp/dev-storm-zookeeper", "topology.acker.executors" nil, "topology.fall.back.on.java.serialization" true, "topology.eventlogger.executors" nil, "supervisor.localizer.cleanup.interval.ms" 600000, "storm.zookeeper.servers" ["localhost"], "nimbus.thrift.threads" 64, "logviewer.cleanup.age.mins" 10080, "topology.worker.childopts" nil, "topology.classpath" nil, "storm.cgroup.cgexec.cmd" "/bin/cgexec", "supervisor.monitor.frequency.secs" 3, "nimbus.credential.renewers.freq.secs" 600, "topology.skip.missing.kryo.registrations" true, "storm.topology.classpath.beginning.enabled" false, "drpc.authorizer.acl.filename" "drpc-auth-acl.yaml", "pacemaker.kerberos.users" [], "storm.group.mapping.service.cache.duration.secs" 120, "topology.testing.always.try.serialize" false, "nimbus.monitor.freq.secs" 10, "storm.health.check.timeout.ms" 5000, "supervisor.supervisors" [], "topology.tasks" nil, "topology.bolts.outgoing.overflow.buffer.enable" false, "storm.messaging.netty.socket.backlog" 500, "topology.workers" 1, "pacemaker.base.threads" 10, "storm.local.dir" "/tmp/7d599dc9-0233-476d-a3a7-4e57abf2e6e3", "topology.disable.loadaware" false, "worker.childopts" "-Xmx%HEAP-MEM%m -XX:+PrintGCDetails -Xloggc:artifacts/gc.log -XX:+PrintGCDateStamps -XX:+PrintGCTimeStamps -XX:+UseGCLogFileRotation -XX:NumberOfGCLogFiles=10 -XX:GCLogFileSize=1M -XX:+HeapDumpOnOutOfMemoryError -XX:HeapDumpPath=artifacts/heapdump", "storm.auth.simple-white-list.users" [], "topology.disruptor.batch.timeout.millis" 1, "topology.message.timeout.secs" 30, "topology.state.synchronization.timeout.secs" 60, "topology.tuple.serializer" "org.apache.storm.serialization.types.ListDelegateSerializer", "supervisor.supervisors.commands" [], "nimbus.blobstore.expiration.secs" 600, "logviewer.childopts" "-Xmx128m", "topology.environment" nil, "topology.debug" false, "topology.disruptor.batch.size" 100, "storm.messaging.netty.max_retries" 300, "ui.childopts" "-Xmx768m", "storm.network.topography.plugin" "org.apache.storm.networktopography.DefaultRackDNSToSwitchMapping", "storm.zookeeper.session.timeout" 20000, "drpc.childopts" "-Xmx768m", "drpc.http.creds.plugin" "org.apache.storm.security.auth.DefaultHttpCredentialsPlugin", "storm.zookeeper.connection.timeout" 15000, "storm.zookeeper.auth.user" nil, "storm.meta.serialization.delegate" "org.apache.storm.serialization.GzipThriftSerializationDelegate", "topology.max.spout.pending" nil, "storm.codedistributor.class" "org.apache.storm.codedistributor.LocalFileSystemCodeDistributor", "nimbus.supervisor.timeout.secs" 60, "nimbus.task.timeout.secs" 30, "drpc.port" 3772, "pacemaker.max.threads" 50, "storm.zookeeper.retry.intervalceiling.millis" 30000, "nimbus.thrift.port" 50318, "storm.auth.simple-acl.admins" [], "topology.component.cpu.pcore.percent" 10.0, "supervisor.memory.capacity.mb" 4096.0, "storm.supervisor.cgroup.rootdir" "storm", "storm.nimbus.retry.times" 5, "supervisor.worker.start.timeout.secs" 120, "storm.zookeeper.retry.interval" 1000, "logs.users" nil, "storm.cluster.metrics.consumer.publish.interval.secs" 60, "worker.profiler.command" "flight.bash", "transactional.zookeeper.port" nil, "drpc.max_buffer_size" 1048576, "pacemaker.thread.timeout" 10, "storm.cgroup.hierarchy.name" "storm", "task.credentials.poll.secs" 30, "blobstore.superuser" "travis", "drpc.https.keystore.type" "JKS", "topology.worker.receiver.thread.count" 1, "topology.state.checkpoint.interval.ms" 1000, "supervisor.slots.ports" [6700 6701 6702 6703], "topology.transfer.buffer.size" 1024, "storm.health.check.dir" "healthchecks", "topology.worker.shared.thread.pool.size" 4, "drpc.authorizer.acl.strict" false, "nimbus.file.copy.expiration.secs" 600, "worker.profiler.childopts" "-XX:+UnlockCommercialFeatures -XX:+FlightRecorder", "topology.executor.receive.buffer.size" 1024, "backpressure.disruptor.low.watermark" 0.4, "nimbus.task.launch.secs" 120, "storm.local.mode.zmq" false, "storm.cgroup.memory.limit.tolerance.margin.mb" 128.0, "storm.messaging.netty.buffer_size" 5242880, "storm.cluster.state.store" "org.apache.storm.cluster.ZKStateStorageFactory", "worker.heartbeat.frequency.secs" 1, "storm.log4j2.conf.dir" "log4j2", "storm.resource.isolation.plugin.enable" false, "ui.http.creds.plugin" "org.apache.storm.security.auth.DefaultHttpCredentialsPlugin", "storm.zookeeper.root" "/storm", "topology.tick.tuple.freq.secs" nil, "drpc.https.port" -1, "storm.workers.artifacts.dir" "workers-artifacts", "supervisor.blobstore.download.max_retries" 3, "task.refresh.poll.secs" 10, "storm.exhibitor.port" 8080, "task.heartbeat.frequency.secs" 3, "pacemaker.port" 6699, "storm.messaging.netty.max_wait_ms" 1000, "topology.component.resources.offheap.memory.mb" 0.0, "drpc.http.port" 3774, "topology.error.throttle.interval.secs" 10, "storm.messaging.transport" "org.apache.storm.messaging.netty.Context", "storm.messaging.netty.authentication" false, "topology.component.resources.onheap.memory.mb" 128.0, "topology.kryo.factory" "org.apache.storm.serialization.DefaultKryoFactory", "worker.gc.childopts" "", "nimbus.topology.validator" "org.apache.storm.nimbus.DefaultTopologyValidator", "nimbus.seeds" ["localhost"], "nimbus.queue.size" 100000, "nimbus.cleanup.inbox.freq.secs" 600, "storm.blobstore.replication.factor" 3, "worker.heap.memory.mb" 768, "logviewer.max.sum.worker.logs.size.mb" 4096, "pacemaker.childopts" "-Xmx1024m", "ui.users" nil, "transactional.zookeeper.servers" nil, "supervisor.worker.timeout.secs" 30, "storm.zookeeper.auth.password" nil, "storm.blobstore.acl.validation.enabled" false, "client.blobstore.class" "org.apache.storm.blobstore.NimbusBlobStore", "supervisor.childopts" "-Xmx256m", "topology.worker.max.heap.size.mb" 768.0, "backpressure.disruptor.high.watermark" 0.9, "ui.filter" nil, "nimbus.authorizer" "org.apache.storm.security.auth.authorizer.DenyAuthorizer", "ui.header.buffer.bytes" 4096, "topology.min.replication.count" 1, "storm.supervisor.worker.manager.plugin" "org.apache.storm.daemon.supervisor.workermanager.DefaultWorkerManager", "topology.disruptor.wait.timeout.millis" 1000, "storm.nimbus.retry.intervalceiling.millis" 60000, "topology.trident.batch.emit.interval.millis" 50, "storm.auth.simple-acl.users" [], "drpc.invocations.threads" 64, "java.library.path" "/usr/local/lib:/opt/local/lib:/usr/lib", "ui.port" 8080, "storm.exhibitor.poll.uripath" "/exhibitor/v1/cluster/list", "storm.messaging.netty.transfer.batch.size" 262144, "logviewer.appender.name" "A1", "nimbus.thrift.max_buffer_size" 1048576, "storm.auth.simple-acl.users.commands" [], "drpc.request.timeout.secs" 600}
103647 [main] INFO  o.a.c.f.i.CuratorFrameworkImpl - Starting
103647 [main] INFO  o.a.s.b.FileBlobStoreImpl - Creating new blob store based in /tmp/7d599dc9-0233-476d-a3a7-4e57abf2e6e3/blobs
103647 [main] INFO  o.a.s.d.nimbus - Using default scheduler
103647 [main] INFO  o.a.c.f.i.CuratorFrameworkImpl - Starting
103652 [main-EventThread] INFO  o.a.c.f.s.ConnectionStateManager - State change: CONNECTED
103653 [main] INFO  o.a.c.f.i.CuratorFrameworkImpl - Starting
103654 [main-EventThread] INFO  o.a.c.f.s.ConnectionStateManager - State change: CONNECTED
103655 [main-EventThread] INFO  o.a.c.f.s.ConnectionStateManager - State change: CONNECTED
103656 [Curator-Framework-0] INFO  o.a.c.f.i.CuratorFrameworkImpl - backgroundOperationsLoop exiting
103658 [main] INFO  o.a.c.f.i.CuratorFrameworkImpl - Starting
103658 [main] INFO  o.a.c.f.i.CuratorFrameworkImpl - Starting
103659 [main-EventThread] INFO  o.a.c.f.s.ConnectionStateManager - State change: CONNECTED
103660 [main-EventThread] INFO  o.a.c.f.s.ConnectionStateManager - State change: CONNECTED
103667 [main] INFO  o.a.s.z.LeaderElectorImp - Queued up for leader lock.
103671 [main] WARN  o.a.s.m.StormMetricsRegistry - Metric nimbus:num-supervisors has already been registered
103671 [main] INFO  o.a.s.d.m.MetricsUtils - Using statistics reporter plugin:org.apache.storm.daemon.metrics.reporters.JmxPreparableReporter
103671 [main] INFO  o.a.s.d.m.r.JmxPreparableReporter - Preparing...
103673 [main] INFO  o.a.s.m.StormMetricsRegistry - Started statistics report plugin...
103673 [main] INFO  o.a.c.f.i.CuratorFrameworkImpl - Starting
103675 [main-EventThread] INFO  o.a.c.f.s.ConnectionStateManager - State change: CONNECTED
103675 [Curator-Framework-0] INFO  o.a.c.f.i.CuratorFrameworkImpl - backgroundOperationsLoop exiting
103678 [main-EventThread] INFO  o.a.s.z.Zookeeper - active-topology-ids [] local-topology-ids [] diff-topology []
103678 [main-EventThread] INFO  o.a.s.z.Zookeeper - Accepting leadership, all active topology found locally.
103679 [main] INFO  o.a.c.f.i.CuratorFrameworkImpl - Starting
103679 [main] INFO  o.a.c.f.i.CuratorFrameworkImpl - Starting
103680 [main-EventThread] INFO  o.a.c.f.s.ConnectionStateManager - State change: CONNECTED
103680 [main-EventThread] INFO  o.a.c.f.s.ConnectionStateManager - State change: CONNECTED
103681 [Curator-Framework-0] INFO  o.a.c.f.i.CuratorFrameworkImpl - backgroundOperationsLoop exiting
103681 [main] INFO  o.a.c.f.i.CuratorFrameworkImpl - Starting
103683 [main-EventThread] INFO  o.a.c.f.s.ConnectionStateManager - State change: CONNECTED
103800 [pool-1784-thread-1] INFO  o.a.s.l.ThriftAccessLogger - Request ID: 89 access from: null principal: null operation: submitTopology storm-name: topo-name access result: access-denied
103801 [pool-1784-thread-1] WARN  o.a.s.d.nimbus - Topology submission exception. (topology name='topo-name') #error {
 :cause nil
 :via
 [{:type org.apache.storm.generated.AuthorizationException
   :message nil
   :at [org.apache.storm.daemon.nimbus$check_authorization_BANG_ invoke nimbus.clj 1121]}]
 :trace
 [[org.apache.storm.daemon.nimbus$check_authorization_BANG_ invoke nimbus.clj 1121]
  [org.apache.storm.daemon.nimbus$check_authorization_BANG_ invoke nimbus.clj 1124]
  [org.apache.storm.daemon.nimbus$mk_reified_nimbus$reify__5148 submitTopologyWithOpts nimbus.clj 1639]
  [org.apache.storm.daemon.nimbus$mk_reified_nimbus$reify__5148 submitTopology nimbus.clj 1719]
  [org.apache.storm.generated.Nimbus$Processor$submitTopology getResult Nimbus.java 2986]
  [org.apache.storm.generated.Nimbus$Processor$submitTopology getResult Nimbus.java 2970]
  [org.apache.thrift.ProcessFunction process ProcessFunction.java 39]
  [org.apache.thrift.TBaseProcessor process TBaseProcessor.java 39]
  [org.apache.storm.security.auth.SimpleTransportPlugin$SimpleWrapProcessor process SimpleTransportPlugin.java 158]
  [org.apache.thrift.server.AbstractNonblockingServer$FrameBuffer invoke AbstractNonblockingServer.java 518]
  [org.apache.thrift.server.Invocation run Invocation.java 18]
  [java.util.concurrent.ThreadPoolExecutor runWorker ThreadPoolExecutor.java 1142]
  [java.util.concurrent.ThreadPoolExecutor$Worker run ThreadPoolExecutor.java 617]
  [java.lang.Thread run Thread.java 745]]}
103818 [pool-1784-thread-2] INFO  o.a.s.l.ThriftAccessLogger - Request ID: 90 access from: null principal: null operation: submitTopology storm-name: topo-name access result: access-denied
103818 [pool-1784-thread-2] WARN  o.a.s.d.nimbus - Topology submission exception. (topology name='topo-name') #error {
 :cause nil
 :via
 [{:type org.apache.storm.generated.AuthorizationException
   :message nil
   :at [org.apache.storm.daemon.nimbus$check_authorization_BANG_ invoke nimbus.clj 1121]}]
 :trace
 [[org.apache.storm.daemon.nimbus$check_authorization_BANG_ invoke nimbus.clj 1121]
  [org.apache.storm.daemon.nimbus$check_authorization_BANG_ invoke nimbus.clj 1124]
  [org.apache.storm.daemon.nimbus$mk_reified_nimbus$reify__5148 submitTopologyWithOpts nimbus.clj 1639]
  [org.apache.storm.generated.Nimbus$Processor$submitTopologyWithOpts getResult Nimbus.java 3014]
  [org.apache.storm.generated.Nimbus$Processor$submitTopologyWithOpts getResult Nimbus.java 2998]
  [org.apache.thrift.ProcessFunction process ProcessFunction.java 39]
  [org.apache.thrift.TBaseProcessor process TBaseProcessor.java 39]
  [org.apache.storm.security.auth.SimpleTransportPlugin$SimpleWrapProcessor process SimpleTransportPlugin.java 158]
  [org.apache.thrift.server.AbstractNonblockingServer$FrameBuffer invoke AbstractNonblockingServer.java 518]
  [org.apache.thrift.server.Invocation run Invocation.java 18]
  [java.util.concurrent.ThreadPoolExecutor runWorker ThreadPoolExecutor.java 1142]
  [java.util.concurrent.ThreadPoolExecutor$Worker run ThreadPoolExecutor.java 617]
  [java.lang.Thread run Thread.java 745]]}
103823 [pool-1784-thread-3] INFO  o.a.s.l.ThriftAccessLogger - Request ID: 91 access from: null principal: null operation: fileUpload access result: access-denied
103828 [pool-1784-thread-4] INFO  o.a.s.l.ThriftAccessLogger - Request ID: 92 access from: null principal: null operation: fileUpload access result: access-denied
103833 [pool-1784-thread-5] INFO  o.a.s.l.ThriftAccessLogger - Request ID: 93 access from: null principal: null operation: fileUpload access result: access-denied
103838 [pool-1784-thread-6] INFO  o.a.s.l.ThriftAccessLogger - Request ID: 94 access from: null principal: null operation: fileDownload access result: access-denied
103843 [pool-1784-thread-7] INFO  o.a.s.l.ThriftAccessLogger - Request ID: 95 access from: null principal: null operation: fileDownload access result: access-denied
103848 [pool-1784-thread-8] INFO  o.a.s.l.ThriftAccessLogger - Request ID: 96 access from: null principal: null operation: getNimbusConf access result: access-denied
103855 [pool-1784-thread-9] INFO  o.a.s.l.ThriftAccessLogger - Request ID: 97 access from: null principal: null operation: getClusterInfo access result: access-denied
103862 [pool-1784-thread-10] INFO  o.a.s.l.ThriftAccessLogger - Request ID: 98 access from: null principal: null operation: killTopology storm-name: topo-name access result: access-denied
103867 [pool-1784-thread-11] INFO  o.a.s.l.ThriftAccessLogger - Request ID: 99 access from: null principal: null operation: killTopology storm-name: topo-name access result: access-denied
103870 [pool-1784-thread-12] INFO  o.a.s.l.ThriftAccessLogger - Request ID: 100 access from: null principal: null operation: activate storm-name: topo-name access result: access-denied
103874 [pool-1784-thread-13] INFO  o.a.s.l.ThriftAccessLogger - Request ID: 101 access from: null principal: null operation: deactivate storm-name: topo-name access result: access-denied
103879 [pool-1784-thread-14] INFO  o.a.s.l.ThriftAccessLogger - Request ID: 102 access from: null principal: null operation: rebalance storm-name: topo-name access result: access-denied
103886 [pool-1784-thread-15] INFO  o.a.s.l.ThriftAccessLogger - Request ID: 103 access from: null principal: null operation: getTopologyConf access result: access-denied
103894 [pool-1784-thread-16] INFO  o.a.s.l.ThriftAccessLogger - Request ID: 104 access from: null principal: null operation: getTopology access result: access-denied
103899 [pool-1784-thread-17] INFO  o.a.s.l.ThriftAccessLogger - Request ID: 105 access from: null principal: null operation: getUserTopology access result: access-denied
103906 [pool-1784-thread-18] INFO  o.a.s.l.ThriftAccessLogger - Request ID: 106 access from: null principal: null operation: getTopologyInfo access result: access-denied
103907 [main] INFO  o.a.s.d.nimbus - Shutting down master
103907 [Curator-Framework-0] INFO  o.a.c.f.i.CuratorFrameworkImpl - backgroundOperationsLoop exiting
103908 [Curator-Framework-0] INFO  o.a.c.f.i.CuratorFrameworkImpl - backgroundOperationsLoop exiting
103909 [Curator-Framework-0] INFO  o.a.c.f.i.CuratorFrameworkImpl - backgroundOperationsLoop exiting
103910 [main] INFO  o.a.s.z.LeaderElectorImp - closing zookeeper connection of leader elector.
103910 [Curator-Framework-0] INFO  o.a.c.f.i.CuratorFrameworkImpl - backgroundOperationsLoop exiting
103911 [main] INFO  o.a.s.d.nimbus - Shut down master
103911 [Curator-Framework-0] INFO  o.a.c.f.i.CuratorFrameworkImpl - backgroundOperationsLoop exiting
103912 [Curator-Framework-0] INFO  o.a.c.f.i.CuratorFrameworkImpl - backgroundOperationsLoop exiting
103913 [main] INFO  o.a.s.testing - Shutting down in process zookeeper
103916 [main] INFO  o.a.s.testing - Done shutting down in process zookeeper
103916 [main] INFO  o.a.s.testing - Deleting temporary path /tmp/7d599dc9-0233-476d-a3a7-4e57abf2e6e3
103916 [main] INFO  o.a.s.testing - Deleting temporary path /tmp/0bc9defc-d04f-4355-825f-2a988f20d0fd
]]>            </system-out>
        </testcase>
        <testcase name="test-deny-authorization-w-sasl-digest" classname="org.apache.storm.security.auth.nimbus-auth-test">
            <system-out>
<![CDATA[103919 [main] INFO  o.a.s.z.Zookeeper - Starting inprocess zookeeper at port 2000 and dir /tmp/5bac333e-1e43-4692-9522-071baf4f3f31
104174 [main] INFO  o.a.s.d.nimbus - Starting Nimbus with conf {"topology.builtin.metrics.bucket.size.secs" 60, "nimbus.childopts" "-Xmx1024m", "ui.filter.params" nil, "storm.cluster.mode" "local", "storm.messaging.netty.client_worker_threads" 1, "logviewer.max.per.worker.logs.size.mb" 2048, "supervisor.run.worker.as.user" false, "topology.max.task.parallelism" nil, "topology.priority" 29, "zmq.threads" 1, "storm.group.mapping.service" "org.apache.storm.security.auth.ShellBasedGroupsMapping", "transactional.zookeeper.root" "/transactional", "topology.sleep.spout.wait.strategy.time.ms" 1, "scheduler.display.resource" false, "topology.max.replication.wait.time.sec" 60, "drpc.invocations.port" 3773, "supervisor.localizer.cache.target.size.mb" 10240, "topology.multilang.serializer" "org.apache.storm.multilang.JsonSerializer", "storm.messaging.netty.server_worker_threads" 1, "nimbus.blobstore.class" "org.apache.storm.blobstore.LocalFsBlobStore", "resource.aware.scheduler.eviction.strategy" "org.apache.storm.scheduler.resource.strategies.eviction.DefaultEvictionStrategy", "topology.max.error.report.per.interval" 5, "storm.thrift.transport" "org.apache.storm.security.auth.digest.DigestSaslTransportPlugin", "zmq.hwm" 0, "storm.cgroup.resources" ["cpu" "memory"], "storm.group.mapping.service.params" nil, "worker.profiler.enabled" false, "storm.principal.tolocal" "org.apache.storm.security.auth.DefaultPrincipalToLocal", "supervisor.worker.shutdown.sleep.secs" 1, "pacemaker.host" "localhost", "storm.zookeeper.retry.times" 5, "ui.actions.enabled" true, "zmq.linger.millis" 0, "supervisor.enable" true, "topology.stats.sample.rate" 0.05, "storm.messaging.netty.min_wait_ms" 100, "storm.resource.isolation.plugin" "org.apache.storm.container.cgroup.CgroupManager", "worker.log.level.reset.poll.secs" 30, "storm.zookeeper.port" 2000, "supervisor.heartbeat.frequency.secs" 5, "topology.enable.message.timeouts" false, "supervisor.cpu.capacity" 400.0, "drpc.worker.threads" 64, "supervisor.blobstore.download.thread.count" 5, "task.backpressure.poll.secs" 30, "drpc.queue.size" 128, "topology.backpressure.enable" false, "supervisor.blobstore.class" "org.apache.storm.blobstore.NimbusBlobStore", "storm.blobstore.inputstream.buffer.size.bytes" 65536, "topology.shellbolt.max.pending" 100, "drpc.https.keystore.password" "", "nimbus.code.sync.freq.secs" 120, "logviewer.port" 8000, "topology.scheduler.strategy" "org.apache.storm.scheduler.resource.strategies.scheduling.DefaultResourceAwareStrategy", "topology.executor.send.buffer.size" 1024, "resource.aware.scheduler.priority.strategy" "org.apache.storm.scheduler.resource.strategies.priority.DefaultSchedulingPriorityStrategy", "pacemaker.auth.method" "NONE", "storm.daemon.metrics.reporter.plugins" ["org.apache.storm.daemon.metrics.reporters.JmxPreparableReporter"], "storm.cgroup.hierarchy.dir" "/cgroup/storm_resources", "topology.worker.logwriter.childopts" "-Xmx64m", "topology.spout.wait.strategy" "org.apache.storm.spout.SleepSpoutWaitStrategy", "ui.host" "0.0.0.0", "storm.nimbus.retry.interval.millis" 2000, "nimbus.inbox.jar.expiration.secs" 3600, "dev.zookeeper.path" "/tmp/dev-storm-zookeeper", "topology.acker.executors" nil, "topology.fall.back.on.java.serialization" true, "topology.eventlogger.executors" nil, "supervisor.localizer.cleanup.interval.ms" 600000, "storm.zookeeper.servers" ["localhost"], "nimbus.thrift.threads" 64, "logviewer.cleanup.age.mins" 10080, "topology.worker.childopts" nil, "topology.classpath" nil, "storm.cgroup.cgexec.cmd" "/bin/cgexec", "supervisor.monitor.frequency.secs" 3, "nimbus.credential.renewers.freq.secs" 600, "topology.skip.missing.kryo.registrations" true, "storm.topology.classpath.beginning.enabled" false, "drpc.authorizer.acl.filename" "drpc-auth-acl.yaml", "pacemaker.kerberos.users" [], "storm.group.mapping.service.cache.duration.secs" 120, "topology.testing.always.try.serialize" false, "nimbus.monitor.freq.secs" 10, "storm.health.check.timeout.ms" 5000, "supervisor.supervisors" [], "topology.tasks" nil, "topology.bolts.outgoing.overflow.buffer.enable" false, "storm.messaging.netty.socket.backlog" 500, "topology.workers" 1, "pacemaker.base.threads" 10, "storm.local.dir" "/tmp/940498e2-b611-4166-bc32-72cf709627d4", "topology.disable.loadaware" false, "worker.childopts" "-Xmx%HEAP-MEM%m -XX:+PrintGCDetails -Xloggc:artifacts/gc.log -XX:+PrintGCDateStamps -XX:+PrintGCTimeStamps -XX:+UseGCLogFileRotation -XX:NumberOfGCLogFiles=10 -XX:GCLogFileSize=1M -XX:+HeapDumpOnOutOfMemoryError -XX:HeapDumpPath=artifacts/heapdump", "storm.auth.simple-white-list.users" [], "topology.disruptor.batch.timeout.millis" 1, "topology.message.timeout.secs" 30, "topology.state.synchronization.timeout.secs" 60, "topology.tuple.serializer" "org.apache.storm.serialization.types.ListDelegateSerializer", "supervisor.supervisors.commands" [], "nimbus.blobstore.expiration.secs" 600, "logviewer.childopts" "-Xmx128m", "topology.environment" nil, "topology.debug" false, "topology.disruptor.batch.size" 100, "storm.messaging.netty.max_retries" 300, "ui.childopts" "-Xmx768m", "storm.network.topography.plugin" "org.apache.storm.networktopography.DefaultRackDNSToSwitchMapping", "storm.zookeeper.session.timeout" 20000, "drpc.childopts" "-Xmx768m", "drpc.http.creds.plugin" "org.apache.storm.security.auth.DefaultHttpCredentialsPlugin", "storm.zookeeper.connection.timeout" 15000, "storm.zookeeper.auth.user" nil, "storm.meta.serialization.delegate" "org.apache.storm.serialization.GzipThriftSerializationDelegate", "topology.max.spout.pending" nil, "storm.codedistributor.class" "org.apache.storm.codedistributor.LocalFileSystemCodeDistributor", "nimbus.supervisor.timeout.secs" 60, "nimbus.task.timeout.secs" 30, "drpc.port" 3772, "pacemaker.max.threads" 50, "storm.zookeeper.retry.intervalceiling.millis" 30000, "nimbus.thrift.port" 40966, "storm.auth.simple-acl.admins" [], "topology.component.cpu.pcore.percent" 10.0, "supervisor.memory.capacity.mb" 4096.0, "storm.supervisor.cgroup.rootdir" "storm", "storm.nimbus.retry.times" 5, "supervisor.worker.start.timeout.secs" 120, "storm.zookeeper.retry.interval" 1000, "logs.users" nil, "storm.cluster.metrics.consumer.publish.interval.secs" 60, "worker.profiler.command" "flight.bash", "transactional.zookeeper.port" nil, "drpc.max_buffer_size" 1048576, "pacemaker.thread.timeout" 10, "storm.cgroup.hierarchy.name" "storm", "task.credentials.poll.secs" 30, "blobstore.superuser" "travis", "drpc.https.keystore.type" "JKS", "topology.worker.receiver.thread.count" 1, "topology.state.checkpoint.interval.ms" 1000, "supervisor.slots.ports" [6700 6701 6702 6703], "topology.transfer.buffer.size" 1024, "storm.health.check.dir" "healthchecks", "topology.worker.shared.thread.pool.size" 4, "drpc.authorizer.acl.strict" false, "nimbus.file.copy.expiration.secs" 600, "worker.profiler.childopts" "-XX:+UnlockCommercialFeatures -XX:+FlightRecorder", "topology.executor.receive.buffer.size" 1024, "backpressure.disruptor.low.watermark" 0.4, "java.security.auth.login.config" "test/clj/org/apache/storm/security/auth/jaas_digest.conf", "nimbus.task.launch.secs" 120, "storm.local.mode.zmq" false, "storm.cgroup.memory.limit.tolerance.margin.mb" 128.0, "storm.messaging.netty.buffer_size" 5242880, "storm.cluster.state.store" "org.apache.storm.cluster.ZKStateStorageFactory", "worker.heartbeat.frequency.secs" 1, "storm.log4j2.conf.dir" "log4j2", "storm.resource.isolation.plugin.enable" false, "ui.http.creds.plugin" "org.apache.storm.security.auth.DefaultHttpCredentialsPlugin", "storm.zookeeper.root" "/storm", "topology.tick.tuple.freq.secs" nil, "drpc.https.port" -1, "storm.workers.artifacts.dir" "workers-artifacts", "supervisor.blobstore.download.max_retries" 3, "task.refresh.poll.secs" 10, "storm.exhibitor.port" 8080, "task.heartbeat.frequency.secs" 3, "pacemaker.port" 6699, "storm.messaging.netty.max_wait_ms" 1000, "topology.component.resources.offheap.memory.mb" 0.0, "drpc.http.port" 3774, "topology.error.throttle.interval.secs" 10, "storm.messaging.transport" "org.apache.storm.messaging.netty.Context", "storm.messaging.netty.authentication" false, "topology.component.resources.onheap.memory.mb" 128.0, "topology.kryo.factory" "org.apache.storm.serialization.DefaultKryoFactory", "worker.gc.childopts" "", "nimbus.topology.validator" "org.apache.storm.nimbus.DefaultTopologyValidator", "nimbus.seeds" ["localhost"], "nimbus.queue.size" 100000, "nimbus.cleanup.inbox.freq.secs" 600, "storm.blobstore.replication.factor" 3, "worker.heap.memory.mb" 768, "logviewer.max.sum.worker.logs.size.mb" 4096, "pacemaker.childopts" "-Xmx1024m", "ui.users" nil, "transactional.zookeeper.servers" nil, "supervisor.worker.timeout.secs" 30, "storm.zookeeper.auth.password" nil, "storm.blobstore.acl.validation.enabled" false, "client.blobstore.class" "org.apache.storm.blobstore.NimbusBlobStore", "supervisor.childopts" "-Xmx256m", "topology.worker.max.heap.size.mb" 768.0, "backpressure.disruptor.high.watermark" 0.9, "ui.filter" nil, "nimbus.authorizer" "org.apache.storm.security.auth.authorizer.DenyAuthorizer", "ui.header.buffer.bytes" 4096, "topology.min.replication.count" 1, "storm.supervisor.worker.manager.plugin" "org.apache.storm.daemon.supervisor.workermanager.DefaultWorkerManager", "topology.disruptor.wait.timeout.millis" 1000, "storm.nimbus.retry.intervalceiling.millis" 60000, "topology.trident.batch.emit.interval.millis" 50, "storm.auth.simple-acl.users" [], "drpc.invocations.threads" 64, "java.library.path" "/usr/local/lib:/opt/local/lib:/usr/lib", "ui.port" 8080, "storm.exhibitor.poll.uripath" "/exhibitor/v1/cluster/list", "storm.messaging.netty.transfer.batch.size" 262144, "logviewer.appender.name" "A1", "nimbus.thrift.max_buffer_size" 1048576, "storm.auth.simple-acl.users.commands" [], "drpc.request.timeout.secs" 600}
104174 [main] INFO  o.a.c.f.i.CuratorFrameworkImpl - Starting
104176 [main] INFO  o.a.s.b.FileBlobStoreImpl - Creating new blob store based in /tmp/940498e2-b611-4166-bc32-72cf709627d4/blobs
104176 [main] INFO  o.a.s.d.nimbus - Using default scheduler
104176 [main] INFO  o.a.c.f.i.CuratorFrameworkImpl - Starting
104208 [main] INFO  o.a.c.f.i.CuratorFrameworkImpl - Starting
104210 [main-EventThread] INFO  o.a.c.f.s.ConnectionStateManager - State change: CONNECTED
104212 [main-EventThread] INFO  o.a.c.f.s.ConnectionStateManager - State change: CONNECTED
104212 [main-EventThread] INFO  o.a.c.f.s.ConnectionStateManager - State change: CONNECTED
104215 [Curator-Framework-0] INFO  o.a.c.f.i.CuratorFrameworkImpl - backgroundOperationsLoop exiting
104216 [main] INFO  o.a.c.f.i.CuratorFrameworkImpl - Starting
104217 [main] INFO  o.a.c.f.i.CuratorFrameworkImpl - Starting
104219 [main-EventThread] INFO  o.a.c.f.s.ConnectionStateManager - State change: CONNECTED
104219 [main-EventThread] INFO  o.a.c.f.s.ConnectionStateManager - State change: CONNECTED
104227 [main] INFO  o.a.s.z.LeaderElectorImp - Queued up for leader lock.
104230 [main] WARN  o.a.s.m.StormMetricsRegistry - Metric nimbus:num-supervisors has already been registered
104230 [main] INFO  o.a.s.d.m.MetricsUtils - Using statistics reporter plugin:org.apache.storm.daemon.metrics.reporters.JmxPreparableReporter
104230 [main] INFO  o.a.s.d.m.r.JmxPreparableReporter - Preparing...
104233 [main] INFO  o.a.s.m.StormMetricsRegistry - Started statistics report plugin...
104233 [main] INFO  o.a.c.f.i.CuratorFrameworkImpl - Starting
104243 [main-EventThread] INFO  o.a.s.z.Zookeeper - active-topology-ids [] local-topology-ids [] diff-topology []
104243 [main-EventThread] INFO  o.a.s.z.Zookeeper - Accepting leadership, all active topology found locally.
104244 [main-EventThread] INFO  o.a.c.f.s.ConnectionStateManager - State change: CONNECTED
104244 [Curator-Framework-0] INFO  o.a.c.f.i.CuratorFrameworkImpl - backgroundOperationsLoop exiting
104245 [main] INFO  o.a.c.f.i.CuratorFrameworkImpl - Starting
104245 [main] INFO  o.a.c.f.i.CuratorFrameworkImpl - Starting
104246 [main-EventThread] INFO  o.a.c.f.s.ConnectionStateManager - State change: CONNECTED
104247 [main-EventThread] INFO  o.a.c.f.s.ConnectionStateManager - State change: CONNECTED
104247 [Curator-Framework-0] INFO  o.a.c.f.i.CuratorFrameworkImpl - backgroundOperationsLoop exiting
104248 [main] INFO  o.a.c.f.i.CuratorFrameworkImpl - Starting
104249 [main-EventThread] INFO  o.a.c.f.s.ConnectionStateManager - State change: CONNECTED
104251 [Thread-1720] INFO  o.a.s.s.a.d.DigestSaslTransportPlugin - SASL DIGEST-MD5 transport factory will be used
104251 [Thread-1720] ERROR o.a.s.s.a.ThriftServer - ThriftServer is being stopped due to: org.apache.thrift.transport.TTransportException: Could not create ServerSocket on address 0.0.0.0/0.0.0.0:40966.
org.apache.thrift.transport.TTransportException: Could not create ServerSocket on address 0.0.0.0/0.0.0.0:40966.
	at org.apache.thrift.transport.TServerSocket.<init>(TServerSocket.java:109) ~[libthrift-0.9.3.jar:0.9.3]
	at org.apache.thrift.transport.TServerSocket.<init>(TServerSocket.java:91) ~[libthrift-0.9.3.jar:0.9.3]
	at org.apache.thrift.transport.TServerSocket.<init>(TServerSocket.java:83) ~[libthrift-0.9.3.jar:0.9.3]
	at org.apache.thrift.transport.TServerSocket.<init>(TServerSocket.java:76) ~[libthrift-0.9.3.jar:0.9.3]
	at org.apache.storm.security.auth.SaslTransportPlugin.getServer(SaslTransportPlugin.java:68) ~[classes/:?]
	at org.apache.storm.security.auth.ThriftServer.serve(ThriftServer.java:68) [classes/:?]
	at org.apache.storm.security.auth.nimbus_auth_test$launch_test_cluster$fn__4070.invoke(nimbus_auth_test.clj:47) [?:?]
	at clojure.lang.AFn.run(AFn.java:22) [clojure-1.7.0.jar:?]
	at java.lang.Thread.run(Thread.java:745) [?:1.8.0_31]
Caused by: java.net.BindException: Address already in use
	at java.net.PlainSocketImpl.socketBind(Native Method) ~[?:1.8.0_31]
	at java.net.AbstractPlainSocketImpl.bind(AbstractPlainSocketImpl.java:382) ~[?:1.8.0_31]
	at java.net.ServerSocket.bind(ServerSocket.java:375) ~[?:1.8.0_31]
	at org.apache.thrift.transport.TServerSocket.<init>(TServerSocket.java:106) ~[libthrift-0.9.3.jar:0.9.3]
	... 8 more

--------------------------------------------------

travis_time:end:01d84514:start=1472656745314120970,finish=1472657012928863067,duration=267614742097[0K
[31;1mThe command "/bin/bash ./dev-tools/travis/travis-script.sh `pwd` $MODULES" exited with 1.[0m
travis_fold:start:cache.2[0Kstore build cache
travis_time:start:05026d70[0K
travis_time:end:05026d70:start=1472657012933285827,finish=1472657012937029103,duration=3743276[0Ktravis_time:start:081b0ad3[0K[32;1mchange detected (content changed, file is created, or file is deleted):
/home/travis/.m2/repository/eigenbase/eigenbase-properties/1.1.4/eigenbase-properties-1.1.4.pom.lastUpdated
/home/travis/.m2/repository/io/confluent/kafka-avro-serializer/1.0/kafka-avro-serializer-1.0.pom.lastUpdated
/home/travis/.m2/repository/io/confluent/kafka-schema-registry-client/1.0/kafka-schema-registry-client-1.0.pom.lastUpdated
/home/travis/.m2/repository/net/hydromatic/linq4j/0.4/linq4j-0.4.pom.lastUpdated
/home/travis/.m2/repository/net/hydromatic/quidem/0.1.1/quidem-0.1.1.pom.lastUpdated
/home/travis/.m2/repository/org/apache/storm/flux/2.0.0-SNAPSHOT/maven-metadata-local.xml
/home/travis/.m2/repository/org/apache/storm/flux/2.0.0-SNAPSHOT/_remote.repositories
/home/travis/.m2/repository/org/apache/storm/flux-core/2.0.0-SNAPSHOT/flux-core-2.0.0-SNAPSHOT.jar
/home/travis/.m2/repository/org/apache/storm/flux-core/2.0.0-SNAPSHOT/maven-metadata-local.xml
/home/travis/.m2/repository/org/apache/storm/flux-core/2.0.0-SNAPSHOT/_remote.repositories
/home/travis/.m2/repository/org/ap
[0m
[32;1m...
[0m
[32;1mchanges detected, packing new archive[0m
.
.
.
.
.
.
.
.
[32;1muploading archive[0m

travis_time:end:081b0ad3:start=1472657012941490520,finish=1472657073227015619,duration=60285525099[0Ktravis_fold:end:cache.2[0K
Done. Your build exited with 1.
