Using worker: worker-linux-docker-f13d4408.prod.travis-ci.org:travis-linux-5

travis_fold:start:system_info[0K[33;1mBuild system information[0m
Build language: android
Build group: stable
Build dist: precise
[34m[1mBuild image provisioning date and time[0m
Thu Feb  5 15:09:33 UTC 2015
[34m[1mOperating System Details[0m
Distributor ID:	Ubuntu
Description:	Ubuntu 12.04.5 LTS
Release:	12.04
Codename:	precise
[34m[1mLinux Version[0m
3.13.0-29-generic
[34m[1mCookbooks Version[0m
a68419e https://github.com/travis-ci/travis-cookbooks/tree/a68419e
[34m[1mGCC version[0m
gcc (Ubuntu/Linaro 4.6.3-1ubuntu5) 4.6.3
Copyright (C) 2011 Free Software Foundation, Inc.
This is free software; see the source for copying conditions.  There is NO
warranty; not even for MERCHANTABILITY or FITNESS FOR A PARTICULAR PURPOSE.

[34m[1mLLVM version[0m
clang version 3.4 (tags/RELEASE_34/final)
Target: x86_64-unknown-linux-gnu
Thread model: posix
[34m[1mPre-installed Ruby versions[0m
ruby-1.9.3-p551
[34m[1mPre-installed Node.js versions[0m
v0.10.36
[34m[1mPre-installed Go versions[0m
1.4.1
[34m[1mRedis version[0m
redis-server 2.8.19
[34m[1mriak version[0m
2.0.2
[34m[1mMongoDB version[0m
MongoDB 2.4.12
[34m[1mCouchDB version[0m
couchdb 1.6.1
[34m[1mNeo4j version[0m
1.9.4
[34m[1mRabbitMQ Version[0m
3.4.3
[34m[1mElasticSearch version[0m
1.4.0
[34m[1mInstalled Sphinx versions[0m
2.0.10
2.1.9
2.2.6
[34m[1mDefault Sphinx version[0m
2.2.6
[34m[1mInstalled Firefox version[0m
firefox 31.0esr
[34m[1mPhantomJS version[0m
1.9.8
[34m[1mant -version[0m
Apache Ant(TM) version 1.8.2 compiled on December 3 2011
[34m[1mmvn -version[0m
Apache Maven 3.2.5 (12a6b3acb947671f09b81f49094c53f426d8cea1; 2014-12-14T17:29:23+00:00)
Maven home: /usr/local/maven
Java version: 1.7.0_76, vendor: Oracle Corporation
Java home: /usr/lib/jvm/java-7-oracle/jre
Default locale: en_US, platform encoding: ANSI_X3.4-1968
OS name: "linux", version: "3.13.0-29-generic", arch: "amd64", family: "unix"
travis_fold:end:system_info[0K
travis_fold:start:git.checkout[0Ktravis_time:start:0e55a95c[0K$ git clone --depth=50 https://github.com/square/picasso.git square/picasso
Cloning into 'square/picasso'...
remote: Counting objects: 1290, done.[K
remote: Compressing objects:   0% (1/572)   [Kremote: Compressing objects:   1% (6/572)   [Kremote: Compressing objects:   2% (12/572)   [Kremote: Compressing objects:   3% (18/572)   [Kremote: Compressing objects:   4% (23/572)   [Kremote: Compressing objects:   5% (29/572)   [Kremote: Compressing objects:   6% (35/572)   [Kremote: Compressing objects:   7% (41/572)   [Kremote: Compressing objects:   8% (46/572)   [Kremote: Compressing objects:   9% (52/572)   [Kremote: Compressing objects:  10% (58/572)   [Kremote: Compressing objects:  11% (63/572)   [Kremote: Compressing objects:  12% (69/572)   [Kremote: Compressing objects:  13% (75/572)   [Kremote: Compressing objects:  14% (81/572)   [Kremote: Compressing objects:  15% (86/572)   [Kremote: Compressing objects:  16% (92/572)   [Kremote: Compressing objects:  17% (98/572)   [Kremote: Compressing objects:  18% (103/572)   [Kremote: Compressing objects:  19% (109/572)   [Kremote: Compressing objects:  20% (115/572)   [Kremote: Compressing objects:  21% (121/572)   [Kremote: Compressing objects:  22% (126/572)   [Kremote: Compressing objects:  23% (132/572)   [Kremote: Compressing objects:  24% (138/572)   [Kremote: Compressing objects:  25% (143/572)   [Kremote: Compressing objects:  26% (149/572)   [Kremote: Compressing objects:  27% (155/572)   [Kremote: Compressing objects:  28% (161/572)   [Kremote: Compressing objects:  29% (166/572)   [Kremote: Compressing objects:  30% (172/572)   [Kremote: Compressing objects:  31% (178/572)   [Kremote: Compressing objects:  32% (184/572)   [Kremote: Compressing objects:  33% (189/572)   [Kremote: Compressing objects:  34% (195/572)   [Kremote: Compressing objects:  35% (201/572)   [Kremote: Compressing objects:  36% (206/572)   [Kremote: Compressing objects:  37% (212/572)   [Kremote: Compressing objects:  38% (218/572)   [Kremote: Compressing objects:  39% (224/572)   [Kremote: Compressing objects:  40% (229/572)   [Kremote: Compressing objects:  41% (235/572)   [Kremote: Compressing objects:  42% (241/572)   [Kremote: Compressing objects:  43% (246/572)   [Kremote: Compressing objects:  44% (252/572)   [Kremote: Compressing objects:  45% (258/572)   [Kremote: Compressing objects:  46% (264/572)   [Kremote: Compressing objects:  47% (269/572)   [Kremote: Compressing objects:  48% (275/572)   [Kremote: Compressing objects:  49% (281/572)   [Kremote: Compressing objects:  50% (286/572)   [Kremote: Compressing objects:  51% (292/572)   [Kremote: Compressing objects:  52% (298/572)   [Kremote: Compressing objects:  53% (304/572)   [Kremote: Compressing objects:  54% (309/572)   [Kremote: Compressing objects:  55% (315/572)   [Kremote: Compressing objects:  56% (321/572)   [Kremote: Compressing objects:  57% (327/572)   [Kremote: Compressing objects:  58% (332/572)   [Kremote: Compressing objects:  59% (338/572)   [Kremote: Compressing objects:  60% (344/572)   [Kremote: Compressing objects:  61% (349/572)   [Kremote: Compressing objects:  62% (355/572)   [Kremote: Compressing objects:  63% (361/572)   [Kremote: Compressing objects:  64% (367/572)   [Kremote: Compressing objects:  65% (372/572)   [Kremote: Compressing objects:  66% (378/572)   [Kremote: Compressing objects:  67% (384/572)   [Kremote: Compressing objects:  68% (389/572)   [Kremote: Compressing objects:  69% (395/572)   [Kremote: Compressing objects:  70% (401/572)   [Kremote: Compressing objects:  71% (407/572)   [Kremote: Compressing objects:  72% (412/572)   [Kremote: Compressing objects:  73% (418/572)   [Kremote: Compressing objects:  74% (424/572)   [Kremote: Compressing objects:  75% (429/572)   [Kremote: Compressing objects:  76% (435/572)   [Kremote: Compressing objects:  77% (441/572)   [Kremote: Compressing objects:  78% (447/572)   [Kremote: Compressing objects:  79% (452/572)   [Kremote: Compressing objects:  80% (458/572)   [Kremote: Compressing objects:  81% (464/572)   [Kremote: Compressing objects:  82% (470/572)   [Kremote: Compressing objects:  83% (475/572)   [Kremote: Compressing objects:  84% (481/572)   [Kremote: Compressing objects:  85% (487/572)   [Kremote: Compressing objects:  86% (492/572)   [Kremote: Compressing objects:  87% (498/572)   [Kremote: Compressing objects:  88% (504/572)   [Kremote: Compressing objects:  89% (510/572)   [Kremote: Compressing objects:  90% (515/572)   [Kremote: Compressing objects:  91% (521/572)   [Kremote: Compressing objects:  92% (527/572)   [Kremote: Compressing objects:  93% (532/572)   [Kremote: Compressing objects:  94% (538/572)   [Kremote: Compressing objects:  95% (544/572)   [Kremote: Compressing objects:  96% (550/572)   [Kremote: Compressing objects:  97% (555/572)   [Kremote: Compressing objects:  98% (561/572)   [Kremote: Compressing objects:  99% (567/572)   [Kremote: Compressing objects: 100% (572/572)   [Kremote: Compressing objects: 100% (572/572), done.[K
Receiving objects:   0% (1/1290)   Receiving objects:   1% (13/1290)   Receiving objects:   2% (26/1290)   Receiving objects:   3% (39/1290)   Receiving objects:   4% (52/1290)   Receiving objects:   5% (65/1290)   Receiving objects:   6% (78/1290)   Receiving objects:   7% (91/1290)   Receiving objects:   8% (104/1290)   Receiving objects:   9% (117/1290)   Receiving objects:  10% (129/1290)   Receiving objects:  11% (142/1290)   Receiving objects:  12% (155/1290)   Receiving objects:  13% (168/1290)   Receiving objects:  14% (181/1290)   Receiving objects:  15% (194/1290)   Receiving objects:  16% (207/1290)   Receiving objects:  17% (220/1290)   Receiving objects:  18% (233/1290)   Receiving objects:  19% (246/1290)   Receiving objects:  20% (258/1290)   Receiving objects:  21% (271/1290)   Receiving objects:  22% (284/1290)   Receiving objects:  23% (297/1290)   Receiving objects:  24% (310/1290)   Receiving objects:  25% (323/1290)   Receiving objects:  26% (336/1290)   Receiving objects:  27% (349/1290)   Receiving objects:  28% (362/1290)   Receiving objects:  29% (375/1290), 1.06 MiB | 2.10 MiB/s   Receiving objects:  30% (387/1290), 1.06 MiB | 2.10 MiB/s   Receiving objects:  31% (400/1290), 1.06 MiB | 2.10 MiB/s   Receiving objects:  32% (413/1290), 1.06 MiB | 2.10 MiB/s   Receiving objects:  33% (426/1290), 1.06 MiB | 2.10 MiB/s   Receiving objects:  34% (439/1290), 1.06 MiB | 2.10 MiB/s   Receiving objects:  35% (452/1290), 1.06 MiB | 2.10 MiB/s   Receiving objects:  36% (465/1290), 1.06 MiB | 2.10 MiB/s   Receiving objects:  37% (478/1290), 1.06 MiB | 2.10 MiB/s   Receiving objects:  38% (491/1290), 1.06 MiB | 2.10 MiB/s   Receiving objects:  39% (504/1290), 1.06 MiB | 2.10 MiB/s   Receiving objects:  40% (516/1290), 1.06 MiB | 2.10 MiB/s   Receiving objects:  41% (529/1290), 1.06 MiB | 2.10 MiB/s   Receiving objects:  42% (542/1290), 1.06 MiB | 2.10 MiB/s   Receiving objects:  43% (555/1290), 1.06 MiB | 2.10 MiB/s   Receiving objects:  44% (568/1290), 1.06 MiB | 2.10 MiB/s   Receiving objects:  45% (581/1290), 1.06 MiB | 2.10 MiB/s   Receiving objects:  46% (594/1290), 1.06 MiB | 2.10 MiB/s   Receiving objects:  47% (607/1290), 1.06 MiB | 2.10 MiB/s   Receiving objects:  48% (620/1290), 1.06 MiB | 2.10 MiB/s   Receiving objects:  49% (633/1290), 1.06 MiB | 2.10 MiB/s   Receiving objects:  50% (645/1290), 1.06 MiB | 2.10 MiB/s   Receiving objects:  51% (658/1290), 1.06 MiB | 2.10 MiB/s   Receiving objects:  52% (671/1290), 1.06 MiB | 2.10 MiB/s   Receiving objects:  53% (684/1290), 1.06 MiB | 2.10 MiB/s   Receiving objects:  54% (697/1290), 1.06 MiB | 2.10 MiB/s   Receiving objects:  55% (710/1290), 1.06 MiB | 2.10 MiB/s   Receiving objects:  56% (723/1290), 1.06 MiB | 2.10 MiB/s   Receiving objects:  57% (736/1290), 1.06 MiB | 2.10 MiB/s   Receiving objects:  58% (749/1290), 1.06 MiB | 2.10 MiB/s   Receiving objects:  59% (762/1290), 1.06 MiB | 2.10 MiB/s   Receiving objects:  60% (774/1290), 1.06 MiB | 2.10 MiB/s   Receiving objects:  61% (787/1290), 1.06 MiB | 2.10 MiB/s   Receiving objects:  62% (800/1290), 1.06 MiB | 2.10 MiB/s   Receiving objects:  63% (813/1290), 1.06 MiB | 2.10 MiB/s   Receiving objects:  64% (826/1290), 1.06 MiB | 2.10 MiB/s   Receiving objects:  65% (839/1290), 1.06 MiB | 2.10 MiB/s   Receiving objects:  66% (852/1290), 1.06 MiB | 2.10 MiB/s   Receiving objects:  67% (865/1290), 1.06 MiB | 2.10 MiB/s   Receiving objects:  68% (878/1290), 1.06 MiB | 2.10 MiB/s   Receiving objects:  69% (891/1290), 1.06 MiB | 2.10 MiB/s   Receiving objects:  70% (903/1290), 1.06 MiB | 2.10 MiB/s   Receiving objects:  71% (916/1290), 1.06 MiB | 2.10 MiB/s   Receiving objects:  72% (929/1290), 1.06 MiB | 2.10 MiB/s   Receiving objects:  73% (942/1290), 1.06 MiB | 2.10 MiB/s   Receiving objects:  74% (955/1290), 1.06 MiB | 2.10 MiB/s   Receiving objects:  75% (968/1290), 1.06 MiB | 2.10 MiB/s   Receiving objects:  76% (981/1290), 1.06 MiB | 2.10 MiB/s   Receiving objects:  77% (994/1290), 1.06 MiB | 2.10 MiB/s   Receiving objects:  78% (1007/1290), 1.06 MiB | 2.10 MiB/s   Receiving objects:  79% (1020/1290), 1.06 MiB | 2.10 MiB/s   Receiving objects:  80% (1032/1290), 1.06 MiB | 2.10 MiB/s   Receiving objects:  81% (1045/1290), 1.06 MiB | 2.10 MiB/s   Receiving objects:  82% (1058/1290), 1.06 MiB | 2.10 MiB/s   Receiving objects:  83% (1071/1290), 1.06 MiB | 2.10 MiB/s   Receiving objects:  84% (1084/1290), 1.06 MiB | 2.10 MiB/s   Receiving objects:  85% (1097/1290), 1.06 MiB | 2.10 MiB/s   Receiving objects:  86% (1110/1290), 1.06 MiB | 2.10 MiB/s   Receiving objects:  87% (1123/1290), 1.06 MiB | 2.10 MiB/s   Receiving objects:  88% (1136/1290), 1.06 MiB | 2.10 MiB/s   Receiving objects:  89% (1149/1290), 1.06 MiB | 2.10 MiB/s   Receiving objects:  90% (1161/1290), 1.06 MiB | 2.10 MiB/s   Receiving objects:  91% (1174/1290), 1.06 MiB | 2.10 MiB/s   Receiving objects:  92% (1187/1290), 1.06 MiB | 2.10 MiB/s   Receiving objects:  93% (1200/1290), 1.06 MiB | 2.10 MiB/s   Receiving objects:  94% (1213/1290), 1.06 MiB | 2.10 MiB/s   Receiving objects:  95% (1226/1290), 1.06 MiB | 2.10 MiB/s   remote: Total 1290 (delta 440), reused 1117 (delta 324), pack-reused 0[K
Receiving objects:  96% (1239/1290), 1.06 MiB | 2.10 MiB/s   Receiving objects:  97% (1252/1290), 1.06 MiB | 2.10 MiB/s   Receiving objects:  98% (1265/1290), 1.06 MiB | 2.10 MiB/s   Receiving objects:  99% (1278/1290), 1.06 MiB | 2.10 MiB/s   Receiving objects: 100% (1290/1290), 1.06 MiB | 2.10 MiB/s   Receiving objects: 100% (1290/1290), 1.58 MiB | 2.10 MiB/s, done.
Resolving deltas:   0% (0/440)   Resolving deltas:   1% (7/440)   Resolving deltas:   2% (12/440)   Resolving deltas:   3% (14/440)   Resolving deltas:   9% (40/440)   Resolving deltas:  10% (44/440)   Resolving deltas:  11% (49/440)   Resolving deltas:  12% (55/440)   Resolving deltas:  15% (69/440)   Resolving deltas:  18% (83/440)   Resolving deltas:  19% (84/440)   Resolving deltas:  20% (88/440)   Resolving deltas:  22% (100/440)   Resolving deltas:  27% (120/440)   Resolving deltas:  28% (127/440)   Resolving deltas:  29% (129/440)   Resolving deltas:  30% (135/440)   Resolving deltas:  31% (137/440)   Resolving deltas:  33% (147/440)   Resolving deltas:  35% (158/440)   Resolving deltas:  36% (159/440)   Resolving deltas:  37% (167/440)   Resolving deltas:  41% (181/440)   Resolving deltas:  42% (185/440)   Resolving deltas:  45% (198/440)   Resolving deltas:  46% (206/440)   Resolving deltas:  47% (207/440)   Resolving deltas:  48% (212/440)   Resolving deltas:  49% (219/440)   Resolving deltas:  50% (221/440)   Resolving deltas:  52% (229/440)   Resolving deltas:  53% (234/440)   Resolving deltas:  55% (246/440)   Resolving deltas:  56% (250/440)   Resolving deltas:  59% (263/440)   Resolving deltas:  61% (269/440)   Resolving deltas:  63% (279/440)   Resolving deltas:  64% (283/440)   Resolving deltas:  77% (343/440)   Resolving deltas:  78% (344/440)   Resolving deltas:  82% (365/440)   Resolving deltas:  88% (388/440)   Resolving deltas:  89% (392/440)   Resolving deltas:  90% (396/440)   Resolving deltas:  95% (422/440)   Resolving deltas:  96% (424/440)   Resolving deltas:  97% (430/440)   Resolving deltas:  98% (435/440)   Resolving deltas:  99% (437/440)   Resolving deltas: 100% (440/440)   Resolving deltas: 100% (440/440), done.
Checking connectivity... done.
travis_time:end:0e55a95c:start=1452627933093517959,finish=1452627939379508835,duration=6285990876[0K$ cd square/picasso
travis_time:start:2789eada[0K$ git fetch origin +refs/pull/1262/merge:
remote: Counting objects: 17, done.[K
remote: Compressing objects:  20% (1/5)   [Kremote: Compressing objects:  40% (2/5)   [Kremote: Compressing objects:  60% (3/5)   [Kremote: Compressing objects:  80% (4/5)   [Kremote: Compressing objects: 100% (5/5)   [Kremote: Compressing objects: 100% (5/5), done.[K
remote: Total 17 (delta 4), reused 16 (delta 4), pack-reused 0[K
Unpacking objects:   5% (1/17)   Unpacking objects:  11% (2/17)   Unpacking objects:  17% (3/17)   Unpacking objects:  23% (4/17)   Unpacking objects:  29% (5/17)   Unpacking objects:  35% (6/17)   Unpacking objects:  41% (7/17)   Unpacking objects:  47% (8/17)   Unpacking objects:  52% (9/17)   Unpacking objects:  58% (10/17)   Unpacking objects:  64% (11/17)   Unpacking objects:  70% (12/17)   Unpacking objects:  76% (13/17)   Unpacking objects:  82% (14/17)   Unpacking objects:  88% (15/17)   Unpacking objects:  94% (16/17)   Unpacking objects: 100% (17/17)   Unpacking objects: 100% (17/17), done.
From https://github.com/square/picasso
 * branch            refs/pull/1262/merge -> FETCH_HEAD
travis_time:end:2789eada:start=1452627939384480079,finish=1452627941359695251,duration=1975215172[0K$ git checkout -qf FETCH_HEAD
travis_fold:end:git.checkout[0K
[33;1mThis job is running on container-based infrastructure, which does not allow use of 'sudo', setuid and setguid executables.[0m
[33;1mIf you require sudo, add 'sudo: required' to your .travis.yml[0m
[33;1mSee https://docs.travis-ci.com/user/workers/container-based-infrastructure/ for details.[0m
travis_fold:start:cache.1[0KSetting up build cache
$ export CASHER_DIR=$HOME/.casher
travis_time:start:012c4bd2[0K$ Installing caching utilities
travis_time:end:012c4bd2:start=1452627943896778493,finish=1452627943980133955,duration=83355462[0Ktravis_time:start:000583af[0Ktravis_time:end:000583af:start=1452627943984684352,finish=1452627943987690627,duration=3006275[0Ktravis_time:start:0e9b1479[0K[32;1mattempting to download cache archive[0m
[32;1mfetching PR.1262/cache--jdk-oraclejdk7.tgz[0m
[32;1mfetching PR.1262/cache--jdk-oraclejdk7.tbz[0m
[32;1mfetching master/cache--jdk-oraclejdk7.tgz[0m
[32;1mfound cache[0m
travis_time:end:0e9b1479:start=1452627943991367522,finish=1452627945508814597,duration=1517447075[0Ktravis_time:start:22bd9c5c[0Ktravis_time:end:22bd9c5c:start=1452627945512840524,finish=1452627945516700227,duration=3859703[0Ktravis_time:start:2c4818a4[0K[32;1madding /home/travis/.m2 to cache[0m
travis_time:end:2c4818a4:start=1452627945520890525,finish=1452627947178986449,duration=1658095924[0Ktravis_fold:end:cache.1[0K$ jdk_switcher use oraclejdk7
Switching to Oracle JDK7 (java-7-oracle), JAVA_HOME will be set to /usr/lib/jvm/java-7-oracle
travis_fold:start:android.install[0KInstalling Android dependencies
travis_time:start:141e3920[0K$ android-update-sdk --components=build-tools-20.0.0 --accept-licenses='android-sdk-license-5be876d5'
Installing build-tools-20.0.0
spawn android update sdk --no-ui --all --filter build-tools-20.0.0
Refresh Sources:
  Fetching https://dl-ssl.google.com/android/repository/addons_list-2.xml
  Validate XML
  Parse XML
  Fetched Add-ons List successfully
  Refresh Sources
  Fetching URL: https://dl-ssl.google.com/android/repository/repository-10.xml
  Validate XML: https://dl-ssl.google.com/android/repository/repository-10.xml
  Parse XML:    https://dl-ssl.google.com/android/repository/repository-10.xml
  Fetching URL: https://dl-ssl.google.com/android/repository/addon.xml
  Validate XML: https://dl-ssl.google.com/android/repository/addon.xml
  Parse XML:    https://dl-ssl.google.com/android/repository/addon.xml
  Fetching URL: https://dl-ssl.google.com/android/repository/addon-6.xml
  Validate XML: https://dl-ssl.google.com/android/repository/addon-6.xml
  Parse XML:    https://dl-ssl.google.com/android/repository/addon-6.xml
  Fetching URL: https://dl-ssl.google.com/glass/gdk/addon.xml
  Validate XML: https://dl-ssl.google.com/glass/gdk/addon.xml
  Parse XML:    https://dl-ssl.google.com/glass/gdk/addon.xml
  Fetching URL: https://dl-ssl.google.com/android/repository/extras/intel/addon.xml
  Validate XML: https://dl-ssl.google.com/android/repository/extras/intel/addon.xml
  Parse XML:    https://dl-ssl.google.com/android/repository/extras/intel/addon.xml
  Fetching URL: https://dl-ssl.google.com/android/repository/sys-img/android/sys-img.xml
  Validate XML: https://dl-ssl.google.com/android/repository/sys-img/android/sys-img.xml
  Parse XML:    https://dl-ssl.google.com/android/repository/sys-img/android/sys-img.xml
  Fetching URL: https://dl-ssl.google.com/android/repository/sys-img/android-wear/sys-img.xml
  Validate XML: https://dl-ssl.google.com/android/repository/sys-img/android-wear/sys-img.xml
  Parse XML:    https://dl-ssl.google.com/android/repository/sys-img/android-wear/sys-img.xml
  Fetching URL: https://dl-ssl.google.com/android/repository/sys-img/android-tv/sys-img.xml
  Validate XML: https://dl-ssl.google.com/android/repository/sys-img/android-tv/sys-img.xml
  Parse XML:    https://dl-ssl.google.com/android/repository/sys-img/android-tv/sys-img.xml
  Fetching URL: https://dl-ssl.google.com/android/repository/sys-img/google_apis/sys-img.xml
  Validate XML: https://dl-ssl.google.com/android/repository/sys-img/google_apis/sys-img.xml
  Parse XML:    https://dl-ssl.google.com/android/repository/sys-img/google_apis/sys-img.xml
  Fetching URL: https://dl-ssl.google.com/android/repository/sys-img/x86/addon-x86.xml
  Validate XML: https://dl-ssl.google.com/android/repository/sys-img/x86/addon-x86.xml
  Parse XML:    https://dl-ssl.google.com/android/repository/sys-img/x86/addon-x86.xml
-------------------------------
License id: android-sdk-license-5be876d5
Used by: 
 - Android SDK Build-tools, revision 20
-------------------------------

To get started with the Android SDK, you must agree to the following terms and conditions.

This is the Android SDK License Agreement (the "License Agreement").

1. Introduction

1.1 The Android SDK (referred to in the License Agreement as the "SDK" and specifically including the Android system files, packaged APIs, and SDK library files and tools , if and when they are made available) is licensed to you subject to the terms of the License Agreement. The License Agreement forms a legally binding contract between you and Google in relation to your use of the SDK.

1.2 "Android" means the Android software stack for devices, as made available under the Android Open Source Project, which is located at the following URL: http://source.android.com/, as updated from time to time.

1.3 "Google" means Google Inc., a Delaware corporation with principal place of business at 1600 Amphitheatre Parkway, Mountain View, CA 94043, United States.

2. Accepting the License Agreement

2.1 In order to use the SDK, you must first agree to the License Agreement. You may not use the SDK if you do not accept the License Agreement.

2.2 By clicking to accept and/or using the SDK, you hereby agree to the terms of the License Agreement.

2.3 You may not use the SDK and may not accept the License Agreement if you are a person barred from receiving the SDK under the laws of the United States or other countries including the country in which you are resident or from which you use the SDK.

2.4 If you will use the SDK internally within your company or organization you agree to be bound by the License Agreement on behalf of your employer or other entity, and you represent and warrant that you have full legal authority to bind your employer or such entity to the License Agreement. If you do not have the requisite authority, you may not accept the License Agreement or use the SDK on behalf of your employer or other entity.

3. SDK License from Google

3.1 Subject to the terms of the License Agreement, Google grants you a royalty-free, non-assignable, non-exclusive, non-sublicensable, limited, revocable license to use the SDK, personally or internally within your company or organization, solely to develop and distribute applications to run on the Android platform.

3.2 You agree that Google or third parties own all legal right, title and interest in and to the SDK, including any Intellectual Property Rights that subsist in the SDK. "Intellectual Property Rights" means any and all rights under patent law, copyright law, trade secret law, trademark law, and any and all other proprietary rights. Google reserves all rights not expressly granted to you.

3.3 You may not use the SDK for any purpose not expressly permitted by the License Agreement. Except to the extent required by applicable third party licenses, you may not: (a) copy (except for backup purposes), modify, adapt, redistribute, decompile, reverse engineer, disassemble, or create derivative works of the SDK or any part of the SDK; or (b) load any part of the SDK onto a mobile handset or any other hardware device except a personal computer, combine any part of the SDK with other software, or distribute any software or device incorporating a part of the SDK.

3.4 You agree that you will not take any actions that may cause or result in the fragmentation of Android, including but not limited to distributing, participating in the creation of, or promoting in any way a software development kit derived from the SDK.

3.5 Use, reproduction and distribution of components of the SDK licensed under an open source software license are governed solely by the terms of that open source software license and not the License Agreement. You agree to remain a licensee in good standing in regard to such open source software licenses under all the rights granted and to refrain from any actions that may terminate, suspend, or breach such rights.

3.6 You agree that the form and nature of the SDK that Google provides may change without prior notice to you and that future versions of the SDK may be incompatible with applications developed on previous versions of the SDK. You agree that Google may stop (permanently or temporarily) providing the SDK (or any features within the SDK) to you or to users generally at Google's sole discretion, without prior notice to you.

3.7 Nothing in the License Agreement gives you a right to use any of Google's trade names, trademarks, service marks, logos, domain names, or other distinctive brand features.

3.8 You agree that you will not remove, obscure, or alter any proprietary rights notices (including copyright and trademark notices) that may be affixed to or contained within the SDK.

4. Use of the SDK by You

4.1 Google agrees that nothing in the License Agreement gives Google any right, title or interest from you (or your licensors) under the License Agreement in or to any software applications that you develop using the SDK, including any intellectual property rights that subsist in those applications.

4.2 You agree to use the SDK and write applications only for purposes that are permitted by (a) the License Agreement, and (b) any applicable law, regulation or generally accepted practices or guidelines in the relevant jurisdictions (including any laws regarding the export of data or software to and from the United States or other relevant countries).

4.3 You agree that if you use the SDK to develop applications, you will protect the privacy and legal rights of users. If users provide you with user names, passwords, or other login information or personal information, you must make the users aware that the information will be available to your application, and you must provide legally adequate privacy notice and protection for those users. If your application stores personal or sensitive information provided by users, it must do so securely. If users provide you with Google Account information, your application may only use that information to access the user's Google Account when, and for the limited purposes for which, each user has given you permission to do so.

4.4 You agree that you will not engage in any activity with the SDK, including the development or distribution of an application, that interferes with, disrupts, damages, or accesses in an unauthorized manner the servers, networks, or other properties or services of Google or any third party.

4.5 You agree that you are solely responsible for (and that Google has no responsibility to you or to any third party for) any data, content, or resources that you create, transmit or display through Android and/or applications for Android, and for the consequences of your actions (including any loss or damage which Google may suffer) by doing so.

4.6 You agree that you are solely responsible for (and that Google has no responsibility to you or to any third party for) any breach of your obligations under the License Agreement, any applicable third party contract or Terms of Service, or any applicable law or regulation, and for the consequences (including any loss or damage which Google or any third party may suffer) of any such breach.

5. Your Developer Credentials

5.1 You agree that you are responsible for maintaining the confidentiality of any developer credentials that may be issued to you by Google or which you may choose yourself and that you will be solely responsible for all applications that are developed under your developer credentials.

6. Privacy and Information

6.1 In order to continually innovate and improve the SDK, Google may collect certain usage statistics from the software including but not limited to a unique identifier, associated IP address, version number of the software, and information on which tools and/or services in the SDK are being used and how they are being used. Before any of this information is collected, the SDK will notify you and seek your consent. If you withhold consent, the information will not be collected.

6.2 The data collected is examined in the aggregate to improve the SDK and is maintained in accordance with Google's Privacy Policy located at http://www.google.com/policies/privacy/.

7. Third Party Applications

7.1 If you use the SDK to run applications developed by a third party or that access data, content or resources provided by a third party, you agree that Google is not responsible for those applications, data, content, or resources. You understand that all data, content or resources which you may access through such third party applications are the sole responsibility of the person from which they originated and that Google is not liable for any loss or damage that you may experience as a result of the use or access of any of those third party applications, data, content, or resources.

7.2 You should be aware the data, content, and resources presented to you through such a third party application may be protected by intellectual property rights which are owned by the providers (or by other persons or companies on their behalf). You may not modify, rent, lease, loan, sell, distribute or create derivative works based on these data, content, or resources (either in whole or in part) unless you have been specifically given permission to do so by the relevant owners.

7.3 You acknowledge that your use of such third party applications, data, content, or resources may be subject to separate terms between you and the relevant third party.

8. Using Google APIs

8.1 Google APIs

8.1.1 If you use any API to retrieve data from Google, you acknowledge that the data may be protected by intellectual property rights which are owned by Google or those parties that provide the data (or by other persons or companies on their behalf). Your use of any such API may be subject to additional Terms of Service. You may not modify, rent, lease, loan, sell, distribute or create derivative works based on this data (either in whole or in part) unless allowed by the relevant Terms of Service.

8.1.2 If you use any API to retrieve a user's data from Google, you acknowledge and agree that you shall retrieve data only with the user's explicit consent and only when, and for the limited purposes for which, the user has given you permission to do so.

9. Terminating the License Agreement

9.1 The License Agreement will continue to apply until terminated by either you or Google as set out below.

9.2 If you want to terminate the License Agreement, you may do so by ceasing your use of the SDK and any relevant developer credentials.

9.3 Google may at any time, terminate the License Agreement, with or without cause, upon notice to you.

9.4 The License Agreement will automatically terminate without notice or other action when Google ceases to provide the SDK or certain parts of the SDK to users in the country in which you are resident or from which you use the service.

9.5 When the License Agreement is terminated, the license granted to you in the License Agreement will terminate, you will immediately cease all use of the SDK, and the provisions of paragraphs 10, 11, 12 and 14 shall survive indefinitely.

10. DISCLAIMERS

10.1 YOU EXPRESSLY UNDERSTAND AND AGREE THAT YOUR USE OF THE SDK IS AT YOUR SOLE RISK AND THAT THE SDK IS PROVIDED "AS IS" AND "AS AVAILABLE" WITHOUT WARRANTY OF ANY KIND FROM GOOGLE.

10.2 YOUR USE OF THE SDK AND ANY MATERIAL DOWNLOADED OR OTHERWISE OBTAINED THROUGH THE USE OF THE SDK IS AT YOUR OWN DISCRETION AND RISK AND YOU ARE SOLELY RESPONSIBLE FOR ANY DAMAGE TO YOUR COMPUTER SYSTEM OR OTHER DEVICE OR LOSS OF DATA THAT RESULTS FROM SUCH USE. WITHOUT LIMITING THE FOREGOING, YOU UNDERSTAND THAT THE SDK MAY CONTAIN ERRORS, DEFECTS AND SECURITY VULNERABILITIES THAT CAN RESULT IN SIGNIFICANT DAMAGE, INCLUDING THE COMPLETE, IRRECOVERABLE LOSS OF USE OF YOUR COMPUTER SYSTEM OR OTHER DEVICE.

10.3 GOOGLE FURTHER EXPRESSLY DISCLAIMS ALL WARRANTIES AND CONDITIONS OF ANY KIND, WHETHER EXPRESS OR IMPLIED, INCLUDING, BUT NOT LIMITED TO THE IMPLIED WARRANTIES AND CONDITIONS OF MERCHANTABILITY, FITNESS FOR A PARTICULAR PURPOSE AND NON-INFRINGEMENT.

11. LIMITATION OF LIABILITY

11.1 YOU EXPRESSLY UNDERSTAND AND AGREE THAT GOOGLE, ITS SUBSIDIARIES AND AFFILIATES, AND ITS LICENSORS SHALL NOT BE LIABLE TO YOU UNDER ANY THEORY OF LIABILITY FOR ANY DIRECT, INDIRECT, INCIDENTAL, SPECIAL, CONSEQUENTIAL OR EXEMPLARY DAMAGES THAT MAY BE INCURRED BY YOU, INCLUDING ANY LOSS OF DATA, WHETHER OR NOT GOOGLE OR ITS REPRESENTATIVES HAVE BEEN ADVISED OF OR SHOULD HAVE BEEN AWARE OF THE POSSIBILITY OF ANY SUCH LOSSES ARISING.

12. Indemnification

12.1 To the maximum extent permitted by law, you agree to defend, indemnify and hold harmless Google, its affiliates and their respective directors, officers, employees and agents from and against any and all claims, actions, suits or proceedings, as well as any and all losses, liabilities, damages, costs and expenses (including reasonable attorneysâ€™ fees) arising out of or accruing from (a) your use of the SDK, (b) any application you develop on the SDK that infringes any Intellectual Property Rights of any person or defames any person or violates their rights of publicity or privacy, and (c) any non-compliance by you of the License Agreement.

13. Changes to the License Agreement

13.1 Google may make changes to the License Agreement as it distributes new versions of the SDK. When these changes are made, Google will make a new version of the License Agreement available on the website where the SDK is made available.

14. General Legal Terms

14.1 The License Agreement constitutes the whole legal agreement between you and Google and governs your use of the SDK (excluding any services which Google may provide to you under a separate written agreement), and completely replaces any prior agreements between you and Google in relation to the SDK.

14.2 You agree that if Google does not exercise or enforce any legal right or remedy which is contained in the License Agreement (or which Google has the benefit of under any applicable law), this will not be taken to be a formal waiver of Google's rights and that those rights or remedies will still be available to Google.

14.3 If any court of law, having the jurisdiction to decide on this matter, rules that any provision of the License Agreement is invalid, then that provision will be removed from the License Agreement without affecting the rest of the License Agreement. The remaining provisions of the License Agreement will continue to be valid and enforceable.

14.4 You acknowledge and agree that each member of the group of companies of which Google is the parent shall be third party beneficiaries to the License Agreement and that such other companies shall be entitled to directly enforce, and rely upon, any provision of the License Agreement that confers a benefit on (or rights in favor of) them. Other than this, no other person or company shall be third party beneficiaries to the License Agreement.

14.5 EXPORT RESTRICTIONS. THE SDK IS SUBJECT TO UNITED STATES EXPORT LAWS AND REGULATIONS. YOU MUST COMPLY WITH ALL DOMESTIC AND INTERNATIONAL EXPORT LAWS AND REGULATIONS THAT APPLY TO THE SDK. THESE LAWS INCLUDE RESTRICTIONS ON DESTINATIONS, END USERS AND END USE.

14.6 The License Agreement may not be assigned or transferred by you without the prior written approval of Google, and any attempted assignment without such approval will be void. You shall not delegate your responsibilities or obligations under the License Agreement without the prior written approval of Google.

14.7 The License Agreement, and your relationship with Google under the License Agreement, shall be governed by the laws of the State of California without regard to its conflict of laws provisions. You and Google agree to submit to the exclusive jurisdiction of the courts located within the county of Santa Clara, California to resolve any legal matter arising from the License Agreement. Notwithstanding this, you agree that Google shall still be allowed to apply for injunctive remedies (or an equivalent type of urgent legal relief) in any jurisdiction.

June 2014.
    
Do you accept the license 'android-sdk-license-5be876d5' [y/n]: y

Installing Archives:
  Preparing to install archives
  Downloading Android SDK Build-tools, revision 20
  Installing Android SDK Build-tools, revision 20
  Unzipping Android SDK Build-tools, revision 20 (2%)  Unzipping Android SDK Build-tools, revision 20 (4%)  Unzipping Android SDK Build-tools, revision 20 (5%)  Unzipping Android SDK Build-tools, revision 20 (6%)  Unzipping Android SDK Build-tools, revision 20 (7%)  Unzipping Android SDK Build-tools, revision 20 (8%)  Unzipping Android SDK Build-tools, revision 20 (9%)  Unzipping Android SDK Build-tools, revision 20 (10%)  Unzipping Android SDK Build-tools, revision 20 (11%)  Unzipping Android SDK Build-tools, revision 20 (12%)  Unzipping Android SDK Build-tools, revision 20 (13%)  Unzipping Android SDK Build-tools, revision 20 (18%)  Unzipping Android SDK Build-tools, revision 20 (20%)  Unzipping Android SDK Build-tools, revision 20 (21%)  Unzipping Android SDK Build-tools, revision 20 (22%)  Unzipping Android SDK Build-tools, revision 20 (26%)  Unzipping Android SDK Build-tools, revision 20 (54%)  Unzipping Android SDK Build-tools, revision 20 (60%)  Unzipping Android SDK Build-tools, revision 20 (62%)  Unzipping Android SDK Build-tools, revision 20 (99%)    Installed Android SDK Build-tools, revision 20
  Done. 1 package installed.
travis_time:end:141e3920:start=1452627947191214844,finish=1452627952791754197,duration=5600539353[0Ktravis_time:start:15376f17[0K$ android-update-sdk --components=android-17 --accept-licenses='android-sdk-license-5be876d5'
Installing android-17
spawn android update sdk --no-ui --all --filter android-17
Refresh Sources:
  Fetching https://dl-ssl.google.com/android/repository/addons_list-2.xml
  Validate XML
  Parse XML
  Fetched Add-ons List successfully
  Refresh Sources
  Fetching URL: https://dl-ssl.google.com/android/repository/repository-10.xml
  Validate XML: https://dl-ssl.google.com/android/repository/repository-10.xml
  Parse XML:    https://dl-ssl.google.com/android/repository/repository-10.xml
  Fetching URL: https://dl-ssl.google.com/android/repository/addon.xml
  Validate XML: https://dl-ssl.google.com/android/repository/addon.xml
  Parse XML:    https://dl-ssl.google.com/android/repository/addon.xml
  Fetching URL: https://dl-ssl.google.com/android/repository/addon-6.xml
  Validate XML: https://dl-ssl.google.com/android/repository/addon-6.xml
  Parse XML:    https://dl-ssl.google.com/android/repository/addon-6.xml
  Fetching URL: https://dl-ssl.google.com/glass/gdk/addon.xml
  Validate XML: https://dl-ssl.google.com/glass/gdk/addon.xml
  Parse XML:    https://dl-ssl.google.com/glass/gdk/addon.xml
  Fetching URL: https://dl-ssl.google.com/android/repository/extras/intel/addon.xml
  Validate XML: https://dl-ssl.google.com/android/repository/extras/intel/addon.xml
  Parse XML:    https://dl-ssl.google.com/android/repository/extras/intel/addon.xml
  Fetching URL: https://dl-ssl.google.com/android/repository/sys-img/android/sys-img.xml
  Validate XML: https://dl-ssl.google.com/android/repository/sys-img/android/sys-img.xml
  Parse XML:    https://dl-ssl.google.com/android/repository/sys-img/android/sys-img.xml
  Fetching URL: https://dl-ssl.google.com/android/repository/sys-img/android-wear/sys-img.xml
  Validate XML: https://dl-ssl.google.com/android/repository/sys-img/android-wear/sys-img.xml
  Parse XML:    https://dl-ssl.google.com/android/repository/sys-img/android-wear/sys-img.xml
  Fetching URL: https://dl-ssl.google.com/android/repository/sys-img/android-tv/sys-img.xml
  Validate XML: https://dl-ssl.google.com/android/repository/sys-img/android-tv/sys-img.xml
  Parse XML:    https://dl-ssl.google.com/android/repository/sys-img/android-tv/sys-img.xml
  Fetching URL: https://dl-ssl.google.com/android/repository/sys-img/google_apis/sys-img.xml
  Validate XML: https://dl-ssl.google.com/android/repository/sys-img/google_apis/sys-img.xml
  Parse XML:    https://dl-ssl.google.com/android/repository/sys-img/google_apis/sys-img.xml
  Fetching URL: https://dl-ssl.google.com/android/repository/sys-img/x86/addon-x86.xml
  Validate XML: https://dl-ssl.google.com/android/repository/sys-img/x86/addon-x86.xml
  Parse XML:    https://dl-ssl.google.com/android/repository/sys-img/x86/addon-x86.xml
-------------------------------
License id: android-sdk-license-5be876d5
Used by: 
 - SDK Platform Android 4.2.2, API 17, revision 3
-------------------------------

To get started with the Android SDK, you must agree to the following terms and conditions.

This is the Android SDK License Agreement (the "License Agreement").

1. Introduction

1.1 The Android SDK (referred to in the License Agreement as the "SDK" and specifically including the Android system files, packaged APIs, and SDK library files and tools , if and when they are made available) is licensed to you subject to the terms of the License Agreement. The License Agreement forms a legally binding contract between you and Google in relation to your use of the SDK.

1.2 "Android" means the Android software stack for devices, as made available under the Android Open Source Project, which is located at the following URL: http://source.android.com/, as updated from time to time.

1.3 "Google" means Google Inc., a Delaware corporation with principal place of business at 1600 Amphitheatre Parkway, Mountain View, CA 94043, United States.

2. Accepting the License Agreement

2.1 In order to use the SDK, you must first agree to the License Agreement. You may not use the SDK if you do not accept the License Agreement.

2.2 By clicking to accept and/or using the SDK, you hereby agree to the terms of the License Agreement.

2.3 You may not use the SDK and may not accept the License Agreement if you are a person barred from receiving the SDK under the laws of the United States or other countries including the country in which you are resident or from which you use the SDK.

2.4 If you will use the SDK internally within your company or organization you agree to be bound by the License Agreement on behalf of your employer or other entity, and you represent and warrant that you have full legal authority to bind your employer or such entity to the License Agreement. If you do not have the requisite authority, you may not accept the License Agreement or use the SDK on behalf of your employer or other entity.

3. SDK License from Google

3.1 Subject to the terms of the License Agreement, Google grants you a royalty-free, non-assignable, non-exclusive, non-sublicensable, limited, revocable license to use the SDK, personally or internally within your company or organization, solely to develop and distribute applications to run on the Android platform.

3.2 You agree that Google or third parties own all legal right, title and interest in and to the SDK, including any Intellectual Property Rights that subsist in the SDK. "Intellectual Property Rights" means any and all rights under patent law, copyright law, trade secret law, trademark law, and any and all other proprietary rights. Google reserves all rights not expressly granted to you.

3.3 You may not use the SDK for any purpose not expressly permitted by the License Agreement. Except to the extent required by applicable third party licenses, you may not: (a) copy (except for backup purposes), modify, adapt, redistribute, decompile, reverse engineer, disassemble, or create derivative works of the SDK or any part of the SDK; or (b) load any part of the SDK onto a mobile handset or any other hardware device except a personal computer, combine any part of the SDK with other software, or distribute any software or device incorporating a part of the SDK.

3.4 You agree that you will not take any actions that may cause or result in the fragmentation of Android, including but not limited to distributing, participating in the creation of, or promoting in any way a software development kit derived from the SDK.

3.5 Use, reproduction and distribution of components of the SDK licensed under an open source software license are governed solely by the terms of that open source software license and not the License Agreement. You agree to remain a licensee in good standing in regard to such open source software licenses under all the rights granted and to refrain from any actions that may terminate, suspend, or breach such rights.

3.6 You agree that the form and nature of the SDK that Google provides may change without prior notice to you and that future versions of the SDK may be incompatible with applications developed on previous versions of the SDK. You agree that Google may stop (permanently or temporarily) providing the SDK (or any features within the SDK) to you or to users generally at Google's sole discretion, without prior notice to you.

3.7 Nothing in the License Agreement gives you a right to use any of Google's trade names, trademarks, service marks, logos, domain names, or other distinctive brand features.

3.8 You agree that you will not remove, obscure, or alter any proprietary rights notices (including copyright and trademark notices) that may be affixed to or contained within the SDK.

4. Use of the SDK by You

4.1 Google agrees that nothing in the License Agreement gives Google any right, title or interest from you (or your licensors) under the License Agreement in or to any software applications that you develop using the SDK, including any intellectual property rights that subsist in those applications.

4.2 You agree to use the SDK and write applications only for purposes that are permitted by (a) the License Agreement, and (b) any applicable law, regulation or generally accepted practices or guidelines in the relevant jurisdictions (including any laws regarding the export of data or software to and from the United States or other relevant countries).

4.3 You agree that if you use the SDK to develop applications, you will protect the privacy and legal rights of users. If users provide you with user names, passwords, or other login information or personal information, you must make the users aware that the information will be available to your application, and you must provide legally adequate privacy notice and protection for those users. If your application stores personal or sensitive information provided by users, it must do so securely. If users provide you with Google Account information, your application may only use that information to access the user's Google Account when, and for the limited purposes for which, each user has given you permission to do so.

4.4 You agree that you will not engage in any activity with the SDK, including the development or distribution of an application, that interferes with, disrupts, damages, or accesses in an unauthorized manner the servers, networks, or other properties or services of Google or any third party.

4.5 You agree that you are solely responsible for (and that Google has no responsibility to you or to any third party for) any data, content, or resources that you create, transmit or display through Android and/or applications for Android, and for the consequences of your actions (including any loss or damage which Google may suffer) by doing so.

4.6 You agree that you are solely responsible for (and that Google has no responsibility to you or to any third party for) any breach of your obligations under the License Agreement, any applicable third party contract or Terms of Service, or any applicable law or regulation, and for the consequences (including any loss or damage which Google or any third party may suffer) of any such breach.

5. Your Developer Credentials

5.1 You agree that you are responsible for maintaining the confidentiality of any developer credentials that may be issued to you by Google or which you may choose yourself and that you will be solely responsible for all applications that are developed under your developer credentials.

6. Privacy and Information

6.1 In order to continually innovate and improve the SDK, Google may collect certain usage statistics from the software including but not limited to a unique identifier, associated IP address, version number of the software, and information on which tools and/or services in the SDK are being used and how they are being used. Before any of this information is collected, the SDK will notify you and seek your consent. If you withhold consent, the information will not be collected.

6.2 The data collected is examined in the aggregate to improve the SDK and is maintained in accordance with Google's Privacy Policy located at http://www.google.com/policies/privacy/.

7. Third Party Applications

7.1 If you use the SDK to run applications developed by a third party or that access data, content or resources provided by a third party, you agree that Google is not responsible for those applications, data, content, or resources. You understand that all data, content or resources which you may access through such third party applications are the sole responsibility of the person from which they originated and that Google is not liable for any loss or damage that you may experience as a result of the use or access of any of those third party applications, data, content, or resources.

7.2 You should be aware the data, content, and resources presented to you through such a third party application may be protected by intellectual property rights which are owned by the providers (or by other persons or companies on their behalf). You may not modify, rent, lease, loan, sell, distribute or create derivative works based on these data, content, or resources (either in whole or in part) unless you have been specifically given permission to do so by the relevant owners.

7.3 You acknowledge that your use of such third party applications, data, content, or resources may be subject to separate terms between you and the relevant third party.

8. Using Google APIs

8.1 Google APIs

8.1.1 If you use any API to retrieve data from Google, you acknowledge that the data may be protected by intellectual property rights which are owned by Google or those parties that provide the data (or by other persons or companies on their behalf). Your use of any such API may be subject to additional Terms of Service. You may not modify, rent, lease, loan, sell, distribute or create derivative works based on this data (either in whole or in part) unless allowed by the relevant Terms of Service.

8.1.2 If you use any API to retrieve a user's data from Google, you acknowledge and agree that you shall retrieve data only with the user's explicit consent and only when, and for the limited purposes for which, the user has given you permission to do so.

9. Terminating the License Agreement

9.1 The License Agreement will continue to apply until terminated by either you or Google as set out below.

9.2 If you want to terminate the License Agreement, you may do so by ceasing your use of the SDK and any relevant developer credentials.

9.3 Google may at any time, terminate the License Agreement, with or without cause, upon notice to you.

9.4 The License Agreement will automatically terminate without notice or other action when Google ceases to provide the SDK or certain parts of the SDK to users in the country in which you are resident or from which you use the service.

9.5 When the License Agreement is terminated, the license granted to you in the License Agreement will terminate, you will immediately cease all use of the SDK, and the provisions of paragraphs 10, 11, 12 and 14 shall survive indefinitely.

10. DISCLAIMERS

10.1 YOU EXPRESSLY UNDERSTAND AND AGREE THAT YOUR USE OF THE SDK IS AT YOUR SOLE RISK AND THAT THE SDK IS PROVIDED "AS IS" AND "AS AVAILABLE" WITHOUT WARRANTY OF ANY KIND FROM GOOGLE.

10.2 YOUR USE OF THE SDK AND ANY MATERIAL DOWNLOADED OR OTHERWISE OBTAINED THROUGH THE USE OF THE SDK IS AT YOUR OWN DISCRETION AND RISK AND YOU ARE SOLELY RESPONSIBLE FOR ANY DAMAGE TO YOUR COMPUTER SYSTEM OR OTHER DEVICE OR LOSS OF DATA THAT RESULTS FROM SUCH USE. WITHOUT LIMITING THE FOREGOING, YOU UNDERSTAND THAT THE SDK MAY CONTAIN ERRORS, DEFECTS AND SECURITY VULNERABILITIES THAT CAN RESULT IN SIGNIFICANT DAMAGE, INCLUDING THE COMPLETE, IRRECOVERABLE LOSS OF USE OF YOUR COMPUTER SYSTEM OR OTHER DEVICE.

10.3 GOOGLE FURTHER EXPRESSLY DISCLAIMS ALL WARRANTIES AND CONDITIONS OF ANY KIND, WHETHER EXPRESS OR IMPLIED, INCLUDING, BUT NOT LIMITED TO THE IMPLIED WARRANTIES AND CONDITIONS OF MERCHANTABILITY, FITNESS FOR A PARTICULAR PURPOSE AND NON-INFRINGEMENT.

11. LIMITATION OF LIABILITY

11.1 YOU EXPRESSLY UNDERSTAND AND AGREE THAT GOOGLE, ITS SUBSIDIARIES AND AFFILIATES, AND ITS LICENSORS SHALL NOT BE LIABLE TO YOU UNDER ANY THEORY OF LIABILITY FOR ANY DIRECT, INDIRECT, INCIDENTAL, SPECIAL, CONSEQUENTIAL OR EXEMPLARY DAMAGES THAT MAY BE INCURRED BY YOU, INCLUDING ANY LOSS OF DATA, WHETHER OR NOT GOOGLE OR ITS REPRESENTATIVES HAVE BEEN ADVISED OF OR SHOULD HAVE BEEN AWARE OF THE POSSIBILITY OF ANY SUCH LOSSES ARISING.

12. Indemnification

12.1 To the maximum extent permitted by law, you agree to defend, indemnify and hold harmless Google, its affiliates and their respective directors, officers, employees and agents from and against any and all claims, actions, suits or proceedings, as well as any and all losses, liabilities, damages, costs and expenses (including reasonable attorneysâ€™ fees) arising out of or accruing from (a) your use of the SDK, (b) any application you develop on the SDK that infringes any Intellectual Property Rights of any person or defames any person or violates their rights of publicity or privacy, and (c) any non-compliance by you of the License Agreement.

13. Changes to the License Agreement

13.1 Google may make changes to the License Agreement as it distributes new versions of the SDK. When these changes are made, Google will make a new version of the License Agreement available on the website where the SDK is made available.

14. General Legal Terms

14.1 The License Agreement constitutes the whole legal agreement between you and Google and governs your use of the SDK (excluding any services which Google may provide to you under a separate written agreement), and completely replaces any prior agreements between you and Google in relation to the SDK.

14.2 You agree that if Google does not exercise or enforce any legal right or remedy which is contained in the License Agreement (or which Google has the benefit of under any applicable law), this will not be taken to be a formal waiver of Google's rights and that those rights or remedies will still be available to Google.

14.3 If any court of law, having the jurisdiction to decide on this matter, rules that any provision of the License Agreement is invalid, then that provision will be removed from the License Agreement without affecting the rest of the License Agreement. The remaining provisions of the License Agreement will continue to be valid and enforceable.

14.4 You acknowledge and agree that each member of the group of companies of which Google is the parent shall be third party beneficiaries to the License Agreement and that such other companies shall be entitled to directly enforce, and rely upon, any provision of the License Agreement that confers a benefit on (or rights in favor of) them. Other than this, no other person or company shall be third party beneficiaries to the License Agreement.

14.5 EXPORT RESTRICTIONS. THE SDK IS SUBJECT TO UNITED STATES EXPORT LAWS AND REGULATIONS. YOU MUST COMPLY WITH ALL DOMESTIC AND INTERNATIONAL EXPORT LAWS AND REGULATIONS THAT APPLY TO THE SDK. THESE LAWS INCLUDE RESTRICTIONS ON DESTINATIONS, END USERS AND END USE.

14.6 The License Agreement may not be assigned or transferred by you without the prior written approval of Google, and any attempted assignment without such approval will be void. You shall not delegate your responsibilities or obligations under the License Agreement without the prior written approval of Google.

14.7 The License Agreement, and your relationship with Google under the License Agreement, shall be governed by the laws of the State of California without regard to its conflict of laws provisions. You and Google agree to submit to the exclusive jurisdiction of the courts located within the county of Santa Clara, California to resolve any legal matter arising from the License Agreement. Notwithstanding this, you agree that Google shall still be allowed to apply for injunctive remedies (or an equivalent type of urgent legal relief) in any jurisdiction.

June 2014.
    
Do you accept the license 'android-sdk-license-5be876d5' [y/n]: y

Installing Archives:
  Preparing to install archives
  Downloading SDK Platform Android 4.2.2, API 17, revision 3
  Installing SDK Platform Android 4.2.2, API 17, revision 3
  Unzipping SDK Platform Android 4.2.2, API 17, revision 3 (23%)  Unzipping SDK Platform Android 4.2.2, API 17, revision 3 (24%)  Unzipping SDK Platform Android 4.2.2, API 17, revision 3 (25%)  Unzipping SDK Platform Android 4.2.2, API 17, revision 3 (26%)  Unzipping SDK Platform Android 4.2.2, API 17, revision 3 (27%)  Unzipping SDK Platform Android 4.2.2, API 17, revision 3 (28%)  Unzipping SDK Platform Android 4.2.2, API 17, revision 3 (29%)  Unzipping SDK Platform Android 4.2.2, API 17, revision 3 (31%)  Unzipping SDK Platform Android 4.2.2, API 17, revision 3 (32%)  Unzipping SDK Platform Android 4.2.2, API 17, revision 3 (33%)  Unzipping SDK Platform Android 4.2.2, API 17, revision 3 (34%)  Unzipping SDK Platform Android 4.2.2, API 17, revision 3 (35%)  Unzipping SDK Platform Android 4.2.2, API 17, revision 3 (36%)  Unzipping SDK Platform Android 4.2.2, API 17, revision 3 (37%)  Unzipping SDK Platform Android 4.2.2, API 17, revision 3 (38%)  Unzipping SDK Platform Android 4.2.2, API 17, revision 3 (39%)  Unzipping SDK Platform Android 4.2.2, API 17, revision 3 (40%)  Unzipping SDK Platform Android 4.2.2, API 17, revision 3 (41%)  Unzipping SDK Platform Android 4.2.2, API 17, revision 3 (42%)  Unzipping SDK Platform Android 4.2.2, API 17, revision 3 (43%)  Unzipping SDK Platform Android 4.2.2, API 17, revision 3 (44%)  Unzipping SDK Platform Android 4.2.2, API 17, revision 3 (45%)  Unzipping SDK Platform Android 4.2.2, API 17, revision 3 (46%)  Unzipping SDK Platform Android 4.2.2, API 17, revision 3 (47%)  Unzipping SDK Platform Android 4.2.2, API 17, revision 3 (48%)  Unzipping SDK Platform Android 4.2.2, API 17, revision 3 (63%)  Unzipping SDK Platform Android 4.2.2, API 17, revision 3 (77%)  Unzipping SDK Platform Android 4.2.2, API 17, revision 3 (78%)  Unzipping SDK Platform Android 4.2.2, API 17, revision 3 (81%)  Unzipping SDK Platform Android 4.2.2, API 17, revision 3 (82%)  Unzipping SDK Platform Android 4.2.2, API 17, revision 3 (84%)  Unzipping SDK Platform Android 4.2.2, API 17, revision 3 (85%)  Unzipping SDK Platform Android 4.2.2, API 17, revision 3 (86%)  Unzipping SDK Platform Android 4.2.2, API 17, revision 3 (89%)  Unzipping SDK Platform Android 4.2.2, API 17, revision 3 (93%)  Unzipping SDK Platform Android 4.2.2, API 17, revision 3 (97%)    Installed SDK Platform Android 4.2.2, API 17, revision 3
  Done. 1 package installed.
travis_time:end:15376f17:start=1452627952797219374,finish=1452627960610033027,duration=7812813653[0Ktravis_fold:end:android.install[0K$ java -Xmx32m -version
java version "1.7.0_76"
Java(TM) SE Runtime Environment (build 1.7.0_76-b13)
Java HotSpot(TM) 64-Bit Server VM (build 24.76-b04, mixed mode)
$ javac -J-Xmx32m -version
javac 1.7.0_76
travis_time:start:02b917f0[0K$ mvn install -B
[INFO] Scanning for projects...
[INFO] Downloading: https://oss.sonatype.org/content/repositories/snapshots/com/squareup/picasso/picasso/2.5.3-SNAPSHOT/maven-metadata.xml
[INFO] Downloading: https://repository.apache.org/snapshots/com/squareup/picasso/picasso/2.5.3-SNAPSHOT/maven-metadata.xml
[INFO] Downloaded: https://oss.sonatype.org/content/repositories/snapshots/com/squareup/picasso/picasso/2.5.3-SNAPSHOT/maven-metadata.xml (2 KB at 2.3 KB/sec)
[INFO] Downloading: https://oss.sonatype.org/content/repositories/snapshots/com/squareup/picasso/picasso/2.5.3-SNAPSHOT/picasso-2.5.3-20160105.225417-17.jar
[INFO] Downloaded: https://oss.sonatype.org/content/repositories/snapshots/com/squareup/picasso/picasso/2.5.3-SNAPSHOT/picasso-2.5.3-20160105.225417-17.jar (123 KB at 1071.3 KB/sec)
[INFO] ------------------------------------------------------------------------
[INFO] Reactor Build Order:
[INFO] 
[INFO] Picasso (Parent)
[INFO] Picasso
[INFO] Picasso Pollexor Transformer
[INFO] Picasso Sample
[INFO]                                                                         
[INFO] ------------------------------------------------------------------------
[INFO] Building Picasso (Parent) 2.5.3-SNAPSHOT
[INFO] ------------------------------------------------------------------------
[INFO] 
[INFO] --- maven-enforcer-plugin:1.0:enforce (enforce-maven) @ picasso-parent ---
[INFO] 
[INFO] --- maven-checkstyle-plugin:2.10:checkstyle (default) @ picasso-parent ---
[INFO] 
[INFO] --- maven-install-plugin:2.4:install (default-install) @ picasso-parent ---
[INFO] Installing /home/travis/build/square/picasso/pom.xml to /home/travis/.m2/repository/com/squareup/picasso/picasso-parent/2.5.3-SNAPSHOT/picasso-parent-2.5.3-SNAPSHOT.pom
[INFO]                                                                         
[INFO] ------------------------------------------------------------------------
[INFO] Building Picasso 2.5.3-SNAPSHOT
[INFO] ------------------------------------------------------------------------
[INFO] 
[INFO] --- maven-enforcer-plugin:1.0:enforce (enforce-maven) @ picasso ---
[INFO] 
[INFO] --- maven-resources-plugin:2.6:resources (default-resources) @ picasso ---
[INFO] Using 'UTF-8' encoding to copy filtered resources.
[INFO] skip non existing resourceDirectory /home/travis/build/square/picasso/picasso/src/main/resources
[INFO] 
[INFO] --- maven-compiler-plugin:3.0:compile (default-compile) @ picasso ---
[INFO] Changes detected - recompiling the module!
[INFO] Compiling 37 source files to /home/travis/build/square/picasso/picasso/target/classes
[WARNING] /home/travis/build/square/picasso/picasso/src/main/java/com/squareup/picasso/NetworkRequestHandler.java: /home/travis/build/square/picasso/picasso/src/main/java/com/squareup/picasso/NetworkRequestHandler.java uses or overrides a deprecated API.
[WARNING] /home/travis/build/square/picasso/picasso/src/main/java/com/squareup/picasso/NetworkRequestHandler.java: Recompile with -Xlint:deprecation for details.
[INFO] 
[INFO] --- maven-resources-plugin:2.6:testResources (default-testResources) @ picasso ---
[INFO] Using 'UTF-8' encoding to copy filtered resources.
[INFO] skip non existing resourceDirectory /home/travis/build/square/picasso/picasso/src/test/resources
[INFO] 
[INFO] --- maven-compiler-plugin:3.0:testCompile (default-testCompile) @ picasso ---
[INFO] Changes detected - recompiling the module!
[INFO] Compiling 23 source files to /home/travis/build/square/picasso/picasso/target/test-classes
[WARNING] /home/travis/build/square/picasso/picasso/src/test/java/com/squareup/picasso/NetworkRequestHandlerTest.java: Some input files use or override a deprecated API.
[WARNING] /home/travis/build/square/picasso/picasso/src/test/java/com/squareup/picasso/NetworkRequestHandlerTest.java: Recompile with -Xlint:deprecation for details.
[INFO] 
[INFO] --- maven-surefire-plugin:2.12.4:test (default-test) @ picasso ---
[INFO] Surefire report directory: /home/travis/build/square/picasso/picasso/target/surefire-reports

-------------------------------------------------------
 T E S T S
-------------------------------------------------------
Running com.squareup.picasso.NetworkRequestHandlerTest
WARNING: no system properties value for ro.build.date.utc
Tests run: 11, Failures: 0, Errors: 0, Skipped: 0, Time elapsed: 3.695 sec
Running com.squareup.picasso.RequestCreatorTest
DEBUG: Loading resources for android from jar:/home/travis/.m2/repository/org/robolectric/android-res/4.1.2_r1_rc/android-res-4.1.2_r1_rc-real.jar!/res...
Tests run: 83, Failures: 0, Errors: 0, Skipped: 0, Time elapsed: 3.65 sec
Running com.squareup.picasso.PicassoTest
Tests run: 50, Failures: 0, Errors: 0, Skipped: 0, Time elapsed: 1.188 sec
Running com.squareup.picasso.LruCacheTest
Tests run: 10, Failures: 0, Errors: 0, Skipped: 0, Time elapsed: 0.034 sec
Running com.squareup.picasso.MemoryPolicyTest
Tests run: 4, Failures: 0, Errors: 0, Skipped: 0, Time elapsed: 0.01 sec
Running com.squareup.picasso.TargetActionTest
Tests run: 5, Failures: 0, Errors: 0, Skipped: 0, Time elapsed: 0.042 sec
Running com.squareup.picasso.DispatcherTest
Exception in thread "Picasso-Dispatcher" java.lang.NullPointerException
	at org.robolectric.shadows.ShadowLooper.getMainLooper(ShadowLooper.java:59)
	at org.robolectric.shadows.ShadowLooper.doLoop(ShadowLooper.java:76)
	at org.robolectric.shadows.ShadowLooper.loop(ShadowLooper.java:64)
	at android.os.Looper.loop(Looper.java)
	at org.robolectric.shadows.ShadowHandlerThread.run(ShadowHandlerThread.java:34)
	at android.os.HandlerThread.run(HandlerThread.java)
Tests run: 51, Failures: 0, Errors: 0, Skipped: 0, Time elapsed: 0.798 sec
Running com.squareup.picasso.RequestHandlerTest
Exception in thread "Picasso-Dispatcher" java.lang.NullPointerException
	at org.robolectric.shadows.ShadowLooper.getMainLooper(ShadowLooper.java:59)
	at org.robolectric.shadows.ShadowLooper.doLoop(ShadowLooper.java:76)
	at org.robolectric.shadows.ShadowLooper.loop(ShadowLooper.java:64)
	at android.os.Looper.loop(Looper.java)
	at org.robolectric.shadows.ShadowHandlerThread.run(ShadowHandlerThread.java:34)
	at android.os.HandlerThread.run(HandlerThread.java)
Tests run: 11, Failures: 0, Errors: 0, Skipped: 0, Time elapsed: 0.044 sec
Running com.squareup.picasso.UtilsTest
Tests run: 8, Failures: 0, Errors: 0, Skipped: 0, Time elapsed: 0.069 sec
Running com.squareup.picasso.DeferredRequestCreatorTest
Tests run: 10, Failures: 0, Errors: 0, Skipped: 0, Time elapsed: 0.053 sec
Running com.squareup.picasso.MediaStoreRequestHandlerTest
Tests run: 5, Failures: 0, Errors: 0, Skipped: 0, Time elapsed: 0.054 sec
Running com.squareup.picasso.OkHttp3DownloaderTest
Jan 12, 2016 7:46:21 PM okhttp3.mockwebserver.MockWebServer$3 execute
INFO: MockWebServer[53369] starting to accept connections
Jan 12, 2016 7:46:21 PM okhttp3.mockwebserver.MockWebServer$4 processOneRequest
INFO: MockWebServer[53369] received request: GET / HTTP/1.1 and responded: HTTP/1.1 200 OK
Jan 12, 2016 7:46:21 PM okhttp3.mockwebserver.MockWebServer$3 acceptConnections
INFO: MockWebServer[53369] done accepting connections: Socket closed
Jan 12, 2016 7:46:21 PM okhttp3.mockwebserver.MockWebServer$3 execute
INFO: MockWebServer[54492] starting to accept connections
Jan 12, 2016 7:46:21 PM okhttp3.mockwebserver.MockWebServer$4 processOneRequest
INFO: MockWebServer[54492] received request: GET / HTTP/1.1 and responded: HTTP/1.1 200 OK
Jan 12, 2016 7:46:21 PM okhttp3.mockwebserver.MockWebServer$3 acceptConnections
INFO: MockWebServer[54492] done accepting connections: Socket closed
Jan 12, 2016 7:46:21 PM okhttp3.mockwebserver.MockWebServer$4 processOneRequest
INFO: MockWebServer[54492] received request: GET / HTTP/1.1 and responded: HTTP/1.1 200 OK
Jan 12, 2016 7:46:21 PM okhttp3.mockwebserver.MockWebServer$3 execute
INFO: MockWebServer[39177] starting to accept connections
Jan 12, 2016 7:46:21 PM okhttp3.mockwebserver.MockWebServer$4 processOneRequest
INFO: MockWebServer[39177] received request: GET / HTTP/1.1 and responded: HTTP/1.1 200 OK
Jan 12, 2016 7:46:21 PM okhttp3.mockwebserver.MockWebServer$3 acceptConnections
INFO: MockWebServer[39177] done accepting connections: Socket closed
Jan 12, 2016 7:46:21 PM okhttp3.mockwebserver.MockWebServer$3 execute
INFO: MockWebServer[51760] starting to accept connections
Jan 12, 2016 7:46:21 PM okhttp3.mockwebserver.MockWebServer$4 processOneRequest
INFO: MockWebServer[51760] received request: GET / HTTP/1.1 and responded: HTTP/1.1 200 OK
Jan 12, 2016 7:46:21 PM okhttp3.mockwebserver.MockWebServer$3 acceptConnections
INFO: MockWebServer[51760] done accepting connections: Socket closed
Jan 12, 2016 7:46:21 PM okhttp3.mockwebserver.MockWebServer$3 execute
INFO: MockWebServer[40159] starting to accept connections
Jan 12, 2016 7:46:21 PM okhttp3.mockwebserver.MockWebServer$3 acceptConnections
INFO: MockWebServer[40159] done accepting connections: Socket closed
Jan 12, 2016 7:46:21 PM okhttp3.mockwebserver.MockWebServer$4 processOneRequest
INFO: MockWebServer[40159] received request: GET / HTTP/1.1 and responded: HTTP/1.1 401 Not Authorized
Jan 12, 2016 7:46:21 PM okhttp3.mockwebserver.MockWebServer$3 execute
INFO: MockWebServer[39929] starting to accept connections
Jan 12, 2016 7:46:21 PM okhttp3.mockwebserver.MockWebServer$3 acceptConnections
INFO: MockWebServer[39929] done accepting connections: Socket closed
Jan 12, 2016 7:46:21 PM okhttp3.mockwebserver.MockWebServer$3 execute
INFO: MockWebServer[49906] starting to accept connections
Jan 12, 2016 7:46:21 PM okhttp3.mockwebserver.MockWebServer$4 processOneRequest
INFO: MockWebServer[49906] received request: GET / HTTP/1.1 and responded: HTTP/1.1 200 OK
Jan 12, 2016 7:46:21 PM okhttp3.mockwebserver.MockWebServer$3 acceptConnections
INFO: MockWebServer[49906] done accepting connections: Socket closed
Tests run: 7, Failures: 0, Errors: 0, Skipped: 0, Time elapsed: 0.478 sec
Running com.squareup.picasso.OkHttpDownloaderTest
Jan 12, 2016 7:46:21 PM okhttp3.mockwebserver.MockWebServer$3 execute
INFO: MockWebServer[40837] starting to accept connections
Jan 12, 2016 7:46:21 PM okhttp3.mockwebserver.MockWebServer$4 processOneRequest
INFO: MockWebServer[40837] received request: GET / HTTP/1.1 and responded: HTTP/1.1 200 OK
Jan 12, 2016 7:46:21 PM okhttp3.mockwebserver.MockWebServer$3 acceptConnections
INFO: MockWebServer[40837] done accepting connections: Socket closed
Jan 12, 2016 7:46:21 PM okhttp3.mockwebserver.MockWebServer$3 execute
INFO: MockWebServer[56602] starting to accept connections
Jan 12, 2016 7:46:21 PM okhttp3.mockwebserver.MockWebServer$4 processOneRequest
INFO: MockWebServer[56602] received request: GET / HTTP/1.1 and responded: HTTP/1.1 200 OK
Jan 12, 2016 7:46:21 PM okhttp3.mockwebserver.MockWebServer$3 acceptConnections
INFO: MockWebServer[56602] done accepting connections: Socket closed
Jan 12, 2016 7:46:21 PM okhttp3.mockwebserver.MockWebServer$4 processOneRequest
INFO: MockWebServer[56602] received request: GET / HTTP/1.1 and responded: HTTP/1.1 200 OK
Jan 12, 2016 7:46:21 PM okhttp3.mockwebserver.MockWebServer$3 execute
INFO: MockWebServer[46346] starting to accept connections
Jan 12, 2016 7:46:21 PM okhttp3.mockwebserver.MockWebServer$3 acceptConnections
INFO: MockWebServer[46346] done accepting connections: Socket closed
Jan 12, 2016 7:46:21 PM okhttp3.mockwebserver.MockWebServer$4 processOneRequest
INFO: MockWebServer[46346] received request: GET / HTTP/1.1 and responded: HTTP/1.1 200 OK
Jan 12, 2016 7:46:21 PM okhttp3.mockwebserver.MockWebServer$3 execute
INFO: MockWebServer[54755] starting to accept connections
Jan 12, 2016 7:46:21 PM okhttp3.mockwebserver.MockWebServer$4 processOneRequest
INFO: MockWebServer[54755] received request: GET / HTTP/1.1 and responded: HTTP/1.1 200 OK
Jan 12, 2016 7:46:21 PM okhttp3.mockwebserver.MockWebServer$3 acceptConnections
INFO: MockWebServer[54755] done accepting connections: Socket closed
Jan 12, 2016 7:46:21 PM okhttp3.mockwebserver.MockWebServer$3 execute
INFO: MockWebServer[44188] starting to accept connections
Jan 12, 2016 7:46:21 PM okhttp3.mockwebserver.MockWebServer$3 acceptConnections
INFO: MockWebServer[44188] done accepting connections: Socket closed
Jan 12, 2016 7:46:21 PM okhttp3.mockwebserver.MockWebServer$4 processOneRequest
INFO: MockWebServer[44188] received request: GET / HTTP/1.1 and responded: HTTP/1.1 401 Not Authorized
Jan 12, 2016 7:46:21 PM okhttp3.mockwebserver.MockWebServer$3 execute
INFO: MockWebServer[58461] starting to accept connections
Jan 12, 2016 7:46:21 PM okhttp3.mockwebserver.MockWebServer$3 acceptConnections
INFO: MockWebServer[58461] done accepting connections: Socket is closed
Jan 12, 2016 7:46:21 PM okhttp3.mockwebserver.MockWebServer$3 execute
INFO: MockWebServer[53282] starting to accept connections
Jan 12, 2016 7:46:21 PM okhttp3.mockwebserver.MockWebServer$4 processOneRequest
INFO: MockWebServer[53282] received request: GET / HTTP/1.1 and responded: HTTP/1.1 200 OK
Jan 12, 2016 7:46:21 PM okhttp3.mockwebserver.MockWebServer$3 acceptConnections
INFO: MockWebServer[53282] done accepting connections: Socket closed
Tests run: 7, Failures: 0, Errors: 0, Skipped: 0, Time elapsed: 0.25 sec
Running com.squareup.picasso.MarkableInputStreamTest
Tests run: 1, Failures: 0, Errors: 0, Skipped: 0, Time elapsed: 0.003 sec
Running com.squareup.picasso.BitmapHunterTest
Tests run: 71, Failures: 0, Errors: 0, Skipped: 0, Time elapsed: 0.403 sec
Running com.squareup.picasso.AssetRequestHandlerTest
Tests run: 1, Failures: 0, Errors: 0, Skipped: 0, Time elapsed: 0.003 sec
Running com.squareup.picasso.RemoteViewsActionTest
Tests run: 3, Failures: 0, Errors: 0, Skipped: 0, Time elapsed: 0.011 sec
Running com.squareup.picasso.UrlConnectionDownloaderTest
Jan 12, 2016 7:46:22 PM okhttp3.mockwebserver.MockWebServer$3 execute
INFO: MockWebServer[41302] starting to accept connections
Jan 12, 2016 7:46:22 PM okhttp3.mockwebserver.MockWebServer$4 processOneRequest
INFO: MockWebServer[41302] received request: GET /bees.gif HTTP/1.1 and responded: HTTP/1.1 200 OK
Jan 12, 2016 7:46:22 PM okhttp3.mockwebserver.MockWebServer$3 acceptConnections
INFO: MockWebServer[41302] done accepting connections: Socket closed
Jan 12, 2016 7:46:22 PM okhttp3.mockwebserver.MockWebServer$3 execute
INFO: MockWebServer[48081] starting to accept connections
Jan 12, 2016 7:46:22 PM okhttp3.mockwebserver.MockWebServer$4 processOneRequest
INFO: MockWebServer[48081] received request: GET /bees.gif HTTP/1.1 and responded: HTTP/1.1 200 OK
Jan 12, 2016 7:46:22 PM okhttp3.mockwebserver.MockWebServer$3 acceptConnections
INFO: MockWebServer[48081] done accepting connections: Socket closed
Jan 12, 2016 7:46:22 PM okhttp3.mockwebserver.MockWebServer$3 execute
INFO: MockWebServer[42606] starting to accept connections
Jan 12, 2016 7:46:22 PM okhttp3.mockwebserver.MockWebServer$4 processOneRequest
INFO: MockWebServer[42606] received request: GET /bees.gif HTTP/1.1 and responded: HTTP/1.1 200 OK
Jan 12, 2016 7:46:22 PM okhttp3.mockwebserver.MockWebServer$3 acceptConnections
INFO: MockWebServer[42606] done accepting connections: Socket closed
Jan 12, 2016 7:46:22 PM okhttp3.mockwebserver.MockWebServer$3 execute
INFO: MockWebServer[32987] starting to accept connections
Jan 12, 2016 7:46:22 PM okhttp3.mockwebserver.MockWebServer$3 acceptConnections
INFO: MockWebServer[32987] done accepting connections: Socket closed
Jan 12, 2016 7:46:22 PM okhttp3.mockwebserver.MockWebServer$4 processOneRequest
INFO: MockWebServer[32987] received request: GET /bees.gif HTTP/1.1 and responded: HTTP/1.1 401 Not Authorized
Jan 12, 2016 7:46:22 PM okhttp3.mockwebserver.MockWebServer$3 execute
INFO: MockWebServer[52879] starting to accept connections
Jan 12, 2016 7:46:22 PM okhttp3.mockwebserver.MockWebServer$3 acceptConnections
INFO: MockWebServer[52879] done accepting connections: Socket is closed
Jan 12, 2016 7:46:22 PM okhttp3.mockwebserver.MockWebServer$3 execute
INFO: MockWebServer[33293] starting to accept connections
Jan 12, 2016 7:46:22 PM okhttp3.mockwebserver.MockWebServer$4 processOneRequest
INFO: MockWebServer[33293] received request: GET /bees.gif HTTP/1.1 and responded: HTTP/1.1 200 OK
Jan 12, 2016 7:46:22 PM okhttp3.mockwebserver.MockWebServer$3 acceptConnections
INFO: MockWebServer[33293] done accepting connections: Socket closed
Jan 12, 2016 7:46:22 PM okhttp3.mockwebserver.MockWebServer$4 processOneRequest
INFO: MockWebServer[33293] received request: GET /bees.gif HTTP/1.1 and responded: HTTP/1.1 200 OK
Jan 12, 2016 7:46:22 PM okhttp3.mockwebserver.MockWebServer$3 execute
INFO: MockWebServer[34543] starting to accept connections
Jan 12, 2016 7:46:22 PM okhttp3.mockwebserver.MockWebServer$3 acceptConnections
INFO: MockWebServer[34543] done accepting connections: Socket closed
Jan 12, 2016 7:46:22 PM okhttp3.mockwebserver.MockWebServer$4 processOneRequest
INFO: MockWebServer[34543] received request: GET /bees.gif HTTP/1.1 and responded: HTTP/1.1 200 OK
Jan 12, 2016 7:46:22 PM okhttp3.mockwebserver.MockWebServer$3 execute
INFO: MockWebServer[48282] starting to accept connections
Jan 12, 2016 7:46:22 PM okhttp3.mockwebserver.MockWebServer$4 processOneRequest
INFO: MockWebServer[48282] received request: GET /bees.gif HTTP/1.1 and responded: HTTP/1.1 200 OK
Jan 12, 2016 7:46:22 PM okhttp3.mockwebserver.MockWebServer$3 acceptConnections
INFO: MockWebServer[48282] done accepting connections: Socket closed
Jan 12, 2016 7:46:22 PM okhttp3.mockwebserver.MockWebServer$4 processOneRequest
INFO: MockWebServer[48282] received request: GET /bees.gif HTTP/1.1 and responded: HTTP/1.1 200 OK
Jan 12, 2016 7:46:22 PM okhttp3.mockwebserver.MockWebServer$3 execute
INFO: MockWebServer[40663] starting to accept connections
Jan 12, 2016 7:46:22 PM okhttp3.mockwebserver.MockWebServer$4 processOneRequest
INFO: MockWebServer[40663] received request: GET /bees.gif HTTP/1.1 and responded: HTTP/1.1 200 OK
Jan 12, 2016 7:46:22 PM okhttp3.mockwebserver.MockWebServer$3 acceptConnections
INFO: MockWebServer[40663] done accepting connections: Socket closed
Jan 12, 2016 7:46:22 PM okhttp3.mockwebserver.MockWebServer$4 processOneRequest
INFO: MockWebServer[40663] received request: GET /bees.gif HTTP/1.1 and responded: HTTP/1.1 200 OK
Jan 12, 2016 7:46:22 PM okhttp3.mockwebserver.MockWebServer$3 execute
INFO: MockWebServer[47196] starting to accept connections
Jan 12, 2016 7:46:22 PM okhttp3.mockwebserver.MockWebServer$3 acceptConnections
INFO: MockWebServer[47196] done accepting connections: Socket closed
Jan 12, 2016 7:46:22 PM okhttp3.mockwebserver.MockWebServer$4 processOneRequest
INFO: MockWebServer[47196] received request: GET /bees.gif HTTP/1.1 and responded: HTTP/1.1 200 OK
Tests run: 10, Failures: 0, Errors: 0, Skipped: 0, Time elapsed: 0.456 sec
Running com.squareup.picasso.PicassoDrawableTest
Tests run: 3, Failures: 0, Errors: 0, Skipped: 0, Time elapsed: 0.008 sec
Running com.squareup.picasso.ImageViewActionTest
Tests run: 9, Failures: 0, Errors: 0, Skipped: 0, Time elapsed: 0.097 sec

Results :

Tests run: 360, Failures: 0, Errors: 0, Skipped: 0

[INFO] 
[INFO] --- maven-jar-plugin:2.4:jar (default-jar) @ picasso ---
[INFO] Building jar: /home/travis/build/square/picasso/picasso/target/picasso-2.5.3-SNAPSHOT.jar
[INFO] 
[INFO] --- maven-checkstyle-plugin:2.10:checkstyle (default) @ picasso ---
[INFO] Starting audit...
Audit done.

[WARNING] Unable to locate Source XRef to link to - DISABLED
[INFO] 
[INFO] --- maven-install-plugin:2.4:install (default-install) @ picasso ---
[INFO] Installing /home/travis/build/square/picasso/picasso/target/picasso-2.5.3-SNAPSHOT.jar to /home/travis/.m2/repository/com/squareup/picasso/picasso/2.5.3-SNAPSHOT/picasso-2.5.3-SNAPSHOT.jar
[INFO] Installing /home/travis/build/square/picasso/picasso/pom.xml to /home/travis/.m2/repository/com/squareup/picasso/picasso/2.5.3-SNAPSHOT/picasso-2.5.3-SNAPSHOT.pom
[INFO]                                                                         
[INFO] ------------------------------------------------------------------------
[INFO] Building Picasso Pollexor Transformer 2.5.3-SNAPSHOT
[INFO] ------------------------------------------------------------------------
[INFO] 
[INFO] --- maven-enforcer-plugin:1.0:enforce (enforce-maven) @ picasso-pollexor ---
[INFO] 
[INFO] --- maven-resources-plugin:2.6:resources (default-resources) @ picasso-pollexor ---
[INFO] Using 'UTF-8' encoding to copy filtered resources.
[INFO] skip non existing resourceDirectory /home/travis/build/square/picasso/picasso-pollexor/src/main/resources
[INFO] 
[INFO] --- maven-compiler-plugin:3.0:compile (default-compile) @ picasso-pollexor ---
[INFO] Changes detected - recompiling the module!
[INFO] Compiling 1 source file to /home/travis/build/square/picasso/picasso-pollexor/target/classes
[INFO] 
[INFO] --- maven-resources-plugin:2.6:testResources (default-testResources) @ picasso-pollexor ---
[INFO] Using 'UTF-8' encoding to copy filtered resources.
[INFO] skip non existing resourceDirectory /home/travis/build/square/picasso/picasso-pollexor/src/test/resources
[INFO] 
[INFO] --- maven-compiler-plugin:3.0:testCompile (default-testCompile) @ picasso-pollexor ---
[INFO] Changes detected - recompiling the module!
[INFO] Compiling 1 source file to /home/travis/build/square/picasso/picasso-pollexor/target/test-classes
[WARNING] /home/travis/build/square/picasso/picasso-pollexor/src/test/java/com/squareup/picasso/pollexor/PollexorRequestTransformerTest.java: /home/travis/build/square/picasso/picasso-pollexor/src/test/java/com/squareup/picasso/pollexor/PollexorRequestTransformerTest.java uses or overrides a deprecated API.
[WARNING] /home/travis/build/square/picasso/picasso-pollexor/src/test/java/com/squareup/picasso/pollexor/PollexorRequestTransformerTest.java: Recompile with -Xlint:deprecation for details.
[INFO] 
[INFO] --- maven-surefire-plugin:2.12.4:test (default-test) @ picasso-pollexor ---
[INFO] Surefire report directory: /home/travis/build/square/picasso/picasso-pollexor/target/surefire-reports

-------------------------------------------------------
 T E S T S
-------------------------------------------------------
Running com.squareup.picasso.pollexor.PollexorRequestTransformerTest
WARNING: no system properties value for ro.build.date.utc
Tests run: 8, Failures: 0, Errors: 0, Skipped: 0, Time elapsed: 3.267 sec

Results :

Tests run: 8, Failures: 0, Errors: 0, Skipped: 0

[INFO] 
[INFO] --- maven-jar-plugin:2.4:jar (default-jar) @ picasso-pollexor ---
[INFO] Building jar: /home/travis/build/square/picasso/picasso-pollexor/target/picasso-pollexor-2.5.3-SNAPSHOT.jar
[INFO] 
[INFO] --- maven-checkstyle-plugin:2.10:checkstyle (default) @ picasso-pollexor ---
[INFO] Starting audit...
Audit done.

[WARNING] Unable to locate Source XRef to link to - DISABLED
[INFO] 
[INFO] --- maven-install-plugin:2.4:install (default-install) @ picasso-pollexor ---
[INFO] Installing /home/travis/build/square/picasso/picasso-pollexor/target/picasso-pollexor-2.5.3-SNAPSHOT.jar to /home/travis/.m2/repository/com/squareup/picasso/picasso-pollexor/2.5.3-SNAPSHOT/picasso-pollexor-2.5.3-SNAPSHOT.jar
[INFO] Installing /home/travis/build/square/picasso/picasso-pollexor/pom.xml to /home/travis/.m2/repository/com/squareup/picasso/picasso-pollexor/2.5.3-SNAPSHOT/picasso-pollexor-2.5.3-SNAPSHOT.pom
[INFO]                                                                         
[INFO] ------------------------------------------------------------------------
[INFO] Building Picasso Sample 2.5.3-SNAPSHOT
[INFO] ------------------------------------------------------------------------
[INFO] 
[INFO] --- maven-enforcer-plugin:1.0:enforce (enforce-maven) @ picasso-sample ---
[INFO] 
[INFO] --- android-maven-plugin:4.1.1:generate-sources (default-generate-sources) @ picasso-sample ---
[INFO] Manifest copied from /home/travis/build/square/picasso/picasso-sample/src/main/AndroidManifest.xml to /home/travis/build/square/picasso/picasso-sample/target/AndroidManifest.xml
[INFO] Extracting libs
[INFO] Generating R file for com.squareup.picasso:picasso-sample:apk:2.5.3-SNAPSHOT
[INFO] Adding R gen folder to compile classpath: /home/travis/build/square/picasso/picasso-sample/target/generated-sources/r
[INFO] Adding AIDL gen folder to compile classpath: /home/travis/build/square/picasso/picasso-sample/target/generated-sources/aidl
[INFO] 
[INFO] --- maven-resources-plugin:2.7:resources (default-resources) @ picasso-sample ---
[INFO] Using 'UTF-8' encoding to copy filtered resources.
[INFO] skip non existing resourceDirectory /home/travis/build/square/picasso/picasso-sample/src/main/resources
[INFO] 
[INFO] --- maven-compiler-plugin:3.0:compile (default-compile) @ picasso-sample ---
[INFO] Changes detected - recompiling the module!
[INFO] Compiling 16 source files to /home/travis/build/square/picasso/picasso-sample/target/classes
[INFO] 
[INFO] --- android-maven-plugin:4.1.1:emma (default-emma) @ picasso-sample ---
[INFO] 
[INFO] --- android-maven-plugin:4.1.1:proguard (default-proguard) @ picasso-sample ---
[INFO] 
[INFO] --- maven-resources-plugin:2.7:testResources (default-testResources) @ picasso-sample ---
[INFO] Using 'UTF-8' encoding to copy filtered resources.
[INFO] skip non existing resourceDirectory /home/travis/build/square/picasso/picasso-sample/src/test/resources
[INFO] 
[INFO] --- maven-compiler-plugin:3.0:testCompile (default-testCompile) @ picasso-sample ---
[INFO] No sources to compile
[INFO] 
[INFO] --- maven-surefire-plugin:2.19:test (default-test) @ picasso-sample ---
[INFO] No tests to run.
[INFO] 
[INFO] --- android-maven-plugin:4.1.1:dex (default-dex) @ picasso-sample ---
[INFO] Convert classes to Dex : /home/travis/build/square/picasso/picasso-sample/target/classes.dex
[INFO] 
[INFO] --- maven-jar-plugin:2.6:jar (default-jar) @ picasso-sample ---
[INFO] Building jar: /home/travis/build/square/picasso/picasso-sample/target/picasso-sample-2.5.3-SNAPSHOT.jar
[INFO] 
[INFO] --- android-maven-plugin:4.1.1:apk (default-apk) @ picasso-sample ---
[INFO] Generating debug apk.
[INFO] Adding native libraries : []
[INFO] 
[INFO] --- android-maven-plugin:4.1.1:internal-pre-integration-test (default-internal-pre-integration-test) @ picasso-sample ---
[INFO] No InstrumentationRunner found - skipping tests
[INFO] 
[INFO] --- android-maven-plugin:4.1.1:internal-integration-test (default-internal-integration-test) @ picasso-sample ---
[INFO] No InstrumentationRunner found - skipping tests
[INFO] 
[INFO] --- maven-checkstyle-plugin:2.10:checkstyle (default) @ picasso-sample ---
[INFO] Starting audit...
Audit done.

[WARNING] Unable to locate Source XRef to link to - DISABLED
[INFO] 
[INFO] --- maven-install-plugin:2.5.2:install (default-install) @ picasso-sample ---
[INFO] Installing /home/travis/build/square/picasso/picasso-sample/target/picasso-sample-2.5.3-SNAPSHOT.apk to /home/travis/.m2/repository/com/squareup/picasso/picasso-sample/2.5.3-SNAPSHOT/picasso-sample-2.5.3-SNAPSHOT.apk
[INFO] Installing /home/travis/build/square/picasso/picasso-sample/pom.xml to /home/travis/.m2/repository/com/squareup/picasso/picasso-sample/2.5.3-SNAPSHOT/picasso-sample-2.5.3-SNAPSHOT.pom
[INFO] Installing /home/travis/build/square/picasso/picasso-sample/target/picasso-sample-2.5.3-SNAPSHOT.jar to /home/travis/.m2/repository/com/squareup/picasso/picasso-sample/2.5.3-SNAPSHOT/picasso-sample-2.5.3-SNAPSHOT.jar
[INFO] ------------------------------------------------------------------------
[INFO] Reactor Summary:
[INFO] 
[INFO] Picasso (Parent) ................................... SUCCESS [  0.943 s]
[INFO] Picasso ............................................ SUCCESS [ 18.503 s]
[INFO] Picasso Pollexor Transformer ....................... SUCCESS [  4.197 s]
[INFO] Picasso Sample ..................................... SUCCESS [ 13.712 s]
[INFO] ------------------------------------------------------------------------
[INFO] BUILD SUCCESS
[INFO] ------------------------------------------------------------------------
[INFO] Total time: 40.408 s
[INFO] Finished at: 2016-01-12T19:46:42+00:00
[INFO] Final Memory: 54M/417M
[INFO] ------------------------------------------------------------------------
travis_time:end:02b917f0:start=1452627960837135271,finish=1452628003659914917,duration=42822779646[0K
[32;1mThe command "mvn install -B" exited with 0.[0m
travis_fold:start:cache.2[0Kstore build cache
travis_time:start:03e9e572[0Ktravis_time:end:03e9e572:start=1452628003664319546,finish=1452628003667639766,duration=3320220[0Ktravis_time:start:037f7ee0[0K[32;1mchange detected:
/home/travis/.m2/repository/com/squareup/picasso/picasso/2.5.3-SNAPSHOT/maven-metadata-local.xml
/home/travis/.m2/repository/com/squareup/picasso/picasso/2.5.3-SNAPSHOT/maven-metadata-sonatype-nexus-snapshots.xml
/home/travis/.m2/repository/com/squareup/picasso/picasso/2.5.3-SNAPSHOT/maven-metadata-sonatype-nexus-snapshots.xml.sha1
/home/travis/.m2/repository/com/squareup/picasso/picasso/2.5.3-SNAPSHOT/picasso-2.5.3-20160105.225417-17.jar
/home/travis/.m2/repository/com/squareup/picasso/picasso/2.5.3-SNAPSHOT/picasso-2.5.3-20160105.225417-17.jar.sha1
/home/travis/.m2/repository/com/squareup/picasso/picasso/2.5.3-SNAPSHOT/picasso-2.5.3-SNAPSHOT.jar
/home/travis/.m2/repository/com/squareup/picasso/picasso/2.5.3-SNAPSHOT/_remote.repositories
/home/travis/.m2/repository/com/squareup/picasso/picasso/2.5.3-SNAPSHOT/resolver-status.properties
/home/travis/.m2/repository/com/squareup/picasso/picasso/maven-metadata-local.xml
/home/travis/.m2/repository/com/squareup/picasso/picasso-parent/2.5.3-S
[0m
[32;1m...
[0m
[32;1mchanges detected, packing new archive[0m
[32;1muploading archive[0m
travis_time:end:037f7ee0:start=1452628003671540051,finish=1452628011487106820,duration=7815566769[0Ktravis_fold:end:cache.2[0Ktravis_fold:start:after_success[0Ktravis_time:start:1f50c564[0K$ .buildscript/deploy_snapshot.sh
Skipping snapshot deployment: wrong JDK. Expected 'oraclejdk8' but was 'oraclejdk7'.
travis_time:end:1f50c564:start=1452628011491247474,finish=1452628011495814637,duration=4567163[0Ktravis_fold:end:after_success[0K
Done. Your build exited with 0.
