Using worker: worker-linux-docker-0fa134e6.prod.travis-ci.org:travis-linux-7

travis_fold:start:system_info[0K[33;1mBuild system information[0m
Build language: android
[34m[1mBuild image provisioning date and time[0m
Thu Feb  5 15:09:33 UTC 2015
[34m[1mOperating System Details[0m
Distributor ID:	Ubuntu
Description:	Ubuntu 12.04.5 LTS
Release:	12.04
Codename:	precise
[34m[1mLinux Version[0m
3.13.0-29-generic
[34m[1mCookbooks Version[0m
a68419e https://github.com/travis-ci/travis-cookbooks/tree/a68419e
[34m[1mGCC version[0m
gcc (Ubuntu/Linaro 4.6.3-1ubuntu5) 4.6.3
Copyright (C) 2011 Free Software Foundation, Inc.
This is free software; see the source for copying conditions.  There is NO
warranty; not even for MERCHANTABILITY or FITNESS FOR A PARTICULAR PURPOSE.

[34m[1mLLVM version[0m
clang version 3.4 (tags/RELEASE_34/final)
Target: x86_64-unknown-linux-gnu
Thread model: posix
[34m[1mPre-installed Ruby versions[0m
ruby-1.9.3-p551
[34m[1mPre-installed Node.js versions[0m
v0.10.36
[34m[1mPre-installed Go versions[0m
1.4.1
[34m[1mRedis version[0m
redis-server 2.8.19
[34m[1mriak version[0m
2.0.2
[34m[1mMongoDB version[0m
MongoDB 2.4.12
[34m[1mCouchDB version[0m
couchdb 1.6.1
[34m[1mNeo4j version[0m
1.9.4
[34m[1mRabbitMQ Version[0m
3.4.3
[34m[1mElasticSearch version[0m
1.4.0
[34m[1mInstalled Sphinx versions[0m
2.0.10
2.1.9
2.2.6
[34m[1mDefault Sphinx version[0m
2.2.6
[34m[1mInstalled Firefox version[0m
firefox 31.0esr
[34m[1mPhantomJS version[0m
1.9.8
[34m[1mant -version[0m
Apache Ant(TM) version 1.8.2 compiled on December 3 2011
[34m[1mmvn -version[0m
Apache Maven 3.2.5 (12a6b3acb947671f09b81f49094c53f426d8cea1; 2014-12-14T17:29:23+00:00)
Maven home: /usr/local/maven
Java version: 1.7.0_76, vendor: Oracle Corporation
Java home: /usr/lib/jvm/java-7-oracle/jre
Default locale: en_US, platform encoding: ANSI_X3.4-1968
OS name: "linux", version: "3.13.0-29-generic", arch: "amd64", family: "unix"
travis_fold:end:system_info[0K
travis_fold:start:git.checkout[0Ktravis_time:start:1ddcbae0[0K$ git clone --depth=50 --branch=master git://github.com/JakeWharton/butterknife.git JakeWharton/butterknife
Cloning into 'JakeWharton/butterknife'...
remote: Counting objects: 995, done.[K
remote: Compressing objects:   0% (1/517)   [Kremote: Compressing objects:   1% (6/517)   [Kremote: Compressing objects:   2% (11/517)   [Kremote: Compressing objects:   3% (16/517)   [Kremote: Compressing objects:   4% (21/517)   [Kremote: Compressing objects:   5% (26/517)   [Kremote: Compressing objects:   6% (32/517)   [Kremote: Compressing objects:   7% (37/517)   [Kremote: Compressing objects:   8% (42/517)   [Kremote: Compressing objects:   9% (47/517)   [Kremote: Compressing objects:  10% (52/517)   [Kremote: Compressing objects:  11% (57/517)   [Kremote: Compressing objects:  12% (63/517)   [Kremote: Compressing objects:  13% (68/517)   [Kremote: Compressing objects:  14% (73/517)   [Kremote: Compressing objects:  15% (78/517)   [Kremote: Compressing objects:  16% (83/517)   [Kremote: Compressing objects:  17% (88/517)   [Kremote: Compressing objects:  18% (94/517)   [Kremote: Compressing objects:  19% (99/517)   [Kremote: Compressing objects:  20% (104/517)   [Kremote: Compressing objects:  21% (109/517)   [Kremote: Compressing objects:  22% (114/517)   [Kremote: Compressing objects:  23% (119/517)   [Kremote: Compressing objects:  24% (125/517)   [Kremote: Compressing objects:  25% (130/517)   [Kremote: Compressing objects:  26% (135/517)   [Kremote: Compressing objects:  27% (140/517)   [Kremote: Compressing objects:  28% (145/517)   [Kremote: Compressing objects:  29% (150/517)   [Kremote: Compressing objects:  30% (156/517)   [Kremote: Compressing objects:  31% (161/517)   [Kremote: Compressing objects:  32% (166/517)   [Kremote: Compressing objects:  33% (171/517)   [Kremote: Compressing objects:  34% (176/517)   [Kremote: Compressing objects:  35% (181/517)   [Kremote: Compressing objects:  36% (187/517)   [Kremote: Compressing objects:  37% (192/517)   [Kremote: Compressing objects:  38% (197/517)   [Kremote: Compressing objects:  39% (202/517)   [Kremote: Compressing objects:  40% (207/517)   [Kremote: Compressing objects:  41% (212/517)   [Kremote: Compressing objects:  42% (218/517)   [Kremote: Compressing objects:  43% (223/517)   [Kremote: Compressing objects:  44% (228/517)   [Kremote: Compressing objects:  45% (233/517)   [Kremote: Compressing objects:  46% (238/517)   [Kremote: Compressing objects:  47% (243/517)   [Kremote: Compressing objects:  48% (249/517)   [Kremote: Compressing objects:  49% (254/517)   [Kremote: Compressing objects:  50% (259/517)   [Kremote: Compressing objects:  51% (264/517)   [Kremote: Compressing objects:  52% (269/517)   [Kremote: Compressing objects:  53% (275/517)   [Kremote: Compressing objects:  54% (280/517)   [Kremote: Compressing objects:  55% (285/517)   [Kremote: Compressing objects:  56% (290/517)   [Kremote: Compressing objects:  57% (295/517)   [Kremote: Compressing objects:  58% (300/517)   [Kremote: Compressing objects:  59% (306/517)   [Kremote: Compressing objects:  60% (311/517)   [Kremote: Compressing objects:  61% (316/517)   [Kremote: Compressing objects:  62% (321/517)   [Kremote: Compressing objects:  63% (326/517)   [Kremote: Compressing objects:  64% (331/517)   [Kremote: Compressing objects:  65% (337/517)   [Kremote: Compressing objects:  66% (342/517)   [Kremote: Compressing objects:  67% (347/517)   [Kremote: Compressing objects:  68% (352/517)   [Kremote: Compressing objects:  69% (357/517)   [Kremote: Compressing objects:  70% (362/517)   [Kremote: Compressing objects:  71% (368/517)   [Kremote: Compressing objects:  72% (373/517)   [Kremote: Compressing objects:  73% (378/517)   [Kremote: Compressing objects:  74% (383/517)   [Kremote: Compressing objects:  75% (388/517)   [Kremote: Compressing objects:  76% (393/517)   [Kremote: Compressing objects:  77% (399/517)   [Kremote: Compressing objects:  78% (404/517)   [Kremote: Compressing objects:  79% (409/517)   [Kremote: Compressing objects:  80% (414/517)   [Kremote: Compressing objects:  81% (419/517)   [Kremote: Compressing objects:  82% (424/517)   [Kremote: Compressing objects:  83% (430/517)   [Kremote: Compressing objects:  84% (435/517)   [Kremote: Compressing objects:  85% (440/517)   [Kremote: Compressing objects:  86% (445/517)   [Kremote: Compressing objects:  87% (450/517)   [Kremote: Compressing objects:  88% (455/517)   [Kremote: Compressing objects:  89% (461/517)   [Kremote: Compressing objects:  90% (466/517)   [Kremote: Compressing objects:  91% (471/517)   [Kremote: Compressing objects:  92% (476/517)   [Kremote: Compressing objects:  93% (481/517)   [Kremote: Compressing objects:  94% (486/517)   [Kremote: Compressing objects:  95% (492/517)   [Kremote: Compressing objects:  96% (497/517)   [Kremote: Compressing objects:  97% (502/517)   [Kremote: Compressing objects:  98% (507/517)   [Kremote: Compressing objects:  99% (512/517)   [Kremote: Compressing objects: 100% (517/517)   [Kremote: Compressing objects: 100% (517/517), done.[K
Receiving objects:   0% (1/995)   Receiving objects:   1% (10/995)   Receiving objects:   2% (20/995)   Receiving objects:   3% (30/995)   Receiving objects:   4% (40/995)   Receiving objects:   5% (50/995)   Receiving objects:   6% (60/995)   Receiving objects:   7% (70/995)   Receiving objects:   8% (80/995)   Receiving objects:   9% (90/995)   Receiving objects:  10% (100/995)   Receiving objects:  11% (110/995)   Receiving objects:  12% (120/995)   Receiving objects:  13% (130/995)   Receiving objects:  14% (140/995)   Receiving objects:  15% (150/995)   Receiving objects:  16% (160/995)   Receiving objects:  17% (170/995)   Receiving objects:  18% (180/995)   Receiving objects:  19% (190/995)   Receiving objects:  20% (199/995)   Receiving objects:  21% (209/995)   Receiving objects:  22% (219/995)   Receiving objects:  23% (229/995)   Receiving objects:  24% (239/995)   Receiving objects:  25% (249/995)   Receiving objects:  26% (259/995)   Receiving objects:  27% (269/995)   Receiving objects:  28% (279/995)   Receiving objects:  29% (289/995)   Receiving objects:  30% (299/995)   Receiving objects:  31% (309/995)   Receiving objects:  32% (319/995)   Receiving objects:  33% (329/995)   Receiving objects:  34% (339/995)   Receiving objects:  35% (349/995)   Receiving objects:  36% (359/995)   Receiving objects:  37% (369/995)   Receiving objects:  38% (379/995)   Receiving objects:  39% (389/995)   Receiving objects:  40% (398/995)   Receiving objects:  41% (408/995)   Receiving objects:  42% (418/995)   Receiving objects:  43% (428/995)   Receiving objects:  44% (438/995)   Receiving objects:  45% (448/995)   Receiving objects:  46% (458/995)   Receiving objects:  47% (468/995)   Receiving objects:  48% (478/995)   Receiving objects:  49% (488/995)   Receiving objects:  50% (498/995)   Receiving objects:  51% (508/995)   Receiving objects:  52% (518/995)   Receiving objects:  53% (528/995)   Receiving objects:  54% (538/995)   Receiving objects:  55% (548/995)   Receiving objects:  56% (558/995)   Receiving objects:  57% (568/995)   Receiving objects:  58% (578/995)   Receiving objects:  59% (588/995)   Receiving objects:  60% (597/995)   Receiving objects:  61% (607/995)   Receiving objects:  62% (617/995)   remote: Total 995 (delta 487), reused 843 (delta 361), pack-reused 0[K
Receiving objects:  63% (627/995)   Receiving objects:  64% (637/995)   Receiving objects:  65% (647/995)   Receiving objects:  66% (657/995)   Receiving objects:  67% (667/995)   Receiving objects:  68% (677/995)   Receiving objects:  69% (687/995)   Receiving objects:  70% (697/995)   Receiving objects:  71% (707/995)   Receiving objects:  72% (717/995)   Receiving objects:  73% (727/995)   Receiving objects:  74% (737/995)   Receiving objects:  75% (747/995)   Receiving objects:  76% (757/995)   Receiving objects:  77% (767/995)   Receiving objects:  78% (777/995)   Receiving objects:  79% (787/995)   Receiving objects:  80% (796/995)   Receiving objects:  81% (806/995)   Receiving objects:  82% (816/995)   Receiving objects:  83% (826/995)   Receiving objects:  84% (836/995)   Receiving objects:  85% (846/995)   Receiving objects:  86% (856/995)   Receiving objects:  87% (866/995)   Receiving objects:  88% (876/995)   Receiving objects:  89% (886/995)   Receiving objects:  90% (896/995)   Receiving objects:  91% (906/995)   Receiving objects:  92% (916/995)   Receiving objects:  93% (926/995)   Receiving objects:  94% (936/995)   Receiving objects:  95% (946/995)   Receiving objects:  96% (956/995)   Receiving objects:  97% (966/995)   Receiving objects:  98% (976/995)   Receiving objects:  99% (986/995)   Receiving objects: 100% (995/995)   Receiving objects: 100% (995/995), 1.51 MiB | 0 bytes/s, done.
Resolving deltas:   0% (0/487)   Resolving deltas:   9% (45/487)   Resolving deltas:  11% (54/487)   Resolving deltas:  13% (66/487)   Resolving deltas:  20% (99/487)   Resolving deltas:  21% (107/487)   Resolving deltas:  23% (116/487)   Resolving deltas:  26% (130/487)   Resolving deltas:  27% (134/487)   Resolving deltas:  28% (137/487)   Resolving deltas:  29% (145/487)   Resolving deltas:  31% (151/487)   Resolving deltas:  41% (204/487)   Resolving deltas:  48% (234/487)   Resolving deltas:  49% (239/487)   Resolving deltas:  50% (245/487)   Resolving deltas:  53% (259/487)   Resolving deltas:  56% (273/487)   Resolving deltas:  60% (294/487)   Resolving deltas:  61% (300/487)   Resolving deltas:  69% (340/487)   Resolving deltas:  71% (349/487)   Resolving deltas:  74% (363/487)   Resolving deltas:  75% (368/487)   Resolving deltas:  77% (375/487)   Resolving deltas:  80% (394/487)   Resolving deltas:  81% (395/487)   Resolving deltas:  84% (411/487)   Resolving deltas:  85% (416/487)   Resolving deltas:  86% (420/487)   Resolving deltas:  87% (427/487)   Resolving deltas:  88% (433/487)   Resolving deltas:  90% (441/487)   Resolving deltas:  91% (447/487)   Resolving deltas:  93% (454/487)   Resolving deltas:  95% (466/487)   Resolving deltas:  96% (470/487)   Resolving deltas:  97% (473/487)   Resolving deltas:  99% (485/487)   Resolving deltas: 100% (487/487)   Resolving deltas: 100% (487/487), done.
Checking connectivity... done.
travis_time:end:1ddcbae0:start=1438488954287662816,finish=1438488954528150466,duration=240487650[0K$ cd JakeWharton/butterknife
$ git checkout -qf c563c07d860df32ee0040cf65cc228f0f9c9b5cf
travis_fold:end:git.checkout[0K
[33;1mThis job is running on container-based infrastructure, which does not allow use of 'sudo', setuid and setguid executables.[0m
[33;1mIf you require sudo, add 'sudo: required' to your .travis.yml[0m
[33;1mSee http://docs.travis-ci.com/user/workers/container-based-infrastructure/ for details.[0m

[33;1mSetting environment variables from .travis.yml[0m
$ export CI_DEPLOY_USERNAME=[secure]
$ export CI_DEPLOY_PASSWORD=[secure]

travis_fold:start:cache.1[0KSetting up build cache
$ export CASHER_DIR=$HOME/.casher
travis_time:start:0cb560dc[0K$ Installing caching utilities
travis_time:end:0cb560dc:start=1438488957753882656,finish=1438488957841457205,duration=87574549[0Ktravis_time:start:3c969808[0Kattempting to download cache archive
fetching master/cache--jdk-oraclejdk8.tgz
found cache
travis_time:end:3c969808:start=1438488957846369905,finish=1438488959613025081,duration=1766655176[0Ktravis_time:start:061ed1e8[0Kadding /home/travis/.m2 to cache
travis_time:end:061ed1e8:start=1438488959617850970,finish=1438488961303517018,duration=1685666048[0Ktravis_fold:end:cache.1[0K$ jdk_switcher use oraclejdk8
Switching to Oracle JDK8 (java-8-oracle), JAVA_HOME will be set to /usr/lib/jvm/java-8-oracle
travis_fold:start:android.install[0KInstalling Android dependencies
travis_time:start:091fb4dc[0K$ android-update-sdk --components=build-tools-20.0.0 --accept-licenses='android-sdk-license-5be876d5'
Installing build-tools-20.0.0
spawn android update sdk --no-ui --all --filter build-tools-20.0.0
Refresh Sources:
  Fetching https://dl-ssl.google.com/android/repository/addons_list-2.xml
  Validate XML
  Parse XML
  Fetched Add-ons List successfully
  Refresh Sources
  Fetching URL: https://dl-ssl.google.com/android/repository/repository-10.xml
  Validate XML: https://dl-ssl.google.com/android/repository/repository-10.xml
  Parse XML:    https://dl-ssl.google.com/android/repository/repository-10.xml
  Fetching URL: https://dl-ssl.google.com/android/repository/addon.xml
  Validate XML: https://dl-ssl.google.com/android/repository/addon.xml
  Parse XML:    https://dl-ssl.google.com/android/repository/addon.xml
  Fetching URL: https://dl-ssl.google.com/android/repository/addon-6.xml
  Validate XML: https://dl-ssl.google.com/android/repository/addon-6.xml
  Parse XML:    https://dl-ssl.google.com/android/repository/addon-6.xml
  Fetching URL: https://dl-ssl.google.com/glass/gdk/addon.xml
  Validate XML: https://dl-ssl.google.com/glass/gdk/addon.xml
  Parse XML:    https://dl-ssl.google.com/glass/gdk/addon.xml
  Fetching URL: https://dl-ssl.google.com/android/repository/extras/intel/addon.xml
  Validate XML: https://dl-ssl.google.com/android/repository/extras/intel/addon.xml
  Parse XML:    https://dl-ssl.google.com/android/repository/extras/intel/addon.xml
  Fetching URL: https://dl-ssl.google.com/android/repository/sys-img/android/sys-img.xml
  Validate XML: https://dl-ssl.google.com/android/repository/sys-img/android/sys-img.xml
  Parse XML:    https://dl-ssl.google.com/android/repository/sys-img/android/sys-img.xml
  Fetching URL: https://dl-ssl.google.com/android/repository/sys-img/android-wear/sys-img.xml
  Validate XML: https://dl-ssl.google.com/android/repository/sys-img/android-wear/sys-img.xml
  Parse XML:    https://dl-ssl.google.com/android/repository/sys-img/android-wear/sys-img.xml
  Fetching URL: https://dl-ssl.google.com/android/repository/sys-img/android-tv/sys-img.xml
  Validate XML: https://dl-ssl.google.com/android/repository/sys-img/android-tv/sys-img.xml
  Parse XML:    https://dl-ssl.google.com/android/repository/sys-img/android-tv/sys-img.xml
  Fetching URL: https://dl-ssl.google.com/android/repository/sys-img/google_apis/sys-img.xml
  Validate XML: https://dl-ssl.google.com/android/repository/sys-img/google_apis/sys-img.xml
  Parse XML:    https://dl-ssl.google.com/android/repository/sys-img/google_apis/sys-img.xml
  Fetching URL: https://dl-ssl.google.com/android/repository/sys-img/x86/addon-x86.xml
  Validate XML: https://dl-ssl.google.com/android/repository/sys-img/x86/addon-x86.xml
  Parse XML:    https://dl-ssl.google.com/android/repository/sys-img/x86/addon-x86.xml
-------------------------------
License id: android-sdk-license-5be876d5
Used by: 
 - Android SDK Build-tools, revision 20
-------------------------------

To get started with the Android SDK, you must agree to the following terms and conditions.

This is the Android SDK License Agreement (the "License Agreement").

1. Introduction

1.1 The Android SDK (referred to in the License Agreement as the "SDK" and specifically including the Android system files, packaged APIs, and SDK library files and tools , if and when they are made available) is licensed to you subject to the terms of the License Agreement. The License Agreement forms a legally binding contract between you and Google in relation to your use of the SDK.

1.2 "Android" means the Android software stack for devices, as made available under the Android Open Source Project, which is located at the following URL: http://source.android.com/, as updated from time to time.

1.3 "Google" means Google Inc., a Delaware corporation with principal place of business at 1600 Amphitheatre Parkway, Mountain View, CA 94043, United States.

2. Accepting the License Agreement

2.1 In order to use the SDK, you must first agree to the License Agreement. You may not use the SDK if you do not accept the License Agreement.

2.2 By clicking to accept and/or using the SDK, you hereby agree to the terms of the License Agreement.

2.3 You may not use the SDK and may not accept the License Agreement if you are a person barred from receiving the SDK under the laws of the United States or other countries including the country in which you are resident or from which you use the SDK.

2.4 If you will use the SDK internally within your company or organization you agree to be bound by the License Agreement on behalf of your employer or other entity, and you represent and warrant that you have full legal authority to bind your employer or such entity to the License Agreement. If you do not have the requisite authority, you may not accept the License Agreement or use the SDK on behalf of your employer or other entity.

3. SDK License from Google

3.1 Subject to the terms of the License Agreement, Google grants you a royalty-free, non-assignable, non-exclusive, non-sublicensable, limited, revocable license to use the SDK, personally or internally within your company or organization, solely to develop and distribute applications to run on the Android platform.

3.2 You agree that Google or third parties own all legal right, title and interest in and to the SDK, including any Intellectual Property Rights that subsist in the SDK. "Intellectual Property Rights" means any and all rights under patent law, copyright law, trade secret law, trademark law, and any and all other proprietary rights. Google reserves all rights not expressly granted to you.

3.3 You may not use the SDK for any purpose not expressly permitted by the License Agreement. Except to the extent required by applicable third party licenses, you may not: (a) copy (except for backup purposes), modify, adapt, redistribute, decompile, reverse engineer, disassemble, or create derivative works of the SDK or any part of the SDK; or (b) load any part of the SDK onto a mobile handset or any other hardware device except a personal computer, combine any part of the SDK with other software, or distribute any software or device incorporating a part of the SDK.

3.4 You agree that you will not take any actions that may cause or result in the fragmentation of Android, including but not limited to distributing, participating in the creation of, or promoting in any way a software development kit derived from the SDK.

3.5 Use, reproduction and distribution of components of the SDK licensed under an open source software license are governed solely by the terms of that open source software license and not the License Agreement. You agree to remain a licensee in good standing in regard to such open source software licenses under all the rights granted and to refrain from any actions that may terminate, suspend, or breach such rights.

3.6 You agree that the form and nature of the SDK that Google provides may change without prior notice to you and that future versions of the SDK may be incompatible with applications developed on previous versions of the SDK. You agree that Google may stop (permanently or temporarily) providing the SDK (or any features within the SDK) to you or to users generally at Google's sole discretion, without prior notice to you.

3.7 Nothing in the License Agreement gives you a right to use any of Google's trade names, trademarks, service marks, logos, domain names, or other distinctive brand features.

3.8 You agree that you will not remove, obscure, or alter any proprietary rights notices (including copyright and trademark notices) that may be affixed to or contained within the SDK.

4. Use of the SDK by You

4.1 Google agrees that nothing in the License Agreement gives Google any right, title or interest from you (or your licensors) under the License Agreement in or to any software applications that you develop using the SDK, including any intellectual property rights that subsist in those applications.

4.2 You agree to use the SDK and write applications only for purposes that are permitted by (a) the License Agreement, and (b) any applicable law, regulation or generally accepted practices or guidelines in the relevant jurisdictions (including any laws regarding the export of data or software to and from the United States or other relevant countries).

4.3 You agree that if you use the SDK to develop applications, you will protect the privacy and legal rights of users. If users provide you with user names, passwords, or other login information or personal information, you must make the users aware that the information will be available to your application, and you must provide legally adequate privacy notice and protection for those users. If your application stores personal or sensitive information provided by users, it must do so securely. If users provide you with Google Account information, your application may only use that information to access the user's Google Account when, and for the limited purposes for which, each user has given you permission to do so.

4.4 You agree that you will not engage in any activity with the SDK, including the development or distribution of an application, that interferes with, disrupts, damages, or accesses in an unauthorized manner the servers, networks, or other properties or services of Google or any third party.

4.5 You agree that you are solely responsible for (and that Google has no responsibility to you or to any third party for) any data, content, or resources that you create, transmit or display through Android and/or applications for Android, and for the consequences of your actions (including any loss or damage which Google may suffer) by doing so.

4.6 You agree that you are solely responsible for (and that Google has no responsibility to you or to any third party for) any breach of your obligations under the License Agreement, any applicable third party contract or Terms of Service, or any applicable law or regulation, and for the consequences (including any loss or damage which Google or any third party may suffer) of any such breach.

5. Your Developer Credentials

5.1 You agree that you are responsible for maintaining the confidentiality of any developer credentials that may be issued to you by Google or which you may choose yourself and that you will be solely responsible for all applications that are developed under your developer credentials.

6. Privacy and Information

6.1 In order to continually innovate and improve the SDK, Google may collect certain usage statistics from the software including but not limited to a unique identifier, associated IP address, version number of the software, and information on which tools and/or services in the SDK are being used and how they are being used. Before any of this information is collected, the SDK will notify you and seek your consent. If you withhold consent, the information will not be collected.

6.2 The data collected is examined in the aggregate to improve the SDK and is maintained in accordance with Google's Privacy Policy located at http://www.google.com/policies/privacy/.

7. Third Party Applications

7.1 If you use the SDK to run applications developed by a third party or that access data, content or resources provided by a third party, you agree that Google is not responsible for those applications, data, content, or resources. You understand that all data, content or resources which you may access through such third party applications are the sole responsibility of the person from which they originated and that Google is not liable for any loss or damage that you may experience as a result of the use or access of any of those third party applications, data, content, or resources.

7.2 You should be aware the data, content, and resources presented to you through such a third party application may be protected by intellectual property rights which are owned by the providers (or by other persons or companies on their behalf). You may not modify, rent, lease, loan, sell, distribute or create derivative works based on these data, content, or resources (either in whole or in part) unless you have been specifically given permission to do so by the relevant owners.

7.3 You acknowledge that your use of such third party applications, data, content, or resources may be subject to separate terms between you and the relevant third party.

8. Using Google APIs

8.1 Google APIs

8.1.1 If you use any API to retrieve data from Google, you acknowledge that the data may be protected by intellectual property rights which are owned by Google or those parties that provide the data (or by other persons or companies on their behalf). Your use of any such API may be subject to additional Terms of Service. You may not modify, rent, lease, loan, sell, distribute or create derivative works based on this data (either in whole or in part) unless allowed by the relevant Terms of Service.

8.1.2 If you use any API to retrieve a user's data from Google, you acknowledge and agree that you shall retrieve data only with the user's explicit consent and only when, and for the limited purposes for which, the user has given you permission to do so.

9. Terminating the License Agreement

9.1 The License Agreement will continue to apply until terminated by either you or Google as set out below.

9.2 If you want to terminate the License Agreement, you may do so by ceasing your use of the SDK and any relevant developer credentials.

9.3 Google may at any time, terminate the License Agreement, with or without cause, upon notice to you.

9.4 The License Agreement will automatically terminate without notice or other action when Google ceases to provide the SDK or certain parts of the SDK to users in the country in which you are resident or from which you use the service.

9.5 When the License Agreement is terminated, the license granted to you in the License Agreement will terminate, you will immediately cease all use of the SDK, and the provisions of paragraphs 10, 11, 12 and 14 shall survive indefinitely.

10. DISCLAIMERS

10.1 YOU EXPRESSLY UNDERSTAND AND AGREE THAT YOUR USE OF THE SDK IS AT YOUR SOLE RISK AND THAT THE SDK IS PROVIDED "AS IS" AND "AS AVAILABLE" WITHOUT WARRANTY OF ANY KIND FROM GOOGLE.

10.2 YOUR USE OF THE SDK AND ANY MATERIAL DOWNLOADED OR OTHERWISE OBTAINED THROUGH THE USE OF THE SDK IS AT YOUR OWN DISCRETION AND RISK AND YOU ARE SOLELY RESPONSIBLE FOR ANY DAMAGE TO YOUR COMPUTER SYSTEM OR OTHER DEVICE OR LOSS OF DATA THAT RESULTS FROM SUCH USE. WITHOUT LIMITING THE FOREGOING, YOU UNDERSTAND THAT THE SDK MAY CONTAIN ERRORS, DEFECTS AND SECURITY VULNERABILITIES THAT CAN RESULT IN SIGNIFICANT DAMAGE, INCLUDING THE COMPLETE, IRRECOVERABLE LOSS OF USE OF YOUR COMPUTER SYSTEM OR OTHER DEVICE.

10.3 GOOGLE FURTHER EXPRESSLY DISCLAIMS ALL WARRANTIES AND CONDITIONS OF ANY KIND, WHETHER EXPRESS OR IMPLIED, INCLUDING, BUT NOT LIMITED TO THE IMPLIED WARRANTIES AND CONDITIONS OF MERCHANTABILITY, FITNESS FOR A PARTICULAR PURPOSE AND NON-INFRINGEMENT.

11. LIMITATION OF LIABILITY

11.1 YOU EXPRESSLY UNDERSTAND AND AGREE THAT GOOGLE, ITS SUBSIDIARIES AND AFFILIATES, AND ITS LICENSORS SHALL NOT BE LIABLE TO YOU UNDER ANY THEORY OF LIABILITY FOR ANY DIRECT, INDIRECT, INCIDENTAL, SPECIAL, CONSEQUENTIAL OR EXEMPLARY DAMAGES THAT MAY BE INCURRED BY YOU, INCLUDING ANY LOSS OF DATA, WHETHER OR NOT GOOGLE OR ITS REPRESENTATIVES HAVE BEEN ADVISED OF OR SHOULD HAVE BEEN AWARE OF THE POSSIBILITY OF ANY SUCH LOSSES ARISING.

12. Indemnification

12.1 To the maximum extent permitted by law, you agree to defend, indemnify and hold harmless Google, its affiliates and their respective directors, officers, employees and agents from and against any and all claims, actions, suits or proceedings, as well as any and all losses, liabilities, damages, costs and expenses (including reasonable attorneysâ€™ fees) arising out of or accruing from (a) your use of the SDK, (b) any application you develop on the SDK that infringes any Intellectual Property Rights of any person or defames any person or violates their rights of publicity or privacy, and (c) any non-compliance by you of the License Agreement.

13. Changes to the License Agreement

13.1 Google may make changes to the License Agreement as it distributes new versions of the SDK. When these changes are made, Google will make a new version of the License Agreement available on the website where the SDK is made available.

14. General Legal Terms

14.1 The License Agreement constitutes the whole legal agreement between you and Google and governs your use of the SDK (excluding any services which Google may provide to you under a separate written agreement), and completely replaces any prior agreements between you and Google in relation to the SDK.

14.2 You agree that if Google does not exercise or enforce any legal right or remedy which is contained in the License Agreement (or which Google has the benefit of under any applicable law), this will not be taken to be a formal waiver of Google's rights and that those rights or remedies will still be available to Google.

14.3 If any court of law, having the jurisdiction to decide on this matter, rules that any provision of the License Agreement is invalid, then that provision will be removed from the License Agreement without affecting the rest of the License Agreement. The remaining provisions of the License Agreement will continue to be valid and enforceable.

14.4 You acknowledge and agree that each member of the group of companies of which Google is the parent shall be third party beneficiaries to the License Agreement and that such other companies shall be entitled to directly enforce, and rely upon, any provision of the License Agreement that confers a benefit on (or rights in favor of) them. Other than this, no other person or company shall be third party beneficiaries to the License Agreement.

14.5 EXPORT RESTRICTIONS. THE SDK IS SUBJECT TO UNITED STATES EXPORT LAWS AND REGULATIONS. YOU MUST COMPLY WITH ALL DOMESTIC AND INTERNATIONAL EXPORT LAWS AND REGULATIONS THAT APPLY TO THE SDK. THESE LAWS INCLUDE RESTRICTIONS ON DESTINATIONS, END USERS AND END USE.

14.6 The License Agreement may not be assigned or transferred by you without the prior written approval of Google, and any attempted assignment without such approval will be void. You shall not delegate your responsibilities or obligations under the License Agreement without the prior written approval of Google.

14.7 The License Agreement, and your relationship with Google under the License Agreement, shall be governed by the laws of the State of California without regard to its conflict of laws provisions. You and Google agree to submit to the exclusive jurisdiction of the courts located within the county of Santa Clara, California to resolve any legal matter arising from the License Agreement. Notwithstanding this, you agree that Google shall still be allowed to apply for injunctive remedies (or an equivalent type of urgent legal relief) in any jurisdiction.

June 2014.
    
Do you accept the license 'android-sdk-license-5be876d5' [y/n]: y

Installing Archives:
  Preparing to install archives
  Downloading Android SDK Build-tools, revision 20
     (22%, 2391 KiB/s, 6 seconds left)     (33%, 2365 KiB/s, 5 seconds left)     (46%, 2449 KiB/s, 4 seconds left)     (59%, 2486 KiB/s, 3 seconds left)     (71%, 2476 KiB/s, 2 seconds left)     (83%, 2488 KiB/s, 1 seconds left)     (95%, 2493 KiB/s, 0 seconds left)  Installing Android SDK Build-tools, revision 20
  Unzipping Android SDK Build-tools, revision 20 (2%)  Unzipping Android SDK Build-tools, revision 20 (4%)  Unzipping Android SDK Build-tools, revision 20 (5%)  Unzipping Android SDK Build-tools, revision 20 (6%)  Unzipping Android SDK Build-tools, revision 20 (7%)  Unzipping Android SDK Build-tools, revision 20 (8%)  Unzipping Android SDK Build-tools, revision 20 (9%)  Unzipping Android SDK Build-tools, revision 20 (10%)  Unzipping Android SDK Build-tools, revision 20 (11%)  Unzipping Android SDK Build-tools, revision 20 (12%)  Unzipping Android SDK Build-tools, revision 20 (13%)  Unzipping Android SDK Build-tools, revision 20 (18%)  Unzipping Android SDK Build-tools, revision 20 (20%)  Unzipping Android SDK Build-tools, revision 20 (21%)  Unzipping Android SDK Build-tools, revision 20 (22%)  Unzipping Android SDK Build-tools, revision 20 (26%)  Unzipping Android SDK Build-tools, revision 20 (54%)  Unzipping Android SDK Build-tools, revision 20 (60%)  Unzipping Android SDK Build-tools, revision 20 (62%)  Unzipping Android SDK Build-tools, revision 20 (99%)    Installed Android SDK Build-tools, revision 20
  Done. 1 package installed.
travis_time:end:091fb4dc:start=1438488961314584814,finish=1438488976685460132,duration=15370875318[0Ktravis_time:start:081520b3[0K$ android-update-sdk --components=android-16 --accept-licenses='android-sdk-license-5be876d5'
Installing android-16
spawn android update sdk --no-ui --all --filter android-16
Refresh Sources:
  Fetching https://dl-ssl.google.com/android/repository/addons_list-2.xml
  Validate XML
  Parse XML
  Fetched Add-ons List successfully
  Refresh Sources
  Fetching URL: https://dl-ssl.google.com/android/repository/repository-10.xml
  Validate XML: https://dl-ssl.google.com/android/repository/repository-10.xml
  Parse XML:    https://dl-ssl.google.com/android/repository/repository-10.xml
  Fetching URL: https://dl-ssl.google.com/android/repository/addon.xml
  Validate XML: https://dl-ssl.google.com/android/repository/addon.xml
  Parse XML:    https://dl-ssl.google.com/android/repository/addon.xml
  Fetching URL: https://dl-ssl.google.com/android/repository/addon-6.xml
  Validate XML: https://dl-ssl.google.com/android/repository/addon-6.xml
  Parse XML:    https://dl-ssl.google.com/android/repository/addon-6.xml
  Fetching URL: https://dl-ssl.google.com/glass/gdk/addon.xml
  Validate XML: https://dl-ssl.google.com/glass/gdk/addon.xml
  Parse XML:    https://dl-ssl.google.com/glass/gdk/addon.xml
  Fetching URL: https://dl-ssl.google.com/android/repository/extras/intel/addon.xml
  Validate XML: https://dl-ssl.google.com/android/repository/extras/intel/addon.xml
  Parse XML:    https://dl-ssl.google.com/android/repository/extras/intel/addon.xml
  Fetching URL: https://dl-ssl.google.com/android/repository/sys-img/android/sys-img.xml
  Validate XML: https://dl-ssl.google.com/android/repository/sys-img/android/sys-img.xml
  Parse XML:    https://dl-ssl.google.com/android/repository/sys-img/android/sys-img.xml
  Fetching URL: https://dl-ssl.google.com/android/repository/sys-img/android-wear/sys-img.xml
  Validate XML: https://dl-ssl.google.com/android/repository/sys-img/android-wear/sys-img.xml
  Parse XML:    https://dl-ssl.google.com/android/repository/sys-img/android-wear/sys-img.xml
  Fetching URL: https://dl-ssl.google.com/android/repository/sys-img/android-tv/sys-img.xml
  Validate XML: https://dl-ssl.google.com/android/repository/sys-img/android-tv/sys-img.xml
  Parse XML:    https://dl-ssl.google.com/android/repository/sys-img/android-tv/sys-img.xml
  Fetching URL: https://dl-ssl.google.com/android/repository/sys-img/google_apis/sys-img.xml
  Validate XML: https://dl-ssl.google.com/android/repository/sys-img/google_apis/sys-img.xml
  Parse XML:    https://dl-ssl.google.com/android/repository/sys-img/google_apis/sys-img.xml
  Fetching URL: https://dl-ssl.google.com/android/repository/sys-img/x86/addon-x86.xml
  Validate XML: https://dl-ssl.google.com/android/repository/sys-img/x86/addon-x86.xml
  Parse XML:    https://dl-ssl.google.com/android/repository/sys-img/x86/addon-x86.xml
-------------------------------
License id: android-sdk-license-5be876d5
Used by: 
 - SDK Platform Android 4.1.2, API 16, revision 5
-------------------------------

To get started with the Android SDK, you must agree to the following terms and conditions.

This is the Android SDK License Agreement (the "License Agreement").

1. Introduction

1.1 The Android SDK (referred to in the License Agreement as the "SDK" and specifically including the Android system files, packaged APIs, and SDK library files and tools , if and when they are made available) is licensed to you subject to the terms of the License Agreement. The License Agreement forms a legally binding contract between you and Google in relation to your use of the SDK.

1.2 "Android" means the Android software stack for devices, as made available under the Android Open Source Project, which is located at the following URL: http://source.android.com/, as updated from time to time.

1.3 "Google" means Google Inc., a Delaware corporation with principal place of business at 1600 Amphitheatre Parkway, Mountain View, CA 94043, United States.

2. Accepting the License Agreement

2.1 In order to use the SDK, you must first agree to the License Agreement. You may not use the SDK if you do not accept the License Agreement.

2.2 By clicking to accept and/or using the SDK, you hereby agree to the terms of the License Agreement.

2.3 You may not use the SDK and may not accept the License Agreement if you are a person barred from receiving the SDK under the laws of the United States or other countries including the country in which you are resident or from which you use the SDK.

2.4 If you will use the SDK internally within your company or organization you agree to be bound by the License Agreement on behalf of your employer or other entity, and you represent and warrant that you have full legal authority to bind your employer or such entity to the License Agreement. If you do not have the requisite authority, you may not accept the License Agreement or use the SDK on behalf of your employer or other entity.

3. SDK License from Google

3.1 Subject to the terms of the License Agreement, Google grants you a royalty-free, non-assignable, non-exclusive, non-sublicensable, limited, revocable license to use the SDK, personally or internally within your company or organization, solely to develop and distribute applications to run on the Android platform.

3.2 You agree that Google or third parties own all legal right, title and interest in and to the SDK, including any Intellectual Property Rights that subsist in the SDK. "Intellectual Property Rights" means any and all rights under patent law, copyright law, trade secret law, trademark law, and any and all other proprietary rights. Google reserves all rights not expressly granted to you.

3.3 You may not use the SDK for any purpose not expressly permitted by the License Agreement. Except to the extent required by applicable third party licenses, you may not: (a) copy (except for backup purposes), modify, adapt, redistribute, decompile, reverse engineer, disassemble, or create derivative works of the SDK or any part of the SDK; or (b) load any part of the SDK onto a mobile handset or any other hardware device except a personal computer, combine any part of the SDK with other software, or distribute any software or device incorporating a part of the SDK.

3.4 You agree that you will not take any actions that may cause or result in the fragmentation of Android, including but not limited to distributing, participating in the creation of, or promoting in any way a software development kit derived from the SDK.

3.5 Use, reproduction and distribution of components of the SDK licensed under an open source software license are governed solely by the terms of that open source software license and not the License Agreement. You agree to remain a licensee in good standing in regard to such open source software licenses under all the rights granted and to refrain from any actions that may terminate, suspend, or breach such rights.

3.6 You agree that the form and nature of the SDK that Google provides may change without prior notice to you and that future versions of the SDK may be incompatible with applications developed on previous versions of the SDK. You agree that Google may stop (permanently or temporarily) providing the SDK (or any features within the SDK) to you or to users generally at Google's sole discretion, without prior notice to you.

3.7 Nothing in the License Agreement gives you a right to use any of Google's trade names, trademarks, service marks, logos, domain names, or other distinctive brand features.

3.8 You agree that you will not remove, obscure, or alter any proprietary rights notices (including copyright and trademark notices) that may be affixed to or contained within the SDK.

4. Use of the SDK by You

4.1 Google agrees that nothing in the License Agreement gives Google any right, title or interest from you (or your licensors) under the License Agreement in or to any software applications that you develop using the SDK, including any intellectual property rights that subsist in those applications.

4.2 You agree to use the SDK and write applications only for purposes that are permitted by (a) the License Agreement, and (b) any applicable law, regulation or generally accepted practices or guidelines in the relevant jurisdictions (including any laws regarding the export of data or software to and from the United States or other relevant countries).

4.3 You agree that if you use the SDK to develop applications, you will protect the privacy and legal rights of users. If users provide you with user names, passwords, or other login information or personal information, you must make the users aware that the information will be available to your application, and you must provide legally adequate privacy notice and protection for those users. If your application stores personal or sensitive information provided by users, it must do so securely. If users provide you with Google Account information, your application may only use that information to access the user's Google Account when, and for the limited purposes for which, each user has given you permission to do so.

4.4 You agree that you will not engage in any activity with the SDK, including the development or distribution of an application, that interferes with, disrupts, damages, or accesses in an unauthorized manner the servers, networks, or other properties or services of Google or any third party.

4.5 You agree that you are solely responsible for (and that Google has no responsibility to you or to any third party for) any data, content, or resources that you create, transmit or display through Android and/or applications for Android, and for the consequences of your actions (including any loss or damage which Google may suffer) by doing so.

4.6 You agree that you are solely responsible for (and that Google has no responsibility to you or to any third party for) any breach of your obligations under the License Agreement, any applicable third party contract or Terms of Service, or any applicable law or regulation, and for the consequences (including any loss or damage which Google or any third party may suffer) of any such breach.

5. Your Developer Credentials

5.1 You agree that you are responsible for maintaining the confidentiality of any developer credentials that may be issued to you by Google or which you may choose yourself and that you will be solely responsible for all applications that are developed under your developer credentials.

6. Privacy and Information

6.1 In order to continually innovate and improve the SDK, Google may collect certain usage statistics from the software including but not limited to a unique identifier, associated IP address, version number of the software, and information on which tools and/or services in the SDK are being used and how they are being used. Before any of this information is collected, the SDK will notify you and seek your consent. If you withhold consent, the information will not be collected.

6.2 The data collected is examined in the aggregate to improve the SDK and is maintained in accordance with Google's Privacy Policy located at http://www.google.com/policies/privacy/.

7. Third Party Applications

7.1 If you use the SDK to run applications developed by a third party or that access data, content or resources provided by a third party, you agree that Google is not responsible for those applications, data, content, or resources. You understand that all data, content or resources which you may access through such third party applications are the sole responsibility of the person from which they originated and that Google is not liable for any loss or damage that you may experience as a result of the use or access of any of those third party applications, data, content, or resources.

7.2 You should be aware the data, content, and resources presented to you through such a third party application may be protected by intellectual property rights which are owned by the providers (or by other persons or companies on their behalf). You may not modify, rent, lease, loan, sell, distribute or create derivative works based on these data, content, or resources (either in whole or in part) unless you have been specifically given permission to do so by the relevant owners.

7.3 You acknowledge that your use of such third party applications, data, content, or resources may be subject to separate terms between you and the relevant third party.

8. Using Google APIs

8.1 Google APIs

8.1.1 If you use any API to retrieve data from Google, you acknowledge that the data may be protected by intellectual property rights which are owned by Google or those parties that provide the data (or by other persons or companies on their behalf). Your use of any such API may be subject to additional Terms of Service. You may not modify, rent, lease, loan, sell, distribute or create derivative works based on this data (either in whole or in part) unless allowed by the relevant Terms of Service.

8.1.2 If you use any API to retrieve a user's data from Google, you acknowledge and agree that you shall retrieve data only with the user's explicit consent and only when, and for the limited purposes for which, the user has given you permission to do so.

9. Terminating the License Agreement

9.1 The License Agreement will continue to apply until terminated by either you or Google as set out below.

9.2 If you want to terminate the License Agreement, you may do so by ceasing your use of the SDK and any relevant developer credentials.

9.3 Google may at any time, terminate the License Agreement, with or without cause, upon notice to you.

9.4 The License Agreement will automatically terminate without notice or other action when Google ceases to provide the SDK or certain parts of the SDK to users in the country in which you are resident or from which you use the service.

9.5 When the License Agreement is terminated, the license granted to you in the License Agreement will terminate, you will immediately cease all use of the SDK, and the provisions of paragraphs 10, 11, 12 and 14 shall survive indefinitely.

10. DISCLAIMERS

10.1 YOU EXPRESSLY UNDERSTAND AND AGREE THAT YOUR USE OF THE SDK IS AT YOUR SOLE RISK AND THAT THE SDK IS PROVIDED "AS IS" AND "AS AVAILABLE" WITHOUT WARRANTY OF ANY KIND FROM GOOGLE.

10.2 YOUR USE OF THE SDK AND ANY MATERIAL DOWNLOADED OR OTHERWISE OBTAINED THROUGH THE USE OF THE SDK IS AT YOUR OWN DISCRETION AND RISK AND YOU ARE SOLELY RESPONSIBLE FOR ANY DAMAGE TO YOUR COMPUTER SYSTEM OR OTHER DEVICE OR LOSS OF DATA THAT RESULTS FROM SUCH USE. WITHOUT LIMITING THE FOREGOING, YOU UNDERSTAND THAT THE SDK MAY CONTAIN ERRORS, DEFECTS AND SECURITY VULNERABILITIES THAT CAN RESULT IN SIGNIFICANT DAMAGE, INCLUDING THE COMPLETE, IRRECOVERABLE LOSS OF USE OF YOUR COMPUTER SYSTEM OR OTHER DEVICE.

10.3 GOOGLE FURTHER EXPRESSLY DISCLAIMS ALL WARRANTIES AND CONDITIONS OF ANY KIND, WHETHER EXPRESS OR IMPLIED, INCLUDING, BUT NOT LIMITED TO THE IMPLIED WARRANTIES AND CONDITIONS OF MERCHANTABILITY, FITNESS FOR A PARTICULAR PURPOSE AND NON-INFRINGEMENT.

11. LIMITATION OF LIABILITY

11.1 YOU EXPRESSLY UNDERSTAND AND AGREE THAT GOOGLE, ITS SUBSIDIARIES AND AFFILIATES, AND ITS LICENSORS SHALL NOT BE LIABLE TO YOU UNDER ANY THEORY OF LIABILITY FOR ANY DIRECT, INDIRECT, INCIDENTAL, SPECIAL, CONSEQUENTIAL OR EXEMPLARY DAMAGES THAT MAY BE INCURRED BY YOU, INCLUDING ANY LOSS OF DATA, WHETHER OR NOT GOOGLE OR ITS REPRESENTATIVES HAVE BEEN ADVISED OF OR SHOULD HAVE BEEN AWARE OF THE POSSIBILITY OF ANY SUCH LOSSES ARISING.

12. Indemnification

12.1 To the maximum extent permitted by law, you agree to defend, indemnify and hold harmless Google, its affiliates and their respective directors, officers, employees and agents from and against any and all claims, actions, suits or proceedings, as well as any and all losses, liabilities, damages, costs and expenses (including reasonable attorneysâ€™ fees) arising out of or accruing from (a) your use of the SDK, (b) any application you develop on the SDK that infringes any Intellectual Property Rights of any person or defames any person or violates their rights of publicity or privacy, and (c) any non-compliance by you of the License Agreement.

13. Changes to the License Agreement

13.1 Google may make changes to the License Agreement as it distributes new versions of the SDK. When these changes are made, Google will make a new version of the License Agreement available on the website where the SDK is made available.

14. General Legal Terms

14.1 The License Agreement constitutes the whole legal agreement between you and Google and governs your use of the SDK (excluding any services which Google may provide to you under a separate written agreement), and completely replaces any prior agreements between you and Google in relation to the SDK.

14.2 You agree that if Google does not exercise or enforce any legal right or remedy which is contained in the License Agreement (or which Google has the benefit of under any applicable law), this will not be taken to be a formal waiver of Google's rights and that those rights or remedies will still be available to Google.

14.3 If any court of law, having the jurisdiction to decide on this matter, rules that any provision of the License Agreement is invalid, then that provision will be removed from the License Agreement without affecting the rest of the License Agreement. The remaining provisions of the License Agreement will continue to be valid and enforceable.

14.4 You acknowledge and agree that each member of the group of companies of which Google is the parent shall be third party beneficiaries to the License Agreement and that such other companies shall be entitled to directly enforce, and rely upon, any provision of the License Agreement that confers a benefit on (or rights in favor of) them. Other than this, no other person or company shall be third party beneficiaries to the License Agreement.

14.5 EXPORT RESTRICTIONS. THE SDK IS SUBJECT TO UNITED STATES EXPORT LAWS AND REGULATIONS. YOU MUST COMPLY WITH ALL DOMESTIC AND INTERNATIONAL EXPORT LAWS AND REGULATIONS THAT APPLY TO THE SDK. THESE LAWS INCLUDE RESTRICTIONS ON DESTINATIONS, END USERS AND END USE.

14.6 The License Agreement may not be assigned or transferred by you without the prior written approval of Google, and any attempted assignment without such approval will be void. You shall not delegate your responsibilities or obligations under the License Agreement without the prior written approval of Google.

14.7 The License Agreement, and your relationship with Google under the License Agreement, shall be governed by the laws of the State of California without regard to its conflict of laws provisions. You and Google agree to submit to the exclusive jurisdiction of the courts located within the county of Santa Clara, California to resolve any legal matter arising from the License Agreement. Notwithstanding this, you agree that Google shall still be allowed to apply for injunctive remedies (or an equivalent type of urgent legal relief) in any jurisdiction.

June 2014.
    
Do you accept the license 'android-sdk-license-5be876d5' [y/n]: y

Installing Archives:
  Preparing to install archives
  Downloading SDK Platform Android 4.1.2, API 16, revision 5
     (10%, 2355 KiB/s, 17 seconds left)     (16%, 2597 KiB/s, 15 seconds left)     (21%, 2563 KiB/s, 14 seconds left)     (27%, 2559 KiB/s, 13 seconds left)     (33%, 2581 KiB/s, 12 seconds left)     (38%, 2605 KiB/s, 11 seconds left)     (45%, 2673 KiB/s, 9 seconds left)     (51%, 2700 KiB/s, 8 seconds left)     (58%, 2738 KiB/s, 7 seconds left)     (64%, 2765 KiB/s, 5 seconds left)     (69%, 2732 KiB/s, 5 seconds left)     (74%, 2702 KiB/s, 4 seconds left)     (80%, 2692 KiB/s, 3 seconds left)     (85%, 2674 KiB/s, 2 seconds left)     (90%, 2654 KiB/s, 1 seconds left)     (95%, 2645 KiB/s, 0 seconds left)  Installing SDK Platform Android 4.1.2, API 16, revision 5
  Unzipping SDK Platform Android 4.1.2, API 16, revision 5 (26%)  Unzipping SDK Platform Android 4.1.2, API 16, revision 5 (27%)  Unzipping SDK Platform Android 4.1.2, API 16, revision 5 (28%)  Unzipping SDK Platform Android 4.1.2, API 16, revision 5 (29%)  Unzipping SDK Platform Android 4.1.2, API 16, revision 5 (30%)  Unzipping SDK Platform Android 4.1.2, API 16, revision 5 (31%)  Unzipping SDK Platform Android 4.1.2, API 16, revision 5 (32%)  Unzipping SDK Platform Android 4.1.2, API 16, revision 5 (33%)  Unzipping SDK Platform Android 4.1.2, API 16, revision 5 (34%)  Unzipping SDK Platform Android 4.1.2, API 16, revision 5 (36%)  Unzipping SDK Platform Android 4.1.2, API 16, revision 5 (37%)  Unzipping SDK Platform Android 4.1.2, API 16, revision 5 (38%)  Unzipping SDK Platform Android 4.1.2, API 16, revision 5 (39%)  Unzipping SDK Platform Android 4.1.2, API 16, revision 5 (40%)  Unzipping SDK Platform Android 4.1.2, API 16, revision 5 (41%)  Unzipping SDK Platform Android 4.1.2, API 16, revision 5 (42%)  Unzipping SDK Platform Android 4.1.2, API 16, revision 5 (43%)  Unzipping SDK Platform Android 4.1.2, API 16, revision 5 (44%)  Unzipping SDK Platform Android 4.1.2, API 16, revision 5 (45%)  Unzipping SDK Platform Android 4.1.2, API 16, revision 5 (46%)  Unzipping SDK Platform Android 4.1.2, API 16, revision 5 (47%)  Unzipping SDK Platform Android 4.1.2, API 16, revision 5 (48%)  Unzipping SDK Platform Android 4.1.2, API 16, revision 5 (49%)  Unzipping SDK Platform Android 4.1.2, API 16, revision 5 (50%)  Unzipping SDK Platform Android 4.1.2, API 16, revision 5 (51%)  Unzipping SDK Platform Android 4.1.2, API 16, revision 5 (52%)  Unzipping SDK Platform Android 4.1.2, API 16, revision 5 (53%)  Unzipping SDK Platform Android 4.1.2, API 16, revision 5 (54%)  Unzipping SDK Platform Android 4.1.2, API 16, revision 5 (55%)  Unzipping SDK Platform Android 4.1.2, API 16, revision 5 (72%)  Unzipping SDK Platform Android 4.1.2, API 16, revision 5 (73%)  Unzipping SDK Platform Android 4.1.2, API 16, revision 5 (74%)  Unzipping SDK Platform Android 4.1.2, API 16, revision 5 (77%)  Unzipping SDK Platform Android 4.1.2, API 16, revision 5 (78%)  Unzipping SDK Platform Android 4.1.2, API 16, revision 5 (79%)  Unzipping SDK Platform Android 4.1.2, API 16, revision 5 (81%)  Unzipping SDK Platform Android 4.1.2, API 16, revision 5 (82%)  Unzipping SDK Platform Android 4.1.2, API 16, revision 5 (83%)  Unzipping SDK Platform Android 4.1.2, API 16, revision 5 (86%)  Unzipping SDK Platform Android 4.1.2, API 16, revision 5 (87%)  Unzipping SDK Platform Android 4.1.2, API 16, revision 5 (92%)  Unzipping SDK Platform Android 4.1.2, API 16, revision 5 (96%)    Installed SDK Platform Android 4.1.2, API 16, revision 5
  Done. 1 package installed.
travis_time:end:081520b3:start=1438488976690824576,finish=1438489002171206946,duration=25480382370[0Ktravis_fold:end:android.install[0K$ java -Xmx32m -version
java version "1.8.0_31"
Java(TM) SE Runtime Environment (build 1.8.0_31-b13)
Java HotSpot(TM) 64-Bit Server VM (build 25.31-b07, mixed mode)
$ javac -J-Xmx32m -version
javac 1.8.0_31
travis_time:start:184a7d9e[0K$ mvn install -B
Java HotSpot(TM) 64-Bit Server VM warning: ignoring option MaxPermSize=192m; support was removed in 8.0
[INFO] Scanning for projects...
[INFO] Downloading: https://repository.apache.org/snapshots/com/[secure]/butterknife/7.0.2-SNAPSHOT/maven-metadata.xml
[INFO] Downloading: https://repository.apache.org/snapshots/com/[secure]/butterknife-compiler/7.0.2-SNAPSHOT/maven-metadata.xml
[INFO] ------------------------------------------------------------------------
[INFO] Reactor Build Order:
[INFO] 
[INFO] Butter Knife (Parent)
[INFO] Butter Knife
[INFO] Butter Knife Compiler
[INFO] Butter Knife Sample
[INFO]                                                                         
[INFO] ------------------------------------------------------------------------
[INFO] Building Butter Knife (Parent) 7.0.2-SNAPSHOT
[INFO] ------------------------------------------------------------------------
[INFO] 
[INFO] --- maven-enforcer-plugin:1.0:enforce (enforce-maven) @ butterknife-parent ---
[INFO] 
[INFO] --- maven-checkstyle-plugin:2.9.1:checkstyle (default) @ butterknife-parent ---
[INFO] 
[INFO] --- maven-install-plugin:2.4:install (default-install) @ butterknife-parent ---
[INFO] Installing /home/travis/build/JakeWharton/butterknife/pom.xml to /home/travis/.m2/repository/com/[secure]/butterknife-parent/7.0.2-SNAPSHOT/butterknife-parent-7.0.2-SNAPSHOT.pom
[INFO]                                                                         
[INFO] ------------------------------------------------------------------------
[INFO] Building Butter Knife 7.0.2-SNAPSHOT
[INFO] ------------------------------------------------------------------------
[INFO] 
[INFO] --- maven-enforcer-plugin:1.0:enforce (enforce-maven) @ butterknife ---
[INFO] 
[INFO] --- maven-resources-plugin:2.6:resources (default-resources) @ butterknife ---
[INFO] Using 'UTF-8' encoding to copy filtered resources.
[INFO] skip non existing resourceDirectory /home/travis/build/JakeWharton/butterknife/butterknife/src/main/resources
[INFO] 
[INFO] --- maven-compiler-plugin:3.0:compile (default-compile) @ butterknife ---
[INFO] Changes detected - recompiling the module!
[INFO] Compiling 27 source files to /home/travis/build/JakeWharton/butterknife/butterknife/target/classes
[WARNING] bootstrap class path not set in conjunction with -source 1.7
[WARNING] /home/travis/build/JakeWharton/butterknife/butterknife/src/main/java/butterknife/ButterKnife.java: /home/travis/build/JakeWharton/butterknife/butterknife/src/main/java/butterknife/ButterKnife.java uses unchecked or unsafe operations.
[WARNING] /home/travis/build/JakeWharton/butterknife/butterknife/src/main/java/butterknife/ButterKnife.java: Recompile with -Xlint:unchecked for details.
[INFO] 
[INFO] --- maven-resources-plugin:2.6:testResources (default-testResources) @ butterknife ---
[INFO] Using 'UTF-8' encoding to copy filtered resources.
[INFO] skip non existing resourceDirectory /home/travis/build/JakeWharton/butterknife/butterknife/src/test/resources
[INFO] 
[INFO] --- maven-compiler-plugin:3.0:testCompile (default-testCompile) @ butterknife ---
[INFO] Changes detected - recompiling the module!
[INFO] Compiling 2 source files to /home/travis/build/JakeWharton/butterknife/butterknife/target/test-classes
[WARNING] bootstrap class path not set in conjunction with -source 1.7
[INFO] 
[INFO] --- maven-surefire-plugin:2.12.4:test (default-test) @ butterknife ---
[INFO] Surefire report directory: /home/travis/build/JakeWharton/butterknife/butterknife/target/surefire-reports

-------------------------------------------------------
 T E S T S
-------------------------------------------------------
Running butterknife.ButterKnifeTest
WARNING: no system properties value for ro.build.date.utc
Tests run: 10, Failures: 0, Errors: 0, Skipped: 0, Time elapsed: 13.55 sec

Results :

Tests run: 10, Failures: 0, Errors: 0, Skipped: 0

[INFO] 
[INFO] --- maven-jar-plugin:2.4:jar (default-jar) @ butterknife ---
[INFO] Building jar: /home/travis/build/JakeWharton/butterknife/butterknife/target/butterknife-7.0.2-SNAPSHOT.jar
[INFO] 
[INFO] --- maven-checkstyle-plugin:2.9.1:checkstyle (default) @ butterknife ---
[INFO] Starting audit...
Audit done.

[WARNING] Unable to locate Source XRef to link to - DISABLED
[INFO] 
[INFO] --- maven-install-plugin:2.4:install (default-install) @ butterknife ---
[INFO] Installing /home/travis/build/JakeWharton/butterknife/butterknife/target/butterknife-7.0.2-SNAPSHOT.jar to /home/travis/.m2/repository/com/[secure]/butterknife/7.0.2-SNAPSHOT/butterknife-7.0.2-SNAPSHOT.jar
[INFO] Installing /home/travis/build/JakeWharton/butterknife/butterknife/pom.xml to /home/travis/.m2/repository/com/[secure]/butterknife/7.0.2-SNAPSHOT/butterknife-7.0.2-SNAPSHOT.pom
[INFO]                                                                         
[INFO] ------------------------------------------------------------------------
[INFO] Building Butter Knife Compiler 7.0.2-SNAPSHOT
[INFO] ------------------------------------------------------------------------
[INFO] 
[INFO] --- maven-enforcer-plugin:1.0:enforce (enforce-maven) @ butterknife-compiler ---
[INFO] 
[INFO] --- maven-resources-plugin:2.6:resources (default-resources) @ butterknife-compiler ---
[INFO] Using 'UTF-8' encoding to copy filtered resources.
[INFO] Copying 1 resource
[INFO] 
[INFO] --- maven-compiler-plugin:3.0:compile (default-compile) @ butterknife-compiler ---
[INFO] Changes detected - recompiling the module!
[INFO] Compiling 10 source files to /home/travis/build/JakeWharton/butterknife/butterknife-compiler/target/classes
[WARNING] bootstrap class path not set in conjunction with -source 1.7
[INFO] 
[INFO] --- maven-resources-plugin:2.6:testResources (default-testResources) @ butterknife-compiler ---
[INFO] Using 'UTF-8' encoding to copy filtered resources.
[INFO] skip non existing resourceDirectory /home/travis/build/JakeWharton/butterknife/butterknife-compiler/src/test/resources
[INFO] 
[INFO] --- maven-compiler-plugin:3.0:testCompile (default-testCompile) @ butterknife-compiler ---
[INFO] Changes detected - recompiling the module!
[INFO] Compiling 22 source files to /home/travis/build/JakeWharton/butterknife/butterknife-compiler/target/test-classes
[WARNING] bootstrap class path not set in conjunction with -source 1.7
[INFO] 
[INFO] --- maven-surefire-plugin:2.12.4:test (default-test) @ butterknife-compiler ---
[INFO] Surefire report directory: /home/travis/build/JakeWharton/butterknife/butterknife-compiler/target/surefire-reports

-------------------------------------------------------
 T E S T S
-------------------------------------------------------
Running butterknife.internal.BindArrayTest
Tests run: 5, Failures: 0, Errors: 0, Skipped: 0, Time elapsed: 4.611 sec
Running butterknife.internal.ViewBindingClassTest
Tests run: 1, Failures: 0, Errors: 0, Skipped: 0, Time elapsed: 0.024 sec
Running butterknife.internal.OnTextChangedTest
Tests run: 1, Failures: 0, Errors: 0, Skipped: 0, Time elapsed: 0.267 sec
Running butterknife.internal.OnItemClickTest
Tests run: 7, Failures: 0, Errors: 0, Skipped: 0, Time elapsed: 3.083 sec
Running butterknife.internal.OnTouchTest
Tests run: 2, Failures: 0, Errors: 0, Skipped: 0, Time elapsed: 0.566 sec
Running butterknife.internal.OnItemLongClickTest
Tests run: 1, Failures: 0, Errors: 0, Skipped: 0, Time elapsed: 0.464 sec
Running butterknife.internal.BindIntTest
Tests run: 2, Failures: 0, Errors: 0, Skipped: 0, Time elapsed: 0.57 sec
Running butterknife.internal.OnPageChangeTest
Tests run: 1, Failures: 0, Errors: 0, Skipped: 0, Time elapsed: 0.219 sec
Running butterknife.internal.OnEditorActionTest
Tests run: 1, Failures: 0, Errors: 0, Skipped: 0, Time elapsed: 0.166 sec
Running butterknife.internal.OnClickTest
Tests run: 17, Failures: 0, Errors: 0, Skipped: 0, Time elapsed: 1.973 sec
Running butterknife.internal.BindTest
Tests run: 32, Failures: 0, Errors: 0, Skipped: 0, Time elapsed: 2.34 sec
Running butterknife.internal.BindColorTest
Tests run: 3, Failures: 0, Errors: 0, Skipped: 0, Time elapsed: 0.21 sec
Running butterknife.internal.OnLongClickTest
Tests run: 2, Failures: 0, Errors: 0, Skipped: 0, Time elapsed: 0.167 sec
Running butterknife.internal.AllTheThingsTest
Tests run: 1, Failures: 0, Errors: 0, Skipped: 0, Time elapsed: 1.383 sec
Running butterknife.internal.BindDrawableTest
Tests run: 2, Failures: 0, Errors: 0, Skipped: 0, Time elapsed: 0.203 sec
Running butterknife.internal.BindBoolTest
Tests run: 2, Failures: 0, Errors: 0, Skipped: 0, Time elapsed: 0.35 sec
Running butterknife.internal.BindStringTest
Tests run: 2, Failures: 0, Errors: 0, Skipped: 0, Time elapsed: 0.221 sec
Running butterknife.internal.OnCheckedChangedTest
Tests run: 1, Failures: 0, Errors: 0, Skipped: 0, Time elapsed: 0.08 sec
Running butterknife.internal.OnItemSelectedTest
Tests run: 4, Failures: 0, Errors: 0, Skipped: 0, Time elapsed: 0.507 sec
Running butterknife.internal.BindDimenTest
Tests run: 3, Failures: 0, Errors: 0, Skipped: 0, Time elapsed: 0.362 sec
Running butterknife.internal.BindBitmapTest
Tests run: 2, Failures: 0, Errors: 0, Skipped: 0, Time elapsed: 0.223 sec
Running butterknife.internal.OnFocusChangeTest
Tests run: 1, Failures: 0, Errors: 0, Skipped: 0, Time elapsed: 0.156 sec

Results :

Tests run: 93, Failures: 0, Errors: 0, Skipped: 0

[INFO] 
[INFO] --- maven-jar-plugin:2.4:jar (default-jar) @ butterknife-compiler ---
[INFO] Building jar: /home/travis/build/JakeWharton/butterknife/butterknife-compiler/target/butterknife-compiler-7.0.2-SNAPSHOT.jar
[INFO] 
[INFO] --- maven-checkstyle-plugin:2.9.1:checkstyle (default) @ butterknife-compiler ---
[INFO] Starting audit...
Audit done.

[WARNING] Unable to locate Source XRef to link to - DISABLED
[INFO] 
[INFO] --- maven-install-plugin:2.4:install (default-install) @ butterknife-compiler ---
[INFO] Installing /home/travis/build/JakeWharton/butterknife/butterknife-compiler/target/butterknife-compiler-7.0.2-SNAPSHOT.jar to /home/travis/.m2/repository/com/[secure]/butterknife-compiler/7.0.2-SNAPSHOT/butterknife-compiler-7.0.2-SNAPSHOT.jar
[INFO] Installing /home/travis/build/JakeWharton/butterknife/butterknife-compiler/pom.xml to /home/travis/.m2/repository/com/[secure]/butterknife-compiler/7.0.2-SNAPSHOT/butterknife-compiler-7.0.2-SNAPSHOT.pom
[INFO]                                                                         
[INFO] ------------------------------------------------------------------------
[INFO] Building Butter Knife Sample 7.0.2-SNAPSHOT
[INFO] ------------------------------------------------------------------------
[INFO] 
[INFO] --- maven-enforcer-plugin:1.0:enforce (enforce-maven) @ butterknife-sample ---
[INFO] 
[INFO] --- android-maven-plugin:4.1.0:generate-sources (default-generate-sources) @ butterknife-sample ---
[INFO] Manifest copied from /home/travis/build/JakeWharton/butterknife/butterknife-sample/src/main/AndroidManifest.xml to /home/travis/build/JakeWharton/butterknife/butterknife-sample/target/AndroidManifest.xml
[INFO] Extracting libs
[INFO] Generating R file for com.[secure]:butterknife-sample:apk:7.0.2-SNAPSHOT
[INFO] Adding R gen folder to compile classpath: /home/travis/build/JakeWharton/butterknife/butterknife-sample/target/generated-sources/r
[INFO] Adding AIDL gen folder to compile classpath: /home/travis/build/JakeWharton/butterknife/butterknife-sample/target/generated-sources/aidl
[INFO] 
[INFO] --- maven-resources-plugin:2.7:resources (default-resources) @ butterknife-sample ---
[INFO] Using 'UTF-8' encoding to copy filtered resources.
[INFO] skip non existing resourceDirectory /home/travis/build/JakeWharton/butterknife/butterknife-sample/src/main/resources
[INFO] 
[INFO] --- maven-compiler-plugin:3.0:compile (default-compile) @ butterknife-sample ---
[INFO] Changes detected - recompiling the module!
[INFO] Compiling 5 source files to /home/travis/build/JakeWharton/butterknife/butterknife-sample/target/classes
[WARNING] bootstrap class path not set in conjunction with -source 1.7
[INFO] 
[INFO] --- android-maven-plugin:4.1.0:emma (default-emma) @ butterknife-sample ---
[INFO] 
[INFO] --- android-maven-plugin:4.1.0:proguard (default-proguard) @ butterknife-sample ---
[INFO] 
[INFO] --- maven-resources-plugin:2.7:testResources (default-testResources) @ butterknife-sample ---
[INFO] Using 'UTF-8' encoding to copy filtered resources.
[INFO] skip non existing resourceDirectory /home/travis/build/JakeWharton/butterknife/butterknife-sample/src/test/resources
[INFO] 
[INFO] --- maven-compiler-plugin:3.0:testCompile (default-testCompile) @ butterknife-sample ---
[INFO] Changes detected - recompiling the module!
[INFO] Compiling 2 source files to /home/travis/build/JakeWharton/butterknife/butterknife-sample/target/test-classes
[WARNING] bootstrap class path not set in conjunction with -source 1.7
[INFO] 
[INFO] --- maven-surefire-plugin:2.18.1:test (default-test) @ butterknife-sample ---
[INFO] Surefire report directory: /home/travis/build/JakeWharton/butterknife/butterknife-sample/target/surefire-reports

-------------------------------------------------------
 T E S T S
-------------------------------------------------------
Running com.example.butterknife.SimpleAdapterTest
WARNING: no system properties value for ro.build.date.utc
DEBUG: Loading resources for com.example.butterknife from ./src/main/res...
DEBUG: Loading resources for android from jar:/home/travis/.m2/repository/org/robolectric/android-res/4.1.2_r1_rc/android-res-4.1.2_r1_rc-real.jar!/res...
Tests run: 1, Failures: 0, Errors: 0, Skipped: 0, Time elapsed: 19.375 sec - in com.example.butterknife.SimpleAdapterTest
Running com.example.butterknife.SimpleActivityTest
Tests run: 1, Failures: 0, Errors: 0, Skipped: 0, Time elapsed: 3.189 sec - in com.example.butterknife.SimpleActivityTest

Results :

Tests run: 2, Failures: 0, Errors: 0, Skipped: 0

[INFO] 
[INFO] --- android-maven-plugin:4.1.0:dex (default-dex) @ butterknife-sample ---
[INFO] Convert classes to Dex : /home/travis/build/JakeWharton/butterknife/butterknife-sample/target/classes.dex
[INFO] 
[INFO] --- maven-jar-plugin:2.6:jar (default-jar) @ butterknife-sample ---
[INFO] Building jar: /home/travis/build/JakeWharton/butterknife/butterknife-sample/target/butterknife-sample-7.0.2-SNAPSHOT.jar
[INFO] 
[INFO] --- android-maven-plugin:4.1.0:apk (default-apk) @ butterknife-sample ---
[INFO] Generating debug apk.
[INFO] Adding native libraries : []
[INFO] 
[INFO] --- android-maven-plugin:4.1.0:internal-pre-integration-test (default-internal-pre-integration-test) @ butterknife-sample ---
[INFO] No InstrumentationRunner found - skipping tests
[INFO] 
[INFO] --- android-maven-plugin:4.1.0:internal-integration-test (default-internal-integration-test) @ butterknife-sample ---
[INFO] No InstrumentationRunner found - skipping tests
[INFO] 
[INFO] --- maven-checkstyle-plugin:2.9.1:checkstyle (default) @ butterknife-sample ---
[INFO] Starting audit...
Audit done.

[WARNING] Unable to locate Source XRef to link to - DISABLED
[INFO] 
[INFO] --- maven-install-plugin:2.5.2:install (default-install) @ butterknife-sample ---
[INFO] Installing /home/travis/build/JakeWharton/butterknife/butterknife-sample/target/butterknife-sample-7.0.2-SNAPSHOT.apk to /home/travis/.m2/repository/com/[secure]/butterknife-sample/7.0.2-SNAPSHOT/butterknife-sample-7.0.2-SNAPSHOT.apk
[INFO] Installing /home/travis/build/JakeWharton/butterknife/butterknife-sample/pom.xml to /home/travis/.m2/repository/com/[secure]/butterknife-sample/7.0.2-SNAPSHOT/butterknife-sample-7.0.2-SNAPSHOT.pom
[INFO] Installing /home/travis/build/JakeWharton/butterknife/butterknife-sample/target/butterknife-sample-7.0.2-SNAPSHOT.jar to /home/travis/.m2/repository/com/[secure]/butterknife-sample/7.0.2-SNAPSHOT/butterknife-sample-7.0.2-SNAPSHOT.jar
[INFO] ------------------------------------------------------------------------
[INFO] Reactor Summary:
[INFO] 
[INFO] Butter Knife (Parent) .............................. SUCCESS [  2.367 s]
[INFO] Butter Knife ....................................... SUCCESS [ 26.253 s]
[INFO] Butter Knife Compiler .............................. SUCCESS [ 25.122 s]
[INFO] Butter Knife Sample ................................ SUCCESS [ 38.347 s]
[INFO] ------------------------------------------------------------------------
[INFO] BUILD SUCCESS
[INFO] ------------------------------------------------------------------------
[INFO] Total time: 01:37 min
[INFO] Finished at: 2015-08-02T04:18:23+00:00
[INFO] Final Memory: 50M/448M
[INFO] ------------------------------------------------------------------------
travis_time:end:184a7d9e:start=1438489002595886085,finish=1438489104222685388,duration=101626799303[0K
[32;1mThe command "mvn install -B" exited with 0.[0m
travis_fold:start:cache.2[0Kstore build cache
travis_time:start:0a251250[0Kchange detected:
/home/travis/.m2/repository/com/[secure]/butterknife/7.0.2-SNAPSHOT/butterknife-7.0.2-SNAPSHOT.jar
/home/travis/.m2/repository/com/[secure]/butterknife/7.0.2-SNAPSHOT/butterknife-7.0.2-SNAPSHOT.jar
/home/travis/.m2/repository/com/[secure]/butterknife/7.0.2-SNAPSHOT/maven-metadata-local.xml
/home/travis/.m2/repository/com/[secure]/butterknife/7.0.2-SNAPSHOT/maven-metadata-local.xml
/home/travis/.m2/repository/com/[secure]/butterknife/7.0.2-SNAPSHOT/_remote.repositories
/home/travis/.m2/repository/com/[secure]/butterknife/7.0.2-SNAPSHOT/_remote.repositories
/home/travis/.m2/repository/com/[secure]/butterknife/7.0.2-SNAPSHOT/resolver-status.properties
/home/travis/.m2/repository/com/[secure]/butterknife/7.0.2-SNAPSHOT/resolver-status.properties
/home/travis/.m2/repository/com/[secure]/butterknife-compiler/7.0.2-SNAPSHOT/butterknife-compiler-7.0.2-SNAPSHOT.jar
/home/travis/.m2/repository/com/[secure]/butterknife-compiler/7.0.2-SNAPSHOT/butterknife-compiler-7.0.
...
changes detected, packing new archive
.
uploading archive
travis_time:end:0a251250:start=1438489104228470647,finish=1438489113067334942,duration=8838864295[0Ktravis_fold:end:cache.2[0Ktravis_fold:start:after_success[0Ktravis_time:start:09422770[0K$ .buildscript/deploy_snapshot.sh
Deploying snapshot...
Java HotSpot(TM) 64-Bit Server VM warning: ignoring option MaxPermSize=192m; support was removed in 8.0
[INFO] Scanning for projects...
[INFO] ------------------------------------------------------------------------
[INFO] Reactor Build Order:
[INFO] 
[INFO] Butter Knife (Parent)
[INFO] Butter Knife
[INFO] Butter Knife Compiler
[INFO] Butter Knife Sample
Downloading: https://repo.maven.apache.org/maven2/org/apache/maven/plugins/maven-release-plugin/2.4/maven-release-plugin-2.4.pom
4/12 KB   8/12 KB   12/12 KB              Downloaded: https://repo.maven.apache.org/maven2/org/apache/maven/plugins/maven-release-plugin/2.4/maven-release-plugin-2.4.pom (12 KB at 10.0 KB/sec)
Downloading: https://repo.maven.apache.org/maven2/org/apache/maven/release/maven-release/2.4/maven-release-2.4.pom
4/11 KB    8/11 KB   11/11 KB              Downloaded: https://repo.maven.apache.org/maven2/org/apache/maven/release/maven-release/2.4/maven-release-2.4.pom (11 KB at 173.1 KB/sec)
Downloading: https://repo.maven.apache.org/maven2/org/apache/maven/plugins/maven-release-plugin/2.4/maven-release-plugin-2.4.jar
4/50 KB    8/50 KB   12/50 KB   16/50 KB   20/50 KB   24/50 KB   28/50 KB   32/50 KB   36/50 KB   40/50 KB   44/50 KB   48/50 KB   50/50 KB              Downloaded: https://repo.maven.apache.org/maven2/org/apache/maven/plugins/maven-release-plugin/2.4/maven-release-plugin-2.4.jar (50 KB at 642.8 KB/sec)
Downloading: https://repo.maven.apache.org/maven2/org/apache/maven/plugins/maven-clean-plugin/2.5/maven-clean-plugin-2.5.pom
4/4 KB              Downloaded: https://repo.maven.apache.org/maven2/org/apache/maven/plugins/maven-clean-plugin/2.5/maven-clean-plugin-2.5.pom (4 KB at 273.4 KB/sec)
Downloading: https://repo.maven.apache.org/maven2/org/apache/maven/plugins/maven-clean-plugin/2.5/maven-clean-plugin-2.5.jar
4/25 KB   8/25 KB   12/25 KB   16/25 KB   20/25 KB   24/25 KB   25/25 KB              Downloaded: https://repo.maven.apache.org/maven2/org/apache/maven/plugins/maven-clean-plugin/2.5/maven-clean-plugin-2.5.jar (25 KB at 801.9 KB/sec)
Downloading: https://repo.maven.apache.org/maven2/org/apache/maven/plugins/maven-deploy-plugin/2.7/maven-deploy-plugin-2.7.pom
4/6 KB     6/6 KB            Downloaded: https://repo.maven.apache.org/maven2/org/apache/maven/plugins/maven-deploy-plugin/2.7/maven-deploy-plugin-2.7.pom (6 KB at 195.8 KB/sec)
Downloading: https://repo.maven.apache.org/maven2/org/apache/maven/plugins/maven-deploy-plugin/2.7/maven-deploy-plugin-2.7.jar
4/27 KB   8/27 KB   12/27 KB   16/27 KB   20/27 KB   24/27 KB   27/27 KB              Downloaded: https://repo.maven.apache.org/maven2/org/apache/maven/plugins/maven-deploy-plugin/2.7/maven-deploy-plugin-2.7.jar (27 KB at 275.8 KB/sec)
Downloading: https://repo.maven.apache.org/maven2/org/apache/maven/plugins/maven-site-plugin/3.3/maven-site-plugin-3.3.pom
4/21 KB    8/21 KB   12/21 KB   16/21 KB   20/21 KB   21/21 KB              Downloaded: https://repo.maven.apache.org/maven2/org/apache/maven/plugins/maven-site-plugin/3.3/maven-site-plugin-3.3.pom (21 KB at 294.6 KB/sec)
Downloading: https://repo.maven.apache.org/maven2/org/apache/maven/plugins/maven-plugins/24/maven-plugins-24.pom
4/11 KB    8/11 KB   11/11 KB              Downloaded: https://repo.maven.apache.org/maven2/org/apache/maven/plugins/maven-plugins/24/maven-plugins-24.pom (11 KB at 206.9 KB/sec)
Downloading: https://repo.maven.apache.org/maven2/org/apache/maven/plugins/maven-site-plugin/3.3/maven-site-plugin-3.3.jar
4/122 KB   8/122 KB   12/122 KB   16/122 KB   20/122 KB   24/122 KB   28/122 KB   32/122 KB   36/122 KB   40/122 KB   44/122 KB   48/122 KB   52/122 KB   56/122 KB   60/122 KB   64/122 KB   68/122 KB   72/122 KB   76/122 KB   80/122 KB   84/122 KB   84/122 KB   88/122 KB   92/122 KB   96/122 KB   100/122 KB   104/122 KB   108/122 KB   112/122 KB   116/122 KB   120/122 KB   122/122 KB                Downloaded: https://repo.maven.apache.org/maven2/org/apache/maven/plugins/maven-site-plugin/3.3/maven-site-plugin-3.3.jar (122 KB at 604.2 KB/sec)
Downloading: https://repo.maven.apache.org/maven2/org/apache/maven/plugins/maven-antrun-plugin/1.3/maven-antrun-plugin-1.3.pom
4/5 KB       5/5 KB            Downloaded: https://repo.maven.apache.org/maven2/org/apache/maven/plugins/maven-antrun-plugin/1.3/maven-antrun-plugin-1.3.pom (5 KB at 159.3 KB/sec)
Downloading: https://repo.maven.apache.org/maven2/org/apache/maven/plugins/maven-plugins/12/maven-plugins-12.pom
4/12 KB   8/12 KB   12/12 KB              Downloaded: https://repo.maven.apache.org/maven2/org/apache/maven/plugins/maven-plugins/12/maven-plugins-12.pom (12 KB at 310.1 KB/sec)
Downloading: https://repo.maven.apache.org/maven2/org/apache/maven/maven-parent/9/maven-parent-9.pom
4/33 KB    8/33 KB   12/33 KB   16/33 KB   20/33 KB   24/33 KB   28/33 KB   32/33 KB   33/33 KB              Downloaded: https://repo.maven.apache.org/maven2/org/apache/maven/maven-parent/9/maven-parent-9.pom (33 KB at 471.6 KB/sec)
Downloading: https://repo.maven.apache.org/maven2/org/apache/maven/plugins/maven-antrun-plugin/1.3/maven-antrun-plugin-1.3.jar
4/24 KB    8/24 KB   12/24 KB   16/24 KB   20/24 KB   24/24 KB              Downloaded: https://repo.maven.apache.org/maven2/org/apache/maven/plugins/maven-antrun-plugin/1.3/maven-antrun-plugin-1.3.jar (24 KB at 500.4 KB/sec)
Downloading: https://repo.maven.apache.org/maven2/org/apache/maven/plugins/maven-assembly-plugin/2.2-beta-5/maven-assembly-plugin-2.2-beta-5.pom
4/15 KB    8/15 KB   12/15 KB   15/15 KB              Downloaded: https://repo.maven.apache.org/maven2/org/apache/maven/plugins/maven-assembly-plugin/2.2-beta-5/maven-assembly-plugin-2.2-beta-5.pom (15 KB at 435.4 KB/sec)
Downloading: https://repo.maven.apache.org/maven2/org/apache/maven/plugins/maven-plugins/16/maven-plugins-16.pom
4/13 KB    8/13 KB   12/13 KB   13/13 KB              Downloaded: https://repo.maven.apache.org/maven2/org/apache/maven/plugins/maven-plugins/16/maven-plugins-16.pom (13 KB at 371.9 KB/sec)
Downloading: https://repo.maven.apache.org/maven2/org/apache/maven/maven-parent/15/maven-parent-15.pom
4/24 KB    8/24 KB   12/24 KB   16/24 KB   20/24 KB   24/24 KB              Downloaded: https://repo.maven.apache.org/maven2/org/apache/maven/maven-parent/15/maven-parent-15.pom (24 KB at 450.8 KB/sec)
Downloading: https://repo.maven.apache.org/maven2/org/apache/maven/plugins/maven-assembly-plugin/2.2-beta-5/maven-assembly-plugin-2.2-beta-5.jar
4/204 KB   8/204 KB   12/204 KB   16/204 KB   20/204 KB   24/204 KB   28/204 KB   32/204 KB   36/204 KB   40/204 KB   44/204 KB   48/204 KB   52/204 KB   56/204 KB   60/204 KB   64/204 KB   68/204 KB   72/204 KB   76/204 KB   80/204 KB   84/204 KB   88/204 KB   92/204 KB   96/204 KB   100/204 KB   104/204 KB   108/204 KB   112/204 KB   116/204 KB   120/204 KB   124/204 KB   128/204 KB   132/204 KB   136/204 KB   140/204 KB   144/204 KB   148/204 KB   152/204 KB   156/204 KB   160/204 KB   164/204 KB   168/204 KB   172/204 KB   176/204 KB   180/204 KB   184/204 KB   188/204 KB   192/204 KB   196/204 KB   200/204 KB   204/204 KB   204/204 KB                Downloaded: https://repo.maven.apache.org/maven2/org/apache/maven/plugins/maven-assembly-plugin/2.2-beta-5/maven-assembly-plugin-2.2-beta-5.jar (204 KB at 971.3 KB/sec)
Downloading: https://repo.maven.apache.org/maven2/org/apache/maven/plugins/maven-dependency-plugin/2.8/maven-dependency-plugin-2.8.pom
4/12 KB      8/12 KB   12/12 KB              Downloaded: https://repo.maven.apache.org/maven2/org/apache/maven/plugins/maven-dependency-plugin/2.8/maven-dependency-plugin-2.8.pom (12 KB at 559.3 KB/sec)
Downloading: https://repo.maven.apache.org/maven2/org/apache/maven/plugins/maven-dependency-plugin/2.8/maven-dependency-plugin-2.8.jar
4/150 KB   8/150 KB   12/150 KB   16/150 KB   20/150 KB   24/150 KB   28/150 KB   32/150 KB   36/150 KB   40/150 KB   44/150 KB   48/150 KB   52/150 KB   56/150 KB   60/150 KB   64/150 KB   68/150 KB   72/150 KB   76/150 KB   80/150 KB   84/150 KB   88/150 KB   92/150 KB   96/150 KB   100/150 KB   104/150 KB   108/150 KB   112/150 KB   116/150 KB   120/150 KB   124/150 KB   128/150 KB   132/150 KB   136/150 KB   140/150 KB   144/150 KB   148/150 KB   150/150 KB                Downloaded: https://repo.maven.apache.org/maven2/org/apache/maven/plugins/maven-dependency-plugin/2.8/maven-dependency-plugin-2.8.jar (150 KB at 2168.0 KB/sec)
Downloading: https://repo.maven.apache.org/maven2/org/apache/maven/plugins/maven-release-plugin/2.1/maven-release-plugin-2.1.pom
4/9 KB       8/9 KB   9/9 KB            Downloaded: https://repo.maven.apache.org/maven2/org/apache/maven/plugins/maven-release-plugin/2.1/maven-release-plugin-2.1.pom (9 KB at 573.5 KB/sec)
Downloading: https://repo.maven.apache.org/maven2/org/apache/maven/release/maven-release/2.1/maven-release-2.1.pom
4/7 KB   7/7 KB            Downloaded: https://repo.maven.apache.org/maven2/org/apache/maven/release/maven-release/2.1/maven-release-2.1.pom (7 KB at 265.6 KB/sec)
Downloading: https://repo.maven.apache.org/maven2/org/apache/maven/plugins/maven-release-plugin/2.1/maven-release-plugin-2.1.jar
4/40 KB   8/40 KB   12/40 KB   16/40 KB   20/40 KB   24/40 KB   28/40 KB   32/40 KB   36/40 KB   40/40 KB              Downloaded: https://repo.maven.apache.org/maven2/org/apache/maven/plugins/maven-release-plugin/2.1/maven-release-plugin-2.1.jar (40 KB at 1508.5 KB/sec)
Downloading: https://repo.maven.apache.org/maven2/org/apache/maven/plugins/maven-javadoc-plugin/2.9/maven-javadoc-plugin-2.9.pom
4/16 KB    8/16 KB   12/16 KB   16/16 KB              Downloaded: https://repo.maven.apache.org/maven2/org/apache/maven/plugins/maven-javadoc-plugin/2.9/maven-javadoc-plugin-2.9.pom (16 KB at 519.4 KB/sec)
Downloading: https://repo.maven.apache.org/maven2/org/apache/maven/plugins/maven-javadoc-plugin/2.9/maven-javadoc-plugin-2.9.jar
4/354 KB   8/354 KB   12/354 KB   16/354 KB   20/354 KB   24/354 KB   28/354 KB   32/354 KB   36/354 KB   40/354 KB   44/354 KB   48/354 KB   52/354 KB   56/354 KB   60/354 KB   64/354 KB   68/354 KB   72/354 KB   76/354 KB   80/354 KB   84/354 KB   88/354 KB   92/354 KB   96/354 KB   100/354 KB   104/354 KB   108/354 KB   112/354 KB   116/354 KB   120/354 KB   124/354 KB   128/354 KB   132/354 KB   136/354 KB   140/354 KB   144/354 KB   148/354 KB   152/354 KB   156/354 KB   160/354 KB   164/354 KB   168/354 KB   172/354 KB   176/354 KB   180/354 KB   184/354 KB   188/354 KB   192/354 KB   196/354 KB   200/354 KB   204/354 KB   208/354 KB   212/354 KB   216/354 KB   220/354 KB   224/354 KB   228/354 KB   232/354 KB   236/354 KB   240/354 KB   244/354 KB   248/354 KB   252/354 KB   256/354 KB   260/354 KB   264/354 KB   268/354 KB   272/354 KB   276/354 KB   280/354 KB   284/354 KB   288/354 KB   292/354 KB   296/354 KB   300/354 KB   304/354 KB   308/354 KB   312/354 KB   316/354 KB   320/354 KB   324/354 KB   328/354 KB   332/354 KB   336/354 KB   340/354 KB   344/354 KB   348/354 KB   352/354 KB   354/354 KB                Downloaded: https://repo.maven.apache.org/maven2/org/apache/maven/plugins/maven-javadoc-plugin/2.9/maven-javadoc-plugin-2.9.jar (354 KB at 1187.8 KB/sec)
Downloading: https://repo.maven.apache.org/maven2/org/apache/maven/plugins/maven-metadata.xml
4/13 KB      8/13 KB   12/13 KB   13/13 KB   Downloading: https://repo.maven.apache.org/maven2/org/codehaus/mojo/maven-metadata.xml
4/20 KB   13/13 KB   8/20 KB   13/13 KB   12/20 KB   13/13 KB   16/20 KB   13/13 KB   20/20 KB   13/13 KB   20/20 KB   13/13 KB                         Downloaded: https://repo.maven.apache.org/maven2/org/codehaus/mojo/maven-metadata.xml (20 KB at 421.4 KB/sec)
                      Downloaded: https://repo.maven.apache.org/maven2/org/apache/maven/plugins/maven-metadata.xml (13 KB at 107.5 KB/sec)
Downloading: https://repo.maven.apache.org/maven2/org/apache/maven/plugins/maven-source-plugin/maven-metadata.xml
746/746 B                         Downloaded: https://repo.maven.apache.org/maven2/org/apache/maven/plugins/maven-source-plugin/maven-metadata.xml (746 B at 31.7 KB/sec)
Downloading: https://repo.maven.apache.org/maven2/org/apache/maven/plugins/maven-source-plugin/2.4/maven-source-plugin-2.4.pom
4/7 KB      7/7 KB            Downloaded: https://repo.maven.apache.org/maven2/org/apache/maven/plugins/maven-source-plugin/2.4/maven-source-plugin-2.4.pom (7 KB at 282.1 KB/sec)
Downloading: https://repo.maven.apache.org/maven2/org/apache/maven/plugins/maven-source-plugin/2.4/maven-source-plugin-2.4.jar
4/31 KB   8/31 KB   12/31 KB   16/31 KB   20/31 KB   24/31 KB   28/31 KB   31/31 KB              Downloaded: https://repo.maven.apache.org/maven2/org/apache/maven/plugins/maven-source-plugin/2.4/maven-source-plugin-2.4.jar (31 KB at 260.1 KB/sec)
[INFO]                                                                         
[INFO] ------------------------------------------------------------------------
[INFO] Building Butter Knife (Parent) 7.0.2-SNAPSHOT
[INFO] ------------------------------------------------------------------------
[INFO] 
[INFO] --- maven-clean-plugin:2.5:clean (default-clean) @ butterknife-parent ---
[INFO] 
[INFO] >>> maven-source-plugin:2.4:jar (default-cli) > generate-sources @ butterknife-parent >>>
[INFO] 
[INFO] --- maven-enforcer-plugin:1.0:enforce (enforce-maven) @ butterknife-parent ---
[INFO] 
[INFO] <<< maven-source-plugin:2.4:jar (default-cli) < generate-sources @ butterknife-parent <<<
[INFO] 
[INFO] --- maven-source-plugin:2.4:jar (default-cli) @ butterknife-parent ---
Downloading: https://repo.maven.apache.org/maven2/org/codehaus/plexus/plexus-archiver/2.6.3/plexus-archiver-2.6.3.pom
4/4 KB              Downloaded: https://repo.maven.apache.org/maven2/org/codehaus/plexus/plexus-archiver/2.6.3/plexus-archiver-2.6.3.pom (4 KB at 133.9 KB/sec)
Downloading: https://repo.maven.apache.org/maven2/org/codehaus/plexus/plexus-utils/3.0.18/plexus-utils-3.0.18.pom
4/4 KB            Downloaded: https://repo.maven.apache.org/maven2/org/codehaus/plexus/plexus-utils/3.0.18/plexus-utils-3.0.18.pom (4 KB at 127.5 KB/sec)
Downloading: https://repo.maven.apache.org/maven2/org/codehaus/plexus/plexus-io/2.1.3/plexus-io-2.1.3.pom
3/3 KB            Downloaded: https://repo.maven.apache.org/maven2/org/codehaus/plexus/plexus-io/2.1.3/plexus-io-2.1.3.pom (3 KB at 182.7 KB/sec)
Downloading: https://repo.maven.apache.org/maven2/org/codehaus/plexus/plexus-archiver/2.6.3/plexus-archiver-2.6.3.jar
Downloading: https://repo.maven.apache.org/maven2/org/codehaus/plexus/plexus-io/2.1.3/plexus-io-2.1.3.jar
Downloading: https://repo.maven.apache.org/maven2/org/codehaus/plexus/plexus-utils/3.0.18/plexus-utils-3.0.18.jar
4/129 KB   8/129 KB   12/129 KB   16/129 KB   20/129 KB   20/129 KB   4/65 KB   20/129 KB   8/65 KB   20/129 KB   12/65 KB   20/129 KB   16/65 KB   24/129 KB   16/65 KB   28/129 KB   16/65 KB   32/129 KB   16/65 KB   32/129 KB   20/65 KB   32/129 KB   24/65 KB   32/129 KB   28/65 KB   32/129 KB   32/65 KB   36/129 KB   32/65 KB   40/129 KB   32/65 KB   44/129 KB   32/65 KB   48/129 KB   32/65 KB   52/129 KB   32/65 KB   52/129 KB   36/65 KB   52/129 KB   40/65 KB   4/238 KB   52/129 KB   44/65 KB   4/238 KB   52/129 KB   48/65 KB   4/238 KB   52/129 KB   52/65 KB   4/238 KB   52/129 KB   36/65 KB   4/238 KB   56/129 KB   52/65 KB   4/238 KB   56/129 KB   52/65 KB   8/238 KB   60/129 KB   52/65 KB   8/238 KB   60/129 KB   52/65 KB   12/238 KB   60/129 KB   52/65 KB   16/238 KB   60/129 KB   52/65 KB   20/238 KB   60/129 KB   52/65 KB   24/238 KB   60/129 KB   52/65 KB   28/238 KB   60/129 KB   52/65 KB   32/238 KB   60/129 KB   52/65 KB   36/238 KB   64/129 KB   56/65 KB   40/238 KB   64/129 KB   56/65 KB   44/238 KB   64/129 KB   56/65 KB   48/238 KB   64/129 KB   52/65 KB   36/238 KB   64/129 KB   56/65 KB   36/238 KB   64/129 KB   60/65 KB   48/238 KB   64/129 KB   64/65 KB   48/238 KB   64/129 KB   65/65 KB   48/238 KB   68/129 KB   65/65 KB   48/238 KB   72/129 KB   65/65 KB   48/238 KB   76/129 KB   65/65 KB   48/238 KB   80/129 KB   65/65 KB   48/238 KB                                      Downloaded: https://repo.maven.apache.org/maven2/org/codehaus/plexus/plexus-io/2.1.3/plexus-io-2.1.3.jar (65 KB at 301.8 KB/sec)
80/129 KB   52/238 KB              80/129 KB   56/238 KB   80/129 KB   60/238 KB   80/129 KB   64/238 KB   80/129 KB   68/238 KB   84/129 KB   68/238 KB   88/129 KB   68/238 KB   92/129 KB   68/238 KB   96/129 KB   68/238 KB   100/129 KB   68/238 KB   104/129 KB   72/238 KB   108/129 KB   72/238 KB   112/129 KB   72/238 KB   100/129 KB   72/238 KB   112/129 KB   76/238 KB   112/129 KB   80/238 KB   112/129 KB   84/238 KB   116/129 KB   88/238 KB   116/129 KB   92/238 KB   116/129 KB   96/238 KB   116/129 KB   100/238 KB   116/129 KB   84/238 KB   120/129 KB   100/238 KB   124/129 KB   100/238 KB   128/129 KB   100/238 KB   129/129 KB   100/238 KB   129/129 KB   104/238 KB   129/129 KB   108/238 KB   129/129 KB   112/238 KB                             Downloaded: https://repo.maven.apache.org/maven2/org/codehaus/plexus/plexus-archiver/2.6.3/plexus-archiver-2.6.3.jar (129 KB at 370.7 KB/sec)
116/238 KB                120/238 KB   124/238 KB   128/238 KB   132/238 KB   136/238 KB   140/238 KB   144/238 KB   148/238 KB   152/238 KB   156/238 KB   160/238 KB   164/238 KB   168/238 KB   172/238 KB   176/238 KB   180/238 KB   184/238 KB   188/238 KB   192/238 KB   196/238 KB   200/238 KB   204/238 KB   208/238 KB   212/238 KB   216/238 KB   220/238 KB   224/238 KB   228/238 KB   232/238 KB   236/238 KB   238/238 KB                Downloaded: https://repo.maven.apache.org/maven2/org/codehaus/plexus/plexus-utils/3.0.18/plexus-utils-3.0.18.jar (238 KB at 553.2 KB/sec)
[INFO] 
[INFO] --- maven-javadoc-plugin:2.9:jar (default-cli) @ butterknife-parent ---
Downloading: https://repo.maven.apache.org/maven2/org/apache/maven/shared/maven-invoker/2.0.9/maven-invoker-2.0.9.pom
4/6 KB       6/6 KB            Downloaded: https://repo.maven.apache.org/maven2/org/apache/maven/shared/maven-invoker/2.0.9/maven-invoker-2.0.9.pom (6 KB at 104.5 KB/sec)
Downloading: https://repo.maven.apache.org/maven2/org/codehaus/plexus/plexus-utils/1.5.6/plexus-utils-1.5.6.pom
4/6 KB   6/6 KB            Downloaded: https://repo.maven.apache.org/maven2/org/codehaus/plexus/plexus-utils/1.5.6/plexus-utils-1.5.6.pom (6 KB at 147.9 KB/sec)
Downloading: https://repo.maven.apache.org/maven2/org/codehaus/plexus/plexus/1.0.12/plexus-1.0.12.pom
4/10 KB   8/10 KB   10/10 KB              Downloaded: https://repo.maven.apache.org/maven2/org/codehaus/plexus/plexus/1.0.12/plexus-1.0.12.pom (10 KB at 382.8 KB/sec)
Downloading: https://repo.maven.apache.org/maven2/org/apache/maven/maven-artifact/2.0.8/maven-artifact-2.0.8.pom
2/2 KB              Downloaded: https://repo.maven.apache.org/maven2/org/apache/maven/maven-artifact/2.0.8/maven-artifact-2.0.8.pom (2 KB at 54.5 KB/sec)
Downloading: https://repo.maven.apache.org/maven2/org/codehaus/plexus/plexus-utils/1.4.6/plexus-utils-1.4.6.pom
3/3 KB            Downloaded: https://repo.maven.apache.org/maven2/org/codehaus/plexus/plexus-utils/1.4.6/plexus-utils-1.4.6.pom (3 KB at 110.6 KB/sec)
Downloading: https://repo.maven.apache.org/maven2/org/apache/maven/maven-project/2.0.8/maven-project-2.0.8.pom
3/3 KB            Downloaded: https://repo.maven.apache.org/maven2/org/apache/maven/maven-project/2.0.8/maven-project-2.0.8.pom (3 KB at 264.6 KB/sec)
Downloading: https://repo.maven.apache.org/maven2/org/apache/maven/maven-settings/2.0.8/maven-settings-2.0.8.pom
3/3 KB            Downloaded: https://repo.maven.apache.org/maven2/org/apache/maven/maven-settings/2.0.8/maven-settings-2.0.8.pom (3 KB at 167.5 KB/sec)
Downloading: https://repo.maven.apache.org/maven2/org/apache/maven/maven-profile/2.0.8/maven-profile-2.0.8.pom
2/2 KB            Downloaded: https://repo.maven.apache.org/maven2/org/apache/maven/maven-profile/2.0.8/maven-profile-2.0.8.pom (2 KB at 104.7 KB/sec)
Downloading: https://repo.maven.apache.org/maven2/org/apache/maven/maven-artifact-manager/2.0.8/maven-artifact-manager-2.0.8.pom
3/3 KB            Downloaded: https://repo.maven.apache.org/maven2/org/apache/maven/maven-artifact-manager/2.0.8/maven-artifact-manager-2.0.8.pom (3 KB at 239.7 KB/sec)
Downloading: https://repo.maven.apache.org/maven2/org/apache/maven/maven-repository-metadata/2.0.8/maven-repository-metadata-2.0.8.pom
2/2 KB            Downloaded: https://repo.maven.apache.org/maven2/org/apache/maven/maven-repository-metadata/2.0.8/maven-repository-metadata-2.0.8.pom (2 KB at 168.8 KB/sec)
Downloading: https://repo.maven.apache.org/maven2/org/apache/maven/maven-plugin-registry/2.0.8/maven-plugin-registry-2.0.8.pom
2/2 KB            Downloaded: https://repo.maven.apache.org/maven2/org/apache/maven/maven-plugin-registry/2.0.8/maven-plugin-registry-2.0.8.pom (2 KB at 14.8 KB/sec)
Downloading: https://repo.maven.apache.org/maven2/org/apache/maven/maven-plugin-api/2.0.8/maven-plugin-api-2.0.8.pom
2/2 KB            Downloaded: https://repo.maven.apache.org/maven2/org/apache/maven/maven-plugin-api/2.0.8/maven-plugin-api-2.0.8.pom (2 KB at 40.5 KB/sec)
Downloading: https://repo.maven.apache.org/maven2/org/codehaus/plexus/plexus-utils/1.4.9/plexus-utils-1.4.9.pom
3/3 KB            Downloaded: https://repo.maven.apache.org/maven2/org/codehaus/plexus/plexus-utils/1.4.9/plexus-utils-1.4.9.pom (3 KB at 46.7 KB/sec)
Downloading: https://repo.maven.apache.org/maven2/org/apache/maven/doxia/doxia-site-renderer/1.0/doxia-site-renderer-1.0.pom
4/5 KB   5/5 KB            Downloaded: https://repo.maven.apache.org/maven2/org/apache/maven/doxia/doxia-site-renderer/1.0/doxia-site-renderer-1.0.pom (5 KB at 94.0 KB/sec)
Downloading: https://repo.maven.apache.org/maven2/org/apache/maven/doxia/doxia-sitetools/1.0/doxia-sitetools-1.0.pom
4/10 KB   8/10 KB   10/10 KB              Downloaded: https://repo.maven.apache.org/maven2/org/apache/maven/doxia/doxia-sitetools/1.0/doxia-sitetools-1.0.pom (10 KB at 322.8 KB/sec)
Downloading: https://repo.maven.apache.org/maven2/org/apache/maven/doxia/doxia-core/1.0/doxia-core-1.0.pom
3/3 KB              Downloaded: https://repo.maven.apache.org/maven2/org/apache/maven/doxia/doxia-core/1.0/doxia-core-1.0.pom (3 KB at 46.8 KB/sec)
Downloading: https://repo.maven.apache.org/maven2/org/codehaus/plexus/plexus-utils/1.5.7/plexus-utils-1.5.7.pom
4/8 KB   8/8 KB   8/8 KB            Downloaded: https://repo.maven.apache.org/maven2/org/codehaus/plexus/plexus-utils/1.5.7/plexus-utils-1.5.7.pom (8 KB at 151.4 KB/sec)
Downloading: https://repo.maven.apache.org/maven2/org/apache/maven/doxia/doxia-decoration-model/1.0/doxia-decoration-model-1.0.pom
4/4 KB            Downloaded: https://repo.maven.apache.org/maven2/org/apache/maven/doxia/doxia-decoration-model/1.0/doxia-decoration-model-1.0.pom (4 KB at 280.0 KB/sec)
Downloading: https://repo.maven.apache.org/maven2/org/apache/maven/doxia/doxia-module-apt/1.0/doxia-module-apt-1.0.pom
3/3 KB            Downloaded: https://repo.maven.apache.org/maven2/org/apache/maven/doxia/doxia-module-apt/1.0/doxia-module-apt-1.0.pom (3 KB at 24.7 KB/sec)
Downloading: https://repo.maven.apache.org/maven2/org/apache/maven/doxia/doxia-modules/1.0/doxia-modules-1.0.pom
3/3 KB            Downloaded: https://repo.maven.apache.org/maven2/org/apache/maven/doxia/doxia-modules/1.0/doxia-modules-1.0.pom (3 KB at 123.0 KB/sec)
Downloading: https://repo.maven.apache.org/maven2/org/apache/maven/doxia/doxia-module-fml/1.0/doxia-module-fml-1.0.pom
3/3 KB            Downloaded: https://repo.maven.apache.org/maven2/org/apache/maven/doxia/doxia-module-fml/1.0/doxia-module-fml-1.0.pom (3 KB at 164.3 KB/sec)
Downloading: https://repo.maven.apache.org/maven2/org/apache/maven/doxia/doxia-module-xdoc/1.0/doxia-module-xdoc-1.0.pom
3/3 KB            Downloaded: https://repo.maven.apache.org/maven2/org/apache/maven/doxia/doxia-module-xdoc/1.0/doxia-module-xdoc-1.0.pom (3 KB at 182.5 KB/sec)
Downloading: https://repo.maven.apache.org/maven2/org/apache/maven/doxia/doxia-module-xhtml/1.0/doxia-module-xhtml-1.0.pom
2/2 KB            Downloaded: https://repo.maven.apache.org/maven2/org/apache/maven/doxia/doxia-module-xhtml/1.0/doxia-module-xhtml-1.0.pom (2 KB at 104.1 KB/sec)
Downloading: https://repo.maven.apache.org/maven2/log4j/log4j/1.2.14/log4j-1.2.14.pom
3/3 KB            Downloaded: https://repo.maven.apache.org/maven2/log4j/log4j/1.2.14/log4j-1.2.14.pom (3 KB at 128.8 KB/sec)
Downloading: https://repo.maven.apache.org/maven2/com/thoughtworks/qdox/qdox/1.12/qdox-1.12.pom
4/19 KB   8/19 KB   12/19 KB   16/19 KB   19/19 KB              Downloaded: https://repo.maven.apache.org/maven2/com/thoughtworks/qdox/qdox/1.12/qdox-1.12.pom (19 KB at 787.8 KB/sec)
Downloading: https://repo.maven.apache.org/maven2/org/codehaus/plexus/plexus-archiver/2.1.2/plexus-archiver-2.1.2.pom
4/4 KB              Downloaded: https://repo.maven.apache.org/maven2/org/codehaus/plexus/plexus-archiver/2.1.2/plexus-archiver-2.1.2.pom (4 KB at 16.7 KB/sec)
Downloading: https://repo.maven.apache.org/maven2/org/codehaus/plexus/plexus-utils/3.0.2/plexus-utils-3.0.2.pom
3/3 KB            Downloaded: https://repo.maven.apache.org/maven2/org/codehaus/plexus/plexus-utils/3.0.2/plexus-utils-3.0.2.pom (3 KB at 144.3 KB/sec)
Downloading: https://repo.maven.apache.org/maven2/org/codehaus/plexus/plexus-io/2.0.4/plexus-io-2.0.4.pom
2/2 KB            Downloaded: https://repo.maven.apache.org/maven2/org/codehaus/plexus/plexus-io/2.0.4/plexus-io-2.0.4.pom (2 KB at 10.2 KB/sec)
Downloading: https://repo.maven.apache.org/maven2/org/apache/maven/shared/maven-invoker/2.0.9/maven-invoker-2.0.9.jar
Downloading: https://repo.maven.apache.org/maven2/org/apache/maven/doxia/doxia-sink-api/1.0/doxia-sink-api-1.0.jar
Downloading: https://repo.maven.apache.org/maven2/org/apache/maven/doxia/doxia-site-renderer/1.0/doxia-site-renderer-1.0.jar
Downloading: https://repo.maven.apache.org/maven2/org/apache/maven/doxia/doxia-core/1.0/doxia-core-1.0.jar
Downloading: https://repo.maven.apache.org/maven2/org/codehaus/plexus/plexus-velocity/1.1.7/plexus-velocity-1.1.7.jar
4/10 KB   8/10 KB   10/10 KB   4/46 KB   10/10 KB   8/46 KB   10/10 KB   12/46 KB   4/28 KB   10/10 KB   16/46 KB   4/28 KB   10/10 KB   20/46 KB   4/28 KB   10/10 KB   8/46 KB   4/28 KB   10/10 KB   20/46 KB   4/28 KB   4/54 KB    20/46 KB   8/28 KB   4/54 KB   20/46 KB   12/28 KB   4/54 KB   20/46 KB   12/28 KB   8/54 KB   24/46 KB   16/28 KB   8/54 KB                                   28/46 KB   4/8 KB   16/28 KB   12/54 KB   28/46 KB   8/8 KB   16/28 KB   12/54 KB   28/46 KB   16/28 KB   12/54 KB   24/46 KB   16/28 KB   12/54 KB   32/46 KB   8/8 KB   16/28 KB   16/54 KB   20/46 KB   16/28 KB   8/54 KB   32/46 KB   8/8 KB   20/28 KB   20/54 KB   32/46 KB   8/8 KB   24/28 KB   20/54 KB   32/46 KB   8/8 KB   28/28 KB   20/54 KB   32/46 KB   8/8 KB   16/28 KB   20/54 KB   32/46 KB   8/8 KB   28/28 KB   24/54 KB   32/46 KB   8/8 KB   28/28 KB   28/54 KB   32/46 KB   8/8 KB   28/28 KB   32/54 KB   32/46 KB   8/8 KB   16/28 KB   12/54 KB   36/46 KB   8/8 KB   28/28 KB   32/54 KB   40/46 KB   8/8 KB   28/28 KB   32/54 KB   Downloaded: https://repo.maven.apache.org/maven2/org/apache/maven/doxia/doxia-sink-api/1.0/doxia-sink-api-1.0.jar (10 KB at 98.4 KB/sec)
40/46 KB   8/8 KB   28/28 KB   36/54 KB   40/46 KB   8/8 KB   28/28 KB   40/54 KB   Downloading: https://repo.maven.apache.org/maven2/org/apache/maven/doxia/doxia-decoration-model/1.0/doxia-decoration-model-1.0.jar
40/46 KB   8/8 KB   28/28 KB   44/54 KB   40/46 KB   8/8 KB   28/28 KB   48/54 KB   44/46 KB   8/8 KB   28/28 KB   48/54 KB   46/46 KB   8/8 KB   28/28 KB   48/54 KB                                             Downloaded: https://repo.maven.apache.org/maven2/org/codehaus/plexus/plexus-velocity/1.1.7/plexus-velocity-1.1.7.jar (8 KB at 58.5 KB/sec)
                                          Downloaded: https://repo.maven.apache.org/maven2/org/apache/maven/shared/maven-invoker/2.0.9/maven-invoker-2.0.9.jar (28 KB at 151.8 KB/sec)
Downloading: https://repo.maven.apache.org/maven2/commons-collections/commons-collections/3.2/commons-collections-3.2.jar
Downloading: https://repo.maven.apache.org/maven2/org/apache/maven/doxia/doxia-module-apt/1.0/doxia-module-apt-1.0.jar
46/46 KB   52/54 KB                       46/46 KB   54/54 KB                         Downloaded: https://repo.maven.apache.org/maven2/org/apache/maven/doxia/doxia-site-renderer/1.0/doxia-site-renderer-1.0.jar (46 KB at 248.2 KB/sec)
Downloading: https://repo.maven.apache.org/maven2/org/apache/maven/doxia/doxia-module-fml/1.0/doxia-module-fml-1.0.jar
4/48 KB   54/54 KB    8/48 KB   4/19 KB   4/46 KB   12/48 KB   4/19 KB   4/46 KB   16/48 KB   4/19 KB   4/46 KB   20/48 KB   4/19 KB   4/46 KB   4/48 KB   4/19 KB   4/46 KB    20/48 KB   4/19 KB   8/46 KB   4/558 KB   20/48 KB   4/19 KB   12/46 KB   4/558 KB   20/48 KB   4/19 KB   16/46 KB   4/558 KB                                  Downloaded: https://repo.maven.apache.org/maven2/org/apache/maven/doxia/doxia-core/1.0/doxia-core-1.0.jar (54 KB at 223.6 KB/sec)
Downloading: https://repo.maven.apache.org/maven2/org/apache/maven/doxia/doxia-module-xdoc/1.0/doxia-module-xdoc-1.0.jar
4/48 KB   54/54 KB   4/19 KB   20/48 KB   4/19 KB   4/46 KB   4/558 KB   20/48 KB   4/19 KB   16/46 KB   8/558 KB   20/48 KB   4/19 KB   16/46 KB   12/558 KB   20/48 KB   4/19 KB   16/46 KB   16/558 KB   20/48 KB   8/19 KB   16/46 KB   16/558 KB   20/48 KB   12/19 KB   16/46 KB   16/558 KB   20/48 KB   16/19 KB   16/46 KB   16/558 KB   20/48 KB   19/19 KB   16/46 KB   16/558 KB   20/48 KB   4/28 KB   19/19 KB   20/46 KB   20/558 KB   20/48 KB   4/28 KB   19/19 KB   20/46 KB   24/558 KB   20/48 KB   4/28 KB   19/19 KB   20/46 KB   28/558 KB   20/48 KB   4/28 KB   19/19 KB   20/46 KB   31/558 KB   24/48 KB   4/28 KB   19/19 KB   20/46 KB   31/558 KB   28/48 KB   4/28 KB   19/19 KB   20/46 KB   31/558 KB   32/48 KB   4/28 KB   19/19 KB   20/46 KB   31/558 KB                                                          Downloaded: https://repo.maven.apache.org/maven2/org/apache/maven/doxia/doxia-module-fml/1.0/doxia-module-fml-1.0.jar (19 KB at 73.9 KB/sec)
Downloading: https://repo.maven.apache.org/maven2/org/apache/maven/doxia/doxia-module-xhtml/1.0/doxia-module-xhtml-1.0.jar
20/48 KB   4/28 KB   19/19 KB   20/46 KB   16/558 KB   32/48 KB   8/28 KB   20/46 KB   31/558 KB              32/48 KB   12/28 KB   20/46 KB   31/558 KB   32/48 KB   16/28 KB   20/46 KB   31/558 KB   32/48 KB   20/28 KB   20/46 KB   31/558 KB   36/48 KB   24/28 KB   20/46 KB   35/558 KB   36/48 KB   28/28 KB   4/22 KB   20/46 KB   35/558 KB   20/48 KB   19/19 KB   20/46 KB   16/558 KB   36/48 KB   28/28 KB   4/22 KB   24/46 KB   35/558 KB   36/48 KB   28/28 KB   4/22 KB   28/46 KB   35/558 KB   36/48 KB   28/28 KB   4/22 KB   32/46 KB   35/558 KB   36/48 KB   24/28 KB   4/22 KB   20/46 KB   35/558 KB   36/48 KB   28/28 KB   8/22 KB   32/46 KB   35/558 KB   36/48 KB   28/28 KB   12/22 KB   32/46 KB   35/558 KB   36/48 KB   28/28 KB   16/22 KB   32/46 KB   35/558 KB   36/48 KB   28/28 KB   20/22 KB   32/46 KB   35/558 KB   36/48 KB   20/28 KB   20/46 KB   35/558 KB   40/48 KB   28/28 KB   20/22 KB   32/46 KB   35/558 KB   44/48 KB   28/28 KB   20/22 KB   32/46 KB   35/558 KB   48/48 KB   28/28 KB   20/22 KB   32/46 KB   35/558 KB   48/48 KB   28/28 KB   20/22 KB   32/46 KB   35/558 KB   32/48 KB   20/28 KB   20/46 KB   35/558 KB   48/48 KB   28/28 KB   20/22 KB   32/46 KB   39/558 KB   48/48 KB   28/28 KB   20/22 KB   32/46 KB   43/558 KB   48/48 KB   28/28 KB   20/22 KB   32/46 KB   47/558 KB   48/48 KB   28/28 KB   20/22 KB   32/46 KB   47/558 KB   48/48 KB   28/28 KB   20/22 KB   36/46 KB   47/558 KB   48/48 KB   28/28 KB   20/22 KB   40/46 KB   47/558 KB   48/48 KB   28/28 KB   20/22 KB   44/46 KB   47/558 KB   48/48 KB   28/28 KB   20/22 KB   46/46 KB   47/558 KB   48/48 KB   28/28 KB   20/22 KB   46/46 KB   51/558 KB   48/48 KB   28/28 KB   20/22 KB   46/46 KB   55/558 KB   48/48 KB   28/28 KB   20/22 KB   46/46 KB   59/558 KB   48/48 KB   28/28 KB   20/22 KB   46/46 KB   63/558 KB                                                           Downloaded: https://repo.maven.apache.org/maven2/org/apache/maven/doxia/doxia-module-xdoc/1.0/doxia-module-xdoc-1.0.jar (28 KB at 98.7 KB/sec)
Downloading: https://repo.maven.apache.org/maven2/commons-lang/commons-lang/2.4/commons-lang-2.4.jar
                                                        Downloaded: https://repo.maven.apache.org/maven2/org/apache/maven/doxia/doxia-decoration-model/1.0/doxia-decoration-model-1.0.jar (48 KB at 173.3 KB/sec)
Downloading: https://repo.maven.apache.org/maven2/commons-httpclient/commons-httpclient/3.1/commons-httpclient-3.1.jar
                                                        Downloaded: https://repo.maven.apache.org/maven2/org/apache/maven/doxia/doxia-module-apt/1.0/doxia-module-apt-1.0.jar (46 KB at 166.6 KB/sec)
Downloading: https://repo.maven.apache.org/maven2/commons-codec/commons-codec/1.2/commons-codec-1.2.jar
22/22 KB   63/558 KB                                    4/256 KB   22/22 KB   63/558 KB   8/256 KB   22/22 KB   63/558 KB   12/256 KB   22/22 KB   63/558 KB   16/256 KB   22/22 KB   63/558 KB   4/298 KB   16/256 KB   22/22 KB   63/558 KB   4/298 KB   4/30 KB   16/256 KB   63/558 KB                                                  4/298 KB   8/30 KB   16/256 KB   63/558 KB   4/298 KB   12/30 KB   16/256 KB   63/558 KB   Downloaded: https://repo.maven.apache.org/maven2/org/apache/maven/doxia/doxia-module-xhtml/1.0/doxia-module-xhtml-1.0.jar (22 KB at 69.1 KB/sec)
4/298 KB   16/30 KB   16/256 KB   63/558 KB   Downloading: https://repo.maven.apache.org/maven2/log4j/log4j/1.2.14/log4j-1.2.14.jar
8/298 KB   16/30 KB   16/256 KB   63/558 KB   12/298 KB   16/30 KB   16/256 KB   63/558 KB   16/298 KB   16/30 KB   16/256 KB   67/558 KB   12/298 KB   16/30 KB   16/256 KB   67/558 KB   16/298 KB   20/30 KB   16/256 KB   67/558 KB   16/298 KB   20/30 KB   16/256 KB   71/558 KB   16/298 KB   24/30 KB   16/256 KB   71/558 KB   16/298 KB   28/30 KB   16/256 KB   71/558 KB   16/298 KB   28/30 KB   16/256 KB   75/558 KB   16/298 KB   30/30 KB   16/256 KB   75/558 KB   16/298 KB   30/30 KB   16/256 KB   79/558 KB                                                  Downloaded: https://repo.maven.apache.org/maven2/commons-codec/commons-codec/1.2/commons-codec-1.2.jar (30 KB at 92.1 KB/sec)
Downloading: https://repo.maven.apache.org/maven2/com/thoughtworks/qdox/qdox/1.12/qdox-1.12.jar
16/298 KB   16/256 KB   4/359 KB   79/558 KB   20/298 KB   20/256 KB   8/359 KB   79/558 KB   20/298 KB   20/256 KB   12/359 KB   79/558 KB   20/298 KB   20/256 KB   16/359 KB   79/558 KB   20/298 KB   4/176 KB   20/256 KB   16/359 KB   79/558 KB   20/298 KB   20/256 KB   4/359 KB   79/558 KB   20/298 KB   8/176 KB   24/256 KB   16/359 KB   79/558 KB   20/298 KB   8/176 KB   28/256 KB   16/359 KB   79/558 KB   20/298 KB   8/176 KB   32/256 KB   16/359 KB   79/558 KB   20/298 KB   8/176 KB   36/256 KB   16/359 KB   79/558 KB   20/298 KB   16/256 KB   4/359 KB   79/558 KB   24/298 KB   8/176 KB   36/256 KB   20/359 KB   83/558 KB   28/298 KB   8/176 KB   36/256 KB   20/359 KB   83/558 KB   32/298 KB   8/176 KB   36/256 KB   20/359 KB   83/558 KB   36/298 KB   8/176 KB   36/256 KB   20/359 KB   83/558 KB   40/298 KB   8/176 KB   40/256 KB   20/359 KB   83/558 KB   44/298 KB   8/176 KB   40/256 KB   20/359 KB   83/558 KB   47/298 KB   8/176 KB   40/256 KB   20/359 KB   83/558 KB   51/298 KB   8/176 KB   40/256 KB   20/359 KB   83/558 KB   20/298 KB   8/176 KB   36/256 KB   20/359 KB   83/558 KB   51/298 KB   8/176 KB   40/256 KB   24/359 KB   83/558 KB   51/298 KB   8/176 KB   40/256 KB   28/359 KB   83/558 KB   51/298 KB   8/176 KB   40/256 KB   32/359 KB   83/558 KB   51/298 KB   8/176 KB   40/256 KB   36/359 KB   83/558 KB   51/298 KB   8/176 KB   40/256 KB   40/359 KB   83/558 KB   20/298 KB   8/176 KB   36/256 KB   16/359 KB   83/558 KB   51/298 KB   8/176 KB   40/256 KB   40/359 KB   87/558 KB   51/298 KB   8/176 KB   40/256 KB   40/359 KB   91/558 KB   51/298 KB   8/176 KB   40/256 KB   40/359 KB   95/558 KB   51/298 KB   8/176 KB   40/256 KB   40/359 KB   99/558 KB   51/298 KB   8/176 KB   40/256 KB   40/359 KB   103/558 KB   51/298 KB   8/176 KB   40/256 KB   40/359 KB   107/558 KB   51/298 KB   8/176 KB   40/256 KB   40/359 KB   111/558 KB   51/298 KB   8/176 KB   40/256 KB   44/359 KB   111/558 KB   51/298 KB   8/176 KB   40/256 KB   48/359 KB   111/558 KB   51/298 KB   8/176 KB   40/256 KB   52/359 KB   111/558 KB   51/298 KB   8/176 KB   40/256 KB   56/359 KB   111/558 KB   20/298 KB   8/176 KB   20/256 KB   16/359 KB   79/558 KB   55/298 KB   12/176 KB   40/256 KB   56/359 KB   115/558 KB   55/298 KB   16/176 KB   40/256 KB   56/359 KB   115/558 KB   55/298 KB   20/176 KB   40/256 KB   56/359 KB   115/558 KB   55/298 KB   8/176 KB   40/256 KB   56/359 KB   115/558 KB   55/298 KB   20/176 KB   40/256 KB   60/359 KB   119/558 KB   55/298 KB   20/176 KB   40/256 KB   60/359 KB   123/558 KB   55/298 KB   20/176 KB   40/256 KB   60/359 KB   127/558 KB   55/298 KB   20/176 KB   40/256 KB   60/359 KB   131/558 KB   55/298 KB   8/176 KB   40/256 KB   56/359 KB   111/558 KB   36/298 KB   8/176 KB   40/256 KB   20/359 KB   83/558 KB   59/298 KB   24/176 KB   40/256 KB   60/359 KB   131/558 KB   59/298 KB   24/176 KB   44/256 KB   60/359 KB   131/558 KB   63/298 KB   24/176 KB   44/256 KB   60/359 KB   135/558 KB   63/298 KB   24/176 KB   48/256 KB   60/359 KB   135/558 KB   63/298 KB   24/176 KB   48/256 KB   60/359 KB   139/558 KB   63/298 KB   24/176 KB   48/256 KB   60/359 KB   143/558 KB   63/298 KB   24/176 KB   52/256 KB   60/359 KB   143/558 KB   63/298 KB   24/176 KB   56/256 KB   60/359 KB   143/558 KB   63/298 KB   24/176 KB   60/256 KB   60/359 KB   143/558 KB   63/298 KB   24/176 KB   64/256 KB   60/359 KB   143/558 KB   63/298 KB   24/176 KB   64/256 KB   60/359 KB   147/558 KB   63/298 KB   24/176 KB   64/256 KB   60/359 KB   151/558 KB   63/298 KB   24/176 KB   64/256 KB   60/359 KB   155/558 KB   63/298 KB   24/176 KB   64/256 KB   60/359 KB   159/558 KB   63/298 KB   24/176 KB   68/256 KB   60/359 KB   159/558 KB   63/298 KB   24/176 KB   72/256 KB   60/359 KB   159/558 KB   63/298 KB   24/176 KB   76/256 KB   60/359 KB   159/558 KB   63/298 KB   24/176 KB   80/256 KB   60/359 KB   159/558 KB   63/298 KB   24/176 KB   80/256 KB   60/359 KB   163/558 KB   55/298 KB   24/176 KB   40/256 KB   60/359 KB   131/558 KB   55/298 KB   20/176 KB   40/256 KB   60/359 KB   115/558 KB   63/298 KB   28/176 KB   80/256 KB   60/359 KB   167/558 KB   63/298 KB   24/176 KB   80/256 KB   60/359 KB   167/558 KB   63/298 KB   24/176 KB   44/256 KB   60/359 KB   131/558 KB   63/298 KB   32/176 KB   80/256 KB   64/359 KB   167/558 KB   63/298 KB   32/176 KB   80/256 KB   64/359 KB   167/558 KB   63/298 KB   36/176 KB   80/256 KB   64/359 KB   167/558 KB   63/298 KB   28/176 KB   80/256 KB   64/359 KB   167/558 KB   67/298 KB   40/176 KB   84/256 KB   68/359 KB   171/558 KB   67/298 KB   40/176 KB   84/256 KB   72/359 KB   171/558 KB   67/298 KB   40/176 KB   84/256 KB   76/359 KB   171/558 KB   67/298 KB   40/176 KB   84/256 KB   80/359 KB   171/558 KB   67/298 KB   40/176 KB   84/256 KB   84/359 KB   171/558 KB   67/298 KB   40/176 KB   84/256 KB   84/359 KB   171/558 KB   67/298 KB   40/176 KB   84/256 KB   88/359 KB   171/558 KB   67/298 KB   40/176 KB   84/256 KB   92/359 KB   171/558 KB   67/298 KB   40/176 KB   84/256 KB   96/359 KB   171/558 KB   67/298 KB   40/176 KB   84/256 KB   100/359 KB   171/558 KB   67/298 KB   40/176 KB   84/256 KB   104/359 KB   171/558 KB   67/298 KB   40/176 KB   84/256 KB   64/359 KB   171/558 KB   67/298 KB   36/176 KB   84/256 KB   64/359 KB   171/558 KB   67/298 KB   44/176 KB   84/256 KB   104/359 KB   171/558 KB   67/298 KB   44/176 KB   88/256 KB   104/359 KB   171/558 KB   67/298 KB   47/176 KB   88/256 KB   108/359 KB   171/558 KB   67/298 KB   47/176 KB   92/256 KB   108/359 KB   171/558 KB   67/298 KB   47/176 KB   96/256 KB   112/359 KB   171/558 KB   67/298 KB   47/176 KB   100/256 KB   112/359 KB   171/558 KB   67/298 KB   36/176 KB   80/256 KB   64/359 KB   171/558 KB   67/298 KB   36/176 KB   80/256 KB   64/359 KB   167/558 KB   67/298 KB   47/176 KB   100/256 KB   112/359 KB   175/558 KB   71/298 KB   47/176 KB   100/256 KB   112/359 KB   175/558 KB   75/298 KB   47/176 KB   100/256 KB   112/359 KB   175/558 KB   79/298 KB   47/176 KB   100/256 KB   112/359 KB   175/558 KB   79/298 KB   47/176 KB   100/256 KB   112/359 KB   179/558 KB   67/298 KB   47/176 KB   92/256 KB   112/359 KB   171/558 KB   67/298 KB   47/176 KB   88/256 KB   104/359 KB   171/558 KB   83/298 KB   47/176 KB   104/256 KB   112/359 KB   179/558 KB   83/298 KB   47/176 KB   108/256 KB   112/359 KB   179/558 KB   83/298 KB   47/176 KB   112/256 KB   112/359 KB   179/558 KB   83/298 KB   47/176 KB   116/256 KB   112/359 KB   179/558 KB   83/298 KB   47/176 KB   100/256 KB   112/359 KB   179/558 KB   83/298 KB   51/176 KB   120/256 KB   116/359 KB   183/558 KB   83/298 KB   51/176 KB   116/256 KB   116/359 KB   183/558 KB   87/298 KB   51/176 KB   124/256 KB   116/359 KB   183/558 KB   87/298 KB   51/176 KB   128/256 KB   116/359 KB   183/558 KB   87/298 KB   51/176 KB   132/256 KB   116/359 KB   183/558 KB   87/298 KB   51/176 KB   136/256 KB   116/359 KB   183/558 KB   87/298 KB   51/176 KB   140/256 KB   116/359 KB   183/558 KB   87/298 KB   51/176 KB   144/256 KB   116/359 KB   183/558 KB   87/298 KB   51/176 KB   144/256 KB   120/359 KB   183/558 KB   83/298 KB   51/176 KB   116/256 KB   112/359 KB   183/558 KB   83/298 KB   47/176 KB   116/256 KB   112/359 KB   183/558 KB   87/298 KB   55/176 KB   144/256 KB   120/359 KB   183/558 KB   87/298 KB   55/176 KB   144/256 KB   120/359 KB   187/558 KB   87/298 KB   59/176 KB   144/256 KB   120/359 KB   187/558 KB   87/298 KB   59/176 KB   144/256 KB   120/359 KB   191/558 KB   87/298 KB   63/176 KB   144/256 KB   120/359 KB   191/558 KB   87/298 KB   63/176 KB   144/256 KB   120/359 KB   191/558 KB   87/298 KB   67/176 KB   144/256 KB   120/359 KB   191/558 KB   87/298 KB   51/176 KB   120/256 KB   116/359 KB   183/558 KB   91/298 KB   67/176 KB   144/256 KB   120/359 KB   191/558 KB   95/298 KB   67/176 KB   144/256 KB   120/359 KB   191/558 KB   95/298 KB   67/176 KB   144/256 KB   120/359 KB   195/558 KB   95/298 KB   67/176 KB   144/256 KB   120/359 KB   199/558 KB   95/298 KB   67/176 KB   144/256 KB   120/359 KB   203/558 KB   95/298 KB   67/176 KB   144/256 KB   120/359 KB   207/558 KB   99/298 KB   67/176 KB   144/256 KB   120/359 KB   207/558 KB   103/298 KB   67/176 KB   144/256 KB   120/359 KB   207/558 KB   107/298 KB   67/176 KB   144/256 KB   120/359 KB   207/558 KB   111/298 KB   67/176 KB   144/256 KB   120/359 KB   207/558 KB   111/298 KB   67/176 KB   144/256 KB   120/359 KB   211/558 KB   111/298 KB   67/176 KB   148/256 KB   120/359 KB   215/558 KB   111/298 KB   67/176 KB   148/256 KB   120/359 KB   219/558 KB   111/298 KB   67/176 KB   148/256 KB   120/359 KB   223/558 KB   115/298 KB   67/176 KB   148/256 KB   120/359 KB   223/558 KB   119/298 KB   71/176 KB   148/256 KB   124/359 KB   223/558 KB   111/298 KB   67/176 KB   148/256 KB   120/359 KB   211/558 KB   123/298 KB   71/176 KB   148/256 KB   124/359 KB   223/558 KB   123/298 KB   71/176 KB   152/256 KB   124/359 KB   223/558 KB   115/298 KB   71/176 KB   148/256 KB   124/359 KB   223/558 KB   115/298 KB   71/176 KB   148/256 KB   120/359 KB   223/558 KB   127/298 KB   71/176 KB   156/256 KB   124/359 KB   223/558 KB   127/298 KB   75/176 KB   160/256 KB   124/359 KB   223/558 KB   127/298 KB   71/176 KB   152/256 KB   124/359 KB   223/558 KB   127/298 KB   75/176 KB   164/256 KB   128/359 KB   223/558 KB   127/298 KB   75/176 KB   160/256 KB   128/359 KB   223/558 KB   127/298 KB   75/176 KB   156/256 KB   124/359 KB   223/558 KB   131/298 KB   79/176 KB   168/256 KB   128/359 KB   227/558 KB   131/298 KB   79/176 KB   168/256 KB   132/359 KB   227/558 KB   131/298 KB   75/176 KB   164/256 KB   128/359 KB   227/558 KB   131/298 KB   79/176 KB   172/256 KB   132/359 KB   231/558 KB   131/298 KB   79/176 KB   172/256 KB   132/359 KB   235/558 KB   131/298 KB   79/176 KB   172/256 KB   132/359 KB   239/558 KB   131/298 KB   79/176 KB   172/256 KB   136/359 KB   239/558 KB   131/298 KB   79/176 KB   172/256 KB   140/359 KB   239/558 KB   131/298 KB   79/176 KB   172/256 KB   144/359 KB   239/558 KB   131/298 KB   79/176 KB   172/256 KB   148/359 KB   239/558 KB   131/298 KB   79/176 KB   172/256 KB   148/359 KB   243/558 KB   131/298 KB   79/176 KB   172/256 KB   152/359 KB   247/558 KB   131/298 KB   79/176 KB   172/256 KB   152/359 KB   251/558 KB   131/298 KB   79/176 KB   172/256 KB   152/359 KB   255/558 KB   131/298 KB   79/176 KB   172/256 KB   152/359 KB   259/558 KB   131/298 KB   75/176 KB   164/256 KB   128/359 KB   223/558 KB   131/298 KB   79/176 KB   172/256 KB   152/359 KB   243/558 KB   135/298 KB   79/176 KB   172/256 KB   152/359 KB   263/558 KB   131/298 KB   79/176 KB   172/256 KB   132/359 KB   227/558 KB   135/298 KB   79/176 KB   176/256 KB   152/359 KB   267/558 KB   135/298 KB   79/176 KB   180/256 KB   152/359 KB   267/558 KB   131/298 KB   79/176 KB   168/256 KB   128/359 KB   227/558 KB   135/298 KB   79/176 KB   172/256 KB   152/359 KB   267/558 KB   135/298 KB   79/176 KB   172/256 KB   152/359 KB   259/558 KB   139/298 KB   79/176 KB   180/256 KB   152/359 KB   267/558 KB   143/298 KB   79/176 KB   180/256 KB   152/359 KB   267/558 KB   147/298 KB   79/176 KB   180/256 KB   152/359 KB   267/558 KB   151/298 KB   79/176 KB   180/256 KB   152/359 KB   271/558 KB   155/298 KB   79/176 KB   180/256 KB   152/359 KB   271/558 KB   159/298 KB   79/176 KB   180/256 KB   152/359 KB   271/558 KB   163/298 KB   79/176 KB   180/256 KB   152/359 KB   271/558 KB   147/298 KB   79/176 KB   180/256 KB   152/359 KB   271/558 KB   163/298 KB   83/176 KB   180/256 KB   152/359 KB   271/558 KB   167/298 KB   87/176 KB   180/256 KB   152/359 KB   275/558 KB   167/298 KB   91/176 KB   184/256 KB   152/359 KB   275/558 KB   167/298 KB   95/176 KB   184/256 KB   152/359 KB   275/558 KB   163/298 KB   83/176 KB   180/256 KB   152/359 KB   275/558 KB   167/298 KB   95/176 KB   184/256 KB   152/359 KB   279/558 KB   167/298 KB   95/176 KB   184/256 KB   152/359 KB   283/558 KB   167/298 KB   95/176 KB   184/256 KB   152/359 KB   287/558 KB   167/298 KB   99/176 KB   184/256 KB   152/359 KB   287/558 KB   167/298 KB   103/176 KB   184/256 KB   156/359 KB   287/558 KB   167/298 KB   83/176 KB   180/256 KB   152/359 KB   275/558 KB   171/298 KB   107/176 KB   184/256 KB   156/359 KB   287/558 KB   175/298 KB   107/176 KB   184/256 KB   156/359 KB   287/558 KB   167/298 KB   107/176 KB   184/256 KB   156/359 KB   287/558 KB   175/298 KB   111/176 KB   184/256 KB   156/359 KB   287/558 KB   179/298 KB   111/176 KB   184/256 KB   156/359 KB   287/558 KB   183/298 KB   111/176 KB   184/256 KB   156/359 KB   291/558 KB   187/298 KB   111/176 KB   184/256 KB   156/359 KB   291/558 KB   167/298 KB   99/176 KB   184/256 KB   156/359 KB   287/558 KB   187/298 KB   115/176 KB   184/256 KB   160/359 KB   291/558 KB   191/298 KB   115/176 KB   184/256 KB   164/359 KB   291/558 KB   191/298 KB   115/176 KB   184/256 KB   168/359 KB   291/558 KB   167/298 KB   87/176 KB   184/256 KB   152/359 KB   275/558 KB   191/298 KB   115/176 KB   184/256 KB   160/359 KB   291/558 KB   191/298 KB   115/176 KB   188/256 KB   168/359 KB   291/558 KB   191/298 KB   115/176 KB   192/256 KB   168/359 KB   291/558 KB   195/298 KB   115/176 KB   192/256 KB   168/359 KB   291/558 KB   199/298 KB   115/176 KB   192/256 KB   168/359 KB   291/558 KB   199/298 KB   115/176 KB   196/256 KB   172/359 KB   291/558 KB   203/298 KB   115/176 KB   196/256 KB   172/359 KB   291/558 KB   187/298 KB   115/176 KB   184/256 KB   156/359 KB   291/558 KB   179/298 KB   111/176 KB   184/256 KB   156/359 KB   291/558 KB   203/298 KB   119/176 KB   196/256 KB   176/359 KB   291/558 KB   203/298 KB   119/176 KB   196/256 KB   176/359 KB   295/558 KB   203/298 KB   123/176 KB   196/256 KB   176/359 KB   295/558 KB   203/298 KB   127/176 KB   196/256 KB   176/359 KB   299/558 KB   203/298 KB   115/176 KB   196/256 KB   176/359 KB   291/558 KB   207/298 KB   127/176 KB   196/256 KB   180/359 KB   299/558 KB   207/298 KB   127/176 KB   196/256 KB   184/359 KB   299/558 KB   199/298 KB   115/176 KB   196/256 KB   168/359 KB   291/558 KB   207/298 KB   131/176 KB   200/256 KB   184/359 KB   299/558 KB   207/298 KB   131/176 KB   204/256 KB   184/359 KB   299/558 KB   207/298 KB   131/176 KB   208/256 KB   184/359 KB   299/558 KB   207/298 KB   131/176 KB   212/256 KB   184/359 KB   299/558 KB   207/298 KB   131/176 KB   216/256 KB   184/359 KB   299/558 KB   207/298 KB   131/176 KB   220/256 KB   184/359 KB   299/558 KB   207/298 KB   131/176 KB   224/256 KB   184/359 KB   299/558 KB   207/298 KB   131/176 KB   228/256 KB   184/359 KB   299/558 KB   207/298 KB   131/176 KB   232/256 KB   188/359 KB   299/558 KB   207/298 KB   131/176 KB   236/256 KB   188/359 KB   299/558 KB   207/298 KB   131/176 KB   240/256 KB   188/359 KB   299/558 KB   207/298 KB   131/176 KB   244/256 KB   188/359 KB   299/558 KB   207/298 KB   131/176 KB   196/256 KB   184/359 KB   299/558 KB   207/298 KB   127/176 KB   196/256 KB   176/359 KB   299/558 KB   207/298 KB   135/176 KB   244/256 KB   188/359 KB   299/558 KB   207/298 KB   139/176 KB   244/256 KB   188/359 KB   299/558 KB   207/298 KB   143/176 KB   244/256 KB   188/359 KB   299/558 KB   211/298 KB   143/176 KB   244/256 KB   188/359 KB   299/558 KB   203/298 KB   127/176 KB   196/256 KB   176/359 KB   299/558 KB   207/298 KB   131/176 KB   228/256 KB   188/359 KB   299/558 KB   211/298 KB   143/176 KB   244/256 KB   188/359 KB   303/558 KB   211/298 KB   143/176 KB   244/256 KB   192/359 KB   303/558 KB   211/298 KB   143/176 KB   244/256 KB   196/359 KB   303/558 KB   211/298 KB   143/176 KB   244/256 KB   196/359 KB   307/558 KB   215/298 KB   143/176 KB   244/256 KB   200/359 KB   311/558 KB   215/298 KB   143/176 KB   244/256 KB   200/359 KB   315/558 KB   215/298 KB   143/176 KB   244/256 KB   200/359 KB   319/558 KB   215/298 KB   147/176 KB   244/256 KB   200/359 KB   319/558 KB   215/298 KB   143/176 KB   244/256 KB   200/359 KB   307/558 KB   211/298 KB   143/176 KB   244/256 KB   200/359 KB   307/558 KB   219/298 KB   151/176 KB   244/256 KB   200/359 KB   319/558 KB   219/298 KB   151/176 KB   248/256 KB   204/359 KB   319/558 KB   219/298 KB   151/176 KB   252/256 KB   204/359 KB   319/558 KB   223/298 KB   151/176 KB   256/256 KB   204/359 KB   319/558 KB   215/298 KB   151/176 KB   244/256 KB   200/359 KB   319/558 KB   223/298 KB   151/176 KB   252/256 KB   204/359 KB   319/558 KB   223/298 KB   155/176 KB   256/256 KB   204/359 KB   319/558 KB   223/298 KB   159/176 KB   256/256 KB   204/359 KB   319/558 KB   219/298 KB   151/176 KB   244/256 KB   204/359 KB   319/558 KB   223/298 KB   159/176 KB   256/256 KB   208/359 KB   319/558 KB   223/298 KB   159/176 KB   256/256 KB   212/359 KB   319/558 KB   223/298 KB   159/176 KB   256/256 KB   212/359 KB   323/558 KB   227/298 KB   159/176 KB   256/256 KB   216/359 KB   327/558 KB   227/298 KB   159/176 KB   256/256 KB   216/359 KB   331/558 KB   227/298 KB   163/176 KB   256/256 KB   216/359 KB   335/558 KB   227/298 KB   163/176 KB   256/256 KB   216/359 KB   335/558 KB   227/298 KB   159/176 KB   256/256 KB   216/359 KB   323/558 KB   231/298 KB   163/176 KB   256/256 KB   216/359 KB   335/558 KB   235/298 KB   163/176 KB   256/256 KB   216/359 KB   335/558 KB   239/298 KB   163/176 KB   256/256 KB   216/359 KB   335/558 KB   223/298 KB   159/176 KB   256/256 KB   216/359 KB   323/558 KB   239/298 KB   163/176 KB   256/256 KB   220/359 KB   335/558 KB   239/298 KB   163/176 KB   256/256 KB   224/359 KB   335/558 KB   239/298 KB   163/176 KB   256/256 KB   228/359 KB   335/558 KB   239/298 KB   163/176 KB   256/256 KB   228/359 KB   339/558 KB   227/298 KB   163/176 KB   256/256 KB   216/359 KB   331/558 KB   243/298 KB   163/176 KB   232/359 KB   339/558 KB                                                                                 247/298 KB   167/176 KB   232/359 KB   339/558 KB   Downloaded: https://repo.maven.apache.org/maven2/commons-lang/commons-lang/2.4/commons-lang-2.4.jar (256 KB at 339.1 KB/sec)
Downloading: https://repo.maven.apache.org/maven2/org/codehaus/plexus/plexus-archiver/2.1.2/plexus-archiver-2.1.2.jar
251/298 KB   167/176 KB   232/359 KB   339/558 KB   255/298 KB   167/176 KB   232/359 KB   339/558 KB   239/298 KB   163/176 KB   256/256 KB   232/359 KB   339/558 KB   255/298 KB   167/176 KB   232/359 KB   343/558 KB   243/298 KB   167/176 KB   232/359 KB   339/558 KB   255/298 KB   167/176 KB   236/359 KB   343/558 KB   255/298 KB   171/176 KB   236/359 KB   343/558 KB   255/298 KB   171/176 KB   240/359 KB   343/558 KB   255/298 KB   175/176 KB   240/359 KB   343/558 KB   255/298 KB   175/176 KB   244/359 KB   343/558 KB   255/298 KB   176/176 KB   244/359 KB   343/558 KB   255/298 KB   176/176 KB   244/359 KB   347/558 KB   255/298 KB   176/176 KB   244/359 KB   351/558 KB                                                       Downloaded: https://repo.maven.apache.org/maven2/com/thoughtworks/qdox/qdox/1.12/qdox-1.12.jar (176 KB at 230.9 KB/sec)
Downloading: https://repo.maven.apache.org/maven2/org/codehaus/plexus/plexus-io/2.0.4/plexus-io-2.0.4.jar
255/298 KB   4/57 KB   244/359 KB   351/558 KB      259/298 KB   4/181 KB   8/57 KB   244/359 KB   351/558 KB   259/298 KB   4/181 KB   12/57 KB   244/359 KB   351/558 KB   259/298 KB   4/181 KB   16/57 KB   244/359 KB   351/558 KB   259/298 KB   4/181 KB   16/57 KB   248/359 KB   351/558 KB   259/298 KB   4/181 KB   16/57 KB   252/359 KB   351/558 KB   259/298 KB   4/181 KB   16/57 KB   256/359 KB   351/558 KB   259/298 KB   4/181 KB   16/57 KB   260/359 KB   351/558 KB   259/298 KB   4/181 KB   16/57 KB   260/359 KB   355/558 KB   259/298 KB   4/181 KB   20/57 KB   264/359 KB   359/558 KB   259/298 KB   4/181 KB   20/57 KB   264/359 KB   363/558 KB   259/298 KB   4/181 KB   20/57 KB   264/359 KB   367/558 KB   259/298 KB   4/181 KB   20/57 KB   264/359 KB   371/558 KB   259/298 KB   4/181 KB   4/57 KB   244/359 KB   351/558 KB   255/298 KB   4/181 KB   4/57 KB   244/359 KB   351/558 KB   263/298 KB   4/181 KB   20/57 KB   264/359 KB   375/558 KB   263/298 KB   8/181 KB   20/57 KB   264/359 KB   375/558 KB   263/298 KB   12/181 KB   20/57 KB   264/359 KB   379/558 KB   263/298 KB   16/181 KB   20/57 KB   264/359 KB   379/558 KB   263/298 KB   20/181 KB   20/57 KB   264/359 KB   379/558 KB   263/298 KB   24/181 KB   20/57 KB   264/359 KB   379/558 KB   263/298 KB   28/181 KB   20/57 KB   264/359 KB   379/558 KB   263/298 KB   32/181 KB   20/57 KB   264/359 KB   379/558 KB   263/298 KB   4/181 KB   20/57 KB   264/359 KB   371/558 KB   259/298 KB   4/181 KB   20/57 KB   264/359 KB   355/558 KB   267/298 KB   32/181 KB   20/57 KB   264/359 KB   379/558 KB   267/298 KB   32/181 KB   24/57 KB   264/359 KB   379/558 KB   271/298 KB   32/181 KB   24/57 KB   264/359 KB   379/558 KB   271/298 KB   32/181 KB   28/57 KB   264/359 KB   379/558 KB   271/298 KB   32/181 KB   32/57 KB   264/359 KB   379/558 KB   271/298 KB   32/181 KB   36/57 KB   264/359 KB   379/558 KB   275/298 KB   32/181 KB   40/57 KB   264/359 KB   379/558 KB   275/298 KB   32/181 KB   44/57 KB   264/359 KB   379/558 KB   275/298 KB   32/181 KB   48/57 KB   264/359 KB   379/558 KB   275/298 KB   36/181 KB   48/57 KB   264/359 KB   379/558 KB   275/298 KB   40/181 KB   48/57 KB   264/359 KB   379/558 KB   275/298 KB   44/181 KB   48/57 KB   264/359 KB   379/558 KB   275/298 KB   48/181 KB   48/57 KB   264/359 KB   379/558 KB   275/298 KB   48/181 KB   52/57 KB   264/359 KB   379/558 KB   275/298 KB   48/181 KB   56/57 KB   264/359 KB   379/558 KB   275/298 KB   48/181 KB   57/57 KB   264/359 KB   379/558 KB   275/298 KB   52/181 KB   57/57 KB   264/359 KB   379/558 KB   275/298 KB   56/181 KB   57/57 KB   264/359 KB   379/558 KB   275/298 KB   60/181 KB   57/57 KB   264/359 KB   379/558 KB   275/298 KB   64/181 KB   57/57 KB   264/359 KB   379/558 KB   259/298 KB   4/181 KB   16/57 KB   264/359 KB   355/558 KB   275/298 KB   32/181 KB   36/57 KB   264/359 KB   379/558 KB   263/298 KB   8/181 KB   20/57 KB   264/359 KB   379/558 KB   279/298 KB   64/181 KB   57/57 KB   264/359 KB   379/558 KB   279/298 KB   64/181 KB   57/57 KB   264/359 KB   383/558 KB   283/298 KB   64/181 KB   57/57 KB   264/359 KB   383/558 KB   287/298 KB   64/181 KB   57/57 KB   264/359 KB   383/558 KB   291/298 KB   64/181 KB   57/57 KB   264/359 KB   383/558 KB   295/298 KB   64/181 KB   57/57 KB   264/359 KB   383/558 KB   298/298 KB   64/181 KB   57/57 KB   264/359 KB   383/558 KB   298/298 KB   64/181 KB   57/57 KB   264/359 KB   387/558 KB   298/298 KB   64/181 KB   57/57 KB   264/359 KB   391/558 KB   298/298 KB   64/181 KB   57/57 KB   264/359 KB   395/558 KB   298/298 KB   64/181 KB   57/57 KB   264/359 KB   399/558 KB                                                                 Downloaded: https://repo.maven.apache.org/maven2/commons-httpclient/commons-httpclient/3.1/commons-httpclient-3.1.jar (298 KB at 355.9 KB/sec)
64/181 KB   57/57 KB   264/359 KB   403/558 KB                64/181 KB   264/359 KB   407/558 KB              64/181 KB   264/359 KB   411/558 KB   64/181 KB   264/359 KB   415/558 KB   68/181 KB   264/359 KB   415/558 KB                                                    72/181 KB   264/359 KB   415/558 KB   76/181 KB   264/359 KB   415/558 KB   Downloaded: https://repo.maven.apache.org/maven2/org/codehaus/plexus/plexus-io/2.0.4/plexus-io-2.0.4.jar (57 KB at 67.8 KB/sec)
80/181 KB   264/359 KB   415/558 KB   80/181 KB   268/359 KB   415/558 KB   80/181 KB   272/359 KB   415/558 KB   80/181 KB   276/359 KB   415/558 KB   80/181 KB   280/359 KB   415/558 KB   84/181 KB   284/359 KB   419/558 KB   84/181 KB   288/359 KB   419/558 KB   84/181 KB   292/359 KB   419/558 KB   84/181 KB   296/359 KB   419/558 KB   84/181 KB   280/359 KB   419/558 KB   84/181 KB   280/359 KB   415/558 KB   84/181 KB   296/359 KB   423/558 KB   84/181 KB   300/359 KB   427/558 KB   84/181 KB   300/359 KB   431/558 KB   84/181 KB   300/359 KB   435/558 KB   88/181 KB   300/359 KB   439/558 KB   88/181 KB   300/359 KB   443/558 KB   88/181 KB   300/359 KB   447/558 KB   88/181 KB   300/359 KB   451/558 KB   84/181 KB   300/359 KB   423/558 KB   88/181 KB   304/359 KB   451/558 KB   88/181 KB   308/359 KB   451/558 KB   88/181 KB   312/359 KB   451/558 KB   88/181 KB   300/359 KB   435/558 KB   92/181 KB   312/359 KB   451/558 KB   96/181 KB   312/359 KB   451/558 KB   100/181 KB   312/359 KB   451/558 KB   104/181 KB   312/359 KB   451/558 KB   108/181 KB   312/359 KB   451/558 KB   112/181 KB   312/359 KB   451/558 KB   116/181 KB   312/359 KB   451/558 KB   116/181 KB   316/359 KB   455/558 KB   116/181 KB   316/359 KB   459/558 KB   116/181 KB   316/359 KB   463/558 KB   116/181 KB   316/359 KB   467/558 KB   116/181 KB   316/359 KB   451/558 KB   120/181 KB   320/359 KB   467/558 KB   120/181 KB   324/359 KB   467/558 KB   120/181 KB   328/359 KB   467/558 KB   120/181 KB   332/359 KB   467/558 KB   120/181 KB   336/359 KB   467/558 KB   120/181 KB   340/359 KB   467/558 KB   120/181 KB   316/359 KB   467/558 KB   124/181 KB   340/359 KB   467/558 KB   128/181 KB   340/359 KB   467/558 KB   132/181 KB   340/359 KB   467/558 KB   132/181 KB   344/359 KB   471/558 KB   132/181 KB   344/359 KB   475/558 KB   132/181 KB   344/359 KB   479/558 KB   132/181 KB   344/359 KB   483/558 KB   136/181 KB   344/359 KB   487/558 KB   136/181 KB   344/359 KB   491/558 KB   136/181 KB   344/359 KB   495/558 KB   136/181 KB   344/359 KB   499/558 KB   132/181 KB   344/359 KB   467/558 KB   136/181 KB   348/359 KB   499/558 KB   136/181 KB   352/359 KB   499/558 KB   136/181 KB   356/359 KB   499/558 KB   136/181 KB   359/359 KB   499/558 KB   136/181 KB   344/359 KB   483/558 KB   140/181 KB   359/359 KB   499/558 KB   144/181 KB   359/359 KB   499/558 KB   148/181 KB   359/359 KB   499/558 KB   152/181 KB   359/359 KB   499/558 KB   156/181 KB   359/359 KB   499/558 KB   160/181 KB   359/359 KB   499/558 KB                                          Downloaded: https://repo.maven.apache.org/maven2/log4j/log4j/1.2.14/log4j-1.2.14.jar (359 KB at 371.8 KB/sec)
164/181 KB   499/558 KB                164/181 KB   503/558 KB   164/181 KB   507/558 KB   164/181 KB   511/558 KB   164/181 KB   515/558 KB   168/181 KB   519/558 KB   168/181 KB   523/558 KB   168/181 KB   527/558 KB   168/181 KB   531/558 KB   168/181 KB   515/558 KB   172/181 KB   531/558 KB   176/181 KB   531/558 KB   180/181 KB   531/558 KB   181/181 KB   531/558 KB   181/181 KB   535/558 KB   181/181 KB   539/558 KB   181/181 KB   543/558 KB                             Downloaded: https://repo.maven.apache.org/maven2/org/codehaus/plexus/plexus-archiver/2.1.2/plexus-archiver-2.1.2.jar (181 KB at 181.8 KB/sec)
547/558 KB                551/558 KB   555/558 KB   558/558 KB                Downloaded: https://repo.maven.apache.org/maven2/commons-collections/commons-collections/3.2/commons-collections-3.2.jar (558 KB at 555.1 KB/sec)
[INFO] Not executing Javadoc as the project is not a Java classpath-capable package
[INFO] 
[INFO] --- maven-enforcer-plugin:1.0:enforce (enforce-maven) @ butterknife-parent ---
[INFO] 
[INFO] --- maven-checkstyle-plugin:2.9.1:checkstyle (default) @ butterknife-parent ---
[INFO] 
[INFO] --- maven-install-plugin:2.4:install (default-install) @ butterknife-parent ---
[INFO] Installing /home/travis/build/JakeWharton/butterknife/pom.xml to /home/travis/.m2/repository/com/[secure]/butterknife-parent/7.0.2-SNAPSHOT/butterknife-parent-7.0.2-SNAPSHOT.pom
[INFO] 
[INFO] --- maven-deploy-plugin:2.7:deploy (default-deploy) @ butterknife-parent ---
Downloading: https://repo.maven.apache.org/maven2/org/codehaus/plexus/plexus-utils/1.5.6/plexus-utils-1.5.6.jar
4/245 KB     8/245 KB   12/245 KB   16/245 KB   20/245 KB   24/245 KB   28/245 KB   32/245 KB   36/245 KB   40/245 KB   44/245 KB   48/245 KB   52/245 KB   56/245 KB   60/245 KB   64/245 KB   68/245 KB   72/245 KB   76/245 KB   80/245 KB   84/245 KB   88/245 KB   92/245 KB   96/245 KB   100/245 KB   104/245 KB   108/245 KB   112/245 KB   116/245 KB   120/245 KB   124/245 KB   128/245 KB   132/245 KB   136/245 KB   140/245 KB   144/245 KB   148/245 KB   152/245 KB   156/245 KB   160/245 KB   164/245 KB   168/245 KB   172/245 KB   176/245 KB   180/245 KB   184/245 KB   188/245 KB   192/245 KB   196/245 KB   200/245 KB   204/245 KB   208/245 KB   212/245 KB   216/245 KB   220/245 KB   224/245 KB   228/245 KB   232/245 KB   236/245 KB   240/245 KB   244/245 KB   245/245 KB                Downloaded: https://repo.maven.apache.org/maven2/org/codehaus/plexus/plexus-utils/1.5.6/plexus-utils-1.5.6.jar (245 KB at 1011.0 KB/sec)
Downloading: https://oss.sonatype.org/content/repositories/snapshots/com/[secure]/butterknife-parent/7.0.2-SNAPSHOT/maven-metadata.xml
612/612 B                Downloaded: https://oss.sonatype.org/content/repositories/snapshots/com/[secure]/butterknife-parent/7.0.2-SNAPSHOT/maven-metadata.xml (612 B at 6.0 KB/sec)
Uploading: https://oss.sonatype.org/content/repositories/snapshots/com/[secure]/butterknife-parent/7.0.2-SNAPSHOT/butterknife-parent-7.0.2-20150802.041850-11.pom
2/5 KB      4/5 KB   5/5 KB            Uploaded: https://oss.sonatype.org/content/repositories/snapshots/com/[secure]/butterknife-parent/7.0.2-SNAPSHOT/butterknife-parent-7.0.2-20150802.041850-11.pom (5 KB at 35.8 KB/sec)
Downloading: https://oss.sonatype.org/content/repositories/snapshots/com/[secure]/butterknife-parent/maven-metadata.xml
473/473 B               Downloaded: https://oss.sonatype.org/content/repositories/snapshots/com/[secure]/butterknife-parent/maven-metadata.xml (473 B at 12.5 KB/sec)
Uploading: https://oss.sonatype.org/content/repositories/snapshots/com/[secure]/butterknife-parent/7.0.2-SNAPSHOT/maven-metadata.xml
612/612 B               Uploaded: https://oss.sonatype.org/content/repositories/snapshots/com/[secure]/butterknife-parent/7.0.2-SNAPSHOT/maven-metadata.xml (612 B at 7.2 KB/sec)
Uploading: https://oss.sonatype.org/content/repositories/snapshots/com/[secure]/butterknife-parent/maven-metadata.xml
473/473 B               Uploaded: https://oss.sonatype.org/content/repositories/snapshots/com/[secure]/butterknife-parent/maven-metadata.xml (473 B at 5.8 KB/sec)
[INFO]                                                                         
[INFO] ------------------------------------------------------------------------
[INFO] Building Butter Knife 7.0.2-SNAPSHOT
[INFO] ------------------------------------------------------------------------
[INFO] 
[INFO] --- maven-clean-plugin:2.5:clean (default-clean) @ butterknife ---
[INFO] Deleting /home/travis/build/JakeWharton/butterknife/butterknife/target
[INFO] 
[INFO] >>> maven-source-plugin:2.4:jar (default-cli) > generate-sources @ butterknife >>>
[INFO] 
[INFO] --- maven-enforcer-plugin:1.0:enforce (enforce-maven) @ butterknife ---
[INFO] 
[INFO] <<< maven-source-plugin:2.4:jar (default-cli) < generate-sources @ butterknife <<<
[INFO] 
[INFO] --- maven-source-plugin:2.4:jar (default-cli) @ butterknife ---
[INFO] Building jar: /home/travis/build/JakeWharton/butterknife/butterknife/target/butterknife-7.0.2-SNAPSHOT-sources.jar
[INFO] 
[INFO] --- maven-javadoc-plugin:2.9:jar (default-cli) @ butterknife ---
[INFO] 
Loading source files for package butterknife...
Constructing Javadoc information...
Standard Doclet version 1.8.0_31
Building tree for all the packages and classes...
Generating /home/travis/build/JakeWharton/butterknife/butterknife/target/apidocs/butterknife/Bind.html...
Generating /home/travis/build/JakeWharton/butterknife/butterknife/target/apidocs/butterknife/BindArray.html...
Generating /home/travis/build/JakeWharton/butterknife/butterknife/target/apidocs/butterknife/BindBitmap.html...
Generating /home/travis/build/JakeWharton/butterknife/butterknife/target/apidocs/butterknife/BindBool.html...
Generating /home/travis/build/JakeWharton/butterknife/butterknife/target/apidocs/butterknife/BindColor.html...
Generating /home/travis/build/JakeWharton/butterknife/butterknife/target/apidocs/butterknife/BindDimen.html...
Generating /home/travis/build/JakeWharton/butterknife/butterknife/target/apidocs/butterknife/BindDrawable.html...
Generating /home/travis/build/JakeWharton/butterknife/butterknife/target/apidocs/butterknife/BindInt.html...
Generating /home/travis/build/JakeWharton/butterknife/butterknife/target/apidocs/butterknife/BindString.html...
Generating /home/travis/build/JakeWharton/butterknife/butterknife/target/apidocs/butterknife/ButterKnife.html...
Generating /home/travis/build/JakeWharton/butterknife/butterknife/target/apidocs/butterknife/ButterKnife.Action.html...
Generating /home/travis/build/JakeWharton/butterknife/butterknife/target/apidocs/butterknife/ButterKnife.Finder.html...
Generating /home/travis/build/JakeWharton/butterknife/butterknife/target/apidocs/butterknife/ButterKnife.Setter.html...
Generating /home/travis/build/JakeWharton/butterknife/butterknife/target/apidocs/butterknife/ButterKnife.ViewBinder.html...
Generating /home/travis/build/JakeWharton/butterknife/butterknife/target/apidocs/butterknife/OnCheckedChanged.html...
Generating /home/travis/build/JakeWharton/butterknife/butterknife/target/apidocs/butterknife/OnClick.html...
Generating /home/travis/build/JakeWharton/butterknife/butterknife/target/apidocs/butterknife/OnEditorAction.html...
Generating /home/travis/build/JakeWharton/butterknife/butterknife/target/apidocs/butterknife/OnFocusChange.html...
Generating /home/travis/build/JakeWharton/butterknife/butterknife/target/apidocs/butterknife/OnItemClick.html...
Generating /home/travis/build/JakeWharton/butterknife/butterknife/target/apidocs/butterknife/OnItemLongClick.html...
Generating /home/travis/build/JakeWharton/butterknife/butterknife/target/apidocs/butterknife/OnItemSelected.html...
Generating /home/travis/build/JakeWharton/butterknife/butterknife/target/apidocs/butterknife/OnItemSelected.Callback.html...
Generating /home/travis/build/JakeWharton/butterknife/butterknife/target/apidocs/butterknife/OnLongClick.html...
Generating /home/travis/build/JakeWharton/butterknife/butterknife/target/apidocs/butterknife/OnPageChange.html...
Generating /home/travis/build/JakeWharton/butterknife/butterknife/target/apidocs/butterknife/OnPageChange.Callback.html...
Generating /home/travis/build/JakeWharton/butterknife/butterknife/target/apidocs/butterknife/OnTextChanged.html...
Generating /home/travis/build/JakeWharton/butterknife/butterknife/target/apidocs/butterknife/OnTextChanged.Callback.html...
Generating /home/travis/build/JakeWharton/butterknife/butterknife/target/apidocs/butterknife/OnTouch.html...
Generating /home/travis/build/JakeWharton/butterknife/butterknife/target/apidocs/butterknife/package-frame.html...
Generating /home/travis/build/JakeWharton/butterknife/butterknife/target/apidocs/butterknife/package-summary.html...
Generating /home/travis/build/JakeWharton/butterknife/butterknife/target/apidocs/butterknife/package-tree.html...
Generating /home/travis/build/JakeWharton/butterknife/butterknife/target/apidocs/constant-values.html...
Generating /home/travis/build/JakeWharton/butterknife/butterknife/target/apidocs/butterknife/class-use/OnTouch.html...
Generating /home/travis/build/JakeWharton/butterknife/butterknife/target/apidocs/butterknife/class-use/OnTextChanged.html...
Generating /home/travis/build/JakeWharton/butterknife/butterknife/target/apidocs/butterknife/class-use/OnTextChanged.Callback.html...
Generating /home/travis/build/JakeWharton/butterknife/butterknife/target/apidocs/butterknife/class-use/OnPageChange.html...
Generating /home/travis/build/JakeWharton/butterknife/butterknife/target/apidocs/butterknife/class-use/OnPageChange.Callback.html...
Generating /home/travis/build/JakeWharton/butterknife/butterknife/target/apidocs/butterknife/class-use/OnLongClick.html...
Generating /home/travis/build/JakeWharton/butterknife/butterknife/target/apidocs/butterknife/class-use/OnItemSelected.html...
Generating /home/travis/build/JakeWharton/butterknife/butterknife/target/apidocs/butterknife/class-use/OnItemSelected.Callback.html...
Generating /home/travis/build/JakeWharton/butterknife/butterknife/target/apidocs/butterknife/class-use/OnItemLongClick.html...
Generating /home/travis/build/JakeWharton/butterknife/butterknife/target/apidocs/butterknife/class-use/OnItemClick.html...
Generating /home/travis/build/JakeWharton/butterknife/butterknife/target/apidocs/butterknife/class-use/OnFocusChange.html...
Generating /home/travis/build/JakeWharton/butterknife/butterknife/target/apidocs/butterknife/class-use/OnEditorAction.html...
Generating /home/travis/build/JakeWharton/butterknife/butterknife/target/apidocs/butterknife/class-use/OnClick.html...
Generating /home/travis/build/JakeWharton/butterknife/butterknife/target/apidocs/butterknife/class-use/OnCheckedChanged.html...
Generating /home/travis/build/JakeWharton/butterknife/butterknife/target/apidocs/butterknife/class-use/ButterKnife.html...
Generating /home/travis/build/JakeWharton/butterknife/butterknife/target/apidocs/butterknife/class-use/ButterKnife.Finder.html...
Generating /home/travis/build/JakeWharton/butterknife/butterknife/target/apidocs/butterknife/class-use/ButterKnife.ViewBinder.html...
Generating /home/travis/build/JakeWharton/butterknife/butterknife/target/apidocs/butterknife/class-use/ButterKnife.Action.html...
Generating /home/travis/build/JakeWharton/butterknife/butterknife/target/apidocs/butterknife/class-use/ButterKnife.Setter.html...
Generating /home/travis/build/JakeWharton/butterknife/butterknife/target/apidocs/butterknife/class-use/BindString.html...
Generating /home/travis/build/JakeWharton/butterknife/butterknife/target/apidocs/butterknife/class-use/BindInt.html...
Generating /home/travis/build/JakeWharton/butterknife/butterknife/target/apidocs/butterknife/class-use/BindDrawable.html...
Generating /home/travis/build/JakeWharton/butterknife/butterknife/target/apidocs/butterknife/class-use/BindDimen.html...
Generating /home/travis/build/JakeWharton/butterknife/butterknife/target/apidocs/butterknife/class-use/BindColor.html...
Generating /home/travis/build/JakeWharton/butterknife/butterknife/target/apidocs/butterknife/class-use/BindBool.html...
Generating /home/travis/build/JakeWharton/butterknife/butterknife/target/apidocs/butterknife/class-use/BindBitmap.html...
Generating /home/travis/build/JakeWharton/butterknife/butterknife/target/apidocs/butterknife/class-use/BindArray.html...
Generating /home/travis/build/JakeWharton/butterknife/butterknife/target/apidocs/butterknife/class-use/Bind.html...
Generating /home/travis/build/JakeWharton/butterknife/butterknife/target/apidocs/butterknife/package-use.html...
Building index for all the packages and classes...
Generating /home/travis/build/JakeWharton/butterknife/butterknife/target/apidocs/overview-tree.html...
Generating /home/travis/build/JakeWharton/butterknife/butterknife/target/apidocs/index-all.html...
Generating /home/travis/build/JakeWharton/butterknife/butterknife/target/apidocs/deprecated-list.html...
Building index for all classes...
Generating /home/travis/build/JakeWharton/butterknife/butterknife/target/apidocs/allclasses-frame.html...
Generating /home/travis/build/JakeWharton/butterknife/butterknife/target/apidocs/allclasses-noframe.html...
Generating /home/travis/build/JakeWharton/butterknife/butterknife/target/apidocs/index.html...
Generating /home/travis/build/JakeWharton/butterknife/butterknife/target/apidocs/help-doc.html...
[INFO] Building jar: /home/travis/build/JakeWharton/butterknife/butterknife/target/butterknife-7.0.2-SNAPSHOT-javadoc.jar
[INFO] 
[INFO] --- maven-enforcer-plugin:1.0:enforce (enforce-maven) @ butterknife ---
[INFO] 
[INFO] --- maven-resources-plugin:2.6:resources (default-resources) @ butterknife ---
[INFO] Using 'UTF-8' encoding to copy filtered resources.
[INFO] skip non existing resourceDirectory /home/travis/build/JakeWharton/butterknife/butterknife/src/main/resources
[INFO] 
[INFO] --- maven-compiler-plugin:3.0:compile (default-compile) @ butterknife ---
[INFO] Changes detected - recompiling the module!
[INFO] Compiling 27 source files to /home/travis/build/JakeWharton/butterknife/butterknife/target/classes
[WARNING] bootstrap class path not set in conjunction with -source 1.7
[WARNING] /home/travis/build/JakeWharton/butterknife/butterknife/src/main/java/butterknife/ButterKnife.java: /home/travis/build/JakeWharton/butterknife/butterknife/src/main/java/butterknife/ButterKnife.java uses unchecked or unsafe operations.
[WARNING] /home/travis/build/JakeWharton/butterknife/butterknife/src/main/java/butterknife/ButterKnife.java: Recompile with -Xlint:unchecked for details.
[INFO] 
[INFO] --- maven-resources-plugin:2.6:testResources (default-testResources) @ butterknife ---
[INFO] Not copying test resources
[INFO] 
[INFO] --- maven-compiler-plugin:3.0:testCompile (default-testCompile) @ butterknife ---
[INFO] Not compiling test sources
[INFO] 
[INFO] --- maven-surefire-plugin:2.12.4:test (default-test) @ butterknife ---
[INFO] Tests are skipped.
[INFO] 
[INFO] --- maven-jar-plugin:2.4:jar (default-jar) @ butterknife ---
[INFO] Building jar: /home/travis/build/JakeWharton/butterknife/butterknife/target/butterknife-7.0.2-SNAPSHOT.jar
[INFO] 
[INFO] --- maven-checkstyle-plugin:2.9.1:checkstyle (default) @ butterknife ---
[INFO] Starting audit...
Audit done.

[WARNING] Unable to locate Source XRef to link to - DISABLED
[INFO] 
[INFO] --- maven-install-plugin:2.4:install (default-install) @ butterknife ---
[INFO] Installing /home/travis/build/JakeWharton/butterknife/butterknife/target/butterknife-7.0.2-SNAPSHOT.jar to /home/travis/.m2/repository/com/[secure]/butterknife/7.0.2-SNAPSHOT/butterknife-7.0.2-SNAPSHOT.jar
[INFO] Installing /home/travis/build/JakeWharton/butterknife/butterknife/pom.xml to /home/travis/.m2/repository/com/[secure]/butterknife/7.0.2-SNAPSHOT/butterknife-7.0.2-SNAPSHOT.pom
[INFO] Installing /home/travis/build/JakeWharton/butterknife/butterknife/target/butterknife-7.0.2-SNAPSHOT-sources.jar to /home/travis/.m2/repository/com/[secure]/butterknife/7.0.2-SNAPSHOT/butterknife-7.0.2-SNAPSHOT-sources.jar
[INFO] Installing /home/travis/build/JakeWharton/butterknife/butterknife/target/butterknife-7.0.2-SNAPSHOT-javadoc.jar to /home/travis/.m2/repository/com/[secure]/butterknife/7.0.2-SNAPSHOT/butterknife-7.0.2-SNAPSHOT-javadoc.jar
[INFO] 
[INFO] --- maven-deploy-plugin:2.7:deploy (default-deploy) @ butterknife ---
Downloading: https://oss.sonatype.org/content/repositories/snapshots/com/[secure]/butterknife/7.0.2-SNAPSHOT/maven-metadata.xml
2/2 KB               Downloaded: https://oss.sonatype.org/content/repositories/snapshots/com/[secure]/butterknife/7.0.2-SNAPSHOT/maven-metadata.xml (2 KB at 34.7 KB/sec)
Uploading: https://oss.sonatype.org/content/repositories/snapshots/com/[secure]/butterknife/7.0.2-SNAPSHOT/butterknife-7.0.2-20150802.041903-11.jar
2/28 KB   4/28 KB   6/28 KB   8/28 KB   10/28 KB   12/28 KB   14/28 KB   16/28 KB   18/28 KB   20/28 KB   22/28 KB   24/28 KB   26/28 KB   28/28 KB              Uploaded: https://oss.sonatype.org/content/repositories/snapshots/com/[secure]/butterknife/7.0.2-SNAPSHOT/butterknife-7.0.2-20150802.041903-11.jar (28 KB at 240.4 KB/sec)
Uploading: https://oss.sonatype.org/content/repositories/snapshots/com/[secure]/butterknife/7.0.2-SNAPSHOT/butterknife-7.0.2-20150802.041903-11.pom
2/2 KB              Uploaded: https://oss.sonatype.org/content/repositories/snapshots/com/[secure]/butterknife/7.0.2-SNAPSHOT/butterknife-7.0.2-20150802.041903-11.pom (2 KB at 17.3 KB/sec)
Downloading: https://oss.sonatype.org/content/repositories/snapshots/com/[secure]/butterknife/maven-metadata.xml
466/466 B               Downloaded: https://oss.sonatype.org/content/repositories/snapshots/com/[secure]/butterknife/maven-metadata.xml (466 B at 13.8 KB/sec)
Uploading: https://oss.sonatype.org/content/repositories/snapshots/com/[secure]/butterknife/7.0.2-SNAPSHOT/maven-metadata.xml
2/2 KB               Uploaded: https://oss.sonatype.org/content/repositories/snapshots/com/[secure]/butterknife/7.0.2-SNAPSHOT/maven-metadata.xml (2 KB at 14.2 KB/sec)
Uploading: https://oss.sonatype.org/content/repositories/snapshots/com/[secure]/butterknife/maven-metadata.xml
466/466 B               Uploaded: https://oss.sonatype.org/content/repositories/snapshots/com/[secure]/butterknife/maven-metadata.xml (466 B at 5.7 KB/sec)
Uploading: https://oss.sonatype.org/content/repositories/snapshots/com/[secure]/butterknife/7.0.2-SNAPSHOT/butterknife-7.0.2-20150802.041903-11-sources.jar
2/21 KB     4/21 KB   6/21 KB   8/21 KB   10/21 KB   12/21 KB   14/21 KB   16/21 KB   18/21 KB   20/21 KB   21/21 KB              Uploaded: https://oss.sonatype.org/content/repositories/snapshots/com/[secure]/butterknife/7.0.2-SNAPSHOT/butterknife-7.0.2-20150802.041903-11-sources.jar (21 KB at 224.1 KB/sec)
Uploading: https://oss.sonatype.org/content/repositories/snapshots/com/[secure]/butterknife/7.0.2-SNAPSHOT/maven-metadata.xml
2/2 KB              Uploaded: https://oss.sonatype.org/content/repositories/snapshots/com/[secure]/butterknife/7.0.2-SNAPSHOT/maven-metadata.xml (2 KB at 15.1 KB/sec)
Uploading: https://oss.sonatype.org/content/repositories/snapshots/com/[secure]/butterknife/7.0.2-SNAPSHOT/butterknife-7.0.2-20150802.041903-11-javadoc.jar
2/133 KB   4/133 KB   6/133 KB   8/133 KB   10/133 KB   12/133 KB   14/133 KB   16/133 KB   18/133 KB   20/133 KB   22/133 KB   24/133 KB   26/133 KB   28/133 KB   30/133 KB   32/133 KB   34/133 KB   36/133 KB   38/133 KB   40/133 KB   42/133 KB   44/133 KB   46/133 KB   48/133 KB   50/133 KB   52/133 KB   54/133 KB   56/133 KB   58/133 KB   60/133 KB   62/133 KB   64/133 KB   66/133 KB   68/133 KB   70/133 KB   72/133 KB   74/133 KB   76/133 KB   78/133 KB   80/133 KB   82/133 KB   84/133 KB   86/133 KB   88/133 KB   90/133 KB   92/133 KB   94/133 KB   96/133 KB   98/133 KB   100/133 KB   102/133 KB   104/133 KB   106/133 KB   108/133 KB   110/133 KB   112/133 KB   114/133 KB   116/133 KB   118/133 KB   120/133 KB   122/133 KB   124/133 KB   126/133 KB   128/133 KB   130/133 KB   132/133 KB   133/133 KB                Uploaded: https://oss.sonatype.org/content/repositories/snapshots/com/[secure]/butterknife/7.0.2-SNAPSHOT/butterknife-7.0.2-20150802.041903-11-javadoc.jar (133 KB at 842.5 KB/sec)
Uploading: https://oss.sonatype.org/content/repositories/snapshots/com/[secure]/butterknife/7.0.2-SNAPSHOT/maven-metadata.xml
2/2 KB                Uploaded: https://oss.sonatype.org/content/repositories/snapshots/com/[secure]/butterknife/7.0.2-SNAPSHOT/maven-metadata.xml (2 KB at 13.7 KB/sec)
[INFO]                                                                         
[INFO] ------------------------------------------------------------------------
[INFO] Building Butter Knife Compiler 7.0.2-SNAPSHOT
[INFO] ------------------------------------------------------------------------
[INFO] 
[INFO] --- maven-clean-plugin:2.5:clean (default-clean) @ butterknife-compiler ---
[INFO] Deleting /home/travis/build/JakeWharton/butterknife/butterknife-compiler/target
[INFO] 
[INFO] >>> maven-source-plugin:2.4:jar (default-cli) > generate-sources @ butterknife-compiler >>>
[INFO] 
[INFO] --- maven-enforcer-plugin:1.0:enforce (enforce-maven) @ butterknife-compiler ---
[INFO] 
[INFO] <<< maven-source-plugin:2.4:jar (default-cli) < generate-sources @ butterknife-compiler <<<
[INFO] 
[INFO] --- maven-source-plugin:2.4:jar (default-cli) @ butterknife-compiler ---
[INFO] Building jar: /home/travis/build/JakeWharton/butterknife/butterknife-compiler/target/butterknife-compiler-7.0.2-SNAPSHOT-sources.jar
[INFO] 
[INFO] --- maven-javadoc-plugin:2.9:jar (default-cli) @ butterknife-compiler ---
[INFO] 
Loading source files for package butterknife.internal...
Constructing Javadoc information...
Standard Doclet version 1.8.0_31
Building tree for all the packages and classes...
Generating /home/travis/build/JakeWharton/butterknife/butterknife-compiler/target/apidocs/butterknife/internal/ButterKnifeProcessor.html...
Generating /home/travis/build/JakeWharton/butterknife/butterknife-compiler/target/apidocs/butterknife/internal/package-frame.html...
Generating /home/travis/build/JakeWharton/butterknife/butterknife-compiler/target/apidocs/butterknife/internal/package-summary.html...
Generating /home/travis/build/JakeWharton/butterknife/butterknife-compiler/target/apidocs/butterknife/internal/package-tree.html...
Generating /home/travis/build/JakeWharton/butterknife/butterknife-compiler/target/apidocs/constant-values.html...
Generating /home/travis/build/JakeWharton/butterknife/butterknife-compiler/target/apidocs/butterknife/internal/class-use/ButterKnifeProcessor.html...
Generating /home/travis/build/JakeWharton/butterknife/butterknife-compiler/target/apidocs/butterknife/internal/package-use.html...
Building index for all the packages and classes...
Generating /home/travis/build/JakeWharton/butterknife/butterknife-compiler/target/apidocs/overview-tree.html...
Generating /home/travis/build/JakeWharton/butterknife/butterknife-compiler/target/apidocs/index-all.html...
Generating /home/travis/build/JakeWharton/butterknife/butterknife-compiler/target/apidocs/deprecated-list.html...
Building index for all classes...
Generating /home/travis/build/JakeWharton/butterknife/butterknife-compiler/target/apidocs/allclasses-frame.html...
Generating /home/travis/build/JakeWharton/butterknife/butterknife-compiler/target/apidocs/allclasses-noframe.html...
Generating /home/travis/build/JakeWharton/butterknife/butterknife-compiler/target/apidocs/index.html...
Generating /home/travis/build/JakeWharton/butterknife/butterknife-compiler/target/apidocs/help-doc.html...
[INFO] Building jar: /home/travis/build/JakeWharton/butterknife/butterknife-compiler/target/butterknife-compiler-7.0.2-SNAPSHOT-javadoc.jar
[INFO] 
[INFO] --- maven-enforcer-plugin:1.0:enforce (enforce-maven) @ butterknife-compiler ---
[INFO] 
[INFO] --- maven-resources-plugin:2.6:resources (default-resources) @ butterknife-compiler ---
[INFO] Using 'UTF-8' encoding to copy filtered resources.
[INFO] Copying 1 resource
[INFO] 
[INFO] --- maven-compiler-plugin:3.0:compile (default-compile) @ butterknife-compiler ---
[INFO] Changes detected - recompiling the module!
[INFO] Compiling 10 source files to /home/travis/build/JakeWharton/butterknife/butterknife-compiler/target/classes
[WARNING] bootstrap class path not set in conjunction with -source 1.7
[INFO] 
[INFO] --- maven-resources-plugin:2.6:testResources (default-testResources) @ butterknife-compiler ---
[INFO] Not copying test resources
[INFO] 
[INFO] --- maven-compiler-plugin:3.0:testCompile (default-testCompile) @ butterknife-compiler ---
[INFO] Not compiling test sources
[INFO] 
[INFO] --- maven-surefire-plugin:2.12.4:test (default-test) @ butterknife-compiler ---
[INFO] Tests are skipped.
[INFO] 
[INFO] --- maven-jar-plugin:2.4:jar (default-jar) @ butterknife-compiler ---
[INFO] Building jar: /home/travis/build/JakeWharton/butterknife/butterknife-compiler/target/butterknife-compiler-7.0.2-SNAPSHOT.jar
[INFO] 
[INFO] --- maven-checkstyle-plugin:2.9.1:checkstyle (default) @ butterknife-compiler ---
[INFO] Starting audit...
Audit done.

[WARNING] Unable to locate Source XRef to link to - DISABLED
[INFO] 
[INFO] --- maven-install-plugin:2.4:install (default-install) @ butterknife-compiler ---
[INFO] Installing /home/travis/build/JakeWharton/butterknife/butterknife-compiler/target/butterknife-compiler-7.0.2-SNAPSHOT.jar to /home/travis/.m2/repository/com/[secure]/butterknife-compiler/7.0.2-SNAPSHOT/butterknife-compiler-7.0.2-SNAPSHOT.jar
[INFO] Installing /home/travis/build/JakeWharton/butterknife/butterknife-compiler/pom.xml to /home/travis/.m2/repository/com/[secure]/butterknife-compiler/7.0.2-SNAPSHOT/butterknife-compiler-7.0.2-SNAPSHOT.pom
[INFO] Installing /home/travis/build/JakeWharton/butterknife/butterknife-compiler/target/butterknife-compiler-7.0.2-SNAPSHOT-sources.jar to /home/travis/.m2/repository/com/[secure]/butterknife-compiler/7.0.2-SNAPSHOT/butterknife-compiler-7.0.2-SNAPSHOT-sources.jar
[INFO] Installing /home/travis/build/JakeWharton/butterknife/butterknife-compiler/target/butterknife-compiler-7.0.2-SNAPSHOT-javadoc.jar to /home/travis/.m2/repository/com/[secure]/butterknife-compiler/7.0.2-SNAPSHOT/butterknife-compiler-7.0.2-SNAPSHOT-javadoc.jar
[INFO] 
[INFO] --- maven-deploy-plugin:2.7:deploy (default-deploy) @ butterknife-compiler ---
Downloading: https://oss.sonatype.org/content/repositories/snapshots/com/[secure]/butterknife-compiler/7.0.2-SNAPSHOT/maven-metadata.xml
2/2 KB            Downloaded: https://oss.sonatype.org/content/repositories/snapshots/com/[secure]/butterknife-compiler/7.0.2-SNAPSHOT/maven-metadata.xml (2 KB at 32.0 KB/sec)
Uploading: https://oss.sonatype.org/content/repositories/snapshots/com/[secure]/butterknife-compiler/7.0.2-SNAPSHOT/butterknife-compiler-7.0.2-20150802.041910-3.jar
2/32 KB   4/32 KB   6/32 KB   8/32 KB   10/32 KB   12/32 KB   14/32 KB   16/32 KB   18/32 KB   20/32 KB   22/32 KB   24/32 KB   26/32 KB   28/32 KB   30/32 KB   32/32 KB              Uploaded: https://oss.sonatype.org/content/repositories/snapshots/com/[secure]/butterknife-compiler/7.0.2-SNAPSHOT/butterknife-compiler-7.0.2-20150802.041910-3.jar (32 KB at 236.1 KB/sec)
Uploading: https://oss.sonatype.org/content/repositories/snapshots/com/[secure]/butterknife-compiler/7.0.2-SNAPSHOT/butterknife-compiler-7.0.2-20150802.041910-3.pom
2/2 KB              Uploaded: https://oss.sonatype.org/content/repositories/snapshots/com/[secure]/butterknife-compiler/7.0.2-SNAPSHOT/butterknife-compiler-7.0.2-20150802.041910-3.pom (2 KB at 18.2 KB/sec)
Downloading: https://oss.sonatype.org/content/repositories/snapshots/com/[secure]/butterknife-compiler/maven-metadata.xml
295/295 B               Downloaded: https://oss.sonatype.org/content/repositories/snapshots/com/[secure]/butterknife-compiler/maven-metadata.xml (295 B at 7.8 KB/sec)
Uploading: https://oss.sonatype.org/content/repositories/snapshots/com/[secure]/butterknife-compiler/7.0.2-SNAPSHOT/maven-metadata.xml
2/2 KB               Uploaded: https://oss.sonatype.org/content/repositories/snapshots/com/[secure]/butterknife-compiler/7.0.2-SNAPSHOT/maven-metadata.xml (2 KB at 13.8 KB/sec)
Uploading: https://oss.sonatype.org/content/repositories/snapshots/com/[secure]/butterknife-compiler/maven-metadata.xml
295/295 B               Uploaded: https://oss.sonatype.org/content/repositories/snapshots/com/[secure]/butterknife-compiler/maven-metadata.xml (295 B at 3.7 KB/sec)
Uploading: https://oss.sonatype.org/content/repositories/snapshots/com/[secure]/butterknife-compiler/7.0.2-SNAPSHOT/butterknife-compiler-7.0.2-20150802.041910-3-sources.jar
2/16 KB     4/16 KB   6/16 KB   8/16 KB   10/16 KB   12/16 KB   14/16 KB   16/16 KB              Uploaded: https://oss.sonatype.org/content/repositories/snapshots/com/[secure]/butterknife-compiler/7.0.2-SNAPSHOT/butterknife-compiler-7.0.2-20150802.041910-3-sources.jar (16 KB at 172.1 KB/sec)
Uploading: https://oss.sonatype.org/content/repositories/snapshots/com/[secure]/butterknife-compiler/7.0.2-SNAPSHOT/maven-metadata.xml
2/2 KB              Uploaded: https://oss.sonatype.org/content/repositories/snapshots/com/[secure]/butterknife-compiler/7.0.2-SNAPSHOT/maven-metadata.xml (2 KB at 12.2 KB/sec)
Uploading: https://oss.sonatype.org/content/repositories/snapshots/com/[secure]/butterknife-compiler/7.0.2-SNAPSHOT/butterknife-compiler-7.0.2-20150802.041910-3-javadoc.jar
2/24 KB   4/24 KB   6/24 KB   8/24 KB   10/24 KB   12/24 KB   14/24 KB   16/24 KB   18/24 KB   20/24 KB   22/24 KB   24/24 KB              Uploaded: https://oss.sonatype.org/content/repositories/snapshots/com/[secure]/butterknife-compiler/7.0.2-SNAPSHOT/butterknife-compiler-7.0.2-20150802.041910-3-javadoc.jar (24 KB at 270.1 KB/sec)
Uploading: https://oss.sonatype.org/content/repositories/snapshots/com/[secure]/butterknife-compiler/7.0.2-SNAPSHOT/maven-metadata.xml
2/2 KB              Uploaded: https://oss.sonatype.org/content/repositories/snapshots/com/[secure]/butterknife-compiler/7.0.2-SNAPSHOT/maven-metadata.xml (2 KB at 14.3 KB/sec)
[INFO]                                                                         
[INFO] ------------------------------------------------------------------------
[INFO] Building Butter Knife Sample 7.0.2-SNAPSHOT
[INFO] ------------------------------------------------------------------------
[INFO] 
[INFO] --- maven-clean-plugin:2.5:clean (default-clean) @ butterknife-sample ---
[INFO] Deleting /home/travis/build/JakeWharton/butterknife/butterknife-sample/target
[INFO] 
[INFO] >>> maven-source-plugin:2.4:jar (default-cli) > generate-sources @ butterknife-sample >>>
[INFO] 
[INFO] --- maven-enforcer-plugin:1.0:enforce (enforce-maven) @ butterknife-sample ---
[INFO] 
[INFO] --- android-maven-plugin:4.1.0:generate-sources (default-generate-sources) @ butterknife-sample ---
[INFO] Manifest copied from /home/travis/build/JakeWharton/butterknife/butterknife-sample/src/main/AndroidManifest.xml to /home/travis/build/JakeWharton/butterknife/butterknife-sample/target/AndroidManifest.xml
[INFO] Extracting libs
[INFO] Generating R file for com.[secure]:butterknife-sample:apk:7.0.2-SNAPSHOT
[INFO] Adding R gen folder to compile classpath: /home/travis/build/JakeWharton/butterknife/butterknife-sample/target/generated-sources/r
[INFO] Adding AIDL gen folder to compile classpath: /home/travis/build/JakeWharton/butterknife/butterknife-sample/target/generated-sources/aidl
[INFO] 
[INFO] <<< maven-source-plugin:2.4:jar (default-cli) < generate-sources @ butterknife-sample <<<
[INFO] 
[INFO] --- maven-source-plugin:2.4:jar (default-cli) @ butterknife-sample ---
[INFO] Building jar: /home/travis/build/JakeWharton/butterknife/butterknife-sample/target/butterknife-sample-7.0.2-SNAPSHOT-sources.jar
[INFO] 
[INFO] --- maven-javadoc-plugin:2.9:jar (default-cli) @ butterknife-sample ---
[INFO] 
Loading source files for package com.example.butterknife...
Constructing Javadoc information...
Standard Doclet version 1.8.0_31
Building tree for all the packages and classes...
Generating /home/travis/build/JakeWharton/butterknife/butterknife-sample/target/apidocs/com/example/butterknife/SimpleActivity.html...
Generating /home/travis/build/JakeWharton/butterknife/butterknife-sample/target/apidocs/com/example/butterknife/SimpleAdapter.html...
Generating /home/travis/build/JakeWharton/butterknife/butterknife-sample/target/apidocs/com/example/butterknife/SimpleApp.html...
Generating /home/travis/build/JakeWharton/butterknife/butterknife-sample/target/apidocs/com/example/butterknife/package-frame.html...
Generating /home/travis/build/JakeWharton/butterknife/butterknife-sample/target/apidocs/com/example/butterknife/package-summary.html...
Generating /home/travis/build/JakeWharton/butterknife/butterknife-sample/target/apidocs/com/example/butterknife/package-tree.html...
Generating /home/travis/build/JakeWharton/butterknife/butterknife-sample/target/apidocs/constant-values.html...
Generating /home/travis/build/JakeWharton/butterknife/butterknife-sample/target/apidocs/com/example/butterknife/class-use/SimpleApp.html...
Generating /home/travis/build/JakeWharton/butterknife/butterknife-sample/target/apidocs/com/example/butterknife/class-use/SimpleAdapter.html...
Generating /home/travis/build/JakeWharton/butterknife/butterknife-sample/target/apidocs/com/example/butterknife/class-use/SimpleActivity.html...
Generating /home/travis/build/JakeWharton/butterknife/butterknife-sample/target/apidocs/com/example/butterknife/package-use.html...
Building index for all the packages and classes...
Generating /home/travis/build/JakeWharton/butterknife/butterknife-sample/target/apidocs/overview-tree.html...
Generating /home/travis/build/JakeWharton/butterknife/butterknife-sample/target/apidocs/index-all.html...
Generating /home/travis/build/JakeWharton/butterknife/butterknife-sample/target/apidocs/deprecated-list.html...
Building index for all classes...
Generating /home/travis/build/JakeWharton/butterknife/butterknife-sample/target/apidocs/allclasses-frame.html...
Generating /home/travis/build/JakeWharton/butterknife/butterknife-sample/target/apidocs/allclasses-noframe.html...
Generating /home/travis/build/JakeWharton/butterknife/butterknife-sample/target/apidocs/index.html...
Generating /home/travis/build/JakeWharton/butterknife/butterknife-sample/target/apidocs/help-doc.html...
14 warnings
[WARNING] Javadoc Warnings
[WARNING] /home/travis/build/JakeWharton/butterknife/butterknife-sample/src/main/java/com/example/butterknife/SimpleActivity.java:31: error: package R does not exist
[WARNING] @Bind(R.id.title) TextView title;
[WARNING] ^
[WARNING] /home/travis/build/JakeWharton/butterknife/butterknife-sample/src/main/java/com/example/butterknife/SimpleActivity.java:32: error: package R does not exist
[WARNING] @Bind(R.id.subtitle) TextView subtitle;
[WARNING] ^
[WARNING] /home/travis/build/JakeWharton/butterknife/butterknife-sample/src/main/java/com/example/butterknife/SimpleActivity.java:33: error: package R does not exist
[WARNING] @Bind(R.id.hello) Button hello;
[WARNING] ^
[WARNING] /home/travis/build/JakeWharton/butterknife/butterknife-sample/src/main/java/com/example/butterknife/SimpleActivity.java:34: error: package R does not exist
[WARNING] @Bind(R.id.list_of_things) ListView listOfThings;
[WARNING] ^
[WARNING] /home/travis/build/JakeWharton/butterknife/butterknife-sample/src/main/java/com/example/butterknife/SimpleActivity.java:35: error: package R does not exist
[WARNING] @Bind(R.id.footer) TextView footer;
[WARNING] ^
[WARNING] /home/travis/build/JakeWharton/butterknife/butterknife-sample/src/main/java/com/example/butterknife/SimpleActivity.java:37: error: package R does not exist
[WARNING] @Bind({ R.id.title, R.id.subtitle, R.id.hello })
[WARNING] ^
[WARNING] /home/travis/build/JakeWharton/butterknife/butterknife-sample/src/main/java/com/example/butterknife/SimpleActivity.java:37: error: package R does not exist
[WARNING] @Bind({ R.id.title, R.id.subtitle, R.id.hello })
[WARNING] ^
[WARNING] /home/travis/build/JakeWharton/butterknife/butterknife-sample/src/main/java/com/example/butterknife/SimpleActivity.java:37: error: package R does not exist
[WARNING] @Bind({ R.id.title, R.id.subtitle, R.id.hello })
[WARNING] ^
[WARNING] /home/travis/build/JakeWharton/butterknife/butterknife-sample/src/main/java/com/example/butterknife/SimpleActivity.java:42: error: package R does not exist
[WARNING] @OnClick(R.id.hello) void sayHello() {
[WARNING] ^
[WARNING] /home/travis/build/JakeWharton/butterknife/butterknife-sample/src/main/java/com/example/butterknife/SimpleActivity.java:47: error: package R does not exist
[WARNING] @OnLongClick(R.id.hello) boolean sayGetOffMe() {
[WARNING] ^
[WARNING] /home/travis/build/JakeWharton/butterknife/butterknife-sample/src/main/java/com/example/butterknife/SimpleActivity.java:52: error: package R does not exist
[WARNING] @OnItemClick(R.id.list_of_things) void onItemClick(int position) {
[WARNING] ^
[WARNING] /home/travis/build/JakeWharton/butterknife/butterknife-sample/src/main/java/com/example/butterknife/SimpleAdapter.java:54: error: package R does not exist
[WARNING] @Bind(R.id.word) TextView word;
[WARNING] ^
[WARNING] /home/travis/build/JakeWharton/butterknife/butterknife-sample/src/main/java/com/example/butterknife/SimpleAdapter.java:55: error: package R does not exist
[WARNING] @Bind(R.id.length) TextView length;
[WARNING] ^
[WARNING] /home/travis/build/JakeWharton/butterknife/butterknife-sample/src/main/java/com/example/butterknife/SimpleAdapter.java:56: error: package R does not exist
[WARNING] @Bind(R.id.position) TextView position;
[WARNING] ^
[INFO] Building jar: /home/travis/build/JakeWharton/butterknife/butterknife-sample/target/butterknife-sample-7.0.2-SNAPSHOT-javadoc.jar
[INFO] 
[INFO] --- maven-enforcer-plugin:1.0:enforce (enforce-maven) @ butterknife-sample ---
[INFO] 
[INFO] --- android-maven-plugin:4.1.0:generate-sources (default-generate-sources) @ butterknife-sample ---
[INFO] Manifest copied from /home/travis/build/JakeWharton/butterknife/butterknife-sample/src/main/AndroidManifest.xml to /home/travis/build/JakeWharton/butterknife/butterknife-sample/target/AndroidManifest.xml
[INFO] Extracting libs
[INFO] Generating R file for com.[secure]:butterknife-sample:apk:7.0.2-SNAPSHOT
[INFO] Adding R gen folder to compile classpath: /home/travis/build/JakeWharton/butterknife/butterknife-sample/target/generated-sources/r
[INFO] Adding AIDL gen folder to compile classpath: /home/travis/build/JakeWharton/butterknife/butterknife-sample/target/generated-sources/aidl
[INFO] 
[INFO] --- maven-resources-plugin:2.7:resources (default-resources) @ butterknife-sample ---
[INFO] Using 'UTF-8' encoding to copy filtered resources.
[INFO] skip non existing resourceDirectory /home/travis/build/JakeWharton/butterknife/butterknife-sample/src/main/resources
[INFO] 
[INFO] --- maven-compiler-plugin:3.0:compile (default-compile) @ butterknife-sample ---
[INFO] Changes detected - recompiling the module!
[INFO] Compiling 5 source files to /home/travis/build/JakeWharton/butterknife/butterknife-sample/target/classes
[WARNING] bootstrap class path not set in conjunction with -source 1.7
[INFO] 
[INFO] --- android-maven-plugin:4.1.0:emma (default-emma) @ butterknife-sample ---
[INFO] 
[INFO] --- android-maven-plugin:4.1.0:proguard (default-proguard) @ butterknife-sample ---
[INFO] 
[INFO] --- maven-resources-plugin:2.7:testResources (default-testResources) @ butterknife-sample ---
[INFO] Not copying test resources
[INFO] 
[INFO] --- maven-compiler-plugin:3.0:testCompile (default-testCompile) @ butterknife-sample ---
[INFO] Not compiling test sources
[INFO] 
[INFO] --- maven-surefire-plugin:2.18.1:test (default-test) @ butterknife-sample ---
[INFO] Tests are skipped.
[INFO] 
[INFO] --- android-maven-plugin:4.1.0:dex (default-dex) @ butterknife-sample ---
[INFO] Convert classes to Dex : /home/travis/build/JakeWharton/butterknife/butterknife-sample/target/classes.dex
[INFO] 
[INFO] --- maven-jar-plugin:2.6:jar (default-jar) @ butterknife-sample ---
[INFO] Building jar: /home/travis/build/JakeWharton/butterknife/butterknife-sample/target/butterknife-sample-7.0.2-SNAPSHOT.jar
[INFO] 
[INFO] --- android-maven-plugin:4.1.0:apk (default-apk) @ butterknife-sample ---
[INFO] Generating debug apk.
[INFO] Adding native libraries : []
[INFO] 
[INFO] --- android-maven-plugin:4.1.0:internal-pre-integration-test (default-internal-pre-integration-test) @ butterknife-sample ---
[INFO] maven.test.skip set - skipping tests
[INFO] 
[INFO] --- android-maven-plugin:4.1.0:internal-integration-test (default-internal-integration-test) @ butterknife-sample ---
[INFO] maven.test.skip set - skipping tests
[INFO] 
[INFO] --- maven-checkstyle-plugin:2.9.1:checkstyle (default) @ butterknife-sample ---
[INFO] Starting audit...
Audit done.

[WARNING] Unable to locate Source XRef to link to - DISABLED
[INFO] 
[INFO] --- maven-install-plugin:2.5.2:install (default-install) @ butterknife-sample ---
[INFO] Installing /home/travis/build/JakeWharton/butterknife/butterknife-sample/target/butterknife-sample-7.0.2-SNAPSHOT.apk to /home/travis/.m2/repository/com/[secure]/butterknife-sample/7.0.2-SNAPSHOT/butterknife-sample-7.0.2-SNAPSHOT.apk
[INFO] Installing /home/travis/build/JakeWharton/butterknife/butterknife-sample/pom.xml to /home/travis/.m2/repository/com/[secure]/butterknife-sample/7.0.2-SNAPSHOT/butterknife-sample-7.0.2-SNAPSHOT.pom
[INFO] Installing /home/travis/build/JakeWharton/butterknife/butterknife-sample/target/butterknife-sample-7.0.2-SNAPSHOT-sources.jar to /home/travis/.m2/repository/com/[secure]/butterknife-sample/7.0.2-SNAPSHOT/butterknife-sample-7.0.2-SNAPSHOT-sources.jar
[INFO] Installing /home/travis/build/JakeWharton/butterknife/butterknife-sample/target/butterknife-sample-7.0.2-SNAPSHOT-javadoc.jar to /home/travis/.m2/repository/com/[secure]/butterknife-sample/7.0.2-SNAPSHOT/butterknife-sample-7.0.2-SNAPSHOT-javadoc.jar
[INFO] Installing /home/travis/build/JakeWharton/butterknife/butterknife-sample/target/butterknife-sample-7.0.2-SNAPSHOT.jar to /home/travis/.m2/repository/com/[secure]/butterknife-sample/7.0.2-SNAPSHOT/butterknife-sample-7.0.2-SNAPSHOT.jar
[INFO] 
[INFO] --- maven-deploy-plugin:2.8.2:deploy (default-deploy) @ butterknife-sample ---
Downloading: https://oss.sonatype.org/content/repositories/snapshots/com/[secure]/butterknife-sample/7.0.2-SNAPSHOT/maven-metadata.xml
2/2 KB            Downloaded: https://oss.sonatype.org/content/repositories/snapshots/com/[secure]/butterknife-sample/7.0.2-SNAPSHOT/maven-metadata.xml (2 KB at 35.7 KB/sec)
Uploading: https://oss.sonatype.org/content/repositories/snapshots/com/[secure]/butterknife-sample/7.0.2-SNAPSHOT/butterknife-sample-7.0.2-20150802.041926-11.apk
2/36 KB   4/36 KB   6/36 KB   8/36 KB   10/36 KB   12/36 KB   14/36 KB   16/36 KB   18/36 KB   20/36 KB   22/36 KB   24/36 KB   26/36 KB   28/36 KB   30/36 KB   32/36 KB   34/36 KB   36/36 KB              Uploaded: https://oss.sonatype.org/content/repositories/snapshots/com/[secure]/butterknife-sample/7.0.2-SNAPSHOT/butterknife-sample-7.0.2-20150802.041926-11.apk (36 KB at 373.9 KB/sec)
Uploading: https://oss.sonatype.org/content/repositories/snapshots/com/[secure]/butterknife-sample/7.0.2-SNAPSHOT/butterknife-sample-7.0.2-20150802.041926-11.pom
2/2 KB              Uploaded: https://oss.sonatype.org/content/repositories/snapshots/com/[secure]/butterknife-sample/7.0.2-SNAPSHOT/butterknife-sample-7.0.2-20150802.041926-11.pom (2 KB at 21.1 KB/sec)
Downloading: https://oss.sonatype.org/content/repositories/snapshots/com/[secure]/butterknife-sample/maven-metadata.xml
473/473 B               Downloaded: https://oss.sonatype.org/content/repositories/snapshots/com/[secure]/butterknife-sample/maven-metadata.xml (473 B at 8.7 KB/sec)
Uploading: https://oss.sonatype.org/content/repositories/snapshots/com/[secure]/butterknife-sample/7.0.2-SNAPSHOT/maven-metadata.xml
2/2 KB               Uploaded: https://oss.sonatype.org/content/repositories/snapshots/com/[secure]/butterknife-sample/7.0.2-SNAPSHOT/maven-metadata.xml (2 KB at 16.4 KB/sec)
Uploading: https://oss.sonatype.org/content/repositories/snapshots/com/[secure]/butterknife-sample/maven-metadata.xml
473/473 B               Uploaded: https://oss.sonatype.org/content/repositories/snapshots/com/[secure]/butterknife-sample/maven-metadata.xml (473 B at 4.9 KB/sec)
Uploading: https://oss.sonatype.org/content/repositories/snapshots/com/[secure]/butterknife-sample/7.0.2-SNAPSHOT/butterknife-sample-7.0.2-20150802.041926-11-sources.jar
2/4 KB      4/4 KB            Uploaded: https://oss.sonatype.org/content/repositories/snapshots/com/[secure]/butterknife-sample/7.0.2-SNAPSHOT/butterknife-sample-7.0.2-20150802.041926-11-sources.jar (4 KB at 42.0 KB/sec)
Uploading: https://oss.sonatype.org/content/repositories/snapshots/com/[secure]/butterknife-sample/7.0.2-SNAPSHOT/maven-metadata.xml
2/2 KB            Uploaded: https://oss.sonatype.org/content/repositories/snapshots/com/[secure]/butterknife-sample/7.0.2-SNAPSHOT/maven-metadata.xml (2 KB at 14.4 KB/sec)
Uploading: https://oss.sonatype.org/content/repositories/snapshots/com/[secure]/butterknife-sample/7.0.2-SNAPSHOT/butterknife-sample-7.0.2-20150802.041926-11-javadoc.jar
2/36 KB   4/36 KB   6/36 KB   8/36 KB   10/36 KB   12/36 KB   14/36 KB   16/36 KB   18/36 KB   20/36 KB   22/36 KB   24/36 KB   26/36 KB   28/36 KB   30/36 KB   32/36 KB   34/36 KB   36/36 KB              Uploaded: https://oss.sonatype.org/content/repositories/snapshots/com/[secure]/butterknife-sample/7.0.2-SNAPSHOT/butterknife-sample-7.0.2-20150802.041926-11-javadoc.jar (36 KB at 245.8 KB/sec)
Uploading: https://oss.sonatype.org/content/repositories/snapshots/com/[secure]/butterknife-sample/7.0.2-SNAPSHOT/maven-metadata.xml
2/2 KB              Uploaded: https://oss.sonatype.org/content/repositories/snapshots/com/[secure]/butterknife-sample/7.0.2-SNAPSHOT/maven-metadata.xml (2 KB at 16.4 KB/sec)
Uploading: https://oss.sonatype.org/content/repositories/snapshots/com/[secure]/butterknife-sample/7.0.2-SNAPSHOT/butterknife-sample-7.0.2-20150802.041926-11.jar
2/15 KB   4/15 KB   6/15 KB   8/15 KB   10/15 KB   12/15 KB   14/15 KB   15/15 KB              Uploaded: https://oss.sonatype.org/content/repositories/snapshots/com/[secure]/butterknife-sample/7.0.2-SNAPSHOT/butterknife-sample-7.0.2-20150802.041926-11.jar (15 KB at 157.1 KB/sec)
Uploading: https://oss.sonatype.org/content/repositories/snapshots/com/[secure]/butterknife-sample/7.0.2-SNAPSHOT/maven-metadata.xml
2/2 KB              Uploaded: https://oss.sonatype.org/content/repositories/snapshots/com/[secure]/butterknife-sample/7.0.2-SNAPSHOT/maven-metadata.xml (2 KB at 17.2 KB/sec)
[INFO] ------------------------------------------------------------------------
[INFO] Reactor Summary:
[INFO] 
[INFO] Butter Knife (Parent) .............................. SUCCESS [  7.107 s]
[INFO] Butter Knife ....................................... SUCCESS [ 12.615 s]
[INFO] Butter Knife Compiler .............................. SUCCESS [  7.206 s]
[INFO] Butter Knife Sample ................................ SUCCESS [ 16.642 s]
[INFO] ------------------------------------------------------------------------
[INFO] BUILD SUCCESS
[INFO] ------------------------------------------------------------------------
[INFO] Total time: 52.157 s
[INFO] Finished at: 2015-08-02T04:19:27+00:00
[INFO] Final Memory: 53M/418M
[INFO] ------------------------------------------------------------------------
Snapshot deployed!
travis_time:end:09422770:start=1438489113071238387,finish=1438489171919577370,duration=58848338983[0Ktravis_fold:end:after_success[0K
Done. Your build exited with 0.
