Using worker: bluebox-jvm-otp.worker.travis-ci.org:travis-jvm-10

$ git clone --depth=100 --quiet git://github.com/thinkaurelius/titan.git thinkaurelius/titan
$ cd thinkaurelius/titan
$ git fetch origin +refs/pull/150/merge: 
remote: Counting objects: 31, done.[K
remote: Compressing objects:  16% (1/6)   [Kremote: Compressing objects:  33% (2/6)   [Kremote: Compressing objects:  50% (3/6)   [Kremote: Compressing objects:  66% (4/6)   [Kremote: Compressing objects:  83% (5/6)   [Kremote: Compressing objects: 100% (6/6)   [Kremote: Compressing objects: 100% (6/6), done.[K
remote: Total 17 (delta 7), reused 16 (delta 6)[K
Unpacking objects:   5% (1/17)   Unpacking objects:  11% (2/17)   Unpacking objects:  17% (3/17)   Unpacking objects:  23% (4/17)   Unpacking objects:  29% (5/17)   Unpacking objects:  35% (6/17)   Unpacking objects:  41% (7/17)   Unpacking objects:  47% (8/17)   Unpacking objects:  52% (9/17)   Unpacking objects:  58% (10/17)   Unpacking objects:  64% (11/17)   Unpacking objects:  70% (12/17)   Unpacking objects:  76% (13/17)   Unpacking objects:  82% (14/17)   Unpacking objects:  88% (15/17)   Unpacking objects:  94% (16/17)   Unpacking objects: 100% (17/17)   Unpacking objects: 100% (17/17), done.
From git://github.com/thinkaurelius/titan
 * branch            refs/pull/150/merge -> FETCH_HEAD
$ git checkout -qf FETCH_HEAD
$ jdk_switcher use openjdk7
Switching to OpenJDK7 (java-1.7.0-openjdk-amd64), JAVA_HOME will be set to /usr/lib/jvm/java-7-openjdk-amd64
update-alternatives: error: no alternatives for apt.
update-alternatives: error: no alternatives for mozilla-javaplugin.so.
update-java-alternatives: plugin alternative does not exist: /usr/lib/jvm/java-7-openjdk-amd64/jre/lib/amd64/IcedTeaPlugin.so
$ java -version
java version "1.7.0_09"
OpenJDK Runtime Environment (IcedTea7 2.3.4) (7u9-2.3.4-0ubuntu1.12.04.1)
OpenJDK 64-Bit Server VM (build 23.2-b09, mixed mode)
$ javac -version
javac 1.7.0_09
$ mvn install --quiet -DskipTests=true
[debug] execute contextualize
[debug] execute contextualize
[debug] execute contextualize
$ mvn test
[INFO] Scanning for projects...
[INFO] ------------------------------------------------------------------------
[INFO] Reactor Build Order:
[INFO] 
[INFO] Titan: Distributed Graph Database
[INFO] Titan-Core: Core Library for Titan
[INFO] Titan-Test: Test Suite for Titan
[INFO] Titan-BerkeleyJE: Distributed Graph Database
[INFO] Titan-Cassandra: Distributed Graph Database
[INFO] Titan-HBase: Distributed Graph Database
[INFO] Titan-All: Complete Titan Distribution
[INFO]                                                                         
[INFO] ------------------------------------------------------------------------
[INFO] Building Titan: Distributed Graph Database 0.3.0-SNAPSHOT
[INFO] ------------------------------------------------------------------------
[INFO] 
[INFO] --- maven-enforcer-plugin:1.0:enforce (enforce-maven) @ titan ---
[INFO]                                                                         
[INFO] ------------------------------------------------------------------------
[INFO] Building Titan-Core: Core Library for Titan 0.3.0-SNAPSHOT
[INFO] ------------------------------------------------------------------------
[INFO] 
[INFO] --- maven-enforcer-plugin:1.0:enforce (enforce-maven) @ titan-core ---
[INFO] 
[INFO] --- maven-resources-plugin:2.3:resources (default-resources) @ titan-core ---
[INFO] Using 'UTF-8' encoding to copy filtered resources.
[INFO] skip non existing resourceDirectory /home/travis/build/thinkaurelius/titan/titan-core/src/main/resources
[INFO] 
[INFO] --- maven-compiler-plugin:2.5.1:compile (default-compile) @ titan-core ---
[INFO] Nothing to compile - all classes are up to date
[INFO] 
[INFO] --- maven-resources-plugin:2.3:testResources (default-testResources) @ titan-core ---
[INFO] Using 'UTF-8' encoding to copy filtered resources.
[INFO] skip non existing resourceDirectory /home/travis/build/thinkaurelius/titan/titan-core/src/test/resources
[INFO] 
[INFO] --- maven-compiler-plugin:2.5.1:testCompile (default-testCompile) @ titan-core ---
[INFO] No sources to compile
[INFO] 
[INFO] --- maven-surefire-plugin:2.11:test (default-test) @ titan-core ---
[INFO] No tests to run.
[INFO] Surefire report directory: /home/travis/build/thinkaurelius/titan/titan-core/target/surefire-reports
Downloading: http://maven.mirrors.travis-ci.org/nexus/content/repositories/central/org/apache/maven/surefire/surefire-junit3/2.11/surefire-junit3-2.11.pom
2/2 KB            Downloaded: http://maven.mirrors.travis-ci.org/nexus/content/repositories/central/org/apache/maven/surefire/surefire-junit3/2.11/surefire-junit3-2.11.pom (2 KB at 2.6 KB/sec)
Downloading: http://maven.mirrors.travis-ci.org/nexus/content/repositories/central/org/apache/maven/surefire/surefire-providers/2.11/surefire-providers-2.11.pom
3/3 KB            Downloaded: http://maven.mirrors.travis-ci.org/nexus/content/repositories/central/org/apache/maven/surefire/surefire-providers/2.11/surefire-providers-2.11.pom (3 KB at 7.2 KB/sec)
Downloading: http://maven.mirrors.travis-ci.org/nexus/content/repositories/central/org/apache/maven/surefire/surefire-junit3/2.11/surefire-junit3-2.11.jar
4/26 KB   8/26 KB   9/26 KB   11/26 KB   15/26 KB   19/26 KB   23/26 KB   26/26 KB              Downloaded: http://maven.mirrors.travis-ci.org/nexus/content/repositories/central/org/apache/maven/surefire/surefire-junit3/2.11/surefire-junit3-2.11.jar (26 KB at 51.2 KB/sec)

-------------------------------------------------------
 T E S T S
-------------------------------------------------------

Results :

Tests run: 0, Failures: 0, Errors: 0, Skipped: 0

[INFO]                                                                         
[INFO] ------------------------------------------------------------------------
[INFO] Building Titan-Test: Test Suite for Titan 0.3.0-SNAPSHOT
[INFO] ------------------------------------------------------------------------
[INFO] 
[INFO] --- maven-enforcer-plugin:1.0:enforce (enforce-maven) @ titan-test ---
[INFO] 
[INFO] --- maven-resources-plugin:2.3:resources (default-resources) @ titan-test ---
[INFO] Using 'UTF-8' encoding to copy filtered resources.
[INFO] skip non existing resourceDirectory /home/travis/build/thinkaurelius/titan/titan-test/src/main/resources
[INFO] 
[INFO] --- maven-compiler-plugin:2.5.1:compile (default-compile) @ titan-test ---
[INFO] Nothing to compile - all classes are up to date
[INFO] 
[INFO] --- maven-resources-plugin:2.3:testResources (default-testResources) @ titan-test ---
[INFO] Using 'UTF-8' encoding to copy filtered resources.
[INFO] Copying 2 resources
[INFO] 
[INFO] --- maven-compiler-plugin:2.5.1:testCompile (default-testCompile) @ titan-test ---
[INFO] Nothing to compile - all classes are up to date
[INFO] 
[INFO] --- maven-surefire-plugin:2.11:test (default-test) @ titan-test ---
[INFO] Surefire report directory: /home/travis/build/thinkaurelius/titan/titan-test/target/surefire-reports
Downloading: http://maven.mirrors.travis-ci.org/nexus/content/repositories/central/org/apache/maven/surefire/surefire-junit4/2.11/surefire-junit4-2.11.pom
3/3 KB              Downloaded: http://maven.mirrors.travis-ci.org/nexus/content/repositories/central/org/apache/maven/surefire/surefire-junit4/2.11/surefire-junit4-2.11.pom (3 KB at 8.3 KB/sec)
Downloading: http://maven.mirrors.travis-ci.org/nexus/content/repositories/central/org/apache/maven/surefire/surefire-junit4/2.11/surefire-junit4-2.11.jar
4/33 KB   8/33 KB   9/33 KB   10/33 KB   14/33 KB   18/33 KB   22/33 KB   26/33 KB   27/33 KB   28/33 KB   32/33 KB   33/33 KB              Downloaded: http://maven.mirrors.travis-ci.org/nexus/content/repositories/central/org/apache/maven/surefire/surefire-junit4/2.11/surefire-junit4-2.11.jar (33 KB at 63.7 KB/sec)

-------------------------------------------------------
 T E S T S
-------------------------------------------------------
Running com.thinkaurelius.titan.tinkerpop.rexster.TitanGraphConfigurationTest
Tests run: 1, Failures: 0, Errors: 0, Skipped: 0, Time elapsed: 0.504 sec
Running com.thinkaurelius.titan.graphdb.serializer.ByteBufferTest
Tests run: 3, Failures: 0, Errors: 0, Skipped: 0, Time elapsed: 0.569 sec
Running com.thinkaurelius.titan.blueprints.InMemoryBlueprintsTest
Testing testReadingTinkerGraph...
Testing testTinkerGraphVertices...
	titaninmemoryblueprintsgraph[null]: graph-example-1 loaded in 176.35014300001785ms
Testing testTinkerGraphSoftwareVertices...
	titaninmemoryblueprintsgraph[null]: graph-example-1 loaded in 12.189576999982819ms
Testing testTinkerGraphVertexAndEdges...
	titaninmemoryblueprintsgraph[null]: graph-example-1 loaded in 11.939136000000872ms
Testing testReadingTinkerGraphExample3...
Testing testReadingTinkerGraphExample3MappingLabels...
	titaninmemoryblueprintsgraph[null]: graph-example-3 loaded in 16.506905999965966ms
Testing testReadingTinkerGraphExample3MappingIDs...
	titaninmemoryblueprintsgraph[null]: graph-example-3 loaded in 15.078727000043727ms
Testing testReadingTinkerGraphExample3MappingAll...
	titaninmemoryblueprintsgraph[null]: graph-example-3 loaded in 12.660947000025772ms
Testing testMigratingTinkerGraphExample3...
Testing testTinkerGraphEdges...
	titaninmemoryblueprintsgraph[null]: graph-example-1 loaded in 11.986039999988861ms
*** TOTAL TIME [GMLReaderTestSuite]: 351.03157200000715 ***
Testing testGettingVerticesAndEdgesWithKeyValue...
Testing testStringRepresentation...
	titaninmemoryblueprintsgraph[null]: 1 graph string representation generated in 0.23567199998069555ms
Testing testStringRepresentationOfVertexId...
Testing testSemanticallyCorrectIterables...
Testing testAddingVerticesAndEdges...
Testing testSettingProperties...
Testing testDataTypeValidationOnProperties...
Testing testSimpleRemovingVerticesEdges...
Testing testRemovingEdges...
	titaninmemoryblueprintsgraph[null]: 100 vertices added in 6.646481000003405ms
	titaninmemoryblueprintsgraph[null]: 200 edges added in 233.5049280000385ms
	titaninmemoryblueprintsgraph[null]: 200 edges deleted (with size check on each delete) in 321.06093200005125ms
Testing testRemovingVertices...
	titaninmemoryblueprintsgraph[null]: 500 vertices added in 28.178529000026174ms
	titaninmemoryblueprintsgraph[null]: 250 edges added in 141.75420800002757ms
	titaninmemoryblueprintsgraph[null]: 500 vertices deleted (with size check on each delete) in 242.23621000000276ms
Testing testConnectivityPatterns...
Testing testVertexEdgeLabels...
Testing testVertexEdgeLabels2...
Testing testTreeConnectivity...
	titaninmemoryblueprintsgraph[null]: 1464 vertices added in a tree structure in 375.1087299999781ms
	titaninmemoryblueprintsgraph[null]: 1464 vertices iterated in 6.900089000002481ms
	titaninmemoryblueprintsgraph[null]: 1463 edges iterated in 16.877087000058964ms
Testing testConcurrentModification...
Testing testGraphDataPersists...
Testing testFeatureCompliance...
supportsDuplicateEdges: true
supportsSelfLoops: true
supportsSerializableObjectProperty: true
supportsBooleanProperty: true
supportsDoubleProperty: true
supportsFloatProperty: true
supportsIntegerProperty: true
supportsPrimitiveArrayProperty: true
supportsUniformListProperty: true
supportsMixedListProperty: true
supportsLongProperty: true
supportsMapProperty: true
supportsStringProperty: true
ignoresSuppliedIds: true
isPersistent: false
isRDFModel: false
isWrapper: false
supportsIndices: false
supportsVertexIndex: false
supportsEdgeIndex: false
supportsKeyIndices: true
supportsVertexKeyIndex: true
supportsEdgeKeyIndex: false
supportsEdgeIteration: true
supportsVertexIteration: true
supportsEdgeRetrieval: true
supportsVertexProperties: true
supportsEdgeProperties: true
supportsTransactions: false
supportsThreadedTransactions: false
Testing testEmptyOnConstruction...
*** TOTAL TIME [GraphTestSuite]: 1491.147234999924 ***
Testing testVertexQuery...
*** TOTAL TIME [QueryTestSuite]: 33.08459900005255 ***
Testing testAutoIndexKeyManagementWithPersistence...
	titaninmemoryblueprintsgraph[null]: 2 automatic index keys added in 0.7261830000206828ms
Testing testAutoIndexKeyDroppingWithPersistence...
	titaninmemoryblueprintsgraph[null]: 2 automatic index keys added in 0.642325000022538ms
Testing testNoConcurrentModificationException...
Testing testKeyIndicesConsistentWithElementRemoval...
*** TOTAL TIME [KeyIndexableGraphTestSuite]: 6.9672710000304505 ***
Testing testReadingTinkerGraph...
Testing testTinkerGraphVertices...
	titaninmemoryblueprintsgraph[null]: graph-example-1 loaded in 19.082504999940284ms
Testing testTinkerGraphSoftwareVertices...
	titaninmemoryblueprintsgraph[null]: graph-example-1 loaded in 12.827257000026293ms
Testing testTinkerGraphVertexAndEdges...
	titaninmemoryblueprintsgraph[null]: graph-example-1 loaded in 13.127542000031099ms
Testing testReadingTinkerGraphExample3...
Testing testReadingTinkerGraphExample3MappingLabels...
	titaninmemoryblueprintsgraph[null]: graph-example-3 loaded in 16.331076000002213ms
Testing testReadingTinkerGraphExample3MappingIDs...
	titaninmemoryblueprintsgraph[null]: graph-example-3 loaded in 15.631600999971852ms
Testing testReadingTinkerGraphExample3MappingAll...
	titaninmemoryblueprintsgraph[null]: graph-example-3 loaded in 14.547606999985874ms
Testing testMigratingTinkerGraphExample3...
Testing testTinkerGraphEdges...
	titaninmemoryblueprintsgraph[null]: graph-example-1 loaded in 14.957846000092104ms
*** TOTAL TIME [GraphMLReaderTestSuite]: 119.6421149999369 ***
Testing testNoConcurrentModificationException...
Testing testBasicAddVertex...
Testing testGetVertexWithNull...
Testing testAddVertexProperties...
Testing testAddManyVertexProperties...
	titaninmemoryblueprintsgraph[null]: 750 vertex properties added (with vertices being added too) in 365.40157799993176ms
Testing testRemoveVertexProperties...
Testing testAddingIdProperty...
Testing testGettingEdgesAndVertices...
Testing testEmptyKeyProperty...
Testing testRemoveVertex...
Testing testRemoveVertexWithEdges...
Testing testGetNonExistantVertices...
Testing testRemoveVertexNullId...
	titaninmemoryblueprintsgraph[null]: 100 vertices added in 2.2756789999548346ms
	titaninmemoryblueprintsgraph[null]: 100 vertices removed in 7.348551000002772ms
Testing testVertexIterator...
	titaninmemoryblueprintsgraph[null]: 1000 vertices added in 19.992376000038348ms
	titaninmemoryblueprintsgraph[null]: 1000 vertices counted in 0.15749400004278868ms
Testing testLegalVertexEdgeIterables...
Testing testVertexEquality...
	titaninmemoryblueprintsgraph[null]: 1 vertex added and retrieved in 0.1572190000442788ms
Testing testVertexEqualityForSuppliedIdsAndHashCode...
*** TOTAL TIME [VertexTestSuite]: 435.0156549999956 ***
Testing testNoConcurrentModificationException...
Testing testEmptyKeyProperty...
Testing testEdgeEquality...
Testing testAddEdges...
	titaninmemoryblueprintsgraph[null]: 6 elements added and checked in 1.3120079999789596ms
Testing testAddManyEdges...
	titaninmemoryblueprintsgraph[null]: 300 elements added in 32.94619899999816ms
	titaninmemoryblueprintsgraph[null]: 100 edges counted in 0.99759299994912ms
	titaninmemoryblueprintsgraph[null]: 200 vertices counted in 0.060572999995201826ms
	titaninmemoryblueprintsgraph[null]: 200 vertices checked in 4.711124999914318ms
Testing testRemoveManyEdges...
	titaninmemoryblueprintsgraph[null]: 20 vertices counted in 0.029142000013962388ms
	titaninmemoryblueprintsgraph[null]: 10 edges counted in 0.12156700005289167ms
	titaninmemoryblueprintsgraph[null]: 10 edges removed and graph checked in 4.518593999906443ms
Testing testAddingRemovingEdgeProperties...
Testing testAddingDuplicateEdges...
Testing testRemoveEdgesByRemovingVertex...
Testing testRemoveEdges...
Testing testAddingSelfLoops...
Testing testRemoveSelfLoops...
Testing testEdgeIterator...
Testing testAddingLabelAndIdProperty...
*** TOTAL TIME [EdgeTestSuite]: 67.67848900007084 ***
Tests run: 7, Failures: 0, Errors: 0, Skipped: 0, Time elapsed: 2.532 sec
Running com.thinkaurelius.titan.graphdb.idmanagement.VertexIDAssignerTest
Partition: false
partitionMax: 2147483647
localPartition: null
Partition: true
partitionMax: 2147483647
localPartition: null
Partition: true
partitionMax: 2147483647
localPartition: [0, 2000]
Partition: true
partitionMax: 2147483647
localPartition: [-100000, -1]
Partition: true
partitionMax: 2147483647
localPartition: [-10000, 10000]
Partition: true
partitionMax: 100
localPartition: null
Partition: true
partitionMax: 100
localPartition: [0, 2000]
Partition: true
partitionMax: 100
localPartition: [-100000, -1]
Partition: true
partitionMax: 100
localPartition: [-10000, 10000]
Tests run: 9, Failures: 0, Errors: 0, Skipped: 0, Time elapsed: 5.093 sec
Running com.thinkaurelius.titan.graphdb.idmanagement.IDManagementTest
Tests run: 3, Failures: 0, Errors: 0, Skipped: 0, Time elapsed: 1.559 sec
Running com.thinkaurelius.titan.graphdb.loading.EdgeLoadingTest
Tests run: 1, Failures: 0, Errors: 0, Skipped: 0, Time elapsed: 0.003 sec
Running com.thinkaurelius.titan.diskstorage.locking.LocalLockMediatorTest
Tests run: 1, Failures: 0, Errors: 0, Skipped: 0, Time elapsed: 0.201 sec
Running com.thinkaurelius.titan.graphdb.serializer.SerializerTest
Tests run: 8, Failures: 0, Errors: 0, Skipped: 0, Time elapsed: 1.755 sec
Running com.thinkaurelius.titan.graphdb.idmanagement.IDPoolTest
Tests run: 3, Failures: 0, Errors: 0, Skipped: 0, Time elapsed: 1.328 sec
Running com.thinkaurelius.titan.graphdb.serializer.KryoTest
Tests run: 4, Failures: 0, Errors: 0, Skipped: 0, Time elapsed: 0.011 sec
Running com.thinkaurelius.titan.graphdb.idmanagement.VariableLongTest
Writing 10000000 longs in 65567319 bytes. in time: 2747
Writing 1000000 longs in 2983488 bytes. in time: 182
Tests run: 5, Failures: 0, Errors: 0, Skipped: 0, Time elapsed: 3.796 sec
Running com.thinkaurelius.titan.util.datastructures.BitMapTest
Tests run: 1, Failures: 0, Errors: 0, Skipped: 0, Time elapsed: 0 sec
Running com.thinkaurelius.titan.diskstorage.util.StorageFeaturesTest
Tests run: 1, Failures: 0, Errors: 0, Skipped: 0, Time elapsed: 0.013 sec
Running com.thinkaurelius.titan.tinkerpop.gremlin.ScriptExecutorTest
Tests run: 1, Failures: 0, Errors: 0, Skipped: 0, Time elapsed: 0.001 sec
Running com.thinkaurelius.titan.util.datastructures.RandomRemovalListTest
Tests run: 3, Failures: 0, Errors: 0, Skipped: 0, Time elapsed: 0.967 sec

Results :

Tests run: 51, Failures: 0, Errors: 0, Skipped: 0

[INFO]                                                                         
[INFO] ------------------------------------------------------------------------
[INFO] Building Titan-BerkeleyJE: Distributed Graph Database 0.3.0-SNAPSHOT
[INFO] ------------------------------------------------------------------------
[INFO] 
[INFO] --- maven-enforcer-plugin:1.0:enforce (enforce-maven) @ titan-berkeleyje ---
[INFO] 
[INFO] --- maven-resources-plugin:2.3:resources (default-resources) @ titan-berkeleyje ---
[INFO] Using 'UTF-8' encoding to copy filtered resources.
[INFO] Copying 2 resources
[INFO] 
[INFO] --- maven-compiler-plugin:2.5.1:compile (default-compile) @ titan-berkeleyje ---
[INFO] Nothing to compile - all classes are up to date
[INFO] 
[INFO] --- maven-resources-plugin:2.3:testResources (default-testResources) @ titan-berkeleyje ---
[INFO] Using 'UTF-8' encoding to copy filtered resources.
[INFO] Copying 2 resources
[INFO] 
[INFO] --- maven-compiler-plugin:2.5.1:testCompile (default-testCompile) @ titan-berkeleyje ---
[INFO] Nothing to compile - all classes are up to date
[INFO] 
[INFO] --- maven-surefire-plugin:2.12.1:test (default-test) @ titan-berkeleyje ---
[INFO] Surefire report directory: /home/travis/build/thinkaurelius/titan/titan-berkeleyje/target/surefire-reports
Downloading: http://maven.mirrors.travis-ci.org/nexus/content/repositories/central/org/apache/maven/surefire/surefire-junit4/2.12.1/surefire-junit4-2.12.1.pom
3/3 KB              Downloaded: http://maven.mirrors.travis-ci.org/nexus/content/repositories/central/org/apache/maven/surefire/surefire-junit4/2.12.1/surefire-junit4-2.12.1.pom (3 KB at 7.6 KB/sec)
Downloading: http://maven.mirrors.travis-ci.org/nexus/content/repositories/central/org/apache/maven/surefire/surefire-providers/2.12.1/surefire-providers-2.12.1.pom
3/3 KB            Downloaded: http://maven.mirrors.travis-ci.org/nexus/content/repositories/central/org/apache/maven/surefire/surefire-providers/2.12.1/surefire-providers-2.12.1.pom (3 KB at 6.1 KB/sec)
Downloading: http://maven.mirrors.travis-ci.org/nexus/content/repositories/central/org/apache/maven/surefire/surefire-junit4/2.12.1/surefire-junit4-2.12.1.jar
4/34 KB   8/34 KB   9/34 KB   10/34 KB   14/34 KB   18/34 KB   22/34 KB   26/34 KB   27/34 KB   28/34 KB   30/34 KB   34/34 KB   34/34 KB              Downloaded: http://maven.mirrors.travis-ci.org/nexus/content/repositories/central/org/apache/maven/surefire/surefire-junit4/2.12.1/surefire-junit4-2.12.1.jar (34 KB at 68.5 KB/sec)

-------------------------------------------------------
 T E S T S
-------------------------------------------------------
Running com.thinkaurelius.titan.diskstorage.berkeleyje.BerkeleyJEKeyValueTest
Tests run: 7, Failures: 0, Errors: 0, Skipped: 0, Time elapsed: 8.454 sec
Running com.thinkaurelius.titan.diskstorage.berkeleyje.BerkeleyDBjeKeyColumnValueVariableTest
Tests run: 16, Failures: 0, Errors: 0, Skipped: 0, Time elapsed: 9.014 sec
Running com.thinkaurelius.titan.graphdb.berkeleyje.BerkeleyJEGraphTest
Tests run: 14, Failures: 0, Errors: 0, Skipped: 0, Time elapsed: 7.568 sec
Running com.thinkaurelius.titan.blueprints.BerkeleyJEBlueprintsTest
Testing testAddingDuplicateEdges...
Testing testRemoveEdgesByRemovingVertex...
Testing testGetNonExistantEdges...
Testing testRemoveManyEdges...
	titangraph[berkeleyje:/tmp/titan-test/standard]: 20 vertices counted in 0.6093879999825731ms
	titangraph[berkeleyje:/tmp/titan-test/standard]: 10 edges counted in 0.7232539999531582ms
	titangraph[berkeleyje:/tmp/titan-test/standard]: 10 edges removed and graph checked in 17.481370999943465ms
Testing testAddManyEdges...
	titangraph[berkeleyje:/tmp/titan-test/standard]: 300 elements added in 98.3297339999117ms
	titangraph[berkeleyje:/tmp/titan-test/standard]: 100 edges counted in 2.8299569999799132ms
	titangraph[berkeleyje:/tmp/titan-test/standard]: 200 vertices counted in 1.2370220000157133ms
	titangraph[berkeleyje:/tmp/titan-test/standard]: 200 vertices checked in 6.1067000000039116ms
Testing testEdgeEquality...
Testing testAddingRemovingEdgeProperties...
Testing testAddingLabelAndIdProperty...
Testing testNoConcurrentModificationException...
Testing testEmptyKeyProperty...
Testing testRemoveEdges...
Testing testAddingSelfLoops...
Testing testRemoveSelfLoops...
Testing testEdgeIterator...
Testing testAddEdges...
	titangraph[berkeleyje:/tmp/titan-test/standard]: 6 elements added and checked in 3.018525000079535ms
Testing testGetEdges...
	titangraph[berkeleyje:/tmp/titan-test/standard]: 3 edges retrieved in 0.638747000019066ms
*** TOTAL TIME [EdgeTestSuite]: 1140.5546759999124 ***
Testing testFeatureCompliance...
supportsDuplicateEdges: true
supportsSelfLoops: true
supportsSerializableObjectProperty: true
supportsBooleanProperty: true
supportsDoubleProperty: true
supportsFloatProperty: true
supportsIntegerProperty: true
supportsPrimitiveArrayProperty: true
supportsUniformListProperty: true
supportsMixedListProperty: true
supportsLongProperty: true
supportsMapProperty: true
supportsStringProperty: true
ignoresSuppliedIds: true
isPersistent: true
isRDFModel: false
isWrapper: false
supportsIndices: false
supportsVertexIndex: false
supportsEdgeIndex: false
supportsKeyIndices: true
supportsVertexKeyIndex: true
supportsEdgeKeyIndex: false
supportsEdgeIteration: true
supportsVertexIteration: true
supportsEdgeRetrieval: true
supportsVertexProperties: true
supportsEdgeProperties: true
supportsTransactions: true
supportsThreadedTransactions: true
Testing testEmptyOnConstruction...
Testing testStringRepresentationOfVertexId...
Testing testSemanticallyCorrectIterables...
Testing testGettingVerticesAndEdgesWithKeyValue...
Testing testAddingVerticesAndEdges...
Testing testSettingProperties...
Testing testDataTypeValidationOnProperties...
Testing testSimpleRemovingVerticesEdges...
Testing testRemovingEdges...
	titangraph[berkeleyje:/tmp/titan-test/standard]: 100 vertices added in 3.0837859999155626ms
	titangraph[berkeleyje:/tmp/titan-test/standard]: 200 edges added in 52.413681000005454ms
	titangraph[berkeleyje:/tmp/titan-test/standard]: 200 edges deleted (with size check on each delete) in 169.83812299999408ms
Testing testRemovingVertices...
	titangraph[berkeleyje:/tmp/titan-test/standard]: 500 vertices added in 9.030206999974325ms
	titangraph[berkeleyje:/tmp/titan-test/standard]: 250 edges added in 59.27355099993292ms
	titangraph[berkeleyje:/tmp/titan-test/standard]: 500 vertices deleted (with size check on each delete) in 174.17208099993877ms
Testing testConnectivityPatterns...
Testing testVertexEdgeLabels...
Testing testVertexEdgeLabels2...
Testing testTreeConnectivity...
	titangraph[berkeleyje:/tmp/titan-test/standard]: 1464 vertices added in a tree structure in 146.0889990000287ms
	titangraph[berkeleyje:/tmp/titan-test/standard]: 1464 vertices iterated in 1.4567860000533983ms
	titangraph[berkeleyje:/tmp/titan-test/standard]: 1463 edges iterated in 3.4714030000614002ms
Testing testConcurrentModification...
Testing testGraphDataPersists...
	titangraph[berkeleyje:/tmp/titan-test/standard]: 1 graph loaded in 16.57996500004083ms
*** TOTAL TIME [GraphTestSuite]: 1739.6739390000002 ***
Testing testVertexQuery...
*** TOTAL TIME [QueryTestSuite]: 55.89598299993668 ***
Testing testAutoIndexKeyManagementWithPersistence...
	titangraph[berkeleyje:/tmp/titan-test/standard]: 2 automatic index keys added in 1.9779109999071807ms
Testing testKeyIndicesConsistentWithElementRemoval...
Testing testNoConcurrentModificationException...
Testing testGettingVerticesAndEdgesWithKeyValue...
*** TOTAL TIME [KeyIndexableGraphTestSuite]: 220.0704909999622 ***
Testing testCompetingThreads...
Testing testTransactionsForVertices...
	titangraph[berkeleyje:/tmp/titan-test/standard]: 1 vertex not added in failed transaction in 0.6956390000414103ms
	titangraph[berkeleyje:/tmp/titan-test/standard]: 1 vertex added in successful transaction in 0.795194000005722ms
Testing testBruteVertexTransactions...
	titangraph[berkeleyje:/tmp/titan-test/standard]: 100 vertices added in 100 successful transactions in 67.41709900007118ms
	titangraph[berkeleyje:/tmp/titan-test/standard]: 100 vertices not added in 100 failed transactions in 16.72296899999492ms
	titangraph[berkeleyje:/tmp/titan-test/standard]: 100 vertices added in 1 successful transactions in 14.804917000001296ms
	titangraph[berkeleyje:/tmp/titan-test/standard]: 100 vertices not added in 1 failed transactions in 10.393685999908485ms
Testing testTransactionsForEdges...
	titangraph[berkeleyje:/tmp/titan-test/standard]: 1 edge not added in failed transaction (w/ iteration) in 3.2031300000380725ms
	titangraph[berkeleyje:/tmp/titan-test/standard]: 1 edge added in successful transaction (w/ iteration) in 1.7405540000181645ms
Testing testBruteEdgeTransactions...
	titangraph[berkeleyje:/tmp/titan-test/standard]: 100 edges added in 100 successful transactions (2 vertices added for each edge) in 87.80284399993252ms
	titangraph[berkeleyje:/tmp/titan-test/standard]: 100 edges not added in 100 failed transactions (2 vertices added for each edge) in 28.648145999992266ms
	titangraph[berkeleyje:/tmp/titan-test/standard]: 100 edges added in 1 successful transactions (2 vertices added for each edge) in 32.263826000038534ms
	titangraph[berkeleyje:/tmp/titan-test/standard]: 100 edges not added in 1 failed transactions (2 vertices added for each edge) in 24.690371999982744ms
Testing testPropertyTransactions...
	titangraph[berkeleyje:/tmp/titan-test/standard]: 1 vertex added with string property in a successful transaction in 3.2586069999961182ms
	titangraph[berkeleyje:/tmp/titan-test/standard]: 1 integer property not added in a failed transaction in 0.8144189999438822ms
	titangraph[berkeleyje:/tmp/titan-test/standard]: 2 vertex properties checked in a successful transaction in 0.36231100000441074ms
	titangraph[berkeleyje:/tmp/titan-test/standard]: 1 edge property added and checked in a successful transaction in 1.5447270000586286ms
	titangraph[berkeleyje:/tmp/titan-test/standard]: 1 edge property added and checked in a failed transaction in 0.42616500006988645ms
Testing testIndexTransactions...
Testing testAutomaticSuccessfulTransactionOnShutdown...
Testing testVertexCountOnPreTransactionCommit...
Testing testBulkTransactionsOnEdges...
Testing testRemoveInTransaction...
Testing testCompetingThreadsOnMultipleDbInstances...
Testing testTrue...
Testing testAutoStartTransaction...
Testing testRepeatedTransactionStopException...
*** TOTAL TIME [TransactionalTitanGraphTestSuite]: 1426.5959429999348 ***
Testing testVertexReattachment...
*** TOTAL TIME [TitanSpecificBlueprintsTestSuite]: 88.73490799998399 ***
Testing testReadingTinkerGraph...
Testing testTinkerGraphEdges...
	titangraph[berkeleyje:/tmp/titan-test/standard]: graph-example-1 loaded in 48.45172399992589ms
Testing testTinkerGraphVertices...
	titangraph[berkeleyje:/tmp/titan-test/standard]: graph-example-1 loaded in 15.413723999983631ms
Testing testTinkerGraphSoftwareVertices...
	titangraph[berkeleyje:/tmp/titan-test/standard]: graph-example-1 loaded in 15.216537000029348ms
Testing testTinkerGraphVertexAndEdges...
	titangraph[berkeleyje:/tmp/titan-test/standard]: graph-example-1 loaded in 15.280173000064678ms
Testing testReadingTinkerGraphExample3...
Testing testReadingTinkerGraphExample3MappingLabels...
	titangraph[berkeleyje:/tmp/titan-test/standard]: graph-example-3 loaded in 18.953827999997884ms
Testing testReadingTinkerGraphExample3MappingIDs...
	titangraph[berkeleyje:/tmp/titan-test/standard]: graph-example-3 loaded in 19.96454499999527ms
Testing testReadingTinkerGraphExample3MappingAll...
	titangraph[berkeleyje:/tmp/titan-test/standard]: graph-example-3 loaded in 18.543173999991268ms
Testing testMigratingTinkerGraphExample3...
*** TOTAL TIME [GraphMLReaderTestSuite]: 536.8137050000951 ***
Testing testReadingTinkerGraph...
Testing testTinkerGraphEdges...
	titangraph[berkeleyje:/tmp/titan-test/standard]: graph-example-1 loaded in 314.85936400003266ms
Testing testTinkerGraphVertices...
	titangraph[berkeleyje:/tmp/titan-test/standard]: graph-example-1 loaded in 12.006698000011966ms
Testing testTinkerGraphSoftwareVertices...
	titangraph[berkeleyje:/tmp/titan-test/standard]: graph-example-1 loaded in 13.678905999986455ms
Testing testTinkerGraphVertexAndEdges...
	titangraph[berkeleyje:/tmp/titan-test/standard]: graph-example-1 loaded in 14.225131000042893ms
*** TOTAL TIME [GraphSONReaderTestSuite]: 576.4547759999987 ***
Testing testReadingTinkerGraph...
Testing testTinkerGraphEdges...
	titangraph[berkeleyje:/tmp/titan-test/standard]: graph-example-1 loaded in 16.570792000042275ms
Testing testTinkerGraphVertices...
	titangraph[berkeleyje:/tmp/titan-test/standard]: graph-example-1 loaded in 12.700666999910027ms
Testing testTinkerGraphSoftwareVertices...
	titangraph[berkeleyje:/tmp/titan-test/standard]: graph-example-1 loaded in 14.35502500005532ms
Testing testTinkerGraphVertexAndEdges...
	titangraph[berkeleyje:/tmp/titan-test/standard]: graph-example-1 loaded in 13.642976999981329ms
Testing testReadingTinkerGraphExample3...
Testing testReadingTinkerGraphExample3MappingLabels...
	titangraph[berkeleyje:/tmp/titan-test/standard]: graph-example-3 loaded in 12.29756700003054ms
Testing testReadingTinkerGraphExample3MappingIDs...
	titangraph[berkeleyje:/tmp/titan-test/standard]: graph-example-3 loaded in 11.95767299993895ms
Testing testReadingTinkerGraphExample3MappingAll...
	titangraph[berkeleyje:/tmp/titan-test/standard]: graph-example-3 loaded in 10.808107999968342ms
Testing testMigratingTinkerGraphExample3...
*** TOTAL TIME [GMLReaderTestSuite]: 558.2952660000883 ***
Testing testNoConcurrentModificationException...
Testing testEmptyKeyProperty...
Testing testVertexEquality...
	titangraph[berkeleyje:/tmp/titan-test/standard]: 1 vertex added and retrieved in 1.3535149999661371ms
Testing testBasicAddVertex...
Testing testVertexEqualityForSuppliedIdsAndHashCode...
Testing testGetVertexWithNull...
Testing testRemoveVertex...
Testing testRemoveVertexWithEdges...
Testing testGetNonExistantVertices...
Testing testRemoveVertexNullId...
	titangraph[berkeleyje:/tmp/titan-test/standard]: 100 vertices added in 1.9228540000040084ms
	titangraph[berkeleyje:/tmp/titan-test/standard]: 100 vertices removed in 4.054966000025161ms
Testing testVertexIterator...
	titangraph[berkeleyje:/tmp/titan-test/standard]: 1000 vertices added in 20.37890599993989ms
	titangraph[berkeleyje:/tmp/titan-test/standard]: 1000 vertices counted in 0.3675550000043586ms
Testing testLegalVertexEdgeIterables...
Testing testAddVertexProperties...
Testing testAddManyVertexProperties...
	titangraph[berkeleyje:/tmp/titan-test/standard]: 750 vertex properties added (with vertices being added too) in 170.4854790000245ms
Testing testRemoveVertexProperties...
Testing testAddingIdProperty...
Testing testGettingEdgesAndVertices...
*** TOTAL TIME [VertexTestSuite]: 1055.3513139999704 ***
Tests run: 10, Failures: 0, Errors: 0, Skipped: 0, Time elapsed: 7.425 sec
Running com.thinkaurelius.titan.tinkerpop.rexster.RexsterServerClientBerkeleyJeTest
Tests run: 1, Failures: 0, Errors: 0, Skipped: 0, Time elapsed: 3.838 sec
Running com.thinkaurelius.titan.diskstorage.berkeleyje.BerkeleyJeHashKeyColumnValueTest
Tests run: 16, Failures: 0, Errors: 0, Skipped: 0, Time elapsed: 12.886 sec
Running com.thinkaurelius.titan.diskstorage.berkeleyje.BerkeleyDBjeKeyColumnValueTest
Tests run: 16, Failures: 0, Errors: 0, Skipped: 0, Time elapsed: 10.733 sec

Results :

Tests run: 80, Failures: 0, Errors: 0, Skipped: 0

[INFO]                                                                         
[INFO] ------------------------------------------------------------------------
[INFO] Building Titan-Cassandra: Distributed Graph Database 0.3.0-SNAPSHOT
[INFO] ------------------------------------------------------------------------
[INFO] 
[INFO] --- maven-enforcer-plugin:1.0:enforce (enforce-maven) @ titan-cassandra ---
[INFO] 
[INFO] --- maven-resources-plugin:2.5:resources (default-resources) @ titan-cassandra ---
[debug] execute contextualize
[INFO] Using 'UTF-8' encoding to copy filtered resources.
[INFO] Copying 2 resources
[INFO] 
[INFO] --- maven-compiler-plugin:2.5.1:compile (default-compile) @ titan-cassandra ---
[INFO] Nothing to compile - all classes are up to date
[INFO] 
[INFO] --- maven-resources-plugin:2.5:testResources (default-testResources) @ titan-cassandra ---
[debug] execute contextualize
[INFO] Using 'UTF-8' encoding to copy filtered resources.
[INFO] Copying 2 resources
[INFO] 
[INFO] --- maven-resources-plugin:2.5:copy-resources (copy-resources-127.0.0.1) @ titan-cassandra ---
[debug] execute contextualize
[INFO] Using 'UTF-8' encoding to copy filtered resources.
[INFO] Copying 7 resources
[INFO] 
[INFO] --- maven-compiler-plugin:2.5.1:testCompile (default-testCompile) @ titan-cassandra ---
[INFO] Nothing to compile - all classes are up to date
[INFO] 
[INFO] --- maven-surefire-plugin:2.12.1:test (default-test) @ titan-cassandra ---
[INFO] Surefire report directory: /home/travis/build/thinkaurelius/titan/titan-cassandra/target/surefire-reports

-------------------------------------------------------
 T E S T S
-------------------------------------------------------

-------------------------------------------------------
 T E S T S
-------------------------------------------------------
Running com.thinkaurelius.titan.diskstorage.cassandra.thrift.InternalCassandraThriftKeyColumnValueTest
Tests run: 17, Failures: 0, Errors: 0, Skipped: 0, Time elapsed: 60.339 sec
Running com.thinkaurelius.titan.diskstorage.cassandra.astyanax.InternalAstyanaxMultiWriteKeyColumnValueTest
Tests run: 2, Failures: 0, Errors: 0, Skipped: 0, Time elapsed: 33.572 sec
Running com.thinkaurelius.titan.blueprints.EmbeddedCassandraBlueprintsTest
Testing testVertexEqualityForSuppliedIdsAndHashCode...
Testing testBasicAddVertex...
Testing testGetVertexWithNull...
Testing testRemoveVertex...
Testing testRemoveVertexWithEdges...
Testing testGetNonExistantVertices...
Testing testRemoveVertexNullId...
	titangraph[embeddedcassandra:null]: 100 vertices added in 17.97836500010453ms
	titangraph[embeddedcassandra:null]: 100 vertices removed in 16.05897300003562ms
Testing testVertexIterator...
Testing testLegalVertexEdgeIterables...
Testing testAddVertexProperties...
Testing testAddManyVertexProperties...
	titangraph[embeddedcassandra:null]: 750 vertex properties added (with vertices being added too) in 21866.777186999912ms
Testing testRemoveVertexProperties...
Testing testAddingIdProperty...
Testing testNoConcurrentModificationException...
Testing testGettingEdgesAndVertices...
Testing testEmptyKeyProperty...
Testing testVertexEquality...
	titangraph[embeddedcassandra:null]: 1 vertex added and retrieved in 608.2665890000062ms
*** TOTAL TIME [VertexTestSuite]: 47415.99757600005 ***
Testing testEdgeEquality...
Testing testAddEdges...
	titangraph[embeddedcassandra:null]: 6 elements added and checked in 920.52659699996ms
Testing testGetNonExistantEdges...
Testing testRemoveManyEdges...
Testing testAddingDuplicateEdges...
Testing testRemoveEdgesByRemovingVertex...
Testing testRemoveEdges...
Testing testAddingSelfLoops...
Testing testAddManyEdges...
	titangraph[embeddedcassandra:null]: 300 elements added in 3354.6454870000016ms
Testing testGetEdges...
	titangraph[embeddedcassandra:null]: 3 edges retrieved in 1.1570470000151545ms
Testing testRemoveSelfLoops...
Testing testEdgeIterator...
Testing testAddingRemovingEdgeProperties...
Testing testAddingLabelAndIdProperty...
Testing testNoConcurrentModificationException...
Testing testEmptyKeyProperty...
*** TOTAL TIME [EdgeTestSuite]: 29324.229996000067 ***
Testing testEmptyOnConstruction...
Testing testStringRepresentationOfVertexId...
Testing testFeatureCompliance...
supportsDuplicateEdges: true
supportsSelfLoops: true
supportsSerializableObjectProperty: true
supportsBooleanProperty: true
supportsDoubleProperty: true
supportsFloatProperty: true
supportsIntegerProperty: true
supportsPrimitiveArrayProperty: true
supportsUniformListProperty: true
supportsMixedListProperty: true
supportsLongProperty: true
supportsMapProperty: true
supportsStringProperty: true
ignoresSuppliedIds: true
isPersistent: true
isRDFModel: false
isWrapper: false
supportsIndices: false
supportsVertexIndex: false
supportsEdgeIndex: false
supportsKeyIndices: true
supportsVertexKeyIndex: true
supportsEdgeKeyIndex: false
supportsEdgeIteration: false
supportsVertexIteration: false
supportsEdgeRetrieval: true
supportsVertexProperties: true
supportsEdgeProperties: true
supportsTransactions: true
supportsThreadedTransactions: true
Testing testSemanticallyCorrectIterables...
Testing testAddingVerticesAndEdges...
Testing testGettingVerticesAndEdgesWithKeyValue...
Testing testSettingProperties...
Testing testDataTypeValidationOnProperties...
Testing testSimpleRemovingVerticesEdges...
Testing testRemovingEdges...
	titangraph[embeddedcassandra:null]: 100 vertices added in 617.5125680000056ms
	titangraph[embeddedcassandra:null]: 200 edges added in 5170.509664000012ms
	titangraph[embeddedcassandra:null]: 200 edges deleted (with size check on each delete) in 16.97138699993957ms
Testing testRemovingVertices...
	titangraph[embeddedcassandra:null]: 500 vertices added in 659.3805060000159ms
	titangraph[embeddedcassandra:null]: 250 edges added in 6387.330175999901ms
	titangraph[embeddedcassandra:null]: 500 vertices deleted (with size check on each delete) in 67.16981600003783ms
Testing testConnectivityPatterns...
Testing testVertexEdgeLabels...
Testing testVertexEdgeLabels2...
Testing testTreeConnectivity...
	titangraph[embeddedcassandra:null]: 1464 vertices added in a tree structure in 1313.1121879999992ms
Testing testConcurrentModification...
Testing testGraphDataPersists...
	titangraph[embeddedcassandra:null]: 1 graph loaded in 2.720952000003308ms
*** TOTAL TIME [GraphTestSuite]: 31749.533554999973 ***
Testing testVertexQuery...
*** TOTAL TIME [QueryTestSuite]: 1603.2214760000352 ***
Testing testAutoIndexKeyManagementWithPersistence...
	titangraph[embeddedcassandra:null]: 2 automatic index keys added in 608.5056420000037ms
Testing testKeyIndicesConsistentWithElementRemoval...
Testing testGettingVerticesAndEdgesWithKeyValue...
Testing testNoConcurrentModificationException...
*** TOTAL TIME [KeyIndexableGraphTestSuite]: 2978.778177 ***
Testing testCompetingThreads...
Testing testRepeatedTransactionStopException...
Testing testTrue...
Testing testAutoStartTransaction...
Testing testTransactionsForVertices...
	titangraph[embeddedcassandra:null]: 1 vertex not added in failed transaction in 0.742348000057973ms
	titangraph[embeddedcassandra:null]: 1 vertex added in successful transaction in 1.0805989999789745ms
Testing testBruteVertexTransactions...
	titangraph[embeddedcassandra:null]: 100 vertices added in 100 successful transactions in 643.7820769998943ms
	titangraph[embeddedcassandra:null]: 100 vertices not added in 100 failed transactions in 14.890929999994114ms
	titangraph[embeddedcassandra:null]: 100 vertices added in 1 successful transactions in 14.166305999970064ms
	titangraph[embeddedcassandra:null]: 100 vertices not added in 1 failed transactions in 8.150371999945492ms
Testing testTransactionsForEdges...
	titangraph[embeddedcassandra:null]: 1 edge not added in failed transaction (w/ iteration) in 306.6176970000379ms
	titangraph[embeddedcassandra:null]: 1 edge added in successful transaction (w/ iteration) in 105.50625500001479ms
Testing testBruteEdgeTransactions...
	titangraph[embeddedcassandra:null]: 100 edges added in 100 successful transactions (2 vertices added for each edge) in 1077.3888359999983ms
	titangraph[embeddedcassandra:null]: 100 edges not added in 100 failed transactions (2 vertices added for each edge) in 25.857105000060983ms
	titangraph[embeddedcassandra:null]: 100 edges added in 1 successful transactions (2 vertices added for each edge) in 25.508924999972805ms
	titangraph[embeddedcassandra:null]: 100 edges not added in 1 failed transactions (2 vertices added for each edge) in 9.128272000001743ms
Testing testPropertyTransactions...
	titangraph[embeddedcassandra:null]: 1 vertex added with string property in a successful transaction in 1011.9264510000357ms
	titangraph[embeddedcassandra:null]: 1 integer property not added in a failed transaction in 1.8429460000479594ms
	titangraph[embeddedcassandra:null]: 2 vertex properties checked in a successful transaction in 1.0798119999235496ms
	titangraph[embeddedcassandra:null]: 1 edge property added and checked in a successful transaction in 104.65733899991028ms
	titangraph[embeddedcassandra:null]: 1 edge property added and checked in a failed transaction in 0.7888449999736622ms
Testing testIndexTransactions...
Testing testAutomaticSuccessfulTransactionOnShutdown...
Testing testVertexCountOnPreTransactionCommit...
Testing testBulkTransactionsOnEdges...
Testing testRemoveInTransaction...
*** TOTAL TIME [TransactionalTitanGraphTestSuite]: 18889.74546200002 ***
Testing testVertexReattachment...
*** TOTAL TIME [TitanSpecificBlueprintsTestSuite]: 3943.5491130000446 ***
Testing testTinkerGraphSoftwareVertices...
Testing testTinkerGraphVertexAndEdges...
Testing testReadingTinkerGraphExample3...
Testing testReadingTinkerGraphExample3MappingLabels...
Testing testReadingTinkerGraphExample3MappingIDs...
Testing testReadingTinkerGraphExample3MappingAll...
Testing testMigratingTinkerGraphExample3...
Testing testReadingTinkerGraph...
Testing testTinkerGraphEdges...
Testing testTinkerGraphVertices...
*** TOTAL TIME [GraphMLReaderTestSuite]: 8188.607564000064 ***
Testing testTinkerGraphSoftwareVertices...
Testing testTinkerGraphVertexAndEdges...
Testing testReadingTinkerGraph...
Testing testTinkerGraphEdges...
Testing testTinkerGraphVertices...
*** TOTAL TIME [GraphSONReaderTestSuite]: 489.36997100000735 ***
Testing testTinkerGraphSoftwareVertices...
Testing testTinkerGraphVertexAndEdges...
Testing testReadingTinkerGraphExample3...
Testing testReadingTinkerGraphExample3MappingLabels...
Testing testReadingTinkerGraphExample3MappingIDs...
Testing testReadingTinkerGraphExample3MappingAll...
Testing testMigratingTinkerGraphExample3...
Testing testReadingTinkerGraph...
Testing testTinkerGraphEdges...
Testing testTinkerGraphVertices...
*** TOTAL TIME [GMLReaderTestSuite]: 893.398938999977 ***
Tests run: 10, Failures: 0, Errors: 0, Skipped: 0, Time elapsed: 145.595 sec
Running com.thinkaurelius.titan.tinkerpop.rexster.RexsterServerClientCassandraEmbeddedTest
Tests run: 1, Failures: 0, Errors: 0, Skipped: 0, Time elapsed: 12.646 sec
Running com.thinkaurelius.titan.graphdb.thrift.InternalCassandraGraphTest
Tests run: 14, Failures: 0, Errors: 0, Skipped: 0, Time elapsed: 44.178 sec
Running com.thinkaurelius.titan.diskstorage.cassandra.astyanax.InternalAstyanaxLockKeyColumnValueStoreTest
Tests run: 14, Failures: 0, Errors: 0, Skipped: 0, Time elapsed: 26.023 sec
Running com.thinkaurelius.titan.graphdb.embedded.InternalCassandraEmbeddedGraphTest
Tests run: 14, Failures: 0, Errors: 0, Skipped: 0, Time elapsed: 46.755 sec
Running com.thinkaurelius.titan.diskstorage.cassandra.astyanax.InternalAstyanaxKeyColumnValueTest
Tests run: 17, Failures: 0, Errors: 0, Skipped: 0, Time elapsed: 57.852 sec
Running com.thinkaurelius.titan.graphdb.astyanax.InternalAstyanaxGraphTest
Tests run: 14, Failures: 0, Errors: 0, Skipped: 0, Time elapsed: 40.463 sec
Running com.thinkaurelius.titan.diskstorage.cassandra.UUIDTest
Tests run: 1, Failures: 0, Errors: 0, Skipped: 0, Time elapsed: 0.726 sec
Running com.thinkaurelius.titan.diskstorage.cassandra.thrift.InternalCassandraLockKeyColumnValueStoreTest
Tests run: 14, Failures: 0, Errors: 0, Skipped: 0, Time elapsed: 23.691 sec
Running com.thinkaurelius.titan.diskstorage.cassandra.embedded.InternalCassandraEmbeddedLockKeyColumnValueStoreTest
Tests run: 14, Failures: 0, Errors: 0, Skipped: 0, Time elapsed: 31.554 sec
Running com.thinkaurelius.titan.blueprints.InternalCassandraBlueprintsTest
Testing testAddingIdProperty...
Testing testNoConcurrentModificationException...
Testing testGettingEdgesAndVertices...
Testing testEmptyKeyProperty...
Testing testVertexEquality...
	titangraph[cassandra:null]: 1 vertex added and retrieved in 616.0614660000429ms
Testing testVertexEqualityForSuppliedIdsAndHashCode...
Testing testBasicAddVertex...
Testing testGetVertexWithNull...
Testing testRemoveVertex...
Testing testRemoveVertexWithEdges...
Testing testGetNonExistantVertices...
Testing testRemoveVertexNullId...
	titangraph[cassandra:null]: 100 vertices added in 19.45486499997787ms
	titangraph[cassandra:null]: 100 vertices removed in 20.335059999953955ms
Testing testVertexIterator...
Testing testLegalVertexEdgeIterables...
Testing testAddVertexProperties...
Testing testAddManyVertexProperties...
	titangraph[cassandra:null]: 750 vertex properties added (with vertices being added too) in 20137.697484999895ms
Testing testRemoveVertexProperties...
*** TOTAL TIME [VertexTestSuite]: 44948.24415199994 ***
Testing testNoConcurrentModificationException...
Testing testEmptyKeyProperty...
Testing testGetNonExistantEdges...
Testing testRemoveManyEdges...
Testing testAddingDuplicateEdges...
Testing testRemoveEdgesByRemovingVertex...
Testing testRemoveEdges...
Testing testAddingSelfLoops...
Testing testAddManyEdges...
	titangraph[cassandra:null]: 300 elements added in 3362.5089579999913ms
Testing testGetEdges...
	titangraph[cassandra:null]: 3 edges retrieved in 1.3992409999482334ms
Testing testRemoveSelfLoops...
Testing testEdgeIterator...
Testing testAddingRemovingEdgeProperties...
Testing testAddingLabelAndIdProperty...
Testing testEdgeEquality...
Testing testAddEdges...
	titangraph[cassandra:null]: 6 elements added and checked in 921.5830739999656ms
*** TOTAL TIME [EdgeTestSuite]: 24127.527393999975 ***
Testing testEmptyOnConstruction...
Testing testStringRepresentationOfVertexId...
Testing testFeatureCompliance...
supportsDuplicateEdges: true
supportsSelfLoops: true
supportsSerializableObjectProperty: true
supportsBooleanProperty: true
supportsDoubleProperty: true
supportsFloatProperty: true
supportsIntegerProperty: true
supportsPrimitiveArrayProperty: true
supportsUniformListProperty: true
supportsMixedListProperty: true
supportsLongProperty: true
supportsMapProperty: true
supportsStringProperty: true
ignoresSuppliedIds: true
isPersistent: true
isRDFModel: false
isWrapper: false
supportsIndices: false
supportsVertexIndex: false
supportsEdgeIndex: false
supportsKeyIndices: true
supportsVertexKeyIndex: true
supportsEdgeKeyIndex: false
supportsEdgeIteration: false
supportsVertexIteration: false
supportsEdgeRetrieval: true
supportsVertexProperties: true
supportsEdgeProperties: true
supportsTransactions: true
supportsThreadedTransactions: true
Testing testSemanticallyCorrectIterables...
Testing testAddingVerticesAndEdges...
Testing testGettingVerticesAndEdgesWithKeyValue...
Testing testSettingProperties...
Testing testDataTypeValidationOnProperties...
Testing testSimpleRemovingVerticesEdges...
Testing testRemovingEdges...
	titangraph[cassandra:null]: 100 vertices added in 617.5336599999573ms
	titangraph[cassandra:null]: 200 edges added in 5193.384226999944ms
	titangraph[cassandra:null]: 200 edges deleted (with size check on each delete) in 19.43835599999875ms
Testing testRemovingVertices...
	titangraph[cassandra:null]: 500 vertices added in 651.3458459998947ms
	titangraph[cassandra:null]: 250 edges added in 6408.149180999957ms
	titangraph[cassandra:null]: 500 vertices deleted (with size check on each delete) in 64.8606869999785ms
Testing testConnectivityPatterns...
Testing testVertexEdgeLabels...
Testing testVertexEdgeLabels2...
Testing testTreeConnectivity...
	titangraph[cassandra:null]: 1464 vertices added in a tree structure in 1350.7631569998339ms
Testing testConcurrentModification...
Testing testGraphDataPersists...
	titangraph[cassandra:null]: 1 graph loaded in 13.166602000128478ms
*** TOTAL TIME [GraphTestSuite]: 34658.241819000104 ***
Testing testVertexQuery...
*** TOTAL TIME [QueryTestSuite]: 1501.1345100000035 ***
Testing testAutoIndexKeyManagementWithPersistence...
	titangraph[cassandra:null]: 2 automatic index keys added in 610.5695769998711ms
Testing testKeyIndicesConsistentWithElementRemoval...
Testing testNoConcurrentModificationException...
Testing testGettingVerticesAndEdgesWithKeyValue...
*** TOTAL TIME [KeyIndexableGraphTestSuite]: 2664.3066769998986 ***
Testing testCompetingThreads...
Testing testRepeatedTransactionStopException...
Testing testTrue...
Testing testAutoStartTransaction...
Testing testTransactionsForVertices...
	titangraph[cassandra:null]: 1 vertex not added in failed transaction in 0.8305120000150055ms
	titangraph[cassandra:null]: 1 vertex added in successful transaction in 0.6524929997976869ms
Testing testBruteVertexTransactions...
	titangraph[cassandra:null]: 100 vertices added in 100 successful transactions in 662.6491590000223ms
	titangraph[cassandra:null]: 100 vertices not added in 100 failed transactions in 12.91386800003238ms
	titangraph[cassandra:null]: 100 vertices added in 1 successful transactions in 12.046051000012085ms
	titangraph[cassandra:null]: 100 vertices not added in 1 failed transactions in 9.670729999896139ms
Testing testTransactionsForEdges...
	titangraph[cassandra:null]: 1 edge not added in failed transaction (w/ iteration) in 307.7227089998778ms
	titangraph[cassandra:null]: 1 edge added in successful transaction (w/ iteration) in 107.51083699986339ms
Testing testBruteEdgeTransactions...
	titangraph[cassandra:null]: 100 edges added in 100 successful transactions (2 vertices added for each edge) in 1090.986893999856ms
	titangraph[cassandra:null]: 100 edges not added in 100 failed transactions (2 vertices added for each edge) in 28.22176899993792ms
	titangraph[cassandra:null]: 100 edges added in 1 successful transactions (2 vertices added for each edge) in 23.086112999822944ms
	titangraph[cassandra:null]: 100 edges not added in 1 failed transactions (2 vertices added for each edge) in 11.218035999918357ms
Testing testPropertyTransactions...
	titangraph[cassandra:null]: 1 vertex added with string property in a successful transaction in 1015.6439450001344ms
	titangraph[cassandra:null]: 1 integer property not added in a failed transaction in 2.9752849999349564ms
	titangraph[cassandra:null]: 2 vertex properties checked in a successful transaction in 1.7831090001855046ms
	titangraph[cassandra:null]: 1 edge property added and checked in a successful transaction in 105.83449400006793ms
	titangraph[cassandra:null]: 1 edge property added and checked in a failed transaction in 1.4853400001302361ms
Testing testIndexTransactions...
Testing testAutomaticSuccessfulTransactionOnShutdown...
Testing testVertexCountOnPreTransactionCommit...
Testing testBulkTransactionsOnEdges...
Testing testRemoveInTransaction...
*** TOTAL TIME [TransactionalTitanGraphTestSuite]: 18137.75946000009 ***
Testing testVertexReattachment...
*** TOTAL TIME [TitanSpecificBlueprintsTestSuite]: 1655.3336640000343 ***
Testing testTinkerGraphSoftwareVertices...
Testing testTinkerGraphVertexAndEdges...
Testing testReadingTinkerGraphExample3...
Testing testReadingTinkerGraphExample3MappingLabels...
Testing testReadingTinkerGraphExample3MappingIDs...
Testing testReadingTinkerGraphExample3MappingAll...
Testing testMigratingTinkerGraphExample3...
Testing testReadingTinkerGraph...
Testing testTinkerGraphEdges...
Testing testTinkerGraphVertices...
*** TOTAL TIME [GraphMLReaderTestSuite]: 2038.297974999994 ***
Testing testTinkerGraphSoftwareVertices...
Testing testTinkerGraphVertexAndEdges...
Testing testReadingTinkerGraph...
Testing testTinkerGraphEdges...
Testing testTinkerGraphVertices...
*** TOTAL TIME [GraphSONReaderTestSuite]: 2559.682785999961 ***
Testing testTinkerGraphSoftwareVertices...
Testing testTinkerGraphVertexAndEdges...
Testing testReadingTinkerGraphExample3...
Testing testReadingTinkerGraphExample3MappingLabels...
Testing testReadingTinkerGraphExample3MappingIDs...
Testing testReadingTinkerGraphExample3MappingAll...
Testing testMigratingTinkerGraphExample3...
Testing testReadingTinkerGraph...
Testing testTinkerGraphEdges...
Testing testTinkerGraphVertices...
*** TOTAL TIME [GMLReaderTestSuite]: 2036.0038600000553 ***
Tests run: 10, Failures: 0, Errors: 0, Skipped: 0, Time elapsed: 134.444 sec
Running com.thinkaurelius.titan.diskstorage.cassandra.embedded.InternalCassandraEmbeddedKeyColumnValueTest
Tests run: 17, Failures: 0, Errors: 0, Skipped: 0, Time elapsed: 31.811 sec
Running com.thinkaurelius.titan.diskstorage.cassandra.embedded.InternalCassandraEmbeddedMultiWriteKeyColumnValueStoreTest
Tests run: 2, Failures: 0, Errors: 0, Skipped: 0, Time elapsed: 18.82 sec
Running com.thinkaurelius.titan.diskstorage.cassandra.thrift.InternalCassandraThriftMultiWriteKeyColumnValueStoreTest
Tests run: 2, Failures: 0, Errors: 0, Skipped: 0, Time elapsed: 35.872 sec

Results :

Tests run: 163, Failures: 0, Errors: 0, Skipped: 0

[INFO]                                                                         
[INFO] ------------------------------------------------------------------------
[INFO] Building Titan-HBase: Distributed Graph Database 0.3.0-SNAPSHOT
[INFO] ------------------------------------------------------------------------
[INFO] 
[INFO] --- maven-enforcer-plugin:1.0:enforce (enforce-maven) @ titan-hbase ---
[INFO] 
[INFO] --- maven-resources-plugin:2.3:resources (default-resources) @ titan-hbase ---
[INFO] Using 'UTF-8' encoding to copy filtered resources.
[INFO] Copying 2 resources
[INFO] 
[INFO] --- maven-compiler-plugin:2.5.1:compile (default-compile) @ titan-hbase ---
[INFO] Nothing to compile - all classes are up to date
[INFO] 
[INFO] --- maven-resources-plugin:2.3:testResources (default-testResources) @ titan-hbase ---
[INFO] Using 'UTF-8' encoding to copy filtered resources.
[INFO] Copying 2 resources
[INFO] 
[INFO] --- maven-compiler-plugin:2.5.1:testCompile (default-testCompile) @ titan-hbase ---
[INFO] Nothing to compile - all classes are up to date
[INFO] 
[INFO] --- maven-surefire-plugin:2.12.1:test (default-test) @ titan-hbase ---
[INFO] Surefire report directory: /home/travis/build/thinkaurelius/titan/titan-hbase/target/surefire-reports

-------------------------------------------------------
 T E S T S
-------------------------------------------------------

Results :

Tests run: 0, Failures: 0, Errors: 0, Skipped: 0

[INFO]                                                                         
[INFO] ------------------------------------------------------------------------
[INFO] Building Titan-All: Complete Titan Distribution 0.3.0-SNAPSHOT
[INFO] ------------------------------------------------------------------------
[INFO] 
[INFO] --- maven-enforcer-plugin:1.0:enforce (enforce-maven) @ titan-all ---
[INFO] 
[INFO] --- maven-resources-plugin:2.3:resources (default-resources) @ titan-all ---
[INFO] Using 'UTF-8' encoding to copy filtered resources.
[INFO] Copying 1 resource
[INFO] 
[INFO] --- maven-compiler-plugin:2.5.1:compile (default-compile) @ titan-all ---
[INFO] No sources to compile
[INFO] 
[INFO] --- maven-resources-plugin:2.3:testResources (default-testResources) @ titan-all ---
[INFO] Using 'UTF-8' encoding to copy filtered resources.
[INFO] skip non existing resourceDirectory /home/travis/build/thinkaurelius/titan/titan-all/src/test/resources
[INFO] 
[INFO] --- maven-compiler-plugin:2.5.1:testCompile (default-testCompile) @ titan-all ---
[INFO] No sources to compile
[INFO] 
[INFO] --- maven-surefire-plugin:2.11:test (default-test) @ titan-all ---
[INFO] No tests to run.
[INFO] Surefire report directory: /home/travis/build/thinkaurelius/titan/titan-all/target/surefire-reports

-------------------------------------------------------
 T E S T S
-------------------------------------------------------

Results :

Tests run: 0, Failures: 0, Errors: 0, Skipped: 0

[INFO] ------------------------------------------------------------------------
[INFO] Reactor Summary:
[INFO] 
[INFO] Titan: Distributed Graph Database ................. SUCCESS [1.476s]
[INFO] Titan-Core: Core Library for Titan ................ SUCCESS [4.169s]
[INFO] Titan-Test: Test Suite for Titan .................. SUCCESS [20.091s]
[INFO] Titan-BerkeleyJE: Distributed Graph Database ...... SUCCESS [1:02.298s]
[INFO] Titan-Cassandra: Distributed Graph Database ....... SUCCESS [12:57.162s]
[INFO] Titan-HBase: Distributed Graph Database ........... SUCCESS [0.883s]
[INFO] Titan-All: Complete Titan Distribution ............ SUCCESS [0.657s]
[INFO] ------------------------------------------------------------------------
[INFO] BUILD SUCCESS
[INFO] ------------------------------------------------------------------------
[INFO] Total time: 14:27.387s
[INFO] Finished at: Mon Feb 04 20:55:51 UTC 2013
[INFO] Final Memory: 13M/121M
[INFO] ------------------------------------------------------------------------

Done. Build script exited with 0
