Using worker: bluebox-linux-8.worker.travis-ci.org:travis-linux-7

travis_fold:start:git.1$ git clone --depth=50 --branch=master git://github.com/thinkaurelius/titan.git thinkaurelius/titan
Cloning into 'thinkaurelius/titan'...
remote: Counting objects: 2391, done.[K
remote: Compressing objects:   0% (1/1261)   [Kremote: Compressing objects:   1% (13/1261)   [Kremote: Compressing objects:   2% (26/1261)   [Kremote: Compressing objects:   3% (38/1261)   [Kremote: Compressing objects:   4% (51/1261)   [Kremote: Compressing objects:   5% (64/1261)   [Kremote: Compressing objects:   6% (76/1261)   [Kremote: Compressing objects:   7% (89/1261)   [Kremote: Compressing objects:   8% (101/1261)   [Kremote: Compressing objects:   9% (114/1261)   [Kremote: Compressing objects:  10% (127/1261)   [Kremote: Compressing objects:  11% (139/1261)   [Kremote: Compressing objects:  12% (152/1261)   [Kremote: Compressing objects:  13% (164/1261)   [Kremote: Compressing objects:  14% (177/1261)   [Kremote: Compressing objects:  15% (190/1261)   [Kremote: Compressing objects:  16% (202/1261)   [Kremote: Compressing objects:  17% (215/1261)   [Kremote: Compressing objects:  18% (227/1261)   [Kremote: Compressing objects:  19% (240/1261)   [Kremote: Compressing objects:  20% (253/1261)   [Kremote: Compressing objects:  21% (265/1261)   [Kremote: Compressing objects:  22% (278/1261)   [Kremote: Compressing objects:  23% (291/1261)   [Kremote: Compressing objects:  24% (303/1261)   [Kremote: Compressing objects:  25% (316/1261)   [Kremote: Compressing objects:  26% (328/1261)   [Kremote: Compressing objects:  27% (341/1261)   [Kremote: Compressing objects:  28% (354/1261)   [Kremote: Compressing objects:  29% (366/1261)   [Kremote: Compressing objects:  30% (379/1261)   [Kremote: Compressing objects:  31% (391/1261)   [Kremote: Compressing objects:  32% (404/1261)   [Kremote: Compressing objects:  33% (417/1261)   [Kremote: Compressing objects:  34% (429/1261)   [Kremote: Compressing objects:  35% (442/1261)   [Kremote: Compressing objects:  36% (454/1261)   [Kremote: Compressing objects:  37% (467/1261)   [Kremote: Compressing objects:  38% (480/1261)   [Kremote: Compressing objects:  39% (492/1261)   [Kremote: Compressing objects:  40% (505/1261)   [Kremote: Compressing objects:  41% (518/1261)   [Kremote: Compressing objects:  42% (530/1261)   [Kremote: Compressing objects:  43% (543/1261)   [Kremote: Compressing objects:  44% (555/1261)   [Kremote: Compressing objects:  45% (568/1261)   [Kremote: Compressing objects:  46% (581/1261)   [Kremote: Compressing objects:  47% (593/1261)   [Kremote: Compressing objects:  48% (606/1261)   [Kremote: Compressing objects:  49% (618/1261)   [Kremote: Compressing objects:  50% (631/1261)   [Kremote: Compressing objects:  51% (644/1261)   [Kremote: Compressing objects:  52% (656/1261)   [Kremote: Compressing objects:  53% (669/1261)   [Kremote: Compressing objects:  54% (681/1261)   [Kremote: Compressing objects:  55% (694/1261)   [Kremote: Compressing objects:  56% (707/1261)   [Kremote: Compressing objects:  57% (719/1261)   [Kremote: Compressing objects:  58% (732/1261)   [Kremote: Compressing objects:  59% (744/1261)   [Kremote: Compressing objects:  60% (757/1261)   [Kremote: Compressing objects:  61% (770/1261)   [Kremote: Compressing objects:  62% (782/1261)   [Kremote: Compressing objects:  63% (795/1261)   [Kremote: Compressing objects:  64% (808/1261)   [Kremote: Compressing objects:  65% (820/1261)   [Kremote: Compressing objects:  66% (833/1261)   [Kremote: Compressing objects:  67% (845/1261)   [Kremote: Compressing objects:  68% (858/1261)   [Kremote: Compressing objects:  69% (871/1261)   [Kremote: Compressing objects:  70% (883/1261)   [Kremote: Compressing objects:  71% (896/1261)   [Kremote: Compressing objects:  72% (908/1261)   [Kremote: Compressing objects:  73% (921/1261)   [Kremote: Compressing objects:  74% (934/1261)   [Kremote: Compressing objects:  75% (946/1261)   [Kremote: Compressing objects:  76% (959/1261)   [Kremote: Compressing objects:  77% (971/1261)   [Kremote: Compressing objects:  78% (984/1261)   [Kremote: Compressing objects:  79% (997/1261)   [Kremote: Compressing objects:  80% (1009/1261)   [Kremote: Compressing objects:  81% (1022/1261)   [Kremote: Compressing objects:  82% (1035/1261)   [Kremote: Compressing objects:  83% (1047/1261)   [Kremote: Compressing objects:  84% (1060/1261)   [Kremote: Compressing objects:  85% (1072/1261)   [Kremote: Compressing objects:  86% (1085/1261)   [Kremote: Compressing objects:  87% (1098/1261)   [Kremote: Compressing objects:  88% (1110/1261)   [Kremote: Compressing objects:  89% (1123/1261)   [Kremote: Compressing objects:  90% (1135/1261)   [Kremote: Compressing objects:  91% (1148/1261)   [Kremote: Compressing objects:  92% (1161/1261)   [Kremote: Compressing objects:  93% (1173/1261)   [Kremote: Compressing objects:  94% (1186/1261)   [Kremote: Compressing objects:  95% (1198/1261)   [Kremote: Compressing objects:  96% (1211/1261)   [Kremote: Compressing objects:  97% (1224/1261)   [Kremote: Compressing objects:  98% (1236/1261)   [Kremote: Compressing objects:  99% (1249/1261)   [Kremote: Compressing objects: 100% (1261/1261)   [Kremote: Compressing objects: 100% (1261/1261), done.[K
Receiving objects:   0% (1/2391)   Receiving objects:   1% (24/2391)   Receiving objects:   2% (48/2391)   Receiving objects:   3% (72/2391)   Receiving objects:   4% (96/2391)   Receiving objects:   5% (120/2391)   Receiving objects:   6% (144/2391), 620.00 KiB | 1.11 MiB/s   Receiving objects:   7% (168/2391), 620.00 KiB | 1.11 MiB/s   Receiving objects:   8% (192/2391), 620.00 KiB | 1.11 MiB/s   Receiving objects:   9% (216/2391), 620.00 KiB | 1.11 MiB/s   Receiving objects:  10% (240/2391), 620.00 KiB | 1.11 MiB/s   Receiving objects:  11% (264/2391), 620.00 KiB | 1.11 MiB/s   Receiving objects:  12% (287/2391), 620.00 KiB | 1.11 MiB/s   Receiving objects:  13% (311/2391), 620.00 KiB | 1.11 MiB/s   Receiving objects:  14% (335/2391), 620.00 KiB | 1.11 MiB/s   Receiving objects:  15% (359/2391), 620.00 KiB | 1.11 MiB/s   Receiving objects:  16% (383/2391), 620.00 KiB | 1.11 MiB/s   Receiving objects:  17% (407/2391), 620.00 KiB | 1.11 MiB/s   Receiving objects:  18% (431/2391), 620.00 KiB | 1.11 MiB/s   Receiving objects:  19% (455/2391), 620.00 KiB | 1.11 MiB/s   Receiving objects:  20% (479/2391), 620.00 KiB | 1.11 MiB/s   Receiving objects:  21% (503/2391), 620.00 KiB | 1.11 MiB/s   Receiving objects:  22% (527/2391), 620.00 KiB | 1.11 MiB/s   Receiving objects:  23% (550/2391), 620.00 KiB | 1.11 MiB/s   Receiving objects:  24% (574/2391), 620.00 KiB | 1.11 MiB/s   Receiving objects:  25% (598/2391), 620.00 KiB | 1.11 MiB/s   Receiving objects:  26% (622/2391), 620.00 KiB | 1.11 MiB/s   Receiving objects:  27% (646/2391), 620.00 KiB | 1.11 MiB/s   Receiving objects:  28% (670/2391), 620.00 KiB | 1.11 MiB/s   Receiving objects:  29% (694/2391), 620.00 KiB | 1.11 MiB/s   Receiving objects:  30% (718/2391), 620.00 KiB | 1.11 MiB/s   Receiving objects:  31% (742/2391), 620.00 KiB | 1.11 MiB/s   Receiving objects:  32% (766/2391), 620.00 KiB | 1.11 MiB/s   Receiving objects:  33% (790/2391), 620.00 KiB | 1.11 MiB/s   Receiving objects:  34% (813/2391), 620.00 KiB | 1.11 MiB/s   Receiving objects:  35% (837/2391), 620.00 KiB | 1.11 MiB/s   Receiving objects:  36% (861/2391), 620.00 KiB | 1.11 MiB/s   Receiving objects:  37% (885/2391), 620.00 KiB | 1.11 MiB/s   Receiving objects:  38% (909/2391), 620.00 KiB | 1.11 MiB/s   Receiving objects:  39% (933/2391), 620.00 KiB | 1.11 MiB/s   Receiving objects:  40% (957/2391), 620.00 KiB | 1.11 MiB/s   Receiving objects:  41% (981/2391), 620.00 KiB | 1.11 MiB/s   Receiving objects:  42% (1005/2391), 620.00 KiB | 1.11 MiB/s   Receiving objects:  43% (1029/2391), 620.00 KiB | 1.11 MiB/s   Receiving objects:  44% (1053/2391), 620.00 KiB | 1.11 MiB/s   Receiving objects:  45% (1076/2391), 620.00 KiB | 1.11 MiB/s   Receiving objects:  46% (1100/2391), 620.00 KiB | 1.11 MiB/s   Receiving objects:  47% (1124/2391), 620.00 KiB | 1.11 MiB/s   Receiving objects:  48% (1148/2391), 620.00 KiB | 1.11 MiB/s   Receiving objects:  49% (1172/2391), 620.00 KiB | 1.11 MiB/s   Receiving objects:  50% (1196/2391), 620.00 KiB | 1.11 MiB/s   Receiving objects:  51% (1220/2391), 620.00 KiB | 1.11 MiB/s   Receiving objects:  52% (1244/2391), 620.00 KiB | 1.11 MiB/s   Receiving objects:  53% (1268/2391), 620.00 KiB | 1.11 MiB/s   Receiving objects:  54% (1292/2391), 620.00 KiB | 1.11 MiB/s   Receiving objects:  55% (1316/2391), 620.00 KiB | 1.11 MiB/s   Receiving objects:  56% (1339/2391), 620.00 KiB | 1.11 MiB/s   Receiving objects:  57% (1363/2391), 620.00 KiB | 1.11 MiB/s   Receiving objects:  58% (1387/2391), 620.00 KiB | 1.11 MiB/s   Receiving objects:  59% (1411/2391), 620.00 KiB | 1.11 MiB/s   Receiving objects:  60% (1435/2391), 620.00 KiB | 1.11 MiB/s   Receiving objects:  61% (1459/2391), 620.00 KiB | 1.11 MiB/s   Receiving objects:  62% (1483/2391), 620.00 KiB | 1.11 MiB/s   Receiving objects:  63% (1507/2391), 620.00 KiB | 1.11 MiB/s   Receiving objects:  64% (1531/2391), 620.00 KiB | 1.11 MiB/s   Receiving objects:  65% (1555/2391), 620.00 KiB | 1.11 MiB/s   Receiving objects:  66% (1579/2391), 620.00 KiB | 1.11 MiB/s   Receiving objects:  67% (1602/2391), 620.00 KiB | 1.11 MiB/s   Receiving objects:  68% (1626/2391), 620.00 KiB | 1.11 MiB/s   Receiving objects:  69% (1650/2391), 620.00 KiB | 1.11 MiB/s   Receiving objects:  70% (1674/2391), 620.00 KiB | 1.11 MiB/s   Receiving objects:  71% (1698/2391), 620.00 KiB | 1.11 MiB/s   Receiving objects:  72% (1722/2391), 620.00 KiB | 1.11 MiB/s   Receiving objects:  73% (1746/2391), 620.00 KiB | 1.11 MiB/s   Receiving objects:  74% (1770/2391), 620.00 KiB | 1.11 MiB/s   Receiving objects:  75% (1794/2391), 620.00 KiB | 1.11 MiB/s   Receiving objects:  76% (1818/2391), 620.00 KiB | 1.11 MiB/s   Receiving objects:  77% (1842/2391), 620.00 KiB | 1.11 MiB/s   Receiving objects:  78% (1865/2391), 620.00 KiB | 1.11 MiB/s   Receiving objects:  79% (1889/2391), 620.00 KiB | 1.11 MiB/s   Receiving objects:  80% (1913/2391), 620.00 KiB | 1.11 MiB/s   Receiving objects:  81% (1937/2391), 620.00 KiB | 1.11 MiB/s   Receiving objects:  82% (1961/2391), 620.00 KiB | 1.11 MiB/s   Receiving objects:  83% (1985/2391), 620.00 KiB | 1.11 MiB/s   Receiving objects:  84% (2009/2391), 620.00 KiB | 1.11 MiB/s   Receiving objects:  85% (2033/2391), 620.00 KiB | 1.11 MiB/s   Receiving objects:  86% (2057/2391), 620.00 KiB | 1.11 MiB/s   Receiving objects:  86% (2059/2391), 3.12 MiB | 3.00 MiB/s   Receiving objects:  87% (2081/2391), 3.12 MiB | 3.00 MiB/s   Receiving objects:  88% (2105/2391), 3.12 MiB | 3.00 MiB/s   Receiving objects:  89% (2128/2391), 3.12 MiB | 3.00 MiB/s   Receiving objects:  90% (2152/2391), 3.12 MiB | 3.00 MiB/s   Receiving objects:  91% (2176/2391), 3.12 MiB | 3.00 MiB/s   Receiving objects:  92% (2200/2391), 3.12 MiB | 3.00 MiB/s   Receiving objects:  93% (2224/2391), 3.12 MiB | 3.00 MiB/s   Receiving objects:  94% (2248/2391), 3.12 MiB | 3.00 MiB/s   Receiving objects:  95% (2272/2391), 3.12 MiB | 3.00 MiB/s   remote: Total 2391 (delta 1055), reused 1943 (delta 762)[K
Receiving objects:  96% (2296/2391), 3.12 MiB | 3.00 MiB/s   Receiving objects:  97% (2320/2391), 3.12 MiB | 3.00 MiB/s   Receiving objects:  98% (2344/2391), 3.12 MiB | 3.00 MiB/s   Receiving objects:  99% (2368/2391), 3.12 MiB | 3.00 MiB/s   Receiving objects: 100% (2391/2391), 3.12 MiB | 3.00 MiB/s   Receiving objects: 100% (2391/2391), 3.16 MiB | 3.00 MiB/s, done.
Resolving deltas:   0% (0/1055)   Resolving deltas:   1% (16/1055)   Resolving deltas:   3% (33/1055)   Resolving deltas:   4% (50/1055)   Resolving deltas:   5% (57/1055)   Resolving deltas:   6% (64/1055)   Resolving deltas:   7% (75/1055)   Resolving deltas:  10% (112/1055)   Resolving deltas:  11% (117/1055)   Resolving deltas:  12% (127/1055)   Resolving deltas:  13% (144/1055)   Resolving deltas:  14% (156/1055)   Resolving deltas:  15% (160/1055)   Resolving deltas:  16% (176/1055)   Resolving deltas:  18% (195/1055)   Resolving deltas:  23% (243/1055)   Resolving deltas:  24% (254/1055)   Resolving deltas:  29% (315/1055)   Resolving deltas:  30% (318/1055)   Resolving deltas:  31% (330/1055)   Resolving deltas:  32% (339/1055)   Resolving deltas:  33% (349/1055)   Resolving deltas:  34% (360/1055)   Resolving deltas:  35% (370/1055)   Resolving deltas:  37% (392/1055)   Resolving deltas:  38% (406/1055)   Resolving deltas:  39% (413/1055)   Resolving deltas:  40% (423/1055)   Resolving deltas:  41% (434/1055)   Resolving deltas:  42% (449/1055)   Resolving deltas:  43% (455/1055)   Resolving deltas:  44% (467/1055)   Resolving deltas:  45% (475/1055)   Resolving deltas:  46% (486/1055)   Resolving deltas:  47% (496/1055)   Resolving deltas:  48% (516/1055)   Resolving deltas:  49% (520/1055)   Resolving deltas:  50% (528/1055)   Resolving deltas:  51% (539/1055)   Resolving deltas:  52% (550/1055)   Resolving deltas:  53% (560/1055)   Resolving deltas:  54% (570/1055)   Resolving deltas:  55% (590/1055)   Resolving deltas:  56% (593/1055)   Resolving deltas:  57% (602/1055)   Resolving deltas:  58% (612/1055)   Resolving deltas:  59% (623/1055)   Resolving deltas:  60% (634/1055)   Resolving deltas:  61% (644/1055)   Resolving deltas:  62% (656/1055)   Resolving deltas:  63% (666/1055)   Resolving deltas:  64% (676/1055)   Resolving deltas:  65% (686/1055)   Resolving deltas:  66% (697/1055)   Resolving deltas:  67% (707/1055)   Resolving deltas:  68% (721/1055)   Resolving deltas:  69% (728/1055)   Resolving deltas:  70% (741/1055)   Resolving deltas:  71% (750/1055)   Resolving deltas:  72% (760/1055)   Resolving deltas:  73% (771/1055)   Resolving deltas:  74% (783/1055)   Resolving deltas:  75% (792/1055)   Resolving deltas:  76% (802/1055)   Resolving deltas:  77% (814/1055)   Resolving deltas:  78% (824/1055)   Resolving deltas:  79% (837/1055)   Resolving deltas:  80% (844/1055)   Resolving deltas:  81% (857/1055)   Resolving deltas:  82% (866/1055)   Resolving deltas:  83% (877/1055)   Resolving deltas:  84% (887/1055)   Resolving deltas:  85% (898/1055)   Resolving deltas:  86% (908/1055)   Resolving deltas:  87% (918/1055)   Resolving deltas:  88% (929/1055)   Resolving deltas:  89% (939/1055)   Resolving deltas:  90% (951/1055)   Resolving deltas:  91% (965/1055)   Resolving deltas:  92% (973/1055)   Resolving deltas:  93% (982/1055)   Resolving deltas:  94% (993/1055)   Resolving deltas:  95% (1003/1055)   Resolving deltas:  96% (1014/1055)   Resolving deltas:  97% (1026/1055)   Resolving deltas:  98% (1037/1055)   Resolving deltas:  99% (1045/1055)   Resolving deltas: 100% (1055/1055)   Resolving deltas: 100% (1055/1055), done.
travis_fold:end:git.1$ cd thinkaurelius/titan
travis_fold:start:git.2$ git checkout -qf d03b656058b16fea7fab26ea9e6dffc957ef10cc
travis_fold:end:git.2$ jdk_switcher use openjdk7
Switching to OpenJDK7 (java-1.7.0-openjdk-amd64), JAVA_HOME will be set to /usr/lib/jvm/java-7-openjdk-amd64
update-alternatives: error: no alternatives for apt.
update-alternatives: error: no alternatives for mozilla-javaplugin.so.
update-java-alternatives: plugin alternative does not exist: /usr/lib/jvm/java-7-openjdk-amd64/jre/lib/amd64/IcedTeaPlugin.so
$ java -version
java version "1.7.0_15"
OpenJDK Runtime Environment (IcedTea7 2.3.7) (7u15-2.3.7-0ubuntu1~12.04.1)
OpenJDK 64-Bit Server VM (build 23.7-b01, mixed mode)
$ javac -version
javac 1.7.0_15
travis_fold:start:install$ mvn install --quiet -DskipTests=true
[debug] execute contextualize
[debug] execute contextualize
[debug] execute contextualize
travis_fold:end:install$ mvn test
[INFO] Scanning for projects...
[INFO] ------------------------------------------------------------------------
[INFO] Reactor Build Order:
[INFO] 
[INFO] Titan: Distributed Graph Database
[INFO] Titan-Core: Core Library for Titan
[INFO] Titan-Test: Test Suite for Titan
[INFO] Titan-BerkeleyJE: Distributed Graph Database
[INFO] Titan-Cassandra: Distributed Graph Database
[INFO] Titan-HBase: Distributed Graph Database
[INFO] Titan-All: Complete Titan Distribution
[INFO]                                                                         
[INFO] ------------------------------------------------------------------------
[INFO] Building Titan: Distributed Graph Database 0.2.1-SNAPSHOT
[INFO] ------------------------------------------------------------------------
[INFO] 
[INFO] --- maven-enforcer-plugin:1.0:enforce (enforce-maven) @ titan ---
[INFO]                                                                         
[INFO] ------------------------------------------------------------------------
[INFO] Building Titan-Core: Core Library for Titan 0.2.1-SNAPSHOT
[INFO] ------------------------------------------------------------------------
[INFO] 
[INFO] --- maven-enforcer-plugin:1.0:enforce (enforce-maven) @ titan-core ---
[INFO] 
[INFO] --- maven-resources-plugin:2.3:resources (default-resources) @ titan-core ---
[INFO] Using 'UTF-8' encoding to copy filtered resources.
[INFO] skip non existing resourceDirectory /home/travis/build/thinkaurelius/titan/titan-core/src/main/resources
[INFO] 
[INFO] --- maven-compiler-plugin:2.5.1:compile (default-compile) @ titan-core ---
[INFO] Nothing to compile - all classes are up to date
[INFO] 
[INFO] --- maven-resources-plugin:2.3:testResources (default-testResources) @ titan-core ---
[INFO] Using 'UTF-8' encoding to copy filtered resources.
[INFO] skip non existing resourceDirectory /home/travis/build/thinkaurelius/titan/titan-core/src/test/resources
[INFO] 
[INFO] --- maven-compiler-plugin:2.5.1:testCompile (default-testCompile) @ titan-core ---
[INFO] No sources to compile
[INFO] 
[INFO] --- maven-surefire-plugin:2.11:test (default-test) @ titan-core ---
[INFO] No tests to run.
[INFO] Surefire report directory: /home/travis/build/thinkaurelius/titan/titan-core/target/surefire-reports
Downloading: http://maven.mirrors.travis-ci.org/nexus/content/repositories/central/org/apache/maven/surefire/surefire-junit3/2.11/surefire-junit3-2.11.pom
2/2 KB            Downloaded: http://maven.mirrors.travis-ci.org/nexus/content/repositories/central/org/apache/maven/surefire/surefire-junit3/2.11/surefire-junit3-2.11.pom (2 KB at 2.6 KB/sec)
Downloading: http://maven.mirrors.travis-ci.org/nexus/content/repositories/central/org/apache/maven/surefire/surefire-providers/2.11/surefire-providers-2.11.pom
3/3 KB            Downloaded: http://maven.mirrors.travis-ci.org/nexus/content/repositories/central/org/apache/maven/surefire/surefire-providers/2.11/surefire-providers-2.11.pom (3 KB at 6.9 KB/sec)
Downloading: http://maven.mirrors.travis-ci.org/nexus/content/repositories/central/org/apache/maven/surefire/surefire-junit3/2.11/surefire-junit3-2.11.jar
4/26 KB   8/26 KB   9/26 KB   10/26 KB   14/26 KB   18/26 KB   22/26 KB   23/26 KB   26/26 KB              Downloaded: http://maven.mirrors.travis-ci.org/nexus/content/repositories/central/org/apache/maven/surefire/surefire-junit3/2.11/surefire-junit3-2.11.jar (26 KB at 47.6 KB/sec)

-------------------------------------------------------
 T E S T S
-------------------------------------------------------

Results :

Tests run: 0, Failures: 0, Errors: 0, Skipped: 0

[INFO]                                                                         
[INFO] ------------------------------------------------------------------------
[INFO] Building Titan-Test: Test Suite for Titan 0.2.1-SNAPSHOT
[INFO] ------------------------------------------------------------------------
[INFO] 
[INFO] --- maven-enforcer-plugin:1.0:enforce (enforce-maven) @ titan-test ---
[INFO] 
[INFO] --- maven-resources-plugin:2.3:resources (default-resources) @ titan-test ---
[INFO] Using 'UTF-8' encoding to copy filtered resources.
[INFO] skip non existing resourceDirectory /home/travis/build/thinkaurelius/titan/titan-test/src/main/resources
[INFO] 
[INFO] --- maven-compiler-plugin:2.5.1:compile (default-compile) @ titan-test ---
[INFO] Nothing to compile - all classes are up to date
[INFO] 
[INFO] --- maven-resources-plugin:2.3:testResources (default-testResources) @ titan-test ---
[INFO] Using 'UTF-8' encoding to copy filtered resources.
[INFO] Copying 2 resources
[INFO] 
[INFO] --- maven-compiler-plugin:2.5.1:testCompile (default-testCompile) @ titan-test ---
[INFO] Nothing to compile - all classes are up to date
[INFO] 
[INFO] --- maven-surefire-plugin:2.11:test (default-test) @ titan-test ---
[INFO] Surefire report directory: /home/travis/build/thinkaurelius/titan/titan-test/target/surefire-reports
Downloading: http://maven.mirrors.travis-ci.org/nexus/content/repositories/central/org/apache/maven/surefire/surefire-junit4/2.11/surefire-junit4-2.11.pom
3/3 KB              Downloaded: http://maven.mirrors.travis-ci.org/nexus/content/repositories/central/org/apache/maven/surefire/surefire-junit4/2.11/surefire-junit4-2.11.pom (3 KB at 6.2 KB/sec)
Downloading: http://maven.mirrors.travis-ci.org/nexus/content/repositories/central/org/apache/maven/surefire/surefire-junit4/2.11/surefire-junit4-2.11.jar
4/33 KB   8/33 KB   9/33 KB   13/33 KB   17/33 KB   21/33 KB   25/33 KB   27/33 KB   30/33 KB   33/33 KB              Downloaded: http://maven.mirrors.travis-ci.org/nexus/content/repositories/central/org/apache/maven/surefire/surefire-junit4/2.11/surefire-junit4-2.11.jar (33 KB at 61.0 KB/sec)

-------------------------------------------------------
 T E S T S
-------------------------------------------------------
Running com.thinkaurelius.titan.graphdb.idmanagement.IDPoolTest
Tests run: 3, Failures: 0, Errors: 0, Skipped: 0, Time elapsed: 1.803 sec
Running com.thinkaurelius.titan.blueprints.InMemoryBlueprintsTest
Testing testAutoIndexKeyManagementWithPersistence...
	titaninmemoryblueprintsgraph[null]: 2 automatic index keys added in 81.41986100003123ms
Testing testAutoIndexKeyDroppingWithPersistence...
	titaninmemoryblueprintsgraph[null]: 2 automatic index keys added in 1.3381780000636354ms
Testing testNoConcurrentModificationException...
Testing testKeyIndicesConsistentWithElementRemoval...
*** TOTAL TIME [KeyIndexableGraphTestSuite]: 147.61310099996626 ***
Testing testNoConcurrentModificationException...
Testing testGetVertexWithNull...
Testing testRemoveVertex...
Testing testRemoveVertexWithEdges...
Testing testGetNonExistantVertices...
Testing testVertexEquality...
	titaninmemoryblueprintsgraph[null]: 1 vertex added and retrieved in 0.21012900001369417ms
Testing testVertexEqualityForSuppliedIdsAndHashCode...
Testing testRemoveVertexNullId...
	titaninmemoryblueprintsgraph[null]: 100 vertices added in 6.8889450000133365ms
	titaninmemoryblueprintsgraph[null]: 100 vertices removed in 15.20889399992302ms
Testing testVertexIterator...
	titaninmemoryblueprintsgraph[null]: 1000 vertices added in 63.177926999982446ms
	titaninmemoryblueprintsgraph[null]: 1000 vertices counted in 7.324680000077933ms
Testing testLegalVertexEdgeIterables...
Testing testAddVertexProperties...
Testing testAddManyVertexProperties...
	titaninmemoryblueprintsgraph[null]: 750 vertex properties added (with vertices being added too) in 630.0081509999ms
Testing testRemoveVertexProperties...
Testing testAddingIdProperty...
Testing testGettingEdgesAndVertices...
Testing testEmptyKeyProperty...
Testing testVertexCentricLinking...
Testing testVertexCentricRemoving...
Testing testConcurrentModificationOnProperties...
Testing testSettingBadVertexProperties...
Testing testBasicAddVertex...
*** TOTAL TIME [VertexTestSuite]: 845.93963300006 ***
Testing testAddEdges...
	titaninmemoryblueprintsgraph[null]: 6 elements added and checked in 4.17453800002113ms
Testing testAddManyEdges...
	titaninmemoryblueprintsgraph[null]: 300 elements added in 121.17934800009243ms
	titaninmemoryblueprintsgraph[null]: 100 edges counted in 9.253853000001982ms
	titaninmemoryblueprintsgraph[null]: 200 vertices counted in 1.092634000000544ms
	titaninmemoryblueprintsgraph[null]: 200 vertices checked in 23.72564799990505ms
Testing testRemoveManyEdges...
	titaninmemoryblueprintsgraph[null]: 20 vertices counted in 0.10137699998449534ms
	titaninmemoryblueprintsgraph[null]: 10 edges counted in 0.760132999974303ms
	titaninmemoryblueprintsgraph[null]: 10 edges removed and graph checked in 22.534398999996483ms
Testing testAddingDuplicateEdges...
Testing testRemoveEdgesByRemovingVertex...
Testing testRemoveEdges...
Testing testAddingSelfLoops...
Testing testRemoveSelfLoops...
Testing testEdgeIterator...
Testing testAddingLabelAndIdProperty...
Testing testAddingRemovingEdgeProperties...
Testing testEdgeCentricRemoving...
Testing testNoConcurrentModificationException...
Testing testEdgeEquality...
Testing testEmptyKeyProperty...
Testing testSettingBadVertexProperties...
*** TOTAL TIME [EdgeTestSuite]: 229.80254800000694 ***
Testing testFeatureCompliance...
supportsDuplicateEdges: true
supportsSelfLoops: true
supportsSerializableObjectProperty: true
supportsBooleanProperty: true
supportsDoubleProperty: true
supportsFloatProperty: true
supportsIntegerProperty: true
supportsPrimitiveArrayProperty: true
supportsUniformListProperty: true
supportsMixedListProperty: true
supportsLongProperty: true
supportsMapProperty: true
supportsStringProperty: true
ignoresSuppliedIds: true
isPersistent: false
isRDFModel: false
isWrapper: false
supportsIndices: false
supportsVertexIndex: false
supportsEdgeIndex: false
supportsKeyIndices: true
supportsVertexKeyIndex: true
supportsEdgeKeyIndex: false
supportsEdgeIteration: true
supportsVertexIteration: true
supportsEdgeRetrieval: true
supportsVertexProperties: true
supportsEdgeProperties: true
supportsTransactions: false
supportsThreadedTransactions: false
Testing testGettingVerticesAndEdgesWithKeyValue...
Testing testEmptyOnConstruction...
Testing testStringRepresentation...
	titaninmemoryblueprintsgraph[null]: 1 graph string representation generated in 0.09719000000040978ms
Testing testStringRepresentationOfVertexId...
Testing testSemanticallyCorrectIterables...
Testing testAddingVerticesAndEdges...
Testing testSettingProperties...
Testing testDataTypeValidationOnProperties...
Testing testSimpleRemovingVerticesEdges...
Testing testRemovingEdges...
	titaninmemoryblueprintsgraph[null]: 100 vertices added in 3.743862000061199ms
	titaninmemoryblueprintsgraph[null]: 200 edges added in 95.4077180000022ms
	titaninmemoryblueprintsgraph[null]: 200 edges deleted (with size check on each delete) in 192.60381799994502ms
Testing testRemovingVertices...
	titaninmemoryblueprintsgraph[null]: 500 vertices added in 15.603808999992907ms
	titaninmemoryblueprintsgraph[null]: 250 edges added in 80.1656410000287ms
	titaninmemoryblueprintsgraph[null]: 500 vertices deleted (with size check on each delete) in 107.91369099996518ms
Testing testConnectivityPatterns...
Testing testVertexEdgeLabels...
Testing testVertexEdgeLabels2...
Testing testTreeConnectivity...
	titaninmemoryblueprintsgraph[null]: 1464 vertices added in a tree structure in 185.725701999967ms
	titaninmemoryblueprintsgraph[null]: 1464 vertices iterated in 7.3600769999902695ms
	titaninmemoryblueprintsgraph[null]: 1463 edges iterated in 13.417125000036322ms
Testing testConcurrentModification...
Testing testGraphDataPersists...
Testing testAutotypingOfProperties...
*** TOTAL TIME [GraphTestSuite]: 767.8957780000055 ***
Testing testVertexQuery...
Testing testGraphQueryForVertices...
Testing testGraphQueryForEdges...
*** TOTAL TIME [QueryTestSuite]: 29.98941299994476 ***
Testing testReadingTinkerGraph...
Testing testTinkerGraphEdges...
	titaninmemoryblueprintsgraph[null]: graph-example-1 loaded in 36.65047200000845ms
Testing testTinkerGraphVertices...
	titaninmemoryblueprintsgraph[null]: graph-example-1 loaded in 9.235769999912009ms
Testing testTinkerGraphSoftwareVertices...
	titaninmemoryblueprintsgraph[null]: graph-example-1 loaded in 9.744290000060573ms
Testing testTinkerGraphVertexAndEdges...
	titaninmemoryblueprintsgraph[null]: graph-example-1 loaded in 10.096631000051275ms
Testing testReadingTinkerGraphExample3...
Testing testReadingTinkerGraphExample3MappingLabels...
	titaninmemoryblueprintsgraph[null]: graph-example-3 loaded in 12.965086000040174ms
Testing testReadingTinkerGraphExample3MappingIDs...
	titaninmemoryblueprintsgraph[null]: graph-example-3 loaded in 12.026137000066228ms
Testing testReadingTinkerGraphExample3MappingAll...
	titaninmemoryblueprintsgraph[null]: graph-example-3 loaded in 11.470106999971904ms
Testing testMigratingTinkerGraphExample3...
Testing testAllGraphMLTypeCastsAndDataMappings...
*** TOTAL TIME [GraphMLReaderTestSuite]: 111.28181400010362 ***
Testing testReadingTinkerGraph...
Testing testTinkerGraphEdges...
	titaninmemoryblueprintsgraph[null]: graph-example-1 loaded in 8.140387000050396ms
Testing testTinkerGraphVertices...
	titaninmemoryblueprintsgraph[null]: graph-example-1 loaded in 5.293367000063881ms
Testing testTinkerGraphSoftwareVertices...
	titaninmemoryblueprintsgraph[null]: graph-example-1 loaded in 5.297647000057623ms
Testing testTinkerGraphVertexAndEdges...
	titaninmemoryblueprintsgraph[null]: graph-example-1 loaded in 5.342391000012867ms
Testing testReadingTinkerGraphExample3...
Testing testReadingTinkerGraphExample3MappingLabels...
	titaninmemoryblueprintsgraph[null]: graph-example-3 loaded in 8.097823000047356ms
Testing testReadingTinkerGraphExample3MappingIDs...
	titaninmemoryblueprintsgraph[null]: graph-example-3 loaded in 7.583375999936834ms
Testing testReadingTinkerGraphExample3MappingAll...
	titaninmemoryblueprintsgraph[null]: graph-example-3 loaded in 5.738389999954961ms
Testing testMigratingTinkerGraphExample3...
*** TOTAL TIME [GMLReaderTestSuite]: 54.80761600006372 ***
Tests run: 7, Failures: 0, Errors: 0, Skipped: 0, Time elapsed: 2.205 sec
Running com.thinkaurelius.titan.graphdb.idmanagement.VertexIDAssignerTest
Partition: false
partitionMax: 2147483647
localPartition: null
Partition: true
partitionMax: 2147483647
localPartition: null
Partition: true
partitionMax: 2147483647
localPartition: [0, 2000]
Partition: true
partitionMax: 2147483647
localPartition: [-100000, -1]
Partition: true
partitionMax: 2147483647
localPartition: [-10000, 10000]
Partition: true
partitionMax: 100
localPartition: null
Partition: true
partitionMax: 100
localPartition: [0, 2000]
Partition: true
partitionMax: 100
localPartition: [-100000, -1]
Partition: true
partitionMax: 100
localPartition: [-10000, 10000]
Tests run: 9, Failures: 0, Errors: 0, Skipped: 0, Time elapsed: 3.747 sec
Running com.thinkaurelius.titan.util.datastructures.BitMapTest
Tests run: 1, Failures: 0, Errors: 0, Skipped: 0, Time elapsed: 0.001 sec
Running com.thinkaurelius.titan.graphdb.loading.EdgeLoadingTest
Tests run: 1, Failures: 0, Errors: 0, Skipped: 0, Time elapsed: 0 sec
Running com.thinkaurelius.titan.diskstorage.locking.LocalLockMediatorTest
Tests run: 1, Failures: 0, Errors: 0, Skipped: 0, Time elapsed: 0.163 sec
Running com.thinkaurelius.titan.graphdb.idmanagement.VariableLongTest
Writing 10000000 longs in 65567319 bytes. in time: 2285
Writing 1000000 longs in 2983488 bytes. in time: 120
Tests run: 5, Failures: 0, Errors: 0, Skipped: 0, Time elapsed: 3.166 sec
Running com.thinkaurelius.titan.graphdb.idmanagement.IDManagementTest
Tests run: 3, Failures: 0, Errors: 0, Skipped: 0, Time elapsed: 1.287 sec
Running com.thinkaurelius.titan.tinkerpop.rexster.TitanGraphConfigurationTest
Tests run: 1, Failures: 0, Errors: 0, Skipped: 0, Time elapsed: 0.096 sec
Running com.thinkaurelius.titan.graphdb.serializer.SerializerTest
Tests run: 8, Failures: 0, Errors: 0, Skipped: 0, Time elapsed: 1.362 sec
Running com.thinkaurelius.titan.graphdb.serializer.ByteBufferTest
Tests run: 3, Failures: 0, Errors: 0, Skipped: 0, Time elapsed: 0.444 sec
Running com.thinkaurelius.titan.tinkerpop.gremlin.ScriptExecutorTest
Tests run: 1, Failures: 0, Errors: 0, Skipped: 0, Time elapsed: 0 sec
Running com.thinkaurelius.titan.graphdb.serializer.KryoTest
Tests run: 4, Failures: 0, Errors: 0, Skipped: 0, Time elapsed: 0.008 sec
Running com.thinkaurelius.titan.diskstorage.util.StorageFeaturesTest
Tests run: 1, Failures: 0, Errors: 0, Skipped: 0, Time elapsed: 0 sec
Running com.thinkaurelius.titan.util.datastructures.RandomRemovalListTest
Tests run: 3, Failures: 0, Errors: 0, Skipped: 0, Time elapsed: 0.776 sec

Results :

Tests run: 51, Failures: 0, Errors: 0, Skipped: 0

[INFO]                                                                         
[INFO] ------------------------------------------------------------------------
[INFO] Building Titan-BerkeleyJE: Distributed Graph Database 0.2.1-SNAPSHOT
[INFO] ------------------------------------------------------------------------
[INFO] 
[INFO] --- maven-enforcer-plugin:1.0:enforce (enforce-maven) @ titan-berkeleyje ---
[INFO] 
[INFO] --- maven-resources-plugin:2.3:resources (default-resources) @ titan-berkeleyje ---
[INFO] Using 'UTF-8' encoding to copy filtered resources.
[INFO] Copying 2 resources
[INFO] 
[INFO] --- maven-compiler-plugin:2.5.1:compile (default-compile) @ titan-berkeleyje ---
[INFO] Nothing to compile - all classes are up to date
[INFO] 
[INFO] --- maven-resources-plugin:2.3:testResources (default-testResources) @ titan-berkeleyje ---
[INFO] Using 'UTF-8' encoding to copy filtered resources.
[INFO] Copying 2 resources
[INFO] 
[INFO] --- maven-compiler-plugin:2.5.1:testCompile (default-testCompile) @ titan-berkeleyje ---
[INFO] Nothing to compile - all classes are up to date
[INFO] 
[INFO] --- maven-surefire-plugin:2.12.1:test (default-test) @ titan-berkeleyje ---
[INFO] Surefire report directory: /home/travis/build/thinkaurelius/titan/titan-berkeleyje/target/surefire-reports
Downloading: http://maven.mirrors.travis-ci.org/nexus/content/repositories/central/org/apache/maven/surefire/surefire-junit4/2.12.1/surefire-junit4-2.12.1.pom
3/3 KB              Downloaded: http://maven.mirrors.travis-ci.org/nexus/content/repositories/central/org/apache/maven/surefire/surefire-junit4/2.12.1/surefire-junit4-2.12.1.pom (3 KB at 6.0 KB/sec)
Downloading: http://maven.mirrors.travis-ci.org/nexus/content/repositories/central/org/apache/maven/surefire/surefire-providers/2.12.1/surefire-providers-2.12.1.pom
3/3 KB            Downloaded: http://maven.mirrors.travis-ci.org/nexus/content/repositories/central/org/apache/maven/surefire/surefire-providers/2.12.1/surefire-providers-2.12.1.pom (3 KB at 7.4 KB/sec)
Downloading: http://maven.mirrors.travis-ci.org/nexus/content/repositories/central/org/apache/maven/surefire/surefire-junit4/2.12.1/surefire-junit4-2.12.1.jar
4/34 KB   8/34 KB   9/34 KB   13/34 KB   17/34 KB   21/34 KB   23/34 KB   27/34 KB   31/34 KB   34/34 KB              Downloaded: http://maven.mirrors.travis-ci.org/nexus/content/repositories/central/org/apache/maven/surefire/surefire-junit4/2.12.1/surefire-junit4-2.12.1.jar (34 KB at 68.5 KB/sec)

-------------------------------------------------------
 T E S T S
-------------------------------------------------------
Running com.thinkaurelius.titan.diskstorage.berkeleyje.BerkeleyJEKeyValueTest
Tests run: 7, Failures: 0, Errors: 0, Skipped: 0, Time elapsed: 6.137 sec
Running com.thinkaurelius.titan.blueprints.BerkeleyJEBlueprintsTest
Testing testAddManyEdges...
	titangraph[berkeleyje:/tmp/titan-test/standard]: 300 elements added in 315.0815859999275ms
	titangraph[berkeleyje:/tmp/titan-test/standard]: 100 edges counted in 16.150878999964334ms
	titangraph[berkeleyje:/tmp/titan-test/standard]: 200 vertices counted in 2.253160999971442ms
	titangraph[berkeleyje:/tmp/titan-test/standard]: 200 vertices checked in 25.73713000002317ms
Testing testGetEdges...
	titangraph[berkeleyje:/tmp/titan-test/standard]: 3 edges retrieved in 2.739813999971375ms
Testing testRemoveEdges...
Testing testAddingSelfLoops...
Testing testRemoveSelfLoops...
Testing testEdgeIterator...
Testing testAddingRemovingEdgeProperties...
Testing testAddingLabelAndIdProperty...
Testing testNoConcurrentModificationException...
Testing testEdgeEquality...
Testing testAddingDuplicateEdges...
Testing testRemoveEdgesByRemovingVertex...
Testing testRemoveManyEdges...
	titangraph[berkeleyje:/tmp/titan-test/standard]: 20 vertices counted in 0.43608999997377396ms
	titangraph[berkeleyje:/tmp/titan-test/standard]: 10 edges counted in 1.2965079999994487ms
	titangraph[berkeleyje:/tmp/titan-test/standard]: 10 edges removed and graph checked in 32.53883799992036ms
Testing testAddEdges...
	titangraph[berkeleyje:/tmp/titan-test/standard]: 6 elements added and checked in 5.711752000031993ms
Testing testGetNonExistantEdges...
Testing testEmptyKeyProperty...
Testing testEdgeCentricRemoving...
Testing testSettingBadVertexProperties...
*** TOTAL TIME [EdgeTestSuite]: 1852.805335000041 ***
Testing testStringRepresentationOfVertexId...
Testing testSemanticallyCorrectIterables...
Testing testGettingVerticesAndEdgesWithKeyValue...
Testing testAddingVerticesAndEdges...
Testing testSettingProperties...
Testing testDataTypeValidationOnProperties...
Testing testRemovingVertices...
	titangraph[berkeleyje:/tmp/titan-test/standard]: 500 vertices added in 60.947713000001386ms
	titangraph[berkeleyje:/tmp/titan-test/standard]: 250 edges added in 187.60285499994643ms
	titangraph[berkeleyje:/tmp/titan-test/standard]: 500 vertices deleted (with size check on each delete) in 322.18034900003113ms
Testing testConnectivityPatterns...
Testing testVertexEdgeLabels...
Testing testVertexEdgeLabels2...
Testing testTreeConnectivity...
	titangraph[berkeleyje:/tmp/titan-test/standard]: 1464 vertices added in a tree structure in 401.4956340000499ms
	titangraph[berkeleyje:/tmp/titan-test/standard]: 1464 vertices iterated in 2.4695680000586435ms
	titangraph[berkeleyje:/tmp/titan-test/standard]: 1463 edges iterated in 7.1192210000008345ms
Testing testConcurrentModification...
Testing testGraphDataPersists...
	titangraph[berkeleyje:/tmp/titan-test/standard]: 1 graph loaded in 20.857125000096858ms
Testing testAutotypingOfProperties...
Testing testFeatureCompliance...
supportsDuplicateEdges: true
supportsSelfLoops: true
supportsSerializableObjectProperty: true
supportsBooleanProperty: true
supportsDoubleProperty: true
supportsFloatProperty: true
supportsIntegerProperty: true
supportsPrimitiveArrayProperty: true
supportsUniformListProperty: true
supportsMixedListProperty: true
supportsLongProperty: true
supportsMapProperty: true
supportsStringProperty: true
ignoresSuppliedIds: true
isPersistent: true
isRDFModel: false
isWrapper: false
supportsIndices: false
supportsVertexIndex: false
supportsEdgeIndex: false
supportsKeyIndices: true
supportsVertexKeyIndex: true
supportsEdgeKeyIndex: false
supportsEdgeIteration: true
supportsVertexIteration: true
supportsEdgeRetrieval: true
supportsVertexProperties: true
supportsEdgeProperties: true
supportsTransactions: true
supportsThreadedTransactions: true
Testing testEmptyOnConstruction...
Testing testSimpleRemovingVerticesEdges...
Testing testRemovingEdges...
	titangraph[berkeleyje:/tmp/titan-test/standard]: 100 vertices added in 9.662480000057258ms
	titangraph[berkeleyje:/tmp/titan-test/standard]: 200 edges added in 101.04639500007033ms
	titangraph[berkeleyje:/tmp/titan-test/standard]: 200 edges deleted (with size check on each delete) in 115.4904600000009ms
*** TOTAL TIME [GraphTestSuite]: 2670.9776869999478 ***
Testing testGraphQueryForVertices...
Testing testGraphQueryForEdges...
Testing testVertexQuery...
*** TOTAL TIME [QueryTestSuite]: 180.24981199996546 ***
Testing testAutoIndexKeyManagementWithPersistence...
	titangraph[berkeleyje:/tmp/titan-test/standard]: 2 automatic index keys added in 2.924790999968536ms
Testing testKeyIndicesConsistentWithElementRemoval...
Testing testGettingVerticesAndEdgesWithKeyValue...
Testing testNoConcurrentModificationException...
*** TOTAL TIME [KeyIndexableGraphTestSuite]: 204.05713600001764 ***
Testing testCompetingThreads...
Testing testRepeatedTransactionStopException...
Testing testTrue...
Testing testAutoStartTransaction...
Testing testTransactionsForVertices...
	titangraph[berkeleyje:/tmp/titan-test/standard]: 1 vertex not added in failed transaction in 0.8987079999642447ms
	titangraph[berkeleyje:/tmp/titan-test/standard]: 1 vertex added in successful transaction in 0.9179749999893829ms
Testing testBasicVertexEdgeTransactions...
Testing testBruteVertexTransactions...
	titangraph[berkeleyje:/tmp/titan-test/standard]: 100 vertices added in 100 successful transactions in 52.88597699999809ms
	titangraph[berkeleyje:/tmp/titan-test/standard]: 100 vertices not added in 100 failed transactions in 13.976314999978058ms
	titangraph[berkeleyje:/tmp/titan-test/standard]: 100 vertices added in 1 successful transactions in 16.9302500000922ms
	titangraph[berkeleyje:/tmp/titan-test/standard]: 100 vertices not added in 1 failed transactions in 12.237748000072315ms
Testing testTransactionsForEdges...
	titangraph[berkeleyje:/tmp/titan-test/standard]: 1 edge not added in failed transaction (w/ iteration) in 3.0308169999625534ms
	titangraph[berkeleyje:/tmp/titan-test/standard]: 1 edge added in successful transaction (w/ iteration) in 2.124262999976054ms
Testing testBruteEdgeTransactions...
	titangraph[berkeleyje:/tmp/titan-test/standard]: 100 edges added in 100 successful transactions (2 vertices added for each edge) in 104.62176500004716ms
	titangraph[berkeleyje:/tmp/titan-test/standard]: 100 edges not added in 100 failed transactions (2 vertices added for each edge) in 30.269334999960847ms
	titangraph[berkeleyje:/tmp/titan-test/standard]: 100 edges added in 1 successful transactions (2 vertices added for each edge) in 50.22707300004549ms
	titangraph[berkeleyje:/tmp/titan-test/standard]: 100 edges not added in 1 failed transactions (2 vertices added for each edge) in 24.568121999967843ms
Testing testPropertyTransactions...
	titangraph[berkeleyje:/tmp/titan-test/standard]: 1 vertex added with string property in a successful transaction in 3.4511100000236183ms
	titangraph[berkeleyje:/tmp/titan-test/standard]: 1 integer property not added in a failed transaction in 0.8671620000386611ms
	titangraph[berkeleyje:/tmp/titan-test/standard]: 2 vertex properties checked in a successful transaction in 0.43694799998775125ms
	titangraph[berkeleyje:/tmp/titan-test/standard]: 1 edge property added and checked in a successful transaction in 2.6746980000752956ms
	titangraph[berkeleyje:/tmp/titan-test/standard]: 1 edge property added and checked in a failed transaction in 0.5228090001037344ms
Testing testIndexTransactions...
Testing testAutomaticSuccessfulTransactionOnShutdown...
Testing testVertexCountOnPreTransactionCommit...
Testing testBulkTransactionsOnEdges...
Testing testTransactionIsolationCommitCheck...
added vertex
reading vertex before tx
read vertex before tx
Testing testRemoveInTransaction...
Testing testCompetingThreadsOnMultipleDbInstances...
*** TOTAL TIME [TransactionalTitanGraphTestSuite]: 1691.8319199999096 ***
Testing testVertexReattachment...
*** TOTAL TIME [TitanSpecificBlueprintsTestSuite]: 43.82615400000941 ***
Testing testTinkerGraphSoftwareVertices...
	titangraph[berkeleyje:/tmp/titan-test/standard]: graph-example-1 loaded in 45.97607900004368ms
Testing testTinkerGraphVertexAndEdges...
	titangraph[berkeleyje:/tmp/titan-test/standard]: graph-example-1 loaded in 17.790890000062063ms
Testing testReadingTinkerGraphExample3...
Testing testReadingTinkerGraphExample3MappingLabels...
	titangraph[berkeleyje:/tmp/titan-test/standard]: graph-example-3 loaded in 20.461707000038587ms
Testing testReadingTinkerGraphExample3MappingIDs...
	titangraph[berkeleyje:/tmp/titan-test/standard]: graph-example-3 loaded in 19.394098000018857ms
Testing testReadingTinkerGraphExample3MappingAll...
	titangraph[berkeleyje:/tmp/titan-test/standard]: graph-example-3 loaded in 18.296102999942377ms
Testing testMigratingTinkerGraphExample3...
Testing testAllGraphMLTypeCastsAndDataMappings...
Testing testReadingTinkerGraph...
Testing testTinkerGraphEdges...
	titangraph[berkeleyje:/tmp/titan-test/standard]: graph-example-1 loaded in 15.25549599993974ms
Testing testTinkerGraphVertices...
	titangraph[berkeleyje:/tmp/titan-test/standard]: graph-example-1 loaded in 19.731716999900527ms
*** TOTAL TIME [GraphMLReaderTestSuite]: 678.4703120000195 ***
Testing testTinkerGraphSoftwareVertices...
	titangraph[berkeleyje:/tmp/titan-test/standard]: graph-example-1 loaded in 306.83460800000466ms
Testing testTinkerGraphVertexAndEdges...
	titangraph[berkeleyje:/tmp/titan-test/standard]: graph-example-1 loaded in 13.220671999966726ms
Testing testReadingTinkerGraph...
Testing testTinkerGraphEdges...
	titangraph[berkeleyje:/tmp/titan-test/standard]: graph-example-1 loaded in 13.959858000045642ms
Testing testTinkerGraphVertices...
	titangraph[berkeleyje:/tmp/titan-test/standard]: graph-example-1 loaded in 14.441793999983929ms
*** TOTAL TIME [GraphSONReaderTestSuite]: 578.8551580000203 ***
Testing testTinkerGraphSoftwareVertices...
	titangraph[berkeleyje:/tmp/titan-test/standard]: graph-example-1 loaded in 16.05396099993959ms
Testing testTinkerGraphVertexAndEdges...
	titangraph[berkeleyje:/tmp/titan-test/standard]: graph-example-1 loaded in 13.674068999942392ms
Testing testReadingTinkerGraphExample3...
Testing testReadingTinkerGraphExample3MappingLabels...
	titangraph[berkeleyje:/tmp/titan-test/standard]: graph-example-3 loaded in 14.492328999913298ms
Testing testReadingTinkerGraphExample3MappingIDs...
	titangraph[berkeleyje:/tmp/titan-test/standard]: graph-example-3 loaded in 14.943694000015967ms
Testing testReadingTinkerGraphExample3MappingAll...
	titangraph[berkeleyje:/tmp/titan-test/standard]: graph-example-3 loaded in 13.116674000048079ms
Testing testMigratingTinkerGraphExample3...
Testing testReadingTinkerGraph...
Testing testTinkerGraphEdges...
	titangraph[berkeleyje:/tmp/titan-test/standard]: graph-example-1 loaded in 12.66926799993962ms
Testing testTinkerGraphVertices...
	titangraph[berkeleyje:/tmp/titan-test/standard]: graph-example-1 loaded in 12.641801999998279ms
*** TOTAL TIME [GMLReaderTestSuite]: 528.7490799999796 ***
Testing testBasicAddVertex...
Testing testGetVertexWithNull...
Testing testRemoveVertex...
Testing testRemoveVertexWithEdges...
Testing testGetNonExistantVertices...
Testing testRemoveVertexNullId...
	titangraph[berkeleyje:/tmp/titan-test/standard]: 100 vertices added in 1.8876180000370368ms
	titangraph[berkeleyje:/tmp/titan-test/standard]: 100 vertices removed in 6.021241000038572ms
Testing testVertexIterator...
	titangraph[berkeleyje:/tmp/titan-test/standard]: 1000 vertices added in 18.599316000007093ms
	titangraph[berkeleyje:/tmp/titan-test/standard]: 1000 vertices counted in 1.6521939999656752ms
Testing testLegalVertexEdgeIterables...
Testing testAddVertexProperties...
Testing testAddManyVertexProperties...
	titangraph[berkeleyje:/tmp/titan-test/standard]: 750 vertex properties added (with vertices being added too) in 207.53588400001172ms
Testing testVertexEquality...
	titangraph[berkeleyje:/tmp/titan-test/standard]: 1 vertex added and retrieved in 1.111981000052765ms
Testing testVertexEqualityForSuppliedIdsAndHashCode...
Testing testNoConcurrentModificationException...
Testing testRemoveVertexProperties...
Testing testAddingIdProperty...
Testing testGettingEdgesAndVertices...
Testing testVertexCentricLinking...
Testing testVertexCentricRemoving...
Testing testConcurrentModificationOnProperties...
Testing testEmptyKeyProperty...
Testing testSettingBadVertexProperties...
*** TOTAL TIME [VertexTestSuite]: 1472.4256280000554 ***
Tests run: 10, Failures: 0, Errors: 0, Skipped: 0, Time elapsed: 9.935 sec
Running com.thinkaurelius.titan.tinkerpop.rexster.RexsterServerClientBerkeleyJeTest
Tests run: 1, Failures: 0, Errors: 0, Skipped: 0, Time elapsed: 2.89 sec
Running com.thinkaurelius.titan.diskstorage.berkeleyje.BerkeleyDBjeKeyColumnValueVariableTest
Loading time (ms): 2203
Reading time (ms): 637
Tests run: 17, Failures: 0, Errors: 0, Skipped: 0, Time elapsed: 11.382 sec
Running com.thinkaurelius.titan.graphdb.berkeleyje.BerkeleyJEGraphTest
java.util.GregorianCalendar[time=278380800000,areFieldsSet=true,areAllFieldsSet=true,lenient=true,zone=sun.util.calendar.ZoneInfo[id="Etc/UTC",offset=0,dstSavings=0,useDaylight=false,transitions=0,lastRule=null],firstDayOfWeek=1,minimalDaysInFirstWeek=1,ERA=1,YEAR=1978,MONTH=9,WEEK_OF_YEAR=43,WEEK_OF_MONTH=4,DAY_OF_MONTH=28,DAY_OF_YEAR=301,DAY_OF_WEEK=7,DAY_OF_WEEK_IN_MONTH=4,AM_PM=0,HOUR=0,HOUR_OF_DAY=0,MINUTE=0,SECOND=0,MILLISECOND=0,ZONE_OFFSET=0,DST_OFFSET=0]
java.util.GregorianCalendar[time=278380800000,areFieldsSet=true,areAllFieldsSet=true,lenient=true,zone=sun.util.calendar.ZoneInfo[id="Etc/UTC",offset=0,dstSavings=0,useDaylight=false,transitions=0,lastRule=null],firstDayOfWeek=1,minimalDaysInFirstWeek=1,ERA=1,YEAR=1978,MONTH=9,WEEK_OF_YEAR=43,WEEK_OF_MONTH=4,DAY_OF_MONTH=28,DAY_OF_YEAR=301,DAY_OF_WEEK=7,DAY_OF_WEEK_IN_MONTH=4,AM_PM=0,HOUR=0,HOUR_OF_DAY=0,MINUTE=0,SECOND=0,MILLISECOND=0,ZONE_OFFSET=0,DST_OFFSET=0]
Tests run: 17, Failures: 0, Errors: 0, Skipped: 0, Time elapsed: 11.767 sec
Running com.thinkaurelius.titan.diskstorage.berkeleyje.BerkeleyDBjeKeyColumnValueTest
Loading time (ms): 1652
Reading time (ms): 306
Tests run: 17, Failures: 0, Errors: 0, Skipped: 0, Time elapsed: 7.433 sec
Running com.thinkaurelius.titan.diskstorage.berkeleyje.BerkeleyJeHashKeyColumnValueTest
Loading time (ms): 1922
Reading time (ms): 626
Tests run: 17, Failures: 0, Errors: 0, Skipped: 0, Time elapsed: 12.316 sec

Results :

Tests run: 86, Failures: 0, Errors: 0, Skipped: 0

[INFO]                                                                         
[INFO] ------------------------------------------------------------------------
[INFO] Building Titan-Cassandra: Distributed Graph Database 0.2.1-SNAPSHOT
[INFO] ------------------------------------------------------------------------
[INFO] 
[INFO] --- maven-enforcer-plugin:1.0:enforce (enforce-maven) @ titan-cassandra ---
[INFO] 
[INFO] --- maven-resources-plugin:2.5:resources (default-resources) @ titan-cassandra ---
[debug] execute contextualize
[INFO] Using 'UTF-8' encoding to copy filtered resources.
[INFO] Copying 2 resources
[INFO] 
[INFO] --- maven-compiler-plugin:2.5.1:compile (default-compile) @ titan-cassandra ---
[INFO] Nothing to compile - all classes are up to date
[INFO] 
[INFO] --- maven-resources-plugin:2.5:testResources (default-testResources) @ titan-cassandra ---
[debug] execute contextualize
[INFO] Using 'UTF-8' encoding to copy filtered resources.
[INFO] Copying 2 resources
[INFO] 
[INFO] --- maven-resources-plugin:2.5:copy-resources (copy-resources-127.0.0.1) @ titan-cassandra ---
[debug] execute contextualize
[INFO] Using 'UTF-8' encoding to copy filtered resources.
[INFO] Copying 7 resources
[INFO] 
[INFO] --- maven-compiler-plugin:2.5.1:testCompile (default-testCompile) @ titan-cassandra ---
[INFO] Nothing to compile - all classes are up to date
[INFO] 
[INFO] --- maven-surefire-plugin:2.12.1:test (default-test) @ titan-cassandra ---
[INFO] Surefire report directory: /home/travis/build/thinkaurelius/titan/titan-cassandra/target/surefire-reports

-------------------------------------------------------
 T E S T S
-------------------------------------------------------

-------------------------------------------------------
 T E S T S
-------------------------------------------------------
Running com.thinkaurelius.titan.diskstorage.cassandra.thrift.InternalCassandraLockKeyColumnValueStoreTest
Tests run: 14, Failures: 0, Errors: 0, Skipped: 0, Time elapsed: 21.409 sec
Running com.thinkaurelius.titan.tinkerpop.rexster.RexsterServerClientCassandraEmbeddedTest
Tests run: 1, Failures: 0, Errors: 0, Skipped: 0, Time elapsed: 11.186 sec
Running com.thinkaurelius.titan.diskstorage.cassandra.astyanax.InternalAstyanaxKeyColumnValueTest
Loading time (ms): 1071
Reading time (ms): 9571
Tests run: 18, Failures: 0, Errors: 0, Skipped: 0, Time elapsed: 66.249 sec
Running com.thinkaurelius.titan.graphdb.thrift.InternalCassandraGraphTest
java.util.GregorianCalendar[time=278380800000,areFieldsSet=true,areAllFieldsSet=true,lenient=true,zone=sun.util.calendar.ZoneInfo[id="Etc/UTC",offset=0,dstSavings=0,useDaylight=false,transitions=0,lastRule=null],firstDayOfWeek=1,minimalDaysInFirstWeek=1,ERA=1,YEAR=1978,MONTH=9,WEEK_OF_YEAR=43,WEEK_OF_MONTH=4,DAY_OF_MONTH=28,DAY_OF_YEAR=301,DAY_OF_WEEK=7,DAY_OF_WEEK_IN_MONTH=4,AM_PM=0,HOUR=0,HOUR_OF_DAY=0,MINUTE=0,SECOND=0,MILLISECOND=0,ZONE_OFFSET=0,DST_OFFSET=0]
java.util.GregorianCalendar[time=278380800000,areFieldsSet=true,areAllFieldsSet=true,lenient=true,zone=sun.util.calendar.ZoneInfo[id="Etc/UTC",offset=0,dstSavings=0,useDaylight=false,transitions=0,lastRule=null],firstDayOfWeek=1,minimalDaysInFirstWeek=1,ERA=1,YEAR=1978,MONTH=9,WEEK_OF_YEAR=43,WEEK_OF_MONTH=4,DAY_OF_MONTH=28,DAY_OF_YEAR=301,DAY_OF_WEEK=7,DAY_OF_WEEK_IN_MONTH=4,AM_PM=0,HOUR=0,HOUR_OF_DAY=0,MINUTE=0,SECOND=0,MILLISECOND=0,ZONE_OFFSET=0,DST_OFFSET=0]
Tests run: 17, Failures: 0, Errors: 0, Skipped: 0, Time elapsed: 48.093 sec
Running com.thinkaurelius.titan.graphdb.embedded.InternalCassandraEmbeddedGraphTest
java.util.GregorianCalendar[time=278380800000,areFieldsSet=true,areAllFieldsSet=true,lenient=true,zone=sun.util.calendar.ZoneInfo[id="Etc/UTC",offset=0,dstSavings=0,useDaylight=false,transitions=0,lastRule=null],firstDayOfWeek=1,minimalDaysInFirstWeek=1,ERA=1,YEAR=1978,MONTH=9,WEEK_OF_YEAR=43,WEEK_OF_MONTH=4,DAY_OF_MONTH=28,DAY_OF_YEAR=301,DAY_OF_WEEK=7,DAY_OF_WEEK_IN_MONTH=4,AM_PM=0,HOUR=0,HOUR_OF_DAY=0,MINUTE=0,SECOND=0,MILLISECOND=0,ZONE_OFFSET=0,DST_OFFSET=0]
java.util.GregorianCalendar[time=278380800000,areFieldsSet=true,areAllFieldsSet=true,lenient=true,zone=sun.util.calendar.ZoneInfo[id="Etc/UTC",offset=0,dstSavings=0,useDaylight=false,transitions=0,lastRule=null],firstDayOfWeek=1,minimalDaysInFirstWeek=1,ERA=1,YEAR=1978,MONTH=9,WEEK_OF_YEAR=43,WEEK_OF_MONTH=4,DAY_OF_MONTH=28,DAY_OF_YEAR=301,DAY_OF_WEEK=7,DAY_OF_WEEK_IN_MONTH=4,AM_PM=0,HOUR=0,HOUR_OF_DAY=0,MINUTE=0,SECOND=0,MILLISECOND=0,ZONE_OFFSET=0,DST_OFFSET=0]
Tests run: 17, Failures: 0, Errors: 0, Skipped: 0, Time elapsed: 42.562 sec
Running com.thinkaurelius.titan.diskstorage.cassandra.astyanax.InternalAstyanaxLockKeyColumnValueStoreTest
Tests run: 14, Failures: 0, Errors: 0, Skipped: 0, Time elapsed: 24.166 sec
Running com.thinkaurelius.titan.blueprints.EmbeddedCassandraBlueprintsTest
Testing testNoConcurrentModificationException...
Testing testGettingEdgesAndVertices...
Testing testEmptyKeyProperty...
Testing testVertexCentricLinking...
Testing testVertexCentricRemoving...
Testing testConcurrentModificationOnProperties...
Testing testSettingBadVertexProperties...
Testing testVertexEquality...
	titangraph[embeddedcassandra:null]: 1 vertex added and retrieved in 612.1177259999095ms
Testing testBasicAddVertex...
Testing testGetVertexWithNull...
Testing testRemoveVertex...
Testing testRemoveVertexWithEdges...
Testing testGetNonExistantVertices...
Testing testRemoveVertexNullId...
	titangraph[embeddedcassandra:null]: 100 vertices added in 16.692176999989897ms
	titangraph[embeddedcassandra:null]: 100 vertices removed in 15.238690000027418ms
Testing testVertexIterator...
	titangraph[embeddedcassandra:null]: 1000 vertices added in 761.5178849999793ms
	titangraph[embeddedcassandra:null]: 1000 vertices counted in 4.404416000004858ms
Testing testLegalVertexEdgeIterables...
Testing testAddVertexProperties...
Testing testAddManyVertexProperties...
	titangraph[embeddedcassandra:null]: 750 vertex properties added (with vertices being added too) in 19883.451124999905ms
Testing testRemoveVertexProperties...
Testing testAddingIdProperty...
Testing testVertexEqualityForSuppliedIdsAndHashCode...
*** TOTAL TIME [VertexTestSuite]: 49504.55511700001 ***
Testing testNoConcurrentModificationException...
Testing testEmptyKeyProperty...
Testing testSettingBadVertexProperties...
Testing testAddManyEdges...
	titangraph[embeddedcassandra:null]: 300 elements added in 3347.206494000042ms
	titangraph[embeddedcassandra:null]: 100 edges counted in 5.381300000008196ms
	titangraph[embeddedcassandra:null]: 200 vertices counted in 1.4431249999906868ms
	titangraph[embeddedcassandra:null]: 200 vertices checked in 13.722442999947816ms
Testing testGetEdges...
	titangraph[embeddedcassandra:null]: 3 edges retrieved in 1.974798999959603ms
Testing testGetNonExistantEdges...
Testing testRemoveManyEdges...
	titangraph[embeddedcassandra:null]: 20 vertices counted in 1.3089149999432266ms
	titangraph[embeddedcassandra:null]: 10 edges counted in 1.7718379999278113ms
	titangraph[embeddedcassandra:null]: 10 edges removed and graph checked in 38.77753299998585ms
Testing testAddingDuplicateEdges...
Testing testRemoveEdgesByRemovingVertex...
Testing testRemoveEdges...
Testing testAddingSelfLoops...
Testing testRemoveSelfLoops...
Testing testEdgeIterator...
Testing testAddingRemovingEdgeProperties...
Testing testAddingLabelAndIdProperty...
Testing testEdgeCentricRemoving...
Testing testEdgeEquality...
Testing testAddEdges...
	titangraph[embeddedcassandra:null]: 6 elements added and checked in 914.267862000037ms
*** TOTAL TIME [EdgeTestSuite]: 33698.27555000002 ***
Testing testSettingProperties...
Testing testDataTypeValidationOnProperties...
Testing testSimpleRemovingVerticesEdges...
Testing testRemovingEdges...
	titangraph[embeddedcassandra:null]: 100 vertices added in 616.1569140000502ms
	titangraph[embeddedcassandra:null]: 200 edges added in 5175.679876000038ms
	titangraph[embeddedcassandra:null]: 200 edges deleted (with size check on each delete) in 498.2297209999524ms
Testing testRemovingVertices...
	titangraph[embeddedcassandra:null]: 500 vertices added in 641.51956600009ms
	titangraph[embeddedcassandra:null]: 250 edges added in 6409.014951999998ms
	titangraph[embeddedcassandra:null]: 500 vertices deleted (with size check on each delete) in 528.3046320000431ms
Testing testConnectivityPatterns...
Testing testVertexEdgeLabels...
Testing testVertexEdgeLabels2...
Testing testTreeConnectivity...
	titangraph[embeddedcassandra:null]: 1464 vertices added in a tree structure in 1202.9760319999186ms
	titangraph[embeddedcassandra:null]: 1464 vertices iterated in 1.7620759999845177ms
	titangraph[embeddedcassandra:null]: 1463 edges iterated in 7.421087999944575ms
Testing testConcurrentModification...
Testing testGraphDataPersists...
	titangraph[embeddedcassandra:null]: 1 graph loaded in 4.513660999946296ms
Testing testAutotypingOfProperties...
Testing testFeatureCompliance...
supportsDuplicateEdges: true
supportsSelfLoops: true
supportsSerializableObjectProperty: true
supportsBooleanProperty: true
supportsDoubleProperty: true
supportsFloatProperty: true
supportsIntegerProperty: true
supportsPrimitiveArrayProperty: true
supportsUniformListProperty: true
supportsMixedListProperty: true
supportsLongProperty: true
supportsMapProperty: true
supportsStringProperty: true
ignoresSuppliedIds: true
isPersistent: true
isRDFModel: false
isWrapper: false
supportsIndices: false
supportsVertexIndex: false
supportsEdgeIndex: false
supportsKeyIndices: true
supportsVertexKeyIndex: true
supportsEdgeKeyIndex: false
supportsEdgeIteration: true
supportsVertexIteration: true
supportsEdgeRetrieval: true
supportsVertexProperties: true
supportsEdgeProperties: true
supportsTransactions: true
supportsThreadedTransactions: true
Testing testEmptyOnConstruction...
Testing testStringRepresentationOfVertexId...
Testing testSemanticallyCorrectIterables...
Testing testGettingVerticesAndEdgesWithKeyValue...
Testing testAddingVerticesAndEdges...
*** TOTAL TIME [GraphTestSuite]: 38628.77420699992 ***
Testing testVertexQuery...
Testing testGraphQueryForVertices...
Testing testGraphQueryForEdges...
*** TOTAL TIME [QueryTestSuite]: 4251.687460000045 ***
Testing testAutoIndexKeyManagementWithPersistence...
	titangraph[embeddedcassandra:null]: 2 automatic index keys added in 608.5172570000868ms
Testing testKeyIndicesConsistentWithElementRemoval...
Testing testNoConcurrentModificationException...
Testing testGettingVerticesAndEdgesWithKeyValue...
*** TOTAL TIME [KeyIndexableGraphTestSuite]: 3728.474607000011 ***
Testing testCompetingThreads...
Testing testRepeatedTransactionStopException...
Testing testTrue...
Testing testAutoStartTransaction...
Testing testTransactionsForVertices...
	titangraph[embeddedcassandra:null]: 1 vertex not added in failed transaction in 2.875445000012405ms
	titangraph[embeddedcassandra:null]: 1 vertex added in successful transaction in 1.4833580000558868ms
Testing testBasicVertexEdgeTransactions...
Testing testBruteVertexTransactions...
	titangraph[embeddedcassandra:null]: 100 vertices added in 100 successful transactions in 670.9477070000721ms
	titangraph[embeddedcassandra:null]: 100 vertices not added in 100 failed transactions in 11.533594000036828ms
	titangraph[embeddedcassandra:null]: 100 vertices added in 1 successful transactions in 24.705546000041068ms
	titangraph[embeddedcassandra:null]: 100 vertices not added in 1 failed transactions in 30.604961999924853ms
Testing testTransactionsForEdges...
	titangraph[embeddedcassandra:null]: 1 edge not added in failed transaction (w/ iteration) in 308.86331499996595ms
	titangraph[embeddedcassandra:null]: 1 edge added in successful transaction (w/ iteration) in 107.22733599995263ms
Testing testBruteEdgeTransactions...
	titangraph[embeddedcassandra:null]: 100 edges added in 100 successful transactions (2 vertices added for each edge) in 1109.6703329999ms
	titangraph[embeddedcassandra:null]: 100 edges not added in 100 failed transactions (2 vertices added for each edge) in 24.48577899998054ms
	titangraph[embeddedcassandra:null]: 100 edges added in 1 successful transactions (2 vertices added for each edge) in 70.82064200006425ms
	titangraph[embeddedcassandra:null]: 100 edges not added in 1 failed transactions (2 vertices added for each edge) in 85.74531600007322ms
Testing testPropertyTransactions...
	titangraph[embeddedcassandra:null]: 1 vertex added with string property in a successful transaction in 1014.9538070000708ms
	titangraph[embeddedcassandra:null]: 1 integer property not added in a failed transaction in 2.338506000000052ms
	titangraph[embeddedcassandra:null]: 2 vertex properties checked in a successful transaction in 1.276242999942042ms
	titangraph[embeddedcassandra:null]: 1 edge property added and checked in a successful transaction in 104.74304800003301ms
	titangraph[embeddedcassandra:null]: 1 edge property added and checked in a failed transaction in 0.9317670000018552ms
Testing testIndexTransactions...
Testing testAutomaticSuccessfulTransactionOnShutdown...
Testing testVertexCountOnPreTransactionCommit...
Testing testBulkTransactionsOnEdges...
Testing testTransactionIsolationCommitCheck...
added vertex
reading vertex before tx
read vertex before tx
Testing testRemoveInTransaction...
*** TOTAL TIME [TransactionalTitanGraphTestSuite]: 20410.558982999995 ***
Testing testVertexReattachment...
*** TOTAL TIME [TitanSpecificBlueprintsTestSuite]: 1571.3128309999593 ***
Testing testTinkerGraphEdges...
	titangraph[embeddedcassandra:null]: graph-example-1 loaded in 1068.1990040000528ms
Testing testTinkerGraphVertices...
	titangraph[embeddedcassandra:null]: graph-example-1 loaded in 1034.173856999958ms
Testing testTinkerGraphSoftwareVertices...
	titangraph[embeddedcassandra:null]: graph-example-1 loaded in 1032.7092290000292ms
Testing testTinkerGraphVertexAndEdges...
	titangraph[embeddedcassandra:null]: graph-example-1 loaded in 1032.4044229999417ms
Testing testReadingTinkerGraphExample3...
Testing testReadingTinkerGraphExample3MappingLabels...
	titangraph[embeddedcassandra:null]: graph-example-3 loaded in 1039.0087709999643ms
Testing testReadingTinkerGraphExample3MappingIDs...
	titangraph[embeddedcassandra:null]: graph-example-3 loaded in 1037.321815000032ms
Testing testReadingTinkerGraphExample3MappingAll...
	titangraph[embeddedcassandra:null]: graph-example-3 loaded in 1033.7357799999882ms
Testing testMigratingTinkerGraphExample3...
Testing testAllGraphMLTypeCastsAndDataMappings...
Testing testReadingTinkerGraph...
*** TOTAL TIME [GraphMLReaderTestSuite]: 10744.304604999954 ***
Testing testTinkerGraphEdges...
	titangraph[embeddedcassandra:null]: graph-example-1 loaded in 1272.0294119999744ms
Testing testTinkerGraphVertices...
	titangraph[embeddedcassandra:null]: graph-example-1 loaded in 1027.83259799995ms
Testing testTinkerGraphSoftwareVertices...
	titangraph[embeddedcassandra:null]: graph-example-1 loaded in 1027.5871950000292ms
Testing testTinkerGraphVertexAndEdges...
	titangraph[embeddedcassandra:null]: graph-example-1 loaded in 1030.7777520000236ms
Testing testReadingTinkerGraph...
*** TOTAL TIME [GraphSONReaderTestSuite]: 6090.649119999958 ***
Testing testTinkerGraphEdges...
	titangraph[embeddedcassandra:null]: graph-example-1 loaded in 1032.0235069999471ms
Testing testTinkerGraphVertices...
	titangraph[embeddedcassandra:null]: graph-example-1 loaded in 1028.4546649999684ms
Testing testTinkerGraphSoftwareVertices...
	titangraph[embeddedcassandra:null]: graph-example-1 loaded in 1028.494108999963ms
Testing testTinkerGraphVertexAndEdges...
	titangraph[embeddedcassandra:null]: graph-example-1 loaded in 1028.8695180000504ms
Testing testReadingTinkerGraphExample3...
Testing testReadingTinkerGraphExample3MappingLabels...
	titangraph[embeddedcassandra:null]: graph-example-3 loaded in 1033.7486910000443ms
Testing testReadingTinkerGraphExample3MappingIDs...
	titangraph[embeddedcassandra:null]: graph-example-3 loaded in 1029.4983870000578ms
Testing testReadingTinkerGraphExample3MappingAll...
	titangraph[embeddedcassandra:null]: graph-example-3 loaded in 1034.7058090000646ms
Testing testMigratingTinkerGraphExample3...
Testing testReadingTinkerGraph...
*** TOTAL TIME [GMLReaderTestSuite]: 10255.161501000053 ***
Tests run: 10, Failures: 0, Errors: 0, Skipped: 0, Time elapsed: 178.997 sec
Running com.thinkaurelius.titan.graphdb.astyanax.InternalAstyanaxGraphTest
java.util.GregorianCalendar[time=278380800000,areFieldsSet=true,areAllFieldsSet=true,lenient=true,zone=sun.util.calendar.ZoneInfo[id="Etc/UTC",offset=0,dstSavings=0,useDaylight=false,transitions=0,lastRule=null],firstDayOfWeek=1,minimalDaysInFirstWeek=1,ERA=1,YEAR=1978,MONTH=9,WEEK_OF_YEAR=43,WEEK_OF_MONTH=4,DAY_OF_MONTH=28,DAY_OF_YEAR=301,DAY_OF_WEEK=7,DAY_OF_WEEK_IN_MONTH=4,AM_PM=0,HOUR=0,HOUR_OF_DAY=0,MINUTE=0,SECOND=0,MILLISECOND=0,ZONE_OFFSET=0,DST_OFFSET=0]
java.util.GregorianCalendar[time=278380800000,areFieldsSet=true,areAllFieldsSet=true,lenient=true,zone=sun.util.calendar.ZoneInfo[id="Etc/UTC",offset=0,dstSavings=0,useDaylight=false,transitions=0,lastRule=null],firstDayOfWeek=1,minimalDaysInFirstWeek=1,ERA=1,YEAR=1978,MONTH=9,WEEK_OF_YEAR=43,WEEK_OF_MONTH=4,DAY_OF_MONTH=28,DAY_OF_YEAR=301,DAY_OF_WEEK=7,DAY_OF_WEEK_IN_MONTH=4,AM_PM=0,HOUR=0,HOUR_OF_DAY=0,MINUTE=0,SECOND=0,MILLISECOND=0,ZONE_OFFSET=0,DST_OFFSET=0]
Tests run: 17, Failures: 0, Errors: 0, Skipped: 0, Time elapsed: 51.673 sec
Running com.thinkaurelius.titan.diskstorage.cassandra.astyanax.InternalAstyanaxMultiWriteKeyColumnValueTest
Tests run: 2, Failures: 0, Errors: 0, Skipped: 0, Time elapsed: 26.657 sec
Running com.thinkaurelius.titan.blueprints.InternalCassandraBlueprintsTest
Testing testAddingIdProperty...
Testing testNoConcurrentModificationException...
Testing testGettingEdgesAndVertices...
Testing testEmptyKeyProperty...
Testing testVertexCentricLinking...
Testing testVertexCentricRemoving...
Testing testConcurrentModificationOnProperties...
Testing testSettingBadVertexProperties...
Testing testVertexEquality...
	titangraph[cassandra:null]: 1 vertex added and retrieved in 612.3410830001812ms
Testing testVertexEqualityForSuppliedIdsAndHashCode...
Testing testBasicAddVertex...
Testing testGetVertexWithNull...
Testing testRemoveVertex...
Testing testRemoveVertexWithEdges...
Testing testGetNonExistantVertices...
Testing testRemoveVertexNullId...
	titangraph[cassandra:null]: 100 vertices added in 17.005027000093833ms
	titangraph[cassandra:null]: 100 vertices removed in 15.144793999847025ms
Testing testVertexIterator...
	titangraph[cassandra:null]: 1000 vertices added in 776.0488259999547ms
	titangraph[cassandra:null]: 1000 vertices counted in 5.514690000098199ms
Testing testLegalVertexEdgeIterables...
Testing testAddVertexProperties...
Testing testAddManyVertexProperties...
	titangraph[cassandra:null]: 750 vertex properties added (with vertices being added too) in 20148.42121299985ms
Testing testRemoveVertexProperties...
*** TOTAL TIME [VertexTestSuite]: 55100.36791000003 ***
Testing testNoConcurrentModificationException...
Testing testEmptyKeyProperty...
Testing testSettingBadVertexProperties...
Testing testAddManyEdges...
	titangraph[cassandra:null]: 300 elements added in 4464.019105999963ms
	titangraph[cassandra:null]: 100 edges counted in 6.9455239998642355ms
	titangraph[cassandra:null]: 200 vertices counted in 2.0946270001586527ms
	titangraph[cassandra:null]: 200 vertices checked in 18.707390000112355ms
Testing testGetEdges...
	titangraph[cassandra:null]: 3 edges retrieved in 100.65160400001332ms
Testing testGetNonExistantEdges...
Testing testRemoveManyEdges...
	titangraph[cassandra:null]: 20 vertices counted in 1.4505020000506192ms
	titangraph[cassandra:null]: 10 edges counted in 1.833737000124529ms
	titangraph[cassandra:null]: 10 edges removed and graph checked in 43.03390699997544ms
Testing testAddingDuplicateEdges...
Testing testRemoveEdgesByRemovingVertex...
Testing testRemoveEdges...
Testing testAddingSelfLoops...
Testing testRemoveSelfLoops...
Testing testEdgeIterator...
Testing testAddingRemovingEdgeProperties...
Testing testAddingLabelAndIdProperty...
Testing testEdgeCentricRemoving...
Testing testEdgeEquality...
Testing testAddEdges...
	titangraph[cassandra:null]: 6 elements added and checked in 921.838662999915ms
*** TOTAL TIME [EdgeTestSuite]: 41009.79030799982 ***
Testing testFeatureCompliance...
supportsDuplicateEdges: true
supportsSelfLoops: true
supportsSerializableObjectProperty: true
supportsBooleanProperty: true
supportsDoubleProperty: true
supportsFloatProperty: true
supportsIntegerProperty: true
supportsPrimitiveArrayProperty: true
supportsUniformListProperty: true
supportsMixedListProperty: true
supportsLongProperty: true
supportsMapProperty: true
supportsStringProperty: true
ignoresSuppliedIds: true
isPersistent: true
isRDFModel: false
isWrapper: false
supportsIndices: false
supportsVertexIndex: false
supportsEdgeIndex: false
supportsKeyIndices: true
supportsVertexKeyIndex: true
supportsEdgeKeyIndex: false
supportsEdgeIteration: true
supportsVertexIteration: true
supportsEdgeRetrieval: true
supportsVertexProperties: true
supportsEdgeProperties: true
supportsTransactions: true
supportsThreadedTransactions: true
Testing testEmptyOnConstruction...
Testing testStringRepresentationOfVertexId...
Testing testSemanticallyCorrectIterables...
Testing testGettingVerticesAndEdgesWithKeyValue...
Testing testAddingVerticesAndEdges...
Testing testSettingProperties...
Testing testDataTypeValidationOnProperties...
Testing testSimpleRemovingVerticesEdges...
Testing testRemovingEdges...
	titangraph[cassandra:null]: 100 vertices added in 619.0176589998882ms
	titangraph[cassandra:null]: 200 edges added in 5196.708070999943ms
	titangraph[cassandra:null]: 200 edges deleted (with size check on each delete) in 671.6312889999244ms
Testing testRemovingVertices...
	titangraph[cassandra:null]: 500 vertices added in 649.8475999999791ms
	titangraph[cassandra:null]: 250 edges added in 6528.522342999931ms
	titangraph[cassandra:null]: 500 vertices deleted (with size check on each delete) in 1003.615456999978ms
Testing testConnectivityPatterns...
Testing testVertexEdgeLabels...
Testing testVertexEdgeLabels2...
Testing testTreeConnectivity...
	titangraph[cassandra:null]: 1464 vertices added in a tree structure in 1226.2608280000277ms
	titangraph[cassandra:null]: 1464 vertices iterated in 2.2836919999681413ms
	titangraph[cassandra:null]: 1463 edges iterated in 7.985825000097975ms
Testing testConcurrentModification...
Testing testGraphDataPersists...
	titangraph[cassandra:null]: 1 graph loaded in 19.859379000030458ms
Testing testAutotypingOfProperties...
*** TOTAL TIME [GraphTestSuite]: 46219.580043999944 ***
Testing testVertexQuery...
Testing testGraphQueryForVertices...
Testing testGraphQueryForEdges...
*** TOTAL TIME [QueryTestSuite]: 7405.608002000023 ***
Testing testNoConcurrentModificationException...
Testing testGettingVerticesAndEdgesWithKeyValue...
Testing testAutoIndexKeyManagementWithPersistence...
	titangraph[cassandra:null]: 2 automatic index keys added in 611.5602639999706ms
Testing testKeyIndicesConsistentWithElementRemoval...
*** TOTAL TIME [KeyIndexableGraphTestSuite]: 7620.84902799991 ***
Testing testCompetingThreads...
Testing testRepeatedTransactionStopException...
Testing testTrue...
Testing testAutoStartTransaction...
Testing testTransactionsForVertices...
	titangraph[cassandra:null]: 1 vertex not added in failed transaction in 3.7267519999295473ms
	titangraph[cassandra:null]: 1 vertex added in successful transaction in 4.1661420001182705ms
Testing testBasicVertexEdgeTransactions...
Testing testBruteVertexTransactions...
	titangraph[cassandra:null]: 100 vertices added in 100 successful transactions in 684.0024359999225ms
	titangraph[cassandra:null]: 100 vertices not added in 100 failed transactions in 12.090011999942362ms
	titangraph[cassandra:null]: 100 vertices added in 1 successful transactions in 37.21994199999608ms
	titangraph[cassandra:null]: 100 vertices not added in 1 failed transactions in 43.86852400004864ms
Testing testTransactionsForEdges...
	titangraph[cassandra:null]: 1 edge not added in failed transaction (w/ iteration) in 346.83860000013374ms
	titangraph[cassandra:null]: 1 edge added in successful transaction (w/ iteration) in 177.28825800004415ms
Testing testBruteEdgeTransactions...
	titangraph[cassandra:null]: 100 edges added in 100 successful transactions (2 vertices added for each edge) in 1309.9544400000013ms
	titangraph[cassandra:null]: 100 edges not added in 100 failed transactions (2 vertices added for each edge) in 40.336947000119835ms
	titangraph[cassandra:null]: 100 edges added in 1 successful transactions (2 vertices added for each edge) in 162.70556799997576ms
	titangraph[cassandra:null]: 100 edges not added in 1 failed transactions (2 vertices added for each edge) in 131.87851199996658ms
Testing testPropertyTransactions...
	titangraph[cassandra:null]: 1 vertex added with string property in a successful transaction in 1039.959165000124ms
	titangraph[cassandra:null]: 1 integer property not added in a failed transaction in 6.459976999787614ms
	titangraph[cassandra:null]: 2 vertex properties checked in a successful transaction in 1.939399000024423ms
	titangraph[cassandra:null]: 1 edge property added and checked in a successful transaction in 109.0055229999125ms
	titangraph[cassandra:null]: 1 edge property added and checked in a failed transaction in 1.6643019998446107ms
Testing testIndexTransactions...
Testing testAutomaticSuccessfulTransactionOnShutdown...
Testing testVertexCountOnPreTransactionCommit...
Testing testBulkTransactionsOnEdges...
Testing testTransactionIsolationCommitCheck...
added vertex
reading vertex before tx
read vertex before tx
Testing testRemoveInTransaction...
*** TOTAL TIME [TransactionalTitanGraphTestSuite]: 29417.04597099987 ***
Testing testVertexReattachment...
*** TOTAL TIME [TitanSpecificBlueprintsTestSuite]: 2431.1132129998878 ***
Testing testTinkerGraphEdges...
	titangraph[cassandra:null]: graph-example-1 loaded in 1130.9021930000745ms
Testing testTinkerGraphVertices...
	titangraph[cassandra:null]: graph-example-1 loaded in 1046.5112709999084ms
Testing testTinkerGraphSoftwareVertices...
	titangraph[cassandra:null]: graph-example-1 loaded in 1043.9965880000964ms
Testing testTinkerGraphVertexAndEdges...
	titangraph[cassandra:null]: graph-example-1 loaded in 1049.1555570000783ms
Testing testReadingTinkerGraphExample3...
Testing testReadingTinkerGraphExample3MappingLabels...
	titangraph[cassandra:null]: graph-example-3 loaded in 1129.2852839999832ms
Testing testReadingTinkerGraphExample3MappingIDs...
	titangraph[cassandra:null]: graph-example-3 loaded in 1060.2605250000488ms
Testing testReadingTinkerGraphExample3MappingAll...
	titangraph[cassandra:null]: graph-example-3 loaded in 1060.1167980001774ms
Testing testMigratingTinkerGraphExample3...
Testing testAllGraphMLTypeCastsAndDataMappings...
Testing testReadingTinkerGraph...
*** TOTAL TIME [GraphMLReaderTestSuite]: 19630.008797999937 ***
Testing testTinkerGraphEdges...
	titangraph[cassandra:null]: graph-example-1 loaded in 1566.2206939999014ms
Testing testTinkerGraphVertices...
	titangraph[cassandra:null]: graph-example-1 loaded in 1044.2584450000431ms
Testing testTinkerGraphSoftwareVertices...
	titangraph[cassandra:null]: graph-example-1 loaded in 1042.2348580001853ms
Testing testTinkerGraphVertexAndEdges...
	titangraph[cassandra:null]: graph-example-1 loaded in 1046.9873249998782ms
Testing testReadingTinkerGraph...
*** TOTAL TIME [GraphSONReaderTestSuite]: 7089.8747720001265 ***
Testing testTinkerGraphEdges...
	titangraph[cassandra:null]: graph-example-1 loaded in 1048.4967859999742ms
Testing testTinkerGraphVertices...
	titangraph[cassandra:null]: graph-example-1 loaded in 1037.2490720001515ms
Testing testTinkerGraphSoftwareVertices...
	titangraph[cassandra:null]: graph-example-1 loaded in 1203.380226999987ms
Testing testTinkerGraphVertexAndEdges...
	titangraph[cassandra:null]: graph-example-1 loaded in 1036.422295999946ms
Testing testReadingTinkerGraphExample3...
Testing testReadingTinkerGraphExample3MappingLabels...
	titangraph[cassandra:null]: graph-example-3 loaded in 1044.4509610000532ms
Testing testReadingTinkerGraphExample3MappingIDs...
	titangraph[cassandra:null]: graph-example-3 loaded in 1044.7169139999896ms
Testing testReadingTinkerGraphExample3MappingAll...
	titangraph[cassandra:null]: graph-example-3 loaded in 1044.629310999997ms
Testing testMigratingTinkerGraphExample3...
Testing testReadingTinkerGraph...
*** TOTAL TIME [GMLReaderTestSuite]: 11467.571388999932 ***
Tests run: 10, Failures: 0, Errors: 0, Skipped: 0, Time elapsed: 227.496 sec
Running com.thinkaurelius.titan.diskstorage.cassandra.embedded.InternalCassandraEmbeddedLockKeyColumnValueStoreTest
Tests run: 14, Failures: 0, Errors: 0, Skipped: 0, Time elapsed: 26.018 sec
Running com.thinkaurelius.titan.diskstorage.cassandra.embedded.InternalCassandraEmbeddedMultiWriteKeyColumnValueStoreTest
Tests run: 2, Failures: 0, Errors: 0, Skipped: 0, Time elapsed: 18.418 sec
Running com.thinkaurelius.titan.diskstorage.cassandra.embedded.InternalCassandraEmbeddedKeyColumnValueTest
Loading time (ms): 481
Reading time (ms): 4456
Tests run: 18, Failures: 0, Errors: 0, Skipped: 0, Time elapsed: 34.918 sec
Running com.thinkaurelius.titan.diskstorage.cassandra.UUIDTest
Tests run: 1, Failures: 0, Errors: 0, Skipped: 0, Time elapsed: 0.723 sec
Running com.thinkaurelius.titan.diskstorage.cassandra.thrift.InternalCassandraThriftMultiWriteKeyColumnValueStoreTest
Tests run: 2, Failures: 0, Errors: 0, Skipped: 0, Time elapsed: 34.12 sec
Running com.thinkaurelius.titan.diskstorage.cassandra.thrift.InternalCassandraThriftKeyColumnValueTest
Loading time (ms): 991
Reading time (ms): 9633
Tests run: 18, Failures: 0, Errors: 0, Skipped: 0, Time elapsed: 74.14 sec

Results :

Tests run: 175, Failures: 0, Errors: 0, Skipped: 0

[INFO]                                                                         
[INFO] ------------------------------------------------------------------------
[INFO] Building Titan-HBase: Distributed Graph Database 0.2.1-SNAPSHOT
[INFO] ------------------------------------------------------------------------
[INFO] 
[INFO] --- maven-enforcer-plugin:1.0:enforce (enforce-maven) @ titan-hbase ---
[INFO] 
[INFO] --- maven-resources-plugin:2.3:resources (default-resources) @ titan-hbase ---
[INFO] Using 'UTF-8' encoding to copy filtered resources.
[INFO] Copying 2 resources
[INFO] 
[INFO] --- maven-compiler-plugin:2.5.1:compile (default-compile) @ titan-hbase ---
[INFO] Nothing to compile - all classes are up to date
[INFO] 
[INFO] --- maven-resources-plugin:2.3:testResources (default-testResources) @ titan-hbase ---
[INFO] Using 'UTF-8' encoding to copy filtered resources.
[INFO] Copying 2 resources
[INFO] 
[INFO] --- maven-compiler-plugin:2.5.1:testCompile (default-testCompile) @ titan-hbase ---
[INFO] Nothing to compile - all classes are up to date
[INFO] 
[INFO] --- maven-dependency-plugin:2.7:copy-dependencies (default) @ titan-hbase ---
[INFO] grizzly-http-2.2.16.jar already exists in destination.
[INFO] guava-12.0.jar already exists in destination.
[INFO] oro-2.0.8.jar already exists in destination.
[INFO] pfl-tf-1.0.0-b001.jar already exists in destination.
[INFO] stax-api-1.0.1.jar already exists in destination.
[INFO] commons-net-1.4.1.jar already exists in destination.
[INFO] json-simple-1.1.jar already exists in destination.
[INFO] metrics-core-2.1.2.jar already exists in destination.
[INFO] pfl-basic-tools-1.0.0-b001.jar already exists in destination.
[INFO] concurrent-1.3.4.jar already exists in destination.
[INFO] pipes-2.3.0.jar already exists in destination.
[INFO] httpcore-4.1.3.jar already exists in destination.
[INFO] hadoop-core-1.0.3.jar already exists in destination.
[INFO] gremlin-groovy-2.3.0.jar already exists in destination.
[INFO] groovy-1.8.9.jar already exists in destination.
[INFO] jline-0.9.94.jar already exists in destination.
[INFO] minlog-1.2.jar already exists in destination.
[INFO] commons-beanutils-1.7.0.jar already exists in destination.
[INFO] jackson-datatype-json-org-2.1.2.jar already exists in destination.
[INFO] classes already exists in destination.
[INFO] commons-httpclient-3.1.jar already exists in destination.
[INFO] javax.servlet-api-3.0.1.jar already exists in destination.
[INFO] asm-commons-3.2.jar already exists in destination.
[INFO] colt-1.2.0.jar already exists in destination.
[INFO] commons-cli-1.2.jar already exists in destination.
[INFO] jersey-client-1.17.jar already exists in destination.
[INFO] jersey-servlet-1.17.jar already exists in destination.
[INFO] jasper-compiler-5.5.23.jar already exists in destination.
[INFO] jackson-annotations-2.1.1.jar already exists in destination.
[INFO] log4j-1.2.16.jar already exists in destination.
[INFO] jamon-runtime-2.3.1.jar already exists in destination.
[INFO] rexster-protocol-2.3.0.jar already exists in destination.
[INFO] jackson-xc-1.8.8.jar already exists in destination.
[INFO] kfs-0.3.jar already exists in destination.
[INFO] jackson-core-asl-1.8.8.jar already exists in destination.
[INFO] libthrift-0.8.0.jar already exists in destination.
[INFO] grizzly-http-servlet-2.2.16.jar already exists in destination.
[INFO] asm-3.2.jar already exists in destination.
[INFO] commons-math-2.2.jar already exists in destination.
[INFO] jaxb-api-2.1.jar already exists in destination.
[INFO] jettison-1.3.3.jar already exists in destination.
[INFO] slf4j-api-1.6.1.jar already exists in destination.
[INFO] grizzly-framework-2.2.16.jar already exists in destination.
[INFO] jersey-core-1.8.jar already exists in destination.
[INFO] jaxb-impl-2.2.3-1.jar already exists in destination.
[INFO] commons-el-1.0.jar already exists in destination.
[INFO] kryo-1.04.jar already exists in destination.
[INFO] asm-analysis-3.2.jar already exists in destination.
[INFO] gremlin-java-2.3.0.jar already exists in destination.
[INFO] mockito-all-1.8.1.jar already exists in destination.
[INFO] core-3.1.1.jar already exists in destination.
[INFO] jackson-databind-2.1.2.jar already exists in destination.
[INFO] asm-tree-3.2.jar already exists in destination.
[INFO] hbase-0.94.1.jar already exists in destination.
[INFO] commons-logging-1.1.1.jar already exists in destination.
[INFO] httpclient-4.1.2.jar already exists in destination.
[INFO] commons-codec-1.7.jar already exists in destination.
[INFO] protobuf-java-2.4.0a.jar already exists in destination.
[INFO] jersey-grizzly2-1.17.jar already exists in destination.
[INFO] jsp-2.1-6.1.14.jar already exists in destination.
[INFO] grizzly-portunif-2.2.16.jar already exists in destination.
[INFO] gmbal-3.2.0-b003.jar already exists in destination.
[INFO] jackson-mapper-asl-1.8.8.jar already exists in destination.
[INFO] jetty-util-6.1.26.jar already exists in destination.
[INFO] jersey-server-1.8.jar already exists in destination.
[INFO] commons-digester-1.8.jar already exists in destination.
[INFO] activation-1.1.jar already exists in destination.
[INFO] commons-lang-2.5.jar already exists in destination.
[INFO] classes already exists in destination.
[INFO] xmlenc-0.52.jar already exists in destination.
[INFO] jets3t-0.7.1.jar already exists in destination.
[INFO] commons-beanutils-core-1.8.0.jar already exists in destination.
[INFO] antlr-2.7.7.jar already exists in destination.
[INFO] grizzly-rcm-2.2.16.jar already exists in destination.
[INFO] asm-util-3.2.jar already exists in destination.
[INFO] pfl-tf-tools-1.0.0-b001.jar already exists in destination.
[INFO] rexster-server-2.3.0.jar already exists in destination.
[INFO] blueprints-test-2.3.0.jar already exists in destination.
[INFO] hsqldb-1.8.0.10.jar already exists in destination.
[INFO] grizzly-core-2.2.16.jar already exists in destination.
[INFO] grizzly-http-server-2.2.16.jar already exists in destination.
[INFO] jsr305-1.3.9.jar already exists in destination.
[INFO] junit-4.8.1.jar already exists in destination.
[INFO] jackson-core-2.1.2.jar already exists in destination.
[INFO] servlet-api-2.5-6.1.14.jar already exists in destination.
[INFO] rexster-core-2.3.0.jar already exists in destination.
[INFO] blueprints-core-2.3.0.jar already exists in destination.
[INFO] jsp-api-2.1-6.1.14.jar already exists in destination.
[INFO] netty-3.2.4.Final.jar already exists in destination.
[INFO] jansi-1.5.jar already exists in destination.
[INFO] zookeeper-3.4.3.jar already exists in destination.
[INFO] commons-collections-3.2.1.jar already exists in destination.
[INFO] json-20090211.jar already exists in destination.
[INFO] commons-io-2.0.1.jar already exists in destination.
[INFO] commons-configuration-1.6.jar already exists in destination.
[INFO] management-api-3.0.0-b012.jar already exists in destination.
[INFO] slf4j-log4j12-1.6.1.jar already exists in destination.
[INFO] msgpack-0.6.5.jar already exists in destination.
[INFO] jersey-json-1.8.jar already exists in destination.
[INFO] jasper-runtime-5.5.23.jar already exists in destination.
[INFO] jackson-jaxrs-1.8.8.jar already exists in destination.
[INFO] avro-ipc-1.5.3.jar already exists in destination.
[INFO] reflectasm-1.01.jar already exists in destination.
[INFO] javassist-3.15.0-GA.jar already exists in destination.
[INFO] pfl-basic-1.0.0-b001.jar already exists in destination.
[INFO] jetty-6.1.26.jar already exists in destination.
[INFO] pfl-asm-1.0.0-b001.jar already exists in destination.
[INFO] high-scale-lib-1.1.1.jar already exists in destination.
[INFO] velocity-1.7.jar already exists in destination.
[INFO] 
[INFO] --- maven-surefire-plugin:2.12.1:test (default-test) @ titan-hbase ---
[INFO] Surefire report directory: /home/travis/build/thinkaurelius/titan/titan-hbase/target/surefire-reports

-------------------------------------------------------
 T E S T S
-------------------------------------------------------
Running com.thinkaurelius.titan.diskstorage.hbase.HBaseMultiWriteKeyColumnValueStoreTest
Tests run: 2, Failures: 0, Errors: 0, Skipped: 0, Time elapsed: 86.185 sec
Running com.thinkaurelius.titan.graphdb.hbase.HBaseGraphTest
java.util.GregorianCalendar[time=278380800000,areFieldsSet=true,areAllFieldsSet=true,lenient=true,zone=sun.util.calendar.ZoneInfo[id="Etc/UTC",offset=0,dstSavings=0,useDaylight=false,transitions=0,lastRule=null],firstDayOfWeek=1,minimalDaysInFirstWeek=1,ERA=1,YEAR=1978,MONTH=9,WEEK_OF_YEAR=43,WEEK_OF_MONTH=4,DAY_OF_MONTH=28,DAY_OF_YEAR=301,DAY_OF_WEEK=7,DAY_OF_WEEK_IN_MONTH=4,AM_PM=0,HOUR=0,HOUR_OF_DAY=0,MINUTE=0,SECOND=0,MILLISECOND=0,ZONE_OFFSET=0,DST_OFFSET=0]
java.util.GregorianCalendar[time=278380800000,areFieldsSet=true,areAllFieldsSet=true,lenient=true,zone=sun.util.calendar.ZoneInfo[id="Etc/UTC",offset=0,dstSavings=0,useDaylight=false,transitions=0,lastRule=null],firstDayOfWeek=1,minimalDaysInFirstWeek=1,ERA=1,YEAR=1978,MONTH=9,WEEK_OF_YEAR=43,WEEK_OF_MONTH=4,DAY_OF_MONTH=28,DAY_OF_YEAR=301,DAY_OF_WEEK=7,DAY_OF_WEEK_IN_MONTH=4,AM_PM=0,HOUR=0,HOUR_OF_DAY=0,MINUTE=0,SECOND=0,MILLISECOND=0,ZONE_OFFSET=0,DST_OFFSET=0]
Tests run: 17, Failures: 0, Errors: 0, Skipped: 0, Time elapsed: 83.691 sec
Running com.thinkaurelius.titan.diskstorage.hbase.HBaseLockKeyColumnValueStoreTest
Tests run: 14, Failures: 0, Errors: 0, Skipped: 0, Time elapsed: 47.547 sec
Running com.thinkaurelius.titan.blueprints.HBaseBlueprintsTest
Testing testVertexEquality...
	titangraph[hbase:null]: 1 vertex added and retrieved in 615.9109809999354ms
Testing testGetVertexWithNull...
Testing testEmptyKeyProperty...
Testing testVertexCentricLinking...
Testing testVertexCentricRemoving...
Testing testConcurrentModificationOnProperties...
Testing testSettingBadVertexProperties...
Testing testVertexEqualityForSuppliedIdsAndHashCode...
Testing testBasicAddVertex...
Testing testRemoveVertex...
Testing testRemoveVertexWithEdges...
Testing testGetNonExistantVertices...
Testing testRemoveVertexNullId...
	titangraph[hbase:null]: 100 vertices added in 4.99261900014244ms
	titangraph[hbase:null]: 100 vertices removed in 5.28899100003764ms
Testing testVertexIterator...
	titangraph[hbase:null]: 1000 vertices added in 658.0866159999277ms
	titangraph[hbase:null]: 1000 vertices counted in 49.07513300003484ms
Testing testLegalVertexEdgeIterables...
Testing testAddVertexProperties...
Testing testAddManyVertexProperties...
	titangraph[hbase:null]: 750 vertex properties added (with vertices being added too) in 21849.63121000002ms
Testing testRemoveVertexProperties...
Testing testAddingIdProperty...
Testing testNoConcurrentModificationException...
Testing testGettingEdgesAndVertices...
*** TOTAL TIME [VertexTestSuite]: 53752.35006600013 ***
Testing testEmptyKeyProperty...
Testing testSettingBadVertexProperties...
Testing testEdgeIterator...
Testing testAddingRemovingEdgeProperties...
Testing testAddingLabelAndIdProperty...
Testing testEdgeCentricRemoving...
Testing testEdgeEquality...
Testing testAddEdges...
	titangraph[hbase:null]: 6 elements added and checked in 919.1218350001145ms
Testing testAddManyEdges...
	titangraph[hbase:null]: 300 elements added in 3411.02177799982ms
	titangraph[hbase:null]: 100 edges counted in 59.96332799992524ms
	titangraph[hbase:null]: 200 vertices counted in 68.85247899987735ms
	titangraph[hbase:null]: 200 vertices checked in 81.13804199988954ms
Testing testGetEdges...
	titangraph[hbase:null]: 3 edges retrieved in 0.3902010000310838ms
Testing testGetNonExistantEdges...
Testing testRemoveManyEdges...
	titangraph[hbase:null]: 20 vertices counted in 62.10771800018847ms
	titangraph[hbase:null]: 10 edges counted in 62.64587700017728ms
	titangraph[hbase:null]: 10 edges removed and graph checked in 1309.8742019999772ms
Testing testAddingDuplicateEdges...
Testing testRemoveEdgesByRemovingVertex...
Testing testRemoveEdges...
Testing testAddingSelfLoops...
Testing testRemoveSelfLoops...
Testing testNoConcurrentModificationException...
*** TOTAL TIME [EdgeTestSuite]: 37926.542031000135 ***
Testing testRemovingVertices...
	titangraph[hbase:null]: 500 vertices added in 620.7896340000443ms
	titangraph[hbase:null]: 250 edges added in 6443.8074509999715ms
	titangraph[hbase:null]: 500 vertices deleted (with size check on each delete) in 50318.52572100004ms
Testing testConnectivityPatterns...
Testing testVertexEdgeLabels...
Testing testVertexEdgeLabels2...
Testing testTreeConnectivity...
	titangraph[hbase:null]: 1464 vertices added in a tree structure in 1057.0481940000318ms
	titangraph[hbase:null]: 1464 vertices iterated in 66.20849199988879ms
	titangraph[hbase:null]: 1463 edges iterated in 91.6333169999998ms
Testing testConcurrentModification...
Testing testGraphDataPersists...
	titangraph[hbase:null]: 1 graph loaded in 69.61726700002328ms
Testing testAutotypingOfProperties...
Testing testFeatureCompliance...
supportsDuplicateEdges: true
supportsSelfLoops: true
supportsSerializableObjectProperty: true
supportsBooleanProperty: true
supportsDoubleProperty: true
supportsFloatProperty: true
supportsIntegerProperty: true
supportsPrimitiveArrayProperty: true
supportsUniformListProperty: true
supportsMixedListProperty: true
supportsLongProperty: true
supportsMapProperty: true
supportsStringProperty: true
ignoresSuppliedIds: true
isPersistent: true
isRDFModel: false
isWrapper: false
supportsIndices: false
supportsVertexIndex: false
supportsEdgeIndex: false
supportsKeyIndices: true
supportsVertexKeyIndex: true
supportsEdgeKeyIndex: false
supportsEdgeIteration: true
supportsVertexIteration: true
supportsEdgeRetrieval: true
supportsVertexProperties: true
supportsEdgeProperties: true
supportsTransactions: true
supportsThreadedTransactions: true
Testing testEmptyOnConstruction...
Testing testStringRepresentationOfVertexId...
Testing testSemanticallyCorrectIterables...
Testing testGettingVerticesAndEdgesWithKeyValue...
Testing testAddingVerticesAndEdges...
Testing testSettingProperties...
Testing testDataTypeValidationOnProperties...
Testing testSimpleRemovingVerticesEdges...
Testing testRemovingEdges...
	titangraph[hbase:null]: 100 vertices added in 611.9942210000008ms
	titangraph[hbase:null]: 200 edges added in 5211.348154000007ms
	titangraph[hbase:null]: 200 edges deleted (with size check on each delete) in 32244.161536999978ms
*** TOTAL TIME [GraphTestSuite]: 129007.10887800017 ***
Testing testVertexQuery...
Testing testGraphQueryForVertices...
Testing testGraphQueryForEdges...
*** TOTAL TIME [QueryTestSuite]: 7870.476329999976 ***
Testing testAutoIndexKeyManagementWithPersistence...
	titangraph[hbase:null]: 2 automatic index keys added in 617.1254539999645ms
Testing testKeyIndicesConsistentWithElementRemoval...
Testing testGettingVerticesAndEdgesWithKeyValue...
Testing testNoConcurrentModificationException...
*** TOTAL TIME [KeyIndexableGraphTestSuite]: 6294.148062999826 ***
Testing testCompetingThreads...
Testing testRepeatedTransactionStopException...
Testing testTrue...
Testing testAutoStartTransaction...
Testing testTransactionsForVertices...
	titangraph[hbase:null]: 1 vertex not added in failed transaction in 176.62130300002173ms
	titangraph[hbase:null]: 1 vertex added in successful transaction in 84.50436999998055ms
Testing testBasicVertexEdgeTransactions...
Testing testBruteVertexTransactions...
	titangraph[hbase:null]: 100 vertices added in 100 successful transactions in 847.4659440000542ms
	titangraph[hbase:null]: 100 vertices not added in 100 failed transactions in 12.67975699994713ms
	titangraph[hbase:null]: 100 vertices added in 1 successful transactions in 135.1934880001936ms
	titangraph[hbase:null]: 100 vertices not added in 1 failed transactions in 155.32597399991937ms
Testing testTransactionsForEdges...
	titangraph[hbase:null]: 1 edge not added in failed transaction (w/ iteration) in 506.2968969999347ms
	titangraph[hbase:null]: 1 edge added in successful transaction (w/ iteration) in 279.62662800005637ms
Testing testBruteEdgeTransactions...
	titangraph[hbase:null]: 100 edges added in 100 successful transactions (2 vertices added for each edge) in 1269.8672619999852ms
	titangraph[hbase:null]: 100 edges not added in 100 failed transactions (2 vertices added for each edge) in 27.41838499996811ms
	titangraph[hbase:null]: 100 edges added in 1 successful transactions (2 vertices added for each edge) in 298.488201999804ms
	titangraph[hbase:null]: 100 edges not added in 1 failed transactions (2 vertices added for each edge) in 362.143306999933ms
Testing testPropertyTransactions...
	titangraph[hbase:null]: 1 vertex added with string property in a successful transaction in 1022.245539000025ms
	titangraph[hbase:null]: 1 integer property not added in a failed transaction in 3.1662379999179393ms
	titangraph[hbase:null]: 2 vertex properties checked in a successful transaction in 2.670248999958858ms
	titangraph[hbase:null]: 1 edge property added and checked in a successful transaction in 108.77692200010642ms
	titangraph[hbase:null]: 1 edge property added and checked in a failed transaction in 1.5013669999316335ms
Testing testIndexTransactions...
Testing testAutomaticSuccessfulTransactionOnShutdown...
Testing testVertexCountOnPreTransactionCommit...
Testing testBulkTransactionsOnEdges...
Testing testTransactionIsolationCommitCheck...
added vertex
reading vertex before tx
read vertex before tx
Testing testRemoveInTransaction...
*** TOTAL TIME [TransactionalTitanGraphTestSuite]: 33968.550526000094 ***
Testing testVertexReattachment...
*** TOTAL TIME [TitanSpecificBlueprintsTestSuite]: 2727.753813000163 ***
Testing testTinkerGraphEdges...
	titangraph[hbase:null]: graph-example-1 loaded in 1210.4731350000948ms
Testing testTinkerGraphVertices...
	titangraph[hbase:null]: graph-example-1 loaded in 1051.4673810000531ms
Testing testTinkerGraphSoftwareVertices...
	titangraph[hbase:null]: graph-example-1 loaded in 1054.5351889999583ms
Testing testTinkerGraphVertexAndEdges...
	titangraph[hbase:null]: graph-example-1 loaded in 2126.0317939999513ms
Testing testReadingTinkerGraphExample3...
Testing testReadingTinkerGraphExample3MappingLabels...
	titangraph[hbase:null]: graph-example-3 loaded in 1051.7318740000483ms
Testing testReadingTinkerGraphExample3MappingIDs...
	titangraph[hbase:null]: graph-example-3 loaded in 1053.8249069999438ms
Testing testReadingTinkerGraphExample3MappingAll...
	titangraph[hbase:null]: graph-example-3 loaded in 1054.919014000101ms
Testing testMigratingTinkerGraphExample3...
Testing testAllGraphMLTypeCastsAndDataMappings...
Testing testReadingTinkerGraph...
*** TOTAL TIME [GraphMLReaderTestSuite]: 17772.201532999985 ***
Testing testTinkerGraphEdges...
	titangraph[hbase:null]: graph-example-1 loaded in 1293.9684360001702ms
Testing testTinkerGraphVertices...
	titangraph[hbase:null]: graph-example-1 loaded in 1055.1954540000297ms
Testing testTinkerGraphSoftwareVertices...
	titangraph[hbase:null]: graph-example-1 loaded in 1052.1761080001015ms
Testing testTinkerGraphVertexAndEdges...
	titangraph[hbase:null]: graph-example-1 loaded in 1048.1665779999457ms
Testing testReadingTinkerGraph...
*** TOTAL TIME [GraphSONReaderTestSuite]: 9452.516258999938 ***
Testing testTinkerGraphEdges...
	titangraph[hbase:null]: graph-example-1 loaded in 1140.8208439999726ms
Testing testTinkerGraphVertices...
	titangraph[hbase:null]: graph-example-1 loaded in 1050.3228880001698ms
Testing testTinkerGraphSoftwareVertices...
	titangraph[hbase:null]: graph-example-1 loaded in 1051.1786069998052ms
Testing testTinkerGraphVertexAndEdges...
	titangraph[hbase:null]: graph-example-1 loaded in 1095.637119999854ms
Testing testReadingTinkerGraphExample3...
Testing testReadingTinkerGraphExample3MappingLabels...
	titangraph[hbase:null]: graph-example-3 loaded in 1066.374552999856ms
Testing testReadingTinkerGraphExample3MappingIDs...
	titangraph[hbase:null]: graph-example-3 loaded in 1055.0478360000998ms
Testing testReadingTinkerGraphExample3MappingAll...
	titangraph[hbase:null]: graph-example-3 loaded in 1053.9760460001417ms
Testing testMigratingTinkerGraphExample3...
Testing testReadingTinkerGraph...
*** TOTAL TIME [GMLReaderTestSuite]: 18831.12351200008 ***
Tests run: 10, Failures: 0, Errors: 0, Skipped: 0, Time elapsed: 317.63 sec
Running com.thinkaurelius.titan.diskstorage.hbase.HBaseKeyColumnValueTest
Loading time (ms): 1189
Reading time (ms): 3282
Tests run: 17, Failures: 0, Errors: 0, Skipped: 0, Time elapsed: 96.224 sec
All done. Shutting done HBase.

Results :

Tests run: 60, Failures: 0, Errors: 0, Skipped: 0

[INFO]                                                                         
[INFO] ------------------------------------------------------------------------
[INFO] Building Titan-All: Complete Titan Distribution 0.2.1-SNAPSHOT
[INFO] ------------------------------------------------------------------------
[INFO] 
[INFO] --- maven-enforcer-plugin:1.0:enforce (enforce-maven) @ titan-all ---
[INFO] 
[INFO] --- maven-resources-plugin:2.3:resources (default-resources) @ titan-all ---
[INFO] Using 'UTF-8' encoding to copy filtered resources.
[INFO] Copying 1 resource
[INFO] 
[INFO] --- maven-compiler-plugin:2.5.1:compile (default-compile) @ titan-all ---
[INFO] No sources to compile
[INFO] 
[INFO] --- maven-resources-plugin:2.3:testResources (default-testResources) @ titan-all ---
[INFO] Using 'UTF-8' encoding to copy filtered resources.
[INFO] skip non existing resourceDirectory /home/travis/build/thinkaurelius/titan/titan-all/src/test/resources
[INFO] 
[INFO] --- maven-compiler-plugin:2.5.1:testCompile (default-testCompile) @ titan-all ---
[INFO] No sources to compile
[INFO] 
[INFO] --- maven-surefire-plugin:2.11:test (default-test) @ titan-all ---
[INFO] No tests to run.
[INFO] Surefire report directory: /home/travis/build/thinkaurelius/titan/titan-all/target/surefire-reports

-------------------------------------------------------
 T E S T S
-------------------------------------------------------

Results :

Tests run: 0, Failures: 0, Errors: 0, Skipped: 0

[INFO] ------------------------------------------------------------------------
[INFO] Reactor Summary:
[INFO] 
[INFO] Titan: Distributed Graph Database ................. SUCCESS [1.371s]
[INFO] Titan-Core: Core Library for Titan ................ SUCCESS [4.000s]
[INFO] Titan-Test: Test Suite for Titan .................. SUCCESS [16.813s]
[INFO] Titan-BerkeleyJE: Distributed Graph Database ...... SUCCESS [1:04.114s]
[INFO] Titan-Cassandra: Distributed Graph Database ....... SUCCESS [15:16.224s]
[INFO] Titan-HBase: Distributed Graph Database ........... SUCCESS [10:39.116s]
[INFO] Titan-All: Complete Titan Distribution ............ SUCCESS [0.700s]
[INFO] ------------------------------------------------------------------------
[INFO] BUILD SUCCESS
[INFO] ------------------------------------------------------------------------
[INFO] Total time: 27:22.957s
[INFO] Finished at: Thu Mar 21 20:28:27 UTC 2013
[INFO] Final Memory: 16M/110M
[INFO] ------------------------------------------------------------------------

The command "mvn test" exited with 0.

Done. Your build exited with 0.
