Using worker: bluebox-linux-2.worker.travis-ci.org:travis-linux-4

travis_fold:start:git.1$ git clone --depth=50 --branch=master git://github.com/thinkaurelius/titan.git thinkaurelius/titan
Cloning into 'thinkaurelius/titan'...
remote: Counting objects: 1909, done.[K
remote: Compressing objects:   0% (1/935)   [Kremote: Compressing objects:   1% (10/935)   [Kremote: Compressing objects:   2% (19/935)   [Kremote: Compressing objects:   3% (29/935)   [Kremote: Compressing objects:   4% (38/935)   [Kremote: Compressing objects:   5% (47/935)   [Kremote: Compressing objects:   6% (57/935)   [Kremote: Compressing objects:   7% (66/935)   [Kremote: Compressing objects:   8% (75/935)   [Kremote: Compressing objects:   9% (85/935)   [Kremote: Compressing objects:  10% (94/935)   [Kremote: Compressing objects:  11% (103/935)   [Kremote: Compressing objects:  12% (113/935)   [Kremote: Compressing objects:  13% (122/935)   [Kremote: Compressing objects:  14% (131/935)   [Kremote: Compressing objects:  15% (141/935)   [Kremote: Compressing objects:  16% (150/935)   [Kremote: Compressing objects:  17% (159/935)   [Kremote: Compressing objects:  18% (169/935)   [Kremote: Compressing objects:  19% (178/935)   [Kremote: Compressing objects:  20% (187/935)   [Kremote: Compressing objects:  21% (197/935)   [Kremote: Compressing objects:  22% (206/935)   [Kremote: Compressing objects:  23% (216/935)   [Kremote: Compressing objects:  24% (225/935)   [Kremote: Compressing objects:  25% (234/935)   [Kremote: Compressing objects:  26% (244/935)   [Kremote: Compressing objects:  27% (253/935)   [Kremote: Compressing objects:  28% (262/935)   [Kremote: Compressing objects:  29% (272/935)   [Kremote: Compressing objects:  30% (281/935)   [Kremote: Compressing objects:  31% (290/935)   [Kremote: Compressing objects:  32% (300/935)   [Kremote: Compressing objects:  33% (309/935)   [Kremote: Compressing objects:  34% (318/935)   [Kremote: Compressing objects:  35% (328/935)   [Kremote: Compressing objects:  36% (337/935)   [Kremote: Compressing objects:  37% (346/935)   [Kremote: Compressing objects:  38% (356/935)   [Kremote: Compressing objects:  39% (365/935)   [Kremote: Compressing objects:  40% (374/935)   [Kremote: Compressing objects:  41% (384/935)   [Kremote: Compressing objects:  42% (393/935)   [Kremote: Compressing objects:  43% (403/935)   [Kremote: Compressing objects:  44% (412/935)   [Kremote: Compressing objects:  45% (421/935)   [Kremote: Compressing objects:  46% (431/935)   [Kremote: Compressing objects:  47% (440/935)   [Kremote: Compressing objects:  48% (449/935)   [Kremote: Compressing objects:  49% (459/935)   [Kremote: Compressing objects:  50% (468/935)   [Kremote: Compressing objects:  51% (477/935)   [Kremote: Compressing objects:  52% (487/935)   [Kremote: Compressing objects:  53% (496/935)   [Kremote: Compressing objects:  54% (505/935)   [Kremote: Compressing objects:  55% (515/935)   [Kremote: Compressing objects:  56% (524/935)   [Kremote: Compressing objects:  57% (533/935)   [Kremote: Compressing objects:  58% (543/935)   [Kremote: Compressing objects:  59% (552/935)   [Kremote: Compressing objects:  60% (561/935)   [Kremote: Compressing objects:  61% (571/935)   [Kremote: Compressing objects:  62% (580/935)   [Kremote: Compressing objects:  63% (590/935)   [Kremote: Compressing objects:  64% (599/935)   [Kremote: Compressing objects:  65% (608/935)   [Kremote: Compressing objects:  66% (618/935)   [Kremote: Compressing objects:  67% (627/935)   [Kremote: Compressing objects:  68% (636/935)   [Kremote: Compressing objects:  69% (646/935)   [Kremote: Compressing objects:  70% (655/935)   [Kremote: Compressing objects:  71% (664/935)   [Kremote: Compressing objects:  72% (674/935)   [Kremote: Compressing objects:  73% (683/935)   [Kremote: Compressing objects:  74% (692/935)   [Kremote: Compressing objects:  75% (702/935)   [Kremote: Compressing objects:  76% (711/935)   [Kremote: Compressing objects:  77% (720/935)   [Kremote: Compressing objects:  78% (730/935)   [Kremote: Compressing objects:  79% (739/935)   [Kremote: Compressing objects:  80% (748/935)   [Kremote: Compressing objects:  81% (758/935)   [Kremote: Compressing objects:  82% (767/935)   [Kremote: Compressing objects:  83% (777/935)   [Kremote: Compressing objects:  84% (786/935)   [Kremote: Compressing objects:  85% (795/935)   [Kremote: Compressing objects:  86% (805/935)   [Kremote: Compressing objects:  87% (814/935)   [Kremote: Compressing objects:  88% (823/935)   [Kremote: Compressing objects:  89% (833/935)   [Kremote: Compressing objects:  90% (842/935)   [Kremote: Compressing objects:  91% (851/935)   [Kremote: Compressing objects:  92% (861/935)   [Kremote: Compressing objects:  93% (870/935)   [Kremote: Compressing objects:  94% (879/935)   [Kremote: Compressing objects:  95% (889/935)   [Kremote: Compressing objects:  96% (898/935)   [Kremote: Compressing objects:  97% (907/935)   [Kremote: Compressing objects:  98% (917/935)   [Kremote: Compressing objects:  99% (926/935)   [Kremote: Compressing objects: 100% (935/935)   [Kremote: Compressing objects: 100% (935/935), done.[K
Receiving objects:   0% (1/1909)   Receiving objects:   1% (20/1909)   Receiving objects:   2% (39/1909)   Receiving objects:   3% (58/1909)   Receiving objects:   4% (77/1909)   Receiving objects:   5% (96/1909)   Receiving objects:   6% (115/1909)   Receiving objects:   7% (134/1909)   Receiving objects:   8% (153/1909)   Receiving objects:   9% (172/1909)   Receiving objects:  10% (191/1909)   Receiving objects:  11% (210/1909), 1.78 MiB | 3.53 MiB/s   Receiving objects:  12% (230/1909), 1.78 MiB | 3.53 MiB/s   Receiving objects:  13% (249/1909), 1.78 MiB | 3.53 MiB/s   Receiving objects:  14% (268/1909), 1.78 MiB | 3.53 MiB/s   Receiving objects:  15% (287/1909), 1.78 MiB | 3.53 MiB/s   Receiving objects:  16% (306/1909), 1.78 MiB | 3.53 MiB/s   Receiving objects:  17% (325/1909), 1.78 MiB | 3.53 MiB/s   Receiving objects:  18% (344/1909), 1.78 MiB | 3.53 MiB/s   Receiving objects:  19% (363/1909), 1.78 MiB | 3.53 MiB/s   Receiving objects:  20% (382/1909), 1.78 MiB | 3.53 MiB/s   Receiving objects:  21% (401/1909), 1.78 MiB | 3.53 MiB/s   Receiving objects:  22% (420/1909), 1.78 MiB | 3.53 MiB/s   Receiving objects:  23% (440/1909), 1.78 MiB | 3.53 MiB/s   Receiving objects:  24% (459/1909), 1.78 MiB | 3.53 MiB/s   Receiving objects:  25% (478/1909), 1.78 MiB | 3.53 MiB/s   Receiving objects:  26% (497/1909), 1.78 MiB | 3.53 MiB/s   Receiving objects:  27% (516/1909), 1.78 MiB | 3.53 MiB/s   Receiving objects:  28% (535/1909), 1.78 MiB | 3.53 MiB/s   Receiving objects:  29% (554/1909), 1.78 MiB | 3.53 MiB/s   Receiving objects:  30% (573/1909), 1.78 MiB | 3.53 MiB/s   Receiving objects:  31% (592/1909), 1.78 MiB | 3.53 MiB/s   Receiving objects:  32% (611/1909), 1.78 MiB | 3.53 MiB/s   Receiving objects:  33% (630/1909), 1.78 MiB | 3.53 MiB/s   Receiving objects:  34% (650/1909), 1.78 MiB | 3.53 MiB/s   Receiving objects:  35% (669/1909), 1.78 MiB | 3.53 MiB/s   Receiving objects:  36% (688/1909), 1.78 MiB | 3.53 MiB/s   Receiving objects:  37% (707/1909), 1.78 MiB | 3.53 MiB/s   Receiving objects:  38% (726/1909), 1.78 MiB | 3.53 MiB/s   Receiving objects:  39% (745/1909), 1.78 MiB | 3.53 MiB/s   Receiving objects:  40% (764/1909), 1.78 MiB | 3.53 MiB/s   Receiving objects:  41% (783/1909), 1.78 MiB | 3.53 MiB/s   Receiving objects:  42% (802/1909), 1.78 MiB | 3.53 MiB/s   Receiving objects:  43% (821/1909), 1.78 MiB | 3.53 MiB/s   Receiving objects:  44% (840/1909), 1.78 MiB | 3.53 MiB/s   Receiving objects:  45% (860/1909), 1.78 MiB | 3.53 MiB/s   Receiving objects:  46% (879/1909), 1.78 MiB | 3.53 MiB/s   Receiving objects:  47% (898/1909), 1.78 MiB | 3.53 MiB/s   Receiving objects:  48% (917/1909), 1.78 MiB | 3.53 MiB/s   Receiving objects:  49% (936/1909), 1.78 MiB | 3.53 MiB/s   Receiving objects:  50% (955/1909), 1.78 MiB | 3.53 MiB/s   Receiving objects:  51% (974/1909), 1.78 MiB | 3.53 MiB/s   Receiving objects:  52% (993/1909), 1.78 MiB | 3.53 MiB/s   Receiving objects:  53% (1012/1909), 1.78 MiB | 3.53 MiB/s   Receiving objects:  54% (1031/1909), 1.78 MiB | 3.53 MiB/s   Receiving objects:  55% (1050/1909), 1.78 MiB | 3.53 MiB/s   Receiving objects:  56% (1070/1909), 1.78 MiB | 3.53 MiB/s   Receiving objects:  57% (1089/1909), 1.78 MiB | 3.53 MiB/s   Receiving objects:  58% (1108/1909), 1.78 MiB | 3.53 MiB/s   Receiving objects:  59% (1127/1909), 1.78 MiB | 3.53 MiB/s   Receiving objects:  60% (1146/1909), 1.78 MiB | 3.53 MiB/s   Receiving objects:  61% (1165/1909), 1.78 MiB | 3.53 MiB/s   Receiving objects:  62% (1184/1909), 1.78 MiB | 3.53 MiB/s   Receiving objects:  63% (1203/1909), 1.78 MiB | 3.53 MiB/s   Receiving objects:  64% (1222/1909), 1.78 MiB | 3.53 MiB/s   Receiving objects:  65% (1241/1909), 1.78 MiB | 3.53 MiB/s   Receiving objects:  66% (1260/1909), 1.78 MiB | 3.53 MiB/s   Receiving objects:  67% (1280/1909), 1.78 MiB | 3.53 MiB/s   Receiving objects:  68% (1299/1909), 1.78 MiB | 3.53 MiB/s   remote: Total 1909 (delta 682), reused 1707 (delta 607)[K
Receiving objects:  69% (1318/1909), 1.78 MiB | 3.53 MiB/s   Receiving objects:  70% (1337/1909), 1.78 MiB | 3.53 MiB/s   Receiving objects:  71% (1356/1909), 1.78 MiB | 3.53 MiB/s   Receiving objects:  72% (1375/1909), 1.78 MiB | 3.53 MiB/s   Receiving objects:  73% (1394/1909), 1.78 MiB | 3.53 MiB/s   Receiving objects:  74% (1413/1909), 1.78 MiB | 3.53 MiB/s   Receiving objects:  75% (1432/1909), 1.78 MiB | 3.53 MiB/s   Receiving objects:  76% (1451/1909), 1.78 MiB | 3.53 MiB/s   Receiving objects:  77% (1470/1909), 1.78 MiB | 3.53 MiB/s   Receiving objects:  78% (1490/1909), 1.78 MiB | 3.53 MiB/s   Receiving objects:  79% (1509/1909), 1.78 MiB | 3.53 MiB/s   Receiving objects:  80% (1528/1909), 1.78 MiB | 3.53 MiB/s   Receiving objects:  81% (1547/1909), 1.78 MiB | 3.53 MiB/s   Receiving objects:  82% (1566/1909), 1.78 MiB | 3.53 MiB/s   Receiving objects:  83% (1585/1909), 1.78 MiB | 3.53 MiB/s   Receiving objects:  84% (1604/1909), 1.78 MiB | 3.53 MiB/s   Receiving objects:  85% (1623/1909), 1.78 MiB | 3.53 MiB/s   Receiving objects:  86% (1642/1909), 1.78 MiB | 3.53 MiB/s   Receiving objects:  87% (1661/1909), 1.78 MiB | 3.53 MiB/s   Receiving objects:  88% (1680/1909), 1.78 MiB | 3.53 MiB/s   Receiving objects:  89% (1700/1909), 1.78 MiB | 3.53 MiB/s   Receiving objects:  90% (1719/1909), 1.78 MiB | 3.53 MiB/s   Receiving objects:  91% (1738/1909), 1.78 MiB | 3.53 MiB/s   Receiving objects:  92% (1757/1909), 1.78 MiB | 3.53 MiB/s   Receiving objects:  93% (1776/1909), 1.78 MiB | 3.53 MiB/s   Receiving objects:  94% (1795/1909), 1.78 MiB | 3.53 MiB/s   Receiving objects:  95% (1814/1909), 1.78 MiB | 3.53 MiB/s   Receiving objects:  96% (1833/1909), 1.78 MiB | 3.53 MiB/s   Receiving objects:  97% (1852/1909), 1.78 MiB | 3.53 MiB/s   Receiving objects:  98% (1871/1909), 1.78 MiB | 3.53 MiB/s   Receiving objects:  99% (1890/1909), 1.78 MiB | 3.53 MiB/s   Receiving objects: 100% (1909/1909), 1.78 MiB | 3.53 MiB/s   Receiving objects: 100% (1909/1909), 2.91 MiB | 3.53 MiB/s, done.
Resolving deltas:   0% (0/682)   Resolving deltas:   5% (40/682)   Resolving deltas:   6% (41/682)   Resolving deltas:   7% (48/682)   Resolving deltas:   8% (55/682)   Resolving deltas:   9% (65/682)   Resolving deltas:  10% (69/682)   Resolving deltas:  11% (79/682)   Resolving deltas:  13% (89/682)   Resolving deltas:  14% (96/682)   Resolving deltas:  15% (105/682)   Resolving deltas:  17% (116/682)   Resolving deltas:  18% (126/682)   Resolving deltas:  19% (133/682)   Resolving deltas:  20% (137/682)   Resolving deltas:  21% (147/682)   Resolving deltas:  25% (171/682)   Resolving deltas:  28% (193/682)   Resolving deltas:  29% (204/682)   Resolving deltas:  31% (215/682)   Resolving deltas:  32% (225/682)   Resolving deltas:  33% (226/682)   Resolving deltas:  34% (232/682)   Resolving deltas:  35% (240/682)   Resolving deltas:  36% (247/682)   Resolving deltas:  37% (254/682)   Resolving deltas:  39% (269/682)   Resolving deltas:  40% (275/682)   Resolving deltas:  41% (280/682)   Resolving deltas:  42% (288/682)   Resolving deltas:  43% (294/682)   Resolving deltas:  44% (304/682)   Resolving deltas:  45% (309/682)   Resolving deltas:  46% (318/682)   Resolving deltas:  47% (322/682)   Resolving deltas:  48% (330/682)   Resolving deltas:  50% (344/682)   Resolving deltas:  51% (349/682)   Resolving deltas:  52% (358/682)   Resolving deltas:  53% (364/682)   Resolving deltas:  55% (380/682)   Resolving deltas:  57% (390/682)   Resolving deltas:  58% (397/682)   Resolving deltas:  59% (403/682)   Resolving deltas:  60% (410/682)   Resolving deltas:  61% (419/682)   Resolving deltas:  62% (425/682)   Resolving deltas:  63% (433/682)   Resolving deltas:  64% (440/682)   Resolving deltas:  65% (444/682)   Resolving deltas:  66% (451/682)   Resolving deltas:  67% (458/682)   Resolving deltas:  68% (467/682)   Resolving deltas:  69% (474/682)   Resolving deltas:  70% (482/682)   Resolving deltas:  71% (485/682)   Resolving deltas:  72% (493/682)   Resolving deltas:  73% (502/682)   Resolving deltas:  74% (508/682)   Resolving deltas:  75% (512/682)   Resolving deltas:  76% (520/682)   Resolving deltas:  77% (527/682)   Resolving deltas:  78% (536/682)   Resolving deltas:  79% (539/682)   Resolving deltas:  80% (546/682)   Resolving deltas:  81% (559/682)   Resolving deltas:  82% (561/682)   Resolving deltas:  83% (567/682)   Resolving deltas:  84% (574/682)   Resolving deltas:  85% (583/682)   Resolving deltas:  86% (587/682)   Resolving deltas:  87% (594/682)   Resolving deltas:  88% (602/682)   Resolving deltas:  90% (618/682)   Resolving deltas:  91% (621/682)   Resolving deltas:  92% (631/682)   Resolving deltas:  93% (636/682)   Resolving deltas:  94% (646/682)   Resolving deltas:  95% (649/682)   Resolving deltas:  97% (664/682)   Resolving deltas:  98% (672/682)   Resolving deltas:  99% (676/682)   Resolving deltas: 100% (682/682)   Resolving deltas: 100% (682/682), done.
travis_fold:end:git.1$ cd thinkaurelius/titan
travis_fold:start:git.2$ git checkout -qf a18c3d7297c81147d0fdf619ba0d4a85fc408726
travis_fold:end:git.2$ jdk_switcher use oraclejdk7
Switching to Oracle JDK7 (java-7-oracle), JAVA_HOME will be set to /usr/lib/jvm/java-7-oracle
update-alternatives: error: no alternatives for apt.
update-alternatives: error: no alternatives for mozilla-javaplugin.so.
update-alternatives: error: no alternatives for apt.
$ java -version
java version "1.7.0_17"
Java(TM) SE Runtime Environment (build 1.7.0_17-b02)
Java HotSpot(TM) 64-Bit Server VM (build 23.7-b01, mixed mode)
$ javac -version
javac 1.7.0_17
travis_fold:start:install$ mvn install --quiet -DskipTests=true
[debug] execute contextualize
[debug] execute contextualize
[debug] execute contextualize
travis_fold:end:install$ mvn test
[INFO] Scanning for projects...
[INFO] ------------------------------------------------------------------------
[INFO] Reactor Build Order:
[INFO] 
[INFO] Titan: Distributed Graph Database
[INFO] Titan-Core: Core Library for Titan
[INFO] Titan-Test: Test Suite for Titan
[INFO] Titan-BerkeleyJE: Distributed Graph Database
[INFO] Titan-Cassandra: Distributed Graph Database
[INFO] Titan-HBase: Distributed Graph Database
[INFO] Titan-All: Complete Titan Distribution
[INFO]                                                                         
[INFO] ------------------------------------------------------------------------
[INFO] Building Titan: Distributed Graph Database 0.2.1
[INFO] ------------------------------------------------------------------------
[INFO] 
[INFO] --- maven-enforcer-plugin:1.0:enforce (enforce-maven) @ titan ---
[INFO]                                                                         
[INFO] ------------------------------------------------------------------------
[INFO] Building Titan-Core: Core Library for Titan 0.2.1
[INFO] ------------------------------------------------------------------------
[INFO] 
[INFO] --- maven-enforcer-plugin:1.0:enforce (enforce-maven) @ titan-core ---
[INFO] 
[INFO] --- maven-resources-plugin:2.3:resources (default-resources) @ titan-core ---
[INFO] Using 'UTF-8' encoding to copy filtered resources.
[INFO] skip non existing resourceDirectory /home/travis/build/thinkaurelius/titan/titan-core/src/main/resources
[INFO] 
[INFO] --- maven-compiler-plugin:2.5.1:compile (default-compile) @ titan-core ---
[INFO] Nothing to compile - all classes are up to date
[INFO] 
[INFO] --- maven-resources-plugin:2.3:testResources (default-testResources) @ titan-core ---
[INFO] Using 'UTF-8' encoding to copy filtered resources.
[INFO] skip non existing resourceDirectory /home/travis/build/thinkaurelius/titan/titan-core/src/test/resources
[INFO] 
[INFO] --- maven-compiler-plugin:2.5.1:testCompile (default-testCompile) @ titan-core ---
[INFO] No sources to compile
[INFO] 
[INFO] --- maven-surefire-plugin:2.11:test (default-test) @ titan-core ---
[INFO] No tests to run.
[INFO] Surefire report directory: /home/travis/build/thinkaurelius/titan/titan-core/target/surefire-reports
Downloading: http://maven.mirrors.travis-ci.org/nexus/content/repositories/central/org/apache/maven/surefire/surefire-junit3/2.11/surefire-junit3-2.11.pom
2/2 KB            Downloaded: http://maven.mirrors.travis-ci.org/nexus/content/repositories/central/org/apache/maven/surefire/surefire-junit3/2.11/surefire-junit3-2.11.pom (2 KB at 1.8 KB/sec)
Downloading: http://maven.mirrors.travis-ci.org/nexus/content/repositories/central/org/apache/maven/surefire/surefire-providers/2.11/surefire-providers-2.11.pom
3/3 KB            Downloaded: http://maven.mirrors.travis-ci.org/nexus/content/repositories/central/org/apache/maven/surefire/surefire-providers/2.11/surefire-providers-2.11.pom (3 KB at 7.3 KB/sec)
Downloading: http://maven.mirrors.travis-ci.org/nexus/content/repositories/central/org/apache/maven/surefire/surefire-junit3/2.11/surefire-junit3-2.11.jar
4/26 KB   8/26 KB   9/26 KB   11/26 KB   15/26 KB   19/26 KB   23/26 KB   26/26 KB              Downloaded: http://maven.mirrors.travis-ci.org/nexus/content/repositories/central/org/apache/maven/surefire/surefire-junit3/2.11/surefire-junit3-2.11.jar (26 KB at 45.2 KB/sec)

-------------------------------------------------------
 T E S T S
-------------------------------------------------------

Results :

Tests run: 0, Failures: 0, Errors: 0, Skipped: 0

[INFO]                                                                         
[INFO] ------------------------------------------------------------------------
[INFO] Building Titan-Test: Test Suite for Titan 0.2.1
[INFO] ------------------------------------------------------------------------
[INFO] 
[INFO] --- maven-enforcer-plugin:1.0:enforce (enforce-maven) @ titan-test ---
[INFO] 
[INFO] --- maven-resources-plugin:2.3:resources (default-resources) @ titan-test ---
[INFO] Using 'UTF-8' encoding to copy filtered resources.
[INFO] skip non existing resourceDirectory /home/travis/build/thinkaurelius/titan/titan-test/src/main/resources
[INFO] 
[INFO] --- maven-compiler-plugin:2.5.1:compile (default-compile) @ titan-test ---
[INFO] Nothing to compile - all classes are up to date
[INFO] 
[INFO] --- maven-resources-plugin:2.3:testResources (default-testResources) @ titan-test ---
[INFO] Using 'UTF-8' encoding to copy filtered resources.
[INFO] Copying 2 resources
[INFO] 
[INFO] --- maven-compiler-plugin:2.5.1:testCompile (default-testCompile) @ titan-test ---
[INFO] Nothing to compile - all classes are up to date
[INFO] 
[INFO] --- maven-surefire-plugin:2.11:test (default-test) @ titan-test ---
[INFO] Surefire report directory: /home/travis/build/thinkaurelius/titan/titan-test/target/surefire-reports
Downloading: http://maven.mirrors.travis-ci.org/nexus/content/repositories/central/org/apache/maven/surefire/surefire-junit4/2.11/surefire-junit4-2.11.pom
3/3 KB              Downloaded: http://maven.mirrors.travis-ci.org/nexus/content/repositories/central/org/apache/maven/surefire/surefire-junit4/2.11/surefire-junit4-2.11.pom (3 KB at 7.9 KB/sec)
Downloading: http://maven.mirrors.travis-ci.org/nexus/content/repositories/central/org/apache/maven/surefire/surefire-junit4/2.11/surefire-junit4-2.11.jar
4/33 KB   8/33 KB   9/33 KB   10/33 KB   14/33 KB   18/33 KB   22/33 KB   23/33 KB   24/33 KB   28/33 KB   32/33 KB   33/33 KB              Downloaded: http://maven.mirrors.travis-ci.org/nexus/content/repositories/central/org/apache/maven/surefire/surefire-junit4/2.11/surefire-junit4-2.11.jar (33 KB at 64.8 KB/sec)

-------------------------------------------------------
 T E S T S
-------------------------------------------------------
Running com.thinkaurelius.titan.graphdb.idmanagement.VariableLongTest
Writing 10000000 longs in 65567319 bytes. in time: 2507
Writing 1000000 longs in 2983488 bytes. in time: 138
Tests run: 5, Failures: 0, Errors: 0, Skipped: 0, Time elapsed: 3.697 sec
Running com.thinkaurelius.titan.diskstorage.locking.LocalLockMediatorTest
Tests run: 1, Failures: 0, Errors: 0, Skipped: 0, Time elapsed: 0.926 sec
Running com.thinkaurelius.titan.tinkerpop.rexster.TitanGraphConfigurationTest
Tests run: 1, Failures: 0, Errors: 0, Skipped: 0, Time elapsed: 0.568 sec
Running com.thinkaurelius.titan.tinkerpop.gremlin.ScriptExecutorTest
Tests run: 1, Failures: 0, Errors: 0, Skipped: 0, Time elapsed: 0.006 sec
Running com.thinkaurelius.titan.graphdb.idmanagement.VertexIDAssignerTest
Partition: false
partitionMax: 2147483647
localPartition: null
Partition: true
partitionMax: 2147483647
localPartition: null
Partition: true
partitionMax: 2147483647
localPartition: [0, 2000]
Partition: true
partitionMax: 2147483647
localPartition: [-100000, -1]
Partition: true
partitionMax: 2147483647
localPartition: [-10000, 10000]
Partition: true
partitionMax: 100
localPartition: null
Partition: true
partitionMax: 100
localPartition: [0, 2000]
Partition: true
partitionMax: 100
localPartition: [-100000, -1]
Partition: true
partitionMax: 100
localPartition: [-10000, 10000]
Tests run: 9, Failures: 0, Errors: 0, Skipped: 0, Time elapsed: 6.185 sec
Running com.thinkaurelius.titan.diskstorage.util.StorageFeaturesTest
Tests run: 1, Failures: 0, Errors: 0, Skipped: 0, Time elapsed: 0.001 sec
Running com.thinkaurelius.titan.graphdb.idmanagement.IDManagementTest
Tests run: 3, Failures: 0, Errors: 0, Skipped: 0, Time elapsed: 1.449 sec
Running com.thinkaurelius.titan.graphdb.serializer.ByteBufferTest
Tests run: 3, Failures: 0, Errors: 0, Skipped: 0, Time elapsed: 0.256 sec
Running com.thinkaurelius.titan.graphdb.loading.EdgeLoadingTest
Tests run: 1, Failures: 0, Errors: 0, Skipped: 0, Time elapsed: 0.004 sec
Running com.thinkaurelius.titan.blueprints.InMemoryBlueprintsTest
Testing testVertexEqualityForSuppliedIdsAndHashCode...
Testing testGetVertexWithNull...
Testing testRemoveVertexWithEdges...
Testing testGetNonExistantVertices...
Testing testRemoveVertexNullId...
	titaninmemoryblueprintsgraph[null]: 100 vertices added in 3.5360700000310317ms
	titaninmemoryblueprintsgraph[null]: 100 vertices removed in 6.198649999918416ms
Testing testVertexIterator...
	titaninmemoryblueprintsgraph[null]: 1000 vertices added in 26.551439000060782ms
	titaninmemoryblueprintsgraph[null]: 1000 vertices counted in 6.223615000024438ms
Testing testLegalVertexEdgeIterables...
Testing testAddVertexProperties...
Testing testAddManyVertexProperties...
	titaninmemoryblueprintsgraph[null]: 750 vertex properties added (with vertices being added too) in 368.4856869999785ms
Testing testRemoveVertexProperties...
Testing testAddingIdProperty...
Testing testNoConcurrentModificationException...
Testing testGettingEdgesAndVertices...
Testing testEmptyKeyProperty...
Testing testVertexCentricLinking...
Testing testVertexCentricRemoving...
Testing testConcurrentModificationOnProperties...
Testing testSettingBadVertexProperties...
Testing testBasicAddVertex...
Testing testRemoveVertex...
Testing testVertexEquality...
	titaninmemoryblueprintsgraph[null]: 1 vertex added and retrieved in 0.07298799999989569ms
*** TOTAL TIME [VertexTestSuite]: 528.1188279999187 ***
Testing testEdgeEquality...
Testing testAddEdges...
	titaninmemoryblueprintsgraph[null]: 6 elements added and checked in 2.547247999929823ms
Testing testNoConcurrentModificationException...
Testing testEmptyKeyProperty...
Testing testSettingBadVertexProperties...
Testing testAddManyEdges...
	titaninmemoryblueprintsgraph[null]: 300 elements added in 74.71424200001638ms
	titaninmemoryblueprintsgraph[null]: 100 edges counted in 5.7546739999670535ms
	titaninmemoryblueprintsgraph[null]: 200 vertices counted in 1.2664410000434145ms
	titaninmemoryblueprintsgraph[null]: 200 vertices checked in 16.97152899997309ms
Testing testRemoveManyEdges...
	titaninmemoryblueprintsgraph[null]: 20 vertices counted in 0.1516960000153631ms
	titaninmemoryblueprintsgraph[null]: 10 edges counted in 0.6089860000647604ms
	titaninmemoryblueprintsgraph[null]: 10 edges removed and graph checked in 17.644677000003867ms
Testing testAddingDuplicateEdges...
Testing testRemoveEdgesByRemovingVertex...
Testing testRemoveEdges...
Testing testAddingSelfLoops...
Testing testRemoveSelfLoops...
Testing testEdgeIterator...
Testing testAddingRemovingEdgeProperties...
Testing testAddingLabelAndIdProperty...
Testing testEdgeCentricRemoving...
*** TOTAL TIME [EdgeTestSuite]: 164.0221260000253 ***
Testing testGettingVerticesAndEdgesWithKeyValue...
Testing testVertexEdgeLabels...
Testing testVertexEdgeLabels2...
Testing testTreeConnectivity...
	titaninmemoryblueprintsgraph[null]: 1464 vertices added in a tree structure in 204.20210599992424ms
	titaninmemoryblueprintsgraph[null]: 1464 vertices iterated in 7.143134000012651ms
	titaninmemoryblueprintsgraph[null]: 1463 edges iterated in 26.061159000033513ms
Testing testConcurrentModification...
Testing testGraphDataPersists...
Testing testAutotypingOfProperties...
Testing testEmptyOnConstruction...
Testing testStringRepresentation...
	titaninmemoryblueprintsgraph[null]: 1 graph string representation generated in 0.08865300007164478ms
Testing testStringRepresentationOfVertexId...
Testing testSemanticallyCorrectIterables...
Testing testAddingVerticesAndEdges...
Testing testSettingProperties...
Testing testDataTypeValidationOnProperties...
Testing testSimpleRemovingVerticesEdges...
Testing testRemovingEdges...
	titaninmemoryblueprintsgraph[null]: 100 vertices added in 1.53414000000339ms
	titaninmemoryblueprintsgraph[null]: 200 edges added in 31.29198500001803ms
	titaninmemoryblueprintsgraph[null]: 200 edges deleted (with size check on each delete) in 121.742573000025ms
Testing testRemovingVertices...
	titaninmemoryblueprintsgraph[null]: 500 vertices added in 4.719458999927156ms
	titaninmemoryblueprintsgraph[null]: 250 edges added in 32.64658500009682ms
	titaninmemoryblueprintsgraph[null]: 500 vertices deleted (with size check on each delete) in 90.33988200000022ms
Testing testConnectivityPatterns...
Testing testFeatureCompliance...
supportsDuplicateEdges: true
supportsSelfLoops: true
supportsSerializableObjectProperty: true
supportsBooleanProperty: true
supportsDoubleProperty: true
supportsFloatProperty: true
supportsIntegerProperty: true
supportsPrimitiveArrayProperty: true
supportsUniformListProperty: true
supportsMixedListProperty: true
supportsLongProperty: true
supportsMapProperty: true
supportsStringProperty: true
ignoresSuppliedIds: true
isPersistent: false
isRDFModel: false
isWrapper: false
supportsIndices: false
supportsVertexIndex: false
supportsEdgeIndex: false
supportsKeyIndices: true
supportsVertexKeyIndex: true
supportsEdgeKeyIndex: false
supportsEdgeIteration: true
supportsVertexIteration: true
supportsEdgeRetrieval: true
supportsVertexProperties: true
supportsEdgeProperties: true
supportsTransactions: false
supportsThreadedTransactions: false
*** TOTAL TIME [GraphTestSuite]: 564.1585189999314 ***
Testing testVertexQuery...
Testing testGraphQueryForVertices...
Testing testGraphQueryForEdges...
*** TOTAL TIME [QueryTestSuite]: 34.56133299996145 ***
Testing testNoConcurrentModificationException...
Testing testAutoIndexKeyDroppingWithPersistence...
	titaninmemoryblueprintsgraph[null]: 2 automatic index keys added in 0.9054059999762103ms
Testing testKeyIndicesConsistentWithElementRemoval...
Testing testAutoIndexKeyManagementWithPersistence...
	titaninmemoryblueprintsgraph[null]: 2 automatic index keys added in 0.18645199993625283ms
*** TOTAL TIME [KeyIndexableGraphTestSuite]: 3.740096000023186 ***
Testing testReadingTinkerGraphExample3...
Testing testReadingTinkerGraphExample3MappingLabels...
	titaninmemoryblueprintsgraph[null]: graph-example-3 loaded in 28.358347999979742ms
Testing testReadingTinkerGraphExample3MappingIDs...
	titaninmemoryblueprintsgraph[null]: graph-example-3 loaded in 11.256862999987788ms
Testing testReadingTinkerGraphExample3MappingAll...
	titaninmemoryblueprintsgraph[null]: graph-example-3 loaded in 10.608926000073552ms
Testing testMigratingTinkerGraphExample3...
Testing testAllGraphMLTypeCastsAndDataMappings...
Testing testReadingTinkerGraph...
Testing testTinkerGraphEdges...
	titaninmemoryblueprintsgraph[null]: graph-example-1 loaded in 9.352321999962442ms
Testing testTinkerGraphVertices...
	titaninmemoryblueprintsgraph[null]: graph-example-1 loaded in 9.020025999983773ms
Testing testTinkerGraphSoftwareVertices...
	titaninmemoryblueprintsgraph[null]: graph-example-1 loaded in 9.11002899997402ms
Testing testTinkerGraphVertexAndEdges...
	titaninmemoryblueprintsgraph[null]: graph-example-1 loaded in 9.16264700004831ms
*** TOTAL TIME [GraphMLReaderTestSuite]: 95.12842200009618 ***
Testing testReadingTinkerGraphExample3...
Testing testReadingTinkerGraphExample3MappingLabels...
	titaninmemoryblueprintsgraph[null]: graph-example-3 loaded in 8.621233000070788ms
Testing testReadingTinkerGraphExample3MappingIDs...
	titaninmemoryblueprintsgraph[null]: graph-example-3 loaded in 5.229056000011042ms
Testing testReadingTinkerGraphExample3MappingAll...
	titaninmemoryblueprintsgraph[null]: graph-example-3 loaded in 4.782678000046872ms
Testing testMigratingTinkerGraphExample3...
Testing testReadingTinkerGraph...
Testing testTinkerGraphEdges...
	titaninmemoryblueprintsgraph[null]: graph-example-1 loaded in 4.459239999996498ms
Testing testTinkerGraphVertices...
	titaninmemoryblueprintsgraph[null]: graph-example-1 loaded in 4.155488999909721ms
Testing testTinkerGraphSoftwareVertices...
	titaninmemoryblueprintsgraph[null]: graph-example-1 loaded in 4.2844310000073165ms
Testing testTinkerGraphVertexAndEdges...
	titaninmemoryblueprintsgraph[null]: graph-example-1 loaded in 4.30973300000187ms
*** TOTAL TIME [GMLReaderTestSuite]: 43.692058999906294 ***
Tests run: 7, Failures: 0, Errors: 0, Skipped: 0, Time elapsed: 1.446 sec
Running com.thinkaurelius.titan.util.datastructures.BitMapTest
Tests run: 1, Failures: 0, Errors: 0, Skipped: 0, Time elapsed: 0.001 sec
Running com.thinkaurelius.titan.graphdb.serializer.KryoTest
Tests run: 4, Failures: 0, Errors: 0, Skipped: 0, Time elapsed: 0.011 sec
Running com.thinkaurelius.titan.graphdb.serializer.SerializerTest
Tests run: 8, Failures: 0, Errors: 0, Skipped: 0, Time elapsed: 1.391 sec
Running com.thinkaurelius.titan.util.datastructures.RandomRemovalListTest
Tests run: 3, Failures: 0, Errors: 0, Skipped: 0, Time elapsed: 2.432 sec
Running com.thinkaurelius.titan.graphdb.idmanagement.IDPoolTest
Tests run: 3, Failures: 0, Errors: 0, Skipped: 0, Time elapsed: 1.102 sec

Results :

Tests run: 51, Failures: 0, Errors: 0, Skipped: 0

[INFO]                                                                         
[INFO] ------------------------------------------------------------------------
[INFO] Building Titan-BerkeleyJE: Distributed Graph Database 0.2.1
[INFO] ------------------------------------------------------------------------
[INFO] 
[INFO] --- maven-enforcer-plugin:1.0:enforce (enforce-maven) @ titan-berkeleyje ---
[INFO] 
[INFO] --- maven-resources-plugin:2.3:resources (default-resources) @ titan-berkeleyje ---
[INFO] Using 'UTF-8' encoding to copy filtered resources.
[INFO] Copying 2 resources
[INFO] 
[INFO] --- maven-compiler-plugin:2.5.1:compile (default-compile) @ titan-berkeleyje ---
[INFO] Nothing to compile - all classes are up to date
[INFO] 
[INFO] --- maven-resources-plugin:2.3:testResources (default-testResources) @ titan-berkeleyje ---
[INFO] Using 'UTF-8' encoding to copy filtered resources.
[INFO] Copying 2 resources
[INFO] 
[INFO] --- maven-compiler-plugin:2.5.1:testCompile (default-testCompile) @ titan-berkeleyje ---
[INFO] Nothing to compile - all classes are up to date
[INFO] 
[INFO] --- maven-surefire-plugin:2.12.1:test (default-test) @ titan-berkeleyje ---
[INFO] Surefire report directory: /home/travis/build/thinkaurelius/titan/titan-berkeleyje/target/surefire-reports
Downloading: http://maven.mirrors.travis-ci.org/nexus/content/repositories/central/org/apache/maven/surefire/surefire-junit4/2.12.1/surefire-junit4-2.12.1.pom
3/3 KB              Downloaded: http://maven.mirrors.travis-ci.org/nexus/content/repositories/central/org/apache/maven/surefire/surefire-junit4/2.12.1/surefire-junit4-2.12.1.pom (3 KB at 7.3 KB/sec)
Downloading: http://maven.mirrors.travis-ci.org/nexus/content/repositories/central/org/apache/maven/surefire/surefire-providers/2.12.1/surefire-providers-2.12.1.pom
3/3 KB            Downloaded: http://maven.mirrors.travis-ci.org/nexus/content/repositories/central/org/apache/maven/surefire/surefire-providers/2.12.1/surefire-providers-2.12.1.pom (3 KB at 7.5 KB/sec)
Downloading: http://maven.mirrors.travis-ci.org/nexus/content/repositories/central/org/apache/maven/surefire/surefire-junit4/2.12.1/surefire-junit4-2.12.1.jar
4/34 KB   8/34 KB   9/34 KB   13/34 KB   17/34 KB   21/34 KB   24/34 KB   28/34 KB   32/34 KB   34/34 KB              Downloaded: http://maven.mirrors.travis-ci.org/nexus/content/repositories/central/org/apache/maven/surefire/surefire-junit4/2.12.1/surefire-junit4-2.12.1.jar (34 KB at 67.0 KB/sec)

-------------------------------------------------------
 T E S T S
-------------------------------------------------------
Running com.thinkaurelius.titan.diskstorage.berkeleyje.BerkeleyDBjeKeyColumnValueTest
Loading time (ms): 2036
Reading time (ms): 440
Tests run: 17, Failures: 0, Errors: 0, Skipped: 0, Time elapsed: 20.343 sec
Running com.thinkaurelius.titan.tinkerpop.rexster.RexsterServerClientBerkeleyJeTest
Tests run: 1, Failures: 0, Errors: 0, Skipped: 0, Time elapsed: 3.621 sec
Running com.thinkaurelius.titan.blueprints.BerkeleyJEBlueprintsTest
Testing testNoConcurrentModificationException...
Testing testAddingRemovingEdgeProperties...
Testing testRemoveEdgesByRemovingVertex...
Testing testSettingBadVertexProperties...
Testing testAddingDuplicateEdges...
Testing testAddEdges...
	titangraph[berkeleyje:/tmp/titan-test/standard]: 6 elements added and checked in 10.410413000034168ms
Testing testRemoveManyEdges...
	titangraph[berkeleyje:/tmp/titan-test/standard]: 20 vertices counted in 0.5005220000166446ms
	titangraph[berkeleyje:/tmp/titan-test/standard]: 10 edges counted in 1.4276170000666752ms
	titangraph[berkeleyje:/tmp/titan-test/standard]: 10 edges removed and graph checked in 41.73384299990721ms
Testing testRemoveEdges...
Testing testRemoveSelfLoops...
Testing testEdgeIterator...
Testing testEdgeCentricRemoving...
Testing testEmptyKeyProperty...
Testing testAddingLabelAndIdProperty...
Testing testEdgeEquality...
Testing testAddManyEdges...
	titangraph[berkeleyje:/tmp/titan-test/standard]: 300 elements added in 157.75426400010474ms
	titangraph[berkeleyje:/tmp/titan-test/standard]: 100 edges counted in 11.484360000002198ms
	titangraph[berkeleyje:/tmp/titan-test/standard]: 200 vertices counted in 2.108888000017032ms
	titangraph[berkeleyje:/tmp/titan-test/standard]: 200 vertices checked in 28.757073999964632ms
Testing testGetEdges...
	titangraph[berkeleyje:/tmp/titan-test/standard]: 3 edges retrieved in 1.2520179999992251ms
Testing testAddingSelfLoops...
Testing testGetNonExistantEdges...
*** TOTAL TIME [EdgeTestSuite]: 3547.2508110000053 ***
Testing testStringRepresentationOfVertexId...
Testing testGettingVerticesAndEdgesWithKeyValue...
Testing testSettingProperties...
Testing testDataTypeValidationOnProperties...
Testing testAddingVerticesAndEdges...
Testing testEmptyOnConstruction...
Testing testRemovingVertices...
	titangraph[berkeleyje:/tmp/titan-test/standard]: 500 vertices added in 67.34313099994324ms
	titangraph[berkeleyje:/tmp/titan-test/standard]: 250 edges added in 239.1510539998999ms
	titangraph[berkeleyje:/tmp/titan-test/standard]: 500 vertices deleted (with size check on each delete) in 375.58714199997485ms
Testing testConnectivityPatterns...
Testing testFeatureCompliance...
supportsDuplicateEdges: true
supportsSelfLoops: true
supportsSerializableObjectProperty: true
supportsBooleanProperty: true
supportsDoubleProperty: true
supportsFloatProperty: true
supportsIntegerProperty: true
supportsPrimitiveArrayProperty: true
supportsUniformListProperty: true
supportsMixedListProperty: true
supportsLongProperty: true
supportsMapProperty: true
supportsStringProperty: true
ignoresSuppliedIds: true
isPersistent: true
isRDFModel: false
isWrapper: false
supportsIndices: false
supportsVertexIndex: false
supportsEdgeIndex: false
supportsKeyIndices: true
supportsVertexKeyIndex: true
supportsEdgeKeyIndex: false
supportsEdgeIteration: true
supportsVertexIteration: true
supportsEdgeRetrieval: true
supportsVertexProperties: true
supportsEdgeProperties: true
supportsTransactions: true
supportsThreadedTransactions: true
Testing testSimpleRemovingVerticesEdges...
Testing testRemovingEdges...
	titangraph[berkeleyje:/tmp/titan-test/standard]: 100 vertices added in 13.15088700002525ms
	titangraph[berkeleyje:/tmp/titan-test/standard]: 200 edges added in 152.42865200003143ms
	titangraph[berkeleyje:/tmp/titan-test/standard]: 200 edges deleted (with size check on each delete) in 77.8448259999277ms
Testing testVertexEdgeLabels...
Testing testVertexEdgeLabels2...
Testing testTreeConnectivity...
	titangraph[berkeleyje:/tmp/titan-test/standard]: 1464 vertices added in a tree structure in 439.3009799999418ms
	titangraph[berkeleyje:/tmp/titan-test/standard]: 1464 vertices iterated in 3.0287670000689104ms
	titangraph[berkeleyje:/tmp/titan-test/standard]: 1463 edges iterated in 6.929868999985047ms
Testing testConcurrentModification...
Testing testGraphDataPersists...
	titangraph[berkeleyje:/tmp/titan-test/standard]: 1 graph loaded in 17.897351999999955ms
Testing testAutotypingOfProperties...
Testing testSemanticallyCorrectIterables...
*** TOTAL TIME [GraphTestSuite]: 2841.3562600000296 ***
Testing testVertexQuery...
Testing testGraphQueryForVertices...
Testing testGraphQueryForEdges...
*** TOTAL TIME [QueryTestSuite]: 199.03330100001767 ***
Testing testNoConcurrentModificationException...
Testing testGettingVerticesAndEdgesWithKeyValue...
Testing testAutoIndexKeyManagementWithPersistence...
	titangraph[berkeleyje:/tmp/titan-test/standard]: 2 automatic index keys added in 2.196999999927357ms
Testing testKeyIndicesConsistentWithElementRemoval...
*** TOTAL TIME [KeyIndexableGraphTestSuite]: 165.72636899992358 ***
Testing testCompetingThreads...
Testing testCompetingThreadsOnMultipleDbInstances...
Testing testRemoveInTransaction...
Testing testAutomaticSuccessfulTransactionOnShutdown...
Testing testVertexCountOnPreTransactionCommit...
Testing testBulkTransactionsOnEdges...
Testing testBasicVertexEdgeTransactions...
Testing testBruteVertexTransactions...
	titangraph[berkeleyje:/tmp/titan-test/standard]: 100 vertices added in 100 successful transactions in 62.18976999993902ms
	titangraph[berkeleyje:/tmp/titan-test/standard]: 100 vertices not added in 100 failed transactions in 15.972924000001512ms
	titangraph[berkeleyje:/tmp/titan-test/standard]: 100 vertices added in 1 successful transactions in 18.292586999945343ms
	titangraph[berkeleyje:/tmp/titan-test/standard]: 100 vertices not added in 1 failed transactions in 13.553970000008121ms
Testing testTransactionIsolationCommitCheck...
added vertex
reading vertex before tx
read vertex before tx
Testing testTransactionsForEdges...
	titangraph[berkeleyje:/tmp/titan-test/standard]: 1 edge not added in failed transaction (w/ iteration) in 3.7635550000704825ms
	titangraph[berkeleyje:/tmp/titan-test/standard]: 1 edge added in successful transaction (w/ iteration) in 1.9913569999625906ms
Testing testBruteEdgeTransactions...
	titangraph[berkeleyje:/tmp/titan-test/standard]: 100 edges added in 100 successful transactions (2 vertices added for each edge) in 291.9960200000787ms
	titangraph[berkeleyje:/tmp/titan-test/standard]: 100 edges not added in 100 failed transactions (2 vertices added for each edge) in 31.955651000025682ms
	titangraph[berkeleyje:/tmp/titan-test/standard]: 100 edges added in 1 successful transactions (2 vertices added for each edge) in 71.84116399998311ms
	titangraph[berkeleyje:/tmp/titan-test/standard]: 100 edges not added in 1 failed transactions (2 vertices added for each edge) in 39.246751999948174ms
Testing testPropertyTransactions...
	titangraph[berkeleyje:/tmp/titan-test/standard]: 1 vertex added with string property in a successful transaction in 7.817637000000104ms
	titangraph[berkeleyje:/tmp/titan-test/standard]: 1 integer property not added in a failed transaction in 1.7458999999798834ms
	titangraph[berkeleyje:/tmp/titan-test/standard]: 2 vertex properties checked in a successful transaction in 0.9335100000025705ms
	titangraph[berkeleyje:/tmp/titan-test/standard]: 1 edge property added and checked in a successful transaction in 3.869122999953106ms
	titangraph[berkeleyje:/tmp/titan-test/standard]: 1 edge property added and checked in a failed transaction in 0.6133810000028461ms
Testing testIndexTransactions...
Testing testRepeatedTransactionStopException...
Testing testAutoStartTransaction...
Testing testTransactionsForVertices...
	titangraph[berkeleyje:/tmp/titan-test/standard]: 1 vertex not added in failed transaction in 0.8172039999626577ms
	titangraph[berkeleyje:/tmp/titan-test/standard]: 1 vertex added in successful transaction in 13.746638000011444ms
Testing testTrue...
*** TOTAL TIME [TransactionalTitanGraphTestSuite]: 3299.768199999933 ***
Testing testVertexReattachment...
*** TOTAL TIME [TitanSpecificBlueprintsTestSuite]: 149.87089200003538 ***
Testing testReadingTinkerGraphExample3MappingIDs...
	titangraph[berkeleyje:/tmp/titan-test/standard]: graph-example-3 loaded in 142.81587199994829ms
Testing testReadingTinkerGraphExample3MappingAll...
	titangraph[berkeleyje:/tmp/titan-test/standard]: graph-example-3 loaded in 25.117467000032775ms
Testing testMigratingTinkerGraphExample3...
Testing testTinkerGraphSoftwareVertices...
	titangraph[berkeleyje:/tmp/titan-test/standard]: graph-example-1 loaded in 44.95838600001298ms
Testing testTinkerGraphVertices...
	titangraph[berkeleyje:/tmp/titan-test/standard]: graph-example-1 loaded in 95.49298500001896ms
Testing testTinkerGraphEdges...
	titangraph[berkeleyje:/tmp/titan-test/standard]: graph-example-1 loaded in 26.807935999939218ms
Testing testReadingTinkerGraph...
Testing testTinkerGraphVertexAndEdges...
	titangraph[berkeleyje:/tmp/titan-test/standard]: graph-example-1 loaded in 101.34922999993432ms
Testing testReadingTinkerGraphExample3...
Testing testReadingTinkerGraphExample3MappingLabels...
	titangraph[berkeleyje:/tmp/titan-test/standard]: graph-example-3 loaded in 17.364617999992333ms
Testing testAllGraphMLTypeCastsAndDataMappings...
*** TOTAL TIME [GraphMLReaderTestSuite]: 1337.6821370000253 ***
Testing testTinkerGraphSoftwareVertices...
	titangraph[berkeleyje:/tmp/titan-test/standard]: graph-example-1 loaded in 280.7832509999862ms
Testing testTinkerGraphVertices...
	titangraph[berkeleyje:/tmp/titan-test/standard]: graph-example-1 loaded in 16.988165999995545ms
Testing testTinkerGraphEdges...
	titangraph[berkeleyje:/tmp/titan-test/standard]: graph-example-1 loaded in 12.431097000022419ms
Testing testReadingTinkerGraph...
Testing testTinkerGraphVertexAndEdges...
	titangraph[berkeleyje:/tmp/titan-test/standard]: graph-example-1 loaded in 13.034085000050254ms
*** TOTAL TIME [GraphSONReaderTestSuite]: 544.6299430000363 ***
Testing testReadingTinkerGraphExample3MappingIDs...
	titangraph[berkeleyje:/tmp/titan-test/standard]: graph-example-3 loaded in 15.162357999943197ms
Testing testReadingTinkerGraphExample3MappingAll...
	titangraph[berkeleyje:/tmp/titan-test/standard]: graph-example-3 loaded in 10.894115000031888ms
Testing testMigratingTinkerGraphExample3...
Testing testTinkerGraphSoftwareVertices...
	titangraph[berkeleyje:/tmp/titan-test/standard]: graph-example-1 loaded in 10.506160999997519ms
Testing testTinkerGraphVertices...
	titangraph[berkeleyje:/tmp/titan-test/standard]: graph-example-1 loaded in 12.885511999949813ms
Testing testTinkerGraphEdges...
	titangraph[berkeleyje:/tmp/titan-test/standard]: graph-example-1 loaded in 13.361156000057235ms
Testing testReadingTinkerGraph...
Testing testTinkerGraphVertexAndEdges...
	titangraph[berkeleyje:/tmp/titan-test/standard]: graph-example-1 loaded in 12.94534500001464ms
Testing testReadingTinkerGraphExample3...
Testing testReadingTinkerGraphExample3MappingLabels...
	titangraph[berkeleyje:/tmp/titan-test/standard]: graph-example-3 loaded in 25.60847300000023ms
*** TOTAL TIME [GMLReaderTestSuite]: 515.7357130000601 ***
Testing testNoConcurrentModificationException...
Testing testSettingBadVertexProperties...
Testing testConcurrentModificationOnProperties...
Testing testRemoveVertexWithEdges...
Testing testGetNonExistantVertices...
Testing testRemoveVertexNullId...
	titangraph[berkeleyje:/tmp/titan-test/standard]: 100 vertices added in 2.1658530000131577ms
	titangraph[berkeleyje:/tmp/titan-test/standard]: 100 vertices removed in 4.407860999926925ms
Testing testVertexIterator...
	titangraph[berkeleyje:/tmp/titan-test/standard]: 1000 vertices added in 22.12139300000854ms
	titangraph[berkeleyje:/tmp/titan-test/standard]: 1000 vertices counted in 0.7887930000433698ms
Testing testLegalVertexEdgeIterables...
Testing testAddVertexProperties...
Testing testEmptyKeyProperty...
Testing testVertexEquality...
	titangraph[berkeleyje:/tmp/titan-test/standard]: 1 vertex added and retrieved in 1.1238319999538362ms
Testing testVertexEqualityForSuppliedIdsAndHashCode...
Testing testAddManyVertexProperties...
	titangraph[berkeleyje:/tmp/titan-test/standard]: 750 vertex properties added (with vertices being added too) in 345.55096999998204ms
Testing testRemoveVertexProperties...
Testing testAddingIdProperty...
Testing testGettingEdgesAndVertices...
Testing testVertexCentricLinking...
Testing testVertexCentricRemoving...
Testing testBasicAddVertex...
Testing testGetVertexWithNull...
Testing testRemoveVertex...
*** TOTAL TIME [VertexTestSuite]: 2002.602094000089 ***
Tests run: 10, Failures: 0, Errors: 0, Skipped: 0, Time elapsed: 14.64 sec
Running com.thinkaurelius.titan.graphdb.berkeleyje.BerkeleyJEGraphTest
java.util.GregorianCalendar[time=278380800000,areFieldsSet=true,areAllFieldsSet=true,lenient=true,zone=sun.util.calendar.ZoneInfo[id="Etc/UTC",offset=0,dstSavings=0,useDaylight=false,transitions=0,lastRule=null],firstDayOfWeek=1,minimalDaysInFirstWeek=1,ERA=1,YEAR=1978,MONTH=9,WEEK_OF_YEAR=43,WEEK_OF_MONTH=4,DAY_OF_MONTH=28,DAY_OF_YEAR=301,DAY_OF_WEEK=7,DAY_OF_WEEK_IN_MONTH=4,AM_PM=0,HOUR=0,HOUR_OF_DAY=0,MINUTE=0,SECOND=0,MILLISECOND=0,ZONE_OFFSET=0,DST_OFFSET=0]
java.util.GregorianCalendar[time=278380800000,areFieldsSet=true,areAllFieldsSet=true,lenient=true,zone=sun.util.calendar.ZoneInfo[id="Etc/UTC",offset=0,dstSavings=0,useDaylight=false,transitions=0,lastRule=null],firstDayOfWeek=1,minimalDaysInFirstWeek=1,ERA=1,YEAR=1978,MONTH=9,WEEK_OF_YEAR=43,WEEK_OF_MONTH=4,DAY_OF_MONTH=28,DAY_OF_YEAR=301,DAY_OF_WEEK=7,DAY_OF_WEEK_IN_MONTH=4,AM_PM=0,HOUR=0,HOUR_OF_DAY=0,MINUTE=0,SECOND=0,MILLISECOND=0,ZONE_OFFSET=0,DST_OFFSET=0]
Tests run: 17, Failures: 0, Errors: 0, Skipped: 0, Time elapsed: 7.174 sec
Running com.thinkaurelius.titan.diskstorage.berkeleyje.BerkeleyDBjeKeyColumnValueVariableTest
Loading time (ms): 2241
Reading time (ms): 306
Tests run: 17, Failures: 0, Errors: 0, Skipped: 0, Time elapsed: 9.042 sec
Running com.thinkaurelius.titan.diskstorage.berkeleyje.BerkeleyJEKeyValueTest
Tests run: 7, Failures: 0, Errors: 0, Skipped: 0, Time elapsed: 0.819 sec
Running com.thinkaurelius.titan.diskstorage.berkeleyje.BerkeleyJeHashKeyColumnValueTest
Loading time (ms): 1984
Reading time (ms): 414
Tests run: 17, Failures: 0, Errors: 0, Skipped: 0, Time elapsed: 9.411 sec

Results :

Tests run: 86, Failures: 0, Errors: 0, Skipped: 0

[INFO]                                                                         
[INFO] ------------------------------------------------------------------------
[INFO] Building Titan-Cassandra: Distributed Graph Database 0.2.1
[INFO] ------------------------------------------------------------------------
[INFO] 
[INFO] --- maven-enforcer-plugin:1.0:enforce (enforce-maven) @ titan-cassandra ---
[INFO] 
[INFO] --- maven-resources-plugin:2.5:resources (default-resources) @ titan-cassandra ---
[debug] execute contextualize
[INFO] Using 'UTF-8' encoding to copy filtered resources.
[INFO] Copying 2 resources
[INFO] 
[INFO] --- maven-compiler-plugin:2.5.1:compile (default-compile) @ titan-cassandra ---
[INFO] Nothing to compile - all classes are up to date
[INFO] 
[INFO] --- maven-resources-plugin:2.5:testResources (default-testResources) @ titan-cassandra ---
[debug] execute contextualize
[INFO] Using 'UTF-8' encoding to copy filtered resources.
[INFO] Copying 2 resources
[INFO] 
[INFO] --- maven-resources-plugin:2.5:copy-resources (copy-resources-127.0.0.1) @ titan-cassandra ---
[debug] execute contextualize
[INFO] Using 'UTF-8' encoding to copy filtered resources.
[INFO] Copying 7 resources
[INFO] 
[INFO] --- maven-compiler-plugin:2.5.1:testCompile (default-testCompile) @ titan-cassandra ---
[INFO] Nothing to compile - all classes are up to date
[INFO] 
[INFO] --- maven-surefire-plugin:2.12.1:test (default-test) @ titan-cassandra ---
[INFO] Surefire report directory: /home/travis/build/thinkaurelius/titan/titan-cassandra/target/surefire-reports

-------------------------------------------------------
 T E S T S
-------------------------------------------------------

-------------------------------------------------------
 T E S T S
-------------------------------------------------------
Running com.thinkaurelius.titan.graphdb.embedded.InternalCassandraEmbeddedGraphTest
java.util.GregorianCalendar[time=278380800000,areFieldsSet=true,areAllFieldsSet=true,lenient=true,zone=sun.util.calendar.ZoneInfo[id="Etc/UTC",offset=0,dstSavings=0,useDaylight=false,transitions=0,lastRule=null],firstDayOfWeek=1,minimalDaysInFirstWeek=1,ERA=1,YEAR=1978,MONTH=9,WEEK_OF_YEAR=43,WEEK_OF_MONTH=4,DAY_OF_MONTH=28,DAY_OF_YEAR=301,DAY_OF_WEEK=7,DAY_OF_WEEK_IN_MONTH=4,AM_PM=0,HOUR=0,HOUR_OF_DAY=0,MINUTE=0,SECOND=0,MILLISECOND=0,ZONE_OFFSET=0,DST_OFFSET=0]
java.util.GregorianCalendar[time=278380800000,areFieldsSet=true,areAllFieldsSet=true,lenient=true,zone=sun.util.calendar.ZoneInfo[id="Etc/UTC",offset=0,dstSavings=0,useDaylight=false,transitions=0,lastRule=null],firstDayOfWeek=1,minimalDaysInFirstWeek=1,ERA=1,YEAR=1978,MONTH=9,WEEK_OF_YEAR=43,WEEK_OF_MONTH=4,DAY_OF_MONTH=28,DAY_OF_YEAR=301,DAY_OF_WEEK=7,DAY_OF_WEEK_IN_MONTH=4,AM_PM=0,HOUR=0,HOUR_OF_DAY=0,MINUTE=0,SECOND=0,MILLISECOND=0,ZONE_OFFSET=0,DST_OFFSET=0]
Tests run: 17, Failures: 0, Errors: 0, Skipped: 0, Time elapsed: 54.529 sec
Running com.thinkaurelius.titan.blueprints.InternalCassandraBlueprintsTest
Testing testGetVertexWithNull...
Testing testRemoveVertex...
Testing testRemoveVertexWithEdges...
Testing testGetNonExistantVertices...
Testing testRemoveVertexNullId...
	titangraph[cassandra:null]: 100 vertices added in 19.70015599997714ms
	titangraph[cassandra:null]: 100 vertices removed in 10.605929999961518ms
Testing testVertexIterator...
	titangraph[cassandra:null]: 1000 vertices added in 801.9712460000301ms
	titangraph[cassandra:null]: 1000 vertices counted in 6.945300999912433ms
Testing testLegalVertexEdgeIterables...
Testing testAddVertexProperties...
Testing testAddManyVertexProperties...
	titangraph[cassandra:null]: 750 vertex properties added (with vertices being added too) in 20009.689803999965ms
Testing testRemoveVertexProperties...
Testing testAddingIdProperty...
Testing testNoConcurrentModificationException...
Testing testGettingEdgesAndVertices...
Testing testEmptyKeyProperty...
Testing testVertexCentricLinking...
Testing testVertexCentricRemoving...
Testing testConcurrentModificationOnProperties...
Testing testSettingBadVertexProperties...
Testing testVertexEquality...
	titangraph[cassandra:null]: 1 vertex added and retrieved in 608.6974739999278ms
Testing testVertexEqualityForSuppliedIdsAndHashCode...
Testing testBasicAddVertex...
*** TOTAL TIME [VertexTestSuite]: 51921.541382999974 ***
Testing testEdgeEquality...
Testing testAddEdges...
	titangraph[cassandra:null]: 6 elements added and checked in 924.5232529999921ms
Testing testNoConcurrentModificationException...
Testing testEmptyKeyProperty...
Testing testSettingBadVertexProperties...
Testing testAddManyEdges...
	titangraph[cassandra:null]: 300 elements added in 3465.395177000086ms
	titangraph[cassandra:null]: 100 edges counted in 7.2832390000112355ms
	titangraph[cassandra:null]: 200 vertices counted in 1.829894999973476ms
	titangraph[cassandra:null]: 200 vertices checked in 17.363312999950722ms
Testing testGetEdges...
	titangraph[cassandra:null]: 3 edges retrieved in 2.130352000007406ms
Testing testGetNonExistantEdges...
Testing testRemoveManyEdges...
	titangraph[cassandra:null]: 20 vertices counted in 1.264047999982722ms
	titangraph[cassandra:null]: 10 edges counted in 1.6021739999996498ms
	titangraph[cassandra:null]: 10 edges removed and graph checked in 39.49138100002892ms
Testing testAddingDuplicateEdges...
Testing testRemoveEdgesByRemovingVertex...
Testing testRemoveEdges...
Testing testAddingSelfLoops...
Testing testRemoveSelfLoops...
Testing testEdgeIterator...
Testing testAddingRemovingEdgeProperties...
Testing testAddingLabelAndIdProperty...
Testing testEdgeCentricRemoving...
*** TOTAL TIME [EdgeTestSuite]: 31349.84718599997 ***
Testing testFeatureCompliance...
supportsDuplicateEdges: true
supportsSelfLoops: true
supportsSerializableObjectProperty: true
supportsBooleanProperty: true
supportsDoubleProperty: true
supportsFloatProperty: true
supportsIntegerProperty: true
supportsPrimitiveArrayProperty: true
supportsUniformListProperty: true
supportsMixedListProperty: true
supportsLongProperty: true
supportsMapProperty: true
supportsStringProperty: true
ignoresSuppliedIds: true
isPersistent: true
isRDFModel: false
isWrapper: false
supportsIndices: false
supportsVertexIndex: false
supportsEdgeIndex: false
supportsKeyIndices: true
supportsVertexKeyIndex: true
supportsEdgeKeyIndex: false
supportsEdgeIteration: true
supportsVertexIteration: true
supportsEdgeRetrieval: true
supportsVertexProperties: true
supportsEdgeProperties: true
supportsTransactions: true
supportsThreadedTransactions: true
Testing testEmptyOnConstruction...
Testing testStringRepresentationOfVertexId...
Testing testSemanticallyCorrectIterables...
Testing testRemovingVertices...
	titangraph[cassandra:null]: 500 vertices added in 651.1605530000525ms
	titangraph[cassandra:null]: 250 edges added in 6405.733545999974ms
	titangraph[cassandra:null]: 500 vertices deleted (with size check on each delete) in 1186.00201200007ms
Testing testConnectivityPatterns...
Testing testVertexEdgeLabels...
Testing testVertexEdgeLabels2...
Testing testTreeConnectivity...
	titangraph[cassandra:null]: 1464 vertices added in a tree structure in 1240.8440880000126ms
	titangraph[cassandra:null]: 1464 vertices iterated in 3.375958999968134ms
	titangraph[cassandra:null]: 1463 edges iterated in 7.343205000041053ms
Testing testConcurrentModification...
Testing testGraphDataPersists...
	titangraph[cassandra:null]: 1 graph loaded in 17.448154999990948ms
Testing testAutotypingOfProperties...
Testing testGettingVerticesAndEdgesWithKeyValue...
Testing testAddingVerticesAndEdges...
Testing testSettingProperties...
Testing testDataTypeValidationOnProperties...
Testing testSimpleRemovingVerticesEdges...
Testing testRemovingEdges...
	titangraph[cassandra:null]: 100 vertices added in 621.4617080000462ms
	titangraph[cassandra:null]: 200 edges added in 5190.69092600001ms
	titangraph[cassandra:null]: 200 edges deleted (with size check on each delete) in 454.3268369999714ms
*** TOTAL TIME [GraphTestSuite]: 40858.01206599991 ***
Testing testVertexQuery...
Testing testGraphQueryForVertices...
Testing testGraphQueryForEdges...
*** TOTAL TIME [QueryTestSuite]: 4802.807389999973 ***
Testing testNoConcurrentModificationException...
Testing testGettingVerticesAndEdgesWithKeyValue...
Testing testAutoIndexKeyManagementWithPersistence...
	titangraph[cassandra:null]: 2 automatic index keys added in 610.6440619999776ms
Testing testKeyIndicesConsistentWithElementRemoval...
*** TOTAL TIME [KeyIndexableGraphTestSuite]: 7375.0389519999735 ***
Testing testCompetingThreads...
Testing testRepeatedTransactionStopException...
Testing testTrue...
Testing testAutoStartTransaction...
Testing testTransactionsForVertices...
	titangraph[cassandra:null]: 1 vertex not added in failed transaction in 3.1785559999989346ms
	titangraph[cassandra:null]: 1 vertex added in successful transaction in 2.063941999920644ms
Testing testBasicVertexEdgeTransactions...
Testing testBruteVertexTransactions...
	titangraph[cassandra:null]: 100 vertices added in 100 successful transactions in 683.3517310000025ms
	titangraph[cassandra:null]: 100 vertices not added in 100 failed transactions in 15.542647000052966ms
	titangraph[cassandra:null]: 100 vertices added in 1 successful transactions in 43.24856400000863ms
	titangraph[cassandra:null]: 100 vertices not added in 1 failed transactions in 55.11289900005795ms
Testing testTransactionsForEdges...
	titangraph[cassandra:null]: 1 edge not added in failed transaction (w/ iteration) in 452.55905699997675ms
	titangraph[cassandra:null]: 1 edge added in successful transaction (w/ iteration) in 110.67674799996894ms
Testing testBruteEdgeTransactions...
	titangraph[cassandra:null]: 100 edges added in 100 successful transactions (2 vertices added for each edge) in 1128.29981700005ms
	titangraph[cassandra:null]: 100 edges not added in 100 failed transactions (2 vertices added for each edge) in 28.02155700000003ms
	titangraph[cassandra:null]: 100 edges added in 1 successful transactions (2 vertices added for each edge) in 94.76272899995092ms
	titangraph[cassandra:null]: 100 edges not added in 1 failed transactions (2 vertices added for each edge) in 142.90383899991866ms
Testing testPropertyTransactions...
	titangraph[cassandra:null]: 1 vertex added with string property in a successful transaction in 1017.3643789999187ms
	titangraph[cassandra:null]: 1 integer property not added in a failed transaction in 2.947785999975167ms
	titangraph[cassandra:null]: 2 vertex properties checked in a successful transaction in 1.544332000077702ms
	titangraph[cassandra:null]: 1 edge property added and checked in a successful transaction in 107.62830099998973ms
	titangraph[cassandra:null]: 1 edge property added and checked in a failed transaction in 1.591960999998264ms
Testing testIndexTransactions...
Testing testAutomaticSuccessfulTransactionOnShutdown...
Testing testVertexCountOnPreTransactionCommit...
Testing testBulkTransactionsOnEdges...
Testing testTransactionIsolationCommitCheck...
added vertex
reading vertex before tx
read vertex before tx
Testing testRemoveInTransaction...
*** TOTAL TIME [TransactionalTitanGraphTestSuite]: 26991.030937999953 ***
Testing testVertexReattachment...
*** TOTAL TIME [TitanSpecificBlueprintsTestSuite]: 1915.1646220000694 ***
Testing testTinkerGraphEdges...
	titangraph[cassandra:null]: graph-example-1 loaded in 1092.5025049999822ms
Testing testTinkerGraphVertices...
	titangraph[cassandra:null]: graph-example-1 loaded in 1884.6233159999829ms
Testing testTinkerGraphSoftwareVertices...
	titangraph[cassandra:null]: graph-example-1 loaded in 1047.5307190000312ms
Testing testTinkerGraphVertexAndEdges...
	titangraph[cassandra:null]: graph-example-1 loaded in 2581.9693589999806ms
Testing testReadingTinkerGraphExample3...
Testing testReadingTinkerGraphExample3MappingLabels...
	titangraph[cassandra:null]: graph-example-3 loaded in 1084.3957499999087ms
Testing testReadingTinkerGraphExample3MappingIDs...
	titangraph[cassandra:null]: graph-example-3 loaded in 1131.9945910000242ms
Testing testReadingTinkerGraphExample3MappingAll...
	titangraph[cassandra:null]: graph-example-3 loaded in 1049.7266029999591ms
Testing testMigratingTinkerGraphExample3...
Testing testAllGraphMLTypeCastsAndDataMappings...
Testing testReadingTinkerGraph...
*** TOTAL TIME [GraphMLReaderTestSuite]: 17957.873412000015 ***
Testing testTinkerGraphEdges...
	titangraph[cassandra:null]: graph-example-1 loaded in 1296.4324450000422ms
Testing testTinkerGraphVertices...
	titangraph[cassandra:null]: graph-example-1 loaded in 1043.4291490000905ms
Testing testTinkerGraphSoftwareVertices...
	titangraph[cassandra:null]: graph-example-1 loaded in 1052.205878000008ms
Testing testTinkerGraphVertexAndEdges...
	titangraph[cassandra:null]: graph-example-1 loaded in 1048.5322360000573ms
Testing testReadingTinkerGraph...
*** TOTAL TIME [GraphSONReaderTestSuite]: 8937.632011000067 ***
Testing testTinkerGraphEdges...
	titangraph[cassandra:null]: graph-example-1 loaded in 1115.9677549999906ms
Testing testTinkerGraphVertices...
	titangraph[cassandra:null]: graph-example-1 loaded in 1045.3314159999136ms
Testing testTinkerGraphSoftwareVertices...
	titangraph[cassandra:null]: graph-example-1 loaded in 1042.2811870001024ms
Testing testTinkerGraphVertexAndEdges...
	titangraph[cassandra:null]: graph-example-1 loaded in 1059.2427489999682ms
Testing testReadingTinkerGraphExample3...
Testing testReadingTinkerGraphExample3MappingLabels...
	titangraph[cassandra:null]: graph-example-3 loaded in 1049.2606829999713ms
Testing testReadingTinkerGraphExample3MappingIDs...
	titangraph[cassandra:null]: graph-example-3 loaded in 1047.371702000033ms
Testing testReadingTinkerGraphExample3MappingAll...
	titangraph[cassandra:null]: graph-example-3 loaded in 1054.2083469999488ms
Testing testMigratingTinkerGraphExample3...
Testing testReadingTinkerGraph...
*** TOTAL TIME [GMLReaderTestSuite]: 12506.158413999947 ***
Tests run: 10, Failures: 0, Errors: 0, Skipped: 0, Time elapsed: 204.734 sec
Running com.thinkaurelius.titan.diskstorage.cassandra.thrift.InternalCassandraThriftMultiWriteKeyColumnValueStoreTest
Tests run: 2, Failures: 0, Errors: 0, Skipped: 0, Time elapsed: 36.882 sec
Running com.thinkaurelius.titan.graphdb.thrift.InternalCassandraGraphTest
java.util.GregorianCalendar[time=278380800000,areFieldsSet=true,areAllFieldsSet=true,lenient=true,zone=sun.util.calendar.ZoneInfo[id="Etc/UTC",offset=0,dstSavings=0,useDaylight=false,transitions=0,lastRule=null],firstDayOfWeek=1,minimalDaysInFirstWeek=1,ERA=1,YEAR=1978,MONTH=9,WEEK_OF_YEAR=43,WEEK_OF_MONTH=4,DAY_OF_MONTH=28,DAY_OF_YEAR=301,DAY_OF_WEEK=7,DAY_OF_WEEK_IN_MONTH=4,AM_PM=0,HOUR=0,HOUR_OF_DAY=0,MINUTE=0,SECOND=0,MILLISECOND=0,ZONE_OFFSET=0,DST_OFFSET=0]
java.util.GregorianCalendar[time=278380800000,areFieldsSet=true,areAllFieldsSet=true,lenient=true,zone=sun.util.calendar.ZoneInfo[id="Etc/UTC",offset=0,dstSavings=0,useDaylight=false,transitions=0,lastRule=null],firstDayOfWeek=1,minimalDaysInFirstWeek=1,ERA=1,YEAR=1978,MONTH=9,WEEK_OF_YEAR=43,WEEK_OF_MONTH=4,DAY_OF_MONTH=28,DAY_OF_YEAR=301,DAY_OF_WEEK=7,DAY_OF_WEEK_IN_MONTH=4,AM_PM=0,HOUR=0,HOUR_OF_DAY=0,MINUTE=0,SECOND=0,MILLISECOND=0,ZONE_OFFSET=0,DST_OFFSET=0]
Tests run: 17, Failures: 0, Errors: 0, Skipped: 0, Time elapsed: 50.144 sec
Running com.thinkaurelius.titan.diskstorage.cassandra.embedded.InternalCassandraEmbeddedKeyColumnValueTest
Loading time (ms): 572
Reading time (ms): 4987
Tests run: 18, Failures: 0, Errors: 0, Skipped: 0, Time elapsed: 36.506 sec
Running com.thinkaurelius.titan.diskstorage.cassandra.astyanax.InternalAstyanaxLockKeyColumnValueStoreTest
Tests run: 14, Failures: 0, Errors: 0, Skipped: 0, Time elapsed: 28.898 sec
Running com.thinkaurelius.titan.diskstorage.cassandra.embedded.InternalCassandraEmbeddedLockKeyColumnValueStoreTest
Tests run: 14, Failures: 0, Errors: 0, Skipped: 0, Time elapsed: 32.63 sec
Running com.thinkaurelius.titan.graphdb.astyanax.InternalAstyanaxGraphTest
java.util.GregorianCalendar[time=278380800000,areFieldsSet=true,areAllFieldsSet=true,lenient=true,zone=sun.util.calendar.ZoneInfo[id="Etc/UTC",offset=0,dstSavings=0,useDaylight=false,transitions=0,lastRule=null],firstDayOfWeek=1,minimalDaysInFirstWeek=1,ERA=1,YEAR=1978,MONTH=9,WEEK_OF_YEAR=43,WEEK_OF_MONTH=4,DAY_OF_MONTH=28,DAY_OF_YEAR=301,DAY_OF_WEEK=7,DAY_OF_WEEK_IN_MONTH=4,AM_PM=0,HOUR=0,HOUR_OF_DAY=0,MINUTE=0,SECOND=0,MILLISECOND=0,ZONE_OFFSET=0,DST_OFFSET=0]
java.util.GregorianCalendar[time=278380800000,areFieldsSet=true,areAllFieldsSet=true,lenient=true,zone=sun.util.calendar.ZoneInfo[id="Etc/UTC",offset=0,dstSavings=0,useDaylight=false,transitions=0,lastRule=null],firstDayOfWeek=1,minimalDaysInFirstWeek=1,ERA=1,YEAR=1978,MONTH=9,WEEK_OF_YEAR=43,WEEK_OF_MONTH=4,DAY_OF_MONTH=28,DAY_OF_YEAR=301,DAY_OF_WEEK=7,DAY_OF_WEEK_IN_MONTH=4,AM_PM=0,HOUR=0,HOUR_OF_DAY=0,MINUTE=0,SECOND=0,MILLISECOND=0,ZONE_OFFSET=0,DST_OFFSET=0]
Tests run: 17, Failures: 0, Errors: 0, Skipped: 0, Time elapsed: 53.899 sec
Running com.thinkaurelius.titan.blueprints.EmbeddedCassandraBlueprintsTest
Testing testGetVertexWithNull...
Testing testRemoveVertex...
Testing testRemoveVertexWithEdges...
Testing testGetNonExistantVertices...
Testing testRemoveVertexNullId...
	titangraph[embeddedcassandra:null]: 100 vertices added in 18.656760999932885ms
	titangraph[embeddedcassandra:null]: 100 vertices removed in 10.406665000133216ms
Testing testVertexIterator...
	titangraph[embeddedcassandra:null]: 1000 vertices added in 763.677657000022ms
	titangraph[embeddedcassandra:null]: 1000 vertices counted in 5.63678800011985ms
Testing testLegalVertexEdgeIterables...
Testing testAddVertexProperties...
Testing testAddManyVertexProperties...
	titangraph[embeddedcassandra:null]: 750 vertex properties added (with vertices being added too) in 19872.373766999925ms
Testing testRemoveVertexProperties...
Testing testAddingIdProperty...
Testing testNoConcurrentModificationException...
Testing testGettingEdgesAndVertices...
Testing testEmptyKeyProperty...
Testing testVertexCentricLinking...
Testing testVertexCentricRemoving...
Testing testConcurrentModificationOnProperties...
Testing testSettingBadVertexProperties...
Testing testVertexEqualityForSuppliedIdsAndHashCode...
Testing testBasicAddVertex...
Testing testVertexEquality...
	titangraph[embeddedcassandra:null]: 1 vertex added and retrieved in 606.4464469999075ms
*** TOTAL TIME [VertexTestSuite]: 50909.85572099988 ***
Testing testNoConcurrentModificationException...
Testing testEmptyKeyProperty...
Testing testSettingBadVertexProperties...
Testing testAddManyEdges...
	titangraph[embeddedcassandra:null]: 300 elements added in 3346.8388190001715ms
	titangraph[embeddedcassandra:null]: 100 edges counted in 7.389566999860108ms
	titangraph[embeddedcassandra:null]: 200 vertices counted in 1.175014000153169ms
	titangraph[embeddedcassandra:null]: 200 vertices checked in 18.901453000027686ms
Testing testGetEdges...
	titangraph[embeddedcassandra:null]: 3 edges retrieved in 1.7630040000658482ms
Testing testGetNonExistantEdges...
Testing testRemoveManyEdges...
	titangraph[embeddedcassandra:null]: 20 vertices counted in 0.887140000006184ms
	titangraph[embeddedcassandra:null]: 10 edges counted in 1.4996149998623878ms
	titangraph[embeddedcassandra:null]: 10 edges removed and graph checked in 35.545045000035316ms
Testing testAddingDuplicateEdges...
Testing testRemoveEdgesByRemovingVertex...
Testing testRemoveEdges...
Testing testAddingSelfLoops...
Testing testRemoveSelfLoops...
Testing testEdgeIterator...
Testing testAddingRemovingEdgeProperties...
Testing testAddingLabelAndIdProperty...
Testing testEdgeCentricRemoving...
Testing testEdgeEquality...
Testing testAddEdges...
	titangraph[embeddedcassandra:null]: 6 elements added and checked in 912.6175140000414ms
*** TOTAL TIME [EdgeTestSuite]: 33644.507706000004 ***
Testing testFeatureCompliance...
supportsDuplicateEdges: true
supportsSelfLoops: true
supportsSerializableObjectProperty: true
supportsBooleanProperty: true
supportsDoubleProperty: true
supportsFloatProperty: true
supportsIntegerProperty: true
supportsPrimitiveArrayProperty: true
supportsUniformListProperty: true
supportsMixedListProperty: true
supportsLongProperty: true
supportsMapProperty: true
supportsStringProperty: true
ignoresSuppliedIds: true
isPersistent: true
isRDFModel: false
isWrapper: false
supportsIndices: false
supportsVertexIndex: false
supportsEdgeIndex: false
supportsKeyIndices: true
supportsVertexKeyIndex: true
supportsEdgeKeyIndex: false
supportsEdgeIteration: true
supportsVertexIteration: true
supportsEdgeRetrieval: true
supportsVertexProperties: true
supportsEdgeProperties: true
supportsTransactions: true
supportsThreadedTransactions: true
Testing testEmptyOnConstruction...
Testing testStringRepresentationOfVertexId...
Testing testSemanticallyCorrectIterables...
Testing testGettingVerticesAndEdgesWithKeyValue...
Testing testAddingVerticesAndEdges...
Testing testSettingProperties...
Testing testDataTypeValidationOnProperties...
Testing testVertexEdgeLabels...
Testing testVertexEdgeLabels2...
Testing testTreeConnectivity...
	titangraph[embeddedcassandra:null]: 1464 vertices added in a tree structure in 1324.8293310001027ms
	titangraph[embeddedcassandra:null]: 1464 vertices iterated in 4.288723000092432ms
	titangraph[embeddedcassandra:null]: 1463 edges iterated in 25.633176000090316ms
Testing testConcurrentModification...
Testing testGraphDataPersists...
	titangraph[embeddedcassandra:null]: 1 graph loaded in 4.457713000010699ms
Testing testAutotypingOfProperties...
Testing testSimpleRemovingVerticesEdges...
Testing testRemovingEdges...
	titangraph[embeddedcassandra:null]: 100 vertices added in 611.4231529999524ms
	titangraph[embeddedcassandra:null]: 200 edges added in 5160.221335000126ms
	titangraph[embeddedcassandra:null]: 200 edges deleted (with size check on each delete) in 406.25288699986413ms
Testing testRemovingVertices...
	titangraph[embeddedcassandra:null]: 500 vertices added in 633.2208600000013ms
	titangraph[embeddedcassandra:null]: 250 edges added in 6380.490185000002ms
	titangraph[embeddedcassandra:null]: 500 vertices deleted (with size check on each delete) in 416.5559479999356ms
Testing testConnectivityPatterns...
*** TOTAL TIME [GraphTestSuite]: 35627.53129200009 ***
Testing testVertexQuery...
Testing testGraphQueryForVertices...
Testing testGraphQueryForEdges...
*** TOTAL TIME [QueryTestSuite]: 4750.01870799996 ***
Testing testNoConcurrentModificationException...
Testing testGettingVerticesAndEdgesWithKeyValue...
Testing testAutoIndexKeyManagementWithPersistence...
	titangraph[embeddedcassandra:null]: 2 automatic index keys added in 606.3026949998457ms
Testing testKeyIndicesConsistentWithElementRemoval...
*** TOTAL TIME [KeyIndexableGraphTestSuite]: 3949.847950000083 ***
Testing testCompetingThreads...
Testing testRepeatedTransactionStopException...
Testing testTrue...
Testing testAutoStartTransaction...
Testing testTransactionsForVertices...
	titangraph[embeddedcassandra:null]: 1 vertex not added in failed transaction in 2.743951000040397ms
	titangraph[embeddedcassandra:null]: 1 vertex added in successful transaction in 1.4048429999966174ms
Testing testBasicVertexEdgeTransactions...
Testing testBruteVertexTransactions...
	titangraph[embeddedcassandra:null]: 100 vertices added in 100 successful transactions in 649.1404430000111ms
	titangraph[embeddedcassandra:null]: 100 vertices not added in 100 failed transactions in 20.21585000003688ms
	titangraph[embeddedcassandra:null]: 100 vertices added in 1 successful transactions in 23.329199000028893ms
	titangraph[embeddedcassandra:null]: 100 vertices not added in 1 failed transactions in 29.012616000138223ms
Testing testTransactionsForEdges...
	titangraph[embeddedcassandra:null]: 1 edge not added in failed transaction (w/ iteration) in 310.4108530001249ms
	titangraph[embeddedcassandra:null]: 1 edge added in successful transaction (w/ iteration) in 107.30750000011176ms
Testing testBruteEdgeTransactions...
	titangraph[embeddedcassandra:null]: 100 edges added in 100 successful transactions (2 vertices added for each edge) in 1093.0986440000124ms
	titangraph[embeddedcassandra:null]: 100 edges not added in 100 failed transactions (2 vertices added for each edge) in 26.271476000081748ms
	titangraph[embeddedcassandra:null]: 100 edges added in 1 successful transactions (2 vertices added for each edge) in 67.19667400000617ms
	titangraph[embeddedcassandra:null]: 100 edges not added in 1 failed transactions (2 vertices added for each edge) in 86.75290999980643ms
Testing testPropertyTransactions...
	titangraph[embeddedcassandra:null]: 1 vertex added with string property in a successful transaction in 1012.5572580001317ms
	titangraph[embeddedcassandra:null]: 1 integer property not added in a failed transaction in 1.6015250000637025ms
	titangraph[embeddedcassandra:null]: 2 vertex properties checked in a successful transaction in 0.8765079998411238ms
	titangraph[embeddedcassandra:null]: 1 edge property added and checked in a successful transaction in 103.5743689998053ms
	titangraph[embeddedcassandra:null]: 1 edge property added and checked in a failed transaction in 0.6784030001144856ms
Testing testIndexTransactions...
Testing testAutomaticSuccessfulTransactionOnShutdown...
Testing testVertexCountOnPreTransactionCommit...
Testing testBulkTransactionsOnEdges...
Testing testTransactionIsolationCommitCheck...
added vertex
reading vertex before tx
read vertex before tx
Testing testRemoveInTransaction...
*** TOTAL TIME [TransactionalTitanGraphTestSuite]: 19446.765595000004 ***
Testing testVertexReattachment...
*** TOTAL TIME [TitanSpecificBlueprintsTestSuite]: 1780.279539999785 ***
Testing testTinkerGraphEdges...
	titangraph[embeddedcassandra:null]: graph-example-1 loaded in 1061.2639020001516ms
Testing testTinkerGraphVertices...
	titangraph[embeddedcassandra:null]: graph-example-1 loaded in 1026.6643689998891ms
Testing testTinkerGraphSoftwareVertices...
	titangraph[embeddedcassandra:null]: graph-example-1 loaded in 1024.4878630000167ms
Testing testTinkerGraphVertexAndEdges...
	titangraph[embeddedcassandra:null]: graph-example-1 loaded in 1027.178630999988ms
Testing testReadingTinkerGraphExample3...
Testing testReadingTinkerGraphExample3MappingLabels...
	titangraph[embeddedcassandra:null]: graph-example-3 loaded in 1029.0284460000694ms
Testing testReadingTinkerGraphExample3MappingIDs...
	titangraph[embeddedcassandra:null]: graph-example-3 loaded in 1029.35771199991ms
Testing testReadingTinkerGraphExample3MappingAll...
	titangraph[embeddedcassandra:null]: graph-example-3 loaded in 1028.6837780000642ms
Testing testMigratingTinkerGraphExample3...
Testing testAllGraphMLTypeCastsAndDataMappings...
Testing testReadingTinkerGraph...
*** TOTAL TIME [GraphMLReaderTestSuite]: 11098.634610000066 ***
Testing testTinkerGraphEdges...
	titangraph[embeddedcassandra:null]: graph-example-1 loaded in 1253.7341869999655ms
Testing testTinkerGraphVertices...
	titangraph[embeddedcassandra:null]: graph-example-1 loaded in 1022.0081360000186ms
Testing testTinkerGraphSoftwareVertices...
	titangraph[embeddedcassandra:null]: graph-example-1 loaded in 1023.0699019997846ms
Testing testTinkerGraphVertexAndEdges...
	titangraph[embeddedcassandra:null]: graph-example-1 loaded in 1024.441584999906ms
Testing testReadingTinkerGraph...
*** TOTAL TIME [GraphSONReaderTestSuite]: 6615.353277999908 ***
Testing testTinkerGraphEdges...
	titangraph[embeddedcassandra:null]: graph-example-1 loaded in 1028.1975730000995ms
Testing testTinkerGraphVertices...
	titangraph[embeddedcassandra:null]: graph-example-1 loaded in 1021.5383390001953ms
Testing testTinkerGraphSoftwareVertices...
	titangraph[embeddedcassandra:null]: graph-example-1 loaded in 1034.6399729999248ms
Testing testTinkerGraphVertexAndEdges...
	titangraph[embeddedcassandra:null]: graph-example-1 loaded in 1023.568682000041ms
Testing testReadingTinkerGraphExample3...
Testing testReadingTinkerGraphExample3MappingLabels...
	titangraph[embeddedcassandra:null]: graph-example-3 loaded in 1025.5264739999548ms
Testing testReadingTinkerGraphExample3MappingIDs...
	titangraph[embeddedcassandra:null]: graph-example-3 loaded in 1023.6937349999789ms
Testing testReadingTinkerGraphExample3MappingAll...
	titangraph[embeddedcassandra:null]: graph-example-3 loaded in 1021.9250049998518ms
Testing testMigratingTinkerGraphExample3...
Testing testReadingTinkerGraph...
*** TOTAL TIME [GMLReaderTestSuite]: 11609.59903599997 ***
Tests run: 10, Failures: 0, Errors: 0, Skipped: 0, Time elapsed: 179.539 sec
Running com.thinkaurelius.titan.diskstorage.cassandra.astyanax.InternalAstyanaxKeyColumnValueTest
Loading time (ms): 850
Reading time (ms): 8085
Tests run: 18, Failures: 0, Errors: 0, Skipped: 0, Time elapsed: 52.25 sec
Running com.thinkaurelius.titan.diskstorage.cassandra.thrift.InternalCassandraLockKeyColumnValueStoreTest
Tests run: 14, Failures: 0, Errors: 0, Skipped: 0, Time elapsed: 24.134 sec
Running com.thinkaurelius.titan.diskstorage.cassandra.astyanax.InternalAstyanaxMultiWriteKeyColumnValueTest
Tests run: 2, Failures: 0, Errors: 0, Skipped: 0, Time elapsed: 27.026 sec
Running com.thinkaurelius.titan.diskstorage.cassandra.embedded.InternalCassandraEmbeddedMultiWriteKeyColumnValueStoreTest
Tests run: 2, Failures: 0, Errors: 0, Skipped: 0, Time elapsed: 16.738 sec
Running com.thinkaurelius.titan.tinkerpop.rexster.RexsterServerClientCassandraEmbeddedTest
Tests run: 1, Failures: 0, Errors: 0, Skipped: 0, Time elapsed: 12.393 sec
Running com.thinkaurelius.titan.diskstorage.cassandra.UUIDTest
Tests run: 1, Failures: 0, Errors: 0, Skipped: 0, Time elapsed: 0.708 sec
Running com.thinkaurelius.titan.diskstorage.cassandra.thrift.InternalCassandraThriftKeyColumnValueTest
Loading time (ms): 939
Reading time (ms): 9500
Tests run: 18, Failures: 0, Errors: 0, Skipped: 0, Time elapsed: 75.215 sec

Results :

Tests run: 175, Failures: 0, Errors: 0, Skipped: 0

[INFO]                                                                         
[INFO] ------------------------------------------------------------------------
[INFO] Building Titan-HBase: Distributed Graph Database 0.2.1
[INFO] ------------------------------------------------------------------------
[INFO] 
[INFO] --- maven-enforcer-plugin:1.0:enforce (enforce-maven) @ titan-hbase ---
[INFO] 
[INFO] --- maven-resources-plugin:2.3:resources (default-resources) @ titan-hbase ---
[INFO] Using 'UTF-8' encoding to copy filtered resources.
[INFO] Copying 2 resources
[INFO] 
[INFO] --- maven-compiler-plugin:2.5.1:compile (default-compile) @ titan-hbase ---
[INFO] Nothing to compile - all classes are up to date
[INFO] 
[INFO] --- maven-resources-plugin:2.3:testResources (default-testResources) @ titan-hbase ---
[INFO] Using 'UTF-8' encoding to copy filtered resources.
[INFO] Copying 2 resources
[INFO] 
[INFO] --- maven-compiler-plugin:2.5.1:testCompile (default-testCompile) @ titan-hbase ---
[INFO] Nothing to compile - all classes are up to date
[INFO] 
[INFO] --- maven-dependency-plugin:2.7:copy-dependencies (default) @ titan-hbase ---
[INFO] grizzly-http-2.2.16.jar already exists in destination.
[INFO] guava-12.0.jar already exists in destination.
[INFO] oro-2.0.8.jar already exists in destination.
[INFO] pfl-tf-1.0.0-b001.jar already exists in destination.
[INFO] stax-api-1.0.1.jar already exists in destination.
[INFO] commons-net-1.4.1.jar already exists in destination.
[INFO] json-simple-1.1.jar already exists in destination.
[INFO] metrics-core-2.1.2.jar already exists in destination.
[INFO] pfl-basic-tools-1.0.0-b001.jar already exists in destination.
[INFO] concurrent-1.3.4.jar already exists in destination.
[INFO] pipes-2.3.0.jar already exists in destination.
[INFO] httpcore-4.1.3.jar already exists in destination.
[INFO] hadoop-core-1.0.3.jar already exists in destination.
[INFO] gremlin-groovy-2.3.0.jar already exists in destination.
[INFO] groovy-1.8.9.jar already exists in destination.
[INFO] jline-0.9.94.jar already exists in destination.
[INFO] minlog-1.2.jar already exists in destination.
[INFO] commons-beanutils-1.7.0.jar already exists in destination.
[INFO] jackson-datatype-json-org-2.1.2.jar already exists in destination.
[INFO] commons-httpclient-3.1.jar already exists in destination.
[INFO] javax.servlet-api-3.0.1.jar already exists in destination.
[INFO] asm-commons-3.2.jar already exists in destination.
[INFO] colt-1.2.0.jar already exists in destination.
[INFO] commons-cli-1.2.jar already exists in destination.
[INFO] jersey-client-1.17.jar already exists in destination.
[INFO] jersey-servlet-1.17.jar already exists in destination.
[INFO] jasper-compiler-5.5.23.jar already exists in destination.
[INFO] jackson-annotations-2.1.1.jar already exists in destination.
[INFO] log4j-1.2.16.jar already exists in destination.
[INFO] jamon-runtime-2.3.1.jar already exists in destination.
[INFO] rexster-protocol-2.3.0.jar already exists in destination.
[INFO] jackson-xc-1.8.8.jar already exists in destination.
[INFO] kfs-0.3.jar already exists in destination.
[INFO] jackson-core-asl-1.8.8.jar already exists in destination.
[INFO] libthrift-0.8.0.jar already exists in destination.
[INFO] grizzly-http-servlet-2.2.16.jar already exists in destination.
[INFO] asm-3.2.jar already exists in destination.
[INFO] commons-math-2.2.jar already exists in destination.
[INFO] jaxb-api-2.1.jar already exists in destination.
[INFO] jettison-1.3.3.jar already exists in destination.
[INFO] slf4j-api-1.6.1.jar already exists in destination.
[INFO] grizzly-framework-2.2.16.jar already exists in destination.
[INFO] jersey-core-1.8.jar already exists in destination.
[INFO] jaxb-impl-2.2.3-1.jar already exists in destination.
[INFO] commons-el-1.0.jar already exists in destination.
[INFO] kryo-1.04.jar already exists in destination.
[INFO] asm-analysis-3.2.jar already exists in destination.
[INFO] gremlin-java-2.3.0.jar already exists in destination.
[INFO] mockito-all-1.8.1.jar already exists in destination.
[INFO] core-3.1.1.jar already exists in destination.
[INFO] jackson-databind-2.1.2.jar already exists in destination.
[INFO] asm-tree-3.2.jar already exists in destination.
[INFO] hbase-0.94.1.jar already exists in destination.
[INFO] commons-logging-1.1.1.jar already exists in destination.
[INFO] httpclient-4.1.2.jar already exists in destination.
[INFO] commons-codec-1.7.jar already exists in destination.
[INFO] protobuf-java-2.4.0a.jar already exists in destination.
[INFO] jersey-grizzly2-1.17.jar already exists in destination.
[INFO] jsp-2.1-6.1.14.jar already exists in destination.
[INFO] grizzly-portunif-2.2.16.jar already exists in destination.
[INFO] gmbal-3.2.0-b003.jar already exists in destination.
[INFO] jackson-mapper-asl-1.8.8.jar already exists in destination.
[INFO] jetty-util-6.1.26.jar already exists in destination.
[INFO] jersey-server-1.8.jar already exists in destination.
[INFO] commons-digester-1.8.jar already exists in destination.
[INFO] activation-1.1.jar already exists in destination.
[INFO] commons-lang-2.5.jar already exists in destination.
[INFO] xmlenc-0.52.jar already exists in destination.
[INFO] jets3t-0.7.1.jar already exists in destination.
[INFO] commons-beanutils-core-1.8.0.jar already exists in destination.
[INFO] antlr-2.7.7.jar already exists in destination.
[INFO] grizzly-rcm-2.2.16.jar already exists in destination.
[INFO] asm-util-3.2.jar already exists in destination.
[INFO] pfl-tf-tools-1.0.0-b001.jar already exists in destination.
[INFO] rexster-server-2.3.0.jar already exists in destination.
[INFO] blueprints-test-2.3.0.jar already exists in destination.
[INFO] hsqldb-1.8.0.10.jar already exists in destination.
[INFO] grizzly-core-2.2.16.jar already exists in destination.
[INFO] grizzly-http-server-2.2.16.jar already exists in destination.
[INFO] jsr305-1.3.9.jar already exists in destination.
[INFO] junit-4.8.1.jar already exists in destination.
[INFO] jackson-core-2.1.2.jar already exists in destination.
[INFO] servlet-api-2.5-6.1.14.jar already exists in destination.
[INFO] rexster-core-2.3.0.jar already exists in destination.
[INFO] blueprints-core-2.3.0.jar already exists in destination.
[INFO] jsp-api-2.1-6.1.14.jar already exists in destination.
[INFO] netty-3.2.4.Final.jar already exists in destination.
[INFO] jansi-1.5.jar already exists in destination.
[INFO] zookeeper-3.4.3.jar already exists in destination.
[INFO] commons-collections-3.2.1.jar already exists in destination.
[INFO] json-20090211.jar already exists in destination.
[INFO] commons-io-2.0.1.jar already exists in destination.
[INFO] commons-configuration-1.6.jar already exists in destination.
[INFO] management-api-3.0.0-b012.jar already exists in destination.
[INFO] slf4j-log4j12-1.6.1.jar already exists in destination.
[INFO] classes already exists in destination.
[INFO] classes already exists in destination.
[INFO] msgpack-0.6.5.jar already exists in destination.
[INFO] jersey-json-1.8.jar already exists in destination.
[INFO] jasper-runtime-5.5.23.jar already exists in destination.
[INFO] jackson-jaxrs-1.8.8.jar already exists in destination.
[INFO] avro-ipc-1.5.3.jar already exists in destination.
[INFO] reflectasm-1.01.jar already exists in destination.
[INFO] javassist-3.15.0-GA.jar already exists in destination.
[INFO] pfl-basic-1.0.0-b001.jar already exists in destination.
[INFO] jetty-6.1.26.jar already exists in destination.
[INFO] pfl-asm-1.0.0-b001.jar already exists in destination.
[INFO] high-scale-lib-1.1.1.jar already exists in destination.
[INFO] velocity-1.7.jar already exists in destination.
[INFO] 
[INFO] --- maven-surefire-plugin:2.12.1:test (default-test) @ titan-hbase ---
[INFO] Surefire report directory: /home/travis/build/thinkaurelius/titan/titan-hbase/target/surefire-reports

-------------------------------------------------------
 T E S T S
-------------------------------------------------------
Running com.thinkaurelius.titan.blueprints.HBaseBlueprintsTest
Testing testRemoveVertexProperties...
Testing testAddingIdProperty...
Testing testNoConcurrentModificationException...
Testing testGettingEdgesAndVertices...
Testing testEmptyKeyProperty...
Testing testVertexCentricLinking...
Testing testVertexCentricRemoving...
Testing testConcurrentModificationOnProperties...
Testing testSettingBadVertexProperties...
Testing testVertexEqualityForSuppliedIdsAndHashCode...
Testing testBasicAddVertex...
Testing testGetVertexWithNull...
Testing testRemoveVertex...
Testing testRemoveVertexWithEdges...
Testing testGetNonExistantVertices...
Testing testRemoveVertexNullId...
	titangraph[hbase:null]: 100 vertices added in 20.090524999890476ms
	titangraph[hbase:null]: 100 vertices removed in 12.234548999927938ms
Testing testVertexIterator...
	titangraph[hbase:null]: 1000 vertices added in 805.7315680000465ms
	titangraph[hbase:null]: 1000 vertices counted in 16.215277000097558ms
Testing testLegalVertexEdgeIterables...
Testing testAddVertexProperties...
Testing testAddManyVertexProperties...
	titangraph[hbase:null]: 750 vertex properties added (with vertices being added too) in 20086.41797700012ms
Testing testVertexEquality...
	titangraph[hbase:null]: 1 vertex added and retrieved in 614.1905670000706ms
*** TOTAL TIME [VertexTestSuite]: 101541.08293000003 ***
Testing testNoConcurrentModificationException...
Testing testEmptyKeyProperty...
Testing testSettingBadVertexProperties...
Testing testEdgeEquality...
Testing testAddEdges...
	titangraph[hbase:null]: 6 elements added and checked in 926.4185240000952ms
Testing testAddManyEdges...
	titangraph[hbase:null]: 300 elements added in 3391.587707000086ms
	titangraph[hbase:null]: 100 edges counted in 27.816867999965325ms
	titangraph[hbase:null]: 200 vertices counted in 19.26303600007668ms
	titangraph[hbase:null]: 200 vertices checked in 51.50204199994914ms
Testing testGetEdges...
	titangraph[hbase:null]: 3 edges retrieved in 2.9855729998089373ms
Testing testGetNonExistantEdges...
Testing testRemoveManyEdges...
	titangraph[hbase:null]: 20 vertices counted in 25.283398000057787ms
	titangraph[hbase:null]: 10 edges counted in 36.523517000023276ms
	titangraph[hbase:null]: 10 edges removed and graph checked in 417.57985799992457ms
Testing testAddingDuplicateEdges...
Testing testRemoveEdgesByRemovingVertex...
Testing testRemoveEdges...
Testing testAddingSelfLoops...
Testing testRemoveSelfLoops...
Testing testEdgeIterator...
Testing testAddingRemovingEdgeProperties...
Testing testAddingLabelAndIdProperty...
Testing testEdgeCentricRemoving...
*** TOTAL TIME [EdgeTestSuite]: 34429.43749099993 ***
Testing testEmptyOnConstruction...
Testing testStringRepresentationOfVertexId...
Testing testSemanticallyCorrectIterables...
Testing testGettingVerticesAndEdgesWithKeyValue...
Testing testAddingVerticesAndEdges...
Testing testSettingProperties...
Testing testDataTypeValidationOnProperties...
Testing testSimpleRemovingVerticesEdges...
Testing testRemovingEdges...
	titangraph[hbase:null]: 100 vertices added in 619.7239329998847ms
	titangraph[hbase:null]: 200 edges added in 5217.004385000095ms
	titangraph[hbase:null]: 200 edges deleted (with size check on each delete) in 7498.9943770000245ms
Testing testRemovingVertices...
	titangraph[hbase:null]: 500 vertices added in 655.1641440000385ms
	titangraph[hbase:null]: 250 edges added in 6443.344328999985ms
	titangraph[hbase:null]: 500 vertices deleted (with size check on each delete) in 15227.633068999974ms
Testing testConnectivityPatterns...
Testing testVertexEdgeLabels...
Testing testFeatureCompliance...
supportsDuplicateEdges: true
supportsSelfLoops: true
supportsSerializableObjectProperty: true
supportsBooleanProperty: true
supportsDoubleProperty: true
supportsFloatProperty: true
supportsIntegerProperty: true
supportsPrimitiveArrayProperty: true
supportsUniformListProperty: true
supportsMixedListProperty: true
supportsLongProperty: true
supportsMapProperty: true
supportsStringProperty: true
ignoresSuppliedIds: true
isPersistent: true
isRDFModel: false
isWrapper: false
supportsIndices: false
supportsVertexIndex: false
supportsEdgeIndex: false
supportsKeyIndices: true
supportsVertexKeyIndex: true
supportsEdgeKeyIndex: false
supportsEdgeIteration: true
supportsVertexIteration: true
supportsEdgeRetrieval: true
supportsVertexProperties: true
supportsEdgeProperties: true
supportsTransactions: true
supportsThreadedTransactions: true
Testing testVertexEdgeLabels2...
Testing testTreeConnectivity...
	titangraph[hbase:null]: 1464 vertices added in a tree structure in 1279.837423000019ms
	titangraph[hbase:null]: 1464 vertices iterated in 21.499156000092626ms
	titangraph[hbase:null]: 1463 edges iterated in 39.284262999892235ms
Testing testConcurrentModification...
Testing testGraphDataPersists...
	titangraph[hbase:null]: 1 graph loaded in 63.22966300020926ms
Testing testAutotypingOfProperties...
*** TOTAL TIME [GraphTestSuite]: 59077.26178100007 ***
Testing testVertexQuery...
Testing testGraphQueryForVertices...
Testing testGraphQueryForEdges...
*** TOTAL TIME [QueryTestSuite]: 6088.612272999948 ***
Testing testNoConcurrentModificationException...
Testing testGettingVerticesAndEdgesWithKeyValue...
Testing testKeyIndicesConsistentWithElementRemoval...
Testing testAutoIndexKeyManagementWithPersistence...
	titangraph[hbase:null]: 2 automatic index keys added in 613.2242169999518ms
*** TOTAL TIME [KeyIndexableGraphTestSuite]: 3897.8745780000463 ***
Testing testCompetingThreads...
Testing testRepeatedTransactionStopException...
Testing testTrue...
Testing testAutoStartTransaction...
Testing testTransactionsForVertices...
	titangraph[hbase:null]: 1 vertex not added in failed transaction in 79.90115900011733ms
	titangraph[hbase:null]: 1 vertex added in successful transaction in 40.209154000040144ms
Testing testBasicVertexEdgeTransactions...
Testing testBruteVertexTransactions...
	titangraph[hbase:null]: 100 vertices added in 100 successful transactions in 834.0250049999449ms
	titangraph[hbase:null]: 100 vertices not added in 100 failed transactions in 12.653462999965996ms
	titangraph[hbase:null]: 100 vertices added in 1 successful transactions in 78.95766500011086ms
	titangraph[hbase:null]: 100 vertices not added in 1 failed transactions in 101.35720900003798ms
Testing testTransactionsForEdges...
	titangraph[hbase:null]: 1 edge not added in failed transaction (w/ iteration) in 385.45264099980704ms
	titangraph[hbase:null]: 1 edge added in successful transaction (w/ iteration) in 184.71752900001593ms
Testing testBruteEdgeTransactions...
	titangraph[hbase:null]: 100 edges added in 100 successful transactions (2 vertices added for each edge) in 1287.2889000000432ms
	titangraph[hbase:null]: 100 edges not added in 100 failed transactions (2 vertices added for each edge) in 26.055034999968484ms
	titangraph[hbase:null]: 100 edges added in 1 successful transactions (2 vertices added for each edge) in 212.44032200006768ms
	titangraph[hbase:null]: 100 edges not added in 1 failed transactions (2 vertices added for each edge) in 283.43471699999645ms
Testing testPropertyTransactions...
	titangraph[hbase:null]: 1 vertex added with string property in a successful transaction in 1024.089004999958ms
	titangraph[hbase:null]: 1 integer property not added in a failed transaction in 2.5370169999077916ms
	titangraph[hbase:null]: 2 vertex properties checked in a successful transaction in 2.022573000052944ms
	titangraph[hbase:null]: 1 edge property added and checked in a successful transaction in 111.62713699997403ms
	titangraph[hbase:null]: 1 edge property added and checked in a failed transaction in 1.1618049999233335ms
Testing testIndexTransactions...
Testing testAutomaticSuccessfulTransactionOnShutdown...
Testing testVertexCountOnPreTransactionCommit...
Testing testBulkTransactionsOnEdges...
Testing testTransactionIsolationCommitCheck...
added vertex
reading vertex before tx
read vertex before tx
Testing testRemoveInTransaction...
*** TOTAL TIME [TransactionalTitanGraphTestSuite]: 22289.21505 ***
Testing testVertexReattachment...
*** TOTAL TIME [TitanSpecificBlueprintsTestSuite]: 1493.935104999924 ***
Testing testReadingTinkerGraph...
Testing testTinkerGraphEdges...
	titangraph[hbase:null]: graph-example-1 loaded in 1057.7137649999931ms
Testing testTinkerGraphVertices...
	titangraph[hbase:null]: graph-example-1 loaded in 1045.2905569998547ms
Testing testTinkerGraphSoftwareVertices...
	titangraph[hbase:null]: graph-example-1 loaded in 1043.0068739999551ms
Testing testTinkerGraphVertexAndEdges...
	titangraph[hbase:null]: graph-example-1 loaded in 1043.814436999848ms
Testing testReadingTinkerGraphExample3...
Testing testReadingTinkerGraphExample3MappingLabels...
	titangraph[hbase:null]: graph-example-3 loaded in 1046.1421949998476ms
Testing testReadingTinkerGraphExample3MappingIDs...
	titangraph[hbase:null]: graph-example-3 loaded in 1050.5718880000059ms
Testing testReadingTinkerGraphExample3MappingAll...
	titangraph[hbase:null]: graph-example-3 loaded in 1110.175922999857ms
Testing testMigratingTinkerGraphExample3...
Testing testAllGraphMLTypeCastsAndDataMappings...
*** TOTAL TIME [GraphMLReaderTestSuite]: 10631.587538999971 ***
Testing testReadingTinkerGraph...
Testing testTinkerGraphEdges...
	titangraph[hbase:null]: graph-example-1 loaded in 1273.612128000008ms
Testing testTinkerGraphVertices...
	titangraph[hbase:null]: graph-example-1 loaded in 1043.556852000067ms
Testing testTinkerGraphSoftwareVertices...
	titangraph[hbase:null]: graph-example-1 loaded in 1045.9291880000383ms
Testing testTinkerGraphVertexAndEdges...
	titangraph[hbase:null]: graph-example-1 loaded in 1046.8022469999269ms
*** TOTAL TIME [GraphSONReaderTestSuite]: 6070.5777050000615 ***
Testing testReadingTinkerGraph...
Testing testTinkerGraphEdges...
	titangraph[hbase:null]: graph-example-1 loaded in 1044.7915040000807ms
Testing testTinkerGraphVertices...
	titangraph[hbase:null]: graph-example-1 loaded in 1045.3702479999047ms
Testing testTinkerGraphSoftwareVertices...
	titangraph[hbase:null]: graph-example-1 loaded in 1042.468181999866ms
Testing testTinkerGraphVertexAndEdges...
	titangraph[hbase:null]: graph-example-1 loaded in 1045.8250819998793ms
Testing testReadingTinkerGraphExample3...
Testing testReadingTinkerGraphExample3MappingLabels...
	titangraph[hbase:null]: graph-example-3 loaded in 1046.7467149998993ms
Testing testReadingTinkerGraphExample3MappingIDs...
	titangraph[hbase:null]: graph-example-3 loaded in 1045.2616530000232ms
Testing testReadingTinkerGraphExample3MappingAll...
	titangraph[hbase:null]: graph-example-3 loaded in 1041.4688339999411ms
Testing testMigratingTinkerGraphExample3...
*** TOTAL TIME [GMLReaderTestSuite]: 10376.712683000136 ***
Tests run: 10, Failures: 0, Errors: 0, Skipped: 0, Time elapsed: 256.006 sec
Running com.thinkaurelius.titan.diskstorage.hbase.HBaseLockKeyColumnValueStoreTest
Tests run: 14, Failures: 0, Errors: 0, Skipped: 0, Time elapsed: 33.259 sec
Running com.thinkaurelius.titan.diskstorage.hbase.HBaseKeyColumnValueTest
Loading time (ms): 1183
Reading time (ms): 2496
Tests run: 17, Failures: 0, Errors: 0, Skipped: 0, Time elapsed: 82.605 sec
Running com.thinkaurelius.titan.diskstorage.hbase.HBaseMultiWriteKeyColumnValueStoreTest
Tests run: 2, Failures: 0, Errors: 0, Skipped: 0, Time elapsed: 36.054 sec
Running com.thinkaurelius.titan.graphdb.hbase.HBaseGraphTest
java.util.GregorianCalendar[time=278380800000,areFieldsSet=true,areAllFieldsSet=true,lenient=true,zone=sun.util.calendar.ZoneInfo[id="Etc/UTC",offset=0,dstSavings=0,useDaylight=false,transitions=0,lastRule=null],firstDayOfWeek=1,minimalDaysInFirstWeek=1,ERA=1,YEAR=1978,MONTH=9,WEEK_OF_YEAR=43,WEEK_OF_MONTH=4,DAY_OF_MONTH=28,DAY_OF_YEAR=301,DAY_OF_WEEK=7,DAY_OF_WEEK_IN_MONTH=4,AM_PM=0,HOUR=0,HOUR_OF_DAY=0,MINUTE=0,SECOND=0,MILLISECOND=0,ZONE_OFFSET=0,DST_OFFSET=0]
java.util.GregorianCalendar[time=278380800000,areFieldsSet=true,areAllFieldsSet=true,lenient=true,zone=sun.util.calendar.ZoneInfo[id="Etc/UTC",offset=0,dstSavings=0,useDaylight=false,transitions=0,lastRule=null],firstDayOfWeek=1,minimalDaysInFirstWeek=1,ERA=1,YEAR=1978,MONTH=9,WEEK_OF_YEAR=43,WEEK_OF_MONTH=4,DAY_OF_MONTH=28,DAY_OF_YEAR=301,DAY_OF_WEEK=7,DAY_OF_WEEK_IN_MONTH=4,AM_PM=0,HOUR=0,HOUR_OF_DAY=0,MINUTE=0,SECOND=0,MILLISECOND=0,ZONE_OFFSET=0,DST_OFFSET=0]
Tests run: 17, Failures: 0, Errors: 0, Skipped: 0, Time elapsed: 47.814 sec
All done. Shutting done HBase.

Results :

Tests run: 60, Failures: 0, Errors: 0, Skipped: 0

[INFO]                                                                         
[INFO] ------------------------------------------------------------------------
[INFO] Building Titan-All: Complete Titan Distribution 0.2.1
[INFO] ------------------------------------------------------------------------
[INFO] 
[INFO] --- maven-enforcer-plugin:1.0:enforce (enforce-maven) @ titan-all ---
[INFO] 
[INFO] --- maven-resources-plugin:2.3:resources (default-resources) @ titan-all ---
[INFO] Using 'UTF-8' encoding to copy filtered resources.
[INFO] Copying 1 resource
[INFO] 
[INFO] --- maven-compiler-plugin:2.5.1:compile (default-compile) @ titan-all ---
[INFO] No sources to compile
[INFO] 
[INFO] --- maven-resources-plugin:2.3:testResources (default-testResources) @ titan-all ---
[INFO] Using 'UTF-8' encoding to copy filtered resources.
[INFO] skip non existing resourceDirectory /home/travis/build/thinkaurelius/titan/titan-all/src/test/resources
[INFO] 
[INFO] --- maven-compiler-plugin:2.5.1:testCompile (default-testCompile) @ titan-all ---
[INFO] No sources to compile
[INFO] 
[INFO] --- maven-surefire-plugin:2.11:test (default-test) @ titan-all ---
[INFO] No tests to run.
[INFO] Surefire report directory: /home/travis/build/thinkaurelius/titan/titan-all/target/surefire-reports

-------------------------------------------------------
 T E S T S
-------------------------------------------------------

Results :

Tests run: 0, Failures: 0, Errors: 0, Skipped: 0

[INFO] ------------------------------------------------------------------------
[INFO] Reactor Summary:
[INFO] 
[INFO] Titan: Distributed Graph Database ................. SUCCESS [2.317s]
[INFO] Titan-Core: Core Library for Titan ................ SUCCESS [7.381s]
[INFO] Titan-Test: Test Suite for Titan .................. SUCCESS [22.255s]
[INFO] Titan-BerkeleyJE: Distributed Graph Database ...... SUCCESS [1:07.420s]
[INFO] Titan-Cassandra: Distributed Graph Database ....... SUCCESS [15:17.499s]
[INFO] Titan-HBase: Distributed Graph Database ........... SUCCESS [7:38.339s]
[INFO] Titan-All: Complete Titan Distribution ............ SUCCESS [0.558s]
[INFO] ------------------------------------------------------------------------
[INFO] BUILD SUCCESS
[INFO] ------------------------------------------------------------------------
[INFO] Total time: 24:36.572s
[INFO] Finished at: Mon Mar 25 23:14:41 UTC 2013
[INFO] Final Memory: 15M/95M
[INFO] ------------------------------------------------------------------------

The command "mvn test" exited with 0.

Done. Your build exited with 0.
