Using worker: bluebox-linux-5.worker.travis-ci.org:travis-linux-15

travis_fold:start:git.1$ git clone --depth=50 --branch=master git://github.com/thinkaurelius/titan.git thinkaurelius/titan
Cloning into 'thinkaurelius/titan'...
remote: Counting objects: 1638, done.[K
remote: Compressing objects:   0% (1/895)   [Kremote: Compressing objects:   1% (9/895)   [Kremote: Compressing objects:   2% (18/895)   [Kremote: Compressing objects:   3% (27/895)   [Kremote: Compressing objects:   4% (36/895)   [Kremote: Compressing objects:   5% (45/895)   [Kremote: Compressing objects:   6% (54/895)   [Kremote: Compressing objects:   7% (63/895)   [Kremote: Compressing objects:   8% (72/895)   [Kremote: Compressing objects:   9% (81/895)   [Kremote: Compressing objects:  10% (90/895)   [Kremote: Compressing objects:  11% (99/895)   [Kremote: Compressing objects:  12% (108/895)   [Kremote: Compressing objects:  13% (117/895)   [Kremote: Compressing objects:  14% (126/895)   [Kremote: Compressing objects:  15% (135/895)   [Kremote: Compressing objects:  16% (144/895)   [Kremote: Compressing objects:  17% (153/895)   [Kremote: Compressing objects:  18% (162/895)   [Kremote: Compressing objects:  19% (171/895)   [Kremote: Compressing objects:  20% (179/895)   [Kremote: Compressing objects:  21% (188/895)   [Kremote: Compressing objects:  22% (197/895)   [Kremote: Compressing objects:  23% (206/895)   [Kremote: Compressing objects:  24% (215/895)   [Kremote: Compressing objects:  25% (224/895)   [Kremote: Compressing objects:  26% (233/895)   [Kremote: Compressing objects:  27% (242/895)   [Kremote: Compressing objects:  28% (251/895)   [Kremote: Compressing objects:  29% (260/895)   [Kremote: Compressing objects:  30% (269/895)   [Kremote: Compressing objects:  31% (278/895)   [Kremote: Compressing objects:  32% (287/895)   [Kremote: Compressing objects:  33% (296/895)   [Kremote: Compressing objects:  34% (305/895)   [Kremote: Compressing objects:  35% (314/895)   [Kremote: Compressing objects:  36% (323/895)   [Kremote: Compressing objects:  37% (332/895)   [Kremote: Compressing objects:  38% (341/895)   [Kremote: Compressing objects:  39% (350/895)   [Kremote: Compressing objects:  40% (358/895)   [Kremote: Compressing objects:  41% (367/895)   [Kremote: Compressing objects:  42% (376/895)   [Kremote: Compressing objects:  43% (385/895)   [Kremote: Compressing objects:  44% (394/895)   [Kremote: Compressing objects:  45% (403/895)   [Kremote: Compressing objects:  46% (412/895)   [Kremote: Compressing objects:  47% (421/895)   [Kremote: Compressing objects:  48% (430/895)   [Kremote: Compressing objects:  49% (439/895)   [Kremote: Compressing objects:  50% (448/895)   [Kremote: Compressing objects:  51% (457/895)   [Kremote: Compressing objects:  52% (466/895)   [Kremote: Compressing objects:  53% (475/895)   [Kremote: Compressing objects:  54% (484/895)   [Kremote: Compressing objects:  55% (493/895)   [Kremote: Compressing objects:  56% (502/895)   [Kremote: Compressing objects:  57% (511/895)   [Kremote: Compressing objects:  58% (520/895)   [Kremote: Compressing objects:  59% (529/895)   [Kremote: Compressing objects:  60% (537/895)   [Kremote: Compressing objects:  61% (546/895)   [Kremote: Compressing objects:  62% (555/895)   [Kremote: Compressing objects:  63% (564/895)   [Kremote: Compressing objects:  64% (573/895)   [Kremote: Compressing objects:  65% (582/895)   [Kremote: Compressing objects:  66% (591/895)   [Kremote: Compressing objects:  67% (600/895)   [Kremote: Compressing objects:  68% (609/895)   [Kremote: Compressing objects:  69% (618/895)   [Kremote: Compressing objects:  70% (627/895)   [Kremote: Compressing objects:  71% (636/895)   [Kremote: Compressing objects:  72% (645/895)   [Kremote: Compressing objects:  73% (654/895)   [Kremote: Compressing objects:  74% (663/895)   [Kremote: Compressing objects:  75% (672/895)   [Kremote: Compressing objects:  76% (681/895)   [Kremote: Compressing objects:  77% (690/895)   [Kremote: Compressing objects:  78% (699/895)   [Kremote: Compressing objects:  79% (708/895)   [Kremote: Compressing objects:  80% (716/895)   [Kremote: Compressing objects:  81% (725/895)   [Kremote: Compressing objects:  82% (734/895)   [Kremote: Compressing objects:  83% (743/895)   [Kremote: Compressing objects:  84% (752/895)   [Kremote: Compressing objects:  85% (761/895)   [Kremote: Compressing objects:  86% (770/895)   [Kremote: Compressing objects:  87% (779/895)   [Kremote: Compressing objects:  88% (788/895)   [Kremote: Compressing objects:  89% (797/895)   [Kremote: Compressing objects:  90% (806/895)   [Kremote: Compressing objects:  91% (815/895)   [Kremote: Compressing objects:  92% (824/895)   [Kremote: Compressing objects:  93% (833/895)   [Kremote: Compressing objects:  94% (842/895)   [Kremote: Compressing objects:  95% (851/895)   [Kremote: Compressing objects:  96% (860/895)   [Kremote: Compressing objects:  97% (869/895)   [Kremote: Compressing objects:  98% (878/895)   [Kremote: Compressing objects:  99% (887/895)   [Kremote: Compressing objects: 100% (895/895)   [Kremote: Compressing objects: 100% (895/895), done.[K
Receiving objects:   0% (1/1638)   Receiving objects:   1% (17/1638)   Receiving objects:   2% (33/1638)   Receiving objects:   3% (50/1638)   Receiving objects:   4% (66/1638)   Receiving objects:   5% (82/1638)   Receiving objects:   6% (99/1638)   Receiving objects:   7% (115/1638)   Receiving objects:   8% (132/1638)   Receiving objects:   9% (148/1638)   Receiving objects:  10% (164/1638)   Receiving objects:  11% (181/1638), 292.00 KiB | 355 KiB/s   Receiving objects:  11% (192/1638), 292.00 KiB | 355 KiB/s   Receiving objects:  12% (197/1638), 292.00 KiB | 355 KiB/s   Receiving objects:  13% (213/1638), 292.00 KiB | 355 KiB/s   Receiving objects:  14% (230/1638), 292.00 KiB | 355 KiB/s   Receiving objects:  15% (246/1638), 292.00 KiB | 355 KiB/s   Receiving objects:  16% (263/1638), 292.00 KiB | 355 KiB/s   Receiving objects:  17% (279/1638), 292.00 KiB | 355 KiB/s   Receiving objects:  18% (295/1638), 292.00 KiB | 355 KiB/s   Receiving objects:  19% (312/1638), 292.00 KiB | 355 KiB/s   Receiving objects:  20% (328/1638), 292.00 KiB | 355 KiB/s   Receiving objects:  21% (344/1638), 292.00 KiB | 355 KiB/s   Receiving objects:  22% (361/1638), 292.00 KiB | 355 KiB/s   Receiving objects:  23% (377/1638), 292.00 KiB | 355 KiB/s   Receiving objects:  24% (394/1638), 292.00 KiB | 355 KiB/s   Receiving objects:  25% (410/1638), 292.00 KiB | 355 KiB/s   Receiving objects:  26% (426/1638), 292.00 KiB | 355 KiB/s   Receiving objects:  27% (443/1638), 292.00 KiB | 355 KiB/s   Receiving objects:  28% (459/1638), 292.00 KiB | 355 KiB/s   Receiving objects:  29% (476/1638), 292.00 KiB | 355 KiB/s   Receiving objects:  30% (492/1638), 292.00 KiB | 355 KiB/s   Receiving objects:  31% (508/1638), 292.00 KiB | 355 KiB/s   Receiving objects:  32% (525/1638), 292.00 KiB | 355 KiB/s   Receiving objects:  33% (541/1638), 292.00 KiB | 355 KiB/s   Receiving objects:  34% (557/1638), 292.00 KiB | 355 KiB/s   Receiving objects:  35% (574/1638), 292.00 KiB | 355 KiB/s   Receiving objects:  36% (590/1638), 292.00 KiB | 355 KiB/s   Receiving objects:  37% (607/1638), 292.00 KiB | 355 KiB/s   Receiving objects:  38% (623/1638), 292.00 KiB | 355 KiB/s   Receiving objects:  39% (639/1638), 292.00 KiB | 355 KiB/s   Receiving objects:  40% (656/1638), 292.00 KiB | 355 KiB/s   Receiving objects:  41% (672/1638), 292.00 KiB | 355 KiB/s   Receiving objects:  42% (688/1638), 292.00 KiB | 355 KiB/s   Receiving objects:  43% (705/1638), 292.00 KiB | 355 KiB/s   Receiving objects:  44% (721/1638), 292.00 KiB | 355 KiB/s   Receiving objects:  45% (738/1638), 292.00 KiB | 355 KiB/s   Receiving objects:  46% (754/1638), 292.00 KiB | 355 KiB/s   Receiving objects:  47% (770/1638), 292.00 KiB | 355 KiB/s   Receiving objects:  48% (787/1638), 292.00 KiB | 355 KiB/s   Receiving objects:  49% (803/1638), 292.00 KiB | 355 KiB/s   Receiving objects:  50% (819/1638), 292.00 KiB | 355 KiB/s   Receiving objects:  51% (836/1638), 292.00 KiB | 355 KiB/s   Receiving objects:  52% (852/1638), 292.00 KiB | 355 KiB/s   Receiving objects:  53% (869/1638), 292.00 KiB | 355 KiB/s   Receiving objects:  54% (885/1638), 292.00 KiB | 355 KiB/s   Receiving objects:  55% (901/1638), 292.00 KiB | 355 KiB/s   Receiving objects:  56% (918/1638), 292.00 KiB | 355 KiB/s   Receiving objects:  57% (934/1638), 292.00 KiB | 355 KiB/s   Receiving objects:  58% (951/1638), 292.00 KiB | 355 KiB/s   Receiving objects:  59% (967/1638), 292.00 KiB | 355 KiB/s   Receiving objects:  60% (983/1638), 292.00 KiB | 355 KiB/s   Receiving objects:  61% (1000/1638), 292.00 KiB | 355 KiB/s   Receiving objects:  62% (1016/1638), 292.00 KiB | 355 KiB/s   Receiving objects:  63% (1032/1638), 292.00 KiB | 355 KiB/s   Receiving objects:  64% (1049/1638), 292.00 KiB | 355 KiB/s   Receiving objects:  65% (1065/1638), 292.00 KiB | 355 KiB/s   Receiving objects:  66% (1082/1638), 292.00 KiB | 355 KiB/s   Receiving objects:  67% (1098/1638), 292.00 KiB | 355 KiB/s   Receiving objects:  68% (1114/1638), 292.00 KiB | 355 KiB/s   Receiving objects:  69% (1131/1638), 292.00 KiB | 355 KiB/s   Receiving objects:  70% (1147/1638), 292.00 KiB | 355 KiB/s   Receiving objects:  71% (1163/1638), 292.00 KiB | 355 KiB/s   Receiving objects:  72% (1180/1638), 292.00 KiB | 355 KiB/s   Receiving objects:  73% (1196/1638), 292.00 KiB | 355 KiB/s   Receiving objects:  74% (1213/1638), 292.00 KiB | 355 KiB/s   Receiving objects:  75% (1229/1638), 292.00 KiB | 355 KiB/s   Receiving objects:  76% (1245/1638), 292.00 KiB | 355 KiB/s   Receiving objects:  77% (1262/1638), 292.00 KiB | 355 KiB/s   Receiving objects:  78% (1278/1638), 292.00 KiB | 355 KiB/s   Receiving objects:  79% (1295/1638), 292.00 KiB | 355 KiB/s   Receiving objects:  80% (1311/1638), 292.00 KiB | 355 KiB/s   Receiving objects:  81% (1327/1638), 292.00 KiB | 355 KiB/s   Receiving objects:  82% (1344/1638), 292.00 KiB | 355 KiB/s   Receiving objects:  83% (1360/1638), 292.00 KiB | 355 KiB/s   Receiving objects:  84% (1376/1638), 292.00 KiB | 355 KiB/s   Receiving objects:  85% (1393/1638), 292.00 KiB | 355 KiB/s   Receiving objects:  86% (1409/1638), 292.00 KiB | 355 KiB/s   Receiving objects:  87% (1426/1638), 292.00 KiB | 355 KiB/s   remote: Total 1638 (delta 538), reused 1384 (delta 424)[K
Receiving objects:  88% (1442/1638), 2.87 MiB | 2.20 MiB/s   Receiving objects:  89% (1458/1638), 2.87 MiB | 2.20 MiB/s   Receiving objects:  90% (1475/1638), 2.87 MiB | 2.20 MiB/s   Receiving objects:  91% (1491/1638), 2.87 MiB | 2.20 MiB/s   Receiving objects:  92% (1507/1638), 2.87 MiB | 2.20 MiB/s   Receiving objects:  93% (1524/1638), 2.87 MiB | 2.20 MiB/s   Receiving objects:  94% (1540/1638), 2.87 MiB | 2.20 MiB/s   Receiving objects:  95% (1557/1638), 2.87 MiB | 2.20 MiB/s   Receiving objects:  96% (1573/1638), 2.87 MiB | 2.20 MiB/s   Receiving objects:  97% (1589/1638), 2.87 MiB | 2.20 MiB/s   Receiving objects:  98% (1606/1638), 2.87 MiB | 2.20 MiB/s   Receiving objects:  99% (1622/1638), 2.87 MiB | 2.20 MiB/s   Receiving objects: 100% (1638/1638), 2.87 MiB | 2.20 MiB/s   Receiving objects: 100% (1638/1638), 2.88 MiB | 2.20 MiB/s, done.
Resolving deltas:   0% (0/538)   Resolving deltas:   2% (13/538)   Resolving deltas:   3% (20/538)   Resolving deltas:   4% (22/538)   Resolving deltas:   5% (29/538)   Resolving deltas:   6% (33/538)   Resolving deltas:   8% (45/538)   Resolving deltas:   9% (49/538)   Resolving deltas:  10% (54/538)   Resolving deltas:  11% (60/538)   Resolving deltas:  14% (76/538)   Resolving deltas:  16% (87/538)   Resolving deltas:  17% (94/538)   Resolving deltas:  18% (99/538)   Resolving deltas:  19% (105/538)   Resolving deltas:  21% (116/538)   Resolving deltas:  27% (146/538)   Resolving deltas:  28% (151/538)   Resolving deltas:  29% (158/538)   Resolving deltas:  30% (165/538)   Resolving deltas:  31% (168/538)   Resolving deltas:  33% (178/538)   Resolving deltas:  34% (184/538)   Resolving deltas:  36% (199/538)   Resolving deltas:  37% (201/538)   Resolving deltas:  38% (205/538)   Resolving deltas:  39% (210/538)   Resolving deltas:  40% (218/538)   Resolving deltas:  41% (222/538)   Resolving deltas:  42% (227/538)   Resolving deltas:  43% (234/538)   Resolving deltas:  44% (240/538)   Resolving deltas:  45% (243/538)   Resolving deltas:  46% (249/538)   Resolving deltas:  47% (255/538)   Resolving deltas:  48% (259/538)   Resolving deltas:  49% (264/538)   Resolving deltas:  50% (269/538)   Resolving deltas:  52% (280/538)   Resolving deltas:  53% (288/538)   Resolving deltas:  54% (291/538)   Resolving deltas:  55% (299/538)   Resolving deltas:  56% (302/538)   Resolving deltas:  57% (307/538)   Resolving deltas:  58% (313/538)   Resolving deltas:  59% (321/538)   Resolving deltas:  60% (323/538)   Resolving deltas:  61% (331/538)   Resolving deltas:  62% (338/538)   Resolving deltas:  63% (339/538)   Resolving deltas:  64% (345/538)   Resolving deltas:  65% (350/538)   Resolving deltas:  66% (358/538)   Resolving deltas:  67% (363/538)   Resolving deltas:  68% (367/538)   Resolving deltas:  69% (373/538)   Resolving deltas:  70% (378/538)   Resolving deltas:  71% (382/538)   Resolving deltas:  72% (388/538)   Resolving deltas:  73% (396/538)   Resolving deltas:  74% (399/538)   Resolving deltas:  75% (406/538)   Resolving deltas:  76% (412/538)   Resolving deltas:  77% (418/538)   Resolving deltas:  78% (421/538)   Resolving deltas:  79% (428/538)   Resolving deltas:  80% (434/538)   Resolving deltas:  83% (447/538)   Resolving deltas:  85% (458/538)   Resolving deltas:  86% (463/538)   Resolving deltas:  87% (469/538)   Resolving deltas:  88% (474/538)   Resolving deltas:  89% (479/538)   Resolving deltas:  90% (489/538)   Resolving deltas:  91% (491/538)   Resolving deltas:  93% (501/538)   Resolving deltas:  96% (517/538)   Resolving deltas:  97% (522/538)   Resolving deltas: 100% (538/538)   Resolving deltas: 100% (538/538), done.
travis_fold:end:git.1$ cd thinkaurelius/titan
travis_fold:start:git.2$ git checkout -qf e87a48a7111572bbd6ece264e13871c48fa36890
travis_fold:end:git.2$ jdk_switcher use openjdk7
Switching to OpenJDK7 (java-1.7.0-openjdk-amd64), JAVA_HOME will be set to /usr/lib/jvm/java-7-openjdk-amd64
update-alternatives: error: no alternatives for apt.
update-alternatives: error: no alternatives for mozilla-javaplugin.so.
update-java-alternatives: plugin alternative does not exist: /usr/lib/jvm/java-7-openjdk-amd64/jre/lib/amd64/IcedTeaPlugin.so
$ java -version
java version "1.7.0_15"
OpenJDK Runtime Environment (IcedTea7 2.3.7) (7u15-2.3.7-0ubuntu1~12.04.1)
OpenJDK 64-Bit Server VM (build 23.7-b01, mixed mode)
$ javac -version
javac 1.7.0_15
travis_fold:start:install$ mvn install --quiet -DskipTests=true
[debug] execute contextualize
[debug] execute contextualize
[debug] execute contextualize
travis_fold:end:install$ mvn test
[INFO] Scanning for projects...
[INFO] ------------------------------------------------------------------------
[INFO] Reactor Build Order:
[INFO] 
[INFO] Titan: Distributed Graph Database
[INFO] Titan-Core: Core Library for Titan
[INFO] Titan-Test: Test Suite for Titan
[INFO] Titan-BerkeleyJE: Distributed Graph Database
[INFO] Titan-Cassandra: Distributed Graph Database
[INFO] Titan-HBase: Distributed Graph Database
[INFO] Titan-All: Complete Titan Distribution
[INFO]                                                                         
[INFO] ------------------------------------------------------------------------
[INFO] Building Titan: Distributed Graph Database 0.2.1
[INFO] ------------------------------------------------------------------------
[INFO] 
[INFO] --- maven-enforcer-plugin:1.0:enforce (enforce-maven) @ titan ---
[INFO]                                                                         
[INFO] ------------------------------------------------------------------------
[INFO] Building Titan-Core: Core Library for Titan 0.2.1
[INFO] ------------------------------------------------------------------------
[INFO] 
[INFO] --- maven-enforcer-plugin:1.0:enforce (enforce-maven) @ titan-core ---
[INFO] 
[INFO] --- maven-resources-plugin:2.3:resources (default-resources) @ titan-core ---
[INFO] Using 'UTF-8' encoding to copy filtered resources.
[INFO] skip non existing resourceDirectory /home/travis/build/thinkaurelius/titan/titan-core/src/main/resources
[INFO] 
[INFO] --- maven-compiler-plugin:2.5.1:compile (default-compile) @ titan-core ---
[INFO] Nothing to compile - all classes are up to date
[INFO] 
[INFO] --- maven-resources-plugin:2.3:testResources (default-testResources) @ titan-core ---
[INFO] Using 'UTF-8' encoding to copy filtered resources.
[INFO] skip non existing resourceDirectory /home/travis/build/thinkaurelius/titan/titan-core/src/test/resources
[INFO] 
[INFO] --- maven-compiler-plugin:2.5.1:testCompile (default-testCompile) @ titan-core ---
[INFO] No sources to compile
[INFO] 
[INFO] --- maven-surefire-plugin:2.11:test (default-test) @ titan-core ---
[INFO] No tests to run.
[INFO] Surefire report directory: /home/travis/build/thinkaurelius/titan/titan-core/target/surefire-reports
Downloading: http://maven.mirrors.travis-ci.org/nexus/content/repositories/central/org/apache/maven/surefire/surefire-junit3/2.11/surefire-junit3-2.11.pom
2/2 KB            Downloaded: http://maven.mirrors.travis-ci.org/nexus/content/repositories/central/org/apache/maven/surefire/surefire-junit3/2.11/surefire-junit3-2.11.pom (2 KB at 2.4 KB/sec)
Downloading: http://maven.mirrors.travis-ci.org/nexus/content/repositories/central/org/apache/maven/surefire/surefire-providers/2.11/surefire-providers-2.11.pom
3/3 KB            Downloaded: http://maven.mirrors.travis-ci.org/nexus/content/repositories/central/org/apache/maven/surefire/surefire-providers/2.11/surefire-providers-2.11.pom (3 KB at 5.6 KB/sec)
Downloading: http://maven.mirrors.travis-ci.org/nexus/content/repositories/central/org/apache/maven/surefire/surefire-junit3/2.11/surefire-junit3-2.11.jar
4/26 KB   8/26 KB   9/26 KB   13/26 KB   17/26 KB   21/26 KB   25/26 KB   26/26 KB              Downloaded: http://maven.mirrors.travis-ci.org/nexus/content/repositories/central/org/apache/maven/surefire/surefire-junit3/2.11/surefire-junit3-2.11.jar (26 KB at 56.8 KB/sec)

-------------------------------------------------------
 T E S T S
-------------------------------------------------------

Results :

Tests run: 0, Failures: 0, Errors: 0, Skipped: 0

[INFO]                                                                         
[INFO] ------------------------------------------------------------------------
[INFO] Building Titan-Test: Test Suite for Titan 0.2.1
[INFO] ------------------------------------------------------------------------
[INFO] 
[INFO] --- maven-enforcer-plugin:1.0:enforce (enforce-maven) @ titan-test ---
[INFO] 
[INFO] --- maven-resources-plugin:2.3:resources (default-resources) @ titan-test ---
[INFO] Using 'UTF-8' encoding to copy filtered resources.
[INFO] skip non existing resourceDirectory /home/travis/build/thinkaurelius/titan/titan-test/src/main/resources
[INFO] 
[INFO] --- maven-compiler-plugin:2.5.1:compile (default-compile) @ titan-test ---
[INFO] Nothing to compile - all classes are up to date
[INFO] 
[INFO] --- maven-resources-plugin:2.3:testResources (default-testResources) @ titan-test ---
[INFO] Using 'UTF-8' encoding to copy filtered resources.
[INFO] Copying 2 resources
[INFO] 
[INFO] --- maven-compiler-plugin:2.5.1:testCompile (default-testCompile) @ titan-test ---
[INFO] Nothing to compile - all classes are up to date
[INFO] 
[INFO] --- maven-surefire-plugin:2.11:test (default-test) @ titan-test ---
[INFO] Surefire report directory: /home/travis/build/thinkaurelius/titan/titan-test/target/surefire-reports
Downloading: http://maven.mirrors.travis-ci.org/nexus/content/repositories/central/org/apache/maven/surefire/surefire-junit4/2.11/surefire-junit4-2.11.pom
3/3 KB              Downloaded: http://maven.mirrors.travis-ci.org/nexus/content/repositories/central/org/apache/maven/surefire/surefire-junit4/2.11/surefire-junit4-2.11.pom (3 KB at 5.5 KB/sec)
Downloading: http://maven.mirrors.travis-ci.org/nexus/content/repositories/central/org/apache/maven/surefire/surefire-junit4/2.11/surefire-junit4-2.11.jar
4/33 KB   8/33 KB   9/33 KB   13/33 KB   17/33 KB   21/33 KB   23/33 KB   27/33 KB   31/33 KB   33/33 KB              Downloaded: http://maven.mirrors.travis-ci.org/nexus/content/repositories/central/org/apache/maven/surefire/surefire-junit4/2.11/surefire-junit4-2.11.jar (33 KB at 57.0 KB/sec)

-------------------------------------------------------
 T E S T S
-------------------------------------------------------
Running com.thinkaurelius.titan.tinkerpop.gremlin.ScriptExecutorTest
Tests run: 1, Failures: 0, Errors: 0, Skipped: 0, Time elapsed: 0.078 sec
Running com.thinkaurelius.titan.util.datastructures.RandomRemovalListTest
Tests run: 3, Failures: 0, Errors: 0, Skipped: 0, Time elapsed: 2.279 sec
Running com.thinkaurelius.titan.diskstorage.locking.LocalLockMediatorTest
Tests run: 1, Failures: 0, Errors: 0, Skipped: 0, Time elapsed: 0.267 sec
Running com.thinkaurelius.titan.graphdb.idmanagement.VariableLongTest
Writing 10000000 longs in 65567319 bytes. in time: 3258
Writing 1000000 longs in 2983488 bytes. in time: 181
Tests run: 5, Failures: 0, Errors: 0, Skipped: 0, Time elapsed: 4.396 sec
Running com.thinkaurelius.titan.tinkerpop.rexster.TitanGraphConfigurationTest
Tests run: 1, Failures: 0, Errors: 0, Skipped: 0, Time elapsed: 0.311 sec
Running com.thinkaurelius.titan.graphdb.serializer.SerializerTest
Tests run: 8, Failures: 0, Errors: 0, Skipped: 0, Time elapsed: 2.811 sec
Running com.thinkaurelius.titan.graphdb.idmanagement.VertexIDAssignerTest
Partition: false
partitionMax: 2147483647
localPartition: null
Partition: true
partitionMax: 2147483647
localPartition: null
Partition: true
partitionMax: 2147483647
localPartition: [0, 2000]
Partition: true
partitionMax: 2147483647
localPartition: [-100000, -1]
Partition: true
partitionMax: 2147483647
localPartition: [-10000, 10000]
Partition: true
partitionMax: 100
localPartition: null
Partition: true
partitionMax: 100
localPartition: [0, 2000]
Partition: true
partitionMax: 100
localPartition: [-100000, -1]
Partition: true
partitionMax: 100
localPartition: [-10000, 10000]
Tests run: 9, Failures: 0, Errors: 0, Skipped: 0, Time elapsed: 9.172 sec
Running com.thinkaurelius.titan.graphdb.loading.EdgeLoadingTest
Tests run: 1, Failures: 0, Errors: 0, Skipped: 0, Time elapsed: 0.055 sec
Running com.thinkaurelius.titan.graphdb.serializer.ByteBufferTest
Tests run: 3, Failures: 0, Errors: 0, Skipped: 0, Time elapsed: 0.355 sec
Running com.thinkaurelius.titan.diskstorage.util.StorageFeaturesTest
Tests run: 1, Failures: 0, Errors: 0, Skipped: 0, Time elapsed: 0 sec
Running com.thinkaurelius.titan.graphdb.idmanagement.IDPoolTest
Tests run: 3, Failures: 0, Errors: 0, Skipped: 0, Time elapsed: 1.904 sec
Running com.thinkaurelius.titan.graphdb.serializer.KryoTest
Tests run: 4, Failures: 0, Errors: 0, Skipped: 0, Time elapsed: 0.011 sec
Running com.thinkaurelius.titan.graphdb.idmanagement.IDManagementTest
Tests run: 3, Failures: 0, Errors: 0, Skipped: 0, Time elapsed: 1.512 sec
Running com.thinkaurelius.titan.util.datastructures.BitMapTest
Tests run: 1, Failures: 0, Errors: 0, Skipped: 0, Time elapsed: 0 sec
Running com.thinkaurelius.titan.blueprints.InMemoryBlueprintsTest
Testing testEmptyKeyProperty...
Testing testVertexCentricLinking...
Testing testVertexCentricRemoving...
Testing testConcurrentModificationOnProperties...
Testing testSettingBadVertexProperties...
Testing testAddManyVertexProperties...
	titaninmemoryblueprintsgraph[null]: 750 vertex properties added (with vertices being added too) in 578.207116000005ms
Testing testRemoveVertexProperties...
Testing testAddingIdProperty...
Testing testNoConcurrentModificationException...
Testing testGettingEdgesAndVertices...
Testing testGetVertexWithNull...
Testing testRemoveVertex...
Testing testRemoveVertexWithEdges...
Testing testGetNonExistantVertices...
Testing testVertexEqualityForSuppliedIdsAndHashCode...
Testing testBasicAddVertex...
Testing testRemoveVertexNullId...
	titaninmemoryblueprintsgraph[null]: 100 vertices added in 2.023929000017233ms
	titaninmemoryblueprintsgraph[null]: 100 vertices removed in 5.37464000005275ms
Testing testVertexIterator...
	titaninmemoryblueprintsgraph[null]: 1000 vertices added in 20.37266999995336ms
	titaninmemoryblueprintsgraph[null]: 1000 vertices counted in 4.18750900006853ms
Testing testLegalVertexEdgeIterables...
Testing testAddVertexProperties...
Testing testVertexEquality...
	titaninmemoryblueprintsgraph[null]: 1 vertex added and retrieved in 0.06564699998125434ms
*** TOTAL TIME [VertexTestSuite]: 819.0770270000212 ***
Testing testRemoveEdges...
Testing testAddingSelfLoops...
Testing testRemoveSelfLoops...
Testing testEdgeIterator...
Testing testAddingLabelAndIdProperty...
Testing testAddEdges...
	titaninmemoryblueprintsgraph[null]: 6 elements added and checked in 2.418870999943465ms
Testing testEmptyKeyProperty...
Testing testSettingBadVertexProperties...
Testing testNoConcurrentModificationException...
Testing testAddingDuplicateEdges...
Testing testRemoveEdgesByRemovingVertex...
Testing testAddManyEdges...
	titaninmemoryblueprintsgraph[null]: 300 elements added in 65.71253599994816ms
	titaninmemoryblueprintsgraph[null]: 100 edges counted in 6.543246999965049ms
	titaninmemoryblueprintsgraph[null]: 200 vertices counted in 0.9704769999952987ms
	titaninmemoryblueprintsgraph[null]: 200 vertices checked in 17.817309999954887ms
Testing testRemoveManyEdges...
	titaninmemoryblueprintsgraph[null]: 20 vertices counted in 0.10835300001781434ms
	titaninmemoryblueprintsgraph[null]: 10 edges counted in 0.5553239999571815ms
	titaninmemoryblueprintsgraph[null]: 10 edges removed and graph checked in 17.626786999986507ms
Testing testAddingRemovingEdgeProperties...
Testing testEdgeCentricRemoving...
Testing testEdgeEquality...
*** TOTAL TIME [EdgeTestSuite]: 174.74947000003885 ***
Testing testGettingVerticesAndEdgesWithKeyValue...
Testing testEmptyOnConstruction...
Testing testGraphDataPersists...
Testing testAutotypingOfProperties...
Testing testStringRepresentation...
	titaninmemoryblueprintsgraph[null]: 1 graph string representation generated in 0.10663000005297363ms
Testing testStringRepresentationOfVertexId...
Testing testSemanticallyCorrectIterables...
Testing testSettingProperties...
Testing testFeatureCompliance...
supportsDuplicateEdges: true
supportsSelfLoops: true
supportsSerializableObjectProperty: true
supportsBooleanProperty: true
supportsDoubleProperty: true
supportsFloatProperty: true
supportsIntegerProperty: true
supportsPrimitiveArrayProperty: true
supportsUniformListProperty: true
supportsMixedListProperty: true
supportsLongProperty: true
supportsMapProperty: true
supportsStringProperty: true
ignoresSuppliedIds: true
isPersistent: false
isRDFModel: false
isWrapper: false
supportsIndices: false
supportsVertexIndex: false
supportsEdgeIndex: false
supportsKeyIndices: true
supportsVertexKeyIndex: true
supportsEdgeKeyIndex: false
supportsEdgeIteration: true
supportsVertexIteration: true
supportsEdgeRetrieval: true
supportsVertexProperties: true
supportsEdgeProperties: true
supportsTransactions: false
supportsThreadedTransactions: false
Testing testConnectivityPatterns...
Testing testVertexEdgeLabels...
Testing testVertexEdgeLabels2...
Testing testTreeConnectivity...
	titaninmemoryblueprintsgraph[null]: 1464 vertices added in a tree structure in 241.08157000003848ms
	titaninmemoryblueprintsgraph[null]: 1464 vertices iterated in 5.520024999976158ms
	titaninmemoryblueprintsgraph[null]: 1463 edges iterated in 26.72822399996221ms
Testing testConcurrentModification...
Testing testAddingVerticesAndEdges...
Testing testDataTypeValidationOnProperties...
Testing testSimpleRemovingVerticesEdges...
Testing testRemovingEdges...
	titaninmemoryblueprintsgraph[null]: 100 vertices added in 1.3859940000111237ms
	titaninmemoryblueprintsgraph[null]: 200 edges added in 47.239625999936834ms
	titaninmemoryblueprintsgraph[null]: 200 edges deleted (with size check on each delete) in 126.69971399998758ms
Testing testRemovingVertices...
	titaninmemoryblueprintsgraph[null]: 500 vertices added in 5.108969000051729ms
	titaninmemoryblueprintsgraph[null]: 250 edges added in 45.722196999937296ms
	titaninmemoryblueprintsgraph[null]: 500 vertices deleted (with size check on each delete) in 96.86049500002991ms
*** TOTAL TIME [GraphTestSuite]: 665.0435820000712 ***
Testing testGraphQueryForEdges...
Testing testVertexQuery...
Testing testGraphQueryForVertices...
*** TOTAL TIME [QueryTestSuite]: 101.56517900002655 ***
Testing testNoConcurrentModificationException...
Testing testKeyIndicesConsistentWithElementRemoval...
Testing testAutoIndexKeyManagementWithPersistence...
	titaninmemoryblueprintsgraph[null]: 2 automatic index keys added in 0.25562800001353025ms
Testing testAutoIndexKeyDroppingWithPersistence...
	titaninmemoryblueprintsgraph[null]: 2 automatic index keys added in 0.2268779999576509ms
*** TOTAL TIME [KeyIndexableGraphTestSuite]: 4.906836000038311 ***
Testing testTinkerGraphVertices...
	titaninmemoryblueprintsgraph[null]: graph-example-1 loaded in 30.150125000043772ms
Testing testReadingTinkerGraph...
Testing testTinkerGraphSoftwareVertices...
	titaninmemoryblueprintsgraph[null]: graph-example-1 loaded in 8.975397999980487ms
Testing testTinkerGraphVertexAndEdges...
	titaninmemoryblueprintsgraph[null]: graph-example-1 loaded in 8.91105500003323ms
Testing testReadingTinkerGraphExample3...
Testing testReadingTinkerGraphExample3MappingLabels...
	titaninmemoryblueprintsgraph[null]: graph-example-3 loaded in 11.404826000100002ms
Testing testReadingTinkerGraphExample3MappingIDs...
	titaninmemoryblueprintsgraph[null]: graph-example-3 loaded in 11.378785999957472ms
Testing testReadingTinkerGraphExample3MappingAll...
	titaninmemoryblueprintsgraph[null]: graph-example-3 loaded in 10.82645799999591ms
Testing testMigratingTinkerGraphExample3...
Testing testAllGraphMLTypeCastsAndDataMappings...
Testing testTinkerGraphEdges...
	titaninmemoryblueprintsgraph[null]: graph-example-1 loaded in 9.159151999978349ms
*** TOTAL TIME [GraphMLReaderTestSuite]: 100.3339960000012 ***
Testing testTinkerGraphVertices...
	titaninmemoryblueprintsgraph[null]: graph-example-1 loaded in 18.352313000010327ms
Testing testReadingTinkerGraph...
Testing testTinkerGraphSoftwareVertices...
	titaninmemoryblueprintsgraph[null]: graph-example-1 loaded in 4.513361999997869ms
Testing testTinkerGraphVertexAndEdges...
	titaninmemoryblueprintsgraph[null]: graph-example-1 loaded in 4.404095000005327ms
Testing testReadingTinkerGraphExample3...
Testing testReadingTinkerGraphExample3MappingLabels...
	titaninmemoryblueprintsgraph[null]: graph-example-3 loaded in 5.327272999915294ms
Testing testReadingTinkerGraphExample3MappingIDs...
	titaninmemoryblueprintsgraph[null]: graph-example-3 loaded in 5.2595560000045225ms
Testing testReadingTinkerGraphExample3MappingAll...
	titaninmemoryblueprintsgraph[null]: graph-example-3 loaded in 4.639997999998741ms
Testing testMigratingTinkerGraphExample3...
Testing testTinkerGraphEdges...
	titaninmemoryblueprintsgraph[null]: graph-example-1 loaded in 4.3939969999482855ms
*** TOTAL TIME [GMLReaderTestSuite]: 56.06323500000872 ***
Tests run: 7, Failures: 0, Errors: 0, Skipped: 0, Time elapsed: 1.936 sec

Results :

Tests run: 51, Failures: 0, Errors: 0, Skipped: 0

[INFO]                                                                         
[INFO] ------------------------------------------------------------------------
[INFO] Building Titan-BerkeleyJE: Distributed Graph Database 0.2.1
[INFO] ------------------------------------------------------------------------
[INFO] 
[INFO] --- maven-enforcer-plugin:1.0:enforce (enforce-maven) @ titan-berkeleyje ---
[INFO] 
[INFO] --- maven-resources-plugin:2.3:resources (default-resources) @ titan-berkeleyje ---
[INFO] Using 'UTF-8' encoding to copy filtered resources.
[INFO] Copying 2 resources
[INFO] 
[INFO] --- maven-compiler-plugin:2.5.1:compile (default-compile) @ titan-berkeleyje ---
[INFO] Nothing to compile - all classes are up to date
[INFO] 
[INFO] --- maven-resources-plugin:2.3:testResources (default-testResources) @ titan-berkeleyje ---
[INFO] Using 'UTF-8' encoding to copy filtered resources.
[INFO] Copying 2 resources
[INFO] 
[INFO] --- maven-compiler-plugin:2.5.1:testCompile (default-testCompile) @ titan-berkeleyje ---
[INFO] Nothing to compile - all classes are up to date
[INFO] 
[INFO] --- maven-surefire-plugin:2.12.1:test (default-test) @ titan-berkeleyje ---
[INFO] Surefire report directory: /home/travis/build/thinkaurelius/titan/titan-berkeleyje/target/surefire-reports
Downloading: http://maven.mirrors.travis-ci.org/nexus/content/repositories/central/org/apache/maven/surefire/surefire-junit4/2.12.1/surefire-junit4-2.12.1.pom
3/3 KB              Downloaded: http://maven.mirrors.travis-ci.org/nexus/content/repositories/central/org/apache/maven/surefire/surefire-junit4/2.12.1/surefire-junit4-2.12.1.pom (3 KB at 3.9 KB/sec)
Downloading: http://maven.mirrors.travis-ci.org/nexus/content/repositories/central/org/apache/maven/surefire/surefire-providers/2.12.1/surefire-providers-2.12.1.pom
3/3 KB            Downloaded: http://maven.mirrors.travis-ci.org/nexus/content/repositories/central/org/apache/maven/surefire/surefire-providers/2.12.1/surefire-providers-2.12.1.pom (3 KB at 7.0 KB/sec)
Downloading: http://maven.mirrors.travis-ci.org/nexus/content/repositories/central/org/apache/maven/surefire/surefire-junit4/2.12.1/surefire-junit4-2.12.1.jar
4/34 KB   8/34 KB   9/34 KB   10/34 KB   14/34 KB   18/34 KB   22/34 KB   26/34 KB   27/34 KB   28/34 KB   32/34 KB   34/34 KB              Downloaded: http://maven.mirrors.travis-ci.org/nexus/content/repositories/central/org/apache/maven/surefire/surefire-junit4/2.12.1/surefire-junit4-2.12.1.jar (34 KB at 63.2 KB/sec)

-------------------------------------------------------
 T E S T S
-------------------------------------------------------
Running com.thinkaurelius.titan.diskstorage.berkeleyje.BerkeleyJEKeyValueTest
Tests run: 7, Failures: 0, Errors: 0, Skipped: 0, Time elapsed: 7.064 sec
Running com.thinkaurelius.titan.diskstorage.berkeleyje.BerkeleyJeHashKeyColumnValueTest
Loading time (ms): 2642
Reading time (ms): 539
Tests run: 17, Failures: 0, Errors: 0, Skipped: 0, Time elapsed: 15.232 sec
Running com.thinkaurelius.titan.tinkerpop.rexster.RexsterServerClientBerkeleyJeTest
Mar 26, 2013 8:02:48 PM org.glassfish.grizzly.servlet.WebappContext deploy
INFO: Starting application [jersey] ...
Mar 26, 2013 8:02:48 PM com.sun.jersey.server.impl.application.WebApplicationImpl _initiate
INFO: Initiating Jersey application, version 'Jersey: 1.17 01/17/2013 03:31 PM'
Mar 26, 2013 8:02:50 PM org.glassfish.grizzly.servlet.WebappContext initServlets
INFO: [jersey] Servlet [com.sun.jersey.spi.container.servlet.ServletContainer] registered for url pattern(s) [[/*]].
Mar 26, 2013 8:02:50 PM org.glassfish.grizzly.servlet.WebappContext deploy
INFO: Application [jersey] is ready to service requests.  Root: [].
Mar 26, 2013 8:02:50 PM org.glassfish.grizzly.http.server.NetworkListener start
INFO: Started listener bound to [0.0.0.0:8182]
Mar 26, 2013 8:02:50 PM org.glassfish.grizzly.http.server.HttpServer start
INFO: [HttpServer] Started.
Mar 26, 2013 8:02:51 PM org.glassfish.grizzly.http.server.NetworkListener stop
INFO: Stopped listener bound to [0.0.0.0:8182]
Tests run: 1, Failures: 0, Errors: 0, Skipped: 0, Time elapsed: 6.176 sec
Running com.thinkaurelius.titan.blueprints.BerkeleyJEBlueprintsTest
Testing testKeyIndicesConsistentWithElementRemoval...
Testing testAutoIndexKeyManagementWithPersistence...
	titangraph[berkeleyje:/tmp/titan-test/standard]: 2 automatic index keys added in 5.862710000015795ms
Testing testNoConcurrentModificationException...
Testing testGettingVerticesAndEdgesWithKeyValue...
*** TOTAL TIME [KeyIndexableGraphTestSuite]: 953.5774359999923 ***
Testing testCompetingThreads...
Testing testCompetingThreadsOnMultipleDbInstances...
Testing testIndexTransactions...
Testing testRepeatedTransactionStopException...
Testing testRemoveInTransaction...
Testing testTransactionIsolationCommitCheck...
added vertex
reading vertex before tx
read vertex before tx
Testing testBasicVertexEdgeTransactions...
Testing testAutomaticSuccessfulTransactionOnShutdown...
Testing testVertexCountOnPreTransactionCommit...
Testing testPropertyTransactions...
	titangraph[berkeleyje:/tmp/titan-test/standard]: 1 vertex added with string property in a successful transaction in 5.612628999981098ms
	titangraph[berkeleyje:/tmp/titan-test/standard]: 1 integer property not added in a failed transaction in 3.0694559999974445ms
	titangraph[berkeleyje:/tmp/titan-test/standard]: 2 vertex properties checked in a successful transaction in 0.8966279999585822ms
	titangraph[berkeleyje:/tmp/titan-test/standard]: 1 edge property added and checked in a successful transaction in 3.1457520000403747ms
	titangraph[berkeleyje:/tmp/titan-test/standard]: 1 edge property added and checked in a failed transaction in 1.3177180000348017ms
Testing testTransactionsForEdges...
	titangraph[berkeleyje:/tmp/titan-test/standard]: 1 edge not added in failed transaction (w/ iteration) in 4.563452999922447ms
	titangraph[berkeleyje:/tmp/titan-test/standard]: 1 edge added in successful transaction (w/ iteration) in 3.1929130000062287ms
Testing testTransactionsForVertices...
	titangraph[berkeleyje:/tmp/titan-test/standard]: 1 vertex not added in failed transaction in 1.248228000011295ms
	titangraph[berkeleyje:/tmp/titan-test/standard]: 1 vertex added in successful transaction in 1.6733290000120178ms
Testing testBulkTransactionsOnEdges...
Testing testTrue...
Testing testAutoStartTransaction...
Testing testBruteVertexTransactions...
	titangraph[berkeleyje:/tmp/titan-test/standard]: 100 vertices added in 100 successful transactions in 87.3341219999129ms
	titangraph[berkeleyje:/tmp/titan-test/standard]: 100 vertices not added in 100 failed transactions in 28.631807999918237ms
	titangraph[berkeleyje:/tmp/titan-test/standard]: 100 vertices added in 1 successful transactions in 56.05467400001362ms
	titangraph[berkeleyje:/tmp/titan-test/standard]: 100 vertices not added in 1 failed transactions in 26.562720000045374ms
Testing testBruteEdgeTransactions...
	titangraph[berkeleyje:/tmp/titan-test/standard]: 100 edges added in 100 successful transactions (2 vertices added for each edge) in 225.2531439999584ms
	titangraph[berkeleyje:/tmp/titan-test/standard]: 100 edges not added in 100 failed transactions (2 vertices added for each edge) in 60.164501000079326ms
	titangraph[berkeleyje:/tmp/titan-test/standard]: 100 edges added in 1 successful transactions (2 vertices added for each edge) in 145.99046999996062ms
	titangraph[berkeleyje:/tmp/titan-test/standard]: 100 edges not added in 1 failed transactions (2 vertices added for each edge) in 72.86495199997444ms
*** TOTAL TIME [TransactionalTitanGraphTestSuite]: 3964.314176999964 ***
Testing testVertexReattachment...
*** TOTAL TIME [TitanSpecificBlueprintsTestSuite]: 87.58403499994893 ***
Testing testReadingTinkerGraphExample3...
Testing testReadingTinkerGraphExample3MappingLabels...
	titangraph[berkeleyje:/tmp/titan-test/standard]: graph-example-3 loaded in 84.36375200003386ms
Testing testAllGraphMLTypeCastsAndDataMappings...
Testing testReadingTinkerGraphExample3MappingAll...
	titangraph[berkeleyje:/tmp/titan-test/standard]: graph-example-3 loaded in 41.6947799999034ms
Testing testMigratingTinkerGraphExample3...
Testing testTinkerGraphVertexAndEdges...
	titangraph[berkeleyje:/tmp/titan-test/standard]: graph-example-1 loaded in 37.81148300005589ms
Testing testReadingTinkerGraphExample3MappingIDs...
	titangraph[berkeleyje:/tmp/titan-test/standard]: graph-example-3 loaded in 38.61571100004949ms
Testing testTinkerGraphSoftwareVertices...
	titangraph[berkeleyje:/tmp/titan-test/standard]: graph-example-1 loaded in 31.395814000046812ms
Testing testTinkerGraphVertices...
	titangraph[berkeleyje:/tmp/titan-test/standard]: graph-example-1 loaded in 45.82477700000163ms
Testing testTinkerGraphEdges...
	titangraph[berkeleyje:/tmp/titan-test/standard]: graph-example-1 loaded in 57.12853799993172ms
Testing testReadingTinkerGraph...
*** TOTAL TIME [GraphMLReaderTestSuite]: 1044.3345539999427 ***
Testing testTinkerGraphVertexAndEdges...
	titangraph[berkeleyje:/tmp/titan-test/standard]: graph-example-1 loaded in 379.63191899994854ms
Testing testTinkerGraphSoftwareVertices...
	titangraph[berkeleyje:/tmp/titan-test/standard]: graph-example-1 loaded in 29.26509600004647ms
Testing testTinkerGraphVertices...
	titangraph[berkeleyje:/tmp/titan-test/standard]: graph-example-1 loaded in 33.881328999996185ms
Testing testTinkerGraphEdges...
	titangraph[berkeleyje:/tmp/titan-test/standard]: graph-example-1 loaded in 38.14322299999185ms
Testing testReadingTinkerGraph...
*** TOTAL TIME [GraphSONReaderTestSuite]: 843.9077539999271 ***
Testing testReadingTinkerGraphExample3...
Testing testReadingTinkerGraphExample3MappingLabels...
	titangraph[berkeleyje:/tmp/titan-test/standard]: graph-example-3 loaded in 32.85675599996466ms
Testing testReadingTinkerGraphExample3MappingAll...
	titangraph[berkeleyje:/tmp/titan-test/standard]: graph-example-3 loaded in 42.542478999937885ms
Testing testMigratingTinkerGraphExample3...
Testing testTinkerGraphVertexAndEdges...
	titangraph[berkeleyje:/tmp/titan-test/standard]: graph-example-1 loaded in 28.073359000030905ms
Testing testReadingTinkerGraphExample3MappingIDs...
	titangraph[berkeleyje:/tmp/titan-test/standard]: graph-example-3 loaded in 29.478330000070855ms
Testing testTinkerGraphSoftwareVertices...
	titangraph[berkeleyje:/tmp/titan-test/standard]: graph-example-1 loaded in 32.44323199999053ms
Testing testTinkerGraphVertices...
	titangraph[berkeleyje:/tmp/titan-test/standard]: graph-example-1 loaded in 34.399590999935754ms
Testing testTinkerGraphEdges...
	titangraph[berkeleyje:/tmp/titan-test/standard]: graph-example-1 loaded in 23.268337999936193ms
Testing testReadingTinkerGraph...
*** TOTAL TIME [GMLReaderTestSuite]: 989.689904000028 ***
Testing testNoConcurrentModificationException...
Testing testVertexEquality...
	titangraph[berkeleyje:/tmp/titan-test/standard]: 1 vertex added and retrieved in 1.501408000010997ms
Testing testVertexEqualityForSuppliedIdsAndHashCode...
Testing testBasicAddVertex...
Testing testGetVertexWithNull...
Testing testRemoveVertexNullId...
	titangraph[berkeleyje:/tmp/titan-test/standard]: 100 vertices added in 8.671667000046ms
	titangraph[berkeleyje:/tmp/titan-test/standard]: 100 vertices removed in 6.637296999921091ms
Testing testVertexIterator...
	titangraph[berkeleyje:/tmp/titan-test/standard]: 1000 vertices added in 91.21857100003399ms
	titangraph[berkeleyje:/tmp/titan-test/standard]: 1000 vertices counted in 2.3126190000912175ms
Testing testLegalVertexEdgeIterables...
Testing testAddVertexProperties...
Testing testEmptyKeyProperty...
Testing testVertexCentricLinking...
Testing testVertexCentricRemoving...
Testing testAddManyVertexProperties...
	titangraph[berkeleyje:/tmp/titan-test/standard]: 750 vertex properties added (with vertices being added too) in 457.00780899997335ms
Testing testRemoveVertexProperties...
Testing testAddingIdProperty...
Testing testGettingEdgesAndVertices...
Testing testConcurrentModificationOnProperties...
Testing testSettingBadVertexProperties...
Testing testRemoveVertex...
Testing testRemoveVertexWithEdges...
Testing testGetNonExistantVertices...
*** TOTAL TIME [VertexTestSuite]: 2278.4528179999907 ***
Testing testNoConcurrentModificationException...
Testing testAddEdges...
	titangraph[berkeleyje:/tmp/titan-test/standard]: 6 elements added and checked in 3.367934999987483ms
Testing testAddManyEdges...
	titangraph[berkeleyje:/tmp/titan-test/standard]: 300 elements added in 43.88829899998382ms
	titangraph[berkeleyje:/tmp/titan-test/standard]: 100 edges counted in 4.046329999924637ms
	titangraph[berkeleyje:/tmp/titan-test/standard]: 200 vertices counted in 0.5992009999463335ms
	titangraph[berkeleyje:/tmp/titan-test/standard]: 200 vertices checked in 9.430845999973826ms
Testing testGetEdges...
	titangraph[berkeleyje:/tmp/titan-test/standard]: 3 edges retrieved in 0.5106650000670925ms
Testing testEdgeEquality...
Testing testGetNonExistantEdges...
Testing testRemoveManyEdges...
	titangraph[berkeleyje:/tmp/titan-test/standard]: 20 vertices counted in 0.27021099999547005ms
	titangraph[berkeleyje:/tmp/titan-test/standard]: 10 edges counted in 0.5279690000461414ms
	titangraph[berkeleyje:/tmp/titan-test/standard]: 10 edges removed and graph checked in 13.679615000030026ms
Testing testAddingDuplicateEdges...
Testing testRemoveEdgesByRemovingVertex...
Testing testRemoveEdges...
Testing testAddingSelfLoops...
Testing testRemoveSelfLoops...
Testing testEdgeIterator...
Testing testAddingRemovingEdgeProperties...
Testing testAddingLabelAndIdProperty...
Testing testEdgeCentricRemoving...
Testing testEmptyKeyProperty...
Testing testSettingBadVertexProperties...
*** TOTAL TIME [EdgeTestSuite]: 1129.766523999977 ***
Testing testEmptyOnConstruction...
Testing testGettingVerticesAndEdgesWithKeyValue...
Testing testFeatureCompliance...
supportsDuplicateEdges: true
supportsSelfLoops: true
supportsSerializableObjectProperty: true
supportsBooleanProperty: true
supportsDoubleProperty: true
supportsFloatProperty: true
supportsIntegerProperty: true
supportsPrimitiveArrayProperty: true
supportsUniformListProperty: true
supportsMixedListProperty: true
supportsLongProperty: true
supportsMapProperty: true
supportsStringProperty: true
ignoresSuppliedIds: true
isPersistent: true
isRDFModel: false
isWrapper: false
supportsIndices: false
supportsVertexIndex: false
supportsEdgeIndex: false
supportsKeyIndices: true
supportsVertexKeyIndex: true
supportsEdgeKeyIndex: false
supportsEdgeIteration: true
supportsVertexIteration: true
supportsEdgeRetrieval: true
supportsVertexProperties: true
supportsEdgeProperties: true
supportsTransactions: true
supportsThreadedTransactions: true
Testing testRemovingVertices...
	titangraph[berkeleyje:/tmp/titan-test/standard]: 500 vertices added in 15.111777000012808ms
	titangraph[berkeleyje:/tmp/titan-test/standard]: 250 edges added in 71.22484800009988ms
	titangraph[berkeleyje:/tmp/titan-test/standard]: 500 vertices deleted (with size check on each delete) in 267.051931999973ms
Testing testConnectivityPatterns...
Testing testVertexEdgeLabels...
Testing testStringRepresentationOfVertexId...
Testing testSemanticallyCorrectIterables...
Testing testAddingVerticesAndEdges...
Testing testSettingProperties...
Testing testDataTypeValidationOnProperties...
Testing testSimpleRemovingVerticesEdges...
Testing testRemovingEdges...
	titangraph[berkeleyje:/tmp/titan-test/standard]: 100 vertices added in 3.489127999986522ms
	titangraph[berkeleyje:/tmp/titan-test/standard]: 200 edges added in 61.995595999993384ms
	titangraph[berkeleyje:/tmp/titan-test/standard]: 200 edges deleted (with size check on each delete) in 67.42209199990612ms
Testing testVertexEdgeLabels2...
Testing testTreeConnectivity...
	titangraph[berkeleyje:/tmp/titan-test/standard]: 1464 vertices added in a tree structure in 199.8653049999848ms
	titangraph[berkeleyje:/tmp/titan-test/standard]: 1464 vertices iterated in 1.4674100000411272ms
	titangraph[berkeleyje:/tmp/titan-test/standard]: 1463 edges iterated in 5.211744999978691ms
Testing testConcurrentModification...
Testing testGraphDataPersists...
	titangraph[berkeleyje:/tmp/titan-test/standard]: 1 graph loaded in 13.58838700002525ms
Testing testAutotypingOfProperties...
*** TOTAL TIME [GraphTestSuite]: 2023.6540850000456 ***
Testing testVertexQuery...
Testing testGraphQueryForVertices...
Testing testGraphQueryForEdges...
*** TOTAL TIME [QueryTestSuite]: 203.13664000004064 ***
Tests run: 10, Failures: 0, Errors: 0, Skipped: 0, Time elapsed: 13.552 sec
Running com.thinkaurelius.titan.diskstorage.berkeleyje.BerkeleyDBjeKeyColumnValueTest
Loading time (ms): 2235
Reading time (ms): 433
Tests run: 17, Failures: 0, Errors: 0, Skipped: 0, Time elapsed: 11.166 sec
Running com.thinkaurelius.titan.graphdb.berkeleyje.BerkeleyJEGraphTest
java.util.GregorianCalendar[time=278380800000,areFieldsSet=true,areAllFieldsSet=true,lenient=true,zone=sun.util.calendar.ZoneInfo[id="Etc/UTC",offset=0,dstSavings=0,useDaylight=false,transitions=0,lastRule=null],firstDayOfWeek=1,minimalDaysInFirstWeek=1,ERA=1,YEAR=1978,MONTH=9,WEEK_OF_YEAR=43,WEEK_OF_MONTH=4,DAY_OF_MONTH=28,DAY_OF_YEAR=301,DAY_OF_WEEK=7,DAY_OF_WEEK_IN_MONTH=4,AM_PM=0,HOUR=0,HOUR_OF_DAY=0,MINUTE=0,SECOND=0,MILLISECOND=0,ZONE_OFFSET=0,DST_OFFSET=0]
java.util.GregorianCalendar[time=278380800000,areFieldsSet=true,areAllFieldsSet=true,lenient=true,zone=sun.util.calendar.ZoneInfo[id="Etc/UTC",offset=0,dstSavings=0,useDaylight=false,transitions=0,lastRule=null],firstDayOfWeek=1,minimalDaysInFirstWeek=1,ERA=1,YEAR=1978,MONTH=9,WEEK_OF_YEAR=43,WEEK_OF_MONTH=4,DAY_OF_MONTH=28,DAY_OF_YEAR=301,DAY_OF_WEEK=7,DAY_OF_WEEK_IN_MONTH=4,AM_PM=0,HOUR=0,HOUR_OF_DAY=0,MINUTE=0,SECOND=0,MILLISECOND=0,ZONE_OFFSET=0,DST_OFFSET=0]
Tests run: 17, Failures: 0, Errors: 0, Skipped: 0, Time elapsed: 8.005 sec
Running com.thinkaurelius.titan.diskstorage.berkeleyje.BerkeleyDBjeKeyColumnValueVariableTest
Loading time (ms): 2777
Reading time (ms): 369
Tests run: 17, Failures: 0, Errors: 0, Skipped: 0, Time elapsed: 11.673 sec

Results :

Tests run: 86, Failures: 0, Errors: 0, Skipped: 0

[INFO]                                                                         
[INFO] ------------------------------------------------------------------------
[INFO] Building Titan-Cassandra: Distributed Graph Database 0.2.1
[INFO] ------------------------------------------------------------------------
[INFO] 
[INFO] --- maven-enforcer-plugin:1.0:enforce (enforce-maven) @ titan-cassandra ---
[INFO] 
[INFO] --- maven-resources-plugin:2.5:resources (default-resources) @ titan-cassandra ---
[debug] execute contextualize
[INFO] Using 'UTF-8' encoding to copy filtered resources.
[INFO] Copying 2 resources
[INFO] 
[INFO] --- maven-compiler-plugin:2.5.1:compile (default-compile) @ titan-cassandra ---
[INFO] Nothing to compile - all classes are up to date
[INFO] 
[INFO] --- maven-resources-plugin:2.5:testResources (default-testResources) @ titan-cassandra ---
[debug] execute contextualize
[INFO] Using 'UTF-8' encoding to copy filtered resources.
[INFO] Copying 2 resources
[INFO] 
[INFO] --- maven-resources-plugin:2.5:copy-resources (copy-resources-127.0.0.1) @ titan-cassandra ---
[debug] execute contextualize
[INFO] Using 'UTF-8' encoding to copy filtered resources.
[INFO] Copying 7 resources
[INFO] 
[INFO] --- maven-compiler-plugin:2.5.1:testCompile (default-testCompile) @ titan-cassandra ---
[INFO] Nothing to compile - all classes are up to date
[INFO] 
[INFO] --- maven-surefire-plugin:2.12.1:test (default-test) @ titan-cassandra ---
[INFO] Surefire report directory: /home/travis/build/thinkaurelius/titan/titan-cassandra/target/surefire-reports

-------------------------------------------------------
 T E S T S
-------------------------------------------------------

-------------------------------------------------------
 T E S T S
-------------------------------------------------------
Running com.thinkaurelius.titan.tinkerpop.rexster.RexsterServerClientCassandraEmbeddedTest
Mar 26, 2013 8:03:49 PM org.glassfish.grizzly.servlet.WebappContext deploy
INFO: Starting application [jersey] ...
Mar 26, 2013 8:03:49 PM com.sun.jersey.server.impl.application.WebApplicationImpl _initiate
INFO: Initiating Jersey application, version 'Jersey: 1.17 01/17/2013 03:31 PM'
Mar 26, 2013 8:03:51 PM org.glassfish.grizzly.servlet.WebappContext initServlets
INFO: [jersey] Servlet [com.sun.jersey.spi.container.servlet.ServletContainer] registered for url pattern(s) [[/*]].
Mar 26, 2013 8:03:51 PM org.glassfish.grizzly.servlet.WebappContext deploy
INFO: Application [jersey] is ready to service requests.  Root: [].
Mar 26, 2013 8:03:51 PM org.glassfish.grizzly.http.server.NetworkListener start
INFO: Started listener bound to [0.0.0.0:8182]
Mar 26, 2013 8:03:51 PM org.glassfish.grizzly.http.server.HttpServer start
INFO: [HttpServer] Started.
Mar 26, 2013 8:03:52 PM org.glassfish.grizzly.http.server.NetworkListener stop
INFO: Stopped listener bound to [0.0.0.0:8182]
Tests run: 1, Failures: 0, Errors: 0, Skipped: 0, Time elapsed: 14.969 sec
Running com.thinkaurelius.titan.diskstorage.cassandra.UUIDTest
Tests run: 1, Failures: 0, Errors: 0, Skipped: 0, Time elapsed: 0.724 sec
Running com.thinkaurelius.titan.diskstorage.cassandra.astyanax.InternalAstyanaxMultiWriteKeyColumnValueTest
Tests run: 2, Failures: 0, Errors: 0, Skipped: 0, Time elapsed: 33.83 sec
Running com.thinkaurelius.titan.diskstorage.cassandra.astyanax.InternalAstyanaxLockKeyColumnValueStoreTest
Tests run: 14, Failures: 0, Errors: 0, Skipped: 0, Time elapsed: 29.5 sec
Running com.thinkaurelius.titan.diskstorage.cassandra.embedded.InternalCassandraEmbeddedKeyColumnValueTest
Loading time (ms): 725
Reading time (ms): 6241
Tests run: 18, Failures: 0, Errors: 0, Skipped: 0, Time elapsed: 37.639 sec
Running com.thinkaurelius.titan.diskstorage.cassandra.thrift.InternalCassandraLockKeyColumnValueStoreTest
Tests run: 14, Failures: 0, Errors: 0, Skipped: 0, Time elapsed: 20.894 sec
Running com.thinkaurelius.titan.diskstorage.cassandra.astyanax.InternalAstyanaxKeyColumnValueTest
Loading time (ms): 961
Reading time (ms): 10713
Tests run: 18, Failures: 0, Errors: 0, Skipped: 0, Time elapsed: 72.164 sec
Running com.thinkaurelius.titan.diskstorage.cassandra.thrift.InternalCassandraThriftKeyColumnValueTest
Loading time (ms): 936
Reading time (ms): 12880
Tests run: 18, Failures: 0, Errors: 0, Skipped: 0, Time elapsed: 90.094 sec
Running com.thinkaurelius.titan.blueprints.InternalCassandraBlueprintsTest
Testing testNoConcurrentModificationException...
Testing testGettingEdgesAndVertices...
Testing testEmptyKeyProperty...
Testing testVertexCentricLinking...
Testing testVertexCentricRemoving...
Testing testConcurrentModificationOnProperties...
Testing testSettingBadVertexProperties...
Testing testVertexEquality...
	titangraph[cassandra:null]: 1 vertex added and retrieved in 612.3683279999532ms
Testing testBasicAddVertex...
Testing testGetVertexWithNull...
Testing testRemoveVertex...
Testing testRemoveVertexWithEdges...
Testing testGetNonExistantVertices...
Testing testRemoveVertexNullId...
	titangraph[cassandra:null]: 100 vertices added in 16.907096000155434ms
	titangraph[cassandra:null]: 100 vertices removed in 10.229838999919593ms
Testing testVertexIterator...
	titangraph[cassandra:null]: 1000 vertices added in 774.4550840000156ms
	titangraph[cassandra:null]: 1000 vertices counted in 5.519594999961555ms
Testing testLegalVertexEdgeIterables...
Testing testAddVertexProperties...
Testing testAddManyVertexProperties...
	titangraph[cassandra:null]: 750 vertex properties added (with vertices being added too) in 21099.547282999847ms
Testing testRemoveVertexProperties...
Testing testAddingIdProperty...
Testing testVertexEqualityForSuppliedIdsAndHashCode...
*** TOTAL TIME [VertexTestSuite]: 77218.01469799993 ***
Testing testNoConcurrentModificationException...
Testing testEmptyKeyProperty...
Testing testSettingBadVertexProperties...
Testing testAddManyEdges...
	titangraph[cassandra:null]: 300 elements added in 3413.9446069998667ms
	titangraph[cassandra:null]: 100 edges counted in 6.573914000065997ms
	titangraph[cassandra:null]: 200 vertices counted in 2.1803290001116693ms
	titangraph[cassandra:null]: 200 vertices checked in 20.5241930000484ms
Testing testGetEdges...
	titangraph[cassandra:null]: 3 edges retrieved in 4.46181400003843ms
Testing testGetNonExistantEdges...
Testing testRemoveManyEdges...
	titangraph[cassandra:null]: 20 vertices counted in 1.7827900000847876ms
	titangraph[cassandra:null]: 10 edges counted in 2.4753409998957068ms
	titangraph[cassandra:null]: 10 edges removed and graph checked in 55.9435260000173ms
Testing testAddingDuplicateEdges...
Testing testRemoveEdgesByRemovingVertex...
Testing testRemoveEdges...
Testing testAddingSelfLoops...
Testing testRemoveSelfLoops...
Testing testEdgeIterator...
Testing testAddingRemovingEdgeProperties...
Testing testAddingLabelAndIdProperty...
Testing testEdgeCentricRemoving...
Testing testEdgeEquality...
Testing testAddEdges...
	titangraph[cassandra:null]: 6 elements added and checked in 922.6956720000599ms
*** TOTAL TIME [EdgeTestSuite]: 41240.03184000007 ***
Testing testSettingProperties...
Testing testDataTypeValidationOnProperties...
Testing testSimpleRemovingVerticesEdges...
Testing testRemovingEdges...
	titangraph[cassandra:null]: 100 vertices added in 637.0762709998526ms
	titangraph[cassandra:null]: 200 edges added in 5253.819725000067ms
	titangraph[cassandra:null]: 200 edges deleted (with size check on each delete) in 647.3841880001128ms
Testing testRemovingVertices...
	titangraph[cassandra:null]: 500 vertices added in 652.7275720001198ms
	titangraph[cassandra:null]: 250 edges added in 6463.042535000015ms
	titangraph[cassandra:null]: 500 vertices deleted (with size check on each delete) in 1061.5183850000612ms
Testing testConnectivityPatterns...
Testing testVertexEdgeLabels...
Testing testVertexEdgeLabels2...
Testing testTreeConnectivity...
	titangraph[cassandra:null]: 1464 vertices added in a tree structure in 1246.8775750000495ms
	titangraph[cassandra:null]: 1464 vertices iterated in 2.875025999965146ms
	titangraph[cassandra:null]: 1463 edges iterated in 8.266718000173569ms
Testing testConcurrentModification...
Testing testGraphDataPersists...
	titangraph[cassandra:null]: 1 graph loaded in 34.438218999886885ms
Testing testAutotypingOfProperties...
Testing testFeatureCompliance...
supportsDuplicateEdges: true
supportsSelfLoops: true
supportsSerializableObjectProperty: true
supportsBooleanProperty: true
supportsDoubleProperty: true
supportsFloatProperty: true
supportsIntegerProperty: true
supportsPrimitiveArrayProperty: true
supportsUniformListProperty: true
supportsMixedListProperty: true
supportsLongProperty: true
supportsMapProperty: true
supportsStringProperty: true
ignoresSuppliedIds: true
isPersistent: true
isRDFModel: false
isWrapper: false
supportsIndices: false
supportsVertexIndex: false
supportsEdgeIndex: false
supportsKeyIndices: true
supportsVertexKeyIndex: true
supportsEdgeKeyIndex: false
supportsEdgeIteration: true
supportsVertexIteration: true
supportsEdgeRetrieval: true
supportsVertexProperties: true
supportsEdgeProperties: true
supportsTransactions: true
supportsThreadedTransactions: true
Testing testEmptyOnConstruction...
Testing testStringRepresentationOfVertexId...
Testing testSemanticallyCorrectIterables...
Testing testGettingVerticesAndEdgesWithKeyValue...
Testing testAddingVerticesAndEdges...
*** TOTAL TIME [GraphTestSuite]: 49922.35723900003 ***
Testing testVertexQuery...
Testing testGraphQueryForVertices...
Testing testGraphQueryForEdges...
*** TOTAL TIME [QueryTestSuite]: 10961.195941999787 ***
Testing testAutoIndexKeyManagementWithPersistence...
	titangraph[cassandra:null]: 2 automatic index keys added in 614.5913489998784ms
Testing testKeyIndicesConsistentWithElementRemoval...
Testing testNoConcurrentModificationException...
Testing testGettingVerticesAndEdgesWithKeyValue...
*** TOTAL TIME [KeyIndexableGraphTestSuite]: 6499.311664999928 ***
Testing testCompetingThreads...
Testing testRepeatedTransactionStopException...
Testing testTrue...
Testing testAutoStartTransaction...
Testing testTransactionsForVertices...
	titangraph[cassandra:null]: 1 vertex not added in failed transaction in 3.681578999850899ms
	titangraph[cassandra:null]: 1 vertex added in successful transaction in 2.524580999976024ms
Testing testBasicVertexEdgeTransactions...
Testing testBruteVertexTransactions...
	titangraph[cassandra:null]: 100 vertices added in 100 successful transactions in 704.3011380000971ms
	titangraph[cassandra:null]: 100 vertices not added in 100 failed transactions in 14.593663000036031ms
	titangraph[cassandra:null]: 100 vertices added in 1 successful transactions in 44.68115899991244ms
	titangraph[cassandra:null]: 100 vertices not added in 1 failed transactions in 56.10822300007567ms
Testing testTransactionsForEdges...
	titangraph[cassandra:null]: 1 edge not added in failed transaction (w/ iteration) in 313.83731700014323ms
	titangraph[cassandra:null]: 1 edge added in successful transaction (w/ iteration) in 109.53322599991225ms
Testing testBruteEdgeTransactions...
	titangraph[cassandra:null]: 100 edges added in 100 successful transactions (2 vertices added for each edge) in 1185.4336400001775ms
	titangraph[cassandra:null]: 100 edges not added in 100 failed transactions (2 vertices added for each edge) in 27.831777000101283ms
	titangraph[cassandra:null]: 100 edges added in 1 successful transactions (2 vertices added for each edge) in 108.89633499993943ms
	titangraph[cassandra:null]: 100 edges not added in 1 failed transactions (2 vertices added for each edge) in 133.2755139998626ms
Testing testPropertyTransactions...
	titangraph[cassandra:null]: 1 vertex added with string property in a successful transaction in 1039.0496159999166ms
	titangraph[cassandra:null]: 1 integer property not added in a failed transaction in 2.8862179999705404ms
	titangraph[cassandra:null]: 2 vertex properties checked in a successful transaction in 1.5647219999227673ms
	titangraph[cassandra:null]: 1 edge property added and checked in a successful transaction in 111.45362600008957ms
	titangraph[cassandra:null]: 1 edge property added and checked in a failed transaction in 3.830292999977246ms
Testing testIndexTransactions...
Testing testAutomaticSuccessfulTransactionOnShutdown...
Testing testVertexCountOnPreTransactionCommit...
Testing testBulkTransactionsOnEdges...
Testing testTransactionIsolationCommitCheck...
added vertex
reading vertex before tx
read vertex before tx
Testing testRemoveInTransaction...
*** TOTAL TIME [TransactionalTitanGraphTestSuite]: 39487.81814100011 ***
Testing testVertexReattachment...
*** TOTAL TIME [TitanSpecificBlueprintsTestSuite]: 3456.446888000006 ***
Testing testTinkerGraphEdges...
	titangraph[cassandra:null]: graph-example-1 loaded in 1394.9402450001799ms
Testing testTinkerGraphVertices...
	titangraph[cassandra:null]: graph-example-1 loaded in 1203.4103249998298ms
Testing testTinkerGraphSoftwareVertices...
	titangraph[cassandra:null]: graph-example-1 loaded in 1070.9584020001348ms
Testing testTinkerGraphVertexAndEdges...
	titangraph[cassandra:null]: graph-example-1 loaded in 1091.1359780000057ms
Testing testReadingTinkerGraphExample3...
Testing testReadingTinkerGraphExample3MappingLabels...
	titangraph[cassandra:null]: graph-example-3 loaded in 1101.1622840000782ms
Testing testReadingTinkerGraphExample3MappingIDs...
	titangraph[cassandra:null]: graph-example-3 loaded in 1076.3293579998426ms
Testing testReadingTinkerGraphExample3MappingAll...
	titangraph[cassandra:null]: graph-example-3 loaded in 1132.3234580000862ms
Testing testMigratingTinkerGraphExample3...
Testing testAllGraphMLTypeCastsAndDataMappings...
Testing testReadingTinkerGraph...
*** TOTAL TIME [GraphMLReaderTestSuite]: 22464.858697999967 ***
Testing testTinkerGraphEdges...
	titangraph[cassandra:null]: graph-example-1 loaded in 1425.1265169999097ms
Testing testTinkerGraphVertices...
	titangraph[cassandra:null]: graph-example-1 loaded in 1101.6695989998989ms
Testing testTinkerGraphSoftwareVertices...
	titangraph[cassandra:null]: graph-example-1 loaded in 1090.9360730000772ms
Testing testTinkerGraphVertexAndEdges...
	titangraph[cassandra:null]: graph-example-1 loaded in 1085.8813199999277ms
Testing testReadingTinkerGraph...
*** TOTAL TIME [GraphSONReaderTestSuite]: 13481.434604000067 ***
Testing testTinkerGraphEdges...
	titangraph[cassandra:null]: graph-example-1 loaded in 1064.5658990000375ms
Testing testTinkerGraphVertices...
	titangraph[cassandra:null]: graph-example-1 loaded in 1074.6729550000746ms
Testing testTinkerGraphSoftwareVertices...
	titangraph[cassandra:null]: graph-example-1 loaded in 1072.2305819999892ms
Testing testTinkerGraphVertexAndEdges...
	titangraph[cassandra:null]: graph-example-1 loaded in 1062.1222540000454ms
Testing testReadingTinkerGraphExample3...
Testing testReadingTinkerGraphExample3MappingLabels...
	titangraph[cassandra:null]: graph-example-3 loaded in 1190.2752859999891ms
Testing testReadingTinkerGraphExample3MappingIDs...
	titangraph[cassandra:null]: graph-example-3 loaded in 1279.4047479999717ms
Testing testReadingTinkerGraphExample3MappingAll...
	titangraph[cassandra:null]: graph-example-3 loaded in 1074.3534109999891ms
Testing testMigratingTinkerGraphExample3...
Testing testReadingTinkerGraph...
*** TOTAL TIME [GMLReaderTestSuite]: 17647.27399100014 ***
Tests run: 10, Failures: 0, Errors: 0, Skipped: 0, Time elapsed: 282.493 sec
Running com.thinkaurelius.titan.graphdb.astyanax.InternalAstyanaxGraphTest
java.util.GregorianCalendar[time=278380800000,areFieldsSet=true,areAllFieldsSet=true,lenient=true,zone=sun.util.calendar.ZoneInfo[id="Etc/UTC",offset=0,dstSavings=0,useDaylight=false,transitions=0,lastRule=null],firstDayOfWeek=1,minimalDaysInFirstWeek=1,ERA=1,YEAR=1978,MONTH=9,WEEK_OF_YEAR=43,WEEK_OF_MONTH=4,DAY_OF_MONTH=28,DAY_OF_YEAR=301,DAY_OF_WEEK=7,DAY_OF_WEEK_IN_MONTH=4,AM_PM=0,HOUR=0,HOUR_OF_DAY=0,MINUTE=0,SECOND=0,MILLISECOND=0,ZONE_OFFSET=0,DST_OFFSET=0]
java.util.GregorianCalendar[time=278380800000,areFieldsSet=true,areAllFieldsSet=true,lenient=true,zone=sun.util.calendar.ZoneInfo[id="Etc/UTC",offset=0,dstSavings=0,useDaylight=false,transitions=0,lastRule=null],firstDayOfWeek=1,minimalDaysInFirstWeek=1,ERA=1,YEAR=1978,MONTH=9,WEEK_OF_YEAR=43,WEEK_OF_MONTH=4,DAY_OF_MONTH=28,DAY_OF_YEAR=301,DAY_OF_WEEK=7,DAY_OF_WEEK_IN_MONTH=4,AM_PM=0,HOUR=0,HOUR_OF_DAY=0,MINUTE=0,SECOND=0,MILLISECOND=0,ZONE_OFFSET=0,DST_OFFSET=0]
Tests run: 17, Failures: 0, Errors: 0, Skipped: 0, Time elapsed: 66.241 sec
Running com.thinkaurelius.titan.diskstorage.cassandra.embedded.InternalCassandraEmbeddedLockKeyColumnValueStoreTest
Tests run: 14, Failures: 0, Errors: 0, Skipped: 0, Time elapsed: 42.859 sec
Running com.thinkaurelius.titan.diskstorage.cassandra.embedded.InternalCassandraEmbeddedMultiWriteKeyColumnValueStoreTest
Tests run: 2, Failures: 0, Errors: 0, Skipped: 0, Time elapsed: 22.372 sec
Running com.thinkaurelius.titan.diskstorage.cassandra.thrift.InternalCassandraThriftMultiWriteKeyColumnValueStoreTest
Tests run: 2, Failures: 0, Errors: 0, Skipped: 0, Time elapsed: 44.434 sec
Running com.thinkaurelius.titan.graphdb.thrift.InternalCassandraGraphTest
java.util.GregorianCalendar[time=278380800000,areFieldsSet=true,areAllFieldsSet=true,lenient=true,zone=sun.util.calendar.ZoneInfo[id="Etc/UTC",offset=0,dstSavings=0,useDaylight=false,transitions=0,lastRule=null],firstDayOfWeek=1,minimalDaysInFirstWeek=1,ERA=1,YEAR=1978,MONTH=9,WEEK_OF_YEAR=43,WEEK_OF_MONTH=4,DAY_OF_MONTH=28,DAY_OF_YEAR=301,DAY_OF_WEEK=7,DAY_OF_WEEK_IN_MONTH=4,AM_PM=0,HOUR=0,HOUR_OF_DAY=0,MINUTE=0,SECOND=0,MILLISECOND=0,ZONE_OFFSET=0,DST_OFFSET=0]
java.util.GregorianCalendar[time=278380800000,areFieldsSet=true,areAllFieldsSet=true,lenient=true,zone=sun.util.calendar.ZoneInfo[id="Etc/UTC",offset=0,dstSavings=0,useDaylight=false,transitions=0,lastRule=null],firstDayOfWeek=1,minimalDaysInFirstWeek=1,ERA=1,YEAR=1978,MONTH=9,WEEK_OF_YEAR=43,WEEK_OF_MONTH=4,DAY_OF_MONTH=28,DAY_OF_YEAR=301,DAY_OF_WEEK=7,DAY_OF_WEEK_IN_MONTH=4,AM_PM=0,HOUR=0,HOUR_OF_DAY=0,MINUTE=0,SECOND=0,MILLISECOND=0,ZONE_OFFSET=0,DST_OFFSET=0]
Tests run: 17, Failures: 0, Errors: 0, Skipped: 0, Time elapsed: 53.97 sec
Running com.thinkaurelius.titan.blueprints.EmbeddedCassandraBlueprintsTest
Testing testNoConcurrentModificationException...
Testing testGettingEdgesAndVertices...
Testing testEmptyKeyProperty...
Testing testVertexCentricLinking...
Testing testVertexCentricRemoving...
Testing testConcurrentModificationOnProperties...
Testing testSettingBadVertexProperties...
Testing testVertexEquality...
	titangraph[embeddedcassandra:null]: 1 vertex added and retrieved in 609.971286999993ms
Testing testBasicAddVertex...
Testing testGetVertexWithNull...
Testing testRemoveVertex...
Testing testRemoveVertexWithEdges...
Testing testGetNonExistantVertices...
Testing testRemoveVertexNullId...
	titangraph[embeddedcassandra:null]: 100 vertices added in 19.042541000060737ms
	titangraph[embeddedcassandra:null]: 100 vertices removed in 11.26162500004284ms
Testing testVertexIterator...
	titangraph[embeddedcassandra:null]: 1000 vertices added in 765.9675819999538ms
	titangraph[embeddedcassandra:null]: 1000 vertices counted in 4.256912000011653ms
Testing testLegalVertexEdgeIterables...
Testing testAddVertexProperties...
Testing testAddManyVertexProperties...
	titangraph[embeddedcassandra:null]: 750 vertex properties added (with vertices being added too) in 20023.21606300003ms
Testing testRemoveVertexProperties...
Testing testAddingIdProperty...
Testing testVertexEqualityForSuppliedIdsAndHashCode...
*** TOTAL TIME [VertexTestSuite]: 55771.060307000065 ***
Testing testNoConcurrentModificationException...
Testing testEmptyKeyProperty...
Testing testSettingBadVertexProperties...
Testing testAddManyEdges...
	titangraph[embeddedcassandra:null]: 300 elements added in 3536.659236999927ms
	titangraph[embeddedcassandra:null]: 100 edges counted in 5.707170000066981ms
	titangraph[embeddedcassandra:null]: 200 vertices counted in 1.4584430002141744ms
	titangraph[embeddedcassandra:null]: 200 vertices checked in 17.955486999824643ms
Testing testGetEdges...
	titangraph[embeddedcassandra:null]: 3 edges retrieved in 1.8436890000011772ms
Testing testGetNonExistantEdges...
Testing testRemoveManyEdges...
	titangraph[embeddedcassandra:null]: 20 vertices counted in 1.0562909999862313ms
	titangraph[embeddedcassandra:null]: 10 edges counted in 1.218851000070572ms
	titangraph[embeddedcassandra:null]: 10 edges removed and graph checked in 31.602514000143856ms
Testing testAddingDuplicateEdges...
Testing testRemoveEdgesByRemovingVertex...
Testing testRemoveEdges...
Testing testAddingSelfLoops...
Testing testRemoveSelfLoops...
Testing testEdgeIterator...
Testing testAddingRemovingEdgeProperties...
Testing testAddingLabelAndIdProperty...
Testing testEdgeCentricRemoving...
Testing testEdgeEquality...
Testing testAddEdges...
	titangraph[embeddedcassandra:null]: 6 elements added and checked in 914.8675959999673ms
*** TOTAL TIME [EdgeTestSuite]: 31742.658055000007 ***
Testing testFeatureCompliance...
supportsDuplicateEdges: true
supportsSelfLoops: true
supportsSerializableObjectProperty: true
supportsBooleanProperty: true
supportsDoubleProperty: true
supportsFloatProperty: true
supportsIntegerProperty: true
supportsPrimitiveArrayProperty: true
supportsUniformListProperty: true
supportsMixedListProperty: true
supportsLongProperty: true
supportsMapProperty: true
supportsStringProperty: true
ignoresSuppliedIds: true
isPersistent: true
isRDFModel: false
isWrapper: false
supportsIndices: false
supportsVertexIndex: false
supportsEdgeIndex: false
supportsKeyIndices: true
supportsVertexKeyIndex: true
supportsEdgeKeyIndex: false
supportsEdgeIteration: true
supportsVertexIteration: true
supportsEdgeRetrieval: true
supportsVertexProperties: true
supportsEdgeProperties: true
supportsTransactions: true
supportsThreadedTransactions: true
Testing testEmptyOnConstruction...
Testing testStringRepresentationOfVertexId...
Testing testSemanticallyCorrectIterables...
Testing testGettingVerticesAndEdgesWithKeyValue...
Testing testAddingVerticesAndEdges...
Testing testSettingProperties...
Testing testDataTypeValidationOnProperties...
Testing testSimpleRemovingVerticesEdges...
Testing testRemovingEdges...
	titangraph[embeddedcassandra:null]: 100 vertices added in 617.4655329999514ms
	titangraph[embeddedcassandra:null]: 200 edges added in 5171.614812999964ms
	titangraph[embeddedcassandra:null]: 200 edges deleted (with size check on each delete) in 514.4790990001056ms
Testing testRemovingVertices...
	titangraph[embeddedcassandra:null]: 500 vertices added in 642.810334000038ms
	titangraph[embeddedcassandra:null]: 250 edges added in 6435.910223999992ms
	titangraph[embeddedcassandra:null]: 500 vertices deleted (with size check on each delete) in 593.4908300000243ms
Testing testConnectivityPatterns...
Testing testVertexEdgeLabels...
Testing testVertexEdgeLabels2...
Testing testTreeConnectivity...
	titangraph[embeddedcassandra:null]: 1464 vertices added in a tree structure in 1237.170688000042ms
	titangraph[embeddedcassandra:null]: 1464 vertices iterated in 2.031108000082895ms
	titangraph[embeddedcassandra:null]: 1463 edges iterated in 5.655780999921262ms
Testing testConcurrentModification...
Testing testGraphDataPersists...
	titangraph[embeddedcassandra:null]: 1 graph loaded in 6.5914459999185055ms
Testing testAutotypingOfProperties...
*** TOTAL TIME [GraphTestSuite]: 41009.614926000126 ***
Testing testVertexQuery...
Testing testGraphQueryForVertices...
Testing testGraphQueryForEdges...
*** TOTAL TIME [QueryTestSuite]: 4566.541507999878 ***
Testing testAutoIndexKeyManagementWithPersistence...
	titangraph[embeddedcassandra:null]: 2 automatic index keys added in 608.8653949999716ms
Testing testNoConcurrentModificationException...
Testing testGettingVerticesAndEdgesWithKeyValue...
Testing testKeyIndicesConsistentWithElementRemoval...
*** TOTAL TIME [KeyIndexableGraphTestSuite]: 4287.603219000157 ***
Testing testCompetingThreads...
Testing testRepeatedTransactionStopException...
Testing testTrue...
Testing testAutoStartTransaction...
Testing testTransactionsForVertices...
	titangraph[embeddedcassandra:null]: 1 vertex not added in failed transaction in 2.507982000010088ms
	titangraph[embeddedcassandra:null]: 1 vertex added in successful transaction in 1.5392700000666082ms
Testing testBasicVertexEdgeTransactions...
Testing testBruteVertexTransactions...
	titangraph[embeddedcassandra:null]: 100 vertices added in 100 successful transactions in 657.5269069999922ms
	titangraph[embeddedcassandra:null]: 100 vertices not added in 100 failed transactions in 12.21830500010401ms
	titangraph[embeddedcassandra:null]: 100 vertices added in 1 successful transactions in 27.498298999853432ms
	titangraph[embeddedcassandra:null]: 100 vertices not added in 1 failed transactions in 32.863720999797806ms
Testing testTransactionsForEdges...
	titangraph[embeddedcassandra:null]: 1 edge not added in failed transaction (w/ iteration) in 309.6379949999973ms
	titangraph[embeddedcassandra:null]: 1 edge added in successful transaction (w/ iteration) in 106.36331899999641ms
Testing testBruteEdgeTransactions...
	titangraph[embeddedcassandra:null]: 100 edges added in 100 successful transactions (2 vertices added for each edge) in 1077.0755969998427ms
	titangraph[embeddedcassandra:null]: 100 edges not added in 100 failed transactions (2 vertices added for each edge) in 22.95267799985595ms
	titangraph[embeddedcassandra:null]: 100 edges added in 1 successful transactions (2 vertices added for each edge) in 64.42738800006919ms
	titangraph[embeddedcassandra:null]: 100 edges not added in 1 failed transactions (2 vertices added for each edge) in 82.08891599997878ms
Testing testPropertyTransactions...
	titangraph[embeddedcassandra:null]: 1 vertex added with string property in a successful transaction in 1021.1147190001793ms
	titangraph[embeddedcassandra:null]: 1 integer property not added in a failed transaction in 1.9321230000350624ms
	titangraph[embeddedcassandra:null]: 2 vertex properties checked in a successful transaction in 1.1302290000021458ms
	titangraph[embeddedcassandra:null]: 1 edge property added and checked in a successful transaction in 103.58816400007345ms
	titangraph[embeddedcassandra:null]: 1 edge property added and checked in a failed transaction in 1.2156780001241714ms
Testing testIndexTransactions...
Testing testAutomaticSuccessfulTransactionOnShutdown...
Testing testVertexCountOnPreTransactionCommit...
Testing testBulkTransactionsOnEdges...
Testing testTransactionIsolationCommitCheck...
added vertex
reading vertex before tx
read vertex before tx
Testing testRemoveInTransaction...
*** TOTAL TIME [TransactionalTitanGraphTestSuite]: 20325.50757100014 ***
Testing testVertexReattachment...
*** TOTAL TIME [TitanSpecificBlueprintsTestSuite]: 1562.803685999941 ***
Testing testTinkerGraphEdges...
	titangraph[embeddedcassandra:null]: graph-example-1 loaded in 1058.3950100000948ms
Testing testTinkerGraphVertices...
	titangraph[embeddedcassandra:null]: graph-example-1 loaded in 1031.430951999966ms
Testing testTinkerGraphSoftwareVertices...
	titangraph[embeddedcassandra:null]: graph-example-1 loaded in 1030.386566999834ms
Testing testTinkerGraphVertexAndEdges...
	titangraph[embeddedcassandra:null]: graph-example-1 loaded in 1029.408689999953ms
Testing testReadingTinkerGraphExample3...
Testing testReadingTinkerGraphExample3MappingLabels...
	titangraph[embeddedcassandra:null]: graph-example-3 loaded in 1035.5624150000513ms
Testing testReadingTinkerGraphExample3MappingIDs...
	titangraph[embeddedcassandra:null]: graph-example-3 loaded in 1034.9377279998735ms
Testing testReadingTinkerGraphExample3MappingAll...
	titangraph[embeddedcassandra:null]: graph-example-3 loaded in 1031.738628000021ms
Testing testMigratingTinkerGraphExample3...
Testing testAllGraphMLTypeCastsAndDataMappings...
Testing testReadingTinkerGraph...
*** TOTAL TIME [GraphMLReaderTestSuite]: 11110.253436000086 ***
Testing testTinkerGraphEdges...
	titangraph[embeddedcassandra:null]: graph-example-1 loaded in 1297.3373329997994ms
Testing testTinkerGraphVertices...
	titangraph[embeddedcassandra:null]: graph-example-1 loaded in 1026.0629249999765ms
Testing testTinkerGraphSoftwareVertices...
	titangraph[embeddedcassandra:null]: graph-example-1 loaded in 1027.5724579999223ms
Testing testTinkerGraphVertexAndEdges...
	titangraph[embeddedcassandra:null]: graph-example-1 loaded in 1026.6638360000215ms
Testing testReadingTinkerGraph...
*** TOTAL TIME [GraphSONReaderTestSuite]: 7324.285584999947 ***
Testing testTinkerGraphEdges...
	titangraph[embeddedcassandra:null]: graph-example-1 loaded in 1030.4326059999876ms
Testing testTinkerGraphVertices...
	titangraph[embeddedcassandra:null]: graph-example-1 loaded in 1025.6743389999028ms
Testing testTinkerGraphSoftwareVertices...
	titangraph[embeddedcassandra:null]: graph-example-1 loaded in 1030.261288000038ms
Testing testTinkerGraphVertexAndEdges...
	titangraph[embeddedcassandra:null]: graph-example-1 loaded in 1027.2759330000263ms
Testing testReadingTinkerGraphExample3...
Testing testReadingTinkerGraphExample3MappingLabels...
	titangraph[embeddedcassandra:null]: graph-example-3 loaded in 1030.2219100000802ms
Testing testReadingTinkerGraphExample3MappingIDs...
	titangraph[embeddedcassandra:null]: graph-example-3 loaded in 1029.2678400001023ms
Testing testReadingTinkerGraphExample3MappingAll...
	titangraph[embeddedcassandra:null]: graph-example-3 loaded in 1026.9093129998073ms
Testing testMigratingTinkerGraphExample3...
Testing testReadingTinkerGraph...
*** TOTAL TIME [GMLReaderTestSuite]: 15380.741604000097 ***
Tests run: 10, Failures: 0, Errors: 0, Skipped: 0, Time elapsed: 193.2 sec
Running com.thinkaurelius.titan.graphdb.embedded.InternalCassandraEmbeddedGraphTest
java.util.GregorianCalendar[time=278380800000,areFieldsSet=true,areAllFieldsSet=true,lenient=true,zone=sun.util.calendar.ZoneInfo[id="Etc/UTC",offset=0,dstSavings=0,useDaylight=false,transitions=0,lastRule=null],firstDayOfWeek=1,minimalDaysInFirstWeek=1,ERA=1,YEAR=1978,MONTH=9,WEEK_OF_YEAR=43,WEEK_OF_MONTH=4,DAY_OF_MONTH=28,DAY_OF_YEAR=301,DAY_OF_WEEK=7,DAY_OF_WEEK_IN_MONTH=4,AM_PM=0,HOUR=0,HOUR_OF_DAY=0,MINUTE=0,SECOND=0,MILLISECOND=0,ZONE_OFFSET=0,DST_OFFSET=0]
java.util.GregorianCalendar[time=278380800000,areFieldsSet=true,areAllFieldsSet=true,lenient=true,zone=sun.util.calendar.ZoneInfo[id="Etc/UTC",offset=0,dstSavings=0,useDaylight=false,transitions=0,lastRule=null],firstDayOfWeek=1,minimalDaysInFirstWeek=1,ERA=1,YEAR=1978,MONTH=9,WEEK_OF_YEAR=43,WEEK_OF_MONTH=4,DAY_OF_MONTH=28,DAY_OF_YEAR=301,DAY_OF_WEEK=7,DAY_OF_WEEK_IN_MONTH=4,AM_PM=0,HOUR=0,HOUR_OF_DAY=0,MINUTE=0,SECOND=0,MILLISECOND=0,ZONE_OFFSET=0,DST_OFFSET=0]
Tests run: 17, Failures: 0, Errors: 0, Skipped: 0, Time elapsed: 51.171 sec

Results :

Tests run: 175, Failures: 0, Errors: 0, Skipped: 0

[INFO]                                                                         
[INFO] ------------------------------------------------------------------------
[INFO] Building Titan-HBase: Distributed Graph Database 0.2.1
[INFO] ------------------------------------------------------------------------
[INFO] 
[INFO] --- maven-enforcer-plugin:1.0:enforce (enforce-maven) @ titan-hbase ---
[INFO] 
[INFO] --- maven-resources-plugin:2.3:resources (default-resources) @ titan-hbase ---
[INFO] Using 'UTF-8' encoding to copy filtered resources.
[INFO] Copying 2 resources
[INFO] 
[INFO] --- maven-compiler-plugin:2.5.1:compile (default-compile) @ titan-hbase ---
[INFO] Nothing to compile - all classes are up to date
[INFO] 
[INFO] --- maven-resources-plugin:2.3:testResources (default-testResources) @ titan-hbase ---
[INFO] Using 'UTF-8' encoding to copy filtered resources.
[INFO] Copying 2 resources
[INFO] 
[INFO] --- maven-compiler-plugin:2.5.1:testCompile (default-testCompile) @ titan-hbase ---
[INFO] Nothing to compile - all classes are up to date
[INFO] 
[INFO] --- maven-dependency-plugin:2.7:copy-dependencies (default) @ titan-hbase ---
[INFO] grizzly-http-2.2.16.jar already exists in destination.
[INFO] guava-12.0.jar already exists in destination.
[INFO] oro-2.0.8.jar already exists in destination.
[INFO] pfl-tf-1.0.0-b001.jar already exists in destination.
[INFO] stax-api-1.0.1.jar already exists in destination.
[INFO] commons-net-1.4.1.jar already exists in destination.
[INFO] json-simple-1.1.jar already exists in destination.
[INFO] metrics-core-2.1.2.jar already exists in destination.
[INFO] pfl-basic-tools-1.0.0-b001.jar already exists in destination.
[INFO] concurrent-1.3.4.jar already exists in destination.
[INFO] pipes-2.3.0.jar already exists in destination.
[INFO] httpcore-4.1.3.jar already exists in destination.
[INFO] hadoop-core-1.0.3.jar already exists in destination.
[INFO] gremlin-groovy-2.3.0.jar already exists in destination.
[INFO] groovy-1.8.9.jar already exists in destination.
[INFO] jline-0.9.94.jar already exists in destination.
[INFO] minlog-1.2.jar already exists in destination.
[INFO] commons-beanutils-1.7.0.jar already exists in destination.
[INFO] jackson-datatype-json-org-2.1.2.jar already exists in destination.
[INFO] commons-httpclient-3.1.jar already exists in destination.
[INFO] javax.servlet-api-3.0.1.jar already exists in destination.
[INFO] asm-commons-3.2.jar already exists in destination.
[INFO] colt-1.2.0.jar already exists in destination.
[INFO] commons-cli-1.2.jar already exists in destination.
[INFO] jersey-client-1.17.jar already exists in destination.
[INFO] jersey-servlet-1.17.jar already exists in destination.
[INFO] jasper-compiler-5.5.23.jar already exists in destination.
[INFO] jackson-annotations-2.1.1.jar already exists in destination.
[INFO] log4j-1.2.16.jar already exists in destination.
[INFO] jamon-runtime-2.3.1.jar already exists in destination.
[INFO] rexster-protocol-2.3.0.jar already exists in destination.
[INFO] jackson-xc-1.8.8.jar already exists in destination.
[INFO] kfs-0.3.jar already exists in destination.
[INFO] jackson-core-asl-1.8.8.jar already exists in destination.
[INFO] libthrift-0.8.0.jar already exists in destination.
[INFO] grizzly-http-servlet-2.2.16.jar already exists in destination.
[INFO] asm-3.2.jar already exists in destination.
[INFO] commons-math-2.2.jar already exists in destination.
[INFO] jaxb-api-2.1.jar already exists in destination.
[INFO] jettison-1.3.3.jar already exists in destination.
[INFO] slf4j-api-1.6.1.jar already exists in destination.
[INFO] grizzly-framework-2.2.16.jar already exists in destination.
[INFO] jersey-core-1.8.jar already exists in destination.
[INFO] jaxb-impl-2.2.3-1.jar already exists in destination.
[INFO] commons-el-1.0.jar already exists in destination.
[INFO] kryo-1.04.jar already exists in destination.
[INFO] asm-analysis-3.2.jar already exists in destination.
[INFO] gremlin-java-2.3.0.jar already exists in destination.
[INFO] mockito-all-1.8.1.jar already exists in destination.
[INFO] core-3.1.1.jar already exists in destination.
[INFO] jackson-databind-2.1.2.jar already exists in destination.
[INFO] asm-tree-3.2.jar already exists in destination.
[INFO] hbase-0.94.1.jar already exists in destination.
[INFO] commons-logging-1.1.1.jar already exists in destination.
[INFO] httpclient-4.1.2.jar already exists in destination.
[INFO] commons-codec-1.7.jar already exists in destination.
[INFO] protobuf-java-2.4.0a.jar already exists in destination.
[INFO] jersey-grizzly2-1.17.jar already exists in destination.
[INFO] jsp-2.1-6.1.14.jar already exists in destination.
[INFO] grizzly-portunif-2.2.16.jar already exists in destination.
[INFO] gmbal-3.2.0-b003.jar already exists in destination.
[INFO] jackson-mapper-asl-1.8.8.jar already exists in destination.
[INFO] jetty-util-6.1.26.jar already exists in destination.
[INFO] jersey-server-1.8.jar already exists in destination.
[INFO] commons-digester-1.8.jar already exists in destination.
[INFO] activation-1.1.jar already exists in destination.
[INFO] commons-lang-2.5.jar already exists in destination.
[INFO] xmlenc-0.52.jar already exists in destination.
[INFO] jets3t-0.7.1.jar already exists in destination.
[INFO] commons-beanutils-core-1.8.0.jar already exists in destination.
[INFO] antlr-2.7.7.jar already exists in destination.
[INFO] grizzly-rcm-2.2.16.jar already exists in destination.
[INFO] asm-util-3.2.jar already exists in destination.
[INFO] pfl-tf-tools-1.0.0-b001.jar already exists in destination.
[INFO] rexster-server-2.3.0.jar already exists in destination.
[INFO] blueprints-test-2.3.0.jar already exists in destination.
[INFO] hsqldb-1.8.0.10.jar already exists in destination.
[INFO] grizzly-core-2.2.16.jar already exists in destination.
[INFO] grizzly-http-server-2.2.16.jar already exists in destination.
[INFO] jsr305-1.3.9.jar already exists in destination.
[INFO] junit-4.8.1.jar already exists in destination.
[INFO] jackson-core-2.1.2.jar already exists in destination.
[INFO] servlet-api-2.5-6.1.14.jar already exists in destination.
[INFO] rexster-core-2.3.0.jar already exists in destination.
[INFO] blueprints-core-2.3.0.jar already exists in destination.
[INFO] jsp-api-2.1-6.1.14.jar already exists in destination.
[INFO] netty-3.2.4.Final.jar already exists in destination.
[INFO] jansi-1.5.jar already exists in destination.
[INFO] zookeeper-3.4.3.jar already exists in destination.
[INFO] commons-collections-3.2.1.jar already exists in destination.
[INFO] json-20090211.jar already exists in destination.
[INFO] commons-io-2.0.1.jar already exists in destination.
[INFO] commons-configuration-1.6.jar already exists in destination.
[INFO] management-api-3.0.0-b012.jar already exists in destination.
[INFO] slf4j-log4j12-1.6.1.jar already exists in destination.
[INFO] classes already exists in destination.
[INFO] classes already exists in destination.
[INFO] msgpack-0.6.5.jar already exists in destination.
[INFO] jersey-json-1.8.jar already exists in destination.
[INFO] jasper-runtime-5.5.23.jar already exists in destination.
[INFO] jackson-jaxrs-1.8.8.jar already exists in destination.
[INFO] avro-ipc-1.5.3.jar already exists in destination.
[INFO] reflectasm-1.01.jar already exists in destination.
[INFO] javassist-3.15.0-GA.jar already exists in destination.
[INFO] pfl-basic-1.0.0-b001.jar already exists in destination.
[INFO] jetty-6.1.26.jar already exists in destination.
[INFO] pfl-asm-1.0.0-b001.jar already exists in destination.
[INFO] high-scale-lib-1.1.1.jar already exists in destination.
[INFO] velocity-1.7.jar already exists in destination.
[INFO] 
[INFO] --- maven-surefire-plugin:2.12.1:test (default-test) @ titan-hbase ---
[INFO] Surefire report directory: /home/travis/build/thinkaurelius/titan/titan-hbase/target/surefire-reports

-------------------------------------------------------
 T E S T S
-------------------------------------------------------
Running com.thinkaurelius.titan.diskstorage.hbase.HBaseLockKeyColumnValueStoreTest
Tests run: 14, Failures: 0, Errors: 0, Skipped: 0, Time elapsed: 52.022 sec
Running com.thinkaurelius.titan.diskstorage.hbase.HBaseMultiWriteKeyColumnValueStoreTest
Tests run: 2, Failures: 0, Errors: 0, Skipped: 0, Time elapsed: 53.392 sec
Running com.thinkaurelius.titan.blueprints.HBaseBlueprintsTest
Testing testVertexQuery...
Testing testGraphQueryForVertices...
Testing testGraphQueryForEdges...
*** TOTAL TIME [QueryTestSuite]: 43481.17428699997 ***
Testing testGettingVerticesAndEdgesWithKeyValue...
Testing testNoConcurrentModificationException...
Testing testKeyIndicesConsistentWithElementRemoval...
Testing testAutoIndexKeyManagementWithPersistence...
	titangraph[hbase:null]: 2 automatic index keys added in 617.746028999798ms
*** TOTAL TIME [KeyIndexableGraphTestSuite]: 5060.698320999974 ***
Testing testCompetingThreads...
Testing testAutoStartTransaction...
Testing testRemoveInTransaction...
Testing testTransactionsForVertices...
	titangraph[hbase:null]: 1 vertex not added in failed transaction in 17.401361000025645ms
	titangraph[hbase:null]: 1 vertex added in successful transaction in 21.376720000058413ms
Testing testBruteVertexTransactions...
	titangraph[hbase:null]: 100 vertices added in 100 successful transactions in 873.5426049998496ms
	titangraph[hbase:null]: 100 vertices not added in 100 failed transactions in 26.354182000039145ms
	titangraph[hbase:null]: 100 vertices added in 1 successful transactions in 79.70008899993263ms
	titangraph[hbase:null]: 100 vertices not added in 1 failed transactions in 96.1349029999692ms
Testing testBasicVertexEdgeTransactions...
Testing testTransactionsForEdges...
	titangraph[hbase:null]: 1 edge not added in failed transaction (w/ iteration) in 333.43747400003485ms
	titangraph[hbase:null]: 1 edge added in successful transaction (w/ iteration) in 128.20805100002326ms
Testing testBruteEdgeTransactions...
	titangraph[hbase:null]: 100 edges added in 100 successful transactions (2 vertices added for each edge) in 1342.7314919999335ms
	titangraph[hbase:null]: 100 edges not added in 100 failed transactions (2 vertices added for each edge) in 55.91056800005026ms
	titangraph[hbase:null]: 100 edges added in 1 successful transactions (2 vertices added for each edge) in 252.27979399985634ms
	titangraph[hbase:null]: 100 edges not added in 1 failed transactions (2 vertices added for each edge) in 363.28518299991265ms
Testing testPropertyTransactions...
	titangraph[hbase:null]: 1 vertex added with string property in a successful transaction in 1023.7395879998803ms
	titangraph[hbase:null]: 1 integer property not added in a failed transaction in 4.679598999908194ms
	titangraph[hbase:null]: 2 vertex properties checked in a successful transaction in 2.795653000008315ms
	titangraph[hbase:null]: 1 edge property added and checked in a successful transaction in 110.69906400004402ms
	titangraph[hbase:null]: 1 edge property added and checked in a failed transaction in 1.4806160000152886ms
Testing testIndexTransactions...
Testing testTransactionIsolationCommitCheck...
added vertex
reading vertex before tx
read vertex before tx
Testing testBulkTransactionsOnEdges...
Testing testTrue...
Testing testRepeatedTransactionStopException...
Testing testAutomaticSuccessfulTransactionOnShutdown...
Testing testVertexCountOnPreTransactionCommit...
*** TOTAL TIME [TransactionalTitanGraphTestSuite]: 26476.115570999915 ***
Testing testVertexReattachment...
*** TOTAL TIME [TitanSpecificBlueprintsTestSuite]: 1914.1928939998616 ***
Testing testTinkerGraphEdges...
	titangraph[hbase:null]: graph-example-1 loaded in 1064.8330020001158ms
Testing testTinkerGraphVertices...
	titangraph[hbase:null]: graph-example-1 loaded in 1050.8446390000172ms
Testing testTinkerGraphSoftwareVertices...
	titangraph[hbase:null]: graph-example-1 loaded in 1060.205496000126ms
Testing testTinkerGraphVertexAndEdges...
	titangraph[hbase:null]: graph-example-1 loaded in 1055.9077570000663ms
Testing testReadingTinkerGraphExample3...
Testing testReadingTinkerGraphExample3MappingLabels...
	titangraph[hbase:null]: graph-example-3 loaded in 1063.3599290000275ms
Testing testReadingTinkerGraph...
Testing testReadingTinkerGraphExample3MappingIDs...
	titangraph[hbase:null]: graph-example-3 loaded in 1071.8952919999138ms
Testing testReadingTinkerGraphExample3MappingAll...
	titangraph[hbase:null]: graph-example-3 loaded in 1063.0495110000484ms
Testing testMigratingTinkerGraphExample3...
Testing testAllGraphMLTypeCastsAndDataMappings...
*** TOTAL TIME [GraphMLReaderTestSuite]: 14224.306508000009 ***
Testing testTinkerGraphEdges...
	titangraph[hbase:null]: graph-example-1 loaded in 1376.0782709999476ms
Testing testTinkerGraphVertices...
	titangraph[hbase:null]: graph-example-1 loaded in 1063.194776999997ms
Testing testTinkerGraphSoftwareVertices...
	titangraph[hbase:null]: graph-example-1 loaded in 1063.3044520001858ms
Testing testTinkerGraphVertexAndEdges...
	titangraph[hbase:null]: graph-example-1 loaded in 1058.3406899999827ms
Testing testReadingTinkerGraph...
*** TOTAL TIME [GraphSONReaderTestSuite]: 8278.004559999797 ***
Testing testTinkerGraphEdges...
	titangraph[hbase:null]: graph-example-1 loaded in 1059.7236880001146ms
Testing testTinkerGraphVertices...
	titangraph[hbase:null]: graph-example-1 loaded in 1050.845629000105ms
Testing testTinkerGraphSoftwareVertices...
	titangraph[hbase:null]: graph-example-1 loaded in 1051.926328000147ms
Testing testTinkerGraphVertexAndEdges...
	titangraph[hbase:null]: graph-example-1 loaded in 1055.2761419999879ms
Testing testReadingTinkerGraphExample3...
Testing testReadingTinkerGraphExample3MappingLabels...
	titangraph[hbase:null]: graph-example-3 loaded in 1061.9889139998704ms
Testing testReadingTinkerGraph...
Testing testReadingTinkerGraphExample3MappingIDs...
	titangraph[hbase:null]: graph-example-3 loaded in 1062.3174540000036ms
Testing testReadingTinkerGraphExample3MappingAll...
	titangraph[hbase:null]: graph-example-3 loaded in 1055.9433089999948ms
Testing testMigratingTinkerGraphExample3...
*** TOTAL TIME [GMLReaderTestSuite]: 12306.088164999848 ***
Testing testBasicAddVertex...
Testing testGetVertexWithNull...
Testing testRemoveVertex...
Testing testRemoveVertexWithEdges...
Testing testGetNonExistantVertices...
Testing testRemoveVertexNullId...
	titangraph[hbase:null]: 100 vertices added in 9.224946999922395ms
	titangraph[hbase:null]: 100 vertices removed in 5.724997999845073ms
Testing testVertexIterator...
	titangraph[hbase:null]: 1000 vertices added in 705.3457780000754ms
	titangraph[hbase:null]: 1000 vertices counted in 13.574624999891967ms
Testing testLegalVertexEdgeIterables...
Testing testAddVertexProperties...
Testing testAddManyVertexProperties...
	titangraph[hbase:null]: 750 vertex properties added (with vertices being added too) in 19988.668793999823ms
Testing testRemoveVertexProperties...
Testing testAddingIdProperty...
Testing testGettingEdgesAndVertices...
Testing testEmptyKeyProperty...
Testing testVertexCentricLinking...
Testing testVertexCentricRemoving...
Testing testConcurrentModificationOnProperties...
Testing testSettingBadVertexProperties...
Testing testVertexEquality...
	titangraph[hbase:null]: 1 vertex added and retrieved in 609.7317389999516ms
Testing testNoConcurrentModificationException...
Testing testVertexEqualityForSuppliedIdsAndHashCode...
*** TOTAL TIME [VertexTestSuite]: 49633.581005000044 ***
Testing testEmptyKeyProperty...
Testing testSettingBadVertexProperties...
Testing testEdgeEquality...
Testing testAddEdges...
	titangraph[hbase:null]: 6 elements added and checked in 964.4957619998604ms
Testing testGetNonExistantEdges...
Testing testRemoveManyEdges...
	titangraph[hbase:null]: 20 vertices counted in 27.770448999945074ms
	titangraph[hbase:null]: 10 edges counted in 29.50946500012651ms
	titangraph[hbase:null]: 10 edges removed and graph checked in 617.6278280001134ms
Testing testAddingDuplicateEdges...
Testing testRemoveEdgesByRemovingVertex...
Testing testRemoveEdges...
Testing testAddingSelfLoops...
Testing testRemoveSelfLoops...
Testing testEdgeIterator...
Testing testAddingRemovingEdgeProperties...
Testing testAddingLabelAndIdProperty...
Testing testEdgeCentricRemoving...
Testing testNoConcurrentModificationException...
Testing testAddManyEdges...
	titangraph[hbase:null]: 300 elements added in 3379.469257000368ms
	titangraph[hbase:null]: 100 edges counted in 33.949940000195056ms
	titangraph[hbase:null]: 200 vertices counted in 32.9822100000456ms
	titangraph[hbase:null]: 200 vertices checked in 48.538817999884486ms
Testing testGetEdges...
	titangraph[hbase:null]: 3 edges retrieved in 0.503010000102222ms
*** TOTAL TIME [EdgeTestSuite]: 34949.21828399971 ***
Testing testEmptyOnConstruction...
Testing testStringRepresentationOfVertexId...
Testing testSemanticallyCorrectIterables...
Testing testAddingVerticesAndEdges...
Testing testSettingProperties...
Testing testDataTypeValidationOnProperties...
Testing testSimpleRemovingVerticesEdges...
Testing testRemovingEdges...
	titangraph[hbase:null]: 100 vertices added in 618.1050950000063ms
	titangraph[hbase:null]: 200 edges added in 5383.475624999963ms
	titangraph[hbase:null]: 200 edges deleted (with size check on each delete) in 14195.975029000081ms
Testing testGettingVerticesAndEdgesWithKeyValue...
Testing testFeatureCompliance...
supportsDuplicateEdges: true
supportsSelfLoops: true
supportsSerializableObjectProperty: true
supportsBooleanProperty: true
supportsDoubleProperty: true
supportsFloatProperty: true
supportsIntegerProperty: true
supportsPrimitiveArrayProperty: true
supportsUniformListProperty: true
supportsMixedListProperty: true
supportsLongProperty: true
supportsMapProperty: true
supportsStringProperty: true
ignoresSuppliedIds: true
isPersistent: true
isRDFModel: false
isWrapper: false
supportsIndices: false
supportsVertexIndex: false
supportsEdgeIndex: false
supportsKeyIndices: true
supportsVertexKeyIndex: true
supportsEdgeKeyIndex: false
supportsEdgeIteration: true
supportsVertexIteration: true
supportsEdgeRetrieval: true
supportsVertexProperties: true
supportsEdgeProperties: true
supportsTransactions: true
supportsThreadedTransactions: true
Testing testRemovingVertices...
	titangraph[hbase:null]: 500 vertices added in 637.0911859995686ms
	titangraph[hbase:null]: 250 edges added in 6715.743197999895ms
	titangraph[hbase:null]: 500 vertices deleted (with size check on each delete) in 28411.303415999748ms
Testing testConnectivityPatterns...
Testing testVertexEdgeLabels...
Testing testVertexEdgeLabels2...
Testing testTreeConnectivity...
	titangraph[hbase:null]: 1464 vertices added in a tree structure in 1193.2695169998333ms
	titangraph[hbase:null]: 1464 vertices iterated in 86.01329799974337ms
	titangraph[hbase:null]: 1463 edges iterated in 72.34940499998629ms
Testing testConcurrentModification...
Testing testGraphDataPersists...
	titangraph[hbase:null]: 1 graph loaded in 73.47268999973312ms
Testing testAutotypingOfProperties...
*** TOTAL TIME [GraphTestSuite]: 86337.25861700019 ***
Tests run: 10, Failures: 0, Errors: 0, Skipped: 0, Time elapsed: 282.687 sec
Running com.thinkaurelius.titan.diskstorage.hbase.HBaseKeyColumnValueTest
Loading time (ms): 1458
Reading time (ms): 4117
Tests run: 17, Failures: 0, Errors: 0, Skipped: 0, Time elapsed: 118.11 sec
Running com.thinkaurelius.titan.graphdb.hbase.HBaseGraphTest
java.util.GregorianCalendar[time=278380800000,areFieldsSet=true,areAllFieldsSet=true,lenient=true,zone=sun.util.calendar.ZoneInfo[id="Etc/UTC",offset=0,dstSavings=0,useDaylight=false,transitions=0,lastRule=null],firstDayOfWeek=1,minimalDaysInFirstWeek=1,ERA=1,YEAR=1978,MONTH=9,WEEK_OF_YEAR=43,WEEK_OF_MONTH=4,DAY_OF_MONTH=28,DAY_OF_YEAR=301,DAY_OF_WEEK=7,DAY_OF_WEEK_IN_MONTH=4,AM_PM=0,HOUR=0,HOUR_OF_DAY=0,MINUTE=0,SECOND=0,MILLISECOND=0,ZONE_OFFSET=0,DST_OFFSET=0]
java.util.GregorianCalendar[time=278380800000,areFieldsSet=true,areAllFieldsSet=true,lenient=true,zone=sun.util.calendar.ZoneInfo[id="Etc/UTC",offset=0,dstSavings=0,useDaylight=false,transitions=0,lastRule=null],firstDayOfWeek=1,minimalDaysInFirstWeek=1,ERA=1,YEAR=1978,MONTH=9,WEEK_OF_YEAR=43,WEEK_OF_MONTH=4,DAY_OF_MONTH=28,DAY_OF_YEAR=301,DAY_OF_WEEK=7,DAY_OF_WEEK_IN_MONTH=4,AM_PM=0,HOUR=0,HOUR_OF_DAY=0,MINUTE=0,SECOND=0,MILLISECOND=0,ZONE_OFFSET=0,DST_OFFSET=0]
Tests run: 17, Failures: 0, Errors: 0, Skipped: 0, Time elapsed: 70.138 sec
All done. Shutting done HBase.

Results :

Tests run: 60, Failures: 0, Errors: 0, Skipped: 0

[INFO]                                                                         
[INFO] ------------------------------------------------------------------------
[INFO] Building Titan-All: Complete Titan Distribution 0.2.1
[INFO] ------------------------------------------------------------------------
[INFO] 
[INFO] --- maven-enforcer-plugin:1.0:enforce (enforce-maven) @ titan-all ---
[INFO] 
[INFO] --- maven-resources-plugin:2.3:resources (default-resources) @ titan-all ---
[INFO] Using 'UTF-8' encoding to copy filtered resources.
[INFO] Copying 1 resource
[INFO] 
[INFO] --- maven-compiler-plugin:2.5.1:compile (default-compile) @ titan-all ---
[INFO] No sources to compile
[INFO] 
[INFO] --- maven-resources-plugin:2.3:testResources (default-testResources) @ titan-all ---
[INFO] Using 'UTF-8' encoding to copy filtered resources.
[INFO] skip non existing resourceDirectory /home/travis/build/thinkaurelius/titan/titan-all/src/test/resources
[INFO] 
[INFO] --- maven-compiler-plugin:2.5.1:testCompile (default-testCompile) @ titan-all ---
[INFO] No sources to compile
[INFO] 
[INFO] --- maven-surefire-plugin:2.11:test (default-test) @ titan-all ---
[INFO] No tests to run.
[INFO] Surefire report directory: /home/travis/build/thinkaurelius/titan/titan-all/target/surefire-reports

-------------------------------------------------------
 T E S T S
-------------------------------------------------------

Results :

Tests run: 0, Failures: 0, Errors: 0, Skipped: 0

[INFO] ------------------------------------------------------------------------
[INFO] Reactor Summary:
[INFO] 
[INFO] Titan: Distributed Graph Database ................. SUCCESS [3.647s]
[INFO] Titan-Core: Core Library for Titan ................ SUCCESS [6.576s]
[INFO] Titan-Test: Test Suite for Titan .................. SUCCESS [27.350s]
[INFO] Titan-BerkeleyJE: Distributed Graph Database ...... SUCCESS [1:16.079s]
[INFO] Titan-Cassandra: Distributed Graph Database ....... SUCCESS [18:12.358s]
[INFO] Titan-HBase: Distributed Graph Database ........... SUCCESS [9:38.767s]
[INFO] Titan-All: Complete Titan Distribution ............ SUCCESS [0.673s]
[INFO] ------------------------------------------------------------------------
[INFO] BUILD SUCCESS
[INFO] ------------------------------------------------------------------------
[INFO] Total time: 29:46.292s
[INFO] Finished at: Tue Mar 26 20:31:28 UTC 2013
[INFO] Final Memory: 18M/119M
[INFO] ------------------------------------------------------------------------

The command "mvn test" exited with 0.

Done. Your build exited with 0.
