Using worker: bluebox-linux-6.worker.travis-ci.org:travis-linux-6

travis_fold:start:git.1$ git clone --depth=50 --branch=master git://github.com/thinkaurelius/titan.git thinkaurelius/titan
Cloning into 'thinkaurelius/titan'...
remote: Counting objects: 1643, done.[K
remote: Compressing objects:   0% (1/900)   [Kremote: Compressing objects:   1% (9/900)   [Kremote: Compressing objects:   2% (18/900)   [Kremote: Compressing objects:   3% (27/900)   [Kremote: Compressing objects:   4% (36/900)   [Kremote: Compressing objects:   5% (45/900)   [Kremote: Compressing objects:   6% (54/900)   [Kremote: Compressing objects:   7% (63/900)   [Kremote: Compressing objects:   8% (72/900)   [Kremote: Compressing objects:   9% (81/900)   [Kremote: Compressing objects:  10% (90/900)   [Kremote: Compressing objects:  11% (99/900)   [Kremote: Compressing objects:  12% (108/900)   [Kremote: Compressing objects:  13% (117/900)   [Kremote: Compressing objects:  14% (126/900)   [Kremote: Compressing objects:  15% (135/900)   [Kremote: Compressing objects:  16% (144/900)   [Kremote: Compressing objects:  17% (153/900)   [Kremote: Compressing objects:  18% (162/900)   [Kremote: Compressing objects:  19% (171/900)   [Kremote: Compressing objects:  20% (180/900)   [Kremote: Compressing objects:  21% (189/900)   [Kremote: Compressing objects:  22% (198/900)   [Kremote: Compressing objects:  23% (207/900)   [Kremote: Compressing objects:  24% (216/900)   [Kremote: Compressing objects:  25% (225/900)   [Kremote: Compressing objects:  26% (234/900)   [Kremote: Compressing objects:  27% (243/900)   [Kremote: Compressing objects:  28% (252/900)   [Kremote: Compressing objects:  29% (261/900)   [Kremote: Compressing objects:  30% (270/900)   [Kremote: Compressing objects:  31% (279/900)   [Kremote: Compressing objects:  32% (288/900)   [Kremote: Compressing objects:  33% (297/900)   [Kremote: Compressing objects:  34% (306/900)   [Kremote: Compressing objects:  35% (315/900)   [Kremote: Compressing objects:  36% (324/900)   [Kremote: Compressing objects:  37% (333/900)   [Kremote: Compressing objects:  38% (342/900)   [Kremote: Compressing objects:  39% (351/900)   [Kremote: Compressing objects:  40% (360/900)   [Kremote: Compressing objects:  41% (369/900)   [Kremote: Compressing objects:  42% (378/900)   [Kremote: Compressing objects:  43% (387/900)   [Kremote: Compressing objects:  44% (396/900)   [Kremote: Compressing objects:  45% (405/900)   [Kremote: Compressing objects:  46% (414/900)   [Kremote: Compressing objects:  47% (423/900)   [Kremote: Compressing objects:  48% (432/900)   [Kremote: Compressing objects:  49% (441/900)   [Kremote: Compressing objects:  50% (450/900)   [Kremote: Compressing objects:  51% (459/900)   [Kremote: Compressing objects:  52% (468/900)   [Kremote: Compressing objects:  53% (477/900)   [Kremote: Compressing objects:  54% (486/900)   [Kremote: Compressing objects:  55% (495/900)   [Kremote: Compressing objects:  56% (504/900)   [Kremote: Compressing objects:  57% (513/900)   [Kremote: Compressing objects:  58% (522/900)   [Kremote: Compressing objects:  59% (531/900)   [Kremote: Compressing objects:  60% (540/900)   [Kremote: Compressing objects:  61% (549/900)   [Kremote: Compressing objects:  62% (558/900)   [Kremote: Compressing objects:  63% (567/900)   [Kremote: Compressing objects:  64% (576/900)   [Kremote: Compressing objects:  65% (585/900)   [Kremote: Compressing objects:  66% (594/900)   [Kremote: Compressing objects:  67% (603/900)   [Kremote: Compressing objects:  68% (612/900)   [Kremote: Compressing objects:  69% (621/900)   [Kremote: Compressing objects:  70% (630/900)   [Kremote: Compressing objects:  71% (639/900)   [Kremote: Compressing objects:  72% (648/900)   [Kremote: Compressing objects:  73% (657/900)   [Kremote: Compressing objects:  74% (666/900)   [Kremote: Compressing objects:  75% (675/900)   [Kremote: Compressing objects:  76% (684/900)   [Kremote: Compressing objects:  77% (693/900)   [Kremote: Compressing objects:  78% (702/900)   [Kremote: Compressing objects:  79% (711/900)   [Kremote: Compressing objects:  80% (720/900)   [Kremote: Compressing objects:  81% (729/900)   [Kremote: Compressing objects:  82% (738/900)   [Kremote: Compressing objects:  83% (747/900)   [Kremote: Compressing objects:  84% (756/900)   [Kremote: Compressing objects:  85% (765/900)   [Kremote: Compressing objects:  86% (774/900)   [Kremote: Compressing objects:  87% (783/900)   [Kremote: Compressing objects:  88% (792/900)   [Kremote: Compressing objects:  89% (801/900)   [Kremote: Compressing objects:  90% (810/900)   [Kremote: Compressing objects:  91% (819/900)   [Kremote: Compressing objects:  92% (828/900)   [Kremote: Compressing objects:  93% (837/900)   [Kremote: Compressing objects:  94% (846/900)   [Kremote: Compressing objects:  95% (855/900)   [Kremote: Compressing objects:  96% (864/900)   [Kremote: Compressing objects:  97% (873/900)   [Kremote: Compressing objects:  98% (882/900)   [Kremote: Compressing objects:  99% (891/900)   [Kremote: Compressing objects: 100% (900/900)   [Kremote: Compressing objects: 100% (900/900), done.[K
Receiving objects:   0% (1/1643)   Receiving objects:   1% (17/1643)   Receiving objects:   2% (33/1643)   Receiving objects:   3% (50/1643)   Receiving objects:   4% (66/1643)   Receiving objects:   5% (83/1643)   Receiving objects:   6% (99/1643)   Receiving objects:   7% (116/1643)   Receiving objects:   8% (132/1643)   Receiving objects:   9% (148/1643)   Receiving objects:  10% (165/1643)   Receiving objects:  11% (181/1643)   Receiving objects:  12% (198/1643)   Receiving objects:  13% (214/1643)   Receiving objects:  14% (231/1643)   Receiving objects:  15% (247/1643)   Receiving objects:  16% (263/1643)   Receiving objects:  17% (280/1643)   Receiving objects:  18% (296/1643), 2.47 MiB | 4.92 MiB/s   Receiving objects:  19% (313/1643), 2.47 MiB | 4.92 MiB/s   Receiving objects:  20% (329/1643), 2.47 MiB | 4.92 MiB/s   Receiving objects:  21% (346/1643), 2.47 MiB | 4.92 MiB/s   Receiving objects:  22% (362/1643), 2.47 MiB | 4.92 MiB/s   Receiving objects:  23% (378/1643), 2.47 MiB | 4.92 MiB/s   Receiving objects:  24% (395/1643), 2.47 MiB | 4.92 MiB/s   Receiving objects:  25% (411/1643), 2.47 MiB | 4.92 MiB/s   Receiving objects:  26% (428/1643), 2.47 MiB | 4.92 MiB/s   Receiving objects:  27% (444/1643), 2.47 MiB | 4.92 MiB/s   Receiving objects:  28% (461/1643), 2.47 MiB | 4.92 MiB/s   Receiving objects:  29% (477/1643), 2.47 MiB | 4.92 MiB/s   Receiving objects:  30% (493/1643), 2.47 MiB | 4.92 MiB/s   Receiving objects:  31% (510/1643), 2.47 MiB | 4.92 MiB/s   Receiving objects:  32% (526/1643), 2.47 MiB | 4.92 MiB/s   Receiving objects:  33% (543/1643), 2.47 MiB | 4.92 MiB/s   Receiving objects:  34% (559/1643), 2.47 MiB | 4.92 MiB/s   Receiving objects:  35% (576/1643), 2.47 MiB | 4.92 MiB/s   Receiving objects:  36% (592/1643), 2.47 MiB | 4.92 MiB/s   Receiving objects:  37% (608/1643), 2.47 MiB | 4.92 MiB/s   Receiving objects:  38% (625/1643), 2.47 MiB | 4.92 MiB/s   Receiving objects:  39% (641/1643), 2.47 MiB | 4.92 MiB/s   Receiving objects:  40% (658/1643), 2.47 MiB | 4.92 MiB/s   Receiving objects:  41% (674/1643), 2.47 MiB | 4.92 MiB/s   Receiving objects:  42% (691/1643), 2.47 MiB | 4.92 MiB/s   Receiving objects:  43% (707/1643), 2.47 MiB | 4.92 MiB/s   Receiving objects:  44% (723/1643), 2.47 MiB | 4.92 MiB/s   Receiving objects:  45% (740/1643), 2.47 MiB | 4.92 MiB/s   Receiving objects:  46% (756/1643), 2.47 MiB | 4.92 MiB/s   Receiving objects:  47% (773/1643), 2.47 MiB | 4.92 MiB/s   Receiving objects:  48% (789/1643), 2.47 MiB | 4.92 MiB/s   Receiving objects:  49% (806/1643), 2.47 MiB | 4.92 MiB/s   Receiving objects:  50% (822/1643), 2.47 MiB | 4.92 MiB/s   Receiving objects:  51% (838/1643), 2.47 MiB | 4.92 MiB/s   Receiving objects:  52% (855/1643), 2.47 MiB | 4.92 MiB/s   Receiving objects:  53% (871/1643), 2.47 MiB | 4.92 MiB/s   Receiving objects:  54% (888/1643), 2.47 MiB | 4.92 MiB/s   Receiving objects:  55% (904/1643), 2.47 MiB | 4.92 MiB/s   Receiving objects:  56% (921/1643), 2.47 MiB | 4.92 MiB/s   Receiving objects:  57% (937/1643), 2.47 MiB | 4.92 MiB/s   remote: Total 1643 (delta 537), reused 1384 (delta 419)[K
Receiving objects:  58% (953/1643), 2.47 MiB | 4.92 MiB/s   Receiving objects:  59% (970/1643), 2.47 MiB | 4.92 MiB/s   Receiving objects:  60% (986/1643), 2.47 MiB | 4.92 MiB/s   Receiving objects:  61% (1003/1643), 2.47 MiB | 4.92 MiB/s   Receiving objects:  62% (1019/1643), 2.47 MiB | 4.92 MiB/s   Receiving objects:  63% (1036/1643), 2.47 MiB | 4.92 MiB/s   Receiving objects:  64% (1052/1643), 2.47 MiB | 4.92 MiB/s   Receiving objects:  65% (1068/1643), 2.47 MiB | 4.92 MiB/s   Receiving objects:  66% (1085/1643), 2.47 MiB | 4.92 MiB/s   Receiving objects:  67% (1101/1643), 2.47 MiB | 4.92 MiB/s   Receiving objects:  68% (1118/1643), 2.47 MiB | 4.92 MiB/s   Receiving objects:  69% (1134/1643), 2.47 MiB | 4.92 MiB/s   Receiving objects:  70% (1151/1643), 2.47 MiB | 4.92 MiB/s   Receiving objects:  71% (1167/1643), 2.47 MiB | 4.92 MiB/s   Receiving objects:  72% (1183/1643), 2.47 MiB | 4.92 MiB/s   Receiving objects:  73% (1200/1643), 2.47 MiB | 4.92 MiB/s   Receiving objects:  74% (1216/1643), 2.47 MiB | 4.92 MiB/s   Receiving objects:  75% (1233/1643), 2.47 MiB | 4.92 MiB/s   Receiving objects:  76% (1249/1643), 2.47 MiB | 4.92 MiB/s   Receiving objects:  77% (1266/1643), 2.47 MiB | 4.92 MiB/s   Receiving objects:  78% (1282/1643), 2.47 MiB | 4.92 MiB/s   Receiving objects:  79% (1298/1643), 2.47 MiB | 4.92 MiB/s   Receiving objects:  80% (1315/1643), 2.47 MiB | 4.92 MiB/s   Receiving objects:  81% (1331/1643), 2.47 MiB | 4.92 MiB/s   Receiving objects:  82% (1348/1643), 2.47 MiB | 4.92 MiB/s   Receiving objects:  83% (1364/1643), 2.47 MiB | 4.92 MiB/s   Receiving objects:  84% (1381/1643), 2.47 MiB | 4.92 MiB/s   Receiving objects:  85% (1397/1643), 2.47 MiB | 4.92 MiB/s   Receiving objects:  86% (1413/1643), 2.47 MiB | 4.92 MiB/s   Receiving objects:  87% (1430/1643), 2.47 MiB | 4.92 MiB/s   Receiving objects:  88% (1446/1643), 2.47 MiB | 4.92 MiB/s   Receiving objects:  89% (1463/1643), 2.47 MiB | 4.92 MiB/s   Receiving objects:  90% (1479/1643), 2.47 MiB | 4.92 MiB/s   Receiving objects:  91% (1496/1643), 2.47 MiB | 4.92 MiB/s   Receiving objects:  92% (1512/1643), 2.47 MiB | 4.92 MiB/s   Receiving objects:  93% (1528/1643), 2.47 MiB | 4.92 MiB/s   Receiving objects:  94% (1545/1643), 2.47 MiB | 4.92 MiB/s   Receiving objects:  95% (1561/1643), 2.47 MiB | 4.92 MiB/s   Receiving objects:  96% (1578/1643), 2.47 MiB | 4.92 MiB/s   Receiving objects:  97% (1594/1643), 2.47 MiB | 4.92 MiB/s   Receiving objects:  98% (1611/1643), 2.47 MiB | 4.92 MiB/s   Receiving objects:  99% (1627/1643), 2.47 MiB | 4.92 MiB/s   Receiving objects: 100% (1643/1643), 2.47 MiB | 4.92 MiB/s   Receiving objects: 100% (1643/1643), 2.88 MiB | 4.92 MiB/s, done.
Resolving deltas:   0% (0/537)   Resolving deltas:   3% (17/537)   Resolving deltas:   4% (23/537)   Resolving deltas:   5% (27/537)   Resolving deltas:   6% (34/537)   Resolving deltas:   8% (45/537)   Resolving deltas:   9% (49/537)   Resolving deltas:  10% (55/537)   Resolving deltas:  11% (60/537)   Resolving deltas:  14% (80/537)   Resolving deltas:  15% (81/537)   Resolving deltas:  16% (86/537)   Resolving deltas:  17% (92/537)   Resolving deltas:  18% (98/537)   Resolving deltas:  19% (103/537)   Resolving deltas:  20% (108/537)   Resolving deltas:  21% (113/537)   Resolving deltas:  22% (121/537)   Resolving deltas:  27% (149/537)   Resolving deltas:  28% (153/537)   Resolving deltas:  29% (161/537)   Resolving deltas:  30% (162/537)   Resolving deltas:  31% (171/537)   Resolving deltas:  32% (175/537)   Resolving deltas:  33% (180/537)   Resolving deltas:  35% (190/537)   Resolving deltas:  36% (197/537)   Resolving deltas:  37% (199/537)   Resolving deltas:  38% (205/537)   Resolving deltas:  39% (213/537)   Resolving deltas:  40% (219/537)   Resolving deltas:  41% (221/537)   Resolving deltas:  42% (227/537)   Resolving deltas:  44% (239/537)   Resolving deltas:  45% (242/537)   Resolving deltas:  46% (248/537)   Resolving deltas:  47% (255/537)   Resolving deltas:  48% (259/537)   Resolving deltas:  49% (264/537)   Resolving deltas:  50% (269/537)   Resolving deltas:  51% (274/537)   Resolving deltas:  52% (283/537)   Resolving deltas:  53% (285/537)   Resolving deltas:  54% (290/537)   Resolving deltas:  55% (299/537)   Resolving deltas:  56% (301/537)   Resolving deltas:  57% (307/537)   Resolving deltas:  58% (312/537)   Resolving deltas:  59% (318/537)   Resolving deltas:  60% (323/537)   Resolving deltas:  61% (331/537)   Resolving deltas:  62% (334/537)   Resolving deltas:  63% (339/537)   Resolving deltas:  64% (344/537)   Resolving deltas:  65% (350/537)   Resolving deltas:  66% (356/537)   Resolving deltas:  67% (361/537)   Resolving deltas:  68% (366/537)   Resolving deltas:  69% (372/537)   Resolving deltas:  70% (379/537)   Resolving deltas:  71% (382/537)   Resolving deltas:  72% (387/537)   Resolving deltas:  74% (400/537)   Resolving deltas:  75% (403/537)   Resolving deltas:  76% (409/537)   Resolving deltas:  77% (415/537)   Resolving deltas:  78% (421/537)   Resolving deltas:  79% (425/537)   Resolving deltas:  80% (433/537)   Resolving deltas:  83% (446/537)   Resolving deltas:  84% (455/537)   Resolving deltas:  85% (458/537)   Resolving deltas:  88% (477/537)   Resolving deltas:  89% (478/537)   Resolving deltas:  90% (484/537)   Resolving deltas:  91% (489/537)   Resolving deltas:  92% (498/537)   Resolving deltas:  93% (500/537)   Resolving deltas:  94% (506/537)   Resolving deltas:  95% (514/537)   Resolving deltas:  96% (516/537)   Resolving deltas:  97% (521/537)   Resolving deltas:  98% (527/537)   Resolving deltas: 100% (537/537)   Resolving deltas: 100% (537/537), done.
travis_fold:end:git.1$ cd thinkaurelius/titan
travis_fold:start:git.2$ git checkout -qf 3e9ad15ed47512233d3af9a1e2d0f0bca07ccad3
travis_fold:end:git.2$ jdk_switcher use openjdk7
Switching to OpenJDK7 (java-1.7.0-openjdk-amd64), JAVA_HOME will be set to /usr/lib/jvm/java-7-openjdk-amd64
update-alternatives: error: no alternatives for apt.
update-alternatives: error: no alternatives for mozilla-javaplugin.so.
update-java-alternatives: plugin alternative does not exist: /usr/lib/jvm/java-7-openjdk-amd64/jre/lib/amd64/IcedTeaPlugin.so
$ java -version
java version "1.7.0_15"
OpenJDK Runtime Environment (IcedTea7 2.3.7) (7u15-2.3.7-0ubuntu1~12.04.1)
OpenJDK 64-Bit Server VM (build 23.7-b01, mixed mode)
$ javac -version
javac 1.7.0_15
travis_fold:start:install$ mvn install --quiet -DskipTests=true
[debug] execute contextualize
[debug] execute contextualize
[debug] execute contextualize
travis_fold:end:install$ mvn test
[INFO] Scanning for projects...
[INFO] ------------------------------------------------------------------------
[INFO] Reactor Build Order:
[INFO] 
[INFO] Titan: Distributed Graph Database
[INFO] Titan-Core: Core Library for Titan
[INFO] Titan-Test: Test Suite for Titan
[INFO] Titan-BerkeleyJE: Distributed Graph Database
[INFO] Titan-Cassandra: Distributed Graph Database
[INFO] Titan-HBase: Distributed Graph Database
[INFO] Titan-All: Complete Titan Distribution
[INFO]                                                                         
[INFO] ------------------------------------------------------------------------
[INFO] Building Titan: Distributed Graph Database 0.2.1
[INFO] ------------------------------------------------------------------------
[INFO] 
[INFO] --- maven-enforcer-plugin:1.0:enforce (enforce-maven) @ titan ---
[INFO]                                                                         
[INFO] ------------------------------------------------------------------------
[INFO] Building Titan-Core: Core Library for Titan 0.2.1
[INFO] ------------------------------------------------------------------------
[INFO] 
[INFO] --- maven-enforcer-plugin:1.0:enforce (enforce-maven) @ titan-core ---
[INFO] 
[INFO] --- maven-resources-plugin:2.3:resources (default-resources) @ titan-core ---
[INFO] Using 'UTF-8' encoding to copy filtered resources.
[INFO] skip non existing resourceDirectory /home/travis/build/thinkaurelius/titan/titan-core/src/main/resources
[INFO] 
[INFO] --- maven-compiler-plugin:2.5.1:compile (default-compile) @ titan-core ---
[INFO] Nothing to compile - all classes are up to date
[INFO] 
[INFO] --- maven-resources-plugin:2.3:testResources (default-testResources) @ titan-core ---
[INFO] Using 'UTF-8' encoding to copy filtered resources.
[INFO] skip non existing resourceDirectory /home/travis/build/thinkaurelius/titan/titan-core/src/test/resources
[INFO] 
[INFO] --- maven-compiler-plugin:2.5.1:testCompile (default-testCompile) @ titan-core ---
[INFO] No sources to compile
[INFO] 
[INFO] --- maven-surefire-plugin:2.11:test (default-test) @ titan-core ---
[INFO] No tests to run.
[INFO] Surefire report directory: /home/travis/build/thinkaurelius/titan/titan-core/target/surefire-reports
Downloading: http://maven.mirrors.travis-ci.org/nexus/content/repositories/central/org/apache/maven/surefire/surefire-junit3/2.11/surefire-junit3-2.11.pom
2/2 KB            Downloaded: http://maven.mirrors.travis-ci.org/nexus/content/repositories/central/org/apache/maven/surefire/surefire-junit3/2.11/surefire-junit3-2.11.pom (2 KB at 2.5 KB/sec)
Downloading: http://maven.mirrors.travis-ci.org/nexus/content/repositories/central/org/apache/maven/surefire/surefire-providers/2.11/surefire-providers-2.11.pom
3/3 KB            Downloaded: http://maven.mirrors.travis-ci.org/nexus/content/repositories/central/org/apache/maven/surefire/surefire-providers/2.11/surefire-providers-2.11.pom (3 KB at 6.9 KB/sec)
Downloading: http://maven.mirrors.travis-ci.org/nexus/content/repositories/central/org/apache/maven/surefire/surefire-junit3/2.11/surefire-junit3-2.11.jar
4/26 KB   8/26 KB   9/26 KB   13/26 KB   17/26 KB   21/26 KB   25/26 KB   26/26 KB              Downloaded: http://maven.mirrors.travis-ci.org/nexus/content/repositories/central/org/apache/maven/surefire/surefire-junit3/2.11/surefire-junit3-2.11.jar (26 KB at 59.1 KB/sec)

-------------------------------------------------------
 T E S T S
-------------------------------------------------------

Results :

Tests run: 0, Failures: 0, Errors: 0, Skipped: 0

[INFO]                                                                         
[INFO] ------------------------------------------------------------------------
[INFO] Building Titan-Test: Test Suite for Titan 0.2.1
[INFO] ------------------------------------------------------------------------
[INFO] 
[INFO] --- maven-enforcer-plugin:1.0:enforce (enforce-maven) @ titan-test ---
[INFO] 
[INFO] --- maven-resources-plugin:2.3:resources (default-resources) @ titan-test ---
[INFO] Using 'UTF-8' encoding to copy filtered resources.
[INFO] skip non existing resourceDirectory /home/travis/build/thinkaurelius/titan/titan-test/src/main/resources
[INFO] 
[INFO] --- maven-compiler-plugin:2.5.1:compile (default-compile) @ titan-test ---
[INFO] Nothing to compile - all classes are up to date
[INFO] 
[INFO] --- maven-resources-plugin:2.3:testResources (default-testResources) @ titan-test ---
[INFO] Using 'UTF-8' encoding to copy filtered resources.
[INFO] Copying 2 resources
[INFO] 
[INFO] --- maven-compiler-plugin:2.5.1:testCompile (default-testCompile) @ titan-test ---
[INFO] Nothing to compile - all classes are up to date
[INFO] 
[INFO] --- maven-surefire-plugin:2.11:test (default-test) @ titan-test ---
[INFO] Surefire report directory: /home/travis/build/thinkaurelius/titan/titan-test/target/surefire-reports
Downloading: http://maven.mirrors.travis-ci.org/nexus/content/repositories/central/org/apache/maven/surefire/surefire-junit4/2.11/surefire-junit4-2.11.pom
3/3 KB              Downloaded: http://maven.mirrors.travis-ci.org/nexus/content/repositories/central/org/apache/maven/surefire/surefire-junit4/2.11/surefire-junit4-2.11.pom (3 KB at 8.3 KB/sec)
Downloading: http://maven.mirrors.travis-ci.org/nexus/content/repositories/central/org/apache/maven/surefire/surefire-junit4/2.11/surefire-junit4-2.11.jar
4/33 KB   8/33 KB   9/33 KB   13/33 KB   17/33 KB   21/33 KB   23/33 KB   27/33 KB   31/33 KB   33/33 KB              Downloaded: http://maven.mirrors.travis-ci.org/nexus/content/repositories/central/org/apache/maven/surefire/surefire-junit4/2.11/surefire-junit4-2.11.jar (33 KB at 64.0 KB/sec)

-------------------------------------------------------
 T E S T S
-------------------------------------------------------
Running com.thinkaurelius.titan.graphdb.loading.EdgeLoadingTest
Tests run: 1, Failures: 0, Errors: 0, Skipped: 0, Time elapsed: 0.349 sec
Running com.thinkaurelius.titan.graphdb.serializer.SerializerTest
Tests run: 8, Failures: 0, Errors: 0, Skipped: 0, Time elapsed: 2.099 sec
Running com.thinkaurelius.titan.diskstorage.util.StorageFeaturesTest
Tests run: 1, Failures: 0, Errors: 0, Skipped: 0, Time elapsed: 0.001 sec
Running com.thinkaurelius.titan.graphdb.serializer.ByteBufferTest
Tests run: 3, Failures: 0, Errors: 0, Skipped: 0, Time elapsed: 0.681 sec
Running com.thinkaurelius.titan.graphdb.idmanagement.VertexIDAssignerTest
Partition: false
partitionMax: 2147483647
localPartition: null
Partition: true
partitionMax: 2147483647
localPartition: null
Partition: true
partitionMax: 2147483647
localPartition: [0, 2000]
Partition: true
partitionMax: 2147483647
localPartition: [-100000, -1]
Partition: true
partitionMax: 2147483647
localPartition: [-10000, 10000]
Partition: true
partitionMax: 100
localPartition: null
Partition: true
partitionMax: 100
localPartition: [0, 2000]
Partition: true
partitionMax: 100
localPartition: [-100000, -1]
Partition: true
partitionMax: 100
localPartition: [-10000, 10000]
Tests run: 9, Failures: 0, Errors: 0, Skipped: 0, Time elapsed: 5.803 sec
Running com.thinkaurelius.titan.tinkerpop.rexster.TitanGraphConfigurationTest
Tests run: 1, Failures: 0, Errors: 0, Skipped: 0, Time elapsed: 0.131 sec
Running com.thinkaurelius.titan.util.datastructures.BitMapTest
Tests run: 1, Failures: 0, Errors: 0, Skipped: 0, Time elapsed: 0 sec
Running com.thinkaurelius.titan.diskstorage.locking.LocalLockMediatorTest
Tests run: 1, Failures: 0, Errors: 0, Skipped: 0, Time elapsed: 0.202 sec
Running com.thinkaurelius.titan.graphdb.idmanagement.VariableLongTest
Writing 10000000 longs in 65567319 bytes. in time: 3227
Writing 1000000 longs in 2983488 bytes. in time: 170
Tests run: 5, Failures: 0, Errors: 0, Skipped: 0, Time elapsed: 4.251 sec
Running com.thinkaurelius.titan.util.datastructures.RandomRemovalListTest
Tests run: 3, Failures: 0, Errors: 0, Skipped: 0, Time elapsed: 1.039 sec
Running com.thinkaurelius.titan.blueprints.InMemoryBlueprintsTest
Testing testEmptyKeyProperty...
Testing testEdgeCentricRemoving...
Testing testSettingBadVertexProperties...
Testing testEdgeEquality...
Testing testAddManyEdges...
	titaninmemoryblueprintsgraph[null]: 300 elements added in 118.34267299994826ms
	titaninmemoryblueprintsgraph[null]: 100 edges counted in 6.898107999935746ms
	titaninmemoryblueprintsgraph[null]: 200 vertices counted in 1.3546189999906346ms
	titaninmemoryblueprintsgraph[null]: 200 vertices checked in 16.3660089999903ms
Testing testRemoveManyEdges...
	titaninmemoryblueprintsgraph[null]: 20 vertices counted in 0.17739199998322874ms
	titaninmemoryblueprintsgraph[null]: 10 edges counted in 0.6654330000746995ms
	titaninmemoryblueprintsgraph[null]: 10 edges removed and graph checked in 19.039065000019036ms
Testing testAddingDuplicateEdges...
Testing testRemoveEdgesByRemovingVertex...
Testing testRemoveEdges...
Testing testAddingSelfLoops...
Testing testRemoveSelfLoops...
Testing testEdgeIterator...
Testing testAddingRemovingEdgeProperties...
Testing testAddingLabelAndIdProperty...
Testing testNoConcurrentModificationException...
Testing testAddEdges...
	titaninmemoryblueprintsgraph[null]: 6 elements added and checked in 1.4612320000305772ms
*** TOTAL TIME [EdgeTestSuite]: 229.52395000006072 ***
Testing testGettingVerticesAndEdgesWithKeyValue...
Testing testEmptyOnConstruction...
Testing testStringRepresentation...
	titaninmemoryblueprintsgraph[null]: 1 graph string representation generated in 0.09020299999974668ms
Testing testStringRepresentationOfVertexId...
Testing testSemanticallyCorrectIterables...
Testing testRemovingEdges...
	titaninmemoryblueprintsgraph[null]: 100 vertices added in 1.592460000072606ms
	titaninmemoryblueprintsgraph[null]: 200 edges added in 88.72971099999268ms
	titaninmemoryblueprintsgraph[null]: 200 edges deleted (with size check on each delete) in 171.86131100007333ms
Testing testRemovingVertices...
	titaninmemoryblueprintsgraph[null]: 500 vertices added in 7.691192000056617ms
	titaninmemoryblueprintsgraph[null]: 250 edges added in 61.72018200007733ms
	titaninmemoryblueprintsgraph[null]: 500 vertices deleted (with size check on each delete) in 103.0762719999766ms
Testing testConnectivityPatterns...
Testing testVertexEdgeLabels...
Testing testVertexEdgeLabels2...
Testing testTreeConnectivity...
	titaninmemoryblueprintsgraph[null]: 1464 vertices added in a tree structure in 206.92937399994116ms
	titaninmemoryblueprintsgraph[null]: 1464 vertices iterated in 6.481431999942288ms
	titaninmemoryblueprintsgraph[null]: 1463 edges iterated in 15.85016499995254ms
Testing testConcurrentModification...
Testing testGraphDataPersists...
Testing testAutotypingOfProperties...
Testing testFeatureCompliance...
supportsDuplicateEdges: true
supportsSelfLoops: true
supportsSerializableObjectProperty: true
supportsBooleanProperty: true
supportsDoubleProperty: true
supportsFloatProperty: true
supportsIntegerProperty: true
supportsPrimitiveArrayProperty: true
supportsUniformListProperty: true
supportsMixedListProperty: true
supportsLongProperty: true
supportsMapProperty: true
supportsStringProperty: true
ignoresSuppliedIds: true
isPersistent: false
isRDFModel: false
isWrapper: false
supportsIndices: false
supportsVertexIndex: false
supportsEdgeIndex: false
supportsKeyIndices: true
supportsVertexKeyIndex: true
supportsEdgeKeyIndex: false
supportsEdgeIteration: true
supportsVertexIteration: true
supportsEdgeRetrieval: true
supportsVertexProperties: true
supportsEdgeProperties: true
supportsTransactions: false
supportsThreadedTransactions: false
Testing testAddingVerticesAndEdges...
Testing testSettingProperties...
Testing testDataTypeValidationOnProperties...
Testing testSimpleRemovingVerticesEdges...
*** TOTAL TIME [GraphTestSuite]: 718.8278929999797 ***
Testing testVertexQuery...
Testing testGraphQueryForVertices...
Testing testGraphQueryForEdges...
*** TOTAL TIME [QueryTestSuite]: 38.77852900000289 ***
Testing testNoConcurrentModificationException...
Testing testAutoIndexKeyManagementWithPersistence...
	titaninmemoryblueprintsgraph[null]: 2 automatic index keys added in 1.2391109999734908ms
Testing testAutoIndexKeyDroppingWithPersistence...
	titaninmemoryblueprintsgraph[null]: 2 automatic index keys added in 0.3993720000144094ms
Testing testKeyIndicesConsistentWithElementRemoval...
*** TOTAL TIME [KeyIndexableGraphTestSuite]: 5.109850000008009 ***
Testing testTinkerGraphEdges...
	titaninmemoryblueprintsgraph[null]: graph-example-1 loaded in 26.46913600002881ms
Testing testTinkerGraphVertices...
	titaninmemoryblueprintsgraph[null]: graph-example-1 loaded in 11.429576999973506ms
Testing testReadingTinkerGraph...
Testing testTinkerGraphSoftwareVertices...
	titaninmemoryblueprintsgraph[null]: graph-example-1 loaded in 11.46079899999313ms
Testing testTinkerGraphVertexAndEdges...
	titaninmemoryblueprintsgraph[null]: graph-example-1 loaded in 10.98950899997726ms
Testing testReadingTinkerGraphExample3...
Testing testReadingTinkerGraphExample3MappingLabels...
	titaninmemoryblueprintsgraph[null]: graph-example-3 loaded in 14.788266999996267ms
Testing testReadingTinkerGraphExample3MappingIDs...
	titaninmemoryblueprintsgraph[null]: graph-example-3 loaded in 14.25933300005272ms
Testing testReadingTinkerGraphExample3MappingAll...
	titaninmemoryblueprintsgraph[null]: graph-example-3 loaded in 13.575942999916151ms
Testing testMigratingTinkerGraphExample3...
Testing testAllGraphMLTypeCastsAndDataMappings...
*** TOTAL TIME [GraphMLReaderTestSuite]: 115.1254370000679 ***
Testing testTinkerGraphEdges...
	titaninmemoryblueprintsgraph[null]: graph-example-1 loaded in 10.289380999980494ms
Testing testTinkerGraphVertices...
	titaninmemoryblueprintsgraph[null]: graph-example-1 loaded in 5.827860999968834ms
Testing testReadingTinkerGraph...
Testing testTinkerGraphSoftwareVertices...
	titaninmemoryblueprintsgraph[null]: graph-example-1 loaded in 5.863535000011325ms
Testing testTinkerGraphVertexAndEdges...
	titaninmemoryblueprintsgraph[null]: graph-example-1 loaded in 5.929686999996193ms
Testing testReadingTinkerGraphExample3...
Testing testReadingTinkerGraphExample3MappingLabels...
	titaninmemoryblueprintsgraph[null]: graph-example-3 loaded in 7.122586000012234ms
Testing testReadingTinkerGraphExample3MappingIDs...
	titaninmemoryblueprintsgraph[null]: graph-example-3 loaded in 6.069608999998309ms
Testing testReadingTinkerGraphExample3MappingAll...
	titaninmemoryblueprintsgraph[null]: graph-example-3 loaded in 5.3868490000022575ms
Testing testMigratingTinkerGraphExample3...
*** TOTAL TIME [GMLReaderTestSuite]: 57.562773999990895 ***
Testing testEmptyKeyProperty...
Testing testSettingBadVertexProperties...
Testing testNoConcurrentModificationException...
Testing testVertexEquality...
	titaninmemoryblueprintsgraph[null]: 1 vertex added and retrieved in 0.14883499999996275ms
Testing testBasicAddVertex...
Testing testLegalVertexEdgeIterables...
Testing testAddVertexProperties...
Testing testAddManyVertexProperties...
	titaninmemoryblueprintsgraph[null]: 750 vertex properties added (with vertices being added too) in 180.6530639999546ms
Testing testRemoveVertexProperties...
Testing testAddingIdProperty...
Testing testGettingEdgesAndVertices...
Testing testVertexCentricLinking...
Testing testVertexCentricRemoving...
Testing testConcurrentModificationOnProperties...
Testing testVertexEqualityForSuppliedIdsAndHashCode...
Testing testGetVertexWithNull...
Testing testRemoveVertex...
Testing testRemoveVertexWithEdges...
Testing testGetNonExistantVertices...
Testing testRemoveVertexNullId...
	titaninmemoryblueprintsgraph[null]: 100 vertices added in 1.3711289999773726ms
	titaninmemoryblueprintsgraph[null]: 100 vertices removed in 4.004920999985188ms
Testing testVertexIterator...
	titaninmemoryblueprintsgraph[null]: 1000 vertices added in 13.897473999997601ms
	titaninmemoryblueprintsgraph[null]: 1000 vertices counted in 1.4848459999775514ms
*** TOTAL TIME [VertexTestSuite]: 234.46645700000226 ***
Tests run: 7, Failures: 0, Errors: 0, Skipped: 0, Time elapsed: 1.42 sec
Running com.thinkaurelius.titan.graphdb.idmanagement.IDPoolTest
Tests run: 3, Failures: 0, Errors: 0, Skipped: 0, Time elapsed: 0.972 sec
Running com.thinkaurelius.titan.graphdb.serializer.KryoTest
Tests run: 4, Failures: 0, Errors: 0, Skipped: 0, Time elapsed: 0.01 sec
Running com.thinkaurelius.titan.graphdb.idmanagement.IDManagementTest
Tests run: 3, Failures: 0, Errors: 0, Skipped: 0, Time elapsed: 1.403 sec
Running com.thinkaurelius.titan.tinkerpop.gremlin.ScriptExecutorTest
Tests run: 1, Failures: 0, Errors: 0, Skipped: 0, Time elapsed: 0 sec

Results :

Tests run: 51, Failures: 0, Errors: 0, Skipped: 0

[INFO]                                                                         
[INFO] ------------------------------------------------------------------------
[INFO] Building Titan-BerkeleyJE: Distributed Graph Database 0.2.1
[INFO] ------------------------------------------------------------------------
[INFO] 
[INFO] --- maven-enforcer-plugin:1.0:enforce (enforce-maven) @ titan-berkeleyje ---
[INFO] 
[INFO] --- maven-resources-plugin:2.3:resources (default-resources) @ titan-berkeleyje ---
[INFO] Using 'UTF-8' encoding to copy filtered resources.
[INFO] Copying 2 resources
[INFO] 
[INFO] --- maven-compiler-plugin:2.5.1:compile (default-compile) @ titan-berkeleyje ---
[INFO] Nothing to compile - all classes are up to date
[INFO] 
[INFO] --- maven-resources-plugin:2.3:testResources (default-testResources) @ titan-berkeleyje ---
[INFO] Using 'UTF-8' encoding to copy filtered resources.
[INFO] Copying 2 resources
[INFO] 
[INFO] --- maven-compiler-plugin:2.5.1:testCompile (default-testCompile) @ titan-berkeleyje ---
[INFO] Nothing to compile - all classes are up to date
[INFO] 
[INFO] --- maven-surefire-plugin:2.12.1:test (default-test) @ titan-berkeleyje ---
[INFO] Surefire report directory: /home/travis/build/thinkaurelius/titan/titan-berkeleyje/target/surefire-reports
Downloading: http://maven.mirrors.travis-ci.org/nexus/content/repositories/central/org/apache/maven/surefire/surefire-junit4/2.12.1/surefire-junit4-2.12.1.pom
3/3 KB              Downloaded: http://maven.mirrors.travis-ci.org/nexus/content/repositories/central/org/apache/maven/surefire/surefire-junit4/2.12.1/surefire-junit4-2.12.1.pom (3 KB at 7.6 KB/sec)
Downloading: http://maven.mirrors.travis-ci.org/nexus/content/repositories/central/org/apache/maven/surefire/surefire-providers/2.12.1/surefire-providers-2.12.1.pom
3/3 KB            Downloaded: http://maven.mirrors.travis-ci.org/nexus/content/repositories/central/org/apache/maven/surefire/surefire-providers/2.12.1/surefire-providers-2.12.1.pom (3 KB at 6.9 KB/sec)
Downloading: http://maven.mirrors.travis-ci.org/nexus/content/repositories/central/org/apache/maven/surefire/surefire-junit4/2.12.1/surefire-junit4-2.12.1.jar
4/34 KB   8/34 KB   9/34 KB   13/34 KB   17/34 KB   21/34 KB   23/34 KB   27/34 KB   31/34 KB   34/34 KB              Downloaded: http://maven.mirrors.travis-ci.org/nexus/content/repositories/central/org/apache/maven/surefire/surefire-junit4/2.12.1/surefire-junit4-2.12.1.jar (34 KB at 63.9 KB/sec)

-------------------------------------------------------
 T E S T S
-------------------------------------------------------
Running com.thinkaurelius.titan.diskstorage.berkeleyje.BerkeleyDBjeKeyColumnValueTest
Loading time (ms): 2534
Reading time (ms): 879
Tests run: 17, Failures: 0, Errors: 0, Skipped: 0, Time elapsed: 19.746 sec
Running com.thinkaurelius.titan.diskstorage.berkeleyje.BerkeleyJeHashKeyColumnValueTest
Loading time (ms): 2596
Reading time (ms): 672
Tests run: 17, Failures: 0, Errors: 0, Skipped: 0, Time elapsed: 11.81 sec
Running com.thinkaurelius.titan.diskstorage.berkeleyje.BerkeleyDBjeKeyColumnValueVariableTest
Loading time (ms): 2602
Reading time (ms): 448
Tests run: 17, Failures: 0, Errors: 0, Skipped: 0, Time elapsed: 9.602 sec
Running com.thinkaurelius.titan.tinkerpop.rexster.RexsterServerClientBerkeleyJeTest
Mar 26, 2013 9:36:35 PM org.glassfish.grizzly.servlet.WebappContext deploy
INFO: Starting application [jersey] ...
Mar 26, 2013 9:36:35 PM com.sun.jersey.server.impl.application.WebApplicationImpl _initiate
INFO: Initiating Jersey application, version 'Jersey: 1.17 01/17/2013 03:31 PM'
Mar 26, 2013 9:36:37 PM org.glassfish.grizzly.servlet.WebappContext initServlets
INFO: [jersey] Servlet [com.sun.jersey.spi.container.servlet.ServletContainer] registered for url pattern(s) [[/*]].
Mar 26, 2013 9:36:37 PM org.glassfish.grizzly.servlet.WebappContext deploy
INFO: Application [jersey] is ready to service requests.  Root: [].
Mar 26, 2013 9:36:37 PM org.glassfish.grizzly.http.server.NetworkListener start
INFO: Started listener bound to [0.0.0.0:8182]
Mar 26, 2013 9:36:37 PM org.glassfish.grizzly.http.server.HttpServer start
INFO: [HttpServer] Started.
Mar 26, 2013 9:36:39 PM org.glassfish.grizzly.http.server.NetworkListener stop
INFO: Stopped listener bound to [0.0.0.0:8182]
Tests run: 1, Failures: 0, Errors: 0, Skipped: 0, Time elapsed: 5.752 sec
Running com.thinkaurelius.titan.graphdb.berkeleyje.BerkeleyJEGraphTest
java.util.GregorianCalendar[time=278380800000,areFieldsSet=true,areAllFieldsSet=true,lenient=true,zone=sun.util.calendar.ZoneInfo[id="Etc/UTC",offset=0,dstSavings=0,useDaylight=false,transitions=0,lastRule=null],firstDayOfWeek=1,minimalDaysInFirstWeek=1,ERA=1,YEAR=1978,MONTH=9,WEEK_OF_YEAR=43,WEEK_OF_MONTH=4,DAY_OF_MONTH=28,DAY_OF_YEAR=301,DAY_OF_WEEK=7,DAY_OF_WEEK_IN_MONTH=4,AM_PM=0,HOUR=0,HOUR_OF_DAY=0,MINUTE=0,SECOND=0,MILLISECOND=0,ZONE_OFFSET=0,DST_OFFSET=0]
java.util.GregorianCalendar[time=278380800000,areFieldsSet=true,areAllFieldsSet=true,lenient=true,zone=sun.util.calendar.ZoneInfo[id="Etc/UTC",offset=0,dstSavings=0,useDaylight=false,transitions=0,lastRule=null],firstDayOfWeek=1,minimalDaysInFirstWeek=1,ERA=1,YEAR=1978,MONTH=9,WEEK_OF_YEAR=43,WEEK_OF_MONTH=4,DAY_OF_MONTH=28,DAY_OF_YEAR=301,DAY_OF_WEEK=7,DAY_OF_WEEK_IN_MONTH=4,AM_PM=0,HOUR=0,HOUR_OF_DAY=0,MINUTE=0,SECOND=0,MILLISECOND=0,ZONE_OFFSET=0,DST_OFFSET=0]
Tests run: 17, Failures: 0, Errors: 0, Skipped: 0, Time elapsed: 7.401 sec
Running com.thinkaurelius.titan.diskstorage.berkeleyje.BerkeleyJEKeyValueTest
Tests run: 7, Failures: 0, Errors: 0, Skipped: 0, Time elapsed: 0.894 sec
Running com.thinkaurelius.titan.blueprints.BerkeleyJEBlueprintsTest
Testing testGettingVerticesAndEdgesWithKeyValue...
Testing testAutoIndexKeyManagementWithPersistence...
	titangraph[berkeleyje:/tmp/titan-test/standard]: 2 automatic index keys added in 2.2258010000223294ms
Testing testNoConcurrentModificationException...
Testing testKeyIndicesConsistentWithElementRemoval...
*** TOTAL TIME [KeyIndexableGraphTestSuite]: 219.77365700004157 ***
Testing testCompetingThreads...
Testing testCompetingThreadsOnMultipleDbInstances...
Testing testBasicVertexEdgeTransactions...
Testing testTransactionsForEdges...
	titangraph[berkeleyje:/tmp/titan-test/standard]: 1 edge not added in failed transaction (w/ iteration) in 3.3176759999478236ms
	titangraph[berkeleyje:/tmp/titan-test/standard]: 1 edge added in successful transaction (w/ iteration) in 1.5885339999804273ms
Testing testBruteEdgeTransactions...
	titangraph[berkeleyje:/tmp/titan-test/standard]: 100 edges added in 100 successful transactions (2 vertices added for each edge) in 101.81806099996902ms
	titangraph[berkeleyje:/tmp/titan-test/standard]: 100 edges not added in 100 failed transactions (2 vertices added for each edge) in 29.463132999953814ms
	titangraph[berkeleyje:/tmp/titan-test/standard]: 100 edges added in 1 successful transactions (2 vertices added for each edge) in 54.73914399999194ms
	titangraph[berkeleyje:/tmp/titan-test/standard]: 100 edges not added in 1 failed transactions (2 vertices added for each edge) in 29.79179400007706ms
Testing testPropertyTransactions...
	titangraph[berkeleyje:/tmp/titan-test/standard]: 1 vertex added with string property in a successful transaction in 3.4372389999916777ms
	titangraph[berkeleyje:/tmp/titan-test/standard]: 1 integer property not added in a failed transaction in 0.8473200000589713ms
	titangraph[berkeleyje:/tmp/titan-test/standard]: 2 vertex properties checked in a successful transaction in 0.35875000001396984ms
	titangraph[berkeleyje:/tmp/titan-test/standard]: 1 edge property added and checked in a successful transaction in 1.4591070000315085ms
	titangraph[berkeleyje:/tmp/titan-test/standard]: 1 edge property added and checked in a failed transaction in 0.3666850000154227ms
Testing testIndexTransactions...
Testing testRepeatedTransactionStopException...
Testing testAutoStartTransaction...
Testing testTransactionsForVertices...
	titangraph[berkeleyje:/tmp/titan-test/standard]: 1 vertex not added in failed transaction in 0.522800000035204ms
	titangraph[berkeleyje:/tmp/titan-test/standard]: 1 vertex added in successful transaction in 0.6262909999350086ms
Testing testTrue...
Testing testRemoveInTransaction...
Testing testBruteVertexTransactions...
	titangraph[berkeleyje:/tmp/titan-test/standard]: 100 vertices added in 100 successful transactions in 134.23872199992184ms
	titangraph[berkeleyje:/tmp/titan-test/standard]: 100 vertices not added in 100 failed transactions in 13.268423000001349ms
	titangraph[berkeleyje:/tmp/titan-test/standard]: 100 vertices added in 1 successful transactions in 17.680693999980576ms
	titangraph[berkeleyje:/tmp/titan-test/standard]: 100 vertices not added in 1 failed transactions in 7.399005000013858ms
Testing testTransactionIsolationCommitCheck...
added vertex
reading vertex before tx
read vertex before tx
Testing testAutomaticSuccessfulTransactionOnShutdown...
Testing testVertexCountOnPreTransactionCommit...
Testing testBulkTransactionsOnEdges...
*** TOTAL TIME [TransactionalTitanGraphTestSuite]: 2244.2470129999565 ***
Testing testVertexReattachment...
*** TOTAL TIME [TitanSpecificBlueprintsTestSuite]: 43.44326600001659 ***
Testing testTinkerGraphVertexAndEdges...
	titangraph[berkeleyje:/tmp/titan-test/standard]: graph-example-1 loaded in 53.54616300005ms
Testing testReadingTinkerGraphExample3...
Testing testReadingTinkerGraphExample3MappingLabels...
	titangraph[berkeleyje:/tmp/titan-test/standard]: graph-example-3 loaded in 23.328939000028186ms
Testing testReadingTinkerGraphExample3MappingIDs...
	titangraph[berkeleyje:/tmp/titan-test/standard]: graph-example-3 loaded in 23.06425199995283ms
Testing testTinkerGraphSoftwareVertices...
	titangraph[berkeleyje:/tmp/titan-test/standard]: graph-example-1 loaded in 31.55864099995233ms
Testing testTinkerGraphVertices...
	titangraph[berkeleyje:/tmp/titan-test/standard]: graph-example-1 loaded in 19.501415999955498ms
Testing testReadingTinkerGraphExample3MappingAll...
	titangraph[berkeleyje:/tmp/titan-test/standard]: graph-example-3 loaded in 21.56877400004305ms
Testing testMigratingTinkerGraphExample3...
Testing testAllGraphMLTypeCastsAndDataMappings...
Testing testReadingTinkerGraph...
Testing testTinkerGraphEdges...
	titangraph[berkeleyje:/tmp/titan-test/standard]: graph-example-1 loaded in 18.31586299999617ms
*** TOTAL TIME [GraphMLReaderTestSuite]: 690.3708790000528 ***
Testing testTinkerGraphVertexAndEdges...
	titangraph[berkeleyje:/tmp/titan-test/standard]: graph-example-1 loaded in 329.48016799998004ms
Testing testTinkerGraphSoftwareVertices...
	titangraph[berkeleyje:/tmp/titan-test/standard]: graph-example-1 loaded in 13.040029000025243ms
Testing testTinkerGraphVertices...
	titangraph[berkeleyje:/tmp/titan-test/standard]: graph-example-1 loaded in 12.854214000049978ms
Testing testReadingTinkerGraph...
Testing testTinkerGraphEdges...
	titangraph[berkeleyje:/tmp/titan-test/standard]: graph-example-1 loaded in 16.641983999987133ms
*** TOTAL TIME [GraphSONReaderTestSuite]: 591.2072369999951 ***
Testing testTinkerGraphVertexAndEdges...
	titangraph[berkeleyje:/tmp/titan-test/standard]: graph-example-1 loaded in 17.909904000000097ms
Testing testReadingTinkerGraphExample3...
Testing testReadingTinkerGraphExample3MappingLabels...
	titangraph[berkeleyje:/tmp/titan-test/standard]: graph-example-3 loaded in 14.44062699994538ms
Testing testReadingTinkerGraphExample3MappingIDs...
	titangraph[berkeleyje:/tmp/titan-test/standard]: graph-example-3 loaded in 16.01585900003556ms
Testing testTinkerGraphSoftwareVertices...
	titangraph[berkeleyje:/tmp/titan-test/standard]: graph-example-1 loaded in 15.333035000017844ms
Testing testTinkerGraphVertices...
	titangraph[berkeleyje:/tmp/titan-test/standard]: graph-example-1 loaded in 21.068756999913603ms
Testing testReadingTinkerGraphExample3MappingAll...
	titangraph[berkeleyje:/tmp/titan-test/standard]: graph-example-3 loaded in 24.798275999957696ms
Testing testMigratingTinkerGraphExample3...
Testing testReadingTinkerGraph...
Testing testTinkerGraphEdges...
	titangraph[berkeleyje:/tmp/titan-test/standard]: graph-example-1 loaded in 22.41533500002697ms
*** TOTAL TIME [GMLReaderTestSuite]: 607.8553029999603 ***
Testing testNoConcurrentModificationException...
Testing testVertexIterator...
	titangraph[berkeleyje:/tmp/titan-test/standard]: 1000 vertices added in 27.16354500001762ms
	titangraph[berkeleyje:/tmp/titan-test/standard]: 1000 vertices counted in 3.6721599999582395ms
Testing testLegalVertexEdgeIterables...
Testing testAddVertexProperties...
Testing testAddManyVertexProperties...
	titangraph[berkeleyje:/tmp/titan-test/standard]: 750 vertex properties added (with vertices being added too) in 257.8742430000566ms
Testing testRemoveVertexProperties...
Testing testAddingIdProperty...
Testing testGettingEdgesAndVertices...
Testing testEmptyKeyProperty...
Testing testVertexCentricLinking...
Testing testVertexCentricRemoving...
Testing testConcurrentModificationOnProperties...
Testing testRemoveVertexWithEdges...
Testing testGetNonExistantVertices...
Testing testRemoveVertexNullId...
	titangraph[berkeleyje:/tmp/titan-test/standard]: 100 vertices added in 1.960304000065662ms
	titangraph[berkeleyje:/tmp/titan-test/standard]: 100 vertices removed in 4.044147999957204ms
Testing testSettingBadVertexProperties...
Testing testVertexEquality...
	titangraph[berkeleyje:/tmp/titan-test/standard]: 1 vertex added and retrieved in 1.3404239999363199ms
Testing testVertexEqualityForSuppliedIdsAndHashCode...
Testing testBasicAddVertex...
Testing testGetVertexWithNull...
Testing testRemoveVertex...
*** TOTAL TIME [VertexTestSuite]: 1499.329469999997 ***
Testing testEdgeIterator...
Testing testAddingRemovingEdgeProperties...
Testing testAddingLabelAndIdProperty...
Testing testEdgeCentricRemoving...
Testing testRemoveEdgesByRemovingVertex...
Testing testRemoveEdges...
Testing testAddingSelfLoops...
Testing testRemoveSelfLoops...
Testing testAddManyEdges...
	titangraph[berkeleyje:/tmp/titan-test/standard]: 300 elements added in 29.031266999896616ms
	titangraph[berkeleyje:/tmp/titan-test/standard]: 100 edges counted in 2.896824000054039ms
	titangraph[berkeleyje:/tmp/titan-test/standard]: 200 vertices counted in 0.5842610000399873ms
	titangraph[berkeleyje:/tmp/titan-test/standard]: 200 vertices checked in 6.903027000022121ms
Testing testGetNonExistantEdges...
Testing testRemoveManyEdges...
	titangraph[berkeleyje:/tmp/titan-test/standard]: 20 vertices counted in 0.2047139999922365ms
	titangraph[berkeleyje:/tmp/titan-test/standard]: 10 edges counted in 0.3576390000525862ms
	titangraph[berkeleyje:/tmp/titan-test/standard]: 10 edges removed and graph checked in 7.465208000037819ms
Testing testAddingDuplicateEdges...
Testing testEdgeEquality...
Testing testNoConcurrentModificationException...
Testing testAddEdges...
	titangraph[berkeleyje:/tmp/titan-test/standard]: 6 elements added and checked in 2.197292000055313ms
Testing testGetEdges...
	titangraph[berkeleyje:/tmp/titan-test/standard]: 3 edges retrieved in 0.39490300009492785ms
Testing testEmptyKeyProperty...
Testing testSettingBadVertexProperties...
*** TOTAL TIME [EdgeTestSuite]: 1105.6090010000626 ***
Testing testDataTypeValidationOnProperties...
Testing testStringRepresentationOfVertexId...
Testing testSemanticallyCorrectIterables...
Testing testAddingVerticesAndEdges...
Testing testSettingProperties...
Testing testVertexEdgeLabels2...
Testing testTreeConnectivity...
	titangraph[berkeleyje:/tmp/titan-test/standard]: 1464 vertices added in a tree structure in 179.66883700003382ms
	titangraph[berkeleyje:/tmp/titan-test/standard]: 1464 vertices iterated in 2.9369469999801368ms
	titangraph[berkeleyje:/tmp/titan-test/standard]: 1463 edges iterated in 13.568085999926552ms
Testing testConcurrentModification...
Testing testGraphDataPersists...
	titangraph[berkeleyje:/tmp/titan-test/standard]: 1 graph loaded in 11.53335500007961ms
Testing testAutotypingOfProperties...
Testing testRemovingEdges...
	titangraph[berkeleyje:/tmp/titan-test/standard]: 100 vertices added in 2.3885230000596493ms
	titangraph[berkeleyje:/tmp/titan-test/standard]: 200 edges added in 67.88457100000232ms
	titangraph[berkeleyje:/tmp/titan-test/standard]: 200 edges deleted (with size check on each delete) in 81.06953500001691ms
Testing testRemovingVertices...
	titangraph[berkeleyje:/tmp/titan-test/standard]: 500 vertices added in 7.237011000048369ms
	titangraph[berkeleyje:/tmp/titan-test/standard]: 250 edges added in 46.95389999996405ms
	titangraph[berkeleyje:/tmp/titan-test/standard]: 500 vertices deleted (with size check on each delete) in 145.39339899993502ms
Testing testConnectivityPatterns...
Testing testVertexEdgeLabels...
Testing testSimpleRemovingVerticesEdges...
Testing testFeatureCompliance...
supportsDuplicateEdges: true
supportsSelfLoops: true
supportsSerializableObjectProperty: true
supportsBooleanProperty: true
supportsDoubleProperty: true
supportsFloatProperty: true
supportsIntegerProperty: true
supportsPrimitiveArrayProperty: true
supportsUniformListProperty: true
supportsMixedListProperty: true
supportsLongProperty: true
supportsMapProperty: true
supportsStringProperty: true
ignoresSuppliedIds: true
isPersistent: true
isRDFModel: false
isWrapper: false
supportsIndices: false
supportsVertexIndex: false
supportsEdgeIndex: false
supportsKeyIndices: true
supportsVertexKeyIndex: true
supportsEdgeKeyIndex: false
supportsEdgeIteration: true
supportsVertexIteration: true
supportsEdgeRetrieval: true
supportsVertexProperties: true
supportsEdgeProperties: true
supportsTransactions: true
supportsThreadedTransactions: true
Testing testEmptyOnConstruction...
Testing testGettingVerticesAndEdgesWithKeyValue...
*** TOTAL TIME [GraphTestSuite]: 1618.3171760000987 ***
Testing testGraphQueryForEdges...
Testing testVertexQuery...
Testing testGraphQueryForVertices...
*** TOTAL TIME [QueryTestSuite]: 164.05026600009296 ***
Tests run: 10, Failures: 0, Errors: 0, Skipped: 0, Time elapsed: 8.806 sec

Results :

Tests run: 86, Failures: 0, Errors: 0, Skipped: 0

[INFO]                                                                         
[INFO] ------------------------------------------------------------------------
[INFO] Building Titan-Cassandra: Distributed Graph Database 0.2.1
[INFO] ------------------------------------------------------------------------
[INFO] 
[INFO] --- maven-enforcer-plugin:1.0:enforce (enforce-maven) @ titan-cassandra ---
[INFO] 
[INFO] --- maven-resources-plugin:2.5:resources (default-resources) @ titan-cassandra ---
[debug] execute contextualize
[INFO] Using 'UTF-8' encoding to copy filtered resources.
[INFO] Copying 2 resources
[INFO] 
[INFO] --- maven-compiler-plugin:2.5.1:compile (default-compile) @ titan-cassandra ---
[INFO] Nothing to compile - all classes are up to date
[INFO] 
[INFO] --- maven-resources-plugin:2.5:testResources (default-testResources) @ titan-cassandra ---
[debug] execute contextualize
[INFO] Using 'UTF-8' encoding to copy filtered resources.
[INFO] Copying 2 resources
[INFO] 
[INFO] --- maven-resources-plugin:2.5:copy-resources (copy-resources-127.0.0.1) @ titan-cassandra ---
[debug] execute contextualize
[INFO] Using 'UTF-8' encoding to copy filtered resources.
[INFO] Copying 7 resources
[INFO] 
[INFO] --- maven-compiler-plugin:2.5.1:testCompile (default-testCompile) @ titan-cassandra ---
[INFO] Nothing to compile - all classes are up to date
[INFO] 
[INFO] --- maven-surefire-plugin:2.12.1:test (default-test) @ titan-cassandra ---
[INFO] Surefire report directory: /home/travis/build/thinkaurelius/titan/titan-cassandra/target/surefire-reports

-------------------------------------------------------
 T E S T S
-------------------------------------------------------

-------------------------------------------------------
 T E S T S
-------------------------------------------------------
Running com.thinkaurelius.titan.diskstorage.cassandra.UUIDTest
Tests run: 1, Failures: 0, Errors: 0, Skipped: 0, Time elapsed: 0.837 sec
Running com.thinkaurelius.titan.diskstorage.cassandra.astyanax.InternalAstyanaxLockKeyColumnValueStoreTest
Tests run: 14, Failures: 0, Errors: 0, Skipped: 0, Time elapsed: 21.597 sec
Running com.thinkaurelius.titan.blueprints.EmbeddedCassandraBlueprintsTest
Testing testBasicAddVertex...
Testing testGetVertexWithNull...
Testing testRemoveVertex...
Testing testRemoveVertexWithEdges...
Testing testGetNonExistantVertices...
Testing testRemoveVertexNullId...
	titangraph[embeddedcassandra:null]: 100 vertices added in 19.125946000101976ms
	titangraph[embeddedcassandra:null]: 100 vertices removed in 11.225718000088818ms
Testing testVertexIterator...
	titangraph[embeddedcassandra:null]: 1000 vertices added in 792.080552999978ms
	titangraph[embeddedcassandra:null]: 1000 vertices counted in 5.384633000008762ms
Testing testLegalVertexEdgeIterables...
Testing testAddVertexProperties...
Testing testAddManyVertexProperties...
	titangraph[embeddedcassandra:null]: 750 vertex properties added (with vertices being added too) in 19916.942044000025ms
Testing testRemoveVertexProperties...
Testing testAddingIdProperty...
Testing testGettingEdgesAndVertices...
Testing testEmptyKeyProperty...
Testing testVertexCentricLinking...
Testing testVertexCentricRemoving...
Testing testConcurrentModificationOnProperties...
Testing testSettingBadVertexProperties...
Testing testVertexEqualityForSuppliedIdsAndHashCode...
Testing testNoConcurrentModificationException...
Testing testVertexEquality...
	titangraph[embeddedcassandra:null]: 1 vertex added and retrieved in 620.4210709999315ms
*** TOTAL TIME [VertexTestSuite]: 55911.14237700007 ***
Testing testEmptyKeyProperty...
Testing testSettingBadVertexProperties...
Testing testNoConcurrentModificationException...
Testing testEdgeEquality...
Testing testAddEdges...
	titangraph[embeddedcassandra:null]: 6 elements added and checked in 917.478713999968ms
Testing testGetEdges...
	titangraph[embeddedcassandra:null]: 3 edges retrieved in 2.0777179999276996ms
Testing testGetNonExistantEdges...
Testing testRemoveManyEdges...
	titangraph[embeddedcassandra:null]: 20 vertices counted in 1.1467360000824556ms
	titangraph[embeddedcassandra:null]: 10 edges counted in 1.522755999932997ms
	titangraph[embeddedcassandra:null]: 10 edges removed and graph checked in 38.47461000003386ms
Testing testAddingDuplicateEdges...
Testing testRemoveEdgesByRemovingVertex...
Testing testRemoveEdges...
Testing testAddingSelfLoops...
Testing testRemoveSelfLoops...
Testing testEdgeIterator...
Testing testAddManyEdges...
	titangraph[embeddedcassandra:null]: 300 elements added in 3343.0800240000244ms
	titangraph[embeddedcassandra:null]: 100 edges counted in 7.611002999939956ms
	titangraph[embeddedcassandra:null]: 200 vertices counted in 1.3888140000635758ms
	titangraph[embeddedcassandra:null]: 200 vertices checked in 18.728596000000834ms
Testing testAddingRemovingEdgeProperties...
Testing testAddingLabelAndIdProperty...
Testing testEdgeCentricRemoving...
*** TOTAL TIME [EdgeTestSuite]: 31156.230203000014 ***
Testing testFeatureCompliance...
supportsDuplicateEdges: true
supportsSelfLoops: true
supportsSerializableObjectProperty: true
supportsBooleanProperty: true
supportsDoubleProperty: true
supportsFloatProperty: true
supportsIntegerProperty: true
supportsPrimitiveArrayProperty: true
supportsUniformListProperty: true
supportsMixedListProperty: true
supportsLongProperty: true
supportsMapProperty: true
supportsStringProperty: true
ignoresSuppliedIds: true
isPersistent: true
isRDFModel: false
isWrapper: false
supportsIndices: false
supportsVertexIndex: false
supportsEdgeIndex: false
supportsKeyIndices: true
supportsVertexKeyIndex: true
supportsEdgeKeyIndex: false
supportsEdgeIteration: true
supportsVertexIteration: true
supportsEdgeRetrieval: true
supportsVertexProperties: true
supportsEdgeProperties: true
supportsTransactions: true
supportsThreadedTransactions: true
Testing testEmptyOnConstruction...
Testing testStringRepresentationOfVertexId...
Testing testSemanticallyCorrectIterables...
Testing testGettingVerticesAndEdgesWithKeyValue...
Testing testAddingVerticesAndEdges...
Testing testSettingProperties...
Testing testDataTypeValidationOnProperties...
Testing testSimpleRemovingVerticesEdges...
Testing testRemovingEdges...
	titangraph[embeddedcassandra:null]: 100 vertices added in 615.2741270000115ms
	titangraph[embeddedcassandra:null]: 200 edges added in 5162.126446999959ms
	titangraph[embeddedcassandra:null]: 200 edges deleted (with size check on each delete) in 503.47018300008494ms
Testing testRemovingVertices...
	titangraph[embeddedcassandra:null]: 500 vertices added in 646.5344089999562ms
	titangraph[embeddedcassandra:null]: 250 edges added in 6383.087898000027ms
	titangraph[embeddedcassandra:null]: 500 vertices deleted (with size check on each delete) in 528.3039839999983ms
Testing testConnectivityPatterns...
Testing testVertexEdgeLabels...
Testing testVertexEdgeLabels2...
Testing testTreeConnectivity...
	titangraph[embeddedcassandra:null]: 1464 vertices added in a tree structure in 1265.8594060000032ms
	titangraph[embeddedcassandra:null]: 1464 vertices iterated in 1.8517669999273494ms
	titangraph[embeddedcassandra:null]: 1463 edges iterated in 9.380489000002854ms
Testing testConcurrentModification...
Testing testGraphDataPersists...
	titangraph[embeddedcassandra:null]: 1 graph loaded in 5.363695000065491ms
Testing testAutotypingOfProperties...
*** TOTAL TIME [GraphTestSuite]: 35120.4327280001 ***
Testing testVertexQuery...
Testing testGraphQueryForVertices...
Testing testGraphQueryForEdges...
*** TOTAL TIME [QueryTestSuite]: 4536.494035999989 ***
Testing testAutoIndexKeyManagementWithPersistence...
	titangraph[embeddedcassandra:null]: 2 automatic index keys added in 608.8754959999351ms
Testing testKeyIndicesConsistentWithElementRemoval...
Testing testNoConcurrentModificationException...
Testing testGettingVerticesAndEdgesWithKeyValue...
*** TOTAL TIME [KeyIndexableGraphTestSuite]: 4047.327079000068 ***
Testing testCompetingThreads...
Testing testRepeatedTransactionStopException...
Testing testTrue...
Testing testAutoStartTransaction...
Testing testTransactionsForVertices...
	titangraph[embeddedcassandra:null]: 1 vertex not added in failed transaction in 2.5437610000371933ms
	titangraph[embeddedcassandra:null]: 1 vertex added in successful transaction in 1.4863550000591204ms
Testing testBasicVertexEdgeTransactions...
Testing testBruteVertexTransactions...
	titangraph[embeddedcassandra:null]: 100 vertices added in 100 successful transactions in 642.5500130000291ms
	titangraph[embeddedcassandra:null]: 100 vertices not added in 100 failed transactions in 15.353334000101313ms
	titangraph[embeddedcassandra:null]: 100 vertices added in 1 successful transactions in 22.425900000031106ms
	titangraph[embeddedcassandra:null]: 100 vertices not added in 1 failed transactions in 26.9811130000744ms
Testing testTransactionsForEdges...
	titangraph[embeddedcassandra:null]: 1 edge not added in failed transaction (w/ iteration) in 308.2837469999213ms
	titangraph[embeddedcassandra:null]: 1 edge added in successful transaction (w/ iteration) in 106.89561899995897ms
Testing testBruteEdgeTransactions...
	titangraph[embeddedcassandra:null]: 100 edges added in 100 successful transactions (2 vertices added for each edge) in 1081.3302609999664ms
	titangraph[embeddedcassandra:null]: 100 edges not added in 100 failed transactions (2 vertices added for each edge) in 25.129343999898992ms
	titangraph[embeddedcassandra:null]: 100 edges added in 1 successful transactions (2 vertices added for each edge) in 65.43549599999096ms
	titangraph[embeddedcassandra:null]: 100 edges not added in 1 failed transactions (2 vertices added for each edge) in 85.53449299989734ms
Testing testPropertyTransactions...
	titangraph[embeddedcassandra:null]: 1 vertex added with string property in a successful transaction in 1014.0783629999496ms
	titangraph[embeddedcassandra:null]: 1 integer property not added in a failed transaction in 1.7581009999848902ms
	titangraph[embeddedcassandra:null]: 2 vertex properties checked in a successful transaction in 0.9838089999975637ms
	titangraph[embeddedcassandra:null]: 1 edge property added and checked in a successful transaction in 104.26778399990872ms
	titangraph[embeddedcassandra:null]: 1 edge property added and checked in a failed transaction in 0.9585739999311045ms
Testing testIndexTransactions...
Testing testAutomaticSuccessfulTransactionOnShutdown...
Testing testVertexCountOnPreTransactionCommit...
Testing testBulkTransactionsOnEdges...
Testing testTransactionIsolationCommitCheck...
added vertex
reading vertex before tx
read vertex before tx
Testing testRemoveInTransaction...
*** TOTAL TIME [TransactionalTitanGraphTestSuite]: 18974.66439099994 ***
Testing testVertexReattachment...
*** TOTAL TIME [TitanSpecificBlueprintsTestSuite]: 1495.219775000005 ***
Testing testTinkerGraphEdges...
	titangraph[embeddedcassandra:null]: graph-example-1 loaded in 1063.130034999922ms
Testing testTinkerGraphVertices...
	titangraph[embeddedcassandra:null]: graph-example-1 loaded in 1033.1723589999601ms
Testing testTinkerGraphSoftwareVertices...
	titangraph[embeddedcassandra:null]: graph-example-1 loaded in 1031.132573000039ms
Testing testTinkerGraphVertexAndEdges...
	titangraph[embeddedcassandra:null]: graph-example-1 loaded in 1032.0105060000205ms
Testing testReadingTinkerGraphExample3...
Testing testReadingTinkerGraphExample3MappingLabels...
	titangraph[embeddedcassandra:null]: graph-example-3 loaded in 1046.2770350000355ms
Testing testReadingTinkerGraphExample3MappingIDs...
	titangraph[embeddedcassandra:null]: graph-example-3 loaded in 1038.487645000103ms
Testing testReadingTinkerGraphExample3MappingAll...
	titangraph[embeddedcassandra:null]: graph-example-3 loaded in 1037.991102ms
Testing testMigratingTinkerGraphExample3...
Testing testAllGraphMLTypeCastsAndDataMappings...
Testing testReadingTinkerGraph...
*** TOTAL TIME [GraphMLReaderTestSuite]: 12031.160910999984 ***
Testing testTinkerGraphEdges...
	titangraph[embeddedcassandra:null]: graph-example-1 loaded in 1335.6452640000498ms
Testing testTinkerGraphVertices...
	titangraph[embeddedcassandra:null]: graph-example-1 loaded in 1029.2197940000333ms
Testing testTinkerGraphSoftwareVertices...
	titangraph[embeddedcassandra:null]: graph-example-1 loaded in 1032.8609660000075ms
Testing testTinkerGraphVertexAndEdges...
	titangraph[embeddedcassandra:null]: graph-example-1 loaded in 1031.5155710000545ms
Testing testReadingTinkerGraph...
*** TOTAL TIME [GraphSONReaderTestSuite]: 9782.705932999961 ***
Testing testTinkerGraphEdges...
	titangraph[embeddedcassandra:null]: graph-example-1 loaded in 1035.1522070000647ms
Testing testTinkerGraphVertices...
	titangraph[embeddedcassandra:null]: graph-example-1 loaded in 1031.5368849999504ms
Testing testTinkerGraphSoftwareVertices...
	titangraph[embeddedcassandra:null]: graph-example-1 loaded in 1032.321351999999ms
Testing testTinkerGraphVertexAndEdges...
	titangraph[embeddedcassandra:null]: graph-example-1 loaded in 1029.183209000039ms
Testing testReadingTinkerGraphExample3...
Testing testReadingTinkerGraphExample3MappingLabels...
	titangraph[embeddedcassandra:null]: graph-example-3 loaded in 1033.2127060000785ms
Testing testReadingTinkerGraphExample3MappingIDs...
	titangraph[embeddedcassandra:null]: graph-example-3 loaded in 1030.8360689999536ms
Testing testReadingTinkerGraphExample3MappingAll...
	titangraph[embeddedcassandra:null]: graph-example-3 loaded in 1025.2181219999911ms
Testing testMigratingTinkerGraphExample3...
Testing testReadingTinkerGraph...
*** TOTAL TIME [GMLReaderTestSuite]: 17635.143340000068 ***
Tests run: 10, Failures: 0, Errors: 0, Skipped: 0, Time elapsed: 190.81 sec
Running com.thinkaurelius.titan.blueprints.InternalCassandraBlueprintsTest
Testing testAddingIdProperty...
Testing testNoConcurrentModificationException...
Testing testGettingEdgesAndVertices...
Testing testEmptyKeyProperty...
Testing testVertexCentricLinking...
Testing testVertexCentricRemoving...
Testing testConcurrentModificationOnProperties...
Testing testSettingBadVertexProperties...
Testing testVertexEquality...
	titangraph[cassandra:null]: 1 vertex added and retrieved in 610.0219700000016ms
Testing testVertexEqualityForSuppliedIdsAndHashCode...
Testing testBasicAddVertex...
Testing testGetVertexWithNull...
Testing testRemoveVertex...
Testing testRemoveVertexWithEdges...
Testing testGetNonExistantVertices...
Testing testRemoveVertexNullId...
	titangraph[cassandra:null]: 100 vertices added in 16.94623599993065ms
	titangraph[cassandra:null]: 100 vertices removed in 10.127658000099473ms
Testing testVertexIterator...
	titangraph[cassandra:null]: 1000 vertices added in 768.313003999996ms
	titangraph[cassandra:null]: 1000 vertices counted in 4.7580740000121295ms
Testing testLegalVertexEdgeIterables...
Testing testAddVertexProperties...
Testing testAddManyVertexProperties...
	titangraph[cassandra:null]: 750 vertex properties added (with vertices being added too) in 19916.16798099992ms
Testing testRemoveVertexProperties...
*** TOTAL TIME [VertexTestSuite]: 52686.09213700006 ***
Testing testNoConcurrentModificationException...
Testing testEmptyKeyProperty...
Testing testSettingBadVertexProperties...
Testing testAddManyEdges...
	titangraph[cassandra:null]: 300 elements added in 3359.373738999944ms
	titangraph[cassandra:null]: 100 edges counted in 6.7660240000113845ms
	titangraph[cassandra:null]: 200 vertices counted in 2.235698000062257ms
	titangraph[cassandra:null]: 200 vertices checked in 19.760353000019677ms
Testing testGetEdges...
	titangraph[cassandra:null]: 3 edges retrieved in 2.1041849999455735ms
Testing testGetNonExistantEdges...
Testing testRemoveManyEdges...
	titangraph[cassandra:null]: 20 vertices counted in 1.4466259999899194ms
	titangraph[cassandra:null]: 10 edges counted in 1.9148649999406189ms
	titangraph[cassandra:null]: 10 edges removed and graph checked in 43.028556999983266ms
Testing testAddingDuplicateEdges...
Testing testRemoveEdgesByRemovingVertex...
Testing testRemoveEdges...
Testing testAddingSelfLoops...
Testing testRemoveSelfLoops...
Testing testEdgeIterator...
Testing testAddingRemovingEdgeProperties...
Testing testAddingLabelAndIdProperty...
Testing testEdgeCentricRemoving...
Testing testEdgeEquality...
Testing testAddEdges...
	titangraph[cassandra:null]: 6 elements added and checked in 916.6854489999823ms
*** TOTAL TIME [EdgeTestSuite]: 27251.437919000047 ***
Testing testFeatureCompliance...
supportsDuplicateEdges: true
supportsSelfLoops: true
supportsSerializableObjectProperty: true
supportsBooleanProperty: true
supportsDoubleProperty: true
supportsFloatProperty: true
supportsIntegerProperty: true
supportsPrimitiveArrayProperty: true
supportsUniformListProperty: true
supportsMixedListProperty: true
supportsLongProperty: true
supportsMapProperty: true
supportsStringProperty: true
ignoresSuppliedIds: true
isPersistent: true
isRDFModel: false
isWrapper: false
supportsIndices: false
supportsVertexIndex: false
supportsEdgeIndex: false
supportsKeyIndices: true
supportsVertexKeyIndex: true
supportsEdgeKeyIndex: false
supportsEdgeIteration: true
supportsVertexIteration: true
supportsEdgeRetrieval: true
supportsVertexProperties: true
supportsEdgeProperties: true
supportsTransactions: true
supportsThreadedTransactions: true
Testing testEmptyOnConstruction...
Testing testStringRepresentationOfVertexId...
Testing testSemanticallyCorrectIterables...
Testing testGettingVerticesAndEdgesWithKeyValue...
Testing testAddingVerticesAndEdges...
Testing testSettingProperties...
Testing testDataTypeValidationOnProperties...
Testing testSimpleRemovingVerticesEdges...
Testing testRemovingEdges...
	titangraph[cassandra:null]: 100 vertices added in 617.389487999957ms
	titangraph[cassandra:null]: 200 edges added in 5189.621206999989ms
	titangraph[cassandra:null]: 200 edges deleted (with size check on each delete) in 645.7082540000556ms
Testing testRemovingVertices...
	titangraph[cassandra:null]: 500 vertices added in 660.768962000031ms
	titangraph[cassandra:null]: 250 edges added in 6404.795701999916ms
	titangraph[cassandra:null]: 500 vertices deleted (with size check on each delete) in 970.8602209999226ms
Testing testConnectivityPatterns...
Testing testVertexEdgeLabels...
Testing testVertexEdgeLabels2...
Testing testTreeConnectivity...
	titangraph[cassandra:null]: 1464 vertices added in a tree structure in 1249.8936580000445ms
	titangraph[cassandra:null]: 1464 vertices iterated in 2.692176999989897ms
	titangraph[cassandra:null]: 1463 edges iterated in 7.682632999960333ms
Testing testConcurrentModification...
Testing testGraphDataPersists...
	titangraph[cassandra:null]: 1 graph loaded in 15.741769999964163ms
Testing testAutotypingOfProperties...
*** TOTAL TIME [GraphTestSuite]: 37635.254763999954 ***
Testing testVertexQuery...
Testing testGraphQueryForVertices...
Testing testGraphQueryForEdges...
*** TOTAL TIME [QueryTestSuite]: 4606.1386629999615 ***
Testing testNoConcurrentModificationException...
Testing testGettingVerticesAndEdgesWithKeyValue...
Testing testAutoIndexKeyManagementWithPersistence...
	titangraph[cassandra:null]: 2 automatic index keys added in 610.5260719999205ms
Testing testKeyIndicesConsistentWithElementRemoval...
*** TOTAL TIME [KeyIndexableGraphTestSuite]: 4335.816236000042 ***
Testing testCompetingThreads...
Testing testRepeatedTransactionStopException...
Testing testTrue...
Testing testAutoStartTransaction...
Testing testTransactionsForVertices...
	titangraph[cassandra:null]: 1 vertex not added in failed transaction in 3.0163030000403523ms
	titangraph[cassandra:null]: 1 vertex added in successful transaction in 1.6181300000753254ms
Testing testBasicVertexEdgeTransactions...
Testing testBruteVertexTransactions...
	titangraph[cassandra:null]: 100 vertices added in 100 successful transactions in 706.8405890000286ms
	titangraph[cassandra:null]: 100 vertices not added in 100 failed transactions in 11.713466000044718ms
	titangraph[cassandra:null]: 100 vertices added in 1 successful transactions in 30.956076000002213ms
	titangraph[cassandra:null]: 100 vertices not added in 1 failed transactions in 41.535564000019804ms
Testing testTransactionsForEdges...
	titangraph[cassandra:null]: 1 edge not added in failed transaction (w/ iteration) in 310.5692329999292ms
	titangraph[cassandra:null]: 1 edge added in successful transaction (w/ iteration) in 108.79171399993356ms
Testing testBruteEdgeTransactions...
	titangraph[cassandra:null]: 100 edges added in 100 successful transactions (2 vertices added for each edge) in 1103.4978539999574ms
	titangraph[cassandra:null]: 100 edges not added in 100 failed transactions (2 vertices added for each edge) in 25.277349999989383ms
	titangraph[cassandra:null]: 100 edges added in 1 successful transactions (2 vertices added for each edge) in 98.1657829999458ms
	titangraph[cassandra:null]: 100 edges not added in 1 failed transactions (2 vertices added for each edge) in 143.62199500005227ms
Testing testPropertyTransactions...
	titangraph[cassandra:null]: 1 vertex added with string property in a successful transaction in 1017.4037650000537ms
	titangraph[cassandra:null]: 1 integer property not added in a failed transaction in 3.319156000041403ms
	titangraph[cassandra:null]: 2 vertex properties checked in a successful transaction in 1.5958230000687763ms
	titangraph[cassandra:null]: 1 edge property added and checked in a successful transaction in 107.6487119999947ms
	titangraph[cassandra:null]: 1 edge property added and checked in a failed transaction in 1.7786930000875145ms
Testing testIndexTransactions...
Testing testAutomaticSuccessfulTransactionOnShutdown...
Testing testVertexCountOnPreTransactionCommit...
Testing testBulkTransactionsOnEdges...
Testing testTransactionIsolationCommitCheck...
added vertex
reading vertex before tx
read vertex before tx
Testing testRemoveInTransaction...
*** TOTAL TIME [TransactionalTitanGraphTestSuite]: 23463.838354000007 ***
Testing testVertexReattachment...
*** TOTAL TIME [TitanSpecificBlueprintsTestSuite]: 2336.0459900000133 ***
Testing testTinkerGraphEdges...
	titangraph[cassandra:null]: graph-example-1 loaded in 1077.0053220000118ms
Testing testTinkerGraphVertices...
	titangraph[cassandra:null]: graph-example-1 loaded in 1048.3548939999891ms
Testing testTinkerGraphSoftwareVertices...
	titangraph[cassandra:null]: graph-example-1 loaded in 1070.2138029999333ms
Testing testTinkerGraphVertexAndEdges...
	titangraph[cassandra:null]: graph-example-1 loaded in 1054.0448370000813ms
Testing testReadingTinkerGraphExample3...
Testing testReadingTinkerGraphExample3MappingLabels...
	titangraph[cassandra:null]: graph-example-3 loaded in 1051.2128919999814ms
Testing testReadingTinkerGraphExample3MappingIDs...
	titangraph[cassandra:null]: graph-example-3 loaded in 1044.885159999947ms
Testing testReadingTinkerGraphExample3MappingAll...
	titangraph[cassandra:null]: graph-example-3 loaded in 1047.699758999981ms
Testing testMigratingTinkerGraphExample3...
Testing testAllGraphMLTypeCastsAndDataMappings...
Testing testReadingTinkerGraph...
*** TOTAL TIME [GraphMLReaderTestSuite]: 16732.406618000008 ***
Testing testTinkerGraphEdges...
	titangraph[cassandra:null]: graph-example-1 loaded in 1351.9988019999582ms
Testing testTinkerGraphVertices...
	titangraph[cassandra:null]: graph-example-1 loaded in 1046.473536000005ms
Testing testTinkerGraphSoftwareVertices...
	titangraph[cassandra:null]: graph-example-1 loaded in 1036.0494809999363ms
Testing testTinkerGraphVertexAndEdges...
	titangraph[cassandra:null]: graph-example-1 loaded in 1037.2529769999674ms
Testing testReadingTinkerGraph...
*** TOTAL TIME [GraphSONReaderTestSuite]: 6274.848975999979 ***
Testing testTinkerGraphEdges...
	titangraph[cassandra:null]: graph-example-1 loaded in 1039.9812519999687ms
Testing testTinkerGraphVertices...
	titangraph[cassandra:null]: graph-example-1 loaded in 1037.0724369999953ms
Testing testTinkerGraphSoftwareVertices...
	titangraph[cassandra:null]: graph-example-1 loaded in 1039.2392570000375ms
Testing testTinkerGraphVertexAndEdges...
	titangraph[cassandra:null]: graph-example-1 loaded in 1036.468479000032ms
Testing testReadingTinkerGraphExample3...
Testing testReadingTinkerGraphExample3MappingLabels...
	titangraph[cassandra:null]: graph-example-3 loaded in 1041.079165999894ms
Testing testReadingTinkerGraphExample3MappingIDs...
	titangraph[cassandra:null]: graph-example-3 loaded in 1039.306927000056ms
Testing testReadingTinkerGraphExample3MappingAll...
	titangraph[cassandra:null]: graph-example-3 loaded in 1037.2874809999485ms
Testing testMigratingTinkerGraphExample3...
Testing testReadingTinkerGraph...
*** TOTAL TIME [GMLReaderTestSuite]: 10377.66888100002 ***
Tests run: 10, Failures: 0, Errors: 0, Skipped: 0, Time elapsed: 185.819 sec
Running com.thinkaurelius.titan.diskstorage.cassandra.embedded.InternalCassandraEmbeddedMultiWriteKeyColumnValueStoreTest
Tests run: 2, Failures: 0, Errors: 0, Skipped: 0, Time elapsed: 18.142 sec
Running com.thinkaurelius.titan.diskstorage.cassandra.thrift.InternalCassandraThriftMultiWriteKeyColumnValueStoreTest
Tests run: 2, Failures: 0, Errors: 0, Skipped: 0, Time elapsed: 38.494 sec
Running com.thinkaurelius.titan.diskstorage.cassandra.astyanax.InternalAstyanaxMultiWriteKeyColumnValueTest
Tests run: 2, Failures: 0, Errors: 0, Skipped: 0, Time elapsed: 34.021 sec
Running com.thinkaurelius.titan.diskstorage.cassandra.embedded.InternalCassandraEmbeddedKeyColumnValueTest
Loading time (ms): 665
Reading time (ms): 5281
Tests run: 18, Failures: 0, Errors: 0, Skipped: 0, Time elapsed: 32.693 sec
Running com.thinkaurelius.titan.graphdb.embedded.InternalCassandraEmbeddedGraphTest
java.util.GregorianCalendar[time=278380800000,areFieldsSet=true,areAllFieldsSet=true,lenient=true,zone=sun.util.calendar.ZoneInfo[id="Etc/UTC",offset=0,dstSavings=0,useDaylight=false,transitions=0,lastRule=null],firstDayOfWeek=1,minimalDaysInFirstWeek=1,ERA=1,YEAR=1978,MONTH=9,WEEK_OF_YEAR=43,WEEK_OF_MONTH=4,DAY_OF_MONTH=28,DAY_OF_YEAR=301,DAY_OF_WEEK=7,DAY_OF_WEEK_IN_MONTH=4,AM_PM=0,HOUR=0,HOUR_OF_DAY=0,MINUTE=0,SECOND=0,MILLISECOND=0,ZONE_OFFSET=0,DST_OFFSET=0]
java.util.GregorianCalendar[time=278380800000,areFieldsSet=true,areAllFieldsSet=true,lenient=true,zone=sun.util.calendar.ZoneInfo[id="Etc/UTC",offset=0,dstSavings=0,useDaylight=false,transitions=0,lastRule=null],firstDayOfWeek=1,minimalDaysInFirstWeek=1,ERA=1,YEAR=1978,MONTH=9,WEEK_OF_YEAR=43,WEEK_OF_MONTH=4,DAY_OF_MONTH=28,DAY_OF_YEAR=301,DAY_OF_WEEK=7,DAY_OF_WEEK_IN_MONTH=4,AM_PM=0,HOUR=0,HOUR_OF_DAY=0,MINUTE=0,SECOND=0,MILLISECOND=0,ZONE_OFFSET=0,DST_OFFSET=0]
Tests run: 17, Failures: 0, Errors: 0, Skipped: 0, Time elapsed: 48.11 sec
Running com.thinkaurelius.titan.diskstorage.cassandra.thrift.InternalCassandraThriftKeyColumnValueTest
Loading time (ms): 979
Reading time (ms): 9525
Tests run: 18, Failures: 0, Errors: 0, Skipped: 0, Time elapsed: 76.779 sec
Running com.thinkaurelius.titan.graphdb.astyanax.InternalAstyanaxGraphTest
java.util.GregorianCalendar[time=278380800000,areFieldsSet=true,areAllFieldsSet=true,lenient=true,zone=sun.util.calendar.ZoneInfo[id="Etc/UTC",offset=0,dstSavings=0,useDaylight=false,transitions=0,lastRule=null],firstDayOfWeek=1,minimalDaysInFirstWeek=1,ERA=1,YEAR=1978,MONTH=9,WEEK_OF_YEAR=43,WEEK_OF_MONTH=4,DAY_OF_MONTH=28,DAY_OF_YEAR=301,DAY_OF_WEEK=7,DAY_OF_WEEK_IN_MONTH=4,AM_PM=0,HOUR=0,HOUR_OF_DAY=0,MINUTE=0,SECOND=0,MILLISECOND=0,ZONE_OFFSET=0,DST_OFFSET=0]
java.util.GregorianCalendar[time=278380800000,areFieldsSet=true,areAllFieldsSet=true,lenient=true,zone=sun.util.calendar.ZoneInfo[id="Etc/UTC",offset=0,dstSavings=0,useDaylight=false,transitions=0,lastRule=null],firstDayOfWeek=1,minimalDaysInFirstWeek=1,ERA=1,YEAR=1978,MONTH=9,WEEK_OF_YEAR=43,WEEK_OF_MONTH=4,DAY_OF_MONTH=28,DAY_OF_YEAR=301,DAY_OF_WEEK=7,DAY_OF_WEEK_IN_MONTH=4,AM_PM=0,HOUR=0,HOUR_OF_DAY=0,MINUTE=0,SECOND=0,MILLISECOND=0,ZONE_OFFSET=0,DST_OFFSET=0]
Tests run: 17, Failures: 0, Errors: 0, Skipped: 0, Time elapsed: 52.156 sec
Running com.thinkaurelius.titan.diskstorage.cassandra.thrift.InternalCassandraLockKeyColumnValueStoreTest
Tests run: 14, Failures: 0, Errors: 0, Skipped: 0, Time elapsed: 24.787 sec
Running com.thinkaurelius.titan.tinkerpop.rexster.RexsterServerClientCassandraEmbeddedTest
Mar 26, 2013 9:49:33 PM org.glassfish.grizzly.servlet.WebappContext deploy
INFO: Starting application [jersey] ...
Mar 26, 2013 9:49:33 PM com.sun.jersey.server.impl.application.WebApplicationImpl _initiate
INFO: Initiating Jersey application, version 'Jersey: 1.17 01/17/2013 03:31 PM'
Mar 26, 2013 9:49:35 PM org.glassfish.grizzly.servlet.WebappContext initServlets
INFO: [jersey] Servlet [com.sun.jersey.spi.container.servlet.ServletContainer] registered for url pattern(s) [[/*]].
Mar 26, 2013 9:49:35 PM org.glassfish.grizzly.servlet.WebappContext deploy
INFO: Application [jersey] is ready to service requests.  Root: [].
Mar 26, 2013 9:49:35 PM org.glassfish.grizzly.http.server.NetworkListener start
INFO: Started listener bound to [0.0.0.0:8182]
Mar 26, 2013 9:49:35 PM org.glassfish.grizzly.http.server.HttpServer start
INFO: [HttpServer] Started.
Mar 26, 2013 9:49:36 PM org.glassfish.grizzly.http.server.NetworkListener stop
INFO: Stopped listener bound to [0.0.0.0:8182]
Tests run: 1, Failures: 0, Errors: 0, Skipped: 0, Time elapsed: 13.233 sec
Running com.thinkaurelius.titan.diskstorage.cassandra.embedded.InternalCassandraEmbeddedLockKeyColumnValueStoreTest
Tests run: 14, Failures: 0, Errors: 0, Skipped: 0, Time elapsed: 28.507 sec
Running com.thinkaurelius.titan.diskstorage.cassandra.astyanax.InternalAstyanaxKeyColumnValueTest
Loading time (ms): 1047
Reading time (ms): 8569
Tests run: 18, Failures: 0, Errors: 0, Skipped: 0, Time elapsed: 64.64 sec
Running com.thinkaurelius.titan.graphdb.thrift.InternalCassandraGraphTest
java.util.GregorianCalendar[time=278380800000,areFieldsSet=true,areAllFieldsSet=true,lenient=true,zone=sun.util.calendar.ZoneInfo[id="Etc/UTC",offset=0,dstSavings=0,useDaylight=false,transitions=0,lastRule=null],firstDayOfWeek=1,minimalDaysInFirstWeek=1,ERA=1,YEAR=1978,MONTH=9,WEEK_OF_YEAR=43,WEEK_OF_MONTH=4,DAY_OF_MONTH=28,DAY_OF_YEAR=301,DAY_OF_WEEK=7,DAY_OF_WEEK_IN_MONTH=4,AM_PM=0,HOUR=0,HOUR_OF_DAY=0,MINUTE=0,SECOND=0,MILLISECOND=0,ZONE_OFFSET=0,DST_OFFSET=0]
java.util.GregorianCalendar[time=278380800000,areFieldsSet=true,areAllFieldsSet=true,lenient=true,zone=sun.util.calendar.ZoneInfo[id="Etc/UTC",offset=0,dstSavings=0,useDaylight=false,transitions=0,lastRule=null],firstDayOfWeek=1,minimalDaysInFirstWeek=1,ERA=1,YEAR=1978,MONTH=9,WEEK_OF_YEAR=43,WEEK_OF_MONTH=4,DAY_OF_MONTH=28,DAY_OF_YEAR=301,DAY_OF_WEEK=7,DAY_OF_WEEK_IN_MONTH=4,AM_PM=0,HOUR=0,HOUR_OF_DAY=0,MINUTE=0,SECOND=0,MILLISECOND=0,ZONE_OFFSET=0,DST_OFFSET=0]
Tests run: 17, Failures: 0, Errors: 0, Skipped: 0, Time elapsed: 49.282 sec

Results :

Tests run: 175, Failures: 0, Errors: 0, Skipped: 0

[INFO]                                                                         
[INFO] ------------------------------------------------------------------------
[INFO] Building Titan-HBase: Distributed Graph Database 0.2.1
[INFO] ------------------------------------------------------------------------
[INFO] 
[INFO] --- maven-enforcer-plugin:1.0:enforce (enforce-maven) @ titan-hbase ---
[INFO] 
[INFO] --- maven-resources-plugin:2.3:resources (default-resources) @ titan-hbase ---
[INFO] Using 'UTF-8' encoding to copy filtered resources.
[INFO] Copying 2 resources
[INFO] 
[INFO] --- maven-compiler-plugin:2.5.1:compile (default-compile) @ titan-hbase ---
[INFO] Nothing to compile - all classes are up to date
[INFO] 
[INFO] --- maven-resources-plugin:2.3:testResources (default-testResources) @ titan-hbase ---
[INFO] Using 'UTF-8' encoding to copy filtered resources.
[INFO] Copying 2 resources
[INFO] 
[INFO] --- maven-compiler-plugin:2.5.1:testCompile (default-testCompile) @ titan-hbase ---
[INFO] Nothing to compile - all classes are up to date
[INFO] 
[INFO] --- maven-dependency-plugin:2.7:copy-dependencies (default) @ titan-hbase ---
[INFO] grizzly-http-2.2.16.jar already exists in destination.
[INFO] guava-12.0.jar already exists in destination.
[INFO] oro-2.0.8.jar already exists in destination.
[INFO] pfl-tf-1.0.0-b001.jar already exists in destination.
[INFO] stax-api-1.0.1.jar already exists in destination.
[INFO] commons-net-1.4.1.jar already exists in destination.
[INFO] json-simple-1.1.jar already exists in destination.
[INFO] metrics-core-2.1.2.jar already exists in destination.
[INFO] pfl-basic-tools-1.0.0-b001.jar already exists in destination.
[INFO] concurrent-1.3.4.jar already exists in destination.
[INFO] pipes-2.3.0.jar already exists in destination.
[INFO] httpcore-4.1.3.jar already exists in destination.
[INFO] hadoop-core-1.0.3.jar already exists in destination.
[INFO] gremlin-groovy-2.3.0.jar already exists in destination.
[INFO] groovy-1.8.9.jar already exists in destination.
[INFO] jline-0.9.94.jar already exists in destination.
[INFO] minlog-1.2.jar already exists in destination.
[INFO] commons-beanutils-1.7.0.jar already exists in destination.
[INFO] jackson-datatype-json-org-2.1.2.jar already exists in destination.
[INFO] commons-httpclient-3.1.jar already exists in destination.
[INFO] javax.servlet-api-3.0.1.jar already exists in destination.
[INFO] asm-commons-3.2.jar already exists in destination.
[INFO] colt-1.2.0.jar already exists in destination.
[INFO] commons-cli-1.2.jar already exists in destination.
[INFO] jersey-client-1.17.jar already exists in destination.
[INFO] jersey-servlet-1.17.jar already exists in destination.
[INFO] jasper-compiler-5.5.23.jar already exists in destination.
[INFO] jackson-annotations-2.1.1.jar already exists in destination.
[INFO] log4j-1.2.16.jar already exists in destination.
[INFO] jamon-runtime-2.3.1.jar already exists in destination.
[INFO] rexster-protocol-2.3.0.jar already exists in destination.
[INFO] jackson-xc-1.8.8.jar already exists in destination.
[INFO] kfs-0.3.jar already exists in destination.
[INFO] jackson-core-asl-1.8.8.jar already exists in destination.
[INFO] libthrift-0.8.0.jar already exists in destination.
[INFO] grizzly-http-servlet-2.2.16.jar already exists in destination.
[INFO] asm-3.2.jar already exists in destination.
[INFO] commons-math-2.2.jar already exists in destination.
[INFO] jaxb-api-2.1.jar already exists in destination.
[INFO] jettison-1.3.3.jar already exists in destination.
[INFO] slf4j-api-1.6.1.jar already exists in destination.
[INFO] grizzly-framework-2.2.16.jar already exists in destination.
[INFO] jersey-core-1.8.jar already exists in destination.
[INFO] jaxb-impl-2.2.3-1.jar already exists in destination.
[INFO] commons-el-1.0.jar already exists in destination.
[INFO] kryo-1.04.jar already exists in destination.
[INFO] asm-analysis-3.2.jar already exists in destination.
[INFO] gremlin-java-2.3.0.jar already exists in destination.
[INFO] mockito-all-1.8.1.jar already exists in destination.
[INFO] core-3.1.1.jar already exists in destination.
[INFO] jackson-databind-2.1.2.jar already exists in destination.
[INFO] asm-tree-3.2.jar already exists in destination.
[INFO] hbase-0.94.1.jar already exists in destination.
[INFO] commons-logging-1.1.1.jar already exists in destination.
[INFO] httpclient-4.1.2.jar already exists in destination.
[INFO] commons-codec-1.7.jar already exists in destination.
[INFO] protobuf-java-2.4.0a.jar already exists in destination.
[INFO] jersey-grizzly2-1.17.jar already exists in destination.
[INFO] jsp-2.1-6.1.14.jar already exists in destination.
[INFO] grizzly-portunif-2.2.16.jar already exists in destination.
[INFO] gmbal-3.2.0-b003.jar already exists in destination.
[INFO] jackson-mapper-asl-1.8.8.jar already exists in destination.
[INFO] jetty-util-6.1.26.jar already exists in destination.
[INFO] jersey-server-1.8.jar already exists in destination.
[INFO] commons-digester-1.8.jar already exists in destination.
[INFO] activation-1.1.jar already exists in destination.
[INFO] commons-lang-2.5.jar already exists in destination.
[INFO] xmlenc-0.52.jar already exists in destination.
[INFO] jets3t-0.7.1.jar already exists in destination.
[INFO] commons-beanutils-core-1.8.0.jar already exists in destination.
[INFO] antlr-2.7.7.jar already exists in destination.
[INFO] grizzly-rcm-2.2.16.jar already exists in destination.
[INFO] asm-util-3.2.jar already exists in destination.
[INFO] pfl-tf-tools-1.0.0-b001.jar already exists in destination.
[INFO] rexster-server-2.3.0.jar already exists in destination.
[INFO] blueprints-test-2.3.0.jar already exists in destination.
[INFO] hsqldb-1.8.0.10.jar already exists in destination.
[INFO] grizzly-core-2.2.16.jar already exists in destination.
[INFO] grizzly-http-server-2.2.16.jar already exists in destination.
[INFO] jsr305-1.3.9.jar already exists in destination.
[INFO] junit-4.8.1.jar already exists in destination.
[INFO] jackson-core-2.1.2.jar already exists in destination.
[INFO] servlet-api-2.5-6.1.14.jar already exists in destination.
[INFO] rexster-core-2.3.0.jar already exists in destination.
[INFO] blueprints-core-2.3.0.jar already exists in destination.
[INFO] jsp-api-2.1-6.1.14.jar already exists in destination.
[INFO] netty-3.2.4.Final.jar already exists in destination.
[INFO] jansi-1.5.jar already exists in destination.
[INFO] zookeeper-3.4.3.jar already exists in destination.
[INFO] commons-collections-3.2.1.jar already exists in destination.
[INFO] json-20090211.jar already exists in destination.
[INFO] commons-io-2.0.1.jar already exists in destination.
[INFO] commons-configuration-1.6.jar already exists in destination.
[INFO] management-api-3.0.0-b012.jar already exists in destination.
[INFO] slf4j-log4j12-1.6.1.jar already exists in destination.
[INFO] classes already exists in destination.
[INFO] classes already exists in destination.
[INFO] msgpack-0.6.5.jar already exists in destination.
[INFO] jersey-json-1.8.jar already exists in destination.
[INFO] jasper-runtime-5.5.23.jar already exists in destination.
[INFO] jackson-jaxrs-1.8.8.jar already exists in destination.
[INFO] avro-ipc-1.5.3.jar already exists in destination.
[INFO] reflectasm-1.01.jar already exists in destination.
[INFO] javassist-3.15.0-GA.jar already exists in destination.
[INFO] pfl-basic-1.0.0-b001.jar already exists in destination.
[INFO] jetty-6.1.26.jar already exists in destination.
[INFO] pfl-asm-1.0.0-b001.jar already exists in destination.
[INFO] high-scale-lib-1.1.1.jar already exists in destination.
[INFO] velocity-1.7.jar already exists in destination.
[INFO] 
[INFO] --- maven-surefire-plugin:2.12.1:test (default-test) @ titan-hbase ---
[INFO] Surefire report directory: /home/travis/build/thinkaurelius/titan/titan-hbase/target/surefire-reports

-------------------------------------------------------
 T E S T S
-------------------------------------------------------
Running com.thinkaurelius.titan.graphdb.hbase.HBaseGraphTest
java.util.GregorianCalendar[time=278380800000,areFieldsSet=true,areAllFieldsSet=true,lenient=true,zone=sun.util.calendar.ZoneInfo[id="Etc/UTC",offset=0,dstSavings=0,useDaylight=false,transitions=0,lastRule=null],firstDayOfWeek=1,minimalDaysInFirstWeek=1,ERA=1,YEAR=1978,MONTH=9,WEEK_OF_YEAR=43,WEEK_OF_MONTH=4,DAY_OF_MONTH=28,DAY_OF_YEAR=301,DAY_OF_WEEK=7,DAY_OF_WEEK_IN_MONTH=4,AM_PM=0,HOUR=0,HOUR_OF_DAY=0,MINUTE=0,SECOND=0,MILLISECOND=0,ZONE_OFFSET=0,DST_OFFSET=0]
java.util.GregorianCalendar[time=278380800000,areFieldsSet=true,areAllFieldsSet=true,lenient=true,zone=sun.util.calendar.ZoneInfo[id="Etc/UTC",offset=0,dstSavings=0,useDaylight=false,transitions=0,lastRule=null],firstDayOfWeek=1,minimalDaysInFirstWeek=1,ERA=1,YEAR=1978,MONTH=9,WEEK_OF_YEAR=43,WEEK_OF_MONTH=4,DAY_OF_MONTH=28,DAY_OF_YEAR=301,DAY_OF_WEEK=7,DAY_OF_WEEK_IN_MONTH=4,AM_PM=0,HOUR=0,HOUR_OF_DAY=0,MINUTE=0,SECOND=0,MILLISECOND=0,ZONE_OFFSET=0,DST_OFFSET=0]
Tests run: 17, Failures: 0, Errors: 0, Skipped: 0, Time elapsed: 99.541 sec
Running com.thinkaurelius.titan.diskstorage.hbase.HBaseKeyColumnValueTest
Loading time (ms): 1401
Reading time (ms): 2997
Tests run: 17, Failures: 0, Errors: 0, Skipped: 0, Time elapsed: 104.235 sec
Running com.thinkaurelius.titan.diskstorage.hbase.HBaseLockKeyColumnValueStoreTest
Tests run: 14, Failures: 0, Errors: 0, Skipped: 0, Time elapsed: 37.33 sec
Running com.thinkaurelius.titan.diskstorage.hbase.HBaseMultiWriteKeyColumnValueStoreTest
Tests run: 2, Failures: 0, Errors: 0, Skipped: 0, Time elapsed: 39.152 sec
Running com.thinkaurelius.titan.blueprints.HBaseBlueprintsTest
Testing testVertexQuery...
Testing testGraphQueryForVertices...
Testing testGraphQueryForEdges...
*** TOTAL TIME [QueryTestSuite]: 13900.944364999887 ***
Testing testAutoIndexKeyManagementWithPersistence...
	titangraph[hbase:null]: 2 automatic index keys added in 614.1037939998787ms
Testing testGettingVerticesAndEdgesWithKeyValue...
Testing testNoConcurrentModificationException...
Testing testKeyIndicesConsistentWithElementRemoval...
*** TOTAL TIME [KeyIndexableGraphTestSuite]: 9264.120764999883 ***
Testing testCompetingThreads...
Testing testRemoveInTransaction...
Testing testTransactionIsolationCommitCheck...
added vertex
reading vertex before tx
read vertex before tx
Testing testTransactionsForVertices...
	titangraph[hbase:null]: 1 vertex not added in failed transaction in 163.1838090000674ms
	titangraph[hbase:null]: 1 vertex added in successful transaction in 82.76454100012779ms
Testing testBasicVertexEdgeTransactions...
Testing testAutoStartTransaction...
Testing testBruteVertexTransactions...
	titangraph[hbase:null]: 100 vertices added in 100 successful transactions in 882.6246660000179ms
	titangraph[hbase:null]: 100 vertices not added in 100 failed transactions in 17.612076999852434ms
	titangraph[hbase:null]: 100 vertices added in 1 successful transactions in 124.80845700018108ms
	titangraph[hbase:null]: 100 vertices not added in 1 failed transactions in 171.93874899996445ms
Testing testTransactionsForEdges...
	titangraph[hbase:null]: 1 edge not added in failed transaction (w/ iteration) in 477.5565859999042ms
	titangraph[hbase:null]: 1 edge added in successful transaction (w/ iteration) in 300.13678299984895ms
Testing testBruteEdgeTransactions...
	titangraph[hbase:null]: 100 edges added in 100 successful transactions (2 vertices added for each edge) in 1288.1600910001434ms
	titangraph[hbase:null]: 100 edges not added in 100 failed transactions (2 vertices added for each edge) in 41.10695299995132ms
	titangraph[hbase:null]: 100 edges added in 1 successful transactions (2 vertices added for each edge) in 341.02429200010374ms
	titangraph[hbase:null]: 100 edges not added in 1 failed transactions (2 vertices added for each edge) in 399.8930359999649ms
Testing testPropertyTransactions...
	titangraph[hbase:null]: 1 vertex added with string property in a successful transaction in 1024.0730530000292ms
	titangraph[hbase:null]: 1 integer property not added in a failed transaction in 4.364604000002146ms
	titangraph[hbase:null]: 2 vertex properties checked in a successful transaction in 2.783623000141233ms
	titangraph[hbase:null]: 1 edge property added and checked in a successful transaction in 110.79670600011013ms
	titangraph[hbase:null]: 1 edge property added and checked in a failed transaction in 1.4180169999599457ms
Testing testIndexTransactions...
Testing testBulkTransactionsOnEdges...
Testing testRepeatedTransactionStopException...
Testing testTrue...
Testing testAutomaticSuccessfulTransactionOnShutdown...
Testing testVertexCountOnPreTransactionCommit...
*** TOTAL TIME [TransactionalTitanGraphTestSuite]: 41402.511241000146 ***
Testing testVertexReattachment...
*** TOTAL TIME [TitanSpecificBlueprintsTestSuite]: 3437.727538000094 ***
Testing testReadingTinkerGraph...
Testing testTinkerGraphVertices...
	titangraph[hbase:null]: graph-example-1 loaded in 1063.0947200001683ms
Testing testTinkerGraphSoftwareVertices...
	titangraph[hbase:null]: graph-example-1 loaded in 1049.8326110001653ms
Testing testTinkerGraphVertexAndEdges...
	titangraph[hbase:null]: graph-example-1 loaded in 1048.967307999963ms
Testing testReadingTinkerGraphExample3...
Testing testReadingTinkerGraphExample3MappingLabels...
	titangraph[hbase:null]: graph-example-3 loaded in 1060.3797509998549ms
Testing testReadingTinkerGraphExample3MappingIDs...
	titangraph[hbase:null]: graph-example-3 loaded in 1092.087947000051ms
Testing testReadingTinkerGraphExample3MappingAll...
	titangraph[hbase:null]: graph-example-3 loaded in 1160.9716050000861ms
Testing testMigratingTinkerGraphExample3...
Testing testAllGraphMLTypeCastsAndDataMappings...
Testing testTinkerGraphEdges...
	titangraph[hbase:null]: graph-example-1 loaded in 1045.9530929999892ms
*** TOTAL TIME [GraphMLReaderTestSuite]: 23994.505935000023 ***
Testing testReadingTinkerGraph...
Testing testTinkerGraphVertices...
	titangraph[hbase:null]: graph-example-1 loaded in 1349.2006149999797ms
Testing testTinkerGraphSoftwareVertices...
	titangraph[hbase:null]: graph-example-1 loaded in 1045.115885999985ms
Testing testTinkerGraphVertexAndEdges...
	titangraph[hbase:null]: graph-example-1 loaded in 1046.797882999992ms
Testing testTinkerGraphEdges...
	titangraph[hbase:null]: graph-example-1 loaded in 1048.491946999915ms
*** TOTAL TIME [GraphSONReaderTestSuite]: 12545.534743000055 ***
Testing testReadingTinkerGraph...
Testing testTinkerGraphVertices...
	titangraph[hbase:null]: graph-example-1 loaded in 1050.2490099999122ms
Testing testTinkerGraphSoftwareVertices...
	titangraph[hbase:null]: graph-example-1 loaded in 1048.2375610000454ms
Testing testTinkerGraphVertexAndEdges...
	titangraph[hbase:null]: graph-example-1 loaded in 1046.7131769999396ms
Testing testReadingTinkerGraphExample3...
Testing testReadingTinkerGraphExample3MappingLabels...
	titangraph[hbase:null]: graph-example-3 loaded in 1048.1250119998585ms
Testing testReadingTinkerGraphExample3MappingIDs...
	titangraph[hbase:null]: graph-example-3 loaded in 1050.5670549999923ms
Testing testReadingTinkerGraphExample3MappingAll...
	titangraph[hbase:null]: graph-example-3 loaded in 1043.473071000073ms
Testing testMigratingTinkerGraphExample3...
Testing testTinkerGraphEdges...
	titangraph[hbase:null]: graph-example-1 loaded in 1046.3567240000702ms
*** TOTAL TIME [GMLReaderTestSuite]: 21797.533638999797 ***
Testing testNoConcurrentModificationException...
Testing testGetNonExistantVertices...
Testing testRemoveVertexNullId...
	titangraph[hbase:null]: 100 vertices added in 6.639666999923065ms
	titangraph[hbase:null]: 100 vertices removed in 4.174639999866486ms
Testing testVertexIterator...
	titangraph[hbase:null]: 1000 vertices added in 675.3718020000961ms
	titangraph[hbase:null]: 1000 vertices counted in 91.71404200000688ms
Testing testLegalVertexEdgeIterables...
Testing testAddVertexProperties...
Testing testAddManyVertexProperties...
	titangraph[hbase:null]: 750 vertex properties added (with vertices being added too) in 20445.61327199987ms
Testing testRemoveVertexProperties...
Testing testAddingIdProperty...
Testing testGettingEdgesAndVertices...
Testing testEmptyKeyProperty...
Testing testVertexCentricLinking...
Testing testVertexCentricRemoving...
Testing testConcurrentModificationOnProperties...
Testing testSettingBadVertexProperties...
Testing testVertexEquality...
	titangraph[hbase:null]: 1 vertex added and retrieved in 609.9810460000299ms
Testing testVertexEqualityForSuppliedIdsAndHashCode...
Testing testBasicAddVertex...
Testing testGetVertexWithNull...
Testing testRemoveVertex...
Testing testRemoveVertexWithEdges...
*** TOTAL TIME [VertexTestSuite]: 71502.3475279999 ***
Testing testEdgeEquality...
Testing testGetEdges...
	titangraph[hbase:null]: 3 edges retrieved in 0.3951149999629706ms
Testing testGetNonExistantEdges...
Testing testRemoveManyEdges...
	titangraph[hbase:null]: 20 vertices counted in 105.40413199993782ms
	titangraph[hbase:null]: 10 edges counted in 112.5523300000932ms
	titangraph[hbase:null]: 10 edges removed and graph checked in 2206.630315999966ms
Testing testAddingDuplicateEdges...
Testing testRemoveEdgesByRemovingVertex...
Testing testRemoveEdges...
Testing testAddingSelfLoops...
Testing testRemoveSelfLoops...
Testing testEdgeIterator...
Testing testAddingRemovingEdgeProperties...
Testing testAddingLabelAndIdProperty...
Testing testEdgeCentricRemoving...
Testing testNoConcurrentModificationException...
Testing testEmptyKeyProperty...
Testing testSettingBadVertexProperties...
Testing testAddManyEdges...
	titangraph[hbase:null]: 300 elements added in 3397.392736000009ms
	titangraph[hbase:null]: 100 edges counted in 127.21026500011794ms
	titangraph[hbase:null]: 200 vertices counted in 131.87486499990337ms
	titangraph[hbase:null]: 200 vertices checked in 112.59631600021385ms
Testing testAddEdges...
	titangraph[hbase:null]: 6 elements added and checked in 929.2435329998843ms
*** TOTAL TIME [EdgeTestSuite]: 57055.482281999895 ***
Testing testFeatureCompliance...
supportsDuplicateEdges: true
supportsSelfLoops: true
supportsSerializableObjectProperty: true
supportsBooleanProperty: true
supportsDoubleProperty: true
supportsFloatProperty: true
supportsIntegerProperty: true
supportsPrimitiveArrayProperty: true
supportsUniformListProperty: true
supportsMixedListProperty: true
supportsLongProperty: true
supportsMapProperty: true
supportsStringProperty: true
ignoresSuppliedIds: true
isPersistent: true
isRDFModel: false
isWrapper: false
supportsIndices: false
supportsVertexIndex: false
supportsEdgeIndex: false
supportsKeyIndices: true
supportsVertexKeyIndex: true
supportsEdgeKeyIndex: false
supportsEdgeIteration: true
supportsVertexIteration: true
supportsEdgeRetrieval: true
supportsVertexProperties: true
supportsEdgeProperties: true
supportsTransactions: true
supportsThreadedTransactions: true
Testing testSimpleRemovingVerticesEdges...
Testing testRemovingEdges...
	titangraph[hbase:null]: 100 vertices added in 615.7101930000354ms
	titangraph[hbase:null]: 200 edges added in 5488.384097999893ms
	titangraph[hbase:null]: 200 edges deleted (with size check on each delete) in 47130.71344799991ms
Testing testRemovingVertices...
	titangraph[hbase:null]: 500 vertices added in 632.5237039998174ms
	titangraph[hbase:null]: 250 edges added in 6483.3474750001915ms
	titangraph[hbase:null]: 500 vertices deleted (with size check on each delete) in 89573.17808500025ms
Testing testConnectivityPatterns...
Testing testVertexEdgeLabels...
Testing testVertexEdgeLabels2...
Testing testTreeConnectivity...
	titangraph[hbase:null]: 1464 vertices added in a tree structure in 1280.185191000346ms
	titangraph[hbase:null]: 1464 vertices iterated in 153.34974699979648ms
	titangraph[hbase:null]: 1463 edges iterated in 118.2453979998827ms
Testing testConcurrentModification...
Testing testGraphDataPersists...
	titangraph[hbase:null]: 1 graph loaded in 68.91855099983513ms
Testing testAutotypingOfProperties...
Testing testGettingVerticesAndEdgesWithKeyValue...
Testing testEmptyOnConstruction...
Testing testStringRepresentationOfVertexId...
Testing testAddingVerticesAndEdges...
Testing testSemanticallyCorrectIterables...
Testing testSettingProperties...
Testing testDataTypeValidationOnProperties...
*** TOTAL TIME [GraphTestSuite]: 199898.9359220001 ***
Tests run: 10, Failures: 0, Errors: 0, Skipped: 0, Time elapsed: 454.826 sec
All done. Shutting done HBase.

Results :

Tests run: 60, Failures: 0, Errors: 0, Skipped: 0

[INFO]                                                                         
[INFO] ------------------------------------------------------------------------
[INFO] Building Titan-All: Complete Titan Distribution 0.2.1
[INFO] ------------------------------------------------------------------------
[INFO] 
[INFO] --- maven-enforcer-plugin:1.0:enforce (enforce-maven) @ titan-all ---
[INFO] 
[INFO] --- maven-resources-plugin:2.3:resources (default-resources) @ titan-all ---
[INFO] Using 'UTF-8' encoding to copy filtered resources.
[INFO] Copying 1 resource
[INFO] 
[INFO] --- maven-compiler-plugin:2.5.1:compile (default-compile) @ titan-all ---
[INFO] No sources to compile
[INFO] 
[INFO] --- maven-resources-plugin:2.3:testResources (default-testResources) @ titan-all ---
[INFO] Using 'UTF-8' encoding to copy filtered resources.
[INFO] skip non existing resourceDirectory /home/travis/build/thinkaurelius/titan/titan-all/src/test/resources
[INFO] 
[INFO] --- maven-compiler-plugin:2.5.1:testCompile (default-testCompile) @ titan-all ---
[INFO] No sources to compile
[INFO] 
[INFO] --- maven-surefire-plugin:2.11:test (default-test) @ titan-all ---
[INFO] No tests to run.
[INFO] Surefire report directory: /home/travis/build/thinkaurelius/titan/titan-all/target/surefire-reports

-------------------------------------------------------
 T E S T S
-------------------------------------------------------

Results :

Tests run: 0, Failures: 0, Errors: 0, Skipped: 0

[INFO] ------------------------------------------------------------------------
[INFO] Reactor Summary:
[INFO] 
[INFO] Titan: Distributed Graph Database ................. SUCCESS [1.433s]
[INFO] Titan-Core: Core Library for Titan ................ SUCCESS [4.062s]
[INFO] Titan-Test: Test Suite for Titan .................. SUCCESS [20.195s]
[INFO] Titan-BerkeleyJE: Distributed Graph Database ...... SUCCESS [1:06.341s]
[INFO] Titan-Cassandra: Distributed Graph Database ....... SUCCESS [15:09.927s]
[INFO] Titan-HBase: Distributed Graph Database ........... SUCCESS [12:17.780s]
[INFO] Titan-All: Complete Titan Distribution ............ SUCCESS [0.854s]
[INFO] ------------------------------------------------------------------------
[INFO] BUILD SUCCESS
[INFO] ------------------------------------------------------------------------
[INFO] Total time: 29:01.246s
[INFO] Finished at: Tue Mar 26 22:04:25 UTC 2013
[INFO] Final Memory: 18M/192M
[INFO] ------------------------------------------------------------------------

The command "mvn test" exited with 0.

Done. Your build exited with 0.
