Using worker: bluebox-linux-2.worker.travis-ci.org:travis-linux-6

travis_fold:start:git.1$ git clone --depth=50 --branch=master git://github.com/thinkaurelius/titan.git thinkaurelius/titan
Cloning into 'thinkaurelius/titan'...
remote: Counting objects: 1633, done.[K
remote: Compressing objects:   0% (1/898)   [Kremote: Compressing objects:   1% (9/898)   [Kremote: Compressing objects:   2% (18/898)   [Kremote: Compressing objects:   3% (27/898)   [Kremote: Compressing objects:   4% (36/898)   [Kremote: Compressing objects:   5% (45/898)   [Kremote: Compressing objects:   6% (54/898)   [Kremote: Compressing objects:   7% (63/898)   [Kremote: Compressing objects:   8% (72/898)   [Kremote: Compressing objects:   9% (81/898)   [Kremote: Compressing objects:  10% (90/898)   [Kremote: Compressing objects:  11% (99/898)   [Kremote: Compressing objects:  12% (108/898)   [Kremote: Compressing objects:  13% (117/898)   [Kremote: Compressing objects:  14% (126/898)   [Kremote: Compressing objects:  15% (135/898)   [Kremote: Compressing objects:  16% (144/898)   [Kremote: Compressing objects:  17% (153/898)   [Kremote: Compressing objects:  18% (162/898)   [Kremote: Compressing objects:  19% (171/898)   [Kremote: Compressing objects:  20% (180/898)   [Kremote: Compressing objects:  21% (189/898)   [Kremote: Compressing objects:  22% (198/898)   [Kremote: Compressing objects:  23% (207/898)   [Kremote: Compressing objects:  24% (216/898)   [Kremote: Compressing objects:  25% (225/898)   [Kremote: Compressing objects:  26% (234/898)   [Kremote: Compressing objects:  27% (243/898)   [Kremote: Compressing objects:  28% (252/898)   [Kremote: Compressing objects:  29% (261/898)   [Kremote: Compressing objects:  30% (270/898)   [Kremote: Compressing objects:  31% (279/898)   [Kremote: Compressing objects:  32% (288/898)   [Kremote: Compressing objects:  33% (297/898)   [Kremote: Compressing objects:  34% (306/898)   [Kremote: Compressing objects:  35% (315/898)   [Kremote: Compressing objects:  36% (324/898)   [Kremote: Compressing objects:  37% (333/898)   [Kremote: Compressing objects:  38% (342/898)   [Kremote: Compressing objects:  39% (351/898)   [Kremote: Compressing objects:  40% (360/898)   [Kremote: Compressing objects:  41% (369/898)   [Kremote: Compressing objects:  42% (378/898)   [Kremote: Compressing objects:  43% (387/898)   [Kremote: Compressing objects:  44% (396/898)   [Kremote: Compressing objects:  45% (405/898)   [Kremote: Compressing objects:  46% (414/898)   [Kremote: Compressing objects:  47% (423/898)   [Kremote: Compressing objects:  48% (432/898)   [Kremote: Compressing objects:  49% (441/898)   [Kremote: Compressing objects:  50% (449/898)   [Kremote: Compressing objects:  51% (458/898)   [Kremote: Compressing objects:  52% (467/898)   [Kremote: Compressing objects:  53% (476/898)   [Kremote: Compressing objects:  54% (485/898)   [Kremote: Compressing objects:  55% (494/898)   [Kremote: Compressing objects:  56% (503/898)   [Kremote: Compressing objects:  57% (512/898)   [Kremote: Compressing objects:  58% (521/898)   [Kremote: Compressing objects:  59% (530/898)   [Kremote: Compressing objects:  60% (539/898)   [Kremote: Compressing objects:  61% (548/898)   [Kremote: Compressing objects:  62% (557/898)   [Kremote: Compressing objects:  63% (566/898)   [Kremote: Compressing objects:  64% (575/898)   [Kremote: Compressing objects:  65% (584/898)   [Kremote: Compressing objects:  66% (593/898)   [Kremote: Compressing objects:  67% (602/898)   [Kremote: Compressing objects:  68% (611/898)   [Kremote: Compressing objects:  69% (620/898)   [Kremote: Compressing objects:  70% (629/898)   [Kremote: Compressing objects:  71% (638/898)   [Kremote: Compressing objects:  72% (647/898)   [Kremote: Compressing objects:  73% (656/898)   [Kremote: Compressing objects:  74% (665/898)   [Kremote: Compressing objects:  75% (674/898)   [Kremote: Compressing objects:  76% (683/898)   [Kremote: Compressing objects:  77% (692/898)   [Kremote: Compressing objects:  78% (701/898)   [Kremote: Compressing objects:  79% (710/898)   [Kremote: Compressing objects:  80% (719/898)   [Kremote: Compressing objects:  81% (728/898)   [Kremote: Compressing objects:  82% (737/898)   [Kremote: Compressing objects:  83% (746/898)   [Kremote: Compressing objects:  84% (755/898)   [Kremote: Compressing objects:  85% (764/898)   [Kremote: Compressing objects:  86% (773/898)   [Kremote: Compressing objects:  87% (782/898)   [Kremote: Compressing objects:  88% (791/898)   [Kremote: Compressing objects:  89% (800/898)   [Kremote: Compressing objects:  90% (809/898)   [Kremote: Compressing objects:  91% (818/898)   [Kremote: Compressing objects:  92% (827/898)   [Kremote: Compressing objects:  93% (836/898)   [Kremote: Compressing objects:  94% (845/898)   [Kremote: Compressing objects:  95% (854/898)   [Kremote: Compressing objects:  96% (863/898)   [Kremote: Compressing objects:  97% (872/898)   [Kremote: Compressing objects:  98% (881/898)   [Kremote: Compressing objects:  99% (890/898)   [Kremote: Compressing objects: 100% (898/898)   [Kremote: Compressing objects: 100% (898/898), done.[K
Receiving objects:   0% (1/1633)   Receiving objects:   1% (17/1633)   Receiving objects:   2% (33/1633)   Receiving objects:   3% (49/1633)   Receiving objects:   4% (66/1633)   Receiving objects:   5% (82/1633)   Receiving objects:   6% (98/1633)   Receiving objects:   7% (115/1633)   Receiving objects:   8% (131/1633)   Receiving objects:   9% (147/1633)   Receiving objects:   9% (160/1633), 156.00 KiB | 51 KiB/s   Receiving objects:   9% (160/1633), 452.00 KiB | 113 KiB/s   Receiving objects:  10% (164/1633), 452.00 KiB | 113 KiB/s   Receiving objects:  11% (180/1633), 452.00 KiB | 113 KiB/s   Receiving objects:  12% (196/1633), 452.00 KiB | 113 KiB/s   Receiving objects:  13% (213/1633), 452.00 KiB | 113 KiB/s   Receiving objects:  14% (229/1633), 452.00 KiB | 113 KiB/s   Receiving objects:  15% (245/1633), 452.00 KiB | 113 KiB/s   Receiving objects:  16% (262/1633), 452.00 KiB | 113 KiB/s   Receiving objects:  17% (278/1633), 452.00 KiB | 113 KiB/s   Receiving objects:  18% (294/1633), 452.00 KiB | 113 KiB/s   Receiving objects:  19% (311/1633), 452.00 KiB | 113 KiB/s   Receiving objects:  20% (327/1633), 452.00 KiB | 113 KiB/s   Receiving objects:  21% (343/1633), 452.00 KiB | 113 KiB/s   Receiving objects:  22% (360/1633), 452.00 KiB | 113 KiB/s   Receiving objects:  23% (376/1633), 452.00 KiB | 113 KiB/s   Receiving objects:  24% (392/1633), 452.00 KiB | 113 KiB/s   Receiving objects:  25% (409/1633), 452.00 KiB | 113 KiB/s   Receiving objects:  26% (425/1633), 452.00 KiB | 113 KiB/s   Receiving objects:  27% (441/1633), 452.00 KiB | 113 KiB/s   Receiving objects:  28% (458/1633), 452.00 KiB | 113 KiB/s   Receiving objects:  29% (474/1633), 452.00 KiB | 113 KiB/s   Receiving objects:  30% (490/1633), 452.00 KiB | 113 KiB/s   Receiving objects:  31% (507/1633), 452.00 KiB | 113 KiB/s   Receiving objects:  32% (523/1633), 452.00 KiB | 113 KiB/s   Receiving objects:  33% (539/1633), 452.00 KiB | 113 KiB/s   Receiving objects:  34% (556/1633), 452.00 KiB | 113 KiB/s   Receiving objects:  35% (572/1633), 452.00 KiB | 113 KiB/s   Receiving objects:  36% (588/1633), 452.00 KiB | 113 KiB/s   Receiving objects:  37% (605/1633), 452.00 KiB | 113 KiB/s   Receiving objects:  38% (621/1633), 452.00 KiB | 113 KiB/s   Receiving objects:  39% (637/1633), 452.00 KiB | 113 KiB/s   Receiving objects:  40% (654/1633), 452.00 KiB | 113 KiB/s   Receiving objects:  41% (670/1633), 452.00 KiB | 113 KiB/s   Receiving objects:  42% (686/1633), 452.00 KiB | 113 KiB/s   Receiving objects:  43% (703/1633), 452.00 KiB | 113 KiB/s   Receiving objects:  44% (719/1633), 452.00 KiB | 113 KiB/s   Receiving objects:  45% (735/1633), 452.00 KiB | 113 KiB/s   Receiving objects:  46% (752/1633), 452.00 KiB | 113 KiB/s   Receiving objects:  47% (768/1633), 452.00 KiB | 113 KiB/s   Receiving objects:  48% (784/1633), 452.00 KiB | 113 KiB/s   Receiving objects:  49% (801/1633), 452.00 KiB | 113 KiB/s   Receiving objects:  50% (817/1633), 452.00 KiB | 113 KiB/s   Receiving objects:  51% (833/1633), 452.00 KiB | 113 KiB/s   Receiving objects:  52% (850/1633), 452.00 KiB | 113 KiB/s   Receiving objects:  53% (866/1633), 452.00 KiB | 113 KiB/s   Receiving objects:  54% (882/1633), 452.00 KiB | 113 KiB/s   Receiving objects:  55% (899/1633), 452.00 KiB | 113 KiB/s   Receiving objects:  56% (915/1633), 452.00 KiB | 113 KiB/s   Receiving objects:  57% (931/1633), 452.00 KiB | 113 KiB/s   Receiving objects:  58% (948/1633), 452.00 KiB | 113 KiB/s   Receiving objects:  59% (964/1633), 452.00 KiB | 113 KiB/s   Receiving objects:  60% (980/1633), 452.00 KiB | 113 KiB/s   Receiving objects:  61% (997/1633), 452.00 KiB | 113 KiB/s   Receiving objects:  62% (1013/1633), 452.00 KiB | 113 KiB/s   Receiving objects:  63% (1029/1633), 452.00 KiB | 113 KiB/s   Receiving objects:  64% (1046/1633), 452.00 KiB | 113 KiB/s   Receiving objects:  65% (1062/1633), 452.00 KiB | 113 KiB/s   Receiving objects:  66% (1078/1633), 452.00 KiB | 113 KiB/s   Receiving objects:  67% (1095/1633), 452.00 KiB | 113 KiB/s   Receiving objects:  68% (1111/1633), 452.00 KiB | 113 KiB/s   Receiving objects:  69% (1127/1633), 452.00 KiB | 113 KiB/s   Receiving objects:  70% (1144/1633), 452.00 KiB | 113 KiB/s   Receiving objects:  71% (1160/1633), 452.00 KiB | 113 KiB/s   Receiving objects:  72% (1176/1633), 452.00 KiB | 113 KiB/s   Receiving objects:  73% (1193/1633), 452.00 KiB | 113 KiB/s   Receiving objects:  74% (1209/1633), 452.00 KiB | 113 KiB/s   Receiving objects:  75% (1225/1633), 452.00 KiB | 113 KiB/s   Receiving objects:  76% (1242/1633), 452.00 KiB | 113 KiB/s   Receiving objects:  77% (1258/1633), 452.00 KiB | 113 KiB/s   Receiving objects:  78% (1274/1633), 452.00 KiB | 113 KiB/s   Receiving objects:  79% (1291/1633), 452.00 KiB | 113 KiB/s   Receiving objects:  80% (1307/1633), 452.00 KiB | 113 KiB/s   Receiving objects:  81% (1323/1633), 452.00 KiB | 113 KiB/s   Receiving objects:  82% (1340/1633), 452.00 KiB | 113 KiB/s   Receiving objects:  83% (1356/1633), 452.00 KiB | 113 KiB/s   Receiving objects:  84% (1372/1633), 452.00 KiB | 113 KiB/s   remote: Total 1633 (delta 524), reused 1371 (delta 406)[K
Receiving objects:  85% (1389/1633), 452.00 KiB | 113 KiB/s   Receiving objects:  86% (1405/1633), 452.00 KiB | 113 KiB/s   Receiving objects:  87% (1421/1633), 452.00 KiB | 113 KiB/s   Receiving objects:  88% (1438/1633), 452.00 KiB | 113 KiB/s   Receiving objects:  89% (1454/1633), 452.00 KiB | 113 KiB/s   Receiving objects:  90% (1470/1633), 452.00 KiB | 113 KiB/s   Receiving objects:  91% (1487/1633), 452.00 KiB | 113 KiB/s   Receiving objects:  92% (1503/1633), 452.00 KiB | 113 KiB/s   Receiving objects:  93% (1519/1633), 452.00 KiB | 113 KiB/s   Receiving objects:  94% (1536/1633), 452.00 KiB | 113 KiB/s   Receiving objects:  95% (1552/1633), 452.00 KiB | 113 KiB/s   Receiving objects:  96% (1568/1633), 452.00 KiB | 113 KiB/s   Receiving objects:  97% (1585/1633), 452.00 KiB | 113 KiB/s   Receiving objects:  98% (1601/1633), 452.00 KiB | 113 KiB/s   Receiving objects:  99% (1617/1633), 452.00 KiB | 113 KiB/s   Receiving objects: 100% (1633/1633), 452.00 KiB | 113 KiB/s   Receiving objects: 100% (1633/1633), 3.14 MiB | 113 KiB/s, done.
Resolving deltas:   0% (0/524)   Resolving deltas:   1% (6/524)   Resolving deltas:   2% (14/524)   Resolving deltas:   3% (16/524)   Resolving deltas:   4% (25/524)   Resolving deltas:   5% (29/524)   Resolving deltas:   6% (33/524)   Resolving deltas:   8% (43/524)   Resolving deltas:   9% (48/524)   Resolving deltas:  10% (54/524)   Resolving deltas:  11% (59/524)   Resolving deltas:  13% (70/524)   Resolving deltas:  14% (76/524)   Resolving deltas:  15% (82/524)   Resolving deltas:  16% (86/524)   Resolving deltas:  18% (97/524)   Resolving deltas:  20% (106/524)   Resolving deltas:  21% (111/524)   Resolving deltas:  22% (116/524)   Resolving deltas:  23% (123/524)   Resolving deltas:  24% (130/524)   Resolving deltas:  25% (134/524)   Resolving deltas:  26% (140/524)   Resolving deltas:  28% (149/524)   Resolving deltas:  29% (153/524)   Resolving deltas:  30% (160/524)   Resolving deltas:  32% (168/524)   Resolving deltas:  33% (173/524)   Resolving deltas:  34% (181/524)   Resolving deltas:  35% (184/524)   Resolving deltas:  36% (189/524)   Resolving deltas:  37% (194/524)   Resolving deltas:  38% (202/524)   Resolving deltas:  39% (206/524)   Resolving deltas:  40% (210/524)   Resolving deltas:  41% (216/524)   Resolving deltas:  42% (225/524)   Resolving deltas:  43% (228/524)   Resolving deltas:  44% (231/524)   Resolving deltas:  45% (236/524)   Resolving deltas:  46% (242/524)   Resolving deltas:  47% (247/524)   Resolving deltas:  48% (252/524)   Resolving deltas:  49% (257/524)   Resolving deltas:  50% (262/524)   Resolving deltas:  51% (271/524)   Resolving deltas:  52% (273/524)   Resolving deltas:  53% (279/524)   Resolving deltas:  54% (283/524)   Resolving deltas:  55% (290/524)   Resolving deltas:  56% (294/524)   Resolving deltas:  57% (301/524)   Resolving deltas:  58% (304/524)   Resolving deltas:  59% (313/524)   Resolving deltas:  60% (317/524)   Resolving deltas:  61% (322/524)   Resolving deltas:  62% (329/524)   Resolving deltas:  63% (332/524)   Resolving deltas:  64% (336/524)   Resolving deltas:  65% (341/524)   Resolving deltas:  66% (346/524)   Resolving deltas:  67% (356/524)   Resolving deltas:  68% (357/524)   Resolving deltas:  69% (362/524)   Resolving deltas:  70% (369/524)   Resolving deltas:  71% (375/524)   Resolving deltas:  72% (380/524)   Resolving deltas:  73% (383/524)   Resolving deltas:  74% (392/524)   Resolving deltas:  75% (393/524)   Resolving deltas:  76% (400/524)   Resolving deltas:  77% (406/524)   Resolving deltas:  78% (412/524)   Resolving deltas:  79% (414/524)   Resolving deltas:  80% (423/524)   Resolving deltas:  83% (436/524)   Resolving deltas:  85% (446/524)   Resolving deltas:  89% (468/524)   Resolving deltas:  90% (473/524)   Resolving deltas:  91% (477/524)   Resolving deltas:  92% (485/524)   Resolving deltas:  93% (489/524)   Resolving deltas:  94% (493/524)   Resolving deltas:  95% (499/524)   Resolving deltas:  96% (504/524)   Resolving deltas:  98% (515/524)   Resolving deltas: 100% (524/524)   Resolving deltas: 100% (524/524), done.
travis_fold:end:git.1$ cd thinkaurelius/titan
travis_fold:start:git.2$ git checkout -qf cefa1334ab5dcb133f1327da7bab593ce65d2c4f
travis_fold:end:git.2$ jdk_switcher use oraclejdk7
Switching to Oracle JDK7 (java-7-oracle), JAVA_HOME will be set to /usr/lib/jvm/java-7-oracle
update-alternatives: error: no alternatives for apt.
update-alternatives: error: no alternatives for mozilla-javaplugin.so.
update-alternatives: error: no alternatives for apt.
$ java -version
java version "1.7.0_17"
Java(TM) SE Runtime Environment (build 1.7.0_17-b02)
Java HotSpot(TM) 64-Bit Server VM (build 23.7-b01, mixed mode)
$ javac -version
javac 1.7.0_17
travis_fold:start:install$ mvn install --quiet -DskipTests=true
[debug] execute contextualize
[debug] execute contextualize
[debug] execute contextualize
travis_fold:end:install$ mvn test
[INFO] Scanning for projects...
[INFO] ------------------------------------------------------------------------
[INFO] Reactor Build Order:
[INFO] 
[INFO] Titan: Distributed Graph Database
[INFO] Titan-Core: Core Library for Titan
[INFO] Titan-Test: Test Suite for Titan
[INFO] Titan-BerkeleyJE: Distributed Graph Database
[INFO] Titan-Cassandra: Distributed Graph Database
[INFO] Titan-HBase: Distributed Graph Database
[INFO] Titan-All: Complete Titan Distribution
[INFO]                                                                         
[INFO] ------------------------------------------------------------------------
[INFO] Building Titan: Distributed Graph Database 0.2.1
[INFO] ------------------------------------------------------------------------
[INFO] 
[INFO] --- maven-enforcer-plugin:1.0:enforce (enforce-maven) @ titan ---
[INFO]                                                                         
[INFO] ------------------------------------------------------------------------
[INFO] Building Titan-Core: Core Library for Titan 0.2.1
[INFO] ------------------------------------------------------------------------
[INFO] 
[INFO] --- maven-enforcer-plugin:1.0:enforce (enforce-maven) @ titan-core ---
[INFO] 
[INFO] --- maven-resources-plugin:2.3:resources (default-resources) @ titan-core ---
[INFO] Using 'UTF-8' encoding to copy filtered resources.
[INFO] skip non existing resourceDirectory /home/travis/build/thinkaurelius/titan/titan-core/src/main/resources
[INFO] 
[INFO] --- maven-compiler-plugin:2.5.1:compile (default-compile) @ titan-core ---
[INFO] Nothing to compile - all classes are up to date
[INFO] 
[INFO] --- maven-resources-plugin:2.3:testResources (default-testResources) @ titan-core ---
[INFO] Using 'UTF-8' encoding to copy filtered resources.
[INFO] skip non existing resourceDirectory /home/travis/build/thinkaurelius/titan/titan-core/src/test/resources
[INFO] 
[INFO] --- maven-compiler-plugin:2.5.1:testCompile (default-testCompile) @ titan-core ---
[INFO] No sources to compile
[INFO] 
[INFO] --- maven-surefire-plugin:2.11:test (default-test) @ titan-core ---
[INFO] No tests to run.
[INFO] Surefire report directory: /home/travis/build/thinkaurelius/titan/titan-core/target/surefire-reports
Downloading: http://maven.mirrors.travis-ci.org/nexus/content/repositories/central/org/apache/maven/surefire/surefire-junit3/2.11/surefire-junit3-2.11.pom
2/2 KB            Downloaded: http://maven.mirrors.travis-ci.org/nexus/content/repositories/central/org/apache/maven/surefire/surefire-junit3/2.11/surefire-junit3-2.11.pom (2 KB at 2.2 KB/sec)
Downloading: http://maven.mirrors.travis-ci.org/nexus/content/repositories/central/org/apache/maven/surefire/surefire-providers/2.11/surefire-providers-2.11.pom
3/3 KB            Downloaded: http://maven.mirrors.travis-ci.org/nexus/content/repositories/central/org/apache/maven/surefire/surefire-providers/2.11/surefire-providers-2.11.pom (3 KB at 4.7 KB/sec)
Downloading: http://maven.mirrors.travis-ci.org/nexus/content/repositories/central/org/apache/maven/surefire/surefire-junit3/2.11/surefire-junit3-2.11.jar
4/26 KB   8/26 KB   9/26 KB   10/26 KB   14/26 KB   18/26 KB   22/26 KB   24/26 KB   26/26 KB              Downloaded: http://maven.mirrors.travis-ci.org/nexus/content/repositories/central/org/apache/maven/surefire/surefire-junit3/2.11/surefire-junit3-2.11.jar (26 KB at 41.3 KB/sec)

-------------------------------------------------------
 T E S T S
-------------------------------------------------------

Results :

Tests run: 0, Failures: 0, Errors: 0, Skipped: 0

[INFO]                                                                         
[INFO] ------------------------------------------------------------------------
[INFO] Building Titan-Test: Test Suite for Titan 0.2.1
[INFO] ------------------------------------------------------------------------
[INFO] 
[INFO] --- maven-enforcer-plugin:1.0:enforce (enforce-maven) @ titan-test ---
[INFO] 
[INFO] --- maven-resources-plugin:2.3:resources (default-resources) @ titan-test ---
[INFO] Using 'UTF-8' encoding to copy filtered resources.
[INFO] skip non existing resourceDirectory /home/travis/build/thinkaurelius/titan/titan-test/src/main/resources
[INFO] 
[INFO] --- maven-compiler-plugin:2.5.1:compile (default-compile) @ titan-test ---
[INFO] Nothing to compile - all classes are up to date
[INFO] 
[INFO] --- maven-resources-plugin:2.3:testResources (default-testResources) @ titan-test ---
[INFO] Using 'UTF-8' encoding to copy filtered resources.
[INFO] Copying 2 resources
[INFO] 
[INFO] --- maven-compiler-plugin:2.5.1:testCompile (default-testCompile) @ titan-test ---
[INFO] Nothing to compile - all classes are up to date
[INFO] 
[INFO] --- maven-surefire-plugin:2.11:test (default-test) @ titan-test ---
[INFO] Surefire report directory: /home/travis/build/thinkaurelius/titan/titan-test/target/surefire-reports
Downloading: http://maven.mirrors.travis-ci.org/nexus/content/repositories/central/org/apache/maven/surefire/surefire-junit4/2.11/surefire-junit4-2.11.pom
3/3 KB              Downloaded: http://maven.mirrors.travis-ci.org/nexus/content/repositories/central/org/apache/maven/surefire/surefire-junit4/2.11/surefire-junit4-2.11.pom (3 KB at 7.6 KB/sec)
Downloading: http://maven.mirrors.travis-ci.org/nexus/content/repositories/central/org/apache/maven/surefire/surefire-junit4/2.11/surefire-junit4-2.11.jar
4/33 KB   8/33 KB   9/33 KB   13/33 KB   17/33 KB   21/33 KB   23/33 KB   27/33 KB   31/33 KB   33/33 KB              Downloaded: http://maven.mirrors.travis-ci.org/nexus/content/repositories/central/org/apache/maven/surefire/surefire-junit4/2.11/surefire-junit4-2.11.jar (33 KB at 47.7 KB/sec)

-------------------------------------------------------
 T E S T S
-------------------------------------------------------
Running com.thinkaurelius.titan.util.datastructures.BitMapTest
Tests run: 1, Failures: 0, Errors: 0, Skipped: 0, Time elapsed: 0.135 sec
Running com.thinkaurelius.titan.tinkerpop.rexster.TitanGraphConfigurationTest
Tests run: 1, Failures: 0, Errors: 0, Skipped: 0, Time elapsed: 0.569 sec
Running com.thinkaurelius.titan.graphdb.serializer.KryoTest
Tests run: 4, Failures: 0, Errors: 0, Skipped: 0, Time elapsed: 0.11 sec
Running com.thinkaurelius.titan.graphdb.idmanagement.VariableLongTest
Writing 10000000 longs in 65567319 bytes. in time: 2365
Writing 1000000 longs in 2983488 bytes. in time: 135
Tests run: 5, Failures: 0, Errors: 0, Skipped: 0, Time elapsed: 3.345 sec
Running com.thinkaurelius.titan.graphdb.idmanagement.IDManagementTest
Tests run: 3, Failures: 0, Errors: 0, Skipped: 0, Time elapsed: 1.808 sec
Running com.thinkaurelius.titan.graphdb.serializer.ByteBufferTest
Tests run: 3, Failures: 0, Errors: 0, Skipped: 0, Time elapsed: 0.248 sec
Running com.thinkaurelius.titan.blueprints.InMemoryBlueprintsTest
Testing testAutoIndexKeyDroppingWithPersistence...
	titaninmemoryblueprintsgraph[null]: 2 automatic index keys added in 103.32934599998407ms
Testing testNoConcurrentModificationException...
Testing testKeyIndicesConsistentWithElementRemoval...
Testing testAutoIndexKeyManagementWithPersistence...
	titaninmemoryblueprintsgraph[null]: 2 automatic index keys added in 1.3693910000147298ms
*** TOTAL TIME [KeyIndexableGraphTestSuite]: 663.6041530000512 ***
Testing testGetVertexWithNull...
Testing testRemoveVertex...
Testing testRemoveVertexWithEdges...
Testing testGetNonExistantVertices...
Testing testRemoveVertexNullId...
	titaninmemoryblueprintsgraph[null]: 100 vertices added in 7.374280999996699ms
	titaninmemoryblueprintsgraph[null]: 100 vertices removed in 10.20025400002487ms
Testing testVertexIterator...
	titaninmemoryblueprintsgraph[null]: 1000 vertices added in 69.83769800001755ms
	titaninmemoryblueprintsgraph[null]: 1000 vertices counted in 8.809068999951705ms
Testing testLegalVertexEdgeIterables...
Testing testAddVertexProperties...
Testing testAddManyVertexProperties...
	titaninmemoryblueprintsgraph[null]: 750 vertex properties added (with vertices being added too) in 735.1343699999852ms
Testing testRemoveVertexProperties...
Testing testAddingIdProperty...
Testing testGettingEdgesAndVertices...
Testing testEmptyKeyProperty...
Testing testVertexCentricLinking...
Testing testVertexCentricRemoving...
Testing testConcurrentModificationOnProperties...
Testing testSettingBadVertexProperties...
Testing testVertexEquality...
	titaninmemoryblueprintsgraph[null]: 1 vertex added and retrieved in 0.12940799992065877ms
Testing testVertexEqualityForSuppliedIdsAndHashCode...
Testing testBasicAddVertex...
Testing testNoConcurrentModificationException...
*** TOTAL TIME [VertexTestSuite]: 1022.2280379999429 ***
Testing testEdgeEquality...
Testing testAddEdges...
	titaninmemoryblueprintsgraph[null]: 6 elements added and checked in 4.018301000003703ms
Testing testEmptyKeyProperty...
Testing testSettingBadVertexProperties...
Testing testAddManyEdges...
	titaninmemoryblueprintsgraph[null]: 300 elements added in 121.10293900000397ms
	titaninmemoryblueprintsgraph[null]: 100 edges counted in 9.876123000052758ms
	titaninmemoryblueprintsgraph[null]: 200 vertices counted in 1.118800999945961ms
	titaninmemoryblueprintsgraph[null]: 200 vertices checked in 24.070334999938495ms
Testing testRemoveManyEdges...
	titaninmemoryblueprintsgraph[null]: 20 vertices counted in 0.10321500001009554ms
	titaninmemoryblueprintsgraph[null]: 10 edges counted in 0.724932000041008ms
	titaninmemoryblueprintsgraph[null]: 10 edges removed and graph checked in 23.535109999938868ms
Testing testAddingDuplicateEdges...
Testing testRemoveEdgesByRemovingVertex...
Testing testRemoveEdges...
Testing testAddingSelfLoops...
Testing testRemoveSelfLoops...
Testing testEdgeIterator...
Testing testAddingRemovingEdgeProperties...
Testing testAddingLabelAndIdProperty...
Testing testEdgeCentricRemoving...
Testing testNoConcurrentModificationException...
*** TOTAL TIME [EdgeTestSuite]: 270.58907599991653 ***
Testing testGettingVerticesAndEdgesWithKeyValue...
Testing testFeatureCompliance...
supportsDuplicateEdges: true
supportsSelfLoops: true
supportsSerializableObjectProperty: true
supportsBooleanProperty: true
supportsDoubleProperty: true
supportsFloatProperty: true
supportsIntegerProperty: true
supportsPrimitiveArrayProperty: true
supportsUniformListProperty: true
supportsMixedListProperty: true
supportsLongProperty: true
supportsMapProperty: true
supportsStringProperty: true
ignoresSuppliedIds: true
isPersistent: false
isRDFModel: false
isWrapper: false
supportsIndices: false
supportsVertexIndex: false
supportsEdgeIndex: false
supportsKeyIndices: true
supportsVertexKeyIndex: true
supportsEdgeKeyIndex: false
supportsEdgeIteration: true
supportsVertexIteration: true
supportsEdgeRetrieval: true
supportsVertexProperties: true
supportsEdgeProperties: true
supportsTransactions: false
supportsThreadedTransactions: false
Testing testEmptyOnConstruction...
Testing testStringRepresentation...
	titaninmemoryblueprintsgraph[null]: 1 graph string representation generated in 0.10153600003104657ms
Testing testStringRepresentationOfVertexId...
Testing testSemanticallyCorrectIterables...
Testing testAddingVerticesAndEdges...
Testing testSettingProperties...
Testing testDataTypeValidationOnProperties...
Testing testSimpleRemovingVerticesEdges...
Testing testRemovingEdges...
	titaninmemoryblueprintsgraph[null]: 100 vertices added in 3.849601999972947ms
	titaninmemoryblueprintsgraph[null]: 200 edges added in 116.78223999997135ms
	titaninmemoryblueprintsgraph[null]: 200 edges deleted (with size check on each delete) in 194.74870400002692ms
Testing testRemovingVertices...
	titaninmemoryblueprintsgraph[null]: 500 vertices added in 16.762503999983892ms
	titaninmemoryblueprintsgraph[null]: 250 edges added in 89.25089400005527ms
	titaninmemoryblueprintsgraph[null]: 500 vertices deleted (with size check on each delete) in 104.33468400000129ms
Testing testConnectivityPatterns...
Testing testVertexEdgeLabels...
Testing testVertexEdgeLabels2...
Testing testTreeConnectivity...
	titaninmemoryblueprintsgraph[null]: 1464 vertices added in a tree structure in 211.20679100009147ms
	titaninmemoryblueprintsgraph[null]: 1464 vertices iterated in 7.942557999980636ms
	titaninmemoryblueprintsgraph[null]: 1463 edges iterated in 15.65749200002756ms
Testing testConcurrentModification...
Testing testGraphDataPersists...
Testing testAutotypingOfProperties...
*** TOTAL TIME [GraphTestSuite]: 841.8358269999735 ***
Testing testVertexQuery...
Testing testGraphQueryForVertices...
Testing testGraphQueryForEdges...
*** TOTAL TIME [QueryTestSuite]: 72.62286999996286 ***
Testing testTinkerGraphVertexAndEdges...
	titaninmemoryblueprintsgraph[null]: graph-example-1 loaded in 102.9869910000125ms
Testing testReadingTinkerGraphExample3...
Testing testReadingTinkerGraphExample3MappingLabels...
	titaninmemoryblueprintsgraph[null]: graph-example-3 loaded in 13.387417000019923ms
Testing testReadingTinkerGraphExample3MappingIDs...
	titaninmemoryblueprintsgraph[null]: graph-example-3 loaded in 12.319987999973819ms
Testing testReadingTinkerGraphExample3MappingAll...
	titaninmemoryblueprintsgraph[null]: graph-example-3 loaded in 11.553050999995321ms
Testing testMigratingTinkerGraphExample3...
Testing testAllGraphMLTypeCastsAndDataMappings...
Testing testReadingTinkerGraph...
Testing testTinkerGraphEdges...
	titaninmemoryblueprintsgraph[null]: graph-example-1 loaded in 10.052514999988489ms
Testing testTinkerGraphVertices...
	titaninmemoryblueprintsgraph[null]: graph-example-1 loaded in 9.629516000044532ms
Testing testTinkerGraphSoftwareVertices...
	titaninmemoryblueprintsgraph[null]: graph-example-1 loaded in 9.78097500000149ms
*** TOTAL TIME [GraphMLReaderTestSuite]: 179.98360899998806 ***
Testing testTinkerGraphVertexAndEdges...
	titaninmemoryblueprintsgraph[null]: graph-example-1 loaded in 30.63800400006585ms
Testing testReadingTinkerGraphExample3...
Testing testReadingTinkerGraphExample3MappingLabels...
	titaninmemoryblueprintsgraph[null]: graph-example-3 loaded in 7.6909920000471175ms
Testing testReadingTinkerGraphExample3MappingIDs...
	titaninmemoryblueprintsgraph[null]: graph-example-3 loaded in 7.007929000072181ms
Testing testReadingTinkerGraphExample3MappingAll...
	titaninmemoryblueprintsgraph[null]: graph-example-3 loaded in 6.359432999975979ms
Testing testMigratingTinkerGraphExample3...
Testing testReadingTinkerGraph...
Testing testTinkerGraphEdges...
	titaninmemoryblueprintsgraph[null]: graph-example-1 loaded in 6.1159500000067055ms
Testing testTinkerGraphVertices...
	titaninmemoryblueprintsgraph[null]: graph-example-1 loaded in 6.121464999974705ms
Testing testTinkerGraphSoftwareVertices...
	titaninmemoryblueprintsgraph[null]: graph-example-1 loaded in 5.948152999975719ms
*** TOTAL TIME [GMLReaderTestSuite]: 79.18292100005783 ***
Tests run: 7, Failures: 0, Errors: 0, Skipped: 0, Time elapsed: 3.154 sec
Running com.thinkaurelius.titan.graphdb.idmanagement.VertexIDAssignerTest
Partition: false
partitionMax: 2147483647
localPartition: null
Partition: true
partitionMax: 2147483647
localPartition: null
Partition: true
partitionMax: 2147483647
localPartition: [0, 2000]
Partition: true
partitionMax: 2147483647
localPartition: [-100000, -1]
Partition: true
partitionMax: 2147483647
localPartition: [-10000, 10000]
Partition: true
partitionMax: 100
localPartition: null
Partition: true
partitionMax: 100
localPartition: [0, 2000]
Partition: true
partitionMax: 100
localPartition: [-100000, -1]
Partition: true
partitionMax: 100
localPartition: [-10000, 10000]
Tests run: 9, Failures: 0, Errors: 0, Skipped: 0, Time elapsed: 5.645 sec
Running com.thinkaurelius.titan.util.datastructures.RandomRemovalListTest
Tests run: 3, Failures: 0, Errors: 0, Skipped: 0, Time elapsed: 0.917 sec
Running com.thinkaurelius.titan.diskstorage.locking.LocalLockMediatorTest
Tests run: 1, Failures: 0, Errors: 0, Skipped: 0, Time elapsed: 0.344 sec
Running com.thinkaurelius.titan.graphdb.idmanagement.IDPoolTest
Tests run: 3, Failures: 0, Errors: 0, Skipped: 0, Time elapsed: 1.178 sec
Running com.thinkaurelius.titan.graphdb.loading.EdgeLoadingTest
Tests run: 1, Failures: 0, Errors: 0, Skipped: 0, Time elapsed: 0.026 sec
Running com.thinkaurelius.titan.diskstorage.util.StorageFeaturesTest
Tests run: 1, Failures: 0, Errors: 0, Skipped: 0, Time elapsed: 0 sec
Running com.thinkaurelius.titan.graphdb.serializer.SerializerTest
Tests run: 8, Failures: 0, Errors: 0, Skipped: 0, Time elapsed: 1.427 sec
Running com.thinkaurelius.titan.tinkerpop.gremlin.ScriptExecutorTest
Tests run: 1, Failures: 0, Errors: 0, Skipped: 0, Time elapsed: 0.001 sec

Results :

Tests run: 51, Failures: 0, Errors: 0, Skipped: 0

[INFO]                                                                         
[INFO] ------------------------------------------------------------------------
[INFO] Building Titan-BerkeleyJE: Distributed Graph Database 0.2.1
[INFO] ------------------------------------------------------------------------
[INFO] 
[INFO] --- maven-enforcer-plugin:1.0:enforce (enforce-maven) @ titan-berkeleyje ---
[INFO] 
[INFO] --- maven-resources-plugin:2.3:resources (default-resources) @ titan-berkeleyje ---
[INFO] Using 'UTF-8' encoding to copy filtered resources.
[INFO] Copying 2 resources
[INFO] 
[INFO] --- maven-compiler-plugin:2.5.1:compile (default-compile) @ titan-berkeleyje ---
[INFO] Nothing to compile - all classes are up to date
[INFO] 
[INFO] --- maven-resources-plugin:2.3:testResources (default-testResources) @ titan-berkeleyje ---
[INFO] Using 'UTF-8' encoding to copy filtered resources.
[INFO] Copying 2 resources
[INFO] 
[INFO] --- maven-compiler-plugin:2.5.1:testCompile (default-testCompile) @ titan-berkeleyje ---
[INFO] Nothing to compile - all classes are up to date
[INFO] 
[INFO] --- maven-surefire-plugin:2.12.1:test (default-test) @ titan-berkeleyje ---
[INFO] Surefire report directory: /home/travis/build/thinkaurelius/titan/titan-berkeleyje/target/surefire-reports
Downloading: http://maven.mirrors.travis-ci.org/nexus/content/repositories/central/org/apache/maven/surefire/surefire-junit4/2.12.1/surefire-junit4-2.12.1.pom
3/3 KB              Downloaded: http://maven.mirrors.travis-ci.org/nexus/content/repositories/central/org/apache/maven/surefire/surefire-junit4/2.12.1/surefire-junit4-2.12.1.pom (3 KB at 6.2 KB/sec)
Downloading: http://maven.mirrors.travis-ci.org/nexus/content/repositories/central/org/apache/maven/surefire/surefire-providers/2.12.1/surefire-providers-2.12.1.pom
3/3 KB            Downloaded: http://maven.mirrors.travis-ci.org/nexus/content/repositories/central/org/apache/maven/surefire/surefire-providers/2.12.1/surefire-providers-2.12.1.pom (3 KB at 5.5 KB/sec)
Downloading: http://maven.mirrors.travis-ci.org/nexus/content/repositories/central/org/apache/maven/surefire/surefire-junit4/2.12.1/surefire-junit4-2.12.1.jar
4/34 KB   8/34 KB   9/34 KB   13/34 KB   17/34 KB   21/34 KB   23/34 KB   27/34 KB   31/34 KB   34/34 KB              Downloaded: http://maven.mirrors.travis-ci.org/nexus/content/repositories/central/org/apache/maven/surefire/surefire-junit4/2.12.1/surefire-junit4-2.12.1.jar (34 KB at 51.4 KB/sec)

-------------------------------------------------------
 T E S T S
-------------------------------------------------------
Running com.thinkaurelius.titan.diskstorage.berkeleyje.BerkeleyDBjeKeyColumnValueTest
Loading time (ms): 2415
Reading time (ms): 835
Tests run: 17, Failures: 0, Errors: 0, Skipped: 0, Time elapsed: 21.5 sec
Running com.thinkaurelius.titan.tinkerpop.rexster.RexsterServerClientBerkeleyJeTest
Mar 27, 2013 4:28:46 PM org.glassfish.grizzly.servlet.WebappContext deploy
INFO: Starting application [jersey] ...
Mar 27, 2013 4:28:47 PM com.sun.jersey.server.impl.application.WebApplicationImpl _initiate
INFO: Initiating Jersey application, version 'Jersey: 1.17 01/17/2013 03:31 PM'
Mar 27, 2013 4:28:48 PM org.glassfish.grizzly.servlet.WebappContext initServlets
INFO: [jersey] Servlet [com.sun.jersey.spi.container.servlet.ServletContainer] registered for url pattern(s) [[/*]].
Mar 27, 2013 4:28:48 PM org.glassfish.grizzly.servlet.WebappContext deploy
INFO: Application [jersey] is ready to service requests.  Root: [].
Mar 27, 2013 4:28:48 PM org.glassfish.grizzly.http.server.NetworkListener start
INFO: Started listener bound to [0.0.0.0:8182]
Mar 27, 2013 4:28:48 PM org.glassfish.grizzly.http.server.HttpServer start
INFO: [HttpServer] Started.
Mar 27, 2013 4:28:50 PM org.glassfish.grizzly.http.server.NetworkListener stop
INFO: Stopped listener bound to [0.0.0.0:8182]
Tests run: 1, Failures: 0, Errors: 0, Skipped: 0, Time elapsed: 6.361 sec
Running com.thinkaurelius.titan.graphdb.berkeleyje.BerkeleyJEGraphTest
java.util.GregorianCalendar[time=278380800000,areFieldsSet=true,areAllFieldsSet=true,lenient=true,zone=sun.util.calendar.ZoneInfo[id="Etc/UTC",offset=0,dstSavings=0,useDaylight=false,transitions=0,lastRule=null],firstDayOfWeek=1,minimalDaysInFirstWeek=1,ERA=1,YEAR=1978,MONTH=9,WEEK_OF_YEAR=43,WEEK_OF_MONTH=4,DAY_OF_MONTH=28,DAY_OF_YEAR=301,DAY_OF_WEEK=7,DAY_OF_WEEK_IN_MONTH=4,AM_PM=0,HOUR=0,HOUR_OF_DAY=0,MINUTE=0,SECOND=0,MILLISECOND=0,ZONE_OFFSET=0,DST_OFFSET=0]
java.util.GregorianCalendar[time=278380800000,areFieldsSet=true,areAllFieldsSet=true,lenient=true,zone=sun.util.calendar.ZoneInfo[id="Etc/UTC",offset=0,dstSavings=0,useDaylight=false,transitions=0,lastRule=null],firstDayOfWeek=1,minimalDaysInFirstWeek=1,ERA=1,YEAR=1978,MONTH=9,WEEK_OF_YEAR=43,WEEK_OF_MONTH=4,DAY_OF_MONTH=28,DAY_OF_YEAR=301,DAY_OF_WEEK=7,DAY_OF_WEEK_IN_MONTH=4,AM_PM=0,HOUR=0,HOUR_OF_DAY=0,MINUTE=0,SECOND=0,MILLISECOND=0,ZONE_OFFSET=0,DST_OFFSET=0]
Tests run: 17, Failures: 0, Errors: 0, Skipped: 0, Time elapsed: 6.969 sec
Running com.thinkaurelius.titan.diskstorage.berkeleyje.BerkeleyDBjeKeyColumnValueVariableTest
Loading time (ms): 1921
Reading time (ms): 409
Tests run: 17, Failures: 0, Errors: 0, Skipped: 0, Time elapsed: 8.333 sec
Running com.thinkaurelius.titan.diskstorage.berkeleyje.BerkeleyJeHashKeyColumnValueTest
Loading time (ms): 2005
Reading time (ms): 474
Tests run: 17, Failures: 0, Errors: 0, Skipped: 0, Time elapsed: 9.468 sec
Running com.thinkaurelius.titan.blueprints.BerkeleyJEBlueprintsTest
Testing testRemoveVertexNullId...
	titangraph[berkeleyje:/tmp/titan-test/standard]: 100 vertices added in 7.175115999998525ms
	titangraph[berkeleyje:/tmp/titan-test/standard]: 100 vertices removed in 5.265950000029989ms
Testing testRemoveVertexProperties...
Testing testVertexEqualityForSuppliedIdsAndHashCode...
Testing testRemoveVertex...
Testing testVertexEquality...
	titangraph[berkeleyje:/tmp/titan-test/standard]: 1 vertex added and retrieved in 1.4734360000584275ms
Testing testRemoveVertexWithEdges...
Testing testConcurrentModificationOnProperties...
Testing testAddingIdProperty...
Testing testAddManyVertexProperties...
	titangraph[berkeleyje:/tmp/titan-test/standard]: 750 vertex properties added (with vertices being added too) in 318.1309579999652ms
Testing testVertexCentricLinking...
Testing testEmptyKeyProperty...
Testing testGetNonExistantVertices...
Testing testNoConcurrentModificationException...
Testing testVertexIterator...
	titangraph[berkeleyje:/tmp/titan-test/standard]: 1000 vertices added in 55.52095599996392ms
	titangraph[berkeleyje:/tmp/titan-test/standard]: 1000 vertices counted in 2.472241999930702ms
Testing testVertexCentricRemoving...
Testing testGettingEdgesAndVertices...
Testing testGetVertexWithNull...
Testing testBasicAddVertex...
Testing testAddVertexProperties...
Testing testLegalVertexEdgeIterables...
Testing testSettingBadVertexProperties...
*** TOTAL TIME [VertexTestSuite]: 3299.6241140000056 ***
Testing testRemoveSelfLoops...
Testing testEdgeIterator...
Testing testEdgeCentricRemoving...
Testing testRemoveEdges...
Testing testAddingSelfLoops...
Testing testEmptyKeyProperty...
Testing testAddEdges...
	titangraph[berkeleyje:/tmp/titan-test/standard]: 6 elements added and checked in 4.75492800003849ms
Testing testNoConcurrentModificationException...
Testing testEdgeEquality...
Testing testAddingDuplicateEdges...
Testing testRemoveEdgesByRemovingVertex...
Testing testAddingRemovingEdgeProperties...
Testing testAddingLabelAndIdProperty...
Testing testGetNonExistantEdges...
Testing testRemoveManyEdges...
	titangraph[berkeleyje:/tmp/titan-test/standard]: 20 vertices counted in 0.23272099997848272ms
	titangraph[berkeleyje:/tmp/titan-test/standard]: 10 edges counted in 0.3843079999787733ms
	titangraph[berkeleyje:/tmp/titan-test/standard]: 10 edges removed and graph checked in 8.54782300000079ms
Testing testGetEdges...
	titangraph[berkeleyje:/tmp/titan-test/standard]: 3 edges retrieved in 0.46251300000585616ms
Testing testAddManyEdges...
	titangraph[berkeleyje:/tmp/titan-test/standard]: 300 elements added in 44.450616000103764ms
	titangraph[berkeleyje:/tmp/titan-test/standard]: 100 edges counted in 2.2218890000367537ms
	titangraph[berkeleyje:/tmp/titan-test/standard]: 200 vertices counted in 0.438177999923937ms
	titangraph[berkeleyje:/tmp/titan-test/standard]: 200 vertices checked in 5.849955999990925ms
Testing testSettingBadVertexProperties...
*** TOTAL TIME [EdgeTestSuite]: 991.5291920000454 ***
Testing testGraphDataPersists...
	titangraph[berkeleyje:/tmp/titan-test/standard]: 1 graph loaded in 16.17836800008081ms
Testing testAutotypingOfProperties...
Testing testVertexEdgeLabels2...
Testing testTreeConnectivity...
	titangraph[berkeleyje:/tmp/titan-test/standard]: 1464 vertices added in a tree structure in 200.93985500000417ms
	titangraph[berkeleyje:/tmp/titan-test/standard]: 1464 vertices iterated in 2.4321299999719486ms
	titangraph[berkeleyje:/tmp/titan-test/standard]: 1463 edges iterated in 16.56506900000386ms
Testing testSettingProperties...
Testing testDataTypeValidationOnProperties...
Testing testStringRepresentationOfVertexId...
Testing testRemovingVertices...
	titangraph[berkeleyje:/tmp/titan-test/standard]: 500 vertices added in 14.733698999974877ms
	titangraph[berkeleyje:/tmp/titan-test/standard]: 250 edges added in 78.21526199998334ms
	titangraph[berkeleyje:/tmp/titan-test/standard]: 500 vertices deleted (with size check on each delete) in 197.86136599991005ms
Testing testEmptyOnConstruction...
Testing testFeatureCompliance...
supportsDuplicateEdges: true
supportsSelfLoops: true
supportsSerializableObjectProperty: true
supportsBooleanProperty: true
supportsDoubleProperty: true
supportsFloatProperty: true
supportsIntegerProperty: true
supportsPrimitiveArrayProperty: true
supportsUniformListProperty: true
supportsMixedListProperty: true
supportsLongProperty: true
supportsMapProperty: true
supportsStringProperty: true
ignoresSuppliedIds: true
isPersistent: true
isRDFModel: false
isWrapper: false
supportsIndices: false
supportsVertexIndex: false
supportsEdgeIndex: false
supportsKeyIndices: true
supportsVertexKeyIndex: true
supportsEdgeKeyIndex: false
supportsEdgeIteration: true
supportsVertexIteration: true
supportsEdgeRetrieval: true
supportsVertexProperties: true
supportsEdgeProperties: true
supportsTransactions: true
supportsThreadedTransactions: true
Testing testConcurrentModification...
Testing testSimpleRemovingVerticesEdges...
Testing testSemanticallyCorrectIterables...
Testing testRemovingEdges...
	titangraph[berkeleyje:/tmp/titan-test/standard]: 100 vertices added in 3.4533370001008734ms
	titangraph[berkeleyje:/tmp/titan-test/standard]: 200 edges added in 52.54805999994278ms
	titangraph[berkeleyje:/tmp/titan-test/standard]: 200 edges deleted (with size check on each delete) in 51.85900900000706ms
Testing testConnectivityPatterns...
Testing testVertexEdgeLabels...
Testing testGettingVerticesAndEdgesWithKeyValue...
Testing testAddingVerticesAndEdges...
*** TOTAL TIME [GraphTestSuite]: 2716.1422179999063 ***
Testing testGraphQueryForVertices...
Testing testGraphQueryForEdges...
Testing testVertexQuery...
*** TOTAL TIME [QueryTestSuite]: 165.7466190000996 ***
Testing testNoConcurrentModificationException...
Testing testAutoIndexKeyManagementWithPersistence...
	titangraph[berkeleyje:/tmp/titan-test/standard]: 2 automatic index keys added in 2.6559460000135005ms
Testing testKeyIndicesConsistentWithElementRemoval...
Testing testGettingVerticesAndEdgesWithKeyValue...
*** TOTAL TIME [KeyIndexableGraphTestSuite]: 164.50787799991667 ***
Testing testCompetingThreads...
Testing testCompetingThreadsOnMultipleDbInstances...
Testing testRemoveInTransaction...
Testing testTransactionsForEdges...
	titangraph[berkeleyje:/tmp/titan-test/standard]: 1 edge not added in failed transaction (w/ iteration) in 2.481320000020787ms
	titangraph[berkeleyje:/tmp/titan-test/standard]: 1 edge added in successful transaction (w/ iteration) in 1.1867470000870526ms
Testing testBruteEdgeTransactions...
	titangraph[berkeleyje:/tmp/titan-test/standard]: 100 edges added in 100 successful transactions (2 vertices added for each edge) in 80.1344060000265ms
	titangraph[berkeleyje:/tmp/titan-test/standard]: 100 edges not added in 100 failed transactions (2 vertices added for each edge) in 23.075088000041433ms
	titangraph[berkeleyje:/tmp/titan-test/standard]: 100 edges added in 1 successful transactions (2 vertices added for each edge) in 37.76154600002337ms
	titangraph[berkeleyje:/tmp/titan-test/standard]: 100 edges not added in 1 failed transactions (2 vertices added for each edge) in 23.919753000023775ms
Testing testPropertyTransactions...
	titangraph[berkeleyje:/tmp/titan-test/standard]: 1 vertex added with string property in a successful transaction in 2.650487000006251ms
	titangraph[berkeleyje:/tmp/titan-test/standard]: 1 integer property not added in a failed transaction in 0.5976930001052096ms
	titangraph[berkeleyje:/tmp/titan-test/standard]: 2 vertex properties checked in a successful transaction in 0.2807090000715107ms
	titangraph[berkeleyje:/tmp/titan-test/standard]: 1 edge property added and checked in a successful transaction in 1.1355190000031143ms
	titangraph[berkeleyje:/tmp/titan-test/standard]: 1 edge property added and checked in a failed transaction in 0.34132200002204627ms
Testing testAutomaticSuccessfulTransactionOnShutdown...
Testing testVertexCountOnPreTransactionCommit...
Testing testIndexTransactions...
Testing testBulkTransactionsOnEdges...
Testing testTrue...
Testing testTransactionsForVertices...
	titangraph[berkeleyje:/tmp/titan-test/standard]: 1 vertex not added in failed transaction in 0.3949959999881685ms
	titangraph[berkeleyje:/tmp/titan-test/standard]: 1 vertex added in successful transaction in 0.5646270000142977ms
Testing testAutoStartTransaction...
Testing testRepeatedTransactionStopException...
Testing testTransactionIsolationCommitCheck...
added vertex
reading vertex before tx
read vertex before tx
Testing testBasicVertexEdgeTransactions...
Testing testBruteVertexTransactions...
	titangraph[berkeleyje:/tmp/titan-test/standard]: 100 vertices added in 100 successful transactions in 43.426037000026554ms
	titangraph[berkeleyje:/tmp/titan-test/standard]: 100 vertices not added in 100 failed transactions in 9.428430999978445ms
	titangraph[berkeleyje:/tmp/titan-test/standard]: 100 vertices added in 1 successful transactions in 13.55879600008484ms
	titangraph[berkeleyje:/tmp/titan-test/standard]: 100 vertices not added in 1 failed transactions in 6.127743999939412ms
*** TOTAL TIME [TransactionalTitanGraphTestSuite]: 3244.7632489999523 ***
Testing testVertexReattachment...
*** TOTAL TIME [TitanSpecificBlueprintsTestSuite]: 32.98292300000321 ***
Testing testTinkerGraphVertexAndEdges...
	titangraph[berkeleyje:/tmp/titan-test/standard]: graph-example-1 loaded in 36.465207000030205ms
Testing testReadingTinkerGraph...
Testing testReadingTinkerGraphExample3MappingLabels...
	titangraph[berkeleyje:/tmp/titan-test/standard]: graph-example-3 loaded in 17.598202000022866ms
Testing testTinkerGraphSoftwareVertices...
	titangraph[berkeleyje:/tmp/titan-test/standard]: graph-example-1 loaded in 15.391128999995999ms
Testing testReadingTinkerGraphExample3MappingIDs...
	titangraph[berkeleyje:/tmp/titan-test/standard]: graph-example-3 loaded in 18.793995999963954ms
Testing testReadingTinkerGraphExample3MappingAll...
	titangraph[berkeleyje:/tmp/titan-test/standard]: graph-example-3 loaded in 17.946146999951452ms
Testing testTinkerGraphEdges...
	titangraph[berkeleyje:/tmp/titan-test/standard]: graph-example-1 loaded in 17.41065500001423ms
Testing testTinkerGraphVertices...
	titangraph[berkeleyje:/tmp/titan-test/standard]: graph-example-1 loaded in 15.579358999966644ms
Testing testReadingTinkerGraphExample3...
Testing testMigratingTinkerGraphExample3...
Testing testAllGraphMLTypeCastsAndDataMappings...
*** TOTAL TIME [GraphMLReaderTestSuite]: 509.85520500002895 ***
Testing testTinkerGraphVertexAndEdges...
	titangraph[berkeleyje:/tmp/titan-test/standard]: graph-example-1 loaded in 277.43234300008044ms
Testing testReadingTinkerGraph...
Testing testTinkerGraphSoftwareVertices...
	titangraph[berkeleyje:/tmp/titan-test/standard]: graph-example-1 loaded in 11.386090999934822ms
Testing testTinkerGraphEdges...
	titangraph[berkeleyje:/tmp/titan-test/standard]: graph-example-1 loaded in 11.11911600001622ms
Testing testTinkerGraphVertices...
	titangraph[berkeleyje:/tmp/titan-test/standard]: graph-example-1 loaded in 11.087020000093617ms
*** TOTAL TIME [GraphSONReaderTestSuite]: 489.06225800001994 ***
Testing testTinkerGraphVertexAndEdges...
	titangraph[berkeleyje:/tmp/titan-test/standard]: graph-example-1 loaded in 15.829924000077881ms
Testing testReadingTinkerGraph...
Testing testReadingTinkerGraphExample3MappingLabels...
	titangraph[berkeleyje:/tmp/titan-test/standard]: graph-example-3 loaded in 16.542801000061445ms
Testing testTinkerGraphSoftwareVertices...
	titangraph[berkeleyje:/tmp/titan-test/standard]: graph-example-1 loaded in 10.048729000031017ms
Testing testReadingTinkerGraphExample3MappingIDs...
	titangraph[berkeleyje:/tmp/titan-test/standard]: graph-example-3 loaded in 11.897044999990612ms
Testing testReadingTinkerGraphExample3MappingAll...
	titangraph[berkeleyje:/tmp/titan-test/standard]: graph-example-3 loaded in 10.529892000020482ms
Testing testTinkerGraphEdges...
	titangraph[berkeleyje:/tmp/titan-test/standard]: graph-example-1 loaded in 11.774986999924295ms
Testing testTinkerGraphVertices...
	titangraph[berkeleyje:/tmp/titan-test/standard]: graph-example-1 loaded in 11.190031000063755ms
Testing testReadingTinkerGraphExample3...
Testing testMigratingTinkerGraphExample3...
*** TOTAL TIME [GMLReaderTestSuite]: 545.2408079999732 ***
Tests run: 10, Failures: 0, Errors: 0, Skipped: 0, Time elapsed: 12.176 sec
Running com.thinkaurelius.titan.diskstorage.berkeleyje.BerkeleyJEKeyValueTest
Tests run: 7, Failures: 0, Errors: 0, Skipped: 0, Time elapsed: 0.577 sec

Results :

Tests run: 86, Failures: 0, Errors: 0, Skipped: 0

[INFO]                                                                         
[INFO] ------------------------------------------------------------------------
[INFO] Building Titan-Cassandra: Distributed Graph Database 0.2.1
[INFO] ------------------------------------------------------------------------
[INFO] 
[INFO] --- maven-enforcer-plugin:1.0:enforce (enforce-maven) @ titan-cassandra ---
[INFO] 
[INFO] --- maven-resources-plugin:2.5:resources (default-resources) @ titan-cassandra ---
[debug] execute contextualize
[INFO] Using 'UTF-8' encoding to copy filtered resources.
[INFO] Copying 2 resources
[INFO] 
[INFO] --- maven-compiler-plugin:2.5.1:compile (default-compile) @ titan-cassandra ---
[INFO] Nothing to compile - all classes are up to date
[INFO] 
[INFO] --- maven-resources-plugin:2.5:testResources (default-testResources) @ titan-cassandra ---
[debug] execute contextualize
[INFO] Using 'UTF-8' encoding to copy filtered resources.
[INFO] Copying 2 resources
[INFO] 
[INFO] --- maven-resources-plugin:2.5:copy-resources (copy-resources-127.0.0.1) @ titan-cassandra ---
[debug] execute contextualize
[INFO] Using 'UTF-8' encoding to copy filtered resources.
[INFO] Copying 7 resources
[INFO] 
[INFO] --- maven-compiler-plugin:2.5.1:testCompile (default-testCompile) @ titan-cassandra ---
[INFO] Nothing to compile - all classes are up to date
[INFO] 
[INFO] --- maven-surefire-plugin:2.12.1:test (default-test) @ titan-cassandra ---
[INFO] Surefire report directory: /home/travis/build/thinkaurelius/titan/titan-cassandra/target/surefire-reports

-------------------------------------------------------
 T E S T S
-------------------------------------------------------

-------------------------------------------------------
 T E S T S
-------------------------------------------------------
Running com.thinkaurelius.titan.graphdb.astyanax.InternalAstyanaxGraphTest
java.util.GregorianCalendar[time=278380800000,areFieldsSet=true,areAllFieldsSet=true,lenient=true,zone=sun.util.calendar.ZoneInfo[id="Etc/UTC",offset=0,dstSavings=0,useDaylight=false,transitions=0,lastRule=null],firstDayOfWeek=1,minimalDaysInFirstWeek=1,ERA=1,YEAR=1978,MONTH=9,WEEK_OF_YEAR=43,WEEK_OF_MONTH=4,DAY_OF_MONTH=28,DAY_OF_YEAR=301,DAY_OF_WEEK=7,DAY_OF_WEEK_IN_MONTH=4,AM_PM=0,HOUR=0,HOUR_OF_DAY=0,MINUTE=0,SECOND=0,MILLISECOND=0,ZONE_OFFSET=0,DST_OFFSET=0]
java.util.GregorianCalendar[time=278380800000,areFieldsSet=true,areAllFieldsSet=true,lenient=true,zone=sun.util.calendar.ZoneInfo[id="Etc/UTC",offset=0,dstSavings=0,useDaylight=false,transitions=0,lastRule=null],firstDayOfWeek=1,minimalDaysInFirstWeek=1,ERA=1,YEAR=1978,MONTH=9,WEEK_OF_YEAR=43,WEEK_OF_MONTH=4,DAY_OF_MONTH=28,DAY_OF_YEAR=301,DAY_OF_WEEK=7,DAY_OF_WEEK_IN_MONTH=4,AM_PM=0,HOUR=0,HOUR_OF_DAY=0,MINUTE=0,SECOND=0,MILLISECOND=0,ZONE_OFFSET=0,DST_OFFSET=0]
Tests run: 17, Failures: 0, Errors: 0, Skipped: 0, Time elapsed: 47.998 sec
Running com.thinkaurelius.titan.tinkerpop.rexster.RexsterServerClientCassandraEmbeddedTest
Mar 27, 2013 4:30:30 PM org.glassfish.grizzly.servlet.WebappContext deploy
INFO: Starting application [jersey] ...
Mar 27, 2013 4:30:30 PM com.sun.jersey.server.impl.application.WebApplicationImpl _initiate
INFO: Initiating Jersey application, version 'Jersey: 1.17 01/17/2013 03:31 PM'
Mar 27, 2013 4:30:32 PM org.glassfish.grizzly.servlet.WebappContext initServlets
INFO: [jersey] Servlet [com.sun.jersey.spi.container.servlet.ServletContainer] registered for url pattern(s) [[/*]].
Mar 27, 2013 4:30:32 PM org.glassfish.grizzly.servlet.WebappContext deploy
INFO: Application [jersey] is ready to service requests.  Root: [].
Mar 27, 2013 4:30:32 PM org.glassfish.grizzly.http.server.NetworkListener start
INFO: Started listener bound to [0.0.0.0:8182]
Mar 27, 2013 4:30:32 PM org.glassfish.grizzly.http.server.HttpServer start
INFO: [HttpServer] Started.
Mar 27, 2013 4:30:33 PM org.glassfish.grizzly.http.server.NetworkListener stop
INFO: Stopped listener bound to [0.0.0.0:8182]
Tests run: 1, Failures: 0, Errors: 0, Skipped: 0, Time elapsed: 12.902 sec
Running com.thinkaurelius.titan.graphdb.thrift.InternalCassandraGraphTest
java.util.GregorianCalendar[time=278380800000,areFieldsSet=true,areAllFieldsSet=true,lenient=true,zone=sun.util.calendar.ZoneInfo[id="Etc/UTC",offset=0,dstSavings=0,useDaylight=false,transitions=0,lastRule=null],firstDayOfWeek=1,minimalDaysInFirstWeek=1,ERA=1,YEAR=1978,MONTH=9,WEEK_OF_YEAR=43,WEEK_OF_MONTH=4,DAY_OF_MONTH=28,DAY_OF_YEAR=301,DAY_OF_WEEK=7,DAY_OF_WEEK_IN_MONTH=4,AM_PM=0,HOUR=0,HOUR_OF_DAY=0,MINUTE=0,SECOND=0,MILLISECOND=0,ZONE_OFFSET=0,DST_OFFSET=0]
java.util.GregorianCalendar[time=278380800000,areFieldsSet=true,areAllFieldsSet=true,lenient=true,zone=sun.util.calendar.ZoneInfo[id="Etc/UTC",offset=0,dstSavings=0,useDaylight=false,transitions=0,lastRule=null],firstDayOfWeek=1,minimalDaysInFirstWeek=1,ERA=1,YEAR=1978,MONTH=9,WEEK_OF_YEAR=43,WEEK_OF_MONTH=4,DAY_OF_MONTH=28,DAY_OF_YEAR=301,DAY_OF_WEEK=7,DAY_OF_WEEK_IN_MONTH=4,AM_PM=0,HOUR=0,HOUR_OF_DAY=0,MINUTE=0,SECOND=0,MILLISECOND=0,ZONE_OFFSET=0,DST_OFFSET=0]
Tests run: 17, Failures: 0, Errors: 0, Skipped: 0, Time elapsed: 48.974 sec
Running com.thinkaurelius.titan.diskstorage.cassandra.astyanax.InternalAstyanaxLockKeyColumnValueStoreTest
Tests run: 14, Failures: 0, Errors: 0, Skipped: 0, Time elapsed: 29.334 sec
Running com.thinkaurelius.titan.diskstorage.cassandra.thrift.InternalCassandraThriftMultiWriteKeyColumnValueStoreTest
Tests run: 2, Failures: 0, Errors: 0, Skipped: 0, Time elapsed: 33.69 sec
Running com.thinkaurelius.titan.blueprints.EmbeddedCassandraBlueprintsTest
Testing testGetVertexWithNull...
Testing testRemoveVertex...
Testing testRemoveVertexWithEdges...
Testing testGetNonExistantVertices...
Testing testRemoveVertexNullId...
	titangraph[embeddedcassandra:null]: 100 vertices added in 20.05622599995695ms
	titangraph[embeddedcassandra:null]: 100 vertices removed in 12.977182000060566ms
Testing testVertexIterator...
	titangraph[embeddedcassandra:null]: 1000 vertices added in 805.6221230000956ms
	titangraph[embeddedcassandra:null]: 1000 vertices counted in 6.163865000009537ms
Testing testLegalVertexEdgeIterables...
Testing testAddVertexProperties...
Testing testAddManyVertexProperties...
	titangraph[embeddedcassandra:null]: 750 vertex properties added (with vertices being added too) in 20454.27147399995ms
Testing testRemoveVertexProperties...
Testing testAddingIdProperty...
Testing testNoConcurrentModificationException...
Testing testGettingEdgesAndVertices...
Testing testEmptyKeyProperty...
Testing testVertexCentricLinking...
Testing testVertexCentricRemoving...
Testing testConcurrentModificationOnProperties...
Testing testSettingBadVertexProperties...
Testing testVertexEqualityForSuppliedIdsAndHashCode...
Testing testBasicAddVertex...
Testing testVertexEquality...
	titangraph[embeddedcassandra:null]: 1 vertex added and retrieved in 608.3900339999236ms
*** TOTAL TIME [VertexTestSuite]: 71179.84976400004 ***
Testing testNoConcurrentModificationException...
Testing testEmptyKeyProperty...
Testing testSettingBadVertexProperties...
Testing testAddManyEdges...
	titangraph[embeddedcassandra:null]: 300 elements added in 3350.626860999968ms
	titangraph[embeddedcassandra:null]: 100 edges counted in 8.25097699998878ms
	titangraph[embeddedcassandra:null]: 200 vertices counted in 1.2430290000047535ms
	titangraph[embeddedcassandra:null]: 200 vertices checked in 20.53568600001745ms
Testing testGetEdges...
	titangraph[embeddedcassandra:null]: 3 edges retrieved in 2.967456999933347ms
Testing testGetNonExistantEdges...
Testing testRemoveManyEdges...
	titangraph[embeddedcassandra:null]: 20 vertices counted in 1.0804800000041723ms
	titangraph[embeddedcassandra:null]: 10 edges counted in 1.646136000053957ms
	titangraph[embeddedcassandra:null]: 10 edges removed and graph checked in 41.338063000002876ms
Testing testAddingDuplicateEdges...
Testing testRemoveEdgesByRemovingVertex...
Testing testRemoveEdges...
Testing testAddingSelfLoops...
Testing testRemoveSelfLoops...
Testing testEdgeIterator...
Testing testAddingRemovingEdgeProperties...
Testing testAddingLabelAndIdProperty...
Testing testEdgeCentricRemoving...
Testing testEdgeEquality...
Testing testAddEdges...
	titangraph[embeddedcassandra:null]: 6 elements added and checked in 1065.1863899999298ms
*** TOTAL TIME [EdgeTestSuite]: 31050.98408700002 ***
Testing testFeatureCompliance...
supportsDuplicateEdges: true
supportsSelfLoops: true
supportsSerializableObjectProperty: true
supportsBooleanProperty: true
supportsDoubleProperty: true
supportsFloatProperty: true
supportsIntegerProperty: true
supportsPrimitiveArrayProperty: true
supportsUniformListProperty: true
supportsMixedListProperty: true
supportsLongProperty: true
supportsMapProperty: true
supportsStringProperty: true
ignoresSuppliedIds: true
isPersistent: true
isRDFModel: false
isWrapper: false
supportsIndices: false
supportsVertexIndex: false
supportsEdgeIndex: false
supportsKeyIndices: true
supportsVertexKeyIndex: true
supportsEdgeKeyIndex: false
supportsEdgeIteration: true
supportsVertexIteration: true
supportsEdgeRetrieval: true
supportsVertexProperties: true
supportsEdgeProperties: true
supportsTransactions: true
supportsThreadedTransactions: true
Testing testEmptyOnConstruction...
Testing testStringRepresentationOfVertexId...
Testing testSemanticallyCorrectIterables...
Testing testGettingVerticesAndEdgesWithKeyValue...
Testing testAddingVerticesAndEdges...
Testing testSettingProperties...
Testing testDataTypeValidationOnProperties...
Testing testVertexEdgeLabels...
Testing testVertexEdgeLabels2...
Testing testTreeConnectivity...
	titangraph[embeddedcassandra:null]: 1464 vertices added in a tree structure in 1407.8263310000766ms
	titangraph[embeddedcassandra:null]: 1464 vertices iterated in 5.041967999888584ms
	titangraph[embeddedcassandra:null]: 1463 edges iterated in 30.88996500009671ms
Testing testConcurrentModification...
Testing testGraphDataPersists...
	titangraph[embeddedcassandra:null]: 1 graph loaded in 5.940627999836579ms
Testing testAutotypingOfProperties...
Testing testSimpleRemovingVerticesEdges...
Testing testRemovingEdges...
	titangraph[embeddedcassandra:null]: 100 vertices added in 616.6348389999475ms
	titangraph[embeddedcassandra:null]: 200 edges added in 5176.539438000182ms
	titangraph[embeddedcassandra:null]: 200 edges deleted (with size check on each delete) in 459.0894369999878ms
Testing testRemovingVertices...
	titangraph[embeddedcassandra:null]: 500 vertices added in 640.7024890000466ms
	titangraph[embeddedcassandra:null]: 250 edges added in 6383.442266999977ms
	titangraph[embeddedcassandra:null]: 500 vertices deleted (with size check on each delete) in 496.3810429999139ms
Testing testConnectivityPatterns...
*** TOTAL TIME [GraphTestSuite]: 40332.7238240001 ***
Testing testVertexQuery...
Testing testGraphQueryForVertices...
Testing testGraphQueryForEdges...
*** TOTAL TIME [QueryTestSuite]: 4295.49081499991 ***
Testing testNoConcurrentModificationException...
Testing testGettingVerticesAndEdgesWithKeyValue...
Testing testAutoIndexKeyManagementWithPersistence...
	titangraph[embeddedcassandra:null]: 2 automatic index keys added in 607.6113100000657ms
Testing testKeyIndicesConsistentWithElementRemoval...
*** TOTAL TIME [KeyIndexableGraphTestSuite]: 4035.919761999976 ***
Testing testCompetingThreads...
Testing testRepeatedTransactionStopException...
Testing testTrue...
Testing testAutoStartTransaction...
Testing testTransactionsForVertices...
	titangraph[embeddedcassandra:null]: 1 vertex not added in failed transaction in 2.4480489999987185ms
	titangraph[embeddedcassandra:null]: 1 vertex added in successful transaction in 1.4124549999833107ms
Testing testBasicVertexEdgeTransactions...
Testing testBruteVertexTransactions...
	titangraph[embeddedcassandra:null]: 100 vertices added in 100 successful transactions in 647.0203040000051ms
	titangraph[embeddedcassandra:null]: 100 vertices not added in 100 failed transactions in 14.156447000103071ms
	titangraph[embeddedcassandra:null]: 100 vertices added in 1 successful transactions in 24.378216000040993ms
	titangraph[embeddedcassandra:null]: 100 vertices not added in 1 failed transactions in 32.11453100014478ms
Testing testTransactionsForEdges...
	titangraph[embeddedcassandra:null]: 1 edge not added in failed transaction (w/ iteration) in 308.6721719999332ms
	titangraph[embeddedcassandra:null]: 1 edge added in successful transaction (w/ iteration) in 107.49154000007547ms
Testing testBruteEdgeTransactions...
	titangraph[embeddedcassandra:null]: 100 edges added in 100 successful transactions (2 vertices added for each edge) in 1080.728448000038ms
	titangraph[embeddedcassandra:null]: 100 edges not added in 100 failed transactions (2 vertices added for each edge) in 28.91092099994421ms
	titangraph[embeddedcassandra:null]: 100 edges added in 1 successful transactions (2 vertices added for each edge) in 66.76980300014839ms
	titangraph[embeddedcassandra:null]: 100 edges not added in 1 failed transactions (2 vertices added for each edge) in 90.5570590000134ms
Testing testPropertyTransactions...
	titangraph[embeddedcassandra:null]: 1 vertex added with string property in a successful transaction in 1012.9653779999353ms
	titangraph[embeddedcassandra:null]: 1 integer property not added in a failed transaction in 1.6513129998929799ms
	titangraph[embeddedcassandra:null]: 2 vertex properties checked in a successful transaction in 0.9648700000252575ms
	titangraph[embeddedcassandra:null]: 1 edge property added and checked in a successful transaction in 103.83449400006793ms
	titangraph[embeddedcassandra:null]: 1 edge property added and checked in a failed transaction in 0.7964909998700023ms
Testing testIndexTransactions...
Testing testAutomaticSuccessfulTransactionOnShutdown...
Testing testVertexCountOnPreTransactionCommit...
Testing testBulkTransactionsOnEdges...
Testing testTransactionIsolationCommitCheck...
added vertex
reading vertex before tx
read vertex before tx
Testing testRemoveInTransaction...
*** TOTAL TIME [TransactionalTitanGraphTestSuite]: 19687.08826199989 ***
Testing testVertexReattachment...
*** TOTAL TIME [TitanSpecificBlueprintsTestSuite]: 1569.1943550000433 ***
Testing testTinkerGraphEdges...
	titangraph[embeddedcassandra:null]: graph-example-1 loaded in 1069.3228550001513ms
Testing testTinkerGraphVertices...
	titangraph[embeddedcassandra:null]: graph-example-1 loaded in 1030.4617330001201ms
Testing testTinkerGraphSoftwareVertices...
	titangraph[embeddedcassandra:null]: graph-example-1 loaded in 1029.8571889998857ms
Testing testTinkerGraphVertexAndEdges...
	titangraph[embeddedcassandra:null]: graph-example-1 loaded in 1027.891714999918ms
Testing testReadingTinkerGraphExample3...
Testing testReadingTinkerGraphExample3MappingLabels...
	titangraph[embeddedcassandra:null]: graph-example-3 loaded in 1033.975703000091ms
Testing testReadingTinkerGraphExample3MappingIDs...
	titangraph[embeddedcassandra:null]: graph-example-3 loaded in 1032.7979669999331ms
Testing testReadingTinkerGraphExample3MappingAll...
	titangraph[embeddedcassandra:null]: graph-example-3 loaded in 1033.0633680000901ms
Testing testMigratingTinkerGraphExample3...
Testing testAllGraphMLTypeCastsAndDataMappings...
Testing testReadingTinkerGraph...
*** TOTAL TIME [GraphMLReaderTestSuite]: 11880.440387000097 ***
Testing testTinkerGraphEdges...
	titangraph[embeddedcassandra:null]: graph-example-1 loaded in 1280.6361789999064ms
Testing testTinkerGraphVertices...
	titangraph[embeddedcassandra:null]: graph-example-1 loaded in 1024.5907749999315ms
Testing testTinkerGraphSoftwareVertices...
	titangraph[embeddedcassandra:null]: graph-example-1 loaded in 1027.4235700001009ms
Testing testTinkerGraphVertexAndEdges...
	titangraph[embeddedcassandra:null]: graph-example-1 loaded in 1026.6942990000825ms
Testing testReadingTinkerGraph...
*** TOTAL TIME [GraphSONReaderTestSuite]: 8059.91739099985 ***
Testing testTinkerGraphEdges...
	titangraph[embeddedcassandra:null]: graph-example-1 loaded in 1030.4963679998182ms
Testing testTinkerGraphVertices...
	titangraph[embeddedcassandra:null]: graph-example-1 loaded in 1026.2124130001757ms
Testing testTinkerGraphSoftwareVertices...
	titangraph[embeddedcassandra:null]: graph-example-1 loaded in 1025.9439970001113ms
Testing testTinkerGraphVertexAndEdges...
	titangraph[embeddedcassandra:null]: graph-example-1 loaded in 1025.761126999976ms
Testing testReadingTinkerGraphExample3...
Testing testReadingTinkerGraphExample3MappingLabels...
	titangraph[embeddedcassandra:null]: graph-example-3 loaded in 1029.3758910000324ms
Testing testReadingTinkerGraphExample3MappingIDs...
	titangraph[embeddedcassandra:null]: graph-example-3 loaded in 1028.686694999924ms
Testing testReadingTinkerGraphExample3MappingAll...
	titangraph[embeddedcassandra:null]: graph-example-3 loaded in 1025.5513979999814ms
Testing testMigratingTinkerGraphExample3...
Testing testReadingTinkerGraph...
*** TOTAL TIME [GMLReaderTestSuite]: 12741.303712000139 ***
Tests run: 10, Failures: 0, Errors: 0, Skipped: 0, Time elapsed: 204.956 sec
Running com.thinkaurelius.titan.diskstorage.cassandra.UUIDTest
Tests run: 1, Failures: 0, Errors: 0, Skipped: 0, Time elapsed: 1.924 sec
Running com.thinkaurelius.titan.diskstorage.cassandra.astyanax.InternalAstyanaxMultiWriteKeyColumnValueTest
Tests run: 2, Failures: 0, Errors: 0, Skipped: 0, Time elapsed: 34.424 sec
Running com.thinkaurelius.titan.diskstorage.cassandra.embedded.InternalCassandraEmbeddedLockKeyColumnValueStoreTest
Tests run: 14, Failures: 0, Errors: 0, Skipped: 0, Time elapsed: 37.821 sec
Running com.thinkaurelius.titan.diskstorage.cassandra.astyanax.InternalAstyanaxKeyColumnValueTest
Loading time (ms): 1235
Reading time (ms): 9053
Tests run: 18, Failures: 0, Errors: 0, Skipped: 0, Time elapsed: 65.465 sec
Running com.thinkaurelius.titan.diskstorage.cassandra.embedded.InternalCassandraEmbeddedKeyColumnValueTest
Loading time (ms): 630
Reading time (ms): 4324
Tests run: 18, Failures: 0, Errors: 0, Skipped: 0, Time elapsed: 37.762 sec
Running com.thinkaurelius.titan.diskstorage.cassandra.thrift.InternalCassandraThriftKeyColumnValueTest
Loading time (ms): 843
Reading time (ms): 10215
Tests run: 18, Failures: 0, Errors: 0, Skipped: 0, Time elapsed: 71.185 sec
Running com.thinkaurelius.titan.diskstorage.cassandra.embedded.InternalCassandraEmbeddedMultiWriteKeyColumnValueStoreTest
Tests run: 2, Failures: 0, Errors: 0, Skipped: 0, Time elapsed: 18.944 sec
Running com.thinkaurelius.titan.graphdb.embedded.InternalCassandraEmbeddedGraphTest
java.util.GregorianCalendar[time=278380800000,areFieldsSet=true,areAllFieldsSet=true,lenient=true,zone=sun.util.calendar.ZoneInfo[id="Etc/UTC",offset=0,dstSavings=0,useDaylight=false,transitions=0,lastRule=null],firstDayOfWeek=1,minimalDaysInFirstWeek=1,ERA=1,YEAR=1978,MONTH=9,WEEK_OF_YEAR=43,WEEK_OF_MONTH=4,DAY_OF_MONTH=28,DAY_OF_YEAR=301,DAY_OF_WEEK=7,DAY_OF_WEEK_IN_MONTH=4,AM_PM=0,HOUR=0,HOUR_OF_DAY=0,MINUTE=0,SECOND=0,MILLISECOND=0,ZONE_OFFSET=0,DST_OFFSET=0]
java.util.GregorianCalendar[time=278380800000,areFieldsSet=true,areAllFieldsSet=true,lenient=true,zone=sun.util.calendar.ZoneInfo[id="Etc/UTC",offset=0,dstSavings=0,useDaylight=false,transitions=0,lastRule=null],firstDayOfWeek=1,minimalDaysInFirstWeek=1,ERA=1,YEAR=1978,MONTH=9,WEEK_OF_YEAR=43,WEEK_OF_MONTH=4,DAY_OF_MONTH=28,DAY_OF_YEAR=301,DAY_OF_WEEK=7,DAY_OF_WEEK_IN_MONTH=4,AM_PM=0,HOUR=0,HOUR_OF_DAY=0,MINUTE=0,SECOND=0,MILLISECOND=0,ZONE_OFFSET=0,DST_OFFSET=0]
Tests run: 17, Failures: 0, Errors: 0, Skipped: 0, Time elapsed: 56.653 sec
Running com.thinkaurelius.titan.blueprints.InternalCassandraBlueprintsTest
Testing testGetVertexWithNull...
Testing testRemoveVertex...
Testing testRemoveVertexWithEdges...
Testing testGetNonExistantVertices...
Testing testRemoveVertexNullId...
	titangraph[cassandra:null]: 100 vertices added in 19.272317999973893ms
	titangraph[cassandra:null]: 100 vertices removed in 11.811434000032023ms
Testing testVertexIterator...
	titangraph[cassandra:null]: 1000 vertices added in 772.2307990000118ms
	titangraph[cassandra:null]: 1000 vertices counted in 6.1654430001508445ms
Testing testLegalVertexEdgeIterables...
Testing testAddVertexProperties...
Testing testAddManyVertexProperties...
	titangraph[cassandra:null]: 750 vertex properties added (with vertices being added too) in 20008.70935499994ms
Testing testRemoveVertexProperties...
Testing testAddingIdProperty...
Testing testNoConcurrentModificationException...
Testing testGettingEdgesAndVertices...
Testing testEmptyKeyProperty...
Testing testVertexCentricLinking...
Testing testVertexCentricRemoving...
Testing testConcurrentModificationOnProperties...
Testing testSettingBadVertexProperties...
Testing testVertexEqualityForSuppliedIdsAndHashCode...
Testing testBasicAddVertex...
Testing testVertexEquality...
	titangraph[cassandra:null]: 1 vertex added and retrieved in 609.6756939999759ms
*** TOTAL TIME [VertexTestSuite]: 56186.04262700002 ***
Testing testNoConcurrentModificationException...
Testing testEmptyKeyProperty...
Testing testSettingBadVertexProperties...
Testing testAddManyEdges...
	titangraph[cassandra:null]: 300 elements added in 3366.761327999877ms
	titangraph[cassandra:null]: 100 edges counted in 8.412196999881417ms
	titangraph[cassandra:null]: 200 vertices counted in 1.9052870001178235ms
	titangraph[cassandra:null]: 200 vertices checked in 21.028232000069693ms
Testing testGetEdges...
	titangraph[cassandra:null]: 3 edges retrieved in 2.1300129999872297ms
Testing testGetNonExistantEdges...
Testing testRemoveManyEdges...
	titangraph[cassandra:null]: 20 vertices counted in 1.4566619999241084ms
	titangraph[cassandra:null]: 10 edges counted in 2.0654469998553395ms
	titangraph[cassandra:null]: 10 edges removed and graph checked in 48.9487309998367ms
Testing testAddingDuplicateEdges...
Testing testRemoveEdgesByRemovingVertex...
Testing testRemoveEdges...
Testing testAddingSelfLoops...
Testing testRemoveSelfLoops...
Testing testEdgeIterator...
Testing testAddingRemovingEdgeProperties...
Testing testAddingLabelAndIdProperty...
Testing testEdgeCentricRemoving...
Testing testEdgeEquality...
Testing testAddEdges...
	titangraph[cassandra:null]: 6 elements added and checked in 917.7905500000343ms
*** TOTAL TIME [EdgeTestSuite]: 30070.095740999794 ***
Testing testFeatureCompliance...
supportsDuplicateEdges: true
supportsSelfLoops: true
supportsSerializableObjectProperty: true
supportsBooleanProperty: true
supportsDoubleProperty: true
supportsFloatProperty: true
supportsIntegerProperty: true
supportsPrimitiveArrayProperty: true
supportsUniformListProperty: true
supportsMixedListProperty: true
supportsLongProperty: true
supportsMapProperty: true
supportsStringProperty: true
ignoresSuppliedIds: true
isPersistent: true
isRDFModel: false
isWrapper: false
supportsIndices: false
supportsVertexIndex: false
supportsEdgeIndex: false
supportsKeyIndices: true
supportsVertexKeyIndex: true
supportsEdgeKeyIndex: false
supportsEdgeIteration: true
supportsVertexIteration: true
supportsEdgeRetrieval: true
supportsVertexProperties: true
supportsEdgeProperties: true
supportsTransactions: true
supportsThreadedTransactions: true
Testing testEmptyOnConstruction...
Testing testStringRepresentationOfVertexId...
Testing testSemanticallyCorrectIterables...
Testing testGettingVerticesAndEdgesWithKeyValue...
Testing testAddingVerticesAndEdges...
Testing testSettingProperties...
Testing testDataTypeValidationOnProperties...
Testing testRemovingVertices...
	titangraph[cassandra:null]: 500 vertices added in 658.1364150000736ms
	titangraph[cassandra:null]: 250 edges added in 6540.762751000002ms
	titangraph[cassandra:null]: 500 vertices deleted (with size check on each delete) in 1100.7473320001736ms
Testing testConnectivityPatterns...
Testing testVertexEdgeLabels...
Testing testVertexEdgeLabels2...
Testing testTreeConnectivity...
	titangraph[cassandra:null]: 1464 vertices added in a tree structure in 1302.813821000047ms
	titangraph[cassandra:null]: 1464 vertices iterated in 2.369143000105396ms
	titangraph[cassandra:null]: 1463 edges iterated in 7.178910000016913ms
Testing testConcurrentModification...
Testing testGraphDataPersists...
	titangraph[cassandra:null]: 1 graph loaded in 17.47993899998255ms
Testing testAutotypingOfProperties...
Testing testSimpleRemovingVerticesEdges...
Testing testRemovingEdges...
	titangraph[cassandra:null]: 100 vertices added in 613.3064139999915ms
	titangraph[cassandra:null]: 200 edges added in 5197.265633999836ms
	titangraph[cassandra:null]: 200 edges deleted (with size check on each delete) in 540.9155029999092ms
*** TOTAL TIME [GraphTestSuite]: 43806.02580099995 ***
Testing testVertexQuery...
Testing testGraphQueryForVertices...
Testing testGraphQueryForEdges...
*** TOTAL TIME [QueryTestSuite]: 4777.763189999852 ***
Testing testNoConcurrentModificationException...
Testing testGettingVerticesAndEdgesWithKeyValue...
Testing testAutoIndexKeyManagementWithPersistence...
	titangraph[cassandra:null]: 2 automatic index keys added in 611.1248620001134ms
Testing testKeyIndicesConsistentWithElementRemoval...
*** TOTAL TIME [KeyIndexableGraphTestSuite]: 4159.019543000031 ***
Testing testCompetingThreads...
Testing testRepeatedTransactionStopException...
Testing testTrue...
Testing testAutoStartTransaction...
Testing testTransactionsForVertices...
	titangraph[cassandra:null]: 1 vertex not added in failed transaction in 3.8719880001153797ms
	titangraph[cassandra:null]: 1 vertex added in successful transaction in 2.0766610000282526ms
Testing testBasicVertexEdgeTransactions...
Testing testBruteVertexTransactions...
	titangraph[cassandra:null]: 100 vertices added in 100 successful transactions in 660.7080109999515ms
	titangraph[cassandra:null]: 100 vertices not added in 100 failed transactions in 14.367671000072733ms
	titangraph[cassandra:null]: 100 vertices added in 1 successful transactions in 36.332550999941304ms
	titangraph[cassandra:null]: 100 vertices not added in 1 failed transactions in 48.24434500001371ms
Testing testTransactionsForEdges...
	titangraph[cassandra:null]: 1 edge not added in failed transaction (w/ iteration) in 310.6966170000378ms
	titangraph[cassandra:null]: 1 edge added in successful transaction (w/ iteration) in 108.4891499998048ms
Testing testBruteEdgeTransactions...
	titangraph[cassandra:null]: 100 edges added in 100 successful transactions (2 vertices added for each edge) in 1111.244502000045ms
	titangraph[cassandra:null]: 100 edges not added in 100 failed transactions (2 vertices added for each edge) in 25.384256000164896ms
	titangraph[cassandra:null]: 100 edges added in 1 successful transactions (2 vertices added for each edge) in 95.51233699987642ms
	titangraph[cassandra:null]: 100 edges not added in 1 failed transactions (2 vertices added for each edge) in 153.56820400012657ms
Testing testPropertyTransactions...
	titangraph[cassandra:null]: 1 vertex added with string property in a successful transaction in 1016.029870999977ms
	titangraph[cassandra:null]: 1 integer property not added in a failed transaction in 3.1874589999206364ms
	titangraph[cassandra:null]: 2 vertex properties checked in a successful transaction in 1.9689869999419898ms
	titangraph[cassandra:null]: 1 edge property added and checked in a successful transaction in 106.83122100005858ms
	titangraph[cassandra:null]: 1 edge property added and checked in a failed transaction in 1.262044999981299ms
Testing testIndexTransactions...
Testing testAutomaticSuccessfulTransactionOnShutdown...
Testing testVertexCountOnPreTransactionCommit...
Testing testBulkTransactionsOnEdges...
Testing testTransactionIsolationCommitCheck...
added vertex
reading vertex before tx
read vertex before tx
Testing testRemoveInTransaction...
*** TOTAL TIME [TransactionalTitanGraphTestSuite]: 24378.63794100005 ***
Testing testVertexReattachment...
*** TOTAL TIME [TitanSpecificBlueprintsTestSuite]: 1688.217347000027 ***
Testing testTinkerGraphEdges...
	titangraph[cassandra:null]: graph-example-1 loaded in 1069.7645620000549ms
Testing testTinkerGraphVertices...
	titangraph[cassandra:null]: graph-example-1 loaded in 1044.2379690001253ms
Testing testTinkerGraphSoftwareVertices...
	titangraph[cassandra:null]: graph-example-1 loaded in 1042.2604499999434ms
Testing testTinkerGraphVertexAndEdges...
	titangraph[cassandra:null]: graph-example-1 loaded in 1042.0877500001807ms
Testing testReadingTinkerGraphExample3...
Testing testReadingTinkerGraphExample3MappingLabels...
	titangraph[cassandra:null]: graph-example-3 loaded in 1047.294695999939ms
Testing testReadingTinkerGraphExample3MappingIDs...
	titangraph[cassandra:null]: graph-example-3 loaded in 1043.515904000029ms
Testing testReadingTinkerGraphExample3MappingAll...
	titangraph[cassandra:null]: graph-example-3 loaded in 1042.1242460000794ms
Testing testMigratingTinkerGraphExample3...
Testing testAllGraphMLTypeCastsAndDataMappings...
Testing testReadingTinkerGraph...
*** TOTAL TIME [GraphMLReaderTestSuite]: 13029.601387999952 ***
Testing testTinkerGraphEdges...
	titangraph[cassandra:null]: graph-example-1 loaded in 1273.6044519999996ms
Testing testTinkerGraphVertices...
	titangraph[cassandra:null]: graph-example-1 loaded in 1039.5124889998697ms
Testing testTinkerGraphSoftwareVertices...
	titangraph[cassandra:null]: graph-example-1 loaded in 1035.0194159999955ms
Testing testTinkerGraphVertexAndEdges...
	titangraph[cassandra:null]: graph-example-1 loaded in 1034.3085300000384ms
Testing testReadingTinkerGraph...
*** TOTAL TIME [GraphSONReaderTestSuite]: 6482.71764399996 ***
Testing testTinkerGraphEdges...
	titangraph[cassandra:null]: graph-example-1 loaded in 1038.9361989998724ms
Testing testTinkerGraphVertices...
	titangraph[cassandra:null]: graph-example-1 loaded in 1040.4125800000038ms
Testing testTinkerGraphSoftwareVertices...
	titangraph[cassandra:null]: graph-example-1 loaded in 1040.6919519999065ms
Testing testTinkerGraphVertexAndEdges...
	titangraph[cassandra:null]: graph-example-1 loaded in 1034.6319189998321ms
Testing testReadingTinkerGraphExample3...
Testing testReadingTinkerGraphExample3MappingLabels...
	titangraph[cassandra:null]: graph-example-3 loaded in 1111.6698499999475ms
Testing testReadingTinkerGraphExample3MappingIDs...
	titangraph[cassandra:null]: graph-example-3 loaded in 1140.3540519999806ms
Testing testReadingTinkerGraphExample3MappingAll...
	titangraph[cassandra:null]: graph-example-3 loaded in 1096.3586019999348ms
Testing testMigratingTinkerGraphExample3...
Testing testReadingTinkerGraph...
*** TOTAL TIME [GMLReaderTestSuite]: 13056.770992000122 ***
Tests run: 10, Failures: 0, Errors: 0, Skipped: 0, Time elapsed: 197.791 sec
Running com.thinkaurelius.titan.diskstorage.cassandra.thrift.InternalCassandraLockKeyColumnValueStoreTest
Tests run: 14, Failures: 0, Errors: 0, Skipped: 0, Time elapsed: 39.378 sec

Results :

Tests run: 175, Failures: 0, Errors: 0, Skipped: 0

[INFO]                                                                         
[INFO] ------------------------------------------------------------------------
[INFO] Building Titan-HBase: Distributed Graph Database 0.2.1
[INFO] ------------------------------------------------------------------------
[INFO] 
[INFO] --- maven-enforcer-plugin:1.0:enforce (enforce-maven) @ titan-hbase ---
[INFO] 
[INFO] --- maven-resources-plugin:2.3:resources (default-resources) @ titan-hbase ---
[INFO] Using 'UTF-8' encoding to copy filtered resources.
[INFO] Copying 2 resources
[INFO] 
[INFO] --- maven-compiler-plugin:2.5.1:compile (default-compile) @ titan-hbase ---
[INFO] Nothing to compile - all classes are up to date
[INFO] 
[INFO] --- maven-resources-plugin:2.3:testResources (default-testResources) @ titan-hbase ---
[INFO] Using 'UTF-8' encoding to copy filtered resources.
[INFO] Copying 2 resources
[INFO] 
[INFO] --- maven-compiler-plugin:2.5.1:testCompile (default-testCompile) @ titan-hbase ---
[INFO] Nothing to compile - all classes are up to date
[INFO] 
[INFO] --- maven-dependency-plugin:2.7:copy-dependencies (default) @ titan-hbase ---
[INFO] grizzly-http-2.2.16.jar already exists in destination.
[INFO] guava-12.0.jar already exists in destination.
[INFO] oro-2.0.8.jar already exists in destination.
[INFO] pfl-tf-1.0.0-b001.jar already exists in destination.
[INFO] stax-api-1.0.1.jar already exists in destination.
[INFO] commons-net-1.4.1.jar already exists in destination.
[INFO] json-simple-1.1.jar already exists in destination.
[INFO] metrics-core-2.1.2.jar already exists in destination.
[INFO] pfl-basic-tools-1.0.0-b001.jar already exists in destination.
[INFO] concurrent-1.3.4.jar already exists in destination.
[INFO] pipes-2.3.0.jar already exists in destination.
[INFO] httpcore-4.1.3.jar already exists in destination.
[INFO] hadoop-core-1.0.3.jar already exists in destination.
[INFO] gremlin-groovy-2.3.0.jar already exists in destination.
[INFO] groovy-1.8.9.jar already exists in destination.
[INFO] jline-0.9.94.jar already exists in destination.
[INFO] minlog-1.2.jar already exists in destination.
[INFO] commons-beanutils-1.7.0.jar already exists in destination.
[INFO] jackson-datatype-json-org-2.1.2.jar already exists in destination.
[INFO] commons-httpclient-3.1.jar already exists in destination.
[INFO] javax.servlet-api-3.0.1.jar already exists in destination.
[INFO] asm-commons-3.2.jar already exists in destination.
[INFO] colt-1.2.0.jar already exists in destination.
[INFO] commons-cli-1.2.jar already exists in destination.
[INFO] jersey-client-1.17.jar already exists in destination.
[INFO] jersey-servlet-1.17.jar already exists in destination.
[INFO] jasper-compiler-5.5.23.jar already exists in destination.
[INFO] jackson-annotations-2.1.1.jar already exists in destination.
[INFO] log4j-1.2.16.jar already exists in destination.
[INFO] jamon-runtime-2.3.1.jar already exists in destination.
[INFO] rexster-protocol-2.3.0.jar already exists in destination.
[INFO] jackson-xc-1.8.8.jar already exists in destination.
[INFO] kfs-0.3.jar already exists in destination.
[INFO] jackson-core-asl-1.8.8.jar already exists in destination.
[INFO] libthrift-0.8.0.jar already exists in destination.
[INFO] grizzly-http-servlet-2.2.16.jar already exists in destination.
[INFO] asm-3.2.jar already exists in destination.
[INFO] commons-math-2.2.jar already exists in destination.
[INFO] jaxb-api-2.1.jar already exists in destination.
[INFO] jettison-1.3.3.jar already exists in destination.
[INFO] slf4j-api-1.6.1.jar already exists in destination.
[INFO] grizzly-framework-2.2.16.jar already exists in destination.
[INFO] jersey-core-1.8.jar already exists in destination.
[INFO] jaxb-impl-2.2.3-1.jar already exists in destination.
[INFO] commons-el-1.0.jar already exists in destination.
[INFO] kryo-1.04.jar already exists in destination.
[INFO] asm-analysis-3.2.jar already exists in destination.
[INFO] gremlin-java-2.3.0.jar already exists in destination.
[INFO] mockito-all-1.8.1.jar already exists in destination.
[INFO] core-3.1.1.jar already exists in destination.
[INFO] jackson-databind-2.1.2.jar already exists in destination.
[INFO] asm-tree-3.2.jar already exists in destination.
[INFO] hbase-0.94.1.jar already exists in destination.
[INFO] commons-logging-1.1.1.jar already exists in destination.
[INFO] httpclient-4.1.2.jar already exists in destination.
[INFO] commons-codec-1.7.jar already exists in destination.
[INFO] protobuf-java-2.4.0a.jar already exists in destination.
[INFO] jersey-grizzly2-1.17.jar already exists in destination.
[INFO] jsp-2.1-6.1.14.jar already exists in destination.
[INFO] grizzly-portunif-2.2.16.jar already exists in destination.
[INFO] gmbal-3.2.0-b003.jar already exists in destination.
[INFO] jackson-mapper-asl-1.8.8.jar already exists in destination.
[INFO] jetty-util-6.1.26.jar already exists in destination.
[INFO] jersey-server-1.8.jar already exists in destination.
[INFO] commons-digester-1.8.jar already exists in destination.
[INFO] activation-1.1.jar already exists in destination.
[INFO] commons-lang-2.5.jar already exists in destination.
[INFO] xmlenc-0.52.jar already exists in destination.
[INFO] jets3t-0.7.1.jar already exists in destination.
[INFO] commons-beanutils-core-1.8.0.jar already exists in destination.
[INFO] antlr-2.7.7.jar already exists in destination.
[INFO] grizzly-rcm-2.2.16.jar already exists in destination.
[INFO] asm-util-3.2.jar already exists in destination.
[INFO] pfl-tf-tools-1.0.0-b001.jar already exists in destination.
[INFO] rexster-server-2.3.0.jar already exists in destination.
[INFO] blueprints-test-2.3.0.jar already exists in destination.
[INFO] hsqldb-1.8.0.10.jar already exists in destination.
[INFO] grizzly-core-2.2.16.jar already exists in destination.
[INFO] grizzly-http-server-2.2.16.jar already exists in destination.
[INFO] jsr305-1.3.9.jar already exists in destination.
[INFO] junit-4.8.1.jar already exists in destination.
[INFO] jackson-core-2.1.2.jar already exists in destination.
[INFO] servlet-api-2.5-6.1.14.jar already exists in destination.
[INFO] rexster-core-2.3.0.jar already exists in destination.
[INFO] blueprints-core-2.3.0.jar already exists in destination.
[INFO] jsp-api-2.1-6.1.14.jar already exists in destination.
[INFO] netty-3.2.4.Final.jar already exists in destination.
[INFO] jansi-1.5.jar already exists in destination.
[INFO] zookeeper-3.4.3.jar already exists in destination.
[INFO] commons-collections-3.2.1.jar already exists in destination.
[INFO] json-20090211.jar already exists in destination.
[INFO] commons-io-2.0.1.jar already exists in destination.
[INFO] commons-configuration-1.6.jar already exists in destination.
[INFO] management-api-3.0.0-b012.jar already exists in destination.
[INFO] slf4j-log4j12-1.6.1.jar already exists in destination.
[INFO] classes already exists in destination.
[INFO] classes already exists in destination.
[INFO] msgpack-0.6.5.jar already exists in destination.
[INFO] jersey-json-1.8.jar already exists in destination.
[INFO] jasper-runtime-5.5.23.jar already exists in destination.
[INFO] jackson-jaxrs-1.8.8.jar already exists in destination.
[INFO] avro-ipc-1.5.3.jar already exists in destination.
[INFO] reflectasm-1.01.jar already exists in destination.
[INFO] javassist-3.15.0-GA.jar already exists in destination.
[INFO] pfl-basic-1.0.0-b001.jar already exists in destination.
[INFO] jetty-6.1.26.jar already exists in destination.
[INFO] pfl-asm-1.0.0-b001.jar already exists in destination.
[INFO] high-scale-lib-1.1.1.jar already exists in destination.
[INFO] velocity-1.7.jar already exists in destination.
[INFO] 
[INFO] --- maven-surefire-plugin:2.12.1:test (default-test) @ titan-hbase ---
[INFO] Surefire report directory: /home/travis/build/thinkaurelius/titan/titan-hbase/target/surefire-reports

-------------------------------------------------------
 T E S T S
-------------------------------------------------------
Running com.thinkaurelius.titan.blueprints.HBaseBlueprintsTest
Testing testSettingBadVertexProperties...
Testing testVertexEquality...
	titangraph[hbase:null]: 1 vertex added and retrieved in 670.7144110000227ms
Testing testVertexEqualityForSuppliedIdsAndHashCode...
Testing testBasicAddVertex...
Testing testGetVertexWithNull...
Testing testRemoveVertex...
Testing testRemoveVertexWithEdges...
Testing testGetNonExistantVertices...
Testing testRemoveVertexNullId...
	titangraph[hbase:null]: 100 vertices added in 22.576605000067502ms
	titangraph[hbase:null]: 100 vertices removed in 12.845258000073954ms
Testing testVertexIterator...
	titangraph[hbase:null]: 1000 vertices added in 858.5837210000027ms
	titangraph[hbase:null]: 1000 vertices counted in 17.054885000223294ms
Testing testLegalVertexEdgeIterables...
Testing testAddVertexProperties...
Testing testAddManyVertexProperties...
	titangraph[hbase:null]: 750 vertex properties added (with vertices being added too) in 21140.757603999926ms
Testing testRemoveVertexProperties...
Testing testAddingIdProperty...
Testing testNoConcurrentModificationException...
Testing testGettingEdgesAndVertices...
Testing testEmptyKeyProperty...
Testing testVertexCentricLinking...
Testing testVertexCentricRemoving...
Testing testConcurrentModificationOnProperties...
*** TOTAL TIME [VertexTestSuite]: 104049.1709410001 ***
Testing testSettingBadVertexProperties...
Testing testEdgeEquality...
Testing testAddEdges...
	titangraph[hbase:null]: 6 elements added and checked in 983.2891069999896ms
Testing testGetNonExistantEdges...
Testing testRemoveManyEdges...
	titangraph[hbase:null]: 20 vertices counted in 23.126332000130787ms
	titangraph[hbase:null]: 10 edges counted in 18.890960999997333ms
	titangraph[hbase:null]: 10 edges removed and graph checked in 403.8280589999631ms
Testing testAddingDuplicateEdges...
Testing testRemoveEdgesByRemovingVertex...
Testing testRemoveEdges...
Testing testAddingSelfLoops...
Testing testRemoveSelfLoops...
Testing testEdgeIterator...
Testing testAddingRemovingEdgeProperties...
Testing testAddingLabelAndIdProperty...
Testing testEdgeCentricRemoving...
Testing testAddManyEdges...
	titangraph[hbase:null]: 300 elements added in 3403.6466449999716ms
	titangraph[hbase:null]: 100 edges counted in 31.017758999951184ms
	titangraph[hbase:null]: 200 vertices counted in 19.663644999964163ms
	titangraph[hbase:null]: 200 vertices checked in 42.79571400000714ms
Testing testGetEdges...
	titangraph[hbase:null]: 3 edges retrieved in 1.1841639999765903ms
Testing testNoConcurrentModificationException...
Testing testEmptyKeyProperty...
*** TOTAL TIME [EdgeTestSuite]: 31221.279203000013 ***
Testing testEmptyOnConstruction...
Testing testStringRepresentationOfVertexId...
Testing testSemanticallyCorrectIterables...
Testing testGettingVerticesAndEdgesWithKeyValue...
Testing testAddingVerticesAndEdges...
Testing testSettingProperties...
Testing testDataTypeValidationOnProperties...
Testing testSimpleRemovingVerticesEdges...
Testing testRemovingEdges...
	titangraph[hbase:null]: 100 vertices added in 621.41478500003ms
	titangraph[hbase:null]: 200 edges added in 5226.763055999996ms
	titangraph[hbase:null]: 200 edges deleted (with size check on each delete) in 8038.426513999933ms
Testing testRemovingVertices...
	titangraph[hbase:null]: 500 vertices added in 658.313763000071ms
	titangraph[hbase:null]: 250 edges added in 6464.462287000148ms
	titangraph[hbase:null]: 500 vertices deleted (with size check on each delete) in 16480.083038000157ms
Testing testConnectivityPatterns...
Testing testVertexEdgeLabels...
Testing testVertexEdgeLabels2...
Testing testTreeConnectivity...
	titangraph[hbase:null]: 1464 vertices added in a tree structure in 1307.9551679999568ms
	titangraph[hbase:null]: 1464 vertices iterated in 22.530789999989793ms
	titangraph[hbase:null]: 1463 edges iterated in 35.66940000001341ms
Testing testConcurrentModification...
Testing testGraphDataPersists...
	titangraph[hbase:null]: 1 graph loaded in 78.75687399995513ms
Testing testAutotypingOfProperties...
Testing testFeatureCompliance...
supportsDuplicateEdges: true
supportsSelfLoops: true
supportsSerializableObjectProperty: true
supportsBooleanProperty: true
supportsDoubleProperty: true
supportsFloatProperty: true
supportsIntegerProperty: true
supportsPrimitiveArrayProperty: true
supportsUniformListProperty: true
supportsMixedListProperty: true
supportsLongProperty: true
supportsMapProperty: true
supportsStringProperty: true
ignoresSuppliedIds: true
isPersistent: true
isRDFModel: false
isWrapper: false
supportsIndices: false
supportsVertexIndex: false
supportsEdgeIndex: false
supportsKeyIndices: true
supportsVertexKeyIndex: true
supportsEdgeKeyIndex: false
supportsEdgeIteration: true
supportsVertexIteration: true
supportsEdgeRetrieval: true
supportsVertexProperties: true
supportsEdgeProperties: true
supportsTransactions: true
supportsThreadedTransactions: true
*** TOTAL TIME [GraphTestSuite]: 62845.245142999804 ***
Testing testVertexQuery...
Testing testGraphQueryForVertices...
Testing testGraphQueryForEdges...
*** TOTAL TIME [QueryTestSuite]: 5130.443624000065 ***
Testing testGettingVerticesAndEdgesWithKeyValue...
Testing testNoConcurrentModificationException...
Testing testAutoIndexKeyManagementWithPersistence...
	titangraph[hbase:null]: 2 automatic index keys added in 616.5655430001207ms
Testing testKeyIndicesConsistentWithElementRemoval...
*** TOTAL TIME [KeyIndexableGraphTestSuite]: 4126.522337000119 ***
Testing testCompetingThreads...
Testing testTransactionsForVertices...
	titangraph[hbase:null]: 1 vertex not added in failed transaction in 83.66732700006105ms
	titangraph[hbase:null]: 1 vertex added in successful transaction in 40.26417400012724ms
Testing testBasicVertexEdgeTransactions...
Testing testBruteVertexTransactions...
	titangraph[hbase:null]: 100 vertices added in 100 successful transactions in 835.5902480001096ms
	titangraph[hbase:null]: 100 vertices not added in 100 failed transactions in 13.889840999851003ms
	titangraph[hbase:null]: 100 vertices added in 1 successful transactions in 88.64714399981312ms
	titangraph[hbase:null]: 100 vertices not added in 1 failed transactions in 104.77701800013892ms
Testing testTransactionsForEdges...
	titangraph[hbase:null]: 1 edge not added in failed transaction (w/ iteration) in 400.9595659999177ms
	titangraph[hbase:null]: 1 edge added in successful transaction (w/ iteration) in 192.47206999990158ms
Testing testBruteEdgeTransactions...
	titangraph[hbase:null]: 100 edges added in 100 successful transactions (2 vertices added for each edge) in 1288.5171349998564ms
	titangraph[hbase:null]: 100 edges not added in 100 failed transactions (2 vertices added for each edge) in 27.88662700005807ms
	titangraph[hbase:null]: 100 edges added in 1 successful transactions (2 vertices added for each edge) in 203.32558799977414ms
	titangraph[hbase:null]: 100 edges not added in 1 failed transactions (2 vertices added for each edge) in 261.61677500000224ms
Testing testPropertyTransactions...
	titangraph[hbase:null]: 1 vertex added with string property in a successful transaction in 1024.0377380000427ms
	titangraph[hbase:null]: 1 integer property not added in a failed transaction in 3.257170000113547ms
	titangraph[hbase:null]: 2 vertex properties checked in a successful transaction in 1.7502250000834465ms
	titangraph[hbase:null]: 1 edge property added and checked in a successful transaction in 217.61175799998455ms
	titangraph[hbase:null]: 1 edge property added and checked in a failed transaction in 1.0425319999922067ms
Testing testIndexTransactions...
Testing testAutomaticSuccessfulTransactionOnShutdown...
Testing testVertexCountOnPreTransactionCommit...
Testing testBulkTransactionsOnEdges...
Testing testTransactionIsolationCommitCheck...
added vertex
reading vertex before tx
read vertex before tx
Testing testRemoveInTransaction...
Testing testRepeatedTransactionStopException...
Testing testTrue...
Testing testAutoStartTransaction...
*** TOTAL TIME [TransactionalTitanGraphTestSuite]: 22805.255211000098 ***
Testing testVertexReattachment...
*** TOTAL TIME [TitanSpecificBlueprintsTestSuite]: 1518.1356760000344 ***
Testing testTinkerGraphEdges...
	titangraph[hbase:null]: graph-example-1 loaded in 1073.415090000024ms
Testing testTinkerGraphVertices...
	titangraph[hbase:null]: graph-example-1 loaded in 1046.7548600002192ms
Testing testTinkerGraphSoftwareVertices...
	titangraph[hbase:null]: graph-example-1 loaded in 1050.0631660001818ms
Testing testTinkerGraphVertexAndEdges...
	titangraph[hbase:null]: graph-example-1 loaded in 1050.1377109999303ms
Testing testReadingTinkerGraphExample3...
Testing testReadingTinkerGraphExample3MappingLabels...
	titangraph[hbase:null]: graph-example-3 loaded in 1055.4581500000786ms
Testing testReadingTinkerGraphExample3MappingIDs...
	titangraph[hbase:null]: graph-example-3 loaded in 1054.223100000061ms
Testing testReadingTinkerGraphExample3MappingAll...
	titangraph[hbase:null]: graph-example-3 loaded in 1059.1270769999828ms
Testing testMigratingTinkerGraphExample3...
Testing testAllGraphMLTypeCastsAndDataMappings...
Testing testReadingTinkerGraph...
*** TOTAL TIME [GraphMLReaderTestSuite]: 10971.566272999858 ***
Testing testTinkerGraphEdges...
	titangraph[hbase:null]: graph-example-1 loaded in 1324.292901000008ms
Testing testTinkerGraphVertices...
	titangraph[hbase:null]: graph-example-1 loaded in 1053.4748039999977ms
Testing testTinkerGraphSoftwareVertices...
	titangraph[hbase:null]: graph-example-1 loaded in 1051.3915150000248ms
Testing testTinkerGraphVertexAndEdges...
	titangraph[hbase:null]: graph-example-1 loaded in 1049.8104610000737ms
Testing testReadingTinkerGraph...
*** TOTAL TIME [GraphSONReaderTestSuite]: 6176.7568389999215 ***
Testing testTinkerGraphEdges...
	titangraph[hbase:null]: graph-example-1 loaded in 1051.2769700000063ms
Testing testTinkerGraphVertices...
	titangraph[hbase:null]: graph-example-1 loaded in 1045.4864400001243ms
Testing testTinkerGraphSoftwareVertices...
	titangraph[hbase:null]: graph-example-1 loaded in 1050.2902829998638ms
Testing testTinkerGraphVertexAndEdges...
	titangraph[hbase:null]: graph-example-1 loaded in 1047.1943379999138ms
Testing testReadingTinkerGraphExample3...
Testing testReadingTinkerGraphExample3MappingLabels...
	titangraph[hbase:null]: graph-example-3 loaded in 1055.094876000192ms
Testing testReadingTinkerGraphExample3MappingIDs...
	titangraph[hbase:null]: graph-example-3 loaded in 1049.6759930001572ms
Testing testReadingTinkerGraphExample3MappingAll...
	titangraph[hbase:null]: graph-example-3 loaded in 1048.4090040000156ms
Testing testMigratingTinkerGraphExample3...
Testing testReadingTinkerGraph...
*** TOTAL TIME [GMLReaderTestSuite]: 12154.150314999977 ***
Tests run: 10, Failures: 0, Errors: 0, Skipped: 0, Time elapsed: 261.092 sec
Running com.thinkaurelius.titan.diskstorage.hbase.HBaseMultiWriteKeyColumnValueStoreTest
Tests run: 2, Failures: 0, Errors: 0, Skipped: 0, Time elapsed: 41.649 sec
Running com.thinkaurelius.titan.diskstorage.hbase.HBaseLockKeyColumnValueStoreTest
Tests run: 14, Failures: 0, Errors: 0, Skipped: 0, Time elapsed: 42.418 sec
Running com.thinkaurelius.titan.diskstorage.hbase.HBaseKeyColumnValueTest
Loading time (ms): 1103
Reading time (ms): 2830
Tests run: 17, Failures: 0, Errors: 0, Skipped: 0, Time elapsed: 96.05 sec
Running com.thinkaurelius.titan.graphdb.hbase.HBaseGraphTest
java.util.GregorianCalendar[time=278380800000,areFieldsSet=true,areAllFieldsSet=true,lenient=true,zone=sun.util.calendar.ZoneInfo[id="Etc/UTC",offset=0,dstSavings=0,useDaylight=false,transitions=0,lastRule=null],firstDayOfWeek=1,minimalDaysInFirstWeek=1,ERA=1,YEAR=1978,MONTH=9,WEEK_OF_YEAR=43,WEEK_OF_MONTH=4,DAY_OF_MONTH=28,DAY_OF_YEAR=301,DAY_OF_WEEK=7,DAY_OF_WEEK_IN_MONTH=4,AM_PM=0,HOUR=0,HOUR_OF_DAY=0,MINUTE=0,SECOND=0,MILLISECOND=0,ZONE_OFFSET=0,DST_OFFSET=0]
java.util.GregorianCalendar[time=278380800000,areFieldsSet=true,areAllFieldsSet=true,lenient=true,zone=sun.util.calendar.ZoneInfo[id="Etc/UTC",offset=0,dstSavings=0,useDaylight=false,transitions=0,lastRule=null],firstDayOfWeek=1,minimalDaysInFirstWeek=1,ERA=1,YEAR=1978,MONTH=9,WEEK_OF_YEAR=43,WEEK_OF_MONTH=4,DAY_OF_MONTH=28,DAY_OF_YEAR=301,DAY_OF_WEEK=7,DAY_OF_WEEK_IN_MONTH=4,AM_PM=0,HOUR=0,HOUR_OF_DAY=0,MINUTE=0,SECOND=0,MILLISECOND=0,ZONE_OFFSET=0,DST_OFFSET=0]
Tests run: 17, Failures: 0, Errors: 0, Skipped: 0, Time elapsed: 63.941 sec
All done. Shutting done HBase.

Results :

Tests run: 60, Failures: 0, Errors: 0, Skipped: 0

[INFO]                                                                         
[INFO] ------------------------------------------------------------------------
[INFO] Building Titan-All: Complete Titan Distribution 0.2.1
[INFO] ------------------------------------------------------------------------
[INFO] 
[INFO] --- maven-enforcer-plugin:1.0:enforce (enforce-maven) @ titan-all ---
[INFO] 
[INFO] --- maven-resources-plugin:2.3:resources (default-resources) @ titan-all ---
[INFO] Using 'UTF-8' encoding to copy filtered resources.
[INFO] Copying 1 resource
[INFO] 
[INFO] --- maven-compiler-plugin:2.5.1:compile (default-compile) @ titan-all ---
[INFO] No sources to compile
[INFO] 
[INFO] --- maven-resources-plugin:2.3:testResources (default-testResources) @ titan-all ---
[INFO] Using 'UTF-8' encoding to copy filtered resources.
[INFO] skip non existing resourceDirectory /home/travis/build/thinkaurelius/titan/titan-all/src/test/resources
[INFO] 
[INFO] --- maven-compiler-plugin:2.5.1:testCompile (default-testCompile) @ titan-all ---
[INFO] No sources to compile
[INFO] 
[INFO] --- maven-surefire-plugin:2.11:test (default-test) @ titan-all ---
[INFO] No tests to run.
[INFO] Surefire report directory: /home/travis/build/thinkaurelius/titan/titan-all/target/surefire-reports

-------------------------------------------------------
 T E S T S
-------------------------------------------------------

Results :

Tests run: 0, Failures: 0, Errors: 0, Skipped: 0

[INFO] ------------------------------------------------------------------------
[INFO] Reactor Summary:
[INFO] 
[INFO] Titan: Distributed Graph Database ................. SUCCESS [4.148s]
[INFO] Titan-Core: Core Library for Titan ................ SUCCESS [7.337s]
[INFO] Titan-Test: Test Suite for Titan .................. SUCCESS [20.946s]
[INFO] Titan-BerkeleyJE: Distributed Graph Database ...... SUCCESS [1:08.397s]
[INFO] Titan-Cassandra: Distributed Graph Database ....... SUCCESS [16:14.898s]
[INFO] Titan-HBase: Distributed Graph Database ........... SUCCESS [8:27.464s]
[INFO] Titan-All: Complete Titan Distribution ............ SUCCESS [0.742s]
[INFO] ------------------------------------------------------------------------
[INFO] BUILD SUCCESS
[INFO] ------------------------------------------------------------------------
[INFO] Total time: 26:24.817s
[INFO] Finished at: Wed Mar 27 16:54:11 UTC 2013
[INFO] Final Memory: 16M/89M
[INFO] ------------------------------------------------------------------------

The command "mvn test" exited with 0.

Done. Your build exited with 0.
