Using worker: bluebox-linux-6.worker.travis-ci.org:travis-linux-8

travis_fold:start:git.1$ git clone --depth=50 --branch=master git://github.com/thinkaurelius/titan.git thinkaurelius/titan
Cloning into 'thinkaurelius/titan'...
remote: Counting objects: 3681, done.[K
remote: Compressing objects:   0% (1/1598)   [Kremote: Compressing objects:   1% (16/1598)   [Kremote: Compressing objects:   2% (32/1598)   [Kremote: Compressing objects:   3% (48/1598)   [Kremote: Compressing objects:   4% (64/1598)   [Kremote: Compressing objects:   5% (80/1598)   [Kremote: Compressing objects:   6% (96/1598)   [Kremote: Compressing objects:   7% (112/1598)   [Kremote: Compressing objects:   8% (128/1598)   [Kremote: Compressing objects:   9% (144/1598)   [Kremote: Compressing objects:  10% (160/1598)   [Kremote: Compressing objects:  11% (176/1598)   [Kremote: Compressing objects:  12% (192/1598)   [Kremote: Compressing objects:  13% (208/1598)   [Kremote: Compressing objects:  14% (224/1598)   [Kremote: Compressing objects:  15% (240/1598)   [Kremote: Compressing objects:  16% (256/1598)   [Kremote: Compressing objects:  17% (272/1598)   [Kremote: Compressing objects:  18% (288/1598)   [Kremote: Compressing objects:  19% (304/1598)   [Kremote: Compressing objects:  20% (320/1598)   [Kremote: Compressing objects:  21% (336/1598)   [Kremote: Compressing objects:  22% (352/1598)   [Kremote: Compressing objects:  23% (368/1598)   [Kremote: Compressing objects:  24% (384/1598)   [Kremote: Compressing objects:  25% (400/1598)   [Kremote: Compressing objects:  26% (416/1598)   [Kremote: Compressing objects:  27% (432/1598)   [Kremote: Compressing objects:  28% (448/1598)   [Kremote: Compressing objects:  29% (464/1598)   [Kremote: Compressing objects:  30% (480/1598)   [Kremote: Compressing objects:  31% (496/1598)   [Kremote: Compressing objects:  32% (512/1598)   [Kremote: Compressing objects:  33% (528/1598)   [Kremote: Compressing objects:  34% (544/1598)   [Kremote: Compressing objects:  35% (560/1598)   [Kremote: Compressing objects:  36% (576/1598)   [Kremote: Compressing objects:  37% (592/1598)   [Kremote: Compressing objects:  38% (608/1598)   [Kremote: Compressing objects:  39% (624/1598)   [Kremote: Compressing objects:  40% (640/1598)   [Kremote: Compressing objects:  41% (656/1598)   [Kremote: Compressing objects:  42% (672/1598)   [Kremote: Compressing objects:  43% (688/1598)   [Kremote: Compressing objects:  44% (704/1598)   [Kremote: Compressing objects:  45% (720/1598)   [Kremote: Compressing objects:  46% (736/1598)   [Kremote: Compressing objects:  47% (752/1598)   [Kremote: Compressing objects:  48% (768/1598)   [Kremote: Compressing objects:  49% (784/1598)   [Kremote: Compressing objects:  50% (799/1598)   [Kremote: Compressing objects:  51% (815/1598)   [Kremote: Compressing objects:  52% (831/1598)   [Kremote: Compressing objects:  53% (847/1598)   [Kremote: Compressing objects:  54% (863/1598)   [Kremote: Compressing objects:  55% (879/1598)   [Kremote: Compressing objects:  56% (895/1598)   [Kremote: Compressing objects:  57% (911/1598)   [Kremote: Compressing objects:  58% (927/1598)   [Kremote: Compressing objects:  59% (943/1598)   [Kremote: Compressing objects:  60% (959/1598)   [Kremote: Compressing objects:  61% (975/1598)   [Kremote: Compressing objects:  62% (991/1598)   [Kremote: Compressing objects:  63% (1007/1598)   [Kremote: Compressing objects:  64% (1023/1598)   [Kremote: Compressing objects:  65% (1039/1598)   [Kremote: Compressing objects:  66% (1055/1598)   [Kremote: Compressing objects:  67% (1071/1598)   [Kremote: Compressing objects:  68% (1087/1598)   [Kremote: Compressing objects:  69% (1103/1598)   [Kremote: Compressing objects:  70% (1119/1598)   [Kremote: Compressing objects:  71% (1135/1598)   [Kremote: Compressing objects:  72% (1151/1598)   [Kremote: Compressing objects:  73% (1167/1598)   [Kremote: Compressing objects:  74% (1183/1598)   [Kremote: Compressing objects:  75% (1199/1598)   [Kremote: Compressing objects:  76% (1215/1598)   [Kremote: Compressing objects:  77% (1231/1598)   [Kremote: Compressing objects:  78% (1247/1598)   [Kremote: Compressing objects:  79% (1263/1598)   [Kremote: Compressing objects:  80% (1279/1598)   [Kremote: Compressing objects:  81% (1295/1598)   [Kremote: Compressing objects:  82% (1311/1598)   [Kremote: Compressing objects:  83% (1327/1598)   [Kremote: Compressing objects:  84% (1343/1598)   [Kremote: Compressing objects:  85% (1359/1598)   [Kremote: Compressing objects:  86% (1375/1598)   [Kremote: Compressing objects:  87% (1391/1598)   [Kremote: Compressing objects:  88% (1407/1598)   [Kremote: Compressing objects:  89% (1423/1598)   [Kremote: Compressing objects:  90% (1439/1598)   [Kremote: Compressing objects:  91% (1455/1598)   [Kremote: Compressing objects:  92% (1471/1598)   [Kremote: Compressing objects:  93% (1487/1598)   [Kremote: Compressing objects:  94% (1503/1598)   [Kremote: Compressing objects:  95% (1519/1598)   [Kremote: Compressing objects:  96% (1535/1598)   [Kremote: Compressing objects:  97% (1551/1598)   [Kremote: Compressing objects:  98% (1567/1598)   [Kremote: Compressing objects:  99% (1583/1598)   [Kremote: Compressing objects: 100% (1598/1598)   [Kremote: Compressing objects: 100% (1598/1598), done.[K
Receiving objects:   0% (1/3681)   Receiving objects:   1% (37/3681)   Receiving objects:   2% (74/3681)   Receiving objects:   3% (111/3681)   Receiving objects:   4% (148/3681)   Receiving objects:   5% (185/3681)   Receiving objects:   6% (221/3681)   Receiving objects:   7% (258/3681), 2.57 MiB | 5.12 MiB/s   Receiving objects:   8% (295/3681), 2.57 MiB | 5.12 MiB/s   Receiving objects:   9% (332/3681), 2.57 MiB | 5.12 MiB/s   Receiving objects:  10% (369/3681), 2.57 MiB | 5.12 MiB/s   Receiving objects:  11% (405/3681), 2.57 MiB | 5.12 MiB/s   Receiving objects:  12% (442/3681), 2.57 MiB | 5.12 MiB/s   Receiving objects:  13% (479/3681), 2.57 MiB | 5.12 MiB/s   Receiving objects:  14% (516/3681), 2.57 MiB | 5.12 MiB/s   Receiving objects:  15% (553/3681), 2.57 MiB | 5.12 MiB/s   Receiving objects:  16% (589/3681), 2.57 MiB | 5.12 MiB/s   Receiving objects:  17% (626/3681), 2.57 MiB | 5.12 MiB/s   Receiving objects:  18% (663/3681), 2.57 MiB | 5.12 MiB/s   Receiving objects:  19% (700/3681), 2.57 MiB | 5.12 MiB/s   Receiving objects:  20% (737/3681), 2.57 MiB | 5.12 MiB/s   Receiving objects:  21% (774/3681), 2.57 MiB | 5.12 MiB/s   Receiving objects:  22% (810/3681), 2.57 MiB | 5.12 MiB/s   Receiving objects:  23% (847/3681), 2.57 MiB | 5.12 MiB/s   Receiving objects:  24% (884/3681), 2.57 MiB | 5.12 MiB/s   Receiving objects:  25% (921/3681), 2.57 MiB | 5.12 MiB/s   Receiving objects:  26% (958/3681), 2.57 MiB | 5.12 MiB/s   Receiving objects:  27% (994/3681), 2.57 MiB | 5.12 MiB/s   Receiving objects:  28% (1031/3681), 2.57 MiB | 5.12 MiB/s   Receiving objects:  29% (1068/3681), 2.57 MiB | 5.12 MiB/s   Receiving objects:  30% (1105/3681), 2.57 MiB | 5.12 MiB/s   Receiving objects:  31% (1142/3681), 2.57 MiB | 5.12 MiB/s   Receiving objects:  32% (1178/3681), 2.57 MiB | 5.12 MiB/s   Receiving objects:  33% (1215/3681), 2.57 MiB | 5.12 MiB/s   Receiving objects:  34% (1252/3681), 2.57 MiB | 5.12 MiB/s   Receiving objects:  35% (1289/3681), 2.57 MiB | 5.12 MiB/s   Receiving objects:  36% (1326/3681), 2.57 MiB | 5.12 MiB/s   Receiving objects:  37% (1362/3681), 2.57 MiB | 5.12 MiB/s   Receiving objects:  38% (1399/3681), 2.57 MiB | 5.12 MiB/s   Receiving objects:  39% (1436/3681), 2.57 MiB | 5.12 MiB/s   Receiving objects:  40% (1473/3681), 2.57 MiB | 5.12 MiB/s   Receiving objects:  41% (1510/3681), 2.57 MiB | 5.12 MiB/s   Receiving objects:  42% (1547/3681), 2.57 MiB | 5.12 MiB/s   Receiving objects:  43% (1583/3681), 2.57 MiB | 5.12 MiB/s   Receiving objects:  44% (1620/3681), 2.57 MiB | 5.12 MiB/s   Receiving objects:  45% (1657/3681), 2.57 MiB | 5.12 MiB/s   Receiving objects:  46% (1694/3681), 2.57 MiB | 5.12 MiB/s   Receiving objects:  47% (1731/3681), 2.57 MiB | 5.12 MiB/s   Receiving objects:  48% (1767/3681), 2.57 MiB | 5.12 MiB/s   Receiving objects:  49% (1804/3681), 2.57 MiB | 5.12 MiB/s   Receiving objects:  50% (1841/3681), 2.57 MiB | 5.12 MiB/s   Receiving objects:  51% (1878/3681), 2.57 MiB | 5.12 MiB/s   Receiving objects:  52% (1915/3681), 2.57 MiB | 5.12 MiB/s   Receiving objects:  53% (1951/3681), 2.57 MiB | 5.12 MiB/s   Receiving objects:  54% (1988/3681), 2.57 MiB | 5.12 MiB/s   Receiving objects:  55% (2025/3681), 2.57 MiB | 5.12 MiB/s   Receiving objects:  56% (2062/3681), 2.57 MiB | 5.12 MiB/s   Receiving objects:  57% (2099/3681), 2.57 MiB | 5.12 MiB/s   Receiving objects:  58% (2135/3681), 2.57 MiB | 5.12 MiB/s   Receiving objects:  59% (2172/3681), 2.57 MiB | 5.12 MiB/s   Receiving objects:  60% (2209/3681), 2.57 MiB | 5.12 MiB/s   Receiving objects:  61% (2246/3681), 2.57 MiB | 5.12 MiB/s   Receiving objects:  62% (2283/3681), 2.57 MiB | 5.12 MiB/s   Receiving objects:  63% (2320/3681), 2.57 MiB | 5.12 MiB/s   Receiving objects:  64% (2356/3681), 2.57 MiB | 5.12 MiB/s   Receiving objects:  65% (2393/3681), 2.57 MiB | 5.12 MiB/s   Receiving objects:  66% (2430/3681), 2.57 MiB | 5.12 MiB/s   Receiving objects:  67% (2467/3681), 2.57 MiB | 5.12 MiB/s   Receiving objects:  68% (2504/3681), 2.57 MiB | 5.12 MiB/s   Receiving objects:  69% (2540/3681), 2.57 MiB | 5.12 MiB/s   Receiving objects:  70% (2577/3681), 2.57 MiB | 5.12 MiB/s   Receiving objects:  71% (2614/3681), 2.57 MiB | 5.12 MiB/s   Receiving objects:  72% (2651/3681), 2.57 MiB | 5.12 MiB/s   Receiving objects:  73% (2688/3681), 2.57 MiB | 5.12 MiB/s   Receiving objects:  74% (2724/3681), 2.57 MiB | 5.12 MiB/s   Receiving objects:  75% (2761/3681), 2.57 MiB | 5.12 MiB/s   Receiving objects:  76% (2798/3681), 2.57 MiB | 5.12 MiB/s   Receiving objects:  77% (2835/3681), 2.57 MiB | 5.12 MiB/s   Receiving objects:  78% (2872/3681), 2.57 MiB | 5.12 MiB/s   Receiving objects:  79% (2908/3681), 2.57 MiB | 5.12 MiB/s   Receiving objects:  80% (2945/3681), 2.57 MiB | 5.12 MiB/s   Receiving objects:  81% (2982/3681), 2.57 MiB | 5.12 MiB/s   Receiving objects:  82% (3019/3681), 2.57 MiB | 5.12 MiB/s   Receiving objects:  83% (3056/3681), 2.57 MiB | 5.12 MiB/s   Receiving objects:  84% (3093/3681), 2.57 MiB | 5.12 MiB/s   Receiving objects:  85% (3129/3681), 2.57 MiB | 5.12 MiB/s   Receiving objects:  86% (3166/3681), 2.57 MiB | 5.12 MiB/s   Receiving objects:  87% (3203/3681), 2.57 MiB | 5.12 MiB/s   Receiving objects:  88% (3240/3681), 2.57 MiB | 5.12 MiB/s   Receiving objects:  89% (3277/3681), 2.57 MiB | 5.12 MiB/s   Receiving objects:  90% (3313/3681), 2.57 MiB | 5.12 MiB/s   Receiving objects:  91% (3350/3681), 2.57 MiB | 5.12 MiB/s   remote: Total 3681 (delta 1375), reused 3303 (delta 1147)[K
Receiving objects:  92% (3387/3681), 2.57 MiB | 5.12 MiB/s   Receiving objects:  93% (3424/3681), 2.57 MiB | 5.12 MiB/s   Receiving objects:  94% (3461/3681), 2.57 MiB | 5.12 MiB/s   Receiving objects:  95% (3497/3681), 2.57 MiB | 5.12 MiB/s   Receiving objects:  96% (3534/3681), 2.57 MiB | 5.12 MiB/s   Receiving objects:  97% (3571/3681), 2.57 MiB | 5.12 MiB/s   Receiving objects:  98% (3608/3681), 2.57 MiB | 5.12 MiB/s   Receiving objects:  99% (3645/3681), 2.57 MiB | 5.12 MiB/s   Receiving objects: 100% (3681/3681), 2.57 MiB | 5.12 MiB/s   Receiving objects: 100% (3681/3681), 4.12 MiB | 5.12 MiB/s, done.
Resolving deltas:   0% (0/1375)   Resolving deltas:   1% (15/1375)   Resolving deltas:   2% (29/1375)   Resolving deltas:   3% (48/1375)   Resolving deltas:   4% (55/1375)   Resolving deltas:   5% (77/1375)   Resolving deltas:   6% (84/1375)   Resolving deltas:   7% (99/1375)   Resolving deltas:   8% (114/1375)   Resolving deltas:   9% (126/1375)   Resolving deltas:  10% (138/1375)   Resolving deltas:  11% (162/1375)   Resolving deltas:  12% (167/1375)   Resolving deltas:  13% (179/1375)   Resolving deltas:  14% (203/1375)   Resolving deltas:  15% (215/1375)   Resolving deltas:  16% (220/1375)   Resolving deltas:  17% (235/1375)   Resolving deltas:  18% (248/1375)   Resolving deltas:  19% (272/1375)   Resolving deltas:  20% (275/1375)   Resolving deltas:  21% (293/1375)   Resolving deltas:  22% (306/1375)   Resolving deltas:  23% (317/1375)   Resolving deltas:  24% (332/1375)   Resolving deltas:  25% (344/1375)   Resolving deltas:  26% (362/1375)   Resolving deltas:  27% (373/1375)   Resolving deltas:  28% (391/1375)   Resolving deltas:  29% (401/1375)   Resolving deltas:  30% (415/1375)   Resolving deltas:  31% (431/1375)   Resolving deltas:  32% (440/1375)   Resolving deltas:  33% (461/1375)   Resolving deltas:  34% (468/1375)   Resolving deltas:  35% (484/1375)   Resolving deltas:  36% (498/1375)   Resolving deltas:  37% (515/1375)   Resolving deltas:  38% (524/1375)   Resolving deltas:  39% (538/1375)   Resolving deltas:  40% (555/1375)   Resolving deltas:  41% (564/1375)   Resolving deltas:  42% (578/1375)   Resolving deltas:  43% (594/1375)   Resolving deltas:  44% (605/1375)   Resolving deltas:  45% (622/1375)   Resolving deltas:  46% (635/1375)   Resolving deltas:  47% (647/1375)   Resolving deltas:  48% (661/1375)   Resolving deltas:  49% (676/1375)   Resolving deltas:  50% (690/1375)   Resolving deltas:  51% (710/1375)   Resolving deltas:  52% (717/1375)   Resolving deltas:  53% (730/1375)   Resolving deltas:  54% (744/1375)   Resolving deltas:  55% (758/1375)   Resolving deltas:  56% (773/1375)   Resolving deltas:  57% (785/1375)   Resolving deltas:  58% (800/1375)   Resolving deltas:  59% (816/1375)   Resolving deltas:  60% (825/1375)   Resolving deltas:  61% (842/1375)   Resolving deltas:  62% (855/1375)   Resolving deltas:  63% (869/1375)   Resolving deltas:  64% (882/1375)   Resolving deltas:  65% (894/1375)   Resolving deltas:  66% (917/1375)   Resolving deltas:  67% (929/1375)   Resolving deltas:  68% (938/1375)   Resolving deltas:  69% (950/1375)   Resolving deltas:  70% (963/1375)   Resolving deltas:  71% (978/1375)   Resolving deltas:  72% (1000/1375)   Resolving deltas:  73% (1014/1375)   Resolving deltas:  74% (1018/1375)   Resolving deltas:  75% (1035/1375)   Resolving deltas:  76% (1047/1375)   Resolving deltas:  77% (1060/1375)   Resolving deltas:  78% (1081/1375)   Resolving deltas:  79% (1087/1375)   Resolving deltas:  80% (1104/1375)   Resolving deltas:  81% (1117/1375)   Resolving deltas:  82% (1128/1375)   Resolving deltas:  83% (1143/1375)   Resolving deltas:  84% (1161/1375)   Resolving deltas:  85% (1178/1375)   Resolving deltas:  86% (1193/1375)   Resolving deltas:  87% (1197/1375)   Resolving deltas:  88% (1212/1375)   Resolving deltas:  89% (1229/1375)   Resolving deltas:  90% (1246/1375)   Resolving deltas:  91% (1252/1375)   Resolving deltas:  92% (1270/1375)   Resolving deltas:  93% (1280/1375)   Resolving deltas:  94% (1298/1375)   Resolving deltas:  95% (1310/1375)   Resolving deltas:  96% (1321/1375)   Resolving deltas:  97% (1334/1375)   Resolving deltas:  98% (1348/1375)   Resolving deltas:  99% (1362/1375)   Resolving deltas: 100% (1375/1375)   Resolving deltas: 100% (1375/1375), done.
travis_fold:end:git.1$ cd thinkaurelius/titan
travis_fold:start:git.2$ git checkout -qf 8c857fd0b35e6480b07d4746065f95206cbcbbdc
travis_fold:end:git.2$ jdk_switcher use openjdk6
Switching to OpenJDK6 (java-1.6.0-openjdk-amd64), JAVA_HOME will be set to /usr/lib/jvm/java-6-openjdk-amd64
update-alternatives: error: no alternatives for apt.
update-alternatives: error: no alternatives for mozilla-javaplugin.so.
update-java-alternatives: plugin alternative does not exist: /usr/lib/jvm/java-6-openjdk-amd64/jre/lib/amd64/IcedTeaPlugin.so
$ java -version
java version "1.6.0_27"
OpenJDK Runtime Environment (IcedTea6 1.12.3) (6b27-1.12.3-0ubuntu1~12.04.1)
OpenJDK 64-Bit Server VM (build 20.0-b12, mixed mode)
$ javac -version
javac 1.6.0_27
travis_fold:start:install$ mvn install --quiet -DskipTests=true
[debug] execute contextualize
[debug] execute contextualize
[debug] execute contextualize
travis_fold:end:install$ mvn test
[INFO] Scanning for projects...
[INFO] ------------------------------------------------------------------------
[INFO] Reactor Build Order:
[INFO] 
[INFO] Titan: Distributed Graph Database
[INFO] Titan-Core: Core Library for Titan
[INFO] Titan-Test: Test Suite for Titan
[INFO] Titan-BerkeleyJE: Distributed Graph Database
[INFO] Titan-Cassandra: Distributed Graph Database
[INFO] Titan-HBase: Distributed Graph Database
[INFO] Titan-ElasticSearch: Distributed Indexing Support
[INFO] Titan-Lucene: Indexing Support
[INFO] Titan-All: Complete Titan Distribution
[INFO]                                                                         
[INFO] ------------------------------------------------------------------------
[INFO] Building Titan: Distributed Graph Database 0.3.0-SNAPSHOT
[INFO] ------------------------------------------------------------------------
[INFO] 
[INFO] --- maven-enforcer-plugin:1.0:enforce (enforce-maven) @ titan ---
[INFO]                                                                         
[INFO] ------------------------------------------------------------------------
[INFO] Building Titan-Core: Core Library for Titan 0.3.0-SNAPSHOT
[INFO] ------------------------------------------------------------------------
[INFO] 
[INFO] --- maven-enforcer-plugin:1.0:enforce (enforce-maven) @ titan-core ---
[INFO] 
[INFO] --- maven-resources-plugin:2.3:resources (default-resources) @ titan-core ---
[INFO] Using 'UTF-8' encoding to copy filtered resources.
[INFO] skip non existing resourceDirectory /home/travis/build/thinkaurelius/titan/titan-core/src/main/resources
[INFO] 
[INFO] --- maven-compiler-plugin:2.5.1:compile (default-compile) @ titan-core ---
[INFO] Nothing to compile - all classes are up to date
[INFO] 
[INFO] --- maven-resources-plugin:2.3:testResources (default-testResources) @ titan-core ---
[INFO] Using 'UTF-8' encoding to copy filtered resources.
[INFO] skip non existing resourceDirectory /home/travis/build/thinkaurelius/titan/titan-core/src/test/resources
[INFO] 
[INFO] --- maven-compiler-plugin:2.5.1:testCompile (default-testCompile) @ titan-core ---
[INFO] No sources to compile
[INFO] 
[INFO] --- maven-surefire-plugin:2.11:test (default-test) @ titan-core ---
[INFO] No tests to run.
[INFO] Surefire report directory: /home/travis/build/thinkaurelius/titan/titan-core/target/surefire-reports
Downloading: http://maven.mirrors.travis-ci.org/nexus/content/repositories/central/org/apache/maven/surefire/surefire-junit3/2.11/surefire-junit3-2.11.pom
2/2 KB            Downloaded: http://maven.mirrors.travis-ci.org/nexus/content/repositories/central/org/apache/maven/surefire/surefire-junit3/2.11/surefire-junit3-2.11.pom (2 KB at 2.7 KB/sec)
Downloading: http://maven.mirrors.travis-ci.org/nexus/content/repositories/central/org/apache/maven/surefire/surefire-providers/2.11/surefire-providers-2.11.pom
3/3 KB            Downloaded: http://maven.mirrors.travis-ci.org/nexus/content/repositories/central/org/apache/maven/surefire/surefire-providers/2.11/surefire-providers-2.11.pom (3 KB at 7.2 KB/sec)
Downloading: http://maven.mirrors.travis-ci.org/nexus/content/repositories/central/org/apache/maven/surefire/surefire-junit3/2.11/surefire-junit3-2.11.jar
4/26 KB   8/26 KB   9/26 KB   13/26 KB   17/26 KB   21/26 KB   23/26 KB   26/26 KB              Downloaded: http://maven.mirrors.travis-ci.org/nexus/content/repositories/central/org/apache/maven/surefire/surefire-junit3/2.11/surefire-junit3-2.11.jar (26 KB at 49.3 KB/sec)

-------------------------------------------------------
 T E S T S
-------------------------------------------------------

Results :

Tests run: 0, Failures: 0, Errors: 0, Skipped: 0

[INFO]                                                                         
[INFO] ------------------------------------------------------------------------
[INFO] Building Titan-Test: Test Suite for Titan 0.3.0-SNAPSHOT
[INFO] ------------------------------------------------------------------------
[INFO] 
[INFO] --- maven-enforcer-plugin:1.0:enforce (enforce-maven) @ titan-test ---
[INFO] 
[INFO] --- maven-resources-plugin:2.3:resources (default-resources) @ titan-test ---
[INFO] Using 'UTF-8' encoding to copy filtered resources.
[INFO] Copying 1 resource
[INFO] 
[INFO] --- maven-compiler-plugin:2.5.1:compile (default-compile) @ titan-test ---
[INFO] Nothing to compile - all classes are up to date
[INFO] 
[INFO] --- maven-resources-plugin:2.3:testResources (default-testResources) @ titan-test ---
[INFO] Using 'UTF-8' encoding to copy filtered resources.
[INFO] Copying 2 resources
[INFO] 
[INFO] --- maven-compiler-plugin:2.5.1:testCompile (default-testCompile) @ titan-test ---
[INFO] Nothing to compile - all classes are up to date
[INFO] 
[INFO] --- maven-surefire-plugin:2.12.1:test (default-test) @ titan-test ---
[INFO] Surefire report directory: /home/travis/build/thinkaurelius/titan/titan-test/target/surefire-reports
Downloading: http://maven.mirrors.travis-ci.org/nexus/content/repositories/central/org/apache/maven/surefire/surefire-junit4/2.12.1/surefire-junit4-2.12.1.pom
3/3 KB              Downloaded: http://maven.mirrors.travis-ci.org/nexus/content/repositories/central/org/apache/maven/surefire/surefire-junit4/2.12.1/surefire-junit4-2.12.1.pom (3 KB at 7.3 KB/sec)
Downloading: http://maven.mirrors.travis-ci.org/nexus/content/repositories/central/org/apache/maven/surefire/surefire-providers/2.12.1/surefire-providers-2.12.1.pom
3/3 KB            Downloaded: http://maven.mirrors.travis-ci.org/nexus/content/repositories/central/org/apache/maven/surefire/surefire-providers/2.12.1/surefire-providers-2.12.1.pom (3 KB at 6.0 KB/sec)
Downloading: http://maven.mirrors.travis-ci.org/nexus/content/repositories/central/org/apache/maven/surefire/surefire-junit4/2.12.1/surefire-junit4-2.12.1.jar
4/34 KB   8/34 KB   9/34 KB   13/34 KB   17/34 KB   21/34 KB   23/34 KB   26/34 KB   30/34 KB   34/34 KB   34/34 KB              Downloaded: http://maven.mirrors.travis-ci.org/nexus/content/repositories/central/org/apache/maven/surefire/surefire-junit4/2.12.1/surefire-junit4-2.12.1.jar (34 KB at 64.5 KB/sec)

-------------------------------------------------------
 T E S T S
-------------------------------------------------------
Running com.thinkaurelius.titan.graphdb.serializer.KryoTest
Tests run: 5, Failures: 0, Errors: 0, Skipped: 0, Time elapsed: 0.578 sec
Running com.thinkaurelius.titan.graphdb.serializer.SerializerTest
Tests run: 9, Failures: 0, Errors: 0, Skipped: 0, Time elapsed: 2.225 sec
Running com.thinkaurelius.titan.graphdb.attribute.GeoshapeTest
circle[10.0,12.5]:100.0
box[[20.0,22.5],[40.5,60.5]]
Tests run: 3, Failures: 0, Errors: 0, Skipped: 0, Time elapsed: 0.027 sec
Running com.thinkaurelius.titan.graphdb.idmanagement.IDPoolTest
Tests run: 3, Failures: 0, Errors: 0, Skipped: 0, Time elapsed: 1.092 sec
Running com.thinkaurelius.titan.graphdb.idmanagement.VariableLongTest
Writing 10000000 longs in 65567319 bytes. in time: 3334
Writing 1000000 longs in 2983488 bytes. in time: 170
Tests run: 5, Failures: 0, Errors: 0, Skipped: 0, Time elapsed: 4.202 sec
Running com.thinkaurelius.titan.diskstorage.locking.LocalLockMediatorTest
Tests run: 1, Failures: 0, Errors: 0, Skipped: 0, Time elapsed: 0.137 sec
Running com.thinkaurelius.titan.graphdb.serializer.ByteBufferTest
Tests run: 3, Failures: 0, Errors: 0, Skipped: 0, Time elapsed: 0.287 sec
Running com.thinkaurelius.titan.graphdb.idmanagement.IDManagementTest
Tests run: 3, Failures: 0, Errors: 0, Skipped: 0, Time elapsed: 1.153 sec
Running com.thinkaurelius.titan.util.datastructures.RandomRemovalListTest
Tests run: 3, Failures: 0, Errors: 0, Skipped: 0, Time elapsed: 0.631 sec
Running com.thinkaurelius.titan.tinkerpop.gremlin.ScriptExecutorTest
Tests run: 1, Failures: 0, Errors: 0, Skipped: 0, Time elapsed: 0.003 sec
Running com.thinkaurelius.titan.diskstorage.util.ByteBufferUtilTest
Tests run: 1, Failures: 0, Errors: 0, Skipped: 0, Time elapsed: 0.031 sec
Running com.thinkaurelius.titan.graphdb.idmanagement.VertexIDAssignerTest
Partition: false
partitionMax: 2147483647
localPartition: null
Partition: true
partitionMax: 2147483647
localPartition: null
Partition: true
partitionMax: 2147483647
localPartition: [0, 2000]
Partition: true
partitionMax: 2147483647
localPartition: [-100000, -1]
Partition: true
partitionMax: 2147483647
localPartition: [-10000, 10000]
Partition: true
partitionMax: 100
localPartition: null
Partition: true
partitionMax: 100
localPartition: [0, 2000]
Partition: true
partitionMax: 100
localPartition: [-100000, -1]
Partition: true
partitionMax: 100
localPartition: [-10000, 10000]
Tests run: 9, Failures: 0, Errors: 0, Skipped: 0, Time elapsed: 12.019 sec
Running com.thinkaurelius.titan.util.datastructures.BitMapTest
Tests run: 1, Failures: 0, Errors: 0, Skipped: 0, Time elapsed: 0.001 sec
Running com.thinkaurelius.titan.util.LongEncodingTest
Time to de/encode 1000000 longs (in ms): 1062
Tests run: 1, Failures: 0, Errors: 0, Skipped: 0, Time elapsed: 1.062 sec
Running com.thinkaurelius.titan.diskstorage.inmemory.inMemoryLockKeyColumnValueStoreTest
Tests run: 14, Failures: 0, Errors: 0, Skipped: 0, Time elapsed: 5.757 sec
Running com.thinkaurelius.titan.diskstorage.inmemory.InMemoryKeyColumnValueStoreTest
Loading time (ms): 1361
Reading time (ms): 186
Tests run: 17, Failures: 0, Errors: 0, Skipped: 0, Time elapsed: 3.878 sec
Running com.thinkaurelius.titan.util.datastructures.ImmutableLongObjectMapTest
Tests run: 3, Failures: 0, Errors: 0, Skipped: 0, Time elapsed: 0.586 sec
Running com.thinkaurelius.titan.diskstorage.util.StorageFeaturesTest
Tests run: 1, Failures: 0, Errors: 0, Skipped: 0, Time elapsed: 0 sec
Running com.thinkaurelius.titan.tinkerpop.rexster.TitanGraphConfigurationTest
Tests run: 1, Failures: 0, Errors: 0, Skipped: 0, Time elapsed: 0.072 sec
Running com.thinkaurelius.titan.graphdb.inmemory.InMemoryGraphTest
Tests run: 19, Failures: 0, Errors: 0, Skipped: 0, Time elapsed: 23.647 sec

Results :

Tests run: 103, Failures: 0, Errors: 0, Skipped: 0

[INFO]                                                                         
[INFO] ------------------------------------------------------------------------
[INFO] Building Titan-BerkeleyJE: Distributed Graph Database 0.3.0-SNAPSHOT
[INFO] ------------------------------------------------------------------------
[INFO] 
[INFO] --- maven-enforcer-plugin:1.0:enforce (enforce-maven) @ titan-berkeleyje ---
[INFO] 
[INFO] --- maven-resources-plugin:2.3:resources (default-resources) @ titan-berkeleyje ---
[INFO] Using 'UTF-8' encoding to copy filtered resources.
[INFO] Copying 2 resources
[INFO] 
[INFO] --- maven-compiler-plugin:2.5.1:compile (default-compile) @ titan-berkeleyje ---
[INFO] Nothing to compile - all classes are up to date
[INFO] 
[INFO] --- maven-resources-plugin:2.3:testResources (default-testResources) @ titan-berkeleyje ---
[INFO] Using 'UTF-8' encoding to copy filtered resources.
[INFO] Copying 2 resources
[INFO] 
[INFO] --- maven-compiler-plugin:2.5.1:testCompile (default-testCompile) @ titan-berkeleyje ---
[INFO] Nothing to compile - all classes are up to date
[INFO] 
[INFO] --- maven-surefire-plugin:2.12.1:test (default-test) @ titan-berkeleyje ---
[INFO] Surefire report directory: /home/travis/build/thinkaurelius/titan/titan-berkeleyje/target/surefire-reports

-------------------------------------------------------
 T E S T S
-------------------------------------------------------
Running com.thinkaurelius.titan.diskstorage.berkeleyje.BerkeleyJeHashKeyColumnValueTest
Loading time (ms): 2191
Reading time (ms): 781
Tests run: 17, Failures: 0, Errors: 0, Skipped: 0, Time elapsed: 14.185 sec
Running com.thinkaurelius.titan.tinkerpop.rexster.RexsterServerClientBerkeleyJeTest
Mar 29, 2013 7:48:24 AM org.glassfish.grizzly.servlet.WebappContext deploy
INFO: Starting application [jersey] ...
Mar 29, 2013 7:48:24 AM com.sun.jersey.server.impl.application.WebApplicationImpl _initiate
INFO: Initiating Jersey application, version 'Jersey: 1.17 01/17/2013 03:31 PM'
Mar 29, 2013 7:48:25 AM org.glassfish.grizzly.servlet.WebappContext initServlets
INFO: [jersey] Servlet [com.sun.jersey.spi.container.servlet.ServletContainer] registered for url pattern(s) [[/*]].
Mar 29, 2013 7:48:25 AM org.glassfish.grizzly.servlet.WebappContext deploy
INFO: Application [jersey] is ready to service requests.  Root: [].
Mar 29, 2013 7:48:25 AM org.glassfish.grizzly.http.server.NetworkListener start
INFO: Started listener bound to [0.0.0.0:8182]
Mar 29, 2013 7:48:25 AM org.glassfish.grizzly.http.server.HttpServer start
INFO: [HttpServer] Started.
Mar 29, 2013 7:48:26 AM org.glassfish.grizzly.http.server.NetworkListener stop
INFO: Stopped listener bound to [0.0.0.0:8182]
Tests run: 1, Failures: 0, Errors: 0, Skipped: 0, Time elapsed: 3.533 sec
Running com.thinkaurelius.titan.graphdb.berkeleyje.BerkeleyJEGraphTest
Tests run: 19, Failures: 0, Errors: 0, Skipped: 0, Time elapsed: 5.688 sec
Running com.thinkaurelius.titan.diskstorage.berkeleyje.BerkeleyDBjeKeyColumnValueTest
Loading time (ms): 1975
Reading time (ms): 349
Tests run: 17, Failures: 0, Errors: 0, Skipped: 0, Time elapsed: 8.399 sec
Running com.thinkaurelius.titan.diskstorage.berkeleyje.BerkeleyJEKeyValueTest
Tests run: 7, Failures: 0, Errors: 0, Skipped: 0, Time elapsed: 0.507 sec
Running com.thinkaurelius.titan.diskstorage.berkeleyje.BerkeleyDBjeKeyColumnValueVariableTest
Loading time (ms): 1670
Reading time (ms): 394
Tests run: 17, Failures: 0, Errors: 0, Skipped: 0, Time elapsed: 7.147 sec
Running com.thinkaurelius.titan.blueprints.BerkeleyJEBlueprintsTest
Testing testVertexEquality...
Opening graph in: /tmp/titan-test/standard
	titangraph[berkeleyje:/tmp/titan-test/standard]: 1 vertex added and retrieved in 0.820162000018172ms
Testing testVertexEqualityForSuppliedIdsAndHashCode...
Opening graph in: /tmp/titan-test/standard
Testing testBasicAddVertex...
Opening graph in: /tmp/titan-test/standard
Testing testGetVertexWithNull...
Opening graph in: /tmp/titan-test/standard
Testing testRemoveVertex...
Opening graph in: /tmp/titan-test/standard
Testing testRemoveVertexWithEdges...
Opening graph in: /tmp/titan-test/standard
Testing testGetNonExistantVertices...
Opening graph in: /tmp/titan-test/standard
Testing testRemoveVertexNullId...
Opening graph in: /tmp/titan-test/standard
	titangraph[berkeleyje:/tmp/titan-test/standard]: 100 vertices added in 2.261668000021018ms
	titangraph[berkeleyje:/tmp/titan-test/standard]: 100 vertices removed in 1.1554030000697821ms
Testing testVertexIterator...
Opening graph in: /tmp/titan-test/standard
	titangraph[berkeleyje:/tmp/titan-test/standard]: 1000 vertices added in 21.146134000038728ms
	titangraph[berkeleyje:/tmp/titan-test/standard]: 1000 vertices counted in 2.023297999985516ms
Testing testLegalVertexEdgeIterables...
Opening graph in: /tmp/titan-test/standard
Testing testAddVertexProperties...
Opening graph in: /tmp/titan-test/standard
Testing testAddManyVertexProperties...
Opening graph in: /tmp/titan-test/standard
	titangraph[berkeleyje:/tmp/titan-test/standard]: 750 vertex properties added (with vertices being added too) in 1488.8262669999385ms
Testing testRemoveVertexProperties...
Opening graph in: /tmp/titan-test/standard
Testing testAddingIdProperty...
Opening graph in: /tmp/titan-test/standard
Testing testNoConcurrentModificationException...
Opening graph in: /tmp/titan-test/standard
Testing testGettingEdgesAndVertices...
Opening graph in: /tmp/titan-test/standard
Testing testEmptyKeyProperty...
Opening graph in: /tmp/titan-test/standard
Testing testVertexCentricLinking...
Opening graph in: /tmp/titan-test/standard
Testing testVertexCentricRemoving...
Opening graph in: /tmp/titan-test/standard
Testing testConcurrentModificationOnProperties...
Opening graph in: /tmp/titan-test/standard
Testing testSettingBadVertexProperties...
Opening graph in: /tmp/titan-test/standard
*** TOTAL TIME [VertexTestSuite]: 2212.7731459999923 ***
Testing testNoConcurrentModificationException...
Opening graph in: /tmp/titan-test/standard
Testing testEmptyKeyProperty...
Opening graph in: /tmp/titan-test/standard
Testing testSettingBadVertexProperties...
Opening graph in: /tmp/titan-test/standard
Testing testEdgeEquality...
Opening graph in: /tmp/titan-test/standard
Testing testAddEdges...
Opening graph in: /tmp/titan-test/standard
	titangraph[berkeleyje:/tmp/titan-test/standard]: 6 elements added and checked in 3.685522999963723ms
Testing testAddManyEdges...
Opening graph in: /tmp/titan-test/standard
	titangraph[berkeleyje:/tmp/titan-test/standard]: 300 elements added in 71.81978399993386ms
	titangraph[berkeleyje:/tmp/titan-test/standard]: 100 edges counted in 1.4851160000544041ms
	titangraph[berkeleyje:/tmp/titan-test/standard]: 200 vertices counted in 0.6340869999257848ms
	titangraph[berkeleyje:/tmp/titan-test/standard]: 200 vertices checked in 3.266952999983914ms
Testing testGetEdges...
Opening graph in: /tmp/titan-test/standard
	titangraph[berkeleyje:/tmp/titan-test/standard]: 3 edges retrieved in 0.17122499994002283ms
Testing testGetNonExistantEdges...
Opening graph in: /tmp/titan-test/standard
Testing testRemoveManyEdges...
Opening graph in: /tmp/titan-test/standard
	titangraph[berkeleyje:/tmp/titan-test/standard]: 20 vertices counted in 0.1686260000569746ms
	titangraph[berkeleyje:/tmp/titan-test/standard]: 10 edges counted in 0.3483059999998659ms
	titangraph[berkeleyje:/tmp/titan-test/standard]: 10 edges removed and graph checked in 4.6352650000480935ms
Testing testAddingDuplicateEdges...
Opening graph in: /tmp/titan-test/standard
Testing testRemoveEdgesByRemovingVertex...
Opening graph in: /tmp/titan-test/standard
Testing testRemoveEdges...
Opening graph in: /tmp/titan-test/standard
Testing testAddingSelfLoops...
Opening graph in: /tmp/titan-test/standard
Testing testRemoveSelfLoops...
Opening graph in: /tmp/titan-test/standard
Testing testEdgeIterator...
Opening graph in: /tmp/titan-test/standard
Testing testAddingRemovingEdgeProperties...
Opening graph in: /tmp/titan-test/standard
Testing testAddingLabelAndIdProperty...
Opening graph in: /tmp/titan-test/standard
Testing testEdgeCentricRemoving...
Opening graph in: /tmp/titan-test/standard
*** TOTAL TIME [EdgeTestSuite]: 626.6786590000847 ***
Testing testFeatureCompliance...
Opening graph in: /tmp/titan-test/standard
supportsDuplicateEdges: true
supportsSelfLoops: true
supportsSerializableObjectProperty: true
supportsBooleanProperty: true
supportsDoubleProperty: true
supportsFloatProperty: true
supportsIntegerProperty: true
supportsPrimitiveArrayProperty: true
supportsUniformListProperty: true
supportsMixedListProperty: true
supportsLongProperty: true
supportsMapProperty: true
supportsStringProperty: true
ignoresSuppliedIds: true
isPersistent: true
isRDFModel: false
isWrapper: false
supportsIndices: false
supportsVertexIndex: false
supportsEdgeIndex: false
supportsKeyIndices: true
supportsVertexKeyIndex: true
supportsEdgeKeyIndex: true
supportsEdgeIteration: true
supportsVertexIteration: true
supportsEdgeRetrieval: true
supportsVertexProperties: true
supportsEdgeProperties: true
supportsTransactions: true
supportsThreadedTransactions: true
Testing testEmptyOnConstruction...
Opening graph in: /tmp/titan-test/standard
Testing testStringRepresentationOfVertexId...
Opening graph in: /tmp/titan-test/standard
Testing testSemanticallyCorrectIterables...
Opening graph in: /tmp/titan-test/standard
Testing testGettingVerticesAndEdgesWithKeyValue...
Opening graph in: /tmp/titan-test/standard
Testing testAddingVerticesAndEdges...
Opening graph in: /tmp/titan-test/standard
Testing testSettingProperties...
Opening graph in: /tmp/titan-test/standard
Testing testSimpleRemovingVerticesEdges...
Opening graph in: /tmp/titan-test/standard
Testing testRemovingEdges...
Opening graph in: /tmp/titan-test/standard
	titangraph[berkeleyje:/tmp/titan-test/standard]: 100 vertices added in 2.5252189999446273ms
	titangraph[berkeleyje:/tmp/titan-test/standard]: 200 edges added in 394.6434910000535ms
	titangraph[berkeleyje:/tmp/titan-test/standard]: 200 edges deleted (with size check on each delete) in 134.08702900004573ms
Testing testRemovingVertices...
Opening graph in: /tmp/titan-test/standard
	titangraph[berkeleyje:/tmp/titan-test/standard]: 500 vertices added in 9.286170999985188ms
	titangraph[berkeleyje:/tmp/titan-test/standard]: 250 edges added in 214.4562230000738ms
	titangraph[berkeleyje:/tmp/titan-test/standard]: 500 vertices deleted (with size check on each delete) in 180.36679799994454ms
Testing testConnectivityPatterns...
Opening graph in: /tmp/titan-test/standard
Testing testVertexEdgeLabels...
Opening graph in: /tmp/titan-test/standard
Testing testVertexEdgeLabels2...
Opening graph in: /tmp/titan-test/standard
Testing testTreeConnectivity...
Opening graph in: /tmp/titan-test/standard
	titangraph[berkeleyje:/tmp/titan-test/standard]: 1464 vertices added in a tree structure in 111.74111499998253ms
	titangraph[berkeleyje:/tmp/titan-test/standard]: 1464 vertices iterated in 0.8880950000602752ms
	titangraph[berkeleyje:/tmp/titan-test/standard]: 1463 edges iterated in 9.208110999898054ms
Testing testConcurrentModification...
Opening graph in: /tmp/titan-test/standard
Testing testGraphDataPersists...
Opening graph in: /tmp/titan-test/standard
Opening graph in: /tmp/titan-test/standard
	titangraph[berkeleyje:/tmp/titan-test/standard]: 1 graph loaded in 8.073489999980666ms
Testing testAutotypingOfProperties...
Opening graph in: /tmp/titan-test/standard
*** TOTAL TIME [GraphTestSuite]: 1639.5282529999968 ***
Testing testGraphQueryForVertices...
Opening graph in: /tmp/titan-test/standard
Opening graph in: /tmp/titan-test/standard
Testing testGraphQueryForEdges...
Opening graph in: /tmp/titan-test/standard
Opening graph in: /tmp/titan-test/standard
Testing testVertexQuery...
Opening graph in: /tmp/titan-test/standard
*** TOTAL TIME [QueryTestSuite]: 127.04258400003891 ***
Testing testNoConcurrentModificationException...
Opening graph in: /tmp/titan-test/standard
Testing testGettingVerticesAndEdgesWithKeyValue...
Opening graph in: /tmp/titan-test/standard
Testing testAutoIndexKeyManagementWithPersistence...
Opening graph in: /tmp/titan-test/standard
	titangraph[berkeleyje:/tmp/titan-test/standard]: 2 automatic index keys added in 1.2901259999489412ms
	titangraph[berkeleyje:/tmp/titan-test/standard]: 2 automatic index keys added in 0.5862579999957234ms
Opening graph in: /tmp/titan-test/standard
Testing testKeyIndicesConsistentWithElementRemoval...
Opening graph in: /tmp/titan-test/standard
*** TOTAL TIME [KeyIndexableGraphTestSuite]: 143.9289380001137 ***
Testing testCompetingThreads...
Opening graph in: /tmp/titan-test/standard
Opening graph in: /tmp/titan-test/standard
Testing testCompetingThreadsOnMultipleDbInstances...
Opening graph in: /tmp/titan-test/first
Opening graph in: /tmp/titan-test/second
Testing testTrue...
Testing testRepeatedTransactionStopException...
Opening graph in: /tmp/titan-test/standard
Testing testAutoStartTransaction...
Opening graph in: /tmp/titan-test/standard
Testing testTransactionsForVertices...
Opening graph in: /tmp/titan-test/standard
	titangraph[berkeleyje:/tmp/titan-test/standard]: 1 vertex not added in failed transaction in 0.2948740000138059ms
	titangraph[berkeleyje:/tmp/titan-test/standard]: 1 vertex added in successful transaction in 0.3950279999990016ms
Testing testBasicVertexEdgeTransactions...
Opening graph in: /tmp/titan-test/standard
Testing testBruteVertexTransactions...
Opening graph in: /tmp/titan-test/standard
	titangraph[berkeleyje:/tmp/titan-test/standard]: 100 vertices added in 100 successful transactions in 24.106578000006266ms
	titangraph[berkeleyje:/tmp/titan-test/standard]: 100 vertices not added in 100 failed transactions in 7.2272029999876395ms
	titangraph[berkeleyje:/tmp/titan-test/standard]: 100 vertices added in 1 successful transactions in 6.351055999984965ms
	titangraph[berkeleyje:/tmp/titan-test/standard]: 100 vertices not added in 1 failed transactions in 3.1911400000099093ms
Testing testTransactionsForEdges...
Opening graph in: /tmp/titan-test/standard
	titangraph[berkeleyje:/tmp/titan-test/standard]: 1 edge not added in failed transaction (w/ iteration) in 1.2720200000330806ms
	titangraph[berkeleyje:/tmp/titan-test/standard]: 1 edge added in successful transaction (w/ iteration) in 1.0857819999800995ms
Testing testBruteEdgeTransactions...
Opening graph in: /tmp/titan-test/standard
	titangraph[berkeleyje:/tmp/titan-test/standard]: 100 edges added in 100 successful transactions (2 vertices added for each edge) in 54.9055230000522ms
	titangraph[berkeleyje:/tmp/titan-test/standard]: 100 edges not added in 100 failed transactions (2 vertices added for each edge) in 20.94532399997115ms
	titangraph[berkeleyje:/tmp/titan-test/standard]: 100 edges added in 1 successful transactions (2 vertices added for each edge) in 20.344443999929354ms
	titangraph[berkeleyje:/tmp/titan-test/standard]: 100 edges not added in 1 failed transactions (2 vertices added for each edge) in 16.737017999985255ms
Testing testPropertyTransactions...
Opening graph in: /tmp/titan-test/standard
	titangraph[berkeleyje:/tmp/titan-test/standard]: 1 vertex added with string property in a successful transaction in 2.4085189999314025ms
	titangraph[berkeleyje:/tmp/titan-test/standard]: 1 integer property not added in a failed transaction in 1.2656999999890104ms
	titangraph[berkeleyje:/tmp/titan-test/standard]: 2 vertex properties checked in a successful transaction in 0.47495000006165355ms
	titangraph[berkeleyje:/tmp/titan-test/standard]: 1 edge property added and checked in a successful transaction in 0.9119110000319779ms
	titangraph[berkeleyje:/tmp/titan-test/standard]: 1 edge property added and checked in a failed transaction in 0.3064950000261888ms
Testing testIndexTransactions...
Opening graph in: /tmp/titan-test/standard
Testing testAutomaticSuccessfulTransactionOnShutdown...
Opening graph in: /tmp/titan-test/standard
Opening graph in: /tmp/titan-test/standard
Testing testVertexCountOnPreTransactionCommit...
Opening graph in: /tmp/titan-test/standard
Testing testBulkTransactionsOnEdges...
Opening graph in: /tmp/titan-test/standard
Testing testTransactionIsolationCommitCheck...
Opening graph in: /tmp/titan-test/standard
added vertex
reading vertex before tx
read vertex before tx
Testing testRemoveInTransaction...
Opening graph in: /tmp/titan-test/standard
*** TOTAL TIME [TransactionalTitanGraphTestSuite]: 1294.5625899999868 ***
Testing testVertexReattachment...
Opening graph in: /tmp/titan-test/standard
*** TOTAL TIME [TitanSpecificBlueprintsTestSuite]: 52.974965000059456 ***
Testing testReadingTinkerGraph...
Opening graph in: /tmp/titan-test/standard
Testing testTinkerGraphEdges...
Opening graph in: /tmp/titan-test/standard
	titangraph[berkeleyje:/tmp/titan-test/standard]: graph-example-1 loaded in 28.185052999993786ms
Testing testTinkerGraphVertices...
Opening graph in: /tmp/titan-test/standard
	titangraph[berkeleyje:/tmp/titan-test/standard]: graph-example-1 loaded in 10.341202999930829ms
Testing testTinkerGraphSoftwareVertices...
Opening graph in: /tmp/titan-test/standard
	titangraph[berkeleyje:/tmp/titan-test/standard]: graph-example-1 loaded in 10.35940199997276ms
Testing testTinkerGraphVertexAndEdges...
Opening graph in: /tmp/titan-test/standard
	titangraph[berkeleyje:/tmp/titan-test/standard]: graph-example-1 loaded in 10.719868000014685ms
Testing testReadingTinkerGraphExample3...
Opening graph in: /tmp/titan-test/standard
Testing testReadingTinkerGraphExample3MappingLabels...
Opening graph in: /tmp/titan-test/standard
	titangraph[berkeleyje:/tmp/titan-test/standard]: graph-example-3 loaded in 11.922764000017196ms
Testing testReadingTinkerGraphExample3MappingIDs...
Opening graph in: /tmp/titan-test/standard
	titangraph[berkeleyje:/tmp/titan-test/standard]: graph-example-3 loaded in 12.412527999957092ms
Testing testReadingTinkerGraphExample3MappingAll...
Opening graph in: /tmp/titan-test/standard
	titangraph[berkeleyje:/tmp/titan-test/standard]: graph-example-3 loaded in 40.92975100001786ms
Testing testMigratingTinkerGraphExample3...
Opening graph in: /tmp/titan-test/standard
Testing testAllGraphMLTypeCastsAndDataMappings...
Opening graph in: /tmp/titan-test/standard
*** TOTAL TIME [GraphMLReaderTestSuite]: 585.6170510000084 ***
Testing testReadingTinkerGraph...
Opening graph in: /tmp/titan-test/standard
Testing testTinkerGraphEdges...
Opening graph in: /tmp/titan-test/standard
	titangraph[berkeleyje:/tmp/titan-test/standard]: graph-example-1 loaded in 172.75946099997964ms
Testing testTinkerGraphVertices...
Opening graph in: /tmp/titan-test/standard
	titangraph[berkeleyje:/tmp/titan-test/standard]: graph-example-1 loaded in 8.377169999992475ms
Testing testTinkerGraphSoftwareVertices...
Opening graph in: /tmp/titan-test/standard
	titangraph[berkeleyje:/tmp/titan-test/standard]: graph-example-1 loaded in 7.982465000008233ms
Testing testTinkerGraphVertexAndEdges...
Opening graph in: /tmp/titan-test/standard
	titangraph[berkeleyje:/tmp/titan-test/standard]: graph-example-1 loaded in 7.860400000005029ms
*** TOTAL TIME [GraphSONReaderTestSuite]: 555.9959700000472 ***
Testing testReadingTinkerGraph...
Opening graph in: /tmp/titan-test/standard
Testing testTinkerGraphEdges...
Opening graph in: /tmp/titan-test/standard
	titangraph[berkeleyje:/tmp/titan-test/standard]: graph-example-1 loaded in 10.787960999994539ms
Testing testTinkerGraphVertices...
Opening graph in: /tmp/titan-test/standard
	titangraph[berkeleyje:/tmp/titan-test/standard]: graph-example-1 loaded in 8.702091999934055ms
Testing testTinkerGraphSoftwareVertices...
Opening graph in: /tmp/titan-test/standard
	titangraph[berkeleyje:/tmp/titan-test/standard]: graph-example-1 loaded in 7.766644999966957ms
Testing testTinkerGraphVertexAndEdges...
Opening graph in: /tmp/titan-test/standard
	titangraph[berkeleyje:/tmp/titan-test/standard]: graph-example-1 loaded in 8.832917999941856ms
Testing testReadingTinkerGraphExample3...
Opening graph in: /tmp/titan-test/standard
Testing testReadingTinkerGraphExample3MappingLabels...
Opening graph in: /tmp/titan-test/standard
	titangraph[berkeleyje:/tmp/titan-test/standard]: graph-example-3 loaded in 10.154270999948494ms
Testing testReadingTinkerGraphExample3MappingIDs...
Opening graph in: /tmp/titan-test/standard
	titangraph[berkeleyje:/tmp/titan-test/standard]: graph-example-3 loaded in 8.313434000010602ms
Testing testReadingTinkerGraphExample3MappingAll...
Opening graph in: /tmp/titan-test/standard
	titangraph[berkeleyje:/tmp/titan-test/standard]: graph-example-3 loaded in 7.758055999991484ms
Testing testMigratingTinkerGraphExample3...
Opening graph in: /tmp/titan-test/standard
*** TOTAL TIME [GMLReaderTestSuite]: 294.7420250000432 ***
Tests run: 10, Failures: 0, Errors: 0, Skipped: 0, Time elapsed: 7.553 sec

Results :

Tests run: 88, Failures: 0, Errors: 0, Skipped: 0

[INFO]                                                                         
[INFO] ------------------------------------------------------------------------
[INFO] Building Titan-Cassandra: Distributed Graph Database 0.3.0-SNAPSHOT
[INFO] ------------------------------------------------------------------------
[INFO] 
[INFO] --- maven-enforcer-plugin:1.0:enforce (enforce-maven) @ titan-cassandra ---
[INFO] 
[INFO] --- maven-resources-plugin:2.5:resources (default-resources) @ titan-cassandra ---
[debug] execute contextualize
[INFO] Using 'UTF-8' encoding to copy filtered resources.
[INFO] Copying 2 resources
[INFO] 
[INFO] --- maven-compiler-plugin:2.5.1:compile (default-compile) @ titan-cassandra ---
[INFO] Nothing to compile - all classes are up to date
[INFO] 
[INFO] --- maven-resources-plugin:2.5:testResources (default-testResources) @ titan-cassandra ---
[debug] execute contextualize
[INFO] Using 'UTF-8' encoding to copy filtered resources.
[INFO] Copying 2 resources
[INFO] 
[INFO] --- maven-resources-plugin:2.5:copy-resources (copy-resources-127.0.0.1) @ titan-cassandra ---
[debug] execute contextualize
[INFO] Using 'UTF-8' encoding to copy filtered resources.
[INFO] Copying 7 resources
[INFO] 
[INFO] --- maven-compiler-plugin:2.5.1:testCompile (default-testCompile) @ titan-cassandra ---
[INFO] Nothing to compile - all classes are up to date
[INFO] 
[INFO] --- maven-surefire-plugin:2.12.1:test (default-test) @ titan-cassandra ---
[INFO] Surefire report directory: /home/travis/build/thinkaurelius/titan/titan-cassandra/target/surefire-reports

-------------------------------------------------------
 T E S T S
-------------------------------------------------------

-------------------------------------------------------
 T E S T S
-------------------------------------------------------
Running com.thinkaurelius.titan.tinkerpop.rexster.RexsterServerClientCassandraEmbeddedTest
Mar 29, 2013 7:49:03 AM org.glassfish.grizzly.servlet.WebappContext deploy
INFO: Starting application [jersey] ...
Mar 29, 2013 7:49:03 AM com.sun.jersey.server.impl.application.WebApplicationImpl _initiate
INFO: Initiating Jersey application, version 'Jersey: 1.17 01/17/2013 03:31 PM'
Mar 29, 2013 7:49:04 AM org.glassfish.grizzly.servlet.WebappContext initServlets
INFO: [jersey] Servlet [com.sun.jersey.spi.container.servlet.ServletContainer] registered for url pattern(s) [[/*]].
Mar 29, 2013 7:49:04 AM org.glassfish.grizzly.servlet.WebappContext deploy
INFO: Application [jersey] is ready to service requests.  Root: [].
Mar 29, 2013 7:49:04 AM org.glassfish.grizzly.http.server.NetworkListener start
INFO: Started listener bound to [0.0.0.0:8182]
Mar 29, 2013 7:49:04 AM org.glassfish.grizzly.http.server.HttpServer start
INFO: [HttpServer] Started.
Mar 29, 2013 7:49:05 AM org.glassfish.grizzly.http.server.NetworkListener stop
INFO: Stopped listener bound to [0.0.0.0:8182]
Tests run: 1, Failures: 0, Errors: 0, Skipped: 0, Time elapsed: 8.337 sec
Running com.thinkaurelius.titan.diskstorage.cassandra.thrift.InternalCassandraThriftMultiWriteKeyColumnValueStoreTest
Tests run: 2, Failures: 0, Errors: 0, Skipped: 0, Time elapsed: 27.456 sec
Running com.thinkaurelius.titan.diskstorage.cassandra.UUIDTest
Tests run: 1, Failures: 0, Errors: 0, Skipped: 0, Time elapsed: 0.386 sec
Running com.thinkaurelius.titan.diskstorage.cassandra.astyanax.InternalAstyanaxKeyColumnValueTest
Loading time (ms): 874
Reading time (ms): 7483
Tests run: 18, Failures: 0, Errors: 0, Skipped: 0, Time elapsed: 46.973 sec
Running com.thinkaurelius.titan.diskstorage.cassandra.embedded.InternalCassandraEmbeddedMultiWriteKeyColumnValueStoreTest
Tests run: 2, Failures: 0, Errors: 0, Skipped: 0, Time elapsed: 12.859 sec
Running com.thinkaurelius.titan.diskstorage.cassandra.embedded.InternalCassandraEmbeddedKeyColumnValueTest
Loading time (ms): 544
Reading time (ms): 7412
Tests run: 18, Failures: 0, Errors: 0, Skipped: 0, Time elapsed: 32.763 sec
Running com.thinkaurelius.titan.graphdb.embedded.InternalCassandraEmbeddedGraphTest
Tests run: 19, Failures: 0, Errors: 0, Skipped: 0, Time elapsed: 39.684 sec
Running com.thinkaurelius.titan.graphdb.thrift.InternalCassandraGraphTest
Tests run: 19, Failures: 0, Errors: 0, Skipped: 0, Time elapsed: 39.515 sec
Running com.thinkaurelius.titan.diskstorage.cassandra.astyanax.InternalAstyanaxMultiWriteKeyColumnValueTest
Tests run: 2, Failures: 0, Errors: 0, Skipped: 0, Time elapsed: 20.797 sec
Running com.thinkaurelius.titan.blueprints.EmbeddedCassandraBlueprintsTest
Testing testVertexEquality...
	titangraph[embeddedcassandra:null]: 1 vertex added and retrieved in 664.1998420000309ms
Testing testVertexEqualityForSuppliedIdsAndHashCode...
Testing testBasicAddVertex...
Testing testGetVertexWithNull...
Testing testRemoveVertex...
Testing testRemoveVertexWithEdges...
Testing testGetNonExistantVertices...
Testing testRemoveVertexNullId...
	titangraph[embeddedcassandra:null]: 100 vertices added in 7.8241520000156015ms
	titangraph[embeddedcassandra:null]: 100 vertices removed in 6.976823000004515ms
Testing testVertexIterator...
	titangraph[embeddedcassandra:null]: 1000 vertices added in 679.2731850000564ms
	titangraph[embeddedcassandra:null]: 1000 vertices counted in 3.342458999948576ms
Testing testLegalVertexEdgeIterables...
Testing testAddVertexProperties...
Testing testAddManyVertexProperties...
	titangraph[embeddedcassandra:null]: 750 vertex properties added (with vertices being added too) in 19698.535156999948ms
Testing testRemoveVertexProperties...
Testing testAddingIdProperty...
Testing testNoConcurrentModificationException...
Testing testGettingEdgesAndVertices...
Testing testEmptyKeyProperty...
Testing testVertexCentricLinking...
Testing testVertexCentricRemoving...
Testing testConcurrentModificationOnProperties...
Testing testSettingBadVertexProperties...
*** TOTAL TIME [VertexTestSuite]: 45384.73252099997 ***
Testing testNoConcurrentModificationException...
Testing testEmptyKeyProperty...
Testing testSettingBadVertexProperties...
Testing testEdgeEquality...
Testing testAddEdges...
	titangraph[embeddedcassandra:null]: 6 elements added and checked in 911.7302980000386ms
Testing testAddManyEdges...
	titangraph[embeddedcassandra:null]: 300 elements added in 3334.106829000055ms
	titangraph[embeddedcassandra:null]: 100 edges counted in 2.1505389999365434ms
	titangraph[embeddedcassandra:null]: 200 vertices counted in 0.9158570000436157ms
	titangraph[embeddedcassandra:null]: 200 vertices checked in 4.452816000091843ms
Testing testGetEdges...
	titangraph[embeddedcassandra:null]: 3 edges retrieved in 1.1335110000800341ms
Testing testGetNonExistantEdges...
Testing testRemoveManyEdges...
	titangraph[embeddedcassandra:null]: 20 vertices counted in 0.609480999992229ms
	titangraph[embeddedcassandra:null]: 10 edges counted in 0.5797059999313205ms
	titangraph[embeddedcassandra:null]: 10 edges removed and graph checked in 13.025482000084594ms
Testing testAddingDuplicateEdges...
Testing testRemoveEdgesByRemovingVertex...
Testing testRemoveEdges...
Testing testAddingSelfLoops...
Testing testRemoveSelfLoops...
Testing testEdgeIterator...
Testing testAddingRemovingEdgeProperties...
Testing testAddingLabelAndIdProperty...
Testing testEdgeCentricRemoving...
*** TOTAL TIME [EdgeTestSuite]: 25867.663736999966 ***
Testing testFeatureCompliance...
supportsDuplicateEdges: true
supportsSelfLoops: true
supportsSerializableObjectProperty: true
supportsBooleanProperty: true
supportsDoubleProperty: true
supportsFloatProperty: true
supportsIntegerProperty: true
supportsPrimitiveArrayProperty: true
supportsUniformListProperty: true
supportsMixedListProperty: true
supportsLongProperty: true
supportsMapProperty: true
supportsStringProperty: true
ignoresSuppliedIds: true
isPersistent: true
isRDFModel: false
isWrapper: false
supportsIndices: false
supportsVertexIndex: false
supportsEdgeIndex: false
supportsKeyIndices: true
supportsVertexKeyIndex: true
supportsEdgeKeyIndex: true
supportsEdgeIteration: true
supportsVertexIteration: true
supportsEdgeRetrieval: true
supportsVertexProperties: true
supportsEdgeProperties: true
supportsTransactions: true
supportsThreadedTransactions: true
Testing testEmptyOnConstruction...
Testing testStringRepresentationOfVertexId...
Testing testSemanticallyCorrectIterables...
Testing testGettingVerticesAndEdgesWithKeyValue...
Testing testAddingVerticesAndEdges...
Testing testSettingProperties...
Testing testSimpleRemovingVerticesEdges...
Testing testRemovingEdges...
	titangraph[embeddedcassandra:null]: 100 vertices added in 608.5311229999643ms
	titangraph[embeddedcassandra:null]: 200 edges added in 5150.83304399997ms
	titangraph[embeddedcassandra:null]: 200 edges deleted (with size check on each delete) in 309.6609330000356ms
Testing testRemovingVertices...
	titangraph[embeddedcassandra:null]: 500 vertices added in 620.0236589999404ms
	titangraph[embeddedcassandra:null]: 250 edges added in 6365.4729069999885ms
	titangraph[embeddedcassandra:null]: 500 vertices deleted (with size check on each delete) in 455.4136689999141ms
Testing testConnectivityPatterns...
Testing testVertexEdgeLabels...
Testing testVertexEdgeLabels2...
Testing testTreeConnectivity...
	titangraph[embeddedcassandra:null]: 1464 vertices added in a tree structure in 1070.2151340000564ms
	titangraph[embeddedcassandra:null]: 1464 vertices iterated in 1.9035160000203177ms
	titangraph[embeddedcassandra:null]: 1463 edges iterated in 9.401527000009082ms
Testing testConcurrentModification...
Testing testGraphDataPersists...
	titangraph[embeddedcassandra:null]: 1 graph loaded in 2.811718999990262ms
Testing testAutotypingOfProperties...
*** TOTAL TIME [GraphTestSuite]: 31294.219694999978 ***
Testing testGraphQueryForVertices...
Testing testGraphQueryForEdges...
Testing testVertexQuery...
*** TOTAL TIME [QueryTestSuite]: 5803.414129999932 ***
Testing testNoConcurrentModificationException...
Testing testGettingVerticesAndEdgesWithKeyValue...
Testing testAutoIndexKeyManagementWithPersistence...
	titangraph[embeddedcassandra:null]: 2 automatic index keys added in 605.116605999996ms
	titangraph[embeddedcassandra:null]: 2 automatic index keys added in 1.5833190000848845ms
Testing testKeyIndicesConsistentWithElementRemoval...
*** TOTAL TIME [KeyIndexableGraphTestSuite]: 4422.01937600004 ***
Testing testCompetingThreads...
Testing testTrue...
Testing testRepeatedTransactionStopException...
Testing testAutoStartTransaction...
Testing testTransactionsForVertices...
	titangraph[embeddedcassandra:null]: 1 vertex not added in failed transaction in 1.7202709999401122ms
	titangraph[embeddedcassandra:null]: 1 vertex added in successful transaction in 0.9260190000059083ms
Testing testBasicVertexEdgeTransactions...
Testing testBruteVertexTransactions...
	titangraph[embeddedcassandra:null]: 100 vertices added in 100 successful transactions in 632.4736529999645ms
	titangraph[embeddedcassandra:null]: 100 vertices not added in 100 failed transactions in 10.576431000023149ms
	titangraph[embeddedcassandra:null]: 100 vertices added in 1 successful transactions in 13.364100999897346ms
	titangraph[embeddedcassandra:null]: 100 vertices not added in 1 failed transactions in 15.135972999967635ms
Testing testTransactionsForEdges...
	titangraph[embeddedcassandra:null]: 1 edge not added in failed transaction (w/ iteration) in 305.48390400002245ms
	titangraph[embeddedcassandra:null]: 1 edge added in successful transaction (w/ iteration) in 104.7426540000597ms
Testing testBruteEdgeTransactions...
	titangraph[embeddedcassandra:null]: 100 edges added in 100 successful transactions (2 vertices added for each edge) in 1091.7408980000764ms
	titangraph[embeddedcassandra:null]: 100 edges not added in 100 failed transactions (2 vertices added for each edge) in 56.787933000014164ms
	titangraph[embeddedcassandra:null]: 100 edges added in 1 successful transactions (2 vertices added for each edge) in 42.707377999904566ms
	titangraph[embeddedcassandra:null]: 100 edges not added in 1 failed transactions (2 vertices added for each edge) in 57.95330300007481ms
Testing testPropertyTransactions...
	titangraph[embeddedcassandra:null]: 1 vertex added with string property in a successful transaction in 1010.4165580000263ms
	titangraph[embeddedcassandra:null]: 1 integer property not added in a failed transaction in 3.3667630000272766ms
	titangraph[embeddedcassandra:null]: 2 vertex properties checked in a successful transaction in 0.8237580000422895ms
	titangraph[embeddedcassandra:null]: 1 edge property added and checked in a successful transaction in 103.33876499999315ms
	titangraph[embeddedcassandra:null]: 1 edge property added and checked in a failed transaction in 0.633955999976024ms
Testing testIndexTransactions...
Testing testAutomaticSuccessfulTransactionOnShutdown...
Testing testVertexCountOnPreTransactionCommit...
Testing testBulkTransactionsOnEdges...
Testing testTransactionIsolationCommitCheck...
added vertex
reading vertex before tx
read vertex before tx
Testing testRemoveInTransaction...
*** TOTAL TIME [TransactionalTitanGraphTestSuite]: 16754.860666999943 ***
Testing testVertexReattachment...
*** TOTAL TIME [TitanSpecificBlueprintsTestSuite]: 1371.6507590000983 ***
Testing testReadingTinkerGraph...
Testing testTinkerGraphEdges...
	titangraph[embeddedcassandra:null]: graph-example-1 loaded in 1041.304433999816ms
Testing testTinkerGraphVertices...
	titangraph[embeddedcassandra:null]: graph-example-1 loaded in 1024.4618980002124ms
Testing testTinkerGraphSoftwareVertices...
	titangraph[embeddedcassandra:null]: graph-example-1 loaded in 1025.0314110000618ms
Testing testTinkerGraphVertexAndEdges...
	titangraph[embeddedcassandra:null]: graph-example-1 loaded in 1025.6692670001648ms
Testing testReadingTinkerGraphExample3...
Testing testReadingTinkerGraphExample3MappingLabels...
	titangraph[embeddedcassandra:null]: graph-example-3 loaded in 1029.8731210001279ms
Testing testReadingTinkerGraphExample3MappingIDs...
	titangraph[embeddedcassandra:null]: graph-example-3 loaded in 1027.595313000027ms
Testing testReadingTinkerGraphExample3MappingAll...
	titangraph[embeddedcassandra:null]: graph-example-3 loaded in 1025.6902360001113ms
Testing testMigratingTinkerGraphExample3...
Testing testAllGraphMLTypeCastsAndDataMappings...
*** TOTAL TIME [GraphMLReaderTestSuite]: 9564.516958999913 ***
Testing testReadingTinkerGraph...
Testing testTinkerGraphEdges...
	titangraph[embeddedcassandra:null]: graph-example-1 loaded in 1200.894204000011ms
Testing testTinkerGraphVertices...
	titangraph[embeddedcassandra:null]: graph-example-1 loaded in 1021.7788740000688ms
Testing testTinkerGraphSoftwareVertices...
	titangraph[embeddedcassandra:null]: graph-example-1 loaded in 1022.2077150000259ms
Testing testTinkerGraphVertexAndEdges...
	titangraph[embeddedcassandra:null]: graph-example-1 loaded in 1023.8388780001551ms
*** TOTAL TIME [GraphSONReaderTestSuite]: 5549.582031000173 ***
Testing testReadingTinkerGraph...
Testing testTinkerGraphEdges...
	titangraph[embeddedcassandra:null]: graph-example-1 loaded in 1023.3804049999453ms
Testing testTinkerGraphVertices...
	titangraph[embeddedcassandra:null]: graph-example-1 loaded in 1021.8824479999021ms
Testing testTinkerGraphSoftwareVertices...
	titangraph[embeddedcassandra:null]: graph-example-1 loaded in 1021.2778319998179ms
Testing testTinkerGraphVertexAndEdges...
	titangraph[embeddedcassandra:null]: graph-example-1 loaded in 1021.6464489998762ms
Testing testReadingTinkerGraphExample3...
Testing testReadingTinkerGraphExample3MappingLabels...
	titangraph[embeddedcassandra:null]: graph-example-3 loaded in 1025.252966ms
Testing testReadingTinkerGraphExample3MappingIDs...
	titangraph[embeddedcassandra:null]: graph-example-3 loaded in 1023.8426610000897ms
Testing testReadingTinkerGraphExample3MappingAll...
	titangraph[embeddedcassandra:null]: graph-example-3 loaded in 1025.3130510000046ms
Testing testMigratingTinkerGraphExample3...
*** TOTAL TIME [GMLReaderTestSuite]: 9397.926245999988 ***
Tests run: 10, Failures: 0, Errors: 0, Skipped: 0, Time elapsed: 155.461 sec
Running com.thinkaurelius.titan.diskstorage.cassandra.astyanax.InternalAstyanaxLockKeyColumnValueStoreTest
Tests run: 14, Failures: 0, Errors: 0, Skipped: 0, Time elapsed: 21.048 sec
Running com.thinkaurelius.titan.diskstorage.cassandra.embedded.InternalCassandraEmbeddedLockKeyColumnValueStoreTest
Tests run: 14, Failures: 0, Errors: 0, Skipped: 0, Time elapsed: 19.485 sec
Running com.thinkaurelius.titan.diskstorage.cassandra.thrift.InternalCassandraLockKeyColumnValueStoreTest
Tests run: 14, Failures: 0, Errors: 0, Skipped: 0, Time elapsed: 18.941 sec
Running com.thinkaurelius.titan.graphdb.astyanax.InternalAstyanaxGraphTest
Tests run: 19, Failures: 0, Errors: 0, Skipped: 0, Time elapsed: 40.61 sec
Running com.thinkaurelius.titan.diskstorage.cassandra.thrift.InternalCassandraThriftKeyColumnValueTest
Loading time (ms): 771
Reading time (ms): 9345
Tests run: 18, Failures: 0, Errors: 0, Skipped: 0, Time elapsed: 62.258 sec
Running com.thinkaurelius.titan.blueprints.InternalCassandraBlueprintsTest
Testing testVertexEquality...
	titangraph[cassandra:null]: 1 vertex added and retrieved in 691.7301409998909ms
Testing testVertexEqualityForSuppliedIdsAndHashCode...
Testing testBasicAddVertex...
Testing testGetVertexWithNull...
Testing testRemoveVertex...
Testing testRemoveVertexWithEdges...
Testing testGetNonExistantVertices...
Testing testRemoveVertexNullId...
	titangraph[cassandra:null]: 100 vertices added in 7.119715000037104ms
	titangraph[cassandra:null]: 100 vertices removed in 5.983631999930367ms
Testing testVertexIterator...
	titangraph[cassandra:null]: 1000 vertices added in 676.9326959999744ms
	titangraph[cassandra:null]: 1000 vertices counted in 3.8618710001464933ms
Testing testLegalVertexEdgeIterables...
Testing testAddVertexProperties...
Testing testAddManyVertexProperties...
	titangraph[cassandra:null]: 750 vertex properties added (with vertices being added too) in 19927.58710400015ms
Testing testRemoveVertexProperties...
Testing testAddingIdProperty...
Testing testNoConcurrentModificationException...
Testing testGettingEdgesAndVertices...
Testing testEmptyKeyProperty...
Testing testVertexCentricLinking...
Testing testVertexCentricRemoving...
Testing testConcurrentModificationOnProperties...
Testing testSettingBadVertexProperties...
*** TOTAL TIME [VertexTestSuite]: 51932.740017999895 ***
Testing testNoConcurrentModificationException...
Testing testEmptyKeyProperty...
Testing testSettingBadVertexProperties...
Testing testEdgeEquality...
Testing testAddEdges...
	titangraph[cassandra:null]: 6 elements added and checked in 916.5869380000513ms
Testing testAddManyEdges...
	titangraph[cassandra:null]: 300 elements added in 3353.3094120000023ms
	titangraph[cassandra:null]: 100 edges counted in 3.2265429999679327ms
	titangraph[cassandra:null]: 200 vertices counted in 1.4076100001111627ms
	titangraph[cassandra:null]: 200 vertices checked in 5.535938000073656ms
Testing testGetEdges...
	titangraph[cassandra:null]: 3 edges retrieved in 1.355589000042528ms
Testing testGetNonExistantEdges...
Testing testRemoveManyEdges...
	titangraph[cassandra:null]: 20 vertices counted in 1.3096630000509322ms
	titangraph[cassandra:null]: 10 edges counted in 1.5824559999164194ms
	titangraph[cassandra:null]: 10 edges removed and graph checked in 24.729831999866292ms
Testing testAddingDuplicateEdges...
Testing testRemoveEdgesByRemovingVertex...
Testing testRemoveEdges...
Testing testAddingSelfLoops...
Testing testRemoveSelfLoops...
Testing testEdgeIterator...
Testing testAddingRemovingEdgeProperties...
Testing testAddingLabelAndIdProperty...
Testing testEdgeCentricRemoving...
*** TOTAL TIME [EdgeTestSuite]: 31026.37599400012 ***
Testing testFeatureCompliance...
supportsDuplicateEdges: true
supportsSelfLoops: true
supportsSerializableObjectProperty: true
supportsBooleanProperty: true
supportsDoubleProperty: true
supportsFloatProperty: true
supportsIntegerProperty: true
supportsPrimitiveArrayProperty: true
supportsUniformListProperty: true
supportsMixedListProperty: true
supportsLongProperty: true
supportsMapProperty: true
supportsStringProperty: true
ignoresSuppliedIds: true
isPersistent: true
isRDFModel: false
isWrapper: false
supportsIndices: false
supportsVertexIndex: false
supportsEdgeIndex: false
supportsKeyIndices: true
supportsVertexKeyIndex: true
supportsEdgeKeyIndex: true
supportsEdgeIteration: true
supportsVertexIteration: true
supportsEdgeRetrieval: true
supportsVertexProperties: true
supportsEdgeProperties: true
supportsTransactions: true
supportsThreadedTransactions: true
Testing testEmptyOnConstruction...
Testing testStringRepresentationOfVertexId...
Testing testSemanticallyCorrectIterables...
Testing testGettingVerticesAndEdgesWithKeyValue...
Testing testAddingVerticesAndEdges...
Testing testSettingProperties...
Testing testSimpleRemovingVerticesEdges...
Testing testRemovingEdges...
	titangraph[cassandra:null]: 100 vertices added in 611.4770329999737ms
	titangraph[cassandra:null]: 200 edges added in 5183.290418000193ms
	titangraph[cassandra:null]: 200 edges deleted (with size check on each delete) in 461.28826799988747ms
Testing testRemovingVertices...
	titangraph[cassandra:null]: 500 vertices added in 624.9942799999844ms
	titangraph[cassandra:null]: 250 edges added in 6404.340467000147ms
	titangraph[cassandra:null]: 500 vertices deleted (with size check on each delete) in 836.6441369999666ms
Testing testConnectivityPatterns...
Testing testVertexEdgeLabels...
Testing testVertexEdgeLabels2...
Testing testTreeConnectivity...
	titangraph[cassandra:null]: 1464 vertices added in a tree structure in 1072.5296849999577ms
	titangraph[cassandra:null]: 1464 vertices iterated in 1.8290740000084043ms
	titangraph[cassandra:null]: 1463 edges iterated in 7.739469999913126ms
Testing testConcurrentModification...
Testing testGraphDataPersists...
	titangraph[cassandra:null]: 1 graph loaded in 11.102897000033408ms
Testing testAutotypingOfProperties...
*** TOTAL TIME [GraphTestSuite]: 33693.836239000084 ***
Testing testGraphQueryForVertices...
Testing testGraphQueryForEdges...
Testing testVertexQuery...
*** TOTAL TIME [QueryTestSuite]: 6044.884728999808 ***
Testing testNoConcurrentModificationException...
Testing testGettingVerticesAndEdgesWithKeyValue...
Testing testAutoIndexKeyManagementWithPersistence...
	titangraph[cassandra:null]: 2 automatic index keys added in 608.6514369999059ms
	titangraph[cassandra:null]: 2 automatic index keys added in 1.9097199998795986ms
Testing testKeyIndicesConsistentWithElementRemoval...
*** TOTAL TIME [KeyIndexableGraphTestSuite]: 4744.2689660000615 ***
Testing testCompetingThreads...
Testing testTrue...
Testing testRepeatedTransactionStopException...
Testing testAutoStartTransaction...
Testing testTransactionsForVertices...
	titangraph[cassandra:null]: 1 vertex not added in failed transaction in 1.8781119999475777ms
	titangraph[cassandra:null]: 1 vertex added in successful transaction in 1.1249400000087917ms
Testing testBasicVertexEdgeTransactions...
Testing testBruteVertexTransactions...
	titangraph[cassandra:null]: 100 vertices added in 100 successful transactions in 647.5531600001268ms
	titangraph[cassandra:null]: 100 vertices not added in 100 failed transactions in 11.180524999974295ms
	titangraph[cassandra:null]: 100 vertices added in 1 successful transactions in 21.088036000030115ms
	titangraph[cassandra:null]: 100 vertices not added in 1 failed transactions in 24.407107000006363ms
Testing testTransactionsForEdges...
	titangraph[cassandra:null]: 1 edge not added in failed transaction (w/ iteration) in 309.3037430001423ms
	titangraph[cassandra:null]: 1 edge added in successful transaction (w/ iteration) in 107.40015699993819ms
Testing testBruteEdgeTransactions...
	titangraph[cassandra:null]: 100 edges added in 100 successful transactions (2 vertices added for each edge) in 1139.7923520000186ms
	titangraph[cassandra:null]: 100 edges not added in 100 failed transactions (2 vertices added for each edge) in 72.02288500010036ms
	titangraph[cassandra:null]: 100 edges added in 1 successful transactions (2 vertices added for each edge) in 71.49077300005592ms
	titangraph[cassandra:null]: 100 edges not added in 1 failed transactions (2 vertices added for each edge) in 109.96089400001802ms
Testing testPropertyTransactions...
	titangraph[cassandra:null]: 1 vertex added with string property in a successful transaction in 1016.0939179998823ms
	titangraph[cassandra:null]: 1 integer property not added in a failed transaction in 5.0506700000260025ms
	titangraph[cassandra:null]: 2 vertex properties checked in a successful transaction in 1.7969229998998344ms
	titangraph[cassandra:null]: 1 edge property added and checked in a successful transaction in 106.70908399997279ms
	titangraph[cassandra:null]: 1 edge property added and checked in a failed transaction in 0.9658570000901818ms
Testing testIndexTransactions...
Testing testAutomaticSuccessfulTransactionOnShutdown...
Testing testVertexCountOnPreTransactionCommit...
Testing testBulkTransactionsOnEdges...
Testing testTransactionIsolationCommitCheck...
added vertex
reading vertex before tx
read vertex before tx
Testing testRemoveInTransaction...
*** TOTAL TIME [TransactionalTitanGraphTestSuite]: 19354.863143000053 ***
Testing testVertexReattachment...
*** TOTAL TIME [TitanSpecificBlueprintsTestSuite]: 1897.0722680001054 ***
Testing testReadingTinkerGraph...
Testing testTinkerGraphEdges...
	titangraph[cassandra:null]: graph-example-1 loaded in 1054.538092999952ms
Testing testTinkerGraphVertices...
	titangraph[cassandra:null]: graph-example-1 loaded in 1036.1350420000963ms
Testing testTinkerGraphSoftwareVertices...
	titangraph[cassandra:null]: graph-example-1 loaded in 1033.803672999842ms
Testing testTinkerGraphVertexAndEdges...
	titangraph[cassandra:null]: graph-example-1 loaded in 1032.266330000013ms
Testing testReadingTinkerGraphExample3...
Testing testReadingTinkerGraphExample3MappingLabels...
	titangraph[cassandra:null]: graph-example-3 loaded in 1035.752600000007ms
Testing testReadingTinkerGraphExample3MappingIDs...
	titangraph[cassandra:null]: graph-example-3 loaded in 1042.7294310000725ms
Testing testReadingTinkerGraphExample3MappingAll...
	titangraph[cassandra:null]: graph-example-3 loaded in 1033.4863509999122ms
Testing testMigratingTinkerGraphExample3...
Testing testAllGraphMLTypeCastsAndDataMappings...
*** TOTAL TIME [GraphMLReaderTestSuite]: 11155.38256300008 ***
Testing testReadingTinkerGraph...
Testing testTinkerGraphEdges...
	titangraph[cassandra:null]: graph-example-1 loaded in 1211.2890699999407ms
Testing testTinkerGraphVertices...
	titangraph[cassandra:null]: graph-example-1 loaded in 1032.0115759999026ms
Testing testTinkerGraphSoftwareVertices...
	titangraph[cassandra:null]: graph-example-1 loaded in 1029.5905079999939ms
Testing testTinkerGraphVertexAndEdges...
	titangraph[cassandra:null]: graph-example-1 loaded in 1035.7076080001425ms
*** TOTAL TIME [GraphSONReaderTestSuite]: 6161.415254000109 ***
Testing testReadingTinkerGraph...
Testing testTinkerGraphEdges...
	titangraph[cassandra:null]: graph-example-1 loaded in 1058.0718099998776ms
Testing testTinkerGraphVertices...
	titangraph[cassandra:null]: graph-example-1 loaded in 1029.4830710000824ms
Testing testTinkerGraphSoftwareVertices...
	titangraph[cassandra:null]: graph-example-1 loaded in 1029.894762000069ms
Testing testTinkerGraphVertexAndEdges...
	titangraph[cassandra:null]: graph-example-1 loaded in 1027.5078100000974ms
Testing testReadingTinkerGraphExample3...
Testing testReadingTinkerGraphExample3MappingLabels...
	titangraph[cassandra:null]: graph-example-3 loaded in 1033.471871000016ms
Testing testReadingTinkerGraphExample3MappingIDs...
	titangraph[cassandra:null]: graph-example-3 loaded in 1031.3916710000485ms
Testing testReadingTinkerGraphExample3MappingAll...
	titangraph[cassandra:null]: graph-example-3 loaded in 1026.8451350000687ms
Testing testMigratingTinkerGraphExample3...
*** TOTAL TIME [GMLReaderTestSuite]: 15820.076830999926 ***
Tests run: 10, Failures: 0, Errors: 0, Skipped: 0, Time elapsed: 181.885 sec

Results :

Tests run: 181, Failures: 0, Errors: 0, Skipped: 0

[INFO]                                                                         
[INFO] ------------------------------------------------------------------------
[INFO] Building Titan-HBase: Distributed Graph Database 0.3.0-SNAPSHOT
[INFO] ------------------------------------------------------------------------
[INFO] 
[INFO] --- maven-enforcer-plugin:1.0:enforce (enforce-maven) @ titan-hbase ---
[INFO] 
[INFO] --- maven-resources-plugin:2.3:resources (default-resources) @ titan-hbase ---
[INFO] Using 'UTF-8' encoding to copy filtered resources.
[INFO] Copying 2 resources
[INFO] 
[INFO] --- maven-compiler-plugin:2.5.1:compile (default-compile) @ titan-hbase ---
[INFO] Nothing to compile - all classes are up to date
[INFO] 
[INFO] --- maven-resources-plugin:2.3:testResources (default-testResources) @ titan-hbase ---
[INFO] Using 'UTF-8' encoding to copy filtered resources.
[INFO] Copying 2 resources
[INFO] 
[INFO] --- maven-compiler-plugin:2.5.1:testCompile (default-testCompile) @ titan-hbase ---
[INFO] Nothing to compile - all classes are up to date
[INFO] 
[INFO] --- maven-dependency-plugin:2.7:copy-dependencies (default) @ titan-hbase ---
[INFO] grizzly-http-2.2.16.jar already exists in destination.
[INFO] oro-2.0.8.jar already exists in destination.
[INFO] pfl-tf-1.0.0-b001.jar already exists in destination.
[INFO] stax-api-1.0.1.jar already exists in destination.
[INFO] commons-net-1.4.1.jar already exists in destination.
[INFO] json-simple-1.1.jar already exists in destination.
[INFO] metrics-core-2.1.2.jar already exists in destination.
[INFO] pfl-basic-tools-1.0.0-b001.jar already exists in destination.
[INFO] concurrent-1.3.4.jar already exists in destination.
[INFO] pipes-2.3.0.jar already exists in destination.
[INFO] httpcore-4.1.3.jar already exists in destination.
[INFO] hadoop-core-1.0.3.jar already exists in destination.
[INFO] gremlin-groovy-2.3.0.jar already exists in destination.
[INFO] groovy-1.8.9.jar already exists in destination.
[INFO] jline-0.9.94.jar already exists in destination.
[INFO] commons-beanutils-1.7.0.jar already exists in destination.
[INFO] jackson-datatype-json-org-2.1.2.jar already exists in destination.
[INFO] commons-httpclient-3.1.jar already exists in destination.
[INFO] javax.servlet-api-3.0.1.jar already exists in destination.
[INFO] asm-commons-3.2.jar already exists in destination.
[INFO] colt-1.2.0.jar already exists in destination.
[INFO] commons-cli-1.2.jar already exists in destination.
[INFO] jersey-client-1.17.jar already exists in destination.
[INFO] jersey-servlet-1.17.jar already exists in destination.
[INFO] jasper-compiler-5.5.23.jar already exists in destination.
[INFO] jackson-annotations-2.1.1.jar already exists in destination.
[INFO] log4j-1.2.16.jar already exists in destination.
[INFO] jamon-runtime-2.3.1.jar already exists in destination.
[INFO] rexster-protocol-2.3.0.jar already exists in destination.
[INFO] minlog-1.2.jar already exists in destination.
[INFO] jackson-xc-1.8.8.jar already exists in destination.
[INFO] kfs-0.3.jar already exists in destination.
[INFO] jackson-core-asl-1.8.8.jar already exists in destination.
[INFO] libthrift-0.8.0.jar already exists in destination.
[INFO] grizzly-http-servlet-2.2.16.jar already exists in destination.
[INFO] hppc-0.4.2.jar already exists in destination.
[INFO] commons-math-2.2.jar already exists in destination.
[INFO] jaxb-api-2.1.jar already exists in destination.
[INFO] jettison-1.3.3.jar already exists in destination.
[INFO] slf4j-api-1.6.1.jar already exists in destination.
[INFO] guava-13.0.1.jar already exists in destination.
[INFO] grizzly-framework-2.2.16.jar already exists in destination.
[INFO] jaxb-impl-2.2.3-1.jar already exists in destination.
[INFO] jersey-core-1.8.jar already exists in destination.
[INFO] commons-el-1.0.jar already exists in destination.
[INFO] asm-3.1.jar already exists in destination.
[INFO] asm-analysis-3.2.jar already exists in destination.
[INFO] gremlin-java-2.3.0.jar already exists in destination.
[INFO] mockito-all-1.8.1.jar already exists in destination.
[INFO] core-3.1.1.jar already exists in destination.
[INFO] jackson-databind-2.1.2.jar already exists in destination.
[INFO] asm-tree-3.2.jar already exists in destination.
[INFO] hbase-0.94.1.jar already exists in destination.
[INFO] commons-logging-1.1.1.jar already exists in destination.
[INFO] kryo-2.21.jar already exists in destination.
[INFO] httpclient-4.1.2.jar already exists in destination.
[INFO] commons-codec-1.7.jar already exists in destination.
[INFO] spatial4j-0.3.jar already exists in destination.
[INFO] protobuf-java-2.4.0a.jar already exists in destination.
[INFO] jersey-grizzly2-1.17.jar already exists in destination.
[INFO] reflectasm-1.07-shaded.jar already exists in destination.
[INFO] jsp-2.1-6.1.14.jar already exists in destination.
[INFO] grizzly-portunif-2.2.16.jar already exists in destination.
[INFO] gmbal-3.2.0-b003.jar already exists in destination.
[INFO] jackson-mapper-asl-1.8.8.jar already exists in destination.
[INFO] jetty-util-6.1.26.jar already exists in destination.
[INFO] objenesis-1.2.jar already exists in destination.
[INFO] jersey-server-1.8.jar already exists in destination.
[INFO] commons-digester-1.8.jar already exists in destination.
[INFO] activation-1.1.jar already exists in destination.
[INFO] commons-lang-2.5.jar already exists in destination.
[INFO] xmlenc-0.52.jar already exists in destination.
[INFO] jets3t-0.7.1.jar already exists in destination.
[INFO] antlr-2.7.7.jar already exists in destination.
[INFO] commons-beanutils-core-1.8.0.jar already exists in destination.
[INFO] grizzly-rcm-2.2.16.jar already exists in destination.
[INFO] asm-util-3.2.jar already exists in destination.
[INFO] pfl-tf-tools-1.0.0-b001.jar already exists in destination.
[INFO] rexster-server-2.3.0.jar already exists in destination.
[INFO] blueprints-test-2.3.0.jar already exists in destination.
[INFO] hsqldb-1.8.0.10.jar already exists in destination.
[INFO] grizzly-core-2.2.16.jar already exists in destination.
[INFO] grizzly-http-server-2.2.16.jar already exists in destination.
[INFO] jsr305-1.3.9.jar already exists in destination.
[INFO] junit-4.8.1.jar already exists in destination.
[INFO] jackson-core-2.1.2.jar already exists in destination.
[INFO] servlet-api-2.5-6.1.14.jar already exists in destination.
[INFO] rexster-core-2.3.0.jar already exists in destination.
[INFO] blueprints-core-2.3.0.jar already exists in destination.
[INFO] classes already exists in destination.
[INFO] jsp-api-2.1-6.1.14.jar already exists in destination.
[INFO] netty-3.2.4.Final.jar already exists in destination.
[INFO] jansi-1.5.jar already exists in destination.
[INFO] zookeeper-3.4.3.jar already exists in destination.
[INFO] commons-collections-3.2.1.jar already exists in destination.
[INFO] json-20090211.jar already exists in destination.
[INFO] commons-io-2.0.1.jar already exists in destination.
[INFO] commons-configuration-1.6.jar already exists in destination.
[INFO] management-api-3.0.0-b012.jar already exists in destination.
[INFO] slf4j-log4j12-1.6.1.jar already exists in destination.
[INFO] jersey-json-1.8.jar already exists in destination.
[INFO] msgpack-0.6.5.jar already exists in destination.
[INFO] jasper-runtime-5.5.23.jar already exists in destination.
[INFO] jackson-jaxrs-1.8.8.jar already exists in destination.
[INFO] avro-ipc-1.5.3.jar already exists in destination.
[INFO] javassist-3.15.0-GA.jar already exists in destination.
[INFO] pfl-basic-1.0.0-b001.jar already exists in destination.
[INFO] jetty-6.1.26.jar already exists in destination.
[INFO] pfl-asm-1.0.0-b001.jar already exists in destination.
[INFO] classes already exists in destination.
[INFO] asm-4.0.jar already exists in destination.
[INFO] high-scale-lib-1.1.1.jar already exists in destination.
[INFO] velocity-1.7.jar already exists in destination.
[INFO] 
[INFO] --- maven-surefire-plugin:2.12.1:test (default-test) @ titan-hbase ---
[INFO] Surefire report directory: /home/travis/build/thinkaurelius/titan/titan-hbase/target/surefire-reports

-------------------------------------------------------
 T E S T S
-------------------------------------------------------
Running com.thinkaurelius.titan.diskstorage.hbase.HBaseLockKeyColumnValueStoreTest
Deleteing old test directories (if any).
Tests run: 14, Failures: 0, Errors: 0, Skipped: 0, Time elapsed: 44.943 sec
Running com.thinkaurelius.titan.diskstorage.hbase.HBaseKeyColumnValueTest
Loading time (ms): 1180
Reading time (ms): 2904
Tests run: 17, Failures: 0, Errors: 0, Skipped: 0, Time elapsed: 87.159 sec
Running com.thinkaurelius.titan.blueprints.HBaseBlueprintsTest
Testing testVertexEquality...
	titangraph[hbase:null]: 1 vertex added and retrieved in 659.4948539999314ms
Testing testVertexEqualityForSuppliedIdsAndHashCode...
Testing testBasicAddVertex...
Testing testGetVertexWithNull...
Testing testRemoveVertex...
Testing testRemoveVertexWithEdges...
Testing testGetNonExistantVertices...
Testing testRemoveVertexNullId...
	titangraph[hbase:null]: 100 vertices added in 7.7617470000404865ms
	titangraph[hbase:null]: 100 vertices removed in 7.59653600002639ms
Testing testVertexIterator...
	titangraph[hbase:null]: 1000 vertices added in 688.5582439999562ms
	titangraph[hbase:null]: 1000 vertices counted in 3.737146000145003ms
Testing testLegalVertexEdgeIterables...
Testing testAddVertexProperties...
Testing testAddManyVertexProperties...
	titangraph[hbase:null]: 750 vertex properties added (with vertices being added too) in 19746.45682900003ms
Testing testRemoveVertexProperties...
Testing testAddingIdProperty...
Testing testNoConcurrentModificationException...
Testing testGettingEdgesAndVertices...
Testing testEmptyKeyProperty...
Testing testVertexCentricLinking...
Testing testVertexCentricRemoving...
Testing testConcurrentModificationOnProperties...
Testing testSettingBadVertexProperties...
*** TOTAL TIME [VertexTestSuite]: 78114.96201799996 ***
Testing testNoConcurrentModificationException...
Testing testEmptyKeyProperty...
Testing testSettingBadVertexProperties...
Testing testEdgeEquality...
Testing testAddEdges...
	titangraph[hbase:null]: 6 elements added and checked in 917.6335779998917ms
Testing testAddManyEdges...
	titangraph[hbase:null]: 300 elements added in 3355.075499000028ms
	titangraph[hbase:null]: 100 edges counted in 18.893890999956056ms
	titangraph[hbase:null]: 200 vertices counted in 19.409759000176564ms
	titangraph[hbase:null]: 200 vertices checked in 19.635058999992907ms
Testing testGetEdges...
	titangraph[hbase:null]: 3 edges retrieved in 1.2274199998937547ms
Testing testGetNonExistantEdges...
Testing testRemoveManyEdges...
	titangraph[hbase:null]: 20 vertices counted in 22.64797499985434ms
	titangraph[hbase:null]: 10 edges counted in 17.876215000171214ms
	titangraph[hbase:null]: 10 edges removed and graph checked in 341.80845599994063ms
Testing testAddingDuplicateEdges...
Testing testRemoveEdgesByRemovingVertex...
Testing testRemoveEdges...
Testing testAddingSelfLoops...
Testing testRemoveSelfLoops...
Testing testEdgeIterator...
Testing testAddingRemovingEdgeProperties...
Testing testAddingLabelAndIdProperty...
Testing testEdgeCentricRemoving...
*** TOTAL TIME [EdgeTestSuite]: 28619.985944999848 ***
Testing testFeatureCompliance...
supportsDuplicateEdges: true
supportsSelfLoops: true
supportsSerializableObjectProperty: true
supportsBooleanProperty: true
supportsDoubleProperty: true
supportsFloatProperty: true
supportsIntegerProperty: true
supportsPrimitiveArrayProperty: true
supportsUniformListProperty: true
supportsMixedListProperty: true
supportsLongProperty: true
supportsMapProperty: true
supportsStringProperty: true
ignoresSuppliedIds: true
isPersistent: true
isRDFModel: false
isWrapper: false
supportsIndices: false
supportsVertexIndex: false
supportsEdgeIndex: false
supportsKeyIndices: true
supportsVertexKeyIndex: true
supportsEdgeKeyIndex: true
supportsEdgeIteration: true
supportsVertexIteration: true
supportsEdgeRetrieval: true
supportsVertexProperties: true
supportsEdgeProperties: true
supportsTransactions: true
supportsThreadedTransactions: true
Testing testEmptyOnConstruction...
Testing testStringRepresentationOfVertexId...
Testing testSemanticallyCorrectIterables...
Testing testGettingVerticesAndEdgesWithKeyValue...
Testing testAddingVerticesAndEdges...
Testing testSettingProperties...
Testing testSimpleRemovingVerticesEdges...
Testing testRemovingEdges...
	titangraph[hbase:null]: 100 vertices added in 611.5756730001885ms
	titangraph[hbase:null]: 200 edges added in 5185.106395999901ms
	titangraph[hbase:null]: 200 edges deleted (with size check on each delete) in 7363.181798999896ms
Testing testRemovingVertices...
	titangraph[hbase:null]: 500 vertices added in 629.4689479998779ms
	titangraph[hbase:null]: 250 edges added in 6418.802408999996ms
	titangraph[hbase:null]: 500 vertices deleted (with size check on each delete) in 14422.658000000054ms
Testing testConnectivityPatterns...
Testing testVertexEdgeLabels...
Testing testVertexEdgeLabels2...
Testing testTreeConnectivity...
	titangraph[hbase:null]: 1464 vertices added in a tree structure in 1092.421980000101ms
	titangraph[hbase:null]: 1464 vertices iterated in 24.25607299990952ms
	titangraph[hbase:null]: 1463 edges iterated in 33.94439099985175ms
Testing testConcurrentModification...
Testing testGraphDataPersists...
	titangraph[hbase:null]: 1 graph loaded in 82.65271500009112ms
Testing testAutotypingOfProperties...
*** TOTAL TIME [GraphTestSuite]: 57657.35340499994 ***
Testing testGraphQueryForVertices...
Testing testGraphQueryForEdges...
Testing testVertexQuery...
*** TOTAL TIME [QueryTestSuite]: 7668.515353000024 ***
Testing testNoConcurrentModificationException...
Testing testGettingVerticesAndEdgesWithKeyValue...
Testing testAutoIndexKeyManagementWithPersistence...
	titangraph[hbase:null]: 2 automatic index keys added in 612.7541680000722ms
	titangraph[hbase:null]: 2 automatic index keys added in 1.800148000009358ms
Testing testKeyIndicesConsistentWithElementRemoval...
*** TOTAL TIME [KeyIndexableGraphTestSuite]: 6342.5370639998 ***
Testing testCompetingThreads...
Testing testTrue...
Testing testRepeatedTransactionStopException...
Testing testAutoStartTransaction...
Testing testTransactionsForVertices...
	titangraph[hbase:null]: 1 vertex not added in failed transaction in 70.9213489999529ms
	titangraph[hbase:null]: 1 vertex added in successful transaction in 39.373591999989ms
Testing testBasicVertexEdgeTransactions...
Testing testBruteVertexTransactions...
	titangraph[hbase:null]: 100 vertices added in 100 successful transactions in 841.5605780000333ms
	titangraph[hbase:null]: 100 vertices not added in 100 failed transactions in 9.50473599997349ms
	titangraph[hbase:null]: 100 vertices added in 1 successful transactions in 76.71381100011058ms
	titangraph[hbase:null]: 100 vertices not added in 1 failed transactions in 94.89081799983978ms
Testing testTransactionsForEdges...
	titangraph[hbase:null]: 1 edge not added in failed transaction (w/ iteration) in 388.5032829998527ms
	titangraph[hbase:null]: 1 edge added in successful transaction (w/ iteration) in 183.6436270000413ms
Testing testBruteEdgeTransactions...
	titangraph[hbase:null]: 100 edges added in 100 successful transactions (2 vertices added for each edge) in 1329.9482730000746ms
	titangraph[hbase:null]: 100 edges not added in 100 failed transactions (2 vertices added for each edge) in 65.25118499994278ms
	titangraph[hbase:null]: 100 edges added in 1 successful transactions (2 vertices added for each edge) in 192.13140600011684ms
	titangraph[hbase:null]: 100 edges not added in 1 failed transactions (2 vertices added for each edge) in 274.8472400000319ms
Testing testPropertyTransactions...
	titangraph[hbase:null]: 1 vertex added with string property in a successful transaction in 1022.8337479999755ms
	titangraph[hbase:null]: 1 integer property not added in a failed transaction in 4.455969000002369ms
	titangraph[hbase:null]: 2 vertex properties checked in a successful transaction in 2.3417209999170154ms
	titangraph[hbase:null]: 1 edge property added and checked in a successful transaction in 109.64665000000969ms
	titangraph[hbase:null]: 1 edge property added and checked in a failed transaction in 0.7041740000713617ms
Testing testIndexTransactions...
Testing testAutomaticSuccessfulTransactionOnShutdown...
Testing testVertexCountOnPreTransactionCommit...
Testing testBulkTransactionsOnEdges...
Testing testTransactionIsolationCommitCheck...
added vertex
reading vertex before tx
read vertex before tx
Testing testRemoveInTransaction...
*** TOTAL TIME [TransactionalTitanGraphTestSuite]: 24351.62916900008 ***
Testing testVertexReattachment...
*** TOTAL TIME [TitanSpecificBlueprintsTestSuite]: 1799.3039240001235 ***
Testing testReadingTinkerGraph...
Testing testTinkerGraphEdges...
	titangraph[hbase:null]: graph-example-1 loaded in 1048.5968059999868ms
Testing testTinkerGraphVertices...
	titangraph[hbase:null]: graph-example-1 loaded in 1041.968528999947ms
Testing testTinkerGraphSoftwareVertices...
	titangraph[hbase:null]: graph-example-1 loaded in 1040.7245579999872ms
Testing testTinkerGraphVertexAndEdges...
	titangraph[hbase:null]: graph-example-1 loaded in 1038.773425999796ms
Testing testReadingTinkerGraphExample3...
Testing testReadingTinkerGraphExample3MappingLabels...
	titangraph[hbase:null]: graph-example-3 loaded in 1041.4410840000492ms
Testing testReadingTinkerGraphExample3MappingIDs...
	titangraph[hbase:null]: graph-example-3 loaded in 1041.645330999978ms
Testing testReadingTinkerGraphExample3MappingAll...
	titangraph[hbase:null]: graph-example-3 loaded in 1039.4728709999472ms
Testing testMigratingTinkerGraphExample3...
Testing testAllGraphMLTypeCastsAndDataMappings...
*** TOTAL TIME [GraphMLReaderTestSuite]: 12394.741378000006 ***
Testing testReadingTinkerGraph...
Testing testTinkerGraphEdges...
	titangraph[hbase:null]: graph-example-1 loaded in 1212.5535190000664ms
Testing testTinkerGraphVertices...
	titangraph[hbase:null]: graph-example-1 loaded in 1043.5889950001147ms
Testing testTinkerGraphSoftwareVertices...
	titangraph[hbase:null]: graph-example-1 loaded in 1040.9622299999464ms
Testing testTinkerGraphVertexAndEdges...
	titangraph[hbase:null]: graph-example-1 loaded in 1036.6320829999167ms
*** TOTAL TIME [GraphSONReaderTestSuite]: 6953.978788999841 ***
Testing testReadingTinkerGraph...
Testing testTinkerGraphEdges...
	titangraph[hbase:null]: graph-example-1 loaded in 1037.0617029999848ms
Testing testTinkerGraphVertices...
	titangraph[hbase:null]: graph-example-1 loaded in 1038.1458569997922ms
Testing testTinkerGraphSoftwareVertices...
	titangraph[hbase:null]: graph-example-1 loaded in 1037.6747449999675ms
Testing testTinkerGraphVertexAndEdges...
	titangraph[hbase:null]: graph-example-1 loaded in 1039.560462999856ms
Testing testReadingTinkerGraphExample3...
Testing testReadingTinkerGraphExample3MappingLabels...
	titangraph[hbase:null]: graph-example-3 loaded in 1038.9652529999148ms
Testing testReadingTinkerGraphExample3MappingIDs...
	titangraph[hbase:null]: graph-example-3 loaded in 1040.161969000008ms
Testing testReadingTinkerGraphExample3MappingAll...
	titangraph[hbase:null]: graph-example-3 loaded in 1040.5250590001233ms
Testing testMigratingTinkerGraphExample3...
*** TOTAL TIME [GMLReaderTestSuite]: 12080.96643000003 ***
Tests run: 10, Failures: 0, Errors: 0, Skipped: 0, Time elapsed: 235.999 sec
Running com.thinkaurelius.titan.diskstorage.hbase.HBaseMultiWriteKeyColumnValueStoreTest
Tests run: 2, Failures: 0, Errors: 0, Skipped: 0, Time elapsed: 36.276 sec
Running com.thinkaurelius.titan.graphdb.hbase.HBaseGraphTest
Tests run: 19, Failures: 0, Errors: 0, Skipped: 0, Time elapsed: 55.911 sec
All done. Shutting done HBase.

Results :

Tests run: 62, Failures: 0, Errors: 0, Skipped: 0

[INFO]                                                                         
[INFO] ------------------------------------------------------------------------
[INFO] Building Titan-ElasticSearch: Distributed Indexing Support 0.3.0-SNAPSHOT
[INFO] ------------------------------------------------------------------------
[INFO] 
[INFO] --- maven-enforcer-plugin:1.0:enforce (enforce-maven) @ titan-es ---
[INFO] 
[INFO] --- maven-resources-plugin:2.3:resources (default-resources) @ titan-es ---
[INFO] Using 'UTF-8' encoding to copy filtered resources.
[INFO] skip non existing resourceDirectory /home/travis/build/thinkaurelius/titan/titan-es/src/main/resources
[INFO] 
[INFO] --- maven-compiler-plugin:2.5.1:compile (default-compile) @ titan-es ---
[INFO] Nothing to compile - all classes are up to date
[INFO] 
[INFO] --- maven-resources-plugin:2.3:testResources (default-testResources) @ titan-es ---
[INFO] Using 'UTF-8' encoding to copy filtered resources.
[INFO] Copying 1 resource
[INFO] 
[INFO] --- maven-compiler-plugin:2.5.1:testCompile (default-testCompile) @ titan-es ---
[INFO] Nothing to compile - all classes are up to date
[INFO] 
[INFO] --- maven-surefire-plugin:2.12.1:test (default-test) @ titan-es ---
[INFO] Surefire report directory: /home/travis/build/thinkaurelius/titan/titan-es/target/surefire-reports

-------------------------------------------------------
 T E S T S
-------------------------------------------------------
Running com.thinkaurelius.titan.diskstorage.es.ElasticSearchIndexTest
61 vs 73.867869045
Query time on 30000 docs (ms): 174
Tests run: 5, Failures: 0, Errors: 0, Skipped: 0, Time elapsed: 20.135 sec
Running com.thinkaurelius.titan.diskstorage.es.ElasticSearchBerkeleyDBTest
Tests run: 2, Failures: 0, Errors: 0, Skipped: 0, Time elapsed: 6.619 sec

Results :

Tests run: 7, Failures: 0, Errors: 0, Skipped: 0

[INFO]                                                                         
[INFO] ------------------------------------------------------------------------
[INFO] Building Titan-Lucene: Indexing Support 0.3.0-SNAPSHOT
[INFO] ------------------------------------------------------------------------
[INFO] 
[INFO] --- maven-enforcer-plugin:1.0:enforce (enforce-maven) @ titan-lucene ---
[INFO] 
[INFO] --- maven-resources-plugin:2.3:resources (default-resources) @ titan-lucene ---
[INFO] Using 'UTF-8' encoding to copy filtered resources.
[INFO] skip non existing resourceDirectory /home/travis/build/thinkaurelius/titan/titan-lucene/src/main/resources
[INFO] 
[INFO] --- maven-compiler-plugin:2.5.1:compile (default-compile) @ titan-lucene ---
[INFO] Nothing to compile - all classes are up to date
[INFO] 
[INFO] --- maven-resources-plugin:2.3:testResources (default-testResources) @ titan-lucene ---
[INFO] Using 'UTF-8' encoding to copy filtered resources.
[INFO] Copying 1 resource
[INFO] 
[INFO] --- maven-compiler-plugin:2.5.1:testCompile (default-testCompile) @ titan-lucene ---
[INFO] Nothing to compile - all classes are up to date
[INFO] 
[INFO] --- maven-surefire-plugin:2.12.1:test (default-test) @ titan-lucene ---
[INFO] Surefire report directory: /home/travis/build/thinkaurelius/titan/titan-lucene/target/surefire-reports

-------------------------------------------------------
 T E S T S
-------------------------------------------------------
Running com.thinkaurelius.titan.diskstorage.lucene.LuceneIndexTest
66 vs 73.867869045
Query time on 30000 docs (ms): 203
Tests run: 5, Failures: 0, Errors: 0, Skipped: 0, Time elapsed: 9.277 sec
Running com.thinkaurelius.titan.diskstorage.lucene.LuceneBerkeleyDBTest
Tests run: 2, Failures: 0, Errors: 0, Skipped: 0, Time elapsed: 2.778 sec

Results :

Tests run: 7, Failures: 0, Errors: 0, Skipped: 0

[INFO]                                                                         
[INFO] ------------------------------------------------------------------------
[INFO] Building Titan-All: Complete Titan Distribution 0.3.0-SNAPSHOT
[INFO] ------------------------------------------------------------------------
[INFO] 
[INFO] --- maven-enforcer-plugin:1.0:enforce (enforce-maven) @ titan-all ---
[INFO] 
[INFO] --- maven-resources-plugin:2.3:resources (default-resources) @ titan-all ---
[INFO] Using 'UTF-8' encoding to copy filtered resources.
[INFO] Copying 1 resource
[INFO] 
[INFO] --- maven-compiler-plugin:2.5.1:compile (default-compile) @ titan-all ---
[INFO] No sources to compile
[INFO] 
[INFO] --- maven-resources-plugin:2.3:testResources (default-testResources) @ titan-all ---
[INFO] Using 'UTF-8' encoding to copy filtered resources.
[INFO] skip non existing resourceDirectory /home/travis/build/thinkaurelius/titan/titan-all/src/test/resources
[INFO] 
[INFO] --- maven-compiler-plugin:2.5.1:testCompile (default-testCompile) @ titan-all ---
[INFO] No sources to compile
[INFO] 
[INFO] --- maven-surefire-plugin:2.11:test (default-test) @ titan-all ---
[INFO] No tests to run.
[INFO] Surefire report directory: /home/travis/build/thinkaurelius/titan/titan-all/target/surefire-reports

-------------------------------------------------------
 T E S T S
-------------------------------------------------------

Results :

Tests run: 0, Failures: 0, Errors: 0, Skipped: 0

[INFO] ------------------------------------------------------------------------
[INFO] Reactor Summary:
[INFO] 
[INFO] Titan: Distributed Graph Database ................. SUCCESS [2.993s]
[INFO] Titan-Core: Core Library for Titan ................ SUCCESS [3.498s]
[INFO] Titan-Test: Test Suite for Titan .................. SUCCESS [1:00.555s]
[INFO] Titan-BerkeleyJE: Distributed Graph Database ...... SUCCESS [47.827s]
[INFO] Titan-Cassandra: Distributed Graph Database ....... SUCCESS [12:35.918s]
[INFO] Titan-HBase: Distributed Graph Database ........... SUCCESS [7:42.012s]
[INFO] Titan-ElasticSearch: Distributed Indexing Support . SUCCESS [27.234s]
[INFO] Titan-Lucene: Indexing Support .................... SUCCESS [12.496s]
[INFO] Titan-All: Complete Titan Distribution ............ SUCCESS [0.416s]
[INFO] ------------------------------------------------------------------------
[INFO] BUILD SUCCESS
[INFO] ------------------------------------------------------------------------
[INFO] Total time: 22:53.762s
[INFO] Finished at: Fri Mar 29 08:09:54 UTC 2013
[INFO] Final Memory: 17M/90M
[INFO] ------------------------------------------------------------------------

The command "mvn test" exited with 0.

Done. Your build exited with 0.
