Using worker: bluebox-linux-2.worker.travis-ci.org:travis-linux-16

travis_fold:start:git.1$ git clone --depth=50 --branch=master git://github.com/thinkaurelius/titan.git thinkaurelius/titan
Cloning into 'thinkaurelius/titan'...
remote: Counting objects: 3452, done.[K
remote: Compressing objects:   0% (1/1591)   [Kremote: Compressing objects:   1% (16/1591)   [Kremote: Compressing objects:   2% (32/1591)   [Kremote: Compressing objects:   3% (48/1591)   [Kremote: Compressing objects:   4% (64/1591)   [Kremote: Compressing objects:   5% (80/1591)   [Kremote: Compressing objects:   6% (96/1591)   [Kremote: Compressing objects:   7% (112/1591)   [Kremote: Compressing objects:   8% (128/1591)   [Kremote: Compressing objects:   9% (144/1591)   [Kremote: Compressing objects:  10% (160/1591)   [Kremote: Compressing objects:  11% (176/1591)   [Kremote: Compressing objects:  12% (191/1591)   [Kremote: Compressing objects:  13% (207/1591)   [Kremote: Compressing objects:  14% (223/1591)   [Kremote: Compressing objects:  15% (239/1591)   [Kremote: Compressing objects:  16% (255/1591)   [Kremote: Compressing objects:  17% (271/1591)   [Kremote: Compressing objects:  18% (287/1591)   [Kremote: Compressing objects:  19% (303/1591)   [Kremote: Compressing objects:  20% (319/1591)   [Kremote: Compressing objects:  21% (335/1591)   [Kremote: Compressing objects:  22% (351/1591)   [Kremote: Compressing objects:  23% (366/1591)   [Kremote: Compressing objects:  24% (382/1591)   [Kremote: Compressing objects:  25% (398/1591)   [Kremote: Compressing objects:  26% (414/1591)   [Kremote: Compressing objects:  27% (430/1591)   [Kremote: Compressing objects:  28% (446/1591)   [Kremote: Compressing objects:  29% (462/1591)   [Kremote: Compressing objects:  30% (478/1591)   [Kremote: Compressing objects:  31% (494/1591)   [Kremote: Compressing objects:  32% (510/1591)   [Kremote: Compressing objects:  33% (526/1591)   [Kremote: Compressing objects:  34% (541/1591)   [Kremote: Compressing objects:  35% (557/1591)   [Kremote: Compressing objects:  36% (573/1591)   [Kremote: Compressing objects:  37% (589/1591)   [Kremote: Compressing objects:  38% (605/1591)   [Kremote: Compressing objects:  39% (621/1591)   [Kremote: Compressing objects:  40% (637/1591)   [Kremote: Compressing objects:  41% (653/1591)   [Kremote: Compressing objects:  42% (669/1591)   [Kremote: Compressing objects:  43% (685/1591)   [Kremote: Compressing objects:  44% (701/1591)   [Kremote: Compressing objects:  45% (716/1591)   [Kremote: Compressing objects:  46% (732/1591)   [Kremote: Compressing objects:  47% (748/1591)   [Kremote: Compressing objects:  48% (764/1591)   [Kremote: Compressing objects:  49% (780/1591)   [Kremote: Compressing objects:  50% (796/1591)   [Kremote: Compressing objects:  51% (812/1591)   [Kremote: Compressing objects:  52% (828/1591)   [Kremote: Compressing objects:  53% (844/1591)   [Kremote: Compressing objects:  54% (860/1591)   [Kremote: Compressing objects:  55% (876/1591)   [Kremote: Compressing objects:  56% (891/1591)   [Kremote: Compressing objects:  57% (907/1591)   [Kremote: Compressing objects:  58% (923/1591)   [Kremote: Compressing objects:  59% (939/1591)   [Kremote: Compressing objects:  60% (955/1591)   [Kremote: Compressing objects:  61% (971/1591)   [Kremote: Compressing objects:  62% (987/1591)   [Kremote: Compressing objects:  63% (1003/1591)   [Kremote: Compressing objects:  64% (1019/1591)   [Kremote: Compressing objects:  65% (1035/1591)   [Kremote: Compressing objects:  66% (1051/1591)   [Kremote: Compressing objects:  67% (1066/1591)   [Kremote: Compressing objects:  68% (1082/1591)   [Kremote: Compressing objects:  69% (1098/1591)   [Kremote: Compressing objects:  70% (1114/1591)   [Kremote: Compressing objects:  71% (1130/1591)   [Kremote: Compressing objects:  72% (1146/1591)   [Kremote: Compressing objects:  73% (1162/1591)   [Kremote: Compressing objects:  74% (1178/1591)   [Kremote: Compressing objects:  75% (1194/1591)   [Kremote: Compressing objects:  76% (1210/1591)   [Kremote: Compressing objects:  77% (1226/1591)   [Kremote: Compressing objects:  78% (1241/1591)   [Kremote: Compressing objects:  79% (1257/1591)   [Kremote: Compressing objects:  80% (1273/1591)   [Kremote: Compressing objects:  81% (1289/1591)   [Kremote: Compressing objects:  82% (1305/1591)   [Kremote: Compressing objects:  83% (1321/1591)   [Kremote: Compressing objects:  84% (1337/1591)   [Kremote: Compressing objects:  85% (1353/1591)   [Kremote: Compressing objects:  86% (1369/1591)   [Kremote: Compressing objects:  87% (1385/1591)   [Kremote: Compressing objects:  88% (1401/1591)   [Kremote: Compressing objects:  89% (1416/1591)   [Kremote: Compressing objects:  90% (1432/1591)   [Kremote: Compressing objects:  91% (1448/1591)   [Kremote: Compressing objects:  92% (1464/1591)   [Kremote: Compressing objects:  93% (1480/1591)   [Kremote: Compressing objects:  94% (1496/1591)   [Kremote: Compressing objects:  95% (1512/1591)   [Kremote: Compressing objects:  96% (1528/1591)   [Kremote: Compressing objects:  97% (1544/1591)   [Kremote: Compressing objects:  98% (1560/1591)   [Kremote: Compressing objects:  99% (1576/1591)   [Kremote: Compressing objects: 100% (1591/1591)   [Kremote: Compressing objects: 100% (1591/1591), done.[K
Receiving objects:   0% (1/3452)   Receiving objects:   1% (35/3452)   Receiving objects:   2% (70/3452)   Receiving objects:   3% (104/3452)   Receiving objects:   4% (139/3452)   Receiving objects:   5% (173/3452)   Receiving objects:   6% (208/3452)   Receiving objects:   7% (242/3452)   Receiving objects:   8% (277/3452)   Receiving objects:   9% (311/3452)   Receiving objects:  10% (346/3452)   Receiving objects:  11% (380/3452)   Receiving objects:  12% (415/3452)   Receiving objects:  13% (449/3452)   Receiving objects:  14% (484/3452)   Receiving objects:  15% (518/3452)   Receiving objects:  16% (553/3452)   Receiving objects:  17% (587/3452), 3.29 MiB | 5.59 MiB/s   Receiving objects:  18% (622/3452), 3.29 MiB | 5.59 MiB/s   Receiving objects:  19% (656/3452), 3.29 MiB | 5.59 MiB/s   Receiving objects:  20% (691/3452), 3.29 MiB | 5.59 MiB/s   Receiving objects:  21% (725/3452), 3.29 MiB | 5.59 MiB/s   Receiving objects:  22% (760/3452), 3.29 MiB | 5.59 MiB/s   Receiving objects:  23% (794/3452), 3.29 MiB | 5.59 MiB/s   Receiving objects:  24% (829/3452), 3.29 MiB | 5.59 MiB/s   Receiving objects:  25% (863/3452), 3.29 MiB | 5.59 MiB/s   Receiving objects:  26% (898/3452), 3.29 MiB | 5.59 MiB/s   Receiving objects:  27% (933/3452), 3.29 MiB | 5.59 MiB/s   Receiving objects:  28% (967/3452), 3.29 MiB | 5.59 MiB/s   Receiving objects:  29% (1002/3452), 3.29 MiB | 5.59 MiB/s   Receiving objects:  30% (1036/3452), 3.29 MiB | 5.59 MiB/s   Receiving objects:  31% (1071/3452), 3.29 MiB | 5.59 MiB/s   Receiving objects:  32% (1105/3452), 3.29 MiB | 5.59 MiB/s   Receiving objects:  33% (1140/3452), 3.29 MiB | 5.59 MiB/s   Receiving objects:  34% (1174/3452), 3.29 MiB | 5.59 MiB/s   Receiving objects:  35% (1209/3452), 3.29 MiB | 5.59 MiB/s   Receiving objects:  36% (1243/3452), 3.29 MiB | 5.59 MiB/s   Receiving objects:  37% (1278/3452), 3.29 MiB | 5.59 MiB/s   Receiving objects:  38% (1312/3452), 3.29 MiB | 5.59 MiB/s   Receiving objects:  39% (1347/3452), 3.29 MiB | 5.59 MiB/s   Receiving objects:  40% (1381/3452), 3.29 MiB | 5.59 MiB/s   Receiving objects:  41% (1416/3452), 3.29 MiB | 5.59 MiB/s   Receiving objects:  42% (1450/3452), 3.29 MiB | 5.59 MiB/s   Receiving objects:  43% (1485/3452), 3.29 MiB | 5.59 MiB/s   Receiving objects:  44% (1519/3452), 3.29 MiB | 5.59 MiB/s   Receiving objects:  45% (1554/3452), 3.29 MiB | 5.59 MiB/s   Receiving objects:  46% (1588/3452), 3.29 MiB | 5.59 MiB/s   Receiving objects:  47% (1623/3452), 3.29 MiB | 5.59 MiB/s   Receiving objects:  48% (1657/3452), 3.29 MiB | 5.59 MiB/s   Receiving objects:  49% (1692/3452), 3.29 MiB | 5.59 MiB/s   Receiving objects:  50% (1726/3452), 3.29 MiB | 5.59 MiB/s   Receiving objects:  51% (1761/3452), 3.29 MiB | 5.59 MiB/s   Receiving objects:  52% (1796/3452), 3.29 MiB | 5.59 MiB/s   Receiving objects:  53% (1830/3452), 3.29 MiB | 5.59 MiB/s   Receiving objects:  54% (1865/3452), 3.29 MiB | 5.59 MiB/s   Receiving objects:  55% (1899/3452), 3.29 MiB | 5.59 MiB/s   Receiving objects:  56% (1934/3452), 3.29 MiB | 5.59 MiB/s   Receiving objects:  57% (1968/3452), 3.29 MiB | 5.59 MiB/s   Receiving objects:  58% (2003/3452), 3.29 MiB | 5.59 MiB/s   Receiving objects:  59% (2037/3452), 3.29 MiB | 5.59 MiB/s   Receiving objects:  60% (2072/3452), 3.29 MiB | 5.59 MiB/s   Receiving objects:  61% (2106/3452), 3.29 MiB | 5.59 MiB/s   Receiving objects:  62% (2141/3452), 3.29 MiB | 5.59 MiB/s   Receiving objects:  63% (2175/3452), 3.29 MiB | 5.59 MiB/s   Receiving objects:  64% (2210/3452), 3.29 MiB | 5.59 MiB/s   Receiving objects:  65% (2244/3452), 3.29 MiB | 5.59 MiB/s   Receiving objects:  66% (2279/3452), 3.29 MiB | 5.59 MiB/s   Receiving objects:  67% (2313/3452), 3.29 MiB | 5.59 MiB/s   Receiving objects:  68% (2348/3452), 3.29 MiB | 5.59 MiB/s   Receiving objects:  69% (2382/3452), 3.29 MiB | 5.59 MiB/s   Receiving objects:  70% (2417/3452), 3.29 MiB | 5.59 MiB/s   Receiving objects:  71% (2451/3452), 3.29 MiB | 5.59 MiB/s   Receiving objects:  72% (2486/3452), 3.29 MiB | 5.59 MiB/s   Receiving objects:  73% (2520/3452), 3.29 MiB | 5.59 MiB/s   Receiving objects:  74% (2555/3452), 3.29 MiB | 5.59 MiB/s   Receiving objects:  75% (2589/3452), 3.29 MiB | 5.59 MiB/s   Receiving objects:  76% (2624/3452), 3.29 MiB | 5.59 MiB/s   Receiving objects:  77% (2659/3452), 3.29 MiB | 5.59 MiB/s   Receiving objects:  78% (2693/3452), 3.29 MiB | 5.59 MiB/s   Receiving objects:  79% (2728/3452), 3.29 MiB | 5.59 MiB/s   Receiving objects:  80% (2762/3452), 3.29 MiB | 5.59 MiB/s   remote: Total 3452 (delta 1317), reused 3022 (delta 1042)[K
Receiving objects:  81% (2797/3452), 3.29 MiB | 5.59 MiB/s   Receiving objects:  82% (2831/3452), 3.29 MiB | 5.59 MiB/s   Receiving objects:  83% (2866/3452), 3.29 MiB | 5.59 MiB/s   Receiving objects:  84% (2900/3452), 3.29 MiB | 5.59 MiB/s   Receiving objects:  85% (2935/3452), 3.29 MiB | 5.59 MiB/s   Receiving objects:  86% (2969/3452), 3.29 MiB | 5.59 MiB/s   Receiving objects:  87% (3004/3452), 3.29 MiB | 5.59 MiB/s   Receiving objects:  88% (3038/3452), 3.29 MiB | 5.59 MiB/s   Receiving objects:  89% (3073/3452), 3.29 MiB | 5.59 MiB/s   Receiving objects:  90% (3107/3452), 3.29 MiB | 5.59 MiB/s   Receiving objects:  91% (3142/3452), 3.29 MiB | 5.59 MiB/s   Receiving objects:  92% (3176/3452), 3.29 MiB | 5.59 MiB/s   Receiving objects:  93% (3211/3452), 3.29 MiB | 5.59 MiB/s   Receiving objects:  94% (3245/3452), 3.29 MiB | 5.59 MiB/s   Receiving objects:  95% (3280/3452), 3.29 MiB | 5.59 MiB/s   Receiving objects:  96% (3314/3452), 3.29 MiB | 5.59 MiB/s   Receiving objects:  97% (3349/3452), 3.29 MiB | 5.59 MiB/s   Receiving objects:  98% (3383/3452), 3.29 MiB | 5.59 MiB/s   Receiving objects:  99% (3418/3452), 3.29 MiB | 5.59 MiB/s   Receiving objects: 100% (3452/3452), 3.29 MiB | 5.59 MiB/s   Receiving objects: 100% (3452/3452), 4.12 MiB | 5.59 MiB/s, done.
Resolving deltas:   0% (0/1317)   Resolving deltas:   1% (18/1317)   Resolving deltas:   2% (28/1317)   Resolving deltas:   3% (40/1317)   Resolving deltas:   4% (65/1317)   Resolving deltas:   5% (69/1317)   Resolving deltas:   6% (82/1317)   Resolving deltas:   7% (93/1317)   Resolving deltas:   8% (110/1317)   Resolving deltas:  10% (139/1317)   Resolving deltas:  11% (147/1317)   Resolving deltas:  12% (165/1317)   Resolving deltas:  13% (175/1317)   Resolving deltas:  14% (195/1317)   Resolving deltas:  15% (206/1317)   Resolving deltas:  16% (211/1317)   Resolving deltas:  17% (230/1317)   Resolving deltas:  18% (247/1317)   Resolving deltas:  19% (251/1317)   Resolving deltas:  20% (266/1317)   Resolving deltas:  21% (287/1317)   Resolving deltas:  22% (298/1317)   Resolving deltas:  23% (303/1317)   Resolving deltas:  24% (323/1317)   Resolving deltas:  25% (336/1317)   Resolving deltas:  26% (354/1317)   Resolving deltas:  27% (358/1317)   Resolving deltas:  28% (371/1317)   Resolving deltas:  29% (387/1317)   Resolving deltas:  30% (402/1317)   Resolving deltas:  31% (409/1317)   Resolving deltas:  32% (422/1317)   Resolving deltas:  33% (435/1317)   Resolving deltas:  34% (450/1317)   Resolving deltas:  35% (468/1317)   Resolving deltas:  36% (475/1317)   Resolving deltas:  37% (488/1317)   Resolving deltas:  38% (501/1317)   Resolving deltas:  39% (514/1317)   Resolving deltas:  40% (532/1317)   Resolving deltas:  41% (540/1317)   Resolving deltas:  42% (559/1317)   Resolving deltas:  43% (569/1317)   Resolving deltas:  44% (586/1317)   Resolving deltas:  45% (593/1317)   Resolving deltas:  46% (608/1317)   Resolving deltas:  47% (628/1317)   Resolving deltas:  48% (634/1317)   Resolving deltas:  49% (646/1317)   Resolving deltas:  50% (659/1317)   Resolving deltas:  51% (672/1317)   Resolving deltas:  52% (689/1317)   Resolving deltas:  53% (699/1317)   Resolving deltas:  54% (712/1317)   Resolving deltas:  55% (726/1317)   Resolving deltas:  56% (738/1317)   Resolving deltas:  57% (752/1317)   Resolving deltas:  58% (764/1317)   Resolving deltas:  59% (778/1317)   Resolving deltas:  60% (791/1317)   Resolving deltas:  61% (805/1317)   Resolving deltas:  62% (825/1317)   Resolving deltas:  63% (836/1317)   Resolving deltas:  64% (845/1317)   Resolving deltas:  65% (858/1317)   Resolving deltas:  66% (873/1317)   Resolving deltas:  67% (885/1317)   Resolving deltas:  68% (896/1317)   Resolving deltas:  69% (909/1317)   Resolving deltas:  70% (935/1317)   Resolving deltas:  71% (936/1317)   Resolving deltas:  72% (961/1317)   Resolving deltas:  73% (963/1317)   Resolving deltas:  74% (977/1317)   Resolving deltas:  75% (993/1317)   Resolving deltas:  76% (1002/1317)   Resolving deltas:  77% (1020/1317)   Resolving deltas:  78% (1030/1317)   Resolving deltas:  79% (1041/1317)   Resolving deltas:  80% (1054/1317)   Resolving deltas:  81% (1077/1317)   Resolving deltas:  82% (1083/1317)   Resolving deltas:  83% (1095/1317)   Resolving deltas:  84% (1107/1317)   Resolving deltas:  85% (1121/1317)   Resolving deltas:  86% (1134/1317)   Resolving deltas:  87% (1147/1317)   Resolving deltas:  88% (1161/1317)   Resolving deltas:  89% (1173/1317)   Resolving deltas:  90% (1187/1317)   Resolving deltas:  91% (1200/1317)   Resolving deltas:  92% (1216/1317)   Resolving deltas:  93% (1233/1317)   Resolving deltas:  94% (1239/1317)   Resolving deltas:  95% (1256/1317)   Resolving deltas:  96% (1268/1317)   Resolving deltas:  97% (1278/1317)   Resolving deltas:  98% (1293/1317)   Resolving deltas:  99% (1306/1317)   Resolving deltas: 100% (1317/1317)   Resolving deltas: 100% (1317/1317), done.
travis_fold:end:git.1$ cd thinkaurelius/titan
travis_fold:start:git.2$ git checkout -qf 7ba4b426c78b7bb68fbb74b6dc77f0fb9405cac5
travis_fold:end:git.2$ jdk_switcher use openjdk6
Switching to OpenJDK6 (java-1.6.0-openjdk-amd64), JAVA_HOME will be set to /usr/lib/jvm/java-6-openjdk-amd64
update-alternatives: error: no alternatives for apt.
update-alternatives: error: no alternatives for mozilla-javaplugin.so.
update-java-alternatives: plugin alternative does not exist: /usr/lib/jvm/java-6-openjdk-amd64/jre/lib/amd64/IcedTeaPlugin.so
$ java -version
java version "1.6.0_27"
OpenJDK Runtime Environment (IcedTea6 1.12.3) (6b27-1.12.3-0ubuntu1~12.04.1)
OpenJDK 64-Bit Server VM (build 20.0-b12, mixed mode)
$ javac -version
javac 1.6.0_27
travis_fold:start:install$ mvn install --quiet -DskipTests=true
[debug] execute contextualize
[debug] execute contextualize
[debug] execute contextualize
travis_fold:end:install$ mvn test
[INFO] Scanning for projects...
[INFO] ------------------------------------------------------------------------
[INFO] Reactor Build Order:
[INFO] 
[INFO] Titan: Distributed Graph Database
[INFO] Titan-Core: Core Library for Titan
[INFO] Titan-Test: Test Suite for Titan
[INFO] Titan-ElasticSearch: Distributed Indexing Support
[INFO] Titan-BerkeleyJE: Distributed Graph Database
[INFO] Titan-Cassandra: Distributed Graph Database
[INFO] Titan-HBase: Distributed Graph Database
[INFO] Titan-Lucene: Indexing Support
[INFO] Titan-All: Complete Titan Distribution
[INFO]                                                                         
[INFO] ------------------------------------------------------------------------
[INFO] Building Titan: Distributed Graph Database 0.4.0-SNAPSHOT
[INFO] ------------------------------------------------------------------------
[INFO] 
[INFO] --- maven-enforcer-plugin:1.0:enforce (enforce-maven) @ titan ---
[INFO]                                                                         
[INFO] ------------------------------------------------------------------------
[INFO] Building Titan-Core: Core Library for Titan 0.4.0-SNAPSHOT
[INFO] ------------------------------------------------------------------------
[INFO] 
[INFO] --- maven-enforcer-plugin:1.0:enforce (enforce-maven) @ titan-core ---
[INFO] 
[INFO] --- maven-resources-plugin:2.3:resources (default-resources) @ titan-core ---
[INFO] Using 'UTF-8' encoding to copy filtered resources.
[INFO] skip non existing resourceDirectory /home/travis/build/thinkaurelius/titan/titan-core/src/main/resources
[INFO] 
[INFO] --- maven-compiler-plugin:2.5.1:compile (default-compile) @ titan-core ---
[INFO] Nothing to compile - all classes are up to date
[INFO] 
[INFO] --- maven-resources-plugin:2.3:testResources (default-testResources) @ titan-core ---
[INFO] Using 'UTF-8' encoding to copy filtered resources.
[INFO] skip non existing resourceDirectory /home/travis/build/thinkaurelius/titan/titan-core/src/test/resources
[INFO] 
[INFO] --- maven-compiler-plugin:2.5.1:testCompile (default-testCompile) @ titan-core ---
[INFO] No sources to compile
[INFO] 
[INFO] --- maven-surefire-plugin:2.11:test (default-test) @ titan-core ---
[INFO] No tests to run.
[INFO] Surefire report directory: /home/travis/build/thinkaurelius/titan/titan-core/target/surefire-reports
Downloading: http://maven.mirrors.travis-ci.org/nexus/content/repositories/central/org/apache/maven/surefire/surefire-junit3/2.11/surefire-junit3-2.11.pom
2/2 KB            Downloaded: http://maven.mirrors.travis-ci.org/nexus/content/repositories/central/org/apache/maven/surefire/surefire-junit3/2.11/surefire-junit3-2.11.pom (2 KB at 2.8 KB/sec)
Downloading: http://maven.mirrors.travis-ci.org/nexus/content/repositories/central/org/apache/maven/surefire/surefire-providers/2.11/surefire-providers-2.11.pom
3/3 KB            Downloaded: http://maven.mirrors.travis-ci.org/nexus/content/repositories/central/org/apache/maven/surefire/surefire-providers/2.11/surefire-providers-2.11.pom (3 KB at 7.4 KB/sec)
Downloading: http://maven.mirrors.travis-ci.org/nexus/content/repositories/central/org/apache/maven/surefire/surefire-junit3/2.11/surefire-junit3-2.11.jar
4/26 KB   8/26 KB   9/26 KB   13/26 KB   17/26 KB   21/26 KB   24/26 KB   26/26 KB              Downloaded: http://maven.mirrors.travis-ci.org/nexus/content/repositories/central/org/apache/maven/surefire/surefire-junit3/2.11/surefire-junit3-2.11.jar (26 KB at 48.6 KB/sec)

-------------------------------------------------------
 T E S T S
-------------------------------------------------------

Results :

Tests run: 0, Failures: 0, Errors: 0, Skipped: 0

[INFO]                                                                         
[INFO] ------------------------------------------------------------------------
[INFO] Building Titan-Test: Test Suite for Titan 0.4.0-SNAPSHOT
[INFO] ------------------------------------------------------------------------
[INFO] 
[INFO] --- maven-enforcer-plugin:1.0:enforce (enforce-maven) @ titan-test ---
[INFO] 
[INFO] --- maven-resources-plugin:2.3:resources (default-resources) @ titan-test ---
[INFO] Using 'UTF-8' encoding to copy filtered resources.
[INFO] Copying 1 resource
[INFO] 
[INFO] --- maven-compiler-plugin:2.5.1:compile (default-compile) @ titan-test ---
[INFO] Nothing to compile - all classes are up to date
[INFO] 
[INFO] --- maven-resources-plugin:2.3:testResources (default-testResources) @ titan-test ---
[INFO] Using 'UTF-8' encoding to copy filtered resources.
[INFO] Copying 2 resources
[INFO] 
[INFO] --- maven-compiler-plugin:2.5.1:testCompile (default-testCompile) @ titan-test ---
[INFO] Nothing to compile - all classes are up to date
[INFO] 
[INFO] --- maven-surefire-plugin:2.12.1:test (default-test) @ titan-test ---
[INFO] Surefire report directory: /home/travis/build/thinkaurelius/titan/titan-test/target/surefire-reports
Downloading: http://maven.mirrors.travis-ci.org/nexus/content/repositories/central/org/apache/maven/surefire/surefire-junit4/2.12.1/surefire-junit4-2.12.1.pom
3/3 KB              Downloaded: http://maven.mirrors.travis-ci.org/nexus/content/repositories/central/org/apache/maven/surefire/surefire-junit4/2.12.1/surefire-junit4-2.12.1.pom (3 KB at 7.3 KB/sec)
Downloading: http://maven.mirrors.travis-ci.org/nexus/content/repositories/central/org/apache/maven/surefire/surefire-providers/2.12.1/surefire-providers-2.12.1.pom
3/3 KB            Downloaded: http://maven.mirrors.travis-ci.org/nexus/content/repositories/central/org/apache/maven/surefire/surefire-providers/2.12.1/surefire-providers-2.12.1.pom (3 KB at 7.6 KB/sec)
Downloading: http://maven.mirrors.travis-ci.org/nexus/content/repositories/central/org/apache/maven/surefire/surefire-junit4/2.12.1/surefire-junit4-2.12.1.jar
4/34 KB   8/34 KB   9/34 KB   13/34 KB   17/34 KB   21/34 KB   23/34 KB   24/34 KB   28/34 KB   32/34 KB   34/34 KB              Downloaded: http://maven.mirrors.travis-ci.org/nexus/content/repositories/central/org/apache/maven/surefire/surefire-junit4/2.12.1/surefire-junit4-2.12.1.jar (34 KB at 64.6 KB/sec)

-------------------------------------------------------
 T E S T S
-------------------------------------------------------
Running com.thinkaurelius.titan.diskstorage.util.StorageFeaturesTest
Tests run: 1, Failures: 0, Errors: 0, Skipped: 0, Time elapsed: 0.055 sec
Running com.thinkaurelius.titan.graphdb.serializer.SerializerTest
Tests run: 9, Failures: 0, Errors: 0, Skipped: 0, Time elapsed: 2.538 sec
Running com.thinkaurelius.titan.graphdb.serializer.KryoTest
Tests run: 5, Failures: 0, Errors: 0, Skipped: 0, Time elapsed: 0.009 sec
Running com.thinkaurelius.titan.tinkerpop.rexster.TitanGraphConfigurationTest
Tests run: 1, Failures: 0, Errors: 0, Skipped: 0, Time elapsed: 0.109 sec
Running com.thinkaurelius.titan.graphdb.idmanagement.IDManagementTest
Tests run: 3, Failures: 0, Errors: 0, Skipped: 0, Time elapsed: 1.479 sec
Running com.thinkaurelius.titan.graphdb.idmanagement.IDPoolTest
Tests run: 3, Failures: 0, Errors: 0, Skipped: 0, Time elapsed: 1.073 sec
Running com.thinkaurelius.titan.util.datastructures.BitMapTest
Tests run: 1, Failures: 0, Errors: 0, Skipped: 0, Time elapsed: 0.001 sec
Running com.thinkaurelius.titan.graphdb.inmemory.InMemoryGraphTest
Tests run: 19, Failures: 0, Errors: 0, Skipped: 0, Time elapsed: 24.608 sec
Running com.thinkaurelius.titan.diskstorage.inmemory.inMemoryLockKeyColumnValueStoreTest
Tests run: 14, Failures: 0, Errors: 0, Skipped: 0, Time elapsed: 5.75 sec
Running com.thinkaurelius.titan.tinkerpop.gremlin.ScriptExecutorTest
Tests run: 1, Failures: 0, Errors: 0, Skipped: 0, Time elapsed: 0.004 sec
Running com.thinkaurelius.titan.diskstorage.util.ByteBufferUtilTest
Tests run: 1, Failures: 0, Errors: 0, Skipped: 0, Time elapsed: 0.021 sec
Running com.thinkaurelius.titan.diskstorage.inmemory.InMemoryKeyColumnValueStoreTest
Loading time (ms): 700
Reading time (ms): 116
Tests run: 17, Failures: 0, Errors: 0, Skipped: 0, Time elapsed: 2.646 sec
Running com.thinkaurelius.titan.graphdb.idmanagement.VariableLongTest
Writing 10000000 longs in 65567319 bytes. in time: 2820
Writing 1000000 longs in 2983488 bytes. in time: 150
Tests run: 5, Failures: 0, Errors: 0, Skipped: 0, Time elapsed: 3.753 sec
Running com.thinkaurelius.titan.util.datastructures.RandomRemovalListTest
Tests run: 3, Failures: 0, Errors: 0, Skipped: 0, Time elapsed: 0.927 sec
Running com.thinkaurelius.titan.graphdb.serializer.ByteBufferTest
Tests run: 3, Failures: 0, Errors: 0, Skipped: 0, Time elapsed: 0.208 sec
Running com.thinkaurelius.titan.util.datastructures.ImmutableLongObjectMapTest
Tests run: 3, Failures: 0, Errors: 0, Skipped: 0, Time elapsed: 1.054 sec
Running com.thinkaurelius.titan.util.LongEncodingTest
Time to de/encode 1000000 longs (in ms): 1077
Tests run: 1, Failures: 0, Errors: 0, Skipped: 0, Time elapsed: 1.076 sec
Running com.thinkaurelius.titan.graphdb.attribute.GeoshapeTest
circle[10.0,12.5]:100.0
box[[20.0,22.5],[40.5,60.5]]
Tests run: 3, Failures: 0, Errors: 0, Skipped: 0, Time elapsed: 0.018 sec
Running com.thinkaurelius.titan.diskstorage.locking.LocalLockMediatorTest
Tests run: 1, Failures: 0, Errors: 0, Skipped: 0, Time elapsed: 0.135 sec
Running com.thinkaurelius.titan.graphdb.idmanagement.VertexIDAssignerTest
Partition: false
partitionMax: 2147483647
localPartition: null
Partition: true
partitionMax: 2147483647
localPartition: null
Partition: true
partitionMax: 2147483647
localPartition: [0, 2000]
Partition: true
partitionMax: 2147483647
localPartition: [-100000, -1]
Partition: true
partitionMax: 2147483647
localPartition: [-10000, 10000]
Partition: true
partitionMax: 100
localPartition: null
Partition: true
partitionMax: 100
localPartition: [0, 2000]
Partition: true
partitionMax: 100
localPartition: [-100000, -1]
Partition: true
partitionMax: 100
localPartition: [-10000, 10000]
Tests run: 9, Failures: 0, Errors: 0, Skipped: 0, Time elapsed: 10.871 sec

Results :

Tests run: 103, Failures: 0, Errors: 0, Skipped: 0

[INFO]                                                                         
[INFO] ------------------------------------------------------------------------
[INFO] Building Titan-ElasticSearch: Distributed Indexing Support 0.4.0-SNAPSHOT
[INFO] ------------------------------------------------------------------------
[INFO] 
[INFO] --- maven-enforcer-plugin:1.0:enforce (enforce-maven) @ titan-es ---
[INFO] 
[INFO] --- maven-resources-plugin:2.3:resources (default-resources) @ titan-es ---
[INFO] Using 'UTF-8' encoding to copy filtered resources.
[INFO] skip non existing resourceDirectory /home/travis/build/thinkaurelius/titan/titan-es/src/main/resources
[INFO] 
[INFO] --- maven-compiler-plugin:2.5.1:compile (default-compile) @ titan-es ---
[INFO] Nothing to compile - all classes are up to date
[INFO] 
[INFO] --- maven-resources-plugin:2.3:testResources (default-testResources) @ titan-es ---
[INFO] Using 'UTF-8' encoding to copy filtered resources.
[INFO] Copying 1 resource
[INFO] 
[INFO] --- maven-compiler-plugin:2.5.1:testCompile (default-testCompile) @ titan-es ---
[INFO] Nothing to compile - all classes are up to date
[INFO] 
[INFO] --- maven-surefire-plugin:2.12.1:test (default-test) @ titan-es ---
[INFO] Surefire report directory: /home/travis/build/thinkaurelius/titan/titan-es/target/surefire-reports

-------------------------------------------------------
 T E S T S
-------------------------------------------------------
Running com.thinkaurelius.titan.diskstorage.es.ElasticSearchIndexTest
79 vs 73.867869045
Query time on 30000 docs (ms): 180
Tests run: 5, Failures: 0, Errors: 0, Skipped: 0, Time elapsed: 21.185 sec

Results :

Tests run: 5, Failures: 0, Errors: 0, Skipped: 0

[INFO]                                                                         
[INFO] ------------------------------------------------------------------------
[INFO] Building Titan-BerkeleyJE: Distributed Graph Database 0.4.0-SNAPSHOT
[INFO] ------------------------------------------------------------------------
[INFO] 
[INFO] --- maven-enforcer-plugin:1.0:enforce (enforce-maven) @ titan-berkeleyje ---
[INFO] 
[INFO] --- maven-resources-plugin:2.3:resources (default-resources) @ titan-berkeleyje ---
[INFO] Using 'UTF-8' encoding to copy filtered resources.
[INFO] Copying 2 resources
[INFO] 
[INFO] --- maven-compiler-plugin:2.5.1:compile (default-compile) @ titan-berkeleyje ---
[INFO] Nothing to compile - all classes are up to date
[INFO] 
[INFO] --- maven-resources-plugin:2.3:testResources (default-testResources) @ titan-berkeleyje ---
[INFO] Using 'UTF-8' encoding to copy filtered resources.
[INFO] Copying 2 resources
[INFO] 
[INFO] --- maven-compiler-plugin:2.5.1:testCompile (default-testCompile) @ titan-berkeleyje ---
[INFO] Nothing to compile - all classes are up to date
[INFO] 
[INFO] --- maven-surefire-plugin:2.12.1:test (default-test) @ titan-berkeleyje ---
[INFO] Surefire report directory: /home/travis/build/thinkaurelius/titan/titan-berkeleyje/target/surefire-reports

-------------------------------------------------------
 T E S T S
-------------------------------------------------------
Running com.thinkaurelius.titan.diskstorage.berkeleyje.BerkeleyDBjeKeyColumnValueTest
Loading time (ms): 1816
Reading time (ms): 648
Tests run: 17, Failures: 0, Errors: 0, Skipped: 0, Time elapsed: 14.076 sec
Running com.thinkaurelius.titan.blueprints.BerkeleyJEBlueprintsTest
Testing testVertexEquality...
Opening graph in: /tmp/titan-test/standard
	titangraph[berkeleyje:/tmp/titan-test/standard]: 1 vertex added and retrieved in 60.78924999991432ms
Testing testVertexEqualityForSuppliedIdsAndHashCode...
Opening graph in: /tmp/titan-test/standard
Testing testBasicAddVertex...
Opening graph in: /tmp/titan-test/standard
Testing testGetVertexWithNull...
Opening graph in: /tmp/titan-test/standard
Testing testRemoveVertex...
Opening graph in: /tmp/titan-test/standard
Testing testRemoveVertexWithEdges...
Opening graph in: /tmp/titan-test/standard
Testing testGetNonExistantVertices...
Opening graph in: /tmp/titan-test/standard
Testing testRemoveVertexNullId...
Opening graph in: /tmp/titan-test/standard
	titangraph[berkeleyje:/tmp/titan-test/standard]: 100 vertices added in 9.089925999986008ms
	titangraph[berkeleyje:/tmp/titan-test/standard]: 100 vertices removed in 8.261849000002258ms
Testing testVertexIterator...
Opening graph in: /tmp/titan-test/standard
	titangraph[berkeleyje:/tmp/titan-test/standard]: 1000 vertices added in 94.23546600004192ms
	titangraph[berkeleyje:/tmp/titan-test/standard]: 1000 vertices counted in 2.953391999937594ms
Testing testLegalVertexEdgeIterables...
Opening graph in: /tmp/titan-test/standard
Testing testAddVertexProperties...
Opening graph in: /tmp/titan-test/standard
Testing testAddManyVertexProperties...
Opening graph in: /tmp/titan-test/standard
	titangraph[berkeleyje:/tmp/titan-test/standard]: 750 vertex properties added (with vertices being added too) in 1838.353892999934ms
Testing testRemoveVertexProperties...
Opening graph in: /tmp/titan-test/standard
Testing testAddingIdProperty...
Opening graph in: /tmp/titan-test/standard
Testing testNoConcurrentModificationException...
Opening graph in: /tmp/titan-test/standard
Testing testGettingEdgesAndVertices...
Opening graph in: /tmp/titan-test/standard
Testing testEmptyKeyProperty...
Opening graph in: /tmp/titan-test/standard
Testing testVertexCentricLinking...
Opening graph in: /tmp/titan-test/standard
Testing testVertexCentricRemoving...
Opening graph in: /tmp/titan-test/standard
Testing testConcurrentModificationOnProperties...
Opening graph in: /tmp/titan-test/standard
Testing testSettingBadVertexProperties...
Opening graph in: /tmp/titan-test/standard
*** TOTAL TIME [VertexTestSuite]: 3468.4650990000227 ***
Testing testNoConcurrentModificationException...
Opening graph in: /tmp/titan-test/standard
Testing testEmptyKeyProperty...
Opening graph in: /tmp/titan-test/standard
Testing testSettingBadVertexProperties...
Opening graph in: /tmp/titan-test/standard
Testing testEdgeEquality...
Opening graph in: /tmp/titan-test/standard
Testing testAddEdges...
Opening graph in: /tmp/titan-test/standard
	titangraph[berkeleyje:/tmp/titan-test/standard]: 6 elements added and checked in 5.2288079999852926ms
Testing testAddManyEdges...
Opening graph in: /tmp/titan-test/standard
	titangraph[berkeleyje:/tmp/titan-test/standard]: 300 elements added in 284.94685199996457ms
	titangraph[berkeleyje:/tmp/titan-test/standard]: 100 edges counted in 2.3120319999288768ms
	titangraph[berkeleyje:/tmp/titan-test/standard]: 200 vertices counted in 0.6232309999177232ms
	titangraph[berkeleyje:/tmp/titan-test/standard]: 200 vertices checked in 4.640877999947406ms
Testing testGetEdges...
Opening graph in: /tmp/titan-test/standard
	titangraph[berkeleyje:/tmp/titan-test/standard]: 3 edges retrieved in 1.3368729999056086ms
Testing testGetNonExistantEdges...
Opening graph in: /tmp/titan-test/standard
Testing testRemoveManyEdges...
Opening graph in: /tmp/titan-test/standard
	titangraph[berkeleyje:/tmp/titan-test/standard]: 20 vertices counted in 0.19709999999031425ms
	titangraph[berkeleyje:/tmp/titan-test/standard]: 10 edges counted in 0.3295519999228418ms
	titangraph[berkeleyje:/tmp/titan-test/standard]: 10 edges removed and graph checked in 6.437283999985084ms
Testing testAddingDuplicateEdges...
Opening graph in: /tmp/titan-test/standard
Testing testRemoveEdgesByRemovingVertex...
Opening graph in: /tmp/titan-test/standard
Testing testRemoveEdges...
Opening graph in: /tmp/titan-test/standard
Testing testAddingSelfLoops...
Opening graph in: /tmp/titan-test/standard
Testing testRemoveSelfLoops...
Opening graph in: /tmp/titan-test/standard
Testing testEdgeIterator...
Opening graph in: /tmp/titan-test/standard
Testing testAddingRemovingEdgeProperties...
Opening graph in: /tmp/titan-test/standard
Testing testAddingLabelAndIdProperty...
Opening graph in: /tmp/titan-test/standard
Testing testEdgeCentricRemoving...
Opening graph in: /tmp/titan-test/standard
*** TOTAL TIME [EdgeTestSuite]: 1171.5809710000176 ***
Testing testFeatureCompliance...
Opening graph in: /tmp/titan-test/standard
supportsDuplicateEdges: true
supportsSelfLoops: true
supportsSerializableObjectProperty: true
supportsBooleanProperty: true
supportsDoubleProperty: true
supportsFloatProperty: true
supportsIntegerProperty: true
supportsPrimitiveArrayProperty: true
supportsUniformListProperty: true
supportsMixedListProperty: true
supportsLongProperty: true
supportsMapProperty: true
supportsStringProperty: true
ignoresSuppliedIds: true
isPersistent: true
isRDFModel: false
isWrapper: false
supportsIndices: false
supportsVertexIndex: false
supportsEdgeIndex: false
supportsKeyIndices: true
supportsVertexKeyIndex: true
supportsEdgeKeyIndex: true
supportsEdgeIteration: true
supportsVertexIteration: true
supportsEdgeRetrieval: true
supportsVertexProperties: true
supportsEdgeProperties: true
supportsTransactions: true
supportsThreadedTransactions: true
Testing testEmptyOnConstruction...
Opening graph in: /tmp/titan-test/standard
Testing testStringRepresentationOfVertexId...
Opening graph in: /tmp/titan-test/standard
Testing testSemanticallyCorrectIterables...
Opening graph in: /tmp/titan-test/standard
Testing testGettingVerticesAndEdgesWithKeyValue...
Opening graph in: /tmp/titan-test/standard
Testing testAddingVerticesAndEdges...
Opening graph in: /tmp/titan-test/standard
Testing testSettingProperties...
Opening graph in: /tmp/titan-test/standard
Testing testSimpleRemovingVerticesEdges...
Opening graph in: /tmp/titan-test/standard
Testing testRemovingEdges...
Opening graph in: /tmp/titan-test/standard
	titangraph[berkeleyje:/tmp/titan-test/standard]: 100 vertices added in 4.581945999991149ms
	titangraph[berkeleyje:/tmp/titan-test/standard]: 200 edges added in 230.2225970000727ms
	titangraph[berkeleyje:/tmp/titan-test/standard]: 200 edges deleted (with size check on each delete) in 142.9165890000295ms
Testing testRemovingVertices...
Opening graph in: /tmp/titan-test/standard
	titangraph[berkeleyje:/tmp/titan-test/standard]: 500 vertices added in 15.380927999969572ms
	titangraph[berkeleyje:/tmp/titan-test/standard]: 250 edges added in 236.43356200004928ms
	titangraph[berkeleyje:/tmp/titan-test/standard]: 500 vertices deleted (with size check on each delete) in 185.80736600002274ms
Testing testConnectivityPatterns...
Opening graph in: /tmp/titan-test/standard
Testing testVertexEdgeLabels...
Opening graph in: /tmp/titan-test/standard
Testing testVertexEdgeLabels2...
Opening graph in: /tmp/titan-test/standard
Testing testTreeConnectivity...
Opening graph in: /tmp/titan-test/standard
	titangraph[berkeleyje:/tmp/titan-test/standard]: 1464 vertices added in a tree structure in 136.32545200001914ms
	titangraph[berkeleyje:/tmp/titan-test/standard]: 1464 vertices iterated in 0.7283649999881163ms
	titangraph[berkeleyje:/tmp/titan-test/standard]: 1463 edges iterated in 7.037860999931581ms
Testing testConcurrentModification...
Opening graph in: /tmp/titan-test/standard
Testing testGraphDataPersists...
Opening graph in: /tmp/titan-test/standard
Opening graph in: /tmp/titan-test/standard
	titangraph[berkeleyje:/tmp/titan-test/standard]: 1 graph loaded in 24.298733000061475ms
Testing testAutotypingOfProperties...
Opening graph in: /tmp/titan-test/standard
*** TOTAL TIME [GraphTestSuite]: 1792.867964000092 ***
Testing testGraphQueryForVertices...
Opening graph in: /tmp/titan-test/standard
Opening graph in: /tmp/titan-test/standard
Testing testGraphQueryForEdges...
Opening graph in: /tmp/titan-test/standard
Opening graph in: /tmp/titan-test/standard
Testing testVertexQuery...
Opening graph in: /tmp/titan-test/standard
*** TOTAL TIME [QueryTestSuite]: 143.104958999902 ***
Testing testNoConcurrentModificationException...
Opening graph in: /tmp/titan-test/standard
Testing testGettingVerticesAndEdgesWithKeyValue...
Opening graph in: /tmp/titan-test/standard
Testing testAutoIndexKeyManagementWithPersistence...
Opening graph in: /tmp/titan-test/standard
	titangraph[berkeleyje:/tmp/titan-test/standard]: 2 automatic index keys added in 1.6225639999611303ms
	titangraph[berkeleyje:/tmp/titan-test/standard]: 2 automatic index keys added in 0.8108259999426082ms
Opening graph in: /tmp/titan-test/standard
Testing testKeyIndicesConsistentWithElementRemoval...
Opening graph in: /tmp/titan-test/standard
*** TOTAL TIME [KeyIndexableGraphTestSuite]: 310.69644299999345 ***
Testing testCompetingThreads...
Opening graph in: /tmp/titan-test/standard
Opening graph in: /tmp/titan-test/standard
Testing testCompetingThreadsOnMultipleDbInstances...
Opening graph in: /tmp/titan-test/first
Opening graph in: /tmp/titan-test/second
Testing testTrue...
Testing testRepeatedTransactionStopException...
Opening graph in: /tmp/titan-test/standard
Testing testAutoStartTransaction...
Opening graph in: /tmp/titan-test/standard
Testing testTransactionsForVertices...
Opening graph in: /tmp/titan-test/standard
	titangraph[berkeleyje:/tmp/titan-test/standard]: 1 vertex not added in failed transaction in 0.5300259999930859ms
	titangraph[berkeleyje:/tmp/titan-test/standard]: 1 vertex added in successful transaction in 0.47153600002638996ms
Testing testBasicVertexEdgeTransactions...
Opening graph in: /tmp/titan-test/standard
Testing testBruteVertexTransactions...
Opening graph in: /tmp/titan-test/standard
	titangraph[berkeleyje:/tmp/titan-test/standard]: 100 vertices added in 100 successful transactions in 34.81826400000136ms
	titangraph[berkeleyje:/tmp/titan-test/standard]: 100 vertices not added in 100 failed transactions in 12.568379999953322ms
	titangraph[berkeleyje:/tmp/titan-test/standard]: 100 vertices added in 1 successful transactions in 10.814162999973632ms
	titangraph[berkeleyje:/tmp/titan-test/standard]: 100 vertices not added in 1 failed transactions in 5.960304999956861ms
Testing testTransactionsForEdges...
Opening graph in: /tmp/titan-test/standard
	titangraph[berkeleyje:/tmp/titan-test/standard]: 1 edge not added in failed transaction (w/ iteration) in 1.7861830000765622ms
	titangraph[berkeleyje:/tmp/titan-test/standard]: 1 edge added in successful transaction (w/ iteration) in 1.362771000014618ms
Testing testBruteEdgeTransactions...
Opening graph in: /tmp/titan-test/standard
	titangraph[berkeleyje:/tmp/titan-test/standard]: 100 edges added in 100 successful transactions (2 vertices added for each edge) in 81.9433999999892ms
	titangraph[berkeleyje:/tmp/titan-test/standard]: 100 edges not added in 100 failed transactions (2 vertices added for each edge) in 29.451410999987274ms
	titangraph[berkeleyje:/tmp/titan-test/standard]: 100 edges added in 1 successful transactions (2 vertices added for each edge) in 31.529466000036336ms
	titangraph[berkeleyje:/tmp/titan-test/standard]: 100 edges not added in 1 failed transactions (2 vertices added for each edge) in 28.131367000052705ms
Testing testPropertyTransactions...
Opening graph in: /tmp/titan-test/standard
	titangraph[berkeleyje:/tmp/titan-test/standard]: 1 vertex added with string property in a successful transaction in 4.621838999912143ms
	titangraph[berkeleyje:/tmp/titan-test/standard]: 1 integer property not added in a failed transaction in 1.8971639999654144ms
	titangraph[berkeleyje:/tmp/titan-test/standard]: 2 vertex properties checked in a successful transaction in 0.5953950000694022ms
	titangraph[berkeleyje:/tmp/titan-test/standard]: 1 edge property added and checked in a successful transaction in 1.726143000065349ms
	titangraph[berkeleyje:/tmp/titan-test/standard]: 1 edge property added and checked in a failed transaction in 0.47514600004069507ms
Testing testIndexTransactions...
Opening graph in: /tmp/titan-test/standard
Testing testAutomaticSuccessfulTransactionOnShutdown...
Opening graph in: /tmp/titan-test/standard
Opening graph in: /tmp/titan-test/standard
Testing testVertexCountOnPreTransactionCommit...
Opening graph in: /tmp/titan-test/standard
Testing testBulkTransactionsOnEdges...
Opening graph in: /tmp/titan-test/standard
Testing testTransactionIsolationCommitCheck...
Opening graph in: /tmp/titan-test/standard
added vertex
reading vertex before tx
read vertex before tx
Testing testRemoveInTransaction...
Opening graph in: /tmp/titan-test/standard
*** TOTAL TIME [TransactionalTitanGraphTestSuite]: 1797.8654529999476 ***
Testing testVertexReattachment...
Opening graph in: /tmp/titan-test/standard
*** TOTAL TIME [TitanSpecificBlueprintsTestSuite]: 28.098840999999084 ***
Testing testReadingTinkerGraph...
Opening graph in: /tmp/titan-test/standard
Testing testTinkerGraphEdges...
Opening graph in: /tmp/titan-test/standard
	titangraph[berkeleyje:/tmp/titan-test/standard]: graph-example-1 loaded in 33.615742000052705ms
Testing testTinkerGraphVertices...
Opening graph in: /tmp/titan-test/standard
	titangraph[berkeleyje:/tmp/titan-test/standard]: graph-example-1 loaded in 14.377563999965787ms
Testing testTinkerGraphSoftwareVertices...
Opening graph in: /tmp/titan-test/standard
	titangraph[berkeleyje:/tmp/titan-test/standard]: graph-example-1 loaded in 14.066773999948055ms
Testing testTinkerGraphVertexAndEdges...
Opening graph in: /tmp/titan-test/standard
	titangraph[berkeleyje:/tmp/titan-test/standard]: graph-example-1 loaded in 12.780901999911293ms
Testing testReadingTinkerGraphExample3...
Opening graph in: /tmp/titan-test/standard
Testing testReadingTinkerGraphExample3MappingLabels...
Opening graph in: /tmp/titan-test/standard
	titangraph[berkeleyje:/tmp/titan-test/standard]: graph-example-3 loaded in 14.659930999972858ms
Testing testReadingTinkerGraphExample3MappingIDs...
Opening graph in: /tmp/titan-test/standard
	titangraph[berkeleyje:/tmp/titan-test/standard]: graph-example-3 loaded in 14.574414000031538ms
Testing testReadingTinkerGraphExample3MappingAll...
Opening graph in: /tmp/titan-test/standard
	titangraph[berkeleyje:/tmp/titan-test/standard]: graph-example-3 loaded in 13.78944500000216ms
Testing testMigratingTinkerGraphExample3...
Opening graph in: /tmp/titan-test/standard
Testing testAllGraphMLTypeCastsAndDataMappings...
Opening graph in: /tmp/titan-test/standard
*** TOTAL TIME [GraphMLReaderTestSuite]: 423.0758030000143 ***
Testing testReadingTinkerGraph...
Opening graph in: /tmp/titan-test/standard
Testing testTinkerGraphEdges...
Opening graph in: /tmp/titan-test/standard
	titangraph[berkeleyje:/tmp/titan-test/standard]: graph-example-1 loaded in 225.29963099991437ms
Testing testTinkerGraphVertices...
Opening graph in: /tmp/titan-test/standard
	titangraph[berkeleyje:/tmp/titan-test/standard]: graph-example-1 loaded in 10.50609199993778ms
Testing testTinkerGraphSoftwareVertices...
Opening graph in: /tmp/titan-test/standard
	titangraph[berkeleyje:/tmp/titan-test/standard]: graph-example-1 loaded in 10.660557999974117ms
Testing testTinkerGraphVertexAndEdges...
Opening graph in: /tmp/titan-test/standard
	titangraph[berkeleyje:/tmp/titan-test/standard]: graph-example-1 loaded in 10.116859999950975ms
*** TOTAL TIME [GraphSONReaderTestSuite]: 413.26539800001774 ***
Testing testReadingTinkerGraph...
Opening graph in: /tmp/titan-test/standard
Testing testTinkerGraphEdges...
Opening graph in: /tmp/titan-test/standard
	titangraph[berkeleyje:/tmp/titan-test/standard]: graph-example-1 loaded in 10.816040999954566ms
Testing testTinkerGraphVertices...
Opening graph in: /tmp/titan-test/standard
	titangraph[berkeleyje:/tmp/titan-test/standard]: graph-example-1 loaded in 9.390857000020333ms
Testing testTinkerGraphSoftwareVertices...
Opening graph in: /tmp/titan-test/standard
	titangraph[berkeleyje:/tmp/titan-test/standard]: graph-example-1 loaded in 8.960987000027671ms
Testing testTinkerGraphVertexAndEdges...
Opening graph in: /tmp/titan-test/standard
	titangraph[berkeleyje:/tmp/titan-test/standard]: graph-example-1 loaded in 9.766294999979436ms
Testing testReadingTinkerGraphExample3...
Opening graph in: /tmp/titan-test/standard
Testing testReadingTinkerGraphExample3MappingLabels...
Opening graph in: /tmp/titan-test/standard
	titangraph[berkeleyje:/tmp/titan-test/standard]: graph-example-3 loaded in 173.43382599996403ms
Testing testReadingTinkerGraphExample3MappingIDs...
Opening graph in: /tmp/titan-test/standard
	titangraph[berkeleyje:/tmp/titan-test/standard]: graph-example-3 loaded in 10.327551999944262ms
Testing testReadingTinkerGraphExample3MappingAll...
Opening graph in: /tmp/titan-test/standard
	titangraph[berkeleyje:/tmp/titan-test/standard]: graph-example-3 loaded in 9.809485999983735ms
Testing testMigratingTinkerGraphExample3...
Opening graph in: /tmp/titan-test/standard
*** TOTAL TIME [GMLReaderTestSuite]: 491.9962199999718 ***
Tests run: 10, Failures: 0, Errors: 0, Skipped: 0, Time elapsed: 10.063 sec
Running com.thinkaurelius.titan.diskstorage.berkeleyje.BerkeleyDBjeKeyColumnValueVariableTest
Loading time (ms): 1850
Reading time (ms): 394
Tests run: 17, Failures: 0, Errors: 0, Skipped: 0, Time elapsed: 7.785 sec
Running com.thinkaurelius.titan.diskstorage.berkeleyje.BerkeleyJeHashKeyColumnValueTest
Loading time (ms): 1989
Reading time (ms): 408
Tests run: 17, Failures: 0, Errors: 0, Skipped: 0, Time elapsed: 8.622 sec
Running com.thinkaurelius.titan.tinkerpop.rexster.RexsterServerClientBerkeleyJeTest
Mar 31, 2013 2:54:18 PM org.glassfish.grizzly.servlet.WebappContext deploy
INFO: Starting application [jersey] ...
Mar 31, 2013 2:54:18 PM com.sun.jersey.server.impl.application.WebApplicationImpl _initiate
INFO: Initiating Jersey application, version 'Jersey: 1.17 01/17/2013 03:31 PM'
Mar 31, 2013 2:54:19 PM org.glassfish.grizzly.servlet.WebappContext initServlets
INFO: [jersey] Servlet [com.sun.jersey.spi.container.servlet.ServletContainer] registered for url pattern(s) [[/*]].
Mar 31, 2013 2:54:19 PM org.glassfish.grizzly.servlet.WebappContext deploy
INFO: Application [jersey] is ready to service requests.  Root: [].
Mar 31, 2013 2:54:19 PM org.glassfish.grizzly.http.server.NetworkListener start
INFO: Started listener bound to [0.0.0.0:8182]
Mar 31, 2013 2:54:19 PM org.glassfish.grizzly.http.server.HttpServer start
INFO: [HttpServer] Started.
Mar 31, 2013 2:54:20 PM org.glassfish.grizzly.http.server.NetworkListener stop
INFO: Stopped listener bound to [0.0.0.0:8182]
Tests run: 1, Failures: 0, Errors: 0, Skipped: 0, Time elapsed: 3.298 sec
Running com.thinkaurelius.titan.graphdb.berkeleyje.BerkeleyJEGraphTest
Tests run: 19, Failures: 0, Errors: 0, Skipped: 0, Time elapsed: 5.459 sec
Running com.thinkaurelius.titan.diskstorage.berkeleyje.BerkeleyJEKeyValueTest
Tests run: 7, Failures: 0, Errors: 0, Skipped: 0, Time elapsed: 0.506 sec
Running com.thinkaurelius.titan.graphdb.berkeleyje.ElasticSearchBerkeleyDBTest
Tests run: 2, Failures: 0, Errors: 0, Skipped: 0, Time elapsed: 7.891 sec

Results :

Tests run: 90, Failures: 0, Errors: 0, Skipped: 0

[INFO]                                                                         
[INFO] ------------------------------------------------------------------------
[INFO] Building Titan-Cassandra: Distributed Graph Database 0.4.0-SNAPSHOT
[INFO] ------------------------------------------------------------------------
[INFO] 
[INFO] --- maven-enforcer-plugin:1.0:enforce (enforce-maven) @ titan-cassandra ---
[INFO] 
[INFO] --- maven-resources-plugin:2.5:resources (default-resources) @ titan-cassandra ---
[debug] execute contextualize
[INFO] Using 'UTF-8' encoding to copy filtered resources.
[INFO] Copying 2 resources
[INFO] 
[INFO] --- maven-compiler-plugin:2.5.1:compile (default-compile) @ titan-cassandra ---
[INFO] Nothing to compile - all classes are up to date
[INFO] 
[INFO] --- maven-resources-plugin:2.5:testResources (default-testResources) @ titan-cassandra ---
[debug] execute contextualize
[INFO] Using 'UTF-8' encoding to copy filtered resources.
[INFO] Copying 2 resources
[INFO] 
[INFO] --- maven-resources-plugin:2.5:copy-resources (copy-resources-127.0.0.1) @ titan-cassandra ---
[debug] execute contextualize
[INFO] Using 'UTF-8' encoding to copy filtered resources.
[INFO] Copying 7 resources
[INFO] 
[INFO] --- maven-compiler-plugin:2.5.1:testCompile (default-testCompile) @ titan-cassandra ---
[INFO] Nothing to compile - all classes are up to date
[INFO] 
[INFO] --- maven-surefire-plugin:2.12.1:test (default-test) @ titan-cassandra ---
[INFO] Surefire report directory: /home/travis/build/thinkaurelius/titan/titan-cassandra/target/surefire-reports

-------------------------------------------------------
 T E S T S
-------------------------------------------------------

-------------------------------------------------------
 T E S T S
-------------------------------------------------------
Running com.thinkaurelius.titan.blueprints.EmbeddedCassandraBlueprintsTest
Testing testVertexEquality...
	titangraph[embeddedcassandra:null]: 1 vertex added and retrieved in 667.2751710000448ms
Testing testVertexEqualityForSuppliedIdsAndHashCode...
Testing testBasicAddVertex...
Testing testGetVertexWithNull...
Testing testRemoveVertex...
Testing testRemoveVertexWithEdges...
Testing testGetNonExistantVertices...
Testing testRemoveVertexNullId...
	titangraph[embeddedcassandra:null]: 100 vertices added in 8.190677999984473ms
	titangraph[embeddedcassandra:null]: 100 vertices removed in 7.110232999897562ms
Testing testVertexIterator...
	titangraph[embeddedcassandra:null]: 1000 vertices added in 695.0576749999309ms
	titangraph[embeddedcassandra:null]: 1000 vertices counted in 3.6417209999635816ms
Testing testLegalVertexEdgeIterables...
Testing testAddVertexProperties...
Testing testAddManyVertexProperties...
	titangraph[embeddedcassandra:null]: 750 vertex properties added (with vertices being added too) in 19782.42786699999ms
Testing testRemoveVertexProperties...
Testing testAddingIdProperty...
Testing testNoConcurrentModificationException...
Testing testGettingEdgesAndVertices...
Testing testEmptyKeyProperty...
Testing testVertexCentricLinking...
Testing testVertexCentricRemoving...
Testing testConcurrentModificationOnProperties...
Testing testSettingBadVertexProperties...
*** TOTAL TIME [VertexTestSuite]: 43803.42556799995 ***
Testing testNoConcurrentModificationException...
Testing testEmptyKeyProperty...
Testing testSettingBadVertexProperties...
Testing testEdgeEquality...
Testing testAddEdges...
	titangraph[embeddedcassandra:null]: 6 elements added and checked in 913.8145429999568ms
Testing testAddManyEdges...
	titangraph[embeddedcassandra:null]: 300 elements added in 3342.009378000046ms
	titangraph[embeddedcassandra:null]: 100 edges counted in 2.43289499997627ms
	titangraph[embeddedcassandra:null]: 200 vertices counted in 0.9747750000096858ms
	titangraph[embeddedcassandra:null]: 200 vertices checked in 4.793618000112474ms
Testing testGetEdges...
	titangraph[embeddedcassandra:null]: 3 edges retrieved in 1.5966459999326617ms
Testing testGetNonExistantEdges...
Testing testRemoveManyEdges...
	titangraph[embeddedcassandra:null]: 20 vertices counted in 0.5109800000209361ms
	titangraph[embeddedcassandra:null]: 10 edges counted in 0.6324139999924228ms
	titangraph[embeddedcassandra:null]: 10 edges removed and graph checked in 12.650254999985918ms
Testing testAddingDuplicateEdges...
Testing testRemoveEdgesByRemovingVertex...
Testing testRemoveEdges...
Testing testAddingSelfLoops...
Testing testRemoveSelfLoops...
Testing testEdgeIterator...
Testing testAddingRemovingEdgeProperties...
Testing testAddingLabelAndIdProperty...
Testing testEdgeCentricRemoving...
*** TOTAL TIME [EdgeTestSuite]: 25956.42085200001 ***
Testing testFeatureCompliance...
supportsDuplicateEdges: true
supportsSelfLoops: true
supportsSerializableObjectProperty: true
supportsBooleanProperty: true
supportsDoubleProperty: true
supportsFloatProperty: true
supportsIntegerProperty: true
supportsPrimitiveArrayProperty: true
supportsUniformListProperty: true
supportsMixedListProperty: true
supportsLongProperty: true
supportsMapProperty: true
supportsStringProperty: true
ignoresSuppliedIds: true
isPersistent: true
isRDFModel: false
isWrapper: false
supportsIndices: false
supportsVertexIndex: false
supportsEdgeIndex: false
supportsKeyIndices: true
supportsVertexKeyIndex: true
supportsEdgeKeyIndex: true
supportsEdgeIteration: true
supportsVertexIteration: true
supportsEdgeRetrieval: true
supportsVertexProperties: true
supportsEdgeProperties: true
supportsTransactions: true
supportsThreadedTransactions: true
Testing testEmptyOnConstruction...
Testing testStringRepresentationOfVertexId...
Testing testSemanticallyCorrectIterables...
Testing testGettingVerticesAndEdgesWithKeyValue...
Testing testAddingVerticesAndEdges...
Testing testSettingProperties...
Testing testSimpleRemovingVerticesEdges...
Testing testRemovingEdges...
	titangraph[embeddedcassandra:null]: 100 vertices added in 609.2160670000594ms
	titangraph[embeddedcassandra:null]: 200 edges added in 5157.205891000107ms
	titangraph[embeddedcassandra:null]: 200 edges deleted (with size check on each delete) in 357.5703190000495ms
Testing testRemovingVertices...
	titangraph[embeddedcassandra:null]: 500 vertices added in 621.7297140000155ms
	titangraph[embeddedcassandra:null]: 250 edges added in 6372.7976659999695ms
	titangraph[embeddedcassandra:null]: 500 vertices deleted (with size check on each delete) in 473.17563700000755ms
Testing testConnectivityPatterns...
Testing testVertexEdgeLabels...
Testing testVertexEdgeLabels2...
Testing testTreeConnectivity...
	titangraph[embeddedcassandra:null]: 1464 vertices added in a tree structure in 1069.634842999978ms
	titangraph[embeddedcassandra:null]: 1464 vertices iterated in 1.3916869999375194ms
	titangraph[embeddedcassandra:null]: 1463 edges iterated in 20.81127900001593ms
Testing testConcurrentModification...
Testing testGraphDataPersists...
	titangraph[embeddedcassandra:null]: 1 graph loaded in 3.3488089999882504ms
Testing testAutotypingOfProperties...
*** TOTAL TIME [GraphTestSuite]: 32097.240014000097 ***
Testing testGraphQueryForVertices...
Testing testGraphQueryForEdges...
Testing testVertexQuery...
*** TOTAL TIME [QueryTestSuite]: 6057.649963999982 ***
Testing testNoConcurrentModificationException...
Testing testGettingVerticesAndEdgesWithKeyValue...
Testing testAutoIndexKeyManagementWithPersistence...
	titangraph[embeddedcassandra:null]: 2 automatic index keys added in 606.5255700000562ms
	titangraph[embeddedcassandra:null]: 2 automatic index keys added in 1.399799000006169ms
Testing testKeyIndicesConsistentWithElementRemoval...
*** TOTAL TIME [KeyIndexableGraphTestSuite]: 4677.924241999979 ***
Testing testCompetingThreads...
Testing testTrue...
Testing testRepeatedTransactionStopException...
Testing testAutoStartTransaction...
Testing testTransactionsForVertices...
	titangraph[embeddedcassandra:null]: 1 vertex not added in failed transaction in 1.9410979999229312ms
	titangraph[embeddedcassandra:null]: 1 vertex added in successful transaction in 0.9988020000746474ms
Testing testBasicVertexEdgeTransactions...
Testing testBruteVertexTransactions...
	titangraph[embeddedcassandra:null]: 100 vertices added in 100 successful transactions in 637.3967100000009ms
	titangraph[embeddedcassandra:null]: 100 vertices not added in 100 failed transactions in 12.308274000068195ms
	titangraph[embeddedcassandra:null]: 100 vertices added in 1 successful transactions in 13.761098999995738ms
	titangraph[embeddedcassandra:null]: 100 vertices not added in 1 failed transactions in 15.444544000085443ms
Testing testTransactionsForEdges...
	titangraph[embeddedcassandra:null]: 1 edge not added in failed transaction (w/ iteration) in 305.92180500004906ms
	titangraph[embeddedcassandra:null]: 1 edge added in successful transaction (w/ iteration) in 105.62390399992ms
Testing testBruteEdgeTransactions...
	titangraph[embeddedcassandra:null]: 100 edges added in 100 successful transactions (2 vertices added for each edge) in 1088.878325000056ms
	titangraph[embeddedcassandra:null]: 100 edges not added in 100 failed transactions (2 vertices added for each edge) in 47.85717799991835ms
	titangraph[embeddedcassandra:null]: 100 edges added in 1 successful transactions (2 vertices added for each edge) in 52.93613899999764ms
	titangraph[embeddedcassandra:null]: 100 edges not added in 1 failed transactions (2 vertices added for each edge) in 64.71281799999997ms
Testing testPropertyTransactions...
	titangraph[embeddedcassandra:null]: 1 vertex added with string property in a successful transaction in 1013.9893100000918ms
	titangraph[embeddedcassandra:null]: 1 integer property not added in a failed transaction in 3.087766999960877ms
	titangraph[embeddedcassandra:null]: 2 vertex properties checked in a successful transaction in 1.106809000018984ms
	titangraph[embeddedcassandra:null]: 1 edge property added and checked in a successful transaction in 104.90708699997049ms
	titangraph[embeddedcassandra:null]: 1 edge property added and checked in a failed transaction in 0.7566070000175387ms
Testing testIndexTransactions...
Testing testAutomaticSuccessfulTransactionOnShutdown...
Testing testVertexCountOnPreTransactionCommit...
Testing testBulkTransactionsOnEdges...
Testing testTransactionIsolationCommitCheck...
added vertex
reading vertex before tx
read vertex before tx
Testing testRemoveInTransaction...
*** TOTAL TIME [TransactionalTitanGraphTestSuite]: 18099.38954699994 ***
Testing testVertexReattachment...
*** TOTAL TIME [TitanSpecificBlueprintsTestSuite]: 1501.8744459999725 ***
Testing testReadingTinkerGraph...
Testing testTinkerGraphEdges...
	titangraph[embeddedcassandra:null]: graph-example-1 loaded in 1044.5783189999638ms
Testing testTinkerGraphVertices...
	titangraph[embeddedcassandra:null]: graph-example-1 loaded in 1028.5813880000496ms
Testing testTinkerGraphSoftwareVertices...
	titangraph[embeddedcassandra:null]: graph-example-1 loaded in 1031.123079000041ms
Testing testTinkerGraphVertexAndEdges...
	titangraph[embeddedcassandra:null]: graph-example-1 loaded in 1026.6784750000807ms
Testing testReadingTinkerGraphExample3...
Testing testReadingTinkerGraphExample3MappingLabels...
	titangraph[embeddedcassandra:null]: graph-example-3 loaded in 1029.7945330000948ms
Testing testReadingTinkerGraphExample3MappingIDs...
	titangraph[embeddedcassandra:null]: graph-example-3 loaded in 1028.7925900000846ms
Testing testReadingTinkerGraphExample3MappingAll...
	titangraph[embeddedcassandra:null]: graph-example-3 loaded in 1024.462319000042ms
Testing testMigratingTinkerGraphExample3...
Testing testAllGraphMLTypeCastsAndDataMappings...
*** TOTAL TIME [GraphMLReaderTestSuite]: 10216.405832999968 ***
Testing testReadingTinkerGraph...
Testing testTinkerGraphEdges...
	titangraph[embeddedcassandra:null]: graph-example-1 loaded in 1198.4004480000585ms
Testing testTinkerGraphVertices...
	titangraph[embeddedcassandra:null]: graph-example-1 loaded in 1023.2552510000532ms
Testing testTinkerGraphSoftwareVertices...
	titangraph[embeddedcassandra:null]: graph-example-1 loaded in 1023.922482999973ms
Testing testTinkerGraphVertexAndEdges...
	titangraph[embeddedcassandra:null]: graph-example-1 loaded in 1022.9602370000212ms
*** TOTAL TIME [GraphSONReaderTestSuite]: 5669.966073999996 ***
Testing testReadingTinkerGraph...
Testing testTinkerGraphEdges...
	titangraph[embeddedcassandra:null]: graph-example-1 loaded in 1024.9478360000066ms
Testing testTinkerGraphVertices...
	titangraph[embeddedcassandra:null]: graph-example-1 loaded in 1022.0208779999521ms
Testing testTinkerGraphSoftwareVertices...
	titangraph[embeddedcassandra:null]: graph-example-1 loaded in 1022.1390179999871ms
Testing testTinkerGraphVertexAndEdges...
	titangraph[embeddedcassandra:null]: graph-example-1 loaded in 1024.9490349999396ms
Testing testReadingTinkerGraphExample3...
Testing testReadingTinkerGraphExample3MappingLabels...
	titangraph[embeddedcassandra:null]: graph-example-3 loaded in 1026.5149840000086ms
Testing testReadingTinkerGraphExample3MappingIDs...
	titangraph[embeddedcassandra:null]: graph-example-3 loaded in 1025.6831790000433ms
Testing testReadingTinkerGraphExample3MappingAll...
	titangraph[embeddedcassandra:null]: graph-example-3 loaded in 1024.0356210001046ms
Testing testMigratingTinkerGraphExample3...
*** TOTAL TIME [GMLReaderTestSuite]: 9423.398596000043 ***
Tests run: 10, Failures: 0, Errors: 0, Skipped: 0, Time elapsed: 157.556 sec
Running com.thinkaurelius.titan.diskstorage.cassandra.embedded.InternalCassandraEmbeddedLockKeyColumnValueStoreTest
Tests run: 14, Failures: 0, Errors: 0, Skipped: 0, Time elapsed: 16.2 sec
Running com.thinkaurelius.titan.blueprints.InternalCassandraBlueprintsTest
Testing testVertexEquality...
	titangraph[cassandra:null]: 1 vertex added and retrieved in 687.8469429999823ms
Testing testVertexEqualityForSuppliedIdsAndHashCode...
Testing testBasicAddVertex...
Testing testGetVertexWithNull...
Testing testRemoveVertex...
Testing testRemoveVertexWithEdges...
Testing testGetNonExistantVertices...
Testing testRemoveVertexNullId...
	titangraph[cassandra:null]: 100 vertices added in 7.727665000013076ms
	titangraph[cassandra:null]: 100 vertices removed in 6.7065050000092015ms
Testing testVertexIterator...
	titangraph[cassandra:null]: 1000 vertices added in 688.6990179999266ms
	titangraph[cassandra:null]: 1000 vertices counted in 4.037896000081673ms
Testing testLegalVertexEdgeIterables...
Testing testAddVertexProperties...
Testing testAddManyVertexProperties...
	titangraph[cassandra:null]: 750 vertex properties added (with vertices being added too) in 19833.450988999917ms
Testing testRemoveVertexProperties...
Testing testAddingIdProperty...
Testing testNoConcurrentModificationException...
Testing testGettingEdgesAndVertices...
Testing testEmptyKeyProperty...
Testing testVertexCentricLinking...
Testing testVertexCentricRemoving...
Testing testConcurrentModificationOnProperties...
Testing testSettingBadVertexProperties...
*** TOTAL TIME [VertexTestSuite]: 47762.67150900001 ***
Testing testNoConcurrentModificationException...
Testing testEmptyKeyProperty...
Testing testSettingBadVertexProperties...
Testing testEdgeEquality...
Testing testAddEdges...
	titangraph[cassandra:null]: 6 elements added and checked in 917.2068890000228ms
Testing testAddManyEdges...
	titangraph[cassandra:null]: 300 elements added in 3348.3990860000486ms
	titangraph[cassandra:null]: 100 edges counted in 2.7681389999343082ms
	titangraph[cassandra:null]: 200 vertices counted in 1.2254940000129864ms
	titangraph[cassandra:null]: 200 vertices checked in 5.564072000095621ms
Testing testGetEdges...
	titangraph[cassandra:null]: 3 edges retrieved in 1.4996589999645948ms
Testing testGetNonExistantEdges...
Testing testRemoveManyEdges...
	titangraph[cassandra:null]: 20 vertices counted in 1.2236900000134483ms
	titangraph[cassandra:null]: 10 edges counted in 0.9077289999695495ms
	titangraph[cassandra:null]: 10 edges removed and graph checked in 21.303679999895394ms
Testing testAddingDuplicateEdges...
Testing testRemoveEdgesByRemovingVertex...
Testing testRemoveEdges...
Testing testAddingSelfLoops...
Testing testRemoveSelfLoops...
Testing testEdgeIterator...
Testing testAddingRemovingEdgeProperties...
Testing testAddingLabelAndIdProperty...
Testing testEdgeCentricRemoving...
*** TOTAL TIME [EdgeTestSuite]: 29469.964038999984 ***
Testing testFeatureCompliance...
supportsDuplicateEdges: true
supportsSelfLoops: true
supportsSerializableObjectProperty: true
supportsBooleanProperty: true
supportsDoubleProperty: true
supportsFloatProperty: true
supportsIntegerProperty: true
supportsPrimitiveArrayProperty: true
supportsUniformListProperty: true
supportsMixedListProperty: true
supportsLongProperty: true
supportsMapProperty: true
supportsStringProperty: true
ignoresSuppliedIds: true
isPersistent: true
isRDFModel: false
isWrapper: false
supportsIndices: false
supportsVertexIndex: false
supportsEdgeIndex: false
supportsKeyIndices: true
supportsVertexKeyIndex: true
supportsEdgeKeyIndex: true
supportsEdgeIteration: true
supportsVertexIteration: true
supportsEdgeRetrieval: true
supportsVertexProperties: true
supportsEdgeProperties: true
supportsTransactions: true
supportsThreadedTransactions: true
Testing testEmptyOnConstruction...
Testing testStringRepresentationOfVertexId...
Testing testSemanticallyCorrectIterables...
Testing testGettingVerticesAndEdgesWithKeyValue...
Testing testAddingVerticesAndEdges...
Testing testSettingProperties...
Testing testSimpleRemovingVerticesEdges...
Testing testRemovingEdges...
	titangraph[cassandra:null]: 100 vertices added in 609.2946879999945ms
	titangraph[cassandra:null]: 200 edges added in 5171.474313999992ms
	titangraph[cassandra:null]: 200 edges deleted (with size check on each delete) in 523.5866089999909ms
Testing testRemovingVertices...
	titangraph[cassandra:null]: 500 vertices added in 623.1080869999714ms
	titangraph[cassandra:null]: 250 edges added in 6405.584446999943ms
	titangraph[cassandra:null]: 500 vertices deleted (with size check on each delete) in 803.5577289999928ms
Testing testConnectivityPatterns...
Testing testVertexEdgeLabels...
Testing testVertexEdgeLabels2...
Testing testTreeConnectivity...
	titangraph[cassandra:null]: 1464 vertices added in a tree structure in 1069.2372009999817ms
	titangraph[cassandra:null]: 1464 vertices iterated in 1.8352089999243617ms
	titangraph[cassandra:null]: 1463 edges iterated in 10.456578000099398ms
Testing testConcurrentModification...
Testing testGraphDataPersists...
	titangraph[cassandra:null]: 1 graph loaded in 10.648193000000902ms
Testing testAutotypingOfProperties...
*** TOTAL TIME [GraphTestSuite]: 32524.67660899996 ***
Testing testGraphQueryForVertices...
Testing testGraphQueryForEdges...
Testing testVertexQuery...
*** TOTAL TIME [QueryTestSuite]: 6066.273530000006 ***
Testing testNoConcurrentModificationException...
Testing testGettingVerticesAndEdgesWithKeyValue...
Testing testAutoIndexKeyManagementWithPersistence...
	titangraph[cassandra:null]: 2 automatic index keys added in 609.2113310000859ms
	titangraph[cassandra:null]: 2 automatic index keys added in 2.1656090000178665ms
Testing testKeyIndicesConsistentWithElementRemoval...
*** TOTAL TIME [KeyIndexableGraphTestSuite]: 4747.501394000021 ***
Testing testCompetingThreads...
Testing testTrue...
Testing testRepeatedTransactionStopException...
Testing testAutoStartTransaction...
Testing testTransactionsForVertices...
	titangraph[cassandra:null]: 1 vertex not added in failed transaction in 1.9642280000261962ms
	titangraph[cassandra:null]: 1 vertex added in successful transaction in 1.0367410000180826ms
Testing testBasicVertexEdgeTransactions...
Testing testBruteVertexTransactions...
	titangraph[cassandra:null]: 100 vertices added in 100 successful transactions in 651.4565990000265ms
	titangraph[cassandra:null]: 100 vertices not added in 100 failed transactions in 10.661327000008896ms
	titangraph[cassandra:null]: 100 vertices added in 1 successful transactions in 17.43210600002203ms
	titangraph[cassandra:null]: 100 vertices not added in 1 failed transactions in 21.607050999999046ms
Testing testTransactionsForEdges...
	titangraph[cassandra:null]: 1 edge not added in failed transaction (w/ iteration) in 308.9028399999952ms
	titangraph[cassandra:null]: 1 edge added in successful transaction (w/ iteration) in 107.30234299995936ms
Testing testBruteEdgeTransactions...
	titangraph[cassandra:null]: 100 edges added in 100 successful transactions (2 vertices added for each edge) in 1150.1128259999678ms
	titangraph[cassandra:null]: 100 edges not added in 100 failed transactions (2 vertices added for each edge) in 68.98177499999292ms
	titangraph[cassandra:null]: 100 edges added in 1 successful transactions (2 vertices added for each edge) in 64.70407800003886ms
	titangraph[cassandra:null]: 100 edges not added in 1 failed transactions (2 vertices added for each edge) in 95.96096900000703ms
Testing testPropertyTransactions...
	titangraph[cassandra:null]: 1 vertex added with string property in a successful transaction in 1020.7980540000135ms
	titangraph[cassandra:null]: 1 integer property not added in a failed transaction in 4.299068000051193ms
	titangraph[cassandra:null]: 2 vertex properties checked in a successful transaction in 1.9041010000510141ms
	titangraph[cassandra:null]: 1 edge property added and checked in a successful transaction in 105.01329199993052ms
	titangraph[cassandra:null]: 1 edge property added and checked in a failed transaction in 0.8156169999856502ms
Testing testIndexTransactions...
Testing testAutomaticSuccessfulTransactionOnShutdown...
Testing testVertexCountOnPreTransactionCommit...
Testing testBulkTransactionsOnEdges...
Testing testTransactionIsolationCommitCheck...
added vertex
reading vertex before tx
read vertex before tx
Testing testRemoveInTransaction...
*** TOTAL TIME [TransactionalTitanGraphTestSuite]: 18769.320576000027 ***
Testing testVertexReattachment...
*** TOTAL TIME [TitanSpecificBlueprintsTestSuite]: 1519.5960600000108 ***
Testing testReadingTinkerGraph...
Testing testTinkerGraphEdges...
	titangraph[cassandra:null]: graph-example-1 loaded in 1054.1819329999853ms
Testing testTinkerGraphVertices...
	titangraph[cassandra:null]: graph-example-1 loaded in 1034.3853909999598ms
Testing testTinkerGraphSoftwareVertices...
	titangraph[cassandra:null]: graph-example-1 loaded in 1035.0104959999444ms
Testing testTinkerGraphVertexAndEdges...
	titangraph[cassandra:null]: graph-example-1 loaded in 1033.6235210000305ms
Testing testReadingTinkerGraphExample3...
Testing testReadingTinkerGraphExample3MappingLabels...
	titangraph[cassandra:null]: graph-example-3 loaded in 1037.3527209999738ms
Testing testReadingTinkerGraphExample3MappingIDs...
	titangraph[cassandra:null]: graph-example-3 loaded in 1039.175891000079ms
Testing testReadingTinkerGraphExample3MappingAll...
	titangraph[cassandra:null]: graph-example-3 loaded in 1032.3973129999358ms
Testing testMigratingTinkerGraphExample3...
Testing testAllGraphMLTypeCastsAndDataMappings...
*** TOTAL TIME [GraphMLReaderTestSuite]: 12238.095434000017 ***
Testing testReadingTinkerGraph...
Testing testTinkerGraphEdges...
	titangraph[cassandra:null]: graph-example-1 loaded in 1204.31884000008ms
Testing testTinkerGraphVertices...
	titangraph[cassandra:null]: graph-example-1 loaded in 1029.4342419999884ms
Testing testTinkerGraphSoftwareVertices...
	titangraph[cassandra:null]: graph-example-1 loaded in 1031.1689780000597ms
Testing testTinkerGraphVertexAndEdges...
	titangraph[cassandra:null]: graph-example-1 loaded in 1031.003985999967ms
*** TOTAL TIME [GraphSONReaderTestSuite]: 6132.050937999971 ***
Testing testReadingTinkerGraph...
Testing testTinkerGraphEdges...
	titangraph[cassandra:null]: graph-example-1 loaded in 1034.7730669999728ms
Testing testTinkerGraphVertices...
	titangraph[cassandra:null]: graph-example-1 loaded in 1028.1946469999384ms
Testing testTinkerGraphSoftwareVertices...
	titangraph[cassandra:null]: graph-example-1 loaded in 1029.3474510000087ms
Testing testTinkerGraphVertexAndEdges...
	titangraph[cassandra:null]: graph-example-1 loaded in 1030.8621479999274ms
Testing testReadingTinkerGraphExample3...
Testing testReadingTinkerGraphExample3MappingLabels...
	titangraph[cassandra:null]: graph-example-3 loaded in 1034.3226710000308ms
Testing testReadingTinkerGraphExample3MappingIDs...
	titangraph[cassandra:null]: graph-example-3 loaded in 1028.4539730000542ms
Testing testReadingTinkerGraphExample3MappingAll...
	titangraph[cassandra:null]: graph-example-3 loaded in 1028.7782799999695ms
Testing testMigratingTinkerGraphExample3...
*** TOTAL TIME [GMLReaderTestSuite]: 9662.129866999923 ***
Tests run: 10, Failures: 0, Errors: 0, Skipped: 0, Time elapsed: 168.943 sec
Running com.thinkaurelius.titan.diskstorage.cassandra.astyanax.InternalAstyanaxMultiWriteKeyColumnValueTest
Tests run: 2, Failures: 0, Errors: 0, Skipped: 0, Time elapsed: 23.179 sec
Running com.thinkaurelius.titan.diskstorage.cassandra.embedded.InternalCassandraEmbeddedMultiWriteKeyColumnValueStoreTest
Tests run: 2, Failures: 0, Errors: 0, Skipped: 0, Time elapsed: 13.526 sec
Running com.thinkaurelius.titan.tinkerpop.rexster.RexsterServerClientCassandraEmbeddedTest
Mar 31, 2013 3:01:12 PM org.glassfish.grizzly.servlet.WebappContext deploy
INFO: Starting application [jersey] ...
Mar 31, 2013 3:01:12 PM com.sun.jersey.server.impl.application.WebApplicationImpl _initiate
INFO: Initiating Jersey application, version 'Jersey: 1.17 01/17/2013 03:31 PM'
Mar 31, 2013 3:01:13 PM org.glassfish.grizzly.servlet.WebappContext initServlets
INFO: [jersey] Servlet [com.sun.jersey.spi.container.servlet.ServletContainer] registered for url pattern(s) [[/*]].
Mar 31, 2013 3:01:13 PM org.glassfish.grizzly.servlet.WebappContext deploy
INFO: Application [jersey] is ready to service requests.  Root: [].
Mar 31, 2013 3:01:13 PM org.glassfish.grizzly.http.server.NetworkListener start
INFO: Started listener bound to [0.0.0.0:8182]
Mar 31, 2013 3:01:13 PM org.glassfish.grizzly.http.server.HttpServer start
INFO: [HttpServer] Started.
Mar 31, 2013 3:01:14 PM org.glassfish.grizzly.http.server.NetworkListener stop
INFO: Stopped listener bound to [0.0.0.0:8182]
Tests run: 1, Failures: 0, Errors: 0, Skipped: 0, Time elapsed: 11.514 sec
Running com.thinkaurelius.titan.diskstorage.cassandra.UUIDTest
Tests run: 1, Failures: 0, Errors: 0, Skipped: 0, Time elapsed: 0.401 sec
Running com.thinkaurelius.titan.diskstorage.cassandra.astyanax.InternalAstyanaxKeyColumnValueTest
Loading time (ms): 1003
Reading time (ms): 8504
Tests run: 18, Failures: 0, Errors: 0, Skipped: 0, Time elapsed: 48.619 sec
Running com.thinkaurelius.titan.graphdb.thrift.InternalCassandraGraphTest
Tests run: 19, Failures: 0, Errors: 0, Skipped: 0, Time elapsed: 41.349 sec
Running com.thinkaurelius.titan.diskstorage.cassandra.embedded.InternalCassandraEmbeddedKeyColumnValueTest
Loading time (ms): 521
Reading time (ms): 6099
Tests run: 18, Failures: 0, Errors: 0, Skipped: 0, Time elapsed: 31.372 sec
Running com.thinkaurelius.titan.diskstorage.cassandra.thrift.InternalCassandraLockKeyColumnValueStoreTest
Tests run: 14, Failures: 0, Errors: 0, Skipped: 0, Time elapsed: 20.938 sec
Running com.thinkaurelius.titan.graphdb.astyanax.InternalAstyanaxGraphTest
Tests run: 19, Failures: 0, Errors: 0, Skipped: 0, Time elapsed: 39.39 sec
Running com.thinkaurelius.titan.diskstorage.cassandra.thrift.InternalCassandraThriftKeyColumnValueTest
Loading time (ms): 814
Reading time (ms): 7733
Tests run: 18, Failures: 0, Errors: 0, Skipped: 0, Time elapsed: 54.268 sec
Running com.thinkaurelius.titan.diskstorage.cassandra.astyanax.InternalAstyanaxLockKeyColumnValueStoreTest
Tests run: 14, Failures: 0, Errors: 0, Skipped: 0, Time elapsed: 21.64 sec
Running com.thinkaurelius.titan.diskstorage.cassandra.thrift.InternalCassandraThriftMultiWriteKeyColumnValueStoreTest
Tests run: 2, Failures: 0, Errors: 0, Skipped: 0, Time elapsed: 29.268 sec
Running com.thinkaurelius.titan.graphdb.embedded.InternalCassandraEmbeddedGraphTest
Tests run: 19, Failures: 0, Errors: 0, Skipped: 0, Time elapsed: 46.681 sec

Results :

Tests run: 181, Failures: 0, Errors: 0, Skipped: 0

[INFO]                                                                         
[INFO] ------------------------------------------------------------------------
[INFO] Building Titan-HBase: Distributed Graph Database 0.4.0-SNAPSHOT
[INFO] ------------------------------------------------------------------------
[INFO] 
[INFO] --- maven-enforcer-plugin:1.0:enforce (enforce-maven) @ titan-hbase ---
[INFO] 
[INFO] --- maven-resources-plugin:2.3:resources (default-resources) @ titan-hbase ---
[INFO] Using 'UTF-8' encoding to copy filtered resources.
[INFO] Copying 2 resources
[INFO] 
[INFO] --- maven-compiler-plugin:2.5.1:compile (default-compile) @ titan-hbase ---
[INFO] Nothing to compile - all classes are up to date
[INFO] 
[INFO] --- maven-resources-plugin:2.3:testResources (default-testResources) @ titan-hbase ---
[INFO] Using 'UTF-8' encoding to copy filtered resources.
[INFO] Copying 2 resources
[INFO] 
[INFO] --- maven-compiler-plugin:2.5.1:testCompile (default-testCompile) @ titan-hbase ---
[INFO] Nothing to compile - all classes are up to date
[INFO] 
[INFO] --- maven-dependency-plugin:2.7:copy-dependencies (default) @ titan-hbase ---
[INFO] grizzly-http-2.2.16.jar already exists in destination.
[INFO] oro-2.0.8.jar already exists in destination.
[INFO] pfl-tf-1.0.0-b001.jar already exists in destination.
[INFO] stax-api-1.0.1.jar already exists in destination.
[INFO] commons-net-1.4.1.jar already exists in destination.
[INFO] json-simple-1.1.jar already exists in destination.
[INFO] metrics-core-2.1.2.jar already exists in destination.
[INFO] pfl-basic-tools-1.0.0-b001.jar already exists in destination.
[INFO] concurrent-1.3.4.jar already exists in destination.
[INFO] pipes-2.3.0.jar already exists in destination.
[INFO] httpcore-4.1.3.jar already exists in destination.
[INFO] hadoop-core-1.0.3.jar already exists in destination.
[INFO] gremlin-groovy-2.3.0.jar already exists in destination.
[INFO] groovy-1.8.9.jar already exists in destination.
[INFO] jline-0.9.94.jar already exists in destination.
[INFO] commons-beanutils-1.7.0.jar already exists in destination.
[INFO] jackson-datatype-json-org-2.1.2.jar already exists in destination.
[INFO] commons-httpclient-3.1.jar already exists in destination.
[INFO] javax.servlet-api-3.0.1.jar already exists in destination.
[INFO] lucene-memory-3.6.2.jar already exists in destination.
[INFO] asm-commons-3.2.jar already exists in destination.
[INFO] colt-1.2.0.jar already exists in destination.
[INFO] commons-cli-1.2.jar already exists in destination.
[INFO] jersey-client-1.17.jar already exists in destination.
[INFO] jersey-servlet-1.17.jar already exists in destination.
[INFO] jasper-compiler-5.5.23.jar already exists in destination.
[INFO] jackson-annotations-2.1.1.jar already exists in destination.
[INFO] jamon-runtime-2.3.1.jar already exists in destination.
[INFO] log4j-1.2.16.jar already exists in destination.
[INFO] rexster-protocol-2.3.0.jar already exists in destination.
[INFO] lucene-highlighter-3.6.2.jar already exists in destination.
[INFO] minlog-1.2.jar already exists in destination.
[INFO] jackson-xc-1.8.8.jar already exists in destination.
[INFO] kfs-0.3.jar already exists in destination.
[INFO] jackson-core-asl-1.8.8.jar already exists in destination.
[INFO] libthrift-0.8.0.jar already exists in destination.
[INFO] grizzly-http-servlet-2.2.16.jar already exists in destination.
[INFO] hppc-0.4.2.jar already exists in destination.
[INFO] commons-math-2.2.jar already exists in destination.
[INFO] lucene-core-3.6.2.jar already exists in destination.
[INFO] jaxb-api-2.1.jar already exists in destination.
[INFO] jettison-1.3.3.jar already exists in destination.
[INFO] slf4j-api-1.6.1.jar already exists in destination.
[INFO] guava-13.0.1.jar already exists in destination.
[INFO] grizzly-framework-2.2.16.jar already exists in destination.
[INFO] jaxb-impl-2.2.3-1.jar already exists in destination.
[INFO] jersey-core-1.8.jar already exists in destination.
[INFO] commons-el-1.0.jar already exists in destination.
[INFO] asm-3.1.jar already exists in destination.
[INFO] classes already exists in destination.
[INFO] asm-analysis-3.2.jar already exists in destination.
[INFO] gremlin-java-2.3.0.jar already exists in destination.
[INFO] mockito-all-1.8.1.jar already exists in destination.
[INFO] core-3.1.1.jar already exists in destination.
[INFO] jackson-databind-2.1.2.jar already exists in destination.
[INFO] asm-tree-3.2.jar already exists in destination.
[INFO] hbase-0.94.1.jar already exists in destination.
[INFO] classes already exists in destination.
[INFO] lucene-analyzers-3.6.2.jar already exists in destination.
[INFO] elasticsearch-0.20.5.jar already exists in destination.
[INFO] commons-logging-1.1.1.jar already exists in destination.
[INFO] kryo-2.21.jar already exists in destination.
[INFO] httpclient-4.1.2.jar already exists in destination.
[INFO] commons-codec-1.7.jar already exists in destination.
[INFO] spatial4j-0.3.jar already exists in destination.
[INFO] protobuf-java-2.4.0a.jar already exists in destination.
[INFO] jersey-grizzly2-1.17.jar already exists in destination.
[INFO] reflectasm-1.07-shaded.jar already exists in destination.
[INFO] jsp-2.1-6.1.14.jar already exists in destination.
[INFO] grizzly-portunif-2.2.16.jar already exists in destination.
[INFO] gmbal-3.2.0-b003.jar already exists in destination.
[INFO] jackson-mapper-asl-1.8.8.jar already exists in destination.
[INFO] jetty-util-6.1.26.jar already exists in destination.
[INFO] objenesis-1.2.jar already exists in destination.
[INFO] jersey-server-1.8.jar already exists in destination.
[INFO] lucene-queries-3.6.2.jar already exists in destination.
[INFO] commons-digester-1.8.jar already exists in destination.
[INFO] activation-1.1.jar already exists in destination.
[INFO] commons-lang-2.5.jar already exists in destination.
[INFO] xmlenc-0.52.jar already exists in destination.
[INFO] jets3t-0.7.1.jar already exists in destination.
[INFO] antlr-2.7.7.jar already exists in destination.
[INFO] commons-beanutils-core-1.8.0.jar already exists in destination.
[INFO] grizzly-rcm-2.2.16.jar already exists in destination.
[INFO] asm-util-3.2.jar already exists in destination.
[INFO] pfl-tf-tools-1.0.0-b001.jar already exists in destination.
[INFO] rexster-server-2.3.0.jar already exists in destination.
[INFO] blueprints-test-2.3.0.jar already exists in destination.
[INFO] hsqldb-1.8.0.10.jar already exists in destination.
[INFO] grizzly-core-2.2.16.jar already exists in destination.
[INFO] grizzly-http-server-2.2.16.jar already exists in destination.
[INFO] jsr305-1.3.9.jar already exists in destination.
[INFO] junit-4.8.1.jar already exists in destination.
[INFO] jackson-core-2.1.2.jar already exists in destination.
[INFO] servlet-api-2.5-6.1.14.jar already exists in destination.
[INFO] rexster-core-2.3.0.jar already exists in destination.
[INFO] blueprints-core-2.3.0.jar already exists in destination.
[INFO] jsp-api-2.1-6.1.14.jar already exists in destination.
[INFO] netty-3.2.4.Final.jar already exists in destination.
[INFO] jansi-1.5.jar already exists in destination.
[INFO] zookeeper-3.4.3.jar already exists in destination.
[INFO] commons-collections-3.2.1.jar already exists in destination.
[INFO] json-20090211.jar already exists in destination.
[INFO] commons-io-2.0.1.jar already exists in destination.
[INFO] commons-configuration-1.6.jar already exists in destination.
[INFO] management-api-3.0.0-b012.jar already exists in destination.
[INFO] slf4j-log4j12-1.6.1.jar already exists in destination.
[INFO] classes already exists in destination.
[INFO] jersey-json-1.8.jar already exists in destination.
[INFO] msgpack-0.6.5.jar already exists in destination.
[INFO] jasper-runtime-5.5.23.jar already exists in destination.
[INFO] jackson-jaxrs-1.8.8.jar already exists in destination.
[INFO] avro-ipc-1.5.3.jar already exists in destination.
[INFO] javassist-3.15.0-GA.jar already exists in destination.
[INFO] pfl-basic-1.0.0-b001.jar already exists in destination.
[INFO] jetty-6.1.26.jar already exists in destination.
[INFO] pfl-asm-1.0.0-b001.jar already exists in destination.
[INFO] asm-4.0.jar already exists in destination.
[INFO] high-scale-lib-1.1.1.jar already exists in destination.
[INFO] velocity-1.7.jar already exists in destination.
[INFO] 
[INFO] --- maven-surefire-plugin:2.12.1:test (default-test) @ titan-hbase ---
[INFO] Surefire report directory: /home/travis/build/thinkaurelius/titan/titan-hbase/target/surefire-reports

-------------------------------------------------------
 T E S T S
-------------------------------------------------------
Running com.thinkaurelius.titan.blueprints.HBaseBlueprintsTest
Deleteing old test directories (if any).
Testing testVertexEquality...
	titangraph[hbase:null]: 1 vertex added and retrieved in 735.5192530001514ms
Testing testVertexEqualityForSuppliedIdsAndHashCode...
Testing testBasicAddVertex...
Testing testGetVertexWithNull...
Testing testRemoveVertex...
Testing testRemoveVertexWithEdges...
Testing testGetNonExistantVertices...
Testing testRemoveVertexNullId...
	titangraph[hbase:null]: 100 vertices added in 8.882877999916673ms
	titangraph[hbase:null]: 100 vertices removed in 9.374227000167593ms
Testing testVertexIterator...
	titangraph[hbase:null]: 1000 vertices added in 700.4380469999742ms
	titangraph[hbase:null]: 1000 vertices counted in 6.363075000001118ms
Testing testLegalVertexEdgeIterables...
Testing testAddVertexProperties...
Testing testAddManyVertexProperties...
	titangraph[hbase:null]: 750 vertex properties added (with vertices being added too) in 19950.95221300004ms
Testing testRemoveVertexProperties...
Testing testAddingIdProperty...
Testing testNoConcurrentModificationException...
Testing testGettingEdgesAndVertices...
Testing testEmptyKeyProperty...
Testing testVertexCentricLinking...
Testing testVertexCentricRemoving...
Testing testConcurrentModificationOnProperties...
Testing testSettingBadVertexProperties...
*** TOTAL TIME [VertexTestSuite]: 97845.39373599994 ***
Testing testNoConcurrentModificationException...
Testing testEmptyKeyProperty...
Testing testSettingBadVertexProperties...
Testing testEdgeEquality...
Testing testAddEdges...
	titangraph[hbase:null]: 6 elements added and checked in 923.1881530000828ms
Testing testAddManyEdges...
	titangraph[hbase:null]: 300 elements added in 3365.881795999827ms
	titangraph[hbase:null]: 100 edges counted in 17.878220999846235ms
	titangraph[hbase:null]: 200 vertices counted in 23.489259999943897ms
	titangraph[hbase:null]: 200 vertices checked in 20.019494000123814ms
Testing testGetEdges...
	titangraph[hbase:null]: 3 edges retrieved in 2.630407999968156ms
Testing testGetNonExistantEdges...
Testing testRemoveManyEdges...
	titangraph[hbase:null]: 20 vertices counted in 16.859182000160217ms
	titangraph[hbase:null]: 10 edges counted in 24.985480000032112ms
	titangraph[hbase:null]: 10 edges removed and graph checked in 352.26123200007714ms
Testing testAddingDuplicateEdges...
Testing testRemoveEdgesByRemovingVertex...
Testing testRemoveEdges...
Testing testAddingSelfLoops...
Testing testRemoveSelfLoops...
Testing testEdgeIterator...
Testing testAddingRemovingEdgeProperties...
Testing testAddingLabelAndIdProperty...
Testing testEdgeCentricRemoving...
*** TOTAL TIME [EdgeTestSuite]: 26668.712198999943 ***
Testing testFeatureCompliance...
supportsDuplicateEdges: true
supportsSelfLoops: true
supportsSerializableObjectProperty: true
supportsBooleanProperty: true
supportsDoubleProperty: true
supportsFloatProperty: true
supportsIntegerProperty: true
supportsPrimitiveArrayProperty: true
supportsUniformListProperty: true
supportsMixedListProperty: true
supportsLongProperty: true
supportsMapProperty: true
supportsStringProperty: true
ignoresSuppliedIds: true
isPersistent: true
isRDFModel: false
isWrapper: false
supportsIndices: false
supportsVertexIndex: false
supportsEdgeIndex: false
supportsKeyIndices: true
supportsVertexKeyIndex: true
supportsEdgeKeyIndex: true
supportsEdgeIteration: true
supportsVertexIteration: true
supportsEdgeRetrieval: true
supportsVertexProperties: true
supportsEdgeProperties: true
supportsTransactions: true
supportsThreadedTransactions: true
Testing testEmptyOnConstruction...
Testing testStringRepresentationOfVertexId...
Testing testSemanticallyCorrectIterables...
Testing testGettingVerticesAndEdgesWithKeyValue...
Testing testAddingVerticesAndEdges...
Testing testSettingProperties...
Testing testSimpleRemovingVerticesEdges...
Testing testRemovingEdges...
	titangraph[hbase:null]: 100 vertices added in 614.4928379999474ms
	titangraph[hbase:null]: 200 edges added in 5207.23893500003ms
	titangraph[hbase:null]: 200 edges deleted (with size check on each delete) in 7019.354920000071ms
Testing testRemovingVertices...
	titangraph[hbase:null]: 500 vertices added in 628.2394949998707ms
	titangraph[hbase:null]: 250 edges added in 6435.324651999865ms
	titangraph[hbase:null]: 500 vertices deleted (with size check on each delete) in 14600.96848699986ms
Testing testConnectivityPatterns...
Testing testVertexEdgeLabels...
Testing testVertexEdgeLabels2...
Testing testTreeConnectivity...
	titangraph[hbase:null]: 1464 vertices added in a tree structure in 1092.6798209999688ms
	titangraph[hbase:null]: 1464 vertices iterated in 22.98490300006233ms
	titangraph[hbase:null]: 1463 edges iterated in 37.42483699996956ms
Testing testConcurrentModification...
Testing testGraphDataPersists...
	titangraph[hbase:null]: 1 graph loaded in 60.653720000060275ms
Testing testAutotypingOfProperties...
*** TOTAL TIME [GraphTestSuite]: 54709.902419000166 ***
Testing testGraphQueryForVertices...
Testing testGraphQueryForEdges...
Testing testVertexQuery...
*** TOTAL TIME [QueryTestSuite]: 6822.7149669998325 ***
Testing testNoConcurrentModificationException...
Testing testGettingVerticesAndEdgesWithKeyValue...
Testing testAutoIndexKeyManagementWithPersistence...
	titangraph[hbase:null]: 2 automatic index keys added in 614.209514999995ms
	titangraph[hbase:null]: 2 automatic index keys added in 2.5366790001280606ms
Testing testKeyIndicesConsistentWithElementRemoval...
*** TOTAL TIME [KeyIndexableGraphTestSuite]: 5232.105125000002 ***
Testing testCompetingThreads...
Testing testTrue...
Testing testRepeatedTransactionStopException...
Testing testAutoStartTransaction...
Testing testTransactionsForVertices...
	titangraph[hbase:null]: 1 vertex not added in failed transaction in 67.03453399986029ms
	titangraph[hbase:null]: 1 vertex added in successful transaction in 34.999110999982804ms
Testing testBasicVertexEdgeTransactions...
Testing testBruteVertexTransactions...
	titangraph[hbase:null]: 100 vertices added in 100 successful transactions in 843.9339329998475ms
	titangraph[hbase:null]: 100 vertices not added in 100 failed transactions in 15.69141299999319ms
	titangraph[hbase:null]: 100 vertices added in 1 successful transactions in 71.22305399994366ms
	titangraph[hbase:null]: 100 vertices not added in 1 failed transactions in 81.41927099996246ms
Testing testTransactionsForEdges...
	titangraph[hbase:null]: 1 edge not added in failed transaction (w/ iteration) in 380.6146819998976ms
	titangraph[hbase:null]: 1 edge added in successful transaction (w/ iteration) in 177.93502900004387ms
Testing testBruteEdgeTransactions...
	titangraph[hbase:null]: 100 edges added in 100 successful transactions (2 vertices added for each edge) in 1337.2366469998378ms
	titangraph[hbase:null]: 100 edges not added in 100 failed transactions (2 vertices added for each edge) in 78.02710599987768ms
	titangraph[hbase:null]: 100 edges added in 1 successful transactions (2 vertices added for each edge) in 189.41045499988832ms
	titangraph[hbase:null]: 100 edges not added in 1 failed transactions (2 vertices added for each edge) in 258.63840300007723ms
Testing testPropertyTransactions...
	titangraph[hbase:null]: 1 vertex added with string property in a successful transaction in 1022.7126029999927ms
	titangraph[hbase:null]: 1 integer property not added in a failed transaction in 5.277391999959946ms
	titangraph[hbase:null]: 2 vertex properties checked in a successful transaction in 2.7307759998366237ms
	titangraph[hbase:null]: 1 edge property added and checked in a successful transaction in 112.11146800010465ms
	titangraph[hbase:null]: 1 edge property added and checked in a failed transaction in 1.1070110001601279ms
Testing testIndexTransactions...
Testing testAutomaticSuccessfulTransactionOnShutdown...
Testing testVertexCountOnPreTransactionCommit...
Testing testBulkTransactionsOnEdges...
Testing testTransactionIsolationCommitCheck...
added vertex
reading vertex before tx
read vertex before tx
Testing testRemoveInTransaction...
*** TOTAL TIME [TransactionalTitanGraphTestSuite]: 21653.2810229999 ***
Testing testVertexReattachment...
*** TOTAL TIME [TitanSpecificBlueprintsTestSuite]: 1504.450603999896 ***
Testing testReadingTinkerGraph...
Testing testTinkerGraphEdges...
	titangraph[hbase:null]: graph-example-1 loaded in 1051.2671940000728ms
Testing testTinkerGraphVertices...
	titangraph[hbase:null]: graph-example-1 loaded in 1041.3707060001325ms
Testing testTinkerGraphSoftwareVertices...
	titangraph[hbase:null]: graph-example-1 loaded in 1039.8284099998418ms
Testing testTinkerGraphVertexAndEdges...
	titangraph[hbase:null]: graph-example-1 loaded in 1044.257242999971ms
Testing testReadingTinkerGraphExample3...
Testing testReadingTinkerGraphExample3MappingLabels...
	titangraph[hbase:null]: graph-example-3 loaded in 1046.9384510000236ms
Testing testReadingTinkerGraphExample3MappingIDs...
	titangraph[hbase:null]: graph-example-3 loaded in 1042.5966040000785ms
Testing testReadingTinkerGraphExample3MappingAll...
	titangraph[hbase:null]: graph-example-3 loaded in 1039.7938129999675ms
Testing testMigratingTinkerGraphExample3...
Testing testAllGraphMLTypeCastsAndDataMappings...
*** TOTAL TIME [GraphMLReaderTestSuite]: 10692.415934999939 ***
Testing testReadingTinkerGraph...
Testing testTinkerGraphEdges...
	titangraph[hbase:null]: graph-example-1 loaded in 1221.6140850000083ms
Testing testTinkerGraphVertices...
	titangraph[hbase:null]: graph-example-1 loaded in 1040.0697990001645ms
Testing testTinkerGraphSoftwareVertices...
	titangraph[hbase:null]: graph-example-1 loaded in 1041.301885999972ms
Testing testTinkerGraphVertexAndEdges...
	titangraph[hbase:null]: graph-example-1 loaded in 1041.4817520000506ms
*** TOTAL TIME [GraphSONReaderTestSuite]: 6057.112639999948 ***
Testing testReadingTinkerGraph...
Testing testTinkerGraphEdges...
	titangraph[hbase:null]: graph-example-1 loaded in 1040.3695509999525ms
Testing testTinkerGraphVertices...
	titangraph[hbase:null]: graph-example-1 loaded in 1043.6571540001314ms
Testing testTinkerGraphSoftwareVertices...
	titangraph[hbase:null]: graph-example-1 loaded in 1040.0569500001147ms
Testing testTinkerGraphVertexAndEdges...
	titangraph[hbase:null]: graph-example-1 loaded in 1037.2351679999847ms
Testing testReadingTinkerGraphExample3...
Testing testReadingTinkerGraphExample3MappingLabels...
	titangraph[hbase:null]: graph-example-3 loaded in 1041.725590000162ms
Testing testReadingTinkerGraphExample3MappingIDs...
	titangraph[hbase:null]: graph-example-3 loaded in 1046.6851030001417ms
Testing testReadingTinkerGraphExample3MappingAll...
	titangraph[hbase:null]: graph-example-3 loaded in 1037.9424430001527ms
Testing testMigratingTinkerGraphExample3...
*** TOTAL TIME [GMLReaderTestSuite]: 10383.689650999848 ***
Tests run: 10, Failures: 0, Errors: 0, Skipped: 0, Time elapsed: 241.624 sec
Running com.thinkaurelius.titan.diskstorage.hbase.HBaseMultiWriteKeyColumnValueStoreTest
Tests run: 2, Failures: 0, Errors: 0, Skipped: 0, Time elapsed: 40.681 sec
Running com.thinkaurelius.titan.diskstorage.hbase.HBaseKeyColumnValueTest
Loading time (ms): 1132
Reading time (ms): 2557
Tests run: 17, Failures: 0, Errors: 0, Skipped: 0, Time elapsed: 72.78 sec
Running com.thinkaurelius.titan.diskstorage.hbase.HBaseLockKeyColumnValueStoreTest
Tests run: 14, Failures: 0, Errors: 0, Skipped: 0, Time elapsed: 44.787 sec
Running com.thinkaurelius.titan.graphdb.hbase.HBaseGraphTest
Tests run: 19, Failures: 0, Errors: 0, Skipped: 0, Time elapsed: 45.84 sec
All done. Shutting done HBase.

Results :

Tests run: 62, Failures: 0, Errors: 0, Skipped: 0

[INFO]                                                                         
[INFO] ------------------------------------------------------------------------
[INFO] Building Titan-Lucene: Indexing Support 0.4.0-SNAPSHOT
[INFO] ------------------------------------------------------------------------
[INFO] 
[INFO] --- maven-enforcer-plugin:1.0:enforce (enforce-maven) @ titan-lucene ---
[INFO] 
[INFO] --- maven-resources-plugin:2.3:resources (default-resources) @ titan-lucene ---
[INFO] Using 'UTF-8' encoding to copy filtered resources.
[INFO] skip non existing resourceDirectory /home/travis/build/thinkaurelius/titan/titan-lucene/src/main/resources
[INFO] 
[INFO] --- maven-compiler-plugin:2.5.1:compile (default-compile) @ titan-lucene ---
[INFO] Nothing to compile - all classes are up to date
[INFO] 
[INFO] --- maven-resources-plugin:2.3:testResources (default-testResources) @ titan-lucene ---
[INFO] Using 'UTF-8' encoding to copy filtered resources.
[INFO] Copying 1 resource
[INFO] 
[INFO] --- maven-compiler-plugin:2.5.1:testCompile (default-testCompile) @ titan-lucene ---
[INFO] Nothing to compile - all classes are up to date
[INFO] 
[INFO] --- maven-surefire-plugin:2.12.1:test (default-test) @ titan-lucene ---
[INFO] Surefire report directory: /home/travis/build/thinkaurelius/titan/titan-lucene/target/surefire-reports

-------------------------------------------------------
 T E S T S
-------------------------------------------------------
Running com.thinkaurelius.titan.diskstorage.lucene.LuceneIndexTest
84 vs 73.867869045
Query time on 30000 docs (ms): 188
Tests run: 5, Failures: 0, Errors: 0, Skipped: 0, Time elapsed: 9.217 sec

Results :

Tests run: 5, Failures: 0, Errors: 0, Skipped: 0

[INFO]                                                                         
[INFO] ------------------------------------------------------------------------
[INFO] Building Titan-All: Complete Titan Distribution 0.4.0-SNAPSHOT
[INFO] ------------------------------------------------------------------------
[INFO] 
[INFO] --- maven-enforcer-plugin:1.0:enforce (enforce-maven) @ titan-all ---
[INFO] 
[INFO] --- maven-resources-plugin:2.3:resources (default-resources) @ titan-all ---
[INFO] Using 'UTF-8' encoding to copy filtered resources.
[INFO] Copying 2 resources
[INFO] 
[INFO] --- maven-compiler-plugin:2.5.1:compile (default-compile) @ titan-all ---
[INFO] No sources to compile
[INFO] 
[INFO] --- maven-resources-plugin:2.3:testResources (default-testResources) @ titan-all ---
[INFO] Using 'UTF-8' encoding to copy filtered resources.
[INFO] skip non existing resourceDirectory /home/travis/build/thinkaurelius/titan/titan-all/src/test/resources
[INFO] 
[INFO] --- maven-compiler-plugin:2.5.1:testCompile (default-testCompile) @ titan-all ---
[INFO] No sources to compile
[INFO] 
[INFO] --- maven-surefire-plugin:2.11:test (default-test) @ titan-all ---
[INFO] No tests to run.
[INFO] Surefire report directory: /home/travis/build/thinkaurelius/titan/titan-all/target/surefire-reports

-------------------------------------------------------
 T E S T S
-------------------------------------------------------

Results :

Tests run: 0, Failures: 0, Errors: 0, Skipped: 0

[INFO] ------------------------------------------------------------------------
[INFO] Reactor Summary:
[INFO] 
[INFO] Titan: Distributed Graph Database ................. SUCCESS [1.191s]
[INFO] Titan-Core: Core Library for Titan ................ SUCCESS [3.793s]
[INFO] Titan-Test: Test Suite for Titan .................. SUCCESS [58.446s]
[INFO] Titan-ElasticSearch: Distributed Indexing Support . SUCCESS [21.682s]
[INFO] Titan-BerkeleyJE: Distributed Graph Database ...... SUCCESS [58.273s]
[INFO] Titan-Cassandra: Distributed Graph Database ....... SUCCESS [12:32.486s]
[INFO] Titan-HBase: Distributed Graph Database ........... SUCCESS [7:27.342s]
[INFO] Titan-Lucene: Indexing Support .................... SUCCESS [9.691s]
[INFO] Titan-All: Complete Titan Distribution ............ SUCCESS [0.525s]
[INFO] ------------------------------------------------------------------------
[INFO] BUILD SUCCESS
[INFO] ------------------------------------------------------------------------
[INFO] Total time: 22:33.940s
[INFO] Finished at: Sun Mar 31 15:14:44 UTC 2013
[INFO] Final Memory: 18M/179M
[INFO] ------------------------------------------------------------------------

The command "mvn test" exited with 0.

Done. Your build exited with 0.
