Using worker: bluebox-linux-3.worker.travis-ci.org:travis-linux-20

travis_fold:start:git.1$ git clone --depth=50 --branch=master git://github.com/thinkaurelius/titan.git thinkaurelius/titan
Cloning into 'thinkaurelius/titan'...
remote: Counting objects: 3298, done.[K
remote: Compressing objects:   0% (1/1587)   [Kremote: Compressing objects:   1% (16/1587)   [Kremote: Compressing objects:   2% (32/1587)   [Kremote: Compressing objects:   3% (48/1587)   [Kremote: Compressing objects:   4% (64/1587)   [Kremote: Compressing objects:   5% (80/1587)   [Kremote: Compressing objects:   6% (96/1587)   [Kremote: Compressing objects:   7% (112/1587)   [Kremote: Compressing objects:   8% (127/1587)   [Kremote: Compressing objects:   9% (143/1587)   [Kremote: Compressing objects:  10% (159/1587)   [Kremote: Compressing objects:  11% (175/1587)   [Kremote: Compressing objects:  12% (191/1587)   [Kremote: Compressing objects:  13% (207/1587)   [Kremote: Compressing objects:  14% (223/1587)   [Kremote: Compressing objects:  15% (239/1587)   [Kremote: Compressing objects:  16% (254/1587)   [Kremote: Compressing objects:  17% (270/1587)   [Kremote: Compressing objects:  18% (286/1587)   [Kremote: Compressing objects:  19% (302/1587)   [Kremote: Compressing objects:  20% (318/1587)   [Kremote: Compressing objects:  21% (334/1587)   [Kremote: Compressing objects:  22% (350/1587)   [Kremote: Compressing objects:  23% (366/1587)   [Kremote: Compressing objects:  24% (381/1587)   [Kremote: Compressing objects:  25% (397/1587)   [Kremote: Compressing objects:  26% (413/1587)   [Kremote: Compressing objects:  27% (429/1587)   [Kremote: Compressing objects:  28% (445/1587)   [Kremote: Compressing objects:  29% (461/1587)   [Kremote: Compressing objects:  30% (477/1587)   [Kremote: Compressing objects:  31% (492/1587)   [Kremote: Compressing objects:  32% (508/1587)   [Kremote: Compressing objects:  33% (524/1587)   [Kremote: Compressing objects:  34% (540/1587)   [Kremote: Compressing objects:  35% (556/1587)   [Kremote: Compressing objects:  36% (572/1587)   [Kremote: Compressing objects:  37% (588/1587)   [Kremote: Compressing objects:  38% (604/1587)   [Kremote: Compressing objects:  39% (619/1587)   [Kremote: Compressing objects:  40% (635/1587)   [Kremote: Compressing objects:  41% (651/1587)   [Kremote: Compressing objects:  42% (667/1587)   [Kremote: Compressing objects:  43% (683/1587)   [Kremote: Compressing objects:  44% (699/1587)   [Kremote: Compressing objects:  45% (715/1587)   [Kremote: Compressing objects:  46% (731/1587)   [Kremote: Compressing objects:  47% (746/1587)   [Kremote: Compressing objects:  48% (762/1587)   [Kremote: Compressing objects:  49% (778/1587)   [Kremote: Compressing objects:  50% (794/1587)   [Kremote: Compressing objects:  51% (810/1587)   [Kremote: Compressing objects:  52% (826/1587)   [Kremote: Compressing objects:  53% (842/1587)   [Kremote: Compressing objects:  54% (857/1587)   [Kremote: Compressing objects:  55% (873/1587)   [Kremote: Compressing objects:  56% (889/1587)   [Kremote: Compressing objects:  57% (905/1587)   [Kremote: Compressing objects:  58% (921/1587)   [Kremote: Compressing objects:  59% (937/1587)   [Kremote: Compressing objects:  60% (953/1587)   [Kremote: Compressing objects:  61% (969/1587)   [Kremote: Compressing objects:  62% (984/1587)   [Kremote: Compressing objects:  63% (1000/1587)   [Kremote: Compressing objects:  64% (1016/1587)   [Kremote: Compressing objects:  65% (1032/1587)   [Kremote: Compressing objects:  66% (1048/1587)   [Kremote: Compressing objects:  67% (1064/1587)   [Kremote: Compressing objects:  68% (1080/1587)   [Kremote: Compressing objects:  69% (1096/1587)   [Kremote: Compressing objects:  70% (1111/1587)   [Kremote: Compressing objects:  71% (1127/1587)   [Kremote: Compressing objects:  72% (1143/1587)   [Kremote: Compressing objects:  73% (1159/1587)   [Kremote: Compressing objects:  74% (1175/1587)   [Kremote: Compressing objects:  75% (1191/1587)   [Kremote: Compressing objects:  76% (1207/1587)   [Kremote: Compressing objects:  77% (1222/1587)   [Kremote: Compressing objects:  78% (1238/1587)   [Kremote: Compressing objects:  79% (1254/1587)   [Kremote: Compressing objects:  80% (1270/1587)   [Kremote: Compressing objects:  81% (1286/1587)   [Kremote: Compressing objects:  82% (1302/1587)   [Kremote: Compressing objects:  83% (1318/1587)   [Kremote: Compressing objects:  84% (1334/1587)   [Kremote: Compressing objects:  85% (1349/1587)   [Kremote: Compressing objects:  86% (1365/1587)   [Kremote: Compressing objects:  87% (1381/1587)   [Kremote: Compressing objects:  88% (1397/1587)   [Kremote: Compressing objects:  89% (1413/1587)   [Kremote: Compressing objects:  90% (1429/1587)   [Kremote: Compressing objects:  91% (1445/1587)   [Kremote: Compressing objects:  92% (1461/1587)   [Kremote: Compressing objects:  93% (1476/1587)   [Kremote: Compressing objects:  94% (1492/1587)   [Kremote: Compressing objects:  95% (1508/1587)   [Kremote: Compressing objects:  96% (1524/1587)   [Kremote: Compressing objects:  97% (1540/1587)   [Kremote: Compressing objects:  98% (1556/1587)   [Kremote: Compressing objects:  99% (1572/1587)   [Kremote: Compressing objects: 100% (1587/1587)   [Kremote: Compressing objects: 100% (1587/1587), done.[K
Receiving objects:   0% (1/3298)   Receiving objects:   1% (33/3298)   Receiving objects:   2% (66/3298)   Receiving objects:   3% (99/3298)   Receiving objects:   4% (132/3298)   Receiving objects:   5% (165/3298)   Receiving objects:   6% (198/3298)   Receiving objects:   7% (231/3298)   Receiving objects:   8% (264/3298)   Receiving objects:   9% (297/3298)   Receiving objects:  10% (330/3298)   Receiving objects:  11% (363/3298)   Receiving objects:  12% (396/3298)   Receiving objects:  13% (429/3298)   Receiving objects:  14% (462/3298)   Receiving objects:  15% (495/3298)   Receiving objects:  16% (528/3298)   Receiving objects:  17% (561/3298)   Receiving objects:  18% (594/3298), 4.17 MiB | 8.30 MiB/s   Receiving objects:  19% (627/3298), 4.17 MiB | 8.30 MiB/s   Receiving objects:  20% (660/3298), 4.17 MiB | 8.30 MiB/s   Receiving objects:  21% (693/3298), 4.17 MiB | 8.30 MiB/s   Receiving objects:  22% (726/3298), 4.17 MiB | 8.30 MiB/s   Receiving objects:  23% (759/3298), 4.17 MiB | 8.30 MiB/s   Receiving objects:  24% (792/3298), 4.17 MiB | 8.30 MiB/s   Receiving objects:  25% (825/3298), 4.17 MiB | 8.30 MiB/s   Receiving objects:  26% (858/3298), 4.17 MiB | 8.30 MiB/s   Receiving objects:  27% (891/3298), 4.17 MiB | 8.30 MiB/s   Receiving objects:  28% (924/3298), 4.17 MiB | 8.30 MiB/s   Receiving objects:  29% (957/3298), 4.17 MiB | 8.30 MiB/s   Receiving objects:  30% (990/3298), 4.17 MiB | 8.30 MiB/s   Receiving objects:  31% (1023/3298), 4.17 MiB | 8.30 MiB/s   Receiving objects:  32% (1056/3298), 4.17 MiB | 8.30 MiB/s   Receiving objects:  33% (1089/3298), 4.17 MiB | 8.30 MiB/s   Receiving objects:  34% (1122/3298), 4.17 MiB | 8.30 MiB/s   Receiving objects:  35% (1155/3298), 4.17 MiB | 8.30 MiB/s   Receiving objects:  36% (1188/3298), 4.17 MiB | 8.30 MiB/s   Receiving objects:  37% (1221/3298), 4.17 MiB | 8.30 MiB/s   Receiving objects:  38% (1254/3298), 4.17 MiB | 8.30 MiB/s   Receiving objects:  39% (1287/3298), 4.17 MiB | 8.30 MiB/s   Receiving objects:  40% (1320/3298), 4.17 MiB | 8.30 MiB/s   Receiving objects:  41% (1353/3298), 4.17 MiB | 8.30 MiB/s   Receiving objects:  42% (1386/3298), 4.17 MiB | 8.30 MiB/s   Receiving objects:  43% (1419/3298), 4.17 MiB | 8.30 MiB/s   Receiving objects:  44% (1452/3298), 4.17 MiB | 8.30 MiB/s   Receiving objects:  45% (1485/3298), 4.17 MiB | 8.30 MiB/s   Receiving objects:  46% (1518/3298), 4.17 MiB | 8.30 MiB/s   Receiving objects:  47% (1551/3298), 4.17 MiB | 8.30 MiB/s   Receiving objects:  48% (1584/3298), 4.17 MiB | 8.30 MiB/s   Receiving objects:  49% (1617/3298), 4.17 MiB | 8.30 MiB/s   Receiving objects:  50% (1649/3298), 4.17 MiB | 8.30 MiB/s   Receiving objects:  51% (1682/3298), 4.17 MiB | 8.30 MiB/s   Receiving objects:  52% (1715/3298), 4.17 MiB | 8.30 MiB/s   Receiving objects:  53% (1748/3298), 4.17 MiB | 8.30 MiB/s   Receiving objects:  54% (1781/3298), 4.17 MiB | 8.30 MiB/s   Receiving objects:  55% (1814/3298), 4.17 MiB | 8.30 MiB/s   Receiving objects:  56% (1847/3298), 4.17 MiB | 8.30 MiB/s   Receiving objects:  57% (1880/3298), 4.17 MiB | 8.30 MiB/s   Receiving objects:  58% (1913/3298), 4.17 MiB | 8.30 MiB/s   Receiving objects:  59% (1946/3298), 4.17 MiB | 8.30 MiB/s   Receiving objects:  60% (1979/3298), 4.17 MiB | 8.30 MiB/s   Receiving objects:  61% (2012/3298), 4.17 MiB | 8.30 MiB/s   Receiving objects:  62% (2045/3298), 4.17 MiB | 8.30 MiB/s   Receiving objects:  63% (2078/3298), 4.17 MiB | 8.30 MiB/s   Receiving objects:  64% (2111/3298), 4.17 MiB | 8.30 MiB/s   Receiving objects:  65% (2144/3298), 4.17 MiB | 8.30 MiB/s   Receiving objects:  66% (2177/3298), 4.17 MiB | 8.30 MiB/s   Receiving objects:  67% (2210/3298), 4.17 MiB | 8.30 MiB/s   Receiving objects:  68% (2243/3298), 4.17 MiB | 8.30 MiB/s   Receiving objects:  69% (2276/3298), 4.17 MiB | 8.30 MiB/s   Receiving objects:  70% (2309/3298), 4.17 MiB | 8.30 MiB/s   remote: Total 3298 (delta 1236), reused 2829 (delta 939)[K
Receiving objects:  71% (2342/3298), 4.17 MiB | 8.30 MiB/s   Receiving objects:  72% (2375/3298), 4.17 MiB | 8.30 MiB/s   Receiving objects:  73% (2408/3298), 4.17 MiB | 8.30 MiB/s   Receiving objects:  74% (2441/3298), 4.17 MiB | 8.30 MiB/s   Receiving objects:  75% (2474/3298), 4.17 MiB | 8.30 MiB/s   Receiving objects:  76% (2507/3298), 4.17 MiB | 8.30 MiB/s   Receiving objects:  77% (2540/3298), 4.17 MiB | 8.30 MiB/s   Receiving objects:  78% (2573/3298), 4.17 MiB | 8.30 MiB/s   Receiving objects:  79% (2606/3298), 4.17 MiB | 8.30 MiB/s   Receiving objects:  80% (2639/3298), 4.17 MiB | 8.30 MiB/s   Receiving objects:  81% (2672/3298), 4.17 MiB | 8.30 MiB/s   Receiving objects:  82% (2705/3298), 4.17 MiB | 8.30 MiB/s   Receiving objects:  83% (2738/3298), 4.17 MiB | 8.30 MiB/s   Receiving objects:  84% (2771/3298), 4.17 MiB | 8.30 MiB/s   Receiving objects:  85% (2804/3298), 4.17 MiB | 8.30 MiB/s   Receiving objects:  86% (2837/3298), 4.17 MiB | 8.30 MiB/s   Receiving objects:  87% (2870/3298), 4.17 MiB | 8.30 MiB/s   Receiving objects:  88% (2903/3298), 4.17 MiB | 8.30 MiB/s   Receiving objects:  89% (2936/3298), 4.17 MiB | 8.30 MiB/s   Receiving objects:  90% (2969/3298), 4.17 MiB | 8.30 MiB/s   Receiving objects:  91% (3002/3298), 4.17 MiB | 8.30 MiB/s   Receiving objects:  92% (3035/3298), 4.17 MiB | 8.30 MiB/s   Receiving objects:  93% (3068/3298), 4.17 MiB | 8.30 MiB/s   Receiving objects:  94% (3101/3298), 4.17 MiB | 8.30 MiB/s   Receiving objects:  95% (3134/3298), 4.17 MiB | 8.30 MiB/s   Receiving objects:  96% (3167/3298), 4.17 MiB | 8.30 MiB/s   Receiving objects:  97% (3200/3298), 4.17 MiB | 8.30 MiB/s   Receiving objects:  98% (3233/3298), 4.17 MiB | 8.30 MiB/s   Receiving objects:  99% (3266/3298), 4.17 MiB | 8.30 MiB/s   Receiving objects: 100% (3298/3298), 4.17 MiB | 8.30 MiB/s   Receiving objects: 100% (3298/3298), 5.00 MiB | 8.30 MiB/s, done.
Resolving deltas:   0% (0/1236)   Resolving deltas:   1% (14/1236)   Resolving deltas:   2% (25/1236)   Resolving deltas:   3% (38/1236)   Resolving deltas:   4% (50/1236)   Resolving deltas:   5% (66/1236)   Resolving deltas:   6% (80/1236)   Resolving deltas:   7% (89/1236)   Resolving deltas:   8% (101/1236)   Resolving deltas:   9% (119/1236)   Resolving deltas:  11% (146/1236)   Resolving deltas:  12% (154/1236)   Resolving deltas:  13% (167/1236)   Resolving deltas:  14% (175/1236)   Resolving deltas:  15% (192/1236)   Resolving deltas:  16% (205/1236)   Resolving deltas:  17% (218/1236)   Resolving deltas:  18% (225/1236)   Resolving deltas:  19% (247/1236)   Resolving deltas:  20% (258/1236)   Resolving deltas:  21% (262/1236)   Resolving deltas:  23% (290/1236)   Resolving deltas:  24% (302/1236)   Resolving deltas:  25% (310/1236)   Resolving deltas:  26% (327/1236)   Resolving deltas:  27% (341/1236)   Resolving deltas:  28% (348/1236)   Resolving deltas:  29% (359/1236)   Resolving deltas:  30% (375/1236)   Resolving deltas:  31% (387/1236)   Resolving deltas:  32% (398/1236)   Resolving deltas:  33% (411/1236)   Resolving deltas:  34% (423/1236)   Resolving deltas:  35% (433/1236)   Resolving deltas:  36% (447/1236)   Resolving deltas:  37% (458/1236)   Resolving deltas:  38% (471/1236)   Resolving deltas:  39% (484/1236)   Resolving deltas:  40% (496/1236)   Resolving deltas:  41% (508/1236)   Resolving deltas:  42% (522/1236)   Resolving deltas:  43% (537/1236)   Resolving deltas:  44% (544/1236)   Resolving deltas:  45% (563/1236)   Resolving deltas:  46% (569/1236)   Resolving deltas:  47% (584/1236)   Resolving deltas:  48% (603/1236)   Resolving deltas:  49% (611/1236)   Resolving deltas:  50% (618/1236)   Resolving deltas:  51% (633/1236)   Resolving deltas:  52% (643/1236)   Resolving deltas:  53% (658/1236)   Resolving deltas:  54% (670/1236)   Resolving deltas:  55% (680/1236)   Resolving deltas:  56% (693/1236)   Resolving deltas:  57% (705/1236)   Resolving deltas:  58% (723/1236)   Resolving deltas:  59% (732/1236)   Resolving deltas:  60% (742/1236)   Resolving deltas:  61% (756/1236)   Resolving deltas:  62% (771/1236)   Resolving deltas:  63% (779/1236)   Resolving deltas:  64% (794/1236)   Resolving deltas:  65% (804/1236)   Resolving deltas:  66% (816/1236)   Resolving deltas:  67% (831/1236)   Resolving deltas:  68% (841/1236)   Resolving deltas:  69% (853/1236)   Resolving deltas:  70% (872/1236)   Resolving deltas:  71% (878/1236)   Resolving deltas:  73% (907/1236)   Resolving deltas:  74% (921/1236)   Resolving deltas:  75% (929/1236)   Resolving deltas:  76% (940/1236)   Resolving deltas:  77% (952/1236)   Resolving deltas:  78% (967/1236)   Resolving deltas:  79% (978/1236)   Resolving deltas:  80% (998/1236)   Resolving deltas:  81% (1004/1236)   Resolving deltas:  82% (1022/1236)   Resolving deltas:  83% (1029/1236)   Resolving deltas:  84% (1039/1236)   Resolving deltas:  85% (1055/1236)   Resolving deltas:  86% (1063/1236)   Resolving deltas:  87% (1077/1236)   Resolving deltas:  88% (1088/1236)   Resolving deltas:  89% (1101/1236)   Resolving deltas:  90% (1114/1236)   Resolving deltas:  91% (1125/1236)   Resolving deltas:  92% (1144/1236)   Resolving deltas:  93% (1150/1236)   Resolving deltas:  94% (1166/1236)   Resolving deltas:  95% (1179/1236)   Resolving deltas:  96% (1187/1236)   Resolving deltas:  97% (1199/1236)   Resolving deltas:  98% (1214/1236)   Resolving deltas:  99% (1226/1236)   Resolving deltas: 100% (1236/1236)   Resolving deltas: 100% (1236/1236), done.
travis_fold:end:git.1$ cd thinkaurelius/titan
travis_fold:start:git.2$ git checkout -qf af257b157ab318b5c7809375eb35abf93b63cf47
travis_fold:end:git.2$ jdk_switcher use openjdk6
Switching to OpenJDK6 (java-1.6.0-openjdk-amd64), JAVA_HOME will be set to /usr/lib/jvm/java-6-openjdk-amd64
update-alternatives: error: no alternatives for apt.
update-alternatives: error: no alternatives for mozilla-javaplugin.so.
update-java-alternatives: plugin alternative does not exist: /usr/lib/jvm/java-6-openjdk-amd64/jre/lib/amd64/IcedTeaPlugin.so
$ java -version
java version "1.6.0_27"
OpenJDK Runtime Environment (IcedTea6 1.12.3) (6b27-1.12.3-0ubuntu1~12.04.1)
OpenJDK 64-Bit Server VM (build 20.0-b12, mixed mode)
$ javac -version
javac 1.6.0_27
travis_fold:start:install$ mvn install --quiet -DskipTests=true
[debug] execute contextualize
[debug] execute contextualize
[debug] execute contextualize
travis_fold:end:install$ mvn test
[INFO] Scanning for projects...
[INFO] ------------------------------------------------------------------------
[INFO] Reactor Build Order:
[INFO] 
[INFO] Titan: Distributed Graph Database
[INFO] Titan-Core: Core Library for Titan
[INFO] Titan-Test: Test Suite for Titan
[INFO] Titan-ElasticSearch: Distributed Indexing Support
[INFO] Titan-BerkeleyJE: Distributed Graph Database
[INFO] Titan-Cassandra: Distributed Graph Database
[INFO] Titan-HBase: Distributed Graph Database
[INFO] Titan-Lucene: Indexing Support
[INFO] Titan-All: Complete Titan Distribution
[INFO]                                                                         
[INFO] ------------------------------------------------------------------------
[INFO] Building Titan: Distributed Graph Database 0.4.0-SNAPSHOT
[INFO] ------------------------------------------------------------------------
[INFO] 
[INFO] --- maven-enforcer-plugin:1.0:enforce (enforce-maven) @ titan ---
[INFO]                                                                         
[INFO] ------------------------------------------------------------------------
[INFO] Building Titan-Core: Core Library for Titan 0.4.0-SNAPSHOT
[INFO] ------------------------------------------------------------------------
[INFO] 
[INFO] --- maven-enforcer-plugin:1.0:enforce (enforce-maven) @ titan-core ---
[INFO] 
[INFO] --- maven-resources-plugin:2.3:resources (default-resources) @ titan-core ---
[INFO] Using 'UTF-8' encoding to copy filtered resources.
[INFO] skip non existing resourceDirectory /home/travis/build/thinkaurelius/titan/titan-core/src/main/resources
[INFO] 
[INFO] --- maven-compiler-plugin:2.5.1:compile (default-compile) @ titan-core ---
[INFO] Nothing to compile - all classes are up to date
[INFO] 
[INFO] --- maven-resources-plugin:2.3:testResources (default-testResources) @ titan-core ---
[INFO] Using 'UTF-8' encoding to copy filtered resources.
[INFO] skip non existing resourceDirectory /home/travis/build/thinkaurelius/titan/titan-core/src/test/resources
[INFO] 
[INFO] --- maven-compiler-plugin:2.5.1:testCompile (default-testCompile) @ titan-core ---
[INFO] No sources to compile
[INFO] 
[INFO] --- maven-surefire-plugin:2.11:test (default-test) @ titan-core ---
[INFO] No tests to run.
[INFO] Surefire report directory: /home/travis/build/thinkaurelius/titan/titan-core/target/surefire-reports
Downloading: http://maven.mirrors.travis-ci.org/nexus/content/repositories/central/org/apache/maven/surefire/surefire-junit3/2.11/surefire-junit3-2.11.pom
2/2 KB            Downloaded: http://maven.mirrors.travis-ci.org/nexus/content/repositories/central/org/apache/maven/surefire/surefire-junit3/2.11/surefire-junit3-2.11.pom (2 KB at 2.7 KB/sec)
Downloading: http://maven.mirrors.travis-ci.org/nexus/content/repositories/central/org/apache/maven/surefire/surefire-providers/2.11/surefire-providers-2.11.pom
3/3 KB            Downloaded: http://maven.mirrors.travis-ci.org/nexus/content/repositories/central/org/apache/maven/surefire/surefire-providers/2.11/surefire-providers-2.11.pom (3 KB at 7.0 KB/sec)
Downloading: http://maven.mirrors.travis-ci.org/nexus/content/repositories/central/org/apache/maven/surefire/surefire-junit3/2.11/surefire-junit3-2.11.jar
4/26 KB   8/26 KB   9/26 KB   13/26 KB   17/26 KB   21/26 KB   25/26 KB   26/26 KB              Downloaded: http://maven.mirrors.travis-ci.org/nexus/content/repositories/central/org/apache/maven/surefire/surefire-junit3/2.11/surefire-junit3-2.11.jar (26 KB at 62.7 KB/sec)

-------------------------------------------------------
 T E S T S
-------------------------------------------------------

Results :

Tests run: 0, Failures: 0, Errors: 0, Skipped: 0

[INFO]                                                                         
[INFO] ------------------------------------------------------------------------
[INFO] Building Titan-Test: Test Suite for Titan 0.4.0-SNAPSHOT
[INFO] ------------------------------------------------------------------------
[INFO] 
[INFO] --- maven-enforcer-plugin:1.0:enforce (enforce-maven) @ titan-test ---
[INFO] 
[INFO] --- maven-resources-plugin:2.3:resources (default-resources) @ titan-test ---
[INFO] Using 'UTF-8' encoding to copy filtered resources.
[INFO] Copying 1 resource
[INFO] 
[INFO] --- maven-compiler-plugin:2.5.1:compile (default-compile) @ titan-test ---
[INFO] Nothing to compile - all classes are up to date
[INFO] 
[INFO] --- maven-resources-plugin:2.3:testResources (default-testResources) @ titan-test ---
[INFO] Using 'UTF-8' encoding to copy filtered resources.
[INFO] Copying 2 resources
[INFO] 
[INFO] --- maven-compiler-plugin:2.5.1:testCompile (default-testCompile) @ titan-test ---
[INFO] Nothing to compile - all classes are up to date
[INFO] 
[INFO] --- maven-surefire-plugin:2.12.1:test (default-test) @ titan-test ---
[INFO] Surefire report directory: /home/travis/build/thinkaurelius/titan/titan-test/target/surefire-reports
Downloading: http://maven.mirrors.travis-ci.org/nexus/content/repositories/central/org/apache/maven/surefire/surefire-junit4/2.12.1/surefire-junit4-2.12.1.pom
3/3 KB              Downloaded: http://maven.mirrors.travis-ci.org/nexus/content/repositories/central/org/apache/maven/surefire/surefire-junit4/2.12.1/surefire-junit4-2.12.1.pom (3 KB at 6.8 KB/sec)
Downloading: http://maven.mirrors.travis-ci.org/nexus/content/repositories/central/org/apache/maven/surefire/surefire-providers/2.12.1/surefire-providers-2.12.1.pom
3/3 KB            Downloaded: http://maven.mirrors.travis-ci.org/nexus/content/repositories/central/org/apache/maven/surefire/surefire-providers/2.12.1/surefire-providers-2.12.1.pom (3 KB at 7.5 KB/sec)
Downloading: http://maven.mirrors.travis-ci.org/nexus/content/repositories/central/org/apache/maven/surefire/surefire-junit4/2.12.1/surefire-junit4-2.12.1.jar
4/34 KB   8/34 KB   9/34 KB   10/34 KB   14/34 KB   18/34 KB   22/34 KB   26/34 KB   27/34 KB   28/34 KB   32/34 KB   34/34 KB              Downloaded: http://maven.mirrors.travis-ci.org/nexus/content/repositories/central/org/apache/maven/surefire/surefire-junit4/2.12.1/surefire-junit4-2.12.1.jar (34 KB at 63.6 KB/sec)

-------------------------------------------------------
 T E S T S
-------------------------------------------------------
Running com.thinkaurelius.titan.graphdb.attribute.GeoshapeTest
circle[10.0,12.5]:100.0
box[[20.0,22.5],[40.5,60.5]]
Tests run: 3, Failures: 0, Errors: 0, Skipped: 0, Time elapsed: 0.097 sec
Running com.thinkaurelius.titan.graphdb.idmanagement.IDPoolTest
Tests run: 3, Failures: 0, Errors: 0, Skipped: 0, Time elapsed: 2.106 sec
Running com.thinkaurelius.titan.diskstorage.util.ByteBufferUtilTest
Tests run: 1, Failures: 0, Errors: 0, Skipped: 0, Time elapsed: 0.123 sec
Running com.thinkaurelius.titan.util.LongEncodingTest
Time to de/encode 1000000 longs (in ms): 1586
Tests run: 1, Failures: 0, Errors: 0, Skipped: 0, Time elapsed: 1.585 sec
Running com.thinkaurelius.titan.diskstorage.inmemory.InMemoryKeyColumnValueStoreTest
Loading time (ms): 1120
Reading time (ms): 232
Tests run: 17, Failures: 0, Errors: 0, Skipped: 0, Time elapsed: 5.413 sec
Running com.thinkaurelius.titan.util.datastructures.BitMapTest
Tests run: 1, Failures: 0, Errors: 0, Skipped: 0, Time elapsed: 0 sec
Running com.thinkaurelius.titan.graphdb.idmanagement.VertexIDAssignerTest
Partition: false
partitionMax: 2147483647
localPartition: null
Partition: true
partitionMax: 2147483647
localPartition: null
Partition: true
partitionMax: 2147483647
localPartition: [0, 2000]
Partition: true
partitionMax: 2147483647
localPartition: [-100000, -1]
Partition: true
partitionMax: 2147483647
localPartition: [-10000, 10000]
Partition: true
partitionMax: 100
localPartition: null
Partition: true
partitionMax: 100
localPartition: [0, 2000]
Partition: true
partitionMax: 100
localPartition: [-100000, -1]
Partition: true
partitionMax: 100
localPartition: [-10000, 10000]
Tests run: 9, Failures: 0, Errors: 0, Skipped: 0, Time elapsed: 16.876 sec
Running com.thinkaurelius.titan.graphdb.idmanagement.VariableLongTest
Writing 10000000 longs in 65567319 bytes. in time: 3881
Writing 1000000 longs in 2983488 bytes. in time: 207
Tests run: 5, Failures: 0, Errors: 0, Skipped: 0, Time elapsed: 4.876 sec
Running com.thinkaurelius.titan.util.datastructures.RandomRemovalListTest
Tests run: 3, Failures: 0, Errors: 0, Skipped: 0, Time elapsed: 1.011 sec
Running com.thinkaurelius.titan.diskstorage.util.StorageFeaturesTest
Tests run: 1, Failures: 0, Errors: 0, Skipped: 0, Time elapsed: 0.001 sec
Running com.thinkaurelius.titan.graphdb.idmanagement.IDManagementTest
Tests run: 3, Failures: 0, Errors: 0, Skipped: 0, Time elapsed: 1.789 sec
Running com.thinkaurelius.titan.tinkerpop.gremlin.ScriptExecutorTest
Tests run: 1, Failures: 0, Errors: 0, Skipped: 0, Time elapsed: 0.005 sec
Running com.thinkaurelius.titan.util.datastructures.ImmutableLongObjectMapTest
Tests run: 3, Failures: 0, Errors: 0, Skipped: 0, Time elapsed: 0.817 sec
Running com.thinkaurelius.titan.diskstorage.locking.LocalLockMediatorTest
Tests run: 1, Failures: 0, Errors: 0, Skipped: 0, Time elapsed: 0.162 sec
Running com.thinkaurelius.titan.diskstorage.inmemory.inMemoryLockKeyColumnValueStoreTest
Tests run: 14, Failures: 0, Errors: 0, Skipped: 0, Time elapsed: 5.895 sec
Running com.thinkaurelius.titan.graphdb.serializer.KryoTest
Tests run: 5, Failures: 0, Errors: 0, Skipped: 0, Time elapsed: 0.014 sec
Running com.thinkaurelius.titan.graphdb.serializer.ByteBufferTest
Tests run: 3, Failures: 0, Errors: 0, Skipped: 0, Time elapsed: 0.287 sec
Running com.thinkaurelius.titan.graphdb.serializer.SerializerTest
Tests run: 9, Failures: 0, Errors: 0, Skipped: 0, Time elapsed: 2.176 sec
Running com.thinkaurelius.titan.tinkerpop.rexster.TitanGraphConfigurationTest
Tests run: 1, Failures: 0, Errors: 0, Skipped: 0, Time elapsed: 0.091 sec
Running com.thinkaurelius.titan.graphdb.inmemory.InMemoryGraphTest
Tests run: 19, Failures: 0, Errors: 0, Skipped: 0, Time elapsed: 26.286 sec

Results :

Tests run: 103, Failures: 0, Errors: 0, Skipped: 0

[INFO]                                                                         
[INFO] ------------------------------------------------------------------------
[INFO] Building Titan-ElasticSearch: Distributed Indexing Support 0.4.0-SNAPSHOT
[INFO] ------------------------------------------------------------------------
[INFO] 
[INFO] --- maven-enforcer-plugin:1.0:enforce (enforce-maven) @ titan-es ---
[INFO] 
[INFO] --- maven-resources-plugin:2.3:resources (default-resources) @ titan-es ---
[INFO] Using 'UTF-8' encoding to copy filtered resources.
[INFO] skip non existing resourceDirectory /home/travis/build/thinkaurelius/titan/titan-es/src/main/resources
[INFO] 
[INFO] --- maven-compiler-plugin:2.5.1:compile (default-compile) @ titan-es ---
[INFO] Nothing to compile - all classes are up to date
[INFO] 
[INFO] --- maven-resources-plugin:2.3:testResources (default-testResources) @ titan-es ---
[INFO] Using 'UTF-8' encoding to copy filtered resources.
[INFO] Copying 1 resource
[INFO] 
[INFO] --- maven-compiler-plugin:2.5.1:testCompile (default-testCompile) @ titan-es ---
[INFO] Nothing to compile - all classes are up to date
[INFO] 
[INFO] --- maven-surefire-plugin:2.12.1:test (default-test) @ titan-es ---
[INFO] Surefire report directory: /home/travis/build/thinkaurelius/titan/titan-es/target/surefire-reports

-------------------------------------------------------
 T E S T S
-------------------------------------------------------
Running com.thinkaurelius.titan.diskstorage.es.ElasticSearchIndexTest
83 vs 73.867869045
Query time on 30000 docs (ms): 1134
Tests run: 5, Failures: 0, Errors: 0, Skipped: 0, Time elapsed: 92.207 sec

Results :

Tests run: 5, Failures: 0, Errors: 0, Skipped: 0

[INFO]                                                                         
[INFO] ------------------------------------------------------------------------
[INFO] Building Titan-BerkeleyJE: Distributed Graph Database 0.4.0-SNAPSHOT
[INFO] ------------------------------------------------------------------------
[INFO] 
[INFO] --- maven-enforcer-plugin:1.0:enforce (enforce-maven) @ titan-berkeleyje ---
[INFO] 
[INFO] --- maven-resources-plugin:2.3:resources (default-resources) @ titan-berkeleyje ---
[INFO] Using 'UTF-8' encoding to copy filtered resources.
[INFO] Copying 2 resources
[INFO] 
[INFO] --- maven-compiler-plugin:2.5.1:compile (default-compile) @ titan-berkeleyje ---
[INFO] Nothing to compile - all classes are up to date
[INFO] 
[INFO] --- maven-resources-plugin:2.3:testResources (default-testResources) @ titan-berkeleyje ---
[INFO] Using 'UTF-8' encoding to copy filtered resources.
[INFO] Copying 2 resources
[INFO] 
[INFO] --- maven-compiler-plugin:2.5.1:testCompile (default-testCompile) @ titan-berkeleyje ---
[INFO] Nothing to compile - all classes are up to date
[INFO] 
[INFO] --- maven-surefire-plugin:2.12.1:test (default-test) @ titan-berkeleyje ---
[INFO] Surefire report directory: /home/travis/build/thinkaurelius/titan/titan-berkeleyje/target/surefire-reports

-------------------------------------------------------
 T E S T S
-------------------------------------------------------
Running com.thinkaurelius.titan.graphdb.berkeleyje.BerkeleyJEGraphTest
Tests run: 19, Failures: 0, Errors: 0, Skipped: 0, Time elapsed: 22.321 sec
Running com.thinkaurelius.titan.diskstorage.berkeleyje.BerkeleyDBjeKeyColumnValueTest
Loading time (ms): 3076
Reading time (ms): 634
Tests run: 17, Failures: 0, Errors: 0, Skipped: 0, Time elapsed: 14.64 sec
Running com.thinkaurelius.titan.diskstorage.berkeleyje.BerkeleyDBjeKeyColumnValueVariableTest
Loading time (ms): 3216
Reading time (ms): 648
Tests run: 17, Failures: 0, Errors: 0, Skipped: 0, Time elapsed: 13.048 sec
Running com.thinkaurelius.titan.diskstorage.berkeleyje.BerkeleyJeHashKeyColumnValueTest
Loading time (ms): 4844
Reading time (ms): 665
Tests run: 17, Failures: 0, Errors: 0, Skipped: 0, Time elapsed: 16.604 sec
Running com.thinkaurelius.titan.tinkerpop.rexster.RexsterServerClientBerkeleyJeTest
Apr 4, 2013 8:20:19 PM org.glassfish.grizzly.servlet.WebappContext deploy
INFO: Starting application [jersey] ...
Apr 4, 2013 8:20:19 PM com.sun.jersey.server.impl.application.WebApplicationImpl _initiate
INFO: Initiating Jersey application, version 'Jersey: 1.17 01/17/2013 03:31 PM'
Apr 4, 2013 8:20:21 PM org.glassfish.grizzly.servlet.WebappContext initServlets
INFO: [jersey] Servlet [com.sun.jersey.spi.container.servlet.ServletContainer] registered for url pattern(s) [[/*]].
Apr 4, 2013 8:20:21 PM org.glassfish.grizzly.servlet.WebappContext deploy
INFO: Application [jersey] is ready to service requests.  Root: [].
Apr 4, 2013 8:20:21 PM org.glassfish.grizzly.http.server.NetworkListener start
INFO: Started listener bound to [0.0.0.0:8182]
Apr 4, 2013 8:20:21 PM org.glassfish.grizzly.http.server.HttpServer start
INFO: [HttpServer] Started.
Apr 4, 2013 8:20:22 PM org.glassfish.grizzly.http.server.NetworkListener stop
INFO: Stopped listener bound to [0.0.0.0:8182]
Tests run: 1, Failures: 0, Errors: 0, Skipped: 0, Time elapsed: 4.536 sec
Running com.thinkaurelius.titan.graphdb.berkeleyje.ElasticSearchBerkeleyDBTest
Tests run: 2, Failures: 0, Errors: 0, Skipped: 0, Time elapsed: 10.489 sec
Running com.thinkaurelius.titan.diskstorage.berkeleyje.BerkeleyJEKeyValueTest
Tests run: 7, Failures: 0, Errors: 0, Skipped: 0, Time elapsed: 1.289 sec
Running com.thinkaurelius.titan.blueprints.BerkeleyJEBlueprintsTest
Testing testVertexEquality...
Opening graph in: /tmp/titan-test/standard
	titangraph[berkeleyje:/tmp/titan-test/standard]: 1 vertex added and retrieved in 1.1203850000165403ms
Testing testVertexEqualityForSuppliedIdsAndHashCode...
Opening graph in: /tmp/titan-test/standard
Testing testBasicAddVertex...
Opening graph in: /tmp/titan-test/standard
Testing testGetVertexWithNull...
Opening graph in: /tmp/titan-test/standard
Testing testRemoveVertex...
Opening graph in: /tmp/titan-test/standard
Testing testRemoveVertexWithEdges...
Opening graph in: /tmp/titan-test/standard
Testing testGetNonExistantVertices...
Opening graph in: /tmp/titan-test/standard
Testing testRemoveVertexNullId...
Opening graph in: /tmp/titan-test/standard
	titangraph[berkeleyje:/tmp/titan-test/standard]: 100 vertices added in 3.5846679999958724ms
	titangraph[berkeleyje:/tmp/titan-test/standard]: 100 vertices removed in 1.3516330000711605ms
Testing testVertexIterator...
Opening graph in: /tmp/titan-test/standard
	titangraph[berkeleyje:/tmp/titan-test/standard]: 1000 vertices added in 35.45952500007115ms
	titangraph[berkeleyje:/tmp/titan-test/standard]: 1000 vertices counted in 2.1105380000080913ms
Testing testLegalVertexEdgeIterables...
Opening graph in: /tmp/titan-test/standard
Testing testAddVertexProperties...
Opening graph in: /tmp/titan-test/standard
Testing testAddManyVertexProperties...
Opening graph in: /tmp/titan-test/standard
	titangraph[berkeleyje:/tmp/titan-test/standard]: 750 vertex properties added (with vertices being added too) in 2542.736986999982ms
Testing testRemoveVertexProperties...
Opening graph in: /tmp/titan-test/standard
Testing testAddingIdProperty...
Opening graph in: /tmp/titan-test/standard
Testing testNoConcurrentModificationException...
Opening graph in: /tmp/titan-test/standard
Testing testGettingEdgesAndVertices...
Opening graph in: /tmp/titan-test/standard
Testing testEmptyKeyProperty...
Opening graph in: /tmp/titan-test/standard
Testing testVertexCentricLinking...
Opening graph in: /tmp/titan-test/standard
Testing testVertexCentricRemoving...
Opening graph in: /tmp/titan-test/standard
Testing testConcurrentModificationOnProperties...
Opening graph in: /tmp/titan-test/standard
Testing testSettingBadVertexProperties...
Opening graph in: /tmp/titan-test/standard
*** TOTAL TIME [VertexTestSuite]: 3931.828220000025 ***
Testing testNoConcurrentModificationException...
Opening graph in: /tmp/titan-test/standard
Testing testEmptyKeyProperty...
Opening graph in: /tmp/titan-test/standard
Testing testSettingBadVertexProperties...
Opening graph in: /tmp/titan-test/standard
Testing testEdgeEquality...
Opening graph in: /tmp/titan-test/standard
Testing testAddEdges...
Opening graph in: /tmp/titan-test/standard
	titangraph[berkeleyje:/tmp/titan-test/standard]: 6 elements added and checked in 6.249446000088938ms
Testing testAddManyEdges...
Opening graph in: /tmp/titan-test/standard
	titangraph[berkeleyje:/tmp/titan-test/standard]: 300 elements added in 96.20986099995207ms
	titangraph[berkeleyje:/tmp/titan-test/standard]: 100 edges counted in 2.0068119999486953ms
	titangraph[berkeleyje:/tmp/titan-test/standard]: 200 vertices counted in 0.6680120000382885ms
	titangraph[berkeleyje:/tmp/titan-test/standard]: 200 vertices checked in 4.208900000085123ms
Testing testGetEdges...
Opening graph in: /tmp/titan-test/standard
	titangraph[berkeleyje:/tmp/titan-test/standard]: 3 edges retrieved in 0.28542800003197044ms
Testing testGetNonExistantEdges...
Opening graph in: /tmp/titan-test/standard
Testing testRemoveManyEdges...
Opening graph in: /tmp/titan-test/standard
	titangraph[berkeleyje:/tmp/titan-test/standard]: 20 vertices counted in 0.1864449999993667ms
	titangraph[berkeleyje:/tmp/titan-test/standard]: 10 edges counted in 0.3117430000565946ms
	titangraph[berkeleyje:/tmp/titan-test/standard]: 10 edges removed and graph checked in 6.496435999986716ms
Testing testAddingDuplicateEdges...
Opening graph in: /tmp/titan-test/standard
Testing testRemoveEdgesByRemovingVertex...
Opening graph in: /tmp/titan-test/standard
Testing testRemoveEdges...
Opening graph in: /tmp/titan-test/standard
Testing testAddingSelfLoops...
Opening graph in: /tmp/titan-test/standard
Testing testRemoveSelfLoops...
Opening graph in: /tmp/titan-test/standard
Testing testEdgeIterator...
Opening graph in: /tmp/titan-test/standard
Testing testAddingRemovingEdgeProperties...
Opening graph in: /tmp/titan-test/standard
Testing testAddingLabelAndIdProperty...
Opening graph in: /tmp/titan-test/standard
Testing testEdgeCentricRemoving...
Opening graph in: /tmp/titan-test/standard
*** TOTAL TIME [EdgeTestSuite]: 960.4476149999537 ***
Testing testFeatureCompliance...
Opening graph in: /tmp/titan-test/standard
supportsDuplicateEdges: true
supportsSelfLoops: true
supportsSerializableObjectProperty: true
supportsBooleanProperty: true
supportsDoubleProperty: true
supportsFloatProperty: true
supportsIntegerProperty: true
supportsPrimitiveArrayProperty: true
supportsUniformListProperty: true
supportsMixedListProperty: true
supportsLongProperty: true
supportsMapProperty: true
supportsStringProperty: true
ignoresSuppliedIds: true
isPersistent: true
isRDFModel: false
isWrapper: false
supportsIndices: false
supportsVertexIndex: false
supportsEdgeIndex: false
supportsKeyIndices: true
supportsVertexKeyIndex: true
supportsEdgeKeyIndex: true
supportsEdgeIteration: true
supportsVertexIteration: true
supportsEdgeRetrieval: true
supportsVertexProperties: true
supportsEdgeProperties: true
supportsTransactions: true
supportsThreadedTransactions: true
Testing testEmptyOnConstruction...
Opening graph in: /tmp/titan-test/standard
Testing testStringRepresentationOfVertexId...
Opening graph in: /tmp/titan-test/standard
Testing testSemanticallyCorrectIterables...
Opening graph in: /tmp/titan-test/standard
Testing testGettingVerticesAndEdgesWithKeyValue...
Opening graph in: /tmp/titan-test/standard
Testing testAddingVerticesAndEdges...
Opening graph in: /tmp/titan-test/standard
Testing testSettingProperties...
Opening graph in: /tmp/titan-test/standard
Testing testSimpleRemovingVerticesEdges...
Opening graph in: /tmp/titan-test/standard
Testing testRemovingEdges...
Opening graph in: /tmp/titan-test/standard
	titangraph[berkeleyje:/tmp/titan-test/standard]: 100 vertices added in 4.1062000000383705ms
	titangraph[berkeleyje:/tmp/titan-test/standard]: 200 edges added in 328.4983109999448ms
	titangraph[berkeleyje:/tmp/titan-test/standard]: 200 edges deleted (with size check on each delete) in 271.63889399997424ms
Testing testRemovingVertices...
Opening graph in: /tmp/titan-test/standard
	titangraph[berkeleyje:/tmp/titan-test/standard]: 500 vertices added in 13.448327000020072ms
	titangraph[berkeleyje:/tmp/titan-test/standard]: 250 edges added in 362.985221000039ms
	titangraph[berkeleyje:/tmp/titan-test/standard]: 500 vertices deleted (with size check on each delete) in 310.4580970000243ms
Testing testConnectivityPatterns...
Opening graph in: /tmp/titan-test/standard
Testing testVertexEdgeLabels...
Opening graph in: /tmp/titan-test/standard
Testing testVertexEdgeLabels2...
Opening graph in: /tmp/titan-test/standard
Testing testTreeConnectivity...
Opening graph in: /tmp/titan-test/standard
	titangraph[berkeleyje:/tmp/titan-test/standard]: 1464 vertices added in a tree structure in 146.3244189999532ms
	titangraph[berkeleyje:/tmp/titan-test/standard]: 1464 vertices iterated in 1.1576549999881536ms
	titangraph[berkeleyje:/tmp/titan-test/standard]: 1463 edges iterated in 19.7196690000128ms
Testing testConcurrentModification...
Opening graph in: /tmp/titan-test/standard
Testing testGraphDataPersists...
Opening graph in: /tmp/titan-test/standard
Opening graph in: /tmp/titan-test/standard
	titangraph[berkeleyje:/tmp/titan-test/standard]: 1 graph loaded in 11.1397059999872ms
Testing testAutotypingOfProperties...
Opening graph in: /tmp/titan-test/standard
*** TOTAL TIME [GraphTestSuite]: 2461.733104999992 ***
Testing testGraphQueryForVertices...
Opening graph in: /tmp/titan-test/standard
Opening graph in: /tmp/titan-test/standard
Testing testGraphQueryForEdges...
Opening graph in: /tmp/titan-test/standard
Opening graph in: /tmp/titan-test/standard
Testing testVertexQuery...
Opening graph in: /tmp/titan-test/standard
*** TOTAL TIME [QueryTestSuite]: 217.39614500000607 ***
Testing testNoConcurrentModificationException...
Opening graph in: /tmp/titan-test/standard
Testing testGettingVerticesAndEdgesWithKeyValue...
Opening graph in: /tmp/titan-test/standard
Testing testAutoIndexKeyManagementWithPersistence...
Opening graph in: /tmp/titan-test/standard
	titangraph[berkeleyje:/tmp/titan-test/standard]: 2 automatic index keys added in 2.3180779999820516ms
	titangraph[berkeleyje:/tmp/titan-test/standard]: 2 automatic index keys added in 1.1790270000929013ms
Opening graph in: /tmp/titan-test/standard
Testing testKeyIndicesConsistentWithElementRemoval...
Opening graph in: /tmp/titan-test/standard
*** TOTAL TIME [KeyIndexableGraphTestSuite]: 232.4936119999038 ***
Testing testCompetingThreads...
Opening graph in: /tmp/titan-test/standard
Opening graph in: /tmp/titan-test/standard
Testing testCompetingThreadsOnMultipleDbInstances...
Opening graph in: /tmp/titan-test/first
Opening graph in: /tmp/titan-test/second
Testing testTrue...
Testing testRepeatedTransactionStopException...
Opening graph in: /tmp/titan-test/standard
Testing testAutoStartTransaction...
Opening graph in: /tmp/titan-test/standard
Testing testTransactionsForVertices...
Opening graph in: /tmp/titan-test/standard
	titangraph[berkeleyje:/tmp/titan-test/standard]: 1 vertex not added in failed transaction in 0.621540000080131ms
	titangraph[berkeleyje:/tmp/titan-test/standard]: 1 vertex added in successful transaction in 1.2435249999398366ms
Testing testBasicVertexEdgeTransactions...
Opening graph in: /tmp/titan-test/standard
Testing testBruteVertexTransactions...
Opening graph in: /tmp/titan-test/standard
	titangraph[berkeleyje:/tmp/titan-test/standard]: 100 vertices added in 100 successful transactions in 45.110145000042394ms
	titangraph[berkeleyje:/tmp/titan-test/standard]: 100 vertices not added in 100 failed transactions in 11.07743400009349ms
	titangraph[berkeleyje:/tmp/titan-test/standard]: 100 vertices added in 1 successful transactions in 13.592246000072919ms
	titangraph[berkeleyje:/tmp/titan-test/standard]: 100 vertices not added in 1 failed transactions in 4.394598999992013ms
Testing testTransactionsForEdges...
Opening graph in: /tmp/titan-test/standard
	titangraph[berkeleyje:/tmp/titan-test/standard]: 1 edge not added in failed transaction (w/ iteration) in 2.009438000037335ms
	titangraph[berkeleyje:/tmp/titan-test/standard]: 1 edge added in successful transaction (w/ iteration) in 1.755487999995239ms
Testing testBruteEdgeTransactions...
Opening graph in: /tmp/titan-test/standard
	titangraph[berkeleyje:/tmp/titan-test/standard]: 100 edges added in 100 successful transactions (2 vertices added for each edge) in 131.94373499997891ms
	titangraph[berkeleyje:/tmp/titan-test/standard]: 100 edges not added in 100 failed transactions (2 vertices added for each edge) in 36.58832900004927ms
	titangraph[berkeleyje:/tmp/titan-test/standard]: 100 edges added in 1 successful transactions (2 vertices added for each edge) in 112.62059399997815ms
	titangraph[berkeleyje:/tmp/titan-test/standard]: 100 edges not added in 1 failed transactions (2 vertices added for each edge) in 26.592617999995127ms
Testing testPropertyTransactions...
Opening graph in: /tmp/titan-test/standard
	titangraph[berkeleyje:/tmp/titan-test/standard]: 1 vertex added with string property in a successful transaction in 4.658032999956049ms
	titangraph[berkeleyje:/tmp/titan-test/standard]: 1 integer property not added in a failed transaction in 2.1077189999632537ms
	titangraph[berkeleyje:/tmp/titan-test/standard]: 2 vertex properties checked in a successful transaction in 0.6391419999999925ms
	titangraph[berkeleyje:/tmp/titan-test/standard]: 1 edge property added and checked in a successful transaction in 1.7032380000455305ms
	titangraph[berkeleyje:/tmp/titan-test/standard]: 1 edge property added and checked in a failed transaction in 0.5156989999813959ms
Testing testIndexTransactions...
Opening graph in: /tmp/titan-test/standard
Testing testAutomaticSuccessfulTransactionOnShutdown...
Opening graph in: /tmp/titan-test/standard
Opening graph in: /tmp/titan-test/standard
Testing testVertexCountOnPreTransactionCommit...
Opening graph in: /tmp/titan-test/standard
Testing testBulkTransactionsOnEdges...
Opening graph in: /tmp/titan-test/standard
Testing testTransactionIsolationCommitCheck...
Opening graph in: /tmp/titan-test/standard
added vertex
reading vertex before tx
read vertex before tx
Testing testRemoveInTransaction...
Opening graph in: /tmp/titan-test/standard
*** TOTAL TIME [TransactionalTitanGraphTestSuite]: 2733.3101480000187 ***
Testing testVertexReattachment...
Opening graph in: /tmp/titan-test/standard
*** TOTAL TIME [TitanSpecificBlueprintsTestSuite]: 49.63154299999587 ***
Testing testReadingTinkerGraph...
Opening graph in: /tmp/titan-test/standard
Testing testTinkerGraphEdges...
Opening graph in: /tmp/titan-test/standard
	titangraph[berkeleyje:/tmp/titan-test/standard]: graph-example-1 loaded in 60.91912199999206ms
Testing testTinkerGraphVertices...
Opening graph in: /tmp/titan-test/standard
	titangraph[berkeleyje:/tmp/titan-test/standard]: graph-example-1 loaded in 16.402926999959163ms
Testing testTinkerGraphSoftwareVertices...
Opening graph in: /tmp/titan-test/standard
	titangraph[berkeleyje:/tmp/titan-test/standard]: graph-example-1 loaded in 13.90525399998296ms
Testing testTinkerGraphVertexAndEdges...
Opening graph in: /tmp/titan-test/standard
	titangraph[berkeleyje:/tmp/titan-test/standard]: graph-example-1 loaded in 16.953310999902897ms
Testing testReadingTinkerGraphExample3...
Opening graph in: /tmp/titan-test/standard
Testing testReadingTinkerGraphExample3MappingLabels...
Opening graph in: /tmp/titan-test/standard
	titangraph[berkeleyje:/tmp/titan-test/standard]: graph-example-3 loaded in 17.300052999984473ms
Testing testReadingTinkerGraphExample3MappingIDs...
Opening graph in: /tmp/titan-test/standard
	titangraph[berkeleyje:/tmp/titan-test/standard]: graph-example-3 loaded in 16.453100999933667ms
Testing testReadingTinkerGraphExample3MappingAll...
Opening graph in: /tmp/titan-test/standard
	titangraph[berkeleyje:/tmp/titan-test/standard]: graph-example-3 loaded in 16.49599500000477ms
Testing testMigratingTinkerGraphExample3...
Opening graph in: /tmp/titan-test/standard
Testing testAllGraphMLTypeCastsAndDataMappings...
Opening graph in: /tmp/titan-test/standard
*** TOTAL TIME [GraphMLReaderTestSuite]: 552.4987040000269 ***
Testing testReadingTinkerGraph...
Opening graph in: /tmp/titan-test/standard
Testing testTinkerGraphEdges...
Opening graph in: /tmp/titan-test/standard
	titangraph[berkeleyje:/tmp/titan-test/standard]: graph-example-1 loaded in 333.88343799998984ms
Testing testTinkerGraphVertices...
Opening graph in: /tmp/titan-test/standard
	titangraph[berkeleyje:/tmp/titan-test/standard]: graph-example-1 loaded in 15.772585000027902ms
Testing testTinkerGraphSoftwareVertices...
Opening graph in: /tmp/titan-test/standard
	titangraph[berkeleyje:/tmp/titan-test/standard]: graph-example-1 loaded in 13.640503000002354ms
Testing testTinkerGraphVertexAndEdges...
Opening graph in: /tmp/titan-test/standard
	titangraph[berkeleyje:/tmp/titan-test/standard]: graph-example-1 loaded in 11.992678999900818ms
*** TOTAL TIME [GraphSONReaderTestSuite]: 565.2714219999034 ***
Testing testReadingTinkerGraph...
Opening graph in: /tmp/titan-test/standard
Testing testTinkerGraphEdges...
Opening graph in: /tmp/titan-test/standard
	titangraph[berkeleyje:/tmp/titan-test/standard]: graph-example-1 loaded in 15.620239999960177ms
Testing testTinkerGraphVertices...
Opening graph in: /tmp/titan-test/standard
	titangraph[berkeleyje:/tmp/titan-test/standard]: graph-example-1 loaded in 11.167997000040486ms
Testing testTinkerGraphSoftwareVertices...
Opening graph in: /tmp/titan-test/standard
	titangraph[berkeleyje:/tmp/titan-test/standard]: graph-example-1 loaded in 14.097300000023097ms
Testing testTinkerGraphVertexAndEdges...
Opening graph in: /tmp/titan-test/standard
	titangraph[berkeleyje:/tmp/titan-test/standard]: graph-example-1 loaded in 13.800155999953859ms
Testing testReadingTinkerGraphExample3...
Opening graph in: /tmp/titan-test/standard
Testing testReadingTinkerGraphExample3MappingLabels...
Opening graph in: /tmp/titan-test/standard
	titangraph[berkeleyje:/tmp/titan-test/standard]: graph-example-3 loaded in 15.597697999910451ms
Testing testReadingTinkerGraphExample3MappingIDs...
Opening graph in: /tmp/titan-test/standard
	titangraph[berkeleyje:/tmp/titan-test/standard]: graph-example-3 loaded in 20.283704000059515ms
Testing testReadingTinkerGraphExample3MappingAll...
Opening graph in: /tmp/titan-test/standard
	titangraph[berkeleyje:/tmp/titan-test/standard]: graph-example-3 loaded in 19.946525000035763ms
Testing testMigratingTinkerGraphExample3...
Opening graph in: /tmp/titan-test/standard
*** TOTAL TIME [GMLReaderTestSuite]: 598.3619999999646 ***
Tests run: 10, Failures: 0, Errors: 0, Skipped: 0, Time elapsed: 12.327 sec

Results :

Tests run: 90, Failures: 0, Errors: 0, Skipped: 0

[INFO]                                                                         
[INFO] ------------------------------------------------------------------------
[INFO] Building Titan-Cassandra: Distributed Graph Database 0.4.0-SNAPSHOT
[INFO] ------------------------------------------------------------------------
[INFO] 
[INFO] --- maven-enforcer-plugin:1.0:enforce (enforce-maven) @ titan-cassandra ---
[INFO] 
[INFO] --- maven-resources-plugin:2.5:resources (default-resources) @ titan-cassandra ---
[debug] execute contextualize
[INFO] Using 'UTF-8' encoding to copy filtered resources.
[INFO] Copying 2 resources
[INFO] 
[INFO] --- maven-compiler-plugin:2.5.1:compile (default-compile) @ titan-cassandra ---
[INFO] Nothing to compile - all classes are up to date
[INFO] 
[INFO] --- maven-resources-plugin:2.5:testResources (default-testResources) @ titan-cassandra ---
[debug] execute contextualize
[INFO] Using 'UTF-8' encoding to copy filtered resources.
[INFO] Copying 2 resources
[INFO] 
[INFO] --- maven-resources-plugin:2.5:copy-resources (copy-resources-127.0.0.1) @ titan-cassandra ---
[debug] execute contextualize
[INFO] Using 'UTF-8' encoding to copy filtered resources.
[INFO] Copying 7 resources
[INFO] 
[INFO] --- maven-compiler-plugin:2.5.1:testCompile (default-testCompile) @ titan-cassandra ---
[INFO] Nothing to compile - all classes are up to date
[INFO] 
[INFO] --- maven-surefire-plugin:2.12.1:test (default-test) @ titan-cassandra ---
[INFO] Surefire report directory: /home/travis/build/thinkaurelius/titan/titan-cassandra/target/surefire-reports

-------------------------------------------------------
 T E S T S
-------------------------------------------------------

-------------------------------------------------------
 T E S T S
-------------------------------------------------------
Running com.thinkaurelius.titan.diskstorage.cassandra.embedded.InternalCassandraEmbeddedKeyColumnValueTest
Loading time (ms): 979
Reading time (ms): 7262
Tests run: 18, Failures: 0, Errors: 0, Skipped: 0, Time elapsed: 33.456 sec
Running com.thinkaurelius.titan.diskstorage.cassandra.embedded.InternalCassandraEmbeddedMultiWriteKeyColumnValueStoreTest
Tests run: 2, Failures: 0, Errors: 0, Skipped: 0, Time elapsed: 16.137 sec
Running com.thinkaurelius.titan.graphdb.astyanax.InternalAstyanaxGraphTest
Tests run: 19, Failures: 0, Errors: 0, Skipped: 0, Time elapsed: 49.419 sec
Running com.thinkaurelius.titan.graphdb.thrift.InternalCassandraGraphTest
Tests run: 19, Failures: 0, Errors: 0, Skipped: 0, Time elapsed: 47.205 sec
Running com.thinkaurelius.titan.diskstorage.cassandra.thrift.InternalCassandraLockKeyColumnValueStoreTest
Tests run: 14, Failures: 0, Errors: 0, Skipped: 0, Time elapsed: 25.947 sec
Running com.thinkaurelius.titan.diskstorage.cassandra.embedded.InternalCassandraEmbeddedLockKeyColumnValueStoreTest
Tests run: 14, Failures: 0, Errors: 0, Skipped: 0, Time elapsed: 30.43 sec
Running com.thinkaurelius.titan.diskstorage.cassandra.UUIDTest
Tests run: 1, Failures: 0, Errors: 0, Skipped: 0, Time elapsed: 0.547 sec
Running com.thinkaurelius.titan.graphdb.embedded.InternalCassandraEmbeddedGraphTest
Tests run: 19, Failures: 0, Errors: 0, Skipped: 0, Time elapsed: 64.472 sec
Running com.thinkaurelius.titan.tinkerpop.rexster.RexsterServerClientCassandraEmbeddedTest
Apr 4, 2013 8:25:39 PM org.glassfish.grizzly.servlet.WebappContext deploy
INFO: Starting application [jersey] ...
Apr 4, 2013 8:25:39 PM com.sun.jersey.server.impl.application.WebApplicationImpl _initiate
INFO: Initiating Jersey application, version 'Jersey: 1.17 01/17/2013 03:31 PM'
Apr 4, 2013 8:25:41 PM org.glassfish.grizzly.servlet.WebappContext initServlets
INFO: [jersey] Servlet [com.sun.jersey.spi.container.servlet.ServletContainer] registered for url pattern(s) [[/*]].
Apr 4, 2013 8:25:41 PM org.glassfish.grizzly.servlet.WebappContext deploy
INFO: Application [jersey] is ready to service requests.  Root: [].
Apr 4, 2013 8:25:41 PM org.glassfish.grizzly.http.server.NetworkListener start
INFO: Started listener bound to [0.0.0.0:8182]
Apr 4, 2013 8:25:41 PM org.glassfish.grizzly.http.server.HttpServer start
INFO: [HttpServer] Started.
Apr 4, 2013 8:25:43 PM org.glassfish.grizzly.http.server.NetworkListener stop
INFO: Stopped listener bound to [0.0.0.0:8182]
Tests run: 1, Failures: 0, Errors: 0, Skipped: 0, Time elapsed: 13.247 sec
Running com.thinkaurelius.titan.diskstorage.cassandra.thrift.InternalCassandraThriftKeyColumnValueTest
Loading time (ms): 1627
Reading time (ms): 9221
Tests run: 18, Failures: 0, Errors: 0, Skipped: 0, Time elapsed: 83.191 sec
Running com.thinkaurelius.titan.diskstorage.cassandra.thrift.InternalCassandraThriftMultiWriteKeyColumnValueStoreTest
Tests run: 2, Failures: 0, Errors: 0, Skipped: 0, Time elapsed: 39.833 sec
Running com.thinkaurelius.titan.blueprints.EmbeddedCassandraBlueprintsTest
Testing testVertexEquality...
	titangraph[embeddedcassandra:null]: 1 vertex added and retrieved in 724.4126890001353ms
Testing testVertexEqualityForSuppliedIdsAndHashCode...
Testing testBasicAddVertex...
Testing testGetVertexWithNull...
Testing testRemoveVertex...
Testing testRemoveVertexWithEdges...
Testing testGetNonExistantVertices...
Testing testRemoveVertexNullId...
	titangraph[embeddedcassandra:null]: 100 vertices added in 10.237727000145242ms
	titangraph[embeddedcassandra:null]: 100 vertices removed in 7.993550999788567ms
Testing testVertexIterator...
	titangraph[embeddedcassandra:null]: 1000 vertices added in 721.7131909998134ms
	titangraph[embeddedcassandra:null]: 1000 vertices counted in 4.544824999989942ms
Testing testLegalVertexEdgeIterables...
Testing testAddVertexProperties...
Testing testAddManyVertexProperties...
	titangraph[embeddedcassandra:null]: 750 vertex properties added (with vertices being added too) in 19753.667641000124ms
Testing testRemoveVertexProperties...
Testing testAddingIdProperty...
Testing testNoConcurrentModificationException...
Testing testGettingEdgesAndVertices...
Testing testEmptyKeyProperty...
Testing testVertexCentricLinking...
Testing testVertexCentricRemoving...
Testing testConcurrentModificationOnProperties...
Testing testSettingBadVertexProperties...
*** TOTAL TIME [VertexTestSuite]: 55938.21978799999 ***
Testing testNoConcurrentModificationException...
Testing testEmptyKeyProperty...
Testing testSettingBadVertexProperties...
Testing testEdgeEquality...
Testing testAddEdges...
	titangraph[embeddedcassandra:null]: 6 elements added and checked in 914.2603559999261ms
Testing testAddManyEdges...
	titangraph[embeddedcassandra:null]: 300 elements added in 3342.1093129999936ms
	titangraph[embeddedcassandra:null]: 100 edges counted in 2.9103229998145252ms
	titangraph[embeddedcassandra:null]: 200 vertices counted in 0.9616789999417961ms
	titangraph[embeddedcassandra:null]: 200 vertices checked in 5.8325849999673665ms
Testing testGetEdges...
	titangraph[embeddedcassandra:null]: 3 edges retrieved in 2.4764179999474436ms
Testing testGetNonExistantEdges...
Testing testRemoveManyEdges...
	titangraph[embeddedcassandra:null]: 20 vertices counted in 0.684322000015527ms
	titangraph[embeddedcassandra:null]: 10 edges counted in 0.7899059997871518ms
	titangraph[embeddedcassandra:null]: 10 edges removed and graph checked in 17.445291999960318ms
Testing testAddingDuplicateEdges...
Testing testRemoveEdgesByRemovingVertex...
Testing testRemoveEdges...
Testing testAddingSelfLoops...
Testing testRemoveSelfLoops...
Testing testEdgeIterator...
Testing testAddingRemovingEdgeProperties...
Testing testAddingLabelAndIdProperty...
Testing testEdgeCentricRemoving...
*** TOTAL TIME [EdgeTestSuite]: 29641.1735739999 ***
Testing testFeatureCompliance...
supportsDuplicateEdges: true
supportsSelfLoops: true
supportsSerializableObjectProperty: true
supportsBooleanProperty: true
supportsDoubleProperty: true
supportsFloatProperty: true
supportsIntegerProperty: true
supportsPrimitiveArrayProperty: true
supportsUniformListProperty: true
supportsMixedListProperty: true
supportsLongProperty: true
supportsMapProperty: true
supportsStringProperty: true
ignoresSuppliedIds: true
isPersistent: true
isRDFModel: false
isWrapper: false
supportsIndices: false
supportsVertexIndex: false
supportsEdgeIndex: false
supportsKeyIndices: true
supportsVertexKeyIndex: true
supportsEdgeKeyIndex: true
supportsEdgeIteration: true
supportsVertexIteration: true
supportsEdgeRetrieval: true
supportsVertexProperties: true
supportsEdgeProperties: true
supportsTransactions: true
supportsThreadedTransactions: true
Testing testEmptyOnConstruction...
Testing testStringRepresentationOfVertexId...
Testing testSemanticallyCorrectIterables...
Testing testGettingVerticesAndEdgesWithKeyValue...
Testing testAddingVerticesAndEdges...
Testing testSettingProperties...
Testing testSimpleRemovingVerticesEdges...
Testing testRemovingEdges...
	titangraph[embeddedcassandra:null]: 100 vertices added in 610.6626039999537ms
	titangraph[embeddedcassandra:null]: 200 edges added in 5178.58292700001ms
	titangraph[embeddedcassandra:null]: 200 edges deleted (with size check on each delete) in 357.6511119999923ms
Testing testRemovingVertices...
	titangraph[embeddedcassandra:null]: 500 vertices added in 628.3747549999971ms
	titangraph[embeddedcassandra:null]: 250 edges added in 6391.429673000006ms
	titangraph[embeddedcassandra:null]: 500 vertices deleted (with size check on each delete) in 615.490986000048ms
Testing testConnectivityPatterns...
Testing testVertexEdgeLabels...
Testing testVertexEdgeLabels2...
Testing testTreeConnectivity...
	titangraph[embeddedcassandra:null]: 1464 vertices added in a tree structure in 1103.7939149998128ms
	titangraph[embeddedcassandra:null]: 1464 vertices iterated in 1.3674260000698268ms
	titangraph[embeddedcassandra:null]: 1463 edges iterated in 12.365721999900416ms
Testing testConcurrentModification...
Testing testGraphDataPersists...
	titangraph[embeddedcassandra:null]: 1 graph loaded in 3.6868989998474717ms
Testing testAutotypingOfProperties...
*** TOTAL TIME [GraphTestSuite]: 33977.186381000094 ***
Testing testGraphQueryForVertices...
Testing testGraphQueryForEdges...
Testing testVertexQuery...
*** TOTAL TIME [QueryTestSuite]: 6068.543772000121 ***
Testing testNoConcurrentModificationException...
Testing testGettingVerticesAndEdgesWithKeyValue...
Testing testAutoIndexKeyManagementWithPersistence...
	titangraph[embeddedcassandra:null]: 2 automatic index keys added in 607.716018000152ms
	titangraph[embeddedcassandra:null]: 2 automatic index keys added in 1.5864830000791699ms
Testing testKeyIndicesConsistentWithElementRemoval...
*** TOTAL TIME [KeyIndexableGraphTestSuite]: 4790.636547999922 ***
Testing testCompetingThreads...
Testing testTrue...
Testing testRepeatedTransactionStopException...
Testing testAutoStartTransaction...
Testing testTransactionsForVertices...
	titangraph[embeddedcassandra:null]: 1 vertex not added in failed transaction in 2.300432999851182ms
	titangraph[embeddedcassandra:null]: 1 vertex added in successful transaction in 1.3645460000261664ms
Testing testBasicVertexEdgeTransactions...
Testing testBruteVertexTransactions...
	titangraph[embeddedcassandra:null]: 100 vertices added in 100 successful transactions in 638.6156300001312ms
	titangraph[embeddedcassandra:null]: 100 vertices not added in 100 failed transactions in 12.924484000075608ms
	titangraph[embeddedcassandra:null]: 100 vertices added in 1 successful transactions in 16.25840499997139ms
	titangraph[embeddedcassandra:null]: 100 vertices not added in 1 failed transactions in 17.263999999966472ms
Testing testTransactionsForEdges...
	titangraph[embeddedcassandra:null]: 1 edge not added in failed transaction (w/ iteration) in 306.94433799991384ms
	titangraph[embeddedcassandra:null]: 1 edge added in successful transaction (w/ iteration) in 105.36590799991973ms
Testing testBruteEdgeTransactions...
	titangraph[embeddedcassandra:null]: 100 edges added in 100 successful transactions (2 vertices added for each edge) in 1106.428528000135ms
	titangraph[embeddedcassandra:null]: 100 edges not added in 100 failed transactions (2 vertices added for each edge) in 56.045537000056356ms
	titangraph[embeddedcassandra:null]: 100 edges added in 1 successful transactions (2 vertices added for each edge) in 58.30591200012714ms
	titangraph[embeddedcassandra:null]: 100 edges not added in 1 failed transactions (2 vertices added for each edge) in 74.83392800018191ms
Testing testPropertyTransactions...
	titangraph[embeddedcassandra:null]: 1 vertex added with string property in a successful transaction in 1012.7255480000749ms
	titangraph[embeddedcassandra:null]: 1 integer property not added in a failed transaction in 3.866098999977112ms
	titangraph[embeddedcassandra:null]: 2 vertex properties checked in a successful transaction in 1.493656000122428ms
	titangraph[embeddedcassandra:null]: 1 edge property added and checked in a successful transaction in 104.6943789999932ms
	titangraph[embeddedcassandra:null]: 1 edge property added and checked in a failed transaction in 0.8161819998640567ms
Testing testIndexTransactions...
Testing testAutomaticSuccessfulTransactionOnShutdown...
Testing testVertexCountOnPreTransactionCommit...
Testing testBulkTransactionsOnEdges...
Testing testTransactionIsolationCommitCheck...
added vertex
reading vertex before tx
read vertex before tx
Testing testRemoveInTransaction...
*** TOTAL TIME [TransactionalTitanGraphTestSuite]: 18531.219822000014 ***
Testing testVertexReattachment...
*** TOTAL TIME [TitanSpecificBlueprintsTestSuite]: 1484.2598679999355 ***
Testing testReadingTinkerGraph...
Testing testTinkerGraphEdges...
	titangraph[embeddedcassandra:null]: graph-example-1 loaded in 1180.9016609999817ms
Testing testTinkerGraphVertices...
	titangraph[embeddedcassandra:null]: graph-example-1 loaded in 1027.5041559999809ms
Testing testTinkerGraphSoftwareVertices...
	titangraph[embeddedcassandra:null]: graph-example-1 loaded in 1041.7454829998314ms
Testing testTinkerGraphVertexAndEdges...
	titangraph[embeddedcassandra:null]: graph-example-1 loaded in 1025.7110129999928ms
Testing testReadingTinkerGraphExample3...
Testing testReadingTinkerGraphExample3MappingLabels...
	titangraph[embeddedcassandra:null]: graph-example-3 loaded in 1046.0055730000604ms
Testing testReadingTinkerGraphExample3MappingIDs...
	titangraph[embeddedcassandra:null]: graph-example-3 loaded in 1031.7180190000217ms
Testing testReadingTinkerGraphExample3MappingAll...
	titangraph[embeddedcassandra:null]: graph-example-3 loaded in 1026.6611860000994ms
Testing testMigratingTinkerGraphExample3...
Testing testAllGraphMLTypeCastsAndDataMappings...
*** TOTAL TIME [GraphMLReaderTestSuite]: 11710.25168999983 ***
Testing testReadingTinkerGraph...
Testing testTinkerGraphEdges...
	titangraph[embeddedcassandra:null]: graph-example-1 loaded in 1271.2344939999748ms
Testing testTinkerGraphVertices...
	titangraph[embeddedcassandra:null]: graph-example-1 loaded in 1022.6805099998601ms
Testing testTinkerGraphSoftwareVertices...
	titangraph[embeddedcassandra:null]: graph-example-1 loaded in 1040.529868000187ms
Testing testTinkerGraphVertexAndEdges...
	titangraph[embeddedcassandra:null]: graph-example-1 loaded in 1024.0821350000333ms
*** TOTAL TIME [GraphSONReaderTestSuite]: 6403.497568000108 ***
Testing testReadingTinkerGraph...
Testing testTinkerGraphEdges...
	titangraph[embeddedcassandra:null]: graph-example-1 loaded in 1027.0105699999258ms
Testing testTinkerGraphVertices...
	titangraph[embeddedcassandra:null]: graph-example-1 loaded in 1024.1224849999417ms
Testing testTinkerGraphSoftwareVertices...
	titangraph[embeddedcassandra:null]: graph-example-1 loaded in 1023.951372000156ms
Testing testTinkerGraphVertexAndEdges...
	titangraph[embeddedcassandra:null]: graph-example-1 loaded in 1022.5831349999644ms
Testing testReadingTinkerGraphExample3...
Testing testReadingTinkerGraphExample3MappingLabels...
	titangraph[embeddedcassandra:null]: graph-example-3 loaded in 1025.4293949999847ms
Testing testReadingTinkerGraphExample3MappingIDs...
	titangraph[embeddedcassandra:null]: graph-example-3 loaded in 1028.1555719999596ms
Testing testReadingTinkerGraphExample3MappingAll...
	titangraph[embeddedcassandra:null]: graph-example-3 loaded in 1026.0077070000116ms
Testing testMigratingTinkerGraphExample3...
*** TOTAL TIME [GMLReaderTestSuite]: 10173.490399000002 ***
Tests run: 10, Failures: 0, Errors: 0, Skipped: 0, Time elapsed: 178.793 sec
Running com.thinkaurelius.titan.diskstorage.cassandra.astyanax.InternalAstyanaxKeyColumnValueTest
Loading time (ms): 1164
Reading time (ms): 7924
Tests run: 18, Failures: 0, Errors: 0, Skipped: 0, Time elapsed: 73.344 sec
Running com.thinkaurelius.titan.blueprints.InternalCassandraBlueprintsTest
Testing testVertexEquality...
	titangraph[cassandra:null]: 1 vertex added and retrieved in 724.172632999951ms
Testing testVertexEqualityForSuppliedIdsAndHashCode...
Testing testBasicAddVertex...
Testing testGetVertexWithNull...
Testing testRemoveVertex...
Testing testRemoveVertexWithEdges...
Testing testGetNonExistantVertices...
Testing testRemoveVertexNullId...
	titangraph[cassandra:null]: 100 vertices added in 9.816568000009283ms
	titangraph[cassandra:null]: 100 vertices removed in 7.5974139999598265ms
Testing testVertexIterator...
	titangraph[cassandra:null]: 1000 vertices added in 726.5168099999428ms
	titangraph[cassandra:null]: 1000 vertices counted in 5.752127000130713ms
Testing testLegalVertexEdgeIterables...
Testing testAddVertexProperties...
Testing testAddManyVertexProperties...
	titangraph[cassandra:null]: 750 vertex properties added (with vertices being added too) in 19898.948550999863ms
Testing testRemoveVertexProperties...
Testing testAddingIdProperty...
Testing testNoConcurrentModificationException...
Testing testGettingEdgesAndVertices...
Testing testEmptyKeyProperty...
Testing testVertexCentricLinking...
Testing testVertexCentricRemoving...
Testing testConcurrentModificationOnProperties...
Testing testSettingBadVertexProperties...
*** TOTAL TIME [VertexTestSuite]: 75709.96896600001 ***
Testing testNoConcurrentModificationException...
Testing testEmptyKeyProperty...
Testing testSettingBadVertexProperties...
Testing testEdgeEquality...
Testing testAddEdges...
	titangraph[cassandra:null]: 6 elements added and checked in 921.4663220001385ms
Testing testAddManyEdges...
	titangraph[cassandra:null]: 300 elements added in 3365.1970869998913ms
	titangraph[cassandra:null]: 100 edges counted in 3.2513110002037138ms
	titangraph[cassandra:null]: 200 vertices counted in 1.64658600022085ms
	titangraph[cassandra:null]: 200 vertices checked in 6.600376000162214ms
Testing testGetEdges...
	titangraph[cassandra:null]: 3 edges retrieved in 7.783995999954641ms
Testing testGetNonExistantEdges...
Testing testRemoveManyEdges...
	titangraph[cassandra:null]: 20 vertices counted in 1.3553169998340309ms
	titangraph[cassandra:null]: 10 edges counted in 1.3801339999772608ms
	titangraph[cassandra:null]: 10 edges removed and graph checked in 27.79258899996057ms
Testing testAddingDuplicateEdges...
Testing testRemoveEdgesByRemovingVertex...
Testing testRemoveEdges...
Testing testAddingSelfLoops...
Testing testRemoveSelfLoops...
Testing testEdgeIterator...
Testing testAddingRemovingEdgeProperties...
Testing testAddingLabelAndIdProperty...
Testing testEdgeCentricRemoving...
*** TOTAL TIME [EdgeTestSuite]: 36036.34385399986 ***
Testing testFeatureCompliance...
supportsDuplicateEdges: true
supportsSelfLoops: true
supportsSerializableObjectProperty: true
supportsBooleanProperty: true
supportsDoubleProperty: true
supportsFloatProperty: true
supportsIntegerProperty: true
supportsPrimitiveArrayProperty: true
supportsUniformListProperty: true
supportsMixedListProperty: true
supportsLongProperty: true
supportsMapProperty: true
supportsStringProperty: true
ignoresSuppliedIds: true
isPersistent: true
isRDFModel: false
isWrapper: false
supportsIndices: false
supportsVertexIndex: false
supportsEdgeIndex: false
supportsKeyIndices: true
supportsVertexKeyIndex: true
supportsEdgeKeyIndex: true
supportsEdgeIteration: true
supportsVertexIteration: true
supportsEdgeRetrieval: true
supportsVertexProperties: true
supportsEdgeProperties: true
supportsTransactions: true
supportsThreadedTransactions: true
Testing testEmptyOnConstruction...
Testing testStringRepresentationOfVertexId...
Testing testSemanticallyCorrectIterables...
Testing testGettingVerticesAndEdgesWithKeyValue...
Testing testAddingVerticesAndEdges...
Testing testSettingProperties...
Testing testSimpleRemovingVerticesEdges...
Testing testRemovingEdges...
	titangraph[cassandra:null]: 100 vertices added in 612.2341460001189ms
	titangraph[cassandra:null]: 200 edges added in 5182.333105999976ms
	titangraph[cassandra:null]: 200 edges deleted (with size check on each delete) in 532.1236749999225ms
Testing testRemovingVertices...
	titangraph[cassandra:null]: 500 vertices added in 628.762085000053ms
	titangraph[cassandra:null]: 250 edges added in 6415.109068999998ms
	titangraph[cassandra:null]: 500 vertices deleted (with size check on each delete) in 903.486482999986ms
Testing testConnectivityPatterns...
Testing testVertexEdgeLabels...
Testing testVertexEdgeLabels2...
Testing testTreeConnectivity...
	titangraph[cassandra:null]: 1464 vertices added in a tree structure in 1114.3937729999889ms
	titangraph[cassandra:null]: 1464 vertices iterated in 2.7692129998467863ms
	titangraph[cassandra:null]: 1463 edges iterated in 16.29102599993348ms
Testing testConcurrentModification...
Testing testGraphDataPersists...
	titangraph[cassandra:null]: 1 graph loaded in 15.383313999976963ms
Testing testAutotypingOfProperties...
*** TOTAL TIME [GraphTestSuite]: 35566.43507000012 ***
Testing testGraphQueryForVertices...
Testing testGraphQueryForEdges...
Testing testVertexQuery...
*** TOTAL TIME [QueryTestSuite]: 7067.80686199991 ***
Testing testNoConcurrentModificationException...
Testing testGettingVerticesAndEdgesWithKeyValue...
Testing testAutoIndexKeyManagementWithPersistence...
	titangraph[cassandra:null]: 2 automatic index keys added in 609.454419999849ms
	titangraph[cassandra:null]: 2 automatic index keys added in 1.9395070001482964ms
Testing testKeyIndicesConsistentWithElementRemoval...
*** TOTAL TIME [KeyIndexableGraphTestSuite]: 5328.239229999948 ***
Testing testCompetingThreads...
Testing testTrue...
Testing testRepeatedTransactionStopException...
Testing testAutoStartTransaction...
Testing testTransactionsForVertices...
	titangraph[cassandra:null]: 1 vertex not added in failed transaction in 2.477366999955848ms
	titangraph[cassandra:null]: 1 vertex added in successful transaction in 1.263145999982953ms
Testing testBasicVertexEdgeTransactions...
Testing testBruteVertexTransactions...
	titangraph[cassandra:null]: 100 vertices added in 100 successful transactions in 654.9698189999908ms
	titangraph[cassandra:null]: 100 vertices not added in 100 failed transactions in 13.403218999970704ms
	titangraph[cassandra:null]: 100 vertices added in 1 successful transactions in 23.013457999797538ms
	titangraph[cassandra:null]: 100 vertices not added in 1 failed transactions in 26.704541999846697ms
Testing testTransactionsForEdges...
	titangraph[cassandra:null]: 1 edge not added in failed transaction (w/ iteration) in 309.9153490001336ms
	titangraph[cassandra:null]: 1 edge added in successful transaction (w/ iteration) in 108.01528799999505ms
Testing testBruteEdgeTransactions...
	titangraph[cassandra:null]: 100 edges added in 100 successful transactions (2 vertices added for each edge) in 1144.7971650001127ms
	titangraph[cassandra:null]: 100 edges not added in 100 failed transactions (2 vertices added for each edge) in 74.4152110000141ms
	titangraph[cassandra:null]: 100 edges added in 1 successful transactions (2 vertices added for each edge) in 85.43570999987423ms
	titangraph[cassandra:null]: 100 edges not added in 1 failed transactions (2 vertices added for each edge) in 119.22286700014956ms
Testing testPropertyTransactions...
	titangraph[cassandra:null]: 1 vertex added with string property in a successful transaction in 1016.7468649998773ms
	titangraph[cassandra:null]: 1 integer property not added in a failed transaction in 4.787129999836907ms
	titangraph[cassandra:null]: 2 vertex properties checked in a successful transaction in 1.8447779999114573ms
	titangraph[cassandra:null]: 1 edge property added and checked in a successful transaction in 107.0880350000225ms
	titangraph[cassandra:null]: 1 edge property added and checked in a failed transaction in 0.9935540000442415ms
Testing testIndexTransactions...
Testing testAutomaticSuccessfulTransactionOnShutdown...
Testing testVertexCountOnPreTransactionCommit...
Testing testBulkTransactionsOnEdges...
Testing testTransactionIsolationCommitCheck...
added vertex
reading vertex before tx
read vertex before tx
Testing testRemoveInTransaction...
*** TOTAL TIME [TransactionalTitanGraphTestSuite]: 22746.609048999846 ***
Testing testVertexReattachment...
*** TOTAL TIME [TitanSpecificBlueprintsTestSuite]: 2035.4174880001228 ***
Testing testReadingTinkerGraph...
Testing testTinkerGraphEdges...
	titangraph[cassandra:null]: graph-example-1 loaded in 1079.6481310001109ms
Testing testTinkerGraphVertices...
	titangraph[cassandra:null]: graph-example-1 loaded in 1040.905223999871ms
Testing testTinkerGraphSoftwareVertices...
	titangraph[cassandra:null]: graph-example-1 loaded in 1038.7701710001566ms
Testing testTinkerGraphVertexAndEdges...
	titangraph[cassandra:null]: graph-example-1 loaded in 1038.575159ms
Testing testReadingTinkerGraphExample3...
Testing testReadingTinkerGraphExample3MappingLabels...
	titangraph[cassandra:null]: graph-example-3 loaded in 1043.8353750000242ms
Testing testReadingTinkerGraphExample3MappingIDs...
	titangraph[cassandra:null]: graph-example-3 loaded in 1040.2196019999683ms
Testing testReadingTinkerGraphExample3MappingAll...
	titangraph[cassandra:null]: graph-example-3 loaded in 1039.5094340001233ms
Testing testMigratingTinkerGraphExample3...
Testing testAllGraphMLTypeCastsAndDataMappings...
*** TOTAL TIME [GraphMLReaderTestSuite]: 12128.994631000096 ***
Testing testReadingTinkerGraph...
Testing testTinkerGraphEdges...
	titangraph[cassandra:null]: graph-example-1 loaded in 1371.314152999781ms
Testing testTinkerGraphVertices...
	titangraph[cassandra:null]: graph-example-1 loaded in 1032.291392999934ms
Testing testTinkerGraphSoftwareVertices...
	titangraph[cassandra:null]: graph-example-1 loaded in 1034.7896600000095ms
Testing testTinkerGraphVertexAndEdges...
	titangraph[cassandra:null]: graph-example-1 loaded in 1034.6996469998267ms
*** TOTAL TIME [GraphSONReaderTestSuite]: 6193.737284999806 ***
Testing testReadingTinkerGraph...
Testing testTinkerGraphEdges...
	titangraph[cassandra:null]: graph-example-1 loaded in 1036.7850180000532ms
Testing testTinkerGraphVertices...
	titangraph[cassandra:null]: graph-example-1 loaded in 1034.639351000078ms
Testing testTinkerGraphSoftwareVertices...
	titangraph[cassandra:null]: graph-example-1 loaded in 1028.525681000203ms
Testing testTinkerGraphVertexAndEdges...
	titangraph[cassandra:null]: graph-example-1 loaded in 1033.5898349999916ms
Testing testReadingTinkerGraphExample3...
Testing testReadingTinkerGraphExample3MappingLabels...
	titangraph[cassandra:null]: graph-example-3 loaded in 1038.1549220001325ms
Testing testReadingTinkerGraphExample3MappingIDs...
	titangraph[cassandra:null]: graph-example-3 loaded in 1036.8573319998104ms
Testing testReadingTinkerGraphExample3MappingAll...
	titangraph[cassandra:null]: graph-example-3 loaded in 1035.8478500000201ms
Testing testMigratingTinkerGraphExample3...
*** TOTAL TIME [GMLReaderTestSuite]: 10320.145020000171 ***
Tests run: 10, Failures: 0, Errors: 0, Skipped: 0, Time elapsed: 213.24 sec
Running com.thinkaurelius.titan.diskstorage.cassandra.astyanax.InternalAstyanaxLockKeyColumnValueStoreTest
Tests run: 14, Failures: 0, Errors: 0, Skipped: 0, Time elapsed: 41.611 sec
Running com.thinkaurelius.titan.diskstorage.cassandra.astyanax.InternalAstyanaxMultiWriteKeyColumnValueTest
Tests run: 2, Failures: 0, Errors: 0, Skipped: 0, Time elapsed: 34.951 sec

Results :

Tests run: 181, Failures: 0, Errors: 0, Skipped: 0

[INFO]                                                                         
[INFO] ------------------------------------------------------------------------
[INFO] Building Titan-HBase: Distributed Graph Database 0.4.0-SNAPSHOT
[INFO] ------------------------------------------------------------------------
[INFO] 
[INFO] --- maven-enforcer-plugin:1.0:enforce (enforce-maven) @ titan-hbase ---
[INFO] 
[INFO] --- maven-resources-plugin:2.3:resources (default-resources) @ titan-hbase ---
[INFO] Using 'UTF-8' encoding to copy filtered resources.
[INFO] Copying 2 resources
[INFO] 
[INFO] --- maven-compiler-plugin:2.5.1:compile (default-compile) @ titan-hbase ---
[INFO] Nothing to compile - all classes are up to date
[INFO] 
[INFO] --- maven-resources-plugin:2.3:testResources (default-testResources) @ titan-hbase ---
[INFO] Using 'UTF-8' encoding to copy filtered resources.
[INFO] Copying 2 resources
[INFO] 
[INFO] --- maven-compiler-plugin:2.5.1:testCompile (default-testCompile) @ titan-hbase ---
[INFO] Nothing to compile - all classes are up to date
[INFO] 
[INFO] --- maven-dependency-plugin:2.7:copy-dependencies (default) @ titan-hbase ---
[INFO] grizzly-http-2.2.16.jar already exists in destination.
[INFO] oro-2.0.8.jar already exists in destination.
[INFO] pfl-tf-1.0.0-b001.jar already exists in destination.
[INFO] stax-api-1.0.1.jar already exists in destination.
[INFO] commons-net-1.4.1.jar already exists in destination.
[INFO] json-simple-1.1.jar already exists in destination.
[INFO] metrics-core-2.1.2.jar already exists in destination.
[INFO] pfl-basic-tools-1.0.0-b001.jar already exists in destination.
[INFO] concurrent-1.3.4.jar already exists in destination.
[INFO] pipes-2.3.0.jar already exists in destination.
[INFO] httpcore-4.1.3.jar already exists in destination.
[INFO] hadoop-core-1.0.3.jar already exists in destination.
[INFO] gremlin-groovy-2.3.0.jar already exists in destination.
[INFO] groovy-1.8.9.jar already exists in destination.
[INFO] jline-0.9.94.jar already exists in destination.
[INFO] commons-beanutils-1.7.0.jar already exists in destination.
[INFO] jackson-datatype-json-org-2.1.2.jar already exists in destination.
[INFO] commons-httpclient-3.1.jar already exists in destination.
[INFO] javax.servlet-api-3.0.1.jar already exists in destination.
[INFO] lucene-memory-3.6.2.jar already exists in destination.
[INFO] asm-commons-3.2.jar already exists in destination.
[INFO] colt-1.2.0.jar already exists in destination.
[INFO] commons-cli-1.2.jar already exists in destination.
[INFO] jersey-client-1.17.jar already exists in destination.
[INFO] jersey-servlet-1.17.jar already exists in destination.
[INFO] jasper-compiler-5.5.23.jar already exists in destination.
[INFO] jackson-annotations-2.1.1.jar already exists in destination.
[INFO] jamon-runtime-2.3.1.jar already exists in destination.
[INFO] log4j-1.2.16.jar already exists in destination.
[INFO] rexster-protocol-2.3.0.jar already exists in destination.
[INFO] lucene-highlighter-3.6.2.jar already exists in destination.
[INFO] minlog-1.2.jar already exists in destination.
[INFO] jackson-xc-1.8.8.jar already exists in destination.
[INFO] kfs-0.3.jar already exists in destination.
[INFO] jackson-core-asl-1.8.8.jar already exists in destination.
[INFO] libthrift-0.8.0.jar already exists in destination.
[INFO] grizzly-http-servlet-2.2.16.jar already exists in destination.
[INFO] hppc-0.4.2.jar already exists in destination.
[INFO] commons-math-2.2.jar already exists in destination.
[INFO] lucene-core-3.6.2.jar already exists in destination.
[INFO] jaxb-api-2.1.jar already exists in destination.
[INFO] jettison-1.3.3.jar already exists in destination.
[INFO] slf4j-api-1.6.1.jar already exists in destination.
[INFO] guava-13.0.1.jar already exists in destination.
[INFO] grizzly-framework-2.2.16.jar already exists in destination.
[INFO] jaxb-impl-2.2.3-1.jar already exists in destination.
[INFO] jersey-core-1.8.jar already exists in destination.
[INFO] commons-el-1.0.jar already exists in destination.
[INFO] asm-3.1.jar already exists in destination.
[INFO] classes already exists in destination.
[INFO] asm-analysis-3.2.jar already exists in destination.
[INFO] gremlin-java-2.3.0.jar already exists in destination.
[INFO] mockito-all-1.8.1.jar already exists in destination.
[INFO] core-3.1.1.jar already exists in destination.
[INFO] jackson-databind-2.1.2.jar already exists in destination.
[INFO] asm-tree-3.2.jar already exists in destination.
[INFO] hbase-0.94.1.jar already exists in destination.
[INFO] classes already exists in destination.
[INFO] lucene-analyzers-3.6.2.jar already exists in destination.
[INFO] elasticsearch-0.20.5.jar already exists in destination.
[INFO] commons-logging-1.1.1.jar already exists in destination.
[INFO] kryo-2.21.jar already exists in destination.
[INFO] httpclient-4.1.2.jar already exists in destination.
[INFO] commons-codec-1.7.jar already exists in destination.
[INFO] spatial4j-0.3.jar already exists in destination.
[INFO] protobuf-java-2.4.0a.jar already exists in destination.
[INFO] jersey-grizzly2-1.17.jar already exists in destination.
[INFO] reflectasm-1.07-shaded.jar already exists in destination.
[INFO] jsp-2.1-6.1.14.jar already exists in destination.
[INFO] grizzly-portunif-2.2.16.jar already exists in destination.
[INFO] gmbal-3.2.0-b003.jar already exists in destination.
[INFO] jackson-mapper-asl-1.8.8.jar already exists in destination.
[INFO] jetty-util-6.1.26.jar already exists in destination.
[INFO] objenesis-1.2.jar already exists in destination.
[INFO] jersey-server-1.8.jar already exists in destination.
[INFO] lucene-queries-3.6.2.jar already exists in destination.
[INFO] commons-digester-1.8.jar already exists in destination.
[INFO] activation-1.1.jar already exists in destination.
[INFO] commons-lang-2.5.jar already exists in destination.
[INFO] xmlenc-0.52.jar already exists in destination.
[INFO] jets3t-0.7.1.jar already exists in destination.
[INFO] antlr-2.7.7.jar already exists in destination.
[INFO] commons-beanutils-core-1.8.0.jar already exists in destination.
[INFO] grizzly-rcm-2.2.16.jar already exists in destination.
[INFO] asm-util-3.2.jar already exists in destination.
[INFO] pfl-tf-tools-1.0.0-b001.jar already exists in destination.
[INFO] rexster-server-2.3.0.jar already exists in destination.
[INFO] blueprints-test-2.3.0.jar already exists in destination.
[INFO] hsqldb-1.8.0.10.jar already exists in destination.
[INFO] grizzly-core-2.2.16.jar already exists in destination.
[INFO] grizzly-http-server-2.2.16.jar already exists in destination.
[INFO] jsr305-1.3.9.jar already exists in destination.
[INFO] junit-4.8.1.jar already exists in destination.
[INFO] jackson-core-2.1.2.jar already exists in destination.
[INFO] servlet-api-2.5-6.1.14.jar already exists in destination.
[INFO] rexster-core-2.3.0.jar already exists in destination.
[INFO] blueprints-core-2.3.0.jar already exists in destination.
[INFO] jsp-api-2.1-6.1.14.jar already exists in destination.
[INFO] netty-3.2.4.Final.jar already exists in destination.
[INFO] jansi-1.5.jar already exists in destination.
[INFO] zookeeper-3.4.3.jar already exists in destination.
[INFO] commons-collections-3.2.1.jar already exists in destination.
[INFO] json-20090211.jar already exists in destination.
[INFO] commons-io-2.0.1.jar already exists in destination.
[INFO] commons-configuration-1.6.jar already exists in destination.
[INFO] management-api-3.0.0-b012.jar already exists in destination.
[INFO] slf4j-log4j12-1.6.1.jar already exists in destination.
[INFO] classes already exists in destination.
[INFO] jersey-json-1.8.jar already exists in destination.
[INFO] msgpack-0.6.5.jar already exists in destination.
[INFO] jasper-runtime-5.5.23.jar already exists in destination.
[INFO] jackson-jaxrs-1.8.8.jar already exists in destination.
[INFO] avro-ipc-1.5.3.jar already exists in destination.
[INFO] javassist-3.15.0-GA.jar already exists in destination.
[INFO] pfl-basic-1.0.0-b001.jar already exists in destination.
[INFO] jetty-6.1.26.jar already exists in destination.
[INFO] pfl-asm-1.0.0-b001.jar already exists in destination.
[INFO] asm-4.0.jar already exists in destination.
[INFO] high-scale-lib-1.1.1.jar already exists in destination.
[INFO] velocity-1.7.jar already exists in destination.
[INFO] 
[INFO] --- maven-surefire-plugin:2.12.1:test (default-test) @ titan-hbase ---
[INFO] Surefire report directory: /home/travis/build/thinkaurelius/titan/titan-hbase/target/surefire-reports

-------------------------------------------------------
 T E S T S
-------------------------------------------------------
Running com.thinkaurelius.titan.diskstorage.hbase.HBaseLockKeyColumnValueStoreTest
Deleteing old test directories (if any).
Tests run: 14, Failures: 0, Errors: 0, Skipped: 0, Time elapsed: 50.65 sec
Running com.thinkaurelius.titan.diskstorage.hbase.HBaseKeyColumnValueTest
Loading time (ms): 1971
Reading time (ms): 4307
Tests run: 17, Failures: 0, Errors: 0, Skipped: 0, Time elapsed: 123.003 sec
Running com.thinkaurelius.titan.blueprints.HBaseBlueprintsTest
Testing testVertexEquality...
	titangraph[hbase:null]: 1 vertex added and retrieved in 708.8014430000912ms
Testing testVertexEqualityForSuppliedIdsAndHashCode...
Testing testBasicAddVertex...
Testing testGetVertexWithNull...
Testing testRemoveVertex...
Testing testRemoveVertexWithEdges...
Testing testGetNonExistantVertices...
Testing testRemoveVertexNullId...
	titangraph[hbase:null]: 100 vertices added in 11.18577600014396ms
	titangraph[hbase:null]: 100 vertices removed in 8.824114999966696ms
Testing testVertexIterator...
	titangraph[hbase:null]: 1000 vertices added in 704.8653339999728ms
	titangraph[hbase:null]: 1000 vertices counted in 4.129239999921992ms
Testing testLegalVertexEdgeIterables...
Testing testAddVertexProperties...
Testing testAddManyVertexProperties...
	titangraph[hbase:null]: 750 vertex properties added (with vertices being added too) in 19808.408410999924ms
Testing testRemoveVertexProperties...
Testing testAddingIdProperty...
Testing testNoConcurrentModificationException...
Testing testGettingEdgesAndVertices...
Testing testEmptyKeyProperty...
Testing testVertexCentricLinking...
Testing testVertexCentricRemoving...
Testing testConcurrentModificationOnProperties...
Testing testSettingBadVertexProperties...
*** TOTAL TIME [VertexTestSuite]: 82642.09744299995 ***
Testing testNoConcurrentModificationException...
Testing testEmptyKeyProperty...
Testing testSettingBadVertexProperties...
Testing testEdgeEquality...
Testing testAddEdges...
	titangraph[hbase:null]: 6 elements added and checked in 920.621099999873ms
Testing testAddManyEdges...
	titangraph[hbase:null]: 300 elements added in 3358.7246340001ms
	titangraph[hbase:null]: 100 edges counted in 24.16336899995804ms
	titangraph[hbase:null]: 200 vertices counted in 21.940931999590248ms
	titangraph[hbase:null]: 200 vertices checked in 34.670129999984056ms
Testing testGetEdges...
	titangraph[hbase:null]: 3 edges retrieved in 2.3416539998725057ms
Testing testGetNonExistantEdges...
Testing testRemoveManyEdges...
	titangraph[hbase:null]: 20 vertices counted in 23.75307900039479ms
	titangraph[hbase:null]: 10 edges counted in 27.628093000035733ms
	titangraph[hbase:null]: 10 edges removed and graph checked in 554.9129550000653ms
Testing testAddingDuplicateEdges...
Testing testRemoveEdgesByRemovingVertex...
Testing testRemoveEdges...
Testing testAddingSelfLoops...
Testing testRemoveSelfLoops...
Testing testEdgeIterator...
Testing testAddingRemovingEdgeProperties...
Testing testAddingLabelAndIdProperty...
Testing testEdgeCentricRemoving...
*** TOTAL TIME [EdgeTestSuite]: 31551.07934599975 ***
Testing testFeatureCompliance...
supportsDuplicateEdges: true
supportsSelfLoops: true
supportsSerializableObjectProperty: true
supportsBooleanProperty: true
supportsDoubleProperty: true
supportsFloatProperty: true
supportsIntegerProperty: true
supportsPrimitiveArrayProperty: true
supportsUniformListProperty: true
supportsMixedListProperty: true
supportsLongProperty: true
supportsMapProperty: true
supportsStringProperty: true
ignoresSuppliedIds: true
isPersistent: true
isRDFModel: false
isWrapper: false
supportsIndices: false
supportsVertexIndex: false
supportsEdgeIndex: false
supportsKeyIndices: true
supportsVertexKeyIndex: true
supportsEdgeKeyIndex: true
supportsEdgeIteration: true
supportsVertexIteration: true
supportsEdgeRetrieval: true
supportsVertexProperties: true
supportsEdgeProperties: true
supportsTransactions: true
supportsThreadedTransactions: true
Testing testEmptyOnConstruction...
Testing testStringRepresentationOfVertexId...
Testing testSemanticallyCorrectIterables...
Testing testGettingVerticesAndEdgesWithKeyValue...
Testing testAddingVerticesAndEdges...
Testing testSettingProperties...
Testing testSimpleRemovingVerticesEdges...
Testing testRemovingEdges...
	titangraph[hbase:null]: 100 vertices added in 615.5337700000964ms
	titangraph[hbase:null]: 200 edges added in 5198.0082020000555ms
	titangraph[hbase:null]: 200 edges deleted (with size check on each delete) in 10582.697225000244ms
Testing testRemovingVertices...
	titangraph[hbase:null]: 500 vertices added in 639.4028179999441ms
	titangraph[hbase:null]: 250 edges added in 6455.430822000373ms
	titangraph[hbase:null]: 500 vertices deleted (with size check on each delete) in 21211.398614999838ms
Testing testConnectivityPatterns...
Testing testVertexEdgeLabels...
Testing testVertexEdgeLabels2...
Testing testTreeConnectivity...
	titangraph[hbase:null]: 1464 vertices added in a tree structure in 1127.6748589999042ms
	titangraph[hbase:null]: 1464 vertices iterated in 30.66184899955988ms
	titangraph[hbase:null]: 1463 edges iterated in 41.53472300013527ms
Testing testConcurrentModification...
Testing testGraphDataPersists...
	titangraph[hbase:null]: 1 graph loaded in 82.11343200039119ms
Testing testAutotypingOfProperties...
*** TOTAL TIME [GraphTestSuite]: 70976.11049199989 ***
Testing testGraphQueryForVertices...
Testing testGraphQueryForEdges...
Testing testVertexQuery...
*** TOTAL TIME [QueryTestSuite]: 8616.619861999992 ***
Testing testNoConcurrentModificationException...
Testing testGettingVerticesAndEdgesWithKeyValue...
Testing testAutoIndexKeyManagementWithPersistence...
	titangraph[hbase:null]: 2 automatic index keys added in 614.7780130002648ms
	titangraph[hbase:null]: 2 automatic index keys added in 2.3830120000056922ms
Testing testKeyIndicesConsistentWithElementRemoval...
*** TOTAL TIME [KeyIndexableGraphTestSuite]: 7529.353757000063 ***
Testing testCompetingThreads...
Testing testTrue...
Testing testRepeatedTransactionStopException...
Testing testAutoStartTransaction...
Testing testTransactionsForVertices...
	titangraph[hbase:null]: 1 vertex not added in failed transaction in 100.8015519999899ms
	titangraph[hbase:null]: 1 vertex added in successful transaction in 82.24338999995962ms
Testing testBasicVertexEdgeTransactions...
Testing testBruteVertexTransactions...
	titangraph[hbase:null]: 100 vertices added in 100 successful transactions in 853.9419079995714ms
	titangraph[hbase:null]: 100 vertices not added in 100 failed transactions in 14.911968000233173ms
	titangraph[hbase:null]: 100 vertices added in 1 successful transactions in 90.46851499984041ms
	titangraph[hbase:null]: 100 vertices not added in 1 failed transactions in 98.86026099976152ms
Testing testTransactionsForEdges...
	titangraph[hbase:null]: 1 edge not added in failed transaction (w/ iteration) in 432.0499579999596ms
	titangraph[hbase:null]: 1 edge added in successful transaction (w/ iteration) in 243.50801899982616ms
Testing testBruteEdgeTransactions...
	titangraph[hbase:null]: 100 edges added in 100 successful transactions (2 vertices added for each edge) in 1376.103240000084ms
	titangraph[hbase:null]: 100 edges not added in 100 failed transactions (2 vertices added for each edge) in 84.73594499984756ms
	titangraph[hbase:null]: 100 edges added in 1 successful transactions (2 vertices added for each edge) in 239.64385299989954ms
	titangraph[hbase:null]: 100 edges not added in 1 failed transactions (2 vertices added for each edge) in 345.341926000081ms
Testing testPropertyTransactions...
	titangraph[hbase:null]: 1 vertex added with string property in a successful transaction in 1023.4327189996839ms
	titangraph[hbase:null]: 1 integer property not added in a failed transaction in 5.726695999968797ms
	titangraph[hbase:null]: 2 vertex properties checked in a successful transaction in 2.560809999704361ms
	titangraph[hbase:null]: 1 edge property added and checked in a successful transaction in 110.45559999998659ms
	titangraph[hbase:null]: 1 edge property added and checked in a failed transaction in 0.9419769998639822ms
Testing testIndexTransactions...
Testing testAutomaticSuccessfulTransactionOnShutdown...
Testing testVertexCountOnPreTransactionCommit...
Testing testBulkTransactionsOnEdges...
Testing testTransactionIsolationCommitCheck...
added vertex
reading vertex before tx
read vertex before tx
Testing testRemoveInTransaction...
*** TOTAL TIME [TransactionalTitanGraphTestSuite]: 30748.617699000053 ***
Testing testVertexReattachment...
*** TOTAL TIME [TitanSpecificBlueprintsTestSuite]: 2061.9034219998866 ***
Testing testReadingTinkerGraph...
Testing testTinkerGraphEdges...
	titangraph[hbase:null]: graph-example-1 loaded in 1053.8534609996714ms
Testing testTinkerGraphVertices...
	titangraph[hbase:null]: graph-example-1 loaded in 1045.1988479997963ms
Testing testTinkerGraphSoftwareVertices...
	titangraph[hbase:null]: graph-example-1 loaded in 1045.3481890000403ms
Testing testTinkerGraphVertexAndEdges...
	titangraph[hbase:null]: graph-example-1 loaded in 1047.6627630000003ms
Testing testReadingTinkerGraphExample3...
Testing testReadingTinkerGraphExample3MappingLabels...
	titangraph[hbase:null]: graph-example-3 loaded in 1049.9338889997452ms
Testing testReadingTinkerGraphExample3MappingIDs...
	titangraph[hbase:null]: graph-example-3 loaded in 1049.4234029999934ms
Testing testReadingTinkerGraphExample3MappingAll...
	titangraph[hbase:null]: graph-example-3 loaded in 1044.2020999998786ms
Testing testMigratingTinkerGraphExample3...
Testing testAllGraphMLTypeCastsAndDataMappings...
*** TOTAL TIME [GraphMLReaderTestSuite]: 14230.62011900032 ***
Testing testReadingTinkerGraph...
Testing testTinkerGraphEdges...
	titangraph[hbase:null]: graph-example-1 loaded in 1323.938145000022ms
Testing testTinkerGraphVertices...
	titangraph[hbase:null]: graph-example-1 loaded in 1044.5572770000435ms
Testing testTinkerGraphSoftwareVertices...
	titangraph[hbase:null]: graph-example-1 loaded in 1045.6542849997059ms
Testing testTinkerGraphVertexAndEdges...
	titangraph[hbase:null]: graph-example-1 loaded in 1071.5588100003079ms
*** TOTAL TIME [GraphSONReaderTestSuite]: 7973.669892999809 ***
Testing testReadingTinkerGraph...
Testing testTinkerGraphEdges...
	titangraph[hbase:null]: graph-example-1 loaded in 1089.0474809999578ms
Testing testTinkerGraphVertices...
	titangraph[hbase:null]: graph-example-1 loaded in 1050.7660790001974ms
Testing testTinkerGraphSoftwareVertices...
	titangraph[hbase:null]: graph-example-1 loaded in 1044.9914569999091ms
Testing testTinkerGraphVertexAndEdges...
	titangraph[hbase:null]: graph-example-1 loaded in 1045.3078769999556ms
Testing testReadingTinkerGraphExample3...
Testing testReadingTinkerGraphExample3MappingLabels...
	titangraph[hbase:null]: graph-example-3 loaded in 1050.3992420001887ms
Testing testReadingTinkerGraphExample3MappingIDs...
	titangraph[hbase:null]: graph-example-3 loaded in 1050.8058130000718ms
Testing testReadingTinkerGraphExample3MappingAll...
	titangraph[hbase:null]: graph-example-3 loaded in 1103.125268000178ms
Testing testMigratingTinkerGraphExample3...
*** TOTAL TIME [GMLReaderTestSuite]: 15872.62846300006 ***
Tests run: 10, Failures: 0, Errors: 0, Skipped: 0, Time elapsed: 272.229 sec
Running com.thinkaurelius.titan.diskstorage.hbase.HBaseMultiWriteKeyColumnValueStoreTest
Tests run: 2, Failures: 0, Errors: 0, Skipped: 0, Time elapsed: 44.639 sec
Running com.thinkaurelius.titan.graphdb.hbase.HBaseGraphTest
Tests run: 19, Failures: 0, Errors: 0, Skipped: 0, Time elapsed: 73.018 sec
All done. Shutting done HBase.

Results :

Tests run: 62, Failures: 0, Errors: 0, Skipped: 0

[INFO]                                                                         
[INFO] ------------------------------------------------------------------------
[INFO] Building Titan-Lucene: Indexing Support 0.4.0-SNAPSHOT
[INFO] ------------------------------------------------------------------------
[INFO] 
[INFO] --- maven-enforcer-plugin:1.0:enforce (enforce-maven) @ titan-lucene ---
[INFO] 
[INFO] --- maven-resources-plugin:2.3:resources (default-resources) @ titan-lucene ---
[INFO] Using 'UTF-8' encoding to copy filtered resources.
[INFO] skip non existing resourceDirectory /home/travis/build/thinkaurelius/titan/titan-lucene/src/main/resources
[INFO] 
[INFO] --- maven-compiler-plugin:2.5.1:compile (default-compile) @ titan-lucene ---
[INFO] Nothing to compile - all classes are up to date
[INFO] 
[INFO] --- maven-resources-plugin:2.3:testResources (default-testResources) @ titan-lucene ---
[INFO] Using 'UTF-8' encoding to copy filtered resources.
[INFO] Copying 1 resource
[INFO] 
[INFO] --- maven-compiler-plugin:2.5.1:testCompile (default-testCompile) @ titan-lucene ---
[INFO] Nothing to compile - all classes are up to date
[INFO] 
[INFO] --- maven-surefire-plugin:2.12.1:test (default-test) @ titan-lucene ---
[INFO] Surefire report directory: /home/travis/build/thinkaurelius/titan/titan-lucene/target/surefire-reports

-------------------------------------------------------
 T E S T S
-------------------------------------------------------
Running com.thinkaurelius.titan.diskstorage.lucene.LuceneIndexTest
70 vs 73.867869045
Query time on 30000 docs (ms): 292
Tests run: 5, Failures: 0, Errors: 0, Skipped: 0, Time elapsed: 15.182 sec

Results :

Tests run: 5, Failures: 0, Errors: 0, Skipped: 0

[INFO]                                                                         
[INFO] ------------------------------------------------------------------------
[INFO] Building Titan-All: Complete Titan Distribution 0.4.0-SNAPSHOT
[INFO] ------------------------------------------------------------------------
[INFO] 
[INFO] --- maven-enforcer-plugin:1.0:enforce (enforce-maven) @ titan-all ---
[INFO] 
[INFO] --- maven-resources-plugin:2.3:resources (default-resources) @ titan-all ---
[INFO] Using 'UTF-8' encoding to copy filtered resources.
[INFO] Copying 2 resources
[INFO] 
[INFO] --- maven-compiler-plugin:2.5.1:compile (default-compile) @ titan-all ---
[INFO] No sources to compile
[INFO] 
[INFO] --- maven-resources-plugin:2.3:testResources (default-testResources) @ titan-all ---
[INFO] Using 'UTF-8' encoding to copy filtered resources.
[INFO] skip non existing resourceDirectory /home/travis/build/thinkaurelius/titan/titan-all/src/test/resources
[INFO] 
[INFO] --- maven-compiler-plugin:2.5.1:testCompile (default-testCompile) @ titan-all ---
[INFO] No sources to compile
[INFO] 
[INFO] --- maven-surefire-plugin:2.11:test (default-test) @ titan-all ---
[INFO] No tests to run.
[INFO] Surefire report directory: /home/travis/build/thinkaurelius/titan/titan-all/target/surefire-reports

-------------------------------------------------------
 T E S T S
-------------------------------------------------------

Results :

Tests run: 0, Failures: 0, Errors: 0, Skipped: 0

[INFO] ------------------------------------------------------------------------
[INFO] Reactor Summary:
[INFO] 
[INFO] Titan: Distributed Graph Database ................. SUCCESS [1.183s]
[INFO] Titan-Core: Core Library for Titan ................ SUCCESS [3.475s]
[INFO] Titan-Test: Test Suite for Titan .................. SUCCESS [1:11.836s]
[INFO] Titan-ElasticSearch: Distributed Indexing Support . SUCCESS [1:32.802s]
[INFO] Titan-BerkeleyJE: Distributed Graph Database ...... SUCCESS [1:36.408s]
[INFO] Titan-Cassandra: Distributed Graph Database ....... SUCCESS [16:17.942s]
[INFO] Titan-HBase: Distributed Graph Database ........... SUCCESS [9:28.330s]
[INFO] Titan-Lucene: Indexing Support .................... SUCCESS [15.863s]
[INFO] Titan-All: Complete Titan Distribution ............ SUCCESS [0.756s]
[INFO] ------------------------------------------------------------------------
[INFO] BUILD SUCCESS
[INFO] ------------------------------------------------------------------------
[INFO] Total time: 30:29.138s
[INFO] Finished at: Thu Apr 04 20:46:49 UTC 2013
[INFO] Final Memory: 18M/180M
[INFO] ------------------------------------------------------------------------

The command "mvn test" exited with 0.

Done. Your build exited with 0.
