Using worker: worker-linux-6-1.bb.travis-ci.org:travis-linux-19

travis_fold:start:git.1$ git clone --depth=50 git://github.com/thinkaurelius/titan.git thinkaurelius/titan
Cloning into 'thinkaurelius/titan'...
remote: Counting objects: 3240, done.[K
remote: Compressing objects:   0% (1/1584)   [Kremote: Compressing objects:   1% (16/1584)   [Kremote: Compressing objects:   2% (32/1584)   [Kremote: Compressing objects:   3% (48/1584)   [Kremote: Compressing objects:   4% (64/1584)   [Kremote: Compressing objects:   5% (80/1584)   [Kremote: Compressing objects:   6% (96/1584)   [Kremote: Compressing objects:   7% (111/1584)   [Kremote: Compressing objects:   8% (127/1584)   [Kremote: Compressing objects:   9% (143/1584)   [Kremote: Compressing objects:  10% (159/1584)   [Kremote: Compressing objects:  11% (175/1584)   [Kremote: Compressing objects:  12% (191/1584)   [Kremote: Compressing objects:  12% (200/1584)   [Kremote: Compressing objects:  13% (206/1584)   [Kremote: Compressing objects:  14% (222/1584)   [Kremote: Compressing objects:  15% (238/1584)   [Kremote: Compressing objects:  16% (254/1584)   [Kremote: Compressing objects:  17% (270/1584)   [Kremote: Compressing objects:  18% (286/1584)   [Kremote: Compressing objects:  19% (301/1584)   [Kremote: Compressing objects:  20% (317/1584)   [Kremote: Compressing objects:  21% (333/1584)   [Kremote: Compressing objects:  22% (349/1584)   [Kremote: Compressing objects:  23% (365/1584)   [Kremote: Compressing objects:  24% (381/1584)   [Kremote: Compressing objects:  25% (396/1584)   [Kremote: Compressing objects:  26% (412/1584)   [Kremote: Compressing objects:  27% (428/1584)   [Kremote: Compressing objects:  28% (444/1584)   [Kremote: Compressing objects:  29% (460/1584)   [Kremote: Compressing objects:  30% (476/1584)   [Kremote: Compressing objects:  31% (492/1584)   [Kremote: Compressing objects:  32% (507/1584)   [Kremote: Compressing objects:  33% (523/1584)   [Kremote: Compressing objects:  34% (539/1584)   [Kremote: Compressing objects:  35% (555/1584)   [Kremote: Compressing objects:  36% (571/1584)   [Kremote: Compressing objects:  37% (587/1584)   [Kremote: Compressing objects:  38% (602/1584)   [Kremote: Compressing objects:  39% (618/1584)   [Kremote: Compressing objects:  40% (634/1584)   [Kremote: Compressing objects:  41% (650/1584)   [Kremote: Compressing objects:  42% (666/1584)   [Kremote: Compressing objects:  43% (682/1584)   [Kremote: Compressing objects:  44% (697/1584)   [Kremote: Compressing objects:  45% (713/1584)   [Kremote: Compressing objects:  46% (729/1584)   [Kremote: Compressing objects:  47% (745/1584)   [Kremote: Compressing objects:  48% (761/1584)   [Kremote: Compressing objects:  49% (777/1584)   [Kremote: Compressing objects:  50% (792/1584)   [Kremote: Compressing objects:  51% (808/1584)   [Kremote: Compressing objects:  52% (824/1584)   [Kremote: Compressing objects:  53% (840/1584)   [Kremote: Compressing objects:  54% (856/1584)   [Kremote: Compressing objects:  55% (872/1584)   [Kremote: Compressing objects:  56% (888/1584)   [Kremote: Compressing objects:  57% (903/1584)   [Kremote: Compressing objects:  58% (919/1584)   [Kremote: Compressing objects:  59% (935/1584)   [Kremote: Compressing objects:  60% (951/1584)   [Kremote: Compressing objects:  61% (967/1584)   [Kremote: Compressing objects:  62% (983/1584)   [Kremote: Compressing objects:  63% (998/1584)   [Kremote: Compressing objects:  64% (1014/1584)   [Kremote: Compressing objects:  65% (1030/1584)   [Kremote: Compressing objects:  66% (1046/1584)   [Kremote: Compressing objects:  67% (1062/1584)   [Kremote: Compressing objects:  68% (1078/1584)   [Kremote: Compressing objects:  69% (1093/1584)   [Kremote: Compressing objects:  70% (1109/1584)   [Kremote: Compressing objects:  71% (1125/1584)   [Kremote: Compressing objects:  72% (1141/1584)   [Kremote: Compressing objects:  73% (1157/1584)   [Kremote: Compressing objects:  74% (1173/1584)   [Kremote: Compressing objects:  75% (1188/1584)   [Kremote: Compressing objects:  76% (1204/1584)   [Kremote: Compressing objects:  77% (1220/1584)   [Kremote: Compressing objects:  78% (1236/1584)   [Kremote: Compressing objects:  79% (1252/1584)   [Kremote: Compressing objects:  80% (1268/1584)   [Kremote: Compressing objects:  81% (1284/1584)   [Kremote: Compressing objects:  82% (1299/1584)   [Kremote: Compressing objects:  83% (1315/1584)   [Kremote: Compressing objects:  84% (1331/1584)   [Kremote: Compressing objects:  85% (1347/1584)   [Kremote: Compressing objects:  86% (1363/1584)   [Kremote: Compressing objects:  87% (1379/1584)   [Kremote: Compressing objects:  88% (1394/1584)   [Kremote: Compressing objects:  89% (1410/1584)   [Kremote: Compressing objects:  90% (1426/1584)   [Kremote: Compressing objects:  91% (1442/1584)   [Kremote: Compressing objects:  92% (1458/1584)   [Kremote: Compressing objects:  93% (1474/1584)   [Kremote: Compressing objects:  94% (1489/1584)   [Kremote: Compressing objects:  95% (1505/1584)   [Kremote: Compressing objects:  96% (1521/1584)   [Kremote: Compressing objects:  97% (1537/1584)   [Kremote: Compressing objects:  98% (1553/1584)   [Kremote: Compressing objects:  99% (1569/1584)   [Kremote: Compressing objects: 100% (1584/1584)   [Kremote: Compressing objects: 100% (1584/1584), done.[K
Receiving objects:   0% (1/3240)   Receiving objects:   1% (33/3240)   Receiving objects:   2% (65/3240)   Receiving objects:   3% (98/3240)   Receiving objects:   4% (130/3240)   Receiving objects:   5% (162/3240)   Receiving objects:   6% (195/3240)   Receiving objects:   7% (227/3240)   Receiving objects:   8% (260/3240)   Receiving objects:   9% (292/3240), 2.68 MiB | 4.71 MiB/s   Receiving objects:  10% (324/3240), 2.68 MiB | 4.71 MiB/s   Receiving objects:  11% (357/3240), 2.68 MiB | 4.71 MiB/s   Receiving objects:  12% (389/3240), 2.68 MiB | 4.71 MiB/s   Receiving objects:  13% (422/3240), 2.68 MiB | 4.71 MiB/s   Receiving objects:  14% (454/3240), 2.68 MiB | 4.71 MiB/s   Receiving objects:  15% (486/3240), 2.68 MiB | 4.71 MiB/s   Receiving objects:  16% (519/3240), 2.68 MiB | 4.71 MiB/s   Receiving objects:  17% (551/3240), 2.68 MiB | 4.71 MiB/s   Receiving objects:  18% (584/3240), 2.68 MiB | 4.71 MiB/s   Receiving objects:  19% (616/3240), 2.68 MiB | 4.71 MiB/s   Receiving objects:  20% (648/3240), 2.68 MiB | 4.71 MiB/s   Receiving objects:  21% (681/3240), 2.68 MiB | 4.71 MiB/s   Receiving objects:  22% (713/3240), 2.68 MiB | 4.71 MiB/s   Receiving objects:  23% (746/3240), 2.68 MiB | 4.71 MiB/s   Receiving objects:  24% (778/3240), 2.68 MiB | 4.71 MiB/s   Receiving objects:  25% (810/3240), 2.68 MiB | 4.71 MiB/s   Receiving objects:  26% (843/3240), 2.68 MiB | 4.71 MiB/s   Receiving objects:  27% (875/3240), 2.68 MiB | 4.71 MiB/s   Receiving objects:  28% (908/3240), 2.68 MiB | 4.71 MiB/s   Receiving objects:  29% (940/3240), 2.68 MiB | 4.71 MiB/s   Receiving objects:  30% (972/3240), 2.68 MiB | 4.71 MiB/s   Receiving objects:  31% (1005/3240), 2.68 MiB | 4.71 MiB/s   Receiving objects:  32% (1037/3240), 2.68 MiB | 4.71 MiB/s   Receiving objects:  33% (1070/3240), 2.68 MiB | 4.71 MiB/s   Receiving objects:  34% (1102/3240), 2.68 MiB | 4.71 MiB/s   Receiving objects:  35% (1134/3240), 2.68 MiB | 4.71 MiB/s   Receiving objects:  36% (1167/3240), 2.68 MiB | 4.71 MiB/s   Receiving objects:  37% (1199/3240), 2.68 MiB | 4.71 MiB/s   Receiving objects:  38% (1232/3240), 2.68 MiB | 4.71 MiB/s   Receiving objects:  39% (1264/3240), 2.68 MiB | 4.71 MiB/s   Receiving objects:  40% (1296/3240), 2.68 MiB | 4.71 MiB/s   Receiving objects:  41% (1329/3240), 2.68 MiB | 4.71 MiB/s   Receiving objects:  42% (1361/3240), 2.68 MiB | 4.71 MiB/s   Receiving objects:  43% (1394/3240), 2.68 MiB | 4.71 MiB/s   Receiving objects:  44% (1426/3240), 2.68 MiB | 4.71 MiB/s   Receiving objects:  45% (1458/3240), 2.68 MiB | 4.71 MiB/s   Receiving objects:  46% (1491/3240), 2.68 MiB | 4.71 MiB/s   Receiving objects:  47% (1523/3240), 2.68 MiB | 4.71 MiB/s   Receiving objects:  48% (1556/3240), 2.68 MiB | 4.71 MiB/s   Receiving objects:  49% (1588/3240), 2.68 MiB | 4.71 MiB/s   Receiving objects:  50% (1620/3240), 2.68 MiB | 4.71 MiB/s   Receiving objects:  51% (1653/3240), 2.68 MiB | 4.71 MiB/s   Receiving objects:  52% (1685/3240), 2.68 MiB | 4.71 MiB/s   Receiving objects:  53% (1718/3240), 2.68 MiB | 4.71 MiB/s   Receiving objects:  54% (1750/3240), 2.68 MiB | 4.71 MiB/s   Receiving objects:  55% (1782/3240), 2.68 MiB | 4.71 MiB/s   Receiving objects:  56% (1815/3240), 2.68 MiB | 4.71 MiB/s   Receiving objects:  57% (1847/3240), 2.68 MiB | 4.71 MiB/s   Receiving objects:  58% (1880/3240), 2.68 MiB | 4.71 MiB/s   Receiving objects:  59% (1912/3240), 2.68 MiB | 4.71 MiB/s   Receiving objects:  60% (1944/3240), 2.68 MiB | 4.71 MiB/s   Receiving objects:  61% (1977/3240), 2.68 MiB | 4.71 MiB/s   Receiving objects:  62% (2009/3240), 2.68 MiB | 4.71 MiB/s   Receiving objects:  63% (2042/3240), 2.68 MiB | 4.71 MiB/s   Receiving objects:  64% (2074/3240), 2.68 MiB | 4.71 MiB/s   Receiving objects:  65% (2106/3240), 2.68 MiB | 4.71 MiB/s   Receiving objects:  66% (2139/3240), 2.68 MiB | 4.71 MiB/s   Receiving objects:  67% (2171/3240), 2.68 MiB | 4.71 MiB/s   remote: Total 3240 (delta 1200), reused 2758 (delta 899)[K
Receiving objects:  68% (2204/3240), 2.68 MiB | 4.71 MiB/s   Receiving objects:  69% (2236/3240), 2.68 MiB | 4.71 MiB/s   Receiving objects:  70% (2268/3240), 2.68 MiB | 4.71 MiB/s   Receiving objects:  71% (2301/3240), 2.68 MiB | 4.71 MiB/s   Receiving objects:  72% (2333/3240), 2.68 MiB | 4.71 MiB/s   Receiving objects:  73% (2366/3240), 2.68 MiB | 4.71 MiB/s   Receiving objects:  74% (2398/3240), 2.68 MiB | 4.71 MiB/s   Receiving objects:  75% (2430/3240), 2.68 MiB | 4.71 MiB/s   Receiving objects:  76% (2463/3240), 2.68 MiB | 4.71 MiB/s   Receiving objects:  77% (2495/3240), 2.68 MiB | 4.71 MiB/s   Receiving objects:  78% (2528/3240), 2.68 MiB | 4.71 MiB/s   Receiving objects:  79% (2560/3240), 2.68 MiB | 4.71 MiB/s   Receiving objects:  80% (2592/3240), 2.68 MiB | 4.71 MiB/s   Receiving objects:  81% (2625/3240), 2.68 MiB | 4.71 MiB/s   Receiving objects:  82% (2657/3240), 2.68 MiB | 4.71 MiB/s   Receiving objects:  83% (2690/3240), 2.68 MiB | 4.71 MiB/s   Receiving objects:  84% (2722/3240), 2.68 MiB | 4.71 MiB/s   Receiving objects:  85% (2754/3240), 2.68 MiB | 4.71 MiB/s   Receiving objects:  86% (2787/3240), 2.68 MiB | 4.71 MiB/s   Receiving objects:  87% (2819/3240), 2.68 MiB | 4.71 MiB/s   Receiving objects:  88% (2852/3240), 2.68 MiB | 4.71 MiB/s   Receiving objects:  89% (2884/3240), 2.68 MiB | 4.71 MiB/s   Receiving objects:  90% (2916/3240), 2.68 MiB | 4.71 MiB/s   Receiving objects:  91% (2949/3240), 2.68 MiB | 4.71 MiB/s   Receiving objects:  92% (2981/3240), 2.68 MiB | 4.71 MiB/s   Receiving objects:  93% (3014/3240), 2.68 MiB | 4.71 MiB/s   Receiving objects:  94% (3046/3240), 2.68 MiB | 4.71 MiB/s   Receiving objects:  95% (3078/3240), 2.68 MiB | 4.71 MiB/s   Receiving objects:  96% (3111/3240), 2.68 MiB | 4.71 MiB/s   Receiving objects:  97% (3143/3240), 2.68 MiB | 4.71 MiB/s   Receiving objects:  98% (3176/3240), 2.68 MiB | 4.71 MiB/s   Receiving objects:  99% (3208/3240), 2.68 MiB | 4.71 MiB/s   Receiving objects: 100% (3240/3240), 2.68 MiB | 4.71 MiB/s   Receiving objects: 100% (3240/3240), 5.17 MiB | 4.71 MiB/s, done.
Resolving deltas:   0% (0/1200)   Resolving deltas:   1% (19/1200)   Resolving deltas:   2% (24/1200)   Resolving deltas:   3% (36/1200)   Resolving deltas:   4% (48/1200)   Resolving deltas:   5% (65/1200)   Resolving deltas:   6% (73/1200)   Resolving deltas:   7% (84/1200)   Resolving deltas:   8% (100/1200)   Resolving deltas:   9% (115/1200)   Resolving deltas:  11% (143/1200)   Resolving deltas:  12% (152/1200)   Resolving deltas:  13% (158/1200)   Resolving deltas:  14% (168/1200)   Resolving deltas:  15% (182/1200)   Resolving deltas:  16% (203/1200)   Resolving deltas:  17% (207/1200)   Resolving deltas:  18% (223/1200)   Resolving deltas:  19% (239/1200)   Resolving deltas:  20% (243/1200)   Resolving deltas:  21% (262/1200)   Resolving deltas:  22% (265/1200)   Resolving deltas:  23% (281/1200)   Resolving deltas:  24% (288/1200)   Resolving deltas:  25% (307/1200)   Resolving deltas:  26% (316/1200)   Resolving deltas:  27% (327/1200)   Resolving deltas:  28% (338/1200)   Resolving deltas:  29% (348/1200)   Resolving deltas:  30% (370/1200)   Resolving deltas:  31% (378/1200)   Resolving deltas:  32% (385/1200)   Resolving deltas:  33% (397/1200)   Resolving deltas:  34% (408/1200)   Resolving deltas:  35% (420/1200)   Resolving deltas:  36% (437/1200)   Resolving deltas:  37% (445/1200)   Resolving deltas:  38% (462/1200)   Resolving deltas:  39% (470/1200)   Resolving deltas:  40% (481/1200)   Resolving deltas:  41% (494/1200)   Resolving deltas:  42% (504/1200)   Resolving deltas:  43% (517/1200)   Resolving deltas:  44% (528/1200)   Resolving deltas:  45% (543/1200)   Resolving deltas:  46% (553/1200)   Resolving deltas:  47% (564/1200)   Resolving deltas:  48% (582/1200)   Resolving deltas:  49% (590/1200)   Resolving deltas:  50% (600/1200)   Resolving deltas:  51% (612/1200)   Resolving deltas:  52% (624/1200)   Resolving deltas:  53% (637/1200)   Resolving deltas:  54% (648/1200)   Resolving deltas:  55% (661/1200)   Resolving deltas:  56% (673/1200)   Resolving deltas:  57% (686/1200)   Resolving deltas:  58% (697/1200)   Resolving deltas:  59% (708/1200)   Resolving deltas:  60% (731/1200)   Resolving deltas:  61% (733/1200)   Resolving deltas:  62% (745/1200)   Resolving deltas:  63% (760/1200)   Resolving deltas:  64% (768/1200)   Resolving deltas:  65% (789/1200)   Resolving deltas:  66% (792/1200)   Resolving deltas:  67% (807/1200)   Resolving deltas:  68% (816/1200)   Resolving deltas:  70% (842/1200)   Resolving deltas:  72% (874/1200)   Resolving deltas:  73% (879/1200)   Resolving deltas:  74% (888/1200)   Resolving deltas:  75% (907/1200)   Resolving deltas:  76% (912/1200)   Resolving deltas:  77% (926/1200)   Resolving deltas:  78% (939/1200)   Resolving deltas:  79% (949/1200)   Resolving deltas:  80% (962/1200)   Resolving deltas:  81% (981/1200)   Resolving deltas:  82% (987/1200)   Resolving deltas:  84% (1008/1200)   Resolving deltas:  85% (1021/1200)   Resolving deltas:  86% (1036/1200)   Resolving deltas:  87% (1045/1200)   Resolving deltas:  88% (1056/1200)   Resolving deltas:  89% (1068/1200)   Resolving deltas:  90% (1089/1200)   Resolving deltas:  91% (1092/1200)   Resolving deltas:  92% (1106/1200)   Resolving deltas:  93% (1116/1200)   Resolving deltas:  94% (1128/1200)   Resolving deltas:  96% (1153/1200)   Resolving deltas:  97% (1171/1200)   Resolving deltas:  98% (1178/1200)   Resolving deltas:  99% (1191/1200)   Resolving deltas: 100% (1200/1200)   Resolving deltas: 100% (1200/1200), done.
travis_fold:end:git.1$ cd thinkaurelius/titan
travis_fold:start:git.2$ git fetch origin +refs/pull/234/merge: 
remote: Counting objects: 32, done.[K
remote: Compressing objects:  16% (1/6)   [Kremote: Compressing objects:  33% (2/6)   [Kremote: Compressing objects:  50% (3/6)   [Kremote: Compressing objects:  66% (4/6)   [Kremote: Compressing objects:  83% (5/6)   [Kremote: Compressing objects: 100% (6/6)   [Kremote: Compressing objects: 100% (6/6), done.[K
remote: Total 17 (delta 6), reused 17 (delta 6)[K
Unpacking objects:   5% (1/17)   Unpacking objects:  11% (2/17)   Unpacking objects:  17% (3/17)   Unpacking objects:  23% (4/17)   Unpacking objects:  29% (5/17)   Unpacking objects:  35% (6/17)   Unpacking objects:  41% (7/17)   Unpacking objects:  47% (8/17)   Unpacking objects:  52% (9/17)   Unpacking objects:  58% (10/17)   Unpacking objects:  64% (11/17)   Unpacking objects:  70% (12/17)   Unpacking objects:  76% (13/17)   Unpacking objects:  82% (14/17)   Unpacking objects:  88% (15/17)   Unpacking objects:  94% (16/17)   Unpacking objects: 100% (17/17)   Unpacking objects: 100% (17/17), done.
From git://github.com/thinkaurelius/titan
 * branch            refs/pull/234/merge -> FETCH_HEAD
travis_fold:end:git.2travis_fold:start:git.3$ git checkout -qf FETCH_HEAD
travis_fold:end:git.3$ jdk_switcher use oraclejdk7
Switching to Oracle JDK7 (java-7-oracle), JAVA_HOME will be set to /usr/lib/jvm/java-7-oracle
update-alternatives: error: no alternatives for apt.
update-alternatives: error: no alternatives for mozilla-javaplugin.so.
update-alternatives: error: no alternatives for apt.
$ java -version
java version "1.7.0_17"
Java(TM) SE Runtime Environment (build 1.7.0_17-b02)
Java HotSpot(TM) 64-Bit Server VM (build 23.7-b01, mixed mode)
$ javac -version
javac 1.7.0_17
travis_fold:start:install$ mvn install --quiet -DskipTests=true -B
[debug] execute contextualize
[debug] execute contextualize
[debug] execute contextualize
travis_fold:end:install$ mvn test -B
[INFO] Scanning for projects...
[INFO] ------------------------------------------------------------------------
[INFO] Reactor Build Order:
[INFO] 
[INFO] Titan: Distributed Graph Database
[INFO] Titan-Core: Core Library for Titan
[INFO] Titan-Test: Test Suite for Titan
[INFO] Titan-ElasticSearch: Distributed Indexing Support
[INFO] Titan-BerkeleyJE: Distributed Graph Database
[INFO] Titan-Cassandra: Distributed Graph Database
[INFO] Titan-HBase: Distributed Graph Database
[INFO] Titan-Lucene: Indexing Support
[INFO] Titan-All: Complete Titan Distribution
[INFO]                                                                         
[INFO] ------------------------------------------------------------------------
[INFO] Building Titan: Distributed Graph Database 0.4.0-SNAPSHOT
[INFO] ------------------------------------------------------------------------
[INFO] 
[INFO] --- maven-enforcer-plugin:1.0:enforce (enforce-maven) @ titan ---
[INFO]                                                                         
[INFO] ------------------------------------------------------------------------
[INFO] Building Titan-Core: Core Library for Titan 0.4.0-SNAPSHOT
[INFO] ------------------------------------------------------------------------
[INFO] 
[INFO] --- maven-enforcer-plugin:1.0:enforce (enforce-maven) @ titan-core ---
[INFO] 
[INFO] --- maven-resources-plugin:2.3:resources (default-resources) @ titan-core ---
[INFO] Using 'UTF-8' encoding to copy filtered resources.
[INFO] skip non existing resourceDirectory /home/travis/build/thinkaurelius/titan/titan-core/src/main/resources
[INFO] 
[INFO] --- maven-compiler-plugin:2.5.1:compile (default-compile) @ titan-core ---
[INFO] Nothing to compile - all classes are up to date
[INFO] 
[INFO] --- maven-resources-plugin:2.3:testResources (default-testResources) @ titan-core ---
[INFO] Using 'UTF-8' encoding to copy filtered resources.
[INFO] skip non existing resourceDirectory /home/travis/build/thinkaurelius/titan/titan-core/src/test/resources
[INFO] 
[INFO] --- maven-compiler-plugin:2.5.1:testCompile (default-testCompile) @ titan-core ---
[INFO] No sources to compile
[INFO] 
[INFO] --- maven-surefire-plugin:2.11:test (default-test) @ titan-core ---
[INFO] No tests to run.
[INFO] Surefire report directory: /home/travis/build/thinkaurelius/titan/titan-core/target/surefire-reports
Downloading: http://maven.mirrors.travis-ci.org/nexus/content/repositories/central/org/apache/maven/surefire/surefire-junit3/2.11/surefire-junit3-2.11.pom
Downloaded: http://maven.mirrors.travis-ci.org/nexus/content/repositories/central/org/apache/maven/surefire/surefire-junit3/2.11/surefire-junit3-2.11.pom (2 KB at 2.1 KB/sec)
Downloading: http://maven.mirrors.travis-ci.org/nexus/content/repositories/central/org/apache/maven/surefire/surefire-providers/2.11/surefire-providers-2.11.pom
Downloaded: http://maven.mirrors.travis-ci.org/nexus/content/repositories/central/org/apache/maven/surefire/surefire-providers/2.11/surefire-providers-2.11.pom (3 KB at 6.8 KB/sec)
Downloading: http://maven.mirrors.travis-ci.org/nexus/content/repositories/central/org/apache/maven/surefire/surefire-junit3/2.11/surefire-junit3-2.11.jar
Downloaded: http://maven.mirrors.travis-ci.org/nexus/content/repositories/central/org/apache/maven/surefire/surefire-junit3/2.11/surefire-junit3-2.11.jar (26 KB at 12.2 KB/sec)

-------------------------------------------------------
 T E S T S
-------------------------------------------------------

Results :

Tests run: 0, Failures: 0, Errors: 0, Skipped: 0

[INFO]                                                                         
[INFO] ------------------------------------------------------------------------
[INFO] Building Titan-Test: Test Suite for Titan 0.4.0-SNAPSHOT
[INFO] ------------------------------------------------------------------------
[INFO] 
[INFO] --- maven-enforcer-plugin:1.0:enforce (enforce-maven) @ titan-test ---
[INFO] 
[INFO] --- maven-resources-plugin:2.3:resources (default-resources) @ titan-test ---
[INFO] Using 'UTF-8' encoding to copy filtered resources.
[INFO] Copying 1 resource
[INFO] 
[INFO] --- maven-compiler-plugin:2.5.1:compile (default-compile) @ titan-test ---
[INFO] Nothing to compile - all classes are up to date
[INFO] 
[INFO] --- maven-resources-plugin:2.3:testResources (default-testResources) @ titan-test ---
[INFO] Using 'UTF-8' encoding to copy filtered resources.
[INFO] Copying 2 resources
[INFO] 
[INFO] --- maven-compiler-plugin:2.5.1:testCompile (default-testCompile) @ titan-test ---
[INFO] Nothing to compile - all classes are up to date
[INFO] 
[INFO] --- maven-surefire-plugin:2.12.1:test (default-test) @ titan-test ---
[INFO] Surefire report directory: /home/travis/build/thinkaurelius/titan/titan-test/target/surefire-reports
Downloading: http://maven.mirrors.travis-ci.org/nexus/content/repositories/central/org/apache/maven/surefire/surefire-junit4/2.12.1/surefire-junit4-2.12.1.pom
Downloaded: http://maven.mirrors.travis-ci.org/nexus/content/repositories/central/org/apache/maven/surefire/surefire-junit4/2.12.1/surefire-junit4-2.12.1.pom (3 KB at 7.2 KB/sec)
Downloading: http://maven.mirrors.travis-ci.org/nexus/content/repositories/central/org/apache/maven/surefire/surefire-providers/2.12.1/surefire-providers-2.12.1.pom
Downloaded: http://maven.mirrors.travis-ci.org/nexus/content/repositories/central/org/apache/maven/surefire/surefire-providers/2.12.1/surefire-providers-2.12.1.pom (3 KB at 3.6 KB/sec)
Downloading: http://maven.mirrors.travis-ci.org/nexus/content/repositories/central/org/apache/maven/surefire/surefire-junit4/2.12.1/surefire-junit4-2.12.1.jar
Downloaded: http://maven.mirrors.travis-ci.org/nexus/content/repositories/central/org/apache/maven/surefire/surefire-junit4/2.12.1/surefire-junit4-2.12.1.jar (34 KB at 36.4 KB/sec)

-------------------------------------------------------
 T E S T S
-------------------------------------------------------
Running com.thinkaurelius.titan.graphdb.idmanagement.VertexIDAssignerTest
Partition: false
partitionMax: 2147483647
localPartition: null
Partition: true
partitionMax: 2147483647
localPartition: null
Partition: true
partitionMax: 2147483647
localPartition: [0, 2000]
Partition: true
partitionMax: 2147483647
localPartition: [-100000, -1]
Partition: true
partitionMax: 2147483647
localPartition: [-10000, 10000]
Partition: true
partitionMax: 100
localPartition: null
Partition: true
partitionMax: 100
localPartition: [0, 2000]
Partition: true
partitionMax: 100
localPartition: [-100000, -1]
Partition: true
partitionMax: 100
localPartition: [-10000, 10000]
Tests run: 9, Failures: 0, Errors: 0, Skipped: 0, Time elapsed: 18.706 sec
Running com.thinkaurelius.titan.tinkerpop.rexster.TitanGraphConfigurationTest
Tests run: 1, Failures: 0, Errors: 0, Skipped: 0, Time elapsed: 0.099 sec
Running com.thinkaurelius.titan.graphdb.serializer.SerializerTest
Tests run: 9, Failures: 0, Errors: 0, Skipped: 0, Time elapsed: 2.545 sec
Running com.thinkaurelius.titan.diskstorage.util.ByteBufferUtilTest
Tests run: 1, Failures: 0, Errors: 0, Skipped: 0, Time elapsed: 0.218 sec
Running com.thinkaurelius.titan.graphdb.idmanagement.IDManagementTest
Tests run: 3, Failures: 0, Errors: 0, Skipped: 0, Time elapsed: 1.39 sec
Running com.thinkaurelius.titan.graphdb.attribute.GeoshapeTest
circle[10.0,12.5]:100.0
box[[20.0,22.5],[40.5,60.5]]
Tests run: 3, Failures: 0, Errors: 0, Skipped: 0, Time elapsed: 0.034 sec
Running com.thinkaurelius.titan.graphdb.serializer.KryoTest
Tests run: 5, Failures: 0, Errors: 0, Skipped: 0, Time elapsed: 0.012 sec
Running com.thinkaurelius.titan.graphdb.serializer.ByteBufferTest
Tests run: 3, Failures: 0, Errors: 0, Skipped: 0, Time elapsed: 0.339 sec
Running com.thinkaurelius.titan.graphdb.inmemory.InMemoryGraphTest
Tests run: 19, Failures: 0, Errors: 0, Skipped: 0, Time elapsed: 28.081 sec
Running com.thinkaurelius.titan.diskstorage.inmemory.InMemoryKeyColumnValueStoreTest
Loading time (ms): 1673
Reading time (ms): 194
Tests run: 17, Failures: 0, Errors: 0, Skipped: 0, Time elapsed: 4.89 sec
Running com.thinkaurelius.titan.tinkerpop.gremlin.ScriptExecutorTest
Tests run: 1, Failures: 0, Errors: 0, Skipped: 0, Time elapsed: 0 sec
Running com.thinkaurelius.titan.diskstorage.inmemory.inMemoryLockKeyColumnValueStoreTest
Tests run: 14, Failures: 0, Errors: 0, Skipped: 0, Time elapsed: 5.786 sec
Running com.thinkaurelius.titan.diskstorage.locking.LocalLockMediatorTest
Tests run: 1, Failures: 0, Errors: 0, Skipped: 0, Time elapsed: 0.202 sec
Running com.thinkaurelius.titan.util.datastructures.BitMapTest
Tests run: 1, Failures: 0, Errors: 0, Skipped: 0, Time elapsed: 0.002 sec
Running com.thinkaurelius.titan.util.datastructures.ImmutableLongObjectMapTest
Tests run: 3, Failures: 0, Errors: 0, Skipped: 0, Time elapsed: 0.476 sec
Running com.thinkaurelius.titan.graphdb.idmanagement.VariableLongTest
Writing 10000000 longs in 65567319 bytes. in time: 2811
Writing 1000000 longs in 2983488 bytes. in time: 174
Tests run: 5, Failures: 0, Errors: 0, Skipped: 0, Time elapsed: 3.864 sec
Running com.thinkaurelius.titan.util.LongEncodingTest
Time to de/encode 1000000 longs (in ms): 1192
Tests run: 1, Failures: 0, Errors: 0, Skipped: 0, Time elapsed: 1.192 sec
Running com.thinkaurelius.titan.diskstorage.util.StorageFeaturesTest
Tests run: 1, Failures: 0, Errors: 0, Skipped: 0, Time elapsed: 0 sec
Running com.thinkaurelius.titan.util.datastructures.RandomRemovalListTest
Tests run: 3, Failures: 0, Errors: 0, Skipped: 0, Time elapsed: 1.037 sec
Running com.thinkaurelius.titan.graphdb.idmanagement.IDPoolTest
Tests run: 3, Failures: 0, Errors: 0, Skipped: 0, Time elapsed: 1.702 sec

Results :

Tests run: 103, Failures: 0, Errors: 0, Skipped: 0

[INFO]                                                                         
[INFO] ------------------------------------------------------------------------
[INFO] Building Titan-ElasticSearch: Distributed Indexing Support 0.4.0-SNAPSHOT
[INFO] ------------------------------------------------------------------------
[INFO] 
[INFO] --- maven-enforcer-plugin:1.0:enforce (enforce-maven) @ titan-es ---
[INFO] 
[INFO] --- maven-resources-plugin:2.3:resources (default-resources) @ titan-es ---
[INFO] Using 'UTF-8' encoding to copy filtered resources.
[INFO] skip non existing resourceDirectory /home/travis/build/thinkaurelius/titan/titan-es/src/main/resources
[INFO] 
[INFO] --- maven-compiler-plugin:2.5.1:compile (default-compile) @ titan-es ---
[INFO] Nothing to compile - all classes are up to date
[INFO] 
[INFO] --- maven-resources-plugin:2.3:testResources (default-testResources) @ titan-es ---
[INFO] Using 'UTF-8' encoding to copy filtered resources.
[INFO] Copying 1 resource
[INFO] 
[INFO] --- maven-compiler-plugin:2.5.1:testCompile (default-testCompile) @ titan-es ---
[INFO] Nothing to compile - all classes are up to date
[INFO] 
[INFO] --- maven-surefire-plugin:2.12.1:test (default-test) @ titan-es ---
[INFO] Surefire report directory: /home/travis/build/thinkaurelius/titan/titan-es/target/surefire-reports

-------------------------------------------------------
 T E S T S
-------------------------------------------------------
Running com.thinkaurelius.titan.diskstorage.es.ElasticSearchIndexTest
62 vs 73.867869045
Query time on 30000 docs (ms): 199
Tests run: 5, Failures: 0, Errors: 0, Skipped: 0, Time elapsed: 40.758 sec

Results :

Tests run: 5, Failures: 0, Errors: 0, Skipped: 0

[INFO]                                                                         
[INFO] ------------------------------------------------------------------------
[INFO] Building Titan-BerkeleyJE: Distributed Graph Database 0.4.0-SNAPSHOT
[INFO] ------------------------------------------------------------------------
[INFO] 
[INFO] --- maven-enforcer-plugin:1.0:enforce (enforce-maven) @ titan-berkeleyje ---
[INFO] 
[INFO] --- maven-resources-plugin:2.3:resources (default-resources) @ titan-berkeleyje ---
[INFO] Using 'UTF-8' encoding to copy filtered resources.
[INFO] Copying 2 resources
[INFO] 
[INFO] --- maven-compiler-plugin:2.5.1:compile (default-compile) @ titan-berkeleyje ---
[INFO] Nothing to compile - all classes are up to date
[INFO] 
[INFO] --- maven-resources-plugin:2.3:testResources (default-testResources) @ titan-berkeleyje ---
[INFO] Using 'UTF-8' encoding to copy filtered resources.
[INFO] Copying 2 resources
[INFO] 
[INFO] --- maven-compiler-plugin:2.5.1:testCompile (default-testCompile) @ titan-berkeleyje ---
[INFO] Nothing to compile - all classes are up to date
[INFO] 
[INFO] --- maven-surefire-plugin:2.12.1:test (default-test) @ titan-berkeleyje ---
[INFO] Surefire report directory: /home/travis/build/thinkaurelius/titan/titan-berkeleyje/target/surefire-reports

-------------------------------------------------------
 T E S T S
-------------------------------------------------------
Running com.thinkaurelius.titan.tinkerpop.rexster.RexsterServerClientBerkeleyJeTest
Apr 22, 2013 9:05:13 PM org.glassfish.grizzly.servlet.WebappContext deploy
INFO: Starting application [jersey] ...
Apr 22, 2013 9:05:14 PM com.sun.jersey.server.impl.application.WebApplicationImpl _initiate
INFO: Initiating Jersey application, version 'Jersey: 1.17 01/17/2013 03:31 PM'
Apr 22, 2013 9:05:15 PM org.glassfish.grizzly.servlet.WebappContext initServlets
INFO: [jersey] Servlet [com.sun.jersey.spi.container.servlet.ServletContainer] registered for url pattern(s) [[/*]].
Apr 22, 2013 9:05:15 PM org.glassfish.grizzly.servlet.WebappContext deploy
INFO: Application [jersey] is ready to service requests.  Root: [].
Apr 22, 2013 9:05:15 PM org.glassfish.grizzly.http.server.NetworkListener start
INFO: Started listener bound to [0.0.0.0:8182]
Apr 22, 2013 9:05:15 PM org.glassfish.grizzly.http.server.HttpServer start
INFO: [HttpServer] Started.
Apr 22, 2013 9:05:17 PM org.glassfish.grizzly.http.server.NetworkListener stop
INFO: Stopped listener bound to [0.0.0.0:8182]
Tests run: 1, Failures: 0, Errors: 0, Skipped: 0, Time elapsed: 8.063 sec
Running com.thinkaurelius.titan.blueprints.BerkeleyJEBlueprintsTest
Testing testVertexEqualityForSuppliedIdsAndHashCode...
Opening graph in: /tmp/titan-test/standard
Testing testVertexCentricRemoving...
Opening graph in: /tmp/titan-test/standard
Testing testEmptyKeyProperty...
Opening graph in: /tmp/titan-test/standard
Testing testVertexCentricLinking...
Opening graph in: /tmp/titan-test/standard
Testing testRemoveVertexNullId...
Opening graph in: /tmp/titan-test/standard
	titangraph[berkeleyje:/tmp/titan-test/standard]: 100 vertices added in 21.89248299994506ms
	titangraph[berkeleyje:/tmp/titan-test/standard]: 100 vertices removed in 18.601101999985985ms
Testing testGetNonExistantVertices...
Opening graph in: /tmp/titan-test/standard
Testing testVertexEquality...
Opening graph in: /tmp/titan-test/standard
	titangraph[berkeleyje:/tmp/titan-test/standard]: 1 vertex added and retrieved in 4.524887999985367ms
Testing testGettingEdgesAndVertices...
Opening graph in: /tmp/titan-test/standard
Testing testAddingIdProperty...
Opening graph in: /tmp/titan-test/standard
Testing testRemoveVertexProperties...
Opening graph in: /tmp/titan-test/standard
Testing testAddManyVertexProperties...
Opening graph in: /tmp/titan-test/standard
	titangraph[berkeleyje:/tmp/titan-test/standard]: 750 vertex properties added (with vertices being added too) in 3129.9642969999695ms
Testing testVertexIterator...
Opening graph in: /tmp/titan-test/standard
	titangraph[berkeleyje:/tmp/titan-test/standard]: 1000 vertices added in 97.59544800000731ms
	titangraph[berkeleyje:/tmp/titan-test/standard]: 1000 vertices counted in 4.178286000038497ms
Testing testAddVertexProperties...
Opening graph in: /tmp/titan-test/standard
Testing testLegalVertexEdgeIterables...
Opening graph in: /tmp/titan-test/standard
Testing testGetVertexWithNull...
Opening graph in: /tmp/titan-test/standard
Testing testRemoveVertexWithEdges...
Opening graph in: /tmp/titan-test/standard
Testing testRemoveVertex...
Opening graph in: /tmp/titan-test/standard
Testing testBasicAddVertex...
Opening graph in: /tmp/titan-test/standard
Testing testSettingBadVertexProperties...
Opening graph in: /tmp/titan-test/standard
Testing testNoConcurrentModificationException...
Opening graph in: /tmp/titan-test/standard
Testing testConcurrentModificationOnProperties...
Opening graph in: /tmp/titan-test/standard
*** TOTAL TIME [VertexTestSuite]: 10890.145157999941 ***
Testing testEdgeEquality...
Opening graph in: /tmp/titan-test/standard
Testing testEdgeIterator...
Opening graph in: /tmp/titan-test/standard
Testing testAddingRemovingEdgeProperties...
Opening graph in: /tmp/titan-test/standard
Testing testEmptyKeyProperty...
Opening graph in: /tmp/titan-test/standard
Testing testGetNonExistantEdges...
Opening graph in: /tmp/titan-test/standard
Testing testAddEdges...
Opening graph in: /tmp/titan-test/standard
	titangraph[berkeleyje:/tmp/titan-test/standard]: 6 elements added and checked in 20.79386799992062ms
Testing testRemoveSelfLoops...
Opening graph in: /tmp/titan-test/standard
Testing testGetEdges...
Opening graph in: /tmp/titan-test/standard
	titangraph[berkeleyje:/tmp/titan-test/standard]: 3 edges retrieved in 1.5647540000500157ms
Testing testRemoveEdges...
Opening graph in: /tmp/titan-test/standard
Testing testAddingDuplicateEdges...
Opening graph in: /tmp/titan-test/standard
Testing testAddingSelfLoops...
Opening graph in: /tmp/titan-test/standard
Testing testRemoveManyEdges...
Opening graph in: /tmp/titan-test/standard
	titangraph[berkeleyje:/tmp/titan-test/standard]: 20 vertices counted in 0.40370000002440065ms
	titangraph[berkeleyje:/tmp/titan-test/standard]: 10 edges counted in 1.4016820000251755ms
	titangraph[berkeleyje:/tmp/titan-test/standard]: 10 edges removed and graph checked in 37.473136999993585ms
Testing testAddManyEdges...
Opening graph in: /tmp/titan-test/standard
	titangraph[berkeleyje:/tmp/titan-test/standard]: 300 elements added in 484.56937399995513ms
	titangraph[berkeleyje:/tmp/titan-test/standard]: 100 edges counted in 4.6643240000121295ms
	titangraph[berkeleyje:/tmp/titan-test/standard]: 200 vertices counted in 1.3689970000414178ms
	titangraph[berkeleyje:/tmp/titan-test/standard]: 200 vertices checked in 10.068988000042737ms
Testing testRemoveEdgesByRemovingVertex...
Opening graph in: /tmp/titan-test/standard
Testing testAddingLabelAndIdProperty...
Opening graph in: /tmp/titan-test/standard
Testing testEdgeCentricRemoving...
Opening graph in: /tmp/titan-test/standard
Testing testSettingBadVertexProperties...
Opening graph in: /tmp/titan-test/standard
Testing testNoConcurrentModificationException...
Opening graph in: /tmp/titan-test/standard
*** TOTAL TIME [EdgeTestSuite]: 5382.194855000009 ***
Testing testRemovingVertices...
Opening graph in: /tmp/titan-test/standard
	titangraph[berkeleyje:/tmp/titan-test/standard]: 500 vertices added in 60.56498099991586ms
	titangraph[berkeleyje:/tmp/titan-test/standard]: 250 edges added in 402.8004240000155ms
	titangraph[berkeleyje:/tmp/titan-test/standard]: 500 vertices deleted (with size check on each delete) in 448.4978930000216ms
Testing testConnectivityPatterns...
Opening graph in: /tmp/titan-test/standard
Testing testVertexEdgeLabels...
Opening graph in: /tmp/titan-test/standard
Testing testSimpleRemovingVerticesEdges...
Opening graph in: /tmp/titan-test/standard
Testing testRemovingEdges...
Opening graph in: /tmp/titan-test/standard
	titangraph[berkeleyje:/tmp/titan-test/standard]: 100 vertices added in 7.910091000027023ms
	titangraph[berkeleyje:/tmp/titan-test/standard]: 200 edges added in 289.15683399990667ms
	titangraph[berkeleyje:/tmp/titan-test/standard]: 200 edges deleted (with size check on each delete) in 155.9420430000173ms
Testing testAddingVerticesAndEdges...
Opening graph in: /tmp/titan-test/standard
Testing testSettingProperties...
Opening graph in: /tmp/titan-test/standard
Testing testStringRepresentationOfVertexId...
Opening graph in: /tmp/titan-test/standard
Testing testSemanticallyCorrectIterables...
Opening graph in: /tmp/titan-test/standard
Testing testGettingVerticesAndEdgesWithKeyValue...
Opening graph in: /tmp/titan-test/standard
Testing testFeatureCompliance...
Opening graph in: /tmp/titan-test/standard
supportsDuplicateEdges: true
supportsSelfLoops: true
supportsSerializableObjectProperty: true
supportsBooleanProperty: true
supportsDoubleProperty: true
supportsFloatProperty: true
supportsIntegerProperty: true
supportsPrimitiveArrayProperty: true
supportsUniformListProperty: true
supportsMixedListProperty: true
supportsLongProperty: true
supportsMapProperty: true
supportsStringProperty: true
ignoresSuppliedIds: true
isPersistent: true
isRDFModel: false
isWrapper: false
supportsIndices: false
supportsVertexIndex: false
supportsEdgeIndex: false
supportsKeyIndices: true
supportsVertexKeyIndex: true
supportsEdgeKeyIndex: true
supportsEdgeIteration: true
supportsVertexIteration: true
supportsEdgeRetrieval: true
supportsVertexProperties: true
supportsEdgeProperties: true
supportsTransactions: true
supportsThreadedTransactions: true
Testing testGraphDataPersists...
Opening graph in: /tmp/titan-test/standard
Opening graph in: /tmp/titan-test/standard
	titangraph[berkeleyje:/tmp/titan-test/standard]: 1 graph loaded in 22.08539899997413ms
Testing testAutotypingOfProperties...
Opening graph in: /tmp/titan-test/standard
Testing testEmptyOnConstruction...
Opening graph in: /tmp/titan-test/standard
Testing testTreeConnectivity...
Opening graph in: /tmp/titan-test/standard
	titangraph[berkeleyje:/tmp/titan-test/standard]: 1464 vertices added in a tree structure in 287.1564260000596ms
	titangraph[berkeleyje:/tmp/titan-test/standard]: 1464 vertices iterated in 3.643190999981016ms
	titangraph[berkeleyje:/tmp/titan-test/standard]: 1463 edges iterated in 31.68519600003492ms
Testing testConcurrentModification...
Opening graph in: /tmp/titan-test/standard
Testing testVertexEdgeLabels2...
Opening graph in: /tmp/titan-test/standard
*** TOTAL TIME [GraphTestSuite]: 6472.2094150000485 ***
Testing testGraphQueryForVertices...
Opening graph in: /tmp/titan-test/standard
Opening graph in: /tmp/titan-test/standard
Testing testGraphQueryForEdges...
Opening graph in: /tmp/titan-test/standard
Opening graph in: /tmp/titan-test/standard
Testing testVertexQuery...
Opening graph in: /tmp/titan-test/standard
*** TOTAL TIME [QueryTestSuite]: 304.35014300001785 ***
Testing testKeyIndicesConsistentWithElementRemoval...
Opening graph in: /tmp/titan-test/standard
Testing testGettingVerticesAndEdgesWithKeyValue...
Opening graph in: /tmp/titan-test/standard
Testing testAutoIndexKeyManagementWithPersistence...
Opening graph in: /tmp/titan-test/standard
	titangraph[berkeleyje:/tmp/titan-test/standard]: 2 automatic index keys added in 3.909810999990441ms
	titangraph[berkeleyje:/tmp/titan-test/standard]: 2 automatic index keys added in 2.319184000021778ms
Opening graph in: /tmp/titan-test/standard
Testing testNoConcurrentModificationException...
Opening graph in: /tmp/titan-test/standard
*** TOTAL TIME [KeyIndexableGraphTestSuite]: 375.5379350000294 ***
Testing testCompetingThreads...
Opening graph in: /tmp/titan-test/standard
Opening graph in: /tmp/titan-test/standard
Testing testCompetingThreadsOnMultipleDbInstances...
Opening graph in: /tmp/titan-test/first
Opening graph in: /tmp/titan-test/second
Testing testBasicVertexEdgeTransactions...
Opening graph in: /tmp/titan-test/standard
Testing testTrue...
Testing testAutoStartTransaction...
Opening graph in: /tmp/titan-test/standard
Testing testAutomaticSuccessfulTransactionOnShutdown...
Opening graph in: /tmp/titan-test/standard
Opening graph in: /tmp/titan-test/standard
Testing testVertexCountOnPreTransactionCommit...
Opening graph in: /tmp/titan-test/standard
Testing testRepeatedTransactionStopException...
Opening graph in: /tmp/titan-test/standard
Testing testBruteVertexTransactions...
Opening graph in: /tmp/titan-test/standard
	titangraph[berkeleyje:/tmp/titan-test/standard]: 100 vertices added in 100 successful transactions in 59.47976799996104ms
	titangraph[berkeleyje:/tmp/titan-test/standard]: 100 vertices not added in 100 failed transactions in 27.408337000058964ms
	titangraph[berkeleyje:/tmp/titan-test/standard]: 100 vertices added in 1 successful transactions in 17.950605000020005ms
	titangraph[berkeleyje:/tmp/titan-test/standard]: 100 vertices not added in 1 failed transactions in 16.044370000017807ms
Testing testTransactionsForEdges...
Opening graph in: /tmp/titan-test/standard
	titangraph[berkeleyje:/tmp/titan-test/standard]: 1 edge not added in failed transaction (w/ iteration) in 3.612396000069566ms
	titangraph[berkeleyje:/tmp/titan-test/standard]: 1 edge added in successful transaction (w/ iteration) in 3.1635719999903813ms
Testing testBruteEdgeTransactions...
Opening graph in: /tmp/titan-test/standard
	titangraph[berkeleyje:/tmp/titan-test/standard]: 100 edges added in 100 successful transactions (2 vertices added for each edge) in 200.53301899996586ms
	titangraph[berkeleyje:/tmp/titan-test/standard]: 100 edges not added in 100 failed transactions (2 vertices added for each edge) in 63.24832300003618ms
	titangraph[berkeleyje:/tmp/titan-test/standard]: 100 edges added in 1 successful transactions (2 vertices added for each edge) in 74.33394199993927ms
	titangraph[berkeleyje:/tmp/titan-test/standard]: 100 edges not added in 1 failed transactions (2 vertices added for each edge) in 67.2904260000214ms
Testing testPropertyTransactions...
Opening graph in: /tmp/titan-test/standard
	titangraph[berkeleyje:/tmp/titan-test/standard]: 1 vertex added with string property in a successful transaction in 5.033885000040755ms
	titangraph[berkeleyje:/tmp/titan-test/standard]: 1 integer property not added in a failed transaction in 2.807367999921553ms
	titangraph[berkeleyje:/tmp/titan-test/standard]: 2 vertex properties checked in a successful transaction in 1.1410150000592694ms
	titangraph[berkeleyje:/tmp/titan-test/standard]: 1 edge property added and checked in a successful transaction in 3.849335000035353ms
	titangraph[berkeleyje:/tmp/titan-test/standard]: 1 edge property added and checked in a failed transaction in 0.7964289999799803ms
Testing testTransactionIsolationCommitCheck...
Opening graph in: /tmp/titan-test/standard
added vertex
reading vertex before tx
read vertex before tx
Testing testIndexTransactions...
Opening graph in: /tmp/titan-test/standard
Testing testBulkTransactionsOnEdges...
Opening graph in: /tmp/titan-test/standard
Testing testRemoveInTransaction...
Opening graph in: /tmp/titan-test/standard
Testing testTransactionsForVertices...
Opening graph in: /tmp/titan-test/standard
	titangraph[berkeleyje:/tmp/titan-test/standard]: 1 vertex not added in failed transaction in 0.5879189999541268ms
	titangraph[berkeleyje:/tmp/titan-test/standard]: 1 vertex added in successful transaction in 0.6170299999648705ms
*** TOTAL TIME [TransactionalTitanGraphTestSuite]: 3379.263428999926 ***
Testing testVertexReattachment...
Opening graph in: /tmp/titan-test/standard
*** TOTAL TIME [TitanSpecificBlueprintsTestSuite]: 88.02618699998129 ***
Testing testTinkerGraphVertexAndEdges...
Opening graph in: /tmp/titan-test/standard
	titangraph[berkeleyje:/tmp/titan-test/standard]: graph-example-1 loaded in 64.02408000000287ms
Testing testReadingTinkerGraphExample3MappingLabels...
Opening graph in: /tmp/titan-test/standard
	titangraph[berkeleyje:/tmp/titan-test/standard]: graph-example-3 loaded in 31.66612999991048ms
Testing testReadingTinkerGraphExample3MappingIDs...
Opening graph in: /tmp/titan-test/standard
	titangraph[berkeleyje:/tmp/titan-test/standard]: graph-example-3 loaded in 28.522583000012673ms
Testing testTinkerGraphEdges...
Opening graph in: /tmp/titan-test/standard
	titangraph[berkeleyje:/tmp/titan-test/standard]: graph-example-1 loaded in 23.464394000009634ms
Testing testTinkerGraphVertices...
Opening graph in: /tmp/titan-test/standard
	titangraph[berkeleyje:/tmp/titan-test/standard]: graph-example-1 loaded in 20.684235000051558ms
Testing testReadingTinkerGraphExample3...
Opening graph in: /tmp/titan-test/standard
Testing testReadingTinkerGraph...
Opening graph in: /tmp/titan-test/standard
Testing testReadingTinkerGraphExample3MappingAll...
Opening graph in: /tmp/titan-test/standard
	titangraph[berkeleyje:/tmp/titan-test/standard]: graph-example-3 loaded in 22.106262000044808ms
Testing testMigratingTinkerGraphExample3...
Opening graph in: /tmp/titan-test/standard
Testing testAllGraphMLTypeCastsAndDataMappings...
Opening graph in: /tmp/titan-test/standard
Testing testTinkerGraphSoftwareVertices...
Opening graph in: /tmp/titan-test/standard
	titangraph[berkeleyje:/tmp/titan-test/standard]: graph-example-1 loaded in 22.979459000052884ms
*** TOTAL TIME [GraphMLReaderTestSuite]: 779.3325379999587 ***
Testing testTinkerGraphVertexAndEdges...
Opening graph in: /tmp/titan-test/standard
	titangraph[berkeleyje:/tmp/titan-test/standard]: graph-example-1 loaded in 313.3547580000013ms
Testing testTinkerGraphEdges...
Opening graph in: /tmp/titan-test/standard
	titangraph[berkeleyje:/tmp/titan-test/standard]: graph-example-1 loaded in 16.44160199991893ms
Testing testTinkerGraphVertices...
Opening graph in: /tmp/titan-test/standard
	titangraph[berkeleyje:/tmp/titan-test/standard]: graph-example-1 loaded in 18.669333999976516ms
Testing testReadingTinkerGraph...
Opening graph in: /tmp/titan-test/standard
Testing testTinkerGraphSoftwareVertices...
Opening graph in: /tmp/titan-test/standard
	titangraph[berkeleyje:/tmp/titan-test/standard]: graph-example-1 loaded in 19.518273000023328ms
*** TOTAL TIME [GraphSONReaderTestSuite]: 836.3576530000428 ***
Testing testTinkerGraphVertexAndEdges...
Opening graph in: /tmp/titan-test/standard
	titangraph[berkeleyje:/tmp/titan-test/standard]: graph-example-1 loaded in 20.892662999918684ms
Testing testReadingTinkerGraphExample3MappingLabels...
Opening graph in: /tmp/titan-test/standard
	titangraph[berkeleyje:/tmp/titan-test/standard]: graph-example-3 loaded in 21.663436000002548ms
Testing testReadingTinkerGraphExample3MappingIDs...
Opening graph in: /tmp/titan-test/standard
	titangraph[berkeleyje:/tmp/titan-test/standard]: graph-example-3 loaded in 17.675108999945223ms
Testing testTinkerGraphEdges...
Opening graph in: /tmp/titan-test/standard
	titangraph[berkeleyje:/tmp/titan-test/standard]: graph-example-1 loaded in 16.550518000032753ms
Testing testTinkerGraphVertices...
Opening graph in: /tmp/titan-test/standard
	titangraph[berkeleyje:/tmp/titan-test/standard]: graph-example-1 loaded in 20.12511700007599ms
Testing testReadingTinkerGraphExample3...
Opening graph in: /tmp/titan-test/standard
Testing testReadingTinkerGraph...
Opening graph in: /tmp/titan-test/standard
Testing testReadingTinkerGraphExample3MappingAll...
Opening graph in: /tmp/titan-test/standard
	titangraph[berkeleyje:/tmp/titan-test/standard]: graph-example-3 loaded in 18.858949000015855ms
Testing testMigratingTinkerGraphExample3...
Opening graph in: /tmp/titan-test/standard
Testing testTinkerGraphSoftwareVertices...
Opening graph in: /tmp/titan-test/standard
	titangraph[berkeleyje:/tmp/titan-test/standard]: graph-example-1 loaded in 15.174191000056453ms
*** TOTAL TIME [GMLReaderTestSuite]: 633.5519929999718 ***
Tests run: 10, Failures: 0, Errors: 0, Skipped: 0, Time elapsed: 29.18 sec
Running com.thinkaurelius.titan.graphdb.berkeleyje.ElasticSearchBerkeleyDBTest
Tests run: 2, Failures: 0, Errors: 0, Skipped: 0, Time elapsed: 12.07 sec
Running com.thinkaurelius.titan.diskstorage.berkeleyje.BerkeleyDBjeKeyColumnValueVariableTest
Loading time (ms): 3353
Reading time (ms): 492
Tests run: 17, Failures: 0, Errors: 0, Skipped: 0, Time elapsed: 13.962 sec
Running com.thinkaurelius.titan.diskstorage.berkeleyje.BerkeleyJeHashKeyColumnValueTest
Loading time (ms): 2877
Reading time (ms): 591
Tests run: 17, Failures: 0, Errors: 0, Skipped: 0, Time elapsed: 12.209 sec
Running com.thinkaurelius.titan.diskstorage.berkeleyje.BerkeleyJEKeyValueTest
Tests run: 7, Failures: 0, Errors: 0, Skipped: 0, Time elapsed: 0.752 sec
Running com.thinkaurelius.titan.graphdb.berkeleyje.BerkeleyJEGraphTest
Tests run: 19, Failures: 0, Errors: 0, Skipped: 0, Time elapsed: 5.811 sec
Running com.thinkaurelius.titan.diskstorage.berkeleyje.BerkeleyDBjeKeyColumnValueTest
Loading time (ms): 3198
Reading time (ms): 444
Tests run: 17, Failures: 0, Errors: 0, Skipped: 0, Time elapsed: 10.856 sec

Results :

Tests run: 90, Failures: 0, Errors: 0, Skipped: 0

[INFO]                                                                         
[INFO] ------------------------------------------------------------------------
[INFO] Building Titan-Cassandra: Distributed Graph Database 0.4.0-SNAPSHOT
[INFO] ------------------------------------------------------------------------
[INFO] 
[INFO] --- maven-enforcer-plugin:1.0:enforce (enforce-maven) @ titan-cassandra ---
[INFO] 
[INFO] --- maven-resources-plugin:2.5:resources (default-resources) @ titan-cassandra ---
[debug] execute contextualize
[INFO] Using 'UTF-8' encoding to copy filtered resources.
[INFO] Copying 2 resources
[INFO] 
[INFO] --- maven-compiler-plugin:2.5.1:compile (default-compile) @ titan-cassandra ---
[INFO] Nothing to compile - all classes are up to date
[INFO] 
[INFO] --- maven-resources-plugin:2.5:testResources (default-testResources) @ titan-cassandra ---
[debug] execute contextualize
[INFO] Using 'UTF-8' encoding to copy filtered resources.
[INFO] Copying 2 resources
[INFO] 
[INFO] --- maven-resources-plugin:2.5:copy-resources (copy-resources-127.0.0.1) @ titan-cassandra ---
[debug] execute contextualize
[INFO] Using 'UTF-8' encoding to copy filtered resources.
[INFO] Copying 7 resources
[INFO] 
[INFO] --- maven-compiler-plugin:2.5.1:testCompile (default-testCompile) @ titan-cassandra ---
[INFO] Nothing to compile - all classes are up to date
[INFO] 
[INFO] --- maven-surefire-plugin:2.12.1:test (default-test) @ titan-cassandra ---
[INFO] Surefire report directory: /home/travis/build/thinkaurelius/titan/titan-cassandra/target/surefire-reports

-------------------------------------------------------
 T E S T S
-------------------------------------------------------

-------------------------------------------------------
 T E S T S
-------------------------------------------------------
Running com.thinkaurelius.titan.blueprints.EmbeddedCassandraBlueprintsTest
Testing testGetVertexWithNull...
Testing testRemoveVertex...
Testing testRemoveVertexWithEdges...
Testing testGetNonExistantVertices...
Testing testRemoveVertexNullId...
	titangraph[embeddedcassandra:null]: 100 vertices added in 20.783758999896236ms
	titangraph[embeddedcassandra:null]: 100 vertices removed in 17.838080999907106ms
Testing testVertexIterator...
	titangraph[embeddedcassandra:null]: 1000 vertices added in 795.540871999925ms
	titangraph[embeddedcassandra:null]: 1000 vertices counted in 8.172251000069082ms
Testing testLegalVertexEdgeIterables...
Testing testAddVertexProperties...
Testing testAddManyVertexProperties...
	titangraph[embeddedcassandra:null]: 750 vertex properties added (with vertices being added too) in 19862.46710000001ms
Testing testRemoveVertexProperties...
Testing testAddingIdProperty...
Testing testNoConcurrentModificationException...
Testing testGettingEdgesAndVertices...
Testing testEmptyKeyProperty...
Testing testVertexCentricLinking...
Testing testVertexCentricRemoving...
Testing testConcurrentModificationOnProperties...
Testing testSettingBadVertexProperties...
Testing testVertexEqualityForSuppliedIdsAndHashCode...
Testing testBasicAddVertex...
Testing testVertexEquality...
	titangraph[embeddedcassandra:null]: 1 vertex added and retrieved in 606.6436969999922ms
*** TOTAL TIME [VertexTestSuite]: 52687.57709600008 ***
Testing testNoConcurrentModificationException...
Testing testEmptyKeyProperty...
Testing testSettingBadVertexProperties...
Testing testAddManyEdges...
	titangraph[embeddedcassandra:null]: 300 elements added in 3350.0830550000537ms
	titangraph[embeddedcassandra:null]: 100 edges counted in 5.170524000073783ms
	titangraph[embeddedcassandra:null]: 200 vertices counted in 1.9554729999508709ms
	titangraph[embeddedcassandra:null]: 200 vertices checked in 11.58082499995362ms
Testing testGetEdges...
	titangraph[embeddedcassandra:null]: 3 edges retrieved in 2.3927750000730157ms
Testing testGetNonExistantEdges...
Testing testRemoveManyEdges...
	titangraph[embeddedcassandra:null]: 20 vertices counted in 1.1182160000316799ms
	titangraph[embeddedcassandra:null]: 10 edges counted in 1.2549550000112504ms
	titangraph[embeddedcassandra:null]: 10 edges removed and graph checked in 24.970008999924175ms
Testing testAddingDuplicateEdges...
Testing testRemoveEdgesByRemovingVertex...
Testing testRemoveEdges...
Testing testAddingSelfLoops...
Testing testRemoveSelfLoops...
Testing testEdgeIterator...
Testing testAddingRemovingEdgeProperties...
Testing testAddingLabelAndIdProperty...
Testing testEdgeCentricRemoving...
Testing testEdgeEquality...
Testing testAddEdges...
	titangraph[embeddedcassandra:null]: 6 elements added and checked in 918.7508349999553ms
*** TOTAL TIME [EdgeTestSuite]: 38879.179807999986 ***
Testing testFeatureCompliance...
supportsDuplicateEdges: true
supportsSelfLoops: true
supportsSerializableObjectProperty: true
supportsBooleanProperty: true
supportsDoubleProperty: true
supportsFloatProperty: true
supportsIntegerProperty: true
supportsPrimitiveArrayProperty: true
supportsUniformListProperty: true
supportsMixedListProperty: true
supportsLongProperty: true
supportsMapProperty: true
supportsStringProperty: true
ignoresSuppliedIds: true
isPersistent: true
isRDFModel: false
isWrapper: false
supportsIndices: false
supportsVertexIndex: false
supportsEdgeIndex: false
supportsKeyIndices: true
supportsVertexKeyIndex: true
supportsEdgeKeyIndex: true
supportsEdgeIteration: true
supportsVertexIteration: true
supportsEdgeRetrieval: true
supportsVertexProperties: true
supportsEdgeProperties: true
supportsTransactions: true
supportsThreadedTransactions: true
Testing testEmptyOnConstruction...
Testing testStringRepresentationOfVertexId...
Testing testSemanticallyCorrectIterables...
Testing testGettingVerticesAndEdgesWithKeyValue...
Testing testAddingVerticesAndEdges...
Testing testSettingProperties...
Testing testVertexEdgeLabels...
Testing testVertexEdgeLabels2...
Testing testTreeConnectivity...
	titangraph[embeddedcassandra:null]: 1464 vertices added in a tree structure in 1327.267278000014ms
	titangraph[embeddedcassandra:null]: 1464 vertices iterated in 6.6062829999718815ms
	titangraph[embeddedcassandra:null]: 1463 edges iterated in 48.40060699987225ms
Testing testConcurrentModification...
Testing testGraphDataPersists...
	titangraph[embeddedcassandra:null]: 1 graph loaded in 8.166813000105321ms
Testing testAutotypingOfProperties...
Testing testSimpleRemovingVerticesEdges...
Testing testRemovingEdges...
	titangraph[embeddedcassandra:null]: 100 vertices added in 616.833878000034ms
	titangraph[embeddedcassandra:null]: 200 edges added in 5205.958743999945ms
	titangraph[embeddedcassandra:null]: 200 edges deleted (with size check on each delete) in 651.1612200001255ms
Testing testRemovingVertices...
	titangraph[embeddedcassandra:null]: 500 vertices added in 627.6859110000078ms
	titangraph[embeddedcassandra:null]: 250 edges added in 6405.625109999906ms
	titangraph[embeddedcassandra:null]: 500 vertices deleted (with size check on each delete) in 816.20584900002ms
Testing testConnectivityPatterns...
*** TOTAL TIME [GraphTestSuite]: 52335.20759499993 ***
Testing testGraphQueryForVertices...
Testing testGraphQueryForEdges...
Testing testVertexQuery...
*** TOTAL TIME [QueryTestSuite]: 12151.275768999942 ***
Testing testNoConcurrentModificationException...
Testing testGettingVerticesAndEdgesWithKeyValue...
Testing testAutoIndexKeyManagementWithPersistence...
	titangraph[embeddedcassandra:null]: 2 automatic index keys added in 609.2840419998392ms
	titangraph[embeddedcassandra:null]: 2 automatic index keys added in 3.018928000004962ms
Testing testKeyIndicesConsistentWithElementRemoval...
*** TOTAL TIME [KeyIndexableGraphTestSuite]: 9144.13365899981 ***
Testing testCompetingThreads...
Testing testRepeatedTransactionStopException...
Testing testTrue...
Testing testAutoStartTransaction...
Testing testTransactionsForVertices...
	titangraph[embeddedcassandra:null]: 1 vertex not added in failed transaction in 3.22752399998717ms
	titangraph[embeddedcassandra:null]: 1 vertex added in successful transaction in 1.59596800012514ms
Testing testBasicVertexEdgeTransactions...
Testing testBruteVertexTransactions...
	titangraph[embeddedcassandra:null]: 100 vertices added in 100 successful transactions in 679.0905519998632ms
	titangraph[embeddedcassandra:null]: 100 vertices not added in 100 failed transactions in 26.051701999967918ms
	titangraph[embeddedcassandra:null]: 100 vertices added in 1 successful transactions in 24.903621000004932ms
	titangraph[embeddedcassandra:null]: 100 vertices not added in 1 failed transactions in 32.02015799982473ms
Testing testTransactionsForEdges...
	titangraph[embeddedcassandra:null]: 1 edge not added in failed transaction (w/ iteration) in 308.4024400000926ms
	titangraph[embeddedcassandra:null]: 1 edge added in successful transaction (w/ iteration) in 108.99241299997084ms
Testing testBruteEdgeTransactions...
	titangraph[embeddedcassandra:null]: 100 edges added in 100 successful transactions (2 vertices added for each edge) in 1145.8828620000277ms
	titangraph[embeddedcassandra:null]: 100 edges not added in 100 failed transactions (2 vertices added for each edge) in 87.27362799993716ms
	titangraph[embeddedcassandra:null]: 100 edges added in 1 successful transactions (2 vertices added for each edge) in 90.19909500004724ms
	titangraph[embeddedcassandra:null]: 100 edges not added in 1 failed transactions (2 vertices added for each edge) in 117.50600699987262ms
Testing testPropertyTransactions...
	titangraph[embeddedcassandra:null]: 1 vertex added with string property in a successful transaction in 1024.9397650000174ms
	titangraph[embeddedcassandra:null]: 1 integer property not added in a failed transaction in 4.916704999981448ms
	titangraph[embeddedcassandra:null]: 2 vertex properties checked in a successful transaction in 2.1695400001481175ms
	titangraph[embeddedcassandra:null]: 1 edge property added and checked in a successful transaction in 109.21199200022966ms
	titangraph[embeddedcassandra:null]: 1 edge property added and checked in a failed transaction in 1.3506279999855906ms
Testing testIndexTransactions...
Testing testAutomaticSuccessfulTransactionOnShutdown...
Testing testVertexCountOnPreTransactionCommit...
Testing testBulkTransactionsOnEdges...
Testing testTransactionIsolationCommitCheck...
added vertex
reading vertex before tx
read vertex before tx
Testing testRemoveInTransaction...
*** TOTAL TIME [TransactionalTitanGraphTestSuite]: 30878.583971000044 ***
Testing testVertexReattachment...
*** TOTAL TIME [TitanSpecificBlueprintsTestSuite]: 3120.9205549999606 ***
Testing testReadingTinkerGraph...
Testing testTinkerGraphEdges...
	titangraph[embeddedcassandra:null]: graph-example-1 loaded in 1292.3515449999832ms
Testing testTinkerGraphVertices...
	titangraph[embeddedcassandra:null]: graph-example-1 loaded in 1039.7322279999498ms
Testing testTinkerGraphSoftwareVertices...
	titangraph[embeddedcassandra:null]: graph-example-1 loaded in 1038.1725439999718ms
Testing testTinkerGraphVertexAndEdges...
	titangraph[embeddedcassandra:null]: graph-example-1 loaded in 1048.6681389999576ms
Testing testReadingTinkerGraphExample3...
Testing testReadingTinkerGraphExample3MappingLabels...
	titangraph[embeddedcassandra:null]: graph-example-3 loaded in 1045.2046639998443ms
Testing testReadingTinkerGraphExample3MappingIDs...
	titangraph[embeddedcassandra:null]: graph-example-3 loaded in 1048.3689800000284ms
Testing testReadingTinkerGraphExample3MappingAll...
	titangraph[embeddedcassandra:null]: graph-example-3 loaded in 1049.2379189999774ms
Testing testMigratingTinkerGraphExample3...
Testing testAllGraphMLTypeCastsAndDataMappings...
*** TOTAL TIME [GraphMLReaderTestSuite]: 21384.793188999873 ***
Testing testReadingTinkerGraph...
Testing testTinkerGraphEdges...
	titangraph[embeddedcassandra:null]: graph-example-1 loaded in 1472.0287939999253ms
Testing testTinkerGraphVertices...
	titangraph[embeddedcassandra:null]: graph-example-1 loaded in 1035.6991399999242ms
Testing testTinkerGraphSoftwareVertices...
	titangraph[embeddedcassandra:null]: graph-example-1 loaded in 1035.5676939999685ms
Testing testTinkerGraphVertexAndEdges...
	titangraph[embeddedcassandra:null]: graph-example-1 loaded in 1052.8639380000532ms
*** TOTAL TIME [GraphSONReaderTestSuite]: 8308.829638000112 ***
Testing testReadingTinkerGraph...
Testing testTinkerGraphEdges...
	titangraph[embeddedcassandra:null]: graph-example-1 loaded in 1043.0846909999382ms
Testing testTinkerGraphVertices...
	titangraph[embeddedcassandra:null]: graph-example-1 loaded in 1040.4606380001642ms
Testing testTinkerGraphSoftwareVertices...
	titangraph[embeddedcassandra:null]: graph-example-1 loaded in 1032.7476980001666ms
Testing testTinkerGraphVertexAndEdges...
	titangraph[embeddedcassandra:null]: graph-example-1 loaded in 1034.5167310000397ms
Testing testReadingTinkerGraphExample3...
Testing testReadingTinkerGraphExample3MappingLabels...
	titangraph[embeddedcassandra:null]: graph-example-3 loaded in 1042.4998039999045ms
Testing testReadingTinkerGraphExample3MappingIDs...
	titangraph[embeddedcassandra:null]: graph-example-3 loaded in 1037.089592000004ms
Testing testReadingTinkerGraphExample3MappingAll...
	titangraph[embeddedcassandra:null]: graph-example-3 loaded in 1030.0762569999788ms
Testing testMigratingTinkerGraphExample3...
*** TOTAL TIME [GMLReaderTestSuite]: 19773.781683999812 ***
Tests run: 10, Failures: 0, Errors: 0, Skipped: 0, Time elapsed: 248.791 sec
Running com.thinkaurelius.titan.diskstorage.cassandra.thrift.InternalCassandraLockKeyColumnValueStoreTest
Tests run: 14, Failures: 0, Errors: 0, Skipped: 0, Time elapsed: 52.3 sec
Running com.thinkaurelius.titan.diskstorage.cassandra.embedded.InternalCassandraEmbeddedLockKeyColumnValueStoreTest
Tests run: 14, Failures: 0, Errors: 0, Skipped: 0, Time elapsed: 32.227 sec
Running com.thinkaurelius.titan.graphdb.astyanax.InternalAstyanaxGraphTest
Tests run: 19, Failures: 0, Errors: 0, Skipped: 0, Time elapsed: 68.047 sec
Running com.thinkaurelius.titan.tinkerpop.rexster.RexsterServerClientCassandraEmbeddedTest
Apr 22, 2013 9:13:49 PM org.glassfish.grizzly.servlet.WebappContext deploy
INFO: Starting application [jersey] ...
Apr 22, 2013 9:13:50 PM com.sun.jersey.server.impl.application.WebApplicationImpl _initiate
INFO: Initiating Jersey application, version 'Jersey: 1.17 01/17/2013 03:31 PM'
Apr 22, 2013 9:13:52 PM org.glassfish.grizzly.servlet.WebappContext initServlets
INFO: [jersey] Servlet [com.sun.jersey.spi.container.servlet.ServletContainer] registered for url pattern(s) [[/*]].
Apr 22, 2013 9:13:52 PM org.glassfish.grizzly.servlet.WebappContext deploy
INFO: Application [jersey] is ready to service requests.  Root: [].
Apr 22, 2013 9:13:52 PM org.glassfish.grizzly.http.server.NetworkListener start
INFO: Started listener bound to [0.0.0.0:8182]
Apr 22, 2013 9:13:52 PM org.glassfish.grizzly.http.server.HttpServer start
INFO: [HttpServer] Started.
Apr 22, 2013 9:13:54 PM org.glassfish.grizzly.http.server.NetworkListener stop
INFO: Stopped listener bound to [0.0.0.0:8182]
Tests run: 1, Failures: 0, Errors: 0, Skipped: 0, Time elapsed: 16.886 sec
Running com.thinkaurelius.titan.graphdb.embedded.InternalCassandraEmbeddedGraphTest
Tests run: 19, Failures: 0, Errors: 0, Skipped: 0, Time elapsed: 72.266 sec
Running com.thinkaurelius.titan.blueprints.InternalCassandraBlueprintsTest
Testing testVertexEqualityForSuppliedIdsAndHashCode...
Testing testBasicAddVertex...
Testing testGetVertexWithNull...
Testing testRemoveVertex...
Testing testRemoveVertexWithEdges...
Testing testGetNonExistantVertices...
Testing testRemoveVertexNullId...
	titangraph[cassandra:null]: 100 vertices added in 23.169969000155106ms
	titangraph[cassandra:null]: 100 vertices removed in 18.143208000110462ms
Testing testVertexIterator...
	titangraph[cassandra:null]: 1000 vertices added in 811.9069699998945ms
	titangraph[cassandra:null]: 1000 vertices counted in 11.547583000035957ms
Testing testLegalVertexEdgeIterables...
Testing testAddVertexProperties...
Testing testAddManyVertexProperties...
	titangraph[cassandra:null]: 750 vertex properties added (with vertices being added too) in 20020.96053900011ms
Testing testRemoveVertexProperties...
Testing testAddingIdProperty...
Testing testNoConcurrentModificationException...
Testing testGettingEdgesAndVertices...
Testing testEmptyKeyProperty...
Testing testVertexCentricLinking...
Testing testVertexCentricRemoving...
Testing testConcurrentModificationOnProperties...
Testing testSettingBadVertexProperties...
Testing testVertexEquality...
	titangraph[cassandra:null]: 1 vertex added and retrieved in 609.2460469999351ms
*** TOTAL TIME [VertexTestSuite]: 96319.49004000006 ***
Testing testEdgeEquality...
Testing testAddEdges...
	titangraph[cassandra:null]: 6 elements added and checked in 927.666743000038ms
Testing testNoConcurrentModificationException...
Testing testEmptyKeyProperty...
Testing testSettingBadVertexProperties...
Testing testAddManyEdges...
	titangraph[cassandra:null]: 300 elements added in 3370.9247870000545ms
	titangraph[cassandra:null]: 100 edges counted in 123.21610600012355ms
	titangraph[cassandra:null]: 200 vertices counted in 2.4589730000589043ms
	titangraph[cassandra:null]: 200 vertices checked in 10.912432000041008ms
Testing testGetEdges...
	titangraph[cassandra:null]: 3 edges retrieved in 2.213780000107363ms
Testing testGetNonExistantEdges...
Testing testRemoveManyEdges...
	titangraph[cassandra:null]: 20 vertices counted in 1.9763780001085252ms
	titangraph[cassandra:null]: 10 edges counted in 1.8387100000400096ms
	titangraph[cassandra:null]: 10 edges removed and graph checked in 36.91180000011809ms
Testing testAddingDuplicateEdges...
Testing testRemoveEdgesByRemovingVertex...
Testing testRemoveEdges...
Testing testAddingSelfLoops...
Testing testRemoveSelfLoops...
Testing testEdgeIterator...
Testing testAddingRemovingEdgeProperties...
Testing testAddingLabelAndIdProperty...
Testing testEdgeCentricRemoving...
*** TOTAL TIME [EdgeTestSuite]: 35020.79879599996 ***
Testing testFeatureCompliance...
supportsDuplicateEdges: true
supportsSelfLoops: true
supportsSerializableObjectProperty: true
supportsBooleanProperty: true
supportsDoubleProperty: true
supportsFloatProperty: true
supportsIntegerProperty: true
supportsPrimitiveArrayProperty: true
supportsUniformListProperty: true
supportsMixedListProperty: true
supportsLongProperty: true
supportsMapProperty: true
supportsStringProperty: true
ignoresSuppliedIds: true
isPersistent: true
isRDFModel: false
isWrapper: false
supportsIndices: false
supportsVertexIndex: false
supportsEdgeIndex: false
supportsKeyIndices: true
supportsVertexKeyIndex: true
supportsEdgeKeyIndex: true
supportsEdgeIteration: true
supportsVertexIteration: true
supportsEdgeRetrieval: true
supportsVertexProperties: true
supportsEdgeProperties: true
supportsTransactions: true
supportsThreadedTransactions: true
Testing testEmptyOnConstruction...
Testing testStringRepresentationOfVertexId...
Testing testSemanticallyCorrectIterables...
Testing testRemovingVertices...
	titangraph[cassandra:null]: 500 vertices added in 655.9966130000539ms
	titangraph[cassandra:null]: 250 edges added in 6470.09213600005ms
	titangraph[cassandra:null]: 500 vertices deleted (with size check on each delete) in 1272.1961579998024ms
Testing testConnectivityPatterns...
Testing testVertexEdgeLabels...
Testing testVertexEdgeLabels2...
Testing testTreeConnectivity...
	titangraph[cassandra:null]: 1464 vertices added in a tree structure in 1268.110198999988ms
	titangraph[cassandra:null]: 1464 vertices iterated in 2.5494929999113083ms
	titangraph[cassandra:null]: 1463 edges iterated in 26.78594799991697ms
Testing testConcurrentModification...
Testing testGraphDataPersists...
	titangraph[cassandra:null]: 1 graph loaded in 22.57642999989912ms
Testing testAutotypingOfProperties...
Testing testGettingVerticesAndEdgesWithKeyValue...
Testing testAddingVerticesAndEdges...
Testing testSettingProperties...
Testing testSimpleRemovingVerticesEdges...
Testing testRemovingEdges...
	titangraph[cassandra:null]: 100 vertices added in 617.521722999867ms
	titangraph[cassandra:null]: 200 edges added in 5239.266038999893ms
	titangraph[cassandra:null]: 200 edges deleted (with size check on each delete) in 571.7444139998406ms
*** TOTAL TIME [GraphTestSuite]: 42352.293103999924 ***
Testing testGraphQueryForVertices...
Testing testGraphQueryForEdges...
Testing testVertexQuery...
*** TOTAL TIME [QueryTestSuite]: 13606.405021999963 ***
Testing testNoConcurrentModificationException...
Testing testGettingVerticesAndEdgesWithKeyValue...
Testing testAutoIndexKeyManagementWithPersistence...
	titangraph[cassandra:null]: 2 automatic index keys added in 613.0114840001334ms
	titangraph[cassandra:null]: 2 automatic index keys added in 3.30041000014171ms
Testing testKeyIndicesConsistentWithElementRemoval...
*** TOTAL TIME [KeyIndexableGraphTestSuite]: 15512.591059000231 ***
Testing testCompetingThreads...
Testing testRepeatedTransactionStopException...
Testing testTrue...
Testing testAutoStartTransaction...
Testing testTransactionsForVertices...
	titangraph[cassandra:null]: 1 vertex not added in failed transaction in 2.9157060000579804ms
	titangraph[cassandra:null]: 1 vertex added in successful transaction in 1.8233679998666048ms
Testing testBasicVertexEdgeTransactions...
Testing testBruteVertexTransactions...
	titangraph[cassandra:null]: 100 vertices added in 100 successful transactions in 670.7239900000859ms
	titangraph[cassandra:null]: 100 vertices not added in 100 failed transactions in 20.725225999951363ms
	titangraph[cassandra:null]: 100 vertices added in 1 successful transactions in 33.43561300006695ms
	titangraph[cassandra:null]: 100 vertices not added in 1 failed transactions in 42.98054099990986ms
Testing testTransactionsForEdges...
	titangraph[cassandra:null]: 1 edge not added in failed transaction (w/ iteration) in 441.12463299999945ms
	titangraph[cassandra:null]: 1 edge added in successful transaction (w/ iteration) in 110.45637399982661ms
Testing testBruteEdgeTransactions...
	titangraph[cassandra:null]: 100 edges added in 100 successful transactions (2 vertices added for each edge) in 1183.8568839998916ms
	titangraph[cassandra:null]: 100 edges not added in 100 failed transactions (2 vertices added for each edge) in 114.87287700013258ms
	titangraph[cassandra:null]: 100 edges added in 1 successful transactions (2 vertices added for each edge) in 116.89992100000381ms
	titangraph[cassandra:null]: 100 edges not added in 1 failed transactions (2 vertices added for each edge) in 177.2321150000207ms
Testing testPropertyTransactions...
	titangraph[cassandra:null]: 1 vertex added with string property in a successful transaction in 1018.9476640000939ms
	titangraph[cassandra:null]: 1 integer property not added in a failed transaction in 6.792385000037029ms
	titangraph[cassandra:null]: 2 vertex properties checked in a successful transaction in 3.012699999846518ms
	titangraph[cassandra:null]: 1 edge property added and checked in a successful transaction in 126.49945799983107ms
	titangraph[cassandra:null]: 1 edge property added and checked in a failed transaction in 1.458638000069186ms
Testing testIndexTransactions...
Testing testAutomaticSuccessfulTransactionOnShutdown...
Testing testVertexCountOnPreTransactionCommit...
Testing testBulkTransactionsOnEdges...
Testing testTransactionIsolationCommitCheck...
added vertex
reading vertex before tx
read vertex before tx
Testing testRemoveInTransaction...
*** TOTAL TIME [TransactionalTitanGraphTestSuite]: 47990.212211000035 ***
Testing testVertexReattachment...
*** TOTAL TIME [TitanSpecificBlueprintsTestSuite]: 3788.065629000077 ***
Testing testReadingTinkerGraph...
Testing testTinkerGraphEdges...
	titangraph[cassandra:null]: graph-example-1 loaded in 1280.2514169998467ms
Testing testTinkerGraphVertices...
	titangraph[cassandra:null]: graph-example-1 loaded in 1055.3950559999794ms
Testing testTinkerGraphSoftwareVertices...
	titangraph[cassandra:null]: graph-example-1 loaded in 1053.6981289999094ms
Testing testTinkerGraphVertexAndEdges...
	titangraph[cassandra:null]: graph-example-1 loaded in 1049.9916610000655ms
Testing testReadingTinkerGraphExample3...
Testing testReadingTinkerGraphExample3MappingLabels...
	titangraph[cassandra:null]: graph-example-3 loaded in 1082.0109239998274ms
Testing testReadingTinkerGraphExample3MappingIDs...
	titangraph[cassandra:null]: graph-example-3 loaded in 1056.8125899999868ms
Testing testReadingTinkerGraphExample3MappingAll...
	titangraph[cassandra:null]: graph-example-3 loaded in 1056.6035979997832ms
Testing testMigratingTinkerGraphExample3...
Testing testAllGraphMLTypeCastsAndDataMappings...
*** TOTAL TIME [GraphMLReaderTestSuite]: 19717.645823 ***
Testing testReadingTinkerGraph...
Testing testTinkerGraphEdges...
	titangraph[cassandra:null]: graph-example-1 loaded in 1437.6859539998695ms
Testing testTinkerGraphVertices...
	titangraph[cassandra:null]: graph-example-1 loaded in 1077.1241939999163ms
Testing testTinkerGraphSoftwareVertices...
	titangraph[cassandra:null]: graph-example-1 loaded in 1140.6892190000508ms
Testing testTinkerGraphVertexAndEdges...
	titangraph[cassandra:null]: graph-example-1 loaded in 1064.1862200000323ms
*** TOTAL TIME [GraphSONReaderTestSuite]: 8772.150487000123 ***
Testing testReadingTinkerGraph...
Testing testTinkerGraphEdges...
	titangraph[cassandra:null]: graph-example-1 loaded in 1103.8154700000305ms
Testing testTinkerGraphVertices...
	titangraph[cassandra:null]: graph-example-1 loaded in 1275.3681199999992ms
Testing testTinkerGraphSoftwareVertices...
	titangraph[cassandra:null]: graph-example-1 loaded in 1046.43610000005ms
Testing testTinkerGraphVertexAndEdges...
	titangraph[cassandra:null]: graph-example-1 loaded in 1042.3773070001043ms
Testing testReadingTinkerGraphExample3...
Testing testReadingTinkerGraphExample3MappingLabels...
	titangraph[cassandra:null]: graph-example-3 loaded in 1055.960317999823ms
Testing testReadingTinkerGraphExample3MappingIDs...
	titangraph[cassandra:null]: graph-example-3 loaded in 1059.8750649997965ms
Testing testReadingTinkerGraphExample3MappingAll...
	titangraph[cassandra:null]: graph-example-3 loaded in 1047.3501529998612ms
Testing testMigratingTinkerGraphExample3...
*** TOTAL TIME [GMLReaderTestSuite]: 23208.2249090001 ***
Tests run: 10, Failures: 0, Errors: 0, Skipped: 0, Time elapsed: 306.525 sec
Running com.thinkaurelius.titan.diskstorage.cassandra.astyanax.InternalAstyanaxMultiWriteKeyColumnValueTest
Tests run: 2, Failures: 0, Errors: 0, Skipped: 0, Time elapsed: 36.698 sec
Running com.thinkaurelius.titan.diskstorage.cassandra.thrift.InternalCassandraThriftMultiWriteKeyColumnValueStoreTest
Tests run: 2, Failures: 0, Errors: 0, Skipped: 0, Time elapsed: 44.283 sec
Running com.thinkaurelius.titan.graphdb.thrift.InternalCassandraGraphTest
Tests run: 19, Failures: 0, Errors: 0, Skipped: 0, Time elapsed: 74.674 sec
Running com.thinkaurelius.titan.diskstorage.cassandra.UUIDTest
Tests run: 1, Failures: 0, Errors: 0, Skipped: 0, Time elapsed: 0.859 sec
Running com.thinkaurelius.titan.diskstorage.cassandra.astyanax.InternalAstyanaxLockKeyColumnValueStoreTest
Tests run: 14, Failures: 0, Errors: 0, Skipped: 0, Time elapsed: 35.587 sec
Running com.thinkaurelius.titan.diskstorage.cassandra.thrift.InternalCassandraThriftKeyColumnValueTest
Loading time (ms): 1221
Reading time (ms): 11991
Tests run: 18, Failures: 0, Errors: 0, Skipped: 0, Time elapsed: 92.014 sec
Running com.thinkaurelius.titan.diskstorage.cassandra.astyanax.InternalAstyanaxKeyColumnValueTest
Loading time (ms): 1123
Reading time (ms): 9060
Tests run: 18, Failures: 0, Errors: 0, Skipped: 0, Time elapsed: 76.337 sec
Running com.thinkaurelius.titan.diskstorage.cassandra.embedded.InternalCassandraEmbeddedMultiWriteKeyColumnValueStoreTest
Tests run: 2, Failures: 0, Errors: 0, Skipped: 0, Time elapsed: 19.109 sec
Running com.thinkaurelius.titan.diskstorage.cassandra.embedded.InternalCassandraEmbeddedKeyColumnValueTest
Loading time (ms): 863
Reading time (ms): 8851
Tests run: 18, Failures: 0, Errors: 0, Skipped: 0, Time elapsed: 54.099 sec

Results :

Tests run: 181, Failures: 0, Errors: 0, Skipped: 0

[INFO]                                                                         
[INFO] ------------------------------------------------------------------------
[INFO] Building Titan-HBase: Distributed Graph Database 0.4.0-SNAPSHOT
[INFO] ------------------------------------------------------------------------
[INFO] 
[INFO] --- maven-enforcer-plugin:1.0:enforce (enforce-maven) @ titan-hbase ---
[INFO] 
[INFO] --- maven-resources-plugin:2.3:resources (default-resources) @ titan-hbase ---
[INFO] Using 'UTF-8' encoding to copy filtered resources.
[INFO] Copying 2 resources
[INFO] 
[INFO] --- maven-compiler-plugin:2.5.1:compile (default-compile) @ titan-hbase ---
[INFO] Nothing to compile - all classes are up to date
[INFO] 
[INFO] --- maven-resources-plugin:2.3:testResources (default-testResources) @ titan-hbase ---
[INFO] Using 'UTF-8' encoding to copy filtered resources.
[INFO] Copying 2 resources
[INFO] 
[INFO] --- maven-compiler-plugin:2.5.1:testCompile (default-testCompile) @ titan-hbase ---
[INFO] Nothing to compile - all classes are up to date
[INFO] 
[INFO] --- maven-dependency-plugin:2.7:copy-dependencies (default) @ titan-hbase ---
[INFO] grizzly-http-2.2.16.jar already exists in destination.
[INFO] oro-2.0.8.jar already exists in destination.
[INFO] pfl-tf-1.0.0-b001.jar already exists in destination.
[INFO] stax-api-1.0.1.jar already exists in destination.
[INFO] commons-net-1.4.1.jar already exists in destination.
[INFO] json-simple-1.1.jar already exists in destination.
[INFO] metrics-core-2.1.2.jar already exists in destination.
[INFO] pfl-basic-tools-1.0.0-b001.jar already exists in destination.
[INFO] concurrent-1.3.4.jar already exists in destination.
[INFO] pipes-2.3.0.jar already exists in destination.
[INFO] httpcore-4.1.3.jar already exists in destination.
[INFO] hadoop-core-1.0.3.jar already exists in destination.
[INFO] gremlin-groovy-2.3.0.jar already exists in destination.
[INFO] groovy-1.8.9.jar already exists in destination.
[INFO] jline-0.9.94.jar already exists in destination.
[INFO] commons-beanutils-1.7.0.jar already exists in destination.
[INFO] jackson-datatype-json-org-2.1.2.jar already exists in destination.
[INFO] commons-httpclient-3.1.jar already exists in destination.
[INFO] javax.servlet-api-3.0.1.jar already exists in destination.
[INFO] lucene-memory-3.6.2.jar already exists in destination.
[INFO] asm-commons-3.2.jar already exists in destination.
[INFO] colt-1.2.0.jar already exists in destination.
[INFO] commons-cli-1.2.jar already exists in destination.
[INFO] jersey-client-1.17.jar already exists in destination.
[INFO] jersey-servlet-1.17.jar already exists in destination.
[INFO] jasper-compiler-5.5.23.jar already exists in destination.
[INFO] jackson-annotations-2.1.1.jar already exists in destination.
[INFO] jamon-runtime-2.3.1.jar already exists in destination.
[INFO] log4j-1.2.16.jar already exists in destination.
[INFO] rexster-protocol-2.3.0.jar already exists in destination.
[INFO] lucene-highlighter-3.6.2.jar already exists in destination.
[INFO] minlog-1.2.jar already exists in destination.
[INFO] jackson-xc-1.8.8.jar already exists in destination.
[INFO] kfs-0.3.jar already exists in destination.
[INFO] jackson-core-asl-1.8.8.jar already exists in destination.
[INFO] libthrift-0.8.0.jar already exists in destination.
[INFO] grizzly-http-servlet-2.2.16.jar already exists in destination.
[INFO] hppc-0.4.2.jar already exists in destination.
[INFO] commons-math-2.2.jar already exists in destination.
[INFO] lucene-core-3.6.2.jar already exists in destination.
[INFO] jaxb-api-2.1.jar already exists in destination.
[INFO] jettison-1.3.3.jar already exists in destination.
[INFO] slf4j-api-1.6.1.jar already exists in destination.
[INFO] guava-13.0.1.jar already exists in destination.
[INFO] grizzly-framework-2.2.16.jar already exists in destination.
[INFO] jaxb-impl-2.2.3-1.jar already exists in destination.
[INFO] jersey-core-1.8.jar already exists in destination.
[INFO] commons-el-1.0.jar already exists in destination.
[INFO] asm-3.1.jar already exists in destination.
[INFO] classes already exists in destination.
[INFO] asm-analysis-3.2.jar already exists in destination.
[INFO] gremlin-java-2.3.0.jar already exists in destination.
[INFO] mockito-all-1.8.1.jar already exists in destination.
[INFO] core-3.1.1.jar already exists in destination.
[INFO] jackson-databind-2.1.2.jar already exists in destination.
[INFO] asm-tree-3.2.jar already exists in destination.
[INFO] hbase-0.94.1.jar already exists in destination.
[INFO] classes already exists in destination.
[INFO] lucene-analyzers-3.6.2.jar already exists in destination.
[INFO] elasticsearch-0.20.5.jar already exists in destination.
[INFO] commons-logging-1.1.1.jar already exists in destination.
[INFO] kryo-2.21.jar already exists in destination.
[INFO] httpclient-4.1.2.jar already exists in destination.
[INFO] commons-codec-1.7.jar already exists in destination.
[INFO] spatial4j-0.3.jar already exists in destination.
[INFO] protobuf-java-2.4.0a.jar already exists in destination.
[INFO] jersey-grizzly2-1.17.jar already exists in destination.
[INFO] reflectasm-1.07-shaded.jar already exists in destination.
[INFO] jsp-2.1-6.1.14.jar already exists in destination.
[INFO] grizzly-portunif-2.2.16.jar already exists in destination.
[INFO] gmbal-3.2.0-b003.jar already exists in destination.
[INFO] jackson-mapper-asl-1.8.8.jar already exists in destination.
[INFO] jetty-util-6.1.26.jar already exists in destination.
[INFO] objenesis-1.2.jar already exists in destination.
[INFO] jersey-server-1.8.jar already exists in destination.
[INFO] lucene-queries-3.6.2.jar already exists in destination.
[INFO] commons-digester-1.8.jar already exists in destination.
[INFO] activation-1.1.jar already exists in destination.
[INFO] commons-lang-2.5.jar already exists in destination.
[INFO] xmlenc-0.52.jar already exists in destination.
[INFO] jets3t-0.7.1.jar already exists in destination.
[INFO] antlr-2.7.7.jar already exists in destination.
[INFO] commons-beanutils-core-1.8.0.jar already exists in destination.
[INFO] grizzly-rcm-2.2.16.jar already exists in destination.
[INFO] asm-util-3.2.jar already exists in destination.
[INFO] pfl-tf-tools-1.0.0-b001.jar already exists in destination.
[INFO] rexster-server-2.3.0.jar already exists in destination.
[INFO] blueprints-test-2.3.0.jar already exists in destination.
[INFO] hsqldb-1.8.0.10.jar already exists in destination.
[INFO] grizzly-core-2.2.16.jar already exists in destination.
[INFO] grizzly-http-server-2.2.16.jar already exists in destination.
[INFO] jsr305-1.3.9.jar already exists in destination.
[INFO] junit-4.8.1.jar already exists in destination.
[INFO] jackson-core-2.1.2.jar already exists in destination.
[INFO] servlet-api-2.5-6.1.14.jar already exists in destination.
[INFO] rexster-core-2.3.0.jar already exists in destination.
[INFO] blueprints-core-2.3.0.jar already exists in destination.
[INFO] jsp-api-2.1-6.1.14.jar already exists in destination.
[INFO] netty-3.2.4.Final.jar already exists in destination.
[INFO] jansi-1.5.jar already exists in destination.
[INFO] zookeeper-3.4.3.jar already exists in destination.
[INFO] commons-collections-3.2.1.jar already exists in destination.
[INFO] json-20090211.jar already exists in destination.
[INFO] commons-io-2.0.1.jar already exists in destination.
[INFO] commons-configuration-1.6.jar already exists in destination.
[INFO] management-api-3.0.0-b012.jar already exists in destination.
[INFO] slf4j-log4j12-1.6.1.jar already exists in destination.
[INFO] classes already exists in destination.
[INFO] jersey-json-1.8.jar already exists in destination.
[INFO] msgpack-0.6.5.jar already exists in destination.
[INFO] jasper-runtime-5.5.23.jar already exists in destination.
[INFO] jackson-jaxrs-1.8.8.jar already exists in destination.
[INFO] avro-ipc-1.5.3.jar already exists in destination.
[INFO] javassist-3.15.0-GA.jar already exists in destination.
[INFO] pfl-basic-1.0.0-b001.jar already exists in destination.
[INFO] jetty-6.1.26.jar already exists in destination.
[INFO] pfl-asm-1.0.0-b001.jar already exists in destination.
[INFO] asm-4.0.jar already exists in destination.
[INFO] high-scale-lib-1.1.1.jar already exists in destination.
[INFO] velocity-1.7.jar already exists in destination.
[INFO] 
[INFO] --- maven-surefire-plugin:2.12.1:test (default-test) @ titan-hbase ---
[INFO] Surefire report directory: /home/travis/build/thinkaurelius/titan/titan-hbase/target/surefire-reports

-------------------------------------------------------
 T E S T S
-------------------------------------------------------
Running com.thinkaurelius.titan.diskstorage.hbase.HBaseMultiWriteKeyColumnValueStoreTest
Deleteing old test directories (if any).
Tests run: 2, Failures: 0, Errors: 0, Skipped: 0, Time elapsed: 89.248 sec
Running com.thinkaurelius.titan.diskstorage.hbase.HBaseKeyColumnValueTest
Loading time (ms): 2332
Reading time (ms): 4274
Tests run: 17, Failures: 0, Errors: 0, Skipped: 0, Time elapsed: 137.026 sec
Running com.thinkaurelius.titan.diskstorage.hbase.HBaseLockKeyColumnValueStoreTest
Tests run: 14, Failures: 0, Errors: 0, Skipped: 0, Time elapsed: 47.033 sec
Running com.thinkaurelius.titan.graphdb.hbase.HBaseGraphTest
Tests run: 19, Failures: 0, Errors: 0, Skipped: 0, Time elapsed: 107.012 sec
Running com.thinkaurelius.titan.blueprints.HBaseBlueprintsTest
Testing testGetVertexWithNull...
Testing testRemoveVertex...
Testing testVertexEqualityForSuppliedIdsAndHashCode...
Testing testBasicAddVertex...
Testing testRemoveVertexWithEdges...
Testing testGetNonExistantVertices...
Testing testRemoveVertexNullId...
	titangraph[hbase:null]: 100 vertices added in 9.092122999951243ms
	titangraph[hbase:null]: 100 vertices removed in 3.4438990000635386ms
Testing testVertexIterator...
	titangraph[hbase:null]: 1000 vertices added in 669.6912409998477ms
	titangraph[hbase:null]: 1000 vertices counted in 87.7031479999423ms
Testing testLegalVertexEdgeIterables...
Testing testAddVertexProperties...
Testing testAddManyVertexProperties...
	titangraph[hbase:null]: 750 vertex properties added (with vertices being added too) in 20079.521099000238ms
Testing testRemoveVertexProperties...
Testing testAddingIdProperty...
Testing testNoConcurrentModificationException...
Testing testGettingEdgesAndVertices...
Testing testEmptyKeyProperty...
Testing testVertexCentricLinking...
Testing testVertexCentricRemoving...
Testing testConcurrentModificationOnProperties...
Testing testSettingBadVertexProperties...
Testing testVertexEquality...
	titangraph[hbase:null]: 1 vertex added and retrieved in 610.0960939996876ms
*** TOTAL TIME [VertexTestSuite]: 66024.45276200026 ***
Testing testAddManyEdges...
	titangraph[hbase:null]: 300 elements added in 3373.863251000177ms
	titangraph[hbase:null]: 100 edges counted in 92.88688400015235ms
	titangraph[hbase:null]: 200 vertices counted in 95.42215500026941ms
	titangraph[hbase:null]: 200 vertices checked in 96.13214100012556ms
Testing testGetNonExistantEdges...
Testing testRemoveManyEdges...
	titangraph[hbase:null]: 20 vertices counted in 95.12062499998137ms
	titangraph[hbase:null]: 10 edges counted in 93.58135499991477ms
	titangraph[hbase:null]: 10 edges removed and graph checked in 1948.6730200001039ms
Testing testAddingDuplicateEdges...
Testing testRemoveEdgesByRemovingVertex...
Testing testRemoveEdges...
Testing testAddingSelfLoops...
Testing testRemoveSelfLoops...
Testing testEdgeIterator...
Testing testAddEdges...
	titangraph[hbase:null]: 6 elements added and checked in 930.1419969997369ms
Testing testAddingRemovingEdgeProperties...
Testing testAddingLabelAndIdProperty...
Testing testEdgeCentricRemoving...
Testing testEdgeEquality...
Testing testGetEdges...
	titangraph[hbase:null]: 3 edges retrieved in 0.40813699970021844ms
Testing testNoConcurrentModificationException...
Testing testEmptyKeyProperty...
Testing testSettingBadVertexProperties...
*** TOTAL TIME [EdgeTestSuite]: 45069.48307499988 ***
Testing testSimpleRemovingVerticesEdges...
Testing testRemovingEdges...
	titangraph[hbase:null]: 100 vertices added in 615.1631390000694ms
	titangraph[hbase:null]: 200 edges added in 5220.373004999943ms
	titangraph[hbase:null]: 200 edges deleted (with size check on each delete) in 40535.44895400014ms
Testing testRemovingVertices...
	titangraph[hbase:null]: 500 vertices added in 626.5370979998261ms
	titangraph[hbase:null]: 250 edges added in 6499.772320999764ms
	titangraph[hbase:null]: 500 vertices deleted (with size check on each delete) in 76878.31034000032ms
Testing testConnectivityPatterns...
Testing testVertexEdgeLabels...
Testing testVertexEdgeLabels2...
Testing testTreeConnectivity...
	titangraph[hbase:null]: 1464 vertices added in a tree structure in 1083.8755219997838ms
	titangraph[hbase:null]: 1464 vertices iterated in 95.45027799997479ms
	titangraph[hbase:null]: 1463 edges iterated in 103.46599599998444ms
Testing testConcurrentModification...
Testing testGraphDataPersists...
	titangraph[hbase:null]: 1 graph loaded in 170.8657589997165ms
Testing testAutotypingOfProperties...
Testing testFeatureCompliance...
supportsDuplicateEdges: true
supportsSelfLoops: true
supportsSerializableObjectProperty: true
supportsBooleanProperty: true
supportsDoubleProperty: true
supportsFloatProperty: true
supportsIntegerProperty: true
supportsPrimitiveArrayProperty: true
supportsUniformListProperty: true
supportsMixedListProperty: true
supportsLongProperty: true
supportsMapProperty: true
supportsStringProperty: true
ignoresSuppliedIds: true
isPersistent: true
isRDFModel: false
isWrapper: false
supportsIndices: false
supportsVertexIndex: false
supportsEdgeIndex: false
supportsKeyIndices: true
supportsVertexKeyIndex: true
supportsEdgeKeyIndex: true
supportsEdgeIteration: true
supportsVertexIteration: true
supportsEdgeRetrieval: true
supportsVertexProperties: true
supportsEdgeProperties: true
supportsTransactions: true
supportsThreadedTransactions: true
Testing testEmptyOnConstruction...
Testing testAddingVerticesAndEdges...
Testing testStringRepresentationOfVertexId...
Testing testSemanticallyCorrectIterables...
Testing testGettingVerticesAndEdgesWithKeyValue...
Testing testSettingProperties...
*** TOTAL TIME [GraphTestSuite]: 172355.97753100004 ***
Testing testGraphQueryForVertices...
Testing testGraphQueryForEdges...
Testing testVertexQuery...
*** TOTAL TIME [QueryTestSuite]: 13021.121597999707 ***
Testing testAutoIndexKeyManagementWithPersistence...
	titangraph[hbase:null]: 2 automatic index keys added in 622.3448660001159ms
	titangraph[hbase:null]: 2 automatic index keys added in 2.675662999972701ms
Testing testKeyIndicesConsistentWithElementRemoval...
Testing testGettingVerticesAndEdgesWithKeyValue...
Testing testNoConcurrentModificationException...
*** TOTAL TIME [KeyIndexableGraphTestSuite]: 13938.897741999943 ***
Testing testCompetingThreads...
Testing testRepeatedTransactionStopException...
Testing testAutoStartTransaction...
Testing testTransactionsForVertices...
	titangraph[hbase:null]: 1 vertex not added in failed transaction in 259.3103759996593ms
	titangraph[hbase:null]: 1 vertex added in successful transaction in 119.87571700010449ms
Testing testBasicVertexEdgeTransactions...
Testing testBruteVertexTransactions...
	titangraph[hbase:null]: 100 vertices added in 100 successful transactions in 869.541021999903ms
	titangraph[hbase:null]: 100 vertices not added in 100 failed transactions in 15.71861799992621ms
	titangraph[hbase:null]: 100 vertices added in 1 successful transactions in 172.7342519997619ms
	titangraph[hbase:null]: 100 vertices not added in 1 failed transactions in 194.1655350001529ms
Testing testTransactionsForEdges...
	titangraph[hbase:null]: 1 edge not added in failed transaction (w/ iteration) in 573.4070069999434ms
	titangraph[hbase:null]: 1 edge added in successful transaction (w/ iteration) in 364.7283939998597ms
Testing testBruteEdgeTransactions...
	titangraph[hbase:null]: 100 edges added in 100 successful transactions (2 vertices added for each edge) in 1358.3640799997374ms
	titangraph[hbase:null]: 100 edges not added in 100 failed transactions (2 vertices added for each edge) in 101.67330399993807ms
	titangraph[hbase:null]: 100 edges added in 1 successful transactions (2 vertices added for each edge) in 432.861364999786ms
	titangraph[hbase:null]: 100 edges not added in 1 failed transactions (2 vertices added for each edge) in 483.20909300027415ms
Testing testPropertyTransactions...
	titangraph[hbase:null]: 1 vertex added with string property in a successful transaction in 1047.42486200016ms
	titangraph[hbase:null]: 1 integer property not added in a failed transaction in 10.332992000039667ms
	titangraph[hbase:null]: 2 vertex properties checked in a successful transaction in 5.508260999806225ms
	titangraph[hbase:null]: 1 edge property added and checked in a successful transaction in 111.32416999991983ms
	titangraph[hbase:null]: 1 edge property added and checked in a failed transaction in 1.278775000013411ms
Testing testIndexTransactions...
Testing testAutomaticSuccessfulTransactionOnShutdown...
Testing testVertexCountOnPreTransactionCommit...
Testing testBulkTransactionsOnEdges...
Testing testTransactionIsolationCommitCheck...
added vertex
reading vertex before tx
read vertex before tx
Testing testRemoveInTransaction...
Testing testTrue...
*** TOTAL TIME [TransactionalTitanGraphTestSuite]: 39365.28441399988 ***
Testing testVertexReattachment...
*** TOTAL TIME [TitanSpecificBlueprintsTestSuite]: 2750.0568030001596 ***
Testing testTinkerGraphSoftwareVertices...
	titangraph[hbase:null]: graph-example-1 loaded in 1082.8305629999377ms
Testing testTinkerGraphVertexAndEdges...
	titangraph[hbase:null]: graph-example-1 loaded in 1056.8196460003965ms
Testing testReadingTinkerGraphExample3...
Testing testReadingTinkerGraphExample3MappingLabels...
	titangraph[hbase:null]: graph-example-3 loaded in 1062.961988999974ms
Testing testReadingTinkerGraphExample3MappingIDs...
	titangraph[hbase:null]: graph-example-3 loaded in 1057.5451509999111ms
Testing testReadingTinkerGraphExample3MappingAll...
	titangraph[hbase:null]: graph-example-3 loaded in 1053.845597000327ms
Testing testMigratingTinkerGraphExample3...
Testing testAllGraphMLTypeCastsAndDataMappings...
Testing testReadingTinkerGraph...
Testing testTinkerGraphEdges...
	titangraph[hbase:null]: graph-example-1 loaded in 1054.981800999958ms
Testing testTinkerGraphVertices...
	titangraph[hbase:null]: graph-example-1 loaded in 1053.9309040000662ms
*** TOTAL TIME [GraphMLReaderTestSuite]: 20004.548832000233 ***
Testing testTinkerGraphSoftwareVertices...
	titangraph[hbase:null]: graph-example-1 loaded in 1390.0309649999253ms
Testing testTinkerGraphVertexAndEdges...
	titangraph[hbase:null]: graph-example-1 loaded in 1055.37760300003ms
Testing testReadingTinkerGraph...
Testing testTinkerGraphEdges...
	titangraph[hbase:null]: graph-example-1 loaded in 1061.7533049997874ms
Testing testTinkerGraphVertices...
	titangraph[hbase:null]: graph-example-1 loaded in 1053.4510969999246ms
*** TOTAL TIME [GraphSONReaderTestSuite]: 10954.169803000055 ***
Testing testTinkerGraphSoftwareVertices...
	titangraph[hbase:null]: graph-example-1 loaded in 1061.9395049996674ms
Testing testTinkerGraphVertexAndEdges...
	titangraph[hbase:null]: graph-example-1 loaded in 1048.8869040003046ms
Testing testReadingTinkerGraphExample3...
Testing testReadingTinkerGraphExample3MappingLabels...
	titangraph[hbase:null]: graph-example-3 loaded in 1053.5539870001376ms
Testing testReadingTinkerGraphExample3MappingIDs...
	titangraph[hbase:null]: graph-example-3 loaded in 1051.655731999781ms
Testing testReadingTinkerGraphExample3MappingAll...
	titangraph[hbase:null]: graph-example-3 loaded in 1052.0912019996904ms
Testing testMigratingTinkerGraphExample3...
Testing testReadingTinkerGraph...
Testing testTinkerGraphEdges...
	titangraph[hbase:null]: graph-example-1 loaded in 1049.0589220002294ms
Testing testTinkerGraphVertices...
	titangraph[hbase:null]: graph-example-1 loaded in 1058.1935330000706ms


I'm sorry but your test run exceeded 50.0 minutes. 

One possible solution is to split up your test run.
