Using worker: worker-linux-2-2.bb.travis-ci.org:travis-linux-18

travis_fold:start:git.1$ git clone --depth=50 --branch=master git://github.com/thinkaurelius/titan.git thinkaurelius/titan
Cloning into 'thinkaurelius/titan'...
remote: Counting objects: 3204, done.[K
remote: Compressing objects:   0% (1/1600)   [Kremote: Compressing objects:   1% (16/1600)   [Kremote: Compressing objects:   2% (32/1600)   [Kremote: Compressing objects:   3% (48/1600)   [Kremote: Compressing objects:   4% (64/1600)   [Kremote: Compressing objects:   5% (80/1600)   [Kremote: Compressing objects:   6% (96/1600)   [Kremote: Compressing objects:   7% (112/1600)   [Kremote: Compressing objects:   8% (128/1600)   [Kremote: Compressing objects:   9% (144/1600)   [Kremote: Compressing objects:  10% (160/1600)   [Kremote: Compressing objects:  11% (176/1600)   [Kremote: Compressing objects:  12% (192/1600)   [Kremote: Compressing objects:  13% (208/1600)   [Kremote: Compressing objects:  14% (224/1600)   [Kremote: Compressing objects:  15% (240/1600)   [Kremote: Compressing objects:  16% (256/1600)   [Kremote: Compressing objects:  17% (272/1600)   [Kremote: Compressing objects:  18% (288/1600)   [Kremote: Compressing objects:  19% (304/1600)   [Kremote: Compressing objects:  20% (320/1600)   [Kremote: Compressing objects:  21% (336/1600)   [Kremote: Compressing objects:  22% (352/1600)   [Kremote: Compressing objects:  23% (368/1600)   [Kremote: Compressing objects:  24% (384/1600)   [Kremote: Compressing objects:  25% (400/1600)   [Kremote: Compressing objects:  26% (416/1600)   [Kremote: Compressing objects:  27% (432/1600)   [Kremote: Compressing objects:  28% (448/1600)   [Kremote: Compressing objects:  29% (464/1600)   [Kremote: Compressing objects:  30% (480/1600)   [Kremote: Compressing objects:  31% (496/1600)   [Kremote: Compressing objects:  32% (512/1600)   [Kremote: Compressing objects:  33% (528/1600)   [Kremote: Compressing objects:  34% (544/1600)   [Kremote: Compressing objects:  35% (560/1600)   [Kremote: Compressing objects:  36% (576/1600)   [Kremote: Compressing objects:  37% (592/1600)   [Kremote: Compressing objects:  38% (608/1600)   [Kremote: Compressing objects:  39% (624/1600)   [Kremote: Compressing objects:  40% (640/1600)   [Kremote: Compressing objects:  41% (656/1600)   [Kremote: Compressing objects:  42% (672/1600)   [Kremote: Compressing objects:  43% (688/1600)   [Kremote: Compressing objects:  44% (704/1600)   [Kremote: Compressing objects:  45% (720/1600)   [Kremote: Compressing objects:  46% (736/1600)   [Kremote: Compressing objects:  47% (752/1600)   [Kremote: Compressing objects:  48% (768/1600)   [Kremote: Compressing objects:  49% (784/1600)   [Kremote: Compressing objects:  50% (800/1600)   [Kremote: Compressing objects:  51% (816/1600)   [Kremote: Compressing objects:  52% (832/1600)   [Kremote: Compressing objects:  53% (848/1600)   [Kremote: Compressing objects:  54% (864/1600)   [Kremote: Compressing objects:  55% (880/1600)   [Kremote: Compressing objects:  56% (896/1600)   [Kremote: Compressing objects:  57% (912/1600)   [Kremote: Compressing objects:  58% (928/1600)   [Kremote: Compressing objects:  59% (944/1600)   [Kremote: Compressing objects:  60% (960/1600)   [Kremote: Compressing objects:  61% (976/1600)   [Kremote: Compressing objects:  62% (992/1600)   [Kremote: Compressing objects:  63% (1008/1600)   [Kremote: Compressing objects:  64% (1024/1600)   [Kremote: Compressing objects:  65% (1040/1600)   [Kremote: Compressing objects:  66% (1056/1600)   [Kremote: Compressing objects:  67% (1072/1600)   [Kremote: Compressing objects:  68% (1088/1600)   [Kremote: Compressing objects:  69% (1104/1600)   [Kremote: Compressing objects:  70% (1120/1600)   [Kremote: Compressing objects:  71% (1136/1600)   [Kremote: Compressing objects:  72% (1152/1600)   [Kremote: Compressing objects:  73% (1168/1600)   [Kremote: Compressing objects:  74% (1184/1600)   [Kremote: Compressing objects:  75% (1200/1600)   [Kremote: Compressing objects:  76% (1216/1600)   [Kremote: Compressing objects:  77% (1232/1600)   [Kremote: Compressing objects:  78% (1248/1600)   [Kremote: Compressing objects:  79% (1264/1600)   [Kremote: Compressing objects:  80% (1280/1600)   [Kremote: Compressing objects:  81% (1296/1600)   [Kremote: Compressing objects:  82% (1312/1600)   [Kremote: Compressing objects:  83% (1328/1600)   [Kremote: Compressing objects:  84% (1344/1600)   [Kremote: Compressing objects:  85% (1360/1600)   [Kremote: Compressing objects:  86% (1376/1600)   [Kremote: Compressing objects:  87% (1392/1600)   [Kremote: Compressing objects:  88% (1408/1600)   [Kremote: Compressing objects:  89% (1424/1600)   [Kremote: Compressing objects:  90% (1440/1600)   [Kremote: Compressing objects:  91% (1456/1600)   [Kremote: Compressing objects:  92% (1472/1600)   [Kremote: Compressing objects:  93% (1488/1600)   [Kremote: Compressing objects:  94% (1504/1600)   [Kremote: Compressing objects:  95% (1520/1600)   [Kremote: Compressing objects:  96% (1536/1600)   [Kremote: Compressing objects:  97% (1552/1600)   [Kremote: Compressing objects:  98% (1568/1600)   [Kremote: Compressing objects:  99% (1584/1600)   [Kremote: Compressing objects: 100% (1600/1600)   [Kremote: Compressing objects: 100% (1600/1600), done.[K
Receiving objects:   0% (1/3204)   Receiving objects:   1% (33/3204)   Receiving objects:   2% (65/3204)   Receiving objects:   3% (97/3204)   Receiving objects:   4% (129/3204)   Receiving objects:   5% (161/3204)   Receiving objects:   6% (193/3204)   Receiving objects:   7% (225/3204)   Receiving objects:   8% (257/3204), 988.00 KiB | 1.82 MiB/s   Receiving objects:   9% (289/3204), 988.00 KiB | 1.82 MiB/s   Receiving objects:  10% (321/3204), 988.00 KiB | 1.82 MiB/s   Receiving objects:  11% (353/3204), 988.00 KiB | 1.82 MiB/s   Receiving objects:  12% (385/3204), 988.00 KiB | 1.82 MiB/s   Receiving objects:  13% (417/3204), 988.00 KiB | 1.82 MiB/s   Receiving objects:  14% (449/3204), 988.00 KiB | 1.82 MiB/s   Receiving objects:  15% (481/3204), 988.00 KiB | 1.82 MiB/s   Receiving objects:  16% (513/3204), 988.00 KiB | 1.82 MiB/s   Receiving objects:  17% (545/3204), 988.00 KiB | 1.82 MiB/s   Receiving objects:  18% (577/3204), 988.00 KiB | 1.82 MiB/s   Receiving objects:  19% (609/3204), 988.00 KiB | 1.82 MiB/s   Receiving objects:  20% (641/3204), 988.00 KiB | 1.82 MiB/s   Receiving objects:  21% (673/3204), 988.00 KiB | 1.82 MiB/s   Receiving objects:  22% (705/3204), 988.00 KiB | 1.82 MiB/s   Receiving objects:  23% (737/3204), 988.00 KiB | 1.82 MiB/s   Receiving objects:  24% (769/3204), 988.00 KiB | 1.82 MiB/s   Receiving objects:  25% (801/3204), 988.00 KiB | 1.82 MiB/s   Receiving objects:  26% (834/3204), 988.00 KiB | 1.82 MiB/s   Receiving objects:  27% (866/3204), 988.00 KiB | 1.82 MiB/s   Receiving objects:  28% (898/3204), 988.00 KiB | 1.82 MiB/s   Receiving objects:  29% (930/3204), 988.00 KiB | 1.82 MiB/s   Receiving objects:  30% (962/3204), 988.00 KiB | 1.82 MiB/s   Receiving objects:  31% (994/3204), 988.00 KiB | 1.82 MiB/s   Receiving objects:  32% (1026/3204), 988.00 KiB | 1.82 MiB/s   Receiving objects:  33% (1058/3204), 988.00 KiB | 1.82 MiB/s   Receiving objects:  34% (1090/3204), 988.00 KiB | 1.82 MiB/s   Receiving objects:  35% (1122/3204), 988.00 KiB | 1.82 MiB/s   Receiving objects:  36% (1154/3204), 988.00 KiB | 1.82 MiB/s   Receiving objects:  37% (1186/3204), 988.00 KiB | 1.82 MiB/s   Receiving objects:  38% (1218/3204), 988.00 KiB | 1.82 MiB/s   Receiving objects:  39% (1250/3204), 988.00 KiB | 1.82 MiB/s   Receiving objects:  40% (1282/3204), 988.00 KiB | 1.82 MiB/s   Receiving objects:  41% (1314/3204), 988.00 KiB | 1.82 MiB/s   Receiving objects:  42% (1346/3204), 988.00 KiB | 1.82 MiB/s   Receiving objects:  43% (1378/3204), 988.00 KiB | 1.82 MiB/s   Receiving objects:  44% (1410/3204), 988.00 KiB | 1.82 MiB/s   Receiving objects:  45% (1442/3204), 988.00 KiB | 1.82 MiB/s   Receiving objects:  46% (1474/3204), 988.00 KiB | 1.82 MiB/s   Receiving objects:  47% (1506/3204), 988.00 KiB | 1.82 MiB/s   Receiving objects:  48% (1538/3204), 988.00 KiB | 1.82 MiB/s   Receiving objects:  49% (1570/3204), 988.00 KiB | 1.82 MiB/s   Receiving objects:  50% (1602/3204), 988.00 KiB | 1.82 MiB/s   Receiving objects:  51% (1635/3204), 988.00 KiB | 1.82 MiB/s   Receiving objects:  52% (1667/3204), 988.00 KiB | 1.82 MiB/s   Receiving objects:  53% (1699/3204), 988.00 KiB | 1.82 MiB/s   Receiving objects:  54% (1731/3204), 988.00 KiB | 1.82 MiB/s   Receiving objects:  55% (1763/3204), 988.00 KiB | 1.82 MiB/s   Receiving objects:  56% (1795/3204), 988.00 KiB | 1.82 MiB/s   Receiving objects:  57% (1827/3204), 988.00 KiB | 1.82 MiB/s   Receiving objects:  58% (1859/3204), 988.00 KiB | 1.82 MiB/s   Receiving objects:  59% (1891/3204), 988.00 KiB | 1.82 MiB/s   Receiving objects:  60% (1923/3204), 988.00 KiB | 1.82 MiB/s   Receiving objects:  61% (1955/3204), 988.00 KiB | 1.82 MiB/s   Receiving objects:  62% (1987/3204), 988.00 KiB | 1.82 MiB/s   Receiving objects:  63% (2019/3204), 988.00 KiB | 1.82 MiB/s   Receiving objects:  64% (2051/3204), 988.00 KiB | 1.82 MiB/s   Receiving objects:  65% (2083/3204), 988.00 KiB | 1.82 MiB/s   Receiving objects:  66% (2115/3204), 988.00 KiB | 1.82 MiB/s   Receiving objects:  67% (2147/3204), 988.00 KiB | 1.82 MiB/s   remote: Total 3204 (delta 1181), reused 2673 (delta 861)[K
Receiving objects:  68% (2179/3204), 988.00 KiB | 1.82 MiB/s   Receiving objects:  69% (2211/3204), 988.00 KiB | 1.82 MiB/s   Receiving objects:  70% (2243/3204), 988.00 KiB | 1.82 MiB/s   Receiving objects:  71% (2275/3204), 988.00 KiB | 1.82 MiB/s   Receiving objects:  72% (2307/3204), 988.00 KiB | 1.82 MiB/s   Receiving objects:  73% (2339/3204), 988.00 KiB | 1.82 MiB/s   Receiving objects:  74% (2371/3204), 988.00 KiB | 1.82 MiB/s   Receiving objects:  75% (2403/3204), 988.00 KiB | 1.82 MiB/s   Receiving objects:  76% (2436/3204), 988.00 KiB | 1.82 MiB/s   Receiving objects:  77% (2468/3204), 988.00 KiB | 1.82 MiB/s   Receiving objects:  78% (2500/3204), 988.00 KiB | 1.82 MiB/s   Receiving objects:  79% (2532/3204), 988.00 KiB | 1.82 MiB/s   Receiving objects:  80% (2564/3204), 988.00 KiB | 1.82 MiB/s   Receiving objects:  81% (2596/3204), 988.00 KiB | 1.82 MiB/s   Receiving objects:  82% (2628/3204), 988.00 KiB | 1.82 MiB/s   Receiving objects:  83% (2660/3204), 988.00 KiB | 1.82 MiB/s   Receiving objects:  84% (2692/3204), 988.00 KiB | 1.82 MiB/s   Receiving objects:  85% (2724/3204), 988.00 KiB | 1.82 MiB/s   Receiving objects:  86% (2756/3204), 988.00 KiB | 1.82 MiB/s   Receiving objects:  87% (2788/3204), 988.00 KiB | 1.82 MiB/s   Receiving objects:  88% (2820/3204), 988.00 KiB | 1.82 MiB/s   Receiving objects:  89% (2852/3204), 988.00 KiB | 1.82 MiB/s   Receiving objects:  90% (2884/3204), 988.00 KiB | 1.82 MiB/s   Receiving objects:  91% (2916/3204), 988.00 KiB | 1.82 MiB/s   Receiving objects:  92% (2948/3204), 988.00 KiB | 1.82 MiB/s   Receiving objects:  93% (2980/3204), 988.00 KiB | 1.82 MiB/s   Receiving objects:  94% (3012/3204), 988.00 KiB | 1.82 MiB/s   Receiving objects:  95% (3044/3204), 988.00 KiB | 1.82 MiB/s   Receiving objects:  96% (3076/3204), 988.00 KiB | 1.82 MiB/s   Receiving objects:  97% (3108/3204), 988.00 KiB | 1.82 MiB/s   Receiving objects:  98% (3140/3204), 988.00 KiB | 1.82 MiB/s   Receiving objects:  99% (3172/3204), 988.00 KiB | 1.82 MiB/s   Receiving objects: 100% (3204/3204), 988.00 KiB | 1.82 MiB/s   Receiving objects: 100% (3204/3204), 5.17 MiB | 1.82 MiB/s, done.
Resolving deltas:   0% (0/1181)   Resolving deltas:   1% (14/1181)   Resolving deltas:   2% (25/1181)   Resolving deltas:   3% (36/1181)   Resolving deltas:   4% (53/1181)   Resolving deltas:   5% (60/1181)   Resolving deltas:   6% (73/1181)   Resolving deltas:   7% (83/1181)   Resolving deltas:   8% (97/1181)   Resolving deltas:   9% (112/1181)   Resolving deltas:  11% (135/1181)   Resolving deltas:  12% (144/1181)   Resolving deltas:  13% (157/1181)   Resolving deltas:  14% (170/1181)   Resolving deltas:  15% (187/1181)   Resolving deltas:  16% (195/1181)   Resolving deltas:  17% (203/1181)   Resolving deltas:  18% (215/1181)   Resolving deltas:  19% (230/1181)   Resolving deltas:  22% (266/1181)   Resolving deltas:  23% (278/1181)   Resolving deltas:  24% (285/1181)   Resolving deltas:  25% (299/1181)   Resolving deltas:  26% (310/1181)   Resolving deltas:  27% (321/1181)   Resolving deltas:  28% (334/1181)   Resolving deltas:  29% (346/1181)   Resolving deltas:  30% (356/1181)   Resolving deltas:  31% (369/1181)   Resolving deltas:  32% (379/1181)   Resolving deltas:  33% (390/1181)   Resolving deltas:  34% (402/1181)   Resolving deltas:  35% (415/1181)   Resolving deltas:  36% (426/1181)   Resolving deltas:  37% (440/1181)   Resolving deltas:  38% (449/1181)   Resolving deltas:  39% (461/1181)   Resolving deltas:  40% (473/1181)   Resolving deltas:  41% (488/1181)   Resolving deltas:  42% (497/1181)   Resolving deltas:  43% (510/1181)   Resolving deltas:  44% (529/1181)   Resolving deltas:  45% (533/1181)   Resolving deltas:  46% (546/1181)   Resolving deltas:  47% (556/1181)   Resolving deltas:  48% (568/1181)   Resolving deltas:  49% (580/1181)   Resolving deltas:  50% (594/1181)   Resolving deltas:  51% (605/1181)   Resolving deltas:  52% (615/1181)   Resolving deltas:  53% (626/1181)   Resolving deltas:  54% (638/1181)   Resolving deltas:  55% (650/1181)   Resolving deltas:  56% (662/1181)   Resolving deltas:  57% (674/1181)   Resolving deltas:  58% (686/1181)   Resolving deltas:  59% (700/1181)   Resolving deltas:  60% (716/1181)   Resolving deltas:  61% (724/1181)   Resolving deltas:  62% (735/1181)   Resolving deltas:  63% (747/1181)   Resolving deltas:  64% (757/1181)   Resolving deltas:  65% (768/1181)   Resolving deltas:  66% (781/1181)   Resolving deltas:  67% (794/1181)   Resolving deltas:  68% (805/1181)   Resolving deltas:  69% (826/1181)   Resolving deltas:  70% (827/1181)   Resolving deltas:  72% (853/1181)   Resolving deltas:  73% (871/1181)   Resolving deltas:  74% (874/1181)   Resolving deltas:  75% (886/1181)   Resolving deltas:  76% (899/1181)   Resolving deltas:  77% (915/1181)   Resolving deltas:  78% (922/1181)   Resolving deltas:  79% (935/1181)   Resolving deltas:  80% (945/1181)   Resolving deltas:  81% (959/1181)   Resolving deltas:  82% (972/1181)   Resolving deltas:  83% (986/1181)   Resolving deltas:  84% (994/1181)   Resolving deltas:  85% (1009/1181)   Resolving deltas:  86% (1016/1181)   Resolving deltas:  87% (1028/1181)   Resolving deltas:  88% (1043/1181)   Resolving deltas:  89% (1052/1181)   Resolving deltas:  90% (1063/1181)   Resolving deltas:  91% (1075/1181)   Resolving deltas:  92% (1087/1181)   Resolving deltas:  95% (1131/1181)   Resolving deltas:  96% (1138/1181)   Resolving deltas:  97% (1146/1181)   Resolving deltas:  98% (1159/1181)   Resolving deltas:  99% (1170/1181)   Resolving deltas: 100% (1181/1181)   Resolving deltas: 100% (1181/1181), done.
travis_fold:end:git.1$ cd thinkaurelius/titan
travis_fold:start:git.2$ git checkout -qf 43cfc88ed7156a497ac80e5e90a0280708c4fea4
travis_fold:end:git.2$ jdk_switcher use oraclejdk7
Switching to Oracle JDK7 (java-7-oracle), JAVA_HOME will be set to /usr/lib/jvm/java-7-oracle
update-alternatives: error: no alternatives for apt.
update-alternatives: error: no alternatives for mozilla-javaplugin.so.
update-alternatives: error: no alternatives for apt.
$ java -version
java version "1.7.0_17"
Java(TM) SE Runtime Environment (build 1.7.0_17-b02)
Java HotSpot(TM) 64-Bit Server VM (build 23.7-b01, mixed mode)
$ javac -version
javac 1.7.0_17
travis_fold:start:install$ mvn install --quiet -DskipTests=true -B
[debug] execute contextualize
[debug] execute contextualize
[debug] execute contextualize
travis_fold:end:install$ mvn test -B
[INFO] Scanning for projects...
[INFO] ------------------------------------------------------------------------
[INFO] Reactor Build Order:
[INFO] 
[INFO] Titan: Distributed Graph Database
[INFO] Titan-Core: Core Library for Titan
[INFO] Titan-Test: Test Suite for Titan
[INFO] Titan-ElasticSearch: Distributed Indexing Support
[INFO] Titan-BerkeleyJE: Distributed Graph Database
[INFO] Titan-Cassandra: Distributed Graph Database
[INFO] Titan-HBase: Distributed Graph Database
[INFO] Titan-Lucene: Indexing Support
[INFO] Titan-All: Complete Titan Distribution
[INFO]                                                                         
[INFO] ------------------------------------------------------------------------
[INFO] Building Titan: Distributed Graph Database 0.4.0-SNAPSHOT
[INFO] ------------------------------------------------------------------------
[INFO] 
[INFO] --- maven-enforcer-plugin:1.0:enforce (enforce-maven) @ titan ---
[INFO]                                                                         
[INFO] ------------------------------------------------------------------------
[INFO] Building Titan-Core: Core Library for Titan 0.4.0-SNAPSHOT
[INFO] ------------------------------------------------------------------------
[INFO] 
[INFO] --- maven-enforcer-plugin:1.0:enforce (enforce-maven) @ titan-core ---
[INFO] 
[INFO] --- maven-resources-plugin:2.3:resources (default-resources) @ titan-core ---
[INFO] Using 'UTF-8' encoding to copy filtered resources.
[INFO] skip non existing resourceDirectory /home/travis/build/thinkaurelius/titan/titan-core/src/main/resources
[INFO] 
[INFO] --- maven-compiler-plugin:2.5.1:compile (default-compile) @ titan-core ---
[INFO] Nothing to compile - all classes are up to date
[INFO] 
[INFO] --- maven-resources-plugin:2.3:testResources (default-testResources) @ titan-core ---
[INFO] Using 'UTF-8' encoding to copy filtered resources.
[INFO] skip non existing resourceDirectory /home/travis/build/thinkaurelius/titan/titan-core/src/test/resources
[INFO] 
[INFO] --- maven-compiler-plugin:2.5.1:testCompile (default-testCompile) @ titan-core ---
[INFO] No sources to compile
[INFO] 
[INFO] --- maven-surefire-plugin:2.11:test (default-test) @ titan-core ---
[INFO] No tests to run.
[INFO] Surefire report directory: /home/travis/build/thinkaurelius/titan/titan-core/target/surefire-reports
Downloading: http://maven.mirrors.travis-ci.org/nexus/content/repositories/central/org/apache/maven/surefire/surefire-junit3/2.11/surefire-junit3-2.11.pom
Downloaded: http://maven.mirrors.travis-ci.org/nexus/content/repositories/central/org/apache/maven/surefire/surefire-junit3/2.11/surefire-junit3-2.11.pom (2 KB at 2.6 KB/sec)
Downloading: http://maven.mirrors.travis-ci.org/nexus/content/repositories/central/org/apache/maven/surefire/surefire-providers/2.11/surefire-providers-2.11.pom
Downloaded: http://maven.mirrors.travis-ci.org/nexus/content/repositories/central/org/apache/maven/surefire/surefire-providers/2.11/surefire-providers-2.11.pom (3 KB at 6.9 KB/sec)
Downloading: http://maven.mirrors.travis-ci.org/nexus/content/repositories/central/org/apache/maven/surefire/surefire-junit3/2.11/surefire-junit3-2.11.jar
Downloaded: http://maven.mirrors.travis-ci.org/nexus/content/repositories/central/org/apache/maven/surefire/surefire-junit3/2.11/surefire-junit3-2.11.jar (26 KB at 49.2 KB/sec)

-------------------------------------------------------
 T E S T S
-------------------------------------------------------

Results :

Tests run: 0, Failures: 0, Errors: 0, Skipped: 0

[INFO]                                                                         
[INFO] ------------------------------------------------------------------------
[INFO] Building Titan-Test: Test Suite for Titan 0.4.0-SNAPSHOT
[INFO] ------------------------------------------------------------------------
[INFO] 
[INFO] --- maven-enforcer-plugin:1.0:enforce (enforce-maven) @ titan-test ---
[INFO] 
[INFO] --- maven-resources-plugin:2.3:resources (default-resources) @ titan-test ---
[INFO] Using 'UTF-8' encoding to copy filtered resources.
[INFO] Copying 1 resource
[INFO] 
[INFO] --- maven-compiler-plugin:2.5.1:compile (default-compile) @ titan-test ---
[INFO] Nothing to compile - all classes are up to date
[INFO] 
[INFO] --- maven-resources-plugin:2.3:testResources (default-testResources) @ titan-test ---
[INFO] Using 'UTF-8' encoding to copy filtered resources.
[INFO] Copying 2 resources
[INFO] 
[INFO] --- maven-compiler-plugin:2.5.1:testCompile (default-testCompile) @ titan-test ---
[INFO] Nothing to compile - all classes are up to date
[INFO] 
[INFO] --- maven-surefire-plugin:2.12.1:test (default-test) @ titan-test ---
[INFO] Surefire report directory: /home/travis/build/thinkaurelius/titan/titan-test/target/surefire-reports
Downloading: http://maven.mirrors.travis-ci.org/nexus/content/repositories/central/org/apache/maven/surefire/surefire-junit4/2.12.1/surefire-junit4-2.12.1.pom
Downloaded: http://maven.mirrors.travis-ci.org/nexus/content/repositories/central/org/apache/maven/surefire/surefire-junit4/2.12.1/surefire-junit4-2.12.1.pom (3 KB at 7.0 KB/sec)
Downloading: http://maven.mirrors.travis-ci.org/nexus/content/repositories/central/org/apache/maven/surefire/surefire-providers/2.12.1/surefire-providers-2.12.1.pom
Downloaded: http://maven.mirrors.travis-ci.org/nexus/content/repositories/central/org/apache/maven/surefire/surefire-providers/2.12.1/surefire-providers-2.12.1.pom (3 KB at 7.0 KB/sec)
Downloading: http://maven.mirrors.travis-ci.org/nexus/content/repositories/central/org/apache/maven/surefire/surefire-junit4/2.12.1/surefire-junit4-2.12.1.jar
Downloaded: http://maven.mirrors.travis-ci.org/nexus/content/repositories/central/org/apache/maven/surefire/surefire-junit4/2.12.1/surefire-junit4-2.12.1.jar (34 KB at 68.9 KB/sec)

-------------------------------------------------------
 T E S T S
-------------------------------------------------------
Running com.thinkaurelius.titan.graphdb.idmanagement.VariableLongTest
Writing 10000000 longs in 65567319 bytes. in time: 2912
Writing 1000000 longs in 2983488 bytes. in time: 174
Tests run: 5, Failures: 0, Errors: 0, Skipped: 0, Time elapsed: 4.131 sec
Running com.thinkaurelius.titan.graphdb.idmanagement.IDPoolTest
Tests run: 3, Failures: 0, Errors: 0, Skipped: 0, Time elapsed: 2.17 sec
Running com.thinkaurelius.titan.util.datastructures.ImmutableLongObjectMapTest
Tests run: 3, Failures: 0, Errors: 0, Skipped: 0, Time elapsed: 0.723 sec
Running com.thinkaurelius.titan.graphdb.idmanagement.VertexIDAssignerTest
Partition: false
partitionMax: 2147483647
localPartition: null
Partition: true
partitionMax: 2147483647
localPartition: null
Partition: true
partitionMax: 2147483647
localPartition: [0, 2000]
Partition: true
partitionMax: 2147483647
localPartition: [-100000, -1]
Partition: true
partitionMax: 2147483647
localPartition: [-10000, 10000]
Partition: true
partitionMax: 100
localPartition: null
Partition: true
partitionMax: 100
localPartition: [0, 2000]
Partition: true
partitionMax: 100
localPartition: [-100000, -1]
Partition: true
partitionMax: 100
localPartition: [-10000, 10000]
Tests run: 9, Failures: 0, Errors: 0, Skipped: 0, Time elapsed: 19.687 sec
Running com.thinkaurelius.titan.diskstorage.util.StorageFeaturesTest
Tests run: 1, Failures: 0, Errors: 0, Skipped: 0, Time elapsed: 0 sec
Running com.thinkaurelius.titan.tinkerpop.rexster.TitanGraphConfigurationTest
Tests run: 1, Failures: 0, Errors: 0, Skipped: 0, Time elapsed: 0.086 sec
Running com.thinkaurelius.titan.graphdb.inmemory.InMemoryGraphTest
Tests run: 19, Failures: 0, Errors: 0, Skipped: 0, Time elapsed: 26.823 sec
Running com.thinkaurelius.titan.diskstorage.inmemory.InMemoryKeyColumnValueStoreTest
Loading time (ms): 1587
Reading time (ms): 161
Tests run: 17, Failures: 0, Errors: 0, Skipped: 0, Time elapsed: 4.733 sec
Running com.thinkaurelius.titan.util.datastructures.RandomRemovalListTest
Tests run: 3, Failures: 0, Errors: 0, Skipped: 0, Time elapsed: 1.026 sec
Running com.thinkaurelius.titan.diskstorage.inmemory.inMemoryLockKeyColumnValueStoreTest
Tests run: 14, Failures: 0, Errors: 0, Skipped: 0, Time elapsed: 5.759 sec
Running com.thinkaurelius.titan.util.datastructures.BitMapTest
Tests run: 1, Failures: 0, Errors: 0, Skipped: 0, Time elapsed: 0.001 sec
Running com.thinkaurelius.titan.graphdb.serializer.KryoTest
Tests run: 5, Failures: 0, Errors: 0, Skipped: 0, Time elapsed: 0.017 sec
Running com.thinkaurelius.titan.util.LongEncodingTest
Time to de/encode 1000000 longs (in ms): 1261
Tests run: 1, Failures: 0, Errors: 0, Skipped: 0, Time elapsed: 1.261 sec
Running com.thinkaurelius.titan.graphdb.idmanagement.IDManagementTest
Tests run: 3, Failures: 0, Errors: 0, Skipped: 0, Time elapsed: 1.198 sec
Running com.thinkaurelius.titan.graphdb.serializer.ByteBufferTest
Tests run: 3, Failures: 0, Errors: 0, Skipped: 0, Time elapsed: 0.317 sec
Running com.thinkaurelius.titan.diskstorage.locking.LocalLockMediatorTest
Tests run: 1, Failures: 0, Errors: 0, Skipped: 0, Time elapsed: 0.206 sec
Running com.thinkaurelius.titan.diskstorage.util.ByteBufferUtilTest
Tests run: 1, Failures: 0, Errors: 0, Skipped: 0, Time elapsed: 0.035 sec
Running com.thinkaurelius.titan.graphdb.attribute.GeoshapeTest
circle[10.0,12.5]:100.0
box[[20.0,22.5],[40.5,60.5]]
Tests run: 3, Failures: 0, Errors: 0, Skipped: 0, Time elapsed: 0.034 sec
Running com.thinkaurelius.titan.graphdb.serializer.SerializerTest
Tests run: 9, Failures: 0, Errors: 0, Skipped: 0, Time elapsed: 1.558 sec
Running com.thinkaurelius.titan.tinkerpop.gremlin.ScriptExecutorTest
Tests run: 1, Failures: 0, Errors: 0, Skipped: 0, Time elapsed: 0.006 sec

Results :

Tests run: 103, Failures: 0, Errors: 0, Skipped: 0

[INFO]                                                                         
[INFO] ------------------------------------------------------------------------
[INFO] Building Titan-ElasticSearch: Distributed Indexing Support 0.4.0-SNAPSHOT
[INFO] ------------------------------------------------------------------------
[INFO] 
[INFO] --- maven-enforcer-plugin:1.0:enforce (enforce-maven) @ titan-es ---
[INFO] 
[INFO] --- maven-resources-plugin:2.3:resources (default-resources) @ titan-es ---
[INFO] Using 'UTF-8' encoding to copy filtered resources.
[INFO] skip non existing resourceDirectory /home/travis/build/thinkaurelius/titan/titan-es/src/main/resources
[INFO] 
[INFO] --- maven-compiler-plugin:2.5.1:compile (default-compile) @ titan-es ---
[INFO] Nothing to compile - all classes are up to date
[INFO] 
[INFO] --- maven-resources-plugin:2.3:testResources (default-testResources) @ titan-es ---
[INFO] Using 'UTF-8' encoding to copy filtered resources.
[INFO] Copying 1 resource
[INFO] 
[INFO] --- maven-compiler-plugin:2.5.1:testCompile (default-testCompile) @ titan-es ---
[INFO] Nothing to compile - all classes are up to date
[INFO] 
[INFO] --- maven-surefire-plugin:2.12.1:test (default-test) @ titan-es ---
[INFO] Surefire report directory: /home/travis/build/thinkaurelius/titan/titan-es/target/surefire-reports

-------------------------------------------------------
 T E S T S
-------------------------------------------------------
Running com.thinkaurelius.titan.diskstorage.es.ElasticSearchIndexTest
72 vs 73.867869045
Query time on 30000 docs (ms): 199
Tests run: 5, Failures: 0, Errors: 0, Skipped: 0, Time elapsed: 27.405 sec

Results :

Tests run: 5, Failures: 0, Errors: 0, Skipped: 0

[INFO]                                                                         
[INFO] ------------------------------------------------------------------------
[INFO] Building Titan-BerkeleyJE: Distributed Graph Database 0.4.0-SNAPSHOT
[INFO] ------------------------------------------------------------------------
[INFO] 
[INFO] --- maven-enforcer-plugin:1.0:enforce (enforce-maven) @ titan-berkeleyje ---
[INFO] 
[INFO] --- maven-resources-plugin:2.3:resources (default-resources) @ titan-berkeleyje ---
[INFO] Using 'UTF-8' encoding to copy filtered resources.
[INFO] Copying 2 resources
[INFO] 
[INFO] --- maven-compiler-plugin:2.5.1:compile (default-compile) @ titan-berkeleyje ---
[INFO] Nothing to compile - all classes are up to date
[INFO] 
[INFO] --- maven-resources-plugin:2.3:testResources (default-testResources) @ titan-berkeleyje ---
[INFO] Using 'UTF-8' encoding to copy filtered resources.
[INFO] Copying 2 resources
[INFO] 
[INFO] --- maven-compiler-plugin:2.5.1:testCompile (default-testCompile) @ titan-berkeleyje ---
[INFO] Nothing to compile - all classes are up to date
[INFO] 
[INFO] --- maven-surefire-plugin:2.12.1:test (default-test) @ titan-berkeleyje ---
[INFO] Surefire report directory: /home/travis/build/thinkaurelius/titan/titan-berkeleyje/target/surefire-reports

-------------------------------------------------------
 T E S T S
-------------------------------------------------------
Running com.thinkaurelius.titan.diskstorage.berkeleyje.BerkeleyJeHashKeyColumnValueTest
Loading time (ms): 2996
Reading time (ms): 1080
Tests run: 17, Failures: 0, Errors: 0, Skipped: 0, Time elapsed: 22.681 sec
Running com.thinkaurelius.titan.graphdb.berkeleyje.BerkeleyJEGraphTest
Tests run: 19, Failures: 0, Errors: 0, Skipped: 0, Time elapsed: 8.547 sec
Running com.thinkaurelius.titan.diskstorage.berkeleyje.BerkeleyDBjeKeyColumnValueVariableTest
Loading time (ms): 2898
Reading time (ms): 401
Tests run: 17, Failures: 0, Errors: 0, Skipped: 0, Time elapsed: 16.452 sec
Running com.thinkaurelius.titan.tinkerpop.rexster.RexsterServerClientBerkeleyJeTest
May 02, 2013 4:47:29 PM org.glassfish.grizzly.servlet.WebappContext deploy
INFO: Starting application [jersey] ...
May 02, 2013 4:47:29 PM com.sun.jersey.server.impl.application.WebApplicationImpl _initiate
INFO: Initiating Jersey application, version 'Jersey: 1.17 01/17/2013 03:31 PM'
May 02, 2013 4:47:31 PM org.glassfish.grizzly.servlet.WebappContext initServlets
INFO: [jersey] Servlet [com.sun.jersey.spi.container.servlet.ServletContainer] registered for url pattern(s) [[/*]].
May 02, 2013 4:47:31 PM org.glassfish.grizzly.servlet.WebappContext deploy
INFO: Application [jersey] is ready to service requests.  Root: [].
May 02, 2013 4:47:31 PM org.glassfish.grizzly.http.server.NetworkListener start
INFO: Started listener bound to [0.0.0.0:8182]
May 02, 2013 4:47:31 PM org.glassfish.grizzly.http.server.HttpServer start
INFO: [HttpServer] Started.
May 02, 2013 4:47:33 PM org.glassfish.grizzly.http.server.NetworkListener stop
INFO: Stopped listener bound to [0.0.0.0:8182]
Tests run: 1, Failures: 0, Errors: 0, Skipped: 0, Time elapsed: 7.853 sec
Running com.thinkaurelius.titan.blueprints.BerkeleyJEBlueprintsTest
Testing testConcurrentModificationOnProperties...
Opening graph in: /tmp/titan-test/standard
Testing testAddManyVertexProperties...
Opening graph in: /tmp/titan-test/standard
	titangraph[berkeleyje:/tmp/titan-test/standard]: 750 vertex properties added (with vertices being added too) in 3525.324894999969ms
Testing testAddingIdProperty...
Opening graph in: /tmp/titan-test/standard
Testing testAddVertexProperties...
Opening graph in: /tmp/titan-test/standard
Testing testRemoveVertexProperties...
Opening graph in: /tmp/titan-test/standard
Testing testVertexIterator...
Opening graph in: /tmp/titan-test/standard
	titangraph[berkeleyje:/tmp/titan-test/standard]: 1000 vertices added in 65.74891399999615ms
	titangraph[berkeleyje:/tmp/titan-test/standard]: 1000 vertices counted in 4.652853999985382ms
Testing testLegalVertexEdgeIterables...
Opening graph in: /tmp/titan-test/standard
Testing testVertexCentricLinking...
Opening graph in: /tmp/titan-test/standard
Testing testGettingEdgesAndVertices...
Opening graph in: /tmp/titan-test/standard
Testing testRemoveVertexWithEdges...
Opening graph in: /tmp/titan-test/standard
Testing testRemoveVertexNullId...
Opening graph in: /tmp/titan-test/standard
	titangraph[berkeleyje:/tmp/titan-test/standard]: 100 vertices added in 3.7889930000528693ms
	titangraph[berkeleyje:/tmp/titan-test/standard]: 100 vertices removed in 1.987656999961473ms
Testing testVertexCentricRemoving...
Opening graph in: /tmp/titan-test/standard
Testing testVertexEquality...
Opening graph in: /tmp/titan-test/standard
	titangraph[berkeleyje:/tmp/titan-test/standard]: 1 vertex added and retrieved in 3.4819750000024214ms
Testing testRemoveVertex...
Opening graph in: /tmp/titan-test/standard
Testing testEmptyKeyProperty...
Opening graph in: /tmp/titan-test/standard
Testing testGetNonExistantVertices...
Opening graph in: /tmp/titan-test/standard
Testing testGetVertexWithNull...
Opening graph in: /tmp/titan-test/standard
Testing testSettingBadVertexProperties...
Opening graph in: /tmp/titan-test/standard
Testing testBasicAddVertex...
Opening graph in: /tmp/titan-test/standard
Testing testVertexEqualityForSuppliedIdsAndHashCode...
Opening graph in: /tmp/titan-test/standard
Testing testNoConcurrentModificationException...
Opening graph in: /tmp/titan-test/standard
*** TOTAL TIME [VertexTestSuite]: 10172.985765999998 ***
Testing testGetEdges...
Opening graph in: /tmp/titan-test/standard
	titangraph[berkeleyje:/tmp/titan-test/standard]: 3 edges retrieved in 0.4814340000739321ms
Testing testRemoveSelfLoops...
Opening graph in: /tmp/titan-test/standard
Testing testEdgeIterator...
Opening graph in: /tmp/titan-test/standard
Testing testAddManyEdges...
Opening graph in: /tmp/titan-test/standard
	titangraph[berkeleyje:/tmp/titan-test/standard]: 300 elements added in 210.4616260000039ms
	titangraph[berkeleyje:/tmp/titan-test/standard]: 100 edges counted in 2.8321399999549612ms
	titangraph[berkeleyje:/tmp/titan-test/standard]: 200 vertices counted in 1.2347369999624789ms
	titangraph[berkeleyje:/tmp/titan-test/standard]: 200 vertices checked in 6.47081500000786ms
Testing testEdgeEquality...
Opening graph in: /tmp/titan-test/standard
Testing testEmptyKeyProperty...
Opening graph in: /tmp/titan-test/standard
Testing testAddingRemovingEdgeProperties...
Opening graph in: /tmp/titan-test/standard
Testing testAddingLabelAndIdProperty...
Opening graph in: /tmp/titan-test/standard
Testing testRemoveEdgesByRemovingVertex...
Opening graph in: /tmp/titan-test/standard
Testing testAddingSelfLoops...
Opening graph in: /tmp/titan-test/standard
Testing testEdgeCentricRemoving...
Opening graph in: /tmp/titan-test/standard
Testing testAddEdges...
Opening graph in: /tmp/titan-test/standard
	titangraph[berkeleyje:/tmp/titan-test/standard]: 6 elements added and checked in 6.2708749999292195ms
Testing testAddingDuplicateEdges...
Opening graph in: /tmp/titan-test/standard
Testing testRemoveEdges...
Opening graph in: /tmp/titan-test/standard
Testing testSettingBadVertexProperties...
Opening graph in: /tmp/titan-test/standard
Testing testRemoveManyEdges...
Opening graph in: /tmp/titan-test/standard
	titangraph[berkeleyje:/tmp/titan-test/standard]: 20 vertices counted in 0.2934240000322461ms
	titangraph[berkeleyje:/tmp/titan-test/standard]: 10 edges counted in 0.46509700000751764ms
	titangraph[berkeleyje:/tmp/titan-test/standard]: 10 edges removed and graph checked in 9.521154999965802ms
Testing testGetNonExistantEdges...
Opening graph in: /tmp/titan-test/standard
Testing testNoConcurrentModificationException...
Opening graph in: /tmp/titan-test/standard
*** TOTAL TIME [EdgeTestSuite]: 3581.8970709999558 ***
Testing testSimpleRemovingVerticesEdges...
Opening graph in: /tmp/titan-test/standard
Testing testRemovingEdges...
Opening graph in: /tmp/titan-test/standard
	titangraph[berkeleyje:/tmp/titan-test/standard]: 100 vertices added in 7.028812000062317ms
	titangraph[berkeleyje:/tmp/titan-test/standard]: 200 edges added in 292.82666299992707ms
	titangraph[berkeleyje:/tmp/titan-test/standard]: 200 edges deleted (with size check on each delete) in 217.62138199992478ms
Testing testFeatureCompliance...
Opening graph in: /tmp/titan-test/standard
supportsDuplicateEdges: true
supportsSelfLoops: true
supportsSerializableObjectProperty: true
supportsBooleanProperty: true
supportsDoubleProperty: true
supportsFloatProperty: true
supportsIntegerProperty: true
supportsPrimitiveArrayProperty: true
supportsUniformListProperty: true
supportsMixedListProperty: true
supportsLongProperty: true
supportsMapProperty: true
supportsStringProperty: true
ignoresSuppliedIds: true
isPersistent: true
isRDFModel: false
isWrapper: false
supportsIndices: false
supportsVertexIndex: false
supportsEdgeIndex: false
supportsKeyIndices: true
supportsVertexKeyIndex: true
supportsEdgeKeyIndex: true
supportsEdgeIteration: true
supportsVertexIteration: true
supportsEdgeRetrieval: true
supportsVertexProperties: true
supportsEdgeProperties: true
supportsTransactions: true
supportsThreadedTransactions: true
Testing testStringRepresentationOfVertexId...
Opening graph in: /tmp/titan-test/standard
Testing testSemanticallyCorrectIterables...
Opening graph in: /tmp/titan-test/standard
Testing testGettingVerticesAndEdgesWithKeyValue...
Opening graph in: /tmp/titan-test/standard
Testing testAddingVerticesAndEdges...
Opening graph in: /tmp/titan-test/standard
Testing testSettingProperties...
Opening graph in: /tmp/titan-test/standard
Testing testEmptyOnConstruction...
Opening graph in: /tmp/titan-test/standard
Testing testVertexEdgeLabels...
Opening graph in: /tmp/titan-test/standard
Testing testVertexEdgeLabels2...
Opening graph in: /tmp/titan-test/standard
Testing testTreeConnectivity...
Opening graph in: /tmp/titan-test/standard
	titangraph[berkeleyje:/tmp/titan-test/standard]: 1464 vertices added in a tree structure in 240.50648199999705ms
	titangraph[berkeleyje:/tmp/titan-test/standard]: 1464 vertices iterated in 3.3164839999517426ms
	titangraph[berkeleyje:/tmp/titan-test/standard]: 1463 edges iterated in 13.957574000000022ms
Testing testConcurrentModification...
Opening graph in: /tmp/titan-test/standard
Testing testRemovingVertices...
Opening graph in: /tmp/titan-test/standard
	titangraph[berkeleyje:/tmp/titan-test/standard]: 500 vertices added in 13.891912000020966ms
	titangraph[berkeleyje:/tmp/titan-test/standard]: 250 edges added in 515.1466750000836ms
	titangraph[berkeleyje:/tmp/titan-test/standard]: 500 vertices deleted (with size check on each delete) in 280.7207649999764ms
Testing testConnectivityPatterns...
Opening graph in: /tmp/titan-test/standard
Testing testGraphDataPersists...
Opening graph in: /tmp/titan-test/standard
Opening graph in: /tmp/titan-test/standard
	titangraph[berkeleyje:/tmp/titan-test/standard]: 1 graph loaded in 25.39558799995575ms
Testing testAutotypingOfProperties...
Opening graph in: /tmp/titan-test/standard
*** TOTAL TIME [GraphTestSuite]: 6106.769518999965 ***
Testing testGraphQueryForVertices...
Opening graph in: /tmp/titan-test/standard
Opening graph in: /tmp/titan-test/standard
Testing testGraphQueryForEdges...
Opening graph in: /tmp/titan-test/standard
Opening graph in: /tmp/titan-test/standard
Testing testVertexQuery...
Opening graph in: /tmp/titan-test/standard
*** TOTAL TIME [QueryTestSuite]: 1112.038327999995 ***
Testing testAutoIndexKeyManagementWithPersistence...
Opening graph in: /tmp/titan-test/standard
	titangraph[berkeleyje:/tmp/titan-test/standard]: 2 automatic index keys added in 2.138061000034213ms
	titangraph[berkeleyje:/tmp/titan-test/standard]: 2 automatic index keys added in 0.9824309999821708ms
Opening graph in: /tmp/titan-test/standard
Testing testGettingVerticesAndEdgesWithKeyValue...
Opening graph in: /tmp/titan-test/standard
Testing testKeyIndicesConsistentWithElementRemoval...
Opening graph in: /tmp/titan-test/standard
Testing testNoConcurrentModificationException...
Opening graph in: /tmp/titan-test/standard
*** TOTAL TIME [KeyIndexableGraphTestSuite]: 935.8344890000299 ***
Testing testCompetingThreads...
Opening graph in: /tmp/titan-test/standard
Opening graph in: /tmp/titan-test/standard
Testing testCompetingThreadsOnMultipleDbInstances...
Opening graph in: /tmp/titan-test/first
Opening graph in: /tmp/titan-test/second
Testing testTrue...
Testing testRemoveInTransaction...
Opening graph in: /tmp/titan-test/standard
Testing testVertexCountOnPreTransactionCommit...
Opening graph in: /tmp/titan-test/standard
Testing testTransactionIsolationCommitCheck...
Opening graph in: /tmp/titan-test/standard
added vertex
reading vertex before tx
read vertex before tx
Testing testRepeatedTransactionStopException...
Opening graph in: /tmp/titan-test/standard
Testing testAutoStartTransaction...
Opening graph in: /tmp/titan-test/standard
Testing testTransactionsForVertices...
Opening graph in: /tmp/titan-test/standard
	titangraph[berkeleyje:/tmp/titan-test/standard]: 1 vertex not added in failed transaction in 0.6150079999351874ms
	titangraph[berkeleyje:/tmp/titan-test/standard]: 1 vertex added in successful transaction in 0.5517019999679178ms
Testing testBruteEdgeTransactions...
Opening graph in: /tmp/titan-test/standard
	titangraph[berkeleyje:/tmp/titan-test/standard]: 100 edges added in 100 successful transactions (2 vertices added for each edge) in 89.79895900003612ms
	titangraph[berkeleyje:/tmp/titan-test/standard]: 100 edges not added in 100 failed transactions (2 vertices added for each edge) in 46.183332999935374ms
	titangraph[berkeleyje:/tmp/titan-test/standard]: 100 edges added in 1 successful transactions (2 vertices added for each edge) in 37.19511199998669ms
	titangraph[berkeleyje:/tmp/titan-test/standard]: 100 edges not added in 1 failed transactions (2 vertices added for each edge) in 39.41020800010301ms
Testing testPropertyTransactions...
Opening graph in: /tmp/titan-test/standard
	titangraph[berkeleyje:/tmp/titan-test/standard]: 1 vertex added with string property in a successful transaction in 5.098519000108354ms
	titangraph[berkeleyje:/tmp/titan-test/standard]: 1 integer property not added in a failed transaction in 2.3864489999832585ms
	titangraph[berkeleyje:/tmp/titan-test/standard]: 2 vertex properties checked in a successful transaction in 0.8164580001030117ms
	titangraph[berkeleyje:/tmp/titan-test/standard]: 1 edge property added and checked in a successful transaction in 1.8002490000799298ms
	titangraph[berkeleyje:/tmp/titan-test/standard]: 1 edge property added and checked in a failed transaction in 0.541878999909386ms
Testing testIndexTransactions...
Opening graph in: /tmp/titan-test/standard
Testing testBulkTransactionsOnEdges...
Opening graph in: /tmp/titan-test/standard
Testing testBasicVertexEdgeTransactions...
Opening graph in: /tmp/titan-test/standard
Testing testBruteVertexTransactions...
Opening graph in: /tmp/titan-test/standard
	titangraph[berkeleyje:/tmp/titan-test/standard]: 100 vertices added in 100 successful transactions in 43.96065099991392ms
	titangraph[berkeleyje:/tmp/titan-test/standard]: 100 vertices not added in 100 failed transactions in 15.225011000060476ms
	titangraph[berkeleyje:/tmp/titan-test/standard]: 100 vertices added in 1 successful transactions in 8.527724000043236ms
	titangraph[berkeleyje:/tmp/titan-test/standard]: 100 vertices not added in 1 failed transactions in 5.1746539999730885ms
Testing testTransactionsForEdges...
Opening graph in: /tmp/titan-test/standard
	titangraph[berkeleyje:/tmp/titan-test/standard]: 1 edge not added in failed transaction (w/ iteration) in 3.6615839999867603ms
	titangraph[berkeleyje:/tmp/titan-test/standard]: 1 edge added in successful transaction (w/ iteration) in 1.9179190000286326ms
Testing testAutomaticSuccessfulTransactionOnShutdown...
Opening graph in: /tmp/titan-test/standard
Opening graph in: /tmp/titan-test/standard
*** TOTAL TIME [TransactionalTitanGraphTestSuite]: 2196.0589300000574 ***
Testing testVertexReattachment...
Opening graph in: /tmp/titan-test/standard
*** TOTAL TIME [TitanSpecificBlueprintsTestSuite]: 35.46119299996644 ***
Testing testReadingTinkerGraphExample3...
Opening graph in: /tmp/titan-test/standard
Testing testMigratingTinkerGraphExample3...
Opening graph in: /tmp/titan-test/standard
Testing testAllGraphMLTypeCastsAndDataMappings...
Opening graph in: /tmp/titan-test/standard
Testing testReadingTinkerGraph...
Opening graph in: /tmp/titan-test/standard
Testing testTinkerGraphEdges...
Opening graph in: /tmp/titan-test/standard
	titangraph[berkeleyje:/tmp/titan-test/standard]: graph-example-1 loaded in 42.21224500006065ms
Testing testTinkerGraphSoftwareVertices...
Opening graph in: /tmp/titan-test/standard
	titangraph[berkeleyje:/tmp/titan-test/standard]: graph-example-1 loaded in 23.417835000087507ms
Testing testTinkerGraphVertexAndEdges...
Opening graph in: /tmp/titan-test/standard
	titangraph[berkeleyje:/tmp/titan-test/standard]: graph-example-1 loaded in 15.972343000001274ms
Testing testTinkerGraphVertices...
Opening graph in: /tmp/titan-test/standard
	titangraph[berkeleyje:/tmp/titan-test/standard]: graph-example-1 loaded in 15.830704999971204ms
Testing testReadingTinkerGraphExample3MappingIDs...
Opening graph in: /tmp/titan-test/standard
	titangraph[berkeleyje:/tmp/titan-test/standard]: graph-example-3 loaded in 19.623660000041127ms
Testing testReadingTinkerGraphExample3MappingAll...
Opening graph in: /tmp/titan-test/standard
	titangraph[berkeleyje:/tmp/titan-test/standard]: graph-example-3 loaded in 17.94325199990999ms
Testing testReadingTinkerGraphExample3MappingLabels...
Opening graph in: /tmp/titan-test/standard
	titangraph[berkeleyje:/tmp/titan-test/standard]: graph-example-3 loaded in 18.73258499999065ms
*** TOTAL TIME [GraphMLReaderTestSuite]: 703.2919559999136 ***
Testing testReadingTinkerGraph...
Opening graph in: /tmp/titan-test/standard
Testing testTinkerGraphEdges...
Opening graph in: /tmp/titan-test/standard
	titangraph[berkeleyje:/tmp/titan-test/standard]: graph-example-1 loaded in 286.06394799996633ms
Testing testTinkerGraphSoftwareVertices...
Opening graph in: /tmp/titan-test/standard
	titangraph[berkeleyje:/tmp/titan-test/standard]: graph-example-1 loaded in 12.602738999994472ms
Testing testTinkerGraphVertexAndEdges...
Opening graph in: /tmp/titan-test/standard
	titangraph[berkeleyje:/tmp/titan-test/standard]: graph-example-1 loaded in 12.363514000084251ms
Testing testTinkerGraphVertices...
Opening graph in: /tmp/titan-test/standard
	titangraph[berkeleyje:/tmp/titan-test/standard]: graph-example-1 loaded in 12.329619999974966ms
*** TOTAL TIME [GraphSONReaderTestSuite]: 503.9046190000372 ***
Testing testReadingTinkerGraphExample3...
Opening graph in: /tmp/titan-test/standard
Testing testMigratingTinkerGraphExample3...
Opening graph in: /tmp/titan-test/standard
Testing testReadingTinkerGraph...
Opening graph in: /tmp/titan-test/standard
Testing testTinkerGraphEdges...
Opening graph in: /tmp/titan-test/standard
	titangraph[berkeleyje:/tmp/titan-test/standard]: graph-example-1 loaded in 14.843786000041291ms
Testing testTinkerGraphSoftwareVertices...
Opening graph in: /tmp/titan-test/standard
	titangraph[berkeleyje:/tmp/titan-test/standard]: graph-example-1 loaded in 11.77040100004524ms
Testing testTinkerGraphVertexAndEdges...
Opening graph in: /tmp/titan-test/standard
	titangraph[berkeleyje:/tmp/titan-test/standard]: graph-example-1 loaded in 11.759325999999419ms
Testing testTinkerGraphVertices...
Opening graph in: /tmp/titan-test/standard
	titangraph[berkeleyje:/tmp/titan-test/standard]: graph-example-1 loaded in 11.645131999976002ms
Testing testReadingTinkerGraphExample3MappingIDs...
Opening graph in: /tmp/titan-test/standard
	titangraph[berkeleyje:/tmp/titan-test/standard]: graph-example-3 loaded in 13.401354999979958ms
Testing testReadingTinkerGraphExample3MappingAll...
Opening graph in: /tmp/titan-test/standard
	titangraph[berkeleyje:/tmp/titan-test/standard]: graph-example-3 loaded in 17.37229200010188ms
Testing testReadingTinkerGraphExample3MappingLabels...
Opening graph in: /tmp/titan-test/standard
	titangraph[berkeleyje:/tmp/titan-test/standard]: graph-example-3 loaded in 13.230808999971487ms
*** TOTAL TIME [GMLReaderTestSuite]: 476.41751399997156 ***
Tests run: 10, Failures: 0, Errors: 0, Skipped: 0, Time elapsed: 25.853 sec
Running com.thinkaurelius.titan.graphdb.berkeleyje.ElasticSearchBerkeleyDBTest
Tests run: 2, Failures: 0, Errors: 0, Skipped: 0, Time elapsed: 11.561 sec
Running com.thinkaurelius.titan.diskstorage.berkeleyje.BerkeleyJEKeyValueTest
Tests run: 7, Failures: 0, Errors: 0, Skipped: 0, Time elapsed: 1.541 sec
Running com.thinkaurelius.titan.diskstorage.berkeleyje.BerkeleyDBjeKeyColumnValueTest
Loading time (ms): 3102
Reading time (ms): 471
Tests run: 17, Failures: 0, Errors: 0, Skipped: 0, Time elapsed: 15.1 sec

Results :

Tests run: 90, Failures: 0, Errors: 0, Skipped: 0

[INFO]                                                                         
[INFO] ------------------------------------------------------------------------
[INFO] Building Titan-Cassandra: Distributed Graph Database 0.4.0-SNAPSHOT
[INFO] ------------------------------------------------------------------------
[INFO] 
[INFO] --- maven-enforcer-plugin:1.0:enforce (enforce-maven) @ titan-cassandra ---
[INFO] 
[INFO] --- maven-resources-plugin:2.5:resources (default-resources) @ titan-cassandra ---
[debug] execute contextualize
[INFO] Using 'UTF-8' encoding to copy filtered resources.
[INFO] Copying 2 resources
[INFO] 
[INFO] --- maven-compiler-plugin:2.5.1:compile (default-compile) @ titan-cassandra ---
[INFO] Nothing to compile - all classes are up to date
[INFO] 
[INFO] --- maven-resources-plugin:2.5:testResources (default-testResources) @ titan-cassandra ---
[debug] execute contextualize
[INFO] Using 'UTF-8' encoding to copy filtered resources.
[INFO] Copying 2 resources
[INFO] 
[INFO] --- maven-resources-plugin:2.5:copy-resources (copy-resources-127.0.0.1) @ titan-cassandra ---
[debug] execute contextualize
[INFO] Using 'UTF-8' encoding to copy filtered resources.
[INFO] Copying 7 resources
[INFO] 
[INFO] --- maven-compiler-plugin:2.5.1:testCompile (default-testCompile) @ titan-cassandra ---
[INFO] Nothing to compile - all classes are up to date
[INFO] 
[INFO] --- maven-surefire-plugin:2.12.1:test (default-test) @ titan-cassandra ---
[INFO] Surefire report directory: /home/travis/build/thinkaurelius/titan/titan-cassandra/target/surefire-reports

-------------------------------------------------------
 T E S T S
-------------------------------------------------------

-------------------------------------------------------
 T E S T S
-------------------------------------------------------
Running com.thinkaurelius.titan.diskstorage.cassandra.embedded.InternalCassandraEmbeddedKeyColumnValueTest
Loading time (ms): 866
Reading time (ms): 6661
Tests run: 18, Failures: 0, Errors: 0, Skipped: 0, Time elapsed: 38.283 sec
Running com.thinkaurelius.titan.diskstorage.cassandra.thrift.InternalCassandraThriftMultiWriteKeyColumnValueStoreTest
Tests run: 2, Failures: 0, Errors: 0, Skipped: 0, Time elapsed: 37.836 sec
Running com.thinkaurelius.titan.blueprints.EmbeddedCassandraBlueprintsTest
Testing testVertexEqualityForSuppliedIdsAndHashCode...
Testing testBasicAddVertex...
Testing testGetVertexWithNull...
Testing testRemoveVertex...
Testing testRemoveVertexWithEdges...
Testing testGetNonExistantVertices...
Testing testRemoveVertexNullId...
	titangraph[embeddedcassandra:null]: 100 vertices added in 17.647569000022486ms
	titangraph[embeddedcassandra:null]: 100 vertices removed in 15.904566000099294ms
Testing testVertexIterator...
	titangraph[embeddedcassandra:null]: 1000 vertices added in 774.9735130000627ms
	titangraph[embeddedcassandra:null]: 1000 vertices counted in 7.916664999909699ms
Testing testLegalVertexEdgeIterables...
Testing testAddVertexProperties...
Testing testAddManyVertexProperties...
	titangraph[embeddedcassandra:null]: 750 vertex properties added (with vertices being added too) in 19819.721015000017ms
Testing testRemoveVertexProperties...
Testing testAddingIdProperty...
Testing testNoConcurrentModificationException...
Testing testGettingEdgesAndVertices...
Testing testEmptyKeyProperty...
Testing testVertexCentricLinking...
Testing testVertexCentricRemoving...
Testing testConcurrentModificationOnProperties...
Testing testSettingBadVertexProperties...
Testing testVertexEquality...
	titangraph[embeddedcassandra:null]: 1 vertex added and retrieved in 605.3373359999387ms
*** TOTAL TIME [VertexTestSuite]: 60933.09767799999 ***
Testing testEdgeEquality...
Testing testAddEdges...
	titangraph[embeddedcassandra:null]: 6 elements added and checked in 917.3455130000366ms
Testing testNoConcurrentModificationException...
Testing testEmptyKeyProperty...
Testing testSettingBadVertexProperties...
Testing testAddManyEdges...
	titangraph[embeddedcassandra:null]: 300 elements added in 3343.6823720000684ms
	titangraph[embeddedcassandra:null]: 100 edges counted in 4.398041000007652ms
	titangraph[embeddedcassandra:null]: 200 vertices counted in 1.6934560000663623ms
	titangraph[embeddedcassandra:null]: 200 vertices checked in 9.994524000096135ms
Testing testGetEdges...
	titangraph[embeddedcassandra:null]: 3 edges retrieved in 1.9032199999783188ms
Testing testGetNonExistantEdges...
Testing testRemoveManyEdges...
	titangraph[embeddedcassandra:null]: 20 vertices counted in 1.0053709999192506ms
	titangraph[embeddedcassandra:null]: 10 edges counted in 1.0944240000098944ms
	titangraph[embeddedcassandra:null]: 10 edges removed and graph checked in 23.69461400003638ms
Testing testAddingDuplicateEdges...
Testing testRemoveEdgesByRemovingVertex...
Testing testRemoveEdges...
Testing testAddingSelfLoops...
Testing testRemoveSelfLoops...
Testing testEdgeIterator...
Testing testAddingRemovingEdgeProperties...
Testing testAddingLabelAndIdProperty...
Testing testEdgeCentricRemoving...
*** TOTAL TIME [EdgeTestSuite]: 38015.732907 ***
Testing testFeatureCompliance...
supportsDuplicateEdges: true
supportsSelfLoops: true
supportsSerializableObjectProperty: true
supportsBooleanProperty: true
supportsDoubleProperty: true
supportsFloatProperty: true
supportsIntegerProperty: true
supportsPrimitiveArrayProperty: true
supportsUniformListProperty: true
supportsMixedListProperty: true
supportsLongProperty: true
supportsMapProperty: true
supportsStringProperty: true
ignoresSuppliedIds: true
isPersistent: true
isRDFModel: false
isWrapper: false
supportsIndices: false
supportsVertexIndex: false
supportsEdgeIndex: false
supportsKeyIndices: true
supportsVertexKeyIndex: true
supportsEdgeKeyIndex: true
supportsEdgeIteration: true
supportsVertexIteration: true
supportsEdgeRetrieval: true
supportsVertexProperties: true
supportsEdgeProperties: true
supportsTransactions: true
supportsThreadedTransactions: true
Testing testEmptyOnConstruction...
Testing testStringRepresentationOfVertexId...
Testing testSemanticallyCorrectIterables...
Testing testVertexEdgeLabels...
Testing testVertexEdgeLabels2...
Testing testTreeConnectivity...
	titangraph[embeddedcassandra:null]: 1464 vertices added in a tree structure in 1246.7766450000927ms
	titangraph[embeddedcassandra:null]: 1464 vertices iterated in 5.985040999948978ms
	titangraph[embeddedcassandra:null]: 1463 edges iterated in 42.90685100003611ms
Testing testConcurrentModification...
Testing testGraphDataPersists...
	titangraph[embeddedcassandra:null]: 1 graph loaded in 164.7380300000077ms
Testing testAutotypingOfProperties...
Testing testGettingVerticesAndEdgesWithKeyValue...
Testing testAddingVerticesAndEdges...
Testing testSettingProperties...
Testing testSimpleRemovingVerticesEdges...
Testing testRemovingEdges...
	titangraph[embeddedcassandra:null]: 100 vertices added in 635.0581409999868ms
	titangraph[embeddedcassandra:null]: 200 edges added in 5174.191757000051ms
	titangraph[embeddedcassandra:null]: 200 edges deleted (with size check on each delete) in 592.5871909999987ms
Testing testRemovingVertices...
	titangraph[embeddedcassandra:null]: 500 vertices added in 622.1266320000868ms
	titangraph[embeddedcassandra:null]: 250 edges added in 6397.290671000024ms
	titangraph[embeddedcassandra:null]: 500 vertices deleted (with size check on each delete) in 754.1310170000652ms
Testing testConnectivityPatterns...
*** TOTAL TIME [GraphTestSuite]: 49576.376080999966 ***
Testing testGraphQueryForVertices...
Testing testGraphQueryForEdges...
Testing testVertexQuery...
*** TOTAL TIME [QueryTestSuite]: 7630.26486799994 ***
Testing testNoConcurrentModificationException...
Testing testGettingVerticesAndEdgesWithKeyValue...
Testing testAutoIndexKeyManagementWithPersistence...
	titangraph[embeddedcassandra:null]: 2 automatic index keys added in 608.0985230000224ms
	titangraph[embeddedcassandra:null]: 2 automatic index keys added in 2.2125199999427423ms
Testing testKeyIndicesConsistentWithElementRemoval...
*** TOTAL TIME [KeyIndexableGraphTestSuite]: 12376.311158000026 ***
Testing testCompetingThreads...
Testing testRepeatedTransactionStopException...
Testing testTrue...
Testing testAutoStartTransaction...
Testing testTransactionsForVertices...
	titangraph[embeddedcassandra:null]: 1 vertex not added in failed transaction in 3.069681000080891ms
	titangraph[embeddedcassandra:null]: 1 vertex added in successful transaction in 1.5342820000369102ms
Testing testBasicVertexEdgeTransactions...
Testing testBruteVertexTransactions...
	titangraph[embeddedcassandra:null]: 100 vertices added in 100 successful transactions in 654.278270999901ms
	titangraph[embeddedcassandra:null]: 100 vertices not added in 100 failed transactions in 21.943142000003718ms
	titangraph[embeddedcassandra:null]: 100 vertices added in 1 successful transactions in 27.69611200003419ms
	titangraph[embeddedcassandra:null]: 100 vertices not added in 1 failed transactions in 34.653833999997005ms
Testing testTransactionsForEdges...
	titangraph[embeddedcassandra:null]: 1 edge not added in failed transaction (w/ iteration) in 309.0626910000574ms
	titangraph[embeddedcassandra:null]: 1 edge added in successful transaction (w/ iteration) in 108.9815289999824ms
Testing testBruteEdgeTransactions...
	titangraph[embeddedcassandra:null]: 100 edges added in 100 successful transactions (2 vertices added for each edge) in 1128.8042499999283ms
	titangraph[embeddedcassandra:null]: 100 edges not added in 100 failed transactions (2 vertices added for each edge) in 86.5993020000169ms
	titangraph[embeddedcassandra:null]: 100 edges added in 1 successful transactions (2 vertices added for each edge) in 84.66356099990662ms
	titangraph[embeddedcassandra:null]: 100 edges not added in 1 failed transactions (2 vertices added for each edge) in 115.9969389999751ms
Testing testPropertyTransactions...
	titangraph[embeddedcassandra:null]: 1 vertex added with string property in a successful transaction in 1016.3343289999757ms
	titangraph[embeddedcassandra:null]: 1 integer property not added in a failed transaction in 5.541588000021875ms
	titangraph[embeddedcassandra:null]: 2 vertex properties checked in a successful transaction in 2.2126149999676272ms
	titangraph[embeddedcassandra:null]: 1 edge property added and checked in a successful transaction in 106.42061000003014ms
	titangraph[embeddedcassandra:null]: 1 edge property added and checked in a failed transaction in 1.2976209999760613ms
Testing testIndexTransactions...
Testing testAutomaticSuccessfulTransactionOnShutdown...
Testing testVertexCountOnPreTransactionCommit...
Testing testBulkTransactionsOnEdges...
Testing testTransactionIsolationCommitCheck...
added vertex
reading vertex before tx
read vertex before tx
Testing testRemoveInTransaction...
*** TOTAL TIME [TransactionalTitanGraphTestSuite]: 34546.52909600001 ***
Testing testVertexReattachment...
*** TOTAL TIME [TitanSpecificBlueprintsTestSuite]: 3828.048470000038 ***
Testing testReadingTinkerGraph...
Testing testTinkerGraphEdges...
	titangraph[embeddedcassandra:null]: graph-example-1 loaded in 1635.2082810000284ms
Testing testTinkerGraphVertices...
	titangraph[embeddedcassandra:null]: graph-example-1 loaded in 1038.0658330000006ms
Testing testTinkerGraphSoftwareVertices...
	titangraph[embeddedcassandra:null]: graph-example-1 loaded in 1037.93554700003ms
Testing testTinkerGraphVertexAndEdges...
	titangraph[embeddedcassandra:null]: graph-example-1 loaded in 1038.790927000111ms
Testing testReadingTinkerGraphExample3...
Testing testReadingTinkerGraphExample3MappingLabels...
	titangraph[embeddedcassandra:null]: graph-example-3 loaded in 1041.4026490000542ms
Testing testReadingTinkerGraphExample3MappingIDs...
	titangraph[embeddedcassandra:null]: graph-example-3 loaded in 1039.8245779999997ms
Testing testReadingTinkerGraphExample3MappingAll...
	titangraph[embeddedcassandra:null]: graph-example-3 loaded in 1036.7762240001466ms
Testing testMigratingTinkerGraphExample3...
Testing testAllGraphMLTypeCastsAndDataMappings...
*** TOTAL TIME [GraphMLReaderTestSuite]: 18557.635766999912 ***
Testing testReadingTinkerGraph...
Testing testTinkerGraphEdges...
	titangraph[embeddedcassandra:null]: graph-example-1 loaded in 1379.7651820001192ms
Testing testTinkerGraphVertices...
	titangraph[embeddedcassandra:null]: graph-example-1 loaded in 1032.1873780000024ms
Testing testTinkerGraphSoftwareVertices...
	titangraph[embeddedcassandra:null]: graph-example-1 loaded in 1031.8923799998593ms
Testing testTinkerGraphVertexAndEdges...
	titangraph[embeddedcassandra:null]: graph-example-1 loaded in 1031.8582280001137ms
*** TOTAL TIME [GraphSONReaderTestSuite]: 7273.4623060000595 ***
Testing testReadingTinkerGraph...
Testing testTinkerGraphEdges...
	titangraph[embeddedcassandra:null]: graph-example-1 loaded in 1039.3595810001716ms
Testing testTinkerGraphVertices...
	titangraph[embeddedcassandra:null]: graph-example-1 loaded in 1029.014182999963ms
Testing testTinkerGraphSoftwareVertices...
	titangraph[embeddedcassandra:null]: graph-example-1 loaded in 1056.5971480000298ms
Testing testTinkerGraphVertexAndEdges...
	titangraph[embeddedcassandra:null]: graph-example-1 loaded in 1029.6466090001632ms
Testing testReadingTinkerGraphExample3...
Testing testReadingTinkerGraphExample3MappingLabels...
	titangraph[embeddedcassandra:null]: graph-example-3 loaded in 1034.1660210001282ms
Testing testReadingTinkerGraphExample3MappingIDs...
	titangraph[embeddedcassandra:null]: graph-example-3 loaded in 1034.0775650001597ms
Testing testReadingTinkerGraphExample3MappingAll...
	titangraph[embeddedcassandra:null]: graph-example-3 loaded in 1057.1746529999655ms
Testing testMigratingTinkerGraphExample3...
*** TOTAL TIME [GMLReaderTestSuite]: 13449.426393000176 ***
Tests run: 10, Failures: 0, Errors: 0, Skipped: 0, Time elapsed: 246.306 sec
Running com.thinkaurelius.titan.diskstorage.cassandra.UUIDTest
Tests run: 1, Failures: 0, Errors: 0, Skipped: 0, Time elapsed: 1.012 sec
Running com.thinkaurelius.titan.diskstorage.cassandra.embedded.InternalCassandraEmbeddedMultiWriteKeyColumnValueStoreTest
Tests run: 2, Failures: 0, Errors: 0, Skipped: 0, Time elapsed: 19.342 sec
Running com.thinkaurelius.titan.graphdb.astyanax.InternalAstyanaxGraphTest
Tests run: 19, Failures: 0, Errors: 0, Skipped: 0, Time elapsed: 61.943 sec
Running com.thinkaurelius.titan.tinkerpop.rexster.RexsterServerClientCassandraEmbeddedTest
May 02, 2013 4:55:42 PM org.glassfish.grizzly.servlet.WebappContext deploy
INFO: Starting application [jersey] ...
May 02, 2013 4:55:42 PM com.sun.jersey.server.impl.application.WebApplicationImpl _initiate
INFO: Initiating Jersey application, version 'Jersey: 1.17 01/17/2013 03:31 PM'
May 02, 2013 4:55:44 PM org.glassfish.grizzly.servlet.WebappContext initServlets
INFO: [jersey] Servlet [com.sun.jersey.spi.container.servlet.ServletContainer] registered for url pattern(s) [[/*]].
May 02, 2013 4:55:44 PM org.glassfish.grizzly.servlet.WebappContext deploy
INFO: Application [jersey] is ready to service requests.  Root: [].
May 02, 2013 4:55:44 PM org.glassfish.grizzly.http.server.NetworkListener start
INFO: Started listener bound to [0.0.0.0:8182]
May 02, 2013 4:55:44 PM org.glassfish.grizzly.http.server.HttpServer start
INFO: [HttpServer] Started.
May 02, 2013 4:55:46 PM org.glassfish.grizzly.http.server.NetworkListener stop
INFO: Stopped listener bound to [0.0.0.0:8182]
Tests run: 1, Failures: 0, Errors: 0, Skipped: 0, Time elapsed: 19.68 sec
Running com.thinkaurelius.titan.graphdb.thrift.InternalCassandraGraphTest
Tests run: 19, Failures: 0, Errors: 0, Skipped: 0, Time elapsed: 51.872 sec
Running com.thinkaurelius.titan.diskstorage.cassandra.thrift.InternalCassandraThriftKeyColumnValueTest
Loading time (ms): 1173
Reading time (ms): 10517
Tests run: 18, Failures: 0, Errors: 0, Skipped: 0, Time elapsed: 86.609 sec
Running com.thinkaurelius.titan.diskstorage.cassandra.astyanax.InternalAstyanaxLockKeyColumnValueStoreTest
Tests run: 14, Failures: 0, Errors: 0, Skipped: 0, Time elapsed: 41.297 sec
Running com.thinkaurelius.titan.diskstorage.cassandra.thrift.InternalCassandraLockKeyColumnValueStoreTest
Tests run: 14, Failures: 0, Errors: 0, Skipped: 0, Time elapsed: 25.262 sec
Running com.thinkaurelius.titan.diskstorage.cassandra.astyanax.InternalAstyanaxMultiWriteKeyColumnValueTest
Tests run: 2, Failures: 0, Errors: 0, Skipped: 0, Time elapsed: 33.857 sec
Running com.thinkaurelius.titan.blueprints.InternalCassandraBlueprintsTest
Testing testVertexEquality...
	titangraph[cassandra:null]: 1 vertex added and retrieved in 740.1253559999168ms
Testing testVertexEqualityForSuppliedIdsAndHashCode...
Testing testBasicAddVertex...
Testing testGetVertexWithNull...
Testing testRemoveVertex...
Testing testRemoveVertexWithEdges...
Testing testGetNonExistantVertices...
Testing testRemoveVertexNullId...
	titangraph[cassandra:null]: 100 vertices added in 20.963239000178874ms
	titangraph[cassandra:null]: 100 vertices removed in 18.964122999925166ms
Testing testVertexIterator...
	titangraph[cassandra:null]: 1000 vertices added in 776.6310730001424ms
	titangraph[cassandra:null]: 1000 vertices counted in 9.695221999892965ms
Testing testLegalVertexEdgeIterables...
Testing testAddVertexProperties...
Testing testAddManyVertexProperties...
	titangraph[cassandra:null]: 750 vertex properties added (with vertices being added too) in 20039.177634999854ms
Testing testRemoveVertexProperties...
Testing testAddingIdProperty...
Testing testNoConcurrentModificationException...
Testing testGettingEdgesAndVertices...
Testing testEmptyKeyProperty...
Testing testVertexCentricLinking...
Testing testVertexCentricRemoving...
Testing testConcurrentModificationOnProperties...
Testing testSettingBadVertexProperties...
*** TOTAL TIME [VertexTestSuite]: 74127.48619000008 ***
Testing testEdgeEquality...
Testing testAddEdges...
	titangraph[cassandra:null]: 6 elements added and checked in 923.4662770000286ms
Testing testNoConcurrentModificationException...
Testing testEmptyKeyProperty...
Testing testSettingBadVertexProperties...
Testing testAddManyEdges...
	titangraph[cassandra:null]: 300 elements added in 3366.8072989999782ms
	titangraph[cassandra:null]: 100 edges counted in 5.537554000038654ms
	titangraph[cassandra:null]: 200 vertices counted in 2.2262280001305044ms
	titangraph[cassandra:null]: 200 vertices checked in 10.949187000049278ms
Testing testGetEdges...
	titangraph[cassandra:null]: 3 edges retrieved in 2.24231499992311ms
Testing testGetNonExistantEdges...
Testing testRemoveManyEdges...
	titangraph[cassandra:null]: 20 vertices counted in 1.535749000031501ms
	titangraph[cassandra:null]: 10 edges counted in 1.4982090000994503ms
	titangraph[cassandra:null]: 10 edges removed and graph checked in 32.477341999998316ms
Testing testAddingDuplicateEdges...
Testing testRemoveEdgesByRemovingVertex...
Testing testRemoveEdges...
Testing testAddingSelfLoops...
Testing testRemoveSelfLoops...
Testing testEdgeIterator...
Testing testAddingRemovingEdgeProperties...
Testing testAddingLabelAndIdProperty...
Testing testEdgeCentricRemoving...
*** TOTAL TIME [EdgeTestSuite]: 30233.032791000092 ***
Testing testFeatureCompliance...
supportsDuplicateEdges: true
supportsSelfLoops: true
supportsSerializableObjectProperty: true
supportsBooleanProperty: true
supportsDoubleProperty: true
supportsFloatProperty: true
supportsIntegerProperty: true
supportsPrimitiveArrayProperty: true
supportsUniformListProperty: true
supportsMixedListProperty: true
supportsLongProperty: true
supportsMapProperty: true
supportsStringProperty: true
ignoresSuppliedIds: true
isPersistent: true
isRDFModel: false
isWrapper: false
supportsIndices: false
supportsVertexIndex: false
supportsEdgeIndex: false
supportsKeyIndices: true
supportsVertexKeyIndex: true
supportsEdgeKeyIndex: true
supportsEdgeIteration: true
supportsVertexIteration: true
supportsEdgeRetrieval: true
supportsVertexProperties: true
supportsEdgeProperties: true
supportsTransactions: true
supportsThreadedTransactions: true
Testing testEmptyOnConstruction...
Testing testStringRepresentationOfVertexId...
Testing testSemanticallyCorrectIterables...
Testing testRemovingVertices...
	titangraph[cassandra:null]: 500 vertices added in 656.458420000039ms
	titangraph[cassandra:null]: 250 edges added in 6442.529037999921ms
	titangraph[cassandra:null]: 500 vertices deleted (with size check on each delete) in 1251.3699870000128ms
Testing testConnectivityPatterns...
Testing testVertexEdgeLabels...
Testing testVertexEdgeLabels2...
Testing testTreeConnectivity...
	titangraph[cassandra:null]: 1464 vertices added in a tree structure in 1263.0818379998673ms
	titangraph[cassandra:null]: 1464 vertices iterated in 2.4929270001593977ms
	titangraph[cassandra:null]: 1463 edges iterated in 40.31716400012374ms
Testing testConcurrentModification...
Testing testGraphDataPersists...
	titangraph[cassandra:null]: 1 graph loaded in 17.904093000106514ms
Testing testAutotypingOfProperties...
Testing testGettingVerticesAndEdgesWithKeyValue...
Testing testAddingVerticesAndEdges...
Testing testSettingProperties...
Testing testSimpleRemovingVerticesEdges...
Testing testRemovingEdges...
	titangraph[cassandra:null]: 100 vertices added in 614.6760620002169ms
	titangraph[cassandra:null]: 200 edges added in 5194.755005999934ms
	titangraph[cassandra:null]: 200 edges deleted (with size check on each delete) in 540.3373760001268ms
*** TOTAL TIME [GraphTestSuite]: 48251.9515829999 ***
Testing testGraphQueryForVertices...
Testing testGraphQueryForEdges...
Testing testVertexQuery...
*** TOTAL TIME [QueryTestSuite]: 7329.681504999986 ***
Testing testNoConcurrentModificationException...
Testing testGettingVerticesAndEdgesWithKeyValue...
Testing testAutoIndexKeyManagementWithPersistence...
	titangraph[cassandra:null]: 2 automatic index keys added in 612.4119509998709ms
	titangraph[cassandra:null]: 2 automatic index keys added in 3.4503090002108365ms
Testing testKeyIndicesConsistentWithElementRemoval...
*** TOTAL TIME [KeyIndexableGraphTestSuite]: 6366.036121999845 ***
Testing testCompetingThreads...
Testing testRepeatedTransactionStopException...
Testing testTrue...
Testing testAutoStartTransaction...
Testing testTransactionsForVertices...
	titangraph[cassandra:null]: 1 vertex not added in failed transaction in 3.3653270001523197ms
	titangraph[cassandra:null]: 1 vertex added in successful transaction in 2.0553859998472035ms
Testing testBasicVertexEdgeTransactions...
Testing testBruteVertexTransactions...
	titangraph[cassandra:null]: 100 vertices added in 100 successful transactions in 676.8835459998809ms
	titangraph[cassandra:null]: 100 vertices not added in 100 failed transactions in 22.976159000070766ms
	titangraph[cassandra:null]: 100 vertices added in 1 successful transactions in 38.4318009999115ms
	titangraph[cassandra:null]: 100 vertices not added in 1 failed transactions in 53.36558199999854ms
Testing testTransactionsForEdges...
	titangraph[cassandra:null]: 1 edge not added in failed transaction (w/ iteration) in 314.23988799983636ms
	titangraph[cassandra:null]: 1 edge added in successful transaction (w/ iteration) in 112.51824499992654ms
Testing testBruteEdgeTransactions...
	titangraph[cassandra:null]: 100 edges added in 100 successful transactions (2 vertices added for each edge) in 1201.2913110000081ms
	titangraph[cassandra:null]: 100 edges not added in 100 failed transactions (2 vertices added for each edge) in 112.3402140000835ms
	titangraph[cassandra:null]: 100 edges added in 1 successful transactions (2 vertices added for each edge) in 148.31142699997872ms
	titangraph[cassandra:null]: 100 edges not added in 1 failed transactions (2 vertices added for each edge) in 197.55739199998789ms
Testing testPropertyTransactions...
	titangraph[cassandra:null]: 1 vertex added with string property in a successful transaction in 1028.833849000046ms
	titangraph[cassandra:null]: 1 integer property not added in a failed transaction in 6.440135000040755ms
	titangraph[cassandra:null]: 2 vertex properties checked in a successful transaction in 2.5538820000365376ms
	titangraph[cassandra:null]: 1 edge property added and checked in a successful transaction in 107.40189099987037ms
	titangraph[cassandra:null]: 1 edge property added and checked in a failed transaction in 1.5754639999940991ms
Testing testIndexTransactions...
Testing testAutomaticSuccessfulTransactionOnShutdown...
Testing testVertexCountOnPreTransactionCommit...
Testing testBulkTransactionsOnEdges...
Testing testTransactionIsolationCommitCheck...
added vertex
reading vertex before tx
read vertex before tx
Testing testRemoveInTransaction...
*** TOTAL TIME [TransactionalTitanGraphTestSuite]: 43720.55667599989 ***
Testing testVertexReattachment...
*** TOTAL TIME [TitanSpecificBlueprintsTestSuite]: 5888.480893000029 ***
Testing testReadingTinkerGraph...
Testing testTinkerGraphEdges...
	titangraph[cassandra:null]: graph-example-1 loaded in 1436.8484410000965ms
Testing testTinkerGraphVertices...
	titangraph[cassandra:null]: graph-example-1 loaded in 1047.34088100004ms
Testing testTinkerGraphSoftwareVertices...
	titangraph[cassandra:null]: graph-example-1 loaded in 1049.5744519999716ms
Testing testTinkerGraphVertexAndEdges...
	titangraph[cassandra:null]: graph-example-1 loaded in 1064.0409780000336ms
Testing testReadingTinkerGraphExample3...
Testing testReadingTinkerGraphExample3MappingLabels...
	titangraph[cassandra:null]: graph-example-3 loaded in 1054.2852439999115ms
Testing testReadingTinkerGraphExample3MappingIDs...
	titangraph[cassandra:null]: graph-example-3 loaded in 1055.8260480000172ms
Testing testReadingTinkerGraphExample3MappingAll...
	titangraph[cassandra:null]: graph-example-3 loaded in 1050.049622000195ms
Testing testMigratingTinkerGraphExample3...
Testing testAllGraphMLTypeCastsAndDataMappings...
*** TOTAL TIME [GraphMLReaderTestSuite]: 15227.08972300007 ***
Testing testReadingTinkerGraph...
Testing testTinkerGraphEdges...
	titangraph[cassandra:null]: graph-example-1 loaded in 1348.5528580001555ms
Testing testTinkerGraphVertices...
	titangraph[cassandra:null]: graph-example-1 loaded in 1046.039477000013ms
Testing testTinkerGraphSoftwareVertices...
	titangraph[cassandra:null]: graph-example-1 loaded in 1043.9074250000995ms
Testing testTinkerGraphVertexAndEdges...
	titangraph[cassandra:null]: graph-example-1 loaded in 1041.1081199999899ms
*** TOTAL TIME [GraphSONReaderTestSuite]: 6369.383436000207 ***
Testing testReadingTinkerGraph...
Testing testTinkerGraphEdges...
	titangraph[cassandra:null]: graph-example-1 loaded in 1046.641346000135ms
Testing testTinkerGraphVertices...
	titangraph[cassandra:null]: graph-example-1 loaded in 1043.9884929999243ms
Testing testTinkerGraphSoftwareVertices...
	titangraph[cassandra:null]: graph-example-1 loaded in 1043.192039999878ms
Testing testTinkerGraphVertexAndEdges...
	titangraph[cassandra:null]: graph-example-1 loaded in 1121.900309999939ms
Testing testReadingTinkerGraphExample3...
Testing testReadingTinkerGraphExample3MappingLabels...
	titangraph[cassandra:null]: graph-example-3 loaded in 1047.4422349999659ms
Testing testReadingTinkerGraphExample3MappingIDs...
	titangraph[cassandra:null]: graph-example-3 loaded in 1049.7677599999588ms
Testing testReadingTinkerGraphExample3MappingAll...
	titangraph[cassandra:null]: graph-example-3 loaded in 1043.7469450000208ms
Testing testMigratingTinkerGraphExample3...
*** TOTAL TIME [GMLReaderTestSuite]: 10890.216144999955 ***
Tests run: 10, Failures: 0, Errors: 0, Skipped: 0, Time elapsed: 248.551 sec
Running com.thinkaurelius.titan.graphdb.embedded.InternalCassandraEmbeddedGraphTest
Tests run: 19, Failures: 0, Errors: 0, Skipped: 0, Time elapsed: 49.286 sec
Running com.thinkaurelius.titan.diskstorage.cassandra.astyanax.InternalAstyanaxKeyColumnValueTest
Loading time (ms): 1122
Reading time (ms): 12164
Tests run: 18, Failures: 0, Errors: 0, Skipped: 0, Time elapsed: 79.478 sec
Running com.thinkaurelius.titan.diskstorage.cassandra.embedded.InternalCassandraEmbeddedLockKeyColumnValueStoreTest
Tests run: 14, Failures: 0, Errors: 0, Skipped: 0, Time elapsed: 34.031 sec

Results :

Tests run: 181, Failures: 0, Errors: 0, Skipped: 0

[INFO]                                                                         
[INFO] ------------------------------------------------------------------------
[INFO] Building Titan-HBase: Distributed Graph Database 0.4.0-SNAPSHOT
[INFO] ------------------------------------------------------------------------
[INFO] 
[INFO] --- maven-enforcer-plugin:1.0:enforce (enforce-maven) @ titan-hbase ---
[INFO] 
[INFO] --- maven-resources-plugin:2.3:resources (default-resources) @ titan-hbase ---
[INFO] Using 'UTF-8' encoding to copy filtered resources.
[INFO] Copying 2 resources
[INFO] 
[INFO] --- maven-compiler-plugin:2.5.1:compile (default-compile) @ titan-hbase ---
[INFO] Nothing to compile - all classes are up to date
[INFO] 
[INFO] --- maven-resources-plugin:2.3:testResources (default-testResources) @ titan-hbase ---
[INFO] Using 'UTF-8' encoding to copy filtered resources.
[INFO] Copying 2 resources
[INFO] 
[INFO] --- maven-compiler-plugin:2.5.1:testCompile (default-testCompile) @ titan-hbase ---
[INFO] Nothing to compile - all classes are up to date
[INFO] 
[INFO] --- maven-dependency-plugin:2.7:copy-dependencies (default) @ titan-hbase ---
[INFO] grizzly-http-2.2.16.jar already exists in destination.
[INFO] oro-2.0.8.jar already exists in destination.
[INFO] pfl-tf-1.0.0-b001.jar already exists in destination.
[INFO] stax-api-1.0.1.jar already exists in destination.
[INFO] commons-net-1.4.1.jar already exists in destination.
[INFO] json-simple-1.1.jar already exists in destination.
[INFO] metrics-core-2.1.2.jar already exists in destination.
[INFO] pfl-basic-tools-1.0.0-b001.jar already exists in destination.
[INFO] concurrent-1.3.4.jar already exists in destination.
[INFO] pipes-2.3.0.jar already exists in destination.
[INFO] httpcore-4.1.3.jar already exists in destination.
[INFO] hadoop-core-1.0.3.jar already exists in destination.
[INFO] gremlin-groovy-2.3.0.jar already exists in destination.
[INFO] groovy-1.8.9.jar already exists in destination.
[INFO] jline-0.9.94.jar already exists in destination.
[INFO] commons-beanutils-1.7.0.jar already exists in destination.
[INFO] jackson-datatype-json-org-2.1.2.jar already exists in destination.
[INFO] commons-httpclient-3.1.jar already exists in destination.
[INFO] javax.servlet-api-3.0.1.jar already exists in destination.
[INFO] lucene-memory-3.6.2.jar already exists in destination.
[INFO] asm-commons-3.2.jar already exists in destination.
[INFO] colt-1.2.0.jar already exists in destination.
[INFO] commons-cli-1.2.jar already exists in destination.
[INFO] jersey-client-1.17.jar already exists in destination.
[INFO] jersey-servlet-1.17.jar already exists in destination.
[INFO] jasper-compiler-5.5.23.jar already exists in destination.
[INFO] jackson-annotations-2.1.1.jar already exists in destination.
[INFO] jamon-runtime-2.3.1.jar already exists in destination.
[INFO] log4j-1.2.16.jar already exists in destination.
[INFO] rexster-protocol-2.3.0.jar already exists in destination.
[INFO] lucene-highlighter-3.6.2.jar already exists in destination.
[INFO] minlog-1.2.jar already exists in destination.
[INFO] jackson-xc-1.8.8.jar already exists in destination.
[INFO] kfs-0.3.jar already exists in destination.
[INFO] jackson-core-asl-1.8.8.jar already exists in destination.
[INFO] libthrift-0.8.0.jar already exists in destination.
[INFO] grizzly-http-servlet-2.2.16.jar already exists in destination.
[INFO] hppc-0.4.2.jar already exists in destination.
[INFO] commons-math-2.2.jar already exists in destination.
[INFO] frames-2.3.0.jar already exists in destination.
[INFO] lucene-core-3.6.2.jar already exists in destination.
[INFO] jaxb-api-2.1.jar already exists in destination.
[INFO] jettison-1.3.3.jar already exists in destination.
[INFO] slf4j-api-1.6.1.jar already exists in destination.
[INFO] guava-13.0.1.jar already exists in destination.
[INFO] grizzly-framework-2.2.16.jar already exists in destination.
[INFO] jaxb-impl-2.2.3-1.jar already exists in destination.
[INFO] jersey-core-1.8.jar already exists in destination.
[INFO] commons-el-1.0.jar already exists in destination.
[INFO] asm-3.1.jar already exists in destination.
[INFO] classes already exists in destination.
[INFO] asm-analysis-3.2.jar already exists in destination.
[INFO] gremlin-java-2.3.0.jar already exists in destination.
[INFO] mockito-all-1.8.1.jar already exists in destination.
[INFO] core-3.1.1.jar already exists in destination.
[INFO] jackson-databind-2.1.2.jar already exists in destination.
[INFO] asm-tree-3.2.jar already exists in destination.
[INFO] hbase-0.94.1.jar already exists in destination.
[INFO] classes already exists in destination.
[INFO] lucene-analyzers-3.6.2.jar already exists in destination.
[INFO] elasticsearch-0.20.5.jar already exists in destination.
[INFO] commons-logging-1.1.1.jar already exists in destination.
[INFO] kryo-2.21.jar already exists in destination.
[INFO] httpclient-4.1.2.jar already exists in destination.
[INFO] commons-codec-1.7.jar already exists in destination.
[INFO] spatial4j-0.3.jar already exists in destination.
[INFO] protobuf-java-2.4.0a.jar already exists in destination.
[INFO] jersey-grizzly2-1.17.jar already exists in destination.
[INFO] reflectasm-1.07-shaded.jar already exists in destination.
[INFO] jsp-2.1-6.1.14.jar already exists in destination.
[INFO] grizzly-portunif-2.2.16.jar already exists in destination.
[INFO] gmbal-3.2.0-b003.jar already exists in destination.
[INFO] jackson-mapper-asl-1.8.8.jar already exists in destination.
[INFO] jetty-util-6.1.26.jar already exists in destination.
[INFO] objenesis-1.2.jar already exists in destination.
[INFO] jersey-server-1.8.jar already exists in destination.
[INFO] lucene-queries-3.6.2.jar already exists in destination.
[INFO] commons-digester-1.8.jar already exists in destination.
[INFO] activation-1.1.jar already exists in destination.
[INFO] commons-lang-2.5.jar already exists in destination.
[INFO] xmlenc-0.52.jar already exists in destination.
[INFO] jets3t-0.7.1.jar already exists in destination.
[INFO] antlr-2.7.7.jar already exists in destination.
[INFO] commons-beanutils-core-1.8.0.jar already exists in destination.
[INFO] grizzly-rcm-2.2.16.jar already exists in destination.
[INFO] asm-util-3.2.jar already exists in destination.
[INFO] pfl-tf-tools-1.0.0-b001.jar already exists in destination.
[INFO] rexster-server-2.3.0.jar already exists in destination.
[INFO] blueprints-test-2.3.0.jar already exists in destination.
[INFO] hsqldb-1.8.0.10.jar already exists in destination.
[INFO] grizzly-core-2.2.16.jar already exists in destination.
[INFO] grizzly-http-server-2.2.16.jar already exists in destination.
[INFO] jsr305-1.3.9.jar already exists in destination.
[INFO] junit-4.8.1.jar already exists in destination.
[INFO] jackson-core-2.1.2.jar already exists in destination.
[INFO] servlet-api-2.5-6.1.14.jar already exists in destination.
[INFO] rexster-core-2.3.0.jar already exists in destination.
[INFO] blueprints-core-2.3.0.jar already exists in destination.
[INFO] jsp-api-2.1-6.1.14.jar already exists in destination.
[INFO] netty-3.2.4.Final.jar already exists in destination.
[INFO] jansi-1.5.jar already exists in destination.
[INFO] zookeeper-3.4.3.jar already exists in destination.
[INFO] commons-collections-3.2.1.jar already exists in destination.
[INFO] json-20090211.jar already exists in destination.
[INFO] commons-io-2.0.1.jar already exists in destination.
[INFO] commons-configuration-1.6.jar already exists in destination.
[INFO] management-api-3.0.0-b012.jar already exists in destination.
[INFO] slf4j-log4j12-1.6.1.jar already exists in destination.
[INFO] classes already exists in destination.
[INFO] jersey-json-1.8.jar already exists in destination.
[INFO] msgpack-0.6.5.jar already exists in destination.
[INFO] jasper-runtime-5.5.23.jar already exists in destination.
[INFO] jackson-jaxrs-1.8.8.jar already exists in destination.
[INFO] avro-ipc-1.5.3.jar already exists in destination.
[INFO] javassist-3.15.0-GA.jar already exists in destination.
[INFO] pfl-basic-1.0.0-b001.jar already exists in destination.
[INFO] jetty-6.1.26.jar already exists in destination.
[INFO] pfl-asm-1.0.0-b001.jar already exists in destination.
[INFO] asm-4.0.jar already exists in destination.
[INFO] high-scale-lib-1.1.1.jar already exists in destination.
[INFO] velocity-1.7.jar already exists in destination.
[INFO] 
[INFO] --- maven-surefire-plugin:2.12.1:test (default-test) @ titan-hbase ---
[INFO] Surefire report directory: /home/travis/build/thinkaurelius/titan/titan-hbase/target/surefire-reports

-------------------------------------------------------
 T E S T S
-------------------------------------------------------
Running com.thinkaurelius.titan.graphdb.hbase.HBaseGraphTest
Deleteing old test directories (if any).
Tests run: 19, Failures: 0, Errors: 0, Skipped: 0, Time elapsed: 120.166 sec
Running com.thinkaurelius.titan.diskstorage.hbase.HBaseMultiWriteKeyColumnValueStoreTest
Tests run: 2, Failures: 0, Errors: 0, Skipped: 0, Time elapsed: 46.032 sec
Running com.thinkaurelius.titan.diskstorage.hbase.HBaseLockKeyColumnValueStoreTest
Tests run: 14, Failures: 0, Errors: 0, Skipped: 0, Time elapsed: 53.285 sec
Running com.thinkaurelius.titan.blueprints.HBaseBlueprintsTest
Testing testTinkerGraphSoftwareVertices...
	titangraph[hbase:null]: graph-example-1 loaded in 2120.2115920002107ms
Testing testTinkerGraphVertexAndEdges...
	titangraph[hbase:null]: graph-example-1 loaded in 1055.4372930000536ms
Testing testReadingTinkerGraph...
Testing testTinkerGraphEdges...
	titangraph[hbase:null]: graph-example-1 loaded in 1055.7205550000072ms
Testing testTinkerGraphVertices...
	titangraph[hbase:null]: graph-example-1 loaded in 1059.1741499998607ms
*** TOTAL TIME [GraphSONReaderTestSuite]: 10559.702875999967 ***
Testing testTinkerGraphSoftwareVertices...
	titangraph[hbase:null]: graph-example-1 loaded in 1069.5195040002ms
Testing testReadingTinkerGraphExample3MappingLabels...
	titangraph[hbase:null]: graph-example-3 loaded in 1133.7058199997991ms
Testing testReadingTinkerGraphExample3MappingIDs...
	titangraph[hbase:null]: graph-example-3 loaded in 1062.8701520003378ms
Testing testReadingTinkerGraphExample3MappingAll...
	titangraph[hbase:null]: graph-example-3 loaded in 1054.8971900003962ms
Testing testMigratingTinkerGraphExample3...
Testing testTinkerGraphVertexAndEdges...
	titangraph[hbase:null]: graph-example-1 loaded in 1056.0288149998523ms
Testing testReadingTinkerGraph...
Testing testTinkerGraphEdges...
	titangraph[hbase:null]: graph-example-1 loaded in 1062.4070160002448ms
Testing testTinkerGraphVertices...
	titangraph[hbase:null]: graph-example-1 loaded in 1076.4468749999069ms
Testing testReadingTinkerGraphExample3...
*** TOTAL TIME [GMLReaderTestSuite]: 17010.602627000073 ***
Testing testGetVertexWithNull...
Testing testRemoveVertex...
Testing testRemoveVertexWithEdges...
Testing testGetNonExistantVertices...
Testing testAddManyVertexProperties...
	titangraph[hbase:null]: 750 vertex properties added (with vertices being added too) in 20679.714389999863ms
Testing testRemoveVertexProperties...
Testing testAddingIdProperty...
Testing testNoConcurrentModificationException...
Testing testGettingEdgesAndVertices...
Testing testEmptyKeyProperty...
Testing testVertexCentricLinking...
Testing testVertexCentricRemoving...
Testing testConcurrentModificationOnProperties...
Testing testSettingBadVertexProperties...
Testing testRemoveVertexNullId...
	titangraph[hbase:null]: 100 vertices added in 5.838330999948084ms
	titangraph[hbase:null]: 100 vertices removed in 2.1098640002310276ms
Testing testVertexIterator...
	titangraph[hbase:null]: 1000 vertices added in 667.0461780000478ms
	titangraph[hbase:null]: 1000 vertices counted in 94.48624200001359ms
Testing testLegalVertexEdgeIterables...
Testing testAddVertexProperties...
Testing testVertexEquality...
	titangraph[hbase:null]: 1 vertex added and retrieved in 609.7870459998958ms
Testing testVertexEqualityForSuppliedIdsAndHashCode...
Testing testBasicAddVertex...
*** TOTAL TIME [VertexTestSuite]: 64544.67673299974 ***
Testing testNoConcurrentModificationException...
Testing testEmptyKeyProperty...
Testing testSettingBadVertexProperties...
Testing testEdgeEquality...
Testing testAddEdges...
	titangraph[hbase:null]: 6 elements added and checked in 942.3271780000068ms
Testing testAddManyEdges...
	titangraph[hbase:null]: 300 elements added in 3373.6495680003427ms
	titangraph[hbase:null]: 100 edges counted in 105.37819899991155ms
	titangraph[hbase:null]: 200 vertices counted in 117.3366040000692ms
	titangraph[hbase:null]: 200 vertices checked in 114.52972800005227ms
Testing testGetEdges...
	titangraph[hbase:null]: 3 edges retrieved in 0.3278950001113117ms
Testing testRemoveEdges...
Testing testAddingSelfLoops...
Testing testRemoveSelfLoops...
Testing testEdgeIterator...
Testing testAddingRemovingEdgeProperties...
Testing testAddingLabelAndIdProperty...
Testing testEdgeCentricRemoving...
Testing testGetNonExistantEdges...
Testing testRemoveManyEdges...
	titangraph[hbase:null]: 20 vertices counted in 97.32801000028849ms
	titangraph[hbase:null]: 10 edges counted in 108.98076900001615ms
	titangraph[hbase:null]: 10 edges removed and graph checked in 2120.8493519998156ms
Testing testAddingDuplicateEdges...
Testing testRemoveEdgesByRemovingVertex...
*** TOTAL TIME [EdgeTestSuite]: 44593.54781100014 ***
Testing testEmptyOnConstruction...
Testing testStringRepresentationOfVertexId...
Testing testSemanticallyCorrectIterables...
Testing testGettingVerticesAndEdgesWithKeyValue...
Testing testAddingVerticesAndEdges...
Testing testSettingProperties...
Testing testSimpleRemovingVerticesEdges...
Testing testRemovingEdges...
	titangraph[hbase:null]: 100 vertices added in 614.0814449996687ms
	titangraph[hbase:null]: 200 edges added in 5230.8071690001525ms
	titangraph[hbase:null]: 200 edges deleted (with size check on each delete) in 40964.85173700005ms
Testing testRemovingVertices...
	titangraph[hbase:null]: 500 vertices added in 626.3056419999339ms
	titangraph[hbase:null]: 250 edges added in 6477.350542999804ms
	titangraph[hbase:null]: 500 vertices deleted (with size check on each delete) in 78443.56922899978ms
Testing testConnectivityPatterns...
Testing testVertexEdgeLabels...
Testing testVertexEdgeLabels2...
Testing testTreeConnectivity...
	titangraph[hbase:null]: 1464 vertices added in a tree structure in 1104.1778810000978ms
	titangraph[hbase:null]: 1464 vertices iterated in 115.81470300024375ms
	titangraph[hbase:null]: 1463 edges iterated in 142.87523199990392ms
Testing testConcurrentModification...
Testing testGraphDataPersists...
	titangraph[hbase:null]: 1 graph loaded in 82.34118400001898ms
Testing testFeatureCompliance...
supportsDuplicateEdges: true
supportsSelfLoops: true
supportsSerializableObjectProperty: true
supportsBooleanProperty: true
supportsDoubleProperty: true
supportsFloatProperty: true
supportsIntegerProperty: true
supportsPrimitiveArrayProperty: true
supportsUniformListProperty: true
supportsMixedListProperty: true
supportsLongProperty: true
supportsMapProperty: true
supportsStringProperty: true
ignoresSuppliedIds: true
isPersistent: true
isRDFModel: false
isWrapper: false
supportsIndices: false
supportsVertexIndex: false
supportsEdgeIndex: false
supportsKeyIndices: true
supportsVertexKeyIndex: true
supportsEdgeKeyIndex: true
supportsEdgeIteration: true
supportsVertexIteration: true
supportsEdgeRetrieval: true
supportsVertexProperties: true
supportsEdgeProperties: true
supportsTransactions: true
supportsThreadedTransactions: true
Testing testAutotypingOfProperties...
*** TOTAL TIME [GraphTestSuite]: 169796.47711299965 ***
Testing testGraphQueryForVertices...
Testing testGraphQueryForEdges...
Testing testVertexQuery...
*** TOTAL TIME [QueryTestSuite]: 12925.632053000387 ***
Testing testCompetingThreads...
Testing testTrue...
Testing testAutoStartTransaction...
Testing testTransactionsForVertices...
	titangraph[hbase:null]: 1 vertex not added in failed transaction in 257.0587770002894ms
	titangraph[hbase:null]: 1 vertex added in successful transaction in 134.92020300030708ms
Testing testBasicVertexEdgeTransactions...
Testing testBruteVertexTransactions...
	titangraph[hbase:null]: 100 vertices added in 100 successful transactions in 872.2915399996564ms
	titangraph[hbase:null]: 100 vertices not added in 100 failed transactions in 15.204417000059038ms
	titangraph[hbase:null]: 100 vertices added in 1 successful transactions in 200.467757999897ms
	titangraph[hbase:null]: 100 vertices not added in 1 failed transactions in 197.73141800006852ms
Testing testTransactionsForEdges...
	titangraph[hbase:null]: 1 edge not added in failed transaction (w/ iteration) in 580.5348819997162ms
	titangraph[hbase:null]: 1 edge added in successful transaction (w/ iteration) in 373.94717099983245ms
Testing testBruteEdgeTransactions...
	titangraph[hbase:null]: 100 edges added in 100 successful transactions (2 vertices added for each edge) in 1369.1629090001807ms
	titangraph[hbase:null]: 100 edges not added in 100 failed transactions (2 vertices added for each edge) in 146.63958799978718ms
	titangraph[hbase:null]: 100 edges added in 1 successful transactions (2 vertices added for each edge) in 426.74838199978694ms
	titangraph[hbase:null]: 100 edges not added in 1 failed transactions (2 vertices added for each edge) in 497.32786000007764ms
Testing testPropertyTransactions...
	titangraph[hbase:null]: 1 vertex added with string property in a successful transaction in 1029.658574000001ms
	titangraph[hbase:null]: 1 integer property not added in a failed transaction in 9.383623000234365ms
	titangraph[hbase:null]: 2 vertex properties checked in a successful transaction in 5.030372000299394ms
	titangraph[hbase:null]: 1 edge property added and checked in a successful transaction in 109.81259700004011ms
	titangraph[hbase:null]: 1 edge property added and checked in a failed transaction in 1.4721770002506673ms
Testing testIndexTransactions...
Testing testAutomaticSuccessfulTransactionOnShutdown...
Testing testVertexCountOnPreTransactionCommit...
Testing testBulkTransactionsOnEdges...
Testing testTransactionIsolationCommitCheck...
added vertex
reading vertex before tx
read vertex before tx
Testing testRemoveInTransaction...
Testing testRepeatedTransactionStopException...
*** TOTAL TIME [TransactionalTitanGraphTestSuite]: 40424.011589 ***
Testing testVertexReattachment...
*** TOTAL TIME [TitanSpecificBlueprintsTestSuite]: 2994.2703199996613 ***
Testing testTinkerGraphSoftwareVertices...
	titangraph[hbase:null]: graph-example-1 loaded in 1079.110811999999ms
Testing testReadingTinkerGraphExample3MappingLabels...
	titangraph[hbase:null]: graph-example-3 loaded in 1064.1614140002057ms
Testing testReadingTinkerGraphExample3MappingIDs...
	titangraph[hbase:null]: graph-example-3 loaded in 1055.420872000046ms
Testing testReadingTinkerGraphExample3MappingAll...
	titangraph[hbase:null]: graph-example-3 loaded in 1056.7926779999398ms
Testing testMigratingTinkerGraphExample3...
Testing testTinkerGraphVertexAndEdges...
	titangraph[hbase:null]: graph-example-1 loaded in 1057.049656999763ms
Testing testReadingTinkerGraph...
Testing testTinkerGraphEdges...
	titangraph[hbase:null]: graph-example-1 loaded in 1057.0089340000413ms
Testing testTinkerGraphVertices...
	titangraph[hbase:null]: graph-example-1 loaded in 1056.9804340000264ms
Testing testReadingTinkerGraphExample3...
Testing testAllGraphMLTypeCastsAndDataMappings...
*** TOTAL TIME [GraphMLReaderTestSuite]: 20119.531473999843 ***
Testing testNoConcurrentModificationException...
Testing testGettingVerticesAndEdgesWithKeyValue...
Testing testKeyIndicesConsistentWithElementRemoval...
Testing testAutoIndexKeyManagementWithPersistence...
	titangraph[hbase:null]: 2 automatic index keys added in 618.9313719999045ms
	titangraph[hbase:null]: 2 automatic index keys added in 2.7253250000067055ms
*** TOTAL TIME [KeyIndexableGraphTestSuite]: 10121.027429000009 ***
Tests run: 10, Failures: 0, Errors: 0, Skipped: 0, Time elapsed: 393.122 sec
Running com.thinkaurelius.titan.diskstorage.hbase.HBaseKeyColumnValueTest
Loading time (ms): 1597
Reading time (ms): 3088
Tests run: 17, Failures: 0, Errors: 0, Skipped: 0, Time elapsed: 94.569 sec
All done. Shutting done HBase.

Results :

Tests run: 62, Failures: 0, Errors: 0, Skipped: 0

[INFO]                                                                         
[INFO] ------------------------------------------------------------------------
[INFO] Building Titan-Lucene: Indexing Support 0.4.0-SNAPSHOT
[INFO] ------------------------------------------------------------------------
[INFO] 
[INFO] --- maven-enforcer-plugin:1.0:enforce (enforce-maven) @ titan-lucene ---
[INFO] 
[INFO] --- maven-resources-plugin:2.3:resources (default-resources) @ titan-lucene ---
[INFO] Using 'UTF-8' encoding to copy filtered resources.
[INFO] skip non existing resourceDirectory /home/travis/build/thinkaurelius/titan/titan-lucene/src/main/resources
[INFO] 
[INFO] --- maven-compiler-plugin:2.5.1:compile (default-compile) @ titan-lucene ---
[INFO] Nothing to compile - all classes are up to date
[INFO] 
[INFO] --- maven-resources-plugin:2.3:testResources (default-testResources) @ titan-lucene ---
[INFO] Using 'UTF-8' encoding to copy filtered resources.
[INFO] Copying 1 resource
[INFO] 
[INFO] --- maven-compiler-plugin:2.5.1:testCompile (default-testCompile) @ titan-lucene ---
[INFO] Nothing to compile - all classes are up to date
[INFO] 
[INFO] --- maven-surefire-plugin:2.12.1:test (default-test) @ titan-lucene ---
[INFO] Surefire report directory: /home/travis/build/thinkaurelius/titan/titan-lucene/target/surefire-reports

-------------------------------------------------------
 T E S T S
-------------------------------------------------------
Running com.thinkaurelius.titan.diskstorage.lucene.LuceneIndexTest
84 vs 73.867869045
Query time on 30000 docs (ms): 341
Tests run: 5, Failures: 0, Errors: 0, Skipped: 0, Time elapsed: 28.415 sec

Results :

Tests run: 5, Failures: 0, Errors: 0, Skipped: 0

[INFO]                                                                         
[INFO] ------------------------------------------------------------------------
[INFO] Building Titan-All: Complete Titan Distribution 0.4.0-SNAPSHOT
[INFO] ------------------------------------------------------------------------
[INFO] 
[INFO] --- maven-enforcer-plugin:1.0:enforce (enforce-maven) @ titan-all ---
[INFO] 
[INFO] --- maven-resources-plugin:2.3:resources (default-resources) @ titan-all ---
[INFO] Using 'UTF-8' encoding to copy filtered resources.
[INFO] Copying 2 resources
[INFO] 
[INFO] --- maven-compiler-plugin:2.5.1:compile (default-compile) @ titan-all ---
[INFO] No sources to compile
[INFO] 
[INFO] --- maven-resources-plugin:2.3:testResources (default-testResources) @ titan-all ---
[INFO] Using 'UTF-8' encoding to copy filtered resources.
[INFO] skip non existing resourceDirectory /home/travis/build/thinkaurelius/titan/titan-all/src/test/resources
[INFO] 
[INFO] --- maven-compiler-plugin:2.5.1:testCompile (default-testCompile) @ titan-all ---
[INFO] No sources to compile
[INFO] 
[INFO] --- maven-surefire-plugin:2.11:test (default-test) @ titan-all ---
[INFO] No tests to run.
[INFO] Surefire report directory: /home/travis/build/thinkaurelius/titan/titan-all/target/surefire-reports

-------------------------------------------------------
 T E S T S
-------------------------------------------------------

Results :

Tests run: 0, Failures: 0, Errors: 0, Skipped: 0

[INFO] ------------------------------------------------------------------------
[INFO] Reactor Summary:
[INFO] 
[INFO] Titan: Distributed Graph Database ................. SUCCESS [1.469s]
[INFO] Titan-Core: Core Library for Titan ................ SUCCESS [4.205s]
[INFO] Titan-Test: Test Suite for Titan .................. SUCCESS [1:12.371s]
[INFO] Titan-ElasticSearch: Distributed Indexing Support . SUCCESS [28.156s]
[INFO] Titan-BerkeleyJE: Distributed Graph Database ...... SUCCESS [1:50.405s]
[INFO] Titan-Cassandra: Distributed Graph Database ....... SUCCESS [18:28.455s]
[INFO] Titan-HBase: Distributed Graph Database ........... SUCCESS [11:50.881s]
[INFO] Titan-Lucene: Indexing Support .................... SUCCESS [36.459s]
[INFO] Titan-All: Complete Titan Distribution ............ SUCCESS [1.193s]
[INFO] ------------------------------------------------------------------------
[INFO] BUILD SUCCESS
[INFO] ------------------------------------------------------------------------
[INFO] Total time: 34:34.315s
[INFO] Finished at: Thu May 02 17:19:24 UTC 2013
[INFO] Final Memory: 19M/205M
[INFO] ------------------------------------------------------------------------

The command "mvn test -B" exited with 0.

Done. Your build exited with 0.
