Using worker: worker-linux-docker-049cef2b.prod.travis-ci.org:travis-linux-1

travis_fold:start:system_info[0K[33;1mBuild system information[0m
Build language: java
[34m[1mBuild image provisioning date and time[0m
Fri Dec 12 23:29:11 UTC 2014
[34m[1mlsb_release -a[0m
Distributor ID:	Ubuntu
Description:	Ubuntu 12.04.5 LTS
Release:	12.04
Codename:	precise
[34m[1mCookbooks Version[0m
540230e https://github.com/travis-ci/travis-cookbooks/tree/540230e
[34m[1mGCC version[0m
gcc (Ubuntu/Linaro 4.6.3-1ubuntu5) 4.6.3
Copyright (C) 2011 Free Software Foundation, Inc.
This is free software; see the source for copying conditions.  There is NO
warranty; not even for MERCHANTABILITY or FITNESS FOR A PARTICULAR PURPOSE.

[34m[1mLLVM version[0m
clang version 3.4 (tags/RELEASE_34/final)
Target: x86_64-unknown-linux-gnu
Thread model: posix
[34m[1mPre-installed Ruby versions[0m
ruby-1.9.3-p551
[34m[1mPre-installed Node.js versions[0m
v0.10.33
[34m[1mPre-installed Go versions[0m
go1.4
[34m[1mRedis version[0m
redis-server 2.8.18
[34m[1mriak version[0m
1.4.12
[34m[1mMongoDB version[0m
MongoDB 2.4.12
[34m[1mCouchDB version[0m
couchdb 1.6.1
[34m[1mNeo4j version[0m
1.9.4
[34m[1mCassandra version[0m
2.0.9
[34m[1mRabbitMQ Version[0m
3.4.2
[34m[1mElasticSearch version[0m
1.4.0
[34m[1mInstalled Sphinx versions[0m
2.0.10
2.1.9
2.2.4
[34m[1mDefault Sphinx version[0m
2.1.9
[34m[1mInstalled Firefox version[0m
firefox 31.0esr
[34m[1mPhantomJS version[0m
1.9.8
[34m[1mant -version[0m
Apache Ant(TM) version 1.8.2 compiled on December 3 2011
[34m[1mmvn -version[0m
Apache Maven 3.2.3 (33f8c3e1027c3ddde99d3cdebad2656a31e8fdf4; 2014-08-11T20:58:10+00:00)
Maven home: /usr/local/maven
Java version: 1.7.0_72, vendor: Oracle Corporation
Java home: /usr/lib/jvm/java-7-oracle/jre
Default locale: en_US, platform encoding: ANSI_X3.4-1968
OS name: "linux", version: "3.13.0-29-generic", arch: "amd64", family: "unix"
[34m[1mgradle -version[0m

------------------------------------------------------------
Gradle 2.2.1
------------------------------------------------------------

Build time:   2014-11-24 09:45:35 UTC
Build number: none
Revision:     6fcb59c06f43a4e6b1bcb401f7686a8601a1fb4a

Groovy:       2.3.6
Ant:          Apache Ant(TM) version 1.9.3 compiled on December 23 2013
JVM:          1.7.0_72 (Oracle Corporation 24.72-b04)
OS:           Linux 3.13.0-29-generic amd64

[34m[1mlein1 version[0m
Using JLine for console I/O; install rlwrap for optimum experience.
Leiningen 1.7.1 on Java 1.7.0_72 Java HotSpot(TM) 64-Bit Server VM
[34m[1mlein2 version[0m
Leiningen 2.5.0 on Java 1.7.0_72 Java HotSpot(TM) 64-Bit Server VM
[34m[1mlein version[0m
Leiningen 2.5.0 on Java 1.7.0_72 Java HotSpot(TM) 64-Bit Server VM
travis_fold:end:system_info[0K
travis_fold:start:git.checkout[0Ktravis_time:start:13f4ac40[0K$ git clone --depth=50 --branch=master git://github.com/square/retrofit.git square/retrofit
Cloning into 'square/retrofit'...
remote: Counting objects: 1219, done.[K
remote: Compressing objects:   0% (1/687)   [Kremote: Compressing objects:   1% (7/687)   [Kremote: Compressing objects:   2% (14/687)   [Kremote: Compressing objects:   3% (21/687)   [Kremote: Compressing objects:   4% (28/687)   [Kremote: Compressing objects:   5% (35/687)   [Kremote: Compressing objects:   6% (42/687)   [Kremote: Compressing objects:   7% (49/687)   [Kremote: Compressing objects:   8% (55/687)   [Kremote: Compressing objects:   9% (62/687)   [Kremote: Compressing objects:  10% (69/687)   [Kremote: Compressing objects:  11% (76/687)   [Kremote: Compressing objects:  12% (83/687)   [Kremote: Compressing objects:  13% (90/687)   [Kremote: Compressing objects:  14% (97/687)   [Kremote: Compressing objects:  15% (104/687)   [Kremote: Compressing objects:  16% (110/687)   [Kremote: Compressing objects:  17% (117/687)   [Kremote: Compressing objects:  18% (124/687)   [Kremote: Compressing objects:  19% (131/687)   [Kremote: Compressing objects:  20% (138/687)   [Kremote: Compressing objects:  21% (145/687)   [Kremote: Compressing objects:  22% (152/687)   [Kremote: Compressing objects:  23% (159/687)   [Kremote: Compressing objects:  24% (165/687)   [Kremote: Compressing objects:  25% (172/687)   [Kremote: Compressing objects:  26% (179/687)   [Kremote: Compressing objects:  27% (186/687)   [Kremote: Compressing objects:  28% (193/687)   [Kremote: Compressing objects:  29% (200/687)   [Kremote: Compressing objects:  30% (207/687)   [Kremote: Compressing objects:  31% (213/687)   [Kremote: Compressing objects:  32% (220/687)   [Kremote: Compressing objects:  33% (227/687)   [Kremote: Compressing objects:  34% (234/687)   [Kremote: Compressing objects:  35% (241/687)   [Kremote: Compressing objects:  36% (248/687)   [Kremote: Compressing objects:  37% (255/687)   [Kremote: Compressing objects:  38% (262/687)   [Kremote: Compressing objects:  39% (268/687)   [Kremote: Compressing objects:  40% (275/687)   [Kremote: Compressing objects:  41% (282/687)   [Kremote: Compressing objects:  42% (289/687)   [Kremote: Compressing objects:  43% (296/687)   [Kremote: Compressing objects:  44% (303/687)   [Kremote: Compressing objects:  45% (310/687)   [Kremote: Compressing objects:  46% (317/687)   [Kremote: Compressing objects:  47% (323/687)   [Kremote: Compressing objects:  48% (330/687)   [Kremote: Compressing objects:  49% (337/687)   [Kremote: Compressing objects:  50% (344/687)   [Kremote: Compressing objects:  51% (351/687)   [Kremote: Compressing objects:  52% (358/687)   [Kremote: Compressing objects:  53% (365/687)   [Kremote: Compressing objects:  54% (371/687)   [Kremote: Compressing objects:  55% (378/687)   [Kremote: Compressing objects:  56% (385/687)   [Kremote: Compressing objects:  57% (392/687)   [Kremote: Compressing objects:  58% (399/687)   [Kremote: Compressing objects:  59% (406/687)   [Kremote: Compressing objects:  60% (413/687)   [Kremote: Compressing objects:  61% (420/687)   [Kremote: Compressing objects:  62% (426/687)   [Kremote: Compressing objects:  63% (433/687)   [Kremote: Compressing objects:  64% (440/687)   [Kremote: Compressing objects:  65% (447/687)   [Kremote: Compressing objects:  66% (454/687)   [Kremote: Compressing objects:  67% (461/687)   [Kremote: Compressing objects:  68% (468/687)   [Kremote: Compressing objects:  69% (475/687)   [Kremote: Compressing objects:  70% (481/687)   [Kremote: Compressing objects:  71% (488/687)   [Kremote: Compressing objects:  72% (495/687)   [Kremote: Compressing objects:  73% (502/687)   [Kremote: Compressing objects:  74% (509/687)   [Kremote: Compressing objects:  75% (516/687)   [Kremote: Compressing objects:  76% (523/687)   [Kremote: Compressing objects:  77% (529/687)   [Kremote: Compressing objects:  78% (536/687)   [Kremote: Compressing objects:  79% (543/687)   [Kremote: Compressing objects:  80% (550/687)   [Kremote: Compressing objects:  81% (557/687)   [Kremote: Compressing objects:  82% (564/687)   [Kremote: Compressing objects:  83% (571/687)   [Kremote: Compressing objects:  84% (578/687)   [Kremote: Compressing objects:  85% (584/687)   [Kremote: Compressing objects:  86% (591/687)   [Kremote: Compressing objects:  87% (598/687)   [Kremote: Compressing objects:  88% (605/687)   [Kremote: Compressing objects:  89% (612/687)   [Kremote: Compressing objects:  90% (619/687)   [Kremote: Compressing objects:  91% (626/687)   [Kremote: Compressing objects:  92% (633/687)   [Kremote: Compressing objects:  93% (639/687)   [Kremote: Compressing objects:  94% (646/687)   [Kremote: Compressing objects:  95% (653/687)   [Kremote: Compressing objects:  96% (660/687)   [Kremote: Compressing objects:  97% (667/687)   [Kremote: Compressing objects:  98% (674/687)   [Kremote: Compressing objects:  99% (681/687)   [Kremote: Compressing objects: 100% (687/687)   [Kremote: Compressing objects: 100% (687/687), done.[K
Receiving objects:   0% (1/1219)   Receiving objects:   1% (13/1219)   Receiving objects:   2% (25/1219)   Receiving objects:   3% (37/1219)   Receiving objects:   4% (49/1219)   Receiving objects:   5% (61/1219)   Receiving objects:   6% (74/1219)   Receiving objects:   7% (86/1219)   Receiving objects:   8% (98/1219)   Receiving objects:   9% (110/1219)   Receiving objects:  10% (122/1219)   Receiving objects:  11% (135/1219)   Receiving objects:  12% (147/1219)   Receiving objects:  13% (159/1219)   Receiving objects:  14% (171/1219)   Receiving objects:  15% (183/1219)   Receiving objects:  16% (196/1219)   Receiving objects:  17% (208/1219)   Receiving objects:  18% (220/1219)   Receiving objects:  19% (232/1219)   Receiving objects:  20% (244/1219)   Receiving objects:  21% (256/1219)   Receiving objects:  22% (269/1219)   Receiving objects:  23% (281/1219)   Receiving objects:  24% (293/1219)   Receiving objects:  25% (305/1219)   Receiving objects:  26% (317/1219)   Receiving objects:  27% (330/1219)   Receiving objects:  28% (342/1219)   Receiving objects:  29% (354/1219)   Receiving objects:  30% (366/1219)   Receiving objects:  31% (378/1219)   Receiving objects:  32% (391/1219)   Receiving objects:  33% (403/1219)   Receiving objects:  34% (415/1219)   Receiving objects:  35% (427/1219)   Receiving objects:  36% (439/1219)   Receiving objects:  37% (452/1219)   Receiving objects:  38% (464/1219)   Receiving objects:  39% (476/1219)   Receiving objects:  40% (488/1219)   Receiving objects:  41% (500/1219)   Receiving objects:  42% (512/1219)   Receiving objects:  43% (525/1219)   Receiving objects:  44% (537/1219)   Receiving objects:  45% (549/1219)   Receiving objects:  46% (561/1219)   Receiving objects:  47% (573/1219)   Receiving objects:  48% (586/1219)   remote: Total 1219 (delta 465), reused 954 (delta 256)[K
Receiving objects:  49% (598/1219)   Receiving objects:  50% (610/1219)   Receiving objects:  51% (622/1219)   Receiving objects:  52% (634/1219)   Receiving objects:  53% (647/1219)   Receiving objects:  54% (659/1219)   Receiving objects:  55% (671/1219)   Receiving objects:  56% (683/1219)   Receiving objects:  57% (695/1219)   Receiving objects:  58% (708/1219)   Receiving objects:  59% (720/1219)   Receiving objects:  60% (732/1219)   Receiving objects:  61% (744/1219)   Receiving objects:  62% (756/1219)   Receiving objects:  63% (768/1219)   Receiving objects:  64% (781/1219)   Receiving objects:  65% (793/1219)   Receiving objects:  66% (805/1219)   Receiving objects:  67% (817/1219)   Receiving objects:  68% (829/1219)   Receiving objects:  69% (842/1219)   Receiving objects:  70% (854/1219)   Receiving objects:  71% (866/1219)   Receiving objects:  72% (878/1219)   Receiving objects:  73% (890/1219)   Receiving objects:  74% (903/1219)   Receiving objects:  75% (915/1219)   Receiving objects:  76% (927/1219)   Receiving objects:  77% (939/1219)   Receiving objects:  78% (951/1219)   Receiving objects:  79% (964/1219)   Receiving objects:  80% (976/1219)   Receiving objects:  81% (988/1219)   Receiving objects:  82% (1000/1219)   Receiving objects:  83% (1012/1219)   Receiving objects:  84% (1024/1219)   Receiving objects:  85% (1037/1219)   Receiving objects:  86% (1049/1219)   Receiving objects:  87% (1061/1219)   Receiving objects:  88% (1073/1219)   Receiving objects:  89% (1085/1219)   Receiving objects:  90% (1098/1219)   Receiving objects:  91% (1110/1219)   Receiving objects:  92% (1122/1219)   Receiving objects:  93% (1134/1219)   Receiving objects:  94% (1146/1219)   Receiving objects:  95% (1159/1219)   Receiving objects:  96% (1171/1219)   Receiving objects:  97% (1183/1219)   Receiving objects:  98% (1195/1219)   Receiving objects:  99% (1207/1219)   Receiving objects: 100% (1219/1219)   Receiving objects: 100% (1219/1219), 283.65 KiB | 0 bytes/s, done.
Resolving deltas:   0% (0/465)   Resolving deltas:   3% (17/465)   Resolving deltas:   5% (25/465)   Resolving deltas:   6% (29/465)   Resolving deltas:  11% (54/465)   Resolving deltas:  22% (103/465)   Resolving deltas:  28% (132/465)   Resolving deltas:  29% (137/465)   Resolving deltas:  30% (142/465)   Resolving deltas:  31% (145/465)   Resolving deltas:  32% (149/465)   Resolving deltas:  33% (157/465)   Resolving deltas:  35% (163/465)   Resolving deltas:  36% (169/465)   Resolving deltas:  45% (212/465)   Resolving deltas:  47% (219/465)   Resolving deltas:  48% (227/465)   Resolving deltas:  49% (228/465)   Resolving deltas:  51% (240/465)   Resolving deltas:  52% (244/465)   Resolving deltas:  53% (247/465)   Resolving deltas:  54% (253/465)   Resolving deltas:  56% (261/465)   Resolving deltas:  57% (266/465)   Resolving deltas:  58% (271/465)   Resolving deltas:  59% (276/465)   Resolving deltas:  61% (284/465)   Resolving deltas:  62% (289/465)   Resolving deltas:  63% (294/465)   Resolving deltas:  64% (300/465)   Resolving deltas:  65% (304/465)   Resolving deltas:  66% (307/465)   Resolving deltas:  69% (321/465)   Resolving deltas:  71% (331/465)   Resolving deltas:  72% (336/465)   Resolving deltas:  73% (344/465)   Resolving deltas:  74% (346/465)   Resolving deltas:  75% (349/465)   Resolving deltas:  76% (357/465)   Resolving deltas:  77% (361/465)   Resolving deltas:  78% (364/465)   Resolving deltas:  79% (369/465)   Resolving deltas:  80% (372/465)   Resolving deltas:  81% (378/465)   Resolving deltas:  82% (384/465)   Resolving deltas:  86% (404/465)   Resolving deltas:  87% (408/465)   Resolving deltas:  92% (429/465)   Resolving deltas:  93% (433/465)   Resolving deltas:  97% (454/465)   Resolving deltas:  98% (456/465)   Resolving deltas: 100% (465/465)   Resolving deltas: 100% (465/465), done.
Checking connectivity... done.
travis_time:end:13f4ac40:start=1422662164398725197,finish=1422662164629923820,duration=231198623[0K$ cd square/retrofit
$ git checkout -qf a1b4c04a41d5c5fc7a3ca92bc839b092770ba610
travis_fold:end:git.checkout[0K
[33;1mThis job is running on container-based infrastructure, which does not allow use of 'sudo', setuid and setguid executables.[0m
[33;1mSee http://docs.travis-ci.com/user/workers/container-based-infrastructure/ for details.[0m

[33;1mSetting environment variables from .travis.yml[0m
$ export CI_DEPLOY_USERNAME=[secure]
$ export CI_DEPLOY_PASSWORD=[secure]

travis_fold:start:cache.1[0KSetting up build cache
$ export CASHER_DIR=$HOME/.casher
travis_time:start:05f12d54[0K$ Installing caching utilities
travis_time:end:05f12d54:start=1422662168079635215,finish=1422662168118013652,duration=38378437[0Ktravis_time:start:02738b7a[0Kattempting to download cache archive
found cache
travis_time:end:02738b7a:start=1422662168123439352,finish=1422662169175048467,duration=1051609115[0Ktravis_time:start:0be79be3[0Kadding /home/travis/.m2 to cache
travis_time:end:0be79be3:start=1422662169179662090,finish=1422662174827019081,duration=5647356991[0Ktravis_fold:end:cache.1[0K$ jdk_switcher use oraclejdk8
Switching to Oracle JDK8 (java-8-oracle), JAVA_HOME will be set to /usr/lib/jvm/java-8-oracle
$ java -version
java version "1.8.0_25"
Java(TM) SE Runtime Environment (build 1.8.0_25-b17)
Java HotSpot(TM) 64-Bit Server VM (build 25.25-b02, mixed mode)
$ javac -version
javac 1.8.0_25
travis_fold:start:install[0Ktravis_time:start:0698aa3e[0K$ mvn install -DskipTests=true -Dmaven.javadoc.skip=true -B -V
Java HotSpot(TM) 64-Bit Server VM warning: ignoring option MaxPermSize=192m; support was removed in 8.0
Apache Maven 3.2.3 (33f8c3e1027c3ddde99d3cdebad2656a31e8fdf4; 2014-08-11T20:58:10+00:00)
Maven home: /usr/local/maven
Java version: 1.8.0_25, vendor: Oracle Corporation
Java home: /usr/lib/jvm/java-8-oracle/jre
Default locale: en_US, platform encoding: UTF-8
OS name: "linux", version: "3.13.0-40-generic", arch: "amd64", family: "unix"
[INFO] Scanning for projects...
[INFO] ------------------------------------------------------------------------
[INFO] Reactor Build Order:
[INFO] 
[INFO] Retrofit (Parent)
[INFO] Retrofit
[INFO] Converters
[INFO] Converter: Protocol Buffers
[INFO] Converter: Jackson
[INFO] Converter: Wire Protocol Buffers
[INFO] Converter: SimpleXML
[INFO] Retrofit Mock Adapter
[INFO] Samples
[INFO] Sample: GitHub Client
[INFO] Sample: Mock GitHub Client
[INFO]                                                                         
[INFO] ------------------------------------------------------------------------
[INFO] Building Retrofit (Parent) 2.0.0-SNAPSHOT
[INFO] ------------------------------------------------------------------------
[INFO] 
[INFO] --- maven-enforcer-plugin:1.0:enforce (enforce-maven) @ parent ---
[INFO] 
[INFO] --- maven-checkstyle-plugin:2.9.1:checkstyle (default) @ parent ---
[INFO] 
[INFO] --- maven-install-plugin:2.4:install (default-install) @ parent ---
[INFO] Installing /home/travis/build/square/retrofit/pom.xml to /home/travis/.m2/repository/com/squareup/retrofit/parent/2.0.0-SNAPSHOT/parent-2.0.0-SNAPSHOT.pom
[INFO]                                                                         
[INFO] ------------------------------------------------------------------------
[INFO] Building Retrofit 2.0.0-SNAPSHOT
[INFO] ------------------------------------------------------------------------
[INFO] 
[INFO] --- maven-enforcer-plugin:1.0:enforce (enforce-maven) @ retrofit ---
[INFO] 
[INFO] --- maven-resources-plugin:2.6:resources (default-resources) @ retrofit ---
[INFO] Using 'UTF-8' encoding to copy filtered resources.
[INFO] skip non existing resourceDirectory /home/travis/build/square/retrofit/retrofit/src/main/resources
[INFO] 
[INFO] --- maven-compiler-plugin:3.0:compile (default-compile) @ retrofit ---
[INFO] Changes detected - recompiling the module!
[INFO] Compiling 51 source files to /home/travis/build/square/retrofit/retrofit/target/classes
[WARNING] /home/travis/build/square/retrofit/retrofit/src/main/java/retrofit/RestAdapter.java: /home/travis/build/square/retrofit/retrofit/src/main/java/retrofit/RestAdapter.java uses unchecked or unsafe operations.
[WARNING] /home/travis/build/square/retrofit/retrofit/src/main/java/retrofit/RestAdapter.java: Recompile with -Xlint:unchecked for details.
[INFO] 
[INFO] --- maven-resources-plugin:2.6:testResources (default-testResources) @ retrofit ---
[INFO] Using 'UTF-8' encoding to copy filtered resources.
[INFO] skip non existing resourceDirectory /home/travis/build/square/retrofit/retrofit/src/test/resources
[INFO] 
[INFO] --- maven-compiler-plugin:3.0:testCompile (default-testCompile) @ retrofit ---
[INFO] Changes detected - recompiling the module!
[INFO] Compiling 15 source files to /home/travis/build/square/retrofit/retrofit/target/test-classes
[WARNING] /home/travis/build/square/retrofit/retrofit/src/test/java/retrofit/RestAdapterTest.java: /home/travis/build/square/retrofit/retrofit/src/test/java/retrofit/RestAdapterTest.java uses unchecked or unsafe operations.
[WARNING] /home/travis/build/square/retrofit/retrofit/src/test/java/retrofit/RestAdapterTest.java: Recompile with -Xlint:unchecked for details.
[INFO] 
[INFO] --- maven-surefire-plugin:2.12.4:test (default-test) @ retrofit ---
[INFO] Tests are skipped.
[INFO] 
[INFO] --- maven-jar-plugin:2.4:jar (default-jar) @ retrofit ---
[INFO] Building jar: /home/travis/build/square/retrofit/retrofit/target/retrofit-2.0.0-SNAPSHOT.jar
[INFO] 
[INFO] --- maven-checkstyle-plugin:2.9.1:checkstyle (default) @ retrofit ---
[INFO] Starting audit...
Audit done.

[WARNING] Unable to locate Source XRef to link to - DISABLED
[INFO] 
[INFO] --- maven-install-plugin:2.4:install (default-install) @ retrofit ---
[INFO] Installing /home/travis/build/square/retrofit/retrofit/target/retrofit-2.0.0-SNAPSHOT.jar to /home/travis/.m2/repository/com/squareup/retrofit/retrofit/2.0.0-SNAPSHOT/retrofit-2.0.0-SNAPSHOT.jar
[INFO] Installing /home/travis/build/square/retrofit/retrofit/pom.xml to /home/travis/.m2/repository/com/squareup/retrofit/retrofit/2.0.0-SNAPSHOT/retrofit-2.0.0-SNAPSHOT.pom
[INFO]                                                                         
[INFO] ------------------------------------------------------------------------
[INFO] Building Converters 2.0.0-SNAPSHOT
[INFO] ------------------------------------------------------------------------
[INFO] 
[INFO] --- maven-enforcer-plugin:1.0:enforce (enforce-maven) @ retrofit-converters ---
[INFO] 
[INFO] --- maven-checkstyle-plugin:2.9.1:checkstyle (default) @ retrofit-converters ---
[INFO] 
[INFO] --- maven-install-plugin:2.4:install (default-install) @ retrofit-converters ---
[INFO] Installing /home/travis/build/square/retrofit/retrofit-converters/pom.xml to /home/travis/.m2/repository/com/squareup/retrofit/retrofit-converters/2.0.0-SNAPSHOT/retrofit-converters-2.0.0-SNAPSHOT.pom
[INFO]                                                                         
[INFO] ------------------------------------------------------------------------
[INFO] Building Converter: Protocol Buffers 2.0.0-SNAPSHOT
[INFO] ------------------------------------------------------------------------
[INFO] 
[INFO] --- maven-enforcer-plugin:1.0:enforce (enforce-maven) @ converter-protobuf ---
[INFO] 
[INFO] --- maven-resources-plugin:2.6:resources (default-resources) @ converter-protobuf ---
[INFO] Using 'UTF-8' encoding to copy filtered resources.
[INFO] skip non existing resourceDirectory /home/travis/build/square/retrofit/retrofit-converters/protobuf/src/main/resources
[INFO] 
[INFO] --- maven-compiler-plugin:3.0:compile (default-compile) @ converter-protobuf ---
[INFO] Changes detected - recompiling the module!
[INFO] Compiling 1 source file to /home/travis/build/square/retrofit/retrofit-converters/protobuf/target/classes
[INFO] 
[INFO] --- maven-resources-plugin:2.6:testResources (default-testResources) @ converter-protobuf ---
[INFO] Using 'UTF-8' encoding to copy filtered resources.
[INFO] skip non existing resourceDirectory /home/travis/build/square/retrofit/retrofit-converters/protobuf/src/test/resources
[INFO] 
[INFO] --- maven-compiler-plugin:3.0:testCompile (default-testCompile) @ converter-protobuf ---
[INFO] Changes detected - recompiling the module!
[INFO] Compiling 2 source files to /home/travis/build/square/retrofit/retrofit-converters/protobuf/target/test-classes
[INFO] 
[INFO] --- maven-surefire-plugin:2.12.4:test (default-test) @ converter-protobuf ---
[INFO] Tests are skipped.
[INFO] 
[INFO] --- maven-jar-plugin:2.4:jar (default-jar) @ converter-protobuf ---
[INFO] Building jar: /home/travis/build/square/retrofit/retrofit-converters/protobuf/target/converter-protobuf-2.0.0-SNAPSHOT.jar
[INFO] 
[INFO] --- maven-checkstyle-plugin:2.9.1:checkstyle (default) @ converter-protobuf ---
[INFO] Starting audit...
Audit done.

[WARNING] Unable to locate Source XRef to link to - DISABLED
[INFO] 
[INFO] --- maven-install-plugin:2.4:install (default-install) @ converter-protobuf ---
[INFO] Installing /home/travis/build/square/retrofit/retrofit-converters/protobuf/target/converter-protobuf-2.0.0-SNAPSHOT.jar to /home/travis/.m2/repository/com/squareup/retrofit/converter-protobuf/2.0.0-SNAPSHOT/converter-protobuf-2.0.0-SNAPSHOT.jar
[INFO] Installing /home/travis/build/square/retrofit/retrofit-converters/protobuf/pom.xml to /home/travis/.m2/repository/com/squareup/retrofit/converter-protobuf/2.0.0-SNAPSHOT/converter-protobuf-2.0.0-SNAPSHOT.pom
[INFO]                                                                         
[INFO] ------------------------------------------------------------------------
[INFO] Building Converter: Jackson 2.0.0-SNAPSHOT
[INFO] ------------------------------------------------------------------------
[INFO] 
[INFO] --- maven-enforcer-plugin:1.0:enforce (enforce-maven) @ converter-jackson ---
[INFO] 
[INFO] --- maven-resources-plugin:2.6:resources (default-resources) @ converter-jackson ---
[INFO] Using 'UTF-8' encoding to copy filtered resources.
[INFO] skip non existing resourceDirectory /home/travis/build/square/retrofit/retrofit-converters/jackson/src/main/resources
[INFO] 
[INFO] --- maven-compiler-plugin:3.0:compile (default-compile) @ converter-jackson ---
[INFO] Changes detected - recompiling the module!
[INFO] Compiling 1 source file to /home/travis/build/square/retrofit/retrofit-converters/jackson/target/classes
[INFO] 
[INFO] --- maven-resources-plugin:2.6:testResources (default-testResources) @ converter-jackson ---
[INFO] Using 'UTF-8' encoding to copy filtered resources.
[INFO] skip non existing resourceDirectory /home/travis/build/square/retrofit/retrofit-converters/jackson/src/test/resources
[INFO] 
[INFO] --- maven-compiler-plugin:3.0:testCompile (default-testCompile) @ converter-jackson ---
[INFO] Changes detected - recompiling the module!
[INFO] Compiling 1 source file to /home/travis/build/square/retrofit/retrofit-converters/jackson/target/test-classes
[INFO] 
[INFO] --- maven-surefire-plugin:2.12.4:test (default-test) @ converter-jackson ---
[INFO] Tests are skipped.
[INFO] 
[INFO] --- maven-jar-plugin:2.4:jar (default-jar) @ converter-jackson ---
[INFO] Building jar: /home/travis/build/square/retrofit/retrofit-converters/jackson/target/converter-jackson-2.0.0-SNAPSHOT.jar
[INFO] 
[INFO] --- maven-checkstyle-plugin:2.9.1:checkstyle (default) @ converter-jackson ---
[INFO] Starting audit...
Audit done.

[WARNING] Unable to locate Source XRef to link to - DISABLED
[INFO] 
[INFO] --- maven-install-plugin:2.4:install (default-install) @ converter-jackson ---
[INFO] Installing /home/travis/build/square/retrofit/retrofit-converters/jackson/target/converter-jackson-2.0.0-SNAPSHOT.jar to /home/travis/.m2/repository/com/squareup/retrofit/converter-jackson/2.0.0-SNAPSHOT/converter-jackson-2.0.0-SNAPSHOT.jar
[INFO] Installing /home/travis/build/square/retrofit/retrofit-converters/jackson/pom.xml to /home/travis/.m2/repository/com/squareup/retrofit/converter-jackson/2.0.0-SNAPSHOT/converter-jackson-2.0.0-SNAPSHOT.pom
[INFO]                                                                         
[INFO] ------------------------------------------------------------------------
[INFO] Building Converter: Wire Protocol Buffers 2.0.0-SNAPSHOT
[INFO] ------------------------------------------------------------------------
[INFO] 
[INFO] --- maven-enforcer-plugin:1.0:enforce (enforce-maven) @ converter-wire ---
[INFO] 
[INFO] --- maven-resources-plugin:2.6:resources (default-resources) @ converter-wire ---
[INFO] Using 'UTF-8' encoding to copy filtered resources.
[INFO] skip non existing resourceDirectory /home/travis/build/square/retrofit/retrofit-converters/wire/src/main/resources
[INFO] 
[INFO] --- maven-compiler-plugin:3.0:compile (default-compile) @ converter-wire ---
[INFO] Changes detected - recompiling the module!
[INFO] Compiling 1 source file to /home/travis/build/square/retrofit/retrofit-converters/wire/target/classes
[INFO] 
[INFO] --- maven-resources-plugin:2.6:testResources (default-testResources) @ converter-wire ---
[INFO] Using 'UTF-8' encoding to copy filtered resources.
[INFO] skip non existing resourceDirectory /home/travis/build/square/retrofit/retrofit-converters/wire/src/test/resources
[INFO] 
[INFO] --- maven-compiler-plugin:3.0:testCompile (default-testCompile) @ converter-wire ---
[INFO] Changes detected - recompiling the module!
[INFO] Compiling 2 source files to /home/travis/build/square/retrofit/retrofit-converters/wire/target/test-classes
[INFO] 
[INFO] --- maven-surefire-plugin:2.12.4:test (default-test) @ converter-wire ---
[INFO] Tests are skipped.
[INFO] 
[INFO] --- maven-jar-plugin:2.4:jar (default-jar) @ converter-wire ---
[INFO] Building jar: /home/travis/build/square/retrofit/retrofit-converters/wire/target/converter-wire-2.0.0-SNAPSHOT.jar
[INFO] 
[INFO] --- maven-checkstyle-plugin:2.9.1:checkstyle (default) @ converter-wire ---
[INFO] Starting audit...
Audit done.

[WARNING] Unable to locate Source XRef to link to - DISABLED
[INFO] 
[INFO] --- maven-install-plugin:2.4:install (default-install) @ converter-wire ---
[INFO] Installing /home/travis/build/square/retrofit/retrofit-converters/wire/target/converter-wire-2.0.0-SNAPSHOT.jar to /home/travis/.m2/repository/com/squareup/retrofit/converter-wire/2.0.0-SNAPSHOT/converter-wire-2.0.0-SNAPSHOT.jar
[INFO] Installing /home/travis/build/square/retrofit/retrofit-converters/wire/pom.xml to /home/travis/.m2/repository/com/squareup/retrofit/converter-wire/2.0.0-SNAPSHOT/converter-wire-2.0.0-SNAPSHOT.pom
[INFO]                                                                         
[INFO] ------------------------------------------------------------------------
[INFO] Building Converter: SimpleXML 2.0.0-SNAPSHOT
[INFO] ------------------------------------------------------------------------
[INFO] 
[INFO] --- maven-enforcer-plugin:1.0:enforce (enforce-maven) @ converter-simplexml ---
[INFO] 
[INFO] --- maven-resources-plugin:2.6:resources (default-resources) @ converter-simplexml ---
[INFO] Using 'UTF-8' encoding to copy filtered resources.
[INFO] skip non existing resourceDirectory /home/travis/build/square/retrofit/retrofit-converters/simplexml/src/main/resources
[INFO] 
[INFO] --- maven-compiler-plugin:3.0:compile (default-compile) @ converter-simplexml ---
[INFO] Changes detected - recompiling the module!
[INFO] Compiling 1 source file to /home/travis/build/square/retrofit/retrofit-converters/simplexml/target/classes
[INFO] 
[INFO] --- maven-resources-plugin:2.6:testResources (default-testResources) @ converter-simplexml ---
[INFO] Using 'UTF-8' encoding to copy filtered resources.
[INFO] skip non existing resourceDirectory /home/travis/build/square/retrofit/retrofit-converters/simplexml/src/test/resources
[INFO] 
[INFO] --- maven-compiler-plugin:3.0:testCompile (default-testCompile) @ converter-simplexml ---
[INFO] Changes detected - recompiling the module!
[INFO] Compiling 1 source file to /home/travis/build/square/retrofit/retrofit-converters/simplexml/target/test-classes
[INFO] 
[INFO] --- maven-surefire-plugin:2.12.4:test (default-test) @ converter-simplexml ---
[INFO] Tests are skipped.
[INFO] 
[INFO] --- maven-jar-plugin:2.4:jar (default-jar) @ converter-simplexml ---
[INFO] Building jar: /home/travis/build/square/retrofit/retrofit-converters/simplexml/target/converter-simplexml-2.0.0-SNAPSHOT.jar
[INFO] 
[INFO] --- maven-checkstyle-plugin:2.9.1:checkstyle (default) @ converter-simplexml ---
[INFO] Starting audit...
Audit done.

[WARNING] Unable to locate Source XRef to link to - DISABLED
[INFO] 
[INFO] --- maven-install-plugin:2.4:install (default-install) @ converter-simplexml ---
[INFO] Installing /home/travis/build/square/retrofit/retrofit-converters/simplexml/target/converter-simplexml-2.0.0-SNAPSHOT.jar to /home/travis/.m2/repository/com/squareup/retrofit/converter-simplexml/2.0.0-SNAPSHOT/converter-simplexml-2.0.0-SNAPSHOT.jar
[INFO] Installing /home/travis/build/square/retrofit/retrofit-converters/simplexml/pom.xml to /home/travis/.m2/repository/com/squareup/retrofit/converter-simplexml/2.0.0-SNAPSHOT/converter-simplexml-2.0.0-SNAPSHOT.pom
[INFO]                                                                         
[INFO] ------------------------------------------------------------------------
[INFO] Building Retrofit Mock Adapter 2.0.0-SNAPSHOT
[INFO] ------------------------------------------------------------------------
[INFO] 
[INFO] --- maven-enforcer-plugin:1.0:enforce (enforce-maven) @ retrofit-mock ---
[INFO] 
[INFO] --- maven-resources-plugin:2.6:resources (default-resources) @ retrofit-mock ---
[INFO] Using 'UTF-8' encoding to copy filtered resources.
[INFO] skip non existing resourceDirectory /home/travis/build/square/retrofit/retrofit-mock/src/main/resources
[INFO] 
[INFO] --- maven-compiler-plugin:3.0:compile (default-compile) @ retrofit-mock ---
[INFO] Changes detected - recompiling the module!
[INFO] Compiling 5 source files to /home/travis/build/square/retrofit/retrofit-mock/target/classes
[INFO] 
[INFO] --- maven-resources-plugin:2.6:testResources (default-testResources) @ retrofit-mock ---
[INFO] Using 'UTF-8' encoding to copy filtered resources.
[INFO] skip non existing resourceDirectory /home/travis/build/square/retrofit/retrofit-mock/src/test/resources
[INFO] 
[INFO] --- maven-compiler-plugin:3.0:testCompile (default-testCompile) @ retrofit-mock ---
[INFO] Changes detected - recompiling the module!
[INFO] Compiling 1 source file to /home/travis/build/square/retrofit/retrofit-mock/target/test-classes
[INFO] 
[INFO] --- maven-surefire-plugin:2.12.4:test (default-test) @ retrofit-mock ---
[INFO] Tests are skipped.
[INFO] 
[INFO] --- maven-jar-plugin:2.4:jar (default-jar) @ retrofit-mock ---
[INFO] Building jar: /home/travis/build/square/retrofit/retrofit-mock/target/retrofit-mock-2.0.0-SNAPSHOT.jar
[INFO] 
[INFO] --- maven-checkstyle-plugin:2.9.1:checkstyle (default) @ retrofit-mock ---
[INFO] Starting audit...
Audit done.

[WARNING] Unable to locate Source XRef to link to - DISABLED
[INFO] 
[INFO] --- maven-install-plugin:2.4:install (default-install) @ retrofit-mock ---
[INFO] Installing /home/travis/build/square/retrofit/retrofit-mock/target/retrofit-mock-2.0.0-SNAPSHOT.jar to /home/travis/.m2/repository/com/squareup/retrofit/retrofit-mock/2.0.0-SNAPSHOT/retrofit-mock-2.0.0-SNAPSHOT.jar
[INFO] Installing /home/travis/build/square/retrofit/retrofit-mock/pom.xml to /home/travis/.m2/repository/com/squareup/retrofit/retrofit-mock/2.0.0-SNAPSHOT/retrofit-mock-2.0.0-SNAPSHOT.pom
[INFO]                                                                         
[INFO] ------------------------------------------------------------------------
[INFO] Building Samples 2.0.0-SNAPSHOT
[INFO] ------------------------------------------------------------------------
[INFO] 
[INFO] --- maven-enforcer-plugin:1.0:enforce (enforce-maven) @ parent ---
[INFO] 
[INFO] --- maven-checkstyle-plugin:2.9.1:checkstyle (default) @ parent ---
[INFO] 
[INFO] --- maven-install-plugin:2.4:install (default-install) @ parent ---
[INFO] Installing /home/travis/build/square/retrofit/samples/pom.xml to /home/travis/.m2/repository/com/squareup/retrofit/samples/parent/2.0.0-SNAPSHOT/parent-2.0.0-SNAPSHOT.pom
[INFO]                                                                         
[INFO] ------------------------------------------------------------------------
[INFO] Building Sample: GitHub Client 2.0.0-SNAPSHOT
[INFO] ------------------------------------------------------------------------
[INFO] 
[INFO] --- maven-enforcer-plugin:1.0:enforce (enforce-maven) @ github-client ---
[INFO] 
[INFO] --- maven-resources-plugin:2.6:resources (default-resources) @ github-client ---
[INFO] Using 'UTF-8' encoding to copy filtered resources.
[INFO] skip non existing resourceDirectory /home/travis/build/square/retrofit/samples/github-client/src/main/resources
[INFO] 
[INFO] --- maven-compiler-plugin:3.0:compile (default-compile) @ github-client ---
[INFO] Changes detected - recompiling the module!
[INFO] Compiling 1 source file to /home/travis/build/square/retrofit/samples/github-client/target/classes
[INFO] 
[INFO] --- maven-resources-plugin:2.6:testResources (default-testResources) @ github-client ---
[INFO] Using 'UTF-8' encoding to copy filtered resources.
[INFO] skip non existing resourceDirectory /home/travis/build/square/retrofit/samples/github-client/src/test/resources
[INFO] 
[INFO] --- maven-compiler-plugin:3.0:testCompile (default-testCompile) @ github-client ---
[INFO] No sources to compile
[INFO] 
[INFO] --- maven-surefire-plugin:2.12.4:test (default-test) @ github-client ---
[INFO] Tests are skipped.
[INFO] 
[INFO] --- maven-jar-plugin:2.4:jar (default-jar) @ github-client ---
[INFO] Building jar: /home/travis/build/square/retrofit/samples/github-client/target/github-client-2.0.0-SNAPSHOT.jar
[INFO] 
[INFO] --- maven-checkstyle-plugin:2.9.1:checkstyle (default) @ github-client ---
[INFO] Starting audit...
Audit done.

[WARNING] Unable to locate Source XRef to link to - DISABLED
[INFO] 
[INFO] --- maven-install-plugin:2.4:install (default-install) @ github-client ---
[INFO] Installing /home/travis/build/square/retrofit/samples/github-client/target/github-client-2.0.0-SNAPSHOT.jar to /home/travis/.m2/repository/com/squareup/retrofit/samples/github-client/2.0.0-SNAPSHOT/github-client-2.0.0-SNAPSHOT.jar
[INFO] Installing /home/travis/build/square/retrofit/samples/github-client/pom.xml to /home/travis/.m2/repository/com/squareup/retrofit/samples/github-client/2.0.0-SNAPSHOT/github-client-2.0.0-SNAPSHOT.pom
[INFO]                                                                         
[INFO] ------------------------------------------------------------------------
[INFO] Building Sample: Mock GitHub Client 2.0.0-SNAPSHOT
[INFO] ------------------------------------------------------------------------
[INFO] 
[INFO] --- maven-enforcer-plugin:1.0:enforce (enforce-maven) @ mock-github-client ---
[INFO] 
[INFO] --- maven-resources-plugin:2.6:resources (default-resources) @ mock-github-client ---
[INFO] Using 'UTF-8' encoding to copy filtered resources.
[INFO] skip non existing resourceDirectory /home/travis/build/square/retrofit/samples/mock-github-client/src/main/resources
[INFO] 
[INFO] --- maven-compiler-plugin:3.0:compile (default-compile) @ mock-github-client ---
[INFO] Changes detected - recompiling the module!
[INFO] Compiling 1 source file to /home/travis/build/square/retrofit/samples/mock-github-client/target/classes
[INFO] 
[INFO] --- maven-resources-plugin:2.6:testResources (default-testResources) @ mock-github-client ---
[INFO] Using 'UTF-8' encoding to copy filtered resources.
[INFO] skip non existing resourceDirectory /home/travis/build/square/retrofit/samples/mock-github-client/src/test/resources
[INFO] 
[INFO] --- maven-compiler-plugin:3.0:testCompile (default-testCompile) @ mock-github-client ---
[INFO] No sources to compile
[INFO] 
[INFO] --- maven-surefire-plugin:2.12.4:test (default-test) @ mock-github-client ---
[INFO] Tests are skipped.
[INFO] 
[INFO] --- maven-jar-plugin:2.4:jar (default-jar) @ mock-github-client ---
[INFO] Building jar: /home/travis/build/square/retrofit/samples/mock-github-client/target/mock-github-client-2.0.0-SNAPSHOT.jar
[INFO] 
[INFO] --- maven-checkstyle-plugin:2.9.1:checkstyle (default) @ mock-github-client ---
[INFO] Starting audit...
Audit done.

[WARNING] Unable to locate Source XRef to link to - DISABLED
[INFO] 
[INFO] --- maven-install-plugin:2.4:install (default-install) @ mock-github-client ---
[INFO] Installing /home/travis/build/square/retrofit/samples/mock-github-client/target/mock-github-client-2.0.0-SNAPSHOT.jar to /home/travis/.m2/repository/com/squareup/retrofit/samples/mock-github-client/2.0.0-SNAPSHOT/mock-github-client-2.0.0-SNAPSHOT.jar
[INFO] Installing /home/travis/build/square/retrofit/samples/mock-github-client/pom.xml to /home/travis/.m2/repository/com/squareup/retrofit/samples/mock-github-client/2.0.0-SNAPSHOT/mock-github-client-2.0.0-SNAPSHOT.pom
[INFO] ------------------------------------------------------------------------
[INFO] Reactor Summary:
[INFO] 
[INFO] Retrofit (Parent) .................................. SUCCESS [  2.330 s]
[INFO] Retrofit ........................................... SUCCESS [ 14.863 s]
[INFO] Converters ......................................... SUCCESS [  0.058 s]
[INFO] Converter: Protocol Buffers ........................ SUCCESS [  1.825 s]
[INFO] Converter: Jackson ................................. SUCCESS [  1.712 s]
[INFO] Converter: Wire Protocol Buffers ................... SUCCESS [  1.040 s]
[INFO] Converter: SimpleXML ............................... SUCCESS [  1.721 s]
[INFO] Retrofit Mock Adapter .............................. SUCCESS [  2.943 s]
[INFO] Samples ............................................ SUCCESS [  0.049 s]
[INFO] Sample: GitHub Client .............................. SUCCESS [  0.833 s]
[INFO] Sample: Mock GitHub Client ......................... SUCCESS [  0.814 s]
[INFO] ------------------------------------------------------------------------
[INFO] BUILD SUCCESS
[INFO] ------------------------------------------------------------------------
[INFO] Total time: 28.649 s
[INFO] Finished at: 2015-01-30T23:56:45+00:00
[INFO] Final Memory: 32M/357M
[INFO] ------------------------------------------------------------------------
travis_time:end:0698aa3e:start=1422662175296480372,finish=1422662213039949582,duration=37743469210[0Ktravis_fold:end:install[0Ktravis_time:start:0e944f2c[0K$ mvn test -B
Java HotSpot(TM) 64-Bit Server VM warning: ignoring option MaxPermSize=192m; support was removed in 8.0
[INFO] Scanning for projects...
[INFO] ------------------------------------------------------------------------
[INFO] Reactor Build Order:
[INFO] 
[INFO] Retrofit (Parent)
[INFO] Retrofit
[INFO] Converters
[INFO] Converter: Protocol Buffers
[INFO] Converter: Jackson
[INFO] Converter: Wire Protocol Buffers
[INFO] Converter: SimpleXML
[INFO] Retrofit Mock Adapter
[INFO] Samples
[INFO] Sample: GitHub Client
[INFO] Sample: Mock GitHub Client
[INFO]                                                                         
[INFO] ------------------------------------------------------------------------
[INFO] Building Retrofit (Parent) 2.0.0-SNAPSHOT
[INFO] ------------------------------------------------------------------------
[INFO] 
[INFO] --- maven-enforcer-plugin:1.0:enforce (enforce-maven) @ parent ---
[INFO]                                                                         
[INFO] ------------------------------------------------------------------------
[INFO] Building Retrofit 2.0.0-SNAPSHOT
[INFO] ------------------------------------------------------------------------
[INFO] 
[INFO] --- maven-enforcer-plugin:1.0:enforce (enforce-maven) @ retrofit ---
[INFO] 
[INFO] --- maven-resources-plugin:2.6:resources (default-resources) @ retrofit ---
[INFO] Using 'UTF-8' encoding to copy filtered resources.
[INFO] skip non existing resourceDirectory /home/travis/build/square/retrofit/retrofit/src/main/resources
[INFO] 
[INFO] --- maven-compiler-plugin:3.0:compile (default-compile) @ retrofit ---
[INFO] Changes detected - recompiling the module!
[INFO] Compiling 51 source files to /home/travis/build/square/retrofit/retrofit/target/classes
[WARNING] /home/travis/build/square/retrofit/retrofit/src/main/java/retrofit/RestAdapter.java: /home/travis/build/square/retrofit/retrofit/src/main/java/retrofit/RestAdapter.java uses unchecked or unsafe operations.
[WARNING] /home/travis/build/square/retrofit/retrofit/src/main/java/retrofit/RestAdapter.java: Recompile with -Xlint:unchecked for details.
[INFO] 
[INFO] --- maven-resources-plugin:2.6:testResources (default-testResources) @ retrofit ---
[INFO] Using 'UTF-8' encoding to copy filtered resources.
[INFO] skip non existing resourceDirectory /home/travis/build/square/retrofit/retrofit/src/test/resources
[INFO] 
[INFO] --- maven-compiler-plugin:3.0:testCompile (default-testCompile) @ retrofit ---
[INFO] Changes detected - recompiling the module!
[INFO] Compiling 15 source files to /home/travis/build/square/retrofit/retrofit/target/test-classes
[WARNING] /home/travis/build/square/retrofit/retrofit/src/test/java/retrofit/RestAdapterTest.java: /home/travis/build/square/retrofit/retrofit/src/test/java/retrofit/RestAdapterTest.java uses unchecked or unsafe operations.
[WARNING] /home/travis/build/square/retrofit/retrofit/src/test/java/retrofit/RestAdapterTest.java: Recompile with -Xlint:unchecked for details.
[INFO] 
[INFO] --- maven-surefire-plugin:2.12.4:test (default-test) @ retrofit ---
[INFO] Surefire report directory: /home/travis/build/square/retrofit/retrofit/target/surefire-reports

-------------------------------------------------------
 T E S T S
-------------------------------------------------------
Running retrofit.client.OkClientTest
Tests run: 6, Failures: 0, Errors: 0, Skipped: 0, Time elapsed: 0.168 sec
Running retrofit.mime.TypedByteArrayTest
Tests run: 1, Failures: 0, Errors: 0, Skipped: 0, Time elapsed: 0 sec
Running retrofit.mime.FormUrlEncodingTypedOutputTest
Tests run: 3, Failures: 0, Errors: 0, Skipped: 0, Time elapsed: 0 sec
Running retrofit.mime.MimeUtilTest
Tests run: 2, Failures: 0, Errors: 0, Skipped: 0, Time elapsed: 0 sec
Running retrofit.mime.MultipartTypedOutputTest
Tests run: 4, Failures: 0, Errors: 0, Skipped: 0, Time elapsed: 0 sec
Running retrofit.mime.TypedFileTest
Tests run: 3, Failures: 0, Errors: 0, Skipped: 0, Time elapsed: 0 sec
Running retrofit.RestMethodInfoTest
Tests run: 14, Failures: 0, Errors: 0, Skipped: 0, Time elapsed: 0.095 sec
Running retrofit.ErrorHandlerTest
Tests run: 4, Failures: 0, Errors: 0, Skipped: 0, Time elapsed: 0.206 sec
Running retrofit.converter.GsonConverterTest
Tests run: 3, Failures: 0, Errors: 0, Skipped: 0, Time elapsed: 0.031 sec
Running retrofit.RestAdapterTest
Tests run: 18, Failures: 0, Errors: 0, Skipped: 0, Time elapsed: 0.28 sec
Running retrofit.RequestBuilderTest
Tests run: 105, Failures: 0, Errors: 0, Skipped: 0, Time elapsed: 0.253 sec
Running retrofit.EndpointsTest
Tests run: 1, Failures: 0, Errors: 0, Skipped: 0, Time elapsed: 0 sec

Results :

Tests run: 164, Failures: 0, Errors: 0, Skipped: 0

[INFO]                                                                         
[INFO] ------------------------------------------------------------------------
[INFO] Building Converters 2.0.0-SNAPSHOT
[INFO] ------------------------------------------------------------------------
[INFO] 
[INFO] --- maven-enforcer-plugin:1.0:enforce (enforce-maven) @ retrofit-converters ---
[INFO]                                                                         
[INFO] ------------------------------------------------------------------------
[INFO] Building Converter: Protocol Buffers 2.0.0-SNAPSHOT
[INFO] ------------------------------------------------------------------------
[INFO] 
[INFO] --- maven-enforcer-plugin:1.0:enforce (enforce-maven) @ converter-protobuf ---
[INFO] 
[INFO] --- maven-resources-plugin:2.6:resources (default-resources) @ converter-protobuf ---
[INFO] Using 'UTF-8' encoding to copy filtered resources.
[INFO] skip non existing resourceDirectory /home/travis/build/square/retrofit/retrofit-converters/protobuf/src/main/resources
[INFO] 
[INFO] --- maven-compiler-plugin:3.0:compile (default-compile) @ converter-protobuf ---
[INFO] Changes detected - recompiling the module!
[INFO] Compiling 1 source file to /home/travis/build/square/retrofit/retrofit-converters/protobuf/target/classes
[INFO] 
[INFO] --- maven-resources-plugin:2.6:testResources (default-testResources) @ converter-protobuf ---
[INFO] Using 'UTF-8' encoding to copy filtered resources.
[INFO] skip non existing resourceDirectory /home/travis/build/square/retrofit/retrofit-converters/protobuf/src/test/resources
[INFO] 
[INFO] --- maven-compiler-plugin:3.0:testCompile (default-testCompile) @ converter-protobuf ---
[INFO] Changes detected - recompiling the module!
[INFO] Compiling 2 source files to /home/travis/build/square/retrofit/retrofit-converters/protobuf/target/test-classes
[INFO] 
[INFO] --- maven-surefire-plugin:2.12.4:test (default-test) @ converter-protobuf ---
[INFO] Surefire report directory: /home/travis/build/square/retrofit/retrofit-converters/protobuf/target/surefire-reports

-------------------------------------------------------
 T E S T S
-------------------------------------------------------
Running retrofit.converter.ProtoConverterTest
Tests run: 6, Failures: 0, Errors: 0, Skipped: 0, Time elapsed: 0.319 sec

Results :

Tests run: 6, Failures: 0, Errors: 0, Skipped: 0

[INFO]                                                                         
[INFO] ------------------------------------------------------------------------
[INFO] Building Converter: Jackson 2.0.0-SNAPSHOT
[INFO] ------------------------------------------------------------------------
[INFO] 
[INFO] --- maven-enforcer-plugin:1.0:enforce (enforce-maven) @ converter-jackson ---
[INFO] 
[INFO] --- maven-resources-plugin:2.6:resources (default-resources) @ converter-jackson ---
[INFO] Using 'UTF-8' encoding to copy filtered resources.
[INFO] skip non existing resourceDirectory /home/travis/build/square/retrofit/retrofit-converters/jackson/src/main/resources
[INFO] 
[INFO] --- maven-compiler-plugin:3.0:compile (default-compile) @ converter-jackson ---
[INFO] Changes detected - recompiling the module!
[INFO] Compiling 1 source file to /home/travis/build/square/retrofit/retrofit-converters/jackson/target/classes
[INFO] 
[INFO] --- maven-resources-plugin:2.6:testResources (default-testResources) @ converter-jackson ---
[INFO] Using 'UTF-8' encoding to copy filtered resources.
[INFO] skip non existing resourceDirectory /home/travis/build/square/retrofit/retrofit-converters/jackson/src/test/resources
[INFO] 
[INFO] --- maven-compiler-plugin:3.0:testCompile (default-testCompile) @ converter-jackson ---
[INFO] Changes detected - recompiling the module!
[INFO] Compiling 1 source file to /home/travis/build/square/retrofit/retrofit-converters/jackson/target/test-classes
[INFO] 
[INFO] --- maven-surefire-plugin:2.12.4:test (default-test) @ converter-jackson ---
[INFO] Surefire report directory: /home/travis/build/square/retrofit/retrofit-converters/jackson/target/surefire-reports

-------------------------------------------------------
 T E S T S
-------------------------------------------------------
Running retrofit.converter.JacksonConverterTest
Tests run: 4, Failures: 0, Errors: 0, Skipped: 0, Time elapsed: 0.436 sec

Results :

Tests run: 4, Failures: 0, Errors: 0, Skipped: 0

[INFO]                                                                         
[INFO] ------------------------------------------------------------------------
[INFO] Building Converter: Wire Protocol Buffers 2.0.0-SNAPSHOT
[INFO] ------------------------------------------------------------------------
[INFO] 
[INFO] --- maven-enforcer-plugin:1.0:enforce (enforce-maven) @ converter-wire ---
[INFO] 
[INFO] --- maven-resources-plugin:2.6:resources (default-resources) @ converter-wire ---
[INFO] Using 'UTF-8' encoding to copy filtered resources.
[INFO] skip non existing resourceDirectory /home/travis/build/square/retrofit/retrofit-converters/wire/src/main/resources
[INFO] 
[INFO] --- maven-compiler-plugin:3.0:compile (default-compile) @ converter-wire ---
[INFO] Changes detected - recompiling the module!
[INFO] Compiling 1 source file to /home/travis/build/square/retrofit/retrofit-converters/wire/target/classes
[INFO] 
[INFO] --- maven-resources-plugin:2.6:testResources (default-testResources) @ converter-wire ---
[INFO] Using 'UTF-8' encoding to copy filtered resources.
[INFO] skip non existing resourceDirectory /home/travis/build/square/retrofit/retrofit-converters/wire/src/test/resources
[INFO] 
[INFO] --- maven-compiler-plugin:3.0:testCompile (default-testCompile) @ converter-wire ---
[INFO] Changes detected - recompiling the module!
[INFO] Compiling 2 source files to /home/travis/build/square/retrofit/retrofit-converters/wire/target/test-classes
[INFO] 
[INFO] --- maven-surefire-plugin:2.12.4:test (default-test) @ converter-wire ---
[INFO] Surefire report directory: /home/travis/build/square/retrofit/retrofit-converters/wire/target/surefire-reports

-------------------------------------------------------
 T E S T S
-------------------------------------------------------
Running retrofit.converter.WireConverterTest
Tests run: 6, Failures: 0, Errors: 0, Skipped: 0, Time elapsed: 0.285 sec

Results :

Tests run: 6, Failures: 0, Errors: 0, Skipped: 0

[INFO]                                                                         
[INFO] ------------------------------------------------------------------------
[INFO] Building Converter: SimpleXML 2.0.0-SNAPSHOT
[INFO] ------------------------------------------------------------------------
[INFO] 
[INFO] --- maven-enforcer-plugin:1.0:enforce (enforce-maven) @ converter-simplexml ---
[INFO] 
[INFO] --- maven-resources-plugin:2.6:resources (default-resources) @ converter-simplexml ---
[INFO] Using 'UTF-8' encoding to copy filtered resources.
[INFO] skip non existing resourceDirectory /home/travis/build/square/retrofit/retrofit-converters/simplexml/src/main/resources
[INFO] 
[INFO] --- maven-compiler-plugin:3.0:compile (default-compile) @ converter-simplexml ---
[INFO] Changes detected - recompiling the module!
[INFO] Compiling 1 source file to /home/travis/build/square/retrofit/retrofit-converters/simplexml/target/classes
[INFO] 
[INFO] --- maven-resources-plugin:2.6:testResources (default-testResources) @ converter-simplexml ---
[INFO] Using 'UTF-8' encoding to copy filtered resources.
[INFO] skip non existing resourceDirectory /home/travis/build/square/retrofit/retrofit-converters/simplexml/src/test/resources
[INFO] 
[INFO] --- maven-compiler-plugin:3.0:testCompile (default-testCompile) @ converter-simplexml ---
[INFO] Changes detected - recompiling the module!
[INFO] Compiling 1 source file to /home/travis/build/square/retrofit/retrofit-converters/simplexml/target/test-classes
[INFO] 
[INFO] --- maven-surefire-plugin:2.12.4:test (default-test) @ converter-simplexml ---
[INFO] Surefire report directory: /home/travis/build/square/retrofit/retrofit-converters/simplexml/target/surefire-reports

-------------------------------------------------------
 T E S T S
-------------------------------------------------------
Running retrofit.converter.SimpleXMLConverterTest
Tests run: 4, Failures: 0, Errors: 0, Skipped: 0, Time elapsed: 0.414 sec

Results :

Tests run: 4, Failures: 0, Errors: 0, Skipped: 0

[INFO]                                                                         
[INFO] ------------------------------------------------------------------------
[INFO] Building Retrofit Mock Adapter 2.0.0-SNAPSHOT
[INFO] ------------------------------------------------------------------------
[INFO] 
[INFO] --- maven-enforcer-plugin:1.0:enforce (enforce-maven) @ retrofit-mock ---
[INFO] 
[INFO] --- maven-resources-plugin:2.6:resources (default-resources) @ retrofit-mock ---
[INFO] Using 'UTF-8' encoding to copy filtered resources.
[INFO] skip non existing resourceDirectory /home/travis/build/square/retrofit/retrofit-mock/src/main/resources
[INFO] 
[INFO] --- maven-compiler-plugin:3.0:compile (default-compile) @ retrofit-mock ---
[INFO] Changes detected - recompiling the module!
[INFO] Compiling 5 source files to /home/travis/build/square/retrofit/retrofit-mock/target/classes
[INFO] 
[INFO] --- maven-resources-plugin:2.6:testResources (default-testResources) @ retrofit-mock ---
[INFO] Using 'UTF-8' encoding to copy filtered resources.
[INFO] skip non existing resourceDirectory /home/travis/build/square/retrofit/retrofit-mock/src/test/resources
[INFO] 
[INFO] --- maven-compiler-plugin:3.0:testCompile (default-testCompile) @ retrofit-mock ---
[INFO] Changes detected - recompiling the module!
[INFO] Compiling 1 source file to /home/travis/build/square/retrofit/retrofit-mock/target/test-classes
[INFO] 
[INFO] --- maven-surefire-plugin:2.12.4:test (default-test) @ retrofit-mock ---
[INFO] Surefire report directory: /home/travis/build/square/retrofit/retrofit-mock/target/surefire-reports

-------------------------------------------------------
 T E S T S
-------------------------------------------------------
Running retrofit.MockRestAdapterTest
Tests run: 20, Failures: 0, Errors: 0, Skipped: 0, Time elapsed: 1.594 sec

Results :

Tests run: 20, Failures: 0, Errors: 0, Skipped: 0

[INFO]                                                                         
[INFO] ------------------------------------------------------------------------
[INFO] Building Samples 2.0.0-SNAPSHOT
[INFO] ------------------------------------------------------------------------
[INFO] 
[INFO] --- maven-enforcer-plugin:1.0:enforce (enforce-maven) @ parent ---
[INFO]                                                                         
[INFO] ------------------------------------------------------------------------
[INFO] Building Sample: GitHub Client 2.0.0-SNAPSHOT
[INFO] ------------------------------------------------------------------------
[INFO] 
[INFO] --- maven-enforcer-plugin:1.0:enforce (enforce-maven) @ github-client ---
[INFO] 
[INFO] --- maven-resources-plugin:2.6:resources (default-resources) @ github-client ---
[INFO] Using 'UTF-8' encoding to copy filtered resources.
[INFO] skip non existing resourceDirectory /home/travis/build/square/retrofit/samples/github-client/src/main/resources
[INFO] 
[INFO] --- maven-compiler-plugin:3.0:compile (default-compile) @ github-client ---
[INFO] Changes detected - recompiling the module!
[INFO] Compiling 1 source file to /home/travis/build/square/retrofit/samples/github-client/target/classes
[INFO] 
[INFO] --- maven-resources-plugin:2.6:testResources (default-testResources) @ github-client ---
[INFO] Using 'UTF-8' encoding to copy filtered resources.
[INFO] skip non existing resourceDirectory /home/travis/build/square/retrofit/samples/github-client/src/test/resources
[INFO] 
[INFO] --- maven-compiler-plugin:3.0:testCompile (default-testCompile) @ github-client ---
[INFO] No sources to compile
[INFO] 
[INFO] --- maven-surefire-plugin:2.12.4:test (default-test) @ github-client ---
[INFO] No tests to run.
[INFO]                                                                         
[INFO] ------------------------------------------------------------------------
[INFO] Building Sample: Mock GitHub Client 2.0.0-SNAPSHOT
[INFO] ------------------------------------------------------------------------
[INFO] 
[INFO] --- maven-enforcer-plugin:1.0:enforce (enforce-maven) @ mock-github-client ---
[INFO] 
[INFO] --- maven-resources-plugin:2.6:resources (default-resources) @ mock-github-client ---
[INFO] Using 'UTF-8' encoding to copy filtered resources.
[INFO] skip non existing resourceDirectory /home/travis/build/square/retrofit/samples/mock-github-client/src/main/resources
[INFO] 
[INFO] --- maven-compiler-plugin:3.0:compile (default-compile) @ mock-github-client ---
[INFO] Changes detected - recompiling the module!
[INFO] Compiling 1 source file to /home/travis/build/square/retrofit/samples/mock-github-client/target/classes
[INFO] 
[INFO] --- maven-resources-plugin:2.6:testResources (default-testResources) @ mock-github-client ---
[INFO] Using 'UTF-8' encoding to copy filtered resources.
[INFO] skip non existing resourceDirectory /home/travis/build/square/retrofit/samples/mock-github-client/src/test/resources
[INFO] 
[INFO] --- maven-compiler-plugin:3.0:testCompile (default-testCompile) @ mock-github-client ---
[INFO] No sources to compile
[INFO] 
[INFO] --- maven-surefire-plugin:2.12.4:test (default-test) @ mock-github-client ---
[INFO] No tests to run.
[INFO] ------------------------------------------------------------------------
[INFO] Reactor Summary:
[INFO] 
[INFO] Retrofit (Parent) .................................. SUCCESS [  0.865 s]
[INFO] Retrofit ........................................... SUCCESS [ 11.182 s]
[INFO] Converters ......................................... SUCCESS [  0.005 s]
[INFO] Converter: Protocol Buffers ........................ SUCCESS [  1.475 s]
[INFO] Converter: Jackson ................................. SUCCESS [  1.008 s]
[INFO] Converter: Wire Protocol Buffers ................... SUCCESS [  0.850 s]
[INFO] Converter: SimpleXML ............................... SUCCESS [  0.934 s]
[INFO] Retrofit Mock Adapter .............................. SUCCESS [  2.304 s]
[INFO] Samples ............................................ SUCCESS [  0.002 s]
[INFO] Sample: GitHub Client .............................. SUCCESS [  0.032 s]
[INFO] Sample: Mock GitHub Client ......................... SUCCESS [  0.253 s]
[INFO] ------------------------------------------------------------------------
[INFO] BUILD SUCCESS
[INFO] ------------------------------------------------------------------------
[INFO] Total time: 19.545 s
[INFO] Finished at: 2015-01-30T23:57:14+00:00
[INFO] Final Memory: 24M/361M
[INFO] ------------------------------------------------------------------------
travis_time:end:0e944f2c:start=1422662213045227518,finish=1422662234929069447,duration=21883841929[0K
[32;1mThe command "mvn test -B" exited with 0.[0m
travis_fold:start:cache.2[0Kstore build cache
travis_time:start:0c0380c8[0Kchange detected: /home/travis/.m2/repository/com/squareup/retrofit/parent/2.0.0-SNAPSHOT/_remote.repositories
changes detected, packing new archive
uploading archive
travis_time:end:0c0380c8:start=1422662234934301236,finish=1422662248946897741,duration=14012596505[0Ktravis_fold:end:cache.2[0Ktravis_fold:start:after_success[0Ktravis_time:start:08b3e4cb[0K$ .buildscript/deploy_snapshot.sh
Deploying snapshot...
Java HotSpot(TM) 64-Bit Server VM warning: ignoring option MaxPermSize=192m; support was removed in 8.0
[INFO] Scanning for projects...
[INFO] ------------------------------------------------------------------------
[INFO] Reactor Build Order:
[INFO] 
[INFO] Retrofit (Parent)
[INFO] Retrofit
[INFO] Converters
[INFO] Converter: Protocol Buffers
[INFO] Converter: Jackson
[INFO] Converter: Wire Protocol Buffers
[INFO] Converter: SimpleXML
[INFO] Retrofit Mock Adapter
[INFO] Samples
[INFO] Sample: GitHub Client
[INFO] Sample: Mock GitHub Client
Downloading: https://repo.maven.apache.org/maven2/org/apache/maven/plugins/maven-release-plugin/2.5/maven-release-plugin-2.5.pom
4/11 KB   8/11 KB   8/11 KB   11/11 KB              Downloaded: https://repo.maven.apache.org/maven2/org/apache/maven/plugins/maven-release-plugin/2.5/maven-release-plugin-2.5.pom (11 KB at 12.3 KB/sec)
Downloading: https://repo.maven.apache.org/maven2/org/apache/maven/release/maven-release/2.5/maven-release-2.5.pom
4/5 KB     5/5 KB            Downloaded: https://repo.maven.apache.org/maven2/org/apache/maven/release/maven-release/2.5/maven-release-2.5.pom (5 KB at 98.6 KB/sec)
Downloading: https://repo.maven.apache.org/maven2/org/apache/maven/maven-parent/23/maven-parent-23.pom
4/32 KB   8/32 KB   8/32 KB   12/32 KB   16/32 KB   16/32 KB   20/32 KB   24/32 KB   24/32 KB   28/32 KB   31/32 KB   32/32 KB              Downloaded: https://repo.maven.apache.org/maven2/org/apache/maven/maven-parent/23/maven-parent-23.pom (32 KB at 388.1 KB/sec)
Downloading: https://repo.maven.apache.org/maven2/org/apache/apache/13/apache-13.pom
4/14 KB    8/14 KB   8/14 KB   12/14 KB   14/14 KB              Downloaded: https://repo.maven.apache.org/maven2/org/apache/apache/13/apache-13.pom (14 KB at 284.3 KB/sec)
Downloading: https://repo.maven.apache.org/maven2/org/apache/maven/plugins/maven-release-plugin/2.5/maven-release-plugin-2.5.jar
4/50 KB    8/50 KB   8/50 KB   12/50 KB   16/50 KB   16/50 KB   20/50 KB   24/50 KB   24/50 KB   28/50 KB   31/50 KB   32/50 KB   36/50 KB   39/50 KB   40/50 KB   44/50 KB   47/50 KB   48/50 KB   50/50 KB              Downloaded: https://repo.maven.apache.org/maven2/org/apache/maven/plugins/maven-release-plugin/2.5/maven-release-plugin-2.5.jar (50 KB at 497.5 KB/sec)
Downloading: https://repo.maven.apache.org/maven2/org/apache/maven/plugins/maven-clean-plugin/2.5/maven-clean-plugin-2.5.pom
4/4 KB              Downloaded: https://repo.maven.apache.org/maven2/org/apache/maven/plugins/maven-clean-plugin/2.5/maven-clean-plugin-2.5.pom (4 KB at 67.1 KB/sec)
Downloading: https://repo.maven.apache.org/maven2/org/apache/maven/plugins/maven-clean-plugin/2.5/maven-clean-plugin-2.5.jar
4/25 KB   8/25 KB   8/25 KB   12/25 KB   16/25 KB   16/25 KB   20/25 KB   24/25 KB   24/25 KB   25/25 KB              Downloaded: https://repo.maven.apache.org/maven2/org/apache/maven/plugins/maven-clean-plugin/2.5/maven-clean-plugin-2.5.jar (25 KB at 329.5 KB/sec)
Downloading: https://repo.maven.apache.org/maven2/org/apache/maven/plugins/maven-deploy-plugin/2.7/maven-deploy-plugin-2.7.pom
4/6 KB     6/6 KB            Downloaded: https://repo.maven.apache.org/maven2/org/apache/maven/plugins/maven-deploy-plugin/2.7/maven-deploy-plugin-2.7.pom (6 KB at 45.7 KB/sec)
Downloading: https://repo.maven.apache.org/maven2/org/apache/maven/plugins/maven-deploy-plugin/2.7/maven-deploy-plugin-2.7.jar
4/27 KB   8/27 KB   8/27 KB   12/27 KB   16/27 KB   16/27 KB   20/27 KB   24/27 KB   24/27 KB   27/27 KB              Downloaded: https://repo.maven.apache.org/maven2/org/apache/maven/plugins/maven-deploy-plugin/2.7/maven-deploy-plugin-2.7.jar (27 KB at 259.4 KB/sec)
Downloading: https://repo.maven.apache.org/maven2/org/apache/maven/plugins/maven-site-plugin/3.3/maven-site-plugin-3.3.pom
4/21 KB    8/21 KB   8/21 KB   12/21 KB   16/21 KB   16/21 KB   20/21 KB   21/21 KB              Downloaded: https://repo.maven.apache.org/maven2/org/apache/maven/plugins/maven-site-plugin/3.3/maven-site-plugin-3.3.pom (21 KB at 317.6 KB/sec)
Downloading: https://repo.maven.apache.org/maven2/org/apache/maven/plugins/maven-plugins/24/maven-plugins-24.pom
4/11 KB    8/11 KB   8/11 KB   11/11 KB              Downloaded: https://repo.maven.apache.org/maven2/org/apache/maven/plugins/maven-plugins/24/maven-plugins-24.pom (11 KB at 251.3 KB/sec)
Downloading: https://repo.maven.apache.org/maven2/org/apache/maven/plugins/maven-site-plugin/3.3/maven-site-plugin-3.3.jar
4/122 KB   8/122 KB   8/122 KB   12/122 KB   16/122 KB   16/122 KB   20/122 KB   24/122 KB   24/122 KB   28/122 KB   31/122 KB   32/122 KB   36/122 KB   39/122 KB   40/122 KB   44/122 KB   47/122 KB   48/122 KB   52/122 KB   55/122 KB   56/122 KB   60/122 KB   63/122 KB   64/122 KB   68/122 KB   70/122 KB   72/122 KB   76/122 KB   78/122 KB   80/122 KB   84/122 KB   86/122 KB   88/122 KB   92/122 KB   94/122 KB   96/122 KB   100/122 KB   102/122 KB   104/122 KB   108/122 KB   109/122 KB   112/122 KB   116/122 KB   117/122 KB   120/122 KB   122/122 KB                Downloaded: https://repo.maven.apache.org/maven2/org/apache/maven/plugins/maven-site-plugin/3.3/maven-site-plugin-3.3.jar (122 KB at 987.3 KB/sec)
Downloading: https://repo.maven.apache.org/maven2/org/apache/maven/plugins/maven-antrun-plugin/1.3/maven-antrun-plugin-1.3.pom
4/5 KB       5/5 KB            Downloaded: https://repo.maven.apache.org/maven2/org/apache/maven/plugins/maven-antrun-plugin/1.3/maven-antrun-plugin-1.3.pom (5 KB at 55.7 KB/sec)
Downloading: https://repo.maven.apache.org/maven2/org/apache/maven/plugins/maven-plugins/12/maven-plugins-12.pom
4/12 KB   8/12 KB   8/12 KB   12/12 KB              Downloaded: https://repo.maven.apache.org/maven2/org/apache/maven/plugins/maven-plugins/12/maven-plugins-12.pom (12 KB at 143.4 KB/sec)
Downloading: https://repo.maven.apache.org/maven2/org/apache/maven/maven-parent/9/maven-parent-9.pom
4/33 KB    8/33 KB   8/33 KB   12/33 KB   16/33 KB   16/33 KB   20/33 KB   24/33 KB   24/33 KB   28/33 KB   31/33 KB   32/33 KB   33/33 KB              Downloaded: https://repo.maven.apache.org/maven2/org/apache/maven/maven-parent/9/maven-parent-9.pom (33 KB at 501.1 KB/sec)
Downloading: https://repo.maven.apache.org/maven2/org/apache/maven/plugins/maven-antrun-plugin/1.3/maven-antrun-plugin-1.3.jar
4/24 KB    8/24 KB   8/24 KB   12/24 KB   16/24 KB   16/24 KB   20/24 KB   24/24 KB              Downloaded: https://repo.maven.apache.org/maven2/org/apache/maven/plugins/maven-antrun-plugin/1.3/maven-antrun-plugin-1.3.jar (24 KB at 232.5 KB/sec)
Downloading: https://repo.maven.apache.org/maven2/org/apache/maven/plugins/maven-assembly-plugin/2.2-beta-5/maven-assembly-plugin-2.2-beta-5.pom
4/15 KB    8/15 KB   8/15 KB   12/15 KB   15/15 KB              Downloaded: https://repo.maven.apache.org/maven2/org/apache/maven/plugins/maven-assembly-plugin/2.2-beta-5/maven-assembly-plugin-2.2-beta-5.pom (15 KB at 302.1 KB/sec)
Downloading: https://repo.maven.apache.org/maven2/org/apache/maven/plugins/maven-plugins/16/maven-plugins-16.pom
4/13 KB    8/13 KB   8/13 KB   12/13 KB   13/13 KB              Downloaded: https://repo.maven.apache.org/maven2/org/apache/maven/plugins/maven-plugins/16/maven-plugins-16.pom (13 KB at 258.1 KB/sec)
Downloading: https://repo.maven.apache.org/maven2/org/apache/maven/maven-parent/15/maven-parent-15.pom
4/24 KB    8/24 KB   8/24 KB   12/24 KB   16/24 KB   16/24 KB   20/24 KB   24/24 KB   24/24 KB              Downloaded: https://repo.maven.apache.org/maven2/org/apache/maven/maven-parent/15/maven-parent-15.pom (24 KB at 404.1 KB/sec)
Downloading: https://repo.maven.apache.org/maven2/org/apache/maven/plugins/maven-assembly-plugin/2.2-beta-5/maven-assembly-plugin-2.2-beta-5.jar
4/204 KB   8/204 KB   8/204 KB   12/204 KB   16/204 KB   16/204 KB   20/204 KB   24/204 KB   24/204 KB   28/204 KB   31/204 KB   32/204 KB   36/204 KB   39/204 KB   40/204 KB   44/204 KB   47/204 KB   48/204 KB   52/204 KB   55/204 KB   56/204 KB   60/204 KB   63/204 KB   64/204 KB   68/204 KB   70/204 KB   72/204 KB   76/204 KB   78/204 KB   80/204 KB   84/204 KB   86/204 KB   88/204 KB   92/204 KB   94/204 KB   96/204 KB   100/204 KB   102/204 KB   104/204 KB   108/204 KB   109/204 KB   112/204 KB   116/204 KB   117/204 KB   120/204 KB   124/204 KB   125/204 KB   128/204 KB   132/204 KB   133/204 KB   136/204 KB   140/204 KB   141/204 KB   144/204 KB   148/204 KB   149/204 KB   152/204 KB   156/204 KB   160/204 KB   160/204 KB   164/204 KB   168/204 KB   168/204 KB   172/204 KB   176/204 KB   176/204 KB   180/204 KB   184/204 KB   184/204 KB   188/204 KB   192/204 KB   192/204 KB   195/204 KB   199/204 KB   200/204 KB   203/204 KB   204/204 KB                Downloaded: https://repo.maven.apache.org/maven2/org/apache/maven/plugins/maven-assembly-plugin/2.2-beta-5/maven-assembly-plugin-2.2-beta-5.jar (204 KB at 868.0 KB/sec)
Downloading: https://repo.maven.apache.org/maven2/org/apache/maven/plugins/maven-dependency-plugin/2.8/maven-dependency-plugin-2.8.pom
4/12 KB      8/12 KB   8/12 KB   12/12 KB              Downloaded: https://repo.maven.apache.org/maven2/org/apache/maven/plugins/maven-dependency-plugin/2.8/maven-dependency-plugin-2.8.pom (12 KB at 238.0 KB/sec)
Downloading: https://repo.maven.apache.org/maven2/org/apache/maven/plugins/maven-dependency-plugin/2.8/maven-dependency-plugin-2.8.jar
4/150 KB   8/150 KB   8/150 KB   12/150 KB   16/150 KB   16/150 KB   20/150 KB   24/150 KB   24/150 KB   28/150 KB   31/150 KB   32/150 KB   36/150 KB   39/150 KB   40/150 KB   44/150 KB   47/150 KB   48/150 KB   52/150 KB   55/150 KB   56/150 KB   60/150 KB   63/150 KB   64/150 KB   68/150 KB   70/150 KB   72/150 KB   76/150 KB   78/150 KB   80/150 KB   84/150 KB   86/150 KB   88/150 KB   92/150 KB   94/150 KB   96/150 KB   100/150 KB   102/150 KB   104/150 KB   108/150 KB   109/150 KB   112/150 KB   116/150 KB   117/150 KB   120/150 KB   124/150 KB   125/150 KB   128/150 KB   132/150 KB   133/150 KB   136/150 KB   140/150 KB   141/150 KB   144/150 KB   148/150 KB   149/150 KB   150/150 KB                Downloaded: https://repo.maven.apache.org/maven2/org/apache/maven/plugins/maven-dependency-plugin/2.8/maven-dependency-plugin-2.8.jar (150 KB at 1466.6 KB/sec)
Downloading: https://repo.maven.apache.org/maven2/org/apache/maven/plugins/maven-release-plugin/2.1/maven-release-plugin-2.1.pom
4/9 KB       8/9 KB   8/9 KB   9/9 KB            Downloaded: https://repo.maven.apache.org/maven2/org/apache/maven/plugins/maven-release-plugin/2.1/maven-release-plugin-2.1.pom (9 KB at 191.2 KB/sec)
Downloading: https://repo.maven.apache.org/maven2/org/apache/maven/release/maven-release/2.1/maven-release-2.1.pom
4/7 KB   7/7 KB            Downloaded: https://repo.maven.apache.org/maven2/org/apache/maven/release/maven-release/2.1/maven-release-2.1.pom (7 KB at 153.5 KB/sec)
Downloading: https://repo.maven.apache.org/maven2/org/apache/maven/plugins/maven-release-plugin/2.1/maven-release-plugin-2.1.jar
4/40 KB   8/40 KB   8/40 KB   12/40 KB   16/40 KB   16/40 KB   20/40 KB   24/40 KB   24/40 KB   28/40 KB   31/40 KB   32/40 KB   36/40 KB   39/40 KB   40/40 KB              Downloaded: https://repo.maven.apache.org/maven2/org/apache/maven/plugins/maven-release-plugin/2.1/maven-release-plugin-2.1.jar (40 KB at 568.4 KB/sec)
Downloading: https://repo.maven.apache.org/maven2/org/apache/maven/plugins/maven-metadata.xml
Downloading: https://repo.maven.apache.org/maven2/org/codehaus/mojo/maven-metadata.xml
4/13 KB    8/13 KB   8/13 KB   12/13 KB   13/13 KB   13/13 KB   4/20 KB   13/13 KB   8/20 KB   13/13 KB   8/20 KB                        Downloaded: https://repo.maven.apache.org/maven2/org/apache/maven/plugins/maven-metadata.xml (13 KB at 123.9 KB/sec)
12/20 KB             16/20 KB   16/20 KB   20/20 KB              Downloaded: https://repo.maven.apache.org/maven2/org/codehaus/mojo/maven-metadata.xml (20 KB at 173.7 KB/sec)
Downloading: https://repo.maven.apache.org/maven2/org/apache/maven/plugins/maven-source-plugin/maven-metadata.xml
746/746 B               Downloaded: https://repo.maven.apache.org/maven2/org/apache/maven/plugins/maven-source-plugin/maven-metadata.xml (746 B at 16.9 KB/sec)
Downloading: https://repo.maven.apache.org/maven2/org/apache/maven/plugins/maven-source-plugin/2.4/maven-source-plugin-2.4.pom
4/7 KB      7/7 KB            Downloaded: https://repo.maven.apache.org/maven2/org/apache/maven/plugins/maven-source-plugin/2.4/maven-source-plugin-2.4.pom (7 KB at 141.0 KB/sec)
Downloading: https://repo.maven.apache.org/maven2/org/apache/maven/plugins/maven-plugins/25/maven-plugins-25.pom
4/10 KB   8/10 KB   8/10 KB   10/10 KB              Downloaded: https://repo.maven.apache.org/maven2/org/apache/maven/plugins/maven-plugins/25/maven-plugins-25.pom (10 KB at 179.4 KB/sec)
Downloading: https://repo.maven.apache.org/maven2/org/apache/maven/maven-parent/24/maven-parent-24.pom
4/37 KB    8/37 KB   8/37 KB   12/37 KB   16/37 KB   16/37 KB   20/37 KB   24/37 KB   24/37 KB   28/37 KB   31/37 KB   32/37 KB   36/37 KB   37/37 KB              Downloaded: https://repo.maven.apache.org/maven2/org/apache/maven/maven-parent/24/maven-parent-24.pom (37 KB at 563.0 KB/sec)
Downloading: https://repo.maven.apache.org/maven2/org/apache/apache/14/apache-14.pom
4/15 KB    8/15 KB   8/15 KB   12/15 KB   15/15 KB              Downloaded: https://repo.maven.apache.org/maven2/org/apache/apache/14/apache-14.pom (15 KB at 247.3 KB/sec)
Downloading: https://repo.maven.apache.org/maven2/org/apache/maven/plugins/maven-source-plugin/2.4/maven-source-plugin-2.4.jar
4/31 KB    8/31 KB   8/31 KB   12/31 KB   16/31 KB   16/31 KB   20/31 KB   24/31 KB   24/31 KB   28/31 KB   31/31 KB              Downloaded: https://repo.maven.apache.org/maven2/org/apache/maven/plugins/maven-source-plugin/2.4/maven-source-plugin-2.4.jar (31 KB at 503.1 KB/sec)
Downloading: https://repo.maven.apache.org/maven2/org/apache/maven/plugins/maven-javadoc-plugin/maven-metadata.xml
846/846 B               Downloaded: https://repo.maven.apache.org/maven2/org/apache/maven/plugins/maven-javadoc-plugin/maven-metadata.xml (846 B at 19.7 KB/sec)
Downloading: https://repo.maven.apache.org/maven2/org/apache/maven/plugins/maven-javadoc-plugin/2.10.1/maven-javadoc-plugin-2.10.1.pom
4/17 KB     8/17 KB   8/17 KB   12/17 KB   16/17 KB   16/17 KB   17/17 KB              Downloaded: https://repo.maven.apache.org/maven2/org/apache/maven/plugins/maven-javadoc-plugin/2.10.1/maven-javadoc-plugin-2.10.1.pom (17 KB at 311.9 KB/sec)
Downloading: https://repo.maven.apache.org/maven2/org/apache/maven/plugins/maven-javadoc-plugin/2.10.1/maven-javadoc-plugin-2.10.1.jar
4/401 KB   8/401 KB   8/401 KB   12/401 KB   16/401 KB   16/401 KB   20/401 KB   24/401 KB   24/401 KB   28/401 KB   31/401 KB   32/401 KB   36/401 KB   39/401 KB   40/401 KB   44/401 KB   47/401 KB   48/401 KB   52/401 KB   55/401 KB   56/401 KB   60/401 KB   63/401 KB   64/401 KB   68/401 KB   70/401 KB   72/401 KB   76/401 KB   78/401 KB   80/401 KB   84/401 KB   86/401 KB   88/401 KB   92/401 KB   94/401 KB   96/401 KB   100/401 KB   102/401 KB   104/401 KB   108/401 KB   109/401 KB   112/401 KB   116/401 KB   117/401 KB   120/401 KB   124/401 KB   125/401 KB   128/401 KB   132/401 KB   133/401 KB   136/401 KB   140/401 KB   141/401 KB   144/401 KB   148/401 KB   149/401 KB   152/401 KB   156/401 KB   160/401 KB   160/401 KB   164/401 KB   168/401 KB   168/401 KB   172/401 KB   176/401 KB   176/401 KB   180/401 KB   184/401 KB   184/401 KB   188/401 KB   192/401 KB   192/401 KB   195/401 KB   199/401 KB   200/401 KB   203/401 KB   207/401 KB   208/401 KB   211/401 KB   215/401 KB   216/401 KB   219/401 KB   223/401 KB   224/401 KB   227/401 KB   231/401 KB   232/401 KB   234/401 KB   238/401 KB   240/401 KB   242/401 KB   246/401 KB   248/401 KB   250/401 KB   254/401 KB   256/401 KB   258/401 KB   262/401 KB   264/401 KB   266/401 KB   270/401 KB   272/401 KB   274/401 KB   278/401 KB   280/401 KB   281/401 KB   285/401 KB   288/401 KB   289/401 KB   293/401 KB   296/401 KB   297/401 KB   301/401 KB   304/401 KB   305/401 KB   309/401 KB   312/401 KB   313/401 KB   317/401 KB   320/401 KB   320/401 KB   324/401 KB   328/401 KB   328/401 KB   332/401 KB   336/401 KB   336/401 KB   340/401 KB   344/401 KB   344/401 KB   348/401 KB   352/401 KB   352/401 KB   356/401 KB   359/401 KB   360/401 KB   364/401 KB   367/401 KB   368/401 KB   372/401 KB   375/401 KB   376/401 KB   380/401 KB   383/401 KB   384/401 KB   388/401 KB   391/401 KB   392/401 KB   396/401 KB   399/401 KB   400/401 KB   401/401 KB                Downloaded: https://repo.maven.apache.org/maven2/org/apache/maven/plugins/maven-javadoc-plugin/2.10.1/maven-javadoc-plugin-2.10.1.jar (401 KB at 962.2 KB/sec)
[INFO]                                                                         
[INFO] ------------------------------------------------------------------------
[INFO] Building Retrofit (Parent) 2.0.0-SNAPSHOT
[INFO] ------------------------------------------------------------------------
[INFO] 
[INFO] --- maven-clean-plugin:2.5:clean (default-clean) @ parent ---
[INFO] 
[INFO] >>> maven-source-plugin:2.4:jar (default-cli) > generate-sources @ parent >>>
[INFO] 
[INFO] --- maven-enforcer-plugin:1.0:enforce (enforce-maven) @ parent ---
[INFO] 
[INFO] <<< maven-source-plugin:2.4:jar (default-cli) < generate-sources @ parent <<<
[INFO] 
[INFO] --- maven-source-plugin:2.4:jar (default-cli) @ parent ---
Downloading: https://repo.maven.apache.org/maven2/org/codehaus/plexus/plexus-archiver/2.6.3/plexus-archiver-2.6.3.pom
4/4 KB                Downloaded: https://repo.maven.apache.org/maven2/org/codehaus/plexus/plexus-archiver/2.6.3/plexus-archiver-2.6.3.pom (4 KB at 37.4 KB/sec)
Downloading: https://repo.maven.apache.org/maven2/org/codehaus/plexus/plexus-utils/3.0.18/plexus-utils-3.0.18.pom
4/4 KB            Downloaded: https://repo.maven.apache.org/maven2/org/codehaus/plexus/plexus-utils/3.0.18/plexus-utils-3.0.18.pom (4 KB at 46.7 KB/sec)
Downloading: https://repo.maven.apache.org/maven2/org/codehaus/plexus/plexus/3.3.1/plexus-3.3.1.pom
4/20 KB   8/20 KB   8/20 KB   12/20 KB   16/20 KB   16/20 KB   20/20 KB              Downloaded: https://repo.maven.apache.org/maven2/org/codehaus/plexus/plexus/3.3.1/plexus-3.3.1.pom (20 KB at 344.3 KB/sec)
Downloading: https://repo.maven.apache.org/maven2/org/codehaus/plexus/plexus-io/2.1.3/plexus-io-2.1.3.pom
3/3 KB              Downloaded: https://repo.maven.apache.org/maven2/org/codehaus/plexus/plexus-io/2.1.3/plexus-io-2.1.3.pom (3 KB at 51.0 KB/sec)
Downloading: https://repo.maven.apache.org/maven2/org/codehaus/plexus/plexus-components/1.2/plexus-components-1.2.pom
3/3 KB            Downloaded: https://repo.maven.apache.org/maven2/org/codehaus/plexus/plexus-components/1.2/plexus-components-1.2.pom (3 KB at 59.7 KB/sec)
Downloading: https://repo.maven.apache.org/maven2/org/apache/commons/commons-compress/1.8.1/commons-compress-1.8.1.pom
4/12 KB   8/12 KB   8/12 KB   12/12 KB              Downloaded: https://repo.maven.apache.org/maven2/org/apache/commons/commons-compress/1.8.1/commons-compress-1.8.1.pom (12 KB at 237.5 KB/sec)
Downloading: https://repo.maven.apache.org/maven2/org/apache/commons/commons-parent/33/commons-parent-33.pom
4/52 KB    8/52 KB   8/52 KB   12/52 KB   16/52 KB   16/52 KB   20/52 KB   24/52 KB   24/52 KB   28/52 KB   31/52 KB   32/52 KB   36/52 KB   39/52 KB   40/52 KB   44/52 KB   47/52 KB   48/52 KB   52/52 KB              Downloaded: https://repo.maven.apache.org/maven2/org/apache/commons/commons-parent/33/commons-parent-33.pom (52 KB at 609.9 KB/sec)
Downloading: https://repo.maven.apache.org/maven2/org/codehaus/plexus/plexus-interpolation/1.11/plexus-interpolation-1.11.jar
Downloading: https://repo.maven.apache.org/maven2/org/codehaus/plexus/plexus-archiver/2.6.3/plexus-archiver-2.6.3.jar
Downloading: https://repo.maven.apache.org/maven2/org/codehaus/plexus/plexus-io/2.1.3/plexus-io-2.1.3.jar
Downloading: https://repo.maven.apache.org/maven2/org/apache/commons/commons-compress/1.8.1/commons-compress-1.8.1.jar
Downloading: https://repo.maven.apache.org/maven2/org/codehaus/plexus/plexus-utils/3.0.18/plexus-utils-3.0.18.jar
4/65 KB    4/129 KB   8/65 KB   4/129 KB   4/65 KB   8/129 KB   8/65 KB   8/129 KB   8/65 KB   4/129 KB   8/65 KB   12/129 KB   8/65 KB   16/129 KB   8/65 KB   16/129 KB   8/65 KB   16/129 KB   12/65 KB   16/129 KB   16/65 KB   16/129 KB   16/65 KB   16/129 KB   20/65 KB   16/129 KB   24/65 KB   20/129 KB   24/65 KB   24/129 KB   24/65 KB   24/129 KB   24/65 KB   24/129 KB   24/65 KB   24/129 KB   28/65 KB   28/129 KB   31/65 KB   28/129 KB   28/65 KB   31/129 KB   31/65 KB   32/129 KB   31/65 KB   32/129 KB   32/65 KB   32/129 KB   32/65 KB   4/50 KB   32/129 KB   32/65 KB   8/50 KB   32/129 KB   32/65 KB   8/50 KB   32/129 KB   36/65 KB   8/50 KB   36/129 KB   4/357 KB   39/65 KB   8/50 KB   36/129 KB   4/357 KB   36/65 KB   8/50 KB   36/129 KB   8/357 KB   39/65 KB   8/50 KB   36/129 KB   8/357 KB   39/65 KB   8/50 KB   36/129 KB   8/357 KB   40/65 KB   8/50 KB   36/129 KB   36/65 KB   8/50 KB   39/129 KB   8/357 KB   40/65 KB   8/50 KB   40/129 KB   8/357 KB   40/65 KB   8/50 KB   40/129 KB   8/357 KB   44/65 KB   8/50 KB   44/129 KB   8/357 KB   44/65 KB   12/50 KB   44/129 KB   8/357 KB   44/65 KB   16/50 KB   44/129 KB   8/357 KB   44/65 KB   16/50 KB   44/129 KB   8/357 KB   44/65 KB   20/50 KB   44/129 KB   8/357 KB   44/65 KB   24/50 KB   44/129 KB   8/357 KB   44/65 KB   24/50 KB   44/129 KB   12/357 KB   44/65 KB   24/50 KB   44/129 KB   16/357 KB   44/65 KB   24/50 KB   44/129 KB   16/357 KB   44/65 KB   24/50 KB   44/129 KB   16/357 KB   44/65 KB   28/50 KB   44/129 KB   16/357 KB   44/65 KB   31/50 KB   44/129 KB   16/357 KB   44/65 KB   32/50 KB   44/129 KB   16/357 KB   47/65 KB   32/50 KB   44/129 KB   8/357 KB   44/65 KB   8/50 KB   47/129 KB   16/357 KB   47/65 KB   32/50 KB   47/129 KB   20/357 KB   47/65 KB   32/50 KB   47/129 KB   24/357 KB   47/65 KB   32/50 KB   47/129 KB   24/357 KB   47/65 KB   32/50 KB   47/129 KB   24/357 KB   48/65 KB   32/50 KB   48/129 KB   24/357 KB   48/65 KB   32/50 KB   48/129 KB   24/357 KB   48/65 KB   36/50 KB   48/129 KB   24/357 KB   48/65 KB   39/50 KB   48/129 KB   24/357 KB   48/65 KB   40/50 KB   48/129 KB   24/357 KB   48/65 KB   44/50 KB   48/129 KB   24/357 KB   48/65 KB   47/50 KB   48/129 KB   24/357 KB   48/65 KB   48/50 KB   48/129 KB   24/357 KB   48/65 KB   4/238 KB   50/50 KB   48/129 KB   24/357 KB   48/65 KB   4/238 KB   48/50 KB   52/129 KB   28/357 KB   48/65 KB   8/238 KB   50/50 KB   52/129 KB   28/357 KB   48/65 KB   8/238 KB   50/50 KB   52/129 KB   28/357 KB   52/65 KB   8/238 KB   50/50 KB   52/129 KB   28/357 KB   55/65 KB   8/238 KB   50/50 KB   52/129 KB   28/357 KB   48/65 KB   4/238 KB   50/50 KB   55/129 KB   28/357 KB   55/65 KB   8/238 KB   50/50 KB   48/129 KB   28/357 KB   48/65 KB   4/238 KB   50/50 KB   55/129 KB   31/357 KB   55/65 KB   8/238 KB   50/50 KB   55/129 KB   32/357 KB   55/65 KB   8/238 KB   50/50 KB   56/129 KB   32/357 KB   55/65 KB   8/238 KB   50/50 KB   56/129 KB   32/357 KB   55/65 KB   12/238 KB   50/50 KB   56/129 KB   32/357 KB   56/65 KB   16/238 KB   50/50 KB   56/129 KB   32/357 KB   56/65 KB   16/238 KB   50/50 KB   56/129 KB   32/357 KB   56/65 KB   12/238 KB   50/50 KB   56/129 KB   36/357 KB   56/65 KB   16/238 KB   50/50 KB   56/129 KB   39/357 KB   56/65 KB   16/238 KB   50/50 KB   56/129 KB   40/357 KB   56/65 KB   16/238 KB   50/50 KB   56/129 KB   44/357 KB   56/65 KB   16/238 KB   50/50 KB   56/129 KB   47/357 KB   56/65 KB   16/238 KB   50/50 KB   56/129 KB   48/357 KB   56/65 KB   16/238 KB   50/50 KB   60/129 KB   48/357 KB   56/65 KB   16/238 KB   50/50 KB   63/129 KB   52/357 KB   60/65 KB   16/238 KB   50/50 KB   60/129 KB   52/357 KB   60/65 KB   16/238 KB   50/50 KB   60/129 KB   52/357 KB   56/65 KB   16/238 KB   50/50 KB   63/129 KB   55/357 KB   63/65 KB   16/238 KB   50/50 KB   63/129 KB   56/357 KB   63/65 KB   16/238 KB   50/50 KB   64/129 KB   56/357 KB   63/65 KB   16/238 KB   50/50 KB   64/129 KB   60/357 KB   63/65 KB   20/238 KB   50/50 KB   64/129 KB   63/357 KB   63/65 KB   20/238 KB   50/50 KB   64/129 KB   64/357 KB   63/65 KB   20/238 KB   50/50 KB   64/129 KB   68/357 KB   63/65 KB   20/238 KB   50/50 KB   63/129 KB   52/357 KB   63/65 KB   16/238 KB   50/50 KB                                                             Downloaded: https://repo.maven.apache.org/maven2/org/codehaus/plexus/plexus-interpolation/1.11/plexus-interpolation-1.11.jar (50 KB at 331.6 KB/sec)
64/129 KB   56/357 KB   63/65 KB   20/238 KB   50/50 KB   64/129 KB   68/357 KB   63/65 KB   24/238 KB              64/129 KB   68/357 KB   63/65 KB   24/238 KB   64/129 KB   68/357 KB   64/65 KB   24/238 KB   64/129 KB   68/357 KB   65/65 KB   24/238 KB   64/129 KB   70/357 KB   65/65 KB   24/238 KB   68/129 KB   70/357 KB   65/65 KB   24/238 KB   68/129 KB   72/357 KB   65/65 KB   24/238 KB   70/129 KB   72/357 KB   65/65 KB   24/238 KB   70/129 KB   76/357 KB   65/65 KB   24/238 KB   70/129 KB   78/357 KB   65/65 KB   24/238 KB   72/129 KB   78/357 KB   65/65 KB   24/238 KB   72/129 KB   78/357 KB   65/65 KB   28/238 KB   72/129 KB   78/357 KB   65/65 KB   31/238 KB   72/129 KB   80/357 KB   65/65 KB   31/238 KB   72/129 KB   80/357 KB   65/65 KB   32/238 KB   72/129 KB   84/357 KB   65/65 KB   32/238 KB   72/129 KB   86/357 KB   65/65 KB   32/238 KB   72/129 KB   88/357 KB   65/65 KB   32/238 KB   76/129 KB   88/357 KB   65/65 KB   32/238 KB   76/129 KB   92/357 KB   65/65 KB   32/238 KB   78/129 KB   94/357 KB   65/65 KB   32/238 KB   78/129 KB   92/357 KB   65/65 KB   32/238 KB   78/129 KB   96/357 KB   65/65 KB   32/238 KB   80/129 KB   96/357 KB   65/65 KB   32/238 KB   80/129 KB   96/357 KB   65/65 KB   36/238 KB   80/129 KB   96/357 KB   65/65 KB   39/238 KB   80/129 KB   100/357 KB   65/65 KB   39/238 KB   80/129 KB   102/357 KB   65/65 KB   39/238 KB   80/129 KB   102/357 KB   65/65 KB   40/238 KB                                                   Downloaded: https://repo.maven.apache.org/maven2/org/codehaus/plexus/plexus-io/2.1.3/plexus-io-2.1.3.jar (65 KB at 395.7 KB/sec)
80/129 KB   104/357 KB   65/65 KB   40/238 KB   84/129 KB   104/357 KB   40/238 KB              84/129 KB   108/357 KB   40/238 KB   86/129 KB   109/357 KB   40/238 KB   86/129 KB   112/357 KB   40/238 KB   86/129 KB   112/357 KB   44/238 KB   86/129 KB   112/357 KB   47/238 KB   86/129 KB   108/357 KB   40/238 KB   88/129 KB   112/357 KB   47/238 KB   88/129 KB   112/357 KB   48/238 KB   92/129 KB   112/357 KB   48/238 KB   94/129 KB   116/357 KB   48/238 KB   96/129 KB   116/357 KB   48/238 KB   92/129 KB   116/357 KB   48/238 KB   96/129 KB   117/357 KB   48/238 KB   96/129 KB   120/357 KB   48/238 KB   100/129 KB   120/357 KB   48/238 KB   102/129 KB   120/357 KB   48/238 KB   102/129 KB   120/357 KB   52/238 KB   104/129 KB   120/357 KB   52/238 KB   104/129 KB   120/357 KB   55/238 KB   108/129 KB   120/357 KB   55/238 KB   109/129 KB   120/357 KB   55/238 KB   109/129 KB   124/357 KB   55/238 KB   109/129 KB   125/357 KB   56/238 KB   112/129 KB   125/357 KB   56/238 KB   109/129 KB   124/357 KB   56/238 KB   116/129 KB   125/357 KB   56/238 KB   117/129 KB   125/357 KB   56/238 KB   120/129 KB   125/357 KB   56/238 KB   120/129 KB   128/357 KB   56/238 KB   124/129 KB   128/357 KB   56/238 KB   125/129 KB   128/357 KB   56/238 KB   125/129 KB   128/357 KB   60/238 KB   125/129 KB   128/357 KB   63/238 KB   128/129 KB   128/357 KB   63/238 KB   129/129 KB   128/357 KB   63/238 KB   129/129 KB   128/357 KB   64/238 KB   129/129 KB   132/357 KB   64/238 KB   129/129 KB   133/357 KB   64/238 KB   129/129 KB   133/357 KB   68/238 KB   129/129 KB   136/357 KB   70/238 KB   129/129 KB   136/357 KB   72/238 KB   129/129 KB   136/357 KB   76/238 KB   129/129 KB   136/357 KB   78/238 KB   129/129 KB   136/357 KB   80/238 KB   129/129 KB   136/357 KB   68/238 KB   129/129 KB   140/357 KB   80/238 KB   129/129 KB   141/357 KB   80/238 KB   129/129 KB   144/357 KB   80/238 KB   129/129 KB   148/357 KB   80/238 KB   129/129 KB   149/357 KB   80/238 KB                                         Downloaded: https://repo.maven.apache.org/maven2/org/codehaus/plexus/plexus-archiver/2.6.3/plexus-archiver-2.6.3.jar (129 KB at 599.4 KB/sec)
149/357 KB   84/238 KB                152/357 KB   86/238 KB   152/357 KB   88/238 KB   152/357 KB   92/238 KB   152/357 KB   94/238 KB   152/357 KB   84/238 KB   156/357 KB   94/238 KB   160/357 KB   94/238 KB   160/357 KB   94/238 KB   164/357 KB   94/238 KB   168/357 KB   96/238 KB   168/357 KB   96/238 KB   172/357 KB   96/238 KB   176/357 KB   96/238 KB   164/357 KB   96/238 KB   176/357 KB   100/238 KB   176/357 KB   102/238 KB   176/357 KB   104/238 KB   176/357 KB   108/238 KB   176/357 KB   109/238 KB   176/357 KB   112/238 KB   176/357 KB   116/238 KB   176/357 KB   117/238 KB   176/357 KB   120/238 KB   176/357 KB   108/238 KB   180/357 KB   120/238 KB   184/357 KB   120/238 KB   184/357 KB   120/238 KB   188/357 KB   120/238 KB   192/357 KB   120/238 KB   192/357 KB   124/238 KB   195/357 KB   124/238 KB   199/357 KB   124/238 KB   200/357 KB   124/238 KB   203/357 KB   124/238 KB   207/357 KB   124/238 KB   192/357 KB   124/238 KB   207/357 KB   125/238 KB   207/357 KB   128/238 KB   207/357 KB   132/238 KB   207/357 KB   133/238 KB   207/357 KB   136/238 KB   207/357 KB   140/238 KB   208/357 KB   141/238 KB   208/357 KB   144/238 KB   208/357 KB   148/238 KB   208/357 KB   149/238 KB   208/357 KB   152/238 KB   208/357 KB   140/238 KB   211/357 KB   152/238 KB   215/357 KB   152/238 KB   216/357 KB   152/238 KB   219/357 KB   152/238 KB   223/357 KB   152/238 KB   224/357 KB   156/238 KB   227/357 KB   156/238 KB   223/357 KB   156/238 KB   231/357 KB   156/238 KB   231/357 KB   160/238 KB   232/357 KB   160/238 KB   232/357 KB   160/238 KB   234/357 KB   160/238 KB   234/357 KB   164/238 KB   238/357 KB   164/238 KB   240/357 KB   164/238 KB   242/357 KB   164/238 KB   246/357 KB   164/238 KB   248/357 KB   164/238 KB   250/357 KB   164/238 KB   250/357 KB   168/238 KB   250/357 KB   168/238 KB   254/357 KB   168/238 KB   256/357 KB   168/238 KB   258/357 KB   168/238 KB   258/357 KB   172/238 KB   262/357 KB   172/238 KB   264/357 KB   172/238 KB   266/357 KB   172/238 KB   266/357 KB   176/238 KB   270/357 KB   176/238 KB   272/357 KB   176/238 KB   274/357 KB   176/238 KB   278/357 KB   176/238 KB   280/357 KB   176/238 KB   281/357 KB   176/238 KB   285/357 KB   176/238 KB   270/357 KB   176/238 KB   285/357 KB   180/238 KB   285/357 KB   184/238 KB   285/357 KB   184/238 KB   285/357 KB   188/238 KB   288/357 KB   188/238 KB   288/357 KB   192/238 KB   288/357 KB   192/238 KB   289/357 KB   192/238 KB   289/357 KB   195/238 KB   289/357 KB   199/238 KB   289/357 KB   200/238 KB   289/357 KB   203/238 KB   293/357 KB   203/238 KB   296/357 KB   203/238 KB   297/357 KB   203/238 KB   297/357 KB   207/238 KB   297/357 KB   208/238 KB   297/357 KB   211/238 KB   301/357 KB   211/238 KB   301/357 KB   215/238 KB   304/357 KB   216/238 KB   304/357 KB   219/238 KB   304/357 KB   223/238 KB   304/357 KB   224/238 KB   304/357 KB   227/238 KB   304/357 KB   215/238 KB   305/357 KB   227/238 KB   309/357 KB   227/238 KB   312/357 KB   227/238 KB   313/357 KB   227/238 KB   313/357 KB   231/238 KB   317/357 KB   231/238 KB   320/357 KB   232/238 KB   320/357 KB   232/238 KB   324/357 KB   232/238 KB   328/357 KB   232/238 KB   328/357 KB   232/238 KB   332/357 KB   232/238 KB   317/357 KB   232/238 KB   332/357 KB   234/238 KB   332/357 KB   238/238 KB   336/357 KB   238/238 KB   336/357 KB   238/238 KB   340/357 KB   238/238 KB   344/357 KB   238/238 KB   344/357 KB   238/238 KB   348/357 KB   238/238 KB   352/357 KB   238/238 KB   352/357 KB   238/238 KB   356/357 KB   238/238 KB   357/357 KB   238/238 KB                             Downloaded: https://repo.maven.apache.org/maven2/org/codehaus/plexus/plexus-utils/3.0.18/plexus-utils-3.0.18.jar (238 KB at 672.3 KB/sec)
                          Downloaded: https://repo.maven.apache.org/maven2/org/apache/commons/commons-compress/1.8.1/commons-compress-1.8.1.jar (357 KB at 946.9 KB/sec)
[INFO] 
[INFO] --- maven-javadoc-plugin:2.10.1:jar (default-cli) @ parent ---
Downloading: https://repo.maven.apache.org/maven2/org/apache/maven/reporting/maven-reporting-api/2.2.1/maven-reporting-api-2.2.1.pom
2/2 KB                             Downloaded: https://repo.maven.apache.org/maven2/org/apache/maven/reporting/maven-reporting-api/2.2.1/maven-reporting-api-2.2.1.pom (2 KB at 36.2 KB/sec)
Downloading: https://repo.maven.apache.org/maven2/org/apache/maven/reporting/maven-reporting/2.2.1/maven-reporting-2.2.1.pom
2/2 KB            Downloaded: https://repo.maven.apache.org/maven2/org/apache/maven/reporting/maven-reporting/2.2.1/maven-reporting-2.2.1.pom (2 KB at 28.8 KB/sec)
Downloading: https://repo.maven.apache.org/maven2/org/apache/maven/doxia/doxia-sink-api/1.1/doxia-sink-api-1.1.pom
2/2 KB            Downloaded: https://repo.maven.apache.org/maven2/org/apache/maven/doxia/doxia-sink-api/1.1/doxia-sink-api-1.1.pom (2 KB at 43.3 KB/sec)
Downloading: https://repo.maven.apache.org/maven2/org/apache/maven/doxia/doxia/1.1/doxia-1.1.pom
4/15 KB   8/15 KB   8/15 KB   12/15 KB   15/15 KB              Downloaded: https://repo.maven.apache.org/maven2/org/apache/maven/doxia/doxia/1.1/doxia-1.1.pom (15 KB at 251.2 KB/sec)
Downloading: https://repo.maven.apache.org/maven2/org/apache/maven/doxia/doxia-logging-api/1.1/doxia-logging-api-1.1.pom
2/2 KB              Downloaded: https://repo.maven.apache.org/maven2/org/apache/maven/doxia/doxia-logging-api/1.1/doxia-logging-api-1.1.pom (2 KB at 36.6 KB/sec)
Downloading: https://repo.maven.apache.org/maven2/org/apache/maven/maven-toolchain/2.2.1/maven-toolchain-2.2.1.pom
4/4 KB            Downloaded: https://repo.maven.apache.org/maven2/org/apache/maven/maven-toolchain/2.2.1/maven-toolchain-2.2.1.pom (4 KB at 74.2 KB/sec)
Downloading: https://repo.maven.apache.org/maven2/org/apache/maven/shared/maven-invoker/2.0.9/maven-invoker-2.0.9.pom
4/6 KB   6/6 KB            Downloaded: https://repo.maven.apache.org/maven2/org/apache/maven/shared/maven-invoker/2.0.9/maven-invoker-2.0.9.pom (6 KB at 134.3 KB/sec)
Downloading: https://repo.maven.apache.org/maven2/org/codehaus/plexus/plexus-utils/1.5.6/plexus-utils-1.5.6.pom
4/6 KB   6/6 KB            Downloaded: https://repo.maven.apache.org/maven2/org/codehaus/plexus/plexus-utils/1.5.6/plexus-utils-1.5.6.pom (6 KB at 129.4 KB/sec)
Downloading: https://repo.maven.apache.org/maven2/org/codehaus/plexus/plexus/1.0.12/plexus-1.0.12.pom
4/10 KB   8/10 KB   8/10 KB   10/10 KB              Downloaded: https://repo.maven.apache.org/maven2/org/codehaus/plexus/plexus/1.0.12/plexus-1.0.12.pom (10 KB at 227.9 KB/sec)
Downloading: https://repo.maven.apache.org/maven2/org/apache/maven/maven-artifact/2.0.8/maven-artifact-2.0.8.pom
2/2 KB              Downloaded: https://repo.maven.apache.org/maven2/org/apache/maven/maven-artifact/2.0.8/maven-artifact-2.0.8.pom (2 KB at 36.8 KB/sec)
Downloading: https://repo.maven.apache.org/maven2/org/codehaus/plexus/plexus-utils/1.4.6/plexus-utils-1.4.6.pom
3/3 KB            Downloaded: https://repo.maven.apache.org/maven2/org/codehaus/plexus/plexus-utils/1.4.6/plexus-utils-1.4.6.pom (3 KB at 53.9 KB/sec)
Downloading: https://repo.maven.apache.org/maven2/org/apache/maven/maven-project/2.0.8/maven-project-2.0.8.pom
3/3 KB            Downloaded: https://repo.maven.apache.org/maven2/org/apache/maven/maven-project/2.0.8/maven-project-2.0.8.pom (3 KB at 66.2 KB/sec)
Downloading: https://repo.maven.apache.org/maven2/org/apache/maven/maven-settings/2.0.8/maven-settings-2.0.8.pom
3/3 KB            Downloaded: https://repo.maven.apache.org/maven2/org/apache/maven/maven-settings/2.0.8/maven-settings-2.0.8.pom (3 KB at 49.0 KB/sec)
Downloading: https://repo.maven.apache.org/maven2/org/apache/maven/maven-profile/2.0.8/maven-profile-2.0.8.pom
2/2 KB            Downloaded: https://repo.maven.apache.org/maven2/org/apache/maven/maven-profile/2.0.8/maven-profile-2.0.8.pom (2 KB at 48.5 KB/sec)
Downloading: https://repo.maven.apache.org/maven2/org/apache/maven/maven-artifact-manager/2.0.8/maven-artifact-manager-2.0.8.pom
3/3 KB            Downloaded: https://repo.maven.apache.org/maven2/org/apache/maven/maven-artifact-manager/2.0.8/maven-artifact-manager-2.0.8.pom (3 KB at 61.3 KB/sec)
Downloading: https://repo.maven.apache.org/maven2/org/apache/maven/maven-repository-metadata/2.0.8/maven-repository-metadata-2.0.8.pom
2/2 KB            Downloaded: https://repo.maven.apache.org/maven2/org/apache/maven/maven-repository-metadata/2.0.8/maven-repository-metadata-2.0.8.pom (2 KB at 31.5 KB/sec)
Downloading: https://repo.maven.apache.org/maven2/org/apache/maven/maven-plugin-registry/2.0.8/maven-plugin-registry-2.0.8.pom
2/2 KB            Downloaded: https://repo.maven.apache.org/maven2/org/apache/maven/maven-plugin-registry/2.0.8/maven-plugin-registry-2.0.8.pom (2 KB at 46.5 KB/sec)
Downloading: https://repo.maven.apache.org/maven2/org/apache/maven/maven-plugin-api/2.0.8/maven-plugin-api-2.0.8.pom
2/2 KB            Downloaded: https://repo.maven.apache.org/maven2/org/apache/maven/maven-plugin-api/2.0.8/maven-plugin-api-2.0.8.pom (2 KB at 37.4 KB/sec)
Downloading: https://repo.maven.apache.org/maven2/org/codehaus/plexus/plexus-utils/1.4.9/plexus-utils-1.4.9.pom
3/3 KB            Downloaded: https://repo.maven.apache.org/maven2/org/codehaus/plexus/plexus-utils/1.4.9/plexus-utils-1.4.9.pom (3 KB at 53.4 KB/sec)
Downloading: https://repo.maven.apache.org/maven2/org/apache/maven/doxia/doxia-site-renderer/1.0/doxia-site-renderer-1.0.pom
4/5 KB   5/5 KB            Downloaded: https://repo.maven.apache.org/maven2/org/apache/maven/doxia/doxia-site-renderer/1.0/doxia-site-renderer-1.0.pom (5 KB at 105.4 KB/sec)
Downloading: https://repo.maven.apache.org/maven2/org/apache/maven/doxia/doxia-sitetools/1.0/doxia-sitetools-1.0.pom
4/10 KB   8/10 KB   8/10 KB   10/10 KB              Downloaded: https://repo.maven.apache.org/maven2/org/apache/maven/doxia/doxia-sitetools/1.0/doxia-sitetools-1.0.pom (10 KB at 222.9 KB/sec)
Downloading: https://repo.maven.apache.org/maven2/org/apache/maven/doxia/doxia-core/1.0/doxia-core-1.0.pom
3/3 KB              Downloaded: https://repo.maven.apache.org/maven2/org/apache/maven/doxia/doxia-core/1.0/doxia-core-1.0.pom (3 KB at 57.0 KB/sec)
Downloading: https://repo.maven.apache.org/maven2/org/codehaus/plexus/plexus-utils/1.5.7/plexus-utils-1.5.7.pom
4/8 KB   8/8 KB   8/8 KB            Downloaded: https://repo.maven.apache.org/maven2/org/codehaus/plexus/plexus-utils/1.5.7/plexus-utils-1.5.7.pom (8 KB at 183.1 KB/sec)
Downloading: https://repo.maven.apache.org/maven2/org/apache/maven/doxia/doxia-decoration-model/1.0/doxia-decoration-model-1.0.pom
4/4 KB            Downloaded: https://repo.maven.apache.org/maven2/org/apache/maven/doxia/doxia-decoration-model/1.0/doxia-decoration-model-1.0.pom (4 KB at 77.0 KB/sec)
Downloading: https://repo.maven.apache.org/maven2/org/apache/maven/doxia/doxia-module-apt/1.0/doxia-module-apt-1.0.pom
3/3 KB            Downloaded: https://repo.maven.apache.org/maven2/org/apache/maven/doxia/doxia-module-apt/1.0/doxia-module-apt-1.0.pom (3 KB at 56.4 KB/sec)
Downloading: https://repo.maven.apache.org/maven2/org/apache/maven/doxia/doxia-modules/1.0/doxia-modules-1.0.pom
3/3 KB            Downloaded: https://repo.maven.apache.org/maven2/org/apache/maven/doxia/doxia-modules/1.0/doxia-modules-1.0.pom (3 KB at 59.9 KB/sec)
Downloading: https://repo.maven.apache.org/maven2/org/apache/maven/doxia/doxia-module-fml/1.0/doxia-module-fml-1.0.pom
3/3 KB            Downloaded: https://repo.maven.apache.org/maven2/org/apache/maven/doxia/doxia-module-fml/1.0/doxia-module-fml-1.0.pom (3 KB at 67.4 KB/sec)
Downloading: https://repo.maven.apache.org/maven2/org/apache/maven/doxia/doxia-module-xdoc/1.0/doxia-module-xdoc-1.0.pom
3/3 KB            Downloaded: https://repo.maven.apache.org/maven2/org/apache/maven/doxia/doxia-module-xdoc/1.0/doxia-module-xdoc-1.0.pom (3 KB at 56.1 KB/sec)
Downloading: https://repo.maven.apache.org/maven2/org/apache/maven/doxia/doxia-module-xhtml/1.0/doxia-module-xhtml-1.0.pom
2/2 KB            Downloaded: https://repo.maven.apache.org/maven2/org/apache/maven/doxia/doxia-module-xhtml/1.0/doxia-module-xhtml-1.0.pom (2 KB at 40.0 KB/sec)
Downloading: https://repo.maven.apache.org/maven2/org/apache/maven/wagon/wagon-provider-api/1.0-beta-6/wagon-provider-api-1.0-beta-6.pom
2/2 KB            Downloaded: https://repo.maven.apache.org/maven2/org/apache/maven/wagon/wagon-provider-api/1.0-beta-6/wagon-provider-api-1.0-beta-6.pom (2 KB at 43.0 KB/sec)
Downloading: https://repo.maven.apache.org/maven2/org/apache/maven/wagon/wagon/1.0-beta-6/wagon-1.0-beta-6.pom
4/13 KB   8/13 KB   8/13 KB   12/13 KB   13/13 KB              Downloaded: https://repo.maven.apache.org/maven2/org/apache/maven/wagon/wagon/1.0-beta-6/wagon-1.0-beta-6.pom (13 KB at 274.9 KB/sec)
Downloading: https://repo.maven.apache.org/maven2/org/codehaus/plexus/plexus-utils/1.4.2/plexus-utils-1.4.2.pom
2/2 KB              Downloaded: https://repo.maven.apache.org/maven2/org/codehaus/plexus/plexus-utils/1.4.2/plexus-utils-1.4.2.pom (2 KB at 50.3 KB/sec)
Downloading: https://repo.maven.apache.org/maven2/commons-io/commons-io/2.2/commons-io-2.2.pom
4/11 KB   8/11 KB   8/11 KB   11/11 KB              Downloaded: https://repo.maven.apache.org/maven2/commons-io/commons-io/2.2/commons-io-2.2.pom (11 KB at 215.5 KB/sec)
Downloading: https://repo.maven.apache.org/maven2/org/apache/commons/commons-parent/24/commons-parent-24.pom
4/47 KB    8/47 KB   8/47 KB   12/47 KB   16/47 KB   16/47 KB   20/47 KB   24/47 KB   24/47 KB   28/47 KB   31/47 KB   32/47 KB   36/47 KB   39/47 KB   40/47 KB   44/47 KB   47/47 KB              Downloaded: https://repo.maven.apache.org/maven2/org/apache/commons/commons-parent/24/commons-parent-24.pom (47 KB at 732.7 KB/sec)
Downloading: https://repo.maven.apache.org/maven2/org/apache/httpcomponents/httpclient/4.2.3/httpclient-4.2.3.pom
4/6 KB     6/6 KB            Downloaded: https://repo.maven.apache.org/maven2/org/apache/httpcomponents/httpclient/4.2.3/httpclient-4.2.3.pom (6 KB at 134.2 KB/sec)
Downloading: https://repo.maven.apache.org/maven2/org/apache/httpcomponents/httpcomponents-client/4.2.3/httpcomponents-client-4.2.3.pom
4/15 KB   8/15 KB   8/15 KB   12/15 KB   15/15 KB              Downloaded: https://repo.maven.apache.org/maven2/org/apache/httpcomponents/httpcomponents-client/4.2.3/httpcomponents-client-4.2.3.pom (15 KB at 310.0 KB/sec)
Downloading: https://repo.maven.apache.org/maven2/org/apache/httpcomponents/project/6/project-6.pom
4/24 KB    8/24 KB   8/24 KB   12/24 KB   16/24 KB   16/24 KB   20/24 KB   24/24 KB   24/24 KB              Downloaded: https://repo.maven.apache.org/maven2/org/apache/httpcomponents/project/6/project-6.pom (24 KB at 459.3 KB/sec)
Downloading: https://repo.maven.apache.org/maven2/org/apache/httpcomponents/httpcore/4.2.2/httpcore-4.2.2.pom
4/6 KB     6/6 KB            Downloaded: https://repo.maven.apache.org/maven2/org/apache/httpcomponents/httpcore/4.2.2/httpcore-4.2.2.pom (6 KB at 129.1 KB/sec)
Downloading: https://repo.maven.apache.org/maven2/org/apache/httpcomponents/httpcomponents-core/4.2.2/httpcomponents-core-4.2.2.pom
4/12 KB   8/12 KB   8/12 KB   12/12 KB              Downloaded: https://repo.maven.apache.org/maven2/org/apache/httpcomponents/httpcomponents-core/4.2.2/httpcomponents-core-4.2.2.pom (12 KB at 249.0 KB/sec)
Downloading: https://repo.maven.apache.org/maven2/commons-codec/commons-codec/1.6/commons-codec-1.6.pom
4/11 KB    8/11 KB   8/11 KB   11/11 KB              Downloaded: https://repo.maven.apache.org/maven2/commons-codec/commons-codec/1.6/commons-codec-1.6.pom (11 KB at 253.4 KB/sec)
Downloading: https://repo.maven.apache.org/maven2/log4j/log4j/1.2.14/log4j-1.2.14.pom
3/3 KB              Downloaded: https://repo.maven.apache.org/maven2/log4j/log4j/1.2.14/log4j-1.2.14.pom (3 KB at 58.0 KB/sec)
Downloading: https://repo.maven.apache.org/maven2/com/thoughtworks/qdox/qdox/1.12.1/qdox-1.12.1.pom
4/18 KB   8/18 KB   8/18 KB   12/18 KB   16/18 KB   16/18 KB   18/18 KB              Downloaded: https://repo.maven.apache.org/maven2/com/thoughtworks/qdox/qdox/1.12.1/qdox-1.12.1.pom (18 KB at 381.9 KB/sec)
Downloading: https://repo.maven.apache.org/maven2/org/codehaus/codehaus-parent/4/codehaus-parent-4.pom
4/5 KB     5/5 KB            Downloaded: https://repo.maven.apache.org/maven2/org/codehaus/codehaus-parent/4/codehaus-parent-4.pom (5 KB at 117.7 KB/sec)
Downloading: https://repo.maven.apache.org/maven2/org/codehaus/plexus/plexus-archiver/2.5/plexus-archiver-2.5.pom
4/4 KB            Downloaded: https://repo.maven.apache.org/maven2/org/codehaus/plexus/plexus-archiver/2.5/plexus-archiver-2.5.pom (4 KB at 86.1 KB/sec)
Downloading: https://repo.maven.apache.org/maven2/org/codehaus/plexus/plexus-utils/3.0.15/plexus-utils-3.0.15.pom
4/4 KB            Downloaded: https://repo.maven.apache.org/maven2/org/codehaus/plexus/plexus-utils/3.0.15/plexus-utils-3.0.15.pom (4 KB at 74.9 KB/sec)
Downloading: https://repo.maven.apache.org/maven2/org/codehaus/plexus/plexus-io/2.0.12/plexus-io-2.0.12.pom
3/3 KB            Downloaded: https://repo.maven.apache.org/maven2/org/codehaus/plexus/plexus-io/2.0.12/plexus-io-2.0.12.pom (3 KB at 46.7 KB/sec)
Downloading: https://repo.maven.apache.org/maven2/org/slf4j/slf4j-jdk14/1.5.6/slf4j-jdk14-1.5.6.jar
Downloading: https://repo.maven.apache.org/maven2/org/slf4j/slf4j-api/1.5.6/slf4j-api-1.5.6.jar
4/9 KB   8/9 KB   8/9 KB   9/9 KB   9/9 KB   4/22 KB   9/9 KB   8/22 KB   9/9 KB   8/22 KB   Downloading: https://repo.maven.apache.org/maven2/org/slf4j/jcl-over-slf4j/1.5.6/jcl-over-slf4j-1.5.6.jar
                   12/22 KB           16/22 KB   16/22 KB   20/22 KB   22/22 KB   Downloaded: https://repo.maven.apache.org/maven2/org/slf4j/slf4j-jdk14/1.5.6/slf4j-jdk14-1.5.6.jar (9 KB at 195.6 KB/sec)
Downloading: https://repo.maven.apache.org/maven2/org/sonatype/plexus/plexus-sec-dispatcher/1.3/plexus-sec-dispatcher-1.3.jar
4/17 KB   22/22 KB   8/17 KB   22/22 KB   8/17 KB   22/22 KB   12/17 KB   22/22 KB   16/17 KB   22/22 KB   16/17 KB   22/22 KB   17/17 KB   22/22 KB   Downloading: https://repo.maven.apache.org/maven2/org/apache/maven/shared/maven-invoker/2.0.9/maven-invoker-2.0.9.jar
Downloading: https://repo.maven.apache.org/maven2/org/sonatype/plexus/plexus-cipher/1.4/plexus-cipher-1.4.jar
                      Downloaded: https://repo.maven.apache.org/maven2/org/slf4j/slf4j-api/1.5.6/slf4j-api-1.5.6.jar (22 KB at 283.3 KB/sec)
Downloading: https://repo.maven.apache.org/maven2/org/apache/maven/doxia/doxia-sink-api/1.0/doxia-sink-api-1.0.jar
                      Downloaded: https://repo.maven.apache.org/maven2/org/slf4j/jcl-over-slf4j/1.5.6/jcl-over-slf4j-1.5.6.jar (17 KB at 259.2 KB/sec)
Downloading: https://repo.maven.apache.org/maven2/org/apache/maven/doxia/doxia-site-renderer/1.0/doxia-site-renderer-1.0.jar
4/28 KB               8/28 KB   8/28 KB   12/28 KB   16/28 KB   16/28 KB   16/28 KB   4/14 KB   16/28 KB   8/14 KB   16/28 KB   8/14 KB   20/28 KB   8/14 KB   24/28 KB   8/14 KB   24/28 KB   8/14 KB   24/28 KB   12/14 KB   24/28 KB   14/14 KB   28/28 KB   14/14 KB   28/28 KB   4/10 KB   14/14 KB   28/28 KB   8/10 KB   14/14 KB   28/28 KB   8/10 KB   14/14 KB   4/46 KB   28/28 KB   8/10 KB   14/14 KB   8/46 KB   28/28 KB   8/10 KB   14/14 KB   8/46 KB   28/28 KB   8/10 KB   14/14 KB   8/46 KB   28/28 KB   10/10 KB   14/14 KB   12/46 KB   28/28 KB   10/10 KB   14/14 KB   16/46 KB   28/28 KB   10/10 KB   14/14 KB   16/46 KB   28/28 KB   10/10 KB   14/14 KB   20/46 KB   28/28 KB   10/10 KB   14/14 KB   24/46 KB   28/28 KB   10/10 KB   14/14 KB   24/46 KB   28/28 KB   10/10 KB   14/14 KB   28/46 KB   28/28 KB   10/10 KB   14/14 KB   31/46 KB   28/28 KB   10/10 KB   14/14 KB   32/46 KB   28/28 KB   10/10 KB   14/14 KB                                               Downloaded: https://repo.maven.apache.org/maven2/org/sonatype/plexus/plexus-cipher/1.4/plexus-cipher-1.4.jar (14 KB at 258.4 KB/sec)
Downloading: https://repo.maven.apache.org/maven2/org/apache/maven/doxia/doxia-core/1.0/doxia-core-1.0.jar
                                            Downloaded: https://repo.maven.apache.org/maven2/org/apache/maven/shared/maven-invoker/2.0.9/maven-invoker-2.0.9.jar (28 KB at 511.5 KB/sec)
Downloading: https://repo.maven.apache.org/maven2/org/codehaus/plexus/plexus-velocity/1.1.7/plexus-velocity-1.1.7.jar
36/46 KB   10/10 KB                         39/46 KB   10/10 KB   40/46 KB   10/10 KB   44/46 KB   10/10 KB   46/46 KB   10/10 KB                         Downloaded: https://repo.maven.apache.org/maven2/org/apache/maven/doxia/doxia-sink-api/1.0/doxia-sink-api-1.0.jar (10 KB at 185.6 KB/sec)
Downloading: https://repo.maven.apache.org/maven2/org/apache/maven/doxia/doxia-decoration-model/1.0/doxia-decoration-model-1.0.jar
46/46 KB   4/54 KB    46/46 KB   8/54 KB   46/46 KB   8/54 KB   46/46 KB   12/54 KB   46/46 KB   12/54 KB   4/8 KB   4/28 KB   16/54 KB   4/48 KB   8/8 KB   4/28 KB   16/54 KB   4/48 KB   8/8 KB   4/28 KB   16/54 KB   4/48 KB   4/8 KB   4/28 KB   16/54 KB   8/48 KB   8/8 KB   4/28 KB   16/54 KB   8/48 KB   8/8 KB   4/28 KB   16/54 KB   12/48 KB   8/8 KB   4/28 KB   16/54 KB   16/48 KB   8/8 KB   4/28 KB   16/54 KB   16/48 KB   8/8 KB   4/28 KB   16/54 KB   20/48 KB   8/8 KB   4/28 KB   16/54 KB   4/8 KB                                   8/28 KB   16/54 KB   20/48 KB   8/8 KB   46/46 KB   16/54 KB   4/8 KB   8/28 KB   16/54 KB   20/48 KB   8/8 KB   8/28 KB   16/54 KB   24/48 KB   8/8 KB   8/28 KB   16/54 KB   24/48 KB   8/8 KB   8/28 KB   16/54 KB   24/48 KB   8/8 KB   Downloaded: https://repo.maven.apache.org/maven2/org/apache/maven/doxia/doxia-site-renderer/1.0/doxia-site-renderer-1.0.jar (46 KB at 597.7 KB/sec)
Downloading: https://repo.maven.apache.org/maven2/commons-collections/commons-collections/3.2/commons-collections-3.2.jar
12/28 KB   20/54 KB   24/48 KB   8/8 KB   16/28 KB   20/54 KB   24/48 KB   8/8 KB   16/28 KB   20/54 KB   24/48 KB   8/8 KB   20/28 KB   20/54 KB   24/48 KB   8/8 KB   24/28 KB   20/54 KB   24/48 KB   8/8 KB   24/28 KB   20/54 KB   24/48 KB   8/8 KB   28/28 KB   20/54 KB   24/48 KB   8/8 KB   28/28 KB   20/54 KB   28/48 KB   8/8 KB   28/28 KB   20/54 KB   31/48 KB   8/8 KB   28/28 KB   20/54 KB   32/48 KB   8/8 KB   28/28 KB   20/54 KB   36/48 KB   8/8 KB   28/28 KB   20/54 KB   39/48 KB   8/8 KB   28/28 KB   20/54 KB   40/48 KB   8/8 KB   28/28 KB   20/54 KB   44/48 KB   8/8 KB   28/28 KB   20/54 KB   47/48 KB   8/8 KB   28/28 KB   20/54 KB   48/48 KB   8/8 KB   8/28 KB   20/54 KB   24/48 KB   8/8 KB    28/28 KB   24/54 KB   48/48 KB   8/8 KB                                             Downloaded: https://repo.maven.apache.org/maven2/org/codehaus/plexus/plexus-velocity/1.1.7/plexus-velocity-1.1.7.jar (8 KB at 133.7 KB/sec)
Downloading: https://repo.maven.apache.org/maven2/org/apache/maven/doxia/doxia-module-apt/1.0/doxia-module-apt-1.0.jar
28/28 KB   24/54 KB   48/48 KB            28/28 KB   28/54 KB   48/48 KB   28/28 KB   31/54 KB   48/48 KB   28/28 KB   32/54 KB   48/48 KB   28/28 KB   36/54 KB   48/48 KB   28/28 KB   39/54 KB   48/48 KB   28/28 KB   40/54 KB   48/48 KB                                    Downloaded: https://repo.maven.apache.org/maven2/org/sonatype/plexus/plexus-sec-dispatcher/1.3/plexus-sec-dispatcher-1.3.jar (28 KB at 188.4 KB/sec)
Downloading: https://repo.maven.apache.org/maven2/org/apache/maven/doxia/doxia-module-fml/1.0/doxia-module-fml-1.0.jar
44/54 KB   48/48 KB              47/54 KB   48/48 KB   4/558 KB   47/54 KB   48/48 KB   8/558 KB   47/54 KB   48/48 KB   8/558 KB   47/54 KB   48/48 KB   12/558 KB   47/54 KB   48/48 KB   16/558 KB   47/54 KB   48/48 KB   16/558 KB   47/54 KB   48/48 KB   20/558 KB   47/54 KB   48/48 KB   24/558 KB   47/54 KB   48/48 KB   24/558 KB   47/54 KB   48/48 KB   24/558 KB   48/54 KB   48/48 KB   28/558 KB   48/54 KB   48/48 KB   31/558 KB   48/54 KB   48/48 KB   31/558 KB   52/54 KB   48/48 KB   31/558 KB   54/54 KB   48/48 KB   32/558 KB   54/54 KB   48/48 KB                                     Downloaded: https://repo.maven.apache.org/maven2/org/apache/maven/doxia/doxia-decoration-model/1.0/doxia-decoration-model-1.0.jar (48 KB at 646.5 KB/sec)
Downloading: https://repo.maven.apache.org/maven2/org/apache/maven/doxia/doxia-module-xdoc/1.0/doxia-module-xdoc-1.0.jar
36/558 KB   54/54 KB              39/558 KB   54/54 KB   40/558 KB   54/54 KB   44/558 KB   54/54 KB   47/558 KB   54/54 KB   48/558 KB   54/54 KB   52/558 KB   54/54 KB   55/558 KB   54/54 KB   56/558 KB   54/54 KB   60/558 KB   54/54 KB   63/558 KB   54/54 KB   63/558 KB   54/54 KB   4/19 KB   63/558 KB   54/54 KB   8/19 KB   63/558 KB   54/54 KB   8/19 KB   63/558 KB   54/54 KB   12/19 KB   63/558 KB   54/54 KB   16/19 KB   63/558 KB   54/54 KB   16/19 KB   63/558 KB   54/54 KB   19/19 KB                                     Downloaded: https://repo.maven.apache.org/maven2/org/apache/maven/doxia/doxia-core/1.0/doxia-core-1.0.jar (54 KB at 521.0 KB/sec)
63/558 KB   19/19 KB   4/28 KB    63/558 KB   19/19 KB   8/28 KB   63/558 KB   19/19 KB   8/28 KB   Downloading: https://repo.maven.apache.org/maven2/org/apache/maven/doxia/doxia-module-xhtml/1.0/doxia-module-xhtml-1.0.jar
63/558 KB   19/19 KB   12/28 KB   63/558 KB   19/19 KB   16/28 KB   63/558 KB   19/19 KB   16/28 KB   63/558 KB   4/46 KB   19/19 KB   16/28 KB   63/558 KB   8/46 KB   19/19 KB   16/28 KB   63/558 KB   8/46 KB   19/19 KB   16/28 KB   63/558 KB   8/46 KB   19/19 KB   20/28 KB   63/558 KB   8/46 KB   19/19 KB   24/28 KB   63/558 KB   8/46 KB   19/19 KB   24/28 KB   63/558 KB   8/46 KB   19/19 KB   28/28 KB   64/558 KB   8/46 KB   19/19 KB   28/28 KB   68/558 KB   8/46 KB   19/19 KB   28/28 KB   70/558 KB   8/46 KB   19/19 KB   28/28 KB   72/558 KB   8/46 KB   19/19 KB   28/28 KB   76/558 KB   8/46 KB   19/19 KB   28/28 KB   78/558 KB   8/46 KB   19/19 KB   28/28 KB   80/558 KB   8/46 KB   19/19 KB   28/28 KB   80/558 KB   4/22 KB   8/46 KB   19/19 KB   28/28 KB   80/558 KB   4/22 KB   12/46 KB   19/19 KB   28/28 KB   80/558 KB   4/22 KB   16/46 KB   19/19 KB   28/28 KB   80/558 KB   4/22 KB   16/46 KB   19/19 KB   28/28 KB   80/558 KB   8/22 KB   16/46 KB   19/19 KB   28/28 KB   80/558 KB   8/22 KB   16/46 KB   19/19 KB   28/28 KB   80/558 KB   8/22 KB   20/46 KB   19/19 KB   28/28 KB   80/558 KB   8/22 KB   24/46 KB   19/19 KB   28/28 KB   80/558 KB   8/22 KB   24/46 KB   19/19 KB   28/28 KB   80/558 KB   12/22 KB   24/46 KB   19/19 KB   28/28 KB   80/558 KB   16/22 KB   24/46 KB   19/19 KB   28/28 KB   80/558 KB   16/22 KB   24/46 KB   19/19 KB   28/28 KB   80/558 KB   16/22 KB   28/46 KB   19/19 KB   28/28 KB   80/558 KB   16/22 KB   31/46 KB   19/19 KB   28/28 KB   80/558 KB   16/22 KB   32/46 KB   19/19 KB   28/28 KB   84/558 KB   16/22 KB   32/46 KB   19/19 KB   28/28 KB   86/558 KB   16/22 KB   32/46 KB   19/19 KB   28/28 KB   86/558 KB   20/22 KB   32/46 KB   19/19 KB   28/28 KB   86/558 KB   22/22 KB   32/46 KB   19/19 KB   28/28 KB   88/558 KB   22/22 KB   32/46 KB   19/19 KB   28/28 KB   92/558 KB   22/22 KB   32/46 KB   19/19 KB   28/28 KB   94/558 KB   22/22 KB   32/46 KB   19/19 KB   28/28 KB   96/558 KB   22/22 KB   32/46 KB   19/19 KB   28/28 KB   100/558 KB   22/22 KB   32/46 KB   19/19 KB   28/28 KB   102/558 KB   22/22 KB   32/46 KB   19/19 KB   28/28 KB                                                            Downloaded: https://repo.maven.apache.org/maven2/org/apache/maven/doxia/doxia-module-xdoc/1.0/doxia-module-xdoc-1.0.jar (28 KB at 460.1 KB/sec)
Downloading: https://repo.maven.apache.org/maven2/commons-lang/commons-lang/2.4/commons-lang-2.4.jar
102/558 KB   22/22 KB   36/46 KB   19/19 KB              102/558 KB   22/22 KB   39/46 KB   19/19 KB   102/558 KB   22/22 KB   40/46 KB              102/558 KB   22/22 KB   44/46 KB                                                 Downloaded: https://repo.maven.apache.org/maven2/org/apache/maven/doxia/doxia-module-fml/1.0/doxia-module-fml-1.0.jar (19 KB at 223.6 KB/sec)
Downloading: https://repo.maven.apache.org/maven2/commons-io/commons-io/2.2/commons-io-2.2.jar
102/558 KB   22/22 KB   46/46 KB   104/558 KB   22/22 KB   46/46 KB   108/558 KB   22/22 KB   46/46 KB   109/558 KB   22/22 KB   46/46 KB   112/558 KB   22/22 KB   46/46 KB   116/558 KB   22/22 KB   46/46 KB   117/558 KB   22/22 KB   46/46 KB   120/558 KB   22/22 KB   46/46 KB                                      Downloaded: https://repo.maven.apache.org/maven2/org/apache/maven/doxia/doxia-module-xhtml/1.0/doxia-module-xhtml-1.0.jar (22 KB at 417.5 KB/sec)
Downloading: https://repo.maven.apache.org/maven2/org/apache/httpcomponents/httpclient/4.2.3/httpclient-4.2.3.jar
124/558 KB   46/46 KB              125/558 KB   46/46 KB   128/558 KB   46/46 KB   132/558 KB   46/46 KB   133/558 KB   46/46 KB   136/558 KB   46/46 KB   136/558 KB   46/46 KB   4/256 KB   136/558 KB   46/46 KB   8/256 KB   136/558 KB   46/46 KB   8/256 KB   136/558 KB   46/46 KB   12/256 KB   136/558 KB   46/46 KB   16/256 KB   136/558 KB   46/46 KB   16/256 KB                                       Downloaded: https://repo.maven.apache.org/maven2/org/apache/maven/doxia/doxia-module-apt/1.0/doxia-module-apt-1.0.jar (46 KB at 421.8 KB/sec)
Downloading: https://repo.maven.apache.org/maven2/org/apache/httpcomponents/httpcore/4.2.2/httpcore-4.2.2.jar
136/558 KB   4/170 KB   16/256 KB   136/558 KB   4/170 KB   20/256 KB   136/558 KB   4/170 KB   24/256 KB   136/558 KB   8/170 KB   24/256 KB   136/558 KB   8/170 KB   28/256 KB   136/558 KB   8/170 KB   24/256 KB   136/558 KB   8/170 KB   28/256 KB   136/558 KB   12/170 KB   28/256 KB   136/558 KB   16/170 KB   28/256 KB   136/558 KB   16/170 KB   28/256 KB   136/558 KB   16/170 KB   31/256 KB   136/558 KB   16/170 KB   32/256 KB   136/558 KB   16/170 KB   36/256 KB   140/558 KB   16/170 KB   39/256 KB   140/558 KB   16/170 KB   40/256 KB   140/558 KB   20/170 KB   40/256 KB   140/558 KB   24/170 KB   40/256 KB   140/558 KB   24/170 KB   40/256 KB   140/558 KB   28/170 KB   40/256 KB   140/558 KB   31/170 KB   40/256 KB   140/558 KB   32/170 KB   40/256 KB   140/558 KB   4/423 KB   32/170 KB   40/256 KB   140/558 KB   8/423 KB   32/170 KB   40/256 KB   140/558 KB   8/423 KB   32/170 KB   40/256 KB   140/558 KB   8/423 KB   32/170 KB   4/219 KB   40/256 KB   140/558 KB   8/423 KB   32/170 KB   8/219 KB   40/256 KB   140/558 KB   8/423 KB   32/170 KB   8/219 KB   40/256 KB   140/558 KB   8/423 KB   32/170 KB   12/219 KB   40/256 KB   140/558 KB   8/423 KB   32/170 KB   16/219 KB   40/256 KB   140/558 KB   12/423 KB   32/170 KB   16/219 KB   40/256 KB   140/558 KB   16/423 KB   32/170 KB   16/219 KB   40/256 KB   140/558 KB   16/423 KB   32/170 KB   16/219 KB   40/256 KB   140/558 KB   16/423 KB   32/170 KB   16/219 KB   40/256 KB   140/558 KB   16/423 KB   32/170 KB   20/219 KB   40/256 KB   140/558 KB   16/423 KB   32/170 KB   24/219 KB   40/256 KB   140/558 KB   16/423 KB   32/170 KB   24/219 KB   40/256 KB   140/558 KB   20/423 KB   32/170 KB   24/219 KB   40/256 KB   140/558 KB   16/170 KB   36/256 KB   141/558 KB   24/423 KB   36/170 KB   28/219 KB   40/256 KB   144/558 KB   24/423 KB   36/170 KB   28/219 KB   40/256 KB   148/558 KB   24/423 KB   36/170 KB   28/219 KB   44/256 KB   149/558 KB   24/423 KB   36/170 KB   28/219 KB   44/256 KB   152/558 KB   24/423 KB   36/170 KB   28/219 KB   44/256 KB   156/558 KB   24/423 KB   36/170 KB   28/219 KB   44/256 KB   160/558 KB   24/423 KB   36/170 KB   28/219 KB   44/256 KB   140/558 KB   24/423 KB   36/170 KB   28/219 KB   40/256 KB   160/558 KB   24/423 KB   39/170 KB   28/219 KB   44/256 KB   160/558 KB   24/423 KB   40/170 KB   28/219 KB   44/256 KB   160/558 KB   24/423 KB   44/170 KB   28/219 KB   44/256 KB   140/558 KB   24/423 KB   32/170 KB   28/219 KB   40/256 KB   140/558 KB   24/423 KB   32/170 KB   24/219 KB   40/256 KB   160/558 KB   24/423 KB   47/170 KB   31/219 KB   44/256 KB   160/558 KB   24/423 KB   44/170 KB   31/219 KB   44/256 KB   160/558 KB   24/423 KB   48/170 KB   31/219 KB   44/256 KB   160/558 KB   24/423 KB   48/170 KB   32/219 KB   44/256 KB   160/558 KB   24/423 KB   52/170 KB   32/219 KB   44/256 KB   160/558 KB   24/423 KB   55/170 KB   32/219 KB   44/256 KB   160/558 KB   24/423 KB   56/170 KB   32/219 KB   44/256 KB   144/558 KB   24/423 KB   36/170 KB   28/219 KB   44/256 KB   160/558 KB   24/423 KB   56/170 KB   32/219 KB   47/256 KB   160/558 KB   24/423 KB   56/170 KB   36/219 KB   47/256 KB   160/558 KB   24/423 KB   56/170 KB   39/219 KB   47/256 KB   160/558 KB   24/423 KB   56/170 KB   39/219 KB   48/256 KB   160/558 KB   24/423 KB   56/170 KB   40/219 KB   48/256 KB   160/558 KB   24/423 KB   56/170 KB   40/219 KB   52/256 KB   160/558 KB   24/423 KB   56/170 KB   40/219 KB   55/256 KB   160/558 KB   24/423 KB   56/170 KB   40/219 KB   56/256 KB   160/558 KB   24/423 KB   56/170 KB   44/219 KB   56/256 KB   160/558 KB   24/423 KB   55/170 KB   32/219 KB   44/256 KB   160/558 KB   24/423 KB   56/170 KB   47/219 KB   56/256 KB   160/558 KB   24/423 KB   56/170 KB   48/219 KB   56/256 KB   164/558 KB   24/423 KB   56/170 KB   48/219 KB   56/256 KB   168/558 KB   24/423 KB   60/170 KB   52/219 KB   60/256 KB   168/558 KB   24/423 KB   60/170 KB   52/219 KB   60/256 KB   164/558 KB   24/423 KB   60/170 KB   52/219 KB   60/256 KB   168/558 KB   24/423 KB   60/170 KB   52/219 KB   63/256 KB   164/558 KB   24/423 KB   56/170 KB   52/219 KB   56/256 KB   168/558 KB   24/423 KB   60/170 KB   55/219 KB   63/256 KB   168/558 KB   24/423 KB   60/170 KB   55/219 KB   64/256 KB   168/558 KB   24/423 KB   60/170 KB   56/219 KB   64/256 KB   168/558 KB   24/423 KB   60/170 KB   56/219 KB   68/256 KB   172/558 KB   24/423 KB   60/170 KB   56/219 KB   70/256 KB   172/558 KB   24/423 KB   60/170 KB   56/219 KB   72/256 KB   172/558 KB   24/423 KB   60/170 KB   60/219 KB   72/256 KB   172/558 KB   24/423 KB   60/170 KB   63/219 KB   72/256 KB   172/558 KB   24/423 KB   60/170 KB   64/219 KB   72/256 KB   172/558 KB   24/423 KB   60/170 KB   64/219 KB   76/256 KB   172/558 KB   24/423 KB   60/170 KB   64/219 KB   78/256 KB   172/558 KB   24/423 KB   60/170 KB   64/219 KB   80/256 KB   164/558 KB   24/423 KB   60/170 KB   52/219 KB   56/256 KB   172/558 KB   24/423 KB   63/170 KB   64/219 KB   80/256 KB   172/558 KB   24/423 KB   64/170 KB   64/219 KB   80/256 KB   172/558 KB   24/423 KB   64/170 KB   68/219 KB   80/256 KB   172/558 KB   24/423 KB   64/170 KB   70/219 KB   80/256 KB   172/558 KB   24/423 KB   68/170 KB   70/219 KB   80/256 KB   172/558 KB   24/423 KB   70/170 KB   70/219 KB   80/256 KB   172/558 KB   24/423 KB   70/170 KB   72/219 KB   80/256 KB   172/558 KB   24/423 KB   72/170 KB   72/219 KB   80/256 KB   164/558 KB   24/423 KB   56/170 KB   52/219 KB   56/256 KB   172/558 KB   28/423 KB   72/170 KB   72/219 KB   80/256 KB   172/558 KB   31/423 KB   72/170 KB   72/219 KB   80/256 KB   172/558 KB   31/423 KB   72/170 KB   76/219 KB   80/256 KB   172/558 KB   31/423 KB   72/170 KB   78/219 KB   80/256 KB   172/558 KB   32/423 KB   72/170 KB   78/219 KB   80/256 KB   172/558 KB   32/423 KB   72/170 KB   80/219 KB   80/256 KB   172/558 KB   36/423 KB   72/170 KB   80/219 KB   80/256 KB   172/558 KB   39/423 KB   76/170 KB   84/219 KB   80/256 KB   172/558 KB   40/423 KB   76/170 KB   84/219 KB   80/256 KB   172/558 KB   44/423 KB   76/170 KB   84/219 KB   80/256 KB   172/558 KB   24/423 KB   60/170 KB   56/219 KB   68/256 KB   176/558 KB   44/423 KB   76/170 KB   84/219 KB   84/256 KB   176/558 KB   44/423 KB   76/170 KB   84/219 KB   84/256 KB   180/558 KB   44/423 KB   76/170 KB   84/219 KB   84/256 KB   184/558 KB   44/423 KB   76/170 KB   84/219 KB   84/256 KB   184/558 KB   44/423 KB   76/170 KB   84/219 KB   84/256 KB   188/558 KB   44/423 KB   76/170 KB   84/219 KB   84/256 KB   192/558 KB   47/423 KB   76/170 KB   84/219 KB   84/256 KB   192/558 KB   47/423 KB   76/170 KB   84/219 KB   84/256 KB   195/558 KB   47/423 KB   76/170 KB   84/219 KB   84/256 KB   199/558 KB   47/423 KB   76/170 KB   84/219 KB   84/256 KB   200/558 KB   47/423 KB   76/170 KB   84/219 KB   84/256 KB   172/558 KB   44/423 KB   76/170 KB   84/219 KB   84/256 KB   200/558 KB   47/423 KB   76/170 KB   84/219 KB   86/256 KB   200/558 KB   47/423 KB   76/170 KB   84/219 KB   88/256 KB   200/558 KB   47/423 KB   76/170 KB   84/219 KB   92/256 KB   200/558 KB   47/423 KB   76/170 KB   84/219 KB   94/256 KB   200/558 KB   47/423 KB   76/170 KB   84/219 KB   96/256 KB   172/558 KB   36/423 KB   76/170 KB   84/219 KB   80/256 KB   172/558 KB   36/423 KB   72/170 KB   84/219 KB   80/256 KB   200/558 KB   47/423 KB   78/170 KB   84/219 KB   96/256 KB   200/558 KB   47/423 KB   80/170 KB   84/219 KB   96/256 KB   200/558 KB   47/423 KB   80/170 KB   84/219 KB   100/256 KB   203/558 KB   47/423 KB   80/170 KB   84/219 KB   102/256 KB   188/558 KB   47/423 KB   76/170 KB   84/219 KB   84/256 KB   203/558 KB   47/423 KB   80/170 KB   84/219 KB   104/256 KB   203/558 KB   48/423 KB   80/170 KB   84/219 KB   104/256 KB   203/558 KB   48/423 KB   80/170 KB   84/219 KB   108/256 KB   203/558 KB   48/423 KB   80/170 KB   84/219 KB   109/256 KB   203/558 KB   48/423 KB   84/170 KB   84/219 KB   109/256 KB   203/558 KB   52/423 KB   86/170 KB   84/219 KB   112/256 KB   203/558 KB   52/423 KB   88/170 KB   84/219 KB   112/256 KB   203/558 KB   52/423 KB   92/170 KB   84/219 KB   112/256 KB   203/558 KB   52/423 KB   94/170 KB   86/219 KB   112/256 KB   203/558 KB   52/423 KB   96/170 KB   86/219 KB   112/256 KB   203/558 KB   52/423 KB   100/170 KB   86/219 KB   112/256 KB   203/558 KB   47/423 KB   80/170 KB   84/219 KB   100/256 KB   207/558 KB   52/423 KB   100/170 KB   86/219 KB   112/256 KB   208/558 KB   52/423 KB   100/170 KB   86/219 KB   112/256 KB   211/558 KB   52/423 KB   100/170 KB   86/219 KB   112/256 KB   215/558 KB   52/423 KB   100/170 KB   86/219 KB   112/256 KB   203/558 KB   52/423 KB   92/170 KB   86/219 KB   112/256 KB   215/558 KB   52/423 KB   102/170 KB   88/219 KB   112/256 KB   215/558 KB   52/423 KB   102/170 KB   92/219 KB   112/256 KB   203/558 KB   52/423 KB   84/170 KB   84/219 KB   112/256 KB   203/558 KB   48/423 KB   84/170 KB   84/219 KB   112/256 KB   215/558 KB   55/423 KB   102/170 KB   92/219 KB   112/256 KB   215/558 KB   56/423 KB   102/170 KB   92/219 KB   112/256 KB   215/558 KB   56/423 KB   102/170 KB   92/219 KB   116/256 KB   215/558 KB   56/423 KB   102/170 KB   92/219 KB   117/256 KB   215/558 KB   60/423 KB   102/170 KB   92/219 KB   117/256 KB   215/558 KB   63/423 KB   102/170 KB   92/219 KB   117/256 KB   215/558 KB   63/423 KB   102/170 KB   92/219 KB   120/256 KB   215/558 KB   64/423 KB   102/170 KB   92/219 KB   120/256 KB   215/558 KB   64/423 KB   102/170 KB   92/219 KB   124/256 KB   215/558 KB   64/423 KB   102/170 KB   92/219 KB   125/256 KB   215/558 KB   68/423 KB   102/170 KB   92/219 KB   125/256 KB   215/558 KB   70/423 KB   102/170 KB   94/219 KB   125/256 KB   215/558 KB   70/423 KB   102/170 KB   94/219 KB   128/256 KB   215/558 KB   72/423 KB   102/170 KB   94/219 KB   128/256 KB   216/558 KB   72/423 KB   102/170 KB   94/219 KB   132/256 KB   216/558 KB   72/423 KB   102/170 KB   94/219 KB   133/256 KB   216/558 KB   76/423 KB   102/170 KB   94/219 KB   133/256 KB   216/558 KB   78/423 KB   102/170 KB   94/219 KB   133/256 KB   216/558 KB   78/423 KB   102/170 KB   94/219 KB   136/256 KB   215/558 KB   52/423 KB   102/170 KB   86/219 KB   112/256 KB   216/558 KB   72/423 KB   102/170 KB   94/219 KB   128/256 KB   219/558 KB   78/423 KB   102/170 KB   94/219 KB   136/256 KB   219/558 KB   78/423 KB   102/170 KB   94/219 KB   140/256 KB   215/558 KB   68/423 KB   102/170 KB   94/219 KB   125/256 KB   223/558 KB   80/423 KB   104/170 KB   96/219 KB   141/256 KB   223/558 KB   80/423 KB   104/170 KB   100/219 KB   141/256 KB   223/558 KB   80/423 KB   104/170 KB   102/219 KB   141/256 KB   223/558 KB   80/423 KB   104/170 KB   104/219 KB   141/256 KB   223/558 KB   80/423 KB   104/170 KB   108/219 KB   141/256 KB   223/558 KB   80/423 KB   104/170 KB   109/219 KB   141/256 KB   223/558 KB   80/423 KB   104/170 KB   94/219 KB   141/256 KB   223/558 KB   80/423 KB   104/170 KB   112/219 KB   144/256 KB   223/558 KB   80/423 KB   104/170 KB   112/219 KB   148/256 KB   223/558 KB   80/423 KB   104/170 KB   112/219 KB   149/256 KB   223/558 KB   80/423 KB   104/170 KB   112/219 KB   152/256 KB   223/558 KB   80/423 KB   104/170 KB   94/219 KB   140/256 KB   223/558 KB   78/423 KB   104/170 KB   94/219 KB   140/256 KB   219/558 KB   78/423 KB   104/170 KB   94/219 KB   140/256 KB   224/558 KB   80/423 KB   104/170 KB   112/219 KB   152/256 KB   227/558 KB   80/423 KB   104/170 KB   112/219 KB   152/256 KB   227/558 KB   80/423 KB   108/170 KB   112/219 KB   152/256 KB   227/558 KB   80/423 KB   109/170 KB   112/219 KB   152/256 KB   227/558 KB   80/423 KB   112/170 KB   112/219 KB   152/256 KB   231/558 KB   84/423 KB   112/170 KB   112/219 KB   152/256 KB   231/558 KB   86/423 KB   112/170 KB   112/219 KB   152/256 KB   231/558 KB   86/423 KB   116/170 KB   112/219 KB   152/256 KB   231/558 KB   86/423 KB   117/170 KB   112/219 KB   152/256 KB   231/558 KB   88/423 KB   117/170 KB   112/219 KB   152/256 KB   231/558 KB   88/423 KB   120/170 KB   112/219 KB   152/256 KB   231/558 KB   92/423 KB   120/170 KB   112/219 KB   152/256 KB   223/558 KB   80/423 KB   104/170 KB   112/219 KB   144/256 KB   231/558 KB   94/423 KB   124/170 KB   112/219 KB   156/256 KB   231/558 KB   92/423 KB   124/170 KB   112/219 KB   156/256 KB   231/558 KB   92/423 KB   124/170 KB   112/219 KB   152/256 KB   231/558 KB   94/423 KB   125/170 KB   112/219 KB   156/256 KB   231/558 KB   96/423 KB   125/170 KB   112/219 KB   156/256 KB   231/558 KB   96/423 KB   128/170 KB   116/219 KB   160/256 KB   231/558 KB   100/423 KB   128/170 KB   116/219 KB   160/256 KB   231/558 KB   80/423 KB   112/170 KB   112/219 KB   152/256 KB   231/558 KB   102/423 KB   128/170 KB   116/219 KB   160/256 KB   232/558 KB   102/423 KB   128/170 KB   116/219 KB   160/256 KB   231/558 KB   96/423 KB   125/170 KB   116/219 KB   160/256 KB   232/558 KB   102/423 KB   128/170 KB   116/219 KB   160/256 KB   234/558 KB   102/423 KB   128/170 KB   116/219 KB   160/256 KB   231/558 KB   96/423 KB   125/170 KB   116/219 KB   156/256 KB   234/558 KB   102/423 KB   128/170 KB   117/219 KB   160/256 KB   238/558 KB   104/423 KB   128/170 KB   120/219 KB   164/256 KB   238/558 KB   104/423 KB   128/170 KB   124/219 KB   164/256 KB   238/558 KB   104/423 KB   132/170 KB   125/219 KB   164/256 KB   238/558 KB   104/423 KB   132/170 KB   128/219 KB   164/256 KB   238/558 KB   104/423 KB   132/170 KB   132/219 KB   164/256 KB   238/558 KB   104/423 KB   128/170 KB   117/219 KB   164/256 KB   234/558 KB   104/423 KB   128/170 KB   117/219 KB   164/256 KB   240/558 KB   104/423 KB   132/170 KB   132/219 KB   164/256 KB   234/558 KB   102/423 KB   128/170 KB   117/219 KB   164/256 KB   242/558 KB   104/423 KB   132/170 KB   133/219 KB   164/256 KB   242/558 KB   104/423 KB   132/170 KB   132/219 KB   164/256 KB   238/558 KB   104/423 KB   132/170 KB   124/219 KB   164/256 KB   242/558 KB   104/423 KB   133/170 KB   133/219 KB   164/256 KB   242/558 KB   104/423 KB   133/170 KB   136/219 KB   164/256 KB   242/558 KB   104/423 KB   136/170 KB   136/219 KB   164/256 KB   242/558 KB   104/423 KB   136/170 KB   140/219 KB   164/256 KB   242/558 KB   104/423 KB   136/170 KB   141/219 KB   164/256 KB   242/558 KB   104/423 KB   136/170 KB   144/219 KB   164/256 KB   242/558 KB   104/423 KB   140/170 KB   144/219 KB   164/256 KB   246/558 KB   104/423 KB   141/170 KB   144/219 KB   164/256 KB   246/558 KB   104/423 KB   141/170 KB   148/219 KB   164/256 KB   246/558 KB   104/423 KB   141/170 KB   149/219 KB   164/256 KB   246/558 KB   104/423 KB   144/170 KB   149/219 KB   164/256 KB   246/558 KB   104/423 KB   148/170 KB   152/219 KB   168/256 KB   246/558 KB   108/423 KB   149/170 KB   152/219 KB   168/256 KB   246/558 KB   108/423 KB   152/170 KB   152/219 KB   168/256 KB   246/558 KB   104/423 KB   140/170 KB   144/219 KB   164/256 KB   248/558 KB   108/423 KB   152/170 KB   152/219 KB   168/256 KB   250/558 KB   108/423 KB   152/170 KB   152/219 KB   168/256 KB   254/558 KB   108/423 KB   152/170 KB   152/219 KB   168/256 KB   256/558 KB   108/423 KB   152/170 KB   152/219 KB   168/256 KB   258/558 KB   108/423 KB   152/170 KB   152/219 KB   168/256 KB   262/558 KB   108/423 KB   152/170 KB   152/219 KB   168/256 KB   246/558 KB   108/423 KB   148/170 KB   152/219 KB   168/256 KB   262/558 KB   109/423 KB   156/170 KB   152/219 KB   168/256 KB   262/558 KB   112/423 KB   156/170 KB   152/219 KB   168/256 KB   262/558 KB   116/423 KB   156/170 KB   152/219 KB   168/256 KB   246/558 KB   104/423 KB   144/170 KB   152/219 KB   168/256 KB   246/558 KB   104/423 KB   144/170 KB   152/219 KB   164/256 KB   262/558 KB   116/423 KB   156/170 KB   152/219 KB   168/256 KB   262/558 KB   116/423 KB   156/170 KB   152/219 KB   172/256 KB   262/558 KB   116/423 KB   156/170 KB   156/219 KB   172/256 KB   262/558 KB   116/423 KB   156/170 KB   156/219 KB   176/256 KB   262/558 KB   116/423 KB   156/170 KB   156/219 KB   176/256 KB   262/558 KB   116/423 KB   156/170 KB   160/219 KB   176/256 KB   262/558 KB   116/423 KB   156/170 KB   160/219 KB   176/256 KB   262/558 KB   116/423 KB   156/170 KB   160/219 KB   180/256 KB   264/558 KB   117/423 KB   156/170 KB   164/219 KB   180/256 KB   264/558 KB   117/423 KB   156/170 KB   164/219 KB   184/256 KB   264/558 KB   117/423 KB   156/170 KB   164/219 KB   184/256 KB   264/558 KB   117/423 KB   156/170 KB   168/219 KB   184/256 KB   264/558 KB   117/423 KB   156/170 KB   168/219 KB   184/256 KB   264/558 KB   117/423 KB   156/170 KB   168/219 KB   188/256 KB   264/558 KB   117/423 KB   156/170 KB   172/219 KB   188/256 KB   264/558 KB   117/423 KB   156/170 KB   172/219 KB   192/256 KB   264/558 KB   117/423 KB   156/170 KB   172/219 KB   192/256 KB   264/558 KB   117/423 KB   156/170 KB   176/219 KB   192/256 KB   264/558 KB   117/423 KB   156/170 KB   176/219 KB   192/256 KB   264/558 KB   117/423 KB   156/170 KB   176/219 KB   195/256 KB   262/558 KB   108/423 KB   156/170 KB   152/219 KB   168/256 KB   264/558 KB   117/423 KB   156/170 KB   160/219 KB   180/256 KB   266/558 KB   117/423 KB   156/170 KB   176/219 KB   195/256 KB   266/558 KB   117/423 KB   156/170 KB   176/219 KB   199/256 KB   266/558 KB   117/423 KB   156/170 KB   176/219 KB   200/256 KB   266/558 KB   117/423 KB   156/170 KB   176/219 KB   203/256 KB   270/558 KB   117/423 KB   156/170 KB   176/219 KB   203/256 KB   262/558 KB   117/423 KB   156/170 KB   160/219 KB   180/256 KB   270/558 KB   120/423 KB   156/170 KB   176/219 KB   203/256 KB   270/558 KB   120/423 KB   156/170 KB   176/219 KB   207/256 KB   270/558 KB   120/423 KB   156/170 KB   176/219 KB   208/256 KB   270/558 KB   120/423 KB   156/170 KB   176/219 KB   211/256 KB   270/558 KB   124/423 KB   156/170 KB   176/219 KB   211/256 KB   270/558 KB   125/423 KB   156/170 KB   176/219 KB   211/256 KB   270/558 KB   128/423 KB   156/170 KB   176/219 KB   211/256 KB   272/558 KB   128/423 KB   156/170 KB   176/219 KB   215/256 KB   272/558 KB   128/423 KB   156/170 KB   176/219 KB   216/256 KB   272/558 KB   132/423 KB   156/170 KB   176/219 KB   216/256 KB   272/558 KB   133/423 KB   160/170 KB   180/219 KB   219/256 KB   272/558 KB   136/423 KB   160/170 KB   180/219 KB   219/256 KB   272/558 KB   128/423 KB   156/170 KB   176/219 KB   211/256 KB   274/558 KB   136/423 KB   160/170 KB   180/219 KB   219/256 KB   278/558 KB   136/423 KB   160/170 KB   180/219 KB   219/256 KB   280/558 KB   136/423 KB   160/170 KB   180/219 KB   219/256 KB   281/558 KB   136/423 KB   160/170 KB   180/219 KB   219/256 KB   285/558 KB   136/423 KB   160/170 KB   180/219 KB   219/256 KB   288/558 KB   140/423 KB   160/170 KB   180/219 KB   219/256 KB   289/558 KB   140/423 KB   160/170 KB   180/219 KB   219/256 KB   272/558 KB   132/423 KB   160/170 KB   180/219 KB   219/256 KB   289/558 KB   140/423 KB   160/170 KB   184/219 KB   219/256 KB   289/558 KB   140/423 KB   160/170 KB   184/219 KB   219/256 KB   289/558 KB   140/423 KB   160/170 KB   188/219 KB   219/256 KB   289/558 KB   140/423 KB   160/170 KB   192/219 KB   219/256 KB   272/558 KB   132/423 KB   160/170 KB   176/219 KB   219/256 KB   272/558 KB   132/423 KB   156/170 KB   176/219 KB   219/256 KB   293/558 KB   140/423 KB   160/170 KB   192/219 KB   219/256 KB   293/558 KB   140/423 KB   160/170 KB   192/219 KB   219/256 KB   285/558 KB   140/423 KB   160/170 KB   180/219 KB   219/256 KB   293/558 KB   141/423 KB   160/170 KB   192/219 KB   219/256 KB   293/558 KB   141/423 KB   164/170 KB   192/219 KB   219/256 KB   293/558 KB   144/423 KB   164/170 KB   192/219 KB   219/256 KB   293/558 KB   148/423 KB   164/170 KB   192/219 KB   219/256 KB   293/558 KB   149/423 KB   164/170 KB   192/219 KB   219/256 KB   293/558 KB   149/423 KB   168/170 KB   192/219 KB   219/256 KB   293/558 KB   149/423 KB   168/170 KB   192/219 KB   219/256 KB   293/558 KB   149/423 KB   170/170 KB   192/219 KB   219/256 KB   293/558 KB   152/423 KB   170/170 KB   192/219 KB   219/256 KB   296/558 KB   156/423 KB   170/170 KB   192/219 KB   219/256 KB   293/558 KB   140/423 KB   160/170 KB   192/219 KB   219/256 KB   296/558 KB   156/423 KB   170/170 KB   192/219 KB   223/256 KB   296/558 KB   156/423 KB   170/170 KB   192/219 KB   224/256 KB   296/558 KB   156/423 KB   170/170 KB   195/219 KB   224/256 KB   296/558 KB   156/423 KB   170/170 KB   195/219 KB   227/256 KB   296/558 KB   156/423 KB   170/170 KB   199/219 KB   227/256 KB   296/558 KB   156/423 KB   170/170 KB   200/219 KB   227/256 KB   296/558 KB   156/423 KB   170/170 KB   203/219 KB   227/256 KB   296/558 KB   160/423 KB   170/170 KB   207/219 KB   231/256 KB   296/558 KB   152/423 KB   170/170 KB   192/219 KB   219/256 KB   297/558 KB   160/423 KB   170/170 KB   207/219 KB   231/256 KB   301/558 KB   160/423 KB   170/170 KB   207/219 KB   231/256 KB   304/558 KB   160/423 KB   170/170 KB   207/219 KB   231/256 KB   305/558 KB   160/423 KB   170/170 KB   207/219 KB   231/256 KB   309/558 KB   160/423 KB   170/170 KB   207/219 KB   231/256 KB   312/558 KB   160/423 KB   170/170 KB   208/219 KB   231/256 KB   313/558 KB   160/423 KB   170/170 KB   208/219 KB   231/256 KB   317/558 KB   160/423 KB   170/170 KB   208/219 KB   231/256 KB   296/558 KB   160/423 KB   170/170 KB   203/219 KB   231/256 KB   317/558 KB   160/423 KB   170/170 KB   208/219 KB   231/256 KB                                                                    Downloaded: https://repo.maven.apache.org/maven2/commons-io/commons-io/2.2/commons-io-2.2.jar (170 KB at 477.5 KB/sec)
Downloading: https://repo.maven.apache.org/maven2/commons-codec/commons-codec/1.6/commons-codec-1.6.jar
317/558 KB   164/423 KB   208/219 KB   231/256 KB                296/558 KB   156/423 KB   170/170 KB   203/219 KB   231/256 KB   317/558 KB   164/423 KB   208/219 KB   232/256 KB   317/558 KB   164/423 KB   208/219 KB   234/256 KB   317/558 KB   168/423 KB   208/219 KB   234/256 KB   317/558 KB   168/423 KB   208/219 KB   234/256 KB   317/558 KB   172/423 KB   208/219 KB   234/256 KB   309/558 KB   160/423 KB   170/170 KB   208/219 KB   231/256 KB   317/558 KB   172/423 KB   208/219 KB   238/256 KB   317/558 KB   172/423 KB   211/219 KB   238/256 KB   317/558 KB   172/423 KB   211/219 KB   240/256 KB   317/558 KB   172/423 KB   211/219 KB   242/256 KB   317/558 KB   172/423 KB   215/219 KB   242/256 KB   317/558 KB   172/423 KB   216/219 KB   242/256 KB   317/558 KB   172/423 KB   219/219 KB   242/256 KB   320/558 KB   176/423 KB   219/219 KB   246/256 KB   320/558 KB   176/423 KB   219/219 KB   246/256 KB   324/558 KB   176/423 KB   219/219 KB   246/256 KB   328/558 KB   176/423 KB   219/219 KB   246/256 KB   328/558 KB   176/423 KB   219/219 KB   246/256 KB   317/558 KB   172/423 KB   219/219 KB   246/256 KB   328/558 KB   176/423 KB   219/219 KB   248/256 KB   332/558 KB   176/423 KB   219/219 KB   248/256 KB   317/558 KB   176/423 KB   219/219 KB   246/256 KB   332/558 KB   176/423 KB   219/219 KB   248/256 KB   332/558 KB   176/423 KB   219/219 KB   250/256 KB   332/558 KB   180/423 KB   219/219 KB   250/256 KB   332/558 KB   180/423 KB   219/219 KB   254/256 KB   332/558 KB   184/423 KB   219/219 KB   254/256 KB   332/558 KB   184/423 KB   219/219 KB   254/256 KB   332/558 KB   188/423 KB   219/219 KB   254/256 KB   332/558 KB   188/423 KB   219/219 KB   254/256 KB   4/228 KB   336/558 KB   188/423 KB   219/219 KB   254/256 KB   4/228 KB   336/558 KB   188/423 KB   219/219 KB   254/256 KB   8/228 KB   336/558 KB   188/423 KB   219/219 KB   256/256 KB   8/228 KB   336/558 KB   188/423 KB   219/219 KB   256/256 KB   8/228 KB   336/558 KB   188/423 KB   219/219 KB   256/256 KB   12/228 KB   336/558 KB   188/423 KB   219/219 KB   256/256 KB   16/228 KB   336/558 KB   188/423 KB   219/219 KB   256/256 KB   16/228 KB                                                                   Downloaded: https://repo.maven.apache.org/maven2/org/apache/httpcomponents/httpcore/4.2.2/httpcore-4.2.2.jar (219 KB at 593.3 KB/sec)
Downloading: https://repo.maven.apache.org/maven2/log4j/log4j/1.2.14/log4j-1.2.14.jar
336/558 KB   188/423 KB   256/256 KB   20/228 KB                336/558 KB   188/423 KB   256/256 KB   24/228 KB   336/558 KB   188/423 KB   256/256 KB   24/228 KB   336/558 KB   188/423 KB   256/256 KB   28/228 KB   336/558 KB   192/423 KB   256/256 KB   31/228 KB   336/558 KB   192/423 KB   256/256 KB   32/228 KB   336/558 KB   192/423 KB   256/256 KB   36/228 KB   336/558 KB   192/423 KB   256/256 KB   28/228 KB   336/558 KB   192/423 KB   256/256 KB   36/228 KB   336/558 KB   195/423 KB   256/256 KB   36/228 KB                                                      336/558 KB   188/423 KB   256/256 KB   28/228 KB   Downloaded: https://repo.maven.apache.org/maven2/commons-lang/commons-lang/2.4/commons-lang-2.4.jar (256 KB at 626.6 KB/sec)
Downloading: https://repo.maven.apache.org/maven2/com/thoughtworks/qdox/qdox/1.12.1/qdox-1.12.1.jar
340/558 KB   195/423 KB   36/228 KB                344/558 KB   199/423 KB   36/228 KB   344/558 KB   199/423 KB   36/228 KB   348/558 KB   199/423 KB   36/228 KB   352/558 KB   199/423 KB   39/228 KB   352/558 KB   199/423 KB   39/228 KB   340/558 KB   199/423 KB   36/228 KB   352/558 KB   4/359 KB   199/423 KB   39/228 KB   352/558 KB   8/359 KB   199/423 KB   39/228 KB   352/558 KB   8/359 KB   199/423 KB   39/228 KB   352/558 KB   12/359 KB   199/423 KB   39/228 KB   352/558 KB   16/359 KB   199/423 KB   39/228 KB   352/558 KB   16/359 KB   199/423 KB   39/228 KB   352/558 KB   20/359 KB   199/423 KB   39/228 KB   352/558 KB   24/359 KB   200/423 KB   39/228 KB   352/558 KB   24/359 KB   200/423 KB   39/228 KB   352/558 KB   28/359 KB   200/423 KB   39/228 KB   348/558 KB   199/423 KB   39/228 KB   356/558 KB   28/359 KB   200/423 KB   40/228 KB   356/558 KB   28/359 KB   200/423 KB   44/228 KB   356/558 KB   28/359 KB   200/423 KB   47/228 KB   356/558 KB   28/359 KB   200/423 KB   48/228 KB   356/558 KB   31/359 KB   200/423 KB   4/176 KB   48/228 KB   356/558 KB   28/359 KB   200/423 KB   39/228 KB   352/558 KB   20/359 KB   200/423 KB   39/228 KB   356/558 KB   31/359 KB   200/423 KB   8/176 KB   52/228 KB   356/558 KB   31/359 KB   200/423 KB   8/176 KB   52/228 KB   356/558 KB   31/359 KB   203/423 KB   8/176 KB   52/228 KB   356/558 KB   31/359 KB   203/423 KB   12/176 KB   52/228 KB   356/558 KB   31/359 KB   203/423 KB   16/176 KB   52/228 KB   356/558 KB   31/359 KB   207/423 KB   16/176 KB   52/228 KB   356/558 KB   31/359 KB   208/423 KB   16/176 KB   52/228 KB   356/558 KB   31/359 KB   208/423 KB   16/176 KB   52/228 KB   356/558 KB   31/359 KB   211/423 KB   16/176 KB   52/228 KB   356/558 KB   31/359 KB   211/423 KB   20/176 KB   52/228 KB   356/558 KB   31/359 KB   211/423 KB   24/176 KB   52/228 KB   359/558 KB   31/359 KB   211/423 KB   24/176 KB   52/228 KB   359/558 KB   31/359 KB   211/423 KB   24/176 KB   52/228 KB   360/558 KB   31/359 KB   211/423 KB   24/176 KB   52/228 KB   360/558 KB   31/359 KB   211/423 KB   28/176 KB   52/228 KB   360/558 KB   31/359 KB   211/423 KB   31/176 KB   52/228 KB   360/558 KB   31/359 KB   215/423 KB   31/176 KB   52/228 KB   360/558 KB   31/359 KB   216/423 KB   32/176 KB   52/228 KB   360/558 KB   31/359 KB   219/423 KB   32/176 KB   52/228 KB   360/558 KB   31/359 KB   223/423 KB   32/176 KB   52/228 KB   364/558 KB   31/359 KB   224/423 KB   32/176 KB   52/228 KB   364/558 KB   31/359 KB   227/423 KB   32/176 KB   52/228 KB   364/558 KB   31/359 KB   231/423 KB   32/176 KB   52/228 KB   356/558 KB   31/359 KB   200/423 KB   4/176 KB   52/228 KB   364/558 KB   31/359 KB   231/423 KB   32/176 KB   55/228 KB   364/558 KB   31/359 KB   231/423 KB   32/176 KB   56/228 KB   364/558 KB   31/359 KB   231/423 KB   32/176 KB   60/228 KB   356/558 KB   31/359 KB   200/423 KB   48/228 KB   364/558 KB   32/359 KB   231/423 KB   32/176 KB   60/228 KB   364/558 KB   36/359 KB   231/423 KB   32/176 KB   60/228 KB   364/558 KB   39/359 KB   231/423 KB   32/176 KB   60/228 KB   364/558 KB   40/359 KB   231/423 KB   32/176 KB   60/228 KB   364/558 KB   44/359 KB   231/423 KB   32/176 KB   60/228 KB   364/558 KB   47/359 KB   231/423 KB   32/176 KB   63/228 KB   364/558 KB   48/359 KB   231/423 KB   32/176 KB   63/228 KB   364/558 KB   52/359 KB   231/423 KB   32/176 KB   63/228 KB   364/558 KB   31/359 KB   223/423 KB   32/176 KB   52/228 KB   360/558 KB   31/359 KB   215/423 KB   32/176 KB   52/228 KB   367/558 KB   52/359 KB   232/423 KB   32/176 KB   63/228 KB   364/558 KB   52/359 KB   232/423 KB   32/176 KB   63/228 KB   368/558 KB   55/359 KB   232/423 KB   32/176 KB   63/228 KB   368/558 KB   55/359 KB   234/423 KB   32/176 KB   63/228 KB   372/558 KB   55/359 KB   238/423 KB   32/176 KB   63/228 KB   364/558 KB   44/359 KB   231/423 KB   32/176 KB   63/228 KB   375/558 KB   55/359 KB   238/423 KB   32/176 KB   63/228 KB   376/558 KB   55/359 KB   238/423 KB   32/176 KB   63/228 KB   376/558 KB   55/359 KB   238/423 KB   32/176 KB   64/228 KB   376/558 KB   55/359 KB   238/423 KB   32/176 KB   68/228 KB   376/558 KB   55/359 KB   238/423 KB   32/176 KB   70/228 KB   376/558 KB   55/359 KB   238/423 KB   32/176 KB   72/228 KB   380/558 KB   55/359 KB   238/423 KB   32/176 KB   72/228 KB   383/558 KB   55/359 KB   238/423 KB   32/176 KB   72/228 KB   384/558 KB   55/359 KB   238/423 KB   32/176 KB   72/228 KB   372/558 KB   55/359 KB   238/423 KB   32/176 KB   63/228 KB   384/558 KB   55/359 KB   240/423 KB   36/176 KB   76/228 KB   384/558 KB   55/359 KB   242/423 KB   36/176 KB   76/228 KB   388/558 KB   55/359 KB   242/423 KB   36/176 KB   76/228 KB   391/558 KB   55/359 KB   242/423 KB   36/176 KB   76/228 KB   391/558 KB   55/359 KB   246/423 KB   36/176 KB   76/228 KB   367/558 KB   55/359 KB   232/423 KB   32/176 KB   63/228 KB   384/558 KB   55/359 KB   238/423 KB   36/176 KB   76/228 KB   391/558 KB   55/359 KB   246/423 KB   39/176 KB   76/228 KB   391/558 KB   56/359 KB   246/423 KB   39/176 KB   76/228 KB   391/558 KB   56/359 KB   246/423 KB   40/176 KB   76/228 KB   391/558 KB   60/359 KB   246/423 KB   40/176 KB   76/228 KB   391/558 KB   63/359 KB   246/423 KB   40/176 KB   76/228 KB   392/558 KB   63/359 KB   246/423 KB   40/176 KB   76/228 KB   392/558 KB   64/359 KB   246/423 KB   40/176 KB   76/228 KB   396/558 KB   64/359 KB   246/423 KB   40/176 KB   76/228 KB   399/558 KB   64/359 KB   246/423 KB   44/176 KB   76/228 KB   399/558 KB   68/359 KB   246/423 KB   44/176 KB   76/228 KB   384/558 KB   55/359 KB   238/423 KB   32/176 KB   76/228 KB   399/558 KB   68/359 KB   248/423 KB   44/176 KB   78/228 KB   400/558 KB   68/359 KB   248/423 KB   44/176 KB   78/228 KB   400/558 KB   68/359 KB   248/423 KB   44/176 KB   80/228 KB   404/558 KB   68/359 KB   248/423 KB   44/176 KB   80/228 KB   404/558 KB   68/359 KB   248/423 KB   44/176 KB   84/228 KB   406/558 KB   68/359 KB   248/423 KB   44/176 KB   84/228 KB   406/558 KB   70/359 KB   248/423 KB   44/176 KB   86/228 KB   406/558 KB   72/359 KB   248/423 KB   44/176 KB   86/228 KB   408/558 KB   72/359 KB   248/423 KB   44/176 KB   86/228 KB   408/558 KB   76/359 KB   248/423 KB   44/176 KB   86/228 KB   399/558 KB   68/359 KB   248/423 KB   44/176 KB   76/228 KB   396/558 KB   64/359 KB   246/423 KB   44/176 KB   76/228 KB   408/558 KB   76/359 KB   248/423 KB   47/176 KB   86/228 KB   408/558 KB   76/359 KB   250/423 KB   47/176 KB   86/228 KB   408/558 KB   76/359 KB   250/423 KB   48/176 KB   86/228 KB   408/558 KB   76/359 KB   254/423 KB   48/176 KB   86/228 KB   408/558 KB   76/359 KB   256/423 KB   48/176 KB   86/228 KB   408/558 KB   76/359 KB   256/423 KB   52/176 KB   86/228 KB   408/558 KB   76/359 KB   256/423 KB   55/176 KB   86/228 KB   408/558 KB   76/359 KB   258/423 KB   55/176 KB   86/228 KB   408/558 KB   76/359 KB   258/423 KB   56/176 KB   86/228 KB   408/558 KB   76/359 KB   262/423 KB   56/176 KB   86/228 KB   406/558 KB   68/359 KB   248/423 KB   44/176 KB   86/228 KB   408/558 KB   78/359 KB   262/423 KB   60/176 KB   86/228 KB   408/558 KB   78/359 KB   262/423 KB   63/176 KB   86/228 KB   408/558 KB   78/359 KB   262/423 KB   63/176 KB   88/228 KB   408/558 KB   78/359 KB   262/423 KB   64/176 KB   88/228 KB   412/558 KB   78/359 KB   262/423 KB   64/176 KB   88/228 KB   414/558 KB   78/359 KB   262/423 KB   64/176 KB   88/228 KB   414/558 KB   78/359 KB   262/423 KB   64/176 KB   92/228 KB   414/558 KB   78/359 KB   262/423 KB   64/176 KB   94/228 KB   414/558 KB   78/359 KB   262/423 KB   64/176 KB   96/228 KB   416/558 KB   78/359 KB   262/423 KB   64/176 KB   96/228 KB   416/558 KB   78/359 KB   262/423 KB   64/176 KB   100/228 KB   416/558 KB   78/359 KB   264/423 KB   64/176 KB   102/228 KB   416/558 KB   78/359 KB   264/423 KB   68/176 KB   102/228 KB   416/558 KB   78/359 KB   264/423 KB   70/176 KB   102/228 KB   416/558 KB   78/359 KB   264/423 KB   70/176 KB   104/228 KB   420/558 KB   78/359 KB   264/423 KB   70/176 KB   104/228 KB   422/558 KB   78/359 KB   264/423 KB   72/176 KB   104/228 KB   422/558 KB   78/359 KB   264/423 KB   72/176 KB   108/228 KB   408/558 KB   78/359 KB   262/423 KB   56/176 KB   86/228 KB   420/558 KB   78/359 KB   264/423 KB   72/176 KB   104/228 KB   422/558 KB   80/359 KB   264/423 KB   72/176 KB   108/228 KB   424/558 KB   80/359 KB   264/423 KB   72/176 KB   108/228 KB   424/558 KB   84/359 KB   264/423 KB   76/176 KB   108/228 KB   424/558 KB   86/359 KB   264/423 KB   76/176 KB   108/228 KB   424/558 KB   88/359 KB   264/423 KB   76/176 KB   108/228 KB   428/558 KB   88/359 KB   264/423 KB   76/176 KB   108/228 KB   430/558 KB   88/359 KB   264/423 KB   76/176 KB   108/228 KB   430/558 KB   92/359 KB   264/423 KB   76/176 KB   108/228 KB   416/558 KB   78/359 KB   264/423 KB   64/176 KB   100/228 KB   432/558 KB   92/359 KB   264/423 KB   76/176 KB   109/228 KB   432/558 KB   92/359 KB   266/423 KB   76/176 KB   109/228 KB   436/558 KB   92/359 KB   266/423 KB   76/176 KB   109/228 KB   438/558 KB   92/359 KB   266/423 KB   76/176 KB   109/228 KB   438/558 KB   92/359 KB   270/423 KB   76/176 KB   109/228 KB   438/558 KB   92/359 KB   272/423 KB   76/176 KB   109/228 KB   438/558 KB   92/359 KB   274/423 KB   76/176 KB   109/228 KB   440/558 KB   92/359 KB   278/423 KB   76/176 KB   109/228 KB   440/558 KB   94/359 KB   280/423 KB   76/176 KB   109/228 KB   440/558 KB   94/359 KB   281/423 KB   76/176 KB   109/228 KB   440/558 KB   94/359 KB   285/423 KB   76/176 KB   109/228 KB   430/558 KB   92/359 KB   264/423 KB   76/176 KB   109/228 KB   424/558 KB   80/359 KB   264/423 KB   76/176 KB   108/228 KB   440/558 KB   94/359 KB   285/423 KB   78/176 KB   109/228 KB   440/558 KB   94/359 KB   285/423 KB   80/176 KB   109/228 KB   440/558 KB   94/359 KB   285/423 KB   80/176 KB   112/228 KB   440/558 KB   94/359 KB   278/423 KB   76/176 KB   109/228 KB   440/558 KB   96/359 KB   285/423 KB   80/176 KB   112/228 KB   440/558 KB   96/359 KB   288/423 KB   84/176 KB   116/228 KB   440/558 KB   100/359 KB   288/423 KB   86/176 KB   116/228 KB   440/558 KB   92/359 KB   274/423 KB   76/176 KB   109/228 KB   440/558 KB   100/359 KB   288/423 KB   88/176 KB   116/228 KB   444/558 KB   100/359 KB   288/423 KB   88/176 KB   116/228 KB   440/558 KB   100/359 KB   288/423 KB   84/176 KB   116/228 KB   444/558 KB   102/359 KB   288/423 KB   88/176 KB   116/228 KB   444/558 KB   102/359 KB   288/423 KB   92/176 KB   116/228 KB   444/558 KB   102/359 KB   288/423 KB   94/176 KB   116/228 KB   444/558 KB   104/359 KB   288/423 KB   94/176 KB   116/228 KB   444/558 KB   104/359 KB   288/423 KB   96/176 KB   116/228 KB   444/558 KB   108/359 KB   288/423 KB   96/176 KB   116/228 KB   444/558 KB   109/359 KB   288/423 KB   96/176 KB   116/228 KB   444/558 KB   109/359 KB   288/423 KB   100/176 KB   116/228 KB   444/558 KB   109/359 KB   288/423 KB   102/176 KB   116/228 KB   444/558 KB   112/359 KB   288/423 KB   102/176 KB   116/228 KB   445/558 KB   112/359 KB   288/423 KB   104/176 KB   116/228 KB   445/558 KB   116/359 KB   288/423 KB   104/176 KB   116/228 KB   440/558 KB   96/359 KB   288/423 KB   80/176 KB   116/228 KB   445/558 KB   116/359 KB   289/423 KB   104/176 KB   116/228 KB   445/558 KB   116/359 KB   289/423 KB   108/176 KB   116/228 KB   445/558 KB   116/359 KB   289/423 KB   109/176 KB   116/228 KB   445/558 KB   116/359 KB   289/423 KB   112/176 KB   116/228 KB   445/558 KB   116/359 KB   293/423 KB   112/176 KB   116/228 KB   440/558 KB   96/359 KB   285/423 KB   80/176 KB   116/228 KB   445/558 KB   116/359 KB   293/423 KB   112/176 KB   117/228 KB   445/558 KB   116/359 KB   293/423 KB   116/176 KB   117/228 KB   445/558 KB   116/359 KB   293/423 KB   117/176 KB   117/228 KB   445/558 KB   116/359 KB   293/423 KB   117/176 KB   120/228 KB   445/558 KB   116/359 KB   293/423 KB   120/176 KB   120/228 KB   445/558 KB   116/359 KB   293/423 KB   120/176 KB   124/228 KB   445/558 KB   116/359 KB   293/423 KB   120/176 KB   125/228 KB   445/558 KB   116/359 KB   293/423 KB   124/176 KB   125/228 KB   445/558 KB   112/359 KB   288/423 KB   102/176 KB   116/228 KB   445/558 KB   116/359 KB   293/423 KB   125/176 KB   128/228 KB   448/558 KB   116/359 KB   293/423 KB   125/176 KB   128/228 KB   448/558 KB   116/359 KB   296/423 KB   128/176 KB   128/228 KB   452/558 KB   116/359 KB   296/423 KB   128/176 KB   128/228 KB   445/558 KB   116/359 KB   293/423 KB   124/176 KB   128/228 KB   452/558 KB   117/359 KB   296/423 KB   132/176 KB   128/228 KB   452/558 KB   117/359 KB   296/423 KB   133/176 KB   128/228 KB   452/558 KB   117/359 KB   296/423 KB   136/176 KB   128/228 KB   452/558 KB   117/359 KB   296/423 KB   136/176 KB   132/228 KB   452/558 KB   117/359 KB   296/423 KB   136/176 KB   133/228 KB   452/558 KB   117/359 KB   296/423 KB   136/176 KB   136/228 KB   452/558 KB   117/359 KB   296/423 KB   140/176 KB   136/228 KB   452/558 KB   117/359 KB   296/423 KB   141/176 KB   136/228 KB   452/558 KB   117/359 KB   296/423 KB   141/176 KB   140/228 KB   453/558 KB   117/359 KB   296/423 KB   141/176 KB   141/228 KB   453/558 KB   117/359 KB   296/423 KB   144/176 KB   141/228 KB   453/558 KB   117/359 KB   296/423 KB   144/176 KB   144/228 KB   453/558 KB   117/359 KB   296/423 KB   148/176 KB   144/228 KB   453/558 KB   117/359 KB   296/423 KB   149/176 KB   144/228 KB   453/558 KB   117/359 KB   296/423 KB   149/176 KB   148/228 KB   452/558 KB   117/359 KB   296/423 KB   128/176 KB   128/228 KB   453/558 KB   117/359 KB   296/423 KB   152/176 KB   148/228 KB   453/558 KB   120/359 KB   296/423 KB   152/176 KB   148/228 KB   453/558 KB   120/359 KB   296/423 KB   156/176 KB   148/228 KB   453/558 KB   124/359 KB   296/423 KB   156/176 KB   148/228 KB   448/558 KB   116/359 KB   296/423 KB   125/176 KB   128/228 KB   453/558 KB   124/359 KB   297/423 KB   156/176 KB   148/228 KB   453/558 KB   124/359 KB   297/423 KB   160/176 KB   148/228 KB   453/558 KB   124/359 KB   297/423 KB   160/176 KB   148/228 KB   453/558 KB   124/359 KB   297/423 KB   164/176 KB   148/228 KB   453/558 KB   124/359 KB   301/423 KB   164/176 KB   148/228 KB   453/558 KB   124/359 KB   304/423 KB   164/176 KB   148/228 KB   453/558 KB   124/359 KB   305/423 KB   164/176 KB   148/228 KB   453/558 KB   124/359 KB   305/423 KB   168/176 KB   148/228 KB   453/558 KB   124/359 KB   305/423 KB   168/176 KB   148/228 KB   453/558 KB   124/359 KB   305/423 KB   172/176 KB   148/228 KB   453/558 KB   124/359 KB   309/423 KB   172/176 KB   148/228 KB   453/558 KB   117/359 KB   296/423 KB   141/176 KB   140/228 KB   456/558 KB   125/359 KB   309/423 KB   172/176 KB   149/228 KB   456/558 KB   125/359 KB   309/423 KB   176/176 KB   149/228 KB   456/558 KB   125/359 KB   309/423 KB   176/176 KB   149/228 KB   453/558 KB   125/359 KB   309/423 KB   172/176 KB   149/228 KB   453/558 KB   125/359 KB   309/423 KB   172/176 KB   148/228 KB   460/558 KB   125/359 KB   309/423 KB   176/176 KB   149/228 KB   461/558 KB   125/359 KB   309/423 KB   176/176 KB   149/228 KB   461/558 KB   128/359 KB   309/423 KB   176/176 KB   149/228 KB   464/558 KB   128/359 KB   309/423 KB   176/176 KB   149/228 KB   464/558 KB   128/359 KB   312/423 KB   176/176 KB   149/228 KB   468/558 KB   128/359 KB   313/423 KB   176/176 KB   149/228 KB   468/558 KB   128/359 KB   313/423 KB   176/176 KB   152/228 KB   468/558 KB   132/359 KB   313/423 KB   176/176 KB   152/228 KB   468/558 KB   133/359 KB   313/423 KB   176/176 KB   152/228 KB   468/558 KB   136/359 KB   313/423 KB   176/176 KB   152/228 KB   468/558 KB   140/359 KB   317/423 KB   176/176 KB   156/228 KB   468/558 KB   141/359 KB   317/423 KB   176/176 KB   156/228 KB   468/558 KB   144/359 KB   317/423 KB   176/176 KB   156/228 KB   468/558 KB   136/359 KB   317/423 KB   176/176 KB   156/228 KB   468/558 KB   136/359 KB   317/423 KB   176/176 KB   152/228 KB   468/558 KB   144/359 KB   320/423 KB   176/176 KB   156/228 KB   468/558 KB   144/359 KB   320/423 KB   176/176 KB   156/228 KB   468/558 KB   144/359 KB   320/423 KB   176/176 KB   160/228 KB   468/558 KB   128/359 KB   312/423 KB   176/176 KB   156/228 KB   469/558 KB   144/359 KB   320/423 KB   176/176 KB   160/228 KB   469/558 KB   148/359 KB   320/423 KB   176/176 KB   160/228 KB   469/558 KB   149/359 KB   320/423 KB   176/176 KB   160/228 KB   472/558 KB   149/359 KB   320/423 KB   176/176 KB   160/228 KB   468/558 KB   144/359 KB   320/423 KB   176/176 KB   160/228 KB   476/558 KB   149/359 KB   320/423 KB   176/176 KB   160/228 KB   477/558 KB   149/359 KB   324/423 KB   176/176 KB   164/228 KB   476/558 KB   149/359 KB   320/423 KB   176/176 KB   164/228 KB   480/558 KB   149/359 KB   324/423 KB   176/176 KB   164/228 KB   480/558 KB   149/359 KB   324/423 KB   176/176 KB   168/228 KB   476/558 KB   149/359 KB   324/423 KB   176/176 KB   164/228 KB   480/558 KB   149/359 KB   328/423 KB   176/176 KB   168/228 KB   480/558 KB   152/359 KB   328/423 KB   176/176 KB   168/228 KB   480/558 KB   152/359 KB   328/423 KB   176/176 KB   168/228 KB                                                                    Downloaded: https://repo.maven.apache.org/maven2/com/thoughtworks/qdox/qdox/1.12.1/qdox-1.12.1.jar (176 KB at 791.0 KB/sec)
Downloading: https://repo.maven.apache.org/maven2/org/codehaus/plexus/plexus-archiver/2.5/plexus-archiver-2.5.jar
480/558 KB   149/359 KB   324/423 KB   176/176 KB   168/228 KB   480/558 KB   156/359 KB   328/423 KB   168/228 KB                484/558 KB   156/359 KB   328/423 KB   172/228 KB   484/558 KB   160/359 KB   328/423 KB   172/228 KB   484/558 KB   160/359 KB   328/423 KB   172/228 KB   488/558 KB   160/359 KB   328/423 KB   172/228 KB   488/558 KB   160/359 KB   332/423 KB   172/228 KB   488/558 KB   164/359 KB   332/423 KB   172/228 KB   480/558 KB   156/359 KB   328/423 KB   172/228 KB   488/558 KB   160/359 KB   332/423 KB   172/228 KB   488/558 KB   164/359 KB   336/423 KB   172/228 KB   488/558 KB   164/359 KB   336/423 KB   172/228 KB   488/558 KB   164/359 KB   336/423 KB   176/228 KB   488/558 KB   164/359 KB   336/423 KB   176/228 KB   488/558 KB   164/359 KB   336/423 KB   180/228 KB   492/558 KB   164/359 KB   340/423 KB   180/228 KB   492/558 KB   164/359 KB   344/423 KB   180/228 KB   492/558 KB   164/359 KB   344/423 KB   184/228 KB   492/558 KB   164/359 KB   344/423 KB   184/228 KB   492/558 KB   168/359 KB   344/423 KB   188/228 KB   492/558 KB   168/359 KB   344/423 KB   192/228 KB   492/558 KB   164/359 KB   340/423 KB   180/228 KB   492/558 KB   168/359 KB   344/423 KB   184/228 KB   492/558 KB   168/359 KB   344/423 KB   192/228 KB   492/558 KB   172/359 KB   344/423 KB   192/228 KB   492/558 KB   164/359 KB   344/423 KB   184/228 KB   496/558 KB   172/359 KB   344/423 KB   192/228 KB   496/558 KB   172/359 KB   344/423 KB   192/228 KB   500/558 KB   172/359 KB   344/423 KB   192/228 KB   504/558 KB   172/359 KB   344/423 KB   192/228 KB   504/558 KB   172/359 KB   344/423 KB   192/228 KB   508/558 KB   172/359 KB   344/423 KB   192/228 KB   508/558 KB   172/359 KB   344/423 KB   4/124 KB   192/228 KB   508/558 KB   172/359 KB   344/423 KB   8/124 KB   192/228 KB   508/558 KB   172/359 KB   344/423 KB   8/124 KB   192/228 KB   512/558 KB   172/359 KB   344/423 KB   8/124 KB   192/228 KB   512/558 KB   172/359 KB   344/423 KB   8/124 KB   192/228 KB   516/558 KB   172/359 KB   344/423 KB   8/124 KB   192/228 KB   504/558 KB   172/359 KB   344/423 KB   192/228 KB   516/558 KB   172/359 KB   344/423 KB   12/124 KB   192/228 KB   516/558 KB   172/359 KB   344/423 KB   16/124 KB   192/228 KB   516/558 KB   172/359 KB   344/423 KB   16/124 KB   192/228 KB   516/558 KB   172/359 KB   344/423 KB   16/124 KB   195/228 KB   516/558 KB   172/359 KB   348/423 KB   16/124 KB   195/228 KB   516/558 KB   172/359 KB   352/423 KB   16/124 KB   199/228 KB   516/558 KB   172/359 KB   348/423 KB   16/124 KB   199/228 KB   516/558 KB   172/359 KB   352/423 KB   16/124 KB   200/228 KB   516/558 KB   172/359 KB   352/423 KB   16/124 KB   200/228 KB   516/558 KB   172/359 KB   352/423 KB   20/124 KB   203/228 KB   516/558 KB   172/359 KB   352/423 KB   20/124 KB   207/228 KB   520/558 KB   172/359 KB   356/423 KB   20/124 KB   208/228 KB   520/558 KB   172/359 KB   356/423 KB   20/124 KB   211/228 KB   520/558 KB   176/359 KB   356/423 KB   20/124 KB   211/228 KB   520/558 KB   176/359 KB   356/423 KB   20/124 KB   211/228 KB   520/558 KB   180/359 KB   356/423 KB   20/124 KB   211/228 KB   516/558 KB   172/359 KB   352/423 KB   20/124 KB   200/228 KB   520/558 KB   172/359 KB   356/423 KB   20/124 KB   207/228 KB   520/558 KB   180/359 KB   356/423 KB   24/124 KB   211/228 KB   516/558 KB   172/359 KB   356/423 KB   20/124 KB   207/228 KB   520/558 KB   180/359 KB   359/423 KB   24/124 KB   211/228 KB   520/558 KB   180/359 KB   356/423 KB   24/124 KB   211/228 KB   520/558 KB   180/359 KB   359/423 KB   24/124 KB   211/228 KB   524/558 KB   180/359 KB   359/423 KB   24/124 KB   211/228 KB   524/558 KB   180/359 KB   360/423 KB   24/124 KB   211/228 KB   524/558 KB   180/359 KB   360/423 KB   28/124 KB   215/228 KB   528/558 KB   180/359 KB   360/423 KB   28/124 KB   216/228 KB   524/558 KB   180/359 KB   360/423 KB   28/124 KB   211/228 KB   528/558 KB   180/359 KB   360/423 KB   28/124 KB   215/228 KB   528/558 KB   180/359 KB   360/423 KB   31/124 KB   216/228 KB   531/558 KB   180/359 KB   360/423 KB   31/124 KB   216/228 KB   531/558 KB   184/359 KB   364/423 KB   31/124 KB   219/228 KB   531/558 KB   184/359 KB   364/423 KB   31/124 KB   219/228 KB   528/558 KB   180/359 KB   360/423 KB   31/124 KB   216/228 KB   531/558 KB   180/359 KB   364/423 KB   31/124 KB   219/228 KB   531/558 KB   184/359 KB   364/423 KB   32/124 KB   219/228 KB   531/558 KB   180/359 KB   364/423 KB   31/124 KB   216/228 KB   531/558 KB   184/359 KB   367/423 KB   32/124 KB   219/228 KB   531/558 KB   184/359 KB   368/423 KB   36/124 KB   219/228 KB   535/558 KB   184/359 KB   368/423 KB   36/124 KB   219/228 KB   536/558 KB   184/359 KB   368/423 KB   36/124 KB   223/228 KB   536/558 KB   188/359 KB   368/423 KB   36/124 KB   223/228 KB   539/558 KB   192/359 KB   372/423 KB   36/124 KB   223/228 KB   539/558 KB   192/359 KB   372/423 KB   36/124 KB   223/228 KB   539/558 KB   195/359 KB   372/423 KB   36/124 KB   223/228 KB   531/558 KB   184/359 KB   367/423 KB   36/124 KB   219/228 KB   539/558 KB   195/359 KB   372/423 KB   39/124 KB   223/228 KB   539/558 KB   195/359 KB   372/423 KB   40/124 KB   223/228 KB   539/558 KB   195/359 KB   372/423 KB   44/124 KB   223/228 KB   539/558 KB   195/359 KB   372/423 KB   47/124 KB   223/228 KB   539/558 KB   188/359 KB   372/423 KB   36/124 KB   223/228 KB   539/558 KB   188/359 KB   368/423 KB   36/124 KB   223/228 KB   539/558 KB   195/359 KB   375/423 KB   48/124 KB   223/228 KB   535/558 KB   184/359 KB   368/423 KB   36/124 KB   223/228 KB   539/558 KB   195/359 KB   375/423 KB   48/124 KB   224/228 KB   539/558 KB   195/359 KB   375/423 KB   48/124 KB   227/228 KB   539/558 KB   195/359 KB   375/423 KB   48/124 KB   228/228 KB   539/558 KB   199/359 KB   375/423 KB   48/124 KB   228/228 KB   543/558 KB   200/359 KB   375/423 KB   52/124 KB   228/228 KB   539/558 KB   195/359 KB   375/423 KB   47/124 KB   223/228 KB   543/558 KB   199/359 KB   375/423 KB   52/124 KB   228/228 KB   543/558 KB   200/359 KB   375/423 KB   55/124 KB   228/228 KB   543/558 KB   200/359 KB   376/423 KB   55/124 KB   228/228 KB   543/558 KB   200/359 KB   376/423 KB   56/124 KB   228/228 KB   543/558 KB   203/359 KB   380/423 KB   56/124 KB   228/228 KB   543/558 KB   203/359 KB   383/423 KB   56/124 KB   228/228 KB   543/558 KB   203/359 KB   384/423 KB   56/124 KB   228/228 KB   543/558 KB   203/359 KB   384/423 KB   60/124 KB   228/228 KB   543/558 KB   203/359 KB   384/423 KB   63/124 KB   228/228 KB   543/558 KB   199/359 KB   375/423 KB   48/124 KB   228/228 KB   544/558 KB   203/359 KB   384/423 KB   63/124 KB   228/228 KB   543/558 KB   203/359 KB   376/423 KB   56/124 KB   228/228 KB   547/558 KB   203/359 KB   388/423 KB   64/124 KB   228/228 KB   547/558 KB   207/359 KB   388/423 KB   64/124 KB   228/228 KB   547/558 KB   208/359 KB   388/423 KB   64/124 KB   228/228 KB   547/558 KB   211/359 KB   388/423 KB   64/124 KB   228/228 KB   544/558 KB   203/359 KB   388/423 KB   64/124 KB   228/228 KB   547/558 KB   211/359 KB   391/423 KB   64/124 KB   228/228 KB   547/558 KB   211/359 KB   392/423 KB   64/124 KB   228/228 KB   544/558 KB   203/359 KB   384/423 KB   64/124 KB   228/228 KB   551/558 KB   211/359 KB   392/423 KB   64/124 KB   228/228 KB   552/558 KB   211/359 KB   392/423 KB   64/124 KB   228/228 KB   555/558 KB   211/359 KB   392/423 KB   64/124 KB   228/228 KB   555/558 KB   211/359 KB   392/423 KB   68/124 KB   228/228 KB   555/558 KB   215/359 KB   396/423 KB   70/124 KB   228/228 KB   555/558 KB   215/359 KB   396/423 KB   72/124 KB   228/228 KB   555/558 KB   215/359 KB   396/423 KB   68/124 KB   228/228 KB   555/558 KB   215/359 KB   399/423 KB   72/124 KB   228/228 KB   555/558 KB   215/359 KB   400/423 KB   72/124 KB   228/228 KB   555/558 KB   215/359 KB   392/423 KB   68/124 KB   228/228 KB   558/558 KB   215/359 KB   400/423 KB   76/124 KB                                                                                555/558 KB   215/359 KB   400/423 KB   76/124 KB   228/228 KB   558/558 KB   216/359 KB   400/423 KB   78/124 KB   Downloaded: https://repo.maven.apache.org/maven2/commons-codec/commons-codec/1.6/commons-codec-1.6.jar (228 KB at 624.5 KB/sec)
558/558 KB   216/359 KB   400/423 KB   76/124 KB   Downloading: https://repo.maven.apache.org/maven2/org/codehaus/plexus/plexus-io/2.0.12/plexus-io-2.0.12.jar
558/558 KB   219/359 KB   400/423 KB   78/124 KB   558/558 KB   223/359 KB   400/423 KB   78/124 KB   558/558 KB   224/359 KB   400/423 KB   78/124 KB   558/558 KB   224/359 KB   404/423 KB   78/124 KB   558/558 KB   227/359 KB   404/423 KB   78/124 KB   558/558 KB   227/359 KB   406/423 KB   78/124 KB   558/558 KB   227/359 KB   406/423 KB   80/124 KB   558/558 KB   227/359 KB   408/423 KB   80/124 KB   558/558 KB   227/359 KB   412/423 KB   80/124 KB   558/558 KB   227/359 KB   414/423 KB   80/124 KB   558/558 KB   227/359 KB   416/423 KB   80/124 KB   558/558 KB   227/359 KB   416/423 KB   84/124 KB   558/558 KB   227/359 KB   416/423 KB   86/124 KB   558/558 KB   231/359 KB   416/423 KB   86/124 KB   558/558 KB   232/359 KB   416/423 KB   86/124 KB   558/558 KB   232/359 KB   420/423 KB   86/124 KB   558/558 KB   232/359 KB   422/423 KB   86/124 KB   558/558 KB   232/359 KB   422/423 KB   88/124 KB   558/558 KB   234/359 KB   423/423 KB   88/124 KB   558/558 KB   234/359 KB   422/423 KB   88/124 KB   558/558 KB   234/359 KB   423/423 KB   92/124 KB   558/558 KB   238/359 KB   423/423 KB   94/124 KB   558/558 KB   238/359 KB   423/423 KB   96/124 KB   558/558 KB   238/359 KB   423/423 KB   92/124 KB   558/558 KB   240/359 KB   423/423 KB   96/124 KB   558/558 KB   242/359 KB   423/423 KB   96/124 KB   558/558 KB   242/359 KB   423/423 KB   96/124 KB   4/60 KB   242/359 KB   423/423 KB   100/124 KB   8/60 KB   242/359 KB   423/423 KB   100/124 KB   8/60 KB   246/359 KB   423/423 KB   100/124 KB   8/60 KB   248/359 KB   423/423 KB   100/124 KB   8/60 KB   250/359 KB   423/423 KB   100/124 KB   8/60 KB   250/359 KB   423/423 KB   100/124 KB   12/60 KB   242/359 KB   423/423 KB   100/124 KB   4/60 KB                                                                            250/359 KB   423/423 KB   102/124 KB   16/60 KB   250/359 KB   423/423 KB   100/124 KB   16/60 KB   Downloaded: https://repo.maven.apache.org/maven2/commons-collections/commons-collections/3.2/commons-collections-3.2.jar (558 KB at 653.2 KB/sec)
Downloading: https://repo.maven.apache.org/maven2/org/codehaus/plexus/plexus-utils/3.0.15/plexus-utils-3.0.15.jar
250/359 KB   423/423 KB   102/124 KB   16/60 KB   250/359 KB   423/423 KB   104/124 KB   16/60 KB   250/359 KB   423/423 KB   108/124 KB   16/60 KB   254/359 KB   423/423 KB   109/124 KB   20/60 KB                                                     254/359 KB   423/423 KB   108/124 KB   20/60 KB   250/359 KB   423/423 KB   108/124 KB   20/60 KB   254/359 KB   109/124 KB   24/60 KB                256/359 KB   109/124 KB   24/60 KB   256/359 KB   112/124 KB   24/60 KB   256/359 KB   116/124 KB   24/60 KB   256/359 KB   117/124 KB   24/60 KB   256/359 KB   117/124 KB   28/60 KB   256/359 KB   117/124 KB   31/60 KB   256/359 KB   117/124 KB   32/60 KB   256/359 KB   120/124 KB   32/60 KB   256/359 KB   124/124 KB   32/60 KB   256/359 KB   124/124 KB   36/60 KB   Downloaded: https://repo.maven.apache.org/maven2/org/apache/httpcomponents/httpclient/4.2.3/httpclient-4.2.3.jar (423 KB at 566.2 KB/sec)
256/359 KB   109/124 KB   24/60 KB   258/359 KB   124/124 KB   36/60 KB   262/359 KB   124/124 KB   36/60 KB   264/359 KB   124/124 KB   36/60 KB   264/359 KB   124/124 KB   39/60 KB   266/359 KB   124/124 KB   39/60 KB   266/359 KB   124/124 KB   40/60 KB   270/359 KB   124/124 KB   40/60 KB   272/359 KB   124/124 KB   40/60 KB   272/359 KB   124/124 KB   44/60 KB   272/359 KB   124/124 KB   47/60 KB   274/359 KB   124/124 KB   47/60 KB   274/359 KB   124/124 KB   48/60 KB   274/359 KB   124/124 KB   52/60 KB   274/359 KB   124/124 KB   55/60 KB   274/359 KB   124/124 KB   56/60 KB   274/359 KB   4/234 KB   124/124 KB   56/60 KB   274/359 KB   8/234 KB   124/124 KB   56/60 KB   274/359 KB   8/234 KB   124/124 KB   60/60 KB   274/359 KB   8/234 KB   124/124 KB   60/60 KB                                                   Downloaded: https://repo.maven.apache.org/maven2/org/codehaus/plexus/plexus-archiver/2.5/plexus-archiver-2.5.jar (124 KB at 781.6 KB/sec)
274/359 KB   12/234 KB   60/60 KB                                                   Downloaded: https://repo.maven.apache.org/maven2/org/codehaus/plexus/plexus-io/2.0.12/plexus-io-2.0.12.jar (60 KB at 779.2 KB/sec)
274/359 KB   16/234 KB              274/359 KB   16/234 KB   274/359 KB   20/234 KB   274/359 KB   24/234 KB   274/359 KB   24/234 KB   274/359 KB   28/234 KB   278/359 KB   31/234 KB   278/359 KB   32/234 KB   278/359 KB   36/234 KB   278/359 KB   39/234 KB   278/359 KB   40/234 KB   278/359 KB   28/234 KB   280/359 KB   40/234 KB   281/359 KB   40/234 KB   285/359 KB   40/234 KB   288/359 KB   40/234 KB   289/359 KB   40/234 KB   293/359 KB   40/234 KB   296/359 KB   44/234 KB   297/359 KB   44/234 KB   301/359 KB   44/234 KB   304/359 KB   44/234 KB   305/359 KB   44/234 KB   309/359 KB   44/234 KB   293/359 KB   44/234 KB   309/359 KB   47/234 KB   309/359 KB   48/234 KB   309/359 KB   52/234 KB   309/359 KB   55/234 KB   309/359 KB   56/234 KB   312/359 KB   56/234 KB   313/359 KB   56/234 KB   313/359 KB   60/234 KB   313/359 KB   63/234 KB   313/359 KB   64/234 KB   317/359 KB   64/234 KB   320/359 KB   64/234 KB   320/359 KB   64/234 KB   320/359 KB   68/234 KB   320/359 KB   70/234 KB   320/359 KB   72/234 KB   324/359 KB   72/234 KB   328/359 KB   72/234 KB   328/359 KB   72/234 KB   328/359 KB   76/234 KB   328/359 KB   78/234 KB   328/359 KB   80/234 KB   332/359 KB   80/234 KB   336/359 KB   80/234 KB   336/359 KB   80/234 KB   336/359 KB   84/234 KB   336/359 KB   86/234 KB   336/359 KB   88/234 KB   340/359 KB   88/234 KB   344/359 KB   88/234 KB   344/359 KB   92/234 KB   344/359 KB   92/234 KB   344/359 KB   94/234 KB   344/359 KB   96/234 KB   344/359 KB   100/234 KB   348/359 KB   102/234 KB   348/359 KB   100/234 KB   352/359 KB   102/234 KB   352/359 KB   104/234 KB   352/359 KB   104/234 KB   352/359 KB   108/234 KB   352/359 KB   109/234 KB   356/359 KB   109/234 KB   359/359 KB   109/234 KB   359/359 KB   112/234 KB   359/359 KB   116/234 KB   359/359 KB   117/234 KB   359/359 KB   120/234 KB   359/359 KB   124/234 KB   359/359 KB   125/234 KB   359/359 KB   128/234 KB   359/359 KB   132/234 KB   359/359 KB   133/234 KB   359/359 KB   136/234 KB   359/359 KB   140/234 KB   359/359 KB   141/234 KB   359/359 KB   144/234 KB   359/359 KB   148/234 KB   359/359 KB   149/234 KB   359/359 KB   152/234 KB   359/359 KB   156/234 KB   359/359 KB   160/234 KB   359/359 KB   160/234 KB   359/359 KB   164/234 KB   359/359 KB   168/234 KB   359/359 KB   168/234 KB   359/359 KB   172/234 KB   359/359 KB   176/234 KB   359/359 KB   176/234 KB   359/359 KB   180/234 KB   359/359 KB   184/234 KB   359/359 KB   184/234 KB   359/359 KB   188/234 KB   359/359 KB   192/234 KB   359/359 KB   192/234 KB   359/359 KB   195/234 KB   359/359 KB   199/234 KB   359/359 KB   200/234 KB   359/359 KB   203/234 KB   359/359 KB   207/234 KB   359/359 KB   208/234 KB   359/359 KB   211/234 KB   359/359 KB   215/234 KB   359/359 KB   216/234 KB   359/359 KB   219/234 KB   359/359 KB   223/234 KB   359/359 KB   224/234 KB   359/359 KB   227/234 KB   359/359 KB   231/234 KB   359/359 KB   232/234 KB   359/359 KB   234/234 KB                             Downloaded: https://repo.maven.apache.org/maven2/org/codehaus/plexus/plexus-utils/3.0.15/plexus-utils-3.0.15.jar (234 KB at 1085.4 KB/sec)
                          Downloaded: https://repo.maven.apache.org/maven2/log4j/log4j/1.2.14/log4j-1.2.14.jar (359 KB at 501.9 KB/sec)
[INFO] Not executing Javadoc as the project is not a Java classpath-capable package
[INFO] 
[INFO] --- maven-enforcer-plugin:1.0:enforce (enforce-maven) @ parent ---
[INFO] 
[INFO] --- maven-checkstyle-plugin:2.9.1:checkstyle (default) @ parent ---
[INFO] 
[INFO] --- maven-install-plugin:2.4:install (default-install) @ parent ---
[INFO] Installing /home/travis/build/square/retrofit/pom.xml to /home/travis/.m2/repository/com/squareup/retrofit/parent/2.0.0-SNAPSHOT/parent-2.0.0-SNAPSHOT.pom
[INFO] 
[INFO] --- maven-deploy-plugin:2.7:deploy (default-deploy) @ parent ---
Downloading: https://repo.maven.apache.org/maven2/org/codehaus/plexus/plexus-utils/1.5.6/plexus-utils-1.5.6.jar
4/245 KB                  8/245 KB   8/245 KB   12/245 KB   16/245 KB   16/245 KB   20/245 KB   24/245 KB   24/245 KB   28/245 KB   31/245 KB   32/245 KB   36/245 KB   39/245 KB   40/245 KB   44/245 KB   47/245 KB   48/245 KB   52/245 KB   55/245 KB   56/245 KB   60/245 KB   63/245 KB   64/245 KB   68/245 KB   70/245 KB   72/245 KB   76/245 KB   78/245 KB   80/245 KB   84/245 KB   86/245 KB   88/245 KB   92/245 KB   94/245 KB   96/245 KB   100/245 KB   102/245 KB   104/245 KB   108/245 KB   109/245 KB   112/245 KB   116/245 KB   117/245 KB   120/245 KB   124/245 KB   125/245 KB   128/245 KB   132/245 KB   133/245 KB   136/245 KB   140/245 KB   141/245 KB   144/245 KB   148/245 KB   149/245 KB   152/245 KB   156/245 KB   160/245 KB   160/245 KB   164/245 KB   168/245 KB   168/245 KB   172/245 KB   176/245 KB   176/245 KB   180/245 KB   184/245 KB   184/245 KB   188/245 KB   192/245 KB   192/245 KB   195/245 KB   199/245 KB   200/245 KB   203/245 KB   207/245 KB   208/245 KB   211/245 KB   215/245 KB   216/245 KB   219/245 KB   223/245 KB   224/245 KB   227/245 KB   231/245 KB   232/245 KB   234/245 KB   238/245 KB   240/245 KB   242/245 KB   245/245 KB                Downloaded: https://repo.maven.apache.org/maven2/org/codehaus/plexus/plexus-utils/1.5.6/plexus-utils-1.5.6.jar (245 KB at 1501.1 KB/sec)
Downloading: https://oss.sonatype.org/content/repositories/snapshots/com/squareup/retrofit/parent/2.0.0-SNAPSHOT/maven-metadata.xml
             [WARNING] Could not transfer metadata com.squareup.retrofit:parent:2.0.0-SNAPSHOT/maven-metadata.xml from/to sonatype-nexus-snapshots (https://oss.sonatype.org/content/repositories/snapshots/): Failed to transfer file: https://oss.sonatype.org/content/repositories/snapshots/com/squareup/retrofit/parent/2.0.0-SNAPSHOT/maven-metadata.xml. Return code is: 503 , ReasonPhrase:Service Temporarily Unavailable.
[INFO] ------------------------------------------------------------------------
[INFO] Reactor Summary:
[INFO] 
[INFO] Retrofit (Parent) .................................. FAILURE [ 17.007 s]
[INFO] Retrofit ........................................... SKIPPED
[INFO] Converters ......................................... SKIPPED
[INFO] Converter: Protocol Buffers ........................ SKIPPED
[INFO] Converter: Jackson ................................. SKIPPED
[INFO] Converter: Wire Protocol Buffers ................... SKIPPED
[INFO] Converter: SimpleXML ............................... SKIPPED
[INFO] Retrofit Mock Adapter .............................. SKIPPED
[INFO] Samples ............................................ SKIPPED
[INFO] Sample: GitHub Client .............................. SKIPPED
[INFO] Sample: Mock GitHub Client ......................... SKIPPED
[INFO] ------------------------------------------------------------------------
[INFO] BUILD FAILURE
[INFO] ------------------------------------------------------------------------
[INFO] Total time: 22.694 s
[INFO] Finished at: 2015-01-30T23:57:53+00:00
[INFO] Final Memory: 25M/320M
[INFO] ------------------------------------------------------------------------
[ERROR] Failed to execute goal org.apache.maven.plugins:maven-deploy-plugin:2.7:deploy (default-deploy) on project parent: Failed to retrieve remote metadata com.squareup.retrofit:parent:2.0.0-SNAPSHOT/maven-metadata.xml: Could not transfer metadata com.squareup.retrofit:parent:2.0.0-SNAPSHOT/maven-metadata.xml from/to sonatype-nexus-snapshots (https://oss.sonatype.org/content/repositories/snapshots/): Failed to transfer file: https://oss.sonatype.org/content/repositories/snapshots/com/squareup/retrofit/parent/2.0.0-SNAPSHOT/maven-metadata.xml. Return code is: 503 , ReasonPhrase:Service Temporarily Unavailable. -> [Help 1]
[ERROR] 
[ERROR] To see the full stack trace of the errors, re-run Maven with the -e switch.
[ERROR] Re-run Maven using the -X switch to enable full debug logging.
[ERROR] 
[ERROR] For more information about the errors and possible solutions, please read the following articles:
[ERROR] [Help 1] http://cwiki.apache.org/confluence/display/MAVEN/MojoExecutionException
travis_time:end:08b3e4cb:start=1422662248952615987,finish=1422662274173425822,duration=25220809835[0Ktravis_fold:end:after_success[0K
Done. Your build exited with 0.
