Using worker: worker-linux-docker-062e0729.prod.travis-ci.org:travis-linux-3

travis_fold:start:system_info[0K[33;1mBuild system information[0m
Build language: java
[34m[1mBuild image provisioning date and time[0m
Thu Feb  5 15:09:33 UTC 2015
[34m[1mOperating System Details[0m
Distributor ID:	Ubuntu
Description:	Ubuntu 12.04.5 LTS
Release:	12.04
Codename:	precise
[34m[1mLinux Version[0m
3.13.0-29-generic
[34m[1mCookbooks Version[0m
a68419e https://github.com/travis-ci/travis-cookbooks/tree/a68419e
[34m[1mGCC version[0m
gcc (Ubuntu/Linaro 4.6.3-1ubuntu5) 4.6.3
Copyright (C) 2011 Free Software Foundation, Inc.
This is free software; see the source for copying conditions.  There is NO
warranty; not even for MERCHANTABILITY or FITNESS FOR A PARTICULAR PURPOSE.

[34m[1mLLVM version[0m
clang version 3.4 (tags/RELEASE_34/final)
Target: x86_64-unknown-linux-gnu
Thread model: posix
[34m[1mPre-installed Ruby versions[0m
ruby-1.9.3-p551
[34m[1mPre-installed Node.js versions[0m
v0.10.36
[34m[1mPre-installed Go versions[0m
1.4.1
[34m[1mRedis version[0m
redis-server 2.8.19
[34m[1mriak version[0m
2.0.2
[34m[1mMongoDB version[0m
MongoDB 2.4.12
[34m[1mCouchDB version[0m
couchdb 1.6.1
[34m[1mNeo4j version[0m
1.9.4
[34m[1mRabbitMQ Version[0m
3.4.3
[34m[1mElasticSearch version[0m
1.4.0
[34m[1mInstalled Sphinx versions[0m
2.0.10
2.1.9
2.2.6
[34m[1mDefault Sphinx version[0m
2.2.6
[34m[1mInstalled Firefox version[0m
firefox 31.0esr
[34m[1mPhantomJS version[0m
1.9.8
[34m[1mant -version[0m
Apache Ant(TM) version 1.8.2 compiled on December 3 2011
[34m[1mmvn -version[0m
Apache Maven 3.2.5 (12a6b3acb947671f09b81f49094c53f426d8cea1; 2014-12-14T17:29:23+00:00)
Maven home: /usr/local/maven
Java version: 1.7.0_76, vendor: Oracle Corporation
Java home: /usr/lib/jvm/java-7-oracle/jre
Default locale: en_US, platform encoding: ANSI_X3.4-1968
OS name: "linux", version: "3.13.0-29-generic", arch: "amd64", family: "unix"
travis_fold:end:system_info[0K
travis_fold:start:git.checkout[0Ktravis_time:start:0a296a27[0K$ git clone --depth=50 git://github.com/square/retrofit.git square/retrofit
Cloning into 'square/retrofit'...
remote: Counting objects: 1366, done.[K
remote: Compressing objects:   0% (1/685)   [Kremote: Compressing objects:   1% (7/685)   [Kremote: Compressing objects:   2% (14/685)   [Kremote: Compressing objects:   3% (21/685)   [Kremote: Compressing objects:   4% (28/685)   [Kremote: Compressing objects:   5% (35/685)   [Kremote: Compressing objects:   6% (42/685)   [Kremote: Compressing objects:   7% (48/685)   [Kremote: Compressing objects:   8% (55/685)   [Kremote: Compressing objects:   9% (62/685)   [Kremote: Compressing objects:  10% (69/685)   [Kremote: Compressing objects:  11% (76/685)   [Kremote: Compressing objects:  12% (83/685)   [Kremote: Compressing objects:  13% (90/685)   [Kremote: Compressing objects:  14% (96/685)   [Kremote: Compressing objects:  15% (103/685)   [Kremote: Compressing objects:  16% (110/685)   [Kremote: Compressing objects:  17% (117/685)   [Kremote: Compressing objects:  18% (124/685)   [Kremote: Compressing objects:  19% (131/685)   [Kremote: Compressing objects:  20% (137/685)   [Kremote: Compressing objects:  21% (144/685)   [Kremote: Compressing objects:  22% (151/685)   [Kremote: Compressing objects:  23% (158/685)   [Kremote: Compressing objects:  24% (165/685)   [Kremote: Compressing objects:  25% (172/685)   [Kremote: Compressing objects:  26% (179/685)   [Kremote: Compressing objects:  27% (185/685)   [Kremote: Compressing objects:  28% (192/685)   [Kremote: Compressing objects:  29% (199/685)   [Kremote: Compressing objects:  30% (206/685)   [Kremote: Compressing objects:  31% (213/685)   [Kremote: Compressing objects:  32% (220/685)   [Kremote: Compressing objects:  33% (227/685)   [Kremote: Compressing objects:  34% (233/685)   [Kremote: Compressing objects:  35% (240/685)   [Kremote: Compressing objects:  36% (247/685)   [Kremote: Compressing objects:  37% (254/685)   [Kremote: Compressing objects:  38% (261/685)   [Kremote: Compressing objects:  39% (268/685)   [Kremote: Compressing objects:  40% (274/685)   [Kremote: Compressing objects:  41% (281/685)   [Kremote: Compressing objects:  42% (288/685)   [Kremote: Compressing objects:  43% (295/685)   [Kremote: Compressing objects:  44% (302/685)   [Kremote: Compressing objects:  45% (309/685)   [Kremote: Compressing objects:  46% (316/685)   [Kremote: Compressing objects:  47% (322/685)   [Kremote: Compressing objects:  48% (329/685)   [Kremote: Compressing objects:  49% (336/685)   [Kremote: Compressing objects:  50% (343/685)   [Kremote: Compressing objects:  51% (350/685)   [Kremote: Compressing objects:  52% (357/685)   [Kremote: Compressing objects:  53% (364/685)   [Kremote: Compressing objects:  54% (370/685)   [Kremote: Compressing objects:  55% (377/685)   [Kremote: Compressing objects:  56% (384/685)   [Kremote: Compressing objects:  57% (391/685)   [Kremote: Compressing objects:  58% (398/685)   [Kremote: Compressing objects:  59% (405/685)   [Kremote: Compressing objects:  60% (411/685)   [Kremote: Compressing objects:  61% (418/685)   [Kremote: Compressing objects:  62% (425/685)   [Kremote: Compressing objects:  63% (432/685)   [Kremote: Compressing objects:  64% (439/685)   [Kremote: Compressing objects:  65% (446/685)   [Kremote: Compressing objects:  66% (453/685)   [Kremote: Compressing objects:  67% (459/685)   [Kremote: Compressing objects:  68% (466/685)   [Kremote: Compressing objects:  69% (473/685)   [Kremote: Compressing objects:  70% (480/685)   [Kremote: Compressing objects:  71% (487/685)   [Kremote: Compressing objects:  72% (494/685)   [Kremote: Compressing objects:  73% (501/685)   [Kremote: Compressing objects:  74% (507/685)   [Kremote: Compressing objects:  75% (514/685)   [Kremote: Compressing objects:  76% (521/685)   [Kremote: Compressing objects:  77% (528/685)   [Kremote: Compressing objects:  78% (535/685)   [Kremote: Compressing objects:  79% (542/685)   [Kremote: Compressing objects:  80% (548/685)   [Kremote: Compressing objects:  81% (555/685)   [Kremote: Compressing objects:  82% (562/685)   [Kremote: Compressing objects:  83% (569/685)   [Kremote: Compressing objects:  84% (576/685)   [Kremote: Compressing objects:  85% (583/685)   [Kremote: Compressing objects:  86% (590/685)   [Kremote: Compressing objects:  87% (596/685)   [Kremote: Compressing objects:  88% (603/685)   [Kremote: Compressing objects:  89% (610/685)   [Kremote: Compressing objects:  90% (617/685)   [Kremote: Compressing objects:  91% (624/685)   [Kremote: Compressing objects:  92% (631/685)   [Kremote: Compressing objects:  93% (638/685)   [Kremote: Compressing objects:  94% (644/685)   [Kremote: Compressing objects:  95% (651/685)   [Kremote: Compressing objects:  96% (658/685)   [Kremote: Compressing objects:  97% (665/685)   [Kremote: Compressing objects:  98% (672/685)   [Kremote: Compressing objects:  99% (679/685)   [Kremote: Compressing objects: 100% (685/685)   [Kremote: Compressing objects: 100% (685/685), done.[K
Receiving objects:   0% (1/1366)   Receiving objects:   1% (14/1366)   Receiving objects:   2% (28/1366)   Receiving objects:   3% (41/1366)   Receiving objects:   4% (55/1366)   Receiving objects:   5% (69/1366)   Receiving objects:   6% (82/1366)   Receiving objects:   7% (96/1366)   Receiving objects:   8% (110/1366)   Receiving objects:   9% (123/1366)   Receiving objects:  10% (137/1366)   Receiving objects:  11% (151/1366)   Receiving objects:  12% (164/1366)   Receiving objects:  13% (178/1366)   Receiving objects:  14% (192/1366)   Receiving objects:  15% (205/1366)   Receiving objects:  16% (219/1366)   Receiving objects:  17% (233/1366)   Receiving objects:  18% (246/1366)   Receiving objects:  19% (260/1366)   Receiving objects:  20% (274/1366)   Receiving objects:  21% (287/1366)   Receiving objects:  22% (301/1366)   Receiving objects:  23% (315/1366)   Receiving objects:  24% (328/1366)   Receiving objects:  25% (342/1366)   Receiving objects:  26% (356/1366)   Receiving objects:  27% (369/1366)   Receiving objects:  28% (383/1366)   Receiving objects:  29% (397/1366)   Receiving objects:  30% (410/1366)   Receiving objects:  31% (424/1366)   Receiving objects:  32% (438/1366)   Receiving objects:  33% (451/1366)   Receiving objects:  34% (465/1366)   Receiving objects:  35% (479/1366)   Receiving objects:  36% (492/1366)   Receiving objects:  37% (506/1366)   Receiving objects:  38% (520/1366)   Receiving objects:  39% (533/1366)   Receiving objects:  40% (547/1366)   Receiving objects:  41% (561/1366)   Receiving objects:  42% (574/1366)   Receiving objects:  43% (588/1366)   Receiving objects:  44% (602/1366)   Receiving objects:  45% (615/1366)   Receiving objects:  46% (629/1366)   Receiving objects:  47% (643/1366)   Receiving objects:  48% (656/1366)   Receiving objects:  49% (670/1366)   Receiving objects:  50% (683/1366)   Receiving objects:  51% (697/1366)   Receiving objects:  52% (711/1366)   Receiving objects:  53% (724/1366)   Receiving objects:  54% (738/1366)   Receiving objects:  55% (752/1366)   Receiving objects:  56% (765/1366)   Receiving objects:  57% (779/1366)   Receiving objects:  58% (793/1366)   Receiving objects:  59% (806/1366)   Receiving objects:  60% (820/1366)   Receiving objects:  61% (834/1366)   Receiving objects:  62% (847/1366)   Receiving objects:  63% (861/1366)   Receiving objects:  64% (875/1366)   Receiving objects:  65% (888/1366)   Receiving objects:  66% (902/1366)   Receiving objects:  67% (916/1366)   Receiving objects:  68% (929/1366)   Receiving objects:  69% (943/1366)   Receiving objects:  70% (957/1366)   remote: Total 1366 (delta 522), reused 1127 (delta 352), pack-reused 0[K
Receiving objects:  71% (970/1366)   Receiving objects:  72% (984/1366)   Receiving objects:  73% (998/1366)   Receiving objects:  74% (1011/1366)   Receiving objects:  75% (1025/1366)   Receiving objects:  76% (1039/1366)   Receiving objects:  77% (1052/1366)   Receiving objects:  78% (1066/1366)   Receiving objects:  79% (1080/1366)   Receiving objects:  80% (1093/1366)   Receiving objects:  81% (1107/1366)   Receiving objects:  82% (1121/1366)   Receiving objects:  83% (1134/1366)   Receiving objects:  84% (1148/1366)   Receiving objects:  85% (1162/1366)   Receiving objects:  86% (1175/1366)   Receiving objects:  87% (1189/1366)   Receiving objects:  88% (1203/1366)   Receiving objects:  89% (1216/1366)   Receiving objects:  90% (1230/1366)   Receiving objects:  91% (1244/1366)   Receiving objects:  92% (1257/1366)   Receiving objects:  93% (1271/1366)   Receiving objects:  94% (1285/1366)   Receiving objects:  95% (1298/1366)   Receiving objects:  96% (1312/1366)   Receiving objects:  97% (1326/1366)   Receiving objects:  98% (1339/1366)   Receiving objects:  99% (1353/1366)   Receiving objects: 100% (1366/1366)   Receiving objects: 100% (1366/1366), 320.48 KiB | 0 bytes/s, done.
Resolving deltas:   0% (0/522)   Resolving deltas:   3% (20/522)   Resolving deltas:   4% (21/522)   Resolving deltas:   5% (28/522)   Resolving deltas:   6% (32/522)   Resolving deltas:  10% (55/522)   Resolving deltas:  11% (58/522)   Resolving deltas:  20% (106/522)   Resolving deltas:  21% (113/522)   Resolving deltas:  26% (140/522)   Resolving deltas:  27% (143/522)   Resolving deltas:  28% (150/522)   Resolving deltas:  30% (158/522)   Resolving deltas:  31% (163/522)   Resolving deltas:  32% (168/522)   Resolving deltas:  33% (173/522)   Resolving deltas:  34% (181/522)   Resolving deltas:  36% (188/522)   Resolving deltas:  40% (211/522)   Resolving deltas:  41% (218/522)   Resolving deltas:  43% (229/522)   Resolving deltas:  44% (230/522)   Resolving deltas:  47% (248/522)   Resolving deltas:  48% (254/522)   Resolving deltas:  49% (256/522)   Resolving deltas:  50% (262/522)   Resolving deltas:  51% (267/522)   Resolving deltas:  52% (275/522)   Resolving deltas:  53% (281/522)   Resolving deltas:  54% (285/522)   Resolving deltas:  55% (291/522)   Resolving deltas:  56% (294/522)   Resolving deltas:  57% (300/522)   Resolving deltas:  60% (318/522)   Resolving deltas:  61% (320/522)   Resolving deltas:  62% (326/522)   Resolving deltas:  63% (329/522)   Resolving deltas:  64% (337/522)   Resolving deltas:  65% (340/522)   Resolving deltas:  66% (349/522)   Resolving deltas:  67% (350/522)   Resolving deltas:  68% (356/522)   Resolving deltas:  70% (366/522)   Resolving deltas:  71% (372/522)   Resolving deltas:  72% (377/522)   Resolving deltas:  73% (386/522)   Resolving deltas:  75% (394/522)   Resolving deltas:  76% (400/522)   Resolving deltas:  77% (406/522)   Resolving deltas:  78% (411/522)   Resolving deltas:  79% (413/522)   Resolving deltas:  80% (419/522)   Resolving deltas:  86% (451/522)   Resolving deltas:  87% (456/522)   Resolving deltas:  88% (462/522)   Resolving deltas:  91% (477/522)   Resolving deltas:  92% (481/522)   Resolving deltas:  95% (501/522)   Resolving deltas:  96% (505/522)   Resolving deltas:  97% (509/522)   Resolving deltas: 100% (522/522)   Resolving deltas: 100% (522/522), done.
Checking connectivity... done.
travis_time:end:0a296a27:start=1429210672915754976,finish=1429210673132412454,duration=216657478[0K$ cd square/retrofit
travis_time:start:2446a1b7[0K$ git fetch origin +refs/pull/812/merge:
remote: Counting objects: 18, done.[K
remote: Compressing objects:   7% (1/14)   [Kremote: Compressing objects:  14% (2/14)   [Kremote: Compressing objects:  21% (3/14)   [Kremote: Compressing objects:  28% (4/14)   [Kremote: Compressing objects:  35% (5/14)   [Kremote: Compressing objects:  42% (6/14)   [Kremote: Compressing objects:  50% (7/14)   [Kremote: Compressing objects:  57% (8/14)   [Kremote: Compressing objects:  64% (9/14)   [Kremote: Compressing objects:  71% (10/14)   [Kremote: Compressing objects:  78% (11/14)   [Kremote: Compressing objects:  85% (12/14)   [Kremote: Compressing objects:  92% (13/14)   [Kremote: Compressing objects: 100% (14/14)   [Kremote: Compressing objects: 100% (14/14), done.[K
remote: Total 18 (delta 10), reused 8 (delta 0), pack-reused 0[K
Unpacking objects:   5% (1/18)   Unpacking objects:  11% (2/18)   Unpacking objects:  16% (3/18)   Unpacking objects:  22% (4/18)   Unpacking objects:  27% (5/18)   Unpacking objects:  33% (6/18)   Unpacking objects:  38% (7/18)   Unpacking objects:  44% (8/18)   Unpacking objects:  50% (9/18)   Unpacking objects:  55% (10/18)   Unpacking objects:  61% (11/18)   Unpacking objects:  66% (12/18)   Unpacking objects:  72% (13/18)   Unpacking objects:  77% (14/18)   Unpacking objects:  83% (15/18)   Unpacking objects:  88% (16/18)   Unpacking objects:  94% (17/18)   Unpacking objects: 100% (18/18)   Unpacking objects: 100% (18/18), done.
From git://github.com/square/retrofit
 * branch            refs/pull/812/merge -> FETCH_HEAD
travis_time:end:2446a1b7:start=1429210673136130764,finish=1429210673231891503,duration=95760739[0K$ git checkout -qf FETCH_HEAD
travis_fold:end:git.checkout[0K
[33;1mThis job is running on container-based infrastructure, which does not allow use of 'sudo', setuid and setguid executables.[0m
[33;1mIf you require sudo, add 'sudo: required' to your .travis.yml[0m
[33;1mSee http://docs.travis-ci.com/user/workers/container-based-infrastructure/ for details.[0m

[33;1mSetting environment variables from .travis.yml[0m
$ export CI_DEPLOY_USERNAME=[secure]
$ export CI_DEPLOY_PASSWORD=[secure]

travis_fold:start:cache.1[0KSetting up build cache
$ export CASHER_DIR=$HOME/.casher
travis_time:start:0087a038[0K$ Installing caching utilities
travis_time:end:0087a038:start=1429210674705622837,finish=1429210674835576879,duration=129954042[0Ktravis_time:start:0936ee56[0Kattempting to download cache archive
found cache
travis_time:end:0936ee56:start=1429210674840129831,finish=1429210678819771924,duration=3979642093[0Ktravis_time:start:045765a9[0Kadding /home/travis/.m2 to cache
travis_time:end:045765a9:start=1429210678823499730,finish=1429210682247664390,duration=3424164660[0Ktravis_fold:end:cache.1[0K$ jdk_switcher use oraclejdk8
Switching to Oracle JDK8 (java-8-oracle), JAVA_HOME will be set to /usr/lib/jvm/java-8-oracle
$ java -version
java version "1.8.0_31"
Java(TM) SE Runtime Environment (build 1.8.0_31-b13)
Java HotSpot(TM) 64-Bit Server VM (build 25.31-b07, mixed mode)
$ javac -version
javac 1.8.0_31
travis_fold:start:install[0Ktravis_time:start:0bb6eb00[0K$ mvn install -DskipTests=true -Dmaven.javadoc.skip=true -B -V
Java HotSpot(TM) 64-Bit Server VM warning: ignoring option MaxPermSize=192m; support was removed in 8.0
Apache Maven 3.2.5 (12a6b3acb947671f09b81f49094c53f426d8cea1; 2014-12-14T17:29:23+00:00)
Maven home: /usr/local/maven
Java version: 1.8.0_31, vendor: Oracle Corporation
Java home: /usr/lib/jvm/java-8-oracle/jre
Default locale: en_US, platform encoding: UTF-8
OS name: "linux", version: "3.13.0-40-generic", arch: "amd64", family: "unix"
[INFO] Scanning for projects...
[INFO] ------------------------------------------------------------------------
[INFO] Reactor Build Order:
[INFO] 
[INFO] Retrofit (Parent)
[INFO] Retrofit
[INFO] Converters
[INFO] Converter: Protocol Buffers
[INFO] Converter: Jackson
[INFO] Converter: Wire Protocol Buffers
[INFO] Converter: SimpleXML
[INFO] Retrofit Mock Adapter
[INFO] Samples
[INFO] Sample: GitHub Client
[INFO] Sample: Mock GitHub Client
[INFO]                                                                         
[INFO] ------------------------------------------------------------------------
[INFO] Building Retrofit (Parent) 2.0.0-SNAPSHOT
[INFO] ------------------------------------------------------------------------
[INFO] 
[INFO] --- maven-enforcer-plugin:1.0:enforce (enforce-maven) @ parent ---
[INFO] 
[INFO] --- maven-checkstyle-plugin:2.9.1:checkstyle (default) @ parent ---
[INFO] 
[INFO] --- maven-install-plugin:2.4:install (default-install) @ parent ---
[INFO] Installing /home/travis/build/square/retrofit/pom.xml to /home/travis/.m2/repository/com/squareup/retrofit/parent/2.0.0-SNAPSHOT/parent-2.0.0-SNAPSHOT.pom
[INFO]                                                                         
[INFO] ------------------------------------------------------------------------
[INFO] Building Retrofit 2.0.0-SNAPSHOT
[INFO] ------------------------------------------------------------------------
[INFO] Downloading: http://repo.maven.apache.org/maven2/com/squareup/okhttp/okhttp/2.3.0/okhttp-2.3.0.pom
[INFO] Downloaded: http://repo.maven.apache.org/maven2/com/squareup/okhttp/okhttp/2.3.0/okhttp-2.3.0.pom (2 KB at 8.0 KB/sec)
[INFO] Downloading: http://repo.maven.apache.org/maven2/com/squareup/okhttp/parent/2.3.0/parent-2.3.0.pom
[INFO] Downloaded: http://repo.maven.apache.org/maven2/com/squareup/okhttp/parent/2.3.0/parent-2.3.0.pom (9 KB at 419.0 KB/sec)
[INFO] Downloading: http://repo.maven.apache.org/maven2/com/squareup/okio/okio/1.3.0/okio-1.3.0.pom
[INFO] Downloaded: http://repo.maven.apache.org/maven2/com/squareup/okio/okio/1.3.0/okio-1.3.0.pom (2 KB at 131.3 KB/sec)
[INFO] Downloading: http://repo.maven.apache.org/maven2/com/squareup/okio/okio-parent/1.3.0/okio-parent-1.3.0.pom
[INFO] Downloaded: http://repo.maven.apache.org/maven2/com/squareup/okio/okio-parent/1.3.0/okio-parent-1.3.0.pom (4 KB at 46.5 KB/sec)
[INFO] Downloading: http://repo.maven.apache.org/maven2/com/squareup/okhttp/mockwebserver/2.3.0/mockwebserver-2.3.0.pom
[INFO] Downloaded: http://repo.maven.apache.org/maven2/com/squareup/okhttp/mockwebserver/2.3.0/mockwebserver-2.3.0.pom (2 KB at 78.6 KB/sec)
[INFO] Downloading: http://repo.maven.apache.org/maven2/com/squareup/okhttp/okhttp-ws/2.3.0/okhttp-ws-2.3.0.pom
[INFO] Downloaded: http://repo.maven.apache.org/maven2/com/squareup/okhttp/okhttp-ws/2.3.0/okhttp-ws-2.3.0.pom (2 KB at 40.3 KB/sec)
[INFO] Downloading: http://repo.maven.apache.org/maven2/com/squareup/okhttp/okhttp/2.3.0/okhttp-2.3.0.jar
[INFO] Downloading: http://repo.maven.apache.org/maven2/com/squareup/okio/okio/1.3.0/okio-1.3.0.jar
[INFO] Downloading: http://repo.maven.apache.org/maven2/com/squareup/okhttp/mockwebserver/2.3.0/mockwebserver-2.3.0.jar
[INFO] Downloading: http://repo.maven.apache.org/maven2/com/squareup/okhttp/okhttp-ws/2.3.0/okhttp-ws-2.3.0.jar
[INFO] Downloaded: http://repo.maven.apache.org/maven2/com/squareup/okhttp/okhttp/2.3.0/okhttp-2.3.0.jar (288 KB at 3597.7 KB/sec)
[INFO] Downloaded: http://repo.maven.apache.org/maven2/com/squareup/okhttp/mockwebserver/2.3.0/mockwebserver-2.3.0.jar (44 KB at 652.5 KB/sec)
[INFO] Downloaded: http://repo.maven.apache.org/maven2/com/squareup/okhttp/okhttp-ws/2.3.0/okhttp-ws-2.3.0.jar (28 KB at 449.5 KB/sec)
[INFO] Downloaded: http://repo.maven.apache.org/maven2/com/squareup/okio/okio/1.3.0/okio-1.3.0.jar (61 KB at 831.8 KB/sec)
[INFO] 
[INFO] --- maven-enforcer-plugin:1.0:enforce (enforce-maven) @ retrofit ---
[INFO] 
[INFO] --- maven-resources-plugin:2.6:resources (default-resources) @ retrofit ---
[INFO] Using 'UTF-8' encoding to copy filtered resources.
[INFO] skip non existing resourceDirectory /home/travis/build/square/retrofit/retrofit/src/main/resources
[INFO] 
[INFO] --- maven-compiler-plugin:3.0:compile (default-compile) @ retrofit ---
[INFO] Changes detected - recompiling the module!
[INFO] Compiling 38 source files to /home/travis/build/square/retrofit/retrofit/target/classes
[WARNING] /home/travis/build/square/retrofit/retrofit/src/main/java/retrofit/RestAdapter.java: /home/travis/build/square/retrofit/retrofit/src/main/java/retrofit/RestAdapter.java uses unchecked or unsafe operations.
[WARNING] /home/travis/build/square/retrofit/retrofit/src/main/java/retrofit/RestAdapter.java: Recompile with -Xlint:unchecked for details.
[INFO] 
[INFO] --- maven-resources-plugin:2.6:testResources (default-testResources) @ retrofit ---
[INFO] Using 'UTF-8' encoding to copy filtered resources.
[INFO] skip non existing resourceDirectory /home/travis/build/square/retrofit/retrofit/src/test/resources
[INFO] 
[INFO] --- maven-compiler-plugin:3.0:testCompile (default-testCompile) @ retrofit ---
[INFO] Changes detected - recompiling the module!
[INFO] Compiling 8 source files to /home/travis/build/square/retrofit/retrofit/target/test-classes
[INFO] 
[INFO] --- maven-surefire-plugin:2.12.4:test (default-test) @ retrofit ---
[INFO] Tests are skipped.
[INFO] 
[INFO] --- maven-jar-plugin:2.4:jar (default-jar) @ retrofit ---
[INFO] Building jar: /home/travis/build/square/retrofit/retrofit/target/retrofit-2.0.0-SNAPSHOT.jar
[INFO] 
[INFO] --- maven-checkstyle-plugin:2.9.1:checkstyle (default) @ retrofit ---
[INFO] Starting audit...
Audit done.

[WARNING] Unable to locate Source XRef to link to - DISABLED
[INFO] 
[INFO] --- maven-install-plugin:2.4:install (default-install) @ retrofit ---
[INFO] Installing /home/travis/build/square/retrofit/retrofit/target/retrofit-2.0.0-SNAPSHOT.jar to /home/travis/.m2/repository/com/squareup/retrofit/retrofit/2.0.0-SNAPSHOT/retrofit-2.0.0-SNAPSHOT.jar
[INFO] Installing /home/travis/build/square/retrofit/retrofit/pom.xml to /home/travis/.m2/repository/com/squareup/retrofit/retrofit/2.0.0-SNAPSHOT/retrofit-2.0.0-SNAPSHOT.pom
[INFO]                                                                         
[INFO] ------------------------------------------------------------------------
[INFO] Building Converters 2.0.0-SNAPSHOT
[INFO] ------------------------------------------------------------------------
[INFO] 
[INFO] --- maven-enforcer-plugin:1.0:enforce (enforce-maven) @ retrofit-converters ---
[INFO] 
[INFO] --- maven-checkstyle-plugin:2.9.1:checkstyle (default) @ retrofit-converters ---
[INFO] 
[INFO] --- maven-install-plugin:2.4:install (default-install) @ retrofit-converters ---
[INFO] Installing /home/travis/build/square/retrofit/retrofit-converters/pom.xml to /home/travis/.m2/repository/com/squareup/retrofit/retrofit-converters/2.0.0-SNAPSHOT/retrofit-converters-2.0.0-SNAPSHOT.pom
[INFO]                                                                         
[INFO] ------------------------------------------------------------------------
[INFO] Building Converter: Protocol Buffers 2.0.0-SNAPSHOT
[INFO] ------------------------------------------------------------------------
[INFO] 
[INFO] --- maven-enforcer-plugin:1.0:enforce (enforce-maven) @ converter-protobuf ---
[INFO] 
[INFO] --- maven-resources-plugin:2.6:resources (default-resources) @ converter-protobuf ---
[INFO] Using 'UTF-8' encoding to copy filtered resources.
[INFO] skip non existing resourceDirectory /home/travis/build/square/retrofit/retrofit-converters/protobuf/src/main/resources
[INFO] 
[INFO] --- maven-compiler-plugin:3.0:compile (default-compile) @ converter-protobuf ---
[INFO] Changes detected - recompiling the module!
[INFO] Compiling 1 source file to /home/travis/build/square/retrofit/retrofit-converters/protobuf/target/classes
[INFO] 
[INFO] --- maven-resources-plugin:2.6:testResources (default-testResources) @ converter-protobuf ---
[INFO] Using 'UTF-8' encoding to copy filtered resources.
[INFO] skip non existing resourceDirectory /home/travis/build/square/retrofit/retrofit-converters/protobuf/src/test/resources
[INFO] 
[INFO] --- maven-compiler-plugin:3.0:testCompile (default-testCompile) @ converter-protobuf ---
[INFO] Changes detected - recompiling the module!
[INFO] Compiling 2 source files to /home/travis/build/square/retrofit/retrofit-converters/protobuf/target/test-classes
[INFO] 
[INFO] --- maven-surefire-plugin:2.12.4:test (default-test) @ converter-protobuf ---
[INFO] Tests are skipped.
[INFO] 
[INFO] --- maven-jar-plugin:2.4:jar (default-jar) @ converter-protobuf ---
[INFO] Building jar: /home/travis/build/square/retrofit/retrofit-converters/protobuf/target/converter-protobuf-2.0.0-SNAPSHOT.jar
[INFO] 
[INFO] --- maven-checkstyle-plugin:2.9.1:checkstyle (default) @ converter-protobuf ---
[INFO] Starting audit...
Audit done.

[WARNING] Unable to locate Source XRef to link to - DISABLED
[INFO] 
[INFO] --- maven-install-plugin:2.4:install (default-install) @ converter-protobuf ---
[INFO] Installing /home/travis/build/square/retrofit/retrofit-converters/protobuf/target/converter-protobuf-2.0.0-SNAPSHOT.jar to /home/travis/.m2/repository/com/squareup/retrofit/converter-protobuf/2.0.0-SNAPSHOT/converter-protobuf-2.0.0-SNAPSHOT.jar
[INFO] Installing /home/travis/build/square/retrofit/retrofit-converters/protobuf/pom.xml to /home/travis/.m2/repository/com/squareup/retrofit/converter-protobuf/2.0.0-SNAPSHOT/converter-protobuf-2.0.0-SNAPSHOT.pom
[INFO]                                                                         
[INFO] ------------------------------------------------------------------------
[INFO] Building Converter: Jackson 2.0.0-SNAPSHOT
[INFO] ------------------------------------------------------------------------
[INFO] 
[INFO] --- maven-enforcer-plugin:1.0:enforce (enforce-maven) @ converter-jackson ---
[INFO] 
[INFO] --- maven-resources-plugin:2.6:resources (default-resources) @ converter-jackson ---
[INFO] Using 'UTF-8' encoding to copy filtered resources.
[INFO] skip non existing resourceDirectory /home/travis/build/square/retrofit/retrofit-converters/jackson/src/main/resources
[INFO] 
[INFO] --- maven-compiler-plugin:3.0:compile (default-compile) @ converter-jackson ---
[INFO] Changes detected - recompiling the module!
[INFO] Compiling 1 source file to /home/travis/build/square/retrofit/retrofit-converters/jackson/target/classes
[INFO] 
[INFO] --- maven-resources-plugin:2.6:testResources (default-testResources) @ converter-jackson ---
[INFO] Using 'UTF-8' encoding to copy filtered resources.
[INFO] skip non existing resourceDirectory /home/travis/build/square/retrofit/retrofit-converters/jackson/src/test/resources
[INFO] 
[INFO] --- maven-compiler-plugin:3.0:testCompile (default-testCompile) @ converter-jackson ---
[INFO] Changes detected - recompiling the module!
[INFO] Compiling 1 source file to /home/travis/build/square/retrofit/retrofit-converters/jackson/target/test-classes
[INFO] 
[INFO] --- maven-surefire-plugin:2.12.4:test (default-test) @ converter-jackson ---
[INFO] Tests are skipped.
[INFO] 
[INFO] --- maven-jar-plugin:2.4:jar (default-jar) @ converter-jackson ---
[INFO] Building jar: /home/travis/build/square/retrofit/retrofit-converters/jackson/target/converter-jackson-2.0.0-SNAPSHOT.jar
[INFO] 
[INFO] --- maven-checkstyle-plugin:2.9.1:checkstyle (default) @ converter-jackson ---
[INFO] Starting audit...
Audit done.

[WARNING] Unable to locate Source XRef to link to - DISABLED
[INFO] 
[INFO] --- maven-install-plugin:2.4:install (default-install) @ converter-jackson ---
[INFO] Installing /home/travis/build/square/retrofit/retrofit-converters/jackson/target/converter-jackson-2.0.0-SNAPSHOT.jar to /home/travis/.m2/repository/com/squareup/retrofit/converter-jackson/2.0.0-SNAPSHOT/converter-jackson-2.0.0-SNAPSHOT.jar
[INFO] Installing /home/travis/build/square/retrofit/retrofit-converters/jackson/pom.xml to /home/travis/.m2/repository/com/squareup/retrofit/converter-jackson/2.0.0-SNAPSHOT/converter-jackson-2.0.0-SNAPSHOT.pom
[INFO]                                                                         
[INFO] ------------------------------------------------------------------------
[INFO] Building Converter: Wire Protocol Buffers 2.0.0-SNAPSHOT
[INFO] ------------------------------------------------------------------------
[INFO] 
[INFO] --- maven-enforcer-plugin:1.0:enforce (enforce-maven) @ converter-wire ---
[INFO] 
[INFO] --- maven-resources-plugin:2.6:resources (default-resources) @ converter-wire ---
[INFO] Using 'UTF-8' encoding to copy filtered resources.
[INFO] skip non existing resourceDirectory /home/travis/build/square/retrofit/retrofit-converters/wire/src/main/resources
[INFO] 
[INFO] --- maven-compiler-plugin:3.0:compile (default-compile) @ converter-wire ---
[INFO] Changes detected - recompiling the module!
[INFO] Compiling 1 source file to /home/travis/build/square/retrofit/retrofit-converters/wire/target/classes
[INFO] 
[INFO] --- maven-resources-plugin:2.6:testResources (default-testResources) @ converter-wire ---
[INFO] Using 'UTF-8' encoding to copy filtered resources.
[INFO] skip non existing resourceDirectory /home/travis/build/square/retrofit/retrofit-converters/wire/src/test/resources
[INFO] 
[INFO] --- maven-compiler-plugin:3.0:testCompile (default-testCompile) @ converter-wire ---
[INFO] Changes detected - recompiling the module!
[INFO] Compiling 2 source files to /home/travis/build/square/retrofit/retrofit-converters/wire/target/test-classes
[INFO] 
[INFO] --- maven-surefire-plugin:2.12.4:test (default-test) @ converter-wire ---
[INFO] Tests are skipped.
[INFO] 
[INFO] --- maven-jar-plugin:2.4:jar (default-jar) @ converter-wire ---
[INFO] Building jar: /home/travis/build/square/retrofit/retrofit-converters/wire/target/converter-wire-2.0.0-SNAPSHOT.jar
[INFO] 
[INFO] --- maven-checkstyle-plugin:2.9.1:checkstyle (default) @ converter-wire ---
[INFO] Starting audit...
Audit done.

[WARNING] Unable to locate Source XRef to link to - DISABLED
[INFO] 
[INFO] --- maven-install-plugin:2.4:install (default-install) @ converter-wire ---
[INFO] Installing /home/travis/build/square/retrofit/retrofit-converters/wire/target/converter-wire-2.0.0-SNAPSHOT.jar to /home/travis/.m2/repository/com/squareup/retrofit/converter-wire/2.0.0-SNAPSHOT/converter-wire-2.0.0-SNAPSHOT.jar
[INFO] Installing /home/travis/build/square/retrofit/retrofit-converters/wire/pom.xml to /home/travis/.m2/repository/com/squareup/retrofit/converter-wire/2.0.0-SNAPSHOT/converter-wire-2.0.0-SNAPSHOT.pom
[INFO]                                                                         
[INFO] ------------------------------------------------------------------------
[INFO] Building Converter: SimpleXML 2.0.0-SNAPSHOT
[INFO] ------------------------------------------------------------------------
[INFO] 
[INFO] --- maven-enforcer-plugin:1.0:enforce (enforce-maven) @ converter-simplexml ---
[INFO] 
[INFO] --- maven-resources-plugin:2.6:resources (default-resources) @ converter-simplexml ---
[INFO] Using 'UTF-8' encoding to copy filtered resources.
[INFO] skip non existing resourceDirectory /home/travis/build/square/retrofit/retrofit-converters/simplexml/src/main/resources
[INFO] 
[INFO] --- maven-compiler-plugin:3.0:compile (default-compile) @ converter-simplexml ---
[INFO] Changes detected - recompiling the module!
[INFO] Compiling 1 source file to /home/travis/build/square/retrofit/retrofit-converters/simplexml/target/classes
[INFO] 
[INFO] --- maven-resources-plugin:2.6:testResources (default-testResources) @ converter-simplexml ---
[INFO] Using 'UTF-8' encoding to copy filtered resources.
[INFO] skip non existing resourceDirectory /home/travis/build/square/retrofit/retrofit-converters/simplexml/src/test/resources
[INFO] 
[INFO] --- maven-compiler-plugin:3.0:testCompile (default-testCompile) @ converter-simplexml ---
[INFO] Changes detected - recompiling the module!
[INFO] Compiling 1 source file to /home/travis/build/square/retrofit/retrofit-converters/simplexml/target/test-classes
[INFO] 
[INFO] --- maven-surefire-plugin:2.12.4:test (default-test) @ converter-simplexml ---
[INFO] Tests are skipped.
[INFO] 
[INFO] --- maven-jar-plugin:2.4:jar (default-jar) @ converter-simplexml ---
[INFO] Building jar: /home/travis/build/square/retrofit/retrofit-converters/simplexml/target/converter-simplexml-2.0.0-SNAPSHOT.jar
[INFO] 
[INFO] --- maven-checkstyle-plugin:2.9.1:checkstyle (default) @ converter-simplexml ---
[INFO] Starting audit...
Audit done.

[WARNING] Unable to locate Source XRef to link to - DISABLED
[INFO] 
[INFO] --- maven-install-plugin:2.4:install (default-install) @ converter-simplexml ---
[INFO] Installing /home/travis/build/square/retrofit/retrofit-converters/simplexml/target/converter-simplexml-2.0.0-SNAPSHOT.jar to /home/travis/.m2/repository/com/squareup/retrofit/converter-simplexml/2.0.0-SNAPSHOT/converter-simplexml-2.0.0-SNAPSHOT.jar
[INFO] Installing /home/travis/build/square/retrofit/retrofit-converters/simplexml/pom.xml to /home/travis/.m2/repository/com/squareup/retrofit/converter-simplexml/2.0.0-SNAPSHOT/converter-simplexml-2.0.0-SNAPSHOT.pom
[INFO]                                                                         
[INFO] ------------------------------------------------------------------------
[INFO] Building Retrofit Mock Adapter 2.0.0-SNAPSHOT
[INFO] ------------------------------------------------------------------------
[INFO] 
[INFO] --- maven-enforcer-plugin:1.0:enforce (enforce-maven) @ retrofit-mock ---
[INFO] 
[INFO] --- maven-resources-plugin:2.6:resources (default-resources) @ retrofit-mock ---
[INFO] Using 'UTF-8' encoding to copy filtered resources.
[INFO] skip non existing resourceDirectory /home/travis/build/square/retrofit/retrofit-mock/src/main/resources
[INFO] 
[INFO] --- maven-compiler-plugin:3.0:compile (default-compile) @ retrofit-mock ---
[INFO] Changes detected - recompiling the module!
[INFO] Compiling 5 source files to /home/travis/build/square/retrofit/retrofit-mock/target/classes
[INFO] 
[INFO] --- maven-resources-plugin:2.6:testResources (default-testResources) @ retrofit-mock ---
[INFO] Using 'UTF-8' encoding to copy filtered resources.
[INFO] skip non existing resourceDirectory /home/travis/build/square/retrofit/retrofit-mock/src/test/resources
[INFO] 
[INFO] --- maven-compiler-plugin:3.0:testCompile (default-testCompile) @ retrofit-mock ---
[INFO] Changes detected - recompiling the module!
[INFO] Compiling 1 source file to /home/travis/build/square/retrofit/retrofit-mock/target/test-classes
[INFO] 
[INFO] --- maven-surefire-plugin:2.12.4:test (default-test) @ retrofit-mock ---
[INFO] Tests are skipped.
[INFO] 
[INFO] --- maven-jar-plugin:2.4:jar (default-jar) @ retrofit-mock ---
[INFO] Building jar: /home/travis/build/square/retrofit/retrofit-mock/target/retrofit-mock-2.0.0-SNAPSHOT.jar
[INFO] 
[INFO] --- maven-checkstyle-plugin:2.9.1:checkstyle (default) @ retrofit-mock ---
[INFO] Starting audit...
Audit done.

[WARNING] Unable to locate Source XRef to link to - DISABLED
[INFO] 
[INFO] --- maven-install-plugin:2.4:install (default-install) @ retrofit-mock ---
[INFO] Installing /home/travis/build/square/retrofit/retrofit-mock/target/retrofit-mock-2.0.0-SNAPSHOT.jar to /home/travis/.m2/repository/com/squareup/retrofit/retrofit-mock/2.0.0-SNAPSHOT/retrofit-mock-2.0.0-SNAPSHOT.jar
[INFO] Installing /home/travis/build/square/retrofit/retrofit-mock/pom.xml to /home/travis/.m2/repository/com/squareup/retrofit/retrofit-mock/2.0.0-SNAPSHOT/retrofit-mock-2.0.0-SNAPSHOT.pom
[INFO]                                                                         
[INFO] ------------------------------------------------------------------------
[INFO] Building Samples 2.0.0-SNAPSHOT
[INFO] ------------------------------------------------------------------------
[INFO] 
[INFO] --- maven-enforcer-plugin:1.0:enforce (enforce-maven) @ parent ---
[INFO] 
[INFO] --- maven-checkstyle-plugin:2.9.1:checkstyle (default) @ parent ---
[INFO] 
[INFO] --- maven-install-plugin:2.4:install (default-install) @ parent ---
[INFO] Installing /home/travis/build/square/retrofit/samples/pom.xml to /home/travis/.m2/repository/com/squareup/retrofit/samples/parent/2.0.0-SNAPSHOT/parent-2.0.0-SNAPSHOT.pom
[INFO]                                                                         
[INFO] ------------------------------------------------------------------------
[INFO] Building Sample: GitHub Client 2.0.0-SNAPSHOT
[INFO] ------------------------------------------------------------------------
[INFO] 
[INFO] --- maven-enforcer-plugin:1.0:enforce (enforce-maven) @ github-client ---
[INFO] 
[INFO] --- maven-resources-plugin:2.6:resources (default-resources) @ github-client ---
[INFO] Using 'UTF-8' encoding to copy filtered resources.
[INFO] skip non existing resourceDirectory /home/travis/build/square/retrofit/samples/github-client/src/main/resources
[INFO] 
[INFO] --- maven-compiler-plugin:3.0:compile (default-compile) @ github-client ---
[INFO] Changes detected - recompiling the module!
[INFO] Compiling 1 source file to /home/travis/build/square/retrofit/samples/github-client/target/classes
[INFO] 
[INFO] --- maven-resources-plugin:2.6:testResources (default-testResources) @ github-client ---
[INFO] Using 'UTF-8' encoding to copy filtered resources.
[INFO] skip non existing resourceDirectory /home/travis/build/square/retrofit/samples/github-client/src/test/resources
[INFO] 
[INFO] --- maven-compiler-plugin:3.0:testCompile (default-testCompile) @ github-client ---
[INFO] No sources to compile
[INFO] 
[INFO] --- maven-surefire-plugin:2.12.4:test (default-test) @ github-client ---
[INFO] Tests are skipped.
[INFO] 
[INFO] --- maven-jar-plugin:2.4:jar (default-jar) @ github-client ---
[INFO] Building jar: /home/travis/build/square/retrofit/samples/github-client/target/github-client-2.0.0-SNAPSHOT.jar
[INFO] 
[INFO] --- maven-checkstyle-plugin:2.9.1:checkstyle (default) @ github-client ---
[INFO] Starting audit...
Audit done.

[WARNING] Unable to locate Source XRef to link to - DISABLED
[INFO] 
[INFO] --- maven-install-plugin:2.4:install (default-install) @ github-client ---
[INFO] Installing /home/travis/build/square/retrofit/samples/github-client/target/github-client-2.0.0-SNAPSHOT.jar to /home/travis/.m2/repository/com/squareup/retrofit/samples/github-client/2.0.0-SNAPSHOT/github-client-2.0.0-SNAPSHOT.jar
[INFO] Installing /home/travis/build/square/retrofit/samples/github-client/pom.xml to /home/travis/.m2/repository/com/squareup/retrofit/samples/github-client/2.0.0-SNAPSHOT/github-client-2.0.0-SNAPSHOT.pom
[INFO]                                                                         
[INFO] ------------------------------------------------------------------------
[INFO] Building Sample: Mock GitHub Client 2.0.0-SNAPSHOT
[INFO] ------------------------------------------------------------------------
[INFO] 
[INFO] --- maven-enforcer-plugin:1.0:enforce (enforce-maven) @ mock-github-client ---
[INFO] 
[INFO] --- maven-resources-plugin:2.6:resources (default-resources) @ mock-github-client ---
[INFO] Using 'UTF-8' encoding to copy filtered resources.
[INFO] skip non existing resourceDirectory /home/travis/build/square/retrofit/samples/mock-github-client/src/main/resources
[INFO] 
[INFO] --- maven-compiler-plugin:3.0:compile (default-compile) @ mock-github-client ---
[INFO] Changes detected - recompiling the module!
[INFO] Compiling 1 source file to /home/travis/build/square/retrofit/samples/mock-github-client/target/classes
[INFO] 
[INFO] --- maven-resources-plugin:2.6:testResources (default-testResources) @ mock-github-client ---
[INFO] Using 'UTF-8' encoding to copy filtered resources.
[INFO] skip non existing resourceDirectory /home/travis/build/square/retrofit/samples/mock-github-client/src/test/resources
[INFO] 
[INFO] --- maven-compiler-plugin:3.0:testCompile (default-testCompile) @ mock-github-client ---
[INFO] No sources to compile
[INFO] 
[INFO] --- maven-surefire-plugin:2.12.4:test (default-test) @ mock-github-client ---
[INFO] Tests are skipped.
[INFO] 
[INFO] --- maven-jar-plugin:2.4:jar (default-jar) @ mock-github-client ---
[INFO] Building jar: /home/travis/build/square/retrofit/samples/mock-github-client/target/mock-github-client-2.0.0-SNAPSHOT.jar
[INFO] 
[INFO] --- maven-checkstyle-plugin:2.9.1:checkstyle (default) @ mock-github-client ---
[INFO] Starting audit...
Audit done.

[WARNING] Unable to locate Source XRef to link to - DISABLED
[INFO] 
[INFO] --- maven-install-plugin:2.4:install (default-install) @ mock-github-client ---
[INFO] Installing /home/travis/build/square/retrofit/samples/mock-github-client/target/mock-github-client-2.0.0-SNAPSHOT.jar to /home/travis/.m2/repository/com/squareup/retrofit/samples/mock-github-client/2.0.0-SNAPSHOT/mock-github-client-2.0.0-SNAPSHOT.jar
[INFO] Installing /home/travis/build/square/retrofit/samples/mock-github-client/pom.xml to /home/travis/.m2/repository/com/squareup/retrofit/samples/mock-github-client/2.0.0-SNAPSHOT/mock-github-client-2.0.0-SNAPSHOT.pom
[INFO] ------------------------------------------------------------------------
[INFO] Reactor Summary:
[INFO] 
[INFO] Retrofit (Parent) .................................. SUCCESS [  1.759 s]
[INFO] Retrofit ........................................... SUCCESS [ 13.443 s]
[INFO] Converters ......................................... SUCCESS [  0.064 s]
[INFO] Converter: Protocol Buffers ........................ SUCCESS [  1.948 s]
[INFO] Converter: Jackson ................................. SUCCESS [  1.037 s]
[INFO] Converter: Wire Protocol Buffers ................... SUCCESS [  0.667 s]
[INFO] Converter: SimpleXML ............................... SUCCESS [  1.359 s]
[INFO] Retrofit Mock Adapter .............................. SUCCESS [  2.420 s]
[INFO] Samples ............................................ SUCCESS [  0.058 s]
[INFO] Sample: GitHub Client .............................. SUCCESS [  0.841 s]
[INFO] Sample: Mock GitHub Client ......................... SUCCESS [  1.105 s]
[INFO] ------------------------------------------------------------------------
[INFO] BUILD SUCCESS
[INFO] ------------------------------------------------------------------------
[INFO] Total time: 25.005 s
[INFO] Finished at: 2015-04-16T18:58:29+00:00
[INFO] Final Memory: 34M/395M
[INFO] ------------------------------------------------------------------------
travis_time:end:0bb6eb00:start=1429210682606525587,finish=1429210712342689230,duration=29736163643[0Ktravis_fold:end:install[0Ktravis_time:start:0b99c644[0K$ mvn test -B
Java HotSpot(TM) 64-Bit Server VM warning: ignoring option MaxPermSize=192m; support was removed in 8.0
[INFO] Scanning for projects...
[INFO] ------------------------------------------------------------------------
[INFO] Reactor Build Order:
[INFO] 
[INFO] Retrofit (Parent)
[INFO] Retrofit
[INFO] Converters
[INFO] Converter: Protocol Buffers
[INFO] Converter: Jackson
[INFO] Converter: Wire Protocol Buffers
[INFO] Converter: SimpleXML
[INFO] Retrofit Mock Adapter
[INFO] Samples
[INFO] Sample: GitHub Client
[INFO] Sample: Mock GitHub Client
[INFO]                                                                         
[INFO] ------------------------------------------------------------------------
[INFO] Building Retrofit (Parent) 2.0.0-SNAPSHOT
[INFO] ------------------------------------------------------------------------
[INFO] 
[INFO] --- maven-enforcer-plugin:1.0:enforce (enforce-maven) @ parent ---
[INFO]                                                                         
[INFO] ------------------------------------------------------------------------
[INFO] Building Retrofit 2.0.0-SNAPSHOT
[INFO] ------------------------------------------------------------------------
[INFO] 
[INFO] --- maven-enforcer-plugin:1.0:enforce (enforce-maven) @ retrofit ---
[INFO] 
[INFO] --- maven-resources-plugin:2.6:resources (default-resources) @ retrofit ---
[INFO] Using 'UTF-8' encoding to copy filtered resources.
[INFO] skip non existing resourceDirectory /home/travis/build/square/retrofit/retrofit/src/main/resources
[INFO] 
[INFO] --- maven-compiler-plugin:3.0:compile (default-compile) @ retrofit ---
[INFO] Changes detected - recompiling the module!
[INFO] Compiling 38 source files to /home/travis/build/square/retrofit/retrofit/target/classes
[WARNING] /home/travis/build/square/retrofit/retrofit/src/main/java/retrofit/RestAdapter.java: /home/travis/build/square/retrofit/retrofit/src/main/java/retrofit/RestAdapter.java uses unchecked or unsafe operations.
[WARNING] /home/travis/build/square/retrofit/retrofit/src/main/java/retrofit/RestAdapter.java: Recompile with -Xlint:unchecked for details.
[INFO] 
[INFO] --- maven-resources-plugin:2.6:testResources (default-testResources) @ retrofit ---
[INFO] Using 'UTF-8' encoding to copy filtered resources.
[INFO] skip non existing resourceDirectory /home/travis/build/square/retrofit/retrofit/src/test/resources
[INFO] 
[INFO] --- maven-compiler-plugin:3.0:testCompile (default-testCompile) @ retrofit ---
[INFO] Changes detected - recompiling the module!
[INFO] Compiling 8 source files to /home/travis/build/square/retrofit/retrofit/target/test-classes
[INFO] 
[INFO] --- maven-surefire-plugin:2.12.4:test (default-test) @ retrofit ---
[INFO] Surefire report directory: /home/travis/build/square/retrofit/retrofit/target/surefire-reports

-------------------------------------------------------
 T E S T S
-------------------------------------------------------
Running retrofit.RestAdapterTest
Apr 16, 2015 6:58:42 PM com.squareup.okhttp.mockwebserver.MockWebServer$2 execute
INFO: MockWebServer[59770] starting to accept connections
Apr 16, 2015 6:58:42 PM com.squareup.okhttp.mockwebserver.MockWebServer$3 processOneRequest
INFO: MockWebServer[59770] received request: GET / HTTP/1.1 and responded: HTTP/1.1 200 OK
Apr 16, 2015 6:58:42 PM com.squareup.okhttp.mockwebserver.MockWebServer$2 acceptConnections
INFO: MockWebServer[59770] done accepting connections: Socket closed
Apr 16, 2015 6:58:42 PM com.squareup.okhttp.mockwebserver.MockWebServer$2 execute
INFO: MockWebServer[37035] starting to accept connections
Apr 16, 2015 6:58:42 PM com.squareup.okhttp.mockwebserver.MockWebServer$2 acceptConnections
INFO: MockWebServer[37035] done accepting connections: Socket closed
Apr 16, 2015 6:58:42 PM com.squareup.okhttp.mockwebserver.MockWebServer$3 processOneRequest
INFO: MockWebServer[37035] received request: GET / HTTP/1.1 and responded: HTTP/1.1 500 Broken
Apr 16, 2015 6:58:42 PM com.squareup.okhttp.mockwebserver.MockWebServer$2 execute
INFO: MockWebServer[47797] starting to accept connections
Apr 16, 2015 6:58:43 PM com.squareup.okhttp.mockwebserver.MockWebServer$2 acceptConnections
INFO: MockWebServer[47797] done accepting connections: Socket closed
Apr 16, 2015 6:58:43 PM com.squareup.okhttp.mockwebserver.MockWebServer$3 processOneRequest
INFO: MockWebServer[47797] received request: GET / HTTP/1.1 and responded: HTTP/1.1 200 OK
Apr 16, 2015 6:58:43 PM com.squareup.okhttp.mockwebserver.MockWebServer$2 execute
INFO: MockWebServer[49344] starting to accept connections
Apr 16, 2015 6:58:43 PM com.squareup.okhttp.mockwebserver.MockWebServer$2 acceptConnections
INFO: MockWebServer[49344] done accepting connections: Socket closed
Apr 16, 2015 6:58:43 PM com.squareup.okhttp.mockwebserver.MockWebServer$2 execute
INFO: MockWebServer[59118] starting to accept connections
Apr 16, 2015 6:58:43 PM com.squareup.okhttp.mockwebserver.MockWebServer$3 processOneRequest
INFO: MockWebServer[59118] received request: GET / HTTP/1.1 and responded: HTTP/1.1 200 OK
Apr 16, 2015 6:58:43 PM com.squareup.okhttp.mockwebserver.MockWebServer$2 acceptConnections
INFO: MockWebServer[59118] done accepting connections: Socket closed
Apr 16, 2015 6:58:43 PM com.squareup.okhttp.mockwebserver.MockWebServer$2 execute
INFO: MockWebServer[50907] starting to accept connections
Apr 16, 2015 6:58:43 PM com.squareup.okhttp.mockwebserver.MockWebServer$2 acceptConnections
INFO: MockWebServer[50907] done accepting connections: Socket closed
Apr 16, 2015 6:58:43 PM com.squareup.okhttp.mockwebserver.MockWebServer$3 processOneRequest
INFO: MockWebServer[50907] received request: POST / HTTP/1.1 and responded: HTTP/1.1 500 OK
Apr 16, 2015 6:58:43 PM com.squareup.okhttp.mockwebserver.MockWebServer$2 execute
INFO: MockWebServer[42372] starting to accept connections
Apr 16, 2015 6:58:43 PM com.squareup.okhttp.mockwebserver.MockWebServer$2 acceptConnections
INFO: MockWebServer[42372] done accepting connections: Socket is closed
Apr 16, 2015 6:58:43 PM com.squareup.okhttp.mockwebserver.MockWebServer$2 execute
INFO: MockWebServer[54304] starting to accept connections
Apr 16, 2015 6:58:43 PM com.squareup.okhttp.mockwebserver.MockWebServer$2 acceptConnections
INFO: MockWebServer[54304] done accepting connections: Socket closed
Apr 16, 2015 6:58:43 PM com.squareup.okhttp.mockwebserver.MockWebServer$3 processOneRequest
INFO: MockWebServer[54304] received request: GET / HTTP/1.1 and responded: HTTP/1.1 200 OK
Apr 16, 2015 6:58:43 PM com.squareup.okhttp.mockwebserver.MockWebServer$2 execute
INFO: MockWebServer[49129] starting to accept connections
Apr 16, 2015 6:58:43 PM com.squareup.okhttp.mockwebserver.MockWebServer$2 acceptConnections
INFO: MockWebServer[49129] done accepting connections: Socket is closed
Apr 16, 2015 6:58:43 PM com.squareup.okhttp.mockwebserver.MockWebServer$2 execute
INFO: MockWebServer[36293] starting to accept connections
Apr 16, 2015 6:58:43 PM com.squareup.okhttp.mockwebserver.MockWebServer$2 acceptConnections
INFO: MockWebServer[36293] done accepting connections: Socket closed
Apr 16, 2015 6:58:43 PM com.squareup.okhttp.mockwebserver.MockWebServer$3 processOneRequest
INFO: MockWebServer[36293] received request: POST / HTTP/1.1 and responded: HTTP/1.1 200 OK
Apr 16, 2015 6:58:43 PM com.squareup.okhttp.mockwebserver.MockWebServer$2 execute
INFO: MockWebServer[37995] starting to accept connections
Apr 16, 2015 6:58:43 PM com.squareup.okhttp.mockwebserver.MockWebServer$3 processOneRequest
INFO: MockWebServer[37995] received request: GET / HTTP/1.1 and responded: HTTP/1.1 500 Broken!
Apr 16, 2015 6:58:43 PM com.squareup.okhttp.mockwebserver.MockWebServer$2 acceptConnections
INFO: MockWebServer[37995] done accepting connections: Socket closed
Apr 16, 2015 6:58:43 PM com.squareup.okhttp.mockwebserver.MockWebServer$2 execute
INFO: MockWebServer[34759] starting to accept connections
Apr 16, 2015 6:58:43 PM com.squareup.okhttp.mockwebserver.MockWebServer$2 acceptConnections
INFO: MockWebServer[34759] done accepting connections: Socket closed
Apr 16, 2015 6:58:43 PM com.squareup.okhttp.mockwebserver.MockWebServer$3 processOneRequest
INFO: MockWebServer[34759] received request: GET / HTTP/1.1 and responded: HTTP/1.1 200 OK
Apr 16, 2015 6:58:43 PM com.squareup.okhttp.mockwebserver.MockWebServer$2 execute
INFO: MockWebServer[41550] starting to accept connections
Apr 16, 2015 6:58:43 PM com.squareup.okhttp.mockwebserver.MockWebServer$2 acceptConnections
INFO: MockWebServer[41550] done accepting connections: Socket closed
Apr 16, 2015 6:58:43 PM com.squareup.okhttp.mockwebserver.MockWebServer$3 processOneRequest
INFO: MockWebServer[41550] received request: GET / HTTP/1.1 and responded: HTTP/1.1 200 OK
Tests run: 13, Failures: 0, Errors: 0, Skipped: 0, Time elapsed: 1.222 sec
Running retrofit.converter.GsonConverterTest
Tests run: 3, Failures: 0, Errors: 0, Skipped: 0, Time elapsed: 0 sec
Running retrofit.MethodInfoTest
Tests run: 14, Failures: 0, Errors: 0, Skipped: 0, Time elapsed: 0.016 sec
Running retrofit.RequestBuilderTest
Tests run: 102, Failures: 0, Errors: 0, Skipped: 1, Time elapsed: 0.219 sec
Running retrofit.EndpointsTest
Tests run: 1, Failures: 0, Errors: 0, Skipped: 0, Time elapsed: 0 sec
Running retrofit.ErrorHandlerTest
Tests run: 4, Failures: 0, Errors: 0, Skipped: 0, Time elapsed: 0.144 sec

Results :

Tests run: 137, Failures: 0, Errors: 0, Skipped: 1

[INFO]                                                                         
[INFO] ------------------------------------------------------------------------
[INFO] Building Converters 2.0.0-SNAPSHOT
[INFO] ------------------------------------------------------------------------
[INFO] 
[INFO] --- maven-enforcer-plugin:1.0:enforce (enforce-maven) @ retrofit-converters ---
[INFO]                                                                         
[INFO] ------------------------------------------------------------------------
[INFO] Building Converter: Protocol Buffers 2.0.0-SNAPSHOT
[INFO] ------------------------------------------------------------------------
[INFO] 
[INFO] --- maven-enforcer-plugin:1.0:enforce (enforce-maven) @ converter-protobuf ---
[INFO] 
[INFO] --- maven-resources-plugin:2.6:resources (default-resources) @ converter-protobuf ---
[INFO] Using 'UTF-8' encoding to copy filtered resources.
[INFO] skip non existing resourceDirectory /home/travis/build/square/retrofit/retrofit-converters/protobuf/src/main/resources
[INFO] 
[INFO] --- maven-compiler-plugin:3.0:compile (default-compile) @ converter-protobuf ---
[INFO] Changes detected - recompiling the module!
[INFO] Compiling 1 source file to /home/travis/build/square/retrofit/retrofit-converters/protobuf/target/classes
[INFO] 
[INFO] --- maven-resources-plugin:2.6:testResources (default-testResources) @ converter-protobuf ---
[INFO] Using 'UTF-8' encoding to copy filtered resources.
[INFO] skip non existing resourceDirectory /home/travis/build/square/retrofit/retrofit-converters/protobuf/src/test/resources
[INFO] 
[INFO] --- maven-compiler-plugin:3.0:testCompile (default-testCompile) @ converter-protobuf ---
[INFO] Changes detected - recompiling the module!
[INFO] Compiling 2 source files to /home/travis/build/square/retrofit/retrofit-converters/protobuf/target/test-classes
[INFO] 
[INFO] --- maven-surefire-plugin:2.12.4:test (default-test) @ converter-protobuf ---
[INFO] Surefire report directory: /home/travis/build/square/retrofit/retrofit-converters/protobuf/target/surefire-reports

-------------------------------------------------------
 T E S T S
-------------------------------------------------------
Running retrofit.converter.ProtoConverterTest
Tests run: 5, Failures: 0, Errors: 0, Skipped: 0, Time elapsed: 0.205 sec

Results :

Tests run: 5, Failures: 0, Errors: 0, Skipped: 0

[INFO]                                                                         
[INFO] ------------------------------------------------------------------------
[INFO] Building Converter: Jackson 2.0.0-SNAPSHOT
[INFO] ------------------------------------------------------------------------
[INFO] 
[INFO] --- maven-enforcer-plugin:1.0:enforce (enforce-maven) @ converter-jackson ---
[INFO] 
[INFO] --- maven-resources-plugin:2.6:resources (default-resources) @ converter-jackson ---
[INFO] Using 'UTF-8' encoding to copy filtered resources.
[INFO] skip non existing resourceDirectory /home/travis/build/square/retrofit/retrofit-converters/jackson/src/main/resources
[INFO] 
[INFO] --- maven-compiler-plugin:3.0:compile (default-compile) @ converter-jackson ---
[INFO] Changes detected - recompiling the module!
[INFO] Compiling 1 source file to /home/travis/build/square/retrofit/retrofit-converters/jackson/target/classes
[INFO] 
[INFO] --- maven-resources-plugin:2.6:testResources (default-testResources) @ converter-jackson ---
[INFO] Using 'UTF-8' encoding to copy filtered resources.
[INFO] skip non existing resourceDirectory /home/travis/build/square/retrofit/retrofit-converters/jackson/src/test/resources
[INFO] 
[INFO] --- maven-compiler-plugin:3.0:testCompile (default-testCompile) @ converter-jackson ---
[INFO] Changes detected - recompiling the module!
[INFO] Compiling 1 source file to /home/travis/build/square/retrofit/retrofit-converters/jackson/target/test-classes
[INFO] 
[INFO] --- maven-surefire-plugin:2.12.4:test (default-test) @ converter-jackson ---
[INFO] Surefire report directory: /home/travis/build/square/retrofit/retrofit-converters/jackson/target/surefire-reports

-------------------------------------------------------
 T E S T S
-------------------------------------------------------
Running retrofit.converter.JacksonConverterTest
Tests run: 4, Failures: 0, Errors: 0, Skipped: 0, Time elapsed: 0.643 sec

Results :

Tests run: 4, Failures: 0, Errors: 0, Skipped: 0

[INFO]                                                                         
[INFO] ------------------------------------------------------------------------
[INFO] Building Converter: Wire Protocol Buffers 2.0.0-SNAPSHOT
[INFO] ------------------------------------------------------------------------
[INFO] 
[INFO] --- maven-enforcer-plugin:1.0:enforce (enforce-maven) @ converter-wire ---
[INFO] 
[INFO] --- maven-resources-plugin:2.6:resources (default-resources) @ converter-wire ---
[INFO] Using 'UTF-8' encoding to copy filtered resources.
[INFO] skip non existing resourceDirectory /home/travis/build/square/retrofit/retrofit-converters/wire/src/main/resources
[INFO] 
[INFO] --- maven-compiler-plugin:3.0:compile (default-compile) @ converter-wire ---
[INFO] Changes detected - recompiling the module!
[INFO] Compiling 1 source file to /home/travis/build/square/retrofit/retrofit-converters/wire/target/classes
[INFO] 
[INFO] --- maven-resources-plugin:2.6:testResources (default-testResources) @ converter-wire ---
[INFO] Using 'UTF-8' encoding to copy filtered resources.
[INFO] skip non existing resourceDirectory /home/travis/build/square/retrofit/retrofit-converters/wire/src/test/resources
[INFO] 
[INFO] --- maven-compiler-plugin:3.0:testCompile (default-testCompile) @ converter-wire ---
[INFO] Changes detected - recompiling the module!
[INFO] Compiling 2 source files to /home/travis/build/square/retrofit/retrofit-converters/wire/target/test-classes
[INFO] 
[INFO] --- maven-surefire-plugin:2.12.4:test (default-test) @ converter-wire ---
[INFO] Surefire report directory: /home/travis/build/square/retrofit/retrofit-converters/wire/target/surefire-reports

-------------------------------------------------------
 T E S T S
-------------------------------------------------------
Running retrofit.converter.WireConverterTest
Tests run: 5, Failures: 0, Errors: 0, Skipped: 0, Time elapsed: 0.206 sec

Results :

Tests run: 5, Failures: 0, Errors: 0, Skipped: 0

[INFO]                                                                         
[INFO] ------------------------------------------------------------------------
[INFO] Building Converter: SimpleXML 2.0.0-SNAPSHOT
[INFO] ------------------------------------------------------------------------
[INFO] 
[INFO] --- maven-enforcer-plugin:1.0:enforce (enforce-maven) @ converter-simplexml ---
[INFO] 
[INFO] --- maven-resources-plugin:2.6:resources (default-resources) @ converter-simplexml ---
[INFO] Using 'UTF-8' encoding to copy filtered resources.
[INFO] skip non existing resourceDirectory /home/travis/build/square/retrofit/retrofit-converters/simplexml/src/main/resources
[INFO] 
[INFO] --- maven-compiler-plugin:3.0:compile (default-compile) @ converter-simplexml ---
[INFO] Changes detected - recompiling the module!
[INFO] Compiling 1 source file to /home/travis/build/square/retrofit/retrofit-converters/simplexml/target/classes
[INFO] 
[INFO] --- maven-resources-plugin:2.6:testResources (default-testResources) @ converter-simplexml ---
[INFO] Using 'UTF-8' encoding to copy filtered resources.
[INFO] skip non existing resourceDirectory /home/travis/build/square/retrofit/retrofit-converters/simplexml/src/test/resources
[INFO] 
[INFO] --- maven-compiler-plugin:3.0:testCompile (default-testCompile) @ converter-simplexml ---
[INFO] Changes detected - recompiling the module!
[INFO] Compiling 1 source file to /home/travis/build/square/retrofit/retrofit-converters/simplexml/target/test-classes
[INFO] 
[INFO] --- maven-surefire-plugin:2.12.4:test (default-test) @ converter-simplexml ---
[INFO] Surefire report directory: /home/travis/build/square/retrofit/retrofit-converters/simplexml/target/surefire-reports

-------------------------------------------------------
 T E S T S
-------------------------------------------------------
Running retrofit.converter.SimpleXMLConverterTest
Tests run: 4, Failures: 0, Errors: 0, Skipped: 0, Time elapsed: 0.443 sec

Results :

Tests run: 4, Failures: 0, Errors: 0, Skipped: 0

[INFO]                                                                         
[INFO] ------------------------------------------------------------------------
[INFO] Building Retrofit Mock Adapter 2.0.0-SNAPSHOT
[INFO] ------------------------------------------------------------------------
[INFO] 
[INFO] --- maven-enforcer-plugin:1.0:enforce (enforce-maven) @ retrofit-mock ---
[INFO] 
[INFO] --- maven-resources-plugin:2.6:resources (default-resources) @ retrofit-mock ---
[INFO] Using 'UTF-8' encoding to copy filtered resources.
[INFO] skip non existing resourceDirectory /home/travis/build/square/retrofit/retrofit-mock/src/main/resources
[INFO] 
[INFO] --- maven-compiler-plugin:3.0:compile (default-compile) @ retrofit-mock ---
[INFO] Changes detected - recompiling the module!
[INFO] Compiling 5 source files to /home/travis/build/square/retrofit/retrofit-mock/target/classes
[INFO] 
[INFO] --- maven-resources-plugin:2.6:testResources (default-testResources) @ retrofit-mock ---
[INFO] Using 'UTF-8' encoding to copy filtered resources.
[INFO] skip non existing resourceDirectory /home/travis/build/square/retrofit/retrofit-mock/src/test/resources
[INFO] 
[INFO] --- maven-compiler-plugin:3.0:testCompile (default-testCompile) @ retrofit-mock ---
[INFO] Changes detected - recompiling the module!
[INFO] Compiling 1 source file to /home/travis/build/square/retrofit/retrofit-mock/target/test-classes
[INFO] 
[INFO] --- maven-surefire-plugin:2.12.4:test (default-test) @ retrofit-mock ---
[INFO] Surefire report directory: /home/travis/build/square/retrofit/retrofit-mock/target/surefire-reports

-------------------------------------------------------
 T E S T S
-------------------------------------------------------
Running retrofit.MockRestAdapterTest
Tests run: 20, Failures: 0, Errors: 0, Skipped: 0, Time elapsed: 1.611 sec

Results :

Tests run: 20, Failures: 0, Errors: 0, Skipped: 0

[INFO]                                                                         
[INFO] ------------------------------------------------------------------------
[INFO] Building Samples 2.0.0-SNAPSHOT
[INFO] ------------------------------------------------------------------------
[INFO] 
[INFO] --- maven-enforcer-plugin:1.0:enforce (enforce-maven) @ parent ---
[INFO]                                                                         
[INFO] ------------------------------------------------------------------------
[INFO] Building Sample: GitHub Client 2.0.0-SNAPSHOT
[INFO] ------------------------------------------------------------------------
[INFO] 
[INFO] --- maven-enforcer-plugin:1.0:enforce (enforce-maven) @ github-client ---
[INFO] 
[INFO] --- maven-resources-plugin:2.6:resources (default-resources) @ github-client ---
[INFO] Using 'UTF-8' encoding to copy filtered resources.
[INFO] skip non existing resourceDirectory /home/travis/build/square/retrofit/samples/github-client/src/main/resources
[INFO] 
[INFO] --- maven-compiler-plugin:3.0:compile (default-compile) @ github-client ---
[INFO] Changes detected - recompiling the module!
[INFO] Compiling 1 source file to /home/travis/build/square/retrofit/samples/github-client/target/classes
[INFO] 
[INFO] --- maven-resources-plugin:2.6:testResources (default-testResources) @ github-client ---
[INFO] Using 'UTF-8' encoding to copy filtered resources.
[INFO] skip non existing resourceDirectory /home/travis/build/square/retrofit/samples/github-client/src/test/resources
[INFO] 
[INFO] --- maven-compiler-plugin:3.0:testCompile (default-testCompile) @ github-client ---
[INFO] No sources to compile
[INFO] 
[INFO] --- maven-surefire-plugin:2.12.4:test (default-test) @ github-client ---
[INFO] No tests to run.
[INFO]                                                                         
[INFO] ------------------------------------------------------------------------
[INFO] Building Sample: Mock GitHub Client 2.0.0-SNAPSHOT
[INFO] ------------------------------------------------------------------------
[INFO] 
[INFO] --- maven-enforcer-plugin:1.0:enforce (enforce-maven) @ mock-github-client ---
[INFO] 
[INFO] --- maven-resources-plugin:2.6:resources (default-resources) @ mock-github-client ---
[INFO] Using 'UTF-8' encoding to copy filtered resources.
[INFO] skip non existing resourceDirectory /home/travis/build/square/retrofit/samples/mock-github-client/src/main/resources
[INFO] 
[INFO] --- maven-compiler-plugin:3.0:compile (default-compile) @ mock-github-client ---
[INFO] Changes detected - recompiling the module!
[INFO] Compiling 1 source file to /home/travis/build/square/retrofit/samples/mock-github-client/target/classes
[INFO] 
[INFO] --- maven-resources-plugin:2.6:testResources (default-testResources) @ mock-github-client ---
[INFO] Using 'UTF-8' encoding to copy filtered resources.
[INFO] skip non existing resourceDirectory /home/travis/build/square/retrofit/samples/mock-github-client/src/test/resources
[INFO] 
[INFO] --- maven-compiler-plugin:3.0:testCompile (default-testCompile) @ mock-github-client ---
[INFO] No sources to compile
[INFO] 
[INFO] --- maven-surefire-plugin:2.12.4:test (default-test) @ mock-github-client ---
[INFO] No tests to run.
[INFO] ------------------------------------------------------------------------
[INFO] Reactor Summary:
[INFO] 
[INFO] Retrofit (Parent) .................................. SUCCESS [  0.584 s]
[INFO] Retrofit ........................................... SUCCESS [  8.930 s]
[INFO] Converters ......................................... SUCCESS [  0.004 s]
[INFO] Converter: Protocol Buffers ........................ SUCCESS [  1.579 s]
[INFO] Converter: Jackson ................................. SUCCESS [  1.240 s]
[INFO] Converter: Wire Protocol Buffers ................... SUCCESS [  0.771 s]
[INFO] Converter: SimpleXML ............................... SUCCESS [  0.905 s]
[INFO] Retrofit Mock Adapter .............................. SUCCESS [  2.598 s]
[INFO] Samples ............................................ SUCCESS [  0.002 s]
[INFO] Sample: GitHub Client .............................. SUCCESS [  0.092 s]
[INFO] Sample: Mock GitHub Client ......................... SUCCESS [  0.088 s]
[INFO] ------------------------------------------------------------------------
[INFO] BUILD SUCCESS
[INFO] ------------------------------------------------------------------------
[INFO] Total time: 17.066 s
[INFO] Finished at: 2015-04-16T18:58:51+00:00
[INFO] Final Memory: 27M/394M
[INFO] ------------------------------------------------------------------------
travis_time:end:0b99c644:start=1429210712346865507,finish=1429210732394501695,duration=20047636188[0K
[32;1mThe command "mvn test -B" exited with 0.[0m
travis_fold:start:cache.2[0Kstore build cache
travis_time:start:1791e3b9[0Kchange detected: /home/travis/.m2/repository/com/squareup/retrofit/parent/2.0.0-SNAPSHOT/_remote.repositories
changes detected, packing new archive
uploading archive
travis_time:end:1791e3b9:start=1429210732398828465,finish=1429210742372063550,duration=9973235085[0Ktravis_fold:end:cache.2[0Ktravis_fold:start:after_success[0Ktravis_time:start:009590e0[0K$ .buildscript/deploy_snapshot.sh
Skipping snapshot deployment: was pull request.
travis_time:end:009590e0:start=1429210742376060133,finish=1429210742380581255,duration=4521122[0Ktravis_fold:end:after_success[0K
Done. Your build exited with 0.
