Using worker: worker-linux-docker-6e5f8387.prod.travis-ci.org:travis-linux-7

travis_fold:start:system_info[0K[33;1mBuild system information[0m
Build language: java
[34m[1mBuild image provisioning date and time[0m
Thu Feb  5 15:09:33 UTC 2015
[34m[1mOperating System Details[0m
Distributor ID:	Ubuntu
Description:	Ubuntu 12.04.5 LTS
Release:	12.04
Codename:	precise
[34m[1mLinux Version[0m
3.13.0-29-generic
[34m[1mCookbooks Version[0m
a68419e https://github.com/travis-ci/travis-cookbooks/tree/a68419e
[34m[1mGCC version[0m
gcc (Ubuntu/Linaro 4.6.3-1ubuntu5) 4.6.3
Copyright (C) 2011 Free Software Foundation, Inc.
This is free software; see the source for copying conditions.  There is NO
warranty; not even for MERCHANTABILITY or FITNESS FOR A PARTICULAR PURPOSE.

[34m[1mLLVM version[0m
clang version 3.4 (tags/RELEASE_34/final)
Target: x86_64-unknown-linux-gnu
Thread model: posix
[34m[1mPre-installed Ruby versions[0m
ruby-1.9.3-p551
[34m[1mPre-installed Node.js versions[0m
v0.10.36
[34m[1mPre-installed Go versions[0m
1.4.1
[34m[1mRedis version[0m
redis-server 2.8.19
[34m[1mriak version[0m
2.0.2
[34m[1mMongoDB version[0m
MongoDB 2.4.12
[34m[1mCouchDB version[0m
couchdb 1.6.1
[34m[1mNeo4j version[0m
1.9.4
[34m[1mRabbitMQ Version[0m
3.4.3
[34m[1mElasticSearch version[0m
1.4.0
[34m[1mInstalled Sphinx versions[0m
2.0.10
2.1.9
2.2.6
[34m[1mDefault Sphinx version[0m
2.2.6
[34m[1mInstalled Firefox version[0m
firefox 31.0esr
[34m[1mPhantomJS version[0m
1.9.8
[34m[1mant -version[0m
Apache Ant(TM) version 1.8.2 compiled on December 3 2011
[34m[1mmvn -version[0m
Apache Maven 3.2.5 (12a6b3acb947671f09b81f49094c53f426d8cea1; 2014-12-14T17:29:23+00:00)
Maven home: /usr/local/maven
Java version: 1.7.0_76, vendor: Oracle Corporation
Java home: /usr/lib/jvm/java-7-oracle/jre
Default locale: en_US, platform encoding: ANSI_X3.4-1968
OS name: "linux", version: "3.13.0-29-generic", arch: "amd64", family: "unix"
travis_fold:end:system_info[0K
travis_fold:start:git.checkout[0Ktravis_time:start:018ddf61[0K$ git clone --depth=50 git://github.com/square/retrofit.git square/retrofit
Cloning into 'square/retrofit'...
remote: Counting objects: 1503, done.[K
remote: Compressing objects:   0% (1/789)   [Kremote: Compressing objects:   1% (8/789)   [Kremote: Compressing objects:   2% (16/789)   [Kremote: Compressing objects:   3% (24/789)   [Kremote: Compressing objects:   4% (32/789)   [Kremote: Compressing objects:   5% (40/789)   [Kremote: Compressing objects:   6% (48/789)   [Kremote: Compressing objects:   7% (56/789)   [Kremote: Compressing objects:   8% (64/789)   [Kremote: Compressing objects:   9% (72/789)   [Kremote: Compressing objects:  10% (79/789)   [Kremote: Compressing objects:  11% (87/789)   [Kremote: Compressing objects:  12% (95/789)   [Kremote: Compressing objects:  13% (103/789)   [Kremote: Compressing objects:  14% (111/789)   [Kremote: Compressing objects:  15% (119/789)   [Kremote: Compressing objects:  16% (127/789)   [Kremote: Compressing objects:  17% (135/789)   [Kremote: Compressing objects:  18% (143/789)   [Kremote: Compressing objects:  19% (150/789)   [Kremote: Compressing objects:  20% (158/789)   [Kremote: Compressing objects:  21% (166/789)   [Kremote: Compressing objects:  22% (174/789)   [Kremote: Compressing objects:  23% (182/789)   [Kremote: Compressing objects:  24% (190/789)   [Kremote: Compressing objects:  25% (198/789)   [Kremote: Compressing objects:  26% (206/789)   [Kremote: Compressing objects:  27% (214/789)   [Kremote: Compressing objects:  28% (221/789)   [Kremote: Compressing objects:  29% (229/789)   [Kremote: Compressing objects:  30% (237/789)   [Kremote: Compressing objects:  31% (245/789)   [Kremote: Compressing objects:  32% (253/789)   [Kremote: Compressing objects:  33% (261/789)   [Kremote: Compressing objects:  34% (269/789)   [Kremote: Compressing objects:  35% (277/789)   [Kremote: Compressing objects:  36% (285/789)   [Kremote: Compressing objects:  37% (292/789)   [Kremote: Compressing objects:  38% (300/789)   [Kremote: Compressing objects:  39% (308/789)   [Kremote: Compressing objects:  40% (316/789)   [Kremote: Compressing objects:  41% (324/789)   [Kremote: Compressing objects:  42% (332/789)   [Kremote: Compressing objects:  43% (340/789)   [Kremote: Compressing objects:  44% (348/789)   [Kremote: Compressing objects:  45% (356/789)   [Kremote: Compressing objects:  46% (363/789)   [Kremote: Compressing objects:  47% (371/789)   [Kremote: Compressing objects:  48% (379/789)   [Kremote: Compressing objects:  49% (387/789)   [Kremote: Compressing objects:  50% (395/789)   [Kremote: Compressing objects:  51% (403/789)   [Kremote: Compressing objects:  52% (411/789)   [Kremote: Compressing objects:  53% (419/789)   [Kremote: Compressing objects:  54% (427/789)   [Kremote: Compressing objects:  55% (434/789)   [Kremote: Compressing objects:  56% (442/789)   [Kremote: Compressing objects:  57% (450/789)   [Kremote: Compressing objects:  58% (458/789)   [Kremote: Compressing objects:  59% (466/789)   [Kremote: Compressing objects:  60% (474/789)   [Kremote: Compressing objects:  61% (482/789)   [Kremote: Compressing objects:  62% (490/789)   [Kremote: Compressing objects:  63% (498/789)   [Kremote: Compressing objects:  64% (505/789)   [Kremote: Compressing objects:  65% (513/789)   [Kremote: Compressing objects:  66% (521/789)   [Kremote: Compressing objects:  67% (529/789)   [Kremote: Compressing objects:  68% (537/789)   [Kremote: Compressing objects:  69% (545/789)   [Kremote: Compressing objects:  70% (553/789)   [Kremote: Compressing objects:  71% (561/789)   [Kremote: Compressing objects:  72% (569/789)   [Kremote: Compressing objects:  73% (576/789)   [Kremote: Compressing objects:  74% (584/789)   [Kremote: Compressing objects:  75% (592/789)   [Kremote: Compressing objects:  76% (600/789)   [Kremote: Compressing objects:  77% (608/789)   [Kremote: Compressing objects:  78% (616/789)   [Kremote: Compressing objects:  79% (624/789)   [Kremote: Compressing objects:  80% (632/789)   [Kremote: Compressing objects:  81% (640/789)   [Kremote: Compressing objects:  82% (647/789)   [Kremote: Compressing objects:  83% (655/789)   [Kremote: Compressing objects:  84% (663/789)   [Kremote: Compressing objects:  85% (671/789)   [Kremote: Compressing objects:  86% (679/789)   [Kremote: Compressing objects:  87% (687/789)   [Kremote: Compressing objects:  88% (695/789)   [Kremote: Compressing objects:  89% (703/789)   [Kremote: Compressing objects:  90% (711/789)   [Kremote: Compressing objects:  91% (718/789)   [Kremote: Compressing objects:  92% (726/789)   [Kremote: Compressing objects:  93% (734/789)   [Kremote: Compressing objects:  94% (742/789)   [Kremote: Compressing objects:  95% (750/789)   [Kremote: Compressing objects:  96% (758/789)   [Kremote: Compressing objects:  97% (766/789)   [Kremote: Compressing objects:  98% (774/789)   [Kremote: Compressing objects:  99% (782/789)   [Kremote: Compressing objects: 100% (789/789)   [Kremote: Compressing objects: 100% (789/789), done.[K
Receiving objects:   0% (1/1503)   Receiving objects:   1% (16/1503)   Receiving objects:   2% (31/1503)   Receiving objects:   3% (46/1503)   Receiving objects:   4% (61/1503)   Receiving objects:   5% (76/1503)   Receiving objects:   6% (91/1503)   Receiving objects:   7% (106/1503)   Receiving objects:   8% (121/1503)   Receiving objects:   9% (136/1503)   Receiving objects:  10% (151/1503)   Receiving objects:  11% (166/1503)   Receiving objects:  12% (181/1503)   Receiving objects:  13% (196/1503)   Receiving objects:  14% (211/1503)   Receiving objects:  15% (226/1503)   Receiving objects:  16% (241/1503)   Receiving objects:  17% (256/1503)   Receiving objects:  18% (271/1503)   Receiving objects:  19% (286/1503)   Receiving objects:  20% (301/1503)   Receiving objects:  21% (316/1503)   Receiving objects:  22% (331/1503)   Receiving objects:  23% (346/1503)   Receiving objects:  24% (361/1503)   Receiving objects:  25% (376/1503)   Receiving objects:  26% (391/1503)   Receiving objects:  27% (406/1503)   Receiving objects:  28% (421/1503)   Receiving objects:  29% (436/1503)   Receiving objects:  30% (451/1503)   Receiving objects:  31% (466/1503)   Receiving objects:  32% (481/1503)   Receiving objects:  33% (496/1503)   Receiving objects:  34% (512/1503)   Receiving objects:  35% (527/1503)   Receiving objects:  36% (542/1503)   Receiving objects:  37% (557/1503)   Receiving objects:  38% (572/1503)   Receiving objects:  39% (587/1503)   Receiving objects:  40% (602/1503)   Receiving objects:  41% (617/1503)   Receiving objects:  42% (632/1503)   Receiving objects:  43% (647/1503)   Receiving objects:  44% (662/1503)   Receiving objects:  45% (677/1503)   Receiving objects:  46% (692/1503)   Receiving objects:  47% (707/1503)   Receiving objects:  48% (722/1503)   Receiving objects:  49% (737/1503)   Receiving objects:  50% (752/1503)   Receiving objects:  51% (767/1503)   Receiving objects:  52% (782/1503)   Receiving objects:  53% (797/1503)   Receiving objects:  54% (812/1503)   Receiving objects:  55% (827/1503)   Receiving objects:  56% (842/1503)   Receiving objects:  57% (857/1503)   Receiving objects:  58% (872/1503)   Receiving objects:  59% (887/1503)   remote: Total 1503 (delta 527), reused 1231 (delta 326), pack-reused 0[K
Receiving objects:  60% (902/1503)   Receiving objects:  61% (917/1503)   Receiving objects:  62% (932/1503)   Receiving objects:  63% (947/1503)   Receiving objects:  64% (962/1503)   Receiving objects:  65% (977/1503)   Receiving objects:  66% (992/1503)   Receiving objects:  67% (1008/1503)   Receiving objects:  68% (1023/1503)   Receiving objects:  69% (1038/1503)   Receiving objects:  70% (1053/1503)   Receiving objects:  71% (1068/1503)   Receiving objects:  72% (1083/1503)   Receiving objects:  73% (1098/1503)   Receiving objects:  74% (1113/1503)   Receiving objects:  75% (1128/1503)   Receiving objects:  76% (1143/1503)   Receiving objects:  77% (1158/1503)   Receiving objects:  78% (1173/1503)   Receiving objects:  79% (1188/1503)   Receiving objects:  80% (1203/1503)   Receiving objects:  81% (1218/1503)   Receiving objects:  82% (1233/1503)   Receiving objects:  83% (1248/1503)   Receiving objects:  84% (1263/1503)   Receiving objects:  85% (1278/1503)   Receiving objects:  86% (1293/1503)   Receiving objects:  87% (1308/1503)   Receiving objects:  88% (1323/1503)   Receiving objects:  89% (1338/1503)   Receiving objects:  90% (1353/1503)   Receiving objects:  91% (1368/1503)   Receiving objects:  92% (1383/1503)   Receiving objects:  93% (1398/1503)   Receiving objects:  94% (1413/1503)   Receiving objects:  95% (1428/1503)   Receiving objects:  96% (1443/1503)   Receiving objects:  97% (1458/1503)   Receiving objects:  98% (1473/1503)   Receiving objects:  99% (1488/1503)   Receiving objects: 100% (1503/1503)   Receiving objects: 100% (1503/1503), 366.64 KiB | 0 bytes/s, done.
Resolving deltas:   0% (0/527)   Resolving deltas:   4% (23/527)   Resolving deltas:   5% (29/527)   Resolving deltas:   8% (47/527)   Resolving deltas:   9% (49/527)   Resolving deltas:  13% (69/527)   Resolving deltas:  21% (111/527)   Resolving deltas:  22% (116/527)   Resolving deltas:  23% (122/527)   Resolving deltas:  24% (127/527)   Resolving deltas:  25% (137/527)   Resolving deltas:  26% (138/527)   Resolving deltas:  27% (146/527)   Resolving deltas:  28% (148/527)   Resolving deltas:  29% (154/527)   Resolving deltas:  30% (160/527)   Resolving deltas:  32% (170/527)   Resolving deltas:  33% (179/527)   Resolving deltas:  34% (181/527)   Resolving deltas:  35% (185/527)   Resolving deltas:  39% (206/527)   Resolving deltas:  44% (234/527)   Resolving deltas:  45% (239/527)   Resolving deltas:  46% (244/527)   Resolving deltas:  47% (248/527)   Resolving deltas:  48% (256/527)   Resolving deltas:  49% (260/527)   Resolving deltas:  51% (274/527)   Resolving deltas:  52% (277/527)   Resolving deltas:  53% (283/527)   Resolving deltas:  54% (287/527)   Resolving deltas:  55% (291/527)   Resolving deltas:  57% (305/527)   Resolving deltas:  59% (315/527)   Resolving deltas:  60% (317/527)   Resolving deltas:  62% (327/527)   Resolving deltas:  63% (333/527)   Resolving deltas:  64% (340/527)   Resolving deltas:  65% (343/527)   Resolving deltas:  66% (353/527)   Resolving deltas:  67% (356/527)   Resolving deltas:  70% (374/527)   Resolving deltas:  71% (376/527)   Resolving deltas:  72% (380/527)   Resolving deltas:  73% (385/527)   Resolving deltas:  75% (396/527)   Resolving deltas:  76% (402/527)   Resolving deltas:  77% (410/527)   Resolving deltas:  78% (412/527)   Resolving deltas:  80% (426/527)   Resolving deltas:  81% (428/527)   Resolving deltas:  82% (437/527)   Resolving deltas:  84% (443/527)   Resolving deltas:  85% (448/527)   Resolving deltas:  86% (457/527)   Resolving deltas:  87% (459/527)   Resolving deltas:  91% (483/527)   Resolving deltas:  92% (485/527)   Resolving deltas:  93% (494/527)   Resolving deltas:  95% (504/527)   Resolving deltas:  96% (509/527)   Resolving deltas:  99% (525/527)   Resolving deltas: 100% (527/527)   Resolving deltas: 100% (527/527), done.
Checking connectivity... done.
travis_time:end:018ddf61:start=1433371537517670170,finish=1433371539165198000,duration=1647527830[0K$ cd square/retrofit
travis_time:start:1c36dd58[0K$ git fetch origin +refs/pull/876/merge:
remote: Counting objects: 93, done.[K
remote: Compressing objects:   1% (1/56)   [Kremote: Compressing objects:   3% (2/56)   [Kremote: Compressing objects:   5% (3/56)   [Kremote: Compressing objects:   7% (4/56)   [Kremote: Compressing objects:   8% (5/56)   [Kremote: Compressing objects:  10% (6/56)   [Kremote: Compressing objects:  12% (7/56)   [Kremote: Compressing objects:  14% (8/56)   [Kremote: Compressing objects:  16% (9/56)   [Kremote: Compressing objects:  17% (10/56)   [Kremote: Compressing objects:  19% (11/56)   [Kremote: Compressing objects:  21% (12/56)   [Kremote: Compressing objects:  23% (13/56)   [Kremote: Compressing objects:  25% (14/56)   [Kremote: Compressing objects:  26% (15/56)   [Kremote: Compressing objects:  28% (16/56)   [Kremote: Compressing objects:  30% (17/56)   [Kremote: Compressing objects:  32% (18/56)   [Kremote: Compressing objects:  33% (19/56)   [Kremote: Compressing objects:  35% (20/56)   [Kremote: Compressing objects:  37% (21/56)   [Kremote: Compressing objects:  39% (22/56)   [Kremote: Compressing objects:  41% (23/56)   [Kremote: Compressing objects:  42% (24/56)   [Kremote: Compressing objects:  44% (25/56)   [Kremote: Compressing objects:  46% (26/56)   [Kremote: Compressing objects:  48% (27/56)   [Kremote: Compressing objects:  50% (28/56)   [Kremote: Compressing objects:  51% (29/56)   [Kremote: Compressing objects:  53% (30/56)   [Kremote: Compressing objects:  55% (31/56)   [Kremote: Compressing objects:  57% (32/56)   [Kremote: Compressing objects:  58% (33/56)   [Kremote: Compressing objects:  60% (34/56)   [Kremote: Compressing objects:  62% (35/56)   [Kremote: Compressing objects:  64% (36/56)   [Kremote: Compressing objects:  66% (37/56)   [Kremote: Compressing objects:  67% (38/56)   [Kremote: Compressing objects:  69% (39/56)   [Kremote: Compressing objects:  71% (40/56)   [Kremote: Compressing objects:  73% (41/56)   [Kremote: Compressing objects:  75% (42/56)   [Kremote: Compressing objects:  76% (43/56)   [Kremote: Compressing objects:  78% (44/56)   [Kremote: Compressing objects:  80% (45/56)   [Kremote: Compressing objects:  82% (46/56)   [Kremote: Compressing objects:  83% (47/56)   [Kremote: Compressing objects:  85% (48/56)   [Kremote: Compressing objects:  87% (49/56)   [Kremote: Compressing objects:  89% (50/56)   [Kremote: Compressing objects:  91% (51/56)   [Kremote: Compressing objects:  92% (52/56)   [Kremote: Compressing objects:  94% (53/56)   [Kremote: Compressing objects:  96% (54/56)   [Kremote: Compressing objects:  98% (55/56)   [Kremote: Compressing objects: 100% (56/56)   [Kremote: Compressing objects: 100% (56/56), done.[K
remote: Total 93 (delta 29), reused 63 (delta 7), pack-reused 0[K
Unpacking objects:   1% (1/93)   Unpacking objects:   2% (2/93)   Unpacking objects:   3% (3/93)   Unpacking objects:   4% (4/93)   Unpacking objects:   5% (5/93)   Unpacking objects:   6% (6/93)   Unpacking objects:   7% (7/93)   Unpacking objects:   8% (8/93)   Unpacking objects:   9% (9/93)   Unpacking objects:  10% (10/93)   Unpacking objects:  11% (11/93)   Unpacking objects:  12% (12/93)   Unpacking objects:  13% (13/93)   Unpacking objects:  15% (14/93)   Unpacking objects:  16% (15/93)   Unpacking objects:  17% (16/93)   Unpacking objects:  18% (17/93)   Unpacking objects:  19% (18/93)   Unpacking objects:  20% (19/93)   Unpacking objects:  21% (20/93)   Unpacking objects:  22% (21/93)   Unpacking objects:  23% (22/93)   Unpacking objects:  24% (23/93)   Unpacking objects:  25% (24/93)   Unpacking objects:  26% (25/93)   Unpacking objects:  27% (26/93)   Unpacking objects:  29% (27/93)   Unpacking objects:  30% (28/93)   Unpacking objects:  31% (29/93)   Unpacking objects:  32% (30/93)   Unpacking objects:  33% (31/93)   Unpacking objects:  34% (32/93)   Unpacking objects:  35% (33/93)   Unpacking objects:  36% (34/93)   Unpacking objects:  37% (35/93)   Unpacking objects:  38% (36/93)   Unpacking objects:  39% (37/93)   Unpacking objects:  40% (38/93)   Unpacking objects:  41% (39/93)   Unpacking objects:  43% (40/93)   Unpacking objects:  44% (41/93)   Unpacking objects:  45% (42/93)   Unpacking objects:  46% (43/93)   Unpacking objects:  47% (44/93)   Unpacking objects:  48% (45/93)   Unpacking objects:  49% (46/93)   Unpacking objects:  50% (47/93)   Unpacking objects:  51% (48/93)   Unpacking objects:  52% (49/93)   Unpacking objects:  53% (50/93)   Unpacking objects:  54% (51/93)   Unpacking objects:  55% (52/93)   Unpacking objects:  56% (53/93)   Unpacking objects:  58% (54/93)   Unpacking objects:  59% (55/93)   Unpacking objects:  60% (56/93)   Unpacking objects:  61% (57/93)   Unpacking objects:  62% (58/93)   Unpacking objects:  63% (59/93)   Unpacking objects:  64% (60/93)   Unpacking objects:  65% (61/93)   Unpacking objects:  66% (62/93)   Unpacking objects:  67% (63/93)   Unpacking objects:  68% (64/93)   Unpacking objects:  69% (65/93)   Unpacking objects:  70% (66/93)   Unpacking objects:  72% (67/93)   Unpacking objects:  73% (68/93)   Unpacking objects:  74% (69/93)   Unpacking objects:  75% (70/93)   Unpacking objects:  76% (71/93)   Unpacking objects:  77% (72/93)   Unpacking objects:  78% (73/93)   Unpacking objects:  79% (74/93)   Unpacking objects:  80% (75/93)   Unpacking objects:  81% (76/93)   Unpacking objects:  82% (77/93)   Unpacking objects:  83% (78/93)   Unpacking objects:  84% (79/93)   Unpacking objects:  86% (80/93)   Unpacking objects:  87% (81/93)   Unpacking objects:  88% (82/93)   Unpacking objects:  89% (83/93)   Unpacking objects:  90% (84/93)   Unpacking objects:  91% (85/93)   Unpacking objects:  92% (86/93)   Unpacking objects:  93% (87/93)   Unpacking objects:  94% (88/93)   Unpacking objects:  95% (89/93)   Unpacking objects:  96% (90/93)   Unpacking objects:  97% (91/93)   Unpacking objects:  98% (92/93)   Unpacking objects: 100% (93/93)   Unpacking objects: 100% (93/93), done.
From git://github.com/square/retrofit
 * branch            refs/pull/876/merge -> FETCH_HEAD
travis_time:end:1c36dd58:start=1433371539169876880,finish=1433371539301187583,duration=131310703[0K$ git checkout -qf FETCH_HEAD
travis_fold:end:git.checkout[0K
[33;1mThis job is running on container-based infrastructure, which does not allow use of 'sudo', setuid and setguid executables.[0m
[33;1mIf you require sudo, add 'sudo: required' to your .travis.yml[0m
[33;1mSee http://docs.travis-ci.com/user/workers/container-based-infrastructure/ for details.[0m

[33;1mSetting environment variables from .travis.yml[0m
$ export CI_DEPLOY_USERNAME=[secure]
$ export CI_DEPLOY_PASSWORD=[secure]

travis_fold:start:cache.1[0KSetting up build cache
$ export CASHER_DIR=$HOME/.casher
travis_time:start:2d4889f8[0K$ Installing caching utilities
travis_time:end:2d4889f8:start=1433371541030690950,finish=1433371541063180675,duration=32489725[0Ktravis_time:start:017f92ec[0Kattempting to download cache archive
fetching PR.876/cache--jdk-oraclejdk8.tbz
found cache
travis_time:end:017f92ec:start=1433371541068746815,finish=1433371542364775686,duration=1296028871[0Ktravis_time:start:09365da2[0Kadding /home/travis/.m2 to cache
travis_time:end:09365da2:start=1433371542369254348,finish=1433371546907950377,duration=4538696029[0Ktravis_fold:end:cache.1[0K$ jdk_switcher use oraclejdk8
Switching to Oracle JDK8 (java-8-oracle), JAVA_HOME will be set to /usr/lib/jvm/java-8-oracle
$ java -Xmx32m -version
java version "1.8.0_31"
Java(TM) SE Runtime Environment (build 1.8.0_31-b13)
Java HotSpot(TM) 64-Bit Server VM (build 25.31-b07, mixed mode)
$ javac -J-Xmx32m -version
javac 1.8.0_31
travis_fold:start:install[0Ktravis_time:start:1eaaa7bc[0K$ mvn install -DskipTests=true -Dmaven.javadoc.skip=true -B -V
Java HotSpot(TM) 64-Bit Server VM warning: ignoring option MaxPermSize=192m; support was removed in 8.0
Apache Maven 3.2.5 (12a6b3acb947671f09b81f49094c53f426d8cea1; 2014-12-14T17:29:23+00:00)
Maven home: /usr/local/maven
Java version: 1.8.0_31, vendor: Oracle Corporation
Java home: /usr/lib/jvm/java-8-oracle/jre
Default locale: en_US, platform encoding: UTF-8
OS name: "linux", version: "3.13.0-40-generic", arch: "amd64", family: "unix"
[INFO] Scanning for projects...
[WARNING] 
[WARNING] Some problems were encountered while building the effective model for com.squareup.retrofit:samples:jar:2.0.0-SNAPSHOT
[WARNING] 'build.plugins.plugin.version' for org.apache.maven.plugins:maven-deploy-plugin is missing. @ com.squareup.retrofit:samples:[unknown-version], /home/travis/build/square/retrofit/samples/pom.xml, line 36, column 15
[WARNING] 
[WARNING] It is highly recommended to fix these problems because they threaten the stability of your build.
[WARNING] 
[WARNING] For this reason, future Maven versions might no longer support building such malformed projects.
[WARNING] 
[INFO] ------------------------------------------------------------------------
[INFO] Reactor Build Order:
[INFO] 
[INFO] Retrofit (Parent)
[INFO] Retrofit
[INFO] Adapters
[INFO] Adapter: RxJava
[INFO] Converters
[INFO] Converter: Gson
[INFO] Converter: Protocol Buffers
[INFO] Converter: Jackson
[INFO] Converter: Wire Protocol Buffers
[INFO] Converter: SimpleXML
[INFO] Samples
[INFO]                                                                         
[INFO] ------------------------------------------------------------------------
[INFO] Building Retrofit (Parent) 2.0.0-SNAPSHOT
[INFO] ------------------------------------------------------------------------
[INFO] 
[INFO] --- maven-enforcer-plugin:1.0:enforce (enforce-maven) @ parent ---
[INFO] 
[INFO] --- maven-checkstyle-plugin:2.15:checkstyle (default) @ parent ---
[INFO] 
[INFO] --- maven-install-plugin:2.4:install (default-install) @ parent ---
[INFO] Installing /home/travis/build/square/retrofit/pom.xml to /home/travis/.m2/repository/com/squareup/retrofit/parent/2.0.0-SNAPSHOT/parent-2.0.0-SNAPSHOT.pom
[INFO]                                                                         
[INFO] ------------------------------------------------------------------------
[INFO] Building Retrofit 2.0.0-SNAPSHOT
[INFO] ------------------------------------------------------------------------
[INFO] 
[INFO] --- maven-enforcer-plugin:1.0:enforce (enforce-maven) @ retrofit ---
[INFO] 
[INFO] --- maven-resources-plugin:2.6:resources (default-resources) @ retrofit ---
[INFO] Using 'UTF-8' encoding to copy filtered resources.
[INFO] skip non existing resourceDirectory /home/travis/build/square/retrofit/retrofit/src/main/resources
[INFO] 
[INFO] --- maven-compiler-plugin:3.0:compile (default-compile) @ retrofit ---
[INFO] Changes detected - recompiling the module!
[INFO] Compiling 36 source files to /home/travis/build/square/retrofit/retrofit/target/classes
[WARNING] /home/travis/build/square/retrofit/retrofit/src/main/java/retrofit/RestAdapter.java: Some input files use unchecked or unsafe operations.
[WARNING] /home/travis/build/square/retrofit/retrofit/src/main/java/retrofit/RestAdapter.java: Recompile with -Xlint:unchecked for details.
[INFO] 
[INFO] --- maven-resources-plugin:2.6:testResources (default-testResources) @ retrofit ---
[INFO] Using 'UTF-8' encoding to copy filtered resources.
[INFO] skip non existing resourceDirectory /home/travis/build/square/retrofit/retrofit/src/test/resources
[INFO] 
[INFO] --- maven-compiler-plugin:3.0:testCompile (default-testCompile) @ retrofit ---
[INFO] Changes detected - recompiling the module!
[INFO] Compiling 8 source files to /home/travis/build/square/retrofit/retrofit/target/test-classes
[WARNING] /home/travis/build/square/retrofit/retrofit/src/test/java/retrofit/DefaultCallAdapterFactoryTest.java: /home/travis/build/square/retrofit/retrofit/src/test/java/retrofit/DefaultCallAdapterFactoryTest.java uses unchecked or unsafe operations.
[WARNING] /home/travis/build/square/retrofit/retrofit/src/test/java/retrofit/DefaultCallAdapterFactoryTest.java: Recompile with -Xlint:unchecked for details.
[INFO] 
[INFO] --- maven-surefire-plugin:2.12.4:test (default-test) @ retrofit ---
[INFO] Tests are skipped.
[INFO] 
[INFO] --- maven-jar-plugin:2.4:jar (default-jar) @ retrofit ---
[INFO] Building jar: /home/travis/build/square/retrofit/retrofit/target/retrofit-2.0.0-SNAPSHOT.jar
[INFO] 
[INFO] --- maven-checkstyle-plugin:2.15:checkstyle (default) @ retrofit ---
[INFO] Starting audit...
Audit done.
[WARNING] Unable to locate Source XRef to link to - DISABLED
[INFO] 
[INFO] --- maven-install-plugin:2.4:install (default-install) @ retrofit ---
[INFO] Installing /home/travis/build/square/retrofit/retrofit/target/retrofit-2.0.0-SNAPSHOT.jar to /home/travis/.m2/repository/com/squareup/retrofit/retrofit/2.0.0-SNAPSHOT/retrofit-2.0.0-SNAPSHOT.jar
[INFO] Installing /home/travis/build/square/retrofit/retrofit/pom.xml to /home/travis/.m2/repository/com/squareup/retrofit/retrofit/2.0.0-SNAPSHOT/retrofit-2.0.0-SNAPSHOT.pom
[INFO]                                                                         
[INFO] ------------------------------------------------------------------------
[INFO] Building Adapters 2.0.0-SNAPSHOT
[INFO] ------------------------------------------------------------------------
[INFO] 
[INFO] --- maven-enforcer-plugin:1.0:enforce (enforce-maven) @ retrofit-adapters ---
[INFO] 
[INFO] --- maven-checkstyle-plugin:2.15:checkstyle (default) @ retrofit-adapters ---
[INFO] 
[INFO] --- maven-install-plugin:2.4:install (default-install) @ retrofit-adapters ---
[INFO] Installing /home/travis/build/square/retrofit/retrofit-adapters/pom.xml to /home/travis/.m2/repository/com/squareup/retrofit/retrofit-adapters/2.0.0-SNAPSHOT/retrofit-adapters-2.0.0-SNAPSHOT.pom
[INFO]                                                                         
[INFO] ------------------------------------------------------------------------
[INFO] Building Adapter: RxJava 2.0.0-SNAPSHOT
[INFO] ------------------------------------------------------------------------
[INFO] 
[INFO] --- maven-enforcer-plugin:1.0:enforce (enforce-maven) @ adapter-rxjava ---
[INFO] 
[INFO] --- maven-resources-plugin:2.6:resources (default-resources) @ adapter-rxjava ---
[INFO] Using 'UTF-8' encoding to copy filtered resources.
[INFO] skip non existing resourceDirectory /home/travis/build/square/retrofit/retrofit-adapters/rxjava/src/main/resources
[INFO] 
[INFO] --- maven-compiler-plugin:3.0:compile (default-compile) @ adapter-rxjava ---
[INFO] Changes detected - recompiling the module!
[INFO] Compiling 2 source files to /home/travis/build/square/retrofit/retrofit-adapters/rxjava/target/classes
[INFO] 
[INFO] --- maven-resources-plugin:2.6:testResources (default-testResources) @ adapter-rxjava ---
[INFO] Using 'UTF-8' encoding to copy filtered resources.
[INFO] skip non existing resourceDirectory /home/travis/build/square/retrofit/retrofit-adapters/rxjava/src/test/resources
[INFO] 
[INFO] --- maven-compiler-plugin:3.0:testCompile (default-testCompile) @ adapter-rxjava ---
[INFO] Changes detected - recompiling the module!
[INFO] Compiling 2 source files to /home/travis/build/square/retrofit/retrofit-adapters/rxjava/target/test-classes
[INFO] 
[INFO] --- maven-surefire-plugin:2.12.4:test (default-test) @ adapter-rxjava ---
[INFO] Tests are skipped.
[INFO] 
[INFO] --- maven-jar-plugin:2.4:jar (default-jar) @ adapter-rxjava ---
[INFO] Building jar: /home/travis/build/square/retrofit/retrofit-adapters/rxjava/target/adapter-rxjava-2.0.0-SNAPSHOT.jar
[INFO] 
[INFO] --- maven-checkstyle-plugin:2.15:checkstyle (default) @ adapter-rxjava ---
[INFO] Starting audit...
Audit done.
[WARNING] Unable to locate Source XRef to link to - DISABLED
[INFO] 
[INFO] --- maven-install-plugin:2.4:install (default-install) @ adapter-rxjava ---
[INFO] Installing /home/travis/build/square/retrofit/retrofit-adapters/rxjava/target/adapter-rxjava-2.0.0-SNAPSHOT.jar to /home/travis/.m2/repository/com/squareup/retrofit/adapter-rxjava/2.0.0-SNAPSHOT/adapter-rxjava-2.0.0-SNAPSHOT.jar
[INFO] Installing /home/travis/build/square/retrofit/retrofit-adapters/rxjava/pom.xml to /home/travis/.m2/repository/com/squareup/retrofit/adapter-rxjava/2.0.0-SNAPSHOT/adapter-rxjava-2.0.0-SNAPSHOT.pom
[INFO]                                                                         
[INFO] ------------------------------------------------------------------------
[INFO] Building Converters 2.0.0-SNAPSHOT
[INFO] ------------------------------------------------------------------------
[INFO] 
[INFO] --- maven-enforcer-plugin:1.0:enforce (enforce-maven) @ retrofit-converters ---
[INFO] 
[INFO] --- maven-checkstyle-plugin:2.15:checkstyle (default) @ retrofit-converters ---
[INFO] 
[INFO] --- maven-install-plugin:2.4:install (default-install) @ retrofit-converters ---
[INFO] Installing /home/travis/build/square/retrofit/retrofit-converters/pom.xml to /home/travis/.m2/repository/com/squareup/retrofit/retrofit-converters/2.0.0-SNAPSHOT/retrofit-converters-2.0.0-SNAPSHOT.pom
[INFO]                                                                         
[INFO] ------------------------------------------------------------------------
[INFO] Building Converter: Gson 2.0.0-SNAPSHOT
[INFO] ------------------------------------------------------------------------
[INFO] 
[INFO] --- maven-enforcer-plugin:1.0:enforce (enforce-maven) @ converter-gson ---
[INFO] 
[INFO] --- maven-resources-plugin:2.6:resources (default-resources) @ converter-gson ---
[INFO] Using 'UTF-8' encoding to copy filtered resources.
[INFO] skip non existing resourceDirectory /home/travis/build/square/retrofit/retrofit-converters/gson/src/main/resources
[INFO] 
[INFO] --- maven-compiler-plugin:3.0:compile (default-compile) @ converter-gson ---
[INFO] Changes detected - recompiling the module!
[INFO] Compiling 1 source file to /home/travis/build/square/retrofit/retrofit-converters/gson/target/classes
[INFO] 
[INFO] --- maven-resources-plugin:2.6:testResources (default-testResources) @ converter-gson ---
[INFO] Using 'UTF-8' encoding to copy filtered resources.
[INFO] skip non existing resourceDirectory /home/travis/build/square/retrofit/retrofit-converters/gson/src/test/resources
[INFO] 
[INFO] --- maven-compiler-plugin:3.0:testCompile (default-testCompile) @ converter-gson ---
[INFO] Changes detected - recompiling the module!
[INFO] Compiling 1 source file to /home/travis/build/square/retrofit/retrofit-converters/gson/target/test-classes
[INFO] 
[INFO] --- maven-surefire-plugin:2.12.4:test (default-test) @ converter-gson ---
[INFO] Tests are skipped.
[INFO] 
[INFO] --- maven-jar-plugin:2.4:jar (default-jar) @ converter-gson ---
[INFO] Building jar: /home/travis/build/square/retrofit/retrofit-converters/gson/target/converter-gson-2.0.0-SNAPSHOT.jar
[INFO] 
[INFO] --- maven-checkstyle-plugin:2.15:checkstyle (default) @ converter-gson ---
[INFO] Starting audit...
Audit done.
[WARNING] Unable to locate Source XRef to link to - DISABLED
[INFO] 
[INFO] --- maven-install-plugin:2.4:install (default-install) @ converter-gson ---
[INFO] Installing /home/travis/build/square/retrofit/retrofit-converters/gson/target/converter-gson-2.0.0-SNAPSHOT.jar to /home/travis/.m2/repository/com/squareup/retrofit/converter-gson/2.0.0-SNAPSHOT/converter-gson-2.0.0-SNAPSHOT.jar
[INFO] Installing /home/travis/build/square/retrofit/retrofit-converters/gson/pom.xml to /home/travis/.m2/repository/com/squareup/retrofit/converter-gson/2.0.0-SNAPSHOT/converter-gson-2.0.0-SNAPSHOT.pom
[INFO]                                                                         
[INFO] ------------------------------------------------------------------------
[INFO] Building Converter: Protocol Buffers 2.0.0-SNAPSHOT
[INFO] ------------------------------------------------------------------------
[INFO] 
[INFO] --- maven-enforcer-plugin:1.0:enforce (enforce-maven) @ converter-protobuf ---
[INFO] 
[INFO] --- maven-resources-plugin:2.6:resources (default-resources) @ converter-protobuf ---
[INFO] Using 'UTF-8' encoding to copy filtered resources.
[INFO] skip non existing resourceDirectory /home/travis/build/square/retrofit/retrofit-converters/protobuf/src/main/resources
[INFO] 
[INFO] --- maven-compiler-plugin:3.0:compile (default-compile) @ converter-protobuf ---
[INFO] Changes detected - recompiling the module!
[INFO] Compiling 1 source file to /home/travis/build/square/retrofit/retrofit-converters/protobuf/target/classes
[INFO] 
[INFO] --- maven-resources-plugin:2.6:testResources (default-testResources) @ converter-protobuf ---
[INFO] Using 'UTF-8' encoding to copy filtered resources.
[INFO] skip non existing resourceDirectory /home/travis/build/square/retrofit/retrofit-converters/protobuf/src/test/resources
[INFO] 
[INFO] --- maven-compiler-plugin:3.0:testCompile (default-testCompile) @ converter-protobuf ---
[INFO] Changes detected - recompiling the module!
[INFO] Compiling 2 source files to /home/travis/build/square/retrofit/retrofit-converters/protobuf/target/test-classes
[INFO] 
[INFO] --- maven-surefire-plugin:2.12.4:test (default-test) @ converter-protobuf ---
[INFO] Tests are skipped.
[INFO] 
[INFO] --- maven-jar-plugin:2.4:jar (default-jar) @ converter-protobuf ---
[INFO] Building jar: /home/travis/build/square/retrofit/retrofit-converters/protobuf/target/converter-protobuf-2.0.0-SNAPSHOT.jar
[INFO] 
[INFO] --- maven-checkstyle-plugin:2.15:checkstyle (default) @ converter-protobuf ---
[INFO] Starting audit...
Audit done.
[WARNING] Unable to locate Source XRef to link to - DISABLED
[INFO] 
[INFO] --- maven-install-plugin:2.4:install (default-install) @ converter-protobuf ---
[INFO] Installing /home/travis/build/square/retrofit/retrofit-converters/protobuf/target/converter-protobuf-2.0.0-SNAPSHOT.jar to /home/travis/.m2/repository/com/squareup/retrofit/converter-protobuf/2.0.0-SNAPSHOT/converter-protobuf-2.0.0-SNAPSHOT.jar
[INFO] Installing /home/travis/build/square/retrofit/retrofit-converters/protobuf/pom.xml to /home/travis/.m2/repository/com/squareup/retrofit/converter-protobuf/2.0.0-SNAPSHOT/converter-protobuf-2.0.0-SNAPSHOT.pom
[INFO]                                                                         
[INFO] ------------------------------------------------------------------------
[INFO] Building Converter: Jackson 2.0.0-SNAPSHOT
[INFO] ------------------------------------------------------------------------
[INFO] 
[INFO] --- maven-enforcer-plugin:1.0:enforce (enforce-maven) @ converter-jackson ---
[INFO] 
[INFO] --- maven-resources-plugin:2.6:resources (default-resources) @ converter-jackson ---
[INFO] Using 'UTF-8' encoding to copy filtered resources.
[INFO] skip non existing resourceDirectory /home/travis/build/square/retrofit/retrofit-converters/jackson/src/main/resources
[INFO] 
[INFO] --- maven-compiler-plugin:3.0:compile (default-compile) @ converter-jackson ---
[INFO] Changes detected - recompiling the module!
[INFO] Compiling 1 source file to /home/travis/build/square/retrofit/retrofit-converters/jackson/target/classes
[INFO] 
[INFO] --- maven-resources-plugin:2.6:testResources (default-testResources) @ converter-jackson ---
[INFO] Using 'UTF-8' encoding to copy filtered resources.
[INFO] skip non existing resourceDirectory /home/travis/build/square/retrofit/retrofit-converters/jackson/src/test/resources
[INFO] 
[INFO] --- maven-compiler-plugin:3.0:testCompile (default-testCompile) @ converter-jackson ---
[INFO] Changes detected - recompiling the module!
[INFO] Compiling 1 source file to /home/travis/build/square/retrofit/retrofit-converters/jackson/target/test-classes
[INFO] 
[INFO] --- maven-surefire-plugin:2.12.4:test (default-test) @ converter-jackson ---
[INFO] Tests are skipped.
[INFO] 
[INFO] --- maven-jar-plugin:2.4:jar (default-jar) @ converter-jackson ---
[INFO] Building jar: /home/travis/build/square/retrofit/retrofit-converters/jackson/target/converter-jackson-2.0.0-SNAPSHOT.jar
[INFO] 
[INFO] --- maven-checkstyle-plugin:2.15:checkstyle (default) @ converter-jackson ---
[INFO] Starting audit...
Audit done.
[WARNING] Unable to locate Source XRef to link to - DISABLED
[INFO] 
[INFO] --- maven-install-plugin:2.4:install (default-install) @ converter-jackson ---
[INFO] Installing /home/travis/build/square/retrofit/retrofit-converters/jackson/target/converter-jackson-2.0.0-SNAPSHOT.jar to /home/travis/.m2/repository/com/squareup/retrofit/converter-jackson/2.0.0-SNAPSHOT/converter-jackson-2.0.0-SNAPSHOT.jar
[INFO] Installing /home/travis/build/square/retrofit/retrofit-converters/jackson/pom.xml to /home/travis/.m2/repository/com/squareup/retrofit/converter-jackson/2.0.0-SNAPSHOT/converter-jackson-2.0.0-SNAPSHOT.pom
[INFO]                                                                         
[INFO] ------------------------------------------------------------------------
[INFO] Building Converter: Wire Protocol Buffers 2.0.0-SNAPSHOT
[INFO] ------------------------------------------------------------------------
[INFO] 
[INFO] --- maven-enforcer-plugin:1.0:enforce (enforce-maven) @ converter-wire ---
[INFO] 
[INFO] --- maven-resources-plugin:2.6:resources (default-resources) @ converter-wire ---
[INFO] Using 'UTF-8' encoding to copy filtered resources.
[INFO] skip non existing resourceDirectory /home/travis/build/square/retrofit/retrofit-converters/wire/src/main/resources
[INFO] 
[INFO] --- maven-compiler-plugin:3.0:compile (default-compile) @ converter-wire ---
[INFO] Changes detected - recompiling the module!
[INFO] Compiling 1 source file to /home/travis/build/square/retrofit/retrofit-converters/wire/target/classes
[INFO] 
[INFO] --- maven-resources-plugin:2.6:testResources (default-testResources) @ converter-wire ---
[INFO] Using 'UTF-8' encoding to copy filtered resources.
[INFO] skip non existing resourceDirectory /home/travis/build/square/retrofit/retrofit-converters/wire/src/test/resources
[INFO] 
[INFO] --- maven-compiler-plugin:3.0:testCompile (default-testCompile) @ converter-wire ---
[INFO] Changes detected - recompiling the module!
[INFO] Compiling 2 source files to /home/travis/build/square/retrofit/retrofit-converters/wire/target/test-classes
[INFO] 
[INFO] --- maven-surefire-plugin:2.12.4:test (default-test) @ converter-wire ---
[INFO] Tests are skipped.
[INFO] 
[INFO] --- maven-jar-plugin:2.4:jar (default-jar) @ converter-wire ---
[INFO] Building jar: /home/travis/build/square/retrofit/retrofit-converters/wire/target/converter-wire-2.0.0-SNAPSHOT.jar
[INFO] 
[INFO] --- maven-checkstyle-plugin:2.15:checkstyle (default) @ converter-wire ---
[INFO] Starting audit...
Audit done.
[WARNING] Unable to locate Source XRef to link to - DISABLED
[INFO] 
[INFO] --- maven-install-plugin:2.4:install (default-install) @ converter-wire ---
[INFO] Installing /home/travis/build/square/retrofit/retrofit-converters/wire/target/converter-wire-2.0.0-SNAPSHOT.jar to /home/travis/.m2/repository/com/squareup/retrofit/converter-wire/2.0.0-SNAPSHOT/converter-wire-2.0.0-SNAPSHOT.jar
[INFO] Installing /home/travis/build/square/retrofit/retrofit-converters/wire/pom.xml to /home/travis/.m2/repository/com/squareup/retrofit/converter-wire/2.0.0-SNAPSHOT/converter-wire-2.0.0-SNAPSHOT.pom
[INFO]                                                                         
[INFO] ------------------------------------------------------------------------
[INFO] Building Converter: SimpleXML 2.0.0-SNAPSHOT
[INFO] ------------------------------------------------------------------------
[INFO] 
[INFO] --- maven-enforcer-plugin:1.0:enforce (enforce-maven) @ converter-simplexml ---
[INFO] 
[INFO] --- maven-resources-plugin:2.6:resources (default-resources) @ converter-simplexml ---
[INFO] Using 'UTF-8' encoding to copy filtered resources.
[INFO] skip non existing resourceDirectory /home/travis/build/square/retrofit/retrofit-converters/simplexml/src/main/resources
[INFO] 
[INFO] --- maven-compiler-plugin:3.0:compile (default-compile) @ converter-simplexml ---
[INFO] Changes detected - recompiling the module!
[INFO] Compiling 1 source file to /home/travis/build/square/retrofit/retrofit-converters/simplexml/target/classes
[INFO] 
[INFO] --- maven-resources-plugin:2.6:testResources (default-testResources) @ converter-simplexml ---
[INFO] Using 'UTF-8' encoding to copy filtered resources.
[INFO] skip non existing resourceDirectory /home/travis/build/square/retrofit/retrofit-converters/simplexml/src/test/resources
[INFO] 
[INFO] --- maven-compiler-plugin:3.0:testCompile (default-testCompile) @ converter-simplexml ---
[INFO] Changes detected - recompiling the module!
[INFO] Compiling 1 source file to /home/travis/build/square/retrofit/retrofit-converters/simplexml/target/test-classes
[INFO] 
[INFO] --- maven-surefire-plugin:2.12.4:test (default-test) @ converter-simplexml ---
[INFO] Tests are skipped.
[INFO] 
[INFO] --- maven-jar-plugin:2.4:jar (default-jar) @ converter-simplexml ---
[INFO] Building jar: /home/travis/build/square/retrofit/retrofit-converters/simplexml/target/converter-simplexml-2.0.0-SNAPSHOT.jar
[INFO] 
[INFO] --- maven-checkstyle-plugin:2.15:checkstyle (default) @ converter-simplexml ---
[INFO] Starting audit...
Audit done.
[WARNING] Unable to locate Source XRef to link to - DISABLED
[INFO] 
[INFO] --- maven-install-plugin:2.4:install (default-install) @ converter-simplexml ---
[INFO] Installing /home/travis/build/square/retrofit/retrofit-converters/simplexml/target/converter-simplexml-2.0.0-SNAPSHOT.jar to /home/travis/.m2/repository/com/squareup/retrofit/converter-simplexml/2.0.0-SNAPSHOT/converter-simplexml-2.0.0-SNAPSHOT.jar
[INFO] Installing /home/travis/build/square/retrofit/retrofit-converters/simplexml/pom.xml to /home/travis/.m2/repository/com/squareup/retrofit/converter-simplexml/2.0.0-SNAPSHOT/converter-simplexml-2.0.0-SNAPSHOT.pom
[INFO]                                                                         
[INFO] ------------------------------------------------------------------------
[INFO] Building Samples 2.0.0-SNAPSHOT
[INFO] ------------------------------------------------------------------------
[INFO] 
[INFO] --- maven-enforcer-plugin:1.0:enforce (enforce-maven) @ samples ---
[INFO] 
[INFO] --- maven-resources-plugin:2.6:resources (default-resources) @ samples ---
[INFO] Using 'UTF-8' encoding to copy filtered resources.
[INFO] skip non existing resourceDirectory /home/travis/build/square/retrofit/samples/src/main/resources
[INFO] 
[INFO] --- maven-compiler-plugin:3.0:compile (default-compile) @ samples ---
[INFO] Changes detected - recompiling the module!
[INFO] Compiling 2 source files to /home/travis/build/square/retrofit/samples/target/classes
[INFO] 
[INFO] --- maven-resources-plugin:2.6:testResources (default-testResources) @ samples ---
[INFO] Using 'UTF-8' encoding to copy filtered resources.
[INFO] skip non existing resourceDirectory /home/travis/build/square/retrofit/samples/src/test/resources
[INFO] 
[INFO] --- maven-compiler-plugin:3.0:testCompile (default-testCompile) @ samples ---
[INFO] No sources to compile
[INFO] 
[INFO] --- maven-surefire-plugin:2.12.4:test (default-test) @ samples ---
[INFO] Tests are skipped.
[INFO] 
[INFO] --- maven-jar-plugin:2.4:jar (default-jar) @ samples ---
[INFO] Building jar: /home/travis/build/square/retrofit/samples/target/samples-2.0.0-SNAPSHOT.jar
[INFO] 
[INFO] --- maven-checkstyle-plugin:2.15:checkstyle (default) @ samples ---
[INFO] Starting audit...
Audit done.
[WARNING] Unable to locate Source XRef to link to - DISABLED
[INFO] 
[INFO] --- maven-install-plugin:2.4:install (default-install) @ samples ---
[INFO] Installing /home/travis/build/square/retrofit/samples/target/samples-2.0.0-SNAPSHOT.jar to /home/travis/.m2/repository/com/squareup/retrofit/samples/2.0.0-SNAPSHOT/samples-2.0.0-SNAPSHOT.jar
[INFO] Installing /home/travis/build/square/retrofit/samples/pom.xml to /home/travis/.m2/repository/com/squareup/retrofit/samples/2.0.0-SNAPSHOT/samples-2.0.0-SNAPSHOT.pom
[INFO] ------------------------------------------------------------------------
[INFO] Reactor Summary:
[INFO] 
[INFO] Retrofit (Parent) .................................. SUCCESS [  3.842 s]
[INFO] Retrofit ........................................... SUCCESS [ 19.563 s]
[INFO] Adapters ........................................... SUCCESS [  0.070 s]
[INFO] Adapter: RxJava .................................... SUCCESS [  3.360 s]
[INFO] Converters ......................................... SUCCESS [  0.034 s]
[INFO] Converter: Gson .................................... SUCCESS [  1.919 s]
[INFO] Converter: Protocol Buffers ........................ SUCCESS [  2.504 s]
[INFO] Converter: Jackson ................................. SUCCESS [  1.391 s]
[INFO] Converter: Wire Protocol Buffers ................... SUCCESS [  1.770 s]
[INFO] Converter: SimpleXML ............................... SUCCESS [  1.377 s]
[INFO] Samples ............................................ SUCCESS [  0.753 s]
[INFO] ------------------------------------------------------------------------
[INFO] BUILD SUCCESS
[INFO] ------------------------------------------------------------------------
[INFO] Total time: 37.095 s
[INFO] Finished at: 2015-06-03T22:46:27+00:00
[INFO] Final Memory: 34M/317M
[INFO] ------------------------------------------------------------------------
travis_time:end:1eaaa7bc:start=1433371547494005093,finish=1433371588309992717,duration=40815987624[0Ktravis_fold:end:install[0Ktravis_time:start:10b62b3e[0K$ mvn test -B
Java HotSpot(TM) 64-Bit Server VM warning: ignoring option MaxPermSize=192m; support was removed in 8.0
[INFO] Scanning for projects...
[WARNING] 
[WARNING] Some problems were encountered while building the effective model for com.squareup.retrofit:samples:jar:2.0.0-SNAPSHOT
[WARNING] 'build.plugins.plugin.version' for org.apache.maven.plugins:maven-deploy-plugin is missing. @ com.squareup.retrofit:samples:[unknown-version], /home/travis/build/square/retrofit/samples/pom.xml, line 36, column 15
[WARNING] 
[WARNING] It is highly recommended to fix these problems because they threaten the stability of your build.
[WARNING] 
[WARNING] For this reason, future Maven versions might no longer support building such malformed projects.
[WARNING] 
[INFO] ------------------------------------------------------------------------
[INFO] Reactor Build Order:
[INFO] 
[INFO] Retrofit (Parent)
[INFO] Retrofit
[INFO] Adapters
[INFO] Adapter: RxJava
[INFO] Converters
[INFO] Converter: Gson
[INFO] Converter: Protocol Buffers
[INFO] Converter: Jackson
[INFO] Converter: Wire Protocol Buffers
[INFO] Converter: SimpleXML
[INFO] Samples
[INFO]                                                                         
[INFO] ------------------------------------------------------------------------
[INFO] Building Retrofit (Parent) 2.0.0-SNAPSHOT
[INFO] ------------------------------------------------------------------------
[INFO] 
[INFO] --- maven-enforcer-plugin:1.0:enforce (enforce-maven) @ parent ---
[INFO]                                                                         
[INFO] ------------------------------------------------------------------------
[INFO] Building Retrofit 2.0.0-SNAPSHOT
[INFO] ------------------------------------------------------------------------
[INFO] 
[INFO] --- maven-enforcer-plugin:1.0:enforce (enforce-maven) @ retrofit ---
[INFO] 
[INFO] --- maven-resources-plugin:2.6:resources (default-resources) @ retrofit ---
[INFO] Using 'UTF-8' encoding to copy filtered resources.
[INFO] skip non existing resourceDirectory /home/travis/build/square/retrofit/retrofit/src/main/resources
[INFO] 
[INFO] --- maven-compiler-plugin:3.0:compile (default-compile) @ retrofit ---
[INFO] Changes detected - recompiling the module!
[INFO] Compiling 36 source files to /home/travis/build/square/retrofit/retrofit/target/classes
[WARNING] /home/travis/build/square/retrofit/retrofit/src/main/java/retrofit/RestAdapter.java: Some input files use unchecked or unsafe operations.
[WARNING] /home/travis/build/square/retrofit/retrofit/src/main/java/retrofit/RestAdapter.java: Recompile with -Xlint:unchecked for details.
[INFO] 
[INFO] --- maven-resources-plugin:2.6:testResources (default-testResources) @ retrofit ---
[INFO] Using 'UTF-8' encoding to copy filtered resources.
[INFO] skip non existing resourceDirectory /home/travis/build/square/retrofit/retrofit/src/test/resources
[INFO] 
[INFO] --- maven-compiler-plugin:3.0:testCompile (default-testCompile) @ retrofit ---
[INFO] Changes detected - recompiling the module!
[INFO] Compiling 8 source files to /home/travis/build/square/retrofit/retrofit/target/test-classes
[WARNING] /home/travis/build/square/retrofit/retrofit/src/test/java/retrofit/DefaultCallAdapterFactoryTest.java: /home/travis/build/square/retrofit/retrofit/src/test/java/retrofit/DefaultCallAdapterFactoryTest.java uses unchecked or unsafe operations.
[WARNING] /home/travis/build/square/retrofit/retrofit/src/test/java/retrofit/DefaultCallAdapterFactoryTest.java: Recompile with -Xlint:unchecked for details.
[INFO] 
[INFO] --- maven-surefire-plugin:2.12.4:test (default-test) @ retrofit ---
[INFO] Surefire report directory: /home/travis/build/square/retrofit/retrofit/target/surefire-reports

-------------------------------------------------------
 T E S T S
-------------------------------------------------------
Running retrofit.MethodInfoTest
Tests run: 4, Failures: 0, Errors: 0, Skipped: 0, Time elapsed: 0.206 sec
Running retrofit.RestAdapterTest
Jun 03, 2015 10:46:39 PM com.squareup.okhttp.mockwebserver.MockWebServer$2 execute
INFO: MockWebServer[60334] starting to accept connections
Jun 03, 2015 10:46:39 PM com.squareup.okhttp.mockwebserver.MockWebServer$3 processOneRequest
INFO: MockWebServer[60334] received request: GET / HTTP/1.1 and responded: HTTP/1.1 200 OK
Jun 03, 2015 10:46:39 PM com.squareup.okhttp.mockwebserver.MockWebServer$2 acceptConnections
INFO: MockWebServer[60334] done accepting connections: Socket closed
Jun 03, 2015 10:46:39 PM com.squareup.okhttp.mockwebserver.MockWebServer$2 execute
INFO: MockWebServer[47526] starting to accept connections
Jun 03, 2015 10:46:39 PM com.squareup.okhttp.mockwebserver.MockWebServer$3 processOneRequest
INFO: MockWebServer[47526] received request: POST / HTTP/1.1 and responded: HTTP/1.1 200 OK
Jun 03, 2015 10:46:39 PM com.squareup.okhttp.mockwebserver.MockWebServer$2 acceptConnections
INFO: MockWebServer[47526] done accepting connections: Socket closed
Jun 03, 2015 10:46:39 PM com.squareup.okhttp.mockwebserver.MockWebServer$2 execute
INFO: MockWebServer[42786] starting to accept connections
Jun 03, 2015 10:46:39 PM com.squareup.okhttp.mockwebserver.MockWebServer$2 acceptConnections
INFO: MockWebServer[42786] done accepting connections: Socket is closed
Jun 03, 2015 10:46:39 PM com.squareup.okhttp.mockwebserver.MockWebServer$2 execute
INFO: MockWebServer[52093] starting to accept connections
Jun 03, 2015 10:46:39 PM com.squareup.okhttp.mockwebserver.MockWebServer$2 acceptConnections
INFO: MockWebServer[52093] done accepting connections: Socket closed
Jun 03, 2015 10:46:39 PM com.squareup.okhttp.mockwebserver.MockWebServer$2 execute
INFO: MockWebServer[47839] starting to accept connections
Jun 03, 2015 10:46:39 PM com.squareup.okhttp.mockwebserver.MockWebServer$2 acceptConnections
INFO: MockWebServer[47839] done accepting connections: Socket is closed
Jun 03, 2015 10:46:39 PM com.squareup.okhttp.mockwebserver.MockWebServer$2 execute
INFO: MockWebServer[46584] starting to accept connections
Jun 03, 2015 10:46:39 PM com.squareup.okhttp.mockwebserver.MockWebServer$2 acceptConnections
INFO: MockWebServer[46584] done accepting connections: Socket closed
Jun 03, 2015 10:46:39 PM com.squareup.okhttp.mockwebserver.MockWebServer$2 execute
INFO: MockWebServer[38524] starting to accept connections
Jun 03, 2015 10:46:39 PM com.squareup.okhttp.mockwebserver.MockWebServer$2 acceptConnections
INFO: MockWebServer[38524] done accepting connections: Socket is closed
Jun 03, 2015 10:46:39 PM com.squareup.okhttp.mockwebserver.MockWebServer$2 execute
INFO: MockWebServer[34153] starting to accept connections
Jun 03, 2015 10:46:39 PM com.squareup.okhttp.mockwebserver.MockWebServer$2 acceptConnections
INFO: MockWebServer[34153] done accepting connections: Socket is closed
Jun 03, 2015 10:46:39 PM com.squareup.okhttp.mockwebserver.MockWebServer$2 execute
INFO: MockWebServer[40237] starting to accept connections
Jun 03, 2015 10:46:39 PM com.squareup.okhttp.mockwebserver.MockWebServer$2 acceptConnections
INFO: MockWebServer[40237] done accepting connections: Socket is closed
Jun 03, 2015 10:46:40 PM com.squareup.okhttp.mockwebserver.MockWebServer$2 execute
INFO: MockWebServer[38562] starting to accept connections
Jun 03, 2015 10:46:40 PM com.squareup.okhttp.mockwebserver.MockWebServer$2 acceptConnections
INFO: MockWebServer[38562] done accepting connections: Socket is closed
Tests run: 10, Failures: 0, Errors: 0, Skipped: 0, Time elapsed: 0.62 sec
Running retrofit.RequestBuilderTest
Tests run: 80, Failures: 0, Errors: 0, Skipped: 2, Time elapsed: 0.27 sec
Running retrofit.EndpointsTest
Tests run: 1, Failures: 0, Errors: 0, Skipped: 0, Time elapsed: 0.002 sec
Running retrofit.CallTest
Jun 03, 2015 10:46:40 PM com.squareup.okhttp.mockwebserver.MockWebServer$2 execute
INFO: MockWebServer[51788] starting to accept connections
Jun 03, 2015 10:46:40 PM com.squareup.okhttp.mockwebserver.MockWebServer$3 processOneRequest
INFO: MockWebServer[51788] received request: GET / HTTP/1.1 and responded: HTTP/1.1 404 OK
Jun 03, 2015 10:46:40 PM com.squareup.okhttp.mockwebserver.MockWebServer$2 acceptConnections
INFO: MockWebServer[51788] done accepting connections: Socket closed
Jun 03, 2015 10:46:40 PM com.squareup.okhttp.mockwebserver.MockWebServer$2 execute
INFO: MockWebServer[57921] starting to accept connections
Jun 03, 2015 10:46:40 PM com.squareup.okhttp.mockwebserver.MockWebServer$2 acceptConnections
INFO: MockWebServer[57921] done accepting connections: Socket closed
Jun 03, 2015 10:46:40 PM com.squareup.okhttp.mockwebserver.MockWebServer$2 execute
INFO: MockWebServer[42787] starting to accept connections
Jun 03, 2015 10:46:40 PM com.squareup.okhttp.mockwebserver.MockWebServer$2 acceptConnections
INFO: MockWebServer[42787] done accepting connections: Socket closed
Jun 03, 2015 10:46:40 PM com.squareup.okhttp.mockwebserver.MockWebServer$3 processOneRequest
INFO: MockWebServer[42787] received request: GET / HTTP/1.1 and responded: HTTP/1.1 200 OK
Jun 03, 2015 10:46:40 PM com.squareup.okhttp.mockwebserver.MockWebServer$2 execute
INFO: MockWebServer[38158] starting to accept connections
Jun 03, 2015 10:46:40 PM com.squareup.okhttp.mockwebserver.MockWebServer$2 acceptConnections
INFO: MockWebServer[38158] done accepting connections: Socket closed
Jun 03, 2015 10:46:40 PM com.squareup.okhttp.mockwebserver.MockWebServer$2 execute
INFO: MockWebServer[47821] starting to accept connections
Jun 03, 2015 10:46:40 PM com.squareup.okhttp.mockwebserver.MockWebServer$2 acceptConnections
INFO: MockWebServer[47821] done accepting connections: Socket closed
Jun 03, 2015 10:46:40 PM com.squareup.okhttp.mockwebserver.MockWebServer$3 processOneRequest
INFO: MockWebServer[47821] received request: GET / HTTP/1.1 and responded: HTTP/1.1 404 OK
Jun 03, 2015 10:46:40 PM com.squareup.okhttp.mockwebserver.MockWebServer$2 execute
INFO: MockWebServer[48644] starting to accept connections
Jun 03, 2015 10:46:40 PM com.squareup.okhttp.mockwebserver.MockWebServer$3 processOneRequest
INFO: MockWebServer[48644] received request: POST / HTTP/1.1 and responded: HTTP/1.1 200 OK
Jun 03, 2015 10:46:40 PM com.squareup.okhttp.mockwebserver.MockWebServer$2 acceptConnections
INFO: MockWebServer[48644] done accepting connections: Socket closed
Jun 03, 2015 10:46:40 PM com.squareup.okhttp.mockwebserver.MockWebServer$2 execute
INFO: MockWebServer[58437] starting to accept connections
Jun 03, 2015 10:46:40 PM com.squareup.okhttp.mockwebserver.MockWebServer$3 processOneRequest
INFO: MockWebServer[58437] received request: GET / HTTP/1.1 and responded: HTTP/1.1 204 Nothin
Jun 03, 2015 10:46:40 PM com.squareup.okhttp.mockwebserver.MockWebServer$2 acceptConnections
INFO: MockWebServer[58437] done accepting connections: Socket closed
Jun 03, 2015 10:46:40 PM com.squareup.okhttp.mockwebserver.MockWebServer$2 execute
INFO: MockWebServer[44620] starting to accept connections
Jun 03, 2015 10:46:40 PM com.squareup.okhttp.mockwebserver.MockWebServer$3 processOneRequest
INFO: MockWebServer[44620] received request: POST / HTTP/1.1 and responded: HTTP/1.1 200 OK
Jun 03, 2015 10:46:40 PM com.squareup.okhttp.mockwebserver.MockWebServer$2 acceptConnections
INFO: MockWebServer[44620] done accepting connections: Socket closed
Jun 03, 2015 10:46:40 PM com.squareup.okhttp.mockwebserver.MockWebServer$2 execute
INFO: MockWebServer[39683] starting to accept connections
Jun 03, 2015 10:46:40 PM com.squareup.okhttp.mockwebserver.MockWebServer$2 acceptConnections
INFO: MockWebServer[39683] done accepting connections: Socket is closed
Jun 03, 2015 10:46:40 PM com.squareup.okhttp.mockwebserver.MockWebServer$2 execute
INFO: MockWebServer[44630] starting to accept connections
Jun 03, 2015 10:46:40 PM com.squareup.okhttp.mockwebserver.MockWebServer$3 processOneRequest
INFO: MockWebServer[44630] received request: GET / HTTP/1.1 and responded: HTTP/1.1 205 Nothin
Jun 03, 2015 10:46:40 PM com.squareup.okhttp.mockwebserver.MockWebServer$2 acceptConnections
INFO: MockWebServer[44630] done accepting connections: Socket closed
Jun 03, 2015 10:46:40 PM com.squareup.okhttp.mockwebserver.MockWebServer$2 execute
INFO: MockWebServer[38507] starting to accept connections
Jun 03, 2015 10:46:40 PM com.squareup.okhttp.mockwebserver.MockWebServer$2 acceptConnections
INFO: MockWebServer[38507] done accepting connections: Socket is closed
Jun 03, 2015 10:46:40 PM com.squareup.okhttp.mockwebserver.MockWebServer$2 execute
INFO: MockWebServer[55070] starting to accept connections
Jun 03, 2015 10:46:40 PM com.squareup.okhttp.mockwebserver.MockWebServer$3 processOneRequest
INFO: MockWebServer[55070] received request: GET / HTTP/1.1 and responded: HTTP/1.1 200 OK
Jun 03, 2015 10:46:40 PM com.squareup.okhttp.mockwebserver.MockWebServer$2 acceptConnections
INFO: MockWebServer[55070] done accepting connections: Socket closed
Jun 03, 2015 10:46:40 PM com.squareup.okhttp.mockwebserver.MockWebServer$2 execute
INFO: MockWebServer[46045] starting to accept connections
Jun 03, 2015 10:46:40 PM com.squareup.okhttp.mockwebserver.MockWebServer$3 processOneRequest
INFO: MockWebServer[46045] received request: GET / HTTP/1.1 and responded: HTTP/1.1 200 OK
Jun 03, 2015 10:46:40 PM com.squareup.okhttp.mockwebserver.MockWebServer$2 acceptConnections
INFO: MockWebServer[46045] done accepting connections: Socket closed
Tests run: 13, Failures: 0, Errors: 0, Skipped: 0, Time elapsed: 0.326 sec
Running retrofit.DefaultCallAdapterFactoryTest
Tests run: 8, Failures: 0, Errors: 0, Skipped: 0, Time elapsed: 0.072 sec

Results :

Tests run: 116, Failures: 0, Errors: 0, Skipped: 2

[INFO]                                                                         
[INFO] ------------------------------------------------------------------------
[INFO] Building Adapters 2.0.0-SNAPSHOT
[INFO] ------------------------------------------------------------------------
[INFO] 
[INFO] --- maven-enforcer-plugin:1.0:enforce (enforce-maven) @ retrofit-adapters ---
[INFO]                                                                         
[INFO] ------------------------------------------------------------------------
[INFO] Building Adapter: RxJava 2.0.0-SNAPSHOT
[INFO] ------------------------------------------------------------------------
[INFO] 
[INFO] --- maven-enforcer-plugin:1.0:enforce (enforce-maven) @ adapter-rxjava ---
[INFO] 
[INFO] --- maven-resources-plugin:2.6:resources (default-resources) @ adapter-rxjava ---
[INFO] Using 'UTF-8' encoding to copy filtered resources.
[INFO] skip non existing resourceDirectory /home/travis/build/square/retrofit/retrofit-adapters/rxjava/src/main/resources
[INFO] 
[INFO] --- maven-compiler-plugin:3.0:compile (default-compile) @ adapter-rxjava ---
[INFO] Changes detected - recompiling the module!
[INFO] Compiling 2 source files to /home/travis/build/square/retrofit/retrofit-adapters/rxjava/target/classes
[INFO] 
[INFO] --- maven-resources-plugin:2.6:testResources (default-testResources) @ adapter-rxjava ---
[INFO] Using 'UTF-8' encoding to copy filtered resources.
[INFO] skip non existing resourceDirectory /home/travis/build/square/retrofit/retrofit-adapters/rxjava/src/test/resources
[INFO] 
[INFO] --- maven-compiler-plugin:3.0:testCompile (default-testCompile) @ adapter-rxjava ---
[INFO] Changes detected - recompiling the module!
[INFO] Compiling 2 source files to /home/travis/build/square/retrofit/retrofit-adapters/rxjava/target/test-classes
[INFO] 
[INFO] --- maven-surefire-plugin:2.12.4:test (default-test) @ adapter-rxjava ---
[INFO] Surefire report directory: /home/travis/build/square/retrofit/retrofit-adapters/rxjava/target/surefire-reports

-------------------------------------------------------
 T E S T S
-------------------------------------------------------
Running retrofit.ResultTest
Tests run: 4, Failures: 0, Errors: 0, Skipped: 0, Time elapsed: 0.211 sec
Running retrofit.ObservableCallAdapterFactoryTest
Jun 03, 2015 10:46:42 PM com.squareup.okhttp.mockwebserver.MockWebServer$2 execute
INFO: MockWebServer[48118] starting to accept connections
Jun 03, 2015 10:46:42 PM com.squareup.okhttp.mockwebserver.MockWebServer$3 processConnection
WARNING: MockWebServer[48118] connection from /127.0.0.1 didn't make a request
Jun 03, 2015 10:46:42 PM com.squareup.okhttp.mockwebserver.MockWebServer$2 acceptConnections
INFO: MockWebServer[48118] done accepting connections: Socket closed
Jun 03, 2015 10:46:42 PM com.squareup.okhttp.mockwebserver.MockWebServer$2 execute
INFO: MockWebServer[56190] starting to accept connections
Jun 03, 2015 10:46:42 PM com.squareup.okhttp.mockwebserver.MockWebServer$3 processOneRequest
INFO: MockWebServer[56190] received request: GET / HTTP/1.1 and responded: HTTP/1.1 200 OK
Jun 03, 2015 10:46:42 PM com.squareup.okhttp.mockwebserver.MockWebServer$2 acceptConnections
INFO: MockWebServer[56190] done accepting connections: Socket closed
Jun 03, 2015 10:46:42 PM com.squareup.okhttp.mockwebserver.MockWebServer$2 execute
INFO: MockWebServer[40304] starting to accept connections
Jun 03, 2015 10:46:42 PM com.squareup.okhttp.mockwebserver.MockWebServer$3 processOneRequest
INFO: MockWebServer[40304] received request: GET / HTTP/1.1 and responded: HTTP/1.1 404 OK
Jun 03, 2015 10:46:42 PM com.squareup.okhttp.mockwebserver.MockWebServer$2 acceptConnections
INFO: MockWebServer[40304] done accepting connections: Socket closed
Jun 03, 2015 10:46:42 PM com.squareup.okhttp.mockwebserver.MockWebServer$2 execute
INFO: MockWebServer[54154] starting to accept connections
Jun 03, 2015 10:46:42 PM com.squareup.okhttp.mockwebserver.MockWebServer$2 acceptConnections
INFO: MockWebServer[54154] done accepting connections: Socket is closed
Jun 03, 2015 10:46:42 PM com.squareup.okhttp.mockwebserver.MockWebServer$2 execute
INFO: MockWebServer[38612] starting to accept connections
Jun 03, 2015 10:46:42 PM com.squareup.okhttp.mockwebserver.MockWebServer$2 acceptConnections
INFO: MockWebServer[38612] done accepting connections: Socket closed
Jun 03, 2015 10:46:42 PM com.squareup.okhttp.mockwebserver.MockWebServer$3 processConnection
WARNING: MockWebServer[38612] connection from /127.0.0.1 didn't make a request
Jun 03, 2015 10:46:42 PM com.squareup.okhttp.mockwebserver.MockWebServer$2 execute
INFO: MockWebServer[59099] starting to accept connections
Jun 03, 2015 10:46:42 PM com.squareup.okhttp.mockwebserver.MockWebServer$2 acceptConnections
INFO: MockWebServer[59099] done accepting connections: Socket closed
Jun 03, 2015 10:46:42 PM com.squareup.okhttp.mockwebserver.MockWebServer$3 processOneRequest
INFO: MockWebServer[59099] received request: GET / HTTP/1.1 and responded: HTTP/1.1 200 OK
Jun 03, 2015 10:46:42 PM com.squareup.okhttp.mockwebserver.MockWebServer$2 execute
INFO: MockWebServer[34658] starting to accept connections
Jun 03, 2015 10:46:42 PM com.squareup.okhttp.mockwebserver.MockWebServer$2 acceptConnections
INFO: MockWebServer[34658] done accepting connections: Socket closed
Jun 03, 2015 10:46:42 PM com.squareup.okhttp.mockwebserver.MockWebServer$3 processOneRequest
INFO: MockWebServer[34658] received request: GET / HTTP/1.1 and responded: HTTP/1.1 404 OK
Jun 03, 2015 10:46:42 PM com.squareup.okhttp.mockwebserver.MockWebServer$2 execute
INFO: MockWebServer[54673] starting to accept connections
Jun 03, 2015 10:46:42 PM com.squareup.okhttp.mockwebserver.MockWebServer$3 processConnection
WARNING: MockWebServer[54673] connection from /127.0.0.1 didn't make a request
Jun 03, 2015 10:46:42 PM com.squareup.okhttp.mockwebserver.MockWebServer$2 acceptConnections
INFO: MockWebServer[54673] done accepting connections: Socket closed
Jun 03, 2015 10:46:42 PM com.squareup.okhttp.mockwebserver.MockWebServer$2 execute
INFO: MockWebServer[49466] starting to accept connections
Jun 03, 2015 10:46:42 PM com.squareup.okhttp.mockwebserver.MockWebServer$2 acceptConnections
INFO: MockWebServer[49466] done accepting connections: Socket is closed
Jun 03, 2015 10:46:42 PM com.squareup.okhttp.mockwebserver.MockWebServer$2 execute
INFO: MockWebServer[44092] starting to accept connections
Jun 03, 2015 10:46:42 PM com.squareup.okhttp.mockwebserver.MockWebServer$2 acceptConnections
INFO: MockWebServer[44092] done accepting connections: Socket closed
Jun 03, 2015 10:46:42 PM com.squareup.okhttp.mockwebserver.MockWebServer$2 execute
INFO: MockWebServer[45901] starting to accept connections
Jun 03, 2015 10:46:42 PM com.squareup.okhttp.mockwebserver.MockWebServer$3 processOneRequest
INFO: MockWebServer[45901] received request: GET / HTTP/1.1 and responded: HTTP/1.1 200 OK
Jun 03, 2015 10:46:42 PM com.squareup.okhttp.mockwebserver.MockWebServer$2 acceptConnections
INFO: MockWebServer[45901] done accepting connections: Socket closed
Jun 03, 2015 10:46:42 PM com.squareup.okhttp.mockwebserver.MockWebServer$2 execute
INFO: MockWebServer[42422] starting to accept connections
Jun 03, 2015 10:46:42 PM com.squareup.okhttp.mockwebserver.MockWebServer$2 acceptConnections
INFO: MockWebServer[42422] done accepting connections: Socket closed
Jun 03, 2015 10:46:42 PM com.squareup.okhttp.mockwebserver.MockWebServer$3 processOneRequest
INFO: MockWebServer[42422] received request: GET / HTTP/1.1 and responded: HTTP/1.1 404 OK
Jun 03, 2015 10:46:42 PM com.squareup.okhttp.mockwebserver.MockWebServer$2 execute
INFO: MockWebServer[51826] starting to accept connections
Jun 03, 2015 10:46:42 PM com.squareup.okhttp.mockwebserver.MockWebServer$2 acceptConnections
INFO: MockWebServer[51826] done accepting connections: Socket is closed
Tests run: 13, Failures: 0, Errors: 0, Skipped: 0, Time elapsed: 0.737 sec

Results :

Tests run: 17, Failures: 0, Errors: 0, Skipped: 0

[INFO]                                                                         
[INFO] ------------------------------------------------------------------------
[INFO] Building Converters 2.0.0-SNAPSHOT
[INFO] ------------------------------------------------------------------------
[INFO] 
[INFO] --- maven-enforcer-plugin:1.0:enforce (enforce-maven) @ retrofit-converters ---
[INFO]                                                                         
[INFO] ------------------------------------------------------------------------
[INFO] Building Converter: Gson 2.0.0-SNAPSHOT
[INFO] ------------------------------------------------------------------------
[INFO] 
[INFO] --- maven-enforcer-plugin:1.0:enforce (enforce-maven) @ converter-gson ---
[INFO] 
[INFO] --- maven-resources-plugin:2.6:resources (default-resources) @ converter-gson ---
[INFO] Using 'UTF-8' encoding to copy filtered resources.
[INFO] skip non existing resourceDirectory /home/travis/build/square/retrofit/retrofit-converters/gson/src/main/resources
[INFO] 
[INFO] --- maven-compiler-plugin:3.0:compile (default-compile) @ converter-gson ---
[INFO] Changes detected - recompiling the module!
[INFO] Compiling 1 source file to /home/travis/build/square/retrofit/retrofit-converters/gson/target/classes
[INFO] 
[INFO] --- maven-resources-plugin:2.6:testResources (default-testResources) @ converter-gson ---
[INFO] Using 'UTF-8' encoding to copy filtered resources.
[INFO] skip non existing resourceDirectory /home/travis/build/square/retrofit/retrofit-converters/gson/src/test/resources
[INFO] 
[INFO] --- maven-compiler-plugin:3.0:testCompile (default-testCompile) @ converter-gson ---
[INFO] Changes detected - recompiling the module!
[INFO] Compiling 1 source file to /home/travis/build/square/retrofit/retrofit-converters/gson/target/test-classes
[INFO] 
[INFO] --- maven-surefire-plugin:2.12.4:test (default-test) @ converter-gson ---
[INFO] Surefire report directory: /home/travis/build/square/retrofit/retrofit-converters/gson/target/surefire-reports

-------------------------------------------------------
 T E S T S
-------------------------------------------------------
Running retrofit.GsonConverterTest
Tests run: 3, Failures: 0, Errors: 0, Skipped: 0, Time elapsed: 0.379 sec

Results :

Tests run: 3, Failures: 0, Errors: 0, Skipped: 0

[INFO]                                                                         
[INFO] ------------------------------------------------------------------------
[INFO] Building Converter: Protocol Buffers 2.0.0-SNAPSHOT
[INFO] ------------------------------------------------------------------------
[INFO] 
[INFO] --- maven-enforcer-plugin:1.0:enforce (enforce-maven) @ converter-protobuf ---
[INFO] 
[INFO] --- maven-resources-plugin:2.6:resources (default-resources) @ converter-protobuf ---
[INFO] Using 'UTF-8' encoding to copy filtered resources.
[INFO] skip non existing resourceDirectory /home/travis/build/square/retrofit/retrofit-converters/protobuf/src/main/resources
[INFO] 
[INFO] --- maven-compiler-plugin:3.0:compile (default-compile) @ converter-protobuf ---
[INFO] Changes detected - recompiling the module!
[INFO] Compiling 1 source file to /home/travis/build/square/retrofit/retrofit-converters/protobuf/target/classes
[INFO] 
[INFO] --- maven-resources-plugin:2.6:testResources (default-testResources) @ converter-protobuf ---
[INFO] Using 'UTF-8' encoding to copy filtered resources.
[INFO] skip non existing resourceDirectory /home/travis/build/square/retrofit/retrofit-converters/protobuf/src/test/resources
[INFO] 
[INFO] --- maven-compiler-plugin:3.0:testCompile (default-testCompile) @ converter-protobuf ---
[INFO] Changes detected - recompiling the module!
[INFO] Compiling 2 source files to /home/travis/build/square/retrofit/retrofit-converters/protobuf/target/test-classes
[INFO] 
[INFO] --- maven-surefire-plugin:2.12.4:test (default-test) @ converter-protobuf ---
[INFO] Surefire report directory: /home/travis/build/square/retrofit/retrofit-converters/protobuf/target/surefire-reports

-------------------------------------------------------
 T E S T S
-------------------------------------------------------
Running retrofit.ProtoConverterTest
Tests run: 5, Failures: 0, Errors: 0, Skipped: 0, Time elapsed: 0.386 sec

Results :

Tests run: 5, Failures: 0, Errors: 0, Skipped: 0

[INFO]                                                                         
[INFO] ------------------------------------------------------------------------
[INFO] Building Converter: Jackson 2.0.0-SNAPSHOT
[INFO] ------------------------------------------------------------------------
[INFO] 
[INFO] --- maven-enforcer-plugin:1.0:enforce (enforce-maven) @ converter-jackson ---
[INFO] 
[INFO] --- maven-resources-plugin:2.6:resources (default-resources) @ converter-jackson ---
[INFO] Using 'UTF-8' encoding to copy filtered resources.
[INFO] skip non existing resourceDirectory /home/travis/build/square/retrofit/retrofit-converters/jackson/src/main/resources
[INFO] 
[INFO] --- maven-compiler-plugin:3.0:compile (default-compile) @ converter-jackson ---
[INFO] Changes detected - recompiling the module!
[INFO] Compiling 1 source file to /home/travis/build/square/retrofit/retrofit-converters/jackson/target/classes
[INFO] 
[INFO] --- maven-resources-plugin:2.6:testResources (default-testResources) @ converter-jackson ---
[INFO] Using 'UTF-8' encoding to copy filtered resources.
[INFO] skip non existing resourceDirectory /home/travis/build/square/retrofit/retrofit-converters/jackson/src/test/resources
[INFO] 
[INFO] --- maven-compiler-plugin:3.0:testCompile (default-testCompile) @ converter-jackson ---
[INFO] Changes detected - recompiling the module!
[INFO] Compiling 1 source file to /home/travis/build/square/retrofit/retrofit-converters/jackson/target/test-classes
[INFO] 
[INFO] --- maven-surefire-plugin:2.12.4:test (default-test) @ converter-jackson ---
[INFO] Surefire report directory: /home/travis/build/square/retrofit/retrofit-converters/jackson/target/surefire-reports

-------------------------------------------------------
 T E S T S
-------------------------------------------------------
Running retrofit.JacksonConverterTest
Tests run: 4, Failures: 0, Errors: 0, Skipped: 0, Time elapsed: 0.513 sec

Results :

Tests run: 4, Failures: 0, Errors: 0, Skipped: 0

[INFO]                                                                         
[INFO] ------------------------------------------------------------------------
[INFO] Building Converter: Wire Protocol Buffers 2.0.0-SNAPSHOT
[INFO] ------------------------------------------------------------------------
[INFO] 
[INFO] --- maven-enforcer-plugin:1.0:enforce (enforce-maven) @ converter-wire ---
[INFO] 
[INFO] --- maven-resources-plugin:2.6:resources (default-resources) @ converter-wire ---
[INFO] Using 'UTF-8' encoding to copy filtered resources.
[INFO] skip non existing resourceDirectory /home/travis/build/square/retrofit/retrofit-converters/wire/src/main/resources
[INFO] 
[INFO] --- maven-compiler-plugin:3.0:compile (default-compile) @ converter-wire ---
[INFO] Changes detected - recompiling the module!
[INFO] Compiling 1 source file to /home/travis/build/square/retrofit/retrofit-converters/wire/target/classes
[INFO] 
[INFO] --- maven-resources-plugin:2.6:testResources (default-testResources) @ converter-wire ---
[INFO] Using 'UTF-8' encoding to copy filtered resources.
[INFO] skip non existing resourceDirectory /home/travis/build/square/retrofit/retrofit-converters/wire/src/test/resources
[INFO] 
[INFO] --- maven-compiler-plugin:3.0:testCompile (default-testCompile) @ converter-wire ---
[INFO] Changes detected - recompiling the module!
[INFO] Compiling 2 source files to /home/travis/build/square/retrofit/retrofit-converters/wire/target/test-classes
[INFO] 
[INFO] --- maven-surefire-plugin:2.12.4:test (default-test) @ converter-wire ---
[INFO] Surefire report directory: /home/travis/build/square/retrofit/retrofit-converters/wire/target/surefire-reports

-------------------------------------------------------
 T E S T S
-------------------------------------------------------
Running retrofit.WireConverterTest
Tests run: 5, Failures: 0, Errors: 0, Skipped: 0, Time elapsed: 0.366 sec

Results :

Tests run: 5, Failures: 0, Errors: 0, Skipped: 0

[INFO]                                                                         
[INFO] ------------------------------------------------------------------------
[INFO] Building Converter: SimpleXML 2.0.0-SNAPSHOT
[INFO] ------------------------------------------------------------------------
[INFO] 
[INFO] --- maven-enforcer-plugin:1.0:enforce (enforce-maven) @ converter-simplexml ---
[INFO] 
[INFO] --- maven-resources-plugin:2.6:resources (default-resources) @ converter-simplexml ---
[INFO] Using 'UTF-8' encoding to copy filtered resources.
[INFO] skip non existing resourceDirectory /home/travis/build/square/retrofit/retrofit-converters/simplexml/src/main/resources
[INFO] 
[INFO] --- maven-compiler-plugin:3.0:compile (default-compile) @ converter-simplexml ---
[INFO] Changes detected - recompiling the module!
[INFO] Compiling 1 source file to /home/travis/build/square/retrofit/retrofit-converters/simplexml/target/classes
[INFO] 
[INFO] --- maven-resources-plugin:2.6:testResources (default-testResources) @ converter-simplexml ---
[INFO] Using 'UTF-8' encoding to copy filtered resources.
[INFO] skip non existing resourceDirectory /home/travis/build/square/retrofit/retrofit-converters/simplexml/src/test/resources
[INFO] 
[INFO] --- maven-compiler-plugin:3.0:testCompile (default-testCompile) @ converter-simplexml ---
[INFO] Changes detected - recompiling the module!
[INFO] Compiling 1 source file to /home/travis/build/square/retrofit/retrofit-converters/simplexml/target/test-classes
[INFO] 
[INFO] --- maven-surefire-plugin:2.12.4:test (default-test) @ converter-simplexml ---
[INFO] Surefire report directory: /home/travis/build/square/retrofit/retrofit-converters/simplexml/target/surefire-reports

-------------------------------------------------------
 T E S T S
-------------------------------------------------------
Running retrofit.SimpleXmlConverterTest
Tests run: 4, Failures: 0, Errors: 0, Skipped: 0, Time elapsed: 0.507 sec

Results :

Tests run: 4, Failures: 0, Errors: 0, Skipped: 0

[INFO]                                                                         
[INFO] ------------------------------------------------------------------------
[INFO] Building Samples 2.0.0-SNAPSHOT
[INFO] ------------------------------------------------------------------------
[INFO] 
[INFO] --- maven-enforcer-plugin:1.0:enforce (enforce-maven) @ samples ---
[INFO] 
[INFO] --- maven-resources-plugin:2.6:resources (default-resources) @ samples ---
[INFO] Using 'UTF-8' encoding to copy filtered resources.
[INFO] skip non existing resourceDirectory /home/travis/build/square/retrofit/samples/src/main/resources
[INFO] 
[INFO] --- maven-compiler-plugin:3.0:compile (default-compile) @ samples ---
[INFO] Changes detected - recompiling the module!
[INFO] Compiling 2 source files to /home/travis/build/square/retrofit/samples/target/classes
[INFO] 
[INFO] --- maven-resources-plugin:2.6:testResources (default-testResources) @ samples ---
[INFO] Using 'UTF-8' encoding to copy filtered resources.
[INFO] skip non existing resourceDirectory /home/travis/build/square/retrofit/samples/src/test/resources
[INFO] 
[INFO] --- maven-compiler-plugin:3.0:testCompile (default-testCompile) @ samples ---
[INFO] No sources to compile
[INFO] 
[INFO] --- maven-surefire-plugin:2.12.4:test (default-test) @ samples ---
[INFO] No tests to run.
[INFO] ------------------------------------------------------------------------
[INFO] Reactor Summary:
[INFO] 
[INFO] Retrofit (Parent) .................................. SUCCESS [  0.798 s]
[INFO] Retrofit ........................................... SUCCESS [  9.060 s]
[INFO] Adapters ........................................... SUCCESS [  0.002 s]
[INFO] Adapter: RxJava .................................... SUCCESS [  2.058 s]
[INFO] Converters ......................................... SUCCESS [  0.002 s]
[INFO] Converter: Gson .................................... SUCCESS [  1.322 s]
[INFO] Converter: Protocol Buffers ........................ SUCCESS [  0.926 s]
[INFO] Converter: Jackson ................................. SUCCESS [  0.927 s]
[INFO] Converter: Wire Protocol Buffers ................... SUCCESS [  0.905 s]
[INFO] Converter: SimpleXML ............................... SUCCESS [  1.234 s]
[INFO] Samples ............................................ SUCCESS [  0.177 s]
[INFO] ------------------------------------------------------------------------
[INFO] BUILD SUCCESS
[INFO] ------------------------------------------------------------------------
[INFO] Total time: 17.865 s
[INFO] Finished at: 2015-06-03T22:46:48+00:00
[INFO] Final Memory: 27M/361M
[INFO] ------------------------------------------------------------------------
travis_time:end:10b62b3e:start=1433371588314999634,finish=1433371608656009532,duration=20341009898[0K
[32;1mThe command "mvn test -B" exited with 0.[0m
travis_fold:start:cache.2[0Kstore build cache
travis_time:start:0007fb90[0Kchange detected: /home/travis/.m2/repository/com/squareup/retrofit/parent/2.0.0-SNAPSHOT/_remote.repositories
changes detected, packing new archive
uploading archive
travis_time:end:0007fb90:start=1433371608660541869,finish=1433371618859294423,duration=10198752554[0Ktravis_fold:end:cache.2[0Ktravis_fold:start:after_success[0Ktravis_time:start:0b773e3f[0K$ .buildscript/deploy_snapshot.sh
Skipping snapshot deployment: was pull request.
travis_time:end:0b773e3f:start=1433371618863897199,finish=1433371618869173879,duration=5276680[0Ktravis_fold:end:after_success[0K
Done. Your build exited with 0.
