Using worker: worker-linux-docker-698c5280.prod.travis-ci.org:travis-linux-1

travis_fold:start:system_info[0K[33;1mBuild system information[0m
Build language: java
[34m[1mBuild image provisioning date and time[0m
Thu Feb  5 15:09:33 UTC 2015
[34m[1mOperating System Details[0m
Distributor ID:	Ubuntu
Description:	Ubuntu 12.04.5 LTS
Release:	12.04
Codename:	precise
[34m[1mLinux Version[0m
3.13.0-29-generic
[34m[1mCookbooks Version[0m
a68419e https://github.com/travis-ci/travis-cookbooks/tree/a68419e
[34m[1mGCC version[0m
gcc (Ubuntu/Linaro 4.6.3-1ubuntu5) 4.6.3
Copyright (C) 2011 Free Software Foundation, Inc.
This is free software; see the source for copying conditions.  There is NO
warranty; not even for MERCHANTABILITY or FITNESS FOR A PARTICULAR PURPOSE.

[34m[1mLLVM version[0m
clang version 3.4 (tags/RELEASE_34/final)
Target: x86_64-unknown-linux-gnu
Thread model: posix
[34m[1mPre-installed Ruby versions[0m
ruby-1.9.3-p551
[34m[1mPre-installed Node.js versions[0m
v0.10.36
[34m[1mPre-installed Go versions[0m
1.4.1
[34m[1mRedis version[0m
redis-server 2.8.19
[34m[1mriak version[0m
2.0.2
[34m[1mMongoDB version[0m
MongoDB 2.4.12
[34m[1mCouchDB version[0m
couchdb 1.6.1
[34m[1mNeo4j version[0m
1.9.4
[34m[1mRabbitMQ Version[0m
3.4.3
[34m[1mElasticSearch version[0m
1.4.0
[34m[1mInstalled Sphinx versions[0m
2.0.10
2.1.9
2.2.6
[34m[1mDefault Sphinx version[0m
2.2.6
[34m[1mInstalled Firefox version[0m
firefox 31.0esr
[34m[1mPhantomJS version[0m
1.9.8
[34m[1mant -version[0m
Apache Ant(TM) version 1.8.2 compiled on December 3 2011
[34m[1mmvn -version[0m
Apache Maven 3.2.5 (12a6b3acb947671f09b81f49094c53f426d8cea1; 2014-12-14T17:29:23+00:00)
Maven home: /usr/local/maven
Java version: 1.7.0_76, vendor: Oracle Corporation
Java home: /usr/lib/jvm/java-7-oracle/jre
Default locale: en_US, platform encoding: ANSI_X3.4-1968
OS name: "linux", version: "3.13.0-29-generic", arch: "amd64", family: "unix"
travis_fold:end:system_info[0K
travis_fold:start:git.checkout[0Ktravis_time:start:0e993d0a[0K$ git clone --depth=50 --branch=master git://github.com/square/retrofit.git square/retrofit
Cloning into 'square/retrofit'...
remote: Counting objects: 1596, done.[K
remote: Compressing objects:   0% (1/850)   [Kremote: Compressing objects:   1% (9/850)   [Kremote: Compressing objects:   2% (17/850)   [Kremote: Compressing objects:   3% (26/850)   [Kremote: Compressing objects:   4% (34/850)   [Kremote: Compressing objects:   5% (43/850)   [Kremote: Compressing objects:   6% (51/850)   [Kremote: Compressing objects:   7% (60/850)   [Kremote: Compressing objects:   8% (68/850)   [Kremote: Compressing objects:   9% (77/850)   [Kremote: Compressing objects:  10% (85/850)   [Kremote: Compressing objects:  11% (94/850)   [Kremote: Compressing objects:  12% (102/850)   [Kremote: Compressing objects:  13% (111/850)   [Kremote: Compressing objects:  14% (119/850)   [Kremote: Compressing objects:  15% (128/850)   [Kremote: Compressing objects:  16% (136/850)   [Kremote: Compressing objects:  17% (145/850)   [Kremote: Compressing objects:  18% (153/850)   [Kremote: Compressing objects:  19% (162/850)   [Kremote: Compressing objects:  20% (170/850)   [Kremote: Compressing objects:  21% (179/850)   [Kremote: Compressing objects:  22% (187/850)   [Kremote: Compressing objects:  23% (196/850)   [Kremote: Compressing objects:  24% (204/850)   [Kremote: Compressing objects:  25% (213/850)   [Kremote: Compressing objects:  26% (221/850)   [Kremote: Compressing objects:  27% (230/850)   [Kremote: Compressing objects:  28% (238/850)   [Kremote: Compressing objects:  29% (247/850)   [Kremote: Compressing objects:  30% (255/850)   [Kremote: Compressing objects:  31% (264/850)   [Kremote: Compressing objects:  32% (272/850)   [Kremote: Compressing objects:  33% (281/850)   [Kremote: Compressing objects:  34% (289/850)   [Kremote: Compressing objects:  35% (298/850)   [Kremote: Compressing objects:  36% (306/850)   [Kremote: Compressing objects:  37% (315/850)   [Kremote: Compressing objects:  38% (323/850)   [Kremote: Compressing objects:  39% (332/850)   [Kremote: Compressing objects:  40% (340/850)   [Kremote: Compressing objects:  41% (349/850)   [Kremote: Compressing objects:  42% (357/850)   [Kremote: Compressing objects:  43% (366/850)   [Kremote: Compressing objects:  44% (374/850)   [Kremote: Compressing objects:  45% (383/850)   [Kremote: Compressing objects:  46% (391/850)   [Kremote: Compressing objects:  47% (400/850)   [Kremote: Compressing objects:  48% (408/850)   [Kremote: Compressing objects:  49% (417/850)   [Kremote: Compressing objects:  50% (425/850)   [Kremote: Compressing objects:  51% (434/850)   [Kremote: Compressing objects:  52% (442/850)   [Kremote: Compressing objects:  53% (451/850)   [Kremote: Compressing objects:  54% (459/850)   [Kremote: Compressing objects:  55% (468/850)   [Kremote: Compressing objects:  56% (476/850)   [Kremote: Compressing objects:  57% (485/850)   [Kremote: Compressing objects:  58% (493/850)   [Kremote: Compressing objects:  59% (502/850)   [Kremote: Compressing objects:  60% (510/850)   [Kremote: Compressing objects:  61% (519/850)   [Kremote: Compressing objects:  62% (527/850)   [Kremote: Compressing objects:  63% (536/850)   [Kremote: Compressing objects:  64% (544/850)   [Kremote: Compressing objects:  65% (553/850)   [Kremote: Compressing objects:  66% (561/850)   [Kremote: Compressing objects:  67% (570/850)   [Kremote: Compressing objects:  68% (578/850)   [Kremote: Compressing objects:  69% (587/850)   [Kremote: Compressing objects:  70% (595/850)   [Kremote: Compressing objects:  71% (604/850)   [Kremote: Compressing objects:  72% (612/850)   [Kremote: Compressing objects:  73% (621/850)   [Kremote: Compressing objects:  74% (629/850)   [Kremote: Compressing objects:  75% (638/850)   [Kremote: Compressing objects:  76% (646/850)   [Kremote: Compressing objects:  77% (655/850)   [Kremote: Compressing objects:  78% (663/850)   [Kremote: Compressing objects:  79% (672/850)   [Kremote: Compressing objects:  80% (680/850)   [Kremote: Compressing objects:  81% (689/850)   [Kremote: Compressing objects:  82% (697/850)   [Kremote: Compressing objects:  83% (706/850)   [Kremote: Compressing objects:  84% (714/850)   [Kremote: Compressing objects:  85% (723/850)   [Kremote: Compressing objects:  86% (731/850)   [Kremote: Compressing objects:  87% (740/850)   [Kremote: Compressing objects:  88% (748/850)   [Kremote: Compressing objects:  89% (757/850)   [Kremote: Compressing objects:  90% (765/850)   [Kremote: Compressing objects:  91% (774/850)   [Kremote: Compressing objects:  92% (782/850)   [Kremote: Compressing objects:  93% (791/850)   [Kremote: Compressing objects:  94% (799/850)   [Kremote: Compressing objects:  95% (808/850)   [Kremote: Compressing objects:  96% (816/850)   [Kremote: Compressing objects:  97% (825/850)   [Kremote: Compressing objects:  98% (833/850)   [Kremote: Compressing objects:  99% (842/850)   [Kremote: Compressing objects: 100% (850/850)   [Kremote: Compressing objects: 100% (850/850), done.[K
Receiving objects:   0% (1/1596)   Receiving objects:   1% (16/1596)   Receiving objects:   2% (32/1596)   Receiving objects:   3% (48/1596)   Receiving objects:   4% (64/1596)   Receiving objects:   5% (80/1596)   Receiving objects:   6% (96/1596)   Receiving objects:   7% (112/1596)   Receiving objects:   8% (128/1596)   Receiving objects:   9% (144/1596)   Receiving objects:  10% (160/1596)   Receiving objects:  11% (176/1596)   Receiving objects:  12% (192/1596)   Receiving objects:  13% (208/1596)   Receiving objects:  14% (224/1596)   Receiving objects:  15% (240/1596)   Receiving objects:  16% (256/1596)   Receiving objects:  17% (272/1596)   Receiving objects:  18% (288/1596)   Receiving objects:  19% (304/1596)   Receiving objects:  20% (320/1596)   Receiving objects:  21% (336/1596)   Receiving objects:  22% (352/1596)   Receiving objects:  23% (368/1596)   Receiving objects:  24% (384/1596)   Receiving objects:  25% (399/1596)   Receiving objects:  26% (415/1596)   Receiving objects:  27% (431/1596)   Receiving objects:  28% (447/1596)   Receiving objects:  29% (463/1596)   Receiving objects:  30% (479/1596)   Receiving objects:  31% (495/1596)   Receiving objects:  32% (511/1596)   Receiving objects:  33% (527/1596)   Receiving objects:  34% (543/1596)   Receiving objects:  35% (559/1596)   Receiving objects:  36% (575/1596)   Receiving objects:  37% (591/1596)   Receiving objects:  38% (607/1596)   Receiving objects:  39% (623/1596)   Receiving objects:  40% (639/1596)   Receiving objects:  41% (655/1596)   Receiving objects:  42% (671/1596)   Receiving objects:  43% (687/1596)   Receiving objects:  44% (703/1596)   Receiving objects:  45% (719/1596)   Receiving objects:  46% (735/1596)   Receiving objects:  47% (751/1596)   Receiving objects:  48% (767/1596)   Receiving objects:  49% (783/1596)   Receiving objects:  50% (798/1596)   Receiving objects:  51% (814/1596)   Receiving objects:  52% (830/1596)   Receiving objects:  53% (846/1596)   Receiving objects:  54% (862/1596)   Receiving objects:  55% (878/1596)   Receiving objects:  56% (894/1596)   Receiving objects:  57% (910/1596)   Receiving objects:  58% (926/1596)   Receiving objects:  59% (942/1596)   Receiving objects:  60% (958/1596)   Receiving objects:  61% (974/1596)   Receiving objects:  62% (990/1596)   remote: Total 1596 (delta 567), reused 1270 (delta 314), pack-reused 0[K
Receiving objects:  63% (1006/1596)   Receiving objects:  64% (1022/1596)   Receiving objects:  65% (1038/1596)   Receiving objects:  66% (1054/1596)   Receiving objects:  67% (1070/1596)   Receiving objects:  68% (1086/1596)   Receiving objects:  69% (1102/1596)   Receiving objects:  70% (1118/1596)   Receiving objects:  71% (1134/1596)   Receiving objects:  72% (1150/1596)   Receiving objects:  73% (1166/1596)   Receiving objects:  74% (1182/1596)   Receiving objects:  75% (1197/1596)   Receiving objects:  76% (1213/1596)   Receiving objects:  77% (1229/1596)   Receiving objects:  78% (1245/1596)   Receiving objects:  79% (1261/1596)   Receiving objects:  80% (1277/1596)   Receiving objects:  81% (1293/1596)   Receiving objects:  82% (1309/1596)   Receiving objects:  83% (1325/1596)   Receiving objects:  84% (1341/1596)   Receiving objects:  85% (1357/1596)   Receiving objects:  86% (1373/1596)   Receiving objects:  87% (1389/1596)   Receiving objects:  88% (1405/1596)   Receiving objects:  89% (1421/1596)   Receiving objects:  90% (1437/1596)   Receiving objects:  91% (1453/1596)   Receiving objects:  92% (1469/1596)   Receiving objects:  93% (1485/1596)   Receiving objects:  94% (1501/1596)   Receiving objects:  95% (1517/1596)   Receiving objects:  96% (1533/1596)   Receiving objects:  97% (1549/1596)   Receiving objects:  98% (1565/1596)   Receiving objects:  99% (1581/1596)   Receiving objects: 100% (1596/1596)   Receiving objects: 100% (1596/1596), 375.49 KiB | 0 bytes/s, done.
Resolving deltas:   0% (0/567)   Resolving deltas:   8% (51/567)   Resolving deltas:   9% (52/567)   Resolving deltas:  10% (58/567)   Resolving deltas:  13% (75/567)   Resolving deltas:  16% (96/567)   Resolving deltas:  23% (134/567)   Resolving deltas:  24% (141/567)   Resolving deltas:  25% (142/567)   Resolving deltas:  26% (150/567)   Resolving deltas:  27% (154/567)   Resolving deltas:  28% (161/567)   Resolving deltas:  29% (170/567)   Resolving deltas:  30% (171/567)   Resolving deltas:  31% (180/567)   Resolving deltas:  33% (188/567)   Resolving deltas:  34% (195/567)   Resolving deltas:  35% (199/567)   Resolving deltas:  36% (209/567)   Resolving deltas:  38% (218/567)   Resolving deltas:  39% (224/567)   Resolving deltas:  40% (228/567)   Resolving deltas:  41% (236/567)   Resolving deltas:  42% (240/567)   Resolving deltas:  46% (261/567)   Resolving deltas:  47% (271/567)   Resolving deltas:  48% (277/567)   Resolving deltas:  49% (278/567)   Resolving deltas:  50% (286/567)   Resolving deltas:  51% (293/567)   Resolving deltas:  52% (295/567)   Resolving deltas:  53% (303/567)   Resolving deltas:  56% (318/567)   Resolving deltas:  57% (327/567)   Resolving deltas:  58% (330/567)   Resolving deltas:  59% (339/567)   Resolving deltas:  62% (355/567)   Resolving deltas:  63% (359/567)   Resolving deltas:  64% (365/567)   Resolving deltas:  65% (369/567)   Resolving deltas:  66% (375/567)   Resolving deltas:  67% (380/567)   Resolving deltas:  68% (386/567)   Resolving deltas:  69% (392/567)   Resolving deltas:  70% (397/567)   Resolving deltas:  74% (423/567)   Resolving deltas:  75% (426/567)   Resolving deltas:  76% (431/567)   Resolving deltas:  77% (437/567)   Resolving deltas:  78% (446/567)   Resolving deltas:  79% (448/567)   Resolving deltas:  80% (454/567)   Resolving deltas:  81% (460/567)   Resolving deltas:  82% (465/567)   Resolving deltas:  83% (476/567)   Resolving deltas:  84% (477/567)   Resolving deltas:  85% (485/567)   Resolving deltas:  86% (491/567)   Resolving deltas:  87% (495/567)   Resolving deltas:  88% (499/567)   Resolving deltas:  89% (506/567)   Resolving deltas:  90% (511/567)   Resolving deltas:  91% (518/567)   Resolving deltas:  92% (522/567)   Resolving deltas:  93% (529/567)   Resolving deltas:  95% (539/567)   Resolving deltas:  97% (552/567)   Resolving deltas:  98% (556/567)   Resolving deltas: 100% (567/567)   Resolving deltas: 100% (567/567), done.
Checking connectivity... done.
travis_time:end:0e993d0a:start=1433526178568716295,finish=1433526178911701520,duration=342985225[0K$ cd square/retrofit
$ git checkout -qf 2b86c093ccfca1dd91394b331840613c2c3c2215
travis_fold:end:git.checkout[0K
[33;1mThis job is running on container-based infrastructure, which does not allow use of 'sudo', setuid and setguid executables.[0m
[33;1mIf you require sudo, add 'sudo: required' to your .travis.yml[0m
[33;1mSee http://docs.travis-ci.com/user/workers/container-based-infrastructure/ for details.[0m

[33;1mSetting environment variables from .travis.yml[0m
$ export CI_DEPLOY_USERNAME=[secure]
$ export CI_DEPLOY_PASSWORD=[secure]

travis_fold:start:cache.1[0KSetting up build cache
$ export CASHER_DIR=$HOME/.casher
travis_time:start:32bd3c74[0K$ Installing caching utilities
travis_time:end:32bd3c74:start=1433526184063506066,finish=1433526184475051124,duration=411545058[0Ktravis_time:start:30044a43[0Kattempting to download cache archive
fetching master/cache--jdk-oraclejdk8.tbz
found cache
travis_time:end:30044a43:start=1433526184479437817,finish=1433526185636544917,duration=1157107100[0Ktravis_time:start:0643e417[0Kadding /home/travis/.m2 to cache
travis_time:end:0643e417:start=1433526185640722533,finish=1433526190062048857,duration=4421326324[0Ktravis_fold:end:cache.1[0K$ jdk_switcher use oraclejdk8
Switching to Oracle JDK8 (java-8-oracle), JAVA_HOME will be set to /usr/lib/jvm/java-8-oracle
$ java -Xmx32m -version
java version "1.8.0_31"
Java(TM) SE Runtime Environment (build 1.8.0_31-b13)
Java HotSpot(TM) 64-Bit Server VM (build 25.31-b07, mixed mode)
$ javac -J-Xmx32m -version
javac 1.8.0_31
travis_fold:start:install[0Ktravis_time:start:05f01b1c[0K$ mvn install -DskipTests=true -Dmaven.javadoc.skip=true -B -V
Java HotSpot(TM) 64-Bit Server VM warning: ignoring option MaxPermSize=192m; support was removed in 8.0
Apache Maven 3.2.5 (12a6b3acb947671f09b81f49094c53f426d8cea1; 2014-12-14T17:29:23+00:00)
Maven home: /usr/local/maven
Java version: 1.8.0_31, vendor: Oracle Corporation
Java home: /usr/lib/jvm/java-8-oracle/jre
Default locale: en_US, platform encoding: UTF-8
OS name: "linux", version: "3.13.0-40-generic", arch: "amd64", family: "unix"
[INFO] Scanning for projects...
[WARNING] 
[WARNING] Some problems were encountered while building the effective model for com.squareup.retrofit:samples:jar:2.0.0-SNAPSHOT
[WARNING] 'build.plugins.plugin.version' for org.apache.maven.plugins:maven-deploy-plugin is missing. @ com.squareup.retrofit:samples:[unknown-version], /home/travis/build/square/retrofit/samples/pom.xml, line 36, column 15
[WARNING] 
[WARNING] It is highly recommended to fix these problems because they threaten the stability of your build.
[WARNING] 
[WARNING] For this reason, future Maven versions might no longer support building such malformed projects.
[WARNING] 
[INFO] ------------------------------------------------------------------------
[INFO] Reactor Build Order:
[INFO] 
[INFO] Retrofit (Parent)
[INFO] Retrofit
[INFO] Adapters
[INFO] Adapter: RxJava
[INFO] Converters
[INFO] Converter: Gson
[INFO] Converter: Protocol Buffers
[INFO] Converter: Jackson
[INFO] Converter: Wire Protocol Buffers
[INFO] Converter: SimpleXML
[INFO] Samples
[INFO]                                                                         
[INFO] ------------------------------------------------------------------------
[INFO] Building Retrofit (Parent) 2.0.0-SNAPSHOT
[INFO] ------------------------------------------------------------------------
[INFO] 
[INFO] --- maven-enforcer-plugin:1.0:enforce (enforce-maven) @ parent ---
[INFO] 
[INFO] --- maven-checkstyle-plugin:2.15:checkstyle (default) @ parent ---
[INFO] 
[INFO] --- maven-install-plugin:2.4:install (default-install) @ parent ---
[INFO] Installing /home/travis/build/square/retrofit/pom.xml to /home/travis/.m2/repository/com/squareup/retrofit/parent/2.0.0-SNAPSHOT/parent-2.0.0-SNAPSHOT.pom
[INFO]                                                                         
[INFO] ------------------------------------------------------------------------
[INFO] Building Retrofit 2.0.0-SNAPSHOT
[INFO] ------------------------------------------------------------------------
[INFO] 
[INFO] --- maven-enforcer-plugin:1.0:enforce (enforce-maven) @ retrofit ---
[INFO] 
[INFO] --- maven-resources-plugin:2.6:resources (default-resources) @ retrofit ---
[INFO] Using 'UTF-8' encoding to copy filtered resources.
[INFO] skip non existing resourceDirectory /home/travis/build/square/retrofit/retrofit/src/main/resources
[INFO] 
[INFO] --- maven-compiler-plugin:3.0:compile (default-compile) @ retrofit ---
[INFO] Changes detected - recompiling the module!
[INFO] Compiling 36 source files to /home/travis/build/square/retrofit/retrofit/target/classes
[WARNING] /home/travis/build/square/retrofit/retrofit/src/main/java/retrofit/RestAdapter.java: Some input files use unchecked or unsafe operations.
[WARNING] /home/travis/build/square/retrofit/retrofit/src/main/java/retrofit/RestAdapter.java: Recompile with -Xlint:unchecked for details.
[INFO] 
[INFO] --- maven-resources-plugin:2.6:testResources (default-testResources) @ retrofit ---
[INFO] Using 'UTF-8' encoding to copy filtered resources.
[INFO] skip non existing resourceDirectory /home/travis/build/square/retrofit/retrofit/src/test/resources
[INFO] 
[INFO] --- maven-compiler-plugin:3.0:testCompile (default-testCompile) @ retrofit ---
[INFO] Changes detected - recompiling the module!
[INFO] Compiling 8 source files to /home/travis/build/square/retrofit/retrofit/target/test-classes
[WARNING] /home/travis/build/square/retrofit/retrofit/src/test/java/retrofit/DefaultCallAdapterFactoryTest.java: /home/travis/build/square/retrofit/retrofit/src/test/java/retrofit/DefaultCallAdapterFactoryTest.java uses unchecked or unsafe operations.
[WARNING] /home/travis/build/square/retrofit/retrofit/src/test/java/retrofit/DefaultCallAdapterFactoryTest.java: Recompile with -Xlint:unchecked for details.
[INFO] 
[INFO] --- maven-surefire-plugin:2.12.4:test (default-test) @ retrofit ---
[INFO] Tests are skipped.
[INFO] 
[INFO] --- maven-jar-plugin:2.4:jar (default-jar) @ retrofit ---
[INFO] Building jar: /home/travis/build/square/retrofit/retrofit/target/retrofit-2.0.0-SNAPSHOT.jar
[INFO] 
[INFO] --- maven-checkstyle-plugin:2.15:checkstyle (default) @ retrofit ---
[INFO] Starting audit...
Audit done.
[WARNING] Unable to locate Source XRef to link to - DISABLED
[INFO] 
[INFO] --- maven-install-plugin:2.4:install (default-install) @ retrofit ---
[INFO] Installing /home/travis/build/square/retrofit/retrofit/target/retrofit-2.0.0-SNAPSHOT.jar to /home/travis/.m2/repository/com/squareup/retrofit/retrofit/2.0.0-SNAPSHOT/retrofit-2.0.0-SNAPSHOT.jar
[INFO] Installing /home/travis/build/square/retrofit/retrofit/pom.xml to /home/travis/.m2/repository/com/squareup/retrofit/retrofit/2.0.0-SNAPSHOT/retrofit-2.0.0-SNAPSHOT.pom
[INFO]                                                                         
[INFO] ------------------------------------------------------------------------
[INFO] Building Adapters 2.0.0-SNAPSHOT
[INFO] ------------------------------------------------------------------------
[INFO] 
[INFO] --- maven-enforcer-plugin:1.0:enforce (enforce-maven) @ retrofit-adapters ---
[INFO] 
[INFO] --- maven-checkstyle-plugin:2.15:checkstyle (default) @ retrofit-adapters ---
[INFO] 
[INFO] --- maven-install-plugin:2.4:install (default-install) @ retrofit-adapters ---
[INFO] Installing /home/travis/build/square/retrofit/retrofit-adapters/pom.xml to /home/travis/.m2/repository/com/squareup/retrofit/retrofit-adapters/2.0.0-SNAPSHOT/retrofit-adapters-2.0.0-SNAPSHOT.pom
[INFO]                                                                         
[INFO] ------------------------------------------------------------------------
[INFO] Building Adapter: RxJava 2.0.0-SNAPSHOT
[INFO] ------------------------------------------------------------------------
[INFO] 
[INFO] --- maven-enforcer-plugin:1.0:enforce (enforce-maven) @ adapter-rxjava ---
[INFO] 
[INFO] --- maven-resources-plugin:2.6:resources (default-resources) @ adapter-rxjava ---
[INFO] Using 'UTF-8' encoding to copy filtered resources.
[INFO] skip non existing resourceDirectory /home/travis/build/square/retrofit/retrofit-adapters/rxjava/src/main/resources
[INFO] 
[INFO] --- maven-compiler-plugin:3.0:compile (default-compile) @ adapter-rxjava ---
[INFO] Changes detected - recompiling the module!
[INFO] Compiling 2 source files to /home/travis/build/square/retrofit/retrofit-adapters/rxjava/target/classes
[INFO] 
[INFO] --- maven-resources-plugin:2.6:testResources (default-testResources) @ adapter-rxjava ---
[INFO] Using 'UTF-8' encoding to copy filtered resources.
[INFO] skip non existing resourceDirectory /home/travis/build/square/retrofit/retrofit-adapters/rxjava/src/test/resources
[INFO] 
[INFO] --- maven-compiler-plugin:3.0:testCompile (default-testCompile) @ adapter-rxjava ---
[INFO] Changes detected - recompiling the module!
[INFO] Compiling 2 source files to /home/travis/build/square/retrofit/retrofit-adapters/rxjava/target/test-classes
[INFO] 
[INFO] --- maven-surefire-plugin:2.12.4:test (default-test) @ adapter-rxjava ---
[INFO] Tests are skipped.
[INFO] 
[INFO] --- maven-jar-plugin:2.4:jar (default-jar) @ adapter-rxjava ---
[INFO] Building jar: /home/travis/build/square/retrofit/retrofit-adapters/rxjava/target/adapter-rxjava-2.0.0-SNAPSHOT.jar
[INFO] 
[INFO] --- maven-checkstyle-plugin:2.15:checkstyle (default) @ adapter-rxjava ---
[INFO] Starting audit...
Audit done.
[WARNING] Unable to locate Source XRef to link to - DISABLED
[INFO] 
[INFO] --- maven-install-plugin:2.4:install (default-install) @ adapter-rxjava ---
[INFO] Installing /home/travis/build/square/retrofit/retrofit-adapters/rxjava/target/adapter-rxjava-2.0.0-SNAPSHOT.jar to /home/travis/.m2/repository/com/squareup/retrofit/adapter-rxjava/2.0.0-SNAPSHOT/adapter-rxjava-2.0.0-SNAPSHOT.jar
[INFO] Installing /home/travis/build/square/retrofit/retrofit-adapters/rxjava/pom.xml to /home/travis/.m2/repository/com/squareup/retrofit/adapter-rxjava/2.0.0-SNAPSHOT/adapter-rxjava-2.0.0-SNAPSHOT.pom
[INFO]                                                                         
[INFO] ------------------------------------------------------------------------
[INFO] Building Converters 2.0.0-SNAPSHOT
[INFO] ------------------------------------------------------------------------
[INFO] 
[INFO] --- maven-enforcer-plugin:1.0:enforce (enforce-maven) @ retrofit-converters ---
[INFO] 
[INFO] --- maven-checkstyle-plugin:2.15:checkstyle (default) @ retrofit-converters ---
[INFO] 
[INFO] --- maven-install-plugin:2.4:install (default-install) @ retrofit-converters ---
[INFO] Installing /home/travis/build/square/retrofit/retrofit-converters/pom.xml to /home/travis/.m2/repository/com/squareup/retrofit/retrofit-converters/2.0.0-SNAPSHOT/retrofit-converters-2.0.0-SNAPSHOT.pom
[INFO]                                                                         
[INFO] ------------------------------------------------------------------------
[INFO] Building Converter: Gson 2.0.0-SNAPSHOT
[INFO] ------------------------------------------------------------------------
[INFO] 
[INFO] --- maven-enforcer-plugin:1.0:enforce (enforce-maven) @ converter-gson ---
[INFO] 
[INFO] --- maven-resources-plugin:2.6:resources (default-resources) @ converter-gson ---
[INFO] Using 'UTF-8' encoding to copy filtered resources.
[INFO] skip non existing resourceDirectory /home/travis/build/square/retrofit/retrofit-converters/gson/src/main/resources
[INFO] 
[INFO] --- maven-compiler-plugin:3.0:compile (default-compile) @ converter-gson ---
[INFO] Changes detected - recompiling the module!
[INFO] Compiling 1 source file to /home/travis/build/square/retrofit/retrofit-converters/gson/target/classes
[INFO] 
[INFO] --- maven-resources-plugin:2.6:testResources (default-testResources) @ converter-gson ---
[INFO] Using 'UTF-8' encoding to copy filtered resources.
[INFO] skip non existing resourceDirectory /home/travis/build/square/retrofit/retrofit-converters/gson/src/test/resources
[INFO] 
[INFO] --- maven-compiler-plugin:3.0:testCompile (default-testCompile) @ converter-gson ---
[INFO] Changes detected - recompiling the module!
[INFO] Compiling 1 source file to /home/travis/build/square/retrofit/retrofit-converters/gson/target/test-classes
[INFO] 
[INFO] --- maven-surefire-plugin:2.12.4:test (default-test) @ converter-gson ---
[INFO] Tests are skipped.
[INFO] 
[INFO] --- maven-jar-plugin:2.4:jar (default-jar) @ converter-gson ---
[INFO] Building jar: /home/travis/build/square/retrofit/retrofit-converters/gson/target/converter-gson-2.0.0-SNAPSHOT.jar
[INFO] 
[INFO] --- maven-checkstyle-plugin:2.15:checkstyle (default) @ converter-gson ---
[INFO] Starting audit...
Audit done.
[WARNING] Unable to locate Source XRef to link to - DISABLED
[INFO] 
[INFO] --- maven-install-plugin:2.4:install (default-install) @ converter-gson ---
[INFO] Installing /home/travis/build/square/retrofit/retrofit-converters/gson/target/converter-gson-2.0.0-SNAPSHOT.jar to /home/travis/.m2/repository/com/squareup/retrofit/converter-gson/2.0.0-SNAPSHOT/converter-gson-2.0.0-SNAPSHOT.jar
[INFO] Installing /home/travis/build/square/retrofit/retrofit-converters/gson/pom.xml to /home/travis/.m2/repository/com/squareup/retrofit/converter-gson/2.0.0-SNAPSHOT/converter-gson-2.0.0-SNAPSHOT.pom
[INFO]                                                                         
[INFO] ------------------------------------------------------------------------
[INFO] Building Converter: Protocol Buffers 2.0.0-SNAPSHOT
[INFO] ------------------------------------------------------------------------
[INFO] 
[INFO] --- maven-enforcer-plugin:1.0:enforce (enforce-maven) @ converter-protobuf ---
[INFO] 
[INFO] --- maven-resources-plugin:2.6:resources (default-resources) @ converter-protobuf ---
[INFO] Using 'UTF-8' encoding to copy filtered resources.
[INFO] skip non existing resourceDirectory /home/travis/build/square/retrofit/retrofit-converters/protobuf/src/main/resources
[INFO] 
[INFO] --- maven-compiler-plugin:3.0:compile (default-compile) @ converter-protobuf ---
[INFO] Changes detected - recompiling the module!
[INFO] Compiling 1 source file to /home/travis/build/square/retrofit/retrofit-converters/protobuf/target/classes
[INFO] 
[INFO] --- maven-resources-plugin:2.6:testResources (default-testResources) @ converter-protobuf ---
[INFO] Using 'UTF-8' encoding to copy filtered resources.
[INFO] skip non existing resourceDirectory /home/travis/build/square/retrofit/retrofit-converters/protobuf/src/test/resources
[INFO] 
[INFO] --- maven-compiler-plugin:3.0:testCompile (default-testCompile) @ converter-protobuf ---
[INFO] Changes detected - recompiling the module!
[INFO] Compiling 2 source files to /home/travis/build/square/retrofit/retrofit-converters/protobuf/target/test-classes
[INFO] 
[INFO] --- maven-surefire-plugin:2.12.4:test (default-test) @ converter-protobuf ---
[INFO] Tests are skipped.
[INFO] 
[INFO] --- maven-jar-plugin:2.4:jar (default-jar) @ converter-protobuf ---
[INFO] Building jar: /home/travis/build/square/retrofit/retrofit-converters/protobuf/target/converter-protobuf-2.0.0-SNAPSHOT.jar
[INFO] 
[INFO] --- maven-checkstyle-plugin:2.15:checkstyle (default) @ converter-protobuf ---
[INFO] Starting audit...
Audit done.
[WARNING] Unable to locate Source XRef to link to - DISABLED
[INFO] 
[INFO] --- maven-install-plugin:2.4:install (default-install) @ converter-protobuf ---
[INFO] Installing /home/travis/build/square/retrofit/retrofit-converters/protobuf/target/converter-protobuf-2.0.0-SNAPSHOT.jar to /home/travis/.m2/repository/com/squareup/retrofit/converter-protobuf/2.0.0-SNAPSHOT/converter-protobuf-2.0.0-SNAPSHOT.jar
[INFO] Installing /home/travis/build/square/retrofit/retrofit-converters/protobuf/pom.xml to /home/travis/.m2/repository/com/squareup/retrofit/converter-protobuf/2.0.0-SNAPSHOT/converter-protobuf-2.0.0-SNAPSHOT.pom
[INFO]                                                                         
[INFO] ------------------------------------------------------------------------
[INFO] Building Converter: Jackson 2.0.0-SNAPSHOT
[INFO] ------------------------------------------------------------------------
[INFO] 
[INFO] --- maven-enforcer-plugin:1.0:enforce (enforce-maven) @ converter-jackson ---
[INFO] 
[INFO] --- maven-resources-plugin:2.6:resources (default-resources) @ converter-jackson ---
[INFO] Using 'UTF-8' encoding to copy filtered resources.
[INFO] skip non existing resourceDirectory /home/travis/build/square/retrofit/retrofit-converters/jackson/src/main/resources
[INFO] 
[INFO] --- maven-compiler-plugin:3.0:compile (default-compile) @ converter-jackson ---
[INFO] Changes detected - recompiling the module!
[INFO] Compiling 1 source file to /home/travis/build/square/retrofit/retrofit-converters/jackson/target/classes
[INFO] 
[INFO] --- maven-resources-plugin:2.6:testResources (default-testResources) @ converter-jackson ---
[INFO] Using 'UTF-8' encoding to copy filtered resources.
[INFO] skip non existing resourceDirectory /home/travis/build/square/retrofit/retrofit-converters/jackson/src/test/resources
[INFO] 
[INFO] --- maven-compiler-plugin:3.0:testCompile (default-testCompile) @ converter-jackson ---
[INFO] Changes detected - recompiling the module!
[INFO] Compiling 1 source file to /home/travis/build/square/retrofit/retrofit-converters/jackson/target/test-classes
[INFO] 
[INFO] --- maven-surefire-plugin:2.12.4:test (default-test) @ converter-jackson ---
[INFO] Tests are skipped.
[INFO] 
[INFO] --- maven-jar-plugin:2.4:jar (default-jar) @ converter-jackson ---
[INFO] Building jar: /home/travis/build/square/retrofit/retrofit-converters/jackson/target/converter-jackson-2.0.0-SNAPSHOT.jar
[INFO] 
[INFO] --- maven-checkstyle-plugin:2.15:checkstyle (default) @ converter-jackson ---
[INFO] Starting audit...
Audit done.
[WARNING] Unable to locate Source XRef to link to - DISABLED
[INFO] 
[INFO] --- maven-install-plugin:2.4:install (default-install) @ converter-jackson ---
[INFO] Installing /home/travis/build/square/retrofit/retrofit-converters/jackson/target/converter-jackson-2.0.0-SNAPSHOT.jar to /home/travis/.m2/repository/com/squareup/retrofit/converter-jackson/2.0.0-SNAPSHOT/converter-jackson-2.0.0-SNAPSHOT.jar
[INFO] Installing /home/travis/build/square/retrofit/retrofit-converters/jackson/pom.xml to /home/travis/.m2/repository/com/squareup/retrofit/converter-jackson/2.0.0-SNAPSHOT/converter-jackson-2.0.0-SNAPSHOT.pom
[INFO]                                                                         
[INFO] ------------------------------------------------------------------------
[INFO] Building Converter: Wire Protocol Buffers 2.0.0-SNAPSHOT
[INFO] ------------------------------------------------------------------------
[INFO] 
[INFO] --- maven-enforcer-plugin:1.0:enforce (enforce-maven) @ converter-wire ---
[INFO] 
[INFO] --- maven-resources-plugin:2.6:resources (default-resources) @ converter-wire ---
[INFO] Using 'UTF-8' encoding to copy filtered resources.
[INFO] skip non existing resourceDirectory /home/travis/build/square/retrofit/retrofit-converters/wire/src/main/resources
[INFO] 
[INFO] --- maven-compiler-plugin:3.0:compile (default-compile) @ converter-wire ---
[INFO] Changes detected - recompiling the module!
[INFO] Compiling 1 source file to /home/travis/build/square/retrofit/retrofit-converters/wire/target/classes
[INFO] 
[INFO] --- maven-resources-plugin:2.6:testResources (default-testResources) @ converter-wire ---
[INFO] Using 'UTF-8' encoding to copy filtered resources.
[INFO] skip non existing resourceDirectory /home/travis/build/square/retrofit/retrofit-converters/wire/src/test/resources
[INFO] 
[INFO] --- maven-compiler-plugin:3.0:testCompile (default-testCompile) @ converter-wire ---
[INFO] Changes detected - recompiling the module!
[INFO] Compiling 2 source files to /home/travis/build/square/retrofit/retrofit-converters/wire/target/test-classes
[INFO] 
[INFO] --- maven-surefire-plugin:2.12.4:test (default-test) @ converter-wire ---
[INFO] Tests are skipped.
[INFO] 
[INFO] --- maven-jar-plugin:2.4:jar (default-jar) @ converter-wire ---
[INFO] Building jar: /home/travis/build/square/retrofit/retrofit-converters/wire/target/converter-wire-2.0.0-SNAPSHOT.jar
[INFO] 
[INFO] --- maven-checkstyle-plugin:2.15:checkstyle (default) @ converter-wire ---
[INFO] Starting audit...
Audit done.
[WARNING] Unable to locate Source XRef to link to - DISABLED
[INFO] 
[INFO] --- maven-install-plugin:2.4:install (default-install) @ converter-wire ---
[INFO] Installing /home/travis/build/square/retrofit/retrofit-converters/wire/target/converter-wire-2.0.0-SNAPSHOT.jar to /home/travis/.m2/repository/com/squareup/retrofit/converter-wire/2.0.0-SNAPSHOT/converter-wire-2.0.0-SNAPSHOT.jar
[INFO] Installing /home/travis/build/square/retrofit/retrofit-converters/wire/pom.xml to /home/travis/.m2/repository/com/squareup/retrofit/converter-wire/2.0.0-SNAPSHOT/converter-wire-2.0.0-SNAPSHOT.pom
[INFO]                                                                         
[INFO] ------------------------------------------------------------------------
[INFO] Building Converter: SimpleXML 2.0.0-SNAPSHOT
[INFO] ------------------------------------------------------------------------
[INFO] 
[INFO] --- maven-enforcer-plugin:1.0:enforce (enforce-maven) @ converter-simplexml ---
[INFO] 
[INFO] --- maven-resources-plugin:2.6:resources (default-resources) @ converter-simplexml ---
[INFO] Using 'UTF-8' encoding to copy filtered resources.
[INFO] skip non existing resourceDirectory /home/travis/build/square/retrofit/retrofit-converters/simplexml/src/main/resources
[INFO] 
[INFO] --- maven-compiler-plugin:3.0:compile (default-compile) @ converter-simplexml ---
[INFO] Changes detected - recompiling the module!
[INFO] Compiling 1 source file to /home/travis/build/square/retrofit/retrofit-converters/simplexml/target/classes
[INFO] 
[INFO] --- maven-resources-plugin:2.6:testResources (default-testResources) @ converter-simplexml ---
[INFO] Using 'UTF-8' encoding to copy filtered resources.
[INFO] skip non existing resourceDirectory /home/travis/build/square/retrofit/retrofit-converters/simplexml/src/test/resources
[INFO] 
[INFO] --- maven-compiler-plugin:3.0:testCompile (default-testCompile) @ converter-simplexml ---
[INFO] Changes detected - recompiling the module!
[INFO] Compiling 1 source file to /home/travis/build/square/retrofit/retrofit-converters/simplexml/target/test-classes
[INFO] 
[INFO] --- maven-surefire-plugin:2.12.4:test (default-test) @ converter-simplexml ---
[INFO] Tests are skipped.
[INFO] 
[INFO] --- maven-jar-plugin:2.4:jar (default-jar) @ converter-simplexml ---
[INFO] Building jar: /home/travis/build/square/retrofit/retrofit-converters/simplexml/target/converter-simplexml-2.0.0-SNAPSHOT.jar
[INFO] 
[INFO] --- maven-checkstyle-plugin:2.15:checkstyle (default) @ converter-simplexml ---
[INFO] Starting audit...
Audit done.
[WARNING] Unable to locate Source XRef to link to - DISABLED
[INFO] 
[INFO] --- maven-install-plugin:2.4:install (default-install) @ converter-simplexml ---
[INFO] Installing /home/travis/build/square/retrofit/retrofit-converters/simplexml/target/converter-simplexml-2.0.0-SNAPSHOT.jar to /home/travis/.m2/repository/com/squareup/retrofit/converter-simplexml/2.0.0-SNAPSHOT/converter-simplexml-2.0.0-SNAPSHOT.jar
[INFO] Installing /home/travis/build/square/retrofit/retrofit-converters/simplexml/pom.xml to /home/travis/.m2/repository/com/squareup/retrofit/converter-simplexml/2.0.0-SNAPSHOT/converter-simplexml-2.0.0-SNAPSHOT.pom
[INFO]                                                                         
[INFO] ------------------------------------------------------------------------
[INFO] Building Samples 2.0.0-SNAPSHOT
[INFO] ------------------------------------------------------------------------
[INFO] 
[INFO] --- maven-enforcer-plugin:1.0:enforce (enforce-maven) @ samples ---
[INFO] 
[INFO] --- maven-resources-plugin:2.6:resources (default-resources) @ samples ---
[INFO] Using 'UTF-8' encoding to copy filtered resources.
[INFO] skip non existing resourceDirectory /home/travis/build/square/retrofit/samples/src/main/resources
[INFO] 
[INFO] --- maven-compiler-plugin:3.0:compile (default-compile) @ samples ---
[INFO] Changes detected - recompiling the module!
[INFO] Compiling 2 source files to /home/travis/build/square/retrofit/samples/target/classes
[INFO] 
[INFO] --- maven-resources-plugin:2.6:testResources (default-testResources) @ samples ---
[INFO] Using 'UTF-8' encoding to copy filtered resources.
[INFO] skip non existing resourceDirectory /home/travis/build/square/retrofit/samples/src/test/resources
[INFO] 
[INFO] --- maven-compiler-plugin:3.0:testCompile (default-testCompile) @ samples ---
[INFO] No sources to compile
[INFO] 
[INFO] --- maven-surefire-plugin:2.12.4:test (default-test) @ samples ---
[INFO] Tests are skipped.
[INFO] 
[INFO] --- maven-jar-plugin:2.4:jar (default-jar) @ samples ---
[INFO] Building jar: /home/travis/build/square/retrofit/samples/target/samples-2.0.0-SNAPSHOT.jar
[INFO] 
[INFO] --- maven-checkstyle-plugin:2.15:checkstyle (default) @ samples ---
[INFO] Starting audit...
Audit done.
[WARNING] Unable to locate Source XRef to link to - DISABLED
[INFO] 
[INFO] --- maven-install-plugin:2.4:install (default-install) @ samples ---
[INFO] Installing /home/travis/build/square/retrofit/samples/target/samples-2.0.0-SNAPSHOT.jar to /home/travis/.m2/repository/com/squareup/retrofit/samples/2.0.0-SNAPSHOT/samples-2.0.0-SNAPSHOT.jar
[INFO] Installing /home/travis/build/square/retrofit/samples/pom.xml to /home/travis/.m2/repository/com/squareup/retrofit/samples/2.0.0-SNAPSHOT/samples-2.0.0-SNAPSHOT.pom
[INFO] ------------------------------------------------------------------------
[INFO] Reactor Summary:
[INFO] 
[INFO] Retrofit (Parent) .................................. SUCCESS [  4.852 s]
[INFO] Retrofit ........................................... SUCCESS [ 18.992 s]
[INFO] Adapters ........................................... SUCCESS [  0.100 s]
[INFO] Adapter: RxJava .................................... SUCCESS [  1.879 s]
[INFO] Converters ......................................... SUCCESS [  0.030 s]
[INFO] Converter: Gson .................................... SUCCESS [  3.021 s]
[INFO] Converter: Protocol Buffers ........................ SUCCESS [  1.926 s]
[INFO] Converter: Jackson ................................. SUCCESS [  1.977 s]
[INFO] Converter: Wire Protocol Buffers ................... SUCCESS [  1.734 s]
[INFO] Converter: SimpleXML ............................... SUCCESS [  1.033 s]
[INFO] Samples ............................................ SUCCESS [  0.961 s]
[INFO] ------------------------------------------------------------------------
[INFO] BUILD SUCCESS
[INFO] ------------------------------------------------------------------------
[INFO] Total time: 36.918 s
[INFO] Finished at: 2015-06-05T17:43:49+00:00
[INFO] Final Memory: 34M/328M
[INFO] ------------------------------------------------------------------------
travis_time:end:05f01b1c:start=1433526190617373371,finish=1433526230474120823,duration=39856747452[0Ktravis_fold:end:install[0Ktravis_time:start:18673aac[0K$ mvn test -B
Java HotSpot(TM) 64-Bit Server VM warning: ignoring option MaxPermSize=192m; support was removed in 8.0
[INFO] Scanning for projects...
[WARNING] 
[WARNING] Some problems were encountered while building the effective model for com.squareup.retrofit:samples:jar:2.0.0-SNAPSHOT
[WARNING] 'build.plugins.plugin.version' for org.apache.maven.plugins:maven-deploy-plugin is missing. @ com.squareup.retrofit:samples:[unknown-version], /home/travis/build/square/retrofit/samples/pom.xml, line 36, column 15
[WARNING] 
[WARNING] It is highly recommended to fix these problems because they threaten the stability of your build.
[WARNING] 
[WARNING] For this reason, future Maven versions might no longer support building such malformed projects.
[WARNING] 
[INFO] ------------------------------------------------------------------------
[INFO] Reactor Build Order:
[INFO] 
[INFO] Retrofit (Parent)
[INFO] Retrofit
[INFO] Adapters
[INFO] Adapter: RxJava
[INFO] Converters
[INFO] Converter: Gson
[INFO] Converter: Protocol Buffers
[INFO] Converter: Jackson
[INFO] Converter: Wire Protocol Buffers
[INFO] Converter: SimpleXML
[INFO] Samples
[INFO]                                                                         
[INFO] ------------------------------------------------------------------------
[INFO] Building Retrofit (Parent) 2.0.0-SNAPSHOT
[INFO] ------------------------------------------------------------------------
[INFO] 
[INFO] --- maven-enforcer-plugin:1.0:enforce (enforce-maven) @ parent ---
[INFO]                                                                         
[INFO] ------------------------------------------------------------------------
[INFO] Building Retrofit 2.0.0-SNAPSHOT
[INFO] ------------------------------------------------------------------------
[INFO] 
[INFO] --- maven-enforcer-plugin:1.0:enforce (enforce-maven) @ retrofit ---
[INFO] 
[INFO] --- maven-resources-plugin:2.6:resources (default-resources) @ retrofit ---
[INFO] Using 'UTF-8' encoding to copy filtered resources.
[INFO] skip non existing resourceDirectory /home/travis/build/square/retrofit/retrofit/src/main/resources
[INFO] 
[INFO] --- maven-compiler-plugin:3.0:compile (default-compile) @ retrofit ---
[INFO] Changes detected - recompiling the module!
[INFO] Compiling 36 source files to /home/travis/build/square/retrofit/retrofit/target/classes
[WARNING] /home/travis/build/square/retrofit/retrofit/src/main/java/retrofit/RestAdapter.java: Some input files use unchecked or unsafe operations.
[WARNING] /home/travis/build/square/retrofit/retrofit/src/main/java/retrofit/RestAdapter.java: Recompile with -Xlint:unchecked for details.
[INFO] 
[INFO] --- maven-resources-plugin:2.6:testResources (default-testResources) @ retrofit ---
[INFO] Using 'UTF-8' encoding to copy filtered resources.
[INFO] skip non existing resourceDirectory /home/travis/build/square/retrofit/retrofit/src/test/resources
[INFO] 
[INFO] --- maven-compiler-plugin:3.0:testCompile (default-testCompile) @ retrofit ---
[INFO] Changes detected - recompiling the module!
[INFO] Compiling 8 source files to /home/travis/build/square/retrofit/retrofit/target/test-classes
[WARNING] /home/travis/build/square/retrofit/retrofit/src/test/java/retrofit/DefaultCallAdapterFactoryTest.java: /home/travis/build/square/retrofit/retrofit/src/test/java/retrofit/DefaultCallAdapterFactoryTest.java uses unchecked or unsafe operations.
[WARNING] /home/travis/build/square/retrofit/retrofit/src/test/java/retrofit/DefaultCallAdapterFactoryTest.java: Recompile with -Xlint:unchecked for details.
[INFO] 
[INFO] --- maven-surefire-plugin:2.12.4:test (default-test) @ retrofit ---
[INFO] Surefire report directory: /home/travis/build/square/retrofit/retrofit/target/surefire-reports

-------------------------------------------------------
 T E S T S
-------------------------------------------------------
Running retrofit.MethodInfoTest
Tests run: 4, Failures: 0, Errors: 0, Skipped: 0, Time elapsed: 0.203 sec
Running retrofit.RestAdapterTest
Jun 05, 2015 5:44:03 PM com.squareup.okhttp.mockwebserver.MockWebServer$2 execute
INFO: MockWebServer[51184] starting to accept connections
Jun 05, 2015 5:44:04 PM com.squareup.okhttp.mockwebserver.MockWebServer$2 acceptConnections
INFO: MockWebServer[51184] done accepting connections: Socket is closed
Jun 05, 2015 5:44:04 PM com.squareup.okhttp.mockwebserver.MockWebServer$2 execute
INFO: MockWebServer[58909] starting to accept connections
Jun 05, 2015 5:44:05 PM com.squareup.okhttp.mockwebserver.MockWebServer$3 processOneRequest
INFO: MockWebServer[58909] received request: GET / HTTP/1.1 and responded: HTTP/1.1 200 OK
Jun 05, 2015 5:44:05 PM com.squareup.okhttp.mockwebserver.MockWebServer$2 acceptConnections
INFO: MockWebServer[58909] done accepting connections: Socket closed
Jun 05, 2015 5:44:05 PM com.squareup.okhttp.mockwebserver.MockWebServer$2 execute
INFO: MockWebServer[40348] starting to accept connections
Jun 05, 2015 5:44:05 PM com.squareup.okhttp.mockwebserver.MockWebServer$2 acceptConnections
INFO: MockWebServer[40348] done accepting connections: Socket is closed
Jun 05, 2015 5:44:05 PM com.squareup.okhttp.mockwebserver.MockWebServer$2 execute
INFO: MockWebServer[50436] starting to accept connections
Jun 05, 2015 5:44:05 PM com.squareup.okhttp.mockwebserver.MockWebServer$2 acceptConnections
INFO: MockWebServer[50436] done accepting connections: Socket is closed
Jun 05, 2015 5:44:05 PM com.squareup.okhttp.mockwebserver.MockWebServer$2 execute
INFO: MockWebServer[39705] starting to accept connections
Jun 05, 2015 5:44:05 PM com.squareup.okhttp.mockwebserver.MockWebServer$3 processOneRequest
INFO: MockWebServer[39705] received request: POST / HTTP/1.1 and responded: HTTP/1.1 200 OK
Jun 05, 2015 5:44:05 PM com.squareup.okhttp.mockwebserver.MockWebServer$2 acceptConnections
INFO: MockWebServer[39705] done accepting connections: Socket closed
Jun 05, 2015 5:44:05 PM com.squareup.okhttp.mockwebserver.MockWebServer$2 execute
INFO: MockWebServer[35011] starting to accept connections
Jun 05, 2015 5:44:05 PM com.squareup.okhttp.mockwebserver.MockWebServer$2 acceptConnections
INFO: MockWebServer[35011] done accepting connections: Socket is closed
Jun 05, 2015 5:44:05 PM com.squareup.okhttp.mockwebserver.MockWebServer$2 execute
INFO: MockWebServer[51659] starting to accept connections
Jun 05, 2015 5:44:05 PM com.squareup.okhttp.mockwebserver.MockWebServer$2 acceptConnections
INFO: MockWebServer[51659] done accepting connections: Socket is closed
Jun 05, 2015 5:44:05 PM com.squareup.okhttp.mockwebserver.MockWebServer$2 execute
INFO: MockWebServer[38609] starting to accept connections
Jun 05, 2015 5:44:05 PM com.squareup.okhttp.mockwebserver.MockWebServer$2 acceptConnections
INFO: MockWebServer[38609] done accepting connections: Socket is closed
Jun 05, 2015 5:44:05 PM com.squareup.okhttp.mockwebserver.MockWebServer$2 execute
INFO: MockWebServer[34511] starting to accept connections
Jun 05, 2015 5:44:05 PM com.squareup.okhttp.mockwebserver.MockWebServer$2 acceptConnections
INFO: MockWebServer[34511] done accepting connections: Socket is closed
Jun 05, 2015 5:44:05 PM com.squareup.okhttp.mockwebserver.MockWebServer$2 execute
INFO: MockWebServer[41916] starting to accept connections
Jun 05, 2015 5:44:05 PM com.squareup.okhttp.mockwebserver.MockWebServer$2 acceptConnections
INFO: MockWebServer[41916] done accepting connections: Socket is closed
Jun 05, 2015 5:44:05 PM com.squareup.okhttp.mockwebserver.MockWebServer$2 execute
INFO: MockWebServer[41085] starting to accept connections
Jun 05, 2015 5:44:05 PM com.squareup.okhttp.mockwebserver.MockWebServer$2 acceptConnections
INFO: MockWebServer[41085] done accepting connections: Socket is closed
Jun 05, 2015 5:44:05 PM com.squareup.okhttp.mockwebserver.MockWebServer$2 execute
INFO: MockWebServer[42185] starting to accept connections
Jun 05, 2015 5:44:05 PM com.squareup.okhttp.mockwebserver.MockWebServer$2 acceptConnections
INFO: MockWebServer[42185] done accepting connections: Socket is closed
Jun 05, 2015 5:44:05 PM com.squareup.okhttp.mockwebserver.MockWebServer$2 execute
INFO: MockWebServer[46090] starting to accept connections
Jun 05, 2015 5:44:05 PM com.squareup.okhttp.mockwebserver.MockWebServer$2 acceptConnections
INFO: MockWebServer[46090] done accepting connections: Socket is closed
Tests run: 13, Failures: 0, Errors: 0, Skipped: 0, Time elapsed: 3.253 sec
Running retrofit.RequestBuilderTest
Tests run: 80, Failures: 0, Errors: 0, Skipped: 2, Time elapsed: 1.065 sec
Running retrofit.CallTest
Jun 05, 2015 5:44:06 PM com.squareup.okhttp.mockwebserver.MockWebServer$2 execute
INFO: MockWebServer[46489] starting to accept connections
Jun 05, 2015 5:44:06 PM com.squareup.okhttp.mockwebserver.MockWebServer$2 acceptConnections
INFO: MockWebServer[46489] done accepting connections: Socket closed
Jun 05, 2015 5:44:06 PM com.squareup.okhttp.mockwebserver.MockWebServer$3 processOneRequest
INFO: MockWebServer[46489] received request: GET / HTTP/1.1 and responded: HTTP/1.1 404 OK
Jun 05, 2015 5:44:06 PM com.squareup.okhttp.mockwebserver.MockWebServer$2 execute
INFO: MockWebServer[33114] starting to accept connections
Jun 05, 2015 5:44:06 PM com.squareup.okhttp.mockwebserver.MockWebServer$2 acceptConnections
INFO: MockWebServer[33114] done accepting connections: Socket closed
Jun 05, 2015 5:44:06 PM com.squareup.okhttp.mockwebserver.MockWebServer$2 execute
INFO: MockWebServer[60516] starting to accept connections
Jun 05, 2015 5:44:06 PM com.squareup.okhttp.mockwebserver.MockWebServer$3 processOneRequest
INFO: MockWebServer[60516] received request: GET / HTTP/1.1 and responded: HTTP/1.1 200 OK
Jun 05, 2015 5:44:06 PM com.squareup.okhttp.mockwebserver.MockWebServer$2 acceptConnections
INFO: MockWebServer[60516] done accepting connections: Socket closed
Jun 05, 2015 5:44:06 PM com.squareup.okhttp.mockwebserver.MockWebServer$2 execute
INFO: MockWebServer[32946] starting to accept connections
Jun 05, 2015 5:44:06 PM com.squareup.okhttp.mockwebserver.MockWebServer$2 acceptConnections
INFO: MockWebServer[32946] done accepting connections: Socket is closed
Jun 05, 2015 5:44:06 PM com.squareup.okhttp.mockwebserver.MockWebServer$2 execute
INFO: MockWebServer[44632] starting to accept connections
Jun 05, 2015 5:44:06 PM com.squareup.okhttp.mockwebserver.MockWebServer$2 acceptConnections
INFO: MockWebServer[44632] done accepting connections: Socket closed
Jun 05, 2015 5:44:06 PM com.squareup.okhttp.mockwebserver.MockWebServer$3 processOneRequest
INFO: MockWebServer[44632] received request: GET / HTTP/1.1 and responded: HTTP/1.1 404 OK
Jun 05, 2015 5:44:06 PM com.squareup.okhttp.mockwebserver.MockWebServer$2 execute
INFO: MockWebServer[51121] starting to accept connections
Jun 05, 2015 5:44:06 PM com.squareup.okhttp.mockwebserver.MockWebServer$2 acceptConnections
INFO: MockWebServer[51121] done accepting connections: Socket closed
Jun 05, 2015 5:44:06 PM com.squareup.okhttp.mockwebserver.MockWebServer$3 processOneRequest
INFO: MockWebServer[51121] received request: POST / HTTP/1.1 and responded: HTTP/1.1 200 OK
Jun 05, 2015 5:44:06 PM com.squareup.okhttp.mockwebserver.MockWebServer$2 execute
INFO: MockWebServer[42591] starting to accept connections
Jun 05, 2015 5:44:07 PM com.squareup.okhttp.mockwebserver.MockWebServer$2 acceptConnections
INFO: MockWebServer[42591] done accepting connections: Socket closed
Jun 05, 2015 5:44:07 PM com.squareup.okhttp.mockwebserver.MockWebServer$3 processOneRequest
INFO: MockWebServer[42591] received request: GET / HTTP/1.1 and responded: HTTP/1.1 204 Nothin
Jun 05, 2015 5:44:07 PM com.squareup.okhttp.mockwebserver.MockWebServer$2 execute
INFO: MockWebServer[44843] starting to accept connections
Jun 05, 2015 5:44:07 PM com.squareup.okhttp.mockwebserver.MockWebServer$3 processOneRequest
INFO: MockWebServer[44843] received request: POST / HTTP/1.1 and responded: HTTP/1.1 200 OK
Jun 05, 2015 5:44:07 PM com.squareup.okhttp.mockwebserver.MockWebServer$2 acceptConnections
INFO: MockWebServer[44843] done accepting connections: Socket closed
Jun 05, 2015 5:44:07 PM com.squareup.okhttp.mockwebserver.MockWebServer$2 execute
INFO: MockWebServer[35598] starting to accept connections
Jun 05, 2015 5:44:07 PM com.squareup.okhttp.mockwebserver.MockWebServer$2 acceptConnections
INFO: MockWebServer[35598] done accepting connections: Socket is closed
Jun 05, 2015 5:44:07 PM com.squareup.okhttp.mockwebserver.MockWebServer$2 execute
INFO: MockWebServer[55539] starting to accept connections
Jun 05, 2015 5:44:07 PM com.squareup.okhttp.mockwebserver.MockWebServer$2 acceptConnections
INFO: MockWebServer[55539] done accepting connections: Socket closed
Jun 05, 2015 5:44:07 PM com.squareup.okhttp.mockwebserver.MockWebServer$3 processOneRequest
INFO: MockWebServer[55539] received request: GET / HTTP/1.1 and responded: HTTP/1.1 205 Nothin
Jun 05, 2015 5:44:07 PM com.squareup.okhttp.mockwebserver.MockWebServer$2 execute
INFO: MockWebServer[40888] starting to accept connections
Jun 05, 2015 5:44:07 PM com.squareup.okhttp.mockwebserver.MockWebServer$2 acceptConnections
INFO: MockWebServer[40888] done accepting connections: Socket is closed
Jun 05, 2015 5:44:07 PM com.squareup.okhttp.mockwebserver.MockWebServer$2 execute
INFO: MockWebServer[34761] starting to accept connections
Jun 05, 2015 5:44:07 PM com.squareup.okhttp.mockwebserver.MockWebServer$3 processOneRequest
INFO: MockWebServer[34761] received request: GET / HTTP/1.1 and responded: HTTP/1.1 200 OK
Jun 05, 2015 5:44:07 PM com.squareup.okhttp.mockwebserver.MockWebServer$2 acceptConnections
INFO: MockWebServer[34761] done accepting connections: Socket closed
Jun 05, 2015 5:44:07 PM com.squareup.okhttp.mockwebserver.MockWebServer$2 execute
INFO: MockWebServer[34830] starting to accept connections
Jun 05, 2015 5:44:07 PM com.squareup.okhttp.mockwebserver.MockWebServer$2 acceptConnections
INFO: MockWebServer[34830] done accepting connections: Socket closed
Jun 05, 2015 5:44:07 PM com.squareup.okhttp.mockwebserver.MockWebServer$3 processOneRequest
INFO: MockWebServer[34830] received request: GET / HTTP/1.1 and responded: HTTP/1.1 200 OK
Tests run: 13, Failures: 0, Errors: 0, Skipped: 0, Time elapsed: 0.362 sec
Running retrofit.EndpointsTest
Tests run: 1, Failures: 0, Errors: 0, Skipped: 0, Time elapsed: 0.012 sec
Running retrofit.DefaultCallAdapterFactoryTest
Tests run: 8, Failures: 0, Errors: 0, Skipped: 0, Time elapsed: 0.055 sec

Results :

Tests run: 119, Failures: 0, Errors: 0, Skipped: 2

[INFO]                                                                         
[INFO] ------------------------------------------------------------------------
[INFO] Building Adapters 2.0.0-SNAPSHOT
[INFO] ------------------------------------------------------------------------
[INFO] 
[INFO] --- maven-enforcer-plugin:1.0:enforce (enforce-maven) @ retrofit-adapters ---
[INFO]                                                                         
[INFO] ------------------------------------------------------------------------
[INFO] Building Adapter: RxJava 2.0.0-SNAPSHOT
[INFO] ------------------------------------------------------------------------
[INFO] 
[INFO] --- maven-enforcer-plugin:1.0:enforce (enforce-maven) @ adapter-rxjava ---
[INFO] 
[INFO] --- maven-resources-plugin:2.6:resources (default-resources) @ adapter-rxjava ---
[INFO] Using 'UTF-8' encoding to copy filtered resources.
[INFO] skip non existing resourceDirectory /home/travis/build/square/retrofit/retrofit-adapters/rxjava/src/main/resources
[INFO] 
[INFO] --- maven-compiler-plugin:3.0:compile (default-compile) @ adapter-rxjava ---
[INFO] Changes detected - recompiling the module!
[INFO] Compiling 2 source files to /home/travis/build/square/retrofit/retrofit-adapters/rxjava/target/classes
[INFO] 
[INFO] --- maven-resources-plugin:2.6:testResources (default-testResources) @ adapter-rxjava ---
[INFO] Using 'UTF-8' encoding to copy filtered resources.
[INFO] skip non existing resourceDirectory /home/travis/build/square/retrofit/retrofit-adapters/rxjava/src/test/resources
[INFO] 
[INFO] --- maven-compiler-plugin:3.0:testCompile (default-testCompile) @ adapter-rxjava ---
[INFO] Changes detected - recompiling the module!
[INFO] Compiling 2 source files to /home/travis/build/square/retrofit/retrofit-adapters/rxjava/target/test-classes
[INFO] 
[INFO] --- maven-surefire-plugin:2.12.4:test (default-test) @ adapter-rxjava ---
[INFO] Surefire report directory: /home/travis/build/square/retrofit/retrofit-adapters/rxjava/target/surefire-reports

-------------------------------------------------------
 T E S T S
-------------------------------------------------------
Running retrofit.ResultTest
Tests run: 4, Failures: 0, Errors: 0, Skipped: 0, Time elapsed: 0.176 sec
Running retrofit.ObservableCallAdapterFactoryTest
Jun 05, 2015 5:44:08 PM com.squareup.okhttp.mockwebserver.MockWebServer$2 execute
INFO: MockWebServer[38087] starting to accept connections
Jun 05, 2015 5:44:08 PM com.squareup.okhttp.mockwebserver.MockWebServer$3 processConnection
WARNING: MockWebServer[38087] connection from /127.0.0.1 didn't make a request
Jun 05, 2015 5:44:08 PM com.squareup.okhttp.mockwebserver.MockWebServer$2 acceptConnections
INFO: MockWebServer[38087] done accepting connections: Socket closed
Jun 05, 2015 5:44:08 PM com.squareup.okhttp.mockwebserver.MockWebServer$2 execute
INFO: MockWebServer[49479] starting to accept connections
Jun 05, 2015 5:44:08 PM com.squareup.okhttp.mockwebserver.MockWebServer$3 processOneRequest
INFO: MockWebServer[49479] received request: GET / HTTP/1.1 and responded: HTTP/1.1 200 OK
Jun 05, 2015 5:44:08 PM com.squareup.okhttp.mockwebserver.MockWebServer$2 acceptConnections
INFO: MockWebServer[49479] done accepting connections: Socket closed
Jun 05, 2015 5:44:09 PM com.squareup.okhttp.mockwebserver.MockWebServer$2 execute
INFO: MockWebServer[54948] starting to accept connections
Jun 05, 2015 5:44:09 PM com.squareup.okhttp.mockwebserver.MockWebServer$3 processOneRequest
INFO: MockWebServer[54948] received request: GET / HTTP/1.1 and responded: HTTP/1.1 404 OK
Jun 05, 2015 5:44:09 PM com.squareup.okhttp.mockwebserver.MockWebServer$2 acceptConnections
INFO: MockWebServer[54948] done accepting connections: Socket closed
Jun 05, 2015 5:44:09 PM com.squareup.okhttp.mockwebserver.MockWebServer$2 execute
INFO: MockWebServer[48971] starting to accept connections
Jun 05, 2015 5:44:09 PM com.squareup.okhttp.mockwebserver.MockWebServer$2 acceptConnections
INFO: MockWebServer[48971] done accepting connections: Socket is closed
Jun 05, 2015 5:44:09 PM com.squareup.okhttp.mockwebserver.MockWebServer$2 execute
INFO: MockWebServer[34337] starting to accept connections
Jun 05, 2015 5:44:09 PM com.squareup.okhttp.mockwebserver.MockWebServer$2 acceptConnections
INFO: MockWebServer[34337] done accepting connections: Socket closed
Jun 05, 2015 5:44:09 PM com.squareup.okhttp.mockwebserver.MockWebServer$3 processConnection
WARNING: MockWebServer[34337] connection from /127.0.0.1 didn't make a request
Jun 05, 2015 5:44:09 PM com.squareup.okhttp.mockwebserver.MockWebServer$2 execute
INFO: MockWebServer[39370] starting to accept connections
Jun 05, 2015 5:44:09 PM com.squareup.okhttp.mockwebserver.MockWebServer$2 acceptConnections
INFO: MockWebServer[39370] done accepting connections: Socket closed
Jun 05, 2015 5:44:09 PM com.squareup.okhttp.mockwebserver.MockWebServer$3 processOneRequest
INFO: MockWebServer[39370] received request: GET / HTTP/1.1 and responded: HTTP/1.1 200 OK
Jun 05, 2015 5:44:09 PM com.squareup.okhttp.mockwebserver.MockWebServer$2 execute
INFO: MockWebServer[57132] starting to accept connections
Jun 05, 2015 5:44:09 PM com.squareup.okhttp.mockwebserver.MockWebServer$2 acceptConnections
INFO: MockWebServer[57132] done accepting connections: Socket closed
Jun 05, 2015 5:44:09 PM com.squareup.okhttp.mockwebserver.MockWebServer$3 processOneRequest
INFO: MockWebServer[57132] received request: GET / HTTP/1.1 and responded: HTTP/1.1 404 OK
Jun 05, 2015 5:44:09 PM com.squareup.okhttp.mockwebserver.MockWebServer$2 execute
INFO: MockWebServer[46676] starting to accept connections
Jun 05, 2015 5:44:09 PM com.squareup.okhttp.mockwebserver.MockWebServer$2 acceptConnections
INFO: MockWebServer[46676] done accepting connections: Socket closed
Jun 05, 2015 5:44:09 PM com.squareup.okhttp.mockwebserver.MockWebServer$3 processConnection
WARNING: MockWebServer[46676] connection from /127.0.0.1 didn't make a request
Jun 05, 2015 5:44:09 PM com.squareup.okhttp.mockwebserver.MockWebServer$2 execute
INFO: MockWebServer[32993] starting to accept connections
Jun 05, 2015 5:44:09 PM com.squareup.okhttp.mockwebserver.MockWebServer$2 acceptConnections
INFO: MockWebServer[32993] done accepting connections: Socket is closed
Jun 05, 2015 5:44:09 PM com.squareup.okhttp.mockwebserver.MockWebServer$2 execute
INFO: MockWebServer[60754] starting to accept connections
Jun 05, 2015 5:44:09 PM com.squareup.okhttp.mockwebserver.MockWebServer$2 acceptConnections
INFO: MockWebServer[60754] done accepting connections: Socket is closed
Jun 05, 2015 5:44:09 PM com.squareup.okhttp.mockwebserver.MockWebServer$2 execute
INFO: MockWebServer[33287] starting to accept connections
Jun 05, 2015 5:44:09 PM com.squareup.okhttp.mockwebserver.MockWebServer$2 acceptConnections
INFO: MockWebServer[33287] done accepting connections: Socket closed
Jun 05, 2015 5:44:09 PM com.squareup.okhttp.mockwebserver.MockWebServer$3 processOneRequest
INFO: MockWebServer[33287] received request: GET / HTTP/1.1 and responded: HTTP/1.1 200 OK
Jun 05, 2015 5:44:09 PM com.squareup.okhttp.mockwebserver.MockWebServer$2 execute
INFO: MockWebServer[46406] starting to accept connections
Jun 05, 2015 5:44:09 PM com.squareup.okhttp.mockwebserver.MockWebServer$2 acceptConnections
INFO: MockWebServer[46406] done accepting connections: Socket closed
Jun 05, 2015 5:44:09 PM com.squareup.okhttp.mockwebserver.MockWebServer$3 processOneRequest
INFO: MockWebServer[46406] received request: GET / HTTP/1.1 and responded: HTTP/1.1 404 OK
Jun 05, 2015 5:44:09 PM com.squareup.okhttp.mockwebserver.MockWebServer$2 execute
INFO: MockWebServer[32832] starting to accept connections
Jun 05, 2015 5:44:09 PM com.squareup.okhttp.mockwebserver.MockWebServer$2 acceptConnections
INFO: MockWebServer[32832] done accepting connections: Socket is closed
Tests run: 13, Failures: 0, Errors: 0, Skipped: 0, Time elapsed: 0.664 sec

Results :

Tests run: 17, Failures: 0, Errors: 0, Skipped: 0

[INFO]                                                                         
[INFO] ------------------------------------------------------------------------
[INFO] Building Converters 2.0.0-SNAPSHOT
[INFO] ------------------------------------------------------------------------
[INFO] 
[INFO] --- maven-enforcer-plugin:1.0:enforce (enforce-maven) @ retrofit-converters ---
[INFO]                                                                         
[INFO] ------------------------------------------------------------------------
[INFO] Building Converter: Gson 2.0.0-SNAPSHOT
[INFO] ------------------------------------------------------------------------
[INFO] 
[INFO] --- maven-enforcer-plugin:1.0:enforce (enforce-maven) @ converter-gson ---
[INFO] 
[INFO] --- maven-resources-plugin:2.6:resources (default-resources) @ converter-gson ---
[INFO] Using 'UTF-8' encoding to copy filtered resources.
[INFO] skip non existing resourceDirectory /home/travis/build/square/retrofit/retrofit-converters/gson/src/main/resources
[INFO] 
[INFO] --- maven-compiler-plugin:3.0:compile (default-compile) @ converter-gson ---
[INFO] Changes detected - recompiling the module!
[INFO] Compiling 1 source file to /home/travis/build/square/retrofit/retrofit-converters/gson/target/classes
[INFO] 
[INFO] --- maven-resources-plugin:2.6:testResources (default-testResources) @ converter-gson ---
[INFO] Using 'UTF-8' encoding to copy filtered resources.
[INFO] skip non existing resourceDirectory /home/travis/build/square/retrofit/retrofit-converters/gson/src/test/resources
[INFO] 
[INFO] --- maven-compiler-plugin:3.0:testCompile (default-testCompile) @ converter-gson ---
[INFO] Changes detected - recompiling the module!
[INFO] Compiling 1 source file to /home/travis/build/square/retrofit/retrofit-converters/gson/target/test-classes
[INFO] 
[INFO] --- maven-surefire-plugin:2.12.4:test (default-test) @ converter-gson ---
[INFO] Surefire report directory: /home/travis/build/square/retrofit/retrofit-converters/gson/target/surefire-reports

-------------------------------------------------------
 T E S T S
-------------------------------------------------------
Running retrofit.GsonConverterTest
Tests run: 3, Failures: 0, Errors: 0, Skipped: 0, Time elapsed: 0.309 sec

Results :

Tests run: 3, Failures: 0, Errors: 0, Skipped: 0

[INFO]                                                                         
[INFO] ------------------------------------------------------------------------
[INFO] Building Converter: Protocol Buffers 2.0.0-SNAPSHOT
[INFO] ------------------------------------------------------------------------
[INFO] 
[INFO] --- maven-enforcer-plugin:1.0:enforce (enforce-maven) @ converter-protobuf ---
[INFO] 
[INFO] --- maven-resources-plugin:2.6:resources (default-resources) @ converter-protobuf ---
[INFO] Using 'UTF-8' encoding to copy filtered resources.
[INFO] skip non existing resourceDirectory /home/travis/build/square/retrofit/retrofit-converters/protobuf/src/main/resources
[INFO] 
[INFO] --- maven-compiler-plugin:3.0:compile (default-compile) @ converter-protobuf ---
[INFO] Changes detected - recompiling the module!
[INFO] Compiling 1 source file to /home/travis/build/square/retrofit/retrofit-converters/protobuf/target/classes
[INFO] 
[INFO] --- maven-resources-plugin:2.6:testResources (default-testResources) @ converter-protobuf ---
[INFO] Using 'UTF-8' encoding to copy filtered resources.
[INFO] skip non existing resourceDirectory /home/travis/build/square/retrofit/retrofit-converters/protobuf/src/test/resources
[INFO] 
[INFO] --- maven-compiler-plugin:3.0:testCompile (default-testCompile) @ converter-protobuf ---
[INFO] Changes detected - recompiling the module!
[INFO] Compiling 2 source files to /home/travis/build/square/retrofit/retrofit-converters/protobuf/target/test-classes
[INFO] 
[INFO] --- maven-surefire-plugin:2.12.4:test (default-test) @ converter-protobuf ---
[INFO] Surefire report directory: /home/travis/build/square/retrofit/retrofit-converters/protobuf/target/surefire-reports

-------------------------------------------------------
 T E S T S
-------------------------------------------------------
Running retrofit.ProtoConverterTest
Tests run: 5, Failures: 0, Errors: 0, Skipped: 0, Time elapsed: 0.355 sec

Results :

Tests run: 5, Failures: 0, Errors: 0, Skipped: 0

[INFO]                                                                         
[INFO] ------------------------------------------------------------------------
[INFO] Building Converter: Jackson 2.0.0-SNAPSHOT
[INFO] ------------------------------------------------------------------------
[INFO] 
[INFO] --- maven-enforcer-plugin:1.0:enforce (enforce-maven) @ converter-jackson ---
[INFO] 
[INFO] --- maven-resources-plugin:2.6:resources (default-resources) @ converter-jackson ---
[INFO] Using 'UTF-8' encoding to copy filtered resources.
[INFO] skip non existing resourceDirectory /home/travis/build/square/retrofit/retrofit-converters/jackson/src/main/resources
[INFO] 
[INFO] --- maven-compiler-plugin:3.0:compile (default-compile) @ converter-jackson ---
[INFO] Changes detected - recompiling the module!
[INFO] Compiling 1 source file to /home/travis/build/square/retrofit/retrofit-converters/jackson/target/classes
[INFO] 
[INFO] --- maven-resources-plugin:2.6:testResources (default-testResources) @ converter-jackson ---
[INFO] Using 'UTF-8' encoding to copy filtered resources.
[INFO] skip non existing resourceDirectory /home/travis/build/square/retrofit/retrofit-converters/jackson/src/test/resources
[INFO] 
[INFO] --- maven-compiler-plugin:3.0:testCompile (default-testCompile) @ converter-jackson ---
[INFO] Changes detected - recompiling the module!
[INFO] Compiling 1 source file to /home/travis/build/square/retrofit/retrofit-converters/jackson/target/test-classes
[INFO] 
[INFO] --- maven-surefire-plugin:2.12.4:test (default-test) @ converter-jackson ---
[INFO] Surefire report directory: /home/travis/build/square/retrofit/retrofit-converters/jackson/target/surefire-reports

-------------------------------------------------------
 T E S T S
-------------------------------------------------------
Running retrofit.JacksonConverterTest
Tests run: 4, Failures: 0, Errors: 0, Skipped: 0, Time elapsed: 0.518 sec

Results :

Tests run: 4, Failures: 0, Errors: 0, Skipped: 0

[INFO]                                                                         
[INFO] ------------------------------------------------------------------------
[INFO] Building Converter: Wire Protocol Buffers 2.0.0-SNAPSHOT
[INFO] ------------------------------------------------------------------------
[INFO] 
[INFO] --- maven-enforcer-plugin:1.0:enforce (enforce-maven) @ converter-wire ---
[INFO] 
[INFO] --- maven-resources-plugin:2.6:resources (default-resources) @ converter-wire ---
[INFO] Using 'UTF-8' encoding to copy filtered resources.
[INFO] skip non existing resourceDirectory /home/travis/build/square/retrofit/retrofit-converters/wire/src/main/resources
[INFO] 
[INFO] --- maven-compiler-plugin:3.0:compile (default-compile) @ converter-wire ---
[INFO] Changes detected - recompiling the module!
[INFO] Compiling 1 source file to /home/travis/build/square/retrofit/retrofit-converters/wire/target/classes
[INFO] 
[INFO] --- maven-resources-plugin:2.6:testResources (default-testResources) @ converter-wire ---
[INFO] Using 'UTF-8' encoding to copy filtered resources.
[INFO] skip non existing resourceDirectory /home/travis/build/square/retrofit/retrofit-converters/wire/src/test/resources
[INFO] 
[INFO] --- maven-compiler-plugin:3.0:testCompile (default-testCompile) @ converter-wire ---
[INFO] Changes detected - recompiling the module!
[INFO] Compiling 2 source files to /home/travis/build/square/retrofit/retrofit-converters/wire/target/test-classes
[INFO] 
[INFO] --- maven-surefire-plugin:2.12.4:test (default-test) @ converter-wire ---
[INFO] Surefire report directory: /home/travis/build/square/retrofit/retrofit-converters/wire/target/surefire-reports

-------------------------------------------------------
 T E S T S
-------------------------------------------------------
Running retrofit.WireConverterTest
Tests run: 5, Failures: 0, Errors: 0, Skipped: 0, Time elapsed: 0.195 sec

Results :

Tests run: 5, Failures: 0, Errors: 0, Skipped: 0

[INFO]                                                                         
[INFO] ------------------------------------------------------------------------
[INFO] Building Converter: SimpleXML 2.0.0-SNAPSHOT
[INFO] ------------------------------------------------------------------------
[INFO] 
[INFO] --- maven-enforcer-plugin:1.0:enforce (enforce-maven) @ converter-simplexml ---
[INFO] 
[INFO] --- maven-resources-plugin:2.6:resources (default-resources) @ converter-simplexml ---
[INFO] Using 'UTF-8' encoding to copy filtered resources.
[INFO] skip non existing resourceDirectory /home/travis/build/square/retrofit/retrofit-converters/simplexml/src/main/resources
[INFO] 
[INFO] --- maven-compiler-plugin:3.0:compile (default-compile) @ converter-simplexml ---
[INFO] Changes detected - recompiling the module!
[INFO] Compiling 1 source file to /home/travis/build/square/retrofit/retrofit-converters/simplexml/target/classes
[INFO] 
[INFO] --- maven-resources-plugin:2.6:testResources (default-testResources) @ converter-simplexml ---
[INFO] Using 'UTF-8' encoding to copy filtered resources.
[INFO] skip non existing resourceDirectory /home/travis/build/square/retrofit/retrofit-converters/simplexml/src/test/resources
[INFO] 
[INFO] --- maven-compiler-plugin:3.0:testCompile (default-testCompile) @ converter-simplexml ---
[INFO] Changes detected - recompiling the module!
[INFO] Compiling 1 source file to /home/travis/build/square/retrofit/retrofit-converters/simplexml/target/test-classes
[INFO] 
[INFO] --- maven-surefire-plugin:2.12.4:test (default-test) @ converter-simplexml ---
[INFO] Surefire report directory: /home/travis/build/square/retrofit/retrofit-converters/simplexml/target/surefire-reports

-------------------------------------------------------
 T E S T S
-------------------------------------------------------
Running retrofit.SimpleXmlConverterTest
Tests run: 4, Failures: 0, Errors: 0, Skipped: 0, Time elapsed: 0.485 sec

Results :

Tests run: 4, Failures: 0, Errors: 0, Skipped: 0

[INFO]                                                                         
[INFO] ------------------------------------------------------------------------
[INFO] Building Samples 2.0.0-SNAPSHOT
[INFO] ------------------------------------------------------------------------
[INFO] 
[INFO] --- maven-enforcer-plugin:1.0:enforce (enforce-maven) @ samples ---
[INFO] 
[INFO] --- maven-resources-plugin:2.6:resources (default-resources) @ samples ---
[INFO] Using 'UTF-8' encoding to copy filtered resources.
[INFO] skip non existing resourceDirectory /home/travis/build/square/retrofit/samples/src/main/resources
[INFO] 
[INFO] --- maven-compiler-plugin:3.0:compile (default-compile) @ samples ---
[INFO] Changes detected - recompiling the module!
[INFO] Compiling 2 source files to /home/travis/build/square/retrofit/samples/target/classes
[INFO] 
[INFO] --- maven-resources-plugin:2.6:testResources (default-testResources) @ samples ---
[INFO] Using 'UTF-8' encoding to copy filtered resources.
[INFO] skip non existing resourceDirectory /home/travis/build/square/retrofit/samples/src/test/resources
[INFO] 
[INFO] --- maven-compiler-plugin:3.0:testCompile (default-testCompile) @ samples ---
[INFO] No sources to compile
[INFO] 
[INFO] --- maven-surefire-plugin:2.12.4:test (default-test) @ samples ---
[INFO] No tests to run.
[INFO] ------------------------------------------------------------------------
[INFO] Reactor Summary:
[INFO] 
[INFO] Retrofit (Parent) .................................. SUCCESS [  0.809 s]
[INFO] Retrofit ........................................... SUCCESS [ 13.407 s]
[INFO] Adapters ........................................... SUCCESS [  0.003 s]
[INFO] Adapter: RxJava .................................... SUCCESS [  1.911 s]
[INFO] Converters ......................................... SUCCESS [  0.001 s]
[INFO] Converter: Gson .................................... SUCCESS [  0.740 s]
[INFO] Converter: Protocol Buffers ........................ SUCCESS [  1.121 s]
[INFO] Converter: Jackson ................................. SUCCESS [  0.894 s]
[INFO] Converter: Wire Protocol Buffers ................... SUCCESS [  0.797 s]
[INFO] Converter: SimpleXML ............................... SUCCESS [  1.469 s]
[INFO] Samples ............................................ SUCCESS [  0.096 s]
[INFO] ------------------------------------------------------------------------
[INFO] BUILD SUCCESS
[INFO] ------------------------------------------------------------------------
[INFO] Total time: 21.804 s
[INFO] Finished at: 2015-06-05T17:44:14+00:00
[INFO] Final Memory: 27M/367M
[INFO] ------------------------------------------------------------------------
travis_time:end:18673aac:start=1433526230478353763,finish=1433526255333488438,duration=24855134675[0K
[32;1mThe command "mvn test -B" exited with 0.[0m
travis_fold:start:cache.2[0Kstore build cache
travis_time:start:17a1c52c[0Kchange detected: /home/travis/.m2/repository/com/squareup/retrofit/parent/2.0.0-SNAPSHOT/_remote.repositories
changes detected, packing new archive
uploading archive
travis_time:end:17a1c52c:start=1433526255337924655,finish=1433526265845773836,duration=10507849181[0Ktravis_fold:end:cache.2[0Ktravis_fold:start:after_success[0Ktravis_time:start:1124e88c[0K$ .buildscript/deploy_snapshot.sh
Deploying snapshot...
Java HotSpot(TM) 64-Bit Server VM warning: ignoring option MaxPermSize=192m; support was removed in 8.0
[INFO] Scanning for projects...
[WARNING] 
[WARNING] Some problems were encountered while building the effective model for com.squareup.retrofit:samples:jar:2.0.0-SNAPSHOT
[WARNING] 'build.plugins.plugin.version' for org.apache.maven.plugins:maven-deploy-plugin is missing. @ com.squareup.retrofit:samples:[unknown-version], /home/travis/build/square/retrofit/samples/pom.xml, line 36, column 15
[WARNING] 
[WARNING] It is highly recommended to fix these problems because they threaten the stability of your build.
[WARNING] 
[WARNING] For this reason, future Maven versions might no longer support building such malformed projects.
[WARNING] 
[INFO] ------------------------------------------------------------------------
[INFO] Reactor Build Order:
[INFO] 
[INFO] Retrofit (Parent)
[INFO] Retrofit
[INFO] Adapters
[INFO] Adapter: RxJava
[INFO] Converters
[INFO] Converter: Gson
[INFO] Converter: Protocol Buffers
[INFO] Converter: Jackson
[INFO] Converter: Wire Protocol Buffers
[INFO] Converter: SimpleXML
[INFO] Samples
Downloading: https://repo.maven.apache.org/maven2/org/apache/maven/plugins/maven-release-plugin/2.5/maven-release-plugin-2.5.pom
4/11 KB   8/11 KB   11/11 KB              Downloaded: https://repo.maven.apache.org/maven2/org/apache/maven/plugins/maven-release-plugin/2.5/maven-release-plugin-2.5.pom (11 KB at 6.7 KB/sec)
Downloading: https://repo.maven.apache.org/maven2/org/apache/maven/release/maven-release/2.5/maven-release-2.5.pom
4/5 KB     5/5 KB            Downloaded: https://repo.maven.apache.org/maven2/org/apache/maven/release/maven-release/2.5/maven-release-2.5.pom (5 KB at 78.9 KB/sec)
Downloading: https://repo.maven.apache.org/maven2/org/apache/maven/plugins/maven-release-plugin/2.5/maven-release-plugin-2.5.jar
4/50 KB   8/50 KB   12/50 KB   16/50 KB   20/50 KB   24/50 KB   28/50 KB   32/50 KB   36/50 KB   40/50 KB   44/50 KB   48/50 KB   50/50 KB              Downloaded: https://repo.maven.apache.org/maven2/org/apache/maven/plugins/maven-release-plugin/2.5/maven-release-plugin-2.5.jar (50 KB at 311.7 KB/sec)
Downloading: https://repo.maven.apache.org/maven2/org/apache/maven/plugins/maven-clean-plugin/2.5/maven-clean-plugin-2.5.pom
4/4 KB              Downloaded: https://repo.maven.apache.org/maven2/org/apache/maven/plugins/maven-clean-plugin/2.5/maven-clean-plugin-2.5.pom (4 KB at 47.2 KB/sec)
Downloading: https://repo.maven.apache.org/maven2/org/apache/maven/plugins/maven-clean-plugin/2.5/maven-clean-plugin-2.5.jar
4/25 KB   8/25 KB   12/25 KB   16/25 KB   20/25 KB   24/25 KB   25/25 KB              Downloaded: https://repo.maven.apache.org/maven2/org/apache/maven/plugins/maven-clean-plugin/2.5/maven-clean-plugin-2.5.jar (25 KB at 233.6 KB/sec)
Downloading: https://repo.maven.apache.org/maven2/org/apache/maven/plugins/maven-deploy-plugin/2.7/maven-deploy-plugin-2.7.pom
4/6 KB     6/6 KB            Downloaded: https://repo.maven.apache.org/maven2/org/apache/maven/plugins/maven-deploy-plugin/2.7/maven-deploy-plugin-2.7.pom (6 KB at 114.2 KB/sec)
Downloading: https://repo.maven.apache.org/maven2/org/apache/maven/plugins/maven-deploy-plugin/2.7/maven-deploy-plugin-2.7.jar
4/27 KB   8/27 KB   12/27 KB   16/27 KB   20/27 KB   24/27 KB   27/27 KB              Downloaded: https://repo.maven.apache.org/maven2/org/apache/maven/plugins/maven-deploy-plugin/2.7/maven-deploy-plugin-2.7.jar (27 KB at 494.4 KB/sec)
Downloading: https://repo.maven.apache.org/maven2/org/apache/maven/plugins/maven-site-plugin/3.3/maven-site-plugin-3.3.pom
4/21 KB    8/21 KB   12/21 KB   16/21 KB   20/21 KB   21/21 KB              Downloaded: https://repo.maven.apache.org/maven2/org/apache/maven/plugins/maven-site-plugin/3.3/maven-site-plugin-3.3.pom (21 KB at 267.4 KB/sec)
Downloading: https://repo.maven.apache.org/maven2/org/apache/maven/plugins/maven-plugins/24/maven-plugins-24.pom
4/11 KB    8/11 KB   11/11 KB              Downloaded: https://repo.maven.apache.org/maven2/org/apache/maven/plugins/maven-plugins/24/maven-plugins-24.pom (11 KB at 211.1 KB/sec)
Downloading: https://repo.maven.apache.org/maven2/org/apache/maven/plugins/maven-site-plugin/3.3/maven-site-plugin-3.3.jar
4/122 KB   8/122 KB   12/122 KB   16/122 KB   20/122 KB   24/122 KB   28/122 KB   32/122 KB   36/122 KB   40/122 KB   44/122 KB   48/122 KB   52/122 KB   56/122 KB   60/122 KB   64/122 KB   68/122 KB   72/122 KB   76/122 KB   80/122 KB   84/122 KB   88/122 KB   92/122 KB   96/122 KB   100/122 KB   104/122 KB   108/122 KB   112/122 KB   116/122 KB   120/122 KB   122/122 KB                Downloaded: https://repo.maven.apache.org/maven2/org/apache/maven/plugins/maven-site-plugin/3.3/maven-site-plugin-3.3.jar (122 KB at 1278.3 KB/sec)
Downloading: https://repo.maven.apache.org/maven2/org/apache/maven/plugins/maven-antrun-plugin/1.3/maven-antrun-plugin-1.3.pom
4/5 KB       5/5 KB            Downloaded: https://repo.maven.apache.org/maven2/org/apache/maven/plugins/maven-antrun-plugin/1.3/maven-antrun-plugin-1.3.pom (5 KB at 98.3 KB/sec)
Downloading: https://repo.maven.apache.org/maven2/org/apache/maven/plugins/maven-plugins/12/maven-plugins-12.pom
4/12 KB   8/12 KB   12/12 KB              Downloaded: https://repo.maven.apache.org/maven2/org/apache/maven/plugins/maven-plugins/12/maven-plugins-12.pom (12 KB at 273.2 KB/sec)
Downloading: https://repo.maven.apache.org/maven2/org/apache/maven/maven-parent/9/maven-parent-9.pom
4/33 KB    8/33 KB   12/33 KB   16/33 KB   20/33 KB   24/33 KB   28/33 KB   32/33 KB   33/33 KB              Downloaded: https://repo.maven.apache.org/maven2/org/apache/maven/maven-parent/9/maven-parent-9.pom (33 KB at 628.8 KB/sec)
Downloading: https://repo.maven.apache.org/maven2/org/apache/maven/plugins/maven-antrun-plugin/1.3/maven-antrun-plugin-1.3.jar
4/24 KB    8/24 KB   12/24 KB   16/24 KB   20/24 KB   24/24 KB              Downloaded: https://repo.maven.apache.org/maven2/org/apache/maven/plugins/maven-antrun-plugin/1.3/maven-antrun-plugin-1.3.jar (24 KB at 489.8 KB/sec)
Downloading: https://repo.maven.apache.org/maven2/org/apache/maven/plugins/maven-assembly-plugin/2.2-beta-5/maven-assembly-plugin-2.2-beta-5.pom
4/15 KB    8/15 KB   12/15 KB   15/15 KB              Downloaded: https://repo.maven.apache.org/maven2/org/apache/maven/plugins/maven-assembly-plugin/2.2-beta-5/maven-assembly-plugin-2.2-beta-5.pom (15 KB at 308.4 KB/sec)
Downloading: https://repo.maven.apache.org/maven2/org/apache/maven/plugins/maven-plugins/16/maven-plugins-16.pom
4/13 KB    8/13 KB   12/13 KB   13/13 KB              Downloaded: https://repo.maven.apache.org/maven2/org/apache/maven/plugins/maven-plugins/16/maven-plugins-16.pom (13 KB at 210.8 KB/sec)
Downloading: https://repo.maven.apache.org/maven2/org/apache/maven/maven-parent/15/maven-parent-15.pom
4/24 KB    8/24 KB   12/24 KB   16/24 KB   20/24 KB   24/24 KB              Downloaded: https://repo.maven.apache.org/maven2/org/apache/maven/maven-parent/15/maven-parent-15.pom (24 KB at 498.7 KB/sec)
Downloading: https://repo.maven.apache.org/maven2/org/apache/maven/plugins/maven-assembly-plugin/2.2-beta-5/maven-assembly-plugin-2.2-beta-5.jar
4/204 KB   8/204 KB   12/204 KB   16/204 KB   20/204 KB   24/204 KB   28/204 KB   32/204 KB   36/204 KB   40/204 KB   44/204 KB   48/204 KB   52/204 KB   56/204 KB   60/204 KB   64/204 KB   68/204 KB   72/204 KB   76/204 KB   80/204 KB   84/204 KB   88/204 KB   92/204 KB   96/204 KB   100/204 KB   104/204 KB   108/204 KB   112/204 KB   116/204 KB   120/204 KB   124/204 KB   128/204 KB   132/204 KB   136/204 KB   140/204 KB   144/204 KB   148/204 KB   152/204 KB   156/204 KB   160/204 KB   164/204 KB   168/204 KB   172/204 KB   176/204 KB   180/204 KB   184/204 KB   188/204 KB   192/204 KB   196/204 KB   200/204 KB   204/204 KB   204/204 KB                Downloaded: https://repo.maven.apache.org/maven2/org/apache/maven/plugins/maven-assembly-plugin/2.2-beta-5/maven-assembly-plugin-2.2-beta-5.jar (204 KB at 1906.2 KB/sec)
Downloading: https://repo.maven.apache.org/maven2/org/apache/maven/plugins/maven-dependency-plugin/2.8/maven-dependency-plugin-2.8.pom
4/12 KB      8/12 KB   12/12 KB              Downloaded: https://repo.maven.apache.org/maven2/org/apache/maven/plugins/maven-dependency-plugin/2.8/maven-dependency-plugin-2.8.pom (12 KB at 162.1 KB/sec)
Downloading: https://repo.maven.apache.org/maven2/org/apache/maven/plugins/maven-dependency-plugin/2.8/maven-dependency-plugin-2.8.jar
4/150 KB   8/150 KB   12/150 KB   16/150 KB   20/150 KB   24/150 KB   28/150 KB   32/150 KB   36/150 KB   40/150 KB   44/150 KB   48/150 KB   52/150 KB   56/150 KB   60/150 KB   64/150 KB   68/150 KB   72/150 KB   76/150 KB   80/150 KB   84/150 KB   88/150 KB   92/150 KB   96/150 KB   100/150 KB   104/150 KB   108/150 KB   112/150 KB   116/150 KB   120/150 KB   124/150 KB   128/150 KB   132/150 KB   136/150 KB   140/150 KB   144/150 KB   148/150 KB   150/150 KB                Downloaded: https://repo.maven.apache.org/maven2/org/apache/maven/plugins/maven-dependency-plugin/2.8/maven-dependency-plugin-2.8.jar (150 KB at 1680.8 KB/sec)
Downloading: https://repo.maven.apache.org/maven2/org/apache/maven/plugins/maven-release-plugin/2.1/maven-release-plugin-2.1.pom
4/9 KB       8/9 KB   9/9 KB            Downloaded: https://repo.maven.apache.org/maven2/org/apache/maven/plugins/maven-release-plugin/2.1/maven-release-plugin-2.1.pom (9 KB at 123.5 KB/sec)
Downloading: https://repo.maven.apache.org/maven2/org/apache/maven/release/maven-release/2.1/maven-release-2.1.pom
4/7 KB   7/7 KB            Downloaded: https://repo.maven.apache.org/maven2/org/apache/maven/release/maven-release/2.1/maven-release-2.1.pom (7 KB at 93.3 KB/sec)
Downloading: https://repo.maven.apache.org/maven2/org/apache/maven/plugins/maven-release-plugin/2.1/maven-release-plugin-2.1.jar
4/40 KB   8/40 KB   12/40 KB   16/40 KB   20/40 KB   24/40 KB   28/40 KB   32/40 KB   36/40 KB   40/40 KB              Downloaded: https://repo.maven.apache.org/maven2/org/apache/maven/plugins/maven-release-plugin/2.1/maven-release-plugin-2.1.jar (40 KB at 516.0 KB/sec)
Downloading: https://repo.maven.apache.org/maven2/org/apache/maven/plugins/maven-metadata.xml
Downloading: https://repo.maven.apache.org/maven2/org/codehaus/mojo/maven-metadata.xml
4/13 KB    8/13 KB   12/13 KB   13/13 KB              Downloaded: https://repo.maven.apache.org/maven2/org/apache/maven/plugins/maven-metadata.xml (13 KB at 211.3 KB/sec)
4/20 KB    8/20 KB   12/20 KB   16/20 KB   20/20 KB   20/20 KB              Downloaded: https://repo.maven.apache.org/maven2/org/codehaus/mojo/maven-metadata.xml (20 KB at 128.6 KB/sec)
Downloading: https://repo.maven.apache.org/maven2/org/apache/maven/plugins/maven-source-plugin/maven-metadata.xml
746/746 B               Downloaded: https://repo.maven.apache.org/maven2/org/apache/maven/plugins/maven-source-plugin/maven-metadata.xml (746 B at 14.6 KB/sec)
Downloading: https://repo.maven.apache.org/maven2/org/apache/maven/plugins/maven-source-plugin/2.4/maven-source-plugin-2.4.pom
4/7 KB      7/7 KB            Downloaded: https://repo.maven.apache.org/maven2/org/apache/maven/plugins/maven-source-plugin/2.4/maven-source-plugin-2.4.pom (7 KB at 135.2 KB/sec)
Downloading: https://repo.maven.apache.org/maven2/org/apache/maven/plugins/maven-plugins/25/maven-plugins-25.pom
4/10 KB   8/10 KB   10/10 KB              Downloaded: https://repo.maven.apache.org/maven2/org/apache/maven/plugins/maven-plugins/25/maven-plugins-25.pom (10 KB at 216.9 KB/sec)
Downloading: https://repo.maven.apache.org/maven2/org/apache/maven/plugins/maven-source-plugin/2.4/maven-source-plugin-2.4.jar
4/31 KB    8/31 KB   12/31 KB   16/31 KB   20/31 KB   24/31 KB   28/31 KB   31/31 KB              Downloaded: https://repo.maven.apache.org/maven2/org/apache/maven/plugins/maven-source-plugin/2.4/maven-source-plugin-2.4.jar (31 KB at 548.0 KB/sec)
Downloading: https://repo.maven.apache.org/maven2/org/apache/maven/plugins/maven-javadoc-plugin/maven-metadata.xml
910/910 B               Downloaded: https://repo.maven.apache.org/maven2/org/apache/maven/plugins/maven-javadoc-plugin/maven-metadata.xml (910 B at 19.7 KB/sec)
Downloading: https://repo.maven.apache.org/maven2/org/apache/maven/plugins/maven-javadoc-plugin/2.10.3/maven-javadoc-plugin-2.10.3.pom
4/16 KB     8/16 KB   12/16 KB   16/16 KB   16/16 KB              Downloaded: https://repo.maven.apache.org/maven2/org/apache/maven/plugins/maven-javadoc-plugin/2.10.3/maven-javadoc-plugin-2.10.3.pom (16 KB at 378.7 KB/sec)
Downloading: https://repo.maven.apache.org/maven2/org/apache/maven/plugins/maven-javadoc-plugin/2.10.3/maven-javadoc-plugin-2.10.3.jar
4/396 KB   8/396 KB   12/396 KB   16/396 KB   20/396 KB   24/396 KB   28/396 KB   32/396 KB   36/396 KB   40/396 KB   44/396 KB   48/396 KB   52/396 KB   56/396 KB   60/396 KB   64/396 KB   68/396 KB   72/396 KB   76/396 KB   80/396 KB   84/396 KB   88/396 KB   92/396 KB   96/396 KB   100/396 KB   104/396 KB   108/396 KB   112/396 KB   116/396 KB   120/396 KB   124/396 KB   128/396 KB   132/396 KB   136/396 KB   140/396 KB   144/396 KB   148/396 KB   152/396 KB   156/396 KB   160/396 KB   164/396 KB   168/396 KB   172/396 KB   176/396 KB   180/396 KB   184/396 KB   188/396 KB   192/396 KB   196/396 KB   200/396 KB   204/396 KB   208/396 KB   212/396 KB   216/396 KB   220/396 KB   224/396 KB   228/396 KB   232/396 KB   236/396 KB   240/396 KB   244/396 KB   248/396 KB   252/396 KB   256/396 KB   260/396 KB   264/396 KB   268/396 KB   272/396 KB   276/396 KB   280/396 KB   284/396 KB   288/396 KB   292/396 KB   296/396 KB   300/396 KB   304/396 KB   308/396 KB   312/396 KB   316/396 KB   320/396 KB   324/396 KB   328/396 KB   332/396 KB   336/396 KB   340/396 KB   344/396 KB   348/396 KB   352/396 KB   356/396 KB   360/396 KB   364/396 KB   368/396 KB   372/396 KB   376/396 KB   380/396 KB   384/396 KB   388/396 KB   392/396 KB   396/396 KB   396/396 KB                Downloaded: https://repo.maven.apache.org/maven2/org/apache/maven/plugins/maven-javadoc-plugin/2.10.3/maven-javadoc-plugin-2.10.3.jar (396 KB at 1940.0 KB/sec)
[INFO]                                                                         
[INFO] ------------------------------------------------------------------------
[INFO] Building Retrofit (Parent) 2.0.0-SNAPSHOT
[INFO] ------------------------------------------------------------------------
[INFO] 
[INFO] --- maven-clean-plugin:2.5:clean (default-clean) @ parent ---
[INFO] 
[INFO] >>> maven-source-plugin:2.4:jar (default-cli) > generate-sources @ parent >>>
[INFO] 
[INFO] --- maven-enforcer-plugin:1.0:enforce (enforce-maven) @ parent ---
[INFO] 
[INFO] <<< maven-source-plugin:2.4:jar (default-cli) < generate-sources @ parent <<<
[INFO] 
[INFO] --- maven-source-plugin:2.4:jar (default-cli) @ parent ---
Downloading: https://repo.maven.apache.org/maven2/org/codehaus/plexus/plexus-archiver/2.6.3/plexus-archiver-2.6.3.pom
4/4 KB                Downloaded: https://repo.maven.apache.org/maven2/org/codehaus/plexus/plexus-archiver/2.6.3/plexus-archiver-2.6.3.pom (4 KB at 26.0 KB/sec)
Downloading: https://repo.maven.apache.org/maven2/org/codehaus/plexus/plexus-utils/3.0.18/plexus-utils-3.0.18.pom
4/4 KB            Downloaded: https://repo.maven.apache.org/maven2/org/codehaus/plexus/plexus-utils/3.0.18/plexus-utils-3.0.18.pom (4 KB at 82.9 KB/sec)
Downloading: https://repo.maven.apache.org/maven2/org/codehaus/plexus/plexus-io/2.1.3/plexus-io-2.1.3.pom
3/3 KB            Downloaded: https://repo.maven.apache.org/maven2/org/codehaus/plexus/plexus-io/2.1.3/plexus-io-2.1.3.pom (3 KB at 35.9 KB/sec)
Downloading: https://repo.maven.apache.org/maven2/org/codehaus/plexus/plexus-components/1.2/plexus-components-1.2.pom
3/3 KB            Downloaded: https://repo.maven.apache.org/maven2/org/codehaus/plexus/plexus-components/1.2/plexus-components-1.2.pom (3 KB at 62.2 KB/sec)
Downloading: https://repo.maven.apache.org/maven2/org/apache/commons/commons-compress/1.8.1/commons-compress-1.8.1.pom
4/12 KB   8/12 KB   12/12 KB              Downloaded: https://repo.maven.apache.org/maven2/org/apache/commons/commons-compress/1.8.1/commons-compress-1.8.1.pom (12 KB at 248.1 KB/sec)
Downloading: https://repo.maven.apache.org/maven2/org/apache/commons/commons-parent/33/commons-parent-33.pom
4/52 KB    8/52 KB   12/52 KB   16/52 KB   20/52 KB   24/52 KB   28/52 KB   32/52 KB   36/52 KB   40/52 KB   44/52 KB   48/52 KB   52/52 KB   52/52 KB              Downloaded: https://repo.maven.apache.org/maven2/org/apache/commons/commons-parent/33/commons-parent-33.pom (52 KB at 751.4 KB/sec)
Downloading: https://repo.maven.apache.org/maven2/org/codehaus/plexus/plexus-interpolation/1.11/plexus-interpolation-1.11.jar
Downloading: https://repo.maven.apache.org/maven2/org/codehaus/plexus/plexus-archiver/2.6.3/plexus-archiver-2.6.3.jar
Downloading: https://repo.maven.apache.org/maven2/org/codehaus/plexus/plexus-io/2.1.3/plexus-io-2.1.3.jar
Downloading: https://repo.maven.apache.org/maven2/org/apache/commons/commons-compress/1.8.1/commons-compress-1.8.1.jar
Downloading: https://repo.maven.apache.org/maven2/org/codehaus/plexus/plexus-utils/3.0.18/plexus-utils-3.0.18.jar
4/50 KB    8/50 KB   4/129 KB   12/50 KB   4/129 KB   16/50 KB   4/129 KB   20/50 KB   4/129 KB   4/50 KB   4/129 KB   20/50 KB   8/129 KB   20/50 KB   12/129 KB   20/50 KB   16/129 KB   20/50 KB   20/129 KB   24/50 KB   24/129 KB   24/50 KB   28/129 KB   24/50 KB   32/129 KB   24/50 KB   36/129 KB   24/50 KB   20/129 KB   4/65 KB   28/50 KB   36/129 KB   4/238 KB   4/65 KB   32/50 KB   36/129 KB   4/238 KB   4/65 KB   32/50 KB   36/129 KB   4/238 KB   4/357 KB   4/65 KB   32/50 KB   36/129 KB   4/238 KB   8/357 KB   4/65 KB   32/50 KB   36/129 KB   4/238 KB   12/357 KB   4/65 KB   32/50 KB   36/129 KB   4/238 KB   16/357 KB   4/65 KB   24/50 KB   36/129 KB   4/238 KB   24/50 KB   36/129 KB   4/238 KB   8/65 KB   32/50 KB   36/129 KB   4/238 KB   16/357 KB   12/65 KB   32/50 KB   36/129 KB   4/238 KB   16/357 KB   16/65 KB   32/50 KB   36/129 KB   4/238 KB   16/357 KB   16/65 KB   36/50 KB   36/129 KB   4/238 KB   16/357 KB   16/65 KB   40/50 KB   36/129 KB   4/238 KB   16/357 KB   16/65 KB   44/50 KB   36/129 KB   4/238 KB   20/357 KB   16/65 KB   48/50 KB   36/129 KB   4/238 KB   20/357 KB   16/65 KB   50/50 KB   40/129 KB   4/238 KB   20/357 KB   16/65 KB   40/50 KB   36/129 KB   4/238 KB   20/357 KB   16/65 KB   50/50 KB   40/129 KB   4/238 KB   24/357 KB   16/65 KB   50/50 KB   40/129 KB   4/238 KB   28/357 KB   16/65 KB   50/50 KB   40/129 KB   4/238 KB   32/357 KB   20/65 KB   50/50 KB   40/129 KB   4/238 KB   32/357 KB   16/65 KB   48/50 KB   40/129 KB   4/238 KB   20/357 KB   24/65 KB   50/50 KB   40/129 KB   8/238 KB   36/357 KB   24/65 KB   50/50 KB   44/129 KB   8/238 KB   36/357 KB   20/65 KB   50/50 KB   40/129 KB   8/238 KB   36/357 KB   20/65 KB   50/50 KB   40/129 KB   8/238 KB   32/357 KB   28/65 KB   50/50 KB   48/129 KB   8/238 KB   36/357 KB   28/65 KB   50/50 KB   48/129 KB   12/238 KB   36/357 KB   28/65 KB   50/50 KB   48/129 KB   16/238 KB   36/357 KB   28/65 KB   50/50 KB   52/129 KB   16/238 KB   36/357 KB   28/65 KB   50/50 KB   56/129 KB   16/238 KB   36/357 KB   28/65 KB   50/50 KB   60/129 KB   16/238 KB   36/357 KB   28/65 KB   50/50 KB   64/129 KB   16/238 KB   36/357 KB   28/65 KB   50/50 KB   64/129 KB   20/238 KB   36/357 KB   28/65 KB   50/50 KB   64/129 KB   24/238 KB   40/357 KB   28/65 KB   50/50 KB   64/129 KB   28/238 KB   40/357 KB   28/65 KB   50/50 KB   64/129 KB   32/238 KB   40/357 KB                                                             Downloaded: https://repo.maven.apache.org/maven2/org/codehaus/plexus/plexus-interpolation/1.11/plexus-interpolation-1.11.jar (50 KB at 233.5 KB/sec)
28/65 KB   50/50 KB   44/129 KB   8/238 KB   36/357 KB   32/65 KB   64/129 KB   32/238 KB   40/357 KB              32/65 KB   68/129 KB   32/238 KB   40/357 KB   28/65 KB   50/50 KB   64/129 KB   20/238 KB   40/357 KB   36/65 KB   72/129 KB   36/238 KB   44/357 KB   36/65 KB   68/129 KB   36/238 KB   40/357 KB   36/65 KB   76/129 KB   36/238 KB   44/357 KB   36/65 KB   76/129 KB   40/238 KB   44/357 KB   36/65 KB   80/129 KB   40/238 KB   44/357 KB   36/65 KB   68/129 KB   32/238 KB   40/357 KB   40/65 KB   80/129 KB   44/238 KB   44/357 KB   44/65 KB   80/129 KB   44/238 KB   44/357 KB   48/65 KB   80/129 KB   44/238 KB   44/357 KB   48/65 KB   84/129 KB   44/238 KB   44/357 KB   36/65 KB   80/129 KB   44/238 KB   44/357 KB   36/65 KB   72/129 KB   36/238 KB   44/357 KB   52/65 KB   88/129 KB   44/238 KB   44/357 KB   52/65 KB   92/129 KB   48/238 KB   48/357 KB   52/65 KB   84/129 KB   44/238 KB   44/357 KB   52/65 KB   96/129 KB   48/238 KB   48/357 KB   56/65 KB   96/129 KB   48/238 KB   48/357 KB   60/65 KB   96/129 KB   48/238 KB   48/357 KB   64/65 KB   96/129 KB   48/238 KB   48/357 KB   65/65 KB   96/129 KB   48/238 KB   48/357 KB   52/65 KB   92/129 KB   48/238 KB   48/357 KB   52/65 KB   88/129 KB   44/238 KB   48/357 KB   65/65 KB   100/129 KB   48/238 KB   48/357 KB   65/65 KB   104/129 KB   52/238 KB   52/357 KB   65/65 KB   108/129 KB   52/238 KB   52/357 KB   65/65 KB   112/129 KB   52/238 KB   52/357 KB   65/65 KB   116/129 KB   52/238 KB   52/357 KB   65/65 KB   120/129 KB   52/238 KB   52/357 KB   65/65 KB   124/129 KB   52/238 KB   52/357 KB   65/65 KB   128/129 KB   52/238 KB   52/357 KB   65/65 KB   100/129 KB   52/238 KB   52/357 KB   65/65 KB   100/129 KB   48/238 KB   52/357 KB   65/65 KB   128/129 KB   52/238 KB   56/357 KB   65/65 KB   128/129 KB   52/238 KB   60/357 KB   65/65 KB   128/129 KB   52/238 KB   64/357 KB   65/65 KB   129/129 KB   52/238 KB   64/357 KB   65/65 KB   129/129 KB   52/238 KB   68/357 KB   65/65 KB   129/129 KB   52/238 KB   72/357 KB   65/65 KB   129/129 KB   52/238 KB   76/357 KB   65/65 KB   129/129 KB   52/238 KB   80/357 KB   65/65 KB   129/129 KB   56/238 KB   80/357 KB                                                   129/129 KB   60/238 KB   84/357 KB              129/129 KB   64/238 KB   84/357 KB   129/129 KB   68/238 KB   84/357 KB   129/129 KB   72/238 KB   84/357 KB   129/129 KB   76/238 KB   84/357 KB   129/129 KB   80/238 KB   84/357 KB   129/129 KB   84/238 KB   84/357 KB   65/65 KB   129/129 KB   56/238 KB   84/357 KB   84/238 KB   88/357 KB                84/238 KB   92/357 KB   84/238 KB   96/357 KB   84/238 KB   100/357 KB   84/238 KB   104/357 KB   84/238 KB   108/357 KB   84/238 KB   112/357 KB   84/238 KB   116/357 KB                                        Downloaded: https://repo.maven.apache.org/maven2/org/codehaus/plexus/plexus-io/2.1.3/plexus-io-2.1.3.jar (65 KB at 242.1 KB/sec)
88/238 KB   120/357 KB   Downloaded: https://repo.maven.apache.org/maven2/org/codehaus/plexus/plexus-archiver/2.6.3/plexus-archiver-2.6.3.jar (129 KB at 404.6 KB/sec)
88/238 KB   116/357 KB   92/238 KB   120/357 KB   96/238 KB   120/357 KB   100/238 KB   120/357 KB   104/238 KB   124/357 KB   108/238 KB   124/357 KB   112/238 KB   124/357 KB   100/238 KB   124/357 KB   112/238 KB   128/357 KB   116/238 KB   128/357 KB   120/238 KB   128/357 KB   124/238 KB   128/357 KB   128/238 KB   128/357 KB   132/238 KB   128/357 KB   136/238 KB   128/357 KB   140/238 KB   128/357 KB   144/238 KB   128/357 KB   144/238 KB   132/357 KB   144/238 KB   136/357 KB   144/238 KB   140/357 KB   144/238 KB   144/357 KB   148/238 KB   144/357 KB   152/238 KB   148/357 KB   156/238 KB   148/357 KB   160/238 KB   148/357 KB   164/238 KB   148/357 KB   148/238 KB   148/357 KB   164/238 KB   152/357 KB   164/238 KB   156/357 KB   164/238 KB   160/357 KB   164/238 KB   164/357 KB   168/238 KB   168/357 KB   168/238 KB   172/357 KB   168/238 KB   176/357 KB   168/238 KB   180/357 KB   168/238 KB   164/357 KB   172/238 KB   180/357 KB   176/238 KB   180/357 KB   180/238 KB   180/357 KB   184/238 KB   180/357 KB   188/238 KB   184/357 KB   192/238 KB   184/357 KB   196/238 KB   184/357 KB   184/238 KB   184/357 KB   196/238 KB   188/357 KB   196/238 KB   192/357 KB   196/238 KB   196/357 KB   200/238 KB   200/357 KB   200/238 KB   204/357 KB   200/238 KB   208/357 KB   200/238 KB   212/357 KB   200/238 KB   196/357 KB   204/238 KB   212/357 KB   208/238 KB   212/357 KB   212/238 KB   212/357 KB   216/238 KB   216/357 KB   220/238 KB   216/357 KB   224/238 KB   216/357 KB   228/238 KB   216/357 KB   232/238 KB   216/357 KB   236/238 KB   216/357 KB   238/238 KB   216/357 KB   212/238 KB   216/357 KB   238/238 KB   220/357 KB   238/238 KB   224/357 KB   238/238 KB   228/357 KB   238/238 KB   232/357 KB   238/238 KB   236/357 KB   238/238 KB   240/357 KB   238/238 KB   244/357 KB   238/238 KB   248/357 KB   238/238 KB   252/357 KB   238/238 KB   256/357 KB   238/238 KB   260/357 KB   238/238 KB   264/357 KB   238/238 KB   268/357 KB   238/238 KB   272/357 KB   238/238 KB   276/357 KB   238/238 KB   280/357 KB   238/238 KB   284/357 KB   238/238 KB   288/357 KB   238/238 KB   292/357 KB   238/238 KB   296/357 KB   238/238 KB   300/357 KB   238/238 KB   304/357 KB                             Downloaded: https://repo.maven.apache.org/maven2/org/codehaus/plexus/plexus-utils/3.0.18/plexus-utils-3.0.18.jar (238 KB at 567.7 KB/sec)
308/357 KB                312/357 KB   316/357 KB   320/357 KB   324/357 KB   328/357 KB   332/357 KB   336/357 KB   340/357 KB   344/357 KB   348/357 KB   352/357 KB   356/357 KB   357/357 KB                Downloaded: https://repo.maven.apache.org/maven2/org/apache/commons/commons-compress/1.8.1/commons-compress-1.8.1.jar (357 KB at 761.2 KB/sec)
[INFO] 
[INFO] --- maven-javadoc-plugin:2.10.3:jar (default-cli) @ parent ---
Downloading: https://repo.maven.apache.org/maven2/org/apache/maven/maven-toolchain/2.2.1/maven-toolchain-2.2.1.pom
4/4 KB                Downloaded: https://repo.maven.apache.org/maven2/org/apache/maven/maven-toolchain/2.2.1/maven-toolchain-2.2.1.pom (4 KB at 27.4 KB/sec)
Downloading: https://repo.maven.apache.org/maven2/org/apache/maven/shared/maven-invoker/2.0.9/maven-invoker-2.0.9.pom
4/6 KB   6/6 KB            Downloaded: https://repo.maven.apache.org/maven2/org/apache/maven/shared/maven-invoker/2.0.9/maven-invoker-2.0.9.pom (6 KB at 89.5 KB/sec)
Downloading: https://repo.maven.apache.org/maven2/org/codehaus/plexus/plexus-utils/1.5.6/plexus-utils-1.5.6.pom
4/6 KB   6/6 KB            Downloaded: https://repo.maven.apache.org/maven2/org/codehaus/plexus/plexus-utils/1.5.6/plexus-utils-1.5.6.pom (6 KB at 110.2 KB/sec)
Downloading: https://repo.maven.apache.org/maven2/org/codehaus/plexus/plexus/1.0.12/plexus-1.0.12.pom
4/10 KB   8/10 KB   10/10 KB              Downloaded: https://repo.maven.apache.org/maven2/org/codehaus/plexus/plexus/1.0.12/plexus-1.0.12.pom (10 KB at 251.9 KB/sec)
Downloading: https://repo.maven.apache.org/maven2/org/apache/maven/maven-artifact/2.0.8/maven-artifact-2.0.8.pom
2/2 KB              Downloaded: https://repo.maven.apache.org/maven2/org/apache/maven/maven-artifact/2.0.8/maven-artifact-2.0.8.pom (2 KB at 39.5 KB/sec)
Downloading: https://repo.maven.apache.org/maven2/org/codehaus/plexus/plexus-utils/1.4.6/plexus-utils-1.4.6.pom
3/3 KB            Downloaded: https://repo.maven.apache.org/maven2/org/codehaus/plexus/plexus-utils/1.4.6/plexus-utils-1.4.6.pom (3 KB at 48.1 KB/sec)
Downloading: https://repo.maven.apache.org/maven2/org/apache/maven/maven-project/2.0.8/maven-project-2.0.8.pom
3/3 KB            Downloaded: https://repo.maven.apache.org/maven2/org/apache/maven/maven-project/2.0.8/maven-project-2.0.8.pom (3 KB at 44.1 KB/sec)
Downloading: https://repo.maven.apache.org/maven2/org/apache/maven/maven-settings/2.0.8/maven-settings-2.0.8.pom
3/3 KB            Downloaded: https://repo.maven.apache.org/maven2/org/apache/maven/maven-settings/2.0.8/maven-settings-2.0.8.pom (3 KB at 34.7 KB/sec)
Downloading: https://repo.maven.apache.org/maven2/org/apache/maven/maven-profile/2.0.8/maven-profile-2.0.8.pom
2/2 KB            Downloaded: https://repo.maven.apache.org/maven2/org/apache/maven/maven-profile/2.0.8/maven-profile-2.0.8.pom (2 KB at 33.2 KB/sec)
Downloading: https://repo.maven.apache.org/maven2/org/apache/maven/maven-artifact-manager/2.0.8/maven-artifact-manager-2.0.8.pom
3/3 KB            Downloaded: https://repo.maven.apache.org/maven2/org/apache/maven/maven-artifact-manager/2.0.8/maven-artifact-manager-2.0.8.pom (3 KB at 54.9 KB/sec)
Downloading: https://repo.maven.apache.org/maven2/org/apache/maven/maven-repository-metadata/2.0.8/maven-repository-metadata-2.0.8.pom
2/2 KB            Downloaded: https://repo.maven.apache.org/maven2/org/apache/maven/maven-repository-metadata/2.0.8/maven-repository-metadata-2.0.8.pom (2 KB at 39.5 KB/sec)
Downloading: https://repo.maven.apache.org/maven2/org/apache/maven/maven-plugin-registry/2.0.8/maven-plugin-registry-2.0.8.pom
2/2 KB            Downloaded: https://repo.maven.apache.org/maven2/org/apache/maven/maven-plugin-registry/2.0.8/maven-plugin-registry-2.0.8.pom (2 KB at 42.4 KB/sec)
Downloading: https://repo.maven.apache.org/maven2/org/apache/maven/maven-plugin-api/2.0.8/maven-plugin-api-2.0.8.pom
2/2 KB            Downloaded: https://repo.maven.apache.org/maven2/org/apache/maven/maven-plugin-api/2.0.8/maven-plugin-api-2.0.8.pom (2 KB at 33.9 KB/sec)
Downloading: https://repo.maven.apache.org/maven2/org/codehaus/plexus/plexus-utils/1.4.9/plexus-utils-1.4.9.pom
3/3 KB            Downloaded: https://repo.maven.apache.org/maven2/org/codehaus/plexus/plexus-utils/1.4.9/plexus-utils-1.4.9.pom (3 KB at 46.7 KB/sec)
Downloading: https://repo.maven.apache.org/maven2/org/apache/maven/wagon/wagon-provider-api/1.0-beta-6/wagon-provider-api-1.0-beta-6.pom
2/2 KB            Downloaded: https://repo.maven.apache.org/maven2/org/apache/maven/wagon/wagon-provider-api/1.0-beta-6/wagon-provider-api-1.0-beta-6.pom (2 KB at 31.8 KB/sec)
Downloading: https://repo.maven.apache.org/maven2/org/apache/maven/wagon/wagon/1.0-beta-6/wagon-1.0-beta-6.pom
4/13 KB   8/13 KB   12/13 KB   13/13 KB              Downloaded: https://repo.maven.apache.org/maven2/org/apache/maven/wagon/wagon/1.0-beta-6/wagon-1.0-beta-6.pom (13 KB at 237.2 KB/sec)
Downloading: https://repo.maven.apache.org/maven2/org/codehaus/plexus/plexus-utils/1.4.2/plexus-utils-1.4.2.pom
2/2 KB              Downloaded: https://repo.maven.apache.org/maven2/org/codehaus/plexus/plexus-utils/1.4.2/plexus-utils-1.4.2.pom (2 KB at 39.0 KB/sec)
Downloading: https://repo.maven.apache.org/maven2/commons-io/commons-io/2.2/commons-io-2.2.pom
4/11 KB   8/11 KB   11/11 KB              Downloaded: https://repo.maven.apache.org/maven2/commons-io/commons-io/2.2/commons-io-2.2.pom (11 KB at 86.9 KB/sec)
Downloading: https://repo.maven.apache.org/maven2/org/apache/commons/commons-parent/24/commons-parent-24.pom
4/47 KB    8/47 KB   12/47 KB   16/47 KB   20/47 KB   24/47 KB   28/47 KB   32/47 KB   36/47 KB   40/47 KB   44/47 KB   47/47 KB              Downloaded: https://repo.maven.apache.org/maven2/org/apache/commons/commons-parent/24/commons-parent-24.pom (47 KB at 668.9 KB/sec)
Downloading: https://repo.maven.apache.org/maven2/org/apache/httpcomponents/httpclient/4.2.3/httpclient-4.2.3.pom
4/6 KB     6/6 KB            Downloaded: https://repo.maven.apache.org/maven2/org/apache/httpcomponents/httpclient/4.2.3/httpclient-4.2.3.pom (6 KB at 115.4 KB/sec)
Downloading: https://repo.maven.apache.org/maven2/org/apache/httpcomponents/httpcomponents-client/4.2.3/httpcomponents-client-4.2.3.pom
4/15 KB   8/15 KB   12/15 KB   15/15 KB              Downloaded: https://repo.maven.apache.org/maven2/org/apache/httpcomponents/httpcomponents-client/4.2.3/httpcomponents-client-4.2.3.pom (15 KB at 195.4 KB/sec)
Downloading: https://repo.maven.apache.org/maven2/org/apache/httpcomponents/project/6/project-6.pom
4/24 KB    8/24 KB   12/24 KB   16/24 KB   20/24 KB   24/24 KB              Downloaded: https://repo.maven.apache.org/maven2/org/apache/httpcomponents/project/6/project-6.pom (24 KB at 532.4 KB/sec)
Downloading: https://repo.maven.apache.org/maven2/org/apache/httpcomponents/httpcore/4.2.2/httpcore-4.2.2.pom
4/6 KB     6/6 KB            Downloaded: https://repo.maven.apache.org/maven2/org/apache/httpcomponents/httpcore/4.2.2/httpcore-4.2.2.pom (6 KB at 135.4 KB/sec)
Downloading: https://repo.maven.apache.org/maven2/org/apache/httpcomponents/httpcomponents-core/4.2.2/httpcomponents-core-4.2.2.pom
4/12 KB   8/12 KB   12/12 KB              Downloaded: https://repo.maven.apache.org/maven2/org/apache/httpcomponents/httpcomponents-core/4.2.2/httpcomponents-core-4.2.2.pom (12 KB at 233.4 KB/sec)
Downloading: https://repo.maven.apache.org/maven2/commons-codec/commons-codec/1.6/commons-codec-1.6.pom
4/11 KB    8/11 KB   11/11 KB              Downloaded: https://repo.maven.apache.org/maven2/commons-codec/commons-codec/1.6/commons-codec-1.6.pom (11 KB at 222.4 KB/sec)
Downloading: https://repo.maven.apache.org/maven2/log4j/log4j/1.2.14/log4j-1.2.14.pom
3/3 KB              Downloaded: https://repo.maven.apache.org/maven2/log4j/log4j/1.2.14/log4j-1.2.14.pom (3 KB at 50.4 KB/sec)
Downloading: https://repo.maven.apache.org/maven2/com/thoughtworks/qdox/qdox/1.12.1/qdox-1.12.1.pom
4/18 KB   8/18 KB   12/18 KB   16/18 KB   18/18 KB              Downloaded: https://repo.maven.apache.org/maven2/com/thoughtworks/qdox/qdox/1.12.1/qdox-1.12.1.pom (18 KB at 358.0 KB/sec)
Downloading: https://repo.maven.apache.org/maven2/org/codehaus/codehaus-parent/4/codehaus-parent-4.pom
4/5 KB     5/5 KB            Downloaded: https://repo.maven.apache.org/maven2/org/codehaus/codehaus-parent/4/codehaus-parent-4.pom (5 KB at 114.8 KB/sec)
Downloading: https://repo.maven.apache.org/maven2/org/codehaus/plexus/plexus-archiver/2.9/plexus-archiver-2.9.pom
4/5 KB   5/5 KB            Downloaded: https://repo.maven.apache.org/maven2/org/codehaus/plexus/plexus-archiver/2.9/plexus-archiver-2.9.pom (5 KB at 104.0 KB/sec)
Downloading: https://repo.maven.apache.org/maven2/org/codehaus/plexus/plexus-io/2.4/plexus-io-2.4.pom
4/4 KB            Downloaded: https://repo.maven.apache.org/maven2/org/codehaus/plexus/plexus-io/2.4/plexus-io-2.4.pom (4 KB at 71.4 KB/sec)
Downloading: https://repo.maven.apache.org/maven2/org/apache/commons/commons-compress/1.9/commons-compress-1.9.pom
4/12 KB   8/12 KB   12/12 KB              Downloaded: https://repo.maven.apache.org/maven2/org/apache/commons/commons-compress/1.9/commons-compress-1.9.pom (12 KB at 286.3 KB/sec)
Downloading: https://repo.maven.apache.org/maven2/org/apache/commons/commons-parent/34/commons-parent-34.pom
4/55 KB    8/55 KB   12/55 KB   16/55 KB   20/55 KB   24/55 KB   28/55 KB   32/55 KB   36/55 KB   40/55 KB   44/55 KB   48/55 KB   52/55 KB   55/55 KB              Downloaded: https://repo.maven.apache.org/maven2/org/apache/commons/commons-parent/34/commons-parent-34.pom (55 KB at 1030.8 KB/sec)
Downloading: https://repo.maven.apache.org/maven2/org/apache/maven/shared/maven-invoker/2.0.9/maven-invoker-2.0.9.jar
Downloading: https://repo.maven.apache.org/maven2/org/apache/maven/doxia/doxia-core/1.4/doxia-core-1.4.jar
Downloading: https://repo.maven.apache.org/maven2/org/codehaus/plexus/plexus-velocity/1.1.7/plexus-velocity-1.1.7.jar
Downloading: https://repo.maven.apache.org/maven2/commons-digester/commons-digester/1.8/commons-digester-1.8.jar
Downloading: https://repo.maven.apache.org/maven2/antlr/antlr/2.7.2/antlr-2.7.2.jar
4/162 KB   8/162 KB   12/162 KB   16/162 KB   16/162 KB   4/141 KB   20/162 KB   8/141 KB   20/162 KB   12/141 KB   20/162 KB   16/141 KB   20/162 KB   4/28 KB   16/141 KB   20/162 KB   4/141 KB   20/162 KB   8/28 KB   20/141 KB   20/162 KB   4/28 KB   20/141 KB   24/162 KB   8/28 KB   24/141 KB   24/162 KB   8/28 KB   28/141 KB   24/162 KB   8/28 KB   32/141 KB   24/162 KB   8/28 KB   20/141 KB   28/162 KB   8/28 KB   32/141 KB   32/162 KB   8/28 KB   32/141 KB   36/162 KB   8/28 KB   32/141 KB   40/162 KB   8/28 KB   32/141 KB   44/162 KB   8/28 KB   32/141 KB   48/162 KB   8/28 KB   32/141 KB   48/162 KB   8/28 KB   36/141 KB   48/162 KB   8/28 KB   40/141 KB   48/162 KB   8/28 KB   44/141 KB   48/162 KB   8/28 KB   48/141 KB   52/162 KB   8/28 KB   48/141 KB   56/162 KB   8/28 KB   48/141 KB   60/162 KB   8/28 KB   48/141 KB   64/162 KB   8/28 KB   48/141 KB   64/162 KB   4/8 KB   8/28 KB   48/141 KB   64/162 KB   8/8 KB   8/28 KB   48/141 KB   64/162 KB   8/8 KB   12/28 KB   48/141 KB   64/162 KB   8/8 KB   16/28 KB   48/141 KB   64/162 KB   8/8 KB   20/28 KB   48/141 KB   68/162 KB   8/8 KB   20/28 KB   52/141 KB   64/162 KB   8/8 KB   20/28 KB   52/141 KB   72/162 KB   8/8 KB   24/28 KB   52/141 KB   68/162 KB   8/8 KB   24/28 KB   52/141 KB   76/162 KB   8/8 KB   24/28 KB   56/141 KB   72/162 KB   8/8 KB   24/28 KB   56/141 KB   80/162 KB   8/8 KB   28/28 KB   56/141 KB   76/162 KB   8/8 KB   28/28 KB   56/141 KB   80/162 KB   8/8 KB   28/28 KB   60/141 KB   80/162 KB   8/8 KB   28/28 KB   60/141 KB   80/162 KB   8/8 KB   28/28 KB   64/141 KB   84/162 KB   8/8 KB   28/28 KB   64/141 KB   88/162 KB   8/8 KB   28/28 KB   64/141 KB   92/162 KB   8/8 KB   28/28 KB   64/141 KB   96/162 KB   8/8 KB   28/28 KB   64/141 KB   96/162 KB   8/8 KB   28/28 KB   68/141 KB   96/162 KB   8/8 KB   28/28 KB   72/141 KB   96/162 KB   8/8 KB   28/28 KB   76/141 KB   96/162 KB   8/8 KB   28/28 KB   80/141 KB                                               Downloaded: https://repo.maven.apache.org/maven2/org/codehaus/plexus/plexus-velocity/1.1.7/plexus-velocity-1.1.7.jar (8 KB at 68.1 KB/sec)
Downloading: https://repo.maven.apache.org/maven2/commons-lang/commons-lang/2.4/commons-lang-2.4.jar
100/162 KB   28/28 KB   80/141 KB           104/162 KB   28/28 KB   84/141 KB   108/162 KB   28/28 KB   84/141 KB   112/162 KB   28/28 KB   84/141 KB                                       Downloaded: https://repo.maven.apache.org/maven2/org/apache/maven/shared/maven-invoker/2.0.9/maven-invoker-2.0.9.jar (28 KB at 219.2 KB/sec)
Downloading: https://repo.maven.apache.org/maven2/commons-io/commons-io/2.2/commons-io-2.2.jar
112/162 KB   4/350 KB   84/141 KB   112/162 KB   8/350 KB   84/141 KB   112/162 KB   12/350 KB   84/141 KB   112/162 KB   16/350 KB   84/141 KB   112/162 KB   16/350 KB   4/256 KB   84/141 KB   112/162 KB   16/350 KB   8/256 KB   84/141 KB   112/162 KB   16/350 KB   12/256 KB   84/141 KB   112/162 KB   16/350 KB   16/256 KB   84/141 KB   112/162 KB   20/350 KB   16/256 KB   84/141 KB   112/162 KB   24/350 KB   16/256 KB   84/141 KB   112/162 KB   28/350 KB   16/256 KB   84/141 KB   112/162 KB   32/350 KB   16/256 KB   84/141 KB   112/162 KB   32/350 KB   20/256 KB   84/141 KB   112/162 KB   32/350 KB   24/256 KB   84/141 KB   112/162 KB   32/350 KB   28/256 KB   84/141 KB   112/162 KB   32/350 KB   32/256 KB   84/141 KB   112/162 KB   36/350 KB   32/256 KB   84/141 KB   112/162 KB   40/350 KB   32/256 KB   84/141 KB   112/162 KB   44/350 KB   32/256 KB   84/141 KB   112/162 KB   48/350 KB   32/256 KB   84/141 KB   112/162 KB   48/350 KB   36/256 KB   84/141 KB   116/162 KB   52/350 KB   40/256 KB   84/141 KB   116/162 KB   52/350 KB   44/256 KB   84/141 KB   116/162 KB   52/350 KB   48/256 KB   84/141 KB   100/162 KB   28/28 KB   84/141 KB   116/162 KB   52/350 KB   48/256 KB   88/141 KB   116/162 KB   52/350 KB   36/256 KB   84/141 KB   116/162 KB   56/350 KB   48/256 KB   92/141 KB   116/162 KB   60/350 KB   48/256 KB   92/141 KB   116/162 KB   64/350 KB   48/256 KB   92/141 KB   116/162 KB   68/350 KB   48/256 KB   92/141 KB   116/162 KB   48/350 KB   36/256 KB   84/141 KB   120/162 KB   68/350 KB   48/256 KB   92/141 KB   124/162 KB   68/350 KB   48/256 KB   92/141 KB   124/162 KB   68/350 KB   48/256 KB   92/141 KB   4/170 KB   128/162 KB   68/350 KB   48/256 KB   92/141 KB   8/170 KB   128/162 KB   68/350 KB   52/256 KB   92/141 KB   8/170 KB   116/162 KB   52/350 KB   48/256 KB   92/141 KB   132/162 KB   72/350 KB   56/256 KB   96/141 KB   8/170 KB   132/162 KB   72/350 KB   56/256 KB   100/141 KB   8/170 KB   132/162 KB   72/350 KB   56/256 KB   104/141 KB   8/170 KB   132/162 KB   72/350 KB   56/256 KB   108/141 KB   8/170 KB   132/162 KB   72/350 KB   56/256 KB   112/141 KB   8/170 KB   132/162 KB   72/350 KB   56/256 KB   92/141 KB   8/170 KB   132/162 KB   72/350 KB   60/256 KB   112/141 KB   8/170 KB   132/162 KB   72/350 KB   64/256 KB   112/141 KB   8/170 KB   132/162 KB   72/350 KB   52/256 KB   92/141 KB   8/170 KB   132/162 KB   68/350 KB   52/256 KB   92/141 KB   8/170 KB   136/162 KB   76/350 KB   64/256 KB   112/141 KB   8/170 KB   140/162 KB   76/350 KB   64/256 KB   112/141 KB   8/170 KB   144/162 KB   76/350 KB   64/256 KB   112/141 KB   8/170 KB   148/162 KB   76/350 KB   64/256 KB   112/141 KB   8/170 KB   128/162 KB   68/350 KB   48/256 KB   92/141 KB   8/170 KB   148/162 KB   76/350 KB   64/256 KB   112/141 KB   12/170 KB   148/162 KB   76/350 KB   64/256 KB   112/141 KB   16/170 KB   148/162 KB   76/350 KB   68/256 KB   112/141 KB   16/170 KB   148/162 KB   76/350 KB   72/256 KB   112/141 KB   16/170 KB   148/162 KB   76/350 KB   76/256 KB   112/141 KB   16/170 KB   148/162 KB   76/350 KB   80/256 KB   112/141 KB   16/170 KB   148/162 KB   76/350 KB   80/256 KB   112/141 KB   20/170 KB   148/162 KB   76/350 KB   80/256 KB   112/141 KB   24/170 KB   148/162 KB   76/350 KB   80/256 KB   112/141 KB   28/170 KB   148/162 KB   76/350 KB   80/256 KB   112/141 KB   32/170 KB   148/162 KB   76/350 KB   84/256 KB   112/141 KB   32/170 KB   148/162 KB   76/350 KB   88/256 KB   112/141 KB   32/170 KB   132/162 KB   76/350 KB   64/256 KB   112/141 KB   8/170 KB   148/162 KB   80/350 KB   92/256 KB   112/141 KB   32/170 KB   148/162 KB   76/350 KB   92/256 KB   112/141 KB   32/170 KB   148/162 KB   80/350 KB   96/256 KB   112/141 KB   32/170 KB   152/162 KB   80/350 KB   96/256 KB   112/141 KB   32/170 KB   156/162 KB   80/350 KB   96/256 KB   112/141 KB   32/170 KB   160/162 KB   84/350 KB   96/256 KB   112/141 KB   32/170 KB   162/162 KB   84/350 KB   96/256 KB   112/141 KB   32/170 KB   162/162 KB   84/350 KB   96/256 KB   112/141 KB   36/170 KB   162/162 KB   84/350 KB   100/256 KB   116/141 KB   40/170 KB   162/162 KB   84/350 KB   100/256 KB   116/141 KB   44/170 KB   162/162 KB   84/350 KB   100/256 KB   116/141 KB   48/170 KB   156/162 KB   84/350 KB   96/256 KB   112/141 KB   32/170 KB   162/162 KB   84/350 KB   100/256 KB   116/141 KB   36/170 KB   162/162 KB   88/350 KB   100/256 KB   120/141 KB   48/170 KB   162/162 KB   88/350 KB   100/256 KB   124/141 KB   48/170 KB   162/162 KB   88/350 KB   100/256 KB   128/141 KB   48/170 KB   162/162 KB   88/350 KB   100/256 KB   132/141 KB   48/170 KB   162/162 KB   84/350 KB   100/256 KB   112/141 KB   36/170 KB   162/162 KB   88/350 KB   104/256 KB   132/141 KB   52/170 KB   162/162 KB   88/350 KB   108/256 KB   132/141 KB   52/170 KB   162/162 KB   88/350 KB   112/256 KB   132/141 KB   52/170 KB                                                                  Downloaded: https://repo.maven.apache.org/maven2/org/apache/maven/doxia/doxia-core/1.4/doxia-core-1.4.jar (162 KB at 706.3 KB/sec)
Downloading: https://repo.maven.apache.org/maven2/org/apache/httpcomponents/httpclient/4.2.3/httpclient-4.2.3.jar
88/350 KB   112/256 KB   136/141 KB   52/170 KB                88/350 KB   112/256 KB   140/141 KB   52/170 KB   88/350 KB   112/256 KB   141/141 KB   52/170 KB   88/350 KB   116/256 KB   141/141 KB   52/170 KB   88/350 KB   120/256 KB   141/141 KB   52/170 KB   88/350 KB   124/256 KB   141/141 KB   52/170 KB   88/350 KB   128/256 KB   141/141 KB   52/170 KB   162/162 KB   88/350 KB   100/256 KB   132/141 KB   52/170 KB   162/162 KB   88/350 KB   100/256 KB   116/141 KB   48/170 KB   92/350 KB   128/256 KB   141/141 KB   52/170 KB   96/350 KB   128/256 KB   141/141 KB   52/170 KB   100/350 KB   128/256 KB   141/141 KB   52/170 KB   104/350 KB   128/256 KB   141/141 KB   52/170 KB   108/350 KB   128/256 KB   141/141 KB   52/170 KB   112/350 KB   128/256 KB   141/141 KB   52/170 KB   112/350 KB   132/256 KB   141/141 KB   52/170 KB   112/350 KB   136/256 KB   141/141 KB   52/170 KB   112/350 KB   140/256 KB   141/141 KB   52/170 KB   112/350 KB   144/256 KB   141/141 KB   52/170 KB   116/350 KB   144/256 KB   141/141 KB   52/170 KB   120/350 KB   144/256 KB   141/141 KB   52/170 KB   124/350 KB   144/256 KB   141/141 KB   52/170 KB   128/350 KB   144/256 KB   141/141 KB   52/170 KB   128/350 KB   148/256 KB   141/141 KB   52/170 KB   128/350 KB   152/256 KB   141/141 KB   52/170 KB   128/350 KB   156/256 KB   141/141 KB   52/170 KB   128/350 KB   160/256 KB   141/141 KB   52/170 KB   132/350 KB   160/256 KB   141/141 KB   52/170 KB   136/350 KB   160/256 KB   141/141 KB   56/170 KB   140/350 KB   160/256 KB   141/141 KB   56/170 KB   144/350 KB   160/256 KB   141/141 KB   56/170 KB   132/350 KB   160/256 KB   141/141 KB   56/170 KB   144/350 KB   160/256 KB   141/141 KB   60/170 KB   144/350 KB   160/256 KB   141/141 KB   64/170 KB   4/423 KB   144/350 KB   164/256 KB   141/141 KB   64/170 KB   144/350 KB   164/256 KB   141/141 KB   64/170 KB   8/423 KB   144/350 KB   164/256 KB   141/141 KB   64/170 KB   12/423 KB   144/350 KB   164/256 KB   141/141 KB   64/170 KB   16/423 KB   144/350 KB   164/256 KB   141/141 KB   64/170 KB   20/423 KB   144/350 KB   164/256 KB   141/141 KB   68/170 KB   20/423 KB   148/350 KB   164/256 KB   141/141 KB   72/170 KB   20/423 KB   148/350 KB   164/256 KB   141/141 KB   76/170 KB   20/423 KB   148/350 KB   164/256 KB   141/141 KB   80/170 KB   20/423 KB   148/350 KB   164/256 KB   141/141 KB   68/170 KB   20/423 KB   152/350 KB   164/256 KB   84/170 KB   20/423 KB   156/350 KB   164/256 KB   84/170 KB   20/423 KB   160/350 KB   164/256 KB   84/170 KB   20/423 KB   148/350 KB   164/256 KB   84/170 KB   20/423 KB   144/350 KB   164/256 KB   80/170 KB                20/423 KB   164/350 KB   164/256 KB   88/170 KB                                                                  20/423 KB   168/350 KB   164/256 KB   88/170 KB   20/423 KB   172/350 KB   164/256 KB   88/170 KB   20/423 KB   176/350 KB   164/256 KB   88/170 KB   Downloaded: https://repo.maven.apache.org/maven2/commons-digester/commons-digester/1.8/commons-digester-1.8.jar (141 KB at 486.9 KB/sec)
Downloading: https://repo.maven.apache.org/maven2/org/apache/httpcomponents/httpcore/4.2.2/httpcore-4.2.2.jar
24/423 KB   176/350 KB   164/256 KB   88/170 KB   28/423 KB   176/350 KB   164/256 KB   88/170 KB   32/423 KB   176/350 KB   164/256 KB   88/170 KB   20/423 KB   160/350 KB   164/256 KB   88/170 KB   32/423 KB   176/350 KB   164/256 KB   92/170 KB   32/423 KB   176/350 KB   164/256 KB   96/170 KB   32/423 KB   176/350 KB   164/256 KB   100/170 KB   32/423 KB   176/350 KB   164/256 KB   104/170 KB   32/423 KB   176/350 KB   164/256 KB   108/170 KB   32/423 KB   176/350 KB   164/256 KB   112/170 KB   36/423 KB   180/350 KB   164/256 KB   112/170 KB   36/423 KB   184/350 KB   164/256 KB   112/170 KB   36/423 KB   180/350 KB   164/256 KB   112/170 KB   40/423 KB   188/350 KB   164/256 KB   112/170 KB   44/423 KB   188/350 KB   164/256 KB   112/170 KB   48/423 KB   188/350 KB   164/256 KB   112/170 KB   48/423 KB   188/350 KB   164/256 KB   116/170 KB   48/423 KB   188/350 KB   168/256 KB   120/170 KB   48/423 KB   188/350 KB   168/256 KB   124/170 KB   48/423 KB   188/350 KB   168/256 KB   128/170 KB   36/423 KB   188/350 KB   164/256 KB   112/170 KB   48/423 KB   192/350 KB   168/256 KB   128/170 KB   52/423 KB   192/350 KB   168/256 KB   128/170 KB   56/423 KB   192/350 KB   168/256 KB   128/170 KB   60/423 KB   192/350 KB   168/256 KB   128/170 KB   64/423 KB   192/350 KB   168/256 KB   128/170 KB   64/423 KB   196/350 KB   168/256 KB   128/170 KB   64/423 KB   200/350 KB   168/256 KB   128/170 KB   64/423 KB   204/350 KB   168/256 KB   128/170 KB   64/423 KB   208/350 KB   168/256 KB   128/170 KB   68/423 KB   208/350 KB   168/256 KB   128/170 KB   72/423 KB   208/350 KB   168/256 KB   128/170 KB   48/423 KB   188/350 KB   168/256 KB   116/170 KB   76/423 KB   208/350 KB   172/256 KB   128/170 KB   76/423 KB   208/350 KB   176/256 KB   128/170 KB   76/423 KB   208/350 KB   176/256 KB   128/170 KB   80/423 KB   208/350 KB   176/256 KB   128/170 KB   80/423 KB   208/350 KB   180/256 KB   128/170 KB   80/423 KB   208/350 KB   184/256 KB   128/170 KB   80/423 KB   208/350 KB   184/256 KB   132/170 KB   80/423 KB   208/350 KB   188/256 KB   132/170 KB   80/423 KB   208/350 KB   188/256 KB   136/170 KB   80/423 KB   208/350 KB   192/256 KB   136/170 KB   80/423 KB   208/350 KB   192/256 KB   140/170 KB   80/423 KB   208/350 KB   192/256 KB   144/170 KB   80/423 KB   212/350 KB   192/256 KB   144/170 KB   80/423 KB   216/350 KB   192/256 KB   144/170 KB   80/423 KB   220/350 KB   192/256 KB   144/170 KB   80/423 KB   4/219 KB   220/350 KB   192/256 KB   144/170 KB   80/423 KB   4/219 KB   224/350 KB   192/256 KB   144/170 KB   80/423 KB   8/219 KB   224/350 KB   192/256 KB   144/170 KB   80/423 KB   12/219 KB   224/350 KB   192/256 KB   144/170 KB   80/423 KB   16/219 KB   224/350 KB   192/256 KB   144/170 KB   80/423 KB   16/219 KB   224/350 KB   196/256 KB   144/170 KB   80/423 KB   16/219 KB   224/350 KB   200/256 KB   144/170 KB   80/423 KB   16/219 KB   224/350 KB   204/256 KB   144/170 KB   80/423 KB   16/219 KB   224/350 KB   208/256 KB   144/170 KB   80/423 KB   20/219 KB   224/350 KB   208/256 KB   144/170 KB   80/423 KB   24/219 KB   224/350 KB   208/256 KB   144/170 KB   80/423 KB   28/219 KB   228/350 KB   208/256 KB   144/170 KB   80/423 KB   28/219 KB   228/350 KB   208/256 KB   144/170 KB   80/423 KB   32/219 KB   228/350 KB   208/256 KB   144/170 KB   80/423 KB   36/219 KB   228/350 KB   208/256 KB   144/170 KB   80/423 KB   40/219 KB   228/350 KB   208/256 KB   144/170 KB   80/423 KB   44/219 KB   228/350 KB   208/256 KB   144/170 KB   80/423 KB   48/219 KB   228/350 KB   208/256 KB   144/170 KB   80/423 KB   48/219 KB   228/350 KB   208/256 KB   148/170 KB   80/423 KB   48/219 KB   228/350 KB   208/256 KB   152/170 KB   80/423 KB   48/219 KB   228/350 KB   208/256 KB   156/170 KB   80/423 KB   48/219 KB   228/350 KB   208/256 KB   160/170 KB   80/423 KB   48/219 KB   232/350 KB   208/256 KB   160/170 KB   80/423 KB   48/219 KB   236/350 KB   208/256 KB   160/170 KB   80/423 KB   48/219 KB   240/350 KB   208/256 KB   160/170 KB   80/423 KB   48/219 KB   240/350 KB   208/256 KB   164/170 KB   80/423 KB   48/219 KB   240/350 KB   208/256 KB   168/170 KB   80/423 KB   48/219 KB   240/350 KB   208/256 KB   170/170 KB   80/423 KB   48/219 KB   240/350 KB   212/256 KB   170/170 KB   84/423 KB   52/219 KB   244/350 KB   216/256 KB   170/170 KB   84/423 KB   52/219 KB   244/350 KB   220/256 KB   170/170 KB   84/423 KB   52/219 KB   244/350 KB   224/256 KB   170/170 KB   84/423 KB   52/219 KB   244/350 KB   228/256 KB   170/170 KB   84/423 KB   52/219 KB   244/350 KB   232/256 KB                84/423 KB   52/219 KB   244/350 KB   236/256 KB   84/423 KB   52/219 KB   244/350 KB   240/256 KB   84/423 KB   52/219 KB   244/350 KB   212/256 KB   170/170 KB   84/423 KB   52/219 KB   248/350 KB   240/256 KB   84/423 KB   52/219 KB   252/350 KB   240/256 KB   84/423 KB   52/219 KB   256/350 KB   240/256 KB   84/423 KB   52/219 KB   240/350 KB   212/256 KB   170/170 KB   84/423 KB   56/219 KB   256/350 KB   240/256 KB   84/423 KB   60/219 KB   256/350 KB   240/256 KB   84/423 KB   64/219 KB   256/350 KB   240/256 KB   84/423 KB   48/219 KB   240/350 KB   212/256 KB   170/170 KB   88/423 KB   64/219 KB   256/350 KB   240/256 KB                                                                  92/423 KB   64/219 KB   256/350 KB   240/256 KB   96/423 KB   64/219 KB   256/350 KB   240/256 KB   96/423 KB   68/219 KB   256/350 KB   240/256 KB   96/423 KB   72/219 KB   256/350 KB   240/256 KB   96/423 KB   76/219 KB   256/350 KB   240/256 KB   96/423 KB   80/219 KB   256/350 KB   240/256 KB   96/423 KB   80/219 KB   260/350 KB   240/256 KB   96/423 KB   80/219 KB   264/350 KB   240/256 KB   96/423 KB   80/219 KB   268/350 KB   240/256 KB   96/423 KB   80/219 KB   272/350 KB   240/256 KB   100/423 KB   80/219 KB   272/350 KB   240/256 KB   104/423 KB   80/219 KB   272/350 KB   240/256 KB   108/423 KB   80/219 KB   272/350 KB   240/256 KB   112/423 KB   80/219 KB   272/350 KB   240/256 KB   112/423 KB   80/219 KB   272/350 KB   244/256 KB   Downloaded: https://repo.maven.apache.org/maven2/commons-io/commons-io/2.2/commons-io-2.2.jar (170 KB at 422.7 KB/sec)
Downloading: https://repo.maven.apache.org/maven2/commons-codec/commons-codec/1.6/commons-codec-1.6.jar
116/423 KB   84/219 KB   272/350 KB   248/256 KB   120/423 KB   84/219 KB   272/350 KB   248/256 KB   124/423 KB   84/219 KB   272/350 KB   248/256 KB   128/423 KB   84/219 KB   276/350 KB   248/256 KB   112/423 KB   84/219 KB   272/350 KB   248/256 KB   128/423 KB   84/219 KB   276/350 KB   252/256 KB   128/423 KB   84/219 KB   276/350 KB   256/256 KB   128/423 KB   84/219 KB   276/350 KB   256/256 KB   112/423 KB   84/219 KB   272/350 KB   244/256 KB   128/423 KB   88/219 KB   276/350 KB   256/256 KB   128/423 KB   92/219 KB   276/350 KB   256/256 KB   128/423 KB   96/219 KB   276/350 KB   256/256 KB   124/423 KB   84/219 KB   276/350 KB   248/256 KB   128/423 KB   96/219 KB   280/350 KB   256/256 KB   128/423 KB   96/219 KB   284/350 KB   256/256 KB   128/423 KB   96/219 KB   288/350 KB   256/256 KB   132/423 KB   100/219 KB   288/350 KB   256/256 KB   136/423 KB   100/219 KB   288/350 KB   256/256 KB   140/423 KB   100/219 KB   288/350 KB   256/256 KB   144/423 KB   100/219 KB   288/350 KB   256/256 KB   128/423 KB   100/219 KB   288/350 KB   256/256 KB   144/423 KB   104/219 KB   288/350 KB   256/256 KB   144/423 KB   108/219 KB   288/350 KB   256/256 KB   144/423 KB   112/219 KB   288/350 KB   256/256 KB   144/423 KB   112/219 KB   292/350 KB   256/256 KB   144/423 KB   112/219 KB   296/350 KB   256/256 KB   144/423 KB   112/219 KB   300/350 KB   256/256 KB   144/423 KB   112/219 KB   304/350 KB   256/256 KB   148/423 KB   112/219 KB   304/350 KB   256/256 KB   152/423 KB   112/219 KB   304/350 KB   256/256 KB   156/423 KB   112/219 KB   304/350 KB   256/256 KB   160/423 KB   112/219 KB   304/350 KB   256/256 KB   160/423 KB   116/219 KB   304/350 KB   256/256 KB   160/423 KB   120/219 KB   304/350 KB   256/256 KB   160/423 KB   124/219 KB   304/350 KB   256/256 KB   160/423 KB   128/219 KB   304/350 KB   256/256 KB                                                       Downloaded: https://repo.maven.apache.org/maven2/commons-lang/commons-lang/2.4/commons-lang-2.4.jar (256 KB at 590.5 KB/sec)
Downloading: https://repo.maven.apache.org/maven2/log4j/log4j/1.2.14/log4j-1.2.14.jar
160/423 KB   128/219 KB   308/350 KB   256/256 KB   160/423 KB   128/219 KB   312/350 KB                160/423 KB   128/219 KB   316/350 KB   160/423 KB   128/219 KB   320/350 KB   160/423 KB   128/219 KB   320/350 KB   4/228 KB   160/423 KB   128/219 KB   320/350 KB   8/228 KB   160/423 KB   128/219 KB   320/350 KB   12/228 KB   160/423 KB   128/219 KB   320/350 KB   16/228 KB   160/423 KB   128/219 KB   324/350 KB   16/228 KB   160/423 KB   132/219 KB   328/350 KB   16/228 KB   160/423 KB   132/219 KB   332/350 KB   16/228 KB   160/423 KB   132/219 KB   336/350 KB   16/228 KB   160/423 KB   132/219 KB   324/350 KB   16/228 KB   160/423 KB   136/219 KB   336/350 KB   16/228 KB   160/423 KB   140/219 KB   336/350 KB   16/228 KB   160/423 KB   144/219 KB   336/350 KB   16/228 KB   160/423 KB   144/219 KB   336/350 KB   20/228 KB   164/423 KB   144/219 KB   336/350 KB   24/228 KB   164/423 KB   144/219 KB   336/350 KB   28/228 KB   164/423 KB   144/219 KB   336/350 KB   32/228 KB   164/423 KB   144/219 KB   336/350 KB   20/228 KB   168/423 KB   144/219 KB   336/350 KB   32/228 KB   172/423 KB   144/219 KB   336/350 KB   32/228 KB   176/423 KB   144/219 KB   336/350 KB   32/228 KB   176/423 KB   148/219 KB   336/350 KB   32/228 KB   176/423 KB   152/219 KB   336/350 KB   32/228 KB   176/423 KB   156/219 KB   340/350 KB   36/228 KB   176/423 KB   160/219 KB   340/350 KB   36/228 KB   176/423 KB   152/219 KB   336/350 KB   36/228 KB   176/423 KB   152/219 KB   340/350 KB   36/228 KB   176/423 KB   160/219 KB   340/350 KB   40/228 KB   176/423 KB   160/219 KB   344/350 KB   40/228 KB   176/423 KB   160/219 KB   344/350 KB   44/228 KB   176/423 KB   160/219 KB   348/350 KB   44/228 KB   176/423 KB   160/219 KB   348/350 KB   48/228 KB   176/423 KB   160/219 KB   350/350 KB   48/228 KB   176/423 KB   160/219 KB   350/350 KB   52/228 KB   176/423 KB   160/219 KB   350/350 KB   56/228 KB   176/423 KB   160/219 KB   350/350 KB   4/359 KB   56/228 KB   176/423 KB   160/219 KB   350/350 KB   8/359 KB   60/228 KB   176/423 KB   160/219 KB   350/350 KB   8/359 KB   60/228 KB   180/423 KB   164/219 KB   350/350 KB   12/359 KB   60/228 KB   180/423 KB   160/219 KB   350/350 KB   12/359 KB   60/228 KB   176/423 KB   160/219 KB   350/350 KB   12/359 KB   60/228 KB   180/423 KB   168/219 KB   350/350 KB   12/359 KB   64/228 KB   184/423 KB   168/219 KB   350/350 KB   16/359 KB   64/228 KB   188/423 KB   168/219 KB   350/350 KB   16/359 KB   64/228 KB   180/423 KB   164/219 KB   350/350 KB   12/359 KB   64/228 KB   192/423 KB   168/219 KB   350/350 KB   16/359 KB   68/228 KB   192/423 KB   168/219 KB   350/350 KB   16/359 KB   64/228 KB   180/423 KB   168/219 KB   350/350 KB   16/359 KB   64/228 KB   192/423 KB   172/219 KB   350/350 KB   16/359 KB   72/228 KB   192/423 KB   172/219 KB   350/350 KB   16/359 KB   68/228 KB   192/423 KB   176/219 KB   350/350 KB   16/359 KB   72/228 KB   192/423 KB   176/219 KB   350/350 KB   20/359 KB   72/228 KB   192/423 KB   176/219 KB   350/350 KB   24/359 KB   72/228 KB   192/423 KB   176/219 KB   350/350 KB   28/359 KB   72/228 KB   192/423 KB   176/219 KB   350/350 KB   32/359 KB   72/228 KB   192/423 KB   180/219 KB   350/350 KB   32/359 KB   72/228 KB   192/423 KB   184/219 KB   350/350 KB   32/359 KB   76/228 KB   192/423 KB   188/219 KB   350/350 KB   32/359 KB   76/228 KB   192/423 KB   192/219 KB   350/350 KB   32/359 KB   76/228 KB   192/423 KB   180/219 KB   350/350 KB   32/359 KB   76/228 KB   192/423 KB   196/219 KB   36/359 KB   76/228 KB   192/423 KB   200/219 KB   36/359 KB   80/228 KB   192/423 KB   204/219 KB   36/359 KB   80/228 KB   192/423 KB   208/219 KB   36/359 KB   80/228 KB   196/423 KB   208/219 KB   36/359 KB   80/228 KB   200/423 KB   208/219 KB   36/359 KB   80/228 KB   192/423 KB   192/219 KB   36/359 KB   76/228 KB                204/423 KB   208/219 KB   40/359 KB   80/228 KB   204/423 KB   208/219 KB   44/359 KB   80/228 KB   204/423 KB   208/219 KB   48/359 KB   80/228 KB                                                                  Downloaded: https://repo.maven.apache.org/maven2/antlr/antlr/2.7.2/antlr-2.7.2.jar (350 KB at 702.6 KB/sec)
Downloading: https://repo.maven.apache.org/maven2/com/thoughtworks/qdox/qdox/1.12.1/qdox-1.12.1.jar
204/423 KB   208/219 KB   36/359 KB   80/228 KB   192/423 KB   196/219 KB   36/359 KB   80/228 KB   204/423 KB   208/219 KB   52/359 KB   80/228 KB   204/423 KB   208/219 KB   56/359 KB   80/228 KB   204/423 KB   208/219 KB   60/359 KB   80/228 KB   204/423 KB   208/219 KB   64/359 KB   80/228 KB   204/423 KB   208/219 KB   64/359 KB   84/228 KB   204/423 KB   208/219 KB   64/359 KB   88/228 KB   204/423 KB   208/219 KB   64/359 KB   92/228 KB   204/423 KB   208/219 KB   64/359 KB   96/228 KB   208/423 KB   208/219 KB   64/359 KB   96/228 KB   208/423 KB   208/219 KB   68/359 KB   96/228 KB   208/423 KB   208/219 KB   72/359 KB   96/228 KB   208/423 KB   208/219 KB   76/359 KB   96/228 KB   208/423 KB   208/219 KB   80/359 KB   96/228 KB   208/423 KB   212/219 KB   80/359 KB   96/228 KB   208/423 KB   216/219 KB   80/359 KB   100/228 KB   208/423 KB   219/219 KB   80/359 KB   100/228 KB   208/423 KB   212/219 KB   80/359 KB   100/228 KB   208/423 KB   219/219 KB   80/359 KB   104/228 KB   208/423 KB   219/219 KB   80/359 KB   108/228 KB   208/423 KB   219/219 KB   80/359 KB   112/228 KB   208/423 KB   219/219 KB   84/359 KB   112/228 KB   212/423 KB   219/219 KB   88/359 KB   112/228 KB   212/423 KB   219/219 KB   92/359 KB   112/228 KB   212/423 KB   219/219 KB   96/359 KB   112/228 KB   212/423 KB   219/219 KB   96/359 KB   116/228 KB   212/423 KB   219/219 KB   96/359 KB   120/228 KB   212/423 KB   219/219 KB   96/359 KB   124/228 KB   212/423 KB   219/219 KB   84/359 KB   112/228 KB   212/423 KB   219/219 KB   96/359 KB   128/228 KB   216/423 KB   219/219 KB   96/359 KB   128/228 KB   220/423 KB   219/219 KB   96/359 KB   128/228 KB   224/423 KB   219/219 KB   96/359 KB   128/228 KB   228/423 KB   219/219 KB   96/359 KB   128/228 KB   232/423 KB   219/219 KB   96/359 KB   128/228 KB   236/423 KB   219/219 KB   96/359 KB   128/228 KB   236/423 KB   219/219 KB   4/176 KB   96/359 KB   128/228 KB   240/423 KB   219/219 KB   4/176 KB   96/359 KB   128/228 KB   240/423 KB   219/219 KB   8/176 KB   96/359 KB   128/228 KB   240/423 KB   219/219 KB   12/176 KB   96/359 KB   128/228 KB   240/423 KB   219/219 KB   16/176 KB   96/359 KB   128/228 KB   240/423 KB   219/219 KB   20/176 KB   96/359 KB   128/228 KB   240/423 KB   219/219 KB   24/176 KB   96/359 KB   128/228 KB   240/423 KB   219/219 KB   28/176 KB   96/359 KB   128/228 KB   240/423 KB   219/219 KB   32/176 KB   96/359 KB   128/228 KB   244/423 KB   219/219 KB   32/176 KB   96/359 KB   128/228 KB   248/423 KB   219/219 KB   32/176 KB   96/359 KB   128/228 KB   252/423 KB   219/219 KB   32/176 KB   96/359 KB   128/228 KB   256/423 KB   219/219 KB   32/176 KB   96/359 KB   128/228 KB   256/423 KB   219/219 KB   36/176 KB   96/359 KB   128/228 KB   260/423 KB   219/219 KB   36/176 KB   96/359 KB   132/228 KB   264/423 KB   219/219 KB   40/176 KB   96/359 KB   132/228 KB   268/423 KB   219/219 KB   40/176 KB   96/359 KB   132/228 KB   272/423 KB   219/219 KB   40/176 KB   96/359 KB   132/228 KB   260/423 KB   219/219 KB   40/176 KB   96/359 KB   132/228 KB   272/423 KB   219/219 KB   44/176 KB   96/359 KB   132/228 KB   272/423 KB   48/176 KB   96/359 KB   132/228 KB                256/423 KB   219/219 KB   36/176 KB   96/359 KB   132/228 KB                                                                  Downloaded: https://repo.maven.apache.org/maven2/org/apache/httpcomponents/httpcore/4.2.2/httpcore-4.2.2.jar (219 KB at 394.8 KB/sec)
Downloading: https://repo.maven.apache.org/maven2/org/codehaus/plexus/plexus-archiver/2.9/plexus-archiver-2.9.jar
272/423 KB   48/176 KB   96/359 KB   136/228 KB   272/423 KB   48/176 KB   96/359 KB   140/228 KB   272/423 KB   48/176 KB   96/359 KB   144/228 KB   272/423 KB   48/176 KB   100/359 KB   144/228 KB   272/423 KB   48/176 KB   104/359 KB   144/228 KB   272/423 KB   48/176 KB   108/359 KB   144/228 KB   272/423 KB   48/176 KB   112/359 KB   144/228 KB   272/423 KB   52/176 KB   112/359 KB   144/228 KB   272/423 KB   56/176 KB   112/359 KB   148/228 KB   272/423 KB   60/176 KB   112/359 KB   148/228 KB   272/423 KB   64/176 KB   112/359 KB   148/228 KB   272/423 KB   52/176 KB   112/359 KB   148/228 KB   272/423 KB   64/176 KB   112/359 KB   152/228 KB   272/423 KB   64/176 KB   112/359 KB   156/228 KB   272/423 KB   64/176 KB   112/359 KB   160/228 KB   276/423 KB   64/176 KB   112/359 KB   160/228 KB   280/423 KB   64/176 KB   116/359 KB   160/228 KB   284/423 KB   64/176 KB   116/359 KB   160/228 KB   288/423 KB   64/176 KB   116/359 KB   160/228 KB   276/423 KB   64/176 KB   116/359 KB   160/228 KB   288/423 KB   64/176 KB   120/359 KB   160/228 KB   288/423 KB   64/176 KB   124/359 KB   160/228 KB   288/423 KB   64/176 KB   128/359 KB   160/228 KB   288/423 KB   64/176 KB   4/142 KB   128/359 KB   160/228 KB   288/423 KB   64/176 KB   8/142 KB   128/359 KB   160/228 KB   288/423 KB   64/176 KB   12/142 KB   128/359 KB   160/228 KB   288/423 KB   64/176 KB   16/142 KB   128/359 KB   160/228 KB   288/423 KB   68/176 KB   16/142 KB   128/359 KB   160/228 KB   288/423 KB   72/176 KB   16/142 KB   128/359 KB   164/228 KB   288/423 KB   76/176 KB   16/142 KB   132/359 KB   164/228 KB   292/423 KB   80/176 KB   16/142 KB   132/359 KB   164/228 KB   288/423 KB   68/176 KB   16/142 KB   128/359 KB   164/228 KB   292/423 KB   80/176 KB   16/142 KB   132/359 KB   168/228 KB   292/423 KB   80/176 KB   16/142 KB   132/359 KB   172/228 KB   292/423 KB   80/176 KB   20/142 KB   132/359 KB   176/228 KB   292/423 KB   76/176 KB   16/142 KB   132/359 KB   164/228 KB   296/423 KB   80/176 KB   20/142 KB   132/359 KB   176/228 KB   300/423 KB   80/176 KB   20/142 KB   132/359 KB   176/228 KB   304/423 KB   80/176 KB   20/142 KB   132/359 KB   176/228 KB   288/423 KB   72/176 KB   16/142 KB   132/359 KB   164/228 KB   292/423 KB   80/176 KB   20/142 KB   132/359 KB   172/228 KB   304/423 KB   80/176 KB   24/142 KB   132/359 KB   176/228 KB   304/423 KB   80/176 KB   28/142 KB   132/359 KB   176/228 KB   304/423 KB   80/176 KB   32/142 KB   132/359 KB   176/228 KB   304/423 KB   80/176 KB   36/142 KB   132/359 KB   176/228 KB   304/423 KB   80/176 KB   40/142 KB   132/359 KB   176/228 KB   304/423 KB   80/176 KB   44/142 KB   132/359 KB   176/228 KB   304/423 KB   80/176 KB   48/142 KB   132/359 KB   176/228 KB   304/423 KB   80/176 KB   48/142 KB   136/359 KB   176/228 KB   304/423 KB   80/176 KB   48/142 KB   140/359 KB   176/228 KB   304/423 KB   80/176 KB   48/142 KB   144/359 KB   176/228 KB   308/423 KB   80/176 KB   48/142 KB   144/359 KB   176/228 KB   312/423 KB   84/176 KB   52/142 KB   144/359 KB   180/228 KB   316/423 KB   84/176 KB   52/142 KB   148/359 KB   180/228 KB   320/423 KB   84/176 KB   52/142 KB   148/359 KB   180/228 KB   308/423 KB   84/176 KB   52/142 KB   144/359 KB   180/228 KB   320/423 KB   88/176 KB   52/142 KB   148/359 KB   180/228 KB   320/423 KB   92/176 KB   52/142 KB   148/359 KB   180/228 KB   320/423 KB   96/176 KB   52/142 KB   148/359 KB   180/228 KB   308/423 KB   80/176 KB   52/142 KB   144/359 KB   180/228 KB   320/423 KB   96/176 KB   56/142 KB   148/359 KB   180/228 KB   320/423 KB   96/176 KB   60/142 KB   148/359 KB   180/228 KB   320/423 KB   96/176 KB   64/142 KB   148/359 KB   180/228 KB   308/423 KB   80/176 KB   48/142 KB   144/359 KB   180/228 KB   320/423 KB   96/176 KB   64/142 KB   148/359 KB   184/228 KB   320/423 KB   96/176 KB   64/142 KB   148/359 KB   188/228 KB   320/423 KB   96/176 KB   64/142 KB   148/359 KB   192/228 KB   312/423 KB   84/176 KB   52/142 KB   148/359 KB   180/228 KB   320/423 KB   96/176 KB   64/142 KB   152/359 KB   192/228 KB   320/423 KB   96/176 KB   64/142 KB   156/359 KB   192/228 KB   324/423 KB   96/176 KB   64/142 KB   160/359 KB   192/228 KB   324/423 KB   96/176 KB   68/142 KB   160/359 KB   192/228 KB   324/423 KB   96/176 KB   72/142 KB   160/359 KB   192/228 KB   324/423 KB   96/176 KB   76/142 KB   160/359 KB   192/228 KB   324/423 KB   100/176 KB   80/142 KB   160/359 KB   192/228 KB   324/423 KB   100/176 KB   80/142 KB   160/359 KB   196/228 KB   324/423 KB   100/176 KB   80/142 KB   160/359 KB   200/228 KB   324/423 KB   96/176 KB   64/142 KB   156/359 KB   192/228 KB   328/423 KB   100/176 KB   80/142 KB   160/359 KB   204/228 KB   332/423 KB   100/176 KB   80/142 KB   160/359 KB   204/228 KB   336/423 KB   100/176 KB   80/142 KB   160/359 KB   204/228 KB   336/423 KB   100/176 KB   80/142 KB   164/359 KB   204/228 KB   324/423 KB   100/176 KB   80/142 KB   160/359 KB   204/228 KB   336/423 KB   100/176 KB   80/142 KB   168/359 KB   208/228 KB   336/423 KB   100/176 KB   84/142 KB   168/359 KB   208/228 KB   336/423 KB   100/176 KB   88/142 KB   168/359 KB   208/228 KB   324/423 KB   100/176 KB   76/142 KB   160/359 KB   192/228 KB   336/423 KB   104/176 KB   92/142 KB   168/359 KB   208/228 KB   336/423 KB   108/176 KB   92/142 KB   168/359 KB   208/228 KB   336/423 KB   112/176 KB   92/142 KB   168/359 KB   208/228 KB   336/423 KB   100/176 KB   92/142 KB   168/359 KB   208/228 KB   336/423 KB   112/176 KB   96/142 KB   168/359 KB   208/228 KB   336/423 KB   100/176 KB   80/142 KB   168/359 KB   204/228 KB   336/423 KB   112/176 KB   96/142 KB   172/359 KB   208/228 KB   336/423 KB   112/176 KB   96/142 KB   176/359 KB   208/228 KB   336/423 KB   116/176 KB   96/142 KB   176/359 KB   208/228 KB   336/423 KB   120/176 KB   100/142 KB   180/359 KB   212/228 KB   336/423 KB   124/176 KB   100/142 KB   180/359 KB   212/228 KB   336/423 KB   128/176 KB   100/142 KB   180/359 KB   212/228 KB   340/423 KB   128/176 KB   100/142 KB   180/359 KB   212/228 KB   344/423 KB   128/176 KB   100/142 KB   180/359 KB   212/228 KB   348/423 KB   128/176 KB   100/142 KB   180/359 KB   212/228 KB   352/423 KB   128/176 KB   100/142 KB   180/359 KB   212/228 KB   336/423 KB   116/176 KB   100/142 KB   180/359 KB   212/228 KB   352/423 KB   128/176 KB   100/142 KB   184/359 KB   212/228 KB   352/423 KB   128/176 KB   100/142 KB   188/359 KB   212/228 KB   352/423 KB   128/176 KB   100/142 KB   192/359 KB   212/228 KB   336/423 KB   116/176 KB   100/142 KB   176/359 KB   212/228 KB   352/423 KB   128/176 KB   100/142 KB   192/359 KB   216/228 KB   352/423 KB   128/176 KB   100/142 KB   192/359 KB   220/228 KB   352/423 KB   128/176 KB   100/142 KB   192/359 KB   224/228 KB   356/423 KB   128/176 KB   100/142 KB   192/359 KB   224/228 KB   360/423 KB   128/176 KB   100/142 KB   192/359 KB   224/228 KB   364/423 KB   128/176 KB   100/142 KB   192/359 KB   224/228 KB   368/423 KB   128/176 KB   100/142 KB   192/359 KB   224/228 KB   368/423 KB   128/176 KB   100/142 KB   192/359 KB   228/228 KB   336/423 KB   116/176 KB   100/142 KB   176/359 KB   208/228 KB   368/423 KB   128/176 KB   104/142 KB   192/359 KB   228/228 KB   368/423 KB   128/176 KB   108/142 KB   192/359 KB   228/228 KB   368/423 KB   128/176 KB   112/142 KB   192/359 KB   228/228 KB   368/423 KB   128/176 KB   112/142 KB   196/359 KB   228/228 KB   372/423 KB   128/176 KB   116/142 KB   196/359 KB   228/228 KB   376/423 KB   128/176 KB   116/142 KB   200/359 KB   228/228 KB   380/423 KB   128/176 KB   116/142 KB   200/359 KB   228/228 KB   384/423 KB   128/176 KB   116/142 KB   200/359 KB   228/228 KB   384/423 KB   132/176 KB   116/142 KB   200/359 KB   228/228 KB   384/423 KB   136/176 KB   116/142 KB   200/359 KB   228/228 KB   384/423 KB   140/176 KB   116/142 KB   200/359 KB   228/228 KB   384/423 KB   144/176 KB   116/142 KB   200/359 KB   228/228 KB   384/423 KB   148/176 KB   116/142 KB   200/359 KB   228/228 KB   368/423 KB   128/176 KB   116/142 KB   196/359 KB   228/228 KB   384/423 KB   152/176 KB   116/142 KB   200/359 KB   228/228 KB   372/423 KB   128/176 KB   116/142 KB   200/359 KB   228/228 KB   384/423 KB   152/176 KB   116/142 KB   204/359 KB   228/228 KB   384/423 KB   152/176 KB   116/142 KB   208/359 KB   228/228 KB   384/423 KB   152/176 KB   120/142 KB   208/359 KB   228/228 KB   384/423 KB   152/176 KB   124/142 KB   208/359 KB   228/228 KB   384/423 KB   152/176 KB   128/142 KB   208/359 KB   228/228 KB   384/423 KB   152/176 KB   128/142 KB   212/359 KB   228/228 KB   384/423 KB   152/176 KB   128/142 KB   216/359 KB   228/228 KB   384/423 KB   152/176 KB   128/142 KB   220/359 KB   228/228 KB   384/423 KB   152/176 KB   128/142 KB   224/359 KB   228/228 KB   388/423 KB   152/176 KB   128/142 KB   224/359 KB   228/228 KB   392/423 KB   156/176 KB   132/142 KB   224/359 KB   228/228 KB   396/423 KB   156/176 KB   132/142 KB   224/359 KB   228/228 KB   400/423 KB   156/176 KB   132/142 KB   224/359 KB   228/228 KB   400/423 KB   156/176 KB   132/142 KB   228/359 KB   228/228 KB   400/423 KB   156/176 KB   132/142 KB   232/359 KB   228/228 KB   400/423 KB   156/176 KB   132/142 KB   236/359 KB   228/228 KB   400/423 KB   156/176 KB   132/142 KB   240/359 KB   228/228 KB                                                                    388/423 KB   156/176 KB   132/142 KB   224/359 KB   228/228 KB   400/423 KB   156/176 KB   136/142 KB   240/359 KB                400/423 KB   156/176 KB   140/142 KB   240/359 KB   400/423 KB   156/176 KB   142/142 KB   240/359 KB   388/423 KB   156/176 KB   128/142 KB   224/359 KB   228/228 KB   Downloaded: https://repo.maven.apache.org/maven2/commons-codec/commons-codec/1.6/commons-codec-1.6.jar (228 KB at 325.7 KB/sec)
Downloading: https://repo.maven.apache.org/maven2/org/codehaus/plexus/plexus-io/2.4/plexus-io-2.4.jar
400/423 KB   160/176 KB   142/142 KB   240/359 KB   400/423 KB   164/176 KB   142/142 KB   240/359 KB   404/423 KB   168/176 KB   142/142 KB   240/359 KB   404/423 KB   172/176 KB   142/142 KB   240/359 KB   404/423 KB   176/176 KB   142/142 KB   240/359 KB   404/423 KB   176/176 KB   142/142 KB   240/359 KB   404/423 KB   176/176 KB   142/142 KB   244/359 KB   404/423 KB   164/176 KB   142/142 KB   240/359 KB   408/423 KB   176/176 KB   142/142 KB   244/359 KB   408/423 KB   176/176 KB   142/142 KB   248/359 KB   412/423 KB   176/176 KB   142/142 KB   248/359 KB   416/423 KB   176/176 KB   142/142 KB   248/359 KB   416/423 KB   176/176 KB   142/142 KB   252/359 KB   420/423 KB   176/176 KB   142/142 KB   252/359 KB   420/423 KB   176/176 KB   142/142 KB   256/359 KB   423/423 KB   176/176 KB   142/142 KB   256/359 KB   423/423 KB   176/176 KB   142/142 KB   260/359 KB   423/423 KB   176/176 KB   142/142 KB   264/359 KB   423/423 KB   176/176 KB   142/142 KB   268/359 KB   423/423 KB   176/176 KB   142/142 KB   272/359 KB                                                       Downloaded: https://repo.maven.apache.org/maven2/com/thoughtworks/qdox/qdox/1.12.1/qdox-1.12.1.jar (176 KB at 223.7 KB/sec)
Downloading: https://repo.maven.apache.org/maven2/org/apache/commons/commons-compress/1.9/commons-compress-1.9.jar
                                                    Downloaded: https://repo.maven.apache.org/maven2/org/apache/httpcomponents/httpclient/4.2.3/httpclient-4.2.3.jar (423 KB at 531.3 KB/sec)
                                                    Downloaded: https://repo.maven.apache.org/maven2/org/codehaus/plexus/plexus-archiver/2.9/plexus-archiver-2.9.jar (142 KB at 178.1 KB/sec)
4/80 KB   272/359 KB                                8/80 KB   272/359 KB   12/80 KB   272/359 KB   16/80 KB   272/359 KB   16/80 KB   276/359 KB   16/80 KB   280/359 KB   16/80 KB   284/359 KB   16/80 KB   288/359 KB   20/80 KB   288/359 KB   20/80 KB   288/359 KB   4/370 KB   20/80 KB   288/359 KB   8/370 KB   24/80 KB   288/359 KB   12/370 KB   24/80 KB   288/359 KB   16/370 KB   24/80 KB   292/359 KB   16/370 KB   24/80 KB   296/359 KB   16/370 KB   24/80 KB   300/359 KB   16/370 KB   24/80 KB   304/359 KB   16/370 KB   24/80 KB   308/359 KB   16/370 KB   24/80 KB   312/359 KB   16/370 KB   24/80 KB   316/359 KB   16/370 KB   24/80 KB   320/359 KB   16/370 KB   24/80 KB   320/359 KB   20/370 KB   24/80 KB   320/359 KB   24/370 KB   24/80 KB   320/359 KB   28/370 KB   24/80 KB   320/359 KB   32/370 KB   24/80 KB   324/359 KB   32/370 KB   24/80 KB   328/359 KB   32/370 KB   24/80 KB   288/359 KB   8/370 KB   24/80 KB   332/359 KB   32/370 KB   24/80 KB   336/359 KB   32/370 KB   28/80 KB   336/359 KB   32/370 KB   32/80 KB   336/359 KB   32/370 KB   32/80 KB   340/359 KB   32/370 KB   32/80 KB   344/359 KB   32/370 KB   32/80 KB   348/359 KB   32/370 KB   32/80 KB   352/359 KB   32/370 KB   32/80 KB   356/359 KB   32/370 KB   32/80 KB   359/359 KB   32/370 KB   32/80 KB   359/359 KB   36/370 KB   32/80 KB   359/359 KB   40/370 KB   32/80 KB   359/359 KB   44/370 KB   32/80 KB   359/359 KB   48/370 KB   36/80 KB   359/359 KB   48/370 KB   40/80 KB   359/359 KB   48/370 KB   44/80 KB   359/359 KB   48/370 KB   48/80 KB   359/359 KB   48/370 KB   48/80 KB   359/359 KB   52/370 KB   48/80 KB   359/359 KB   56/370 KB   48/80 KB   359/359 KB   60/370 KB   48/80 KB   359/359 KB   64/370 KB   48/80 KB   359/359 KB   68/370 KB   48/80 KB   359/359 KB   72/370 KB   48/80 KB   359/359 KB   76/370 KB   48/80 KB   359/359 KB   80/370 KB   52/80 KB   359/359 KB   80/370 KB   56/80 KB   359/359 KB   80/370 KB   60/80 KB   359/359 KB   80/370 KB   64/80 KB   359/359 KB   80/370 KB   64/80 KB   359/359 KB   84/370 KB   64/80 KB   359/359 KB   88/370 KB   64/80 KB   359/359 KB   92/370 KB   64/80 KB   359/359 KB   96/370 KB   68/80 KB   359/359 KB   96/370 KB   72/80 KB   359/359 KB   96/370 KB   76/80 KB   359/359 KB   96/370 KB   80/80 KB   359/359 KB   96/370 KB   80/80 KB   359/359 KB   100/370 KB   80/80 KB   359/359 KB   104/370 KB   80/80 KB   359/359 KB   108/370 KB   80/80 KB   359/359 KB   112/370 KB                                        Downloaded: https://repo.maven.apache.org/maven2/log4j/log4j/1.2.14/log4j-1.2.14.jar (359 KB at 414.4 KB/sec)
80/80 KB   116/370 KB                80/80 KB   120/370 KB   80/80 KB   124/370 KB   80/80 KB   128/370 KB   80/80 KB   132/370 KB   80/80 KB   136/370 KB   80/80 KB   140/370 KB   80/80 KB   144/370 KB   80/80 KB   148/370 KB   80/80 KB   152/370 KB   80/80 KB   156/370 KB   80/80 KB   160/370 KB   80/80 KB   164/370 KB   80/80 KB   168/370 KB   80/80 KB   172/370 KB   80/80 KB   176/370 KB   80/80 KB   180/370 KB   80/80 KB   184/370 KB   80/80 KB   188/370 KB   80/80 KB   192/370 KB                           Downloaded: https://repo.maven.apache.org/maven2/org/codehaus/plexus/plexus-io/2.4/plexus-io-2.4.jar (80 KB at 88.7 KB/sec)
196/370 KB              200/370 KB   204/370 KB   208/370 KB   212/370 KB   216/370 KB   220/370 KB   224/370 KB   228/370 KB   232/370 KB   236/370 KB   240/370 KB   244/370 KB   248/370 KB   252/370 KB   256/370 KB   260/370 KB   264/370 KB   268/370 KB   272/370 KB   276/370 KB   280/370 KB   284/370 KB   288/370 KB   292/370 KB   296/370 KB   300/370 KB   304/370 KB   308/370 KB   312/370 KB   316/370 KB   320/370 KB   324/370 KB   328/370 KB   332/370 KB   336/370 KB   340/370 KB   344/370 KB   348/370 KB   352/370 KB   356/370 KB   360/370 KB   364/370 KB   368/370 KB   370/370 KB                Downloaded: https://repo.maven.apache.org/maven2/org/apache/commons/commons-compress/1.9/commons-compress-1.9.jar (370 KB at 386.4 KB/sec)
[INFO] Not executing Javadoc as the project is not a Java classpath-capable package
[INFO] 
[INFO] --- maven-enforcer-plugin:1.0:enforce (enforce-maven) @ parent ---
[INFO] 
[INFO] --- maven-checkstyle-plugin:2.15:checkstyle (default) @ parent ---
[INFO] 
[INFO] --- maven-install-plugin:2.4:install (default-install) @ parent ---
[INFO] Installing /home/travis/build/square/retrofit/pom.xml to /home/travis/.m2/repository/com/squareup/retrofit/parent/2.0.0-SNAPSHOT/parent-2.0.0-SNAPSHOT.pom
[INFO] 
[INFO] --- maven-deploy-plugin:2.7:deploy (default-deploy) @ parent ---
Downloading: https://repo.maven.apache.org/maven2/org/codehaus/plexus/plexus-utils/1.5.6/plexus-utils-1.5.6.jar
4/245 KB     8/245 KB   12/245 KB   16/245 KB   20/245 KB   24/245 KB   28/245 KB   32/245 KB   36/245 KB   40/245 KB   44/245 KB   48/245 KB   52/245 KB   56/245 KB   60/245 KB   64/245 KB   68/245 KB   72/245 KB   76/245 KB   80/245 KB   84/245 KB   88/245 KB   92/245 KB   96/245 KB   100/245 KB   104/245 KB   108/245 KB   112/245 KB   116/245 KB   120/245 KB   124/245 KB   128/245 KB   132/245 KB   136/245 KB   140/245 KB   144/245 KB   148/245 KB   152/245 KB   156/245 KB   160/245 KB   164/245 KB   168/245 KB   172/245 KB   176/245 KB   180/245 KB   184/245 KB   188/245 KB   192/245 KB   196/245 KB   200/245 KB   204/245 KB   208/245 KB   212/245 KB   216/245 KB   220/245 KB   224/245 KB   228/245 KB   232/245 KB   236/245 KB   240/245 KB   244/245 KB   245/245 KB                Downloaded: https://repo.maven.apache.org/maven2/org/codehaus/plexus/plexus-utils/1.5.6/plexus-utils-1.5.6.jar (245 KB at 1882.1 KB/sec)
Downloading: https://oss.sonatype.org/content/repositories/snapshots/com/squareup/retrofit/parent/2.0.0-SNAPSHOT/maven-metadata.xml
606/606 B                Downloaded: https://oss.sonatype.org/content/repositories/snapshots/com/squareup/retrofit/parent/2.0.0-SNAPSHOT/maven-metadata.xml (606 B at 1.9 KB/sec)
Uploading: https://oss.sonatype.org/content/repositories/snapshots/com/squareup/retrofit/parent/2.0.0-SNAPSHOT/parent-2.0.0-20150605.174442-48.pom
2/7 KB      4/7 KB   6/7 KB   7/7 KB            Uploaded: https://oss.sonatype.org/content/repositories/snapshots/com/squareup/retrofit/parent/2.0.0-SNAPSHOT/parent-2.0.0-20150605.174442-48.pom (7 KB at 21.3 KB/sec)
Downloading: https://oss.sonatype.org/content/repositories/snapshots/com/squareup/retrofit/parent/maven-metadata.xml
427/427 B               Downloaded: https://oss.sonatype.org/content/repositories/snapshots/com/squareup/retrofit/parent/maven-metadata.xml (427 B at 3.9 KB/sec)
Uploading: https://oss.sonatype.org/content/repositories/snapshots/com/squareup/retrofit/parent/2.0.0-SNAPSHOT/maven-metadata.xml
606/606 B               Uploaded: https://oss.sonatype.org/content/repositories/snapshots/com/squareup/retrofit/parent/2.0.0-SNAPSHOT/maven-metadata.xml (606 B at 2.0 KB/sec)
Uploading: https://oss.sonatype.org/content/repositories/snapshots/com/squareup/retrofit/parent/maven-metadata.xml
427/427 B               Uploaded: https://oss.sonatype.org/content/repositories/snapshots/com/squareup/retrofit/parent/maven-metadata.xml (427 B at 1.5 KB/sec)
[INFO]                                                                         
[INFO] ------------------------------------------------------------------------
[INFO] Building Retrofit 2.0.0-SNAPSHOT
[INFO] ------------------------------------------------------------------------
[INFO] 
[INFO] --- maven-clean-plugin:2.5:clean (default-clean) @ retrofit ---
[INFO] Deleting /home/travis/build/square/retrofit/retrofit/target
[INFO] 
[INFO] >>> maven-source-plugin:2.4:jar (default-cli) > generate-sources @ retrofit >>>
[INFO] 
[INFO] --- maven-enforcer-plugin:1.0:enforce (enforce-maven) @ retrofit ---
[INFO] 
[INFO] <<< maven-source-plugin:2.4:jar (default-cli) < generate-sources @ retrofit <<<
[INFO] 
[INFO] --- maven-source-plugin:2.4:jar (default-cli) @ retrofit ---
[INFO] Building jar: /home/travis/build/square/retrofit/retrofit/target/retrofit-2.0.0-SNAPSHOT-sources.jar
[INFO] 
[INFO] --- maven-javadoc-plugin:2.10.3:jar (default-cli) @ retrofit ---
[INFO] 
Loading source files for package retrofit...
Loading source files for package retrofit.http...
Constructing Javadoc information...
Standard Doclet version 1.8.0_31
Building tree for all the packages and classes...
Generating /home/travis/build/square/retrofit/retrofit/target/apidocs/retrofit/Call.html...
Generating /home/travis/build/square/retrofit/retrofit/target/apidocs/retrofit/CallAdapter.html...
Generating /home/travis/build/square/retrofit/retrofit/target/apidocs/retrofit/CallAdapter.Factory.html...
Generating /home/travis/build/square/retrofit/retrofit/target/apidocs/retrofit/Callback.html...
Generating /home/travis/build/square/retrofit/retrofit/target/apidocs/retrofit/Converter.html...
Generating /home/travis/build/square/retrofit/retrofit/target/apidocs/retrofit/Endpoint.html...
Generating /home/travis/build/square/retrofit/retrofit/target/apidocs/retrofit/Response.html...
Generating /home/travis/build/square/retrofit/retrofit/target/apidocs/retrofit/RestAdapter.html...
Generating /home/travis/build/square/retrofit/retrofit/target/apidocs/retrofit/RestAdapter.Builder.html...
Generating /home/travis/build/square/retrofit/retrofit/target/apidocs/retrofit/http/Body.html...
Generating /home/travis/build/square/retrofit/retrofit/target/apidocs/retrofit/http/DELETE.html...
Generating /home/travis/build/square/retrofit/retrofit/target/apidocs/retrofit/http/Field.html...
Generating /home/travis/build/square/retrofit/retrofit/target/apidocs/retrofit/http/FieldMap.html...
Generating /home/travis/build/square/retrofit/retrofit/target/apidocs/retrofit/http/FormUrlEncoded.html...
Generating /home/travis/build/square/retrofit/retrofit/target/apidocs/retrofit/http/GET.html...
Generating /home/travis/build/square/retrofit/retrofit/target/apidocs/retrofit/http/HEAD.html...
Generating /home/travis/build/square/retrofit/retrofit/target/apidocs/retrofit/http/Header.html...
Generating /home/travis/build/square/retrofit/retrofit/target/apidocs/retrofit/http/Headers.html...
Generating /home/travis/build/square/retrofit/retrofit/target/apidocs/retrofit/http/HTTP.html...
Generating /home/travis/build/square/retrofit/retrofit/target/apidocs/retrofit/http/Multipart.html...
Generating /home/travis/build/square/retrofit/retrofit/target/apidocs/retrofit/http/Part.html...
Generating /home/travis/build/square/retrofit/retrofit/target/apidocs/retrofit/http/PartMap.html...
Generating /home/travis/build/square/retrofit/retrofit/target/apidocs/retrofit/http/PATCH.html...
Generating /home/travis/build/square/retrofit/retrofit/target/apidocs/retrofit/http/Path.html...
Generating /home/travis/build/square/retrofit/retrofit/target/apidocs/retrofit/http/POST.html...
Generating /home/travis/build/square/retrofit/retrofit/target/apidocs/retrofit/http/PUT.html...
Generating /home/travis/build/square/retrofit/retrofit/target/apidocs/retrofit/http/Query.html...
Generating /home/travis/build/square/retrofit/retrofit/target/apidocs/retrofit/http/QueryMap.html...
Generating /home/travis/build/square/retrofit/retrofit/target/apidocs/retrofit/http/Streaming.html...
Generating /home/travis/build/square/retrofit/retrofit/target/apidocs/overview-frame.html...
Generating /home/travis/build/square/retrofit/retrofit/target/apidocs/retrofit/package-frame.html...
Generating /home/travis/build/square/retrofit/retrofit/target/apidocs/retrofit/package-summary.html...
Generating /home/travis/build/square/retrofit/retrofit/target/apidocs/retrofit/package-tree.html...
Generating /home/travis/build/square/retrofit/retrofit/target/apidocs/retrofit/http/package-frame.html...
Generating /home/travis/build/square/retrofit/retrofit/target/apidocs/retrofit/http/package-summary.html...
Generating /home/travis/build/square/retrofit/retrofit/target/apidocs/retrofit/http/package-tree.html...
Generating /home/travis/build/square/retrofit/retrofit/target/apidocs/constant-values.html...
Generating /home/travis/build/square/retrofit/retrofit/target/apidocs/retrofit/class-use/RestAdapter.html...
Generating /home/travis/build/square/retrofit/retrofit/target/apidocs/retrofit/class-use/RestAdapter.Builder.html...
Generating /home/travis/build/square/retrofit/retrofit/target/apidocs/retrofit/class-use/Response.html...
Generating /home/travis/build/square/retrofit/retrofit/target/apidocs/retrofit/class-use/Endpoint.html...
Generating /home/travis/build/square/retrofit/retrofit/target/apidocs/retrofit/class-use/Converter.html...
Generating /home/travis/build/square/retrofit/retrofit/target/apidocs/retrofit/class-use/Callback.html...
Generating /home/travis/build/square/retrofit/retrofit/target/apidocs/retrofit/class-use/CallAdapter.html...
Generating /home/travis/build/square/retrofit/retrofit/target/apidocs/retrofit/class-use/CallAdapter.Factory.html...
Generating /home/travis/build/square/retrofit/retrofit/target/apidocs/retrofit/class-use/Call.html...
Generating /home/travis/build/square/retrofit/retrofit/target/apidocs/retrofit/http/class-use/Streaming.html...
Generating /home/travis/build/square/retrofit/retrofit/target/apidocs/retrofit/http/class-use/QueryMap.html...
Generating /home/travis/build/square/retrofit/retrofit/target/apidocs/retrofit/http/class-use/Query.html...
Generating /home/travis/build/square/retrofit/retrofit/target/apidocs/retrofit/http/class-use/Path.html...
Generating /home/travis/build/square/retrofit/retrofit/target/apidocs/retrofit/http/class-use/PartMap.html...
Generating /home/travis/build/square/retrofit/retrofit/target/apidocs/retrofit/http/class-use/Part.html...
Generating /home/travis/build/square/retrofit/retrofit/target/apidocs/retrofit/http/class-use/PUT.html...
Generating /home/travis/build/square/retrofit/retrofit/target/apidocs/retrofit/http/class-use/POST.html...
Generating /home/travis/build/square/retrofit/retrofit/target/apidocs/retrofit/http/class-use/PATCH.html...
Generating /home/travis/build/square/retrofit/retrofit/target/apidocs/retrofit/http/class-use/Multipart.html...
Generating /home/travis/build/square/retrofit/retrofit/target/apidocs/retrofit/http/class-use/Headers.html...
Generating /home/travis/build/square/retrofit/retrofit/target/apidocs/retrofit/http/class-use/Header.html...
Generating /home/travis/build/square/retrofit/retrofit/target/apidocs/retrofit/http/class-use/HTTP.html...
Generating /home/travis/build/square/retrofit/retrofit/target/apidocs/retrofit/http/class-use/HEAD.html...
Generating /home/travis/build/square/retrofit/retrofit/target/apidocs/retrofit/http/class-use/GET.html...
Generating /home/travis/build/square/retrofit/retrofit/target/apidocs/retrofit/http/class-use/FormUrlEncoded.html...
Generating /home/travis/build/square/retrofit/retrofit/target/apidocs/retrofit/http/class-use/FieldMap.html...
Generating /home/travis/build/square/retrofit/retrofit/target/apidocs/retrofit/http/class-use/Field.html...
Generating /home/travis/build/square/retrofit/retrofit/target/apidocs/retrofit/http/class-use/DELETE.html...
Generating /home/travis/build/square/retrofit/retrofit/target/apidocs/retrofit/http/class-use/Body.html...
Generating /home/travis/build/square/retrofit/retrofit/target/apidocs/retrofit/package-use.html...
Generating /home/travis/build/square/retrofit/retrofit/target/apidocs/retrofit/http/package-use.html...
Building index for all the packages and classes...
Generating /home/travis/build/square/retrofit/retrofit/target/apidocs/overview-tree.html...
Generating /home/travis/build/square/retrofit/retrofit/target/apidocs/index-all.html...
Generating /home/travis/build/square/retrofit/retrofit/target/apidocs/deprecated-list.html...
Building index for all classes...
Generating /home/travis/build/square/retrofit/retrofit/target/apidocs/allclasses-frame.html...
Generating /home/travis/build/square/retrofit/retrofit/target/apidocs/allclasses-noframe.html...
Generating /home/travis/build/square/retrofit/retrofit/target/apidocs/index.html...
Generating /home/travis/build/square/retrofit/retrofit/target/apidocs/overview-summary.html...
Generating /home/travis/build/square/retrofit/retrofit/target/apidocs/help-doc.html...
4 errors
54 warnings
[INFO] ------------------------------------------------------------------------
[INFO] Reactor Summary:
[INFO] 
[INFO] Retrofit (Parent) .................................. SUCCESS [  8.928 s]
[INFO] Retrofit ........................................... FAILURE [  5.372 s]
[INFO] Adapters ........................................... SKIPPED
[INFO] Adapter: RxJava .................................... SKIPPED
[INFO] Converters ......................................... SKIPPED
[INFO] Converter: Gson .................................... SKIPPED
[INFO] Converter: Protocol Buffers ........................ SKIPPED
[INFO] Converter: Jackson ................................. SKIPPED
[INFO] Converter: Wire Protocol Buffers ................... SKIPPED
[INFO] Converter: SimpleXML ............................... SKIPPED
[INFO] Samples ............................................ SKIPPED
[INFO] ------------------------------------------------------------------------
[INFO] BUILD FAILURE
[INFO] ------------------------------------------------------------------------
[INFO] Total time: 21.060 s
[INFO] Finished at: 2015-06-05T17:44:49+00:00
[INFO] Final Memory: 30M/343M
[INFO] ------------------------------------------------------------------------
[ERROR] Failed to execute goal org.apache.maven.plugins:maven-javadoc-plugin:2.10.3:jar (default-cli) on project retrofit: MavenReportException: Error while generating Javadoc:
[ERROR] Exit code: 1 - /home/travis/build/square/retrofit/retrofit/src/main/java/retrofit/Callback.java:34: warning: no @param for response
[ERROR] void success(Response<T> response);
[ERROR] ^
[ERROR] /home/travis/build/square/retrofit/retrofit/src/main/java/retrofit/Callback.java:37: warning: no @param for t
[ERROR] void failure(Throwable t);
[ERROR] ^
[ERROR] /home/travis/build/square/retrofit/retrofit/src/main/java/retrofit/Callback.java:30: error: reference not found
[ERROR] * @see RestAdapter.Builder#callbackExecutor
[ERROR] ^
[ERROR] /home/travis/build/square/retrofit/retrofit/src/main/java/retrofit/Callback.java:32: warning - Tag @see: can't find callbackExecutor in retrofit.RestAdapter.Builder
[ERROR] /home/travis/build/square/retrofit/retrofit/src/main/java/retrofit/Converter.java:34: warning: no @throws for java.io.IOException
[ERROR] Object fromBody(ResponseBody body, Type type) throws IOException;
[ERROR] ^
[ERROR] /home/travis/build/square/retrofit/retrofit/src/main/java/retrofit/Converter.java:42: warning: no @param for type
[ERROR] RequestBody toBody(Object object, Type type);
[ERROR] ^
[ERROR] /home/travis/build/square/retrofit/retrofit/src/main/java/retrofit/Endpoint.java:8: warning: no @param for url
[ERROR] public static Endpoint createFixed(final String url) {
[ERROR] ^
[ERROR] /home/travis/build/square/retrofit/retrofit/src/main/java/retrofit/Endpoint.java:8: warning: no @return
[ERROR] public static Endpoint createFixed(final String url) {
[ERROR] ^
[ERROR] /home/travis/build/square/retrofit/retrofit/src/main/java/retrofit/Endpoint.java:23: warning: no @return
[ERROR] public abstract String url();
[ERROR] ^
[ERROR] /home/travis/build/square/retrofit/retrofit/src/main/java/retrofit/Response.java:32: warning: no @param for <T>
[ERROR] public static <T, B extends T> Response<T> fromBody(B body) {
[ERROR] ^
[ERROR] /home/travis/build/square/retrofit/retrofit/src/main/java/retrofit/Response.java:32: warning: no @param for <B>
[ERROR] public static <T, B extends T> Response<T> fromBody(B body) {
[ERROR] ^
[ERROR] /home/travis/build/square/retrofit/retrofit/src/main/java/retrofit/Response.java:32: warning: no @param for body
[ERROR] public static <T, B extends T> Response<T> fromBody(B body) {
[ERROR] ^
[ERROR] /home/travis/build/square/retrofit/retrofit/src/main/java/retrofit/Response.java:32: warning: no @return
[ERROR] public static <T, B extends T> Response<T> fromBody(B body) {
[ERROR] ^
[ERROR] /home/travis/build/square/retrofit/retrofit/src/main/java/retrofit/Response.java:44: warning: no @param for <T>
[ERROR] public static <T, B extends T> Response<T> fromBody(B body,
[ERROR] ^
[ERROR] /home/travis/build/square/retrofit/retrofit/src/main/java/retrofit/Response.java:44: warning: no @param for <B>
[ERROR] public static <T, B extends T> Response<T> fromBody(B body,
[ERROR] ^
[ERROR] /home/travis/build/square/retrofit/retrofit/src/main/java/retrofit/Response.java:44: warning: no @param for body
[ERROR] public static <T, B extends T> Response<T> fromBody(B body,
[ERROR] ^
[ERROR] /home/travis/build/square/retrofit/retrofit/src/main/java/retrofit/Response.java:44: warning: no @param for rawResponse
[ERROR] public static <T, B extends T> Response<T> fromBody(B body,
[ERROR] ^
[ERROR] /home/travis/build/square/retrofit/retrofit/src/main/java/retrofit/Response.java:44: warning: no @return
[ERROR] public static <T, B extends T> Response<T> fromBody(B body,
[ERROR] ^
[ERROR] /home/travis/build/square/retrofit/retrofit/src/main/java/retrofit/Response.java:52: warning: no @param for code
[ERROR] public static Response<Object> fromError(int code, ResponseBody body) {
[ERROR] ^
[ERROR] /home/travis/build/square/retrofit/retrofit/src/main/java/retrofit/Response.java:52: warning: no @param for body
[ERROR] public static Response<Object> fromError(int code, ResponseBody body) {
[ERROR] ^
[ERROR] /home/travis/build/square/retrofit/retrofit/src/main/java/retrofit/Response.java:52: warning: no @return
[ERROR] public static Response<Object> fromError(int code, ResponseBody body) {
[ERROR] ^
[ERROR] /home/travis/build/square/retrofit/retrofit/src/main/java/retrofit/Response.java:65: warning: no @param for rawResponse
[ERROR] public static Response<Object> fromError(com.squareup.okhttp.Response rawResponse) {
[ERROR] ^
[ERROR] /home/travis/build/square/retrofit/retrofit/src/main/java/retrofit/Response.java:65: warning: no @return
[ERROR] public static Response<Object> fromError(com.squareup.okhttp.Response rawResponse) {
[ERROR] ^
[ERROR] /home/travis/build/square/retrofit/retrofit/src/main/java/retrofit/Response.java:83: warning: no @return
[ERROR] public com.squareup.okhttp.Response raw() {
[ERROR] ^
[ERROR] /home/travis/build/square/retrofit/retrofit/src/main/java/retrofit/Response.java:88: warning: no @return
[ERROR] public int code() {
[ERROR] ^
[ERROR] /home/travis/build/square/retrofit/retrofit/src/main/java/retrofit/Response.java:97: warning: no @return
[ERROR] public boolean isSuccess() {
[ERROR] ^
[ERROR] /home/travis/build/square/retrofit/retrofit/src/main/java/retrofit/Response.java:102: warning: no @return
[ERROR] public T body() {
[ERROR] ^
[ERROR] /home/travis/build/square/retrofit/retrofit/src/main/java/retrofit/Response.java:107: warning: no @return
[ERROR] public ResponseBody errorBody() {
[ERROR] ^
[ERROR] /home/travis/build/square/retrofit/retrofit/src/main/java/retrofit/RestAdapter.java:108: warning: no @param for <T>
[ERROR] public <T> T create(Class<T> service) {
[ERROR] ^
[ERROR] /home/travis/build/square/retrofit/retrofit/src/main/java/retrofit/RestAdapter.java:108: warning: no @param for service
[ERROR] public <T> T create(Class<T> service) {
[ERROR] ^
[ERROR] /home/travis/build/square/retrofit/retrofit/src/main/java/retrofit/RestAdapter.java:108: warning: no @return
[ERROR] public <T> T create(Class<T> service) {
[ERROR] ^
[ERROR] /home/travis/build/square/retrofit/retrofit/src/main/java/retrofit/RestAdapter.java:158: warning: no @return
[ERROR] public Converter converter() {
[ERROR] ^
[ERROR] /home/travis/build/square/retrofit/retrofit/src/main/java/retrofit/RestAdapter.java:72: error: reference not found
[ERROR] * <li>On the current thread returning the response or throwing a {@link RetrofitError}. The HTTP
[ERROR] ^
[ERROR] /home/travis/build/square/retrofit/retrofit/src/main/java/retrofit/RestAdapter.java:81: error: bad use of '>'
[ERROR] *   Call&lt;List&lt;Item>> categoryList(@Path("cat") String a, @Query("page") int b);
[ERROR] ^
[ERROR] /home/travis/build/square/retrofit/retrofit/src/main/java/retrofit/RestAdapter.java:81: error: bad use of '>'
[ERROR] *   Call&lt;List&lt;Item>> categoryList(@Path("cat") String a, @Query("page") int b);
[ERROR] ^
[ERROR] /home/travis/build/square/retrofit/retrofit/src/main/java/retrofit/RestAdapter.java:179: warning: no @param for client
[ERROR] public Builder client(OkHttpClient client) {
[ERROR] ^
[ERROR] /home/travis/build/square/retrofit/retrofit/src/main/java/retrofit/RestAdapter.java:179: warning: no @return
[ERROR] public Builder client(OkHttpClient client) {
[ERROR] ^
[ERROR] /home/travis/build/square/retrofit/retrofit/src/main/java/retrofit/RestAdapter.java:185: warning: no @param for url
[ERROR] public Builder endpoint(String url) {
[ERROR] ^
[ERROR] /home/travis/build/square/retrofit/retrofit/src/main/java/retrofit/RestAdapter.java:185: warning: no @return
[ERROR] public Builder endpoint(String url) {
[ERROR] ^
[ERROR] /home/travis/build/square/retrofit/retrofit/src/main/java/retrofit/RestAdapter.java:190: warning: no @param for endpoint
[ERROR] public Builder endpoint(Endpoint endpoint) {
[ERROR] ^
[ERROR] /home/travis/build/square/retrofit/retrofit/src/main/java/retrofit/RestAdapter.java:190: warning: no @return
[ERROR] public Builder endpoint(Endpoint endpoint) {
[ERROR] ^
[ERROR] /home/travis/build/square/retrofit/retrofit/src/main/java/retrofit/RestAdapter.java:196: warning: no @param for converter
[ERROR] public Builder converter(Converter converter) {
[ERROR] ^
[ERROR] /home/travis/build/square/retrofit/retrofit/src/main/java/retrofit/RestAdapter.java:196: warning: no @return
[ERROR] public Builder converter(Converter converter) {
[ERROR] ^
[ERROR] /home/travis/build/square/retrofit/retrofit/src/main/java/retrofit/RestAdapter.java:204: warning: no @param for adapterFactory
[ERROR] public Builder callAdapterFactory(CallAdapter.Factory adapterFactory) {
[ERROR] ^
[ERROR] /home/travis/build/square/retrofit/retrofit/src/main/java/retrofit/RestAdapter.java:204: warning: no @return
[ERROR] public Builder callAdapterFactory(CallAdapter.Factory adapterFactory) {
[ERROR] ^
[ERROR] /home/travis/build/square/retrofit/retrofit/src/main/java/retrofit/RestAdapter.java:210: warning: no @return
[ERROR] public RestAdapter build() {
[ERROR] ^
[ERROR] /home/travis/build/square/retrofit/retrofit/src/main/java/retrofit/http/Field.java:61: warning: no @return
[ERROR] boolean encoded() default false;
[ERROR] ^
[ERROR] /home/travis/build/square/retrofit/retrofit/src/main/java/retrofit/http/FieldMap.java:48: warning: no @return
[ERROR] boolean encoded() default false;
[ERROR] ^
[ERROR] /home/travis/build/square/retrofit/retrofit/src/main/java/retrofit/http/Header.java:27: warning: empty <p> tag
[ERROR] * <p>
[ERROR] ^
[ERROR] /home/travis/build/square/retrofit/retrofit/src/main/java/retrofit/http/Headers.java:27: warning: empty <p> tag
[ERROR] * <p>
[ERROR] ^
[ERROR] /home/travis/build/square/retrofit/retrofit/src/main/java/retrofit/http/Part.java:37: warning: empty <p> tag
[ERROR] * <p>
[ERROR] ^
[ERROR] /home/travis/build/square/retrofit/retrofit/src/main/java/retrofit/http/Part.java:55: warning: no @return
[ERROR] String encoding() default "binary";
[ERROR] ^
[ERROR] /home/travis/build/square/retrofit/retrofit/src/main/java/retrofit/http/PartMap.java:35: warning: empty <p> tag
[ERROR] * <p>
[ERROR] ^
[ERROR] /home/travis/build/square/retrofit/retrofit/src/main/java/retrofit/http/PartMap.java:50: warning: no @return
[ERROR] String encoding() default "binary";
[ERROR] ^
[ERROR] /home/travis/build/square/retrofit/retrofit/src/main/java/retrofit/http/Path.java:58: warning: no @return
[ERROR] boolean encoded() default false;
[ERROR] ^
[ERROR] /home/travis/build/square/retrofit/retrofit/src/main/java/retrofit/http/Query.java:69: warning: no @return
[ERROR] String value();
[ERROR] ^
[ERROR] /home/travis/build/square/retrofit/retrofit/src/main/java/retrofit/http/Query.java:74: warning: no @return
[ERROR] boolean encoded() default false;
[ERROR] ^
[ERROR] /home/travis/build/square/retrofit/retrofit/src/main/java/retrofit/http/QueryMap.java:56: warning: no @return
[ERROR] boolean encoded() default false;
[ERROR] ^
[ERROR] 
[ERROR] Command line was: /usr/lib/jvm/java-8-oracle/jre/../bin/javadoc @options @packages
[ERROR] 
[ERROR] Refer to the generated Javadoc files in '/home/travis/build/square/retrofit/retrofit/target/apidocs' dir.
[ERROR] -> [Help 1]
[ERROR] 
[ERROR] To see the full stack trace of the errors, re-run Maven with the -e switch.
[ERROR] Re-run Maven using the -X switch to enable full debug logging.
[ERROR] 
[ERROR] For more information about the errors and possible solutions, please read the following articles:
[ERROR] [Help 1] http://cwiki.apache.org/confluence/display/MAVEN/MojoExecutionException
[ERROR] 
[ERROR] After correcting the problems, you can resume the build with the command
[ERROR]   mvn <goals> -rf :retrofit
travis_time:end:1124e88c:start=1433526265849727771,finish=1433526300035141468,duration=34185413697[0Ktravis_fold:end:after_success[0K
Done. Your build exited with 0.
