Using worker: worker-linux-docker-aaae7043.prod.travis-ci.org:travis-linux-3

travis_fold:start:system_info[0K[33;1mBuild system information[0m
Build language: java
[34m[1mBuild image provisioning date and time[0m
Thu Feb  5 15:09:33 UTC 2015
[34m[1mOperating System Details[0m
Distributor ID:	Ubuntu
Description:	Ubuntu 12.04.5 LTS
Release:	12.04
Codename:	precise
[34m[1mLinux Version[0m
3.13.0-29-generic
[34m[1mCookbooks Version[0m
a68419e https://github.com/travis-ci/travis-cookbooks/tree/a68419e
[34m[1mGCC version[0m
gcc (Ubuntu/Linaro 4.6.3-1ubuntu5) 4.6.3
Copyright (C) 2011 Free Software Foundation, Inc.
This is free software; see the source for copying conditions.  There is NO
warranty; not even for MERCHANTABILITY or FITNESS FOR A PARTICULAR PURPOSE.

[34m[1mLLVM version[0m
clang version 3.4 (tags/RELEASE_34/final)
Target: x86_64-unknown-linux-gnu
Thread model: posix
[34m[1mPre-installed Ruby versions[0m
ruby-1.9.3-p551
[34m[1mPre-installed Node.js versions[0m
v0.10.36
[34m[1mPre-installed Go versions[0m
1.4.1
[34m[1mRedis version[0m
redis-server 2.8.19
[34m[1mriak version[0m
2.0.2
[34m[1mMongoDB version[0m
MongoDB 2.4.12
[34m[1mCouchDB version[0m
couchdb 1.6.1
[34m[1mNeo4j version[0m
1.9.4
[34m[1mRabbitMQ Version[0m
3.4.3
[34m[1mElasticSearch version[0m
1.4.0
[34m[1mInstalled Sphinx versions[0m
2.0.10
2.1.9
2.2.6
[34m[1mDefault Sphinx version[0m
2.2.6
[34m[1mInstalled Firefox version[0m
firefox 31.0esr
[34m[1mPhantomJS version[0m
1.9.8
[34m[1mant -version[0m
Apache Ant(TM) version 1.8.2 compiled on December 3 2011
[34m[1mmvn -version[0m
Apache Maven 3.2.5 (12a6b3acb947671f09b81f49094c53f426d8cea1; 2014-12-14T17:29:23+00:00)
Maven home: /usr/local/maven
Java version: 1.7.0_76, vendor: Oracle Corporation
Java home: /usr/lib/jvm/java-7-oracle/jre
Default locale: en_US, platform encoding: ANSI_X3.4-1968
OS name: "linux", version: "3.13.0-29-generic", arch: "amd64", family: "unix"
travis_fold:end:system_info[0K
travis_fold:start:git.checkout[0Ktravis_time:start:127c27b0[0K$ git clone --depth=50 --branch=jw/restore git://github.com/square/retrofit.git square/retrofit
Cloning into 'square/retrofit'...
remote: Counting objects: 1544, done.[K
remote: Compressing objects:   0% (1/832)   [Kremote: Compressing objects:   1% (9/832)   [Kremote: Compressing objects:   2% (17/832)   [Kremote: Compressing objects:   3% (25/832)   [Kremote: Compressing objects:   4% (34/832)   [Kremote: Compressing objects:   5% (42/832)   [Kremote: Compressing objects:   6% (50/832)   [Kremote: Compressing objects:   7% (59/832)   [Kremote: Compressing objects:   8% (67/832)   [Kremote: Compressing objects:   9% (75/832)   [Kremote: Compressing objects:  10% (84/832)   [Kremote: Compressing objects:  11% (92/832)   [Kremote: Compressing objects:  12% (100/832)   [Kremote: Compressing objects:  13% (109/832)   [Kremote: Compressing objects:  14% (117/832)   [Kremote: Compressing objects:  15% (125/832)   [Kremote: Compressing objects:  16% (134/832)   [Kremote: Compressing objects:  17% (142/832)   [Kremote: Compressing objects:  18% (150/832)   [Kremote: Compressing objects:  19% (159/832)   [Kremote: Compressing objects:  20% (167/832)   [Kremote: Compressing objects:  21% (175/832)   [Kremote: Compressing objects:  22% (184/832)   [Kremote: Compressing objects:  23% (192/832)   [Kremote: Compressing objects:  24% (200/832)   [Kremote: Compressing objects:  25% (208/832)   [Kremote: Compressing objects:  26% (217/832)   [Kremote: Compressing objects:  27% (225/832)   [Kremote: Compressing objects:  28% (233/832)   [Kremote: Compressing objects:  29% (242/832)   [Kremote: Compressing objects:  30% (250/832)   [Kremote: Compressing objects:  31% (258/832)   [Kremote: Compressing objects:  32% (267/832)   [Kremote: Compressing objects:  33% (275/832)   [Kremote: Compressing objects:  34% (283/832)   [Kremote: Compressing objects:  35% (292/832)   [Kremote: Compressing objects:  36% (300/832)   [Kremote: Compressing objects:  37% (308/832)   [Kremote: Compressing objects:  38% (317/832)   [Kremote: Compressing objects:  39% (325/832)   [Kremote: Compressing objects:  40% (333/832)   [Kremote: Compressing objects:  41% (342/832)   [Kremote: Compressing objects:  42% (350/832)   [Kremote: Compressing objects:  43% (358/832)   [Kremote: Compressing objects:  44% (367/832)   [Kremote: Compressing objects:  45% (375/832)   [Kremote: Compressing objects:  46% (383/832)   [Kremote: Compressing objects:  47% (392/832)   [Kremote: Compressing objects:  48% (400/832)   [Kremote: Compressing objects:  49% (408/832)   [Kremote: Compressing objects:  50% (416/832)   [Kremote: Compressing objects:  51% (425/832)   [Kremote: Compressing objects:  52% (433/832)   [Kremote: Compressing objects:  53% (441/832)   [Kremote: Compressing objects:  54% (450/832)   [Kremote: Compressing objects:  55% (458/832)   [Kremote: Compressing objects:  56% (466/832)   [Kremote: Compressing objects:  57% (475/832)   [Kremote: Compressing objects:  58% (483/832)   [Kremote: Compressing objects:  59% (491/832)   [Kremote: Compressing objects:  60% (500/832)   [Kremote: Compressing objects:  61% (508/832)   [Kremote: Compressing objects:  62% (516/832)   [Kremote: Compressing objects:  63% (525/832)   [Kremote: Compressing objects:  64% (533/832)   [Kremote: Compressing objects:  65% (541/832)   [Kremote: Compressing objects:  66% (550/832)   [Kremote: Compressing objects:  67% (558/832)   [Kremote: Compressing objects:  68% (566/832)   [Kremote: Compressing objects:  69% (575/832)   [Kremote: Compressing objects:  70% (583/832)   [Kremote: Compressing objects:  71% (591/832)   [Kremote: Compressing objects:  72% (600/832)   [Kremote: Compressing objects:  73% (608/832)   [Kremote: Compressing objects:  74% (616/832)   [Kremote: Compressing objects:  75% (624/832)   [Kremote: Compressing objects:  76% (633/832)   [Kremote: Compressing objects:  77% (641/832)   [Kremote: Compressing objects:  78% (649/832)   [Kremote: Compressing objects:  79% (658/832)   [Kremote: Compressing objects:  80% (666/832)   [Kremote: Compressing objects:  81% (674/832)   [Kremote: Compressing objects:  82% (683/832)   [Kremote: Compressing objects:  83% (691/832)   [Kremote: Compressing objects:  84% (699/832)   [Kremote: Compressing objects:  85% (708/832)   [Kremote: Compressing objects:  86% (716/832)   [Kremote: Compressing objects:  87% (724/832)   [Kremote: Compressing objects:  88% (733/832)   [Kremote: Compressing objects:  89% (741/832)   [Kremote: Compressing objects:  90% (749/832)   [Kremote: Compressing objects:  91% (758/832)   [Kremote: Compressing objects:  92% (766/832)   [Kremote: Compressing objects:  93% (774/832)   [Kremote: Compressing objects:  94% (783/832)   [Kremote: Compressing objects:  95% (791/832)   [Kremote: Compressing objects:  96% (799/832)   [Kremote: Compressing objects:  97% (808/832)   [Kremote: Compressing objects:  98% (816/832)   [Kremote: Compressing objects:  99% (824/832)   [Kremote: Compressing objects: 100% (832/832)   [Kremote: Compressing objects: 100% (832/832), done.[K
Receiving objects:   0% (1/1544)   Receiving objects:   1% (16/1544)   Receiving objects:   2% (31/1544)   Receiving objects:   3% (47/1544)   Receiving objects:   4% (62/1544)   Receiving objects:   5% (78/1544)   Receiving objects:   6% (93/1544)   Receiving objects:   7% (109/1544)   Receiving objects:   8% (124/1544)   Receiving objects:   9% (139/1544)   Receiving objects:  10% (155/1544)   Receiving objects:  11% (170/1544)   Receiving objects:  12% (186/1544)   Receiving objects:  13% (201/1544)   Receiving objects:  14% (217/1544)   Receiving objects:  15% (232/1544)   Receiving objects:  16% (248/1544)   Receiving objects:  17% (263/1544)   Receiving objects:  18% (278/1544)   Receiving objects:  19% (294/1544)   Receiving objects:  20% (309/1544)   Receiving objects:  21% (325/1544)   Receiving objects:  22% (340/1544)   Receiving objects:  23% (356/1544)   Receiving objects:  24% (371/1544)   Receiving objects:  25% (386/1544)   Receiving objects:  26% (402/1544)   Receiving objects:  27% (417/1544)   Receiving objects:  28% (433/1544)   Receiving objects:  29% (448/1544)   Receiving objects:  30% (464/1544)   Receiving objects:  31% (479/1544)   Receiving objects:  32% (495/1544)   Receiving objects:  33% (510/1544)   Receiving objects:  34% (525/1544)   Receiving objects:  35% (541/1544)   Receiving objects:  36% (556/1544)   Receiving objects:  37% (572/1544)   Receiving objects:  38% (587/1544)   Receiving objects:  39% (603/1544)   Receiving objects:  40% (618/1544)   Receiving objects:  41% (634/1544)   Receiving objects:  42% (649/1544)   Receiving objects:  43% (664/1544)   Receiving objects:  44% (680/1544)   Receiving objects:  45% (695/1544)   Receiving objects:  46% (711/1544)   Receiving objects:  47% (726/1544)   Receiving objects:  48% (742/1544)   Receiving objects:  49% (757/1544)   Receiving objects:  50% (772/1544)   Receiving objects:  51% (788/1544)   Receiving objects:  52% (803/1544)   Receiving objects:  53% (819/1544)   Receiving objects:  54% (834/1544)   Receiving objects:  55% (850/1544)   Receiving objects:  56% (865/1544)   Receiving objects:  57% (881/1544)   Receiving objects:  58% (896/1544)   Receiving objects:  59% (911/1544)   Receiving objects:  60% (927/1544)   Receiving objects:  61% (942/1544)   Receiving objects:  62% (958/1544)   remote: Total 1544 (delta 542), reused 1217 (delta 286), pack-reused 0[K
Receiving objects:  63% (973/1544)   Receiving objects:  64% (989/1544)   Receiving objects:  65% (1004/1544)   Receiving objects:  66% (1020/1544)   Receiving objects:  67% (1035/1544)   Receiving objects:  68% (1050/1544)   Receiving objects:  69% (1066/1544)   Receiving objects:  70% (1081/1544)   Receiving objects:  71% (1097/1544)   Receiving objects:  72% (1112/1544)   Receiving objects:  73% (1128/1544)   Receiving objects:  74% (1143/1544)   Receiving objects:  75% (1158/1544)   Receiving objects:  76% (1174/1544)   Receiving objects:  77% (1189/1544)   Receiving objects:  78% (1205/1544)   Receiving objects:  79% (1220/1544)   Receiving objects:  80% (1236/1544)   Receiving objects:  81% (1251/1544)   Receiving objects:  82% (1267/1544)   Receiving objects:  83% (1282/1544)   Receiving objects:  84% (1297/1544)   Receiving objects:  85% (1313/1544)   Receiving objects:  86% (1328/1544)   Receiving objects:  87% (1344/1544)   Receiving objects:  88% (1359/1544)   Receiving objects:  89% (1375/1544)   Receiving objects:  90% (1390/1544)   Receiving objects:  91% (1406/1544)   Receiving objects:  92% (1421/1544)   Receiving objects:  93% (1436/1544)   Receiving objects:  94% (1452/1544)   Receiving objects:  95% (1467/1544)   Receiving objects:  96% (1483/1544)   Receiving objects:  97% (1498/1544)   Receiving objects:  98% (1514/1544)   Receiving objects:  99% (1529/1544)   Receiving objects: 100% (1544/1544)   Receiving objects: 100% (1544/1544), 369.20 KiB | 0 bytes/s, done.
Resolving deltas:   0% (0/542)   Resolving deltas:   9% (51/542)   Resolving deltas:  10% (55/542)   Resolving deltas:  11% (60/542)   Resolving deltas:  13% (73/542)   Resolving deltas:  14% (77/542)   Resolving deltas:  16% (90/542)   Resolving deltas:  22% (122/542)   Resolving deltas:  23% (129/542)   Resolving deltas:  24% (135/542)   Resolving deltas:  25% (138/542)   Resolving deltas:  26% (142/542)   Resolving deltas:  27% (149/542)   Resolving deltas:  29% (158/542)   Resolving deltas:  30% (168/542)   Resolving deltas:  31% (169/542)   Resolving deltas:  32% (176/542)   Resolving deltas:  33% (183/542)   Resolving deltas:  34% (187/542)   Resolving deltas:  36% (197/542)   Resolving deltas:  38% (206/542)   Resolving deltas:  39% (212/542)   Resolving deltas:  40% (220/542)   Resolving deltas:  41% (224/542)   Resolving deltas:  42% (228/542)   Resolving deltas:  45% (248/542)   Resolving deltas:  47% (258/542)   Resolving deltas:  48% (264/542)   Resolving deltas:  50% (273/542)   Resolving deltas:  51% (280/542)   Resolving deltas:  52% (282/542)   Resolving deltas:  53% (290/542)   Resolving deltas:  56% (305/542)   Resolving deltas:  57% (314/542)   Resolving deltas:  58% (318/542)   Resolving deltas:  59% (321/542)   Resolving deltas:  60% (327/542)   Resolving deltas:  63% (343/542)   Resolving deltas:  64% (347/542)   Resolving deltas:  65% (357/542)   Resolving deltas:  66% (358/542)   Resolving deltas:  67% (364/542)   Resolving deltas:  68% (369/542)   Resolving deltas:  69% (375/542)   Resolving deltas:  70% (382/542)   Resolving deltas:  71% (385/542)   Resolving deltas:  72% (394/542)   Resolving deltas:  73% (397/542)   Resolving deltas:  76% (414/542)   Resolving deltas:  77% (418/542)   Resolving deltas:  78% (423/542)   Resolving deltas:  80% (434/542)   Resolving deltas:  81% (440/542)   Resolving deltas:  82% (448/542)   Resolving deltas:  83% (450/542)   Resolving deltas:  85% (463/542)   Resolving deltas:  86% (471/542)   Resolving deltas:  88% (477/542)   Resolving deltas:  89% (483/542)   Resolving deltas:  90% (491/542)   Resolving deltas:  91% (494/542)   Resolving deltas:  94% (512/542)   Resolving deltas:  95% (516/542)   Resolving deltas:  96% (523/542)   Resolving deltas:  98% (532/542)   Resolving deltas:  99% (541/542)   Resolving deltas: 100% (542/542)   Resolving deltas: 100% (542/542), done.
Checking connectivity... done.
travis_time:end:127c27b0:start=1433565701968634486,finish=1433565702585438014,duration=616803528[0K$ cd square/retrofit
$ git checkout -qf 65c2061ab1fddf4c0c8575539cbeeafeaf92a8ce
travis_fold:end:git.checkout[0K
[33;1mThis job is running on container-based infrastructure, which does not allow use of 'sudo', setuid and setguid executables.[0m
[33;1mIf you require sudo, add 'sudo: required' to your .travis.yml[0m
[33;1mSee http://docs.travis-ci.com/user/workers/container-based-infrastructure/ for details.[0m

[33;1mSetting environment variables from .travis.yml[0m
$ export CI_DEPLOY_USERNAME=[secure]
$ export CI_DEPLOY_PASSWORD=[secure]

travis_fold:start:cache.1[0KSetting up build cache
$ export CASHER_DIR=$HOME/.casher
travis_time:start:00dba6b0[0K$ Installing caching utilities
travis_time:end:00dba6b0:start=1433565704179421897,finish=1433565704256094098,duration=76672201[0Ktravis_time:start:0ba35a60[0Kattempting to download cache archive
fetching jwrestore/cache--jdk-oraclejdk7.tbz
fetching master/cache--jdk-oraclejdk7.tbz
found cache
travis_time:end:0ba35a60:start=1433565704260513805,finish=1433565705464463056,duration=1203949251[0Ktravis_time:start:0a2da0dc[0Kadding /home/travis/.m2 to cache
travis_time:end:0a2da0dc:start=1433565705468255626,finish=1433565709777509153,duration=4309253527[0Ktravis_fold:end:cache.1[0K$ jdk_switcher use oraclejdk7
Switching to Oracle JDK7 (java-7-oracle), JAVA_HOME will be set to /usr/lib/jvm/java-7-oracle
$ java -Xmx32m -version
java version "1.7.0_76"
Java(TM) SE Runtime Environment (build 1.7.0_76-b13)
Java HotSpot(TM) 64-Bit Server VM (build 24.76-b04, mixed mode)
$ javac -J-Xmx32m -version
javac 1.7.0_76
travis_fold:start:install[0Ktravis_time:start:03e8a6b8[0K$ mvn install -DskipTests=true -Dmaven.javadoc.skip=true -B -V
Apache Maven 3.2.5 (12a6b3acb947671f09b81f49094c53f426d8cea1; 2014-12-14T17:29:23+00:00)
Maven home: /usr/local/maven
Java version: 1.7.0_76, vendor: Oracle Corporation
Java home: /usr/lib/jvm/java-7-oracle/jre
Default locale: en_US, platform encoding: UTF-8
OS name: "linux", version: "3.13.0-40-generic", arch: "amd64", family: "unix"
[INFO] Scanning for projects...
[WARNING] 
[WARNING] Some problems were encountered while building the effective model for com.squareup.retrofit:samples:jar:2.0.0-SNAPSHOT
[WARNING] 'build.plugins.plugin.version' for org.apache.maven.plugins:maven-deploy-plugin is missing. @ com.squareup.retrofit:samples:[unknown-version], /home/travis/build/square/retrofit/samples/pom.xml, line 36, column 15
[WARNING] 
[WARNING] It is highly recommended to fix these problems because they threaten the stability of your build.
[WARNING] 
[WARNING] For this reason, future Maven versions might no longer support building such malformed projects.
[WARNING] 
[INFO] ------------------------------------------------------------------------
[INFO] Reactor Build Order:
[INFO] 
[INFO] Retrofit (Parent)
[INFO] Retrofit
[INFO] Adapters
[INFO] Adapter: RxJava
[INFO] Converters
[INFO] Converter: Gson
[INFO] Converter: Protocol Buffers
[INFO] Converter: Jackson
[INFO] Converter: Wire Protocol Buffers
[INFO] Converter: SimpleXML
[INFO] Samples
[INFO]                                                                         
[INFO] ------------------------------------------------------------------------
[INFO] Building Retrofit (Parent) 2.0.0-SNAPSHOT
[INFO] ------------------------------------------------------------------------
[INFO] 
[INFO] --- maven-enforcer-plugin:1.0:enforce (enforce-maven) @ parent ---
[INFO] 
[INFO] --- maven-checkstyle-plugin:2.15:checkstyle (default) @ parent ---
[INFO] 
[INFO] --- maven-install-plugin:2.4:install (default-install) @ parent ---
[INFO] Installing /home/travis/build/square/retrofit/pom.xml to /home/travis/.m2/repository/com/squareup/retrofit/parent/2.0.0-SNAPSHOT/parent-2.0.0-SNAPSHOT.pom
[INFO]                                                                         
[INFO] ------------------------------------------------------------------------
[INFO] Building Retrofit 2.0.0-SNAPSHOT
[INFO] ------------------------------------------------------------------------
[INFO] 
[INFO] --- maven-enforcer-plugin:1.0:enforce (enforce-maven) @ retrofit ---
[INFO] 
[INFO] --- maven-resources-plugin:2.6:resources (default-resources) @ retrofit ---
[INFO] Using 'UTF-8' encoding to copy filtered resources.
[INFO] skip non existing resourceDirectory /home/travis/build/square/retrofit/retrofit/src/main/resources
[INFO] 
[INFO] --- maven-compiler-plugin:3.0:compile (default-compile) @ retrofit ---
[INFO] Changes detected - recompiling the module!
[INFO] Compiling 36 source files to /home/travis/build/square/retrofit/retrofit/target/classes
[WARNING] /home/travis/build/square/retrofit/retrofit/src/main/java/retrofit/RestAdapter.java: Some input files use unchecked or unsafe operations.
[WARNING] /home/travis/build/square/retrofit/retrofit/src/main/java/retrofit/RestAdapter.java: Recompile with -Xlint:unchecked for details.
[INFO] 
[INFO] --- maven-resources-plugin:2.6:testResources (default-testResources) @ retrofit ---
[INFO] Using 'UTF-8' encoding to copy filtered resources.
[INFO] skip non existing resourceDirectory /home/travis/build/square/retrofit/retrofit/src/test/resources
[INFO] 
[INFO] --- maven-compiler-plugin:3.0:testCompile (default-testCompile) @ retrofit ---
[INFO] Changes detected - recompiling the module!
[INFO] Compiling 8 source files to /home/travis/build/square/retrofit/retrofit/target/test-classes
[WARNING] /home/travis/build/square/retrofit/retrofit/src/test/java/retrofit/DefaultCallAdapterFactoryTest.java: /home/travis/build/square/retrofit/retrofit/src/test/java/retrofit/DefaultCallAdapterFactoryTest.java uses unchecked or unsafe operations.
[WARNING] /home/travis/build/square/retrofit/retrofit/src/test/java/retrofit/DefaultCallAdapterFactoryTest.java: Recompile with -Xlint:unchecked for details.
[INFO] 
[INFO] --- maven-surefire-plugin:2.12.4:test (default-test) @ retrofit ---
[INFO] Tests are skipped.
[INFO] 
[INFO] --- maven-jar-plugin:2.4:jar (default-jar) @ retrofit ---
[INFO] Building jar: /home/travis/build/square/retrofit/retrofit/target/retrofit-2.0.0-SNAPSHOT.jar
[INFO] 
[INFO] --- maven-checkstyle-plugin:2.15:checkstyle (default) @ retrofit ---
[INFO] Starting audit...
Audit done.
[WARNING] Unable to locate Source XRef to link to - DISABLED
[INFO] 
[INFO] --- maven-install-plugin:2.4:install (default-install) @ retrofit ---
[INFO] Installing /home/travis/build/square/retrofit/retrofit/target/retrofit-2.0.0-SNAPSHOT.jar to /home/travis/.m2/repository/com/squareup/retrofit/retrofit/2.0.0-SNAPSHOT/retrofit-2.0.0-SNAPSHOT.jar
[INFO] Installing /home/travis/build/square/retrofit/retrofit/pom.xml to /home/travis/.m2/repository/com/squareup/retrofit/retrofit/2.0.0-SNAPSHOT/retrofit-2.0.0-SNAPSHOT.pom
[INFO]                                                                         
[INFO] ------------------------------------------------------------------------
[INFO] Building Adapters 2.0.0-SNAPSHOT
[INFO] ------------------------------------------------------------------------
[INFO] 
[INFO] --- maven-enforcer-plugin:1.0:enforce (enforce-maven) @ retrofit-adapters ---
[INFO] 
[INFO] --- maven-checkstyle-plugin:2.15:checkstyle (default) @ retrofit-adapters ---
[INFO] 
[INFO] --- maven-install-plugin:2.4:install (default-install) @ retrofit-adapters ---
[INFO] Installing /home/travis/build/square/retrofit/retrofit-adapters/pom.xml to /home/travis/.m2/repository/com/squareup/retrofit/retrofit-adapters/2.0.0-SNAPSHOT/retrofit-adapters-2.0.0-SNAPSHOT.pom
[INFO]                                                                         
[INFO] ------------------------------------------------------------------------
[INFO] Building Adapter: RxJava 2.0.0-SNAPSHOT
[INFO] ------------------------------------------------------------------------
[INFO] 
[INFO] --- maven-enforcer-plugin:1.0:enforce (enforce-maven) @ adapter-rxjava ---
[INFO] 
[INFO] --- maven-resources-plugin:2.6:resources (default-resources) @ adapter-rxjava ---
[INFO] Using 'UTF-8' encoding to copy filtered resources.
[INFO] skip non existing resourceDirectory /home/travis/build/square/retrofit/retrofit-adapters/rxjava/src/main/resources
[INFO] 
[INFO] --- maven-compiler-plugin:3.0:compile (default-compile) @ adapter-rxjava ---
[INFO] Changes detected - recompiling the module!
[INFO] Compiling 2 source files to /home/travis/build/square/retrofit/retrofit-adapters/rxjava/target/classes
[INFO] 
[INFO] --- maven-resources-plugin:2.6:testResources (default-testResources) @ adapter-rxjava ---
[INFO] Using 'UTF-8' encoding to copy filtered resources.
[INFO] skip non existing resourceDirectory /home/travis/build/square/retrofit/retrofit-adapters/rxjava/src/test/resources
[INFO] 
[INFO] --- maven-compiler-plugin:3.0:testCompile (default-testCompile) @ adapter-rxjava ---
[INFO] Changes detected - recompiling the module!
[INFO] Compiling 2 source files to /home/travis/build/square/retrofit/retrofit-adapters/rxjava/target/test-classes
[INFO] 
[INFO] --- maven-surefire-plugin:2.12.4:test (default-test) @ adapter-rxjava ---
[INFO] Tests are skipped.
[INFO] 
[INFO] --- maven-jar-plugin:2.4:jar (default-jar) @ adapter-rxjava ---
[INFO] Building jar: /home/travis/build/square/retrofit/retrofit-adapters/rxjava/target/adapter-rxjava-2.0.0-SNAPSHOT.jar
[INFO] 
[INFO] --- maven-checkstyle-plugin:2.15:checkstyle (default) @ adapter-rxjava ---
[INFO] Starting audit...
Audit done.
[WARNING] Unable to locate Source XRef to link to - DISABLED
[INFO] 
[INFO] --- maven-install-plugin:2.4:install (default-install) @ adapter-rxjava ---
[INFO] Installing /home/travis/build/square/retrofit/retrofit-adapters/rxjava/target/adapter-rxjava-2.0.0-SNAPSHOT.jar to /home/travis/.m2/repository/com/squareup/retrofit/adapter-rxjava/2.0.0-SNAPSHOT/adapter-rxjava-2.0.0-SNAPSHOT.jar
[INFO] Installing /home/travis/build/square/retrofit/retrofit-adapters/rxjava/pom.xml to /home/travis/.m2/repository/com/squareup/retrofit/adapter-rxjava/2.0.0-SNAPSHOT/adapter-rxjava-2.0.0-SNAPSHOT.pom
[INFO]                                                                         
[INFO] ------------------------------------------------------------------------
[INFO] Building Converters 2.0.0-SNAPSHOT
[INFO] ------------------------------------------------------------------------
[INFO] 
[INFO] --- maven-enforcer-plugin:1.0:enforce (enforce-maven) @ retrofit-converters ---
[INFO] 
[INFO] --- maven-checkstyle-plugin:2.15:checkstyle (default) @ retrofit-converters ---
[INFO] 
[INFO] --- maven-install-plugin:2.4:install (default-install) @ retrofit-converters ---
[INFO] Installing /home/travis/build/square/retrofit/retrofit-converters/pom.xml to /home/travis/.m2/repository/com/squareup/retrofit/retrofit-converters/2.0.0-SNAPSHOT/retrofit-converters-2.0.0-SNAPSHOT.pom
[INFO]                                                                         
[INFO] ------------------------------------------------------------------------
[INFO] Building Converter: Gson 2.0.0-SNAPSHOT
[INFO] ------------------------------------------------------------------------
[INFO] 
[INFO] --- maven-enforcer-plugin:1.0:enforce (enforce-maven) @ converter-gson ---
[INFO] 
[INFO] --- maven-resources-plugin:2.6:resources (default-resources) @ converter-gson ---
[INFO] Using 'UTF-8' encoding to copy filtered resources.
[INFO] skip non existing resourceDirectory /home/travis/build/square/retrofit/retrofit-converters/gson/src/main/resources
[INFO] 
[INFO] --- maven-compiler-plugin:3.0:compile (default-compile) @ converter-gson ---
[INFO] Changes detected - recompiling the module!
[INFO] Compiling 1 source file to /home/travis/build/square/retrofit/retrofit-converters/gson/target/classes
[INFO] 
[INFO] --- maven-resources-plugin:2.6:testResources (default-testResources) @ converter-gson ---
[INFO] Using 'UTF-8' encoding to copy filtered resources.
[INFO] skip non existing resourceDirectory /home/travis/build/square/retrofit/retrofit-converters/gson/src/test/resources
[INFO] 
[INFO] --- maven-compiler-plugin:3.0:testCompile (default-testCompile) @ converter-gson ---
[INFO] Changes detected - recompiling the module!
[INFO] Compiling 1 source file to /home/travis/build/square/retrofit/retrofit-converters/gson/target/test-classes
[INFO] 
[INFO] --- maven-surefire-plugin:2.12.4:test (default-test) @ converter-gson ---
[INFO] Tests are skipped.
[INFO] 
[INFO] --- maven-jar-plugin:2.4:jar (default-jar) @ converter-gson ---
[INFO] Building jar: /home/travis/build/square/retrofit/retrofit-converters/gson/target/converter-gson-2.0.0-SNAPSHOT.jar
[INFO] 
[INFO] --- maven-checkstyle-plugin:2.15:checkstyle (default) @ converter-gson ---
[INFO] Starting audit...
Audit done.
[WARNING] Unable to locate Source XRef to link to - DISABLED
[INFO] 
[INFO] --- maven-install-plugin:2.4:install (default-install) @ converter-gson ---
[INFO] Installing /home/travis/build/square/retrofit/retrofit-converters/gson/target/converter-gson-2.0.0-SNAPSHOT.jar to /home/travis/.m2/repository/com/squareup/retrofit/converter-gson/2.0.0-SNAPSHOT/converter-gson-2.0.0-SNAPSHOT.jar
[INFO] Installing /home/travis/build/square/retrofit/retrofit-converters/gson/pom.xml to /home/travis/.m2/repository/com/squareup/retrofit/converter-gson/2.0.0-SNAPSHOT/converter-gson-2.0.0-SNAPSHOT.pom
[INFO]                                                                         
[INFO] ------------------------------------------------------------------------
[INFO] Building Converter: Protocol Buffers 2.0.0-SNAPSHOT
[INFO] ------------------------------------------------------------------------
[INFO] 
[INFO] --- maven-enforcer-plugin:1.0:enforce (enforce-maven) @ converter-protobuf ---
[INFO] 
[INFO] --- maven-resources-plugin:2.6:resources (default-resources) @ converter-protobuf ---
[INFO] Using 'UTF-8' encoding to copy filtered resources.
[INFO] skip non existing resourceDirectory /home/travis/build/square/retrofit/retrofit-converters/protobuf/src/main/resources
[INFO] 
[INFO] --- maven-compiler-plugin:3.0:compile (default-compile) @ converter-protobuf ---
[INFO] Changes detected - recompiling the module!
[INFO] Compiling 1 source file to /home/travis/build/square/retrofit/retrofit-converters/protobuf/target/classes
[INFO] 
[INFO] --- maven-resources-plugin:2.6:testResources (default-testResources) @ converter-protobuf ---
[INFO] Using 'UTF-8' encoding to copy filtered resources.
[INFO] skip non existing resourceDirectory /home/travis/build/square/retrofit/retrofit-converters/protobuf/src/test/resources
[INFO] 
[INFO] --- maven-compiler-plugin:3.0:testCompile (default-testCompile) @ converter-protobuf ---
[INFO] Changes detected - recompiling the module!
[INFO] Compiling 2 source files to /home/travis/build/square/retrofit/retrofit-converters/protobuf/target/test-classes
[INFO] 
[INFO] --- maven-surefire-plugin:2.12.4:test (default-test) @ converter-protobuf ---
[INFO] Tests are skipped.
[INFO] 
[INFO] --- maven-jar-plugin:2.4:jar (default-jar) @ converter-protobuf ---
[INFO] Building jar: /home/travis/build/square/retrofit/retrofit-converters/protobuf/target/converter-protobuf-2.0.0-SNAPSHOT.jar
[INFO] 
[INFO] --- maven-checkstyle-plugin:2.15:checkstyle (default) @ converter-protobuf ---
[INFO] Starting audit...
Audit done.
[WARNING] Unable to locate Source XRef to link to - DISABLED
[INFO] 
[INFO] --- maven-install-plugin:2.4:install (default-install) @ converter-protobuf ---
[INFO] Installing /home/travis/build/square/retrofit/retrofit-converters/protobuf/target/converter-protobuf-2.0.0-SNAPSHOT.jar to /home/travis/.m2/repository/com/squareup/retrofit/converter-protobuf/2.0.0-SNAPSHOT/converter-protobuf-2.0.0-SNAPSHOT.jar
[INFO] Installing /home/travis/build/square/retrofit/retrofit-converters/protobuf/pom.xml to /home/travis/.m2/repository/com/squareup/retrofit/converter-protobuf/2.0.0-SNAPSHOT/converter-protobuf-2.0.0-SNAPSHOT.pom
[INFO]                                                                         
[INFO] ------------------------------------------------------------------------
[INFO] Building Converter: Jackson 2.0.0-SNAPSHOT
[INFO] ------------------------------------------------------------------------
[INFO] 
[INFO] --- maven-enforcer-plugin:1.0:enforce (enforce-maven) @ converter-jackson ---
[INFO] 
[INFO] --- maven-resources-plugin:2.6:resources (default-resources) @ converter-jackson ---
[INFO] Using 'UTF-8' encoding to copy filtered resources.
[INFO] skip non existing resourceDirectory /home/travis/build/square/retrofit/retrofit-converters/jackson/src/main/resources
[INFO] 
[INFO] --- maven-compiler-plugin:3.0:compile (default-compile) @ converter-jackson ---
[INFO] Changes detected - recompiling the module!
[INFO] Compiling 1 source file to /home/travis/build/square/retrofit/retrofit-converters/jackson/target/classes
[INFO] 
[INFO] --- maven-resources-plugin:2.6:testResources (default-testResources) @ converter-jackson ---
[INFO] Using 'UTF-8' encoding to copy filtered resources.
[INFO] skip non existing resourceDirectory /home/travis/build/square/retrofit/retrofit-converters/jackson/src/test/resources
[INFO] 
[INFO] --- maven-compiler-plugin:3.0:testCompile (default-testCompile) @ converter-jackson ---
[INFO] Changes detected - recompiling the module!
[INFO] Compiling 1 source file to /home/travis/build/square/retrofit/retrofit-converters/jackson/target/test-classes
[INFO] 
[INFO] --- maven-surefire-plugin:2.12.4:test (default-test) @ converter-jackson ---
[INFO] Tests are skipped.
[INFO] 
[INFO] --- maven-jar-plugin:2.4:jar (default-jar) @ converter-jackson ---
[INFO] Building jar: /home/travis/build/square/retrofit/retrofit-converters/jackson/target/converter-jackson-2.0.0-SNAPSHOT.jar
[INFO] 
[INFO] --- maven-checkstyle-plugin:2.15:checkstyle (default) @ converter-jackson ---
[INFO] Starting audit...
Audit done.
[WARNING] Unable to locate Source XRef to link to - DISABLED
[INFO] 
[INFO] --- maven-install-plugin:2.4:install (default-install) @ converter-jackson ---
[INFO] Installing /home/travis/build/square/retrofit/retrofit-converters/jackson/target/converter-jackson-2.0.0-SNAPSHOT.jar to /home/travis/.m2/repository/com/squareup/retrofit/converter-jackson/2.0.0-SNAPSHOT/converter-jackson-2.0.0-SNAPSHOT.jar
[INFO] Installing /home/travis/build/square/retrofit/retrofit-converters/jackson/pom.xml to /home/travis/.m2/repository/com/squareup/retrofit/converter-jackson/2.0.0-SNAPSHOT/converter-jackson-2.0.0-SNAPSHOT.pom
[INFO]                                                                         
[INFO] ------------------------------------------------------------------------
[INFO] Building Converter: Wire Protocol Buffers 2.0.0-SNAPSHOT
[INFO] ------------------------------------------------------------------------
[INFO] 
[INFO] --- maven-enforcer-plugin:1.0:enforce (enforce-maven) @ converter-wire ---
[INFO] 
[INFO] --- maven-resources-plugin:2.6:resources (default-resources) @ converter-wire ---
[INFO] Using 'UTF-8' encoding to copy filtered resources.
[INFO] skip non existing resourceDirectory /home/travis/build/square/retrofit/retrofit-converters/wire/src/main/resources
[INFO] 
[INFO] --- maven-compiler-plugin:3.0:compile (default-compile) @ converter-wire ---
[INFO] Changes detected - recompiling the module!
[INFO] Compiling 1 source file to /home/travis/build/square/retrofit/retrofit-converters/wire/target/classes
[INFO] 
[INFO] --- maven-resources-plugin:2.6:testResources (default-testResources) @ converter-wire ---
[INFO] Using 'UTF-8' encoding to copy filtered resources.
[INFO] skip non existing resourceDirectory /home/travis/build/square/retrofit/retrofit-converters/wire/src/test/resources
[INFO] 
[INFO] --- maven-compiler-plugin:3.0:testCompile (default-testCompile) @ converter-wire ---
[INFO] Changes detected - recompiling the module!
[INFO] Compiling 2 source files to /home/travis/build/square/retrofit/retrofit-converters/wire/target/test-classes
[INFO] 
[INFO] --- maven-surefire-plugin:2.12.4:test (default-test) @ converter-wire ---
[INFO] Tests are skipped.
[INFO] 
[INFO] --- maven-jar-plugin:2.4:jar (default-jar) @ converter-wire ---
[INFO] Building jar: /home/travis/build/square/retrofit/retrofit-converters/wire/target/converter-wire-2.0.0-SNAPSHOT.jar
[INFO] 
[INFO] --- maven-checkstyle-plugin:2.15:checkstyle (default) @ converter-wire ---
[INFO] Starting audit...
Audit done.
[WARNING] Unable to locate Source XRef to link to - DISABLED
[INFO] 
[INFO] --- maven-install-plugin:2.4:install (default-install) @ converter-wire ---
[INFO] Installing /home/travis/build/square/retrofit/retrofit-converters/wire/target/converter-wire-2.0.0-SNAPSHOT.jar to /home/travis/.m2/repository/com/squareup/retrofit/converter-wire/2.0.0-SNAPSHOT/converter-wire-2.0.0-SNAPSHOT.jar
[INFO] Installing /home/travis/build/square/retrofit/retrofit-converters/wire/pom.xml to /home/travis/.m2/repository/com/squareup/retrofit/converter-wire/2.0.0-SNAPSHOT/converter-wire-2.0.0-SNAPSHOT.pom
[INFO]                                                                         
[INFO] ------------------------------------------------------------------------
[INFO] Building Converter: SimpleXML 2.0.0-SNAPSHOT
[INFO] ------------------------------------------------------------------------
[INFO] 
[INFO] --- maven-enforcer-plugin:1.0:enforce (enforce-maven) @ converter-simplexml ---
[INFO] 
[INFO] --- maven-resources-plugin:2.6:resources (default-resources) @ converter-simplexml ---
[INFO] Using 'UTF-8' encoding to copy filtered resources.
[INFO] skip non existing resourceDirectory /home/travis/build/square/retrofit/retrofit-converters/simplexml/src/main/resources
[INFO] 
[INFO] --- maven-compiler-plugin:3.0:compile (default-compile) @ converter-simplexml ---
[INFO] Changes detected - recompiling the module!
[INFO] Compiling 1 source file to /home/travis/build/square/retrofit/retrofit-converters/simplexml/target/classes
[INFO] 
[INFO] --- maven-resources-plugin:2.6:testResources (default-testResources) @ converter-simplexml ---
[INFO] Using 'UTF-8' encoding to copy filtered resources.
[INFO] skip non existing resourceDirectory /home/travis/build/square/retrofit/retrofit-converters/simplexml/src/test/resources
[INFO] 
[INFO] --- maven-compiler-plugin:3.0:testCompile (default-testCompile) @ converter-simplexml ---
[INFO] Changes detected - recompiling the module!
[INFO] Compiling 1 source file to /home/travis/build/square/retrofit/retrofit-converters/simplexml/target/test-classes
[INFO] 
[INFO] --- maven-surefire-plugin:2.12.4:test (default-test) @ converter-simplexml ---
[INFO] Tests are skipped.
[INFO] 
[INFO] --- maven-jar-plugin:2.4:jar (default-jar) @ converter-simplexml ---
[INFO] Building jar: /home/travis/build/square/retrofit/retrofit-converters/simplexml/target/converter-simplexml-2.0.0-SNAPSHOT.jar
[INFO] 
[INFO] --- maven-checkstyle-plugin:2.15:checkstyle (default) @ converter-simplexml ---
[INFO] Starting audit...
Audit done.
[WARNING] Unable to locate Source XRef to link to - DISABLED
[INFO] 
[INFO] --- maven-install-plugin:2.4:install (default-install) @ converter-simplexml ---
[INFO] Installing /home/travis/build/square/retrofit/retrofit-converters/simplexml/target/converter-simplexml-2.0.0-SNAPSHOT.jar to /home/travis/.m2/repository/com/squareup/retrofit/converter-simplexml/2.0.0-SNAPSHOT/converter-simplexml-2.0.0-SNAPSHOT.jar
[INFO] Installing /home/travis/build/square/retrofit/retrofit-converters/simplexml/pom.xml to /home/travis/.m2/repository/com/squareup/retrofit/converter-simplexml/2.0.0-SNAPSHOT/converter-simplexml-2.0.0-SNAPSHOT.pom
[INFO]                                                                         
[INFO] ------------------------------------------------------------------------
[INFO] Building Samples 2.0.0-SNAPSHOT
[INFO] ------------------------------------------------------------------------
[INFO] 
[INFO] --- maven-enforcer-plugin:1.0:enforce (enforce-maven) @ samples ---
[INFO] 
[INFO] --- maven-resources-plugin:2.6:resources (default-resources) @ samples ---
[INFO] Using 'UTF-8' encoding to copy filtered resources.
[INFO] skip non existing resourceDirectory /home/travis/build/square/retrofit/samples/src/main/resources
[INFO] 
[INFO] --- maven-compiler-plugin:3.0:compile (default-compile) @ samples ---
[INFO] Changes detected - recompiling the module!
[INFO] Compiling 2 source files to /home/travis/build/square/retrofit/samples/target/classes
[INFO] 
[INFO] --- maven-resources-plugin:2.6:testResources (default-testResources) @ samples ---
[INFO] Using 'UTF-8' encoding to copy filtered resources.
[INFO] skip non existing resourceDirectory /home/travis/build/square/retrofit/samples/src/test/resources
[INFO] 
[INFO] --- maven-compiler-plugin:3.0:testCompile (default-testCompile) @ samples ---
[INFO] No sources to compile
[INFO] 
[INFO] --- maven-surefire-plugin:2.12.4:test (default-test) @ samples ---
[INFO] Tests are skipped.
[INFO] 
[INFO] --- maven-jar-plugin:2.4:jar (default-jar) @ samples ---
[INFO] Building jar: /home/travis/build/square/retrofit/samples/target/samples-2.0.0-SNAPSHOT.jar
[INFO] 
[INFO] --- maven-checkstyle-plugin:2.15:checkstyle (default) @ samples ---
[INFO] Starting audit...
Audit done.
[WARNING] Unable to locate Source XRef to link to - DISABLED
[INFO] 
[INFO] --- maven-install-plugin:2.4:install (default-install) @ samples ---
[INFO] Installing /home/travis/build/square/retrofit/samples/target/samples-2.0.0-SNAPSHOT.jar to /home/travis/.m2/repository/com/squareup/retrofit/samples/2.0.0-SNAPSHOT/samples-2.0.0-SNAPSHOT.jar
[INFO] Installing /home/travis/build/square/retrofit/samples/pom.xml to /home/travis/.m2/repository/com/squareup/retrofit/samples/2.0.0-SNAPSHOT/samples-2.0.0-SNAPSHOT.pom
[INFO] ------------------------------------------------------------------------
[INFO] Reactor Summary:
[INFO] 
[INFO] Retrofit (Parent) .................................. SUCCESS [  2.297 s]
[INFO] Retrofit ........................................... SUCCESS [  8.351 s]
[INFO] Adapters ........................................... SUCCESS [  0.015 s]
[INFO] Adapter: RxJava .................................... SUCCESS [  1.501 s]
[INFO] Converters ......................................... SUCCESS [  0.030 s]
[INFO] Converter: Gson .................................... SUCCESS [  0.783 s]
[INFO] Converter: Protocol Buffers ........................ SUCCESS [  1.519 s]
[INFO] Converter: Jackson ................................. SUCCESS [  0.755 s]
[INFO] Converter: Wire Protocol Buffers ................... SUCCESS [  0.685 s]
[INFO] Converter: SimpleXML ............................... SUCCESS [  0.821 s]
[INFO] Samples ............................................ SUCCESS [  0.765 s]
[INFO] ------------------------------------------------------------------------
[INFO] BUILD SUCCESS
[INFO] ------------------------------------------------------------------------
[INFO] Total time: 17.993 s
[INFO] Finished at: 2015-06-06T04:42:10+00:00
[INFO] Final Memory: 32M/419M
[INFO] ------------------------------------------------------------------------
travis_time:end:03e8a6b8:start=1433565710199979230,finish=1433565731047784113,duration=20847804883[0Ktravis_fold:end:install[0Ktravis_time:start:0075aa52[0K$ mvn test -B
[INFO] Scanning for projects...
[WARNING] 
[WARNING] Some problems were encountered while building the effective model for com.squareup.retrofit:samples:jar:2.0.0-SNAPSHOT
[WARNING] 'build.plugins.plugin.version' for org.apache.maven.plugins:maven-deploy-plugin is missing. @ com.squareup.retrofit:samples:[unknown-version], /home/travis/build/square/retrofit/samples/pom.xml, line 36, column 15
[WARNING] 
[WARNING] It is highly recommended to fix these problems because they threaten the stability of your build.
[WARNING] 
[WARNING] For this reason, future Maven versions might no longer support building such malformed projects.
[WARNING] 
[INFO] ------------------------------------------------------------------------
[INFO] Reactor Build Order:
[INFO] 
[INFO] Retrofit (Parent)
[INFO] Retrofit
[INFO] Adapters
[INFO] Adapter: RxJava
[INFO] Converters
[INFO] Converter: Gson
[INFO] Converter: Protocol Buffers
[INFO] Converter: Jackson
[INFO] Converter: Wire Protocol Buffers
[INFO] Converter: SimpleXML
[INFO] Samples
[INFO]                                                                         
[INFO] ------------------------------------------------------------------------
[INFO] Building Retrofit (Parent) 2.0.0-SNAPSHOT
[INFO] ------------------------------------------------------------------------
[INFO] 
[INFO] --- maven-enforcer-plugin:1.0:enforce (enforce-maven) @ parent ---
[INFO]                                                                         
[INFO] ------------------------------------------------------------------------
[INFO] Building Retrofit 2.0.0-SNAPSHOT
[INFO] ------------------------------------------------------------------------
[INFO] 
[INFO] --- maven-enforcer-plugin:1.0:enforce (enforce-maven) @ retrofit ---
[INFO] 
[INFO] --- maven-resources-plugin:2.6:resources (default-resources) @ retrofit ---
[INFO] Using 'UTF-8' encoding to copy filtered resources.
[INFO] skip non existing resourceDirectory /home/travis/build/square/retrofit/retrofit/src/main/resources
[INFO] 
[INFO] --- maven-compiler-plugin:3.0:compile (default-compile) @ retrofit ---
[INFO] Changes detected - recompiling the module!
[INFO] Compiling 36 source files to /home/travis/build/square/retrofit/retrofit/target/classes
[WARNING] /home/travis/build/square/retrofit/retrofit/src/main/java/retrofit/RestAdapter.java: Some input files use unchecked or unsafe operations.
[WARNING] /home/travis/build/square/retrofit/retrofit/src/main/java/retrofit/RestAdapter.java: Recompile with -Xlint:unchecked for details.
[INFO] 
[INFO] --- maven-resources-plugin:2.6:testResources (default-testResources) @ retrofit ---
[INFO] Using 'UTF-8' encoding to copy filtered resources.
[INFO] skip non existing resourceDirectory /home/travis/build/square/retrofit/retrofit/src/test/resources
[INFO] 
[INFO] --- maven-compiler-plugin:3.0:testCompile (default-testCompile) @ retrofit ---
[INFO] Changes detected - recompiling the module!
[INFO] Compiling 8 source files to /home/travis/build/square/retrofit/retrofit/target/test-classes
[WARNING] /home/travis/build/square/retrofit/retrofit/src/test/java/retrofit/DefaultCallAdapterFactoryTest.java: /home/travis/build/square/retrofit/retrofit/src/test/java/retrofit/DefaultCallAdapterFactoryTest.java uses unchecked or unsafe operations.
[WARNING] /home/travis/build/square/retrofit/retrofit/src/test/java/retrofit/DefaultCallAdapterFactoryTest.java: Recompile with -Xlint:unchecked for details.
[INFO] 
[INFO] --- maven-surefire-plugin:2.12.4:test (default-test) @ retrofit ---
[INFO] Surefire report directory: /home/travis/build/square/retrofit/retrofit/target/surefire-reports

-------------------------------------------------------
 T E S T S
-------------------------------------------------------
Running retrofit.MethodInfoTest
Tests run: 4, Failures: 0, Errors: 0, Skipped: 0, Time elapsed: 0.199 sec
Running retrofit.EndpointsTest
Tests run: 1, Failures: 0, Errors: 0, Skipped: 0, Time elapsed: 0 sec
Running retrofit.RequestBuilderTest
Tests run: 82, Failures: 0, Errors: 0, Skipped: 2, Time elapsed: 0.402 sec
Running retrofit.RestAdapterTest
Jun 06, 2015 4:42:19 AM com.squareup.okhttp.mockwebserver.MockWebServer$2 execute
INFO: MockWebServer[58623] starting to accept connections
Jun 06, 2015 4:42:19 AM com.squareup.okhttp.mockwebserver.MockWebServer$2 acceptConnections
INFO: MockWebServer[58623] done accepting connections: Socket is closed
Jun 06, 2015 4:42:19 AM com.squareup.okhttp.mockwebserver.MockWebServer$2 execute
INFO: MockWebServer[48441] starting to accept connections
Jun 06, 2015 4:42:20 AM com.squareup.okhttp.mockwebserver.MockWebServer$3 processOneRequest
INFO: MockWebServer[48441] received request: GET / HTTP/1.1 and responded: HTTP/1.1 200 OK
Jun 06, 2015 4:42:20 AM com.squareup.okhttp.mockwebserver.MockWebServer$2 acceptConnections
INFO: MockWebServer[48441] done accepting connections: Socket closed
Jun 06, 2015 4:42:20 AM com.squareup.okhttp.mockwebserver.MockWebServer$2 execute
INFO: MockWebServer[36111] starting to accept connections
Jun 06, 2015 4:42:20 AM com.squareup.okhttp.mockwebserver.MockWebServer$2 acceptConnections
INFO: MockWebServer[36111] done accepting connections: Socket is closed
Jun 06, 2015 4:42:20 AM com.squareup.okhttp.mockwebserver.MockWebServer$2 execute
INFO: MockWebServer[43349] starting to accept connections
Jun 06, 2015 4:42:20 AM com.squareup.okhttp.mockwebserver.MockWebServer$2 acceptConnections
INFO: MockWebServer[43349] done accepting connections: Socket closed
Jun 06, 2015 4:42:20 AM com.squareup.okhttp.mockwebserver.MockWebServer$2 execute
INFO: MockWebServer[36648] starting to accept connections
Jun 06, 2015 4:42:20 AM com.squareup.okhttp.mockwebserver.MockWebServer$3 processOneRequest
INFO: MockWebServer[36648] received request: POST / HTTP/1.1 and responded: HTTP/1.1 200 OK
Jun 06, 2015 4:42:20 AM com.squareup.okhttp.mockwebserver.MockWebServer$2 acceptConnections
INFO: MockWebServer[36648] done accepting connections: Socket closed
Jun 06, 2015 4:42:20 AM com.squareup.okhttp.mockwebserver.MockWebServer$2 execute
INFO: MockWebServer[52962] starting to accept connections
Jun 06, 2015 4:42:20 AM com.squareup.okhttp.mockwebserver.MockWebServer$2 acceptConnections
INFO: MockWebServer[52962] done accepting connections: Socket is closed
Jun 06, 2015 4:42:20 AM com.squareup.okhttp.mockwebserver.MockWebServer$2 execute
INFO: MockWebServer[54943] starting to accept connections
Jun 06, 2015 4:42:20 AM com.squareup.okhttp.mockwebserver.MockWebServer$2 acceptConnections
INFO: MockWebServer[54943] done accepting connections: Socket closed
Jun 06, 2015 4:42:20 AM com.squareup.okhttp.mockwebserver.MockWebServer$2 execute
INFO: MockWebServer[43076] starting to accept connections
Jun 06, 2015 4:42:20 AM com.squareup.okhttp.mockwebserver.MockWebServer$2 acceptConnections
INFO: MockWebServer[43076] done accepting connections: Socket is closed
Jun 06, 2015 4:42:20 AM com.squareup.okhttp.mockwebserver.MockWebServer$2 execute
INFO: MockWebServer[34439] starting to accept connections
Jun 06, 2015 4:42:20 AM com.squareup.okhttp.mockwebserver.MockWebServer$2 acceptConnections
INFO: MockWebServer[34439] done accepting connections: Socket closed
Jun 06, 2015 4:42:20 AM com.squareup.okhttp.mockwebserver.MockWebServer$2 execute
INFO: MockWebServer[60975] starting to accept connections
Jun 06, 2015 4:42:20 AM com.squareup.okhttp.mockwebserver.MockWebServer$2 acceptConnections
INFO: MockWebServer[60975] done accepting connections: Socket is closed
Jun 06, 2015 4:42:20 AM com.squareup.okhttp.mockwebserver.MockWebServer$2 execute
INFO: MockWebServer[40119] starting to accept connections
Jun 06, 2015 4:42:20 AM com.squareup.okhttp.mockwebserver.MockWebServer$2 acceptConnections
INFO: MockWebServer[40119] done accepting connections: Socket is closed
Jun 06, 2015 4:42:20 AM com.squareup.okhttp.mockwebserver.MockWebServer$2 execute
INFO: MockWebServer[53700] starting to accept connections
Jun 06, 2015 4:42:20 AM com.squareup.okhttp.mockwebserver.MockWebServer$2 acceptConnections
INFO: MockWebServer[53700] done accepting connections: Socket closed
Jun 06, 2015 4:42:20 AM com.squareup.okhttp.mockwebserver.MockWebServer$2 execute
INFO: MockWebServer[35277] starting to accept connections
Jun 06, 2015 4:42:20 AM com.squareup.okhttp.mockwebserver.MockWebServer$2 acceptConnections
INFO: MockWebServer[35277] done accepting connections: Socket is closed
Tests run: 13, Failures: 0, Errors: 0, Skipped: 0, Time elapsed: 0.6 sec
Running retrofit.DefaultCallAdapterFactoryTest
Tests run: 8, Failures: 0, Errors: 0, Skipped: 0, Time elapsed: 0.361 sec
Running retrofit.CallTest
Jun 06, 2015 4:42:20 AM com.squareup.okhttp.mockwebserver.MockWebServer$2 execute
INFO: MockWebServer[33267] starting to accept connections
Jun 06, 2015 4:42:20 AM com.squareup.okhttp.mockwebserver.MockWebServer$3 processOneRequest
INFO: MockWebServer[33267] received request: GET / HTTP/1.1 and responded: HTTP/1.1 404 OK
Jun 06, 2015 4:42:20 AM com.squareup.okhttp.mockwebserver.MockWebServer$2 acceptConnections
INFO: MockWebServer[33267] done accepting connections: Socket closed
Jun 06, 2015 4:42:20 AM com.squareup.okhttp.mockwebserver.MockWebServer$2 execute
INFO: MockWebServer[32882] starting to accept connections
Jun 06, 2015 4:42:20 AM com.squareup.okhttp.mockwebserver.MockWebServer$2 acceptConnections
INFO: MockWebServer[32882] done accepting connections: Socket closed
Jun 06, 2015 4:42:20 AM com.squareup.okhttp.mockwebserver.MockWebServer$2 execute
INFO: MockWebServer[55652] starting to accept connections
Jun 06, 2015 4:42:20 AM com.squareup.okhttp.mockwebserver.MockWebServer$3 processOneRequest
INFO: MockWebServer[55652] received request: GET / HTTP/1.1 and responded: HTTP/1.1 200 OK
Jun 06, 2015 4:42:20 AM com.squareup.okhttp.mockwebserver.MockWebServer$2 acceptConnections
INFO: MockWebServer[55652] done accepting connections: Socket closed
Jun 06, 2015 4:42:20 AM com.squareup.okhttp.mockwebserver.MockWebServer$2 execute
INFO: MockWebServer[35337] starting to accept connections
Jun 06, 2015 4:42:20 AM com.squareup.okhttp.mockwebserver.MockWebServer$2 acceptConnections
INFO: MockWebServer[35337] done accepting connections: Socket is closed
Jun 06, 2015 4:42:20 AM com.squareup.okhttp.mockwebserver.MockWebServer$2 execute
INFO: MockWebServer[46651] starting to accept connections
Jun 06, 2015 4:42:20 AM com.squareup.okhttp.mockwebserver.MockWebServer$2 acceptConnections
INFO: MockWebServer[46651] done accepting connections: Socket closed
Jun 06, 2015 4:42:20 AM com.squareup.okhttp.mockwebserver.MockWebServer$3 processOneRequest
INFO: MockWebServer[46651] received request: GET / HTTP/1.1 and responded: HTTP/1.1 404 OK
Jun 06, 2015 4:42:20 AM com.squareup.okhttp.mockwebserver.MockWebServer$2 execute
INFO: MockWebServer[44017] starting to accept connections
Jun 06, 2015 4:42:20 AM com.squareup.okhttp.mockwebserver.MockWebServer$3 processOneRequest
INFO: MockWebServer[44017] received request: POST / HTTP/1.1 and responded: HTTP/1.1 200 OK
Jun 06, 2015 4:42:20 AM com.squareup.okhttp.mockwebserver.MockWebServer$2 acceptConnections
INFO: MockWebServer[44017] done accepting connections: Socket closed
Jun 06, 2015 4:42:20 AM com.squareup.okhttp.mockwebserver.MockWebServer$2 execute
INFO: MockWebServer[34669] starting to accept connections
Jun 06, 2015 4:42:20 AM com.squareup.okhttp.mockwebserver.MockWebServer$2 acceptConnections
INFO: MockWebServer[34669] done accepting connections: Socket closed
Jun 06, 2015 4:42:20 AM com.squareup.okhttp.mockwebserver.MockWebServer$3 processOneRequest
INFO: MockWebServer[34669] received request: GET / HTTP/1.1 and responded: HTTP/1.1 204 Nothin
Jun 06, 2015 4:42:20 AM com.squareup.okhttp.mockwebserver.MockWebServer$2 execute
INFO: MockWebServer[50562] starting to accept connections
Jun 06, 2015 4:42:20 AM com.squareup.okhttp.mockwebserver.MockWebServer$3 processOneRequest
INFO: MockWebServer[50562] received request: POST / HTTP/1.1 and responded: HTTP/1.1 200 OK
Jun 06, 2015 4:42:20 AM com.squareup.okhttp.mockwebserver.MockWebServer$2 acceptConnections
INFO: MockWebServer[50562] done accepting connections: Socket closed
Jun 06, 2015 4:42:20 AM com.squareup.okhttp.mockwebserver.MockWebServer$2 execute
INFO: MockWebServer[60622] starting to accept connections
Jun 06, 2015 4:42:20 AM com.squareup.okhttp.mockwebserver.MockWebServer$2 acceptConnections
INFO: MockWebServer[60622] done accepting connections: Socket is closed
Jun 06, 2015 4:42:20 AM com.squareup.okhttp.mockwebserver.MockWebServer$2 execute
INFO: MockWebServer[54938] starting to accept connections
Jun 06, 2015 4:42:20 AM com.squareup.okhttp.mockwebserver.MockWebServer$2 acceptConnections
INFO: MockWebServer[54938] done accepting connections: Socket closed
Jun 06, 2015 4:42:20 AM com.squareup.okhttp.mockwebserver.MockWebServer$3 processOneRequest
INFO: MockWebServer[54938] received request: GET / HTTP/1.1 and responded: HTTP/1.1 205 Nothin
Jun 06, 2015 4:42:20 AM com.squareup.okhttp.mockwebserver.MockWebServer$2 execute
INFO: MockWebServer[50013] starting to accept connections
Jun 06, 2015 4:42:20 AM com.squareup.okhttp.mockwebserver.MockWebServer$2 acceptConnections
INFO: MockWebServer[50013] done accepting connections: Socket is closed
Jun 06, 2015 4:42:20 AM com.squareup.okhttp.mockwebserver.MockWebServer$2 execute
INFO: MockWebServer[53899] starting to accept connections
Jun 06, 2015 4:42:20 AM com.squareup.okhttp.mockwebserver.MockWebServer$3 processOneRequest
INFO: MockWebServer[53899] received request: GET / HTTP/1.1 and responded: HTTP/1.1 200 OK
Jun 06, 2015 4:42:20 AM com.squareup.okhttp.mockwebserver.MockWebServer$2 acceptConnections
INFO: MockWebServer[53899] done accepting connections: Socket closed
Jun 06, 2015 4:42:20 AM com.squareup.okhttp.mockwebserver.MockWebServer$2 execute
INFO: MockWebServer[51351] starting to accept connections
Jun 06, 2015 4:42:20 AM com.squareup.okhttp.mockwebserver.MockWebServer$3 processOneRequest
INFO: MockWebServer[51351] received request: GET / HTTP/1.1 and responded: HTTP/1.1 200 OK
Jun 06, 2015 4:42:20 AM com.squareup.okhttp.mockwebserver.MockWebServer$2 acceptConnections
INFO: MockWebServer[51351] done accepting connections: Socket closed
Tests run: 13, Failures: 0, Errors: 0, Skipped: 0, Time elapsed: 0.137 sec

Results :

Tests run: 121, Failures: 0, Errors: 0, Skipped: 2

[INFO]                                                                         
[INFO] ------------------------------------------------------------------------
[INFO] Building Adapters 2.0.0-SNAPSHOT
[INFO] ------------------------------------------------------------------------
[INFO] 
[INFO] --- maven-enforcer-plugin:1.0:enforce (enforce-maven) @ retrofit-adapters ---
[INFO]                                                                         
[INFO] ------------------------------------------------------------------------
[INFO] Building Adapter: RxJava 2.0.0-SNAPSHOT
[INFO] ------------------------------------------------------------------------
[INFO] 
[INFO] --- maven-enforcer-plugin:1.0:enforce (enforce-maven) @ adapter-rxjava ---
[INFO] 
[INFO] --- maven-resources-plugin:2.6:resources (default-resources) @ adapter-rxjava ---
[INFO] Using 'UTF-8' encoding to copy filtered resources.
[INFO] skip non existing resourceDirectory /home/travis/build/square/retrofit/retrofit-adapters/rxjava/src/main/resources
[INFO] 
[INFO] --- maven-compiler-plugin:3.0:compile (default-compile) @ adapter-rxjava ---
[INFO] Changes detected - recompiling the module!
[INFO] Compiling 2 source files to /home/travis/build/square/retrofit/retrofit-adapters/rxjava/target/classes
[INFO] 
[INFO] --- maven-resources-plugin:2.6:testResources (default-testResources) @ adapter-rxjava ---
[INFO] Using 'UTF-8' encoding to copy filtered resources.
[INFO] skip non existing resourceDirectory /home/travis/build/square/retrofit/retrofit-adapters/rxjava/src/test/resources
[INFO] 
[INFO] --- maven-compiler-plugin:3.0:testCompile (default-testCompile) @ adapter-rxjava ---
[INFO] Changes detected - recompiling the module!
[INFO] Compiling 2 source files to /home/travis/build/square/retrofit/retrofit-adapters/rxjava/target/test-classes
[INFO] 
[INFO] --- maven-surefire-plugin:2.12.4:test (default-test) @ adapter-rxjava ---
[INFO] Surefire report directory: /home/travis/build/square/retrofit/retrofit-adapters/rxjava/target/surefire-reports

-------------------------------------------------------
 T E S T S
-------------------------------------------------------
Running retrofit.ObservableCallAdapterFactoryTest
Jun 06, 2015 4:42:21 AM com.squareup.okhttp.mockwebserver.MockWebServer$2 execute
INFO: MockWebServer[47707] starting to accept connections
Jun 06, 2015 4:42:22 AM com.squareup.okhttp.mockwebserver.MockWebServer$3 processConnection
WARNING: MockWebServer[47707] connection from /127.0.0.1 didn't make a request
Jun 06, 2015 4:42:22 AM com.squareup.okhttp.mockwebserver.MockWebServer$2 acceptConnections
INFO: MockWebServer[47707] done accepting connections: Socket closed
Jun 06, 2015 4:42:22 AM com.squareup.okhttp.mockwebserver.MockWebServer$2 execute
INFO: MockWebServer[36798] starting to accept connections
Jun 06, 2015 4:42:22 AM com.squareup.okhttp.mockwebserver.MockWebServer$3 processOneRequest
INFO: MockWebServer[36798] received request: GET / HTTP/1.1 and responded: HTTP/1.1 200 OK
Jun 06, 2015 4:42:22 AM com.squareup.okhttp.mockwebserver.MockWebServer$2 acceptConnections
INFO: MockWebServer[36798] done accepting connections: Socket closed
Jun 06, 2015 4:42:22 AM com.squareup.okhttp.mockwebserver.MockWebServer$2 execute
INFO: MockWebServer[40054] starting to accept connections
Jun 06, 2015 4:42:22 AM com.squareup.okhttp.mockwebserver.MockWebServer$3 processOneRequest
INFO: MockWebServer[40054] received request: GET / HTTP/1.1 and responded: HTTP/1.1 404 OK
Jun 06, 2015 4:42:22 AM com.squareup.okhttp.mockwebserver.MockWebServer$2 acceptConnections
INFO: MockWebServer[40054] done accepting connections: Socket closed
Jun 06, 2015 4:42:22 AM com.squareup.okhttp.mockwebserver.MockWebServer$2 execute
INFO: MockWebServer[45568] starting to accept connections
Jun 06, 2015 4:42:22 AM com.squareup.okhttp.mockwebserver.MockWebServer$2 acceptConnections
INFO: MockWebServer[45568] done accepting connections: Socket closed
Jun 06, 2015 4:42:22 AM com.squareup.okhttp.mockwebserver.MockWebServer$2 execute
INFO: MockWebServer[51633] starting to accept connections
Jun 06, 2015 4:42:22 AM com.squareup.okhttp.mockwebserver.MockWebServer$3 processConnection
WARNING: MockWebServer[51633] connection from /127.0.0.1 didn't make a request
Jun 06, 2015 4:42:22 AM com.squareup.okhttp.mockwebserver.MockWebServer$2 acceptConnections
INFO: MockWebServer[51633] done accepting connections: Socket closed
Jun 06, 2015 4:42:22 AM com.squareup.okhttp.mockwebserver.MockWebServer$2 execute
INFO: MockWebServer[44322] starting to accept connections
Jun 06, 2015 4:42:22 AM com.squareup.okhttp.mockwebserver.MockWebServer$2 acceptConnections
INFO: MockWebServer[44322] done accepting connections: Socket closed
Jun 06, 2015 4:42:22 AM com.squareup.okhttp.mockwebserver.MockWebServer$3 processOneRequest
INFO: MockWebServer[44322] received request: GET / HTTP/1.1 and responded: HTTP/1.1 200 OK
Jun 06, 2015 4:42:22 AM com.squareup.okhttp.mockwebserver.MockWebServer$2 execute
INFO: MockWebServer[39082] starting to accept connections
Jun 06, 2015 4:42:22 AM com.squareup.okhttp.mockwebserver.MockWebServer$2 acceptConnections
INFO: MockWebServer[39082] done accepting connections: Socket closed
Jun 06, 2015 4:42:22 AM com.squareup.okhttp.mockwebserver.MockWebServer$3 processOneRequest
INFO: MockWebServer[39082] received request: GET / HTTP/1.1 and responded: HTTP/1.1 404 OK
Jun 06, 2015 4:42:22 AM com.squareup.okhttp.mockwebserver.MockWebServer$2 execute
INFO: MockWebServer[43911] starting to accept connections
Jun 06, 2015 4:42:22 AM com.squareup.okhttp.mockwebserver.MockWebServer$2 acceptConnections
INFO: MockWebServer[43911] done accepting connections: Socket closed
Jun 06, 2015 4:42:22 AM com.squareup.okhttp.mockwebserver.MockWebServer$3 processConnection
WARNING: MockWebServer[43911] connection from /127.0.0.1 didn't make a request
Jun 06, 2015 4:42:22 AM com.squareup.okhttp.mockwebserver.MockWebServer$2 execute
INFO: MockWebServer[39495] starting to accept connections
Jun 06, 2015 4:42:22 AM com.squareup.okhttp.mockwebserver.MockWebServer$2 acceptConnections
INFO: MockWebServer[39495] done accepting connections: Socket is closed
Jun 06, 2015 4:42:22 AM com.squareup.okhttp.mockwebserver.MockWebServer$2 execute
INFO: MockWebServer[53105] starting to accept connections
Jun 06, 2015 4:42:22 AM com.squareup.okhttp.mockwebserver.MockWebServer$2 acceptConnections
INFO: MockWebServer[53105] done accepting connections: Socket closed
Jun 06, 2015 4:42:22 AM com.squareup.okhttp.mockwebserver.MockWebServer$2 execute
INFO: MockWebServer[39687] starting to accept connections
Jun 06, 2015 4:42:22 AM com.squareup.okhttp.mockwebserver.MockWebServer$3 processOneRequest
INFO: MockWebServer[39687] received request: GET / HTTP/1.1 and responded: HTTP/1.1 200 OK
Jun 06, 2015 4:42:22 AM com.squareup.okhttp.mockwebserver.MockWebServer$2 acceptConnections
INFO: MockWebServer[39687] done accepting connections: Socket closed
Jun 06, 2015 4:42:22 AM com.squareup.okhttp.mockwebserver.MockWebServer$2 execute
INFO: MockWebServer[54225] starting to accept connections
Jun 06, 2015 4:42:22 AM com.squareup.okhttp.mockwebserver.MockWebServer$2 acceptConnections
INFO: MockWebServer[54225] done accepting connections: Socket closed
Jun 06, 2015 4:42:22 AM com.squareup.okhttp.mockwebserver.MockWebServer$3 processOneRequest
INFO: MockWebServer[54225] received request: GET / HTTP/1.1 and responded: HTTP/1.1 404 OK
Jun 06, 2015 4:42:22 AM com.squareup.okhttp.mockwebserver.MockWebServer$2 execute
INFO: MockWebServer[56315] starting to accept connections
Jun 06, 2015 4:42:22 AM com.squareup.okhttp.mockwebserver.MockWebServer$2 acceptConnections
INFO: MockWebServer[56315] done accepting connections: Socket is closed
Tests run: 13, Failures: 0, Errors: 0, Skipped: 0, Time elapsed: 0.955 sec
Running retrofit.ResultTest
Tests run: 4, Failures: 0, Errors: 0, Skipped: 0, Time elapsed: 0 sec

Results :

Tests run: 17, Failures: 0, Errors: 0, Skipped: 0

[INFO]                                                                         
[INFO] ------------------------------------------------------------------------
[INFO] Building Converters 2.0.0-SNAPSHOT
[INFO] ------------------------------------------------------------------------
[INFO] 
[INFO] --- maven-enforcer-plugin:1.0:enforce (enforce-maven) @ retrofit-converters ---
[INFO]                                                                         
[INFO] ------------------------------------------------------------------------
[INFO] Building Converter: Gson 2.0.0-SNAPSHOT
[INFO] ------------------------------------------------------------------------
[INFO] 
[INFO] --- maven-enforcer-plugin:1.0:enforce (enforce-maven) @ converter-gson ---
[INFO] 
[INFO] --- maven-resources-plugin:2.6:resources (default-resources) @ converter-gson ---
[INFO] Using 'UTF-8' encoding to copy filtered resources.
[INFO] skip non existing resourceDirectory /home/travis/build/square/retrofit/retrofit-converters/gson/src/main/resources
[INFO] 
[INFO] --- maven-compiler-plugin:3.0:compile (default-compile) @ converter-gson ---
[INFO] Changes detected - recompiling the module!
[INFO] Compiling 1 source file to /home/travis/build/square/retrofit/retrofit-converters/gson/target/classes
[INFO] 
[INFO] --- maven-resources-plugin:2.6:testResources (default-testResources) @ converter-gson ---
[INFO] Using 'UTF-8' encoding to copy filtered resources.
[INFO] skip non existing resourceDirectory /home/travis/build/square/retrofit/retrofit-converters/gson/src/test/resources
[INFO] 
[INFO] --- maven-compiler-plugin:3.0:testCompile (default-testCompile) @ converter-gson ---
[INFO] Changes detected - recompiling the module!
[INFO] Compiling 1 source file to /home/travis/build/square/retrofit/retrofit-converters/gson/target/test-classes
[INFO] 
[INFO] --- maven-surefire-plugin:2.12.4:test (default-test) @ converter-gson ---
[INFO] Surefire report directory: /home/travis/build/square/retrofit/retrofit-converters/gson/target/surefire-reports

-------------------------------------------------------
 T E S T S
-------------------------------------------------------
Running retrofit.GsonConverterTest
Tests run: 3, Failures: 0, Errors: 0, Skipped: 0, Time elapsed: 0.239 sec

Results :

Tests run: 3, Failures: 0, Errors: 0, Skipped: 0

[INFO]                                                                         
[INFO] ------------------------------------------------------------------------
[INFO] Building Converter: Protocol Buffers 2.0.0-SNAPSHOT
[INFO] ------------------------------------------------------------------------
[INFO] 
[INFO] --- maven-enforcer-plugin:1.0:enforce (enforce-maven) @ converter-protobuf ---
[INFO] 
[INFO] --- maven-resources-plugin:2.6:resources (default-resources) @ converter-protobuf ---
[INFO] Using 'UTF-8' encoding to copy filtered resources.
[INFO] skip non existing resourceDirectory /home/travis/build/square/retrofit/retrofit-converters/protobuf/src/main/resources
[INFO] 
[INFO] --- maven-compiler-plugin:3.0:compile (default-compile) @ converter-protobuf ---
[INFO] Changes detected - recompiling the module!
[INFO] Compiling 1 source file to /home/travis/build/square/retrofit/retrofit-converters/protobuf/target/classes
[INFO] 
[INFO] --- maven-resources-plugin:2.6:testResources (default-testResources) @ converter-protobuf ---
[INFO] Using 'UTF-8' encoding to copy filtered resources.
[INFO] skip non existing resourceDirectory /home/travis/build/square/retrofit/retrofit-converters/protobuf/src/test/resources
[INFO] 
[INFO] --- maven-compiler-plugin:3.0:testCompile (default-testCompile) @ converter-protobuf ---
[INFO] Changes detected - recompiling the module!
[INFO] Compiling 2 source files to /home/travis/build/square/retrofit/retrofit-converters/protobuf/target/test-classes
[INFO] 
[INFO] --- maven-surefire-plugin:2.12.4:test (default-test) @ converter-protobuf ---
[INFO] Surefire report directory: /home/travis/build/square/retrofit/retrofit-converters/protobuf/target/surefire-reports

-------------------------------------------------------
 T E S T S
-------------------------------------------------------
Running retrofit.ProtoConverterTest
Tests run: 5, Failures: 0, Errors: 0, Skipped: 0, Time elapsed: 0.27 sec

Results :

Tests run: 5, Failures: 0, Errors: 0, Skipped: 0

[INFO]                                                                         
[INFO] ------------------------------------------------------------------------
[INFO] Building Converter: Jackson 2.0.0-SNAPSHOT
[INFO] ------------------------------------------------------------------------
[INFO] 
[INFO] --- maven-enforcer-plugin:1.0:enforce (enforce-maven) @ converter-jackson ---
[INFO] 
[INFO] --- maven-resources-plugin:2.6:resources (default-resources) @ converter-jackson ---
[INFO] Using 'UTF-8' encoding to copy filtered resources.
[INFO] skip non existing resourceDirectory /home/travis/build/square/retrofit/retrofit-converters/jackson/src/main/resources
[INFO] 
[INFO] --- maven-compiler-plugin:3.0:compile (default-compile) @ converter-jackson ---
[INFO] Changes detected - recompiling the module!
[INFO] Compiling 1 source file to /home/travis/build/square/retrofit/retrofit-converters/jackson/target/classes
[INFO] 
[INFO] --- maven-resources-plugin:2.6:testResources (default-testResources) @ converter-jackson ---
[INFO] Using 'UTF-8' encoding to copy filtered resources.
[INFO] skip non existing resourceDirectory /home/travis/build/square/retrofit/retrofit-converters/jackson/src/test/resources
[INFO] 
[INFO] --- maven-compiler-plugin:3.0:testCompile (default-testCompile) @ converter-jackson ---
[INFO] Changes detected - recompiling the module!
[INFO] Compiling 1 source file to /home/travis/build/square/retrofit/retrofit-converters/jackson/target/test-classes
[INFO] 
[INFO] --- maven-surefire-plugin:2.12.4:test (default-test) @ converter-jackson ---
[INFO] Surefire report directory: /home/travis/build/square/retrofit/retrofit-converters/jackson/target/surefire-reports

-------------------------------------------------------
 T E S T S
-------------------------------------------------------
Running retrofit.JacksonConverterTest
Tests run: 4, Failures: 0, Errors: 0, Skipped: 0, Time elapsed: 0.547 sec

Results :

Tests run: 4, Failures: 0, Errors: 0, Skipped: 0

[INFO]                                                                         
[INFO] ------------------------------------------------------------------------
[INFO] Building Converter: Wire Protocol Buffers 2.0.0-SNAPSHOT
[INFO] ------------------------------------------------------------------------
[INFO] 
[INFO] --- maven-enforcer-plugin:1.0:enforce (enforce-maven) @ converter-wire ---
[INFO] 
[INFO] --- maven-resources-plugin:2.6:resources (default-resources) @ converter-wire ---
[INFO] Using 'UTF-8' encoding to copy filtered resources.
[INFO] skip non existing resourceDirectory /home/travis/build/square/retrofit/retrofit-converters/wire/src/main/resources
[INFO] 
[INFO] --- maven-compiler-plugin:3.0:compile (default-compile) @ converter-wire ---
[INFO] Changes detected - recompiling the module!
[INFO] Compiling 1 source file to /home/travis/build/square/retrofit/retrofit-converters/wire/target/classes
[INFO] 
[INFO] --- maven-resources-plugin:2.6:testResources (default-testResources) @ converter-wire ---
[INFO] Using 'UTF-8' encoding to copy filtered resources.
[INFO] skip non existing resourceDirectory /home/travis/build/square/retrofit/retrofit-converters/wire/src/test/resources
[INFO] 
[INFO] --- maven-compiler-plugin:3.0:testCompile (default-testCompile) @ converter-wire ---
[INFO] Changes detected - recompiling the module!
[INFO] Compiling 2 source files to /home/travis/build/square/retrofit/retrofit-converters/wire/target/test-classes
[INFO] 
[INFO] --- maven-surefire-plugin:2.12.4:test (default-test) @ converter-wire ---
[INFO] Surefire report directory: /home/travis/build/square/retrofit/retrofit-converters/wire/target/surefire-reports

-------------------------------------------------------
 T E S T S
-------------------------------------------------------
Running retrofit.WireConverterTest
Tests run: 5, Failures: 0, Errors: 0, Skipped: 0, Time elapsed: 0.213 sec

Results :

Tests run: 5, Failures: 0, Errors: 0, Skipped: 0

[INFO]                                                                         
[INFO] ------------------------------------------------------------------------
[INFO] Building Converter: SimpleXML 2.0.0-SNAPSHOT
[INFO] ------------------------------------------------------------------------
[INFO] 
[INFO] --- maven-enforcer-plugin:1.0:enforce (enforce-maven) @ converter-simplexml ---
[INFO] 
[INFO] --- maven-resources-plugin:2.6:resources (default-resources) @ converter-simplexml ---
[INFO] Using 'UTF-8' encoding to copy filtered resources.
[INFO] skip non existing resourceDirectory /home/travis/build/square/retrofit/retrofit-converters/simplexml/src/main/resources
[INFO] 
[INFO] --- maven-compiler-plugin:3.0:compile (default-compile) @ converter-simplexml ---
[INFO] Changes detected - recompiling the module!
[INFO] Compiling 1 source file to /home/travis/build/square/retrofit/retrofit-converters/simplexml/target/classes
[INFO] 
[INFO] --- maven-resources-plugin:2.6:testResources (default-testResources) @ converter-simplexml ---
[INFO] Using 'UTF-8' encoding to copy filtered resources.
[INFO] skip non existing resourceDirectory /home/travis/build/square/retrofit/retrofit-converters/simplexml/src/test/resources
[INFO] 
[INFO] --- maven-compiler-plugin:3.0:testCompile (default-testCompile) @ converter-simplexml ---
[INFO] Changes detected - recompiling the module!
[INFO] Compiling 1 source file to /home/travis/build/square/retrofit/retrofit-converters/simplexml/target/test-classes
[INFO] 
[INFO] --- maven-surefire-plugin:2.12.4:test (default-test) @ converter-simplexml ---
[INFO] Surefire report directory: /home/travis/build/square/retrofit/retrofit-converters/simplexml/target/surefire-reports

-------------------------------------------------------
 T E S T S
-------------------------------------------------------
Running retrofit.SimpleXmlConverterTest
Tests run: 4, Failures: 0, Errors: 0, Skipped: 0, Time elapsed: 0.376 sec

Results :

Tests run: 4, Failures: 0, Errors: 0, Skipped: 0

[INFO]                                                                         
[INFO] ------------------------------------------------------------------------
[INFO] Building Samples 2.0.0-SNAPSHOT
[INFO] ------------------------------------------------------------------------
[INFO] 
[INFO] --- maven-enforcer-plugin:1.0:enforce (enforce-maven) @ samples ---
[INFO] 
[INFO] --- maven-resources-plugin:2.6:resources (default-resources) @ samples ---
[INFO] Using 'UTF-8' encoding to copy filtered resources.
[INFO] skip non existing resourceDirectory /home/travis/build/square/retrofit/samples/src/main/resources
[INFO] 
[INFO] --- maven-compiler-plugin:3.0:compile (default-compile) @ samples ---
[INFO] Changes detected - recompiling the module!
[INFO] Compiling 2 source files to /home/travis/build/square/retrofit/samples/target/classes
[INFO] 
[INFO] --- maven-resources-plugin:2.6:testResources (default-testResources) @ samples ---
[INFO] Using 'UTF-8' encoding to copy filtered resources.
[INFO] skip non existing resourceDirectory /home/travis/build/square/retrofit/samples/src/test/resources
[INFO] 
[INFO] --- maven-compiler-plugin:3.0:testCompile (default-testCompile) @ samples ---
[INFO] No sources to compile
[INFO] 
[INFO] --- maven-surefire-plugin:2.12.4:test (default-test) @ samples ---
[INFO] No tests to run.
[INFO] ------------------------------------------------------------------------
[INFO] Reactor Summary:
[INFO] 
[INFO] Retrofit (Parent) .................................. SUCCESS [  0.585 s]
[INFO] Retrofit ........................................... SUCCESS [  7.051 s]
[INFO] Adapters ........................................... SUCCESS [  0.004 s]
[INFO] Adapter: RxJava .................................... SUCCESS [  1.751 s]
[INFO] Converters ......................................... SUCCESS [  0.003 s]
[INFO] Converter: Gson .................................... SUCCESS [  0.599 s]
[INFO] Converter: Protocol Buffers ........................ SUCCESS [  1.040 s]
[INFO] Converter: Jackson ................................. SUCCESS [  1.098 s]
[INFO] Converter: Wire Protocol Buffers ................... SUCCESS [  0.714 s]
[INFO] Converter: SimpleXML ............................... SUCCESS [  0.756 s]
[INFO] Samples ............................................ SUCCESS [  0.067 s]
[INFO] ------------------------------------------------------------------------
[INFO] BUILD SUCCESS
[INFO] ------------------------------------------------------------------------
[INFO] Total time: 14.073 s
[INFO] Finished at: 2015-06-06T04:42:27+00:00
[INFO] Final Memory: 26M/465M
[INFO] ------------------------------------------------------------------------
travis_time:end:0075aa52:start=1433565731053606694,finish=1433565747734116734,duration=16680510040[0K
[32;1mThe command "mvn test -B" exited with 0.[0m
travis_fold:start:cache.2[0Kstore build cache
travis_time:start:0ed30cc3[0Kchange detected: /home/travis/.m2/repository/com/squareup/retrofit/parent/2.0.0-SNAPSHOT/_remote.repositories
changes detected, packing new archive
uploading archive
travis_time:end:0ed30cc3:start=1433565747740314115,finish=1433565761773301324,duration=14032987209[0Ktravis_fold:end:cache.2[0Ktravis_fold:start:after_success[0Ktravis_time:start:19c29d9e[0K$ .buildscript/deploy_snapshot.sh
Skipping snapshot deployment: wrong JDK. Expected 'oraclejdk8' but was 'oraclejdk7'.
travis_time:end:19c29d9e:start=1433565761779175851,finish=1433565761785611269,duration=6435418[0Ktravis_fold:end:after_success[0K
Done. Your build exited with 0.
