Using worker: worker-linux-docker-c90ed420.prod.travis-ci.org:travis-linux-5

travis_fold:start:system_info[0K[33;1mBuild system information[0m
Build language: java
[34m[1mBuild image provisioning date and time[0m
Thu Feb  5 15:09:33 UTC 2015
[34m[1mOperating System Details[0m
Distributor ID:	Ubuntu
Description:	Ubuntu 12.04.5 LTS
Release:	12.04
Codename:	precise
[34m[1mLinux Version[0m
3.13.0-29-generic
[34m[1mCookbooks Version[0m
a68419e https://github.com/travis-ci/travis-cookbooks/tree/a68419e
[34m[1mGCC version[0m
gcc (Ubuntu/Linaro 4.6.3-1ubuntu5) 4.6.3
Copyright (C) 2011 Free Software Foundation, Inc.
This is free software; see the source for copying conditions.  There is NO
warranty; not even for MERCHANTABILITY or FITNESS FOR A PARTICULAR PURPOSE.

[34m[1mLLVM version[0m
clang version 3.4 (tags/RELEASE_34/final)
Target: x86_64-unknown-linux-gnu
Thread model: posix
[34m[1mPre-installed Ruby versions[0m
ruby-1.9.3-p551
[34m[1mPre-installed Node.js versions[0m
v0.10.36
[34m[1mPre-installed Go versions[0m
1.4.1
[34m[1mRedis version[0m
redis-server 2.8.19
[34m[1mriak version[0m
2.0.2
[34m[1mMongoDB version[0m
MongoDB 2.4.12
[34m[1mCouchDB version[0m
couchdb 1.6.1
[34m[1mNeo4j version[0m
1.9.4
[34m[1mRabbitMQ Version[0m
3.4.3
[34m[1mElasticSearch version[0m
1.4.0
[34m[1mInstalled Sphinx versions[0m
2.0.10
2.1.9
2.2.6
[34m[1mDefault Sphinx version[0m
2.2.6
[34m[1mInstalled Firefox version[0m
firefox 31.0esr
[34m[1mPhantomJS version[0m
1.9.8
[34m[1mant -version[0m
Apache Ant(TM) version 1.8.2 compiled on December 3 2011
[34m[1mmvn -version[0m
Apache Maven 3.2.5 (12a6b3acb947671f09b81f49094c53f426d8cea1; 2014-12-14T17:29:23+00:00)
Maven home: /usr/local/maven
Java version: 1.7.0_76, vendor: Oracle Corporation
Java home: /usr/lib/jvm/java-7-oracle/jre
Default locale: en_US, platform encoding: ANSI_X3.4-1968
OS name: "linux", version: "3.13.0-29-generic", arch: "amd64", family: "unix"
travis_fold:end:system_info[0K
travis_fold:start:git.checkout[0Ktravis_time:start:1dbd83fe[0K$ git clone --depth=50 --branch=jw/logic git://github.com/square/retrofit.git square/retrofit
Cloning into 'square/retrofit'...
remote: Counting objects: 1502, done.[K
remote: Compressing objects:   0% (1/790)   [Kremote: Compressing objects:   1% (8/790)   [Kremote: Compressing objects:   2% (16/790)   [Kremote: Compressing objects:   3% (24/790)   [Kremote: Compressing objects:   4% (32/790)   [Kremote: Compressing objects:   5% (40/790)   [Kremote: Compressing objects:   6% (48/790)   [Kremote: Compressing objects:   7% (56/790)   [Kremote: Compressing objects:   8% (64/790)   [Kremote: Compressing objects:   9% (72/790)   [Kremote: Compressing objects:  10% (79/790)   [Kremote: Compressing objects:  11% (87/790)   [Kremote: Compressing objects:  12% (95/790)   [Kremote: Compressing objects:  13% (103/790)   [Kremote: Compressing objects:  14% (111/790)   [Kremote: Compressing objects:  15% (119/790)   [Kremote: Compressing objects:  16% (127/790)   [Kremote: Compressing objects:  17% (135/790)   [Kremote: Compressing objects:  18% (143/790)   [Kremote: Compressing objects:  19% (151/790)   [Kremote: Compressing objects:  20% (158/790)   [Kremote: Compressing objects:  21% (166/790)   [Kremote: Compressing objects:  22% (174/790)   [Kremote: Compressing objects:  23% (182/790)   [Kremote: Compressing objects:  24% (190/790)   [Kremote: Compressing objects:  25% (198/790)   [Kremote: Compressing objects:  26% (206/790)   [Kremote: Compressing objects:  27% (214/790)   [Kremote: Compressing objects:  28% (222/790)   [Kremote: Compressing objects:  29% (230/790)   [Kremote: Compressing objects:  30% (237/790)   [Kremote: Compressing objects:  31% (245/790)   [Kremote: Compressing objects:  32% (253/790)   [Kremote: Compressing objects:  33% (261/790)   [Kremote: Compressing objects:  34% (269/790)   [Kremote: Compressing objects:  35% (277/790)   [Kremote: Compressing objects:  36% (285/790)   [Kremote: Compressing objects:  37% (293/790)   [Kremote: Compressing objects:  38% (301/790)   [Kremote: Compressing objects:  39% (309/790)   [Kremote: Compressing objects:  40% (316/790)   [Kremote: Compressing objects:  41% (324/790)   [Kremote: Compressing objects:  42% (332/790)   [Kremote: Compressing objects:  43% (340/790)   [Kremote: Compressing objects:  44% (348/790)   [Kremote: Compressing objects:  45% (356/790)   [Kremote: Compressing objects:  46% (364/790)   [Kremote: Compressing objects:  47% (372/790)   [Kremote: Compressing objects:  48% (380/790)   [Kremote: Compressing objects:  49% (388/790)   [Kremote: Compressing objects:  50% (395/790)   [Kremote: Compressing objects:  51% (403/790)   [Kremote: Compressing objects:  52% (411/790)   [Kremote: Compressing objects:  53% (419/790)   [Kremote: Compressing objects:  54% (427/790)   [Kremote: Compressing objects:  55% (435/790)   [Kremote: Compressing objects:  56% (443/790)   [Kremote: Compressing objects:  57% (451/790)   [Kremote: Compressing objects:  58% (459/790)   [Kremote: Compressing objects:  59% (467/790)   [Kremote: Compressing objects:  60% (474/790)   [Kremote: Compressing objects:  61% (482/790)   [Kremote: Compressing objects:  62% (490/790)   [Kremote: Compressing objects:  63% (498/790)   [Kremote: Compressing objects:  64% (506/790)   [Kremote: Compressing objects:  65% (514/790)   [Kremote: Compressing objects:  66% (522/790)   [Kremote: Compressing objects:  67% (530/790)   [Kremote: Compressing objects:  68% (538/790)   [Kremote: Compressing objects:  69% (546/790)   [Kremote: Compressing objects:  70% (553/790)   [Kremote: Compressing objects:  71% (561/790)   [Kremote: Compressing objects:  72% (569/790)   [Kremote: Compressing objects:  73% (577/790)   [Kremote: Compressing objects:  74% (585/790)   [Kremote: Compressing objects:  75% (593/790)   [Kremote: Compressing objects:  76% (601/790)   [Kremote: Compressing objects:  77% (609/790)   [Kremote: Compressing objects:  78% (617/790)   [Kremote: Compressing objects:  79% (625/790)   [Kremote: Compressing objects:  80% (632/790)   [Kremote: Compressing objects:  81% (640/790)   [Kremote: Compressing objects:  82% (648/790)   [Kremote: Compressing objects:  83% (656/790)   [Kremote: Compressing objects:  84% (664/790)   [Kremote: Compressing objects:  85% (672/790)   [Kremote: Compressing objects:  86% (680/790)   [Kremote: Compressing objects:  87% (688/790)   [Kremote: Compressing objects:  88% (696/790)   [Kremote: Compressing objects:  89% (704/790)   [Kremote: Compressing objects:  90% (711/790)   [Kremote: Compressing objects:  91% (719/790)   [Kremote: Compressing objects:  92% (727/790)   [Kremote: Compressing objects:  93% (735/790)   [Kremote: Compressing objects:  94% (743/790)   [Kremote: Compressing objects:  95% (751/790)   [Kremote: Compressing objects:  96% (759/790)   [Kremote: Compressing objects:  97% (767/790)   [Kremote: Compressing objects:  98% (775/790)   [Kremote: Compressing objects:  99% (783/790)   [Kremote: Compressing objects: 100% (790/790)   [Kremote: Compressing objects: 100% (790/790), done.[K
Receiving objects:   0% (1/1502)   Receiving objects:   1% (16/1502)   Receiving objects:   2% (31/1502)   Receiving objects:   3% (46/1502)   Receiving objects:   4% (61/1502)   Receiving objects:   5% (76/1502)   Receiving objects:   6% (91/1502)   Receiving objects:   7% (106/1502)   Receiving objects:   8% (121/1502)   Receiving objects:   9% (136/1502)   Receiving objects:  10% (151/1502)   Receiving objects:  11% (166/1502)   Receiving objects:  12% (181/1502)   Receiving objects:  13% (196/1502)   Receiving objects:  14% (211/1502)   Receiving objects:  15% (226/1502)   Receiving objects:  16% (241/1502)   Receiving objects:  17% (256/1502)   Receiving objects:  18% (271/1502)   Receiving objects:  19% (286/1502)   Receiving objects:  20% (301/1502)   Receiving objects:  21% (316/1502)   Receiving objects:  22% (331/1502)   Receiving objects:  23% (346/1502)   Receiving objects:  24% (361/1502)   Receiving objects:  25% (376/1502)   Receiving objects:  26% (391/1502)   Receiving objects:  27% (406/1502)   Receiving objects:  28% (421/1502)   Receiving objects:  29% (436/1502)   Receiving objects:  30% (451/1502)   Receiving objects:  31% (466/1502)   Receiving objects:  32% (481/1502)   Receiving objects:  33% (496/1502)   Receiving objects:  34% (511/1502)   Receiving objects:  35% (526/1502)   Receiving objects:  36% (541/1502)   Receiving objects:  37% (556/1502)   Receiving objects:  38% (571/1502)   Receiving objects:  39% (586/1502)   Receiving objects:  40% (601/1502)   Receiving objects:  41% (616/1502)   Receiving objects:  42% (631/1502)   Receiving objects:  43% (646/1502)   Receiving objects:  44% (661/1502)   Receiving objects:  45% (676/1502)   Receiving objects:  46% (691/1502)   Receiving objects:  47% (706/1502)   Receiving objects:  48% (721/1502)   Receiving objects:  49% (736/1502)   Receiving objects:  50% (751/1502)   Receiving objects:  51% (767/1502)   Receiving objects:  52% (782/1502)   Receiving objects:  53% (797/1502)   Receiving objects:  54% (812/1502)   Receiving objects:  55% (827/1502)   Receiving objects:  56% (842/1502)   Receiving objects:  57% (857/1502)   Receiving objects:  58% (872/1502)   Receiving objects:  59% (887/1502)   Receiving objects:  60% (902/1502)   Receiving objects:  61% (917/1502)   Receiving objects:  62% (932/1502)   Receiving objects:  63% (947/1502)   Receiving objects:  64% (962/1502)   Receiving objects:  65% (977/1502)   Receiving objects:  66% (992/1502)   Receiving objects:  67% (1007/1502)   Receiving objects:  68% (1022/1502)   Receiving objects:  69% (1037/1502)   remote: Total 1502 (delta 521), reused 1210 (delta 298), pack-reused 0[K
Receiving objects:  70% (1052/1502)   Receiving objects:  71% (1067/1502)   Receiving objects:  72% (1082/1502)   Receiving objects:  73% (1097/1502)   Receiving objects:  74% (1112/1502)   Receiving objects:  75% (1127/1502)   Receiving objects:  76% (1142/1502)   Receiving objects:  77% (1157/1502)   Receiving objects:  78% (1172/1502)   Receiving objects:  79% (1187/1502)   Receiving objects:  80% (1202/1502)   Receiving objects:  81% (1217/1502)   Receiving objects:  82% (1232/1502)   Receiving objects:  83% (1247/1502)   Receiving objects:  84% (1262/1502)   Receiving objects:  85% (1277/1502)   Receiving objects:  86% (1292/1502)   Receiving objects:  87% (1307/1502)   Receiving objects:  88% (1322/1502)   Receiving objects:  89% (1337/1502)   Receiving objects:  90% (1352/1502)   Receiving objects:  91% (1367/1502)   Receiving objects:  92% (1382/1502)   Receiving objects:  93% (1397/1502)   Receiving objects:  94% (1412/1502)   Receiving objects:  95% (1427/1502)   Receiving objects:  96% (1442/1502)   Receiving objects:  97% (1457/1502)   Receiving objects:  98% (1472/1502)   Receiving objects:  99% (1487/1502)   Receiving objects: 100% (1502/1502)   Receiving objects: 100% (1502/1502), 378.30 KiB | 0 bytes/s, done.
Resolving deltas:   0% (0/521)   Resolving deltas:  11% (60/521)   Resolving deltas:  12% (63/521)   Resolving deltas:  14% (76/521)   Resolving deltas:  15% (83/521)   Resolving deltas:  18% (96/521)   Resolving deltas:  23% (124/521)   Resolving deltas:  24% (126/521)   Resolving deltas:  26% (137/521)   Resolving deltas:  27% (145/521)   Resolving deltas:  28% (148/521)   Resolving deltas:  29% (152/521)   Resolving deltas:  30% (159/521)   Resolving deltas:  32% (168/521)   Resolving deltas:  34% (178/521)   Resolving deltas:  35% (186/521)   Resolving deltas:  36% (191/521)   Resolving deltas:  37% (194/521)   Resolving deltas:  38% (203/521)   Resolving deltas:  40% (212/521)   Resolving deltas:  41% (217/521)   Resolving deltas:  42% (222/521)   Resolving deltas:  43% (227/521)   Resolving deltas:  44% (233/521)   Resolving deltas:  45% (237/521)   Resolving deltas:  46% (241/521)   Resolving deltas:  50% (262/521)   Resolving deltas:  51% (270/521)   Resolving deltas:  52% (276/521)   Resolving deltas:  53% (278/521)   Resolving deltas:  54% (283/521)   Resolving deltas:  55% (288/521)   Resolving deltas:  58% (307/521)   Resolving deltas:  59% (310/521)   Resolving deltas:  62% (326/521)   Resolving deltas:  63% (329/521)   Resolving deltas:  64% (334/521)   Resolving deltas:  65% (341/521)   Resolving deltas:  66% (344/521)   Resolving deltas:  68% (357/521)   Resolving deltas:  69% (363/521)   Resolving deltas:  71% (371/521)   Resolving deltas:  72% (376/521)   Resolving deltas:  73% (381/521)   Resolving deltas:  74% (387/521)   Resolving deltas:  75% (391/521)   Resolving deltas:  76% (397/521)   Resolving deltas:  77% (403/521)   Resolving deltas:  78% (407/521)   Resolving deltas:  79% (416/521)   Resolving deltas:  80% (417/521)   Resolving deltas:  81% (423/521)   Resolving deltas:  82% (431/521)   Resolving deltas:  83% (433/521)   Resolving deltas:  84% (438/521)   Resolving deltas:  85% (447/521)   Resolving deltas:  86% (450/521)   Resolving deltas:  87% (454/521)   Resolving deltas:  88% (461/521)   Resolving deltas:  90% (471/521)   Resolving deltas:  91% (478/521)   Resolving deltas:  92% (484/521)   Resolving deltas:  94% (490/521)   Resolving deltas:  95% (497/521)   Resolving deltas:  96% (501/521)   Resolving deltas:  98% (511/521)   Resolving deltas:  99% (518/521)   Resolving deltas: 100% (521/521)   Resolving deltas: 100% (521/521), done.
Checking connectivity... done.
travis_time:end:1dbd83fe:start=1433999684074153938,finish=1433999684306139082,duration=231985144[0K$ cd square/retrofit
$ git checkout -qf fec3b3a1a68fcee5efe3e7c67d7afa4abeb57b18
travis_fold:end:git.checkout[0K
[33;1mThis job is running on container-based infrastructure, which does not allow use of 'sudo', setuid and setguid executables.[0m
[33;1mIf you require sudo, add 'sudo: required' to your .travis.yml[0m
[33;1mSee http://docs.travis-ci.com/user/workers/container-based-infrastructure/ for details.[0m

[33;1mSetting environment variables from .travis.yml[0m
$ export CI_DEPLOY_USERNAME=[secure]
$ export CI_DEPLOY_PASSWORD=[secure]

travis_fold:start:cache.1[0KSetting up build cache
$ export CASHER_DIR=$HOME/.casher
travis_time:start:0d520fbe[0K$ Installing caching utilities
travis_time:end:0d520fbe:start=1433999686304683468,finish=1433999686364684732,duration=60001264[0Ktravis_time:start:0bd0892b[0Kattempting to download cache archive
fetching jwlogic/cache--jdk-oraclejdk8.tbz
found cache
travis_time:end:0bd0892b:start=1433999686369116626,finish=1433999687568274345,duration=1199157719[0Ktravis_time:start:0a686c0f[0Kadding /home/travis/.m2 to cache
travis_time:end:0a686c0f:start=1433999687571859851,finish=1433999691711123274,duration=4139263423[0Ktravis_fold:end:cache.1[0K$ jdk_switcher use oraclejdk8
Switching to Oracle JDK8 (java-8-oracle), JAVA_HOME will be set to /usr/lib/jvm/java-8-oracle
$ java -Xmx32m -version
java version "1.8.0_31"
Java(TM) SE Runtime Environment (build 1.8.0_31-b13)
Java HotSpot(TM) 64-Bit Server VM (build 25.31-b07, mixed mode)
$ javac -J-Xmx32m -version
javac 1.8.0_31
travis_fold:start:install[0Ktravis_time:start:04e5e941[0K$ mvn install -DskipTests=true -Dmaven.javadoc.skip=true -B -V
Java HotSpot(TM) 64-Bit Server VM warning: ignoring option MaxPermSize=192m; support was removed in 8.0
Apache Maven 3.2.5 (12a6b3acb947671f09b81f49094c53f426d8cea1; 2014-12-14T17:29:23+00:00)
Maven home: /usr/local/maven
Java version: 1.8.0_31, vendor: Oracle Corporation
Java home: /usr/lib/jvm/java-8-oracle/jre
Default locale: en_US, platform encoding: UTF-8
OS name: "linux", version: "3.13.0-40-generic", arch: "amd64", family: "unix"
[INFO] Scanning for projects...
[WARNING] 
[WARNING] Some problems were encountered while building the effective model for com.squareup.retrofit:samples:jar:2.0.0-SNAPSHOT
[WARNING] 'build.plugins.plugin.version' for org.apache.maven.plugins:maven-deploy-plugin is missing. @ com.squareup.retrofit:samples:[unknown-version], /home/travis/build/square/retrofit/samples/pom.xml, line 36, column 15
[WARNING] 
[WARNING] It is highly recommended to fix these problems because they threaten the stability of your build.
[WARNING] 
[WARNING] For this reason, future Maven versions might no longer support building such malformed projects.
[WARNING] 
[INFO] ------------------------------------------------------------------------
[INFO] Reactor Build Order:
[INFO] 
[INFO] Retrofit (Parent)
[INFO] Retrofit
[INFO] Adapters
[INFO] Adapter: RxJava
[INFO] Converters
[INFO] Converter: Gson
[INFO] Converter: Protocol Buffers
[INFO] Converter: Jackson
[INFO] Converter: Wire Protocol Buffers
[INFO] Converter: SimpleXML
[INFO] Samples
[INFO]                                                                         
[INFO] ------------------------------------------------------------------------
[INFO] Building Retrofit (Parent) 2.0.0-SNAPSHOT
[INFO] ------------------------------------------------------------------------
[INFO] 
[INFO] --- maven-enforcer-plugin:1.0:enforce (enforce-maven) @ parent ---
[INFO] 
[INFO] --- maven-checkstyle-plugin:2.15:checkstyle (default) @ parent ---
[INFO] 
[INFO] --- maven-install-plugin:2.4:install (default-install) @ parent ---
[INFO] Installing /home/travis/build/square/retrofit/pom.xml to /home/travis/.m2/repository/com/squareup/retrofit/parent/2.0.0-SNAPSHOT/parent-2.0.0-SNAPSHOT.pom
[INFO]                                                                         
[INFO] ------------------------------------------------------------------------
[INFO] Building Retrofit 2.0.0-SNAPSHOT
[INFO] ------------------------------------------------------------------------
[INFO] 
[INFO] --- maven-enforcer-plugin:1.0:enforce (enforce-maven) @ retrofit ---
[INFO] 
[INFO] --- maven-resources-plugin:2.6:resources (default-resources) @ retrofit ---
[INFO] Using 'UTF-8' encoding to copy filtered resources.
[INFO] skip non existing resourceDirectory /home/travis/build/square/retrofit/retrofit/src/main/resources
[INFO] 
[INFO] --- maven-compiler-plugin:3.0:compile (default-compile) @ retrofit ---
[INFO] Changes detected - recompiling the module!
[INFO] Compiling 36 source files to /home/travis/build/square/retrofit/retrofit/target/classes
[WARNING] /home/travis/build/square/retrofit/retrofit/src/main/java/retrofit/Retrofit.java: Some input files use unchecked or unsafe operations.
[WARNING] /home/travis/build/square/retrofit/retrofit/src/main/java/retrofit/Retrofit.java: Recompile with -Xlint:unchecked for details.
[INFO] 
[INFO] --- maven-resources-plugin:2.6:testResources (default-testResources) @ retrofit ---
[INFO] Using 'UTF-8' encoding to copy filtered resources.
[INFO] skip non existing resourceDirectory /home/travis/build/square/retrofit/retrofit/src/test/resources
[INFO] 
[INFO] --- maven-compiler-plugin:3.0:testCompile (default-testCompile) @ retrofit ---
[INFO] Changes detected - recompiling the module!
[INFO] Compiling 8 source files to /home/travis/build/square/retrofit/retrofit/target/test-classes
[WARNING] /home/travis/build/square/retrofit/retrofit/src/test/java/retrofit/DefaultCallAdapterFactoryTest.java: /home/travis/build/square/retrofit/retrofit/src/test/java/retrofit/DefaultCallAdapterFactoryTest.java uses unchecked or unsafe operations.
[WARNING] /home/travis/build/square/retrofit/retrofit/src/test/java/retrofit/DefaultCallAdapterFactoryTest.java: Recompile with -Xlint:unchecked for details.
[INFO] 
[INFO] --- maven-surefire-plugin:2.12.4:test (default-test) @ retrofit ---
[INFO] Tests are skipped.
[INFO] 
[INFO] --- maven-jar-plugin:2.4:jar (default-jar) @ retrofit ---
[INFO] Building jar: /home/travis/build/square/retrofit/retrofit/target/retrofit-2.0.0-SNAPSHOT.jar
[INFO] 
[INFO] --- maven-checkstyle-plugin:2.15:checkstyle (default) @ retrofit ---
[INFO] Starting audit...
Audit done.
[WARNING] Unable to locate Source XRef to link to - DISABLED
[INFO] 
[INFO] --- maven-install-plugin:2.4:install (default-install) @ retrofit ---
[INFO] Installing /home/travis/build/square/retrofit/retrofit/target/retrofit-2.0.0-SNAPSHOT.jar to /home/travis/.m2/repository/com/squareup/retrofit/retrofit/2.0.0-SNAPSHOT/retrofit-2.0.0-SNAPSHOT.jar
[INFO] Installing /home/travis/build/square/retrofit/retrofit/pom.xml to /home/travis/.m2/repository/com/squareup/retrofit/retrofit/2.0.0-SNAPSHOT/retrofit-2.0.0-SNAPSHOT.pom
[INFO]                                                                         
[INFO] ------------------------------------------------------------------------
[INFO] Building Adapters 2.0.0-SNAPSHOT
[INFO] ------------------------------------------------------------------------
[INFO] 
[INFO] --- maven-enforcer-plugin:1.0:enforce (enforce-maven) @ retrofit-adapters ---
[INFO] 
[INFO] --- maven-checkstyle-plugin:2.15:checkstyle (default) @ retrofit-adapters ---
[INFO] 
[INFO] --- maven-install-plugin:2.4:install (default-install) @ retrofit-adapters ---
[INFO] Installing /home/travis/build/square/retrofit/retrofit-adapters/pom.xml to /home/travis/.m2/repository/com/squareup/retrofit/retrofit-adapters/2.0.0-SNAPSHOT/retrofit-adapters-2.0.0-SNAPSHOT.pom
[INFO]                                                                         
[INFO] ------------------------------------------------------------------------
[INFO] Building Adapter: RxJava 2.0.0-SNAPSHOT
[INFO] ------------------------------------------------------------------------
[INFO] 
[INFO] --- maven-enforcer-plugin:1.0:enforce (enforce-maven) @ adapter-rxjava ---
[INFO] 
[INFO] --- maven-resources-plugin:2.6:resources (default-resources) @ adapter-rxjava ---
[INFO] Using 'UTF-8' encoding to copy filtered resources.
[INFO] skip non existing resourceDirectory /home/travis/build/square/retrofit/retrofit-adapters/rxjava/src/main/resources
[INFO] 
[INFO] --- maven-compiler-plugin:3.0:compile (default-compile) @ adapter-rxjava ---
[INFO] Changes detected - recompiling the module!
[INFO] Compiling 2 source files to /home/travis/build/square/retrofit/retrofit-adapters/rxjava/target/classes
[INFO] 
[INFO] --- maven-resources-plugin:2.6:testResources (default-testResources) @ adapter-rxjava ---
[INFO] Using 'UTF-8' encoding to copy filtered resources.
[INFO] skip non existing resourceDirectory /home/travis/build/square/retrofit/retrofit-adapters/rxjava/src/test/resources
[INFO] 
[INFO] --- maven-compiler-plugin:3.0:testCompile (default-testCompile) @ adapter-rxjava ---
[INFO] Changes detected - recompiling the module!
[INFO] Compiling 2 source files to /home/travis/build/square/retrofit/retrofit-adapters/rxjava/target/test-classes
[INFO] 
[INFO] --- maven-surefire-plugin:2.12.4:test (default-test) @ adapter-rxjava ---
[INFO] Tests are skipped.
[INFO] 
[INFO] --- maven-jar-plugin:2.4:jar (default-jar) @ adapter-rxjava ---
[INFO] Building jar: /home/travis/build/square/retrofit/retrofit-adapters/rxjava/target/adapter-rxjava-2.0.0-SNAPSHOT.jar
[INFO] 
[INFO] --- maven-checkstyle-plugin:2.15:checkstyle (default) @ adapter-rxjava ---
[INFO] Starting audit...
Audit done.
[WARNING] Unable to locate Source XRef to link to - DISABLED
[INFO] 
[INFO] --- maven-install-plugin:2.4:install (default-install) @ adapter-rxjava ---
[INFO] Installing /home/travis/build/square/retrofit/retrofit-adapters/rxjava/target/adapter-rxjava-2.0.0-SNAPSHOT.jar to /home/travis/.m2/repository/com/squareup/retrofit/adapter-rxjava/2.0.0-SNAPSHOT/adapter-rxjava-2.0.0-SNAPSHOT.jar
[INFO] Installing /home/travis/build/square/retrofit/retrofit-adapters/rxjava/pom.xml to /home/travis/.m2/repository/com/squareup/retrofit/adapter-rxjava/2.0.0-SNAPSHOT/adapter-rxjava-2.0.0-SNAPSHOT.pom
[INFO]                                                                         
[INFO] ------------------------------------------------------------------------
[INFO] Building Converters 2.0.0-SNAPSHOT
[INFO] ------------------------------------------------------------------------
[INFO] 
[INFO] --- maven-enforcer-plugin:1.0:enforce (enforce-maven) @ retrofit-converters ---
[INFO] 
[INFO] --- maven-checkstyle-plugin:2.15:checkstyle (default) @ retrofit-converters ---
[INFO] 
[INFO] --- maven-install-plugin:2.4:install (default-install) @ retrofit-converters ---
[INFO] Installing /home/travis/build/square/retrofit/retrofit-converters/pom.xml to /home/travis/.m2/repository/com/squareup/retrofit/retrofit-converters/2.0.0-SNAPSHOT/retrofit-converters-2.0.0-SNAPSHOT.pom
[INFO]                                                                         
[INFO] ------------------------------------------------------------------------
[INFO] Building Converter: Gson 2.0.0-SNAPSHOT
[INFO] ------------------------------------------------------------------------
[INFO] 
[INFO] --- maven-enforcer-plugin:1.0:enforce (enforce-maven) @ converter-gson ---
[INFO] 
[INFO] --- maven-resources-plugin:2.6:resources (default-resources) @ converter-gson ---
[INFO] Using 'UTF-8' encoding to copy filtered resources.
[INFO] skip non existing resourceDirectory /home/travis/build/square/retrofit/retrofit-converters/gson/src/main/resources
[INFO] 
[INFO] --- maven-compiler-plugin:3.0:compile (default-compile) @ converter-gson ---
[INFO] Changes detected - recompiling the module!
[INFO] Compiling 1 source file to /home/travis/build/square/retrofit/retrofit-converters/gson/target/classes
[INFO] 
[INFO] --- maven-resources-plugin:2.6:testResources (default-testResources) @ converter-gson ---
[INFO] Using 'UTF-8' encoding to copy filtered resources.
[INFO] skip non existing resourceDirectory /home/travis/build/square/retrofit/retrofit-converters/gson/src/test/resources
[INFO] 
[INFO] --- maven-compiler-plugin:3.0:testCompile (default-testCompile) @ converter-gson ---
[INFO] Changes detected - recompiling the module!
[INFO] Compiling 1 source file to /home/travis/build/square/retrofit/retrofit-converters/gson/target/test-classes
[INFO] 
[INFO] --- maven-surefire-plugin:2.12.4:test (default-test) @ converter-gson ---
[INFO] Tests are skipped.
[INFO] 
[INFO] --- maven-jar-plugin:2.4:jar (default-jar) @ converter-gson ---
[INFO] Building jar: /home/travis/build/square/retrofit/retrofit-converters/gson/target/converter-gson-2.0.0-SNAPSHOT.jar
[INFO] 
[INFO] --- maven-checkstyle-plugin:2.15:checkstyle (default) @ converter-gson ---
[INFO] Starting audit...
Audit done.
[WARNING] Unable to locate Source XRef to link to - DISABLED
[INFO] 
[INFO] --- maven-install-plugin:2.4:install (default-install) @ converter-gson ---
[INFO] Installing /home/travis/build/square/retrofit/retrofit-converters/gson/target/converter-gson-2.0.0-SNAPSHOT.jar to /home/travis/.m2/repository/com/squareup/retrofit/converter-gson/2.0.0-SNAPSHOT/converter-gson-2.0.0-SNAPSHOT.jar
[INFO] Installing /home/travis/build/square/retrofit/retrofit-converters/gson/pom.xml to /home/travis/.m2/repository/com/squareup/retrofit/converter-gson/2.0.0-SNAPSHOT/converter-gson-2.0.0-SNAPSHOT.pom
[INFO]                                                                         
[INFO] ------------------------------------------------------------------------
[INFO] Building Converter: Protocol Buffers 2.0.0-SNAPSHOT
[INFO] ------------------------------------------------------------------------
[INFO] 
[INFO] --- maven-enforcer-plugin:1.0:enforce (enforce-maven) @ converter-protobuf ---
[INFO] 
[INFO] --- maven-resources-plugin:2.6:resources (default-resources) @ converter-protobuf ---
[INFO] Using 'UTF-8' encoding to copy filtered resources.
[INFO] skip non existing resourceDirectory /home/travis/build/square/retrofit/retrofit-converters/protobuf/src/main/resources
[INFO] 
[INFO] --- maven-compiler-plugin:3.0:compile (default-compile) @ converter-protobuf ---
[INFO] Changes detected - recompiling the module!
[INFO] Compiling 1 source file to /home/travis/build/square/retrofit/retrofit-converters/protobuf/target/classes
[INFO] 
[INFO] --- maven-resources-plugin:2.6:testResources (default-testResources) @ converter-protobuf ---
[INFO] Using 'UTF-8' encoding to copy filtered resources.
[INFO] skip non existing resourceDirectory /home/travis/build/square/retrofit/retrofit-converters/protobuf/src/test/resources
[INFO] 
[INFO] --- maven-compiler-plugin:3.0:testCompile (default-testCompile) @ converter-protobuf ---
[INFO] Changes detected - recompiling the module!
[INFO] Compiling 2 source files to /home/travis/build/square/retrofit/retrofit-converters/protobuf/target/test-classes
[INFO] 
[INFO] --- maven-surefire-plugin:2.12.4:test (default-test) @ converter-protobuf ---
[INFO] Tests are skipped.
[INFO] 
[INFO] --- maven-jar-plugin:2.4:jar (default-jar) @ converter-protobuf ---
[INFO] Building jar: /home/travis/build/square/retrofit/retrofit-converters/protobuf/target/converter-protobuf-2.0.0-SNAPSHOT.jar
[INFO] 
[INFO] --- maven-checkstyle-plugin:2.15:checkstyle (default) @ converter-protobuf ---
[INFO] Starting audit...
Audit done.
[WARNING] Unable to locate Source XRef to link to - DISABLED
[INFO] 
[INFO] --- maven-install-plugin:2.4:install (default-install) @ converter-protobuf ---
[INFO] Installing /home/travis/build/square/retrofit/retrofit-converters/protobuf/target/converter-protobuf-2.0.0-SNAPSHOT.jar to /home/travis/.m2/repository/com/squareup/retrofit/converter-protobuf/2.0.0-SNAPSHOT/converter-protobuf-2.0.0-SNAPSHOT.jar
[INFO] Installing /home/travis/build/square/retrofit/retrofit-converters/protobuf/pom.xml to /home/travis/.m2/repository/com/squareup/retrofit/converter-protobuf/2.0.0-SNAPSHOT/converter-protobuf-2.0.0-SNAPSHOT.pom
[INFO]                                                                         
[INFO] ------------------------------------------------------------------------
[INFO] Building Converter: Jackson 2.0.0-SNAPSHOT
[INFO] ------------------------------------------------------------------------
[INFO] 
[INFO] --- maven-enforcer-plugin:1.0:enforce (enforce-maven) @ converter-jackson ---
[INFO] 
[INFO] --- maven-resources-plugin:2.6:resources (default-resources) @ converter-jackson ---
[INFO] Using 'UTF-8' encoding to copy filtered resources.
[INFO] skip non existing resourceDirectory /home/travis/build/square/retrofit/retrofit-converters/jackson/src/main/resources
[INFO] 
[INFO] --- maven-compiler-plugin:3.0:compile (default-compile) @ converter-jackson ---
[INFO] Changes detected - recompiling the module!
[INFO] Compiling 1 source file to /home/travis/build/square/retrofit/retrofit-converters/jackson/target/classes
[INFO] 
[INFO] --- maven-resources-plugin:2.6:testResources (default-testResources) @ converter-jackson ---
[INFO] Using 'UTF-8' encoding to copy filtered resources.
[INFO] skip non existing resourceDirectory /home/travis/build/square/retrofit/retrofit-converters/jackson/src/test/resources
[INFO] 
[INFO] --- maven-compiler-plugin:3.0:testCompile (default-testCompile) @ converter-jackson ---
[INFO] Changes detected - recompiling the module!
[INFO] Compiling 1 source file to /home/travis/build/square/retrofit/retrofit-converters/jackson/target/test-classes
[INFO] 
[INFO] --- maven-surefire-plugin:2.12.4:test (default-test) @ converter-jackson ---
[INFO] Tests are skipped.
[INFO] 
[INFO] --- maven-jar-plugin:2.4:jar (default-jar) @ converter-jackson ---
[INFO] Building jar: /home/travis/build/square/retrofit/retrofit-converters/jackson/target/converter-jackson-2.0.0-SNAPSHOT.jar
[INFO] 
[INFO] --- maven-checkstyle-plugin:2.15:checkstyle (default) @ converter-jackson ---
[INFO] Starting audit...
Audit done.
[WARNING] Unable to locate Source XRef to link to - DISABLED
[INFO] 
[INFO] --- maven-install-plugin:2.4:install (default-install) @ converter-jackson ---
[INFO] Installing /home/travis/build/square/retrofit/retrofit-converters/jackson/target/converter-jackson-2.0.0-SNAPSHOT.jar to /home/travis/.m2/repository/com/squareup/retrofit/converter-jackson/2.0.0-SNAPSHOT/converter-jackson-2.0.0-SNAPSHOT.jar
[INFO] Installing /home/travis/build/square/retrofit/retrofit-converters/jackson/pom.xml to /home/travis/.m2/repository/com/squareup/retrofit/converter-jackson/2.0.0-SNAPSHOT/converter-jackson-2.0.0-SNAPSHOT.pom
[INFO]                                                                         
[INFO] ------------------------------------------------------------------------
[INFO] Building Converter: Wire Protocol Buffers 2.0.0-SNAPSHOT
[INFO] ------------------------------------------------------------------------
[INFO] 
[INFO] --- maven-enforcer-plugin:1.0:enforce (enforce-maven) @ converter-wire ---
[INFO] 
[INFO] --- maven-resources-plugin:2.6:resources (default-resources) @ converter-wire ---
[INFO] Using 'UTF-8' encoding to copy filtered resources.
[INFO] skip non existing resourceDirectory /home/travis/build/square/retrofit/retrofit-converters/wire/src/main/resources
[INFO] 
[INFO] --- maven-compiler-plugin:3.0:compile (default-compile) @ converter-wire ---
[INFO] Changes detected - recompiling the module!
[INFO] Compiling 1 source file to /home/travis/build/square/retrofit/retrofit-converters/wire/target/classes
[INFO] 
[INFO] --- maven-resources-plugin:2.6:testResources (default-testResources) @ converter-wire ---
[INFO] Using 'UTF-8' encoding to copy filtered resources.
[INFO] skip non existing resourceDirectory /home/travis/build/square/retrofit/retrofit-converters/wire/src/test/resources
[INFO] 
[INFO] --- maven-compiler-plugin:3.0:testCompile (default-testCompile) @ converter-wire ---
[INFO] Changes detected - recompiling the module!
[INFO] Compiling 2 source files to /home/travis/build/square/retrofit/retrofit-converters/wire/target/test-classes
[INFO] 
[INFO] --- maven-surefire-plugin:2.12.4:test (default-test) @ converter-wire ---
[INFO] Tests are skipped.
[INFO] 
[INFO] --- maven-jar-plugin:2.4:jar (default-jar) @ converter-wire ---
[INFO] Building jar: /home/travis/build/square/retrofit/retrofit-converters/wire/target/converter-wire-2.0.0-SNAPSHOT.jar
[INFO] 
[INFO] --- maven-checkstyle-plugin:2.15:checkstyle (default) @ converter-wire ---
[INFO] Starting audit...
Audit done.
[WARNING] Unable to locate Source XRef to link to - DISABLED
[INFO] 
[INFO] --- maven-install-plugin:2.4:install (default-install) @ converter-wire ---
[INFO] Installing /home/travis/build/square/retrofit/retrofit-converters/wire/target/converter-wire-2.0.0-SNAPSHOT.jar to /home/travis/.m2/repository/com/squareup/retrofit/converter-wire/2.0.0-SNAPSHOT/converter-wire-2.0.0-SNAPSHOT.jar
[INFO] Installing /home/travis/build/square/retrofit/retrofit-converters/wire/pom.xml to /home/travis/.m2/repository/com/squareup/retrofit/converter-wire/2.0.0-SNAPSHOT/converter-wire-2.0.0-SNAPSHOT.pom
[INFO]                                                                         
[INFO] ------------------------------------------------------------------------
[INFO] Building Converter: SimpleXML 2.0.0-SNAPSHOT
[INFO] ------------------------------------------------------------------------
[INFO] 
[INFO] --- maven-enforcer-plugin:1.0:enforce (enforce-maven) @ converter-simplexml ---
[INFO] 
[INFO] --- maven-resources-plugin:2.6:resources (default-resources) @ converter-simplexml ---
[INFO] Using 'UTF-8' encoding to copy filtered resources.
[INFO] skip non existing resourceDirectory /home/travis/build/square/retrofit/retrofit-converters/simplexml/src/main/resources
[INFO] 
[INFO] --- maven-compiler-plugin:3.0:compile (default-compile) @ converter-simplexml ---
[INFO] Changes detected - recompiling the module!
[INFO] Compiling 1 source file to /home/travis/build/square/retrofit/retrofit-converters/simplexml/target/classes
[INFO] 
[INFO] --- maven-resources-plugin:2.6:testResources (default-testResources) @ converter-simplexml ---
[INFO] Using 'UTF-8' encoding to copy filtered resources.
[INFO] skip non existing resourceDirectory /home/travis/build/square/retrofit/retrofit-converters/simplexml/src/test/resources
[INFO] 
[INFO] --- maven-compiler-plugin:3.0:testCompile (default-testCompile) @ converter-simplexml ---
[INFO] Changes detected - recompiling the module!
[INFO] Compiling 1 source file to /home/travis/build/square/retrofit/retrofit-converters/simplexml/target/test-classes
[INFO] 
[INFO] --- maven-surefire-plugin:2.12.4:test (default-test) @ converter-simplexml ---
[INFO] Tests are skipped.
[INFO] 
[INFO] --- maven-jar-plugin:2.4:jar (default-jar) @ converter-simplexml ---
[INFO] Building jar: /home/travis/build/square/retrofit/retrofit-converters/simplexml/target/converter-simplexml-2.0.0-SNAPSHOT.jar
[INFO] 
[INFO] --- maven-checkstyle-plugin:2.15:checkstyle (default) @ converter-simplexml ---
[INFO] Starting audit...
Audit done.
[WARNING] Unable to locate Source XRef to link to - DISABLED
[INFO] 
[INFO] --- maven-install-plugin:2.4:install (default-install) @ converter-simplexml ---
[INFO] Installing /home/travis/build/square/retrofit/retrofit-converters/simplexml/target/converter-simplexml-2.0.0-SNAPSHOT.jar to /home/travis/.m2/repository/com/squareup/retrofit/converter-simplexml/2.0.0-SNAPSHOT/converter-simplexml-2.0.0-SNAPSHOT.jar
[INFO] Installing /home/travis/build/square/retrofit/retrofit-converters/simplexml/pom.xml to /home/travis/.m2/repository/com/squareup/retrofit/converter-simplexml/2.0.0-SNAPSHOT/converter-simplexml-2.0.0-SNAPSHOT.pom
[INFO]                                                                         
[INFO] ------------------------------------------------------------------------
[INFO] Building Samples 2.0.0-SNAPSHOT
[INFO] ------------------------------------------------------------------------
[INFO] 
[INFO] --- maven-enforcer-plugin:1.0:enforce (enforce-maven) @ samples ---
[INFO] 
[INFO] --- maven-resources-plugin:2.6:resources (default-resources) @ samples ---
[INFO] Using 'UTF-8' encoding to copy filtered resources.
[INFO] skip non existing resourceDirectory /home/travis/build/square/retrofit/samples/src/main/resources
[INFO] 
[INFO] --- maven-compiler-plugin:3.0:compile (default-compile) @ samples ---
[INFO] Changes detected - recompiling the module!
[INFO] Compiling 2 source files to /home/travis/build/square/retrofit/samples/target/classes
[INFO] 
[INFO] --- maven-resources-plugin:2.6:testResources (default-testResources) @ samples ---
[INFO] Using 'UTF-8' encoding to copy filtered resources.
[INFO] skip non existing resourceDirectory /home/travis/build/square/retrofit/samples/src/test/resources
[INFO] 
[INFO] --- maven-compiler-plugin:3.0:testCompile (default-testCompile) @ samples ---
[INFO] No sources to compile
[INFO] 
[INFO] --- maven-surefire-plugin:2.12.4:test (default-test) @ samples ---
[INFO] Tests are skipped.
[INFO] 
[INFO] --- maven-jar-plugin:2.4:jar (default-jar) @ samples ---
[INFO] Building jar: /home/travis/build/square/retrofit/samples/target/samples-2.0.0-SNAPSHOT.jar
[INFO] 
[INFO] --- maven-checkstyle-plugin:2.15:checkstyle (default) @ samples ---
[INFO] Starting audit...
Audit done.
[WARNING] Unable to locate Source XRef to link to - DISABLED
[INFO] 
[INFO] --- maven-install-plugin:2.4:install (default-install) @ samples ---
[INFO] Installing /home/travis/build/square/retrofit/samples/target/samples-2.0.0-SNAPSHOT.jar to /home/travis/.m2/repository/com/squareup/retrofit/samples/2.0.0-SNAPSHOT/samples-2.0.0-SNAPSHOT.jar
[INFO] Installing /home/travis/build/square/retrofit/samples/pom.xml to /home/travis/.m2/repository/com/squareup/retrofit/samples/2.0.0-SNAPSHOT/samples-2.0.0-SNAPSHOT.pom
[INFO] ------------------------------------------------------------------------
[INFO] Reactor Summary:
[INFO] 
[INFO] Retrofit (Parent) .................................. SUCCESS [  2.352 s]
[INFO] Retrofit ........................................... SUCCESS [ 12.025 s]
[INFO] Adapters ........................................... SUCCESS [  0.066 s]
[INFO] Adapter: RxJava .................................... SUCCESS [  1.850 s]
[INFO] Converters ......................................... SUCCESS [  0.032 s]
[INFO] Converter: Gson .................................... SUCCESS [  1.232 s]
[INFO] Converter: Protocol Buffers ........................ SUCCESS [  1.403 s]
[INFO] Converter: Jackson ................................. SUCCESS [  0.985 s]
[INFO] Converter: Wire Protocol Buffers ................... SUCCESS [  1.231 s]
[INFO] Converter: SimpleXML ............................... SUCCESS [  0.635 s]
[INFO] Samples ............................................ SUCCESS [  0.802 s]
[INFO] ------------------------------------------------------------------------
[INFO] BUILD SUCCESS
[INFO] ------------------------------------------------------------------------
[INFO] Total time: 22.938 s
[INFO] Finished at: 2015-06-11T05:15:16+00:00
[INFO] Final Memory: 36M/317M
[INFO] ------------------------------------------------------------------------
travis_time:end:04e5e941:start=1433999692115724090,finish=1433999717431353539,duration=25315629449[0Ktravis_fold:end:install[0Ktravis_time:start:13234197[0K$ mvn test -B
Java HotSpot(TM) 64-Bit Server VM warning: ignoring option MaxPermSize=192m; support was removed in 8.0
[INFO] Scanning for projects...
[WARNING] 
[WARNING] Some problems were encountered while building the effective model for com.squareup.retrofit:samples:jar:2.0.0-SNAPSHOT
[WARNING] 'build.plugins.plugin.version' for org.apache.maven.plugins:maven-deploy-plugin is missing. @ com.squareup.retrofit:samples:[unknown-version], /home/travis/build/square/retrofit/samples/pom.xml, line 36, column 15
[WARNING] 
[WARNING] It is highly recommended to fix these problems because they threaten the stability of your build.
[WARNING] 
[WARNING] For this reason, future Maven versions might no longer support building such malformed projects.
[WARNING] 
[INFO] ------------------------------------------------------------------------
[INFO] Reactor Build Order:
[INFO] 
[INFO] Retrofit (Parent)
[INFO] Retrofit
[INFO] Adapters
[INFO] Adapter: RxJava
[INFO] Converters
[INFO] Converter: Gson
[INFO] Converter: Protocol Buffers
[INFO] Converter: Jackson
[INFO] Converter: Wire Protocol Buffers
[INFO] Converter: SimpleXML
[INFO] Samples
[INFO]                                                                         
[INFO] ------------------------------------------------------------------------
[INFO] Building Retrofit (Parent) 2.0.0-SNAPSHOT
[INFO] ------------------------------------------------------------------------
[INFO] 
[INFO] --- maven-enforcer-plugin:1.0:enforce (enforce-maven) @ parent ---
[INFO]                                                                         
[INFO] ------------------------------------------------------------------------
[INFO] Building Retrofit 2.0.0-SNAPSHOT
[INFO] ------------------------------------------------------------------------
[INFO] 
[INFO] --- maven-enforcer-plugin:1.0:enforce (enforce-maven) @ retrofit ---
[INFO] 
[INFO] --- maven-resources-plugin:2.6:resources (default-resources) @ retrofit ---
[INFO] Using 'UTF-8' encoding to copy filtered resources.
[INFO] skip non existing resourceDirectory /home/travis/build/square/retrofit/retrofit/src/main/resources
[INFO] 
[INFO] --- maven-compiler-plugin:3.0:compile (default-compile) @ retrofit ---
[INFO] Changes detected - recompiling the module!
[INFO] Compiling 36 source files to /home/travis/build/square/retrofit/retrofit/target/classes
[WARNING] /home/travis/build/square/retrofit/retrofit/src/main/java/retrofit/Retrofit.java: Some input files use unchecked or unsafe operations.
[WARNING] /home/travis/build/square/retrofit/retrofit/src/main/java/retrofit/Retrofit.java: Recompile with -Xlint:unchecked for details.
[INFO] 
[INFO] --- maven-resources-plugin:2.6:testResources (default-testResources) @ retrofit ---
[INFO] Using 'UTF-8' encoding to copy filtered resources.
[INFO] skip non existing resourceDirectory /home/travis/build/square/retrofit/retrofit/src/test/resources
[INFO] 
[INFO] --- maven-compiler-plugin:3.0:testCompile (default-testCompile) @ retrofit ---
[INFO] Changes detected - recompiling the module!
[INFO] Compiling 8 source files to /home/travis/build/square/retrofit/retrofit/target/test-classes
[WARNING] /home/travis/build/square/retrofit/retrofit/src/test/java/retrofit/DefaultCallAdapterFactoryTest.java: /home/travis/build/square/retrofit/retrofit/src/test/java/retrofit/DefaultCallAdapterFactoryTest.java uses unchecked or unsafe operations.
[WARNING] /home/travis/build/square/retrofit/retrofit/src/test/java/retrofit/DefaultCallAdapterFactoryTest.java: Recompile with -Xlint:unchecked for details.
[INFO] 
[INFO] --- maven-surefire-plugin:2.12.4:test (default-test) @ retrofit ---
[INFO] Surefire report directory: /home/travis/build/square/retrofit/retrofit/target/surefire-reports

-------------------------------------------------------
 T E S T S
-------------------------------------------------------
Running retrofit.MethodInfoTest
Tests run: 4, Failures: 0, Errors: 0, Skipped: 0, Time elapsed: 0.183 sec
Running retrofit.RequestBuilderTest
Tests run: 83, Failures: 0, Errors: 0, Skipped: 2, Time elapsed: 0.249 sec
Running retrofit.CallTest
Jun 11, 2015 5:15:27 AM com.squareup.okhttp.mockwebserver.MockWebServer$2 execute
INFO: MockWebServer[51543] starting to accept connections
Jun 11, 2015 5:15:29 AM com.squareup.okhttp.mockwebserver.MockWebServer$2 acceptConnections
INFO: MockWebServer[51543] done accepting connections: Socket closed
Jun 11, 2015 5:15:29 AM com.squareup.okhttp.mockwebserver.MockWebServer$3 processOneRequest
INFO: MockWebServer[51543] received request: GET / HTTP/1.1 and responded: HTTP/1.1 200 OK
Jun 11, 2015 5:15:29 AM com.squareup.okhttp.mockwebserver.MockWebServer$2 execute
INFO: MockWebServer[42739] starting to accept connections
Jun 11, 2015 5:15:29 AM com.squareup.okhttp.mockwebserver.MockWebServer$2 acceptConnections
INFO: MockWebServer[42739] done accepting connections: Socket closed
Jun 11, 2015 5:15:29 AM com.squareup.okhttp.mockwebserver.MockWebServer$3 processOneRequest
INFO: MockWebServer[42739] received request: GET / HTTP/1.1 and responded: HTTP/1.1 404 OK
Jun 11, 2015 5:15:29 AM com.squareup.okhttp.mockwebserver.MockWebServer$2 execute
INFO: MockWebServer[50404] starting to accept connections
Jun 11, 2015 5:15:29 AM com.squareup.okhttp.mockwebserver.MockWebServer$2 acceptConnections
INFO: MockWebServer[50404] done accepting connections: Socket closed
Jun 11, 2015 5:15:29 AM com.squareup.okhttp.mockwebserver.MockWebServer$2 execute
INFO: MockWebServer[59799] starting to accept connections
Jun 11, 2015 5:15:29 AM com.squareup.okhttp.mockwebserver.MockWebServer$2 acceptConnections
INFO: MockWebServer[59799] done accepting connections: Socket closed
Jun 11, 2015 5:15:29 AM com.squareup.okhttp.mockwebserver.MockWebServer$3 processOneRequest
INFO: MockWebServer[59799] received request: GET / HTTP/1.1 and responded: HTTP/1.1 200 OK
Jun 11, 2015 5:15:29 AM com.squareup.okhttp.mockwebserver.MockWebServer$2 execute
INFO: MockWebServer[56775] starting to accept connections
Jun 11, 2015 5:15:29 AM com.squareup.okhttp.mockwebserver.MockWebServer$2 acceptConnections
INFO: MockWebServer[56775] done accepting connections: Socket is closed
Jun 11, 2015 5:15:29 AM com.squareup.okhttp.mockwebserver.MockWebServer$2 execute
INFO: MockWebServer[50349] starting to accept connections
Jun 11, 2015 5:15:29 AM com.squareup.okhttp.mockwebserver.MockWebServer$2 acceptConnections
INFO: MockWebServer[50349] done accepting connections: Socket closed
Jun 11, 2015 5:15:29 AM com.squareup.okhttp.mockwebserver.MockWebServer$3 processOneRequest
INFO: MockWebServer[50349] received request: GET / HTTP/1.1 and responded: HTTP/1.1 404 OK
Jun 11, 2015 5:15:29 AM com.squareup.okhttp.mockwebserver.MockWebServer$2 execute
INFO: MockWebServer[44529] starting to accept connections
Jun 11, 2015 5:15:29 AM com.squareup.okhttp.mockwebserver.MockWebServer$2 acceptConnections
INFO: MockWebServer[44529] done accepting connections: Socket closed
Jun 11, 2015 5:15:29 AM com.squareup.okhttp.mockwebserver.MockWebServer$3 processOneRequest
INFO: MockWebServer[44529] received request: POST / HTTP/1.1 and responded: HTTP/1.1 200 OK
Jun 11, 2015 5:15:29 AM com.squareup.okhttp.mockwebserver.MockWebServer$2 execute
INFO: MockWebServer[41670] starting to accept connections
Jun 11, 2015 5:15:29 AM com.squareup.okhttp.mockwebserver.MockWebServer$3 processOneRequest
INFO: MockWebServer[41670] received request: GET / HTTP/1.1 and responded: HTTP/1.1 204 Nothin
Jun 11, 2015 5:15:29 AM com.squareup.okhttp.mockwebserver.MockWebServer$2 acceptConnections
INFO: MockWebServer[41670] done accepting connections: Socket closed
Jun 11, 2015 5:15:29 AM com.squareup.okhttp.mockwebserver.MockWebServer$2 execute
INFO: MockWebServer[40298] starting to accept connections
Jun 11, 2015 5:15:29 AM com.squareup.okhttp.mockwebserver.MockWebServer$3 processOneRequest
INFO: MockWebServer[40298] received request: GET / HTTP/1.1 and responded: HTTP/1.1 200 OK
Jun 11, 2015 5:15:29 AM com.squareup.okhttp.mockwebserver.MockWebServer$2 acceptConnections
INFO: MockWebServer[40298] done accepting connections: Socket closed
Jun 11, 2015 5:15:29 AM com.squareup.okhttp.mockwebserver.MockWebServer$2 execute
INFO: MockWebServer[40293] starting to accept connections
Jun 11, 2015 5:15:31 AM com.squareup.okhttp.mockwebserver.MockWebServer$2 acceptConnections
INFO: MockWebServer[40293] done accepting connections: Socket closed
Jun 11, 2015 5:15:31 AM com.squareup.okhttp.mockwebserver.MockWebServer$3 processOneRequest
INFO: MockWebServer[40293] received request: GET / HTTP/1.1 and responded: HTTP/1.1 200 OK
Jun 11, 2015 5:15:31 AM com.squareup.okhttp.mockwebserver.MockWebServer$2 execute
INFO: MockWebServer[60937] starting to accept connections
Jun 11, 2015 5:15:31 AM com.squareup.okhttp.mockwebserver.MockWebServer$2 acceptConnections
INFO: MockWebServer[60937] done accepting connections: Socket closed
Jun 11, 2015 5:15:31 AM com.squareup.okhttp.mockwebserver.MockWebServer$3 processOneRequest
INFO: MockWebServer[60937] received request: POST / HTTP/1.1 and responded: HTTP/1.1 200 OK
Jun 11, 2015 5:15:31 AM com.squareup.okhttp.mockwebserver.MockWebServer$2 execute
INFO: MockWebServer[42951] starting to accept connections
Jun 11, 2015 5:15:31 AM com.squareup.okhttp.mockwebserver.MockWebServer$2 acceptConnections
INFO: MockWebServer[42951] done accepting connections: Socket is closed
Jun 11, 2015 5:15:31 AM com.squareup.okhttp.mockwebserver.MockWebServer$2 execute
INFO: MockWebServer[59982] starting to accept connections
Jun 11, 2015 5:15:31 AM com.squareup.okhttp.mockwebserver.MockWebServer$2 acceptConnections
INFO: MockWebServer[59982] done accepting connections: Socket closed
Jun 11, 2015 5:15:31 AM com.squareup.okhttp.mockwebserver.MockWebServer$3 processOneRequest
INFO: MockWebServer[59982] received request: GET / HTTP/1.1 and responded: HTTP/1.1 205 Nothin
Jun 11, 2015 5:15:31 AM com.squareup.okhttp.mockwebserver.MockWebServer$2 execute
INFO: MockWebServer[37964] starting to accept connections
Jun 11, 2015 5:15:31 AM com.squareup.okhttp.mockwebserver.MockWebServer$2 acceptConnections
INFO: MockWebServer[37964] done accepting connections: Socket closed
Jun 11, 2015 5:15:31 AM com.squareup.okhttp.mockwebserver.MockWebServer$3 processOneRequest
INFO: MockWebServer[37964] received request: GET / HTTP/1.1 and responded: HTTP/1.1 200 OK
Jun 11, 2015 5:15:31 AM com.squareup.okhttp.mockwebserver.MockWebServer$2 execute
INFO: MockWebServer[46449] starting to accept connections
Jun 11, 2015 5:15:31 AM com.squareup.okhttp.mockwebserver.MockWebServer$2 acceptConnections
INFO: MockWebServer[46449] done accepting connections: Socket is closed
Jun 11, 2015 5:15:32 AM com.squareup.okhttp.mockwebserver.MockWebServer$2 execute
INFO: MockWebServer[36698] starting to accept connections
Jun 11, 2015 5:15:32 AM com.squareup.okhttp.mockwebserver.MockWebServer$3 processOneRequest
INFO: MockWebServer[36698] received request: GET / HTTP/1.1 and responded: HTTP/1.1 200 OK
Jun 11, 2015 5:15:32 AM com.squareup.okhttp.mockwebserver.MockWebServer$2 acceptConnections
INFO: MockWebServer[36698] done accepting connections: Socket closed
Jun 11, 2015 5:15:32 AM com.squareup.okhttp.mockwebserver.MockWebServer$2 execute
INFO: MockWebServer[46742] starting to accept connections
Jun 11, 2015 5:15:32 AM com.squareup.okhttp.mockwebserver.MockWebServer$3 processOneRequest
INFO: MockWebServer[46742] received request: GET / HTTP/1.1 and responded: HTTP/1.1 200 OK
Jun 11, 2015 5:15:32 AM com.squareup.okhttp.mockwebserver.MockWebServer$2 acceptConnections
INFO: MockWebServer[46742] done accepting connections: Socket closed
Tests run: 17, Failures: 0, Errors: 0, Skipped: 0, Time elapsed: 4.821 sec
Running retrofit.EndpointsTest
Tests run: 2, Failures: 0, Errors: 0, Skipped: 0, Time elapsed: 0.006 sec
Running retrofit.RetrofitTest
Jun 11, 2015 5:15:32 AM com.squareup.okhttp.mockwebserver.MockWebServer$2 execute
INFO: MockWebServer[57181] starting to accept connections
Jun 11, 2015 5:15:32 AM com.squareup.okhttp.mockwebserver.MockWebServer$3 processOneRequest
INFO: MockWebServer[57181] received request: GET / HTTP/1.1 and responded: HTTP/1.1 200 OK
Jun 11, 2015 5:15:32 AM com.squareup.okhttp.mockwebserver.MockWebServer$2 acceptConnections
INFO: MockWebServer[57181] done accepting connections: Socket closed
Jun 11, 2015 5:15:32 AM com.squareup.okhttp.mockwebserver.MockWebServer$2 execute
INFO: MockWebServer[41289] starting to accept connections
Jun 11, 2015 5:15:32 AM com.squareup.okhttp.mockwebserver.MockWebServer$2 acceptConnections
INFO: MockWebServer[41289] done accepting connections: Socket is closed
Jun 11, 2015 5:15:32 AM com.squareup.okhttp.mockwebserver.MockWebServer$2 execute
INFO: MockWebServer[48182] starting to accept connections
Jun 11, 2015 5:15:32 AM com.squareup.okhttp.mockwebserver.MockWebServer$3 processOneRequest
INFO: MockWebServer[48182] received request: POST / HTTP/1.1 and responded: HTTP/1.1 200 OK
Jun 11, 2015 5:15:32 AM com.squareup.okhttp.mockwebserver.MockWebServer$2 acceptConnections
INFO: MockWebServer[48182] done accepting connections: Socket closed
Jun 11, 2015 5:15:32 AM com.squareup.okhttp.mockwebserver.MockWebServer$2 execute
INFO: MockWebServer[40351] starting to accept connections
Jun 11, 2015 5:15:32 AM com.squareup.okhttp.mockwebserver.MockWebServer$2 acceptConnections
INFO: MockWebServer[40351] done accepting connections: Socket is closed
Jun 11, 2015 5:15:32 AM com.squareup.okhttp.mockwebserver.MockWebServer$2 execute
INFO: MockWebServer[58372] starting to accept connections
Jun 11, 2015 5:15:32 AM com.squareup.okhttp.mockwebserver.MockWebServer$2 acceptConnections
INFO: MockWebServer[58372] done accepting connections: Socket is closed
Jun 11, 2015 5:15:32 AM com.squareup.okhttp.mockwebserver.MockWebServer$2 execute
INFO: MockWebServer[41331] starting to accept connections
Jun 11, 2015 5:15:32 AM com.squareup.okhttp.mockwebserver.MockWebServer$2 acceptConnections
INFO: MockWebServer[41331] done accepting connections: Socket is closed
Jun 11, 2015 5:15:32 AM com.squareup.okhttp.mockwebserver.MockWebServer$2 execute
INFO: MockWebServer[59345] starting to accept connections
Jun 11, 2015 5:15:32 AM com.squareup.okhttp.mockwebserver.MockWebServer$2 acceptConnections
INFO: MockWebServer[59345] done accepting connections: Socket is closed
Jun 11, 2015 5:15:32 AM com.squareup.okhttp.mockwebserver.MockWebServer$2 execute
INFO: MockWebServer[34987] starting to accept connections
Jun 11, 2015 5:15:32 AM com.squareup.okhttp.mockwebserver.MockWebServer$2 acceptConnections
INFO: MockWebServer[34987] done accepting connections: Socket is closed
Jun 11, 2015 5:15:32 AM com.squareup.okhttp.mockwebserver.MockWebServer$2 execute
INFO: MockWebServer[42202] starting to accept connections
Jun 11, 2015 5:15:32 AM com.squareup.okhttp.mockwebserver.MockWebServer$2 acceptConnections
INFO: MockWebServer[42202] done accepting connections: Socket is closed
Jun 11, 2015 5:15:32 AM com.squareup.okhttp.mockwebserver.MockWebServer$2 execute
INFO: MockWebServer[60436] starting to accept connections
Jun 11, 2015 5:15:32 AM com.squareup.okhttp.mockwebserver.MockWebServer$2 acceptConnections
INFO: MockWebServer[60436] done accepting connections: Socket is closed
Jun 11, 2015 5:15:32 AM com.squareup.okhttp.mockwebserver.MockWebServer$2 execute
INFO: MockWebServer[55977] starting to accept connections
Jun 11, 2015 5:15:32 AM com.squareup.okhttp.mockwebserver.MockWebServer$2 acceptConnections
INFO: MockWebServer[55977] done accepting connections: Socket is closed
Tests run: 11, Failures: 0, Errors: 0, Skipped: 0, Time elapsed: 0.092 sec
Running retrofit.DefaultCallAdapterFactoryTest
Tests run: 8, Failures: 0, Errors: 0, Skipped: 0, Time elapsed: 0.079 sec

Results :

Tests run: 125, Failures: 0, Errors: 0, Skipped: 2

[INFO]                                                                         
[INFO] ------------------------------------------------------------------------
[INFO] Building Adapters 2.0.0-SNAPSHOT
[INFO] ------------------------------------------------------------------------
[INFO] 
[INFO] --- maven-enforcer-plugin:1.0:enforce (enforce-maven) @ retrofit-adapters ---
[INFO]                                                                         
[INFO] ------------------------------------------------------------------------
[INFO] Building Adapter: RxJava 2.0.0-SNAPSHOT
[INFO] ------------------------------------------------------------------------
[INFO] 
[INFO] --- maven-enforcer-plugin:1.0:enforce (enforce-maven) @ adapter-rxjava ---
[INFO] 
[INFO] --- maven-resources-plugin:2.6:resources (default-resources) @ adapter-rxjava ---
[INFO] Using 'UTF-8' encoding to copy filtered resources.
[INFO] skip non existing resourceDirectory /home/travis/build/square/retrofit/retrofit-adapters/rxjava/src/main/resources
[INFO] 
[INFO] --- maven-compiler-plugin:3.0:compile (default-compile) @ adapter-rxjava ---
[INFO] Changes detected - recompiling the module!
[INFO] Compiling 2 source files to /home/travis/build/square/retrofit/retrofit-adapters/rxjava/target/classes
[INFO] 
[INFO] --- maven-resources-plugin:2.6:testResources (default-testResources) @ adapter-rxjava ---
[INFO] Using 'UTF-8' encoding to copy filtered resources.
[INFO] skip non existing resourceDirectory /home/travis/build/square/retrofit/retrofit-adapters/rxjava/src/test/resources
[INFO] 
[INFO] --- maven-compiler-plugin:3.0:testCompile (default-testCompile) @ adapter-rxjava ---
[INFO] Changes detected - recompiling the module!
[INFO] Compiling 2 source files to /home/travis/build/square/retrofit/retrofit-adapters/rxjava/target/test-classes
[INFO] 
[INFO] --- maven-surefire-plugin:2.12.4:test (default-test) @ adapter-rxjava ---
[INFO] Surefire report directory: /home/travis/build/square/retrofit/retrofit-adapters/rxjava/target/surefire-reports

-------------------------------------------------------
 T E S T S
-------------------------------------------------------
Running retrofit.ResultTest
Tests run: 4, Failures: 0, Errors: 0, Skipped: 0, Time elapsed: 0.127 sec
Running retrofit.ObservableCallAdapterFactoryTest
Jun 11, 2015 5:15:33 AM com.squareup.okhttp.mockwebserver.MockWebServer$2 execute
INFO: MockWebServer[38556] starting to accept connections
Jun 11, 2015 5:15:34 AM com.squareup.okhttp.mockwebserver.MockWebServer$3 processConnection
WARNING: MockWebServer[38556] connection from /127.0.0.1 didn't make a request
Jun 11, 2015 5:15:34 AM com.squareup.okhttp.mockwebserver.MockWebServer$2 acceptConnections
INFO: MockWebServer[38556] done accepting connections: Socket closed
Jun 11, 2015 5:15:34 AM com.squareup.okhttp.mockwebserver.MockWebServer$2 execute
INFO: MockWebServer[53414] starting to accept connections
Jun 11, 2015 5:15:34 AM com.squareup.okhttp.mockwebserver.MockWebServer$3 processOneRequest
INFO: MockWebServer[53414] received request: GET / HTTP/1.1 and responded: HTTP/1.1 200 OK
Jun 11, 2015 5:15:34 AM com.squareup.okhttp.mockwebserver.MockWebServer$2 acceptConnections
INFO: MockWebServer[53414] done accepting connections: Socket closed
Jun 11, 2015 5:15:34 AM com.squareup.okhttp.mockwebserver.MockWebServer$2 execute
INFO: MockWebServer[47299] starting to accept connections
Jun 11, 2015 5:15:34 AM com.squareup.okhttp.mockwebserver.MockWebServer$3 processOneRequest
INFO: MockWebServer[47299] received request: GET / HTTP/1.1 and responded: HTTP/1.1 404 OK
Jun 11, 2015 5:15:34 AM com.squareup.okhttp.mockwebserver.MockWebServer$2 acceptConnections
INFO: MockWebServer[47299] done accepting connections: Socket closed
Jun 11, 2015 5:15:34 AM com.squareup.okhttp.mockwebserver.MockWebServer$2 execute
INFO: MockWebServer[34103] starting to accept connections
Jun 11, 2015 5:15:34 AM com.squareup.okhttp.mockwebserver.MockWebServer$2 acceptConnections
INFO: MockWebServer[34103] done accepting connections: Socket closed
Jun 11, 2015 5:15:34 AM com.squareup.okhttp.mockwebserver.MockWebServer$2 execute
INFO: MockWebServer[55891] starting to accept connections
Jun 11, 2015 5:15:34 AM com.squareup.okhttp.mockwebserver.MockWebServer$3 processConnection
WARNING: MockWebServer[55891] connection from /127.0.0.1 didn't make a request
Jun 11, 2015 5:15:34 AM com.squareup.okhttp.mockwebserver.MockWebServer$2 acceptConnections
INFO: MockWebServer[55891] done accepting connections: Socket closed
Jun 11, 2015 5:15:34 AM com.squareup.okhttp.mockwebserver.MockWebServer$2 execute
INFO: MockWebServer[47751] starting to accept connections
Jun 11, 2015 5:15:34 AM com.squareup.okhttp.mockwebserver.MockWebServer$3 processOneRequest
INFO: MockWebServer[47751] received request: GET / HTTP/1.1 and responded: HTTP/1.1 200 OK
Jun 11, 2015 5:15:34 AM com.squareup.okhttp.mockwebserver.MockWebServer$2 acceptConnections
INFO: MockWebServer[47751] done accepting connections: Socket closed
Jun 11, 2015 5:15:34 AM com.squareup.okhttp.mockwebserver.MockWebServer$2 execute
INFO: MockWebServer[46193] starting to accept connections
Jun 11, 2015 5:15:34 AM com.squareup.okhttp.mockwebserver.MockWebServer$3 processOneRequest
INFO: MockWebServer[46193] received request: GET / HTTP/1.1 and responded: HTTP/1.1 404 OK
Jun 11, 2015 5:15:34 AM com.squareup.okhttp.mockwebserver.MockWebServer$2 acceptConnections
INFO: MockWebServer[46193] done accepting connections: Socket closed
Jun 11, 2015 5:15:34 AM com.squareup.okhttp.mockwebserver.MockWebServer$2 execute
INFO: MockWebServer[51089] starting to accept connections
Jun 11, 2015 5:15:34 AM com.squareup.okhttp.mockwebserver.MockWebServer$3 processConnection
WARNING: MockWebServer[51089] connection from /127.0.0.1 didn't make a request
Jun 11, 2015 5:15:34 AM com.squareup.okhttp.mockwebserver.MockWebServer$2 acceptConnections
INFO: MockWebServer[51089] done accepting connections: Socket closed
Jun 11, 2015 5:15:34 AM com.squareup.okhttp.mockwebserver.MockWebServer$2 execute
INFO: MockWebServer[38306] starting to accept connections
Jun 11, 2015 5:15:34 AM com.squareup.okhttp.mockwebserver.MockWebServer$2 acceptConnections
INFO: MockWebServer[38306] done accepting connections: Socket is closed
Jun 11, 2015 5:15:34 AM com.squareup.okhttp.mockwebserver.MockWebServer$2 execute
INFO: MockWebServer[60585] starting to accept connections
Jun 11, 2015 5:15:34 AM com.squareup.okhttp.mockwebserver.MockWebServer$2 acceptConnections
INFO: MockWebServer[60585] done accepting connections: Socket is closed
Jun 11, 2015 5:15:34 AM com.squareup.okhttp.mockwebserver.MockWebServer$2 execute
INFO: MockWebServer[44589] starting to accept connections
Jun 11, 2015 5:15:34 AM com.squareup.okhttp.mockwebserver.MockWebServer$3 processOneRequest
INFO: MockWebServer[44589] received request: GET / HTTP/1.1 and responded: HTTP/1.1 200 OK
Jun 11, 2015 5:15:34 AM com.squareup.okhttp.mockwebserver.MockWebServer$2 acceptConnections
INFO: MockWebServer[44589] done accepting connections: Socket closed
Jun 11, 2015 5:15:34 AM com.squareup.okhttp.mockwebserver.MockWebServer$2 execute
INFO: MockWebServer[40373] starting to accept connections
Jun 11, 2015 5:15:34 AM com.squareup.okhttp.mockwebserver.MockWebServer$3 processOneRequest
INFO: MockWebServer[40373] received request: GET / HTTP/1.1 and responded: HTTP/1.1 404 OK
Jun 11, 2015 5:15:34 AM com.squareup.okhttp.mockwebserver.MockWebServer$2 acceptConnections
INFO: MockWebServer[40373] done accepting connections: Socket closed
Jun 11, 2015 5:15:34 AM com.squareup.okhttp.mockwebserver.MockWebServer$2 execute
INFO: MockWebServer[39758] starting to accept connections
Jun 11, 2015 5:15:34 AM com.squareup.okhttp.mockwebserver.MockWebServer$2 acceptConnections
INFO: MockWebServer[39758] done accepting connections: Socket is closed
Tests run: 13, Failures: 0, Errors: 0, Skipped: 0, Time elapsed: 0.488 sec

Results :

Tests run: 17, Failures: 0, Errors: 0, Skipped: 0

[INFO]                                                                         
[INFO] ------------------------------------------------------------------------
[INFO] Building Converters 2.0.0-SNAPSHOT
[INFO] ------------------------------------------------------------------------
[INFO] 
[INFO] --- maven-enforcer-plugin:1.0:enforce (enforce-maven) @ retrofit-converters ---
[INFO]                                                                         
[INFO] ------------------------------------------------------------------------
[INFO] Building Converter: Gson 2.0.0-SNAPSHOT
[INFO] ------------------------------------------------------------------------
[INFO] 
[INFO] --- maven-enforcer-plugin:1.0:enforce (enforce-maven) @ converter-gson ---
[INFO] 
[INFO] --- maven-resources-plugin:2.6:resources (default-resources) @ converter-gson ---
[INFO] Using 'UTF-8' encoding to copy filtered resources.
[INFO] skip non existing resourceDirectory /home/travis/build/square/retrofit/retrofit-converters/gson/src/main/resources
[INFO] 
[INFO] --- maven-compiler-plugin:3.0:compile (default-compile) @ converter-gson ---
[INFO] Changes detected - recompiling the module!
[INFO] Compiling 1 source file to /home/travis/build/square/retrofit/retrofit-converters/gson/target/classes
[INFO] 
[INFO] --- maven-resources-plugin:2.6:testResources (default-testResources) @ converter-gson ---
[INFO] Using 'UTF-8' encoding to copy filtered resources.
[INFO] skip non existing resourceDirectory /home/travis/build/square/retrofit/retrofit-converters/gson/src/test/resources
[INFO] 
[INFO] --- maven-compiler-plugin:3.0:testCompile (default-testCompile) @ converter-gson ---
[INFO] Changes detected - recompiling the module!
[INFO] Compiling 1 source file to /home/travis/build/square/retrofit/retrofit-converters/gson/target/test-classes
[INFO] 
[INFO] --- maven-surefire-plugin:2.12.4:test (default-test) @ converter-gson ---
[INFO] Surefire report directory: /home/travis/build/square/retrofit/retrofit-converters/gson/target/surefire-reports

-------------------------------------------------------
 T E S T S
-------------------------------------------------------
Running retrofit.GsonConverterTest
Tests run: 3, Failures: 0, Errors: 0, Skipped: 0, Time elapsed: 0.277 sec

Results :

Tests run: 3, Failures: 0, Errors: 0, Skipped: 0

[INFO]                                                                         
[INFO] ------------------------------------------------------------------------
[INFO] Building Converter: Protocol Buffers 2.0.0-SNAPSHOT
[INFO] ------------------------------------------------------------------------
[INFO] 
[INFO] --- maven-enforcer-plugin:1.0:enforce (enforce-maven) @ converter-protobuf ---
[INFO] 
[INFO] --- maven-resources-plugin:2.6:resources (default-resources) @ converter-protobuf ---
[INFO] Using 'UTF-8' encoding to copy filtered resources.
[INFO] skip non existing resourceDirectory /home/travis/build/square/retrofit/retrofit-converters/protobuf/src/main/resources
[INFO] 
[INFO] --- maven-compiler-plugin:3.0:compile (default-compile) @ converter-protobuf ---
[INFO] Changes detected - recompiling the module!
[INFO] Compiling 1 source file to /home/travis/build/square/retrofit/retrofit-converters/protobuf/target/classes
[INFO] 
[INFO] --- maven-resources-plugin:2.6:testResources (default-testResources) @ converter-protobuf ---
[INFO] Using 'UTF-8' encoding to copy filtered resources.
[INFO] skip non existing resourceDirectory /home/travis/build/square/retrofit/retrofit-converters/protobuf/src/test/resources
[INFO] 
[INFO] --- maven-compiler-plugin:3.0:testCompile (default-testCompile) @ converter-protobuf ---
[INFO] Changes detected - recompiling the module!
[INFO] Compiling 2 source files to /home/travis/build/square/retrofit/retrofit-converters/protobuf/target/test-classes
[INFO] 
[INFO] --- maven-surefire-plugin:2.12.4:test (default-test) @ converter-protobuf ---
[INFO] Surefire report directory: /home/travis/build/square/retrofit/retrofit-converters/protobuf/target/surefire-reports

-------------------------------------------------------
 T E S T S
-------------------------------------------------------
Running retrofit.ProtoConverterTest
Tests run: 5, Failures: 0, Errors: 0, Skipped: 0, Time elapsed: 0.206 sec

Results :

Tests run: 5, Failures: 0, Errors: 0, Skipped: 0

[INFO]                                                                         
[INFO] ------------------------------------------------------------------------
[INFO] Building Converter: Jackson 2.0.0-SNAPSHOT
[INFO] ------------------------------------------------------------------------
[INFO] 
[INFO] --- maven-enforcer-plugin:1.0:enforce (enforce-maven) @ converter-jackson ---
[INFO] 
[INFO] --- maven-resources-plugin:2.6:resources (default-resources) @ converter-jackson ---
[INFO] Using 'UTF-8' encoding to copy filtered resources.
[INFO] skip non existing resourceDirectory /home/travis/build/square/retrofit/retrofit-converters/jackson/src/main/resources
[INFO] 
[INFO] --- maven-compiler-plugin:3.0:compile (default-compile) @ converter-jackson ---
[INFO] Changes detected - recompiling the module!
[INFO] Compiling 1 source file to /home/travis/build/square/retrofit/retrofit-converters/jackson/target/classes
[INFO] 
[INFO] --- maven-resources-plugin:2.6:testResources (default-testResources) @ converter-jackson ---
[INFO] Using 'UTF-8' encoding to copy filtered resources.
[INFO] skip non existing resourceDirectory /home/travis/build/square/retrofit/retrofit-converters/jackson/src/test/resources
[INFO] 
[INFO] --- maven-compiler-plugin:3.0:testCompile (default-testCompile) @ converter-jackson ---
[INFO] Changes detected - recompiling the module!
[INFO] Compiling 1 source file to /home/travis/build/square/retrofit/retrofit-converters/jackson/target/test-classes
[INFO] 
[INFO] --- maven-surefire-plugin:2.12.4:test (default-test) @ converter-jackson ---
[INFO] Surefire report directory: /home/travis/build/square/retrofit/retrofit-converters/jackson/target/surefire-reports

-------------------------------------------------------
 T E S T S
-------------------------------------------------------
Running retrofit.JacksonConverterTest
Tests run: 4, Failures: 0, Errors: 0, Skipped: 0, Time elapsed: 0.345 sec

Results :

Tests run: 4, Failures: 0, Errors: 0, Skipped: 0

[INFO]                                                                         
[INFO] ------------------------------------------------------------------------
[INFO] Building Converter: Wire Protocol Buffers 2.0.0-SNAPSHOT
[INFO] ------------------------------------------------------------------------
[INFO] 
[INFO] --- maven-enforcer-plugin:1.0:enforce (enforce-maven) @ converter-wire ---
[INFO] 
[INFO] --- maven-resources-plugin:2.6:resources (default-resources) @ converter-wire ---
[INFO] Using 'UTF-8' encoding to copy filtered resources.
[INFO] skip non existing resourceDirectory /home/travis/build/square/retrofit/retrofit-converters/wire/src/main/resources
[INFO] 
[INFO] --- maven-compiler-plugin:3.0:compile (default-compile) @ converter-wire ---
[INFO] Changes detected - recompiling the module!
[INFO] Compiling 1 source file to /home/travis/build/square/retrofit/retrofit-converters/wire/target/classes
[INFO] 
[INFO] --- maven-resources-plugin:2.6:testResources (default-testResources) @ converter-wire ---
[INFO] Using 'UTF-8' encoding to copy filtered resources.
[INFO] skip non existing resourceDirectory /home/travis/build/square/retrofit/retrofit-converters/wire/src/test/resources
[INFO] 
[INFO] --- maven-compiler-plugin:3.0:testCompile (default-testCompile) @ converter-wire ---
[INFO] Changes detected - recompiling the module!
[INFO] Compiling 2 source files to /home/travis/build/square/retrofit/retrofit-converters/wire/target/test-classes
[INFO] 
[INFO] --- maven-surefire-plugin:2.12.4:test (default-test) @ converter-wire ---
[INFO] Surefire report directory: /home/travis/build/square/retrofit/retrofit-converters/wire/target/surefire-reports

-------------------------------------------------------
 T E S T S
-------------------------------------------------------
Running retrofit.WireConverterTest
Tests run: 5, Failures: 0, Errors: 0, Skipped: 0, Time elapsed: 0.18 sec

Results :

Tests run: 5, Failures: 0, Errors: 0, Skipped: 0

[INFO]                                                                         
[INFO] ------------------------------------------------------------------------
[INFO] Building Converter: SimpleXML 2.0.0-SNAPSHOT
[INFO] ------------------------------------------------------------------------
[INFO] 
[INFO] --- maven-enforcer-plugin:1.0:enforce (enforce-maven) @ converter-simplexml ---
[INFO] 
[INFO] --- maven-resources-plugin:2.6:resources (default-resources) @ converter-simplexml ---
[INFO] Using 'UTF-8' encoding to copy filtered resources.
[INFO] skip non existing resourceDirectory /home/travis/build/square/retrofit/retrofit-converters/simplexml/src/main/resources
[INFO] 
[INFO] --- maven-compiler-plugin:3.0:compile (default-compile) @ converter-simplexml ---
[INFO] Changes detected - recompiling the module!
[INFO] Compiling 1 source file to /home/travis/build/square/retrofit/retrofit-converters/simplexml/target/classes
[INFO] 
[INFO] --- maven-resources-plugin:2.6:testResources (default-testResources) @ converter-simplexml ---
[INFO] Using 'UTF-8' encoding to copy filtered resources.
[INFO] skip non existing resourceDirectory /home/travis/build/square/retrofit/retrofit-converters/simplexml/src/test/resources
[INFO] 
[INFO] --- maven-compiler-plugin:3.0:testCompile (default-testCompile) @ converter-simplexml ---
[INFO] Changes detected - recompiling the module!
[INFO] Compiling 1 source file to /home/travis/build/square/retrofit/retrofit-converters/simplexml/target/test-classes
[INFO] 
[INFO] --- maven-surefire-plugin:2.12.4:test (default-test) @ converter-simplexml ---
[INFO] Surefire report directory: /home/travis/build/square/retrofit/retrofit-converters/simplexml/target/surefire-reports

-------------------------------------------------------
 T E S T S
-------------------------------------------------------
Running retrofit.SimpleXmlConverterTest
Tests run: 4, Failures: 0, Errors: 0, Skipped: 0, Time elapsed: 0.35 sec

Results :

Tests run: 4, Failures: 0, Errors: 0, Skipped: 0

[INFO]                                                                         
[INFO] ------------------------------------------------------------------------
[INFO] Building Samples 2.0.0-SNAPSHOT
[INFO] ------------------------------------------------------------------------
[INFO] 
[INFO] --- maven-enforcer-plugin:1.0:enforce (enforce-maven) @ samples ---
[INFO] 
[INFO] --- maven-resources-plugin:2.6:resources (default-resources) @ samples ---
[INFO] Using 'UTF-8' encoding to copy filtered resources.
[INFO] skip non existing resourceDirectory /home/travis/build/square/retrofit/samples/src/main/resources
[INFO] 
[INFO] --- maven-compiler-plugin:3.0:compile (default-compile) @ samples ---
[INFO] Changes detected - recompiling the module!
[INFO] Compiling 2 source files to /home/travis/build/square/retrofit/samples/target/classes
[INFO] 
[INFO] --- maven-resources-plugin:2.6:testResources (default-testResources) @ samples ---
[INFO] Using 'UTF-8' encoding to copy filtered resources.
[INFO] skip non existing resourceDirectory /home/travis/build/square/retrofit/samples/src/test/resources
[INFO] 
[INFO] --- maven-compiler-plugin:3.0:testCompile (default-testCompile) @ samples ---
[INFO] No sources to compile
[INFO] 
[INFO] --- maven-surefire-plugin:2.12.4:test (default-test) @ samples ---
[INFO] No tests to run.
[INFO] ------------------------------------------------------------------------
[INFO] Reactor Summary:
[INFO] 
[INFO] Retrofit (Parent) .................................. SUCCESS [  0.653 s]
[INFO] Retrofit ........................................... SUCCESS [ 12.055 s]
[INFO] Adapters ........................................... SUCCESS [  0.005 s]
[INFO] Adapter: RxJava .................................... SUCCESS [  1.938 s]
[INFO] Converters ......................................... SUCCESS [  0.001 s]
[INFO] Converter: Gson .................................... SUCCESS [  0.802 s]
[INFO] Converter: Protocol Buffers ........................ SUCCESS [  0.927 s]
[INFO] Converter: Jackson ................................. SUCCESS [  0.689 s]
[INFO] Converter: Wire Protocol Buffers ................... SUCCESS [  0.698 s]
[INFO] Converter: SimpleXML ............................... SUCCESS [  0.735 s]
[INFO] Samples ............................................ SUCCESS [  0.111 s]
[INFO] ------------------------------------------------------------------------
[INFO] BUILD SUCCESS
[INFO] ------------------------------------------------------------------------
[INFO] Total time: 18.995 s
[INFO] Finished at: 2015-06-11T05:15:38+00:00
[INFO] Final Memory: 27M/367M
[INFO] ------------------------------------------------------------------------
travis_time:end:13234197:start=1433999717435226539,finish=1433999738604516834,duration=21169290295[0K
[32;1mThe command "mvn test -B" exited with 0.[0m
travis_fold:start:cache.2[0Kstore build cache
travis_time:start:39a69848[0Kchange detected: /home/travis/.m2/repository/com/squareup/retrofit/parent/2.0.0-SNAPSHOT/_remote.repositories
changes detected, packing new archive
uploading archive
travis_time:end:39a69848:start=1433999738608480089,finish=1433999749252594840,duration=10644114751[0Ktravis_fold:end:cache.2[0Ktravis_fold:start:after_success[0Ktravis_time:start:041d2424[0K$ .buildscript/deploy_snapshot.sh
Skipping snapshot deployment: wrong branch. Expected 'master' but was 'jw/logic'.
travis_time:end:041d2424:start=1433999749256444482,finish=1433999749260808976,duration=4364494[0Ktravis_fold:end:after_success[0K
Done. Your build exited with 0.
