Using worker: worker-linux-docker-1e32e8f7.prod.travis-ci.org:travis-linux-3

travis_fold:start:system_info[0K[33;1mBuild system information[0m
Build language: java
[34m[1mBuild image provisioning date and time[0m
Thu Feb  5 15:09:33 UTC 2015
[34m[1mOperating System Details[0m
Distributor ID:	Ubuntu
Description:	Ubuntu 12.04.5 LTS
Release:	12.04
Codename:	precise
[34m[1mLinux Version[0m
3.13.0-29-generic
[34m[1mCookbooks Version[0m
a68419e https://github.com/travis-ci/travis-cookbooks/tree/a68419e
[34m[1mGCC version[0m
gcc (Ubuntu/Linaro 4.6.3-1ubuntu5) 4.6.3
Copyright (C) 2011 Free Software Foundation, Inc.
This is free software; see the source for copying conditions.  There is NO
warranty; not even for MERCHANTABILITY or FITNESS FOR A PARTICULAR PURPOSE.

[34m[1mLLVM version[0m
clang version 3.4 (tags/RELEASE_34/final)
Target: x86_64-unknown-linux-gnu
Thread model: posix
[34m[1mPre-installed Ruby versions[0m
ruby-1.9.3-p551
[34m[1mPre-installed Node.js versions[0m
v0.10.36
[34m[1mPre-installed Go versions[0m
1.4.1
[34m[1mRedis version[0m
redis-server 2.8.19
[34m[1mriak version[0m
2.0.2
[34m[1mMongoDB version[0m
MongoDB 2.4.12
[34m[1mCouchDB version[0m
couchdb 1.6.1
[34m[1mNeo4j version[0m
1.9.4
[34m[1mRabbitMQ Version[0m
3.4.3
[34m[1mElasticSearch version[0m
1.4.0
[34m[1mInstalled Sphinx versions[0m
2.0.10
2.1.9
2.2.6
[34m[1mDefault Sphinx version[0m
2.2.6
[34m[1mInstalled Firefox version[0m
firefox 31.0esr
[34m[1mPhantomJS version[0m
1.9.8
[34m[1mant -version[0m
Apache Ant(TM) version 1.8.2 compiled on December 3 2011
[34m[1mmvn -version[0m
Apache Maven 3.2.5 (12a6b3acb947671f09b81f49094c53f426d8cea1; 2014-12-14T17:29:23+00:00)
Maven home: /usr/local/maven
Java version: 1.7.0_76, vendor: Oracle Corporation
Java home: /usr/lib/jvm/java-7-oracle/jre
Default locale: en_US, platform encoding: ANSI_X3.4-1968
OS name: "linux", version: "3.13.0-29-generic", arch: "amd64", family: "unix"
travis_fold:end:system_info[0K
travis_fold:start:git.checkout[0Ktravis_time:start:04db3b20[0K$ git clone --depth=50 --branch=master git://github.com/square/retrofit.git square/retrofit
Cloning into 'square/retrofit'...
remote: Counting objects: 1493, done.[K
remote: Compressing objects:   0% (1/784)   [Kremote: Compressing objects:   1% (8/784)   [Kremote: Compressing objects:   2% (16/784)   [Kremote: Compressing objects:   3% (24/784)   [Kremote: Compressing objects:   4% (32/784)   [Kremote: Compressing objects:   5% (40/784)   [Kremote: Compressing objects:   6% (48/784)   [Kremote: Compressing objects:   7% (55/784)   [Kremote: Compressing objects:   8% (63/784)   [Kremote: Compressing objects:   9% (71/784)   [Kremote: Compressing objects:  10% (79/784)   [Kremote: Compressing objects:  11% (87/784)   [Kremote: Compressing objects:  12% (95/784)   [Kremote: Compressing objects:  13% (102/784)   [Kremote: Compressing objects:  14% (110/784)   [Kremote: Compressing objects:  15% (118/784)   [Kremote: Compressing objects:  16% (126/784)   [Kremote: Compressing objects:  17% (134/784)   [Kremote: Compressing objects:  18% (142/784)   [Kremote: Compressing objects:  19% (149/784)   [Kremote: Compressing objects:  20% (157/784)   [Kremote: Compressing objects:  21% (165/784)   [Kremote: Compressing objects:  22% (173/784)   [Kremote: Compressing objects:  23% (181/784)   [Kremote: Compressing objects:  24% (189/784)   [Kremote: Compressing objects:  25% (196/784)   [Kremote: Compressing objects:  26% (204/784)   [Kremote: Compressing objects:  27% (212/784)   [Kremote: Compressing objects:  28% (220/784)   [Kremote: Compressing objects:  29% (228/784)   [Kremote: Compressing objects:  30% (236/784)   [Kremote: Compressing objects:  31% (244/784)   [Kremote: Compressing objects:  32% (251/784)   [Kremote: Compressing objects:  33% (259/784)   [Kremote: Compressing objects:  34% (267/784)   [Kremote: Compressing objects:  35% (275/784)   [Kremote: Compressing objects:  36% (283/784)   [Kremote: Compressing objects:  37% (291/784)   [Kremote: Compressing objects:  38% (298/784)   [Kremote: Compressing objects:  39% (306/784)   [Kremote: Compressing objects:  40% (314/784)   [Kremote: Compressing objects:  41% (322/784)   [Kremote: Compressing objects:  42% (330/784)   [Kremote: Compressing objects:  43% (338/784)   [Kremote: Compressing objects:  44% (345/784)   [Kremote: Compressing objects:  45% (353/784)   [Kremote: Compressing objects:  46% (361/784)   [Kremote: Compressing objects:  47% (369/784)   [Kremote: Compressing objects:  48% (377/784)   [Kremote: Compressing objects:  49% (385/784)   [Kremote: Compressing objects:  50% (392/784)   [Kremote: Compressing objects:  51% (400/784)   [Kremote: Compressing objects:  52% (408/784)   [Kremote: Compressing objects:  53% (416/784)   [Kremote: Compressing objects:  54% (424/784)   [Kremote: Compressing objects:  55% (432/784)   [Kremote: Compressing objects:  56% (440/784)   [Kremote: Compressing objects:  57% (447/784)   [Kremote: Compressing objects:  58% (455/784)   [Kremote: Compressing objects:  59% (463/784)   [Kremote: Compressing objects:  60% (471/784)   [Kremote: Compressing objects:  61% (479/784)   [Kremote: Compressing objects:  62% (487/784)   [Kremote: Compressing objects:  63% (494/784)   [Kremote: Compressing objects:  64% (502/784)   [Kremote: Compressing objects:  65% (510/784)   [Kremote: Compressing objects:  66% (518/784)   [Kremote: Compressing objects:  67% (526/784)   [Kremote: Compressing objects:  68% (534/784)   [Kremote: Compressing objects:  69% (541/784)   [Kremote: Compressing objects:  70% (549/784)   [Kremote: Compressing objects:  71% (557/784)   [Kremote: Compressing objects:  72% (565/784)   [Kremote: Compressing objects:  73% (573/784)   [Kremote: Compressing objects:  74% (581/784)   [Kremote: Compressing objects:  75% (588/784)   [Kremote: Compressing objects:  76% (596/784)   [Kremote: Compressing objects:  77% (604/784)   [Kremote: Compressing objects:  78% (612/784)   [Kremote: Compressing objects:  79% (620/784)   [Kremote: Compressing objects:  80% (628/784)   [Kremote: Compressing objects:  81% (636/784)   [Kremote: Compressing objects:  82% (643/784)   [Kremote: Compressing objects:  83% (651/784)   [Kremote: Compressing objects:  84% (659/784)   [Kremote: Compressing objects:  85% (667/784)   [Kremote: Compressing objects:  86% (675/784)   [Kremote: Compressing objects:  87% (683/784)   [Kremote: Compressing objects:  88% (690/784)   [Kremote: Compressing objects:  89% (698/784)   [Kremote: Compressing objects:  90% (706/784)   [Kremote: Compressing objects:  91% (714/784)   [Kremote: Compressing objects:  92% (722/784)   [Kremote: Compressing objects:  93% (730/784)   [Kremote: Compressing objects:  94% (737/784)   [Kremote: Compressing objects:  95% (745/784)   [Kremote: Compressing objects:  96% (753/784)   [Kremote: Compressing objects:  97% (761/784)   [Kremote: Compressing objects:  98% (769/784)   [Kremote: Compressing objects:  99% (777/784)   [Kremote: Compressing objects: 100% (784/784)   [Kremote: Compressing objects: 100% (784/784), done.[K
Receiving objects:   0% (1/1493)   Receiving objects:   1% (15/1493)   Receiving objects:   2% (30/1493)   Receiving objects:   3% (45/1493)   Receiving objects:   4% (60/1493)   Receiving objects:   5% (75/1493)   Receiving objects:   6% (90/1493)   Receiving objects:   7% (105/1493)   Receiving objects:   8% (120/1493)   Receiving objects:   9% (135/1493)   Receiving objects:  10% (150/1493)   Receiving objects:  11% (165/1493)   Receiving objects:  12% (180/1493)   Receiving objects:  13% (195/1493)   Receiving objects:  14% (210/1493)   Receiving objects:  15% (224/1493)   Receiving objects:  16% (239/1493)   Receiving objects:  17% (254/1493)   Receiving objects:  18% (269/1493)   Receiving objects:  19% (284/1493)   Receiving objects:  20% (299/1493)   Receiving objects:  21% (314/1493)   Receiving objects:  22% (329/1493)   Receiving objects:  23% (344/1493)   Receiving objects:  24% (359/1493)   Receiving objects:  25% (374/1493)   Receiving objects:  26% (389/1493)   Receiving objects:  27% (404/1493)   Receiving objects:  28% (419/1493)   Receiving objects:  29% (433/1493)   Receiving objects:  30% (448/1493)   Receiving objects:  31% (463/1493)   Receiving objects:  32% (478/1493)   Receiving objects:  33% (493/1493)   Receiving objects:  34% (508/1493)   Receiving objects:  35% (523/1493)   Receiving objects:  36% (538/1493)   Receiving objects:  37% (553/1493)   Receiving objects:  38% (568/1493)   Receiving objects:  39% (583/1493)   Receiving objects:  40% (598/1493)   Receiving objects:  41% (613/1493)   Receiving objects:  42% (628/1493)   Receiving objects:  43% (642/1493)   Receiving objects:  44% (657/1493)   Receiving objects:  45% (672/1493)   Receiving objects:  46% (687/1493)   Receiving objects:  47% (702/1493)   Receiving objects:  48% (717/1493)   Receiving objects:  49% (732/1493)   Receiving objects:  50% (747/1493)   Receiving objects:  51% (762/1493)   Receiving objects:  52% (777/1493)   Receiving objects:  53% (792/1493)   Receiving objects:  54% (807/1493)   Receiving objects:  55% (822/1493)   Receiving objects:  56% (837/1493)   Receiving objects:  57% (852/1493)   Receiving objects:  58% (866/1493)   Receiving objects:  59% (881/1493)   Receiving objects:  60% (896/1493)   Receiving objects:  61% (911/1493)   Receiving objects:  62% (926/1493)   Receiving objects:  63% (941/1493)   Receiving objects:  64% (956/1493)   Receiving objects:  65% (971/1493)   Receiving objects:  66% (986/1493)   Receiving objects:  67% (1001/1493)   Receiving objects:  68% (1016/1493)   Receiving objects:  69% (1031/1493)   remote: Total 1493 (delta 513), reused 1208 (delta 297), pack-reused 0[K
Receiving objects:  70% (1046/1493)   Receiving objects:  71% (1061/1493)   Receiving objects:  72% (1075/1493)   Receiving objects:  73% (1090/1493)   Receiving objects:  74% (1105/1493)   Receiving objects:  75% (1120/1493)   Receiving objects:  76% (1135/1493)   Receiving objects:  77% (1150/1493)   Receiving objects:  78% (1165/1493)   Receiving objects:  79% (1180/1493)   Receiving objects:  80% (1195/1493)   Receiving objects:  81% (1210/1493)   Receiving objects:  82% (1225/1493)   Receiving objects:  83% (1240/1493)   Receiving objects:  84% (1255/1493)   Receiving objects:  85% (1270/1493)   Receiving objects:  86% (1284/1493)   Receiving objects:  87% (1299/1493)   Receiving objects:  88% (1314/1493)   Receiving objects:  89% (1329/1493)   Receiving objects:  90% (1344/1493)   Receiving objects:  91% (1359/1493)   Receiving objects:  92% (1374/1493)   Receiving objects:  93% (1389/1493)   Receiving objects:  94% (1404/1493)   Receiving objects:  95% (1419/1493)   Receiving objects:  96% (1434/1493)   Receiving objects:  97% (1449/1493)   Receiving objects:  98% (1464/1493)   Receiving objects:  99% (1479/1493)   Receiving objects: 100% (1493/1493)   Receiving objects: 100% (1493/1493), 375.93 KiB | 0 bytes/s, done.
Resolving deltas:   0% (0/513)   Resolving deltas:  11% (60/513)   Resolving deltas:  12% (63/513)   Resolving deltas:  13% (67/513)   Resolving deltas:  14% (76/513)   Resolving deltas:  15% (82/513)   Resolving deltas:  18% (95/513)   Resolving deltas:  23% (123/513)   Resolving deltas:  24% (124/513)   Resolving deltas:  25% (133/513)   Resolving deltas:  26% (134/513)   Resolving deltas:  27% (141/513)   Resolving deltas:  28% (144/513)   Resolving deltas:  30% (155/513)   Resolving deltas:  31% (164/513)   Resolving deltas:  32% (165/513)   Resolving deltas:  33% (174/513)   Resolving deltas:  34% (175/513)   Resolving deltas:  35% (182/513)   Resolving deltas:  36% (187/513)   Resolving deltas:  37% (190/513)   Resolving deltas:  38% (199/513)   Resolving deltas:  40% (208/513)   Resolving deltas:  41% (213/513)   Resolving deltas:  42% (217/513)   Resolving deltas:  43% (221/513)   Resolving deltas:  44% (227/513)   Resolving deltas:  45% (231/513)   Resolving deltas:  49% (254/513)   Resolving deltas:  51% (262/513)   Resolving deltas:  52% (268/513)   Resolving deltas:  53% (274/513)   Resolving deltas:  54% (281/513)   Resolving deltas:  55% (284/513)   Resolving deltas:  56% (292/513)   Resolving deltas:  59% (305/513)   Resolving deltas:  61% (315/513)   Resolving deltas:  62% (322/513)   Resolving deltas:  63% (324/513)   Resolving deltas:  64% (330/513)   Resolving deltas:  67% (347/513)   Resolving deltas:  68% (350/513)   Resolving deltas:  69% (354/513)   Resolving deltas:  70% (360/513)   Resolving deltas:  71% (367/513)   Resolving deltas:  72% (373/513)   Resolving deltas:  73% (379/513)   Resolving deltas:  74% (380/513)   Resolving deltas:  75% (386/513)   Resolving deltas:  76% (392/513)   Resolving deltas:  77% (396/513)   Resolving deltas:  78% (401/513)   Resolving deltas:  79% (406/513)   Resolving deltas:  80% (415/513)   Resolving deltas:  81% (418/513)   Resolving deltas:  84% (431/513)   Resolving deltas:  85% (438/513)   Resolving deltas:  86% (442/513)   Resolving deltas:  87% (449/513)   Resolving deltas:  88% (453/513)   Resolving deltas:  89% (459/513)   Resolving deltas:  90% (462/513)   Resolving deltas:  93% (478/513)   Resolving deltas:  94% (484/513)   Resolving deltas:  95% (489/513)   Resolving deltas:  96% (494/513)   Resolving deltas:  97% (498/513)   Resolving deltas:  98% (503/513)   Resolving deltas:  99% (512/513)   Resolving deltas: 100% (513/513)   Resolving deltas: 100% (513/513), done.
Checking connectivity... done.
travis_time:end:04db3b20:start=1434040048332467776,finish=1434040049028309424,duration=695841648[0K$ cd square/retrofit
$ git checkout -qf 00eaae229942686f571aad402890420705742b86
travis_fold:end:git.checkout[0K
[33;1mThis job is running on container-based infrastructure, which does not allow use of 'sudo', setuid and setguid executables.[0m
[33;1mIf you require sudo, add 'sudo: required' to your .travis.yml[0m
[33;1mSee http://docs.travis-ci.com/user/workers/container-based-infrastructure/ for details.[0m

[33;1mSetting environment variables from .travis.yml[0m
$ export CI_DEPLOY_USERNAME=[secure]
$ export CI_DEPLOY_PASSWORD=[secure]

travis_fold:start:cache.1[0KSetting up build cache
$ export CASHER_DIR=$HOME/.casher
travis_time:start:14d72d20[0K$ Installing caching utilities
travis_time:end:14d72d20:start=1434040050618182497,finish=1434040050659332353,duration=41149856[0Ktravis_time:start:15370b6e[0Kattempting to download cache archive
fetching master/cache--jdk-oraclejdk7.tbz
found cache
travis_time:end:15370b6e:start=1434040050663662400,finish=1434040051804853939,duration=1141191539[0Ktravis_time:start:0c9b36a8[0Kadding /home/travis/.m2 to cache
travis_time:end:0c9b36a8:start=1434040051808998586,finish=1434040056124974843,duration=4315976257[0Ktravis_fold:end:cache.1[0K$ jdk_switcher use oraclejdk7
Switching to Oracle JDK7 (java-7-oracle), JAVA_HOME will be set to /usr/lib/jvm/java-7-oracle
$ java -Xmx32m -version
java version "1.7.0_76"
Java(TM) SE Runtime Environment (build 1.7.0_76-b13)
Java HotSpot(TM) 64-Bit Server VM (build 24.76-b04, mixed mode)
$ javac -J-Xmx32m -version
javac 1.7.0_76
travis_fold:start:install[0Ktravis_time:start:2f9dae60[0K$ mvn install -DskipTests=true -Dmaven.javadoc.skip=true -B -V
Apache Maven 3.2.5 (12a6b3acb947671f09b81f49094c53f426d8cea1; 2014-12-14T17:29:23+00:00)
Maven home: /usr/local/maven
Java version: 1.7.0_76, vendor: Oracle Corporation
Java home: /usr/lib/jvm/java-7-oracle/jre
Default locale: en_US, platform encoding: UTF-8
OS name: "linux", version: "3.13.0-40-generic", arch: "amd64", family: "unix"
[INFO] Scanning for projects...
[WARNING] 
[WARNING] Some problems were encountered while building the effective model for com.squareup.retrofit:samples:jar:2.0.0-SNAPSHOT
[WARNING] 'build.plugins.plugin.version' for org.apache.maven.plugins:maven-deploy-plugin is missing. @ com.squareup.retrofit:samples:[unknown-version], /home/travis/build/square/retrofit/samples/pom.xml, line 36, column 15
[WARNING] 
[WARNING] It is highly recommended to fix these problems because they threaten the stability of your build.
[WARNING] 
[WARNING] For this reason, future Maven versions might no longer support building such malformed projects.
[WARNING] 
[INFO] ------------------------------------------------------------------------
[INFO] Reactor Build Order:
[INFO] 
[INFO] Retrofit (Parent)
[INFO] Retrofit
[INFO] Adapters
[INFO] Adapter: RxJava
[INFO] Converters
[INFO] Converter: Gson
[INFO] Converter: Protocol Buffers
[INFO] Converter: Jackson
[INFO] Converter: Wire Protocol Buffers
[INFO] Converter: SimpleXML
[INFO] Samples
[INFO]                                                                         
[INFO] ------------------------------------------------------------------------
[INFO] Building Retrofit (Parent) 2.0.0-SNAPSHOT
[INFO] ------------------------------------------------------------------------
[INFO] 
[INFO] --- maven-enforcer-plugin:1.0:enforce (enforce-maven) @ parent ---
[INFO] 
[INFO] --- maven-checkstyle-plugin:2.15:checkstyle (default) @ parent ---
[INFO] 
[INFO] --- maven-install-plugin:2.4:install (default-install) @ parent ---
[INFO] Installing /home/travis/build/square/retrofit/pom.xml to /home/travis/.m2/repository/com/squareup/retrofit/parent/2.0.0-SNAPSHOT/parent-2.0.0-SNAPSHOT.pom
[INFO]                                                                         
[INFO] ------------------------------------------------------------------------
[INFO] Building Retrofit 2.0.0-SNAPSHOT
[INFO] ------------------------------------------------------------------------
[INFO] 
[INFO] --- maven-enforcer-plugin:1.0:enforce (enforce-maven) @ retrofit ---
[INFO] 
[INFO] --- maven-resources-plugin:2.6:resources (default-resources) @ retrofit ---
[INFO] Using 'UTF-8' encoding to copy filtered resources.
[INFO] skip non existing resourceDirectory /home/travis/build/square/retrofit/retrofit/src/main/resources
[INFO] 
[INFO] --- maven-compiler-plugin:3.0:compile (default-compile) @ retrofit ---
[INFO] Changes detected - recompiling the module!
[INFO] Compiling 36 source files to /home/travis/build/square/retrofit/retrofit/target/classes
[WARNING] /home/travis/build/square/retrofit/retrofit/src/main/java/retrofit/Retrofit.java: Some input files use unchecked or unsafe operations.
[WARNING] /home/travis/build/square/retrofit/retrofit/src/main/java/retrofit/Retrofit.java: Recompile with -Xlint:unchecked for details.
[INFO] 
[INFO] --- maven-resources-plugin:2.6:testResources (default-testResources) @ retrofit ---
[INFO] Using 'UTF-8' encoding to copy filtered resources.
[INFO] skip non existing resourceDirectory /home/travis/build/square/retrofit/retrofit/src/test/resources
[INFO] 
[INFO] --- maven-compiler-plugin:3.0:testCompile (default-testCompile) @ retrofit ---
[INFO] Changes detected - recompiling the module!
[INFO] Compiling 7 source files to /home/travis/build/square/retrofit/retrofit/target/test-classes
[WARNING] /home/travis/build/square/retrofit/retrofit/src/test/java/retrofit/DefaultCallAdapterFactoryTest.java: /home/travis/build/square/retrofit/retrofit/src/test/java/retrofit/DefaultCallAdapterFactoryTest.java uses unchecked or unsafe operations.
[WARNING] /home/travis/build/square/retrofit/retrofit/src/test/java/retrofit/DefaultCallAdapterFactoryTest.java: Recompile with -Xlint:unchecked for details.
[INFO] 
[INFO] --- maven-surefire-plugin:2.12.4:test (default-test) @ retrofit ---
[INFO] Tests are skipped.
[INFO] 
[INFO] --- maven-jar-plugin:2.4:jar (default-jar) @ retrofit ---
[INFO] Building jar: /home/travis/build/square/retrofit/retrofit/target/retrofit-2.0.0-SNAPSHOT.jar
[INFO] 
[INFO] --- maven-checkstyle-plugin:2.15:checkstyle (default) @ retrofit ---
[INFO] Starting audit...
Audit done.
[WARNING] Unable to locate Source XRef to link to - DISABLED
[INFO] 
[INFO] --- maven-install-plugin:2.4:install (default-install) @ retrofit ---
[INFO] Installing /home/travis/build/square/retrofit/retrofit/target/retrofit-2.0.0-SNAPSHOT.jar to /home/travis/.m2/repository/com/squareup/retrofit/retrofit/2.0.0-SNAPSHOT/retrofit-2.0.0-SNAPSHOT.jar
[INFO] Installing /home/travis/build/square/retrofit/retrofit/pom.xml to /home/travis/.m2/repository/com/squareup/retrofit/retrofit/2.0.0-SNAPSHOT/retrofit-2.0.0-SNAPSHOT.pom
[INFO]                                                                         
[INFO] ------------------------------------------------------------------------
[INFO] Building Adapters 2.0.0-SNAPSHOT
[INFO] ------------------------------------------------------------------------
[INFO] 
[INFO] --- maven-enforcer-plugin:1.0:enforce (enforce-maven) @ retrofit-adapters ---
[INFO] 
[INFO] --- maven-checkstyle-plugin:2.15:checkstyle (default) @ retrofit-adapters ---
[INFO] 
[INFO] --- maven-install-plugin:2.4:install (default-install) @ retrofit-adapters ---
[INFO] Installing /home/travis/build/square/retrofit/retrofit-adapters/pom.xml to /home/travis/.m2/repository/com/squareup/retrofit/retrofit-adapters/2.0.0-SNAPSHOT/retrofit-adapters-2.0.0-SNAPSHOT.pom
[INFO]                                                                         
[INFO] ------------------------------------------------------------------------
[INFO] Building Adapter: RxJava 2.0.0-SNAPSHOT
[INFO] ------------------------------------------------------------------------
[INFO] 
[INFO] --- maven-enforcer-plugin:1.0:enforce (enforce-maven) @ adapter-rxjava ---
[INFO] 
[INFO] --- maven-resources-plugin:2.6:resources (default-resources) @ adapter-rxjava ---
[INFO] Using 'UTF-8' encoding to copy filtered resources.
[INFO] skip non existing resourceDirectory /home/travis/build/square/retrofit/retrofit-adapters/rxjava/src/main/resources
[INFO] 
[INFO] --- maven-compiler-plugin:3.0:compile (default-compile) @ adapter-rxjava ---
[INFO] Changes detected - recompiling the module!
[INFO] Compiling 2 source files to /home/travis/build/square/retrofit/retrofit-adapters/rxjava/target/classes
[INFO] 
[INFO] --- maven-resources-plugin:2.6:testResources (default-testResources) @ adapter-rxjava ---
[INFO] Using 'UTF-8' encoding to copy filtered resources.
[INFO] skip non existing resourceDirectory /home/travis/build/square/retrofit/retrofit-adapters/rxjava/src/test/resources
[INFO] 
[INFO] --- maven-compiler-plugin:3.0:testCompile (default-testCompile) @ adapter-rxjava ---
[INFO] Changes detected - recompiling the module!
[INFO] Compiling 2 source files to /home/travis/build/square/retrofit/retrofit-adapters/rxjava/target/test-classes
[INFO] 
[INFO] --- maven-surefire-plugin:2.12.4:test (default-test) @ adapter-rxjava ---
[INFO] Tests are skipped.
[INFO] 
[INFO] --- maven-jar-plugin:2.4:jar (default-jar) @ adapter-rxjava ---
[INFO] Building jar: /home/travis/build/square/retrofit/retrofit-adapters/rxjava/target/adapter-rxjava-2.0.0-SNAPSHOT.jar
[INFO] 
[INFO] --- maven-checkstyle-plugin:2.15:checkstyle (default) @ adapter-rxjava ---
[INFO] Starting audit...
Audit done.
[WARNING] Unable to locate Source XRef to link to - DISABLED
[INFO] 
[INFO] --- maven-install-plugin:2.4:install (default-install) @ adapter-rxjava ---
[INFO] Installing /home/travis/build/square/retrofit/retrofit-adapters/rxjava/target/adapter-rxjava-2.0.0-SNAPSHOT.jar to /home/travis/.m2/repository/com/squareup/retrofit/adapter-rxjava/2.0.0-SNAPSHOT/adapter-rxjava-2.0.0-SNAPSHOT.jar
[INFO] Installing /home/travis/build/square/retrofit/retrofit-adapters/rxjava/pom.xml to /home/travis/.m2/repository/com/squareup/retrofit/adapter-rxjava/2.0.0-SNAPSHOT/adapter-rxjava-2.0.0-SNAPSHOT.pom
[INFO]                                                                         
[INFO] ------------------------------------------------------------------------
[INFO] Building Converters 2.0.0-SNAPSHOT
[INFO] ------------------------------------------------------------------------
[INFO] 
[INFO] --- maven-enforcer-plugin:1.0:enforce (enforce-maven) @ retrofit-converters ---
[INFO] 
[INFO] --- maven-checkstyle-plugin:2.15:checkstyle (default) @ retrofit-converters ---
[INFO] 
[INFO] --- maven-install-plugin:2.4:install (default-install) @ retrofit-converters ---
[INFO] Installing /home/travis/build/square/retrofit/retrofit-converters/pom.xml to /home/travis/.m2/repository/com/squareup/retrofit/retrofit-converters/2.0.0-SNAPSHOT/retrofit-converters-2.0.0-SNAPSHOT.pom
[INFO]                                                                         
[INFO] ------------------------------------------------------------------------
[INFO] Building Converter: Gson 2.0.0-SNAPSHOT
[INFO] ------------------------------------------------------------------------
[INFO] 
[INFO] --- maven-enforcer-plugin:1.0:enforce (enforce-maven) @ converter-gson ---
[INFO] 
[INFO] --- maven-resources-plugin:2.6:resources (default-resources) @ converter-gson ---
[INFO] Using 'UTF-8' encoding to copy filtered resources.
[INFO] skip non existing resourceDirectory /home/travis/build/square/retrofit/retrofit-converters/gson/src/main/resources
[INFO] 
[INFO] --- maven-compiler-plugin:3.0:compile (default-compile) @ converter-gson ---
[INFO] Changes detected - recompiling the module!
[INFO] Compiling 1 source file to /home/travis/build/square/retrofit/retrofit-converters/gson/target/classes
[INFO] 
[INFO] --- maven-resources-plugin:2.6:testResources (default-testResources) @ converter-gson ---
[INFO] Using 'UTF-8' encoding to copy filtered resources.
[INFO] skip non existing resourceDirectory /home/travis/build/square/retrofit/retrofit-converters/gson/src/test/resources
[INFO] 
[INFO] --- maven-compiler-plugin:3.0:testCompile (default-testCompile) @ converter-gson ---
[INFO] Changes detected - recompiling the module!
[INFO] Compiling 1 source file to /home/travis/build/square/retrofit/retrofit-converters/gson/target/test-classes
[INFO] 
[INFO] --- maven-surefire-plugin:2.12.4:test (default-test) @ converter-gson ---
[INFO] Tests are skipped.
[INFO] 
[INFO] --- maven-jar-plugin:2.4:jar (default-jar) @ converter-gson ---
[INFO] Building jar: /home/travis/build/square/retrofit/retrofit-converters/gson/target/converter-gson-2.0.0-SNAPSHOT.jar
[INFO] 
[INFO] --- maven-checkstyle-plugin:2.15:checkstyle (default) @ converter-gson ---
[INFO] Starting audit...
Audit done.
[WARNING] Unable to locate Source XRef to link to - DISABLED
[INFO] 
[INFO] --- maven-install-plugin:2.4:install (default-install) @ converter-gson ---
[INFO] Installing /home/travis/build/square/retrofit/retrofit-converters/gson/target/converter-gson-2.0.0-SNAPSHOT.jar to /home/travis/.m2/repository/com/squareup/retrofit/converter-gson/2.0.0-SNAPSHOT/converter-gson-2.0.0-SNAPSHOT.jar
[INFO] Installing /home/travis/build/square/retrofit/retrofit-converters/gson/pom.xml to /home/travis/.m2/repository/com/squareup/retrofit/converter-gson/2.0.0-SNAPSHOT/converter-gson-2.0.0-SNAPSHOT.pom
[INFO]                                                                         
[INFO] ------------------------------------------------------------------------
[INFO] Building Converter: Protocol Buffers 2.0.0-SNAPSHOT
[INFO] ------------------------------------------------------------------------
[INFO] 
[INFO] --- maven-enforcer-plugin:1.0:enforce (enforce-maven) @ converter-protobuf ---
[INFO] 
[INFO] --- maven-resources-plugin:2.6:resources (default-resources) @ converter-protobuf ---
[INFO] Using 'UTF-8' encoding to copy filtered resources.
[INFO] skip non existing resourceDirectory /home/travis/build/square/retrofit/retrofit-converters/protobuf/src/main/resources
[INFO] 
[INFO] --- maven-compiler-plugin:3.0:compile (default-compile) @ converter-protobuf ---
[INFO] Changes detected - recompiling the module!
[INFO] Compiling 1 source file to /home/travis/build/square/retrofit/retrofit-converters/protobuf/target/classes
[INFO] 
[INFO] --- maven-resources-plugin:2.6:testResources (default-testResources) @ converter-protobuf ---
[INFO] Using 'UTF-8' encoding to copy filtered resources.
[INFO] skip non existing resourceDirectory /home/travis/build/square/retrofit/retrofit-converters/protobuf/src/test/resources
[INFO] 
[INFO] --- maven-compiler-plugin:3.0:testCompile (default-testCompile) @ converter-protobuf ---
[INFO] Changes detected - recompiling the module!
[INFO] Compiling 2 source files to /home/travis/build/square/retrofit/retrofit-converters/protobuf/target/test-classes
[INFO] 
[INFO] --- maven-surefire-plugin:2.12.4:test (default-test) @ converter-protobuf ---
[INFO] Tests are skipped.
[INFO] 
[INFO] --- maven-jar-plugin:2.4:jar (default-jar) @ converter-protobuf ---
[INFO] Building jar: /home/travis/build/square/retrofit/retrofit-converters/protobuf/target/converter-protobuf-2.0.0-SNAPSHOT.jar
[INFO] 
[INFO] --- maven-checkstyle-plugin:2.15:checkstyle (default) @ converter-protobuf ---
[INFO] Starting audit...
Audit done.
[WARNING] Unable to locate Source XRef to link to - DISABLED
[INFO] 
[INFO] --- maven-install-plugin:2.4:install (default-install) @ converter-protobuf ---
[INFO] Installing /home/travis/build/square/retrofit/retrofit-converters/protobuf/target/converter-protobuf-2.0.0-SNAPSHOT.jar to /home/travis/.m2/repository/com/squareup/retrofit/converter-protobuf/2.0.0-SNAPSHOT/converter-protobuf-2.0.0-SNAPSHOT.jar
[INFO] Installing /home/travis/build/square/retrofit/retrofit-converters/protobuf/pom.xml to /home/travis/.m2/repository/com/squareup/retrofit/converter-protobuf/2.0.0-SNAPSHOT/converter-protobuf-2.0.0-SNAPSHOT.pom
[INFO]                                                                         
[INFO] ------------------------------------------------------------------------
[INFO] Building Converter: Jackson 2.0.0-SNAPSHOT
[INFO] ------------------------------------------------------------------------
[INFO] 
[INFO] --- maven-enforcer-plugin:1.0:enforce (enforce-maven) @ converter-jackson ---
[INFO] 
[INFO] --- maven-resources-plugin:2.6:resources (default-resources) @ converter-jackson ---
[INFO] Using 'UTF-8' encoding to copy filtered resources.
[INFO] skip non existing resourceDirectory /home/travis/build/square/retrofit/retrofit-converters/jackson/src/main/resources
[INFO] 
[INFO] --- maven-compiler-plugin:3.0:compile (default-compile) @ converter-jackson ---
[INFO] Changes detected - recompiling the module!
[INFO] Compiling 1 source file to /home/travis/build/square/retrofit/retrofit-converters/jackson/target/classes
[INFO] 
[INFO] --- maven-resources-plugin:2.6:testResources (default-testResources) @ converter-jackson ---
[INFO] Using 'UTF-8' encoding to copy filtered resources.
[INFO] skip non existing resourceDirectory /home/travis/build/square/retrofit/retrofit-converters/jackson/src/test/resources
[INFO] 
[INFO] --- maven-compiler-plugin:3.0:testCompile (default-testCompile) @ converter-jackson ---
[INFO] Changes detected - recompiling the module!
[INFO] Compiling 1 source file to /home/travis/build/square/retrofit/retrofit-converters/jackson/target/test-classes
[INFO] 
[INFO] --- maven-surefire-plugin:2.12.4:test (default-test) @ converter-jackson ---
[INFO] Tests are skipped.
[INFO] 
[INFO] --- maven-jar-plugin:2.4:jar (default-jar) @ converter-jackson ---
[INFO] Building jar: /home/travis/build/square/retrofit/retrofit-converters/jackson/target/converter-jackson-2.0.0-SNAPSHOT.jar
[INFO] 
[INFO] --- maven-checkstyle-plugin:2.15:checkstyle (default) @ converter-jackson ---
[INFO] Starting audit...
Audit done.
[WARNING] Unable to locate Source XRef to link to - DISABLED
[INFO] 
[INFO] --- maven-install-plugin:2.4:install (default-install) @ converter-jackson ---
[INFO] Installing /home/travis/build/square/retrofit/retrofit-converters/jackson/target/converter-jackson-2.0.0-SNAPSHOT.jar to /home/travis/.m2/repository/com/squareup/retrofit/converter-jackson/2.0.0-SNAPSHOT/converter-jackson-2.0.0-SNAPSHOT.jar
[INFO] Installing /home/travis/build/square/retrofit/retrofit-converters/jackson/pom.xml to /home/travis/.m2/repository/com/squareup/retrofit/converter-jackson/2.0.0-SNAPSHOT/converter-jackson-2.0.0-SNAPSHOT.pom
[INFO]                                                                         
[INFO] ------------------------------------------------------------------------
[INFO] Building Converter: Wire Protocol Buffers 2.0.0-SNAPSHOT
[INFO] ------------------------------------------------------------------------
[INFO] 
[INFO] --- maven-enforcer-plugin:1.0:enforce (enforce-maven) @ converter-wire ---
[INFO] 
[INFO] --- maven-resources-plugin:2.6:resources (default-resources) @ converter-wire ---
[INFO] Using 'UTF-8' encoding to copy filtered resources.
[INFO] skip non existing resourceDirectory /home/travis/build/square/retrofit/retrofit-converters/wire/src/main/resources
[INFO] 
[INFO] --- maven-compiler-plugin:3.0:compile (default-compile) @ converter-wire ---
[INFO] Changes detected - recompiling the module!
[INFO] Compiling 1 source file to /home/travis/build/square/retrofit/retrofit-converters/wire/target/classes
[INFO] 
[INFO] --- maven-resources-plugin:2.6:testResources (default-testResources) @ converter-wire ---
[INFO] Using 'UTF-8' encoding to copy filtered resources.
[INFO] skip non existing resourceDirectory /home/travis/build/square/retrofit/retrofit-converters/wire/src/test/resources
[INFO] 
[INFO] --- maven-compiler-plugin:3.0:testCompile (default-testCompile) @ converter-wire ---
[INFO] Changes detected - recompiling the module!
[INFO] Compiling 2 source files to /home/travis/build/square/retrofit/retrofit-converters/wire/target/test-classes
[INFO] 
[INFO] --- maven-surefire-plugin:2.12.4:test (default-test) @ converter-wire ---
[INFO] Tests are skipped.
[INFO] 
[INFO] --- maven-jar-plugin:2.4:jar (default-jar) @ converter-wire ---
[INFO] Building jar: /home/travis/build/square/retrofit/retrofit-converters/wire/target/converter-wire-2.0.0-SNAPSHOT.jar
[INFO] 
[INFO] --- maven-checkstyle-plugin:2.15:checkstyle (default) @ converter-wire ---
[INFO] Starting audit...
Audit done.
[WARNING] Unable to locate Source XRef to link to - DISABLED
[INFO] 
[INFO] --- maven-install-plugin:2.4:install (default-install) @ converter-wire ---
[INFO] Installing /home/travis/build/square/retrofit/retrofit-converters/wire/target/converter-wire-2.0.0-SNAPSHOT.jar to /home/travis/.m2/repository/com/squareup/retrofit/converter-wire/2.0.0-SNAPSHOT/converter-wire-2.0.0-SNAPSHOT.jar
[INFO] Installing /home/travis/build/square/retrofit/retrofit-converters/wire/pom.xml to /home/travis/.m2/repository/com/squareup/retrofit/converter-wire/2.0.0-SNAPSHOT/converter-wire-2.0.0-SNAPSHOT.pom
[INFO]                                                                         
[INFO] ------------------------------------------------------------------------
[INFO] Building Converter: SimpleXML 2.0.0-SNAPSHOT
[INFO] ------------------------------------------------------------------------
[INFO] 
[INFO] --- maven-enforcer-plugin:1.0:enforce (enforce-maven) @ converter-simplexml ---
[INFO] 
[INFO] --- maven-resources-plugin:2.6:resources (default-resources) @ converter-simplexml ---
[INFO] Using 'UTF-8' encoding to copy filtered resources.
[INFO] skip non existing resourceDirectory /home/travis/build/square/retrofit/retrofit-converters/simplexml/src/main/resources
[INFO] 
[INFO] --- maven-compiler-plugin:3.0:compile (default-compile) @ converter-simplexml ---
[INFO] Changes detected - recompiling the module!
[INFO] Compiling 1 source file to /home/travis/build/square/retrofit/retrofit-converters/simplexml/target/classes
[INFO] 
[INFO] --- maven-resources-plugin:2.6:testResources (default-testResources) @ converter-simplexml ---
[INFO] Using 'UTF-8' encoding to copy filtered resources.
[INFO] skip non existing resourceDirectory /home/travis/build/square/retrofit/retrofit-converters/simplexml/src/test/resources
[INFO] 
[INFO] --- maven-compiler-plugin:3.0:testCompile (default-testCompile) @ converter-simplexml ---
[INFO] Changes detected - recompiling the module!
[INFO] Compiling 1 source file to /home/travis/build/square/retrofit/retrofit-converters/simplexml/target/test-classes
[INFO] 
[INFO] --- maven-surefire-plugin:2.12.4:test (default-test) @ converter-simplexml ---
[INFO] Tests are skipped.
[INFO] 
[INFO] --- maven-jar-plugin:2.4:jar (default-jar) @ converter-simplexml ---
[INFO] Building jar: /home/travis/build/square/retrofit/retrofit-converters/simplexml/target/converter-simplexml-2.0.0-SNAPSHOT.jar
[INFO] 
[INFO] --- maven-checkstyle-plugin:2.15:checkstyle (default) @ converter-simplexml ---
[INFO] Starting audit...
Audit done.
[WARNING] Unable to locate Source XRef to link to - DISABLED
[INFO] 
[INFO] --- maven-install-plugin:2.4:install (default-install) @ converter-simplexml ---
[INFO] Installing /home/travis/build/square/retrofit/retrofit-converters/simplexml/target/converter-simplexml-2.0.0-SNAPSHOT.jar to /home/travis/.m2/repository/com/squareup/retrofit/converter-simplexml/2.0.0-SNAPSHOT/converter-simplexml-2.0.0-SNAPSHOT.jar
[INFO] Installing /home/travis/build/square/retrofit/retrofit-converters/simplexml/pom.xml to /home/travis/.m2/repository/com/squareup/retrofit/converter-simplexml/2.0.0-SNAPSHOT/converter-simplexml-2.0.0-SNAPSHOT.pom
[INFO]                                                                         
[INFO] ------------------------------------------------------------------------
[INFO] Building Samples 2.0.0-SNAPSHOT
[INFO] ------------------------------------------------------------------------
[INFO] 
[INFO] --- maven-enforcer-plugin:1.0:enforce (enforce-maven) @ samples ---
[INFO] 
[INFO] --- maven-resources-plugin:2.6:resources (default-resources) @ samples ---
[INFO] Using 'UTF-8' encoding to copy filtered resources.
[INFO] skip non existing resourceDirectory /home/travis/build/square/retrofit/samples/src/main/resources
[INFO] 
[INFO] --- maven-compiler-plugin:3.0:compile (default-compile) @ samples ---
[INFO] Changes detected - recompiling the module!
[INFO] Compiling 2 source files to /home/travis/build/square/retrofit/samples/target/classes
[INFO] 
[INFO] --- maven-resources-plugin:2.6:testResources (default-testResources) @ samples ---
[INFO] Using 'UTF-8' encoding to copy filtered resources.
[INFO] skip non existing resourceDirectory /home/travis/build/square/retrofit/samples/src/test/resources
[INFO] 
[INFO] --- maven-compiler-plugin:3.0:testCompile (default-testCompile) @ samples ---
[INFO] No sources to compile
[INFO] 
[INFO] --- maven-surefire-plugin:2.12.4:test (default-test) @ samples ---
[INFO] Tests are skipped.
[INFO] 
[INFO] --- maven-jar-plugin:2.4:jar (default-jar) @ samples ---
[INFO] Building jar: /home/travis/build/square/retrofit/samples/target/samples-2.0.0-SNAPSHOT.jar
[INFO] 
[INFO] --- maven-checkstyle-plugin:2.15:checkstyle (default) @ samples ---
[INFO] Starting audit...
Audit done.
[WARNING] Unable to locate Source XRef to link to - DISABLED
[INFO] 
[INFO] --- maven-install-plugin:2.4:install (default-install) @ samples ---
[INFO] Installing /home/travis/build/square/retrofit/samples/target/samples-2.0.0-SNAPSHOT.jar to /home/travis/.m2/repository/com/squareup/retrofit/samples/2.0.0-SNAPSHOT/samples-2.0.0-SNAPSHOT.jar
[INFO] Installing /home/travis/build/square/retrofit/samples/pom.xml to /home/travis/.m2/repository/com/squareup/retrofit/samples/2.0.0-SNAPSHOT/samples-2.0.0-SNAPSHOT.pom
[INFO] ------------------------------------------------------------------------
[INFO] Reactor Summary:
[INFO] 
[INFO] Retrofit (Parent) .................................. SUCCESS [  1.635 s]
[INFO] Retrofit ........................................... SUCCESS [  5.118 s]
[INFO] Adapters ........................................... SUCCESS [  0.010 s]
[INFO] Adapter: RxJava .................................... SUCCESS [  1.198 s]
[INFO] Converters ......................................... SUCCESS [  0.009 s]
[INFO] Converter: Gson .................................... SUCCESS [  0.670 s]
[INFO] Converter: Protocol Buffers ........................ SUCCESS [  0.861 s]
[INFO] Converter: Jackson ................................. SUCCESS [  0.473 s]
[INFO] Converter: Wire Protocol Buffers ................... SUCCESS [  0.596 s]
[INFO] Converter: SimpleXML ............................... SUCCESS [  0.573 s]
[INFO] Samples ............................................ SUCCESS [  0.731 s]
[INFO] ------------------------------------------------------------------------
[INFO] BUILD SUCCESS
[INFO] ------------------------------------------------------------------------
[INFO] Total time: 12.219 s
[INFO] Finished at: 2015-06-11T16:27:50+00:00
[INFO] Final Memory: 32M/420M
[INFO] ------------------------------------------------------------------------
travis_time:end:2f9dae60:start=1434040056456684298,finish=1434040070589940620,duration=14133256322[0Ktravis_fold:end:install[0Ktravis_time:start:014c1594[0K$ mvn test -B
[INFO] Scanning for projects...
[WARNING] 
[WARNING] Some problems were encountered while building the effective model for com.squareup.retrofit:samples:jar:2.0.0-SNAPSHOT
[WARNING] 'build.plugins.plugin.version' for org.apache.maven.plugins:maven-deploy-plugin is missing. @ com.squareup.retrofit:samples:[unknown-version], /home/travis/build/square/retrofit/samples/pom.xml, line 36, column 15
[WARNING] 
[WARNING] It is highly recommended to fix these problems because they threaten the stability of your build.
[WARNING] 
[WARNING] For this reason, future Maven versions might no longer support building such malformed projects.
[WARNING] 
[INFO] ------------------------------------------------------------------------
[INFO] Reactor Build Order:
[INFO] 
[INFO] Retrofit (Parent)
[INFO] Retrofit
[INFO] Adapters
[INFO] Adapter: RxJava
[INFO] Converters
[INFO] Converter: Gson
[INFO] Converter: Protocol Buffers
[INFO] Converter: Jackson
[INFO] Converter: Wire Protocol Buffers
[INFO] Converter: SimpleXML
[INFO] Samples
[INFO]                                                                         
[INFO] ------------------------------------------------------------------------
[INFO] Building Retrofit (Parent) 2.0.0-SNAPSHOT
[INFO] ------------------------------------------------------------------------
[INFO] 
[INFO] --- maven-enforcer-plugin:1.0:enforce (enforce-maven) @ parent ---
[INFO]                                                                         
[INFO] ------------------------------------------------------------------------
[INFO] Building Retrofit 2.0.0-SNAPSHOT
[INFO] ------------------------------------------------------------------------
[INFO] 
[INFO] --- maven-enforcer-plugin:1.0:enforce (enforce-maven) @ retrofit ---
[INFO] 
[INFO] --- maven-resources-plugin:2.6:resources (default-resources) @ retrofit ---
[INFO] Using 'UTF-8' encoding to copy filtered resources.
[INFO] skip non existing resourceDirectory /home/travis/build/square/retrofit/retrofit/src/main/resources
[INFO] 
[INFO] --- maven-compiler-plugin:3.0:compile (default-compile) @ retrofit ---
[INFO] Changes detected - recompiling the module!
[INFO] Compiling 36 source files to /home/travis/build/square/retrofit/retrofit/target/classes
[WARNING] /home/travis/build/square/retrofit/retrofit/src/main/java/retrofit/Retrofit.java: Some input files use unchecked or unsafe operations.
[WARNING] /home/travis/build/square/retrofit/retrofit/src/main/java/retrofit/Retrofit.java: Recompile with -Xlint:unchecked for details.
[INFO] 
[INFO] --- maven-resources-plugin:2.6:testResources (default-testResources) @ retrofit ---
[INFO] Using 'UTF-8' encoding to copy filtered resources.
[INFO] skip non existing resourceDirectory /home/travis/build/square/retrofit/retrofit/src/test/resources
[INFO] 
[INFO] --- maven-compiler-plugin:3.0:testCompile (default-testCompile) @ retrofit ---
[INFO] Changes detected - recompiling the module!
[INFO] Compiling 7 source files to /home/travis/build/square/retrofit/retrofit/target/test-classes
[WARNING] /home/travis/build/square/retrofit/retrofit/src/test/java/retrofit/DefaultCallAdapterFactoryTest.java: /home/travis/build/square/retrofit/retrofit/src/test/java/retrofit/DefaultCallAdapterFactoryTest.java uses unchecked or unsafe operations.
[WARNING] /home/travis/build/square/retrofit/retrofit/src/test/java/retrofit/DefaultCallAdapterFactoryTest.java: Recompile with -Xlint:unchecked for details.
[INFO] 
[INFO] --- maven-surefire-plugin:2.12.4:test (default-test) @ retrofit ---
[INFO] Surefire report directory: /home/travis/build/square/retrofit/retrofit/target/surefire-reports

-------------------------------------------------------
 T E S T S
-------------------------------------------------------
Running retrofit.MethodInfoTest
Tests run: 4, Failures: 0, Errors: 0, Skipped: 0, Time elapsed: 0.189 sec
Running retrofit.RetrofitTest
Jun 11, 2015 4:27:57 PM com.squareup.okhttp.mockwebserver.MockWebServer$2 execute
INFO: MockWebServer[49125] starting to accept connections
Jun 11, 2015 4:27:57 PM com.squareup.okhttp.mockwebserver.MockWebServer$2 acceptConnections
INFO: MockWebServer[49125] done accepting connections: Socket closed
Jun 11, 2015 4:27:57 PM com.squareup.okhttp.mockwebserver.MockWebServer$2 execute
INFO: MockWebServer[48834] starting to accept connections
Jun 11, 2015 4:27:57 PM com.squareup.okhttp.mockwebserver.MockWebServer$2 acceptConnections
INFO: MockWebServer[48834] done accepting connections: Socket is closed
Jun 11, 2015 4:27:57 PM com.squareup.okhttp.mockwebserver.MockWebServer$2 execute
INFO: MockWebServer[57551] starting to accept connections
Jun 11, 2015 4:27:57 PM com.squareup.okhttp.mockwebserver.MockWebServer$2 acceptConnections
INFO: MockWebServer[57551] done accepting connections: Socket is closed
Jun 11, 2015 4:27:57 PM com.squareup.okhttp.mockwebserver.MockWebServer$2 execute
INFO: MockWebServer[43994] starting to accept connections
Jun 11, 2015 4:27:57 PM com.squareup.okhttp.mockwebserver.MockWebServer$2 acceptConnections
INFO: MockWebServer[43994] done accepting connections: Socket is closed
Jun 11, 2015 4:27:57 PM com.squareup.okhttp.mockwebserver.MockWebServer$2 execute
INFO: MockWebServer[41623] starting to accept connections
Jun 11, 2015 4:27:58 PM com.squareup.okhttp.mockwebserver.MockWebServer$3 processOneRequest
INFO: MockWebServer[41623] received request: GET / HTTP/1.1 and responded: HTTP/1.1 200 OK
Jun 11, 2015 4:27:58 PM com.squareup.okhttp.mockwebserver.MockWebServer$2 acceptConnections
INFO: MockWebServer[41623] done accepting connections: Socket closed
Jun 11, 2015 4:27:58 PM com.squareup.okhttp.mockwebserver.MockWebServer$2 execute
INFO: MockWebServer[42449] starting to accept connections
Jun 11, 2015 4:27:58 PM com.squareup.okhttp.mockwebserver.MockWebServer$2 acceptConnections
INFO: MockWebServer[42449] done accepting connections: Socket is closed
Jun 11, 2015 4:27:58 PM com.squareup.okhttp.mockwebserver.MockWebServer$2 execute
INFO: MockWebServer[52711] starting to accept connections
Jun 11, 2015 4:27:58 PM com.squareup.okhttp.mockwebserver.MockWebServer$2 acceptConnections
INFO: MockWebServer[52711] done accepting connections: Socket is closed
Jun 11, 2015 4:27:58 PM com.squareup.okhttp.mockwebserver.MockWebServer$2 execute
INFO: MockWebServer[50707] starting to accept connections
Jun 11, 2015 4:27:58 PM com.squareup.okhttp.mockwebserver.MockWebServer$2 acceptConnections
INFO: MockWebServer[50707] done accepting connections: Socket closed
Jun 11, 2015 4:27:58 PM com.squareup.okhttp.mockwebserver.MockWebServer$3 processOneRequest
INFO: MockWebServer[50707] received request: POST / HTTP/1.1 and responded: HTTP/1.1 200 OK
Jun 11, 2015 4:27:58 PM com.squareup.okhttp.mockwebserver.MockWebServer$2 execute
INFO: MockWebServer[34484] starting to accept connections
Jun 11, 2015 4:27:58 PM com.squareup.okhttp.mockwebserver.MockWebServer$2 acceptConnections
INFO: MockWebServer[34484] done accepting connections: Socket is closed
Jun 11, 2015 4:27:58 PM com.squareup.okhttp.mockwebserver.MockWebServer$2 execute
INFO: MockWebServer[53651] starting to accept connections
Jun 11, 2015 4:27:58 PM com.squareup.okhttp.mockwebserver.MockWebServer$2 acceptConnections
INFO: MockWebServer[53651] done accepting connections: Socket is closed
Jun 11, 2015 4:27:58 PM com.squareup.okhttp.mockwebserver.MockWebServer$2 execute
INFO: MockWebServer[52789] starting to accept connections
Jun 11, 2015 4:27:58 PM com.squareup.okhttp.mockwebserver.MockWebServer$2 acceptConnections
INFO: MockWebServer[52789] done accepting connections: Socket is closed
Jun 11, 2015 4:27:58 PM com.squareup.okhttp.mockwebserver.MockWebServer$2 execute
INFO: MockWebServer[60401] starting to accept connections
Jun 11, 2015 4:27:58 PM com.squareup.okhttp.mockwebserver.MockWebServer$2 acceptConnections
INFO: MockWebServer[60401] done accepting connections: Socket is closed
Jun 11, 2015 4:27:58 PM com.squareup.okhttp.mockwebserver.MockWebServer$2 execute
INFO: MockWebServer[57364] starting to accept connections
Jun 11, 2015 4:27:58 PM com.squareup.okhttp.mockwebserver.MockWebServer$2 acceptConnections
INFO: MockWebServer[57364] done accepting connections: Socket is closed
Jun 11, 2015 4:27:58 PM com.squareup.okhttp.mockwebserver.MockWebServer$2 execute
INFO: MockWebServer[44456] starting to accept connections
Jun 11, 2015 4:27:58 PM com.squareup.okhttp.mockwebserver.MockWebServer$2 acceptConnections
INFO: MockWebServer[44456] done accepting connections: Socket is closed
Jun 11, 2015 4:27:58 PM com.squareup.okhttp.mockwebserver.MockWebServer$2 execute
INFO: MockWebServer[44665] starting to accept connections
Jun 11, 2015 4:27:58 PM com.squareup.okhttp.mockwebserver.MockWebServer$2 acceptConnections
INFO: MockWebServer[44665] done accepting connections: Socket is closed
Jun 11, 2015 4:27:58 PM com.squareup.okhttp.mockwebserver.MockWebServer$2 execute
INFO: MockWebServer[52522] starting to accept connections
Jun 11, 2015 4:27:58 PM com.squareup.okhttp.mockwebserver.MockWebServer$2 acceptConnections
INFO: MockWebServer[52522] done accepting connections: Socket is closed
Jun 11, 2015 4:27:58 PM com.squareup.okhttp.mockwebserver.MockWebServer$2 execute
INFO: MockWebServer[56472] starting to accept connections
Jun 11, 2015 4:27:58 PM com.squareup.okhttp.mockwebserver.MockWebServer$2 acceptConnections
INFO: MockWebServer[56472] done accepting connections: Socket is closed
Jun 11, 2015 4:27:58 PM com.squareup.okhttp.mockwebserver.MockWebServer$2 execute
INFO: MockWebServer[47015] starting to accept connections
Jun 11, 2015 4:27:58 PM com.squareup.okhttp.mockwebserver.MockWebServer$2 acceptConnections
INFO: MockWebServer[47015] done accepting connections: Socket is closed
Jun 11, 2015 4:27:58 PM com.squareup.okhttp.mockwebserver.MockWebServer$2 execute
INFO: MockWebServer[55196] starting to accept connections
Jun 11, 2015 4:27:58 PM com.squareup.okhttp.mockwebserver.MockWebServer$2 acceptConnections
INFO: MockWebServer[55196] done accepting connections: Socket is closed
Jun 11, 2015 4:27:58 PM com.squareup.okhttp.mockwebserver.MockWebServer$2 execute
INFO: MockWebServer[44743] starting to accept connections
Jun 11, 2015 4:27:58 PM com.squareup.okhttp.mockwebserver.MockWebServer$2 acceptConnections
INFO: MockWebServer[44743] done accepting connections: Socket is closed
Jun 11, 2015 4:27:58 PM com.squareup.okhttp.mockwebserver.MockWebServer$2 execute
INFO: MockWebServer[48074] starting to accept connections
Jun 11, 2015 4:27:58 PM com.squareup.okhttp.mockwebserver.MockWebServer$2 acceptConnections
INFO: MockWebServer[48074] done accepting connections: Socket is closed
Jun 11, 2015 4:27:58 PM com.squareup.okhttp.mockwebserver.MockWebServer$2 execute
INFO: MockWebServer[49305] starting to accept connections
Jun 11, 2015 4:27:58 PM com.squareup.okhttp.mockwebserver.MockWebServer$2 acceptConnections
INFO: MockWebServer[49305] done accepting connections: Socket is closed
Jun 11, 2015 4:27:58 PM com.squareup.okhttp.mockwebserver.MockWebServer$2 execute
INFO: MockWebServer[51958] starting to accept connections
Jun 11, 2015 4:27:58 PM com.squareup.okhttp.mockwebserver.MockWebServer$2 acceptConnections
INFO: MockWebServer[51958] done accepting connections: Socket closed
Jun 11, 2015 4:27:58 PM com.squareup.okhttp.mockwebserver.MockWebServer$2 execute
INFO: MockWebServer[33415] starting to accept connections
Jun 11, 2015 4:27:58 PM com.squareup.okhttp.mockwebserver.MockWebServer$2 acceptConnections
INFO: MockWebServer[33415] done accepting connections: Socket is closed
Jun 11, 2015 4:27:58 PM com.squareup.okhttp.mockwebserver.MockWebServer$2 execute
INFO: MockWebServer[37234] starting to accept connections
Jun 11, 2015 4:27:58 PM com.squareup.okhttp.mockwebserver.MockWebServer$2 acceptConnections
INFO: MockWebServer[37234] done accepting connections: Socket is closed
Jun 11, 2015 4:27:58 PM com.squareup.okhttp.mockwebserver.MockWebServer$2 execute
INFO: MockWebServer[37823] starting to accept connections
Jun 11, 2015 4:27:58 PM com.squareup.okhttp.mockwebserver.MockWebServer$2 acceptConnections
INFO: MockWebServer[37823] done accepting connections: Socket is closed
Tests run: 26, Failures: 0, Errors: 0, Skipped: 0, Time elapsed: 0.936 sec
Running retrofit.RequestBuilderTest
Tests run: 83, Failures: 0, Errors: 0, Skipped: 2, Time elapsed: 0.165 sec
Running retrofit.DefaultCallAdapterFactoryTest
Tests run: 8, Failures: 0, Errors: 0, Skipped: 0, Time elapsed: 0.076 sec
Running retrofit.CallTest
Jun 11, 2015 4:27:58 PM com.squareup.okhttp.mockwebserver.MockWebServer$2 execute
INFO: MockWebServer[51550] starting to accept connections
Jun 11, 2015 4:27:58 PM com.squareup.okhttp.mockwebserver.MockWebServer$3 processOneRequest
INFO: MockWebServer[51550] received request: GET / HTTP/1.1 and responded: HTTP/1.1 404 OK
Jun 11, 2015 4:27:58 PM com.squareup.okhttp.mockwebserver.MockWebServer$2 acceptConnections
INFO: MockWebServer[51550] done accepting connections: Socket closed
Jun 11, 2015 4:27:58 PM com.squareup.okhttp.mockwebserver.MockWebServer$2 execute
INFO: MockWebServer[40974] starting to accept connections
Jun 11, 2015 4:27:58 PM com.squareup.okhttp.mockwebserver.MockWebServer$2 acceptConnections
INFO: MockWebServer[40974] done accepting connections: Socket closed
Jun 11, 2015 4:27:58 PM com.squareup.okhttp.mockwebserver.MockWebServer$2 execute
INFO: MockWebServer[50296] starting to accept connections
Jun 11, 2015 4:27:58 PM com.squareup.okhttp.mockwebserver.MockWebServer$3 processOneRequest
INFO: MockWebServer[50296] received request: GET / HTTP/1.1 and responded: HTTP/1.1 200 OK
Jun 11, 2015 4:27:58 PM com.squareup.okhttp.mockwebserver.MockWebServer$2 acceptConnections
INFO: MockWebServer[50296] done accepting connections: Socket closed
Jun 11, 2015 4:27:58 PM com.squareup.okhttp.mockwebserver.MockWebServer$2 execute
INFO: MockWebServer[43883] starting to accept connections
Jun 11, 2015 4:27:58 PM com.squareup.okhttp.mockwebserver.MockWebServer$2 acceptConnections
INFO: MockWebServer[43883] done accepting connections: Socket is closed
Jun 11, 2015 4:27:58 PM com.squareup.okhttp.mockwebserver.MockWebServer$2 execute
INFO: MockWebServer[39433] starting to accept connections
Jun 11, 2015 4:27:58 PM com.squareup.okhttp.mockwebserver.MockWebServer$3 processOneRequest
INFO: MockWebServer[39433] received request: GET / HTTP/1.1 and responded: HTTP/1.1 404 OK
Jun 11, 2015 4:27:58 PM com.squareup.okhttp.mockwebserver.MockWebServer$2 acceptConnections
INFO: MockWebServer[39433] done accepting connections: Socket closed
Jun 11, 2015 4:27:58 PM com.squareup.okhttp.mockwebserver.MockWebServer$2 execute
INFO: MockWebServer[45524] starting to accept connections
Jun 11, 2015 4:27:58 PM com.squareup.okhttp.mockwebserver.MockWebServer$3 processOneRequest
INFO: MockWebServer[45524] received request: POST / HTTP/1.1 and responded: HTTP/1.1 200 OK
Jun 11, 2015 4:27:58 PM com.squareup.okhttp.mockwebserver.MockWebServer$2 acceptConnections
INFO: MockWebServer[45524] done accepting connections: Socket closed
Jun 11, 2015 4:27:58 PM com.squareup.okhttp.mockwebserver.MockWebServer$2 execute
INFO: MockWebServer[47913] starting to accept connections
Jun 11, 2015 4:27:58 PM com.squareup.okhttp.mockwebserver.MockWebServer$3 processOneRequest
INFO: MockWebServer[47913] received request: GET / HTTP/1.1 and responded: HTTP/1.1 204 Nothin
Jun 11, 2015 4:27:58 PM com.squareup.okhttp.mockwebserver.MockWebServer$2 acceptConnections
INFO: MockWebServer[47913] done accepting connections: Socket closed
Jun 11, 2015 4:27:58 PM com.squareup.okhttp.mockwebserver.MockWebServer$2 execute
INFO: MockWebServer[37210] starting to accept connections
Jun 11, 2015 4:27:58 PM com.squareup.okhttp.mockwebserver.MockWebServer$3 processOneRequest
INFO: MockWebServer[37210] received request: POST / HTTP/1.1 and responded: HTTP/1.1 200 OK
Jun 11, 2015 4:27:58 PM com.squareup.okhttp.mockwebserver.MockWebServer$2 acceptConnections
INFO: MockWebServer[37210] done accepting connections: Socket closed
Jun 11, 2015 4:27:58 PM com.squareup.okhttp.mockwebserver.MockWebServer$2 execute
INFO: MockWebServer[59284] starting to accept connections
Jun 11, 2015 4:27:58 PM com.squareup.okhttp.mockwebserver.MockWebServer$2 acceptConnections
INFO: MockWebServer[59284] done accepting connections: Socket closed
Jun 11, 2015 4:27:58 PM com.squareup.okhttp.mockwebserver.MockWebServer$2 execute
INFO: MockWebServer[38447] starting to accept connections
Jun 11, 2015 4:27:58 PM com.squareup.okhttp.mockwebserver.MockWebServer$3 processOneRequest
INFO: MockWebServer[38447] received request: GET / HTTP/1.1 and responded: HTTP/1.1 205 Nothin
Jun 11, 2015 4:27:58 PM com.squareup.okhttp.mockwebserver.MockWebServer$2 acceptConnections
INFO: MockWebServer[38447] done accepting connections: Socket closed
Jun 11, 2015 4:27:58 PM com.squareup.okhttp.mockwebserver.MockWebServer$2 execute
INFO: MockWebServer[55571] starting to accept connections
Jun 11, 2015 4:27:58 PM com.squareup.okhttp.mockwebserver.MockWebServer$2 acceptConnections
INFO: MockWebServer[55571] done accepting connections: Socket is closed
Jun 11, 2015 4:27:58 PM com.squareup.okhttp.mockwebserver.MockWebServer$2 execute
INFO: MockWebServer[57240] starting to accept connections
Jun 11, 2015 4:27:58 PM com.squareup.okhttp.mockwebserver.MockWebServer$3 processOneRequest
INFO: MockWebServer[57240] received request: GET / HTTP/1.1 and responded: HTTP/1.1 200 OK
Jun 11, 2015 4:27:58 PM com.squareup.okhttp.mockwebserver.MockWebServer$2 acceptConnections
INFO: MockWebServer[57240] done accepting connections: Socket closed
Jun 11, 2015 4:27:58 PM com.squareup.okhttp.mockwebserver.MockWebServer$2 execute
INFO: MockWebServer[52778] starting to accept connections
Jun 11, 2015 4:27:58 PM com.squareup.okhttp.mockwebserver.MockWebServer$2 acceptConnections
INFO: MockWebServer[52778] done accepting connections: Socket closed
Jun 11, 2015 4:27:58 PM com.squareup.okhttp.mockwebserver.MockWebServer$3 processOneRequest
INFO: MockWebServer[52778] received request: GET / HTTP/1.1 and responded: HTTP/1.1 200 OK
Tests run: 13, Failures: 0, Errors: 0, Skipped: 0, Time elapsed: 0.165 sec

Results :

Tests run: 134, Failures: 0, Errors: 0, Skipped: 2

[INFO]                                                                         
[INFO] ------------------------------------------------------------------------
[INFO] Building Adapters 2.0.0-SNAPSHOT
[INFO] ------------------------------------------------------------------------
[INFO] 
[INFO] --- maven-enforcer-plugin:1.0:enforce (enforce-maven) @ retrofit-adapters ---
[INFO]                                                                         
[INFO] ------------------------------------------------------------------------
[INFO] Building Adapter: RxJava 2.0.0-SNAPSHOT
[INFO] ------------------------------------------------------------------------
[INFO] 
[INFO] --- maven-enforcer-plugin:1.0:enforce (enforce-maven) @ adapter-rxjava ---
[INFO] 
[INFO] --- maven-resources-plugin:2.6:resources (default-resources) @ adapter-rxjava ---
[INFO] Using 'UTF-8' encoding to copy filtered resources.
[INFO] skip non existing resourceDirectory /home/travis/build/square/retrofit/retrofit-adapters/rxjava/src/main/resources
[INFO] 
[INFO] --- maven-compiler-plugin:3.0:compile (default-compile) @ adapter-rxjava ---
[INFO] Changes detected - recompiling the module!
[INFO] Compiling 2 source files to /home/travis/build/square/retrofit/retrofit-adapters/rxjava/target/classes
[INFO] 
[INFO] --- maven-resources-plugin:2.6:testResources (default-testResources) @ adapter-rxjava ---
[INFO] Using 'UTF-8' encoding to copy filtered resources.
[INFO] skip non existing resourceDirectory /home/travis/build/square/retrofit/retrofit-adapters/rxjava/src/test/resources
[INFO] 
[INFO] --- maven-compiler-plugin:3.0:testCompile (default-testCompile) @ adapter-rxjava ---
[INFO] Changes detected - recompiling the module!
[INFO] Compiling 2 source files to /home/travis/build/square/retrofit/retrofit-adapters/rxjava/target/test-classes
[INFO] 
[INFO] --- maven-surefire-plugin:2.12.4:test (default-test) @ adapter-rxjava ---
[INFO] Surefire report directory: /home/travis/build/square/retrofit/retrofit-adapters/rxjava/target/surefire-reports

-------------------------------------------------------
 T E S T S
-------------------------------------------------------
Running retrofit.ObservableCallAdapterFactoryTest
Jun 11, 2015 4:27:59 PM com.squareup.okhttp.mockwebserver.MockWebServer$2 execute
INFO: MockWebServer[33575] starting to accept connections
Jun 11, 2015 4:27:59 PM com.squareup.okhttp.mockwebserver.MockWebServer$3 processConnection
WARNING: MockWebServer[33575] connection from /127.0.0.1 didn't make a request
Jun 11, 2015 4:27:59 PM com.squareup.okhttp.mockwebserver.MockWebServer$2 acceptConnections
INFO: MockWebServer[33575] done accepting connections: Socket closed
Jun 11, 2015 4:27:59 PM com.squareup.okhttp.mockwebserver.MockWebServer$2 execute
INFO: MockWebServer[44531] starting to accept connections
Jun 11, 2015 4:27:59 PM com.squareup.okhttp.mockwebserver.MockWebServer$3 processOneRequest
INFO: MockWebServer[44531] received request: GET / HTTP/1.1 and responded: HTTP/1.1 200 OK
Jun 11, 2015 4:27:59 PM com.squareup.okhttp.mockwebserver.MockWebServer$2 acceptConnections
INFO: MockWebServer[44531] done accepting connections: Socket closed
Jun 11, 2015 4:27:59 PM com.squareup.okhttp.mockwebserver.MockWebServer$2 execute
INFO: MockWebServer[56119] starting to accept connections
Jun 11, 2015 4:27:59 PM com.squareup.okhttp.mockwebserver.MockWebServer$3 processOneRequest
INFO: MockWebServer[56119] received request: GET / HTTP/1.1 and responded: HTTP/1.1 404 OK
Jun 11, 2015 4:27:59 PM com.squareup.okhttp.mockwebserver.MockWebServer$2 acceptConnections
INFO: MockWebServer[56119] done accepting connections: Socket closed
Jun 11, 2015 4:27:59 PM com.squareup.okhttp.mockwebserver.MockWebServer$2 execute
INFO: MockWebServer[42553] starting to accept connections
Jun 11, 2015 4:27:59 PM com.squareup.okhttp.mockwebserver.MockWebServer$2 acceptConnections
INFO: MockWebServer[42553] done accepting connections: Socket closed
Jun 11, 2015 4:27:59 PM com.squareup.okhttp.mockwebserver.MockWebServer$2 execute
INFO: MockWebServer[34184] starting to accept connections
Jun 11, 2015 4:27:59 PM com.squareup.okhttp.mockwebserver.MockWebServer$3 processConnection
WARNING: MockWebServer[34184] connection from /127.0.0.1 didn't make a request
Jun 11, 2015 4:27:59 PM com.squareup.okhttp.mockwebserver.MockWebServer$2 acceptConnections
INFO: MockWebServer[34184] done accepting connections: Socket closed
Jun 11, 2015 4:27:59 PM com.squareup.okhttp.mockwebserver.MockWebServer$2 execute
INFO: MockWebServer[51897] starting to accept connections
Jun 11, 2015 4:27:59 PM com.squareup.okhttp.mockwebserver.MockWebServer$3 processOneRequest
INFO: MockWebServer[51897] received request: GET / HTTP/1.1 and responded: HTTP/1.1 200 OK
Jun 11, 2015 4:27:59 PM com.squareup.okhttp.mockwebserver.MockWebServer$2 acceptConnections
INFO: MockWebServer[51897] done accepting connections: Socket closed
Jun 11, 2015 4:27:59 PM com.squareup.okhttp.mockwebserver.MockWebServer$2 execute
INFO: MockWebServer[42367] starting to accept connections
Jun 11, 2015 4:27:59 PM com.squareup.okhttp.mockwebserver.MockWebServer$3 processOneRequest
INFO: MockWebServer[42367] received request: GET / HTTP/1.1 and responded: HTTP/1.1 404 OK
Jun 11, 2015 4:27:59 PM com.squareup.okhttp.mockwebserver.MockWebServer$2 acceptConnections
INFO: MockWebServer[42367] done accepting connections: Socket closed
Jun 11, 2015 4:27:59 PM com.squareup.okhttp.mockwebserver.MockWebServer$2 execute
INFO: MockWebServer[40053] starting to accept connections
Jun 11, 2015 4:27:59 PM com.squareup.okhttp.mockwebserver.MockWebServer$3 processConnection
WARNING: MockWebServer[40053] connection from /127.0.0.1 didn't make a request
Jun 11, 2015 4:27:59 PM com.squareup.okhttp.mockwebserver.MockWebServer$2 acceptConnections
INFO: MockWebServer[40053] done accepting connections: Socket closed
Jun 11, 2015 4:27:59 PM com.squareup.okhttp.mockwebserver.MockWebServer$2 execute
INFO: MockWebServer[44377] starting to accept connections
Jun 11, 2015 4:27:59 PM com.squareup.okhttp.mockwebserver.MockWebServer$2 acceptConnections
INFO: MockWebServer[44377] done accepting connections: Socket is closed
Jun 11, 2015 4:27:59 PM com.squareup.okhttp.mockwebserver.MockWebServer$2 execute
INFO: MockWebServer[35809] starting to accept connections
Jun 11, 2015 4:27:59 PM com.squareup.okhttp.mockwebserver.MockWebServer$2 acceptConnections
INFO: MockWebServer[35809] done accepting connections: Socket closed
Jun 11, 2015 4:27:59 PM com.squareup.okhttp.mockwebserver.MockWebServer$2 execute
INFO: MockWebServer[58549] starting to accept connections
Jun 11, 2015 4:27:59 PM com.squareup.okhttp.mockwebserver.MockWebServer$3 processOneRequest
INFO: MockWebServer[58549] received request: GET / HTTP/1.1 and responded: HTTP/1.1 200 OK
Jun 11, 2015 4:27:59 PM com.squareup.okhttp.mockwebserver.MockWebServer$2 acceptConnections
INFO: MockWebServer[58549] done accepting connections: Socket closed
Jun 11, 2015 4:27:59 PM com.squareup.okhttp.mockwebserver.MockWebServer$2 execute
INFO: MockWebServer[55601] starting to accept connections
Jun 11, 2015 4:27:59 PM com.squareup.okhttp.mockwebserver.MockWebServer$3 processOneRequest
INFO: MockWebServer[55601] received request: GET / HTTP/1.1 and responded: HTTP/1.1 404 OK
Jun 11, 2015 4:27:59 PM com.squareup.okhttp.mockwebserver.MockWebServer$2 acceptConnections
INFO: MockWebServer[55601] done accepting connections: Socket closed
Jun 11, 2015 4:27:59 PM com.squareup.okhttp.mockwebserver.MockWebServer$2 execute
INFO: MockWebServer[33869] starting to accept connections
Jun 11, 2015 4:27:59 PM com.squareup.okhttp.mockwebserver.MockWebServer$2 acceptConnections
INFO: MockWebServer[33869] done accepting connections: Socket is closed
Tests run: 13, Failures: 0, Errors: 0, Skipped: 0, Time elapsed: 0.666 sec
Running retrofit.ResultTest
Tests run: 4, Failures: 0, Errors: 0, Skipped: 0, Time elapsed: 0.001 sec

Results :

Tests run: 17, Failures: 0, Errors: 0, Skipped: 0

[INFO]                                                                         
[INFO] ------------------------------------------------------------------------
[INFO] Building Converters 2.0.0-SNAPSHOT
[INFO] ------------------------------------------------------------------------
[INFO] 
[INFO] --- maven-enforcer-plugin:1.0:enforce (enforce-maven) @ retrofit-converters ---
[INFO]                                                                         
[INFO] ------------------------------------------------------------------------
[INFO] Building Converter: Gson 2.0.0-SNAPSHOT
[INFO] ------------------------------------------------------------------------
[INFO] 
[INFO] --- maven-enforcer-plugin:1.0:enforce (enforce-maven) @ converter-gson ---
[INFO] 
[INFO] --- maven-resources-plugin:2.6:resources (default-resources) @ converter-gson ---
[INFO] Using 'UTF-8' encoding to copy filtered resources.
[INFO] skip non existing resourceDirectory /home/travis/build/square/retrofit/retrofit-converters/gson/src/main/resources
[INFO] 
[INFO] --- maven-compiler-plugin:3.0:compile (default-compile) @ converter-gson ---
[INFO] Changes detected - recompiling the module!
[INFO] Compiling 1 source file to /home/travis/build/square/retrofit/retrofit-converters/gson/target/classes
[INFO] 
[INFO] --- maven-resources-plugin:2.6:testResources (default-testResources) @ converter-gson ---
[INFO] Using 'UTF-8' encoding to copy filtered resources.
[INFO] skip non existing resourceDirectory /home/travis/build/square/retrofit/retrofit-converters/gson/src/test/resources
[INFO] 
[INFO] --- maven-compiler-plugin:3.0:testCompile (default-testCompile) @ converter-gson ---
[INFO] Changes detected - recompiling the module!
[INFO] Compiling 1 source file to /home/travis/build/square/retrofit/retrofit-converters/gson/target/test-classes
[INFO] 
[INFO] --- maven-surefire-plugin:2.12.4:test (default-test) @ converter-gson ---
[INFO] Surefire report directory: /home/travis/build/square/retrofit/retrofit-converters/gson/target/surefire-reports

-------------------------------------------------------
 T E S T S
-------------------------------------------------------
Running retrofit.GsonConverterTest
Tests run: 3, Failures: 0, Errors: 0, Skipped: 0, Time elapsed: 0.202 sec

Results :

Tests run: 3, Failures: 0, Errors: 0, Skipped: 0

[INFO]                                                                         
[INFO] ------------------------------------------------------------------------
[INFO] Building Converter: Protocol Buffers 2.0.0-SNAPSHOT
[INFO] ------------------------------------------------------------------------
[INFO] 
[INFO] --- maven-enforcer-plugin:1.0:enforce (enforce-maven) @ converter-protobuf ---
[INFO] 
[INFO] --- maven-resources-plugin:2.6:resources (default-resources) @ converter-protobuf ---
[INFO] Using 'UTF-8' encoding to copy filtered resources.
[INFO] skip non existing resourceDirectory /home/travis/build/square/retrofit/retrofit-converters/protobuf/src/main/resources
[INFO] 
[INFO] --- maven-compiler-plugin:3.0:compile (default-compile) @ converter-protobuf ---
[INFO] Changes detected - recompiling the module!
[INFO] Compiling 1 source file to /home/travis/build/square/retrofit/retrofit-converters/protobuf/target/classes
[INFO] 
[INFO] --- maven-resources-plugin:2.6:testResources (default-testResources) @ converter-protobuf ---
[INFO] Using 'UTF-8' encoding to copy filtered resources.
[INFO] skip non existing resourceDirectory /home/travis/build/square/retrofit/retrofit-converters/protobuf/src/test/resources
[INFO] 
[INFO] --- maven-compiler-plugin:3.0:testCompile (default-testCompile) @ converter-protobuf ---
[INFO] Changes detected - recompiling the module!
[INFO] Compiling 2 source files to /home/travis/build/square/retrofit/retrofit-converters/protobuf/target/test-classes
[INFO] 
[INFO] --- maven-surefire-plugin:2.12.4:test (default-test) @ converter-protobuf ---
[INFO] Surefire report directory: /home/travis/build/square/retrofit/retrofit-converters/protobuf/target/surefire-reports

-------------------------------------------------------
 T E S T S
-------------------------------------------------------
Running retrofit.ProtoConverterTest
Tests run: 5, Failures: 0, Errors: 0, Skipped: 0, Time elapsed: 0.19 sec

Results :

Tests run: 5, Failures: 0, Errors: 0, Skipped: 0

[INFO]                                                                         
[INFO] ------------------------------------------------------------------------
[INFO] Building Converter: Jackson 2.0.0-SNAPSHOT
[INFO] ------------------------------------------------------------------------
[INFO] 
[INFO] --- maven-enforcer-plugin:1.0:enforce (enforce-maven) @ converter-jackson ---
[INFO] 
[INFO] --- maven-resources-plugin:2.6:resources (default-resources) @ converter-jackson ---
[INFO] Using 'UTF-8' encoding to copy filtered resources.
[INFO] skip non existing resourceDirectory /home/travis/build/square/retrofit/retrofit-converters/jackson/src/main/resources
[INFO] 
[INFO] --- maven-compiler-plugin:3.0:compile (default-compile) @ converter-jackson ---
[INFO] Changes detected - recompiling the module!
[INFO] Compiling 1 source file to /home/travis/build/square/retrofit/retrofit-converters/jackson/target/classes
[INFO] 
[INFO] --- maven-resources-plugin:2.6:testResources (default-testResources) @ converter-jackson ---
[INFO] Using 'UTF-8' encoding to copy filtered resources.
[INFO] skip non existing resourceDirectory /home/travis/build/square/retrofit/retrofit-converters/jackson/src/test/resources
[INFO] 
[INFO] --- maven-compiler-plugin:3.0:testCompile (default-testCompile) @ converter-jackson ---
[INFO] Changes detected - recompiling the module!
[INFO] Compiling 1 source file to /home/travis/build/square/retrofit/retrofit-converters/jackson/target/test-classes
[INFO] 
[INFO] --- maven-surefire-plugin:2.12.4:test (default-test) @ converter-jackson ---
[INFO] Surefire report directory: /home/travis/build/square/retrofit/retrofit-converters/jackson/target/surefire-reports

-------------------------------------------------------
 T E S T S
-------------------------------------------------------
Running retrofit.JacksonConverterTest
Tests run: 4, Failures: 0, Errors: 0, Skipped: 0, Time elapsed: 0.404 sec

Results :

Tests run: 4, Failures: 0, Errors: 0, Skipped: 0

[INFO]                                                                         
[INFO] ------------------------------------------------------------------------
[INFO] Building Converter: Wire Protocol Buffers 2.0.0-SNAPSHOT
[INFO] ------------------------------------------------------------------------
[INFO] 
[INFO] --- maven-enforcer-plugin:1.0:enforce (enforce-maven) @ converter-wire ---
[INFO] 
[INFO] --- maven-resources-plugin:2.6:resources (default-resources) @ converter-wire ---
[INFO] Using 'UTF-8' encoding to copy filtered resources.
[INFO] skip non existing resourceDirectory /home/travis/build/square/retrofit/retrofit-converters/wire/src/main/resources
[INFO] 
[INFO] --- maven-compiler-plugin:3.0:compile (default-compile) @ converter-wire ---
[INFO] Changes detected - recompiling the module!
[INFO] Compiling 1 source file to /home/travis/build/square/retrofit/retrofit-converters/wire/target/classes
[INFO] 
[INFO] --- maven-resources-plugin:2.6:testResources (default-testResources) @ converter-wire ---
[INFO] Using 'UTF-8' encoding to copy filtered resources.
[INFO] skip non existing resourceDirectory /home/travis/build/square/retrofit/retrofit-converters/wire/src/test/resources
[INFO] 
[INFO] --- maven-compiler-plugin:3.0:testCompile (default-testCompile) @ converter-wire ---
[INFO] Changes detected - recompiling the module!
[INFO] Compiling 2 source files to /home/travis/build/square/retrofit/retrofit-converters/wire/target/test-classes
[INFO] 
[INFO] --- maven-surefire-plugin:2.12.4:test (default-test) @ converter-wire ---
[INFO] Surefire report directory: /home/travis/build/square/retrofit/retrofit-converters/wire/target/surefire-reports

-------------------------------------------------------
 T E S T S
-------------------------------------------------------
Running retrofit.WireConverterTest
Tests run: 5, Failures: 0, Errors: 0, Skipped: 0, Time elapsed: 0.131 sec

Results :

Tests run: 5, Failures: 0, Errors: 0, Skipped: 0

[INFO]                                                                         
[INFO] ------------------------------------------------------------------------
[INFO] Building Converter: SimpleXML 2.0.0-SNAPSHOT
[INFO] ------------------------------------------------------------------------
[INFO] 
[INFO] --- maven-enforcer-plugin:1.0:enforce (enforce-maven) @ converter-simplexml ---
[INFO] 
[INFO] --- maven-resources-plugin:2.6:resources (default-resources) @ converter-simplexml ---
[INFO] Using 'UTF-8' encoding to copy filtered resources.
[INFO] skip non existing resourceDirectory /home/travis/build/square/retrofit/retrofit-converters/simplexml/src/main/resources
[INFO] 
[INFO] --- maven-compiler-plugin:3.0:compile (default-compile) @ converter-simplexml ---
[INFO] Changes detected - recompiling the module!
[INFO] Compiling 1 source file to /home/travis/build/square/retrofit/retrofit-converters/simplexml/target/classes
[INFO] 
[INFO] --- maven-resources-plugin:2.6:testResources (default-testResources) @ converter-simplexml ---
[INFO] Using 'UTF-8' encoding to copy filtered resources.
[INFO] skip non existing resourceDirectory /home/travis/build/square/retrofit/retrofit-converters/simplexml/src/test/resources
[INFO] 
[INFO] --- maven-compiler-plugin:3.0:testCompile (default-testCompile) @ converter-simplexml ---
[INFO] Changes detected - recompiling the module!
[INFO] Compiling 1 source file to /home/travis/build/square/retrofit/retrofit-converters/simplexml/target/test-classes
[INFO] 
[INFO] --- maven-surefire-plugin:2.12.4:test (default-test) @ converter-simplexml ---
[INFO] Surefire report directory: /home/travis/build/square/retrofit/retrofit-converters/simplexml/target/surefire-reports

-------------------------------------------------------
 T E S T S
-------------------------------------------------------
Running retrofit.SimpleXmlConverterTest
Tests run: 4, Failures: 0, Errors: 0, Skipped: 0, Time elapsed: 0.266 sec

Results :

Tests run: 4, Failures: 0, Errors: 0, Skipped: 0

[INFO]                                                                         
[INFO] ------------------------------------------------------------------------
[INFO] Building Samples 2.0.0-SNAPSHOT
[INFO] ------------------------------------------------------------------------
[INFO] 
[INFO] --- maven-enforcer-plugin:1.0:enforce (enforce-maven) @ samples ---
[INFO] 
[INFO] --- maven-resources-plugin:2.6:resources (default-resources) @ samples ---
[INFO] Using 'UTF-8' encoding to copy filtered resources.
[INFO] skip non existing resourceDirectory /home/travis/build/square/retrofit/samples/src/main/resources
[INFO] 
[INFO] --- maven-compiler-plugin:3.0:compile (default-compile) @ samples ---
[INFO] Changes detected - recompiling the module!
[INFO] Compiling 2 source files to /home/travis/build/square/retrofit/samples/target/classes
[INFO] 
[INFO] --- maven-resources-plugin:2.6:testResources (default-testResources) @ samples ---
[INFO] Using 'UTF-8' encoding to copy filtered resources.
[INFO] skip non existing resourceDirectory /home/travis/build/square/retrofit/samples/src/test/resources
[INFO] 
[INFO] --- maven-compiler-plugin:3.0:testCompile (default-testCompile) @ samples ---
[INFO] No sources to compile
[INFO] 
[INFO] --- maven-surefire-plugin:2.12.4:test (default-test) @ samples ---
[INFO] No tests to run.
[INFO] ------------------------------------------------------------------------
[INFO] Reactor Summary:
[INFO] 
[INFO] Retrofit (Parent) .................................. SUCCESS [  0.369 s]
[INFO] Retrofit ........................................... SUCCESS [  5.874 s]
[INFO] Adapters ........................................... SUCCESS [  0.004 s]
[INFO] Adapter: RxJava .................................... SUCCESS [  1.197 s]
[INFO] Converters ......................................... SUCCESS [  0.002 s]
[INFO] Converter: Gson .................................... SUCCESS [  0.506 s]
[INFO] Converter: Protocol Buffers ........................ SUCCESS [  0.698 s]
[INFO] Converter: Jackson ................................. SUCCESS [  0.784 s]
[INFO] Converter: Wire Protocol Buffers ................... SUCCESS [  0.457 s]
[INFO] Converter: SimpleXML ............................... SUCCESS [  0.516 s]
[INFO] Samples ............................................ SUCCESS [  0.178 s]
[INFO] ------------------------------------------------------------------------
[INFO] BUILD SUCCESS
[INFO] ------------------------------------------------------------------------
[INFO] Total time: 10.892 s
[INFO] Finished at: 2015-06-11T16:28:03+00:00
[INFO] Final Memory: 22M/465M
[INFO] ------------------------------------------------------------------------
travis_time:end:014c1594:start=1434040070594712122,finish=1434040083378134431,duration=12783422309[0K
[32;1mThe command "mvn test -B" exited with 0.[0m
travis_fold:start:cache.2[0Kstore build cache
travis_time:start:35c12722[0Kchange detected: /home/travis/.m2/repository/com/squareup/retrofit/parent/2.0.0-SNAPSHOT/_remote.repositories
changes detected, packing new archive
uploading archive
travis_time:end:35c12722:start=1434040083384328913,finish=1434040094283214517,duration=10898885604[0Ktravis_fold:end:cache.2[0Ktravis_fold:start:after_success[0Ktravis_time:start:03afab8e[0K$ .buildscript/deploy_snapshot.sh
Skipping snapshot deployment: wrong JDK. Expected 'oraclejdk8' but was 'oraclejdk7'.
travis_time:end:03afab8e:start=1434040094287173248,finish=1434040094291848662,duration=4675414[0Ktravis_fold:end:after_success[0K
Done. Your build exited with 0.
