Using worker: worker-linux-docker-166bcdff.prod.travis-ci.org:travis-linux-7

travis_fold:start:system_info[0K[33;1mBuild system information[0m
Build language: java
[34m[1mBuild image provisioning date and time[0m
Thu Feb  5 15:09:33 UTC 2015
[34m[1mOperating System Details[0m
Distributor ID:	Ubuntu
Description:	Ubuntu 12.04.5 LTS
Release:	12.04
Codename:	precise
[34m[1mLinux Version[0m
3.13.0-29-generic
[34m[1mCookbooks Version[0m
a68419e https://github.com/travis-ci/travis-cookbooks/tree/a68419e
[34m[1mGCC version[0m
gcc (Ubuntu/Linaro 4.6.3-1ubuntu5) 4.6.3
Copyright (C) 2011 Free Software Foundation, Inc.
This is free software; see the source for copying conditions.  There is NO
warranty; not even for MERCHANTABILITY or FITNESS FOR A PARTICULAR PURPOSE.

[34m[1mLLVM version[0m
clang version 3.4 (tags/RELEASE_34/final)
Target: x86_64-unknown-linux-gnu
Thread model: posix
[34m[1mPre-installed Ruby versions[0m
ruby-1.9.3-p551
[34m[1mPre-installed Node.js versions[0m
v0.10.36
[34m[1mPre-installed Go versions[0m
1.4.1
[34m[1mRedis version[0m
redis-server 2.8.19
[34m[1mriak version[0m
2.0.2
[34m[1mMongoDB version[0m
MongoDB 2.4.12
[34m[1mCouchDB version[0m
couchdb 1.6.1
[34m[1mNeo4j version[0m
1.9.4
[34m[1mRabbitMQ Version[0m
3.4.3
[34m[1mElasticSearch version[0m
1.4.0
[34m[1mInstalled Sphinx versions[0m
2.0.10
2.1.9
2.2.6
[34m[1mDefault Sphinx version[0m
2.2.6
[34m[1mInstalled Firefox version[0m
firefox 31.0esr
[34m[1mPhantomJS version[0m
1.9.8
[34m[1mant -version[0m
Apache Ant(TM) version 1.8.2 compiled on December 3 2011
[34m[1mmvn -version[0m
Apache Maven 3.2.5 (12a6b3acb947671f09b81f49094c53f426d8cea1; 2014-12-14T17:29:23+00:00)
Maven home: /usr/local/maven
Java version: 1.7.0_76, vendor: Oracle Corporation
Java home: /usr/lib/jvm/java-7-oracle/jre
Default locale: en_US, platform encoding: ANSI_X3.4-1968
OS name: "linux", version: "3.13.0-29-generic", arch: "amd64", family: "unix"
travis_fold:end:system_info[0K
travis_fold:start:git.checkout[0Ktravis_time:start:0c4031b9[0K$ git clone --depth=50 --branch=jw/converter-integration-tests git://github.com/square/retrofit.git square/retrofit
Cloning into 'square/retrofit'...
remote: Counting objects: 1588, done.[K
remote: Compressing objects:   0% (1/796)   [Kremote: Compressing objects:   1% (8/796)   [Kremote: Compressing objects:   2% (16/796)   [Kremote: Compressing objects:   3% (24/796)   [Kremote: Compressing objects:   4% (32/796)   [Kremote: Compressing objects:   5% (40/796)   [Kremote: Compressing objects:   6% (48/796)   [Kremote: Compressing objects:   7% (56/796)   [Kremote: Compressing objects:   8% (64/796)   [Kremote: Compressing objects:   9% (72/796)   [Kremote: Compressing objects:  10% (80/796)   [Kremote: Compressing objects:  11% (88/796)   [Kremote: Compressing objects:  12% (96/796)   [Kremote: Compressing objects:  13% (104/796)   [Kremote: Compressing objects:  14% (112/796)   [Kremote: Compressing objects:  15% (120/796)   [Kremote: Compressing objects:  16% (128/796)   [Kremote: Compressing objects:  17% (136/796)   [Kremote: Compressing objects:  18% (144/796)   [Kremote: Compressing objects:  19% (152/796)   [Kremote: Compressing objects:  20% (160/796)   [Kremote: Compressing objects:  21% (168/796)   [Kremote: Compressing objects:  22% (176/796)   [Kremote: Compressing objects:  23% (184/796)   [Kremote: Compressing objects:  24% (192/796)   [Kremote: Compressing objects:  25% (199/796)   [Kremote: Compressing objects:  26% (207/796)   [Kremote: Compressing objects:  27% (215/796)   [Kremote: Compressing objects:  28% (223/796)   [Kremote: Compressing objects:  29% (231/796)   [Kremote: Compressing objects:  30% (239/796)   [Kremote: Compressing objects:  31% (247/796)   [Kremote: Compressing objects:  32% (255/796)   [Kremote: Compressing objects:  33% (263/796)   [Kremote: Compressing objects:  34% (271/796)   [Kremote: Compressing objects:  35% (279/796)   [Kremote: Compressing objects:  36% (287/796)   [Kremote: Compressing objects:  37% (295/796)   [Kremote: Compressing objects:  38% (303/796)   [Kremote: Compressing objects:  39% (311/796)   [Kremote: Compressing objects:  40% (319/796)   [Kremote: Compressing objects:  41% (327/796)   [Kremote: Compressing objects:  42% (335/796)   [Kremote: Compressing objects:  43% (343/796)   [Kremote: Compressing objects:  44% (351/796)   [Kremote: Compressing objects:  45% (359/796)   [Kremote: Compressing objects:  46% (367/796)   [Kremote: Compressing objects:  47% (375/796)   [Kremote: Compressing objects:  48% (383/796)   [Kremote: Compressing objects:  49% (391/796)   [Kremote: Compressing objects:  50% (398/796)   [Kremote: Compressing objects:  51% (406/796)   [Kremote: Compressing objects:  52% (414/796)   [Kremote: Compressing objects:  53% (422/796)   [Kremote: Compressing objects:  54% (430/796)   [Kremote: Compressing objects:  55% (438/796)   [Kremote: Compressing objects:  56% (446/796)   [Kremote: Compressing objects:  57% (454/796)   [Kremote: Compressing objects:  58% (462/796)   [Kremote: Compressing objects:  59% (470/796)   [Kremote: Compressing objects:  60% (478/796)   [Kremote: Compressing objects:  61% (486/796)   [Kremote: Compressing objects:  62% (494/796)   [Kremote: Compressing objects:  63% (502/796)   [Kremote: Compressing objects:  64% (510/796)   [Kremote: Compressing objects:  65% (518/796)   [Kremote: Compressing objects:  66% (526/796)   [Kremote: Compressing objects:  67% (534/796)   [Kremote: Compressing objects:  68% (542/796)   [Kremote: Compressing objects:  69% (550/796)   [Kremote: Compressing objects:  70% (558/796)   [Kremote: Compressing objects:  71% (566/796)   [Kremote: Compressing objects:  72% (574/796)   [Kremote: Compressing objects:  73% (582/796)   [Kremote: Compressing objects:  74% (590/796)   [Kremote: Compressing objects:  75% (597/796)   [Kremote: Compressing objects:  76% (605/796)   [Kremote: Compressing objects:  77% (613/796)   [Kremote: Compressing objects:  78% (621/796)   [Kremote: Compressing objects:  79% (629/796)   [Kremote: Compressing objects:  80% (637/796)   [Kremote: Compressing objects:  81% (645/796)   [Kremote: Compressing objects:  82% (653/796)   [Kremote: Compressing objects:  83% (661/796)   [Kremote: Compressing objects:  84% (669/796)   [Kremote: Compressing objects:  85% (677/796)   [Kremote: Compressing objects:  86% (685/796)   [Kremote: Compressing objects:  87% (693/796)   [Kremote: Compressing objects:  88% (701/796)   [Kremote: Compressing objects:  89% (709/796)   [Kremote: Compressing objects:  90% (717/796)   [Kremote: Compressing objects:  91% (725/796)   [Kremote: Compressing objects:  92% (733/796)   [Kremote: Compressing objects:  93% (741/796)   [Kremote: Compressing objects:  94% (749/796)   [Kremote: Compressing objects:  95% (757/796)   [Kremote: Compressing objects:  96% (765/796)   [Kremote: Compressing objects:  97% (773/796)   [Kremote: Compressing objects:  98% (781/796)   [Kremote: Compressing objects:  99% (789/796)   [Kremote: Compressing objects: 100% (796/796)   [Kremote: Compressing objects: 100% (796/796), done.[K
Receiving objects:   0% (1/1588)   Receiving objects:   1% (16/1588)   Receiving objects:   2% (32/1588)   Receiving objects:   3% (48/1588)   Receiving objects:   4% (64/1588)   Receiving objects:   5% (80/1588)   Receiving objects:   6% (96/1588)   Receiving objects:   7% (112/1588)   Receiving objects:   8% (128/1588)   Receiving objects:   9% (143/1588)   Receiving objects:  10% (159/1588)   Receiving objects:  11% (175/1588)   Receiving objects:  12% (191/1588)   Receiving objects:  13% (207/1588)   Receiving objects:  14% (223/1588)   Receiving objects:  15% (239/1588)   Receiving objects:  16% (255/1588)   Receiving objects:  17% (270/1588)   Receiving objects:  18% (286/1588)   Receiving objects:  19% (302/1588)   Receiving objects:  20% (318/1588)   Receiving objects:  21% (334/1588)   Receiving objects:  22% (350/1588)   Receiving objects:  23% (366/1588)   Receiving objects:  24% (382/1588)   Receiving objects:  25% (397/1588)   Receiving objects:  26% (413/1588)   Receiving objects:  27% (429/1588)   Receiving objects:  28% (445/1588)   Receiving objects:  29% (461/1588)   Receiving objects:  30% (477/1588)   Receiving objects:  31% (493/1588)   Receiving objects:  32% (509/1588)   Receiving objects:  33% (525/1588)   Receiving objects:  34% (540/1588)   Receiving objects:  35% (556/1588)   Receiving objects:  36% (572/1588)   Receiving objects:  37% (588/1588)   Receiving objects:  38% (604/1588)   Receiving objects:  39% (620/1588)   Receiving objects:  40% (636/1588)   Receiving objects:  41% (652/1588)   Receiving objects:  42% (667/1588)   Receiving objects:  43% (683/1588)   Receiving objects:  44% (699/1588)   Receiving objects:  45% (715/1588)   Receiving objects:  46% (731/1588)   Receiving objects:  47% (747/1588)   Receiving objects:  48% (763/1588)   Receiving objects:  49% (779/1588)   Receiving objects:  50% (794/1588)   Receiving objects:  51% (810/1588)   Receiving objects:  52% (826/1588)   Receiving objects:  53% (842/1588)   Receiving objects:  54% (858/1588)   Receiving objects:  55% (874/1588)   Receiving objects:  56% (890/1588)   Receiving objects:  57% (906/1588)   Receiving objects:  58% (922/1588)   Receiving objects:  59% (937/1588)   Receiving objects:  60% (953/1588)   Receiving objects:  61% (969/1588)   Receiving objects:  62% (985/1588)   Receiving objects:  63% (1001/1588)   Receiving objects:  64% (1017/1588)   Receiving objects:  65% (1033/1588)   Receiving objects:  66% (1049/1588)   Receiving objects:  67% (1064/1588)   Receiving objects:  68% (1080/1588)   Receiving objects:  69% (1096/1588)   Receiving objects:  70% (1112/1588)   Receiving objects:  71% (1128/1588)   Receiving objects:  72% (1144/1588)   Receiving objects:  73% (1160/1588)   remote: Total 1588 (delta 538), reused 1331 (delta 349), pack-reused 0[K
Receiving objects:  74% (1176/1588)   Receiving objects:  75% (1191/1588)   Receiving objects:  76% (1207/1588)   Receiving objects:  77% (1223/1588)   Receiving objects:  78% (1239/1588)   Receiving objects:  79% (1255/1588)   Receiving objects:  80% (1271/1588)   Receiving objects:  81% (1287/1588)   Receiving objects:  82% (1303/1588)   Receiving objects:  83% (1319/1588)   Receiving objects:  84% (1334/1588)   Receiving objects:  85% (1350/1588)   Receiving objects:  86% (1366/1588)   Receiving objects:  87% (1382/1588)   Receiving objects:  88% (1398/1588)   Receiving objects:  89% (1414/1588)   Receiving objects:  90% (1430/1588)   Receiving objects:  91% (1446/1588)   Receiving objects:  92% (1461/1588)   Receiving objects:  93% (1477/1588)   Receiving objects:  94% (1493/1588)   Receiving objects:  95% (1509/1588)   Receiving objects:  96% (1525/1588)   Receiving objects:  97% (1541/1588)   Receiving objects:  98% (1557/1588)   Receiving objects:  99% (1573/1588)   Receiving objects: 100% (1588/1588)   Receiving objects: 100% (1588/1588), 399.16 KiB | 0 bytes/s, done.
Resolving deltas:   0% (0/538)   Resolving deltas:  12% (68/538)   Resolving deltas:  13% (70/538)   Resolving deltas:  15% (82/538)   Resolving deltas:  16% (89/538)   Resolving deltas:  19% (103/538)   Resolving deltas:  25% (137/538)   Resolving deltas:  27% (150/538)   Resolving deltas:  28% (151/538)   Resolving deltas:  29% (158/538)   Resolving deltas:  30% (162/538)   Resolving deltas:  31% (170/538)   Resolving deltas:  33% (179/538)   Resolving deltas:  34% (183/538)   Resolving deltas:  36% (198/538)   Resolving deltas:  38% (207/538)   Resolving deltas:  39% (214/538)   Resolving deltas:  41% (221/538)   Resolving deltas:  42% (227/538)   Resolving deltas:  43% (233/538)   Resolving deltas:  47% (255/538)   Resolving deltas:  49% (264/538)   Resolving deltas:  50% (271/538)   Resolving deltas:  51% (275/538)   Resolving deltas:  52% (280/538)   Resolving deltas:  53% (288/538)   Resolving deltas:  55% (296/538)   Resolving deltas:  57% (309/538)   Resolving deltas:  59% (319/538)   Resolving deltas:  60% (326/538)   Resolving deltas:  61% (332/538)   Resolving deltas:  62% (338/538)   Resolving deltas:  65% (355/538)   Resolving deltas:  66% (357/538)   Resolving deltas:  67% (361/538)   Resolving deltas:  68% (367/538)   Resolving deltas:  70% (378/538)   Resolving deltas:  71% (387/538)   Resolving deltas:  72% (389/538)   Resolving deltas:  73% (397/538)   Resolving deltas:  74% (400/538)   Resolving deltas:  75% (407/538)   Resolving deltas:  76% (413/538)   Resolving deltas:  77% (419/538)   Resolving deltas:  78% (420/538)   Resolving deltas:  79% (426/538)   Resolving deltas:  80% (432/538)   Resolving deltas:  81% (436/538)   Resolving deltas:  82% (445/538)   Resolving deltas:  83% (448/538)   Resolving deltas:  84% (455/538)   Resolving deltas:  85% (458/538)   Resolving deltas:  87% (470/538)   Resolving deltas:  88% (474/538)   Resolving deltas:  89% (479/538)   Resolving deltas:  90% (487/538)   Resolving deltas:  91% (490/538)   Resolving deltas:  92% (498/538)   Resolving deltas:  93% (501/538)   Resolving deltas:  95% (514/538)   Resolving deltas:  96% (520/538)   Resolving deltas:  97% (523/538)   Resolving deltas:  98% (528/538)   Resolving deltas:  99% (535/538)   Resolving deltas: 100% (538/538)   Resolving deltas: 100% (538/538), done.
Checking connectivity... done.
travis_time:end:0c4031b9:start=1434606688419183472,finish=1434606688652170831,duration=232987359[0K$ cd square/retrofit
$ git checkout -qf a30ac1605b645bdc6f5bc527474c2a2a0f3a9a2b
travis_fold:end:git.checkout[0K
[33;1mThis job is running on container-based infrastructure, which does not allow use of 'sudo', setuid and setguid executables.[0m
[33;1mIf you require sudo, add 'sudo: required' to your .travis.yml[0m
[33;1mSee http://docs.travis-ci.com/user/workers/container-based-infrastructure/ for details.[0m

[33;1mSetting environment variables from .travis.yml[0m
$ export CI_DEPLOY_USERNAME=[secure]
$ export CI_DEPLOY_PASSWORD=[secure]

travis_fold:start:cache.1[0KSetting up build cache
$ export CASHER_DIR=$HOME/.casher
travis_time:start:05ed6982[0K$ Installing caching utilities
travis_time:end:05ed6982:start=1434606690282343698,finish=1434606690374839834,duration=92496136[0Ktravis_time:start:1810ddad[0Kattempting to download cache archive
fetching jwconverter-integration-tests/cache--jdk-oraclejdk8.tbz
found cache
travis_time:end:1810ddad:start=1434606690379731772,finish=1434606691348236274,duration=968504502[0Ktravis_time:start:27400afd[0Kadding /home/travis/.m2 to cache
travis_time:end:27400afd:start=1434606691352141343,finish=1434606695298226819,duration=3946085476[0Ktravis_fold:end:cache.1[0K$ jdk_switcher use oraclejdk8
Switching to Oracle JDK8 (java-8-oracle), JAVA_HOME will be set to /usr/lib/jvm/java-8-oracle
$ java -Xmx32m -version
java version "1.8.0_31"
Java(TM) SE Runtime Environment (build 1.8.0_31-b13)
Java HotSpot(TM) 64-Bit Server VM (build 25.31-b07, mixed mode)
$ javac -J-Xmx32m -version
javac 1.8.0_31
travis_fold:start:install[0Ktravis_time:start:00d60f28[0K$ mvn install -DskipTests=true -Dmaven.javadoc.skip=true -B -V
Java HotSpot(TM) 64-Bit Server VM warning: ignoring option MaxPermSize=192m; support was removed in 8.0
Apache Maven 3.2.5 (12a6b3acb947671f09b81f49094c53f426d8cea1; 2014-12-14T17:29:23+00:00)
Maven home: /usr/local/maven
Java version: 1.8.0_31, vendor: Oracle Corporation
Java home: /usr/lib/jvm/java-8-oracle/jre
Default locale: en_US, platform encoding: UTF-8
OS name: "linux", version: "3.13.0-40-generic", arch: "amd64", family: "unix"
[INFO] Scanning for projects...
[WARNING] 
[WARNING] Some problems were encountered while building the effective model for com.squareup.retrofit:samples:jar:2.0.0-SNAPSHOT
[WARNING] 'build.plugins.plugin.version' for org.apache.maven.plugins:maven-deploy-plugin is missing. @ com.squareup.retrofit:samples:[unknown-version], /home/travis/build/square/retrofit/samples/pom.xml, line 36, column 15
[WARNING] 
[WARNING] It is highly recommended to fix these problems because they threaten the stability of your build.
[WARNING] 
[WARNING] For this reason, future Maven versions might no longer support building such malformed projects.
[WARNING] 
[INFO] ------------------------------------------------------------------------
[INFO] Reactor Build Order:
[INFO] 
[INFO] Retrofit (Parent)
[INFO] Retrofit
[INFO] Adapters
[INFO] Adapter: RxJava
[INFO] Converters
[INFO] Converter: Gson
[INFO] Converter: Protocol Buffers
[INFO] Converter: Jackson
[INFO] Converter: Wire Protocol Buffers
[INFO] Converter: SimpleXML
[INFO] Converter: Moshi
[INFO] Samples
[INFO]                                                                         
[INFO] ------------------------------------------------------------------------
[INFO] Building Retrofit (Parent) 2.0.0-SNAPSHOT
[INFO] ------------------------------------------------------------------------
[INFO] 
[INFO] --- maven-enforcer-plugin:1.0:enforce (enforce-maven) @ parent ---
[INFO] 
[INFO] --- maven-checkstyle-plugin:2.15:checkstyle (default) @ parent ---
[INFO] 
[INFO] --- maven-install-plugin:2.4:install (default-install) @ parent ---
[INFO] Installing /home/travis/build/square/retrofit/pom.xml to /home/travis/.m2/repository/com/squareup/retrofit/parent/2.0.0-SNAPSHOT/parent-2.0.0-SNAPSHOT.pom
[INFO]                                                                         
[INFO] ------------------------------------------------------------------------
[INFO] Building Retrofit 2.0.0-SNAPSHOT
[INFO] ------------------------------------------------------------------------
[INFO] 
[INFO] --- maven-enforcer-plugin:1.0:enforce (enforce-maven) @ retrofit ---
[INFO] 
[INFO] --- maven-resources-plugin:2.6:resources (default-resources) @ retrofit ---
[INFO] Using 'UTF-8' encoding to copy filtered resources.
[INFO] skip non existing resourceDirectory /home/travis/build/square/retrofit/retrofit/src/main/resources
[INFO] 
[INFO] --- maven-compiler-plugin:3.0:compile (default-compile) @ retrofit ---
[INFO] Changes detected - recompiling the module!
[INFO] Compiling 37 source files to /home/travis/build/square/retrofit/retrofit/target/classes
[WARNING] /home/travis/build/square/retrofit/retrofit/src/main/java/retrofit/Retrofit.java: Some input files use unchecked or unsafe operations.
[WARNING] /home/travis/build/square/retrofit/retrofit/src/main/java/retrofit/Retrofit.java: Recompile with -Xlint:unchecked for details.
[INFO] 
[INFO] --- maven-resources-plugin:2.6:testResources (default-testResources) @ retrofit ---
[INFO] Using 'UTF-8' encoding to copy filtered resources.
[INFO] skip non existing resourceDirectory /home/travis/build/square/retrofit/retrofit/src/test/resources
[INFO] 
[INFO] --- maven-compiler-plugin:3.0:testCompile (default-testCompile) @ retrofit ---
[INFO] Changes detected - recompiling the module!
[INFO] Compiling 7 source files to /home/travis/build/square/retrofit/retrofit/target/test-classes
[WARNING] /home/travis/build/square/retrofit/retrofit/src/test/java/retrofit/DefaultCallAdapterFactoryTest.java: /home/travis/build/square/retrofit/retrofit/src/test/java/retrofit/DefaultCallAdapterFactoryTest.java uses unchecked or unsafe operations.
[WARNING] /home/travis/build/square/retrofit/retrofit/src/test/java/retrofit/DefaultCallAdapterFactoryTest.java: Recompile with -Xlint:unchecked for details.
[INFO] 
[INFO] --- maven-surefire-plugin:2.12.4:test (default-test) @ retrofit ---
[INFO] Tests are skipped.
[INFO] 
[INFO] --- maven-jar-plugin:2.4:jar (default-jar) @ retrofit ---
[INFO] Building jar: /home/travis/build/square/retrofit/retrofit/target/retrofit-2.0.0-SNAPSHOT.jar
[INFO] 
[INFO] --- maven-checkstyle-plugin:2.15:checkstyle (default) @ retrofit ---
[INFO] Starting audit...
Audit done.
[WARNING] Unable to locate Source XRef to link to - DISABLED
[INFO] 
[INFO] --- maven-install-plugin:2.4:install (default-install) @ retrofit ---
[INFO] Installing /home/travis/build/square/retrofit/retrofit/target/retrofit-2.0.0-SNAPSHOT.jar to /home/travis/.m2/repository/com/squareup/retrofit/retrofit/2.0.0-SNAPSHOT/retrofit-2.0.0-SNAPSHOT.jar
[INFO] Installing /home/travis/build/square/retrofit/retrofit/pom.xml to /home/travis/.m2/repository/com/squareup/retrofit/retrofit/2.0.0-SNAPSHOT/retrofit-2.0.0-SNAPSHOT.pom
[INFO]                                                                         
[INFO] ------------------------------------------------------------------------
[INFO] Building Adapters 2.0.0-SNAPSHOT
[INFO] ------------------------------------------------------------------------
[INFO] 
[INFO] --- maven-enforcer-plugin:1.0:enforce (enforce-maven) @ retrofit-adapters ---
[INFO] 
[INFO] --- maven-checkstyle-plugin:2.15:checkstyle (default) @ retrofit-adapters ---
[INFO] 
[INFO] --- maven-install-plugin:2.4:install (default-install) @ retrofit-adapters ---
[INFO] Installing /home/travis/build/square/retrofit/retrofit-adapters/pom.xml to /home/travis/.m2/repository/com/squareup/retrofit/retrofit-adapters/2.0.0-SNAPSHOT/retrofit-adapters-2.0.0-SNAPSHOT.pom
[INFO]                                                                         
[INFO] ------------------------------------------------------------------------
[INFO] Building Adapter: RxJava 2.0.0-SNAPSHOT
[INFO] ------------------------------------------------------------------------
[INFO] 
[INFO] --- maven-enforcer-plugin:1.0:enforce (enforce-maven) @ adapter-rxjava ---
[INFO] 
[INFO] --- maven-resources-plugin:2.6:resources (default-resources) @ adapter-rxjava ---
[INFO] Using 'UTF-8' encoding to copy filtered resources.
[INFO] skip non existing resourceDirectory /home/travis/build/square/retrofit/retrofit-adapters/rxjava/src/main/resources
[INFO] 
[INFO] --- maven-compiler-plugin:3.0:compile (default-compile) @ adapter-rxjava ---
[INFO] Changes detected - recompiling the module!
[INFO] Compiling 2 source files to /home/travis/build/square/retrofit/retrofit-adapters/rxjava/target/classes
[INFO] 
[INFO] --- maven-resources-plugin:2.6:testResources (default-testResources) @ adapter-rxjava ---
[INFO] Using 'UTF-8' encoding to copy filtered resources.
[INFO] skip non existing resourceDirectory /home/travis/build/square/retrofit/retrofit-adapters/rxjava/src/test/resources
[INFO] 
[INFO] --- maven-compiler-plugin:3.0:testCompile (default-testCompile) @ adapter-rxjava ---
[INFO] Changes detected - recompiling the module!
[INFO] Compiling 2 source files to /home/travis/build/square/retrofit/retrofit-adapters/rxjava/target/test-classes
[INFO] 
[INFO] --- maven-surefire-plugin:2.12.4:test (default-test) @ adapter-rxjava ---
[INFO] Tests are skipped.
[INFO] 
[INFO] --- maven-jar-plugin:2.4:jar (default-jar) @ adapter-rxjava ---
[INFO] Building jar: /home/travis/build/square/retrofit/retrofit-adapters/rxjava/target/adapter-rxjava-2.0.0-SNAPSHOT.jar
[INFO] 
[INFO] --- maven-checkstyle-plugin:2.15:checkstyle (default) @ adapter-rxjava ---
[INFO] Starting audit...
Audit done.
[WARNING] Unable to locate Source XRef to link to - DISABLED
[INFO] 
[INFO] --- maven-install-plugin:2.4:install (default-install) @ adapter-rxjava ---
[INFO] Installing /home/travis/build/square/retrofit/retrofit-adapters/rxjava/target/adapter-rxjava-2.0.0-SNAPSHOT.jar to /home/travis/.m2/repository/com/squareup/retrofit/adapter-rxjava/2.0.0-SNAPSHOT/adapter-rxjava-2.0.0-SNAPSHOT.jar
[INFO] Installing /home/travis/build/square/retrofit/retrofit-adapters/rxjava/pom.xml to /home/travis/.m2/repository/com/squareup/retrofit/adapter-rxjava/2.0.0-SNAPSHOT/adapter-rxjava-2.0.0-SNAPSHOT.pom
[INFO]                                                                         
[INFO] ------------------------------------------------------------------------
[INFO] Building Converters 2.0.0-SNAPSHOT
[INFO] ------------------------------------------------------------------------
[INFO] 
[INFO] --- maven-enforcer-plugin:1.0:enforce (enforce-maven) @ retrofit-converters ---
[INFO] 
[INFO] --- maven-checkstyle-plugin:2.15:checkstyle (default) @ retrofit-converters ---
[INFO] 
[INFO] --- maven-install-plugin:2.4:install (default-install) @ retrofit-converters ---
[INFO] Installing /home/travis/build/square/retrofit/retrofit-converters/pom.xml to /home/travis/.m2/repository/com/squareup/retrofit/retrofit-converters/2.0.0-SNAPSHOT/retrofit-converters-2.0.0-SNAPSHOT.pom
[INFO]                                                                         
[INFO] ------------------------------------------------------------------------
[INFO] Building Converter: Gson 2.0.0-SNAPSHOT
[INFO] ------------------------------------------------------------------------
[INFO] 
[INFO] --- maven-enforcer-plugin:1.0:enforce (enforce-maven) @ converter-gson ---
[INFO] 
[INFO] --- maven-resources-plugin:2.6:resources (default-resources) @ converter-gson ---
[INFO] Using 'UTF-8' encoding to copy filtered resources.
[INFO] skip non existing resourceDirectory /home/travis/build/square/retrofit/retrofit-converters/gson/src/main/resources
[INFO] 
[INFO] --- maven-compiler-plugin:3.0:compile (default-compile) @ converter-gson ---
[INFO] Changes detected - recompiling the module!
[INFO] Compiling 1 source file to /home/travis/build/square/retrofit/retrofit-converters/gson/target/classes
[INFO] 
[INFO] --- maven-resources-plugin:2.6:testResources (default-testResources) @ converter-gson ---
[INFO] Using 'UTF-8' encoding to copy filtered resources.
[INFO] skip non existing resourceDirectory /home/travis/build/square/retrofit/retrofit-converters/gson/src/test/resources
[INFO] 
[INFO] --- maven-compiler-plugin:3.0:testCompile (default-testCompile) @ converter-gson ---
[INFO] Changes detected - recompiling the module!
[INFO] Compiling 1 source file to /home/travis/build/square/retrofit/retrofit-converters/gson/target/test-classes
[INFO] 
[INFO] --- maven-surefire-plugin:2.12.4:test (default-test) @ converter-gson ---
[INFO] Tests are skipped.
[INFO] 
[INFO] --- maven-jar-plugin:2.4:jar (default-jar) @ converter-gson ---
[INFO] Building jar: /home/travis/build/square/retrofit/retrofit-converters/gson/target/converter-gson-2.0.0-SNAPSHOT.jar
[INFO] 
[INFO] --- maven-checkstyle-plugin:2.15:checkstyle (default) @ converter-gson ---
[INFO] Starting audit...
Audit done.
[WARNING] Unable to locate Source XRef to link to - DISABLED
[INFO] 
[INFO] --- maven-install-plugin:2.4:install (default-install) @ converter-gson ---
[INFO] Installing /home/travis/build/square/retrofit/retrofit-converters/gson/target/converter-gson-2.0.0-SNAPSHOT.jar to /home/travis/.m2/repository/com/squareup/retrofit/converter-gson/2.0.0-SNAPSHOT/converter-gson-2.0.0-SNAPSHOT.jar
[INFO] Installing /home/travis/build/square/retrofit/retrofit-converters/gson/pom.xml to /home/travis/.m2/repository/com/squareup/retrofit/converter-gson/2.0.0-SNAPSHOT/converter-gson-2.0.0-SNAPSHOT.pom
[INFO]                                                                         
[INFO] ------------------------------------------------------------------------
[INFO] Building Converter: Protocol Buffers 2.0.0-SNAPSHOT
[INFO] ------------------------------------------------------------------------
[INFO] 
[INFO] --- maven-enforcer-plugin:1.0:enforce (enforce-maven) @ converter-protobuf ---
[INFO] 
[INFO] --- maven-resources-plugin:2.6:resources (default-resources) @ converter-protobuf ---
[INFO] Using 'UTF-8' encoding to copy filtered resources.
[INFO] skip non existing resourceDirectory /home/travis/build/square/retrofit/retrofit-converters/protobuf/src/main/resources
[INFO] 
[INFO] --- maven-compiler-plugin:3.0:compile (default-compile) @ converter-protobuf ---
[INFO] Changes detected - recompiling the module!
[INFO] Compiling 1 source file to /home/travis/build/square/retrofit/retrofit-converters/protobuf/target/classes
[INFO] 
[INFO] --- maven-resources-plugin:2.6:testResources (default-testResources) @ converter-protobuf ---
[INFO] Using 'UTF-8' encoding to copy filtered resources.
[INFO] skip non existing resourceDirectory /home/travis/build/square/retrofit/retrofit-converters/protobuf/src/test/resources
[INFO] 
[INFO] --- maven-compiler-plugin:3.0:testCompile (default-testCompile) @ converter-protobuf ---
[INFO] Changes detected - recompiling the module!
[INFO] Compiling 2 source files to /home/travis/build/square/retrofit/retrofit-converters/protobuf/target/test-classes
[INFO] 
[INFO] --- maven-surefire-plugin:2.12.4:test (default-test) @ converter-protobuf ---
[INFO] Tests are skipped.
[INFO] 
[INFO] --- maven-jar-plugin:2.4:jar (default-jar) @ converter-protobuf ---
[INFO] Building jar: /home/travis/build/square/retrofit/retrofit-converters/protobuf/target/converter-protobuf-2.0.0-SNAPSHOT.jar
[INFO] 
[INFO] --- maven-checkstyle-plugin:2.15:checkstyle (default) @ converter-protobuf ---
[INFO] Starting audit...
Audit done.
[WARNING] Unable to locate Source XRef to link to - DISABLED
[INFO] 
[INFO] --- maven-install-plugin:2.4:install (default-install) @ converter-protobuf ---
[INFO] Installing /home/travis/build/square/retrofit/retrofit-converters/protobuf/target/converter-protobuf-2.0.0-SNAPSHOT.jar to /home/travis/.m2/repository/com/squareup/retrofit/converter-protobuf/2.0.0-SNAPSHOT/converter-protobuf-2.0.0-SNAPSHOT.jar
[INFO] Installing /home/travis/build/square/retrofit/retrofit-converters/protobuf/pom.xml to /home/travis/.m2/repository/com/squareup/retrofit/converter-protobuf/2.0.0-SNAPSHOT/converter-protobuf-2.0.0-SNAPSHOT.pom
[INFO]                                                                         
[INFO] ------------------------------------------------------------------------
[INFO] Building Converter: Jackson 2.0.0-SNAPSHOT
[INFO] ------------------------------------------------------------------------
[INFO] 
[INFO] --- maven-enforcer-plugin:1.0:enforce (enforce-maven) @ converter-jackson ---
[INFO] 
[INFO] --- maven-resources-plugin:2.6:resources (default-resources) @ converter-jackson ---
[INFO] Using 'UTF-8' encoding to copy filtered resources.
[INFO] skip non existing resourceDirectory /home/travis/build/square/retrofit/retrofit-converters/jackson/src/main/resources
[INFO] 
[INFO] --- maven-compiler-plugin:3.0:compile (default-compile) @ converter-jackson ---
[INFO] Changes detected - recompiling the module!
[INFO] Compiling 1 source file to /home/travis/build/square/retrofit/retrofit-converters/jackson/target/classes
[INFO] 
[INFO] --- maven-resources-plugin:2.6:testResources (default-testResources) @ converter-jackson ---
[INFO] Using 'UTF-8' encoding to copy filtered resources.
[INFO] skip non existing resourceDirectory /home/travis/build/square/retrofit/retrofit-converters/jackson/src/test/resources
[INFO] 
[INFO] --- maven-compiler-plugin:3.0:testCompile (default-testCompile) @ converter-jackson ---
[INFO] Changes detected - recompiling the module!
[INFO] Compiling 1 source file to /home/travis/build/square/retrofit/retrofit-converters/jackson/target/test-classes
[INFO] 
[INFO] --- maven-surefire-plugin:2.12.4:test (default-test) @ converter-jackson ---
[INFO] Tests are skipped.
[INFO] 
[INFO] --- maven-jar-plugin:2.4:jar (default-jar) @ converter-jackson ---
[INFO] Building jar: /home/travis/build/square/retrofit/retrofit-converters/jackson/target/converter-jackson-2.0.0-SNAPSHOT.jar
[INFO] 
[INFO] --- maven-checkstyle-plugin:2.15:checkstyle (default) @ converter-jackson ---
[INFO] Starting audit...
Audit done.
[WARNING] Unable to locate Source XRef to link to - DISABLED
[INFO] 
[INFO] --- maven-install-plugin:2.4:install (default-install) @ converter-jackson ---
[INFO] Installing /home/travis/build/square/retrofit/retrofit-converters/jackson/target/converter-jackson-2.0.0-SNAPSHOT.jar to /home/travis/.m2/repository/com/squareup/retrofit/converter-jackson/2.0.0-SNAPSHOT/converter-jackson-2.0.0-SNAPSHOT.jar
[INFO] Installing /home/travis/build/square/retrofit/retrofit-converters/jackson/pom.xml to /home/travis/.m2/repository/com/squareup/retrofit/converter-jackson/2.0.0-SNAPSHOT/converter-jackson-2.0.0-SNAPSHOT.pom
[INFO]                                                                         
[INFO] ------------------------------------------------------------------------
[INFO] Building Converter: Wire Protocol Buffers 2.0.0-SNAPSHOT
[INFO] ------------------------------------------------------------------------
[INFO] 
[INFO] --- maven-enforcer-plugin:1.0:enforce (enforce-maven) @ converter-wire ---
[INFO] 
[INFO] --- maven-resources-plugin:2.6:resources (default-resources) @ converter-wire ---
[INFO] Using 'UTF-8' encoding to copy filtered resources.
[INFO] skip non existing resourceDirectory /home/travis/build/square/retrofit/retrofit-converters/wire/src/main/resources
[INFO] 
[INFO] --- maven-compiler-plugin:3.0:compile (default-compile) @ converter-wire ---
[INFO] Changes detected - recompiling the module!
[INFO] Compiling 1 source file to /home/travis/build/square/retrofit/retrofit-converters/wire/target/classes
[INFO] 
[INFO] --- maven-resources-plugin:2.6:testResources (default-testResources) @ converter-wire ---
[INFO] Using 'UTF-8' encoding to copy filtered resources.
[INFO] skip non existing resourceDirectory /home/travis/build/square/retrofit/retrofit-converters/wire/src/test/resources
[INFO] 
[INFO] --- maven-compiler-plugin:3.0:testCompile (default-testCompile) @ converter-wire ---
[INFO] Changes detected - recompiling the module!
[INFO] Compiling 2 source files to /home/travis/build/square/retrofit/retrofit-converters/wire/target/test-classes
[INFO] 
[INFO] --- maven-surefire-plugin:2.12.4:test (default-test) @ converter-wire ---
[INFO] Tests are skipped.
[INFO] 
[INFO] --- maven-jar-plugin:2.4:jar (default-jar) @ converter-wire ---
[INFO] Building jar: /home/travis/build/square/retrofit/retrofit-converters/wire/target/converter-wire-2.0.0-SNAPSHOT.jar
[INFO] 
[INFO] --- maven-checkstyle-plugin:2.15:checkstyle (default) @ converter-wire ---
[INFO] Starting audit...
Audit done.
[WARNING] Unable to locate Source XRef to link to - DISABLED
[INFO] 
[INFO] --- maven-install-plugin:2.4:install (default-install) @ converter-wire ---
[INFO] Installing /home/travis/build/square/retrofit/retrofit-converters/wire/target/converter-wire-2.0.0-SNAPSHOT.jar to /home/travis/.m2/repository/com/squareup/retrofit/converter-wire/2.0.0-SNAPSHOT/converter-wire-2.0.0-SNAPSHOT.jar
[INFO] Installing /home/travis/build/square/retrofit/retrofit-converters/wire/pom.xml to /home/travis/.m2/repository/com/squareup/retrofit/converter-wire/2.0.0-SNAPSHOT/converter-wire-2.0.0-SNAPSHOT.pom
[INFO]                                                                         
[INFO] ------------------------------------------------------------------------
[INFO] Building Converter: SimpleXML 2.0.0-SNAPSHOT
[INFO] ------------------------------------------------------------------------
[INFO] 
[INFO] --- maven-enforcer-plugin:1.0:enforce (enforce-maven) @ converter-simplexml ---
[INFO] 
[INFO] --- maven-resources-plugin:2.6:resources (default-resources) @ converter-simplexml ---
[INFO] Using 'UTF-8' encoding to copy filtered resources.
[INFO] skip non existing resourceDirectory /home/travis/build/square/retrofit/retrofit-converters/simplexml/src/main/resources
[INFO] 
[INFO] --- maven-compiler-plugin:3.0:compile (default-compile) @ converter-simplexml ---
[INFO] Changes detected - recompiling the module!
[INFO] Compiling 1 source file to /home/travis/build/square/retrofit/retrofit-converters/simplexml/target/classes
[INFO] 
[INFO] --- maven-resources-plugin:2.6:testResources (default-testResources) @ converter-simplexml ---
[INFO] Using 'UTF-8' encoding to copy filtered resources.
[INFO] skip non existing resourceDirectory /home/travis/build/square/retrofit/retrofit-converters/simplexml/src/test/resources
[INFO] 
[INFO] --- maven-compiler-plugin:3.0:testCompile (default-testCompile) @ converter-simplexml ---
[INFO] Changes detected - recompiling the module!
[INFO] Compiling 2 source files to /home/travis/build/square/retrofit/retrofit-converters/simplexml/target/test-classes
[INFO] 
[INFO] --- maven-surefire-plugin:2.12.4:test (default-test) @ converter-simplexml ---
[INFO] Tests are skipped.
[INFO] 
[INFO] --- maven-jar-plugin:2.4:jar (default-jar) @ converter-simplexml ---
[INFO] Building jar: /home/travis/build/square/retrofit/retrofit-converters/simplexml/target/converter-simplexml-2.0.0-SNAPSHOT.jar
[INFO] 
[INFO] --- maven-checkstyle-plugin:2.15:checkstyle (default) @ converter-simplexml ---
[INFO] Starting audit...
Audit done.
[WARNING] Unable to locate Source XRef to link to - DISABLED
[INFO] 
[INFO] --- maven-install-plugin:2.4:install (default-install) @ converter-simplexml ---
[INFO] Installing /home/travis/build/square/retrofit/retrofit-converters/simplexml/target/converter-simplexml-2.0.0-SNAPSHOT.jar to /home/travis/.m2/repository/com/squareup/retrofit/converter-simplexml/2.0.0-SNAPSHOT/converter-simplexml-2.0.0-SNAPSHOT.jar
[INFO] Installing /home/travis/build/square/retrofit/retrofit-converters/simplexml/pom.xml to /home/travis/.m2/repository/com/squareup/retrofit/converter-simplexml/2.0.0-SNAPSHOT/converter-simplexml-2.0.0-SNAPSHOT.pom
[INFO]                                                                         
[INFO] ------------------------------------------------------------------------
[INFO] Building Converter: Moshi 2.0.0-SNAPSHOT
[INFO] ------------------------------------------------------------------------
[INFO] 
[INFO] --- maven-enforcer-plugin:1.0:enforce (enforce-maven) @ converter-moshi ---
[INFO] 
[INFO] --- maven-resources-plugin:2.6:resources (default-resources) @ converter-moshi ---
[INFO] Using 'UTF-8' encoding to copy filtered resources.
[INFO] skip non existing resourceDirectory /home/travis/build/square/retrofit/retrofit-converters/moshi/src/main/resources
[INFO] 
[INFO] --- maven-compiler-plugin:3.0:compile (default-compile) @ converter-moshi ---
[INFO] Changes detected - recompiling the module!
[INFO] Compiling 1 source file to /home/travis/build/square/retrofit/retrofit-converters/moshi/target/classes
[INFO] 
[INFO] --- maven-resources-plugin:2.6:testResources (default-testResources) @ converter-moshi ---
[INFO] Using 'UTF-8' encoding to copy filtered resources.
[INFO] skip non existing resourceDirectory /home/travis/build/square/retrofit/retrofit-converters/moshi/src/test/resources
[INFO] 
[INFO] --- maven-compiler-plugin:3.0:testCompile (default-testCompile) @ converter-moshi ---
[INFO] Changes detected - recompiling the module!
[INFO] Compiling 1 source file to /home/travis/build/square/retrofit/retrofit-converters/moshi/target/test-classes
[INFO] 
[INFO] --- maven-surefire-plugin:2.12.4:test (default-test) @ converter-moshi ---
[INFO] Tests are skipped.
[INFO] 
[INFO] --- maven-jar-plugin:2.4:jar (default-jar) @ converter-moshi ---
[INFO] Building jar: /home/travis/build/square/retrofit/retrofit-converters/moshi/target/converter-moshi-2.0.0-SNAPSHOT.jar
[INFO] 
[INFO] --- maven-checkstyle-plugin:2.15:checkstyle (default) @ converter-moshi ---
[INFO] Starting audit...
Audit done.
[WARNING] Unable to locate Source XRef to link to - DISABLED
[INFO] 
[INFO] --- maven-install-plugin:2.4:install (default-install) @ converter-moshi ---
[INFO] Installing /home/travis/build/square/retrofit/retrofit-converters/moshi/target/converter-moshi-2.0.0-SNAPSHOT.jar to /home/travis/.m2/repository/com/squareup/retrofit/converter-moshi/2.0.0-SNAPSHOT/converter-moshi-2.0.0-SNAPSHOT.jar
[INFO] Installing /home/travis/build/square/retrofit/retrofit-converters/moshi/pom.xml to /home/travis/.m2/repository/com/squareup/retrofit/converter-moshi/2.0.0-SNAPSHOT/converter-moshi-2.0.0-SNAPSHOT.pom
[INFO]                                                                         
[INFO] ------------------------------------------------------------------------
[INFO] Building Samples 2.0.0-SNAPSHOT
[INFO] ------------------------------------------------------------------------
[INFO] 
[INFO] --- maven-enforcer-plugin:1.0:enforce (enforce-maven) @ samples ---
[INFO] 
[INFO] --- maven-resources-plugin:2.6:resources (default-resources) @ samples ---
[INFO] Using 'UTF-8' encoding to copy filtered resources.
[INFO] skip non existing resourceDirectory /home/travis/build/square/retrofit/samples/src/main/resources
[INFO] 
[INFO] --- maven-compiler-plugin:3.0:compile (default-compile) @ samples ---
[INFO] Changes detected - recompiling the module!
[INFO] Compiling 2 source files to /home/travis/build/square/retrofit/samples/target/classes
[INFO] 
[INFO] --- maven-resources-plugin:2.6:testResources (default-testResources) @ samples ---
[INFO] Using 'UTF-8' encoding to copy filtered resources.
[INFO] skip non existing resourceDirectory /home/travis/build/square/retrofit/samples/src/test/resources
[INFO] 
[INFO] --- maven-compiler-plugin:3.0:testCompile (default-testCompile) @ samples ---
[INFO] No sources to compile
[INFO] 
[INFO] --- maven-surefire-plugin:2.12.4:test (default-test) @ samples ---
[INFO] Tests are skipped.
[INFO] 
[INFO] --- maven-jar-plugin:2.4:jar (default-jar) @ samples ---
[INFO] Building jar: /home/travis/build/square/retrofit/samples/target/samples-2.0.0-SNAPSHOT.jar
[INFO] 
[INFO] --- maven-checkstyle-plugin:2.15:checkstyle (default) @ samples ---
[INFO] Starting audit...
Audit done.
[WARNING] Unable to locate Source XRef to link to - DISABLED
[INFO] 
[INFO] --- maven-install-plugin:2.4:install (default-install) @ samples ---
[INFO] Installing /home/travis/build/square/retrofit/samples/target/samples-2.0.0-SNAPSHOT.jar to /home/travis/.m2/repository/com/squareup/retrofit/samples/2.0.0-SNAPSHOT/samples-2.0.0-SNAPSHOT.jar
[INFO] Installing /home/travis/build/square/retrofit/samples/pom.xml to /home/travis/.m2/repository/com/squareup/retrofit/samples/2.0.0-SNAPSHOT/samples-2.0.0-SNAPSHOT.pom
[INFO] ------------------------------------------------------------------------
[INFO] Reactor Summary:
[INFO] 
[INFO] Retrofit (Parent) .................................. SUCCESS [  3.614 s]
[INFO] Retrofit ........................................... SUCCESS [ 16.919 s]
[INFO] Adapters ........................................... SUCCESS [  0.067 s]
[INFO] Adapter: RxJava .................................... SUCCESS [  1.731 s]
[INFO] Converters ......................................... SUCCESS [  0.048 s]
[INFO] Converter: Gson .................................... SUCCESS [  1.588 s]
[INFO] Converter: Protocol Buffers ........................ SUCCESS [  1.660 s]
[INFO] Converter: Jackson ................................. SUCCESS [  1.904 s]
[INFO] Converter: Wire Protocol Buffers ................... SUCCESS [  1.282 s]
[INFO] Converter: SimpleXML ............................... SUCCESS [  1.417 s]
[INFO] Converter: Moshi ................................... SUCCESS [  1.343 s]
[INFO] Samples ............................................ SUCCESS [  0.942 s]
[INFO] ------------------------------------------------------------------------
[INFO] BUILD SUCCESS
[INFO] ------------------------------------------------------------------------
[INFO] Total time: 33.211 s
[INFO] Finished at: 2015-06-18T05:52:11+00:00
[INFO] Final Memory: 35M/324M
[INFO] ------------------------------------------------------------------------
travis_time:end:00d60f28:start=1434606695752223477,finish=1434606732572768891,duration=36820545414[0Ktravis_fold:end:install[0Ktravis_time:start:0052cf56[0K$ mvn test -B
Java HotSpot(TM) 64-Bit Server VM warning: ignoring option MaxPermSize=192m; support was removed in 8.0
[INFO] Scanning for projects...
[WARNING] 
[WARNING] Some problems were encountered while building the effective model for com.squareup.retrofit:samples:jar:2.0.0-SNAPSHOT
[WARNING] 'build.plugins.plugin.version' for org.apache.maven.plugins:maven-deploy-plugin is missing. @ com.squareup.retrofit:samples:[unknown-version], /home/travis/build/square/retrofit/samples/pom.xml, line 36, column 15
[WARNING] 
[WARNING] It is highly recommended to fix these problems because they threaten the stability of your build.
[WARNING] 
[WARNING] For this reason, future Maven versions might no longer support building such malformed projects.
[WARNING] 
[INFO] ------------------------------------------------------------------------
[INFO] Reactor Build Order:
[INFO] 
[INFO] Retrofit (Parent)
[INFO] Retrofit
[INFO] Adapters
[INFO] Adapter: RxJava
[INFO] Converters
[INFO] Converter: Gson
[INFO] Converter: Protocol Buffers
[INFO] Converter: Jackson
[INFO] Converter: Wire Protocol Buffers
[INFO] Converter: SimpleXML
[INFO] Converter: Moshi
[INFO] Samples
[INFO]                                                                         
[INFO] ------------------------------------------------------------------------
[INFO] Building Retrofit (Parent) 2.0.0-SNAPSHOT
[INFO] ------------------------------------------------------------------------
[INFO] 
[INFO] --- maven-enforcer-plugin:1.0:enforce (enforce-maven) @ parent ---
[INFO]                                                                         
[INFO] ------------------------------------------------------------------------
[INFO] Building Retrofit 2.0.0-SNAPSHOT
[INFO] ------------------------------------------------------------------------
[INFO] 
[INFO] --- maven-enforcer-plugin:1.0:enforce (enforce-maven) @ retrofit ---
[INFO] 
[INFO] --- maven-resources-plugin:2.6:resources (default-resources) @ retrofit ---
[INFO] Using 'UTF-8' encoding to copy filtered resources.
[INFO] skip non existing resourceDirectory /home/travis/build/square/retrofit/retrofit/src/main/resources
[INFO] 
[INFO] --- maven-compiler-plugin:3.0:compile (default-compile) @ retrofit ---
[INFO] Changes detected - recompiling the module!
[INFO] Compiling 37 source files to /home/travis/build/square/retrofit/retrofit/target/classes
[WARNING] /home/travis/build/square/retrofit/retrofit/src/main/java/retrofit/Retrofit.java: Some input files use unchecked or unsafe operations.
[WARNING] /home/travis/build/square/retrofit/retrofit/src/main/java/retrofit/Retrofit.java: Recompile with -Xlint:unchecked for details.
[INFO] 
[INFO] --- maven-resources-plugin:2.6:testResources (default-testResources) @ retrofit ---
[INFO] Using 'UTF-8' encoding to copy filtered resources.
[INFO] skip non existing resourceDirectory /home/travis/build/square/retrofit/retrofit/src/test/resources
[INFO] 
[INFO] --- maven-compiler-plugin:3.0:testCompile (default-testCompile) @ retrofit ---
[INFO] Changes detected - recompiling the module!
[INFO] Compiling 7 source files to /home/travis/build/square/retrofit/retrofit/target/test-classes
[WARNING] /home/travis/build/square/retrofit/retrofit/src/test/java/retrofit/DefaultCallAdapterFactoryTest.java: /home/travis/build/square/retrofit/retrofit/src/test/java/retrofit/DefaultCallAdapterFactoryTest.java uses unchecked or unsafe operations.
[WARNING] /home/travis/build/square/retrofit/retrofit/src/test/java/retrofit/DefaultCallAdapterFactoryTest.java: Recompile with -Xlint:unchecked for details.
[INFO] 
[INFO] --- maven-surefire-plugin:2.12.4:test (default-test) @ retrofit ---
[INFO] Surefire report directory: /home/travis/build/square/retrofit/retrofit/target/surefire-reports

-------------------------------------------------------
 T E S T S
-------------------------------------------------------
Running retrofit.MethodInfoTest
Tests run: 4, Failures: 0, Errors: 0, Skipped: 0, Time elapsed: 0.262 sec
Running retrofit.RequestBuilderTest
Tests run: 83, Failures: 0, Errors: 0, Skipped: 2, Time elapsed: 0.4 sec
Running retrofit.CallTest
Jun 18, 2015 5:52:24 AM com.squareup.okhttp.mockwebserver.MockWebServer$2 execute
INFO: MockWebServer[55718] starting to accept connections
Jun 18, 2015 5:52:26 AM com.squareup.okhttp.mockwebserver.MockWebServer$2 acceptConnections
INFO: MockWebServer[55718] done accepting connections: Socket closed
Jun 18, 2015 5:52:26 AM com.squareup.okhttp.mockwebserver.MockWebServer$3 processOneRequest
INFO: MockWebServer[55718] received request: GET / HTTP/1.1 and responded: HTTP/1.1 200 OK
Jun 18, 2015 5:52:26 AM com.squareup.okhttp.mockwebserver.MockWebServer$2 execute
INFO: MockWebServer[44191] starting to accept connections
Jun 18, 2015 5:52:26 AM com.squareup.okhttp.mockwebserver.MockWebServer$2 acceptConnections
INFO: MockWebServer[44191] done accepting connections: Socket closed
Jun 18, 2015 5:52:26 AM com.squareup.okhttp.mockwebserver.MockWebServer$3 processOneRequest
INFO: MockWebServer[44191] received request: GET / HTTP/1.1 and responded: HTTP/1.1 404 OK
Jun 18, 2015 5:52:26 AM com.squareup.okhttp.mockwebserver.MockWebServer$2 execute
INFO: MockWebServer[52158] starting to accept connections
Jun 18, 2015 5:52:26 AM com.squareup.okhttp.mockwebserver.MockWebServer$2 acceptConnections
INFO: MockWebServer[52158] done accepting connections: Socket closed
Jun 18, 2015 5:52:26 AM com.squareup.okhttp.mockwebserver.MockWebServer$2 execute
INFO: MockWebServer[50719] starting to accept connections
Jun 18, 2015 5:52:26 AM com.squareup.okhttp.mockwebserver.MockWebServer$2 acceptConnections
INFO: MockWebServer[50719] done accepting connections: Socket closed
Jun 18, 2015 5:52:26 AM com.squareup.okhttp.mockwebserver.MockWebServer$3 processOneRequest
INFO: MockWebServer[50719] received request: GET / HTTP/1.1 and responded: HTTP/1.1 200 OK
Jun 18, 2015 5:52:26 AM com.squareup.okhttp.mockwebserver.MockWebServer$2 execute
INFO: MockWebServer[47104] starting to accept connections
Jun 18, 2015 5:52:26 AM com.squareup.okhttp.mockwebserver.MockWebServer$2 acceptConnections
INFO: MockWebServer[47104] done accepting connections: Socket is closed
Jun 18, 2015 5:52:26 AM com.squareup.okhttp.mockwebserver.MockWebServer$2 execute
INFO: MockWebServer[33522] starting to accept connections
Jun 18, 2015 5:52:26 AM com.squareup.okhttp.mockwebserver.MockWebServer$2 acceptConnections
INFO: MockWebServer[33522] done accepting connections: Socket closed
Jun 18, 2015 5:52:26 AM com.squareup.okhttp.mockwebserver.MockWebServer$3 processOneRequest
INFO: MockWebServer[33522] received request: GET / HTTP/1.1 and responded: HTTP/1.1 404 OK
Jun 18, 2015 5:52:26 AM com.squareup.okhttp.mockwebserver.MockWebServer$2 execute
INFO: MockWebServer[46282] starting to accept connections
Jun 18, 2015 5:52:26 AM com.squareup.okhttp.mockwebserver.MockWebServer$2 acceptConnections
INFO: MockWebServer[46282] done accepting connections: Socket closed
Jun 18, 2015 5:52:26 AM com.squareup.okhttp.mockwebserver.MockWebServer$3 processOneRequest
INFO: MockWebServer[46282] received request: POST / HTTP/1.1 and responded: HTTP/1.1 200 OK
Jun 18, 2015 5:52:26 AM com.squareup.okhttp.mockwebserver.MockWebServer$2 execute
INFO: MockWebServer[54209] starting to accept connections
Jun 18, 2015 5:52:26 AM com.squareup.okhttp.mockwebserver.MockWebServer$2 acceptConnections
INFO: MockWebServer[54209] done accepting connections: Socket closed
Jun 18, 2015 5:52:26 AM com.squareup.okhttp.mockwebserver.MockWebServer$3 processOneRequest
INFO: MockWebServer[54209] received request: GET / HTTP/1.1 and responded: HTTP/1.1 204 Nothin
Jun 18, 2015 5:52:26 AM com.squareup.okhttp.mockwebserver.MockWebServer$2 execute
INFO: MockWebServer[57740] starting to accept connections
Jun 18, 2015 5:52:26 AM com.squareup.okhttp.mockwebserver.MockWebServer$2 acceptConnections
INFO: MockWebServer[57740] done accepting connections: Socket closed
Jun 18, 2015 5:52:26 AM com.squareup.okhttp.mockwebserver.MockWebServer$3 processOneRequest
INFO: MockWebServer[57740] received request: GET / HTTP/1.1 and responded: HTTP/1.1 200 OK
Jun 18, 2015 5:52:26 AM com.squareup.okhttp.mockwebserver.MockWebServer$2 execute
INFO: MockWebServer[38183] starting to accept connections
Jun 18, 2015 5:52:28 AM com.squareup.okhttp.mockwebserver.MockWebServer$2 acceptConnections
INFO: MockWebServer[38183] done accepting connections: Socket closed
Jun 18, 2015 5:52:28 AM com.squareup.okhttp.mockwebserver.MockWebServer$3 processOneRequest
INFO: MockWebServer[38183] received request: GET / HTTP/1.1 and responded: HTTP/1.1 200 OK
Jun 18, 2015 5:52:28 AM com.squareup.okhttp.mockwebserver.MockWebServer$2 execute
INFO: MockWebServer[32825] starting to accept connections
Jun 18, 2015 5:52:28 AM com.squareup.okhttp.mockwebserver.MockWebServer$2 acceptConnections
INFO: MockWebServer[32825] done accepting connections: Socket closed
Jun 18, 2015 5:52:28 AM com.squareup.okhttp.mockwebserver.MockWebServer$3 processOneRequest
INFO: MockWebServer[32825] received request: POST / HTTP/1.1 and responded: HTTP/1.1 200 OK
Jun 18, 2015 5:52:28 AM com.squareup.okhttp.mockwebserver.MockWebServer$2 execute
INFO: MockWebServer[52735] starting to accept connections
Jun 18, 2015 5:52:28 AM com.squareup.okhttp.mockwebserver.MockWebServer$2 acceptConnections
INFO: MockWebServer[52735] done accepting connections: Socket is closed
Jun 18, 2015 5:52:28 AM com.squareup.okhttp.mockwebserver.MockWebServer$2 execute
INFO: MockWebServer[58106] starting to accept connections
Jun 18, 2015 5:52:28 AM com.squareup.okhttp.mockwebserver.MockWebServer$2 acceptConnections
INFO: MockWebServer[58106] done accepting connections: Socket closed
Jun 18, 2015 5:52:28 AM com.squareup.okhttp.mockwebserver.MockWebServer$3 processOneRequest
INFO: MockWebServer[58106] received request: GET / HTTP/1.1 and responded: HTTP/1.1 200 OK
Jun 18, 2015 5:52:28 AM com.squareup.okhttp.mockwebserver.MockWebServer$2 execute
INFO: MockWebServer[35797] starting to accept connections
Jun 18, 2015 5:52:28 AM com.squareup.okhttp.mockwebserver.MockWebServer$2 acceptConnections
INFO: MockWebServer[35797] done accepting connections: Socket closed
Jun 18, 2015 5:52:28 AM com.squareup.okhttp.mockwebserver.MockWebServer$3 processOneRequest
INFO: MockWebServer[35797] received request: GET / HTTP/1.1 and responded: HTTP/1.1 200 OK
Jun 18, 2015 5:52:28 AM com.squareup.okhttp.mockwebserver.MockWebServer$2 execute
INFO: MockWebServer[48304] starting to accept connections
Jun 18, 2015 5:52:28 AM com.squareup.okhttp.mockwebserver.MockWebServer$2 acceptConnections
INFO: MockWebServer[48304] done accepting connections: Socket closed
Jun 18, 2015 5:52:28 AM com.squareup.okhttp.mockwebserver.MockWebServer$3 processOneRequest
INFO: MockWebServer[48304] received request: GET / HTTP/1.1 and responded: HTTP/1.1 205 Nothin
Jun 18, 2015 5:52:28 AM com.squareup.okhttp.mockwebserver.MockWebServer$2 execute
INFO: MockWebServer[43758] starting to accept connections
Jun 18, 2015 5:52:28 AM com.squareup.okhttp.mockwebserver.MockWebServer$2 acceptConnections
INFO: MockWebServer[43758] done accepting connections: Socket closed
Jun 18, 2015 5:52:28 AM com.squareup.okhttp.mockwebserver.MockWebServer$3 processOneRequest
INFO: MockWebServer[43758] received request: GET / HTTP/1.1 and responded: HTTP/1.1 200 OK
Jun 18, 2015 5:52:28 AM com.squareup.okhttp.mockwebserver.MockWebServer$2 execute
INFO: MockWebServer[38902] starting to accept connections
Jun 18, 2015 5:52:28 AM com.squareup.okhttp.mockwebserver.MockWebServer$2 acceptConnections
INFO: MockWebServer[38902] done accepting connections: Socket is closed
Jun 18, 2015 5:52:28 AM com.squareup.okhttp.mockwebserver.MockWebServer$2 execute
INFO: MockWebServer[34149] starting to accept connections
Jun 18, 2015 5:52:28 AM com.squareup.okhttp.mockwebserver.MockWebServer$2 acceptConnections
INFO: MockWebServer[34149] done accepting connections: Socket closed
Jun 18, 2015 5:52:28 AM com.squareup.okhttp.mockwebserver.MockWebServer$3 processOneRequest
INFO: MockWebServer[34149] received request: GET / HTTP/1.1 and responded: HTTP/1.1 200 OK
Jun 18, 2015 5:52:28 AM com.squareup.okhttp.mockwebserver.MockWebServer$2 execute
INFO: MockWebServer[55649] starting to accept connections
Jun 18, 2015 5:52:28 AM com.squareup.okhttp.mockwebserver.MockWebServer$3 processOneRequest
INFO: MockWebServer[55649] received request: GET / HTTP/1.1 and responded: HTTP/1.1 200 OK
Jun 18, 2015 5:52:28 AM com.squareup.okhttp.mockwebserver.MockWebServer$2 acceptConnections
INFO: MockWebServer[55649] done accepting connections: Socket closed
Tests run: 19, Failures: 0, Errors: 0, Skipped: 0, Time elapsed: 4.835 sec
Running retrofit.RetrofitTest
Jun 18, 2015 5:52:29 AM com.squareup.okhttp.mockwebserver.MockWebServer$2 execute
INFO: MockWebServer[40378] starting to accept connections
Jun 18, 2015 5:52:29 AM com.squareup.okhttp.mockwebserver.MockWebServer$2 acceptConnections
INFO: MockWebServer[40378] done accepting connections: Socket is closed
Jun 18, 2015 5:52:29 AM com.squareup.okhttp.mockwebserver.MockWebServer$2 execute
INFO: MockWebServer[48910] starting to accept connections
Jun 18, 2015 5:52:29 AM com.squareup.okhttp.mockwebserver.MockWebServer$2 acceptConnections
INFO: MockWebServer[48910] done accepting connections: Socket is closed
Jun 18, 2015 5:52:29 AM com.squareup.okhttp.mockwebserver.MockWebServer$2 execute
INFO: MockWebServer[42610] starting to accept connections
Jun 18, 2015 5:52:29 AM com.squareup.okhttp.mockwebserver.MockWebServer$2 acceptConnections
INFO: MockWebServer[42610] done accepting connections: Socket is closed
Jun 18, 2015 5:52:29 AM com.squareup.okhttp.mockwebserver.MockWebServer$2 execute
INFO: MockWebServer[58216] starting to accept connections
Jun 18, 2015 5:52:29 AM com.squareup.okhttp.mockwebserver.MockWebServer$2 acceptConnections
INFO: MockWebServer[58216] done accepting connections: Socket is closed
Jun 18, 2015 5:52:29 AM com.squareup.okhttp.mockwebserver.MockWebServer$2 execute
INFO: MockWebServer[51634] starting to accept connections
Jun 18, 2015 5:52:29 AM com.squareup.okhttp.mockwebserver.MockWebServer$3 processOneRequest
INFO: MockWebServer[51634] received request: GET / HTTP/1.1 and responded: HTTP/1.1 200 OK
Jun 18, 2015 5:52:29 AM com.squareup.okhttp.mockwebserver.MockWebServer$2 acceptConnections
INFO: MockWebServer[51634] done accepting connections: Socket closed
Jun 18, 2015 5:52:29 AM com.squareup.okhttp.mockwebserver.MockWebServer$2 execute
INFO: MockWebServer[50645] starting to accept connections
Jun 18, 2015 5:52:29 AM com.squareup.okhttp.mockwebserver.MockWebServer$2 acceptConnections
INFO: MockWebServer[50645] done accepting connections: Socket is closed
Jun 18, 2015 5:52:29 AM com.squareup.okhttp.mockwebserver.MockWebServer$2 execute
INFO: MockWebServer[36678] starting to accept connections
Jun 18, 2015 5:52:29 AM com.squareup.okhttp.mockwebserver.MockWebServer$2 acceptConnections
INFO: MockWebServer[36678] done accepting connections: Socket is closed
Jun 18, 2015 5:52:29 AM com.squareup.okhttp.mockwebserver.MockWebServer$2 execute
INFO: MockWebServer[47590] starting to accept connections
Jun 18, 2015 5:52:29 AM com.squareup.okhttp.mockwebserver.MockWebServer$2 acceptConnections
INFO: MockWebServer[47590] done accepting connections: Socket closed
Jun 18, 2015 5:52:29 AM com.squareup.okhttp.mockwebserver.MockWebServer$3 processOneRequest
INFO: MockWebServer[47590] received request: POST / HTTP/1.1 and responded: HTTP/1.1 200 OK
Jun 18, 2015 5:52:29 AM com.squareup.okhttp.mockwebserver.MockWebServer$2 execute
INFO: MockWebServer[36229] starting to accept connections
Jun 18, 2015 5:52:29 AM com.squareup.okhttp.mockwebserver.MockWebServer$2 acceptConnections
INFO: MockWebServer[36229] done accepting connections: Socket is closed
Jun 18, 2015 5:52:29 AM com.squareup.okhttp.mockwebserver.MockWebServer$2 execute
INFO: MockWebServer[35934] starting to accept connections
Jun 18, 2015 5:52:29 AM com.squareup.okhttp.mockwebserver.MockWebServer$2 acceptConnections
INFO: MockWebServer[35934] done accepting connections: Socket is closed
Jun 18, 2015 5:52:29 AM com.squareup.okhttp.mockwebserver.MockWebServer$2 execute
INFO: MockWebServer[58192] starting to accept connections
Jun 18, 2015 5:52:29 AM com.squareup.okhttp.mockwebserver.MockWebServer$2 acceptConnections
INFO: MockWebServer[58192] done accepting connections: Socket closed
Jun 18, 2015 5:52:29 AM com.squareup.okhttp.mockwebserver.MockWebServer$2 execute
INFO: MockWebServer[49031] starting to accept connections
Jun 18, 2015 5:52:29 AM com.squareup.okhttp.mockwebserver.MockWebServer$2 acceptConnections
INFO: MockWebServer[49031] done accepting connections: Socket is closed
Jun 18, 2015 5:52:29 AM com.squareup.okhttp.mockwebserver.MockWebServer$2 execute
INFO: MockWebServer[34317] starting to accept connections
Jun 18, 2015 5:52:29 AM com.squareup.okhttp.mockwebserver.MockWebServer$2 acceptConnections
INFO: MockWebServer[34317] done accepting connections: Socket closed
Jun 18, 2015 5:52:29 AM com.squareup.okhttp.mockwebserver.MockWebServer$2 execute
INFO: MockWebServer[38532] starting to accept connections
Jun 18, 2015 5:52:29 AM com.squareup.okhttp.mockwebserver.MockWebServer$2 acceptConnections
INFO: MockWebServer[38532] done accepting connections: Socket is closed
Jun 18, 2015 5:52:29 AM com.squareup.okhttp.mockwebserver.MockWebServer$2 execute
INFO: MockWebServer[45420] starting to accept connections
Jun 18, 2015 5:52:29 AM com.squareup.okhttp.mockwebserver.MockWebServer$2 acceptConnections
INFO: MockWebServer[45420] done accepting connections: Socket is closed
Jun 18, 2015 5:52:29 AM com.squareup.okhttp.mockwebserver.MockWebServer$2 execute
INFO: MockWebServer[32816] starting to accept connections
Jun 18, 2015 5:52:29 AM com.squareup.okhttp.mockwebserver.MockWebServer$2 acceptConnections
INFO: MockWebServer[32816] done accepting connections: Socket is closed
Jun 18, 2015 5:52:29 AM com.squareup.okhttp.mockwebserver.MockWebServer$2 execute
INFO: MockWebServer[36255] starting to accept connections
Jun 18, 2015 5:52:29 AM com.squareup.okhttp.mockwebserver.MockWebServer$2 acceptConnections
INFO: MockWebServer[36255] done accepting connections: Socket is closed
Jun 18, 2015 5:52:29 AM com.squareup.okhttp.mockwebserver.MockWebServer$2 execute
INFO: MockWebServer[52486] starting to accept connections
Jun 18, 2015 5:52:29 AM com.squareup.okhttp.mockwebserver.MockWebServer$2 acceptConnections
INFO: MockWebServer[52486] done accepting connections: Socket is closed
Jun 18, 2015 5:52:29 AM com.squareup.okhttp.mockwebserver.MockWebServer$2 execute
INFO: MockWebServer[58018] starting to accept connections
Jun 18, 2015 5:52:29 AM com.squareup.okhttp.mockwebserver.MockWebServer$2 acceptConnections
INFO: MockWebServer[58018] done accepting connections: Socket is closed
Jun 18, 2015 5:52:29 AM com.squareup.okhttp.mockwebserver.MockWebServer$2 execute
INFO: MockWebServer[41798] starting to accept connections
Jun 18, 2015 5:52:29 AM com.squareup.okhttp.mockwebserver.MockWebServer$2 acceptConnections
INFO: MockWebServer[41798] done accepting connections: Socket is closed
Jun 18, 2015 5:52:29 AM com.squareup.okhttp.mockwebserver.MockWebServer$2 execute
INFO: MockWebServer[43004] starting to accept connections
Jun 18, 2015 5:52:29 AM com.squareup.okhttp.mockwebserver.MockWebServer$2 acceptConnections
INFO: MockWebServer[43004] done accepting connections: Socket is closed
Jun 18, 2015 5:52:29 AM com.squareup.okhttp.mockwebserver.MockWebServer$2 execute
INFO: MockWebServer[48931] starting to accept connections
Jun 18, 2015 5:52:29 AM com.squareup.okhttp.mockwebserver.MockWebServer$2 acceptConnections
INFO: MockWebServer[48931] done accepting connections: Socket is closed
Jun 18, 2015 5:52:29 AM com.squareup.okhttp.mockwebserver.MockWebServer$2 execute
INFO: MockWebServer[45317] starting to accept connections
Jun 18, 2015 5:52:29 AM com.squareup.okhttp.mockwebserver.MockWebServer$2 acceptConnections
INFO: MockWebServer[45317] done accepting connections: Socket is closed
Jun 18, 2015 5:52:29 AM com.squareup.okhttp.mockwebserver.MockWebServer$2 execute
INFO: MockWebServer[40235] starting to accept connections
Jun 18, 2015 5:52:29 AM com.squareup.okhttp.mockwebserver.MockWebServer$2 acceptConnections
INFO: MockWebServer[40235] done accepting connections: Socket is closed
Jun 18, 2015 5:52:29 AM com.squareup.okhttp.mockwebserver.MockWebServer$2 execute
INFO: MockWebServer[42224] starting to accept connections
Jun 18, 2015 5:52:29 AM com.squareup.okhttp.mockwebserver.MockWebServer$2 acceptConnections
INFO: MockWebServer[42224] done accepting connections: Socket is closed
Jun 18, 2015 5:52:29 AM com.squareup.okhttp.mockwebserver.MockWebServer$2 execute
INFO: MockWebServer[41982] starting to accept connections
Jun 18, 2015 5:52:29 AM com.squareup.okhttp.mockwebserver.MockWebServer$2 acceptConnections
INFO: MockWebServer[41982] done accepting connections: Socket is closed
Tests run: 26, Failures: 0, Errors: 0, Skipped: 0, Time elapsed: 0.186 sec
Running retrofit.DefaultCallAdapterFactoryTest
Tests run: 8, Failures: 0, Errors: 0, Skipped: 0, Time elapsed: 0.063 sec

Results :

Tests run: 140, Failures: 0, Errors: 0, Skipped: 2

[INFO]                                                                         
[INFO] ------------------------------------------------------------------------
[INFO] Building Adapters 2.0.0-SNAPSHOT
[INFO] ------------------------------------------------------------------------
[INFO] 
[INFO] --- maven-enforcer-plugin:1.0:enforce (enforce-maven) @ retrofit-adapters ---
[INFO]                                                                         
[INFO] ------------------------------------------------------------------------
[INFO] Building Adapter: RxJava 2.0.0-SNAPSHOT
[INFO] ------------------------------------------------------------------------
[INFO] 
[INFO] --- maven-enforcer-plugin:1.0:enforce (enforce-maven) @ adapter-rxjava ---
[INFO] 
[INFO] --- maven-resources-plugin:2.6:resources (default-resources) @ adapter-rxjava ---
[INFO] Using 'UTF-8' encoding to copy filtered resources.
[INFO] skip non existing resourceDirectory /home/travis/build/square/retrofit/retrofit-adapters/rxjava/src/main/resources
[INFO] 
[INFO] --- maven-compiler-plugin:3.0:compile (default-compile) @ adapter-rxjava ---
[INFO] Changes detected - recompiling the module!
[INFO] Compiling 2 source files to /home/travis/build/square/retrofit/retrofit-adapters/rxjava/target/classes
[INFO] 
[INFO] --- maven-resources-plugin:2.6:testResources (default-testResources) @ adapter-rxjava ---
[INFO] Using 'UTF-8' encoding to copy filtered resources.
[INFO] skip non existing resourceDirectory /home/travis/build/square/retrofit/retrofit-adapters/rxjava/src/test/resources
[INFO] 
[INFO] --- maven-compiler-plugin:3.0:testCompile (default-testCompile) @ adapter-rxjava ---
[INFO] Changes detected - recompiling the module!
[INFO] Compiling 2 source files to /home/travis/build/square/retrofit/retrofit-adapters/rxjava/target/test-classes
[INFO] 
[INFO] --- maven-surefire-plugin:2.12.4:test (default-test) @ adapter-rxjava ---
[INFO] Surefire report directory: /home/travis/build/square/retrofit/retrofit-adapters/rxjava/target/surefire-reports

-------------------------------------------------------
 T E S T S
-------------------------------------------------------
Running retrofit.ResultTest
Tests run: 4, Failures: 0, Errors: 0, Skipped: 0, Time elapsed: 0.197 sec
Running retrofit.ObservableCallAdapterFactoryTest
Jun 18, 2015 5:52:30 AM com.squareup.okhttp.mockwebserver.MockWebServer$2 execute
INFO: MockWebServer[47455] starting to accept connections
Jun 18, 2015 5:52:30 AM com.squareup.okhttp.mockwebserver.MockWebServer$2 acceptConnections
INFO: MockWebServer[47455] done accepting connections: Socket closed
Jun 18, 2015 5:52:30 AM com.squareup.okhttp.mockwebserver.MockWebServer$3 processConnection
WARNING: MockWebServer[47455] connection from /127.0.0.1 didn't make a request
Jun 18, 2015 5:52:30 AM com.squareup.okhttp.mockwebserver.MockWebServer$2 execute
INFO: MockWebServer[53107] starting to accept connections
Jun 18, 2015 5:52:30 AM com.squareup.okhttp.mockwebserver.MockWebServer$3 processOneRequest
INFO: MockWebServer[53107] received request: GET / HTTP/1.1 and responded: HTTP/1.1 200 OK
Jun 18, 2015 5:52:30 AM com.squareup.okhttp.mockwebserver.MockWebServer$2 acceptConnections
INFO: MockWebServer[53107] done accepting connections: Socket closed
Jun 18, 2015 5:52:30 AM com.squareup.okhttp.mockwebserver.MockWebServer$2 execute
INFO: MockWebServer[56508] starting to accept connections
Jun 18, 2015 5:52:30 AM com.squareup.okhttp.mockwebserver.MockWebServer$3 processOneRequest
INFO: MockWebServer[56508] received request: GET / HTTP/1.1 and responded: HTTP/1.1 404 OK
Jun 18, 2015 5:52:30 AM com.squareup.okhttp.mockwebserver.MockWebServer$2 acceptConnections
INFO: MockWebServer[56508] done accepting connections: Socket closed
Jun 18, 2015 5:52:30 AM com.squareup.okhttp.mockwebserver.MockWebServer$2 execute
INFO: MockWebServer[36056] starting to accept connections
Jun 18, 2015 5:52:30 AM com.squareup.okhttp.mockwebserver.MockWebServer$2 acceptConnections
INFO: MockWebServer[36056] done accepting connections: Socket is closed
Jun 18, 2015 5:52:30 AM com.squareup.okhttp.mockwebserver.MockWebServer$2 execute
INFO: MockWebServer[52169] starting to accept connections
Jun 18, 2015 5:52:30 AM com.squareup.okhttp.mockwebserver.MockWebServer$2 acceptConnections
INFO: MockWebServer[52169] done accepting connections: Socket closed
Jun 18, 2015 5:52:30 AM com.squareup.okhttp.mockwebserver.MockWebServer$3 processConnection
WARNING: MockWebServer[52169] connection from /127.0.0.1 didn't make a request
Jun 18, 2015 5:52:30 AM com.squareup.okhttp.mockwebserver.MockWebServer$2 execute
INFO: MockWebServer[34735] starting to accept connections
Jun 18, 2015 5:52:30 AM com.squareup.okhttp.mockwebserver.MockWebServer$3 processOneRequest
INFO: MockWebServer[34735] received request: GET / HTTP/1.1 and responded: HTTP/1.1 200 OK
Jun 18, 2015 5:52:30 AM com.squareup.okhttp.mockwebserver.MockWebServer$2 acceptConnections
INFO: MockWebServer[34735] done accepting connections: Socket closed
Jun 18, 2015 5:52:30 AM com.squareup.okhttp.mockwebserver.MockWebServer$2 execute
INFO: MockWebServer[45959] starting to accept connections
Jun 18, 2015 5:52:30 AM com.squareup.okhttp.mockwebserver.MockWebServer$2 acceptConnections
INFO: MockWebServer[45959] done accepting connections: Socket closed
Jun 18, 2015 5:52:30 AM com.squareup.okhttp.mockwebserver.MockWebServer$3 processOneRequest
INFO: MockWebServer[45959] received request: GET / HTTP/1.1 and responded: HTTP/1.1 404 OK
Jun 18, 2015 5:52:30 AM com.squareup.okhttp.mockwebserver.MockWebServer$2 execute
INFO: MockWebServer[42782] starting to accept connections
Jun 18, 2015 5:52:30 AM com.squareup.okhttp.mockwebserver.MockWebServer$2 acceptConnections
INFO: MockWebServer[42782] done accepting connections: Socket closed
Jun 18, 2015 5:52:30 AM com.squareup.okhttp.mockwebserver.MockWebServer$3 processConnection
WARNING: MockWebServer[42782] connection from /127.0.0.1 didn't make a request
Jun 18, 2015 5:52:30 AM com.squareup.okhttp.mockwebserver.MockWebServer$2 execute
INFO: MockWebServer[58207] starting to accept connections
Jun 18, 2015 5:52:30 AM com.squareup.okhttp.mockwebserver.MockWebServer$2 acceptConnections
INFO: MockWebServer[58207] done accepting connections: Socket is closed
Jun 18, 2015 5:52:30 AM com.squareup.okhttp.mockwebserver.MockWebServer$2 execute
INFO: MockWebServer[60535] starting to accept connections
Jun 18, 2015 5:52:30 AM com.squareup.okhttp.mockwebserver.MockWebServer$2 acceptConnections
INFO: MockWebServer[60535] done accepting connections: Socket is closed
Jun 18, 2015 5:52:30 AM com.squareup.okhttp.mockwebserver.MockWebServer$2 execute
INFO: MockWebServer[57135] starting to accept connections
Jun 18, 2015 5:52:30 AM com.squareup.okhttp.mockwebserver.MockWebServer$2 acceptConnections
INFO: MockWebServer[57135] done accepting connections: Socket closed
Jun 18, 2015 5:52:30 AM com.squareup.okhttp.mockwebserver.MockWebServer$3 processOneRequest
INFO: MockWebServer[57135] received request: GET / HTTP/1.1 and responded: HTTP/1.1 200 OK
Jun 18, 2015 5:52:30 AM com.squareup.okhttp.mockwebserver.MockWebServer$2 execute
INFO: MockWebServer[49125] starting to accept connections
Jun 18, 2015 5:52:30 AM com.squareup.okhttp.mockwebserver.MockWebServer$2 acceptConnections
INFO: MockWebServer[49125] done accepting connections: Socket closed
Jun 18, 2015 5:52:30 AM com.squareup.okhttp.mockwebserver.MockWebServer$3 processOneRequest
INFO: MockWebServer[49125] received request: GET / HTTP/1.1 and responded: HTTP/1.1 404 OK
Jun 18, 2015 5:52:30 AM com.squareup.okhttp.mockwebserver.MockWebServer$2 execute
INFO: MockWebServer[57667] starting to accept connections
Jun 18, 2015 5:52:30 AM com.squareup.okhttp.mockwebserver.MockWebServer$2 acceptConnections
INFO: MockWebServer[57667] done accepting connections: Socket is closed
Tests run: 13, Failures: 0, Errors: 0, Skipped: 0, Time elapsed: 0.619 sec

Results :

Tests run: 17, Failures: 0, Errors: 0, Skipped: 0

[INFO]                                                                         
[INFO] ------------------------------------------------------------------------
[INFO] Building Converters 2.0.0-SNAPSHOT
[INFO] ------------------------------------------------------------------------
[INFO] 
[INFO] --- maven-enforcer-plugin:1.0:enforce (enforce-maven) @ retrofit-converters ---
[INFO]                                                                         
[INFO] ------------------------------------------------------------------------
[INFO] Building Converter: Gson 2.0.0-SNAPSHOT
[INFO] ------------------------------------------------------------------------
[INFO] 
[INFO] --- maven-enforcer-plugin:1.0:enforce (enforce-maven) @ converter-gson ---
[INFO] 
[INFO] --- maven-resources-plugin:2.6:resources (default-resources) @ converter-gson ---
[INFO] Using 'UTF-8' encoding to copy filtered resources.
[INFO] skip non existing resourceDirectory /home/travis/build/square/retrofit/retrofit-converters/gson/src/main/resources
[INFO] 
[INFO] --- maven-compiler-plugin:3.0:compile (default-compile) @ converter-gson ---
[INFO] Changes detected - recompiling the module!
[INFO] Compiling 1 source file to /home/travis/build/square/retrofit/retrofit-converters/gson/target/classes
[INFO] 
[INFO] --- maven-resources-plugin:2.6:testResources (default-testResources) @ converter-gson ---
[INFO] Using 'UTF-8' encoding to copy filtered resources.
[INFO] skip non existing resourceDirectory /home/travis/build/square/retrofit/retrofit-converters/gson/src/test/resources
[INFO] 
[INFO] --- maven-compiler-plugin:3.0:testCompile (default-testCompile) @ converter-gson ---
[INFO] Changes detected - recompiling the module!
[INFO] Compiling 1 source file to /home/travis/build/square/retrofit/retrofit-converters/gson/target/test-classes
[INFO] 
[INFO] --- maven-surefire-plugin:2.12.4:test (default-test) @ converter-gson ---
[INFO] Surefire report directory: /home/travis/build/square/retrofit/retrofit-converters/gson/target/surefire-reports

-------------------------------------------------------
 T E S T S
-------------------------------------------------------
Running retrofit.GsonConverterTest
Jun 18, 2015 5:52:31 AM com.squareup.okhttp.mockwebserver.MockWebServer$2 execute
INFO: MockWebServer[43249] starting to accept connections
Jun 18, 2015 5:52:32 AM com.squareup.okhttp.mockwebserver.MockWebServer$3 processOneRequest
INFO: MockWebServer[43249] received request: POST / HTTP/1.1 and responded: HTTP/1.1 200 OK
Jun 18, 2015 5:52:32 AM com.squareup.okhttp.mockwebserver.MockWebServer$2 acceptConnections
INFO: MockWebServer[43249] done accepting connections: Socket closed
Jun 18, 2015 5:52:32 AM com.squareup.okhttp.mockwebserver.MockWebServer$2 execute
INFO: MockWebServer[36382] starting to accept connections
Jun 18, 2015 5:52:32 AM com.squareup.okhttp.mockwebserver.MockWebServer$3 processOneRequest
INFO: MockWebServer[36382] received request: POST / HTTP/1.1 and responded: HTTP/1.1 200 OK
Jun 18, 2015 5:52:32 AM com.squareup.okhttp.mockwebserver.MockWebServer$2 acceptConnections
INFO: MockWebServer[36382] done accepting connections: Socket closed
Tests run: 2, Failures: 0, Errors: 0, Skipped: 0, Time elapsed: 0.879 sec

Results :

Tests run: 2, Failures: 0, Errors: 0, Skipped: 0

[INFO]                                                                         
[INFO] ------------------------------------------------------------------------
[INFO] Building Converter: Protocol Buffers 2.0.0-SNAPSHOT
[INFO] ------------------------------------------------------------------------
[INFO] 
[INFO] --- maven-enforcer-plugin:1.0:enforce (enforce-maven) @ converter-protobuf ---
[INFO] 
[INFO] --- maven-resources-plugin:2.6:resources (default-resources) @ converter-protobuf ---
[INFO] Using 'UTF-8' encoding to copy filtered resources.
[INFO] skip non existing resourceDirectory /home/travis/build/square/retrofit/retrofit-converters/protobuf/src/main/resources
[INFO] 
[INFO] --- maven-compiler-plugin:3.0:compile (default-compile) @ converter-protobuf ---
[INFO] Changes detected - recompiling the module!
[INFO] Compiling 1 source file to /home/travis/build/square/retrofit/retrofit-converters/protobuf/target/classes
[INFO] 
[INFO] --- maven-resources-plugin:2.6:testResources (default-testResources) @ converter-protobuf ---
[INFO] Using 'UTF-8' encoding to copy filtered resources.
[INFO] skip non existing resourceDirectory /home/travis/build/square/retrofit/retrofit-converters/protobuf/src/test/resources
[INFO] 
[INFO] --- maven-compiler-plugin:3.0:testCompile (default-testCompile) @ converter-protobuf ---
[INFO] Changes detected - recompiling the module!
[INFO] Compiling 2 source files to /home/travis/build/square/retrofit/retrofit-converters/protobuf/target/test-classes
[INFO] 
[INFO] --- maven-surefire-plugin:2.12.4:test (default-test) @ converter-protobuf ---
[INFO] Surefire report directory: /home/travis/build/square/retrofit/retrofit-converters/protobuf/target/surefire-reports

-------------------------------------------------------
 T E S T S
-------------------------------------------------------
Running retrofit.ProtoConverterTest
Jun 18, 2015 5:52:33 AM com.squareup.okhttp.mockwebserver.MockWebServer$2 execute
INFO: MockWebServer[41806] starting to accept connections
Jun 18, 2015 5:52:34 AM com.squareup.okhttp.mockwebserver.MockWebServer$3 processOneRequest
INFO: MockWebServer[41806] received request: GET / HTTP/1.1 and responded: HTTP/1.1 200 OK
Jun 18, 2015 5:52:34 AM com.squareup.okhttp.mockwebserver.MockWebServer$2 acceptConnections
INFO: MockWebServer[41806] done accepting connections: Socket closed
Jun 18, 2015 5:52:34 AM com.squareup.okhttp.mockwebserver.MockWebServer$2 execute
INFO: MockWebServer[48780] starting to accept connections
Jun 18, 2015 5:52:34 AM com.squareup.okhttp.mockwebserver.MockWebServer$2 acceptConnections
INFO: MockWebServer[48780] done accepting connections: Socket closed
Jun 18, 2015 5:52:34 AM com.squareup.okhttp.mockwebserver.MockWebServer$3 processOneRequest
INFO: MockWebServer[48780] received request: GET / HTTP/1.1 and responded: HTTP/1.1 200 OK
Jun 18, 2015 5:52:34 AM com.squareup.okhttp.mockwebserver.MockWebServer$2 execute
INFO: MockWebServer[40767] starting to accept connections
Jun 18, 2015 5:52:34 AM com.squareup.okhttp.mockwebserver.MockWebServer$2 acceptConnections
INFO: MockWebServer[40767] done accepting connections: Socket closed
Jun 18, 2015 5:52:34 AM com.squareup.okhttp.mockwebserver.MockWebServer$3 processOneRequest
INFO: MockWebServer[40767] received request: GET / HTTP/1.1 and responded: HTTP/1.1 200 OK
Jun 18, 2015 5:52:34 AM com.squareup.okhttp.mockwebserver.MockWebServer$2 execute
INFO: MockWebServer[55735] starting to accept connections
Jun 18, 2015 5:52:34 AM com.squareup.okhttp.mockwebserver.MockWebServer$2 acceptConnections
INFO: MockWebServer[55735] done accepting connections: Socket closed
Jun 18, 2015 5:52:34 AM com.squareup.okhttp.mockwebserver.MockWebServer$3 processOneRequest
INFO: MockWebServer[55735] received request: GET / HTTP/1.1 and responded: HTTP/1.1 200 OK
Jun 18, 2015 5:52:34 AM com.squareup.okhttp.mockwebserver.MockWebServer$2 execute
INFO: MockWebServer[42068] starting to accept connections
Jun 18, 2015 5:52:34 AM com.squareup.okhttp.mockwebserver.MockWebServer$3 processOneRequest
INFO: MockWebServer[42068] received request: POST / HTTP/1.1 and responded: HTTP/1.1 200 OK
Jun 18, 2015 5:52:34 AM com.squareup.okhttp.mockwebserver.MockWebServer$2 acceptConnections
INFO: MockWebServer[42068] done accepting connections: Socket closed
Tests run: 5, Failures: 0, Errors: 0, Skipped: 0, Time elapsed: 1.056 sec

Results :

Tests run: 5, Failures: 0, Errors: 0, Skipped: 0

[INFO]                                                                         
[INFO] ------------------------------------------------------------------------
[INFO] Building Converter: Jackson 2.0.0-SNAPSHOT
[INFO] ------------------------------------------------------------------------
[INFO] 
[INFO] --- maven-enforcer-plugin:1.0:enforce (enforce-maven) @ converter-jackson ---
[INFO] 
[INFO] --- maven-resources-plugin:2.6:resources (default-resources) @ converter-jackson ---
[INFO] Using 'UTF-8' encoding to copy filtered resources.
[INFO] skip non existing resourceDirectory /home/travis/build/square/retrofit/retrofit-converters/jackson/src/main/resources
[INFO] 
[INFO] --- maven-compiler-plugin:3.0:compile (default-compile) @ converter-jackson ---
[INFO] Changes detected - recompiling the module!
[INFO] Compiling 1 source file to /home/travis/build/square/retrofit/retrofit-converters/jackson/target/classes
[INFO] 
[INFO] --- maven-resources-plugin:2.6:testResources (default-testResources) @ converter-jackson ---
[INFO] Using 'UTF-8' encoding to copy filtered resources.
[INFO] skip non existing resourceDirectory /home/travis/build/square/retrofit/retrofit-converters/jackson/src/test/resources
[INFO] 
[INFO] --- maven-compiler-plugin:3.0:testCompile (default-testCompile) @ converter-jackson ---
[INFO] Changes detected - recompiling the module!
[INFO] Compiling 1 source file to /home/travis/build/square/retrofit/retrofit-converters/jackson/target/test-classes
[INFO] 
[INFO] --- maven-surefire-plugin:2.12.4:test (default-test) @ converter-jackson ---
[INFO] Surefire report directory: /home/travis/build/square/retrofit/retrofit-converters/jackson/target/surefire-reports

-------------------------------------------------------
 T E S T S
-------------------------------------------------------
Running retrofit.JacksonConverterTest
Jun 18, 2015 5:52:35 AM com.squareup.okhttp.mockwebserver.MockWebServer$2 execute
INFO: MockWebServer[58202] starting to accept connections
Jun 18, 2015 5:52:36 AM com.squareup.okhttp.mockwebserver.MockWebServer$3 processOneRequest
INFO: MockWebServer[58202] received request: POST / HTTP/1.1 and responded: HTTP/1.1 200 OK
Jun 18, 2015 5:52:36 AM com.squareup.okhttp.mockwebserver.MockWebServer$2 acceptConnections
INFO: MockWebServer[58202] done accepting connections: Socket closed
Jun 18, 2015 5:52:36 AM com.squareup.okhttp.mockwebserver.MockWebServer$2 execute
INFO: MockWebServer[59403] starting to accept connections
Jun 18, 2015 5:52:36 AM com.squareup.okhttp.mockwebserver.MockWebServer$3 processOneRequest
INFO: MockWebServer[59403] received request: POST / HTTP/1.1 and responded: HTTP/1.1 200 OK
Jun 18, 2015 5:52:36 AM com.squareup.okhttp.mockwebserver.MockWebServer$2 acceptConnections
INFO: MockWebServer[59403] done accepting connections: Socket closed
Tests run: 2, Failures: 0, Errors: 0, Skipped: 0, Time elapsed: 0.785 sec

Results :

Tests run: 2, Failures: 0, Errors: 0, Skipped: 0

[INFO]                                                                         
[INFO] ------------------------------------------------------------------------
[INFO] Building Converter: Wire Protocol Buffers 2.0.0-SNAPSHOT
[INFO] ------------------------------------------------------------------------
[INFO] 
[INFO] --- maven-enforcer-plugin:1.0:enforce (enforce-maven) @ converter-wire ---
[INFO] 
[INFO] --- maven-resources-plugin:2.6:resources (default-resources) @ converter-wire ---
[INFO] Using 'UTF-8' encoding to copy filtered resources.
[INFO] skip non existing resourceDirectory /home/travis/build/square/retrofit/retrofit-converters/wire/src/main/resources
[INFO] 
[INFO] --- maven-compiler-plugin:3.0:compile (default-compile) @ converter-wire ---
[INFO] Changes detected - recompiling the module!
[INFO] Compiling 1 source file to /home/travis/build/square/retrofit/retrofit-converters/wire/target/classes
[INFO] 
[INFO] --- maven-resources-plugin:2.6:testResources (default-testResources) @ converter-wire ---
[INFO] Using 'UTF-8' encoding to copy filtered resources.
[INFO] skip non existing resourceDirectory /home/travis/build/square/retrofit/retrofit-converters/wire/src/test/resources
[INFO] 
[INFO] --- maven-compiler-plugin:3.0:testCompile (default-testCompile) @ converter-wire ---
[INFO] Changes detected - recompiling the module!
[INFO] Compiling 2 source files to /home/travis/build/square/retrofit/retrofit-converters/wire/target/test-classes
[INFO] 
[INFO] --- maven-surefire-plugin:2.12.4:test (default-test) @ converter-wire ---
[INFO] Surefire report directory: /home/travis/build/square/retrofit/retrofit-converters/wire/target/surefire-reports

-------------------------------------------------------
 T E S T S
-------------------------------------------------------
Running retrofit.WireConverterTest
Jun 18, 2015 5:52:36 AM com.squareup.okhttp.mockwebserver.MockWebServer$2 execute
INFO: MockWebServer[49061] starting to accept connections
Jun 18, 2015 5:52:37 AM com.squareup.okhttp.mockwebserver.MockWebServer$3 processOneRequest
INFO: MockWebServer[49061] received request: GET / HTTP/1.1 and responded: HTTP/1.1 200 OK
Jun 18, 2015 5:52:37 AM com.squareup.okhttp.mockwebserver.MockWebServer$2 acceptConnections
INFO: MockWebServer[49061] done accepting connections: Socket closed
Jun 18, 2015 5:52:37 AM com.squareup.okhttp.mockwebserver.MockWebServer$2 execute
INFO: MockWebServer[33945] starting to accept connections
Jun 18, 2015 5:52:37 AM com.squareup.okhttp.mockwebserver.MockWebServer$3 processOneRequest
INFO: MockWebServer[33945] received request: GET / HTTP/1.1 and responded: HTTP/1.1 200 OK
Jun 18, 2015 5:52:37 AM com.squareup.okhttp.mockwebserver.MockWebServer$2 acceptConnections
INFO: MockWebServer[33945] done accepting connections: Socket closed
Jun 18, 2015 5:52:37 AM com.squareup.okhttp.mockwebserver.MockWebServer$2 execute
INFO: MockWebServer[57286] starting to accept connections
Jun 18, 2015 5:52:37 AM com.squareup.okhttp.mockwebserver.MockWebServer$3 processOneRequest
INFO: MockWebServer[57286] received request: GET / HTTP/1.1 and responded: HTTP/1.1 200 OK
Jun 18, 2015 5:52:37 AM com.squareup.okhttp.mockwebserver.MockWebServer$2 acceptConnections
INFO: MockWebServer[57286] done accepting connections: Socket closed
Jun 18, 2015 5:52:37 AM com.squareup.okhttp.mockwebserver.MockWebServer$2 execute
INFO: MockWebServer[55764] starting to accept connections
Jun 18, 2015 5:52:37 AM com.squareup.okhttp.mockwebserver.MockWebServer$3 processOneRequest
INFO: MockWebServer[55764] received request: GET / HTTP/1.1 and responded: HTTP/1.1 200 OK
Jun 18, 2015 5:52:37 AM com.squareup.okhttp.mockwebserver.MockWebServer$2 acceptConnections
INFO: MockWebServer[55764] done accepting connections: Socket closed
Jun 18, 2015 5:52:37 AM com.squareup.okhttp.mockwebserver.MockWebServer$2 execute
INFO: MockWebServer[53376] starting to accept connections
Jun 18, 2015 5:52:37 AM com.squareup.okhttp.mockwebserver.MockWebServer$3 processOneRequest
INFO: MockWebServer[53376] received request: POST / HTTP/1.1 and responded: HTTP/1.1 200 OK
Jun 18, 2015 5:52:37 AM com.squareup.okhttp.mockwebserver.MockWebServer$2 acceptConnections
INFO: MockWebServer[53376] done accepting connections: Socket closed
Tests run: 5, Failures: 0, Errors: 0, Skipped: 0, Time elapsed: 0.715 sec

Results :

Tests run: 5, Failures: 0, Errors: 0, Skipped: 0

[INFO]                                                                         
[INFO] ------------------------------------------------------------------------
[INFO] Building Converter: SimpleXML 2.0.0-SNAPSHOT
[INFO] ------------------------------------------------------------------------
[INFO] 
[INFO] --- maven-enforcer-plugin:1.0:enforce (enforce-maven) @ converter-simplexml ---
[INFO] 
[INFO] --- maven-resources-plugin:2.6:resources (default-resources) @ converter-simplexml ---
[INFO] Using 'UTF-8' encoding to copy filtered resources.
[INFO] skip non existing resourceDirectory /home/travis/build/square/retrofit/retrofit-converters/simplexml/src/main/resources
[INFO] 
[INFO] --- maven-compiler-plugin:3.0:compile (default-compile) @ converter-simplexml ---
[INFO] Changes detected - recompiling the module!
[INFO] Compiling 1 source file to /home/travis/build/square/retrofit/retrofit-converters/simplexml/target/classes
[INFO] 
[INFO] --- maven-resources-plugin:2.6:testResources (default-testResources) @ converter-simplexml ---
[INFO] Using 'UTF-8' encoding to copy filtered resources.
[INFO] skip non existing resourceDirectory /home/travis/build/square/retrofit/retrofit-converters/simplexml/src/test/resources
[INFO] 
[INFO] --- maven-compiler-plugin:3.0:testCompile (default-testCompile) @ converter-simplexml ---
[INFO] Changes detected - recompiling the module!
[INFO] Compiling 2 source files to /home/travis/build/square/retrofit/retrofit-converters/simplexml/target/test-classes
[INFO] 
[INFO] --- maven-surefire-plugin:2.12.4:test (default-test) @ converter-simplexml ---
[INFO] Surefire report directory: /home/travis/build/square/retrofit/retrofit-converters/simplexml/target/surefire-reports

-------------------------------------------------------
 T E S T S
-------------------------------------------------------
Running retrofit.SimpleXmlConverterTest
Jun 18, 2015 5:52:38 AM com.squareup.okhttp.mockwebserver.MockWebServer$2 execute
INFO: MockWebServer[49711] starting to accept connections
Jun 18, 2015 5:52:38 AM com.squareup.okhttp.mockwebserver.MockWebServer$3 processOneRequest
INFO: MockWebServer[49711] received request: GET / HTTP/1.1 and responded: HTTP/1.1 200 OK
Jun 18, 2015 5:52:38 AM com.squareup.okhttp.mockwebserver.MockWebServer$2 acceptConnections
INFO: MockWebServer[49711] done accepting connections: Socket closed
Jun 18, 2015 5:52:38 AM com.squareup.okhttp.mockwebserver.MockWebServer$2 execute
INFO: MockWebServer[37409] starting to accept connections
Jun 18, 2015 5:52:38 AM com.squareup.okhttp.mockwebserver.MockWebServer$3 processOneRequest
INFO: MockWebServer[37409] received request: GET / HTTP/1.1 and responded: HTTP/1.1 200 OK
Jun 18, 2015 5:52:38 AM com.squareup.okhttp.mockwebserver.MockWebServer$2 acceptConnections
INFO: MockWebServer[37409] done accepting connections: Socket closed
Jun 18, 2015 5:52:38 AM com.squareup.okhttp.mockwebserver.MockWebServer$2 execute
INFO: MockWebServer[38954] starting to accept connections
Jun 18, 2015 5:52:38 AM com.squareup.okhttp.mockwebserver.MockWebServer$3 processOneRequest
INFO: MockWebServer[38954] received request: POST / HTTP/1.1 and responded: HTTP/1.1 200 OK
Jun 18, 2015 5:52:38 AM com.squareup.okhttp.mockwebserver.MockWebServer$2 acceptConnections
INFO: MockWebServer[38954] done accepting connections: Socket closed
Tests run: 3, Failures: 0, Errors: 0, Skipped: 0, Time elapsed: 0.759 sec

Results :

Tests run: 3, Failures: 0, Errors: 0, Skipped: 0

[INFO]                                                                         
[INFO] ------------------------------------------------------------------------
[INFO] Building Converter: Moshi 2.0.0-SNAPSHOT
[INFO] ------------------------------------------------------------------------
[INFO] 
[INFO] --- maven-enforcer-plugin:1.0:enforce (enforce-maven) @ converter-moshi ---
[INFO] 
[INFO] --- maven-resources-plugin:2.6:resources (default-resources) @ converter-moshi ---
[INFO] Using 'UTF-8' encoding to copy filtered resources.
[INFO] skip non existing resourceDirectory /home/travis/build/square/retrofit/retrofit-converters/moshi/src/main/resources
[INFO] 
[INFO] --- maven-compiler-plugin:3.0:compile (default-compile) @ converter-moshi ---
[INFO] Changes detected - recompiling the module!
[INFO] Compiling 1 source file to /home/travis/build/square/retrofit/retrofit-converters/moshi/target/classes
[INFO] 
[INFO] --- maven-resources-plugin:2.6:testResources (default-testResources) @ converter-moshi ---
[INFO] Using 'UTF-8' encoding to copy filtered resources.
[INFO] skip non existing resourceDirectory /home/travis/build/square/retrofit/retrofit-converters/moshi/src/test/resources
[INFO] 
[INFO] --- maven-compiler-plugin:3.0:testCompile (default-testCompile) @ converter-moshi ---
[INFO] Changes detected - recompiling the module!
[INFO] Compiling 1 source file to /home/travis/build/square/retrofit/retrofit-converters/moshi/target/test-classes
[INFO] 
[INFO] --- maven-surefire-plugin:2.12.4:test (default-test) @ converter-moshi ---
[INFO] Surefire report directory: /home/travis/build/square/retrofit/retrofit-converters/moshi/target/surefire-reports

-------------------------------------------------------
 T E S T S
-------------------------------------------------------
Running retrofit.MoshiConverterTest
Jun 18, 2015 5:52:39 AM com.squareup.okhttp.mockwebserver.MockWebServer$2 execute
INFO: MockWebServer[44650] starting to accept connections
TO JSON: retrofit.MoshiConverterTest$AnImplementation@63d4e2ba
Jun 18, 2015 5:52:39 AM com.squareup.okhttp.mockwebserver.MockWebServer$3 processOneRequest
INFO: MockWebServer[44650] received request: POST / HTTP/1.1 and responded: HTTP/1.1 200 OK
Jun 18, 2015 5:52:39 AM com.squareup.okhttp.mockwebserver.MockWebServer$2 acceptConnections
INFO: MockWebServer[44650] done accepting connections: Socket closed
Jun 18, 2015 5:52:39 AM com.squareup.okhttp.mockwebserver.MockWebServer$2 execute
INFO: MockWebServer[54872] starting to accept connections
Jun 18, 2015 5:52:39 AM com.squareup.okhttp.mockwebserver.MockWebServer$2 acceptConnections
INFO: MockWebServer[54872] done accepting connections: Socket closed
Jun 18, 2015 5:52:39 AM com.squareup.okhttp.mockwebserver.MockWebServer$3 processOneRequest
INFO: MockWebServer[54872] received request: POST / HTTP/1.1 and responded: HTTP/1.1 200 OK
Tests run: 2, Failures: 0, Errors: 0, Skipped: 0, Time elapsed: 0.659 sec

Results :

Tests run: 2, Failures: 0, Errors: 0, Skipped: 0

[INFO]                                                                         
[INFO] ------------------------------------------------------------------------
[INFO] Building Samples 2.0.0-SNAPSHOT
[INFO] ------------------------------------------------------------------------
[INFO] 
[INFO] --- maven-enforcer-plugin:1.0:enforce (enforce-maven) @ samples ---
[INFO] 
[INFO] --- maven-resources-plugin:2.6:resources (default-resources) @ samples ---
[INFO] Using 'UTF-8' encoding to copy filtered resources.
[INFO] skip non existing resourceDirectory /home/travis/build/square/retrofit/samples/src/main/resources
[INFO] 
[INFO] --- maven-compiler-plugin:3.0:compile (default-compile) @ samples ---
[INFO] Changes detected - recompiling the module!
[INFO] Compiling 2 source files to /home/travis/build/square/retrofit/samples/target/classes
[INFO] 
[INFO] --- maven-resources-plugin:2.6:testResources (default-testResources) @ samples ---
[INFO] Using 'UTF-8' encoding to copy filtered resources.
[INFO] skip non existing resourceDirectory /home/travis/build/square/retrofit/samples/src/test/resources
[INFO] 
[INFO] --- maven-compiler-plugin:3.0:testCompile (default-testCompile) @ samples ---
[INFO] No sources to compile
[INFO] 
[INFO] --- maven-surefire-plugin:2.12.4:test (default-test) @ samples ---
[INFO] No tests to run.
[INFO] ------------------------------------------------------------------------
[INFO] Reactor Summary:
[INFO] 
[INFO] Retrofit (Parent) .................................. SUCCESS [  0.777 s]
[INFO] Retrofit ........................................... SUCCESS [ 13.501 s]
[INFO] Adapters ........................................... SUCCESS [  0.003 s]
[INFO] Adapter: RxJava .................................... SUCCESS [  1.616 s]
[INFO] Converters ......................................... SUCCESS [  0.003 s]
[INFO] Converter: Gson .................................... SUCCESS [  1.578 s]
[INFO] Converter: Protocol Buffers ........................ SUCCESS [  2.250 s]
[INFO] Converter: Jackson ................................. SUCCESS [  1.465 s]
[INFO] Converter: Wire Protocol Buffers ................... SUCCESS [  1.224 s]
[INFO] Converter: SimpleXML ............................... SUCCESS [  1.205 s]
[INFO] Converter: Moshi ................................... SUCCESS [  1.044 s]
[INFO] Samples ............................................ SUCCESS [  0.055 s]
[INFO] ------------------------------------------------------------------------
[INFO] BUILD SUCCESS
[INFO] ------------------------------------------------------------------------
[INFO] Total time: 25.168 s
[INFO] Finished at: 2015-06-18T05:52:39+00:00
[INFO] Final Memory: 27M/354M
[INFO] ------------------------------------------------------------------------
travis_time:end:0052cf56:start=1434606732577005230,finish=1434606760152584981,duration=27575579751[0K
[32;1mThe command "mvn test -B" exited with 0.[0m
travis_fold:start:cache.2[0Kstore build cache
travis_time:start:0da28958[0Kchange detected: /home/travis/.m2/repository/com/squareup/retrofit/parent/2.0.0-SNAPSHOT/_remote.repositories
changes detected, packing new archive
uploading archive
travis_time:end:0da28958:start=1434606760157046850,finish=1434606770656896657,duration=10499849807[0Ktravis_fold:end:cache.2[0Ktravis_fold:start:after_success[0Ktravis_time:start:10a5d943[0K$ .buildscript/deploy_snapshot.sh
Skipping snapshot deployment: wrong branch. Expected 'master' but was 'jw/converter-integration-tests'.
travis_time:end:10a5d943:start=1434606770661368963,finish=1434606770666376517,duration=5007554[0Ktravis_fold:end:after_success[0K
Done. Your build exited with 0.
