Using worker: worker-linux-docker-a0288949.prod.travis-ci.org:travis-linux-8

travis_fold:start:system_info[0K[33;1mBuild system information[0m
Build language: java
[34m[1mBuild image provisioning date and time[0m
Thu Feb  5 15:09:33 UTC 2015
[34m[1mOperating System Details[0m
Distributor ID:	Ubuntu
Description:	Ubuntu 12.04.5 LTS
Release:	12.04
Codename:	precise
[34m[1mLinux Version[0m
3.13.0-29-generic
[34m[1mCookbooks Version[0m
a68419e https://github.com/travis-ci/travis-cookbooks/tree/a68419e
[34m[1mGCC version[0m
gcc (Ubuntu/Linaro 4.6.3-1ubuntu5) 4.6.3
Copyright (C) 2011 Free Software Foundation, Inc.
This is free software; see the source for copying conditions.  There is NO
warranty; not even for MERCHANTABILITY or FITNESS FOR A PARTICULAR PURPOSE.

[34m[1mLLVM version[0m
clang version 3.4 (tags/RELEASE_34/final)
Target: x86_64-unknown-linux-gnu
Thread model: posix
[34m[1mPre-installed Ruby versions[0m
ruby-1.9.3-p551
[34m[1mPre-installed Node.js versions[0m
v0.10.36
[34m[1mPre-installed Go versions[0m
1.4.1
[34m[1mRedis version[0m
redis-server 2.8.19
[34m[1mriak version[0m
2.0.2
[34m[1mMongoDB version[0m
MongoDB 2.4.12
[34m[1mCouchDB version[0m
couchdb 1.6.1
[34m[1mNeo4j version[0m
1.9.4
[34m[1mRabbitMQ Version[0m
3.4.3
[34m[1mElasticSearch version[0m
1.4.0
[34m[1mInstalled Sphinx versions[0m
2.0.10
2.1.9
2.2.6
[34m[1mDefault Sphinx version[0m
2.2.6
[34m[1mInstalled Firefox version[0m
firefox 31.0esr
[34m[1mPhantomJS version[0m
1.9.8
[34m[1mant -version[0m
Apache Ant(TM) version 1.8.2 compiled on December 3 2011
[34m[1mmvn -version[0m
Apache Maven 3.2.5 (12a6b3acb947671f09b81f49094c53f426d8cea1; 2014-12-14T17:29:23+00:00)
Maven home: /usr/local/maven
Java version: 1.7.0_76, vendor: Oracle Corporation
Java home: /usr/lib/jvm/java-7-oracle/jre
Default locale: en_US, platform encoding: ANSI_X3.4-1968
OS name: "linux", version: "3.13.0-29-generic", arch: "amd64", family: "unix"
travis_fold:end:system_info[0K
travis_fold:start:git.checkout[0Ktravis_time:start:06c7cdcc[0K$ git clone --depth=50 git://github.com/square/retrofit.git square/retrofit
Cloning into 'square/retrofit'...
remote: Counting objects: 1530, done.[K
remote: Compressing objects:   0% (1/764)   [Kremote: Compressing objects:   1% (8/764)   [Kremote: Compressing objects:   2% (16/764)   [Kremote: Compressing objects:   3% (23/764)   [Kremote: Compressing objects:   4% (31/764)   [Kremote: Compressing objects:   5% (39/764)   [Kremote: Compressing objects:   6% (46/764)   [Kremote: Compressing objects:   7% (54/764)   [Kremote: Compressing objects:   8% (62/764)   [Kremote: Compressing objects:   9% (69/764)   [Kremote: Compressing objects:  10% (77/764)   [Kremote: Compressing objects:  11% (85/764)   [Kremote: Compressing objects:  12% (92/764)   [Kremote: Compressing objects:  13% (100/764)   [Kremote: Compressing objects:  14% (107/764)   [Kremote: Compressing objects:  15% (115/764)   [Kremote: Compressing objects:  16% (123/764)   [Kremote: Compressing objects:  17% (130/764)   [Kremote: Compressing objects:  18% (138/764)   [Kremote: Compressing objects:  19% (146/764)   [Kremote: Compressing objects:  20% (153/764)   [Kremote: Compressing objects:  21% (161/764)   [Kremote: Compressing objects:  22% (169/764)   [Kremote: Compressing objects:  23% (176/764)   [Kremote: Compressing objects:  24% (184/764)   [Kremote: Compressing objects:  25% (191/764)   [Kremote: Compressing objects:  26% (199/764)   [Kremote: Compressing objects:  27% (207/764)   [Kremote: Compressing objects:  28% (214/764)   [Kremote: Compressing objects:  29% (222/764)   [Kremote: Compressing objects:  30% (230/764)   [Kremote: Compressing objects:  31% (237/764)   [Kremote: Compressing objects:  32% (245/764)   [Kremote: Compressing objects:  33% (253/764)   [Kremote: Compressing objects:  34% (260/764)   [Kremote: Compressing objects:  35% (268/764)   [Kremote: Compressing objects:  36% (276/764)   [Kremote: Compressing objects:  37% (283/764)   [Kremote: Compressing objects:  38% (291/764)   [Kremote: Compressing objects:  39% (298/764)   [Kremote: Compressing objects:  40% (306/764)   [Kremote: Compressing objects:  41% (314/764)   [Kremote: Compressing objects:  42% (321/764)   [Kremote: Compressing objects:  43% (329/764)   [Kremote: Compressing objects:  44% (337/764)   [Kremote: Compressing objects:  45% (344/764)   [Kremote: Compressing objects:  46% (352/764)   [Kremote: Compressing objects:  47% (360/764)   [Kremote: Compressing objects:  48% (367/764)   [Kremote: Compressing objects:  49% (375/764)   [Kremote: Compressing objects:  50% (382/764)   [Kremote: Compressing objects:  51% (390/764)   [Kremote: Compressing objects:  52% (398/764)   [Kremote: Compressing objects:  53% (405/764)   [Kremote: Compressing objects:  54% (413/764)   [Kremote: Compressing objects:  55% (421/764)   [Kremote: Compressing objects:  56% (428/764)   [Kremote: Compressing objects:  57% (436/764)   [Kremote: Compressing objects:  58% (444/764)   [Kremote: Compressing objects:  59% (451/764)   [Kremote: Compressing objects:  60% (459/764)   [Kremote: Compressing objects:  61% (467/764)   [Kremote: Compressing objects:  62% (474/764)   [Kremote: Compressing objects:  63% (482/764)   [Kremote: Compressing objects:  64% (489/764)   [Kremote: Compressing objects:  65% (497/764)   [Kremote: Compressing objects:  66% (505/764)   [Kremote: Compressing objects:  67% (512/764)   [Kremote: Compressing objects:  68% (520/764)   [Kremote: Compressing objects:  69% (528/764)   [Kremote: Compressing objects:  70% (535/764)   [Kremote: Compressing objects:  71% (543/764)   [Kremote: Compressing objects:  72% (551/764)   [Kremote: Compressing objects:  73% (558/764)   [Kremote: Compressing objects:  74% (566/764)   [Kremote: Compressing objects:  75% (573/764)   [Kremote: Compressing objects:  76% (581/764)   [Kremote: Compressing objects:  77% (589/764)   [Kremote: Compressing objects:  78% (596/764)   [Kremote: Compressing objects:  79% (604/764)   [Kremote: Compressing objects:  80% (612/764)   [Kremote: Compressing objects:  81% (619/764)   [Kremote: Compressing objects:  82% (627/764)   [Kremote: Compressing objects:  83% (635/764)   [Kremote: Compressing objects:  84% (642/764)   [Kremote: Compressing objects:  85% (650/764)   [Kremote: Compressing objects:  86% (658/764)   [Kremote: Compressing objects:  87% (665/764)   [Kremote: Compressing objects:  88% (673/764)   [Kremote: Compressing objects:  89% (680/764)   [Kremote: Compressing objects:  90% (688/764)   [Kremote: Compressing objects:  91% (696/764)   [Kremote: Compressing objects:  92% (703/764)   [Kremote: Compressing objects:  93% (711/764)   [Kremote: Compressing objects:  94% (719/764)   [Kremote: Compressing objects:  95% (726/764)   [Kremote: Compressing objects:  96% (734/764)   [Kremote: Compressing objects:  97% (742/764)   [Kremote: Compressing objects:  98% (749/764)   [Kremote: Compressing objects:  99% (757/764)   [Kremote: Compressing objects: 100% (764/764)   [Kremote: Compressing objects: 100% (764/764), done.[K
Receiving objects:   0% (1/1530)   Receiving objects:   1% (16/1530)   Receiving objects:   2% (31/1530)   Receiving objects:   3% (46/1530)   Receiving objects:   4% (62/1530)   Receiving objects:   5% (77/1530)   Receiving objects:   6% (92/1530)   Receiving objects:   7% (108/1530)   Receiving objects:   8% (123/1530)   Receiving objects:   9% (138/1530)   Receiving objects:  10% (153/1530)   Receiving objects:  11% (169/1530)   Receiving objects:  12% (184/1530)   Receiving objects:  13% (199/1530)   Receiving objects:  14% (215/1530)   Receiving objects:  15% (230/1530)   Receiving objects:  16% (245/1530)   Receiving objects:  17% (261/1530)   Receiving objects:  18% (276/1530)   Receiving objects:  19% (291/1530)   Receiving objects:  20% (306/1530)   Receiving objects:  21% (322/1530)   Receiving objects:  22% (337/1530)   Receiving objects:  23% (352/1530)   Receiving objects:  24% (368/1530)   Receiving objects:  25% (383/1530)   Receiving objects:  26% (398/1530)   Receiving objects:  27% (414/1530)   Receiving objects:  28% (429/1530)   Receiving objects:  29% (444/1530)   Receiving objects:  30% (459/1530)   Receiving objects:  31% (475/1530)   Receiving objects:  32% (490/1530)   Receiving objects:  33% (505/1530)   Receiving objects:  34% (521/1530)   Receiving objects:  35% (536/1530)   Receiving objects:  36% (551/1530)   Receiving objects:  37% (567/1530)   Receiving objects:  38% (582/1530)   Receiving objects:  39% (597/1530)   Receiving objects:  40% (612/1530)   Receiving objects:  41% (628/1530)   Receiving objects:  42% (643/1530)   Receiving objects:  43% (658/1530)   Receiving objects:  44% (674/1530)   Receiving objects:  45% (689/1530)   Receiving objects:  46% (704/1530)   Receiving objects:  47% (720/1530)   Receiving objects:  48% (735/1530)   Receiving objects:  49% (750/1530)   Receiving objects:  50% (765/1530)   Receiving objects:  51% (781/1530)   Receiving objects:  52% (796/1530)   Receiving objects:  53% (811/1530)   Receiving objects:  54% (827/1530)   Receiving objects:  55% (842/1530)   Receiving objects:  56% (857/1530)   Receiving objects:  57% (873/1530)   Receiving objects:  58% (888/1530)   Receiving objects:  59% (903/1530)   Receiving objects:  60% (918/1530)   Receiving objects:  61% (934/1530)   Receiving objects:  62% (949/1530)   Receiving objects:  63% (964/1530)   Receiving objects:  64% (980/1530)   Receiving objects:  65% (995/1530)   Receiving objects:  66% (1010/1530)   Receiving objects:  67% (1026/1530)   Receiving objects:  68% (1041/1530)   Receiving objects:  69% (1056/1530)   Receiving objects:  70% (1071/1530)   Receiving objects:  71% (1087/1530)   Receiving objects:  72% (1102/1530)   remote: Total 1530 (delta 520), reused 1282 (delta 341), pack-reused 0[K
Receiving objects:  73% (1117/1530)   Receiving objects:  74% (1133/1530)   Receiving objects:  75% (1148/1530)   Receiving objects:  76% (1163/1530)   Receiving objects:  77% (1179/1530)   Receiving objects:  78% (1194/1530)   Receiving objects:  79% (1209/1530)   Receiving objects:  80% (1224/1530)   Receiving objects:  81% (1240/1530)   Receiving objects:  82% (1255/1530)   Receiving objects:  83% (1270/1530)   Receiving objects:  84% (1286/1530)   Receiving objects:  85% (1301/1530)   Receiving objects:  86% (1316/1530)   Receiving objects:  87% (1332/1530)   Receiving objects:  88% (1347/1530)   Receiving objects:  89% (1362/1530)   Receiving objects:  90% (1377/1530)   Receiving objects:  91% (1393/1530)   Receiving objects:  92% (1408/1530)   Receiving objects:  93% (1423/1530)   Receiving objects:  94% (1439/1530)   Receiving objects:  95% (1454/1530)   Receiving objects:  96% (1469/1530)   Receiving objects:  97% (1485/1530)   Receiving objects:  98% (1500/1530)   Receiving objects:  99% (1515/1530)   Receiving objects: 100% (1530/1530)   Receiving objects: 100% (1530/1530), 392.74 KiB | 0 bytes/s, done.
Resolving deltas:   0% (0/520)   Resolving deltas:  12% (66/520)   Resolving deltas:  13% (68/520)   Resolving deltas:  15% (80/520)   Resolving deltas:  16% (87/520)   Resolving deltas:  19% (101/520)   Resolving deltas:  24% (129/520)   Resolving deltas:  25% (130/520)   Resolving deltas:  27% (142/520)   Resolving deltas:  28% (146/520)   Resolving deltas:  29% (152/520)   Resolving deltas:  30% (156/520)   Resolving deltas:  31% (163/520)   Resolving deltas:  33% (175/520)   Resolving deltas:  35% (185/520)   Resolving deltas:  36% (188/520)   Resolving deltas:  37% (193/520)   Resolving deltas:  38% (198/520)   Resolving deltas:  40% (208/520)   Resolving deltas:  41% (217/520)   Resolving deltas:  42% (223/520)   Resolving deltas:  44% (230/520)   Resolving deltas:  45% (236/520)   Resolving deltas:  46% (240/520)   Resolving deltas:  50% (264/520)   Resolving deltas:  51% (266/520)   Resolving deltas:  52% (273/520)   Resolving deltas:  53% (276/520)   Resolving deltas:  54% (282/520)   Resolving deltas:  55% (287/520)   Resolving deltas:  57% (298/520)   Resolving deltas:  59% (311/520)   Resolving deltas:  60% (312/520)   Resolving deltas:  61% (321/520)   Resolving deltas:  63% (328/520)   Resolving deltas:  64% (334/520)   Resolving deltas:  65% (340/520)   Resolving deltas:  68% (357/520)   Resolving deltas:  69% (359/520)   Resolving deltas:  70% (369/520)   Resolving deltas:  71% (373/520)   Resolving deltas:  72% (376/520)   Resolving deltas:  73% (382/520)   Resolving deltas:  74% (389/520)   Resolving deltas:  75% (393/520)   Resolving deltas:  76% (396/520)   Resolving deltas:  77% (401/520)   Resolving deltas:  78% (406/520)   Resolving deltas:  79% (414/520)   Resolving deltas:  80% (416/520)   Resolving deltas:  81% (422/520)   Resolving deltas:  82% (427/520)   Resolving deltas:  83% (436/520)   Resolving deltas:  84% (439/520)   Resolving deltas:  85% (443/520)   Resolving deltas:  86% (448/520)   Resolving deltas:  87% (453/520)   Resolving deltas:  88% (462/520)   Resolving deltas:  89% (464/520)   Resolving deltas:  91% (475/520)   Resolving deltas:  92% (479/520)   Resolving deltas:  93% (485/520)   Resolving deltas:  95% (495/520)   Resolving deltas:  96% (500/520)   Resolving deltas:  97% (505/520)   Resolving deltas:  98% (511/520)   Resolving deltas:  99% (516/520)   Resolving deltas: 100% (520/520)   Resolving deltas: 100% (520/520), done.
Checking connectivity... done.
travis_time:end:06c7cdcc:start=1434606778598591571,finish=1434606778824415236,duration=225823665[0K$ cd square/retrofit
travis_time:start:11851bda[0K$ git fetch origin +refs/pull/906/merge:
remote: Counting objects: 63, done.[K
remote: Compressing objects:   2% (1/37)   [Kremote: Compressing objects:   5% (2/37)   [Kremote: Compressing objects:   8% (3/37)   [Kremote: Compressing objects:  10% (4/37)   [Kremote: Compressing objects:  13% (5/37)   [Kremote: Compressing objects:  16% (6/37)   [Kremote: Compressing objects:  18% (7/37)   [Kremote: Compressing objects:  21% (8/37)   [Kremote: Compressing objects:  24% (9/37)   [Kremote: Compressing objects:  27% (10/37)   [Kremote: Compressing objects:  29% (11/37)   [Kremote: Compressing objects:  32% (12/37)   [Kremote: Compressing objects:  35% (13/37)   [Kremote: Compressing objects:  37% (14/37)   [Kremote: Compressing objects:  40% (15/37)   [Kremote: Compressing objects:  43% (16/37)   [Kremote: Compressing objects:  45% (17/37)   [Kremote: Compressing objects:  48% (18/37)   [Kremote: Compressing objects:  51% (19/37)   [Kremote: Compressing objects:  54% (20/37)   [Kremote: Compressing objects:  56% (21/37)   [Kremote: Compressing objects:  59% (22/37)   [Kremote: Compressing objects:  62% (23/37)   [Kremote: Compressing objects:  64% (24/37)   [Kremote: Compressing objects:  67% (25/37)   [Kremote: Compressing objects:  70% (26/37)   [Kremote: Compressing objects:  72% (27/37)   [Kremote: Compressing objects:  75% (28/37)   [Kremote: Compressing objects:  78% (29/37)   [Kremote: Compressing objects:  81% (30/37)   [Kremote: Compressing objects:  83% (31/37)   [Kremote: Compressing objects:  86% (32/37)   [Kremote: Compressing objects:  89% (33/37)   [Kremote: Compressing objects:  91% (34/37)   [Kremote: Compressing objects:  94% (35/37)   [Kremote: Compressing objects:  97% (36/37)   [Kremote: Compressing objects: 100% (37/37)   [Kremote: Compressing objects: 100% (37/37), done.[K
remote: Total 63 (delta 14), reused 57 (delta 8), pack-reused 0[K
Unpacking objects:   1% (1/63)   Unpacking objects:   3% (2/63)   Unpacking objects:   4% (3/63)   Unpacking objects:   6% (4/63)   Unpacking objects:   7% (5/63)   Unpacking objects:   9% (6/63)   Unpacking objects:  11% (7/63)   Unpacking objects:  12% (8/63)   Unpacking objects:  14% (9/63)   Unpacking objects:  15% (10/63)   Unpacking objects:  17% (11/63)   Unpacking objects:  19% (12/63)   Unpacking objects:  20% (13/63)   Unpacking objects:  22% (14/63)   Unpacking objects:  23% (15/63)   Unpacking objects:  25% (16/63)   Unpacking objects:  26% (17/63)   Unpacking objects:  28% (18/63)   Unpacking objects:  30% (19/63)   Unpacking objects:  31% (20/63)   Unpacking objects:  33% (21/63)   Unpacking objects:  34% (22/63)   Unpacking objects:  36% (23/63)   Unpacking objects:  38% (24/63)   Unpacking objects:  39% (25/63)   Unpacking objects:  41% (26/63)   Unpacking objects:  42% (27/63)   Unpacking objects:  44% (28/63)   Unpacking objects:  46% (29/63)   Unpacking objects:  47% (30/63)   Unpacking objects:  49% (31/63)   Unpacking objects:  50% (32/63)   Unpacking objects:  52% (33/63)   Unpacking objects:  53% (34/63)   Unpacking objects:  55% (35/63)   Unpacking objects:  57% (36/63)   Unpacking objects:  58% (37/63)   Unpacking objects:  60% (38/63)   Unpacking objects:  61% (39/63)   Unpacking objects:  63% (40/63)   Unpacking objects:  65% (41/63)   Unpacking objects:  66% (42/63)   Unpacking objects:  68% (43/63)   Unpacking objects:  69% (44/63)   Unpacking objects:  71% (45/63)   Unpacking objects:  73% (46/63)   Unpacking objects:  74% (47/63)   Unpacking objects:  76% (48/63)   Unpacking objects:  77% (49/63)   Unpacking objects:  79% (50/63)   Unpacking objects:  80% (51/63)   Unpacking objects:  82% (52/63)   Unpacking objects:  84% (53/63)   Unpacking objects:  85% (54/63)   Unpacking objects:  87% (55/63)   Unpacking objects:  88% (56/63)   Unpacking objects:  90% (57/63)   Unpacking objects:  92% (58/63)   Unpacking objects:  93% (59/63)   Unpacking objects:  95% (60/63)   Unpacking objects:  96% (61/63)   Unpacking objects:  98% (62/63)   Unpacking objects: 100% (63/63)   Unpacking objects: 100% (63/63), done.
From git://github.com/square/retrofit
 * branch            refs/pull/906/merge -> FETCH_HEAD
travis_time:end:11851bda:start=1434606778828240944,finish=1434606778924303920,duration=96062976[0K$ git checkout -qf FETCH_HEAD
travis_fold:end:git.checkout[0K
[33;1mThis job is running on container-based infrastructure, which does not allow use of 'sudo', setuid and setguid executables.[0m
[33;1mIf you require sudo, add 'sudo: required' to your .travis.yml[0m
[33;1mSee http://docs.travis-ci.com/user/workers/container-based-infrastructure/ for details.[0m

[33;1mSetting environment variables from .travis.yml[0m
$ export CI_DEPLOY_USERNAME=[secure]
$ export CI_DEPLOY_PASSWORD=[secure]

travis_fold:start:cache.1[0KSetting up build cache
$ export CASHER_DIR=$HOME/.casher
travis_time:start:09f746e8[0K$ Installing caching utilities
travis_time:end:09f746e8:start=1434606780938561558,finish=1434606780983704654,duration=45143096[0Ktravis_time:start:138f8ae4[0Kattempting to download cache archive
fetching PR.906/cache--jdk-oraclejdk7.tbz
found cache
travis_time:end:138f8ae4:start=1434606780987879509,finish=1434606784164632701,duration=3176753192[0Ktravis_time:start:0c8770d0[0Kadding /home/travis/.m2 to cache
travis_time:end:0c8770d0:start=1434606784168592145,finish=1434606788356731033,duration=4188138888[0Ktravis_fold:end:cache.1[0K$ jdk_switcher use oraclejdk7
Switching to Oracle JDK7 (java-7-oracle), JAVA_HOME will be set to /usr/lib/jvm/java-7-oracle
$ java -Xmx32m -version
java version "1.7.0_76"
Java(TM) SE Runtime Environment (build 1.7.0_76-b13)
Java HotSpot(TM) 64-Bit Server VM (build 24.76-b04, mixed mode)
$ javac -J-Xmx32m -version
javac 1.7.0_76
travis_fold:start:install[0Ktravis_time:start:2e8a27e9[0K$ mvn install -DskipTests=true -Dmaven.javadoc.skip=true -B -V
Apache Maven 3.2.5 (12a6b3acb947671f09b81f49094c53f426d8cea1; 2014-12-14T17:29:23+00:00)
Maven home: /usr/local/maven
Java version: 1.7.0_76, vendor: Oracle Corporation
Java home: /usr/lib/jvm/java-7-oracle/jre
Default locale: en_US, platform encoding: UTF-8
OS name: "linux", version: "3.13.0-40-generic", arch: "amd64", family: "unix"
[INFO] Scanning for projects...
[WARNING] 
[WARNING] Some problems were encountered while building the effective model for com.squareup.retrofit:samples:jar:2.0.0-SNAPSHOT
[WARNING] 'build.plugins.plugin.version' for org.apache.maven.plugins:maven-deploy-plugin is missing. @ com.squareup.retrofit:samples:[unknown-version], /home/travis/build/square/retrofit/samples/pom.xml, line 36, column 15
[WARNING] 
[WARNING] It is highly recommended to fix these problems because they threaten the stability of your build.
[WARNING] 
[WARNING] For this reason, future Maven versions might no longer support building such malformed projects.
[WARNING] 
[INFO] ------------------------------------------------------------------------
[INFO] Reactor Build Order:
[INFO] 
[INFO] Retrofit (Parent)
[INFO] Retrofit
[INFO] Adapters
[INFO] Adapter: RxJava
[INFO] Converters
[INFO] Converter: Gson
[INFO] Converter: Protocol Buffers
[INFO] Converter: Jackson
[INFO] Converter: Wire Protocol Buffers
[INFO] Converter: SimpleXML
[INFO] Converter: Moshi
[INFO] Samples
[INFO]                                                                         
[INFO] ------------------------------------------------------------------------
[INFO] Building Retrofit (Parent) 2.0.0-SNAPSHOT
[INFO] ------------------------------------------------------------------------
[INFO] 
[INFO] --- maven-enforcer-plugin:1.0:enforce (enforce-maven) @ parent ---
[INFO] 
[INFO] --- maven-checkstyle-plugin:2.15:checkstyle (default) @ parent ---
[INFO] 
[INFO] --- maven-install-plugin:2.4:install (default-install) @ parent ---
[INFO] Installing /home/travis/build/square/retrofit/pom.xml to /home/travis/.m2/repository/com/squareup/retrofit/parent/2.0.0-SNAPSHOT/parent-2.0.0-SNAPSHOT.pom
[INFO]                                                                         
[INFO] ------------------------------------------------------------------------
[INFO] Building Retrofit 2.0.0-SNAPSHOT
[INFO] ------------------------------------------------------------------------
[INFO] 
[INFO] --- maven-enforcer-plugin:1.0:enforce (enforce-maven) @ retrofit ---
[INFO] 
[INFO] --- maven-resources-plugin:2.6:resources (default-resources) @ retrofit ---
[INFO] Using 'UTF-8' encoding to copy filtered resources.
[INFO] skip non existing resourceDirectory /home/travis/build/square/retrofit/retrofit/src/main/resources
[INFO] 
[INFO] --- maven-compiler-plugin:3.0:compile (default-compile) @ retrofit ---
[INFO] Changes detected - recompiling the module!
[INFO] Compiling 37 source files to /home/travis/build/square/retrofit/retrofit/target/classes
[WARNING] /home/travis/build/square/retrofit/retrofit/src/main/java/retrofit/Retrofit.java: Some input files use unchecked or unsafe operations.
[WARNING] /home/travis/build/square/retrofit/retrofit/src/main/java/retrofit/Retrofit.java: Recompile with -Xlint:unchecked for details.
[INFO] 
[INFO] --- maven-resources-plugin:2.6:testResources (default-testResources) @ retrofit ---
[INFO] Using 'UTF-8' encoding to copy filtered resources.
[INFO] skip non existing resourceDirectory /home/travis/build/square/retrofit/retrofit/src/test/resources
[INFO] 
[INFO] --- maven-compiler-plugin:3.0:testCompile (default-testCompile) @ retrofit ---
[INFO] Changes detected - recompiling the module!
[INFO] Compiling 7 source files to /home/travis/build/square/retrofit/retrofit/target/test-classes
[WARNING] /home/travis/build/square/retrofit/retrofit/src/test/java/retrofit/DefaultCallAdapterFactoryTest.java: /home/travis/build/square/retrofit/retrofit/src/test/java/retrofit/DefaultCallAdapterFactoryTest.java uses unchecked or unsafe operations.
[WARNING] /home/travis/build/square/retrofit/retrofit/src/test/java/retrofit/DefaultCallAdapterFactoryTest.java: Recompile with -Xlint:unchecked for details.
[INFO] 
[INFO] --- maven-surefire-plugin:2.12.4:test (default-test) @ retrofit ---
[INFO] Tests are skipped.
[INFO] 
[INFO] --- maven-jar-plugin:2.4:jar (default-jar) @ retrofit ---
[INFO] Building jar: /home/travis/build/square/retrofit/retrofit/target/retrofit-2.0.0-SNAPSHOT.jar
[INFO] 
[INFO] --- maven-checkstyle-plugin:2.15:checkstyle (default) @ retrofit ---
[INFO] Starting audit...
Audit done.
[WARNING] Unable to locate Source XRef to link to - DISABLED
[INFO] 
[INFO] --- maven-install-plugin:2.4:install (default-install) @ retrofit ---
[INFO] Installing /home/travis/build/square/retrofit/retrofit/target/retrofit-2.0.0-SNAPSHOT.jar to /home/travis/.m2/repository/com/squareup/retrofit/retrofit/2.0.0-SNAPSHOT/retrofit-2.0.0-SNAPSHOT.jar
[INFO] Installing /home/travis/build/square/retrofit/retrofit/pom.xml to /home/travis/.m2/repository/com/squareup/retrofit/retrofit/2.0.0-SNAPSHOT/retrofit-2.0.0-SNAPSHOT.pom
[INFO]                                                                         
[INFO] ------------------------------------------------------------------------
[INFO] Building Adapters 2.0.0-SNAPSHOT
[INFO] ------------------------------------------------------------------------
[INFO] 
[INFO] --- maven-enforcer-plugin:1.0:enforce (enforce-maven) @ retrofit-adapters ---
[INFO] 
[INFO] --- maven-checkstyle-plugin:2.15:checkstyle (default) @ retrofit-adapters ---
[INFO] 
[INFO] --- maven-install-plugin:2.4:install (default-install) @ retrofit-adapters ---
[INFO] Installing /home/travis/build/square/retrofit/retrofit-adapters/pom.xml to /home/travis/.m2/repository/com/squareup/retrofit/retrofit-adapters/2.0.0-SNAPSHOT/retrofit-adapters-2.0.0-SNAPSHOT.pom
[INFO]                                                                         
[INFO] ------------------------------------------------------------------------
[INFO] Building Adapter: RxJava 2.0.0-SNAPSHOT
[INFO] ------------------------------------------------------------------------
[INFO] 
[INFO] --- maven-enforcer-plugin:1.0:enforce (enforce-maven) @ adapter-rxjava ---
[INFO] 
[INFO] --- maven-resources-plugin:2.6:resources (default-resources) @ adapter-rxjava ---
[INFO] Using 'UTF-8' encoding to copy filtered resources.
[INFO] skip non existing resourceDirectory /home/travis/build/square/retrofit/retrofit-adapters/rxjava/src/main/resources
[INFO] 
[INFO] --- maven-compiler-plugin:3.0:compile (default-compile) @ adapter-rxjava ---
[INFO] Changes detected - recompiling the module!
[INFO] Compiling 2 source files to /home/travis/build/square/retrofit/retrofit-adapters/rxjava/target/classes
[INFO] 
[INFO] --- maven-resources-plugin:2.6:testResources (default-testResources) @ adapter-rxjava ---
[INFO] Using 'UTF-8' encoding to copy filtered resources.
[INFO] skip non existing resourceDirectory /home/travis/build/square/retrofit/retrofit-adapters/rxjava/src/test/resources
[INFO] 
[INFO] --- maven-compiler-plugin:3.0:testCompile (default-testCompile) @ adapter-rxjava ---
[INFO] Changes detected - recompiling the module!
[INFO] Compiling 2 source files to /home/travis/build/square/retrofit/retrofit-adapters/rxjava/target/test-classes
[INFO] 
[INFO] --- maven-surefire-plugin:2.12.4:test (default-test) @ adapter-rxjava ---
[INFO] Tests are skipped.
[INFO] 
[INFO] --- maven-jar-plugin:2.4:jar (default-jar) @ adapter-rxjava ---
[INFO] Building jar: /home/travis/build/square/retrofit/retrofit-adapters/rxjava/target/adapter-rxjava-2.0.0-SNAPSHOT.jar
[INFO] 
[INFO] --- maven-checkstyle-plugin:2.15:checkstyle (default) @ adapter-rxjava ---
[INFO] Starting audit...
Audit done.
[WARNING] Unable to locate Source XRef to link to - DISABLED
[INFO] 
[INFO] --- maven-install-plugin:2.4:install (default-install) @ adapter-rxjava ---
[INFO] Installing /home/travis/build/square/retrofit/retrofit-adapters/rxjava/target/adapter-rxjava-2.0.0-SNAPSHOT.jar to /home/travis/.m2/repository/com/squareup/retrofit/adapter-rxjava/2.0.0-SNAPSHOT/adapter-rxjava-2.0.0-SNAPSHOT.jar
[INFO] Installing /home/travis/build/square/retrofit/retrofit-adapters/rxjava/pom.xml to /home/travis/.m2/repository/com/squareup/retrofit/adapter-rxjava/2.0.0-SNAPSHOT/adapter-rxjava-2.0.0-SNAPSHOT.pom
[INFO]                                                                         
[INFO] ------------------------------------------------------------------------
[INFO] Building Converters 2.0.0-SNAPSHOT
[INFO] ------------------------------------------------------------------------
[INFO] 
[INFO] --- maven-enforcer-plugin:1.0:enforce (enforce-maven) @ retrofit-converters ---
[INFO] 
[INFO] --- maven-checkstyle-plugin:2.15:checkstyle (default) @ retrofit-converters ---
[INFO] 
[INFO] --- maven-install-plugin:2.4:install (default-install) @ retrofit-converters ---
[INFO] Installing /home/travis/build/square/retrofit/retrofit-converters/pom.xml to /home/travis/.m2/repository/com/squareup/retrofit/retrofit-converters/2.0.0-SNAPSHOT/retrofit-converters-2.0.0-SNAPSHOT.pom
[INFO]                                                                         
[INFO] ------------------------------------------------------------------------
[INFO] Building Converter: Gson 2.0.0-SNAPSHOT
[INFO] ------------------------------------------------------------------------
[INFO] 
[INFO] --- maven-enforcer-plugin:1.0:enforce (enforce-maven) @ converter-gson ---
[INFO] 
[INFO] --- maven-resources-plugin:2.6:resources (default-resources) @ converter-gson ---
[INFO] Using 'UTF-8' encoding to copy filtered resources.
[INFO] skip non existing resourceDirectory /home/travis/build/square/retrofit/retrofit-converters/gson/src/main/resources
[INFO] 
[INFO] --- maven-compiler-plugin:3.0:compile (default-compile) @ converter-gson ---
[INFO] Changes detected - recompiling the module!
[INFO] Compiling 1 source file to /home/travis/build/square/retrofit/retrofit-converters/gson/target/classes
[INFO] 
[INFO] --- maven-resources-plugin:2.6:testResources (default-testResources) @ converter-gson ---
[INFO] Using 'UTF-8' encoding to copy filtered resources.
[INFO] skip non existing resourceDirectory /home/travis/build/square/retrofit/retrofit-converters/gson/src/test/resources
[INFO] 
[INFO] --- maven-compiler-plugin:3.0:testCompile (default-testCompile) @ converter-gson ---
[INFO] Changes detected - recompiling the module!
[INFO] Compiling 1 source file to /home/travis/build/square/retrofit/retrofit-converters/gson/target/test-classes
[INFO] 
[INFO] --- maven-surefire-plugin:2.12.4:test (default-test) @ converter-gson ---
[INFO] Tests are skipped.
[INFO] 
[INFO] --- maven-jar-plugin:2.4:jar (default-jar) @ converter-gson ---
[INFO] Building jar: /home/travis/build/square/retrofit/retrofit-converters/gson/target/converter-gson-2.0.0-SNAPSHOT.jar
[INFO] 
[INFO] --- maven-checkstyle-plugin:2.15:checkstyle (default) @ converter-gson ---
[INFO] Starting audit...
Audit done.
[WARNING] Unable to locate Source XRef to link to - DISABLED
[INFO] 
[INFO] --- maven-install-plugin:2.4:install (default-install) @ converter-gson ---
[INFO] Installing /home/travis/build/square/retrofit/retrofit-converters/gson/target/converter-gson-2.0.0-SNAPSHOT.jar to /home/travis/.m2/repository/com/squareup/retrofit/converter-gson/2.0.0-SNAPSHOT/converter-gson-2.0.0-SNAPSHOT.jar
[INFO] Installing /home/travis/build/square/retrofit/retrofit-converters/gson/pom.xml to /home/travis/.m2/repository/com/squareup/retrofit/converter-gson/2.0.0-SNAPSHOT/converter-gson-2.0.0-SNAPSHOT.pom
[INFO]                                                                         
[INFO] ------------------------------------------------------------------------
[INFO] Building Converter: Protocol Buffers 2.0.0-SNAPSHOT
[INFO] ------------------------------------------------------------------------
[INFO] 
[INFO] --- maven-enforcer-plugin:1.0:enforce (enforce-maven) @ converter-protobuf ---
[INFO] 
[INFO] --- maven-resources-plugin:2.6:resources (default-resources) @ converter-protobuf ---
[INFO] Using 'UTF-8' encoding to copy filtered resources.
[INFO] skip non existing resourceDirectory /home/travis/build/square/retrofit/retrofit-converters/protobuf/src/main/resources
[INFO] 
[INFO] --- maven-compiler-plugin:3.0:compile (default-compile) @ converter-protobuf ---
[INFO] Changes detected - recompiling the module!
[INFO] Compiling 1 source file to /home/travis/build/square/retrofit/retrofit-converters/protobuf/target/classes
[INFO] 
[INFO] --- maven-resources-plugin:2.6:testResources (default-testResources) @ converter-protobuf ---
[INFO] Using 'UTF-8' encoding to copy filtered resources.
[INFO] skip non existing resourceDirectory /home/travis/build/square/retrofit/retrofit-converters/protobuf/src/test/resources
[INFO] 
[INFO] --- maven-compiler-plugin:3.0:testCompile (default-testCompile) @ converter-protobuf ---
[INFO] Changes detected - recompiling the module!
[INFO] Compiling 2 source files to /home/travis/build/square/retrofit/retrofit-converters/protobuf/target/test-classes
[INFO] 
[INFO] --- maven-surefire-plugin:2.12.4:test (default-test) @ converter-protobuf ---
[INFO] Tests are skipped.
[INFO] 
[INFO] --- maven-jar-plugin:2.4:jar (default-jar) @ converter-protobuf ---
[INFO] Building jar: /home/travis/build/square/retrofit/retrofit-converters/protobuf/target/converter-protobuf-2.0.0-SNAPSHOT.jar
[INFO] 
[INFO] --- maven-checkstyle-plugin:2.15:checkstyle (default) @ converter-protobuf ---
[INFO] Starting audit...
Audit done.
[WARNING] Unable to locate Source XRef to link to - DISABLED
[INFO] 
[INFO] --- maven-install-plugin:2.4:install (default-install) @ converter-protobuf ---
[INFO] Installing /home/travis/build/square/retrofit/retrofit-converters/protobuf/target/converter-protobuf-2.0.0-SNAPSHOT.jar to /home/travis/.m2/repository/com/squareup/retrofit/converter-protobuf/2.0.0-SNAPSHOT/converter-protobuf-2.0.0-SNAPSHOT.jar
[INFO] Installing /home/travis/build/square/retrofit/retrofit-converters/protobuf/pom.xml to /home/travis/.m2/repository/com/squareup/retrofit/converter-protobuf/2.0.0-SNAPSHOT/converter-protobuf-2.0.0-SNAPSHOT.pom
[INFO]                                                                         
[INFO] ------------------------------------------------------------------------
[INFO] Building Converter: Jackson 2.0.0-SNAPSHOT
[INFO] ------------------------------------------------------------------------
[INFO] 
[INFO] --- maven-enforcer-plugin:1.0:enforce (enforce-maven) @ converter-jackson ---
[INFO] 
[INFO] --- maven-resources-plugin:2.6:resources (default-resources) @ converter-jackson ---
[INFO] Using 'UTF-8' encoding to copy filtered resources.
[INFO] skip non existing resourceDirectory /home/travis/build/square/retrofit/retrofit-converters/jackson/src/main/resources
[INFO] 
[INFO] --- maven-compiler-plugin:3.0:compile (default-compile) @ converter-jackson ---
[INFO] Changes detected - recompiling the module!
[INFO] Compiling 1 source file to /home/travis/build/square/retrofit/retrofit-converters/jackson/target/classes
[INFO] 
[INFO] --- maven-resources-plugin:2.6:testResources (default-testResources) @ converter-jackson ---
[INFO] Using 'UTF-8' encoding to copy filtered resources.
[INFO] skip non existing resourceDirectory /home/travis/build/square/retrofit/retrofit-converters/jackson/src/test/resources
[INFO] 
[INFO] --- maven-compiler-plugin:3.0:testCompile (default-testCompile) @ converter-jackson ---
[INFO] Changes detected - recompiling the module!
[INFO] Compiling 1 source file to /home/travis/build/square/retrofit/retrofit-converters/jackson/target/test-classes
[INFO] 
[INFO] --- maven-surefire-plugin:2.12.4:test (default-test) @ converter-jackson ---
[INFO] Tests are skipped.
[INFO] 
[INFO] --- maven-jar-plugin:2.4:jar (default-jar) @ converter-jackson ---
[INFO] Building jar: /home/travis/build/square/retrofit/retrofit-converters/jackson/target/converter-jackson-2.0.0-SNAPSHOT.jar
[INFO] 
[INFO] --- maven-checkstyle-plugin:2.15:checkstyle (default) @ converter-jackson ---
[INFO] Starting audit...
Audit done.
[WARNING] Unable to locate Source XRef to link to - DISABLED
[INFO] 
[INFO] --- maven-install-plugin:2.4:install (default-install) @ converter-jackson ---
[INFO] Installing /home/travis/build/square/retrofit/retrofit-converters/jackson/target/converter-jackson-2.0.0-SNAPSHOT.jar to /home/travis/.m2/repository/com/squareup/retrofit/converter-jackson/2.0.0-SNAPSHOT/converter-jackson-2.0.0-SNAPSHOT.jar
[INFO] Installing /home/travis/build/square/retrofit/retrofit-converters/jackson/pom.xml to /home/travis/.m2/repository/com/squareup/retrofit/converter-jackson/2.0.0-SNAPSHOT/converter-jackson-2.0.0-SNAPSHOT.pom
[INFO]                                                                         
[INFO] ------------------------------------------------------------------------
[INFO] Building Converter: Wire Protocol Buffers 2.0.0-SNAPSHOT
[INFO] ------------------------------------------------------------------------
[INFO] 
[INFO] --- maven-enforcer-plugin:1.0:enforce (enforce-maven) @ converter-wire ---
[INFO] 
[INFO] --- maven-resources-plugin:2.6:resources (default-resources) @ converter-wire ---
[INFO] Using 'UTF-8' encoding to copy filtered resources.
[INFO] skip non existing resourceDirectory /home/travis/build/square/retrofit/retrofit-converters/wire/src/main/resources
[INFO] 
[INFO] --- maven-compiler-plugin:3.0:compile (default-compile) @ converter-wire ---
[INFO] Changes detected - recompiling the module!
[INFO] Compiling 1 source file to /home/travis/build/square/retrofit/retrofit-converters/wire/target/classes
[INFO] 
[INFO] --- maven-resources-plugin:2.6:testResources (default-testResources) @ converter-wire ---
[INFO] Using 'UTF-8' encoding to copy filtered resources.
[INFO] skip non existing resourceDirectory /home/travis/build/square/retrofit/retrofit-converters/wire/src/test/resources
[INFO] 
[INFO] --- maven-compiler-plugin:3.0:testCompile (default-testCompile) @ converter-wire ---
[INFO] Changes detected - recompiling the module!
[INFO] Compiling 2 source files to /home/travis/build/square/retrofit/retrofit-converters/wire/target/test-classes
[INFO] 
[INFO] --- maven-surefire-plugin:2.12.4:test (default-test) @ converter-wire ---
[INFO] Tests are skipped.
[INFO] 
[INFO] --- maven-jar-plugin:2.4:jar (default-jar) @ converter-wire ---
[INFO] Building jar: /home/travis/build/square/retrofit/retrofit-converters/wire/target/converter-wire-2.0.0-SNAPSHOT.jar
[INFO] 
[INFO] --- maven-checkstyle-plugin:2.15:checkstyle (default) @ converter-wire ---
[INFO] Starting audit...
Audit done.
[WARNING] Unable to locate Source XRef to link to - DISABLED
[INFO] 
[INFO] --- maven-install-plugin:2.4:install (default-install) @ converter-wire ---
[INFO] Installing /home/travis/build/square/retrofit/retrofit-converters/wire/target/converter-wire-2.0.0-SNAPSHOT.jar to /home/travis/.m2/repository/com/squareup/retrofit/converter-wire/2.0.0-SNAPSHOT/converter-wire-2.0.0-SNAPSHOT.jar
[INFO] Installing /home/travis/build/square/retrofit/retrofit-converters/wire/pom.xml to /home/travis/.m2/repository/com/squareup/retrofit/converter-wire/2.0.0-SNAPSHOT/converter-wire-2.0.0-SNAPSHOT.pom
[INFO]                                                                         
[INFO] ------------------------------------------------------------------------
[INFO] Building Converter: SimpleXML 2.0.0-SNAPSHOT
[INFO] ------------------------------------------------------------------------
[INFO] 
[INFO] --- maven-enforcer-plugin:1.0:enforce (enforce-maven) @ converter-simplexml ---
[INFO] 
[INFO] --- maven-resources-plugin:2.6:resources (default-resources) @ converter-simplexml ---
[INFO] Using 'UTF-8' encoding to copy filtered resources.
[INFO] skip non existing resourceDirectory /home/travis/build/square/retrofit/retrofit-converters/simplexml/src/main/resources
[INFO] 
[INFO] --- maven-compiler-plugin:3.0:compile (default-compile) @ converter-simplexml ---
[INFO] Changes detected - recompiling the module!
[INFO] Compiling 1 source file to /home/travis/build/square/retrofit/retrofit-converters/simplexml/target/classes
[INFO] 
[INFO] --- maven-resources-plugin:2.6:testResources (default-testResources) @ converter-simplexml ---
[INFO] Using 'UTF-8' encoding to copy filtered resources.
[INFO] skip non existing resourceDirectory /home/travis/build/square/retrofit/retrofit-converters/simplexml/src/test/resources
[INFO] 
[INFO] --- maven-compiler-plugin:3.0:testCompile (default-testCompile) @ converter-simplexml ---
[INFO] Changes detected - recompiling the module!
[INFO] Compiling 2 source files to /home/travis/build/square/retrofit/retrofit-converters/simplexml/target/test-classes
[INFO] 
[INFO] --- maven-surefire-plugin:2.12.4:test (default-test) @ converter-simplexml ---
[INFO] Tests are skipped.
[INFO] 
[INFO] --- maven-jar-plugin:2.4:jar (default-jar) @ converter-simplexml ---
[INFO] Building jar: /home/travis/build/square/retrofit/retrofit-converters/simplexml/target/converter-simplexml-2.0.0-SNAPSHOT.jar
[INFO] 
[INFO] --- maven-checkstyle-plugin:2.15:checkstyle (default) @ converter-simplexml ---
[INFO] Starting audit...
Audit done.
[WARNING] Unable to locate Source XRef to link to - DISABLED
[INFO] 
[INFO] --- maven-install-plugin:2.4:install (default-install) @ converter-simplexml ---
[INFO] Installing /home/travis/build/square/retrofit/retrofit-converters/simplexml/target/converter-simplexml-2.0.0-SNAPSHOT.jar to /home/travis/.m2/repository/com/squareup/retrofit/converter-simplexml/2.0.0-SNAPSHOT/converter-simplexml-2.0.0-SNAPSHOT.jar
[INFO] Installing /home/travis/build/square/retrofit/retrofit-converters/simplexml/pom.xml to /home/travis/.m2/repository/com/squareup/retrofit/converter-simplexml/2.0.0-SNAPSHOT/converter-simplexml-2.0.0-SNAPSHOT.pom
[INFO]                                                                         
[INFO] ------------------------------------------------------------------------
[INFO] Building Converter: Moshi 2.0.0-SNAPSHOT
[INFO] ------------------------------------------------------------------------
[INFO] 
[INFO] --- maven-enforcer-plugin:1.0:enforce (enforce-maven) @ converter-moshi ---
[INFO] 
[INFO] --- maven-resources-plugin:2.6:resources (default-resources) @ converter-moshi ---
[INFO] Using 'UTF-8' encoding to copy filtered resources.
[INFO] skip non existing resourceDirectory /home/travis/build/square/retrofit/retrofit-converters/moshi/src/main/resources
[INFO] 
[INFO] --- maven-compiler-plugin:3.0:compile (default-compile) @ converter-moshi ---
[INFO] Changes detected - recompiling the module!
[INFO] Compiling 1 source file to /home/travis/build/square/retrofit/retrofit-converters/moshi/target/classes
[INFO] 
[INFO] --- maven-resources-plugin:2.6:testResources (default-testResources) @ converter-moshi ---
[INFO] Using 'UTF-8' encoding to copy filtered resources.
[INFO] skip non existing resourceDirectory /home/travis/build/square/retrofit/retrofit-converters/moshi/src/test/resources
[INFO] 
[INFO] --- maven-compiler-plugin:3.0:testCompile (default-testCompile) @ converter-moshi ---
[INFO] Changes detected - recompiling the module!
[INFO] Compiling 1 source file to /home/travis/build/square/retrofit/retrofit-converters/moshi/target/test-classes
[INFO] 
[INFO] --- maven-surefire-plugin:2.12.4:test (default-test) @ converter-moshi ---
[INFO] Tests are skipped.
[INFO] 
[INFO] --- maven-jar-plugin:2.4:jar (default-jar) @ converter-moshi ---
[INFO] Building jar: /home/travis/build/square/retrofit/retrofit-converters/moshi/target/converter-moshi-2.0.0-SNAPSHOT.jar
[INFO] 
[INFO] --- maven-checkstyle-plugin:2.15:checkstyle (default) @ converter-moshi ---
[INFO] Starting audit...
Audit done.
[WARNING] Unable to locate Source XRef to link to - DISABLED
[INFO] 
[INFO] --- maven-install-plugin:2.4:install (default-install) @ converter-moshi ---
[INFO] Installing /home/travis/build/square/retrofit/retrofit-converters/moshi/target/converter-moshi-2.0.0-SNAPSHOT.jar to /home/travis/.m2/repository/com/squareup/retrofit/converter-moshi/2.0.0-SNAPSHOT/converter-moshi-2.0.0-SNAPSHOT.jar
[INFO] Installing /home/travis/build/square/retrofit/retrofit-converters/moshi/pom.xml to /home/travis/.m2/repository/com/squareup/retrofit/converter-moshi/2.0.0-SNAPSHOT/converter-moshi-2.0.0-SNAPSHOT.pom
[INFO]                                                                         
[INFO] ------------------------------------------------------------------------
[INFO] Building Samples 2.0.0-SNAPSHOT
[INFO] ------------------------------------------------------------------------
[INFO] 
[INFO] --- maven-enforcer-plugin:1.0:enforce (enforce-maven) @ samples ---
[INFO] 
[INFO] --- maven-resources-plugin:2.6:resources (default-resources) @ samples ---
[INFO] Using 'UTF-8' encoding to copy filtered resources.
[INFO] skip non existing resourceDirectory /home/travis/build/square/retrofit/samples/src/main/resources
[INFO] 
[INFO] --- maven-compiler-plugin:3.0:compile (default-compile) @ samples ---
[INFO] Changes detected - recompiling the module!
[INFO] Compiling 2 source files to /home/travis/build/square/retrofit/samples/target/classes
[INFO] 
[INFO] --- maven-resources-plugin:2.6:testResources (default-testResources) @ samples ---
[INFO] Using 'UTF-8' encoding to copy filtered resources.
[INFO] skip non existing resourceDirectory /home/travis/build/square/retrofit/samples/src/test/resources
[INFO] 
[INFO] --- maven-compiler-plugin:3.0:testCompile (default-testCompile) @ samples ---
[INFO] No sources to compile
[INFO] 
[INFO] --- maven-surefire-plugin:2.12.4:test (default-test) @ samples ---
[INFO] Tests are skipped.
[INFO] 
[INFO] --- maven-jar-plugin:2.4:jar (default-jar) @ samples ---
[INFO] Building jar: /home/travis/build/square/retrofit/samples/target/samples-2.0.0-SNAPSHOT.jar
[INFO] 
[INFO] --- maven-checkstyle-plugin:2.15:checkstyle (default) @ samples ---
[INFO] Starting audit...
Audit done.
[WARNING] Unable to locate Source XRef to link to - DISABLED
[INFO] 
[INFO] --- maven-install-plugin:2.4:install (default-install) @ samples ---
[INFO] Installing /home/travis/build/square/retrofit/samples/target/samples-2.0.0-SNAPSHOT.jar to /home/travis/.m2/repository/com/squareup/retrofit/samples/2.0.0-SNAPSHOT/samples-2.0.0-SNAPSHOT.jar
[INFO] Installing /home/travis/build/square/retrofit/samples/pom.xml to /home/travis/.m2/repository/com/squareup/retrofit/samples/2.0.0-SNAPSHOT/samples-2.0.0-SNAPSHOT.pom
[INFO] ------------------------------------------------------------------------
[INFO] Reactor Summary:
[INFO] 
[INFO] Retrofit (Parent) .................................. SUCCESS [  1.837 s]
[INFO] Retrofit ........................................... SUCCESS [  7.148 s]
[INFO] Adapters ........................................... SUCCESS [  0.013 s]
[INFO] Adapter: RxJava .................................... SUCCESS [  1.196 s]
[INFO] Converters ......................................... SUCCESS [  0.010 s]
[INFO] Converter: Gson .................................... SUCCESS [  0.612 s]
[INFO] Converter: Protocol Buffers ........................ SUCCESS [  0.909 s]
[INFO] Converter: Jackson ................................. SUCCESS [  0.669 s]
[INFO] Converter: Wire Protocol Buffers ................... SUCCESS [  0.469 s]
[INFO] Converter: SimpleXML ............................... SUCCESS [  0.699 s]
[INFO] Converter: Moshi ................................... SUCCESS [  0.622 s]
[INFO] Samples ............................................ SUCCESS [  0.456 s]
[INFO] ------------------------------------------------------------------------
[INFO] BUILD SUCCESS
[INFO] ------------------------------------------------------------------------
[INFO] Total time: 15.002 s
[INFO] Finished at: 2015-06-18T05:53:25+00:00
[INFO] Final Memory: 33M/446M
[INFO] ------------------------------------------------------------------------
travis_time:end:2e8a27e9:start=1434606788683832513,finish=1434606806030369341,duration=17346536828[0Ktravis_fold:end:install[0Ktravis_time:start:0d7a24da[0K$ mvn test -B
[INFO] Scanning for projects...
[WARNING] 
[WARNING] Some problems were encountered while building the effective model for com.squareup.retrofit:samples:jar:2.0.0-SNAPSHOT
[WARNING] 'build.plugins.plugin.version' for org.apache.maven.plugins:maven-deploy-plugin is missing. @ com.squareup.retrofit:samples:[unknown-version], /home/travis/build/square/retrofit/samples/pom.xml, line 36, column 15
[WARNING] 
[WARNING] It is highly recommended to fix these problems because they threaten the stability of your build.
[WARNING] 
[WARNING] For this reason, future Maven versions might no longer support building such malformed projects.
[WARNING] 
[INFO] ------------------------------------------------------------------------
[INFO] Reactor Build Order:
[INFO] 
[INFO] Retrofit (Parent)
[INFO] Retrofit
[INFO] Adapters
[INFO] Adapter: RxJava
[INFO] Converters
[INFO] Converter: Gson
[INFO] Converter: Protocol Buffers
[INFO] Converter: Jackson
[INFO] Converter: Wire Protocol Buffers
[INFO] Converter: SimpleXML
[INFO] Converter: Moshi
[INFO] Samples
[INFO]                                                                         
[INFO] ------------------------------------------------------------------------
[INFO] Building Retrofit (Parent) 2.0.0-SNAPSHOT
[INFO] ------------------------------------------------------------------------
[INFO] 
[INFO] --- maven-enforcer-plugin:1.0:enforce (enforce-maven) @ parent ---
[INFO]                                                                         
[INFO] ------------------------------------------------------------------------
[INFO] Building Retrofit 2.0.0-SNAPSHOT
[INFO] ------------------------------------------------------------------------
[INFO] 
[INFO] --- maven-enforcer-plugin:1.0:enforce (enforce-maven) @ retrofit ---
[INFO] 
[INFO] --- maven-resources-plugin:2.6:resources (default-resources) @ retrofit ---
[INFO] Using 'UTF-8' encoding to copy filtered resources.
[INFO] skip non existing resourceDirectory /home/travis/build/square/retrofit/retrofit/src/main/resources
[INFO] 
[INFO] --- maven-compiler-plugin:3.0:compile (default-compile) @ retrofit ---
[INFO] Changes detected - recompiling the module!
[INFO] Compiling 37 source files to /home/travis/build/square/retrofit/retrofit/target/classes
[WARNING] /home/travis/build/square/retrofit/retrofit/src/main/java/retrofit/Retrofit.java: Some input files use unchecked or unsafe operations.
[WARNING] /home/travis/build/square/retrofit/retrofit/src/main/java/retrofit/Retrofit.java: Recompile with -Xlint:unchecked for details.
[INFO] 
[INFO] --- maven-resources-plugin:2.6:testResources (default-testResources) @ retrofit ---
[INFO] Using 'UTF-8' encoding to copy filtered resources.
[INFO] skip non existing resourceDirectory /home/travis/build/square/retrofit/retrofit/src/test/resources
[INFO] 
[INFO] --- maven-compiler-plugin:3.0:testCompile (default-testCompile) @ retrofit ---
[INFO] Changes detected - recompiling the module!
[INFO] Compiling 7 source files to /home/travis/build/square/retrofit/retrofit/target/test-classes
[WARNING] /home/travis/build/square/retrofit/retrofit/src/test/java/retrofit/DefaultCallAdapterFactoryTest.java: /home/travis/build/square/retrofit/retrofit/src/test/java/retrofit/DefaultCallAdapterFactoryTest.java uses unchecked or unsafe operations.
[WARNING] /home/travis/build/square/retrofit/retrofit/src/test/java/retrofit/DefaultCallAdapterFactoryTest.java: Recompile with -Xlint:unchecked for details.
[INFO] 
[INFO] --- maven-surefire-plugin:2.12.4:test (default-test) @ retrofit ---
[INFO] Surefire report directory: /home/travis/build/square/retrofit/retrofit/target/surefire-reports

-------------------------------------------------------
 T E S T S
-------------------------------------------------------
Running retrofit.MethodInfoTest
Tests run: 4, Failures: 0, Errors: 0, Skipped: 0, Time elapsed: 0.165 sec
Running retrofit.RetrofitTest
Jun 18, 2015 5:53:32 AM com.squareup.okhttp.mockwebserver.MockWebServer$2 execute
INFO: MockWebServer[44219] starting to accept connections
Jun 18, 2015 5:53:33 AM com.squareup.okhttp.mockwebserver.MockWebServer$2 acceptConnections
INFO: MockWebServer[44219] done accepting connections: Socket closed
Jun 18, 2015 5:53:33 AM com.squareup.okhttp.mockwebserver.MockWebServer$2 execute
INFO: MockWebServer[59341] starting to accept connections
Jun 18, 2015 5:53:33 AM com.squareup.okhttp.mockwebserver.MockWebServer$2 acceptConnections
INFO: MockWebServer[59341] done accepting connections: Socket is closed
Jun 18, 2015 5:53:33 AM com.squareup.okhttp.mockwebserver.MockWebServer$2 execute
INFO: MockWebServer[52310] starting to accept connections
Jun 18, 2015 5:53:33 AM com.squareup.okhttp.mockwebserver.MockWebServer$2 acceptConnections
INFO: MockWebServer[52310] done accepting connections: Socket is closed
Jun 18, 2015 5:53:33 AM com.squareup.okhttp.mockwebserver.MockWebServer$2 execute
INFO: MockWebServer[51379] starting to accept connections
Jun 18, 2015 5:53:33 AM com.squareup.okhttp.mockwebserver.MockWebServer$2 acceptConnections
INFO: MockWebServer[51379] done accepting connections: Socket is closed
Jun 18, 2015 5:53:33 AM com.squareup.okhttp.mockwebserver.MockWebServer$2 execute
INFO: MockWebServer[53058] starting to accept connections
Jun 18, 2015 5:53:33 AM com.squareup.okhttp.mockwebserver.MockWebServer$3 processOneRequest
INFO: MockWebServer[53058] received request: GET / HTTP/1.1 and responded: HTTP/1.1 200 OK
Jun 18, 2015 5:53:33 AM com.squareup.okhttp.mockwebserver.MockWebServer$2 acceptConnections
INFO: MockWebServer[53058] done accepting connections: Socket closed
Jun 18, 2015 5:53:33 AM com.squareup.okhttp.mockwebserver.MockWebServer$2 execute
INFO: MockWebServer[32905] starting to accept connections
Jun 18, 2015 5:53:33 AM com.squareup.okhttp.mockwebserver.MockWebServer$2 acceptConnections
INFO: MockWebServer[32905] done accepting connections: Socket is closed
Jun 18, 2015 5:53:33 AM com.squareup.okhttp.mockwebserver.MockWebServer$2 execute
INFO: MockWebServer[39353] starting to accept connections
Jun 18, 2015 5:53:33 AM com.squareup.okhttp.mockwebserver.MockWebServer$2 acceptConnections
INFO: MockWebServer[39353] done accepting connections: Socket is closed
Jun 18, 2015 5:53:33 AM com.squareup.okhttp.mockwebserver.MockWebServer$2 execute
INFO: MockWebServer[44542] starting to accept connections
Jun 18, 2015 5:53:33 AM com.squareup.okhttp.mockwebserver.MockWebServer$2 acceptConnections
INFO: MockWebServer[44542] done accepting connections: Socket closed
Jun 18, 2015 5:53:33 AM com.squareup.okhttp.mockwebserver.MockWebServer$3 processOneRequest
INFO: MockWebServer[44542] received request: POST / HTTP/1.1 and responded: HTTP/1.1 200 OK
Jun 18, 2015 5:53:33 AM com.squareup.okhttp.mockwebserver.MockWebServer$2 execute
INFO: MockWebServer[60209] starting to accept connections
Jun 18, 2015 5:53:33 AM com.squareup.okhttp.mockwebserver.MockWebServer$2 acceptConnections
INFO: MockWebServer[60209] done accepting connections: Socket is closed
Jun 18, 2015 5:53:33 AM com.squareup.okhttp.mockwebserver.MockWebServer$2 execute
INFO: MockWebServer[42719] starting to accept connections
Jun 18, 2015 5:53:33 AM com.squareup.okhttp.mockwebserver.MockWebServer$2 acceptConnections
INFO: MockWebServer[42719] done accepting connections: Socket is closed
Jun 18, 2015 5:53:33 AM com.squareup.okhttp.mockwebserver.MockWebServer$2 execute
INFO: MockWebServer[49855] starting to accept connections
Jun 18, 2015 5:53:33 AM com.squareup.okhttp.mockwebserver.MockWebServer$2 acceptConnections
INFO: MockWebServer[49855] done accepting connections: Socket is closed
Jun 18, 2015 5:53:33 AM com.squareup.okhttp.mockwebserver.MockWebServer$2 execute
INFO: MockWebServer[57333] starting to accept connections
Jun 18, 2015 5:53:33 AM com.squareup.okhttp.mockwebserver.MockWebServer$2 acceptConnections
INFO: MockWebServer[57333] done accepting connections: Socket is closed
Jun 18, 2015 5:53:33 AM com.squareup.okhttp.mockwebserver.MockWebServer$2 execute
INFO: MockWebServer[34386] starting to accept connections
Jun 18, 2015 5:53:33 AM com.squareup.okhttp.mockwebserver.MockWebServer$2 acceptConnections
INFO: MockWebServer[34386] done accepting connections: Socket is closed
Jun 18, 2015 5:53:33 AM com.squareup.okhttp.mockwebserver.MockWebServer$2 execute
INFO: MockWebServer[56812] starting to accept connections
Jun 18, 2015 5:53:33 AM com.squareup.okhttp.mockwebserver.MockWebServer$2 acceptConnections
INFO: MockWebServer[56812] done accepting connections: Socket is closed
Jun 18, 2015 5:53:33 AM com.squareup.okhttp.mockwebserver.MockWebServer$2 execute
INFO: MockWebServer[53982] starting to accept connections
Jun 18, 2015 5:53:33 AM com.squareup.okhttp.mockwebserver.MockWebServer$2 acceptConnections
INFO: MockWebServer[53982] done accepting connections: Socket is closed
Jun 18, 2015 5:53:33 AM com.squareup.okhttp.mockwebserver.MockWebServer$2 execute
INFO: MockWebServer[47453] starting to accept connections
Jun 18, 2015 5:53:33 AM com.squareup.okhttp.mockwebserver.MockWebServer$2 acceptConnections
INFO: MockWebServer[47453] done accepting connections: Socket is closed
Jun 18, 2015 5:53:33 AM com.squareup.okhttp.mockwebserver.MockWebServer$2 execute
INFO: MockWebServer[43569] starting to accept connections
Jun 18, 2015 5:53:33 AM com.squareup.okhttp.mockwebserver.MockWebServer$2 acceptConnections
INFO: MockWebServer[43569] done accepting connections: Socket is closed
Jun 18, 2015 5:53:33 AM com.squareup.okhttp.mockwebserver.MockWebServer$2 execute
INFO: MockWebServer[35104] starting to accept connections
Jun 18, 2015 5:53:33 AM com.squareup.okhttp.mockwebserver.MockWebServer$2 acceptConnections
INFO: MockWebServer[35104] done accepting connections: Socket is closed
Jun 18, 2015 5:53:33 AM com.squareup.okhttp.mockwebserver.MockWebServer$2 execute
INFO: MockWebServer[50667] starting to accept connections
Jun 18, 2015 5:53:33 AM com.squareup.okhttp.mockwebserver.MockWebServer$2 acceptConnections
INFO: MockWebServer[50667] done accepting connections: Socket is closed
Jun 18, 2015 5:53:33 AM com.squareup.okhttp.mockwebserver.MockWebServer$2 execute
INFO: MockWebServer[58700] starting to accept connections
Jun 18, 2015 5:53:33 AM com.squareup.okhttp.mockwebserver.MockWebServer$2 acceptConnections
INFO: MockWebServer[58700] done accepting connections: Socket is closed
Jun 18, 2015 5:53:33 AM com.squareup.okhttp.mockwebserver.MockWebServer$2 execute
INFO: MockWebServer[33225] starting to accept connections
Jun 18, 2015 5:53:33 AM com.squareup.okhttp.mockwebserver.MockWebServer$2 acceptConnections
INFO: MockWebServer[33225] done accepting connections: Socket is closed
Jun 18, 2015 5:53:33 AM com.squareup.okhttp.mockwebserver.MockWebServer$2 execute
INFO: MockWebServer[48012] starting to accept connections
Jun 18, 2015 5:53:33 AM com.squareup.okhttp.mockwebserver.MockWebServer$2 acceptConnections
INFO: MockWebServer[48012] done accepting connections: Socket is closed
Jun 18, 2015 5:53:33 AM com.squareup.okhttp.mockwebserver.MockWebServer$2 execute
INFO: MockWebServer[44560] starting to accept connections
Jun 18, 2015 5:53:33 AM com.squareup.okhttp.mockwebserver.MockWebServer$2 acceptConnections
INFO: MockWebServer[44560] done accepting connections: Socket is closed
Jun 18, 2015 5:53:34 AM com.squareup.okhttp.mockwebserver.MockWebServer$2 execute
INFO: MockWebServer[53472] starting to accept connections
Jun 18, 2015 5:53:34 AM com.squareup.okhttp.mockwebserver.MockWebServer$2 acceptConnections
INFO: MockWebServer[53472] done accepting connections: Socket is closed
Jun 18, 2015 5:53:34 AM com.squareup.okhttp.mockwebserver.MockWebServer$2 execute
INFO: MockWebServer[35536] starting to accept connections
Jun 18, 2015 5:53:34 AM com.squareup.okhttp.mockwebserver.MockWebServer$2 acceptConnections
INFO: MockWebServer[35536] done accepting connections: Socket is closed
Jun 18, 2015 5:53:34 AM com.squareup.okhttp.mockwebserver.MockWebServer$2 execute
INFO: MockWebServer[49758] starting to accept connections
Jun 18, 2015 5:53:34 AM com.squareup.okhttp.mockwebserver.MockWebServer$2 acceptConnections
INFO: MockWebServer[49758] done accepting connections: Socket is closed
Tests run: 26, Failures: 0, Errors: 0, Skipped: 0, Time elapsed: 1.216 sec
Running retrofit.RequestBuilderTest
Tests run: 83, Failures: 0, Errors: 0, Skipped: 2, Time elapsed: 0.212 sec
Running retrofit.DefaultCallAdapterFactoryTest
Tests run: 8, Failures: 0, Errors: 0, Skipped: 0, Time elapsed: 0.057 sec
Running retrofit.CallTest
Jun 18, 2015 5:53:34 AM com.squareup.okhttp.mockwebserver.MockWebServer$2 execute
INFO: MockWebServer[45759] starting to accept connections
Jun 18, 2015 5:53:35 AM com.squareup.okhttp.mockwebserver.MockWebServer$2 acceptConnections
INFO: MockWebServer[45759] done accepting connections: Socket closed
Jun 18, 2015 5:53:36 AM com.squareup.okhttp.mockwebserver.MockWebServer$3 processOneRequest
INFO: MockWebServer[45759] received request: GET / HTTP/1.1 and responded: HTTP/1.1 200 OK
Jun 18, 2015 5:53:36 AM com.squareup.okhttp.mockwebserver.MockWebServer$2 execute
INFO: MockWebServer[45302] starting to accept connections
Jun 18, 2015 5:53:36 AM com.squareup.okhttp.mockwebserver.MockWebServer$2 acceptConnections
INFO: MockWebServer[45302] done accepting connections: Socket closed
Jun 18, 2015 5:53:36 AM com.squareup.okhttp.mockwebserver.MockWebServer$3 processOneRequest
INFO: MockWebServer[45302] received request: GET / HTTP/1.1 and responded: HTTP/1.1 404 OK
Jun 18, 2015 5:53:36 AM com.squareup.okhttp.mockwebserver.MockWebServer$2 execute
INFO: MockWebServer[39463] starting to accept connections
Jun 18, 2015 5:53:36 AM com.squareup.okhttp.mockwebserver.MockWebServer$2 acceptConnections
INFO: MockWebServer[39463] done accepting connections: Socket closed
Jun 18, 2015 5:53:36 AM com.squareup.okhttp.mockwebserver.MockWebServer$2 execute
INFO: MockWebServer[46366] starting to accept connections
Jun 18, 2015 5:53:36 AM com.squareup.okhttp.mockwebserver.MockWebServer$2 acceptConnections
INFO: MockWebServer[46366] done accepting connections: Socket closed
Jun 18, 2015 5:53:36 AM com.squareup.okhttp.mockwebserver.MockWebServer$3 processOneRequest
INFO: MockWebServer[46366] received request: GET / HTTP/1.1 and responded: HTTP/1.1 200 OK
Jun 18, 2015 5:53:36 AM com.squareup.okhttp.mockwebserver.MockWebServer$2 execute
INFO: MockWebServer[37938] starting to accept connections
Jun 18, 2015 5:53:36 AM com.squareup.okhttp.mockwebserver.MockWebServer$2 acceptConnections
INFO: MockWebServer[37938] done accepting connections: Socket is closed
Jun 18, 2015 5:53:36 AM com.squareup.okhttp.mockwebserver.MockWebServer$2 execute
INFO: MockWebServer[38935] starting to accept connections
Jun 18, 2015 5:53:36 AM com.squareup.okhttp.mockwebserver.MockWebServer$2 acceptConnections
INFO: MockWebServer[38935] done accepting connections: Socket closed
Jun 18, 2015 5:53:36 AM com.squareup.okhttp.mockwebserver.MockWebServer$3 processOneRequest
INFO: MockWebServer[38935] received request: GET / HTTP/1.1 and responded: HTTP/1.1 404 OK
Jun 18, 2015 5:53:36 AM com.squareup.okhttp.mockwebserver.MockWebServer$2 execute
INFO: MockWebServer[43523] starting to accept connections
Jun 18, 2015 5:53:36 AM com.squareup.okhttp.mockwebserver.MockWebServer$3 processOneRequest
INFO: MockWebServer[43523] received request: POST / HTTP/1.1 and responded: HTTP/1.1 200 OK
Jun 18, 2015 5:53:36 AM com.squareup.okhttp.mockwebserver.MockWebServer$2 acceptConnections
INFO: MockWebServer[43523] done accepting connections: Socket closed
Jun 18, 2015 5:53:36 AM com.squareup.okhttp.mockwebserver.MockWebServer$2 execute
INFO: MockWebServer[49263] starting to accept connections
Jun 18, 2015 5:53:36 AM com.squareup.okhttp.mockwebserver.MockWebServer$2 acceptConnections
INFO: MockWebServer[49263] done accepting connections: Socket closed
Jun 18, 2015 5:53:36 AM com.squareup.okhttp.mockwebserver.MockWebServer$3 processOneRequest
INFO: MockWebServer[49263] received request: GET / HTTP/1.1 and responded: HTTP/1.1 204 Nothin
Jun 18, 2015 5:53:36 AM com.squareup.okhttp.mockwebserver.MockWebServer$2 execute
INFO: MockWebServer[42854] starting to accept connections
Jun 18, 2015 5:53:36 AM com.squareup.okhttp.mockwebserver.MockWebServer$2 acceptConnections
INFO: MockWebServer[42854] done accepting connections: Socket closed
Jun 18, 2015 5:53:36 AM com.squareup.okhttp.mockwebserver.MockWebServer$3 processOneRequest
INFO: MockWebServer[42854] received request: GET / HTTP/1.1 and responded: HTTP/1.1 200 OK
Jun 18, 2015 5:53:36 AM com.squareup.okhttp.mockwebserver.MockWebServer$2 execute
INFO: MockWebServer[49095] starting to accept connections
Jun 18, 2015 5:53:37 AM com.squareup.okhttp.mockwebserver.MockWebServer$2 acceptConnections
INFO: MockWebServer[49095] done accepting connections: Socket closed
Jun 18, 2015 5:53:38 AM com.squareup.okhttp.mockwebserver.MockWebServer$3 processOneRequest
INFO: MockWebServer[49095] received request: GET / HTTP/1.1 and responded: HTTP/1.1 200 OK
Jun 18, 2015 5:53:38 AM com.squareup.okhttp.mockwebserver.MockWebServer$2 execute
INFO: MockWebServer[40443] starting to accept connections
Jun 18, 2015 5:53:38 AM com.squareup.okhttp.mockwebserver.MockWebServer$2 acceptConnections
INFO: MockWebServer[40443] done accepting connections: Socket closed
Jun 18, 2015 5:53:38 AM com.squareup.okhttp.mockwebserver.MockWebServer$3 processOneRequest
INFO: MockWebServer[40443] received request: POST / HTTP/1.1 and responded: HTTP/1.1 200 OK
Jun 18, 2015 5:53:38 AM com.squareup.okhttp.mockwebserver.MockWebServer$2 execute
INFO: MockWebServer[60196] starting to accept connections
Jun 18, 2015 5:53:38 AM com.squareup.okhttp.mockwebserver.MockWebServer$2 acceptConnections
INFO: MockWebServer[60196] done accepting connections: Socket is closed
Jun 18, 2015 5:53:38 AM com.squareup.okhttp.mockwebserver.MockWebServer$2 execute
INFO: MockWebServer[38172] starting to accept connections
Jun 18, 2015 5:53:38 AM com.squareup.okhttp.mockwebserver.MockWebServer$2 acceptConnections
INFO: MockWebServer[38172] done accepting connections: Socket closed
Jun 18, 2015 5:53:38 AM com.squareup.okhttp.mockwebserver.MockWebServer$3 processOneRequest
INFO: MockWebServer[38172] received request: GET / HTTP/1.1 and responded: HTTP/1.1 200 OK
Jun 18, 2015 5:53:38 AM com.squareup.okhttp.mockwebserver.MockWebServer$2 execute
INFO: MockWebServer[41860] starting to accept connections
Jun 18, 2015 5:53:38 AM com.squareup.okhttp.mockwebserver.MockWebServer$2 acceptConnections
INFO: MockWebServer[41860] done accepting connections: Socket closed
Jun 18, 2015 5:53:38 AM com.squareup.okhttp.mockwebserver.MockWebServer$3 processOneRequest
INFO: MockWebServer[41860] received request: GET / HTTP/1.1 and responded: HTTP/1.1 200 OK
Jun 18, 2015 5:53:38 AM com.squareup.okhttp.mockwebserver.MockWebServer$2 execute
INFO: MockWebServer[34181] starting to accept connections
Jun 18, 2015 5:53:38 AM com.squareup.okhttp.mockwebserver.MockWebServer$2 acceptConnections
INFO: MockWebServer[34181] done accepting connections: Socket closed
Jun 18, 2015 5:53:38 AM com.squareup.okhttp.mockwebserver.MockWebServer$3 processOneRequest
INFO: MockWebServer[34181] received request: GET / HTTP/1.1 and responded: HTTP/1.1 205 Nothin
Jun 18, 2015 5:53:38 AM com.squareup.okhttp.mockwebserver.MockWebServer$2 execute
INFO: MockWebServer[42053] starting to accept connections
Jun 18, 2015 5:53:38 AM com.squareup.okhttp.mockwebserver.MockWebServer$2 acceptConnections
INFO: MockWebServer[42053] done accepting connections: Socket closed
Jun 18, 2015 5:53:38 AM com.squareup.okhttp.mockwebserver.MockWebServer$3 processOneRequest
INFO: MockWebServer[42053] received request: GET / HTTP/1.1 and responded: HTTP/1.1 200 OK
Jun 18, 2015 5:53:38 AM com.squareup.okhttp.mockwebserver.MockWebServer$2 execute
INFO: MockWebServer[36097] starting to accept connections
Jun 18, 2015 5:53:38 AM com.squareup.okhttp.mockwebserver.MockWebServer$2 acceptConnections
INFO: MockWebServer[36097] done accepting connections: Socket is closed
Jun 18, 2015 5:53:38 AM com.squareup.okhttp.mockwebserver.MockWebServer$2 execute
INFO: MockWebServer[50825] starting to accept connections
Jun 18, 2015 5:53:38 AM com.squareup.okhttp.mockwebserver.MockWebServer$2 acceptConnections
INFO: MockWebServer[50825] done accepting connections: Socket closed
Jun 18, 2015 5:53:38 AM com.squareup.okhttp.mockwebserver.MockWebServer$3 processOneRequest
INFO: MockWebServer[50825] received request: GET / HTTP/1.1 and responded: HTTP/1.1 200 OK
Jun 18, 2015 5:53:38 AM com.squareup.okhttp.mockwebserver.MockWebServer$2 execute
INFO: MockWebServer[46053] starting to accept connections
Jun 18, 2015 5:53:38 AM com.squareup.okhttp.mockwebserver.MockWebServer$2 acceptConnections
INFO: MockWebServer[46053] done accepting connections: Socket closed
Jun 18, 2015 5:53:38 AM com.squareup.okhttp.mockwebserver.MockWebServer$3 processOneRequest
INFO: MockWebServer[46053] received request: GET / HTTP/1.1 and responded: HTTP/1.1 200 OK
Tests run: 19, Failures: 0, Errors: 0, Skipped: 0, Time elapsed: 4.193 sec

Results :

Tests run: 140, Failures: 0, Errors: 0, Skipped: 2

[INFO]                                                                         
[INFO] ------------------------------------------------------------------------
[INFO] Building Adapters 2.0.0-SNAPSHOT
[INFO] ------------------------------------------------------------------------
[INFO] 
[INFO] --- maven-enforcer-plugin:1.0:enforce (enforce-maven) @ retrofit-adapters ---
[INFO]                                                                         
[INFO] ------------------------------------------------------------------------
[INFO] Building Adapter: RxJava 2.0.0-SNAPSHOT
[INFO] ------------------------------------------------------------------------
[INFO] 
[INFO] --- maven-enforcer-plugin:1.0:enforce (enforce-maven) @ adapter-rxjava ---
[INFO] 
[INFO] --- maven-resources-plugin:2.6:resources (default-resources) @ adapter-rxjava ---
[INFO] Using 'UTF-8' encoding to copy filtered resources.
[INFO] skip non existing resourceDirectory /home/travis/build/square/retrofit/retrofit-adapters/rxjava/src/main/resources
[INFO] 
[INFO] --- maven-compiler-plugin:3.0:compile (default-compile) @ adapter-rxjava ---
[INFO] Changes detected - recompiling the module!
[INFO] Compiling 2 source files to /home/travis/build/square/retrofit/retrofit-adapters/rxjava/target/classes
[INFO] 
[INFO] --- maven-resources-plugin:2.6:testResources (default-testResources) @ adapter-rxjava ---
[INFO] Using 'UTF-8' encoding to copy filtered resources.
[INFO] skip non existing resourceDirectory /home/travis/build/square/retrofit/retrofit-adapters/rxjava/src/test/resources
[INFO] 
[INFO] --- maven-compiler-plugin:3.0:testCompile (default-testCompile) @ adapter-rxjava ---
[INFO] Changes detected - recompiling the module!
[INFO] Compiling 2 source files to /home/travis/build/square/retrofit/retrofit-adapters/rxjava/target/test-classes
[INFO] 
[INFO] --- maven-surefire-plugin:2.12.4:test (default-test) @ adapter-rxjava ---
[INFO] Surefire report directory: /home/travis/build/square/retrofit/retrofit-adapters/rxjava/target/surefire-reports

-------------------------------------------------------
 T E S T S
-------------------------------------------------------
Running retrofit.ObservableCallAdapterFactoryTest
Jun 18, 2015 5:53:39 AM com.squareup.okhttp.mockwebserver.MockWebServer$2 execute
INFO: MockWebServer[53823] starting to accept connections
Jun 18, 2015 5:53:39 AM com.squareup.okhttp.mockwebserver.MockWebServer$3 processConnection
WARNING: MockWebServer[53823] connection from /127.0.0.1 didn't make a request
Jun 18, 2015 5:53:39 AM com.squareup.okhttp.mockwebserver.MockWebServer$2 acceptConnections
INFO: MockWebServer[53823] done accepting connections: Socket closed
Jun 18, 2015 5:53:39 AM com.squareup.okhttp.mockwebserver.MockWebServer$2 execute
INFO: MockWebServer[41547] starting to accept connections
Jun 18, 2015 5:53:39 AM com.squareup.okhttp.mockwebserver.MockWebServer$3 processOneRequest
INFO: MockWebServer[41547] received request: GET / HTTP/1.1 and responded: HTTP/1.1 200 OK
Jun 18, 2015 5:53:39 AM com.squareup.okhttp.mockwebserver.MockWebServer$2 acceptConnections
INFO: MockWebServer[41547] done accepting connections: Socket closed
Jun 18, 2015 5:53:39 AM com.squareup.okhttp.mockwebserver.MockWebServer$2 execute
INFO: MockWebServer[51960] starting to accept connections
Jun 18, 2015 5:53:39 AM com.squareup.okhttp.mockwebserver.MockWebServer$3 processOneRequest
INFO: MockWebServer[51960] received request: GET / HTTP/1.1 and responded: HTTP/1.1 404 OK
Jun 18, 2015 5:53:39 AM com.squareup.okhttp.mockwebserver.MockWebServer$2 acceptConnections
INFO: MockWebServer[51960] done accepting connections: Socket closed
Jun 18, 2015 5:53:39 AM com.squareup.okhttp.mockwebserver.MockWebServer$2 execute
INFO: MockWebServer[39742] starting to accept connections
Jun 18, 2015 5:53:39 AM com.squareup.okhttp.mockwebserver.MockWebServer$2 acceptConnections
INFO: MockWebServer[39742] done accepting connections: Socket closed
Jun 18, 2015 5:53:39 AM com.squareup.okhttp.mockwebserver.MockWebServer$2 execute
INFO: MockWebServer[39300] starting to accept connections
Jun 18, 2015 5:53:39 AM com.squareup.okhttp.mockwebserver.MockWebServer$3 processConnection
WARNING: MockWebServer[39300] connection from /127.0.0.1 didn't make a request
Jun 18, 2015 5:53:39 AM com.squareup.okhttp.mockwebserver.MockWebServer$2 acceptConnections
INFO: MockWebServer[39300] done accepting connections: Socket closed
Jun 18, 2015 5:53:39 AM com.squareup.okhttp.mockwebserver.MockWebServer$2 execute
INFO: MockWebServer[45950] starting to accept connections
Jun 18, 2015 5:53:39 AM com.squareup.okhttp.mockwebserver.MockWebServer$3 processOneRequest
INFO: MockWebServer[45950] received request: GET / HTTP/1.1 and responded: HTTP/1.1 200 OK
Jun 18, 2015 5:53:39 AM com.squareup.okhttp.mockwebserver.MockWebServer$2 acceptConnections
INFO: MockWebServer[45950] done accepting connections: Socket closed
Jun 18, 2015 5:53:39 AM com.squareup.okhttp.mockwebserver.MockWebServer$2 execute
INFO: MockWebServer[36120] starting to accept connections
Jun 18, 2015 5:53:39 AM com.squareup.okhttp.mockwebserver.MockWebServer$3 processOneRequest
INFO: MockWebServer[36120] received request: GET / HTTP/1.1 and responded: HTTP/1.1 404 OK
Jun 18, 2015 5:53:39 AM com.squareup.okhttp.mockwebserver.MockWebServer$2 acceptConnections
INFO: MockWebServer[36120] done accepting connections: Socket closed
Jun 18, 2015 5:53:39 AM com.squareup.okhttp.mockwebserver.MockWebServer$2 execute
INFO: MockWebServer[38560] starting to accept connections
Jun 18, 2015 5:53:39 AM com.squareup.okhttp.mockwebserver.MockWebServer$3 processConnection
WARNING: MockWebServer[38560] connection from /127.0.0.1 didn't make a request
Jun 18, 2015 5:53:39 AM com.squareup.okhttp.mockwebserver.MockWebServer$2 acceptConnections
INFO: MockWebServer[38560] done accepting connections: Socket closed
Jun 18, 2015 5:53:39 AM com.squareup.okhttp.mockwebserver.MockWebServer$2 execute
INFO: MockWebServer[43918] starting to accept connections
Jun 18, 2015 5:53:39 AM com.squareup.okhttp.mockwebserver.MockWebServer$2 acceptConnections
INFO: MockWebServer[43918] done accepting connections: Socket is closed
Jun 18, 2015 5:53:39 AM com.squareup.okhttp.mockwebserver.MockWebServer$2 execute
INFO: MockWebServer[38130] starting to accept connections
Jun 18, 2015 5:53:39 AM com.squareup.okhttp.mockwebserver.MockWebServer$2 acceptConnections
INFO: MockWebServer[38130] done accepting connections: Socket is closed
Jun 18, 2015 5:53:39 AM com.squareup.okhttp.mockwebserver.MockWebServer$2 execute
INFO: MockWebServer[41505] starting to accept connections
Jun 18, 2015 5:53:39 AM com.squareup.okhttp.mockwebserver.MockWebServer$2 acceptConnections
INFO: MockWebServer[41505] done accepting connections: Socket closed
Jun 18, 2015 5:53:39 AM com.squareup.okhttp.mockwebserver.MockWebServer$3 processOneRequest
INFO: MockWebServer[41505] received request: GET / HTTP/1.1 and responded: HTTP/1.1 200 OK
Jun 18, 2015 5:53:39 AM com.squareup.okhttp.mockwebserver.MockWebServer$2 execute
INFO: MockWebServer[55950] starting to accept connections
Jun 18, 2015 5:53:39 AM com.squareup.okhttp.mockwebserver.MockWebServer$2 acceptConnections
INFO: MockWebServer[55950] done accepting connections: Socket closed
Jun 18, 2015 5:53:39 AM com.squareup.okhttp.mockwebserver.MockWebServer$3 processOneRequest
INFO: MockWebServer[55950] received request: GET / HTTP/1.1 and responded: HTTP/1.1 404 OK
Jun 18, 2015 5:53:39 AM com.squareup.okhttp.mockwebserver.MockWebServer$2 execute
INFO: MockWebServer[49411] starting to accept connections
Jun 18, 2015 5:53:39 AM com.squareup.okhttp.mockwebserver.MockWebServer$2 acceptConnections
INFO: MockWebServer[49411] done accepting connections: Socket is closed
Tests run: 13, Failures: 0, Errors: 0, Skipped: 0, Time elapsed: 0.726 sec
Running retrofit.ResultTest
Tests run: 4, Failures: 0, Errors: 0, Skipped: 0, Time elapsed: 0.004 sec

Results :

Tests run: 17, Failures: 0, Errors: 0, Skipped: 0

[INFO]                                                                         
[INFO] ------------------------------------------------------------------------
[INFO] Building Converters 2.0.0-SNAPSHOT
[INFO] ------------------------------------------------------------------------
[INFO] 
[INFO] --- maven-enforcer-plugin:1.0:enforce (enforce-maven) @ retrofit-converters ---
[INFO]                                                                         
[INFO] ------------------------------------------------------------------------
[INFO] Building Converter: Gson 2.0.0-SNAPSHOT
[INFO] ------------------------------------------------------------------------
[INFO] 
[INFO] --- maven-enforcer-plugin:1.0:enforce (enforce-maven) @ converter-gson ---
[INFO] 
[INFO] --- maven-resources-plugin:2.6:resources (default-resources) @ converter-gson ---
[INFO] Using 'UTF-8' encoding to copy filtered resources.
[INFO] skip non existing resourceDirectory /home/travis/build/square/retrofit/retrofit-converters/gson/src/main/resources
[INFO] 
[INFO] --- maven-compiler-plugin:3.0:compile (default-compile) @ converter-gson ---
[INFO] Changes detected - recompiling the module!
[INFO] Compiling 1 source file to /home/travis/build/square/retrofit/retrofit-converters/gson/target/classes
[INFO] 
[INFO] --- maven-resources-plugin:2.6:testResources (default-testResources) @ converter-gson ---
[INFO] Using 'UTF-8' encoding to copy filtered resources.
[INFO] skip non existing resourceDirectory /home/travis/build/square/retrofit/retrofit-converters/gson/src/test/resources
[INFO] 
[INFO] --- maven-compiler-plugin:3.0:testCompile (default-testCompile) @ converter-gson ---
[INFO] Changes detected - recompiling the module!
[INFO] Compiling 1 source file to /home/travis/build/square/retrofit/retrofit-converters/gson/target/test-classes
[INFO] 
[INFO] --- maven-surefire-plugin:2.12.4:test (default-test) @ converter-gson ---
[INFO] Surefire report directory: /home/travis/build/square/retrofit/retrofit-converters/gson/target/surefire-reports

-------------------------------------------------------
 T E S T S
-------------------------------------------------------
Running retrofit.GsonConverterTest
Jun 18, 2015 5:53:40 AM com.squareup.okhttp.mockwebserver.MockWebServer$2 execute
INFO: MockWebServer[59987] starting to accept connections
Jun 18, 2015 5:53:40 AM com.squareup.okhttp.mockwebserver.MockWebServer$3 processOneRequest
INFO: MockWebServer[59987] received request: POST / HTTP/1.1 and responded: HTTP/1.1 200 OK
Jun 18, 2015 5:53:40 AM com.squareup.okhttp.mockwebserver.MockWebServer$2 acceptConnections
INFO: MockWebServer[59987] done accepting connections: Socket closed
Jun 18, 2015 5:53:40 AM com.squareup.okhttp.mockwebserver.MockWebServer$2 execute
INFO: MockWebServer[38503] starting to accept connections
Jun 18, 2015 5:53:40 AM com.squareup.okhttp.mockwebserver.MockWebServer$3 processOneRequest
INFO: MockWebServer[38503] received request: POST / HTTP/1.1 and responded: HTTP/1.1 200 OK
Jun 18, 2015 5:53:40 AM com.squareup.okhttp.mockwebserver.MockWebServer$2 acceptConnections
INFO: MockWebServer[38503] done accepting connections: Socket closed
Tests run: 2, Failures: 0, Errors: 0, Skipped: 0, Time elapsed: 0.61 sec

Results :

Tests run: 2, Failures: 0, Errors: 0, Skipped: 0

[INFO]                                                                         
[INFO] ------------------------------------------------------------------------
[INFO] Building Converter: Protocol Buffers 2.0.0-SNAPSHOT
[INFO] ------------------------------------------------------------------------
[INFO] 
[INFO] --- maven-enforcer-plugin:1.0:enforce (enforce-maven) @ converter-protobuf ---
[INFO] 
[INFO] --- maven-resources-plugin:2.6:resources (default-resources) @ converter-protobuf ---
[INFO] Using 'UTF-8' encoding to copy filtered resources.
[INFO] skip non existing resourceDirectory /home/travis/build/square/retrofit/retrofit-converters/protobuf/src/main/resources
[INFO] 
[INFO] --- maven-compiler-plugin:3.0:compile (default-compile) @ converter-protobuf ---
[INFO] Changes detected - recompiling the module!
[INFO] Compiling 1 source file to /home/travis/build/square/retrofit/retrofit-converters/protobuf/target/classes
[INFO] 
[INFO] --- maven-resources-plugin:2.6:testResources (default-testResources) @ converter-protobuf ---
[INFO] Using 'UTF-8' encoding to copy filtered resources.
[INFO] skip non existing resourceDirectory /home/travis/build/square/retrofit/retrofit-converters/protobuf/src/test/resources
[INFO] 
[INFO] --- maven-compiler-plugin:3.0:testCompile (default-testCompile) @ converter-protobuf ---
[INFO] Changes detected - recompiling the module!
[INFO] Compiling 2 source files to /home/travis/build/square/retrofit/retrofit-converters/protobuf/target/test-classes
[INFO] 
[INFO] --- maven-surefire-plugin:2.12.4:test (default-test) @ converter-protobuf ---
[INFO] Surefire report directory: /home/travis/build/square/retrofit/retrofit-converters/protobuf/target/surefire-reports

-------------------------------------------------------
 T E S T S
-------------------------------------------------------
Running retrofit.ProtoConverterTest
Jun 18, 2015 5:53:41 AM com.squareup.okhttp.mockwebserver.MockWebServer$2 execute
INFO: MockWebServer[55490] starting to accept connections
Jun 18, 2015 5:53:42 AM com.squareup.okhttp.mockwebserver.MockWebServer$3 processOneRequest
INFO: MockWebServer[55490] received request: GET / HTTP/1.1 and responded: HTTP/1.1 200 OK
Jun 18, 2015 5:53:42 AM com.squareup.okhttp.mockwebserver.MockWebServer$2 acceptConnections
INFO: MockWebServer[55490] done accepting connections: Socket closed
Jun 18, 2015 5:53:42 AM com.squareup.okhttp.mockwebserver.MockWebServer$2 execute
INFO: MockWebServer[39309] starting to accept connections
Jun 18, 2015 5:53:42 AM com.squareup.okhttp.mockwebserver.MockWebServer$3 processOneRequest
INFO: MockWebServer[39309] received request: GET / HTTP/1.1 and responded: HTTP/1.1 200 OK
Jun 18, 2015 5:53:42 AM com.squareup.okhttp.mockwebserver.MockWebServer$2 acceptConnections
INFO: MockWebServer[39309] done accepting connections: Socket closed
Jun 18, 2015 5:53:42 AM com.squareup.okhttp.mockwebserver.MockWebServer$2 execute
INFO: MockWebServer[35396] starting to accept connections
Jun 18, 2015 5:53:42 AM com.squareup.okhttp.mockwebserver.MockWebServer$2 acceptConnections
INFO: MockWebServer[35396] done accepting connections: Socket closed
Jun 18, 2015 5:53:42 AM com.squareup.okhttp.mockwebserver.MockWebServer$3 processOneRequest
INFO: MockWebServer[35396] received request: GET / HTTP/1.1 and responded: HTTP/1.1 200 OK
Jun 18, 2015 5:53:42 AM com.squareup.okhttp.mockwebserver.MockWebServer$2 execute
INFO: MockWebServer[58089] starting to accept connections
Jun 18, 2015 5:53:42 AM com.squareup.okhttp.mockwebserver.MockWebServer$3 processOneRequest
INFO: MockWebServer[58089] received request: GET / HTTP/1.1 and responded: HTTP/1.1 200 OK
Jun 18, 2015 5:53:42 AM com.squareup.okhttp.mockwebserver.MockWebServer$2 acceptConnections
INFO: MockWebServer[58089] done accepting connections: Socket closed
Jun 18, 2015 5:53:42 AM com.squareup.okhttp.mockwebserver.MockWebServer$2 execute
INFO: MockWebServer[39846] starting to accept connections
Jun 18, 2015 5:53:42 AM com.squareup.okhttp.mockwebserver.MockWebServer$3 processOneRequest
INFO: MockWebServer[39846] received request: POST / HTTP/1.1 and responded: HTTP/1.1 200 OK
Jun 18, 2015 5:53:42 AM com.squareup.okhttp.mockwebserver.MockWebServer$2 acceptConnections
INFO: MockWebServer[39846] done accepting connections: Socket closed
Tests run: 5, Failures: 0, Errors: 0, Skipped: 0, Time elapsed: 0.651 sec

Results :

Tests run: 5, Failures: 0, Errors: 0, Skipped: 0

[INFO]                                                                         
[INFO] ------------------------------------------------------------------------
[INFO] Building Converter: Jackson 2.0.0-SNAPSHOT
[INFO] ------------------------------------------------------------------------
[INFO] 
[INFO] --- maven-enforcer-plugin:1.0:enforce (enforce-maven) @ converter-jackson ---
[INFO] 
[INFO] --- maven-resources-plugin:2.6:resources (default-resources) @ converter-jackson ---
[INFO] Using 'UTF-8' encoding to copy filtered resources.
[INFO] skip non existing resourceDirectory /home/travis/build/square/retrofit/retrofit-converters/jackson/src/main/resources
[INFO] 
[INFO] --- maven-compiler-plugin:3.0:compile (default-compile) @ converter-jackson ---
[INFO] Changes detected - recompiling the module!
[INFO] Compiling 1 source file to /home/travis/build/square/retrofit/retrofit-converters/jackson/target/classes
[INFO] 
[INFO] --- maven-resources-plugin:2.6:testResources (default-testResources) @ converter-jackson ---
[INFO] Using 'UTF-8' encoding to copy filtered resources.
[INFO] skip non existing resourceDirectory /home/travis/build/square/retrofit/retrofit-converters/jackson/src/test/resources
[INFO] 
[INFO] --- maven-compiler-plugin:3.0:testCompile (default-testCompile) @ converter-jackson ---
[INFO] Changes detected - recompiling the module!
[INFO] Compiling 1 source file to /home/travis/build/square/retrofit/retrofit-converters/jackson/target/test-classes
[INFO] 
[INFO] --- maven-surefire-plugin:2.12.4:test (default-test) @ converter-jackson ---
[INFO] Surefire report directory: /home/travis/build/square/retrofit/retrofit-converters/jackson/target/surefire-reports

-------------------------------------------------------
 T E S T S
-------------------------------------------------------
Running retrofit.JacksonConverterTest
Jun 18, 2015 5:53:42 AM com.squareup.okhttp.mockwebserver.MockWebServer$2 execute
INFO: MockWebServer[33025] starting to accept connections
Jun 18, 2015 5:53:43 AM com.squareup.okhttp.mockwebserver.MockWebServer$3 processOneRequest
INFO: MockWebServer[33025] received request: POST / HTTP/1.1 and responded: HTTP/1.1 200 OK
Jun 18, 2015 5:53:43 AM com.squareup.okhttp.mockwebserver.MockWebServer$2 acceptConnections
INFO: MockWebServer[33025] done accepting connections: Socket closed
Jun 18, 2015 5:53:43 AM com.squareup.okhttp.mockwebserver.MockWebServer$2 execute
INFO: MockWebServer[35377] starting to accept connections
Jun 18, 2015 5:53:43 AM com.squareup.okhttp.mockwebserver.MockWebServer$3 processOneRequest
INFO: MockWebServer[35377] received request: POST / HTTP/1.1 and responded: HTTP/1.1 200 OK
Jun 18, 2015 5:53:43 AM com.squareup.okhttp.mockwebserver.MockWebServer$2 acceptConnections
INFO: MockWebServer[35377] done accepting connections: Socket closed
Tests run: 2, Failures: 0, Errors: 0, Skipped: 0, Time elapsed: 0.792 sec

Results :

Tests run: 2, Failures: 0, Errors: 0, Skipped: 0

[INFO]                                                                         
[INFO] ------------------------------------------------------------------------
[INFO] Building Converter: Wire Protocol Buffers 2.0.0-SNAPSHOT
[INFO] ------------------------------------------------------------------------
[INFO] 
[INFO] --- maven-enforcer-plugin:1.0:enforce (enforce-maven) @ converter-wire ---
[INFO] 
[INFO] --- maven-resources-plugin:2.6:resources (default-resources) @ converter-wire ---
[INFO] Using 'UTF-8' encoding to copy filtered resources.
[INFO] skip non existing resourceDirectory /home/travis/build/square/retrofit/retrofit-converters/wire/src/main/resources
[INFO] 
[INFO] --- maven-compiler-plugin:3.0:compile (default-compile) @ converter-wire ---
[INFO] Changes detected - recompiling the module!
[INFO] Compiling 1 source file to /home/travis/build/square/retrofit/retrofit-converters/wire/target/classes
[INFO] 
[INFO] --- maven-resources-plugin:2.6:testResources (default-testResources) @ converter-wire ---
[INFO] Using 'UTF-8' encoding to copy filtered resources.
[INFO] skip non existing resourceDirectory /home/travis/build/square/retrofit/retrofit-converters/wire/src/test/resources
[INFO] 
[INFO] --- maven-compiler-plugin:3.0:testCompile (default-testCompile) @ converter-wire ---
[INFO] Changes detected - recompiling the module!
[INFO] Compiling 2 source files to /home/travis/build/square/retrofit/retrofit-converters/wire/target/test-classes
[INFO] 
[INFO] --- maven-surefire-plugin:2.12.4:test (default-test) @ converter-wire ---
[INFO] Surefire report directory: /home/travis/build/square/retrofit/retrofit-converters/wire/target/surefire-reports

-------------------------------------------------------
 T E S T S
-------------------------------------------------------
Running retrofit.WireConverterTest
Jun 18, 2015 5:53:44 AM com.squareup.okhttp.mockwebserver.MockWebServer$2 execute
INFO: MockWebServer[38069] starting to accept connections
Jun 18, 2015 5:53:44 AM com.squareup.okhttp.mockwebserver.MockWebServer$3 processOneRequest
INFO: MockWebServer[38069] received request: GET / HTTP/1.1 and responded: HTTP/1.1 200 OK
Jun 18, 2015 5:53:44 AM com.squareup.okhttp.mockwebserver.MockWebServer$2 acceptConnections
INFO: MockWebServer[38069] done accepting connections: Socket closed
Jun 18, 2015 5:53:44 AM com.squareup.okhttp.mockwebserver.MockWebServer$2 execute
INFO: MockWebServer[50483] starting to accept connections
Jun 18, 2015 5:53:44 AM com.squareup.okhttp.mockwebserver.MockWebServer$3 processOneRequest
INFO: MockWebServer[50483] received request: GET / HTTP/1.1 and responded: HTTP/1.1 200 OK
Jun 18, 2015 5:53:44 AM com.squareup.okhttp.mockwebserver.MockWebServer$2 acceptConnections
INFO: MockWebServer[50483] done accepting connections: Socket closed
Jun 18, 2015 5:53:44 AM com.squareup.okhttp.mockwebserver.MockWebServer$2 execute
INFO: MockWebServer[43189] starting to accept connections
Jun 18, 2015 5:53:44 AM com.squareup.okhttp.mockwebserver.MockWebServer$2 acceptConnections
INFO: MockWebServer[43189] done accepting connections: Socket closed
Jun 18, 2015 5:53:44 AM com.squareup.okhttp.mockwebserver.MockWebServer$3 processOneRequest
INFO: MockWebServer[43189] received request: GET / HTTP/1.1 and responded: HTTP/1.1 200 OK
Jun 18, 2015 5:53:44 AM com.squareup.okhttp.mockwebserver.MockWebServer$2 execute
INFO: MockWebServer[59644] starting to accept connections
Jun 18, 2015 5:53:44 AM com.squareup.okhttp.mockwebserver.MockWebServer$2 acceptConnections
INFO: MockWebServer[59644] done accepting connections: Socket closed
Jun 18, 2015 5:53:44 AM com.squareup.okhttp.mockwebserver.MockWebServer$3 processOneRequest
INFO: MockWebServer[59644] received request: GET / HTTP/1.1 and responded: HTTP/1.1 200 OK
Jun 18, 2015 5:53:44 AM com.squareup.okhttp.mockwebserver.MockWebServer$2 execute
INFO: MockWebServer[37936] starting to accept connections
Jun 18, 2015 5:53:44 AM com.squareup.okhttp.mockwebserver.MockWebServer$2 acceptConnections
INFO: MockWebServer[37936] done accepting connections: Socket closed
Jun 18, 2015 5:53:44 AM com.squareup.okhttp.mockwebserver.MockWebServer$3 processOneRequest
INFO: MockWebServer[37936] received request: POST / HTTP/1.1 and responded: HTTP/1.1 200 OK
Tests run: 5, Failures: 0, Errors: 0, Skipped: 0, Time elapsed: 0.537 sec

Results :

Tests run: 5, Failures: 0, Errors: 0, Skipped: 0

[INFO]                                                                         
[INFO] ------------------------------------------------------------------------
[INFO] Building Converter: SimpleXML 2.0.0-SNAPSHOT
[INFO] ------------------------------------------------------------------------
[INFO] 
[INFO] --- maven-enforcer-plugin:1.0:enforce (enforce-maven) @ converter-simplexml ---
[INFO] 
[INFO] --- maven-resources-plugin:2.6:resources (default-resources) @ converter-simplexml ---
[INFO] Using 'UTF-8' encoding to copy filtered resources.
[INFO] skip non existing resourceDirectory /home/travis/build/square/retrofit/retrofit-converters/simplexml/src/main/resources
[INFO] 
[INFO] --- maven-compiler-plugin:3.0:compile (default-compile) @ converter-simplexml ---
[INFO] Changes detected - recompiling the module!
[INFO] Compiling 1 source file to /home/travis/build/square/retrofit/retrofit-converters/simplexml/target/classes
[INFO] 
[INFO] --- maven-resources-plugin:2.6:testResources (default-testResources) @ converter-simplexml ---
[INFO] Using 'UTF-8' encoding to copy filtered resources.
[INFO] skip non existing resourceDirectory /home/travis/build/square/retrofit/retrofit-converters/simplexml/src/test/resources
[INFO] 
[INFO] --- maven-compiler-plugin:3.0:testCompile (default-testCompile) @ converter-simplexml ---
[INFO] Changes detected - recompiling the module!
[INFO] Compiling 2 source files to /home/travis/build/square/retrofit/retrofit-converters/simplexml/target/test-classes
[INFO] 
[INFO] --- maven-surefire-plugin:2.12.4:test (default-test) @ converter-simplexml ---
[INFO] Surefire report directory: /home/travis/build/square/retrofit/retrofit-converters/simplexml/target/surefire-reports

-------------------------------------------------------
 T E S T S
-------------------------------------------------------
Running retrofit.SimpleXmlConverterTest
Jun 18, 2015 5:53:44 AM com.squareup.okhttp.mockwebserver.MockWebServer$2 execute
INFO: MockWebServer[40132] starting to accept connections
Jun 18, 2015 5:53:45 AM com.squareup.okhttp.mockwebserver.MockWebServer$3 processOneRequest
INFO: MockWebServer[40132] received request: GET / HTTP/1.1 and responded: HTTP/1.1 200 OK
Jun 18, 2015 5:53:45 AM com.squareup.okhttp.mockwebserver.MockWebServer$2 acceptConnections
INFO: MockWebServer[40132] done accepting connections: Socket closed
Jun 18, 2015 5:53:45 AM com.squareup.okhttp.mockwebserver.MockWebServer$2 execute
INFO: MockWebServer[56913] starting to accept connections
Jun 18, 2015 5:53:45 AM com.squareup.okhttp.mockwebserver.MockWebServer$3 processOneRequest
INFO: MockWebServer[56913] received request: GET / HTTP/1.1 and responded: HTTP/1.1 200 OK
Jun 18, 2015 5:53:45 AM com.squareup.okhttp.mockwebserver.MockWebServer$2 acceptConnections
INFO: MockWebServer[56913] done accepting connections: Socket closed
Jun 18, 2015 5:53:45 AM com.squareup.okhttp.mockwebserver.MockWebServer$2 execute
INFO: MockWebServer[58037] starting to accept connections
Jun 18, 2015 5:53:45 AM com.squareup.okhttp.mockwebserver.MockWebServer$3 processOneRequest
INFO: MockWebServer[58037] received request: POST / HTTP/1.1 and responded: HTTP/1.1 200 OK
Jun 18, 2015 5:53:45 AM com.squareup.okhttp.mockwebserver.MockWebServer$2 acceptConnections
INFO: MockWebServer[58037] done accepting connections: Socket closed
Tests run: 3, Failures: 0, Errors: 0, Skipped: 0, Time elapsed: 0.725 sec

Results :

Tests run: 3, Failures: 0, Errors: 0, Skipped: 0

[INFO]                                                                         
[INFO] ------------------------------------------------------------------------
[INFO] Building Converter: Moshi 2.0.0-SNAPSHOT
[INFO] ------------------------------------------------------------------------
[INFO] 
[INFO] --- maven-enforcer-plugin:1.0:enforce (enforce-maven) @ converter-moshi ---
[INFO] 
[INFO] --- maven-resources-plugin:2.6:resources (default-resources) @ converter-moshi ---
[INFO] Using 'UTF-8' encoding to copy filtered resources.
[INFO] skip non existing resourceDirectory /home/travis/build/square/retrofit/retrofit-converters/moshi/src/main/resources
[INFO] 
[INFO] --- maven-compiler-plugin:3.0:compile (default-compile) @ converter-moshi ---
[INFO] Changes detected - recompiling the module!
[INFO] Compiling 1 source file to /home/travis/build/square/retrofit/retrofit-converters/moshi/target/classes
[INFO] 
[INFO] --- maven-resources-plugin:2.6:testResources (default-testResources) @ converter-moshi ---
[INFO] Using 'UTF-8' encoding to copy filtered resources.
[INFO] skip non existing resourceDirectory /home/travis/build/square/retrofit/retrofit-converters/moshi/src/test/resources
[INFO] 
[INFO] --- maven-compiler-plugin:3.0:testCompile (default-testCompile) @ converter-moshi ---
[INFO] Changes detected - recompiling the module!
[INFO] Compiling 1 source file to /home/travis/build/square/retrofit/retrofit-converters/moshi/target/test-classes
[INFO] 
[INFO] --- maven-surefire-plugin:2.12.4:test (default-test) @ converter-moshi ---
[INFO] Surefire report directory: /home/travis/build/square/retrofit/retrofit-converters/moshi/target/surefire-reports

-------------------------------------------------------
 T E S T S
-------------------------------------------------------
Running retrofit.MoshiConverterTest
Jun 18, 2015 5:53:46 AM com.squareup.okhttp.mockwebserver.MockWebServer$2 execute
INFO: MockWebServer[57536] starting to accept connections
TO JSON: retrofit.MoshiConverterTest$AnImplementation@42a85af8
Jun 18, 2015 5:53:46 AM com.squareup.okhttp.mockwebserver.MockWebServer$3 processOneRequest
INFO: MockWebServer[57536] received request: POST / HTTP/1.1 and responded: HTTP/1.1 200 OK
Jun 18, 2015 5:53:46 AM com.squareup.okhttp.mockwebserver.MockWebServer$2 acceptConnections
INFO: MockWebServer[57536] done accepting connections: Socket closed
Jun 18, 2015 5:53:46 AM com.squareup.okhttp.mockwebserver.MockWebServer$2 execute
INFO: MockWebServer[37496] starting to accept connections
Jun 18, 2015 5:53:46 AM com.squareup.okhttp.mockwebserver.MockWebServer$2 acceptConnections
INFO: MockWebServer[37496] done accepting connections: Socket closed
Jun 18, 2015 5:53:46 AM com.squareup.okhttp.mockwebserver.MockWebServer$3 processOneRequest
INFO: MockWebServer[37496] received request: POST / HTTP/1.1 and responded: HTTP/1.1 200 OK
Tests run: 2, Failures: 0, Errors: 0, Skipped: 0, Time elapsed: 0.642 sec

Results :

Tests run: 2, Failures: 0, Errors: 0, Skipped: 0

[INFO]                                                                         
[INFO] ------------------------------------------------------------------------
[INFO] Building Samples 2.0.0-SNAPSHOT
[INFO] ------------------------------------------------------------------------
[INFO] 
[INFO] --- maven-enforcer-plugin:1.0:enforce (enforce-maven) @ samples ---
[INFO] 
[INFO] --- maven-resources-plugin:2.6:resources (default-resources) @ samples ---
[INFO] Using 'UTF-8' encoding to copy filtered resources.
[INFO] skip non existing resourceDirectory /home/travis/build/square/retrofit/samples/src/main/resources
[INFO] 
[INFO] --- maven-compiler-plugin:3.0:compile (default-compile) @ samples ---
[INFO] Changes detected - recompiling the module!
[INFO] Compiling 2 source files to /home/travis/build/square/retrofit/samples/target/classes
[INFO] 
[INFO] --- maven-resources-plugin:2.6:testResources (default-testResources) @ samples ---
[INFO] Using 'UTF-8' encoding to copy filtered resources.
[INFO] skip non existing resourceDirectory /home/travis/build/square/retrofit/samples/src/test/resources
[INFO] 
[INFO] --- maven-compiler-plugin:3.0:testCompile (default-testCompile) @ samples ---
[INFO] No sources to compile
[INFO] 
[INFO] --- maven-surefire-plugin:2.12.4:test (default-test) @ samples ---
[INFO] No tests to run.
[INFO] ------------------------------------------------------------------------
[INFO] Reactor Summary:
[INFO] 
[INFO] Retrofit (Parent) .................................. SUCCESS [  0.397 s]
[INFO] Retrofit ........................................... SUCCESS [ 10.291 s]
[INFO] Adapters ........................................... SUCCESS [  0.002 s]
[INFO] Adapter: RxJava .................................... SUCCESS [  1.334 s]
[INFO] Converters ......................................... SUCCESS [  0.002 s]
[INFO] Converter: Gson .................................... SUCCESS [  0.995 s]
[INFO] Converter: Protocol Buffers ........................ SUCCESS [  1.348 s]
[INFO] Converter: Jackson ................................. SUCCESS [  1.237 s]
[INFO] Converter: Wire Protocol Buffers ................... SUCCESS [  1.085 s]
[INFO] Converter: SimpleXML ............................... SUCCESS [  1.050 s]
[INFO] Converter: Moshi ................................... SUCCESS [  0.937 s]
[INFO] Samples ............................................ SUCCESS [  0.086 s]
[INFO] ------------------------------------------------------------------------
[INFO] BUILD SUCCESS
[INFO] ------------------------------------------------------------------------
[INFO] Total time: 19.106 s
[INFO] Finished at: 2015-06-18T05:53:46+00:00
[INFO] Final Memory: 26M/465M
[INFO] ------------------------------------------------------------------------
travis_time:end:0d7a24da:start=1434606806034112146,finish=1434606827007039946,duration=20972927800[0K
[32;1mThe command "mvn test -B" exited with 0.[0m
travis_fold:start:cache.2[0Kstore build cache
travis_time:start:0ba3c293[0Kchange detected: /home/travis/.m2/repository/com/squareup/retrofit/parent/2.0.0-SNAPSHOT/_remote.repositories
changes detected, packing new archive
uploading archive
travis_time:end:0ba3c293:start=1434606827011225243,finish=1434606837086304295,duration=10075079052[0Ktravis_fold:end:cache.2[0Ktravis_fold:start:after_success[0Ktravis_time:start:0c4ea265[0K$ .buildscript/deploy_snapshot.sh
Skipping snapshot deployment: wrong JDK. Expected 'oraclejdk8' but was 'oraclejdk7'.
travis_time:end:0c4ea265:start=1434606837090331525,finish=1434606837095386252,duration=5054727[0Ktravis_fold:end:after_success[0K
Done. Your build exited with 0.
