Using worker: worker-linux-docker-799e2b90.prod.travis-ci.org:travis-linux-2

travis_fold:start:system_info[0K[33;1mBuild system information[0m
Build language: java
[34m[1mBuild image provisioning date and time[0m
Thu Feb  5 15:09:33 UTC 2015
[34m[1mOperating System Details[0m
Distributor ID:	Ubuntu
Description:	Ubuntu 12.04.5 LTS
Release:	12.04
Codename:	precise
[34m[1mLinux Version[0m
3.13.0-29-generic
[34m[1mCookbooks Version[0m
a68419e https://github.com/travis-ci/travis-cookbooks/tree/a68419e
[34m[1mGCC version[0m
gcc (Ubuntu/Linaro 4.6.3-1ubuntu5) 4.6.3
Copyright (C) 2011 Free Software Foundation, Inc.
This is free software; see the source for copying conditions.  There is NO
warranty; not even for MERCHANTABILITY or FITNESS FOR A PARTICULAR PURPOSE.

[34m[1mLLVM version[0m
clang version 3.4 (tags/RELEASE_34/final)
Target: x86_64-unknown-linux-gnu
Thread model: posix
[34m[1mPre-installed Ruby versions[0m
ruby-1.9.3-p551
[34m[1mPre-installed Node.js versions[0m
v0.10.36
[34m[1mPre-installed Go versions[0m
1.4.1
[34m[1mRedis version[0m
redis-server 2.8.19
[34m[1mriak version[0m
2.0.2
[34m[1mMongoDB version[0m
MongoDB 2.4.12
[34m[1mCouchDB version[0m
couchdb 1.6.1
[34m[1mNeo4j version[0m
1.9.4
[34m[1mRabbitMQ Version[0m
3.4.3
[34m[1mElasticSearch version[0m
1.4.0
[34m[1mInstalled Sphinx versions[0m
2.0.10
2.1.9
2.2.6
[34m[1mDefault Sphinx version[0m
2.2.6
[34m[1mInstalled Firefox version[0m
firefox 31.0esr
[34m[1mPhantomJS version[0m
1.9.8
[34m[1mant -version[0m
Apache Ant(TM) version 1.8.2 compiled on December 3 2011
[34m[1mmvn -version[0m
Apache Maven 3.2.5 (12a6b3acb947671f09b81f49094c53f426d8cea1; 2014-12-14T17:29:23+00:00)
Maven home: /usr/local/maven
Java version: 1.7.0_76, vendor: Oracle Corporation
Java home: /usr/lib/jvm/java-7-oracle/jre
Default locale: en_US, platform encoding: ANSI_X3.4-1968
OS name: "linux", version: "3.13.0-29-generic", arch: "amd64", family: "unix"
travis_fold:end:system_info[0K
travis_fold:start:git.checkout[0Ktravis_time:start:001ed8f6[0K$ git clone --depth=50 git://github.com/square/retrofit.git square/retrofit
Cloning into 'square/retrofit'...
remote: Counting objects: 1669, done.[K
remote: Compressing objects:   0% (1/791)   [Kremote: Compressing objects:   1% (8/791)   [Kremote: Compressing objects:   2% (16/791)   [Kremote: Compressing objects:   3% (24/791)   [Kremote: Compressing objects:   4% (32/791)   [Kremote: Compressing objects:   5% (40/791)   [Kremote: Compressing objects:   6% (48/791)   [Kremote: Compressing objects:   7% (56/791)   [Kremote: Compressing objects:   8% (64/791)   [Kremote: Compressing objects:   9% (72/791)   [Kremote: Compressing objects:  10% (80/791)   [Kremote: Compressing objects:  11% (88/791)   [Kremote: Compressing objects:  12% (95/791)   [Kremote: Compressing objects:  13% (103/791)   [Kremote: Compressing objects:  14% (111/791)   [Kremote: Compressing objects:  15% (119/791)   [Kremote: Compressing objects:  16% (127/791)   [Kremote: Compressing objects:  17% (135/791)   [Kremote: Compressing objects:  18% (143/791)   [Kremote: Compressing objects:  19% (151/791)   [Kremote: Compressing objects:  20% (159/791)   [Kremote: Compressing objects:  21% (167/791)   [Kremote: Compressing objects:  22% (175/791)   [Kremote: Compressing objects:  23% (182/791)   [Kremote: Compressing objects:  24% (190/791)   [Kremote: Compressing objects:  25% (198/791)   [Kremote: Compressing objects:  26% (206/791)   [Kremote: Compressing objects:  27% (214/791)   [Kremote: Compressing objects:  28% (222/791)   [Kremote: Compressing objects:  29% (230/791)   [Kremote: Compressing objects:  30% (238/791)   [Kremote: Compressing objects:  31% (246/791)   [Kremote: Compressing objects:  32% (254/791)   [Kremote: Compressing objects:  33% (262/791)   [Kremote: Compressing objects:  34% (269/791)   [Kremote: Compressing objects:  35% (277/791)   [Kremote: Compressing objects:  36% (285/791)   [Kremote: Compressing objects:  37% (293/791)   [Kremote: Compressing objects:  38% (301/791)   [Kremote: Compressing objects:  39% (309/791)   [Kremote: Compressing objects:  40% (317/791)   [Kremote: Compressing objects:  41% (325/791)   [Kremote: Compressing objects:  42% (333/791)   [Kremote: Compressing objects:  43% (341/791)   [Kremote: Compressing objects:  44% (349/791)   [Kremote: Compressing objects:  45% (356/791)   [Kremote: Compressing objects:  46% (364/791)   [Kremote: Compressing objects:  47% (372/791)   [Kremote: Compressing objects:  48% (380/791)   [Kremote: Compressing objects:  49% (388/791)   [Kremote: Compressing objects:  50% (396/791)   [Kremote: Compressing objects:  51% (404/791)   [Kremote: Compressing objects:  52% (412/791)   [Kremote: Compressing objects:  53% (420/791)   [Kremote: Compressing objects:  54% (428/791)   [Kremote: Compressing objects:  55% (436/791)   [Kremote: Compressing objects:  56% (443/791)   [Kremote: Compressing objects:  57% (451/791)   [Kremote: Compressing objects:  58% (459/791)   [Kremote: Compressing objects:  59% (467/791)   [Kremote: Compressing objects:  60% (475/791)   [Kremote: Compressing objects:  61% (483/791)   [Kremote: Compressing objects:  62% (491/791)   [Kremote: Compressing objects:  63% (499/791)   [Kremote: Compressing objects:  64% (507/791)   [Kremote: Compressing objects:  65% (515/791)   [Kremote: Compressing objects:  66% (523/791)   [Kremote: Compressing objects:  67% (530/791)   [Kremote: Compressing objects:  68% (538/791)   [Kremote: Compressing objects:  69% (546/791)   [Kremote: Compressing objects:  70% (554/791)   [Kremote: Compressing objects:  71% (562/791)   [Kremote: Compressing objects:  72% (570/791)   [Kremote: Compressing objects:  73% (578/791)   [Kremote: Compressing objects:  74% (586/791)   [Kremote: Compressing objects:  75% (594/791)   [Kremote: Compressing objects:  76% (602/791)   [Kremote: Compressing objects:  77% (610/791)   [Kremote: Compressing objects:  78% (617/791)   [Kremote: Compressing objects:  79% (625/791)   [Kremote: Compressing objects:  80% (633/791)   [Kremote: Compressing objects:  81% (641/791)   [Kremote: Compressing objects:  82% (649/791)   [Kremote: Compressing objects:  83% (657/791)   [Kremote: Compressing objects:  84% (665/791)   [Kremote: Compressing objects:  85% (673/791)   [Kremote: Compressing objects:  86% (681/791)   [Kremote: Compressing objects:  87% (689/791)   [Kremote: Compressing objects:  88% (697/791)   [Kremote: Compressing objects:  89% (704/791)   [Kremote: Compressing objects:  90% (712/791)   [Kremote: Compressing objects:  91% (720/791)   [Kremote: Compressing objects:  92% (728/791)   [Kremote: Compressing objects:  93% (736/791)   [Kremote: Compressing objects:  94% (744/791)   [Kremote: Compressing objects:  95% (752/791)   [Kremote: Compressing objects:  96% (760/791)   [Kremote: Compressing objects:  97% (768/791)   [Kremote: Compressing objects:  98% (776/791)   [Kremote: Compressing objects:  99% (784/791)   [Kremote: Compressing objects: 100% (791/791)   [Kremote: Compressing objects: 100% (791/791), done.[K
Receiving objects:   0% (1/1669)   Receiving objects:   1% (17/1669)   Receiving objects:   2% (34/1669)   Receiving objects:   3% (51/1669)   Receiving objects:   4% (67/1669)   Receiving objects:   5% (84/1669)   Receiving objects:   6% (101/1669)   Receiving objects:   7% (117/1669)   Receiving objects:   8% (134/1669)   Receiving objects:   9% (151/1669)   Receiving objects:  10% (167/1669)   Receiving objects:  11% (184/1669)   Receiving objects:  12% (201/1669)   Receiving objects:  13% (217/1669)   Receiving objects:  14% (234/1669)   Receiving objects:  15% (251/1669)   Receiving objects:  16% (268/1669)   Receiving objects:  17% (284/1669)   Receiving objects:  18% (301/1669)   Receiving objects:  19% (318/1669)   Receiving objects:  20% (334/1669)   Receiving objects:  21% (351/1669)   Receiving objects:  22% (368/1669)   Receiving objects:  23% (384/1669)   Receiving objects:  24% (401/1669)   Receiving objects:  25% (418/1669)   Receiving objects:  26% (434/1669)   Receiving objects:  27% (451/1669)   Receiving objects:  28% (468/1669)   Receiving objects:  29% (485/1669)   Receiving objects:  30% (501/1669)   Receiving objects:  31% (518/1669)   Receiving objects:  32% (535/1669)   Receiving objects:  33% (551/1669)   Receiving objects:  34% (568/1669)   Receiving objects:  35% (585/1669)   Receiving objects:  36% (601/1669)   Receiving objects:  37% (618/1669)   Receiving objects:  38% (635/1669)   Receiving objects:  39% (651/1669)   Receiving objects:  40% (668/1669)   Receiving objects:  41% (685/1669)   Receiving objects:  42% (701/1669)   Receiving objects:  43% (718/1669)   Receiving objects:  44% (735/1669)   Receiving objects:  45% (752/1669)   Receiving objects:  46% (768/1669)   Receiving objects:  47% (785/1669)   Receiving objects:  48% (802/1669)   Receiving objects:  49% (818/1669)   Receiving objects:  50% (835/1669)   Receiving objects:  51% (852/1669)   Receiving objects:  52% (868/1669)   Receiving objects:  53% (885/1669)   Receiving objects:  54% (902/1669)   Receiving objects:  55% (918/1669)   Receiving objects:  56% (935/1669)   Receiving objects:  57% (952/1669)   Receiving objects:  58% (969/1669)   Receiving objects:  59% (985/1669)   Receiving objects:  60% (1002/1669)   Receiving objects:  61% (1019/1669)   Receiving objects:  62% (1035/1669)   Receiving objects:  63% (1052/1669)   Receiving objects:  64% (1069/1669)   Receiving objects:  65% (1085/1669)   Receiving objects:  66% (1102/1669)   Receiving objects:  67% (1119/1669)   Receiving objects:  68% (1135/1669)   Receiving objects:  69% (1152/1669)   Receiving objects:  70% (1169/1669)   Receiving objects:  71% (1185/1669)   Receiving objects:  72% (1202/1669)   Receiving objects:  73% (1219/1669)   Receiving objects:  74% (1236/1669)   Receiving objects:  75% (1252/1669)   Receiving objects:  76% (1269/1669)   Receiving objects:  77% (1286/1669)   Receiving objects:  78% (1302/1669)   Receiving objects:  79% (1319/1669)   remote: Total 1669 (delta 565), reused 1438 (delta 407), pack-reused 0[K
Receiving objects:  80% (1336/1669)   Receiving objects:  81% (1352/1669)   Receiving objects:  82% (1369/1669)   Receiving objects:  83% (1386/1669)   Receiving objects:  84% (1402/1669)   Receiving objects:  85% (1419/1669)   Receiving objects:  86% (1436/1669)   Receiving objects:  87% (1453/1669)   Receiving objects:  88% (1469/1669)   Receiving objects:  89% (1486/1669)   Receiving objects:  90% (1503/1669)   Receiving objects:  91% (1519/1669)   Receiving objects:  92% (1536/1669)   Receiving objects:  93% (1553/1669)   Receiving objects:  94% (1569/1669)   Receiving objects:  95% (1586/1669)   Receiving objects:  96% (1603/1669)   Receiving objects:  97% (1619/1669)   Receiving objects:  98% (1636/1669)   Receiving objects:  99% (1653/1669)   Receiving objects: 100% (1669/1669)   Receiving objects: 100% (1669/1669), 432.63 KiB | 0 bytes/s, done.
Resolving deltas:   0% (0/565)   Resolving deltas:   5% (31/565)   Resolving deltas:   6% (37/565)   Resolving deltas:   8% (47/565)   Resolving deltas:   9% (53/565)   Resolving deltas:  13% (75/565)   Resolving deltas:  16% (96/565)   Resolving deltas:  17% (97/565)   Resolving deltas:  20% (117/565)   Resolving deltas:  21% (123/565)   Resolving deltas:  22% (125/565)   Resolving deltas:  23% (131/565)   Resolving deltas:  24% (136/565)   Resolving deltas:  25% (142/565)   Resolving deltas:  27% (155/565)   Resolving deltas:  28% (163/565)   Resolving deltas:  29% (165/565)   Resolving deltas:  30% (175/565)   Resolving deltas:  31% (180/565)   Resolving deltas:  32% (185/565)   Resolving deltas:  33% (187/565)   Resolving deltas:  35% (201/565)   Resolving deltas:  36% (208/565)   Resolving deltas:  37% (214/565)   Resolving deltas:  38% (218/565)   Resolving deltas:  39% (223/565)   Resolving deltas:  40% (228/565)   Resolving deltas:  44% (254/565)   Resolving deltas:  46% (262/565)   Resolving deltas:  48% (275/565)   Resolving deltas:  50% (285/565)   Resolving deltas:  51% (292/565)   Resolving deltas:  52% (294/565)   Resolving deltas:  55% (315/565)   Resolving deltas:  57% (326/565)   Resolving deltas:  59% (334/565)   Resolving deltas:  60% (344/565)   Resolving deltas:  61% (345/565)   Resolving deltas:  62% (353/565)   Resolving deltas:  63% (356/565)   Resolving deltas:  64% (363/565)   Resolving deltas:  65% (371/565)   Resolving deltas:  66% (377/565)   Resolving deltas:  67% (381/565)   Resolving deltas:  68% (385/565)   Resolving deltas:  69% (393/565)   Resolving deltas:  71% (402/565)   Resolving deltas:  72% (412/565)   Resolving deltas:  73% (415/565)   Resolving deltas:  74% (419/565)   Resolving deltas:  75% (427/565)   Resolving deltas:  76% (433/565)   Resolving deltas:  77% (439/565)   Resolving deltas:  78% (443/565)   Resolving deltas:  79% (447/565)   Resolving deltas:  80% (452/565)   Resolving deltas:  81% (459/565)   Resolving deltas:  82% (464/565)   Resolving deltas:  83% (469/565)   Resolving deltas:  84% (475/565)   Resolving deltas:  87% (497/565)   Resolving deltas:  88% (498/565)   Resolving deltas:  89% (504/565)   Resolving deltas:  90% (512/565)   Resolving deltas:  91% (515/565)   Resolving deltas:  92% (521/565)   Resolving deltas:  93% (526/565)   Resolving deltas:  95% (540/565)   Resolving deltas:  96% (545/565)   Resolving deltas:  97% (551/565)   Resolving deltas:  98% (558/565)   Resolving deltas: 100% (565/565)   Resolving deltas: 100% (565/565), done.
Checking connectivity... done.
travis_time:end:001ed8f6:start=1435514599829508255,finish=1435514600116819328,duration=287311073[0K$ cd square/retrofit
travis_time:start:0174db8d[0K$ git fetch origin +refs/pull/926/merge:
remote: Counting objects: 87, done.[K
remote: Compressing objects:   3% (1/32)   [Kremote: Compressing objects:   6% (2/32)   [Kremote: Compressing objects:   9% (3/32)   [Kremote: Compressing objects:  12% (4/32)   [Kremote: Compressing objects:  15% (5/32)   [Kremote: Compressing objects:  18% (6/32)   [Kremote: Compressing objects:  21% (7/32)   [Kremote: Compressing objects:  25% (8/32)   [Kremote: Compressing objects:  28% (9/32)   [Kremote: Compressing objects:  31% (10/32)   [Kremote: Compressing objects:  34% (11/32)   [Kremote: Compressing objects:  37% (12/32)   [Kremote: Compressing objects:  40% (13/32)   [Kremote: Compressing objects:  43% (14/32)   [Kremote: Compressing objects:  46% (15/32)   [Kremote: Compressing objects:  50% (16/32)   [Kremote: Compressing objects:  53% (17/32)   [Kremote: Compressing objects:  56% (18/32)   [Kremote: Compressing objects:  59% (19/32)   [Kremote: Compressing objects:  62% (20/32)   [Kremote: Compressing objects:  65% (21/32)   [Kremote: Compressing objects:  68% (22/32)   [Kremote: Compressing objects:  71% (23/32)   [Kremote: Compressing objects:  75% (24/32)   [Kremote: Compressing objects:  78% (25/32)   [Kremote: Compressing objects:  81% (26/32)   [Kremote: Compressing objects:  84% (27/32)   [Kremote: Compressing objects:  87% (28/32)   [Kremote: Compressing objects:  90% (29/32)   [Kremote: Compressing objects:  93% (30/32)   [Kremote: Compressing objects:  96% (31/32)   [Kremote: Compressing objects: 100% (32/32)   [Kremote: Compressing objects: 100% (32/32), done.[K
remote: Total 87 (delta 30), reused 87 (delta 30), pack-reused 0[K
Unpacking objects:   1% (1/87)   Unpacking objects:   2% (2/87)   Unpacking objects:   3% (3/87)   Unpacking objects:   4% (4/87)   Unpacking objects:   5% (5/87)   Unpacking objects:   6% (6/87)   Unpacking objects:   8% (7/87)   Unpacking objects:   9% (8/87)   Unpacking objects:  10% (9/87)   Unpacking objects:  11% (10/87)   Unpacking objects:  12% (11/87)   Unpacking objects:  13% (12/87)   Unpacking objects:  14% (13/87)   Unpacking objects:  16% (14/87)   Unpacking objects:  17% (15/87)   Unpacking objects:  18% (16/87)   Unpacking objects:  19% (17/87)   Unpacking objects:  20% (18/87)   Unpacking objects:  21% (19/87)   Unpacking objects:  22% (20/87)   Unpacking objects:  24% (21/87)   Unpacking objects:  25% (22/87)   Unpacking objects:  26% (23/87)   Unpacking objects:  27% (24/87)   Unpacking objects:  28% (25/87)   Unpacking objects:  29% (26/87)   Unpacking objects:  31% (27/87)   Unpacking objects:  32% (28/87)   Unpacking objects:  33% (29/87)   Unpacking objects:  34% (30/87)   Unpacking objects:  35% (31/87)   Unpacking objects:  36% (32/87)   Unpacking objects:  37% (33/87)   Unpacking objects:  39% (34/87)   Unpacking objects:  40% (35/87)   Unpacking objects:  41% (36/87)   Unpacking objects:  42% (37/87)   Unpacking objects:  43% (38/87)   Unpacking objects:  44% (39/87)   Unpacking objects:  45% (40/87)   Unpacking objects:  47% (41/87)   Unpacking objects:  48% (42/87)   Unpacking objects:  49% (43/87)   Unpacking objects:  50% (44/87)   Unpacking objects:  51% (45/87)   Unpacking objects:  52% (46/87)   Unpacking objects:  54% (47/87)   Unpacking objects:  55% (48/87)   Unpacking objects:  56% (49/87)   Unpacking objects:  57% (50/87)   Unpacking objects:  58% (51/87)   Unpacking objects:  59% (52/87)   Unpacking objects:  60% (53/87)   Unpacking objects:  62% (54/87)   Unpacking objects:  63% (55/87)   Unpacking objects:  64% (56/87)   Unpacking objects:  65% (57/87)   Unpacking objects:  66% (58/87)   Unpacking objects:  67% (59/87)   Unpacking objects:  68% (60/87)   Unpacking objects:  70% (61/87)   Unpacking objects:  71% (62/87)   Unpacking objects:  72% (63/87)   Unpacking objects:  73% (64/87)   Unpacking objects:  74% (65/87)   Unpacking objects:  75% (66/87)   Unpacking objects:  77% (67/87)   Unpacking objects:  78% (68/87)   Unpacking objects:  79% (69/87)   Unpacking objects:  80% (70/87)   Unpacking objects:  81% (71/87)   Unpacking objects:  82% (72/87)   Unpacking objects:  83% (73/87)   Unpacking objects:  85% (74/87)   Unpacking objects:  86% (75/87)   Unpacking objects:  87% (76/87)   Unpacking objects:  88% (77/87)   Unpacking objects:  89% (78/87)   Unpacking objects:  90% (79/87)   Unpacking objects:  91% (80/87)   Unpacking objects:  93% (81/87)   Unpacking objects:  94% (82/87)   Unpacking objects:  95% (83/87)   Unpacking objects:  96% (84/87)   Unpacking objects:  97% (85/87)   Unpacking objects:  98% (86/87)   Unpacking objects: 100% (87/87)   Unpacking objects: 100% (87/87), done.
From git://github.com/square/retrofit
 * branch            refs/pull/926/merge -> FETCH_HEAD
travis_time:end:0174db8d:start=1435514600121124119,finish=1435514600245892918,duration=124768799[0K$ git checkout -qf FETCH_HEAD
travis_fold:end:git.checkout[0K
[33;1mThis job is running on container-based infrastructure, which does not allow use of 'sudo', setuid and setguid executables.[0m
[33;1mIf you require sudo, add 'sudo: required' to your .travis.yml[0m
[33;1mSee http://docs.travis-ci.com/user/workers/container-based-infrastructure/ for details.[0m

[33;1mSetting environment variables from .travis.yml[0m
$ export CI_DEPLOY_USERNAME=[secure]
$ export CI_DEPLOY_PASSWORD=[secure]

travis_fold:start:cache.1[0KSetting up build cache
$ export CASHER_DIR=$HOME/.casher
travis_time:start:01f0ff0e[0K$ Installing caching utilities
travis_time:end:01f0ff0e:start=1435514603446392867,finish=1435514603501816286,duration=55423419[0Ktravis_time:start:055c229a[0Kattempting to download cache archive
fetching PR.926/cache--jdk-oraclejdk8.tbz
fetching master/cache--jdk-oraclejdk8.tbz
found cache
travis_time:end:055c229a:start=1435514603506293189,finish=1435514604741762990,duration=1235469801[0Ktravis_time:start:16b8e217[0Kadding /home/travis/.m2 to cache
travis_time:end:16b8e217:start=1435514604745439178,finish=1435514608990853256,duration=4245414078[0Ktravis_fold:end:cache.1[0K$ jdk_switcher use oraclejdk8
Switching to Oracle JDK8 (java-8-oracle), JAVA_HOME will be set to /usr/lib/jvm/java-8-oracle
$ java -Xmx32m -version
java version "1.8.0_31"
Java(TM) SE Runtime Environment (build 1.8.0_31-b13)
Java HotSpot(TM) 64-Bit Server VM (build 25.31-b07, mixed mode)
$ javac -J-Xmx32m -version
javac 1.8.0_31
travis_fold:start:install[0Ktravis_time:start:0666c680[0K$ mvn install -DskipTests=true -Dmaven.javadoc.skip=true -B -V
Java HotSpot(TM) 64-Bit Server VM warning: ignoring option MaxPermSize=192m; support was removed in 8.0
Apache Maven 3.2.5 (12a6b3acb947671f09b81f49094c53f426d8cea1; 2014-12-14T17:29:23+00:00)
Maven home: /usr/local/maven
Java version: 1.8.0_31, vendor: Oracle Corporation
Java home: /usr/lib/jvm/java-8-oracle/jre
Default locale: en_US, platform encoding: UTF-8
OS name: "linux", version: "3.13.0-40-generic", arch: "amd64", family: "unix"
[INFO] Scanning for projects...
[WARNING] 
[WARNING] Some problems were encountered while building the effective model for com.squareup.retrofit:samples:jar:2.0.0-SNAPSHOT
[WARNING] 'build.plugins.plugin.version' for org.apache.maven.plugins:maven-deploy-plugin is missing. @ com.squareup.retrofit:samples:[unknown-version], /home/travis/build/square/retrofit/samples/pom.xml, line 36, column 15
[WARNING] 
[WARNING] It is highly recommended to fix these problems because they threaten the stability of your build.
[WARNING] 
[WARNING] For this reason, future Maven versions might no longer support building such malformed projects.
[WARNING] 
[INFO] ------------------------------------------------------------------------
[INFO] Reactor Build Order:
[INFO] 
[INFO] Retrofit (Parent)
[INFO] Retrofit
[INFO] Adapters
[INFO] Adapter: RxJava
[INFO] Converters
[INFO] Converter: Gson
[INFO] Converter: Protocol Buffers
[INFO] Converter: Jackson
[INFO] Converter: Wire Protocol Buffers
[INFO] Converter: SimpleXML
[INFO] Converter: Moshi
[INFO] Samples
[INFO]                                                                         
[INFO] ------------------------------------------------------------------------
[INFO] Building Retrofit (Parent) 2.0.0-SNAPSHOT
[INFO] ------------------------------------------------------------------------
[INFO] 
[INFO] --- maven-enforcer-plugin:1.0:enforce (enforce-maven) @ parent ---
[INFO] 
[INFO] --- maven-checkstyle-plugin:2.15:checkstyle (default) @ parent ---
[INFO] 
[INFO] --- maven-install-plugin:2.4:install (default-install) @ parent ---
[INFO] Installing /home/travis/build/square/retrofit/pom.xml to /home/travis/.m2/repository/com/squareup/retrofit/parent/2.0.0-SNAPSHOT/parent-2.0.0-SNAPSHOT.pom
[INFO]                                                                         
[INFO] ------------------------------------------------------------------------
[INFO] Building Retrofit 2.0.0-SNAPSHOT
[INFO] ------------------------------------------------------------------------
[INFO] 
[INFO] --- maven-enforcer-plugin:1.0:enforce (enforce-maven) @ retrofit ---
[INFO] 
[INFO] --- maven-resources-plugin:2.6:resources (default-resources) @ retrofit ---
[INFO] Using 'UTF-8' encoding to copy filtered resources.
[INFO] skip non existing resourceDirectory /home/travis/build/square/retrofit/retrofit/src/main/resources
[INFO] 
[INFO] --- maven-compiler-plugin:3.0:compile (default-compile) @ retrofit ---
[INFO] Changes detected - recompiling the module!
[INFO] Compiling 42 source files to /home/travis/build/square/retrofit/retrofit/target/classes
[WARNING] /home/travis/build/square/retrofit/retrofit/src/main/java/retrofit/RequestBuilderAction.java: /home/travis/build/square/retrofit/retrofit/src/main/java/retrofit/RequestBuilderAction.java uses unchecked or unsafe operations.
[WARNING] /home/travis/build/square/retrofit/retrofit/src/main/java/retrofit/RequestBuilderAction.java: Recompile with -Xlint:unchecked for details.
[INFO] 
[INFO] --- maven-resources-plugin:2.6:testResources (default-testResources) @ retrofit ---
[INFO] Using 'UTF-8' encoding to copy filtered resources.
[INFO] skip non existing resourceDirectory /home/travis/build/square/retrofit/retrofit/src/test/resources
[INFO] 
[INFO] --- maven-compiler-plugin:3.0:testCompile (default-testCompile) @ retrofit ---
[INFO] Changes detected - recompiling the module!
[INFO] Compiling 7 source files to /home/travis/build/square/retrofit/retrofit/target/test-classes
[INFO] 
[INFO] --- maven-surefire-plugin:2.12.4:test (default-test) @ retrofit ---
[INFO] Tests are skipped.
[INFO] 
[INFO] --- maven-jar-plugin:2.4:jar (default-jar) @ retrofit ---
[INFO] Building jar: /home/travis/build/square/retrofit/retrofit/target/retrofit-2.0.0-SNAPSHOT.jar
[INFO] 
[INFO] --- maven-checkstyle-plugin:2.15:checkstyle (default) @ retrofit ---
[INFO] Starting audit...
Audit done.
[WARNING] Unable to locate Source XRef to link to - DISABLED
[INFO] 
[INFO] --- maven-install-plugin:2.4:install (default-install) @ retrofit ---
[INFO] Installing /home/travis/build/square/retrofit/retrofit/target/retrofit-2.0.0-SNAPSHOT.jar to /home/travis/.m2/repository/com/squareup/retrofit/retrofit/2.0.0-SNAPSHOT/retrofit-2.0.0-SNAPSHOT.jar
[INFO] Installing /home/travis/build/square/retrofit/retrofit/pom.xml to /home/travis/.m2/repository/com/squareup/retrofit/retrofit/2.0.0-SNAPSHOT/retrofit-2.0.0-SNAPSHOT.pom
[INFO]                                                                         
[INFO] ------------------------------------------------------------------------
[INFO] Building Adapters 2.0.0-SNAPSHOT
[INFO] ------------------------------------------------------------------------
[INFO] 
[INFO] --- maven-enforcer-plugin:1.0:enforce (enforce-maven) @ retrofit-adapters ---
[INFO] 
[INFO] --- maven-checkstyle-plugin:2.15:checkstyle (default) @ retrofit-adapters ---
[INFO] 
[INFO] --- maven-install-plugin:2.4:install (default-install) @ retrofit-adapters ---
[INFO] Installing /home/travis/build/square/retrofit/retrofit-adapters/pom.xml to /home/travis/.m2/repository/com/squareup/retrofit/retrofit-adapters/2.0.0-SNAPSHOT/retrofit-adapters-2.0.0-SNAPSHOT.pom
[INFO]                                                                         
[INFO] ------------------------------------------------------------------------
[INFO] Building Adapter: RxJava 2.0.0-SNAPSHOT
[INFO] ------------------------------------------------------------------------
[INFO] 
[INFO] --- maven-enforcer-plugin:1.0:enforce (enforce-maven) @ adapter-rxjava ---
[INFO] 
[INFO] --- maven-resources-plugin:2.6:resources (default-resources) @ adapter-rxjava ---
[INFO] Using 'UTF-8' encoding to copy filtered resources.
[INFO] skip non existing resourceDirectory /home/travis/build/square/retrofit/retrofit-adapters/rxjava/src/main/resources
[INFO] 
[INFO] --- maven-compiler-plugin:3.0:compile (default-compile) @ adapter-rxjava ---
[INFO] Changes detected - recompiling the module!
[INFO] Compiling 2 source files to /home/travis/build/square/retrofit/retrofit-adapters/rxjava/target/classes
[INFO] 
[INFO] --- maven-resources-plugin:2.6:testResources (default-testResources) @ adapter-rxjava ---
[INFO] Using 'UTF-8' encoding to copy filtered resources.
[INFO] skip non existing resourceDirectory /home/travis/build/square/retrofit/retrofit-adapters/rxjava/src/test/resources
[INFO] 
[INFO] --- maven-compiler-plugin:3.0:testCompile (default-testCompile) @ adapter-rxjava ---
[INFO] Changes detected - recompiling the module!
[INFO] Compiling 2 source files to /home/travis/build/square/retrofit/retrofit-adapters/rxjava/target/test-classes
[INFO] 
[INFO] --- maven-surefire-plugin:2.12.4:test (default-test) @ adapter-rxjava ---
[INFO] Tests are skipped.
[INFO] 
[INFO] --- maven-jar-plugin:2.4:jar (default-jar) @ adapter-rxjava ---
[INFO] Building jar: /home/travis/build/square/retrofit/retrofit-adapters/rxjava/target/adapter-rxjava-2.0.0-SNAPSHOT.jar
[INFO] 
[INFO] --- maven-checkstyle-plugin:2.15:checkstyle (default) @ adapter-rxjava ---
[INFO] Starting audit...
Audit done.
[WARNING] Unable to locate Source XRef to link to - DISABLED
[INFO] 
[INFO] --- maven-install-plugin:2.4:install (default-install) @ adapter-rxjava ---
[INFO] Installing /home/travis/build/square/retrofit/retrofit-adapters/rxjava/target/adapter-rxjava-2.0.0-SNAPSHOT.jar to /home/travis/.m2/repository/com/squareup/retrofit/adapter-rxjava/2.0.0-SNAPSHOT/adapter-rxjava-2.0.0-SNAPSHOT.jar
[INFO] Installing /home/travis/build/square/retrofit/retrofit-adapters/rxjava/pom.xml to /home/travis/.m2/repository/com/squareup/retrofit/adapter-rxjava/2.0.0-SNAPSHOT/adapter-rxjava-2.0.0-SNAPSHOT.pom
[INFO]                                                                         
[INFO] ------------------------------------------------------------------------
[INFO] Building Converters 2.0.0-SNAPSHOT
[INFO] ------------------------------------------------------------------------
[INFO] 
[INFO] --- maven-enforcer-plugin:1.0:enforce (enforce-maven) @ retrofit-converters ---
[INFO] 
[INFO] --- maven-checkstyle-plugin:2.15:checkstyle (default) @ retrofit-converters ---
[INFO] 
[INFO] --- maven-install-plugin:2.4:install (default-install) @ retrofit-converters ---
[INFO] Installing /home/travis/build/square/retrofit/retrofit-converters/pom.xml to /home/travis/.m2/repository/com/squareup/retrofit/retrofit-converters/2.0.0-SNAPSHOT/retrofit-converters-2.0.0-SNAPSHOT.pom
[INFO]                                                                         
[INFO] ------------------------------------------------------------------------
[INFO] Building Converter: Gson 2.0.0-SNAPSHOT
[INFO] ------------------------------------------------------------------------
[INFO] 
[INFO] --- maven-enforcer-plugin:1.0:enforce (enforce-maven) @ converter-gson ---
[INFO] 
[INFO] --- maven-resources-plugin:2.6:resources (default-resources) @ converter-gson ---
[INFO] Using 'UTF-8' encoding to copy filtered resources.
[INFO] skip non existing resourceDirectory /home/travis/build/square/retrofit/retrofit-converters/gson/src/main/resources
[INFO] 
[INFO] --- maven-compiler-plugin:3.0:compile (default-compile) @ converter-gson ---
[INFO] Changes detected - recompiling the module!
[INFO] Compiling 2 source files to /home/travis/build/square/retrofit/retrofit-converters/gson/target/classes
[INFO] 
[INFO] --- maven-resources-plugin:2.6:testResources (default-testResources) @ converter-gson ---
[INFO] Using 'UTF-8' encoding to copy filtered resources.
[INFO] skip non existing resourceDirectory /home/travis/build/square/retrofit/retrofit-converters/gson/src/test/resources
[INFO] 
[INFO] --- maven-compiler-plugin:3.0:testCompile (default-testCompile) @ converter-gson ---
[INFO] Changes detected - recompiling the module!
[INFO] Compiling 1 source file to /home/travis/build/square/retrofit/retrofit-converters/gson/target/test-classes
[INFO] 
[INFO] --- maven-surefire-plugin:2.12.4:test (default-test) @ converter-gson ---
[INFO] Tests are skipped.
[INFO] 
[INFO] --- maven-jar-plugin:2.4:jar (default-jar) @ converter-gson ---
[INFO] Building jar: /home/travis/build/square/retrofit/retrofit-converters/gson/target/converter-gson-2.0.0-SNAPSHOT.jar
[INFO] 
[INFO] --- maven-checkstyle-plugin:2.15:checkstyle (default) @ converter-gson ---
[INFO] Starting audit...
Audit done.
[WARNING] Unable to locate Source XRef to link to - DISABLED
[INFO] 
[INFO] --- maven-install-plugin:2.4:install (default-install) @ converter-gson ---
[INFO] Installing /home/travis/build/square/retrofit/retrofit-converters/gson/target/converter-gson-2.0.0-SNAPSHOT.jar to /home/travis/.m2/repository/com/squareup/retrofit/converter-gson/2.0.0-SNAPSHOT/converter-gson-2.0.0-SNAPSHOT.jar
[INFO] Installing /home/travis/build/square/retrofit/retrofit-converters/gson/pom.xml to /home/travis/.m2/repository/com/squareup/retrofit/converter-gson/2.0.0-SNAPSHOT/converter-gson-2.0.0-SNAPSHOT.pom
[INFO]                                                                         
[INFO] ------------------------------------------------------------------------
[INFO] Building Converter: Protocol Buffers 2.0.0-SNAPSHOT
[INFO] ------------------------------------------------------------------------
[INFO] 
[INFO] --- maven-enforcer-plugin:1.0:enforce (enforce-maven) @ converter-protobuf ---
[INFO] 
[INFO] --- maven-resources-plugin:2.6:resources (default-resources) @ converter-protobuf ---
[INFO] Using 'UTF-8' encoding to copy filtered resources.
[INFO] skip non existing resourceDirectory /home/travis/build/square/retrofit/retrofit-converters/protobuf/src/main/resources
[INFO] 
[INFO] --- maven-compiler-plugin:3.0:compile (default-compile) @ converter-protobuf ---
[INFO] Changes detected - recompiling the module!
[INFO] Compiling 2 source files to /home/travis/build/square/retrofit/retrofit-converters/protobuf/target/classes
[WARNING] /home/travis/build/square/retrofit/retrofit-converters/protobuf/src/main/java/retrofit/ProtoConverterFactory.java: /home/travis/build/square/retrofit/retrofit-converters/protobuf/src/main/java/retrofit/ProtoConverterFactory.java uses unchecked or unsafe operations.
[WARNING] /home/travis/build/square/retrofit/retrofit-converters/protobuf/src/main/java/retrofit/ProtoConverterFactory.java: Recompile with -Xlint:unchecked for details.
[INFO] 
[INFO] --- maven-resources-plugin:2.6:testResources (default-testResources) @ converter-protobuf ---
[INFO] Using 'UTF-8' encoding to copy filtered resources.
[INFO] skip non existing resourceDirectory /home/travis/build/square/retrofit/retrofit-converters/protobuf/src/test/resources
[INFO] 
[INFO] --- maven-compiler-plugin:3.0:testCompile (default-testCompile) @ converter-protobuf ---
[INFO] Changes detected - recompiling the module!
[INFO] Compiling 2 source files to /home/travis/build/square/retrofit/retrofit-converters/protobuf/target/test-classes
[INFO] 
[INFO] --- maven-surefire-plugin:2.12.4:test (default-test) @ converter-protobuf ---
[INFO] Tests are skipped.
[INFO] 
[INFO] --- maven-jar-plugin:2.4:jar (default-jar) @ converter-protobuf ---
[INFO] Building jar: /home/travis/build/square/retrofit/retrofit-converters/protobuf/target/converter-protobuf-2.0.0-SNAPSHOT.jar
[INFO] 
[INFO] --- maven-checkstyle-plugin:2.15:checkstyle (default) @ converter-protobuf ---
[INFO] Starting audit...
Audit done.
[WARNING] Unable to locate Source XRef to link to - DISABLED
[INFO] 
[INFO] --- maven-install-plugin:2.4:install (default-install) @ converter-protobuf ---
[INFO] Installing /home/travis/build/square/retrofit/retrofit-converters/protobuf/target/converter-protobuf-2.0.0-SNAPSHOT.jar to /home/travis/.m2/repository/com/squareup/retrofit/converter-protobuf/2.0.0-SNAPSHOT/converter-protobuf-2.0.0-SNAPSHOT.jar
[INFO] Installing /home/travis/build/square/retrofit/retrofit-converters/protobuf/pom.xml to /home/travis/.m2/repository/com/squareup/retrofit/converter-protobuf/2.0.0-SNAPSHOT/converter-protobuf-2.0.0-SNAPSHOT.pom
[INFO]                                                                         
[INFO] ------------------------------------------------------------------------
[INFO] Building Converter: Jackson 2.0.0-SNAPSHOT
[INFO] ------------------------------------------------------------------------
[INFO] 
[INFO] --- maven-enforcer-plugin:1.0:enforce (enforce-maven) @ converter-jackson ---
[INFO] 
[INFO] --- maven-resources-plugin:2.6:resources (default-resources) @ converter-jackson ---
[INFO] Using 'UTF-8' encoding to copy filtered resources.
[INFO] skip non existing resourceDirectory /home/travis/build/square/retrofit/retrofit-converters/jackson/src/main/resources
[INFO] 
[INFO] --- maven-compiler-plugin:3.0:compile (default-compile) @ converter-jackson ---
[INFO] Changes detected - recompiling the module!
[INFO] Compiling 2 source files to /home/travis/build/square/retrofit/retrofit-converters/jackson/target/classes
[INFO] 
[INFO] --- maven-resources-plugin:2.6:testResources (default-testResources) @ converter-jackson ---
[INFO] Using 'UTF-8' encoding to copy filtered resources.
[INFO] skip non existing resourceDirectory /home/travis/build/square/retrofit/retrofit-converters/jackson/src/test/resources
[INFO] 
[INFO] --- maven-compiler-plugin:3.0:testCompile (default-testCompile) @ converter-jackson ---
[INFO] Changes detected - recompiling the module!
[INFO] Compiling 1 source file to /home/travis/build/square/retrofit/retrofit-converters/jackson/target/test-classes
[INFO] 
[INFO] --- maven-surefire-plugin:2.12.4:test (default-test) @ converter-jackson ---
[INFO] Tests are skipped.
[INFO] 
[INFO] --- maven-jar-plugin:2.4:jar (default-jar) @ converter-jackson ---
[INFO] Building jar: /home/travis/build/square/retrofit/retrofit-converters/jackson/target/converter-jackson-2.0.0-SNAPSHOT.jar
[INFO] 
[INFO] --- maven-checkstyle-plugin:2.15:checkstyle (default) @ converter-jackson ---
[INFO] Starting audit...
Audit done.
[WARNING] Unable to locate Source XRef to link to - DISABLED
[INFO] 
[INFO] --- maven-install-plugin:2.4:install (default-install) @ converter-jackson ---
[INFO] Installing /home/travis/build/square/retrofit/retrofit-converters/jackson/target/converter-jackson-2.0.0-SNAPSHOT.jar to /home/travis/.m2/repository/com/squareup/retrofit/converter-jackson/2.0.0-SNAPSHOT/converter-jackson-2.0.0-SNAPSHOT.jar
[INFO] Installing /home/travis/build/square/retrofit/retrofit-converters/jackson/pom.xml to /home/travis/.m2/repository/com/squareup/retrofit/converter-jackson/2.0.0-SNAPSHOT/converter-jackson-2.0.0-SNAPSHOT.pom
[INFO]                                                                         
[INFO] ------------------------------------------------------------------------
[INFO] Building Converter: Wire Protocol Buffers 2.0.0-SNAPSHOT
[INFO] ------------------------------------------------------------------------
[INFO] 
[INFO] --- maven-enforcer-plugin:1.0:enforce (enforce-maven) @ converter-wire ---
[INFO] 
[INFO] --- maven-resources-plugin:2.6:resources (default-resources) @ converter-wire ---
[INFO] Using 'UTF-8' encoding to copy filtered resources.
[INFO] skip non existing resourceDirectory /home/travis/build/square/retrofit/retrofit-converters/wire/src/main/resources
[INFO] 
[INFO] --- maven-compiler-plugin:3.0:compile (default-compile) @ converter-wire ---
[INFO] Changes detected - recompiling the module!
[INFO] Compiling 2 source files to /home/travis/build/square/retrofit/retrofit-converters/wire/target/classes
[WARNING] /home/travis/build/square/retrofit/retrofit-converters/wire/src/main/java/retrofit/WireConverterFactory.java: /home/travis/build/square/retrofit/retrofit-converters/wire/src/main/java/retrofit/WireConverterFactory.java uses unchecked or unsafe operations.
[WARNING] /home/travis/build/square/retrofit/retrofit-converters/wire/src/main/java/retrofit/WireConverterFactory.java: Recompile with -Xlint:unchecked for details.
[INFO] 
[INFO] --- maven-resources-plugin:2.6:testResources (default-testResources) @ converter-wire ---
[INFO] Using 'UTF-8' encoding to copy filtered resources.
[INFO] skip non existing resourceDirectory /home/travis/build/square/retrofit/retrofit-converters/wire/src/test/resources
[INFO] 
[INFO] --- maven-compiler-plugin:3.0:testCompile (default-testCompile) @ converter-wire ---
[INFO] Changes detected - recompiling the module!
[INFO] Compiling 2 source files to /home/travis/build/square/retrofit/retrofit-converters/wire/target/test-classes
[INFO] 
[INFO] --- maven-surefire-plugin:2.12.4:test (default-test) @ converter-wire ---
[INFO] Tests are skipped.
[INFO] 
[INFO] --- maven-jar-plugin:2.4:jar (default-jar) @ converter-wire ---
[INFO] Building jar: /home/travis/build/square/retrofit/retrofit-converters/wire/target/converter-wire-2.0.0-SNAPSHOT.jar
[INFO] 
[INFO] --- maven-checkstyle-plugin:2.15:checkstyle (default) @ converter-wire ---
[INFO] Starting audit...
Audit done.
[WARNING] Unable to locate Source XRef to link to - DISABLED
[INFO] 
[INFO] --- maven-install-plugin:2.4:install (default-install) @ converter-wire ---
[INFO] Installing /home/travis/build/square/retrofit/retrofit-converters/wire/target/converter-wire-2.0.0-SNAPSHOT.jar to /home/travis/.m2/repository/com/squareup/retrofit/converter-wire/2.0.0-SNAPSHOT/converter-wire-2.0.0-SNAPSHOT.jar
[INFO] Installing /home/travis/build/square/retrofit/retrofit-converters/wire/pom.xml to /home/travis/.m2/repository/com/squareup/retrofit/converter-wire/2.0.0-SNAPSHOT/converter-wire-2.0.0-SNAPSHOT.pom
[INFO]                                                                         
[INFO] ------------------------------------------------------------------------
[INFO] Building Converter: SimpleXML 2.0.0-SNAPSHOT
[INFO] ------------------------------------------------------------------------
[INFO] 
[INFO] --- maven-enforcer-plugin:1.0:enforce (enforce-maven) @ converter-simplexml ---
[INFO] 
[INFO] --- maven-resources-plugin:2.6:resources (default-resources) @ converter-simplexml ---
[INFO] Using 'UTF-8' encoding to copy filtered resources.
[INFO] skip non existing resourceDirectory /home/travis/build/square/retrofit/retrofit-converters/simplexml/src/main/resources
[INFO] 
[INFO] --- maven-compiler-plugin:3.0:compile (default-compile) @ converter-simplexml ---
[INFO] Changes detected - recompiling the module!
[INFO] Compiling 2 source files to /home/travis/build/square/retrofit/retrofit-converters/simplexml/target/classes
[INFO] 
[INFO] --- maven-resources-plugin:2.6:testResources (default-testResources) @ converter-simplexml ---
[INFO] Using 'UTF-8' encoding to copy filtered resources.
[INFO] skip non existing resourceDirectory /home/travis/build/square/retrofit/retrofit-converters/simplexml/src/test/resources
[INFO] 
[INFO] --- maven-compiler-plugin:3.0:testCompile (default-testCompile) @ converter-simplexml ---
[INFO] Changes detected - recompiling the module!
[INFO] Compiling 2 source files to /home/travis/build/square/retrofit/retrofit-converters/simplexml/target/test-classes
[INFO] 
[INFO] --- maven-surefire-plugin:2.12.4:test (default-test) @ converter-simplexml ---
[INFO] Tests are skipped.
[INFO] 
[INFO] --- maven-jar-plugin:2.4:jar (default-jar) @ converter-simplexml ---
[INFO] Building jar: /home/travis/build/square/retrofit/retrofit-converters/simplexml/target/converter-simplexml-2.0.0-SNAPSHOT.jar
[INFO] 
[INFO] --- maven-checkstyle-plugin:2.15:checkstyle (default) @ converter-simplexml ---
[INFO] Starting audit...
Audit done.
[WARNING] Unable to locate Source XRef to link to - DISABLED
[INFO] 
[INFO] --- maven-install-plugin:2.4:install (default-install) @ converter-simplexml ---
[INFO] Installing /home/travis/build/square/retrofit/retrofit-converters/simplexml/target/converter-simplexml-2.0.0-SNAPSHOT.jar to /home/travis/.m2/repository/com/squareup/retrofit/converter-simplexml/2.0.0-SNAPSHOT/converter-simplexml-2.0.0-SNAPSHOT.jar
[INFO] Installing /home/travis/build/square/retrofit/retrofit-converters/simplexml/pom.xml to /home/travis/.m2/repository/com/squareup/retrofit/converter-simplexml/2.0.0-SNAPSHOT/converter-simplexml-2.0.0-SNAPSHOT.pom
[INFO]                                                                         
[INFO] ------------------------------------------------------------------------
[INFO] Building Converter: Moshi 2.0.0-SNAPSHOT
[INFO] ------------------------------------------------------------------------
[INFO] 
[INFO] --- maven-enforcer-plugin:1.0:enforce (enforce-maven) @ converter-moshi ---
[INFO] 
[INFO] --- maven-resources-plugin:2.6:resources (default-resources) @ converter-moshi ---
[INFO] Using 'UTF-8' encoding to copy filtered resources.
[INFO] skip non existing resourceDirectory /home/travis/build/square/retrofit/retrofit-converters/moshi/src/main/resources
[INFO] 
[INFO] --- maven-compiler-plugin:3.0:compile (default-compile) @ converter-moshi ---
[INFO] Changes detected - recompiling the module!
[INFO] Compiling 2 source files to /home/travis/build/square/retrofit/retrofit-converters/moshi/target/classes
[INFO] 
[INFO] --- maven-resources-plugin:2.6:testResources (default-testResources) @ converter-moshi ---
[INFO] Using 'UTF-8' encoding to copy filtered resources.
[INFO] skip non existing resourceDirectory /home/travis/build/square/retrofit/retrofit-converters/moshi/src/test/resources
[INFO] 
[INFO] --- maven-compiler-plugin:3.0:testCompile (default-testCompile) @ converter-moshi ---
[INFO] Changes detected - recompiling the module!
[INFO] Compiling 1 source file to /home/travis/build/square/retrofit/retrofit-converters/moshi/target/test-classes
[INFO] 
[INFO] --- maven-surefire-plugin:2.12.4:test (default-test) @ converter-moshi ---
[INFO] Tests are skipped.
[INFO] 
[INFO] --- maven-jar-plugin:2.4:jar (default-jar) @ converter-moshi ---
[INFO] Building jar: /home/travis/build/square/retrofit/retrofit-converters/moshi/target/converter-moshi-2.0.0-SNAPSHOT.jar
[INFO] 
[INFO] --- maven-checkstyle-plugin:2.15:checkstyle (default) @ converter-moshi ---
[INFO] Starting audit...
Audit done.
[WARNING] Unable to locate Source XRef to link to - DISABLED
[INFO] 
[INFO] --- maven-install-plugin:2.4:install (default-install) @ converter-moshi ---
[INFO] Installing /home/travis/build/square/retrofit/retrofit-converters/moshi/target/converter-moshi-2.0.0-SNAPSHOT.jar to /home/travis/.m2/repository/com/squareup/retrofit/converter-moshi/2.0.0-SNAPSHOT/converter-moshi-2.0.0-SNAPSHOT.jar
[INFO] Installing /home/travis/build/square/retrofit/retrofit-converters/moshi/pom.xml to /home/travis/.m2/repository/com/squareup/retrofit/converter-moshi/2.0.0-SNAPSHOT/converter-moshi-2.0.0-SNAPSHOT.pom
[INFO]                                                                         
[INFO] ------------------------------------------------------------------------
[INFO] Building Samples 2.0.0-SNAPSHOT
[INFO] ------------------------------------------------------------------------
[INFO] 
[INFO] --- maven-enforcer-plugin:1.0:enforce (enforce-maven) @ samples ---
[INFO] 
[INFO] --- maven-resources-plugin:2.6:resources (default-resources) @ samples ---
[INFO] Using 'UTF-8' encoding to copy filtered resources.
[INFO] skip non existing resourceDirectory /home/travis/build/square/retrofit/samples/src/main/resources
[INFO] 
[INFO] --- maven-compiler-plugin:3.0:compile (default-compile) @ samples ---
[INFO] Changes detected - recompiling the module!
[INFO] Compiling 2 source files to /home/travis/build/square/retrofit/samples/target/classes
[INFO] 
[INFO] --- maven-resources-plugin:2.6:testResources (default-testResources) @ samples ---
[INFO] Using 'UTF-8' encoding to copy filtered resources.
[INFO] skip non existing resourceDirectory /home/travis/build/square/retrofit/samples/src/test/resources
[INFO] 
[INFO] --- maven-compiler-plugin:3.0:testCompile (default-testCompile) @ samples ---
[INFO] No sources to compile
[INFO] 
[INFO] --- maven-surefire-plugin:2.12.4:test (default-test) @ samples ---
[INFO] Tests are skipped.
[INFO] 
[INFO] --- maven-jar-plugin:2.4:jar (default-jar) @ samples ---
[INFO] Building jar: /home/travis/build/square/retrofit/samples/target/samples-2.0.0-SNAPSHOT.jar
[INFO] 
[INFO] --- maven-checkstyle-plugin:2.15:checkstyle (default) @ samples ---
[INFO] Starting audit...
Audit done.
[WARNING] Unable to locate Source XRef to link to - DISABLED
[INFO] 
[INFO] --- maven-install-plugin:2.4:install (default-install) @ samples ---
[INFO] Installing /home/travis/build/square/retrofit/samples/target/samples-2.0.0-SNAPSHOT.jar to /home/travis/.m2/repository/com/squareup/retrofit/samples/2.0.0-SNAPSHOT/samples-2.0.0-SNAPSHOT.jar
[INFO] Installing /home/travis/build/square/retrofit/samples/pom.xml to /home/travis/.m2/repository/com/squareup/retrofit/samples/2.0.0-SNAPSHOT/samples-2.0.0-SNAPSHOT.pom
[INFO] ------------------------------------------------------------------------
[INFO] Reactor Summary:
[INFO] 
[INFO] Retrofit (Parent) .................................. SUCCESS [  2.648 s]
[INFO] Retrofit ........................................... SUCCESS [ 12.995 s]
[INFO] Adapters ........................................... SUCCESS [  0.117 s]
[INFO] Adapter: RxJava .................................... SUCCESS [  2.433 s]
[INFO] Converters ......................................... SUCCESS [  0.064 s]
[INFO] Converter: Gson .................................... SUCCESS [  1.878 s]
[INFO] Converter: Protocol Buffers ........................ SUCCESS [  1.816 s]
[INFO] Converter: Jackson ................................. SUCCESS [  1.678 s]
[INFO] Converter: Wire Protocol Buffers ................... SUCCESS [  1.422 s]
[INFO] Converter: SimpleXML ............................... SUCCESS [  1.219 s]
[INFO] Converter: Moshi ................................... SUCCESS [  0.981 s]
[INFO] Samples ............................................ SUCCESS [  1.276 s]
[INFO] ------------------------------------------------------------------------
[INFO] BUILD SUCCESS
[INFO] ------------------------------------------------------------------------
[INFO] Total time: 29.302 s
[INFO] Finished at: 2015-06-28T18:04:00+00:00
[INFO] Final Memory: 35M/325M
[INFO] ------------------------------------------------------------------------
travis_time:end:0666c680:start=1435514609626497215,finish=1435514641256260159,duration=31629762944[0Ktravis_fold:end:install[0Ktravis_time:start:01a9ab61[0K$ mvn test -B
Java HotSpot(TM) 64-Bit Server VM warning: ignoring option MaxPermSize=192m; support was removed in 8.0
[INFO] Scanning for projects...
[WARNING] 
[WARNING] Some problems were encountered while building the effective model for com.squareup.retrofit:samples:jar:2.0.0-SNAPSHOT
[WARNING] 'build.plugins.plugin.version' for org.apache.maven.plugins:maven-deploy-plugin is missing. @ com.squareup.retrofit:samples:[unknown-version], /home/travis/build/square/retrofit/samples/pom.xml, line 36, column 15
[WARNING] 
[WARNING] It is highly recommended to fix these problems because they threaten the stability of your build.
[WARNING] 
[WARNING] For this reason, future Maven versions might no longer support building such malformed projects.
[WARNING] 
[INFO] ------------------------------------------------------------------------
[INFO] Reactor Build Order:
[INFO] 
[INFO] Retrofit (Parent)
[INFO] Retrofit
[INFO] Adapters
[INFO] Adapter: RxJava
[INFO] Converters
[INFO] Converter: Gson
[INFO] Converter: Protocol Buffers
[INFO] Converter: Jackson
[INFO] Converter: Wire Protocol Buffers
[INFO] Converter: SimpleXML
[INFO] Converter: Moshi
[INFO] Samples
[INFO]                                                                         
[INFO] ------------------------------------------------------------------------
[INFO] Building Retrofit (Parent) 2.0.0-SNAPSHOT
[INFO] ------------------------------------------------------------------------
[INFO] 
[INFO] --- maven-enforcer-plugin:1.0:enforce (enforce-maven) @ parent ---
[INFO]                                                                         
[INFO] ------------------------------------------------------------------------
[INFO] Building Retrofit 2.0.0-SNAPSHOT
[INFO] ------------------------------------------------------------------------
[INFO] 
[INFO] --- maven-enforcer-plugin:1.0:enforce (enforce-maven) @ retrofit ---
[INFO] 
[INFO] --- maven-resources-plugin:2.6:resources (default-resources) @ retrofit ---
[INFO] Using 'UTF-8' encoding to copy filtered resources.
[INFO] skip non existing resourceDirectory /home/travis/build/square/retrofit/retrofit/src/main/resources
[INFO] 
[INFO] --- maven-compiler-plugin:3.0:compile (default-compile) @ retrofit ---
[INFO] Changes detected - recompiling the module!
[INFO] Compiling 42 source files to /home/travis/build/square/retrofit/retrofit/target/classes
[WARNING] /home/travis/build/square/retrofit/retrofit/src/main/java/retrofit/RequestBuilderAction.java: /home/travis/build/square/retrofit/retrofit/src/main/java/retrofit/RequestBuilderAction.java uses unchecked or unsafe operations.
[WARNING] /home/travis/build/square/retrofit/retrofit/src/main/java/retrofit/RequestBuilderAction.java: Recompile with -Xlint:unchecked for details.
[INFO] 
[INFO] --- maven-resources-plugin:2.6:testResources (default-testResources) @ retrofit ---
[INFO] Using 'UTF-8' encoding to copy filtered resources.
[INFO] skip non existing resourceDirectory /home/travis/build/square/retrofit/retrofit/src/test/resources
[INFO] 
[INFO] --- maven-compiler-plugin:3.0:testCompile (default-testCompile) @ retrofit ---
[INFO] Changes detected - recompiling the module!
[INFO] Compiling 7 source files to /home/travis/build/square/retrofit/retrofit/target/test-classes
[INFO] 
[INFO] --- maven-surefire-plugin:2.12.4:test (default-test) @ retrofit ---
[INFO] Surefire report directory: /home/travis/build/square/retrofit/retrofit/target/surefire-reports

-------------------------------------------------------
 T E S T S
-------------------------------------------------------
Running retrofit.RequestBuilderTest
Tests run: 84, Failures: 0, Errors: 0, Skipped: 2, Time elapsed: 0.379 sec
Running retrofit.ExecutorCallAdapterFactoryTest
Tests run: 8, Failures: 0, Errors: 0, Skipped: 0, Time elapsed: 0.185 sec
Running retrofit.CallTest
Jun 28, 2015 6:04:11 PM com.squareup.okhttp.mockwebserver.MockWebServer$2 execute
INFO: MockWebServer[54814] starting to accept connections
Jun 28, 2015 6:04:13 PM com.squareup.okhttp.mockwebserver.MockWebServer$2 acceptConnections
INFO: MockWebServer[54814] done accepting connections: Socket closed
Jun 28, 2015 6:04:14 PM com.squareup.okhttp.mockwebserver.MockWebServer$3 processOneRequest
INFO: MockWebServer[54814] received request: GET / HTTP/1.1 and responded: HTTP/1.1 200 OK
Jun 28, 2015 6:04:14 PM com.squareup.okhttp.mockwebserver.MockWebServer$2 execute
INFO: MockWebServer[35875] starting to accept connections
Jun 28, 2015 6:04:14 PM com.squareup.okhttp.mockwebserver.MockWebServer$3 processOneRequest
INFO: MockWebServer[35875] received request: GET / HTTP/1.1 and responded: HTTP/1.1 404 OK
Jun 28, 2015 6:04:14 PM com.squareup.okhttp.mockwebserver.MockWebServer$2 acceptConnections
INFO: MockWebServer[35875] done accepting connections: Socket closed
Jun 28, 2015 6:04:14 PM com.squareup.okhttp.mockwebserver.MockWebServer$2 execute
INFO: MockWebServer[43039] starting to accept connections
Jun 28, 2015 6:04:14 PM com.squareup.okhttp.mockwebserver.MockWebServer$2 acceptConnections
INFO: MockWebServer[43039] done accepting connections: Socket closed
Jun 28, 2015 6:04:14 PM com.squareup.okhttp.mockwebserver.MockWebServer$2 execute
INFO: MockWebServer[41955] starting to accept connections
Jun 28, 2015 6:04:14 PM com.squareup.okhttp.mockwebserver.MockWebServer$2 acceptConnections
INFO: MockWebServer[41955] done accepting connections: Socket closed
Jun 28, 2015 6:04:14 PM com.squareup.okhttp.mockwebserver.MockWebServer$2 execute
INFO: MockWebServer[48676] starting to accept connections
Jun 28, 2015 6:04:14 PM com.squareup.okhttp.mockwebserver.MockWebServer$3 processOneRequest
INFO: MockWebServer[48676] received request: GET / HTTP/1.1 and responded: HTTP/1.1 200 OK
Jun 28, 2015 6:04:14 PM com.squareup.okhttp.mockwebserver.MockWebServer$2 acceptConnections
INFO: MockWebServer[48676] done accepting connections: Socket closed
Jun 28, 2015 6:04:14 PM com.squareup.okhttp.mockwebserver.MockWebServer$2 execute
INFO: MockWebServer[60164] starting to accept connections
Jun 28, 2015 6:04:14 PM com.squareup.okhttp.mockwebserver.MockWebServer$2 acceptConnections
INFO: MockWebServer[60164] done accepting connections: Socket is closed
Jun 28, 2015 6:04:14 PM com.squareup.okhttp.mockwebserver.MockWebServer$2 execute
INFO: MockWebServer[44105] starting to accept connections
Jun 28, 2015 6:04:14 PM com.squareup.okhttp.mockwebserver.MockWebServer$3 processOneRequest
INFO: MockWebServer[44105] received request: GET / HTTP/1.1 and responded: HTTP/1.1 404 OK
Jun 28, 2015 6:04:14 PM com.squareup.okhttp.mockwebserver.MockWebServer$2 acceptConnections
INFO: MockWebServer[44105] done accepting connections: Socket closed
Jun 28, 2015 6:04:14 PM com.squareup.okhttp.mockwebserver.MockWebServer$2 execute
INFO: MockWebServer[47861] starting to accept connections
Jun 28, 2015 6:04:14 PM com.squareup.okhttp.mockwebserver.MockWebServer$3 processOneRequest
INFO: MockWebServer[47861] received request: POST / HTTP/1.1 and responded: HTTP/1.1 200 OK
Jun 28, 2015 6:04:14 PM com.squareup.okhttp.mockwebserver.MockWebServer$2 acceptConnections
INFO: MockWebServer[47861] done accepting connections: Socket closed
Jun 28, 2015 6:04:14 PM com.squareup.okhttp.mockwebserver.MockWebServer$2 execute
INFO: MockWebServer[39805] starting to accept connections
Jun 28, 2015 6:04:14 PM com.squareup.okhttp.mockwebserver.MockWebServer$3 processOneRequest
INFO: MockWebServer[39805] received request: GET / HTTP/1.1 and responded: HTTP/1.1 204 Nothin
Jun 28, 2015 6:04:14 PM com.squareup.okhttp.mockwebserver.MockWebServer$2 acceptConnections
INFO: MockWebServer[39805] done accepting connections: Socket closed
Jun 28, 2015 6:04:14 PM com.squareup.okhttp.mockwebserver.MockWebServer$2 execute
INFO: MockWebServer[50617] starting to accept connections
Jun 28, 2015 6:04:14 PM com.squareup.okhttp.mockwebserver.MockWebServer$2 acceptConnections
INFO: MockWebServer[50617] done accepting connections: Socket closed
Jun 28, 2015 6:04:14 PM com.squareup.okhttp.mockwebserver.MockWebServer$3 processOneRequest
INFO: MockWebServer[50617] received request: GET / HTTP/1.1 and responded: HTTP/1.1 200 OK
Jun 28, 2015 6:04:14 PM com.squareup.okhttp.mockwebserver.MockWebServer$2 execute
INFO: MockWebServer[36322] starting to accept connections
Jun 28, 2015 6:04:15 PM com.squareup.okhttp.mockwebserver.MockWebServer$2 acceptConnections
INFO: MockWebServer[36322] done accepting connections: Socket closed
Jun 28, 2015 6:04:16 PM com.squareup.okhttp.mockwebserver.MockWebServer$3 processOneRequest
INFO: MockWebServer[36322] received request: GET / HTTP/1.1 and responded: HTTP/1.1 200 OK
Jun 28, 2015 6:04:16 PM com.squareup.okhttp.mockwebserver.MockWebServer$2 execute
INFO: MockWebServer[59072] starting to accept connections
Jun 28, 2015 6:04:16 PM com.squareup.okhttp.mockwebserver.MockWebServer$3 processOneRequest
INFO: MockWebServer[59072] received request: POST / HTTP/1.1 and responded: HTTP/1.1 200 OK
Jun 28, 2015 6:04:16 PM com.squareup.okhttp.mockwebserver.MockWebServer$2 acceptConnections
INFO: MockWebServer[59072] done accepting connections: Socket closed
Jun 28, 2015 6:04:16 PM com.squareup.okhttp.mockwebserver.MockWebServer$2 execute
INFO: MockWebServer[40296] starting to accept connections
Jun 28, 2015 6:04:16 PM com.squareup.okhttp.mockwebserver.MockWebServer$2 acceptConnections
INFO: MockWebServer[40296] done accepting connections: Socket is closed
Jun 28, 2015 6:04:16 PM com.squareup.okhttp.mockwebserver.MockWebServer$2 execute
INFO: MockWebServer[43148] starting to accept connections
Jun 28, 2015 6:04:16 PM com.squareup.okhttp.mockwebserver.MockWebServer$3 processOneRequest
INFO: MockWebServer[43148] received request: GET / HTTP/1.1 and responded: HTTP/1.1 200 OK
Jun 28, 2015 6:04:16 PM com.squareup.okhttp.mockwebserver.MockWebServer$2 acceptConnections
INFO: MockWebServer[43148] done accepting connections: Socket closed
Jun 28, 2015 6:04:16 PM com.squareup.okhttp.mockwebserver.MockWebServer$2 execute
INFO: MockWebServer[59867] starting to accept connections
Jun 28, 2015 6:04:16 PM com.squareup.okhttp.mockwebserver.MockWebServer$3 processOneRequest
INFO: MockWebServer[59867] received request: GET / HTTP/1.1 and responded: HTTP/1.1 200 OK
Jun 28, 2015 6:04:16 PM com.squareup.okhttp.mockwebserver.MockWebServer$2 acceptConnections
INFO: MockWebServer[59867] done accepting connections: Socket closed
Jun 28, 2015 6:04:16 PM com.squareup.okhttp.mockwebserver.MockWebServer$2 execute
INFO: MockWebServer[39534] starting to accept connections
Jun 28, 2015 6:04:16 PM com.squareup.okhttp.mockwebserver.MockWebServer$2 acceptConnections
INFO: MockWebServer[39534] done accepting connections: Socket closed
Jun 28, 2015 6:04:16 PM com.squareup.okhttp.mockwebserver.MockWebServer$3 processOneRequest
INFO: MockWebServer[39534] received request: GET / HTTP/1.1 and responded: HTTP/1.1 205 Nothin
Jun 28, 2015 6:04:16 PM com.squareup.okhttp.mockwebserver.MockWebServer$2 execute
INFO: MockWebServer[40491] starting to accept connections
Jun 28, 2015 6:04:16 PM com.squareup.okhttp.mockwebserver.MockWebServer$3 processOneRequest
INFO: MockWebServer[40491] received request: GET / HTTP/1.1 and responded: HTTP/1.1 200 OK
Jun 28, 2015 6:04:16 PM com.squareup.okhttp.mockwebserver.MockWebServer$2 acceptConnections
INFO: MockWebServer[40491] done accepting connections: Socket closed
Jun 28, 2015 6:04:16 PM com.squareup.okhttp.mockwebserver.MockWebServer$2 execute
INFO: MockWebServer[47260] starting to accept connections
Jun 28, 2015 6:04:16 PM com.squareup.okhttp.mockwebserver.MockWebServer$2 acceptConnections
INFO: MockWebServer[47260] done accepting connections: Socket closed
Jun 28, 2015 6:04:16 PM com.squareup.okhttp.mockwebserver.MockWebServer$3 processOneRequest
INFO: MockWebServer[47260] received request: GET / HTTP/1.1 and responded: HTTP/1.1 200 OK
Jun 28, 2015 6:04:16 PM com.squareup.okhttp.mockwebserver.MockWebServer$2 execute
INFO: MockWebServer[57908] starting to accept connections
Jun 28, 2015 6:04:16 PM com.squareup.okhttp.mockwebserver.MockWebServer$2 acceptConnections
INFO: MockWebServer[57908] done accepting connections: Socket closed
Jun 28, 2015 6:04:16 PM com.squareup.okhttp.mockwebserver.MockWebServer$2 execute
INFO: MockWebServer[52194] starting to accept connections
Jun 28, 2015 6:04:16 PM com.squareup.okhttp.mockwebserver.MockWebServer$2 acceptConnections
INFO: MockWebServer[52194] done accepting connections: Socket is closed
Jun 28, 2015 6:04:16 PM com.squareup.okhttp.mockwebserver.MockWebServer$2 execute
INFO: MockWebServer[38020] starting to accept connections
Jun 28, 2015 6:04:16 PM com.squareup.okhttp.mockwebserver.MockWebServer$3 processOneRequest
INFO: MockWebServer[38020] received request: GET / HTTP/1.1 and responded: HTTP/1.1 200 OK
Jun 28, 2015 6:04:16 PM com.squareup.okhttp.mockwebserver.MockWebServer$2 acceptConnections
INFO: MockWebServer[38020] done accepting connections: Socket closed
Jun 28, 2015 6:04:16 PM com.squareup.okhttp.mockwebserver.MockWebServer$2 execute
INFO: MockWebServer[46490] starting to accept connections
Jun 28, 2015 6:04:16 PM com.squareup.okhttp.mockwebserver.MockWebServer$3 processOneRequest
INFO: MockWebServer[46490] received request: GET / HTTP/1.1 and responded: HTTP/1.1 200 OK
Jun 28, 2015 6:04:16 PM com.squareup.okhttp.mockwebserver.MockWebServer$2 acceptConnections
INFO: MockWebServer[46490] done accepting connections: Socket closed
Tests run: 22, Failures: 0, Errors: 0, Skipped: 0, Time elapsed: 4.615 sec
Running retrofit.RequestFactoryParserTest
Tests run: 1, Failures: 0, Errors: 0, Skipped: 0, Time elapsed: 0.002 sec
Running retrofit.RetrofitTest
Jun 28, 2015 6:04:16 PM com.squareup.okhttp.mockwebserver.MockWebServer$2 execute
INFO: MockWebServer[48133] starting to accept connections
Jun 28, 2015 6:04:16 PM com.squareup.okhttp.mockwebserver.MockWebServer$2 acceptConnections
INFO: MockWebServer[48133] done accepting connections: Socket closed
Jun 28, 2015 6:04:16 PM com.squareup.okhttp.mockwebserver.MockWebServer$2 execute
INFO: MockWebServer[49944] starting to accept connections
Jun 28, 2015 6:04:16 PM com.squareup.okhttp.mockwebserver.MockWebServer$2 acceptConnections
INFO: MockWebServer[49944] done accepting connections: Socket is closed
Jun 28, 2015 6:04:16 PM com.squareup.okhttp.mockwebserver.MockWebServer$2 execute
INFO: MockWebServer[46657] starting to accept connections
Jun 28, 2015 6:04:16 PM com.squareup.okhttp.mockwebserver.MockWebServer$2 acceptConnections
INFO: MockWebServer[46657] done accepting connections: Socket is closed
Jun 28, 2015 6:04:16 PM com.squareup.okhttp.mockwebserver.MockWebServer$2 execute
INFO: MockWebServer[38771] starting to accept connections
Jun 28, 2015 6:04:16 PM com.squareup.okhttp.mockwebserver.MockWebServer$2 acceptConnections
INFO: MockWebServer[38771] done accepting connections: Socket is closed
Jun 28, 2015 6:04:16 PM com.squareup.okhttp.mockwebserver.MockWebServer$2 execute
INFO: MockWebServer[51729] starting to accept connections
Jun 28, 2015 6:04:16 PM com.squareup.okhttp.mockwebserver.MockWebServer$2 acceptConnections
INFO: MockWebServer[51729] done accepting connections: Socket is closed
Jun 28, 2015 6:04:16 PM com.squareup.okhttp.mockwebserver.MockWebServer$2 execute
INFO: MockWebServer[52688] starting to accept connections
Jun 28, 2015 6:04:16 PM com.squareup.okhttp.mockwebserver.MockWebServer$2 acceptConnections
INFO: MockWebServer[52688] done accepting connections: Socket closed
Jun 28, 2015 6:04:16 PM com.squareup.okhttp.mockwebserver.MockWebServer$2 execute
INFO: MockWebServer[43249] starting to accept connections
Jun 28, 2015 6:04:16 PM com.squareup.okhttp.mockwebserver.MockWebServer$3 processOneRequest
INFO: MockWebServer[43249] received request: GET / HTTP/1.1 and responded: HTTP/1.1 200 OK
Jun 28, 2015 6:04:16 PM com.squareup.okhttp.mockwebserver.MockWebServer$2 acceptConnections
INFO: MockWebServer[43249] done accepting connections: Socket closed
Jun 28, 2015 6:04:16 PM com.squareup.okhttp.mockwebserver.MockWebServer$2 execute
INFO: MockWebServer[54127] starting to accept connections
Jun 28, 2015 6:04:16 PM com.squareup.okhttp.mockwebserver.MockWebServer$2 acceptConnections
INFO: MockWebServer[54127] done accepting connections: Socket is closed
Jun 28, 2015 6:04:16 PM com.squareup.okhttp.mockwebserver.MockWebServer$2 execute
INFO: MockWebServer[47586] starting to accept connections
Jun 28, 2015 6:04:16 PM com.squareup.okhttp.mockwebserver.MockWebServer$2 acceptConnections
INFO: MockWebServer[47586] done accepting connections: Socket closed
Jun 28, 2015 6:04:16 PM com.squareup.okhttp.mockwebserver.MockWebServer$2 execute
INFO: MockWebServer[41652] starting to accept connections
Jun 28, 2015 6:04:16 PM com.squareup.okhttp.mockwebserver.MockWebServer$3 processOneRequest
INFO: MockWebServer[41652] received request: POST / HTTP/1.1 and responded: HTTP/1.1 200 OK
Jun 28, 2015 6:04:16 PM com.squareup.okhttp.mockwebserver.MockWebServer$2 acceptConnections
INFO: MockWebServer[41652] done accepting connections: Socket closed
Jun 28, 2015 6:04:16 PM com.squareup.okhttp.mockwebserver.MockWebServer$2 execute
INFO: MockWebServer[39512] starting to accept connections
Jun 28, 2015 6:04:16 PM com.squareup.okhttp.mockwebserver.MockWebServer$2 acceptConnections
INFO: MockWebServer[39512] done accepting connections: Socket is closed
Jun 28, 2015 6:04:16 PM com.squareup.okhttp.mockwebserver.MockWebServer$2 execute
INFO: MockWebServer[55845] starting to accept connections
Jun 28, 2015 6:04:16 PM com.squareup.okhttp.mockwebserver.MockWebServer$2 acceptConnections
INFO: MockWebServer[55845] done accepting connections: Socket is closed
Jun 28, 2015 6:04:16 PM com.squareup.okhttp.mockwebserver.MockWebServer$2 execute
INFO: MockWebServer[45056] starting to accept connections
Jun 28, 2015 6:04:16 PM com.squareup.okhttp.mockwebserver.MockWebServer$2 acceptConnections
INFO: MockWebServer[45056] done accepting connections: Socket is closed
Jun 28, 2015 6:04:16 PM com.squareup.okhttp.mockwebserver.MockWebServer$2 execute
INFO: MockWebServer[40553] starting to accept connections
Jun 28, 2015 6:04:16 PM com.squareup.okhttp.mockwebserver.MockWebServer$3 processOneRequest
INFO: MockWebServer[40553] received request: GET / HTTP/1.1 and responded: HTTP/1.1 200 OK
Jun 28, 2015 6:04:16 PM com.squareup.okhttp.mockwebserver.MockWebServer$2 acceptConnections
INFO: MockWebServer[40553] done accepting connections: Socket closed
Jun 28, 2015 6:04:16 PM com.squareup.okhttp.mockwebserver.MockWebServer$2 execute
INFO: MockWebServer[48126] starting to accept connections
Jun 28, 2015 6:04:16 PM com.squareup.okhttp.mockwebserver.MockWebServer$2 acceptConnections
INFO: MockWebServer[48126] done accepting connections: Socket closed
Jun 28, 2015 6:04:16 PM com.squareup.okhttp.mockwebserver.MockWebServer$2 execute
INFO: MockWebServer[40016] starting to accept connections
Jun 28, 2015 6:04:16 PM com.squareup.okhttp.mockwebserver.MockWebServer$2 acceptConnections
INFO: MockWebServer[40016] done accepting connections: Socket is closed
Jun 28, 2015 6:04:16 PM com.squareup.okhttp.mockwebserver.MockWebServer$2 execute
INFO: MockWebServer[49952] starting to accept connections
Jun 28, 2015 6:04:16 PM com.squareup.okhttp.mockwebserver.MockWebServer$2 acceptConnections
INFO: MockWebServer[49952] done accepting connections: Socket is closed
Jun 28, 2015 6:04:16 PM com.squareup.okhttp.mockwebserver.MockWebServer$2 execute
INFO: MockWebServer[51808] starting to accept connections
Jun 28, 2015 6:04:16 PM com.squareup.okhttp.mockwebserver.MockWebServer$2 acceptConnections
INFO: MockWebServer[51808] done accepting connections: Socket is closed
Jun 28, 2015 6:04:16 PM com.squareup.okhttp.mockwebserver.MockWebServer$2 execute
INFO: MockWebServer[37222] starting to accept connections
Jun 28, 2015 6:04:16 PM com.squareup.okhttp.mockwebserver.MockWebServer$2 acceptConnections
INFO: MockWebServer[37222] done accepting connections: Socket is closed
Jun 28, 2015 6:04:16 PM com.squareup.okhttp.mockwebserver.MockWebServer$2 execute
INFO: MockWebServer[50089] starting to accept connections
Jun 28, 2015 6:04:16 PM com.squareup.okhttp.mockwebserver.MockWebServer$2 acceptConnections
INFO: MockWebServer[50089] done accepting connections: Socket closed
Jun 28, 2015 6:04:16 PM com.squareup.okhttp.mockwebserver.MockWebServer$2 execute
INFO: MockWebServer[37458] starting to accept connections
Jun 28, 2015 6:04:16 PM com.squareup.okhttp.mockwebserver.MockWebServer$2 acceptConnections
INFO: MockWebServer[37458] done accepting connections: Socket closed
Jun 28, 2015 6:04:16 PM com.squareup.okhttp.mockwebserver.MockWebServer$2 execute
INFO: MockWebServer[40032] starting to accept connections
Jun 28, 2015 6:04:16 PM com.squareup.okhttp.mockwebserver.MockWebServer$2 acceptConnections
INFO: MockWebServer[40032] done accepting connections: Socket is closed
Jun 28, 2015 6:04:16 PM com.squareup.okhttp.mockwebserver.MockWebServer$2 execute
INFO: MockWebServer[57338] starting to accept connections
Jun 28, 2015 6:04:16 PM com.squareup.okhttp.mockwebserver.MockWebServer$2 acceptConnections
INFO: MockWebServer[57338] done accepting connections: Socket is closed
Jun 28, 2015 6:04:16 PM com.squareup.okhttp.mockwebserver.MockWebServer$2 execute
INFO: MockWebServer[32886] starting to accept connections
Jun 28, 2015 6:04:16 PM com.squareup.okhttp.mockwebserver.MockWebServer$2 acceptConnections
INFO: MockWebServer[32886] done accepting connections: Socket is closed
Jun 28, 2015 6:04:16 PM com.squareup.okhttp.mockwebserver.MockWebServer$2 execute
INFO: MockWebServer[44851] starting to accept connections
Jun 28, 2015 6:04:16 PM com.squareup.okhttp.mockwebserver.MockWebServer$2 acceptConnections
INFO: MockWebServer[44851] done accepting connections: Socket is closed
Jun 28, 2015 6:04:16 PM com.squareup.okhttp.mockwebserver.MockWebServer$2 execute
INFO: MockWebServer[33856] starting to accept connections
Jun 28, 2015 6:04:16 PM com.squareup.okhttp.mockwebserver.MockWebServer$2 acceptConnections
INFO: MockWebServer[33856] done accepting connections: Socket closed
Jun 28, 2015 6:04:16 PM com.squareup.okhttp.mockwebserver.MockWebServer$2 execute
INFO: MockWebServer[40768] starting to accept connections
Jun 28, 2015 6:04:16 PM com.squareup.okhttp.mockwebserver.MockWebServer$2 acceptConnections
INFO: MockWebServer[40768] done accepting connections: Socket is closed
Jun 28, 2015 6:04:16 PM com.squareup.okhttp.mockwebserver.MockWebServer$2 execute
INFO: MockWebServer[48281] starting to accept connections
Jun 28, 2015 6:04:16 PM com.squareup.okhttp.mockwebserver.MockWebServer$2 acceptConnections
INFO: MockWebServer[48281] done accepting connections: Socket is closed
Jun 28, 2015 6:04:16 PM com.squareup.okhttp.mockwebserver.MockWebServer$2 execute
INFO: MockWebServer[42011] starting to accept connections
Jun 28, 2015 6:04:16 PM com.squareup.okhttp.mockwebserver.MockWebServer$2 acceptConnections
INFO: MockWebServer[42011] done accepting connections: Socket is closed
Jun 28, 2015 6:04:16 PM com.squareup.okhttp.mockwebserver.MockWebServer$2 execute
INFO: MockWebServer[60592] starting to accept connections
Jun 28, 2015 6:04:16 PM com.squareup.okhttp.mockwebserver.MockWebServer$2 acceptConnections
INFO: MockWebServer[60592] done accepting connections: Socket is closed
Jun 28, 2015 6:04:16 PM com.squareup.okhttp.mockwebserver.MockWebServer$2 execute
INFO: MockWebServer[43344] starting to accept connections
Jun 28, 2015 6:04:16 PM com.squareup.okhttp.mockwebserver.MockWebServer$2 acceptConnections
INFO: MockWebServer[43344] done accepting connections: Socket is closed
Jun 28, 2015 6:04:16 PM com.squareup.okhttp.mockwebserver.MockWebServer$2 execute
INFO: MockWebServer[37951] starting to accept connections
Jun 28, 2015 6:04:16 PM com.squareup.okhttp.mockwebserver.MockWebServer$2 acceptConnections
INFO: MockWebServer[37951] done accepting connections: Socket is closed
Jun 28, 2015 6:04:16 PM com.squareup.okhttp.mockwebserver.MockWebServer$2 execute
INFO: MockWebServer[33034] starting to accept connections
Jun 28, 2015 6:04:16 PM com.squareup.okhttp.mockwebserver.MockWebServer$2 acceptConnections
INFO: MockWebServer[33034] done accepting connections: Socket is closed
Tests run: 33, Failures: 0, Errors: 0, Skipped: 0, Time elapsed: 0.254 sec

Results :

Tests run: 148, Failures: 0, Errors: 0, Skipped: 2

[INFO]                                                                         
[INFO] ------------------------------------------------------------------------
[INFO] Building Adapters 2.0.0-SNAPSHOT
[INFO] ------------------------------------------------------------------------
[INFO] 
[INFO] --- maven-enforcer-plugin:1.0:enforce (enforce-maven) @ retrofit-adapters ---
[INFO]                                                                         
[INFO] ------------------------------------------------------------------------
[INFO] Building Adapter: RxJava 2.0.0-SNAPSHOT
[INFO] ------------------------------------------------------------------------
[INFO] 
[INFO] --- maven-enforcer-plugin:1.0:enforce (enforce-maven) @ adapter-rxjava ---
[INFO] 
[INFO] --- maven-resources-plugin:2.6:resources (default-resources) @ adapter-rxjava ---
[INFO] Using 'UTF-8' encoding to copy filtered resources.
[INFO] skip non existing resourceDirectory /home/travis/build/square/retrofit/retrofit-adapters/rxjava/src/main/resources
[INFO] 
[INFO] --- maven-compiler-plugin:3.0:compile (default-compile) @ adapter-rxjava ---
[INFO] Changes detected - recompiling the module!
[INFO] Compiling 2 source files to /home/travis/build/square/retrofit/retrofit-adapters/rxjava/target/classes
[INFO] 
[INFO] --- maven-resources-plugin:2.6:testResources (default-testResources) @ adapter-rxjava ---
[INFO] Using 'UTF-8' encoding to copy filtered resources.
[INFO] skip non existing resourceDirectory /home/travis/build/square/retrofit/retrofit-adapters/rxjava/src/test/resources
[INFO] 
[INFO] --- maven-compiler-plugin:3.0:testCompile (default-testCompile) @ adapter-rxjava ---
[INFO] Changes detected - recompiling the module!
[INFO] Compiling 2 source files to /home/travis/build/square/retrofit/retrofit-adapters/rxjava/target/test-classes
[INFO] 
[INFO] --- maven-surefire-plugin:2.12.4:test (default-test) @ adapter-rxjava ---
[INFO] Surefire report directory: /home/travis/build/square/retrofit/retrofit-adapters/rxjava/target/surefire-reports

-------------------------------------------------------
 T E S T S
-------------------------------------------------------
Running retrofit.ResultTest
Tests run: 4, Failures: 0, Errors: 0, Skipped: 0, Time elapsed: 0.192 sec
Running retrofit.ObservableCallAdapterFactoryTest
Jun 28, 2015 6:04:17 PM com.squareup.okhttp.mockwebserver.MockWebServer$2 execute
INFO: MockWebServer[44844] starting to accept connections
Jun 28, 2015 6:04:18 PM com.squareup.okhttp.mockwebserver.MockWebServer$3 processConnection
WARNING: MockWebServer[44844] connection from /127.0.0.1 didn't make a request
Jun 28, 2015 6:04:18 PM com.squareup.okhttp.mockwebserver.MockWebServer$2 acceptConnections
INFO: MockWebServer[44844] done accepting connections: Socket closed
Jun 28, 2015 6:04:18 PM com.squareup.okhttp.mockwebserver.MockWebServer$2 execute
INFO: MockWebServer[40766] starting to accept connections
Jun 28, 2015 6:04:18 PM com.squareup.okhttp.mockwebserver.MockWebServer$3 processOneRequest
INFO: MockWebServer[40766] received request: GET / HTTP/1.1 and responded: HTTP/1.1 200 OK
Jun 28, 2015 6:04:18 PM com.squareup.okhttp.mockwebserver.MockWebServer$2 acceptConnections
INFO: MockWebServer[40766] done accepting connections: Socket closed
Jun 28, 2015 6:04:18 PM com.squareup.okhttp.mockwebserver.MockWebServer$2 execute
INFO: MockWebServer[53529] starting to accept connections
Jun 28, 2015 6:04:18 PM com.squareup.okhttp.mockwebserver.MockWebServer$2 acceptConnections
INFO: MockWebServer[53529] done accepting connections: Socket closed
Jun 28, 2015 6:04:18 PM com.squareup.okhttp.mockwebserver.MockWebServer$3 processOneRequest
INFO: MockWebServer[53529] received request: GET / HTTP/1.1 and responded: HTTP/1.1 404 OK
Jun 28, 2015 6:04:18 PM com.squareup.okhttp.mockwebserver.MockWebServer$2 execute
INFO: MockWebServer[41167] starting to accept connections
Jun 28, 2015 6:04:18 PM com.squareup.okhttp.mockwebserver.MockWebServer$2 acceptConnections
INFO: MockWebServer[41167] done accepting connections: Socket is closed
Jun 28, 2015 6:04:18 PM com.squareup.okhttp.mockwebserver.MockWebServer$2 execute
INFO: MockWebServer[44532] starting to accept connections
Jun 28, 2015 6:04:18 PM com.squareup.okhttp.mockwebserver.MockWebServer$3 processConnection
WARNING: MockWebServer[44532] connection from /127.0.0.1 didn't make a request
Jun 28, 2015 6:04:18 PM com.squareup.okhttp.mockwebserver.MockWebServer$2 acceptConnections
INFO: MockWebServer[44532] done accepting connections: Socket closed
Jun 28, 2015 6:04:18 PM com.squareup.okhttp.mockwebserver.MockWebServer$2 execute
INFO: MockWebServer[46699] starting to accept connections
Jun 28, 2015 6:04:18 PM com.squareup.okhttp.mockwebserver.MockWebServer$3 processOneRequest
INFO: MockWebServer[46699] received request: GET / HTTP/1.1 and responded: HTTP/1.1 200 OK
Jun 28, 2015 6:04:18 PM com.squareup.okhttp.mockwebserver.MockWebServer$2 acceptConnections
INFO: MockWebServer[46699] done accepting connections: Socket closed
Jun 28, 2015 6:04:18 PM com.squareup.okhttp.mockwebserver.MockWebServer$2 execute
INFO: MockWebServer[37054] starting to accept connections
Jun 28, 2015 6:04:18 PM com.squareup.okhttp.mockwebserver.MockWebServer$3 processOneRequest
INFO: MockWebServer[37054] received request: GET / HTTP/1.1 and responded: HTTP/1.1 404 OK
Jun 28, 2015 6:04:18 PM com.squareup.okhttp.mockwebserver.MockWebServer$2 acceptConnections
INFO: MockWebServer[37054] done accepting connections: Socket closed
Jun 28, 2015 6:04:18 PM com.squareup.okhttp.mockwebserver.MockWebServer$2 execute
INFO: MockWebServer[50336] starting to accept connections
Jun 28, 2015 6:04:18 PM com.squareup.okhttp.mockwebserver.MockWebServer$2 acceptConnections
INFO: MockWebServer[50336] done accepting connections: Socket is closed
Jun 28, 2015 6:04:18 PM com.squareup.okhttp.mockwebserver.MockWebServer$2 execute
INFO: MockWebServer[45388] starting to accept connections
Jun 28, 2015 6:04:18 PM com.squareup.okhttp.mockwebserver.MockWebServer$3 processConnection
WARNING: MockWebServer[45388] connection from /127.0.0.1 didn't make a request
Jun 28, 2015 6:04:18 PM com.squareup.okhttp.mockwebserver.MockWebServer$2 acceptConnections
INFO: MockWebServer[45388] done accepting connections: Socket closed
Jun 28, 2015 6:04:18 PM com.squareup.okhttp.mockwebserver.MockWebServer$2 execute
INFO: MockWebServer[56100] starting to accept connections
Jun 28, 2015 6:04:18 PM com.squareup.okhttp.mockwebserver.MockWebServer$2 acceptConnections
INFO: MockWebServer[56100] done accepting connections: Socket is closed
Jun 28, 2015 6:04:18 PM com.squareup.okhttp.mockwebserver.MockWebServer$2 execute
INFO: MockWebServer[37311] starting to accept connections
Jun 28, 2015 6:04:18 PM com.squareup.okhttp.mockwebserver.MockWebServer$2 acceptConnections
INFO: MockWebServer[37311] done accepting connections: Socket is closed
Jun 28, 2015 6:04:18 PM com.squareup.okhttp.mockwebserver.MockWebServer$2 execute
INFO: MockWebServer[42138] starting to accept connections
Jun 28, 2015 6:04:18 PM com.squareup.okhttp.mockwebserver.MockWebServer$3 processOneRequest
INFO: MockWebServer[42138] received request: GET / HTTP/1.1 and responded: HTTP/1.1 200 OK
Jun 28, 2015 6:04:18 PM com.squareup.okhttp.mockwebserver.MockWebServer$2 acceptConnections
INFO: MockWebServer[42138] done accepting connections: Socket closed
Jun 28, 2015 6:04:18 PM com.squareup.okhttp.mockwebserver.MockWebServer$2 execute
INFO: MockWebServer[43616] starting to accept connections
Jun 28, 2015 6:04:18 PM com.squareup.okhttp.mockwebserver.MockWebServer$2 acceptConnections
INFO: MockWebServer[43616] done accepting connections: Socket closed
Jun 28, 2015 6:04:18 PM com.squareup.okhttp.mockwebserver.MockWebServer$3 processOneRequest
INFO: MockWebServer[43616] received request: GET / HTTP/1.1 and responded: HTTP/1.1 404 OK
Jun 28, 2015 6:04:18 PM com.squareup.okhttp.mockwebserver.MockWebServer$2 execute
INFO: MockWebServer[59968] starting to accept connections
Jun 28, 2015 6:04:18 PM com.squareup.okhttp.mockwebserver.MockWebServer$2 acceptConnections
INFO: MockWebServer[59968] done accepting connections: Socket is closed
Tests run: 14, Failures: 0, Errors: 0, Skipped: 0, Time elapsed: 0.501 sec

Results :

Tests run: 18, Failures: 0, Errors: 0, Skipped: 0

[INFO]                                                                         
[INFO] ------------------------------------------------------------------------
[INFO] Building Converters 2.0.0-SNAPSHOT
[INFO] ------------------------------------------------------------------------
[INFO] 
[INFO] --- maven-enforcer-plugin:1.0:enforce (enforce-maven) @ retrofit-converters ---
[INFO]                                                                         
[INFO] ------------------------------------------------------------------------
[INFO] Building Converter: Gson 2.0.0-SNAPSHOT
[INFO] ------------------------------------------------------------------------
[INFO] 
[INFO] --- maven-enforcer-plugin:1.0:enforce (enforce-maven) @ converter-gson ---
[INFO] 
[INFO] --- maven-resources-plugin:2.6:resources (default-resources) @ converter-gson ---
[INFO] Using 'UTF-8' encoding to copy filtered resources.
[INFO] skip non existing resourceDirectory /home/travis/build/square/retrofit/retrofit-converters/gson/src/main/resources
[INFO] 
[INFO] --- maven-compiler-plugin:3.0:compile (default-compile) @ converter-gson ---
[INFO] Changes detected - recompiling the module!
[INFO] Compiling 2 source files to /home/travis/build/square/retrofit/retrofit-converters/gson/target/classes
[INFO] 
[INFO] --- maven-resources-plugin:2.6:testResources (default-testResources) @ converter-gson ---
[INFO] Using 'UTF-8' encoding to copy filtered resources.
[INFO] skip non existing resourceDirectory /home/travis/build/square/retrofit/retrofit-converters/gson/src/test/resources
[INFO] 
[INFO] --- maven-compiler-plugin:3.0:testCompile (default-testCompile) @ converter-gson ---
[INFO] Changes detected - recompiling the module!
[INFO] Compiling 1 source file to /home/travis/build/square/retrofit/retrofit-converters/gson/target/test-classes
[INFO] 
[INFO] --- maven-surefire-plugin:2.12.4:test (default-test) @ converter-gson ---
[INFO] Surefire report directory: /home/travis/build/square/retrofit/retrofit-converters/gson/target/surefire-reports

-------------------------------------------------------
 T E S T S
-------------------------------------------------------
Running retrofit.GsonConverterFactoryTest
Jun 28, 2015 6:04:18 PM com.squareup.okhttp.mockwebserver.MockWebServer$2 execute
INFO: MockWebServer[44160] starting to accept connections
Jun 28, 2015 6:04:19 PM com.squareup.okhttp.mockwebserver.MockWebServer$3 processOneRequest
INFO: MockWebServer[44160] received request: POST / HTTP/1.1 and responded: HTTP/1.1 200 OK
Jun 28, 2015 6:04:19 PM com.squareup.okhttp.mockwebserver.MockWebServer$2 acceptConnections
INFO: MockWebServer[44160] done accepting connections: Socket closed
Jun 28, 2015 6:04:19 PM com.squareup.okhttp.mockwebserver.MockWebServer$2 execute
INFO: MockWebServer[39846] starting to accept connections
Jun 28, 2015 6:04:19 PM com.squareup.okhttp.mockwebserver.MockWebServer$2 acceptConnections
INFO: MockWebServer[39846] done accepting connections: Socket closed
Jun 28, 2015 6:04:19 PM com.squareup.okhttp.mockwebserver.MockWebServer$3 processOneRequest
INFO: MockWebServer[39846] received request: POST / HTTP/1.1 and responded: HTTP/1.1 200 OK
Tests run: 2, Failures: 0, Errors: 0, Skipped: 0, Time elapsed: 0.565 sec

Results :

Tests run: 2, Failures: 0, Errors: 0, Skipped: 0

[INFO]                                                                         
[INFO] ------------------------------------------------------------------------
[INFO] Building Converter: Protocol Buffers 2.0.0-SNAPSHOT
[INFO] ------------------------------------------------------------------------
[INFO] 
[INFO] --- maven-enforcer-plugin:1.0:enforce (enforce-maven) @ converter-protobuf ---
[INFO] 
[INFO] --- maven-resources-plugin:2.6:resources (default-resources) @ converter-protobuf ---
[INFO] Using 'UTF-8' encoding to copy filtered resources.
[INFO] skip non existing resourceDirectory /home/travis/build/square/retrofit/retrofit-converters/protobuf/src/main/resources
[INFO] 
[INFO] --- maven-compiler-plugin:3.0:compile (default-compile) @ converter-protobuf ---
[INFO] Changes detected - recompiling the module!
[INFO] Compiling 2 source files to /home/travis/build/square/retrofit/retrofit-converters/protobuf/target/classes
[WARNING] /home/travis/build/square/retrofit/retrofit-converters/protobuf/src/main/java/retrofit/ProtoConverterFactory.java: /home/travis/build/square/retrofit/retrofit-converters/protobuf/src/main/java/retrofit/ProtoConverterFactory.java uses unchecked or unsafe operations.
[WARNING] /home/travis/build/square/retrofit/retrofit-converters/protobuf/src/main/java/retrofit/ProtoConverterFactory.java: Recompile with -Xlint:unchecked for details.
[INFO] 
[INFO] --- maven-resources-plugin:2.6:testResources (default-testResources) @ converter-protobuf ---
[INFO] Using 'UTF-8' encoding to copy filtered resources.
[INFO] skip non existing resourceDirectory /home/travis/build/square/retrofit/retrofit-converters/protobuf/src/test/resources
[INFO] 
[INFO] --- maven-compiler-plugin:3.0:testCompile (default-testCompile) @ converter-protobuf ---
[INFO] Changes detected - recompiling the module!
[INFO] Compiling 2 source files to /home/travis/build/square/retrofit/retrofit-converters/protobuf/target/test-classes
[INFO] 
[INFO] --- maven-surefire-plugin:2.12.4:test (default-test) @ converter-protobuf ---
[INFO] Surefire report directory: /home/travis/build/square/retrofit/retrofit-converters/protobuf/target/surefire-reports

-------------------------------------------------------
 T E S T S
-------------------------------------------------------
Running retrofit.ProtoConverterTest
Jun 28, 2015 6:04:20 PM com.squareup.okhttp.mockwebserver.MockWebServer$2 execute
INFO: MockWebServer[37826] starting to accept connections
Jun 28, 2015 6:04:21 PM com.squareup.okhttp.mockwebserver.MockWebServer$3 processOneRequest
INFO: MockWebServer[37826] received request: POST / HTTP/1.1 and responded: HTTP/1.1 200 OK
Jun 28, 2015 6:04:21 PM com.squareup.okhttp.mockwebserver.MockWebServer$2 acceptConnections
INFO: MockWebServer[37826] done accepting connections: Socket closed
Jun 28, 2015 6:04:21 PM com.squareup.okhttp.mockwebserver.MockWebServer$2 execute
INFO: MockWebServer[42854] starting to accept connections
Jun 28, 2015 6:04:21 PM com.squareup.okhttp.mockwebserver.MockWebServer$2 acceptConnections
INFO: MockWebServer[42854] done accepting connections: Socket closed
Jun 28, 2015 6:04:21 PM com.squareup.okhttp.mockwebserver.MockWebServer$2 execute
INFO: MockWebServer[58033] starting to accept connections
Jun 28, 2015 6:04:21 PM com.squareup.okhttp.mockwebserver.MockWebServer$2 acceptConnections
INFO: MockWebServer[58033] done accepting connections: Socket closed
Jun 28, 2015 6:04:21 PM com.squareup.okhttp.mockwebserver.MockWebServer$3 processOneRequest
INFO: MockWebServer[58033] received request: GET / HTTP/1.1 and responded: HTTP/1.1 200 OK
Jun 28, 2015 6:04:21 PM com.squareup.okhttp.mockwebserver.MockWebServer$2 execute
INFO: MockWebServer[48521] starting to accept connections
Jun 28, 2015 6:04:21 PM com.squareup.okhttp.mockwebserver.MockWebServer$2 acceptConnections
INFO: MockWebServer[48521] done accepting connections: Socket is closed
Jun 28, 2015 6:04:21 PM com.squareup.okhttp.mockwebserver.MockWebServer$2 execute
INFO: MockWebServer[54252] starting to accept connections
Jun 28, 2015 6:04:21 PM com.squareup.okhttp.mockwebserver.MockWebServer$3 processOneRequest
INFO: MockWebServer[54252] received request: GET / HTTP/1.1 and responded: HTTP/1.1 200 OK
Jun 28, 2015 6:04:21 PM com.squareup.okhttp.mockwebserver.MockWebServer$2 acceptConnections
INFO: MockWebServer[54252] done accepting connections: Socket closed
Tests run: 5, Failures: 0, Errors: 0, Skipped: 0, Time elapsed: 0.91 sec

Results :

Tests run: 5, Failures: 0, Errors: 0, Skipped: 0

[INFO]                                                                         
[INFO] ------------------------------------------------------------------------
[INFO] Building Converter: Jackson 2.0.0-SNAPSHOT
[INFO] ------------------------------------------------------------------------
[INFO] 
[INFO] --- maven-enforcer-plugin:1.0:enforce (enforce-maven) @ converter-jackson ---
[INFO] 
[INFO] --- maven-resources-plugin:2.6:resources (default-resources) @ converter-jackson ---
[INFO] Using 'UTF-8' encoding to copy filtered resources.
[INFO] skip non existing resourceDirectory /home/travis/build/square/retrofit/retrofit-converters/jackson/src/main/resources
[INFO] 
[INFO] --- maven-compiler-plugin:3.0:compile (default-compile) @ converter-jackson ---
[INFO] Changes detected - recompiling the module!
[INFO] Compiling 2 source files to /home/travis/build/square/retrofit/retrofit-converters/jackson/target/classes
[INFO] 
[INFO] --- maven-resources-plugin:2.6:testResources (default-testResources) @ converter-jackson ---
[INFO] Using 'UTF-8' encoding to copy filtered resources.
[INFO] skip non existing resourceDirectory /home/travis/build/square/retrofit/retrofit-converters/jackson/src/test/resources
[INFO] 
[INFO] --- maven-compiler-plugin:3.0:testCompile (default-testCompile) @ converter-jackson ---
[INFO] Changes detected - recompiling the module!
[INFO] Compiling 1 source file to /home/travis/build/square/retrofit/retrofit-converters/jackson/target/test-classes
[INFO] 
[INFO] --- maven-surefire-plugin:2.12.4:test (default-test) @ converter-jackson ---
[INFO] Surefire report directory: /home/travis/build/square/retrofit/retrofit-converters/jackson/target/surefire-reports

-------------------------------------------------------
 T E S T S
-------------------------------------------------------
Running retrofit.JacksonConverterTest
Jun 28, 2015 6:04:21 PM com.squareup.okhttp.mockwebserver.MockWebServer$2 execute
INFO: MockWebServer[54528] starting to accept connections
Jun 28, 2015 6:04:22 PM com.squareup.okhttp.mockwebserver.MockWebServer$3 processOneRequest
INFO: MockWebServer[54528] received request: POST / HTTP/1.1 and responded: HTTP/1.1 200 OK
Jun 28, 2015 6:04:22 PM com.squareup.okhttp.mockwebserver.MockWebServer$2 acceptConnections
INFO: MockWebServer[54528] done accepting connections: Socket closed
Jun 28, 2015 6:04:22 PM com.squareup.okhttp.mockwebserver.MockWebServer$2 execute
INFO: MockWebServer[46687] starting to accept connections
Jun 28, 2015 6:04:22 PM com.squareup.okhttp.mockwebserver.MockWebServer$2 acceptConnections
INFO: MockWebServer[46687] done accepting connections: Socket closed
Jun 28, 2015 6:04:22 PM com.squareup.okhttp.mockwebserver.MockWebServer$3 processOneRequest
INFO: MockWebServer[46687] received request: POST / HTTP/1.1 and responded: HTTP/1.1 200 OK
Tests run: 2, Failures: 0, Errors: 0, Skipped: 0, Time elapsed: 0.826 sec

Results :

Tests run: 2, Failures: 0, Errors: 0, Skipped: 0

[INFO]                                                                         
[INFO] ------------------------------------------------------------------------
[INFO] Building Converter: Wire Protocol Buffers 2.0.0-SNAPSHOT
[INFO] ------------------------------------------------------------------------
[INFO] 
[INFO] --- maven-enforcer-plugin:1.0:enforce (enforce-maven) @ converter-wire ---
[INFO] 
[INFO] --- maven-resources-plugin:2.6:resources (default-resources) @ converter-wire ---
[INFO] Using 'UTF-8' encoding to copy filtered resources.
[INFO] skip non existing resourceDirectory /home/travis/build/square/retrofit/retrofit-converters/wire/src/main/resources
[INFO] 
[INFO] --- maven-compiler-plugin:3.0:compile (default-compile) @ converter-wire ---
[INFO] Changes detected - recompiling the module!
[INFO] Compiling 2 source files to /home/travis/build/square/retrofit/retrofit-converters/wire/target/classes
[WARNING] /home/travis/build/square/retrofit/retrofit-converters/wire/src/main/java/retrofit/WireConverterFactory.java: /home/travis/build/square/retrofit/retrofit-converters/wire/src/main/java/retrofit/WireConverterFactory.java uses unchecked or unsafe operations.
[WARNING] /home/travis/build/square/retrofit/retrofit-converters/wire/src/main/java/retrofit/WireConverterFactory.java: Recompile with -Xlint:unchecked for details.
[INFO] 
[INFO] --- maven-resources-plugin:2.6:testResources (default-testResources) @ converter-wire ---
[INFO] Using 'UTF-8' encoding to copy filtered resources.
[INFO] skip non existing resourceDirectory /home/travis/build/square/retrofit/retrofit-converters/wire/src/test/resources
[INFO] 
[INFO] --- maven-compiler-plugin:3.0:testCompile (default-testCompile) @ converter-wire ---
[INFO] Changes detected - recompiling the module!
[INFO] Compiling 2 source files to /home/travis/build/square/retrofit/retrofit-converters/wire/target/test-classes
[INFO] 
[INFO] --- maven-surefire-plugin:2.12.4:test (default-test) @ converter-wire ---
[INFO] Surefire report directory: /home/travis/build/square/retrofit/retrofit-converters/wire/target/surefire-reports

-------------------------------------------------------
 T E S T S
-------------------------------------------------------
Running retrofit.WireConverterTest
Jun 28, 2015 6:04:23 PM com.squareup.okhttp.mockwebserver.MockWebServer$2 execute
INFO: MockWebServer[39308] starting to accept connections
Jun 28, 2015 6:04:23 PM com.squareup.okhttp.mockwebserver.MockWebServer$3 processOneRequest
INFO: MockWebServer[39308] received request: POST / HTTP/1.1 and responded: HTTP/1.1 200 OK
Jun 28, 2015 6:04:23 PM com.squareup.okhttp.mockwebserver.MockWebServer$2 acceptConnections
INFO: MockWebServer[39308] done accepting connections: Socket closed
Jun 28, 2015 6:04:23 PM com.squareup.okhttp.mockwebserver.MockWebServer$2 execute
INFO: MockWebServer[37045] starting to accept connections
Jun 28, 2015 6:04:23 PM com.squareup.okhttp.mockwebserver.MockWebServer$2 acceptConnections
INFO: MockWebServer[37045] done accepting connections: Socket is closed
Jun 28, 2015 6:04:23 PM com.squareup.okhttp.mockwebserver.MockWebServer$2 execute
INFO: MockWebServer[47807] starting to accept connections
Jun 28, 2015 6:04:23 PM com.squareup.okhttp.mockwebserver.MockWebServer$2 acceptConnections
INFO: MockWebServer[47807] done accepting connections: Socket closed
Jun 28, 2015 6:04:23 PM com.squareup.okhttp.mockwebserver.MockWebServer$3 processOneRequest
INFO: MockWebServer[47807] received request: GET / HTTP/1.1 and responded: HTTP/1.1 200 OK
Jun 28, 2015 6:04:23 PM com.squareup.okhttp.mockwebserver.MockWebServer$2 execute
INFO: MockWebServer[53637] starting to accept connections
Jun 28, 2015 6:04:23 PM com.squareup.okhttp.mockwebserver.MockWebServer$2 acceptConnections
INFO: MockWebServer[53637] done accepting connections: Socket is closed
Jun 28, 2015 6:04:23 PM com.squareup.okhttp.mockwebserver.MockWebServer$2 execute
INFO: MockWebServer[48208] starting to accept connections
Jun 28, 2015 6:04:23 PM com.squareup.okhttp.mockwebserver.MockWebServer$2 acceptConnections
INFO: MockWebServer[48208] done accepting connections: Socket closed
Jun 28, 2015 6:04:23 PM com.squareup.okhttp.mockwebserver.MockWebServer$3 processOneRequest
INFO: MockWebServer[48208] received request: GET / HTTP/1.1 and responded: HTTP/1.1 200 OK
Tests run: 5, Failures: 0, Errors: 0, Skipped: 0, Time elapsed: 0.656 sec

Results :

Tests run: 5, Failures: 0, Errors: 0, Skipped: 0

[INFO]                                                                         
[INFO] ------------------------------------------------------------------------
[INFO] Building Converter: SimpleXML 2.0.0-SNAPSHOT
[INFO] ------------------------------------------------------------------------
[INFO] 
[INFO] --- maven-enforcer-plugin:1.0:enforce (enforce-maven) @ converter-simplexml ---
[INFO] 
[INFO] --- maven-resources-plugin:2.6:resources (default-resources) @ converter-simplexml ---
[INFO] Using 'UTF-8' encoding to copy filtered resources.
[INFO] skip non existing resourceDirectory /home/travis/build/square/retrofit/retrofit-converters/simplexml/src/main/resources
[INFO] 
[INFO] --- maven-compiler-plugin:3.0:compile (default-compile) @ converter-simplexml ---
[INFO] Changes detected - recompiling the module!
[INFO] Compiling 2 source files to /home/travis/build/square/retrofit/retrofit-converters/simplexml/target/classes
[INFO] 
[INFO] --- maven-resources-plugin:2.6:testResources (default-testResources) @ converter-simplexml ---
[INFO] Using 'UTF-8' encoding to copy filtered resources.
[INFO] skip non existing resourceDirectory /home/travis/build/square/retrofit/retrofit-converters/simplexml/src/test/resources
[INFO] 
[INFO] --- maven-compiler-plugin:3.0:testCompile (default-testCompile) @ converter-simplexml ---
[INFO] Changes detected - recompiling the module!
[INFO] Compiling 2 source files to /home/travis/build/square/retrofit/retrofit-converters/simplexml/target/test-classes
[INFO] 
[INFO] --- maven-surefire-plugin:2.12.4:test (default-test) @ converter-simplexml ---
[INFO] Surefire report directory: /home/travis/build/square/retrofit/retrofit-converters/simplexml/target/surefire-reports

-------------------------------------------------------
 T E S T S
-------------------------------------------------------
Running retrofit.SimpleXmlConverterTest
Jun 28, 2015 6:04:24 PM com.squareup.okhttp.mockwebserver.MockWebServer$2 execute
INFO: MockWebServer[57647] starting to accept connections
Jun 28, 2015 6:04:24 PM com.squareup.okhttp.mockwebserver.MockWebServer$3 processOneRequest
INFO: MockWebServer[57647] received request: GET / HTTP/1.1 and responded: HTTP/1.1 200 OK
Jun 28, 2015 6:04:24 PM com.squareup.okhttp.mockwebserver.MockWebServer$2 acceptConnections
INFO: MockWebServer[57647] done accepting connections: Socket closed
Jun 28, 2015 6:04:24 PM com.squareup.okhttp.mockwebserver.MockWebServer$2 execute
INFO: MockWebServer[57923] starting to accept connections
Jun 28, 2015 6:04:24 PM com.squareup.okhttp.mockwebserver.MockWebServer$3 processOneRequest
INFO: MockWebServer[57923] received request: GET / HTTP/1.1 and responded: HTTP/1.1 200 OK
Jun 28, 2015 6:04:25 PM com.squareup.okhttp.mockwebserver.MockWebServer$2 acceptConnections
INFO: MockWebServer[57923] done accepting connections: Socket closed
Jun 28, 2015 6:04:25 PM com.squareup.okhttp.mockwebserver.MockWebServer$2 execute
INFO: MockWebServer[33791] starting to accept connections
Jun 28, 2015 6:04:25 PM com.squareup.okhttp.mockwebserver.MockWebServer$3 processOneRequest
INFO: MockWebServer[33791] received request: POST / HTTP/1.1 and responded: HTTP/1.1 200 OK
Jun 28, 2015 6:04:25 PM com.squareup.okhttp.mockwebserver.MockWebServer$2 acceptConnections
INFO: MockWebServer[33791] done accepting connections: Socket closed
Tests run: 3, Failures: 0, Errors: 0, Skipped: 0, Time elapsed: 0.751 sec

Results :

Tests run: 3, Failures: 0, Errors: 0, Skipped: 0

[INFO]                                                                         
[INFO] ------------------------------------------------------------------------
[INFO] Building Converter: Moshi 2.0.0-SNAPSHOT
[INFO] ------------------------------------------------------------------------
[INFO] 
[INFO] --- maven-enforcer-plugin:1.0:enforce (enforce-maven) @ converter-moshi ---
[INFO] 
[INFO] --- maven-resources-plugin:2.6:resources (default-resources) @ converter-moshi ---
[INFO] Using 'UTF-8' encoding to copy filtered resources.
[INFO] skip non existing resourceDirectory /home/travis/build/square/retrofit/retrofit-converters/moshi/src/main/resources
[INFO] 
[INFO] --- maven-compiler-plugin:3.0:compile (default-compile) @ converter-moshi ---
[INFO] Changes detected - recompiling the module!
[INFO] Compiling 2 source files to /home/travis/build/square/retrofit/retrofit-converters/moshi/target/classes
[INFO] 
[INFO] --- maven-resources-plugin:2.6:testResources (default-testResources) @ converter-moshi ---
[INFO] Using 'UTF-8' encoding to copy filtered resources.
[INFO] skip non existing resourceDirectory /home/travis/build/square/retrofit/retrofit-converters/moshi/src/test/resources
[INFO] 
[INFO] --- maven-compiler-plugin:3.0:testCompile (default-testCompile) @ converter-moshi ---
[INFO] Changes detected - recompiling the module!
[INFO] Compiling 1 source file to /home/travis/build/square/retrofit/retrofit-converters/moshi/target/test-classes
[INFO] 
[INFO] --- maven-surefire-plugin:2.12.4:test (default-test) @ converter-moshi ---
[INFO] Surefire report directory: /home/travis/build/square/retrofit/retrofit-converters/moshi/target/surefire-reports

-------------------------------------------------------
 T E S T S
-------------------------------------------------------
Running retrofit.MoshiConverterTest
Jun 28, 2015 6:04:25 PM com.squareup.okhttp.mockwebserver.MockWebServer$2 execute
INFO: MockWebServer[45322] starting to accept connections
Jun 28, 2015 6:04:25 PM com.squareup.okhttp.mockwebserver.MockWebServer$3 processOneRequest
INFO: MockWebServer[45322] received request: POST / HTTP/1.1 and responded: HTTP/1.1 200 OK
Jun 28, 2015 6:04:25 PM com.squareup.okhttp.mockwebserver.MockWebServer$2 acceptConnections
INFO: MockWebServer[45322] done accepting connections: Socket closed
Jun 28, 2015 6:04:25 PM com.squareup.okhttp.mockwebserver.MockWebServer$2 execute
INFO: MockWebServer[57076] starting to accept connections
Jun 28, 2015 6:04:25 PM com.squareup.okhttp.mockwebserver.MockWebServer$3 processOneRequest
INFO: MockWebServer[57076] received request: POST / HTTP/1.1 and responded: HTTP/1.1 200 OK
Jun 28, 2015 6:04:25 PM com.squareup.okhttp.mockwebserver.MockWebServer$2 acceptConnections
INFO: MockWebServer[57076] done accepting connections: Socket closed
Tests run: 2, Failures: 0, Errors: 0, Skipped: 0, Time elapsed: 0.572 sec

Results :

Tests run: 2, Failures: 0, Errors: 0, Skipped: 0

[INFO]                                                                         
[INFO] ------------------------------------------------------------------------
[INFO] Building Samples 2.0.0-SNAPSHOT
[INFO] ------------------------------------------------------------------------
[INFO] 
[INFO] --- maven-enforcer-plugin:1.0:enforce (enforce-maven) @ samples ---
[INFO] 
[INFO] --- maven-resources-plugin:2.6:resources (default-resources) @ samples ---
[INFO] Using 'UTF-8' encoding to copy filtered resources.
[INFO] skip non existing resourceDirectory /home/travis/build/square/retrofit/samples/src/main/resources
[INFO] 
[INFO] --- maven-compiler-plugin:3.0:compile (default-compile) @ samples ---
[INFO] Changes detected - recompiling the module!
[INFO] Compiling 2 source files to /home/travis/build/square/retrofit/samples/target/classes
[INFO] 
[INFO] --- maven-resources-plugin:2.6:testResources (default-testResources) @ samples ---
[INFO] Using 'UTF-8' encoding to copy filtered resources.
[INFO] skip non existing resourceDirectory /home/travis/build/square/retrofit/samples/src/test/resources
[INFO] 
[INFO] --- maven-compiler-plugin:3.0:testCompile (default-testCompile) @ samples ---
[INFO] No sources to compile
[INFO] 
[INFO] --- maven-surefire-plugin:2.12.4:test (default-test) @ samples ---
[INFO] No tests to run.
[INFO] ------------------------------------------------------------------------
[INFO] Reactor Summary:
[INFO] 
[INFO] Retrofit (Parent) .................................. SUCCESS [  0.623 s]
[INFO] Retrofit ........................................... SUCCESS [ 12.412 s]
[INFO] Adapters ........................................... SUCCESS [  0.001 s]
[INFO] Adapter: RxJava .................................... SUCCESS [  1.522 s]
[INFO] Converters ......................................... SUCCESS [  0.003 s]
[INFO] Converter: Gson .................................... SUCCESS [  1.036 s]
[INFO] Converter: Protocol Buffers ........................ SUCCESS [  2.130 s]
[INFO] Converter: Jackson ................................. SUCCESS [  1.366 s]
[INFO] Converter: Wire Protocol Buffers ................... SUCCESS [  1.040 s]
[INFO] Converter: SimpleXML ............................... SUCCESS [  1.275 s]
[INFO] Converter: Moshi ................................... SUCCESS [  0.890 s]
[INFO] Samples ............................................ SUCCESS [  0.052 s]
[INFO] ------------------------------------------------------------------------
[INFO] BUILD SUCCESS
[INFO] ------------------------------------------------------------------------
[INFO] Total time: 22.749 s
[INFO] Finished at: 2015-06-28T18:04:25+00:00
[INFO] Final Memory: 29M/373M
[INFO] ------------------------------------------------------------------------
travis_time:end:01a9ab61:start=1435514641265268249,finish=1435514666619593629,duration=25354325380[0K
[32;1mThe command "mvn test -B" exited with 0.[0m
travis_fold:start:cache.2[0Kstore build cache
travis_time:start:00a62973[0Kchange detected: /home/travis/.m2/repository/com/squareup/retrofit/parent/2.0.0-SNAPSHOT/_remote.repositories
changes detected, packing new archive
uploading archive
travis_time:end:00a62973:start=1435514666623984647,finish=1435514677067493687,duration=10443509040[0Ktravis_fold:end:cache.2[0Ktravis_fold:start:after_success[0Ktravis_time:start:125587ed[0K$ .buildscript/deploy_snapshot.sh
Skipping snapshot deployment: was pull request.
travis_time:end:125587ed:start=1435514677071402786,finish=1435514677075848387,duration=4445601[0Ktravis_fold:end:after_success[0K
Done. Your build exited with 0.
