Using worker: worker-linux-docker-1a66d5f3.prod.travis-ci.org:travis-linux-8

travis_fold:start:system_info[0K[33;1mBuild system information[0m
Build language: java
[34m[1mBuild image provisioning date and time[0m
Thu Feb  5 15:09:33 UTC 2015
[34m[1mOperating System Details[0m
Distributor ID:	Ubuntu
Description:	Ubuntu 12.04.5 LTS
Release:	12.04
Codename:	precise
[34m[1mLinux Version[0m
3.13.0-29-generic
[34m[1mCookbooks Version[0m
a68419e https://github.com/travis-ci/travis-cookbooks/tree/a68419e
[34m[1mGCC version[0m
gcc (Ubuntu/Linaro 4.6.3-1ubuntu5) 4.6.3
Copyright (C) 2011 Free Software Foundation, Inc.
This is free software; see the source for copying conditions.  There is NO
warranty; not even for MERCHANTABILITY or FITNESS FOR A PARTICULAR PURPOSE.

[34m[1mLLVM version[0m
clang version 3.4 (tags/RELEASE_34/final)
Target: x86_64-unknown-linux-gnu
Thread model: posix
[34m[1mPre-installed Ruby versions[0m
ruby-1.9.3-p551
[34m[1mPre-installed Node.js versions[0m
v0.10.36
[34m[1mPre-installed Go versions[0m
1.4.1
[34m[1mRedis version[0m
redis-server 2.8.19
[34m[1mriak version[0m
2.0.2
[34m[1mMongoDB version[0m
MongoDB 2.4.12
[34m[1mCouchDB version[0m
couchdb 1.6.1
[34m[1mNeo4j version[0m
1.9.4
[34m[1mRabbitMQ Version[0m
3.4.3
[34m[1mElasticSearch version[0m
1.4.0
[34m[1mInstalled Sphinx versions[0m
2.0.10
2.1.9
2.2.6
[34m[1mDefault Sphinx version[0m
2.2.6
[34m[1mInstalled Firefox version[0m
firefox 31.0esr
[34m[1mPhantomJS version[0m
1.9.8
[34m[1mant -version[0m
Apache Ant(TM) version 1.8.2 compiled on December 3 2011
[34m[1mmvn -version[0m
Apache Maven 3.2.5 (12a6b3acb947671f09b81f49094c53f426d8cea1; 2014-12-14T17:29:23+00:00)
Maven home: /usr/local/maven
Java version: 1.7.0_76, vendor: Oracle Corporation
Java home: /usr/lib/jvm/java-7-oracle/jre
Default locale: en_US, platform encoding: ANSI_X3.4-1968
OS name: "linux", version: "3.13.0-29-generic", arch: "amd64", family: "unix"
travis_fold:end:system_info[0K
travis_fold:start:git.checkout[0Ktravis_time:start:051811c0[0K$ git clone --depth=50 --branch=jw/the-mock-night-rises git://github.com/square/retrofit.git square/retrofit
Cloning into 'square/retrofit'...
remote: Counting objects: 1630, done.[K
remote: Compressing objects:   0% (1/773)   [Kremote: Compressing objects:   1% (8/773)   [Kremote: Compressing objects:   2% (16/773)   [Kremote: Compressing objects:   3% (24/773)   [Kremote: Compressing objects:   4% (31/773)   [Kremote: Compressing objects:   5% (39/773)   [Kremote: Compressing objects:   6% (47/773)   [Kremote: Compressing objects:   7% (55/773)   [Kremote: Compressing objects:   8% (62/773)   [Kremote: Compressing objects:   9% (70/773)   [Kremote: Compressing objects:  10% (78/773)   [Kremote: Compressing objects:  11% (86/773)   [Kremote: Compressing objects:  12% (93/773)   [Kremote: Compressing objects:  13% (101/773)   [Kremote: Compressing objects:  14% (109/773)   [Kremote: Compressing objects:  15% (116/773)   [Kremote: Compressing objects:  16% (124/773)   [Kremote: Compressing objects:  17% (132/773)   [Kremote: Compressing objects:  18% (140/773)   [Kremote: Compressing objects:  19% (147/773)   [Kremote: Compressing objects:  20% (155/773)   [Kremote: Compressing objects:  21% (163/773)   [Kremote: Compressing objects:  22% (171/773)   [Kremote: Compressing objects:  23% (178/773)   [Kremote: Compressing objects:  24% (186/773)   [Kremote: Compressing objects:  25% (194/773)   [Kremote: Compressing objects:  26% (201/773)   [Kremote: Compressing objects:  27% (209/773)   [Kremote: Compressing objects:  28% (217/773)   [Kremote: Compressing objects:  29% (225/773)   [Kremote: Compressing objects:  30% (232/773)   [Kremote: Compressing objects:  31% (240/773)   [Kremote: Compressing objects:  32% (248/773)   [Kremote: Compressing objects:  33% (256/773)   [Kremote: Compressing objects:  34% (263/773)   [Kremote: Compressing objects:  35% (271/773)   [Kremote: Compressing objects:  36% (279/773)   [Kremote: Compressing objects:  37% (287/773)   [Kremote: Compressing objects:  38% (294/773)   [Kremote: Compressing objects:  39% (302/773)   [Kremote: Compressing objects:  40% (310/773)   [Kremote: Compressing objects:  41% (317/773)   [Kremote: Compressing objects:  42% (325/773)   [Kremote: Compressing objects:  43% (333/773)   [Kremote: Compressing objects:  44% (341/773)   [Kremote: Compressing objects:  45% (348/773)   [Kremote: Compressing objects:  46% (356/773)   [Kremote: Compressing objects:  47% (364/773)   [Kremote: Compressing objects:  48% (372/773)   [Kremote: Compressing objects:  49% (379/773)   [Kremote: Compressing objects:  50% (387/773)   [Kremote: Compressing objects:  51% (395/773)   [Kremote: Compressing objects:  52% (402/773)   [Kremote: Compressing objects:  53% (410/773)   [Kremote: Compressing objects:  54% (418/773)   [Kremote: Compressing objects:  55% (426/773)   [Kremote: Compressing objects:  56% (433/773)   [Kremote: Compressing objects:  57% (441/773)   [Kremote: Compressing objects:  58% (449/773)   [Kremote: Compressing objects:  59% (457/773)   [Kremote: Compressing objects:  60% (464/773)   [Kremote: Compressing objects:  61% (472/773)   [Kremote: Compressing objects:  62% (480/773)   [Kremote: Compressing objects:  63% (487/773)   [Kremote: Compressing objects:  64% (495/773)   [Kremote: Compressing objects:  65% (503/773)   [Kremote: Compressing objects:  66% (511/773)   [Kremote: Compressing objects:  67% (518/773)   [Kremote: Compressing objects:  68% (526/773)   [Kremote: Compressing objects:  69% (534/773)   [Kremote: Compressing objects:  70% (542/773)   [Kremote: Compressing objects:  71% (549/773)   [Kremote: Compressing objects:  72% (557/773)   [Kremote: Compressing objects:  73% (565/773)   [Kremote: Compressing objects:  74% (573/773)   [Kremote: Compressing objects:  75% (580/773)   [Kremote: Compressing objects:  76% (588/773)   [Kremote: Compressing objects:  77% (596/773)   [Kremote: Compressing objects:  78% (603/773)   [Kremote: Compressing objects:  79% (611/773)   [Kremote: Compressing objects:  80% (619/773)   [Kremote: Compressing objects:  81% (627/773)   [Kremote: Compressing objects:  82% (634/773)   [Kremote: Compressing objects:  83% (642/773)   [Kremote: Compressing objects:  84% (650/773)   [Kremote: Compressing objects:  85% (658/773)   [Kremote: Compressing objects:  86% (665/773)   [Kremote: Compressing objects:  87% (673/773)   [Kremote: Compressing objects:  88% (681/773)   [Kremote: Compressing objects:  89% (688/773)   [Kremote: Compressing objects:  90% (696/773)   [Kremote: Compressing objects:  91% (704/773)   [Kremote: Compressing objects:  92% (712/773)   [Kremote: Compressing objects:  93% (719/773)   [Kremote: Compressing objects:  94% (727/773)   [Kremote: Compressing objects:  95% (735/773)   [Kremote: Compressing objects:  96% (743/773)   [Kremote: Compressing objects:  97% (750/773)   [Kremote: Compressing objects:  98% (758/773)   [Kremote: Compressing objects:  99% (766/773)   [Kremote: Compressing objects: 100% (773/773)   [Kremote: Compressing objects: 100% (773/773), done.[K
Receiving objects:   0% (1/1630)   Receiving objects:   1% (17/1630)   Receiving objects:   2% (33/1630)   Receiving objects:   3% (49/1630)   Receiving objects:   4% (66/1630)   Receiving objects:   5% (82/1630)   Receiving objects:   6% (98/1630)   Receiving objects:   7% (115/1630)   Receiving objects:   8% (131/1630)   Receiving objects:   9% (147/1630)   Receiving objects:  10% (163/1630)   Receiving objects:  11% (180/1630)   Receiving objects:  12% (196/1630)   Receiving objects:  13% (212/1630)   Receiving objects:  14% (229/1630)   Receiving objects:  15% (245/1630)   Receiving objects:  16% (261/1630)   Receiving objects:  17% (278/1630)   Receiving objects:  18% (294/1630)   Receiving objects:  19% (310/1630)   Receiving objects:  20% (326/1630)   Receiving objects:  21% (343/1630)   Receiving objects:  22% (359/1630)   Receiving objects:  23% (375/1630)   Receiving objects:  24% (392/1630)   Receiving objects:  25% (408/1630)   Receiving objects:  26% (424/1630)   Receiving objects:  27% (441/1630)   Receiving objects:  28% (457/1630)   Receiving objects:  29% (473/1630)   Receiving objects:  30% (489/1630)   Receiving objects:  31% (506/1630)   Receiving objects:  32% (522/1630)   Receiving objects:  33% (538/1630)   Receiving objects:  34% (555/1630)   Receiving objects:  35% (571/1630)   Receiving objects:  36% (587/1630)   Receiving objects:  37% (604/1630)   Receiving objects:  38% (620/1630)   Receiving objects:  39% (636/1630)   Receiving objects:  40% (652/1630)   Receiving objects:  41% (669/1630)   Receiving objects:  42% (685/1630)   Receiving objects:  43% (701/1630)   Receiving objects:  44% (718/1630)   Receiving objects:  45% (734/1630)   Receiving objects:  46% (750/1630)   Receiving objects:  47% (767/1630)   Receiving objects:  48% (783/1630)   Receiving objects:  49% (799/1630)   Receiving objects:  50% (815/1630)   Receiving objects:  51% (832/1630)   Receiving objects:  52% (848/1630)   Receiving objects:  53% (864/1630)   Receiving objects:  54% (881/1630)   Receiving objects:  55% (897/1630)   Receiving objects:  56% (913/1630)   Receiving objects:  57% (930/1630)   Receiving objects:  58% (946/1630)   Receiving objects:  59% (962/1630)   Receiving objects:  60% (978/1630)   Receiving objects:  61% (995/1630)   Receiving objects:  62% (1011/1630)   Receiving objects:  63% (1027/1630)   Receiving objects:  64% (1044/1630)   Receiving objects:  65% (1060/1630)   Receiving objects:  66% (1076/1630)   Receiving objects:  67% (1093/1630)   Receiving objects:  68% (1109/1630)   Receiving objects:  69% (1125/1630)   Receiving objects:  70% (1141/1630)   Receiving objects:  71% (1158/1630)   Receiving objects:  72% (1174/1630)   Receiving objects:  73% (1190/1630)   Receiving objects:  74% (1207/1630)   Receiving objects:  75% (1223/1630)   Receiving objects:  76% (1239/1630)   Receiving objects:  77% (1256/1630)   Receiving objects:  78% (1272/1630)   Receiving objects:  79% (1288/1630)   Receiving objects:  80% (1304/1630)   Receiving objects:  81% (1321/1630)   Receiving objects:  82% (1337/1630)   remote: Total 1630 (delta 580), reused 1411 (delta 412), pack-reused 0[K
Receiving objects:  83% (1353/1630)   Receiving objects:  84% (1370/1630)   Receiving objects:  85% (1386/1630)   Receiving objects:  86% (1402/1630)   Receiving objects:  87% (1419/1630)   Receiving objects:  88% (1435/1630)   Receiving objects:  89% (1451/1630)   Receiving objects:  90% (1467/1630)   Receiving objects:  91% (1484/1630)   Receiving objects:  92% (1500/1630)   Receiving objects:  93% (1516/1630)   Receiving objects:  94% (1533/1630)   Receiving objects:  95% (1549/1630)   Receiving objects:  96% (1565/1630)   Receiving objects:  97% (1582/1630)   Receiving objects:  98% (1598/1630)   Receiving objects:  99% (1614/1630)   Receiving objects: 100% (1630/1630)   Receiving objects: 100% (1630/1630), 416.59 KiB | 0 bytes/s, done.
Resolving deltas:   0% (0/580)   Resolving deltas:  11% (68/580)   Resolving deltas:  12% (70/580)   Resolving deltas:  13% (77/580)   Resolving deltas:  15% (88/580)   Resolving deltas:  16% (94/580)   Resolving deltas:  19% (115/580)   Resolving deltas:  20% (116/580)   Resolving deltas:  24% (141/580)   Resolving deltas:  25% (146/580)   Resolving deltas:  28% (168/580)   Resolving deltas:  30% (174/580)   Resolving deltas:  31% (182/580)   Resolving deltas:  33% (193/580)   Resolving deltas:  34% (200/580)   Resolving deltas:  35% (205/580)   Resolving deltas:  36% (210/580)   Resolving deltas:  37% (217/580)   Resolving deltas:  39% (230/580)   Resolving deltas:  40% (235/580)   Resolving deltas:  41% (239/580)   Resolving deltas:  42% (244/580)   Resolving deltas:  43% (251/580)   Resolving deltas:  44% (260/580)   Resolving deltas:  45% (262/580)   Resolving deltas:  46% (269/580)   Resolving deltas:  47% (276/580)   Resolving deltas:  49% (285/580)   Resolving deltas:  50% (292/580)   Resolving deltas:  55% (322/580)   Resolving deltas:  56% (327/580)   Resolving deltas:  59% (345/580)   Resolving deltas:  60% (352/580)   Resolving deltas:  64% (374/580)   Resolving deltas:  65% (379/580)   Resolving deltas:  66% (385/580)   Resolving deltas:  67% (394/580)   Resolving deltas:  68% (396/580)   Resolving deltas:  70% (406/580)   Resolving deltas:  71% (414/580)   Resolving deltas:  72% (419/580)   Resolving deltas:  73% (424/580)   Resolving deltas:  74% (432/580)   Resolving deltas:  75% (435/580)   Resolving deltas:  76% (442/580)   Resolving deltas:  77% (450/580)   Resolving deltas:  78% (455/580)   Resolving deltas:  79% (459/580)   Resolving deltas:  80% (466/580)   Resolving deltas:  81% (472/580)   Resolving deltas:  83% (482/580)   Resolving deltas:  84% (489/580)   Resolving deltas:  85% (497/580)   Resolving deltas:  86% (499/580)   Resolving deltas:  87% (510/580)   Resolving deltas:  89% (517/580)   Resolving deltas:  90% (525/580)   Resolving deltas:  91% (531/580)   Resolving deltas:  92% (537/580)   Resolving deltas:  93% (540/580)   Resolving deltas:  94% (546/580)   Resolving deltas:  95% (551/580)   Resolving deltas:  96% (558/580)   Resolving deltas:  97% (564/580)   Resolving deltas:  98% (569/580)   Resolving deltas:  99% (576/580)   Resolving deltas: 100% (580/580)   Resolving deltas: 100% (580/580), done.
Checking connectivity... done.
travis_time:end:051811c0:start=1436126088307138796,finish=1436126088532489272,duration=225350476[0K$ cd square/retrofit
$ git checkout -qf f696c11f2d6799ea61ff465aeceda630b0913193
travis_fold:end:git.checkout[0K
[33;1mThis job is running on container-based infrastructure, which does not allow use of 'sudo', setuid and setguid executables.[0m
[33;1mIf you require sudo, add 'sudo: required' to your .travis.yml[0m
[33;1mSee http://docs.travis-ci.com/user/workers/container-based-infrastructure/ for details.[0m

[33;1mSetting environment variables from .travis.yml[0m
$ export CI_DEPLOY_USERNAME=[secure]
$ export CI_DEPLOY_PASSWORD=[secure]

travis_fold:start:cache.1[0KSetting up build cache
$ export CASHER_DIR=$HOME/.casher
travis_time:start:1350c010[0K$ Installing caching utilities
travis_time:end:1350c010:start=1436126091872805440,finish=1436126091897903296,duration=25097856[0Ktravis_time:start:1df63c70[0Kattempting to download cache archive
fetching jwthe-mock-night-rises/cache--jdk-oraclejdk8.tgz
found cache
travis_time:end:1df63c70:start=1436126091902680090,finish=1436126092751804915,duration=849124825[0Ktravis_time:start:15df8336[0Kadding /home/travis/.m2 to cache
travis_time:end:15df8336:start=1436126092756156273,finish=1436126093477491931,duration=721335658[0Ktravis_fold:end:cache.1[0K$ jdk_switcher use oraclejdk8
Switching to Oracle JDK8 (java-8-oracle), JAVA_HOME will be set to /usr/lib/jvm/java-8-oracle
$ java -Xmx32m -version
java version "1.8.0_31"
Java(TM) SE Runtime Environment (build 1.8.0_31-b13)
Java HotSpot(TM) 64-Bit Server VM (build 25.31-b07, mixed mode)
$ javac -J-Xmx32m -version
javac 1.8.0_31
travis_fold:start:install[0Ktravis_time:start:36b7a97d[0K$ mvn install -DskipTests=true -Dmaven.javadoc.skip=true -B -V
Java HotSpot(TM) 64-Bit Server VM warning: ignoring option MaxPermSize=192m; support was removed in 8.0
Apache Maven 3.2.5 (12a6b3acb947671f09b81f49094c53f426d8cea1; 2014-12-14T17:29:23+00:00)
Maven home: /usr/local/maven
Java version: 1.8.0_31, vendor: Oracle Corporation
Java home: /usr/lib/jvm/java-8-oracle/jre
Default locale: en_US, platform encoding: UTF-8
OS name: "linux", version: "3.13.0-40-generic", arch: "amd64", family: "unix"
[INFO] Scanning for projects...
[WARNING] 
[WARNING] Some problems were encountered while building the effective model for com.squareup.retrofit:samples:jar:2.0.0-SNAPSHOT
[WARNING] 'build.plugins.plugin.version' for org.apache.maven.plugins:maven-deploy-plugin is missing. @ com.squareup.retrofit:samples:[unknown-version], /home/travis/build/square/retrofit/samples/pom.xml, line 36, column 15
[WARNING] 
[WARNING] It is highly recommended to fix these problems because they threaten the stability of your build.
[WARNING] 
[WARNING] For this reason, future Maven versions might no longer support building such malformed projects.
[WARNING] 
[INFO] ------------------------------------------------------------------------
[INFO] Reactor Build Order:
[INFO] 
[INFO] Retrofit (Parent)
[INFO] Retrofit
[INFO] Adapters
[INFO] Adapter: RxJava
[INFO] Converters
[INFO] Converter: Gson
[INFO] Converter: Protocol Buffers
[INFO] Converter: Jackson
[INFO] Converter: Wire Protocol Buffers
[INFO] Converter: SimpleXML
[INFO] Converter: Moshi
[INFO] Retrofit Mock Adapter
[INFO] Samples
[INFO]                                                                         
[INFO] ------------------------------------------------------------------------
[INFO] Building Retrofit (Parent) 2.0.0-SNAPSHOT
[INFO] ------------------------------------------------------------------------
[INFO] 
[INFO] --- maven-enforcer-plugin:1.0:enforce (enforce-maven) @ parent ---
[INFO] 
[INFO] --- maven-checkstyle-plugin:2.15:checkstyle (default) @ parent ---
[INFO] 
[INFO] --- maven-install-plugin:2.4:install (default-install) @ parent ---
[INFO] Installing /home/travis/build/square/retrofit/pom.xml to /home/travis/.m2/repository/com/squareup/retrofit/parent/2.0.0-SNAPSHOT/parent-2.0.0-SNAPSHOT.pom
[INFO]                                                                         
[INFO] ------------------------------------------------------------------------
[INFO] Building Retrofit 2.0.0-SNAPSHOT
[INFO] ------------------------------------------------------------------------
[INFO] Downloading: https://repository.apache.org/snapshots/com/squareup/okhttp/okhttp/2.5.0-SNAPSHOT/maven-metadata.xml
[INFO] Downloading: https://repository.apache.org/snapshots/com/squareup/okhttp/parent/2.5.0-SNAPSHOT/maven-metadata.xml
[INFO] Downloading: https://repository.apache.org/snapshots/com/squareup/okhttp/mockwebserver/2.5.0-SNAPSHOT/maven-metadata.xml
[INFO] Downloading: https://repository.apache.org/snapshots/com/squareup/okhttp/okhttp-ws/2.5.0-SNAPSHOT/maven-metadata.xml
[INFO] 
[INFO] --- maven-enforcer-plugin:1.0:enforce (enforce-maven) @ retrofit ---
[INFO] 
[INFO] --- maven-resources-plugin:2.6:resources (default-resources) @ retrofit ---
[INFO] Using 'UTF-8' encoding to copy filtered resources.
[INFO] skip non existing resourceDirectory /home/travis/build/square/retrofit/retrofit/src/main/resources
[INFO] 
[INFO] --- maven-compiler-plugin:3.0:compile (default-compile) @ retrofit ---
[INFO] Changes detected - recompiling the module!
[INFO] Compiling 43 source files to /home/travis/build/square/retrofit/retrofit/target/classes
[WARNING] /home/travis/build/square/retrofit/retrofit/src/main/java/retrofit/RequestBuilderAction.java: /home/travis/build/square/retrofit/retrofit/src/main/java/retrofit/RequestBuilderAction.java uses unchecked or unsafe operations.
[WARNING] /home/travis/build/square/retrofit/retrofit/src/main/java/retrofit/RequestBuilderAction.java: Recompile with -Xlint:unchecked for details.
[INFO] 
[INFO] --- maven-resources-plugin:2.6:testResources (default-testResources) @ retrofit ---
[INFO] Using 'UTF-8' encoding to copy filtered resources.
[INFO] skip non existing resourceDirectory /home/travis/build/square/retrofit/retrofit/src/test/resources
[INFO] 
[INFO] --- maven-compiler-plugin:3.0:testCompile (default-testCompile) @ retrofit ---
[INFO] Changes detected - recompiling the module!
[INFO] Compiling 7 source files to /home/travis/build/square/retrofit/retrofit/target/test-classes
[INFO] 
[INFO] --- maven-surefire-plugin:2.12.4:test (default-test) @ retrofit ---
[INFO] Tests are skipped.
[INFO] 
[INFO] --- maven-jar-plugin:2.4:jar (default-jar) @ retrofit ---
[INFO] Building jar: /home/travis/build/square/retrofit/retrofit/target/retrofit-2.0.0-SNAPSHOT.jar
[INFO] 
[INFO] --- maven-checkstyle-plugin:2.15:checkstyle (default) @ retrofit ---
[INFO] Starting audit...
Audit done.
[WARNING] Unable to locate Source XRef to link to - DISABLED
[INFO] 
[INFO] --- maven-install-plugin:2.4:install (default-install) @ retrofit ---
[INFO] Installing /home/travis/build/square/retrofit/retrofit/target/retrofit-2.0.0-SNAPSHOT.jar to /home/travis/.m2/repository/com/squareup/retrofit/retrofit/2.0.0-SNAPSHOT/retrofit-2.0.0-SNAPSHOT.jar
[INFO] Installing /home/travis/build/square/retrofit/retrofit/pom.xml to /home/travis/.m2/repository/com/squareup/retrofit/retrofit/2.0.0-SNAPSHOT/retrofit-2.0.0-SNAPSHOT.pom
[INFO]                                                                         
[INFO] ------------------------------------------------------------------------
[INFO] Building Adapters 2.0.0-SNAPSHOT
[INFO] ------------------------------------------------------------------------
[INFO] 
[INFO] --- maven-enforcer-plugin:1.0:enforce (enforce-maven) @ retrofit-adapters ---
[INFO] 
[INFO] --- maven-checkstyle-plugin:2.15:checkstyle (default) @ retrofit-adapters ---
[INFO] 
[INFO] --- maven-install-plugin:2.4:install (default-install) @ retrofit-adapters ---
[INFO] Installing /home/travis/build/square/retrofit/retrofit-adapters/pom.xml to /home/travis/.m2/repository/com/squareup/retrofit/retrofit-adapters/2.0.0-SNAPSHOT/retrofit-adapters-2.0.0-SNAPSHOT.pom
[INFO]                                                                         
[INFO] ------------------------------------------------------------------------
[INFO] Building Adapter: RxJava 2.0.0-SNAPSHOT
[INFO] ------------------------------------------------------------------------
[INFO] 
[INFO] --- maven-enforcer-plugin:1.0:enforce (enforce-maven) @ adapter-rxjava ---
[INFO] 
[INFO] --- maven-resources-plugin:2.6:resources (default-resources) @ adapter-rxjava ---
[INFO] Using 'UTF-8' encoding to copy filtered resources.
[INFO] skip non existing resourceDirectory /home/travis/build/square/retrofit/retrofit-adapters/rxjava/src/main/resources
[INFO] 
[INFO] --- maven-compiler-plugin:3.0:compile (default-compile) @ adapter-rxjava ---
[INFO] Changes detected - recompiling the module!
[INFO] Compiling 2 source files to /home/travis/build/square/retrofit/retrofit-adapters/rxjava/target/classes
[INFO] 
[INFO] --- maven-resources-plugin:2.6:testResources (default-testResources) @ adapter-rxjava ---
[INFO] Using 'UTF-8' encoding to copy filtered resources.
[INFO] skip non existing resourceDirectory /home/travis/build/square/retrofit/retrofit-adapters/rxjava/src/test/resources
[INFO] 
[INFO] --- maven-compiler-plugin:3.0:testCompile (default-testCompile) @ adapter-rxjava ---
[INFO] Changes detected - recompiling the module!
[INFO] Compiling 2 source files to /home/travis/build/square/retrofit/retrofit-adapters/rxjava/target/test-classes
[INFO] 
[INFO] --- maven-surefire-plugin:2.12.4:test (default-test) @ adapter-rxjava ---
[INFO] Tests are skipped.
[INFO] 
[INFO] --- maven-jar-plugin:2.4:jar (default-jar) @ adapter-rxjava ---
[INFO] Building jar: /home/travis/build/square/retrofit/retrofit-adapters/rxjava/target/adapter-rxjava-2.0.0-SNAPSHOT.jar
[INFO] 
[INFO] --- maven-checkstyle-plugin:2.15:checkstyle (default) @ adapter-rxjava ---
[INFO] Starting audit...
Audit done.
[WARNING] Unable to locate Source XRef to link to - DISABLED
[INFO] 
[INFO] --- maven-install-plugin:2.4:install (default-install) @ adapter-rxjava ---
[INFO] Installing /home/travis/build/square/retrofit/retrofit-adapters/rxjava/target/adapter-rxjava-2.0.0-SNAPSHOT.jar to /home/travis/.m2/repository/com/squareup/retrofit/adapter-rxjava/2.0.0-SNAPSHOT/adapter-rxjava-2.0.0-SNAPSHOT.jar
[INFO] Installing /home/travis/build/square/retrofit/retrofit-adapters/rxjava/pom.xml to /home/travis/.m2/repository/com/squareup/retrofit/adapter-rxjava/2.0.0-SNAPSHOT/adapter-rxjava-2.0.0-SNAPSHOT.pom
[INFO]                                                                         
[INFO] ------------------------------------------------------------------------
[INFO] Building Converters 2.0.0-SNAPSHOT
[INFO] ------------------------------------------------------------------------
[INFO] 
[INFO] --- maven-enforcer-plugin:1.0:enforce (enforce-maven) @ retrofit-converters ---
[INFO] 
[INFO] --- maven-checkstyle-plugin:2.15:checkstyle (default) @ retrofit-converters ---
[INFO] 
[INFO] --- maven-install-plugin:2.4:install (default-install) @ retrofit-converters ---
[INFO] Installing /home/travis/build/square/retrofit/retrofit-converters/pom.xml to /home/travis/.m2/repository/com/squareup/retrofit/retrofit-converters/2.0.0-SNAPSHOT/retrofit-converters-2.0.0-SNAPSHOT.pom
[INFO]                                                                         
[INFO] ------------------------------------------------------------------------
[INFO] Building Converter: Gson 2.0.0-SNAPSHOT
[INFO] ------------------------------------------------------------------------
[INFO] 
[INFO] --- maven-enforcer-plugin:1.0:enforce (enforce-maven) @ converter-gson ---
[INFO] 
[INFO] --- maven-resources-plugin:2.6:resources (default-resources) @ converter-gson ---
[INFO] Using 'UTF-8' encoding to copy filtered resources.
[INFO] skip non existing resourceDirectory /home/travis/build/square/retrofit/retrofit-converters/gson/src/main/resources
[INFO] 
[INFO] --- maven-compiler-plugin:3.0:compile (default-compile) @ converter-gson ---
[INFO] Changes detected - recompiling the module!
[INFO] Compiling 2 source files to /home/travis/build/square/retrofit/retrofit-converters/gson/target/classes
[INFO] 
[INFO] --- maven-resources-plugin:2.6:testResources (default-testResources) @ converter-gson ---
[INFO] Using 'UTF-8' encoding to copy filtered resources.
[INFO] skip non existing resourceDirectory /home/travis/build/square/retrofit/retrofit-converters/gson/src/test/resources
[INFO] 
[INFO] --- maven-compiler-plugin:3.0:testCompile (default-testCompile) @ converter-gson ---
[INFO] Changes detected - recompiling the module!
[INFO] Compiling 1 source file to /home/travis/build/square/retrofit/retrofit-converters/gson/target/test-classes
[INFO] 
[INFO] --- maven-surefire-plugin:2.12.4:test (default-test) @ converter-gson ---
[INFO] Tests are skipped.
[INFO] 
[INFO] --- maven-jar-plugin:2.4:jar (default-jar) @ converter-gson ---
[INFO] Building jar: /home/travis/build/square/retrofit/retrofit-converters/gson/target/converter-gson-2.0.0-SNAPSHOT.jar
[INFO] 
[INFO] --- maven-checkstyle-plugin:2.15:checkstyle (default) @ converter-gson ---
[INFO] Starting audit...
Audit done.
[WARNING] Unable to locate Source XRef to link to - DISABLED
[INFO] 
[INFO] --- maven-install-plugin:2.4:install (default-install) @ converter-gson ---
[INFO] Installing /home/travis/build/square/retrofit/retrofit-converters/gson/target/converter-gson-2.0.0-SNAPSHOT.jar to /home/travis/.m2/repository/com/squareup/retrofit/converter-gson/2.0.0-SNAPSHOT/converter-gson-2.0.0-SNAPSHOT.jar
[INFO] Installing /home/travis/build/square/retrofit/retrofit-converters/gson/pom.xml to /home/travis/.m2/repository/com/squareup/retrofit/converter-gson/2.0.0-SNAPSHOT/converter-gson-2.0.0-SNAPSHOT.pom
[INFO]                                                                         
[INFO] ------------------------------------------------------------------------
[INFO] Building Converter: Protocol Buffers 2.0.0-SNAPSHOT
[INFO] ------------------------------------------------------------------------
[INFO] 
[INFO] --- maven-enforcer-plugin:1.0:enforce (enforce-maven) @ converter-protobuf ---
[INFO] 
[INFO] --- maven-resources-plugin:2.6:resources (default-resources) @ converter-protobuf ---
[INFO] Using 'UTF-8' encoding to copy filtered resources.
[INFO] skip non existing resourceDirectory /home/travis/build/square/retrofit/retrofit-converters/protobuf/src/main/resources
[INFO] 
[INFO] --- maven-compiler-plugin:3.0:compile (default-compile) @ converter-protobuf ---
[INFO] Changes detected - recompiling the module!
[INFO] Compiling 2 source files to /home/travis/build/square/retrofit/retrofit-converters/protobuf/target/classes
[WARNING] /home/travis/build/square/retrofit/retrofit-converters/protobuf/src/main/java/retrofit/ProtoConverterFactory.java: /home/travis/build/square/retrofit/retrofit-converters/protobuf/src/main/java/retrofit/ProtoConverterFactory.java uses unchecked or unsafe operations.
[WARNING] /home/travis/build/square/retrofit/retrofit-converters/protobuf/src/main/java/retrofit/ProtoConverterFactory.java: Recompile with -Xlint:unchecked for details.
[INFO] 
[INFO] --- maven-resources-plugin:2.6:testResources (default-testResources) @ converter-protobuf ---
[INFO] Using 'UTF-8' encoding to copy filtered resources.
[INFO] skip non existing resourceDirectory /home/travis/build/square/retrofit/retrofit-converters/protobuf/src/test/resources
[INFO] 
[INFO] --- maven-compiler-plugin:3.0:testCompile (default-testCompile) @ converter-protobuf ---
[INFO] Changes detected - recompiling the module!
[INFO] Compiling 2 source files to /home/travis/build/square/retrofit/retrofit-converters/protobuf/target/test-classes
[INFO] 
[INFO] --- maven-surefire-plugin:2.12.4:test (default-test) @ converter-protobuf ---
[INFO] Tests are skipped.
[INFO] 
[INFO] --- maven-jar-plugin:2.4:jar (default-jar) @ converter-protobuf ---
[INFO] Building jar: /home/travis/build/square/retrofit/retrofit-converters/protobuf/target/converter-protobuf-2.0.0-SNAPSHOT.jar
[INFO] 
[INFO] --- maven-checkstyle-plugin:2.15:checkstyle (default) @ converter-protobuf ---
[INFO] Starting audit...
Audit done.
[WARNING] Unable to locate Source XRef to link to - DISABLED
[INFO] 
[INFO] --- maven-install-plugin:2.4:install (default-install) @ converter-protobuf ---
[INFO] Installing /home/travis/build/square/retrofit/retrofit-converters/protobuf/target/converter-protobuf-2.0.0-SNAPSHOT.jar to /home/travis/.m2/repository/com/squareup/retrofit/converter-protobuf/2.0.0-SNAPSHOT/converter-protobuf-2.0.0-SNAPSHOT.jar
[INFO] Installing /home/travis/build/square/retrofit/retrofit-converters/protobuf/pom.xml to /home/travis/.m2/repository/com/squareup/retrofit/converter-protobuf/2.0.0-SNAPSHOT/converter-protobuf-2.0.0-SNAPSHOT.pom
[INFO]                                                                         
[INFO] ------------------------------------------------------------------------
[INFO] Building Converter: Jackson 2.0.0-SNAPSHOT
[INFO] ------------------------------------------------------------------------
[INFO] 
[INFO] --- maven-enforcer-plugin:1.0:enforce (enforce-maven) @ converter-jackson ---
[INFO] 
[INFO] --- maven-resources-plugin:2.6:resources (default-resources) @ converter-jackson ---
[INFO] Using 'UTF-8' encoding to copy filtered resources.
[INFO] skip non existing resourceDirectory /home/travis/build/square/retrofit/retrofit-converters/jackson/src/main/resources
[INFO] 
[INFO] --- maven-compiler-plugin:3.0:compile (default-compile) @ converter-jackson ---
[INFO] Changes detected - recompiling the module!
[INFO] Compiling 2 source files to /home/travis/build/square/retrofit/retrofit-converters/jackson/target/classes
[INFO] 
[INFO] --- maven-resources-plugin:2.6:testResources (default-testResources) @ converter-jackson ---
[INFO] Using 'UTF-8' encoding to copy filtered resources.
[INFO] skip non existing resourceDirectory /home/travis/build/square/retrofit/retrofit-converters/jackson/src/test/resources
[INFO] 
[INFO] --- maven-compiler-plugin:3.0:testCompile (default-testCompile) @ converter-jackson ---
[INFO] Changes detected - recompiling the module!
[INFO] Compiling 1 source file to /home/travis/build/square/retrofit/retrofit-converters/jackson/target/test-classes
[INFO] 
[INFO] --- maven-surefire-plugin:2.12.4:test (default-test) @ converter-jackson ---
[INFO] Tests are skipped.
[INFO] 
[INFO] --- maven-jar-plugin:2.4:jar (default-jar) @ converter-jackson ---
[INFO] Building jar: /home/travis/build/square/retrofit/retrofit-converters/jackson/target/converter-jackson-2.0.0-SNAPSHOT.jar
[INFO] 
[INFO] --- maven-checkstyle-plugin:2.15:checkstyle (default) @ converter-jackson ---
[INFO] Starting audit...
Audit done.
[WARNING] Unable to locate Source XRef to link to - DISABLED
[INFO] 
[INFO] --- maven-install-plugin:2.4:install (default-install) @ converter-jackson ---
[INFO] Installing /home/travis/build/square/retrofit/retrofit-converters/jackson/target/converter-jackson-2.0.0-SNAPSHOT.jar to /home/travis/.m2/repository/com/squareup/retrofit/converter-jackson/2.0.0-SNAPSHOT/converter-jackson-2.0.0-SNAPSHOT.jar
[INFO] Installing /home/travis/build/square/retrofit/retrofit-converters/jackson/pom.xml to /home/travis/.m2/repository/com/squareup/retrofit/converter-jackson/2.0.0-SNAPSHOT/converter-jackson-2.0.0-SNAPSHOT.pom
[INFO]                                                                         
[INFO] ------------------------------------------------------------------------
[INFO] Building Converter: Wire Protocol Buffers 2.0.0-SNAPSHOT
[INFO] ------------------------------------------------------------------------
[INFO] 
[INFO] --- maven-enforcer-plugin:1.0:enforce (enforce-maven) @ converter-wire ---
[INFO] 
[INFO] --- maven-resources-plugin:2.6:resources (default-resources) @ converter-wire ---
[INFO] Using 'UTF-8' encoding to copy filtered resources.
[INFO] skip non existing resourceDirectory /home/travis/build/square/retrofit/retrofit-converters/wire/src/main/resources
[INFO] 
[INFO] --- maven-compiler-plugin:3.0:compile (default-compile) @ converter-wire ---
[INFO] Changes detected - recompiling the module!
[INFO] Compiling 2 source files to /home/travis/build/square/retrofit/retrofit-converters/wire/target/classes
[WARNING] /home/travis/build/square/retrofit/retrofit-converters/wire/src/main/java/retrofit/WireConverterFactory.java: /home/travis/build/square/retrofit/retrofit-converters/wire/src/main/java/retrofit/WireConverterFactory.java uses unchecked or unsafe operations.
[WARNING] /home/travis/build/square/retrofit/retrofit-converters/wire/src/main/java/retrofit/WireConverterFactory.java: Recompile with -Xlint:unchecked for details.
[INFO] 
[INFO] --- maven-resources-plugin:2.6:testResources (default-testResources) @ converter-wire ---
[INFO] Using 'UTF-8' encoding to copy filtered resources.
[INFO] skip non existing resourceDirectory /home/travis/build/square/retrofit/retrofit-converters/wire/src/test/resources
[INFO] 
[INFO] --- maven-compiler-plugin:3.0:testCompile (default-testCompile) @ converter-wire ---
[INFO] Changes detected - recompiling the module!
[INFO] Compiling 2 source files to /home/travis/build/square/retrofit/retrofit-converters/wire/target/test-classes
[INFO] 
[INFO] --- maven-surefire-plugin:2.12.4:test (default-test) @ converter-wire ---
[INFO] Tests are skipped.
[INFO] 
[INFO] --- maven-jar-plugin:2.4:jar (default-jar) @ converter-wire ---
[INFO] Building jar: /home/travis/build/square/retrofit/retrofit-converters/wire/target/converter-wire-2.0.0-SNAPSHOT.jar
[INFO] 
[INFO] --- maven-checkstyle-plugin:2.15:checkstyle (default) @ converter-wire ---
[INFO] Starting audit...
Audit done.
[WARNING] Unable to locate Source XRef to link to - DISABLED
[INFO] 
[INFO] --- maven-install-plugin:2.4:install (default-install) @ converter-wire ---
[INFO] Installing /home/travis/build/square/retrofit/retrofit-converters/wire/target/converter-wire-2.0.0-SNAPSHOT.jar to /home/travis/.m2/repository/com/squareup/retrofit/converter-wire/2.0.0-SNAPSHOT/converter-wire-2.0.0-SNAPSHOT.jar
[INFO] Installing /home/travis/build/square/retrofit/retrofit-converters/wire/pom.xml to /home/travis/.m2/repository/com/squareup/retrofit/converter-wire/2.0.0-SNAPSHOT/converter-wire-2.0.0-SNAPSHOT.pom
[INFO]                                                                         
[INFO] ------------------------------------------------------------------------
[INFO] Building Converter: SimpleXML 2.0.0-SNAPSHOT
[INFO] ------------------------------------------------------------------------
[INFO] 
[INFO] --- maven-enforcer-plugin:1.0:enforce (enforce-maven) @ converter-simplexml ---
[INFO] 
[INFO] --- maven-resources-plugin:2.6:resources (default-resources) @ converter-simplexml ---
[INFO] Using 'UTF-8' encoding to copy filtered resources.
[INFO] skip non existing resourceDirectory /home/travis/build/square/retrofit/retrofit-converters/simplexml/src/main/resources
[INFO] 
[INFO] --- maven-compiler-plugin:3.0:compile (default-compile) @ converter-simplexml ---
[INFO] Changes detected - recompiling the module!
[INFO] Compiling 2 source files to /home/travis/build/square/retrofit/retrofit-converters/simplexml/target/classes
[INFO] 
[INFO] --- maven-resources-plugin:2.6:testResources (default-testResources) @ converter-simplexml ---
[INFO] Using 'UTF-8' encoding to copy filtered resources.
[INFO] skip non existing resourceDirectory /home/travis/build/square/retrofit/retrofit-converters/simplexml/src/test/resources
[INFO] 
[INFO] --- maven-compiler-plugin:3.0:testCompile (default-testCompile) @ converter-simplexml ---
[INFO] Changes detected - recompiling the module!
[INFO] Compiling 2 source files to /home/travis/build/square/retrofit/retrofit-converters/simplexml/target/test-classes
[INFO] 
[INFO] --- maven-surefire-plugin:2.12.4:test (default-test) @ converter-simplexml ---
[INFO] Tests are skipped.
[INFO] 
[INFO] --- maven-jar-plugin:2.4:jar (default-jar) @ converter-simplexml ---
[INFO] Building jar: /home/travis/build/square/retrofit/retrofit-converters/simplexml/target/converter-simplexml-2.0.0-SNAPSHOT.jar
[INFO] 
[INFO] --- maven-checkstyle-plugin:2.15:checkstyle (default) @ converter-simplexml ---
[INFO] Starting audit...
Audit done.
[WARNING] Unable to locate Source XRef to link to - DISABLED
[INFO] 
[INFO] --- maven-install-plugin:2.4:install (default-install) @ converter-simplexml ---
[INFO] Installing /home/travis/build/square/retrofit/retrofit-converters/simplexml/target/converter-simplexml-2.0.0-SNAPSHOT.jar to /home/travis/.m2/repository/com/squareup/retrofit/converter-simplexml/2.0.0-SNAPSHOT/converter-simplexml-2.0.0-SNAPSHOT.jar
[INFO] Installing /home/travis/build/square/retrofit/retrofit-converters/simplexml/pom.xml to /home/travis/.m2/repository/com/squareup/retrofit/converter-simplexml/2.0.0-SNAPSHOT/converter-simplexml-2.0.0-SNAPSHOT.pom
[INFO]                                                                         
[INFO] ------------------------------------------------------------------------
[INFO] Building Converter: Moshi 2.0.0-SNAPSHOT
[INFO] ------------------------------------------------------------------------
[INFO] 
[INFO] --- maven-enforcer-plugin:1.0:enforce (enforce-maven) @ converter-moshi ---
[INFO] 
[INFO] --- maven-resources-plugin:2.6:resources (default-resources) @ converter-moshi ---
[INFO] Using 'UTF-8' encoding to copy filtered resources.
[INFO] skip non existing resourceDirectory /home/travis/build/square/retrofit/retrofit-converters/moshi/src/main/resources
[INFO] 
[INFO] --- maven-compiler-plugin:3.0:compile (default-compile) @ converter-moshi ---
[INFO] Changes detected - recompiling the module!
[INFO] Compiling 2 source files to /home/travis/build/square/retrofit/retrofit-converters/moshi/target/classes
[INFO] 
[INFO] --- maven-resources-plugin:2.6:testResources (default-testResources) @ converter-moshi ---
[INFO] Using 'UTF-8' encoding to copy filtered resources.
[INFO] skip non existing resourceDirectory /home/travis/build/square/retrofit/retrofit-converters/moshi/src/test/resources
[INFO] 
[INFO] --- maven-compiler-plugin:3.0:testCompile (default-testCompile) @ converter-moshi ---
[INFO] Changes detected - recompiling the module!
[INFO] Compiling 1 source file to /home/travis/build/square/retrofit/retrofit-converters/moshi/target/test-classes
[INFO] 
[INFO] --- maven-surefire-plugin:2.12.4:test (default-test) @ converter-moshi ---
[INFO] Tests are skipped.
[INFO] 
[INFO] --- maven-jar-plugin:2.4:jar (default-jar) @ converter-moshi ---
[INFO] Building jar: /home/travis/build/square/retrofit/retrofit-converters/moshi/target/converter-moshi-2.0.0-SNAPSHOT.jar
[INFO] 
[INFO] --- maven-checkstyle-plugin:2.15:checkstyle (default) @ converter-moshi ---
[INFO] Starting audit...
Audit done.
[WARNING] Unable to locate Source XRef to link to - DISABLED
[INFO] 
[INFO] --- maven-install-plugin:2.4:install (default-install) @ converter-moshi ---
[INFO] Installing /home/travis/build/square/retrofit/retrofit-converters/moshi/target/converter-moshi-2.0.0-SNAPSHOT.jar to /home/travis/.m2/repository/com/squareup/retrofit/converter-moshi/2.0.0-SNAPSHOT/converter-moshi-2.0.0-SNAPSHOT.jar
[INFO] Installing /home/travis/build/square/retrofit/retrofit-converters/moshi/pom.xml to /home/travis/.m2/repository/com/squareup/retrofit/converter-moshi/2.0.0-SNAPSHOT/converter-moshi-2.0.0-SNAPSHOT.pom
[INFO]                                                                         
[INFO] ------------------------------------------------------------------------
[INFO] Building Retrofit Mock Adapter 2.0.0-SNAPSHOT
[INFO] ------------------------------------------------------------------------
[INFO] 
[INFO] --- maven-enforcer-plugin:1.0:enforce (enforce-maven) @ retrofit-mock ---
[INFO] 
[INFO] --- maven-resources-plugin:2.6:resources (default-resources) @ retrofit-mock ---
[INFO] Using 'UTF-8' encoding to copy filtered resources.
[INFO] skip non existing resourceDirectory /home/travis/build/square/retrofit/retrofit-mock/src/main/resources
[INFO] 
[INFO] --- maven-compiler-plugin:3.0:compile (default-compile) @ retrofit-mock ---
[INFO] Changes detected - recompiling the module!
[INFO] Compiling 2 source files to /home/travis/build/square/retrofit/retrofit-mock/target/classes
[INFO] 
[INFO] --- maven-resources-plugin:2.6:testResources (default-testResources) @ retrofit-mock ---
[INFO] Using 'UTF-8' encoding to copy filtered resources.
[INFO] skip non existing resourceDirectory /home/travis/build/square/retrofit/retrofit-mock/src/test/resources
[INFO] 
[INFO] --- maven-compiler-plugin:3.0:testCompile (default-testCompile) @ retrofit-mock ---
[INFO] Changes detected - recompiling the module!
[INFO] Compiling 1 source file to /home/travis/build/square/retrofit/retrofit-mock/target/test-classes
[INFO] 
[INFO] --- maven-surefire-plugin:2.12.4:test (default-test) @ retrofit-mock ---
[INFO] Tests are skipped.
[INFO] 
[INFO] --- maven-jar-plugin:2.4:jar (default-jar) @ retrofit-mock ---
[INFO] Building jar: /home/travis/build/square/retrofit/retrofit-mock/target/retrofit-mock-2.0.0-SNAPSHOT.jar
[INFO] 
[INFO] --- maven-checkstyle-plugin:2.15:checkstyle (default) @ retrofit-mock ---
[INFO] Starting audit...
Audit done.
[WARNING] Unable to locate Source XRef to link to - DISABLED
[INFO] 
[INFO] --- maven-install-plugin:2.4:install (default-install) @ retrofit-mock ---
[INFO] Installing /home/travis/build/square/retrofit/retrofit-mock/target/retrofit-mock-2.0.0-SNAPSHOT.jar to /home/travis/.m2/repository/com/squareup/retrofit/retrofit-mock/2.0.0-SNAPSHOT/retrofit-mock-2.0.0-SNAPSHOT.jar
[INFO] Installing /home/travis/build/square/retrofit/retrofit-mock/pom.xml to /home/travis/.m2/repository/com/squareup/retrofit/retrofit-mock/2.0.0-SNAPSHOT/retrofit-mock-2.0.0-SNAPSHOT.pom
[INFO]                                                                         
[INFO] ------------------------------------------------------------------------
[INFO] Building Samples 2.0.0-SNAPSHOT
[INFO] ------------------------------------------------------------------------
[INFO] 
[INFO] --- maven-enforcer-plugin:1.0:enforce (enforce-maven) @ samples ---
[INFO] 
[INFO] --- maven-resources-plugin:2.6:resources (default-resources) @ samples ---
[INFO] Using 'UTF-8' encoding to copy filtered resources.
[INFO] skip non existing resourceDirectory /home/travis/build/square/retrofit/samples/src/main/resources
[INFO] 
[INFO] --- maven-compiler-plugin:3.0:compile (default-compile) @ samples ---
[INFO] Changes detected - recompiling the module!
[INFO] Compiling 2 source files to /home/travis/build/square/retrofit/samples/target/classes
[INFO] 
[INFO] --- maven-resources-plugin:2.6:testResources (default-testResources) @ samples ---
[INFO] Using 'UTF-8' encoding to copy filtered resources.
[INFO] skip non existing resourceDirectory /home/travis/build/square/retrofit/samples/src/test/resources
[INFO] 
[INFO] --- maven-compiler-plugin:3.0:testCompile (default-testCompile) @ samples ---
[INFO] No sources to compile
[INFO] 
[INFO] --- maven-surefire-plugin:2.12.4:test (default-test) @ samples ---
[INFO] Tests are skipped.
[INFO] 
[INFO] --- maven-jar-plugin:2.4:jar (default-jar) @ samples ---
[INFO] Building jar: /home/travis/build/square/retrofit/samples/target/samples-2.0.0-SNAPSHOT.jar
[INFO] 
[INFO] --- maven-checkstyle-plugin:2.15:checkstyle (default) @ samples ---
[INFO] Starting audit...
Audit done.
[WARNING] Unable to locate Source XRef to link to - DISABLED
[INFO] 
[INFO] --- maven-install-plugin:2.4:install (default-install) @ samples ---
[INFO] Installing /home/travis/build/square/retrofit/samples/target/samples-2.0.0-SNAPSHOT.jar to /home/travis/.m2/repository/com/squareup/retrofit/samples/2.0.0-SNAPSHOT/samples-2.0.0-SNAPSHOT.jar
[INFO] Installing /home/travis/build/square/retrofit/samples/pom.xml to /home/travis/.m2/repository/com/squareup/retrofit/samples/2.0.0-SNAPSHOT/samples-2.0.0-SNAPSHOT.pom
[INFO] ------------------------------------------------------------------------
[INFO] Reactor Summary:
[INFO] 
[INFO] Retrofit (Parent) .................................. SUCCESS [  3.338 s]
[INFO] Retrofit ........................................... SUCCESS [ 19.796 s]
[INFO] Adapters ........................................... SUCCESS [  0.037 s]
[INFO] Adapter: RxJava .................................... SUCCESS [  2.218 s]
[INFO] Converters ......................................... SUCCESS [  0.018 s]
[INFO] Converter: Gson .................................... SUCCESS [  2.793 s]
[INFO] Converter: Protocol Buffers ........................ SUCCESS [  1.376 s]
[INFO] Converter: Jackson ................................. SUCCESS [  1.739 s]
[INFO] Converter: Wire Protocol Buffers ................... SUCCESS [  1.117 s]
[INFO] Converter: SimpleXML ............................... SUCCESS [  0.943 s]
[INFO] Converter: Moshi ................................... SUCCESS [  1.016 s]
[INFO] Retrofit Mock Adapter .............................. SUCCESS [  1.073 s]
[INFO] Samples ............................................ SUCCESS [  0.719 s]
[INFO] ------------------------------------------------------------------------
[INFO] BUILD SUCCESS
[INFO] ------------------------------------------------------------------------
[INFO] Total time: 36.722 s
[INFO] Finished at: 2015-07-05T19:55:33+00:00
[INFO] Final Memory: 39M/360M
[INFO] ------------------------------------------------------------------------
travis_time:end:36b7a97d:start=1436126093974973207,finish=1436126134220353241,duration=40245380034[0Ktravis_fold:end:install[0Ktravis_time:start:29aa73ee[0K$ mvn test -B
Java HotSpot(TM) 64-Bit Server VM warning: ignoring option MaxPermSize=192m; support was removed in 8.0
[INFO] Scanning for projects...
[WARNING] 
[WARNING] Some problems were encountered while building the effective model for com.squareup.retrofit:samples:jar:2.0.0-SNAPSHOT
[WARNING] 'build.plugins.plugin.version' for org.apache.maven.plugins:maven-deploy-plugin is missing. @ com.squareup.retrofit:samples:[unknown-version], /home/travis/build/square/retrofit/samples/pom.xml, line 36, column 15
[WARNING] 
[WARNING] It is highly recommended to fix these problems because they threaten the stability of your build.
[WARNING] 
[WARNING] For this reason, future Maven versions might no longer support building such malformed projects.
[WARNING] 
[INFO] ------------------------------------------------------------------------
[INFO] Reactor Build Order:
[INFO] 
[INFO] Retrofit (Parent)
[INFO] Retrofit
[INFO] Adapters
[INFO] Adapter: RxJava
[INFO] Converters
[INFO] Converter: Gson
[INFO] Converter: Protocol Buffers
[INFO] Converter: Jackson
[INFO] Converter: Wire Protocol Buffers
[INFO] Converter: SimpleXML
[INFO] Converter: Moshi
[INFO] Retrofit Mock Adapter
[INFO] Samples
[INFO]                                                                         
[INFO] ------------------------------------------------------------------------
[INFO] Building Retrofit (Parent) 2.0.0-SNAPSHOT
[INFO] ------------------------------------------------------------------------
[INFO] 
[INFO] --- maven-enforcer-plugin:1.0:enforce (enforce-maven) @ parent ---
[INFO]                                                                         
[INFO] ------------------------------------------------------------------------
[INFO] Building Retrofit 2.0.0-SNAPSHOT
[INFO] ------------------------------------------------------------------------
[INFO] Downloading: https://repository.apache.org/snapshots/com/squareup/okhttp/okhttp/2.5.0-SNAPSHOT/maven-metadata.xml
[INFO] Downloading: https://repository.apache.org/snapshots/com/squareup/okhttp/parent/2.5.0-SNAPSHOT/maven-metadata.xml
[INFO] Downloading: https://repository.apache.org/snapshots/com/squareup/okhttp/mockwebserver/2.5.0-SNAPSHOT/maven-metadata.xml
[INFO] Downloading: https://repository.apache.org/snapshots/com/squareup/okhttp/okhttp-ws/2.5.0-SNAPSHOT/maven-metadata.xml
[INFO] 
[INFO] --- maven-enforcer-plugin:1.0:enforce (enforce-maven) @ retrofit ---
[INFO] 
[INFO] --- maven-resources-plugin:2.6:resources (default-resources) @ retrofit ---
[INFO] Using 'UTF-8' encoding to copy filtered resources.
[INFO] skip non existing resourceDirectory /home/travis/build/square/retrofit/retrofit/src/main/resources
[INFO] 
[INFO] --- maven-compiler-plugin:3.0:compile (default-compile) @ retrofit ---
[INFO] Changes detected - recompiling the module!
[INFO] Compiling 43 source files to /home/travis/build/square/retrofit/retrofit/target/classes
[WARNING] /home/travis/build/square/retrofit/retrofit/src/main/java/retrofit/RequestBuilderAction.java: /home/travis/build/square/retrofit/retrofit/src/main/java/retrofit/RequestBuilderAction.java uses unchecked or unsafe operations.
[WARNING] /home/travis/build/square/retrofit/retrofit/src/main/java/retrofit/RequestBuilderAction.java: Recompile with -Xlint:unchecked for details.
[INFO] 
[INFO] --- maven-resources-plugin:2.6:testResources (default-testResources) @ retrofit ---
[INFO] Using 'UTF-8' encoding to copy filtered resources.
[INFO] skip non existing resourceDirectory /home/travis/build/square/retrofit/retrofit/src/test/resources
[INFO] 
[INFO] --- maven-compiler-plugin:3.0:testCompile (default-testCompile) @ retrofit ---
[INFO] Changes detected - recompiling the module!
[INFO] Compiling 7 source files to /home/travis/build/square/retrofit/retrofit/target/test-classes
[INFO] 
[INFO] --- maven-surefire-plugin:2.12.4:test (default-test) @ retrofit ---
[INFO] Surefire report directory: /home/travis/build/square/retrofit/retrofit/target/surefire-reports

-------------------------------------------------------
 T E S T S
-------------------------------------------------------
Running retrofit.RequestBuilderTest
Tests run: 96, Failures: 0, Errors: 0, Skipped: 2, Time elapsed: 0.643 sec
Running retrofit.ExecutorCallAdapterFactoryTest
Tests run: 8, Failures: 0, Errors: 0, Skipped: 0, Time elapsed: 0.154 sec
Running retrofit.CallTest
Jul 05, 2015 7:55:47 PM com.squareup.okhttp.mockwebserver.MockWebServer$2 execute
INFO: MockWebServer[37413] starting to accept connections
Jul 05, 2015 7:55:47 PM com.squareup.okhttp.mockwebserver.MockWebServer$3 processOneRequest
INFO: MockWebServer[37413] received request: GET / HTTP/1.1 and responded: HTTP/1.1 200 OK
Jul 05, 2015 7:55:47 PM com.squareup.okhttp.mockwebserver.MockWebServer$2 acceptConnections
INFO: MockWebServer[37413] done accepting connections: Socket closed
Jul 05, 2015 7:55:47 PM com.squareup.okhttp.mockwebserver.MockWebServer$2 execute
INFO: MockWebServer[58947] starting to accept connections
Jul 05, 2015 7:55:47 PM com.squareup.okhttp.mockwebserver.MockWebServer$3 processOneRequest
INFO: MockWebServer[58947] received request: GET / HTTP/1.1 and responded: HTTP/1.1 404 OK
Jul 05, 2015 7:55:47 PM com.squareup.okhttp.mockwebserver.MockWebServer$2 acceptConnections
INFO: MockWebServer[58947] done accepting connections: Socket closed
Jul 05, 2015 7:55:47 PM com.squareup.okhttp.mockwebserver.MockWebServer$2 execute
INFO: MockWebServer[58698] starting to accept connections
Jul 05, 2015 7:55:47 PM com.squareup.okhttp.mockwebserver.MockWebServer$2 acceptConnections
INFO: MockWebServer[58698] done accepting connections: Socket closed
Jul 05, 2015 7:55:47 PM com.squareup.okhttp.mockwebserver.MockWebServer$2 execute
INFO: MockWebServer[52928] starting to accept connections
Jul 05, 2015 7:55:47 PM com.squareup.okhttp.mockwebserver.MockWebServer$2 acceptConnections
INFO: MockWebServer[52928] done accepting connections: Socket closed
Jul 05, 2015 7:55:47 PM com.squareup.okhttp.mockwebserver.MockWebServer$2 execute
INFO: MockWebServer[56809] starting to accept connections
Jul 05, 2015 7:55:47 PM com.squareup.okhttp.mockwebserver.MockWebServer$2 acceptConnections
INFO: MockWebServer[56809] done accepting connections: Socket closed
Jul 05, 2015 7:55:47 PM com.squareup.okhttp.mockwebserver.MockWebServer$3 processOneRequest
INFO: MockWebServer[56809] received request: GET / HTTP/1.1 and responded: HTTP/1.1 200 OK
Jul 05, 2015 7:55:47 PM com.squareup.okhttp.mockwebserver.MockWebServer$2 execute
INFO: MockWebServer[52447] starting to accept connections
Jul 05, 2015 7:55:47 PM com.squareup.okhttp.mockwebserver.MockWebServer$2 acceptConnections
INFO: MockWebServer[52447] done accepting connections: Socket is closed
Jul 05, 2015 7:55:47 PM com.squareup.okhttp.mockwebserver.MockWebServer$2 execute
INFO: MockWebServer[55490] starting to accept connections
Jul 05, 2015 7:55:47 PM com.squareup.okhttp.mockwebserver.MockWebServer$3 processOneRequest
INFO: MockWebServer[55490] received request: GET / HTTP/1.1 and responded: HTTP/1.1 404 OK
Jul 05, 2015 7:55:47 PM com.squareup.okhttp.mockwebserver.MockWebServer$2 acceptConnections
INFO: MockWebServer[55490] done accepting connections: Socket closed
Jul 05, 2015 7:55:47 PM com.squareup.okhttp.mockwebserver.MockWebServer$2 execute
INFO: MockWebServer[51723] starting to accept connections
Jul 05, 2015 7:55:47 PM com.squareup.okhttp.mockwebserver.MockWebServer$3 processOneRequest
INFO: MockWebServer[51723] received request: POST / HTTP/1.1 and responded: HTTP/1.1 200 OK
Jul 05, 2015 7:55:47 PM com.squareup.okhttp.mockwebserver.MockWebServer$2 acceptConnections
INFO: MockWebServer[51723] done accepting connections: Socket closed
Jul 05, 2015 7:55:47 PM com.squareup.okhttp.mockwebserver.MockWebServer$2 execute
INFO: MockWebServer[60077] starting to accept connections
Jul 05, 2015 7:55:47 PM com.squareup.okhttp.mockwebserver.MockWebServer$3 processOneRequest
INFO: MockWebServer[60077] received request: GET / HTTP/1.1 and responded: HTTP/1.1 204 Nothin
Jul 05, 2015 7:55:47 PM com.squareup.okhttp.mockwebserver.MockWebServer$2 acceptConnections
INFO: MockWebServer[60077] done accepting connections: Socket closed
Jul 05, 2015 7:55:47 PM com.squareup.okhttp.mockwebserver.MockWebServer$2 execute
INFO: MockWebServer[46722] starting to accept connections
Jul 05, 2015 7:55:47 PM com.squareup.okhttp.mockwebserver.MockWebServer$3 processOneRequest
INFO: MockWebServer[46722] received request: GET / HTTP/1.1 and responded: HTTP/1.1 200 OK
Jul 05, 2015 7:55:47 PM com.squareup.okhttp.mockwebserver.MockWebServer$2 acceptConnections
INFO: MockWebServer[46722] done accepting connections: Socket closed
Jul 05, 2015 7:55:47 PM com.squareup.okhttp.mockwebserver.MockWebServer$2 execute
INFO: MockWebServer[59075] starting to accept connections
Jul 05, 2015 7:55:47 PM com.squareup.okhttp.mockwebserver.MockWebServer$2 acceptConnections
INFO: MockWebServer[59075] done accepting connections: Socket closed
Jul 05, 2015 7:55:47 PM com.squareup.okhttp.mockwebserver.MockWebServer$3 processOneRequest
INFO: MockWebServer[59075] received request: GET / HTTP/1.1 and responded: HTTP/1.1 200 OK
Jul 05, 2015 7:55:47 PM com.squareup.okhttp.mockwebserver.MockWebServer$2 execute
INFO: MockWebServer[38982] starting to accept connections
Jul 05, 2015 7:55:47 PM com.squareup.okhttp.mockwebserver.MockWebServer$2 acceptConnections
INFO: MockWebServer[38982] done accepting connections: Socket closed
Jul 05, 2015 7:55:47 PM com.squareup.okhttp.mockwebserver.MockWebServer$3 processOneRequest
INFO: MockWebServer[38982] received request: POST / HTTP/1.1 and responded: HTTP/1.1 200 OK
Jul 05, 2015 7:55:47 PM com.squareup.okhttp.mockwebserver.MockWebServer$2 execute
INFO: MockWebServer[34740] starting to accept connections
Jul 05, 2015 7:55:47 PM com.squareup.okhttp.mockwebserver.MockWebServer$2 acceptConnections
INFO: MockWebServer[34740] done accepting connections: Socket is closed
Jul 05, 2015 7:55:47 PM com.squareup.okhttp.mockwebserver.MockWebServer$2 execute
INFO: MockWebServer[41123] starting to accept connections
Jul 05, 2015 7:55:47 PM com.squareup.okhttp.mockwebserver.MockWebServer$2 acceptConnections
INFO: MockWebServer[41123] done accepting connections: Socket closed
Jul 05, 2015 7:55:47 PM com.squareup.okhttp.mockwebserver.MockWebServer$3 processOneRequest
INFO: MockWebServer[41123] received request: GET / HTTP/1.1 and responded: HTTP/1.1 200 OK
Jul 05, 2015 7:55:47 PM com.squareup.okhttp.mockwebserver.MockWebServer$2 execute
INFO: MockWebServer[50009] starting to accept connections
Jul 05, 2015 7:55:47 PM com.squareup.okhttp.mockwebserver.MockWebServer$2 acceptConnections
INFO: MockWebServer[50009] done accepting connections: Socket closed
Jul 05, 2015 7:55:47 PM com.squareup.okhttp.mockwebserver.MockWebServer$3 processOneRequest
INFO: MockWebServer[50009] received request: GET / HTTP/1.1 and responded: HTTP/1.1 200 OK
Jul 05, 2015 7:55:47 PM com.squareup.okhttp.mockwebserver.MockWebServer$2 execute
INFO: MockWebServer[57667] starting to accept connections
Jul 05, 2015 7:55:47 PM com.squareup.okhttp.mockwebserver.MockWebServer$2 acceptConnections
INFO: MockWebServer[57667] done accepting connections: Socket closed
Jul 05, 2015 7:55:47 PM com.squareup.okhttp.mockwebserver.MockWebServer$3 processOneRequest
INFO: MockWebServer[57667] received request: GET / HTTP/1.1 and responded: HTTP/1.1 205 Nothin
Jul 05, 2015 7:55:47 PM com.squareup.okhttp.mockwebserver.MockWebServer$2 execute
INFO: MockWebServer[53199] starting to accept connections
Jul 05, 2015 7:55:47 PM com.squareup.okhttp.mockwebserver.MockWebServer$3 processOneRequest
INFO: MockWebServer[53199] received request: GET / HTTP/1.1 and responded: HTTP/1.1 200 OK
Jul 05, 2015 7:55:47 PM com.squareup.okhttp.mockwebserver.MockWebServer$2 acceptConnections
INFO: MockWebServer[53199] done accepting connections: Socket closed
Jul 05, 2015 7:55:47 PM com.squareup.okhttp.mockwebserver.MockWebServer$2 execute
INFO: MockWebServer[53141] starting to accept connections
Jul 05, 2015 7:55:47 PM com.squareup.okhttp.mockwebserver.MockWebServer$3 processOneRequest
INFO: MockWebServer[53141] received request: GET / HTTP/1.1 and responded: HTTP/1.1 200 OK
Jul 05, 2015 7:55:47 PM com.squareup.okhttp.mockwebserver.MockWebServer$2 acceptConnections
INFO: MockWebServer[53141] done accepting connections: Socket closed
Jul 05, 2015 7:55:47 PM com.squareup.okhttp.mockwebserver.MockWebServer$2 execute
INFO: MockWebServer[41649] starting to accept connections
Jul 05, 2015 7:55:47 PM com.squareup.okhttp.mockwebserver.MockWebServer$2 acceptConnections
INFO: MockWebServer[41649] done accepting connections: Socket is closed
Jul 05, 2015 7:55:47 PM com.squareup.okhttp.mockwebserver.MockWebServer$2 execute
INFO: MockWebServer[59002] starting to accept connections
Jul 05, 2015 7:55:47 PM com.squareup.okhttp.mockwebserver.MockWebServer$2 acceptConnections
INFO: MockWebServer[59002] done accepting connections: Socket is closed
Jul 05, 2015 7:55:47 PM com.squareup.okhttp.mockwebserver.MockWebServer$2 execute
INFO: MockWebServer[33081] starting to accept connections
Jul 05, 2015 7:55:47 PM com.squareup.okhttp.mockwebserver.MockWebServer$3 processOneRequest
INFO: MockWebServer[33081] received request: GET / HTTP/1.1 and responded: HTTP/1.1 200 OK
Jul 05, 2015 7:55:47 PM com.squareup.okhttp.mockwebserver.MockWebServer$2 acceptConnections
INFO: MockWebServer[33081] done accepting connections: Socket closed
Jul 05, 2015 7:55:47 PM com.squareup.okhttp.mockwebserver.MockWebServer$2 execute
INFO: MockWebServer[48486] starting to accept connections
Jul 05, 2015 7:55:47 PM com.squareup.okhttp.mockwebserver.MockWebServer$3 processOneRequest
INFO: MockWebServer[48486] received request: GET / HTTP/1.1 and responded: HTTP/1.1 200 OK
Jul 05, 2015 7:55:47 PM com.squareup.okhttp.mockwebserver.MockWebServer$2 acceptConnections
INFO: MockWebServer[48486] done accepting connections: Socket closed
Tests run: 22, Failures: 0, Errors: 0, Skipped: 0, Time elapsed: 0.545 sec
Running retrofit.RequestFactoryParserTest
Tests run: 1, Failures: 0, Errors: 0, Skipped: 0, Time elapsed: 0.008 sec
Running retrofit.RetrofitTest
Jul 05, 2015 7:55:47 PM com.squareup.okhttp.mockwebserver.MockWebServer$2 execute
INFO: MockWebServer[36358] starting to accept connections
Jul 05, 2015 7:55:47 PM com.squareup.okhttp.mockwebserver.MockWebServer$2 acceptConnections
INFO: MockWebServer[36358] done accepting connections: Socket closed
Jul 05, 2015 7:55:47 PM com.squareup.okhttp.mockwebserver.MockWebServer$2 execute
INFO: MockWebServer[54925] starting to accept connections
Jul 05, 2015 7:55:47 PM com.squareup.okhttp.mockwebserver.MockWebServer$2 acceptConnections
INFO: MockWebServer[54925] done accepting connections: Socket is closed
Jul 05, 2015 7:55:47 PM com.squareup.okhttp.mockwebserver.MockWebServer$2 execute
INFO: MockWebServer[60034] starting to accept connections
Jul 05, 2015 7:55:47 PM com.squareup.okhttp.mockwebserver.MockWebServer$2 acceptConnections
INFO: MockWebServer[60034] done accepting connections: Socket is closed
Jul 05, 2015 7:55:47 PM com.squareup.okhttp.mockwebserver.MockWebServer$2 execute
INFO: MockWebServer[49155] starting to accept connections
Jul 05, 2015 7:55:47 PM com.squareup.okhttp.mockwebserver.MockWebServer$2 acceptConnections
INFO: MockWebServer[49155] done accepting connections: Socket is closed
Jul 05, 2015 7:55:47 PM com.squareup.okhttp.mockwebserver.MockWebServer$2 execute
INFO: MockWebServer[39797] starting to accept connections
Jul 05, 2015 7:55:47 PM com.squareup.okhttp.mockwebserver.MockWebServer$2 acceptConnections
INFO: MockWebServer[39797] done accepting connections: Socket is closed
Jul 05, 2015 7:55:47 PM com.squareup.okhttp.mockwebserver.MockWebServer$2 execute
INFO: MockWebServer[34250] starting to accept connections
Jul 05, 2015 7:55:47 PM com.squareup.okhttp.mockwebserver.MockWebServer$2 acceptConnections
INFO: MockWebServer[34250] done accepting connections: Socket closed
Jul 05, 2015 7:55:47 PM com.squareup.okhttp.mockwebserver.MockWebServer$2 execute
INFO: MockWebServer[34334] starting to accept connections
Jul 05, 2015 7:55:47 PM com.squareup.okhttp.mockwebserver.MockWebServer$3 processOneRequest
INFO: MockWebServer[34334] received request: GET / HTTP/1.1 and responded: HTTP/1.1 200 OK
Jul 05, 2015 7:55:47 PM com.squareup.okhttp.mockwebserver.MockWebServer$2 acceptConnections
INFO: MockWebServer[34334] done accepting connections: Socket closed
Jul 05, 2015 7:55:47 PM com.squareup.okhttp.mockwebserver.MockWebServer$2 execute
INFO: MockWebServer[46647] starting to accept connections
Jul 05, 2015 7:55:47 PM com.squareup.okhttp.mockwebserver.MockWebServer$2 acceptConnections
INFO: MockWebServer[46647] done accepting connections: Socket is closed
Jul 05, 2015 7:55:47 PM com.squareup.okhttp.mockwebserver.MockWebServer$2 execute
INFO: MockWebServer[34791] starting to accept connections
Jul 05, 2015 7:55:47 PM com.squareup.okhttp.mockwebserver.MockWebServer$2 acceptConnections
INFO: MockWebServer[34791] done accepting connections: Socket closed
Jul 05, 2015 7:55:47 PM com.squareup.okhttp.mockwebserver.MockWebServer$2 execute
INFO: MockWebServer[40338] starting to accept connections
Jul 05, 2015 7:55:47 PM com.squareup.okhttp.mockwebserver.MockWebServer$3 processOneRequest
INFO: MockWebServer[40338] received request: POST / HTTP/1.1 and responded: HTTP/1.1 200 OK
Jul 05, 2015 7:55:47 PM com.squareup.okhttp.mockwebserver.MockWebServer$2 acceptConnections
INFO: MockWebServer[40338] done accepting connections: Socket closed
Jul 05, 2015 7:55:47 PM com.squareup.okhttp.mockwebserver.MockWebServer$2 execute
INFO: MockWebServer[59184] starting to accept connections
Jul 05, 2015 7:55:47 PM com.squareup.okhttp.mockwebserver.MockWebServer$2 acceptConnections
INFO: MockWebServer[59184] done accepting connections: Socket is closed
Jul 05, 2015 7:55:47 PM com.squareup.okhttp.mockwebserver.MockWebServer$2 execute
INFO: MockWebServer[39592] starting to accept connections
Jul 05, 2015 7:55:47 PM com.squareup.okhttp.mockwebserver.MockWebServer$2 acceptConnections
INFO: MockWebServer[39592] done accepting connections: Socket is closed
Jul 05, 2015 7:55:47 PM com.squareup.okhttp.mockwebserver.MockWebServer$2 execute
INFO: MockWebServer[57863] starting to accept connections
Jul 05, 2015 7:55:47 PM com.squareup.okhttp.mockwebserver.MockWebServer$2 acceptConnections
INFO: MockWebServer[57863] done accepting connections: Socket is closed
Jul 05, 2015 7:55:47 PM com.squareup.okhttp.mockwebserver.MockWebServer$2 execute
INFO: MockWebServer[36681] starting to accept connections
Jul 05, 2015 7:55:47 PM com.squareup.okhttp.mockwebserver.MockWebServer$3 processOneRequest
INFO: MockWebServer[36681] received request: GET / HTTP/1.1 and responded: HTTP/1.1 200 OK
Jul 05, 2015 7:55:47 PM com.squareup.okhttp.mockwebserver.MockWebServer$2 acceptConnections
INFO: MockWebServer[36681] done accepting connections: Socket closed
Jul 05, 2015 7:55:47 PM com.squareup.okhttp.mockwebserver.MockWebServer$2 execute
INFO: MockWebServer[54682] starting to accept connections
Jul 05, 2015 7:55:47 PM com.squareup.okhttp.mockwebserver.MockWebServer$2 acceptConnections
INFO: MockWebServer[54682] done accepting connections: Socket closed
Jul 05, 2015 7:55:47 PM com.squareup.okhttp.mockwebserver.MockWebServer$2 execute
INFO: MockWebServer[53544] starting to accept connections
Jul 05, 2015 7:55:47 PM com.squareup.okhttp.mockwebserver.MockWebServer$2 acceptConnections
INFO: MockWebServer[53544] done accepting connections: Socket is closed
Jul 05, 2015 7:55:47 PM com.squareup.okhttp.mockwebserver.MockWebServer$2 execute
INFO: MockWebServer[54974] starting to accept connections
Jul 05, 2015 7:55:47 PM com.squareup.okhttp.mockwebserver.MockWebServer$2 acceptConnections
INFO: MockWebServer[54974] done accepting connections: Socket is closed
Jul 05, 2015 7:55:47 PM com.squareup.okhttp.mockwebserver.MockWebServer$2 execute
INFO: MockWebServer[37354] starting to accept connections
Jul 05, 2015 7:55:47 PM com.squareup.okhttp.mockwebserver.MockWebServer$2 acceptConnections
INFO: MockWebServer[37354] done accepting connections: Socket is closed
Jul 05, 2015 7:55:47 PM com.squareup.okhttp.mockwebserver.MockWebServer$2 execute
INFO: MockWebServer[44907] starting to accept connections
Jul 05, 2015 7:55:47 PM com.squareup.okhttp.mockwebserver.MockWebServer$2 acceptConnections
INFO: MockWebServer[44907] done accepting connections: Socket is closed
Jul 05, 2015 7:55:47 PM com.squareup.okhttp.mockwebserver.MockWebServer$2 execute
INFO: MockWebServer[49214] starting to accept connections
Jul 05, 2015 7:55:47 PM com.squareup.okhttp.mockwebserver.MockWebServer$2 acceptConnections
INFO: MockWebServer[49214] done accepting connections: Socket closed
Jul 05, 2015 7:55:47 PM com.squareup.okhttp.mockwebserver.MockWebServer$2 execute
INFO: MockWebServer[58850] starting to accept connections
Jul 05, 2015 7:55:47 PM com.squareup.okhttp.mockwebserver.MockWebServer$2 acceptConnections
INFO: MockWebServer[58850] done accepting connections: Socket is closed
Jul 05, 2015 7:55:47 PM com.squareup.okhttp.mockwebserver.MockWebServer$2 execute
INFO: MockWebServer[49229] starting to accept connections
Jul 05, 2015 7:55:47 PM com.squareup.okhttp.mockwebserver.MockWebServer$2 acceptConnections
INFO: MockWebServer[49229] done accepting connections: Socket is closed
Jul 05, 2015 7:55:47 PM com.squareup.okhttp.mockwebserver.MockWebServer$2 execute
INFO: MockWebServer[39712] starting to accept connections
Jul 05, 2015 7:55:47 PM com.squareup.okhttp.mockwebserver.MockWebServer$2 acceptConnections
INFO: MockWebServer[39712] done accepting connections: Socket is closed
Jul 05, 2015 7:55:47 PM com.squareup.okhttp.mockwebserver.MockWebServer$2 execute
INFO: MockWebServer[48794] starting to accept connections
Jul 05, 2015 7:55:47 PM com.squareup.okhttp.mockwebserver.MockWebServer$2 acceptConnections
INFO: MockWebServer[48794] done accepting connections: Socket is closed
Jul 05, 2015 7:55:47 PM com.squareup.okhttp.mockwebserver.MockWebServer$2 execute
INFO: MockWebServer[57782] starting to accept connections
Jul 05, 2015 7:55:47 PM com.squareup.okhttp.mockwebserver.MockWebServer$2 acceptConnections
INFO: MockWebServer[57782] done accepting connections: Socket is closed
Jul 05, 2015 7:55:47 PM com.squareup.okhttp.mockwebserver.MockWebServer$2 execute
INFO: MockWebServer[49207] starting to accept connections
Jul 05, 2015 7:55:47 PM com.squareup.okhttp.mockwebserver.MockWebServer$2 acceptConnections
INFO: MockWebServer[49207] done accepting connections: Socket is closed
Jul 05, 2015 7:55:47 PM com.squareup.okhttp.mockwebserver.MockWebServer$2 execute
INFO: MockWebServer[47944] starting to accept connections
Jul 05, 2015 7:55:47 PM com.squareup.okhttp.mockwebserver.MockWebServer$2 acceptConnections
INFO: MockWebServer[47944] done accepting connections: Socket is closed
Jul 05, 2015 7:55:47 PM com.squareup.okhttp.mockwebserver.MockWebServer$2 execute
INFO: MockWebServer[56015] starting to accept connections
Jul 05, 2015 7:55:47 PM com.squareup.okhttp.mockwebserver.MockWebServer$2 acceptConnections
INFO: MockWebServer[56015] done accepting connections: Socket is closed
Jul 05, 2015 7:55:47 PM com.squareup.okhttp.mockwebserver.MockWebServer$2 execute
INFO: MockWebServer[51135] starting to accept connections
Jul 05, 2015 7:55:47 PM com.squareup.okhttp.mockwebserver.MockWebServer$2 acceptConnections
INFO: MockWebServer[51135] done accepting connections: Socket is closed
Jul 05, 2015 7:55:47 PM com.squareup.okhttp.mockwebserver.MockWebServer$2 execute
INFO: MockWebServer[48527] starting to accept connections
Jul 05, 2015 7:55:47 PM com.squareup.okhttp.mockwebserver.MockWebServer$2 acceptConnections
INFO: MockWebServer[48527] done accepting connections: Socket is closed
Jul 05, 2015 7:55:47 PM com.squareup.okhttp.mockwebserver.MockWebServer$2 execute
INFO: MockWebServer[47910] starting to accept connections
Jul 05, 2015 7:55:47 PM com.squareup.okhttp.mockwebserver.MockWebServer$2 acceptConnections
INFO: MockWebServer[47910] done accepting connections: Socket is closed
Jul 05, 2015 7:55:47 PM com.squareup.okhttp.mockwebserver.MockWebServer$2 execute
INFO: MockWebServer[55299] starting to accept connections
Jul 05, 2015 7:55:47 PM com.squareup.okhttp.mockwebserver.MockWebServer$2 acceptConnections
INFO: MockWebServer[55299] done accepting connections: Socket closed
Jul 05, 2015 7:55:47 PM com.squareup.okhttp.mockwebserver.MockWebServer$2 execute
INFO: MockWebServer[45843] starting to accept connections
Jul 05, 2015 7:55:47 PM com.squareup.okhttp.mockwebserver.MockWebServer$2 acceptConnections
INFO: MockWebServer[45843] done accepting connections: Socket is closed
Tests run: 33, Failures: 0, Errors: 0, Skipped: 0, Time elapsed: 0.276 sec

Results :

Tests run: 160, Failures: 0, Errors: 0, Skipped: 2

[INFO]                                                                         
[INFO] ------------------------------------------------------------------------
[INFO] Building Adapters 2.0.0-SNAPSHOT
[INFO] ------------------------------------------------------------------------
[INFO] 
[INFO] --- maven-enforcer-plugin:1.0:enforce (enforce-maven) @ retrofit-adapters ---
[INFO]                                                                         
[INFO] ------------------------------------------------------------------------
[INFO] Building Adapter: RxJava 2.0.0-SNAPSHOT
[INFO] ------------------------------------------------------------------------
[INFO] 
[INFO] --- maven-enforcer-plugin:1.0:enforce (enforce-maven) @ adapter-rxjava ---
[INFO] 
[INFO] --- maven-resources-plugin:2.6:resources (default-resources) @ adapter-rxjava ---
[INFO] Using 'UTF-8' encoding to copy filtered resources.
[INFO] skip non existing resourceDirectory /home/travis/build/square/retrofit/retrofit-adapters/rxjava/src/main/resources
[INFO] 
[INFO] --- maven-compiler-plugin:3.0:compile (default-compile) @ adapter-rxjava ---
[INFO] Changes detected - recompiling the module!
[INFO] Compiling 2 source files to /home/travis/build/square/retrofit/retrofit-adapters/rxjava/target/classes
[INFO] 
[INFO] --- maven-resources-plugin:2.6:testResources (default-testResources) @ adapter-rxjava ---
[INFO] Using 'UTF-8' encoding to copy filtered resources.
[INFO] skip non existing resourceDirectory /home/travis/build/square/retrofit/retrofit-adapters/rxjava/src/test/resources
[INFO] 
[INFO] --- maven-compiler-plugin:3.0:testCompile (default-testCompile) @ adapter-rxjava ---
[INFO] Changes detected - recompiling the module!
[INFO] Compiling 2 source files to /home/travis/build/square/retrofit/retrofit-adapters/rxjava/target/test-classes
[INFO] 
[INFO] --- maven-surefire-plugin:2.12.4:test (default-test) @ adapter-rxjava ---
[INFO] Surefire report directory: /home/travis/build/square/retrofit/retrofit-adapters/rxjava/target/surefire-reports

-------------------------------------------------------
 T E S T S
-------------------------------------------------------
Running retrofit.ResultTest
Tests run: 4, Failures: 0, Errors: 0, Skipped: 0, Time elapsed: 0.132 sec
Running retrofit.ObservableCallAdapterFactoryTest
Jul 05, 2015 7:55:48 PM com.squareup.okhttp.mockwebserver.MockWebServer$2 execute
INFO: MockWebServer[42816] starting to accept connections
Jul 05, 2015 7:55:49 PM com.squareup.okhttp.mockwebserver.MockWebServer$3 processConnection
WARNING: MockWebServer[42816] connection from /127.0.0.1 didn't make a request
Jul 05, 2015 7:55:49 PM com.squareup.okhttp.mockwebserver.MockWebServer$2 acceptConnections
INFO: MockWebServer[42816] done accepting connections: Socket closed
Jul 05, 2015 7:55:49 PM com.squareup.okhttp.mockwebserver.MockWebServer$2 execute
INFO: MockWebServer[35370] starting to accept connections
Jul 05, 2015 7:55:49 PM com.squareup.okhttp.mockwebserver.MockWebServer$3 processOneRequest
INFO: MockWebServer[35370] received request: GET / HTTP/1.1 and responded: HTTP/1.1 200 OK
Jul 05, 2015 7:55:49 PM com.squareup.okhttp.mockwebserver.MockWebServer$2 acceptConnections
INFO: MockWebServer[35370] done accepting connections: Socket closed
Jul 05, 2015 7:55:49 PM com.squareup.okhttp.mockwebserver.MockWebServer$2 execute
INFO: MockWebServer[58027] starting to accept connections
Jul 05, 2015 7:55:49 PM com.squareup.okhttp.mockwebserver.MockWebServer$2 acceptConnections
INFO: MockWebServer[58027] done accepting connections: Socket closed
Jul 05, 2015 7:55:49 PM com.squareup.okhttp.mockwebserver.MockWebServer$3 processOneRequest
INFO: MockWebServer[58027] received request: GET / HTTP/1.1 and responded: HTTP/1.1 404 OK
Jul 05, 2015 7:55:49 PM com.squareup.okhttp.mockwebserver.MockWebServer$2 execute
INFO: MockWebServer[58160] starting to accept connections
Jul 05, 2015 7:55:49 PM com.squareup.okhttp.mockwebserver.MockWebServer$2 acceptConnections
INFO: MockWebServer[58160] done accepting connections: Socket closed
Jul 05, 2015 7:55:49 PM com.squareup.okhttp.mockwebserver.MockWebServer$2 execute
INFO: MockWebServer[34146] starting to accept connections
Jul 05, 2015 7:55:49 PM com.squareup.okhttp.mockwebserver.MockWebServer$3 processConnection
WARNING: MockWebServer[34146] connection from /127.0.0.1 didn't make a request
Jul 05, 2015 7:55:49 PM com.squareup.okhttp.mockwebserver.MockWebServer$2 acceptConnections
INFO: MockWebServer[34146] done accepting connections: Socket closed
Jul 05, 2015 7:55:49 PM com.squareup.okhttp.mockwebserver.MockWebServer$2 execute
INFO: MockWebServer[47352] starting to accept connections
Jul 05, 2015 7:55:49 PM com.squareup.okhttp.mockwebserver.MockWebServer$3 processOneRequest
INFO: MockWebServer[47352] received request: GET / HTTP/1.1 and responded: HTTP/1.1 200 OK
Jul 05, 2015 7:55:49 PM com.squareup.okhttp.mockwebserver.MockWebServer$2 acceptConnections
INFO: MockWebServer[47352] done accepting connections: Socket closed
Jul 05, 2015 7:55:49 PM com.squareup.okhttp.mockwebserver.MockWebServer$2 execute
INFO: MockWebServer[56158] starting to accept connections
Jul 05, 2015 7:55:49 PM com.squareup.okhttp.mockwebserver.MockWebServer$3 processOneRequest
INFO: MockWebServer[56158] received request: GET / HTTP/1.1 and responded: HTTP/1.1 404 OK
Jul 05, 2015 7:55:49 PM com.squareup.okhttp.mockwebserver.MockWebServer$2 acceptConnections
INFO: MockWebServer[56158] done accepting connections: Socket closed
Jul 05, 2015 7:55:49 PM com.squareup.okhttp.mockwebserver.MockWebServer$2 execute
INFO: MockWebServer[58851] starting to accept connections
Jul 05, 2015 7:55:49 PM com.squareup.okhttp.mockwebserver.MockWebServer$2 acceptConnections
INFO: MockWebServer[58851] done accepting connections: Socket is closed
Jul 05, 2015 7:55:49 PM com.squareup.okhttp.mockwebserver.MockWebServer$2 execute
INFO: MockWebServer[49509] starting to accept connections
Jul 05, 2015 7:55:49 PM com.squareup.okhttp.mockwebserver.MockWebServer$2 acceptConnections
INFO: MockWebServer[49509] done accepting connections: Socket closed
Jul 05, 2015 7:55:49 PM com.squareup.okhttp.mockwebserver.MockWebServer$3 processConnection
WARNING: MockWebServer[49509] connection from /127.0.0.1 didn't make a request
Jul 05, 2015 7:55:49 PM com.squareup.okhttp.mockwebserver.MockWebServer$2 execute
INFO: MockWebServer[45200] starting to accept connections
Jul 05, 2015 7:55:49 PM com.squareup.okhttp.mockwebserver.MockWebServer$2 acceptConnections
INFO: MockWebServer[45200] done accepting connections: Socket is closed
Jul 05, 2015 7:55:49 PM com.squareup.okhttp.mockwebserver.MockWebServer$2 execute
INFO: MockWebServer[43549] starting to accept connections
Jul 05, 2015 7:55:49 PM com.squareup.okhttp.mockwebserver.MockWebServer$2 acceptConnections
INFO: MockWebServer[43549] done accepting connections: Socket is closed
Jul 05, 2015 7:55:49 PM com.squareup.okhttp.mockwebserver.MockWebServer$2 execute
INFO: MockWebServer[47013] starting to accept connections
Jul 05, 2015 7:55:49 PM com.squareup.okhttp.mockwebserver.MockWebServer$3 processOneRequest
INFO: MockWebServer[47013] received request: GET / HTTP/1.1 and responded: HTTP/1.1 200 OK
Jul 05, 2015 7:55:49 PM com.squareup.okhttp.mockwebserver.MockWebServer$2 acceptConnections
INFO: MockWebServer[47013] done accepting connections: Socket closed
Jul 05, 2015 7:55:49 PM com.squareup.okhttp.mockwebserver.MockWebServer$2 execute
INFO: MockWebServer[53234] starting to accept connections
Jul 05, 2015 7:55:49 PM com.squareup.okhttp.mockwebserver.MockWebServer$3 processOneRequest
INFO: MockWebServer[53234] received request: GET / HTTP/1.1 and responded: HTTP/1.1 404 OK
Jul 05, 2015 7:55:49 PM com.squareup.okhttp.mockwebserver.MockWebServer$2 acceptConnections
INFO: MockWebServer[53234] done accepting connections: Socket closed
Jul 05, 2015 7:55:49 PM com.squareup.okhttp.mockwebserver.MockWebServer$2 execute
INFO: MockWebServer[59649] starting to accept connections
Jul 05, 2015 7:55:49 PM com.squareup.okhttp.mockwebserver.MockWebServer$2 acceptConnections
INFO: MockWebServer[59649] done accepting connections: Socket is closed
Tests run: 14, Failures: 0, Errors: 0, Skipped: 0, Time elapsed: 0.536 sec

Results :

Tests run: 18, Failures: 0, Errors: 0, Skipped: 0

[INFO]                                                                         
[INFO] ------------------------------------------------------------------------
[INFO] Building Converters 2.0.0-SNAPSHOT
[INFO] ------------------------------------------------------------------------
[INFO] 
[INFO] --- maven-enforcer-plugin:1.0:enforce (enforce-maven) @ retrofit-converters ---
[INFO]                                                                         
[INFO] ------------------------------------------------------------------------
[INFO] Building Converter: Gson 2.0.0-SNAPSHOT
[INFO] ------------------------------------------------------------------------
[INFO] 
[INFO] --- maven-enforcer-plugin:1.0:enforce (enforce-maven) @ converter-gson ---
[INFO] 
[INFO] --- maven-resources-plugin:2.6:resources (default-resources) @ converter-gson ---
[INFO] Using 'UTF-8' encoding to copy filtered resources.
[INFO] skip non existing resourceDirectory /home/travis/build/square/retrofit/retrofit-converters/gson/src/main/resources
[INFO] 
[INFO] --- maven-compiler-plugin:3.0:compile (default-compile) @ converter-gson ---
[INFO] Changes detected - recompiling the module!
[INFO] Compiling 2 source files to /home/travis/build/square/retrofit/retrofit-converters/gson/target/classes
[INFO] 
[INFO] --- maven-resources-plugin:2.6:testResources (default-testResources) @ converter-gson ---
[INFO] Using 'UTF-8' encoding to copy filtered resources.
[INFO] skip non existing resourceDirectory /home/travis/build/square/retrofit/retrofit-converters/gson/src/test/resources
[INFO] 
[INFO] --- maven-compiler-plugin:3.0:testCompile (default-testCompile) @ converter-gson ---
[INFO] Changes detected - recompiling the module!
[INFO] Compiling 1 source file to /home/travis/build/square/retrofit/retrofit-converters/gson/target/test-classes
[INFO] 
[INFO] --- maven-surefire-plugin:2.12.4:test (default-test) @ converter-gson ---
[INFO] Surefire report directory: /home/travis/build/square/retrofit/retrofit-converters/gson/target/surefire-reports

-------------------------------------------------------
 T E S T S
-------------------------------------------------------
Running retrofit.GsonConverterFactoryTest
Jul 05, 2015 7:55:49 PM com.squareup.okhttp.mockwebserver.MockWebServer$2 execute
INFO: MockWebServer[43130] starting to accept connections
Jul 05, 2015 7:55:50 PM com.squareup.okhttp.mockwebserver.MockWebServer$3 processOneRequest
INFO: MockWebServer[43130] received request: POST / HTTP/1.1 and responded: HTTP/1.1 200 OK
Jul 05, 2015 7:55:50 PM com.squareup.okhttp.mockwebserver.MockWebServer$2 acceptConnections
INFO: MockWebServer[43130] done accepting connections: Socket closed
Jul 05, 2015 7:55:50 PM com.squareup.okhttp.mockwebserver.MockWebServer$2 execute
INFO: MockWebServer[51500] starting to accept connections
Jul 05, 2015 7:55:50 PM com.squareup.okhttp.mockwebserver.MockWebServer$3 processOneRequest
INFO: MockWebServer[51500] received request: POST / HTTP/1.1 and responded: HTTP/1.1 200 OK
Jul 05, 2015 7:55:50 PM com.squareup.okhttp.mockwebserver.MockWebServer$2 acceptConnections
INFO: MockWebServer[51500] done accepting connections: Socket closed
Tests run: 2, Failures: 0, Errors: 0, Skipped: 0, Time elapsed: 0.506 sec

Results :

Tests run: 2, Failures: 0, Errors: 0, Skipped: 0

[INFO]                                                                         
[INFO] ------------------------------------------------------------------------
[INFO] Building Converter: Protocol Buffers 2.0.0-SNAPSHOT
[INFO] ------------------------------------------------------------------------
[INFO] 
[INFO] --- maven-enforcer-plugin:1.0:enforce (enforce-maven) @ converter-protobuf ---
[INFO] 
[INFO] --- maven-resources-plugin:2.6:resources (default-resources) @ converter-protobuf ---
[INFO] Using 'UTF-8' encoding to copy filtered resources.
[INFO] skip non existing resourceDirectory /home/travis/build/square/retrofit/retrofit-converters/protobuf/src/main/resources
[INFO] 
[INFO] --- maven-compiler-plugin:3.0:compile (default-compile) @ converter-protobuf ---
[INFO] Changes detected - recompiling the module!
[INFO] Compiling 2 source files to /home/travis/build/square/retrofit/retrofit-converters/protobuf/target/classes
[WARNING] /home/travis/build/square/retrofit/retrofit-converters/protobuf/src/main/java/retrofit/ProtoConverterFactory.java: /home/travis/build/square/retrofit/retrofit-converters/protobuf/src/main/java/retrofit/ProtoConverterFactory.java uses unchecked or unsafe operations.
[WARNING] /home/travis/build/square/retrofit/retrofit-converters/protobuf/src/main/java/retrofit/ProtoConverterFactory.java: Recompile with -Xlint:unchecked for details.
[INFO] 
[INFO] --- maven-resources-plugin:2.6:testResources (default-testResources) @ converter-protobuf ---
[INFO] Using 'UTF-8' encoding to copy filtered resources.
[INFO] skip non existing resourceDirectory /home/travis/build/square/retrofit/retrofit-converters/protobuf/src/test/resources
[INFO] 
[INFO] --- maven-compiler-plugin:3.0:testCompile (default-testCompile) @ converter-protobuf ---
[INFO] Changes detected - recompiling the module!
[INFO] Compiling 2 source files to /home/travis/build/square/retrofit/retrofit-converters/protobuf/target/test-classes
[INFO] 
[INFO] --- maven-surefire-plugin:2.12.4:test (default-test) @ converter-protobuf ---
[INFO] Surefire report directory: /home/travis/build/square/retrofit/retrofit-converters/protobuf/target/surefire-reports

-------------------------------------------------------
 T E S T S
-------------------------------------------------------
Running retrofit.ProtoConverterTest
Jul 05, 2015 7:55:51 PM com.squareup.okhttp.mockwebserver.MockWebServer$2 execute
INFO: MockWebServer[59447] starting to accept connections
Jul 05, 2015 7:55:51 PM com.squareup.okhttp.mockwebserver.MockWebServer$3 processOneRequest
INFO: MockWebServer[59447] received request: POST / HTTP/1.1 and responded: HTTP/1.1 200 OK
Jul 05, 2015 7:55:51 PM com.squareup.okhttp.mockwebserver.MockWebServer$2 acceptConnections
INFO: MockWebServer[59447] done accepting connections: Socket closed
Jul 05, 2015 7:55:51 PM com.squareup.okhttp.mockwebserver.MockWebServer$2 execute
INFO: MockWebServer[45407] starting to accept connections
Jul 05, 2015 7:55:51 PM com.squareup.okhttp.mockwebserver.MockWebServer$2 acceptConnections
INFO: MockWebServer[45407] done accepting connections: Socket is closed
Jul 05, 2015 7:55:51 PM com.squareup.okhttp.mockwebserver.MockWebServer$2 execute
INFO: MockWebServer[59422] starting to accept connections
Jul 05, 2015 7:55:51 PM com.squareup.okhttp.mockwebserver.MockWebServer$2 acceptConnections
INFO: MockWebServer[59422] done accepting connections: Socket closed
Jul 05, 2015 7:55:51 PM com.squareup.okhttp.mockwebserver.MockWebServer$3 processOneRequest
INFO: MockWebServer[59422] received request: GET / HTTP/1.1 and responded: HTTP/1.1 200 OK
Jul 05, 2015 7:55:51 PM com.squareup.okhttp.mockwebserver.MockWebServer$2 execute
INFO: MockWebServer[32984] starting to accept connections
Jul 05, 2015 7:55:51 PM com.squareup.okhttp.mockwebserver.MockWebServer$2 acceptConnections
INFO: MockWebServer[32984] done accepting connections: Socket is closed
Jul 05, 2015 7:55:51 PM com.squareup.okhttp.mockwebserver.MockWebServer$2 execute
INFO: MockWebServer[49147] starting to accept connections
Jul 05, 2015 7:55:51 PM com.squareup.okhttp.mockwebserver.MockWebServer$3 processOneRequest
INFO: MockWebServer[49147] received request: GET / HTTP/1.1 and responded: HTTP/1.1 200 OK
Jul 05, 2015 7:55:51 PM com.squareup.okhttp.mockwebserver.MockWebServer$2 acceptConnections
INFO: MockWebServer[49147] done accepting connections: Socket closed
Tests run: 5, Failures: 0, Errors: 0, Skipped: 0, Time elapsed: 0.699 sec

Results :

Tests run: 5, Failures: 0, Errors: 0, Skipped: 0

[INFO]                                                                         
[INFO] ------------------------------------------------------------------------
[INFO] Building Converter: Jackson 2.0.0-SNAPSHOT
[INFO] ------------------------------------------------------------------------
[INFO] 
[INFO] --- maven-enforcer-plugin:1.0:enforce (enforce-maven) @ converter-jackson ---
[INFO] 
[INFO] --- maven-resources-plugin:2.6:resources (default-resources) @ converter-jackson ---
[INFO] Using 'UTF-8' encoding to copy filtered resources.
[INFO] skip non existing resourceDirectory /home/travis/build/square/retrofit/retrofit-converters/jackson/src/main/resources
[INFO] 
[INFO] --- maven-compiler-plugin:3.0:compile (default-compile) @ converter-jackson ---
[INFO] Changes detected - recompiling the module!
[INFO] Compiling 2 source files to /home/travis/build/square/retrofit/retrofit-converters/jackson/target/classes
[INFO] 
[INFO] --- maven-resources-plugin:2.6:testResources (default-testResources) @ converter-jackson ---
[INFO] Using 'UTF-8' encoding to copy filtered resources.
[INFO] skip non existing resourceDirectory /home/travis/build/square/retrofit/retrofit-converters/jackson/src/test/resources
[INFO] 
[INFO] --- maven-compiler-plugin:3.0:testCompile (default-testCompile) @ converter-jackson ---
[INFO] Changes detected - recompiling the module!
[INFO] Compiling 1 source file to /home/travis/build/square/retrofit/retrofit-converters/jackson/target/test-classes
[INFO] 
[INFO] --- maven-surefire-plugin:2.12.4:test (default-test) @ converter-jackson ---
[INFO] Surefire report directory: /home/travis/build/square/retrofit/retrofit-converters/jackson/target/surefire-reports

-------------------------------------------------------
 T E S T S
-------------------------------------------------------
Running retrofit.JacksonConverterTest
Jul 05, 2015 7:55:52 PM com.squareup.okhttp.mockwebserver.MockWebServer$2 execute
INFO: MockWebServer[55875] starting to accept connections
Jul 05, 2015 7:55:52 PM com.squareup.okhttp.mockwebserver.MockWebServer$3 processOneRequest
INFO: MockWebServer[55875] received request: POST / HTTP/1.1 and responded: HTTP/1.1 200 OK
Jul 05, 2015 7:55:52 PM com.squareup.okhttp.mockwebserver.MockWebServer$2 acceptConnections
INFO: MockWebServer[55875] done accepting connections: Socket closed
Jul 05, 2015 7:55:52 PM com.squareup.okhttp.mockwebserver.MockWebServer$2 execute
INFO: MockWebServer[38153] starting to accept connections
Jul 05, 2015 7:55:52 PM com.squareup.okhttp.mockwebserver.MockWebServer$3 processOneRequest
INFO: MockWebServer[38153] received request: POST / HTTP/1.1 and responded: HTTP/1.1 200 OK
Jul 05, 2015 7:55:52 PM com.squareup.okhttp.mockwebserver.MockWebServer$2 acceptConnections
INFO: MockWebServer[38153] done accepting connections: Socket closed
Tests run: 2, Failures: 0, Errors: 0, Skipped: 0, Time elapsed: 0.655 sec

Results :

Tests run: 2, Failures: 0, Errors: 0, Skipped: 0

[INFO]                                                                         
[INFO] ------------------------------------------------------------------------
[INFO] Building Converter: Wire Protocol Buffers 2.0.0-SNAPSHOT
[INFO] ------------------------------------------------------------------------
[INFO] 
[INFO] --- maven-enforcer-plugin:1.0:enforce (enforce-maven) @ converter-wire ---
[INFO] 
[INFO] --- maven-resources-plugin:2.6:resources (default-resources) @ converter-wire ---
[INFO] Using 'UTF-8' encoding to copy filtered resources.
[INFO] skip non existing resourceDirectory /home/travis/build/square/retrofit/retrofit-converters/wire/src/main/resources
[INFO] 
[INFO] --- maven-compiler-plugin:3.0:compile (default-compile) @ converter-wire ---
[INFO] Changes detected - recompiling the module!
[INFO] Compiling 2 source files to /home/travis/build/square/retrofit/retrofit-converters/wire/target/classes
[WARNING] /home/travis/build/square/retrofit/retrofit-converters/wire/src/main/java/retrofit/WireConverterFactory.java: /home/travis/build/square/retrofit/retrofit-converters/wire/src/main/java/retrofit/WireConverterFactory.java uses unchecked or unsafe operations.
[WARNING] /home/travis/build/square/retrofit/retrofit-converters/wire/src/main/java/retrofit/WireConverterFactory.java: Recompile with -Xlint:unchecked for details.
[INFO] 
[INFO] --- maven-resources-plugin:2.6:testResources (default-testResources) @ converter-wire ---
[INFO] Using 'UTF-8' encoding to copy filtered resources.
[INFO] skip non existing resourceDirectory /home/travis/build/square/retrofit/retrofit-converters/wire/src/test/resources
[INFO] 
[INFO] --- maven-compiler-plugin:3.0:testCompile (default-testCompile) @ converter-wire ---
[INFO] Changes detected - recompiling the module!
[INFO] Compiling 2 source files to /home/travis/build/square/retrofit/retrofit-converters/wire/target/test-classes
[INFO] 
[INFO] --- maven-surefire-plugin:2.12.4:test (default-test) @ converter-wire ---
[INFO] Surefire report directory: /home/travis/build/square/retrofit/retrofit-converters/wire/target/surefire-reports

-------------------------------------------------------
 T E S T S
-------------------------------------------------------
Running retrofit.WireConverterTest
Jul 05, 2015 7:55:53 PM com.squareup.okhttp.mockwebserver.MockWebServer$2 execute
INFO: MockWebServer[57906] starting to accept connections
Jul 05, 2015 7:55:53 PM com.squareup.okhttp.mockwebserver.MockWebServer$3 processOneRequest
INFO: MockWebServer[57906] received request: POST / HTTP/1.1 and responded: HTTP/1.1 200 OK
Jul 05, 2015 7:55:53 PM com.squareup.okhttp.mockwebserver.MockWebServer$2 acceptConnections
INFO: MockWebServer[57906] done accepting connections: Socket closed
Jul 05, 2015 7:55:53 PM com.squareup.okhttp.mockwebserver.MockWebServer$2 execute
INFO: MockWebServer[46497] starting to accept connections
Jul 05, 2015 7:55:53 PM com.squareup.okhttp.mockwebserver.MockWebServer$2 acceptConnections
INFO: MockWebServer[46497] done accepting connections: Socket is closed
Jul 05, 2015 7:55:53 PM com.squareup.okhttp.mockwebserver.MockWebServer$2 execute
INFO: MockWebServer[46176] starting to accept connections
Jul 05, 2015 7:55:53 PM com.squareup.okhttp.mockwebserver.MockWebServer$3 processOneRequest
INFO: MockWebServer[46176] received request: GET / HTTP/1.1 and responded: HTTP/1.1 200 OK
Jul 05, 2015 7:55:53 PM com.squareup.okhttp.mockwebserver.MockWebServer$2 acceptConnections
INFO: MockWebServer[46176] done accepting connections: Socket closed
Jul 05, 2015 7:55:53 PM com.squareup.okhttp.mockwebserver.MockWebServer$2 execute
INFO: MockWebServer[34637] starting to accept connections
Jul 05, 2015 7:55:53 PM com.squareup.okhttp.mockwebserver.MockWebServer$2 acceptConnections
INFO: MockWebServer[34637] done accepting connections: Socket is closed
Jul 05, 2015 7:55:53 PM com.squareup.okhttp.mockwebserver.MockWebServer$2 execute
INFO: MockWebServer[45858] starting to accept connections
Jul 05, 2015 7:55:53 PM com.squareup.okhttp.mockwebserver.MockWebServer$3 processOneRequest
INFO: MockWebServer[45858] received request: GET / HTTP/1.1 and responded: HTTP/1.1 200 OK
Jul 05, 2015 7:55:53 PM com.squareup.okhttp.mockwebserver.MockWebServer$2 acceptConnections
INFO: MockWebServer[45858] done accepting connections: Socket closed
Tests run: 5, Failures: 0, Errors: 0, Skipped: 0, Time elapsed: 0.537 sec

Results :

Tests run: 5, Failures: 0, Errors: 0, Skipped: 0

[INFO]                                                                         
[INFO] ------------------------------------------------------------------------
[INFO] Building Converter: SimpleXML 2.0.0-SNAPSHOT
[INFO] ------------------------------------------------------------------------
[INFO] 
[INFO] --- maven-enforcer-plugin:1.0:enforce (enforce-maven) @ converter-simplexml ---
[INFO] 
[INFO] --- maven-resources-plugin:2.6:resources (default-resources) @ converter-simplexml ---
[INFO] Using 'UTF-8' encoding to copy filtered resources.
[INFO] skip non existing resourceDirectory /home/travis/build/square/retrofit/retrofit-converters/simplexml/src/main/resources
[INFO] 
[INFO] --- maven-compiler-plugin:3.0:compile (default-compile) @ converter-simplexml ---
[INFO] Changes detected - recompiling the module!
[INFO] Compiling 2 source files to /home/travis/build/square/retrofit/retrofit-converters/simplexml/target/classes
[INFO] 
[INFO] --- maven-resources-plugin:2.6:testResources (default-testResources) @ converter-simplexml ---
[INFO] Using 'UTF-8' encoding to copy filtered resources.
[INFO] skip non existing resourceDirectory /home/travis/build/square/retrofit/retrofit-converters/simplexml/src/test/resources
[INFO] 
[INFO] --- maven-compiler-plugin:3.0:testCompile (default-testCompile) @ converter-simplexml ---
[INFO] Changes detected - recompiling the module!
[INFO] Compiling 2 source files to /home/travis/build/square/retrofit/retrofit-converters/simplexml/target/test-classes
[INFO] 
[INFO] --- maven-surefire-plugin:2.12.4:test (default-test) @ converter-simplexml ---
[INFO] Surefire report directory: /home/travis/build/square/retrofit/retrofit-converters/simplexml/target/surefire-reports

-------------------------------------------------------
 T E S T S
-------------------------------------------------------
Running retrofit.SimpleXmlConverterTest
Jul 05, 2015 7:55:54 PM com.squareup.okhttp.mockwebserver.MockWebServer$2 execute
INFO: MockWebServer[41527] starting to accept connections
Jul 05, 2015 7:55:54 PM com.squareup.okhttp.mockwebserver.MockWebServer$3 processOneRequest
INFO: MockWebServer[41527] received request: GET / HTTP/1.1 and responded: HTTP/1.1 200 OK
Jul 05, 2015 7:55:54 PM com.squareup.okhttp.mockwebserver.MockWebServer$2 acceptConnections
INFO: MockWebServer[41527] done accepting connections: Socket closed
Jul 05, 2015 7:55:54 PM com.squareup.okhttp.mockwebserver.MockWebServer$2 execute
INFO: MockWebServer[39538] starting to accept connections
Jul 05, 2015 7:55:54 PM com.squareup.okhttp.mockwebserver.MockWebServer$3 processOneRequest
INFO: MockWebServer[39538] received request: GET / HTTP/1.1 and responded: HTTP/1.1 200 OK
Jul 05, 2015 7:55:54 PM com.squareup.okhttp.mockwebserver.MockWebServer$2 acceptConnections
INFO: MockWebServer[39538] done accepting connections: Socket closed
Jul 05, 2015 7:55:54 PM com.squareup.okhttp.mockwebserver.MockWebServer$2 execute
INFO: MockWebServer[49635] starting to accept connections
Jul 05, 2015 7:55:54 PM com.squareup.okhttp.mockwebserver.MockWebServer$3 processOneRequest
INFO: MockWebServer[49635] received request: POST / HTTP/1.1 and responded: HTTP/1.1 200 OK
Jul 05, 2015 7:55:54 PM com.squareup.okhttp.mockwebserver.MockWebServer$2 acceptConnections
INFO: MockWebServer[49635] done accepting connections: Socket closed
Tests run: 3, Failures: 0, Errors: 0, Skipped: 0, Time elapsed: 0.618 sec

Results :

Tests run: 3, Failures: 0, Errors: 0, Skipped: 0

[INFO]                                                                         
[INFO] ------------------------------------------------------------------------
[INFO] Building Converter: Moshi 2.0.0-SNAPSHOT
[INFO] ------------------------------------------------------------------------
[INFO] 
[INFO] --- maven-enforcer-plugin:1.0:enforce (enforce-maven) @ converter-moshi ---
[INFO] 
[INFO] --- maven-resources-plugin:2.6:resources (default-resources) @ converter-moshi ---
[INFO] Using 'UTF-8' encoding to copy filtered resources.
[INFO] skip non existing resourceDirectory /home/travis/build/square/retrofit/retrofit-converters/moshi/src/main/resources
[INFO] 
[INFO] --- maven-compiler-plugin:3.0:compile (default-compile) @ converter-moshi ---
[INFO] Changes detected - recompiling the module!
[INFO] Compiling 2 source files to /home/travis/build/square/retrofit/retrofit-converters/moshi/target/classes
[INFO] 
[INFO] --- maven-resources-plugin:2.6:testResources (default-testResources) @ converter-moshi ---
[INFO] Using 'UTF-8' encoding to copy filtered resources.
[INFO] skip non existing resourceDirectory /home/travis/build/square/retrofit/retrofit-converters/moshi/src/test/resources
[INFO] 
[INFO] --- maven-compiler-plugin:3.0:testCompile (default-testCompile) @ converter-moshi ---
[INFO] Changes detected - recompiling the module!
[INFO] Compiling 1 source file to /home/travis/build/square/retrofit/retrofit-converters/moshi/target/test-classes
[INFO] 
[INFO] --- maven-surefire-plugin:2.12.4:test (default-test) @ converter-moshi ---
[INFO] Surefire report directory: /home/travis/build/square/retrofit/retrofit-converters/moshi/target/surefire-reports

-------------------------------------------------------
 T E S T S
-------------------------------------------------------
Running retrofit.MoshiConverterTest
Jul 05, 2015 7:55:55 PM com.squareup.okhttp.mockwebserver.MockWebServer$2 execute
INFO: MockWebServer[58461] starting to accept connections
Jul 05, 2015 7:55:55 PM com.squareup.okhttp.mockwebserver.MockWebServer$3 processOneRequest
INFO: MockWebServer[58461] received request: POST / HTTP/1.1 and responded: HTTP/1.1 200 OK
Jul 05, 2015 7:55:55 PM com.squareup.okhttp.mockwebserver.MockWebServer$2 acceptConnections
INFO: MockWebServer[58461] done accepting connections: Socket closed
Jul 05, 2015 7:55:55 PM com.squareup.okhttp.mockwebserver.MockWebServer$2 execute
INFO: MockWebServer[34667] starting to accept connections
Jul 05, 2015 7:55:55 PM com.squareup.okhttp.mockwebserver.MockWebServer$3 processOneRequest
INFO: MockWebServer[34667] received request: POST / HTTP/1.1 and responded: HTTP/1.1 200 OK
Jul 05, 2015 7:55:55 PM com.squareup.okhttp.mockwebserver.MockWebServer$2 acceptConnections
INFO: MockWebServer[34667] done accepting connections: Socket closed
Tests run: 2, Failures: 0, Errors: 0, Skipped: 0, Time elapsed: 0.5 sec

Results :

Tests run: 2, Failures: 0, Errors: 0, Skipped: 0

[INFO]                                                                         
[INFO] ------------------------------------------------------------------------
[INFO] Building Retrofit Mock Adapter 2.0.0-SNAPSHOT
[INFO] ------------------------------------------------------------------------
[INFO] 
[INFO] --- maven-enforcer-plugin:1.0:enforce (enforce-maven) @ retrofit-mock ---
[INFO] 
[INFO] --- maven-resources-plugin:2.6:resources (default-resources) @ retrofit-mock ---
[INFO] Using 'UTF-8' encoding to copy filtered resources.
[INFO] skip non existing resourceDirectory /home/travis/build/square/retrofit/retrofit-mock/src/main/resources
[INFO] 
[INFO] --- maven-compiler-plugin:3.0:compile (default-compile) @ retrofit-mock ---
[INFO] Changes detected - recompiling the module!
[INFO] Compiling 2 source files to /home/travis/build/square/retrofit/retrofit-mock/target/classes
[INFO] 
[INFO] --- maven-resources-plugin:2.6:testResources (default-testResources) @ retrofit-mock ---
[INFO] Using 'UTF-8' encoding to copy filtered resources.
[INFO] skip non existing resourceDirectory /home/travis/build/square/retrofit/retrofit-mock/src/test/resources
[INFO] 
[INFO] --- maven-compiler-plugin:3.0:testCompile (default-testCompile) @ retrofit-mock ---
[INFO] Changes detected - recompiling the module!
[INFO] Compiling 1 source file to /home/travis/build/square/retrofit/retrofit-mock/target/test-classes
[INFO] 
[INFO] --- maven-surefire-plugin:2.12.4:test (default-test) @ retrofit-mock ---
[INFO] Surefire report directory: /home/travis/build/square/retrofit/retrofit-mock/target/surefire-reports

-------------------------------------------------------
 T E S T S
-------------------------------------------------------
Running retrofit.MockRetrofitTest
Tests run: 14, Failures: 0, Errors: 0, Skipped: 0, Time elapsed: 2.005 sec

Results :

Tests run: 14, Failures: 0, Errors: 0, Skipped: 0

[INFO]                                                                         
[INFO] ------------------------------------------------------------------------
[INFO] Building Samples 2.0.0-SNAPSHOT
[INFO] ------------------------------------------------------------------------
[INFO] 
[INFO] --- maven-enforcer-plugin:1.0:enforce (enforce-maven) @ samples ---
[INFO] 
[INFO] --- maven-resources-plugin:2.6:resources (default-resources) @ samples ---
[INFO] Using 'UTF-8' encoding to copy filtered resources.
[INFO] skip non existing resourceDirectory /home/travis/build/square/retrofit/samples/src/main/resources
[INFO] 
[INFO] --- maven-compiler-plugin:3.0:compile (default-compile) @ samples ---
[INFO] Changes detected - recompiling the module!
[INFO] Compiling 2 source files to /home/travis/build/square/retrofit/samples/target/classes
[INFO] 
[INFO] --- maven-resources-plugin:2.6:testResources (default-testResources) @ samples ---
[INFO] Using 'UTF-8' encoding to copy filtered resources.
[INFO] skip non existing resourceDirectory /home/travis/build/square/retrofit/samples/src/test/resources
[INFO] 
[INFO] --- maven-compiler-plugin:3.0:testCompile (default-testCompile) @ samples ---
[INFO] No sources to compile
[INFO] 
[INFO] --- maven-surefire-plugin:2.12.4:test (default-test) @ samples ---
[INFO] No tests to run.
[INFO] ------------------------------------------------------------------------
[INFO] Reactor Summary:
[INFO] 
[INFO] Retrofit (Parent) .................................. SUCCESS [  0.982 s]
[INFO] Retrofit ........................................... SUCCESS [ 10.171 s]
[INFO] Adapters ........................................... SUCCESS [  0.002 s]
[INFO] Adapter: RxJava .................................... SUCCESS [  1.478 s]
[INFO] Converters ......................................... SUCCESS [  0.003 s]
[INFO] Converter: Gson .................................... SUCCESS [  0.875 s]
[INFO] Converter: Protocol Buffers ........................ SUCCESS [  1.432 s]
[INFO] Converter: Jackson ................................. SUCCESS [  1.207 s]
[INFO] Converter: Wire Protocol Buffers ................... SUCCESS [  0.886 s]
[INFO] Converter: SimpleXML ............................... SUCCESS [  0.998 s]
[INFO] Converter: Moshi ................................... SUCCESS [  0.810 s]
[INFO] Retrofit Mock Adapter .............................. SUCCESS [  2.366 s]
[INFO] Samples ............................................ SUCCESS [  0.051 s]
[INFO] ------------------------------------------------------------------------
[INFO] BUILD SUCCESS
[INFO] ------------------------------------------------------------------------
[INFO] Total time: 21.696 s
[INFO] Finished at: 2015-07-05T19:55:57+00:00
[INFO] Final Memory: 35M/344M
[INFO] ------------------------------------------------------------------------
travis_time:end:29aa73ee:start=1436126134225222263,finish=1436126158644468315,duration=24419246052[0K
[32;1mThe command "mvn test -B" exited with 0.[0m
travis_fold:start:cache.2[0Kstore build cache
travis_time:start:2b001f94[0Kchanges detected, packing new archive
uploading archive
travis_time:end:2b001f94:start=1436126158648536329,finish=1436126161637318848,duration=2988782519[0Ktravis_fold:end:cache.2[0Ktravis_fold:start:after_success[0Ktravis_time:start:045b6a1e[0K$ .buildscript/deploy_snapshot.sh
Skipping snapshot deployment: wrong branch. Expected 'master' but was 'jw/the-mock-night-rises'.
travis_time:end:045b6a1e:start=1436126161641512309,finish=1436126161646023497,duration=4511188[0Ktravis_fold:end:after_success[0K
Done. Your build exited with 0.
