Using worker: worker-linux-docker-2806b5c1.prod.travis-ci.org:travis-linux-7

travis_fold:start:system_info[0K[33;1mBuild system information[0m
Build language: java
[34m[1mBuild image provisioning date and time[0m
Thu Feb  5 15:09:33 UTC 2015
[34m[1mOperating System Details[0m
Distributor ID:	Ubuntu
Description:	Ubuntu 12.04.5 LTS
Release:	12.04
Codename:	precise
[34m[1mLinux Version[0m
3.13.0-29-generic
[34m[1mCookbooks Version[0m
a68419e https://github.com/travis-ci/travis-cookbooks/tree/a68419e
[34m[1mGCC version[0m
gcc (Ubuntu/Linaro 4.6.3-1ubuntu5) 4.6.3
Copyright (C) 2011 Free Software Foundation, Inc.
This is free software; see the source for copying conditions.  There is NO
warranty; not even for MERCHANTABILITY or FITNESS FOR A PARTICULAR PURPOSE.

[34m[1mLLVM version[0m
clang version 3.4 (tags/RELEASE_34/final)
Target: x86_64-unknown-linux-gnu
Thread model: posix
[34m[1mPre-installed Ruby versions[0m
ruby-1.9.3-p551
[34m[1mPre-installed Node.js versions[0m
v0.10.36
[34m[1mPre-installed Go versions[0m
1.4.1
[34m[1mRedis version[0m
redis-server 2.8.19
[34m[1mriak version[0m
2.0.2
[34m[1mMongoDB version[0m
MongoDB 2.4.12
[34m[1mCouchDB version[0m
couchdb 1.6.1
[34m[1mNeo4j version[0m
1.9.4
[34m[1mRabbitMQ Version[0m
3.4.3
[34m[1mElasticSearch version[0m
1.4.0
[34m[1mInstalled Sphinx versions[0m
2.0.10
2.1.9
2.2.6
[34m[1mDefault Sphinx version[0m
2.2.6
[34m[1mInstalled Firefox version[0m
firefox 31.0esr
[34m[1mPhantomJS version[0m
1.9.8
[34m[1mant -version[0m
Apache Ant(TM) version 1.8.2 compiled on December 3 2011
[34m[1mmvn -version[0m
Apache Maven 3.2.5 (12a6b3acb947671f09b81f49094c53f426d8cea1; 2014-12-14T17:29:23+00:00)
Maven home: /usr/local/maven
Java version: 1.7.0_76, vendor: Oracle Corporation
Java home: /usr/lib/jvm/java-7-oracle/jre
Default locale: en_US, platform encoding: ANSI_X3.4-1968
OS name: "linux", version: "3.13.0-29-generic", arch: "amd64", family: "unix"
travis_fold:end:system_info[0K
travis_fold:start:git.checkout[0Ktravis_time:start:0b7b5a4b[0K$ git clone --depth=50 git://github.com/square/retrofit.git square/retrofit
Cloning into 'square/retrofit'...
remote: Counting objects: 1636, done.[K
remote: Compressing objects:   0% (1/790)   [Kremote: Compressing objects:   1% (8/790)   [Kremote: Compressing objects:   2% (16/790)   [Kremote: Compressing objects:   3% (24/790)   [Kremote: Compressing objects:   4% (32/790)   [Kremote: Compressing objects:   5% (40/790)   [Kremote: Compressing objects:   6% (48/790)   [Kremote: Compressing objects:   7% (56/790)   [Kremote: Compressing objects:   8% (64/790)   [Kremote: Compressing objects:   9% (72/790)   [Kremote: Compressing objects:  10% (79/790)   [Kremote: Compressing objects:  11% (87/790)   [Kremote: Compressing objects:  12% (95/790)   [Kremote: Compressing objects:  13% (103/790)   [Kremote: Compressing objects:  14% (111/790)   [Kremote: Compressing objects:  15% (119/790)   [Kremote: Compressing objects:  16% (127/790)   [Kremote: Compressing objects:  17% (135/790)   [Kremote: Compressing objects:  18% (143/790)   [Kremote: Compressing objects:  19% (151/790)   [Kremote: Compressing objects:  20% (158/790)   [Kremote: Compressing objects:  21% (166/790)   [Kremote: Compressing objects:  22% (174/790)   [Kremote: Compressing objects:  23% (182/790)   [Kremote: Compressing objects:  24% (190/790)   [Kremote: Compressing objects:  25% (198/790)   [Kremote: Compressing objects:  26% (206/790)   [Kremote: Compressing objects:  27% (214/790)   [Kremote: Compressing objects:  28% (222/790)   [Kremote: Compressing objects:  29% (230/790)   [Kremote: Compressing objects:  30% (237/790)   [Kremote: Compressing objects:  31% (245/790)   [Kremote: Compressing objects:  32% (253/790)   [Kremote: Compressing objects:  33% (261/790)   [Kremote: Compressing objects:  34% (269/790)   [Kremote: Compressing objects:  35% (277/790)   [Kremote: Compressing objects:  36% (285/790)   [Kremote: Compressing objects:  37% (293/790)   [Kremote: Compressing objects:  38% (301/790)   [Kremote: Compressing objects:  39% (309/790)   [Kremote: Compressing objects:  40% (316/790)   [Kremote: Compressing objects:  41% (324/790)   [Kremote: Compressing objects:  42% (332/790)   [Kremote: Compressing objects:  43% (340/790)   [Kremote: Compressing objects:  44% (348/790)   [Kremote: Compressing objects:  45% (356/790)   [Kremote: Compressing objects:  46% (364/790)   [Kremote: Compressing objects:  47% (372/790)   [Kremote: Compressing objects:  48% (380/790)   [Kremote: Compressing objects:  49% (388/790)   [Kremote: Compressing objects:  50% (395/790)   [Kremote: Compressing objects:  51% (403/790)   [Kremote: Compressing objects:  52% (411/790)   [Kremote: Compressing objects:  53% (419/790)   [Kremote: Compressing objects:  54% (427/790)   [Kremote: Compressing objects:  55% (435/790)   [Kremote: Compressing objects:  56% (443/790)   [Kremote: Compressing objects:  57% (451/790)   [Kremote: Compressing objects:  58% (459/790)   [Kremote: Compressing objects:  59% (467/790)   [Kremote: Compressing objects:  60% (474/790)   [Kremote: Compressing objects:  61% (482/790)   [Kremote: Compressing objects:  62% (490/790)   [Kremote: Compressing objects:  63% (498/790)   [Kremote: Compressing objects:  64% (506/790)   [Kremote: Compressing objects:  65% (514/790)   [Kremote: Compressing objects:  66% (522/790)   [Kremote: Compressing objects:  67% (530/790)   [Kremote: Compressing objects:  68% (538/790)   [Kremote: Compressing objects:  69% (546/790)   [Kremote: Compressing objects:  70% (553/790)   [Kremote: Compressing objects:  71% (561/790)   [Kremote: Compressing objects:  72% (569/790)   [Kremote: Compressing objects:  73% (577/790)   [Kremote: Compressing objects:  74% (585/790)   [Kremote: Compressing objects:  75% (593/790)   [Kremote: Compressing objects:  76% (601/790)   [Kremote: Compressing objects:  77% (609/790)   [Kremote: Compressing objects:  78% (617/790)   [Kremote: Compressing objects:  79% (625/790)   [Kremote: Compressing objects:  80% (632/790)   [Kremote: Compressing objects:  81% (640/790)   [Kremote: Compressing objects:  82% (648/790)   [Kremote: Compressing objects:  83% (656/790)   [Kremote: Compressing objects:  84% (664/790)   [Kremote: Compressing objects:  85% (672/790)   [Kremote: Compressing objects:  86% (680/790)   [Kremote: Compressing objects:  87% (688/790)   [Kremote: Compressing objects:  88% (696/790)   [Kremote: Compressing objects:  89% (704/790)   [Kremote: Compressing objects:  90% (711/790)   [Kremote: Compressing objects:  91% (719/790)   [Kremote: Compressing objects:  92% (727/790)   [Kremote: Compressing objects:  93% (735/790)   [Kremote: Compressing objects:  94% (743/790)   [Kremote: Compressing objects:  95% (751/790)   [Kremote: Compressing objects:  96% (759/790)   [Kremote: Compressing objects:  97% (767/790)   [Kremote: Compressing objects:  98% (775/790)   [Kremote: Compressing objects:  99% (783/790)   [Kremote: Compressing objects: 100% (790/790)   [Kremote: Compressing objects: 100% (790/790), done.[K
Receiving objects:   0% (1/1636)   Receiving objects:   1% (17/1636)   Receiving objects:   2% (33/1636)   Receiving objects:   3% (50/1636)   Receiving objects:   4% (66/1636)   Receiving objects:   5% (82/1636)   Receiving objects:   6% (99/1636)   Receiving objects:   7% (115/1636)   Receiving objects:   8% (131/1636)   Receiving objects:   9% (148/1636)   Receiving objects:  10% (164/1636)   Receiving objects:  11% (180/1636)   Receiving objects:  12% (197/1636)   Receiving objects:  13% (213/1636)   Receiving objects:  14% (230/1636)   Receiving objects:  15% (246/1636)   Receiving objects:  16% (262/1636)   Receiving objects:  17% (279/1636)   Receiving objects:  18% (295/1636)   Receiving objects:  19% (311/1636)   Receiving objects:  20% (328/1636)   Receiving objects:  21% (344/1636)   Receiving objects:  22% (360/1636)   Receiving objects:  23% (377/1636)   Receiving objects:  24% (393/1636)   Receiving objects:  25% (409/1636)   Receiving objects:  26% (426/1636)   Receiving objects:  27% (442/1636)   Receiving objects:  28% (459/1636)   Receiving objects:  29% (475/1636)   Receiving objects:  30% (491/1636)   Receiving objects:  31% (508/1636)   Receiving objects:  32% (524/1636)   Receiving objects:  33% (540/1636)   Receiving objects:  34% (557/1636)   Receiving objects:  35% (573/1636)   Receiving objects:  36% (589/1636)   Receiving objects:  37% (606/1636)   Receiving objects:  38% (622/1636)   Receiving objects:  39% (639/1636)   Receiving objects:  40% (655/1636)   Receiving objects:  41% (671/1636)   Receiving objects:  42% (688/1636)   Receiving objects:  43% (704/1636)   Receiving objects:  44% (720/1636)   Receiving objects:  45% (737/1636)   Receiving objects:  46% (753/1636)   Receiving objects:  47% (769/1636)   Receiving objects:  48% (786/1636)   Receiving objects:  49% (802/1636)   Receiving objects:  50% (818/1636)   Receiving objects:  51% (835/1636)   Receiving objects:  52% (851/1636)   Receiving objects:  53% (868/1636)   Receiving objects:  54% (884/1636)   Receiving objects:  55% (900/1636)   Receiving objects:  56% (917/1636)   Receiving objects:  57% (933/1636)   Receiving objects:  58% (949/1636)   Receiving objects:  59% (966/1636)   Receiving objects:  60% (982/1636)   Receiving objects:  61% (998/1636)   Receiving objects:  62% (1015/1636)   Receiving objects:  63% (1031/1636)   Receiving objects:  64% (1048/1636)   Receiving objects:  65% (1064/1636)   Receiving objects:  66% (1080/1636)   Receiving objects:  67% (1097/1636)   Receiving objects:  68% (1113/1636)   Receiving objects:  69% (1129/1636)   Receiving objects:  70% (1146/1636)   Receiving objects:  71% (1162/1636)   Receiving objects:  72% (1178/1636)   Receiving objects:  73% (1195/1636)   Receiving objects:  74% (1211/1636)   Receiving objects:  75% (1227/1636)   Receiving objects:  76% (1244/1636)   Receiving objects:  77% (1260/1636)   Receiving objects:  78% (1277/1636)   Receiving objects:  79% (1293/1636)   Receiving objects:  80% (1309/1636)   remote: Total 1636 (delta 575), reused 1410 (delta 400), pack-reused 0[K
Receiving objects:  81% (1326/1636)   Receiving objects:  82% (1342/1636)   Receiving objects:  83% (1358/1636)   Receiving objects:  84% (1375/1636)   Receiving objects:  85% (1391/1636)   Receiving objects:  86% (1407/1636)   Receiving objects:  87% (1424/1636)   Receiving objects:  88% (1440/1636)   Receiving objects:  89% (1457/1636)   Receiving objects:  90% (1473/1636)   Receiving objects:  91% (1489/1636)   Receiving objects:  92% (1506/1636)   Receiving objects:  93% (1522/1636)   Receiving objects:  94% (1538/1636)   Receiving objects:  95% (1555/1636)   Receiving objects:  96% (1571/1636)   Receiving objects:  97% (1587/1636)   Receiving objects:  98% (1604/1636)   Receiving objects:  99% (1620/1636)   Receiving objects: 100% (1636/1636)   Receiving objects: 100% (1636/1636), 419.91 KiB | 0 bytes/s, done.
Resolving deltas:   0% (0/575)   Resolving deltas:  12% (69/575)   Resolving deltas:  13% (77/575)   Resolving deltas:  15% (88/575)   Resolving deltas:  16% (94/575)   Resolving deltas:  19% (114/575)   Resolving deltas:  20% (115/575)   Resolving deltas:  24% (140/575)   Resolving deltas:  25% (145/575)   Resolving deltas:  29% (167/575)   Resolving deltas:  30% (173/575)   Resolving deltas:  33% (190/575)   Resolving deltas:  34% (196/575)   Resolving deltas:  35% (202/575)   Resolving deltas:  36% (209/575)   Resolving deltas:  37% (213/575)   Resolving deltas:  38% (221/575)   Resolving deltas:  39% (229/575)   Resolving deltas:  40% (232/575)   Resolving deltas:  42% (242/575)   Resolving deltas:  43% (251/575)   Resolving deltas:  44% (255/575)   Resolving deltas:  45% (263/575)   Resolving deltas:  47% (271/575)   Resolving deltas:  48% (276/575)   Resolving deltas:  49% (287/575)   Resolving deltas:  51% (296/575)   Resolving deltas:  52% (299/575)   Resolving deltas:  56% (326/575)   Resolving deltas:  58% (334/575)   Resolving deltas:  60% (347/575)   Resolving deltas:  62% (358/575)   Resolving deltas:  63% (365/575)   Resolving deltas:  67% (387/575)   Resolving deltas:  68% (392/575)   Resolving deltas:  69% (398/575)   Resolving deltas:  70% (405/575)   Resolving deltas:  71% (411/575)   Resolving deltas:  72% (414/575)   Resolving deltas:  73% (424/575)   Resolving deltas:  75% (432/575)   Resolving deltas:  76% (439/575)   Resolving deltas:  77% (443/575)   Resolving deltas:  78% (450/575)   Resolving deltas:  79% (455/575)   Resolving deltas:  80% (463/575)   Resolving deltas:  81% (466/575)   Resolving deltas:  82% (472/575)   Resolving deltas:  83% (482/575)   Resolving deltas:  84% (486/575)   Resolving deltas:  85% (489/575)   Resolving deltas:  86% (497/575)   Resolving deltas:  87% (503/575)   Resolving deltas:  88% (510/575)   Resolving deltas:  89% (514/575)   Resolving deltas:  90% (518/575)   Resolving deltas:  91% (524/575)   Resolving deltas:  92% (530/575)   Resolving deltas:  93% (535/575)   Resolving deltas:  94% (541/575)   Resolving deltas:  95% (548/575)   Resolving deltas:  97% (558/575)   Resolving deltas:  98% (566/575)   Resolving deltas:  99% (571/575)   Resolving deltas: 100% (575/575)   Resolving deltas: 100% (575/575), done.
Checking connectivity... done.
travis_time:end:0b7b5a4b:start=1436211112194425339,finish=1436211112418545374,duration=224120035[0K$ cd square/retrofit
travis_time:start:0cb219a0[0K$ git fetch origin +refs/pull/887/merge:
remote: Counting objects: 107, done.[K
remote: Compressing objects:   1% (1/58)   [Kremote: Compressing objects:   3% (2/58)   [Kremote: Compressing objects:   5% (3/58)   [Kremote: Compressing objects:   6% (4/58)   [Kremote: Compressing objects:   8% (5/58)   [Kremote: Compressing objects:  10% (6/58)   [Kremote: Compressing objects:  12% (7/58)   [Kremote: Compressing objects:  13% (8/58)   [Kremote: Compressing objects:  15% (9/58)   [Kremote: Compressing objects:  17% (10/58)   [Kremote: Compressing objects:  18% (11/58)   [Kremote: Compressing objects:  20% (12/58)   [Kremote: Compressing objects:  22% (13/58)   [Kremote: Compressing objects:  24% (14/58)   [Kremote: Compressing objects:  25% (15/58)   [Kremote: Compressing objects:  27% (16/58)   [Kremote: Compressing objects:  29% (17/58)   [Kremote: Compressing objects:  31% (18/58)   [Kremote: Compressing objects:  32% (19/58)   [Kremote: Compressing objects:  34% (20/58)   [Kremote: Compressing objects:  36% (21/58)   [Kremote: Compressing objects:  37% (22/58)   [Kremote: Compressing objects:  39% (23/58)   [Kremote: Compressing objects:  41% (24/58)   [Kremote: Compressing objects:  43% (25/58)   [Kremote: Compressing objects:  44% (26/58)   [Kremote: Compressing objects:  46% (27/58)   [Kremote: Compressing objects:  48% (28/58)   [Kremote: Compressing objects:  50% (29/58)   [Kremote: Compressing objects:  51% (30/58)   [Kremote: Compressing objects:  53% (31/58)   [Kremote: Compressing objects:  55% (32/58)   [Kremote: Compressing objects:  56% (33/58)   [Kremote: Compressing objects:  58% (34/58)   [Kremote: Compressing objects:  60% (35/58)   [Kremote: Compressing objects:  62% (36/58)   [Kremote: Compressing objects:  63% (37/58)   [Kremote: Compressing objects:  65% (38/58)   [Kremote: Compressing objects:  67% (39/58)   [Kremote: Compressing objects:  68% (40/58)   [Kremote: Compressing objects:  70% (41/58)   [Kremote: Compressing objects:  72% (42/58)   [Kremote: Compressing objects:  74% (43/58)   [Kremote: Compressing objects:  75% (44/58)   [Kremote: Compressing objects:  77% (45/58)   [Kremote: Compressing objects:  79% (46/58)   [Kremote: Compressing objects:  81% (47/58)   [Kremote: Compressing objects:  82% (48/58)   [Kremote: Compressing objects:  84% (49/58)   [Kremote: Compressing objects:  86% (50/58)   [Kremote: Compressing objects:  87% (51/58)   [Kremote: Compressing objects:  89% (52/58)   [Kremote: Compressing objects:  91% (53/58)   [Kremote: Compressing objects:  93% (54/58)   [Kremote: Compressing objects:  94% (55/58)   [Kremote: Compressing objects:  96% (56/58)   [Kremote: Compressing objects:  98% (57/58)   [Kremote: Compressing objects: 100% (58/58)   [Kremote: Compressing objects: 100% (58/58), done.[K
remote: Total 107 (delta 36), reused 94 (delta 24), pack-reused 0[K
Receiving objects:   0% (1/107)   Receiving objects:   1% (2/107)   Receiving objects:   2% (3/107)   Receiving objects:   3% (4/107)   Receiving objects:   4% (5/107)   Receiving objects:   5% (6/107)   Receiving objects:   6% (7/107)   Receiving objects:   7% (8/107)   Receiving objects:   8% (9/107)   Receiving objects:   9% (10/107)   Receiving objects:  10% (11/107)   Receiving objects:  11% (12/107)   Receiving objects:  12% (13/107)   Receiving objects:  13% (14/107)   Receiving objects:  14% (15/107)   Receiving objects:  15% (17/107)   Receiving objects:  16% (18/107)   Receiving objects:  17% (19/107)   Receiving objects:  18% (20/107)   Receiving objects:  19% (21/107)   Receiving objects:  20% (22/107)   Receiving objects:  21% (23/107)   Receiving objects:  22% (24/107)   Receiving objects:  23% (25/107)   Receiving objects:  24% (26/107)   Receiving objects:  25% (27/107)   Receiving objects:  26% (28/107)   Receiving objects:  27% (29/107)   Receiving objects:  28% (30/107)   Receiving objects:  29% (32/107)   Receiving objects:  30% (33/107)   Receiving objects:  31% (34/107)   Receiving objects:  32% (35/107)   Receiving objects:  33% (36/107)   Receiving objects:  34% (37/107)   Receiving objects:  35% (38/107)   Receiving objects:  36% (39/107)   Receiving objects:  37% (40/107)   Receiving objects:  38% (41/107)   Receiving objects:  39% (42/107)   Receiving objects:  40% (43/107)   Receiving objects:  41% (44/107)   Receiving objects:  42% (45/107)   Receiving objects:  43% (47/107)   Receiving objects:  44% (48/107)   Receiving objects:  45% (49/107)   Receiving objects:  46% (50/107)   Receiving objects:  47% (51/107)   Receiving objects:  48% (52/107)   Receiving objects:  49% (53/107)   Receiving objects:  50% (54/107)   Receiving objects:  51% (55/107)   Receiving objects:  52% (56/107)   Receiving objects:  53% (57/107)   Receiving objects:  54% (58/107)   Receiving objects:  55% (59/107)   Receiving objects:  56% (60/107)   Receiving objects:  57% (61/107)   Receiving objects:  58% (63/107)   Receiving objects:  59% (64/107)   Receiving objects:  60% (65/107)   Receiving objects:  61% (66/107)   Receiving objects:  62% (67/107)   Receiving objects:  63% (68/107)   Receiving objects:  64% (69/107)   Receiving objects:  65% (70/107)   Receiving objects:  66% (71/107)   Receiving objects:  67% (72/107)   Receiving objects:  68% (73/107)   Receiving objects:  69% (74/107)   Receiving objects:  70% (75/107)   Receiving objects:  71% (76/107)   Receiving objects:  72% (78/107)   Receiving objects:  73% (79/107)   Receiving objects:  74% (80/107)   Receiving objects:  75% (81/107)   Receiving objects:  76% (82/107)   Receiving objects:  77% (83/107)   Receiving objects:  78% (84/107)   Receiving objects:  79% (85/107)   Receiving objects:  80% (86/107)   Receiving objects:  81% (87/107)   Receiving objects:  82% (88/107)   Receiving objects:  83% (89/107)   Receiving objects:  84% (90/107)   Receiving objects:  85% (91/107)   Receiving objects:  86% (93/107)   Receiving objects:  87% (94/107)   Receiving objects:  88% (95/107)   Receiving objects:  89% (96/107)   Receiving objects:  90% (97/107)   Receiving objects:  91% (98/107)   Receiving objects:  92% (99/107)   Receiving objects:  93% (100/107)   Receiving objects:  94% (101/107)   Receiving objects:  95% (102/107)   Receiving objects:  96% (103/107)   Receiving objects:  97% (104/107)   Receiving objects:  98% (105/107)   Receiving objects:  99% (106/107)   Receiving objects: 100% (107/107)   Receiving objects: 100% (107/107), 37.28 KiB | 0 bytes/s, done.
Resolving deltas:   0% (0/36)   Resolving deltas:   2% (1/36)   Resolving deltas:   8% (3/36)   Resolving deltas:  11% (4/36)   Resolving deltas:  13% (5/36)   Resolving deltas:  16% (6/36)   Resolving deltas:  19% (7/36)   Resolving deltas:  22% (8/36)   Resolving deltas:  25% (9/36)   Resolving deltas:  27% (10/36)   Resolving deltas:  30% (11/36)   Resolving deltas:  33% (12/36)   Resolving deltas:  50% (18/36)   Resolving deltas:  52% (19/36)   Resolving deltas:  55% (20/36)   Resolving deltas:  58% (21/36)   Resolving deltas:  61% (22/36)   Resolving deltas:  63% (23/36)   Resolving deltas:  66% (24/36)   Resolving deltas:  75% (27/36)   Resolving deltas:  77% (28/36)   Resolving deltas:  80% (29/36)   Resolving deltas:  86% (31/36)   Resolving deltas:  88% (32/36)   Resolving deltas:  91% (33/36)   Resolving deltas:  94% (34/36)   Resolving deltas:  97% (35/36)   Resolving deltas: 100% (36/36)   Resolving deltas: 100% (36/36), completed with 19 local objects.
From git://github.com/square/retrofit
 * branch            refs/pull/887/merge -> FETCH_HEAD
travis_time:end:0cb219a0:start=1436211112422166104,finish=1436211112529062545,duration=106896441[0K$ git checkout -qf FETCH_HEAD
travis_fold:end:git.checkout[0K
[33;1mThis job is running on container-based infrastructure, which does not allow use of 'sudo', setuid and setguid executables.[0m
[33;1mIf you require sudo, add 'sudo: required' to your .travis.yml[0m
[33;1mSee http://docs.travis-ci.com/user/workers/container-based-infrastructure/ for details.[0m
travis_fold:start:cache.1[0KSetting up build cache
$ export CASHER_DIR=$HOME/.casher
travis_time:start:22a5b8fb[0K$ Installing caching utilities
travis_time:end:22a5b8fb:start=1436211114196548509,finish=1436211114223165642,duration=26617133[0Ktravis_time:start:10f19054[0Kattempting to download cache archive
fetching PR.887/cache--jdk-oraclejdk8.tgz
found cache
travis_time:end:10f19054:start=1436211114227479659,finish=1436211115307574609,duration=1080094950[0Ktravis_time:start:1f05df2f[0Kadding /home/travis/.m2 to cache
travis_time:end:1f05df2f:start=1436211115311019015,finish=1436211116183268841,duration=872249826[0Ktravis_fold:end:cache.1[0K$ jdk_switcher use oraclejdk8
Switching to Oracle JDK8 (java-8-oracle), JAVA_HOME will be set to /usr/lib/jvm/java-8-oracle
$ java -Xmx32m -version
java version "1.8.0_31"
Java(TM) SE Runtime Environment (build 1.8.0_31-b13)
Java HotSpot(TM) 64-Bit Server VM (build 25.31-b07, mixed mode)
$ javac -J-Xmx32m -version
javac 1.8.0_31
travis_fold:start:install[0Ktravis_time:start:27b4b2e4[0K$ mvn install -DskipTests=true -Dmaven.javadoc.skip=true -B -V
Java HotSpot(TM) 64-Bit Server VM warning: ignoring option MaxPermSize=192m; support was removed in 8.0
Apache Maven 3.2.5 (12a6b3acb947671f09b81f49094c53f426d8cea1; 2014-12-14T17:29:23+00:00)
Maven home: /usr/local/maven
Java version: 1.8.0_31, vendor: Oracle Corporation
Java home: /usr/lib/jvm/java-8-oracle/jre
Default locale: en_US, platform encoding: UTF-8
OS name: "linux", version: "3.13.0-40-generic", arch: "amd64", family: "unix"
[INFO] Scanning for projects...
[WARNING] 
[WARNING] Some problems were encountered while building the effective model for com.squareup.retrofit:samples:jar:2.0.0-SNAPSHOT
[WARNING] 'build.plugins.plugin.version' for org.apache.maven.plugins:maven-deploy-plugin is missing. @ com.squareup.retrofit:samples:[unknown-version], /home/travis/build/square/retrofit/samples/pom.xml, line 36, column 15
[WARNING] 
[WARNING] It is highly recommended to fix these problems because they threaten the stability of your build.
[WARNING] 
[WARNING] For this reason, future Maven versions might no longer support building such malformed projects.
[WARNING] 
[INFO] ------------------------------------------------------------------------
[INFO] Reactor Build Order:
[INFO] 
[INFO] Retrofit (Parent)
[INFO] Retrofit
[INFO] Adapters
[INFO] Adapter: RxJava
[INFO] Converters
[INFO] Converter: Gson
[INFO] Converter: Protocol Buffers
[INFO] Converter: Jackson
[INFO] Converter: Wire Protocol Buffers
[INFO] Converter: SimpleXML
[INFO] Converter: Moshi
[INFO] Typed Request
[INFO] Samples
[INFO]                                                                         
[INFO] ------------------------------------------------------------------------
[INFO] Building Retrofit (Parent) 2.0.0-SNAPSHOT
[INFO] ------------------------------------------------------------------------
[INFO] 
[INFO] --- maven-enforcer-plugin:1.0:enforce (enforce-maven) @ parent ---
[INFO] 
[INFO] --- maven-checkstyle-plugin:2.15:checkstyle (default) @ parent ---
[INFO] 
[INFO] --- maven-install-plugin:2.4:install (default-install) @ parent ---
[INFO] Installing /home/travis/build/square/retrofit/pom.xml to /home/travis/.m2/repository/com/squareup/retrofit/parent/2.0.0-SNAPSHOT/parent-2.0.0-SNAPSHOT.pom
[INFO]                                                                         
[INFO] ------------------------------------------------------------------------
[INFO] Building Retrofit 2.0.0-SNAPSHOT
[INFO] ------------------------------------------------------------------------
[INFO] Downloading: https://repository.apache.org/snapshots/com/squareup/okhttp/okhttp/2.5.0-SNAPSHOT/maven-metadata.xml
[INFO] Downloading: https://nexus.codehaus.org/snapshots/com/squareup/okhttp/okhttp/2.5.0-SNAPSHOT/maven-metadata.xml
[INFO] Downloading: https://oss.sonatype.org/content/repositories/snapshots/com/squareup/okhttp/okhttp/2.5.0-SNAPSHOT/maven-metadata.xml
[INFO] Downloading: https://oss.sonatype.org/content/repositories/snapshots/com/squareup/okhttp/okhttp/2.5.0-SNAPSHOT/maven-metadata.xml
[INFO] Downloaded: https://oss.sonatype.org/content/repositories/snapshots/com/squareup/okhttp/okhttp/2.5.0-SNAPSHOT/maven-metadata.xml (2 KB at 1.2 KB/sec)
[INFO] Downloaded: https://oss.sonatype.org/content/repositories/snapshots/com/squareup/okhttp/okhttp/2.5.0-SNAPSHOT/maven-metadata.xml (2 KB at 1.2 KB/sec)
[INFO] Downloading: https://oss.sonatype.org/content/repositories/snapshots/com/squareup/okhttp/okhttp/2.5.0-SNAPSHOT/okhttp-2.5.0-20150629.221133-16.pom
[INFO] Downloaded: https://oss.sonatype.org/content/repositories/snapshots/com/squareup/okhttp/okhttp/2.5.0-SNAPSHOT/okhttp-2.5.0-20150629.221133-16.pom (2 KB at 40.9 KB/sec)
[INFO] Downloading: https://oss.sonatype.org/content/repositories/snapshots/com/squareup/okhttp/parent/2.5.0-SNAPSHOT/maven-metadata.xml
[INFO] Downloading: https://nexus.codehaus.org/snapshots/com/squareup/okhttp/parent/2.5.0-SNAPSHOT/maven-metadata.xml
[INFO] Downloading: https://repository.apache.org/snapshots/com/squareup/okhttp/parent/2.5.0-SNAPSHOT/maven-metadata.xml
[INFO] Downloading: https://oss.sonatype.org/content/repositories/snapshots/com/squareup/okhttp/parent/2.5.0-SNAPSHOT/maven-metadata.xml
[INFO] Downloaded: https://oss.sonatype.org/content/repositories/snapshots/com/squareup/okhttp/parent/2.5.0-SNAPSHOT/maven-metadata.xml (604 B at 17.9 KB/sec)
[INFO] Downloaded: https://oss.sonatype.org/content/repositories/snapshots/com/squareup/okhttp/parent/2.5.0-SNAPSHOT/maven-metadata.xml (604 B at 18.4 KB/sec)
[INFO] Downloading: https://oss.sonatype.org/content/repositories/snapshots/com/squareup/okhttp/parent/2.5.0-SNAPSHOT/parent-2.5.0-20150629.221114-16.pom
[INFO] Downloaded: https://oss.sonatype.org/content/repositories/snapshots/com/squareup/okhttp/parent/2.5.0-SNAPSHOT/parent-2.5.0-20150629.221114-16.pom (9 KB at 248.9 KB/sec)
[INFO] Downloading: http://repo.maven.apache.org/maven2/com/squareup/okio/okio/1.5.0/okio-1.5.0.pom
[INFO] Downloaded: http://repo.maven.apache.org/maven2/com/squareup/okio/okio/1.5.0/okio-1.5.0.pom (2 KB at 17.0 KB/sec)
[INFO] Downloading: http://repo.maven.apache.org/maven2/com/squareup/okio/okio-parent/1.5.0/okio-parent-1.5.0.pom
[INFO] Downloaded: http://repo.maven.apache.org/maven2/com/squareup/okio/okio-parent/1.5.0/okio-parent-1.5.0.pom (4 KB at 66.3 KB/sec)
[INFO] Downloading: https://oss.sonatype.org/content/repositories/snapshots/com/squareup/okhttp/mockwebserver/2.5.0-SNAPSHOT/maven-metadata.xml
[INFO] Downloading: https://repository.apache.org/snapshots/com/squareup/okhttp/mockwebserver/2.5.0-SNAPSHOT/maven-metadata.xml
[INFO] Downloading: https://nexus.codehaus.org/snapshots/com/squareup/okhttp/mockwebserver/2.5.0-SNAPSHOT/maven-metadata.xml
[INFO] Downloading: https://oss.sonatype.org/content/repositories/snapshots/com/squareup/okhttp/mockwebserver/2.5.0-SNAPSHOT/maven-metadata.xml
[INFO] Downloaded: https://oss.sonatype.org/content/repositories/snapshots/com/squareup/okhttp/mockwebserver/2.5.0-SNAPSHOT/maven-metadata.xml (2 KB at 23.1 KB/sec)
[INFO] Downloaded: https://oss.sonatype.org/content/repositories/snapshots/com/squareup/okhttp/mockwebserver/2.5.0-SNAPSHOT/maven-metadata.xml (2 KB at 34.4 KB/sec)
[INFO] Downloading: https://oss.sonatype.org/content/repositories/snapshots/com/squareup/okhttp/mockwebserver/2.5.0-SNAPSHOT/mockwebserver-2.5.0-20150629.221150-16.pom
[INFO] Downloaded: https://oss.sonatype.org/content/repositories/snapshots/com/squareup/okhttp/mockwebserver/2.5.0-SNAPSHOT/mockwebserver-2.5.0-20150629.221150-16.pom (3 KB at 60.4 KB/sec)
[INFO] Downloading: https://oss.sonatype.org/content/repositories/snapshots/com/squareup/okhttp/okhttp-ws/2.5.0-SNAPSHOT/maven-metadata.xml
[INFO] Downloading: https://repository.apache.org/snapshots/com/squareup/okhttp/okhttp-ws/2.5.0-SNAPSHOT/maven-metadata.xml
[INFO] Downloading: https://nexus.codehaus.org/snapshots/com/squareup/okhttp/okhttp-ws/2.5.0-SNAPSHOT/maven-metadata.xml
[INFO] Downloading: https://oss.sonatype.org/content/repositories/snapshots/com/squareup/okhttp/okhttp-ws/2.5.0-SNAPSHOT/maven-metadata.xml
[INFO] Downloaded: https://oss.sonatype.org/content/repositories/snapshots/com/squareup/okhttp/okhttp-ws/2.5.0-SNAPSHOT/maven-metadata.xml (2 KB at 26.9 KB/sec)
[INFO] Downloaded: https://oss.sonatype.org/content/repositories/snapshots/com/squareup/okhttp/okhttp-ws/2.5.0-SNAPSHOT/maven-metadata.xml (2 KB at 29.6 KB/sec)
[INFO] Downloading: https://oss.sonatype.org/content/repositories/snapshots/com/squareup/okhttp/okhttp-ws/2.5.0-SNAPSHOT/okhttp-ws-2.5.0-20150629.221141-16.pom
[INFO] Downloaded: https://oss.sonatype.org/content/repositories/snapshots/com/squareup/okhttp/okhttp-ws/2.5.0-SNAPSHOT/okhttp-ws-2.5.0-20150629.221141-16.pom (2 KB at 26.8 KB/sec)
[INFO] Downloading: https://oss.sonatype.org/content/repositories/snapshots/com/squareup/okhttp/okhttp/2.5.0-SNAPSHOT/okhttp-2.5.0-20150629.221133-16.jar
[INFO] Downloading: https://oss.sonatype.org/content/repositories/snapshots/com/squareup/okhttp/okhttp-ws/2.5.0-SNAPSHOT/okhttp-ws-2.5.0-20150629.221141-16.jar
[INFO] Downloading: https://oss.sonatype.org/content/repositories/snapshots/com/squareup/okhttp/mockwebserver/2.5.0-SNAPSHOT/mockwebserver-2.5.0-20150629.221150-16.jar
[INFO] Downloaded: https://oss.sonatype.org/content/repositories/snapshots/com/squareup/okhttp/okhttp-ws/2.5.0-SNAPSHOT/okhttp-ws-2.5.0-20150629.221141-16.jar (27 KB at 259.7 KB/sec)
[INFO] Downloaded: https://oss.sonatype.org/content/repositories/snapshots/com/squareup/okhttp/mockwebserver/2.5.0-SNAPSHOT/mockwebserver-2.5.0-20150629.221150-16.jar (43 KB at 347.9 KB/sec)
[INFO] Downloaded: https://oss.sonatype.org/content/repositories/snapshots/com/squareup/okhttp/okhttp/2.5.0-SNAPSHOT/okhttp-2.5.0-20150629.221133-16.jar (313 KB at 1405.9 KB/sec)
[INFO] Downloading: http://repo.maven.apache.org/maven2/com/squareup/okio/okio/1.5.0/okio-1.5.0.jar
[INFO] Downloaded: http://repo.maven.apache.org/maven2/com/squareup/okio/okio/1.5.0/okio-1.5.0.jar (64 KB at 923.4 KB/sec)
[INFO] 
[INFO] --- maven-enforcer-plugin:1.0:enforce (enforce-maven) @ retrofit ---
[INFO] 
[INFO] --- maven-resources-plugin:2.6:resources (default-resources) @ retrofit ---
[INFO] Using 'UTF-8' encoding to copy filtered resources.
[INFO] skip non existing resourceDirectory /home/travis/build/square/retrofit/retrofit/src/main/resources
[INFO] 
[INFO] --- maven-compiler-plugin:3.0:compile (default-compile) @ retrofit ---
[INFO] Changes detected - recompiling the module!
[INFO] Compiling 45 source files to /home/travis/build/square/retrofit/retrofit/target/classes
[WARNING] /home/travis/build/square/retrofit/retrofit/src/main/java/retrofit/RequestBuilderAction.java: /home/travis/build/square/retrofit/retrofit/src/main/java/retrofit/RequestBuilderAction.java uses unchecked or unsafe operations.
[WARNING] /home/travis/build/square/retrofit/retrofit/src/main/java/retrofit/RequestBuilderAction.java: Recompile with -Xlint:unchecked for details.
[INFO] 
[INFO] --- maven-resources-plugin:2.6:testResources (default-testResources) @ retrofit ---
[INFO] Using 'UTF-8' encoding to copy filtered resources.
[INFO] skip non existing resourceDirectory /home/travis/build/square/retrofit/retrofit/src/test/resources
[INFO] 
[INFO] --- maven-compiler-plugin:3.0:testCompile (default-testCompile) @ retrofit ---
[INFO] Changes detected - recompiling the module!
[INFO] Compiling 7 source files to /home/travis/build/square/retrofit/retrofit/target/test-classes
[INFO] 
[INFO] --- maven-surefire-plugin:2.12.4:test (default-test) @ retrofit ---
[INFO] Tests are skipped.
[INFO] 
[INFO] --- maven-jar-plugin:2.4:jar (default-jar) @ retrofit ---
[INFO] Building jar: /home/travis/build/square/retrofit/retrofit/target/retrofit-2.0.0-SNAPSHOT.jar
[INFO] 
[INFO] --- maven-checkstyle-plugin:2.15:checkstyle (default) @ retrofit ---
[INFO] Starting audit...
Audit done.
[WARNING] Unable to locate Source XRef to link to - DISABLED
[INFO] 
[INFO] --- maven-install-plugin:2.4:install (default-install) @ retrofit ---
[INFO] Installing /home/travis/build/square/retrofit/retrofit/target/retrofit-2.0.0-SNAPSHOT.jar to /home/travis/.m2/repository/com/squareup/retrofit/retrofit/2.0.0-SNAPSHOT/retrofit-2.0.0-SNAPSHOT.jar
[INFO] Installing /home/travis/build/square/retrofit/retrofit/pom.xml to /home/travis/.m2/repository/com/squareup/retrofit/retrofit/2.0.0-SNAPSHOT/retrofit-2.0.0-SNAPSHOT.pom
[INFO]                                                                         
[INFO] ------------------------------------------------------------------------
[INFO] Building Adapters 2.0.0-SNAPSHOT
[INFO] ------------------------------------------------------------------------
[INFO] 
[INFO] --- maven-enforcer-plugin:1.0:enforce (enforce-maven) @ retrofit-adapters ---
[INFO] 
[INFO] --- maven-checkstyle-plugin:2.15:checkstyle (default) @ retrofit-adapters ---
[INFO] 
[INFO] --- maven-install-plugin:2.4:install (default-install) @ retrofit-adapters ---
[INFO] Installing /home/travis/build/square/retrofit/retrofit-adapters/pom.xml to /home/travis/.m2/repository/com/squareup/retrofit/retrofit-adapters/2.0.0-SNAPSHOT/retrofit-adapters-2.0.0-SNAPSHOT.pom
[INFO]                                                                         
[INFO] ------------------------------------------------------------------------
[INFO] Building Adapter: RxJava 2.0.0-SNAPSHOT
[INFO] ------------------------------------------------------------------------
[INFO] 
[INFO] --- maven-enforcer-plugin:1.0:enforce (enforce-maven) @ adapter-rxjava ---
[INFO] 
[INFO] --- maven-resources-plugin:2.6:resources (default-resources) @ adapter-rxjava ---
[INFO] Using 'UTF-8' encoding to copy filtered resources.
[INFO] skip non existing resourceDirectory /home/travis/build/square/retrofit/retrofit-adapters/rxjava/src/main/resources
[INFO] 
[INFO] --- maven-compiler-plugin:3.0:compile (default-compile) @ adapter-rxjava ---
[INFO] Changes detected - recompiling the module!
[INFO] Compiling 2 source files to /home/travis/build/square/retrofit/retrofit-adapters/rxjava/target/classes
[INFO] 
[INFO] --- maven-resources-plugin:2.6:testResources (default-testResources) @ adapter-rxjava ---
[INFO] Using 'UTF-8' encoding to copy filtered resources.
[INFO] skip non existing resourceDirectory /home/travis/build/square/retrofit/retrofit-adapters/rxjava/src/test/resources
[INFO] 
[INFO] --- maven-compiler-plugin:3.0:testCompile (default-testCompile) @ adapter-rxjava ---
[INFO] Changes detected - recompiling the module!
[INFO] Compiling 2 source files to /home/travis/build/square/retrofit/retrofit-adapters/rxjava/target/test-classes
[INFO] 
[INFO] --- maven-surefire-plugin:2.12.4:test (default-test) @ adapter-rxjava ---
[INFO] Tests are skipped.
[INFO] 
[INFO] --- maven-jar-plugin:2.4:jar (default-jar) @ adapter-rxjava ---
[INFO] Building jar: /home/travis/build/square/retrofit/retrofit-adapters/rxjava/target/adapter-rxjava-2.0.0-SNAPSHOT.jar
[INFO] 
[INFO] --- maven-checkstyle-plugin:2.15:checkstyle (default) @ adapter-rxjava ---
[INFO] Starting audit...
Audit done.
[WARNING] Unable to locate Source XRef to link to - DISABLED
[INFO] 
[INFO] --- maven-install-plugin:2.4:install (default-install) @ adapter-rxjava ---
[INFO] Installing /home/travis/build/square/retrofit/retrofit-adapters/rxjava/target/adapter-rxjava-2.0.0-SNAPSHOT.jar to /home/travis/.m2/repository/com/squareup/retrofit/adapter-rxjava/2.0.0-SNAPSHOT/adapter-rxjava-2.0.0-SNAPSHOT.jar
[INFO] Installing /home/travis/build/square/retrofit/retrofit-adapters/rxjava/pom.xml to /home/travis/.m2/repository/com/squareup/retrofit/adapter-rxjava/2.0.0-SNAPSHOT/adapter-rxjava-2.0.0-SNAPSHOT.pom
[INFO]                                                                         
[INFO] ------------------------------------------------------------------------
[INFO] Building Converters 2.0.0-SNAPSHOT
[INFO] ------------------------------------------------------------------------
[INFO] 
[INFO] --- maven-enforcer-plugin:1.0:enforce (enforce-maven) @ retrofit-converters ---
[INFO] 
[INFO] --- maven-checkstyle-plugin:2.15:checkstyle (default) @ retrofit-converters ---
[INFO] 
[INFO] --- maven-install-plugin:2.4:install (default-install) @ retrofit-converters ---
[INFO] Installing /home/travis/build/square/retrofit/retrofit-converters/pom.xml to /home/travis/.m2/repository/com/squareup/retrofit/retrofit-converters/2.0.0-SNAPSHOT/retrofit-converters-2.0.0-SNAPSHOT.pom
[INFO]                                                                         
[INFO] ------------------------------------------------------------------------
[INFO] Building Converter: Gson 2.0.0-SNAPSHOT
[INFO] ------------------------------------------------------------------------
[INFO] 
[INFO] --- maven-enforcer-plugin:1.0:enforce (enforce-maven) @ converter-gson ---
[INFO] 
[INFO] --- maven-resources-plugin:2.6:resources (default-resources) @ converter-gson ---
[INFO] Using 'UTF-8' encoding to copy filtered resources.
[INFO] skip non existing resourceDirectory /home/travis/build/square/retrofit/retrofit-converters/gson/src/main/resources
[INFO] 
[INFO] --- maven-compiler-plugin:3.0:compile (default-compile) @ converter-gson ---
[INFO] Changes detected - recompiling the module!
[INFO] Compiling 2 source files to /home/travis/build/square/retrofit/retrofit-converters/gson/target/classes
[INFO] 
[INFO] --- maven-resources-plugin:2.6:testResources (default-testResources) @ converter-gson ---
[INFO] Using 'UTF-8' encoding to copy filtered resources.
[INFO] skip non existing resourceDirectory /home/travis/build/square/retrofit/retrofit-converters/gson/src/test/resources
[INFO] 
[INFO] --- maven-compiler-plugin:3.0:testCompile (default-testCompile) @ converter-gson ---
[INFO] Changes detected - recompiling the module!
[INFO] Compiling 1 source file to /home/travis/build/square/retrofit/retrofit-converters/gson/target/test-classes
[INFO] 
[INFO] --- maven-surefire-plugin:2.12.4:test (default-test) @ converter-gson ---
[INFO] Tests are skipped.
[INFO] 
[INFO] --- maven-jar-plugin:2.4:jar (default-jar) @ converter-gson ---
[INFO] Building jar: /home/travis/build/square/retrofit/retrofit-converters/gson/target/converter-gson-2.0.0-SNAPSHOT.jar
[INFO] 
[INFO] --- maven-checkstyle-plugin:2.15:checkstyle (default) @ converter-gson ---
[INFO] Starting audit...
Audit done.
[WARNING] Unable to locate Source XRef to link to - DISABLED
[INFO] 
[INFO] --- maven-install-plugin:2.4:install (default-install) @ converter-gson ---
[INFO] Installing /home/travis/build/square/retrofit/retrofit-converters/gson/target/converter-gson-2.0.0-SNAPSHOT.jar to /home/travis/.m2/repository/com/squareup/retrofit/converter-gson/2.0.0-SNAPSHOT/converter-gson-2.0.0-SNAPSHOT.jar
[INFO] Installing /home/travis/build/square/retrofit/retrofit-converters/gson/pom.xml to /home/travis/.m2/repository/com/squareup/retrofit/converter-gson/2.0.0-SNAPSHOT/converter-gson-2.0.0-SNAPSHOT.pom
[INFO]                                                                         
[INFO] ------------------------------------------------------------------------
[INFO] Building Converter: Protocol Buffers 2.0.0-SNAPSHOT
[INFO] ------------------------------------------------------------------------
[INFO] 
[INFO] --- maven-enforcer-plugin:1.0:enforce (enforce-maven) @ converter-protobuf ---
[INFO] 
[INFO] --- maven-resources-plugin:2.6:resources (default-resources) @ converter-protobuf ---
[INFO] Using 'UTF-8' encoding to copy filtered resources.
[INFO] skip non existing resourceDirectory /home/travis/build/square/retrofit/retrofit-converters/protobuf/src/main/resources
[INFO] 
[INFO] --- maven-compiler-plugin:3.0:compile (default-compile) @ converter-protobuf ---
[INFO] Changes detected - recompiling the module!
[INFO] Compiling 2 source files to /home/travis/build/square/retrofit/retrofit-converters/protobuf/target/classes
[WARNING] /home/travis/build/square/retrofit/retrofit-converters/protobuf/src/main/java/retrofit/ProtoConverterFactory.java: /home/travis/build/square/retrofit/retrofit-converters/protobuf/src/main/java/retrofit/ProtoConverterFactory.java uses unchecked or unsafe operations.
[WARNING] /home/travis/build/square/retrofit/retrofit-converters/protobuf/src/main/java/retrofit/ProtoConverterFactory.java: Recompile with -Xlint:unchecked for details.
[INFO] 
[INFO] --- maven-resources-plugin:2.6:testResources (default-testResources) @ converter-protobuf ---
[INFO] Using 'UTF-8' encoding to copy filtered resources.
[INFO] skip non existing resourceDirectory /home/travis/build/square/retrofit/retrofit-converters/protobuf/src/test/resources
[INFO] 
[INFO] --- maven-compiler-plugin:3.0:testCompile (default-testCompile) @ converter-protobuf ---
[INFO] Changes detected - recompiling the module!
[INFO] Compiling 2 source files to /home/travis/build/square/retrofit/retrofit-converters/protobuf/target/test-classes
[INFO] 
[INFO] --- maven-surefire-plugin:2.12.4:test (default-test) @ converter-protobuf ---
[INFO] Tests are skipped.
[INFO] 
[INFO] --- maven-jar-plugin:2.4:jar (default-jar) @ converter-protobuf ---
[INFO] Building jar: /home/travis/build/square/retrofit/retrofit-converters/protobuf/target/converter-protobuf-2.0.0-SNAPSHOT.jar
[INFO] 
[INFO] --- maven-checkstyle-plugin:2.15:checkstyle (default) @ converter-protobuf ---
[INFO] Starting audit...
Audit done.
[WARNING] Unable to locate Source XRef to link to - DISABLED
[INFO] 
[INFO] --- maven-install-plugin:2.4:install (default-install) @ converter-protobuf ---
[INFO] Installing /home/travis/build/square/retrofit/retrofit-converters/protobuf/target/converter-protobuf-2.0.0-SNAPSHOT.jar to /home/travis/.m2/repository/com/squareup/retrofit/converter-protobuf/2.0.0-SNAPSHOT/converter-protobuf-2.0.0-SNAPSHOT.jar
[INFO] Installing /home/travis/build/square/retrofit/retrofit-converters/protobuf/pom.xml to /home/travis/.m2/repository/com/squareup/retrofit/converter-protobuf/2.0.0-SNAPSHOT/converter-protobuf-2.0.0-SNAPSHOT.pom
[INFO]                                                                         
[INFO] ------------------------------------------------------------------------
[INFO] Building Converter: Jackson 2.0.0-SNAPSHOT
[INFO] ------------------------------------------------------------------------
[INFO] 
[INFO] --- maven-enforcer-plugin:1.0:enforce (enforce-maven) @ converter-jackson ---
[INFO] 
[INFO] --- maven-resources-plugin:2.6:resources (default-resources) @ converter-jackson ---
[INFO] Using 'UTF-8' encoding to copy filtered resources.
[INFO] skip non existing resourceDirectory /home/travis/build/square/retrofit/retrofit-converters/jackson/src/main/resources
[INFO] 
[INFO] --- maven-compiler-plugin:3.0:compile (default-compile) @ converter-jackson ---
[INFO] Changes detected - recompiling the module!
[INFO] Compiling 2 source files to /home/travis/build/square/retrofit/retrofit-converters/jackson/target/classes
[INFO] 
[INFO] --- maven-resources-plugin:2.6:testResources (default-testResources) @ converter-jackson ---
[INFO] Using 'UTF-8' encoding to copy filtered resources.
[INFO] skip non existing resourceDirectory /home/travis/build/square/retrofit/retrofit-converters/jackson/src/test/resources
[INFO] 
[INFO] --- maven-compiler-plugin:3.0:testCompile (default-testCompile) @ converter-jackson ---
[INFO] Changes detected - recompiling the module!
[INFO] Compiling 1 source file to /home/travis/build/square/retrofit/retrofit-converters/jackson/target/test-classes
[INFO] 
[INFO] --- maven-surefire-plugin:2.12.4:test (default-test) @ converter-jackson ---
[INFO] Tests are skipped.
[INFO] 
[INFO] --- maven-jar-plugin:2.4:jar (default-jar) @ converter-jackson ---
[INFO] Building jar: /home/travis/build/square/retrofit/retrofit-converters/jackson/target/converter-jackson-2.0.0-SNAPSHOT.jar
[INFO] 
[INFO] --- maven-checkstyle-plugin:2.15:checkstyle (default) @ converter-jackson ---
[INFO] Starting audit...
Audit done.
[WARNING] Unable to locate Source XRef to link to - DISABLED
[INFO] 
[INFO] --- maven-install-plugin:2.4:install (default-install) @ converter-jackson ---
[INFO] Installing /home/travis/build/square/retrofit/retrofit-converters/jackson/target/converter-jackson-2.0.0-SNAPSHOT.jar to /home/travis/.m2/repository/com/squareup/retrofit/converter-jackson/2.0.0-SNAPSHOT/converter-jackson-2.0.0-SNAPSHOT.jar
[INFO] Installing /home/travis/build/square/retrofit/retrofit-converters/jackson/pom.xml to /home/travis/.m2/repository/com/squareup/retrofit/converter-jackson/2.0.0-SNAPSHOT/converter-jackson-2.0.0-SNAPSHOT.pom
[INFO]                                                                         
[INFO] ------------------------------------------------------------------------
[INFO] Building Converter: Wire Protocol Buffers 2.0.0-SNAPSHOT
[INFO] ------------------------------------------------------------------------
[INFO] 
[INFO] --- maven-enforcer-plugin:1.0:enforce (enforce-maven) @ converter-wire ---
[INFO] 
[INFO] --- maven-resources-plugin:2.6:resources (default-resources) @ converter-wire ---
[INFO] Using 'UTF-8' encoding to copy filtered resources.
[INFO] skip non existing resourceDirectory /home/travis/build/square/retrofit/retrofit-converters/wire/src/main/resources
[INFO] 
[INFO] --- maven-compiler-plugin:3.0:compile (default-compile) @ converter-wire ---
[INFO] Changes detected - recompiling the module!
[INFO] Compiling 2 source files to /home/travis/build/square/retrofit/retrofit-converters/wire/target/classes
[WARNING] /home/travis/build/square/retrofit/retrofit-converters/wire/src/main/java/retrofit/WireConverterFactory.java: /home/travis/build/square/retrofit/retrofit-converters/wire/src/main/java/retrofit/WireConverterFactory.java uses unchecked or unsafe operations.
[WARNING] /home/travis/build/square/retrofit/retrofit-converters/wire/src/main/java/retrofit/WireConverterFactory.java: Recompile with -Xlint:unchecked for details.
[INFO] 
[INFO] --- maven-resources-plugin:2.6:testResources (default-testResources) @ converter-wire ---
[INFO] Using 'UTF-8' encoding to copy filtered resources.
[INFO] skip non existing resourceDirectory /home/travis/build/square/retrofit/retrofit-converters/wire/src/test/resources
[INFO] 
[INFO] --- maven-compiler-plugin:3.0:testCompile (default-testCompile) @ converter-wire ---
[INFO] Changes detected - recompiling the module!
[INFO] Compiling 2 source files to /home/travis/build/square/retrofit/retrofit-converters/wire/target/test-classes
[INFO] 
[INFO] --- maven-surefire-plugin:2.12.4:test (default-test) @ converter-wire ---
[INFO] Tests are skipped.
[INFO] 
[INFO] --- maven-jar-plugin:2.4:jar (default-jar) @ converter-wire ---
[INFO] Building jar: /home/travis/build/square/retrofit/retrofit-converters/wire/target/converter-wire-2.0.0-SNAPSHOT.jar
[INFO] 
[INFO] --- maven-checkstyle-plugin:2.15:checkstyle (default) @ converter-wire ---
[INFO] Starting audit...
Audit done.
[WARNING] Unable to locate Source XRef to link to - DISABLED
[INFO] 
[INFO] --- maven-install-plugin:2.4:install (default-install) @ converter-wire ---
[INFO] Installing /home/travis/build/square/retrofit/retrofit-converters/wire/target/converter-wire-2.0.0-SNAPSHOT.jar to /home/travis/.m2/repository/com/squareup/retrofit/converter-wire/2.0.0-SNAPSHOT/converter-wire-2.0.0-SNAPSHOT.jar
[INFO] Installing /home/travis/build/square/retrofit/retrofit-converters/wire/pom.xml to /home/travis/.m2/repository/com/squareup/retrofit/converter-wire/2.0.0-SNAPSHOT/converter-wire-2.0.0-SNAPSHOT.pom
[INFO]                                                                         
[INFO] ------------------------------------------------------------------------
[INFO] Building Converter: SimpleXML 2.0.0-SNAPSHOT
[INFO] ------------------------------------------------------------------------
[INFO] 
[INFO] --- maven-enforcer-plugin:1.0:enforce (enforce-maven) @ converter-simplexml ---
[INFO] 
[INFO] --- maven-resources-plugin:2.6:resources (default-resources) @ converter-simplexml ---
[INFO] Using 'UTF-8' encoding to copy filtered resources.
[INFO] skip non existing resourceDirectory /home/travis/build/square/retrofit/retrofit-converters/simplexml/src/main/resources
[INFO] 
[INFO] --- maven-compiler-plugin:3.0:compile (default-compile) @ converter-simplexml ---
[INFO] Changes detected - recompiling the module!
[INFO] Compiling 2 source files to /home/travis/build/square/retrofit/retrofit-converters/simplexml/target/classes
[INFO] 
[INFO] --- maven-resources-plugin:2.6:testResources (default-testResources) @ converter-simplexml ---
[INFO] Using 'UTF-8' encoding to copy filtered resources.
[INFO] skip non existing resourceDirectory /home/travis/build/square/retrofit/retrofit-converters/simplexml/src/test/resources
[INFO] 
[INFO] --- maven-compiler-plugin:3.0:testCompile (default-testCompile) @ converter-simplexml ---
[INFO] Changes detected - recompiling the module!
[INFO] Compiling 2 source files to /home/travis/build/square/retrofit/retrofit-converters/simplexml/target/test-classes
[INFO] 
[INFO] --- maven-surefire-plugin:2.12.4:test (default-test) @ converter-simplexml ---
[INFO] Tests are skipped.
[INFO] 
[INFO] --- maven-jar-plugin:2.4:jar (default-jar) @ converter-simplexml ---
[INFO] Building jar: /home/travis/build/square/retrofit/retrofit-converters/simplexml/target/converter-simplexml-2.0.0-SNAPSHOT.jar
[INFO] 
[INFO] --- maven-checkstyle-plugin:2.15:checkstyle (default) @ converter-simplexml ---
[INFO] Starting audit...
Audit done.
[WARNING] Unable to locate Source XRef to link to - DISABLED
[INFO] 
[INFO] --- maven-install-plugin:2.4:install (default-install) @ converter-simplexml ---
[INFO] Installing /home/travis/build/square/retrofit/retrofit-converters/simplexml/target/converter-simplexml-2.0.0-SNAPSHOT.jar to /home/travis/.m2/repository/com/squareup/retrofit/converter-simplexml/2.0.0-SNAPSHOT/converter-simplexml-2.0.0-SNAPSHOT.jar
[INFO] Installing /home/travis/build/square/retrofit/retrofit-converters/simplexml/pom.xml to /home/travis/.m2/repository/com/squareup/retrofit/converter-simplexml/2.0.0-SNAPSHOT/converter-simplexml-2.0.0-SNAPSHOT.pom
[INFO]                                                                         
[INFO] ------------------------------------------------------------------------
[INFO] Building Converter: Moshi 2.0.0-SNAPSHOT
[INFO] ------------------------------------------------------------------------
[INFO] 
[INFO] --- maven-enforcer-plugin:1.0:enforce (enforce-maven) @ converter-moshi ---
[INFO] 
[INFO] --- maven-resources-plugin:2.6:resources (default-resources) @ converter-moshi ---
[INFO] Using 'UTF-8' encoding to copy filtered resources.
[INFO] skip non existing resourceDirectory /home/travis/build/square/retrofit/retrofit-converters/moshi/src/main/resources
[INFO] 
[INFO] --- maven-compiler-plugin:3.0:compile (default-compile) @ converter-moshi ---
[INFO] Changes detected - recompiling the module!
[INFO] Compiling 2 source files to /home/travis/build/square/retrofit/retrofit-converters/moshi/target/classes
[INFO] 
[INFO] --- maven-resources-plugin:2.6:testResources (default-testResources) @ converter-moshi ---
[INFO] Using 'UTF-8' encoding to copy filtered resources.
[INFO] skip non existing resourceDirectory /home/travis/build/square/retrofit/retrofit-converters/moshi/src/test/resources
[INFO] 
[INFO] --- maven-compiler-plugin:3.0:testCompile (default-testCompile) @ converter-moshi ---
[INFO] Changes detected - recompiling the module!
[INFO] Compiling 1 source file to /home/travis/build/square/retrofit/retrofit-converters/moshi/target/test-classes
[INFO] 
[INFO] --- maven-surefire-plugin:2.12.4:test (default-test) @ converter-moshi ---
[INFO] Tests are skipped.
[INFO] 
[INFO] --- maven-jar-plugin:2.4:jar (default-jar) @ converter-moshi ---
[INFO] Building jar: /home/travis/build/square/retrofit/retrofit-converters/moshi/target/converter-moshi-2.0.0-SNAPSHOT.jar
[INFO] 
[INFO] --- maven-checkstyle-plugin:2.15:checkstyle (default) @ converter-moshi ---
[INFO] Starting audit...
Audit done.
[WARNING] Unable to locate Source XRef to link to - DISABLED
[INFO] 
[INFO] --- maven-install-plugin:2.4:install (default-install) @ converter-moshi ---
[INFO] Installing /home/travis/build/square/retrofit/retrofit-converters/moshi/target/converter-moshi-2.0.0-SNAPSHOT.jar to /home/travis/.m2/repository/com/squareup/retrofit/converter-moshi/2.0.0-SNAPSHOT/converter-moshi-2.0.0-SNAPSHOT.jar
[INFO] Installing /home/travis/build/square/retrofit/retrofit-converters/moshi/pom.xml to /home/travis/.m2/repository/com/squareup/retrofit/converter-moshi/2.0.0-SNAPSHOT/converter-moshi-2.0.0-SNAPSHOT.pom
[INFO]                                                                         
[INFO] ------------------------------------------------------------------------
[INFO] Building Typed Request 2.0.0-SNAPSHOT
[INFO] ------------------------------------------------------------------------
[INFO] 
[INFO] --- maven-enforcer-plugin:1.0:enforce (enforce-maven) @ retrofit-typedrequest ---
[INFO] 
[INFO] --- maven-resources-plugin:2.6:resources (default-resources) @ retrofit-typedrequest ---
[INFO] Using 'UTF-8' encoding to copy filtered resources.
[INFO] skip non existing resourceDirectory /home/travis/build/square/retrofit/retrofit-typedrequest/src/main/resources
[INFO] 
[INFO] --- maven-compiler-plugin:3.0:compile (default-compile) @ retrofit-typedrequest ---
[INFO] Changes detected - recompiling the module!
[INFO] Compiling 9 source files to /home/travis/build/square/retrofit/retrofit-typedrequest/target/classes
[WARNING] /home/travis/build/square/retrofit/retrofit-typedrequest/src/main/java/retrofit/TypedRequestRawRequestBuilder.java: /home/travis/build/square/retrofit/retrofit-typedrequest/src/main/java/retrofit/TypedRequestRawRequestBuilder.java uses unchecked or unsafe operations.
[WARNING] /home/travis/build/square/retrofit/retrofit-typedrequest/src/main/java/retrofit/TypedRequestRawRequestBuilder.java: Recompile with -Xlint:unchecked for details.
[INFO] 
[INFO] --- maven-resources-plugin:2.6:testResources (default-testResources) @ retrofit-typedrequest ---
[INFO] Using 'UTF-8' encoding to copy filtered resources.
[INFO] skip non existing resourceDirectory /home/travis/build/square/retrofit/retrofit-typedrequest/src/test/resources
[INFO] 
[INFO] --- maven-compiler-plugin:3.0:testCompile (default-testCompile) @ retrofit-typedrequest ---
[INFO] Changes detected - recompiling the module!
[INFO] Compiling 8 source files to /home/travis/build/square/retrofit/retrofit-typedrequest/target/test-classes
[WARNING] /home/travis/build/square/retrofit/retrofit-typedrequest/src/test/java/retrofit/TypedRequestRawRequestBuilderTest.java: Some input files use or override a deprecated API.
[WARNING] /home/travis/build/square/retrofit/retrofit-typedrequest/src/test/java/retrofit/TypedRequestRawRequestBuilderTest.java: Recompile with -Xlint:deprecation for details.
[INFO] 
[INFO] --- maven-surefire-plugin:2.12.4:test (default-test) @ retrofit-typedrequest ---
[INFO] Tests are skipped.
[INFO] 
[INFO] --- maven-jar-plugin:2.4:jar (default-jar) @ retrofit-typedrequest ---
[INFO] Building jar: /home/travis/build/square/retrofit/retrofit-typedrequest/target/retrofit-typedrequest-2.0.0-SNAPSHOT.jar
[INFO] 
[INFO] --- maven-checkstyle-plugin:2.15:checkstyle (default) @ retrofit-typedrequest ---
[INFO] Starting audit...
Audit done.
[WARNING] Unable to locate Source XRef to link to - DISABLED
[INFO] 
[INFO] --- maven-install-plugin:2.4:install (default-install) @ retrofit-typedrequest ---
[INFO] Installing /home/travis/build/square/retrofit/retrofit-typedrequest/target/retrofit-typedrequest-2.0.0-SNAPSHOT.jar to /home/travis/.m2/repository/com/squareup/retrofit/retrofit-typedrequest/2.0.0-SNAPSHOT/retrofit-typedrequest-2.0.0-SNAPSHOT.jar
[INFO] Installing /home/travis/build/square/retrofit/retrofit-typedrequest/pom.xml to /home/travis/.m2/repository/com/squareup/retrofit/retrofit-typedrequest/2.0.0-SNAPSHOT/retrofit-typedrequest-2.0.0-SNAPSHOT.pom
[INFO]                                                                         
[INFO] ------------------------------------------------------------------------
[INFO] Building Samples 2.0.0-SNAPSHOT
[INFO] ------------------------------------------------------------------------
[INFO] 
[INFO] --- maven-enforcer-plugin:1.0:enforce (enforce-maven) @ samples ---
[INFO] 
[INFO] --- maven-resources-plugin:2.6:resources (default-resources) @ samples ---
[INFO] Using 'UTF-8' encoding to copy filtered resources.
[INFO] skip non existing resourceDirectory /home/travis/build/square/retrofit/samples/src/main/resources
[INFO] 
[INFO] --- maven-compiler-plugin:3.0:compile (default-compile) @ samples ---
[INFO] Changes detected - recompiling the module!
[INFO] Compiling 2 source files to /home/travis/build/square/retrofit/samples/target/classes
[INFO] 
[INFO] --- maven-resources-plugin:2.6:testResources (default-testResources) @ samples ---
[INFO] Using 'UTF-8' encoding to copy filtered resources.
[INFO] skip non existing resourceDirectory /home/travis/build/square/retrofit/samples/src/test/resources
[INFO] 
[INFO] --- maven-compiler-plugin:3.0:testCompile (default-testCompile) @ samples ---
[INFO] No sources to compile
[INFO] 
[INFO] --- maven-surefire-plugin:2.12.4:test (default-test) @ samples ---
[INFO] Tests are skipped.
[INFO] 
[INFO] --- maven-jar-plugin:2.4:jar (default-jar) @ samples ---
[INFO] Building jar: /home/travis/build/square/retrofit/samples/target/samples-2.0.0-SNAPSHOT.jar
[INFO] 
[INFO] --- maven-checkstyle-plugin:2.15:checkstyle (default) @ samples ---
[INFO] Starting audit...
Audit done.
[WARNING] Unable to locate Source XRef to link to - DISABLED
[INFO] 
[INFO] --- maven-install-plugin:2.4:install (default-install) @ samples ---
[INFO] Installing /home/travis/build/square/retrofit/samples/target/samples-2.0.0-SNAPSHOT.jar to /home/travis/.m2/repository/com/squareup/retrofit/samples/2.0.0-SNAPSHOT/samples-2.0.0-SNAPSHOT.jar
[INFO] Installing /home/travis/build/square/retrofit/samples/pom.xml to /home/travis/.m2/repository/com/squareup/retrofit/samples/2.0.0-SNAPSHOT/samples-2.0.0-SNAPSHOT.pom
[INFO] ------------------------------------------------------------------------
[INFO] Reactor Summary:
[INFO] 
[INFO] Retrofit (Parent) .................................. SUCCESS [  3.132 s]
[INFO] Retrofit ........................................... SUCCESS [ 15.715 s]
[INFO] Adapters ........................................... SUCCESS [  0.043 s]
[INFO] Adapter: RxJava .................................... SUCCESS [  2.095 s]
[INFO] Converters ......................................... SUCCESS [  0.048 s]
[INFO] Converter: Gson .................................... SUCCESS [  1.222 s]
[INFO] Converter: Protocol Buffers ........................ SUCCESS [  1.024 s]
[INFO] Converter: Jackson ................................. SUCCESS [  0.945 s]
[INFO] Converter: Wire Protocol Buffers ................... SUCCESS [  0.673 s]
[INFO] Converter: SimpleXML ............................... SUCCESS [  0.474 s]
[INFO] Converter: Moshi ................................... SUCCESS [  0.671 s]
[INFO] Typed Request ...................................... SUCCESS [  1.200 s]
[INFO] Samples ............................................ SUCCESS [  0.579 s]
[INFO] ------------------------------------------------------------------------
[INFO] BUILD SUCCESS
[INFO] ------------------------------------------------------------------------
[INFO] Total time: 28.254 s
[INFO] Finished at: 2015-07-06T19:32:27+00:00
[INFO] Final Memory: 39M/401M
[INFO] ------------------------------------------------------------------------
travis_time:end:27b4b2e4:start=1436211116605389944,finish=1436211147725766849,duration=31120376905[0Ktravis_fold:end:install[0Ktravis_time:start:00193c78[0K$ mvn test -B
Java HotSpot(TM) 64-Bit Server VM warning: ignoring option MaxPermSize=192m; support was removed in 8.0
[INFO] Scanning for projects...
[WARNING] 
[WARNING] Some problems were encountered while building the effective model for com.squareup.retrofit:samples:jar:2.0.0-SNAPSHOT
[WARNING] 'build.plugins.plugin.version' for org.apache.maven.plugins:maven-deploy-plugin is missing. @ com.squareup.retrofit:samples:[unknown-version], /home/travis/build/square/retrofit/samples/pom.xml, line 36, column 15
[WARNING] 
[WARNING] It is highly recommended to fix these problems because they threaten the stability of your build.
[WARNING] 
[WARNING] For this reason, future Maven versions might no longer support building such malformed projects.
[WARNING] 
[INFO] ------------------------------------------------------------------------
[INFO] Reactor Build Order:
[INFO] 
[INFO] Retrofit (Parent)
[INFO] Retrofit
[INFO] Adapters
[INFO] Adapter: RxJava
[INFO] Converters
[INFO] Converter: Gson
[INFO] Converter: Protocol Buffers
[INFO] Converter: Jackson
[INFO] Converter: Wire Protocol Buffers
[INFO] Converter: SimpleXML
[INFO] Converter: Moshi
[INFO] Typed Request
[INFO] Samples
[INFO]                                                                         
[INFO] ------------------------------------------------------------------------
[INFO] Building Retrofit (Parent) 2.0.0-SNAPSHOT
[INFO] ------------------------------------------------------------------------
[INFO] 
[INFO] --- maven-enforcer-plugin:1.0:enforce (enforce-maven) @ parent ---
[INFO]                                                                         
[INFO] ------------------------------------------------------------------------
[INFO] Building Retrofit 2.0.0-SNAPSHOT
[INFO] ------------------------------------------------------------------------
[INFO] Downloading: https://repository.apache.org/snapshots/com/squareup/okhttp/okhttp/2.5.0-SNAPSHOT/maven-metadata.xml
[INFO] Downloading: https://repository.apache.org/snapshots/com/squareup/okhttp/parent/2.5.0-SNAPSHOT/maven-metadata.xml
[INFO] Downloading: https://repository.apache.org/snapshots/com/squareup/okhttp/mockwebserver/2.5.0-SNAPSHOT/maven-metadata.xml
[INFO] Downloading: https://repository.apache.org/snapshots/com/squareup/okhttp/okhttp-ws/2.5.0-SNAPSHOT/maven-metadata.xml
[INFO] 
[INFO] --- maven-enforcer-plugin:1.0:enforce (enforce-maven) @ retrofit ---
[INFO] 
[INFO] --- maven-resources-plugin:2.6:resources (default-resources) @ retrofit ---
[INFO] Using 'UTF-8' encoding to copy filtered resources.
[INFO] skip non existing resourceDirectory /home/travis/build/square/retrofit/retrofit/src/main/resources
[INFO] 
[INFO] --- maven-compiler-plugin:3.0:compile (default-compile) @ retrofit ---
[INFO] Changes detected - recompiling the module!
[INFO] Compiling 45 source files to /home/travis/build/square/retrofit/retrofit/target/classes
[WARNING] /home/travis/build/square/retrofit/retrofit/src/main/java/retrofit/RequestBuilderAction.java: /home/travis/build/square/retrofit/retrofit/src/main/java/retrofit/RequestBuilderAction.java uses unchecked or unsafe operations.
[WARNING] /home/travis/build/square/retrofit/retrofit/src/main/java/retrofit/RequestBuilderAction.java: Recompile with -Xlint:unchecked for details.
[INFO] 
[INFO] --- maven-resources-plugin:2.6:testResources (default-testResources) @ retrofit ---
[INFO] Using 'UTF-8' encoding to copy filtered resources.
[INFO] skip non existing resourceDirectory /home/travis/build/square/retrofit/retrofit/src/test/resources
[INFO] 
[INFO] --- maven-compiler-plugin:3.0:testCompile (default-testCompile) @ retrofit ---
[INFO] Changes detected - recompiling the module!
[INFO] Compiling 7 source files to /home/travis/build/square/retrofit/retrofit/target/test-classes
[INFO] 
[INFO] --- maven-surefire-plugin:2.12.4:test (default-test) @ retrofit ---
[INFO] Surefire report directory: /home/travis/build/square/retrofit/retrofit/target/surefire-reports

-------------------------------------------------------
 T E S T S
-------------------------------------------------------
Running retrofit.RestAdapterTest
Jul 06, 2015 7:32:40 PM com.squareup.okhttp.mockwebserver.MockWebServer$2 execute
INFO: MockWebServer[60295] starting to accept connections
Jul 06, 2015 7:32:40 PM com.squareup.okhttp.mockwebserver.MockWebServer$2 acceptConnections
INFO: MockWebServer[60295] done accepting connections: Socket closed
Jul 06, 2015 7:32:40 PM com.squareup.okhttp.mockwebserver.MockWebServer$2 execute
INFO: MockWebServer[38590] starting to accept connections
Jul 06, 2015 7:32:40 PM com.squareup.okhttp.mockwebserver.MockWebServer$2 acceptConnections
INFO: MockWebServer[38590] done accepting connections: Socket is closed
Jul 06, 2015 7:32:40 PM com.squareup.okhttp.mockwebserver.MockWebServer$2 execute
INFO: MockWebServer[34234] starting to accept connections
Jul 06, 2015 7:32:40 PM com.squareup.okhttp.mockwebserver.MockWebServer$2 acceptConnections
INFO: MockWebServer[34234] done accepting connections: Socket is closed
Jul 06, 2015 7:32:40 PM com.squareup.okhttp.mockwebserver.MockWebServer$2 execute
INFO: MockWebServer[44513] starting to accept connections
Jul 06, 2015 7:32:40 PM com.squareup.okhttp.mockwebserver.MockWebServer$2 acceptConnections
INFO: MockWebServer[44513] done accepting connections: Socket is closed
Jul 06, 2015 7:32:40 PM com.squareup.okhttp.mockwebserver.MockWebServer$2 execute
INFO: MockWebServer[43716] starting to accept connections
Jul 06, 2015 7:32:40 PM com.squareup.okhttp.mockwebserver.MockWebServer$2 acceptConnections
INFO: MockWebServer[43716] done accepting connections: Socket is closed
Jul 06, 2015 7:32:40 PM com.squareup.okhttp.mockwebserver.MockWebServer$2 execute
INFO: MockWebServer[44663] starting to accept connections
Jul 06, 2015 7:32:40 PM com.squareup.okhttp.mockwebserver.MockWebServer$2 acceptConnections
INFO: MockWebServer[44663] done accepting connections: Socket closed
Jul 06, 2015 7:32:40 PM com.squareup.okhttp.mockwebserver.MockWebServer$2 execute
INFO: MockWebServer[33261] starting to accept connections
Jul 06, 2015 7:32:40 PM com.squareup.okhttp.mockwebserver.MockWebServer$3 processOneRequest
INFO: MockWebServer[33261] received request: GET / HTTP/1.1 and responded: HTTP/1.1 200 OK
Jul 06, 2015 7:32:40 PM com.squareup.okhttp.mockwebserver.MockWebServer$2 acceptConnections
INFO: MockWebServer[33261] done accepting connections: Socket closed
Jul 06, 2015 7:32:40 PM com.squareup.okhttp.mockwebserver.MockWebServer$2 execute
INFO: MockWebServer[39343] starting to accept connections
Jul 06, 2015 7:32:40 PM com.squareup.okhttp.mockwebserver.MockWebServer$2 acceptConnections
INFO: MockWebServer[39343] done accepting connections: Socket is closed
Jul 06, 2015 7:32:40 PM com.squareup.okhttp.mockwebserver.MockWebServer$2 execute
INFO: MockWebServer[34219] starting to accept connections
Jul 06, 2015 7:32:40 PM com.squareup.okhttp.mockwebserver.MockWebServer$2 acceptConnections
INFO: MockWebServer[34219] done accepting connections: Socket is closed
Jul 06, 2015 7:32:40 PM com.squareup.okhttp.mockwebserver.MockWebServer$2 execute
INFO: MockWebServer[34985] starting to accept connections
Jul 06, 2015 7:32:40 PM com.squareup.okhttp.mockwebserver.MockWebServer$3 processOneRequest
INFO: MockWebServer[34985] received request: POST / HTTP/1.1 and responded: HTTP/1.1 200 OK
Jul 06, 2015 7:32:40 PM com.squareup.okhttp.mockwebserver.MockWebServer$2 acceptConnections
INFO: MockWebServer[34985] done accepting connections: Socket closed
Jul 06, 2015 7:32:40 PM com.squareup.okhttp.mockwebserver.MockWebServer$2 execute
INFO: MockWebServer[35889] starting to accept connections
Jul 06, 2015 7:32:40 PM com.squareup.okhttp.mockwebserver.MockWebServer$2 acceptConnections
INFO: MockWebServer[35889] done accepting connections: Socket is closed
Jul 06, 2015 7:32:40 PM com.squareup.okhttp.mockwebserver.MockWebServer$2 execute
INFO: MockWebServer[39258] starting to accept connections
Jul 06, 2015 7:32:40 PM com.squareup.okhttp.mockwebserver.MockWebServer$2 acceptConnections
INFO: MockWebServer[39258] done accepting connections: Socket is closed
Jul 06, 2015 7:32:41 PM com.squareup.okhttp.mockwebserver.MockWebServer$2 execute
INFO: MockWebServer[36887] starting to accept connections
Jul 06, 2015 7:32:41 PM com.squareup.okhttp.mockwebserver.MockWebServer$2 acceptConnections
INFO: MockWebServer[36887] done accepting connections: Socket is closed
Jul 06, 2015 7:32:41 PM com.squareup.okhttp.mockwebserver.MockWebServer$2 execute
INFO: MockWebServer[59664] starting to accept connections
Jul 06, 2015 7:32:41 PM com.squareup.okhttp.mockwebserver.MockWebServer$3 processOneRequest
INFO: MockWebServer[59664] received request: GET / HTTP/1.1 and responded: HTTP/1.1 200 OK
Jul 06, 2015 7:32:41 PM com.squareup.okhttp.mockwebserver.MockWebServer$2 acceptConnections
INFO: MockWebServer[59664] done accepting connections: Socket closed
Jul 06, 2015 7:32:41 PM com.squareup.okhttp.mockwebserver.MockWebServer$2 execute
INFO: MockWebServer[56294] starting to accept connections
Jul 06, 2015 7:32:41 PM com.squareup.okhttp.mockwebserver.MockWebServer$2 acceptConnections
INFO: MockWebServer[56294] done accepting connections: Socket closed
Jul 06, 2015 7:32:41 PM com.squareup.okhttp.mockwebserver.MockWebServer$2 execute
INFO: MockWebServer[59335] starting to accept connections
Jul 06, 2015 7:32:41 PM com.squareup.okhttp.mockwebserver.MockWebServer$2 acceptConnections
INFO: MockWebServer[59335] done accepting connections: Socket is closed
Jul 06, 2015 7:32:41 PM com.squareup.okhttp.mockwebserver.MockWebServer$2 execute
INFO: MockWebServer[37679] starting to accept connections
Jul 06, 2015 7:32:41 PM com.squareup.okhttp.mockwebserver.MockWebServer$2 acceptConnections
INFO: MockWebServer[37679] done accepting connections: Socket is closed
Jul 06, 2015 7:32:41 PM com.squareup.okhttp.mockwebserver.MockWebServer$2 execute
INFO: MockWebServer[44069] starting to accept connections
Jul 06, 2015 7:32:41 PM com.squareup.okhttp.mockwebserver.MockWebServer$2 acceptConnections
INFO: MockWebServer[44069] done accepting connections: Socket is closed
Jul 06, 2015 7:32:41 PM com.squareup.okhttp.mockwebserver.MockWebServer$2 execute
INFO: MockWebServer[42059] starting to accept connections
Jul 06, 2015 7:32:41 PM com.squareup.okhttp.mockwebserver.MockWebServer$2 acceptConnections
INFO: MockWebServer[42059] done accepting connections: Socket closed
Jul 06, 2015 7:32:41 PM com.squareup.okhttp.mockwebserver.MockWebServer$2 execute
INFO: MockWebServer[48702] starting to accept connections
Jul 06, 2015 7:32:41 PM com.squareup.okhttp.mockwebserver.MockWebServer$2 acceptConnections
INFO: MockWebServer[48702] done accepting connections: Socket closed
Jul 06, 2015 7:32:41 PM com.squareup.okhttp.mockwebserver.MockWebServer$2 execute
INFO: MockWebServer[54139] starting to accept connections
Jul 06, 2015 7:32:41 PM com.squareup.okhttp.mockwebserver.MockWebServer$2 acceptConnections
INFO: MockWebServer[54139] done accepting connections: Socket is closed
Jul 06, 2015 7:32:41 PM com.squareup.okhttp.mockwebserver.MockWebServer$2 execute
INFO: MockWebServer[42582] starting to accept connections
Jul 06, 2015 7:32:41 PM com.squareup.okhttp.mockwebserver.MockWebServer$2 acceptConnections
INFO: MockWebServer[42582] done accepting connections: Socket closed
Jul 06, 2015 7:32:41 PM com.squareup.okhttp.mockwebserver.MockWebServer$2 execute
INFO: MockWebServer[33437] starting to accept connections
Jul 06, 2015 7:32:41 PM com.squareup.okhttp.mockwebserver.MockWebServer$2 acceptConnections
INFO: MockWebServer[33437] done accepting connections: Socket is closed
Jul 06, 2015 7:32:41 PM com.squareup.okhttp.mockwebserver.MockWebServer$2 execute
INFO: MockWebServer[50145] starting to accept connections
Jul 06, 2015 7:32:41 PM com.squareup.okhttp.mockwebserver.MockWebServer$2 acceptConnections
INFO: MockWebServer[50145] done accepting connections: Socket is closed
Jul 06, 2015 7:32:41 PM com.squareup.okhttp.mockwebserver.MockWebServer$2 execute
INFO: MockWebServer[57369] starting to accept connections
Jul 06, 2015 7:32:41 PM com.squareup.okhttp.mockwebserver.MockWebServer$2 acceptConnections
INFO: MockWebServer[57369] done accepting connections: Socket is closed
Jul 06, 2015 7:32:41 PM com.squareup.okhttp.mockwebserver.MockWebServer$2 execute
INFO: MockWebServer[51683] starting to accept connections
Jul 06, 2015 7:32:41 PM com.squareup.okhttp.mockwebserver.MockWebServer$2 acceptConnections
INFO: MockWebServer[51683] done accepting connections: Socket is closed
Jul 06, 2015 7:32:41 PM com.squareup.okhttp.mockwebserver.MockWebServer$2 execute
INFO: MockWebServer[52581] starting to accept connections
Jul 06, 2015 7:32:41 PM com.squareup.okhttp.mockwebserver.MockWebServer$2 acceptConnections
INFO: MockWebServer[52581] done accepting connections: Socket is closed
Jul 06, 2015 7:32:41 PM com.squareup.okhttp.mockwebserver.MockWebServer$2 execute
INFO: MockWebServer[56101] starting to accept connections
Jul 06, 2015 7:32:41 PM com.squareup.okhttp.mockwebserver.MockWebServer$2 acceptConnections
INFO: MockWebServer[56101] done accepting connections: Socket is closed
Jul 06, 2015 7:32:41 PM com.squareup.okhttp.mockwebserver.MockWebServer$2 execute
INFO: MockWebServer[51423] starting to accept connections
Jul 06, 2015 7:32:41 PM com.squareup.okhttp.mockwebserver.MockWebServer$2 acceptConnections
INFO: MockWebServer[51423] done accepting connections: Socket is closed
Jul 06, 2015 7:32:41 PM com.squareup.okhttp.mockwebserver.MockWebServer$2 execute
INFO: MockWebServer[50024] starting to accept connections
Jul 06, 2015 7:32:41 PM com.squareup.okhttp.mockwebserver.MockWebServer$2 acceptConnections
INFO: MockWebServer[50024] done accepting connections: Socket closed
Jul 06, 2015 7:32:41 PM com.squareup.okhttp.mockwebserver.MockWebServer$2 execute
INFO: MockWebServer[55556] starting to accept connections
Jul 06, 2015 7:32:41 PM com.squareup.okhttp.mockwebserver.MockWebServer$2 acceptConnections
INFO: MockWebServer[55556] done accepting connections: Socket is closed
Jul 06, 2015 7:32:41 PM com.squareup.okhttp.mockwebserver.MockWebServer$2 execute
INFO: MockWebServer[59773] starting to accept connections
Jul 06, 2015 7:32:41 PM com.squareup.okhttp.mockwebserver.MockWebServer$2 acceptConnections
INFO: MockWebServer[59773] done accepting connections: Socket closed
Jul 06, 2015 7:32:41 PM com.squareup.okhttp.mockwebserver.MockWebServer$2 execute
INFO: MockWebServer[46281] starting to accept connections
Jul 06, 2015 7:32:41 PM com.squareup.okhttp.mockwebserver.MockWebServer$2 acceptConnections
INFO: MockWebServer[46281] done accepting connections: Socket is closed
Tests run: 33, Failures: 0, Errors: 0, Skipped: 0, Time elapsed: 1.049 sec
Running retrofit.ExecutorCallAdapterFactoryTest
Tests run: 8, Failures: 0, Errors: 0, Skipped: 0, Time elapsed: 0.001 sec
Running retrofit.RestAdapterRawRequestBuilderTest
Jul 06, 2015 7:32:41 PM com.squareup.okhttp.mockwebserver.MockWebServer$2 execute
INFO: MockWebServer[41391] starting to accept connections
Jul 06, 2015 7:32:41 PM com.squareup.okhttp.mockwebserver.MockWebServer$2 acceptConnections
INFO: MockWebServer[41391] done accepting connections: Socket is closed
Jul 06, 2015 7:32:41 PM com.squareup.okhttp.mockwebserver.MockWebServer$2 execute
INFO: MockWebServer[34216] starting to accept connections
Jul 06, 2015 7:32:41 PM com.squareup.okhttp.mockwebserver.MockWebServer$2 acceptConnections
INFO: MockWebServer[34216] done accepting connections: Socket is closed
Jul 06, 2015 7:32:41 PM com.squareup.okhttp.mockwebserver.MockWebServer$2 execute
INFO: MockWebServer[39572] starting to accept connections
Jul 06, 2015 7:32:41 PM com.squareup.okhttp.mockwebserver.MockWebServer$2 acceptConnections
INFO: MockWebServer[39572] done accepting connections: Socket is closed
Jul 06, 2015 7:32:41 PM com.squareup.okhttp.mockwebserver.MockWebServer$2 execute
INFO: MockWebServer[38996] starting to accept connections
Jul 06, 2015 7:32:41 PM com.squareup.okhttp.mockwebserver.MockWebServer$2 acceptConnections
INFO: MockWebServer[38996] done accepting connections: Socket is closed
Jul 06, 2015 7:32:41 PM com.squareup.okhttp.mockwebserver.MockWebServer$2 execute
INFO: MockWebServer[54068] starting to accept connections
Jul 06, 2015 7:32:41 PM com.squareup.okhttp.mockwebserver.MockWebServer$2 acceptConnections
INFO: MockWebServer[54068] done accepting connections: Socket is closed
Jul 06, 2015 7:32:41 PM com.squareup.okhttp.mockwebserver.MockWebServer$2 execute
INFO: MockWebServer[55016] starting to accept connections
Jul 06, 2015 7:32:41 PM com.squareup.okhttp.mockwebserver.MockWebServer$2 acceptConnections
INFO: MockWebServer[55016] done accepting connections: Socket is closed
Jul 06, 2015 7:32:41 PM com.squareup.okhttp.mockwebserver.MockWebServer$2 execute
INFO: MockWebServer[57652] starting to accept connections
Jul 06, 2015 7:32:41 PM com.squareup.okhttp.mockwebserver.MockWebServer$2 acceptConnections
INFO: MockWebServer[57652] done accepting connections: Socket closed
Jul 06, 2015 7:32:41 PM com.squareup.okhttp.mockwebserver.MockWebServer$2 execute
INFO: MockWebServer[59181] starting to accept connections
Jul 06, 2015 7:32:41 PM com.squareup.okhttp.mockwebserver.MockWebServer$2 acceptConnections
INFO: MockWebServer[59181] done accepting connections: Socket closed
Jul 06, 2015 7:32:41 PM com.squareup.okhttp.mockwebserver.MockWebServer$2 execute
INFO: MockWebServer[34904] starting to accept connections
Jul 06, 2015 7:32:41 PM com.squareup.okhttp.mockwebserver.MockWebServer$2 acceptConnections
INFO: MockWebServer[34904] done accepting connections: Socket is closed
Jul 06, 2015 7:32:41 PM com.squareup.okhttp.mockwebserver.MockWebServer$2 execute
INFO: MockWebServer[45701] starting to accept connections
Jul 06, 2015 7:32:41 PM com.squareup.okhttp.mockwebserver.MockWebServer$2 acceptConnections
INFO: MockWebServer[45701] done accepting connections: Socket closed
Jul 06, 2015 7:32:41 PM com.squareup.okhttp.mockwebserver.MockWebServer$2 execute
INFO: MockWebServer[58790] starting to accept connections
Jul 06, 2015 7:32:41 PM com.squareup.okhttp.mockwebserver.MockWebServer$2 acceptConnections
INFO: MockWebServer[58790] done accepting connections: Socket is closed
Jul 06, 2015 7:32:41 PM com.squareup.okhttp.mockwebserver.MockWebServer$2 execute
INFO: MockWebServer[56451] starting to accept connections
Jul 06, 2015 7:32:41 PM com.squareup.okhttp.mockwebserver.MockWebServer$2 acceptConnections
INFO: MockWebServer[56451] done accepting connections: Socket is closed
Jul 06, 2015 7:32:41 PM com.squareup.okhttp.mockwebserver.MockWebServer$2 execute
INFO: MockWebServer[55365] starting to accept connections
Jul 06, 2015 7:32:41 PM com.squareup.okhttp.mockwebserver.MockWebServer$2 acceptConnections
INFO: MockWebServer[55365] done accepting connections: Socket is closed
Jul 06, 2015 7:32:41 PM com.squareup.okhttp.mockwebserver.MockWebServer$2 execute
INFO: MockWebServer[38704] starting to accept connections
Jul 06, 2015 7:32:41 PM com.squareup.okhttp.mockwebserver.MockWebServer$2 acceptConnections
INFO: MockWebServer[38704] done accepting connections: Socket is closed
Jul 06, 2015 7:32:41 PM com.squareup.okhttp.mockwebserver.MockWebServer$2 execute
INFO: MockWebServer[33184] starting to accept connections
Jul 06, 2015 7:32:41 PM com.squareup.okhttp.mockwebserver.MockWebServer$2 acceptConnections
INFO: MockWebServer[33184] done accepting connections: Socket closed
Jul 06, 2015 7:32:41 PM com.squareup.okhttp.mockwebserver.MockWebServer$2 execute
INFO: MockWebServer[34006] starting to accept connections
Jul 06, 2015 7:32:41 PM com.squareup.okhttp.mockwebserver.MockWebServer$2 acceptConnections
INFO: MockWebServer[34006] done accepting connections: Socket is closed
Jul 06, 2015 7:32:41 PM com.squareup.okhttp.mockwebserver.MockWebServer$2 execute
INFO: MockWebServer[36713] starting to accept connections
Jul 06, 2015 7:32:41 PM com.squareup.okhttp.mockwebserver.MockWebServer$2 acceptConnections
INFO: MockWebServer[36713] done accepting connections: Socket closed
Jul 06, 2015 7:32:41 PM com.squareup.okhttp.mockwebserver.MockWebServer$2 execute
INFO: MockWebServer[48128] starting to accept connections
Jul 06, 2015 7:32:41 PM com.squareup.okhttp.mockwebserver.MockWebServer$2 acceptConnections
INFO: MockWebServer[48128] done accepting connections: Socket is closed
Jul 06, 2015 7:32:41 PM com.squareup.okhttp.mockwebserver.MockWebServer$2 execute
INFO: MockWebServer[56626] starting to accept connections
Jul 06, 2015 7:32:41 PM com.squareup.okhttp.mockwebserver.MockWebServer$2 acceptConnections
INFO: MockWebServer[56626] done accepting connections: Socket is closed
Jul 06, 2015 7:32:41 PM com.squareup.okhttp.mockwebserver.MockWebServer$2 execute
INFO: MockWebServer[40795] starting to accept connections
Jul 06, 2015 7:32:41 PM com.squareup.okhttp.mockwebserver.MockWebServer$2 acceptConnections
INFO: MockWebServer[40795] done accepting connections: Socket closed
Jul 06, 2015 7:32:41 PM com.squareup.okhttp.mockwebserver.MockWebServer$2 execute
INFO: MockWebServer[56229] starting to accept connections
Jul 06, 2015 7:32:41 PM com.squareup.okhttp.mockwebserver.MockWebServer$2 acceptConnections
INFO: MockWebServer[56229] done accepting connections: Socket is closed
Jul 06, 2015 7:32:41 PM com.squareup.okhttp.mockwebserver.MockWebServer$2 execute
INFO: MockWebServer[58446] starting to accept connections
Jul 06, 2015 7:32:41 PM com.squareup.okhttp.mockwebserver.MockWebServer$2 acceptConnections
INFO: MockWebServer[58446] done accepting connections: Socket is closed
Jul 06, 2015 7:32:41 PM com.squareup.okhttp.mockwebserver.MockWebServer$2 execute
INFO: MockWebServer[46150] starting to accept connections
Jul 06, 2015 7:32:41 PM com.squareup.okhttp.mockwebserver.MockWebServer$2 acceptConnections
INFO: MockWebServer[46150] done accepting connections: Socket is closed
Jul 06, 2015 7:32:41 PM com.squareup.okhttp.mockwebserver.MockWebServer$2 execute
INFO: MockWebServer[49651] starting to accept connections
Jul 06, 2015 7:32:41 PM com.squareup.okhttp.mockwebserver.MockWebServer$2 acceptConnections
INFO: MockWebServer[49651] done accepting connections: Socket closed
Jul 06, 2015 7:32:41 PM com.squareup.okhttp.mockwebserver.MockWebServer$2 execute
INFO: MockWebServer[44358] starting to accept connections
Jul 06, 2015 7:32:41 PM com.squareup.okhttp.mockwebserver.MockWebServer$2 acceptConnections
INFO: MockWebServer[44358] done accepting connections: Socket closed
Jul 06, 2015 7:32:41 PM com.squareup.okhttp.mockwebserver.MockWebServer$2 execute
INFO: MockWebServer[55615] starting to accept connections
Jul 06, 2015 7:32:41 PM com.squareup.okhttp.mockwebserver.MockWebServer$2 acceptConnections
INFO: MockWebServer[55615] done accepting connections: Socket is closed
Jul 06, 2015 7:32:41 PM com.squareup.okhttp.mockwebserver.MockWebServer$2 execute
INFO: MockWebServer[59213] starting to accept connections
Jul 06, 2015 7:32:41 PM com.squareup.okhttp.mockwebserver.MockWebServer$2 acceptConnections
INFO: MockWebServer[59213] done accepting connections: Socket closed
Jul 06, 2015 7:32:41 PM com.squareup.okhttp.mockwebserver.MockWebServer$2 execute
INFO: MockWebServer[58373] starting to accept connections
Jul 06, 2015 7:32:41 PM com.squareup.okhttp.mockwebserver.MockWebServer$2 acceptConnections
INFO: MockWebServer[58373] done accepting connections: Socket is closed
Jul 06, 2015 7:32:41 PM com.squareup.okhttp.mockwebserver.MockWebServer$2 execute
INFO: MockWebServer[47541] starting to accept connections
Jul 06, 2015 7:32:41 PM com.squareup.okhttp.mockwebserver.MockWebServer$2 acceptConnections
INFO: MockWebServer[47541] done accepting connections: Socket is closed
Jul 06, 2015 7:32:41 PM com.squareup.okhttp.mockwebserver.MockWebServer$2 execute
INFO: MockWebServer[43499] starting to accept connections
Jul 06, 2015 7:32:41 PM com.squareup.okhttp.mockwebserver.MockWebServer$2 acceptConnections
INFO: MockWebServer[43499] done accepting connections: Socket closed
Jul 06, 2015 7:32:41 PM com.squareup.okhttp.mockwebserver.MockWebServer$2 execute
INFO: MockWebServer[47744] starting to accept connections
Jul 06, 2015 7:32:41 PM com.squareup.okhttp.mockwebserver.MockWebServer$2 acceptConnections
INFO: MockWebServer[47744] done accepting connections: Socket is closed
Jul 06, 2015 7:32:41 PM com.squareup.okhttp.mockwebserver.MockWebServer$2 execute
INFO: MockWebServer[57988] starting to accept connections
Jul 06, 2015 7:32:41 PM com.squareup.okhttp.mockwebserver.MockWebServer$2 acceptConnections
INFO: MockWebServer[57988] done accepting connections: Socket is closed
Jul 06, 2015 7:32:41 PM com.squareup.okhttp.mockwebserver.MockWebServer$2 execute
INFO: MockWebServer[60120] starting to accept connections
Jul 06, 2015 7:32:41 PM com.squareup.okhttp.mockwebserver.MockWebServer$2 acceptConnections
INFO: MockWebServer[60120] done accepting connections: Socket is closed
Jul 06, 2015 7:32:41 PM com.squareup.okhttp.mockwebserver.MockWebServer$2 execute
INFO: MockWebServer[45058] starting to accept connections
Jul 06, 2015 7:32:41 PM com.squareup.okhttp.mockwebserver.MockWebServer$2 acceptConnections
INFO: MockWebServer[45058] done accepting connections: Socket is closed
Jul 06, 2015 7:32:41 PM com.squareup.okhttp.mockwebserver.MockWebServer$2 execute
INFO: MockWebServer[41374] starting to accept connections
Jul 06, 2015 7:32:41 PM com.squareup.okhttp.mockwebserver.MockWebServer$2 acceptConnections
INFO: MockWebServer[41374] done accepting connections: Socket closed
Jul 06, 2015 7:32:41 PM com.squareup.okhttp.mockwebserver.MockWebServer$2 execute
INFO: MockWebServer[56746] starting to accept connections
Jul 06, 2015 7:32:41 PM com.squareup.okhttp.mockwebserver.MockWebServer$2 acceptConnections
INFO: MockWebServer[56746] done accepting connections: Socket closed
Jul 06, 2015 7:32:41 PM com.squareup.okhttp.mockwebserver.MockWebServer$2 execute
INFO: MockWebServer[49851] starting to accept connections
Jul 06, 2015 7:32:41 PM com.squareup.okhttp.mockwebserver.MockWebServer$2 acceptConnections
INFO: MockWebServer[49851] done accepting connections: Socket closed
Jul 06, 2015 7:32:41 PM com.squareup.okhttp.mockwebserver.MockWebServer$2 execute
INFO: MockWebServer[39582] starting to accept connections
Jul 06, 2015 7:32:41 PM com.squareup.okhttp.mockwebserver.MockWebServer$2 acceptConnections
INFO: MockWebServer[39582] done accepting connections: Socket is closed
Jul 06, 2015 7:32:41 PM com.squareup.okhttp.mockwebserver.MockWebServer$2 execute
INFO: MockWebServer[57443] starting to accept connections
Jul 06, 2015 7:32:41 PM com.squareup.okhttp.mockwebserver.MockWebServer$2 acceptConnections
INFO: MockWebServer[57443] done accepting connections: Socket closed
Jul 06, 2015 7:32:41 PM com.squareup.okhttp.mockwebserver.MockWebServer$2 execute
INFO: MockWebServer[47255] starting to accept connections
Jul 06, 2015 7:32:41 PM com.squareup.okhttp.mockwebserver.MockWebServer$2 acceptConnections
INFO: MockWebServer[47255] done accepting connections: Socket is closed
Jul 06, 2015 7:32:41 PM com.squareup.okhttp.mockwebserver.MockWebServer$2 execute
INFO: MockWebServer[46102] starting to accept connections
Jul 06, 2015 7:32:41 PM com.squareup.okhttp.mockwebserver.MockWebServer$2 acceptConnections
INFO: MockWebServer[46102] done accepting connections: Socket closed
Jul 06, 2015 7:32:41 PM com.squareup.okhttp.mockwebserver.MockWebServer$2 execute
INFO: MockWebServer[38186] starting to accept connections
Jul 06, 2015 7:32:41 PM com.squareup.okhttp.mockwebserver.MockWebServer$2 acceptConnections
INFO: MockWebServer[38186] done accepting connections: Socket is closed
Jul 06, 2015 7:32:41 PM com.squareup.okhttp.mockwebserver.MockWebServer$2 execute
INFO: MockWebServer[53896] starting to accept connections
Jul 06, 2015 7:32:41 PM com.squareup.okhttp.mockwebserver.MockWebServer$2 acceptConnections
INFO: MockWebServer[53896] done accepting connections: Socket is closed
Jul 06, 2015 7:32:41 PM com.squareup.okhttp.mockwebserver.MockWebServer$2 execute
INFO: MockWebServer[42181] starting to accept connections
Jul 06, 2015 7:32:41 PM com.squareup.okhttp.mockwebserver.MockWebServer$2 acceptConnections
INFO: MockWebServer[42181] done accepting connections: Socket closed
Jul 06, 2015 7:32:41 PM com.squareup.okhttp.mockwebserver.MockWebServer$2 execute
INFO: MockWebServer[43940] starting to accept connections
Jul 06, 2015 7:32:41 PM com.squareup.okhttp.mockwebserver.MockWebServer$2 acceptConnections
INFO: MockWebServer[43940] done accepting connections: Socket closed
Jul 06, 2015 7:32:41 PM com.squareup.okhttp.mockwebserver.MockWebServer$2 execute
INFO: MockWebServer[55816] starting to accept connections
Jul 06, 2015 7:32:41 PM com.squareup.okhttp.mockwebserver.MockWebServer$2 acceptConnections
INFO: MockWebServer[55816] done accepting connections: Socket closed
Jul 06, 2015 7:32:41 PM com.squareup.okhttp.mockwebserver.MockWebServer$2 execute
INFO: MockWebServer[45333] starting to accept connections
Jul 06, 2015 7:32:41 PM com.squareup.okhttp.mockwebserver.MockWebServer$2 acceptConnections
INFO: MockWebServer[45333] done accepting connections: Socket closed
Jul 06, 2015 7:32:41 PM com.squareup.okhttp.mockwebserver.MockWebServer$2 execute
INFO: MockWebServer[40013] starting to accept connections
Jul 06, 2015 7:32:41 PM com.squareup.okhttp.mockwebserver.MockWebServer$2 acceptConnections
INFO: MockWebServer[40013] done accepting connections: Socket closed
Jul 06, 2015 7:32:41 PM com.squareup.okhttp.mockwebserver.MockWebServer$2 execute
INFO: MockWebServer[50457] starting to accept connections
Jul 06, 2015 7:32:41 PM com.squareup.okhttp.mockwebserver.MockWebServer$2 acceptConnections
INFO: MockWebServer[50457] done accepting connections: Socket closed
Jul 06, 2015 7:32:41 PM com.squareup.okhttp.mockwebserver.MockWebServer$2 execute
INFO: MockWebServer[59155] starting to accept connections
Jul 06, 2015 7:32:41 PM com.squareup.okhttp.mockwebserver.MockWebServer$2 acceptConnections
INFO: MockWebServer[59155] done accepting connections: Socket is closed
Jul 06, 2015 7:32:41 PM com.squareup.okhttp.mockwebserver.MockWebServer$2 execute
INFO: MockWebServer[35216] starting to accept connections
Jul 06, 2015 7:32:41 PM com.squareup.okhttp.mockwebserver.MockWebServer$2 acceptConnections
INFO: MockWebServer[35216] done accepting connections: Socket is closed
Jul 06, 2015 7:32:41 PM com.squareup.okhttp.mockwebserver.MockWebServer$2 execute
INFO: MockWebServer[45583] starting to accept connections
Jul 06, 2015 7:32:41 PM com.squareup.okhttp.mockwebserver.MockWebServer$2 acceptConnections
INFO: MockWebServer[45583] done accepting connections: Socket closed
Jul 06, 2015 7:32:41 PM com.squareup.okhttp.mockwebserver.MockWebServer$2 execute
INFO: MockWebServer[39407] starting to accept connections
Jul 06, 2015 7:32:41 PM com.squareup.okhttp.mockwebserver.MockWebServer$2 acceptConnections
INFO: MockWebServer[39407] done accepting connections: Socket is closed
Jul 06, 2015 7:32:41 PM com.squareup.okhttp.mockwebserver.MockWebServer$2 execute
INFO: MockWebServer[50268] starting to accept connections
Jul 06, 2015 7:32:41 PM com.squareup.okhttp.mockwebserver.MockWebServer$2 acceptConnections
INFO: MockWebServer[50268] done accepting connections: Socket closed
Jul 06, 2015 7:32:41 PM com.squareup.okhttp.mockwebserver.MockWebServer$2 execute
INFO: MockWebServer[39039] starting to accept connections
Jul 06, 2015 7:32:41 PM com.squareup.okhttp.mockwebserver.MockWebServer$2 acceptConnections
INFO: MockWebServer[39039] done accepting connections: Socket is closed
Jul 06, 2015 7:32:41 PM com.squareup.okhttp.mockwebserver.MockWebServer$2 execute
INFO: MockWebServer[57904] starting to accept connections
Jul 06, 2015 7:32:41 PM com.squareup.okhttp.mockwebserver.MockWebServer$2 acceptConnections
INFO: MockWebServer[57904] done accepting connections: Socket is closed
Jul 06, 2015 7:32:41 PM com.squareup.okhttp.mockwebserver.MockWebServer$2 execute
INFO: MockWebServer[39178] starting to accept connections
Jul 06, 2015 7:32:41 PM com.squareup.okhttp.mockwebserver.MockWebServer$2 acceptConnections
INFO: MockWebServer[39178] done accepting connections: Socket is closed
Jul 06, 2015 7:32:41 PM com.squareup.okhttp.mockwebserver.MockWebServer$2 execute
INFO: MockWebServer[36594] starting to accept connections
Jul 06, 2015 7:32:41 PM com.squareup.okhttp.mockwebserver.MockWebServer$2 acceptConnections
INFO: MockWebServer[36594] done accepting connections: Socket closed
Jul 06, 2015 7:32:41 PM com.squareup.okhttp.mockwebserver.MockWebServer$2 execute
INFO: MockWebServer[36185] starting to accept connections
Jul 06, 2015 7:32:41 PM com.squareup.okhttp.mockwebserver.MockWebServer$2 acceptConnections
INFO: MockWebServer[36185] done accepting connections: Socket closed
Jul 06, 2015 7:32:41 PM com.squareup.okhttp.mockwebserver.MockWebServer$2 execute
INFO: MockWebServer[57363] starting to accept connections
Jul 06, 2015 7:32:41 PM com.squareup.okhttp.mockwebserver.MockWebServer$2 acceptConnections
INFO: MockWebServer[57363] done accepting connections: Socket is closed
Jul 06, 2015 7:32:41 PM com.squareup.okhttp.mockwebserver.MockWebServer$2 execute
INFO: MockWebServer[48333] starting to accept connections
Jul 06, 2015 7:32:41 PM com.squareup.okhttp.mockwebserver.MockWebServer$2 acceptConnections
INFO: MockWebServer[48333] done accepting connections: Socket is closed
Jul 06, 2015 7:32:41 PM com.squareup.okhttp.mockwebserver.MockWebServer$2 execute
INFO: MockWebServer[60665] starting to accept connections
Jul 06, 2015 7:32:41 PM com.squareup.okhttp.mockwebserver.MockWebServer$2 acceptConnections
INFO: MockWebServer[60665] done accepting connections: Socket is closed
Jul 06, 2015 7:32:41 PM com.squareup.okhttp.mockwebserver.MockWebServer$2 execute
INFO: MockWebServer[50506] starting to accept connections
Jul 06, 2015 7:32:41 PM com.squareup.okhttp.mockwebserver.MockWebServer$2 acceptConnections
INFO: MockWebServer[50506] done accepting connections: Socket is closed
Jul 06, 2015 7:32:41 PM com.squareup.okhttp.mockwebserver.MockWebServer$2 execute
INFO: MockWebServer[45556] starting to accept connections
Jul 06, 2015 7:32:41 PM com.squareup.okhttp.mockwebserver.MockWebServer$2 acceptConnections
INFO: MockWebServer[45556] done accepting connections: Socket is closed
Jul 06, 2015 7:32:41 PM com.squareup.okhttp.mockwebserver.MockWebServer$2 execute
INFO: MockWebServer[39612] starting to accept connections
Jul 06, 2015 7:32:41 PM com.squareup.okhttp.mockwebserver.MockWebServer$2 acceptConnections
INFO: MockWebServer[39612] done accepting connections: Socket closed
Jul 06, 2015 7:32:41 PM com.squareup.okhttp.mockwebserver.MockWebServer$2 execute
INFO: MockWebServer[46680] starting to accept connections
Jul 06, 2015 7:32:41 PM com.squareup.okhttp.mockwebserver.MockWebServer$2 acceptConnections
INFO: MockWebServer[46680] done accepting connections: Socket closed
Jul 06, 2015 7:32:41 PM com.squareup.okhttp.mockwebserver.MockWebServer$2 execute
INFO: MockWebServer[51072] starting to accept connections
Jul 06, 2015 7:32:41 PM com.squareup.okhttp.mockwebserver.MockWebServer$2 acceptConnections
INFO: MockWebServer[51072] done accepting connections: Socket closed
Jul 06, 2015 7:32:41 PM com.squareup.okhttp.mockwebserver.MockWebServer$2 execute
INFO: MockWebServer[40227] starting to accept connections
Jul 06, 2015 7:32:41 PM com.squareup.okhttp.mockwebserver.MockWebServer$2 acceptConnections
INFO: MockWebServer[40227] done accepting connections: Socket closed
Jul 06, 2015 7:32:41 PM com.squareup.okhttp.mockwebserver.MockWebServer$2 execute
INFO: MockWebServer[58872] starting to accept connections
Jul 06, 2015 7:32:41 PM com.squareup.okhttp.mockwebserver.MockWebServer$2 acceptConnections
INFO: MockWebServer[58872] done accepting connections: Socket closed
Jul 06, 2015 7:32:41 PM com.squareup.okhttp.mockwebserver.MockWebServer$2 execute
INFO: MockWebServer[38386] starting to accept connections
Jul 06, 2015 7:32:41 PM com.squareup.okhttp.mockwebserver.MockWebServer$2 acceptConnections
INFO: MockWebServer[38386] done accepting connections: Socket is closed
Jul 06, 2015 7:32:41 PM com.squareup.okhttp.mockwebserver.MockWebServer$2 execute
INFO: MockWebServer[33816] starting to accept connections
Jul 06, 2015 7:32:41 PM com.squareup.okhttp.mockwebserver.MockWebServer$2 acceptConnections
INFO: MockWebServer[33816] done accepting connections: Socket closed
Jul 06, 2015 7:32:41 PM com.squareup.okhttp.mockwebserver.MockWebServer$2 execute
INFO: MockWebServer[53039] starting to accept connections
Jul 06, 2015 7:32:41 PM com.squareup.okhttp.mockwebserver.MockWebServer$2 acceptConnections
INFO: MockWebServer[53039] done accepting connections: Socket is closed
Jul 06, 2015 7:32:41 PM com.squareup.okhttp.mockwebserver.MockWebServer$2 execute
INFO: MockWebServer[43122] starting to accept connections
Jul 06, 2015 7:32:41 PM com.squareup.okhttp.mockwebserver.MockWebServer$2 acceptConnections
INFO: MockWebServer[43122] done accepting connections: Socket closed
Jul 06, 2015 7:32:41 PM com.squareup.okhttp.mockwebserver.MockWebServer$2 execute
INFO: MockWebServer[51856] starting to accept connections
Jul 06, 2015 7:32:41 PM com.squareup.okhttp.mockwebserver.MockWebServer$2 acceptConnections
INFO: MockWebServer[51856] done accepting connections: Socket is closed
Jul 06, 2015 7:32:41 PM com.squareup.okhttp.mockwebserver.MockWebServer$2 execute
INFO: MockWebServer[55949] starting to accept connections
Jul 06, 2015 7:32:41 PM com.squareup.okhttp.mockwebserver.MockWebServer$2 acceptConnections
INFO: MockWebServer[55949] done accepting connections: Socket is closed
Jul 06, 2015 7:32:41 PM com.squareup.okhttp.mockwebserver.MockWebServer$2 execute
INFO: MockWebServer[54947] starting to accept connections
Jul 06, 2015 7:32:41 PM com.squareup.okhttp.mockwebserver.MockWebServer$2 acceptConnections
INFO: MockWebServer[54947] done accepting connections: Socket is closed
Jul 06, 2015 7:32:41 PM com.squareup.okhttp.mockwebserver.MockWebServer$2 execute
INFO: MockWebServer[50015] starting to accept connections
Jul 06, 2015 7:32:41 PM com.squareup.okhttp.mockwebserver.MockWebServer$2 acceptConnections
INFO: MockWebServer[50015] done accepting connections: Socket is closed
Jul 06, 2015 7:32:41 PM com.squareup.okhttp.mockwebserver.MockWebServer$2 execute
INFO: MockWebServer[51197] starting to accept connections
Jul 06, 2015 7:32:41 PM com.squareup.okhttp.mockwebserver.MockWebServer$2 acceptConnections
INFO: MockWebServer[51197] done accepting connections: Socket is closed
Jul 06, 2015 7:32:41 PM com.squareup.okhttp.mockwebserver.MockWebServer$2 execute
INFO: MockWebServer[57032] starting to accept connections
Jul 06, 2015 7:32:41 PM com.squareup.okhttp.mockwebserver.MockWebServer$2 acceptConnections
INFO: MockWebServer[57032] done accepting connections: Socket is closed
Jul 06, 2015 7:32:41 PM com.squareup.okhttp.mockwebserver.MockWebServer$2 execute
INFO: MockWebServer[55861] starting to accept connections
Jul 06, 2015 7:32:41 PM com.squareup.okhttp.mockwebserver.MockWebServer$2 acceptConnections
INFO: MockWebServer[55861] done accepting connections: Socket is closed
Jul 06, 2015 7:32:41 PM com.squareup.okhttp.mockwebserver.MockWebServer$2 execute
INFO: MockWebServer[54863] starting to accept connections
Jul 06, 2015 7:32:41 PM com.squareup.okhttp.mockwebserver.MockWebServer$2 acceptConnections
INFO: MockWebServer[54863] done accepting connections: Socket closed
Jul 06, 2015 7:32:41 PM com.squareup.okhttp.mockwebserver.MockWebServer$2 execute
INFO: MockWebServer[36798] starting to accept connections
Jul 06, 2015 7:32:41 PM com.squareup.okhttp.mockwebserver.MockWebServer$2 acceptConnections
INFO: MockWebServer[36798] done accepting connections: Socket is closed
Jul 06, 2015 7:32:41 PM com.squareup.okhttp.mockwebserver.MockWebServer$2 execute
INFO: MockWebServer[57814] starting to accept connections
Jul 06, 2015 7:32:41 PM com.squareup.okhttp.mockwebserver.MockWebServer$2 acceptConnections
INFO: MockWebServer[57814] done accepting connections: Socket is closed
Jul 06, 2015 7:32:41 PM com.squareup.okhttp.mockwebserver.MockWebServer$2 execute
INFO: MockWebServer[53850] starting to accept connections
Jul 06, 2015 7:32:41 PM com.squareup.okhttp.mockwebserver.MockWebServer$2 acceptConnections
INFO: MockWebServer[53850] done accepting connections: Socket is closed
Jul 06, 2015 7:32:41 PM com.squareup.okhttp.mockwebserver.MockWebServer$2 execute
INFO: MockWebServer[36108] starting to accept connections
Jul 06, 2015 7:32:41 PM com.squareup.okhttp.mockwebserver.MockWebServer$2 acceptConnections
INFO: MockWebServer[36108] done accepting connections: Socket is closed
Jul 06, 2015 7:32:41 PM com.squareup.okhttp.mockwebserver.MockWebServer$2 execute
INFO: MockWebServer[51195] starting to accept connections
Jul 06, 2015 7:32:41 PM com.squareup.okhttp.mockwebserver.MockWebServer$2 acceptConnections
INFO: MockWebServer[51195] done accepting connections: Socket closed
Jul 06, 2015 7:32:41 PM com.squareup.okhttp.mockwebserver.MockWebServer$2 execute
INFO: MockWebServer[36358] starting to accept connections
Jul 06, 2015 7:32:41 PM com.squareup.okhttp.mockwebserver.MockWebServer$2 acceptConnections
INFO: MockWebServer[36358] done accepting connections: Socket is closed
Jul 06, 2015 7:32:41 PM com.squareup.okhttp.mockwebserver.MockWebServer$2 execute
INFO: MockWebServer[54411] starting to accept connections
Jul 06, 2015 7:32:41 PM com.squareup.okhttp.mockwebserver.MockWebServer$2 acceptConnections
INFO: MockWebServer[54411] done accepting connections: Socket closed
Jul 06, 2015 7:32:41 PM com.squareup.okhttp.mockwebserver.MockWebServer$2 execute
INFO: MockWebServer[46614] starting to accept connections
Jul 06, 2015 7:32:41 PM com.squareup.okhttp.mockwebserver.MockWebServer$2 acceptConnections
INFO: MockWebServer[46614] done accepting connections: Socket is closed
Jul 06, 2015 7:32:41 PM com.squareup.okhttp.mockwebserver.MockWebServer$2 execute
INFO: MockWebServer[55438] starting to accept connections
Jul 06, 2015 7:32:41 PM com.squareup.okhttp.mockwebserver.MockWebServer$2 acceptConnections
INFO: MockWebServer[55438] done accepting connections: Socket closed
Jul 06, 2015 7:32:41 PM com.squareup.okhttp.mockwebserver.MockWebServer$2 execute
INFO: MockWebServer[41837] starting to accept connections
Jul 06, 2015 7:32:41 PM com.squareup.okhttp.mockwebserver.MockWebServer$2 acceptConnections
INFO: MockWebServer[41837] done accepting connections: Socket is closed
Jul 06, 2015 7:32:41 PM com.squareup.okhttp.mockwebserver.MockWebServer$2 execute
INFO: MockWebServer[36621] starting to accept connections
Jul 06, 2015 7:32:41 PM com.squareup.okhttp.mockwebserver.MockWebServer$2 acceptConnections
INFO: MockWebServer[36621] done accepting connections: Socket closed
Jul 06, 2015 7:32:41 PM com.squareup.okhttp.mockwebserver.MockWebServer$2 execute
INFO: MockWebServer[51302] starting to accept connections
Jul 06, 2015 7:32:41 PM com.squareup.okhttp.mockwebserver.MockWebServer$2 acceptConnections
INFO: MockWebServer[51302] done accepting connections: Socket is closed
Jul 06, 2015 7:32:41 PM com.squareup.okhttp.mockwebserver.MockWebServer$2 execute
INFO: MockWebServer[54375] starting to accept connections
Jul 06, 2015 7:32:41 PM com.squareup.okhttp.mockwebserver.MockWebServer$2 acceptConnections
INFO: MockWebServer[54375] done accepting connections: Socket is closed
Tests run: 96, Failures: 0, Errors: 0, Skipped: 2, Time elapsed: 0.441 sec
Running retrofit.CallTest
Jul 06, 2015 7:32:41 PM com.squareup.okhttp.mockwebserver.MockWebServer$2 execute
INFO: MockWebServer[42169] starting to accept connections
Jul 06, 2015 7:32:41 PM com.squareup.okhttp.mockwebserver.MockWebServer$3 processOneRequest
INFO: MockWebServer[42169] received request: GET / HTTP/1.1 and responded: HTTP/1.1 200 OK
Jul 06, 2015 7:32:41 PM com.squareup.okhttp.mockwebserver.MockWebServer$2 acceptConnections
INFO: MockWebServer[42169] done accepting connections: Socket closed
Jul 06, 2015 7:32:41 PM com.squareup.okhttp.mockwebserver.MockWebServer$2 execute
INFO: MockWebServer[33401] starting to accept connections
Jul 06, 2015 7:32:41 PM com.squareup.okhttp.mockwebserver.MockWebServer$3 processOneRequest
INFO: MockWebServer[33401] received request: GET / HTTP/1.1 and responded: HTTP/1.1 404 OK
Jul 06, 2015 7:32:41 PM com.squareup.okhttp.mockwebserver.MockWebServer$2 acceptConnections
INFO: MockWebServer[33401] done accepting connections: Socket closed
Jul 06, 2015 7:32:41 PM com.squareup.okhttp.mockwebserver.MockWebServer$2 execute
INFO: MockWebServer[35461] starting to accept connections
Jul 06, 2015 7:32:41 PM com.squareup.okhttp.mockwebserver.MockWebServer$2 acceptConnections
INFO: MockWebServer[35461] done accepting connections: Socket closed
Jul 06, 2015 7:32:41 PM com.squareup.okhttp.mockwebserver.MockWebServer$2 execute
INFO: MockWebServer[42817] starting to accept connections
Jul 06, 2015 7:32:41 PM com.squareup.okhttp.mockwebserver.MockWebServer$2 acceptConnections
INFO: MockWebServer[42817] done accepting connections: Socket closed
Jul 06, 2015 7:32:41 PM com.squareup.okhttp.mockwebserver.MockWebServer$2 execute
INFO: MockWebServer[42239] starting to accept connections
Jul 06, 2015 7:32:41 PM com.squareup.okhttp.mockwebserver.MockWebServer$3 processOneRequest
INFO: MockWebServer[42239] received request: GET / HTTP/1.1 and responded: HTTP/1.1 200 OK
Jul 06, 2015 7:32:41 PM com.squareup.okhttp.mockwebserver.MockWebServer$2 acceptConnections
INFO: MockWebServer[42239] done accepting connections: Socket closed
Jul 06, 2015 7:32:41 PM com.squareup.okhttp.mockwebserver.MockWebServer$2 execute
INFO: MockWebServer[59596] starting to accept connections
Jul 06, 2015 7:32:41 PM com.squareup.okhttp.mockwebserver.MockWebServer$2 acceptConnections
INFO: MockWebServer[59596] done accepting connections: Socket is closed
Jul 06, 2015 7:32:41 PM com.squareup.okhttp.mockwebserver.MockWebServer$2 execute
INFO: MockWebServer[54195] starting to accept connections
Jul 06, 2015 7:32:41 PM com.squareup.okhttp.mockwebserver.MockWebServer$3 processOneRequest
INFO: MockWebServer[54195] received request: GET / HTTP/1.1 and responded: HTTP/1.1 404 OK
Jul 06, 2015 7:32:41 PM com.squareup.okhttp.mockwebserver.MockWebServer$2 acceptConnections
INFO: MockWebServer[54195] done accepting connections: Socket closed
Jul 06, 2015 7:32:41 PM com.squareup.okhttp.mockwebserver.MockWebServer$2 execute
INFO: MockWebServer[44066] starting to accept connections
Jul 06, 2015 7:32:41 PM com.squareup.okhttp.mockwebserver.MockWebServer$3 processOneRequest
INFO: MockWebServer[44066] received request: POST / HTTP/1.1 and responded: HTTP/1.1 200 OK
Jul 06, 2015 7:32:41 PM com.squareup.okhttp.mockwebserver.MockWebServer$2 acceptConnections
INFO: MockWebServer[44066] done accepting connections: Socket closed
Jul 06, 2015 7:32:41 PM com.squareup.okhttp.mockwebserver.MockWebServer$2 execute
INFO: MockWebServer[57778] starting to accept connections
Jul 06, 2015 7:32:41 PM com.squareup.okhttp.mockwebserver.MockWebServer$3 processOneRequest
INFO: MockWebServer[57778] received request: GET / HTTP/1.1 and responded: HTTP/1.1 204 Nothin
Jul 06, 2015 7:32:41 PM com.squareup.okhttp.mockwebserver.MockWebServer$2 acceptConnections
INFO: MockWebServer[57778] done accepting connections: Socket closed
Jul 06, 2015 7:32:41 PM com.squareup.okhttp.mockwebserver.MockWebServer$2 execute
INFO: MockWebServer[37376] starting to accept connections
Jul 06, 2015 7:32:41 PM com.squareup.okhttp.mockwebserver.MockWebServer$3 processOneRequest
INFO: MockWebServer[37376] received request: GET / HTTP/1.1 and responded: HTTP/1.1 200 OK
Jul 06, 2015 7:32:41 PM com.squareup.okhttp.mockwebserver.MockWebServer$2 acceptConnections
INFO: MockWebServer[37376] done accepting connections: Socket closed
Jul 06, 2015 7:32:41 PM com.squareup.okhttp.mockwebserver.MockWebServer$2 execute
INFO: MockWebServer[44982] starting to accept connections
Jul 06, 2015 7:32:41 PM com.squareup.okhttp.mockwebserver.MockWebServer$3 processOneRequest
INFO: MockWebServer[44982] received request: GET / HTTP/1.1 and responded: HTTP/1.1 200 OK
Jul 06, 2015 7:32:41 PM com.squareup.okhttp.mockwebserver.MockWebServer$2 acceptConnections
INFO: MockWebServer[44982] done accepting connections: Socket closed
Jul 06, 2015 7:32:41 PM com.squareup.okhttp.mockwebserver.MockWebServer$2 execute
INFO: MockWebServer[42396] starting to accept connections
Jul 06, 2015 7:32:41 PM com.squareup.okhttp.mockwebserver.MockWebServer$2 acceptConnections
INFO: MockWebServer[42396] done accepting connections: Socket closed
Jul 06, 2015 7:32:41 PM com.squareup.okhttp.mockwebserver.MockWebServer$3 processOneRequest
INFO: MockWebServer[42396] received request: POST / HTTP/1.1 and responded: HTTP/1.1 200 OK
Jul 06, 2015 7:32:41 PM com.squareup.okhttp.mockwebserver.MockWebServer$2 execute
INFO: MockWebServer[42512] starting to accept connections
Jul 06, 2015 7:32:41 PM com.squareup.okhttp.mockwebserver.MockWebServer$2 acceptConnections
INFO: MockWebServer[42512] done accepting connections: Socket closed
Jul 06, 2015 7:32:41 PM com.squareup.okhttp.mockwebserver.MockWebServer$2 execute
INFO: MockWebServer[58548] starting to accept connections
Jul 06, 2015 7:32:41 PM com.squareup.okhttp.mockwebserver.MockWebServer$2 acceptConnections
INFO: MockWebServer[58548] done accepting connections: Socket closed
Jul 06, 2015 7:32:41 PM com.squareup.okhttp.mockwebserver.MockWebServer$3 processOneRequest
INFO: MockWebServer[58548] received request: GET / HTTP/1.1 and responded: HTTP/1.1 200 OK
Jul 06, 2015 7:32:41 PM com.squareup.okhttp.mockwebserver.MockWebServer$2 execute
INFO: MockWebServer[48243] starting to accept connections
Jul 06, 2015 7:32:41 PM com.squareup.okhttp.mockwebserver.MockWebServer$2 acceptConnections
INFO: MockWebServer[48243] done accepting connections: Socket closed
Jul 06, 2015 7:32:41 PM com.squareup.okhttp.mockwebserver.MockWebServer$3 processOneRequest
INFO: MockWebServer[48243] received request: GET / HTTP/1.1 and responded: HTTP/1.1 200 OK
Jul 06, 2015 7:32:41 PM com.squareup.okhttp.mockwebserver.MockWebServer$2 execute
INFO: MockWebServer[36006] starting to accept connections
Jul 06, 2015 7:32:41 PM com.squareup.okhttp.mockwebserver.MockWebServer$3 processOneRequest
INFO: MockWebServer[36006] received request: GET / HTTP/1.1 and responded: HTTP/1.1 205 Nothin
Jul 06, 2015 7:32:41 PM com.squareup.okhttp.mockwebserver.MockWebServer$2 acceptConnections
INFO: MockWebServer[36006] done accepting connections: Socket closed
Jul 06, 2015 7:32:41 PM com.squareup.okhttp.mockwebserver.MockWebServer$2 execute
INFO: MockWebServer[56551] starting to accept connections
Jul 06, 2015 7:32:41 PM com.squareup.okhttp.mockwebserver.MockWebServer$3 processOneRequest
INFO: MockWebServer[56551] received request: GET / HTTP/1.1 and responded: HTTP/1.1 200 OK
Jul 06, 2015 7:32:41 PM com.squareup.okhttp.mockwebserver.MockWebServer$2 acceptConnections
INFO: MockWebServer[56551] done accepting connections: Socket closed
Jul 06, 2015 7:32:41 PM com.squareup.okhttp.mockwebserver.MockWebServer$2 execute
INFO: MockWebServer[42627] starting to accept connections
Jul 06, 2015 7:32:41 PM com.squareup.okhttp.mockwebserver.MockWebServer$3 processOneRequest
INFO: MockWebServer[42627] received request: GET / HTTP/1.1 and responded: HTTP/1.1 200 OK
Jul 06, 2015 7:32:41 PM com.squareup.okhttp.mockwebserver.MockWebServer$2 acceptConnections
INFO: MockWebServer[42627] done accepting connections: Socket closed
Jul 06, 2015 7:32:41 PM com.squareup.okhttp.mockwebserver.MockWebServer$2 execute
INFO: MockWebServer[45979] starting to accept connections
Jul 06, 2015 7:32:41 PM com.squareup.okhttp.mockwebserver.MockWebServer$2 acceptConnections
INFO: MockWebServer[45979] done accepting connections: Socket closed
Jul 06, 2015 7:32:41 PM com.squareup.okhttp.mockwebserver.MockWebServer$2 execute
INFO: MockWebServer[52136] starting to accept connections
Jul 06, 2015 7:32:41 PM com.squareup.okhttp.mockwebserver.MockWebServer$2 acceptConnections
INFO: MockWebServer[52136] done accepting connections: Socket is closed
Jul 06, 2015 7:32:41 PM com.squareup.okhttp.mockwebserver.MockWebServer$2 execute
INFO: MockWebServer[47224] starting to accept connections
Jul 06, 2015 7:32:41 PM com.squareup.okhttp.mockwebserver.MockWebServer$3 processOneRequest
INFO: MockWebServer[47224] received request: GET / HTTP/1.1 and responded: HTTP/1.1 200 OK
Jul 06, 2015 7:32:41 PM com.squareup.okhttp.mockwebserver.MockWebServer$2 acceptConnections
INFO: MockWebServer[47224] done accepting connections: Socket closed
Jul 06, 2015 7:32:41 PM com.squareup.okhttp.mockwebserver.MockWebServer$2 execute
INFO: MockWebServer[48586] starting to accept connections
Jul 06, 2015 7:32:41 PM com.squareup.okhttp.mockwebserver.MockWebServer$3 processOneRequest
INFO: MockWebServer[48586] received request: GET / HTTP/1.1 and responded: HTTP/1.1 200 OK
Jul 06, 2015 7:32:41 PM com.squareup.okhttp.mockwebserver.MockWebServer$2 acceptConnections
INFO: MockWebServer[48586] done accepting connections: Socket closed
Tests run: 22, Failures: 0, Errors: 0, Skipped: 0, Time elapsed: 0.081 sec
Running retrofit.RestAdapterRawRequestFactoryParserTest
Tests run: 1, Failures: 0, Errors: 0, Skipped: 0, Time elapsed: 0 sec

Results :

Tests run: 160, Failures: 0, Errors: 0, Skipped: 2

[INFO]                                                                         
[INFO] ------------------------------------------------------------------------
[INFO] Building Adapters 2.0.0-SNAPSHOT
[INFO] ------------------------------------------------------------------------
[INFO] 
[INFO] --- maven-enforcer-plugin:1.0:enforce (enforce-maven) @ retrofit-adapters ---
[INFO]                                                                         
[INFO] ------------------------------------------------------------------------
[INFO] Building Adapter: RxJava 2.0.0-SNAPSHOT
[INFO] ------------------------------------------------------------------------
[INFO] 
[INFO] --- maven-enforcer-plugin:1.0:enforce (enforce-maven) @ adapter-rxjava ---
[INFO] 
[INFO] --- maven-resources-plugin:2.6:resources (default-resources) @ adapter-rxjava ---
[INFO] Using 'UTF-8' encoding to copy filtered resources.
[INFO] skip non existing resourceDirectory /home/travis/build/square/retrofit/retrofit-adapters/rxjava/src/main/resources
[INFO] 
[INFO] --- maven-compiler-plugin:3.0:compile (default-compile) @ adapter-rxjava ---
[INFO] Changes detected - recompiling the module!
[INFO] Compiling 2 source files to /home/travis/build/square/retrofit/retrofit-adapters/rxjava/target/classes
[INFO] 
[INFO] --- maven-resources-plugin:2.6:testResources (default-testResources) @ adapter-rxjava ---
[INFO] Using 'UTF-8' encoding to copy filtered resources.
[INFO] skip non existing resourceDirectory /home/travis/build/square/retrofit/retrofit-adapters/rxjava/src/test/resources
[INFO] 
[INFO] --- maven-compiler-plugin:3.0:testCompile (default-testCompile) @ adapter-rxjava ---
[INFO] Changes detected - recompiling the module!
[INFO] Compiling 2 source files to /home/travis/build/square/retrofit/retrofit-adapters/rxjava/target/test-classes
[INFO] 
[INFO] --- maven-surefire-plugin:2.12.4:test (default-test) @ adapter-rxjava ---
[INFO] Surefire report directory: /home/travis/build/square/retrofit/retrofit-adapters/rxjava/target/surefire-reports

-------------------------------------------------------
 T E S T S
-------------------------------------------------------
Running retrofit.ResultTest
Tests run: 4, Failures: 0, Errors: 0, Skipped: 0, Time elapsed: 0.149 sec
Running retrofit.ObservableCallAdapterFactoryTest
Jul 06, 2015 7:32:42 PM com.squareup.okhttp.mockwebserver.MockWebServer$2 execute
INFO: MockWebServer[43072] starting to accept connections
Jul 06, 2015 7:32:42 PM com.squareup.okhttp.mockwebserver.MockWebServer$3 processConnection
WARNING: MockWebServer[43072] connection from /127.0.0.1 didn't make a request
Jul 06, 2015 7:32:42 PM com.squareup.okhttp.mockwebserver.MockWebServer$2 acceptConnections
INFO: MockWebServer[43072] done accepting connections: Socket closed
Jul 06, 2015 7:32:42 PM com.squareup.okhttp.mockwebserver.MockWebServer$2 execute
INFO: MockWebServer[45257] starting to accept connections
Jul 06, 2015 7:32:42 PM com.squareup.okhttp.mockwebserver.MockWebServer$3 processOneRequest
INFO: MockWebServer[45257] received request: GET / HTTP/1.1 and responded: HTTP/1.1 200 OK
Jul 06, 2015 7:32:42 PM com.squareup.okhttp.mockwebserver.MockWebServer$2 acceptConnections
INFO: MockWebServer[45257] done accepting connections: Socket closed
Jul 06, 2015 7:32:42 PM com.squareup.okhttp.mockwebserver.MockWebServer$2 execute
INFO: MockWebServer[52988] starting to accept connections
Jul 06, 2015 7:32:42 PM com.squareup.okhttp.mockwebserver.MockWebServer$3 processOneRequest
INFO: MockWebServer[52988] received request: GET / HTTP/1.1 and responded: HTTP/1.1 404 OK
Jul 06, 2015 7:32:42 PM com.squareup.okhttp.mockwebserver.MockWebServer$2 acceptConnections
INFO: MockWebServer[52988] done accepting connections: Socket closed
Jul 06, 2015 7:32:42 PM com.squareup.okhttp.mockwebserver.MockWebServer$2 execute
INFO: MockWebServer[59540] starting to accept connections
Jul 06, 2015 7:32:42 PM com.squareup.okhttp.mockwebserver.MockWebServer$2 acceptConnections
INFO: MockWebServer[59540] done accepting connections: Socket is closed
Jul 06, 2015 7:32:42 PM com.squareup.okhttp.mockwebserver.MockWebServer$2 execute
INFO: MockWebServer[39624] starting to accept connections
Jul 06, 2015 7:32:42 PM com.squareup.okhttp.mockwebserver.MockWebServer$2 acceptConnections
INFO: MockWebServer[39624] done accepting connections: Socket closed
Jul 06, 2015 7:32:42 PM com.squareup.okhttp.mockwebserver.MockWebServer$3 processConnection
WARNING: MockWebServer[39624] connection from /127.0.0.1 didn't make a request
Jul 06, 2015 7:32:42 PM com.squareup.okhttp.mockwebserver.MockWebServer$2 execute
INFO: MockWebServer[57715] starting to accept connections
Jul 06, 2015 7:32:42 PM com.squareup.okhttp.mockwebserver.MockWebServer$2 acceptConnections
INFO: MockWebServer[57715] done accepting connections: Socket closed
Jul 06, 2015 7:32:42 PM com.squareup.okhttp.mockwebserver.MockWebServer$3 processOneRequest
INFO: MockWebServer[57715] received request: GET / HTTP/1.1 and responded: HTTP/1.1 200 OK
Jul 06, 2015 7:32:42 PM com.squareup.okhttp.mockwebserver.MockWebServer$2 execute
INFO: MockWebServer[34214] starting to accept connections
Jul 06, 2015 7:32:42 PM com.squareup.okhttp.mockwebserver.MockWebServer$2 acceptConnections
INFO: MockWebServer[34214] done accepting connections: Socket closed
Jul 06, 2015 7:32:42 PM com.squareup.okhttp.mockwebserver.MockWebServer$3 processOneRequest
INFO: MockWebServer[34214] received request: GET / HTTP/1.1 and responded: HTTP/1.1 404 OK
Jul 06, 2015 7:32:42 PM com.squareup.okhttp.mockwebserver.MockWebServer$2 execute
INFO: MockWebServer[41055] starting to accept connections
Jul 06, 2015 7:32:42 PM com.squareup.okhttp.mockwebserver.MockWebServer$2 acceptConnections
INFO: MockWebServer[41055] done accepting connections: Socket is closed
Jul 06, 2015 7:32:42 PM com.squareup.okhttp.mockwebserver.MockWebServer$2 execute
INFO: MockWebServer[58621] starting to accept connections
Jul 06, 2015 7:32:42 PM com.squareup.okhttp.mockwebserver.MockWebServer$2 acceptConnections
INFO: MockWebServer[58621] done accepting connections: Socket closed
Jul 06, 2015 7:32:42 PM com.squareup.okhttp.mockwebserver.MockWebServer$3 processConnection
WARNING: MockWebServer[58621] connection from /127.0.0.1 didn't make a request
Jul 06, 2015 7:32:42 PM com.squareup.okhttp.mockwebserver.MockWebServer$2 execute
INFO: MockWebServer[34616] starting to accept connections
Jul 06, 2015 7:32:42 PM com.squareup.okhttp.mockwebserver.MockWebServer$2 acceptConnections
INFO: MockWebServer[34616] done accepting connections: Socket is closed
Jul 06, 2015 7:32:42 PM com.squareup.okhttp.mockwebserver.MockWebServer$2 execute
INFO: MockWebServer[49904] starting to accept connections
Jul 06, 2015 7:32:42 PM com.squareup.okhttp.mockwebserver.MockWebServer$2 acceptConnections
INFO: MockWebServer[49904] done accepting connections: Socket is closed
Jul 06, 2015 7:32:42 PM com.squareup.okhttp.mockwebserver.MockWebServer$2 execute
INFO: MockWebServer[38311] starting to accept connections
Jul 06, 2015 7:32:42 PM com.squareup.okhttp.mockwebserver.MockWebServer$2 acceptConnections
INFO: MockWebServer[38311] done accepting connections: Socket closed
Jul 06, 2015 7:32:42 PM com.squareup.okhttp.mockwebserver.MockWebServer$3 processOneRequest
INFO: MockWebServer[38311] received request: GET / HTTP/1.1 and responded: HTTP/1.1 200 OK
Jul 06, 2015 7:32:42 PM com.squareup.okhttp.mockwebserver.MockWebServer$2 execute
INFO: MockWebServer[59697] starting to accept connections
Jul 06, 2015 7:32:42 PM com.squareup.okhttp.mockwebserver.MockWebServer$2 acceptConnections
INFO: MockWebServer[59697] done accepting connections: Socket closed
Jul 06, 2015 7:32:42 PM com.squareup.okhttp.mockwebserver.MockWebServer$3 processOneRequest
INFO: MockWebServer[59697] received request: GET / HTTP/1.1 and responded: HTTP/1.1 404 OK
Jul 06, 2015 7:32:42 PM com.squareup.okhttp.mockwebserver.MockWebServer$2 execute
INFO: MockWebServer[49218] starting to accept connections
Jul 06, 2015 7:32:42 PM com.squareup.okhttp.mockwebserver.MockWebServer$2 acceptConnections
INFO: MockWebServer[49218] done accepting connections: Socket is closed
Tests run: 14, Failures: 0, Errors: 0, Skipped: 0, Time elapsed: 0.569 sec

Results :

Tests run: 18, Failures: 0, Errors: 0, Skipped: 0

[INFO]                                                                         
[INFO] ------------------------------------------------------------------------
[INFO] Building Converters 2.0.0-SNAPSHOT
[INFO] ------------------------------------------------------------------------
[INFO] 
[INFO] --- maven-enforcer-plugin:1.0:enforce (enforce-maven) @ retrofit-converters ---
[INFO]                                                                         
[INFO] ------------------------------------------------------------------------
[INFO] Building Converter: Gson 2.0.0-SNAPSHOT
[INFO] ------------------------------------------------------------------------
[INFO] 
[INFO] --- maven-enforcer-plugin:1.0:enforce (enforce-maven) @ converter-gson ---
[INFO] 
[INFO] --- maven-resources-plugin:2.6:resources (default-resources) @ converter-gson ---
[INFO] Using 'UTF-8' encoding to copy filtered resources.
[INFO] skip non existing resourceDirectory /home/travis/build/square/retrofit/retrofit-converters/gson/src/main/resources
[INFO] 
[INFO] --- maven-compiler-plugin:3.0:compile (default-compile) @ converter-gson ---
[INFO] Changes detected - recompiling the module!
[INFO] Compiling 2 source files to /home/travis/build/square/retrofit/retrofit-converters/gson/target/classes
[INFO] 
[INFO] --- maven-resources-plugin:2.6:testResources (default-testResources) @ converter-gson ---
[INFO] Using 'UTF-8' encoding to copy filtered resources.
[INFO] skip non existing resourceDirectory /home/travis/build/square/retrofit/retrofit-converters/gson/src/test/resources
[INFO] 
[INFO] --- maven-compiler-plugin:3.0:testCompile (default-testCompile) @ converter-gson ---
[INFO] Changes detected - recompiling the module!
[INFO] Compiling 1 source file to /home/travis/build/square/retrofit/retrofit-converters/gson/target/test-classes
[INFO] 
[INFO] --- maven-surefire-plugin:2.12.4:test (default-test) @ converter-gson ---
[INFO] Surefire report directory: /home/travis/build/square/retrofit/retrofit-converters/gson/target/surefire-reports

-------------------------------------------------------
 T E S T S
-------------------------------------------------------
Running retrofit.GsonConverterFactoryTest
Jul 06, 2015 7:32:43 PM com.squareup.okhttp.mockwebserver.MockWebServer$2 execute
INFO: MockWebServer[33218] starting to accept connections
Jul 06, 2015 7:32:44 PM com.squareup.okhttp.mockwebserver.MockWebServer$3 processOneRequest
INFO: MockWebServer[33218] received request: POST / HTTP/1.1 and responded: HTTP/1.1 200 OK
Jul 06, 2015 7:32:44 PM com.squareup.okhttp.mockwebserver.MockWebServer$2 acceptConnections
INFO: MockWebServer[33218] done accepting connections: Socket closed
Jul 06, 2015 7:32:44 PM com.squareup.okhttp.mockwebserver.MockWebServer$2 execute
INFO: MockWebServer[60934] starting to accept connections
Jul 06, 2015 7:32:44 PM com.squareup.okhttp.mockwebserver.MockWebServer$2 acceptConnections
INFO: MockWebServer[60934] done accepting connections: Socket closed
Jul 06, 2015 7:32:44 PM com.squareup.okhttp.mockwebserver.MockWebServer$3 processOneRequest
INFO: MockWebServer[60934] received request: POST / HTTP/1.1 and responded: HTTP/1.1 200 OK
Tests run: 2, Failures: 0, Errors: 0, Skipped: 0, Time elapsed: 0.659 sec

Results :

Tests run: 2, Failures: 0, Errors: 0, Skipped: 0

[INFO]                                                                         
[INFO] ------------------------------------------------------------------------
[INFO] Building Converter: Protocol Buffers 2.0.0-SNAPSHOT
[INFO] ------------------------------------------------------------------------
[INFO] 
[INFO] --- maven-enforcer-plugin:1.0:enforce (enforce-maven) @ converter-protobuf ---
[INFO] 
[INFO] --- maven-resources-plugin:2.6:resources (default-resources) @ converter-protobuf ---
[INFO] Using 'UTF-8' encoding to copy filtered resources.
[INFO] skip non existing resourceDirectory /home/travis/build/square/retrofit/retrofit-converters/protobuf/src/main/resources
[INFO] 
[INFO] --- maven-compiler-plugin:3.0:compile (default-compile) @ converter-protobuf ---
[INFO] Changes detected - recompiling the module!
[INFO] Compiling 2 source files to /home/travis/build/square/retrofit/retrofit-converters/protobuf/target/classes
[WARNING] /home/travis/build/square/retrofit/retrofit-converters/protobuf/src/main/java/retrofit/ProtoConverterFactory.java: /home/travis/build/square/retrofit/retrofit-converters/protobuf/src/main/java/retrofit/ProtoConverterFactory.java uses unchecked or unsafe operations.
[WARNING] /home/travis/build/square/retrofit/retrofit-converters/protobuf/src/main/java/retrofit/ProtoConverterFactory.java: Recompile with -Xlint:unchecked for details.
[INFO] 
[INFO] --- maven-resources-plugin:2.6:testResources (default-testResources) @ converter-protobuf ---
[INFO] Using 'UTF-8' encoding to copy filtered resources.
[INFO] skip non existing resourceDirectory /home/travis/build/square/retrofit/retrofit-converters/protobuf/src/test/resources
[INFO] 
[INFO] --- maven-compiler-plugin:3.0:testCompile (default-testCompile) @ converter-protobuf ---
[INFO] Changes detected - recompiling the module!
[INFO] Compiling 2 source files to /home/travis/build/square/retrofit/retrofit-converters/protobuf/target/test-classes
[INFO] 
[INFO] --- maven-surefire-plugin:2.12.4:test (default-test) @ converter-protobuf ---
[INFO] Surefire report directory: /home/travis/build/square/retrofit/retrofit-converters/protobuf/target/surefire-reports

-------------------------------------------------------
 T E S T S
-------------------------------------------------------
Running retrofit.ProtoConverterTest
Jul 06, 2015 7:32:45 PM com.squareup.okhttp.mockwebserver.MockWebServer$2 execute
INFO: MockWebServer[47069] starting to accept connections
Jul 06, 2015 7:32:45 PM com.squareup.okhttp.mockwebserver.MockWebServer$3 processOneRequest
INFO: MockWebServer[47069] received request: POST / HTTP/1.1 and responded: HTTP/1.1 200 OK
Jul 06, 2015 7:32:45 PM com.squareup.okhttp.mockwebserver.MockWebServer$2 acceptConnections
INFO: MockWebServer[47069] done accepting connections: Socket closed
Jul 06, 2015 7:32:45 PM com.squareup.okhttp.mockwebserver.MockWebServer$2 execute
INFO: MockWebServer[59873] starting to accept connections
Jul 06, 2015 7:32:45 PM com.squareup.okhttp.mockwebserver.MockWebServer$2 acceptConnections
INFO: MockWebServer[59873] done accepting connections: Socket is closed
Jul 06, 2015 7:32:45 PM com.squareup.okhttp.mockwebserver.MockWebServer$2 execute
INFO: MockWebServer[40948] starting to accept connections
Jul 06, 2015 7:32:45 PM com.squareup.okhttp.mockwebserver.MockWebServer$3 processOneRequest
INFO: MockWebServer[40948] received request: GET / HTTP/1.1 and responded: HTTP/1.1 200 OK
Jul 06, 2015 7:32:45 PM com.squareup.okhttp.mockwebserver.MockWebServer$2 acceptConnections
INFO: MockWebServer[40948] done accepting connections: Socket closed
Jul 06, 2015 7:32:45 PM com.squareup.okhttp.mockwebserver.MockWebServer$2 execute
INFO: MockWebServer[48630] starting to accept connections
Jul 06, 2015 7:32:45 PM com.squareup.okhttp.mockwebserver.MockWebServer$2 acceptConnections
INFO: MockWebServer[48630] done accepting connections: Socket is closed
Jul 06, 2015 7:32:45 PM com.squareup.okhttp.mockwebserver.MockWebServer$2 execute
INFO: MockWebServer[48903] starting to accept connections
Jul 06, 2015 7:32:45 PM com.squareup.okhttp.mockwebserver.MockWebServer$3 processOneRequest
INFO: MockWebServer[48903] received request: GET / HTTP/1.1 and responded: HTTP/1.1 200 OK
Jul 06, 2015 7:32:45 PM com.squareup.okhttp.mockwebserver.MockWebServer$2 acceptConnections
INFO: MockWebServer[48903] done accepting connections: Socket closed
Tests run: 5, Failures: 0, Errors: 0, Skipped: 0, Time elapsed: 0.615 sec

Results :

Tests run: 5, Failures: 0, Errors: 0, Skipped: 0

[INFO]                                                                         
[INFO] ------------------------------------------------------------------------
[INFO] Building Converter: Jackson 2.0.0-SNAPSHOT
[INFO] ------------------------------------------------------------------------
[INFO] 
[INFO] --- maven-enforcer-plugin:1.0:enforce (enforce-maven) @ converter-jackson ---
[INFO] 
[INFO] --- maven-resources-plugin:2.6:resources (default-resources) @ converter-jackson ---
[INFO] Using 'UTF-8' encoding to copy filtered resources.
[INFO] skip non existing resourceDirectory /home/travis/build/square/retrofit/retrofit-converters/jackson/src/main/resources
[INFO] 
[INFO] --- maven-compiler-plugin:3.0:compile (default-compile) @ converter-jackson ---
[INFO] Changes detected - recompiling the module!
[INFO] Compiling 2 source files to /home/travis/build/square/retrofit/retrofit-converters/jackson/target/classes
[INFO] 
[INFO] --- maven-resources-plugin:2.6:testResources (default-testResources) @ converter-jackson ---
[INFO] Using 'UTF-8' encoding to copy filtered resources.
[INFO] skip non existing resourceDirectory /home/travis/build/square/retrofit/retrofit-converters/jackson/src/test/resources
[INFO] 
[INFO] --- maven-compiler-plugin:3.0:testCompile (default-testCompile) @ converter-jackson ---
[INFO] Changes detected - recompiling the module!
[INFO] Compiling 1 source file to /home/travis/build/square/retrofit/retrofit-converters/jackson/target/test-classes
[INFO] 
[INFO] --- maven-surefire-plugin:2.12.4:test (default-test) @ converter-jackson ---
[INFO] Surefire report directory: /home/travis/build/square/retrofit/retrofit-converters/jackson/target/surefire-reports

-------------------------------------------------------
 T E S T S
-------------------------------------------------------
Running retrofit.JacksonConverterTest
Jul 06, 2015 7:32:46 PM com.squareup.okhttp.mockwebserver.MockWebServer$2 execute
INFO: MockWebServer[40895] starting to accept connections
Jul 06, 2015 7:32:47 PM com.squareup.okhttp.mockwebserver.MockWebServer$3 processOneRequest
INFO: MockWebServer[40895] received request: POST / HTTP/1.1 and responded: HTTP/1.1 200 OK
Jul 06, 2015 7:32:47 PM com.squareup.okhttp.mockwebserver.MockWebServer$2 acceptConnections
INFO: MockWebServer[40895] done accepting connections: Socket closed
Jul 06, 2015 7:32:47 PM com.squareup.okhttp.mockwebserver.MockWebServer$2 execute
INFO: MockWebServer[60722] starting to accept connections
Jul 06, 2015 7:32:47 PM com.squareup.okhttp.mockwebserver.MockWebServer$2 acceptConnections
INFO: MockWebServer[60722] done accepting connections: Socket closed
Jul 06, 2015 7:32:47 PM com.squareup.okhttp.mockwebserver.MockWebServer$3 processOneRequest
INFO: MockWebServer[60722] received request: POST / HTTP/1.1 and responded: HTTP/1.1 200 OK
Tests run: 2, Failures: 0, Errors: 0, Skipped: 0, Time elapsed: 0.825 sec

Results :

Tests run: 2, Failures: 0, Errors: 0, Skipped: 0

[INFO]                                                                         
[INFO] ------------------------------------------------------------------------
[INFO] Building Converter: Wire Protocol Buffers 2.0.0-SNAPSHOT
[INFO] ------------------------------------------------------------------------
[INFO] 
[INFO] --- maven-enforcer-plugin:1.0:enforce (enforce-maven) @ converter-wire ---
[INFO] 
[INFO] --- maven-resources-plugin:2.6:resources (default-resources) @ converter-wire ---
[INFO] Using 'UTF-8' encoding to copy filtered resources.
[INFO] skip non existing resourceDirectory /home/travis/build/square/retrofit/retrofit-converters/wire/src/main/resources
[INFO] 
[INFO] --- maven-compiler-plugin:3.0:compile (default-compile) @ converter-wire ---
[INFO] Changes detected - recompiling the module!
[INFO] Compiling 2 source files to /home/travis/build/square/retrofit/retrofit-converters/wire/target/classes
[WARNING] /home/travis/build/square/retrofit/retrofit-converters/wire/src/main/java/retrofit/WireConverterFactory.java: /home/travis/build/square/retrofit/retrofit-converters/wire/src/main/java/retrofit/WireConverterFactory.java uses unchecked or unsafe operations.
[WARNING] /home/travis/build/square/retrofit/retrofit-converters/wire/src/main/java/retrofit/WireConverterFactory.java: Recompile with -Xlint:unchecked for details.
[INFO] 
[INFO] --- maven-resources-plugin:2.6:testResources (default-testResources) @ converter-wire ---
[INFO] Using 'UTF-8' encoding to copy filtered resources.
[INFO] skip non existing resourceDirectory /home/travis/build/square/retrofit/retrofit-converters/wire/src/test/resources
[INFO] 
[INFO] --- maven-compiler-plugin:3.0:testCompile (default-testCompile) @ converter-wire ---
[INFO] Changes detected - recompiling the module!
[INFO] Compiling 2 source files to /home/travis/build/square/retrofit/retrofit-converters/wire/target/test-classes
[INFO] 
[INFO] --- maven-surefire-plugin:2.12.4:test (default-test) @ converter-wire ---
[INFO] Surefire report directory: /home/travis/build/square/retrofit/retrofit-converters/wire/target/surefire-reports

-------------------------------------------------------
 T E S T S
-------------------------------------------------------
Running retrofit.WireConverterTest
Jul 06, 2015 7:32:47 PM com.squareup.okhttp.mockwebserver.MockWebServer$2 execute
INFO: MockWebServer[33851] starting to accept connections
Jul 06, 2015 7:32:48 PM com.squareup.okhttp.mockwebserver.MockWebServer$3 processOneRequest
INFO: MockWebServer[33851] received request: POST / HTTP/1.1 and responded: HTTP/1.1 200 OK
Jul 06, 2015 7:32:48 PM com.squareup.okhttp.mockwebserver.MockWebServer$2 acceptConnections
INFO: MockWebServer[33851] done accepting connections: Socket closed
Jul 06, 2015 7:32:48 PM com.squareup.okhttp.mockwebserver.MockWebServer$2 execute
INFO: MockWebServer[53055] starting to accept connections
Jul 06, 2015 7:32:48 PM com.squareup.okhttp.mockwebserver.MockWebServer$2 acceptConnections
INFO: MockWebServer[53055] done accepting connections: Socket is closed
Jul 06, 2015 7:32:48 PM com.squareup.okhttp.mockwebserver.MockWebServer$2 execute
INFO: MockWebServer[54773] starting to accept connections
Jul 06, 2015 7:32:48 PM com.squareup.okhttp.mockwebserver.MockWebServer$2 acceptConnections
INFO: MockWebServer[54773] done accepting connections: Socket closed
Jul 06, 2015 7:32:48 PM com.squareup.okhttp.mockwebserver.MockWebServer$3 processOneRequest
INFO: MockWebServer[54773] received request: GET / HTTP/1.1 and responded: HTTP/1.1 200 OK
Jul 06, 2015 7:32:48 PM com.squareup.okhttp.mockwebserver.MockWebServer$2 execute
INFO: MockWebServer[54768] starting to accept connections
Jul 06, 2015 7:32:48 PM com.squareup.okhttp.mockwebserver.MockWebServer$2 acceptConnections
INFO: MockWebServer[54768] done accepting connections: Socket is closed
Jul 06, 2015 7:32:48 PM com.squareup.okhttp.mockwebserver.MockWebServer$2 execute
INFO: MockWebServer[57096] starting to accept connections
Jul 06, 2015 7:32:48 PM com.squareup.okhttp.mockwebserver.MockWebServer$2 acceptConnections
INFO: MockWebServer[57096] done accepting connections: Socket closed
Jul 06, 2015 7:32:48 PM com.squareup.okhttp.mockwebserver.MockWebServer$3 processOneRequest
INFO: MockWebServer[57096] received request: GET / HTTP/1.1 and responded: HTTP/1.1 200 OK
Tests run: 5, Failures: 0, Errors: 0, Skipped: 0, Time elapsed: 0.633 sec

Results :

Tests run: 5, Failures: 0, Errors: 0, Skipped: 0

[INFO]                                                                         
[INFO] ------------------------------------------------------------------------
[INFO] Building Converter: SimpleXML 2.0.0-SNAPSHOT
[INFO] ------------------------------------------------------------------------
[INFO] 
[INFO] --- maven-enforcer-plugin:1.0:enforce (enforce-maven) @ converter-simplexml ---
[INFO] 
[INFO] --- maven-resources-plugin:2.6:resources (default-resources) @ converter-simplexml ---
[INFO] Using 'UTF-8' encoding to copy filtered resources.
[INFO] skip non existing resourceDirectory /home/travis/build/square/retrofit/retrofit-converters/simplexml/src/main/resources
[INFO] 
[INFO] --- maven-compiler-plugin:3.0:compile (default-compile) @ converter-simplexml ---
[INFO] Changes detected - recompiling the module!
[INFO] Compiling 2 source files to /home/travis/build/square/retrofit/retrofit-converters/simplexml/target/classes
[INFO] 
[INFO] --- maven-resources-plugin:2.6:testResources (default-testResources) @ converter-simplexml ---
[INFO] Using 'UTF-8' encoding to copy filtered resources.
[INFO] skip non existing resourceDirectory /home/travis/build/square/retrofit/retrofit-converters/simplexml/src/test/resources
[INFO] 
[INFO] --- maven-compiler-plugin:3.0:testCompile (default-testCompile) @ converter-simplexml ---
[INFO] Changes detected - recompiling the module!
[INFO] Compiling 2 source files to /home/travis/build/square/retrofit/retrofit-converters/simplexml/target/test-classes
[INFO] 
[INFO] --- maven-surefire-plugin:2.12.4:test (default-test) @ converter-simplexml ---
[INFO] Surefire report directory: /home/travis/build/square/retrofit/retrofit-converters/simplexml/target/surefire-reports

-------------------------------------------------------
 T E S T S
-------------------------------------------------------
Running retrofit.SimpleXmlConverterTest
Jul 06, 2015 7:32:48 PM com.squareup.okhttp.mockwebserver.MockWebServer$2 execute
INFO: MockWebServer[48833] starting to accept connections
Jul 06, 2015 7:32:49 PM com.squareup.okhttp.mockwebserver.MockWebServer$3 processOneRequest
INFO: MockWebServer[48833] received request: GET / HTTP/1.1 and responded: HTTP/1.1 200 OK
Jul 06, 2015 7:32:49 PM com.squareup.okhttp.mockwebserver.MockWebServer$2 acceptConnections
INFO: MockWebServer[48833] done accepting connections: Socket closed
Jul 06, 2015 7:32:49 PM com.squareup.okhttp.mockwebserver.MockWebServer$2 execute
INFO: MockWebServer[46161] starting to accept connections
Jul 06, 2015 7:32:49 PM com.squareup.okhttp.mockwebserver.MockWebServer$3 processOneRequest
INFO: MockWebServer[46161] received request: GET / HTTP/1.1 and responded: HTTP/1.1 200 OK
Jul 06, 2015 7:32:49 PM com.squareup.okhttp.mockwebserver.MockWebServer$2 acceptConnections
INFO: MockWebServer[46161] done accepting connections: Socket closed
Jul 06, 2015 7:32:49 PM com.squareup.okhttp.mockwebserver.MockWebServer$2 execute
INFO: MockWebServer[43596] starting to accept connections
Jul 06, 2015 7:32:49 PM com.squareup.okhttp.mockwebserver.MockWebServer$3 processOneRequest
INFO: MockWebServer[43596] received request: POST / HTTP/1.1 and responded: HTTP/1.1 200 OK
Jul 06, 2015 7:32:49 PM com.squareup.okhttp.mockwebserver.MockWebServer$2 acceptConnections
INFO: MockWebServer[43596] done accepting connections: Socket closed
Tests run: 3, Failures: 0, Errors: 0, Skipped: 0, Time elapsed: 0.746 sec

Results :

Tests run: 3, Failures: 0, Errors: 0, Skipped: 0

[INFO]                                                                         
[INFO] ------------------------------------------------------------------------
[INFO] Building Converter: Moshi 2.0.0-SNAPSHOT
[INFO] ------------------------------------------------------------------------
[INFO] 
[INFO] --- maven-enforcer-plugin:1.0:enforce (enforce-maven) @ converter-moshi ---
[INFO] 
[INFO] --- maven-resources-plugin:2.6:resources (default-resources) @ converter-moshi ---
[INFO] Using 'UTF-8' encoding to copy filtered resources.
[INFO] skip non existing resourceDirectory /home/travis/build/square/retrofit/retrofit-converters/moshi/src/main/resources
[INFO] 
[INFO] --- maven-compiler-plugin:3.0:compile (default-compile) @ converter-moshi ---
[INFO] Changes detected - recompiling the module!
[INFO] Compiling 2 source files to /home/travis/build/square/retrofit/retrofit-converters/moshi/target/classes
[INFO] 
[INFO] --- maven-resources-plugin:2.6:testResources (default-testResources) @ converter-moshi ---
[INFO] Using 'UTF-8' encoding to copy filtered resources.
[INFO] skip non existing resourceDirectory /home/travis/build/square/retrofit/retrofit-converters/moshi/src/test/resources
[INFO] 
[INFO] --- maven-compiler-plugin:3.0:testCompile (default-testCompile) @ converter-moshi ---
[INFO] Changes detected - recompiling the module!
[INFO] Compiling 1 source file to /home/travis/build/square/retrofit/retrofit-converters/moshi/target/test-classes
[INFO] 
[INFO] --- maven-surefire-plugin:2.12.4:test (default-test) @ converter-moshi ---
[INFO] Surefire report directory: /home/travis/build/square/retrofit/retrofit-converters/moshi/target/surefire-reports

-------------------------------------------------------
 T E S T S
-------------------------------------------------------
Running retrofit.MoshiConverterTest
Jul 06, 2015 7:32:49 PM com.squareup.okhttp.mockwebserver.MockWebServer$2 execute
INFO: MockWebServer[51160] starting to accept connections
Jul 06, 2015 7:32:50 PM com.squareup.okhttp.mockwebserver.MockWebServer$3 processOneRequest
INFO: MockWebServer[51160] received request: POST / HTTP/1.1 and responded: HTTP/1.1 200 OK
Jul 06, 2015 7:32:50 PM com.squareup.okhttp.mockwebserver.MockWebServer$2 acceptConnections
INFO: MockWebServer[51160] done accepting connections: Socket closed
Jul 06, 2015 7:32:50 PM com.squareup.okhttp.mockwebserver.MockWebServer$2 execute
INFO: MockWebServer[52668] starting to accept connections
Jul 06, 2015 7:32:50 PM com.squareup.okhttp.mockwebserver.MockWebServer$3 processOneRequest
INFO: MockWebServer[52668] received request: POST / HTTP/1.1 and responded: HTTP/1.1 200 OK
Jul 06, 2015 7:32:50 PM com.squareup.okhttp.mockwebserver.MockWebServer$2 acceptConnections
INFO: MockWebServer[52668] done accepting connections: Socket closed
Tests run: 2, Failures: 0, Errors: 0, Skipped: 0, Time elapsed: 0.658 sec

Results :

Tests run: 2, Failures: 0, Errors: 0, Skipped: 0

[INFO]                                                                         
[INFO] ------------------------------------------------------------------------
[INFO] Building Typed Request 2.0.0-SNAPSHOT
[INFO] ------------------------------------------------------------------------
[INFO] 
[INFO] --- maven-enforcer-plugin:1.0:enforce (enforce-maven) @ retrofit-typedrequest ---
[INFO] 
[INFO] --- maven-resources-plugin:2.6:resources (default-resources) @ retrofit-typedrequest ---
[INFO] Using 'UTF-8' encoding to copy filtered resources.
[INFO] skip non existing resourceDirectory /home/travis/build/square/retrofit/retrofit-typedrequest/src/main/resources
[INFO] 
[INFO] --- maven-compiler-plugin:3.0:compile (default-compile) @ retrofit-typedrequest ---
[INFO] Changes detected - recompiling the module!
[INFO] Compiling 9 source files to /home/travis/build/square/retrofit/retrofit-typedrequest/target/classes
[WARNING] /home/travis/build/square/retrofit/retrofit-typedrequest/src/main/java/retrofit/TypedRequestRawRequestBuilder.java: /home/travis/build/square/retrofit/retrofit-typedrequest/src/main/java/retrofit/TypedRequestRawRequestBuilder.java uses unchecked or unsafe operations.
[WARNING] /home/travis/build/square/retrofit/retrofit-typedrequest/src/main/java/retrofit/TypedRequestRawRequestBuilder.java: Recompile with -Xlint:unchecked for details.
[INFO] 
[INFO] --- maven-resources-plugin:2.6:testResources (default-testResources) @ retrofit-typedrequest ---
[INFO] Using 'UTF-8' encoding to copy filtered resources.
[INFO] skip non existing resourceDirectory /home/travis/build/square/retrofit/retrofit-typedrequest/src/test/resources
[INFO] 
[INFO] --- maven-compiler-plugin:3.0:testCompile (default-testCompile) @ retrofit-typedrequest ---
[INFO] Changes detected - recompiling the module!
[INFO] Compiling 8 source files to /home/travis/build/square/retrofit/retrofit-typedrequest/target/test-classes
[WARNING] /home/travis/build/square/retrofit/retrofit-typedrequest/src/test/java/retrofit/TypedRequestRawRequestBuilderTest.java: Some input files use or override a deprecated API.
[WARNING] /home/travis/build/square/retrofit/retrofit-typedrequest/src/test/java/retrofit/TypedRequestRawRequestBuilderTest.java: Recompile with -Xlint:deprecation for details.
[INFO] 
[INFO] --- maven-surefire-plugin:2.12.4:test (default-test) @ retrofit-typedrequest ---
[INFO] Surefire report directory: /home/travis/build/square/retrofit/retrofit-typedrequest/target/surefire-reports

-------------------------------------------------------
 T E S T S
-------------------------------------------------------
Running retrofit.TypedRequestRawRequestBuilderTest
Jul 06, 2015 7:32:52 PM com.squareup.okhttp.mockwebserver.MockWebServer$2 execute
INFO: MockWebServer[39630] starting to accept connections
Jul 06, 2015 7:32:52 PM com.squareup.okhttp.mockwebserver.MockWebServer$2 acceptConnections
INFO: MockWebServer[39630] done accepting connections: Socket closed
Jul 06, 2015 7:32:52 PM com.squareup.okhttp.mockwebserver.MockWebServer$2 execute
INFO: MockWebServer[53485] starting to accept connections
Jul 06, 2015 7:32:52 PM com.squareup.okhttp.mockwebserver.MockWebServer$2 acceptConnections
INFO: MockWebServer[53485] done accepting connections: Socket closed
Jul 06, 2015 7:32:52 PM com.squareup.okhttp.mockwebserver.MockWebServer$2 execute
INFO: MockWebServer[50992] starting to accept connections
Jul 06, 2015 7:32:52 PM com.squareup.okhttp.mockwebserver.MockWebServer$2 acceptConnections
INFO: MockWebServer[50992] done accepting connections: Socket is closed
Jul 06, 2015 7:32:52 PM com.squareup.okhttp.mockwebserver.MockWebServer$2 execute
INFO: MockWebServer[35652] starting to accept connections
Jul 06, 2015 7:32:52 PM com.squareup.okhttp.mockwebserver.MockWebServer$2 acceptConnections
INFO: MockWebServer[35652] done accepting connections: Socket is closed
Jul 06, 2015 7:32:52 PM com.squareup.okhttp.mockwebserver.MockWebServer$2 execute
INFO: MockWebServer[47478] starting to accept connections
Jul 06, 2015 7:32:52 PM com.squareup.okhttp.mockwebserver.MockWebServer$2 acceptConnections
INFO: MockWebServer[47478] done accepting connections: Socket is closed
Jul 06, 2015 7:32:52 PM com.squareup.okhttp.mockwebserver.MockWebServer$2 execute
INFO: MockWebServer[58977] starting to accept connections
Jul 06, 2015 7:32:52 PM com.squareup.okhttp.mockwebserver.MockWebServer$2 acceptConnections
INFO: MockWebServer[58977] done accepting connections: Socket is closed
Jul 06, 2015 7:32:52 PM com.squareup.okhttp.mockwebserver.MockWebServer$2 execute
INFO: MockWebServer[55813] starting to accept connections
Jul 06, 2015 7:32:52 PM com.squareup.okhttp.mockwebserver.MockWebServer$2 acceptConnections
INFO: MockWebServer[55813] done accepting connections: Socket is closed
Jul 06, 2015 7:32:52 PM com.squareup.okhttp.mockwebserver.MockWebServer$2 execute
INFO: MockWebServer[48798] starting to accept connections
Jul 06, 2015 7:32:52 PM com.squareup.okhttp.mockwebserver.MockWebServer$2 acceptConnections
INFO: MockWebServer[48798] done accepting connections: Socket is closed
Jul 06, 2015 7:32:52 PM com.squareup.okhttp.mockwebserver.MockWebServer$2 execute
INFO: MockWebServer[38730] starting to accept connections
Jul 06, 2015 7:32:52 PM com.squareup.okhttp.mockwebserver.MockWebServer$2 acceptConnections
INFO: MockWebServer[38730] done accepting connections: Socket is closed
Jul 06, 2015 7:32:52 PM com.squareup.okhttp.mockwebserver.MockWebServer$2 execute
INFO: MockWebServer[60247] starting to accept connections
Jul 06, 2015 7:32:52 PM com.squareup.okhttp.mockwebserver.MockWebServer$2 acceptConnections
INFO: MockWebServer[60247] done accepting connections: Socket is closed
Jul 06, 2015 7:32:52 PM com.squareup.okhttp.mockwebserver.MockWebServer$2 execute
INFO: MockWebServer[48499] starting to accept connections
Jul 06, 2015 7:32:52 PM com.squareup.okhttp.mockwebserver.MockWebServer$2 acceptConnections
INFO: MockWebServer[48499] done accepting connections: Socket is closed
Jul 06, 2015 7:32:52 PM com.squareup.okhttp.mockwebserver.MockWebServer$2 execute
INFO: MockWebServer[33471] starting to accept connections
Jul 06, 2015 7:32:52 PM com.squareup.okhttp.mockwebserver.MockWebServer$2 acceptConnections
INFO: MockWebServer[33471] done accepting connections: Socket is closed
Jul 06, 2015 7:32:52 PM com.squareup.okhttp.mockwebserver.MockWebServer$2 execute
INFO: MockWebServer[41012] starting to accept connections
Jul 06, 2015 7:32:52 PM com.squareup.okhttp.mockwebserver.MockWebServer$2 acceptConnections
INFO: MockWebServer[41012] done accepting connections: Socket is closed
Jul 06, 2015 7:32:52 PM com.squareup.okhttp.mockwebserver.MockWebServer$2 execute
INFO: MockWebServer[60410] starting to accept connections
Jul 06, 2015 7:32:52 PM com.squareup.okhttp.mockwebserver.MockWebServer$2 acceptConnections
INFO: MockWebServer[60410] done accepting connections: Socket is closed
Jul 06, 2015 7:32:52 PM com.squareup.okhttp.mockwebserver.MockWebServer$2 execute
INFO: MockWebServer[49785] starting to accept connections
Jul 06, 2015 7:32:52 PM com.squareup.okhttp.mockwebserver.MockWebServer$2 acceptConnections
INFO: MockWebServer[49785] done accepting connections: Socket is closed
Jul 06, 2015 7:32:52 PM com.squareup.okhttp.mockwebserver.MockWebServer$2 execute
INFO: MockWebServer[46692] starting to accept connections
Jul 06, 2015 7:32:52 PM com.squareup.okhttp.mockwebserver.MockWebServer$2 acceptConnections
INFO: MockWebServer[46692] done accepting connections: Socket is closed
Jul 06, 2015 7:32:52 PM com.squareup.okhttp.mockwebserver.MockWebServer$2 execute
INFO: MockWebServer[44130] starting to accept connections
Jul 06, 2015 7:32:52 PM com.squareup.okhttp.mockwebserver.MockWebServer$2 acceptConnections
INFO: MockWebServer[44130] done accepting connections: Socket is closed
Jul 06, 2015 7:32:52 PM com.squareup.okhttp.mockwebserver.MockWebServer$2 execute
INFO: MockWebServer[45273] starting to accept connections
Jul 06, 2015 7:32:52 PM com.squareup.okhttp.mockwebserver.MockWebServer$2 acceptConnections
INFO: MockWebServer[45273] done accepting connections: Socket is closed
Jul 06, 2015 7:32:52 PM com.squareup.okhttp.mockwebserver.MockWebServer$2 execute
INFO: MockWebServer[45286] starting to accept connections
Jul 06, 2015 7:32:52 PM com.squareup.okhttp.mockwebserver.MockWebServer$2 acceptConnections
INFO: MockWebServer[45286] done accepting connections: Socket is closed
Jul 06, 2015 7:32:52 PM com.squareup.okhttp.mockwebserver.MockWebServer$2 execute
INFO: MockWebServer[53822] starting to accept connections
Jul 06, 2015 7:32:52 PM com.squareup.okhttp.mockwebserver.MockWebServer$2 acceptConnections
INFO: MockWebServer[53822] done accepting connections: Socket is closed
Jul 06, 2015 7:32:52 PM com.squareup.okhttp.mockwebserver.MockWebServer$2 execute
INFO: MockWebServer[47154] starting to accept connections
Jul 06, 2015 7:32:52 PM com.squareup.okhttp.mockwebserver.MockWebServer$2 acceptConnections
INFO: MockWebServer[47154] done accepting connections: Socket is closed
Jul 06, 2015 7:32:52 PM com.squareup.okhttp.mockwebserver.MockWebServer$2 execute
INFO: MockWebServer[55299] starting to accept connections
Jul 06, 2015 7:32:52 PM com.squareup.okhttp.mockwebserver.MockWebServer$2 acceptConnections
INFO: MockWebServer[55299] done accepting connections: Socket is closed
Jul 06, 2015 7:32:52 PM com.squareup.okhttp.mockwebserver.MockWebServer$2 execute
INFO: MockWebServer[52913] starting to accept connections
Jul 06, 2015 7:32:52 PM com.squareup.okhttp.mockwebserver.MockWebServer$2 acceptConnections
INFO: MockWebServer[52913] done accepting connections: Socket is closed
Jul 06, 2015 7:32:52 PM com.squareup.okhttp.mockwebserver.MockWebServer$2 execute
INFO: MockWebServer[42716] starting to accept connections
Jul 06, 2015 7:32:52 PM com.squareup.okhttp.mockwebserver.MockWebServer$2 acceptConnections
INFO: MockWebServer[42716] done accepting connections: Socket is closed
Jul 06, 2015 7:32:52 PM com.squareup.okhttp.mockwebserver.MockWebServer$2 execute
INFO: MockWebServer[44964] starting to accept connections
Jul 06, 2015 7:32:52 PM com.squareup.okhttp.mockwebserver.MockWebServer$2 acceptConnections
INFO: MockWebServer[44964] done accepting connections: Socket is closed
Jul 06, 2015 7:32:52 PM com.squareup.okhttp.mockwebserver.MockWebServer$2 execute
INFO: MockWebServer[57396] starting to accept connections
Jul 06, 2015 7:32:52 PM com.squareup.okhttp.mockwebserver.MockWebServer$2 acceptConnections
INFO: MockWebServer[57396] done accepting connections: Socket is closed
Jul 06, 2015 7:32:52 PM com.squareup.okhttp.mockwebserver.MockWebServer$2 execute
INFO: MockWebServer[58774] starting to accept connections
Jul 06, 2015 7:32:52 PM com.squareup.okhttp.mockwebserver.MockWebServer$2 acceptConnections
INFO: MockWebServer[58774] done accepting connections: Socket is closed
Jul 06, 2015 7:32:52 PM com.squareup.okhttp.mockwebserver.MockWebServer$2 execute
INFO: MockWebServer[58022] starting to accept connections
Jul 06, 2015 7:32:52 PM com.squareup.okhttp.mockwebserver.MockWebServer$2 acceptConnections
INFO: MockWebServer[58022] done accepting connections: Socket is closed
Jul 06, 2015 7:32:52 PM com.squareup.okhttp.mockwebserver.MockWebServer$2 execute
INFO: MockWebServer[51554] starting to accept connections
Jul 06, 2015 7:32:52 PM com.squareup.okhttp.mockwebserver.MockWebServer$2 acceptConnections
INFO: MockWebServer[51554] done accepting connections: Socket is closed
Jul 06, 2015 7:32:52 PM com.squareup.okhttp.mockwebserver.MockWebServer$2 execute
INFO: MockWebServer[55257] starting to accept connections
Jul 06, 2015 7:32:52 PM com.squareup.okhttp.mockwebserver.MockWebServer$2 acceptConnections
INFO: MockWebServer[55257] done accepting connections: Socket closed
Jul 06, 2015 7:32:52 PM com.squareup.okhttp.mockwebserver.MockWebServer$2 execute
INFO: MockWebServer[59602] starting to accept connections
Jul 06, 2015 7:32:52 PM com.squareup.okhttp.mockwebserver.MockWebServer$2 acceptConnections
INFO: MockWebServer[59602] done accepting connections: Socket is closed
Jul 06, 2015 7:32:52 PM com.squareup.okhttp.mockwebserver.MockWebServer$2 execute
INFO: MockWebServer[60535] starting to accept connections
Jul 06, 2015 7:32:52 PM com.squareup.okhttp.mockwebserver.MockWebServer$2 acceptConnections
INFO: MockWebServer[60535] done accepting connections: Socket is closed
Tests run: 32, Failures: 0, Errors: 0, Skipped: 0, Time elapsed: 1.083 sec
Running retrofit.CallableRequestTest
Jul 06, 2015 7:32:53 PM com.squareup.okhttp.mockwebserver.MockWebServer$2 execute
INFO: MockWebServer[53656] starting to accept connections
Jul 06, 2015 7:32:53 PM com.squareup.okhttp.mockwebserver.MockWebServer$3 processOneRequest
INFO: MockWebServer[53656] received request: GET / HTTP/1.1 and responded: HTTP/1.1 200 OK
Jul 06, 2015 7:32:53 PM com.squareup.okhttp.mockwebserver.MockWebServer$2 acceptConnections
INFO: MockWebServer[53656] done accepting connections: Socket closed
Jul 06, 2015 7:32:53 PM com.squareup.okhttp.mockwebserver.MockWebServer$2 execute
INFO: MockWebServer[44059] starting to accept connections
Jul 06, 2015 7:32:53 PM com.squareup.okhttp.mockwebserver.MockWebServer$3 processOneRequest
INFO: MockWebServer[44059] received request: GET / HTTP/1.1 and responded: HTTP/1.1 200 OK
Jul 06, 2015 7:32:53 PM com.squareup.okhttp.mockwebserver.MockWebServer$2 acceptConnections
INFO: MockWebServer[44059] done accepting connections: Socket closed
Tests run: 2, Failures: 0, Errors: 0, Skipped: 0, Time elapsed: 0.353 sec
Running retrofit.ObservableRequestTest
Jul 06, 2015 7:32:53 PM com.squareup.okhttp.mockwebserver.MockWebServer$2 execute
INFO: MockWebServer[59310] starting to accept connections
Jul 06, 2015 7:32:53 PM com.squareup.okhttp.mockwebserver.MockWebServer$2 acceptConnections
INFO: MockWebServer[59310] done accepting connections: Socket closed
Jul 06, 2015 7:32:53 PM com.squareup.okhttp.mockwebserver.MockWebServer$3 processOneRequest
INFO: MockWebServer[59310] received request: GET / HTTP/1.1 and responded: HTTP/1.1 200 OK
Jul 06, 2015 7:32:53 PM com.squareup.okhttp.mockwebserver.MockWebServer$2 execute
INFO: MockWebServer[45260] starting to accept connections
Jul 06, 2015 7:32:53 PM com.squareup.okhttp.mockwebserver.MockWebServer$3 processOneRequest
INFO: MockWebServer[45260] received request: GET / HTTP/1.1 and responded: HTTP/1.1 200 OK
Jul 06, 2015 7:32:53 PM com.squareup.okhttp.mockwebserver.MockWebServer$2 acceptConnections
INFO: MockWebServer[45260] done accepting connections: Socket closed
Tests run: 2, Failures: 0, Errors: 0, Skipped: 0, Time elapsed: 0.179 sec
Running retrofit.ObservableRequestBuilderTest
Tests run: 1, Failures: 0, Errors: 0, Skipped: 0, Time elapsed: 0.004 sec
Running retrofit.CallableRequestBuilderTest
Tests run: 1, Failures: 0, Errors: 0, Skipped: 0, Time elapsed: 0 sec

Results :

Tests run: 38, Failures: 0, Errors: 0, Skipped: 0

[INFO]                                                                         
[INFO] ------------------------------------------------------------------------
[INFO] Building Samples 2.0.0-SNAPSHOT
[INFO] ------------------------------------------------------------------------
[INFO] 
[INFO] --- maven-enforcer-plugin:1.0:enforce (enforce-maven) @ samples ---
[INFO] 
[INFO] --- maven-resources-plugin:2.6:resources (default-resources) @ samples ---
[INFO] Using 'UTF-8' encoding to copy filtered resources.
[INFO] skip non existing resourceDirectory /home/travis/build/square/retrofit/samples/src/main/resources
[INFO] 
[INFO] --- maven-compiler-plugin:3.0:compile (default-compile) @ samples ---
[INFO] Changes detected - recompiling the module!
[INFO] Compiling 2 source files to /home/travis/build/square/retrofit/samples/target/classes
[INFO] 
[INFO] --- maven-resources-plugin:2.6:testResources (default-testResources) @ samples ---
[INFO] Using 'UTF-8' encoding to copy filtered resources.
[INFO] skip non existing resourceDirectory /home/travis/build/square/retrofit/samples/src/test/resources
[INFO] 
[INFO] --- maven-compiler-plugin:3.0:testCompile (default-testCompile) @ samples ---
[INFO] No sources to compile
[INFO] 
[INFO] --- maven-surefire-plugin:2.12.4:test (default-test) @ samples ---
[INFO] No tests to run.
[INFO] ------------------------------------------------------------------------
[INFO] Reactor Summary:
[INFO] 
[INFO] Retrofit (Parent) .................................. SUCCESS [  0.524 s]
[INFO] Retrofit ........................................... SUCCESS [ 11.675 s]
[INFO] Adapters ........................................... SUCCESS [  0.002 s]
[INFO] Adapter: RxJava .................................... SUCCESS [  1.173 s]
[INFO] Converters ......................................... SUCCESS [  0.008 s]
[INFO] Converter: Gson .................................... SUCCESS [  1.142 s]
[INFO] Converter: Protocol Buffers ........................ SUCCESS [  1.579 s]
[INFO] Converter: Jackson ................................. SUCCESS [  1.416 s]
[INFO] Converter: Wire Protocol Buffers ................... SUCCESS [  1.119 s]
[INFO] Converter: SimpleXML ............................... SUCCESS [  1.203 s]
[INFO] Converter: Moshi ................................... SUCCESS [  1.005 s]
[INFO] Typed Request ...................................... SUCCESS [  3.088 s]
[INFO] Samples ............................................ SUCCESS [  0.076 s]
[INFO] ------------------------------------------------------------------------
[INFO] BUILD SUCCESS
[INFO] ------------------------------------------------------------------------
[INFO] Total time: 24.335 s
[INFO] Finished at: 2015-07-06T19:32:53+00:00
[INFO] Final Memory: 29M/348M
[INFO] ------------------------------------------------------------------------
travis_time:end:00193c78:start=1436211147729606088,finish=1436211174374474784,duration=26644868696[0K
[32;1mThe command "mvn test -B" exited with 0.[0m
travis_fold:start:cache.2[0Kstore build cache
travis_time:start:22291245[0Kchanges detected, packing new archive
uploading archive
travis_time:end:22291245:start=1436211174379609592,finish=1436211178727690691,duration=4348081099[0Ktravis_fold:end:cache.2[0Ktravis_fold:start:after_success[0Ktravis_time:start:0294936c[0K$ .buildscript/deploy_snapshot.sh
Skipping snapshot deployment: was pull request.
travis_time:end:0294936c:start=1436211178732328404,finish=1436211178737703427,duration=5375023[0Ktravis_fold:end:after_success[0K
Done. Your build exited with 0.
