Using worker: worker-linux-docker-079519ee.prod.travis-ci.org:travis-linux-2

travis_fold:start:system_info[0K[33;1mBuild system information[0m
Build language: java
[34m[1mBuild image provisioning date and time[0m
Thu Feb  5 15:09:33 UTC 2015
[34m[1mOperating System Details[0m
Distributor ID:	Ubuntu
Description:	Ubuntu 12.04.5 LTS
Release:	12.04
Codename:	precise
[34m[1mLinux Version[0m
3.13.0-29-generic
[34m[1mCookbooks Version[0m
a68419e https://github.com/travis-ci/travis-cookbooks/tree/a68419e
[34m[1mGCC version[0m
gcc (Ubuntu/Linaro 4.6.3-1ubuntu5) 4.6.3
Copyright (C) 2011 Free Software Foundation, Inc.
This is free software; see the source for copying conditions.  There is NO
warranty; not even for MERCHANTABILITY or FITNESS FOR A PARTICULAR PURPOSE.

[34m[1mLLVM version[0m
clang version 3.4 (tags/RELEASE_34/final)
Target: x86_64-unknown-linux-gnu
Thread model: posix
[34m[1mPre-installed Ruby versions[0m
ruby-1.9.3-p551
[34m[1mPre-installed Node.js versions[0m
v0.10.36
[34m[1mPre-installed Go versions[0m
1.4.1
[34m[1mRedis version[0m
redis-server 2.8.19
[34m[1mriak version[0m
2.0.2
[34m[1mMongoDB version[0m
MongoDB 2.4.12
[34m[1mCouchDB version[0m
couchdb 1.6.1
[34m[1mNeo4j version[0m
1.9.4
[34m[1mRabbitMQ Version[0m
3.4.3
[34m[1mElasticSearch version[0m
1.4.0
[34m[1mInstalled Sphinx versions[0m
2.0.10
2.1.9
2.2.6
[34m[1mDefault Sphinx version[0m
2.2.6
[34m[1mInstalled Firefox version[0m
firefox 31.0esr
[34m[1mPhantomJS version[0m
1.9.8
[34m[1mant -version[0m
Apache Ant(TM) version 1.8.2 compiled on December 3 2011
[34m[1mmvn -version[0m
Apache Maven 3.2.5 (12a6b3acb947671f09b81f49094c53f426d8cea1; 2014-12-14T17:29:23+00:00)
Maven home: /usr/local/maven
Java version: 1.7.0_76, vendor: Oracle Corporation
Java home: /usr/lib/jvm/java-7-oracle/jre
Default locale: en_US, platform encoding: ANSI_X3.4-1968
OS name: "linux", version: "3.13.0-29-generic", arch: "amd64", family: "unix"
travis_fold:end:system_info[0K
travis_fold:start:git.checkout[0Ktravis_time:start:13edf993[0K$ git clone --depth=50 git://github.com/square/retrofit.git square/retrofit
Cloning into 'square/retrofit'...
remote: Counting objects: 1498, done.[K
remote: Compressing objects:   0% (1/690)   [Kremote: Compressing objects:   1% (7/690)   [Kremote: Compressing objects:   2% (14/690)   [Kremote: Compressing objects:   3% (21/690)   [Kremote: Compressing objects:   4% (28/690)   [Kremote: Compressing objects:   5% (35/690)   [Kremote: Compressing objects:   6% (42/690)   [Kremote: Compressing objects:   7% (49/690)   [Kremote: Compressing objects:   8% (56/690)   [Kremote: Compressing objects:   9% (63/690)   [Kremote: Compressing objects:  10% (69/690)   [Kremote: Compressing objects:  11% (76/690)   [Kremote: Compressing objects:  12% (83/690)   [Kremote: Compressing objects:  13% (90/690)   [Kremote: Compressing objects:  14% (97/690)   [Kremote: Compressing objects:  15% (104/690)   [Kremote: Compressing objects:  16% (111/690)   [Kremote: Compressing objects:  17% (118/690)   [Kremote: Compressing objects:  18% (125/690)   [Kremote: Compressing objects:  19% (132/690)   [Kremote: Compressing objects:  20% (138/690)   [Kremote: Compressing objects:  21% (145/690)   [Kremote: Compressing objects:  22% (152/690)   [Kremote: Compressing objects:  23% (159/690)   [Kremote: Compressing objects:  24% (166/690)   [Kremote: Compressing objects:  25% (173/690)   [Kremote: Compressing objects:  26% (180/690)   [Kremote: Compressing objects:  27% (187/690)   [Kremote: Compressing objects:  28% (194/690)   [Kremote: Compressing objects:  29% (201/690)   [Kremote: Compressing objects:  30% (207/690)   [Kremote: Compressing objects:  31% (214/690)   [Kremote: Compressing objects:  32% (221/690)   [Kremote: Compressing objects:  33% (228/690)   [Kremote: Compressing objects:  34% (235/690)   [Kremote: Compressing objects:  35% (242/690)   [Kremote: Compressing objects:  36% (249/690)   [Kremote: Compressing objects:  37% (256/690)   [Kremote: Compressing objects:  38% (263/690)   [Kremote: Compressing objects:  39% (270/690)   [Kremote: Compressing objects:  40% (276/690)   [Kremote: Compressing objects:  41% (283/690)   [Kremote: Compressing objects:  42% (290/690)   [Kremote: Compressing objects:  43% (297/690)   [Kremote: Compressing objects:  44% (304/690)   [Kremote: Compressing objects:  45% (311/690)   [Kremote: Compressing objects:  46% (318/690)   [Kremote: Compressing objects:  47% (325/690)   [Kremote: Compressing objects:  48% (332/690)   [Kremote: Compressing objects:  49% (339/690)   [Kremote: Compressing objects:  50% (345/690)   [Kremote: Compressing objects:  51% (352/690)   [Kremote: Compressing objects:  52% (359/690)   [Kremote: Compressing objects:  53% (366/690)   [Kremote: Compressing objects:  54% (373/690)   [Kremote: Compressing objects:  55% (380/690)   [Kremote: Compressing objects:  56% (387/690)   [Kremote: Compressing objects:  57% (394/690)   [Kremote: Compressing objects:  58% (401/690)   [Kremote: Compressing objects:  59% (408/690)   [Kremote: Compressing objects:  60% (414/690)   [Kremote: Compressing objects:  61% (421/690)   [Kremote: Compressing objects:  62% (428/690)   [Kremote: Compressing objects:  63% (435/690)   [Kremote: Compressing objects:  64% (442/690)   [Kremote: Compressing objects:  65% (449/690)   [Kremote: Compressing objects:  66% (456/690)   [Kremote: Compressing objects:  67% (463/690)   [Kremote: Compressing objects:  68% (470/690)   [Kremote: Compressing objects:  69% (477/690)   [Kremote: Compressing objects:  70% (483/690)   [Kremote: Compressing objects:  71% (490/690)   [Kremote: Compressing objects:  72% (497/690)   [Kremote: Compressing objects:  73% (504/690)   [Kremote: Compressing objects:  74% (511/690)   [Kremote: Compressing objects:  75% (518/690)   [Kremote: Compressing objects:  76% (525/690)   [Kremote: Compressing objects:  77% (532/690)   [Kremote: Compressing objects:  78% (539/690)   [Kremote: Compressing objects:  79% (546/690)   [Kremote: Compressing objects:  80% (552/690)   [Kremote: Compressing objects:  81% (559/690)   [Kremote: Compressing objects:  82% (566/690)   [Kremote: Compressing objects:  83% (573/690)   [Kremote: Compressing objects:  84% (580/690)   [Kremote: Compressing objects:  85% (587/690)   [Kremote: Compressing objects:  86% (594/690)   [Kremote: Compressing objects:  87% (601/690)   [Kremote: Compressing objects:  88% (608/690)   [Kremote: Compressing objects:  89% (615/690)   [Kremote: Compressing objects:  90% (621/690)   [Kremote: Compressing objects:  91% (628/690)   [Kremote: Compressing objects:  92% (635/690)   [Kremote: Compressing objects:  93% (642/690)   [Kremote: Compressing objects:  94% (649/690)   [Kremote: Compressing objects:  95% (656/690)   [Kremote: Compressing objects:  96% (663/690)   [Kremote: Compressing objects:  97% (670/690)   [Kremote: Compressing objects:  98% (677/690)   [Kremote: Compressing objects:  99% (684/690)   [Kremote: Compressing objects: 100% (690/690)   [Kremote: Compressing objects: 100% (690/690), done.[K
Receiving objects:   0% (1/1498)   Receiving objects:   1% (15/1498)   Receiving objects:   2% (30/1498)   Receiving objects:   3% (45/1498)   Receiving objects:   4% (60/1498)   Receiving objects:   5% (75/1498)   Receiving objects:   6% (90/1498)   Receiving objects:   7% (105/1498)   Receiving objects:   8% (120/1498)   Receiving objects:   9% (135/1498)   Receiving objects:  10% (150/1498)   Receiving objects:  11% (165/1498)   Receiving objects:  12% (180/1498)   Receiving objects:  13% (195/1498)   Receiving objects:  14% (210/1498)   Receiving objects:  15% (225/1498)   Receiving objects:  16% (240/1498)   Receiving objects:  17% (255/1498)   Receiving objects:  18% (270/1498)   Receiving objects:  19% (285/1498)   Receiving objects:  20% (300/1498)   Receiving objects:  21% (315/1498)   Receiving objects:  22% (330/1498)   Receiving objects:  23% (345/1498)   Receiving objects:  24% (360/1498)   Receiving objects:  25% (375/1498)   Receiving objects:  26% (390/1498)   Receiving objects:  27% (405/1498)   Receiving objects:  28% (420/1498)   Receiving objects:  29% (435/1498)   Receiving objects:  30% (450/1498)   Receiving objects:  31% (465/1498)   Receiving objects:  32% (480/1498)   Receiving objects:  33% (495/1498)   Receiving objects:  34% (510/1498)   Receiving objects:  35% (525/1498)   Receiving objects:  36% (540/1498)   Receiving objects:  37% (555/1498)   Receiving objects:  38% (570/1498)   Receiving objects:  39% (585/1498)   Receiving objects:  40% (600/1498)   Receiving objects:  41% (615/1498)   Receiving objects:  42% (630/1498)   Receiving objects:  43% (645/1498)   Receiving objects:  44% (660/1498)   Receiving objects:  45% (675/1498)   Receiving objects:  46% (690/1498)   Receiving objects:  47% (705/1498)   Receiving objects:  48% (720/1498)   Receiving objects:  49% (735/1498)   Receiving objects:  50% (749/1498)   Receiving objects:  51% (764/1498)   Receiving objects:  52% (779/1498)   Receiving objects:  53% (794/1498)   Receiving objects:  54% (809/1498)   Receiving objects:  55% (824/1498)   Receiving objects:  56% (839/1498)   Receiving objects:  57% (854/1498)   Receiving objects:  58% (869/1498)   Receiving objects:  59% (884/1498)   Receiving objects:  60% (899/1498)   Receiving objects:  61% (914/1498)   Receiving objects:  62% (929/1498)   Receiving objects:  63% (944/1498)   Receiving objects:  64% (959/1498)   Receiving objects:  65% (974/1498)   Receiving objects:  66% (989/1498)   Receiving objects:  67% (1004/1498)   Receiving objects:  68% (1019/1498)   Receiving objects:  69% (1034/1498)   Receiving objects:  70% (1049/1498)   Receiving objects:  71% (1064/1498)   Receiving objects:  72% (1079/1498)   remote: Total 1498 (delta 538), reused 1328 (delta 403), pack-reused 0[K
Receiving objects:  73% (1094/1498)   Receiving objects:  74% (1109/1498)   Receiving objects:  75% (1124/1498)   Receiving objects:  76% (1139/1498)   Receiving objects:  77% (1154/1498)   Receiving objects:  78% (1169/1498)   Receiving objects:  79% (1184/1498)   Receiving objects:  80% (1199/1498)   Receiving objects:  81% (1214/1498)   Receiving objects:  82% (1229/1498)   Receiving objects:  83% (1244/1498)   Receiving objects:  84% (1259/1498)   Receiving objects:  85% (1274/1498)   Receiving objects:  86% (1289/1498)   Receiving objects:  87% (1304/1498)   Receiving objects:  88% (1319/1498)   Receiving objects:  89% (1334/1498)   Receiving objects:  90% (1349/1498)   Receiving objects:  91% (1364/1498)   Receiving objects:  92% (1379/1498)   Receiving objects:  93% (1394/1498)   Receiving objects:  94% (1409/1498)   Receiving objects:  95% (1424/1498)   Receiving objects:  96% (1439/1498)   Receiving objects:  97% (1454/1498)   Receiving objects:  98% (1469/1498)   Receiving objects:  99% (1484/1498)   Receiving objects: 100% (1498/1498)   Receiving objects: 100% (1498/1498), 375.64 KiB | 0 bytes/s, done.
Resolving deltas:   0% (0/538)   Resolving deltas:  11% (61/538)   Resolving deltas:  12% (68/538)   Resolving deltas:  13% (75/538)   Resolving deltas:  18% (98/538)   Resolving deltas:  19% (105/538)   Resolving deltas:  24% (133/538)   Resolving deltas:  25% (135/538)   Resolving deltas:  26% (141/538)   Resolving deltas:  30% (164/538)   Resolving deltas:  31% (170/538)   Resolving deltas:  35% (193/538)   Resolving deltas:  36% (197/538)   Resolving deltas:  37% (201/538)   Resolving deltas:  38% (206/538)   Resolving deltas:  39% (212/538)   Resolving deltas:  40% (218/538)   Resolving deltas:  41% (222/538)   Resolving deltas:  42% (227/538)   Resolving deltas:  43% (233/538)   Resolving deltas:  44% (240/538)   Resolving deltas:  47% (253/538)   Resolving deltas:  48% (261/538)   Resolving deltas:  49% (266/538)   Resolving deltas:  51% (278/538)   Resolving deltas:  52% (283/538)   Resolving deltas:  54% (292/538)   Resolving deltas:  55% (299/538)   Resolving deltas:  56% (302/538)   Resolving deltas:  58% (316/538)   Resolving deltas:  60% (325/538)   Resolving deltas:  65% (351/538)   Resolving deltas:  66% (359/538)   Resolving deltas:  67% (364/538)   Resolving deltas:  68% (370/538)   Resolving deltas:  69% (373/538)   Resolving deltas:  70% (380/538)   Resolving deltas:  73% (393/538)   Resolving deltas:  74% (399/538)   Resolving deltas:  76% (411/538)   Resolving deltas:  77% (418/538)   Resolving deltas:  78% (422/538)   Resolving deltas:  80% (432/538)   Resolving deltas:  84% (452/538)   Resolving deltas:  85% (458/538)   Resolving deltas:  86% (465/538)   Resolving deltas:  87% (469/538)   Resolving deltas:  88% (474/538)   Resolving deltas:  89% (480/538)   Resolving deltas:  90% (485/538)   Resolving deltas:  91% (490/538)   Resolving deltas:  92% (495/538)   Resolving deltas:  93% (501/538)   Resolving deltas:  94% (509/538)   Resolving deltas:  95% (516/538)   Resolving deltas:  97% (522/538)   Resolving deltas:  98% (532/538)   Resolving deltas:  99% (533/538)   Resolving deltas: 100% (538/538)   Resolving deltas: 100% (538/538), done.
Checking connectivity... done.
travis_time:end:13edf993:start=1437779632815800366,finish=1437779633023717306,duration=207916940[0K$ cd square/retrofit
travis_time:start:1c14a0f0[0K$ git fetch origin +refs/pull/887/merge:
remote: Counting objects: 105, done.[K
remote: Compressing objects:   1% (1/55)   [Kremote: Compressing objects:   3% (2/55)   [Kremote: Compressing objects:   5% (3/55)   [Kremote: Compressing objects:   7% (4/55)   [Kremote: Compressing objects:   9% (5/55)   [Kremote: Compressing objects:  10% (6/55)   [Kremote: Compressing objects:  12% (7/55)   [Kremote: Compressing objects:  14% (8/55)   [Kremote: Compressing objects:  16% (9/55)   [Kremote: Compressing objects:  18% (10/55)   [Kremote: Compressing objects:  20% (11/55)   [Kremote: Compressing objects:  21% (12/55)   [Kremote: Compressing objects:  23% (13/55)   [Kremote: Compressing objects:  25% (14/55)   [Kremote: Compressing objects:  27% (15/55)   [Kremote: Compressing objects:  29% (16/55)   [Kremote: Compressing objects:  30% (17/55)   [Kremote: Compressing objects:  32% (18/55)   [Kremote: Compressing objects:  34% (19/55)   [Kremote: Compressing objects:  36% (20/55)   [Kremote: Compressing objects:  38% (21/55)   [Kremote: Compressing objects:  40% (22/55)   [Kremote: Compressing objects:  41% (23/55)   [Kremote: Compressing objects:  43% (24/55)   [Kremote: Compressing objects:  45% (25/55)   [Kremote: Compressing objects:  47% (26/55)   [Kremote: Compressing objects:  49% (27/55)   [Kremote: Compressing objects:  50% (28/55)   [Kremote: Compressing objects:  52% (29/55)   [Kremote: Compressing objects:  54% (30/55)   [Kremote: Compressing objects:  56% (31/55)   [Kremote: Compressing objects:  58% (32/55)   [Kremote: Compressing objects:  60% (33/55)   [Kremote: Compressing objects:  61% (34/55)   [Kremote: Compressing objects:  63% (35/55)   [Kremote: Compressing objects:  65% (36/55)   [Kremote: Compressing objects:  67% (37/55)   [Kremote: Compressing objects:  69% (38/55)   [Kremote: Compressing objects:  70% (39/55)   [Kremote: Compressing objects:  72% (40/55)   [Kremote: Compressing objects:  74% (41/55)   [Kremote: Compressing objects:  76% (42/55)   [Kremote: Compressing objects:  78% (43/55)   [Kremote: Compressing objects:  80% (44/55)   [Kremote: Compressing objects:  81% (45/55)   [Kremote: Compressing objects:  83% (46/55)   [Kremote: Compressing objects:  85% (47/55)   [Kremote: Compressing objects:  87% (48/55)   [Kremote: Compressing objects:  89% (49/55)   [Kremote: Compressing objects:  90% (50/55)   [Kremote: Compressing objects:  92% (51/55)   [Kremote: Compressing objects:  94% (52/55)   [Kremote: Compressing objects:  96% (53/55)   [Kremote: Compressing objects:  98% (54/55)   [Kremote: Compressing objects: 100% (55/55)   [Kremote: Compressing objects: 100% (55/55), done.[K
remote: Total 105 (delta 35), reused 93 (delta 24), pack-reused 0[K
Receiving objects:   0% (1/105)   Receiving objects:   1% (2/105)   Receiving objects:   2% (3/105)   Receiving objects:   3% (4/105)   Receiving objects:   4% (5/105)   Receiving objects:   5% (6/105)   Receiving objects:   6% (7/105)   Receiving objects:   7% (8/105)   Receiving objects:   8% (9/105)   Receiving objects:   9% (10/105)   Receiving objects:  10% (11/105)   Receiving objects:  11% (12/105)   Receiving objects:  12% (13/105)   Receiving objects:  13% (14/105)   Receiving objects:  14% (15/105)   Receiving objects:  15% (16/105)   Receiving objects:  16% (17/105)   Receiving objects:  17% (18/105)   Receiving objects:  18% (19/105)   Receiving objects:  19% (20/105)   Receiving objects:  20% (21/105)   Receiving objects:  21% (23/105)   Receiving objects:  22% (24/105)   Receiving objects:  23% (25/105)   Receiving objects:  24% (26/105)   Receiving objects:  25% (27/105)   Receiving objects:  26% (28/105)   Receiving objects:  27% (29/105)   Receiving objects:  28% (30/105)   Receiving objects:  29% (31/105)   Receiving objects:  30% (32/105)   Receiving objects:  31% (33/105)   Receiving objects:  32% (34/105)   Receiving objects:  33% (35/105)   Receiving objects:  34% (36/105)   Receiving objects:  35% (37/105)   Receiving objects:  36% (38/105)   Receiving objects:  37% (39/105)   Receiving objects:  38% (40/105)   Receiving objects:  39% (41/105)   Receiving objects:  40% (42/105)   Receiving objects:  41% (44/105)   Receiving objects:  42% (45/105)   Receiving objects:  43% (46/105)   Receiving objects:  44% (47/105)   Receiving objects:  45% (48/105)   Receiving objects:  46% (49/105)   Receiving objects:  47% (50/105)   Receiving objects:  48% (51/105)   Receiving objects:  49% (52/105)   Receiving objects:  50% (53/105)   Receiving objects:  51% (54/105)   Receiving objects:  52% (55/105)   Receiving objects:  53% (56/105)   Receiving objects:  54% (57/105)   Receiving objects:  55% (58/105)   Receiving objects:  56% (59/105)   Receiving objects:  57% (60/105)   Receiving objects:  58% (61/105)   Receiving objects:  59% (62/105)   Receiving objects:  60% (63/105)   Receiving objects:  61% (65/105)   Receiving objects:  62% (66/105)   Receiving objects:  63% (67/105)   Receiving objects:  64% (68/105)   Receiving objects:  65% (69/105)   Receiving objects:  66% (70/105)   Receiving objects:  67% (71/105)   Receiving objects:  68% (72/105)   Receiving objects:  69% (73/105)   Receiving objects:  70% (74/105)   Receiving objects:  71% (75/105)   Receiving objects:  72% (76/105)   Receiving objects:  73% (77/105)   Receiving objects:  74% (78/105)   Receiving objects:  75% (79/105)   Receiving objects:  76% (80/105)   Receiving objects:  77% (81/105)   Receiving objects:  78% (82/105)   Receiving objects:  79% (83/105)   Receiving objects:  80% (84/105)   Receiving objects:  81% (86/105)   Receiving objects:  82% (87/105)   Receiving objects:  83% (88/105)   Receiving objects:  84% (89/105)   Receiving objects:  85% (90/105)   Receiving objects:  86% (91/105)   Receiving objects:  87% (92/105)   Receiving objects:  88% (93/105)   Receiving objects:  89% (94/105)   Receiving objects:  90% (95/105)   Receiving objects:  91% (96/105)   Receiving objects:  92% (97/105)   Receiving objects:  93% (98/105)   Receiving objects:  94% (99/105)   Receiving objects:  95% (100/105)   Receiving objects:  96% (101/105)   Receiving objects:  97% (102/105)   Receiving objects:  98% (103/105)   Receiving objects:  99% (104/105)   Receiving objects: 100% (105/105)   Receiving objects: 100% (105/105), 37.25 KiB | 0 bytes/s, done.
Resolving deltas:   0% (0/35)   Resolving deltas:   2% (1/35)   Resolving deltas:   5% (2/35)   Resolving deltas:   8% (3/35)   Resolving deltas:  14% (5/35)   Resolving deltas:  17% (6/35)   Resolving deltas:  20% (7/35)   Resolving deltas:  22% (8/35)   Resolving deltas:  25% (9/35)   Resolving deltas:  37% (13/35)   Resolving deltas:  40% (14/35)   Resolving deltas:  42% (15/35)   Resolving deltas:  45% (16/35)   Resolving deltas:  54% (19/35)   Resolving deltas:  57% (20/35)   Resolving deltas:  60% (21/35)   Resolving deltas:  62% (22/35)   Resolving deltas:  65% (23/35)   Resolving deltas:  68% (24/35)   Resolving deltas:  71% (25/35)   Resolving deltas:  77% (27/35)   Resolving deltas:  80% (28/35)   Resolving deltas:  82% (29/35)   Resolving deltas:  88% (31/35)   Resolving deltas:  91% (32/35)   Resolving deltas:  94% (33/35)   Resolving deltas:  97% (34/35)   Resolving deltas: 100% (35/35)   Resolving deltas: 100% (35/35), completed with 18 local objects.
From git://github.com/square/retrofit
 * branch            refs/pull/887/merge -> FETCH_HEAD
travis_time:end:1c14a0f0:start=1437779633027446905,finish=1437779634892538305,duration=1865091400[0K$ git checkout -qf FETCH_HEAD
travis_fold:end:git.checkout[0K
[33;1mThis job is running on container-based infrastructure, which does not allow use of 'sudo', setuid and setguid executables.[0m
[33;1mIf you require sudo, add 'sudo: required' to your .travis.yml[0m
[33;1mSee http://docs.travis-ci.com/user/workers/container-based-infrastructure/ for details.[0m
travis_fold:start:cache.1[0KSetting up build cache
$ export CASHER_DIR=$HOME/.casher
travis_time:start:0ee53ac0[0K$ Installing caching utilities
travis_time:end:0ee53ac0:start=1437779636464659529,finish=1437779636519595651,duration=54936122[0Ktravis_time:start:0b442fe2[0Kattempting to download cache archive
fetching PR.887/cache--jdk-oraclejdk7.tgz
fetching PR.887/cache--jdk-oraclejdk7.tbz
fetching master/cache--jdk-oraclejdk7.tgz
found cache
travis_time:end:0b442fe2:start=1437779636524639280,finish=1437779637528743171,duration=1004103891[0Ktravis_time:start:01d62cc0[0Kadding /home/travis/.m2 to cache
travis_time:end:01d62cc0:start=1437779637532442928,finish=1437779639039863541,duration=1507420613[0Ktravis_fold:end:cache.1[0K$ jdk_switcher use oraclejdk7
Switching to Oracle JDK7 (java-7-oracle), JAVA_HOME will be set to /usr/lib/jvm/java-7-oracle
$ java -Xmx32m -version
java version "1.7.0_76"
Java(TM) SE Runtime Environment (build 1.7.0_76-b13)
Java HotSpot(TM) 64-Bit Server VM (build 24.76-b04, mixed mode)
$ javac -J-Xmx32m -version
javac 1.7.0_76
travis_fold:start:install[0Ktravis_time:start:162d243e[0K$ mvn install -DskipTests=true -Dmaven.javadoc.skip=true -B -V
Apache Maven 3.2.5 (12a6b3acb947671f09b81f49094c53f426d8cea1; 2014-12-14T17:29:23+00:00)
Maven home: /usr/local/maven
Java version: 1.7.0_76, vendor: Oracle Corporation
Java home: /usr/lib/jvm/java-7-oracle/jre
Default locale: en_US, platform encoding: UTF-8
OS name: "linux", version: "3.13.0-40-generic", arch: "amd64", family: "unix"
[INFO] Scanning for projects...
[WARNING] 
[WARNING] Some problems were encountered while building the effective model for com.squareup.retrofit:samples:jar:2.0.0-SNAPSHOT
[WARNING] 'build.plugins.plugin.version' for org.apache.maven.plugins:maven-deploy-plugin is missing. @ com.squareup.retrofit:samples:[unknown-version], /home/travis/build/square/retrofit/samples/pom.xml, line 36, column 15
[WARNING] 
[WARNING] It is highly recommended to fix these problems because they threaten the stability of your build.
[WARNING] 
[WARNING] For this reason, future Maven versions might no longer support building such malformed projects.
[WARNING] 
[INFO] ------------------------------------------------------------------------
[INFO] Reactor Build Order:
[INFO] 
[INFO] Retrofit (Parent)
[INFO] Retrofit
[INFO] Adapters
[INFO] Adapter: RxJava
[INFO] Retrofit Mock Adapter
[INFO] Adapter: RxJava Mock
[INFO] Converters
[INFO] Converter: Gson
[INFO] Converter: Protocol Buffers
[INFO] Converter: Jackson
[INFO] Converter: Wire Protocol Buffers
[INFO] Converter: SimpleXML
[INFO] Converter: Moshi
[INFO] Typed Request
[INFO] Samples
[INFO]                                                                         
[INFO] ------------------------------------------------------------------------
[INFO] Building Retrofit (Parent) 2.0.0-SNAPSHOT
[INFO] ------------------------------------------------------------------------
[INFO] 
[INFO] --- maven-enforcer-plugin:1.0:enforce (enforce-maven) @ parent ---
[INFO] 
[INFO] --- maven-checkstyle-plugin:2.15:checkstyle (default) @ parent ---
[INFO] 
[INFO] --- maven-install-plugin:2.4:install (default-install) @ parent ---
[INFO] Installing /home/travis/build/square/retrofit/pom.xml to /home/travis/.m2/repository/com/squareup/retrofit/parent/2.0.0-SNAPSHOT/parent-2.0.0-SNAPSHOT.pom
[INFO]                                                                         
[INFO] ------------------------------------------------------------------------
[INFO] Building Retrofit 2.0.0-SNAPSHOT
[INFO] ------------------------------------------------------------------------
[INFO] Downloading: https://repository.apache.org/snapshots/com/squareup/okhttp/okhttp/2.5.0-SNAPSHOT/maven-metadata.xml
[INFO] Downloading: https://repository.apache.org/snapshots/com/squareup/okhttp/parent/2.5.0-SNAPSHOT/maven-metadata.xml
[INFO] Downloading: https://repository.apache.org/snapshots/com/squareup/okhttp/mockwebserver/2.5.0-SNAPSHOT/maven-metadata.xml
[INFO] Downloading: https://repository.apache.org/snapshots/com/squareup/okhttp/okhttp-ws/2.5.0-SNAPSHOT/maven-metadata.xml
[INFO] 
[INFO] --- maven-enforcer-plugin:1.0:enforce (enforce-maven) @ retrofit ---
[INFO] 
[INFO] --- maven-resources-plugin:2.6:resources (default-resources) @ retrofit ---
[INFO] Using 'UTF-8' encoding to copy filtered resources.
[INFO] skip non existing resourceDirectory /home/travis/build/square/retrofit/retrofit/src/main/resources
[INFO] 
[INFO] --- maven-compiler-plugin:3.0:compile (default-compile) @ retrofit ---
[INFO] Changes detected - recompiling the module!
[INFO] Compiling 46 source files to /home/travis/build/square/retrofit/retrofit/target/classes
[WARNING] /home/travis/build/square/retrofit/retrofit/src/main/java/retrofit/RequestBuilderAction.java: /home/travis/build/square/retrofit/retrofit/src/main/java/retrofit/RequestBuilderAction.java uses unchecked or unsafe operations.
[WARNING] /home/travis/build/square/retrofit/retrofit/src/main/java/retrofit/RequestBuilderAction.java: Recompile with -Xlint:unchecked for details.
[INFO] 
[INFO] --- maven-resources-plugin:2.6:testResources (default-testResources) @ retrofit ---
[INFO] Using 'UTF-8' encoding to copy filtered resources.
[INFO] skip non existing resourceDirectory /home/travis/build/square/retrofit/retrofit/src/test/resources
[INFO] 
[INFO] --- maven-compiler-plugin:3.0:testCompile (default-testCompile) @ retrofit ---
[INFO] Changes detected - recompiling the module!
[INFO] Compiling 7 source files to /home/travis/build/square/retrofit/retrofit/target/test-classes
[INFO] 
[INFO] --- maven-surefire-plugin:2.12.4:test (default-test) @ retrofit ---
[INFO] Tests are skipped.
[INFO] 
[INFO] --- maven-jar-plugin:2.4:jar (default-jar) @ retrofit ---
[INFO] Building jar: /home/travis/build/square/retrofit/retrofit/target/retrofit-2.0.0-SNAPSHOT.jar
[INFO] 
[INFO] --- maven-checkstyle-plugin:2.15:checkstyle (default) @ retrofit ---
[INFO] Starting audit...
Audit done.
[WARNING] Unable to locate Source XRef to link to - DISABLED
[INFO] 
[INFO] --- maven-install-plugin:2.4:install (default-install) @ retrofit ---
[INFO] Installing /home/travis/build/square/retrofit/retrofit/target/retrofit-2.0.0-SNAPSHOT.jar to /home/travis/.m2/repository/com/squareup/retrofit/retrofit/2.0.0-SNAPSHOT/retrofit-2.0.0-SNAPSHOT.jar
[INFO] Installing /home/travis/build/square/retrofit/retrofit/pom.xml to /home/travis/.m2/repository/com/squareup/retrofit/retrofit/2.0.0-SNAPSHOT/retrofit-2.0.0-SNAPSHOT.pom
[INFO]                                                                         
[INFO] ------------------------------------------------------------------------
[INFO] Building Adapters 2.0.0-SNAPSHOT
[INFO] ------------------------------------------------------------------------
[INFO] 
[INFO] --- maven-enforcer-plugin:1.0:enforce (enforce-maven) @ retrofit-adapters ---
[INFO] 
[INFO] --- maven-checkstyle-plugin:2.15:checkstyle (default) @ retrofit-adapters ---
[INFO] 
[INFO] --- maven-install-plugin:2.4:install (default-install) @ retrofit-adapters ---
[INFO] Installing /home/travis/build/square/retrofit/retrofit-adapters/pom.xml to /home/travis/.m2/repository/com/squareup/retrofit/retrofit-adapters/2.0.0-SNAPSHOT/retrofit-adapters-2.0.0-SNAPSHOT.pom
[INFO]                                                                         
[INFO] ------------------------------------------------------------------------
[INFO] Building Adapter: RxJava 2.0.0-SNAPSHOT
[INFO] ------------------------------------------------------------------------
[INFO] 
[INFO] --- maven-enforcer-plugin:1.0:enforce (enforce-maven) @ adapter-rxjava ---
[INFO] 
[INFO] --- maven-resources-plugin:2.6:resources (default-resources) @ adapter-rxjava ---
[INFO] Using 'UTF-8' encoding to copy filtered resources.
[INFO] skip non existing resourceDirectory /home/travis/build/square/retrofit/retrofit-adapters/rxjava/src/main/resources
[INFO] 
[INFO] --- maven-compiler-plugin:3.0:compile (default-compile) @ adapter-rxjava ---
[INFO] Changes detected - recompiling the module!
[INFO] Compiling 2 source files to /home/travis/build/square/retrofit/retrofit-adapters/rxjava/target/classes
[INFO] 
[INFO] --- maven-resources-plugin:2.6:testResources (default-testResources) @ adapter-rxjava ---
[INFO] Using 'UTF-8' encoding to copy filtered resources.
[INFO] skip non existing resourceDirectory /home/travis/build/square/retrofit/retrofit-adapters/rxjava/src/test/resources
[INFO] 
[INFO] --- maven-compiler-plugin:3.0:testCompile (default-testCompile) @ adapter-rxjava ---
[INFO] Changes detected - recompiling the module!
[INFO] Compiling 2 source files to /home/travis/build/square/retrofit/retrofit-adapters/rxjava/target/test-classes
[INFO] 
[INFO] --- maven-surefire-plugin:2.12.4:test (default-test) @ adapter-rxjava ---
[INFO] Tests are skipped.
[INFO] 
[INFO] --- maven-jar-plugin:2.4:jar (default-jar) @ adapter-rxjava ---
[INFO] Building jar: /home/travis/build/square/retrofit/retrofit-adapters/rxjava/target/adapter-rxjava-2.0.0-SNAPSHOT.jar
[INFO] 
[INFO] --- maven-checkstyle-plugin:2.15:checkstyle (default) @ adapter-rxjava ---
[INFO] Starting audit...
Audit done.
[WARNING] Unable to locate Source XRef to link to - DISABLED
[INFO] 
[INFO] --- maven-install-plugin:2.4:install (default-install) @ adapter-rxjava ---
[INFO] Installing /home/travis/build/square/retrofit/retrofit-adapters/rxjava/target/adapter-rxjava-2.0.0-SNAPSHOT.jar to /home/travis/.m2/repository/com/squareup/retrofit/adapter-rxjava/2.0.0-SNAPSHOT/adapter-rxjava-2.0.0-SNAPSHOT.jar
[INFO] Installing /home/travis/build/square/retrofit/retrofit-adapters/rxjava/pom.xml to /home/travis/.m2/repository/com/squareup/retrofit/adapter-rxjava/2.0.0-SNAPSHOT/adapter-rxjava-2.0.0-SNAPSHOT.pom
[INFO]                                                                         
[INFO] ------------------------------------------------------------------------
[INFO] Building Retrofit Mock Adapter 2.0.0-SNAPSHOT
[INFO] ------------------------------------------------------------------------
[INFO] 
[INFO] --- maven-enforcer-plugin:1.0:enforce (enforce-maven) @ retrofit-mock ---
[INFO] 
[INFO] --- maven-resources-plugin:2.6:resources (default-resources) @ retrofit-mock ---
[INFO] Using 'UTF-8' encoding to copy filtered resources.
[INFO] skip non existing resourceDirectory /home/travis/build/square/retrofit/retrofit-mock/src/main/resources
[INFO] 
[INFO] --- maven-compiler-plugin:3.0:compile (default-compile) @ retrofit-mock ---
[INFO] Changes detected - recompiling the module!
[INFO] Compiling 6 source files to /home/travis/build/square/retrofit/retrofit-mock/target/classes
[INFO] 
[INFO] --- maven-resources-plugin:2.6:testResources (default-testResources) @ retrofit-mock ---
[INFO] Using 'UTF-8' encoding to copy filtered resources.
[INFO] skip non existing resourceDirectory /home/travis/build/square/retrofit/retrofit-mock/src/test/resources
[INFO] 
[INFO] --- maven-compiler-plugin:3.0:testCompile (default-testCompile) @ retrofit-mock ---
[INFO] Changes detected - recompiling the module!
[INFO] Compiling 2 source files to /home/travis/build/square/retrofit/retrofit-mock/target/test-classes
[INFO] 
[INFO] --- maven-surefire-plugin:2.12.4:test (default-test) @ retrofit-mock ---
[INFO] Tests are skipped.
[INFO] 
[INFO] --- maven-jar-plugin:2.4:jar (default-jar) @ retrofit-mock ---
[INFO] Building jar: /home/travis/build/square/retrofit/retrofit-mock/target/retrofit-mock-2.0.0-SNAPSHOT.jar
[INFO] 
[INFO] --- maven-checkstyle-plugin:2.15:checkstyle (default) @ retrofit-mock ---
[INFO] Starting audit...
Audit done.
[WARNING] Unable to locate Source XRef to link to - DISABLED
[INFO] 
[INFO] --- maven-install-plugin:2.4:install (default-install) @ retrofit-mock ---
[INFO] Installing /home/travis/build/square/retrofit/retrofit-mock/target/retrofit-mock-2.0.0-SNAPSHOT.jar to /home/travis/.m2/repository/com/squareup/retrofit/retrofit-mock/2.0.0-SNAPSHOT/retrofit-mock-2.0.0-SNAPSHOT.jar
[INFO] Installing /home/travis/build/square/retrofit/retrofit-mock/pom.xml to /home/travis/.m2/repository/com/squareup/retrofit/retrofit-mock/2.0.0-SNAPSHOT/retrofit-mock-2.0.0-SNAPSHOT.pom
[INFO]                                                                         
[INFO] ------------------------------------------------------------------------
[INFO] Building Adapter: RxJava Mock 2.0.0-SNAPSHOT
[INFO] ------------------------------------------------------------------------
[INFO] 
[INFO] --- maven-enforcer-plugin:1.0:enforce (enforce-maven) @ adapter-rxjava-mock ---
[INFO] 
[INFO] --- maven-resources-plugin:2.6:resources (default-resources) @ adapter-rxjava-mock ---
[INFO] Using 'UTF-8' encoding to copy filtered resources.
[INFO] skip non existing resourceDirectory /home/travis/build/square/retrofit/retrofit-adapters/rxjava-mock/src/main/resources
[INFO] 
[INFO] --- maven-compiler-plugin:3.0:compile (default-compile) @ adapter-rxjava-mock ---
[INFO] Changes detected - recompiling the module!
[INFO] Compiling 1 source file to /home/travis/build/square/retrofit/retrofit-adapters/rxjava-mock/target/classes
[INFO] 
[INFO] --- maven-resources-plugin:2.6:testResources (default-testResources) @ adapter-rxjava-mock ---
[INFO] Using 'UTF-8' encoding to copy filtered resources.
[INFO] skip non existing resourceDirectory /home/travis/build/square/retrofit/retrofit-adapters/rxjava-mock/src/test/resources
[INFO] 
[INFO] --- maven-compiler-plugin:3.0:testCompile (default-testCompile) @ adapter-rxjava-mock ---
[INFO] Changes detected - recompiling the module!
[INFO] Compiling 1 source file to /home/travis/build/square/retrofit/retrofit-adapters/rxjava-mock/target/test-classes
[INFO] 
[INFO] --- maven-surefire-plugin:2.12.4:test (default-test) @ adapter-rxjava-mock ---
[INFO] Tests are skipped.
[INFO] 
[INFO] --- maven-jar-plugin:2.4:jar (default-jar) @ adapter-rxjava-mock ---
[INFO] Building jar: /home/travis/build/square/retrofit/retrofit-adapters/rxjava-mock/target/adapter-rxjava-mock-2.0.0-SNAPSHOT.jar
[INFO] 
[INFO] --- maven-checkstyle-plugin:2.15:checkstyle (default) @ adapter-rxjava-mock ---
[INFO] Starting audit...
Audit done.
[WARNING] Unable to locate Source XRef to link to - DISABLED
[INFO] 
[INFO] --- maven-install-plugin:2.4:install (default-install) @ adapter-rxjava-mock ---
[INFO] Installing /home/travis/build/square/retrofit/retrofit-adapters/rxjava-mock/target/adapter-rxjava-mock-2.0.0-SNAPSHOT.jar to /home/travis/.m2/repository/com/squareup/retrofit/adapter-rxjava-mock/2.0.0-SNAPSHOT/adapter-rxjava-mock-2.0.0-SNAPSHOT.jar
[INFO] Installing /home/travis/build/square/retrofit/retrofit-adapters/rxjava-mock/pom.xml to /home/travis/.m2/repository/com/squareup/retrofit/adapter-rxjava-mock/2.0.0-SNAPSHOT/adapter-rxjava-mock-2.0.0-SNAPSHOT.pom
[INFO]                                                                         
[INFO] ------------------------------------------------------------------------
[INFO] Building Converters 2.0.0-SNAPSHOT
[INFO] ------------------------------------------------------------------------
[INFO] 
[INFO] --- maven-enforcer-plugin:1.0:enforce (enforce-maven) @ retrofit-converters ---
[INFO] 
[INFO] --- maven-checkstyle-plugin:2.15:checkstyle (default) @ retrofit-converters ---
[INFO] 
[INFO] --- maven-install-plugin:2.4:install (default-install) @ retrofit-converters ---
[INFO] Installing /home/travis/build/square/retrofit/retrofit-converters/pom.xml to /home/travis/.m2/repository/com/squareup/retrofit/retrofit-converters/2.0.0-SNAPSHOT/retrofit-converters-2.0.0-SNAPSHOT.pom
[INFO]                                                                         
[INFO] ------------------------------------------------------------------------
[INFO] Building Converter: Gson 2.0.0-SNAPSHOT
[INFO] ------------------------------------------------------------------------
[INFO] 
[INFO] --- maven-enforcer-plugin:1.0:enforce (enforce-maven) @ converter-gson ---
[INFO] 
[INFO] --- maven-resources-plugin:2.6:resources (default-resources) @ converter-gson ---
[INFO] Using 'UTF-8' encoding to copy filtered resources.
[INFO] skip non existing resourceDirectory /home/travis/build/square/retrofit/retrofit-converters/gson/src/main/resources
[INFO] 
[INFO] --- maven-compiler-plugin:3.0:compile (default-compile) @ converter-gson ---
[INFO] Changes detected - recompiling the module!
[INFO] Compiling 2 source files to /home/travis/build/square/retrofit/retrofit-converters/gson/target/classes
[INFO] 
[INFO] --- maven-resources-plugin:2.6:testResources (default-testResources) @ converter-gson ---
[INFO] Using 'UTF-8' encoding to copy filtered resources.
[INFO] skip non existing resourceDirectory /home/travis/build/square/retrofit/retrofit-converters/gson/src/test/resources
[INFO] 
[INFO] --- maven-compiler-plugin:3.0:testCompile (default-testCompile) @ converter-gson ---
[INFO] Changes detected - recompiling the module!
[INFO] Compiling 1 source file to /home/travis/build/square/retrofit/retrofit-converters/gson/target/test-classes
[INFO] 
[INFO] --- maven-surefire-plugin:2.12.4:test (default-test) @ converter-gson ---
[INFO] Tests are skipped.
[INFO] 
[INFO] --- maven-jar-plugin:2.4:jar (default-jar) @ converter-gson ---
[INFO] Building jar: /home/travis/build/square/retrofit/retrofit-converters/gson/target/converter-gson-2.0.0-SNAPSHOT.jar
[INFO] 
[INFO] --- maven-checkstyle-plugin:2.15:checkstyle (default) @ converter-gson ---
[INFO] Starting audit...
Audit done.
[WARNING] Unable to locate Source XRef to link to - DISABLED
[INFO] 
[INFO] --- maven-install-plugin:2.4:install (default-install) @ converter-gson ---
[INFO] Installing /home/travis/build/square/retrofit/retrofit-converters/gson/target/converter-gson-2.0.0-SNAPSHOT.jar to /home/travis/.m2/repository/com/squareup/retrofit/converter-gson/2.0.0-SNAPSHOT/converter-gson-2.0.0-SNAPSHOT.jar
[INFO] Installing /home/travis/build/square/retrofit/retrofit-converters/gson/pom.xml to /home/travis/.m2/repository/com/squareup/retrofit/converter-gson/2.0.0-SNAPSHOT/converter-gson-2.0.0-SNAPSHOT.pom
[INFO]                                                                         
[INFO] ------------------------------------------------------------------------
[INFO] Building Converter: Protocol Buffers 2.0.0-SNAPSHOT
[INFO] ------------------------------------------------------------------------
[INFO] 
[INFO] --- maven-enforcer-plugin:1.0:enforce (enforce-maven) @ converter-protobuf ---
[INFO] 
[INFO] --- maven-resources-plugin:2.6:resources (default-resources) @ converter-protobuf ---
[INFO] Using 'UTF-8' encoding to copy filtered resources.
[INFO] skip non existing resourceDirectory /home/travis/build/square/retrofit/retrofit-converters/protobuf/src/main/resources
[INFO] 
[INFO] --- maven-compiler-plugin:3.0:compile (default-compile) @ converter-protobuf ---
[INFO] Changes detected - recompiling the module!
[INFO] Compiling 2 source files to /home/travis/build/square/retrofit/retrofit-converters/protobuf/target/classes
[WARNING] /home/travis/build/square/retrofit/retrofit-converters/protobuf/src/main/java/retrofit/ProtoConverterFactory.java: /home/travis/build/square/retrofit/retrofit-converters/protobuf/src/main/java/retrofit/ProtoConverterFactory.java uses unchecked or unsafe operations.
[WARNING] /home/travis/build/square/retrofit/retrofit-converters/protobuf/src/main/java/retrofit/ProtoConverterFactory.java: Recompile with -Xlint:unchecked for details.
[INFO] 
[INFO] --- maven-resources-plugin:2.6:testResources (default-testResources) @ converter-protobuf ---
[INFO] Using 'UTF-8' encoding to copy filtered resources.
[INFO] skip non existing resourceDirectory /home/travis/build/square/retrofit/retrofit-converters/protobuf/src/test/resources
[INFO] 
[INFO] --- maven-compiler-plugin:3.0:testCompile (default-testCompile) @ converter-protobuf ---
[INFO] Changes detected - recompiling the module!
[INFO] Compiling 2 source files to /home/travis/build/square/retrofit/retrofit-converters/protobuf/target/test-classes
[INFO] 
[INFO] --- maven-surefire-plugin:2.12.4:test (default-test) @ converter-protobuf ---
[INFO] Tests are skipped.
[INFO] 
[INFO] --- maven-jar-plugin:2.4:jar (default-jar) @ converter-protobuf ---
[INFO] Building jar: /home/travis/build/square/retrofit/retrofit-converters/protobuf/target/converter-protobuf-2.0.0-SNAPSHOT.jar
[INFO] 
[INFO] --- maven-checkstyle-plugin:2.15:checkstyle (default) @ converter-protobuf ---
[INFO] Starting audit...
Audit done.
[WARNING] Unable to locate Source XRef to link to - DISABLED
[INFO] 
[INFO] --- maven-install-plugin:2.4:install (default-install) @ converter-protobuf ---
[INFO] Installing /home/travis/build/square/retrofit/retrofit-converters/protobuf/target/converter-protobuf-2.0.0-SNAPSHOT.jar to /home/travis/.m2/repository/com/squareup/retrofit/converter-protobuf/2.0.0-SNAPSHOT/converter-protobuf-2.0.0-SNAPSHOT.jar
[INFO] Installing /home/travis/build/square/retrofit/retrofit-converters/protobuf/pom.xml to /home/travis/.m2/repository/com/squareup/retrofit/converter-protobuf/2.0.0-SNAPSHOT/converter-protobuf-2.0.0-SNAPSHOT.pom
[INFO]                                                                         
[INFO] ------------------------------------------------------------------------
[INFO] Building Converter: Jackson 2.0.0-SNAPSHOT
[INFO] ------------------------------------------------------------------------
[INFO] 
[INFO] --- maven-enforcer-plugin:1.0:enforce (enforce-maven) @ converter-jackson ---
[INFO] 
[INFO] --- maven-resources-plugin:2.6:resources (default-resources) @ converter-jackson ---
[INFO] Using 'UTF-8' encoding to copy filtered resources.
[INFO] skip non existing resourceDirectory /home/travis/build/square/retrofit/retrofit-converters/jackson/src/main/resources
[INFO] 
[INFO] --- maven-compiler-plugin:3.0:compile (default-compile) @ converter-jackson ---
[INFO] Changes detected - recompiling the module!
[INFO] Compiling 2 source files to /home/travis/build/square/retrofit/retrofit-converters/jackson/target/classes
[INFO] 
[INFO] --- maven-resources-plugin:2.6:testResources (default-testResources) @ converter-jackson ---
[INFO] Using 'UTF-8' encoding to copy filtered resources.
[INFO] skip non existing resourceDirectory /home/travis/build/square/retrofit/retrofit-converters/jackson/src/test/resources
[INFO] 
[INFO] --- maven-compiler-plugin:3.0:testCompile (default-testCompile) @ converter-jackson ---
[INFO] Changes detected - recompiling the module!
[INFO] Compiling 1 source file to /home/travis/build/square/retrofit/retrofit-converters/jackson/target/test-classes
[INFO] 
[INFO] --- maven-surefire-plugin:2.12.4:test (default-test) @ converter-jackson ---
[INFO] Tests are skipped.
[INFO] 
[INFO] --- maven-jar-plugin:2.4:jar (default-jar) @ converter-jackson ---
[INFO] Building jar: /home/travis/build/square/retrofit/retrofit-converters/jackson/target/converter-jackson-2.0.0-SNAPSHOT.jar
[INFO] 
[INFO] --- maven-checkstyle-plugin:2.15:checkstyle (default) @ converter-jackson ---
[INFO] Starting audit...
Audit done.
[WARNING] Unable to locate Source XRef to link to - DISABLED
[INFO] 
[INFO] --- maven-install-plugin:2.4:install (default-install) @ converter-jackson ---
[INFO] Installing /home/travis/build/square/retrofit/retrofit-converters/jackson/target/converter-jackson-2.0.0-SNAPSHOT.jar to /home/travis/.m2/repository/com/squareup/retrofit/converter-jackson/2.0.0-SNAPSHOT/converter-jackson-2.0.0-SNAPSHOT.jar
[INFO] Installing /home/travis/build/square/retrofit/retrofit-converters/jackson/pom.xml to /home/travis/.m2/repository/com/squareup/retrofit/converter-jackson/2.0.0-SNAPSHOT/converter-jackson-2.0.0-SNAPSHOT.pom
[INFO]                                                                         
[INFO] ------------------------------------------------------------------------
[INFO] Building Converter: Wire Protocol Buffers 2.0.0-SNAPSHOT
[INFO] ------------------------------------------------------------------------
[INFO] 
[INFO] --- maven-enforcer-plugin:1.0:enforce (enforce-maven) @ converter-wire ---
[INFO] 
[INFO] --- maven-resources-plugin:2.6:resources (default-resources) @ converter-wire ---
[INFO] Using 'UTF-8' encoding to copy filtered resources.
[INFO] skip non existing resourceDirectory /home/travis/build/square/retrofit/retrofit-converters/wire/src/main/resources
[INFO] 
[INFO] --- maven-compiler-plugin:3.0:compile (default-compile) @ converter-wire ---
[INFO] Changes detected - recompiling the module!
[INFO] Compiling 2 source files to /home/travis/build/square/retrofit/retrofit-converters/wire/target/classes
[WARNING] /home/travis/build/square/retrofit/retrofit-converters/wire/src/main/java/retrofit/WireConverterFactory.java: /home/travis/build/square/retrofit/retrofit-converters/wire/src/main/java/retrofit/WireConverterFactory.java uses unchecked or unsafe operations.
[WARNING] /home/travis/build/square/retrofit/retrofit-converters/wire/src/main/java/retrofit/WireConverterFactory.java: Recompile with -Xlint:unchecked for details.
[INFO] 
[INFO] --- maven-resources-plugin:2.6:testResources (default-testResources) @ converter-wire ---
[INFO] Using 'UTF-8' encoding to copy filtered resources.
[INFO] skip non existing resourceDirectory /home/travis/build/square/retrofit/retrofit-converters/wire/src/test/resources
[INFO] 
[INFO] --- maven-compiler-plugin:3.0:testCompile (default-testCompile) @ converter-wire ---
[INFO] Changes detected - recompiling the module!
[INFO] Compiling 2 source files to /home/travis/build/square/retrofit/retrofit-converters/wire/target/test-classes
[INFO] 
[INFO] --- maven-surefire-plugin:2.12.4:test (default-test) @ converter-wire ---
[INFO] Tests are skipped.
[INFO] 
[INFO] --- maven-jar-plugin:2.4:jar (default-jar) @ converter-wire ---
[INFO] Building jar: /home/travis/build/square/retrofit/retrofit-converters/wire/target/converter-wire-2.0.0-SNAPSHOT.jar
[INFO] 
[INFO] --- maven-checkstyle-plugin:2.15:checkstyle (default) @ converter-wire ---
[INFO] Starting audit...
Audit done.
[WARNING] Unable to locate Source XRef to link to - DISABLED
[INFO] 
[INFO] --- maven-install-plugin:2.4:install (default-install) @ converter-wire ---
[INFO] Installing /home/travis/build/square/retrofit/retrofit-converters/wire/target/converter-wire-2.0.0-SNAPSHOT.jar to /home/travis/.m2/repository/com/squareup/retrofit/converter-wire/2.0.0-SNAPSHOT/converter-wire-2.0.0-SNAPSHOT.jar
[INFO] Installing /home/travis/build/square/retrofit/retrofit-converters/wire/pom.xml to /home/travis/.m2/repository/com/squareup/retrofit/converter-wire/2.0.0-SNAPSHOT/converter-wire-2.0.0-SNAPSHOT.pom
[INFO]                                                                         
[INFO] ------------------------------------------------------------------------
[INFO] Building Converter: SimpleXML 2.0.0-SNAPSHOT
[INFO] ------------------------------------------------------------------------
[INFO] 
[INFO] --- maven-enforcer-plugin:1.0:enforce (enforce-maven) @ converter-simplexml ---
[INFO] 
[INFO] --- maven-resources-plugin:2.6:resources (default-resources) @ converter-simplexml ---
[INFO] Using 'UTF-8' encoding to copy filtered resources.
[INFO] skip non existing resourceDirectory /home/travis/build/square/retrofit/retrofit-converters/simplexml/src/main/resources
[INFO] 
[INFO] --- maven-compiler-plugin:3.0:compile (default-compile) @ converter-simplexml ---
[INFO] Changes detected - recompiling the module!
[INFO] Compiling 2 source files to /home/travis/build/square/retrofit/retrofit-converters/simplexml/target/classes
[INFO] 
[INFO] --- maven-resources-plugin:2.6:testResources (default-testResources) @ converter-simplexml ---
[INFO] Using 'UTF-8' encoding to copy filtered resources.
[INFO] skip non existing resourceDirectory /home/travis/build/square/retrofit/retrofit-converters/simplexml/src/test/resources
[INFO] 
[INFO] --- maven-compiler-plugin:3.0:testCompile (default-testCompile) @ converter-simplexml ---
[INFO] Changes detected - recompiling the module!
[INFO] Compiling 2 source files to /home/travis/build/square/retrofit/retrofit-converters/simplexml/target/test-classes
[INFO] 
[INFO] --- maven-surefire-plugin:2.12.4:test (default-test) @ converter-simplexml ---
[INFO] Tests are skipped.
[INFO] 
[INFO] --- maven-jar-plugin:2.4:jar (default-jar) @ converter-simplexml ---
[INFO] Building jar: /home/travis/build/square/retrofit/retrofit-converters/simplexml/target/converter-simplexml-2.0.0-SNAPSHOT.jar
[INFO] 
[INFO] --- maven-checkstyle-plugin:2.15:checkstyle (default) @ converter-simplexml ---
[INFO] Starting audit...
Audit done.
[WARNING] Unable to locate Source XRef to link to - DISABLED
[INFO] 
[INFO] --- maven-install-plugin:2.4:install (default-install) @ converter-simplexml ---
[INFO] Installing /home/travis/build/square/retrofit/retrofit-converters/simplexml/target/converter-simplexml-2.0.0-SNAPSHOT.jar to /home/travis/.m2/repository/com/squareup/retrofit/converter-simplexml/2.0.0-SNAPSHOT/converter-simplexml-2.0.0-SNAPSHOT.jar
[INFO] Installing /home/travis/build/square/retrofit/retrofit-converters/simplexml/pom.xml to /home/travis/.m2/repository/com/squareup/retrofit/converter-simplexml/2.0.0-SNAPSHOT/converter-simplexml-2.0.0-SNAPSHOT.pom
[INFO]                                                                         
[INFO] ------------------------------------------------------------------------
[INFO] Building Converter: Moshi 2.0.0-SNAPSHOT
[INFO] ------------------------------------------------------------------------
[INFO] 
[INFO] --- maven-enforcer-plugin:1.0:enforce (enforce-maven) @ converter-moshi ---
[INFO] 
[INFO] --- maven-resources-plugin:2.6:resources (default-resources) @ converter-moshi ---
[INFO] Using 'UTF-8' encoding to copy filtered resources.
[INFO] skip non existing resourceDirectory /home/travis/build/square/retrofit/retrofit-converters/moshi/src/main/resources
[INFO] 
[INFO] --- maven-compiler-plugin:3.0:compile (default-compile) @ converter-moshi ---
[INFO] Changes detected - recompiling the module!
[INFO] Compiling 2 source files to /home/travis/build/square/retrofit/retrofit-converters/moshi/target/classes
[INFO] 
[INFO] --- maven-resources-plugin:2.6:testResources (default-testResources) @ converter-moshi ---
[INFO] Using 'UTF-8' encoding to copy filtered resources.
[INFO] skip non existing resourceDirectory /home/travis/build/square/retrofit/retrofit-converters/moshi/src/test/resources
[INFO] 
[INFO] --- maven-compiler-plugin:3.0:testCompile (default-testCompile) @ converter-moshi ---
[INFO] Changes detected - recompiling the module!
[INFO] Compiling 1 source file to /home/travis/build/square/retrofit/retrofit-converters/moshi/target/test-classes
[INFO] 
[INFO] --- maven-surefire-plugin:2.12.4:test (default-test) @ converter-moshi ---
[INFO] Tests are skipped.
[INFO] 
[INFO] --- maven-jar-plugin:2.4:jar (default-jar) @ converter-moshi ---
[INFO] Building jar: /home/travis/build/square/retrofit/retrofit-converters/moshi/target/converter-moshi-2.0.0-SNAPSHOT.jar
[INFO] 
[INFO] --- maven-checkstyle-plugin:2.15:checkstyle (default) @ converter-moshi ---
[INFO] Starting audit...
Audit done.
[WARNING] Unable to locate Source XRef to link to - DISABLED
[INFO] 
[INFO] --- maven-install-plugin:2.4:install (default-install) @ converter-moshi ---
[INFO] Installing /home/travis/build/square/retrofit/retrofit-converters/moshi/target/converter-moshi-2.0.0-SNAPSHOT.jar to /home/travis/.m2/repository/com/squareup/retrofit/converter-moshi/2.0.0-SNAPSHOT/converter-moshi-2.0.0-SNAPSHOT.jar
[INFO] Installing /home/travis/build/square/retrofit/retrofit-converters/moshi/pom.xml to /home/travis/.m2/repository/com/squareup/retrofit/converter-moshi/2.0.0-SNAPSHOT/converter-moshi-2.0.0-SNAPSHOT.pom
[INFO]                                                                         
[INFO] ------------------------------------------------------------------------
[INFO] Building Typed Request 2.0.0-SNAPSHOT
[INFO] ------------------------------------------------------------------------
[INFO] 
[INFO] --- maven-enforcer-plugin:1.0:enforce (enforce-maven) @ retrofit-typedrequest ---
[INFO] 
[INFO] --- maven-resources-plugin:2.6:resources (default-resources) @ retrofit-typedrequest ---
[INFO] Using 'UTF-8' encoding to copy filtered resources.
[INFO] skip non existing resourceDirectory /home/travis/build/square/retrofit/retrofit-typedrequest/src/main/resources
[INFO] 
[INFO] --- maven-compiler-plugin:3.0:compile (default-compile) @ retrofit-typedrequest ---
[INFO] Changes detected - recompiling the module!
[INFO] Compiling 9 source files to /home/travis/build/square/retrofit/retrofit-typedrequest/target/classes
[WARNING] /home/travis/build/square/retrofit/retrofit-typedrequest/src/main/java/retrofit/TypedRequestRawRequestBuilder.java: /home/travis/build/square/retrofit/retrofit-typedrequest/src/main/java/retrofit/TypedRequestRawRequestBuilder.java uses unchecked or unsafe operations.
[WARNING] /home/travis/build/square/retrofit/retrofit-typedrequest/src/main/java/retrofit/TypedRequestRawRequestBuilder.java: Recompile with -Xlint:unchecked for details.
[INFO] 
[INFO] --- maven-resources-plugin:2.6:testResources (default-testResources) @ retrofit-typedrequest ---
[INFO] Using 'UTF-8' encoding to copy filtered resources.
[INFO] skip non existing resourceDirectory /home/travis/build/square/retrofit/retrofit-typedrequest/src/test/resources
[INFO] 
[INFO] --- maven-compiler-plugin:3.0:testCompile (default-testCompile) @ retrofit-typedrequest ---
[INFO] Changes detected - recompiling the module!
[INFO] Compiling 8 source files to /home/travis/build/square/retrofit/retrofit-typedrequest/target/test-classes
[WARNING] /home/travis/build/square/retrofit/retrofit-typedrequest/src/test/java/retrofit/CallableRequestTest.java: Some input files use or override a deprecated API.
[WARNING] /home/travis/build/square/retrofit/retrofit-typedrequest/src/test/java/retrofit/CallableRequestTest.java: Recompile with -Xlint:deprecation for details.
[INFO] 
[INFO] --- maven-surefire-plugin:2.12.4:test (default-test) @ retrofit-typedrequest ---
[INFO] Tests are skipped.
[INFO] 
[INFO] --- maven-jar-plugin:2.4:jar (default-jar) @ retrofit-typedrequest ---
[INFO] Building jar: /home/travis/build/square/retrofit/retrofit-typedrequest/target/retrofit-typedrequest-2.0.0-SNAPSHOT.jar
[INFO] 
[INFO] --- maven-checkstyle-plugin:2.15:checkstyle (default) @ retrofit-typedrequest ---
[INFO] Starting audit...
Audit done.
[WARNING] Unable to locate Source XRef to link to - DISABLED
[INFO] 
[INFO] --- maven-install-plugin:2.4:install (default-install) @ retrofit-typedrequest ---
[INFO] Installing /home/travis/build/square/retrofit/retrofit-typedrequest/target/retrofit-typedrequest-2.0.0-SNAPSHOT.jar to /home/travis/.m2/repository/com/squareup/retrofit/retrofit-typedrequest/2.0.0-SNAPSHOT/retrofit-typedrequest-2.0.0-SNAPSHOT.jar
[INFO] Installing /home/travis/build/square/retrofit/retrofit-typedrequest/pom.xml to /home/travis/.m2/repository/com/squareup/retrofit/retrofit-typedrequest/2.0.0-SNAPSHOT/retrofit-typedrequest-2.0.0-SNAPSHOT.pom
[INFO]                                                                         
[INFO] ------------------------------------------------------------------------
[INFO] Building Samples 2.0.0-SNAPSHOT
[INFO] ------------------------------------------------------------------------
[INFO] 
[INFO] --- maven-enforcer-plugin:1.0:enforce (enforce-maven) @ samples ---
[INFO] 
[INFO] --- maven-resources-plugin:2.6:resources (default-resources) @ samples ---
[INFO] Using 'UTF-8' encoding to copy filtered resources.
[INFO] skip non existing resourceDirectory /home/travis/build/square/retrofit/samples/src/main/resources
[INFO] 
[INFO] --- maven-compiler-plugin:3.0:compile (default-compile) @ samples ---
[INFO] Changes detected - recompiling the module!
[INFO] Compiling 3 source files to /home/travis/build/square/retrofit/samples/target/classes
[INFO] 
[INFO] --- maven-resources-plugin:2.6:testResources (default-testResources) @ samples ---
[INFO] Using 'UTF-8' encoding to copy filtered resources.
[INFO] skip non existing resourceDirectory /home/travis/build/square/retrofit/samples/src/test/resources
[INFO] 
[INFO] --- maven-compiler-plugin:3.0:testCompile (default-testCompile) @ samples ---
[INFO] No sources to compile
[INFO] 
[INFO] --- maven-surefire-plugin:2.12.4:test (default-test) @ samples ---
[INFO] Tests are skipped.
[INFO] 
[INFO] --- maven-jar-plugin:2.4:jar (default-jar) @ samples ---
[INFO] Building jar: /home/travis/build/square/retrofit/samples/target/samples-2.0.0-SNAPSHOT.jar
[INFO] 
[INFO] --- maven-checkstyle-plugin:2.15:checkstyle (default) @ samples ---
[INFO] Starting audit...
Audit done.
[WARNING] Unable to locate Source XRef to link to - DISABLED
[INFO] 
[INFO] --- maven-install-plugin:2.4:install (default-install) @ samples ---
[INFO] Installing /home/travis/build/square/retrofit/samples/target/samples-2.0.0-SNAPSHOT.jar to /home/travis/.m2/repository/com/squareup/retrofit/samples/2.0.0-SNAPSHOT/samples-2.0.0-SNAPSHOT.jar
[INFO] Installing /home/travis/build/square/retrofit/samples/pom.xml to /home/travis/.m2/repository/com/squareup/retrofit/samples/2.0.0-SNAPSHOT/samples-2.0.0-SNAPSHOT.pom
[INFO] ------------------------------------------------------------------------
[INFO] Reactor Summary:
[INFO] 
[INFO] Retrofit (Parent) .................................. SUCCESS [  1.859 s]
[INFO] Retrofit ........................................... SUCCESS [  7.190 s]
[INFO] Adapters ........................................... SUCCESS [  0.009 s]
[INFO] Adapter: RxJava .................................... SUCCESS [  0.627 s]
[INFO] Retrofit Mock Adapter .............................. SUCCESS [  1.170 s]
[INFO] Adapter: RxJava Mock ............................... SUCCESS [  0.575 s]
[INFO] Converters ......................................... SUCCESS [  0.006 s]
[INFO] Converter: Gson .................................... SUCCESS [  0.497 s]
[INFO] Converter: Protocol Buffers ........................ SUCCESS [  0.511 s]
[INFO] Converter: Jackson ................................. SUCCESS [  0.554 s]
[INFO] Converter: Wire Protocol Buffers ................... SUCCESS [  0.346 s]
[INFO] Converter: SimpleXML ............................... SUCCESS [  0.463 s]
[INFO] Converter: Moshi ................................... SUCCESS [  0.336 s]
[INFO] Typed Request ...................................... SUCCESS [  0.598 s]
[INFO] Samples ............................................ SUCCESS [  0.338 s]
[INFO] ------------------------------------------------------------------------
[INFO] BUILD SUCCESS
[INFO] ------------------------------------------------------------------------
[INFO] Total time: 15.487 s
[INFO] Finished at: 2015-07-24T23:14:16+00:00
[INFO] Final Memory: 38M/449M
[INFO] ------------------------------------------------------------------------
travis_time:end:162d243e:start=1437779639376112301,finish=1437779656687244072,duration=17311131771[0Ktravis_fold:end:install[0Ktravis_time:start:05925ef4[0K$ mvn test -B
[INFO] Scanning for projects...
[WARNING] 
[WARNING] Some problems were encountered while building the effective model for com.squareup.retrofit:samples:jar:2.0.0-SNAPSHOT
[WARNING] 'build.plugins.plugin.version' for org.apache.maven.plugins:maven-deploy-plugin is missing. @ com.squareup.retrofit:samples:[unknown-version], /home/travis/build/square/retrofit/samples/pom.xml, line 36, column 15
[WARNING] 
[WARNING] It is highly recommended to fix these problems because they threaten the stability of your build.
[WARNING] 
[WARNING] For this reason, future Maven versions might no longer support building such malformed projects.
[WARNING] 
[INFO] ------------------------------------------------------------------------
[INFO] Reactor Build Order:
[INFO] 
[INFO] Retrofit (Parent)
[INFO] Retrofit
[INFO] Adapters
[INFO] Adapter: RxJava
[INFO] Retrofit Mock Adapter
[INFO] Adapter: RxJava Mock
[INFO] Converters
[INFO] Converter: Gson
[INFO] Converter: Protocol Buffers
[INFO] Converter: Jackson
[INFO] Converter: Wire Protocol Buffers
[INFO] Converter: SimpleXML
[INFO] Converter: Moshi
[INFO] Typed Request
[INFO] Samples
[INFO]                                                                         
[INFO] ------------------------------------------------------------------------
[INFO] Building Retrofit (Parent) 2.0.0-SNAPSHOT
[INFO] ------------------------------------------------------------------------
[INFO] 
[INFO] --- maven-enforcer-plugin:1.0:enforce (enforce-maven) @ parent ---
[INFO]                                                                         
[INFO] ------------------------------------------------------------------------
[INFO] Building Retrofit 2.0.0-SNAPSHOT
[INFO] ------------------------------------------------------------------------
[INFO] Downloading: https://repository.apache.org/snapshots/com/squareup/okhttp/okhttp/2.5.0-SNAPSHOT/maven-metadata.xml
[INFO] Downloading: https://repository.apache.org/snapshots/com/squareup/okhttp/parent/2.5.0-SNAPSHOT/maven-metadata.xml
[INFO] Downloading: https://repository.apache.org/snapshots/com/squareup/okhttp/mockwebserver/2.5.0-SNAPSHOT/maven-metadata.xml
[INFO] Downloading: https://repository.apache.org/snapshots/com/squareup/okhttp/okhttp-ws/2.5.0-SNAPSHOT/maven-metadata.xml
[INFO] 
[INFO] --- maven-enforcer-plugin:1.0:enforce (enforce-maven) @ retrofit ---
[INFO] 
[INFO] --- maven-resources-plugin:2.6:resources (default-resources) @ retrofit ---
[INFO] Using 'UTF-8' encoding to copy filtered resources.
[INFO] skip non existing resourceDirectory /home/travis/build/square/retrofit/retrofit/src/main/resources
[INFO] 
[INFO] --- maven-compiler-plugin:3.0:compile (default-compile) @ retrofit ---
[INFO] Changes detected - recompiling the module!
[INFO] Compiling 46 source files to /home/travis/build/square/retrofit/retrofit/target/classes
[WARNING] /home/travis/build/square/retrofit/retrofit/src/main/java/retrofit/RequestBuilderAction.java: /home/travis/build/square/retrofit/retrofit/src/main/java/retrofit/RequestBuilderAction.java uses unchecked or unsafe operations.
[WARNING] /home/travis/build/square/retrofit/retrofit/src/main/java/retrofit/RequestBuilderAction.java: Recompile with -Xlint:unchecked for details.
[INFO] 
[INFO] --- maven-resources-plugin:2.6:testResources (default-testResources) @ retrofit ---
[INFO] Using 'UTF-8' encoding to copy filtered resources.
[INFO] skip non existing resourceDirectory /home/travis/build/square/retrofit/retrofit/src/test/resources
[INFO] 
[INFO] --- maven-compiler-plugin:3.0:testCompile (default-testCompile) @ retrofit ---
[INFO] Changes detected - recompiling the module!
[INFO] Compiling 7 source files to /home/travis/build/square/retrofit/retrofit/target/test-classes
[INFO] 
[INFO] --- maven-surefire-plugin:2.12.4:test (default-test) @ retrofit ---
[INFO] Surefire report directory: /home/travis/build/square/retrofit/retrofit/target/surefire-reports

-------------------------------------------------------
 T E S T S
-------------------------------------------------------
Running retrofit.RestAdapterRawRequestFactoryParserTest
Tests run: 1, Failures: 0, Errors: 0, Skipped: 0, Time elapsed: 0.112 sec
Running retrofit.ExecutorCallAdapterFactoryTest
Tests run: 8, Failures: 0, Errors: 0, Skipped: 0, Time elapsed: 0.599 sec
Running retrofit.RestAdapterTest
Jul 24, 2015 11:14:24 PM com.squareup.okhttp.mockwebserver.MockWebServer$3 execute
INFO: MockWebServer[58840] starting to accept connections
Jul 24, 2015 11:14:24 PM com.squareup.okhttp.mockwebserver.MockWebServer$3 acceptConnections
INFO: MockWebServer[58840] done accepting connections: Socket is closed
Jul 24, 2015 11:14:24 PM com.squareup.okhttp.mockwebserver.MockWebServer$3 execute
INFO: MockWebServer[55540] starting to accept connections
Jul 24, 2015 11:14:24 PM com.squareup.okhttp.mockwebserver.MockWebServer$3 acceptConnections
INFO: MockWebServer[55540] done accepting connections: Socket is closed
Jul 24, 2015 11:14:24 PM com.squareup.okhttp.mockwebserver.MockWebServer$3 execute
INFO: MockWebServer[37740] starting to accept connections
Jul 24, 2015 11:14:24 PM com.squareup.okhttp.mockwebserver.MockWebServer$3 acceptConnections
INFO: MockWebServer[37740] done accepting connections: Socket is closed
Jul 24, 2015 11:14:24 PM com.squareup.okhttp.mockwebserver.MockWebServer$3 execute
INFO: MockWebServer[56613] starting to accept connections
Jul 24, 2015 11:14:24 PM com.squareup.okhttp.mockwebserver.MockWebServer$3 acceptConnections
INFO: MockWebServer[56613] done accepting connections: Socket is closed
Jul 24, 2015 11:14:24 PM com.squareup.okhttp.mockwebserver.MockWebServer$3 execute
INFO: MockWebServer[53954] starting to accept connections
Jul 24, 2015 11:14:24 PM com.squareup.okhttp.mockwebserver.MockWebServer$3 acceptConnections
INFO: MockWebServer[53954] done accepting connections: Socket is closed
Jul 24, 2015 11:14:24 PM com.squareup.okhttp.mockwebserver.MockWebServer$3 execute
INFO: MockWebServer[47748] starting to accept connections
Jul 24, 2015 11:14:24 PM com.squareup.okhttp.mockwebserver.MockWebServer$3 acceptConnections
INFO: MockWebServer[47748] done accepting connections: Socket closed
Jul 24, 2015 11:14:24 PM com.squareup.okhttp.mockwebserver.MockWebServer$3 execute
INFO: MockWebServer[42720] starting to accept connections
Jul 24, 2015 11:14:24 PM com.squareup.okhttp.mockwebserver.MockWebServer$4 processOneRequest
INFO: MockWebServer[42720] received request: GET / HTTP/1.1 and responded: HTTP/1.1 200 OK
Jul 24, 2015 11:14:24 PM com.squareup.okhttp.mockwebserver.MockWebServer$3 acceptConnections
INFO: MockWebServer[42720] done accepting connections: Socket closed
Jul 24, 2015 11:14:24 PM com.squareup.okhttp.mockwebserver.MockWebServer$3 execute
INFO: MockWebServer[55209] starting to accept connections
Jul 24, 2015 11:14:24 PM com.squareup.okhttp.mockwebserver.MockWebServer$3 acceptConnections
INFO: MockWebServer[55209] done accepting connections: Socket is closed
Jul 24, 2015 11:14:24 PM com.squareup.okhttp.mockwebserver.MockWebServer$3 execute
INFO: MockWebServer[34368] starting to accept connections
Jul 24, 2015 11:14:24 PM com.squareup.okhttp.mockwebserver.MockWebServer$3 acceptConnections
INFO: MockWebServer[34368] done accepting connections: Socket closed
Jul 24, 2015 11:14:24 PM com.squareup.okhttp.mockwebserver.MockWebServer$3 execute
INFO: MockWebServer[33762] starting to accept connections
Jul 24, 2015 11:14:24 PM com.squareup.okhttp.mockwebserver.MockWebServer$4 processOneRequest
INFO: MockWebServer[33762] received request: POST / HTTP/1.1 and responded: HTTP/1.1 200 OK
Jul 24, 2015 11:14:24 PM com.squareup.okhttp.mockwebserver.MockWebServer$3 acceptConnections
INFO: MockWebServer[33762] done accepting connections: Socket closed
Jul 24, 2015 11:14:24 PM com.squareup.okhttp.mockwebserver.MockWebServer$3 execute
INFO: MockWebServer[37064] starting to accept connections
Jul 24, 2015 11:14:24 PM com.squareup.okhttp.mockwebserver.MockWebServer$3 acceptConnections
INFO: MockWebServer[37064] done accepting connections: Socket is closed
Jul 24, 2015 11:14:24 PM com.squareup.okhttp.mockwebserver.MockWebServer$3 execute
INFO: MockWebServer[37258] starting to accept connections
Jul 24, 2015 11:14:24 PM com.squareup.okhttp.mockwebserver.MockWebServer$3 acceptConnections
INFO: MockWebServer[37258] done accepting connections: Socket is closed
Jul 24, 2015 11:14:24 PM com.squareup.okhttp.mockwebserver.MockWebServer$3 execute
INFO: MockWebServer[50155] starting to accept connections
Jul 24, 2015 11:14:24 PM com.squareup.okhttp.mockwebserver.MockWebServer$3 acceptConnections
INFO: MockWebServer[50155] done accepting connections: Socket is closed
Jul 24, 2015 11:14:24 PM com.squareup.okhttp.mockwebserver.MockWebServer$3 execute
INFO: MockWebServer[54540] starting to accept connections
Jul 24, 2015 11:14:24 PM com.squareup.okhttp.mockwebserver.MockWebServer$4 processOneRequest
INFO: MockWebServer[54540] received request: GET / HTTP/1.1 and responded: HTTP/1.1 200 OK
Jul 24, 2015 11:14:24 PM com.squareup.okhttp.mockwebserver.MockWebServer$3 acceptConnections
INFO: MockWebServer[54540] done accepting connections: Socket closed
Jul 24, 2015 11:14:24 PM com.squareup.okhttp.mockwebserver.MockWebServer$3 execute
INFO: MockWebServer[58138] starting to accept connections
Jul 24, 2015 11:14:24 PM com.squareup.okhttp.mockwebserver.MockWebServer$3 acceptConnections
INFO: MockWebServer[58138] done accepting connections: Socket closed
Jul 24, 2015 11:14:24 PM com.squareup.okhttp.mockwebserver.MockWebServer$3 execute
INFO: MockWebServer[56639] starting to accept connections
Jul 24, 2015 11:14:24 PM com.squareup.okhttp.mockwebserver.MockWebServer$3 acceptConnections
INFO: MockWebServer[56639] done accepting connections: Socket closed
Jul 24, 2015 11:14:24 PM com.squareup.okhttp.mockwebserver.MockWebServer$3 execute
INFO: MockWebServer[59831] starting to accept connections
Jul 24, 2015 11:14:24 PM com.squareup.okhttp.mockwebserver.MockWebServer$3 acceptConnections
INFO: MockWebServer[59831] done accepting connections: Socket is closed
Jul 24, 2015 11:14:24 PM com.squareup.okhttp.mockwebserver.MockWebServer$3 execute
INFO: MockWebServer[50831] starting to accept connections
Jul 24, 2015 11:14:24 PM com.squareup.okhttp.mockwebserver.MockWebServer$3 acceptConnections
INFO: MockWebServer[50831] done accepting connections: Socket is closed
Jul 24, 2015 11:14:24 PM com.squareup.okhttp.mockwebserver.MockWebServer$3 execute
INFO: MockWebServer[43200] starting to accept connections
Jul 24, 2015 11:14:24 PM com.squareup.okhttp.mockwebserver.MockWebServer$3 acceptConnections
INFO: MockWebServer[43200] done accepting connections: Socket closed
Jul 24, 2015 11:14:24 PM com.squareup.okhttp.mockwebserver.MockWebServer$3 execute
INFO: MockWebServer[55926] starting to accept connections
Jul 24, 2015 11:14:24 PM com.squareup.okhttp.mockwebserver.MockWebServer$3 acceptConnections
INFO: MockWebServer[55926] done accepting connections: Socket closed
Jul 24, 2015 11:14:24 PM com.squareup.okhttp.mockwebserver.MockWebServer$3 execute
INFO: MockWebServer[53286] starting to accept connections
Jul 24, 2015 11:14:24 PM com.squareup.okhttp.mockwebserver.MockWebServer$3 acceptConnections
INFO: MockWebServer[53286] done accepting connections: Socket closed
Jul 24, 2015 11:14:24 PM com.squareup.okhttp.mockwebserver.MockWebServer$3 execute
INFO: MockWebServer[39320] starting to accept connections
Jul 24, 2015 11:14:24 PM com.squareup.okhttp.mockwebserver.MockWebServer$3 acceptConnections
INFO: MockWebServer[39320] done accepting connections: Socket closed
Jul 24, 2015 11:14:24 PM com.squareup.okhttp.mockwebserver.MockWebServer$3 execute
INFO: MockWebServer[59474] starting to accept connections
Jul 24, 2015 11:14:24 PM com.squareup.okhttp.mockwebserver.MockWebServer$3 acceptConnections
INFO: MockWebServer[59474] done accepting connections: Socket is closed
Jul 24, 2015 11:14:24 PM com.squareup.okhttp.mockwebserver.MockWebServer$3 execute
INFO: MockWebServer[60356] starting to accept connections
Jul 24, 2015 11:14:24 PM com.squareup.okhttp.mockwebserver.MockWebServer$3 acceptConnections
INFO: MockWebServer[60356] done accepting connections: Socket is closed
Jul 24, 2015 11:14:24 PM com.squareup.okhttp.mockwebserver.MockWebServer$3 execute
INFO: MockWebServer[43236] starting to accept connections
Jul 24, 2015 11:14:24 PM com.squareup.okhttp.mockwebserver.MockWebServer$3 acceptConnections
INFO: MockWebServer[43236] done accepting connections: Socket is closed
Jul 24, 2015 11:14:24 PM com.squareup.okhttp.mockwebserver.MockWebServer$3 execute
INFO: MockWebServer[37760] starting to accept connections
Jul 24, 2015 11:14:24 PM com.squareup.okhttp.mockwebserver.MockWebServer$3 acceptConnections
INFO: MockWebServer[37760] done accepting connections: Socket closed
Jul 24, 2015 11:14:24 PM com.squareup.okhttp.mockwebserver.MockWebServer$3 execute
INFO: MockWebServer[43399] starting to accept connections
Jul 24, 2015 11:14:24 PM com.squareup.okhttp.mockwebserver.MockWebServer$3 acceptConnections
INFO: MockWebServer[43399] done accepting connections: Socket is closed
Jul 24, 2015 11:14:24 PM com.squareup.okhttp.mockwebserver.MockWebServer$3 execute
INFO: MockWebServer[34181] starting to accept connections
Jul 24, 2015 11:14:24 PM com.squareup.okhttp.mockwebserver.MockWebServer$3 acceptConnections
INFO: MockWebServer[34181] done accepting connections: Socket is closed
Jul 24, 2015 11:14:24 PM com.squareup.okhttp.mockwebserver.MockWebServer$3 execute
INFO: MockWebServer[57291] starting to accept connections
Jul 24, 2015 11:14:24 PM com.squareup.okhttp.mockwebserver.MockWebServer$3 acceptConnections
INFO: MockWebServer[57291] done accepting connections: Socket is closed
Jul 24, 2015 11:14:24 PM com.squareup.okhttp.mockwebserver.MockWebServer$3 execute
INFO: MockWebServer[45476] starting to accept connections
Jul 24, 2015 11:14:24 PM com.squareup.okhttp.mockwebserver.MockWebServer$3 acceptConnections
INFO: MockWebServer[45476] done accepting connections: Socket is closed
Jul 24, 2015 11:14:24 PM com.squareup.okhttp.mockwebserver.MockWebServer$3 execute
INFO: MockWebServer[39269] starting to accept connections
Jul 24, 2015 11:14:24 PM com.squareup.okhttp.mockwebserver.MockWebServer$3 acceptConnections
INFO: MockWebServer[39269] done accepting connections: Socket is closed
Jul 24, 2015 11:14:24 PM com.squareup.okhttp.mockwebserver.MockWebServer$3 execute
INFO: MockWebServer[48839] starting to accept connections
Jul 24, 2015 11:14:24 PM com.squareup.okhttp.mockwebserver.MockWebServer$3 acceptConnections
INFO: MockWebServer[48839] done accepting connections: Socket is closed
Jul 24, 2015 11:14:24 PM com.squareup.okhttp.mockwebserver.MockWebServer$3 execute
INFO: MockWebServer[58755] starting to accept connections
Jul 24, 2015 11:14:24 PM com.squareup.okhttp.mockwebserver.MockWebServer$3 acceptConnections
INFO: MockWebServer[58755] done accepting connections: Socket is closed
Tests run: 33, Failures: 0, Errors: 0, Skipped: 0, Time elapsed: 0.569 sec
Running retrofit.RestAdapterRawRequestBuilderTest
Jul 24, 2015 11:14:24 PM com.squareup.okhttp.mockwebserver.MockWebServer$3 execute
INFO: MockWebServer[35640] starting to accept connections
Jul 24, 2015 11:14:24 PM com.squareup.okhttp.mockwebserver.MockWebServer$3 acceptConnections
INFO: MockWebServer[35640] done accepting connections: Socket closed
Jul 24, 2015 11:14:24 PM com.squareup.okhttp.mockwebserver.MockWebServer$3 execute
INFO: MockWebServer[44924] starting to accept connections
Jul 24, 2015 11:14:24 PM com.squareup.okhttp.mockwebserver.MockWebServer$3 acceptConnections
INFO: MockWebServer[44924] done accepting connections: Socket closed
Jul 24, 2015 11:14:24 PM com.squareup.okhttp.mockwebserver.MockWebServer$3 execute
INFO: MockWebServer[46674] starting to accept connections
Jul 24, 2015 11:14:24 PM com.squareup.okhttp.mockwebserver.MockWebServer$3 acceptConnections
INFO: MockWebServer[46674] done accepting connections: Socket is closed
Jul 24, 2015 11:14:24 PM com.squareup.okhttp.mockwebserver.MockWebServer$3 execute
INFO: MockWebServer[54338] starting to accept connections
Jul 24, 2015 11:14:24 PM com.squareup.okhttp.mockwebserver.MockWebServer$3 acceptConnections
INFO: MockWebServer[54338] done accepting connections: Socket is closed
Jul 24, 2015 11:14:24 PM com.squareup.okhttp.mockwebserver.MockWebServer$3 execute
INFO: MockWebServer[60180] starting to accept connections
Jul 24, 2015 11:14:24 PM com.squareup.okhttp.mockwebserver.MockWebServer$3 acceptConnections
INFO: MockWebServer[60180] done accepting connections: Socket is closed
Jul 24, 2015 11:14:24 PM com.squareup.okhttp.mockwebserver.MockWebServer$3 execute
INFO: MockWebServer[39825] starting to accept connections
Jul 24, 2015 11:14:24 PM com.squareup.okhttp.mockwebserver.MockWebServer$3 acceptConnections
INFO: MockWebServer[39825] done accepting connections: Socket is closed
Jul 24, 2015 11:14:24 PM com.squareup.okhttp.mockwebserver.MockWebServer$3 execute
INFO: MockWebServer[36692] starting to accept connections
Jul 24, 2015 11:14:24 PM com.squareup.okhttp.mockwebserver.MockWebServer$3 acceptConnections
INFO: MockWebServer[36692] done accepting connections: Socket is closed
Jul 24, 2015 11:14:24 PM com.squareup.okhttp.mockwebserver.MockWebServer$3 execute
INFO: MockWebServer[54364] starting to accept connections
Jul 24, 2015 11:14:24 PM com.squareup.okhttp.mockwebserver.MockWebServer$3 acceptConnections
INFO: MockWebServer[54364] done accepting connections: Socket is closed
Jul 24, 2015 11:14:24 PM com.squareup.okhttp.mockwebserver.MockWebServer$3 execute
INFO: MockWebServer[38928] starting to accept connections
Jul 24, 2015 11:14:24 PM com.squareup.okhttp.mockwebserver.MockWebServer$3 acceptConnections
INFO: MockWebServer[38928] done accepting connections: Socket is closed
Jul 24, 2015 11:14:24 PM com.squareup.okhttp.mockwebserver.MockWebServer$3 execute
INFO: MockWebServer[53870] starting to accept connections
Jul 24, 2015 11:14:24 PM com.squareup.okhttp.mockwebserver.MockWebServer$3 acceptConnections
INFO: MockWebServer[53870] done accepting connections: Socket is closed
Jul 24, 2015 11:14:24 PM com.squareup.okhttp.mockwebserver.MockWebServer$3 execute
INFO: MockWebServer[40107] starting to accept connections
Jul 24, 2015 11:14:24 PM com.squareup.okhttp.mockwebserver.MockWebServer$3 acceptConnections
INFO: MockWebServer[40107] done accepting connections: Socket is closed
Jul 24, 2015 11:14:24 PM com.squareup.okhttp.mockwebserver.MockWebServer$3 execute
INFO: MockWebServer[38308] starting to accept connections
Jul 24, 2015 11:14:24 PM com.squareup.okhttp.mockwebserver.MockWebServer$3 acceptConnections
INFO: MockWebServer[38308] done accepting connections: Socket closed
Jul 24, 2015 11:14:24 PM com.squareup.okhttp.mockwebserver.MockWebServer$3 execute
INFO: MockWebServer[52295] starting to accept connections
Jul 24, 2015 11:14:24 PM com.squareup.okhttp.mockwebserver.MockWebServer$3 acceptConnections
INFO: MockWebServer[52295] done accepting connections: Socket is closed
Jul 24, 2015 11:14:24 PM com.squareup.okhttp.mockwebserver.MockWebServer$3 execute
INFO: MockWebServer[52275] starting to accept connections
Jul 24, 2015 11:14:24 PM com.squareup.okhttp.mockwebserver.MockWebServer$3 acceptConnections
INFO: MockWebServer[52275] done accepting connections: Socket closed
Jul 24, 2015 11:14:24 PM com.squareup.okhttp.mockwebserver.MockWebServer$3 execute
INFO: MockWebServer[36191] starting to accept connections
Jul 24, 2015 11:14:24 PM com.squareup.okhttp.mockwebserver.MockWebServer$3 acceptConnections
INFO: MockWebServer[36191] done accepting connections: Socket closed
Jul 24, 2015 11:14:24 PM com.squareup.okhttp.mockwebserver.MockWebServer$3 execute
INFO: MockWebServer[47843] starting to accept connections
Jul 24, 2015 11:14:24 PM com.squareup.okhttp.mockwebserver.MockWebServer$3 acceptConnections
INFO: MockWebServer[47843] done accepting connections: Socket is closed
Jul 24, 2015 11:14:24 PM com.squareup.okhttp.mockwebserver.MockWebServer$3 execute
INFO: MockWebServer[55757] starting to accept connections
Jul 24, 2015 11:14:24 PM com.squareup.okhttp.mockwebserver.MockWebServer$3 acceptConnections
INFO: MockWebServer[55757] done accepting connections: Socket closed
Jul 24, 2015 11:14:24 PM com.squareup.okhttp.mockwebserver.MockWebServer$3 execute
INFO: MockWebServer[38515] starting to accept connections
Jul 24, 2015 11:14:24 PM com.squareup.okhttp.mockwebserver.MockWebServer$3 acceptConnections
INFO: MockWebServer[38515] done accepting connections: Socket closed
Jul 24, 2015 11:14:24 PM com.squareup.okhttp.mockwebserver.MockWebServer$3 execute
INFO: MockWebServer[44610] starting to accept connections
Jul 24, 2015 11:14:24 PM com.squareup.okhttp.mockwebserver.MockWebServer$3 acceptConnections
INFO: MockWebServer[44610] done accepting connections: Socket closed
Jul 24, 2015 11:14:24 PM com.squareup.okhttp.mockwebserver.MockWebServer$3 execute
INFO: MockWebServer[48834] starting to accept connections
Jul 24, 2015 11:14:24 PM com.squareup.okhttp.mockwebserver.MockWebServer$3 acceptConnections
INFO: MockWebServer[48834] done accepting connections: Socket closed
Jul 24, 2015 11:14:24 PM com.squareup.okhttp.mockwebserver.MockWebServer$3 execute
INFO: MockWebServer[35513] starting to accept connections
Jul 24, 2015 11:14:24 PM com.squareup.okhttp.mockwebserver.MockWebServer$3 acceptConnections
INFO: MockWebServer[35513] done accepting connections: Socket closed
Jul 24, 2015 11:14:25 PM com.squareup.okhttp.mockwebserver.MockWebServer$3 execute
INFO: MockWebServer[38251] starting to accept connections
Jul 24, 2015 11:14:25 PM com.squareup.okhttp.mockwebserver.MockWebServer$3 acceptConnections
INFO: MockWebServer[38251] done accepting connections: Socket closed
Jul 24, 2015 11:14:25 PM com.squareup.okhttp.mockwebserver.MockWebServer$3 execute
INFO: MockWebServer[47395] starting to accept connections
Jul 24, 2015 11:14:25 PM com.squareup.okhttp.mockwebserver.MockWebServer$3 acceptConnections
INFO: MockWebServer[47395] done accepting connections: Socket is closed
Jul 24, 2015 11:14:25 PM com.squareup.okhttp.mockwebserver.MockWebServer$3 execute
INFO: MockWebServer[43667] starting to accept connections
Jul 24, 2015 11:14:25 PM com.squareup.okhttp.mockwebserver.MockWebServer$3 acceptConnections
INFO: MockWebServer[43667] done accepting connections: Socket closed
Jul 24, 2015 11:14:25 PM com.squareup.okhttp.mockwebserver.MockWebServer$3 execute
INFO: MockWebServer[49753] starting to accept connections
Jul 24, 2015 11:14:25 PM com.squareup.okhttp.mockwebserver.MockWebServer$3 acceptConnections
INFO: MockWebServer[49753] done accepting connections: Socket closed
Jul 24, 2015 11:14:25 PM com.squareup.okhttp.mockwebserver.MockWebServer$3 execute
INFO: MockWebServer[51305] starting to accept connections
Jul 24, 2015 11:14:25 PM com.squareup.okhttp.mockwebserver.MockWebServer$3 acceptConnections
INFO: MockWebServer[51305] done accepting connections: Socket closed
Jul 24, 2015 11:14:25 PM com.squareup.okhttp.mockwebserver.MockWebServer$3 execute
INFO: MockWebServer[42237] starting to accept connections
Jul 24, 2015 11:14:25 PM com.squareup.okhttp.mockwebserver.MockWebServer$3 acceptConnections
INFO: MockWebServer[42237] done accepting connections: Socket is closed
Jul 24, 2015 11:14:25 PM com.squareup.okhttp.mockwebserver.MockWebServer$3 execute
INFO: MockWebServer[53707] starting to accept connections
Jul 24, 2015 11:14:25 PM com.squareup.okhttp.mockwebserver.MockWebServer$3 acceptConnections
INFO: MockWebServer[53707] done accepting connections: Socket is closed
Jul 24, 2015 11:14:25 PM com.squareup.okhttp.mockwebserver.MockWebServer$3 execute
INFO: MockWebServer[60382] starting to accept connections
Jul 24, 2015 11:14:25 PM com.squareup.okhttp.mockwebserver.MockWebServer$3 acceptConnections
INFO: MockWebServer[60382] done accepting connections: Socket closed
Jul 24, 2015 11:14:25 PM com.squareup.okhttp.mockwebserver.MockWebServer$3 execute
INFO: MockWebServer[51606] starting to accept connections
Jul 24, 2015 11:14:25 PM com.squareup.okhttp.mockwebserver.MockWebServer$3 acceptConnections
INFO: MockWebServer[51606] done accepting connections: Socket closed
Jul 24, 2015 11:14:25 PM com.squareup.okhttp.mockwebserver.MockWebServer$3 execute
INFO: MockWebServer[58562] starting to accept connections
Jul 24, 2015 11:14:25 PM com.squareup.okhttp.mockwebserver.MockWebServer$3 acceptConnections
INFO: MockWebServer[58562] done accepting connections: Socket is closed
Jul 24, 2015 11:14:25 PM com.squareup.okhttp.mockwebserver.MockWebServer$3 execute
INFO: MockWebServer[57946] starting to accept connections
Jul 24, 2015 11:14:25 PM com.squareup.okhttp.mockwebserver.MockWebServer$3 acceptConnections
INFO: MockWebServer[57946] done accepting connections: Socket closed
Jul 24, 2015 11:14:25 PM com.squareup.okhttp.mockwebserver.MockWebServer$3 execute
INFO: MockWebServer[34300] starting to accept connections
Jul 24, 2015 11:14:25 PM com.squareup.okhttp.mockwebserver.MockWebServer$3 acceptConnections
INFO: MockWebServer[34300] done accepting connections: Socket closed
Jul 24, 2015 11:14:25 PM com.squareup.okhttp.mockwebserver.MockWebServer$3 execute
INFO: MockWebServer[34075] starting to accept connections
Jul 24, 2015 11:14:25 PM com.squareup.okhttp.mockwebserver.MockWebServer$3 acceptConnections
INFO: MockWebServer[34075] done accepting connections: Socket is closed
Jul 24, 2015 11:14:25 PM com.squareup.okhttp.mockwebserver.MockWebServer$3 execute
INFO: MockWebServer[48307] starting to accept connections
Jul 24, 2015 11:14:25 PM com.squareup.okhttp.mockwebserver.MockWebServer$3 acceptConnections
INFO: MockWebServer[48307] done accepting connections: Socket closed
Jul 24, 2015 11:14:25 PM com.squareup.okhttp.mockwebserver.MockWebServer$3 execute
INFO: MockWebServer[51852] starting to accept connections
Jul 24, 2015 11:14:25 PM com.squareup.okhttp.mockwebserver.MockWebServer$3 acceptConnections
INFO: MockWebServer[51852] done accepting connections: Socket closed
Jul 24, 2015 11:14:25 PM com.squareup.okhttp.mockwebserver.MockWebServer$3 execute
INFO: MockWebServer[53098] starting to accept connections
Jul 24, 2015 11:14:25 PM com.squareup.okhttp.mockwebserver.MockWebServer$3 acceptConnections
INFO: MockWebServer[53098] done accepting connections: Socket closed
Jul 24, 2015 11:14:25 PM com.squareup.okhttp.mockwebserver.MockWebServer$3 execute
INFO: MockWebServer[40034] starting to accept connections
Jul 24, 2015 11:14:25 PM com.squareup.okhttp.mockwebserver.MockWebServer$3 acceptConnections
INFO: MockWebServer[40034] done accepting connections: Socket closed
Jul 24, 2015 11:14:25 PM com.squareup.okhttp.mockwebserver.MockWebServer$3 execute
INFO: MockWebServer[37560] starting to accept connections
Jul 24, 2015 11:14:25 PM com.squareup.okhttp.mockwebserver.MockWebServer$3 acceptConnections
INFO: MockWebServer[37560] done accepting connections: Socket closed
Jul 24, 2015 11:14:25 PM com.squareup.okhttp.mockwebserver.MockWebServer$3 execute
INFO: MockWebServer[52943] starting to accept connections
Jul 24, 2015 11:14:25 PM com.squareup.okhttp.mockwebserver.MockWebServer$3 acceptConnections
INFO: MockWebServer[52943] done accepting connections: Socket closed
Jul 24, 2015 11:14:25 PM com.squareup.okhttp.mockwebserver.MockWebServer$3 execute
INFO: MockWebServer[38726] starting to accept connections
Jul 24, 2015 11:14:25 PM com.squareup.okhttp.mockwebserver.MockWebServer$3 acceptConnections
INFO: MockWebServer[38726] done accepting connections: Socket closed
Jul 24, 2015 11:14:25 PM com.squareup.okhttp.mockwebserver.MockWebServer$3 execute
INFO: MockWebServer[38377] starting to accept connections
Jul 24, 2015 11:14:25 PM com.squareup.okhttp.mockwebserver.MockWebServer$3 acceptConnections
INFO: MockWebServer[38377] done accepting connections: Socket is closed
Jul 24, 2015 11:14:25 PM com.squareup.okhttp.mockwebserver.MockWebServer$3 execute
INFO: MockWebServer[33806] starting to accept connections
Jul 24, 2015 11:14:25 PM com.squareup.okhttp.mockwebserver.MockWebServer$3 acceptConnections
INFO: MockWebServer[33806] done accepting connections: Socket is closed
Jul 24, 2015 11:14:25 PM com.squareup.okhttp.mockwebserver.MockWebServer$3 execute
INFO: MockWebServer[49226] starting to accept connections
Jul 24, 2015 11:14:25 PM com.squareup.okhttp.mockwebserver.MockWebServer$3 acceptConnections
INFO: MockWebServer[49226] done accepting connections: Socket is closed
Jul 24, 2015 11:14:25 PM com.squareup.okhttp.mockwebserver.MockWebServer$3 execute
INFO: MockWebServer[44804] starting to accept connections
Jul 24, 2015 11:14:25 PM com.squareup.okhttp.mockwebserver.MockWebServer$3 acceptConnections
INFO: MockWebServer[44804] done accepting connections: Socket closed
Jul 24, 2015 11:14:25 PM com.squareup.okhttp.mockwebserver.MockWebServer$3 execute
INFO: MockWebServer[56982] starting to accept connections
Jul 24, 2015 11:14:25 PM com.squareup.okhttp.mockwebserver.MockWebServer$3 acceptConnections
INFO: MockWebServer[56982] done accepting connections: Socket is closed
Jul 24, 2015 11:14:25 PM com.squareup.okhttp.mockwebserver.MockWebServer$3 execute
INFO: MockWebServer[50406] starting to accept connections
Jul 24, 2015 11:14:25 PM com.squareup.okhttp.mockwebserver.MockWebServer$3 acceptConnections
INFO: MockWebServer[50406] done accepting connections: Socket is closed
Jul 24, 2015 11:14:25 PM com.squareup.okhttp.mockwebserver.MockWebServer$3 execute
INFO: MockWebServer[56231] starting to accept connections
Jul 24, 2015 11:14:25 PM com.squareup.okhttp.mockwebserver.MockWebServer$3 acceptConnections
INFO: MockWebServer[56231] done accepting connections: Socket is closed
Jul 24, 2015 11:14:25 PM com.squareup.okhttp.mockwebserver.MockWebServer$3 execute
INFO: MockWebServer[45301] starting to accept connections
Jul 24, 2015 11:14:25 PM com.squareup.okhttp.mockwebserver.MockWebServer$3 acceptConnections
INFO: MockWebServer[45301] done accepting connections: Socket closed
Jul 24, 2015 11:14:25 PM com.squareup.okhttp.mockwebserver.MockWebServer$3 execute
INFO: MockWebServer[40245] starting to accept connections
Jul 24, 2015 11:14:25 PM com.squareup.okhttp.mockwebserver.MockWebServer$3 acceptConnections
INFO: MockWebServer[40245] done accepting connections: Socket closed
Jul 24, 2015 11:14:25 PM com.squareup.okhttp.mockwebserver.MockWebServer$3 execute
INFO: MockWebServer[46692] starting to accept connections
Jul 24, 2015 11:14:25 PM com.squareup.okhttp.mockwebserver.MockWebServer$3 acceptConnections
INFO: MockWebServer[46692] done accepting connections: Socket closed
Jul 24, 2015 11:14:25 PM com.squareup.okhttp.mockwebserver.MockWebServer$3 execute
INFO: MockWebServer[43226] starting to accept connections
Jul 24, 2015 11:14:25 PM com.squareup.okhttp.mockwebserver.MockWebServer$3 acceptConnections
INFO: MockWebServer[43226] done accepting connections: Socket closed
Jul 24, 2015 11:14:25 PM com.squareup.okhttp.mockwebserver.MockWebServer$3 execute
INFO: MockWebServer[54165] starting to accept connections
Jul 24, 2015 11:14:25 PM com.squareup.okhttp.mockwebserver.MockWebServer$3 acceptConnections
INFO: MockWebServer[54165] done accepting connections: Socket is closed
Jul 24, 2015 11:14:25 PM com.squareup.okhttp.mockwebserver.MockWebServer$3 execute
INFO: MockWebServer[56638] starting to accept connections
Jul 24, 2015 11:14:25 PM com.squareup.okhttp.mockwebserver.MockWebServer$3 acceptConnections
INFO: MockWebServer[56638] done accepting connections: Socket closed
Jul 24, 2015 11:14:25 PM com.squareup.okhttp.mockwebserver.MockWebServer$3 execute
INFO: MockWebServer[36395] starting to accept connections
Jul 24, 2015 11:14:25 PM com.squareup.okhttp.mockwebserver.MockWebServer$3 acceptConnections
INFO: MockWebServer[36395] done accepting connections: Socket closed
Jul 24, 2015 11:14:25 PM com.squareup.okhttp.mockwebserver.MockWebServer$3 execute
INFO: MockWebServer[45160] starting to accept connections
Jul 24, 2015 11:14:25 PM com.squareup.okhttp.mockwebserver.MockWebServer$3 acceptConnections
INFO: MockWebServer[45160] done accepting connections: Socket closed
Jul 24, 2015 11:14:25 PM com.squareup.okhttp.mockwebserver.MockWebServer$3 execute
INFO: MockWebServer[51828] starting to accept connections
Jul 24, 2015 11:14:25 PM com.squareup.okhttp.mockwebserver.MockWebServer$3 acceptConnections
INFO: MockWebServer[51828] done accepting connections: Socket closed
Jul 24, 2015 11:14:25 PM com.squareup.okhttp.mockwebserver.MockWebServer$3 execute
INFO: MockWebServer[40185] starting to accept connections
Jul 24, 2015 11:14:25 PM com.squareup.okhttp.mockwebserver.MockWebServer$3 acceptConnections
INFO: MockWebServer[40185] done accepting connections: Socket is closed
Jul 24, 2015 11:14:25 PM com.squareup.okhttp.mockwebserver.MockWebServer$3 execute
INFO: MockWebServer[49762] starting to accept connections
Jul 24, 2015 11:14:25 PM com.squareup.okhttp.mockwebserver.MockWebServer$3 acceptConnections
INFO: MockWebServer[49762] done accepting connections: Socket is closed
Jul 24, 2015 11:14:25 PM com.squareup.okhttp.mockwebserver.MockWebServer$3 execute
INFO: MockWebServer[57157] starting to accept connections
Jul 24, 2015 11:14:25 PM com.squareup.okhttp.mockwebserver.MockWebServer$3 acceptConnections
INFO: MockWebServer[57157] done accepting connections: Socket closed
Jul 24, 2015 11:14:25 PM com.squareup.okhttp.mockwebserver.MockWebServer$3 execute
INFO: MockWebServer[47046] starting to accept connections
Jul 24, 2015 11:14:25 PM com.squareup.okhttp.mockwebserver.MockWebServer$3 acceptConnections
INFO: MockWebServer[47046] done accepting connections: Socket closed
Jul 24, 2015 11:14:25 PM com.squareup.okhttp.mockwebserver.MockWebServer$3 execute
INFO: MockWebServer[60498] starting to accept connections
Jul 24, 2015 11:14:25 PM com.squareup.okhttp.mockwebserver.MockWebServer$3 acceptConnections
INFO: MockWebServer[60498] done accepting connections: Socket is closed
Jul 24, 2015 11:14:25 PM com.squareup.okhttp.mockwebserver.MockWebServer$3 execute
INFO: MockWebServer[58341] starting to accept connections
Jul 24, 2015 11:14:25 PM com.squareup.okhttp.mockwebserver.MockWebServer$3 acceptConnections
INFO: MockWebServer[58341] done accepting connections: Socket is closed
Jul 24, 2015 11:14:25 PM com.squareup.okhttp.mockwebserver.MockWebServer$3 execute
INFO: MockWebServer[50705] starting to accept connections
Jul 24, 2015 11:14:25 PM com.squareup.okhttp.mockwebserver.MockWebServer$3 acceptConnections
INFO: MockWebServer[50705] done accepting connections: Socket is closed
Jul 24, 2015 11:14:25 PM com.squareup.okhttp.mockwebserver.MockWebServer$3 execute
INFO: MockWebServer[52227] starting to accept connections
Jul 24, 2015 11:14:25 PM com.squareup.okhttp.mockwebserver.MockWebServer$3 acceptConnections
INFO: MockWebServer[52227] done accepting connections: Socket closed
Jul 24, 2015 11:14:25 PM com.squareup.okhttp.mockwebserver.MockWebServer$3 execute
INFO: MockWebServer[50623] starting to accept connections
Jul 24, 2015 11:14:25 PM com.squareup.okhttp.mockwebserver.MockWebServer$3 acceptConnections
INFO: MockWebServer[50623] done accepting connections: Socket closed
Jul 24, 2015 11:14:25 PM com.squareup.okhttp.mockwebserver.MockWebServer$3 execute
INFO: MockWebServer[54094] starting to accept connections
Jul 24, 2015 11:14:25 PM com.squareup.okhttp.mockwebserver.MockWebServer$3 acceptConnections
INFO: MockWebServer[54094] done accepting connections: Socket closed
Jul 24, 2015 11:14:25 PM com.squareup.okhttp.mockwebserver.MockWebServer$3 execute
INFO: MockWebServer[48653] starting to accept connections
Jul 24, 2015 11:14:25 PM com.squareup.okhttp.mockwebserver.MockWebServer$3 acceptConnections
INFO: MockWebServer[48653] done accepting connections: Socket is closed
Jul 24, 2015 11:14:25 PM com.squareup.okhttp.mockwebserver.MockWebServer$3 execute
INFO: MockWebServer[52176] starting to accept connections
Jul 24, 2015 11:14:25 PM com.squareup.okhttp.mockwebserver.MockWebServer$3 acceptConnections
INFO: MockWebServer[52176] done accepting connections: Socket closed
Jul 24, 2015 11:14:25 PM com.squareup.okhttp.mockwebserver.MockWebServer$3 execute
INFO: MockWebServer[45992] starting to accept connections
Jul 24, 2015 11:14:25 PM com.squareup.okhttp.mockwebserver.MockWebServer$3 acceptConnections
INFO: MockWebServer[45992] done accepting connections: Socket closed
Jul 24, 2015 11:14:25 PM com.squareup.okhttp.mockwebserver.MockWebServer$3 execute
INFO: MockWebServer[43787] starting to accept connections
Jul 24, 2015 11:14:25 PM com.squareup.okhttp.mockwebserver.MockWebServer$3 acceptConnections
INFO: MockWebServer[43787] done accepting connections: Socket is closed
Jul 24, 2015 11:14:25 PM com.squareup.okhttp.mockwebserver.MockWebServer$3 execute
INFO: MockWebServer[51868] starting to accept connections
Jul 24, 2015 11:14:25 PM com.squareup.okhttp.mockwebserver.MockWebServer$3 acceptConnections
INFO: MockWebServer[51868] done accepting connections: Socket is closed
Jul 24, 2015 11:14:25 PM com.squareup.okhttp.mockwebserver.MockWebServer$3 execute
INFO: MockWebServer[50840] starting to accept connections
Jul 24, 2015 11:14:25 PM com.squareup.okhttp.mockwebserver.MockWebServer$3 acceptConnections
INFO: MockWebServer[50840] done accepting connections: Socket closed
Jul 24, 2015 11:14:25 PM com.squareup.okhttp.mockwebserver.MockWebServer$3 execute
INFO: MockWebServer[48692] starting to accept connections
Jul 24, 2015 11:14:25 PM com.squareup.okhttp.mockwebserver.MockWebServer$3 acceptConnections
INFO: MockWebServer[48692] done accepting connections: Socket is closed
Jul 24, 2015 11:14:25 PM com.squareup.okhttp.mockwebserver.MockWebServer$3 execute
INFO: MockWebServer[32866] starting to accept connections
Jul 24, 2015 11:14:25 PM com.squareup.okhttp.mockwebserver.MockWebServer$3 acceptConnections
INFO: MockWebServer[32866] done accepting connections: Socket is closed
Jul 24, 2015 11:14:25 PM com.squareup.okhttp.mockwebserver.MockWebServer$3 execute
INFO: MockWebServer[58159] starting to accept connections
Jul 24, 2015 11:14:25 PM com.squareup.okhttp.mockwebserver.MockWebServer$3 acceptConnections
INFO: MockWebServer[58159] done accepting connections: Socket closed
Jul 24, 2015 11:14:25 PM com.squareup.okhttp.mockwebserver.MockWebServer$3 execute
INFO: MockWebServer[52068] starting to accept connections
Jul 24, 2015 11:14:25 PM com.squareup.okhttp.mockwebserver.MockWebServer$3 acceptConnections
INFO: MockWebServer[52068] done accepting connections: Socket is closed
Jul 24, 2015 11:14:25 PM com.squareup.okhttp.mockwebserver.MockWebServer$3 execute
INFO: MockWebServer[57382] starting to accept connections
Jul 24, 2015 11:14:25 PM com.squareup.okhttp.mockwebserver.MockWebServer$3 acceptConnections
INFO: MockWebServer[57382] done accepting connections: Socket closed
Jul 24, 2015 11:14:25 PM com.squareup.okhttp.mockwebserver.MockWebServer$3 execute
INFO: MockWebServer[45953] starting to accept connections
Jul 24, 2015 11:14:25 PM com.squareup.okhttp.mockwebserver.MockWebServer$3 acceptConnections
INFO: MockWebServer[45953] done accepting connections: Socket closed
Jul 24, 2015 11:14:25 PM com.squareup.okhttp.mockwebserver.MockWebServer$3 execute
INFO: MockWebServer[44835] starting to accept connections
Jul 24, 2015 11:14:25 PM com.squareup.okhttp.mockwebserver.MockWebServer$3 acceptConnections
INFO: MockWebServer[44835] done accepting connections: Socket is closed
Jul 24, 2015 11:14:25 PM com.squareup.okhttp.mockwebserver.MockWebServer$3 execute
INFO: MockWebServer[45609] starting to accept connections
Jul 24, 2015 11:14:25 PM com.squareup.okhttp.mockwebserver.MockWebServer$3 acceptConnections
INFO: MockWebServer[45609] done accepting connections: Socket is closed
Jul 24, 2015 11:14:25 PM com.squareup.okhttp.mockwebserver.MockWebServer$3 execute
INFO: MockWebServer[34699] starting to accept connections
Jul 24, 2015 11:14:25 PM com.squareup.okhttp.mockwebserver.MockWebServer$3 acceptConnections
INFO: MockWebServer[34699] done accepting connections: Socket is closed
Jul 24, 2015 11:14:25 PM com.squareup.okhttp.mockwebserver.MockWebServer$3 execute
INFO: MockWebServer[39142] starting to accept connections
Jul 24, 2015 11:14:25 PM com.squareup.okhttp.mockwebserver.MockWebServer$3 acceptConnections
INFO: MockWebServer[39142] done accepting connections: Socket is closed
Jul 24, 2015 11:14:25 PM com.squareup.okhttp.mockwebserver.MockWebServer$3 execute
INFO: MockWebServer[45112] starting to accept connections
Jul 24, 2015 11:14:25 PM com.squareup.okhttp.mockwebserver.MockWebServer$3 acceptConnections
INFO: MockWebServer[45112] done accepting connections: Socket is closed
Jul 24, 2015 11:14:25 PM com.squareup.okhttp.mockwebserver.MockWebServer$3 execute
INFO: MockWebServer[44216] starting to accept connections
Jul 24, 2015 11:14:25 PM com.squareup.okhttp.mockwebserver.MockWebServer$3 acceptConnections
INFO: MockWebServer[44216] done accepting connections: Socket is closed
Jul 24, 2015 11:14:25 PM com.squareup.okhttp.mockwebserver.MockWebServer$3 execute
INFO: MockWebServer[48094] starting to accept connections
Jul 24, 2015 11:14:25 PM com.squareup.okhttp.mockwebserver.MockWebServer$3 acceptConnections
INFO: MockWebServer[48094] done accepting connections: Socket is closed
Jul 24, 2015 11:14:25 PM com.squareup.okhttp.mockwebserver.MockWebServer$3 execute
INFO: MockWebServer[49219] starting to accept connections
Jul 24, 2015 11:14:25 PM com.squareup.okhttp.mockwebserver.MockWebServer$3 acceptConnections
INFO: MockWebServer[49219] done accepting connections: Socket is closed
Jul 24, 2015 11:14:25 PM com.squareup.okhttp.mockwebserver.MockWebServer$3 execute
INFO: MockWebServer[46725] starting to accept connections
Jul 24, 2015 11:14:25 PM com.squareup.okhttp.mockwebserver.MockWebServer$3 acceptConnections
INFO: MockWebServer[46725] done accepting connections: Socket is closed
Jul 24, 2015 11:14:25 PM com.squareup.okhttp.mockwebserver.MockWebServer$3 execute
INFO: MockWebServer[54084] starting to accept connections
Jul 24, 2015 11:14:25 PM com.squareup.okhttp.mockwebserver.MockWebServer$3 acceptConnections
INFO: MockWebServer[54084] done accepting connections: Socket is closed
Jul 24, 2015 11:14:25 PM com.squareup.okhttp.mockwebserver.MockWebServer$3 execute
INFO: MockWebServer[34027] starting to accept connections
Jul 24, 2015 11:14:25 PM com.squareup.okhttp.mockwebserver.MockWebServer$3 acceptConnections
INFO: MockWebServer[34027] done accepting connections: Socket closed
Jul 24, 2015 11:14:25 PM com.squareup.okhttp.mockwebserver.MockWebServer$3 execute
INFO: MockWebServer[42050] starting to accept connections
Jul 24, 2015 11:14:25 PM com.squareup.okhttp.mockwebserver.MockWebServer$3 acceptConnections
INFO: MockWebServer[42050] done accepting connections: Socket closed
Jul 24, 2015 11:14:25 PM com.squareup.okhttp.mockwebserver.MockWebServer$3 execute
INFO: MockWebServer[44675] starting to accept connections
Jul 24, 2015 11:14:25 PM com.squareup.okhttp.mockwebserver.MockWebServer$3 acceptConnections
INFO: MockWebServer[44675] done accepting connections: Socket closed
Jul 24, 2015 11:14:25 PM com.squareup.okhttp.mockwebserver.MockWebServer$3 execute
INFO: MockWebServer[53378] starting to accept connections
Jul 24, 2015 11:14:25 PM com.squareup.okhttp.mockwebserver.MockWebServer$3 acceptConnections
INFO: MockWebServer[53378] done accepting connections: Socket closed
Jul 24, 2015 11:14:25 PM com.squareup.okhttp.mockwebserver.MockWebServer$3 execute
INFO: MockWebServer[37368] starting to accept connections
Jul 24, 2015 11:14:25 PM com.squareup.okhttp.mockwebserver.MockWebServer$3 acceptConnections
INFO: MockWebServer[37368] done accepting connections: Socket is closed
Jul 24, 2015 11:14:25 PM com.squareup.okhttp.mockwebserver.MockWebServer$3 execute
INFO: MockWebServer[46770] starting to accept connections
Jul 24, 2015 11:14:25 PM com.squareup.okhttp.mockwebserver.MockWebServer$3 acceptConnections
INFO: MockWebServer[46770] done accepting connections: Socket is closed
Tests run: 97, Failures: 0, Errors: 0, Skipped: 2, Time elapsed: 0.321 sec
Running retrofit.CallTest
Jul 24, 2015 11:14:25 PM com.squareup.okhttp.mockwebserver.MockWebServer$3 execute
INFO: MockWebServer[44355] starting to accept connections
Jul 24, 2015 11:14:25 PM com.squareup.okhttp.mockwebserver.MockWebServer$3 acceptConnections
INFO: MockWebServer[44355] done accepting connections: Socket is closed
Jul 24, 2015 11:14:25 PM com.squareup.okhttp.mockwebserver.MockWebServer$3 execute
INFO: MockWebServer[58049] starting to accept connections
Jul 24, 2015 11:14:25 PM com.squareup.okhttp.mockwebserver.MockWebServer$4 processOneRequest
INFO: MockWebServer[58049] received request: GET / HTTP/1.1 and responded: HTTP/1.1 200 OK
Jul 24, 2015 11:14:25 PM com.squareup.okhttp.mockwebserver.MockWebServer$3 acceptConnections
INFO: MockWebServer[58049] done accepting connections: Socket closed
Jul 24, 2015 11:14:25 PM com.squareup.okhttp.mockwebserver.MockWebServer$3 execute
INFO: MockWebServer[56157] starting to accept connections
Jul 24, 2015 11:14:25 PM com.squareup.okhttp.mockwebserver.MockWebServer$4 processOneRequest
INFO: MockWebServer[56157] received request: GET / HTTP/1.1 and responded: HTTP/1.1 404 OK
Jul 24, 2015 11:14:25 PM com.squareup.okhttp.mockwebserver.MockWebServer$3 acceptConnections
INFO: MockWebServer[56157] done accepting connections: Socket closed
Jul 24, 2015 11:14:25 PM com.squareup.okhttp.mockwebserver.MockWebServer$3 execute
INFO: MockWebServer[59107] starting to accept connections
Jul 24, 2015 11:14:25 PM com.squareup.okhttp.mockwebserver.MockWebServer$3 acceptConnections
INFO: MockWebServer[59107] done accepting connections: Socket closed
Jul 24, 2015 11:14:25 PM com.squareup.okhttp.mockwebserver.MockWebServer$3 execute
INFO: MockWebServer[56732] starting to accept connections
Jul 24, 2015 11:14:25 PM com.squareup.okhttp.mockwebserver.MockWebServer$3 acceptConnections
INFO: MockWebServer[56732] done accepting connections: Socket closed
Jul 24, 2015 11:14:25 PM com.squareup.okhttp.mockwebserver.MockWebServer$3 execute
INFO: MockWebServer[47709] starting to accept connections
Jul 24, 2015 11:14:25 PM com.squareup.okhttp.mockwebserver.MockWebServer$4 processOneRequest
INFO: MockWebServer[47709] received request: GET / HTTP/1.1 and responded: HTTP/1.1 200 OK
Jul 24, 2015 11:14:25 PM com.squareup.okhttp.mockwebserver.MockWebServer$3 acceptConnections
INFO: MockWebServer[47709] done accepting connections: Socket closed
Jul 24, 2015 11:14:25 PM com.squareup.okhttp.mockwebserver.MockWebServer$3 execute
INFO: MockWebServer[55059] starting to accept connections
Jul 24, 2015 11:14:25 PM com.squareup.okhttp.mockwebserver.MockWebServer$3 acceptConnections
INFO: MockWebServer[55059] done accepting connections: Socket closed
Jul 24, 2015 11:14:25 PM com.squareup.okhttp.mockwebserver.MockWebServer$3 execute
INFO: MockWebServer[53115] starting to accept connections
Jul 24, 2015 11:14:25 PM com.squareup.okhttp.mockwebserver.MockWebServer$4 processOneRequest
INFO: MockWebServer[53115] received request: GET / HTTP/1.1 and responded: HTTP/1.1 404 OK
Jul 24, 2015 11:14:25 PM com.squareup.okhttp.mockwebserver.MockWebServer$3 acceptConnections
INFO: MockWebServer[53115] done accepting connections: Socket closed
Jul 24, 2015 11:14:25 PM com.squareup.okhttp.mockwebserver.MockWebServer$3 execute
INFO: MockWebServer[43981] starting to accept connections
Jul 24, 2015 11:14:25 PM com.squareup.okhttp.mockwebserver.MockWebServer$4 processOneRequest
INFO: MockWebServer[43981] received request: POST / HTTP/1.1 and responded: HTTP/1.1 200 OK
Jul 24, 2015 11:14:25 PM com.squareup.okhttp.mockwebserver.MockWebServer$3 acceptConnections
INFO: MockWebServer[43981] done accepting connections: Socket closed
Jul 24, 2015 11:14:25 PM com.squareup.okhttp.mockwebserver.MockWebServer$3 execute
INFO: MockWebServer[53174] starting to accept connections
Jul 24, 2015 11:14:25 PM com.squareup.okhttp.mockwebserver.MockWebServer$4 processOneRequest
INFO: MockWebServer[53174] received request: GET / HTTP/1.1 and responded: HTTP/1.1 204 Nothin
Jul 24, 2015 11:14:25 PM com.squareup.okhttp.mockwebserver.MockWebServer$3 acceptConnections
INFO: MockWebServer[53174] done accepting connections: Socket closed
Jul 24, 2015 11:14:25 PM com.squareup.okhttp.mockwebserver.MockWebServer$3 execute
INFO: MockWebServer[54441] starting to accept connections
Jul 24, 2015 11:14:25 PM com.squareup.okhttp.mockwebserver.MockWebServer$4 processOneRequest
INFO: MockWebServer[54441] received request: GET / HTTP/1.1 and responded: HTTP/1.1 200 OK
Jul 24, 2015 11:14:25 PM com.squareup.okhttp.mockwebserver.MockWebServer$3 acceptConnections
INFO: MockWebServer[54441] done accepting connections: Socket closed
Jul 24, 2015 11:14:25 PM com.squareup.okhttp.mockwebserver.MockWebServer$3 execute
INFO: MockWebServer[49890] starting to accept connections
Jul 24, 2015 11:14:25 PM com.squareup.okhttp.mockwebserver.MockWebServer$4 processOneRequest
INFO: MockWebServer[49890] received request: GET / HTTP/1.1 and responded: HTTP/1.1 200 OK
Jul 24, 2015 11:14:25 PM com.squareup.okhttp.mockwebserver.MockWebServer$3 acceptConnections
INFO: MockWebServer[49890] done accepting connections: Socket closed
Jul 24, 2015 11:14:25 PM com.squareup.okhttp.mockwebserver.MockWebServer$3 execute
INFO: MockWebServer[59871] starting to accept connections
Jul 24, 2015 11:14:25 PM com.squareup.okhttp.mockwebserver.MockWebServer$4 processOneRequest
INFO: MockWebServer[59871] received request: POST / HTTP/1.1 and responded: HTTP/1.1 200 OK
Jul 24, 2015 11:14:25 PM com.squareup.okhttp.mockwebserver.MockWebServer$3 acceptConnections
INFO: MockWebServer[59871] done accepting connections: Socket closed
Jul 24, 2015 11:14:25 PM com.squareup.okhttp.mockwebserver.MockWebServer$3 execute
INFO: MockWebServer[40814] starting to accept connections
Jul 24, 2015 11:14:25 PM com.squareup.okhttp.mockwebserver.MockWebServer$3 acceptConnections
INFO: MockWebServer[40814] done accepting connections: Socket closed
Jul 24, 2015 11:14:25 PM com.squareup.okhttp.mockwebserver.MockWebServer$3 execute
INFO: MockWebServer[58486] starting to accept connections
Jul 24, 2015 11:14:25 PM com.squareup.okhttp.mockwebserver.MockWebServer$4 processOneRequest
INFO: MockWebServer[58486] received request: GET / HTTP/1.1 and responded: HTTP/1.1 200 OK
Jul 24, 2015 11:14:25 PM com.squareup.okhttp.mockwebserver.MockWebServer$3 acceptConnections
INFO: MockWebServer[58486] done accepting connections: Socket closed
Jul 24, 2015 11:14:25 PM com.squareup.okhttp.mockwebserver.MockWebServer$3 execute
INFO: MockWebServer[41415] starting to accept connections
Jul 24, 2015 11:14:25 PM com.squareup.okhttp.mockwebserver.MockWebServer$4 processOneRequest
INFO: MockWebServer[41415] received request: GET / HTTP/1.1 and responded: HTTP/1.1 200 OK
Jul 24, 2015 11:14:25 PM com.squareup.okhttp.mockwebserver.MockWebServer$3 acceptConnections
INFO: MockWebServer[41415] done accepting connections: Socket closed
Jul 24, 2015 11:14:25 PM com.squareup.okhttp.mockwebserver.MockWebServer$3 execute
INFO: MockWebServer[60426] starting to accept connections
Jul 24, 2015 11:14:25 PM com.squareup.okhttp.mockwebserver.MockWebServer$4 processOneRequest
INFO: MockWebServer[60426] received request: GET / HTTP/1.1 and responded: HTTP/1.1 205 Nothin
Jul 24, 2015 11:14:25 PM com.squareup.okhttp.mockwebserver.MockWebServer$3 acceptConnections
INFO: MockWebServer[60426] done accepting connections: Socket closed
Jul 24, 2015 11:14:25 PM com.squareup.okhttp.mockwebserver.MockWebServer$3 execute
INFO: MockWebServer[50239] starting to accept connections
Jul 24, 2015 11:14:25 PM com.squareup.okhttp.mockwebserver.MockWebServer$4 processOneRequest
INFO: MockWebServer[50239] received request: GET / HTTP/1.1 and responded: HTTP/1.1 200 OK
Jul 24, 2015 11:14:25 PM com.squareup.okhttp.mockwebserver.MockWebServer$4 processOneRequest
INFO: MockWebServer[50239] received request: GET / HTTP/1.1 and responded: HTTP/1.1 200 OK
Jul 24, 2015 11:14:25 PM com.squareup.okhttp.mockwebserver.MockWebServer$3 acceptConnections
INFO: MockWebServer[50239] done accepting connections: Socket closed
Jul 24, 2015 11:14:25 PM com.squareup.okhttp.mockwebserver.MockWebServer$3 execute
INFO: MockWebServer[49469] starting to accept connections
Jul 24, 2015 11:14:25 PM com.squareup.okhttp.mockwebserver.MockWebServer$4 processOneRequest
INFO: MockWebServer[49469] received request: GET / HTTP/1.1 and responded: HTTP/1.1 200 OK
Jul 24, 2015 11:14:25 PM com.squareup.okhttp.mockwebserver.MockWebServer$3 acceptConnections
INFO: MockWebServer[49469] done accepting connections: Socket closed
Jul 24, 2015 11:14:25 PM com.squareup.okhttp.mockwebserver.MockWebServer$3 execute
INFO: MockWebServer[54889] starting to accept connections
Jul 24, 2015 11:14:25 PM com.squareup.okhttp.mockwebserver.MockWebServer$3 acceptConnections
INFO: MockWebServer[54889] done accepting connections: Socket closed
Jul 24, 2015 11:14:25 PM com.squareup.okhttp.mockwebserver.MockWebServer$3 execute
INFO: MockWebServer[42960] starting to accept connections
Jul 24, 2015 11:14:25 PM com.squareup.okhttp.mockwebserver.MockWebServer$3 acceptConnections
INFO: MockWebServer[42960] done accepting connections: Socket closed
Jul 24, 2015 11:14:25 PM com.squareup.okhttp.mockwebserver.MockWebServer$3 execute
INFO: MockWebServer[34941] starting to accept connections
Jul 24, 2015 11:14:25 PM com.squareup.okhttp.mockwebserver.MockWebServer$4 processOneRequest
INFO: MockWebServer[34941] received request: GET / HTTP/1.1 and responded: HTTP/1.1 200 OK
Jul 24, 2015 11:14:25 PM com.squareup.okhttp.mockwebserver.MockWebServer$3 acceptConnections
INFO: MockWebServer[34941] done accepting connections: Socket closed
Jul 24, 2015 11:14:25 PM com.squareup.okhttp.mockwebserver.MockWebServer$3 execute
INFO: MockWebServer[37006] starting to accept connections
Jul 24, 2015 11:14:25 PM com.squareup.okhttp.mockwebserver.MockWebServer$4 processOneRequest
INFO: MockWebServer[37006] received request: GET / HTTP/1.1 and responded: HTTP/1.1 200 OK
Jul 24, 2015 11:14:25 PM com.squareup.okhttp.mockwebserver.MockWebServer$3 acceptConnections
INFO: MockWebServer[37006] done accepting connections: Socket closed
Tests run: 23, Failures: 0, Errors: 0, Skipped: 0, Time elapsed: 0.121 sec

Results :

Tests run: 162, Failures: 0, Errors: 0, Skipped: 2

[INFO]                                                                         
[INFO] ------------------------------------------------------------------------
[INFO] Building Adapters 2.0.0-SNAPSHOT
[INFO] ------------------------------------------------------------------------
[INFO] 
[INFO] --- maven-enforcer-plugin:1.0:enforce (enforce-maven) @ retrofit-adapters ---
[INFO]                                                                         
[INFO] ------------------------------------------------------------------------
[INFO] Building Adapter: RxJava 2.0.0-SNAPSHOT
[INFO] ------------------------------------------------------------------------
[INFO] 
[INFO] --- maven-enforcer-plugin:1.0:enforce (enforce-maven) @ adapter-rxjava ---
[INFO] 
[INFO] --- maven-resources-plugin:2.6:resources (default-resources) @ adapter-rxjava ---
[INFO] Using 'UTF-8' encoding to copy filtered resources.
[INFO] skip non existing resourceDirectory /home/travis/build/square/retrofit/retrofit-adapters/rxjava/src/main/resources
[INFO] 
[INFO] --- maven-compiler-plugin:3.0:compile (default-compile) @ adapter-rxjava ---
[INFO] Changes detected - recompiling the module!
[INFO] Compiling 2 source files to /home/travis/build/square/retrofit/retrofit-adapters/rxjava/target/classes
[INFO] 
[INFO] --- maven-resources-plugin:2.6:testResources (default-testResources) @ adapter-rxjava ---
[INFO] Using 'UTF-8' encoding to copy filtered resources.
[INFO] skip non existing resourceDirectory /home/travis/build/square/retrofit/retrofit-adapters/rxjava/src/test/resources
[INFO] 
[INFO] --- maven-compiler-plugin:3.0:testCompile (default-testCompile) @ adapter-rxjava ---
[INFO] Changes detected - recompiling the module!
[INFO] Compiling 2 source files to /home/travis/build/square/retrofit/retrofit-adapters/rxjava/target/test-classes
[INFO] 
[INFO] --- maven-surefire-plugin:2.12.4:test (default-test) @ adapter-rxjava ---
[INFO] Surefire report directory: /home/travis/build/square/retrofit/retrofit-adapters/rxjava/target/surefire-reports

-------------------------------------------------------
 T E S T S
-------------------------------------------------------
Running retrofit.ObservableCallAdapterFactoryTest
Jul 24, 2015 11:14:26 PM com.squareup.okhttp.mockwebserver.MockWebServer$3 execute
INFO: MockWebServer[46983] starting to accept connections
Jul 24, 2015 11:14:26 PM com.squareup.okhttp.mockwebserver.MockWebServer$4 processConnection
WARNING: MockWebServer[46983] connection from /127.0.0.1 didn't make a request
Jul 24, 2015 11:14:26 PM com.squareup.okhttp.mockwebserver.MockWebServer$3 acceptConnections
INFO: MockWebServer[46983] done accepting connections: Socket closed
Jul 24, 2015 11:14:26 PM com.squareup.okhttp.mockwebserver.MockWebServer$3 execute
INFO: MockWebServer[50741] starting to accept connections
Jul 24, 2015 11:14:26 PM com.squareup.okhttp.mockwebserver.MockWebServer$4 processOneRequest
INFO: MockWebServer[50741] received request: GET / HTTP/1.1 and responded: HTTP/1.1 200 OK
Jul 24, 2015 11:14:26 PM com.squareup.okhttp.mockwebserver.MockWebServer$3 acceptConnections
INFO: MockWebServer[50741] done accepting connections: Socket closed
Jul 24, 2015 11:14:26 PM com.squareup.okhttp.mockwebserver.MockWebServer$3 execute
INFO: MockWebServer[38514] starting to accept connections
Jul 24, 2015 11:14:26 PM com.squareup.okhttp.mockwebserver.MockWebServer$4 processOneRequest
INFO: MockWebServer[38514] received request: GET / HTTP/1.1 and responded: HTTP/1.1 404 OK
Jul 24, 2015 11:14:26 PM com.squareup.okhttp.mockwebserver.MockWebServer$3 acceptConnections
INFO: MockWebServer[38514] done accepting connections: Socket closed
Jul 24, 2015 11:14:26 PM com.squareup.okhttp.mockwebserver.MockWebServer$3 execute
INFO: MockWebServer[35206] starting to accept connections
Jul 24, 2015 11:14:26 PM com.squareup.okhttp.mockwebserver.MockWebServer$3 acceptConnections
INFO: MockWebServer[35206] done accepting connections: Socket closed
Jul 24, 2015 11:14:26 PM com.squareup.okhttp.mockwebserver.MockWebServer$3 execute
INFO: MockWebServer[60844] starting to accept connections
Jul 24, 2015 11:14:26 PM com.squareup.okhttp.mockwebserver.MockWebServer$4 processConnection
WARNING: MockWebServer[60844] connection from /127.0.0.1 didn't make a request
Jul 24, 2015 11:14:26 PM com.squareup.okhttp.mockwebserver.MockWebServer$3 acceptConnections
INFO: MockWebServer[60844] done accepting connections: Socket closed
Jul 24, 2015 11:14:26 PM com.squareup.okhttp.mockwebserver.MockWebServer$3 execute
INFO: MockWebServer[41300] starting to accept connections
Jul 24, 2015 11:14:26 PM com.squareup.okhttp.mockwebserver.MockWebServer$4 processOneRequest
INFO: MockWebServer[41300] received request: GET / HTTP/1.1 and responded: HTTP/1.1 200 OK
Jul 24, 2015 11:14:26 PM com.squareup.okhttp.mockwebserver.MockWebServer$3 acceptConnections
INFO: MockWebServer[41300] done accepting connections: Socket closed
Jul 24, 2015 11:14:26 PM com.squareup.okhttp.mockwebserver.MockWebServer$3 execute
INFO: MockWebServer[48720] starting to accept connections
Jul 24, 2015 11:14:26 PM com.squareup.okhttp.mockwebserver.MockWebServer$4 processOneRequest
INFO: MockWebServer[48720] received request: GET / HTTP/1.1 and responded: HTTP/1.1 404 OK
Jul 24, 2015 11:14:26 PM com.squareup.okhttp.mockwebserver.MockWebServer$3 acceptConnections
INFO: MockWebServer[48720] done accepting connections: Socket closed
Jul 24, 2015 11:14:26 PM com.squareup.okhttp.mockwebserver.MockWebServer$3 execute
INFO: MockWebServer[33010] starting to accept connections
Jul 24, 2015 11:14:26 PM com.squareup.okhttp.mockwebserver.MockWebServer$3 acceptConnections
INFO: MockWebServer[33010] done accepting connections: Socket is closed
Jul 24, 2015 11:14:26 PM com.squareup.okhttp.mockwebserver.MockWebServer$3 execute
INFO: MockWebServer[48454] starting to accept connections
Jul 24, 2015 11:14:26 PM com.squareup.okhttp.mockwebserver.MockWebServer$4 processConnection
WARNING: MockWebServer[48454] connection from /127.0.0.1 didn't make a request
Jul 24, 2015 11:14:26 PM com.squareup.okhttp.mockwebserver.MockWebServer$3 acceptConnections
INFO: MockWebServer[48454] done accepting connections: Socket closed
Jul 24, 2015 11:14:26 PM com.squareup.okhttp.mockwebserver.MockWebServer$3 execute
INFO: MockWebServer[59239] starting to accept connections
Jul 24, 2015 11:14:26 PM com.squareup.okhttp.mockwebserver.MockWebServer$3 acceptConnections
INFO: MockWebServer[59239] done accepting connections: Socket is closed
Jul 24, 2015 11:14:26 PM com.squareup.okhttp.mockwebserver.MockWebServer$3 execute
INFO: MockWebServer[37218] starting to accept connections
Jul 24, 2015 11:14:26 PM com.squareup.okhttp.mockwebserver.MockWebServer$3 acceptConnections
INFO: MockWebServer[37218] done accepting connections: Socket closed
Jul 24, 2015 11:14:26 PM com.squareup.okhttp.mockwebserver.MockWebServer$3 execute
INFO: MockWebServer[57217] starting to accept connections
Jul 24, 2015 11:14:26 PM com.squareup.okhttp.mockwebserver.MockWebServer$4 processOneRequest
INFO: MockWebServer[57217] received request: GET / HTTP/1.1 and responded: HTTP/1.1 200 OK
Jul 24, 2015 11:14:26 PM com.squareup.okhttp.mockwebserver.MockWebServer$3 acceptConnections
INFO: MockWebServer[57217] done accepting connections: Socket closed
Jul 24, 2015 11:14:26 PM com.squareup.okhttp.mockwebserver.MockWebServer$3 execute
INFO: MockWebServer[54867] starting to accept connections
Jul 24, 2015 11:14:26 PM com.squareup.okhttp.mockwebserver.MockWebServer$4 processOneRequest
INFO: MockWebServer[54867] received request: GET / HTTP/1.1 and responded: HTTP/1.1 404 OK
Jul 24, 2015 11:14:26 PM com.squareup.okhttp.mockwebserver.MockWebServer$3 acceptConnections
INFO: MockWebServer[54867] done accepting connections: Socket closed
Jul 24, 2015 11:14:26 PM com.squareup.okhttp.mockwebserver.MockWebServer$3 execute
INFO: MockWebServer[54574] starting to accept connections
Jul 24, 2015 11:14:26 PM com.squareup.okhttp.mockwebserver.MockWebServer$3 acceptConnections
INFO: MockWebServer[54574] done accepting connections: Socket is closed
Tests run: 14, Failures: 0, Errors: 0, Skipped: 0, Time elapsed: 0.675 sec
Running retrofit.ResultTest
Tests run: 4, Failures: 0, Errors: 0, Skipped: 0, Time elapsed: 0 sec

Results :

Tests run: 18, Failures: 0, Errors: 0, Skipped: 0

[INFO]                                                                         
[INFO] ------------------------------------------------------------------------
[INFO] Building Retrofit Mock Adapter 2.0.0-SNAPSHOT
[INFO] ------------------------------------------------------------------------
[INFO] 
[INFO] --- maven-enforcer-plugin:1.0:enforce (enforce-maven) @ retrofit-mock ---
[INFO] 
[INFO] --- maven-resources-plugin:2.6:resources (default-resources) @ retrofit-mock ---
[INFO] Using 'UTF-8' encoding to copy filtered resources.
[INFO] skip non existing resourceDirectory /home/travis/build/square/retrofit/retrofit-mock/src/main/resources
[INFO] 
[INFO] --- maven-compiler-plugin:3.0:compile (default-compile) @ retrofit-mock ---
[INFO] Changes detected - recompiling the module!
[INFO] Compiling 6 source files to /home/travis/build/square/retrofit/retrofit-mock/target/classes
[INFO] 
[INFO] --- maven-resources-plugin:2.6:testResources (default-testResources) @ retrofit-mock ---
[INFO] Using 'UTF-8' encoding to copy filtered resources.
[INFO] skip non existing resourceDirectory /home/travis/build/square/retrofit/retrofit-mock/src/test/resources
[INFO] 
[INFO] --- maven-compiler-plugin:3.0:testCompile (default-testCompile) @ retrofit-mock ---
[INFO] Changes detected - recompiling the module!
[INFO] Compiling 2 source files to /home/travis/build/square/retrofit/retrofit-mock/target/test-classes
[INFO] 
[INFO] --- maven-surefire-plugin:2.12.4:test (default-test) @ retrofit-mock ---
[INFO] Surefire report directory: /home/travis/build/square/retrofit/retrofit-mock/target/surefire-reports

-------------------------------------------------------
 T E S T S
-------------------------------------------------------
Running retrofit.BehaviorTest
Tests run: 5, Failures: 0, Errors: 0, Skipped: 0, Time elapsed: 0.184 sec
Running retrofit.MockRetrofitTest
Tests run: 10, Failures: 0, Errors: 0, Skipped: 0, Time elapsed: 0.878 sec

Results :

Tests run: 15, Failures: 0, Errors: 0, Skipped: 0

[INFO]                                                                         
[INFO] ------------------------------------------------------------------------
[INFO] Building Adapter: RxJava Mock 2.0.0-SNAPSHOT
[INFO] ------------------------------------------------------------------------
[INFO] 
[INFO] --- maven-enforcer-plugin:1.0:enforce (enforce-maven) @ adapter-rxjava-mock ---
[INFO] 
[INFO] --- maven-resources-plugin:2.6:resources (default-resources) @ adapter-rxjava-mock ---
[INFO] Using 'UTF-8' encoding to copy filtered resources.
[INFO] skip non existing resourceDirectory /home/travis/build/square/retrofit/retrofit-adapters/rxjava-mock/src/main/resources
[INFO] 
[INFO] --- maven-compiler-plugin:3.0:compile (default-compile) @ adapter-rxjava-mock ---
[INFO] Changes detected - recompiling the module!
[INFO] Compiling 1 source file to /home/travis/build/square/retrofit/retrofit-adapters/rxjava-mock/target/classes
[INFO] 
[INFO] --- maven-resources-plugin:2.6:testResources (default-testResources) @ adapter-rxjava-mock ---
[INFO] Using 'UTF-8' encoding to copy filtered resources.
[INFO] skip non existing resourceDirectory /home/travis/build/square/retrofit/retrofit-adapters/rxjava-mock/src/test/resources
[INFO] 
[INFO] --- maven-compiler-plugin:3.0:testCompile (default-testCompile) @ adapter-rxjava-mock ---
[INFO] Changes detected - recompiling the module!
[INFO] Compiling 1 source file to /home/travis/build/square/retrofit/retrofit-adapters/rxjava-mock/target/test-classes
[INFO] 
[INFO] --- maven-surefire-plugin:2.12.4:test (default-test) @ adapter-rxjava-mock ---
[INFO] Surefire report directory: /home/travis/build/square/retrofit/retrofit-adapters/rxjava-mock/target/surefire-reports

-------------------------------------------------------
 T E S T S
-------------------------------------------------------
Running retrofit.mock.ObservableBehaviorAdapterTest
Tests run: 2, Failures: 0, Errors: 0, Skipped: 0, Time elapsed: 0.383 sec

Results :

Tests run: 2, Failures: 0, Errors: 0, Skipped: 0

[INFO]                                                                         
[INFO] ------------------------------------------------------------------------
[INFO] Building Converters 2.0.0-SNAPSHOT
[INFO] ------------------------------------------------------------------------
[INFO] 
[INFO] --- maven-enforcer-plugin:1.0:enforce (enforce-maven) @ retrofit-converters ---
[INFO]                                                                         
[INFO] ------------------------------------------------------------------------
[INFO] Building Converter: Gson 2.0.0-SNAPSHOT
[INFO] ------------------------------------------------------------------------
[INFO] 
[INFO] --- maven-enforcer-plugin:1.0:enforce (enforce-maven) @ converter-gson ---
[INFO] 
[INFO] --- maven-resources-plugin:2.6:resources (default-resources) @ converter-gson ---
[INFO] Using 'UTF-8' encoding to copy filtered resources.
[INFO] skip non existing resourceDirectory /home/travis/build/square/retrofit/retrofit-converters/gson/src/main/resources
[INFO] 
[INFO] --- maven-compiler-plugin:3.0:compile (default-compile) @ converter-gson ---
[INFO] Changes detected - recompiling the module!
[INFO] Compiling 2 source files to /home/travis/build/square/retrofit/retrofit-converters/gson/target/classes
[INFO] 
[INFO] --- maven-resources-plugin:2.6:testResources (default-testResources) @ converter-gson ---
[INFO] Using 'UTF-8' encoding to copy filtered resources.
[INFO] skip non existing resourceDirectory /home/travis/build/square/retrofit/retrofit-converters/gson/src/test/resources
[INFO] 
[INFO] --- maven-compiler-plugin:3.0:testCompile (default-testCompile) @ converter-gson ---
[INFO] Changes detected - recompiling the module!
[INFO] Compiling 1 source file to /home/travis/build/square/retrofit/retrofit-converters/gson/target/test-classes
[INFO] 
[INFO] --- maven-surefire-plugin:2.12.4:test (default-test) @ converter-gson ---
[INFO] Surefire report directory: /home/travis/build/square/retrofit/retrofit-converters/gson/target/surefire-reports

-------------------------------------------------------
 T E S T S
-------------------------------------------------------
Running retrofit.GsonConverterFactoryTest
Jul 24, 2015 11:14:29 PM com.squareup.okhttp.mockwebserver.MockWebServer$3 execute
INFO: MockWebServer[52361] starting to accept connections
Jul 24, 2015 11:14:29 PM com.squareup.okhttp.mockwebserver.MockWebServer$4 processOneRequest
INFO: MockWebServer[52361] received request: POST / HTTP/1.1 and responded: HTTP/1.1 200 OK
Jul 24, 2015 11:14:29 PM com.squareup.okhttp.mockwebserver.MockWebServer$3 acceptConnections
INFO: MockWebServer[52361] done accepting connections: Socket closed
Jul 24, 2015 11:14:29 PM com.squareup.okhttp.mockwebserver.MockWebServer$3 execute
INFO: MockWebServer[44873] starting to accept connections
Jul 24, 2015 11:14:29 PM com.squareup.okhttp.mockwebserver.MockWebServer$4 processOneRequest
INFO: MockWebServer[44873] received request: POST / HTTP/1.1 and responded: HTTP/1.1 200 OK
Jul 24, 2015 11:14:29 PM com.squareup.okhttp.mockwebserver.MockWebServer$3 acceptConnections
INFO: MockWebServer[44873] done accepting connections: Socket closed
Tests run: 2, Failures: 0, Errors: 0, Skipped: 0, Time elapsed: 0.51 sec

Results :

Tests run: 2, Failures: 0, Errors: 0, Skipped: 0

[INFO]                                                                         
[INFO] ------------------------------------------------------------------------
[INFO] Building Converter: Protocol Buffers 2.0.0-SNAPSHOT
[INFO] ------------------------------------------------------------------------
[INFO] 
[INFO] --- maven-enforcer-plugin:1.0:enforce (enforce-maven) @ converter-protobuf ---
[INFO] 
[INFO] --- maven-resources-plugin:2.6:resources (default-resources) @ converter-protobuf ---
[INFO] Using 'UTF-8' encoding to copy filtered resources.
[INFO] skip non existing resourceDirectory /home/travis/build/square/retrofit/retrofit-converters/protobuf/src/main/resources
[INFO] 
[INFO] --- maven-compiler-plugin:3.0:compile (default-compile) @ converter-protobuf ---
[INFO] Changes detected - recompiling the module!
[INFO] Compiling 2 source files to /home/travis/build/square/retrofit/retrofit-converters/protobuf/target/classes
[WARNING] /home/travis/build/square/retrofit/retrofit-converters/protobuf/src/main/java/retrofit/ProtoConverterFactory.java: /home/travis/build/square/retrofit/retrofit-converters/protobuf/src/main/java/retrofit/ProtoConverterFactory.java uses unchecked or unsafe operations.
[WARNING] /home/travis/build/square/retrofit/retrofit-converters/protobuf/src/main/java/retrofit/ProtoConverterFactory.java: Recompile with -Xlint:unchecked for details.
[INFO] 
[INFO] --- maven-resources-plugin:2.6:testResources (default-testResources) @ converter-protobuf ---
[INFO] Using 'UTF-8' encoding to copy filtered resources.
[INFO] skip non existing resourceDirectory /home/travis/build/square/retrofit/retrofit-converters/protobuf/src/test/resources
[INFO] 
[INFO] --- maven-compiler-plugin:3.0:testCompile (default-testCompile) @ converter-protobuf ---
[INFO] Changes detected - recompiling the module!
[INFO] Compiling 2 source files to /home/travis/build/square/retrofit/retrofit-converters/protobuf/target/test-classes
[INFO] 
[INFO] --- maven-surefire-plugin:2.12.4:test (default-test) @ converter-protobuf ---
[INFO] Surefire report directory: /home/travis/build/square/retrofit/retrofit-converters/protobuf/target/surefire-reports

-------------------------------------------------------
 T E S T S
-------------------------------------------------------
Running retrofit.ProtoConverterTest
Jul 24, 2015 11:14:30 PM com.squareup.okhttp.mockwebserver.MockWebServer$3 execute
INFO: MockWebServer[44666] starting to accept connections
Jul 24, 2015 11:14:30 PM com.squareup.okhttp.mockwebserver.MockWebServer$4 processOneRequest
INFO: MockWebServer[44666] received request: POST / HTTP/1.1 and responded: HTTP/1.1 200 OK
Jul 24, 2015 11:14:30 PM com.squareup.okhttp.mockwebserver.MockWebServer$3 acceptConnections
INFO: MockWebServer[44666] done accepting connections: Socket closed
Jul 24, 2015 11:14:30 PM com.squareup.okhttp.mockwebserver.MockWebServer$3 execute
INFO: MockWebServer[59770] starting to accept connections
Jul 24, 2015 11:14:30 PM com.squareup.okhttp.mockwebserver.MockWebServer$3 acceptConnections
INFO: MockWebServer[59770] done accepting connections: Socket is closed
Jul 24, 2015 11:14:30 PM com.squareup.okhttp.mockwebserver.MockWebServer$3 execute
INFO: MockWebServer[40668] starting to accept connections
Jul 24, 2015 11:14:30 PM com.squareup.okhttp.mockwebserver.MockWebServer$3 acceptConnections
INFO: MockWebServer[40668] done accepting connections: Socket closed
Jul 24, 2015 11:14:30 PM com.squareup.okhttp.mockwebserver.MockWebServer$4 processOneRequest
INFO: MockWebServer[40668] received request: GET / HTTP/1.1 and responded: HTTP/1.1 200 OK
Jul 24, 2015 11:14:30 PM com.squareup.okhttp.mockwebserver.MockWebServer$3 execute
INFO: MockWebServer[47956] starting to accept connections
Jul 24, 2015 11:14:30 PM com.squareup.okhttp.mockwebserver.MockWebServer$3 acceptConnections
INFO: MockWebServer[47956] done accepting connections: Socket is closed
Jul 24, 2015 11:14:30 PM com.squareup.okhttp.mockwebserver.MockWebServer$3 execute
INFO: MockWebServer[60253] starting to accept connections
Jul 24, 2015 11:14:30 PM com.squareup.okhttp.mockwebserver.MockWebServer$3 acceptConnections
INFO: MockWebServer[60253] done accepting connections: Socket closed
Jul 24, 2015 11:14:30 PM com.squareup.okhttp.mockwebserver.MockWebServer$4 processOneRequest
INFO: MockWebServer[60253] received request: GET / HTTP/1.1 and responded: HTTP/1.1 200 OK
Tests run: 5, Failures: 0, Errors: 0, Skipped: 0, Time elapsed: 0.596 sec

Results :

Tests run: 5, Failures: 0, Errors: 0, Skipped: 0

[INFO]                                                                         
[INFO] ------------------------------------------------------------------------
[INFO] Building Converter: Jackson 2.0.0-SNAPSHOT
[INFO] ------------------------------------------------------------------------
[INFO] 
[INFO] --- maven-enforcer-plugin:1.0:enforce (enforce-maven) @ converter-jackson ---
[INFO] 
[INFO] --- maven-resources-plugin:2.6:resources (default-resources) @ converter-jackson ---
[INFO] Using 'UTF-8' encoding to copy filtered resources.
[INFO] skip non existing resourceDirectory /home/travis/build/square/retrofit/retrofit-converters/jackson/src/main/resources
[INFO] 
[INFO] --- maven-compiler-plugin:3.0:compile (default-compile) @ converter-jackson ---
[INFO] Changes detected - recompiling the module!
[INFO] Compiling 2 source files to /home/travis/build/square/retrofit/retrofit-converters/jackson/target/classes
[INFO] 
[INFO] --- maven-resources-plugin:2.6:testResources (default-testResources) @ converter-jackson ---
[INFO] Using 'UTF-8' encoding to copy filtered resources.
[INFO] skip non existing resourceDirectory /home/travis/build/square/retrofit/retrofit-converters/jackson/src/test/resources
[INFO] 
[INFO] --- maven-compiler-plugin:3.0:testCompile (default-testCompile) @ converter-jackson ---
[INFO] Changes detected - recompiling the module!
[INFO] Compiling 1 source file to /home/travis/build/square/retrofit/retrofit-converters/jackson/target/test-classes
[INFO] 
[INFO] --- maven-surefire-plugin:2.12.4:test (default-test) @ converter-jackson ---
[INFO] Surefire report directory: /home/travis/build/square/retrofit/retrofit-converters/jackson/target/surefire-reports

-------------------------------------------------------
 T E S T S
-------------------------------------------------------
Running retrofit.JacksonConverterTest
Jul 24, 2015 11:14:31 PM com.squareup.okhttp.mockwebserver.MockWebServer$3 execute
INFO: MockWebServer[36018] starting to accept connections
Jul 24, 2015 11:14:31 PM com.squareup.okhttp.mockwebserver.MockWebServer$4 processOneRequest
INFO: MockWebServer[36018] received request: POST / HTTP/1.1 and responded: HTTP/1.1 200 OK
Jul 24, 2015 11:14:31 PM com.squareup.okhttp.mockwebserver.MockWebServer$3 acceptConnections
INFO: MockWebServer[36018] done accepting connections: Socket closed
Jul 24, 2015 11:14:31 PM com.squareup.okhttp.mockwebserver.MockWebServer$3 execute
INFO: MockWebServer[59905] starting to accept connections
Jul 24, 2015 11:14:31 PM com.squareup.okhttp.mockwebserver.MockWebServer$4 processOneRequest
INFO: MockWebServer[59905] received request: POST / HTTP/1.1 and responded: HTTP/1.1 200 OK
Jul 24, 2015 11:14:31 PM com.squareup.okhttp.mockwebserver.MockWebServer$3 acceptConnections
INFO: MockWebServer[59905] done accepting connections: Socket closed
Tests run: 2, Failures: 0, Errors: 0, Skipped: 0, Time elapsed: 0.725 sec

Results :

Tests run: 2, Failures: 0, Errors: 0, Skipped: 0

[INFO]                                                                         
[INFO] ------------------------------------------------------------------------
[INFO] Building Converter: Wire Protocol Buffers 2.0.0-SNAPSHOT
[INFO] ------------------------------------------------------------------------
[INFO] 
[INFO] --- maven-enforcer-plugin:1.0:enforce (enforce-maven) @ converter-wire ---
[INFO] 
[INFO] --- maven-resources-plugin:2.6:resources (default-resources) @ converter-wire ---
[INFO] Using 'UTF-8' encoding to copy filtered resources.
[INFO] skip non existing resourceDirectory /home/travis/build/square/retrofit/retrofit-converters/wire/src/main/resources
[INFO] 
[INFO] --- maven-compiler-plugin:3.0:compile (default-compile) @ converter-wire ---
[INFO] Changes detected - recompiling the module!
[INFO] Compiling 2 source files to /home/travis/build/square/retrofit/retrofit-converters/wire/target/classes
[WARNING] /home/travis/build/square/retrofit/retrofit-converters/wire/src/main/java/retrofit/WireConverterFactory.java: /home/travis/build/square/retrofit/retrofit-converters/wire/src/main/java/retrofit/WireConverterFactory.java uses unchecked or unsafe operations.
[WARNING] /home/travis/build/square/retrofit/retrofit-converters/wire/src/main/java/retrofit/WireConverterFactory.java: Recompile with -Xlint:unchecked for details.
[INFO] 
[INFO] --- maven-resources-plugin:2.6:testResources (default-testResources) @ converter-wire ---
[INFO] Using 'UTF-8' encoding to copy filtered resources.
[INFO] skip non existing resourceDirectory /home/travis/build/square/retrofit/retrofit-converters/wire/src/test/resources
[INFO] 
[INFO] --- maven-compiler-plugin:3.0:testCompile (default-testCompile) @ converter-wire ---
[INFO] Changes detected - recompiling the module!
[INFO] Compiling 2 source files to /home/travis/build/square/retrofit/retrofit-converters/wire/target/test-classes
[INFO] 
[INFO] --- maven-surefire-plugin:2.12.4:test (default-test) @ converter-wire ---
[INFO] Surefire report directory: /home/travis/build/square/retrofit/retrofit-converters/wire/target/surefire-reports

-------------------------------------------------------
 T E S T S
-------------------------------------------------------
Running retrofit.WireConverterTest
Jul 24, 2015 11:14:32 PM com.squareup.okhttp.mockwebserver.MockWebServer$3 execute
INFO: MockWebServer[34550] starting to accept connections
Jul 24, 2015 11:14:32 PM com.squareup.okhttp.mockwebserver.MockWebServer$4 processOneRequest
INFO: MockWebServer[34550] received request: POST / HTTP/1.1 and responded: HTTP/1.1 200 OK
Jul 24, 2015 11:14:32 PM com.squareup.okhttp.mockwebserver.MockWebServer$3 acceptConnections
INFO: MockWebServer[34550] done accepting connections: Socket closed
Jul 24, 2015 11:14:32 PM com.squareup.okhttp.mockwebserver.MockWebServer$3 execute
INFO: MockWebServer[50541] starting to accept connections
Jul 24, 2015 11:14:32 PM com.squareup.okhttp.mockwebserver.MockWebServer$3 acceptConnections
INFO: MockWebServer[50541] done accepting connections: Socket is closed
Jul 24, 2015 11:14:32 PM com.squareup.okhttp.mockwebserver.MockWebServer$3 execute
INFO: MockWebServer[39584] starting to accept connections
Jul 24, 2015 11:14:32 PM com.squareup.okhttp.mockwebserver.MockWebServer$4 processOneRequest
INFO: MockWebServer[39584] received request: GET / HTTP/1.1 and responded: HTTP/1.1 200 OK
Jul 24, 2015 11:14:32 PM com.squareup.okhttp.mockwebserver.MockWebServer$3 acceptConnections
INFO: MockWebServer[39584] done accepting connections: Socket closed
Jul 24, 2015 11:14:32 PM com.squareup.okhttp.mockwebserver.MockWebServer$3 execute
INFO: MockWebServer[50043] starting to accept connections
Jul 24, 2015 11:14:32 PM com.squareup.okhttp.mockwebserver.MockWebServer$3 acceptConnections
INFO: MockWebServer[50043] done accepting connections: Socket is closed
Jul 24, 2015 11:14:32 PM com.squareup.okhttp.mockwebserver.MockWebServer$3 execute
INFO: MockWebServer[35349] starting to accept connections
Jul 24, 2015 11:14:32 PM com.squareup.okhttp.mockwebserver.MockWebServer$4 processOneRequest
INFO: MockWebServer[35349] received request: GET / HTTP/1.1 and responded: HTTP/1.1 200 OK
Jul 24, 2015 11:14:32 PM com.squareup.okhttp.mockwebserver.MockWebServer$3 acceptConnections
INFO: MockWebServer[35349] done accepting connections: Socket closed
Tests run: 5, Failures: 0, Errors: 0, Skipped: 0, Time elapsed: 0.487 sec

Results :

Tests run: 5, Failures: 0, Errors: 0, Skipped: 0

[INFO]                                                                         
[INFO] ------------------------------------------------------------------------
[INFO] Building Converter: SimpleXML 2.0.0-SNAPSHOT
[INFO] ------------------------------------------------------------------------
[INFO] 
[INFO] --- maven-enforcer-plugin:1.0:enforce (enforce-maven) @ converter-simplexml ---
[INFO] 
[INFO] --- maven-resources-plugin:2.6:resources (default-resources) @ converter-simplexml ---
[INFO] Using 'UTF-8' encoding to copy filtered resources.
[INFO] skip non existing resourceDirectory /home/travis/build/square/retrofit/retrofit-converters/simplexml/src/main/resources
[INFO] 
[INFO] --- maven-compiler-plugin:3.0:compile (default-compile) @ converter-simplexml ---
[INFO] Changes detected - recompiling the module!
[INFO] Compiling 2 source files to /home/travis/build/square/retrofit/retrofit-converters/simplexml/target/classes
[INFO] 
[INFO] --- maven-resources-plugin:2.6:testResources (default-testResources) @ converter-simplexml ---
[INFO] Using 'UTF-8' encoding to copy filtered resources.
[INFO] skip non existing resourceDirectory /home/travis/build/square/retrofit/retrofit-converters/simplexml/src/test/resources
[INFO] 
[INFO] --- maven-compiler-plugin:3.0:testCompile (default-testCompile) @ converter-simplexml ---
[INFO] Changes detected - recompiling the module!
[INFO] Compiling 2 source files to /home/travis/build/square/retrofit/retrofit-converters/simplexml/target/test-classes
[INFO] 
[INFO] --- maven-surefire-plugin:2.12.4:test (default-test) @ converter-simplexml ---
[INFO] Surefire report directory: /home/travis/build/square/retrofit/retrofit-converters/simplexml/target/surefire-reports

-------------------------------------------------------
 T E S T S
-------------------------------------------------------
Running retrofit.SimpleXmlConverterTest
Jul 24, 2015 11:14:32 PM com.squareup.okhttp.mockwebserver.MockWebServer$3 execute
INFO: MockWebServer[42528] starting to accept connections
Jul 24, 2015 11:14:33 PM com.squareup.okhttp.mockwebserver.MockWebServer$4 processOneRequest
INFO: MockWebServer[42528] received request: GET / HTTP/1.1 and responded: HTTP/1.1 200 OK
Jul 24, 2015 11:14:33 PM com.squareup.okhttp.mockwebserver.MockWebServer$3 acceptConnections
INFO: MockWebServer[42528] done accepting connections: Socket closed
Jul 24, 2015 11:14:33 PM com.squareup.okhttp.mockwebserver.MockWebServer$3 execute
INFO: MockWebServer[49938] starting to accept connections
Jul 24, 2015 11:14:33 PM com.squareup.okhttp.mockwebserver.MockWebServer$4 processOneRequest
INFO: MockWebServer[49938] received request: GET / HTTP/1.1 and responded: HTTP/1.1 200 OK
Jul 24, 2015 11:14:33 PM com.squareup.okhttp.mockwebserver.MockWebServer$3 acceptConnections
INFO: MockWebServer[49938] done accepting connections: Socket closed
Jul 24, 2015 11:14:33 PM com.squareup.okhttp.mockwebserver.MockWebServer$3 execute
INFO: MockWebServer[47413] starting to accept connections
Jul 24, 2015 11:14:33 PM com.squareup.okhttp.mockwebserver.MockWebServer$4 processOneRequest
INFO: MockWebServer[47413] received request: POST / HTTP/1.1 and responded: HTTP/1.1 200 OK
Jul 24, 2015 11:14:33 PM com.squareup.okhttp.mockwebserver.MockWebServer$3 acceptConnections
INFO: MockWebServer[47413] done accepting connections: Socket closed
Tests run: 3, Failures: 0, Errors: 0, Skipped: 0, Time elapsed: 0.68 sec

Results :

Tests run: 3, Failures: 0, Errors: 0, Skipped: 0

[INFO]                                                                         
[INFO] ------------------------------------------------------------------------
[INFO] Building Converter: Moshi 2.0.0-SNAPSHOT
[INFO] ------------------------------------------------------------------------
[INFO] 
[INFO] --- maven-enforcer-plugin:1.0:enforce (enforce-maven) @ converter-moshi ---
[INFO] 
[INFO] --- maven-resources-plugin:2.6:resources (default-resources) @ converter-moshi ---
[INFO] Using 'UTF-8' encoding to copy filtered resources.
[INFO] skip non existing resourceDirectory /home/travis/build/square/retrofit/retrofit-converters/moshi/src/main/resources
[INFO] 
[INFO] --- maven-compiler-plugin:3.0:compile (default-compile) @ converter-moshi ---
[INFO] Changes detected - recompiling the module!
[INFO] Compiling 2 source files to /home/travis/build/square/retrofit/retrofit-converters/moshi/target/classes
[INFO] 
[INFO] --- maven-resources-plugin:2.6:testResources (default-testResources) @ converter-moshi ---
[INFO] Using 'UTF-8' encoding to copy filtered resources.
[INFO] skip non existing resourceDirectory /home/travis/build/square/retrofit/retrofit-converters/moshi/src/test/resources
[INFO] 
[INFO] --- maven-compiler-plugin:3.0:testCompile (default-testCompile) @ converter-moshi ---
[INFO] Changes detected - recompiling the module!
[INFO] Compiling 1 source file to /home/travis/build/square/retrofit/retrofit-converters/moshi/target/test-classes
[INFO] 
[INFO] --- maven-surefire-plugin:2.12.4:test (default-test) @ converter-moshi ---
[INFO] Surefire report directory: /home/travis/build/square/retrofit/retrofit-converters/moshi/target/surefire-reports

-------------------------------------------------------
 T E S T S
-------------------------------------------------------
Running retrofit.MoshiConverterTest
Jul 24, 2015 11:14:34 PM com.squareup.okhttp.mockwebserver.MockWebServer$3 execute
INFO: MockWebServer[59240] starting to accept connections
Jul 24, 2015 11:14:34 PM com.squareup.okhttp.mockwebserver.MockWebServer$4 processOneRequest
INFO: MockWebServer[59240] received request: POST / HTTP/1.1 and responded: HTTP/1.1 200 OK
Jul 24, 2015 11:14:34 PM com.squareup.okhttp.mockwebserver.MockWebServer$3 acceptConnections
INFO: MockWebServer[59240] done accepting connections: Socket closed
Jul 24, 2015 11:14:34 PM com.squareup.okhttp.mockwebserver.MockWebServer$3 execute
INFO: MockWebServer[35242] starting to accept connections
Jul 24, 2015 11:14:34 PM com.squareup.okhttp.mockwebserver.MockWebServer$4 processOneRequest
INFO: MockWebServer[35242] received request: POST / HTTP/1.1 and responded: HTTP/1.1 200 OK
Jul 24, 2015 11:14:34 PM com.squareup.okhttp.mockwebserver.MockWebServer$3 acceptConnections
INFO: MockWebServer[35242] done accepting connections: Socket closed
Tests run: 2, Failures: 0, Errors: 0, Skipped: 0, Time elapsed: 0.484 sec

Results :

Tests run: 2, Failures: 0, Errors: 0, Skipped: 0

[INFO]                                                                         
[INFO] ------------------------------------------------------------------------
[INFO] Building Typed Request 2.0.0-SNAPSHOT
[INFO] ------------------------------------------------------------------------
[INFO] 
[INFO] --- maven-enforcer-plugin:1.0:enforce (enforce-maven) @ retrofit-typedrequest ---
[INFO] 
[INFO] --- maven-resources-plugin:2.6:resources (default-resources) @ retrofit-typedrequest ---
[INFO] Using 'UTF-8' encoding to copy filtered resources.
[INFO] skip non existing resourceDirectory /home/travis/build/square/retrofit/retrofit-typedrequest/src/main/resources
[INFO] 
[INFO] --- maven-compiler-plugin:3.0:compile (default-compile) @ retrofit-typedrequest ---
[INFO] Changes detected - recompiling the module!
[INFO] Compiling 9 source files to /home/travis/build/square/retrofit/retrofit-typedrequest/target/classes
[WARNING] /home/travis/build/square/retrofit/retrofit-typedrequest/src/main/java/retrofit/TypedRequestRawRequestBuilder.java: /home/travis/build/square/retrofit/retrofit-typedrequest/src/main/java/retrofit/TypedRequestRawRequestBuilder.java uses unchecked or unsafe operations.
[WARNING] /home/travis/build/square/retrofit/retrofit-typedrequest/src/main/java/retrofit/TypedRequestRawRequestBuilder.java: Recompile with -Xlint:unchecked for details.
[INFO] 
[INFO] --- maven-resources-plugin:2.6:testResources (default-testResources) @ retrofit-typedrequest ---
[INFO] Using 'UTF-8' encoding to copy filtered resources.
[INFO] skip non existing resourceDirectory /home/travis/build/square/retrofit/retrofit-typedrequest/src/test/resources
[INFO] 
[INFO] --- maven-compiler-plugin:3.0:testCompile (default-testCompile) @ retrofit-typedrequest ---
[INFO] Changes detected - recompiling the module!
[INFO] Compiling 8 source files to /home/travis/build/square/retrofit/retrofit-typedrequest/target/test-classes
[WARNING] /home/travis/build/square/retrofit/retrofit-typedrequest/src/test/java/retrofit/CallableRequestTest.java: Some input files use or override a deprecated API.
[WARNING] /home/travis/build/square/retrofit/retrofit-typedrequest/src/test/java/retrofit/CallableRequestTest.java: Recompile with -Xlint:deprecation for details.
[INFO] 
[INFO] --- maven-surefire-plugin:2.12.4:test (default-test) @ retrofit-typedrequest ---
[INFO] Surefire report directory: /home/travis/build/square/retrofit/retrofit-typedrequest/target/surefire-reports

-------------------------------------------------------
 T E S T S
-------------------------------------------------------
Running retrofit.CallableRequestTest
Jul 24, 2015 11:14:35 PM com.squareup.okhttp.mockwebserver.MockWebServer$3 execute
INFO: MockWebServer[58307] starting to accept connections
Jul 24, 2015 11:14:35 PM com.squareup.okhttp.mockwebserver.MockWebServer$4 processOneRequest
INFO: MockWebServer[58307] received request: GET / HTTP/1.1 and responded: HTTP/1.1 200 OK
Jul 24, 2015 11:14:35 PM com.squareup.okhttp.mockwebserver.MockWebServer$3 acceptConnections
INFO: MockWebServer[58307] done accepting connections: Socket closed
Jul 24, 2015 11:14:35 PM com.squareup.okhttp.mockwebserver.MockWebServer$3 execute
INFO: MockWebServer[35730] starting to accept connections
Jul 24, 2015 11:14:35 PM com.squareup.okhttp.mockwebserver.MockWebServer$3 acceptConnections
INFO: MockWebServer[35730] done accepting connections: Socket closed
Jul 24, 2015 11:14:35 PM com.squareup.okhttp.mockwebserver.MockWebServer$4 processOneRequest
INFO: MockWebServer[35730] received request: GET / HTTP/1.1 and responded: HTTP/1.1 200 OK
Tests run: 2, Failures: 0, Errors: 0, Skipped: 0, Time elapsed: 0.441 sec
Running retrofit.ObservableRequestTest
Jul 24, 2015 11:14:35 PM com.squareup.okhttp.mockwebserver.MockWebServer$3 execute
INFO: MockWebServer[49151] starting to accept connections
Jul 24, 2015 11:14:35 PM com.squareup.okhttp.mockwebserver.MockWebServer$4 processOneRequest
INFO: MockWebServer[49151] received request: GET / HTTP/1.1 and responded: HTTP/1.1 200 OK
Jul 24, 2015 11:14:35 PM com.squareup.okhttp.mockwebserver.MockWebServer$3 acceptConnections
INFO: MockWebServer[49151] done accepting connections: Socket closed
Jul 24, 2015 11:14:35 PM com.squareup.okhttp.mockwebserver.MockWebServer$3 execute
INFO: MockWebServer[46836] starting to accept connections
Jul 24, 2015 11:14:35 PM com.squareup.okhttp.mockwebserver.MockWebServer$4 processOneRequest
INFO: MockWebServer[46836] received request: GET / HTTP/1.1 and responded: HTTP/1.1 200 OK
Jul 24, 2015 11:14:35 PM com.squareup.okhttp.mockwebserver.MockWebServer$3 acceptConnections
INFO: MockWebServer[46836] done accepting connections: Socket closed
Tests run: 2, Failures: 0, Errors: 0, Skipped: 0, Time elapsed: 0.124 sec
Running retrofit.CallableRequestBuilderTest
Tests run: 1, Failures: 0, Errors: 0, Skipped: 0, Time elapsed: 0.004 sec
Running retrofit.TypedRequestRawRequestBuilderTest
Jul 24, 2015 11:14:35 PM com.squareup.okhttp.mockwebserver.MockWebServer$3 execute
INFO: MockWebServer[35688] starting to accept connections
Jul 24, 2015 11:14:35 PM com.squareup.okhttp.mockwebserver.MockWebServer$3 acceptConnections
INFO: MockWebServer[35688] done accepting connections: Socket closed
Jul 24, 2015 11:14:35 PM com.squareup.okhttp.mockwebserver.MockWebServer$3 execute
INFO: MockWebServer[46966] starting to accept connections
Jul 24, 2015 11:14:36 PM com.squareup.okhttp.mockwebserver.MockWebServer$3 acceptConnections
INFO: MockWebServer[46966] done accepting connections: Socket closed
Jul 24, 2015 11:14:36 PM com.squareup.okhttp.mockwebserver.MockWebServer$3 execute
INFO: MockWebServer[60439] starting to accept connections
Jul 24, 2015 11:14:36 PM com.squareup.okhttp.mockwebserver.MockWebServer$3 acceptConnections
INFO: MockWebServer[60439] done accepting connections: Socket closed
Jul 24, 2015 11:14:36 PM com.squareup.okhttp.mockwebserver.MockWebServer$3 execute
INFO: MockWebServer[58205] starting to accept connections
Jul 24, 2015 11:14:36 PM com.squareup.okhttp.mockwebserver.MockWebServer$3 acceptConnections
INFO: MockWebServer[58205] done accepting connections: Socket is closed
Jul 24, 2015 11:14:36 PM com.squareup.okhttp.mockwebserver.MockWebServer$3 execute
INFO: MockWebServer[36264] starting to accept connections
Jul 24, 2015 11:14:36 PM com.squareup.okhttp.mockwebserver.MockWebServer$3 acceptConnections
INFO: MockWebServer[36264] done accepting connections: Socket is closed
Jul 24, 2015 11:14:36 PM com.squareup.okhttp.mockwebserver.MockWebServer$3 execute
INFO: MockWebServer[38152] starting to accept connections
Jul 24, 2015 11:14:36 PM com.squareup.okhttp.mockwebserver.MockWebServer$3 acceptConnections
INFO: MockWebServer[38152] done accepting connections: Socket closed
Jul 24, 2015 11:14:36 PM com.squareup.okhttp.mockwebserver.MockWebServer$3 execute
INFO: MockWebServer[51210] starting to accept connections
Jul 24, 2015 11:14:36 PM com.squareup.okhttp.mockwebserver.MockWebServer$3 acceptConnections
INFO: MockWebServer[51210] done accepting connections: Socket is closed
Jul 24, 2015 11:14:36 PM com.squareup.okhttp.mockwebserver.MockWebServer$3 execute
INFO: MockWebServer[55860] starting to accept connections
Jul 24, 2015 11:14:36 PM com.squareup.okhttp.mockwebserver.MockWebServer$3 acceptConnections
INFO: MockWebServer[55860] done accepting connections: Socket is closed
Jul 24, 2015 11:14:36 PM com.squareup.okhttp.mockwebserver.MockWebServer$3 execute
INFO: MockWebServer[57787] starting to accept connections
Jul 24, 2015 11:14:36 PM com.squareup.okhttp.mockwebserver.MockWebServer$3 acceptConnections
INFO: MockWebServer[57787] done accepting connections: Socket is closed
Jul 24, 2015 11:14:36 PM com.squareup.okhttp.mockwebserver.MockWebServer$3 execute
INFO: MockWebServer[46284] starting to accept connections
Jul 24, 2015 11:14:36 PM com.squareup.okhttp.mockwebserver.MockWebServer$3 acceptConnections
INFO: MockWebServer[46284] done accepting connections: Socket is closed
Jul 24, 2015 11:14:36 PM com.squareup.okhttp.mockwebserver.MockWebServer$3 execute
INFO: MockWebServer[36366] starting to accept connections
Jul 24, 2015 11:14:36 PM com.squareup.okhttp.mockwebserver.MockWebServer$3 acceptConnections
INFO: MockWebServer[36366] done accepting connections: Socket is closed
Jul 24, 2015 11:14:36 PM com.squareup.okhttp.mockwebserver.MockWebServer$3 execute
INFO: MockWebServer[50333] starting to accept connections
Jul 24, 2015 11:14:36 PM com.squareup.okhttp.mockwebserver.MockWebServer$3 acceptConnections
INFO: MockWebServer[50333] done accepting connections: Socket is closed
Jul 24, 2015 11:14:36 PM com.squareup.okhttp.mockwebserver.MockWebServer$3 execute
INFO: MockWebServer[33013] starting to accept connections
Jul 24, 2015 11:14:36 PM com.squareup.okhttp.mockwebserver.MockWebServer$3 acceptConnections
INFO: MockWebServer[33013] done accepting connections: Socket is closed
Jul 24, 2015 11:14:36 PM com.squareup.okhttp.mockwebserver.MockWebServer$3 execute
INFO: MockWebServer[41668] starting to accept connections
Jul 24, 2015 11:14:36 PM com.squareup.okhttp.mockwebserver.MockWebServer$3 acceptConnections
INFO: MockWebServer[41668] done accepting connections: Socket is closed
Jul 24, 2015 11:14:36 PM com.squareup.okhttp.mockwebserver.MockWebServer$3 execute
INFO: MockWebServer[35584] starting to accept connections
Jul 24, 2015 11:14:36 PM com.squareup.okhttp.mockwebserver.MockWebServer$3 acceptConnections
INFO: MockWebServer[35584] done accepting connections: Socket is closed
Jul 24, 2015 11:14:36 PM com.squareup.okhttp.mockwebserver.MockWebServer$3 execute
INFO: MockWebServer[35247] starting to accept connections
Jul 24, 2015 11:14:36 PM com.squareup.okhttp.mockwebserver.MockWebServer$3 acceptConnections
INFO: MockWebServer[35247] done accepting connections: Socket is closed
Jul 24, 2015 11:14:36 PM com.squareup.okhttp.mockwebserver.MockWebServer$3 execute
INFO: MockWebServer[42159] starting to accept connections
Jul 24, 2015 11:14:36 PM com.squareup.okhttp.mockwebserver.MockWebServer$3 acceptConnections
INFO: MockWebServer[42159] done accepting connections: Socket is closed
Jul 24, 2015 11:14:36 PM com.squareup.okhttp.mockwebserver.MockWebServer$3 execute
INFO: MockWebServer[54433] starting to accept connections
Jul 24, 2015 11:14:36 PM com.squareup.okhttp.mockwebserver.MockWebServer$3 acceptConnections
INFO: MockWebServer[54433] done accepting connections: Socket is closed
Jul 24, 2015 11:14:36 PM com.squareup.okhttp.mockwebserver.MockWebServer$3 execute
INFO: MockWebServer[49727] starting to accept connections
Jul 24, 2015 11:14:36 PM com.squareup.okhttp.mockwebserver.MockWebServer$3 acceptConnections
INFO: MockWebServer[49727] done accepting connections: Socket is closed
Jul 24, 2015 11:14:36 PM com.squareup.okhttp.mockwebserver.MockWebServer$3 execute
INFO: MockWebServer[35381] starting to accept connections
Jul 24, 2015 11:14:36 PM com.squareup.okhttp.mockwebserver.MockWebServer$3 acceptConnections
INFO: MockWebServer[35381] done accepting connections: Socket is closed
Jul 24, 2015 11:14:36 PM com.squareup.okhttp.mockwebserver.MockWebServer$3 execute
INFO: MockWebServer[54799] starting to accept connections
Jul 24, 2015 11:14:36 PM com.squareup.okhttp.mockwebserver.MockWebServer$3 acceptConnections
INFO: MockWebServer[54799] done accepting connections: Socket is closed
Jul 24, 2015 11:14:36 PM com.squareup.okhttp.mockwebserver.MockWebServer$3 execute
INFO: MockWebServer[48259] starting to accept connections
Jul 24, 2015 11:14:36 PM com.squareup.okhttp.mockwebserver.MockWebServer$3 acceptConnections
INFO: MockWebServer[48259] done accepting connections: Socket is closed
Jul 24, 2015 11:14:36 PM com.squareup.okhttp.mockwebserver.MockWebServer$3 execute
INFO: MockWebServer[46416] starting to accept connections
Jul 24, 2015 11:14:36 PM com.squareup.okhttp.mockwebserver.MockWebServer$3 acceptConnections
INFO: MockWebServer[46416] done accepting connections: Socket is closed
Jul 24, 2015 11:14:36 PM com.squareup.okhttp.mockwebserver.MockWebServer$3 execute
INFO: MockWebServer[38449] starting to accept connections
Jul 24, 2015 11:14:36 PM com.squareup.okhttp.mockwebserver.MockWebServer$3 acceptConnections
INFO: MockWebServer[38449] done accepting connections: Socket is closed
Jul 24, 2015 11:14:36 PM com.squareup.okhttp.mockwebserver.MockWebServer$3 execute
INFO: MockWebServer[43846] starting to accept connections
Jul 24, 2015 11:14:36 PM com.squareup.okhttp.mockwebserver.MockWebServer$3 acceptConnections
INFO: MockWebServer[43846] done accepting connections: Socket is closed
Jul 24, 2015 11:14:36 PM com.squareup.okhttp.mockwebserver.MockWebServer$3 execute
INFO: MockWebServer[52945] starting to accept connections
Jul 24, 2015 11:14:36 PM com.squareup.okhttp.mockwebserver.MockWebServer$3 acceptConnections
INFO: MockWebServer[52945] done accepting connections: Socket is closed
Jul 24, 2015 11:14:36 PM com.squareup.okhttp.mockwebserver.MockWebServer$3 execute
INFO: MockWebServer[49562] starting to accept connections
Jul 24, 2015 11:14:36 PM com.squareup.okhttp.mockwebserver.MockWebServer$3 acceptConnections
INFO: MockWebServer[49562] done accepting connections: Socket is closed
Jul 24, 2015 11:14:36 PM com.squareup.okhttp.mockwebserver.MockWebServer$3 execute
INFO: MockWebServer[44033] starting to accept connections
Jul 24, 2015 11:14:36 PM com.squareup.okhttp.mockwebserver.MockWebServer$3 acceptConnections
INFO: MockWebServer[44033] done accepting connections: Socket is closed
Jul 24, 2015 11:14:36 PM com.squareup.okhttp.mockwebserver.MockWebServer$3 execute
INFO: MockWebServer[40427] starting to accept connections
Jul 24, 2015 11:14:36 PM com.squareup.okhttp.mockwebserver.MockWebServer$3 acceptConnections
INFO: MockWebServer[40427] done accepting connections: Socket is closed
Jul 24, 2015 11:14:36 PM com.squareup.okhttp.mockwebserver.MockWebServer$3 execute
INFO: MockWebServer[47578] starting to accept connections
Jul 24, 2015 11:14:36 PM com.squareup.okhttp.mockwebserver.MockWebServer$3 acceptConnections
INFO: MockWebServer[47578] done accepting connections: Socket is closed
Jul 24, 2015 11:14:36 PM com.squareup.okhttp.mockwebserver.MockWebServer$3 execute
INFO: MockWebServer[56791] starting to accept connections
Jul 24, 2015 11:14:36 PM com.squareup.okhttp.mockwebserver.MockWebServer$3 acceptConnections
INFO: MockWebServer[56791] done accepting connections: Socket is closed
Jul 24, 2015 11:14:36 PM com.squareup.okhttp.mockwebserver.MockWebServer$3 execute
INFO: MockWebServer[41221] starting to accept connections
Jul 24, 2015 11:14:36 PM com.squareup.okhttp.mockwebserver.MockWebServer$3 acceptConnections
INFO: MockWebServer[41221] done accepting connections: Socket closed
Tests run: 32, Failures: 0, Errors: 0, Skipped: 0, Time elapsed: 0.2 sec
Running retrofit.ObservableRequestBuilderTest
Tests run: 1, Failures: 0, Errors: 0, Skipped: 0, Time elapsed: 0.007 sec

Results :

Tests run: 38, Failures: 0, Errors: 0, Skipped: 0

[INFO]                                                                         
[INFO] ------------------------------------------------------------------------
[INFO] Building Samples 2.0.0-SNAPSHOT
[INFO] ------------------------------------------------------------------------
[INFO] 
[INFO] --- maven-enforcer-plugin:1.0:enforce (enforce-maven) @ samples ---
[INFO] 
[INFO] --- maven-resources-plugin:2.6:resources (default-resources) @ samples ---
[INFO] Using 'UTF-8' encoding to copy filtered resources.
[INFO] skip non existing resourceDirectory /home/travis/build/square/retrofit/samples/src/main/resources
[INFO] 
[INFO] --- maven-compiler-plugin:3.0:compile (default-compile) @ samples ---
[INFO] Changes detected - recompiling the module!
[INFO] Compiling 3 source files to /home/travis/build/square/retrofit/samples/target/classes
[INFO] 
[INFO] --- maven-resources-plugin:2.6:testResources (default-testResources) @ samples ---
[INFO] Using 'UTF-8' encoding to copy filtered resources.
[INFO] skip non existing resourceDirectory /home/travis/build/square/retrofit/samples/src/test/resources
[INFO] 
[INFO] --- maven-compiler-plugin:3.0:testCompile (default-testCompile) @ samples ---
[INFO] No sources to compile
[INFO] 
[INFO] --- maven-surefire-plugin:2.12.4:test (default-test) @ samples ---
[INFO] No tests to run.
[INFO] ------------------------------------------------------------------------
[INFO] Reactor Summary:
[INFO] 
[INFO] Retrofit (Parent) .................................. SUCCESS [  0.314 s]
[INFO] Retrofit ........................................... SUCCESS [  6.753 s]
[INFO] Adapters ........................................... SUCCESS [  0.002 s]
[INFO] Adapter: RxJava .................................... SUCCESS [  1.194 s]
[INFO] Retrofit Mock Adapter .............................. SUCCESS [  1.472 s]
[INFO] Adapter: RxJava Mock ............................... SUCCESS [  0.836 s]
[INFO] Converters ......................................... SUCCESS [  0.002 s]
[INFO] Converter: Gson .................................... SUCCESS [  0.853 s]
[INFO] Converter: Protocol Buffers ........................ SUCCESS [  1.086 s]
[INFO] Converter: Jackson ................................. SUCCESS [  1.102 s]
[INFO] Converter: Wire Protocol Buffers ................... SUCCESS [  0.725 s]
[INFO] Converter: SimpleXML ............................... SUCCESS [  0.950 s]
[INFO] Converter: Moshi ................................... SUCCESS [  1.202 s]
[INFO] Typed Request ...................................... SUCCESS [  1.361 s]
[INFO] Samples ............................................ SUCCESS [  0.053 s]
[INFO] ------------------------------------------------------------------------
[INFO] BUILD SUCCESS
[INFO] ------------------------------------------------------------------------
[INFO] Total time: 18.247 s
[INFO] Finished at: 2015-07-24T23:14:36+00:00
[INFO] Final Memory: 30M/465M
[INFO] ------------------------------------------------------------------------
travis_time:end:05925ef4:start=1437779656691091086,finish=1437779676708826177,duration=20017735091[0K
[32;1mThe command "mvn test -B" exited with 0.[0m
travis_fold:start:cache.2[0Kstore build cache
travis_time:start:11608117[0Kchange detected:
/home/travis/.m2/repository/com/squareup/okhttp/mockwebserver/2.5.0-SNAPSHOT/resolver-status.properties
/home/travis/.m2/repository/com/squareup/okhttp/mockwebserver/2.5.0-SNAPSHOT/resolver-status.properties
/home/travis/.m2/repository/com/squareup/okhttp/okhttp/2.5.0-SNAPSHOT/resolver-status.properties
/home/travis/.m2/repository/com/squareup/okhttp/okhttp/2.5.0-SNAPSHOT/resolver-status.properties
/home/travis/.m2/repository/com/squareup/okhttp/okhttp-ws/2.5.0-SNAPSHOT/resolver-status.properties
/home/travis/.m2/repository/com/squareup/okhttp/okhttp-ws/2.5.0-SNAPSHOT/resolver-status.properties
/home/travis/.m2/repository/com/squareup/okhttp/parent/2.5.0-SNAPSHOT/resolver-status.properties
/home/travis/.m2/repository/com/squareup/okhttp/parent/2.5.0-SNAPSHOT/resolver-status.properties
/home/travis/.m2/repository/com/squareup/retrofit/adapter-rxjava/2.0.0-SNAPSHOT/adapter-rxjava-2.0.0-SNAPSHOT.jar
/home/travis/.m2/repository/com/squareup/retrofit/adapter-rxjava/2.0.0-SNAPSHOT/adapter-rxj
...
changes detected, packing new archive
uploading archive
travis_time:end:11608117:start=1437779676712913885,finish=1437779680474544320,duration=3761630435[0Ktravis_fold:end:cache.2[0Ktravis_fold:start:after_success[0Ktravis_time:start:287a850f[0K$ .buildscript/deploy_snapshot.sh
Skipping snapshot deployment: wrong JDK. Expected 'oraclejdk8' but was 'oraclejdk7'.
travis_time:end:287a850f:start=1437779680478436210,finish=1437779680482810754,duration=4374544[0Ktravis_fold:end:after_success[0K
Done. Your build exited with 0.
