Using worker: worker-linux-docker-a884ea41.prod.travis-ci.org:travis-linux-2

travis_fold:start:system_info[0K[33;1mBuild system information[0m
Build language: java
[34m[1mBuild image provisioning date and time[0m
Thu Feb  5 15:09:33 UTC 2015
[34m[1mOperating System Details[0m
Distributor ID:	Ubuntu
Description:	Ubuntu 12.04.5 LTS
Release:	12.04
Codename:	precise
[34m[1mLinux Version[0m
3.13.0-29-generic
[34m[1mCookbooks Version[0m
a68419e https://github.com/travis-ci/travis-cookbooks/tree/a68419e
[34m[1mGCC version[0m
gcc (Ubuntu/Linaro 4.6.3-1ubuntu5) 4.6.3
Copyright (C) 2011 Free Software Foundation, Inc.
This is free software; see the source for copying conditions.  There is NO
warranty; not even for MERCHANTABILITY or FITNESS FOR A PARTICULAR PURPOSE.

[34m[1mLLVM version[0m
clang version 3.4 (tags/RELEASE_34/final)
Target: x86_64-unknown-linux-gnu
Thread model: posix
[34m[1mPre-installed Ruby versions[0m
ruby-1.9.3-p551
[34m[1mPre-installed Node.js versions[0m
v0.10.36
[34m[1mPre-installed Go versions[0m
1.4.1
[34m[1mRedis version[0m
redis-server 2.8.19
[34m[1mriak version[0m
2.0.2
[34m[1mMongoDB version[0m
MongoDB 2.4.12
[34m[1mCouchDB version[0m
couchdb 1.6.1
[34m[1mNeo4j version[0m
1.9.4
[34m[1mRabbitMQ Version[0m
3.4.3
[34m[1mElasticSearch version[0m
1.4.0
[34m[1mInstalled Sphinx versions[0m
2.0.10
2.1.9
2.2.6
[34m[1mDefault Sphinx version[0m
2.2.6
[34m[1mInstalled Firefox version[0m
firefox 31.0esr
[34m[1mPhantomJS version[0m
1.9.8
[34m[1mant -version[0m
Apache Ant(TM) version 1.8.2 compiled on December 3 2011
[34m[1mmvn -version[0m
Apache Maven 3.2.5 (12a6b3acb947671f09b81f49094c53f426d8cea1; 2014-12-14T17:29:23+00:00)
Maven home: /usr/local/maven
Java version: 1.7.0_76, vendor: Oracle Corporation
Java home: /usr/lib/jvm/java-7-oracle/jre
Default locale: en_US, platform encoding: ANSI_X3.4-1968
OS name: "linux", version: "3.13.0-29-generic", arch: "amd64", family: "unix"
travis_fold:end:system_info[0K
travis_fold:start:git.checkout[0Ktravis_time:start:0298b410[0K$ git clone --depth=50 --branch=jw/okhttp-two-five-final git://github.com/square/retrofit.git square/retrofit
Cloning into 'square/retrofit'...
remote: Counting objects: 1566, done.[K
remote: Compressing objects:   0% (1/705)   [Kremote: Compressing objects:   1% (8/705)   [Kremote: Compressing objects:   2% (15/705)   [Kremote: Compressing objects:   3% (22/705)   [Kremote: Compressing objects:   4% (29/705)   [Kremote: Compressing objects:   5% (36/705)   [Kremote: Compressing objects:   6% (43/705)   [Kremote: Compressing objects:   7% (50/705)   [Kremote: Compressing objects:   8% (57/705)   [Kremote: Compressing objects:   9% (64/705)   [Kremote: Compressing objects:  10% (71/705)   [Kremote: Compressing objects:  11% (78/705)   [Kremote: Compressing objects:  12% (85/705)   [Kremote: Compressing objects:  13% (92/705)   [Kremote: Compressing objects:  14% (99/705)   [Kremote: Compressing objects:  15% (106/705)   [Kremote: Compressing objects:  16% (113/705)   [Kremote: Compressing objects:  17% (120/705)   [Kremote: Compressing objects:  18% (127/705)   [Kremote: Compressing objects:  19% (134/705)   [Kremote: Compressing objects:  20% (141/705)   [Kremote: Compressing objects:  21% (149/705)   [Kremote: Compressing objects:  22% (156/705)   [Kremote: Compressing objects:  23% (163/705)   [Kremote: Compressing objects:  24% (170/705)   [Kremote: Compressing objects:  25% (177/705)   [Kremote: Compressing objects:  26% (184/705)   [Kremote: Compressing objects:  27% (191/705)   [Kremote: Compressing objects:  28% (198/705)   [Kremote: Compressing objects:  29% (205/705)   [Kremote: Compressing objects:  30% (212/705)   [Kremote: Compressing objects:  31% (219/705)   [Kremote: Compressing objects:  32% (226/705)   [Kremote: Compressing objects:  33% (233/705)   [Kremote: Compressing objects:  34% (240/705)   [Kremote: Compressing objects:  35% (247/705)   [Kremote: Compressing objects:  36% (254/705)   [Kremote: Compressing objects:  37% (261/705)   [Kremote: Compressing objects:  38% (268/705)   [Kremote: Compressing objects:  39% (275/705)   [Kremote: Compressing objects:  40% (282/705)   [Kremote: Compressing objects:  41% (290/705)   [Kremote: Compressing objects:  42% (297/705)   [Kremote: Compressing objects:  43% (304/705)   [Kremote: Compressing objects:  44% (311/705)   [Kremote: Compressing objects:  45% (318/705)   [Kremote: Compressing objects:  46% (325/705)   [Kremote: Compressing objects:  47% (332/705)   [Kremote: Compressing objects:  48% (339/705)   [Kremote: Compressing objects:  49% (346/705)   [Kremote: Compressing objects:  50% (353/705)   [Kremote: Compressing objects:  51% (360/705)   [Kremote: Compressing objects:  52% (367/705)   [Kremote: Compressing objects:  53% (374/705)   [Kremote: Compressing objects:  54% (381/705)   [Kremote: Compressing objects:  55% (388/705)   [Kremote: Compressing objects:  56% (395/705)   [Kremote: Compressing objects:  57% (402/705)   [Kremote: Compressing objects:  58% (409/705)   [Kremote: Compressing objects:  59% (416/705)   [Kremote: Compressing objects:  60% (423/705)   [Kremote: Compressing objects:  61% (431/705)   [Kremote: Compressing objects:  62% (438/705)   [Kremote: Compressing objects:  63% (445/705)   [Kremote: Compressing objects:  64% (452/705)   [Kremote: Compressing objects:  65% (459/705)   [Kremote: Compressing objects:  66% (466/705)   [Kremote: Compressing objects:  67% (473/705)   [Kremote: Compressing objects:  68% (480/705)   [Kremote: Compressing objects:  69% (487/705)   [Kremote: Compressing objects:  70% (494/705)   [Kremote: Compressing objects:  71% (501/705)   [Kremote: Compressing objects:  72% (508/705)   [Kremote: Compressing objects:  73% (515/705)   [Kremote: Compressing objects:  74% (522/705)   [Kremote: Compressing objects:  75% (529/705)   [Kremote: Compressing objects:  76% (536/705)   [Kremote: Compressing objects:  77% (543/705)   [Kremote: Compressing objects:  78% (550/705)   [Kremote: Compressing objects:  79% (557/705)   [Kremote: Compressing objects:  80% (564/705)   [Kremote: Compressing objects:  81% (572/705)   [Kremote: Compressing objects:  82% (579/705)   [Kremote: Compressing objects:  83% (586/705)   [Kremote: Compressing objects:  84% (593/705)   [Kremote: Compressing objects:  85% (600/705)   [Kremote: Compressing objects:  86% (607/705)   [Kremote: Compressing objects:  87% (614/705)   [Kremote: Compressing objects:  88% (621/705)   [Kremote: Compressing objects:  89% (628/705)   [Kremote: Compressing objects:  90% (635/705)   [Kremote: Compressing objects:  91% (642/705)   [Kremote: Compressing objects:  92% (649/705)   [Kremote: Compressing objects:  93% (656/705)   [Kremote: Compressing objects:  94% (663/705)   [Kremote: Compressing objects:  95% (670/705)   [Kremote: Compressing objects:  96% (677/705)   [Kremote: Compressing objects:  97% (684/705)   [Kremote: Compressing objects:  98% (691/705)   [Kremote: Compressing objects:  99% (698/705)   [Kremote: Compressing objects: 100% (705/705)   [Kremote: Compressing objects: 100% (705/705), done.[K
Receiving objects:   0% (1/1566)   Receiving objects:   1% (16/1566)   Receiving objects:   2% (32/1566)   Receiving objects:   3% (47/1566)   Receiving objects:   4% (63/1566)   Receiving objects:   5% (79/1566)   Receiving objects:   6% (94/1566)   Receiving objects:   7% (110/1566)   Receiving objects:   8% (126/1566)   Receiving objects:   9% (141/1566)   Receiving objects:  10% (157/1566)   Receiving objects:  11% (173/1566)   Receiving objects:  12% (188/1566)   Receiving objects:  13% (204/1566)   Receiving objects:  14% (220/1566)   Receiving objects:  15% (235/1566)   Receiving objects:  16% (251/1566)   Receiving objects:  17% (267/1566)   Receiving objects:  18% (282/1566)   Receiving objects:  19% (298/1566)   Receiving objects:  20% (314/1566)   Receiving objects:  21% (329/1566)   Receiving objects:  22% (345/1566)   Receiving objects:  23% (361/1566)   Receiving objects:  24% (376/1566)   Receiving objects:  25% (392/1566)   Receiving objects:  26% (408/1566)   Receiving objects:  27% (423/1566)   Receiving objects:  28% (439/1566)   Receiving objects:  29% (455/1566)   Receiving objects:  30% (470/1566)   Receiving objects:  31% (486/1566)   Receiving objects:  32% (502/1566)   Receiving objects:  33% (517/1566)   Receiving objects:  34% (533/1566)   Receiving objects:  35% (549/1566)   Receiving objects:  36% (564/1566)   Receiving objects:  37% (580/1566)   Receiving objects:  38% (596/1566)   Receiving objects:  39% (611/1566)   Receiving objects:  40% (627/1566)   Receiving objects:  41% (643/1566)   Receiving objects:  42% (658/1566)   Receiving objects:  43% (674/1566)   Receiving objects:  44% (690/1566)   Receiving objects:  45% (705/1566)   Receiving objects:  46% (721/1566)   Receiving objects:  47% (737/1566)   Receiving objects:  48% (752/1566)   Receiving objects:  49% (768/1566)   Receiving objects:  50% (783/1566)   Receiving objects:  51% (799/1566)   Receiving objects:  52% (815/1566)   Receiving objects:  53% (830/1566)   Receiving objects:  54% (846/1566)   Receiving objects:  55% (862/1566)   Receiving objects:  56% (877/1566)   Receiving objects:  57% (893/1566)   Receiving objects:  58% (909/1566)   Receiving objects:  59% (924/1566)   Receiving objects:  60% (940/1566)   Receiving objects:  61% (956/1566)   Receiving objects:  62% (971/1566)   Receiving objects:  63% (987/1566)   Receiving objects:  64% (1003/1566)   Receiving objects:  65% (1018/1566)   Receiving objects:  66% (1034/1566)   Receiving objects:  67% (1050/1566)   Receiving objects:  68% (1065/1566)   Receiving objects:  69% (1081/1566)   remote: Total 1566 (delta 547), reused 1411 (delta 431), pack-reused 0[K
Receiving objects:  70% (1097/1566)   Receiving objects:  71% (1112/1566)   Receiving objects:  72% (1128/1566)   Receiving objects:  73% (1144/1566)   Receiving objects:  74% (1159/1566)   Receiving objects:  75% (1175/1566)   Receiving objects:  76% (1191/1566)   Receiving objects:  77% (1206/1566)   Receiving objects:  78% (1222/1566)   Receiving objects:  79% (1238/1566)   Receiving objects:  80% (1253/1566)   Receiving objects:  81% (1269/1566)   Receiving objects:  82% (1285/1566)   Receiving objects:  83% (1300/1566)   Receiving objects:  84% (1316/1566)   Receiving objects:  85% (1332/1566)   Receiving objects:  86% (1347/1566)   Receiving objects:  87% (1363/1566)   Receiving objects:  88% (1379/1566)   Receiving objects:  89% (1394/1566)   Receiving objects:  90% (1410/1566)   Receiving objects:  91% (1426/1566)   Receiving objects:  92% (1441/1566)   Receiving objects:  93% (1457/1566)   Receiving objects:  94% (1473/1566)   Receiving objects:  95% (1488/1566)   Receiving objects:  96% (1504/1566)   Receiving objects:  97% (1520/1566)   Receiving objects:  98% (1535/1566)   Receiving objects:  99% (1551/1566)   Receiving objects: 100% (1566/1566)   Receiving objects: 100% (1566/1566), 354.95 KiB | 0 bytes/s, done.
Resolving deltas:   0% (0/547)   Resolving deltas:   2% (14/547)   Resolving deltas:   3% (20/547)   Resolving deltas:   4% (27/547)   Resolving deltas:   5% (32/547)   Resolving deltas:   8% (45/547)   Resolving deltas:  14% (80/547)   Resolving deltas:  16% (89/547)   Resolving deltas:  17% (93/547)   Resolving deltas:  18% (103/547)   Resolving deltas:  19% (106/547)   Resolving deltas:  21% (116/547)   Resolving deltas:  23% (126/547)   Resolving deltas:  27% (148/547)   Resolving deltas:  32% (178/547)   Resolving deltas:  33% (185/547)   Resolving deltas:  34% (187/547)   Resolving deltas:  35% (192/547)   Resolving deltas:  36% (197/547)   Resolving deltas:  37% (203/547)   Resolving deltas:  39% (214/547)   Resolving deltas:  40% (219/547)   Resolving deltas:  41% (225/547)   Resolving deltas:  43% (236/547)   Resolving deltas:  44% (241/547)   Resolving deltas:  46% (256/547)   Resolving deltas:  48% (266/547)   Resolving deltas:  49% (269/547)   Resolving deltas:  50% (275/547)   Resolving deltas:  51% (281/547)   Resolving deltas:  53% (292/547)   Resolving deltas:  56% (307/547)   Resolving deltas:  59% (324/547)   Resolving deltas:  61% (335/547)   Resolving deltas:  62% (340/547)   Resolving deltas:  64% (352/547)   Resolving deltas:  65% (357/547)   Resolving deltas:  66% (363/547)   Resolving deltas:  68% (373/547)   Resolving deltas:  69% (378/547)   Resolving deltas:  70% (385/547)   Resolving deltas:  73% (403/547)   Resolving deltas:  74% (405/547)   Resolving deltas:  76% (421/547)   Resolving deltas:  77% (426/547)   Resolving deltas:  78% (431/547)   Resolving deltas:  79% (435/547)   Resolving deltas:  80% (438/547)   Resolving deltas:  81% (444/547)   Resolving deltas:  82% (453/547)   Resolving deltas:  83% (457/547)   Resolving deltas:  84% (460/547)   Resolving deltas:  85% (465/547)   Resolving deltas:  86% (474/547)   Resolving deltas:  87% (476/547)   Resolving deltas:  88% (484/547)   Resolving deltas:  89% (487/547)   Resolving deltas:  90% (494/547)   Resolving deltas:  91% (500/547)   Resolving deltas:  92% (505/547)   Resolving deltas:  93% (509/547)   Resolving deltas:  95% (521/547)   Resolving deltas:  96% (527/547)   Resolving deltas:  97% (532/547)   Resolving deltas:  98% (540/547)   Resolving deltas:  99% (545/547)   Resolving deltas: 100% (547/547)   Resolving deltas: 100% (547/547), done.
Checking connectivity... done.
travis_time:end:0298b410:start=1440557142760184536,finish=1440557142953251873,duration=193067337[0K$ cd square/retrofit
$ git checkout -qf 8f216e6416a1674f37fc1da970da70df0222efaf
travis_fold:end:git.checkout[0K
[33;1mThis job is running on container-based infrastructure, which does not allow use of 'sudo', setuid and setguid executables.[0m
[33;1mIf you require sudo, add 'sudo: required' to your .travis.yml[0m
[33;1mSee http://docs.travis-ci.com/user/workers/container-based-infrastructure/ for details.[0m

[33;1mSetting environment variables from .travis.yml[0m
$ export CI_DEPLOY_USERNAME=[secure]
$ export CI_DEPLOY_PASSWORD=[secure]

travis_fold:start:cache.1[0KSetting up build cache
$ export CASHER_DIR=$HOME/.casher
travis_time:start:1e849b97[0K$ Installing caching utilities
travis_time:end:1e849b97:start=1440557144584373565,finish=1440557144633821418,duration=49447853[0Ktravis_time:start:03b84eb9[0Kattempting to download cache archive
fetching jwokhttp-two-five-final/cache--jdk-oraclejdk8.tgz
fetching jwokhttp-two-five-final/cache--jdk-oraclejdk8.tbz
fetching master/cache--jdk-oraclejdk8.tgz
found cache
travis_time:end:03b84eb9:start=1440557144638384590,finish=1440557145861778907,duration=1223394317[0Ktravis_time:start:0b0e3824[0Kadding /home/travis/.m2 to cache
travis_time:end:0b0e3824:start=1440557145865460072,finish=1440557147276859608,duration=1411399536[0Ktravis_fold:end:cache.1[0K$ jdk_switcher use oraclejdk8
Switching to Oracle JDK8 (java-8-oracle), JAVA_HOME will be set to /usr/lib/jvm/java-8-oracle
$ java -Xmx32m -version
java version "1.8.0_31"
Java(TM) SE Runtime Environment (build 1.8.0_31-b13)
Java HotSpot(TM) 64-Bit Server VM (build 25.31-b07, mixed mode)
$ javac -J-Xmx32m -version
javac 1.8.0_31
travis_fold:start:install[0Ktravis_time:start:2301c4e4[0K$ mvn install -DskipTests=true -Dmaven.javadoc.skip=true -B -V
Java HotSpot(TM) 64-Bit Server VM warning: ignoring option MaxPermSize=192m; support was removed in 8.0
Apache Maven 3.2.5 (12a6b3acb947671f09b81f49094c53f426d8cea1; 2014-12-14T17:29:23+00:00)
Maven home: /usr/local/maven
Java version: 1.8.0_31, vendor: Oracle Corporation
Java home: /usr/lib/jvm/java-8-oracle/jre
Default locale: en_US, platform encoding: UTF-8
OS name: "linux", version: "3.13.0-40-generic", arch: "amd64", family: "unix"
[INFO] Scanning for projects...
[WARNING] 
[WARNING] Some problems were encountered while building the effective model for com.squareup.retrofit:samples:jar:2.0.0-SNAPSHOT
[WARNING] 'build.plugins.plugin.version' for org.apache.maven.plugins:maven-deploy-plugin is missing. @ com.squareup.retrofit:samples:[unknown-version], /home/travis/build/square/retrofit/samples/pom.xml, line 36, column 15
[WARNING] 
[WARNING] It is highly recommended to fix these problems because they threaten the stability of your build.
[WARNING] 
[WARNING] For this reason, future Maven versions might no longer support building such malformed projects.
[WARNING] 
[INFO] ------------------------------------------------------------------------
[INFO] Reactor Build Order:
[INFO] 
[INFO] Retrofit (Parent)
[INFO] Retrofit
[INFO] Adapters
[INFO] Adapter: RxJava
[INFO] Retrofit Mock Adapter
[INFO] Adapter: RxJava Mock
[INFO] Converters
[INFO] Converter: Gson
[INFO] Converter: Protocol Buffers
[INFO] Converter: Jackson
[INFO] Converter: Wire Protocol Buffers
[INFO] Converter: SimpleXML
[INFO] Converter: Moshi
[INFO] Samples
[INFO]                                                                         
[INFO] ------------------------------------------------------------------------
[INFO] Building Retrofit (Parent) 2.0.0-SNAPSHOT
[INFO] ------------------------------------------------------------------------
[INFO] 
[INFO] --- maven-enforcer-plugin:1.0:enforce (enforce-maven) @ parent ---
[INFO] 
[INFO] --- animal-sniffer-maven-plugin:1.14:check (default) @ parent ---
[INFO] Checking unresolved references to org.codehaus.mojo.signature:java16:1.1
[INFO] 
[INFO] --- maven-checkstyle-plugin:2.15:checkstyle (default) @ parent ---
[INFO] 
[INFO] --- maven-install-plugin:2.4:install (default-install) @ parent ---
[INFO] Installing /home/travis/build/square/retrofit/pom.xml to /home/travis/.m2/repository/com/squareup/retrofit/parent/2.0.0-SNAPSHOT/parent-2.0.0-SNAPSHOT.pom
[INFO]                                                                         
[INFO] ------------------------------------------------------------------------
[INFO] Building Retrofit 2.0.0-SNAPSHOT
[INFO] ------------------------------------------------------------------------
[INFO] Downloading: http://repo.maven.apache.org/maven2/com/squareup/okhttp/okhttp/2.5.0/okhttp-2.5.0.pom
[INFO] Downloaded: http://repo.maven.apache.org/maven2/com/squareup/okhttp/okhttp/2.5.0/okhttp-2.5.0.pom (2 KB at 2.0 KB/sec)
[INFO] Downloading: http://repo.maven.apache.org/maven2/com/squareup/okhttp/parent/2.5.0/parent-2.5.0.pom
[INFO] Downloaded: http://repo.maven.apache.org/maven2/com/squareup/okhttp/parent/2.5.0/parent-2.5.0.pom (9 KB at 151.8 KB/sec)
[INFO] Downloading: http://repo.maven.apache.org/maven2/com/squareup/okio/okio/1.6.0/okio-1.6.0.pom
[INFO] Downloaded: http://repo.maven.apache.org/maven2/com/squareup/okio/okio/1.6.0/okio-1.6.0.pom (2 KB at 23.3 KB/sec)
[INFO] Downloading: http://repo.maven.apache.org/maven2/com/squareup/okio/okio-parent/1.6.0/okio-parent-1.6.0.pom
[INFO] Downloaded: http://repo.maven.apache.org/maven2/com/squareup/okio/okio-parent/1.6.0/okio-parent-1.6.0.pom (4 KB at 63.6 KB/sec)
[INFO] Downloading: http://repo.maven.apache.org/maven2/com/squareup/okhttp/mockwebserver/2.5.0/mockwebserver-2.5.0.pom
[INFO] Downloaded: http://repo.maven.apache.org/maven2/com/squareup/okhttp/mockwebserver/2.5.0/mockwebserver-2.5.0.pom (3 KB at 21.1 KB/sec)
[INFO] Downloading: http://repo.maven.apache.org/maven2/com/squareup/okhttp/okhttp-ws/2.5.0/okhttp-ws-2.5.0.pom
[INFO] Downloaded: http://repo.maven.apache.org/maven2/com/squareup/okhttp/okhttp-ws/2.5.0/okhttp-ws-2.5.0.pom (2 KB at 13.6 KB/sec)
[INFO] Downloading: http://repo.maven.apache.org/maven2/com/squareup/okhttp/okhttp/2.5.0/okhttp-2.5.0.jar
[INFO] Downloading: http://repo.maven.apache.org/maven2/com/squareup/okio/okio/1.6.0/okio-1.6.0.jar
[INFO] Downloading: http://repo.maven.apache.org/maven2/com/squareup/okhttp/mockwebserver/2.5.0/mockwebserver-2.5.0.jar
[INFO] Downloading: http://repo.maven.apache.org/maven2/com/squareup/okhttp/okhttp-ws/2.5.0/okhttp-ws-2.5.0.jar
[INFO] Downloaded: http://repo.maven.apache.org/maven2/com/squareup/okio/okio/1.6.0/okio-1.6.0.jar (65 KB at 469.9 KB/sec)
[INFO] Downloaded: http://repo.maven.apache.org/maven2/com/squareup/okhttp/okhttp-ws/2.5.0/okhttp-ws-2.5.0.jar (27 KB at 198.9 KB/sec)
[INFO] Downloaded: http://repo.maven.apache.org/maven2/com/squareup/okhttp/mockwebserver/2.5.0/mockwebserver-2.5.0.jar (43 KB at 263.1 KB/sec)
[INFO] Downloaded: http://repo.maven.apache.org/maven2/com/squareup/okhttp/okhttp/2.5.0/okhttp-2.5.0.jar (311 KB at 1034.8 KB/sec)
[INFO] 
[INFO] --- maven-enforcer-plugin:1.0:enforce (enforce-maven) @ retrofit ---
[INFO] 
[INFO] --- maven-resources-plugin:2.6:resources (default-resources) @ retrofit ---
[INFO] Using 'UTF-8' encoding to copy filtered resources.
[INFO] skip non existing resourceDirectory /home/travis/build/square/retrofit/retrofit/src/main/resources
[INFO] 
[INFO] --- maven-compiler-plugin:3.0:compile (default-compile) @ retrofit ---
[INFO] Changes detected - recompiling the module!
[INFO] Compiling 45 source files to /home/travis/build/square/retrofit/retrofit/target/classes
[WARNING] /home/travis/build/square/retrofit/retrofit/src/main/java/retrofit/RequestBuilderAction.java: /home/travis/build/square/retrofit/retrofit/src/main/java/retrofit/RequestBuilderAction.java uses unchecked or unsafe operations.
[WARNING] /home/travis/build/square/retrofit/retrofit/src/main/java/retrofit/RequestBuilderAction.java: Recompile with -Xlint:unchecked for details.
[INFO] 
[INFO] --- maven-resources-plugin:2.6:testResources (default-testResources) @ retrofit ---
[INFO] Using 'UTF-8' encoding to copy filtered resources.
[INFO] skip non existing resourceDirectory /home/travis/build/square/retrofit/retrofit/src/test/resources
[INFO] 
[INFO] --- maven-compiler-plugin:3.0:testCompile (default-testCompile) @ retrofit ---
[INFO] Changes detected - recompiling the module!
[INFO] Compiling 7 source files to /home/travis/build/square/retrofit/retrofit/target/test-classes
[INFO] 
[INFO] --- maven-surefire-plugin:2.12.4:test (default-test) @ retrofit ---
[INFO] Tests are skipped.
[INFO] 
[INFO] --- animal-sniffer-maven-plugin:1.14:check (default) @ retrofit ---
[INFO] Checking unresolved references to org.codehaus.mojo.signature:java16:1.1
[INFO] 
[INFO] --- maven-jar-plugin:2.4:jar (default-jar) @ retrofit ---
[INFO] Building jar: /home/travis/build/square/retrofit/retrofit/target/retrofit-2.0.0-SNAPSHOT.jar
[INFO] 
[INFO] --- maven-checkstyle-plugin:2.15:checkstyle (default) @ retrofit ---
[INFO] Starting audit...
Audit done.
[WARNING] Unable to locate Source XRef to link to - DISABLED
[INFO] 
[INFO] --- maven-install-plugin:2.4:install (default-install) @ retrofit ---
[INFO] Installing /home/travis/build/square/retrofit/retrofit/target/retrofit-2.0.0-SNAPSHOT.jar to /home/travis/.m2/repository/com/squareup/retrofit/retrofit/2.0.0-SNAPSHOT/retrofit-2.0.0-SNAPSHOT.jar
[INFO] Installing /home/travis/build/square/retrofit/retrofit/pom.xml to /home/travis/.m2/repository/com/squareup/retrofit/retrofit/2.0.0-SNAPSHOT/retrofit-2.0.0-SNAPSHOT.pom
[INFO]                                                                         
[INFO] ------------------------------------------------------------------------
[INFO] Building Adapters 2.0.0-SNAPSHOT
[INFO] ------------------------------------------------------------------------
[INFO] 
[INFO] --- maven-enforcer-plugin:1.0:enforce (enforce-maven) @ retrofit-adapters ---
[INFO] 
[INFO] --- animal-sniffer-maven-plugin:1.14:check (default) @ retrofit-adapters ---
[INFO] Checking unresolved references to org.codehaus.mojo.signature:java16:1.1
[INFO] 
[INFO] --- maven-checkstyle-plugin:2.15:checkstyle (default) @ retrofit-adapters ---
[INFO] 
[INFO] --- maven-install-plugin:2.4:install (default-install) @ retrofit-adapters ---
[INFO] Installing /home/travis/build/square/retrofit/retrofit-adapters/pom.xml to /home/travis/.m2/repository/com/squareup/retrofit/retrofit-adapters/2.0.0-SNAPSHOT/retrofit-adapters-2.0.0-SNAPSHOT.pom
[INFO]                                                                         
[INFO] ------------------------------------------------------------------------
[INFO] Building Adapter: RxJava 2.0.0-SNAPSHOT
[INFO] ------------------------------------------------------------------------
[INFO] 
[INFO] --- maven-enforcer-plugin:1.0:enforce (enforce-maven) @ adapter-rxjava ---
[INFO] 
[INFO] --- maven-resources-plugin:2.6:resources (default-resources) @ adapter-rxjava ---
[INFO] Using 'UTF-8' encoding to copy filtered resources.
[INFO] skip non existing resourceDirectory /home/travis/build/square/retrofit/retrofit-adapters/rxjava/src/main/resources
[INFO] 
[INFO] --- maven-compiler-plugin:3.0:compile (default-compile) @ adapter-rxjava ---
[INFO] Changes detected - recompiling the module!
[INFO] Compiling 4 source files to /home/travis/build/square/retrofit/retrofit-adapters/rxjava/target/classes
[INFO] 
[INFO] --- maven-resources-plugin:2.6:testResources (default-testResources) @ adapter-rxjava ---
[INFO] Using 'UTF-8' encoding to copy filtered resources.
[INFO] skip non existing resourceDirectory /home/travis/build/square/retrofit/retrofit-adapters/rxjava/src/test/resources
[INFO] 
[INFO] --- maven-compiler-plugin:3.0:testCompile (default-testCompile) @ adapter-rxjava ---
[INFO] Changes detected - recompiling the module!
[INFO] Compiling 2 source files to /home/travis/build/square/retrofit/retrofit-adapters/rxjava/target/test-classes
[INFO] 
[INFO] --- maven-surefire-plugin:2.12.4:test (default-test) @ adapter-rxjava ---
[INFO] Tests are skipped.
[INFO] 
[INFO] --- animal-sniffer-maven-plugin:1.14:check (default) @ adapter-rxjava ---
[INFO] Checking unresolved references to org.codehaus.mojo.signature:java16:1.1
[INFO] 
[INFO] --- maven-jar-plugin:2.4:jar (default-jar) @ adapter-rxjava ---
[INFO] Building jar: /home/travis/build/square/retrofit/retrofit-adapters/rxjava/target/adapter-rxjava-2.0.0-SNAPSHOT.jar
[INFO] 
[INFO] --- maven-checkstyle-plugin:2.15:checkstyle (default) @ adapter-rxjava ---
[INFO] Starting audit...
Audit done.
[WARNING] Unable to locate Source XRef to link to - DISABLED
[INFO] 
[INFO] --- maven-install-plugin:2.4:install (default-install) @ adapter-rxjava ---
[INFO] Installing /home/travis/build/square/retrofit/retrofit-adapters/rxjava/target/adapter-rxjava-2.0.0-SNAPSHOT.jar to /home/travis/.m2/repository/com/squareup/retrofit/adapter-rxjava/2.0.0-SNAPSHOT/adapter-rxjava-2.0.0-SNAPSHOT.jar
[INFO] Installing /home/travis/build/square/retrofit/retrofit-adapters/rxjava/pom.xml to /home/travis/.m2/repository/com/squareup/retrofit/adapter-rxjava/2.0.0-SNAPSHOT/adapter-rxjava-2.0.0-SNAPSHOT.pom
[INFO]                                                                         
[INFO] ------------------------------------------------------------------------
[INFO] Building Retrofit Mock Adapter 2.0.0-SNAPSHOT
[INFO] ------------------------------------------------------------------------
[INFO] 
[INFO] --- maven-enforcer-plugin:1.0:enforce (enforce-maven) @ retrofit-mock ---
[INFO] 
[INFO] --- maven-resources-plugin:2.6:resources (default-resources) @ retrofit-mock ---
[INFO] Using 'UTF-8' encoding to copy filtered resources.
[INFO] skip non existing resourceDirectory /home/travis/build/square/retrofit/retrofit-mock/src/main/resources
[INFO] 
[INFO] --- maven-compiler-plugin:3.0:compile (default-compile) @ retrofit-mock ---
[INFO] Changes detected - recompiling the module!
[INFO] Compiling 5 source files to /home/travis/build/square/retrofit/retrofit-mock/target/classes
[INFO] 
[INFO] --- maven-resources-plugin:2.6:testResources (default-testResources) @ retrofit-mock ---
[INFO] Using 'UTF-8' encoding to copy filtered resources.
[INFO] skip non existing resourceDirectory /home/travis/build/square/retrofit/retrofit-mock/src/test/resources
[INFO] 
[INFO] --- maven-compiler-plugin:3.0:testCompile (default-testCompile) @ retrofit-mock ---
[INFO] Changes detected - recompiling the module!
[INFO] Compiling 2 source files to /home/travis/build/square/retrofit/retrofit-mock/target/test-classes
[INFO] 
[INFO] --- maven-surefire-plugin:2.12.4:test (default-test) @ retrofit-mock ---
[INFO] Tests are skipped.
[INFO] 
[INFO] --- animal-sniffer-maven-plugin:1.14:check (default) @ retrofit-mock ---
[INFO] Checking unresolved references to org.codehaus.mojo.signature:java16:1.1
[INFO] 
[INFO] --- maven-jar-plugin:2.4:jar (default-jar) @ retrofit-mock ---
[INFO] Building jar: /home/travis/build/square/retrofit/retrofit-mock/target/retrofit-mock-2.0.0-SNAPSHOT.jar
[INFO] 
[INFO] --- maven-checkstyle-plugin:2.15:checkstyle (default) @ retrofit-mock ---
[INFO] Starting audit...
Audit done.
[WARNING] Unable to locate Source XRef to link to - DISABLED
[INFO] 
[INFO] --- maven-install-plugin:2.4:install (default-install) @ retrofit-mock ---
[INFO] Installing /home/travis/build/square/retrofit/retrofit-mock/target/retrofit-mock-2.0.0-SNAPSHOT.jar to /home/travis/.m2/repository/com/squareup/retrofit/retrofit-mock/2.0.0-SNAPSHOT/retrofit-mock-2.0.0-SNAPSHOT.jar
[INFO] Installing /home/travis/build/square/retrofit/retrofit-mock/pom.xml to /home/travis/.m2/repository/com/squareup/retrofit/retrofit-mock/2.0.0-SNAPSHOT/retrofit-mock-2.0.0-SNAPSHOT.pom
[INFO]                                                                         
[INFO] ------------------------------------------------------------------------
[INFO] Building Adapter: RxJava Mock 2.0.0-SNAPSHOT
[INFO] ------------------------------------------------------------------------
[INFO] 
[INFO] --- maven-enforcer-plugin:1.0:enforce (enforce-maven) @ adapter-rxjava-mock ---
[INFO] 
[INFO] --- maven-resources-plugin:2.6:resources (default-resources) @ adapter-rxjava-mock ---
[INFO] Using 'UTF-8' encoding to copy filtered resources.
[INFO] skip non existing resourceDirectory /home/travis/build/square/retrofit/retrofit-adapters/rxjava-mock/src/main/resources
[INFO] 
[INFO] --- maven-compiler-plugin:3.0:compile (default-compile) @ adapter-rxjava-mock ---
[INFO] Changes detected - recompiling the module!
[INFO] Compiling 2 source files to /home/travis/build/square/retrofit/retrofit-adapters/rxjava-mock/target/classes
[INFO] 
[INFO] --- maven-resources-plugin:2.6:testResources (default-testResources) @ adapter-rxjava-mock ---
[INFO] Using 'UTF-8' encoding to copy filtered resources.
[INFO] skip non existing resourceDirectory /home/travis/build/square/retrofit/retrofit-adapters/rxjava-mock/src/test/resources
[INFO] 
[INFO] --- maven-compiler-plugin:3.0:testCompile (default-testCompile) @ adapter-rxjava-mock ---
[INFO] Changes detected - recompiling the module!
[INFO] Compiling 1 source file to /home/travis/build/square/retrofit/retrofit-adapters/rxjava-mock/target/test-classes
[INFO] 
[INFO] --- maven-surefire-plugin:2.12.4:test (default-test) @ adapter-rxjava-mock ---
[INFO] Tests are skipped.
[INFO] 
[INFO] --- animal-sniffer-maven-plugin:1.14:check (default) @ adapter-rxjava-mock ---
[INFO] Checking unresolved references to org.codehaus.mojo.signature:java16:1.1
[INFO] 
[INFO] --- maven-jar-plugin:2.4:jar (default-jar) @ adapter-rxjava-mock ---
[INFO] Building jar: /home/travis/build/square/retrofit/retrofit-adapters/rxjava-mock/target/adapter-rxjava-mock-2.0.0-SNAPSHOT.jar
[INFO] 
[INFO] --- maven-checkstyle-plugin:2.15:checkstyle (default) @ adapter-rxjava-mock ---
[INFO] Starting audit...
Audit done.
[WARNING] Unable to locate Source XRef to link to - DISABLED
[INFO] 
[INFO] --- maven-install-plugin:2.4:install (default-install) @ adapter-rxjava-mock ---
[INFO] Installing /home/travis/build/square/retrofit/retrofit-adapters/rxjava-mock/target/adapter-rxjava-mock-2.0.0-SNAPSHOT.jar to /home/travis/.m2/repository/com/squareup/retrofit/adapter-rxjava-mock/2.0.0-SNAPSHOT/adapter-rxjava-mock-2.0.0-SNAPSHOT.jar
[INFO] Installing /home/travis/build/square/retrofit/retrofit-adapters/rxjava-mock/pom.xml to /home/travis/.m2/repository/com/squareup/retrofit/adapter-rxjava-mock/2.0.0-SNAPSHOT/adapter-rxjava-mock-2.0.0-SNAPSHOT.pom
[INFO]                                                                         
[INFO] ------------------------------------------------------------------------
[INFO] Building Converters 2.0.0-SNAPSHOT
[INFO] ------------------------------------------------------------------------
[INFO] 
[INFO] --- maven-enforcer-plugin:1.0:enforce (enforce-maven) @ retrofit-converters ---
[INFO] 
[INFO] --- animal-sniffer-maven-plugin:1.14:check (default) @ retrofit-converters ---
[INFO] Checking unresolved references to org.codehaus.mojo.signature:java16:1.1
[INFO] 
[INFO] --- maven-checkstyle-plugin:2.15:checkstyle (default) @ retrofit-converters ---
[INFO] 
[INFO] --- maven-install-plugin:2.4:install (default-install) @ retrofit-converters ---
[INFO] Installing /home/travis/build/square/retrofit/retrofit-converters/pom.xml to /home/travis/.m2/repository/com/squareup/retrofit/retrofit-converters/2.0.0-SNAPSHOT/retrofit-converters-2.0.0-SNAPSHOT.pom
[INFO]                                                                         
[INFO] ------------------------------------------------------------------------
[INFO] Building Converter: Gson 2.0.0-SNAPSHOT
[INFO] ------------------------------------------------------------------------
[INFO] 
[INFO] --- maven-enforcer-plugin:1.0:enforce (enforce-maven) @ converter-gson ---
[INFO] 
[INFO] --- maven-resources-plugin:2.6:resources (default-resources) @ converter-gson ---
[INFO] Using 'UTF-8' encoding to copy filtered resources.
[INFO] skip non existing resourceDirectory /home/travis/build/square/retrofit/retrofit-converters/gson/src/main/resources
[INFO] 
[INFO] --- maven-compiler-plugin:3.0:compile (default-compile) @ converter-gson ---
[INFO] Changes detected - recompiling the module!
[INFO] Compiling 2 source files to /home/travis/build/square/retrofit/retrofit-converters/gson/target/classes
[INFO] 
[INFO] --- maven-resources-plugin:2.6:testResources (default-testResources) @ converter-gson ---
[INFO] Using 'UTF-8' encoding to copy filtered resources.
[INFO] skip non existing resourceDirectory /home/travis/build/square/retrofit/retrofit-converters/gson/src/test/resources
[INFO] 
[INFO] --- maven-compiler-plugin:3.0:testCompile (default-testCompile) @ converter-gson ---
[INFO] Changes detected - recompiling the module!
[INFO] Compiling 1 source file to /home/travis/build/square/retrofit/retrofit-converters/gson/target/test-classes
[INFO] 
[INFO] --- maven-surefire-plugin:2.12.4:test (default-test) @ converter-gson ---
[INFO] Tests are skipped.
[INFO] 
[INFO] --- animal-sniffer-maven-plugin:1.14:check (default) @ converter-gson ---
[INFO] Checking unresolved references to org.codehaus.mojo.signature:java16:1.1
[INFO] 
[INFO] --- maven-jar-plugin:2.4:jar (default-jar) @ converter-gson ---
[INFO] Building jar: /home/travis/build/square/retrofit/retrofit-converters/gson/target/converter-gson-2.0.0-SNAPSHOT.jar
[INFO] 
[INFO] --- maven-checkstyle-plugin:2.15:checkstyle (default) @ converter-gson ---
[INFO] Starting audit...
Audit done.
[WARNING] Unable to locate Source XRef to link to - DISABLED
[INFO] 
[INFO] --- maven-install-plugin:2.4:install (default-install) @ converter-gson ---
[INFO] Installing /home/travis/build/square/retrofit/retrofit-converters/gson/target/converter-gson-2.0.0-SNAPSHOT.jar to /home/travis/.m2/repository/com/squareup/retrofit/converter-gson/2.0.0-SNAPSHOT/converter-gson-2.0.0-SNAPSHOT.jar
[INFO] Installing /home/travis/build/square/retrofit/retrofit-converters/gson/pom.xml to /home/travis/.m2/repository/com/squareup/retrofit/converter-gson/2.0.0-SNAPSHOT/converter-gson-2.0.0-SNAPSHOT.pom
[INFO]                                                                         
[INFO] ------------------------------------------------------------------------
[INFO] Building Converter: Protocol Buffers 2.0.0-SNAPSHOT
[INFO] ------------------------------------------------------------------------
[INFO] 
[INFO] --- maven-enforcer-plugin:1.0:enforce (enforce-maven) @ converter-protobuf ---
[INFO] 
[INFO] --- maven-resources-plugin:2.6:resources (default-resources) @ converter-protobuf ---
[INFO] Using 'UTF-8' encoding to copy filtered resources.
[INFO] skip non existing resourceDirectory /home/travis/build/square/retrofit/retrofit-converters/protobuf/src/main/resources
[INFO] 
[INFO] --- maven-compiler-plugin:3.0:compile (default-compile) @ converter-protobuf ---
[INFO] Changes detected - recompiling the module!
[INFO] Compiling 2 source files to /home/travis/build/square/retrofit/retrofit-converters/protobuf/target/classes
[WARNING] /home/travis/build/square/retrofit/retrofit-converters/protobuf/src/main/java/retrofit/ProtoConverterFactory.java: /home/travis/build/square/retrofit/retrofit-converters/protobuf/src/main/java/retrofit/ProtoConverterFactory.java uses unchecked or unsafe operations.
[WARNING] /home/travis/build/square/retrofit/retrofit-converters/protobuf/src/main/java/retrofit/ProtoConverterFactory.java: Recompile with -Xlint:unchecked for details.
[INFO] 
[INFO] --- maven-resources-plugin:2.6:testResources (default-testResources) @ converter-protobuf ---
[INFO] Using 'UTF-8' encoding to copy filtered resources.
[INFO] skip non existing resourceDirectory /home/travis/build/square/retrofit/retrofit-converters/protobuf/src/test/resources
[INFO] 
[INFO] --- maven-compiler-plugin:3.0:testCompile (default-testCompile) @ converter-protobuf ---
[INFO] Changes detected - recompiling the module!
[INFO] Compiling 2 source files to /home/travis/build/square/retrofit/retrofit-converters/protobuf/target/test-classes
[INFO] 
[INFO] --- maven-surefire-plugin:2.12.4:test (default-test) @ converter-protobuf ---
[INFO] Tests are skipped.
[INFO] 
[INFO] --- animal-sniffer-maven-plugin:1.14:check (default) @ converter-protobuf ---
[INFO] Checking unresolved references to org.codehaus.mojo.signature:java16:1.1
[INFO] 
[INFO] --- maven-jar-plugin:2.4:jar (default-jar) @ converter-protobuf ---
[INFO] Building jar: /home/travis/build/square/retrofit/retrofit-converters/protobuf/target/converter-protobuf-2.0.0-SNAPSHOT.jar
[INFO] 
[INFO] --- maven-checkstyle-plugin:2.15:checkstyle (default) @ converter-protobuf ---
[INFO] Starting audit...
Audit done.
[WARNING] Unable to locate Source XRef to link to - DISABLED
[INFO] 
[INFO] --- maven-install-plugin:2.4:install (default-install) @ converter-protobuf ---
[INFO] Installing /home/travis/build/square/retrofit/retrofit-converters/protobuf/target/converter-protobuf-2.0.0-SNAPSHOT.jar to /home/travis/.m2/repository/com/squareup/retrofit/converter-protobuf/2.0.0-SNAPSHOT/converter-protobuf-2.0.0-SNAPSHOT.jar
[INFO] Installing /home/travis/build/square/retrofit/retrofit-converters/protobuf/pom.xml to /home/travis/.m2/repository/com/squareup/retrofit/converter-protobuf/2.0.0-SNAPSHOT/converter-protobuf-2.0.0-SNAPSHOT.pom
[INFO]                                                                         
[INFO] ------------------------------------------------------------------------
[INFO] Building Converter: Jackson 2.0.0-SNAPSHOT
[INFO] ------------------------------------------------------------------------
[INFO] 
[INFO] --- maven-enforcer-plugin:1.0:enforce (enforce-maven) @ converter-jackson ---
[INFO] 
[INFO] --- maven-resources-plugin:2.6:resources (default-resources) @ converter-jackson ---
[INFO] Using 'UTF-8' encoding to copy filtered resources.
[INFO] skip non existing resourceDirectory /home/travis/build/square/retrofit/retrofit-converters/jackson/src/main/resources
[INFO] 
[INFO] --- maven-compiler-plugin:3.0:compile (default-compile) @ converter-jackson ---
[INFO] Changes detected - recompiling the module!
[INFO] Compiling 2 source files to /home/travis/build/square/retrofit/retrofit-converters/jackson/target/classes
[INFO] 
[INFO] --- maven-resources-plugin:2.6:testResources (default-testResources) @ converter-jackson ---
[INFO] Using 'UTF-8' encoding to copy filtered resources.
[INFO] skip non existing resourceDirectory /home/travis/build/square/retrofit/retrofit-converters/jackson/src/test/resources
[INFO] 
[INFO] --- maven-compiler-plugin:3.0:testCompile (default-testCompile) @ converter-jackson ---
[INFO] Changes detected - recompiling the module!
[INFO] Compiling 1 source file to /home/travis/build/square/retrofit/retrofit-converters/jackson/target/test-classes
[INFO] 
[INFO] --- maven-surefire-plugin:2.12.4:test (default-test) @ converter-jackson ---
[INFO] Tests are skipped.
[INFO] 
[INFO] --- animal-sniffer-maven-plugin:1.14:check (default) @ converter-jackson ---
[INFO] Checking unresolved references to org.codehaus.mojo.signature:java16:1.1
[INFO] 
[INFO] --- maven-jar-plugin:2.4:jar (default-jar) @ converter-jackson ---
[INFO] Building jar: /home/travis/build/square/retrofit/retrofit-converters/jackson/target/converter-jackson-2.0.0-SNAPSHOT.jar
[INFO] 
[INFO] --- maven-checkstyle-plugin:2.15:checkstyle (default) @ converter-jackson ---
[INFO] Starting audit...
Audit done.
[WARNING] Unable to locate Source XRef to link to - DISABLED
[INFO] 
[INFO] --- maven-install-plugin:2.4:install (default-install) @ converter-jackson ---
[INFO] Installing /home/travis/build/square/retrofit/retrofit-converters/jackson/target/converter-jackson-2.0.0-SNAPSHOT.jar to /home/travis/.m2/repository/com/squareup/retrofit/converter-jackson/2.0.0-SNAPSHOT/converter-jackson-2.0.0-SNAPSHOT.jar
[INFO] Installing /home/travis/build/square/retrofit/retrofit-converters/jackson/pom.xml to /home/travis/.m2/repository/com/squareup/retrofit/converter-jackson/2.0.0-SNAPSHOT/converter-jackson-2.0.0-SNAPSHOT.pom
[INFO]                                                                         
[INFO] ------------------------------------------------------------------------
[INFO] Building Converter: Wire Protocol Buffers 2.0.0-SNAPSHOT
[INFO] ------------------------------------------------------------------------
[INFO] 
[INFO] --- maven-enforcer-plugin:1.0:enforce (enforce-maven) @ converter-wire ---
[INFO] 
[INFO] --- maven-resources-plugin:2.6:resources (default-resources) @ converter-wire ---
[INFO] Using 'UTF-8' encoding to copy filtered resources.
[INFO] skip non existing resourceDirectory /home/travis/build/square/retrofit/retrofit-converters/wire/src/main/resources
[INFO] 
[INFO] --- maven-compiler-plugin:3.0:compile (default-compile) @ converter-wire ---
[INFO] Changes detected - recompiling the module!
[INFO] Compiling 2 source files to /home/travis/build/square/retrofit/retrofit-converters/wire/target/classes
[WARNING] /home/travis/build/square/retrofit/retrofit-converters/wire/src/main/java/retrofit/WireConverterFactory.java: /home/travis/build/square/retrofit/retrofit-converters/wire/src/main/java/retrofit/WireConverterFactory.java uses unchecked or unsafe operations.
[WARNING] /home/travis/build/square/retrofit/retrofit-converters/wire/src/main/java/retrofit/WireConverterFactory.java: Recompile with -Xlint:unchecked for details.
[INFO] 
[INFO] --- maven-resources-plugin:2.6:testResources (default-testResources) @ converter-wire ---
[INFO] Using 'UTF-8' encoding to copy filtered resources.
[INFO] skip non existing resourceDirectory /home/travis/build/square/retrofit/retrofit-converters/wire/src/test/resources
[INFO] 
[INFO] --- maven-compiler-plugin:3.0:testCompile (default-testCompile) @ converter-wire ---
[INFO] Changes detected - recompiling the module!
[INFO] Compiling 2 source files to /home/travis/build/square/retrofit/retrofit-converters/wire/target/test-classes
[INFO] 
[INFO] --- maven-surefire-plugin:2.12.4:test (default-test) @ converter-wire ---
[INFO] Tests are skipped.
[INFO] 
[INFO] --- animal-sniffer-maven-plugin:1.14:check (default) @ converter-wire ---
[INFO] Checking unresolved references to org.codehaus.mojo.signature:java16:1.1
[INFO] 
[INFO] --- maven-jar-plugin:2.4:jar (default-jar) @ converter-wire ---
[INFO] Building jar: /home/travis/build/square/retrofit/retrofit-converters/wire/target/converter-wire-2.0.0-SNAPSHOT.jar
[INFO] 
[INFO] --- maven-checkstyle-plugin:2.15:checkstyle (default) @ converter-wire ---
[INFO] Starting audit...
Audit done.
[WARNING] Unable to locate Source XRef to link to - DISABLED
[INFO] 
[INFO] --- maven-install-plugin:2.4:install (default-install) @ converter-wire ---
[INFO] Installing /home/travis/build/square/retrofit/retrofit-converters/wire/target/converter-wire-2.0.0-SNAPSHOT.jar to /home/travis/.m2/repository/com/squareup/retrofit/converter-wire/2.0.0-SNAPSHOT/converter-wire-2.0.0-SNAPSHOT.jar
[INFO] Installing /home/travis/build/square/retrofit/retrofit-converters/wire/pom.xml to /home/travis/.m2/repository/com/squareup/retrofit/converter-wire/2.0.0-SNAPSHOT/converter-wire-2.0.0-SNAPSHOT.pom
[INFO]                                                                         
[INFO] ------------------------------------------------------------------------
[INFO] Building Converter: SimpleXML 2.0.0-SNAPSHOT
[INFO] ------------------------------------------------------------------------
[INFO] 
[INFO] --- maven-enforcer-plugin:1.0:enforce (enforce-maven) @ converter-simplexml ---
[INFO] 
[INFO] --- maven-resources-plugin:2.6:resources (default-resources) @ converter-simplexml ---
[INFO] Using 'UTF-8' encoding to copy filtered resources.
[INFO] skip non existing resourceDirectory /home/travis/build/square/retrofit/retrofit-converters/simplexml/src/main/resources
[INFO] 
[INFO] --- maven-compiler-plugin:3.0:compile (default-compile) @ converter-simplexml ---
[INFO] Changes detected - recompiling the module!
[INFO] Compiling 2 source files to /home/travis/build/square/retrofit/retrofit-converters/simplexml/target/classes
[INFO] 
[INFO] --- maven-resources-plugin:2.6:testResources (default-testResources) @ converter-simplexml ---
[INFO] Using 'UTF-8' encoding to copy filtered resources.
[INFO] skip non existing resourceDirectory /home/travis/build/square/retrofit/retrofit-converters/simplexml/src/test/resources
[INFO] 
[INFO] --- maven-compiler-plugin:3.0:testCompile (default-testCompile) @ converter-simplexml ---
[INFO] Changes detected - recompiling the module!
[INFO] Compiling 2 source files to /home/travis/build/square/retrofit/retrofit-converters/simplexml/target/test-classes
[INFO] 
[INFO] --- maven-surefire-plugin:2.12.4:test (default-test) @ converter-simplexml ---
[INFO] Tests are skipped.
[INFO] 
[INFO] --- animal-sniffer-maven-plugin:1.14:check (default) @ converter-simplexml ---
[INFO] Checking unresolved references to org.codehaus.mojo.signature:java16:1.1
[INFO] 
[INFO] --- maven-jar-plugin:2.4:jar (default-jar) @ converter-simplexml ---
[INFO] Building jar: /home/travis/build/square/retrofit/retrofit-converters/simplexml/target/converter-simplexml-2.0.0-SNAPSHOT.jar
[INFO] 
[INFO] --- maven-checkstyle-plugin:2.15:checkstyle (default) @ converter-simplexml ---
[INFO] Starting audit...
Audit done.
[WARNING] Unable to locate Source XRef to link to - DISABLED
[INFO] 
[INFO] --- maven-install-plugin:2.4:install (default-install) @ converter-simplexml ---
[INFO] Installing /home/travis/build/square/retrofit/retrofit-converters/simplexml/target/converter-simplexml-2.0.0-SNAPSHOT.jar to /home/travis/.m2/repository/com/squareup/retrofit/converter-simplexml/2.0.0-SNAPSHOT/converter-simplexml-2.0.0-SNAPSHOT.jar
[INFO] Installing /home/travis/build/square/retrofit/retrofit-converters/simplexml/pom.xml to /home/travis/.m2/repository/com/squareup/retrofit/converter-simplexml/2.0.0-SNAPSHOT/converter-simplexml-2.0.0-SNAPSHOT.pom
[INFO]                                                                         
[INFO] ------------------------------------------------------------------------
[INFO] Building Converter: Moshi 2.0.0-SNAPSHOT
[INFO] ------------------------------------------------------------------------
[INFO] 
[INFO] --- maven-enforcer-plugin:1.0:enforce (enforce-maven) @ converter-moshi ---
[INFO] 
[INFO] --- maven-resources-plugin:2.6:resources (default-resources) @ converter-moshi ---
[INFO] Using 'UTF-8' encoding to copy filtered resources.
[INFO] skip non existing resourceDirectory /home/travis/build/square/retrofit/retrofit-converters/moshi/src/main/resources
[INFO] 
[INFO] --- maven-compiler-plugin:3.0:compile (default-compile) @ converter-moshi ---
[INFO] Changes detected - recompiling the module!
[INFO] Compiling 2 source files to /home/travis/build/square/retrofit/retrofit-converters/moshi/target/classes
[INFO] 
[INFO] --- maven-resources-plugin:2.6:testResources (default-testResources) @ converter-moshi ---
[INFO] Using 'UTF-8' encoding to copy filtered resources.
[INFO] skip non existing resourceDirectory /home/travis/build/square/retrofit/retrofit-converters/moshi/src/test/resources
[INFO] 
[INFO] --- maven-compiler-plugin:3.0:testCompile (default-testCompile) @ converter-moshi ---
[INFO] Changes detected - recompiling the module!
[INFO] Compiling 1 source file to /home/travis/build/square/retrofit/retrofit-converters/moshi/target/test-classes
[INFO] 
[INFO] --- maven-surefire-plugin:2.12.4:test (default-test) @ converter-moshi ---
[INFO] Tests are skipped.
[INFO] 
[INFO] --- animal-sniffer-maven-plugin:1.14:check (default) @ converter-moshi ---
[INFO] Checking unresolved references to org.codehaus.mojo.signature:java16:1.1
[INFO] 
[INFO] --- maven-jar-plugin:2.4:jar (default-jar) @ converter-moshi ---
[INFO] Building jar: /home/travis/build/square/retrofit/retrofit-converters/moshi/target/converter-moshi-2.0.0-SNAPSHOT.jar
[INFO] 
[INFO] --- maven-checkstyle-plugin:2.15:checkstyle (default) @ converter-moshi ---
[INFO] Starting audit...
Audit done.
[WARNING] Unable to locate Source XRef to link to - DISABLED
[INFO] 
[INFO] --- maven-install-plugin:2.4:install (default-install) @ converter-moshi ---
[INFO] Installing /home/travis/build/square/retrofit/retrofit-converters/moshi/target/converter-moshi-2.0.0-SNAPSHOT.jar to /home/travis/.m2/repository/com/squareup/retrofit/converter-moshi/2.0.0-SNAPSHOT/converter-moshi-2.0.0-SNAPSHOT.jar
[INFO] Installing /home/travis/build/square/retrofit/retrofit-converters/moshi/pom.xml to /home/travis/.m2/repository/com/squareup/retrofit/converter-moshi/2.0.0-SNAPSHOT/converter-moshi-2.0.0-SNAPSHOT.pom
[INFO]                                                                         
[INFO] ------------------------------------------------------------------------
[INFO] Building Samples 2.0.0-SNAPSHOT
[INFO] ------------------------------------------------------------------------
[INFO] 
[INFO] --- maven-enforcer-plugin:1.0:enforce (enforce-maven) @ samples ---
[INFO] 
[INFO] --- maven-resources-plugin:2.6:resources (default-resources) @ samples ---
[INFO] Using 'UTF-8' encoding to copy filtered resources.
[INFO] skip non existing resourceDirectory /home/travis/build/square/retrofit/samples/src/main/resources
[INFO] 
[INFO] --- maven-compiler-plugin:3.0:compile (default-compile) @ samples ---
[INFO] Changes detected - recompiling the module!
[INFO] Compiling 3 source files to /home/travis/build/square/retrofit/samples/target/classes
[INFO] 
[INFO] --- maven-resources-plugin:2.6:testResources (default-testResources) @ samples ---
[INFO] Using 'UTF-8' encoding to copy filtered resources.
[INFO] skip non existing resourceDirectory /home/travis/build/square/retrofit/samples/src/test/resources
[INFO] 
[INFO] --- maven-compiler-plugin:3.0:testCompile (default-testCompile) @ samples ---
[INFO] No sources to compile
[INFO] 
[INFO] --- maven-surefire-plugin:2.12.4:test (default-test) @ samples ---
[INFO] Tests are skipped.
[INFO] 
[INFO] --- animal-sniffer-maven-plugin:1.14:check (default) @ samples ---
[INFO] Checking unresolved references to org.codehaus.mojo.signature:java16:1.1
[INFO] 
[INFO] --- maven-jar-plugin:2.4:jar (default-jar) @ samples ---
[INFO] Building jar: /home/travis/build/square/retrofit/samples/target/samples-2.0.0-SNAPSHOT.jar
[INFO] 
[INFO] --- maven-checkstyle-plugin:2.15:checkstyle (default) @ samples ---
[INFO] Starting audit...
Audit done.
[WARNING] Unable to locate Source XRef to link to - DISABLED
[INFO] 
[INFO] --- maven-install-plugin:2.4:install (default-install) @ samples ---
[INFO] Installing /home/travis/build/square/retrofit/samples/target/samples-2.0.0-SNAPSHOT.jar to /home/travis/.m2/repository/com/squareup/retrofit/samples/2.0.0-SNAPSHOT/samples-2.0.0-SNAPSHOT.jar
[INFO] Installing /home/travis/build/square/retrofit/samples/pom.xml to /home/travis/.m2/repository/com/squareup/retrofit/samples/2.0.0-SNAPSHOT/samples-2.0.0-SNAPSHOT.pom
[INFO] ------------------------------------------------------------------------
[INFO] Reactor Summary:
[INFO] 
[INFO] Retrofit (Parent) .................................. SUCCESS [  3.298 s]
[INFO] Retrofit ........................................... SUCCESS [ 16.917 s]
[INFO] Adapters ........................................... SUCCESS [  0.515 s]
[INFO] Adapter: RxJava .................................... SUCCESS [  2.091 s]
[INFO] Retrofit Mock Adapter .............................. SUCCESS [  1.482 s]
[INFO] Adapter: RxJava Mock ............................... SUCCESS [  0.910 s]
[INFO] Converters ......................................... SUCCESS [  0.181 s]
[INFO] Converter: Gson .................................... SUCCESS [  0.668 s]
[INFO] Converter: Protocol Buffers ........................ SUCCESS [  1.157 s]
[INFO] Converter: Jackson ................................. SUCCESS [  0.682 s]
[INFO] Converter: Wire Protocol Buffers ................... SUCCESS [  0.606 s]
[INFO] Converter: SimpleXML ............................... SUCCESS [  0.779 s]
[INFO] Converter: Moshi ................................... SUCCESS [  0.627 s]
[INFO] Samples ............................................ SUCCESS [  0.885 s]
[INFO] ------------------------------------------------------------------------
[INFO] BUILD SUCCESS
[INFO] ------------------------------------------------------------------------
[INFO] Total time: 31.193 s
[INFO] Finished at: 2015-08-26T02:46:20+00:00
[INFO] Final Memory: 39M/437M
[INFO] ------------------------------------------------------------------------
travis_time:end:2301c4e4:start=1440557147637175597,finish=1440557181741331933,duration=34104156336[0Ktravis_fold:end:install[0Ktravis_time:start:200a994e[0K$ mvn test -B
Java HotSpot(TM) 64-Bit Server VM warning: ignoring option MaxPermSize=192m; support was removed in 8.0
[INFO] Scanning for projects...
[WARNING] 
[WARNING] Some problems were encountered while building the effective model for com.squareup.retrofit:samples:jar:2.0.0-SNAPSHOT
[WARNING] 'build.plugins.plugin.version' for org.apache.maven.plugins:maven-deploy-plugin is missing. @ com.squareup.retrofit:samples:[unknown-version], /home/travis/build/square/retrofit/samples/pom.xml, line 36, column 15
[WARNING] 
[WARNING] It is highly recommended to fix these problems because they threaten the stability of your build.
[WARNING] 
[WARNING] For this reason, future Maven versions might no longer support building such malformed projects.
[WARNING] 
[INFO] ------------------------------------------------------------------------
[INFO] Reactor Build Order:
[INFO] 
[INFO] Retrofit (Parent)
[INFO] Retrofit
[INFO] Adapters
[INFO] Adapter: RxJava
[INFO] Retrofit Mock Adapter
[INFO] Adapter: RxJava Mock
[INFO] Converters
[INFO] Converter: Gson
[INFO] Converter: Protocol Buffers
[INFO] Converter: Jackson
[INFO] Converter: Wire Protocol Buffers
[INFO] Converter: SimpleXML
[INFO] Converter: Moshi
[INFO] Samples
[INFO]                                                                         
[INFO] ------------------------------------------------------------------------
[INFO] Building Retrofit (Parent) 2.0.0-SNAPSHOT
[INFO] ------------------------------------------------------------------------
[INFO] 
[INFO] --- maven-enforcer-plugin:1.0:enforce (enforce-maven) @ parent ---
[INFO] 
[INFO] --- animal-sniffer-maven-plugin:1.14:check (default) @ parent ---
[INFO] Checking unresolved references to org.codehaus.mojo.signature:java16:1.1
[INFO]                                                                         
[INFO] ------------------------------------------------------------------------
[INFO] Building Retrofit 2.0.0-SNAPSHOT
[INFO] ------------------------------------------------------------------------
[INFO] 
[INFO] --- maven-enforcer-plugin:1.0:enforce (enforce-maven) @ retrofit ---
[INFO] 
[INFO] --- maven-resources-plugin:2.6:resources (default-resources) @ retrofit ---
[INFO] Using 'UTF-8' encoding to copy filtered resources.
[INFO] skip non existing resourceDirectory /home/travis/build/square/retrofit/retrofit/src/main/resources
[INFO] 
[INFO] --- maven-compiler-plugin:3.0:compile (default-compile) @ retrofit ---
[INFO] Changes detected - recompiling the module!
[INFO] Compiling 45 source files to /home/travis/build/square/retrofit/retrofit/target/classes
[WARNING] /home/travis/build/square/retrofit/retrofit/src/main/java/retrofit/RequestBuilderAction.java: /home/travis/build/square/retrofit/retrofit/src/main/java/retrofit/RequestBuilderAction.java uses unchecked or unsafe operations.
[WARNING] /home/travis/build/square/retrofit/retrofit/src/main/java/retrofit/RequestBuilderAction.java: Recompile with -Xlint:unchecked for details.
[INFO] 
[INFO] --- maven-resources-plugin:2.6:testResources (default-testResources) @ retrofit ---
[INFO] Using 'UTF-8' encoding to copy filtered resources.
[INFO] skip non existing resourceDirectory /home/travis/build/square/retrofit/retrofit/src/test/resources
[INFO] 
[INFO] --- maven-compiler-plugin:3.0:testCompile (default-testCompile) @ retrofit ---
[INFO] Changes detected - recompiling the module!
[INFO] Compiling 7 source files to /home/travis/build/square/retrofit/retrofit/target/test-classes
[INFO] 
[INFO] --- maven-surefire-plugin:2.12.4:test (default-test) @ retrofit ---
[INFO] Surefire report directory: /home/travis/build/square/retrofit/retrofit/target/surefire-reports

-------------------------------------------------------
 T E S T S
-------------------------------------------------------
Running retrofit.RequestBuilderTest
Tests run: 97, Failures: 0, Errors: 0, Skipped: 2, Time elapsed: 0.582 sec
Running retrofit.ExecutorCallAdapterFactoryTest
Tests run: 8, Failures: 0, Errors: 0, Skipped: 0, Time elapsed: 0.159 sec
Running retrofit.CallTest
Aug 26, 2015 2:46:32 AM com.squareup.okhttp.mockwebserver.MockWebServer$3 execute
INFO: MockWebServer[55351] starting to accept connections
Aug 26, 2015 2:46:32 AM com.squareup.okhttp.mockwebserver.MockWebServer$3 acceptConnections
INFO: MockWebServer[55351] done accepting connections: Socket closed
Aug 26, 2015 2:46:32 AM com.squareup.okhttp.mockwebserver.MockWebServer$3 execute
INFO: MockWebServer[36487] starting to accept connections
Aug 26, 2015 2:46:32 AM com.squareup.okhttp.mockwebserver.MockWebServer$4 processOneRequest
INFO: MockWebServer[36487] received request: GET / HTTP/1.1 and responded: HTTP/1.1 200 OK
Aug 26, 2015 2:46:32 AM com.squareup.okhttp.mockwebserver.MockWebServer$3 acceptConnections
INFO: MockWebServer[36487] done accepting connections: Socket closed
Aug 26, 2015 2:46:32 AM com.squareup.okhttp.mockwebserver.MockWebServer$3 execute
INFO: MockWebServer[48810] starting to accept connections
Aug 26, 2015 2:46:32 AM com.squareup.okhttp.mockwebserver.MockWebServer$4 processOneRequest
INFO: MockWebServer[48810] received request: GET / HTTP/1.1 and responded: HTTP/1.1 404 OK
Aug 26, 2015 2:46:32 AM com.squareup.okhttp.mockwebserver.MockWebServer$3 acceptConnections
INFO: MockWebServer[48810] done accepting connections: Socket closed
Aug 26, 2015 2:46:32 AM com.squareup.okhttp.mockwebserver.MockWebServer$3 execute
INFO: MockWebServer[45114] starting to accept connections
Aug 26, 2015 2:46:32 AM com.squareup.okhttp.mockwebserver.MockWebServer$3 acceptConnections
INFO: MockWebServer[45114] done accepting connections: Socket is closed
Aug 26, 2015 2:46:32 AM com.squareup.okhttp.mockwebserver.MockWebServer$3 execute
INFO: MockWebServer[35785] starting to accept connections
Aug 26, 2015 2:46:32 AM com.squareup.okhttp.mockwebserver.MockWebServer$3 acceptConnections
INFO: MockWebServer[35785] done accepting connections: Socket closed
Aug 26, 2015 2:46:32 AM com.squareup.okhttp.mockwebserver.MockWebServer$3 execute
INFO: MockWebServer[49701] starting to accept connections
Aug 26, 2015 2:46:32 AM com.squareup.okhttp.mockwebserver.MockWebServer$4 processOneRequest
INFO: MockWebServer[49701] received request: GET / HTTP/1.1 and responded: HTTP/1.1 200 OK
Aug 26, 2015 2:46:32 AM com.squareup.okhttp.mockwebserver.MockWebServer$3 acceptConnections
INFO: MockWebServer[49701] done accepting connections: Socket closed
Aug 26, 2015 2:46:32 AM com.squareup.okhttp.mockwebserver.MockWebServer$3 execute
INFO: MockWebServer[50327] starting to accept connections
Aug 26, 2015 2:46:32 AM com.squareup.okhttp.mockwebserver.MockWebServer$3 acceptConnections
INFO: MockWebServer[50327] done accepting connections: Socket is closed
Aug 26, 2015 2:46:32 AM com.squareup.okhttp.mockwebserver.MockWebServer$3 execute
INFO: MockWebServer[60109] starting to accept connections
Aug 26, 2015 2:46:32 AM com.squareup.okhttp.mockwebserver.MockWebServer$4 processOneRequest
INFO: MockWebServer[60109] received request: GET / HTTP/1.1 and responded: HTTP/1.1 404 OK
Aug 26, 2015 2:46:32 AM com.squareup.okhttp.mockwebserver.MockWebServer$3 acceptConnections
INFO: MockWebServer[60109] done accepting connections: Socket closed
Aug 26, 2015 2:46:32 AM com.squareup.okhttp.mockwebserver.MockWebServer$3 execute
INFO: MockWebServer[48888] starting to accept connections
Aug 26, 2015 2:46:32 AM com.squareup.okhttp.mockwebserver.MockWebServer$4 processOneRequest
INFO: MockWebServer[48888] received request: POST / HTTP/1.1 and responded: HTTP/1.1 200 OK
Aug 26, 2015 2:46:32 AM com.squareup.okhttp.mockwebserver.MockWebServer$3 acceptConnections
INFO: MockWebServer[48888] done accepting connections: Socket closed
Aug 26, 2015 2:46:32 AM com.squareup.okhttp.mockwebserver.MockWebServer$3 execute
INFO: MockWebServer[41132] starting to accept connections
Aug 26, 2015 2:46:32 AM com.squareup.okhttp.mockwebserver.MockWebServer$4 processOneRequest
INFO: MockWebServer[41132] received request: GET / HTTP/1.1 and responded: HTTP/1.1 204 Nothin
Aug 26, 2015 2:46:32 AM com.squareup.okhttp.mockwebserver.MockWebServer$3 acceptConnections
INFO: MockWebServer[41132] done accepting connections: Socket closed
Aug 26, 2015 2:46:32 AM com.squareup.okhttp.mockwebserver.MockWebServer$3 execute
INFO: MockWebServer[55358] starting to accept connections
Aug 26, 2015 2:46:32 AM com.squareup.okhttp.mockwebserver.MockWebServer$4 processOneRequest
INFO: MockWebServer[55358] received request: GET / HTTP/1.1 and responded: HTTP/1.1 200 OK
Aug 26, 2015 2:46:32 AM com.squareup.okhttp.mockwebserver.MockWebServer$3 acceptConnections
INFO: MockWebServer[55358] done accepting connections: Socket closed
Aug 26, 2015 2:46:32 AM com.squareup.okhttp.mockwebserver.MockWebServer$3 execute
INFO: MockWebServer[40640] starting to accept connections
Aug 26, 2015 2:46:32 AM com.squareup.okhttp.mockwebserver.MockWebServer$4 processOneRequest
INFO: MockWebServer[40640] received request: GET / HTTP/1.1 and responded: HTTP/1.1 200 OK
Aug 26, 2015 2:46:32 AM com.squareup.okhttp.mockwebserver.MockWebServer$3 acceptConnections
INFO: MockWebServer[40640] done accepting connections: Socket closed
Aug 26, 2015 2:46:32 AM com.squareup.okhttp.mockwebserver.MockWebServer$3 execute
INFO: MockWebServer[49182] starting to accept connections
Aug 26, 2015 2:46:32 AM com.squareup.okhttp.mockwebserver.MockWebServer$4 processOneRequest
INFO: MockWebServer[49182] received request: POST / HTTP/1.1 and responded: HTTP/1.1 200 OK
Aug 26, 2015 2:46:32 AM com.squareup.okhttp.mockwebserver.MockWebServer$3 acceptConnections
INFO: MockWebServer[49182] done accepting connections: Socket closed
Aug 26, 2015 2:46:32 AM com.squareup.okhttp.mockwebserver.MockWebServer$3 execute
INFO: MockWebServer[53082] starting to accept connections
Aug 26, 2015 2:46:32 AM com.squareup.okhttp.mockwebserver.MockWebServer$3 acceptConnections
INFO: MockWebServer[53082] done accepting connections: Socket closed
Aug 26, 2015 2:46:32 AM com.squareup.okhttp.mockwebserver.MockWebServer$3 execute
INFO: MockWebServer[42168] starting to accept connections
Aug 26, 2015 2:46:32 AM com.squareup.okhttp.mockwebserver.MockWebServer$3 acceptConnections
INFO: MockWebServer[42168] done accepting connections: Socket closed
Aug 26, 2015 2:46:32 AM com.squareup.okhttp.mockwebserver.MockWebServer$4 processOneRequest
INFO: MockWebServer[42168] received request: GET / HTTP/1.1 and responded: HTTP/1.1 200 OK
Aug 26, 2015 2:46:32 AM com.squareup.okhttp.mockwebserver.MockWebServer$3 execute
INFO: MockWebServer[36572] starting to accept connections
Aug 26, 2015 2:46:32 AM com.squareup.okhttp.mockwebserver.MockWebServer$3 acceptConnections
INFO: MockWebServer[36572] done accepting connections: Socket closed
Aug 26, 2015 2:46:32 AM com.squareup.okhttp.mockwebserver.MockWebServer$4 processOneRequest
INFO: MockWebServer[36572] received request: GET / HTTP/1.1 and responded: HTTP/1.1 200 OK
Aug 26, 2015 2:46:32 AM com.squareup.okhttp.mockwebserver.MockWebServer$3 execute
INFO: MockWebServer[40277] starting to accept connections
Aug 26, 2015 2:46:32 AM com.squareup.okhttp.mockwebserver.MockWebServer$3 acceptConnections
INFO: MockWebServer[40277] done accepting connections: Socket closed
Aug 26, 2015 2:46:32 AM com.squareup.okhttp.mockwebserver.MockWebServer$4 processOneRequest
INFO: MockWebServer[40277] received request: GET / HTTP/1.1 and responded: HTTP/1.1 205 Nothin
Aug 26, 2015 2:46:32 AM com.squareup.okhttp.mockwebserver.MockWebServer$3 execute
INFO: MockWebServer[54995] starting to accept connections
Aug 26, 2015 2:46:32 AM com.squareup.okhttp.mockwebserver.MockWebServer$4 processOneRequest
INFO: MockWebServer[54995] received request: GET / HTTP/1.1 and responded: HTTP/1.1 200 OK
Aug 26, 2015 2:46:32 AM com.squareup.okhttp.mockwebserver.MockWebServer$4 processOneRequest
INFO: MockWebServer[54995] received request: GET / HTTP/1.1 and responded: HTTP/1.1 200 OK
Aug 26, 2015 2:46:32 AM com.squareup.okhttp.mockwebserver.MockWebServer$3 acceptConnections
INFO: MockWebServer[54995] done accepting connections: Socket closed
Aug 26, 2015 2:46:32 AM com.squareup.okhttp.mockwebserver.MockWebServer$3 execute
INFO: MockWebServer[35664] starting to accept connections
Aug 26, 2015 2:46:32 AM com.squareup.okhttp.mockwebserver.MockWebServer$3 acceptConnections
INFO: MockWebServer[35664] done accepting connections: Socket closed
Aug 26, 2015 2:46:32 AM com.squareup.okhttp.mockwebserver.MockWebServer$4 processOneRequest
INFO: MockWebServer[35664] received request: GET / HTTP/1.1 and responded: HTTP/1.1 200 OK
Aug 26, 2015 2:46:32 AM com.squareup.okhttp.mockwebserver.MockWebServer$3 execute
INFO: MockWebServer[56422] starting to accept connections
Aug 26, 2015 2:46:32 AM com.squareup.okhttp.mockwebserver.MockWebServer$3 acceptConnections
INFO: MockWebServer[56422] done accepting connections: Socket is closed
Aug 26, 2015 2:46:32 AM com.squareup.okhttp.mockwebserver.MockWebServer$3 execute
INFO: MockWebServer[35601] starting to accept connections
Aug 26, 2015 2:46:32 AM com.squareup.okhttp.mockwebserver.MockWebServer$3 acceptConnections
INFO: MockWebServer[35601] done accepting connections: Socket closed
Aug 26, 2015 2:46:32 AM com.squareup.okhttp.mockwebserver.MockWebServer$3 execute
INFO: MockWebServer[53102] starting to accept connections
Aug 26, 2015 2:46:32 AM com.squareup.okhttp.mockwebserver.MockWebServer$4 processOneRequest
INFO: MockWebServer[53102] received request: GET / HTTP/1.1 and responded: HTTP/1.1 200 OK
Aug 26, 2015 2:46:32 AM com.squareup.okhttp.mockwebserver.MockWebServer$3 acceptConnections
INFO: MockWebServer[53102] done accepting connections: Socket closed
Aug 26, 2015 2:46:32 AM com.squareup.okhttp.mockwebserver.MockWebServer$3 execute
INFO: MockWebServer[34861] starting to accept connections
Aug 26, 2015 2:46:32 AM com.squareup.okhttp.mockwebserver.MockWebServer$4 processOneRequest
INFO: MockWebServer[34861] received request: GET / HTTP/1.1 and responded: HTTP/1.1 200 OK
Aug 26, 2015 2:46:32 AM com.squareup.okhttp.mockwebserver.MockWebServer$3 acceptConnections
INFO: MockWebServer[34861] done accepting connections: Socket closed
Tests run: 23, Failures: 0, Errors: 0, Skipped: 0, Time elapsed: 0.553 sec
Running retrofit.RequestFactoryParserTest
Tests run: 1, Failures: 0, Errors: 0, Skipped: 0, Time elapsed: 0.017 sec
Running retrofit.RetrofitTest
Aug 26, 2015 2:46:32 AM com.squareup.okhttp.mockwebserver.MockWebServer$3 execute
INFO: MockWebServer[46386] starting to accept connections
Aug 26, 2015 2:46:32 AM com.squareup.okhttp.mockwebserver.MockWebServer$3 acceptConnections
INFO: MockWebServer[46386] done accepting connections: Socket is closed
Aug 26, 2015 2:46:32 AM com.squareup.okhttp.mockwebserver.MockWebServer$3 execute
INFO: MockWebServer[54956] starting to accept connections
Aug 26, 2015 2:46:32 AM com.squareup.okhttp.mockwebserver.MockWebServer$3 acceptConnections
INFO: MockWebServer[54956] done accepting connections: Socket is closed
Aug 26, 2015 2:46:32 AM com.squareup.okhttp.mockwebserver.MockWebServer$3 execute
INFO: MockWebServer[36091] starting to accept connections
Aug 26, 2015 2:46:32 AM com.squareup.okhttp.mockwebserver.MockWebServer$3 acceptConnections
INFO: MockWebServer[36091] done accepting connections: Socket is closed
Aug 26, 2015 2:46:32 AM com.squareup.okhttp.mockwebserver.MockWebServer$3 execute
INFO: MockWebServer[41576] starting to accept connections
Aug 26, 2015 2:46:32 AM com.squareup.okhttp.mockwebserver.MockWebServer$3 acceptConnections
INFO: MockWebServer[41576] done accepting connections: Socket is closed
Aug 26, 2015 2:46:32 AM com.squareup.okhttp.mockwebserver.MockWebServer$3 execute
INFO: MockWebServer[41598] starting to accept connections
Aug 26, 2015 2:46:32 AM com.squareup.okhttp.mockwebserver.MockWebServer$3 acceptConnections
INFO: MockWebServer[41598] done accepting connections: Socket is closed
Aug 26, 2015 2:46:32 AM com.squareup.okhttp.mockwebserver.MockWebServer$3 execute
INFO: MockWebServer[37172] starting to accept connections
Aug 26, 2015 2:46:32 AM com.squareup.okhttp.mockwebserver.MockWebServer$3 acceptConnections
INFO: MockWebServer[37172] done accepting connections: Socket closed
Aug 26, 2015 2:46:32 AM com.squareup.okhttp.mockwebserver.MockWebServer$3 execute
INFO: MockWebServer[48508] starting to accept connections
Aug 26, 2015 2:46:32 AM com.squareup.okhttp.mockwebserver.MockWebServer$4 processOneRequest
INFO: MockWebServer[48508] received request: GET / HTTP/1.1 and responded: HTTP/1.1 200 OK
Aug 26, 2015 2:46:32 AM com.squareup.okhttp.mockwebserver.MockWebServer$3 acceptConnections
INFO: MockWebServer[48508] done accepting connections: Socket closed
Aug 26, 2015 2:46:32 AM com.squareup.okhttp.mockwebserver.MockWebServer$3 execute
INFO: MockWebServer[47749] starting to accept connections
Aug 26, 2015 2:46:32 AM com.squareup.okhttp.mockwebserver.MockWebServer$3 acceptConnections
INFO: MockWebServer[47749] done accepting connections: Socket is closed
Aug 26, 2015 2:46:32 AM com.squareup.okhttp.mockwebserver.MockWebServer$3 execute
INFO: MockWebServer[52236] starting to accept connections
Aug 26, 2015 2:46:32 AM com.squareup.okhttp.mockwebserver.MockWebServer$3 acceptConnections
INFO: MockWebServer[52236] done accepting connections: Socket is closed
Aug 26, 2015 2:46:32 AM com.squareup.okhttp.mockwebserver.MockWebServer$3 execute
INFO: MockWebServer[36600] starting to accept connections
Aug 26, 2015 2:46:32 AM com.squareup.okhttp.mockwebserver.MockWebServer$4 processOneRequest
INFO: MockWebServer[36600] received request: POST / HTTP/1.1 and responded: HTTP/1.1 200 OK
Aug 26, 2015 2:46:32 AM com.squareup.okhttp.mockwebserver.MockWebServer$3 acceptConnections
INFO: MockWebServer[36600] done accepting connections: Socket closed
Aug 26, 2015 2:46:32 AM com.squareup.okhttp.mockwebserver.MockWebServer$3 execute
INFO: MockWebServer[55481] starting to accept connections
Aug 26, 2015 2:46:32 AM com.squareup.okhttp.mockwebserver.MockWebServer$3 acceptConnections
INFO: MockWebServer[55481] done accepting connections: Socket is closed
Aug 26, 2015 2:46:32 AM com.squareup.okhttp.mockwebserver.MockWebServer$3 execute
INFO: MockWebServer[57387] starting to accept connections
Aug 26, 2015 2:46:32 AM com.squareup.okhttp.mockwebserver.MockWebServer$3 acceptConnections
INFO: MockWebServer[57387] done accepting connections: Socket is closed
Aug 26, 2015 2:46:32 AM com.squareup.okhttp.mockwebserver.MockWebServer$3 execute
INFO: MockWebServer[50107] starting to accept connections
Aug 26, 2015 2:46:32 AM com.squareup.okhttp.mockwebserver.MockWebServer$3 acceptConnections
INFO: MockWebServer[50107] done accepting connections: Socket is closed
Aug 26, 2015 2:46:32 AM com.squareup.okhttp.mockwebserver.MockWebServer$3 execute
INFO: MockWebServer[47675] starting to accept connections
Aug 26, 2015 2:46:32 AM com.squareup.okhttp.mockwebserver.MockWebServer$3 acceptConnections
INFO: MockWebServer[47675] done accepting connections: Socket is closed
Aug 26, 2015 2:46:32 AM com.squareup.okhttp.mockwebserver.MockWebServer$3 execute
INFO: MockWebServer[38571] starting to accept connections
Aug 26, 2015 2:46:32 AM com.squareup.okhttp.mockwebserver.MockWebServer$4 processOneRequest
INFO: MockWebServer[38571] received request: GET / HTTP/1.1 and responded: HTTP/1.1 200 OK
Aug 26, 2015 2:46:32 AM com.squareup.okhttp.mockwebserver.MockWebServer$3 acceptConnections
INFO: MockWebServer[38571] done accepting connections: Socket closed
Aug 26, 2015 2:46:33 AM com.squareup.okhttp.mockwebserver.MockWebServer$3 execute
INFO: MockWebServer[38447] starting to accept connections
Aug 26, 2015 2:46:33 AM com.squareup.okhttp.mockwebserver.MockWebServer$4 processOneRequest
INFO: MockWebServer[38447] received request: POST /a HTTP/1.1 and responded: HTTP/1.1 200 OK
Aug 26, 2015 2:46:33 AM com.squareup.okhttp.mockwebserver.MockWebServer$4 processOneRequest
INFO: MockWebServer[38447] received request: POST /b HTTP/1.1 and responded: HTTP/1.1 200 OK
Aug 26, 2015 2:46:33 AM com.squareup.okhttp.mockwebserver.MockWebServer$3 acceptConnections
INFO: MockWebServer[38447] done accepting connections: Socket closed
Aug 26, 2015 2:46:33 AM com.squareup.okhttp.mockwebserver.MockWebServer$3 execute
INFO: MockWebServer[58632] starting to accept connections
Aug 26, 2015 2:46:33 AM com.squareup.okhttp.mockwebserver.MockWebServer$3 acceptConnections
INFO: MockWebServer[58632] done accepting connections: Socket closed
Aug 26, 2015 2:46:33 AM com.squareup.okhttp.mockwebserver.MockWebServer$3 execute
INFO: MockWebServer[38363] starting to accept connections
Aug 26, 2015 2:46:33 AM com.squareup.okhttp.mockwebserver.MockWebServer$3 acceptConnections
INFO: MockWebServer[38363] done accepting connections: Socket closed
Aug 26, 2015 2:46:33 AM com.squareup.okhttp.mockwebserver.MockWebServer$3 execute
INFO: MockWebServer[48347] starting to accept connections
Aug 26, 2015 2:46:33 AM com.squareup.okhttp.mockwebserver.MockWebServer$3 acceptConnections
INFO: MockWebServer[48347] done accepting connections: Socket is closed
Aug 26, 2015 2:46:33 AM com.squareup.okhttp.mockwebserver.MockWebServer$3 execute
INFO: MockWebServer[53079] starting to accept connections
Aug 26, 2015 2:46:33 AM com.squareup.okhttp.mockwebserver.MockWebServer$3 acceptConnections
INFO: MockWebServer[53079] done accepting connections: Socket is closed
Aug 26, 2015 2:46:33 AM com.squareup.okhttp.mockwebserver.MockWebServer$3 execute
INFO: MockWebServer[53112] starting to accept connections
Aug 26, 2015 2:46:33 AM com.squareup.okhttp.mockwebserver.MockWebServer$3 acceptConnections
INFO: MockWebServer[53112] done accepting connections: Socket is closed
Aug 26, 2015 2:46:33 AM com.squareup.okhttp.mockwebserver.MockWebServer$3 execute
INFO: MockWebServer[53734] starting to accept connections
Aug 26, 2015 2:46:33 AM com.squareup.okhttp.mockwebserver.MockWebServer$3 acceptConnections
INFO: MockWebServer[53734] done accepting connections: Socket closed
Aug 26, 2015 2:46:33 AM com.squareup.okhttp.mockwebserver.MockWebServer$3 execute
INFO: MockWebServer[56207] starting to accept connections
Aug 26, 2015 2:46:33 AM com.squareup.okhttp.mockwebserver.MockWebServer$3 acceptConnections
INFO: MockWebServer[56207] done accepting connections: Socket is closed
Aug 26, 2015 2:46:33 AM com.squareup.okhttp.mockwebserver.MockWebServer$3 execute
INFO: MockWebServer[39983] starting to accept connections
Aug 26, 2015 2:46:33 AM com.squareup.okhttp.mockwebserver.MockWebServer$3 acceptConnections
INFO: MockWebServer[39983] done accepting connections: Socket is closed
Aug 26, 2015 2:46:33 AM com.squareup.okhttp.mockwebserver.MockWebServer$3 execute
INFO: MockWebServer[37472] starting to accept connections
Aug 26, 2015 2:46:33 AM com.squareup.okhttp.mockwebserver.MockWebServer$3 acceptConnections
INFO: MockWebServer[37472] done accepting connections: Socket is closed
Aug 26, 2015 2:46:33 AM com.squareup.okhttp.mockwebserver.MockWebServer$3 execute
INFO: MockWebServer[43392] starting to accept connections
Aug 26, 2015 2:46:33 AM com.squareup.okhttp.mockwebserver.MockWebServer$3 acceptConnections
INFO: MockWebServer[43392] done accepting connections: Socket is closed
Aug 26, 2015 2:46:33 AM com.squareup.okhttp.mockwebserver.MockWebServer$3 execute
INFO: MockWebServer[39189] starting to accept connections
Aug 26, 2015 2:46:33 AM com.squareup.okhttp.mockwebserver.MockWebServer$3 acceptConnections
INFO: MockWebServer[39189] done accepting connections: Socket is closed
Aug 26, 2015 2:46:33 AM com.squareup.okhttp.mockwebserver.MockWebServer$3 execute
INFO: MockWebServer[54019] starting to accept connections
Aug 26, 2015 2:46:33 AM com.squareup.okhttp.mockwebserver.MockWebServer$3 acceptConnections
INFO: MockWebServer[54019] done accepting connections: Socket is closed
Aug 26, 2015 2:46:33 AM com.squareup.okhttp.mockwebserver.MockWebServer$3 execute
INFO: MockWebServer[55823] starting to accept connections
Aug 26, 2015 2:46:33 AM com.squareup.okhttp.mockwebserver.MockWebServer$3 acceptConnections
INFO: MockWebServer[55823] done accepting connections: Socket is closed
Aug 26, 2015 2:46:33 AM com.squareup.okhttp.mockwebserver.MockWebServer$3 execute
INFO: MockWebServer[47597] starting to accept connections
Aug 26, 2015 2:46:33 AM com.squareup.okhttp.mockwebserver.MockWebServer$3 acceptConnections
INFO: MockWebServer[47597] done accepting connections: Socket is closed
Aug 26, 2015 2:46:33 AM com.squareup.okhttp.mockwebserver.MockWebServer$3 execute
INFO: MockWebServer[56305] starting to accept connections
Aug 26, 2015 2:46:33 AM com.squareup.okhttp.mockwebserver.MockWebServer$3 acceptConnections
INFO: MockWebServer[56305] done accepting connections: Socket is closed
Aug 26, 2015 2:46:33 AM com.squareup.okhttp.mockwebserver.MockWebServer$3 execute
INFO: MockWebServer[54165] starting to accept connections
Aug 26, 2015 2:46:33 AM com.squareup.okhttp.mockwebserver.MockWebServer$3 acceptConnections
INFO: MockWebServer[54165] done accepting connections: Socket is closed
Aug 26, 2015 2:46:33 AM com.squareup.okhttp.mockwebserver.MockWebServer$3 execute
INFO: MockWebServer[52934] starting to accept connections
Aug 26, 2015 2:46:33 AM com.squareup.okhttp.mockwebserver.MockWebServer$3 acceptConnections
INFO: MockWebServer[52934] done accepting connections: Socket is closed
Aug 26, 2015 2:46:33 AM com.squareup.okhttp.mockwebserver.MockWebServer$3 execute
INFO: MockWebServer[51154] starting to accept connections
Aug 26, 2015 2:46:33 AM com.squareup.okhttp.mockwebserver.MockWebServer$3 acceptConnections
INFO: MockWebServer[51154] done accepting connections: Socket closed
Aug 26, 2015 2:46:33 AM com.squareup.okhttp.mockwebserver.MockWebServer$3 execute
INFO: MockWebServer[32919] starting to accept connections
Aug 26, 2015 2:46:33 AM com.squareup.okhttp.mockwebserver.MockWebServer$3 acceptConnections
INFO: MockWebServer[32919] done accepting connections: Socket closed
Aug 26, 2015 2:46:33 AM com.squareup.okhttp.mockwebserver.MockWebServer$3 execute
INFO: MockWebServer[56752] starting to accept connections
Aug 26, 2015 2:46:33 AM com.squareup.okhttp.mockwebserver.MockWebServer$3 acceptConnections
INFO: MockWebServer[56752] done accepting connections: Socket is closed
Tests run: 36, Failures: 0, Errors: 0, Skipped: 0, Time elapsed: 0.339 sec

Results :

Tests run: 165, Failures: 0, Errors: 0, Skipped: 2

[INFO] 
[INFO] --- animal-sniffer-maven-plugin:1.14:check (default) @ retrofit ---
[INFO] Checking unresolved references to org.codehaus.mojo.signature:java16:1.1
[INFO]                                                                         
[INFO] ------------------------------------------------------------------------
[INFO] Building Adapters 2.0.0-SNAPSHOT
[INFO] ------------------------------------------------------------------------
[INFO] 
[INFO] --- maven-enforcer-plugin:1.0:enforce (enforce-maven) @ retrofit-adapters ---
[INFO] 
[INFO] --- animal-sniffer-maven-plugin:1.14:check (default) @ retrofit-adapters ---
[INFO] Checking unresolved references to org.codehaus.mojo.signature:java16:1.1
[INFO]                                                                         
[INFO] ------------------------------------------------------------------------
[INFO] Building Adapter: RxJava 2.0.0-SNAPSHOT
[INFO] ------------------------------------------------------------------------
[INFO] 
[INFO] --- maven-enforcer-plugin:1.0:enforce (enforce-maven) @ adapter-rxjava ---
[INFO] 
[INFO] --- maven-resources-plugin:2.6:resources (default-resources) @ adapter-rxjava ---
[INFO] Using 'UTF-8' encoding to copy filtered resources.
[INFO] skip non existing resourceDirectory /home/travis/build/square/retrofit/retrofit-adapters/rxjava/src/main/resources
[INFO] 
[INFO] --- maven-compiler-plugin:3.0:compile (default-compile) @ adapter-rxjava ---
[INFO] Changes detected - recompiling the module!
[INFO] Compiling 4 source files to /home/travis/build/square/retrofit/retrofit-adapters/rxjava/target/classes
[INFO] 
[INFO] --- maven-resources-plugin:2.6:testResources (default-testResources) @ adapter-rxjava ---
[INFO] Using 'UTF-8' encoding to copy filtered resources.
[INFO] skip non existing resourceDirectory /home/travis/build/square/retrofit/retrofit-adapters/rxjava/src/test/resources
[INFO] 
[INFO] --- maven-compiler-plugin:3.0:testCompile (default-testCompile) @ adapter-rxjava ---
[INFO] Changes detected - recompiling the module!
[INFO] Compiling 2 source files to /home/travis/build/square/retrofit/retrofit-adapters/rxjava/target/test-classes
[INFO] 
[INFO] --- maven-surefire-plugin:2.12.4:test (default-test) @ adapter-rxjava ---
[INFO] Surefire report directory: /home/travis/build/square/retrofit/retrofit-adapters/rxjava/target/surefire-reports

-------------------------------------------------------
 T E S T S
-------------------------------------------------------
Running retrofit.ResultTest
Tests run: 4, Failures: 0, Errors: 0, Skipped: 0, Time elapsed: 0.281 sec
Running retrofit.RxJavaCallAdapterFactoryTest
Aug 26, 2015 2:46:35 AM com.squareup.okhttp.mockwebserver.MockWebServer$3 execute
INFO: MockWebServer[54036] starting to accept connections
Aug 26, 2015 2:46:36 AM com.squareup.okhttp.mockwebserver.MockWebServer$3 acceptConnections
INFO: MockWebServer[54036] done accepting connections: Socket closed
Aug 26, 2015 2:46:36 AM com.squareup.okhttp.mockwebserver.MockWebServer$4 processConnection
WARNING: MockWebServer[54036] connection from /127.0.0.1 didn't make a request
Aug 26, 2015 2:46:36 AM com.squareup.okhttp.mockwebserver.MockWebServer$3 execute
INFO: MockWebServer[51381] starting to accept connections
Aug 26, 2015 2:46:36 AM com.squareup.okhttp.mockwebserver.MockWebServer$4 processOneRequest
INFO: MockWebServer[51381] received request: GET / HTTP/1.1 and responded: HTTP/1.1 200 OK
Aug 26, 2015 2:46:36 AM com.squareup.okhttp.mockwebserver.MockWebServer$3 acceptConnections
INFO: MockWebServer[51381] done accepting connections: Socket closed
Aug 26, 2015 2:46:36 AM com.squareup.okhttp.mockwebserver.MockWebServer$3 execute
INFO: MockWebServer[59421] starting to accept connections
Aug 26, 2015 2:46:36 AM com.squareup.okhttp.mockwebserver.MockWebServer$4 processOneRequest
INFO: MockWebServer[59421] received request: GET / HTTP/1.1 and responded: HTTP/1.1 404 OK
Aug 26, 2015 2:46:36 AM com.squareup.okhttp.mockwebserver.MockWebServer$3 acceptConnections
INFO: MockWebServer[59421] done accepting connections: Socket closed
Aug 26, 2015 2:46:36 AM com.squareup.okhttp.mockwebserver.MockWebServer$3 execute
INFO: MockWebServer[32907] starting to accept connections
Aug 26, 2015 2:46:36 AM com.squareup.okhttp.mockwebserver.MockWebServer$3 acceptConnections
INFO: MockWebServer[32907] done accepting connections: Socket closed
Aug 26, 2015 2:46:36 AM com.squareup.okhttp.mockwebserver.MockWebServer$3 execute
INFO: MockWebServer[44319] starting to accept connections
Aug 26, 2015 2:46:36 AM com.squareup.okhttp.mockwebserver.MockWebServer$3 acceptConnections
INFO: MockWebServer[44319] done accepting connections: Socket closed
Aug 26, 2015 2:46:36 AM com.squareup.okhttp.mockwebserver.MockWebServer$3 execute
INFO: MockWebServer[58195] starting to accept connections
Aug 26, 2015 2:46:36 AM com.squareup.okhttp.mockwebserver.MockWebServer$3 acceptConnections
INFO: MockWebServer[58195] done accepting connections: Socket closed
Aug 26, 2015 2:46:36 AM com.squareup.okhttp.mockwebserver.MockWebServer$4 processConnection
WARNING: MockWebServer[58195] connection from /127.0.0.1 didn't make a request
Aug 26, 2015 2:46:36 AM com.squareup.okhttp.mockwebserver.MockWebServer$3 execute
INFO: MockWebServer[40859] starting to accept connections
Aug 26, 2015 2:46:36 AM com.squareup.okhttp.mockwebserver.MockWebServer$4 processOneRequest
INFO: MockWebServer[40859] received request: GET / HTTP/1.1 and responded: HTTP/1.1 200 OK
Aug 26, 2015 2:46:36 AM com.squareup.okhttp.mockwebserver.MockWebServer$3 acceptConnections
INFO: MockWebServer[40859] done accepting connections: Socket closed
Aug 26, 2015 2:46:36 AM com.squareup.okhttp.mockwebserver.MockWebServer$3 execute
INFO: MockWebServer[47378] starting to accept connections
Aug 26, 2015 2:46:36 AM com.squareup.okhttp.mockwebserver.MockWebServer$3 acceptConnections
INFO: MockWebServer[47378] done accepting connections: Socket closed
Aug 26, 2015 2:46:36 AM com.squareup.okhttp.mockwebserver.MockWebServer$4 processOneRequest
INFO: MockWebServer[47378] received request: GET / HTTP/1.1 and responded: HTTP/1.1 404 OK
Aug 26, 2015 2:46:36 AM com.squareup.okhttp.mockwebserver.MockWebServer$3 execute
INFO: MockWebServer[55287] starting to accept connections
Aug 26, 2015 2:46:36 AM com.squareup.okhttp.mockwebserver.MockWebServer$3 acceptConnections
INFO: MockWebServer[55287] done accepting connections: Socket is closed
Aug 26, 2015 2:46:36 AM com.squareup.okhttp.mockwebserver.MockWebServer$3 execute
INFO: MockWebServer[35131] starting to accept connections
Aug 26, 2015 2:46:36 AM com.squareup.okhttp.mockwebserver.MockWebServer$4 processConnection
WARNING: MockWebServer[35131] connection from /127.0.0.1 didn't make a request
Aug 26, 2015 2:46:36 AM com.squareup.okhttp.mockwebserver.MockWebServer$3 acceptConnections
INFO: MockWebServer[35131] done accepting connections: Socket closed
Aug 26, 2015 2:46:36 AM com.squareup.okhttp.mockwebserver.MockWebServer$3 execute
INFO: MockWebServer[52840] starting to accept connections
Aug 26, 2015 2:46:36 AM com.squareup.okhttp.mockwebserver.MockWebServer$3 acceptConnections
INFO: MockWebServer[52840] done accepting connections: Socket is closed
Aug 26, 2015 2:46:36 AM com.squareup.okhttp.mockwebserver.MockWebServer$3 execute
INFO: MockWebServer[56825] starting to accept connections
Aug 26, 2015 2:46:36 AM com.squareup.okhttp.mockwebserver.MockWebServer$3 acceptConnections
INFO: MockWebServer[56825] done accepting connections: Socket is closed
Aug 26, 2015 2:46:36 AM com.squareup.okhttp.mockwebserver.MockWebServer$3 execute
INFO: MockWebServer[41376] starting to accept connections
Aug 26, 2015 2:46:36 AM com.squareup.okhttp.mockwebserver.MockWebServer$3 acceptConnections
INFO: MockWebServer[41376] done accepting connections: Socket closed
Aug 26, 2015 2:46:36 AM com.squareup.okhttp.mockwebserver.MockWebServer$4 processOneRequest
INFO: MockWebServer[41376] received request: GET / HTTP/1.1 and responded: HTTP/1.1 200 OK
Aug 26, 2015 2:46:36 AM com.squareup.okhttp.mockwebserver.MockWebServer$3 execute
INFO: MockWebServer[52328] starting to accept connections
Aug 26, 2015 2:46:36 AM com.squareup.okhttp.mockwebserver.MockWebServer$4 processOneRequest
INFO: MockWebServer[52328] received request: GET / HTTP/1.1 and responded: HTTP/1.1 404 OK
Aug 26, 2015 2:46:36 AM com.squareup.okhttp.mockwebserver.MockWebServer$3 acceptConnections
INFO: MockWebServer[52328] done accepting connections: Socket closed
Aug 26, 2015 2:46:36 AM com.squareup.okhttp.mockwebserver.MockWebServer$3 execute
INFO: MockWebServer[43920] starting to accept connections
Aug 26, 2015 2:46:36 AM com.squareup.okhttp.mockwebserver.MockWebServer$3 acceptConnections
INFO: MockWebServer[43920] done accepting connections: Socket is closed
Tests run: 15, Failures: 0, Errors: 0, Skipped: 0, Time elapsed: 1.132 sec

Results :

Tests run: 19, Failures: 0, Errors: 0, Skipped: 0

[INFO] 
[INFO] --- animal-sniffer-maven-plugin:1.14:check (default) @ adapter-rxjava ---
[INFO] Checking unresolved references to org.codehaus.mojo.signature:java16:1.1
[INFO]                                                                         
[INFO] ------------------------------------------------------------------------
[INFO] Building Retrofit Mock Adapter 2.0.0-SNAPSHOT
[INFO] ------------------------------------------------------------------------
[INFO] 
[INFO] --- maven-enforcer-plugin:1.0:enforce (enforce-maven) @ retrofit-mock ---
[INFO] 
[INFO] --- maven-resources-plugin:2.6:resources (default-resources) @ retrofit-mock ---
[INFO] Using 'UTF-8' encoding to copy filtered resources.
[INFO] skip non existing resourceDirectory /home/travis/build/square/retrofit/retrofit-mock/src/main/resources
[INFO] 
[INFO] --- maven-compiler-plugin:3.0:compile (default-compile) @ retrofit-mock ---
[INFO] Changes detected - recompiling the module!
[INFO] Compiling 5 source files to /home/travis/build/square/retrofit/retrofit-mock/target/classes
[INFO] 
[INFO] --- maven-resources-plugin:2.6:testResources (default-testResources) @ retrofit-mock ---
[INFO] Using 'UTF-8' encoding to copy filtered resources.
[INFO] skip non existing resourceDirectory /home/travis/build/square/retrofit/retrofit-mock/src/test/resources
[INFO] 
[INFO] --- maven-compiler-plugin:3.0:testCompile (default-testCompile) @ retrofit-mock ---
[INFO] Changes detected - recompiling the module!
[INFO] Compiling 2 source files to /home/travis/build/square/retrofit/retrofit-mock/target/test-classes
[INFO] 
[INFO] --- maven-surefire-plugin:2.12.4:test (default-test) @ retrofit-mock ---
[INFO] Surefire report directory: /home/travis/build/square/retrofit/retrofit-mock/target/surefire-reports

-------------------------------------------------------
 T E S T S
-------------------------------------------------------
Running retrofit.MockRetrofitTest
Tests run: 10, Failures: 0, Errors: 0, Skipped: 0, Time elapsed: 1.223 sec
Running retrofit.NetworkBehaviorTest
Tests run: 5, Failures: 0, Errors: 0, Skipped: 0, Time elapsed: 0.055 sec

Results :

Tests run: 15, Failures: 0, Errors: 0, Skipped: 0

[INFO] 
[INFO] --- animal-sniffer-maven-plugin:1.14:check (default) @ retrofit-mock ---
[INFO] Checking unresolved references to org.codehaus.mojo.signature:java16:1.1
[INFO]                                                                         
[INFO] ------------------------------------------------------------------------
[INFO] Building Adapter: RxJava Mock 2.0.0-SNAPSHOT
[INFO] ------------------------------------------------------------------------
[INFO] 
[INFO] --- maven-enforcer-plugin:1.0:enforce (enforce-maven) @ adapter-rxjava-mock ---
[INFO] 
[INFO] --- maven-resources-plugin:2.6:resources (default-resources) @ adapter-rxjava-mock ---
[INFO] Using 'UTF-8' encoding to copy filtered resources.
[INFO] skip non existing resourceDirectory /home/travis/build/square/retrofit/retrofit-adapters/rxjava-mock/src/main/resources
[INFO] 
[INFO] --- maven-compiler-plugin:3.0:compile (default-compile) @ adapter-rxjava-mock ---
[INFO] Changes detected - recompiling the module!
[INFO] Compiling 2 source files to /home/travis/build/square/retrofit/retrofit-adapters/rxjava-mock/target/classes
[INFO] 
[INFO] --- maven-resources-plugin:2.6:testResources (default-testResources) @ adapter-rxjava-mock ---
[INFO] Using 'UTF-8' encoding to copy filtered resources.
[INFO] skip non existing resourceDirectory /home/travis/build/square/retrofit/retrofit-adapters/rxjava-mock/src/test/resources
[INFO] 
[INFO] --- maven-compiler-plugin:3.0:testCompile (default-testCompile) @ adapter-rxjava-mock ---
[INFO] Changes detected - recompiling the module!
[INFO] Compiling 1 source file to /home/travis/build/square/retrofit/retrofit-adapters/rxjava-mock/target/test-classes
[INFO] 
[INFO] --- maven-surefire-plugin:2.12.4:test (default-test) @ adapter-rxjava-mock ---
[INFO] Surefire report directory: /home/travis/build/square/retrofit/retrofit-adapters/rxjava-mock/target/surefire-reports

-------------------------------------------------------
 T E S T S
-------------------------------------------------------
Running retrofit.mock.RxJavaBehaviorAdapterTest
Tests run: 4, Failures: 0, Errors: 0, Skipped: 0, Time elapsed: 0.645 sec

Results :

Tests run: 4, Failures: 0, Errors: 0, Skipped: 0

[INFO] 
[INFO] --- animal-sniffer-maven-plugin:1.14:check (default) @ adapter-rxjava-mock ---
[INFO] Checking unresolved references to org.codehaus.mojo.signature:java16:1.1
[INFO]                                                                         
[INFO] ------------------------------------------------------------------------
[INFO] Building Converters 2.0.0-SNAPSHOT
[INFO] ------------------------------------------------------------------------
[INFO] 
[INFO] --- maven-enforcer-plugin:1.0:enforce (enforce-maven) @ retrofit-converters ---
[INFO] 
[INFO] --- animal-sniffer-maven-plugin:1.14:check (default) @ retrofit-converters ---
[INFO] Checking unresolved references to org.codehaus.mojo.signature:java16:1.1
[INFO]                                                                         
[INFO] ------------------------------------------------------------------------
[INFO] Building Converter: Gson 2.0.0-SNAPSHOT
[INFO] ------------------------------------------------------------------------
[INFO] 
[INFO] --- maven-enforcer-plugin:1.0:enforce (enforce-maven) @ converter-gson ---
[INFO] 
[INFO] --- maven-resources-plugin:2.6:resources (default-resources) @ converter-gson ---
[INFO] Using 'UTF-8' encoding to copy filtered resources.
[INFO] skip non existing resourceDirectory /home/travis/build/square/retrofit/retrofit-converters/gson/src/main/resources
[INFO] 
[INFO] --- maven-compiler-plugin:3.0:compile (default-compile) @ converter-gson ---
[INFO] Changes detected - recompiling the module!
[INFO] Compiling 2 source files to /home/travis/build/square/retrofit/retrofit-converters/gson/target/classes
[INFO] 
[INFO] --- maven-resources-plugin:2.6:testResources (default-testResources) @ converter-gson ---
[INFO] Using 'UTF-8' encoding to copy filtered resources.
[INFO] skip non existing resourceDirectory /home/travis/build/square/retrofit/retrofit-converters/gson/src/test/resources
[INFO] 
[INFO] --- maven-compiler-plugin:3.0:testCompile (default-testCompile) @ converter-gson ---
[INFO] Changes detected - recompiling the module!
[INFO] Compiling 1 source file to /home/travis/build/square/retrofit/retrofit-converters/gson/target/test-classes
[INFO] 
[INFO] --- maven-surefire-plugin:2.12.4:test (default-test) @ converter-gson ---
[INFO] Surefire report directory: /home/travis/build/square/retrofit/retrofit-converters/gson/target/surefire-reports

-------------------------------------------------------
 T E S T S
-------------------------------------------------------
Running retrofit.GsonConverterFactoryTest
Aug 26, 2015 2:46:42 AM com.squareup.okhttp.mockwebserver.MockWebServer$3 execute
INFO: MockWebServer[60155] starting to accept connections
Aug 26, 2015 2:46:42 AM com.squareup.okhttp.mockwebserver.MockWebServer$4 processOneRequest
INFO: MockWebServer[60155] received request: POST / HTTP/1.1 and responded: HTTP/1.1 200 OK
Aug 26, 2015 2:46:42 AM com.squareup.okhttp.mockwebserver.MockWebServer$3 acceptConnections
INFO: MockWebServer[60155] done accepting connections: Socket closed
Aug 26, 2015 2:46:42 AM com.squareup.okhttp.mockwebserver.MockWebServer$3 execute
INFO: MockWebServer[42868] starting to accept connections
Aug 26, 2015 2:46:42 AM com.squareup.okhttp.mockwebserver.MockWebServer$4 processOneRequest
INFO: MockWebServer[42868] received request: POST / HTTP/1.1 and responded: HTTP/1.1 200 OK
Aug 26, 2015 2:46:42 AM com.squareup.okhttp.mockwebserver.MockWebServer$3 acceptConnections
INFO: MockWebServer[42868] done accepting connections: Socket closed
Tests run: 2, Failures: 0, Errors: 0, Skipped: 0, Time elapsed: 0.509 sec

Results :

Tests run: 2, Failures: 0, Errors: 0, Skipped: 0

[INFO] 
[INFO] --- animal-sniffer-maven-plugin:1.14:check (default) @ converter-gson ---
[INFO] Checking unresolved references to org.codehaus.mojo.signature:java16:1.1
[INFO]                                                                         
[INFO] ------------------------------------------------------------------------
[INFO] Building Converter: Protocol Buffers 2.0.0-SNAPSHOT
[INFO] ------------------------------------------------------------------------
[INFO] 
[INFO] --- maven-enforcer-plugin:1.0:enforce (enforce-maven) @ converter-protobuf ---
[INFO] 
[INFO] --- maven-resources-plugin:2.6:resources (default-resources) @ converter-protobuf ---
[INFO] Using 'UTF-8' encoding to copy filtered resources.
[INFO] skip non existing resourceDirectory /home/travis/build/square/retrofit/retrofit-converters/protobuf/src/main/resources
[INFO] 
[INFO] --- maven-compiler-plugin:3.0:compile (default-compile) @ converter-protobuf ---
[INFO] Changes detected - recompiling the module!
[INFO] Compiling 2 source files to /home/travis/build/square/retrofit/retrofit-converters/protobuf/target/classes
[WARNING] /home/travis/build/square/retrofit/retrofit-converters/protobuf/src/main/java/retrofit/ProtoConverterFactory.java: /home/travis/build/square/retrofit/retrofit-converters/protobuf/src/main/java/retrofit/ProtoConverterFactory.java uses unchecked or unsafe operations.
[WARNING] /home/travis/build/square/retrofit/retrofit-converters/protobuf/src/main/java/retrofit/ProtoConverterFactory.java: Recompile with -Xlint:unchecked for details.
[INFO] 
[INFO] --- maven-resources-plugin:2.6:testResources (default-testResources) @ converter-protobuf ---
[INFO] Using 'UTF-8' encoding to copy filtered resources.
[INFO] skip non existing resourceDirectory /home/travis/build/square/retrofit/retrofit-converters/protobuf/src/test/resources
[INFO] 
[INFO] --- maven-compiler-plugin:3.0:testCompile (default-testCompile) @ converter-protobuf ---
[INFO] Changes detected - recompiling the module!
[INFO] Compiling 2 source files to /home/travis/build/square/retrofit/retrofit-converters/protobuf/target/test-classes
[INFO] 
[INFO] --- maven-surefire-plugin:2.12.4:test (default-test) @ converter-protobuf ---
[INFO] Surefire report directory: /home/travis/build/square/retrofit/retrofit-converters/protobuf/target/surefire-reports

-------------------------------------------------------
 T E S T S
-------------------------------------------------------
Running retrofit.ProtoConverterFactoryTest
Aug 26, 2015 2:46:43 AM com.squareup.okhttp.mockwebserver.MockWebServer$3 execute
INFO: MockWebServer[33740] starting to accept connections
Aug 26, 2015 2:46:43 AM com.squareup.okhttp.mockwebserver.MockWebServer$4 processOneRequest
INFO: MockWebServer[33740] received request: POST / HTTP/1.1 and responded: HTTP/1.1 200 OK
Aug 26, 2015 2:46:43 AM com.squareup.okhttp.mockwebserver.MockWebServer$3 acceptConnections
INFO: MockWebServer[33740] done accepting connections: Socket closed
Aug 26, 2015 2:46:43 AM com.squareup.okhttp.mockwebserver.MockWebServer$3 execute
INFO: MockWebServer[33205] starting to accept connections
Aug 26, 2015 2:46:43 AM com.squareup.okhttp.mockwebserver.MockWebServer$3 acceptConnections
INFO: MockWebServer[33205] done accepting connections: Socket is closed
Aug 26, 2015 2:46:43 AM com.squareup.okhttp.mockwebserver.MockWebServer$3 execute
INFO: MockWebServer[47407] starting to accept connections
Aug 26, 2015 2:46:43 AM com.squareup.okhttp.mockwebserver.MockWebServer$4 processOneRequest
INFO: MockWebServer[47407] received request: GET / HTTP/1.1 and responded: HTTP/1.1 200 OK
Aug 26, 2015 2:46:43 AM com.squareup.okhttp.mockwebserver.MockWebServer$3 acceptConnections
INFO: MockWebServer[47407] done accepting connections: Socket closed
Aug 26, 2015 2:46:43 AM com.squareup.okhttp.mockwebserver.MockWebServer$3 execute
INFO: MockWebServer[51333] starting to accept connections
Aug 26, 2015 2:46:43 AM com.squareup.okhttp.mockwebserver.MockWebServer$3 acceptConnections
INFO: MockWebServer[51333] done accepting connections: Socket is closed
Aug 26, 2015 2:46:43 AM com.squareup.okhttp.mockwebserver.MockWebServer$3 execute
INFO: MockWebServer[48922] starting to accept connections
Aug 26, 2015 2:46:43 AM com.squareup.okhttp.mockwebserver.MockWebServer$4 processOneRequest
INFO: MockWebServer[48922] received request: GET / HTTP/1.1 and responded: HTTP/1.1 200 OK
Aug 26, 2015 2:46:43 AM com.squareup.okhttp.mockwebserver.MockWebServer$3 acceptConnections
INFO: MockWebServer[48922] done accepting connections: Socket closed
Tests run: 5, Failures: 0, Errors: 0, Skipped: 0, Time elapsed: 0.513 sec

Results :

Tests run: 5, Failures: 0, Errors: 0, Skipped: 0

[INFO] 
[INFO] --- animal-sniffer-maven-plugin:1.14:check (default) @ converter-protobuf ---
[INFO] Checking unresolved references to org.codehaus.mojo.signature:java16:1.1
[INFO]                                                                         
[INFO] ------------------------------------------------------------------------
[INFO] Building Converter: Jackson 2.0.0-SNAPSHOT
[INFO] ------------------------------------------------------------------------
[INFO] 
[INFO] --- maven-enforcer-plugin:1.0:enforce (enforce-maven) @ converter-jackson ---
[INFO] 
[INFO] --- maven-resources-plugin:2.6:resources (default-resources) @ converter-jackson ---
[INFO] Using 'UTF-8' encoding to copy filtered resources.
[INFO] skip non existing resourceDirectory /home/travis/build/square/retrofit/retrofit-converters/jackson/src/main/resources
[INFO] 
[INFO] --- maven-compiler-plugin:3.0:compile (default-compile) @ converter-jackson ---
[INFO] Changes detected - recompiling the module!
[INFO] Compiling 2 source files to /home/travis/build/square/retrofit/retrofit-converters/jackson/target/classes
[INFO] 
[INFO] --- maven-resources-plugin:2.6:testResources (default-testResources) @ converter-jackson ---
[INFO] Using 'UTF-8' encoding to copy filtered resources.
[INFO] skip non existing resourceDirectory /home/travis/build/square/retrofit/retrofit-converters/jackson/src/test/resources
[INFO] 
[INFO] --- maven-compiler-plugin:3.0:testCompile (default-testCompile) @ converter-jackson ---
[INFO] Changes detected - recompiling the module!
[INFO] Compiling 1 source file to /home/travis/build/square/retrofit/retrofit-converters/jackson/target/test-classes
[INFO] 
[INFO] --- maven-surefire-plugin:2.12.4:test (default-test) @ converter-jackson ---
[INFO] Surefire report directory: /home/travis/build/square/retrofit/retrofit-converters/jackson/target/surefire-reports

-------------------------------------------------------
 T E S T S
-------------------------------------------------------
Running retrofit.JacksonConverterFactoryTest
Aug 26, 2015 2:46:44 AM com.squareup.okhttp.mockwebserver.MockWebServer$3 execute
INFO: MockWebServer[36761] starting to accept connections
Aug 26, 2015 2:46:44 AM com.squareup.okhttp.mockwebserver.MockWebServer$4 processOneRequest
INFO: MockWebServer[36761] received request: POST / HTTP/1.1 and responded: HTTP/1.1 200 OK
Aug 26, 2015 2:46:44 AM com.squareup.okhttp.mockwebserver.MockWebServer$3 acceptConnections
INFO: MockWebServer[36761] done accepting connections: Socket closed
Aug 26, 2015 2:46:44 AM com.squareup.okhttp.mockwebserver.MockWebServer$3 execute
INFO: MockWebServer[59209] starting to accept connections
Aug 26, 2015 2:46:44 AM com.squareup.okhttp.mockwebserver.MockWebServer$4 processOneRequest
INFO: MockWebServer[59209] received request: POST / HTTP/1.1 and responded: HTTP/1.1 200 OK
Aug 26, 2015 2:46:44 AM com.squareup.okhttp.mockwebserver.MockWebServer$3 acceptConnections
INFO: MockWebServer[59209] done accepting connections: Socket closed
Tests run: 2, Failures: 0, Errors: 0, Skipped: 0, Time elapsed: 0.699 sec

Results :

Tests run: 2, Failures: 0, Errors: 0, Skipped: 0

[INFO] 
[INFO] --- animal-sniffer-maven-plugin:1.14:check (default) @ converter-jackson ---
[INFO] Checking unresolved references to org.codehaus.mojo.signature:java16:1.1
[INFO]                                                                         
[INFO] ------------------------------------------------------------------------
[INFO] Building Converter: Wire Protocol Buffers 2.0.0-SNAPSHOT
[INFO] ------------------------------------------------------------------------
[INFO] 
[INFO] --- maven-enforcer-plugin:1.0:enforce (enforce-maven) @ converter-wire ---
[INFO] 
[INFO] --- maven-resources-plugin:2.6:resources (default-resources) @ converter-wire ---
[INFO] Using 'UTF-8' encoding to copy filtered resources.
[INFO] skip non existing resourceDirectory /home/travis/build/square/retrofit/retrofit-converters/wire/src/main/resources
[INFO] 
[INFO] --- maven-compiler-plugin:3.0:compile (default-compile) @ converter-wire ---
[INFO] Changes detected - recompiling the module!
[INFO] Compiling 2 source files to /home/travis/build/square/retrofit/retrofit-converters/wire/target/classes
[WARNING] /home/travis/build/square/retrofit/retrofit-converters/wire/src/main/java/retrofit/WireConverterFactory.java: /home/travis/build/square/retrofit/retrofit-converters/wire/src/main/java/retrofit/WireConverterFactory.java uses unchecked or unsafe operations.
[WARNING] /home/travis/build/square/retrofit/retrofit-converters/wire/src/main/java/retrofit/WireConverterFactory.java: Recompile with -Xlint:unchecked for details.
[INFO] 
[INFO] --- maven-resources-plugin:2.6:testResources (default-testResources) @ converter-wire ---
[INFO] Using 'UTF-8' encoding to copy filtered resources.
[INFO] skip non existing resourceDirectory /home/travis/build/square/retrofit/retrofit-converters/wire/src/test/resources
[INFO] 
[INFO] --- maven-compiler-plugin:3.0:testCompile (default-testCompile) @ converter-wire ---
[INFO] Changes detected - recompiling the module!
[INFO] Compiling 2 source files to /home/travis/build/square/retrofit/retrofit-converters/wire/target/test-classes
[INFO] 
[INFO] --- maven-surefire-plugin:2.12.4:test (default-test) @ converter-wire ---
[INFO] Surefire report directory: /home/travis/build/square/retrofit/retrofit-converters/wire/target/surefire-reports

-------------------------------------------------------
 T E S T S
-------------------------------------------------------
Running retrofit.WireConverterFactoryTest
Aug 26, 2015 2:46:45 AM com.squareup.okhttp.mockwebserver.MockWebServer$3 execute
INFO: MockWebServer[56297] starting to accept connections
Aug 26, 2015 2:46:46 AM com.squareup.okhttp.mockwebserver.MockWebServer$4 processOneRequest
INFO: MockWebServer[56297] received request: POST / HTTP/1.1 and responded: HTTP/1.1 200 OK
Aug 26, 2015 2:46:46 AM com.squareup.okhttp.mockwebserver.MockWebServer$3 acceptConnections
INFO: MockWebServer[56297] done accepting connections: Socket closed
Aug 26, 2015 2:46:46 AM com.squareup.okhttp.mockwebserver.MockWebServer$3 execute
INFO: MockWebServer[38810] starting to accept connections
Aug 26, 2015 2:46:46 AM com.squareup.okhttp.mockwebserver.MockWebServer$3 acceptConnections
INFO: MockWebServer[38810] done accepting connections: Socket is closed
Aug 26, 2015 2:46:46 AM com.squareup.okhttp.mockwebserver.MockWebServer$3 execute
INFO: MockWebServer[50039] starting to accept connections
Aug 26, 2015 2:46:46 AM com.squareup.okhttp.mockwebserver.MockWebServer$4 processOneRequest
INFO: MockWebServer[50039] received request: GET / HTTP/1.1 and responded: HTTP/1.1 200 OK
Aug 26, 2015 2:46:46 AM com.squareup.okhttp.mockwebserver.MockWebServer$3 acceptConnections
INFO: MockWebServer[50039] done accepting connections: Socket closed
Aug 26, 2015 2:46:46 AM com.squareup.okhttp.mockwebserver.MockWebServer$3 execute
INFO: MockWebServer[35574] starting to accept connections
Aug 26, 2015 2:46:46 AM com.squareup.okhttp.mockwebserver.MockWebServer$3 acceptConnections
INFO: MockWebServer[35574] done accepting connections: Socket is closed
Aug 26, 2015 2:46:46 AM com.squareup.okhttp.mockwebserver.MockWebServer$3 execute
INFO: MockWebServer[34330] starting to accept connections
Aug 26, 2015 2:46:46 AM com.squareup.okhttp.mockwebserver.MockWebServer$3 acceptConnections
INFO: MockWebServer[34330] done accepting connections: Socket closed
Aug 26, 2015 2:46:46 AM com.squareup.okhttp.mockwebserver.MockWebServer$4 processOneRequest
INFO: MockWebServer[34330] received request: GET / HTTP/1.1 and responded: HTTP/1.1 200 OK
Tests run: 5, Failures: 0, Errors: 0, Skipped: 0, Time elapsed: 0.949 sec

Results :

Tests run: 5, Failures: 0, Errors: 0, Skipped: 0

[INFO] 
[INFO] --- animal-sniffer-maven-plugin:1.14:check (default) @ converter-wire ---
[INFO] Checking unresolved references to org.codehaus.mojo.signature:java16:1.1
[INFO]                                                                         
[INFO] ------------------------------------------------------------------------
[INFO] Building Converter: SimpleXML 2.0.0-SNAPSHOT
[INFO] ------------------------------------------------------------------------
[INFO] 
[INFO] --- maven-enforcer-plugin:1.0:enforce (enforce-maven) @ converter-simplexml ---
[INFO] 
[INFO] --- maven-resources-plugin:2.6:resources (default-resources) @ converter-simplexml ---
[INFO] Using 'UTF-8' encoding to copy filtered resources.
[INFO] skip non existing resourceDirectory /home/travis/build/square/retrofit/retrofit-converters/simplexml/src/main/resources
[INFO] 
[INFO] --- maven-compiler-plugin:3.0:compile (default-compile) @ converter-simplexml ---
[INFO] Changes detected - recompiling the module!
[INFO] Compiling 2 source files to /home/travis/build/square/retrofit/retrofit-converters/simplexml/target/classes
[INFO] 
[INFO] --- maven-resources-plugin:2.6:testResources (default-testResources) @ converter-simplexml ---
[INFO] Using 'UTF-8' encoding to copy filtered resources.
[INFO] skip non existing resourceDirectory /home/travis/build/square/retrofit/retrofit-converters/simplexml/src/test/resources
[INFO] 
[INFO] --- maven-compiler-plugin:3.0:testCompile (default-testCompile) @ converter-simplexml ---
[INFO] Changes detected - recompiling the module!
[INFO] Compiling 2 source files to /home/travis/build/square/retrofit/retrofit-converters/simplexml/target/test-classes
[INFO] 
[INFO] --- maven-surefire-plugin:2.12.4:test (default-test) @ converter-simplexml ---
[INFO] Surefire report directory: /home/travis/build/square/retrofit/retrofit-converters/simplexml/target/surefire-reports

-------------------------------------------------------
 T E S T S
-------------------------------------------------------
Running retrofit.SimpleXmlConverterFactoryTest
Aug 26, 2015 2:46:47 AM com.squareup.okhttp.mockwebserver.MockWebServer$3 execute
INFO: MockWebServer[60815] starting to accept connections
Aug 26, 2015 2:46:48 AM com.squareup.okhttp.mockwebserver.MockWebServer$4 processOneRequest
INFO: MockWebServer[60815] received request: GET / HTTP/1.1 and responded: HTTP/1.1 200 OK
Aug 26, 2015 2:46:48 AM com.squareup.okhttp.mockwebserver.MockWebServer$3 acceptConnections
INFO: MockWebServer[60815] done accepting connections: Socket closed
Aug 26, 2015 2:46:48 AM com.squareup.okhttp.mockwebserver.MockWebServer$3 execute
INFO: MockWebServer[38727] starting to accept connections
Aug 26, 2015 2:46:48 AM com.squareup.okhttp.mockwebserver.MockWebServer$4 processOneRequest
INFO: MockWebServer[38727] received request: GET / HTTP/1.1 and responded: HTTP/1.1 200 OK
Aug 26, 2015 2:46:48 AM com.squareup.okhttp.mockwebserver.MockWebServer$3 acceptConnections
INFO: MockWebServer[38727] done accepting connections: Socket closed
Aug 26, 2015 2:46:48 AM com.squareup.okhttp.mockwebserver.MockWebServer$3 execute
INFO: MockWebServer[35062] starting to accept connections
Aug 26, 2015 2:46:48 AM com.squareup.okhttp.mockwebserver.MockWebServer$4 processOneRequest
INFO: MockWebServer[35062] received request: POST / HTTP/1.1 and responded: HTTP/1.1 200 OK
Aug 26, 2015 2:46:48 AM com.squareup.okhttp.mockwebserver.MockWebServer$3 acceptConnections
INFO: MockWebServer[35062] done accepting connections: Socket closed
Tests run: 3, Failures: 0, Errors: 0, Skipped: 0, Time elapsed: 1.098 sec

Results :

Tests run: 3, Failures: 0, Errors: 0, Skipped: 0

[INFO] 
[INFO] --- animal-sniffer-maven-plugin:1.14:check (default) @ converter-simplexml ---
[INFO] Checking unresolved references to org.codehaus.mojo.signature:java16:1.1
[INFO]                                                                         
[INFO] ------------------------------------------------------------------------
[INFO] Building Converter: Moshi 2.0.0-SNAPSHOT
[INFO] ------------------------------------------------------------------------
[INFO] 
[INFO] --- maven-enforcer-plugin:1.0:enforce (enforce-maven) @ converter-moshi ---
[INFO] 
[INFO] --- maven-resources-plugin:2.6:resources (default-resources) @ converter-moshi ---
[INFO] Using 'UTF-8' encoding to copy filtered resources.
[INFO] skip non existing resourceDirectory /home/travis/build/square/retrofit/retrofit-converters/moshi/src/main/resources
[INFO] 
[INFO] --- maven-compiler-plugin:3.0:compile (default-compile) @ converter-moshi ---
[INFO] Changes detected - recompiling the module!
[INFO] Compiling 2 source files to /home/travis/build/square/retrofit/retrofit-converters/moshi/target/classes
[INFO] 
[INFO] --- maven-resources-plugin:2.6:testResources (default-testResources) @ converter-moshi ---
[INFO] Using 'UTF-8' encoding to copy filtered resources.
[INFO] skip non existing resourceDirectory /home/travis/build/square/retrofit/retrofit-converters/moshi/src/test/resources
[INFO] 
[INFO] --- maven-compiler-plugin:3.0:testCompile (default-testCompile) @ converter-moshi ---
[INFO] Changes detected - recompiling the module!
[INFO] Compiling 1 source file to /home/travis/build/square/retrofit/retrofit-converters/moshi/target/test-classes
[INFO] 
[INFO] --- maven-surefire-plugin:2.12.4:test (default-test) @ converter-moshi ---
[INFO] Surefire report directory: /home/travis/build/square/retrofit/retrofit-converters/moshi/target/surefire-reports

-------------------------------------------------------
 T E S T S
-------------------------------------------------------
Running retrofit.MoshiConverterFactoryTest
Aug 26, 2015 2:46:49 AM com.squareup.okhttp.mockwebserver.MockWebServer$3 execute
INFO: MockWebServer[43731] starting to accept connections
Aug 26, 2015 2:46:50 AM com.squareup.okhttp.mockwebserver.MockWebServer$4 processOneRequest
INFO: MockWebServer[43731] received request: POST / HTTP/1.1 and responded: HTTP/1.1 200 OK
Aug 26, 2015 2:46:50 AM com.squareup.okhttp.mockwebserver.MockWebServer$3 acceptConnections
INFO: MockWebServer[43731] done accepting connections: Socket closed
Aug 26, 2015 2:46:50 AM com.squareup.okhttp.mockwebserver.MockWebServer$3 execute
INFO: MockWebServer[33505] starting to accept connections
Aug 26, 2015 2:46:50 AM com.squareup.okhttp.mockwebserver.MockWebServer$4 processOneRequest
INFO: MockWebServer[33505] received request: POST / HTTP/1.1 and responded: HTTP/1.1 200 OK
Aug 26, 2015 2:46:50 AM com.squareup.okhttp.mockwebserver.MockWebServer$3 acceptConnections
INFO: MockWebServer[33505] done accepting connections: Socket closed
Tests run: 2, Failures: 0, Errors: 0, Skipped: 0, Time elapsed: 0.909 sec

Results :

Tests run: 2, Failures: 0, Errors: 0, Skipped: 0

[INFO] 
[INFO] --- animal-sniffer-maven-plugin:1.14:check (default) @ converter-moshi ---
[INFO] Checking unresolved references to org.codehaus.mojo.signature:java16:1.1
[INFO]                                                                         
[INFO] ------------------------------------------------------------------------
[INFO] Building Samples 2.0.0-SNAPSHOT
[INFO] ------------------------------------------------------------------------
[INFO] 
[INFO] --- maven-enforcer-plugin:1.0:enforce (enforce-maven) @ samples ---
[INFO] 
[INFO] --- maven-resources-plugin:2.6:resources (default-resources) @ samples ---
[INFO] Using 'UTF-8' encoding to copy filtered resources.
[INFO] skip non existing resourceDirectory /home/travis/build/square/retrofit/samples/src/main/resources
[INFO] 
[INFO] --- maven-compiler-plugin:3.0:compile (default-compile) @ samples ---
[INFO] Changes detected - recompiling the module!
[INFO] Compiling 3 source files to /home/travis/build/square/retrofit/samples/target/classes
[INFO] 
[INFO] --- maven-resources-plugin:2.6:testResources (default-testResources) @ samples ---
[INFO] Using 'UTF-8' encoding to copy filtered resources.
[INFO] skip non existing resourceDirectory /home/travis/build/square/retrofit/samples/src/test/resources
[INFO] 
[INFO] --- maven-compiler-plugin:3.0:testCompile (default-testCompile) @ samples ---
[INFO] No sources to compile
[INFO] 
[INFO] --- maven-surefire-plugin:2.12.4:test (default-test) @ samples ---
[INFO] No tests to run.
[INFO] 
[INFO] --- animal-sniffer-maven-plugin:1.14:check (default) @ samples ---
[INFO] Checking unresolved references to org.codehaus.mojo.signature:java16:1.1
[INFO] ------------------------------------------------------------------------
[INFO] Reactor Summary:
[INFO] 
[INFO] Retrofit (Parent) .................................. SUCCESS [  1.492 s]
[INFO] Retrofit ........................................... SUCCESS [  8.974 s]
[INFO] Adapters ........................................... SUCCESS [  0.236 s]
[INFO] Adapter: RxJava .................................... SUCCESS [  2.898 s]
[INFO] Retrofit Mock Adapter .............................. SUCCESS [  2.680 s]
[INFO] Adapter: RxJava Mock ............................... SUCCESS [  1.561 s]
[INFO] Converters ......................................... SUCCESS [  0.147 s]
[INFO] Converter: Gson .................................... SUCCESS [  1.035 s]
[INFO] Converter: Protocol Buffers ........................ SUCCESS [  1.164 s]
[INFO] Converter: Jackson ................................. SUCCESS [  1.275 s]
[INFO] Converter: Wire Protocol Buffers ................... SUCCESS [  1.629 s]
[INFO] Converter: SimpleXML ............................... SUCCESS [  2.256 s]
[INFO] Converter: Moshi ................................... SUCCESS [  1.874 s]
[INFO] Samples ............................................ SUCCESS [  0.635 s]
[INFO] ------------------------------------------------------------------------
[INFO] BUILD SUCCESS
[INFO] ------------------------------------------------------------------------
[INFO] Total time: 28.174 s
[INFO] Finished at: 2015-08-26T02:46:51+00:00
[INFO] Final Memory: 27M/332M
[INFO] ------------------------------------------------------------------------
travis_time:end:200a994e:start=1440557181745198986,finish=1440557218161922193,duration=36416723207[0K
[32;1mThe command "mvn test -B" exited with 0.[0m
travis_fold:start:cache.2[0Kstore build cache
travis_time:start:1092b6ee[0Kchange detected:
/home/travis/.m2/repository/com/squareup/okhttp/mockwebserver/2.5.0/mockwebserver-2.5.0.jar
/home/travis/.m2/repository/com/squareup/okhttp/mockwebserver/2.5.0/mockwebserver-2.5.0.jar.sha1
/home/travis/.m2/repository/com/squareup/okhttp/mockwebserver/2.5.0/mockwebserver-2.5.0.pom
/home/travis/.m2/repository/com/squareup/okhttp/mockwebserver/2.5.0/mockwebserver-2.5.0.pom.sha1
/home/travis/.m2/repository/com/squareup/okhttp/mockwebserver/2.5.0/_remote.repositories
/home/travis/.m2/repository/com/squareup/okhttp/okhttp/2.5.0/okhttp-2.5.0.jar
/home/travis/.m2/repository/com/squareup/okhttp/okhttp/2.5.0/okhttp-2.5.0.jar.sha1
/home/travis/.m2/repository/com/squareup/okhttp/okhttp/2.5.0/okhttp-2.5.0.pom
/home/travis/.m2/repository/com/squareup/okhttp/okhttp/2.5.0/okhttp-2.5.0.pom.sha1
/home/travis/.m2/repository/com/squareup/okhttp/okhttp/2.5.0/_remote.repositories
/home/travis/.m2/repository/com/squareup/okhttp/okhttp-ws/2.5.0/okhttp-ws-2.5.0.jar
/home/travis/.m2/repository/com/squareup/okhtt
...
changes detected, packing new archive
uploading archive
travis_time:end:1092b6ee:start=1440557218166113731,finish=1440557222238199833,duration=4072086102[0Ktravis_fold:end:cache.2[0Ktravis_fold:start:after_success[0Ktravis_time:start:03ddf23d[0K$ .buildscript/deploy_snapshot.sh
Skipping snapshot deployment: wrong branch. Expected 'master' but was 'jw/okhttp-two-five-final'.
travis_time:end:03ddf23d:start=1440557222242206451,finish=1440557222246818573,duration=4612122[0Ktravis_fold:end:after_success[0K
Done. Your build exited with 0.
