Using worker: worker-linux-docker-58024cb1.prod.travis-ci.org:travis-linux-6

travis_fold:start:system_info[0K[33;1mBuild system information[0m
Build language: java
[34m[1mBuild image provisioning date and time[0m
Thu Feb  5 15:09:33 UTC 2015
[34m[1mOperating System Details[0m
Distributor ID:	Ubuntu
Description:	Ubuntu 12.04.5 LTS
Release:	12.04
Codename:	precise
[34m[1mLinux Version[0m
3.13.0-29-generic
[34m[1mCookbooks Version[0m
a68419e https://github.com/travis-ci/travis-cookbooks/tree/a68419e
[34m[1mGCC version[0m
gcc (Ubuntu/Linaro 4.6.3-1ubuntu5) 4.6.3
Copyright (C) 2011 Free Software Foundation, Inc.
This is free software; see the source for copying conditions.  There is NO
warranty; not even for MERCHANTABILITY or FITNESS FOR A PARTICULAR PURPOSE.

[34m[1mLLVM version[0m
clang version 3.4 (tags/RELEASE_34/final)
Target: x86_64-unknown-linux-gnu
Thread model: posix
[34m[1mPre-installed Ruby versions[0m
ruby-1.9.3-p551
[34m[1mPre-installed Node.js versions[0m
v0.10.36
[34m[1mPre-installed Go versions[0m
1.4.1
[34m[1mRedis version[0m
redis-server 2.8.19
[34m[1mriak version[0m
2.0.2
[34m[1mMongoDB version[0m
MongoDB 2.4.12
[34m[1mCouchDB version[0m
couchdb 1.6.1
[34m[1mNeo4j version[0m
1.9.4
[34m[1mRabbitMQ Version[0m
3.4.3
[34m[1mElasticSearch version[0m
1.4.0
[34m[1mInstalled Sphinx versions[0m
2.0.10
2.1.9
2.2.6
[34m[1mDefault Sphinx version[0m
2.2.6
[34m[1mInstalled Firefox version[0m
firefox 31.0esr
[34m[1mPhantomJS version[0m
1.9.8
[34m[1mant -version[0m
Apache Ant(TM) version 1.8.2 compiled on December 3 2011
[34m[1mmvn -version[0m
Apache Maven 3.2.5 (12a6b3acb947671f09b81f49094c53f426d8cea1; 2014-12-14T17:29:23+00:00)
Maven home: /usr/local/maven
Java version: 1.7.0_76, vendor: Oracle Corporation
Java home: /usr/lib/jvm/java-7-oracle/jre
Default locale: en_US, platform encoding: ANSI_X3.4-1968
OS name: "linux", version: "3.13.0-29-generic", arch: "amd64", family: "unix"
travis_fold:end:system_info[0K
travis_fold:start:git.checkout[0Ktravis_time:start:089092d4[0K$ git clone --depth=50 --branch=jw/path-encoding https://github.com/square/retrofit.git square/retrofit
Cloning into 'square/retrofit'...
remote: Counting objects: 1462, done.[K
remote: Compressing objects:   0% (1/666)   [Kremote: Compressing objects:   1% (7/666)   [Kremote: Compressing objects:   2% (14/666)   [Kremote: Compressing objects:   3% (20/666)   [Kremote: Compressing objects:   4% (27/666)   [Kremote: Compressing objects:   5% (34/666)   [Kremote: Compressing objects:   6% (40/666)   [Kremote: Compressing objects:   7% (47/666)   [Kremote: Compressing objects:   8% (54/666)   [Kremote: Compressing objects:   9% (60/666)   [Kremote: Compressing objects:  10% (67/666)   [Kremote: Compressing objects:  11% (74/666)   [Kremote: Compressing objects:  12% (80/666)   [Kremote: Compressing objects:  13% (87/666)   [Kremote: Compressing objects:  14% (94/666)   [Kremote: Compressing objects:  15% (100/666)   [Kremote: Compressing objects:  16% (107/666)   [Kremote: Compressing objects:  17% (114/666)   [Kremote: Compressing objects:  18% (120/666)   [Kremote: Compressing objects:  19% (127/666)   [Kremote: Compressing objects:  20% (134/666)   [Kremote: Compressing objects:  21% (140/666)   [Kremote: Compressing objects:  22% (147/666)   [Kremote: Compressing objects:  23% (154/666)   [Kremote: Compressing objects:  24% (160/666)   [Kremote: Compressing objects:  25% (167/666)   [Kremote: Compressing objects:  26% (174/666)   [Kremote: Compressing objects:  27% (180/666)   [Kremote: Compressing objects:  28% (187/666)   [Kremote: Compressing objects:  29% (194/666)   [Kremote: Compressing objects:  30% (200/666)   [Kremote: Compressing objects:  31% (207/666)   [Kremote: Compressing objects:  32% (214/666)   [Kremote: Compressing objects:  33% (220/666)   [Kremote: Compressing objects:  34% (227/666)   [Kremote: Compressing objects:  35% (234/666)   [Kremote: Compressing objects:  36% (240/666)   [Kremote: Compressing objects:  37% (247/666)   [Kremote: Compressing objects:  38% (254/666)   [Kremote: Compressing objects:  39% (260/666)   [Kremote: Compressing objects:  40% (267/666)   [Kremote: Compressing objects:  41% (274/666)   [Kremote: Compressing objects:  42% (280/666)   [Kremote: Compressing objects:  43% (287/666)   [Kremote: Compressing objects:  44% (294/666)   [Kremote: Compressing objects:  45% (300/666)   [Kremote: Compressing objects:  46% (307/666)   [Kremote: Compressing objects:  47% (314/666)   [Kremote: Compressing objects:  48% (320/666)   [Kremote: Compressing objects:  49% (327/666)   [Kremote: Compressing objects:  50% (333/666)   [Kremote: Compressing objects:  51% (340/666)   [Kremote: Compressing objects:  52% (347/666)   [Kremote: Compressing objects:  53% (353/666)   [Kremote: Compressing objects:  54% (360/666)   [Kremote: Compressing objects:  55% (367/666)   [Kremote: Compressing objects:  56% (373/666)   [Kremote: Compressing objects:  57% (380/666)   [Kremote: Compressing objects:  58% (387/666)   [Kremote: Compressing objects:  59% (393/666)   [Kremote: Compressing objects:  60% (400/666)   [Kremote: Compressing objects:  61% (407/666)   [Kremote: Compressing objects:  62% (413/666)   [Kremote: Compressing objects:  63% (420/666)   [Kremote: Compressing objects:  64% (427/666)   [Kremote: Compressing objects:  65% (433/666)   [Kremote: Compressing objects:  66% (440/666)   [Kremote: Compressing objects:  67% (447/666)   [Kremote: Compressing objects:  68% (453/666)   [Kremote: Compressing objects:  69% (460/666)   [Kremote: Compressing objects:  70% (467/666)   [Kremote: Compressing objects:  71% (473/666)   [Kremote: Compressing objects:  72% (480/666)   [Kremote: Compressing objects:  73% (487/666)   [Kremote: Compressing objects:  74% (493/666)   [Kremote: Compressing objects:  75% (500/666)   [Kremote: Compressing objects:  76% (507/666)   [Kremote: Compressing objects:  77% (513/666)   [Kremote: Compressing objects:  78% (520/666)   [Kremote: Compressing objects:  79% (527/666)   [Kremote: Compressing objects:  80% (533/666)   [Kremote: Compressing objects:  81% (540/666)   [Kremote: Compressing objects:  82% (547/666)   [Kremote: Compressing objects:  83% (553/666)   [Kremote: Compressing objects:  84% (560/666)   [Kremote: Compressing objects:  85% (567/666)   [Kremote: Compressing objects:  86% (573/666)   [Kremote: Compressing objects:  87% (580/666)   [Kremote: Compressing objects:  88% (587/666)   [Kremote: Compressing objects:  89% (593/666)   [Kremote: Compressing objects:  90% (600/666)   [Kremote: Compressing objects:  91% (607/666)   [Kremote: Compressing objects:  92% (613/666)   [Kremote: Compressing objects:  93% (620/666)   [Kremote: Compressing objects:  94% (627/666)   [Kremote: Compressing objects:  95% (633/666)   [Kremote: Compressing objects:  96% (640/666)   [Kremote: Compressing objects:  97% (647/666)   [Kremote: Compressing objects:  98% (653/666)   [Kremote: Compressing objects:  99% (660/666)   [Kremote: Compressing objects: 100% (666/666)   [Kremote: Compressing objects: 100% (666/666), done.[K
Receiving objects:   0% (1/1462)   Receiving objects:   1% (15/1462)   Receiving objects:   2% (30/1462)   Receiving objects:   3% (44/1462)   Receiving objects:   4% (59/1462)   Receiving objects:   5% (74/1462)   Receiving objects:   6% (88/1462)   Receiving objects:   7% (103/1462)   Receiving objects:   8% (117/1462)   Receiving objects:   9% (132/1462)   Receiving objects:  10% (147/1462)   Receiving objects:  11% (161/1462)   Receiving objects:  12% (176/1462)   Receiving objects:  13% (191/1462)   Receiving objects:  14% (205/1462)   Receiving objects:  15% (220/1462)   Receiving objects:  16% (234/1462)   Receiving objects:  17% (249/1462)   Receiving objects:  18% (264/1462)   Receiving objects:  19% (278/1462)   Receiving objects:  20% (293/1462)   Receiving objects:  21% (308/1462)   Receiving objects:  22% (322/1462)   Receiving objects:  23% (337/1462)   Receiving objects:  24% (351/1462)   Receiving objects:  25% (366/1462)   Receiving objects:  26% (381/1462)   Receiving objects:  27% (395/1462)   Receiving objects:  28% (410/1462)   Receiving objects:  29% (424/1462)   Receiving objects:  30% (439/1462)   Receiving objects:  31% (454/1462)   Receiving objects:  32% (468/1462)   Receiving objects:  33% (483/1462)   Receiving objects:  34% (498/1462)   Receiving objects:  35% (512/1462)   Receiving objects:  36% (527/1462)   Receiving objects:  37% (541/1462)   Receiving objects:  38% (556/1462)   Receiving objects:  39% (571/1462)   Receiving objects:  40% (585/1462)   Receiving objects:  41% (600/1462)   Receiving objects:  42% (615/1462)   Receiving objects:  43% (629/1462)   Receiving objects:  44% (644/1462)   Receiving objects:  45% (658/1462)   Receiving objects:  46% (673/1462)   Receiving objects:  47% (688/1462)   Receiving objects:  48% (702/1462)   Receiving objects:  49% (717/1462)   Receiving objects:  50% (731/1462)   Receiving objects:  51% (746/1462)   Receiving objects:  52% (761/1462)   Receiving objects:  53% (775/1462)   Receiving objects:  54% (790/1462)   Receiving objects:  55% (805/1462)   Receiving objects:  56% (819/1462)   Receiving objects:  57% (834/1462)   Receiving objects:  58% (848/1462)   Receiving objects:  59% (863/1462)   Receiving objects:  60% (878/1462)   Receiving objects:  61% (892/1462)   Receiving objects:  62% (907/1462)   remote: Total 1462 (delta 560), reused 1287 (delta 418), pack-reused 0[K
Receiving objects:  63% (922/1462)   Receiving objects:  64% (936/1462)   Receiving objects:  65% (951/1462)   Receiving objects:  66% (965/1462)   Receiving objects:  67% (980/1462)   Receiving objects:  68% (995/1462)   Receiving objects:  69% (1009/1462)   Receiving objects:  70% (1024/1462)   Receiving objects:  71% (1039/1462)   Receiving objects:  72% (1053/1462)   Receiving objects:  73% (1068/1462)   Receiving objects:  74% (1082/1462)   Receiving objects:  75% (1097/1462)   Receiving objects:  76% (1112/1462)   Receiving objects:  77% (1126/1462)   Receiving objects:  78% (1141/1462)   Receiving objects:  79% (1155/1462)   Receiving objects:  80% (1170/1462)   Receiving objects:  81% (1185/1462)   Receiving objects:  82% (1199/1462)   Receiving objects:  83% (1214/1462)   Receiving objects:  84% (1229/1462)   Receiving objects:  85% (1243/1462)   Receiving objects:  86% (1258/1462)   Receiving objects:  87% (1272/1462)   Receiving objects:  88% (1287/1462)   Receiving objects:  89% (1302/1462)   Receiving objects:  90% (1316/1462)   Receiving objects:  91% (1331/1462)   Receiving objects:  92% (1346/1462)   Receiving objects:  93% (1360/1462)   Receiving objects:  94% (1375/1462)   Receiving objects:  95% (1389/1462)   Receiving objects:  96% (1404/1462)   Receiving objects:  97% (1419/1462)   Receiving objects:  98% (1433/1462)   Receiving objects:  99% (1448/1462)   Receiving objects: 100% (1462/1462)   Receiving objects: 100% (1462/1462), 322.32 KiB | 0 bytes/s, done.
Resolving deltas:   0% (0/560)   Resolving deltas:   3% (17/560)   Resolving deltas:   5% (31/560)   Resolving deltas:   6% (35/560)   Resolving deltas:  11% (65/560)   Resolving deltas:  12% (69/560)   Resolving deltas:  13% (78/560)   Resolving deltas:  14% (83/560)   Resolving deltas:  15% (84/560)   Resolving deltas:  17% (98/560)   Resolving deltas:  18% (101/560)   Resolving deltas:  19% (111/560)   Resolving deltas:  22% (124/560)   Resolving deltas:  23% (131/560)   Resolving deltas:  25% (143/560)   Resolving deltas:  28% (157/560)   Resolving deltas:  30% (171/560)   Resolving deltas:  33% (189/560)   Resolving deltas:  35% (196/560)   Resolving deltas:  36% (204/560)   Resolving deltas:  37% (210/560)   Resolving deltas:  38% (217/560)   Resolving deltas:  39% (219/560)   Resolving deltas:  40% (224/560)   Resolving deltas:  42% (239/560)   Resolving deltas:  43% (243/560)   Resolving deltas:  44% (250/560)   Resolving deltas:  46% (259/560)   Resolving deltas:  47% (268/560)   Resolving deltas:  48% (273/560)   Resolving deltas:  50% (285/560)   Resolving deltas:  54% (306/560)   Resolving deltas:  55% (308/560)   Resolving deltas:  56% (314/560)   Resolving deltas:  58% (328/560)   Resolving deltas:  61% (347/560)   Resolving deltas:  63% (355/560)   Resolving deltas:  64% (359/560)   Resolving deltas:  65% (364/560)   Resolving deltas:  67% (378/560)   Resolving deltas:  69% (388/560)   Resolving deltas:  70% (394/560)   Resolving deltas:  75% (420/560)   Resolving deltas:  76% (430/560)   Resolving deltas:  80% (448/560)   Resolving deltas:  81% (455/560)   Resolving deltas:  82% (462/560)   Resolving deltas:  83% (469/560)   Resolving deltas:  87% (489/560)   Resolving deltas:  89% (501/560)   Resolving deltas:  90% (506/560)   Resolving deltas:  91% (510/560)   Resolving deltas:  94% (527/560)   Resolving deltas:  95% (532/560)   Resolving deltas:  97% (545/560)   Resolving deltas:  98% (549/560)   Resolving deltas:  99% (558/560)   Resolving deltas: 100% (560/560)   Resolving deltas: 100% (560/560), done.
Checking connectivity... done.
travis_time:end:089092d4:start=1443158416945029762,finish=1443158417742624415,duration=797594653[0K$ cd square/retrofit
$ git checkout -qf a9c0512fa6f88933702bf0e12243f5a584c01f66
travis_fold:end:git.checkout[0K
[33;1mThis job is running on container-based infrastructure, which does not allow use of 'sudo', setuid and setguid executables.[0m
[33;1mIf you require sudo, add 'sudo: required' to your .travis.yml[0m
[33;1mSee http://docs.travis-ci.com/user/workers/container-based-infrastructure/ for details.[0m

[33;1mSetting environment variables from .travis.yml[0m
$ export CI_DEPLOY_USERNAME=[secure]
$ export CI_DEPLOY_PASSWORD=[secure]

travis_fold:start:cache.1[0KSetting up build cache
$ export CASHER_DIR=$HOME/.casher
travis_time:start:0097a898[0K$ Installing caching utilities
travis_time:end:0097a898:start=1443158419703600569,finish=1443158419758975464,duration=55374895[0Ktravis_time:start:0c2683cb[0Kattempting to download cache archive
fetching jwpath-encoding/cache--jdk-oraclejdk8.tgz
fetching jwpath-encoding/cache--jdk-oraclejdk8.tbz
fetching master/cache--jdk-oraclejdk8.tgz
found cache
travis_time:end:0c2683cb:start=1443158419765579132,finish=1443158421366137357,duration=1600558225[0Ktravis_time:start:11167de7[0Kadding /home/travis/.m2 to cache
travis_time:end:11167de7:start=1443158421371359857,finish=1443158423020574201,duration=1649214344[0Ktravis_fold:end:cache.1[0K$ jdk_switcher use oraclejdk8
Switching to Oracle JDK8 (java-8-oracle), JAVA_HOME will be set to /usr/lib/jvm/java-8-oracle
$ java -Xmx32m -version
java version "1.8.0_31"
Java(TM) SE Runtime Environment (build 1.8.0_31-b13)
Java HotSpot(TM) 64-Bit Server VM (build 25.31-b07, mixed mode)
$ javac -J-Xmx32m -version
javac 1.8.0_31
travis_fold:start:install[0Ktravis_time:start:1f33d9e2[0K$ mvn install -DskipTests=true -Dmaven.javadoc.skip=true -B -V
Java HotSpot(TM) 64-Bit Server VM warning: ignoring option MaxPermSize=192m; support was removed in 8.0
Apache Maven 3.2.5 (12a6b3acb947671f09b81f49094c53f426d8cea1; 2014-12-14T17:29:23+00:00)
Maven home: /usr/local/maven
Java version: 1.8.0_31, vendor: Oracle Corporation
Java home: /usr/lib/jvm/java-8-oracle/jre
Default locale: en_US, platform encoding: UTF-8
OS name: "linux", version: "3.13.0-40-generic", arch: "amd64", family: "unix"
[INFO] Scanning for projects...
[WARNING] 
[WARNING] Some problems were encountered while building the effective model for com.squareup.retrofit:samples:jar:2.0.0-SNAPSHOT
[WARNING] 'build.plugins.plugin.version' for org.apache.maven.plugins:maven-deploy-plugin is missing. @ com.squareup.retrofit:samples:[unknown-version], /home/travis/build/square/retrofit/samples/pom.xml, line 45, column 15
[WARNING] 
[WARNING] It is highly recommended to fix these problems because they threaten the stability of your build.
[WARNING] 
[WARNING] For this reason, future Maven versions might no longer support building such malformed projects.
[WARNING] 
[INFO] ------------------------------------------------------------------------
[INFO] Reactor Build Order:
[INFO] 
[INFO] Retrofit (Parent)
[INFO] Retrofit
[INFO] Adapters
[INFO] Adapter: RxJava
[INFO] Retrofit Mock Adapter
[INFO] Adapter: RxJava Mock
[INFO] Converters
[INFO] Converter: Gson
[INFO] Converter: Protocol Buffers
[INFO] Converter: Jackson
[INFO] Converter: Wire Protocol Buffers
[INFO] Converter: SimpleXML
[INFO] Converter: Moshi
[INFO] Samples
[INFO]                                                                         
[INFO] ------------------------------------------------------------------------
[INFO] Building Retrofit (Parent) 2.0.0-SNAPSHOT
[INFO] ------------------------------------------------------------------------
[INFO] 
[INFO] --- maven-enforcer-plugin:1.0:enforce (enforce-maven) @ parent ---
[INFO] 
[INFO] --- animal-sniffer-maven-plugin:1.14:check (default) @ parent ---
[INFO] Checking unresolved references to org.codehaus.mojo.signature:java16:1.1
[INFO] 
[INFO] --- maven-checkstyle-plugin:2.15:checkstyle (default) @ parent ---
[INFO] 
[INFO] --- maven-install-plugin:2.4:install (default-install) @ parent ---
[INFO] Installing /home/travis/build/square/retrofit/pom.xml to /home/travis/.m2/repository/com/squareup/retrofit/parent/2.0.0-SNAPSHOT/parent-2.0.0-SNAPSHOT.pom
[INFO]                                                                         
[INFO] ------------------------------------------------------------------------
[INFO] Building Retrofit 2.0.0-SNAPSHOT
[INFO] ------------------------------------------------------------------------
[INFO] 
[INFO] --- maven-enforcer-plugin:1.0:enforce (enforce-maven) @ retrofit ---
[INFO] 
[INFO] --- maven-resources-plugin:2.6:resources (default-resources) @ retrofit ---
[INFO] Using 'UTF-8' encoding to copy filtered resources.
[INFO] skip non existing resourceDirectory /home/travis/build/square/retrofit/retrofit/src/main/resources
[INFO] 
[INFO] --- maven-compiler-plugin:3.0:compile (default-compile) @ retrofit ---
[INFO] Changes detected - recompiling the module!
[INFO] Compiling 46 source files to /home/travis/build/square/retrofit/retrofit/target/classes
[WARNING] /home/travis/build/square/retrofit/retrofit/src/main/java/retrofit/Retrofit.java: Some input files use unchecked or unsafe operations.
[WARNING] /home/travis/build/square/retrofit/retrofit/src/main/java/retrofit/Retrofit.java: Recompile with -Xlint:unchecked for details.
[INFO] 
[INFO] --- maven-resources-plugin:2.6:testResources (default-testResources) @ retrofit ---
[INFO] Using 'UTF-8' encoding to copy filtered resources.
[INFO] skip non existing resourceDirectory /home/travis/build/square/retrofit/retrofit/src/test/resources
[INFO] 
[INFO] --- maven-compiler-plugin:3.0:testCompile (default-testCompile) @ retrofit ---
[INFO] Changes detected - recompiling the module!
[INFO] Compiling 7 source files to /home/travis/build/square/retrofit/retrofit/target/test-classes
[WARNING] /home/travis/build/square/retrofit/retrofit/src/test/java/retrofit/RetrofitTest.java: /home/travis/build/square/retrofit/retrofit/src/test/java/retrofit/RetrofitTest.java uses unchecked or unsafe operations.
[WARNING] /home/travis/build/square/retrofit/retrofit/src/test/java/retrofit/RetrofitTest.java: Recompile with -Xlint:unchecked for details.
[INFO] 
[INFO] --- maven-surefire-plugin:2.12.4:test (default-test) @ retrofit ---
[INFO] Tests are skipped.
[INFO] 
[INFO] --- animal-sniffer-maven-plugin:1.14:check (default) @ retrofit ---
[INFO] Checking unresolved references to org.codehaus.mojo.signature:java16:1.1
[INFO] 
[INFO] --- maven-jar-plugin:2.4:jar (default-jar) @ retrofit ---
[INFO] Building jar: /home/travis/build/square/retrofit/retrofit/target/retrofit-2.0.0-SNAPSHOT.jar
[INFO] 
[INFO] --- maven-checkstyle-plugin:2.15:checkstyle (default) @ retrofit ---
[INFO] Starting audit...
Audit done.
[WARNING] Unable to locate Source XRef to link to - DISABLED
[INFO] 
[INFO] --- maven-install-plugin:2.4:install (default-install) @ retrofit ---
[INFO] Installing /home/travis/build/square/retrofit/retrofit/target/retrofit-2.0.0-SNAPSHOT.jar to /home/travis/.m2/repository/com/squareup/retrofit/retrofit/2.0.0-SNAPSHOT/retrofit-2.0.0-SNAPSHOT.jar
[INFO] Installing /home/travis/build/square/retrofit/retrofit/pom.xml to /home/travis/.m2/repository/com/squareup/retrofit/retrofit/2.0.0-SNAPSHOT/retrofit-2.0.0-SNAPSHOT.pom
[INFO]                                                                         
[INFO] ------------------------------------------------------------------------
[INFO] Building Adapters 2.0.0-SNAPSHOT
[INFO] ------------------------------------------------------------------------
[INFO] 
[INFO] --- maven-enforcer-plugin:1.0:enforce (enforce-maven) @ retrofit-adapters ---
[INFO] 
[INFO] --- animal-sniffer-maven-plugin:1.14:check (default) @ retrofit-adapters ---
[INFO] Checking unresolved references to org.codehaus.mojo.signature:java16:1.1
[INFO] 
[INFO] --- maven-checkstyle-plugin:2.15:checkstyle (default) @ retrofit-adapters ---
[INFO] 
[INFO] --- maven-install-plugin:2.4:install (default-install) @ retrofit-adapters ---
[INFO] Installing /home/travis/build/square/retrofit/retrofit-adapters/pom.xml to /home/travis/.m2/repository/com/squareup/retrofit/retrofit-adapters/2.0.0-SNAPSHOT/retrofit-adapters-2.0.0-SNAPSHOT.pom
[INFO]                                                                         
[INFO] ------------------------------------------------------------------------
[INFO] Building Adapter: RxJava 2.0.0-SNAPSHOT
[INFO] ------------------------------------------------------------------------
[INFO] 
[INFO] --- maven-enforcer-plugin:1.0:enforce (enforce-maven) @ adapter-rxjava ---
[INFO] 
[INFO] --- maven-resources-plugin:2.6:resources (default-resources) @ adapter-rxjava ---
[INFO] Using 'UTF-8' encoding to copy filtered resources.
[INFO] skip non existing resourceDirectory /home/travis/build/square/retrofit/retrofit-adapters/rxjava/src/main/resources
[INFO] 
[INFO] --- maven-compiler-plugin:3.0:compile (default-compile) @ adapter-rxjava ---
[INFO] Changes detected - recompiling the module!
[INFO] Compiling 4 source files to /home/travis/build/square/retrofit/retrofit-adapters/rxjava/target/classes
[INFO] 
[INFO] --- maven-resources-plugin:2.6:testResources (default-testResources) @ adapter-rxjava ---
[INFO] Using 'UTF-8' encoding to copy filtered resources.
[INFO] skip non existing resourceDirectory /home/travis/build/square/retrofit/retrofit-adapters/rxjava/src/test/resources
[INFO] 
[INFO] --- maven-compiler-plugin:3.0:testCompile (default-testCompile) @ adapter-rxjava ---
[INFO] Changes detected - recompiling the module!
[INFO] Compiling 2 source files to /home/travis/build/square/retrofit/retrofit-adapters/rxjava/target/test-classes
[INFO] 
[INFO] --- maven-surefire-plugin:2.12.4:test (default-test) @ adapter-rxjava ---
[INFO] Tests are skipped.
[INFO] 
[INFO] --- animal-sniffer-maven-plugin:1.14:check (default) @ adapter-rxjava ---
[INFO] Checking unresolved references to org.codehaus.mojo.signature:java16:1.1
[INFO] 
[INFO] --- maven-jar-plugin:2.4:jar (default-jar) @ adapter-rxjava ---
[INFO] Building jar: /home/travis/build/square/retrofit/retrofit-adapters/rxjava/target/adapter-rxjava-2.0.0-SNAPSHOT.jar
[INFO] 
[INFO] --- maven-checkstyle-plugin:2.15:checkstyle (default) @ adapter-rxjava ---
[INFO] Starting audit...
Audit done.
[WARNING] Unable to locate Source XRef to link to - DISABLED
[INFO] 
[INFO] --- maven-install-plugin:2.4:install (default-install) @ adapter-rxjava ---
[INFO] Installing /home/travis/build/square/retrofit/retrofit-adapters/rxjava/target/adapter-rxjava-2.0.0-SNAPSHOT.jar to /home/travis/.m2/repository/com/squareup/retrofit/adapter-rxjava/2.0.0-SNAPSHOT/adapter-rxjava-2.0.0-SNAPSHOT.jar
[INFO] Installing /home/travis/build/square/retrofit/retrofit-adapters/rxjava/pom.xml to /home/travis/.m2/repository/com/squareup/retrofit/adapter-rxjava/2.0.0-SNAPSHOT/adapter-rxjava-2.0.0-SNAPSHOT.pom
[INFO]                                                                         
[INFO] ------------------------------------------------------------------------
[INFO] Building Retrofit Mock Adapter 2.0.0-SNAPSHOT
[INFO] ------------------------------------------------------------------------
[INFO] 
[INFO] --- maven-enforcer-plugin:1.0:enforce (enforce-maven) @ retrofit-mock ---
[INFO] 
[INFO] --- maven-resources-plugin:2.6:resources (default-resources) @ retrofit-mock ---
[INFO] Using 'UTF-8' encoding to copy filtered resources.
[INFO] skip non existing resourceDirectory /home/travis/build/square/retrofit/retrofit-mock/src/main/resources
[INFO] 
[INFO] --- maven-compiler-plugin:3.0:compile (default-compile) @ retrofit-mock ---
[INFO] Changes detected - recompiling the module!
[INFO] Compiling 5 source files to /home/travis/build/square/retrofit/retrofit-mock/target/classes
[INFO] 
[INFO] --- maven-resources-plugin:2.6:testResources (default-testResources) @ retrofit-mock ---
[INFO] Using 'UTF-8' encoding to copy filtered resources.
[INFO] skip non existing resourceDirectory /home/travis/build/square/retrofit/retrofit-mock/src/test/resources
[INFO] 
[INFO] --- maven-compiler-plugin:3.0:testCompile (default-testCompile) @ retrofit-mock ---
[INFO] Changes detected - recompiling the module!
[INFO] Compiling 2 source files to /home/travis/build/square/retrofit/retrofit-mock/target/test-classes
[INFO] 
[INFO] --- maven-surefire-plugin:2.12.4:test (default-test) @ retrofit-mock ---
[INFO] Tests are skipped.
[INFO] 
[INFO] --- animal-sniffer-maven-plugin:1.14:check (default) @ retrofit-mock ---
[INFO] Checking unresolved references to org.codehaus.mojo.signature:java16:1.1
[INFO] 
[INFO] --- maven-jar-plugin:2.4:jar (default-jar) @ retrofit-mock ---
[INFO] Building jar: /home/travis/build/square/retrofit/retrofit-mock/target/retrofit-mock-2.0.0-SNAPSHOT.jar
[INFO] 
[INFO] --- maven-checkstyle-plugin:2.15:checkstyle (default) @ retrofit-mock ---
[INFO] Starting audit...
Audit done.
[WARNING] Unable to locate Source XRef to link to - DISABLED
[INFO] 
[INFO] --- maven-install-plugin:2.4:install (default-install) @ retrofit-mock ---
[INFO] Installing /home/travis/build/square/retrofit/retrofit-mock/target/retrofit-mock-2.0.0-SNAPSHOT.jar to /home/travis/.m2/repository/com/squareup/retrofit/retrofit-mock/2.0.0-SNAPSHOT/retrofit-mock-2.0.0-SNAPSHOT.jar
[INFO] Installing /home/travis/build/square/retrofit/retrofit-mock/pom.xml to /home/travis/.m2/repository/com/squareup/retrofit/retrofit-mock/2.0.0-SNAPSHOT/retrofit-mock-2.0.0-SNAPSHOT.pom
[INFO]                                                                         
[INFO] ------------------------------------------------------------------------
[INFO] Building Adapter: RxJava Mock 2.0.0-SNAPSHOT
[INFO] ------------------------------------------------------------------------
[INFO] 
[INFO] --- maven-enforcer-plugin:1.0:enforce (enforce-maven) @ adapter-rxjava-mock ---
[INFO] 
[INFO] --- maven-resources-plugin:2.6:resources (default-resources) @ adapter-rxjava-mock ---
[INFO] Using 'UTF-8' encoding to copy filtered resources.
[INFO] skip non existing resourceDirectory /home/travis/build/square/retrofit/retrofit-adapters/rxjava-mock/src/main/resources
[INFO] 
[INFO] --- maven-compiler-plugin:3.0:compile (default-compile) @ adapter-rxjava-mock ---
[INFO] Changes detected - recompiling the module!
[INFO] Compiling 2 source files to /home/travis/build/square/retrofit/retrofit-adapters/rxjava-mock/target/classes
[INFO] 
[INFO] --- maven-resources-plugin:2.6:testResources (default-testResources) @ adapter-rxjava-mock ---
[INFO] Using 'UTF-8' encoding to copy filtered resources.
[INFO] skip non existing resourceDirectory /home/travis/build/square/retrofit/retrofit-adapters/rxjava-mock/src/test/resources
[INFO] 
[INFO] --- maven-compiler-plugin:3.0:testCompile (default-testCompile) @ adapter-rxjava-mock ---
[INFO] Changes detected - recompiling the module!
[INFO] Compiling 1 source file to /home/travis/build/square/retrofit/retrofit-adapters/rxjava-mock/target/test-classes
[INFO] 
[INFO] --- maven-surefire-plugin:2.12.4:test (default-test) @ adapter-rxjava-mock ---
[INFO] Tests are skipped.
[INFO] 
[INFO] --- animal-sniffer-maven-plugin:1.14:check (default) @ adapter-rxjava-mock ---
[INFO] Checking unresolved references to org.codehaus.mojo.signature:java16:1.1
[INFO] 
[INFO] --- maven-jar-plugin:2.4:jar (default-jar) @ adapter-rxjava-mock ---
[INFO] Building jar: /home/travis/build/square/retrofit/retrofit-adapters/rxjava-mock/target/adapter-rxjava-mock-2.0.0-SNAPSHOT.jar
[INFO] 
[INFO] --- maven-checkstyle-plugin:2.15:checkstyle (default) @ adapter-rxjava-mock ---
[INFO] Starting audit...
Audit done.
[WARNING] Unable to locate Source XRef to link to - DISABLED
[INFO] 
[INFO] --- maven-install-plugin:2.4:install (default-install) @ adapter-rxjava-mock ---
[INFO] Installing /home/travis/build/square/retrofit/retrofit-adapters/rxjava-mock/target/adapter-rxjava-mock-2.0.0-SNAPSHOT.jar to /home/travis/.m2/repository/com/squareup/retrofit/adapter-rxjava-mock/2.0.0-SNAPSHOT/adapter-rxjava-mock-2.0.0-SNAPSHOT.jar
[INFO] Installing /home/travis/build/square/retrofit/retrofit-adapters/rxjava-mock/pom.xml to /home/travis/.m2/repository/com/squareup/retrofit/adapter-rxjava-mock/2.0.0-SNAPSHOT/adapter-rxjava-mock-2.0.0-SNAPSHOT.pom
[INFO]                                                                         
[INFO] ------------------------------------------------------------------------
[INFO] Building Converters 2.0.0-SNAPSHOT
[INFO] ------------------------------------------------------------------------
[INFO] 
[INFO] --- maven-enforcer-plugin:1.0:enforce (enforce-maven) @ retrofit-converters ---
[INFO] 
[INFO] --- animal-sniffer-maven-plugin:1.14:check (default) @ retrofit-converters ---
[INFO] Checking unresolved references to org.codehaus.mojo.signature:java16:1.1
[INFO] 
[INFO] --- maven-checkstyle-plugin:2.15:checkstyle (default) @ retrofit-converters ---
[INFO] 
[INFO] --- maven-install-plugin:2.4:install (default-install) @ retrofit-converters ---
[INFO] Installing /home/travis/build/square/retrofit/retrofit-converters/pom.xml to /home/travis/.m2/repository/com/squareup/retrofit/retrofit-converters/2.0.0-SNAPSHOT/retrofit-converters-2.0.0-SNAPSHOT.pom
[INFO]                                                                         
[INFO] ------------------------------------------------------------------------
[INFO] Building Converter: Gson 2.0.0-SNAPSHOT
[INFO] ------------------------------------------------------------------------
[INFO] 
[INFO] --- maven-enforcer-plugin:1.0:enforce (enforce-maven) @ converter-gson ---
[INFO] 
[INFO] --- maven-resources-plugin:2.6:resources (default-resources) @ converter-gson ---
[INFO] Using 'UTF-8' encoding to copy filtered resources.
[INFO] skip non existing resourceDirectory /home/travis/build/square/retrofit/retrofit-converters/gson/src/main/resources
[INFO] 
[INFO] --- maven-compiler-plugin:3.0:compile (default-compile) @ converter-gson ---
[INFO] Changes detected - recompiling the module!
[INFO] Compiling 3 source files to /home/travis/build/square/retrofit/retrofit-converters/gson/target/classes
[INFO] 
[INFO] --- maven-resources-plugin:2.6:testResources (default-testResources) @ converter-gson ---
[INFO] Using 'UTF-8' encoding to copy filtered resources.
[INFO] skip non existing resourceDirectory /home/travis/build/square/retrofit/retrofit-converters/gson/src/test/resources
[INFO] 
[INFO] --- maven-compiler-plugin:3.0:testCompile (default-testCompile) @ converter-gson ---
[INFO] Changes detected - recompiling the module!
[INFO] Compiling 1 source file to /home/travis/build/square/retrofit/retrofit-converters/gson/target/test-classes
[INFO] 
[INFO] --- maven-surefire-plugin:2.12.4:test (default-test) @ converter-gson ---
[INFO] Tests are skipped.
[INFO] 
[INFO] --- animal-sniffer-maven-plugin:1.14:check (default) @ converter-gson ---
[INFO] Checking unresolved references to org.codehaus.mojo.signature:java16:1.1
[INFO] 
[INFO] --- maven-jar-plugin:2.4:jar (default-jar) @ converter-gson ---
[INFO] Building jar: /home/travis/build/square/retrofit/retrofit-converters/gson/target/converter-gson-2.0.0-SNAPSHOT.jar
[INFO] 
[INFO] --- maven-checkstyle-plugin:2.15:checkstyle (default) @ converter-gson ---
[INFO] Starting audit...
Audit done.
[WARNING] Unable to locate Source XRef to link to - DISABLED
[INFO] 
[INFO] --- maven-install-plugin:2.4:install (default-install) @ converter-gson ---
[INFO] Installing /home/travis/build/square/retrofit/retrofit-converters/gson/target/converter-gson-2.0.0-SNAPSHOT.jar to /home/travis/.m2/repository/com/squareup/retrofit/converter-gson/2.0.0-SNAPSHOT/converter-gson-2.0.0-SNAPSHOT.jar
[INFO] Installing /home/travis/build/square/retrofit/retrofit-converters/gson/pom.xml to /home/travis/.m2/repository/com/squareup/retrofit/converter-gson/2.0.0-SNAPSHOT/converter-gson-2.0.0-SNAPSHOT.pom
[INFO]                                                                         
[INFO] ------------------------------------------------------------------------
[INFO] Building Converter: Protocol Buffers 2.0.0-SNAPSHOT
[INFO] ------------------------------------------------------------------------
[INFO] 
[INFO] --- maven-enforcer-plugin:1.0:enforce (enforce-maven) @ converter-protobuf ---
[INFO] 
[INFO] --- maven-resources-plugin:2.6:resources (default-resources) @ converter-protobuf ---
[INFO] Using 'UTF-8' encoding to copy filtered resources.
[INFO] skip non existing resourceDirectory /home/travis/build/square/retrofit/retrofit-converters/protobuf/src/main/resources
[INFO] 
[INFO] --- maven-compiler-plugin:3.0:compile (default-compile) @ converter-protobuf ---
[INFO] Changes detected - recompiling the module!
[INFO] Compiling 3 source files to /home/travis/build/square/retrofit/retrofit-converters/protobuf/target/classes
[WARNING] /home/travis/build/square/retrofit/retrofit-converters/protobuf/src/main/java/retrofit/ProtoConverterFactory.java: /home/travis/build/square/retrofit/retrofit-converters/protobuf/src/main/java/retrofit/ProtoConverterFactory.java uses unchecked or unsafe operations.
[WARNING] /home/travis/build/square/retrofit/retrofit-converters/protobuf/src/main/java/retrofit/ProtoConverterFactory.java: Recompile with -Xlint:unchecked for details.
[INFO] 
[INFO] --- maven-resources-plugin:2.6:testResources (default-testResources) @ converter-protobuf ---
[INFO] Using 'UTF-8' encoding to copy filtered resources.
[INFO] skip non existing resourceDirectory /home/travis/build/square/retrofit/retrofit-converters/protobuf/src/test/resources
[INFO] 
[INFO] --- maven-compiler-plugin:3.0:testCompile (default-testCompile) @ converter-protobuf ---
[INFO] Changes detected - recompiling the module!
[INFO] Compiling 2 source files to /home/travis/build/square/retrofit/retrofit-converters/protobuf/target/test-classes
[INFO] 
[INFO] --- maven-surefire-plugin:2.12.4:test (default-test) @ converter-protobuf ---
[INFO] Tests are skipped.
[INFO] 
[INFO] --- animal-sniffer-maven-plugin:1.14:check (default) @ converter-protobuf ---
[INFO] Checking unresolved references to org.codehaus.mojo.signature:java16:1.1
[INFO] 
[INFO] --- maven-jar-plugin:2.4:jar (default-jar) @ converter-protobuf ---
[INFO] Building jar: /home/travis/build/square/retrofit/retrofit-converters/protobuf/target/converter-protobuf-2.0.0-SNAPSHOT.jar
[INFO] 
[INFO] --- maven-checkstyle-plugin:2.15:checkstyle (default) @ converter-protobuf ---
[INFO] Starting audit...
Audit done.
[WARNING] Unable to locate Source XRef to link to - DISABLED
[INFO] 
[INFO] --- maven-install-plugin:2.4:install (default-install) @ converter-protobuf ---
[INFO] Installing /home/travis/build/square/retrofit/retrofit-converters/protobuf/target/converter-protobuf-2.0.0-SNAPSHOT.jar to /home/travis/.m2/repository/com/squareup/retrofit/converter-protobuf/2.0.0-SNAPSHOT/converter-protobuf-2.0.0-SNAPSHOT.jar
[INFO] Installing /home/travis/build/square/retrofit/retrofit-converters/protobuf/pom.xml to /home/travis/.m2/repository/com/squareup/retrofit/converter-protobuf/2.0.0-SNAPSHOT/converter-protobuf-2.0.0-SNAPSHOT.pom
[INFO]                                                                         
[INFO] ------------------------------------------------------------------------
[INFO] Building Converter: Jackson 2.0.0-SNAPSHOT
[INFO] ------------------------------------------------------------------------
[INFO] 
[INFO] --- maven-enforcer-plugin:1.0:enforce (enforce-maven) @ converter-jackson ---
[INFO] 
[INFO] --- maven-resources-plugin:2.6:resources (default-resources) @ converter-jackson ---
[INFO] Using 'UTF-8' encoding to copy filtered resources.
[INFO] skip non existing resourceDirectory /home/travis/build/square/retrofit/retrofit-converters/jackson/src/main/resources
[INFO] 
[INFO] --- maven-compiler-plugin:3.0:compile (default-compile) @ converter-jackson ---
[INFO] Changes detected - recompiling the module!
[INFO] Compiling 3 source files to /home/travis/build/square/retrofit/retrofit-converters/jackson/target/classes
[INFO] 
[INFO] --- maven-resources-plugin:2.6:testResources (default-testResources) @ converter-jackson ---
[INFO] Using 'UTF-8' encoding to copy filtered resources.
[INFO] skip non existing resourceDirectory /home/travis/build/square/retrofit/retrofit-converters/jackson/src/test/resources
[INFO] 
[INFO] --- maven-compiler-plugin:3.0:testCompile (default-testCompile) @ converter-jackson ---
[INFO] Changes detected - recompiling the module!
[INFO] Compiling 1 source file to /home/travis/build/square/retrofit/retrofit-converters/jackson/target/test-classes
[INFO] 
[INFO] --- maven-surefire-plugin:2.12.4:test (default-test) @ converter-jackson ---
[INFO] Tests are skipped.
[INFO] 
[INFO] --- animal-sniffer-maven-plugin:1.14:check (default) @ converter-jackson ---
[INFO] Checking unresolved references to org.codehaus.mojo.signature:java16:1.1
[INFO] 
[INFO] --- maven-jar-plugin:2.4:jar (default-jar) @ converter-jackson ---
[INFO] Building jar: /home/travis/build/square/retrofit/retrofit-converters/jackson/target/converter-jackson-2.0.0-SNAPSHOT.jar
[INFO] 
[INFO] --- maven-checkstyle-plugin:2.15:checkstyle (default) @ converter-jackson ---
[INFO] Starting audit...
Audit done.
[WARNING] Unable to locate Source XRef to link to - DISABLED
[INFO] 
[INFO] --- maven-install-plugin:2.4:install (default-install) @ converter-jackson ---
[INFO] Installing /home/travis/build/square/retrofit/retrofit-converters/jackson/target/converter-jackson-2.0.0-SNAPSHOT.jar to /home/travis/.m2/repository/com/squareup/retrofit/converter-jackson/2.0.0-SNAPSHOT/converter-jackson-2.0.0-SNAPSHOT.jar
[INFO] Installing /home/travis/build/square/retrofit/retrofit-converters/jackson/pom.xml to /home/travis/.m2/repository/com/squareup/retrofit/converter-jackson/2.0.0-SNAPSHOT/converter-jackson-2.0.0-SNAPSHOT.pom
[INFO]                                                                         
[INFO] ------------------------------------------------------------------------
[INFO] Building Converter: Wire Protocol Buffers 2.0.0-SNAPSHOT
[INFO] ------------------------------------------------------------------------
[INFO] 
[INFO] --- maven-enforcer-plugin:1.0:enforce (enforce-maven) @ converter-wire ---
[INFO] 
[INFO] --- maven-resources-plugin:2.6:resources (default-resources) @ converter-wire ---
[INFO] Using 'UTF-8' encoding to copy filtered resources.
[INFO] skip non existing resourceDirectory /home/travis/build/square/retrofit/retrofit-converters/wire/src/main/resources
[INFO] 
[INFO] --- maven-compiler-plugin:3.0:compile (default-compile) @ converter-wire ---
[INFO] Changes detected - recompiling the module!
[INFO] Compiling 3 source files to /home/travis/build/square/retrofit/retrofit-converters/wire/target/classes
[WARNING] /home/travis/build/square/retrofit/retrofit-converters/wire/src/main/java/retrofit/WireConverterFactory.java: /home/travis/build/square/retrofit/retrofit-converters/wire/src/main/java/retrofit/WireConverterFactory.java uses unchecked or unsafe operations.
[WARNING] /home/travis/build/square/retrofit/retrofit-converters/wire/src/main/java/retrofit/WireConverterFactory.java: Recompile with -Xlint:unchecked for details.
[INFO] 
[INFO] --- maven-resources-plugin:2.6:testResources (default-testResources) @ converter-wire ---
[INFO] Using 'UTF-8' encoding to copy filtered resources.
[INFO] skip non existing resourceDirectory /home/travis/build/square/retrofit/retrofit-converters/wire/src/test/resources
[INFO] 
[INFO] --- maven-compiler-plugin:3.0:testCompile (default-testCompile) @ converter-wire ---
[INFO] Changes detected - recompiling the module!
[INFO] Compiling 2 source files to /home/travis/build/square/retrofit/retrofit-converters/wire/target/test-classes
[INFO] 
[INFO] --- maven-surefire-plugin:2.12.4:test (default-test) @ converter-wire ---
[INFO] Tests are skipped.
[INFO] 
[INFO] --- animal-sniffer-maven-plugin:1.14:check (default) @ converter-wire ---
[INFO] Checking unresolved references to org.codehaus.mojo.signature:java16:1.1
[INFO] 
[INFO] --- maven-jar-plugin:2.4:jar (default-jar) @ converter-wire ---
[INFO] Building jar: /home/travis/build/square/retrofit/retrofit-converters/wire/target/converter-wire-2.0.0-SNAPSHOT.jar
[INFO] 
[INFO] --- maven-checkstyle-plugin:2.15:checkstyle (default) @ converter-wire ---
[INFO] Starting audit...
Audit done.
[WARNING] Unable to locate Source XRef to link to - DISABLED
[INFO] 
[INFO] --- maven-install-plugin:2.4:install (default-install) @ converter-wire ---
[INFO] Installing /home/travis/build/square/retrofit/retrofit-converters/wire/target/converter-wire-2.0.0-SNAPSHOT.jar to /home/travis/.m2/repository/com/squareup/retrofit/converter-wire/2.0.0-SNAPSHOT/converter-wire-2.0.0-SNAPSHOT.jar
[INFO] Installing /home/travis/build/square/retrofit/retrofit-converters/wire/pom.xml to /home/travis/.m2/repository/com/squareup/retrofit/converter-wire/2.0.0-SNAPSHOT/converter-wire-2.0.0-SNAPSHOT.pom
[INFO]                                                                         
[INFO] ------------------------------------------------------------------------
[INFO] Building Converter: SimpleXML 2.0.0-SNAPSHOT
[INFO] ------------------------------------------------------------------------
[INFO] 
[INFO] --- maven-enforcer-plugin:1.0:enforce (enforce-maven) @ converter-simplexml ---
[INFO] 
[INFO] --- maven-resources-plugin:2.6:resources (default-resources) @ converter-simplexml ---
[INFO] Using 'UTF-8' encoding to copy filtered resources.
[INFO] skip non existing resourceDirectory /home/travis/build/square/retrofit/retrofit-converters/simplexml/src/main/resources
[INFO] 
[INFO] --- maven-compiler-plugin:3.0:compile (default-compile) @ converter-simplexml ---
[INFO] Changes detected - recompiling the module!
[INFO] Compiling 3 source files to /home/travis/build/square/retrofit/retrofit-converters/simplexml/target/classes
[INFO] 
[INFO] --- maven-resources-plugin:2.6:testResources (default-testResources) @ converter-simplexml ---
[INFO] Using 'UTF-8' encoding to copy filtered resources.
[INFO] skip non existing resourceDirectory /home/travis/build/square/retrofit/retrofit-converters/simplexml/src/test/resources
[INFO] 
[INFO] --- maven-compiler-plugin:3.0:testCompile (default-testCompile) @ converter-simplexml ---
[INFO] Changes detected - recompiling the module!
[INFO] Compiling 2 source files to /home/travis/build/square/retrofit/retrofit-converters/simplexml/target/test-classes
[INFO] 
[INFO] --- maven-surefire-plugin:2.12.4:test (default-test) @ converter-simplexml ---
[INFO] Tests are skipped.
[INFO] 
[INFO] --- animal-sniffer-maven-plugin:1.14:check (default) @ converter-simplexml ---
[INFO] Checking unresolved references to org.codehaus.mojo.signature:java16:1.1
[INFO] 
[INFO] --- maven-jar-plugin:2.4:jar (default-jar) @ converter-simplexml ---
[INFO] Building jar: /home/travis/build/square/retrofit/retrofit-converters/simplexml/target/converter-simplexml-2.0.0-SNAPSHOT.jar
[INFO] 
[INFO] --- maven-checkstyle-plugin:2.15:checkstyle (default) @ converter-simplexml ---
[INFO] Starting audit...
Audit done.
[WARNING] Unable to locate Source XRef to link to - DISABLED
[INFO] 
[INFO] --- maven-install-plugin:2.4:install (default-install) @ converter-simplexml ---
[INFO] Installing /home/travis/build/square/retrofit/retrofit-converters/simplexml/target/converter-simplexml-2.0.0-SNAPSHOT.jar to /home/travis/.m2/repository/com/squareup/retrofit/converter-simplexml/2.0.0-SNAPSHOT/converter-simplexml-2.0.0-SNAPSHOT.jar
[INFO] Installing /home/travis/build/square/retrofit/retrofit-converters/simplexml/pom.xml to /home/travis/.m2/repository/com/squareup/retrofit/converter-simplexml/2.0.0-SNAPSHOT/converter-simplexml-2.0.0-SNAPSHOT.pom
[INFO]                                                                         
[INFO] ------------------------------------------------------------------------
[INFO] Building Converter: Moshi 2.0.0-SNAPSHOT
[INFO] ------------------------------------------------------------------------
[INFO] 
[INFO] --- maven-enforcer-plugin:1.0:enforce (enforce-maven) @ converter-moshi ---
[INFO] 
[INFO] --- maven-resources-plugin:2.6:resources (default-resources) @ converter-moshi ---
[INFO] Using 'UTF-8' encoding to copy filtered resources.
[INFO] skip non existing resourceDirectory /home/travis/build/square/retrofit/retrofit-converters/moshi/src/main/resources
[INFO] 
[INFO] --- maven-compiler-plugin:3.0:compile (default-compile) @ converter-moshi ---
[INFO] Changes detected - recompiling the module!
[INFO] Compiling 3 source files to /home/travis/build/square/retrofit/retrofit-converters/moshi/target/classes
[INFO] 
[INFO] --- maven-resources-plugin:2.6:testResources (default-testResources) @ converter-moshi ---
[INFO] Using 'UTF-8' encoding to copy filtered resources.
[INFO] skip non existing resourceDirectory /home/travis/build/square/retrofit/retrofit-converters/moshi/src/test/resources
[INFO] 
[INFO] --- maven-compiler-plugin:3.0:testCompile (default-testCompile) @ converter-moshi ---
[INFO] Changes detected - recompiling the module!
[INFO] Compiling 1 source file to /home/travis/build/square/retrofit/retrofit-converters/moshi/target/test-classes
[INFO] 
[INFO] --- maven-surefire-plugin:2.12.4:test (default-test) @ converter-moshi ---
[INFO] Tests are skipped.
[INFO] 
[INFO] --- animal-sniffer-maven-plugin:1.14:check (default) @ converter-moshi ---
[INFO] Checking unresolved references to org.codehaus.mojo.signature:java16:1.1
[INFO] 
[INFO] --- maven-jar-plugin:2.4:jar (default-jar) @ converter-moshi ---
[INFO] Building jar: /home/travis/build/square/retrofit/retrofit-converters/moshi/target/converter-moshi-2.0.0-SNAPSHOT.jar
[INFO] 
[INFO] --- maven-checkstyle-plugin:2.15:checkstyle (default) @ converter-moshi ---
[INFO] Starting audit...
Audit done.
[WARNING] Unable to locate Source XRef to link to - DISABLED
[INFO] 
[INFO] --- maven-install-plugin:2.4:install (default-install) @ converter-moshi ---
[INFO] Installing /home/travis/build/square/retrofit/retrofit-converters/moshi/target/converter-moshi-2.0.0-SNAPSHOT.jar to /home/travis/.m2/repository/com/squareup/retrofit/converter-moshi/2.0.0-SNAPSHOT/converter-moshi-2.0.0-SNAPSHOT.jar
[INFO] Installing /home/travis/build/square/retrofit/retrofit-converters/moshi/pom.xml to /home/travis/.m2/repository/com/squareup/retrofit/converter-moshi/2.0.0-SNAPSHOT/converter-moshi-2.0.0-SNAPSHOT.pom
[INFO]                                                                         
[INFO] ------------------------------------------------------------------------
[INFO] Building Samples 2.0.0-SNAPSHOT
[INFO] ------------------------------------------------------------------------
[INFO] 
[INFO] --- maven-enforcer-plugin:1.0:enforce (enforce-maven) @ samples ---
[INFO] 
[INFO] --- maven-resources-plugin:2.6:resources (default-resources) @ samples ---
[INFO] Using 'UTF-8' encoding to copy filtered resources.
[INFO] skip non existing resourceDirectory /home/travis/build/square/retrofit/samples/src/main/resources
[INFO] 
[INFO] --- maven-compiler-plugin:3.0:compile (default-compile) @ samples ---
[INFO] Changes detected - recompiling the module!
[INFO] Compiling 4 source files to /home/travis/build/square/retrofit/samples/target/classes
[INFO] 
[INFO] --- maven-resources-plugin:2.6:testResources (default-testResources) @ samples ---
[INFO] Using 'UTF-8' encoding to copy filtered resources.
[INFO] skip non existing resourceDirectory /home/travis/build/square/retrofit/samples/src/test/resources
[INFO] 
[INFO] --- maven-compiler-plugin:3.0:testCompile (default-testCompile) @ samples ---
[INFO] No sources to compile
[INFO] 
[INFO] --- maven-surefire-plugin:2.12.4:test (default-test) @ samples ---
[INFO] Tests are skipped.
[INFO] 
[INFO] --- animal-sniffer-maven-plugin:1.14:check (default) @ samples ---
[INFO] Checking unresolved references to org.codehaus.mojo.signature:java16:1.1
[INFO] 
[INFO] --- maven-jar-plugin:2.4:jar (default-jar) @ samples ---
[INFO] Building jar: /home/travis/build/square/retrofit/samples/target/samples-2.0.0-SNAPSHOT.jar
[INFO] 
[INFO] --- maven-checkstyle-plugin:2.15:checkstyle (default) @ samples ---
[INFO] Starting audit...
Audit done.
[WARNING] Unable to locate Source XRef to link to - DISABLED
[INFO] 
[INFO] --- maven-install-plugin:2.4:install (default-install) @ samples ---
[INFO] Installing /home/travis/build/square/retrofit/samples/target/samples-2.0.0-SNAPSHOT.jar to /home/travis/.m2/repository/com/squareup/retrofit/samples/2.0.0-SNAPSHOT/samples-2.0.0-SNAPSHOT.jar
[INFO] Installing /home/travis/build/square/retrofit/samples/pom.xml to /home/travis/.m2/repository/com/squareup/retrofit/samples/2.0.0-SNAPSHOT/samples-2.0.0-SNAPSHOT.pom
[INFO] ------------------------------------------------------------------------
[INFO] Reactor Summary:
[INFO] 
[INFO] Retrofit (Parent) .................................. SUCCESS [  4.420 s]
[INFO] Retrofit ........................................... SUCCESS [ 21.959 s]
[INFO] Adapters ........................................... SUCCESS [  0.921 s]
[INFO] Adapter: RxJava .................................... SUCCESS [  4.216 s]
[INFO] Retrofit Mock Adapter .............................. SUCCESS [  3.578 s]
[INFO] Adapter: RxJava Mock ............................... SUCCESS [  2.185 s]
[INFO] Converters ......................................... SUCCESS [  0.339 s]
[INFO] Converter: Gson .................................... SUCCESS [  2.006 s]
[INFO] Converter: Protocol Buffers ........................ SUCCESS [  1.548 s]
[INFO] Converter: Jackson ................................. SUCCESS [  2.239 s]
[INFO] Converter: Wire Protocol Buffers ................... SUCCESS [  2.154 s]
[INFO] Converter: SimpleXML ............................... SUCCESS [  2.295 s]
[INFO] Converter: Moshi ................................... SUCCESS [  1.206 s]
[INFO] Samples ............................................ SUCCESS [  1.759 s]
[INFO] ------------------------------------------------------------------------
[INFO] BUILD SUCCESS
[INFO] ------------------------------------------------------------------------
[INFO] Total time: 51.405 s
[INFO] Finished at: 2015-09-25T05:21:17+00:00
[INFO] Final Memory: 39M/321M
[INFO] ------------------------------------------------------------------------
travis_time:end:1f33d9e2:start=1443158423797980451,finish=1443158478518620172,duration=54720639721[0Ktravis_fold:end:install[0Ktravis_time:start:245001d3[0K$ mvn test -B
Java HotSpot(TM) 64-Bit Server VM warning: ignoring option MaxPermSize=192m; support was removed in 8.0
[INFO] Scanning for projects...
[WARNING] 
[WARNING] Some problems were encountered while building the effective model for com.squareup.retrofit:samples:jar:2.0.0-SNAPSHOT
[WARNING] 'build.plugins.plugin.version' for org.apache.maven.plugins:maven-deploy-plugin is missing. @ com.squareup.retrofit:samples:[unknown-version], /home/travis/build/square/retrofit/samples/pom.xml, line 45, column 15
[WARNING] 
[WARNING] It is highly recommended to fix these problems because they threaten the stability of your build.
[WARNING] 
[WARNING] For this reason, future Maven versions might no longer support building such malformed projects.
[WARNING] 
[INFO] ------------------------------------------------------------------------
[INFO] Reactor Build Order:
[INFO] 
[INFO] Retrofit (Parent)
[INFO] Retrofit
[INFO] Adapters
[INFO] Adapter: RxJava
[INFO] Retrofit Mock Adapter
[INFO] Adapter: RxJava Mock
[INFO] Converters
[INFO] Converter: Gson
[INFO] Converter: Protocol Buffers
[INFO] Converter: Jackson
[INFO] Converter: Wire Protocol Buffers
[INFO] Converter: SimpleXML
[INFO] Converter: Moshi
[INFO] Samples
[INFO]                                                                         
[INFO] ------------------------------------------------------------------------
[INFO] Building Retrofit (Parent) 2.0.0-SNAPSHOT
[INFO] ------------------------------------------------------------------------
[INFO] 
[INFO] --- maven-enforcer-plugin:1.0:enforce (enforce-maven) @ parent ---
[INFO] 
[INFO] --- animal-sniffer-maven-plugin:1.14:check (default) @ parent ---
[INFO] Checking unresolved references to org.codehaus.mojo.signature:java16:1.1
[INFO]                                                                         
[INFO] ------------------------------------------------------------------------
[INFO] Building Retrofit 2.0.0-SNAPSHOT
[INFO] ------------------------------------------------------------------------
[INFO] 
[INFO] --- maven-enforcer-plugin:1.0:enforce (enforce-maven) @ retrofit ---
[INFO] 
[INFO] --- maven-resources-plugin:2.6:resources (default-resources) @ retrofit ---
[INFO] Using 'UTF-8' encoding to copy filtered resources.
[INFO] skip non existing resourceDirectory /home/travis/build/square/retrofit/retrofit/src/main/resources
[INFO] 
[INFO] --- maven-compiler-plugin:3.0:compile (default-compile) @ retrofit ---
[INFO] Changes detected - recompiling the module!
[INFO] Compiling 46 source files to /home/travis/build/square/retrofit/retrofit/target/classes
[WARNING] /home/travis/build/square/retrofit/retrofit/src/main/java/retrofit/Retrofit.java: Some input files use unchecked or unsafe operations.
[WARNING] /home/travis/build/square/retrofit/retrofit/src/main/java/retrofit/Retrofit.java: Recompile with -Xlint:unchecked for details.
[INFO] 
[INFO] --- maven-resources-plugin:2.6:testResources (default-testResources) @ retrofit ---
[INFO] Using 'UTF-8' encoding to copy filtered resources.
[INFO] skip non existing resourceDirectory /home/travis/build/square/retrofit/retrofit/src/test/resources
[INFO] 
[INFO] --- maven-compiler-plugin:3.0:testCompile (default-testCompile) @ retrofit ---
[INFO] Changes detected - recompiling the module!
[INFO] Compiling 7 source files to /home/travis/build/square/retrofit/retrofit/target/test-classes
[WARNING] /home/travis/build/square/retrofit/retrofit/src/test/java/retrofit/RetrofitTest.java: /home/travis/build/square/retrofit/retrofit/src/test/java/retrofit/RetrofitTest.java uses unchecked or unsafe operations.
[WARNING] /home/travis/build/square/retrofit/retrofit/src/test/java/retrofit/RetrofitTest.java: Recompile with -Xlint:unchecked for details.
[INFO] 
[INFO] --- maven-surefire-plugin:2.12.4:test (default-test) @ retrofit ---
[INFO] Surefire report directory: /home/travis/build/square/retrofit/retrofit/target/surefire-reports

-------------------------------------------------------
 T E S T S
-------------------------------------------------------
Running retrofit.RequestBuilderTest
Tests run: 97, Failures: 0, Errors: 0, Skipped: 2, Time elapsed: 0.596 sec
Running retrofit.ExecutorCallAdapterFactoryTest
Tests run: 8, Failures: 0, Errors: 0, Skipped: 0, Time elapsed: 0.143 sec
Running retrofit.CallTest
Sep 25, 2015 5:21:35 AM com.squareup.okhttp.mockwebserver.MockWebServer$3 execute
INFO: MockWebServer[42307] starting to accept connections
Sep 25, 2015 5:21:35 AM com.squareup.okhttp.mockwebserver.MockWebServer$3 acceptConnections
INFO: MockWebServer[42307] done accepting connections: Socket closed
Sep 25, 2015 5:21:35 AM com.squareup.okhttp.mockwebserver.MockWebServer$3 execute
INFO: MockWebServer[58067] starting to accept connections
Sep 25, 2015 5:21:35 AM com.squareup.okhttp.mockwebserver.MockWebServer$3 acceptConnections
INFO: MockWebServer[58067] done accepting connections: Socket closed
Sep 25, 2015 5:21:35 AM com.squareup.okhttp.mockwebserver.MockWebServer$4 processOneRequest
INFO: MockWebServer[58067] received request: GET / HTTP/1.1 and responded: HTTP/1.1 200 OK
Sep 25, 2015 5:21:35 AM com.squareup.okhttp.mockwebserver.MockWebServer$3 execute
INFO: MockWebServer[33018] starting to accept connections
Sep 25, 2015 5:21:35 AM com.squareup.okhttp.mockwebserver.MockWebServer$4 processOneRequest
INFO: MockWebServer[33018] received request: GET / HTTP/1.1 and responded: HTTP/1.1 404 OK
Sep 25, 2015 5:21:35 AM com.squareup.okhttp.mockwebserver.MockWebServer$3 acceptConnections
INFO: MockWebServer[33018] done accepting connections: Socket closed
Sep 25, 2015 5:21:35 AM com.squareup.okhttp.mockwebserver.MockWebServer$3 execute
INFO: MockWebServer[47554] starting to accept connections
Sep 25, 2015 5:21:35 AM com.squareup.okhttp.mockwebserver.MockWebServer$3 acceptConnections
INFO: MockWebServer[47554] done accepting connections: Socket closed
Sep 25, 2015 5:21:35 AM com.squareup.okhttp.mockwebserver.MockWebServer$3 execute
INFO: MockWebServer[37408] starting to accept connections
Sep 25, 2015 5:21:35 AM com.squareup.okhttp.mockwebserver.MockWebServer$3 acceptConnections
INFO: MockWebServer[37408] done accepting connections: Socket closed
Sep 25, 2015 5:21:35 AM com.squareup.okhttp.mockwebserver.MockWebServer$3 execute
INFO: MockWebServer[36348] starting to accept connections
Sep 25, 2015 5:21:35 AM com.squareup.okhttp.mockwebserver.MockWebServer$3 acceptConnections
INFO: MockWebServer[36348] done accepting connections: Socket closed
Sep 25, 2015 5:21:35 AM com.squareup.okhttp.mockwebserver.MockWebServer$4 processOneRequest
INFO: MockWebServer[36348] received request: GET / HTTP/1.1 and responded: HTTP/1.1 200 OK
Sep 25, 2015 5:21:35 AM com.squareup.okhttp.mockwebserver.MockWebServer$3 execute
INFO: MockWebServer[33343] starting to accept connections
Sep 25, 2015 5:21:35 AM com.squareup.okhttp.mockwebserver.MockWebServer$3 acceptConnections
INFO: MockWebServer[33343] done accepting connections: Socket is closed
Sep 25, 2015 5:21:35 AM com.squareup.okhttp.mockwebserver.MockWebServer$3 execute
INFO: MockWebServer[59518] starting to accept connections
Sep 25, 2015 5:21:35 AM com.squareup.okhttp.mockwebserver.MockWebServer$3 acceptConnections
INFO: MockWebServer[59518] done accepting connections: Socket closed
Sep 25, 2015 5:21:35 AM com.squareup.okhttp.mockwebserver.MockWebServer$4 processOneRequest
INFO: MockWebServer[59518] received request: GET / HTTP/1.1 and responded: HTTP/1.1 404 OK
Sep 25, 2015 5:21:35 AM com.squareup.okhttp.mockwebserver.MockWebServer$3 execute
INFO: MockWebServer[48989] starting to accept connections
Sep 25, 2015 5:21:35 AM com.squareup.okhttp.mockwebserver.MockWebServer$3 acceptConnections
INFO: MockWebServer[48989] done accepting connections: Socket closed
Sep 25, 2015 5:21:35 AM com.squareup.okhttp.mockwebserver.MockWebServer$4 processOneRequest
INFO: MockWebServer[48989] received request: POST / HTTP/1.1 and responded: HTTP/1.1 200 OK
Sep 25, 2015 5:21:35 AM com.squareup.okhttp.mockwebserver.MockWebServer$3 execute
INFO: MockWebServer[54535] starting to accept connections
Sep 25, 2015 5:21:35 AM com.squareup.okhttp.mockwebserver.MockWebServer$3 acceptConnections
INFO: MockWebServer[54535] done accepting connections: Socket closed
Sep 25, 2015 5:21:35 AM com.squareup.okhttp.mockwebserver.MockWebServer$4 processOneRequest
INFO: MockWebServer[54535] received request: GET / HTTP/1.1 and responded: HTTP/1.1 204 Nothin
Sep 25, 2015 5:21:35 AM com.squareup.okhttp.mockwebserver.MockWebServer$3 execute
INFO: MockWebServer[52541] starting to accept connections
Sep 25, 2015 5:21:35 AM com.squareup.okhttp.mockwebserver.MockWebServer$3 acceptConnections
INFO: MockWebServer[52541] done accepting connections: Socket closed
Sep 25, 2015 5:21:35 AM com.squareup.okhttp.mockwebserver.MockWebServer$4 processOneRequest
INFO: MockWebServer[52541] received request: GET / HTTP/1.1 and responded: HTTP/1.1 200 OK
Sep 25, 2015 5:21:35 AM com.squareup.okhttp.mockwebserver.MockWebServer$3 execute
INFO: MockWebServer[53635] starting to accept connections
Sep 25, 2015 5:21:35 AM com.squareup.okhttp.mockwebserver.MockWebServer$3 acceptConnections
INFO: MockWebServer[53635] done accepting connections: Socket closed
Sep 25, 2015 5:21:35 AM com.squareup.okhttp.mockwebserver.MockWebServer$4 processOneRequest
INFO: MockWebServer[53635] received request: GET / HTTP/1.1 and responded: HTTP/1.1 200 OK
Sep 25, 2015 5:21:35 AM com.squareup.okhttp.mockwebserver.MockWebServer$3 execute
INFO: MockWebServer[59995] starting to accept connections
Sep 25, 2015 5:21:35 AM com.squareup.okhttp.mockwebserver.MockWebServer$3 acceptConnections
INFO: MockWebServer[59995] done accepting connections: Socket closed
Sep 25, 2015 5:21:35 AM com.squareup.okhttp.mockwebserver.MockWebServer$4 processOneRequest
INFO: MockWebServer[59995] received request: POST / HTTP/1.1 and responded: HTTP/1.1 200 OK
Sep 25, 2015 5:21:35 AM com.squareup.okhttp.mockwebserver.MockWebServer$3 execute
INFO: MockWebServer[58059] starting to accept connections
Sep 25, 2015 5:21:35 AM com.squareup.okhttp.mockwebserver.MockWebServer$3 acceptConnections
INFO: MockWebServer[58059] done accepting connections: Socket is closed
Sep 25, 2015 5:21:35 AM com.squareup.okhttp.mockwebserver.MockWebServer$3 execute
INFO: MockWebServer[51347] starting to accept connections
Sep 25, 2015 5:21:35 AM com.squareup.okhttp.mockwebserver.MockWebServer$3 acceptConnections
INFO: MockWebServer[51347] done accepting connections: Socket closed
Sep 25, 2015 5:21:35 AM com.squareup.okhttp.mockwebserver.MockWebServer$4 processOneRequest
INFO: MockWebServer[51347] received request: GET / HTTP/1.1 and responded: HTTP/1.1 200 OK
Sep 25, 2015 5:21:35 AM com.squareup.okhttp.mockwebserver.MockWebServer$3 execute
INFO: MockWebServer[37746] starting to accept connections
Sep 25, 2015 5:21:35 AM com.squareup.okhttp.mockwebserver.MockWebServer$3 acceptConnections
INFO: MockWebServer[37746] done accepting connections: Socket closed
Sep 25, 2015 5:21:35 AM com.squareup.okhttp.mockwebserver.MockWebServer$4 processOneRequest
INFO: MockWebServer[37746] received request: GET / HTTP/1.1 and responded: HTTP/1.1 200 OK
Sep 25, 2015 5:21:35 AM com.squareup.okhttp.mockwebserver.MockWebServer$3 execute
INFO: MockWebServer[33400] starting to accept connections
Sep 25, 2015 5:21:35 AM com.squareup.okhttp.mockwebserver.MockWebServer$3 acceptConnections
INFO: MockWebServer[33400] done accepting connections: Socket closed
Sep 25, 2015 5:21:35 AM com.squareup.okhttp.mockwebserver.MockWebServer$4 processOneRequest
INFO: MockWebServer[33400] received request: GET / HTTP/1.1 and responded: HTTP/1.1 205 Nothin
Sep 25, 2015 5:21:35 AM com.squareup.okhttp.mockwebserver.MockWebServer$3 execute
INFO: MockWebServer[43661] starting to accept connections
Sep 25, 2015 5:21:35 AM com.squareup.okhttp.mockwebserver.MockWebServer$4 processOneRequest
INFO: MockWebServer[43661] received request: GET / HTTP/1.1 and responded: HTTP/1.1 200 OK
Sep 25, 2015 5:21:35 AM com.squareup.okhttp.mockwebserver.MockWebServer$4 processOneRequest
INFO: MockWebServer[43661] received request: GET / HTTP/1.1 and responded: HTTP/1.1 200 OK
Sep 25, 2015 5:21:35 AM com.squareup.okhttp.mockwebserver.MockWebServer$3 acceptConnections
INFO: MockWebServer[43661] done accepting connections: Socket closed
Sep 25, 2015 5:21:35 AM com.squareup.okhttp.mockwebserver.MockWebServer$3 execute
INFO: MockWebServer[44276] starting to accept connections
Sep 25, 2015 5:21:35 AM com.squareup.okhttp.mockwebserver.MockWebServer$3 acceptConnections
INFO: MockWebServer[44276] done accepting connections: Socket closed
Sep 25, 2015 5:21:35 AM com.squareup.okhttp.mockwebserver.MockWebServer$4 processOneRequest
INFO: MockWebServer[44276] received request: GET / HTTP/1.1 and responded: HTTP/1.1 200 OK
Sep 25, 2015 5:21:35 AM com.squareup.okhttp.mockwebserver.MockWebServer$3 execute
INFO: MockWebServer[38103] starting to accept connections
Sep 25, 2015 5:21:35 AM com.squareup.okhttp.mockwebserver.MockWebServer$3 acceptConnections
INFO: MockWebServer[38103] done accepting connections: Socket is closed
Sep 25, 2015 5:21:36 AM com.squareup.okhttp.mockwebserver.MockWebServer$3 execute
INFO: MockWebServer[47733] starting to accept connections
Sep 25, 2015 5:21:36 AM com.squareup.okhttp.mockwebserver.MockWebServer$3 acceptConnections
INFO: MockWebServer[47733] done accepting connections: Socket closed
Sep 25, 2015 5:21:36 AM com.squareup.okhttp.mockwebserver.MockWebServer$3 execute
INFO: MockWebServer[54964] starting to accept connections
Sep 25, 2015 5:21:36 AM com.squareup.okhttp.mockwebserver.MockWebServer$3 acceptConnections
INFO: MockWebServer[54964] done accepting connections: Socket closed
Sep 25, 2015 5:21:36 AM com.squareup.okhttp.mockwebserver.MockWebServer$4 processOneRequest
INFO: MockWebServer[54964] received request: GET / HTTP/1.1 and responded: HTTP/1.1 200 OK
Sep 25, 2015 5:21:36 AM com.squareup.okhttp.mockwebserver.MockWebServer$3 execute
INFO: MockWebServer[34868] starting to accept connections
Sep 25, 2015 5:21:36 AM com.squareup.okhttp.mockwebserver.MockWebServer$3 acceptConnections
INFO: MockWebServer[34868] done accepting connections: Socket closed
Sep 25, 2015 5:21:36 AM com.squareup.okhttp.mockwebserver.MockWebServer$4 processOneRequest
INFO: MockWebServer[34868] received request: GET / HTTP/1.1 and responded: HTTP/1.1 200 OK
Tests run: 23, Failures: 0, Errors: 0, Skipped: 0, Time elapsed: 0.768 sec
Running retrofit.RequestFactoryParserTest
Tests run: 1, Failures: 0, Errors: 0, Skipped: 0, Time elapsed: 0.004 sec
Running retrofit.RetrofitTest
Sep 25, 2015 5:21:36 AM com.squareup.okhttp.mockwebserver.MockWebServer$3 execute
INFO: MockWebServer[41654] starting to accept connections
Sep 25, 2015 5:21:36 AM com.squareup.okhttp.mockwebserver.MockWebServer$3 acceptConnections
INFO: MockWebServer[41654] done accepting connections: Socket is closed
Sep 25, 2015 5:21:36 AM com.squareup.okhttp.mockwebserver.MockWebServer$3 execute
INFO: MockWebServer[59637] starting to accept connections
Sep 25, 2015 5:21:36 AM com.squareup.okhttp.mockwebserver.MockWebServer$3 acceptConnections
INFO: MockWebServer[59637] done accepting connections: Socket is closed
Sep 25, 2015 5:21:36 AM com.squareup.okhttp.mockwebserver.MockWebServer$3 execute
INFO: MockWebServer[42706] starting to accept connections
Sep 25, 2015 5:21:36 AM com.squareup.okhttp.mockwebserver.MockWebServer$3 acceptConnections
INFO: MockWebServer[42706] done accepting connections: Socket is closed
Sep 25, 2015 5:21:36 AM com.squareup.okhttp.mockwebserver.MockWebServer$3 execute
INFO: MockWebServer[33265] starting to accept connections
Sep 25, 2015 5:21:36 AM com.squareup.okhttp.mockwebserver.MockWebServer$3 acceptConnections
INFO: MockWebServer[33265] done accepting connections: Socket is closed
Sep 25, 2015 5:21:36 AM com.squareup.okhttp.mockwebserver.MockWebServer$3 execute
INFO: MockWebServer[47160] starting to accept connections
Sep 25, 2015 5:21:36 AM com.squareup.okhttp.mockwebserver.MockWebServer$3 acceptConnections
INFO: MockWebServer[47160] done accepting connections: Socket is closed
Sep 25, 2015 5:21:36 AM com.squareup.okhttp.mockwebserver.MockWebServer$3 execute
INFO: MockWebServer[35263] starting to accept connections
Sep 25, 2015 5:21:36 AM com.squareup.okhttp.mockwebserver.MockWebServer$3 acceptConnections
INFO: MockWebServer[35263] done accepting connections: Socket is closed
Sep 25, 2015 5:21:36 AM com.squareup.okhttp.mockwebserver.MockWebServer$3 execute
INFO: MockWebServer[45854] starting to accept connections
Sep 25, 2015 5:21:36 AM com.squareup.okhttp.mockwebserver.MockWebServer$3 acceptConnections
INFO: MockWebServer[45854] done accepting connections: Socket is closed
Sep 25, 2015 5:21:36 AM com.squareup.okhttp.mockwebserver.MockWebServer$3 execute
INFO: MockWebServer[59437] starting to accept connections
Sep 25, 2015 5:21:36 AM com.squareup.okhttp.mockwebserver.MockWebServer$3 acceptConnections
INFO: MockWebServer[59437] done accepting connections: Socket is closed
Sep 25, 2015 5:21:36 AM com.squareup.okhttp.mockwebserver.MockWebServer$3 execute
INFO: MockWebServer[50733] starting to accept connections
Sep 25, 2015 5:21:36 AM com.squareup.okhttp.mockwebserver.MockWebServer$3 acceptConnections
INFO: MockWebServer[50733] done accepting connections: Socket is closed
Sep 25, 2015 5:21:36 AM com.squareup.okhttp.mockwebserver.MockWebServer$3 execute
INFO: MockWebServer[58345] starting to accept connections
Sep 25, 2015 5:21:36 AM com.squareup.okhttp.mockwebserver.MockWebServer$3 acceptConnections
INFO: MockWebServer[58345] done accepting connections: Socket closed
Sep 25, 2015 5:21:36 AM com.squareup.okhttp.mockwebserver.MockWebServer$3 execute
INFO: MockWebServer[60137] starting to accept connections
Sep 25, 2015 5:21:36 AM com.squareup.okhttp.mockwebserver.MockWebServer$3 acceptConnections
INFO: MockWebServer[60137] done accepting connections: Socket closed
Sep 25, 2015 5:21:36 AM com.squareup.okhttp.mockwebserver.MockWebServer$3 execute
INFO: MockWebServer[47313] starting to accept connections
Sep 25, 2015 5:21:36 AM com.squareup.okhttp.mockwebserver.MockWebServer$3 acceptConnections
INFO: MockWebServer[47313] done accepting connections: Socket closed
Sep 25, 2015 5:21:36 AM com.squareup.okhttp.mockwebserver.MockWebServer$4 processOneRequest
INFO: MockWebServer[47313] received request: GET / HTTP/1.1 and responded: HTTP/1.1 200 OK
Sep 25, 2015 5:21:36 AM com.squareup.okhttp.mockwebserver.MockWebServer$3 execute
INFO: MockWebServer[46091] starting to accept connections
Sep 25, 2015 5:21:36 AM com.squareup.okhttp.mockwebserver.MockWebServer$3 acceptConnections
INFO: MockWebServer[46091] done accepting connections: Socket is closed
Sep 25, 2015 5:21:36 AM com.squareup.okhttp.mockwebserver.MockWebServer$3 execute
INFO: MockWebServer[46995] starting to accept connections
Sep 25, 2015 5:21:36 AM com.squareup.okhttp.mockwebserver.MockWebServer$3 acceptConnections
INFO: MockWebServer[46995] done accepting connections: Socket is closed
Sep 25, 2015 5:21:36 AM com.squareup.okhttp.mockwebserver.MockWebServer$3 execute
INFO: MockWebServer[51202] starting to accept connections
Sep 25, 2015 5:21:36 AM com.squareup.okhttp.mockwebserver.MockWebServer$3 acceptConnections
INFO: MockWebServer[51202] done accepting connections: Socket closed
Sep 25, 2015 5:21:36 AM com.squareup.okhttp.mockwebserver.MockWebServer$4 processOneRequest
INFO: MockWebServer[51202] received request: GET / HTTP/1.1 and responded: HTTP/1.1 200 OK
Sep 25, 2015 5:21:36 AM com.squareup.okhttp.mockwebserver.MockWebServer$3 execute
INFO: MockWebServer[34158] starting to accept connections
Sep 25, 2015 5:21:36 AM com.squareup.okhttp.mockwebserver.MockWebServer$3 acceptConnections
INFO: MockWebServer[34158] done accepting connections: Socket is closed
Sep 25, 2015 5:21:36 AM com.squareup.okhttp.mockwebserver.MockWebServer$3 execute
INFO: MockWebServer[35137] starting to accept connections
Sep 25, 2015 5:21:36 AM com.squareup.okhttp.mockwebserver.MockWebServer$3 acceptConnections
INFO: MockWebServer[35137] done accepting connections: Socket closed
Sep 25, 2015 5:21:36 AM com.squareup.okhttp.mockwebserver.MockWebServer$4 processOneRequest
INFO: MockWebServer[35137] received request: POST / HTTP/1.1 and responded: HTTP/1.1 200 OK
Sep 25, 2015 5:21:36 AM com.squareup.okhttp.mockwebserver.MockWebServer$3 execute
INFO: MockWebServer[53678] starting to accept connections
Sep 25, 2015 5:21:36 AM com.squareup.okhttp.mockwebserver.MockWebServer$3 acceptConnections
INFO: MockWebServer[53678] done accepting connections: Socket is closed
Sep 25, 2015 5:21:36 AM com.squareup.okhttp.mockwebserver.MockWebServer$3 execute
INFO: MockWebServer[50215] starting to accept connections
Sep 25, 2015 5:21:36 AM com.squareup.okhttp.mockwebserver.MockWebServer$3 acceptConnections
INFO: MockWebServer[50215] done accepting connections: Socket is closed
Sep 25, 2015 5:21:36 AM com.squareup.okhttp.mockwebserver.MockWebServer$3 execute
INFO: MockWebServer[39530] starting to accept connections
Sep 25, 2015 5:21:36 AM com.squareup.okhttp.mockwebserver.MockWebServer$3 acceptConnections
INFO: MockWebServer[39530] done accepting connections: Socket is closed
Sep 25, 2015 5:21:36 AM com.squareup.okhttp.mockwebserver.MockWebServer$3 execute
INFO: MockWebServer[36621] starting to accept connections
Sep 25, 2015 5:21:36 AM com.squareup.okhttp.mockwebserver.MockWebServer$3 acceptConnections
INFO: MockWebServer[36621] done accepting connections: Socket is closed
Sep 25, 2015 5:21:36 AM com.squareup.okhttp.mockwebserver.MockWebServer$3 execute
INFO: MockWebServer[49783] starting to accept connections
Sep 25, 2015 5:21:36 AM com.squareup.okhttp.mockwebserver.MockWebServer$3 acceptConnections
INFO: MockWebServer[49783] done accepting connections: Socket is closed
Sep 25, 2015 5:21:36 AM com.squareup.okhttp.mockwebserver.MockWebServer$3 execute
INFO: MockWebServer[58851] starting to accept connections
Sep 25, 2015 5:21:36 AM com.squareup.okhttp.mockwebserver.MockWebServer$3 acceptConnections
INFO: MockWebServer[58851] done accepting connections: Socket closed
Sep 25, 2015 5:21:36 AM com.squareup.okhttp.mockwebserver.MockWebServer$4 processOneRequest
INFO: MockWebServer[58851] received request: GET / HTTP/1.1 and responded: HTTP/1.1 200 OK
Sep 25, 2015 5:21:36 AM com.squareup.okhttp.mockwebserver.MockWebServer$3 execute
INFO: MockWebServer[57752] starting to accept connections
Sep 25, 2015 5:21:36 AM com.squareup.okhttp.mockwebserver.MockWebServer$3 acceptConnections
INFO: MockWebServer[57752] done accepting connections: Socket is closed
Sep 25, 2015 5:21:36 AM com.squareup.okhttp.mockwebserver.MockWebServer$3 execute
INFO: MockWebServer[35869] starting to accept connections
Sep 25, 2015 5:21:36 AM com.squareup.okhttp.mockwebserver.MockWebServer$3 acceptConnections
INFO: MockWebServer[35869] done accepting connections: Socket is closed
Sep 25, 2015 5:21:36 AM com.squareup.okhttp.mockwebserver.MockWebServer$3 execute
INFO: MockWebServer[51681] starting to accept connections
Sep 25, 2015 5:21:36 AM com.squareup.okhttp.mockwebserver.MockWebServer$3 acceptConnections
INFO: MockWebServer[51681] done accepting connections: Socket closed
Sep 25, 2015 5:21:36 AM com.squareup.okhttp.mockwebserver.MockWebServer$3 execute
INFO: MockWebServer[36068] starting to accept connections
Sep 25, 2015 5:21:36 AM com.squareup.okhttp.mockwebserver.MockWebServer$3 acceptConnections
INFO: MockWebServer[36068] done accepting connections: Socket is closed
Sep 25, 2015 5:21:36 AM com.squareup.okhttp.mockwebserver.MockWebServer$3 execute
INFO: MockWebServer[60322] starting to accept connections
Sep 25, 2015 5:21:36 AM com.squareup.okhttp.mockwebserver.MockWebServer$3 acceptConnections
INFO: MockWebServer[60322] done accepting connections: Socket is closed
Sep 25, 2015 5:21:36 AM com.squareup.okhttp.mockwebserver.MockWebServer$3 execute
INFO: MockWebServer[37240] starting to accept connections
Sep 25, 2015 5:21:36 AM com.squareup.okhttp.mockwebserver.MockWebServer$3 acceptConnections
INFO: MockWebServer[37240] done accepting connections: Socket closed
Sep 25, 2015 5:21:36 AM com.squareup.okhttp.mockwebserver.MockWebServer$3 execute
INFO: MockWebServer[46261] starting to accept connections
Sep 25, 2015 5:21:36 AM com.squareup.okhttp.mockwebserver.MockWebServer$3 acceptConnections
INFO: MockWebServer[46261] done accepting connections: Socket is closed
Sep 25, 2015 5:21:36 AM com.squareup.okhttp.mockwebserver.MockWebServer$3 execute
INFO: MockWebServer[45251] starting to accept connections
Sep 25, 2015 5:21:36 AM com.squareup.okhttp.mockwebserver.MockWebServer$3 acceptConnections
INFO: MockWebServer[45251] done accepting connections: Socket is closed
Sep 25, 2015 5:21:36 AM com.squareup.okhttp.mockwebserver.MockWebServer$3 execute
INFO: MockWebServer[36552] starting to accept connections
Sep 25, 2015 5:21:36 AM com.squareup.okhttp.mockwebserver.MockWebServer$3 acceptConnections
INFO: MockWebServer[36552] done accepting connections: Socket closed
Sep 25, 2015 5:21:36 AM com.squareup.okhttp.mockwebserver.MockWebServer$3 execute
INFO: MockWebServer[33360] starting to accept connections
Sep 25, 2015 5:21:36 AM com.squareup.okhttp.mockwebserver.MockWebServer$3 acceptConnections
INFO: MockWebServer[33360] done accepting connections: Socket is closed
Sep 25, 2015 5:21:36 AM com.squareup.okhttp.mockwebserver.MockWebServer$3 execute
INFO: MockWebServer[42759] starting to accept connections
Sep 25, 2015 5:21:36 AM com.squareup.okhttp.mockwebserver.MockWebServer$3 acceptConnections
INFO: MockWebServer[42759] done accepting connections: Socket is closed
Sep 25, 2015 5:21:36 AM com.squareup.okhttp.mockwebserver.MockWebServer$3 execute
INFO: MockWebServer[46492] starting to accept connections
Sep 25, 2015 5:21:36 AM com.squareup.okhttp.mockwebserver.MockWebServer$3 acceptConnections
INFO: MockWebServer[46492] done accepting connections: Socket is closed
Sep 25, 2015 5:21:36 AM com.squareup.okhttp.mockwebserver.MockWebServer$3 execute
INFO: MockWebServer[37888] starting to accept connections
Sep 25, 2015 5:21:36 AM com.squareup.okhttp.mockwebserver.MockWebServer$3 acceptConnections
INFO: MockWebServer[37888] done accepting connections: Socket is closed
Sep 25, 2015 5:21:36 AM com.squareup.okhttp.mockwebserver.MockWebServer$3 execute
INFO: MockWebServer[59107] starting to accept connections
Sep 25, 2015 5:21:36 AM com.squareup.okhttp.mockwebserver.MockWebServer$3 acceptConnections
INFO: MockWebServer[59107] done accepting connections: Socket is closed
Sep 25, 2015 5:21:36 AM com.squareup.okhttp.mockwebserver.MockWebServer$3 execute
INFO: MockWebServer[52980] starting to accept connections
Sep 25, 2015 5:21:36 AM com.squareup.okhttp.mockwebserver.MockWebServer$3 acceptConnections
INFO: MockWebServer[52980] done accepting connections: Socket is closed
Sep 25, 2015 5:21:36 AM com.squareup.okhttp.mockwebserver.MockWebServer$3 execute
INFO: MockWebServer[47705] starting to accept connections
Sep 25, 2015 5:21:36 AM com.squareup.okhttp.mockwebserver.MockWebServer$3 acceptConnections
INFO: MockWebServer[47705] done accepting connections: Socket is closed
Sep 25, 2015 5:21:36 AM com.squareup.okhttp.mockwebserver.MockWebServer$3 execute
INFO: MockWebServer[45984] starting to accept connections
Sep 25, 2015 5:21:36 AM com.squareup.okhttp.mockwebserver.MockWebServer$3 acceptConnections
INFO: MockWebServer[45984] done accepting connections: Socket is closed
Sep 25, 2015 5:21:36 AM com.squareup.okhttp.mockwebserver.MockWebServer$3 execute
INFO: MockWebServer[48546] starting to accept connections
Sep 25, 2015 5:21:36 AM com.squareup.okhttp.mockwebserver.MockWebServer$3 acceptConnections
INFO: MockWebServer[48546] done accepting connections: Socket is closed
Sep 25, 2015 5:21:36 AM com.squareup.okhttp.mockwebserver.MockWebServer$3 execute
INFO: MockWebServer[60503] starting to accept connections
Sep 25, 2015 5:21:36 AM com.squareup.okhttp.mockwebserver.MockWebServer$3 acceptConnections
INFO: MockWebServer[60503] done accepting connections: Socket is closed
Sep 25, 2015 5:21:36 AM com.squareup.okhttp.mockwebserver.MockWebServer$3 execute
INFO: MockWebServer[57055] starting to accept connections
Sep 25, 2015 5:21:36 AM com.squareup.okhttp.mockwebserver.MockWebServer$3 acceptConnections
INFO: MockWebServer[57055] done accepting connections: Socket is closed
Sep 25, 2015 5:21:36 AM com.squareup.okhttp.mockwebserver.MockWebServer$3 execute
INFO: MockWebServer[50656] starting to accept connections
Sep 25, 2015 5:21:36 AM com.squareup.okhttp.mockwebserver.MockWebServer$3 acceptConnections
INFO: MockWebServer[50656] done accepting connections: Socket is closed
Sep 25, 2015 5:21:36 AM com.squareup.okhttp.mockwebserver.MockWebServer$3 execute
INFO: MockWebServer[33296] starting to accept connections
Sep 25, 2015 5:21:36 AM com.squareup.okhttp.mockwebserver.MockWebServer$3 acceptConnections
INFO: MockWebServer[33296] done accepting connections: Socket is closed
Sep 25, 2015 5:21:36 AM com.squareup.okhttp.mockwebserver.MockWebServer$3 execute
INFO: MockWebServer[33091] starting to accept connections
Sep 25, 2015 5:21:36 AM com.squareup.okhttp.mockwebserver.MockWebServer$3 acceptConnections
INFO: MockWebServer[33091] done accepting connections: Socket is closed
Sep 25, 2015 5:21:36 AM com.squareup.okhttp.mockwebserver.MockWebServer$3 execute
INFO: MockWebServer[52656] starting to accept connections
Sep 25, 2015 5:21:36 AM com.squareup.okhttp.mockwebserver.MockWebServer$3 acceptConnections
INFO: MockWebServer[52656] done accepting connections: Socket closed
Tests run: 47, Failures: 0, Errors: 0, Skipped: 0, Time elapsed: 0.488 sec

Results :

Tests run: 176, Failures: 0, Errors: 0, Skipped: 2

[INFO] 
[INFO] --- animal-sniffer-maven-plugin:1.14:check (default) @ retrofit ---
[INFO] Checking unresolved references to org.codehaus.mojo.signature:java16:1.1
[INFO]                                                                         
[INFO] ------------------------------------------------------------------------
[INFO] Building Adapters 2.0.0-SNAPSHOT
[INFO] ------------------------------------------------------------------------
[INFO] 
[INFO] --- maven-enforcer-plugin:1.0:enforce (enforce-maven) @ retrofit-adapters ---
[INFO] 
[INFO] --- animal-sniffer-maven-plugin:1.14:check (default) @ retrofit-adapters ---
[INFO] Checking unresolved references to org.codehaus.mojo.signature:java16:1.1
[INFO]                                                                         
[INFO] ------------------------------------------------------------------------
[INFO] Building Adapter: RxJava 2.0.0-SNAPSHOT
[INFO] ------------------------------------------------------------------------
[INFO] 
[INFO] --- maven-enforcer-plugin:1.0:enforce (enforce-maven) @ adapter-rxjava ---
[INFO] 
[INFO] --- maven-resources-plugin:2.6:resources (default-resources) @ adapter-rxjava ---
[INFO] Using 'UTF-8' encoding to copy filtered resources.
[INFO] skip non existing resourceDirectory /home/travis/build/square/retrofit/retrofit-adapters/rxjava/src/main/resources
[INFO] 
[INFO] --- maven-compiler-plugin:3.0:compile (default-compile) @ adapter-rxjava ---
[INFO] Changes detected - recompiling the module!
[INFO] Compiling 4 source files to /home/travis/build/square/retrofit/retrofit-adapters/rxjava/target/classes
[INFO] 
[INFO] --- maven-resources-plugin:2.6:testResources (default-testResources) @ adapter-rxjava ---
[INFO] Using 'UTF-8' encoding to copy filtered resources.
[INFO] skip non existing resourceDirectory /home/travis/build/square/retrofit/retrofit-adapters/rxjava/src/test/resources
[INFO] 
[INFO] --- maven-compiler-plugin:3.0:testCompile (default-testCompile) @ adapter-rxjava ---
[INFO] Changes detected - recompiling the module!
[INFO] Compiling 2 source files to /home/travis/build/square/retrofit/retrofit-adapters/rxjava/target/test-classes
[INFO] 
[INFO] --- maven-surefire-plugin:2.12.4:test (default-test) @ adapter-rxjava ---
[INFO] Surefire report directory: /home/travis/build/square/retrofit/retrofit-adapters/rxjava/target/surefire-reports

-------------------------------------------------------
 T E S T S
-------------------------------------------------------
Running retrofit.ResultTest
Tests run: 4, Failures: 0, Errors: 0, Skipped: 0, Time elapsed: 0.233 sec
Running retrofit.RxJavaCallAdapterFactoryTest
Sep 25, 2015 5:21:39 AM com.squareup.okhttp.mockwebserver.MockWebServer$3 execute
INFO: MockWebServer[36120] starting to accept connections
Sep 25, 2015 5:21:40 AM com.squareup.okhttp.mockwebserver.MockWebServer$4 processConnection
WARNING: MockWebServer[36120] connection from /127.0.0.1 didn't make a request
Sep 25, 2015 5:21:40 AM com.squareup.okhttp.mockwebserver.MockWebServer$3 acceptConnections
INFO: MockWebServer[36120] done accepting connections: Socket closed
Sep 25, 2015 5:21:40 AM com.squareup.okhttp.mockwebserver.MockWebServer$3 execute
INFO: MockWebServer[33158] starting to accept connections
Sep 25, 2015 5:21:40 AM com.squareup.okhttp.mockwebserver.MockWebServer$4 processOneRequest
INFO: MockWebServer[33158] received request: GET / HTTP/1.1 and responded: HTTP/1.1 200 OK
Sep 25, 2015 5:21:40 AM com.squareup.okhttp.mockwebserver.MockWebServer$3 acceptConnections
INFO: MockWebServer[33158] done accepting connections: Socket closed
Sep 25, 2015 5:21:40 AM com.squareup.okhttp.mockwebserver.MockWebServer$3 execute
INFO: MockWebServer[35896] starting to accept connections
Sep 25, 2015 5:21:40 AM com.squareup.okhttp.mockwebserver.MockWebServer$4 processOneRequest
INFO: MockWebServer[35896] received request: GET / HTTP/1.1 and responded: HTTP/1.1 404 OK
Sep 25, 2015 5:21:40 AM com.squareup.okhttp.mockwebserver.MockWebServer$3 acceptConnections
INFO: MockWebServer[35896] done accepting connections: Socket closed
Sep 25, 2015 5:21:40 AM com.squareup.okhttp.mockwebserver.MockWebServer$3 execute
INFO: MockWebServer[57984] starting to accept connections
Sep 25, 2015 5:21:40 AM com.squareup.okhttp.mockwebserver.MockWebServer$3 acceptConnections
INFO: MockWebServer[57984] done accepting connections: Socket closed
Sep 25, 2015 5:21:40 AM com.squareup.okhttp.mockwebserver.MockWebServer$3 execute
INFO: MockWebServer[41381] starting to accept connections
Sep 25, 2015 5:21:40 AM com.squareup.okhttp.mockwebserver.MockWebServer$3 acceptConnections
INFO: MockWebServer[41381] done accepting connections: Socket closed
Sep 25, 2015 5:21:40 AM com.squareup.okhttp.mockwebserver.MockWebServer$3 execute
INFO: MockWebServer[37514] starting to accept connections
Sep 25, 2015 5:21:40 AM com.squareup.okhttp.mockwebserver.MockWebServer$3 acceptConnections
INFO: MockWebServer[37514] done accepting connections: Socket closed
Sep 25, 2015 5:21:40 AM com.squareup.okhttp.mockwebserver.MockWebServer$4 processConnection
WARNING: MockWebServer[37514] connection from /127.0.0.1 didn't make a request
Sep 25, 2015 5:21:40 AM com.squareup.okhttp.mockwebserver.MockWebServer$3 execute
INFO: MockWebServer[48386] starting to accept connections
Sep 25, 2015 5:21:40 AM com.squareup.okhttp.mockwebserver.MockWebServer$4 processOneRequest
INFO: MockWebServer[48386] received request: GET / HTTP/1.1 and responded: HTTP/1.1 200 OK
Sep 25, 2015 5:21:40 AM com.squareup.okhttp.mockwebserver.MockWebServer$3 acceptConnections
INFO: MockWebServer[48386] done accepting connections: Socket closed
Sep 25, 2015 5:21:40 AM com.squareup.okhttp.mockwebserver.MockWebServer$3 execute
INFO: MockWebServer[35080] starting to accept connections
Sep 25, 2015 5:21:40 AM com.squareup.okhttp.mockwebserver.MockWebServer$3 acceptConnections
INFO: MockWebServer[35080] done accepting connections: Socket closed
Sep 25, 2015 5:21:40 AM com.squareup.okhttp.mockwebserver.MockWebServer$4 processOneRequest
INFO: MockWebServer[35080] received request: GET / HTTP/1.1 and responded: HTTP/1.1 404 OK
Sep 25, 2015 5:21:40 AM com.squareup.okhttp.mockwebserver.MockWebServer$3 execute
INFO: MockWebServer[42034] starting to accept connections
Sep 25, 2015 5:21:40 AM com.squareup.okhttp.mockwebserver.MockWebServer$3 acceptConnections
INFO: MockWebServer[42034] done accepting connections: Socket is closed
Sep 25, 2015 5:21:40 AM com.squareup.okhttp.mockwebserver.MockWebServer$3 execute
INFO: MockWebServer[50669] starting to accept connections
Sep 25, 2015 5:21:40 AM com.squareup.okhttp.mockwebserver.MockWebServer$4 processConnection
WARNING: MockWebServer[50669] connection from /127.0.0.1 didn't make a request
Sep 25, 2015 5:21:40 AM com.squareup.okhttp.mockwebserver.MockWebServer$3 acceptConnections
INFO: MockWebServer[50669] done accepting connections: Socket closed
Sep 25, 2015 5:21:40 AM com.squareup.okhttp.mockwebserver.MockWebServer$3 execute
INFO: MockWebServer[41000] starting to accept connections
Sep 25, 2015 5:21:40 AM com.squareup.okhttp.mockwebserver.MockWebServer$3 acceptConnections
INFO: MockWebServer[41000] done accepting connections: Socket is closed
Sep 25, 2015 5:21:40 AM com.squareup.okhttp.mockwebserver.MockWebServer$3 execute
INFO: MockWebServer[45331] starting to accept connections
Sep 25, 2015 5:21:40 AM com.squareup.okhttp.mockwebserver.MockWebServer$3 acceptConnections
INFO: MockWebServer[45331] done accepting connections: Socket closed
Sep 25, 2015 5:21:40 AM com.squareup.okhttp.mockwebserver.MockWebServer$3 execute
INFO: MockWebServer[38144] starting to accept connections
Sep 25, 2015 5:21:40 AM com.squareup.okhttp.mockwebserver.MockWebServer$4 processOneRequest
INFO: MockWebServer[38144] received request: GET / HTTP/1.1 and responded: HTTP/1.1 200 OK
Sep 25, 2015 5:21:40 AM com.squareup.okhttp.mockwebserver.MockWebServer$3 acceptConnections
INFO: MockWebServer[38144] done accepting connections: Socket closed
Sep 25, 2015 5:21:40 AM com.squareup.okhttp.mockwebserver.MockWebServer$3 execute
INFO: MockWebServer[38066] starting to accept connections
Sep 25, 2015 5:21:40 AM com.squareup.okhttp.mockwebserver.MockWebServer$3 acceptConnections
INFO: MockWebServer[38066] done accepting connections: Socket closed
Sep 25, 2015 5:21:40 AM com.squareup.okhttp.mockwebserver.MockWebServer$4 processOneRequest
INFO: MockWebServer[38066] received request: GET / HTTP/1.1 and responded: HTTP/1.1 404 OK
Sep 25, 2015 5:21:40 AM com.squareup.okhttp.mockwebserver.MockWebServer$3 execute
INFO: MockWebServer[41905] starting to accept connections
Sep 25, 2015 5:21:40 AM com.squareup.okhttp.mockwebserver.MockWebServer$3 acceptConnections
INFO: MockWebServer[41905] done accepting connections: Socket is closed
Tests run: 15, Failures: 0, Errors: 0, Skipped: 0, Time elapsed: 0.721 sec

Results :

Tests run: 19, Failures: 0, Errors: 0, Skipped: 0

[INFO] 
[INFO] --- animal-sniffer-maven-plugin:1.14:check (default) @ adapter-rxjava ---
[INFO] Checking unresolved references to org.codehaus.mojo.signature:java16:1.1
[INFO]                                                                         
[INFO] ------------------------------------------------------------------------
[INFO] Building Retrofit Mock Adapter 2.0.0-SNAPSHOT
[INFO] ------------------------------------------------------------------------
[INFO] 
[INFO] --- maven-enforcer-plugin:1.0:enforce (enforce-maven) @ retrofit-mock ---
[INFO] 
[INFO] --- maven-resources-plugin:2.6:resources (default-resources) @ retrofit-mock ---
[INFO] Using 'UTF-8' encoding to copy filtered resources.
[INFO] skip non existing resourceDirectory /home/travis/build/square/retrofit/retrofit-mock/src/main/resources
[INFO] 
[INFO] --- maven-compiler-plugin:3.0:compile (default-compile) @ retrofit-mock ---
[INFO] Changes detected - recompiling the module!
[INFO] Compiling 5 source files to /home/travis/build/square/retrofit/retrofit-mock/target/classes
[INFO] 
[INFO] --- maven-resources-plugin:2.6:testResources (default-testResources) @ retrofit-mock ---
[INFO] Using 'UTF-8' encoding to copy filtered resources.
[INFO] skip non existing resourceDirectory /home/travis/build/square/retrofit/retrofit-mock/src/test/resources
[INFO] 
[INFO] --- maven-compiler-plugin:3.0:testCompile (default-testCompile) @ retrofit-mock ---
[INFO] Changes detected - recompiling the module!
[INFO] Compiling 2 source files to /home/travis/build/square/retrofit/retrofit-mock/target/test-classes
[INFO] 
[INFO] --- maven-surefire-plugin:2.12.4:test (default-test) @ retrofit-mock ---
[INFO] Surefire report directory: /home/travis/build/square/retrofit/retrofit-mock/target/surefire-reports

-------------------------------------------------------
 T E S T S
-------------------------------------------------------
Running retrofit.MockRetrofitTest
Tests run: 10, Failures: 0, Errors: 0, Skipped: 0, Time elapsed: 1.085 sec
Running retrofit.NetworkBehaviorTest
Tests run: 5, Failures: 0, Errors: 0, Skipped: 0, Time elapsed: 0.058 sec

Results :

Tests run: 15, Failures: 0, Errors: 0, Skipped: 0

[INFO] 
[INFO] --- animal-sniffer-maven-plugin:1.14:check (default) @ retrofit-mock ---
[INFO] Checking unresolved references to org.codehaus.mojo.signature:java16:1.1
[INFO]                                                                         
[INFO] ------------------------------------------------------------------------
[INFO] Building Adapter: RxJava Mock 2.0.0-SNAPSHOT
[INFO] ------------------------------------------------------------------------
[INFO] 
[INFO] --- maven-enforcer-plugin:1.0:enforce (enforce-maven) @ adapter-rxjava-mock ---
[INFO] 
[INFO] --- maven-resources-plugin:2.6:resources (default-resources) @ adapter-rxjava-mock ---
[INFO] Using 'UTF-8' encoding to copy filtered resources.
[INFO] skip non existing resourceDirectory /home/travis/build/square/retrofit/retrofit-adapters/rxjava-mock/src/main/resources
[INFO] 
[INFO] --- maven-compiler-plugin:3.0:compile (default-compile) @ adapter-rxjava-mock ---
[INFO] Changes detected - recompiling the module!
[INFO] Compiling 2 source files to /home/travis/build/square/retrofit/retrofit-adapters/rxjava-mock/target/classes
[INFO] 
[INFO] --- maven-resources-plugin:2.6:testResources (default-testResources) @ adapter-rxjava-mock ---
[INFO] Using 'UTF-8' encoding to copy filtered resources.
[INFO] skip non existing resourceDirectory /home/travis/build/square/retrofit/retrofit-adapters/rxjava-mock/src/test/resources
[INFO] 
[INFO] --- maven-compiler-plugin:3.0:testCompile (default-testCompile) @ adapter-rxjava-mock ---
[INFO] Changes detected - recompiling the module!
[INFO] Compiling 1 source file to /home/travis/build/square/retrofit/retrofit-adapters/rxjava-mock/target/test-classes
[INFO] 
[INFO] --- maven-surefire-plugin:2.12.4:test (default-test) @ adapter-rxjava-mock ---
[INFO] Surefire report directory: /home/travis/build/square/retrofit/retrofit-adapters/rxjava-mock/target/surefire-reports

-------------------------------------------------------
 T E S T S
-------------------------------------------------------
Running retrofit.mock.RxJavaBehaviorAdapterTest
Tests run: 4, Failures: 0, Errors: 0, Skipped: 0, Time elapsed: 0.718 sec

Results :

Tests run: 4, Failures: 0, Errors: 0, Skipped: 0

[INFO] 
[INFO] --- animal-sniffer-maven-plugin:1.14:check (default) @ adapter-rxjava-mock ---
[INFO] Checking unresolved references to org.codehaus.mojo.signature:java16:1.1
[INFO]                                                                         
[INFO] ------------------------------------------------------------------------
[INFO] Building Converters 2.0.0-SNAPSHOT
[INFO] ------------------------------------------------------------------------
[INFO] 
[INFO] --- maven-enforcer-plugin:1.0:enforce (enforce-maven) @ retrofit-converters ---
[INFO] 
[INFO] --- animal-sniffer-maven-plugin:1.14:check (default) @ retrofit-converters ---
[INFO] Checking unresolved references to org.codehaus.mojo.signature:java16:1.1
[INFO]                                                                         
[INFO] ------------------------------------------------------------------------
[INFO] Building Converter: Gson 2.0.0-SNAPSHOT
[INFO] ------------------------------------------------------------------------
[INFO] 
[INFO] --- maven-enforcer-plugin:1.0:enforce (enforce-maven) @ converter-gson ---
[INFO] 
[INFO] --- maven-resources-plugin:2.6:resources (default-resources) @ converter-gson ---
[INFO] Using 'UTF-8' encoding to copy filtered resources.
[INFO] skip non existing resourceDirectory /home/travis/build/square/retrofit/retrofit-converters/gson/src/main/resources
[INFO] 
[INFO] --- maven-compiler-plugin:3.0:compile (default-compile) @ converter-gson ---
[INFO] Changes detected - recompiling the module!
[INFO] Compiling 3 source files to /home/travis/build/square/retrofit/retrofit-converters/gson/target/classes
[INFO] 
[INFO] --- maven-resources-plugin:2.6:testResources (default-testResources) @ converter-gson ---
[INFO] Using 'UTF-8' encoding to copy filtered resources.
[INFO] skip non existing resourceDirectory /home/travis/build/square/retrofit/retrofit-converters/gson/src/test/resources
[INFO] 
[INFO] --- maven-compiler-plugin:3.0:testCompile (default-testCompile) @ converter-gson ---
[INFO] Changes detected - recompiling the module!
[INFO] Compiling 1 source file to /home/travis/build/square/retrofit/retrofit-converters/gson/target/test-classes
[INFO] 
[INFO] --- maven-surefire-plugin:2.12.4:test (default-test) @ converter-gson ---
[INFO] Surefire report directory: /home/travis/build/square/retrofit/retrofit-converters/gson/target/surefire-reports

-------------------------------------------------------
 T E S T S
-------------------------------------------------------
Running retrofit.GsonConverterFactoryTest
Sep 25, 2015 5:21:45 AM com.squareup.okhttp.mockwebserver.MockWebServer$3 execute
INFO: MockWebServer[48109] starting to accept connections
Sep 25, 2015 5:21:46 AM com.squareup.okhttp.mockwebserver.MockWebServer$4 processOneRequest
INFO: MockWebServer[48109] received request: POST / HTTP/1.1 and responded: HTTP/1.1 200 OK
Sep 25, 2015 5:21:46 AM com.squareup.okhttp.mockwebserver.MockWebServer$3 acceptConnections
INFO: MockWebServer[48109] done accepting connections: Socket closed
Sep 25, 2015 5:21:46 AM com.squareup.okhttp.mockwebserver.MockWebServer$3 execute
INFO: MockWebServer[50572] starting to accept connections
Sep 25, 2015 5:21:46 AM com.squareup.okhttp.mockwebserver.MockWebServer$3 acceptConnections
INFO: MockWebServer[50572] done accepting connections: Socket closed
Sep 25, 2015 5:21:46 AM com.squareup.okhttp.mockwebserver.MockWebServer$4 processOneRequest
INFO: MockWebServer[50572] received request: POST / HTTP/1.1 and responded: HTTP/1.1 200 OK
Tests run: 2, Failures: 0, Errors: 0, Skipped: 0, Time elapsed: 0.842 sec

Results :

Tests run: 2, Failures: 0, Errors: 0, Skipped: 0

[INFO] 
[INFO] --- animal-sniffer-maven-plugin:1.14:check (default) @ converter-gson ---
[INFO] Checking unresolved references to org.codehaus.mojo.signature:java16:1.1
[INFO]                                                                         
[INFO] ------------------------------------------------------------------------
[INFO] Building Converter: Protocol Buffers 2.0.0-SNAPSHOT
[INFO] ------------------------------------------------------------------------
[INFO] 
[INFO] --- maven-enforcer-plugin:1.0:enforce (enforce-maven) @ converter-protobuf ---
[INFO] 
[INFO] --- maven-resources-plugin:2.6:resources (default-resources) @ converter-protobuf ---
[INFO] Using 'UTF-8' encoding to copy filtered resources.
[INFO] skip non existing resourceDirectory /home/travis/build/square/retrofit/retrofit-converters/protobuf/src/main/resources
[INFO] 
[INFO] --- maven-compiler-plugin:3.0:compile (default-compile) @ converter-protobuf ---
[INFO] Changes detected - recompiling the module!
[INFO] Compiling 3 source files to /home/travis/build/square/retrofit/retrofit-converters/protobuf/target/classes
[WARNING] /home/travis/build/square/retrofit/retrofit-converters/protobuf/src/main/java/retrofit/ProtoConverterFactory.java: /home/travis/build/square/retrofit/retrofit-converters/protobuf/src/main/java/retrofit/ProtoConverterFactory.java uses unchecked or unsafe operations.
[WARNING] /home/travis/build/square/retrofit/retrofit-converters/protobuf/src/main/java/retrofit/ProtoConverterFactory.java: Recompile with -Xlint:unchecked for details.
[INFO] 
[INFO] --- maven-resources-plugin:2.6:testResources (default-testResources) @ converter-protobuf ---
[INFO] Using 'UTF-8' encoding to copy filtered resources.
[INFO] skip non existing resourceDirectory /home/travis/build/square/retrofit/retrofit-converters/protobuf/src/test/resources
[INFO] 
[INFO] --- maven-compiler-plugin:3.0:testCompile (default-testCompile) @ converter-protobuf ---
[INFO] Changes detected - recompiling the module!
[INFO] Compiling 2 source files to /home/travis/build/square/retrofit/retrofit-converters/protobuf/target/test-classes
[INFO] 
[INFO] --- maven-surefire-plugin:2.12.4:test (default-test) @ converter-protobuf ---
[INFO] Surefire report directory: /home/travis/build/square/retrofit/retrofit-converters/protobuf/target/surefire-reports

-------------------------------------------------------
 T E S T S
-------------------------------------------------------
Running retrofit.ProtoConverterFactoryTest
Sep 25, 2015 5:21:48 AM com.squareup.okhttp.mockwebserver.MockWebServer$3 execute
INFO: MockWebServer[52336] starting to accept connections
Sep 25, 2015 5:21:48 AM com.squareup.okhttp.mockwebserver.MockWebServer$4 processOneRequest
INFO: MockWebServer[52336] received request: POST / HTTP/1.1 and responded: HTTP/1.1 200 OK
Sep 25, 2015 5:21:48 AM com.squareup.okhttp.mockwebserver.MockWebServer$3 acceptConnections
INFO: MockWebServer[52336] done accepting connections: Socket closed
Sep 25, 2015 5:21:48 AM com.squareup.okhttp.mockwebserver.MockWebServer$3 execute
INFO: MockWebServer[48122] starting to accept connections
Sep 25, 2015 5:21:48 AM com.squareup.okhttp.mockwebserver.MockWebServer$3 acceptConnections
INFO: MockWebServer[48122] done accepting connections: Socket is closed
Sep 25, 2015 5:21:48 AM com.squareup.okhttp.mockwebserver.MockWebServer$3 execute
INFO: MockWebServer[56735] starting to accept connections
Sep 25, 2015 5:21:48 AM com.squareup.okhttp.mockwebserver.MockWebServer$3 acceptConnections
INFO: MockWebServer[56735] done accepting connections: Socket closed
Sep 25, 2015 5:21:48 AM com.squareup.okhttp.mockwebserver.MockWebServer$4 processOneRequest
INFO: MockWebServer[56735] received request: GET / HTTP/1.1 and responded: HTTP/1.1 200 OK
Sep 25, 2015 5:21:48 AM com.squareup.okhttp.mockwebserver.MockWebServer$3 execute
INFO: MockWebServer[34922] starting to accept connections
Sep 25, 2015 5:21:48 AM com.squareup.okhttp.mockwebserver.MockWebServer$3 acceptConnections
INFO: MockWebServer[34922] done accepting connections: Socket is closed
Sep 25, 2015 5:21:48 AM com.squareup.okhttp.mockwebserver.MockWebServer$3 execute
INFO: MockWebServer[35514] starting to accept connections
Sep 25, 2015 5:21:48 AM com.squareup.okhttp.mockwebserver.MockWebServer$3 acceptConnections
INFO: MockWebServer[35514] done accepting connections: Socket closed
Sep 25, 2015 5:21:48 AM com.squareup.okhttp.mockwebserver.MockWebServer$4 processOneRequest
INFO: MockWebServer[35514] received request: GET / HTTP/1.1 and responded: HTTP/1.1 200 OK
Tests run: 5, Failures: 0, Errors: 0, Skipped: 0, Time elapsed: 0.751 sec

Results :

Tests run: 5, Failures: 0, Errors: 0, Skipped: 0

[INFO] 
[INFO] --- animal-sniffer-maven-plugin:1.14:check (default) @ converter-protobuf ---
[INFO] Checking unresolved references to org.codehaus.mojo.signature:java16:1.1
[INFO]                                                                         
[INFO] ------------------------------------------------------------------------
[INFO] Building Converter: Jackson 2.0.0-SNAPSHOT
[INFO] ------------------------------------------------------------------------
[INFO] 
[INFO] --- maven-enforcer-plugin:1.0:enforce (enforce-maven) @ converter-jackson ---
[INFO] 
[INFO] --- maven-resources-plugin:2.6:resources (default-resources) @ converter-jackson ---
[INFO] Using 'UTF-8' encoding to copy filtered resources.
[INFO] skip non existing resourceDirectory /home/travis/build/square/retrofit/retrofit-converters/jackson/src/main/resources
[INFO] 
[INFO] --- maven-compiler-plugin:3.0:compile (default-compile) @ converter-jackson ---
[INFO] Changes detected - recompiling the module!
[INFO] Compiling 3 source files to /home/travis/build/square/retrofit/retrofit-converters/jackson/target/classes
[INFO] 
[INFO] --- maven-resources-plugin:2.6:testResources (default-testResources) @ converter-jackson ---
[INFO] Using 'UTF-8' encoding to copy filtered resources.
[INFO] skip non existing resourceDirectory /home/travis/build/square/retrofit/retrofit-converters/jackson/src/test/resources
[INFO] 
[INFO] --- maven-compiler-plugin:3.0:testCompile (default-testCompile) @ converter-jackson ---
[INFO] Changes detected - recompiling the module!
[INFO] Compiling 1 source file to /home/travis/build/square/retrofit/retrofit-converters/jackson/target/test-classes
[INFO] 
[INFO] --- maven-surefire-plugin:2.12.4:test (default-test) @ converter-jackson ---
[INFO] Surefire report directory: /home/travis/build/square/retrofit/retrofit-converters/jackson/target/surefire-reports

-------------------------------------------------------
 T E S T S
-------------------------------------------------------
Running retrofit.JacksonConverterFactoryTest
Sep 25, 2015 5:21:50 AM com.squareup.okhttp.mockwebserver.MockWebServer$3 execute
INFO: MockWebServer[36855] starting to accept connections
Sep 25, 2015 5:21:51 AM com.squareup.okhttp.mockwebserver.MockWebServer$4 processOneRequest
INFO: MockWebServer[36855] received request: POST / HTTP/1.1 and responded: HTTP/1.1 200 OK
Sep 25, 2015 5:21:51 AM com.squareup.okhttp.mockwebserver.MockWebServer$3 acceptConnections
INFO: MockWebServer[36855] done accepting connections: Socket closed
Sep 25, 2015 5:21:51 AM com.squareup.okhttp.mockwebserver.MockWebServer$3 execute
INFO: MockWebServer[58605] starting to accept connections
Sep 25, 2015 5:21:51 AM com.squareup.okhttp.mockwebserver.MockWebServer$3 acceptConnections
INFO: MockWebServer[58605] done accepting connections: Socket closed
Sep 25, 2015 5:21:51 AM com.squareup.okhttp.mockwebserver.MockWebServer$4 processOneRequest
INFO: MockWebServer[58605] received request: POST / HTTP/1.1 and responded: HTTP/1.1 200 OK
Tests run: 2, Failures: 0, Errors: 0, Skipped: 0, Time elapsed: 1.633 sec

Results :

Tests run: 2, Failures: 0, Errors: 0, Skipped: 0

[INFO] 
[INFO] --- animal-sniffer-maven-plugin:1.14:check (default) @ converter-jackson ---
[INFO] Checking unresolved references to org.codehaus.mojo.signature:java16:1.1
[INFO]                                                                         
[INFO] ------------------------------------------------------------------------
[INFO] Building Converter: Wire Protocol Buffers 2.0.0-SNAPSHOT
[INFO] ------------------------------------------------------------------------
[INFO] 
[INFO] --- maven-enforcer-plugin:1.0:enforce (enforce-maven) @ converter-wire ---
[INFO] 
[INFO] --- maven-resources-plugin:2.6:resources (default-resources) @ converter-wire ---
[INFO] Using 'UTF-8' encoding to copy filtered resources.
[INFO] skip non existing resourceDirectory /home/travis/build/square/retrofit/retrofit-converters/wire/src/main/resources
[INFO] 
[INFO] --- maven-compiler-plugin:3.0:compile (default-compile) @ converter-wire ---
[INFO] Changes detected - recompiling the module!
[INFO] Compiling 3 source files to /home/travis/build/square/retrofit/retrofit-converters/wire/target/classes
[WARNING] /home/travis/build/square/retrofit/retrofit-converters/wire/src/main/java/retrofit/WireConverterFactory.java: /home/travis/build/square/retrofit/retrofit-converters/wire/src/main/java/retrofit/WireConverterFactory.java uses unchecked or unsafe operations.
[WARNING] /home/travis/build/square/retrofit/retrofit-converters/wire/src/main/java/retrofit/WireConverterFactory.java: Recompile with -Xlint:unchecked for details.
[INFO] 
[INFO] --- maven-resources-plugin:2.6:testResources (default-testResources) @ converter-wire ---
[INFO] Using 'UTF-8' encoding to copy filtered resources.
[INFO] skip non existing resourceDirectory /home/travis/build/square/retrofit/retrofit-converters/wire/src/test/resources
[INFO] 
[INFO] --- maven-compiler-plugin:3.0:testCompile (default-testCompile) @ converter-wire ---
[INFO] Changes detected - recompiling the module!
[INFO] Compiling 2 source files to /home/travis/build/square/retrofit/retrofit-converters/wire/target/test-classes
[INFO] 
[INFO] --- maven-surefire-plugin:2.12.4:test (default-test) @ converter-wire ---
[INFO] Surefire report directory: /home/travis/build/square/retrofit/retrofit-converters/wire/target/surefire-reports

-------------------------------------------------------
 T E S T S
-------------------------------------------------------
Running retrofit.WireConverterFactoryTest
Sep 25, 2015 5:21:53 AM com.squareup.okhttp.mockwebserver.MockWebServer$3 execute
INFO: MockWebServer[48359] starting to accept connections
Sep 25, 2015 5:21:54 AM com.squareup.okhttp.mockwebserver.MockWebServer$4 processOneRequest
INFO: MockWebServer[48359] received request: POST / HTTP/1.1 and responded: HTTP/1.1 200 OK
Sep 25, 2015 5:21:54 AM com.squareup.okhttp.mockwebserver.MockWebServer$3 acceptConnections
INFO: MockWebServer[48359] done accepting connections: Socket closed
Sep 25, 2015 5:21:54 AM com.squareup.okhttp.mockwebserver.MockWebServer$3 execute
INFO: MockWebServer[60231] starting to accept connections
Sep 25, 2015 5:21:54 AM com.squareup.okhttp.mockwebserver.MockWebServer$3 acceptConnections
INFO: MockWebServer[60231] done accepting connections: Socket is closed
Sep 25, 2015 5:21:54 AM com.squareup.okhttp.mockwebserver.MockWebServer$3 execute
INFO: MockWebServer[36811] starting to accept connections
Sep 25, 2015 5:21:54 AM com.squareup.okhttp.mockwebserver.MockWebServer$3 acceptConnections
INFO: MockWebServer[36811] done accepting connections: Socket closed
Sep 25, 2015 5:21:54 AM com.squareup.okhttp.mockwebserver.MockWebServer$4 processOneRequest
INFO: MockWebServer[36811] received request: GET / HTTP/1.1 and responded: HTTP/1.1 200 OK
Sep 25, 2015 5:21:54 AM com.squareup.okhttp.mockwebserver.MockWebServer$3 execute
INFO: MockWebServer[49532] starting to accept connections
Sep 25, 2015 5:21:54 AM com.squareup.okhttp.mockwebserver.MockWebServer$3 acceptConnections
INFO: MockWebServer[49532] done accepting connections: Socket is closed
Sep 25, 2015 5:21:54 AM com.squareup.okhttp.mockwebserver.MockWebServer$3 execute
INFO: MockWebServer[58230] starting to accept connections
Sep 25, 2015 5:21:54 AM com.squareup.okhttp.mockwebserver.MockWebServer$3 acceptConnections
INFO: MockWebServer[58230] done accepting connections: Socket closed
Sep 25, 2015 5:21:54 AM com.squareup.okhttp.mockwebserver.MockWebServer$4 processOneRequest
INFO: MockWebServer[58230] received request: GET / HTTP/1.1 and responded: HTTP/1.1 200 OK
Tests run: 5, Failures: 0, Errors: 0, Skipped: 0, Time elapsed: 1.297 sec

Results :

Tests run: 5, Failures: 0, Errors: 0, Skipped: 0

[INFO] 
[INFO] --- animal-sniffer-maven-plugin:1.14:check (default) @ converter-wire ---
[INFO] Checking unresolved references to org.codehaus.mojo.signature:java16:1.1
[INFO]                                                                         
[INFO] ------------------------------------------------------------------------
[INFO] Building Converter: SimpleXML 2.0.0-SNAPSHOT
[INFO] ------------------------------------------------------------------------
[INFO] 
[INFO] --- maven-enforcer-plugin:1.0:enforce (enforce-maven) @ converter-simplexml ---
[INFO] 
[INFO] --- maven-resources-plugin:2.6:resources (default-resources) @ converter-simplexml ---
[INFO] Using 'UTF-8' encoding to copy filtered resources.
[INFO] skip non existing resourceDirectory /home/travis/build/square/retrofit/retrofit-converters/simplexml/src/main/resources
[INFO] 
[INFO] --- maven-compiler-plugin:3.0:compile (default-compile) @ converter-simplexml ---
[INFO] Changes detected - recompiling the module!
[INFO] Compiling 3 source files to /home/travis/build/square/retrofit/retrofit-converters/simplexml/target/classes
[INFO] 
[INFO] --- maven-resources-plugin:2.6:testResources (default-testResources) @ converter-simplexml ---
[INFO] Using 'UTF-8' encoding to copy filtered resources.
[INFO] skip non existing resourceDirectory /home/travis/build/square/retrofit/retrofit-converters/simplexml/src/test/resources
[INFO] 
[INFO] --- maven-compiler-plugin:3.0:testCompile (default-testCompile) @ converter-simplexml ---
[INFO] Changes detected - recompiling the module!
[INFO] Compiling 2 source files to /home/travis/build/square/retrofit/retrofit-converters/simplexml/target/test-classes
[INFO] 
[INFO] --- maven-surefire-plugin:2.12.4:test (default-test) @ converter-simplexml ---
[INFO] Surefire report directory: /home/travis/build/square/retrofit/retrofit-converters/simplexml/target/surefire-reports

-------------------------------------------------------
 T E S T S
-------------------------------------------------------
Running retrofit.SimpleXmlConverterFactoryTest
Sep 25, 2015 5:21:56 AM com.squareup.okhttp.mockwebserver.MockWebServer$3 execute
INFO: MockWebServer[36879] starting to accept connections
Sep 25, 2015 5:21:57 AM com.squareup.okhttp.mockwebserver.MockWebServer$4 processOneRequest
INFO: MockWebServer[36879] received request: GET / HTTP/1.1 and responded: HTTP/1.1 200 OK
Sep 25, 2015 5:21:58 AM com.squareup.okhttp.mockwebserver.MockWebServer$3 acceptConnections
INFO: MockWebServer[36879] done accepting connections: Socket closed
Sep 25, 2015 5:21:58 AM com.squareup.okhttp.mockwebserver.MockWebServer$3 execute
INFO: MockWebServer[34506] starting to accept connections
Sep 25, 2015 5:21:58 AM com.squareup.okhttp.mockwebserver.MockWebServer$4 processOneRequest
INFO: MockWebServer[34506] received request: GET / HTTP/1.1 and responded: HTTP/1.1 200 OK
Sep 25, 2015 5:21:58 AM com.squareup.okhttp.mockwebserver.MockWebServer$3 acceptConnections
INFO: MockWebServer[34506] done accepting connections: Socket closed
Sep 25, 2015 5:21:58 AM com.squareup.okhttp.mockwebserver.MockWebServer$3 execute
INFO: MockWebServer[34571] starting to accept connections
Sep 25, 2015 5:21:58 AM com.squareup.okhttp.mockwebserver.MockWebServer$4 processOneRequest
INFO: MockWebServer[34571] received request: POST / HTTP/1.1 and responded: HTTP/1.1 200 OK
Sep 25, 2015 5:21:58 AM com.squareup.okhttp.mockwebserver.MockWebServer$3 acceptConnections
INFO: MockWebServer[34571] done accepting connections: Socket closed
Tests run: 3, Failures: 0, Errors: 0, Skipped: 0, Time elapsed: 1.67 sec

Results :

Tests run: 3, Failures: 0, Errors: 0, Skipped: 0

[INFO] 
[INFO] --- animal-sniffer-maven-plugin:1.14:check (default) @ converter-simplexml ---
[INFO] Checking unresolved references to org.codehaus.mojo.signature:java16:1.1
[INFO]                                                                         
[INFO] ------------------------------------------------------------------------
[INFO] Building Converter: Moshi 2.0.0-SNAPSHOT
[INFO] ------------------------------------------------------------------------
[INFO] 
[INFO] --- maven-enforcer-plugin:1.0:enforce (enforce-maven) @ converter-moshi ---
[INFO] 
[INFO] --- maven-resources-plugin:2.6:resources (default-resources) @ converter-moshi ---
[INFO] Using 'UTF-8' encoding to copy filtered resources.
[INFO] skip non existing resourceDirectory /home/travis/build/square/retrofit/retrofit-converters/moshi/src/main/resources
[INFO] 
[INFO] --- maven-compiler-plugin:3.0:compile (default-compile) @ converter-moshi ---
[INFO] Changes detected - recompiling the module!
[INFO] Compiling 3 source files to /home/travis/build/square/retrofit/retrofit-converters/moshi/target/classes
[INFO] 
[INFO] --- maven-resources-plugin:2.6:testResources (default-testResources) @ converter-moshi ---
[INFO] Using 'UTF-8' encoding to copy filtered resources.
[INFO] skip non existing resourceDirectory /home/travis/build/square/retrofit/retrofit-converters/moshi/src/test/resources
[INFO] 
[INFO] --- maven-compiler-plugin:3.0:testCompile (default-testCompile) @ converter-moshi ---
[INFO] Changes detected - recompiling the module!
[INFO] Compiling 1 source file to /home/travis/build/square/retrofit/retrofit-converters/moshi/target/test-classes
[INFO] 
[INFO] --- maven-surefire-plugin:2.12.4:test (default-test) @ converter-moshi ---
[INFO] Surefire report directory: /home/travis/build/square/retrofit/retrofit-converters/moshi/target/surefire-reports

-------------------------------------------------------
 T E S T S
-------------------------------------------------------
Running retrofit.MoshiConverterFactoryTest
Sep 25, 2015 5:21:59 AM com.squareup.okhttp.mockwebserver.MockWebServer$3 execute
INFO: MockWebServer[35169] starting to accept connections
Sep 25, 2015 5:22:00 AM com.squareup.okhttp.mockwebserver.MockWebServer$4 processOneRequest
INFO: MockWebServer[35169] received request: POST / HTTP/1.1 and responded: HTTP/1.1 200 OK
Sep 25, 2015 5:22:00 AM com.squareup.okhttp.mockwebserver.MockWebServer$3 acceptConnections
INFO: MockWebServer[35169] done accepting connections: Socket closed
Sep 25, 2015 5:22:00 AM com.squareup.okhttp.mockwebserver.MockWebServer$3 execute
INFO: MockWebServer[54289] starting to accept connections
Sep 25, 2015 5:22:00 AM com.squareup.okhttp.mockwebserver.MockWebServer$3 acceptConnections
INFO: MockWebServer[54289] done accepting connections: Socket closed
Sep 25, 2015 5:22:00 AM com.squareup.okhttp.mockwebserver.MockWebServer$4 processOneRequest
INFO: MockWebServer[54289] received request: POST / HTTP/1.1 and responded: HTTP/1.1 200 OK
Tests run: 2, Failures: 0, Errors: 0, Skipped: 0, Time elapsed: 1.244 sec

Results :

Tests run: 2, Failures: 0, Errors: 0, Skipped: 0

[INFO] 
[INFO] --- animal-sniffer-maven-plugin:1.14:check (default) @ converter-moshi ---
[INFO] Checking unresolved references to org.codehaus.mojo.signature:java16:1.1
[INFO]                                                                         
[INFO] ------------------------------------------------------------------------
[INFO] Building Samples 2.0.0-SNAPSHOT
[INFO] ------------------------------------------------------------------------
[INFO] 
[INFO] --- maven-enforcer-plugin:1.0:enforce (enforce-maven) @ samples ---
[INFO] 
[INFO] --- maven-resources-plugin:2.6:resources (default-resources) @ samples ---
[INFO] Using 'UTF-8' encoding to copy filtered resources.
[INFO] skip non existing resourceDirectory /home/travis/build/square/retrofit/samples/src/main/resources
[INFO] 
[INFO] --- maven-compiler-plugin:3.0:compile (default-compile) @ samples ---
[INFO] Changes detected - recompiling the module!
[INFO] Compiling 4 source files to /home/travis/build/square/retrofit/samples/target/classes
[INFO] 
[INFO] --- maven-resources-plugin:2.6:testResources (default-testResources) @ samples ---
[INFO] Using 'UTF-8' encoding to copy filtered resources.
[INFO] skip non existing resourceDirectory /home/travis/build/square/retrofit/samples/src/test/resources
[INFO] 
[INFO] --- maven-compiler-plugin:3.0:testCompile (default-testCompile) @ samples ---
[INFO] No sources to compile
[INFO] 
[INFO] --- maven-surefire-plugin:2.12.4:test (default-test) @ samples ---
[INFO] No tests to run.
[INFO] 
[INFO] --- animal-sniffer-maven-plugin:1.14:check (default) @ samples ---
[INFO] Checking unresolved references to org.codehaus.mojo.signature:java16:1.1
[INFO] ------------------------------------------------------------------------
[INFO] Reactor Summary:
[INFO] 
[INFO] Retrofit (Parent) .................................. SUCCESS [  2.818 s]
[INFO] Retrofit ........................................... SUCCESS [ 13.738 s]
[INFO] Adapters ........................................... SUCCESS [  0.397 s]
[INFO] Adapter: RxJava .................................... SUCCESS [  2.157 s]
[INFO] Retrofit Mock Adapter .............................. SUCCESS [  2.568 s]
[INFO] Adapter: RxJava Mock ............................... SUCCESS [  1.600 s]
[INFO] Converters ......................................... SUCCESS [  0.291 s]
[INFO] Converter: Gson .................................... SUCCESS [  1.756 s]
[INFO] Converter: Protocol Buffers ........................ SUCCESS [  2.186 s]
[INFO] Converter: Jackson ................................. SUCCESS [  3.230 s]
[INFO] Converter: Wire Protocol Buffers ................... SUCCESS [  2.890 s]
[INFO] Converter: SimpleXML ............................... SUCCESS [  3.484 s]
[INFO] Converter: Moshi ................................... SUCCESS [  2.245 s]
[INFO] Samples ............................................ SUCCESS [  1.251 s]
[INFO] ------------------------------------------------------------------------
[INFO] BUILD SUCCESS
[INFO] ------------------------------------------------------------------------
[INFO] Total time: 41.179 s
[INFO] Finished at: 2015-09-25T05:22:02+00:00
[INFO] Final Memory: 27M/309M
[INFO] ------------------------------------------------------------------------
travis_time:end:245001d3:start=1443158478524269414,finish=1443158533580688160,duration=55056418746[0K
[32;1mThe command "mvn test -B" exited with 0.[0m
travis_fold:start:cache.2[0Kstore build cache
travis_time:start:203d5148[0Kchange detected:
/home/travis/.m2/repository/com/squareup/retrofit/adapter-rxjava/2.0.0-SNAPSHOT/adapter-rxjava-2.0.0-SNAPSHOT.jar
/home/travis/.m2/repository/com/squareup/retrofit/adapter-rxjava/2.0.0-SNAPSHOT/adapter-rxjava-2.0.0-SNAPSHOT.jar
/home/travis/.m2/repository/com/squareup/retrofit/adapter-rxjava/2.0.0-SNAPSHOT/maven-metadata-local.xml
/home/travis/.m2/repository/com/squareup/retrofit/adapter-rxjava/2.0.0-SNAPSHOT/maven-metadata-local.xml
/home/travis/.m2/repository/com/squareup/retrofit/adapter-rxjava/2.0.0-SNAPSHOT/_remote.repositories
/home/travis/.m2/repository/com/squareup/retrofit/adapter-rxjava/2.0.0-SNAPSHOT/_remote.repositories
/home/travis/.m2/repository/com/squareup/retrofit/adapter-rxjava/maven-metadata-local.xml
/home/travis/.m2/repository/com/squareup/retrofit/adapter-rxjava/maven-metadata-local.xml
/home/travis/.m2/repository/com/squareup/retrofit/adapter-rxjava-mock/2.0.0-SNAPSHOT/adapter-rxjava-mock-2.0.0-SNAPSHOT.jar
/home/travis/.m2/repository/com/squareup/retrofit/adapter
...
changes detected, packing new archive
uploading archive
travis_time:end:203d5148:start=1443158533586808418,finish=1443158539670924397,duration=6084115979[0Ktravis_fold:end:cache.2[0Ktravis_fold:start:after_success[0Ktravis_time:start:246f6f7a[0K$ .buildscript/deploy_snapshot.sh
Skipping snapshot deployment: wrong branch. Expected 'master' but was 'jw/path-encoding'.
travis_time:end:246f6f7a:start=1443158539676741960,finish=1443158539683308235,duration=6566275[0Ktravis_fold:end:after_success[0K
Done. Your build exited with 0.
