Using worker: worker-linux-docker-7303559a.prod.travis-ci.org:travis-linux-1

travis_fold:start:system_info[0K[33;1mBuild system information[0m
Build language: java
[34m[1mBuild image provisioning date and time[0m
Thu Feb  5 15:09:33 UTC 2015
[34m[1mOperating System Details[0m
Distributor ID:	Ubuntu
Description:	Ubuntu 12.04.5 LTS
Release:	12.04
Codename:	precise
[34m[1mLinux Version[0m
3.13.0-29-generic
[34m[1mCookbooks Version[0m
a68419e https://github.com/travis-ci/travis-cookbooks/tree/a68419e
[34m[1mGCC version[0m
gcc (Ubuntu/Linaro 4.6.3-1ubuntu5) 4.6.3
Copyright (C) 2011 Free Software Foundation, Inc.
This is free software; see the source for copying conditions.  There is NO
warranty; not even for MERCHANTABILITY or FITNESS FOR A PARTICULAR PURPOSE.

[34m[1mLLVM version[0m
clang version 3.4 (tags/RELEASE_34/final)
Target: x86_64-unknown-linux-gnu
Thread model: posix
[34m[1mPre-installed Ruby versions[0m
ruby-1.9.3-p551
[34m[1mPre-installed Node.js versions[0m
v0.10.36
[34m[1mPre-installed Go versions[0m
1.4.1
[34m[1mRedis version[0m
redis-server 2.8.19
[34m[1mriak version[0m
2.0.2
[34m[1mMongoDB version[0m
MongoDB 2.4.12
[34m[1mCouchDB version[0m
couchdb 1.6.1
[34m[1mNeo4j version[0m
1.9.4
[34m[1mRabbitMQ Version[0m
3.4.3
[34m[1mElasticSearch version[0m
1.4.0
[34m[1mInstalled Sphinx versions[0m
2.0.10
2.1.9
2.2.6
[34m[1mDefault Sphinx version[0m
2.2.6
[34m[1mInstalled Firefox version[0m
firefox 31.0esr
[34m[1mPhantomJS version[0m
1.9.8
[34m[1mant -version[0m
Apache Ant(TM) version 1.8.2 compiled on December 3 2011
[34m[1mmvn -version[0m
Apache Maven 3.2.5 (12a6b3acb947671f09b81f49094c53f426d8cea1; 2014-12-14T17:29:23+00:00)
Maven home: /usr/local/maven
Java version: 1.7.0_76, vendor: Oracle Corporation
Java home: /usr/lib/jvm/java-7-oracle/jre
Default locale: en_US, platform encoding: ANSI_X3.4-1968
OS name: "linux", version: "3.13.0-29-generic", arch: "amd64", family: "unix"
travis_fold:end:system_info[0K
travis_fold:start:git.checkout[0Ktravis_time:start:02c7f878[0K$ git clone --depth=50 https://github.com/square/retrofit.git square/retrofit
Cloning into 'square/retrofit'...
remote: Counting objects: 1379, done.[K
remote: Compressing objects:   0% (1/655)   [Kremote: Compressing objects:   1% (7/655)   [Kremote: Compressing objects:   2% (14/655)   [Kremote: Compressing objects:   3% (20/655)   [Kremote: Compressing objects:   4% (27/655)   [Kremote: Compressing objects:   5% (33/655)   [Kremote: Compressing objects:   6% (40/655)   [Kremote: Compressing objects:   7% (46/655)   [Kremote: Compressing objects:   8% (53/655)   [Kremote: Compressing objects:   9% (59/655)   [Kremote: Compressing objects:  10% (66/655)   [Kremote: Compressing objects:  11% (73/655)   [Kremote: Compressing objects:  12% (79/655)   [Kremote: Compressing objects:  13% (86/655)   [Kremote: Compressing objects:  14% (92/655)   [Kremote: Compressing objects:  15% (99/655)   [Kremote: Compressing objects:  16% (105/655)   [Kremote: Compressing objects:  17% (112/655)   [Kremote: Compressing objects:  18% (118/655)   [Kremote: Compressing objects:  19% (125/655)   [Kremote: Compressing objects:  20% (131/655)   [Kremote: Compressing objects:  21% (138/655)   [Kremote: Compressing objects:  22% (145/655)   [Kremote: Compressing objects:  23% (151/655)   [Kremote: Compressing objects:  24% (158/655)   [Kremote: Compressing objects:  25% (164/655)   [Kremote: Compressing objects:  26% (171/655)   [Kremote: Compressing objects:  27% (177/655)   [Kremote: Compressing objects:  28% (184/655)   [Kremote: Compressing objects:  29% (190/655)   [Kremote: Compressing objects:  30% (197/655)   [Kremote: Compressing objects:  31% (204/655)   [Kremote: Compressing objects:  32% (210/655)   [Kremote: Compressing objects:  33% (217/655)   [Kremote: Compressing objects:  34% (223/655)   [Kremote: Compressing objects:  35% (230/655)   [Kremote: Compressing objects:  36% (236/655)   [Kremote: Compressing objects:  37% (243/655)   [Kremote: Compressing objects:  38% (249/655)   [Kremote: Compressing objects:  39% (256/655)   [Kremote: Compressing objects:  40% (262/655)   [Kremote: Compressing objects:  41% (269/655)   [Kremote: Compressing objects:  42% (276/655)   [Kremote: Compressing objects:  43% (282/655)   [Kremote: Compressing objects:  44% (289/655)   [Kremote: Compressing objects:  45% (295/655)   [Kremote: Compressing objects:  46% (302/655)   [Kremote: Compressing objects:  47% (308/655)   [Kremote: Compressing objects:  48% (315/655)   [Kremote: Compressing objects:  49% (321/655)   [Kremote: Compressing objects:  50% (328/655)   [Kremote: Compressing objects:  51% (335/655)   [Kremote: Compressing objects:  52% (341/655)   [Kremote: Compressing objects:  53% (348/655)   [Kremote: Compressing objects:  54% (354/655)   [Kremote: Compressing objects:  55% (361/655)   [Kremote: Compressing objects:  56% (367/655)   [Kremote: Compressing objects:  57% (374/655)   [Kremote: Compressing objects:  58% (380/655)   [Kremote: Compressing objects:  59% (387/655)   [Kremote: Compressing objects:  60% (393/655)   [Kremote: Compressing objects:  61% (400/655)   [Kremote: Compressing objects:  62% (407/655)   [Kremote: Compressing objects:  63% (413/655)   [Kremote: Compressing objects:  64% (420/655)   [Kremote: Compressing objects:  65% (426/655)   [Kremote: Compressing objects:  66% (433/655)   [Kremote: Compressing objects:  67% (439/655)   [Kremote: Compressing objects:  68% (446/655)   [Kremote: Compressing objects:  69% (452/655)   [Kremote: Compressing objects:  70% (459/655)   [Kremote: Compressing objects:  71% (466/655)   [Kremote: Compressing objects:  72% (472/655)   [Kremote: Compressing objects:  73% (479/655)   [Kremote: Compressing objects:  74% (485/655)   [Kremote: Compressing objects:  75% (492/655)   [Kremote: Compressing objects:  76% (498/655)   [Kremote: Compressing objects:  77% (505/655)   [Kremote: Compressing objects:  78% (511/655)   [Kremote: Compressing objects:  79% (518/655)   [Kremote: Compressing objects:  80% (524/655)   [Kremote: Compressing objects:  81% (531/655)   [Kremote: Compressing objects:  82% (538/655)   [Kremote: Compressing objects:  83% (544/655)   [Kremote: Compressing objects:  84% (551/655)   [Kremote: Compressing objects:  85% (557/655)   [Kremote: Compressing objects:  86% (564/655)   [Kremote: Compressing objects:  87% (570/655)   [Kremote: Compressing objects:  88% (577/655)   [Kremote: Compressing objects:  89% (583/655)   [Kremote: Compressing objects:  90% (590/655)   [Kremote: Compressing objects:  91% (597/655)   [Kremote: Compressing objects:  92% (603/655)   [Kremote: Compressing objects:  93% (610/655)   [Kremote: Compressing objects:  94% (616/655)   [Kremote: Compressing objects:  95% (623/655)   [Kremote: Compressing objects:  96% (629/655)   [Kremote: Compressing objects:  97% (636/655)   [Kremote: Compressing objects:  98% (642/655)   [Kremote: Compressing objects:  99% (649/655)   [Kremote: Compressing objects: 100% (655/655)   [Kremote: Compressing objects: 100% (655/655), done.[K
Receiving objects:   0% (1/1379)   Receiving objects:   1% (14/1379)   Receiving objects:   2% (28/1379)   Receiving objects:   3% (42/1379)   Receiving objects:   4% (56/1379)   Receiving objects:   5% (69/1379)   Receiving objects:   6% (83/1379)   Receiving objects:   7% (97/1379)   Receiving objects:   8% (111/1379)   Receiving objects:   9% (125/1379)   Receiving objects:  10% (138/1379)   Receiving objects:  11% (152/1379)   Receiving objects:  12% (166/1379)   Receiving objects:  13% (180/1379)   Receiving objects:  14% (194/1379)   Receiving objects:  15% (207/1379)   Receiving objects:  16% (221/1379)   Receiving objects:  17% (235/1379)   Receiving objects:  18% (249/1379)   Receiving objects:  19% (263/1379)   Receiving objects:  20% (276/1379)   Receiving objects:  21% (290/1379)   Receiving objects:  22% (304/1379)   Receiving objects:  23% (318/1379)   Receiving objects:  24% (331/1379)   Receiving objects:  25% (345/1379)   Receiving objects:  26% (359/1379)   Receiving objects:  27% (373/1379)   Receiving objects:  28% (387/1379)   Receiving objects:  29% (400/1379)   Receiving objects:  30% (414/1379)   Receiving objects:  31% (428/1379)   Receiving objects:  32% (442/1379)   Receiving objects:  33% (456/1379)   Receiving objects:  34% (469/1379)   Receiving objects:  35% (483/1379)   Receiving objects:  36% (497/1379)   Receiving objects:  37% (511/1379)   Receiving objects:  38% (525/1379)   Receiving objects:  39% (538/1379)   Receiving objects:  40% (552/1379)   Receiving objects:  41% (566/1379)   Receiving objects:  42% (580/1379)   Receiving objects:  43% (593/1379)   Receiving objects:  44% (607/1379)   Receiving objects:  45% (621/1379)   Receiving objects:  46% (635/1379)   Receiving objects:  47% (649/1379)   Receiving objects:  48% (662/1379)   Receiving objects:  49% (676/1379)   Receiving objects:  50% (690/1379)   Receiving objects:  51% (704/1379)   Receiving objects:  52% (718/1379)   Receiving objects:  53% (731/1379)   Receiving objects:  54% (745/1379)   Receiving objects:  55% (759/1379)   Receiving objects:  56% (773/1379)   Receiving objects:  57% (787/1379)   Receiving objects:  58% (800/1379)   Receiving objects:  59% (814/1379)   Receiving objects:  60% (828/1379)   remote: Total 1379 (delta 523), reused 1192 (delta 376), pack-reused 0[K
Receiving objects:  61% (842/1379)   Receiving objects:  62% (855/1379)   Receiving objects:  63% (869/1379)   Receiving objects:  64% (883/1379)   Receiving objects:  65% (897/1379)   Receiving objects:  66% (911/1379)   Receiving objects:  67% (924/1379)   Receiving objects:  68% (938/1379)   Receiving objects:  69% (952/1379)   Receiving objects:  70% (966/1379)   Receiving objects:  71% (980/1379)   Receiving objects:  72% (993/1379)   Receiving objects:  73% (1007/1379)   Receiving objects:  74% (1021/1379)   Receiving objects:  75% (1035/1379)   Receiving objects:  76% (1049/1379)   Receiving objects:  77% (1062/1379)   Receiving objects:  78% (1076/1379)   Receiving objects:  79% (1090/1379)   Receiving objects:  80% (1104/1379)   Receiving objects:  81% (1117/1379)   Receiving objects:  82% (1131/1379)   Receiving objects:  83% (1145/1379)   Receiving objects:  84% (1159/1379)   Receiving objects:  85% (1173/1379)   Receiving objects:  86% (1186/1379)   Receiving objects:  87% (1200/1379)   Receiving objects:  88% (1214/1379)   Receiving objects:  89% (1228/1379)   Receiving objects:  90% (1242/1379)   Receiving objects:  91% (1255/1379)   Receiving objects:  92% (1269/1379)   Receiving objects:  93% (1283/1379)   Receiving objects:  94% (1297/1379)   Receiving objects:  95% (1311/1379)   Receiving objects:  96% (1324/1379)   Receiving objects:  97% (1338/1379)   Receiving objects:  98% (1352/1379)   Receiving objects:  99% (1366/1379)   Receiving objects: 100% (1379/1379)   Receiving objects: 100% (1379/1379), 313.91 KiB | 0 bytes/s, done.
Resolving deltas:   0% (0/523)   Resolving deltas:   6% (35/523)   Resolving deltas:   7% (37/523)   Resolving deltas:   9% (49/523)   Resolving deltas:  10% (56/523)   Resolving deltas:  17% (93/523)   Resolving deltas:  18% (97/523)   Resolving deltas:  19% (100/523)   Resolving deltas:  20% (108/523)   Resolving deltas:  21% (110/523)   Resolving deltas:  24% (126/523)   Resolving deltas:  26% (138/523)   Resolving deltas:  27% (145/523)   Resolving deltas:  28% (148/523)   Resolving deltas:  29% (153/523)   Resolving deltas:  35% (186/523)   Resolving deltas:  37% (194/523)   Resolving deltas:  39% (204/523)   Resolving deltas:  41% (218/523)   Resolving deltas:  42% (224/523)   Resolving deltas:  43% (225/523)   Resolving deltas:  44% (233/523)   Resolving deltas:  45% (237/523)   Resolving deltas:  46% (243/523)   Resolving deltas:  47% (247/523)   Resolving deltas:  49% (258/523)   Resolving deltas:  50% (263/523)   Resolving deltas:  51% (268/523)   Resolving deltas:  52% (276/523)   Resolving deltas:  54% (284/523)   Resolving deltas:  56% (297/523)   Resolving deltas:  57% (299/523)   Resolving deltas:  58% (307/523)   Resolving deltas:  59% (310/523)   Resolving deltas:  60% (314/523)   Resolving deltas:  62% (329/523)   Resolving deltas:  65% (340/523)   Resolving deltas:  67% (352/523)   Resolving deltas:  68% (359/523)   Resolving deltas:  69% (365/523)   Resolving deltas:  70% (370/523)   Resolving deltas:  75% (395/523)   Resolving deltas:  76% (398/523)   Resolving deltas:  79% (415/523)   Resolving deltas:  80% (422/523)   Resolving deltas:  81% (424/523)   Resolving deltas:  82% (430/523)   Resolving deltas:  84% (444/523)   Resolving deltas:  85% (446/523)   Resolving deltas:  86% (451/523)   Resolving deltas:  87% (457/523)   Resolving deltas:  91% (479/523)   Resolving deltas:  92% (482/523)   Resolving deltas:  93% (491/523)   Resolving deltas:  94% (494/523)   Resolving deltas:  95% (498/523)   Resolving deltas:  97% (508/523)   Resolving deltas:  98% (513/523)   Resolving deltas:  99% (522/523)   Resolving deltas: 100% (523/523)   Resolving deltas: 100% (523/523), done.
Checking connectivity... done.
travis_time:end:02c7f878:start=1443800497642364748,finish=1443800498347042350,duration=704677602[0K$ cd square/retrofit
travis_time:start:0470fbd4[0K$ git fetch origin +refs/pull/1159/merge:
remote: Counting objects: 23, done.[K
remote: Compressing objects:   8% (1/12)   [Kremote: Compressing objects:  16% (2/12)   [Kremote: Compressing objects:  25% (3/12)   [Kremote: Compressing objects:  33% (4/12)   [Kremote: Compressing objects:  41% (5/12)   [Kremote: Compressing objects:  50% (6/12)   [Kremote: Compressing objects:  58% (7/12)   [Kremote: Compressing objects:  66% (8/12)   [Kremote: Compressing objects:  75% (9/12)   [Kremote: Compressing objects:  83% (10/12)   [Kremote: Compressing objects:  91% (11/12)   [Kremote: Compressing objects: 100% (12/12)   [Kremote: Compressing objects: 100% (12/12), done.[K
remote: Total 23 (delta 9), reused 17 (delta 5), pack-reused 0[K
Unpacking objects:   4% (1/23)   Unpacking objects:   8% (2/23)   Unpacking objects:  13% (3/23)   Unpacking objects:  17% (4/23)   Unpacking objects:  21% (5/23)   Unpacking objects:  26% (6/23)   Unpacking objects:  30% (7/23)   Unpacking objects:  34% (8/23)   Unpacking objects:  39% (9/23)   Unpacking objects:  43% (10/23)   Unpacking objects:  47% (11/23)   Unpacking objects:  52% (12/23)   Unpacking objects:  56% (13/23)   Unpacking objects:  60% (14/23)   Unpacking objects:  65% (15/23)   Unpacking objects:  69% (16/23)   Unpacking objects:  73% (17/23)   Unpacking objects:  78% (18/23)   Unpacking objects:  82% (19/23)   Unpacking objects:  86% (20/23)   Unpacking objects:  91% (21/23)   Unpacking objects:  95% (22/23)   Unpacking objects: 100% (23/23)   Unpacking objects: 100% (23/23), done.
From https://github.com/square/retrofit
 * branch            refs/pull/1159/merge -> FETCH_HEAD
travis_time:end:0470fbd4:start=1443800498351154273,finish=1443800498648723507,duration=297569234[0K$ git checkout -qf FETCH_HEAD
travis_fold:end:git.checkout[0K
[33;1mThis job is running on container-based infrastructure, which does not allow use of 'sudo', setuid and setguid executables.[0m
[33;1mIf you require sudo, add 'sudo: required' to your .travis.yml[0m
[33;1mSee http://docs.travis-ci.com/user/workers/container-based-infrastructure/ for details.[0m
travis_fold:start:cache.1[0KSetting up build cache
$ export CASHER_DIR=$HOME/.casher
travis_time:start:04a7bb92[0K$ Installing caching utilities
travis_time:end:04a7bb92:start=1443800500146894982,finish=1443800500205390929,duration=58495947[0Ktravis_time:start:05d41620[0Kattempting to download cache archive
fetching PR.1159/cache--jdk-oraclejdk8.tgz
found cache
travis_time:end:05d41620:start=1443800500210491579,finish=1443800501517974157,duration=1307482578[0Ktravis_time:start:0086cd15[0Kadding /home/travis/.m2 to cache
travis_time:end:0086cd15:start=1443800501522229056,finish=1443800502978483202,duration=1456254146[0Ktravis_fold:end:cache.1[0K$ jdk_switcher use oraclejdk8
Switching to Oracle JDK8 (java-8-oracle), JAVA_HOME will be set to /usr/lib/jvm/java-8-oracle
$ java -Xmx32m -version
java version "1.8.0_31"
Java(TM) SE Runtime Environment (build 1.8.0_31-b13)
Java HotSpot(TM) 64-Bit Server VM (build 25.31-b07, mixed mode)
$ javac -J-Xmx32m -version
javac 1.8.0_31
travis_fold:start:install[0Ktravis_time:start:1db266f8[0K$ mvn install -DskipTests=true -Dmaven.javadoc.skip=true -B -V
Java HotSpot(TM) 64-Bit Server VM warning: ignoring option MaxPermSize=192m; support was removed in 8.0
Apache Maven 3.2.5 (12a6b3acb947671f09b81f49094c53f426d8cea1; 2014-12-14T17:29:23+00:00)
Maven home: /usr/local/maven
Java version: 1.8.0_31, vendor: Oracle Corporation
Java home: /usr/lib/jvm/java-8-oracle/jre
Default locale: en_US, platform encoding: UTF-8
OS name: "linux", version: "3.13.0-40-generic", arch: "amd64", family: "unix"
[INFO] Scanning for projects...
[WARNING] 
[WARNING] Some problems were encountered while building the effective model for com.squareup.retrofit:samples:jar:2.0.0-SNAPSHOT
[WARNING] 'build.plugins.plugin.version' for org.apache.maven.plugins:maven-deploy-plugin is missing. @ com.squareup.retrofit:samples:[unknown-version], /home/travis/build/square/retrofit/samples/pom.xml, line 45, column 15
[WARNING] 
[WARNING] It is highly recommended to fix these problems because they threaten the stability of your build.
[WARNING] 
[WARNING] For this reason, future Maven versions might no longer support building such malformed projects.
[WARNING] 
[INFO] ------------------------------------------------------------------------
[INFO] Reactor Build Order:
[INFO] 
[INFO] Retrofit (Parent)
[INFO] Retrofit
[INFO] Adapters
[INFO] Adapter: RxJava
[INFO] Retrofit Mock Adapter
[INFO] Adapter: RxJava Mock
[INFO] Converters
[INFO] Converter: Gson
[INFO] Converter: Protocol Buffers
[INFO] Converter: Jackson
[INFO] Converter: Wire Protocol Buffers
[INFO] Converter: SimpleXML
[INFO] Converter: Moshi
[INFO] Samples
[INFO]                                                                         
[INFO] ------------------------------------------------------------------------
[INFO] Building Retrofit (Parent) 2.0.0-SNAPSHOT
[INFO] ------------------------------------------------------------------------
[INFO] 
[INFO] --- maven-enforcer-plugin:1.0:enforce (enforce-maven) @ parent ---
[INFO] 
[INFO] --- animal-sniffer-maven-plugin:1.14:check (default) @ parent ---
[INFO] Checking unresolved references to org.codehaus.mojo.signature:java16:1.1
[INFO] 
[INFO] --- maven-checkstyle-plugin:2.15:checkstyle (default) @ parent ---
[INFO] 
[INFO] --- maven-install-plugin:2.4:install (default-install) @ parent ---
[INFO] Installing /home/travis/build/square/retrofit/pom.xml to /home/travis/.m2/repository/com/squareup/retrofit/parent/2.0.0-SNAPSHOT/parent-2.0.0-SNAPSHOT.pom
[INFO]                                                                         
[INFO] ------------------------------------------------------------------------
[INFO] Building Retrofit 2.0.0-SNAPSHOT
[INFO] ------------------------------------------------------------------------
[INFO] 
[INFO] --- maven-enforcer-plugin:1.0:enforce (enforce-maven) @ retrofit ---
[INFO] 
[INFO] --- maven-resources-plugin:2.6:resources (default-resources) @ retrofit ---
[INFO] Using 'UTF-8' encoding to copy filtered resources.
[INFO] skip non existing resourceDirectory /home/travis/build/square/retrofit/retrofit/src/main/resources
[INFO] 
[INFO] --- maven-compiler-plugin:3.0:compile (default-compile) @ retrofit ---
[INFO] Changes detected - recompiling the module!
[INFO] Compiling 41 source files to /home/travis/build/square/retrofit/retrofit/target/classes
[WARNING] /home/travis/build/square/retrofit/retrofit/src/main/java/retrofit/Retrofit.java: Some input files use unchecked or unsafe operations.
[WARNING] /home/travis/build/square/retrofit/retrofit/src/main/java/retrofit/Retrofit.java: Recompile with -Xlint:unchecked for details.
[INFO] 
[INFO] --- maven-resources-plugin:2.6:testResources (default-testResources) @ retrofit ---
[INFO] Using 'UTF-8' encoding to copy filtered resources.
[INFO] skip non existing resourceDirectory /home/travis/build/square/retrofit/retrofit/src/test/resources
[INFO] 
[INFO] --- maven-compiler-plugin:3.0:testCompile (default-testCompile) @ retrofit ---
[INFO] Changes detected - recompiling the module!
[INFO] Compiling 7 source files to /home/travis/build/square/retrofit/retrofit/target/test-classes
[WARNING] /home/travis/build/square/retrofit/retrofit/src/test/java/retrofit/RetrofitTest.java: /home/travis/build/square/retrofit/retrofit/src/test/java/retrofit/RetrofitTest.java uses unchecked or unsafe operations.
[WARNING] /home/travis/build/square/retrofit/retrofit/src/test/java/retrofit/RetrofitTest.java: Recompile with -Xlint:unchecked for details.
[INFO] 
[INFO] --- maven-surefire-plugin:2.12.4:test (default-test) @ retrofit ---
[INFO] Tests are skipped.
[INFO] 
[INFO] --- animal-sniffer-maven-plugin:1.14:check (default) @ retrofit ---
[INFO] Checking unresolved references to org.codehaus.mojo.signature:java16:1.1
[INFO] 
[INFO] --- maven-jar-plugin:2.4:jar (default-jar) @ retrofit ---
[INFO] Building jar: /home/travis/build/square/retrofit/retrofit/target/retrofit-2.0.0-SNAPSHOT.jar
[INFO] 
[INFO] --- maven-checkstyle-plugin:2.15:checkstyle (default) @ retrofit ---
[INFO] Starting audit...
Audit done.
[WARNING] Unable to locate Source XRef to link to - DISABLED
[INFO] 
[INFO] --- maven-install-plugin:2.4:install (default-install) @ retrofit ---
[INFO] Installing /home/travis/build/square/retrofit/retrofit/target/retrofit-2.0.0-SNAPSHOT.jar to /home/travis/.m2/repository/com/squareup/retrofit/retrofit/2.0.0-SNAPSHOT/retrofit-2.0.0-SNAPSHOT.jar
[INFO] Installing /home/travis/build/square/retrofit/retrofit/pom.xml to /home/travis/.m2/repository/com/squareup/retrofit/retrofit/2.0.0-SNAPSHOT/retrofit-2.0.0-SNAPSHOT.pom
[INFO]                                                                         
[INFO] ------------------------------------------------------------------------
[INFO] Building Adapters 2.0.0-SNAPSHOT
[INFO] ------------------------------------------------------------------------
[INFO] 
[INFO] --- maven-enforcer-plugin:1.0:enforce (enforce-maven) @ retrofit-adapters ---
[INFO] 
[INFO] --- animal-sniffer-maven-plugin:1.14:check (default) @ retrofit-adapters ---
[INFO] Checking unresolved references to org.codehaus.mojo.signature:java16:1.1
[INFO] 
[INFO] --- maven-checkstyle-plugin:2.15:checkstyle (default) @ retrofit-adapters ---
[INFO] 
[INFO] --- maven-install-plugin:2.4:install (default-install) @ retrofit-adapters ---
[INFO] Installing /home/travis/build/square/retrofit/retrofit-adapters/pom.xml to /home/travis/.m2/repository/com/squareup/retrofit/retrofit-adapters/2.0.0-SNAPSHOT/retrofit-adapters-2.0.0-SNAPSHOT.pom
[INFO]                                                                         
[INFO] ------------------------------------------------------------------------
[INFO] Building Adapter: RxJava 2.0.0-SNAPSHOT
[INFO] ------------------------------------------------------------------------
[INFO] 
[INFO] --- maven-enforcer-plugin:1.0:enforce (enforce-maven) @ adapter-rxjava ---
[INFO] 
[INFO] --- maven-resources-plugin:2.6:resources (default-resources) @ adapter-rxjava ---
[INFO] Using 'UTF-8' encoding to copy filtered resources.
[INFO] skip non existing resourceDirectory /home/travis/build/square/retrofit/retrofit-adapters/rxjava/src/main/resources
[INFO] 
[INFO] --- maven-compiler-plugin:3.0:compile (default-compile) @ adapter-rxjava ---
[INFO] Changes detected - recompiling the module!
[INFO] Compiling 4 source files to /home/travis/build/square/retrofit/retrofit-adapters/rxjava/target/classes
[INFO] 
[INFO] --- maven-resources-plugin:2.6:testResources (default-testResources) @ adapter-rxjava ---
[INFO] Using 'UTF-8' encoding to copy filtered resources.
[INFO] skip non existing resourceDirectory /home/travis/build/square/retrofit/retrofit-adapters/rxjava/src/test/resources
[INFO] 
[INFO] --- maven-compiler-plugin:3.0:testCompile (default-testCompile) @ adapter-rxjava ---
[INFO] Changes detected - recompiling the module!
[INFO] Compiling 2 source files to /home/travis/build/square/retrofit/retrofit-adapters/rxjava/target/test-classes
[INFO] 
[INFO] --- maven-surefire-plugin:2.12.4:test (default-test) @ adapter-rxjava ---
[INFO] Tests are skipped.
[INFO] 
[INFO] --- animal-sniffer-maven-plugin:1.14:check (default) @ adapter-rxjava ---
[INFO] Checking unresolved references to org.codehaus.mojo.signature:java16:1.1
[INFO] 
[INFO] --- maven-jar-plugin:2.4:jar (default-jar) @ adapter-rxjava ---
[INFO] Building jar: /home/travis/build/square/retrofit/retrofit-adapters/rxjava/target/adapter-rxjava-2.0.0-SNAPSHOT.jar
[INFO] 
[INFO] --- maven-checkstyle-plugin:2.15:checkstyle (default) @ adapter-rxjava ---
[INFO] Starting audit...
Audit done.
[WARNING] Unable to locate Source XRef to link to - DISABLED
[INFO] 
[INFO] --- maven-install-plugin:2.4:install (default-install) @ adapter-rxjava ---
[INFO] Installing /home/travis/build/square/retrofit/retrofit-adapters/rxjava/target/adapter-rxjava-2.0.0-SNAPSHOT.jar to /home/travis/.m2/repository/com/squareup/retrofit/adapter-rxjava/2.0.0-SNAPSHOT/adapter-rxjava-2.0.0-SNAPSHOT.jar
[INFO] Installing /home/travis/build/square/retrofit/retrofit-adapters/rxjava/pom.xml to /home/travis/.m2/repository/com/squareup/retrofit/adapter-rxjava/2.0.0-SNAPSHOT/adapter-rxjava-2.0.0-SNAPSHOT.pom
[INFO]                                                                         
[INFO] ------------------------------------------------------------------------
[INFO] Building Retrofit Mock Adapter 2.0.0-SNAPSHOT
[INFO] ------------------------------------------------------------------------
[INFO] 
[INFO] --- maven-enforcer-plugin:1.0:enforce (enforce-maven) @ retrofit-mock ---
[INFO] 
[INFO] --- maven-resources-plugin:2.6:resources (default-resources) @ retrofit-mock ---
[INFO] Using 'UTF-8' encoding to copy filtered resources.
[INFO] skip non existing resourceDirectory /home/travis/build/square/retrofit/retrofit-mock/src/main/resources
[INFO] 
[INFO] --- maven-compiler-plugin:3.0:compile (default-compile) @ retrofit-mock ---
[INFO] Changes detected - recompiling the module!
[INFO] Compiling 5 source files to /home/travis/build/square/retrofit/retrofit-mock/target/classes
[INFO] 
[INFO] --- maven-resources-plugin:2.6:testResources (default-testResources) @ retrofit-mock ---
[INFO] Using 'UTF-8' encoding to copy filtered resources.
[INFO] skip non existing resourceDirectory /home/travis/build/square/retrofit/retrofit-mock/src/test/resources
[INFO] 
[INFO] --- maven-compiler-plugin:3.0:testCompile (default-testCompile) @ retrofit-mock ---
[INFO] Changes detected - recompiling the module!
[INFO] Compiling 2 source files to /home/travis/build/square/retrofit/retrofit-mock/target/test-classes
[INFO] 
[INFO] --- maven-surefire-plugin:2.12.4:test (default-test) @ retrofit-mock ---
[INFO] Tests are skipped.
[INFO] 
[INFO] --- animal-sniffer-maven-plugin:1.14:check (default) @ retrofit-mock ---
[INFO] Checking unresolved references to org.codehaus.mojo.signature:java16:1.1
[INFO] 
[INFO] --- maven-jar-plugin:2.4:jar (default-jar) @ retrofit-mock ---
[INFO] Building jar: /home/travis/build/square/retrofit/retrofit-mock/target/retrofit-mock-2.0.0-SNAPSHOT.jar
[INFO] 
[INFO] --- maven-checkstyle-plugin:2.15:checkstyle (default) @ retrofit-mock ---
[INFO] Starting audit...
Audit done.
[WARNING] Unable to locate Source XRef to link to - DISABLED
[INFO] 
[INFO] --- maven-install-plugin:2.4:install (default-install) @ retrofit-mock ---
[INFO] Installing /home/travis/build/square/retrofit/retrofit-mock/target/retrofit-mock-2.0.0-SNAPSHOT.jar to /home/travis/.m2/repository/com/squareup/retrofit/retrofit-mock/2.0.0-SNAPSHOT/retrofit-mock-2.0.0-SNAPSHOT.jar
[INFO] Installing /home/travis/build/square/retrofit/retrofit-mock/pom.xml to /home/travis/.m2/repository/com/squareup/retrofit/retrofit-mock/2.0.0-SNAPSHOT/retrofit-mock-2.0.0-SNAPSHOT.pom
[INFO]                                                                         
[INFO] ------------------------------------------------------------------------
[INFO] Building Adapter: RxJava Mock 2.0.0-SNAPSHOT
[INFO] ------------------------------------------------------------------------
[INFO] 
[INFO] --- maven-enforcer-plugin:1.0:enforce (enforce-maven) @ adapter-rxjava-mock ---
[INFO] 
[INFO] --- maven-resources-plugin:2.6:resources (default-resources) @ adapter-rxjava-mock ---
[INFO] Using 'UTF-8' encoding to copy filtered resources.
[INFO] skip non existing resourceDirectory /home/travis/build/square/retrofit/retrofit-adapters/rxjava-mock/src/main/resources
[INFO] 
[INFO] --- maven-compiler-plugin:3.0:compile (default-compile) @ adapter-rxjava-mock ---
[INFO] Changes detected - recompiling the module!
[INFO] Compiling 2 source files to /home/travis/build/square/retrofit/retrofit-adapters/rxjava-mock/target/classes
[INFO] 
[INFO] --- maven-resources-plugin:2.6:testResources (default-testResources) @ adapter-rxjava-mock ---
[INFO] Using 'UTF-8' encoding to copy filtered resources.
[INFO] skip non existing resourceDirectory /home/travis/build/square/retrofit/retrofit-adapters/rxjava-mock/src/test/resources
[INFO] 
[INFO] --- maven-compiler-plugin:3.0:testCompile (default-testCompile) @ adapter-rxjava-mock ---
[INFO] Changes detected - recompiling the module!
[INFO] Compiling 1 source file to /home/travis/build/square/retrofit/retrofit-adapters/rxjava-mock/target/test-classes
[INFO] 
[INFO] --- maven-surefire-plugin:2.12.4:test (default-test) @ adapter-rxjava-mock ---
[INFO] Tests are skipped.
[INFO] 
[INFO] --- animal-sniffer-maven-plugin:1.14:check (default) @ adapter-rxjava-mock ---
[INFO] Checking unresolved references to org.codehaus.mojo.signature:java16:1.1
[INFO] 
[INFO] --- maven-jar-plugin:2.4:jar (default-jar) @ adapter-rxjava-mock ---
[INFO] Building jar: /home/travis/build/square/retrofit/retrofit-adapters/rxjava-mock/target/adapter-rxjava-mock-2.0.0-SNAPSHOT.jar
[INFO] 
[INFO] --- maven-checkstyle-plugin:2.15:checkstyle (default) @ adapter-rxjava-mock ---
[INFO] Starting audit...
Audit done.
[WARNING] Unable to locate Source XRef to link to - DISABLED
[INFO] 
[INFO] --- maven-install-plugin:2.4:install (default-install) @ adapter-rxjava-mock ---
[INFO] Installing /home/travis/build/square/retrofit/retrofit-adapters/rxjava-mock/target/adapter-rxjava-mock-2.0.0-SNAPSHOT.jar to /home/travis/.m2/repository/com/squareup/retrofit/adapter-rxjava-mock/2.0.0-SNAPSHOT/adapter-rxjava-mock-2.0.0-SNAPSHOT.jar
[INFO] Installing /home/travis/build/square/retrofit/retrofit-adapters/rxjava-mock/pom.xml to /home/travis/.m2/repository/com/squareup/retrofit/adapter-rxjava-mock/2.0.0-SNAPSHOT/adapter-rxjava-mock-2.0.0-SNAPSHOT.pom
[INFO]                                                                         
[INFO] ------------------------------------------------------------------------
[INFO] Building Converters 2.0.0-SNAPSHOT
[INFO] ------------------------------------------------------------------------
[INFO] 
[INFO] --- maven-enforcer-plugin:1.0:enforce (enforce-maven) @ retrofit-converters ---
[INFO] 
[INFO] --- animal-sniffer-maven-plugin:1.14:check (default) @ retrofit-converters ---
[INFO] Checking unresolved references to org.codehaus.mojo.signature:java16:1.1
[INFO] 
[INFO] --- maven-checkstyle-plugin:2.15:checkstyle (default) @ retrofit-converters ---
[INFO] 
[INFO] --- maven-install-plugin:2.4:install (default-install) @ retrofit-converters ---
[INFO] Installing /home/travis/build/square/retrofit/retrofit-converters/pom.xml to /home/travis/.m2/repository/com/squareup/retrofit/retrofit-converters/2.0.0-SNAPSHOT/retrofit-converters-2.0.0-SNAPSHOT.pom
[INFO]                                                                         
[INFO] ------------------------------------------------------------------------
[INFO] Building Converter: Gson 2.0.0-SNAPSHOT
[INFO] ------------------------------------------------------------------------
[INFO] 
[INFO] --- maven-enforcer-plugin:1.0:enforce (enforce-maven) @ converter-gson ---
[INFO] 
[INFO] --- maven-resources-plugin:2.6:resources (default-resources) @ converter-gson ---
[INFO] Using 'UTF-8' encoding to copy filtered resources.
[INFO] skip non existing resourceDirectory /home/travis/build/square/retrofit/retrofit-converters/gson/src/main/resources
[INFO] 
[INFO] --- maven-compiler-plugin:3.0:compile (default-compile) @ converter-gson ---
[INFO] Changes detected - recompiling the module!
[INFO] Compiling 3 source files to /home/travis/build/square/retrofit/retrofit-converters/gson/target/classes
[INFO] 
[INFO] --- maven-resources-plugin:2.6:testResources (default-testResources) @ converter-gson ---
[INFO] Using 'UTF-8' encoding to copy filtered resources.
[INFO] skip non existing resourceDirectory /home/travis/build/square/retrofit/retrofit-converters/gson/src/test/resources
[INFO] 
[INFO] --- maven-compiler-plugin:3.0:testCompile (default-testCompile) @ converter-gson ---
[INFO] Changes detected - recompiling the module!
[INFO] Compiling 1 source file to /home/travis/build/square/retrofit/retrofit-converters/gson/target/test-classes
[INFO] 
[INFO] --- maven-surefire-plugin:2.12.4:test (default-test) @ converter-gson ---
[INFO] Tests are skipped.
[INFO] 
[INFO] --- animal-sniffer-maven-plugin:1.14:check (default) @ converter-gson ---
[INFO] Checking unresolved references to org.codehaus.mojo.signature:java16:1.1
[INFO] 
[INFO] --- maven-jar-plugin:2.4:jar (default-jar) @ converter-gson ---
[INFO] Building jar: /home/travis/build/square/retrofit/retrofit-converters/gson/target/converter-gson-2.0.0-SNAPSHOT.jar
[INFO] 
[INFO] --- maven-checkstyle-plugin:2.15:checkstyle (default) @ converter-gson ---
[INFO] Starting audit...
Audit done.
[WARNING] Unable to locate Source XRef to link to - DISABLED
[INFO] 
[INFO] --- maven-install-plugin:2.4:install (default-install) @ converter-gson ---
[INFO] Installing /home/travis/build/square/retrofit/retrofit-converters/gson/target/converter-gson-2.0.0-SNAPSHOT.jar to /home/travis/.m2/repository/com/squareup/retrofit/converter-gson/2.0.0-SNAPSHOT/converter-gson-2.0.0-SNAPSHOT.jar
[INFO] Installing /home/travis/build/square/retrofit/retrofit-converters/gson/pom.xml to /home/travis/.m2/repository/com/squareup/retrofit/converter-gson/2.0.0-SNAPSHOT/converter-gson-2.0.0-SNAPSHOT.pom
[INFO]                                                                         
[INFO] ------------------------------------------------------------------------
[INFO] Building Converter: Protocol Buffers 2.0.0-SNAPSHOT
[INFO] ------------------------------------------------------------------------
[INFO] 
[INFO] --- maven-enforcer-plugin:1.0:enforce (enforce-maven) @ converter-protobuf ---
[INFO] 
[INFO] --- maven-resources-plugin:2.6:resources (default-resources) @ converter-protobuf ---
[INFO] Using 'UTF-8' encoding to copy filtered resources.
[INFO] skip non existing resourceDirectory /home/travis/build/square/retrofit/retrofit-converters/protobuf/src/main/resources
[INFO] 
[INFO] --- maven-compiler-plugin:3.0:compile (default-compile) @ converter-protobuf ---
[INFO] Changes detected - recompiling the module!
[INFO] Compiling 3 source files to /home/travis/build/square/retrofit/retrofit-converters/protobuf/target/classes
[WARNING] /home/travis/build/square/retrofit/retrofit-converters/protobuf/src/main/java/retrofit/ProtoConverterFactory.java: /home/travis/build/square/retrofit/retrofit-converters/protobuf/src/main/java/retrofit/ProtoConverterFactory.java uses unchecked or unsafe operations.
[WARNING] /home/travis/build/square/retrofit/retrofit-converters/protobuf/src/main/java/retrofit/ProtoConverterFactory.java: Recompile with -Xlint:unchecked for details.
[INFO] 
[INFO] --- maven-resources-plugin:2.6:testResources (default-testResources) @ converter-protobuf ---
[INFO] Using 'UTF-8' encoding to copy filtered resources.
[INFO] skip non existing resourceDirectory /home/travis/build/square/retrofit/retrofit-converters/protobuf/src/test/resources
[INFO] 
[INFO] --- maven-compiler-plugin:3.0:testCompile (default-testCompile) @ converter-protobuf ---
[INFO] Changes detected - recompiling the module!
[INFO] Compiling 2 source files to /home/travis/build/square/retrofit/retrofit-converters/protobuf/target/test-classes
[INFO] 
[INFO] --- maven-surefire-plugin:2.12.4:test (default-test) @ converter-protobuf ---
[INFO] Tests are skipped.
[INFO] 
[INFO] --- animal-sniffer-maven-plugin:1.14:check (default) @ converter-protobuf ---
[INFO] Checking unresolved references to org.codehaus.mojo.signature:java16:1.1
[INFO] 
[INFO] --- maven-jar-plugin:2.4:jar (default-jar) @ converter-protobuf ---
[INFO] Building jar: /home/travis/build/square/retrofit/retrofit-converters/protobuf/target/converter-protobuf-2.0.0-SNAPSHOT.jar
[INFO] 
[INFO] --- maven-checkstyle-plugin:2.15:checkstyle (default) @ converter-protobuf ---
[INFO] Starting audit...
Audit done.
[WARNING] Unable to locate Source XRef to link to - DISABLED
[INFO] 
[INFO] --- maven-install-plugin:2.4:install (default-install) @ converter-protobuf ---
[INFO] Installing /home/travis/build/square/retrofit/retrofit-converters/protobuf/target/converter-protobuf-2.0.0-SNAPSHOT.jar to /home/travis/.m2/repository/com/squareup/retrofit/converter-protobuf/2.0.0-SNAPSHOT/converter-protobuf-2.0.0-SNAPSHOT.jar
[INFO] Installing /home/travis/build/square/retrofit/retrofit-converters/protobuf/pom.xml to /home/travis/.m2/repository/com/squareup/retrofit/converter-protobuf/2.0.0-SNAPSHOT/converter-protobuf-2.0.0-SNAPSHOT.pom
[INFO]                                                                         
[INFO] ------------------------------------------------------------------------
[INFO] Building Converter: Jackson 2.0.0-SNAPSHOT
[INFO] ------------------------------------------------------------------------
[INFO] 
[INFO] --- maven-enforcer-plugin:1.0:enforce (enforce-maven) @ converter-jackson ---
[INFO] 
[INFO] --- maven-resources-plugin:2.6:resources (default-resources) @ converter-jackson ---
[INFO] Using 'UTF-8' encoding to copy filtered resources.
[INFO] skip non existing resourceDirectory /home/travis/build/square/retrofit/retrofit-converters/jackson/src/main/resources
[INFO] 
[INFO] --- maven-compiler-plugin:3.0:compile (default-compile) @ converter-jackson ---
[INFO] Changes detected - recompiling the module!
[INFO] Compiling 3 source files to /home/travis/build/square/retrofit/retrofit-converters/jackson/target/classes
[INFO] 
[INFO] --- maven-resources-plugin:2.6:testResources (default-testResources) @ converter-jackson ---
[INFO] Using 'UTF-8' encoding to copy filtered resources.
[INFO] skip non existing resourceDirectory /home/travis/build/square/retrofit/retrofit-converters/jackson/src/test/resources
[INFO] 
[INFO] --- maven-compiler-plugin:3.0:testCompile (default-testCompile) @ converter-jackson ---
[INFO] Changes detected - recompiling the module!
[INFO] Compiling 1 source file to /home/travis/build/square/retrofit/retrofit-converters/jackson/target/test-classes
[INFO] 
[INFO] --- maven-surefire-plugin:2.12.4:test (default-test) @ converter-jackson ---
[INFO] Tests are skipped.
[INFO] 
[INFO] --- animal-sniffer-maven-plugin:1.14:check (default) @ converter-jackson ---
[INFO] Checking unresolved references to org.codehaus.mojo.signature:java16:1.1
[INFO] 
[INFO] --- maven-jar-plugin:2.4:jar (default-jar) @ converter-jackson ---
[INFO] Building jar: /home/travis/build/square/retrofit/retrofit-converters/jackson/target/converter-jackson-2.0.0-SNAPSHOT.jar
[INFO] 
[INFO] --- maven-checkstyle-plugin:2.15:checkstyle (default) @ converter-jackson ---
[INFO] Starting audit...
Audit done.
[WARNING] Unable to locate Source XRef to link to - DISABLED
[INFO] 
[INFO] --- maven-install-plugin:2.4:install (default-install) @ converter-jackson ---
[INFO] Installing /home/travis/build/square/retrofit/retrofit-converters/jackson/target/converter-jackson-2.0.0-SNAPSHOT.jar to /home/travis/.m2/repository/com/squareup/retrofit/converter-jackson/2.0.0-SNAPSHOT/converter-jackson-2.0.0-SNAPSHOT.jar
[INFO] Installing /home/travis/build/square/retrofit/retrofit-converters/jackson/pom.xml to /home/travis/.m2/repository/com/squareup/retrofit/converter-jackson/2.0.0-SNAPSHOT/converter-jackson-2.0.0-SNAPSHOT.pom
[INFO]                                                                         
[INFO] ------------------------------------------------------------------------
[INFO] Building Converter: Wire Protocol Buffers 2.0.0-SNAPSHOT
[INFO] ------------------------------------------------------------------------
[INFO] 
[INFO] --- maven-enforcer-plugin:1.0:enforce (enforce-maven) @ converter-wire ---
[INFO] 
[INFO] --- maven-resources-plugin:2.6:resources (default-resources) @ converter-wire ---
[INFO] Using 'UTF-8' encoding to copy filtered resources.
[INFO] skip non existing resourceDirectory /home/travis/build/square/retrofit/retrofit-converters/wire/src/main/resources
[INFO] 
[INFO] --- maven-compiler-plugin:3.0:compile (default-compile) @ converter-wire ---
[INFO] Changes detected - recompiling the module!
[INFO] Compiling 3 source files to /home/travis/build/square/retrofit/retrofit-converters/wire/target/classes
[WARNING] /home/travis/build/square/retrofit/retrofit-converters/wire/src/main/java/retrofit/WireConverterFactory.java: /home/travis/build/square/retrofit/retrofit-converters/wire/src/main/java/retrofit/WireConverterFactory.java uses unchecked or unsafe operations.
[WARNING] /home/travis/build/square/retrofit/retrofit-converters/wire/src/main/java/retrofit/WireConverterFactory.java: Recompile with -Xlint:unchecked for details.
[INFO] 
[INFO] --- maven-resources-plugin:2.6:testResources (default-testResources) @ converter-wire ---
[INFO] Using 'UTF-8' encoding to copy filtered resources.
[INFO] skip non existing resourceDirectory /home/travis/build/square/retrofit/retrofit-converters/wire/src/test/resources
[INFO] 
[INFO] --- maven-compiler-plugin:3.0:testCompile (default-testCompile) @ converter-wire ---
[INFO] Changes detected - recompiling the module!
[INFO] Compiling 2 source files to /home/travis/build/square/retrofit/retrofit-converters/wire/target/test-classes
[INFO] 
[INFO] --- maven-surefire-plugin:2.12.4:test (default-test) @ converter-wire ---
[INFO] Tests are skipped.
[INFO] 
[INFO] --- animal-sniffer-maven-plugin:1.14:check (default) @ converter-wire ---
[INFO] Checking unresolved references to org.codehaus.mojo.signature:java16:1.1
[INFO] 
[INFO] --- maven-jar-plugin:2.4:jar (default-jar) @ converter-wire ---
[INFO] Building jar: /home/travis/build/square/retrofit/retrofit-converters/wire/target/converter-wire-2.0.0-SNAPSHOT.jar
[INFO] 
[INFO] --- maven-checkstyle-plugin:2.15:checkstyle (default) @ converter-wire ---
[INFO] Starting audit...
Audit done.
[WARNING] Unable to locate Source XRef to link to - DISABLED
[INFO] 
[INFO] --- maven-install-plugin:2.4:install (default-install) @ converter-wire ---
[INFO] Installing /home/travis/build/square/retrofit/retrofit-converters/wire/target/converter-wire-2.0.0-SNAPSHOT.jar to /home/travis/.m2/repository/com/squareup/retrofit/converter-wire/2.0.0-SNAPSHOT/converter-wire-2.0.0-SNAPSHOT.jar
[INFO] Installing /home/travis/build/square/retrofit/retrofit-converters/wire/pom.xml to /home/travis/.m2/repository/com/squareup/retrofit/converter-wire/2.0.0-SNAPSHOT/converter-wire-2.0.0-SNAPSHOT.pom
[INFO]                                                                         
[INFO] ------------------------------------------------------------------------
[INFO] Building Converter: SimpleXML 2.0.0-SNAPSHOT
[INFO] ------------------------------------------------------------------------
[INFO] 
[INFO] --- maven-enforcer-plugin:1.0:enforce (enforce-maven) @ converter-simplexml ---
[INFO] 
[INFO] --- maven-resources-plugin:2.6:resources (default-resources) @ converter-simplexml ---
[INFO] Using 'UTF-8' encoding to copy filtered resources.
[INFO] skip non existing resourceDirectory /home/travis/build/square/retrofit/retrofit-converters/simplexml/src/main/resources
[INFO] 
[INFO] --- maven-compiler-plugin:3.0:compile (default-compile) @ converter-simplexml ---
[INFO] Changes detected - recompiling the module!
[INFO] Compiling 3 source files to /home/travis/build/square/retrofit/retrofit-converters/simplexml/target/classes
[INFO] 
[INFO] --- maven-resources-plugin:2.6:testResources (default-testResources) @ converter-simplexml ---
[INFO] Using 'UTF-8' encoding to copy filtered resources.
[INFO] skip non existing resourceDirectory /home/travis/build/square/retrofit/retrofit-converters/simplexml/src/test/resources
[INFO] 
[INFO] --- maven-compiler-plugin:3.0:testCompile (default-testCompile) @ converter-simplexml ---
[INFO] Changes detected - recompiling the module!
[INFO] Compiling 2 source files to /home/travis/build/square/retrofit/retrofit-converters/simplexml/target/test-classes
[INFO] 
[INFO] --- maven-surefire-plugin:2.12.4:test (default-test) @ converter-simplexml ---
[INFO] Tests are skipped.
[INFO] 
[INFO] --- animal-sniffer-maven-plugin:1.14:check (default) @ converter-simplexml ---
[INFO] Checking unresolved references to org.codehaus.mojo.signature:java16:1.1
[INFO] 
[INFO] --- maven-jar-plugin:2.4:jar (default-jar) @ converter-simplexml ---
[INFO] Building jar: /home/travis/build/square/retrofit/retrofit-converters/simplexml/target/converter-simplexml-2.0.0-SNAPSHOT.jar
[INFO] 
[INFO] --- maven-checkstyle-plugin:2.15:checkstyle (default) @ converter-simplexml ---
[INFO] Starting audit...
Audit done.
[WARNING] Unable to locate Source XRef to link to - DISABLED
[INFO] 
[INFO] --- maven-install-plugin:2.4:install (default-install) @ converter-simplexml ---
[INFO] Installing /home/travis/build/square/retrofit/retrofit-converters/simplexml/target/converter-simplexml-2.0.0-SNAPSHOT.jar to /home/travis/.m2/repository/com/squareup/retrofit/converter-simplexml/2.0.0-SNAPSHOT/converter-simplexml-2.0.0-SNAPSHOT.jar
[INFO] Installing /home/travis/build/square/retrofit/retrofit-converters/simplexml/pom.xml to /home/travis/.m2/repository/com/squareup/retrofit/converter-simplexml/2.0.0-SNAPSHOT/converter-simplexml-2.0.0-SNAPSHOT.pom
[INFO]                                                                         
[INFO] ------------------------------------------------------------------------
[INFO] Building Converter: Moshi 2.0.0-SNAPSHOT
[INFO] ------------------------------------------------------------------------
[INFO] 
[INFO] --- maven-enforcer-plugin:1.0:enforce (enforce-maven) @ converter-moshi ---
[INFO] 
[INFO] --- maven-resources-plugin:2.6:resources (default-resources) @ converter-moshi ---
[INFO] Using 'UTF-8' encoding to copy filtered resources.
[INFO] skip non existing resourceDirectory /home/travis/build/square/retrofit/retrofit-converters/moshi/src/main/resources
[INFO] 
[INFO] --- maven-compiler-plugin:3.0:compile (default-compile) @ converter-moshi ---
[INFO] Changes detected - recompiling the module!
[INFO] Compiling 3 source files to /home/travis/build/square/retrofit/retrofit-converters/moshi/target/classes
[INFO] 
[INFO] --- maven-resources-plugin:2.6:testResources (default-testResources) @ converter-moshi ---
[INFO] Using 'UTF-8' encoding to copy filtered resources.
[INFO] skip non existing resourceDirectory /home/travis/build/square/retrofit/retrofit-converters/moshi/src/test/resources
[INFO] 
[INFO] --- maven-compiler-plugin:3.0:testCompile (default-testCompile) @ converter-moshi ---
[INFO] Changes detected - recompiling the module!
[INFO] Compiling 1 source file to /home/travis/build/square/retrofit/retrofit-converters/moshi/target/test-classes
[INFO] 
[INFO] --- maven-surefire-plugin:2.12.4:test (default-test) @ converter-moshi ---
[INFO] Tests are skipped.
[INFO] 
[INFO] --- animal-sniffer-maven-plugin:1.14:check (default) @ converter-moshi ---
[INFO] Checking unresolved references to org.codehaus.mojo.signature:java16:1.1
[INFO] 
[INFO] --- maven-jar-plugin:2.4:jar (default-jar) @ converter-moshi ---
[INFO] Building jar: /home/travis/build/square/retrofit/retrofit-converters/moshi/target/converter-moshi-2.0.0-SNAPSHOT.jar
[INFO] 
[INFO] --- maven-checkstyle-plugin:2.15:checkstyle (default) @ converter-moshi ---
[INFO] Starting audit...
Audit done.
[WARNING] Unable to locate Source XRef to link to - DISABLED
[INFO] 
[INFO] --- maven-install-plugin:2.4:install (default-install) @ converter-moshi ---
[INFO] Installing /home/travis/build/square/retrofit/retrofit-converters/moshi/target/converter-moshi-2.0.0-SNAPSHOT.jar to /home/travis/.m2/repository/com/squareup/retrofit/converter-moshi/2.0.0-SNAPSHOT/converter-moshi-2.0.0-SNAPSHOT.jar
[INFO] Installing /home/travis/build/square/retrofit/retrofit-converters/moshi/pom.xml to /home/travis/.m2/repository/com/squareup/retrofit/converter-moshi/2.0.0-SNAPSHOT/converter-moshi-2.0.0-SNAPSHOT.pom
[INFO]                                                                         
[INFO] ------------------------------------------------------------------------
[INFO] Building Samples 2.0.0-SNAPSHOT
[INFO] ------------------------------------------------------------------------
[INFO] 
[INFO] --- maven-enforcer-plugin:1.0:enforce (enforce-maven) @ samples ---
[INFO] 
[INFO] --- maven-resources-plugin:2.6:resources (default-resources) @ samples ---
[INFO] Using 'UTF-8' encoding to copy filtered resources.
[INFO] skip non existing resourceDirectory /home/travis/build/square/retrofit/samples/src/main/resources
[INFO] 
[INFO] --- maven-compiler-plugin:3.0:compile (default-compile) @ samples ---
[INFO] Changes detected - recompiling the module!
[INFO] Compiling 4 source files to /home/travis/build/square/retrofit/samples/target/classes
[INFO] 
[INFO] --- maven-resources-plugin:2.6:testResources (default-testResources) @ samples ---
[INFO] Using 'UTF-8' encoding to copy filtered resources.
[INFO] skip non existing resourceDirectory /home/travis/build/square/retrofit/samples/src/test/resources
[INFO] 
[INFO] --- maven-compiler-plugin:3.0:testCompile (default-testCompile) @ samples ---
[INFO] No sources to compile
[INFO] 
[INFO] --- maven-surefire-plugin:2.12.4:test (default-test) @ samples ---
[INFO] Tests are skipped.
[INFO] 
[INFO] --- animal-sniffer-maven-plugin:1.14:check (default) @ samples ---
[INFO] Checking unresolved references to org.codehaus.mojo.signature:java16:1.1
[INFO] 
[INFO] --- maven-jar-plugin:2.4:jar (default-jar) @ samples ---
[INFO] Building jar: /home/travis/build/square/retrofit/samples/target/samples-2.0.0-SNAPSHOT.jar
[INFO] 
[INFO] --- maven-checkstyle-plugin:2.15:checkstyle (default) @ samples ---
[INFO] Starting audit...
Audit done.
[WARNING] Unable to locate Source XRef to link to - DISABLED
[INFO] 
[INFO] --- maven-install-plugin:2.4:install (default-install) @ samples ---
[INFO] Installing /home/travis/build/square/retrofit/samples/target/samples-2.0.0-SNAPSHOT.jar to /home/travis/.m2/repository/com/squareup/retrofit/samples/2.0.0-SNAPSHOT/samples-2.0.0-SNAPSHOT.jar
[INFO] Installing /home/travis/build/square/retrofit/samples/pom.xml to /home/travis/.m2/repository/com/squareup/retrofit/samples/2.0.0-SNAPSHOT/samples-2.0.0-SNAPSHOT.pom
[INFO] ------------------------------------------------------------------------
[INFO] Reactor Summary:
[INFO] 
[INFO] Retrofit (Parent) .................................. SUCCESS [  4.346 s]
[INFO] Retrofit ........................................... SUCCESS [ 18.859 s]
[INFO] Adapters ........................................... SUCCESS [  0.251 s]
[INFO] Adapter: RxJava .................................... SUCCESS [  4.209 s]
[INFO] Retrofit Mock Adapter .............................. SUCCESS [  2.813 s]
[INFO] Adapter: RxJava Mock ............................... SUCCESS [  1.744 s]
[INFO] Converters ......................................... SUCCESS [  0.181 s]
[INFO] Converter: Gson .................................... SUCCESS [  1.479 s]
[INFO] Converter: Protocol Buffers ........................ SUCCESS [  2.303 s]
[INFO] Converter: Jackson ................................. SUCCESS [  1.548 s]
[INFO] Converter: Wire Protocol Buffers ................... SUCCESS [  1.592 s]
[INFO] Converter: SimpleXML ............................... SUCCESS [  1.098 s]
[INFO] Converter: Moshi ................................... SUCCESS [  0.788 s]
[INFO] Samples ............................................ SUCCESS [  1.380 s]
[INFO] ------------------------------------------------------------------------
[INFO] BUILD SUCCESS
[INFO] ------------------------------------------------------------------------
[INFO] Total time: 43.163 s
[INFO] Finished at: 2015-10-02T15:42:29+00:00
[INFO] Final Memory: 38M/310M
[INFO] ------------------------------------------------------------------------
travis_time:end:1db266f8:start=1443800503752869721,finish=1443800549783447591,duration=46030577870[0Ktravis_fold:end:install[0Ktravis_time:start:07da76fc[0K$ mvn test -B
Java HotSpot(TM) 64-Bit Server VM warning: ignoring option MaxPermSize=192m; support was removed in 8.0
[INFO] Scanning for projects...
[WARNING] 
[WARNING] Some problems were encountered while building the effective model for com.squareup.retrofit:samples:jar:2.0.0-SNAPSHOT
[WARNING] 'build.plugins.plugin.version' for org.apache.maven.plugins:maven-deploy-plugin is missing. @ com.squareup.retrofit:samples:[unknown-version], /home/travis/build/square/retrofit/samples/pom.xml, line 45, column 15
[WARNING] 
[WARNING] It is highly recommended to fix these problems because they threaten the stability of your build.
[WARNING] 
[WARNING] For this reason, future Maven versions might no longer support building such malformed projects.
[WARNING] 
[INFO] ------------------------------------------------------------------------
[INFO] Reactor Build Order:
[INFO] 
[INFO] Retrofit (Parent)
[INFO] Retrofit
[INFO] Adapters
[INFO] Adapter: RxJava
[INFO] Retrofit Mock Adapter
[INFO] Adapter: RxJava Mock
[INFO] Converters
[INFO] Converter: Gson
[INFO] Converter: Protocol Buffers
[INFO] Converter: Jackson
[INFO] Converter: Wire Protocol Buffers
[INFO] Converter: SimpleXML
[INFO] Converter: Moshi
[INFO] Samples
[INFO]                                                                         
[INFO] ------------------------------------------------------------------------
[INFO] Building Retrofit (Parent) 2.0.0-SNAPSHOT
[INFO] ------------------------------------------------------------------------
[INFO] 
[INFO] --- maven-enforcer-plugin:1.0:enforce (enforce-maven) @ parent ---
[INFO] 
[INFO] --- animal-sniffer-maven-plugin:1.14:check (default) @ parent ---
[INFO] Checking unresolved references to org.codehaus.mojo.signature:java16:1.1
[INFO]                                                                         
[INFO] ------------------------------------------------------------------------
[INFO] Building Retrofit 2.0.0-SNAPSHOT
[INFO] ------------------------------------------------------------------------
[INFO] 
[INFO] --- maven-enforcer-plugin:1.0:enforce (enforce-maven) @ retrofit ---
[INFO] 
[INFO] --- maven-resources-plugin:2.6:resources (default-resources) @ retrofit ---
[INFO] Using 'UTF-8' encoding to copy filtered resources.
[INFO] skip non existing resourceDirectory /home/travis/build/square/retrofit/retrofit/src/main/resources
[INFO] 
[INFO] --- maven-compiler-plugin:3.0:compile (default-compile) @ retrofit ---
[INFO] Changes detected - recompiling the module!
[INFO] Compiling 41 source files to /home/travis/build/square/retrofit/retrofit/target/classes
[WARNING] /home/travis/build/square/retrofit/retrofit/src/main/java/retrofit/Retrofit.java: Some input files use unchecked or unsafe operations.
[WARNING] /home/travis/build/square/retrofit/retrofit/src/main/java/retrofit/Retrofit.java: Recompile with -Xlint:unchecked for details.
[INFO] 
[INFO] --- maven-resources-plugin:2.6:testResources (default-testResources) @ retrofit ---
[INFO] Using 'UTF-8' encoding to copy filtered resources.
[INFO] skip non existing resourceDirectory /home/travis/build/square/retrofit/retrofit/src/test/resources
[INFO] 
[INFO] --- maven-compiler-plugin:3.0:testCompile (default-testCompile) @ retrofit ---
[INFO] Changes detected - recompiling the module!
[INFO] Compiling 7 source files to /home/travis/build/square/retrofit/retrofit/target/test-classes
[WARNING] /home/travis/build/square/retrofit/retrofit/src/test/java/retrofit/RetrofitTest.java: /home/travis/build/square/retrofit/retrofit/src/test/java/retrofit/RetrofitTest.java uses unchecked or unsafe operations.
[WARNING] /home/travis/build/square/retrofit/retrofit/src/test/java/retrofit/RetrofitTest.java: Recompile with -Xlint:unchecked for details.
[INFO] 
[INFO] --- maven-surefire-plugin:2.12.4:test (default-test) @ retrofit ---
[INFO] Surefire report directory: /home/travis/build/square/retrofit/retrofit/target/surefire-reports

-------------------------------------------------------
 T E S T S
-------------------------------------------------------
Running retrofit.RequestBuilderTest
Tests run: 99, Failures: 0, Errors: 0, Skipped: 2, Time elapsed: 0.834 sec
Running retrofit.ExecutorCallAdapterFactoryTest
Tests run: 8, Failures: 0, Errors: 0, Skipped: 0, Time elapsed: 0.215 sec
Running retrofit.CallTest
Oct 02, 2015 3:42:45 PM com.squareup.okhttp.mockwebserver.MockWebServer$3 execute
INFO: MockWebServer[40679] starting to accept connections
Oct 02, 2015 3:42:45 PM com.squareup.okhttp.mockwebserver.MockWebServer$3 acceptConnections
INFO: MockWebServer[40679] done accepting connections: Socket is closed
Oct 02, 2015 3:42:45 PM com.squareup.okhttp.mockwebserver.MockWebServer$3 execute
INFO: MockWebServer[37427] starting to accept connections
Oct 02, 2015 3:42:45 PM com.squareup.okhttp.mockwebserver.MockWebServer$4 processOneRequest
INFO: MockWebServer[37427] received request: GET / HTTP/1.1 and responded: HTTP/1.1 200 OK
Oct 02, 2015 3:42:45 PM com.squareup.okhttp.mockwebserver.MockWebServer$3 acceptConnections
INFO: MockWebServer[37427] done accepting connections: Socket closed
Oct 02, 2015 3:42:45 PM com.squareup.okhttp.mockwebserver.MockWebServer$3 execute
INFO: MockWebServer[59232] starting to accept connections
Oct 02, 2015 3:42:46 PM com.squareup.okhttp.mockwebserver.MockWebServer$4 processOneRequest
INFO: MockWebServer[59232] received request: GET / HTTP/1.1 and responded: HTTP/1.1 404 OK
Oct 02, 2015 3:42:46 PM com.squareup.okhttp.mockwebserver.MockWebServer$3 acceptConnections
INFO: MockWebServer[59232] done accepting connections: Socket closed
Oct 02, 2015 3:42:46 PM com.squareup.okhttp.mockwebserver.MockWebServer$3 execute
INFO: MockWebServer[34908] starting to accept connections
Oct 02, 2015 3:42:46 PM com.squareup.okhttp.mockwebserver.MockWebServer$3 acceptConnections
INFO: MockWebServer[34908] done accepting connections: Socket closed
Oct 02, 2015 3:42:46 PM com.squareup.okhttp.mockwebserver.MockWebServer$3 execute
INFO: MockWebServer[40723] starting to accept connections
Oct 02, 2015 3:42:46 PM com.squareup.okhttp.mockwebserver.MockWebServer$3 acceptConnections
INFO: MockWebServer[40723] done accepting connections: Socket closed
Oct 02, 2015 3:42:46 PM com.squareup.okhttp.mockwebserver.MockWebServer$3 execute
INFO: MockWebServer[41086] starting to accept connections
Oct 02, 2015 3:42:46 PM com.squareup.okhttp.mockwebserver.MockWebServer$4 processOneRequest
INFO: MockWebServer[41086] received request: GET / HTTP/1.1 and responded: HTTP/1.1 200 OK
Oct 02, 2015 3:42:46 PM com.squareup.okhttp.mockwebserver.MockWebServer$3 acceptConnections
INFO: MockWebServer[41086] done accepting connections: Socket closed
Oct 02, 2015 3:42:46 PM com.squareup.okhttp.mockwebserver.MockWebServer$3 execute
INFO: MockWebServer[38125] starting to accept connections
Oct 02, 2015 3:42:46 PM com.squareup.okhttp.mockwebserver.MockWebServer$3 acceptConnections
INFO: MockWebServer[38125] done accepting connections: Socket is closed
Oct 02, 2015 3:42:46 PM com.squareup.okhttp.mockwebserver.MockWebServer$3 execute
INFO: MockWebServer[34017] starting to accept connections
Oct 02, 2015 3:42:46 PM com.squareup.okhttp.mockwebserver.MockWebServer$3 acceptConnections
INFO: MockWebServer[34017] done accepting connections: Socket closed
Oct 02, 2015 3:42:46 PM com.squareup.okhttp.mockwebserver.MockWebServer$4 processOneRequest
INFO: MockWebServer[34017] received request: GET / HTTP/1.1 and responded: HTTP/1.1 404 OK
Oct 02, 2015 3:42:46 PM com.squareup.okhttp.mockwebserver.MockWebServer$3 execute
INFO: MockWebServer[37533] starting to accept connections
Oct 02, 2015 3:42:46 PM com.squareup.okhttp.mockwebserver.MockWebServer$4 processOneRequest
INFO: MockWebServer[37533] received request: POST / HTTP/1.1 and responded: HTTP/1.1 200 OK
Oct 02, 2015 3:42:46 PM com.squareup.okhttp.mockwebserver.MockWebServer$3 acceptConnections
INFO: MockWebServer[37533] done accepting connections: Socket closed
Oct 02, 2015 3:42:46 PM com.squareup.okhttp.mockwebserver.MockWebServer$3 execute
INFO: MockWebServer[59344] starting to accept connections
Oct 02, 2015 3:42:46 PM com.squareup.okhttp.mockwebserver.MockWebServer$3 acceptConnections
INFO: MockWebServer[59344] done accepting connections: Socket closed
Oct 02, 2015 3:42:46 PM com.squareup.okhttp.mockwebserver.MockWebServer$4 processOneRequest
INFO: MockWebServer[59344] received request: GET / HTTP/1.1 and responded: HTTP/1.1 204 Nothin
Oct 02, 2015 3:42:46 PM com.squareup.okhttp.mockwebserver.MockWebServer$3 execute
INFO: MockWebServer[49038] starting to accept connections
Oct 02, 2015 3:42:46 PM com.squareup.okhttp.mockwebserver.MockWebServer$4 processOneRequest
INFO: MockWebServer[49038] received request: GET / HTTP/1.1 and responded: HTTP/1.1 200 OK
Oct 02, 2015 3:42:46 PM com.squareup.okhttp.mockwebserver.MockWebServer$3 acceptConnections
INFO: MockWebServer[49038] done accepting connections: Socket closed
Oct 02, 2015 3:42:46 PM com.squareup.okhttp.mockwebserver.MockWebServer$3 execute
INFO: MockWebServer[38001] starting to accept connections
Oct 02, 2015 3:42:46 PM com.squareup.okhttp.mockwebserver.MockWebServer$3 acceptConnections
INFO: MockWebServer[38001] done accepting connections: Socket closed
Oct 02, 2015 3:42:46 PM com.squareup.okhttp.mockwebserver.MockWebServer$4 processOneRequest
INFO: MockWebServer[38001] received request: GET / HTTP/1.1 and responded: HTTP/1.1 200 OK
Oct 02, 2015 3:42:46 PM com.squareup.okhttp.mockwebserver.MockWebServer$3 execute
INFO: MockWebServer[41702] starting to accept connections
Oct 02, 2015 3:42:46 PM com.squareup.okhttp.mockwebserver.MockWebServer$3 acceptConnections
INFO: MockWebServer[41702] done accepting connections: Socket closed
Oct 02, 2015 3:42:46 PM com.squareup.okhttp.mockwebserver.MockWebServer$4 processOneRequest
INFO: MockWebServer[41702] received request: POST / HTTP/1.1 and responded: HTTP/1.1 200 OK
Oct 02, 2015 3:42:46 PM com.squareup.okhttp.mockwebserver.MockWebServer$3 execute
INFO: MockWebServer[52425] starting to accept connections
Oct 02, 2015 3:42:46 PM com.squareup.okhttp.mockwebserver.MockWebServer$3 acceptConnections
INFO: MockWebServer[52425] done accepting connections: Socket is closed
Oct 02, 2015 3:42:46 PM com.squareup.okhttp.mockwebserver.MockWebServer$3 execute
INFO: MockWebServer[53675] starting to accept connections
Oct 02, 2015 3:42:46 PM com.squareup.okhttp.mockwebserver.MockWebServer$3 acceptConnections
INFO: MockWebServer[53675] done accepting connections: Socket closed
Oct 02, 2015 3:42:46 PM com.squareup.okhttp.mockwebserver.MockWebServer$4 processOneRequest
INFO: MockWebServer[53675] received request: GET / HTTP/1.1 and responded: HTTP/1.1 200 OK
Oct 02, 2015 3:42:46 PM com.squareup.okhttp.mockwebserver.MockWebServer$3 execute
INFO: MockWebServer[60785] starting to accept connections
Oct 02, 2015 3:42:46 PM com.squareup.okhttp.mockwebserver.MockWebServer$3 acceptConnections
INFO: MockWebServer[60785] done accepting connections: Socket closed
Oct 02, 2015 3:42:46 PM com.squareup.okhttp.mockwebserver.MockWebServer$4 processOneRequest
INFO: MockWebServer[60785] received request: GET / HTTP/1.1 and responded: HTTP/1.1 200 OK
Oct 02, 2015 3:42:46 PM com.squareup.okhttp.mockwebserver.MockWebServer$3 execute
INFO: MockWebServer[50513] starting to accept connections
Oct 02, 2015 3:42:46 PM com.squareup.okhttp.mockwebserver.MockWebServer$3 acceptConnections
INFO: MockWebServer[50513] done accepting connections: Socket closed
Oct 02, 2015 3:42:46 PM com.squareup.okhttp.mockwebserver.MockWebServer$4 processOneRequest
INFO: MockWebServer[50513] received request: GET / HTTP/1.1 and responded: HTTP/1.1 205 Nothin
Oct 02, 2015 3:42:46 PM com.squareup.okhttp.mockwebserver.MockWebServer$3 execute
INFO: MockWebServer[37450] starting to accept connections
Oct 02, 2015 3:42:46 PM com.squareup.okhttp.mockwebserver.MockWebServer$4 processOneRequest
INFO: MockWebServer[37450] received request: GET / HTTP/1.1 and responded: HTTP/1.1 200 OK
Oct 02, 2015 3:42:46 PM com.squareup.okhttp.mockwebserver.MockWebServer$4 processOneRequest
INFO: MockWebServer[37450] received request: GET / HTTP/1.1 and responded: HTTP/1.1 200 OK
Oct 02, 2015 3:42:46 PM com.squareup.okhttp.mockwebserver.MockWebServer$3 acceptConnections
INFO: MockWebServer[37450] done accepting connections: Socket closed
Oct 02, 2015 3:42:46 PM com.squareup.okhttp.mockwebserver.MockWebServer$3 execute
INFO: MockWebServer[53466] starting to accept connections
Oct 02, 2015 3:42:46 PM com.squareup.okhttp.mockwebserver.MockWebServer$3 acceptConnections
INFO: MockWebServer[53466] done accepting connections: Socket closed
Oct 02, 2015 3:42:46 PM com.squareup.okhttp.mockwebserver.MockWebServer$4 processOneRequest
INFO: MockWebServer[53466] received request: GET / HTTP/1.1 and responded: HTTP/1.1 200 OK
Oct 02, 2015 3:42:46 PM com.squareup.okhttp.mockwebserver.MockWebServer$3 execute
INFO: MockWebServer[54430] starting to accept connections
Oct 02, 2015 3:42:46 PM com.squareup.okhttp.mockwebserver.MockWebServer$3 acceptConnections
INFO: MockWebServer[54430] done accepting connections: Socket is closed
Oct 02, 2015 3:42:46 PM com.squareup.okhttp.mockwebserver.MockWebServer$3 execute
INFO: MockWebServer[34039] starting to accept connections
Oct 02, 2015 3:42:46 PM com.squareup.okhttp.mockwebserver.MockWebServer$3 acceptConnections
INFO: MockWebServer[34039] done accepting connections: Socket closed
Oct 02, 2015 3:42:46 PM com.squareup.okhttp.mockwebserver.MockWebServer$3 execute
INFO: MockWebServer[48344] starting to accept connections
Oct 02, 2015 3:42:46 PM com.squareup.okhttp.mockwebserver.MockWebServer$3 acceptConnections
INFO: MockWebServer[48344] done accepting connections: Socket closed
Oct 02, 2015 3:42:46 PM com.squareup.okhttp.mockwebserver.MockWebServer$4 processOneRequest
INFO: MockWebServer[48344] received request: GET / HTTP/1.1 and responded: HTTP/1.1 200 OK
Oct 02, 2015 3:42:46 PM com.squareup.okhttp.mockwebserver.MockWebServer$3 execute
INFO: MockWebServer[50301] starting to accept connections
Oct 02, 2015 3:42:46 PM com.squareup.okhttp.mockwebserver.MockWebServer$3 acceptConnections
INFO: MockWebServer[50301] done accepting connections: Socket closed
Oct 02, 2015 3:42:46 PM com.squareup.okhttp.mockwebserver.MockWebServer$4 processOneRequest
INFO: MockWebServer[50301] received request: GET / HTTP/1.1 and responded: HTTP/1.1 200 OK
Tests run: 23, Failures: 0, Errors: 0, Skipped: 0, Time elapsed: 0.422 sec
Running retrofit.RequestFactoryParserTest
Tests run: 1, Failures: 0, Errors: 0, Skipped: 0, Time elapsed: 0.006 sec
Running retrofit.RetrofitTest
Oct 02, 2015 3:42:46 PM com.squareup.okhttp.mockwebserver.MockWebServer$3 execute
INFO: MockWebServer[51108] starting to accept connections
Oct 02, 2015 3:42:46 PM com.squareup.okhttp.mockwebserver.MockWebServer$3 acceptConnections
INFO: MockWebServer[51108] done accepting connections: Socket is closed
Oct 02, 2015 3:42:46 PM com.squareup.okhttp.mockwebserver.MockWebServer$3 execute
INFO: MockWebServer[55000] starting to accept connections
Oct 02, 2015 3:42:46 PM com.squareup.okhttp.mockwebserver.MockWebServer$3 acceptConnections
INFO: MockWebServer[55000] done accepting connections: Socket is closed
Oct 02, 2015 3:42:46 PM com.squareup.okhttp.mockwebserver.MockWebServer$3 execute
INFO: MockWebServer[56767] starting to accept connections
Oct 02, 2015 3:42:46 PM com.squareup.okhttp.mockwebserver.MockWebServer$3 acceptConnections
INFO: MockWebServer[56767] done accepting connections: Socket is closed
Oct 02, 2015 3:42:46 PM com.squareup.okhttp.mockwebserver.MockWebServer$3 execute
INFO: MockWebServer[45585] starting to accept connections
Oct 02, 2015 3:42:46 PM com.squareup.okhttp.mockwebserver.MockWebServer$3 acceptConnections
INFO: MockWebServer[45585] done accepting connections: Socket is closed
Oct 02, 2015 3:42:46 PM com.squareup.okhttp.mockwebserver.MockWebServer$3 execute
INFO: MockWebServer[34565] starting to accept connections
Oct 02, 2015 3:42:46 PM com.squareup.okhttp.mockwebserver.MockWebServer$3 acceptConnections
INFO: MockWebServer[34565] done accepting connections: Socket is closed
Oct 02, 2015 3:42:46 PM com.squareup.okhttp.mockwebserver.MockWebServer$3 execute
INFO: MockWebServer[34945] starting to accept connections
Oct 02, 2015 3:42:46 PM com.squareup.okhttp.mockwebserver.MockWebServer$3 acceptConnections
INFO: MockWebServer[34945] done accepting connections: Socket is closed
Oct 02, 2015 3:42:46 PM com.squareup.okhttp.mockwebserver.MockWebServer$3 execute
INFO: MockWebServer[36963] starting to accept connections
Oct 02, 2015 3:42:46 PM com.squareup.okhttp.mockwebserver.MockWebServer$3 acceptConnections
INFO: MockWebServer[36963] done accepting connections: Socket is closed
Oct 02, 2015 3:42:46 PM com.squareup.okhttp.mockwebserver.MockWebServer$3 execute
INFO: MockWebServer[44373] starting to accept connections
Oct 02, 2015 3:42:46 PM com.squareup.okhttp.mockwebserver.MockWebServer$3 acceptConnections
INFO: MockWebServer[44373] done accepting connections: Socket is closed
Oct 02, 2015 3:42:46 PM com.squareup.okhttp.mockwebserver.MockWebServer$3 execute
INFO: MockWebServer[47985] starting to accept connections
Oct 02, 2015 3:42:46 PM com.squareup.okhttp.mockwebserver.MockWebServer$3 acceptConnections
INFO: MockWebServer[47985] done accepting connections: Socket is closed
Oct 02, 2015 3:42:46 PM com.squareup.okhttp.mockwebserver.MockWebServer$3 execute
INFO: MockWebServer[37934] starting to accept connections
Oct 02, 2015 3:42:46 PM com.squareup.okhttp.mockwebserver.MockWebServer$3 acceptConnections
INFO: MockWebServer[37934] done accepting connections: Socket closed
Oct 02, 2015 3:42:46 PM com.squareup.okhttp.mockwebserver.MockWebServer$3 execute
INFO: MockWebServer[33617] starting to accept connections
Oct 02, 2015 3:42:46 PM com.squareup.okhttp.mockwebserver.MockWebServer$3 acceptConnections
INFO: MockWebServer[33617] done accepting connections: Socket closed
Oct 02, 2015 3:42:46 PM com.squareup.okhttp.mockwebserver.MockWebServer$3 execute
INFO: MockWebServer[57997] starting to accept connections
Oct 02, 2015 3:42:46 PM com.squareup.okhttp.mockwebserver.MockWebServer$3 acceptConnections
INFO: MockWebServer[57997] done accepting connections: Socket closed
Oct 02, 2015 3:42:46 PM com.squareup.okhttp.mockwebserver.MockWebServer$4 processOneRequest
INFO: MockWebServer[57997] received request: GET / HTTP/1.1 and responded: HTTP/1.1 200 OK
Oct 02, 2015 3:42:46 PM com.squareup.okhttp.mockwebserver.MockWebServer$3 execute
INFO: MockWebServer[60171] starting to accept connections
Oct 02, 2015 3:42:46 PM com.squareup.okhttp.mockwebserver.MockWebServer$3 acceptConnections
INFO: MockWebServer[60171] done accepting connections: Socket is closed
Oct 02, 2015 3:42:46 PM com.squareup.okhttp.mockwebserver.MockWebServer$3 execute
INFO: MockWebServer[57164] starting to accept connections
Oct 02, 2015 3:42:46 PM com.squareup.okhttp.mockwebserver.MockWebServer$3 acceptConnections
INFO: MockWebServer[57164] done accepting connections: Socket is closed
Oct 02, 2015 3:42:46 PM com.squareup.okhttp.mockwebserver.MockWebServer$3 execute
INFO: MockWebServer[60720] starting to accept connections
Oct 02, 2015 3:42:46 PM com.squareup.okhttp.mockwebserver.MockWebServer$3 acceptConnections
INFO: MockWebServer[60720] done accepting connections: Socket closed
Oct 02, 2015 3:42:46 PM com.squareup.okhttp.mockwebserver.MockWebServer$4 processOneRequest
INFO: MockWebServer[60720] received request: GET / HTTP/1.1 and responded: HTTP/1.1 200 OK
Oct 02, 2015 3:42:46 PM com.squareup.okhttp.mockwebserver.MockWebServer$3 execute
INFO: MockWebServer[53056] starting to accept connections
Oct 02, 2015 3:42:46 PM com.squareup.okhttp.mockwebserver.MockWebServer$3 acceptConnections
INFO: MockWebServer[53056] done accepting connections: Socket is closed
Oct 02, 2015 3:42:46 PM com.squareup.okhttp.mockwebserver.MockWebServer$3 execute
INFO: MockWebServer[46124] starting to accept connections
Oct 02, 2015 3:42:46 PM com.squareup.okhttp.mockwebserver.MockWebServer$3 acceptConnections
INFO: MockWebServer[46124] done accepting connections: Socket closed
Oct 02, 2015 3:42:46 PM com.squareup.okhttp.mockwebserver.MockWebServer$4 processOneRequest
INFO: MockWebServer[46124] received request: POST / HTTP/1.1 and responded: HTTP/1.1 200 OK
Oct 02, 2015 3:42:46 PM com.squareup.okhttp.mockwebserver.MockWebServer$3 execute
INFO: MockWebServer[46219] starting to accept connections
Oct 02, 2015 3:42:46 PM com.squareup.okhttp.mockwebserver.MockWebServer$3 acceptConnections
INFO: MockWebServer[46219] done accepting connections: Socket is closed
Oct 02, 2015 3:42:46 PM com.squareup.okhttp.mockwebserver.MockWebServer$3 execute
INFO: MockWebServer[39564] starting to accept connections
Oct 02, 2015 3:42:46 PM com.squareup.okhttp.mockwebserver.MockWebServer$3 acceptConnections
INFO: MockWebServer[39564] done accepting connections: Socket is closed
Oct 02, 2015 3:42:46 PM com.squareup.okhttp.mockwebserver.MockWebServer$3 execute
INFO: MockWebServer[58643] starting to accept connections
Oct 02, 2015 3:42:46 PM com.squareup.okhttp.mockwebserver.MockWebServer$3 acceptConnections
INFO: MockWebServer[58643] done accepting connections: Socket closed
Oct 02, 2015 3:42:46 PM com.squareup.okhttp.mockwebserver.MockWebServer$3 execute
INFO: MockWebServer[48055] starting to accept connections
Oct 02, 2015 3:42:46 PM com.squareup.okhttp.mockwebserver.MockWebServer$3 acceptConnections
INFO: MockWebServer[48055] done accepting connections: Socket is closed
Oct 02, 2015 3:42:46 PM com.squareup.okhttp.mockwebserver.MockWebServer$3 execute
INFO: MockWebServer[58473] starting to accept connections
Oct 02, 2015 3:42:46 PM com.squareup.okhttp.mockwebserver.MockWebServer$3 acceptConnections
INFO: MockWebServer[58473] done accepting connections: Socket is closed
Oct 02, 2015 3:42:46 PM com.squareup.okhttp.mockwebserver.MockWebServer$3 execute
INFO: MockWebServer[47910] starting to accept connections
Oct 02, 2015 3:42:46 PM com.squareup.okhttp.mockwebserver.MockWebServer$3 acceptConnections
INFO: MockWebServer[47910] done accepting connections: Socket closed
Oct 02, 2015 3:42:46 PM com.squareup.okhttp.mockwebserver.MockWebServer$4 processOneRequest
INFO: MockWebServer[47910] received request: GET / HTTP/1.1 and responded: HTTP/1.1 200 OK
Oct 02, 2015 3:42:46 PM com.squareup.okhttp.mockwebserver.MockWebServer$3 execute
INFO: MockWebServer[36249] starting to accept connections
Oct 02, 2015 3:42:46 PM com.squareup.okhttp.mockwebserver.MockWebServer$3 acceptConnections
INFO: MockWebServer[36249] done accepting connections: Socket is closed
Oct 02, 2015 3:42:46 PM com.squareup.okhttp.mockwebserver.MockWebServer$3 execute
INFO: MockWebServer[49393] starting to accept connections
Oct 02, 2015 3:42:46 PM com.squareup.okhttp.mockwebserver.MockWebServer$3 acceptConnections
INFO: MockWebServer[49393] done accepting connections: Socket is closed
Oct 02, 2015 3:42:46 PM com.squareup.okhttp.mockwebserver.MockWebServer$3 execute
INFO: MockWebServer[54488] starting to accept connections
Oct 02, 2015 3:42:46 PM com.squareup.okhttp.mockwebserver.MockWebServer$3 acceptConnections
INFO: MockWebServer[54488] done accepting connections: Socket is closed
Oct 02, 2015 3:42:46 PM com.squareup.okhttp.mockwebserver.MockWebServer$3 execute
INFO: MockWebServer[56786] starting to accept connections
Oct 02, 2015 3:42:46 PM com.squareup.okhttp.mockwebserver.MockWebServer$3 acceptConnections
INFO: MockWebServer[56786] done accepting connections: Socket is closed
Oct 02, 2015 3:42:46 PM com.squareup.okhttp.mockwebserver.MockWebServer$3 execute
INFO: MockWebServer[56478] starting to accept connections
Oct 02, 2015 3:42:46 PM com.squareup.okhttp.mockwebserver.MockWebServer$3 acceptConnections
INFO: MockWebServer[56478] done accepting connections: Socket is closed
Oct 02, 2015 3:42:46 PM com.squareup.okhttp.mockwebserver.MockWebServer$3 execute
INFO: MockWebServer[49391] starting to accept connections
Oct 02, 2015 3:42:46 PM com.squareup.okhttp.mockwebserver.MockWebServer$3 acceptConnections
INFO: MockWebServer[49391] done accepting connections: Socket closed
Oct 02, 2015 3:42:46 PM com.squareup.okhttp.mockwebserver.MockWebServer$3 execute
INFO: MockWebServer[51022] starting to accept connections
Oct 02, 2015 3:42:46 PM com.squareup.okhttp.mockwebserver.MockWebServer$3 acceptConnections
INFO: MockWebServer[51022] done accepting connections: Socket is closed
Oct 02, 2015 3:42:46 PM com.squareup.okhttp.mockwebserver.MockWebServer$3 execute
INFO: MockWebServer[48267] starting to accept connections
Oct 02, 2015 3:42:46 PM com.squareup.okhttp.mockwebserver.MockWebServer$3 acceptConnections
INFO: MockWebServer[48267] done accepting connections: Socket is closed
Oct 02, 2015 3:42:46 PM com.squareup.okhttp.mockwebserver.MockWebServer$3 execute
INFO: MockWebServer[59118] starting to accept connections
Oct 02, 2015 3:42:46 PM com.squareup.okhttp.mockwebserver.MockWebServer$3 acceptConnections
INFO: MockWebServer[59118] done accepting connections: Socket closed
Oct 02, 2015 3:42:46 PM com.squareup.okhttp.mockwebserver.MockWebServer$3 execute
INFO: MockWebServer[45303] starting to accept connections
Oct 02, 2015 3:42:46 PM com.squareup.okhttp.mockwebserver.MockWebServer$3 acceptConnections
INFO: MockWebServer[45303] done accepting connections: Socket is closed
Oct 02, 2015 3:42:46 PM com.squareup.okhttp.mockwebserver.MockWebServer$3 execute
INFO: MockWebServer[37650] starting to accept connections
Oct 02, 2015 3:42:46 PM com.squareup.okhttp.mockwebserver.MockWebServer$3 acceptConnections
INFO: MockWebServer[37650] done accepting connections: Socket is closed
Oct 02, 2015 3:42:46 PM com.squareup.okhttp.mockwebserver.MockWebServer$3 execute
INFO: MockWebServer[34797] starting to accept connections
Oct 02, 2015 3:42:46 PM com.squareup.okhttp.mockwebserver.MockWebServer$3 acceptConnections
INFO: MockWebServer[34797] done accepting connections: Socket is closed
Oct 02, 2015 3:42:46 PM com.squareup.okhttp.mockwebserver.MockWebServer$3 execute
INFO: MockWebServer[39394] starting to accept connections
Oct 02, 2015 3:42:46 PM com.squareup.okhttp.mockwebserver.MockWebServer$3 acceptConnections
INFO: MockWebServer[39394] done accepting connections: Socket is closed
Oct 02, 2015 3:42:46 PM com.squareup.okhttp.mockwebserver.MockWebServer$3 execute
INFO: MockWebServer[33214] starting to accept connections
Oct 02, 2015 3:42:46 PM com.squareup.okhttp.mockwebserver.MockWebServer$3 acceptConnections
INFO: MockWebServer[33214] done accepting connections: Socket closed
Oct 02, 2015 3:42:46 PM com.squareup.okhttp.mockwebserver.MockWebServer$3 execute
INFO: MockWebServer[32922] starting to accept connections
Oct 02, 2015 3:42:46 PM com.squareup.okhttp.mockwebserver.MockWebServer$3 acceptConnections
INFO: MockWebServer[32922] done accepting connections: Socket is closed
Oct 02, 2015 3:42:46 PM com.squareup.okhttp.mockwebserver.MockWebServer$3 execute
INFO: MockWebServer[54390] starting to accept connections
Oct 02, 2015 3:42:46 PM com.squareup.okhttp.mockwebserver.MockWebServer$3 acceptConnections
INFO: MockWebServer[54390] done accepting connections: Socket is closed
Oct 02, 2015 3:42:46 PM com.squareup.okhttp.mockwebserver.MockWebServer$3 execute
INFO: MockWebServer[50539] starting to accept connections
Oct 02, 2015 3:42:46 PM com.squareup.okhttp.mockwebserver.MockWebServer$3 acceptConnections
INFO: MockWebServer[50539] done accepting connections: Socket is closed
Oct 02, 2015 3:42:46 PM com.squareup.okhttp.mockwebserver.MockWebServer$3 execute
INFO: MockWebServer[48809] starting to accept connections
Oct 02, 2015 3:42:46 PM com.squareup.okhttp.mockwebserver.MockWebServer$3 acceptConnections
INFO: MockWebServer[48809] done accepting connections: Socket is closed
Oct 02, 2015 3:42:46 PM com.squareup.okhttp.mockwebserver.MockWebServer$3 execute
INFO: MockWebServer[48140] starting to accept connections
Oct 02, 2015 3:42:46 PM com.squareup.okhttp.mockwebserver.MockWebServer$3 acceptConnections
INFO: MockWebServer[48140] done accepting connections: Socket is closed
Oct 02, 2015 3:42:46 PM com.squareup.okhttp.mockwebserver.MockWebServer$3 execute
INFO: MockWebServer[38309] starting to accept connections
Oct 02, 2015 3:42:46 PM com.squareup.okhttp.mockwebserver.MockWebServer$3 acceptConnections
INFO: MockWebServer[38309] done accepting connections: Socket is closed
Oct 02, 2015 3:42:46 PM com.squareup.okhttp.mockwebserver.MockWebServer$3 execute
INFO: MockWebServer[48222] starting to accept connections
Oct 02, 2015 3:42:46 PM com.squareup.okhttp.mockwebserver.MockWebServer$3 acceptConnections
INFO: MockWebServer[48222] done accepting connections: Socket is closed
Oct 02, 2015 3:42:46 PM com.squareup.okhttp.mockwebserver.MockWebServer$3 execute
INFO: MockWebServer[45831] starting to accept connections
Oct 02, 2015 3:42:46 PM com.squareup.okhttp.mockwebserver.MockWebServer$3 acceptConnections
INFO: MockWebServer[45831] done accepting connections: Socket is closed
Oct 02, 2015 3:42:46 PM com.squareup.okhttp.mockwebserver.MockWebServer$3 execute
INFO: MockWebServer[39934] starting to accept connections
Oct 02, 2015 3:42:46 PM com.squareup.okhttp.mockwebserver.MockWebServer$3 acceptConnections
INFO: MockWebServer[39934] done accepting connections: Socket is closed
Oct 02, 2015 3:42:46 PM com.squareup.okhttp.mockwebserver.MockWebServer$3 execute
INFO: MockWebServer[58643] starting to accept connections
Oct 02, 2015 3:42:46 PM com.squareup.okhttp.mockwebserver.MockWebServer$3 acceptConnections
INFO: MockWebServer[58643] done accepting connections: Socket is closed
Tests run: 47, Failures: 0, Errors: 0, Skipped: 0, Time elapsed: 0.566 sec

Results :

Tests run: 178, Failures: 0, Errors: 0, Skipped: 2

[INFO] 
[INFO] --- animal-sniffer-maven-plugin:1.14:check (default) @ retrofit ---
[INFO] Checking unresolved references to org.codehaus.mojo.signature:java16:1.1
[INFO]                                                                         
[INFO] ------------------------------------------------------------------------
[INFO] Building Adapters 2.0.0-SNAPSHOT
[INFO] ------------------------------------------------------------------------
[INFO] 
[INFO] --- maven-enforcer-plugin:1.0:enforce (enforce-maven) @ retrofit-adapters ---
[INFO] 
[INFO] --- animal-sniffer-maven-plugin:1.14:check (default) @ retrofit-adapters ---
[INFO] Checking unresolved references to org.codehaus.mojo.signature:java16:1.1
[INFO]                                                                         
[INFO] ------------------------------------------------------------------------
[INFO] Building Adapter: RxJava 2.0.0-SNAPSHOT
[INFO] ------------------------------------------------------------------------
[INFO] 
[INFO] --- maven-enforcer-plugin:1.0:enforce (enforce-maven) @ adapter-rxjava ---
[INFO] 
[INFO] --- maven-resources-plugin:2.6:resources (default-resources) @ adapter-rxjava ---
[INFO] Using 'UTF-8' encoding to copy filtered resources.
[INFO] skip non existing resourceDirectory /home/travis/build/square/retrofit/retrofit-adapters/rxjava/src/main/resources
[INFO] 
[INFO] --- maven-compiler-plugin:3.0:compile (default-compile) @ adapter-rxjava ---
[INFO] Changes detected - recompiling the module!
[INFO] Compiling 4 source files to /home/travis/build/square/retrofit/retrofit-adapters/rxjava/target/classes
[INFO] 
[INFO] --- maven-resources-plugin:2.6:testResources (default-testResources) @ adapter-rxjava ---
[INFO] Using 'UTF-8' encoding to copy filtered resources.
[INFO] skip non existing resourceDirectory /home/travis/build/square/retrofit/retrofit-adapters/rxjava/src/test/resources
[INFO] 
[INFO] --- maven-compiler-plugin:3.0:testCompile (default-testCompile) @ adapter-rxjava ---
[INFO] Changes detected - recompiling the module!
[INFO] Compiling 2 source files to /home/travis/build/square/retrofit/retrofit-adapters/rxjava/target/test-classes
[INFO] 
[INFO] --- maven-surefire-plugin:2.12.4:test (default-test) @ adapter-rxjava ---
[INFO] Surefire report directory: /home/travis/build/square/retrofit/retrofit-adapters/rxjava/target/surefire-reports

-------------------------------------------------------
 T E S T S
-------------------------------------------------------
Running retrofit.ResultTest
Tests run: 4, Failures: 0, Errors: 0, Skipped: 0, Time elapsed: 0.301 sec
Running retrofit.RxJavaCallAdapterFactoryTest
Oct 02, 2015 3:42:49 PM com.squareup.okhttp.mockwebserver.MockWebServer$3 execute
INFO: MockWebServer[46718] starting to accept connections
Oct 02, 2015 3:42:50 PM com.squareup.okhttp.mockwebserver.MockWebServer$3 acceptConnections
INFO: MockWebServer[46718] done accepting connections: Socket closed
Oct 02, 2015 3:42:50 PM com.squareup.okhttp.mockwebserver.MockWebServer$4 processConnection
WARNING: MockWebServer[46718] connection from /127.0.0.1 didn't make a request
Oct 02, 2015 3:42:50 PM com.squareup.okhttp.mockwebserver.MockWebServer$3 execute
INFO: MockWebServer[46599] starting to accept connections
Oct 02, 2015 3:42:50 PM com.squareup.okhttp.mockwebserver.MockWebServer$4 processOneRequest
INFO: MockWebServer[46599] received request: GET / HTTP/1.1 and responded: HTTP/1.1 200 OK
Oct 02, 2015 3:42:50 PM com.squareup.okhttp.mockwebserver.MockWebServer$3 acceptConnections
INFO: MockWebServer[46599] done accepting connections: Socket closed
Oct 02, 2015 3:42:50 PM com.squareup.okhttp.mockwebserver.MockWebServer$3 execute
INFO: MockWebServer[44497] starting to accept connections
Oct 02, 2015 3:42:50 PM com.squareup.okhttp.mockwebserver.MockWebServer$4 processOneRequest
INFO: MockWebServer[44497] received request: GET / HTTP/1.1 and responded: HTTP/1.1 404 OK
Oct 02, 2015 3:42:50 PM com.squareup.okhttp.mockwebserver.MockWebServer$3 acceptConnections
INFO: MockWebServer[44497] done accepting connections: Socket closed
Oct 02, 2015 3:42:50 PM com.squareup.okhttp.mockwebserver.MockWebServer$3 execute
INFO: MockWebServer[33313] starting to accept connections
Oct 02, 2015 3:42:50 PM com.squareup.okhttp.mockwebserver.MockWebServer$3 acceptConnections
INFO: MockWebServer[33313] done accepting connections: Socket is closed
Oct 02, 2015 3:42:50 PM com.squareup.okhttp.mockwebserver.MockWebServer$3 execute
INFO: MockWebServer[36078] starting to accept connections
Oct 02, 2015 3:42:50 PM com.squareup.okhttp.mockwebserver.MockWebServer$3 acceptConnections
INFO: MockWebServer[36078] done accepting connections: Socket closed
Oct 02, 2015 3:42:50 PM com.squareup.okhttp.mockwebserver.MockWebServer$3 execute
INFO: MockWebServer[48472] starting to accept connections
Oct 02, 2015 3:42:50 PM com.squareup.okhttp.mockwebserver.MockWebServer$3 acceptConnections
INFO: MockWebServer[48472] done accepting connections: Socket closed
Oct 02, 2015 3:42:50 PM com.squareup.okhttp.mockwebserver.MockWebServer$4 processConnection
WARNING: MockWebServer[48472] connection from /127.0.0.1 didn't make a request
Oct 02, 2015 3:42:50 PM com.squareup.okhttp.mockwebserver.MockWebServer$3 execute
INFO: MockWebServer[44344] starting to accept connections
Oct 02, 2015 3:42:50 PM com.squareup.okhttp.mockwebserver.MockWebServer$4 processOneRequest
INFO: MockWebServer[44344] received request: GET / HTTP/1.1 and responded: HTTP/1.1 200 OK
Oct 02, 2015 3:42:50 PM com.squareup.okhttp.mockwebserver.MockWebServer$3 acceptConnections
INFO: MockWebServer[44344] done accepting connections: Socket closed
Oct 02, 2015 3:42:50 PM com.squareup.okhttp.mockwebserver.MockWebServer$3 execute
INFO: MockWebServer[39459] starting to accept connections
Oct 02, 2015 3:42:50 PM com.squareup.okhttp.mockwebserver.MockWebServer$3 acceptConnections
INFO: MockWebServer[39459] done accepting connections: Socket closed
Oct 02, 2015 3:42:50 PM com.squareup.okhttp.mockwebserver.MockWebServer$4 processOneRequest
INFO: MockWebServer[39459] received request: GET / HTTP/1.1 and responded: HTTP/1.1 404 OK
Oct 02, 2015 3:42:50 PM com.squareup.okhttp.mockwebserver.MockWebServer$3 execute
INFO: MockWebServer[48502] starting to accept connections
Oct 02, 2015 3:42:50 PM com.squareup.okhttp.mockwebserver.MockWebServer$3 acceptConnections
INFO: MockWebServer[48502] done accepting connections: Socket is closed
Oct 02, 2015 3:42:50 PM com.squareup.okhttp.mockwebserver.MockWebServer$3 execute
INFO: MockWebServer[41356] starting to accept connections
Oct 02, 2015 3:42:50 PM com.squareup.okhttp.mockwebserver.MockWebServer$3 acceptConnections
INFO: MockWebServer[41356] done accepting connections: Socket closed
Oct 02, 2015 3:42:50 PM com.squareup.okhttp.mockwebserver.MockWebServer$4 processConnection
WARNING: MockWebServer[41356] connection from /127.0.0.1 didn't make a request
Oct 02, 2015 3:42:50 PM com.squareup.okhttp.mockwebserver.MockWebServer$3 execute
INFO: MockWebServer[41310] starting to accept connections
Oct 02, 2015 3:42:50 PM com.squareup.okhttp.mockwebserver.MockWebServer$3 acceptConnections
INFO: MockWebServer[41310] done accepting connections: Socket closed
Oct 02, 2015 3:42:50 PM com.squareup.okhttp.mockwebserver.MockWebServer$3 execute
INFO: MockWebServer[39118] starting to accept connections
Oct 02, 2015 3:42:50 PM com.squareup.okhttp.mockwebserver.MockWebServer$3 acceptConnections
INFO: MockWebServer[39118] done accepting connections: Socket is closed
Oct 02, 2015 3:42:50 PM com.squareup.okhttp.mockwebserver.MockWebServer$3 execute
INFO: MockWebServer[42566] starting to accept connections
Oct 02, 2015 3:42:50 PM com.squareup.okhttp.mockwebserver.MockWebServer$4 processOneRequest
INFO: MockWebServer[42566] received request: GET / HTTP/1.1 and responded: HTTP/1.1 200 OK
Oct 02, 2015 3:42:50 PM com.squareup.okhttp.mockwebserver.MockWebServer$3 acceptConnections
INFO: MockWebServer[42566] done accepting connections: Socket closed
Oct 02, 2015 3:42:50 PM com.squareup.okhttp.mockwebserver.MockWebServer$3 execute
INFO: MockWebServer[43410] starting to accept connections
Oct 02, 2015 3:42:50 PM com.squareup.okhttp.mockwebserver.MockWebServer$3 acceptConnections
INFO: MockWebServer[43410] done accepting connections: Socket closed
Oct 02, 2015 3:42:50 PM com.squareup.okhttp.mockwebserver.MockWebServer$4 processOneRequest
INFO: MockWebServer[43410] received request: GET / HTTP/1.1 and responded: HTTP/1.1 404 OK
Oct 02, 2015 3:42:50 PM com.squareup.okhttp.mockwebserver.MockWebServer$3 execute
INFO: MockWebServer[48305] starting to accept connections
Oct 02, 2015 3:42:50 PM com.squareup.okhttp.mockwebserver.MockWebServer$3 acceptConnections
INFO: MockWebServer[48305] done accepting connections: Socket is closed
Tests run: 15, Failures: 0, Errors: 0, Skipped: 0, Time elapsed: 1.067 sec

Results :

Tests run: 19, Failures: 0, Errors: 0, Skipped: 0

[INFO] 
[INFO] --- animal-sniffer-maven-plugin:1.14:check (default) @ adapter-rxjava ---
[INFO] Checking unresolved references to org.codehaus.mojo.signature:java16:1.1
[INFO]                                                                         
[INFO] ------------------------------------------------------------------------
[INFO] Building Retrofit Mock Adapter 2.0.0-SNAPSHOT
[INFO] ------------------------------------------------------------------------
[INFO] 
[INFO] --- maven-enforcer-plugin:1.0:enforce (enforce-maven) @ retrofit-mock ---
[INFO] 
[INFO] --- maven-resources-plugin:2.6:resources (default-resources) @ retrofit-mock ---
[INFO] Using 'UTF-8' encoding to copy filtered resources.
[INFO] skip non existing resourceDirectory /home/travis/build/square/retrofit/retrofit-mock/src/main/resources
[INFO] 
[INFO] --- maven-compiler-plugin:3.0:compile (default-compile) @ retrofit-mock ---
[INFO] Changes detected - recompiling the module!
[INFO] Compiling 5 source files to /home/travis/build/square/retrofit/retrofit-mock/target/classes
[INFO] 
[INFO] --- maven-resources-plugin:2.6:testResources (default-testResources) @ retrofit-mock ---
[INFO] Using 'UTF-8' encoding to copy filtered resources.
[INFO] skip non existing resourceDirectory /home/travis/build/square/retrofit/retrofit-mock/src/test/resources
[INFO] 
[INFO] --- maven-compiler-plugin:3.0:testCompile (default-testCompile) @ retrofit-mock ---
[INFO] Changes detected - recompiling the module!
[INFO] Compiling 2 source files to /home/travis/build/square/retrofit/retrofit-mock/target/test-classes
[INFO] 
[INFO] --- maven-surefire-plugin:2.12.4:test (default-test) @ retrofit-mock ---
[INFO] Surefire report directory: /home/travis/build/square/retrofit/retrofit-mock/target/surefire-reports

-------------------------------------------------------
 T E S T S
-------------------------------------------------------
Running retrofit.MockRetrofitTest
Tests run: 10, Failures: 0, Errors: 0, Skipped: 0, Time elapsed: 1.278 sec
Running retrofit.NetworkBehaviorTest
Tests run: 5, Failures: 0, Errors: 0, Skipped: 0, Time elapsed: 0.052 sec

Results :

Tests run: 15, Failures: 0, Errors: 0, Skipped: 0

[INFO] 
[INFO] --- animal-sniffer-maven-plugin:1.14:check (default) @ retrofit-mock ---
[INFO] Checking unresolved references to org.codehaus.mojo.signature:java16:1.1
[INFO]                                                                         
[INFO] ------------------------------------------------------------------------
[INFO] Building Adapter: RxJava Mock 2.0.0-SNAPSHOT
[INFO] ------------------------------------------------------------------------
[INFO] 
[INFO] --- maven-enforcer-plugin:1.0:enforce (enforce-maven) @ adapter-rxjava-mock ---
[INFO] 
[INFO] --- maven-resources-plugin:2.6:resources (default-resources) @ adapter-rxjava-mock ---
[INFO] Using 'UTF-8' encoding to copy filtered resources.
[INFO] skip non existing resourceDirectory /home/travis/build/square/retrofit/retrofit-adapters/rxjava-mock/src/main/resources
[INFO] 
[INFO] --- maven-compiler-plugin:3.0:compile (default-compile) @ adapter-rxjava-mock ---
[INFO] Changes detected - recompiling the module!
[INFO] Compiling 2 source files to /home/travis/build/square/retrofit/retrofit-adapters/rxjava-mock/target/classes
[INFO] 
[INFO] --- maven-resources-plugin:2.6:testResources (default-testResources) @ adapter-rxjava-mock ---
[INFO] Using 'UTF-8' encoding to copy filtered resources.
[INFO] skip non existing resourceDirectory /home/travis/build/square/retrofit/retrofit-adapters/rxjava-mock/src/test/resources
[INFO] 
[INFO] --- maven-compiler-plugin:3.0:testCompile (default-testCompile) @ adapter-rxjava-mock ---
[INFO] Changes detected - recompiling the module!
[INFO] Compiling 1 source file to /home/travis/build/square/retrofit/retrofit-adapters/rxjava-mock/target/test-classes
[INFO] 
[INFO] --- maven-surefire-plugin:2.12.4:test (default-test) @ adapter-rxjava-mock ---
[INFO] Surefire report directory: /home/travis/build/square/retrofit/retrofit-adapters/rxjava-mock/target/surefire-reports

-------------------------------------------------------
 T E S T S
-------------------------------------------------------
Running retrofit.mock.RxJavaBehaviorAdapterTest
Tests run: 4, Failures: 0, Errors: 0, Skipped: 0, Time elapsed: 0.641 sec

Results :

Tests run: 4, Failures: 0, Errors: 0, Skipped: 0

[INFO] 
[INFO] --- animal-sniffer-maven-plugin:1.14:check (default) @ adapter-rxjava-mock ---
[INFO] Checking unresolved references to org.codehaus.mojo.signature:java16:1.1
[INFO]                                                                         
[INFO] ------------------------------------------------------------------------
[INFO] Building Converters 2.0.0-SNAPSHOT
[INFO] ------------------------------------------------------------------------
[INFO] 
[INFO] --- maven-enforcer-plugin:1.0:enforce (enforce-maven) @ retrofit-converters ---
[INFO] 
[INFO] --- animal-sniffer-maven-plugin:1.14:check (default) @ retrofit-converters ---
[INFO] Checking unresolved references to org.codehaus.mojo.signature:java16:1.1
[INFO]                                                                         
[INFO] ------------------------------------------------------------------------
[INFO] Building Converter: Gson 2.0.0-SNAPSHOT
[INFO] ------------------------------------------------------------------------
[INFO] 
[INFO] --- maven-enforcer-plugin:1.0:enforce (enforce-maven) @ converter-gson ---
[INFO] 
[INFO] --- maven-resources-plugin:2.6:resources (default-resources) @ converter-gson ---
[INFO] Using 'UTF-8' encoding to copy filtered resources.
[INFO] skip non existing resourceDirectory /home/travis/build/square/retrofit/retrofit-converters/gson/src/main/resources
[INFO] 
[INFO] --- maven-compiler-plugin:3.0:compile (default-compile) @ converter-gson ---
[INFO] Changes detected - recompiling the module!
[INFO] Compiling 3 source files to /home/travis/build/square/retrofit/retrofit-converters/gson/target/classes
[INFO] 
[INFO] --- maven-resources-plugin:2.6:testResources (default-testResources) @ converter-gson ---
[INFO] Using 'UTF-8' encoding to copy filtered resources.
[INFO] skip non existing resourceDirectory /home/travis/build/square/retrofit/retrofit-converters/gson/src/test/resources
[INFO] 
[INFO] --- maven-compiler-plugin:3.0:testCompile (default-testCompile) @ converter-gson ---
[INFO] Changes detected - recompiling the module!
[INFO] Compiling 1 source file to /home/travis/build/square/retrofit/retrofit-converters/gson/target/test-classes
[INFO] 
[INFO] --- maven-surefire-plugin:2.12.4:test (default-test) @ converter-gson ---
[INFO] Surefire report directory: /home/travis/build/square/retrofit/retrofit-converters/gson/target/surefire-reports

-------------------------------------------------------
 T E S T S
-------------------------------------------------------
Running retrofit.GsonConverterFactoryTest
Oct 02, 2015 3:42:56 PM com.squareup.okhttp.mockwebserver.MockWebServer$3 execute
INFO: MockWebServer[43144] starting to accept connections
Oct 02, 2015 3:42:57 PM com.squareup.okhttp.mockwebserver.MockWebServer$4 processOneRequest
INFO: MockWebServer[43144] received request: POST / HTTP/1.1 and responded: HTTP/1.1 200 OK
Oct 02, 2015 3:42:57 PM com.squareup.okhttp.mockwebserver.MockWebServer$3 acceptConnections
INFO: MockWebServer[43144] done accepting connections: Socket closed
Oct 02, 2015 3:42:57 PM com.squareup.okhttp.mockwebserver.MockWebServer$3 execute
INFO: MockWebServer[33486] starting to accept connections
Oct 02, 2015 3:42:57 PM com.squareup.okhttp.mockwebserver.MockWebServer$3 acceptConnections
INFO: MockWebServer[33486] done accepting connections: Socket closed
Oct 02, 2015 3:42:57 PM com.squareup.okhttp.mockwebserver.MockWebServer$4 processOneRequest
INFO: MockWebServer[33486] received request: POST / HTTP/1.1 and responded: HTTP/1.1 200 OK
Oct 02, 2015 3:42:57 PM com.squareup.okhttp.mockwebserver.MockWebServer$3 execute
INFO: MockWebServer[47968] starting to accept connections
Oct 02, 2015 3:42:57 PM com.squareup.okhttp.mockwebserver.MockWebServer$3 acceptConnections
INFO: MockWebServer[47968] done accepting connections: Socket closed
Oct 02, 2015 3:42:57 PM com.squareup.okhttp.mockwebserver.MockWebServer$4 processOneRequest
INFO: MockWebServer[47968] received request: POST / HTTP/1.1 and responded: HTTP/1.1 200 OK
Tests run: 3, Failures: 0, Errors: 0, Skipped: 0, Time elapsed: 0.7 sec

Results :

Tests run: 3, Failures: 0, Errors: 0, Skipped: 0

[INFO] 
[INFO] --- animal-sniffer-maven-plugin:1.14:check (default) @ converter-gson ---
[INFO] Checking unresolved references to org.codehaus.mojo.signature:java16:1.1
[INFO]                                                                         
[INFO] ------------------------------------------------------------------------
[INFO] Building Converter: Protocol Buffers 2.0.0-SNAPSHOT
[INFO] ------------------------------------------------------------------------
[INFO] 
[INFO] --- maven-enforcer-plugin:1.0:enforce (enforce-maven) @ converter-protobuf ---
[INFO] 
[INFO] --- maven-resources-plugin:2.6:resources (default-resources) @ converter-protobuf ---
[INFO] Using 'UTF-8' encoding to copy filtered resources.
[INFO] skip non existing resourceDirectory /home/travis/build/square/retrofit/retrofit-converters/protobuf/src/main/resources
[INFO] 
[INFO] --- maven-compiler-plugin:3.0:compile (default-compile) @ converter-protobuf ---
[INFO] Changes detected - recompiling the module!
[INFO] Compiling 3 source files to /home/travis/build/square/retrofit/retrofit-converters/protobuf/target/classes
[WARNING] /home/travis/build/square/retrofit/retrofit-converters/protobuf/src/main/java/retrofit/ProtoConverterFactory.java: /home/travis/build/square/retrofit/retrofit-converters/protobuf/src/main/java/retrofit/ProtoConverterFactory.java uses unchecked or unsafe operations.
[WARNING] /home/travis/build/square/retrofit/retrofit-converters/protobuf/src/main/java/retrofit/ProtoConverterFactory.java: Recompile with -Xlint:unchecked for details.
[INFO] 
[INFO] --- maven-resources-plugin:2.6:testResources (default-testResources) @ converter-protobuf ---
[INFO] Using 'UTF-8' encoding to copy filtered resources.
[INFO] skip non existing resourceDirectory /home/travis/build/square/retrofit/retrofit-converters/protobuf/src/test/resources
[INFO] 
[INFO] --- maven-compiler-plugin:3.0:testCompile (default-testCompile) @ converter-protobuf ---
[INFO] Changes detected - recompiling the module!
[INFO] Compiling 2 source files to /home/travis/build/square/retrofit/retrofit-converters/protobuf/target/test-classes
[INFO] 
[INFO] --- maven-surefire-plugin:2.12.4:test (default-test) @ converter-protobuf ---
[INFO] Surefire report directory: /home/travis/build/square/retrofit/retrofit-converters/protobuf/target/surefire-reports

-------------------------------------------------------
 T E S T S
-------------------------------------------------------
Running retrofit.ProtoConverterFactoryTest
Oct 02, 2015 3:42:58 PM com.squareup.okhttp.mockwebserver.MockWebServer$3 execute
INFO: MockWebServer[49693] starting to accept connections
Oct 02, 2015 3:42:58 PM com.squareup.okhttp.mockwebserver.MockWebServer$4 processOneRequest
INFO: MockWebServer[49693] received request: POST / HTTP/1.1 and responded: HTTP/1.1 200 OK
Oct 02, 2015 3:42:59 PM com.squareup.okhttp.mockwebserver.MockWebServer$3 acceptConnections
INFO: MockWebServer[49693] done accepting connections: Socket closed
Oct 02, 2015 3:42:59 PM com.squareup.okhttp.mockwebserver.MockWebServer$3 execute
INFO: MockWebServer[57942] starting to accept connections
Oct 02, 2015 3:42:59 PM com.squareup.okhttp.mockwebserver.MockWebServer$3 acceptConnections
INFO: MockWebServer[57942] done accepting connections: Socket is closed
Oct 02, 2015 3:42:59 PM com.squareup.okhttp.mockwebserver.MockWebServer$3 execute
INFO: MockWebServer[51957] starting to accept connections
Oct 02, 2015 3:42:59 PM com.squareup.okhttp.mockwebserver.MockWebServer$4 processOneRequest
INFO: MockWebServer[51957] received request: GET / HTTP/1.1 and responded: HTTP/1.1 200 OK
Oct 02, 2015 3:42:59 PM com.squareup.okhttp.mockwebserver.MockWebServer$3 acceptConnections
INFO: MockWebServer[51957] done accepting connections: Socket closed
Oct 02, 2015 3:42:59 PM com.squareup.okhttp.mockwebserver.MockWebServer$3 execute
INFO: MockWebServer[37942] starting to accept connections
Oct 02, 2015 3:42:59 PM com.squareup.okhttp.mockwebserver.MockWebServer$3 acceptConnections
INFO: MockWebServer[37942] done accepting connections: Socket is closed
Oct 02, 2015 3:42:59 PM com.squareup.okhttp.mockwebserver.MockWebServer$3 execute
INFO: MockWebServer[47013] starting to accept connections
Oct 02, 2015 3:42:59 PM com.squareup.okhttp.mockwebserver.MockWebServer$4 processOneRequest
INFO: MockWebServer[47013] received request: GET / HTTP/1.1 and responded: HTTP/1.1 200 OK
Oct 02, 2015 3:42:59 PM com.squareup.okhttp.mockwebserver.MockWebServer$3 acceptConnections
INFO: MockWebServer[47013] done accepting connections: Socket closed
Tests run: 5, Failures: 0, Errors: 0, Skipped: 0, Time elapsed: 0.77 sec

Results :

Tests run: 5, Failures: 0, Errors: 0, Skipped: 0

[INFO] 
[INFO] --- animal-sniffer-maven-plugin:1.14:check (default) @ converter-protobuf ---
[INFO] Checking unresolved references to org.codehaus.mojo.signature:java16:1.1
[INFO]                                                                         
[INFO] ------------------------------------------------------------------------
[INFO] Building Converter: Jackson 2.0.0-SNAPSHOT
[INFO] ------------------------------------------------------------------------
[INFO] 
[INFO] --- maven-enforcer-plugin:1.0:enforce (enforce-maven) @ converter-jackson ---
[INFO] 
[INFO] --- maven-resources-plugin:2.6:resources (default-resources) @ converter-jackson ---
[INFO] Using 'UTF-8' encoding to copy filtered resources.
[INFO] skip non existing resourceDirectory /home/travis/build/square/retrofit/retrofit-converters/jackson/src/main/resources
[INFO] 
[INFO] --- maven-compiler-plugin:3.0:compile (default-compile) @ converter-jackson ---
[INFO] Changes detected - recompiling the module!
[INFO] Compiling 3 source files to /home/travis/build/square/retrofit/retrofit-converters/jackson/target/classes
[INFO] 
[INFO] --- maven-resources-plugin:2.6:testResources (default-testResources) @ converter-jackson ---
[INFO] Using 'UTF-8' encoding to copy filtered resources.
[INFO] skip non existing resourceDirectory /home/travis/build/square/retrofit/retrofit-converters/jackson/src/test/resources
[INFO] 
[INFO] --- maven-compiler-plugin:3.0:testCompile (default-testCompile) @ converter-jackson ---
[INFO] Changes detected - recompiling the module!
[INFO] Compiling 1 source file to /home/travis/build/square/retrofit/retrofit-converters/jackson/target/test-classes
[INFO] 
[INFO] --- maven-surefire-plugin:2.12.4:test (default-test) @ converter-jackson ---
[INFO] Surefire report directory: /home/travis/build/square/retrofit/retrofit-converters/jackson/target/surefire-reports

-------------------------------------------------------
 T E S T S
-------------------------------------------------------
Running retrofit.JacksonConverterFactoryTest
Oct 02, 2015 3:43:00 PM com.squareup.okhttp.mockwebserver.MockWebServer$3 execute
INFO: MockWebServer[40019] starting to accept connections
Oct 02, 2015 3:43:01 PM com.squareup.okhttp.mockwebserver.MockWebServer$4 processOneRequest
INFO: MockWebServer[40019] received request: POST / HTTP/1.1 and responded: HTTP/1.1 200 OK
Oct 02, 2015 3:43:01 PM com.squareup.okhttp.mockwebserver.MockWebServer$3 acceptConnections
INFO: MockWebServer[40019] done accepting connections: Socket closed
Oct 02, 2015 3:43:01 PM com.squareup.okhttp.mockwebserver.MockWebServer$3 execute
INFO: MockWebServer[56889] starting to accept connections
Oct 02, 2015 3:43:01 PM com.squareup.okhttp.mockwebserver.MockWebServer$4 processOneRequest
INFO: MockWebServer[56889] received request: POST / HTTP/1.1 and responded: HTTP/1.1 200 OK
Oct 02, 2015 3:43:01 PM com.squareup.okhttp.mockwebserver.MockWebServer$3 acceptConnections
INFO: MockWebServer[56889] done accepting connections: Socket closed
Tests run: 2, Failures: 0, Errors: 0, Skipped: 0, Time elapsed: 0.96 sec

Results :

Tests run: 2, Failures: 0, Errors: 0, Skipped: 0

[INFO] 
[INFO] --- animal-sniffer-maven-plugin:1.14:check (default) @ converter-jackson ---
[INFO] Checking unresolved references to org.codehaus.mojo.signature:java16:1.1
[INFO]                                                                         
[INFO] ------------------------------------------------------------------------
[INFO] Building Converter: Wire Protocol Buffers 2.0.0-SNAPSHOT
[INFO] ------------------------------------------------------------------------
[INFO] 
[INFO] --- maven-enforcer-plugin:1.0:enforce (enforce-maven) @ converter-wire ---
[INFO] 
[INFO] --- maven-resources-plugin:2.6:resources (default-resources) @ converter-wire ---
[INFO] Using 'UTF-8' encoding to copy filtered resources.
[INFO] skip non existing resourceDirectory /home/travis/build/square/retrofit/retrofit-converters/wire/src/main/resources
[INFO] 
[INFO] --- maven-compiler-plugin:3.0:compile (default-compile) @ converter-wire ---
[INFO] Changes detected - recompiling the module!
[INFO] Compiling 3 source files to /home/travis/build/square/retrofit/retrofit-converters/wire/target/classes
[WARNING] /home/travis/build/square/retrofit/retrofit-converters/wire/src/main/java/retrofit/WireConverterFactory.java: /home/travis/build/square/retrofit/retrofit-converters/wire/src/main/java/retrofit/WireConverterFactory.java uses unchecked or unsafe operations.
[WARNING] /home/travis/build/square/retrofit/retrofit-converters/wire/src/main/java/retrofit/WireConverterFactory.java: Recompile with -Xlint:unchecked for details.
[INFO] 
[INFO] --- maven-resources-plugin:2.6:testResources (default-testResources) @ converter-wire ---
[INFO] Using 'UTF-8' encoding to copy filtered resources.
[INFO] skip non existing resourceDirectory /home/travis/build/square/retrofit/retrofit-converters/wire/src/test/resources
[INFO] 
[INFO] --- maven-compiler-plugin:3.0:testCompile (default-testCompile) @ converter-wire ---
[INFO] Changes detected - recompiling the module!
[INFO] Compiling 2 source files to /home/travis/build/square/retrofit/retrofit-converters/wire/target/test-classes
[INFO] 
[INFO] --- maven-surefire-plugin:2.12.4:test (default-test) @ converter-wire ---
[INFO] Surefire report directory: /home/travis/build/square/retrofit/retrofit-converters/wire/target/surefire-reports

-------------------------------------------------------
 T E S T S
-------------------------------------------------------
Running retrofit.WireConverterFactoryTest
Oct 02, 2015 3:43:03 PM com.squareup.okhttp.mockwebserver.MockWebServer$3 execute
INFO: MockWebServer[43008] starting to accept connections
Oct 02, 2015 3:43:03 PM com.squareup.okhttp.mockwebserver.MockWebServer$4 processOneRequest
INFO: MockWebServer[43008] received request: POST / HTTP/1.1 and responded: HTTP/1.1 200 OK
Oct 02, 2015 3:43:03 PM com.squareup.okhttp.mockwebserver.MockWebServer$3 acceptConnections
INFO: MockWebServer[43008] done accepting connections: Socket closed
Oct 02, 2015 3:43:03 PM com.squareup.okhttp.mockwebserver.MockWebServer$3 execute
INFO: MockWebServer[42207] starting to accept connections
Oct 02, 2015 3:43:03 PM com.squareup.okhttp.mockwebserver.MockWebServer$3 acceptConnections
INFO: MockWebServer[42207] done accepting connections: Socket is closed
Oct 02, 2015 3:43:03 PM com.squareup.okhttp.mockwebserver.MockWebServer$3 execute
INFO: MockWebServer[38744] starting to accept connections
Oct 02, 2015 3:43:03 PM com.squareup.okhttp.mockwebserver.MockWebServer$3 acceptConnections
INFO: MockWebServer[38744] done accepting connections: Socket closed
Oct 02, 2015 3:43:03 PM com.squareup.okhttp.mockwebserver.MockWebServer$4 processOneRequest
INFO: MockWebServer[38744] received request: GET / HTTP/1.1 and responded: HTTP/1.1 200 OK
Oct 02, 2015 3:43:03 PM com.squareup.okhttp.mockwebserver.MockWebServer$3 execute
INFO: MockWebServer[49869] starting to accept connections
Oct 02, 2015 3:43:03 PM com.squareup.okhttp.mockwebserver.MockWebServer$3 acceptConnections
INFO: MockWebServer[49869] done accepting connections: Socket is closed
Oct 02, 2015 3:43:03 PM com.squareup.okhttp.mockwebserver.MockWebServer$3 execute
INFO: MockWebServer[42824] starting to accept connections
Oct 02, 2015 3:43:03 PM com.squareup.okhttp.mockwebserver.MockWebServer$3 acceptConnections
INFO: MockWebServer[42824] done accepting connections: Socket closed
Oct 02, 2015 3:43:03 PM com.squareup.okhttp.mockwebserver.MockWebServer$4 processOneRequest
INFO: MockWebServer[42824] received request: GET / HTTP/1.1 and responded: HTTP/1.1 200 OK
Tests run: 5, Failures: 0, Errors: 0, Skipped: 0, Time elapsed: 0.843 sec

Results :

Tests run: 5, Failures: 0, Errors: 0, Skipped: 0

[INFO] 
[INFO] --- animal-sniffer-maven-plugin:1.14:check (default) @ converter-wire ---
[INFO] Checking unresolved references to org.codehaus.mojo.signature:java16:1.1
[INFO]                                                                         
[INFO] ------------------------------------------------------------------------
[INFO] Building Converter: SimpleXML 2.0.0-SNAPSHOT
[INFO] ------------------------------------------------------------------------
[INFO] 
[INFO] --- maven-enforcer-plugin:1.0:enforce (enforce-maven) @ converter-simplexml ---
[INFO] 
[INFO] --- maven-resources-plugin:2.6:resources (default-resources) @ converter-simplexml ---
[INFO] Using 'UTF-8' encoding to copy filtered resources.
[INFO] skip non existing resourceDirectory /home/travis/build/square/retrofit/retrofit-converters/simplexml/src/main/resources
[INFO] 
[INFO] --- maven-compiler-plugin:3.0:compile (default-compile) @ converter-simplexml ---
[INFO] Changes detected - recompiling the module!
[INFO] Compiling 3 source files to /home/travis/build/square/retrofit/retrofit-converters/simplexml/target/classes
[INFO] 
[INFO] --- maven-resources-plugin:2.6:testResources (default-testResources) @ converter-simplexml ---
[INFO] Using 'UTF-8' encoding to copy filtered resources.
[INFO] skip non existing resourceDirectory /home/travis/build/square/retrofit/retrofit-converters/simplexml/src/test/resources
[INFO] 
[INFO] --- maven-compiler-plugin:3.0:testCompile (default-testCompile) @ converter-simplexml ---
[INFO] Changes detected - recompiling the module!
[INFO] Compiling 2 source files to /home/travis/build/square/retrofit/retrofit-converters/simplexml/target/test-classes
[INFO] 
[INFO] --- maven-surefire-plugin:2.12.4:test (default-test) @ converter-simplexml ---
[INFO] Surefire report directory: /home/travis/build/square/retrofit/retrofit-converters/simplexml/target/surefire-reports

-------------------------------------------------------
 T E S T S
-------------------------------------------------------
Running retrofit.SimpleXmlConverterFactoryTest
Oct 02, 2015 3:43:04 PM com.squareup.okhttp.mockwebserver.MockWebServer$3 execute
INFO: MockWebServer[42821] starting to accept connections
Oct 02, 2015 3:43:05 PM com.squareup.okhttp.mockwebserver.MockWebServer$4 processOneRequest
INFO: MockWebServer[42821] received request: GET / HTTP/1.1 and responded: HTTP/1.1 200 OK
Oct 02, 2015 3:43:05 PM com.squareup.okhttp.mockwebserver.MockWebServer$3 acceptConnections
INFO: MockWebServer[42821] done accepting connections: Socket closed
Oct 02, 2015 3:43:05 PM com.squareup.okhttp.mockwebserver.MockWebServer$3 execute
INFO: MockWebServer[39964] starting to accept connections
Oct 02, 2015 3:43:05 PM com.squareup.okhttp.mockwebserver.MockWebServer$4 processOneRequest
INFO: MockWebServer[39964] received request: GET / HTTP/1.1 and responded: HTTP/1.1 200 OK
Oct 02, 2015 3:43:05 PM com.squareup.okhttp.mockwebserver.MockWebServer$3 acceptConnections
INFO: MockWebServer[39964] done accepting connections: Socket closed
Oct 02, 2015 3:43:05 PM com.squareup.okhttp.mockwebserver.MockWebServer$3 execute
INFO: MockWebServer[57849] starting to accept connections
Oct 02, 2015 3:43:05 PM com.squareup.okhttp.mockwebserver.MockWebServer$4 processOneRequest
INFO: MockWebServer[57849] received request: POST / HTTP/1.1 and responded: HTTP/1.1 200 OK
Oct 02, 2015 3:43:05 PM com.squareup.okhttp.mockwebserver.MockWebServer$3 acceptConnections
INFO: MockWebServer[57849] done accepting connections: Socket closed
Tests run: 3, Failures: 0, Errors: 0, Skipped: 0, Time elapsed: 1.334 sec

Results :

Tests run: 3, Failures: 0, Errors: 0, Skipped: 0

[INFO] 
[INFO] --- animal-sniffer-maven-plugin:1.14:check (default) @ converter-simplexml ---
[INFO] Checking unresolved references to org.codehaus.mojo.signature:java16:1.1
[INFO]                                                                         
[INFO] ------------------------------------------------------------------------
[INFO] Building Converter: Moshi 2.0.0-SNAPSHOT
[INFO] ------------------------------------------------------------------------
[INFO] 
[INFO] --- maven-enforcer-plugin:1.0:enforce (enforce-maven) @ converter-moshi ---
[INFO] 
[INFO] --- maven-resources-plugin:2.6:resources (default-resources) @ converter-moshi ---
[INFO] Using 'UTF-8' encoding to copy filtered resources.
[INFO] skip non existing resourceDirectory /home/travis/build/square/retrofit/retrofit-converters/moshi/src/main/resources
[INFO] 
[INFO] --- maven-compiler-plugin:3.0:compile (default-compile) @ converter-moshi ---
[INFO] Changes detected - recompiling the module!
[INFO] Compiling 3 source files to /home/travis/build/square/retrofit/retrofit-converters/moshi/target/classes
[INFO] 
[INFO] --- maven-resources-plugin:2.6:testResources (default-testResources) @ converter-moshi ---
[INFO] Using 'UTF-8' encoding to copy filtered resources.
[INFO] skip non existing resourceDirectory /home/travis/build/square/retrofit/retrofit-converters/moshi/src/test/resources
[INFO] 
[INFO] --- maven-compiler-plugin:3.0:testCompile (default-testCompile) @ converter-moshi ---
[INFO] Changes detected - recompiling the module!
[INFO] Compiling 1 source file to /home/travis/build/square/retrofit/retrofit-converters/moshi/target/test-classes
[INFO] 
[INFO] --- maven-surefire-plugin:2.12.4:test (default-test) @ converter-moshi ---
[INFO] Surefire report directory: /home/travis/build/square/retrofit/retrofit-converters/moshi/target/surefire-reports

-------------------------------------------------------
 T E S T S
-------------------------------------------------------
Running retrofit.MoshiConverterFactoryTest
Oct 02, 2015 3:43:07 PM com.squareup.okhttp.mockwebserver.MockWebServer$3 execute
INFO: MockWebServer[46171] starting to accept connections
Oct 02, 2015 3:43:08 PM com.squareup.okhttp.mockwebserver.MockWebServer$4 processOneRequest
INFO: MockWebServer[46171] received request: POST / HTTP/1.1 and responded: HTTP/1.1 200 OK
Oct 02, 2015 3:43:08 PM com.squareup.okhttp.mockwebserver.MockWebServer$3 acceptConnections
INFO: MockWebServer[46171] done accepting connections: Socket closed
Oct 02, 2015 3:43:08 PM com.squareup.okhttp.mockwebserver.MockWebServer$3 execute
INFO: MockWebServer[56191] starting to accept connections
Oct 02, 2015 3:43:08 PM com.squareup.okhttp.mockwebserver.MockWebServer$3 acceptConnections
INFO: MockWebServer[56191] done accepting connections: Socket closed
Oct 02, 2015 3:43:08 PM com.squareup.okhttp.mockwebserver.MockWebServer$4 processOneRequest
INFO: MockWebServer[56191] received request: POST / HTTP/1.1 and responded: HTTP/1.1 200 OK
Tests run: 2, Failures: 0, Errors: 0, Skipped: 0, Time elapsed: 1.136 sec

Results :

Tests run: 2, Failures: 0, Errors: 0, Skipped: 0

[INFO] 
[INFO] --- animal-sniffer-maven-plugin:1.14:check (default) @ converter-moshi ---
[INFO] Checking unresolved references to org.codehaus.mojo.signature:java16:1.1
[INFO]                                                                         
[INFO] ------------------------------------------------------------------------
[INFO] Building Samples 2.0.0-SNAPSHOT
[INFO] ------------------------------------------------------------------------
[INFO] 
[INFO] --- maven-enforcer-plugin:1.0:enforce (enforce-maven) @ samples ---
[INFO] 
[INFO] --- maven-resources-plugin:2.6:resources (default-resources) @ samples ---
[INFO] Using 'UTF-8' encoding to copy filtered resources.
[INFO] skip non existing resourceDirectory /home/travis/build/square/retrofit/samples/src/main/resources
[INFO] 
[INFO] --- maven-compiler-plugin:3.0:compile (default-compile) @ samples ---
[INFO] Changes detected - recompiling the module!
[INFO] Compiling 4 source files to /home/travis/build/square/retrofit/samples/target/classes
[INFO] 
[INFO] --- maven-resources-plugin:2.6:testResources (default-testResources) @ samples ---
[INFO] Using 'UTF-8' encoding to copy filtered resources.
[INFO] skip non existing resourceDirectory /home/travis/build/square/retrofit/samples/src/test/resources
[INFO] 
[INFO] --- maven-compiler-plugin:3.0:testCompile (default-testCompile) @ samples ---
[INFO] No sources to compile
[INFO] 
[INFO] --- maven-surefire-plugin:2.12.4:test (default-test) @ samples ---
[INFO] No tests to run.
[INFO] 
[INFO] --- animal-sniffer-maven-plugin:1.14:check (default) @ samples ---
[INFO] Checking unresolved references to org.codehaus.mojo.signature:java16:1.1
[INFO] ------------------------------------------------------------------------
[INFO] Reactor Summary:
[INFO] 
[INFO] Retrofit (Parent) .................................. SUCCESS [  2.891 s]
[INFO] Retrofit ........................................... SUCCESS [ 12.792 s]
[INFO] Adapters ........................................... SUCCESS [  0.171 s]
[INFO] Adapter: RxJava .................................... SUCCESS [  2.747 s]
[INFO] Retrofit Mock Adapter .............................. SUCCESS [  3.088 s]
[INFO] Adapter: RxJava Mock ............................... SUCCESS [  1.609 s]
[INFO] Converters ......................................... SUCCESS [  0.276 s]
[INFO] Converter: Gson .................................... SUCCESS [  1.542 s]
[INFO] Converter: Protocol Buffers ........................ SUCCESS [  1.841 s]
[INFO] Converter: Jackson ................................. SUCCESS [  2.245 s]
[INFO] Converter: Wire Protocol Buffers ................... SUCCESS [  2.166 s]
[INFO] Converter: SimpleXML ............................... SUCCESS [  2.591 s]
[INFO] Converter: Moshi ................................... SUCCESS [  2.148 s]
[INFO] Samples ............................................ SUCCESS [  1.387 s]
[INFO] ------------------------------------------------------------------------
[INFO] BUILD SUCCESS
[INFO] ------------------------------------------------------------------------
[INFO] Total time: 38.056 s
[INFO] Finished at: 2015-10-02T15:43:10+00:00
[INFO] Final Memory: 27M/296M
[INFO] ------------------------------------------------------------------------
travis_time:end:07da76fc:start=1443800549787380815,finish=1443800600714319276,duration=50926938461[0K
[32;1mThe command "mvn test -B" exited with 0.[0m
travis_fold:start:cache.2[0Kstore build cache
travis_time:start:28e26718[0Kchange detected:
/home/travis/.m2/repository/com/squareup/retrofit/adapter-rxjava/2.0.0-SNAPSHOT/adapter-rxjava-2.0.0-SNAPSHOT.jar
/home/travis/.m2/repository/com/squareup/retrofit/adapter-rxjava/2.0.0-SNAPSHOT/adapter-rxjava-2.0.0-SNAPSHOT.jar
/home/travis/.m2/repository/com/squareup/retrofit/adapter-rxjava/2.0.0-SNAPSHOT/maven-metadata-local.xml
/home/travis/.m2/repository/com/squareup/retrofit/adapter-rxjava/2.0.0-SNAPSHOT/maven-metadata-local.xml
/home/travis/.m2/repository/com/squareup/retrofit/adapter-rxjava/2.0.0-SNAPSHOT/_remote.repositories
/home/travis/.m2/repository/com/squareup/retrofit/adapter-rxjava/2.0.0-SNAPSHOT/_remote.repositories
/home/travis/.m2/repository/com/squareup/retrofit/adapter-rxjava/maven-metadata-local.xml
/home/travis/.m2/repository/com/squareup/retrofit/adapter-rxjava/maven-metadata-local.xml
/home/travis/.m2/repository/com/squareup/retrofit/adapter-rxjava-mock/2.0.0-SNAPSHOT/adapter-rxjava-mock-2.0.0-SNAPSHOT.jar
/home/travis/.m2/repository/com/squareup/retrofit/adapter
...
changes detected, packing new archive
uploading archive
travis_time:end:28e26718:start=1443800600718882868,finish=1443800604939995566,duration=4221112698[0Ktravis_fold:end:cache.2[0Ktravis_fold:start:after_success[0Ktravis_time:start:0c7437e0[0K$ .buildscript/deploy_snapshot.sh
Skipping snapshot deployment: was pull request.
travis_time:end:0c7437e0:start=1443800604944613748,finish=1443800604949735064,duration=5121316[0Ktravis_fold:end:after_success[0K
Done. Your build exited with 0.
