Using worker: worker-linux-docker-664fce9f.prod.travis-ci.org:travis-linux-8

travis_fold:start:system_info[0K[33;1mBuild system information[0m
Build language: java
Build group: stable
Build dist: precise
[34m[1mBuild image provisioning date and time[0m
Thu Feb  5 15:09:33 UTC 2015
[34m[1mOperating System Details[0m
Distributor ID:	Ubuntu
Description:	Ubuntu 12.04.5 LTS
Release:	12.04
Codename:	precise
[34m[1mLinux Version[0m
3.13.0-29-generic
[34m[1mCookbooks Version[0m
a68419e https://github.com/travis-ci/travis-cookbooks/tree/a68419e
[34m[1mGCC version[0m
gcc (Ubuntu/Linaro 4.6.3-1ubuntu5) 4.6.3
Copyright (C) 2011 Free Software Foundation, Inc.
This is free software; see the source for copying conditions.  There is NO
warranty; not even for MERCHANTABILITY or FITNESS FOR A PARTICULAR PURPOSE.

[34m[1mLLVM version[0m
clang version 3.4 (tags/RELEASE_34/final)
Target: x86_64-unknown-linux-gnu
Thread model: posix
[34m[1mPre-installed Ruby versions[0m
ruby-1.9.3-p551
[34m[1mPre-installed Node.js versions[0m
v0.10.36
[34m[1mPre-installed Go versions[0m
1.4.1
[34m[1mRedis version[0m
redis-server 2.8.19
[34m[1mriak version[0m
2.0.2
[34m[1mMongoDB version[0m
MongoDB 2.4.12
[34m[1mCouchDB version[0m
couchdb 1.6.1
[34m[1mNeo4j version[0m
1.9.4
[34m[1mRabbitMQ Version[0m
3.4.3
[34m[1mElasticSearch version[0m
1.4.0
[34m[1mInstalled Sphinx versions[0m
2.0.10
2.1.9
2.2.6
[34m[1mDefault Sphinx version[0m
2.2.6
[34m[1mInstalled Firefox version[0m
firefox 31.0esr
[34m[1mPhantomJS version[0m
1.9.8
[34m[1mant -version[0m
Apache Ant(TM) version 1.8.2 compiled on December 3 2011
[34m[1mmvn -version[0m
Apache Maven 3.2.5 (12a6b3acb947671f09b81f49094c53f426d8cea1; 2014-12-14T17:29:23+00:00)
Maven home: /usr/local/maven
Java version: 1.7.0_76, vendor: Oracle Corporation
Java home: /usr/lib/jvm/java-7-oracle/jre
Default locale: en_US, platform encoding: ANSI_X3.4-1968
OS name: "linux", version: "3.13.0-29-generic", arch: "amd64", family: "unix"
travis_fold:end:system_info[0K
travis_fold:start:git.checkout[0Ktravis_time:start:2d771762[0K$ git clone --depth=50 https://github.com/square/retrofit.git square/retrofit
Cloning into 'square/retrofit'...
remote: Counting objects: 1555, done.[K
remote: Compressing objects:   0% (1/737)   [Kremote: Compressing objects:   1% (8/737)   [Kremote: Compressing objects:   2% (15/737)   [Kremote: Compressing objects:   3% (23/737)   [Kremote: Compressing objects:   4% (30/737)   [Kremote: Compressing objects:   5% (37/737)   [Kremote: Compressing objects:   6% (45/737)   [Kremote: Compressing objects:   7% (52/737)   [Kremote: Compressing objects:   8% (59/737)   [Kremote: Compressing objects:   9% (67/737)   [Kremote: Compressing objects:  10% (74/737)   [Kremote: Compressing objects:  11% (82/737)   [Kremote: Compressing objects:  12% (89/737)   [Kremote: Compressing objects:  13% (96/737)   [Kremote: Compressing objects:  14% (104/737)   [Kremote: Compressing objects:  15% (111/737)   [Kremote: Compressing objects:  16% (118/737)   [Kremote: Compressing objects:  17% (126/737)   [Kremote: Compressing objects:  18% (133/737)   [Kremote: Compressing objects:  19% (141/737)   [Kremote: Compressing objects:  20% (148/737)   [Kremote: Compressing objects:  21% (155/737)   [Kremote: Compressing objects:  22% (163/737)   [Kremote: Compressing objects:  23% (170/737)   [Kremote: Compressing objects:  24% (177/737)   [Kremote: Compressing objects:  25% (185/737)   [Kremote: Compressing objects:  26% (192/737)   [Kremote: Compressing objects:  27% (199/737)   [Kremote: Compressing objects:  28% (207/737)   [Kremote: Compressing objects:  29% (214/737)   [Kremote: Compressing objects:  30% (222/737)   [Kremote: Compressing objects:  31% (229/737)   [Kremote: Compressing objects:  32% (236/737)   [Kremote: Compressing objects:  33% (244/737)   [Kremote: Compressing objects:  34% (251/737)   [Kremote: Compressing objects:  35% (258/737)   [Kremote: Compressing objects:  36% (266/737)   [Kremote: Compressing objects:  37% (273/737)   [Kremote: Compressing objects:  38% (281/737)   [Kremote: Compressing objects:  39% (288/737)   [Kremote: Compressing objects:  40% (295/737)   [Kremote: Compressing objects:  41% (303/737)   [Kremote: Compressing objects:  42% (310/737)   [Kremote: Compressing objects:  43% (317/737)   [Kremote: Compressing objects:  44% (325/737)   [Kremote: Compressing objects:  45% (332/737)   [Kremote: Compressing objects:  46% (340/737)   [Kremote: Compressing objects:  47% (347/737)   [Kremote: Compressing objects:  48% (354/737)   [Kremote: Compressing objects:  49% (362/737)   [Kremote: Compressing objects:  50% (369/737)   [Kremote: Compressing objects:  51% (376/737)   [Kremote: Compressing objects:  52% (384/737)   [Kremote: Compressing objects:  53% (391/737)   [Kremote: Compressing objects:  54% (398/737)   [Kremote: Compressing objects:  55% (406/737)   [Kremote: Compressing objects:  56% (413/737)   [Kremote: Compressing objects:  57% (421/737)   [Kremote: Compressing objects:  58% (428/737)   [Kremote: Compressing objects:  59% (435/737)   [Kremote: Compressing objects:  60% (443/737)   [Kremote: Compressing objects:  61% (450/737)   [Kremote: Compressing objects:  62% (457/737)   [Kremote: Compressing objects:  63% (465/737)   [Kremote: Compressing objects:  64% (472/737)   [Kremote: Compressing objects:  65% (480/737)   [Kremote: Compressing objects:  66% (487/737)   [Kremote: Compressing objects:  67% (494/737)   [Kremote: Compressing objects:  68% (502/737)   [Kremote: Compressing objects:  69% (509/737)   [Kremote: Compressing objects:  70% (516/737)   [Kremote: Compressing objects:  71% (524/737)   [Kremote: Compressing objects:  72% (531/737)   [Kremote: Compressing objects:  73% (539/737)   [Kremote: Compressing objects:  74% (546/737)   [Kremote: Compressing objects:  75% (553/737)   [Kremote: Compressing objects:  76% (561/737)   [Kremote: Compressing objects:  77% (568/737)   [Kremote: Compressing objects:  78% (575/737)   [Kremote: Compressing objects:  79% (583/737)   [Kremote: Compressing objects:  80% (590/737)   [Kremote: Compressing objects:  81% (597/737)   [Kremote: Compressing objects:  82% (605/737)   [Kremote: Compressing objects:  83% (612/737)   [Kremote: Compressing objects:  84% (620/737)   [Kremote: Compressing objects:  85% (627/737)   [Kremote: Compressing objects:  86% (634/737)   [Kremote: Compressing objects:  87% (642/737)   [Kremote: Compressing objects:  88% (649/737)   [Kremote: Compressing objects:  89% (656/737)   [Kremote: Compressing objects:  90% (664/737)   [Kremote: Compressing objects:  91% (671/737)   [Kremote: Compressing objects:  92% (679/737)   [Kremote: Compressing objects:  93% (686/737)   [Kremote: Compressing objects:  94% (693/737)   [Kremote: Compressing objects:  95% (701/737)   [Kremote: Compressing objects:  96% (708/737)   [Kremote: Compressing objects:  97% (715/737)   [Kremote: Compressing objects:  98% (723/737)   [Kremote: Compressing objects:  99% (730/737)   [Kremote: Compressing objects: 100% (737/737)   [Kremote: Compressing objects: 100% (737/737), done.[K
Receiving objects:   0% (1/1555)   Receiving objects:   1% (16/1555)   Receiving objects:   2% (32/1555)   Receiving objects:   3% (47/1555)   Receiving objects:   4% (63/1555)   Receiving objects:   5% (78/1555)   Receiving objects:   6% (94/1555)   Receiving objects:   7% (109/1555)   Receiving objects:   8% (125/1555)   Receiving objects:   9% (140/1555)   Receiving objects:  10% (156/1555)   Receiving objects:  11% (172/1555)   Receiving objects:  12% (187/1555)   Receiving objects:  13% (203/1555)   Receiving objects:  14% (218/1555)   Receiving objects:  15% (234/1555)   Receiving objects:  16% (249/1555)   Receiving objects:  17% (265/1555)   Receiving objects:  18% (280/1555)   Receiving objects:  19% (296/1555)   Receiving objects:  20% (311/1555)   Receiving objects:  21% (327/1555)   Receiving objects:  22% (343/1555)   Receiving objects:  23% (358/1555)   Receiving objects:  24% (374/1555)   Receiving objects:  25% (389/1555)   Receiving objects:  26% (405/1555)   Receiving objects:  27% (420/1555)   Receiving objects:  28% (436/1555)   Receiving objects:  29% (451/1555)   Receiving objects:  30% (467/1555)   Receiving objects:  31% (483/1555)   Receiving objects:  32% (498/1555)   Receiving objects:  33% (514/1555)   Receiving objects:  34% (529/1555)   Receiving objects:  35% (545/1555)   Receiving objects:  36% (560/1555)   Receiving objects:  37% (576/1555)   Receiving objects:  38% (591/1555)   Receiving objects:  39% (607/1555)   Receiving objects:  40% (622/1555)   Receiving objects:  41% (638/1555)   Receiving objects:  42% (654/1555)   Receiving objects:  43% (669/1555)   Receiving objects:  44% (685/1555)   Receiving objects:  45% (700/1555)   Receiving objects:  46% (716/1555)   Receiving objects:  47% (731/1555)   Receiving objects:  48% (747/1555)   Receiving objects:  49% (762/1555)   Receiving objects:  50% (778/1555)   Receiving objects:  51% (794/1555)   Receiving objects:  52% (809/1555)   Receiving objects:  53% (825/1555)   Receiving objects:  54% (840/1555)   Receiving objects:  55% (856/1555)   Receiving objects:  56% (871/1555)   Receiving objects:  57% (887/1555)   Receiving objects:  58% (902/1555)   Receiving objects:  59% (918/1555)   Receiving objects:  60% (933/1555)   Receiving objects:  61% (949/1555)   Receiving objects:  62% (965/1555)   Receiving objects:  63% (980/1555)   Receiving objects:  64% (996/1555)   Receiving objects:  65% (1011/1555)   remote: Total 1555 (delta 586), reused 1359 (delta 427), pack-reused 0[K
Receiving objects:  66% (1027/1555)   Receiving objects:  67% (1042/1555)   Receiving objects:  68% (1058/1555)   Receiving objects:  69% (1073/1555)   Receiving objects:  70% (1089/1555)   Receiving objects:  71% (1105/1555)   Receiving objects:  72% (1120/1555)   Receiving objects:  73% (1136/1555)   Receiving objects:  74% (1151/1555)   Receiving objects:  75% (1167/1555)   Receiving objects:  76% (1182/1555)   Receiving objects:  77% (1198/1555)   Receiving objects:  78% (1213/1555)   Receiving objects:  79% (1229/1555)   Receiving objects:  80% (1244/1555)   Receiving objects:  81% (1260/1555)   Receiving objects:  82% (1276/1555)   Receiving objects:  83% (1291/1555)   Receiving objects:  84% (1307/1555)   Receiving objects:  85% (1322/1555)   Receiving objects:  86% (1338/1555)   Receiving objects:  87% (1353/1555)   Receiving objects:  88% (1369/1555)   Receiving objects:  89% (1384/1555)   Receiving objects:  90% (1400/1555)   Receiving objects:  91% (1416/1555)   Receiving objects:  92% (1431/1555)   Receiving objects:  93% (1447/1555)   Receiving objects:  94% (1462/1555)   Receiving objects:  95% (1478/1555)   Receiving objects:  96% (1493/1555)   Receiving objects:  97% (1509/1555)   Receiving objects:  98% (1524/1555)   Receiving objects:  99% (1540/1555)   Receiving objects: 100% (1555/1555)   Receiving objects: 100% (1555/1555), 348.56 KiB | 0 bytes/s, done.
Resolving deltas:   0% (0/586)   Resolving deltas:   4% (24/586)   Resolving deltas:   5% (31/586)   Resolving deltas:   6% (41/586)   Resolving deltas:   7% (46/586)   Resolving deltas:  13% (81/586)   Resolving deltas:  14% (85/586)   Resolving deltas:  16% (94/586)   Resolving deltas:  18% (109/586)   Resolving deltas:  19% (112/586)   Resolving deltas:  20% (120/586)   Resolving deltas:  21% (126/586)   Resolving deltas:  22% (129/586)   Resolving deltas:  24% (141/586)   Resolving deltas:  28% (165/586)   Resolving deltas:  29% (174/586)   Resolving deltas:  30% (178/586)   Resolving deltas:  33% (198/586)   Resolving deltas:  34% (200/586)   Resolving deltas:  35% (206/586)   Resolving deltas:  36% (214/586)   Resolving deltas:  37% (217/586)   Resolving deltas:  38% (225/586)   Resolving deltas:  41% (243/586)   Resolving deltas:  42% (250/586)   Resolving deltas:  43% (252/586)   Resolving deltas:  44% (258/586)   Resolving deltas:  45% (266/586)   Resolving deltas:  46% (272/586)   Resolving deltas:  47% (280/586)   Resolving deltas:  48% (286/586)   Resolving deltas:  49% (289/586)   Resolving deltas:  50% (298/586)   Resolving deltas:  51% (301/586)   Resolving deltas:  53% (313/586)   Resolving deltas:  57% (336/586)   Resolving deltas:  58% (342/586)   Resolving deltas:  59% (349/586)   Resolving deltas:  60% (354/586)   Resolving deltas:  62% (365/586)   Resolving deltas:  63% (375/586)   Resolving deltas:  64% (378/586)   Resolving deltas:  65% (383/586)   Resolving deltas:  69% (409/586)   Resolving deltas:  70% (414/586)   Resolving deltas:  72% (422/586)   Resolving deltas:  74% (439/586)   Resolving deltas:  75% (440/586)   Resolving deltas:  77% (456/586)   Resolving deltas:  78% (459/586)   Resolving deltas:  85% (500/586)   Resolving deltas:  86% (509/586)   Resolving deltas:  87% (512/586)   Resolving deltas:  88% (519/586)   Resolving deltas:  90% (530/586)   Resolving deltas:  91% (535/586)   Resolving deltas:  95% (558/586)   Resolving deltas:  96% (566/586)   Resolving deltas:  97% (572/586)   Resolving deltas:  98% (575/586)   Resolving deltas:  99% (581/586)   Resolving deltas: 100% (586/586)   Resolving deltas: 100% (586/586), done.
Checking connectivity... done.
travis_time:end:2d771762:start=1447911615832380746,finish=1447911616858685755,duration=1026305009[0K$ cd square/retrofit
travis_time:start:0963ac9b[0K$ git fetch origin +refs/pull/1294/merge:
remote: Counting objects: 71, done.[K
remote: Compressing objects:   4% (1/22)   [Kremote: Compressing objects:   9% (2/22)   [Kremote: Compressing objects:  13% (3/22)   [Kremote: Compressing objects:  18% (4/22)   [Kremote: Compressing objects:  22% (5/22)   [Kremote: Compressing objects:  27% (6/22)   [Kremote: Compressing objects:  31% (7/22)   [Kremote: Compressing objects:  36% (8/22)   [Kremote: Compressing objects:  40% (9/22)   [Kremote: Compressing objects:  45% (10/22)   [Kremote: Compressing objects:  50% (11/22)   [Kremote: Compressing objects:  54% (12/22)   [Kremote: Compressing objects:  59% (13/22)   [Kremote: Compressing objects:  63% (14/22)   [Kremote: Compressing objects:  68% (15/22)   [Kremote: Compressing objects:  72% (16/22)   [Kremote: Compressing objects:  77% (17/22)   [Kremote: Compressing objects:  81% (18/22)   [Kremote: Compressing objects:  86% (19/22)   [Kremote: Compressing objects:  90% (20/22)   [Kremote: Compressing objects:  95% (21/22)   [Kremote: Compressing objects: 100% (22/22)   [Kremote: Compressing objects: 100% (22/22), done.[K
remote: Total 71 (delta 29), reused 71 (delta 29), pack-reused 0[K
Unpacking objects:   1% (1/71)   Unpacking objects:   2% (2/71)   Unpacking objects:   4% (3/71)   Unpacking objects:   5% (4/71)   Unpacking objects:   7% (5/71)   Unpacking objects:   8% (6/71)   Unpacking objects:   9% (7/71)   Unpacking objects:  11% (8/71)   Unpacking objects:  12% (9/71)   Unpacking objects:  14% (10/71)   Unpacking objects:  15% (11/71)   Unpacking objects:  16% (12/71)   Unpacking objects:  18% (13/71)   Unpacking objects:  19% (14/71)   Unpacking objects:  21% (15/71)   Unpacking objects:  22% (16/71)   Unpacking objects:  23% (17/71)   Unpacking objects:  25% (18/71)   Unpacking objects:  26% (19/71)   Unpacking objects:  28% (20/71)   Unpacking objects:  29% (21/71)   Unpacking objects:  30% (22/71)   Unpacking objects:  32% (23/71)   Unpacking objects:  33% (24/71)   Unpacking objects:  35% (25/71)   Unpacking objects:  36% (26/71)   Unpacking objects:  38% (27/71)   Unpacking objects:  39% (28/71)   Unpacking objects:  40% (29/71)   Unpacking objects:  42% (30/71)   Unpacking objects:  43% (31/71)   Unpacking objects:  45% (32/71)   Unpacking objects:  46% (33/71)   Unpacking objects:  47% (34/71)   Unpacking objects:  49% (35/71)   Unpacking objects:  50% (36/71)   Unpacking objects:  52% (37/71)   Unpacking objects:  53% (38/71)   Unpacking objects:  54% (39/71)   Unpacking objects:  56% (40/71)   Unpacking objects:  57% (41/71)   Unpacking objects:  59% (42/71)   Unpacking objects:  60% (43/71)   Unpacking objects:  61% (44/71)   Unpacking objects:  63% (45/71)   Unpacking objects:  64% (46/71)   Unpacking objects:  66% (47/71)   Unpacking objects:  67% (48/71)   Unpacking objects:  69% (49/71)   Unpacking objects:  70% (50/71)   Unpacking objects:  71% (51/71)   Unpacking objects:  73% (52/71)   Unpacking objects:  74% (53/71)   Unpacking objects:  76% (54/71)   Unpacking objects:  77% (55/71)   Unpacking objects:  78% (56/71)   Unpacking objects:  80% (57/71)   Unpacking objects:  81% (58/71)   Unpacking objects:  83% (59/71)   Unpacking objects:  84% (60/71)   Unpacking objects:  85% (61/71)   Unpacking objects:  87% (62/71)   Unpacking objects:  88% (63/71)   Unpacking objects:  90% (64/71)   Unpacking objects:  91% (65/71)   Unpacking objects:  92% (66/71)   Unpacking objects:  94% (67/71)   Unpacking objects:  95% (68/71)   Unpacking objects:  97% (69/71)   Unpacking objects:  98% (70/71)   Unpacking objects: 100% (71/71)   Unpacking objects: 100% (71/71), done.
From https://github.com/square/retrofit
 * branch            refs/pull/1294/merge -> FETCH_HEAD
travis_time:end:0963ac9b:start=1447911616862470903,finish=1447911617179216368,duration=316745465[0K$ git checkout -qf FETCH_HEAD
travis_fold:end:git.checkout[0K
[33;1mThis job is running on container-based infrastructure, which does not allow use of 'sudo', setuid and setguid executables.[0m
[33;1mIf you require sudo, add 'sudo: required' to your .travis.yml[0m
[33;1mSee http://docs.travis-ci.com/user/workers/container-based-infrastructure/ for details.[0m

[33;1mSetting environment variables from .travis.yml[0m
$ export CI_DEPLOY_USERNAME=[secure]
$ export CI_DEPLOY_PASSWORD=[secure]

travis_fold:start:cache.1[0KSetting up build cache
$ export CASHER_DIR=$HOME/.casher
travis_time:start:005979fa[0K$ Installing caching utilities
travis_time:end:005979fa:start=1447911619012542074,finish=1447911619086941288,duration=74399214[0Ktravis_time:start:088de143[0Ktravis_time:end:088de143:start=1447911619091407638,finish=1447911619094377450,duration=2969812[0Ktravis_time:start:044e7aa3[0Kattempting to download cache archive
fetching PR.1294/cache--jdk-oraclejdk8.tgz
found cache
travis_time:end:044e7aa3:start=1447911619097932161,finish=1447911620139152601,duration=1041220440[0Ktravis_time:start:02e408c4[0Ktravis_time:end:02e408c4:start=1447911620142878026,finish=1447911620145987498,duration=3109472[0Ktravis_time:start:2313e83f[0Kadding /home/travis/.m2 to cache
travis_time:end:2313e83f:start=1447911620149520985,finish=1447911621688852616,duration=1539331631[0Ktravis_fold:end:cache.1[0K$ jdk_switcher use oraclejdk8
Switching to Oracle JDK8 (java-8-oracle), JAVA_HOME will be set to /usr/lib/jvm/java-8-oracle
$ java -Xmx32m -version
java version "1.8.0_31"
Java(TM) SE Runtime Environment (build 1.8.0_31-b13)
Java HotSpot(TM) 64-Bit Server VM (build 25.31-b07, mixed mode)
$ javac -J-Xmx32m -version
javac 1.8.0_31
travis_fold:start:install[0Ktravis_time:start:04363134[0K$ mvn install -DskipTests=true -Dmaven.javadoc.skip=true -B -V
Java HotSpot(TM) 64-Bit Server VM warning: ignoring option MaxPermSize=192m; support was removed in 8.0
Apache Maven 3.2.5 (12a6b3acb947671f09b81f49094c53f426d8cea1; 2014-12-14T17:29:23+00:00)
Maven home: /usr/local/maven
Java version: 1.8.0_31, vendor: Oracle Corporation
Java home: /usr/lib/jvm/java-8-oracle/jre
Default locale: en_US, platform encoding: UTF-8
OS name: "linux", version: "3.13.0-40-generic", arch: "amd64", family: "unix"
[INFO] Scanning for projects...
[WARNING] 
[WARNING] Some problems were encountered while building the effective model for com.squareup.retrofit:samples:jar:2.0.0-SNAPSHOT
[WARNING] 'build.plugins.plugin.version' for org.apache.maven.plugins:maven-deploy-plugin is missing. @ com.squareup.retrofit:samples:[unknown-version], /home/travis/build/square/retrofit/samples/pom.xml, line 45, column 15
[WARNING] 
[WARNING] It is highly recommended to fix these problems because they threaten the stability of your build.
[WARNING] 
[WARNING] For this reason, future Maven versions might no longer support building such malformed projects.
[WARNING] 
[INFO] ------------------------------------------------------------------------
[INFO] Reactor Build Order:
[INFO] 
[INFO] Retrofit (Parent)
[INFO] Retrofit
[INFO] Adapters
[INFO] Adapter: RxJava
[INFO] Retrofit Mock Adapter
[INFO] Adapter: RxJava Mock
[INFO] Converters
[INFO] Converter: Gson
[INFO] Converter: Protocol Buffers
[INFO] Converter: Jackson
[INFO] Converter: Wire Protocol Buffers
[INFO] Converter: SimpleXML
[INFO] Converter: Moshi
[INFO] Samples
[INFO]                                                                         
[INFO] ------------------------------------------------------------------------
[INFO] Building Retrofit (Parent) 2.0.0-SNAPSHOT
[INFO] ------------------------------------------------------------------------
[INFO] 
[INFO] --- maven-enforcer-plugin:1.0:enforce (enforce-maven) @ parent ---
[INFO] 
[INFO] --- animal-sniffer-maven-plugin:1.14:check (default) @ parent ---
[INFO] Checking unresolved references to org.codehaus.mojo.signature:java16:1.1
[INFO] 
[INFO] --- maven-checkstyle-plugin:2.15:checkstyle (default) @ parent ---
[INFO] 
[INFO] --- maven-install-plugin:2.4:install (default-install) @ parent ---
[INFO] Installing /home/travis/build/square/retrofit/pom.xml to /home/travis/.m2/repository/com/squareup/retrofit/parent/2.0.0-SNAPSHOT/parent-2.0.0-SNAPSHOT.pom
[INFO]                                                                         
[INFO] ------------------------------------------------------------------------
[INFO] Building Retrofit 2.0.0-SNAPSHOT
[INFO] ------------------------------------------------------------------------
[INFO] 
[INFO] --- maven-enforcer-plugin:1.0:enforce (enforce-maven) @ retrofit ---
[INFO] 
[INFO] --- maven-resources-plugin:2.6:resources (default-resources) @ retrofit ---
[INFO] Using 'UTF-8' encoding to copy filtered resources.
[INFO] skip non existing resourceDirectory /home/travis/build/square/retrofit/retrofit/src/main/resources
[INFO] 
[INFO] --- maven-compiler-plugin:3.0:compile (default-compile) @ retrofit ---
[INFO] Changes detected - recompiling the module!
[INFO] Compiling 42 source files to /home/travis/build/square/retrofit/retrofit/target/classes
[WARNING] /home/travis/build/square/retrofit/retrofit/src/main/java/retrofit/RequestAction.java: Some input files use unchecked or unsafe operations.
[WARNING] /home/travis/build/square/retrofit/retrofit/src/main/java/retrofit/RequestAction.java: Recompile with -Xlint:unchecked for details.
[INFO] 
[INFO] --- maven-resources-plugin:2.6:testResources (default-testResources) @ retrofit ---
[INFO] Using 'UTF-8' encoding to copy filtered resources.
[INFO] skip non existing resourceDirectory /home/travis/build/square/retrofit/retrofit/src/test/resources
[INFO] 
[INFO] --- maven-compiler-plugin:3.0:testCompile (default-testCompile) @ retrofit ---
[INFO] Changes detected - recompiling the module!
[INFO] Compiling 8 source files to /home/travis/build/square/retrofit/retrofit/target/test-classes
[WARNING] /home/travis/build/square/retrofit/retrofit/src/test/java/retrofit/RetrofitTest.java: /home/travis/build/square/retrofit/retrofit/src/test/java/retrofit/RetrofitTest.java uses unchecked or unsafe operations.
[WARNING] /home/travis/build/square/retrofit/retrofit/src/test/java/retrofit/RetrofitTest.java: Recompile with -Xlint:unchecked for details.
[INFO] 
[INFO] --- maven-surefire-plugin:2.12.4:test (default-test) @ retrofit ---
[INFO] Tests are skipped.
[INFO] 
[INFO] --- animal-sniffer-maven-plugin:1.14:check (default) @ retrofit ---
[INFO] Checking unresolved references to org.codehaus.mojo.signature:java16:1.1
[INFO] 
[INFO] --- maven-jar-plugin:2.4:jar (default-jar) @ retrofit ---
[INFO] Building jar: /home/travis/build/square/retrofit/retrofit/target/retrofit-2.0.0-SNAPSHOT.jar
[INFO] 
[INFO] --- maven-checkstyle-plugin:2.15:checkstyle (default) @ retrofit ---
[INFO] Starting audit...
Audit done.
[WARNING] Unable to locate Source XRef to link to - DISABLED
[INFO] 
[INFO] --- maven-install-plugin:2.4:install (default-install) @ retrofit ---
[INFO] Installing /home/travis/build/square/retrofit/retrofit/target/retrofit-2.0.0-SNAPSHOT.jar to /home/travis/.m2/repository/com/squareup/retrofit/retrofit/2.0.0-SNAPSHOT/retrofit-2.0.0-SNAPSHOT.jar
[INFO] Installing /home/travis/build/square/retrofit/retrofit/pom.xml to /home/travis/.m2/repository/com/squareup/retrofit/retrofit/2.0.0-SNAPSHOT/retrofit-2.0.0-SNAPSHOT.pom
[INFO]                                                                         
[INFO] ------------------------------------------------------------------------
[INFO] Building Adapters 2.0.0-SNAPSHOT
[INFO] ------------------------------------------------------------------------
[INFO] 
[INFO] --- maven-enforcer-plugin:1.0:enforce (enforce-maven) @ retrofit-adapters ---
[INFO] 
[INFO] --- animal-sniffer-maven-plugin:1.14:check (default) @ retrofit-adapters ---
[INFO] Checking unresolved references to org.codehaus.mojo.signature:java16:1.1
[INFO] 
[INFO] --- maven-checkstyle-plugin:2.15:checkstyle (default) @ retrofit-adapters ---
[INFO] 
[INFO] --- maven-install-plugin:2.4:install (default-install) @ retrofit-adapters ---
[INFO] Installing /home/travis/build/square/retrofit/retrofit-adapters/pom.xml to /home/travis/.m2/repository/com/squareup/retrofit/retrofit-adapters/2.0.0-SNAPSHOT/retrofit-adapters-2.0.0-SNAPSHOT.pom
[INFO]                                                                         
[INFO] ------------------------------------------------------------------------
[INFO] Building Adapter: RxJava 2.0.0-SNAPSHOT
[INFO] ------------------------------------------------------------------------
[INFO] 
[INFO] --- maven-enforcer-plugin:1.0:enforce (enforce-maven) @ adapter-rxjava ---
[INFO] 
[INFO] --- maven-resources-plugin:2.6:resources (default-resources) @ adapter-rxjava ---
[INFO] Using 'UTF-8' encoding to copy filtered resources.
[INFO] skip non existing resourceDirectory /home/travis/build/square/retrofit/retrofit-adapters/rxjava/src/main/resources
[INFO] 
[INFO] --- maven-compiler-plugin:3.0:compile (default-compile) @ adapter-rxjava ---
[INFO] Changes detected - recompiling the module!
[INFO] Compiling 4 source files to /home/travis/build/square/retrofit/retrofit-adapters/rxjava/target/classes
[INFO] 
[INFO] --- maven-resources-plugin:2.6:testResources (default-testResources) @ adapter-rxjava ---
[INFO] Using 'UTF-8' encoding to copy filtered resources.
[INFO] skip non existing resourceDirectory /home/travis/build/square/retrofit/retrofit-adapters/rxjava/src/test/resources
[INFO] 
[INFO] --- maven-compiler-plugin:3.0:testCompile (default-testCompile) @ adapter-rxjava ---
[INFO] Changes detected - recompiling the module!
[INFO] Compiling 2 source files to /home/travis/build/square/retrofit/retrofit-adapters/rxjava/target/test-classes
[INFO] 
[INFO] --- maven-surefire-plugin:2.12.4:test (default-test) @ adapter-rxjava ---
[INFO] Tests are skipped.
[INFO] 
[INFO] --- animal-sniffer-maven-plugin:1.14:check (default) @ adapter-rxjava ---
[INFO] Checking unresolved references to org.codehaus.mojo.signature:java16:1.1
[INFO] 
[INFO] --- maven-jar-plugin:2.4:jar (default-jar) @ adapter-rxjava ---
[INFO] Building jar: /home/travis/build/square/retrofit/retrofit-adapters/rxjava/target/adapter-rxjava-2.0.0-SNAPSHOT.jar
[INFO] 
[INFO] --- maven-checkstyle-plugin:2.15:checkstyle (default) @ adapter-rxjava ---
[INFO] Starting audit...
Audit done.
[WARNING] Unable to locate Source XRef to link to - DISABLED
[INFO] 
[INFO] --- maven-install-plugin:2.4:install (default-install) @ adapter-rxjava ---
[INFO] Installing /home/travis/build/square/retrofit/retrofit-adapters/rxjava/target/adapter-rxjava-2.0.0-SNAPSHOT.jar to /home/travis/.m2/repository/com/squareup/retrofit/adapter-rxjava/2.0.0-SNAPSHOT/adapter-rxjava-2.0.0-SNAPSHOT.jar
[INFO] Installing /home/travis/build/square/retrofit/retrofit-adapters/rxjava/pom.xml to /home/travis/.m2/repository/com/squareup/retrofit/adapter-rxjava/2.0.0-SNAPSHOT/adapter-rxjava-2.0.0-SNAPSHOT.pom
[INFO]                                                                         
[INFO] ------------------------------------------------------------------------
[INFO] Building Retrofit Mock Adapter 2.0.0-SNAPSHOT
[INFO] ------------------------------------------------------------------------
[INFO] 
[INFO] --- maven-enforcer-plugin:1.0:enforce (enforce-maven) @ retrofit-mock ---
[INFO] 
[INFO] --- maven-resources-plugin:2.6:resources (default-resources) @ retrofit-mock ---
[INFO] Using 'UTF-8' encoding to copy filtered resources.
[INFO] skip non existing resourceDirectory /home/travis/build/square/retrofit/retrofit-mock/src/main/resources
[INFO] 
[INFO] --- maven-compiler-plugin:3.0:compile (default-compile) @ retrofit-mock ---
[INFO] Changes detected - recompiling the module!
[INFO] Compiling 5 source files to /home/travis/build/square/retrofit/retrofit-mock/target/classes
[INFO] 
[INFO] --- maven-resources-plugin:2.6:testResources (default-testResources) @ retrofit-mock ---
[INFO] Using 'UTF-8' encoding to copy filtered resources.
[INFO] skip non existing resourceDirectory /home/travis/build/square/retrofit/retrofit-mock/src/test/resources
[INFO] 
[INFO] --- maven-compiler-plugin:3.0:testCompile (default-testCompile) @ retrofit-mock ---
[INFO] Changes detected - recompiling the module!
[INFO] Compiling 2 source files to /home/travis/build/square/retrofit/retrofit-mock/target/test-classes
[INFO] 
[INFO] --- maven-surefire-plugin:2.12.4:test (default-test) @ retrofit-mock ---
[INFO] Tests are skipped.
[INFO] 
[INFO] --- animal-sniffer-maven-plugin:1.14:check (default) @ retrofit-mock ---
[INFO] Checking unresolved references to org.codehaus.mojo.signature:java16:1.1
[INFO] 
[INFO] --- maven-jar-plugin:2.4:jar (default-jar) @ retrofit-mock ---
[INFO] Building jar: /home/travis/build/square/retrofit/retrofit-mock/target/retrofit-mock-2.0.0-SNAPSHOT.jar
[INFO] 
[INFO] --- maven-checkstyle-plugin:2.15:checkstyle (default) @ retrofit-mock ---
[INFO] Starting audit...
Audit done.
[WARNING] Unable to locate Source XRef to link to - DISABLED
[INFO] 
[INFO] --- maven-install-plugin:2.4:install (default-install) @ retrofit-mock ---
[INFO] Installing /home/travis/build/square/retrofit/retrofit-mock/target/retrofit-mock-2.0.0-SNAPSHOT.jar to /home/travis/.m2/repository/com/squareup/retrofit/retrofit-mock/2.0.0-SNAPSHOT/retrofit-mock-2.0.0-SNAPSHOT.jar
[INFO] Installing /home/travis/build/square/retrofit/retrofit-mock/pom.xml to /home/travis/.m2/repository/com/squareup/retrofit/retrofit-mock/2.0.0-SNAPSHOT/retrofit-mock-2.0.0-SNAPSHOT.pom
[INFO]                                                                         
[INFO] ------------------------------------------------------------------------
[INFO] Building Adapter: RxJava Mock 2.0.0-SNAPSHOT
[INFO] ------------------------------------------------------------------------
[INFO] 
[INFO] --- maven-enforcer-plugin:1.0:enforce (enforce-maven) @ adapter-rxjava-mock ---
[INFO] 
[INFO] --- maven-resources-plugin:2.6:resources (default-resources) @ adapter-rxjava-mock ---
[INFO] Using 'UTF-8' encoding to copy filtered resources.
[INFO] skip non existing resourceDirectory /home/travis/build/square/retrofit/retrofit-adapters/rxjava-mock/src/main/resources
[INFO] 
[INFO] --- maven-compiler-plugin:3.0:compile (default-compile) @ adapter-rxjava-mock ---
[INFO] Changes detected - recompiling the module!
[INFO] Compiling 2 source files to /home/travis/build/square/retrofit/retrofit-adapters/rxjava-mock/target/classes
[INFO] 
[INFO] --- maven-resources-plugin:2.6:testResources (default-testResources) @ adapter-rxjava-mock ---
[INFO] Using 'UTF-8' encoding to copy filtered resources.
[INFO] skip non existing resourceDirectory /home/travis/build/square/retrofit/retrofit-adapters/rxjava-mock/src/test/resources
[INFO] 
[INFO] --- maven-compiler-plugin:3.0:testCompile (default-testCompile) @ adapter-rxjava-mock ---
[INFO] Changes detected - recompiling the module!
[INFO] Compiling 1 source file to /home/travis/build/square/retrofit/retrofit-adapters/rxjava-mock/target/test-classes
[INFO] 
[INFO] --- maven-surefire-plugin:2.12.4:test (default-test) @ adapter-rxjava-mock ---
[INFO] Tests are skipped.
[INFO] 
[INFO] --- animal-sniffer-maven-plugin:1.14:check (default) @ adapter-rxjava-mock ---
[INFO] Checking unresolved references to org.codehaus.mojo.signature:java16:1.1
[INFO] 
[INFO] --- maven-jar-plugin:2.4:jar (default-jar) @ adapter-rxjava-mock ---
[INFO] Building jar: /home/travis/build/square/retrofit/retrofit-adapters/rxjava-mock/target/adapter-rxjava-mock-2.0.0-SNAPSHOT.jar
[INFO] 
[INFO] --- maven-checkstyle-plugin:2.15:checkstyle (default) @ adapter-rxjava-mock ---
[INFO] Starting audit...
Audit done.
[WARNING] Unable to locate Source XRef to link to - DISABLED
[INFO] 
[INFO] --- maven-install-plugin:2.4:install (default-install) @ adapter-rxjava-mock ---
[INFO] Installing /home/travis/build/square/retrofit/retrofit-adapters/rxjava-mock/target/adapter-rxjava-mock-2.0.0-SNAPSHOT.jar to /home/travis/.m2/repository/com/squareup/retrofit/adapter-rxjava-mock/2.0.0-SNAPSHOT/adapter-rxjava-mock-2.0.0-SNAPSHOT.jar
[INFO] Installing /home/travis/build/square/retrofit/retrofit-adapters/rxjava-mock/pom.xml to /home/travis/.m2/repository/com/squareup/retrofit/adapter-rxjava-mock/2.0.0-SNAPSHOT/adapter-rxjava-mock-2.0.0-SNAPSHOT.pom
[INFO]                                                                         
[INFO] ------------------------------------------------------------------------
[INFO] Building Converters 2.0.0-SNAPSHOT
[INFO] ------------------------------------------------------------------------
[INFO] 
[INFO] --- maven-enforcer-plugin:1.0:enforce (enforce-maven) @ retrofit-converters ---
[INFO] 
[INFO] --- animal-sniffer-maven-plugin:1.14:check (default) @ retrofit-converters ---
[INFO] Checking unresolved references to org.codehaus.mojo.signature:java16:1.1
[INFO] 
[INFO] --- maven-checkstyle-plugin:2.15:checkstyle (default) @ retrofit-converters ---
[INFO] 
[INFO] --- maven-install-plugin:2.4:install (default-install) @ retrofit-converters ---
[INFO] Installing /home/travis/build/square/retrofit/retrofit-converters/pom.xml to /home/travis/.m2/repository/com/squareup/retrofit/retrofit-converters/2.0.0-SNAPSHOT/retrofit-converters-2.0.0-SNAPSHOT.pom
[INFO]                                                                         
[INFO] ------------------------------------------------------------------------
[INFO] Building Converter: Gson 2.0.0-SNAPSHOT
[INFO] ------------------------------------------------------------------------
[INFO] 
[INFO] --- maven-enforcer-plugin:1.0:enforce (enforce-maven) @ converter-gson ---
[INFO] 
[INFO] --- maven-resources-plugin:2.6:resources (default-resources) @ converter-gson ---
[INFO] Using 'UTF-8' encoding to copy filtered resources.
[INFO] skip non existing resourceDirectory /home/travis/build/square/retrofit/retrofit-converters/gson/src/main/resources
[INFO] 
[INFO] --- maven-compiler-plugin:3.0:compile (default-compile) @ converter-gson ---
[INFO] Changes detected - recompiling the module!
[INFO] Compiling 3 source files to /home/travis/build/square/retrofit/retrofit-converters/gson/target/classes
[INFO] 
[INFO] --- maven-resources-plugin:2.6:testResources (default-testResources) @ converter-gson ---
[INFO] Using 'UTF-8' encoding to copy filtered resources.
[INFO] skip non existing resourceDirectory /home/travis/build/square/retrofit/retrofit-converters/gson/src/test/resources
[INFO] 
[INFO] --- maven-compiler-plugin:3.0:testCompile (default-testCompile) @ converter-gson ---
[INFO] Changes detected - recompiling the module!
[INFO] Compiling 1 source file to /home/travis/build/square/retrofit/retrofit-converters/gson/target/test-classes
[INFO] 
[INFO] --- maven-surefire-plugin:2.12.4:test (default-test) @ converter-gson ---
[INFO] Tests are skipped.
[INFO] 
[INFO] --- animal-sniffer-maven-plugin:1.14:check (default) @ converter-gson ---
[INFO] Checking unresolved references to org.codehaus.mojo.signature:java16:1.1
[INFO] 
[INFO] --- maven-jar-plugin:2.4:jar (default-jar) @ converter-gson ---
[INFO] Building jar: /home/travis/build/square/retrofit/retrofit-converters/gson/target/converter-gson-2.0.0-SNAPSHOT.jar
[INFO] 
[INFO] --- maven-checkstyle-plugin:2.15:checkstyle (default) @ converter-gson ---
[INFO] Starting audit...
Audit done.
[WARNING] Unable to locate Source XRef to link to - DISABLED
[INFO] 
[INFO] --- maven-install-plugin:2.4:install (default-install) @ converter-gson ---
[INFO] Installing /home/travis/build/square/retrofit/retrofit-converters/gson/target/converter-gson-2.0.0-SNAPSHOT.jar to /home/travis/.m2/repository/com/squareup/retrofit/converter-gson/2.0.0-SNAPSHOT/converter-gson-2.0.0-SNAPSHOT.jar
[INFO] Installing /home/travis/build/square/retrofit/retrofit-converters/gson/pom.xml to /home/travis/.m2/repository/com/squareup/retrofit/converter-gson/2.0.0-SNAPSHOT/converter-gson-2.0.0-SNAPSHOT.pom
[INFO]                                                                         
[INFO] ------------------------------------------------------------------------
[INFO] Building Converter: Protocol Buffers 2.0.0-SNAPSHOT
[INFO] ------------------------------------------------------------------------
[INFO] 
[INFO] --- maven-enforcer-plugin:1.0:enforce (enforce-maven) @ converter-protobuf ---
[INFO] 
[INFO] --- maven-resources-plugin:2.6:resources (default-resources) @ converter-protobuf ---
[INFO] Using 'UTF-8' encoding to copy filtered resources.
[INFO] skip non existing resourceDirectory /home/travis/build/square/retrofit/retrofit-converters/protobuf/src/main/resources
[INFO] 
[INFO] --- maven-compiler-plugin:3.0:compile (default-compile) @ converter-protobuf ---
[INFO] Changes detected - recompiling the module!
[INFO] Compiling 3 source files to /home/travis/build/square/retrofit/retrofit-converters/protobuf/target/classes
[WARNING] /home/travis/build/square/retrofit/retrofit-converters/protobuf/src/main/java/retrofit/ProtoConverterFactory.java: /home/travis/build/square/retrofit/retrofit-converters/protobuf/src/main/java/retrofit/ProtoConverterFactory.java uses unchecked or unsafe operations.
[WARNING] /home/travis/build/square/retrofit/retrofit-converters/protobuf/src/main/java/retrofit/ProtoConverterFactory.java: Recompile with -Xlint:unchecked for details.
[INFO] 
[INFO] --- maven-resources-plugin:2.6:testResources (default-testResources) @ converter-protobuf ---
[INFO] Using 'UTF-8' encoding to copy filtered resources.
[INFO] skip non existing resourceDirectory /home/travis/build/square/retrofit/retrofit-converters/protobuf/src/test/resources
[INFO] 
[INFO] --- maven-compiler-plugin:3.0:testCompile (default-testCompile) @ converter-protobuf ---
[INFO] Changes detected - recompiling the module!
[INFO] Compiling 2 source files to /home/travis/build/square/retrofit/retrofit-converters/protobuf/target/test-classes
[INFO] 
[INFO] --- maven-surefire-plugin:2.12.4:test (default-test) @ converter-protobuf ---
[INFO] Tests are skipped.
[INFO] 
[INFO] --- animal-sniffer-maven-plugin:1.14:check (default) @ converter-protobuf ---
[INFO] Checking unresolved references to org.codehaus.mojo.signature:java16:1.1
[INFO] 
[INFO] --- maven-jar-plugin:2.4:jar (default-jar) @ converter-protobuf ---
[INFO] Building jar: /home/travis/build/square/retrofit/retrofit-converters/protobuf/target/converter-protobuf-2.0.0-SNAPSHOT.jar
[INFO] 
[INFO] --- maven-checkstyle-plugin:2.15:checkstyle (default) @ converter-protobuf ---
[INFO] Starting audit...
Audit done.
[WARNING] Unable to locate Source XRef to link to - DISABLED
[INFO] 
[INFO] --- maven-install-plugin:2.4:install (default-install) @ converter-protobuf ---
[INFO] Installing /home/travis/build/square/retrofit/retrofit-converters/protobuf/target/converter-protobuf-2.0.0-SNAPSHOT.jar to /home/travis/.m2/repository/com/squareup/retrofit/converter-protobuf/2.0.0-SNAPSHOT/converter-protobuf-2.0.0-SNAPSHOT.jar
[INFO] Installing /home/travis/build/square/retrofit/retrofit-converters/protobuf/pom.xml to /home/travis/.m2/repository/com/squareup/retrofit/converter-protobuf/2.0.0-SNAPSHOT/converter-protobuf-2.0.0-SNAPSHOT.pom
[INFO]                                                                         
[INFO] ------------------------------------------------------------------------
[INFO] Building Converter: Jackson 2.0.0-SNAPSHOT
[INFO] ------------------------------------------------------------------------
[INFO] 
[INFO] --- maven-enforcer-plugin:1.0:enforce (enforce-maven) @ converter-jackson ---
[INFO] 
[INFO] --- maven-resources-plugin:2.6:resources (default-resources) @ converter-jackson ---
[INFO] Using 'UTF-8' encoding to copy filtered resources.
[INFO] skip non existing resourceDirectory /home/travis/build/square/retrofit/retrofit-converters/jackson/src/main/resources
[INFO] 
[INFO] --- maven-compiler-plugin:3.0:compile (default-compile) @ converter-jackson ---
[INFO] Changes detected - recompiling the module!
[INFO] Compiling 3 source files to /home/travis/build/square/retrofit/retrofit-converters/jackson/target/classes
[INFO] 
[INFO] --- maven-resources-plugin:2.6:testResources (default-testResources) @ converter-jackson ---
[INFO] Using 'UTF-8' encoding to copy filtered resources.
[INFO] skip non existing resourceDirectory /home/travis/build/square/retrofit/retrofit-converters/jackson/src/test/resources
[INFO] 
[INFO] --- maven-compiler-plugin:3.0:testCompile (default-testCompile) @ converter-jackson ---
[INFO] Changes detected - recompiling the module!
[INFO] Compiling 1 source file to /home/travis/build/square/retrofit/retrofit-converters/jackson/target/test-classes
[INFO] 
[INFO] --- maven-surefire-plugin:2.12.4:test (default-test) @ converter-jackson ---
[INFO] Tests are skipped.
[INFO] 
[INFO] --- animal-sniffer-maven-plugin:1.14:check (default) @ converter-jackson ---
[INFO] Checking unresolved references to org.codehaus.mojo.signature:java16:1.1
[INFO] 
[INFO] --- maven-jar-plugin:2.4:jar (default-jar) @ converter-jackson ---
[INFO] Building jar: /home/travis/build/square/retrofit/retrofit-converters/jackson/target/converter-jackson-2.0.0-SNAPSHOT.jar
[INFO] 
[INFO] --- maven-checkstyle-plugin:2.15:checkstyle (default) @ converter-jackson ---
[INFO] Starting audit...
Audit done.
[WARNING] Unable to locate Source XRef to link to - DISABLED
[INFO] 
[INFO] --- maven-install-plugin:2.4:install (default-install) @ converter-jackson ---
[INFO] Installing /home/travis/build/square/retrofit/retrofit-converters/jackson/target/converter-jackson-2.0.0-SNAPSHOT.jar to /home/travis/.m2/repository/com/squareup/retrofit/converter-jackson/2.0.0-SNAPSHOT/converter-jackson-2.0.0-SNAPSHOT.jar
[INFO] Installing /home/travis/build/square/retrofit/retrofit-converters/jackson/pom.xml to /home/travis/.m2/repository/com/squareup/retrofit/converter-jackson/2.0.0-SNAPSHOT/converter-jackson-2.0.0-SNAPSHOT.pom
[INFO]                                                                         
[INFO] ------------------------------------------------------------------------
[INFO] Building Converter: Wire Protocol Buffers 2.0.0-SNAPSHOT
[INFO] ------------------------------------------------------------------------
[INFO] 
[INFO] --- maven-enforcer-plugin:1.0:enforce (enforce-maven) @ converter-wire ---
[INFO] 
[INFO] --- maven-resources-plugin:2.6:resources (default-resources) @ converter-wire ---
[INFO] Using 'UTF-8' encoding to copy filtered resources.
[INFO] skip non existing resourceDirectory /home/travis/build/square/retrofit/retrofit-converters/wire/src/main/resources
[INFO] 
[INFO] --- maven-compiler-plugin:3.0:compile (default-compile) @ converter-wire ---
[INFO] Changes detected - recompiling the module!
[INFO] Compiling 3 source files to /home/travis/build/square/retrofit/retrofit-converters/wire/target/classes
[WARNING] /home/travis/build/square/retrofit/retrofit-converters/wire/src/main/java/retrofit/WireConverterFactory.java: /home/travis/build/square/retrofit/retrofit-converters/wire/src/main/java/retrofit/WireConverterFactory.java uses unchecked or unsafe operations.
[WARNING] /home/travis/build/square/retrofit/retrofit-converters/wire/src/main/java/retrofit/WireConverterFactory.java: Recompile with -Xlint:unchecked for details.
[INFO] 
[INFO] --- maven-resources-plugin:2.6:testResources (default-testResources) @ converter-wire ---
[INFO] Using 'UTF-8' encoding to copy filtered resources.
[INFO] skip non existing resourceDirectory /home/travis/build/square/retrofit/retrofit-converters/wire/src/test/resources
[INFO] 
[INFO] --- maven-compiler-plugin:3.0:testCompile (default-testCompile) @ converter-wire ---
[INFO] Changes detected - recompiling the module!
[INFO] Compiling 2 source files to /home/travis/build/square/retrofit/retrofit-converters/wire/target/test-classes
[INFO] 
[INFO] --- maven-surefire-plugin:2.12.4:test (default-test) @ converter-wire ---
[INFO] Tests are skipped.
[INFO] 
[INFO] --- animal-sniffer-maven-plugin:1.14:check (default) @ converter-wire ---
[INFO] Checking unresolved references to org.codehaus.mojo.signature:java16:1.1
[INFO] 
[INFO] --- maven-jar-plugin:2.4:jar (default-jar) @ converter-wire ---
[INFO] Building jar: /home/travis/build/square/retrofit/retrofit-converters/wire/target/converter-wire-2.0.0-SNAPSHOT.jar
[INFO] 
[INFO] --- maven-checkstyle-plugin:2.15:checkstyle (default) @ converter-wire ---
[INFO] Starting audit...
Audit done.
[WARNING] Unable to locate Source XRef to link to - DISABLED
[INFO] 
[INFO] --- maven-install-plugin:2.4:install (default-install) @ converter-wire ---
[INFO] Installing /home/travis/build/square/retrofit/retrofit-converters/wire/target/converter-wire-2.0.0-SNAPSHOT.jar to /home/travis/.m2/repository/com/squareup/retrofit/converter-wire/2.0.0-SNAPSHOT/converter-wire-2.0.0-SNAPSHOT.jar
[INFO] Installing /home/travis/build/square/retrofit/retrofit-converters/wire/pom.xml to /home/travis/.m2/repository/com/squareup/retrofit/converter-wire/2.0.0-SNAPSHOT/converter-wire-2.0.0-SNAPSHOT.pom
[INFO]                                                                         
[INFO] ------------------------------------------------------------------------
[INFO] Building Converter: SimpleXML 2.0.0-SNAPSHOT
[INFO] ------------------------------------------------------------------------
[INFO] 
[INFO] --- maven-enforcer-plugin:1.0:enforce (enforce-maven) @ converter-simplexml ---
[INFO] 
[INFO] --- maven-resources-plugin:2.6:resources (default-resources) @ converter-simplexml ---
[INFO] Using 'UTF-8' encoding to copy filtered resources.
[INFO] skip non existing resourceDirectory /home/travis/build/square/retrofit/retrofit-converters/simplexml/src/main/resources
[INFO] 
[INFO] --- maven-compiler-plugin:3.0:compile (default-compile) @ converter-simplexml ---
[INFO] Changes detected - recompiling the module!
[INFO] Compiling 3 source files to /home/travis/build/square/retrofit/retrofit-converters/simplexml/target/classes
[INFO] 
[INFO] --- maven-resources-plugin:2.6:testResources (default-testResources) @ converter-simplexml ---
[INFO] Using 'UTF-8' encoding to copy filtered resources.
[INFO] skip non existing resourceDirectory /home/travis/build/square/retrofit/retrofit-converters/simplexml/src/test/resources
[INFO] 
[INFO] --- maven-compiler-plugin:3.0:testCompile (default-testCompile) @ converter-simplexml ---
[INFO] Changes detected - recompiling the module!
[INFO] Compiling 2 source files to /home/travis/build/square/retrofit/retrofit-converters/simplexml/target/test-classes
[INFO] 
[INFO] --- maven-surefire-plugin:2.12.4:test (default-test) @ converter-simplexml ---
[INFO] Tests are skipped.
[INFO] 
[INFO] --- animal-sniffer-maven-plugin:1.14:check (default) @ converter-simplexml ---
[INFO] Checking unresolved references to org.codehaus.mojo.signature:java16:1.1
[INFO] 
[INFO] --- maven-jar-plugin:2.4:jar (default-jar) @ converter-simplexml ---
[INFO] Building jar: /home/travis/build/square/retrofit/retrofit-converters/simplexml/target/converter-simplexml-2.0.0-SNAPSHOT.jar
[INFO] 
[INFO] --- maven-checkstyle-plugin:2.15:checkstyle (default) @ converter-simplexml ---
[INFO] Starting audit...
Audit done.
[WARNING] Unable to locate Source XRef to link to - DISABLED
[INFO] 
[INFO] --- maven-install-plugin:2.4:install (default-install) @ converter-simplexml ---
[INFO] Installing /home/travis/build/square/retrofit/retrofit-converters/simplexml/target/converter-simplexml-2.0.0-SNAPSHOT.jar to /home/travis/.m2/repository/com/squareup/retrofit/converter-simplexml/2.0.0-SNAPSHOT/converter-simplexml-2.0.0-SNAPSHOT.jar
[INFO] Installing /home/travis/build/square/retrofit/retrofit-converters/simplexml/pom.xml to /home/travis/.m2/repository/com/squareup/retrofit/converter-simplexml/2.0.0-SNAPSHOT/converter-simplexml-2.0.0-SNAPSHOT.pom
[INFO]                                                                         
[INFO] ------------------------------------------------------------------------
[INFO] Building Converter: Moshi 2.0.0-SNAPSHOT
[INFO] ------------------------------------------------------------------------
[INFO] 
[INFO] --- maven-enforcer-plugin:1.0:enforce (enforce-maven) @ converter-moshi ---
[INFO] 
[INFO] --- maven-resources-plugin:2.6:resources (default-resources) @ converter-moshi ---
[INFO] Using 'UTF-8' encoding to copy filtered resources.
[INFO] skip non existing resourceDirectory /home/travis/build/square/retrofit/retrofit-converters/moshi/src/main/resources
[INFO] 
[INFO] --- maven-compiler-plugin:3.0:compile (default-compile) @ converter-moshi ---
[INFO] Changes detected - recompiling the module!
[INFO] Compiling 3 source files to /home/travis/build/square/retrofit/retrofit-converters/moshi/target/classes
[INFO] 
[INFO] --- maven-resources-plugin:2.6:testResources (default-testResources) @ converter-moshi ---
[INFO] Using 'UTF-8' encoding to copy filtered resources.
[INFO] skip non existing resourceDirectory /home/travis/build/square/retrofit/retrofit-converters/moshi/src/test/resources
[INFO] 
[INFO] --- maven-compiler-plugin:3.0:testCompile (default-testCompile) @ converter-moshi ---
[INFO] Changes detected - recompiling the module!
[INFO] Compiling 1 source file to /home/travis/build/square/retrofit/retrofit-converters/moshi/target/test-classes
[INFO] 
[INFO] --- maven-surefire-plugin:2.12.4:test (default-test) @ converter-moshi ---
[INFO] Tests are skipped.
[INFO] 
[INFO] --- animal-sniffer-maven-plugin:1.14:check (default) @ converter-moshi ---
[INFO] Checking unresolved references to org.codehaus.mojo.signature:java16:1.1
[INFO] 
[INFO] --- maven-jar-plugin:2.4:jar (default-jar) @ converter-moshi ---
[INFO] Building jar: /home/travis/build/square/retrofit/retrofit-converters/moshi/target/converter-moshi-2.0.0-SNAPSHOT.jar
[INFO] 
[INFO] --- maven-checkstyle-plugin:2.15:checkstyle (default) @ converter-moshi ---
[INFO] Starting audit...
Audit done.
[WARNING] Unable to locate Source XRef to link to - DISABLED
[INFO] 
[INFO] --- maven-install-plugin:2.4:install (default-install) @ converter-moshi ---
[INFO] Installing /home/travis/build/square/retrofit/retrofit-converters/moshi/target/converter-moshi-2.0.0-SNAPSHOT.jar to /home/travis/.m2/repository/com/squareup/retrofit/converter-moshi/2.0.0-SNAPSHOT/converter-moshi-2.0.0-SNAPSHOT.jar
[INFO] Installing /home/travis/build/square/retrofit/retrofit-converters/moshi/pom.xml to /home/travis/.m2/repository/com/squareup/retrofit/converter-moshi/2.0.0-SNAPSHOT/converter-moshi-2.0.0-SNAPSHOT.pom
[INFO]                                                                         
[INFO] ------------------------------------------------------------------------
[INFO] Building Samples 2.0.0-SNAPSHOT
[INFO] ------------------------------------------------------------------------
[INFO] 
[INFO] --- maven-enforcer-plugin:1.0:enforce (enforce-maven) @ samples ---
[INFO] 
[INFO] --- maven-resources-plugin:2.6:resources (default-resources) @ samples ---
[INFO] Using 'UTF-8' encoding to copy filtered resources.
[INFO] skip non existing resourceDirectory /home/travis/build/square/retrofit/samples/src/main/resources
[INFO] 
[INFO] --- maven-compiler-plugin:3.0:compile (default-compile) @ samples ---
[INFO] Changes detected - recompiling the module!
[INFO] Compiling 5 source files to /home/travis/build/square/retrofit/samples/target/classes
[INFO] 
[INFO] --- maven-resources-plugin:2.6:testResources (default-testResources) @ samples ---
[INFO] Using 'UTF-8' encoding to copy filtered resources.
[INFO] skip non existing resourceDirectory /home/travis/build/square/retrofit/samples/src/test/resources
[INFO] 
[INFO] --- maven-compiler-plugin:3.0:testCompile (default-testCompile) @ samples ---
[INFO] No sources to compile
[INFO] 
[INFO] --- maven-surefire-plugin:2.12.4:test (default-test) @ samples ---
[INFO] Tests are skipped.
[INFO] 
[INFO] --- animal-sniffer-maven-plugin:1.14:check (default) @ samples ---
[INFO] Checking unresolved references to org.codehaus.mojo.signature:java16:1.1
[INFO] 
[INFO] --- maven-jar-plugin:2.4:jar (default-jar) @ samples ---
[INFO] Building jar: /home/travis/build/square/retrofit/samples/target/samples-2.0.0-SNAPSHOT.jar
[INFO] 
[INFO] --- maven-checkstyle-plugin:2.15:checkstyle (default) @ samples ---
[INFO] Starting audit...
Audit done.
[WARNING] Unable to locate Source XRef to link to - DISABLED
[INFO] 
[INFO] --- maven-install-plugin:2.4:install (default-install) @ samples ---
[INFO] Installing /home/travis/build/square/retrofit/samples/target/samples-2.0.0-SNAPSHOT.jar to /home/travis/.m2/repository/com/squareup/retrofit/samples/2.0.0-SNAPSHOT/samples-2.0.0-SNAPSHOT.jar
[INFO] Installing /home/travis/build/square/retrofit/samples/pom.xml to /home/travis/.m2/repository/com/squareup/retrofit/samples/2.0.0-SNAPSHOT/samples-2.0.0-SNAPSHOT.pom
[INFO] ------------------------------------------------------------------------
[INFO] Reactor Summary:
[INFO] 
[INFO] Retrofit (Parent) .................................. SUCCESS [  3.777 s]
[INFO] Retrofit ........................................... SUCCESS [ 17.557 s]
[INFO] Adapters ........................................... SUCCESS [  0.739 s]
[INFO] Adapter: RxJava .................................... SUCCESS [  2.320 s]
[INFO] Retrofit Mock Adapter .............................. SUCCESS [  2.808 s]
[INFO] Adapter: RxJava Mock ............................... SUCCESS [  1.867 s]
[INFO] Converters ......................................... SUCCESS [  0.310 s]
[INFO] Converter: Gson .................................... SUCCESS [  2.325 s]
[INFO] Converter: Protocol Buffers ........................ SUCCESS [  1.741 s]
[INFO] Converter: Jackson ................................. SUCCESS [  1.229 s]
[INFO] Converter: Wire Protocol Buffers ................... SUCCESS [  0.733 s]
[INFO] Converter: SimpleXML ............................... SUCCESS [  0.619 s]
[INFO] Converter: Moshi ................................... SUCCESS [  0.701 s]
[INFO] Samples ............................................ SUCCESS [  1.331 s]
[INFO] ------------------------------------------------------------------------
[INFO] BUILD SUCCESS
[INFO] ------------------------------------------------------------------------
[INFO] Total time: 38.405 s
[INFO] Finished at: 2015-11-19T05:41:02+00:00
[INFO] Final Memory: 39M/469M
[INFO] ------------------------------------------------------------------------
travis_time:end:04363134:start=1447911622131211781,finish=1447911662899357365,duration=40768145584[0Ktravis_fold:end:install[0Ktravis_time:start:0cf42908[0K$ mvn test -B
Java HotSpot(TM) 64-Bit Server VM warning: ignoring option MaxPermSize=192m; support was removed in 8.0
[INFO] Scanning for projects...
[WARNING] 
[WARNING] Some problems were encountered while building the effective model for com.squareup.retrofit:samples:jar:2.0.0-SNAPSHOT
[WARNING] 'build.plugins.plugin.version' for org.apache.maven.plugins:maven-deploy-plugin is missing. @ com.squareup.retrofit:samples:[unknown-version], /home/travis/build/square/retrofit/samples/pom.xml, line 45, column 15
[WARNING] 
[WARNING] It is highly recommended to fix these problems because they threaten the stability of your build.
[WARNING] 
[WARNING] For this reason, future Maven versions might no longer support building such malformed projects.
[WARNING] 
[INFO] ------------------------------------------------------------------------
[INFO] Reactor Build Order:
[INFO] 
[INFO] Retrofit (Parent)
[INFO] Retrofit
[INFO] Adapters
[INFO] Adapter: RxJava
[INFO] Retrofit Mock Adapter
[INFO] Adapter: RxJava Mock
[INFO] Converters
[INFO] Converter: Gson
[INFO] Converter: Protocol Buffers
[INFO] Converter: Jackson
[INFO] Converter: Wire Protocol Buffers
[INFO] Converter: SimpleXML
[INFO] Converter: Moshi
[INFO] Samples
[INFO]                                                                         
[INFO] ------------------------------------------------------------------------
[INFO] Building Retrofit (Parent) 2.0.0-SNAPSHOT
[INFO] ------------------------------------------------------------------------
[INFO] 
[INFO] --- maven-enforcer-plugin:1.0:enforce (enforce-maven) @ parent ---
[INFO] 
[INFO] --- animal-sniffer-maven-plugin:1.14:check (default) @ parent ---
[INFO] Checking unresolved references to org.codehaus.mojo.signature:java16:1.1
[INFO]                                                                         
[INFO] ------------------------------------------------------------------------
[INFO] Building Retrofit 2.0.0-SNAPSHOT
[INFO] ------------------------------------------------------------------------
[INFO] 
[INFO] --- maven-enforcer-plugin:1.0:enforce (enforce-maven) @ retrofit ---
[INFO] 
[INFO] --- maven-resources-plugin:2.6:resources (default-resources) @ retrofit ---
[INFO] Using 'UTF-8' encoding to copy filtered resources.
[INFO] skip non existing resourceDirectory /home/travis/build/square/retrofit/retrofit/src/main/resources
[INFO] 
[INFO] --- maven-compiler-plugin:3.0:compile (default-compile) @ retrofit ---
[INFO] Changes detected - recompiling the module!
[INFO] Compiling 42 source files to /home/travis/build/square/retrofit/retrofit/target/classes
[WARNING] /home/travis/build/square/retrofit/retrofit/src/main/java/retrofit/RequestAction.java: Some input files use unchecked or unsafe operations.
[WARNING] /home/travis/build/square/retrofit/retrofit/src/main/java/retrofit/RequestAction.java: Recompile with -Xlint:unchecked for details.
[INFO] 
[INFO] --- maven-resources-plugin:2.6:testResources (default-testResources) @ retrofit ---
[INFO] Using 'UTF-8' encoding to copy filtered resources.
[INFO] skip non existing resourceDirectory /home/travis/build/square/retrofit/retrofit/src/test/resources
[INFO] 
[INFO] --- maven-compiler-plugin:3.0:testCompile (default-testCompile) @ retrofit ---
[INFO] Changes detected - recompiling the module!
[INFO] Compiling 8 source files to /home/travis/build/square/retrofit/retrofit/target/test-classes
[WARNING] /home/travis/build/square/retrofit/retrofit/src/test/java/retrofit/RetrofitTest.java: /home/travis/build/square/retrofit/retrofit/src/test/java/retrofit/RetrofitTest.java uses unchecked or unsafe operations.
[WARNING] /home/travis/build/square/retrofit/retrofit/src/test/java/retrofit/RetrofitTest.java: Recompile with -Xlint:unchecked for details.
[INFO] 
[INFO] --- maven-surefire-plugin:2.12.4:test (default-test) @ retrofit ---
[INFO] Surefire report directory: /home/travis/build/square/retrofit/retrofit/target/surefire-reports

-------------------------------------------------------
 T E S T S
-------------------------------------------------------
Running retrofit.RequestBuilderTest
Tests run: 99, Failures: 0, Errors: 0, Skipped: 2, Time elapsed: 0.691 sec
Running retrofit.ExecutorCallAdapterFactoryTest
Tests run: 8, Failures: 0, Errors: 0, Skipped: 0, Time elapsed: 0.132 sec
Running retrofit.ResponseTest
Tests run: 12, Failures: 0, Errors: 0, Skipped: 0, Time elapsed: 0.015 sec
Running retrofit.CallTest
Nov 19, 2015 5:41:15 AM com.squareup.okhttp.mockwebserver.MockWebServer$3 execute
INFO: MockWebServer[51425] starting to accept connections
Nov 19, 2015 5:41:15 AM com.squareup.okhttp.mockwebserver.MockWebServer$3 acceptConnections
INFO: MockWebServer[51425] done accepting connections: Socket is closed
Nov 19, 2015 5:41:15 AM com.squareup.okhttp.mockwebserver.MockWebServer$3 execute
INFO: MockWebServer[49235] starting to accept connections
Nov 19, 2015 5:41:15 AM com.squareup.okhttp.mockwebserver.MockWebServer$4 processOneRequest
INFO: MockWebServer[49235] received request: GET / HTTP/1.1 and responded: HTTP/1.1 200 OK
Nov 19, 2015 5:41:15 AM com.squareup.okhttp.mockwebserver.MockWebServer$3 acceptConnections
INFO: MockWebServer[49235] done accepting connections: Socket closed
Nov 19, 2015 5:41:15 AM com.squareup.okhttp.mockwebserver.MockWebServer$3 execute
INFO: MockWebServer[47599] starting to accept connections
Nov 19, 2015 5:41:15 AM com.squareup.okhttp.mockwebserver.MockWebServer$4 processOneRequest
INFO: MockWebServer[47599] received request: GET / HTTP/1.1 and responded: HTTP/1.1 404 OK
Nov 19, 2015 5:41:15 AM com.squareup.okhttp.mockwebserver.MockWebServer$3 acceptConnections
INFO: MockWebServer[47599] done accepting connections: Socket closed
Nov 19, 2015 5:41:15 AM com.squareup.okhttp.mockwebserver.MockWebServer$3 execute
INFO: MockWebServer[49296] starting to accept connections
Nov 19, 2015 5:41:15 AM com.squareup.okhttp.mockwebserver.MockWebServer$3 acceptConnections
INFO: MockWebServer[49296] done accepting connections: Socket is closed
Nov 19, 2015 5:41:15 AM com.squareup.okhttp.mockwebserver.MockWebServer$3 execute
INFO: MockWebServer[42497] starting to accept connections
Nov 19, 2015 5:41:15 AM com.squareup.okhttp.mockwebserver.MockWebServer$3 acceptConnections
INFO: MockWebServer[42497] done accepting connections: Socket closed
Nov 19, 2015 5:41:15 AM com.squareup.okhttp.mockwebserver.MockWebServer$3 execute
INFO: MockWebServer[51654] starting to accept connections
Nov 19, 2015 5:41:15 AM com.squareup.okhttp.mockwebserver.MockWebServer$4 processOneRequest
INFO: MockWebServer[51654] received request: GET / HTTP/1.1 and responded: HTTP/1.1 200 OK
Nov 19, 2015 5:41:15 AM com.squareup.okhttp.mockwebserver.MockWebServer$3 acceptConnections
INFO: MockWebServer[51654] done accepting connections: Socket closed
Nov 19, 2015 5:41:15 AM com.squareup.okhttp.mockwebserver.MockWebServer$3 execute
INFO: MockWebServer[43850] starting to accept connections
Nov 19, 2015 5:41:15 AM com.squareup.okhttp.mockwebserver.MockWebServer$3 acceptConnections
INFO: MockWebServer[43850] done accepting connections: Socket is closed
Nov 19, 2015 5:41:15 AM com.squareup.okhttp.mockwebserver.MockWebServer$3 execute
INFO: MockWebServer[46943] starting to accept connections
Nov 19, 2015 5:41:15 AM com.squareup.okhttp.mockwebserver.MockWebServer$4 processOneRequest
INFO: MockWebServer[46943] received request: GET / HTTP/1.1 and responded: HTTP/1.1 404 OK
Nov 19, 2015 5:41:15 AM com.squareup.okhttp.mockwebserver.MockWebServer$3 acceptConnections
INFO: MockWebServer[46943] done accepting connections: Socket closed
Nov 19, 2015 5:41:15 AM com.squareup.okhttp.mockwebserver.MockWebServer$3 execute
INFO: MockWebServer[58140] starting to accept connections
Nov 19, 2015 5:41:15 AM com.squareup.okhttp.mockwebserver.MockWebServer$4 processOneRequest
INFO: MockWebServer[58140] received request: POST / HTTP/1.1 and responded: HTTP/1.1 200 OK
Nov 19, 2015 5:41:15 AM com.squareup.okhttp.mockwebserver.MockWebServer$3 acceptConnections
INFO: MockWebServer[58140] done accepting connections: Socket closed
Nov 19, 2015 5:41:15 AM com.squareup.okhttp.mockwebserver.MockWebServer$3 execute
INFO: MockWebServer[59630] starting to accept connections
Nov 19, 2015 5:41:15 AM com.squareup.okhttp.mockwebserver.MockWebServer$4 processOneRequest
INFO: MockWebServer[59630] received request: GET / HTTP/1.1 and responded: HTTP/1.1 204 Nothin
Nov 19, 2015 5:41:15 AM com.squareup.okhttp.mockwebserver.MockWebServer$3 acceptConnections
INFO: MockWebServer[59630] done accepting connections: Socket closed
Nov 19, 2015 5:41:15 AM com.squareup.okhttp.mockwebserver.MockWebServer$3 execute
INFO: MockWebServer[36894] starting to accept connections
Nov 19, 2015 5:41:15 AM com.squareup.okhttp.mockwebserver.MockWebServer$4 processOneRequest
INFO: MockWebServer[36894] received request: GET / HTTP/1.1 and responded: HTTP/1.1 200 OK
Nov 19, 2015 5:41:15 AM com.squareup.okhttp.mockwebserver.MockWebServer$3 acceptConnections
INFO: MockWebServer[36894] done accepting connections: Socket closed
Nov 19, 2015 5:41:15 AM com.squareup.okhttp.mockwebserver.MockWebServer$3 execute
INFO: MockWebServer[49161] starting to accept connections
Nov 19, 2015 5:41:15 AM com.squareup.okhttp.mockwebserver.MockWebServer$4 processOneRequest
INFO: MockWebServer[49161] received request: GET / HTTP/1.1 and responded: HTTP/1.1 200 OK
Nov 19, 2015 5:41:15 AM com.squareup.okhttp.mockwebserver.MockWebServer$3 acceptConnections
INFO: MockWebServer[49161] done accepting connections: Socket closed
Nov 19, 2015 5:41:15 AM com.squareup.okhttp.mockwebserver.MockWebServer$3 execute
INFO: MockWebServer[36048] starting to accept connections
Nov 19, 2015 5:41:15 AM com.squareup.okhttp.mockwebserver.MockWebServer$3 acceptConnections
INFO: MockWebServer[36048] done accepting connections: Socket closed
Nov 19, 2015 5:41:15 AM com.squareup.okhttp.mockwebserver.MockWebServer$4 processOneRequest
INFO: MockWebServer[36048] received request: POST / HTTP/1.1 and responded: HTTP/1.1 200 OK
Nov 19, 2015 5:41:15 AM com.squareup.okhttp.mockwebserver.MockWebServer$3 execute
INFO: MockWebServer[54301] starting to accept connections
Nov 19, 2015 5:41:15 AM com.squareup.okhttp.mockwebserver.MockWebServer$3 acceptConnections
INFO: MockWebServer[54301] done accepting connections: Socket is closed
Nov 19, 2015 5:41:15 AM com.squareup.okhttp.mockwebserver.MockWebServer$3 execute
INFO: MockWebServer[43171] starting to accept connections
Nov 19, 2015 5:41:15 AM com.squareup.okhttp.mockwebserver.MockWebServer$3 acceptConnections
INFO: MockWebServer[43171] done accepting connections: Socket closed
Nov 19, 2015 5:41:15 AM com.squareup.okhttp.mockwebserver.MockWebServer$4 processOneRequest
INFO: MockWebServer[43171] received request: GET / HTTP/1.1 and responded: HTTP/1.1 200 OK
Nov 19, 2015 5:41:15 AM com.squareup.okhttp.mockwebserver.MockWebServer$3 execute
INFO: MockWebServer[34533] starting to accept connections
Nov 19, 2015 5:41:15 AM com.squareup.okhttp.mockwebserver.MockWebServer$3 acceptConnections
INFO: MockWebServer[34533] done accepting connections: Socket closed
Nov 19, 2015 5:41:15 AM com.squareup.okhttp.mockwebserver.MockWebServer$4 processOneRequest
INFO: MockWebServer[34533] received request: GET / HTTP/1.1 and responded: HTTP/1.1 200 OK
Nov 19, 2015 5:41:15 AM com.squareup.okhttp.mockwebserver.MockWebServer$3 execute
INFO: MockWebServer[48046] starting to accept connections
Nov 19, 2015 5:41:15 AM com.squareup.okhttp.mockwebserver.MockWebServer$4 processOneRequest
INFO: MockWebServer[48046] received request: GET / HTTP/1.1 and responded: HTTP/1.1 205 Nothin
Nov 19, 2015 5:41:15 AM com.squareup.okhttp.mockwebserver.MockWebServer$3 acceptConnections
INFO: MockWebServer[48046] done accepting connections: Socket closed
Nov 19, 2015 5:41:15 AM com.squareup.okhttp.mockwebserver.MockWebServer$3 execute
INFO: MockWebServer[45804] starting to accept connections
Nov 19, 2015 5:41:15 AM com.squareup.okhttp.mockwebserver.MockWebServer$4 processOneRequest
INFO: MockWebServer[45804] received request: GET / HTTP/1.1 and responded: HTTP/1.1 200 OK
Nov 19, 2015 5:41:15 AM com.squareup.okhttp.mockwebserver.MockWebServer$4 processOneRequest
INFO: MockWebServer[45804] received request: GET / HTTP/1.1 and responded: HTTP/1.1 200 OK
Nov 19, 2015 5:41:15 AM com.squareup.okhttp.mockwebserver.MockWebServer$3 acceptConnections
INFO: MockWebServer[45804] done accepting connections: Socket closed
Nov 19, 2015 5:41:15 AM com.squareup.okhttp.mockwebserver.MockWebServer$3 execute
INFO: MockWebServer[55696] starting to accept connections
Nov 19, 2015 5:41:15 AM com.squareup.okhttp.mockwebserver.MockWebServer$3 acceptConnections
INFO: MockWebServer[55696] done accepting connections: Socket closed
Nov 19, 2015 5:41:15 AM com.squareup.okhttp.mockwebserver.MockWebServer$4 processOneRequest
INFO: MockWebServer[55696] received request: GET / HTTP/1.1 and responded: HTTP/1.1 200 OK
Nov 19, 2015 5:41:15 AM com.squareup.okhttp.mockwebserver.MockWebServer$3 execute
INFO: MockWebServer[58511] starting to accept connections
Nov 19, 2015 5:41:15 AM com.squareup.okhttp.mockwebserver.MockWebServer$3 acceptConnections
INFO: MockWebServer[58511] done accepting connections: Socket is closed
Nov 19, 2015 5:41:15 AM com.squareup.okhttp.mockwebserver.MockWebServer$3 execute
INFO: MockWebServer[51410] starting to accept connections
Nov 19, 2015 5:41:15 AM com.squareup.okhttp.mockwebserver.MockWebServer$3 acceptConnections
INFO: MockWebServer[51410] done accepting connections: Socket closed
Nov 19, 2015 5:41:15 AM com.squareup.okhttp.mockwebserver.MockWebServer$3 execute
INFO: MockWebServer[33319] starting to accept connections
Nov 19, 2015 5:41:15 AM com.squareup.okhttp.mockwebserver.MockWebServer$3 acceptConnections
INFO: MockWebServer[33319] done accepting connections: Socket closed
Nov 19, 2015 5:41:15 AM com.squareup.okhttp.mockwebserver.MockWebServer$4 processOneRequest
INFO: MockWebServer[33319] received request: GET / HTTP/1.1 and responded: HTTP/1.1 200 OK
Nov 19, 2015 5:41:15 AM com.squareup.okhttp.mockwebserver.MockWebServer$3 execute
INFO: MockWebServer[43384] starting to accept connections
Nov 19, 2015 5:41:15 AM com.squareup.okhttp.mockwebserver.MockWebServer$3 acceptConnections
INFO: MockWebServer[43384] done accepting connections: Socket closed
Nov 19, 2015 5:41:15 AM com.squareup.okhttp.mockwebserver.MockWebServer$4 processOneRequest
INFO: MockWebServer[43384] received request: GET / HTTP/1.1 and responded: HTTP/1.1 200 OK
Tests run: 23, Failures: 0, Errors: 0, Skipped: 0, Time elapsed: 0.356 sec
Running retrofit.RequestFactoryParserTest
Tests run: 1, Failures: 0, Errors: 0, Skipped: 0, Time elapsed: 0.012 sec
Running retrofit.RetrofitTest
Nov 19, 2015 5:41:15 AM com.squareup.okhttp.mockwebserver.MockWebServer$3 execute
INFO: MockWebServer[45412] starting to accept connections
Nov 19, 2015 5:41:15 AM com.squareup.okhttp.mockwebserver.MockWebServer$3 acceptConnections
INFO: MockWebServer[45412] done accepting connections: Socket is closed
Nov 19, 2015 5:41:15 AM com.squareup.okhttp.mockwebserver.MockWebServer$3 execute
INFO: MockWebServer[49546] starting to accept connections
Nov 19, 2015 5:41:15 AM com.squareup.okhttp.mockwebserver.MockWebServer$3 acceptConnections
INFO: MockWebServer[49546] done accepting connections: Socket closed
Nov 19, 2015 5:41:15 AM com.squareup.okhttp.mockwebserver.MockWebServer$3 execute
INFO: MockWebServer[60565] starting to accept connections
Nov 19, 2015 5:41:15 AM com.squareup.okhttp.mockwebserver.MockWebServer$3 acceptConnections
INFO: MockWebServer[60565] done accepting connections: Socket is closed
Nov 19, 2015 5:41:15 AM com.squareup.okhttp.mockwebserver.MockWebServer$3 execute
INFO: MockWebServer[53238] starting to accept connections
Nov 19, 2015 5:41:15 AM com.squareup.okhttp.mockwebserver.MockWebServer$3 acceptConnections
INFO: MockWebServer[53238] done accepting connections: Socket is closed
Nov 19, 2015 5:41:15 AM com.squareup.okhttp.mockwebserver.MockWebServer$3 execute
INFO: MockWebServer[36269] starting to accept connections
Nov 19, 2015 5:41:15 AM com.squareup.okhttp.mockwebserver.MockWebServer$3 acceptConnections
INFO: MockWebServer[36269] done accepting connections: Socket is closed
Nov 19, 2015 5:41:15 AM com.squareup.okhttp.mockwebserver.MockWebServer$3 execute
INFO: MockWebServer[40560] starting to accept connections
Nov 19, 2015 5:41:15 AM com.squareup.okhttp.mockwebserver.MockWebServer$3 acceptConnections
INFO: MockWebServer[40560] done accepting connections: Socket is closed
Nov 19, 2015 5:41:15 AM com.squareup.okhttp.mockwebserver.MockWebServer$3 execute
INFO: MockWebServer[33166] starting to accept connections
Nov 19, 2015 5:41:15 AM com.squareup.okhttp.mockwebserver.MockWebServer$3 acceptConnections
INFO: MockWebServer[33166] done accepting connections: Socket is closed
Nov 19, 2015 5:41:15 AM com.squareup.okhttp.mockwebserver.MockWebServer$3 execute
INFO: MockWebServer[42306] starting to accept connections
Nov 19, 2015 5:41:15 AM com.squareup.okhttp.mockwebserver.MockWebServer$3 acceptConnections
INFO: MockWebServer[42306] done accepting connections: Socket closed
Nov 19, 2015 5:41:15 AM com.squareup.okhttp.mockwebserver.MockWebServer$3 execute
INFO: MockWebServer[48124] starting to accept connections
Nov 19, 2015 5:41:15 AM com.squareup.okhttp.mockwebserver.MockWebServer$3 acceptConnections
INFO: MockWebServer[48124] done accepting connections: Socket closed
Nov 19, 2015 5:41:15 AM com.squareup.okhttp.mockwebserver.MockWebServer$3 execute
INFO: MockWebServer[53340] starting to accept connections
Nov 19, 2015 5:41:15 AM com.squareup.okhttp.mockwebserver.MockWebServer$3 acceptConnections
INFO: MockWebServer[53340] done accepting connections: Socket closed
Nov 19, 2015 5:41:15 AM com.squareup.okhttp.mockwebserver.MockWebServer$3 execute
INFO: MockWebServer[48682] starting to accept connections
Nov 19, 2015 5:41:15 AM com.squareup.okhttp.mockwebserver.MockWebServer$3 acceptConnections
INFO: MockWebServer[48682] done accepting connections: Socket closed
Nov 19, 2015 5:41:16 AM com.squareup.okhttp.mockwebserver.MockWebServer$3 execute
INFO: MockWebServer[54327] starting to accept connections
Nov 19, 2015 5:41:16 AM com.squareup.okhttp.mockwebserver.MockWebServer$3 acceptConnections
INFO: MockWebServer[54327] done accepting connections: Socket closed
Nov 19, 2015 5:41:16 AM com.squareup.okhttp.mockwebserver.MockWebServer$4 processOneRequest
INFO: MockWebServer[54327] received request: GET / HTTP/1.1 and responded: HTTP/1.1 200 OK
Nov 19, 2015 5:41:16 AM com.squareup.okhttp.mockwebserver.MockWebServer$3 execute
INFO: MockWebServer[51102] starting to accept connections
Nov 19, 2015 5:41:16 AM com.squareup.okhttp.mockwebserver.MockWebServer$3 acceptConnections
INFO: MockWebServer[51102] done accepting connections: Socket is closed
Nov 19, 2015 5:41:16 AM com.squareup.okhttp.mockwebserver.MockWebServer$3 execute
INFO: MockWebServer[56815] starting to accept connections
Nov 19, 2015 5:41:16 AM com.squareup.okhttp.mockwebserver.MockWebServer$3 acceptConnections
INFO: MockWebServer[56815] done accepting connections: Socket is closed
Nov 19, 2015 5:41:16 AM com.squareup.okhttp.mockwebserver.MockWebServer$3 execute
INFO: MockWebServer[43218] starting to accept connections
Nov 19, 2015 5:41:16 AM com.squareup.okhttp.mockwebserver.MockWebServer$4 processOneRequest
INFO: MockWebServer[43218] received request: GET / HTTP/1.1 and responded: HTTP/1.1 200 OK
Nov 19, 2015 5:41:16 AM com.squareup.okhttp.mockwebserver.MockWebServer$3 acceptConnections
INFO: MockWebServer[43218] done accepting connections: Socket closed
Nov 19, 2015 5:41:16 AM com.squareup.okhttp.mockwebserver.MockWebServer$3 execute
INFO: MockWebServer[49701] starting to accept connections
Nov 19, 2015 5:41:16 AM com.squareup.okhttp.mockwebserver.MockWebServer$3 acceptConnections
INFO: MockWebServer[49701] done accepting connections: Socket is closed
Nov 19, 2015 5:41:16 AM com.squareup.okhttp.mockwebserver.MockWebServer$3 execute
INFO: MockWebServer[38918] starting to accept connections
Nov 19, 2015 5:41:16 AM com.squareup.okhttp.mockwebserver.MockWebServer$3 acceptConnections
INFO: MockWebServer[38918] done accepting connections: Socket closed
Nov 19, 2015 5:41:16 AM com.squareup.okhttp.mockwebserver.MockWebServer$4 processOneRequest
INFO: MockWebServer[38918] received request: POST / HTTP/1.1 and responded: HTTP/1.1 200 OK
Nov 19, 2015 5:41:16 AM com.squareup.okhttp.mockwebserver.MockWebServer$3 execute
INFO: MockWebServer[48394] starting to accept connections
Nov 19, 2015 5:41:16 AM com.squareup.okhttp.mockwebserver.MockWebServer$3 acceptConnections
INFO: MockWebServer[48394] done accepting connections: Socket is closed
Nov 19, 2015 5:41:16 AM com.squareup.okhttp.mockwebserver.MockWebServer$3 execute
INFO: MockWebServer[60046] starting to accept connections
Nov 19, 2015 5:41:16 AM com.squareup.okhttp.mockwebserver.MockWebServer$3 acceptConnections
INFO: MockWebServer[60046] done accepting connections: Socket is closed
Nov 19, 2015 5:41:16 AM com.squareup.okhttp.mockwebserver.MockWebServer$3 execute
INFO: MockWebServer[35213] starting to accept connections
Nov 19, 2015 5:41:16 AM com.squareup.okhttp.mockwebserver.MockWebServer$3 acceptConnections
INFO: MockWebServer[35213] done accepting connections: Socket is closed
Nov 19, 2015 5:41:16 AM com.squareup.okhttp.mockwebserver.MockWebServer$3 execute
INFO: MockWebServer[56921] starting to accept connections
Nov 19, 2015 5:41:16 AM com.squareup.okhttp.mockwebserver.MockWebServer$3 acceptConnections
INFO: MockWebServer[56921] done accepting connections: Socket closed
Nov 19, 2015 5:41:16 AM com.squareup.okhttp.mockwebserver.MockWebServer$3 execute
INFO: MockWebServer[42727] starting to accept connections
Nov 19, 2015 5:41:16 AM com.squareup.okhttp.mockwebserver.MockWebServer$3 acceptConnections
INFO: MockWebServer[42727] done accepting connections: Socket is closed
Nov 19, 2015 5:41:16 AM com.squareup.okhttp.mockwebserver.MockWebServer$3 execute
INFO: MockWebServer[48213] starting to accept connections
Nov 19, 2015 5:41:16 AM com.squareup.okhttp.mockwebserver.MockWebServer$3 acceptConnections
INFO: MockWebServer[48213] done accepting connections: Socket is closed
Nov 19, 2015 5:41:16 AM com.squareup.okhttp.mockwebserver.MockWebServer$3 execute
INFO: MockWebServer[47781] starting to accept connections
Nov 19, 2015 5:41:16 AM com.squareup.okhttp.mockwebserver.MockWebServer$3 acceptConnections
INFO: MockWebServer[47781] done accepting connections: Socket closed
Nov 19, 2015 5:41:16 AM com.squareup.okhttp.mockwebserver.MockWebServer$4 processOneRequest
INFO: MockWebServer[47781] received request: GET / HTTP/1.1 and responded: HTTP/1.1 200 OK
Nov 19, 2015 5:41:16 AM com.squareup.okhttp.mockwebserver.MockWebServer$3 execute
INFO: MockWebServer[44091] starting to accept connections
Nov 19, 2015 5:41:16 AM com.squareup.okhttp.mockwebserver.MockWebServer$3 acceptConnections
INFO: MockWebServer[44091] done accepting connections: Socket is closed
Nov 19, 2015 5:41:16 AM com.squareup.okhttp.mockwebserver.MockWebServer$3 execute
INFO: MockWebServer[52965] starting to accept connections
Nov 19, 2015 5:41:16 AM com.squareup.okhttp.mockwebserver.MockWebServer$3 acceptConnections
INFO: MockWebServer[52965] done accepting connections: Socket is closed
Nov 19, 2015 5:41:16 AM com.squareup.okhttp.mockwebserver.MockWebServer$3 execute
INFO: MockWebServer[52856] starting to accept connections
Nov 19, 2015 5:41:16 AM com.squareup.okhttp.mockwebserver.MockWebServer$3 acceptConnections
INFO: MockWebServer[52856] done accepting connections: Socket is closed
Nov 19, 2015 5:41:16 AM com.squareup.okhttp.mockwebserver.MockWebServer$3 execute
INFO: MockWebServer[40856] starting to accept connections
Nov 19, 2015 5:41:16 AM com.squareup.okhttp.mockwebserver.MockWebServer$3 acceptConnections
INFO: MockWebServer[40856] done accepting connections: Socket is closed
Nov 19, 2015 5:41:16 AM com.squareup.okhttp.mockwebserver.MockWebServer$3 execute
INFO: MockWebServer[52280] starting to accept connections
Nov 19, 2015 5:41:16 AM com.squareup.okhttp.mockwebserver.MockWebServer$3 acceptConnections
INFO: MockWebServer[52280] done accepting connections: Socket is closed
Nov 19, 2015 5:41:16 AM com.squareup.okhttp.mockwebserver.MockWebServer$3 execute
INFO: MockWebServer[60740] starting to accept connections
Nov 19, 2015 5:41:16 AM com.squareup.okhttp.mockwebserver.MockWebServer$3 acceptConnections
INFO: MockWebServer[60740] done accepting connections: Socket is closed
Nov 19, 2015 5:41:16 AM com.squareup.okhttp.mockwebserver.MockWebServer$3 execute
INFO: MockWebServer[45281] starting to accept connections
Nov 19, 2015 5:41:16 AM com.squareup.okhttp.mockwebserver.MockWebServer$3 acceptConnections
INFO: MockWebServer[45281] done accepting connections: Socket closed
Nov 19, 2015 5:41:16 AM com.squareup.okhttp.mockwebserver.MockWebServer$3 execute
INFO: MockWebServer[36026] starting to accept connections
Nov 19, 2015 5:41:16 AM com.squareup.okhttp.mockwebserver.MockWebServer$3 acceptConnections
INFO: MockWebServer[36026] done accepting connections: Socket is closed
Nov 19, 2015 5:41:16 AM com.squareup.okhttp.mockwebserver.MockWebServer$3 execute
INFO: MockWebServer[37010] starting to accept connections
Nov 19, 2015 5:41:16 AM com.squareup.okhttp.mockwebserver.MockWebServer$3 acceptConnections
INFO: MockWebServer[37010] done accepting connections: Socket is closed
Nov 19, 2015 5:41:16 AM com.squareup.okhttp.mockwebserver.MockWebServer$3 execute
INFO: MockWebServer[53543] starting to accept connections
Nov 19, 2015 5:41:16 AM com.squareup.okhttp.mockwebserver.MockWebServer$3 acceptConnections
INFO: MockWebServer[53543] done accepting connections: Socket is closed
Nov 19, 2015 5:41:16 AM com.squareup.okhttp.mockwebserver.MockWebServer$3 execute
INFO: MockWebServer[57590] starting to accept connections
Nov 19, 2015 5:41:16 AM com.squareup.okhttp.mockwebserver.MockWebServer$3 acceptConnections
INFO: MockWebServer[57590] done accepting connections: Socket closed
Nov 19, 2015 5:41:16 AM com.squareup.okhttp.mockwebserver.MockWebServer$3 execute
INFO: MockWebServer[35171] starting to accept connections
Nov 19, 2015 5:41:16 AM com.squareup.okhttp.mockwebserver.MockWebServer$3 acceptConnections
INFO: MockWebServer[35171] done accepting connections: Socket closed
Nov 19, 2015 5:41:16 AM com.squareup.okhttp.mockwebserver.MockWebServer$3 execute
INFO: MockWebServer[39816] starting to accept connections
Nov 19, 2015 5:41:16 AM com.squareup.okhttp.mockwebserver.MockWebServer$3 acceptConnections
INFO: MockWebServer[39816] done accepting connections: Socket is closed
Nov 19, 2015 5:41:16 AM com.squareup.okhttp.mockwebserver.MockWebServer$3 execute
INFO: MockWebServer[43130] starting to accept connections
Nov 19, 2015 5:41:16 AM com.squareup.okhttp.mockwebserver.MockWebServer$3 acceptConnections
INFO: MockWebServer[43130] done accepting connections: Socket is closed
Nov 19, 2015 5:41:16 AM com.squareup.okhttp.mockwebserver.MockWebServer$3 execute
INFO: MockWebServer[45401] starting to accept connections
Nov 19, 2015 5:41:16 AM com.squareup.okhttp.mockwebserver.MockWebServer$3 acceptConnections
INFO: MockWebServer[45401] done accepting connections: Socket is closed
Nov 19, 2015 5:41:16 AM com.squareup.okhttp.mockwebserver.MockWebServer$3 execute
INFO: MockWebServer[43010] starting to accept connections
Nov 19, 2015 5:41:16 AM com.squareup.okhttp.mockwebserver.MockWebServer$3 acceptConnections
INFO: MockWebServer[43010] done accepting connections: Socket is closed
Nov 19, 2015 5:41:16 AM com.squareup.okhttp.mockwebserver.MockWebServer$3 execute
INFO: MockWebServer[38172] starting to accept connections
Nov 19, 2015 5:41:16 AM com.squareup.okhttp.mockwebserver.MockWebServer$3 acceptConnections
INFO: MockWebServer[38172] done accepting connections: Socket is closed
Nov 19, 2015 5:41:16 AM com.squareup.okhttp.mockwebserver.MockWebServer$3 execute
INFO: MockWebServer[42807] starting to accept connections
Nov 19, 2015 5:41:16 AM com.squareup.okhttp.mockwebserver.MockWebServer$3 acceptConnections
INFO: MockWebServer[42807] done accepting connections: Socket is closed
Nov 19, 2015 5:41:16 AM com.squareup.okhttp.mockwebserver.MockWebServer$3 execute
INFO: MockWebServer[45943] starting to accept connections
Nov 19, 2015 5:41:16 AM com.squareup.okhttp.mockwebserver.MockWebServer$3 acceptConnections
INFO: MockWebServer[45943] done accepting connections: Socket closed
Nov 19, 2015 5:41:16 AM com.squareup.okhttp.mockwebserver.MockWebServer$3 execute
INFO: MockWebServer[57625] starting to accept connections
Nov 19, 2015 5:41:16 AM com.squareup.okhttp.mockwebserver.MockWebServer$3 acceptConnections
INFO: MockWebServer[57625] done accepting connections: Socket closed
Nov 19, 2015 5:41:16 AM com.squareup.okhttp.mockwebserver.MockWebServer$3 execute
INFO: MockWebServer[54995] starting to accept connections
Nov 19, 2015 5:41:16 AM com.squareup.okhttp.mockwebserver.MockWebServer$3 acceptConnections
INFO: MockWebServer[54995] done accepting connections: Socket is closed
Nov 19, 2015 5:41:16 AM com.squareup.okhttp.mockwebserver.MockWebServer$3 execute
INFO: MockWebServer[53630] starting to accept connections
Nov 19, 2015 5:41:16 AM com.squareup.okhttp.mockwebserver.MockWebServer$3 acceptConnections
INFO: MockWebServer[53630] done accepting connections: Socket closed
Nov 19, 2015 5:41:16 AM com.squareup.okhttp.mockwebserver.MockWebServer$3 execute
INFO: MockWebServer[36513] starting to accept connections
Nov 19, 2015 5:41:16 AM com.squareup.okhttp.mockwebserver.MockWebServer$3 acceptConnections
INFO: MockWebServer[36513] done accepting connections: Socket is closed
Nov 19, 2015 5:41:16 AM com.squareup.okhttp.mockwebserver.MockWebServer$3 execute
INFO: MockWebServer[47196] starting to accept connections
Nov 19, 2015 5:41:16 AM com.squareup.okhttp.mockwebserver.MockWebServer$3 acceptConnections
INFO: MockWebServer[47196] done accepting connections: Socket is closed
Nov 19, 2015 5:41:16 AM com.squareup.okhttp.mockwebserver.MockWebServer$3 execute
INFO: MockWebServer[52546] starting to accept connections
Nov 19, 2015 5:41:16 AM com.squareup.okhttp.mockwebserver.MockWebServer$3 acceptConnections
INFO: MockWebServer[52546] done accepting connections: Socket is closed
Nov 19, 2015 5:41:16 AM com.squareup.okhttp.mockwebserver.MockWebServer$3 execute
INFO: MockWebServer[50986] starting to accept connections
Nov 19, 2015 5:41:16 AM com.squareup.okhttp.mockwebserver.MockWebServer$3 acceptConnections
INFO: MockWebServer[50986] done accepting connections: Socket is closed
Nov 19, 2015 5:41:16 AM com.squareup.okhttp.mockwebserver.MockWebServer$3 execute
INFO: MockWebServer[51611] starting to accept connections
Nov 19, 2015 5:41:16 AM com.squareup.okhttp.mockwebserver.MockWebServer$3 acceptConnections
INFO: MockWebServer[51611] done accepting connections: Socket is closed
Nov 19, 2015 5:41:16 AM com.squareup.okhttp.mockwebserver.MockWebServer$3 execute
INFO: MockWebServer[38099] starting to accept connections
Nov 19, 2015 5:41:16 AM com.squareup.okhttp.mockwebserver.MockWebServer$3 acceptConnections
INFO: MockWebServer[38099] done accepting connections: Socket is closed
Nov 19, 2015 5:41:16 AM com.squareup.okhttp.mockwebserver.MockWebServer$3 execute
INFO: MockWebServer[44765] starting to accept connections
Nov 19, 2015 5:41:16 AM com.squareup.okhttp.mockwebserver.MockWebServer$3 acceptConnections
INFO: MockWebServer[44765] done accepting connections: Socket is closed
Nov 19, 2015 5:41:16 AM com.squareup.okhttp.mockwebserver.MockWebServer$3 execute
INFO: MockWebServer[50582] starting to accept connections
Nov 19, 2015 5:41:16 AM com.squareup.okhttp.mockwebserver.MockWebServer$3 acceptConnections
INFO: MockWebServer[50582] done accepting connections: Socket closed
Nov 19, 2015 5:41:16 AM com.squareup.okhttp.mockwebserver.MockWebServer$3 execute
INFO: MockWebServer[40166] starting to accept connections
Nov 19, 2015 5:41:16 AM com.squareup.okhttp.mockwebserver.MockWebServer$3 acceptConnections
INFO: MockWebServer[40166] done accepting connections: Socket is closed
Tests run: 55, Failures: 0, Errors: 0, Skipped: 0, Time elapsed: 0.487 sec

Results :

Tests run: 198, Failures: 0, Errors: 0, Skipped: 2

[INFO] 
[INFO] --- animal-sniffer-maven-plugin:1.14:check (default) @ retrofit ---
[INFO] Checking unresolved references to org.codehaus.mojo.signature:java16:1.1
[INFO]                                                                         
[INFO] ------------------------------------------------------------------------
[INFO] Building Adapters 2.0.0-SNAPSHOT
[INFO] ------------------------------------------------------------------------
[INFO] 
[INFO] --- maven-enforcer-plugin:1.0:enforce (enforce-maven) @ retrofit-adapters ---
[INFO] 
[INFO] --- animal-sniffer-maven-plugin:1.14:check (default) @ retrofit-adapters ---
[INFO] Checking unresolved references to org.codehaus.mojo.signature:java16:1.1
[INFO]                                                                         
[INFO] ------------------------------------------------------------------------
[INFO] Building Adapter: RxJava 2.0.0-SNAPSHOT
[INFO] ------------------------------------------------------------------------
[INFO] 
[INFO] --- maven-enforcer-plugin:1.0:enforce (enforce-maven) @ adapter-rxjava ---
[INFO] 
[INFO] --- maven-resources-plugin:2.6:resources (default-resources) @ adapter-rxjava ---
[INFO] Using 'UTF-8' encoding to copy filtered resources.
[INFO] skip non existing resourceDirectory /home/travis/build/square/retrofit/retrofit-adapters/rxjava/src/main/resources
[INFO] 
[INFO] --- maven-compiler-plugin:3.0:compile (default-compile) @ adapter-rxjava ---
[INFO] Changes detected - recompiling the module!
[INFO] Compiling 4 source files to /home/travis/build/square/retrofit/retrofit-adapters/rxjava/target/classes
[INFO] 
[INFO] --- maven-resources-plugin:2.6:testResources (default-testResources) @ adapter-rxjava ---
[INFO] Using 'UTF-8' encoding to copy filtered resources.
[INFO] skip non existing resourceDirectory /home/travis/build/square/retrofit/retrofit-adapters/rxjava/src/test/resources
[INFO] 
[INFO] --- maven-compiler-plugin:3.0:testCompile (default-testCompile) @ adapter-rxjava ---
[INFO] Changes detected - recompiling the module!
[INFO] Compiling 2 source files to /home/travis/build/square/retrofit/retrofit-adapters/rxjava/target/test-classes
[INFO] 
[INFO] --- maven-surefire-plugin:2.12.4:test (default-test) @ adapter-rxjava ---
[INFO] Surefire report directory: /home/travis/build/square/retrofit/retrofit-adapters/rxjava/target/surefire-reports

-------------------------------------------------------
 T E S T S
-------------------------------------------------------
Running retrofit.ResultTest
Tests run: 4, Failures: 0, Errors: 0, Skipped: 0, Time elapsed: 0.159 sec
Running retrofit.RxJavaCallAdapterFactoryTest
Nov 19, 2015 5:41:18 AM com.squareup.okhttp.mockwebserver.MockWebServer$3 execute
INFO: MockWebServer[46286] starting to accept connections
Nov 19, 2015 5:41:18 AM com.squareup.okhttp.mockwebserver.MockWebServer$4 processConnection
WARNING: MockWebServer[46286] connection from /127.0.0.1 didn't make a request
Nov 19, 2015 5:41:18 AM com.squareup.okhttp.mockwebserver.MockWebServer$3 acceptConnections
INFO: MockWebServer[46286] done accepting connections: Socket closed
Nov 19, 2015 5:41:18 AM com.squareup.okhttp.mockwebserver.MockWebServer$3 execute
INFO: MockWebServer[50271] starting to accept connections
Nov 19, 2015 5:41:18 AM com.squareup.okhttp.mockwebserver.MockWebServer$4 processOneRequest
INFO: MockWebServer[50271] received request: GET / HTTP/1.1 and responded: HTTP/1.1 200 OK
Nov 19, 2015 5:41:18 AM com.squareup.okhttp.mockwebserver.MockWebServer$3 acceptConnections
INFO: MockWebServer[50271] done accepting connections: Socket closed
Nov 19, 2015 5:41:18 AM com.squareup.okhttp.mockwebserver.MockWebServer$3 execute
INFO: MockWebServer[59967] starting to accept connections
Nov 19, 2015 5:41:18 AM com.squareup.okhttp.mockwebserver.MockWebServer$4 processOneRequest
INFO: MockWebServer[59967] received request: GET / HTTP/1.1 and responded: HTTP/1.1 404 OK
Nov 19, 2015 5:41:18 AM com.squareup.okhttp.mockwebserver.MockWebServer$3 acceptConnections
INFO: MockWebServer[59967] done accepting connections: Socket closed
Nov 19, 2015 5:41:18 AM com.squareup.okhttp.mockwebserver.MockWebServer$3 execute
INFO: MockWebServer[44696] starting to accept connections
Nov 19, 2015 5:41:18 AM com.squareup.okhttp.mockwebserver.MockWebServer$3 acceptConnections
INFO: MockWebServer[44696] done accepting connections: Socket closed
Nov 19, 2015 5:41:18 AM com.squareup.okhttp.mockwebserver.MockWebServer$3 execute
INFO: MockWebServer[57015] starting to accept connections
Nov 19, 2015 5:41:18 AM com.squareup.okhttp.mockwebserver.MockWebServer$3 acceptConnections
INFO: MockWebServer[57015] done accepting connections: Socket closed
Nov 19, 2015 5:41:18 AM com.squareup.okhttp.mockwebserver.MockWebServer$3 execute
INFO: MockWebServer[56027] starting to accept connections
Nov 19, 2015 5:41:18 AM com.squareup.okhttp.mockwebserver.MockWebServer$4 processConnection
WARNING: MockWebServer[56027] connection from /127.0.0.1 didn't make a request
Nov 19, 2015 5:41:18 AM com.squareup.okhttp.mockwebserver.MockWebServer$3 acceptConnections
INFO: MockWebServer[56027] done accepting connections: Socket closed
Nov 19, 2015 5:41:18 AM com.squareup.okhttp.mockwebserver.MockWebServer$3 execute
INFO: MockWebServer[54888] starting to accept connections
Nov 19, 2015 5:41:18 AM com.squareup.okhttp.mockwebserver.MockWebServer$4 processOneRequest
INFO: MockWebServer[54888] received request: GET / HTTP/1.1 and responded: HTTP/1.1 200 OK
Nov 19, 2015 5:41:18 AM com.squareup.okhttp.mockwebserver.MockWebServer$3 acceptConnections
INFO: MockWebServer[54888] done accepting connections: Socket closed
Nov 19, 2015 5:41:18 AM com.squareup.okhttp.mockwebserver.MockWebServer$3 execute
INFO: MockWebServer[52602] starting to accept connections
Nov 19, 2015 5:41:18 AM com.squareup.okhttp.mockwebserver.MockWebServer$4 processOneRequest
INFO: MockWebServer[52602] received request: GET / HTTP/1.1 and responded: HTTP/1.1 404 OK
Nov 19, 2015 5:41:18 AM com.squareup.okhttp.mockwebserver.MockWebServer$3 acceptConnections
INFO: MockWebServer[52602] done accepting connections: Socket closed
Nov 19, 2015 5:41:18 AM com.squareup.okhttp.mockwebserver.MockWebServer$3 execute
INFO: MockWebServer[57480] starting to accept connections
Nov 19, 2015 5:41:18 AM com.squareup.okhttp.mockwebserver.MockWebServer$3 acceptConnections
INFO: MockWebServer[57480] done accepting connections: Socket is closed
Nov 19, 2015 5:41:18 AM com.squareup.okhttp.mockwebserver.MockWebServer$3 execute
INFO: MockWebServer[52549] starting to accept connections
Nov 19, 2015 5:41:18 AM com.squareup.okhttp.mockwebserver.MockWebServer$4 processConnection
WARNING: MockWebServer[52549] connection from /127.0.0.1 didn't make a request
Nov 19, 2015 5:41:18 AM com.squareup.okhttp.mockwebserver.MockWebServer$3 acceptConnections
INFO: MockWebServer[52549] done accepting connections: Socket closed
Nov 19, 2015 5:41:19 AM com.squareup.okhttp.mockwebserver.MockWebServer$3 execute
INFO: MockWebServer[51716] starting to accept connections
Nov 19, 2015 5:41:19 AM com.squareup.okhttp.mockwebserver.MockWebServer$3 acceptConnections
INFO: MockWebServer[51716] done accepting connections: Socket is closed
Nov 19, 2015 5:41:19 AM com.squareup.okhttp.mockwebserver.MockWebServer$3 execute
INFO: MockWebServer[56965] starting to accept connections
Nov 19, 2015 5:41:19 AM com.squareup.okhttp.mockwebserver.MockWebServer$3 acceptConnections
INFO: MockWebServer[56965] done accepting connections: Socket is closed
Nov 19, 2015 5:41:19 AM com.squareup.okhttp.mockwebserver.MockWebServer$3 execute
INFO: MockWebServer[57190] starting to accept connections
Nov 19, 2015 5:41:19 AM com.squareup.okhttp.mockwebserver.MockWebServer$4 processOneRequest
INFO: MockWebServer[57190] received request: GET / HTTP/1.1 and responded: HTTP/1.1 200 OK
Nov 19, 2015 5:41:19 AM com.squareup.okhttp.mockwebserver.MockWebServer$3 acceptConnections
INFO: MockWebServer[57190] done accepting connections: Socket closed
Nov 19, 2015 5:41:19 AM com.squareup.okhttp.mockwebserver.MockWebServer$3 execute
INFO: MockWebServer[32773] starting to accept connections
Nov 19, 2015 5:41:19 AM com.squareup.okhttp.mockwebserver.MockWebServer$4 processOneRequest
INFO: MockWebServer[32773] received request: GET / HTTP/1.1 and responded: HTTP/1.1 404 OK
Nov 19, 2015 5:41:19 AM com.squareup.okhttp.mockwebserver.MockWebServer$3 acceptConnections
INFO: MockWebServer[32773] done accepting connections: Socket closed
Nov 19, 2015 5:41:19 AM com.squareup.okhttp.mockwebserver.MockWebServer$3 execute
INFO: MockWebServer[45592] starting to accept connections
Nov 19, 2015 5:41:19 AM com.squareup.okhttp.mockwebserver.MockWebServer$3 acceptConnections
INFO: MockWebServer[45592] done accepting connections: Socket is closed
Tests run: 15, Failures: 0, Errors: 0, Skipped: 0, Time elapsed: 0.489 sec

Results :

Tests run: 19, Failures: 0, Errors: 0, Skipped: 0

[INFO] 
[INFO] --- animal-sniffer-maven-plugin:1.14:check (default) @ adapter-rxjava ---
[INFO] Checking unresolved references to org.codehaus.mojo.signature:java16:1.1
[INFO]                                                                         
[INFO] ------------------------------------------------------------------------
[INFO] Building Retrofit Mock Adapter 2.0.0-SNAPSHOT
[INFO] ------------------------------------------------------------------------
[INFO] 
[INFO] --- maven-enforcer-plugin:1.0:enforce (enforce-maven) @ retrofit-mock ---
[INFO] 
[INFO] --- maven-resources-plugin:2.6:resources (default-resources) @ retrofit-mock ---
[INFO] Using 'UTF-8' encoding to copy filtered resources.
[INFO] skip non existing resourceDirectory /home/travis/build/square/retrofit/retrofit-mock/src/main/resources
[INFO] 
[INFO] --- maven-compiler-plugin:3.0:compile (default-compile) @ retrofit-mock ---
[INFO] Changes detected - recompiling the module!
[INFO] Compiling 5 source files to /home/travis/build/square/retrofit/retrofit-mock/target/classes
[INFO] 
[INFO] --- maven-resources-plugin:2.6:testResources (default-testResources) @ retrofit-mock ---
[INFO] Using 'UTF-8' encoding to copy filtered resources.
[INFO] skip non existing resourceDirectory /home/travis/build/square/retrofit/retrofit-mock/src/test/resources
[INFO] 
[INFO] --- maven-compiler-plugin:3.0:testCompile (default-testCompile) @ retrofit-mock ---
[INFO] Changes detected - recompiling the module!
[INFO] Compiling 2 source files to /home/travis/build/square/retrofit/retrofit-mock/target/test-classes
[INFO] 
[INFO] --- maven-surefire-plugin:2.12.4:test (default-test) @ retrofit-mock ---
[INFO] Surefire report directory: /home/travis/build/square/retrofit/retrofit-mock/target/surefire-reports

-------------------------------------------------------
 T E S T S
-------------------------------------------------------
Running retrofit.MockRetrofitTest
Tests run: 10, Failures: 0, Errors: 0, Skipped: 0, Time elapsed: 1.018 sec
Running retrofit.NetworkBehaviorTest
Tests run: 5, Failures: 0, Errors: 0, Skipped: 0, Time elapsed: 0.045 sec

Results :

Tests run: 15, Failures: 0, Errors: 0, Skipped: 0

[INFO] 
[INFO] --- animal-sniffer-maven-plugin:1.14:check (default) @ retrofit-mock ---
[INFO] Checking unresolved references to org.codehaus.mojo.signature:java16:1.1
[INFO]                                                                         
[INFO] ------------------------------------------------------------------------
[INFO] Building Adapter: RxJava Mock 2.0.0-SNAPSHOT
[INFO] ------------------------------------------------------------------------
[INFO] 
[INFO] --- maven-enforcer-plugin:1.0:enforce (enforce-maven) @ adapter-rxjava-mock ---
[INFO] 
[INFO] --- maven-resources-plugin:2.6:resources (default-resources) @ adapter-rxjava-mock ---
[INFO] Using 'UTF-8' encoding to copy filtered resources.
[INFO] skip non existing resourceDirectory /home/travis/build/square/retrofit/retrofit-adapters/rxjava-mock/src/main/resources
[INFO] 
[INFO] --- maven-compiler-plugin:3.0:compile (default-compile) @ adapter-rxjava-mock ---
[INFO] Changes detected - recompiling the module!
[INFO] Compiling 2 source files to /home/travis/build/square/retrofit/retrofit-adapters/rxjava-mock/target/classes
[INFO] 
[INFO] --- maven-resources-plugin:2.6:testResources (default-testResources) @ adapter-rxjava-mock ---
[INFO] Using 'UTF-8' encoding to copy filtered resources.
[INFO] skip non existing resourceDirectory /home/travis/build/square/retrofit/retrofit-adapters/rxjava-mock/src/test/resources
[INFO] 
[INFO] --- maven-compiler-plugin:3.0:testCompile (default-testCompile) @ adapter-rxjava-mock ---
[INFO] Changes detected - recompiling the module!
[INFO] Compiling 1 source file to /home/travis/build/square/retrofit/retrofit-adapters/rxjava-mock/target/test-classes
[INFO] 
[INFO] --- maven-surefire-plugin:2.12.4:test (default-test) @ adapter-rxjava-mock ---
[INFO] Surefire report directory: /home/travis/build/square/retrofit/retrofit-adapters/rxjava-mock/target/surefire-reports

-------------------------------------------------------
 T E S T S
-------------------------------------------------------
Running retrofit.mock.RxJavaBehaviorAdapterTest
Tests run: 4, Failures: 0, Errors: 0, Skipped: 0, Time elapsed: 0.645 sec

Results :

Tests run: 4, Failures: 0, Errors: 0, Skipped: 0

[INFO] 
[INFO] --- animal-sniffer-maven-plugin:1.14:check (default) @ adapter-rxjava-mock ---
[INFO] Checking unresolved references to org.codehaus.mojo.signature:java16:1.1
[INFO]                                                                         
[INFO] ------------------------------------------------------------------------
[INFO] Building Converters 2.0.0-SNAPSHOT
[INFO] ------------------------------------------------------------------------
[INFO] 
[INFO] --- maven-enforcer-plugin:1.0:enforce (enforce-maven) @ retrofit-converters ---
[INFO] 
[INFO] --- animal-sniffer-maven-plugin:1.14:check (default) @ retrofit-converters ---
[INFO] Checking unresolved references to org.codehaus.mojo.signature:java16:1.1
[INFO]                                                                         
[INFO] ------------------------------------------------------------------------
[INFO] Building Converter: Gson 2.0.0-SNAPSHOT
[INFO] ------------------------------------------------------------------------
[INFO] 
[INFO] --- maven-enforcer-plugin:1.0:enforce (enforce-maven) @ converter-gson ---
[INFO] 
[INFO] --- maven-resources-plugin:2.6:resources (default-resources) @ converter-gson ---
[INFO] Using 'UTF-8' encoding to copy filtered resources.
[INFO] skip non existing resourceDirectory /home/travis/build/square/retrofit/retrofit-converters/gson/src/main/resources
[INFO] 
[INFO] --- maven-compiler-plugin:3.0:compile (default-compile) @ converter-gson ---
[INFO] Changes detected - recompiling the module!
[INFO] Compiling 3 source files to /home/travis/build/square/retrofit/retrofit-converters/gson/target/classes
[INFO] 
[INFO] --- maven-resources-plugin:2.6:testResources (default-testResources) @ converter-gson ---
[INFO] Using 'UTF-8' encoding to copy filtered resources.
[INFO] skip non existing resourceDirectory /home/travis/build/square/retrofit/retrofit-converters/gson/src/test/resources
[INFO] 
[INFO] --- maven-compiler-plugin:3.0:testCompile (default-testCompile) @ converter-gson ---
[INFO] Changes detected - recompiling the module!
[INFO] Compiling 1 source file to /home/travis/build/square/retrofit/retrofit-converters/gson/target/test-classes
[INFO] 
[INFO] --- maven-surefire-plugin:2.12.4:test (default-test) @ converter-gson ---
[INFO] Surefire report directory: /home/travis/build/square/retrofit/retrofit-converters/gson/target/surefire-reports

-------------------------------------------------------
 T E S T S
-------------------------------------------------------
Running retrofit.GsonConverterFactoryTest
Nov 19, 2015 5:41:23 AM com.squareup.okhttp.mockwebserver.MockWebServer$3 execute
INFO: MockWebServer[48114] starting to accept connections
Nov 19, 2015 5:41:23 AM com.squareup.okhttp.mockwebserver.MockWebServer$4 processOneRequest
INFO: MockWebServer[48114] received request: POST / HTTP/1.1 and responded: HTTP/1.1 200 OK
Nov 19, 2015 5:41:23 AM com.squareup.okhttp.mockwebserver.MockWebServer$3 acceptConnections
INFO: MockWebServer[48114] done accepting connections: Socket closed
Nov 19, 2015 5:41:23 AM com.squareup.okhttp.mockwebserver.MockWebServer$3 execute
INFO: MockWebServer[53635] starting to accept connections
Nov 19, 2015 5:41:23 AM com.squareup.okhttp.mockwebserver.MockWebServer$4 processOneRequest
INFO: MockWebServer[53635] received request: POST / HTTP/1.1 and responded: HTTP/1.1 200 OK
Nov 19, 2015 5:41:23 AM com.squareup.okhttp.mockwebserver.MockWebServer$3 acceptConnections
INFO: MockWebServer[53635] done accepting connections: Socket closed
Nov 19, 2015 5:41:23 AM com.squareup.okhttp.mockwebserver.MockWebServer$3 execute
INFO: MockWebServer[48528] starting to accept connections
Nov 19, 2015 5:41:23 AM com.squareup.okhttp.mockwebserver.MockWebServer$4 processOneRequest
INFO: MockWebServer[48528] received request: POST / HTTP/1.1 and responded: HTTP/1.1 200 OK
Nov 19, 2015 5:41:23 AM com.squareup.okhttp.mockwebserver.MockWebServer$3 acceptConnections
INFO: MockWebServer[48528] done accepting connections: Socket closed
Tests run: 3, Failures: 0, Errors: 0, Skipped: 0, Time elapsed: 0.665 sec

Results :

Tests run: 3, Failures: 0, Errors: 0, Skipped: 0

[INFO] 
[INFO] --- animal-sniffer-maven-plugin:1.14:check (default) @ converter-gson ---
[INFO] Checking unresolved references to org.codehaus.mojo.signature:java16:1.1
[INFO]                                                                         
[INFO] ------------------------------------------------------------------------
[INFO] Building Converter: Protocol Buffers 2.0.0-SNAPSHOT
[INFO] ------------------------------------------------------------------------
[INFO] 
[INFO] --- maven-enforcer-plugin:1.0:enforce (enforce-maven) @ converter-protobuf ---
[INFO] 
[INFO] --- maven-resources-plugin:2.6:resources (default-resources) @ converter-protobuf ---
[INFO] Using 'UTF-8' encoding to copy filtered resources.
[INFO] skip non existing resourceDirectory /home/travis/build/square/retrofit/retrofit-converters/protobuf/src/main/resources
[INFO] 
[INFO] --- maven-compiler-plugin:3.0:compile (default-compile) @ converter-protobuf ---
[INFO] Changes detected - recompiling the module!
[INFO] Compiling 3 source files to /home/travis/build/square/retrofit/retrofit-converters/protobuf/target/classes
[WARNING] /home/travis/build/square/retrofit/retrofit-converters/protobuf/src/main/java/retrofit/ProtoConverterFactory.java: /home/travis/build/square/retrofit/retrofit-converters/protobuf/src/main/java/retrofit/ProtoConverterFactory.java uses unchecked or unsafe operations.
[WARNING] /home/travis/build/square/retrofit/retrofit-converters/protobuf/src/main/java/retrofit/ProtoConverterFactory.java: Recompile with -Xlint:unchecked for details.
[INFO] 
[INFO] --- maven-resources-plugin:2.6:testResources (default-testResources) @ converter-protobuf ---
[INFO] Using 'UTF-8' encoding to copy filtered resources.
[INFO] skip non existing resourceDirectory /home/travis/build/square/retrofit/retrofit-converters/protobuf/src/test/resources
[INFO] 
[INFO] --- maven-compiler-plugin:3.0:testCompile (default-testCompile) @ converter-protobuf ---
[INFO] Changes detected - recompiling the module!
[INFO] Compiling 2 source files to /home/travis/build/square/retrofit/retrofit-converters/protobuf/target/test-classes
[INFO] 
[INFO] --- maven-surefire-plugin:2.12.4:test (default-test) @ converter-protobuf ---
[INFO] Surefire report directory: /home/travis/build/square/retrofit/retrofit-converters/protobuf/target/surefire-reports

-------------------------------------------------------
 T E S T S
-------------------------------------------------------
Running retrofit.ProtoConverterFactoryTest
Nov 19, 2015 5:41:24 AM com.squareup.okhttp.mockwebserver.MockWebServer$3 execute
INFO: MockWebServer[57815] starting to accept connections
Nov 19, 2015 5:41:25 AM com.squareup.okhttp.mockwebserver.MockWebServer$4 processOneRequest
INFO: MockWebServer[57815] received request: POST / HTTP/1.1 and responded: HTTP/1.1 200 OK
Nov 19, 2015 5:41:25 AM com.squareup.okhttp.mockwebserver.MockWebServer$3 acceptConnections
INFO: MockWebServer[57815] done accepting connections: Socket closed
Nov 19, 2015 5:41:25 AM com.squareup.okhttp.mockwebserver.MockWebServer$3 execute
INFO: MockWebServer[43610] starting to accept connections
Nov 19, 2015 5:41:25 AM com.squareup.okhttp.mockwebserver.MockWebServer$3 acceptConnections
INFO: MockWebServer[43610] done accepting connections: Socket closed
Nov 19, 2015 5:41:25 AM com.squareup.okhttp.mockwebserver.MockWebServer$3 execute
INFO: MockWebServer[49542] starting to accept connections
Nov 19, 2015 5:41:25 AM com.squareup.okhttp.mockwebserver.MockWebServer$4 processOneRequest
INFO: MockWebServer[49542] received request: GET / HTTP/1.1 and responded: HTTP/1.1 200 OK
Nov 19, 2015 5:41:25 AM com.squareup.okhttp.mockwebserver.MockWebServer$3 acceptConnections
INFO: MockWebServer[49542] done accepting connections: Socket closed
Nov 19, 2015 5:41:25 AM com.squareup.okhttp.mockwebserver.MockWebServer$3 execute
INFO: MockWebServer[41121] starting to accept connections
Nov 19, 2015 5:41:25 AM com.squareup.okhttp.mockwebserver.MockWebServer$3 acceptConnections
INFO: MockWebServer[41121] done accepting connections: Socket is closed
Nov 19, 2015 5:41:25 AM com.squareup.okhttp.mockwebserver.MockWebServer$3 execute
INFO: MockWebServer[42422] starting to accept connections
Nov 19, 2015 5:41:25 AM com.squareup.okhttp.mockwebserver.MockWebServer$4 processOneRequest
INFO: MockWebServer[42422] received request: GET / HTTP/1.1 and responded: HTTP/1.1 200 OK
Nov 19, 2015 5:41:25 AM com.squareup.okhttp.mockwebserver.MockWebServer$3 acceptConnections
INFO: MockWebServer[42422] done accepting connections: Socket closed
Tests run: 5, Failures: 0, Errors: 0, Skipped: 0, Time elapsed: 0.572 sec

Results :

Tests run: 5, Failures: 0, Errors: 0, Skipped: 0

[INFO] 
[INFO] --- animal-sniffer-maven-plugin:1.14:check (default) @ converter-protobuf ---
[INFO] Checking unresolved references to org.codehaus.mojo.signature:java16:1.1
[INFO]                                                                         
[INFO] ------------------------------------------------------------------------
[INFO] Building Converter: Jackson 2.0.0-SNAPSHOT
[INFO] ------------------------------------------------------------------------
[INFO] 
[INFO] --- maven-enforcer-plugin:1.0:enforce (enforce-maven) @ converter-jackson ---
[INFO] 
[INFO] --- maven-resources-plugin:2.6:resources (default-resources) @ converter-jackson ---
[INFO] Using 'UTF-8' encoding to copy filtered resources.
[INFO] skip non existing resourceDirectory /home/travis/build/square/retrofit/retrofit-converters/jackson/src/main/resources
[INFO] 
[INFO] --- maven-compiler-plugin:3.0:compile (default-compile) @ converter-jackson ---
[INFO] Changes detected - recompiling the module!
[INFO] Compiling 3 source files to /home/travis/build/square/retrofit/retrofit-converters/jackson/target/classes
[INFO] 
[INFO] --- maven-resources-plugin:2.6:testResources (default-testResources) @ converter-jackson ---
[INFO] Using 'UTF-8' encoding to copy filtered resources.
[INFO] skip non existing resourceDirectory /home/travis/build/square/retrofit/retrofit-converters/jackson/src/test/resources
[INFO] 
[INFO] --- maven-compiler-plugin:3.0:testCompile (default-testCompile) @ converter-jackson ---
[INFO] Changes detected - recompiling the module!
[INFO] Compiling 1 source file to /home/travis/build/square/retrofit/retrofit-converters/jackson/target/test-classes
[INFO] 
[INFO] --- maven-surefire-plugin:2.12.4:test (default-test) @ converter-jackson ---
[INFO] Surefire report directory: /home/travis/build/square/retrofit/retrofit-converters/jackson/target/surefire-reports

-------------------------------------------------------
 T E S T S
-------------------------------------------------------
Running retrofit.JacksonConverterFactoryTest
Nov 19, 2015 5:41:26 AM com.squareup.okhttp.mockwebserver.MockWebServer$3 execute
INFO: MockWebServer[60646] starting to accept connections
Nov 19, 2015 5:41:26 AM com.squareup.okhttp.mockwebserver.MockWebServer$4 processOneRequest
INFO: MockWebServer[60646] received request: POST / HTTP/1.1 and responded: HTTP/1.1 200 OK
Nov 19, 2015 5:41:26 AM com.squareup.okhttp.mockwebserver.MockWebServer$3 acceptConnections
INFO: MockWebServer[60646] done accepting connections: Socket closed
Nov 19, 2015 5:41:26 AM com.squareup.okhttp.mockwebserver.MockWebServer$3 execute
INFO: MockWebServer[43477] starting to accept connections
Nov 19, 2015 5:41:26 AM com.squareup.okhttp.mockwebserver.MockWebServer$4 processOneRequest
INFO: MockWebServer[43477] received request: POST / HTTP/1.1 and responded: HTTP/1.1 200 OK
Nov 19, 2015 5:41:26 AM com.squareup.okhttp.mockwebserver.MockWebServer$3 acceptConnections
INFO: MockWebServer[43477] done accepting connections: Socket closed
Tests run: 2, Failures: 0, Errors: 0, Skipped: 0, Time elapsed: 0.699 sec

Results :

Tests run: 2, Failures: 0, Errors: 0, Skipped: 0

[INFO] 
[INFO] --- animal-sniffer-maven-plugin:1.14:check (default) @ converter-jackson ---
[INFO] Checking unresolved references to org.codehaus.mojo.signature:java16:1.1
[INFO]                                                                         
[INFO] ------------------------------------------------------------------------
[INFO] Building Converter: Wire Protocol Buffers 2.0.0-SNAPSHOT
[INFO] ------------------------------------------------------------------------
[INFO] 
[INFO] --- maven-enforcer-plugin:1.0:enforce (enforce-maven) @ converter-wire ---
[INFO] 
[INFO] --- maven-resources-plugin:2.6:resources (default-resources) @ converter-wire ---
[INFO] Using 'UTF-8' encoding to copy filtered resources.
[INFO] skip non existing resourceDirectory /home/travis/build/square/retrofit/retrofit-converters/wire/src/main/resources
[INFO] 
[INFO] --- maven-compiler-plugin:3.0:compile (default-compile) @ converter-wire ---
[INFO] Changes detected - recompiling the module!
[INFO] Compiling 3 source files to /home/travis/build/square/retrofit/retrofit-converters/wire/target/classes
[WARNING] /home/travis/build/square/retrofit/retrofit-converters/wire/src/main/java/retrofit/WireConverterFactory.java: /home/travis/build/square/retrofit/retrofit-converters/wire/src/main/java/retrofit/WireConverterFactory.java uses unchecked or unsafe operations.
[WARNING] /home/travis/build/square/retrofit/retrofit-converters/wire/src/main/java/retrofit/WireConverterFactory.java: Recompile with -Xlint:unchecked for details.
[INFO] 
[INFO] --- maven-resources-plugin:2.6:testResources (default-testResources) @ converter-wire ---
[INFO] Using 'UTF-8' encoding to copy filtered resources.
[INFO] skip non existing resourceDirectory /home/travis/build/square/retrofit/retrofit-converters/wire/src/test/resources
[INFO] 
[INFO] --- maven-compiler-plugin:3.0:testCompile (default-testCompile) @ converter-wire ---
[INFO] Changes detected - recompiling the module!
[INFO] Compiling 2 source files to /home/travis/build/square/retrofit/retrofit-converters/wire/target/test-classes
[INFO] 
[INFO] --- maven-surefire-plugin:2.12.4:test (default-test) @ converter-wire ---
[INFO] Surefire report directory: /home/travis/build/square/retrofit/retrofit-converters/wire/target/surefire-reports

-------------------------------------------------------
 T E S T S
-------------------------------------------------------
Running retrofit.WireConverterFactoryTest
Nov 19, 2015 5:41:27 AM com.squareup.okhttp.mockwebserver.MockWebServer$3 execute
INFO: MockWebServer[33478] starting to accept connections
Nov 19, 2015 5:41:28 AM com.squareup.okhttp.mockwebserver.MockWebServer$4 processOneRequest
INFO: MockWebServer[33478] received request: POST / HTTP/1.1 and responded: HTTP/1.1 200 OK
Nov 19, 2015 5:41:28 AM com.squareup.okhttp.mockwebserver.MockWebServer$3 acceptConnections
INFO: MockWebServer[33478] done accepting connections: Socket closed
Nov 19, 2015 5:41:28 AM com.squareup.okhttp.mockwebserver.MockWebServer$3 execute
INFO: MockWebServer[53009] starting to accept connections
Nov 19, 2015 5:41:28 AM com.squareup.okhttp.mockwebserver.MockWebServer$3 acceptConnections
INFO: MockWebServer[53009] done accepting connections: Socket closed
Nov 19, 2015 5:41:28 AM com.squareup.okhttp.mockwebserver.MockWebServer$3 execute
INFO: MockWebServer[44955] starting to accept connections
Nov 19, 2015 5:41:28 AM com.squareup.okhttp.mockwebserver.MockWebServer$4 processOneRequest
INFO: MockWebServer[44955] received request: GET / HTTP/1.1 and responded: HTTP/1.1 200 OK
Nov 19, 2015 5:41:28 AM com.squareup.okhttp.mockwebserver.MockWebServer$3 acceptConnections
INFO: MockWebServer[44955] done accepting connections: Socket closed
Nov 19, 2015 5:41:28 AM com.squareup.okhttp.mockwebserver.MockWebServer$3 execute
INFO: MockWebServer[44527] starting to accept connections
Nov 19, 2015 5:41:28 AM com.squareup.okhttp.mockwebserver.MockWebServer$3 acceptConnections
INFO: MockWebServer[44527] done accepting connections: Socket is closed
Nov 19, 2015 5:41:28 AM com.squareup.okhttp.mockwebserver.MockWebServer$3 execute
INFO: MockWebServer[40855] starting to accept connections
Nov 19, 2015 5:41:28 AM com.squareup.okhttp.mockwebserver.MockWebServer$4 processOneRequest
INFO: MockWebServer[40855] received request: GET / HTTP/1.1 and responded: HTTP/1.1 200 OK
Nov 19, 2015 5:41:28 AM com.squareup.okhttp.mockwebserver.MockWebServer$3 acceptConnections
INFO: MockWebServer[40855] done accepting connections: Socket closed
Tests run: 5, Failures: 0, Errors: 0, Skipped: 0, Time elapsed: 1.009 sec

Results :

Tests run: 5, Failures: 0, Errors: 0, Skipped: 0

[INFO] 
[INFO] --- animal-sniffer-maven-plugin:1.14:check (default) @ converter-wire ---
[INFO] Checking unresolved references to org.codehaus.mojo.signature:java16:1.1
[INFO]                                                                         
[INFO] ------------------------------------------------------------------------
[INFO] Building Converter: SimpleXML 2.0.0-SNAPSHOT
[INFO] ------------------------------------------------------------------------
[INFO] 
[INFO] --- maven-enforcer-plugin:1.0:enforce (enforce-maven) @ converter-simplexml ---
[INFO] 
[INFO] --- maven-resources-plugin:2.6:resources (default-resources) @ converter-simplexml ---
[INFO] Using 'UTF-8' encoding to copy filtered resources.
[INFO] skip non existing resourceDirectory /home/travis/build/square/retrofit/retrofit-converters/simplexml/src/main/resources
[INFO] 
[INFO] --- maven-compiler-plugin:3.0:compile (default-compile) @ converter-simplexml ---
[INFO] Changes detected - recompiling the module!
[INFO] Compiling 3 source files to /home/travis/build/square/retrofit/retrofit-converters/simplexml/target/classes
[INFO] 
[INFO] --- maven-resources-plugin:2.6:testResources (default-testResources) @ converter-simplexml ---
[INFO] Using 'UTF-8' encoding to copy filtered resources.
[INFO] skip non existing resourceDirectory /home/travis/build/square/retrofit/retrofit-converters/simplexml/src/test/resources
[INFO] 
[INFO] --- maven-compiler-plugin:3.0:testCompile (default-testCompile) @ converter-simplexml ---
[INFO] Changes detected - recompiling the module!
[INFO] Compiling 2 source files to /home/travis/build/square/retrofit/retrofit-converters/simplexml/target/test-classes
[INFO] 
[INFO] --- maven-surefire-plugin:2.12.4:test (default-test) @ converter-simplexml ---
[INFO] Surefire report directory: /home/travis/build/square/retrofit/retrofit-converters/simplexml/target/surefire-reports

-------------------------------------------------------
 T E S T S
-------------------------------------------------------
Running retrofit.SimpleXmlConverterFactoryTest
Nov 19, 2015 5:41:29 AM com.squareup.okhttp.mockwebserver.MockWebServer$3 execute
INFO: MockWebServer[38890] starting to accept connections
Nov 19, 2015 5:41:30 AM com.squareup.okhttp.mockwebserver.MockWebServer$4 processOneRequest
INFO: MockWebServer[38890] received request: GET / HTTP/1.1 and responded: HTTP/1.1 200 OK
Nov 19, 2015 5:41:30 AM com.squareup.okhttp.mockwebserver.MockWebServer$3 acceptConnections
INFO: MockWebServer[38890] done accepting connections: Socket closed
Nov 19, 2015 5:41:30 AM com.squareup.okhttp.mockwebserver.MockWebServer$3 execute
INFO: MockWebServer[59679] starting to accept connections
Nov 19, 2015 5:41:30 AM com.squareup.okhttp.mockwebserver.MockWebServer$4 processOneRequest
INFO: MockWebServer[59679] received request: GET / HTTP/1.1 and responded: HTTP/1.1 200 OK
Nov 19, 2015 5:41:30 AM com.squareup.okhttp.mockwebserver.MockWebServer$3 acceptConnections
INFO: MockWebServer[59679] done accepting connections: Socket closed
Nov 19, 2015 5:41:30 AM com.squareup.okhttp.mockwebserver.MockWebServer$3 execute
INFO: MockWebServer[48239] starting to accept connections
Nov 19, 2015 5:41:30 AM com.squareup.okhttp.mockwebserver.MockWebServer$4 processOneRequest
INFO: MockWebServer[48239] received request: POST / HTTP/1.1 and responded: HTTP/1.1 200 OK
Nov 19, 2015 5:41:30 AM com.squareup.okhttp.mockwebserver.MockWebServer$3 acceptConnections
INFO: MockWebServer[48239] done accepting connections: Socket closed
Tests run: 3, Failures: 0, Errors: 0, Skipped: 0, Time elapsed: 1.106 sec

Results :

Tests run: 3, Failures: 0, Errors: 0, Skipped: 0

[INFO] 
[INFO] --- animal-sniffer-maven-plugin:1.14:check (default) @ converter-simplexml ---
[INFO] Checking unresolved references to org.codehaus.mojo.signature:java16:1.1
[INFO]                                                                         
[INFO] ------------------------------------------------------------------------
[INFO] Building Converter: Moshi 2.0.0-SNAPSHOT
[INFO] ------------------------------------------------------------------------
[INFO] 
[INFO] --- maven-enforcer-plugin:1.0:enforce (enforce-maven) @ converter-moshi ---
[INFO] 
[INFO] --- maven-resources-plugin:2.6:resources (default-resources) @ converter-moshi ---
[INFO] Using 'UTF-8' encoding to copy filtered resources.
[INFO] skip non existing resourceDirectory /home/travis/build/square/retrofit/retrofit-converters/moshi/src/main/resources
[INFO] 
[INFO] --- maven-compiler-plugin:3.0:compile (default-compile) @ converter-moshi ---
[INFO] Changes detected - recompiling the module!
[INFO] Compiling 3 source files to /home/travis/build/square/retrofit/retrofit-converters/moshi/target/classes
[INFO] 
[INFO] --- maven-resources-plugin:2.6:testResources (default-testResources) @ converter-moshi ---
[INFO] Using 'UTF-8' encoding to copy filtered resources.
[INFO] skip non existing resourceDirectory /home/travis/build/square/retrofit/retrofit-converters/moshi/src/test/resources
[INFO] 
[INFO] --- maven-compiler-plugin:3.0:testCompile (default-testCompile) @ converter-moshi ---
[INFO] Changes detected - recompiling the module!
[INFO] Compiling 1 source file to /home/travis/build/square/retrofit/retrofit-converters/moshi/target/test-classes
[INFO] 
[INFO] --- maven-surefire-plugin:2.12.4:test (default-test) @ converter-moshi ---
[INFO] Surefire report directory: /home/travis/build/square/retrofit/retrofit-converters/moshi/target/surefire-reports

-------------------------------------------------------
 T E S T S
-------------------------------------------------------
Running retrofit.MoshiConverterFactoryTest
Nov 19, 2015 5:41:31 AM com.squareup.okhttp.mockwebserver.MockWebServer$3 execute
INFO: MockWebServer[50850] starting to accept connections
Nov 19, 2015 5:41:32 AM com.squareup.okhttp.mockwebserver.MockWebServer$4 processOneRequest
INFO: MockWebServer[50850] received request: POST / HTTP/1.1 and responded: HTTP/1.1 200 OK
Nov 19, 2015 5:41:32 AM com.squareup.okhttp.mockwebserver.MockWebServer$3 acceptConnections
INFO: MockWebServer[50850] done accepting connections: Socket closed
Nov 19, 2015 5:41:32 AM com.squareup.okhttp.mockwebserver.MockWebServer$3 execute
INFO: MockWebServer[51432] starting to accept connections
Nov 19, 2015 5:41:32 AM com.squareup.okhttp.mockwebserver.MockWebServer$3 acceptConnections
INFO: MockWebServer[51432] done accepting connections: Socket closed
Nov 19, 2015 5:41:32 AM com.squareup.okhttp.mockwebserver.MockWebServer$4 processOneRequest
INFO: MockWebServer[51432] received request: POST / HTTP/1.1 and responded: HTTP/1.1 200 OK
Tests run: 2, Failures: 0, Errors: 0, Skipped: 0, Time elapsed: 0.993 sec

Results :

Tests run: 2, Failures: 0, Errors: 0, Skipped: 0

[INFO] 
[INFO] --- animal-sniffer-maven-plugin:1.14:check (default) @ converter-moshi ---
[INFO] Checking unresolved references to org.codehaus.mojo.signature:java16:1.1
[INFO]                                                                         
[INFO] ------------------------------------------------------------------------
[INFO] Building Samples 2.0.0-SNAPSHOT
[INFO] ------------------------------------------------------------------------
[INFO] 
[INFO] --- maven-enforcer-plugin:1.0:enforce (enforce-maven) @ samples ---
[INFO] 
[INFO] --- maven-resources-plugin:2.6:resources (default-resources) @ samples ---
[INFO] Using 'UTF-8' encoding to copy filtered resources.
[INFO] skip non existing resourceDirectory /home/travis/build/square/retrofit/samples/src/main/resources
[INFO] 
[INFO] --- maven-compiler-plugin:3.0:compile (default-compile) @ samples ---
[INFO] Changes detected - recompiling the module!
[INFO] Compiling 5 source files to /home/travis/build/square/retrofit/samples/target/classes
[INFO] 
[INFO] --- maven-resources-plugin:2.6:testResources (default-testResources) @ samples ---
[INFO] Using 'UTF-8' encoding to copy filtered resources.
[INFO] skip non existing resourceDirectory /home/travis/build/square/retrofit/samples/src/test/resources
[INFO] 
[INFO] --- maven-compiler-plugin:3.0:testCompile (default-testCompile) @ samples ---
[INFO] No sources to compile
[INFO] 
[INFO] --- maven-surefire-plugin:2.12.4:test (default-test) @ samples ---
[INFO] No tests to run.
[INFO] 
[INFO] --- animal-sniffer-maven-plugin:1.14:check (default) @ samples ---
[INFO] Checking unresolved references to org.codehaus.mojo.signature:java16:1.1
[INFO] ------------------------------------------------------------------------
[INFO] Reactor Summary:
[INFO] 
[INFO] Retrofit (Parent) .................................. SUCCESS [  1.725 s]
[INFO] Retrofit ........................................... SUCCESS [ 10.574 s]
[INFO] Adapters ........................................... SUCCESS [  0.340 s]
[INFO] Adapter: RxJava .................................... SUCCESS [  1.730 s]
[INFO] Retrofit Mock Adapter .............................. SUCCESS [  1.784 s]
[INFO] Adapter: RxJava Mock ............................... SUCCESS [  1.382 s]
[INFO] Converters ......................................... SUCCESS [  0.152 s]
[INFO] Converter: Gson .................................... SUCCESS [  1.499 s]
[INFO] Converter: Protocol Buffers ........................ SUCCESS [  1.310 s]
[INFO] Converter: Jackson ................................. SUCCESS [  1.678 s]
[INFO] Converter: Wire Protocol Buffers ................... SUCCESS [  1.717 s]
[INFO] Converter: SimpleXML ............................... SUCCESS [  2.035 s]
[INFO] Converter: Moshi ................................... SUCCESS [  1.990 s]
[INFO] Samples ............................................ SUCCESS [  1.284 s]
[INFO] ------------------------------------------------------------------------
[INFO] BUILD SUCCESS
[INFO] ------------------------------------------------------------------------
[INFO] Total time: 29.635 s
[INFO] Finished at: 2015-11-19T05:41:34+00:00
[INFO] Final Memory: 43M/329M
[INFO] ------------------------------------------------------------------------
travis_time:end:0cf42908:start=1447911662903386624,finish=1447911705020904167,duration=42117517543[0K
[32;1mThe command "mvn test -B" exited with 0.[0m
travis_fold:start:cache.2[0Kstore build cache
travis_time:start:0e259504[0Ktravis_time:end:0e259504:start=1447911705026575414,finish=1447911705033341891,duration=6766477[0Ktravis_time:start:02c645b2[0Kchange detected:
/home/travis/.m2/repository/com/squareup/retrofit/adapter-rxjava/2.0.0-SNAPSHOT/adapter-rxjava-2.0.0-SNAPSHOT.jar
/home/travis/.m2/repository/com/squareup/retrofit/adapter-rxjava/2.0.0-SNAPSHOT/adapter-rxjava-2.0.0-SNAPSHOT.jar
/home/travis/.m2/repository/com/squareup/retrofit/adapter-rxjava/2.0.0-SNAPSHOT/maven-metadata-local.xml
/home/travis/.m2/repository/com/squareup/retrofit/adapter-rxjava/2.0.0-SNAPSHOT/maven-metadata-local.xml
/home/travis/.m2/repository/com/squareup/retrofit/adapter-rxjava/2.0.0-SNAPSHOT/_remote.repositories
/home/travis/.m2/repository/com/squareup/retrofit/adapter-rxjava/2.0.0-SNAPSHOT/_remote.repositories
/home/travis/.m2/repository/com/squareup/retrofit/adapter-rxjava/maven-metadata-local.xml
/home/travis/.m2/repository/com/squareup/retrofit/adapter-rxjava/maven-metadata-local.xml
/home/travis/.m2/repository/com/squareup/retrofit/adapter-rxjava-mock/2.0.0-SNAPSHOT/adapter-rxjava-mock-2.0.0-SNAPSHOT.jar
/home/travis/.m2/repository/com/squareup/retrofit/adapter
...
changes detected, packing new archive
uploading archive
travis_time:end:02c645b2:start=1447911705038391435,finish=1447911709727865350,duration=4689473915[0Ktravis_fold:end:cache.2[0Ktravis_fold:start:after_success[0Ktravis_time:start:18ca9620[0K$ .buildscript/deploy_snapshot.sh
Skipping snapshot deployment: was pull request.
travis_time:end:18ca9620:start=1447911709733877201,finish=1447911709740557166,duration=6679965[0Ktravis_fold:end:after_success[0K
Done. Your build exited with 0.
