Using worker: worker-linux-docker-463e49bf.prod.travis-ci.org:travis-linux-6

travis_fold:start:system_info[0K[33;1mBuild system information[0m
Build language: java
Build group: stable
Build dist: precise
[34m[1mBuild image provisioning date and time[0m
Thu Feb  5 15:09:33 UTC 2015
[34m[1mOperating System Details[0m
Distributor ID:	Ubuntu
Description:	Ubuntu 12.04.5 LTS
Release:	12.04
Codename:	precise
[34m[1mLinux Version[0m
3.13.0-29-generic
[34m[1mCookbooks Version[0m
a68419e https://github.com/travis-ci/travis-cookbooks/tree/a68419e
[34m[1mGCC version[0m
gcc (Ubuntu/Linaro 4.6.3-1ubuntu5) 4.6.3
Copyright (C) 2011 Free Software Foundation, Inc.
This is free software; see the source for copying conditions.  There is NO
warranty; not even for MERCHANTABILITY or FITNESS FOR A PARTICULAR PURPOSE.

[34m[1mLLVM version[0m
clang version 3.4 (tags/RELEASE_34/final)
Target: x86_64-unknown-linux-gnu
Thread model: posix
[34m[1mPre-installed Ruby versions[0m
ruby-1.9.3-p551
[34m[1mPre-installed Node.js versions[0m
v0.10.36
[34m[1mPre-installed Go versions[0m
1.4.1
[34m[1mRedis version[0m
redis-server 2.8.19
[34m[1mriak version[0m
2.0.2
[34m[1mMongoDB version[0m
MongoDB 2.4.12
[34m[1mCouchDB version[0m
couchdb 1.6.1
[34m[1mNeo4j version[0m
1.9.4
[34m[1mRabbitMQ Version[0m
3.4.3
[34m[1mElasticSearch version[0m
1.4.0
[34m[1mInstalled Sphinx versions[0m
2.0.10
2.1.9
2.2.6
[34m[1mDefault Sphinx version[0m
2.2.6
[34m[1mInstalled Firefox version[0m
firefox 31.0esr
[34m[1mPhantomJS version[0m
1.9.8
[34m[1mant -version[0m
Apache Ant(TM) version 1.8.2 compiled on December 3 2011
[34m[1mmvn -version[0m
Apache Maven 3.2.5 (12a6b3acb947671f09b81f49094c53f426d8cea1; 2014-12-14T17:29:23+00:00)
Maven home: /usr/local/maven
Java version: 1.7.0_76, vendor: Oracle Corporation
Java home: /usr/lib/jvm/java-7-oracle/jre
Default locale: en_US, platform encoding: ANSI_X3.4-1968
OS name: "linux", version: "3.13.0-29-generic", arch: "amd64", family: "unix"
travis_fold:end:system_info[0K
travis_fold:start:git.checkout[0Ktravis_time:start:08315c12[0K$ git clone --depth=50 https://github.com/square/retrofit.git square/retrofit
Cloning into 'square/retrofit'...
remote: Counting objects: 1985, done.[K
remote: Compressing objects:   0% (1/905)   [Kremote: Compressing objects:   1% (10/905)   [Kremote: Compressing objects:   2% (19/905)   [Kremote: Compressing objects:   3% (28/905)   [Kremote: Compressing objects:   4% (37/905)   [Kremote: Compressing objects:   5% (46/905)   [Kremote: Compressing objects:   6% (55/905)   [Kremote: Compressing objects:   7% (64/905)   [Kremote: Compressing objects:   8% (73/905)   [Kremote: Compressing objects:   9% (82/905)   [Kremote: Compressing objects:  10% (91/905)   [Kremote: Compressing objects:  11% (100/905)   [Kremote: Compressing objects:  12% (109/905)   [Kremote: Compressing objects:  13% (118/905)   [Kremote: Compressing objects:  14% (127/905)   [Kremote: Compressing objects:  15% (136/905)   [Kremote: Compressing objects:  16% (145/905)   [Kremote: Compressing objects:  17% (154/905)   [Kremote: Compressing objects:  18% (163/905)   [Kremote: Compressing objects:  19% (172/905)   [Kremote: Compressing objects:  20% (181/905)   [Kremote: Compressing objects:  21% (191/905)   [Kremote: Compressing objects:  22% (200/905)   [Kremote: Compressing objects:  23% (209/905)   [Kremote: Compressing objects:  24% (218/905)   [Kremote: Compressing objects:  25% (227/905)   [Kremote: Compressing objects:  26% (236/905)   [Kremote: Compressing objects:  27% (245/905)   [Kremote: Compressing objects:  28% (254/905)   [Kremote: Compressing objects:  29% (263/905)   [Kremote: Compressing objects:  30% (272/905)   [Kremote: Compressing objects:  31% (281/905)   [Kremote: Compressing objects:  32% (290/905)   [Kremote: Compressing objects:  33% (299/905)   [Kremote: Compressing objects:  34% (308/905)   [Kremote: Compressing objects:  35% (317/905)   [Kremote: Compressing objects:  36% (326/905)   [Kremote: Compressing objects:  37% (335/905)   [Kremote: Compressing objects:  38% (344/905)   [Kremote: Compressing objects:  39% (353/905)   [Kremote: Compressing objects:  40% (362/905)   [Kremote: Compressing objects:  41% (372/905)   [Kremote: Compressing objects:  42% (381/905)   [Kremote: Compressing objects:  43% (390/905)   [Kremote: Compressing objects:  44% (399/905)   [Kremote: Compressing objects:  45% (408/905)   [Kremote: Compressing objects:  46% (417/905)   [Kremote: Compressing objects:  47% (426/905)   [Kremote: Compressing objects:  48% (435/905)   [Kremote: Compressing objects:  49% (444/905)   [Kremote: Compressing objects:  50% (453/905)   [Kremote: Compressing objects:  51% (462/905)   [Kremote: Compressing objects:  52% (471/905)   [Kremote: Compressing objects:  53% (480/905)   [Kremote: Compressing objects:  54% (489/905)   [Kremote: Compressing objects:  55% (498/905)   [Kremote: Compressing objects:  56% (507/905)   [Kremote: Compressing objects:  57% (516/905)   [Kremote: Compressing objects:  58% (525/905)   [Kremote: Compressing objects:  59% (534/905)   [Kremote: Compressing objects:  60% (543/905)   [Kremote: Compressing objects:  61% (553/905)   [Kremote: Compressing objects:  62% (562/905)   [Kremote: Compressing objects:  63% (571/905)   [Kremote: Compressing objects:  64% (580/905)   [Kremote: Compressing objects:  65% (589/905)   [Kremote: Compressing objects:  66% (598/905)   [Kremote: Compressing objects:  67% (607/905)   [Kremote: Compressing objects:  68% (616/905)   [Kremote: Compressing objects:  69% (625/905)   [Kremote: Compressing objects:  70% (634/905)   [Kremote: Compressing objects:  71% (643/905)   [Kremote: Compressing objects:  72% (652/905)   [Kremote: Compressing objects:  73% (661/905)   [Kremote: Compressing objects:  74% (670/905)   [Kremote: Compressing objects:  75% (679/905)   [Kremote: Compressing objects:  76% (688/905)   [Kremote: Compressing objects:  77% (697/905)   [Kremote: Compressing objects:  78% (706/905)   [Kremote: Compressing objects:  79% (715/905)   [Kremote: Compressing objects:  80% (724/905)   [Kremote: Compressing objects:  81% (734/905)   [Kremote: Compressing objects:  82% (743/905)   [Kremote: Compressing objects:  83% (752/905)   [Kremote: Compressing objects:  84% (761/905)   [Kremote: Compressing objects:  85% (770/905)   [Kremote: Compressing objects:  86% (779/905)   [Kremote: Compressing objects:  87% (788/905)   [Kremote: Compressing objects:  88% (797/905)   [Kremote: Compressing objects:  89% (806/905)   [Kremote: Compressing objects:  90% (815/905)   [Kremote: Compressing objects:  91% (824/905)   [Kremote: Compressing objects:  92% (833/905)   [Kremote: Compressing objects:  93% (842/905)   [Kremote: Compressing objects:  94% (851/905)   [Kremote: Compressing objects:  95% (860/905)   [Kremote: Compressing objects:  96% (869/905)   [Kremote: Compressing objects:  97% (878/905)   [Kremote: Compressing objects:  98% (887/905)   [Kremote: Compressing objects:  99% (896/905)   [Kremote: Compressing objects: 100% (905/905)   [Kremote: Compressing objects: 100% (905/905), done.[K
Receiving objects:   0% (1/1985)   Receiving objects:   1% (20/1985)   Receiving objects:   2% (40/1985)   Receiving objects:   3% (60/1985)   Receiving objects:   4% (80/1985)   Receiving objects:   5% (100/1985)   Receiving objects:   6% (120/1985)   Receiving objects:   7% (139/1985)   Receiving objects:   8% (159/1985)   Receiving objects:   9% (179/1985)   Receiving objects:  10% (199/1985)   Receiving objects:  11% (219/1985)   Receiving objects:  12% (239/1985)   Receiving objects:  13% (259/1985)   Receiving objects:  14% (278/1985)   Receiving objects:  15% (298/1985)   Receiving objects:  16% (318/1985)   Receiving objects:  17% (338/1985)   Receiving objects:  18% (358/1985)   Receiving objects:  19% (378/1985)   Receiving objects:  20% (397/1985)   Receiving objects:  21% (417/1985)   Receiving objects:  22% (437/1985)   Receiving objects:  23% (457/1985)   Receiving objects:  24% (477/1985)   Receiving objects:  25% (497/1985)   Receiving objects:  26% (517/1985)   Receiving objects:  27% (536/1985)   Receiving objects:  28% (556/1985)   Receiving objects:  29% (576/1985)   Receiving objects:  30% (596/1985)   Receiving objects:  31% (616/1985)   Receiving objects:  32% (636/1985)   Receiving objects:  33% (656/1985)   Receiving objects:  34% (675/1985)   Receiving objects:  35% (695/1985)   Receiving objects:  36% (715/1985)   Receiving objects:  37% (735/1985)   Receiving objects:  38% (755/1985)   Receiving objects:  39% (775/1985)   Receiving objects:  40% (794/1985)   Receiving objects:  41% (814/1985)   Receiving objects:  42% (834/1985)   Receiving objects:  43% (854/1985)   Receiving objects:  44% (874/1985)   Receiving objects:  45% (894/1985)   Receiving objects:  46% (914/1985)   Receiving objects:  47% (933/1985)   Receiving objects:  48% (953/1985)   Receiving objects:  49% (973/1985)   Receiving objects:  50% (993/1985)   Receiving objects:  51% (1013/1985)   Receiving objects:  52% (1033/1985)   Receiving objects:  53% (1053/1985)   Receiving objects:  54% (1072/1985)   Receiving objects:  55% (1092/1985)   Receiving objects:  56% (1112/1985)   Receiving objects:  57% (1132/1985)   Receiving objects:  58% (1152/1985)   Receiving objects:  59% (1172/1985)   Receiving objects:  60% (1191/1985)   Receiving objects:  61% (1211/1985)   Receiving objects:  62% (1231/1985)   Receiving objects:  63% (1251/1985)   Receiving objects:  64% (1271/1985)   Receiving objects:  65% (1291/1985)   Receiving objects:  66% (1311/1985)   Receiving objects:  67% (1330/1985)   Receiving objects:  68% (1350/1985)   Receiving objects:  69% (1370/1985)   remote: Total 1985 (delta 791), reused 1744 (delta 581), pack-reused 0[K
Receiving objects:  70% (1390/1985)   Receiving objects:  71% (1410/1985)   Receiving objects:  72% (1430/1985)   Receiving objects:  73% (1450/1985)   Receiving objects:  74% (1469/1985)   Receiving objects:  75% (1489/1985)   Receiving objects:  76% (1509/1985)   Receiving objects:  77% (1529/1985)   Receiving objects:  78% (1549/1985)   Receiving objects:  79% (1569/1985)   Receiving objects:  80% (1588/1985)   Receiving objects:  81% (1608/1985)   Receiving objects:  82% (1628/1985)   Receiving objects:  83% (1648/1985)   Receiving objects:  84% (1668/1985)   Receiving objects:  85% (1688/1985)   Receiving objects:  86% (1708/1985)   Receiving objects:  87% (1727/1985)   Receiving objects:  88% (1747/1985)   Receiving objects:  89% (1767/1985)   Receiving objects:  90% (1787/1985)   Receiving objects:  91% (1807/1985)   Receiving objects:  92% (1827/1985)   Receiving objects:  93% (1847/1985)   Receiving objects:  94% (1866/1985)   Receiving objects:  95% (1886/1985)   Receiving objects:  96% (1906/1985)   Receiving objects:  97% (1926/1985)   Receiving objects:  98% (1946/1985)   Receiving objects:  99% (1966/1985)   Receiving objects: 100% (1985/1985)   Receiving objects: 100% (1985/1985), 411.44 KiB | 0 bytes/s, done.
Resolving deltas:   0% (0/791)   Resolving deltas:   7% (59/791)   Resolving deltas:   8% (64/791)   Resolving deltas:   9% (73/791)   Resolving deltas:  10% (83/791)   Resolving deltas:  16% (129/791)   Resolving deltas:  18% (143/791)   Resolving deltas:  19% (153/791)   Resolving deltas:  20% (160/791)   Resolving deltas:  21% (172/791)   Resolving deltas:  24% (195/791)   Resolving deltas:  29% (231/791)   Resolving deltas:  30% (241/791)   Resolving deltas:  31% (252/791)   Resolving deltas:  33% (267/791)   Resolving deltas:  34% (269/791)   Resolving deltas:  35% (277/791)   Resolving deltas:  36% (285/791)   Resolving deltas:  37% (296/791)   Resolving deltas:  38% (302/791)   Resolving deltas:  39% (309/791)   Resolving deltas:  40% (320/791)   Resolving deltas:  41% (328/791)   Resolving deltas:  43% (342/791)   Resolving deltas:  44% (355/791)   Resolving deltas:  45% (356/791)   Resolving deltas:  46% (364/791)   Resolving deltas:  48% (384/791)   Resolving deltas:  50% (401/791)   Resolving deltas:  51% (408/791)   Resolving deltas:  55% (441/791)   Resolving deltas:  56% (450/791)   Resolving deltas:  57% (452/791)   Resolving deltas:  58% (462/791)   Resolving deltas:  59% (467/791)   Resolving deltas:  60% (480/791)   Resolving deltas:  61% (484/791)   Resolving deltas:  62% (493/791)   Resolving deltas:  67% (532/791)   Resolving deltas:  68% (539/791)   Resolving deltas:  69% (547/791)   Resolving deltas:  70% (557/791)   Resolving deltas:  72% (572/791)   Resolving deltas:  73% (580/791)   Resolving deltas:  74% (587/791)   Resolving deltas:  75% (598/791)   Resolving deltas:  78% (622/791)   Resolving deltas:  79% (625/791)   Resolving deltas:  80% (635/791)   Resolving deltas:  81% (641/791)   Resolving deltas:  82% (649/791)   Resolving deltas:  83% (658/791)   Resolving deltas:  84% (665/791)   Resolving deltas:  85% (673/791)   Resolving deltas:  86% (688/791)   Resolving deltas:  87% (689/791)   Resolving deltas:  88% (701/791)   Resolving deltas:  89% (706/791)   Resolving deltas:  90% (712/791)   Resolving deltas:  91% (725/791)   Resolving deltas:  92% (729/791)   Resolving deltas:  94% (750/791)   Resolving deltas:  95% (755/791)   Resolving deltas:  96% (761/791)   Resolving deltas: 100% (791/791)   Resolving deltas: 100% (791/791), done.
Checking connectivity... done.
travis_time:end:08315c12:start=1451717104937274662,finish=1451717105423503960,duration=486229298[0K$ cd square/retrofit
travis_time:start:062a75ea[0K$ git fetch origin +refs/pull/1426/merge:
remote: Counting objects: 11, done.[K
remote: Compressing objects:  25% (1/4)   [Kremote: Compressing objects:  50% (2/4)   [Kremote: Compressing objects:  75% (3/4)   [Kremote: Compressing objects: 100% (4/4)   [Kremote: Compressing objects: 100% (4/4), done.[K
remote: Total 11 (delta 5), reused 10 (delta 5), pack-reused 0[K
Unpacking objects:   9% (1/11)   Unpacking objects:  18% (2/11)   Unpacking objects:  27% (3/11)   Unpacking objects:  36% (4/11)   Unpacking objects:  45% (5/11)   Unpacking objects:  54% (6/11)   Unpacking objects:  63% (7/11)   Unpacking objects:  72% (8/11)   Unpacking objects:  81% (9/11)   Unpacking objects:  90% (10/11)   Unpacking objects: 100% (11/11)   Unpacking objects: 100% (11/11), done.
From https://github.com/square/retrofit
 * branch            refs/pull/1426/merge -> FETCH_HEAD
travis_time:end:062a75ea:start=1451717105427355962,finish=1451717105707417181,duration=280061219[0K$ git checkout -qf FETCH_HEAD
travis_fold:end:git.checkout[0K
[33;1mThis job is running on container-based infrastructure, which does not allow use of 'sudo', setuid and setguid executables.[0m
[33;1mIf you require sudo, add 'sudo: required' to your .travis.yml[0m
[33;1mSee http://docs.travis-ci.com/user/workers/container-based-infrastructure/ for details.[0m

[33;1mSetting environment variables from .travis.yml[0m
$ export CI_DEPLOY_USERNAME=[secure]
$ export CI_DEPLOY_PASSWORD=[secure]

travis_fold:start:cache.1[0KSetting up build cache
$ export CASHER_DIR=$HOME/.casher
travis_time:start:16fc0b0a[0K$ Installing caching utilities
travis_time:end:16fc0b0a:start=1451717107356431272,finish=1451717107385087476,duration=28656204[0Ktravis_time:start:0fc260a0[0Ktravis_time:end:0fc260a0:start=1451717107389752952,finish=1451717107393067667,duration=3314715[0Ktravis_time:start:09e38fe0[0K[32;1mattempting to download cache archive[0m
[32;1mfetching PR.1426/cache--jdk-oraclejdk8.tgz[0m
[32;1mfetching PR.1426/cache--jdk-oraclejdk8.tbz[0m
[32;1mfetching master/cache--jdk-oraclejdk8.tgz[0m
[32;1mfound cache[0m
travis_time:end:09e38fe0:start=1451717107396889710,finish=1451717109145971930,duration=1749082220[0Ktravis_time:start:2a4e2e11[0Ktravis_time:end:2a4e2e11:start=1451717109149877652,finish=1451717109153136487,duration=3258835[0Ktravis_time:start:075ee767[0K[32;1madding /home/travis/.m2 to cache[0m
travis_time:end:075ee767:start=1451717109157034904,finish=1451717110619020459,duration=1461985555[0Ktravis_fold:end:cache.1[0K$ jdk_switcher use oraclejdk8
Switching to Oracle JDK8 (java-8-oracle), JAVA_HOME will be set to /usr/lib/jvm/java-8-oracle
$ java -Xmx32m -version
java version "1.8.0_31"
Java(TM) SE Runtime Environment (build 1.8.0_31-b13)
Java HotSpot(TM) 64-Bit Server VM (build 25.31-b07, mixed mode)
$ javac -J-Xmx32m -version
javac 1.8.0_31
travis_fold:start:install[0Ktravis_time:start:05cb64f7[0K$ mvn install -DskipTests=true -Dmaven.javadoc.skip=true -B -V
Java HotSpot(TM) 64-Bit Server VM warning: ignoring option MaxPermSize=192m; support was removed in 8.0
Apache Maven 3.2.5 (12a6b3acb947671f09b81f49094c53f426d8cea1; 2014-12-14T17:29:23+00:00)
Maven home: /usr/local/maven
Java version: 1.8.0_31, vendor: Oracle Corporation
Java home: /usr/lib/jvm/java-8-oracle/jre
Default locale: en_US, platform encoding: UTF-8
OS name: "linux", version: "3.13.0-40-generic", arch: "amd64", family: "unix"
[INFO] Scanning for projects...
[WARNING] 
[WARNING] Some problems were encountered while building the effective model for com.squareup.retrofit2:samples:jar:2.0.0-SNAPSHOT
[WARNING] 'build.plugins.plugin.version' for org.apache.maven.plugins:maven-deploy-plugin is missing. @ com.squareup.retrofit2:samples:[unknown-version], /home/travis/build/square/retrofit/samples/pom.xml, line 45, column 15
[WARNING] 
[WARNING] It is highly recommended to fix these problems because they threaten the stability of your build.
[WARNING] 
[WARNING] For this reason, future Maven versions might no longer support building such malformed projects.
[WARNING] 
[INFO] ------------------------------------------------------------------------
[INFO] Reactor Build Order:
[INFO] 
[INFO] Retrofit (Parent)
[INFO] Retrofit
[INFO] Adapters
[INFO] Adapter: RxJava
[INFO] Converters
[INFO] Converter: Gson
[INFO] Converter: Protocol Buffers
[INFO] Converter: Jackson
[INFO] Converter: Wire Protocol Buffers
[INFO] Converter: SimpleXML
[INFO] Converter: Java Scalars
[INFO] Converter: Moshi
[INFO] Retrofit Mock Adapter
[INFO] Samples
[INFO]                                                                         
[INFO] ------------------------------------------------------------------------
[INFO] Building Retrofit (Parent) 2.0.0-SNAPSHOT
[INFO] ------------------------------------------------------------------------
[INFO] 
[INFO] --- maven-enforcer-plugin:1.0:enforce (enforce-maven) @ parent ---
[INFO] 
[INFO] --- animal-sniffer-maven-plugin:1.14:check (default) @ parent ---
[INFO] Checking unresolved references to org.codehaus.mojo.signature:java16:1.1
[INFO] 
[INFO] --- maven-javadoc-plugin:2.10.3:jar (attach-javadocs) @ parent ---
[INFO] Skipping javadoc generation
[INFO] 
[INFO] --- maven-checkstyle-plugin:2.15:checkstyle (default) @ parent ---
[INFO] 
[INFO] --- maven-install-plugin:2.4:install (default-install) @ parent ---
[INFO] Installing /home/travis/build/square/retrofit/pom.xml to /home/travis/.m2/repository/com/squareup/retrofit2/parent/2.0.0-SNAPSHOT/parent-2.0.0-SNAPSHOT.pom
[INFO]                                                                         
[INFO] ------------------------------------------------------------------------
[INFO] Building Retrofit 2.0.0-SNAPSHOT
[INFO] ------------------------------------------------------------------------
[INFO] Downloading: https://repository.apache.org/snapshots/com/squareup/okhttp3/okhttp/3.0.0-SNAPSHOT/maven-metadata.xml
[INFO] Downloading: https://nexus.codehaus.org/snapshots/com/squareup/okhttp3/okhttp/3.0.0-SNAPSHOT/maven-metadata.xml
[WARNING] Could not transfer metadata com.squareup.okhttp3:okhttp:3.0.0-SNAPSHOT/maven-metadata.xml from/to codehaus-snapshots (https://nexus.codehaus.org/snapshots/): nexus.codehaus.org: unknown error
[WARNING] Failure to transfer com.squareup.okhttp3:okhttp:3.0.0-SNAPSHOT/maven-metadata.xml from https://nexus.codehaus.org/snapshots/ was cached in the local repository, resolution will not be reattempted until the update interval of codehaus-snapshots has elapsed or updates are forced. Original error: Could not transfer metadata com.squareup.okhttp3:okhttp:3.0.0-SNAPSHOT/maven-metadata.xml from/to codehaus-snapshots (https://nexus.codehaus.org/snapshots/): nexus.codehaus.org: unknown error
[INFO] Downloading: https://repository.apache.org/snapshots/com/squareup/okhttp3/parent/3.0.0-SNAPSHOT/maven-metadata.xml
[INFO] Downloading: https://nexus.codehaus.org/snapshots/com/squareup/okhttp3/parent/3.0.0-SNAPSHOT/maven-metadata.xml
[WARNING] Could not transfer metadata com.squareup.okhttp3:parent:3.0.0-SNAPSHOT/maven-metadata.xml from/to codehaus-snapshots (https://nexus.codehaus.org/snapshots/): nexus.codehaus.org
[INFO] Downloading: https://nexus.codehaus.org/snapshots/com/squareup/okhttp3/mockwebserver/3.0.0-SNAPSHOT/maven-metadata.xml
[INFO] Downloading: https://repository.apache.org/snapshots/com/squareup/okhttp3/mockwebserver/3.0.0-SNAPSHOT/maven-metadata.xml
[WARNING] Could not transfer metadata com.squareup.okhttp3:mockwebserver:3.0.0-SNAPSHOT/maven-metadata.xml from/to codehaus-snapshots (https://nexus.codehaus.org/snapshots/): nexus.codehaus.org
[WARNING] Failure to transfer com.squareup.okhttp3:mockwebserver:3.0.0-SNAPSHOT/maven-metadata.xml from https://nexus.codehaus.org/snapshots/ was cached in the local repository, resolution will not be reattempted until the update interval of codehaus-snapshots has elapsed or updates are forced. Original error: Could not transfer metadata com.squareup.okhttp3:mockwebserver:3.0.0-SNAPSHOT/maven-metadata.xml from/to codehaus-snapshots (https://nexus.codehaus.org/snapshots/): nexus.codehaus.org
[INFO] Downloading: https://repository.apache.org/snapshots/com/squareup/okhttp3/okhttp-ws/3.0.0-SNAPSHOT/maven-metadata.xml
[INFO] Downloading: https://nexus.codehaus.org/snapshots/com/squareup/okhttp3/okhttp-ws/3.0.0-SNAPSHOT/maven-metadata.xml
[WARNING] Could not transfer metadata com.squareup.okhttp3:okhttp-ws:3.0.0-SNAPSHOT/maven-metadata.xml from/to codehaus-snapshots (https://nexus.codehaus.org/snapshots/): nexus.codehaus.org
[WARNING] Failure to transfer com.squareup.okhttp3:okhttp-ws:3.0.0-SNAPSHOT/maven-metadata.xml from https://nexus.codehaus.org/snapshots/ was cached in the local repository, resolution will not be reattempted until the update interval of codehaus-snapshots has elapsed or updates are forced. Original error: Could not transfer metadata com.squareup.okhttp3:okhttp-ws:3.0.0-SNAPSHOT/maven-metadata.xml from/to codehaus-snapshots (https://nexus.codehaus.org/snapshots/): nexus.codehaus.org
[INFO] 
[INFO] --- maven-enforcer-plugin:1.0:enforce (enforce-maven) @ retrofit ---
[INFO] 
[INFO] --- maven-resources-plugin:2.6:resources (default-resources) @ retrofit ---
[INFO] Using 'UTF-8' encoding to copy filtered resources.
[INFO] skip non existing resourceDirectory /home/travis/build/square/retrofit/retrofit/src/main/resources
[INFO] 
[INFO] --- maven-compiler-plugin:3.0:compile (default-compile) @ retrofit ---
[INFO] Changes detected - recompiling the module!
[INFO] Compiling 42 source files to /home/travis/build/square/retrofit/retrofit/target/classes
[WARNING] /home/travis/build/square/retrofit/retrofit/src/main/java/retrofit2/Retrofit.java: Some input files use unchecked or unsafe operations.
[WARNING] /home/travis/build/square/retrofit/retrofit/src/main/java/retrofit2/Retrofit.java: Recompile with -Xlint:unchecked for details.
[INFO] 
[INFO] --- maven-resources-plugin:2.6:testResources (default-testResources) @ retrofit ---
[INFO] Using 'UTF-8' encoding to copy filtered resources.
[INFO] skip non existing resourceDirectory /home/travis/build/square/retrofit/retrofit/src/test/resources
[INFO] 
[INFO] --- maven-compiler-plugin:3.0:testCompile (default-testCompile) @ retrofit ---
[INFO] Changes detected - recompiling the module!
[INFO] Compiling 8 source files to /home/travis/build/square/retrofit/retrofit/target/test-classes
[WARNING] /home/travis/build/square/retrofit/retrofit/src/test/java/retrofit2/RetrofitTest.java: /home/travis/build/square/retrofit/retrofit/src/test/java/retrofit2/RetrofitTest.java uses unchecked or unsafe operations.
[WARNING] /home/travis/build/square/retrofit/retrofit/src/test/java/retrofit2/RetrofitTest.java: Recompile with -Xlint:unchecked for details.
[INFO] 
[INFO] --- maven-surefire-plugin:2.12.4:test (default-test) @ retrofit ---
[INFO] Tests are skipped.
[INFO] 
[INFO] --- animal-sniffer-maven-plugin:1.14:check (default) @ retrofit ---
[INFO] Checking unresolved references to org.codehaus.mojo.signature:java16:1.1
[INFO] 
[INFO] --- maven-jar-plugin:2.4:jar (default-jar) @ retrofit ---
[INFO] Building jar: /home/travis/build/square/retrofit/retrofit/target/retrofit-2.0.0-SNAPSHOT.jar
[INFO] 
[INFO] --- maven-javadoc-plugin:2.10.3:jar (attach-javadocs) @ retrofit ---
[INFO] Skipping javadoc generation
[INFO] 
[INFO] --- maven-checkstyle-plugin:2.15:checkstyle (default) @ retrofit ---
[INFO] Starting audit...
Audit done.
[WARNING] Unable to locate Source XRef to link to - DISABLED
[INFO] 
[INFO] --- maven-install-plugin:2.4:install (default-install) @ retrofit ---
[INFO] Installing /home/travis/build/square/retrofit/retrofit/target/retrofit-2.0.0-SNAPSHOT.jar to /home/travis/.m2/repository/com/squareup/retrofit2/retrofit/2.0.0-SNAPSHOT/retrofit-2.0.0-SNAPSHOT.jar
[INFO] Installing /home/travis/build/square/retrofit/retrofit/pom.xml to /home/travis/.m2/repository/com/squareup/retrofit2/retrofit/2.0.0-SNAPSHOT/retrofit-2.0.0-SNAPSHOT.pom
[INFO]                                                                         
[INFO] ------------------------------------------------------------------------
[INFO] Building Adapters 2.0.0-SNAPSHOT
[INFO] ------------------------------------------------------------------------
[INFO] 
[INFO] --- maven-enforcer-plugin:1.0:enforce (enforce-maven) @ retrofit-adapters ---
[INFO] 
[INFO] --- animal-sniffer-maven-plugin:1.14:check (default) @ retrofit-adapters ---
[INFO] Checking unresolved references to org.codehaus.mojo.signature:java16:1.1
[INFO] 
[INFO] --- maven-javadoc-plugin:2.10.3:jar (attach-javadocs) @ retrofit-adapters ---
[INFO] Skipping javadoc generation
[INFO] 
[INFO] --- maven-checkstyle-plugin:2.15:checkstyle (default) @ retrofit-adapters ---
[INFO] 
[INFO] --- maven-install-plugin:2.4:install (default-install) @ retrofit-adapters ---
[INFO] Installing /home/travis/build/square/retrofit/retrofit-adapters/pom.xml to /home/travis/.m2/repository/com/squareup/retrofit2/retrofit-adapters/2.0.0-SNAPSHOT/retrofit-adapters-2.0.0-SNAPSHOT.pom
[INFO]                                                                         
[INFO] ------------------------------------------------------------------------
[INFO] Building Adapter: RxJava 2.0.0-SNAPSHOT
[INFO] ------------------------------------------------------------------------
[INFO] 
[INFO] --- maven-enforcer-plugin:1.0:enforce (enforce-maven) @ adapter-rxjava ---
[INFO] 
[INFO] --- maven-resources-plugin:2.6:resources (default-resources) @ adapter-rxjava ---
[INFO] Using 'UTF-8' encoding to copy filtered resources.
[INFO] skip non existing resourceDirectory /home/travis/build/square/retrofit/retrofit-adapters/rxjava/src/main/resources
[INFO] 
[INFO] --- maven-compiler-plugin:3.0:compile (default-compile) @ adapter-rxjava ---
[INFO] Changes detected - recompiling the module!
[INFO] Compiling 4 source files to /home/travis/build/square/retrofit/retrofit-adapters/rxjava/target/classes
[INFO] 
[INFO] --- maven-resources-plugin:2.6:testResources (default-testResources) @ adapter-rxjava ---
[INFO] Using 'UTF-8' encoding to copy filtered resources.
[INFO] skip non existing resourceDirectory /home/travis/build/square/retrofit/retrofit-adapters/rxjava/src/test/resources
[INFO] 
[INFO] --- maven-compiler-plugin:3.0:testCompile (default-testCompile) @ adapter-rxjava ---
[INFO] Changes detected - recompiling the module!
[INFO] Compiling 2 source files to /home/travis/build/square/retrofit/retrofit-adapters/rxjava/target/test-classes
[INFO] 
[INFO] --- maven-surefire-plugin:2.12.4:test (default-test) @ adapter-rxjava ---
[INFO] Tests are skipped.
[INFO] 
[INFO] --- animal-sniffer-maven-plugin:1.14:check (default) @ adapter-rxjava ---
[INFO] Checking unresolved references to org.codehaus.mojo.signature:java16:1.1
[INFO] 
[INFO] --- maven-jar-plugin:2.4:jar (default-jar) @ adapter-rxjava ---
[INFO] Building jar: /home/travis/build/square/retrofit/retrofit-adapters/rxjava/target/adapter-rxjava-2.0.0-SNAPSHOT.jar
[INFO] 
[INFO] --- maven-javadoc-plugin:2.10.3:jar (attach-javadocs) @ adapter-rxjava ---
[INFO] Skipping javadoc generation
[INFO] 
[INFO] --- maven-checkstyle-plugin:2.15:checkstyle (default) @ adapter-rxjava ---
[INFO] Starting audit...
Audit done.
[WARNING] Unable to locate Source XRef to link to - DISABLED
[INFO] 
[INFO] --- maven-install-plugin:2.4:install (default-install) @ adapter-rxjava ---
[INFO] Installing /home/travis/build/square/retrofit/retrofit-adapters/rxjava/target/adapter-rxjava-2.0.0-SNAPSHOT.jar to /home/travis/.m2/repository/com/squareup/retrofit2/adapter-rxjava/2.0.0-SNAPSHOT/adapter-rxjava-2.0.0-SNAPSHOT.jar
[INFO] Installing /home/travis/build/square/retrofit/retrofit-adapters/rxjava/pom.xml to /home/travis/.m2/repository/com/squareup/retrofit2/adapter-rxjava/2.0.0-SNAPSHOT/adapter-rxjava-2.0.0-SNAPSHOT.pom
[INFO]                                                                         
[INFO] ------------------------------------------------------------------------
[INFO] Building Converters 2.0.0-SNAPSHOT
[INFO] ------------------------------------------------------------------------
[INFO] 
[INFO] --- maven-enforcer-plugin:1.0:enforce (enforce-maven) @ retrofit-converters ---
[INFO] 
[INFO] --- animal-sniffer-maven-plugin:1.14:check (default) @ retrofit-converters ---
[INFO] Checking unresolved references to org.codehaus.mojo.signature:java16:1.1
[INFO] 
[INFO] --- maven-javadoc-plugin:2.10.3:jar (attach-javadocs) @ retrofit-converters ---
[INFO] Skipping javadoc generation
[INFO] 
[INFO] --- maven-checkstyle-plugin:2.15:checkstyle (default) @ retrofit-converters ---
[INFO] 
[INFO] --- maven-install-plugin:2.4:install (default-install) @ retrofit-converters ---
[INFO] Installing /home/travis/build/square/retrofit/retrofit-converters/pom.xml to /home/travis/.m2/repository/com/squareup/retrofit2/retrofit-converters/2.0.0-SNAPSHOT/retrofit-converters-2.0.0-SNAPSHOT.pom
[INFO]                                                                         
[INFO] ------------------------------------------------------------------------
[INFO] Building Converter: Gson 2.0.0-SNAPSHOT
[INFO] ------------------------------------------------------------------------
[INFO] 
[INFO] --- maven-enforcer-plugin:1.0:enforce (enforce-maven) @ converter-gson ---
[INFO] 
[INFO] --- maven-resources-plugin:2.6:resources (default-resources) @ converter-gson ---
[INFO] Using 'UTF-8' encoding to copy filtered resources.
[INFO] skip non existing resourceDirectory /home/travis/build/square/retrofit/retrofit-converters/gson/src/main/resources
[INFO] 
[INFO] --- maven-compiler-plugin:3.0:compile (default-compile) @ converter-gson ---
[INFO] Changes detected - recompiling the module!
[INFO] Compiling 3 source files to /home/travis/build/square/retrofit/retrofit-converters/gson/target/classes
[INFO] 
[INFO] --- maven-resources-plugin:2.6:testResources (default-testResources) @ converter-gson ---
[INFO] Using 'UTF-8' encoding to copy filtered resources.
[INFO] skip non existing resourceDirectory /home/travis/build/square/retrofit/retrofit-converters/gson/src/test/resources
[INFO] 
[INFO] --- maven-compiler-plugin:3.0:testCompile (default-testCompile) @ converter-gson ---
[INFO] Changes detected - recompiling the module!
[INFO] Compiling 1 source file to /home/travis/build/square/retrofit/retrofit-converters/gson/target/test-classes
[INFO] 
[INFO] --- maven-surefire-plugin:2.12.4:test (default-test) @ converter-gson ---
[INFO] Tests are skipped.
[INFO] 
[INFO] --- animal-sniffer-maven-plugin:1.14:check (default) @ converter-gson ---
[INFO] Checking unresolved references to org.codehaus.mojo.signature:java16:1.1
[INFO] 
[INFO] --- maven-jar-plugin:2.4:jar (default-jar) @ converter-gson ---
[INFO] Building jar: /home/travis/build/square/retrofit/retrofit-converters/gson/target/converter-gson-2.0.0-SNAPSHOT.jar
[INFO] 
[INFO] --- maven-javadoc-plugin:2.10.3:jar (attach-javadocs) @ converter-gson ---
[INFO] Skipping javadoc generation
[INFO] 
[INFO] --- maven-checkstyle-plugin:2.15:checkstyle (default) @ converter-gson ---
[INFO] Starting audit...
Audit done.
[WARNING] Unable to locate Source XRef to link to - DISABLED
[INFO] 
[INFO] --- maven-install-plugin:2.4:install (default-install) @ converter-gson ---
[INFO] Installing /home/travis/build/square/retrofit/retrofit-converters/gson/target/converter-gson-2.0.0-SNAPSHOT.jar to /home/travis/.m2/repository/com/squareup/retrofit2/converter-gson/2.0.0-SNAPSHOT/converter-gson-2.0.0-SNAPSHOT.jar
[INFO] Installing /home/travis/build/square/retrofit/retrofit-converters/gson/pom.xml to /home/travis/.m2/repository/com/squareup/retrofit2/converter-gson/2.0.0-SNAPSHOT/converter-gson-2.0.0-SNAPSHOT.pom
[INFO]                                                                         
[INFO] ------------------------------------------------------------------------
[INFO] Building Converter: Protocol Buffers 2.0.0-SNAPSHOT
[INFO] ------------------------------------------------------------------------
[INFO] 
[INFO] --- maven-enforcer-plugin:1.0:enforce (enforce-maven) @ converter-protobuf ---
[INFO] 
[INFO] --- maven-resources-plugin:2.6:resources (default-resources) @ converter-protobuf ---
[INFO] Using 'UTF-8' encoding to copy filtered resources.
[INFO] skip non existing resourceDirectory /home/travis/build/square/retrofit/retrofit-converters/protobuf/src/main/resources
[INFO] 
[INFO] --- maven-compiler-plugin:3.0:compile (default-compile) @ converter-protobuf ---
[INFO] Changes detected - recompiling the module!
[INFO] Compiling 3 source files to /home/travis/build/square/retrofit/retrofit-converters/protobuf/target/classes
[WARNING] /home/travis/build/square/retrofit/retrofit-converters/protobuf/src/main/java/retrofit2/ProtoConverterFactory.java: /home/travis/build/square/retrofit/retrofit-converters/protobuf/src/main/java/retrofit2/ProtoConverterFactory.java uses unchecked or unsafe operations.
[WARNING] /home/travis/build/square/retrofit/retrofit-converters/protobuf/src/main/java/retrofit2/ProtoConverterFactory.java: Recompile with -Xlint:unchecked for details.
[INFO] 
[INFO] --- maven-resources-plugin:2.6:testResources (default-testResources) @ converter-protobuf ---
[INFO] Using 'UTF-8' encoding to copy filtered resources.
[INFO] skip non existing resourceDirectory /home/travis/build/square/retrofit/retrofit-converters/protobuf/src/test/resources
[INFO] 
[INFO] --- maven-compiler-plugin:3.0:testCompile (default-testCompile) @ converter-protobuf ---
[INFO] Changes detected - recompiling the module!
[INFO] Compiling 2 source files to /home/travis/build/square/retrofit/retrofit-converters/protobuf/target/test-classes
[INFO] 
[INFO] --- maven-surefire-plugin:2.12.4:test (default-test) @ converter-protobuf ---
[INFO] Tests are skipped.
[INFO] 
[INFO] --- animal-sniffer-maven-plugin:1.14:check (default) @ converter-protobuf ---
[INFO] Checking unresolved references to org.codehaus.mojo.signature:java16:1.1
[INFO] 
[INFO] --- maven-jar-plugin:2.4:jar (default-jar) @ converter-protobuf ---
[INFO] Building jar: /home/travis/build/square/retrofit/retrofit-converters/protobuf/target/converter-protobuf-2.0.0-SNAPSHOT.jar
[INFO] 
[INFO] --- maven-javadoc-plugin:2.10.3:jar (attach-javadocs) @ converter-protobuf ---
[INFO] Skipping javadoc generation
[INFO] 
[INFO] --- maven-checkstyle-plugin:2.15:checkstyle (default) @ converter-protobuf ---
[INFO] Starting audit...
Audit done.
[WARNING] Unable to locate Source XRef to link to - DISABLED
[INFO] 
[INFO] --- maven-install-plugin:2.4:install (default-install) @ converter-protobuf ---
[INFO] Installing /home/travis/build/square/retrofit/retrofit-converters/protobuf/target/converter-protobuf-2.0.0-SNAPSHOT.jar to /home/travis/.m2/repository/com/squareup/retrofit2/converter-protobuf/2.0.0-SNAPSHOT/converter-protobuf-2.0.0-SNAPSHOT.jar
[INFO] Installing /home/travis/build/square/retrofit/retrofit-converters/protobuf/pom.xml to /home/travis/.m2/repository/com/squareup/retrofit2/converter-protobuf/2.0.0-SNAPSHOT/converter-protobuf-2.0.0-SNAPSHOT.pom
[INFO]                                                                         
[INFO] ------------------------------------------------------------------------
[INFO] Building Converter: Jackson 2.0.0-SNAPSHOT
[INFO] ------------------------------------------------------------------------
[INFO] 
[INFO] --- maven-enforcer-plugin:1.0:enforce (enforce-maven) @ converter-jackson ---
[INFO] 
[INFO] --- maven-resources-plugin:2.6:resources (default-resources) @ converter-jackson ---
[INFO] Using 'UTF-8' encoding to copy filtered resources.
[INFO] skip non existing resourceDirectory /home/travis/build/square/retrofit/retrofit-converters/jackson/src/main/resources
[INFO] 
[INFO] --- maven-compiler-plugin:3.0:compile (default-compile) @ converter-jackson ---
[INFO] Changes detected - recompiling the module!
[INFO] Compiling 3 source files to /home/travis/build/square/retrofit/retrofit-converters/jackson/target/classes
[INFO] 
[INFO] --- maven-resources-plugin:2.6:testResources (default-testResources) @ converter-jackson ---
[INFO] Using 'UTF-8' encoding to copy filtered resources.
[INFO] skip non existing resourceDirectory /home/travis/build/square/retrofit/retrofit-converters/jackson/src/test/resources
[INFO] 
[INFO] --- maven-compiler-plugin:3.0:testCompile (default-testCompile) @ converter-jackson ---
[INFO] Changes detected - recompiling the module!
[INFO] Compiling 1 source file to /home/travis/build/square/retrofit/retrofit-converters/jackson/target/test-classes
[INFO] 
[INFO] --- maven-surefire-plugin:2.12.4:test (default-test) @ converter-jackson ---
[INFO] Tests are skipped.
[INFO] 
[INFO] --- animal-sniffer-maven-plugin:1.14:check (default) @ converter-jackson ---
[INFO] Checking unresolved references to org.codehaus.mojo.signature:java16:1.1
[INFO] 
[INFO] --- maven-jar-plugin:2.4:jar (default-jar) @ converter-jackson ---
[INFO] Building jar: /home/travis/build/square/retrofit/retrofit-converters/jackson/target/converter-jackson-2.0.0-SNAPSHOT.jar
[INFO] 
[INFO] --- maven-javadoc-plugin:2.10.3:jar (attach-javadocs) @ converter-jackson ---
[INFO] Skipping javadoc generation
[INFO] 
[INFO] --- maven-checkstyle-plugin:2.15:checkstyle (default) @ converter-jackson ---
[INFO] Starting audit...
Audit done.
[WARNING] Unable to locate Source XRef to link to - DISABLED
[INFO] 
[INFO] --- maven-install-plugin:2.4:install (default-install) @ converter-jackson ---
[INFO] Installing /home/travis/build/square/retrofit/retrofit-converters/jackson/target/converter-jackson-2.0.0-SNAPSHOT.jar to /home/travis/.m2/repository/com/squareup/retrofit2/converter-jackson/2.0.0-SNAPSHOT/converter-jackson-2.0.0-SNAPSHOT.jar
[INFO] Installing /home/travis/build/square/retrofit/retrofit-converters/jackson/pom.xml to /home/travis/.m2/repository/com/squareup/retrofit2/converter-jackson/2.0.0-SNAPSHOT/converter-jackson-2.0.0-SNAPSHOT.pom
[INFO]                                                                         
[INFO] ------------------------------------------------------------------------
[INFO] Building Converter: Wire Protocol Buffers 2.0.0-SNAPSHOT
[INFO] ------------------------------------------------------------------------
[INFO] 
[INFO] --- maven-enforcer-plugin:1.0:enforce (enforce-maven) @ converter-wire ---
[INFO] 
[INFO] --- maven-resources-plugin:2.6:resources (default-resources) @ converter-wire ---
[INFO] Using 'UTF-8' encoding to copy filtered resources.
[INFO] skip non existing resourceDirectory /home/travis/build/square/retrofit/retrofit-converters/wire/src/main/resources
[INFO] 
[INFO] --- maven-compiler-plugin:3.0:compile (default-compile) @ converter-wire ---
[INFO] Changes detected - recompiling the module!
[INFO] Compiling 3 source files to /home/travis/build/square/retrofit/retrofit-converters/wire/target/classes
[WARNING] /home/travis/build/square/retrofit/retrofit-converters/wire/src/main/java/retrofit2/WireConverterFactory.java: /home/travis/build/square/retrofit/retrofit-converters/wire/src/main/java/retrofit2/WireConverterFactory.java uses unchecked or unsafe operations.
[WARNING] /home/travis/build/square/retrofit/retrofit-converters/wire/src/main/java/retrofit2/WireConverterFactory.java: Recompile with -Xlint:unchecked for details.
[INFO] 
[INFO] --- maven-resources-plugin:2.6:testResources (default-testResources) @ converter-wire ---
[INFO] Using 'UTF-8' encoding to copy filtered resources.
[INFO] skip non existing resourceDirectory /home/travis/build/square/retrofit/retrofit-converters/wire/src/test/resources
[INFO] 
[INFO] --- maven-compiler-plugin:3.0:testCompile (default-testCompile) @ converter-wire ---
[INFO] Changes detected - recompiling the module!
[INFO] Compiling 2 source files to /home/travis/build/square/retrofit/retrofit-converters/wire/target/test-classes
[INFO] 
[INFO] --- maven-surefire-plugin:2.12.4:test (default-test) @ converter-wire ---
[INFO] Tests are skipped.
[INFO] 
[INFO] --- animal-sniffer-maven-plugin:1.14:check (default) @ converter-wire ---
[INFO] Checking unresolved references to org.codehaus.mojo.signature:java16:1.1
[INFO] 
[INFO] --- maven-jar-plugin:2.4:jar (default-jar) @ converter-wire ---
[INFO] Building jar: /home/travis/build/square/retrofit/retrofit-converters/wire/target/converter-wire-2.0.0-SNAPSHOT.jar
[INFO] 
[INFO] --- maven-javadoc-plugin:2.10.3:jar (attach-javadocs) @ converter-wire ---
[INFO] Skipping javadoc generation
[INFO] 
[INFO] --- maven-checkstyle-plugin:2.15:checkstyle (default) @ converter-wire ---
[INFO] Starting audit...
Audit done.
[WARNING] Unable to locate Source XRef to link to - DISABLED
[INFO] 
[INFO] --- maven-install-plugin:2.4:install (default-install) @ converter-wire ---
[INFO] Installing /home/travis/build/square/retrofit/retrofit-converters/wire/target/converter-wire-2.0.0-SNAPSHOT.jar to /home/travis/.m2/repository/com/squareup/retrofit2/converter-wire/2.0.0-SNAPSHOT/converter-wire-2.0.0-SNAPSHOT.jar
[INFO] Installing /home/travis/build/square/retrofit/retrofit-converters/wire/pom.xml to /home/travis/.m2/repository/com/squareup/retrofit2/converter-wire/2.0.0-SNAPSHOT/converter-wire-2.0.0-SNAPSHOT.pom
[INFO]                                                                         
[INFO] ------------------------------------------------------------------------
[INFO] Building Converter: SimpleXML 2.0.0-SNAPSHOT
[INFO] ------------------------------------------------------------------------
[INFO] 
[INFO] --- maven-enforcer-plugin:1.0:enforce (enforce-maven) @ converter-simplexml ---
[INFO] 
[INFO] --- maven-resources-plugin:2.6:resources (default-resources) @ converter-simplexml ---
[INFO] Using 'UTF-8' encoding to copy filtered resources.
[INFO] skip non existing resourceDirectory /home/travis/build/square/retrofit/retrofit-converters/simplexml/src/main/resources
[INFO] 
[INFO] --- maven-compiler-plugin:3.0:compile (default-compile) @ converter-simplexml ---
[INFO] Changes detected - recompiling the module!
[INFO] Compiling 3 source files to /home/travis/build/square/retrofit/retrofit-converters/simplexml/target/classes
[INFO] 
[INFO] --- maven-resources-plugin:2.6:testResources (default-testResources) @ converter-simplexml ---
[INFO] Using 'UTF-8' encoding to copy filtered resources.
[INFO] skip non existing resourceDirectory /home/travis/build/square/retrofit/retrofit-converters/simplexml/src/test/resources
[INFO] 
[INFO] --- maven-compiler-plugin:3.0:testCompile (default-testCompile) @ converter-simplexml ---
[INFO] Changes detected - recompiling the module!
[INFO] Compiling 2 source files to /home/travis/build/square/retrofit/retrofit-converters/simplexml/target/test-classes
[INFO] 
[INFO] --- maven-surefire-plugin:2.12.4:test (default-test) @ converter-simplexml ---
[INFO] Tests are skipped.
[INFO] 
[INFO] --- animal-sniffer-maven-plugin:1.14:check (default) @ converter-simplexml ---
[INFO] Checking unresolved references to org.codehaus.mojo.signature:java16:1.1
[INFO] 
[INFO] --- maven-jar-plugin:2.4:jar (default-jar) @ converter-simplexml ---
[INFO] Building jar: /home/travis/build/square/retrofit/retrofit-converters/simplexml/target/converter-simplexml-2.0.0-SNAPSHOT.jar
[INFO] 
[INFO] --- maven-javadoc-plugin:2.10.3:jar (attach-javadocs) @ converter-simplexml ---
[INFO] Skipping javadoc generation
[INFO] 
[INFO] --- maven-checkstyle-plugin:2.15:checkstyle (default) @ converter-simplexml ---
[INFO] Starting audit...
Audit done.
[WARNING] Unable to locate Source XRef to link to - DISABLED
[INFO] 
[INFO] --- maven-install-plugin:2.4:install (default-install) @ converter-simplexml ---
[INFO] Installing /home/travis/build/square/retrofit/retrofit-converters/simplexml/target/converter-simplexml-2.0.0-SNAPSHOT.jar to /home/travis/.m2/repository/com/squareup/retrofit2/converter-simplexml/2.0.0-SNAPSHOT/converter-simplexml-2.0.0-SNAPSHOT.jar
[INFO] Installing /home/travis/build/square/retrofit/retrofit-converters/simplexml/pom.xml to /home/travis/.m2/repository/com/squareup/retrofit2/converter-simplexml/2.0.0-SNAPSHOT/converter-simplexml-2.0.0-SNAPSHOT.pom
[INFO]                                                                         
[INFO] ------------------------------------------------------------------------
[INFO] Building Converter: Java Scalars 2.0.0-SNAPSHOT
[INFO] ------------------------------------------------------------------------
[INFO] 
[INFO] --- maven-enforcer-plugin:1.0:enforce (enforce-maven) @ converter-scalars ---
[INFO] 
[INFO] --- maven-resources-plugin:2.6:resources (default-resources) @ converter-scalars ---
[INFO] Using 'UTF-8' encoding to copy filtered resources.
[INFO] skip non existing resourceDirectory /home/travis/build/square/retrofit/retrofit-converters/scalars/src/main/resources
[INFO] 
[INFO] --- maven-compiler-plugin:3.0:compile (default-compile) @ converter-scalars ---
[INFO] Changes detected - recompiling the module!
[INFO] Compiling 2 source files to /home/travis/build/square/retrofit/retrofit-converters/scalars/target/classes
[INFO] 
[INFO] --- maven-resources-plugin:2.6:testResources (default-testResources) @ converter-scalars ---
[INFO] Using 'UTF-8' encoding to copy filtered resources.
[INFO] skip non existing resourceDirectory /home/travis/build/square/retrofit/retrofit-converters/scalars/src/test/resources
[INFO] 
[INFO] --- maven-compiler-plugin:3.0:testCompile (default-testCompile) @ converter-scalars ---
[INFO] Changes detected - recompiling the module!
[INFO] Compiling 1 source file to /home/travis/build/square/retrofit/retrofit-converters/scalars/target/test-classes
[INFO] 
[INFO] --- maven-surefire-plugin:2.12.4:test (default-test) @ converter-scalars ---
[INFO] Tests are skipped.
[INFO] 
[INFO] --- animal-sniffer-maven-plugin:1.14:check (default) @ converter-scalars ---
[INFO] Checking unresolved references to org.codehaus.mojo.signature:java16:1.1
[INFO] 
[INFO] --- maven-jar-plugin:2.4:jar (default-jar) @ converter-scalars ---
[INFO] Building jar: /home/travis/build/square/retrofit/retrofit-converters/scalars/target/converter-scalars-2.0.0-SNAPSHOT.jar
[INFO] 
[INFO] --- maven-javadoc-plugin:2.10.3:jar (attach-javadocs) @ converter-scalars ---
[INFO] Skipping javadoc generation
[INFO] 
[INFO] --- maven-checkstyle-plugin:2.15:checkstyle (default) @ converter-scalars ---
[INFO] Starting audit...
Audit done.
[WARNING] Unable to locate Source XRef to link to - DISABLED
[INFO] 
[INFO] --- maven-install-plugin:2.4:install (default-install) @ converter-scalars ---
[INFO] Installing /home/travis/build/square/retrofit/retrofit-converters/scalars/target/converter-scalars-2.0.0-SNAPSHOT.jar to /home/travis/.m2/repository/com/squareup/retrofit2/converter-scalars/2.0.0-SNAPSHOT/converter-scalars-2.0.0-SNAPSHOT.jar
[INFO] Installing /home/travis/build/square/retrofit/retrofit-converters/scalars/pom.xml to /home/travis/.m2/repository/com/squareup/retrofit2/converter-scalars/2.0.0-SNAPSHOT/converter-scalars-2.0.0-SNAPSHOT.pom
[INFO]                                                                         
[INFO] ------------------------------------------------------------------------
[INFO] Building Converter: Moshi 2.0.0-SNAPSHOT
[INFO] ------------------------------------------------------------------------
[INFO] 
[INFO] --- maven-enforcer-plugin:1.0:enforce (enforce-maven) @ converter-moshi ---
[INFO] 
[INFO] --- maven-resources-plugin:2.6:resources (default-resources) @ converter-moshi ---
[INFO] Using 'UTF-8' encoding to copy filtered resources.
[INFO] skip non existing resourceDirectory /home/travis/build/square/retrofit/retrofit-converters/moshi/src/main/resources
[INFO] 
[INFO] --- maven-compiler-plugin:3.0:compile (default-compile) @ converter-moshi ---
[INFO] Changes detected - recompiling the module!
[INFO] Compiling 3 source files to /home/travis/build/square/retrofit/retrofit-converters/moshi/target/classes
[INFO] 
[INFO] --- maven-resources-plugin:2.6:testResources (default-testResources) @ converter-moshi ---
[INFO] Using 'UTF-8' encoding to copy filtered resources.
[INFO] skip non existing resourceDirectory /home/travis/build/square/retrofit/retrofit-converters/moshi/src/test/resources
[INFO] 
[INFO] --- maven-compiler-plugin:3.0:testCompile (default-testCompile) @ converter-moshi ---
[INFO] Changes detected - recompiling the module!
[INFO] Compiling 1 source file to /home/travis/build/square/retrofit/retrofit-converters/moshi/target/test-classes
[INFO] 
[INFO] --- maven-surefire-plugin:2.12.4:test (default-test) @ converter-moshi ---
[INFO] Tests are skipped.
[INFO] 
[INFO] --- animal-sniffer-maven-plugin:1.14:check (default) @ converter-moshi ---
[INFO] Checking unresolved references to org.codehaus.mojo.signature:java16:1.1
[INFO] 
[INFO] --- maven-jar-plugin:2.4:jar (default-jar) @ converter-moshi ---
[INFO] Building jar: /home/travis/build/square/retrofit/retrofit-converters/moshi/target/converter-moshi-2.0.0-SNAPSHOT.jar
[INFO] 
[INFO] --- maven-javadoc-plugin:2.10.3:jar (attach-javadocs) @ converter-moshi ---
[INFO] Skipping javadoc generation
[INFO] 
[INFO] --- maven-checkstyle-plugin:2.15:checkstyle (default) @ converter-moshi ---
[INFO] Starting audit...
Audit done.
[WARNING] Unable to locate Source XRef to link to - DISABLED
[INFO] 
[INFO] --- maven-install-plugin:2.4:install (default-install) @ converter-moshi ---
[INFO] Installing /home/travis/build/square/retrofit/retrofit-converters/moshi/target/converter-moshi-2.0.0-SNAPSHOT.jar to /home/travis/.m2/repository/com/squareup/retrofit2/converter-moshi/2.0.0-SNAPSHOT/converter-moshi-2.0.0-SNAPSHOT.jar
[INFO] Installing /home/travis/build/square/retrofit/retrofit-converters/moshi/pom.xml to /home/travis/.m2/repository/com/squareup/retrofit2/converter-moshi/2.0.0-SNAPSHOT/converter-moshi-2.0.0-SNAPSHOT.pom
[INFO]                                                                         
[INFO] ------------------------------------------------------------------------
[INFO] Building Retrofit Mock Adapter 2.0.0-SNAPSHOT
[INFO] ------------------------------------------------------------------------
[INFO] 
[INFO] --- maven-enforcer-plugin:1.0:enforce (enforce-maven) @ retrofit-mock ---
[INFO] 
[INFO] --- maven-resources-plugin:2.6:resources (default-resources) @ retrofit-mock ---
[INFO] Using 'UTF-8' encoding to copy filtered resources.
[INFO] skip non existing resourceDirectory /home/travis/build/square/retrofit/retrofit-mock/src/main/resources
[INFO] 
[INFO] --- maven-compiler-plugin:3.0:compile (default-compile) @ retrofit-mock ---
[INFO] Changes detected - recompiling the module!
[INFO] Compiling 5 source files to /home/travis/build/square/retrofit/retrofit-mock/target/classes
[INFO] 
[INFO] --- maven-resources-plugin:2.6:testResources (default-testResources) @ retrofit-mock ---
[INFO] Using 'UTF-8' encoding to copy filtered resources.
[INFO] skip non existing resourceDirectory /home/travis/build/square/retrofit/retrofit-mock/src/test/resources
[INFO] 
[INFO] --- maven-compiler-plugin:3.0:testCompile (default-testCompile) @ retrofit-mock ---
[INFO] Changes detected - recompiling the module!
[INFO] Compiling 3 source files to /home/travis/build/square/retrofit/retrofit-mock/target/test-classes
[INFO] 
[INFO] --- maven-surefire-plugin:2.12.4:test (default-test) @ retrofit-mock ---
[INFO] Tests are skipped.
[INFO] 
[INFO] --- animal-sniffer-maven-plugin:1.14:check (default) @ retrofit-mock ---
[INFO] Checking unresolved references to org.codehaus.mojo.signature:java16:1.1
[INFO] 
[INFO] --- maven-jar-plugin:2.4:jar (default-jar) @ retrofit-mock ---
[INFO] Building jar: /home/travis/build/square/retrofit/retrofit-mock/target/retrofit-mock-2.0.0-SNAPSHOT.jar
[INFO] 
[INFO] --- maven-javadoc-plugin:2.10.3:jar (attach-javadocs) @ retrofit-mock ---
[INFO] Skipping javadoc generation
[INFO] 
[INFO] --- maven-checkstyle-plugin:2.15:checkstyle (default) @ retrofit-mock ---
[INFO] Starting audit...
Audit done.
[WARNING] Unable to locate Source XRef to link to - DISABLED
[INFO] 
[INFO] --- maven-install-plugin:2.4:install (default-install) @ retrofit-mock ---
[INFO] Installing /home/travis/build/square/retrofit/retrofit-mock/target/retrofit-mock-2.0.0-SNAPSHOT.jar to /home/travis/.m2/repository/com/squareup/retrofit2/retrofit-mock/2.0.0-SNAPSHOT/retrofit-mock-2.0.0-SNAPSHOT.jar
[INFO] Installing /home/travis/build/square/retrofit/retrofit-mock/pom.xml to /home/travis/.m2/repository/com/squareup/retrofit2/retrofit-mock/2.0.0-SNAPSHOT/retrofit-mock-2.0.0-SNAPSHOT.pom
[INFO]                                                                         
[INFO] ------------------------------------------------------------------------
[INFO] Building Samples 2.0.0-SNAPSHOT
[INFO] ------------------------------------------------------------------------
[INFO] 
[INFO] --- maven-enforcer-plugin:1.0:enforce (enforce-maven) @ samples ---
[INFO] 
[INFO] --- maven-resources-plugin:2.6:resources (default-resources) @ samples ---
[INFO] Using 'UTF-8' encoding to copy filtered resources.
[INFO] skip non existing resourceDirectory /home/travis/build/square/retrofit/samples/src/main/resources
[INFO] 
[INFO] --- maven-compiler-plugin:3.0:compile (default-compile) @ samples ---
[INFO] Changes detected - recompiling the module!
[INFO] Compiling 6 source files to /home/travis/build/square/retrofit/samples/target/classes
[INFO] 
[INFO] --- maven-resources-plugin:2.6:testResources (default-testResources) @ samples ---
[INFO] Using 'UTF-8' encoding to copy filtered resources.
[INFO] skip non existing resourceDirectory /home/travis/build/square/retrofit/samples/src/test/resources
[INFO] 
[INFO] --- maven-compiler-plugin:3.0:testCompile (default-testCompile) @ samples ---
[INFO] No sources to compile
[INFO] 
[INFO] --- maven-surefire-plugin:2.12.4:test (default-test) @ samples ---
[INFO] Tests are skipped.
[INFO] 
[INFO] --- animal-sniffer-maven-plugin:1.14:check (default) @ samples ---
[INFO] Checking unresolved references to org.codehaus.mojo.signature:java16:1.1
[INFO] 
[INFO] --- maven-jar-plugin:2.4:jar (default-jar) @ samples ---
[INFO] Building jar: /home/travis/build/square/retrofit/samples/target/samples-2.0.0-SNAPSHOT.jar
[INFO] 
[INFO] --- maven-javadoc-plugin:2.10.3:jar (attach-javadocs) @ samples ---
[INFO] Skipping javadoc generation
[INFO] 
[INFO] --- maven-checkstyle-plugin:2.15:checkstyle (default) @ samples ---
[INFO] Starting audit...
Audit done.
[WARNING] Unable to locate Source XRef to link to - DISABLED
[INFO] 
[INFO] --- maven-install-plugin:2.4:install (default-install) @ samples ---
[INFO] Installing /home/travis/build/square/retrofit/samples/target/samples-2.0.0-SNAPSHOT.jar to /home/travis/.m2/repository/com/squareup/retrofit2/samples/2.0.0-SNAPSHOT/samples-2.0.0-SNAPSHOT.jar
[INFO] Installing /home/travis/build/square/retrofit/samples/pom.xml to /home/travis/.m2/repository/com/squareup/retrofit2/samples/2.0.0-SNAPSHOT/samples-2.0.0-SNAPSHOT.pom
[INFO] ------------------------------------------------------------------------
[INFO] Reactor Summary:
[INFO] 
[INFO] Retrofit (Parent) .................................. SUCCESS [  4.980 s]
[INFO] Retrofit ........................................... SUCCESS [ 12.213 s]
[INFO] Adapters ........................................... SUCCESS [  0.599 s]
[INFO] Adapter: RxJava .................................... SUCCESS [  1.600 s]
[INFO] Converters ......................................... SUCCESS [  0.199 s]
[INFO] Converter: Gson .................................... SUCCESS [  1.221 s]
[INFO] Converter: Protocol Buffers ........................ SUCCESS [  0.848 s]
[INFO] Converter: Jackson ................................. SUCCESS [  0.892 s]
[INFO] Converter: Wire Protocol Buffers ................... SUCCESS [  0.739 s]
[INFO] Converter: SimpleXML ............................... SUCCESS [  0.834 s]
[INFO] Converter: Java Scalars ............................ SUCCESS [  1.437 s]
[INFO] Converter: Moshi ................................... SUCCESS [  0.699 s]
[INFO] Retrofit Mock Adapter .............................. SUCCESS [  1.111 s]
[INFO] Samples ............................................ SUCCESS [  1.166 s]
[INFO] ------------------------------------------------------------------------
[INFO] BUILD SUCCESS
[INFO] ------------------------------------------------------------------------
[INFO] Total time: 28.915 s
[INFO] Finished at: 2016-01-02T06:45:42+00:00
[INFO] Final Memory: 44M/417M
[INFO] ------------------------------------------------------------------------
travis_time:end:05cb64f7:start=1451717112177469882,finish=1451717143226329026,duration=31048859144[0Ktravis_fold:end:install[0Ktravis_time:start:17bdbd64[0K$ mvn test -B
Java HotSpot(TM) 64-Bit Server VM warning: ignoring option MaxPermSize=192m; support was removed in 8.0
[INFO] Scanning for projects...
[WARNING] 
[WARNING] Some problems were encountered while building the effective model for com.squareup.retrofit2:samples:jar:2.0.0-SNAPSHOT
[WARNING] 'build.plugins.plugin.version' for org.apache.maven.plugins:maven-deploy-plugin is missing. @ com.squareup.retrofit2:samples:[unknown-version], /home/travis/build/square/retrofit/samples/pom.xml, line 45, column 15
[WARNING] 
[WARNING] It is highly recommended to fix these problems because they threaten the stability of your build.
[WARNING] 
[WARNING] For this reason, future Maven versions might no longer support building such malformed projects.
[WARNING] 
[INFO] ------------------------------------------------------------------------
[INFO] Reactor Build Order:
[INFO] 
[INFO] Retrofit (Parent)
[INFO] Retrofit
[INFO] Adapters
[INFO] Adapter: RxJava
[INFO] Converters
[INFO] Converter: Gson
[INFO] Converter: Protocol Buffers
[INFO] Converter: Jackson
[INFO] Converter: Wire Protocol Buffers
[INFO] Converter: SimpleXML
[INFO] Converter: Java Scalars
[INFO] Converter: Moshi
[INFO] Retrofit Mock Adapter
[INFO] Samples
[INFO]                                                                         
[INFO] ------------------------------------------------------------------------
[INFO] Building Retrofit (Parent) 2.0.0-SNAPSHOT
[INFO] ------------------------------------------------------------------------
[INFO] 
[INFO] --- maven-enforcer-plugin:1.0:enforce (enforce-maven) @ parent ---
[INFO] 
[INFO] --- animal-sniffer-maven-plugin:1.14:check (default) @ parent ---
[INFO] Checking unresolved references to org.codehaus.mojo.signature:java16:1.1
[INFO]                                                                         
[INFO] ------------------------------------------------------------------------
[INFO] Building Retrofit 2.0.0-SNAPSHOT
[INFO] ------------------------------------------------------------------------
[INFO] Downloading: https://repository.apache.org/snapshots/com/squareup/okhttp3/okhttp/3.0.0-SNAPSHOT/maven-metadata.xml
[INFO] Downloading: https://nexus.codehaus.org/snapshots/com/squareup/okhttp3/okhttp/3.0.0-SNAPSHOT/maven-metadata.xml
[WARNING] Could not transfer metadata com.squareup.okhttp3:okhttp:3.0.0-SNAPSHOT/maven-metadata.xml from/to codehaus-snapshots (https://nexus.codehaus.org/snapshots/): nexus.codehaus.org: unknown error
[WARNING] Failure to transfer com.squareup.okhttp3:okhttp:3.0.0-SNAPSHOT/maven-metadata.xml from https://nexus.codehaus.org/snapshots/ was cached in the local repository, resolution will not be reattempted until the update interval of codehaus-snapshots has elapsed or updates are forced. Original error: Could not transfer metadata com.squareup.okhttp3:okhttp:3.0.0-SNAPSHOT/maven-metadata.xml from/to codehaus-snapshots (https://nexus.codehaus.org/snapshots/): nexus.codehaus.org: unknown error
[INFO] Downloading: https://repository.apache.org/snapshots/com/squareup/okhttp3/parent/3.0.0-SNAPSHOT/maven-metadata.xml
[INFO] Downloading: https://nexus.codehaus.org/snapshots/com/squareup/okhttp3/parent/3.0.0-SNAPSHOT/maven-metadata.xml
[WARNING] Could not transfer metadata com.squareup.okhttp3:parent:3.0.0-SNAPSHOT/maven-metadata.xml from/to codehaus-snapshots (https://nexus.codehaus.org/snapshots/): nexus.codehaus.org
[INFO] Downloading: https://repository.apache.org/snapshots/com/squareup/okhttp3/mockwebserver/3.0.0-SNAPSHOT/maven-metadata.xml
[INFO] Downloading: https://nexus.codehaus.org/snapshots/com/squareup/okhttp3/mockwebserver/3.0.0-SNAPSHOT/maven-metadata.xml
[WARNING] Could not transfer metadata com.squareup.okhttp3:mockwebserver:3.0.0-SNAPSHOT/maven-metadata.xml from/to codehaus-snapshots (https://nexus.codehaus.org/snapshots/): nexus.codehaus.org
[WARNING] Failure to transfer com.squareup.okhttp3:mockwebserver:3.0.0-SNAPSHOT/maven-metadata.xml from https://nexus.codehaus.org/snapshots/ was cached in the local repository, resolution will not be reattempted until the update interval of codehaus-snapshots has elapsed or updates are forced. Original error: Could not transfer metadata com.squareup.okhttp3:mockwebserver:3.0.0-SNAPSHOT/maven-metadata.xml from/to codehaus-snapshots (https://nexus.codehaus.org/snapshots/): nexus.codehaus.org
[INFO] Downloading: https://repository.apache.org/snapshots/com/squareup/okhttp3/okhttp-ws/3.0.0-SNAPSHOT/maven-metadata.xml
[INFO] Downloading: https://nexus.codehaus.org/snapshots/com/squareup/okhttp3/okhttp-ws/3.0.0-SNAPSHOT/maven-metadata.xml
[WARNING] Could not transfer metadata com.squareup.okhttp3:okhttp-ws:3.0.0-SNAPSHOT/maven-metadata.xml from/to codehaus-snapshots (https://nexus.codehaus.org/snapshots/): nexus.codehaus.org
[WARNING] Failure to transfer com.squareup.okhttp3:okhttp-ws:3.0.0-SNAPSHOT/maven-metadata.xml from https://nexus.codehaus.org/snapshots/ was cached in the local repository, resolution will not be reattempted until the update interval of codehaus-snapshots has elapsed or updates are forced. Original error: Could not transfer metadata com.squareup.okhttp3:okhttp-ws:3.0.0-SNAPSHOT/maven-metadata.xml from/to codehaus-snapshots (https://nexus.codehaus.org/snapshots/): nexus.codehaus.org
[INFO] 
[INFO] --- maven-enforcer-plugin:1.0:enforce (enforce-maven) @ retrofit ---
[INFO] 
[INFO] --- maven-resources-plugin:2.6:resources (default-resources) @ retrofit ---
[INFO] Using 'UTF-8' encoding to copy filtered resources.
[INFO] skip non existing resourceDirectory /home/travis/build/square/retrofit/retrofit/src/main/resources
[INFO] 
[INFO] --- maven-compiler-plugin:3.0:compile (default-compile) @ retrofit ---
[INFO] Changes detected - recompiling the module!
[INFO] Compiling 42 source files to /home/travis/build/square/retrofit/retrofit/target/classes
[WARNING] /home/travis/build/square/retrofit/retrofit/src/main/java/retrofit2/Retrofit.java: Some input files use unchecked or unsafe operations.
[WARNING] /home/travis/build/square/retrofit/retrofit/src/main/java/retrofit2/Retrofit.java: Recompile with -Xlint:unchecked for details.
[INFO] 
[INFO] --- maven-resources-plugin:2.6:testResources (default-testResources) @ retrofit ---
[INFO] Using 'UTF-8' encoding to copy filtered resources.
[INFO] skip non existing resourceDirectory /home/travis/build/square/retrofit/retrofit/src/test/resources
[INFO] 
[INFO] --- maven-compiler-plugin:3.0:testCompile (default-testCompile) @ retrofit ---
[INFO] Changes detected - recompiling the module!
[INFO] Compiling 8 source files to /home/travis/build/square/retrofit/retrofit/target/test-classes
[WARNING] /home/travis/build/square/retrofit/retrofit/src/test/java/retrofit2/RetrofitTest.java: /home/travis/build/square/retrofit/retrofit/src/test/java/retrofit2/RetrofitTest.java uses unchecked or unsafe operations.
[WARNING] /home/travis/build/square/retrofit/retrofit/src/test/java/retrofit2/RetrofitTest.java: Recompile with -Xlint:unchecked for details.
[INFO] 
[INFO] --- maven-surefire-plugin:2.12.4:test (default-test) @ retrofit ---
[INFO] Surefire report directory: /home/travis/build/square/retrofit/retrofit/target/surefire-reports

-------------------------------------------------------
 T E S T S
-------------------------------------------------------
Running retrofit2.CallTest
Jan 02, 2016 6:45:57 AM okhttp3.mockwebserver.MockWebServer$3 execute
INFO: MockWebServer[37357] starting to accept connections
Jan 02, 2016 6:45:58 AM okhttp3.mockwebserver.MockWebServer$3 acceptConnections
INFO: MockWebServer[37357] done accepting connections: Socket closed
Jan 02, 2016 6:45:58 AM okhttp3.mockwebserver.MockWebServer$3 execute
INFO: MockWebServer[60534] starting to accept connections
Jan 02, 2016 6:45:58 AM okhttp3.mockwebserver.MockWebServer$4 processOneRequest
INFO: MockWebServer[60534] received request: GET / HTTP/1.1 and responded: HTTP/1.1 200 OK
Jan 02, 2016 6:45:58 AM okhttp3.mockwebserver.MockWebServer$3 acceptConnections
INFO: MockWebServer[60534] done accepting connections: Socket closed
Jan 02, 2016 6:45:58 AM okhttp3.mockwebserver.MockWebServer$3 execute
INFO: MockWebServer[42786] starting to accept connections
Jan 02, 2016 6:45:58 AM okhttp3.mockwebserver.MockWebServer$3 acceptConnections
INFO: MockWebServer[42786] done accepting connections: Socket closed
Jan 02, 2016 6:45:58 AM okhttp3.mockwebserver.MockWebServer$4 processOneRequest
INFO: MockWebServer[42786] received request: GET / HTTP/1.1 and responded: HTTP/1.1 404 OK
Jan 02, 2016 6:45:58 AM okhttp3.mockwebserver.MockWebServer$3 execute
INFO: MockWebServer[36113] starting to accept connections
Jan 02, 2016 6:45:58 AM okhttp3.mockwebserver.MockWebServer$3 acceptConnections
INFO: MockWebServer[36113] done accepting connections: Socket closed
Jan 02, 2016 6:45:58 AM okhttp3.mockwebserver.MockWebServer$3 execute
INFO: MockWebServer[34489] starting to accept connections
Jan 02, 2016 6:45:58 AM okhttp3.mockwebserver.MockWebServer$3 acceptConnections
INFO: MockWebServer[34489] done accepting connections: Socket closed
Jan 02, 2016 6:45:58 AM okhttp3.mockwebserver.MockWebServer$3 execute
INFO: MockWebServer[60568] starting to accept connections
Jan 02, 2016 6:45:58 AM okhttp3.mockwebserver.MockWebServer$3 acceptConnections
INFO: MockWebServer[60568] done accepting connections: Socket closed
Jan 02, 2016 6:45:58 AM okhttp3.mockwebserver.MockWebServer$4 processOneRequest
INFO: MockWebServer[60568] received request: GET / HTTP/1.1 and responded: HTTP/1.1 200 OK
Jan 02, 2016 6:45:58 AM okhttp3.mockwebserver.MockWebServer$3 execute
INFO: MockWebServer[40548] starting to accept connections
Jan 02, 2016 6:45:58 AM okhttp3.mockwebserver.MockWebServer$3 acceptConnections
INFO: MockWebServer[40548] done accepting connections: Socket closed
Jan 02, 2016 6:45:58 AM okhttp3.mockwebserver.MockWebServer$4 processOneRequest
INFO: MockWebServer[40548] received request: GET / HTTP/1.1 and responded: HTTP/1.1 200 OK
Jan 02, 2016 6:45:58 AM okhttp3.mockwebserver.MockWebServer$3 execute
INFO: MockWebServer[57462] starting to accept connections
Jan 02, 2016 6:45:58 AM okhttp3.mockwebserver.MockWebServer$3 acceptConnections
INFO: MockWebServer[57462] done accepting connections: Socket is closed
Jan 02, 2016 6:45:58 AM okhttp3.mockwebserver.MockWebServer$3 execute
INFO: MockWebServer[60900] starting to accept connections
Jan 02, 2016 6:45:58 AM okhttp3.mockwebserver.MockWebServer$3 acceptConnections
INFO: MockWebServer[60900] done accepting connections: Socket closed
Jan 02, 2016 6:45:58 AM okhttp3.mockwebserver.MockWebServer$4 processOneRequest
INFO: MockWebServer[60900] received request: GET / HTTP/1.1 and responded: HTTP/1.1 404 OK
Jan 02, 2016 6:45:58 AM okhttp3.mockwebserver.MockWebServer$3 execute
INFO: MockWebServer[45122] starting to accept connections
Jan 02, 2016 6:45:58 AM okhttp3.mockwebserver.MockWebServer$3 acceptConnections
INFO: MockWebServer[45122] done accepting connections: Socket closed
Jan 02, 2016 6:45:58 AM okhttp3.mockwebserver.MockWebServer$4 processOneRequest
INFO: MockWebServer[45122] received request: POST / HTTP/1.1 and responded: HTTP/1.1 200 OK
Jan 02, 2016 6:45:58 AM okhttp3.mockwebserver.MockWebServer$3 execute
INFO: MockWebServer[51945] starting to accept connections
Jan 02, 2016 6:45:58 AM okhttp3.mockwebserver.MockWebServer$3 acceptConnections
INFO: MockWebServer[51945] done accepting connections: Socket closed
Jan 02, 2016 6:45:58 AM okhttp3.mockwebserver.MockWebServer$4 processOneRequest
INFO: MockWebServer[51945] received request: GET / HTTP/1.1 and responded: HTTP/1.1 204 Nothin
Jan 02, 2016 6:45:58 AM okhttp3.mockwebserver.MockWebServer$3 execute
INFO: MockWebServer[38927] starting to accept connections
Jan 02, 2016 6:45:58 AM okhttp3.mockwebserver.MockWebServer$3 acceptConnections
INFO: MockWebServer[38927] done accepting connections: Socket closed
Jan 02, 2016 6:45:58 AM okhttp3.mockwebserver.MockWebServer$4 processOneRequest
INFO: MockWebServer[38927] received request: GET / HTTP/1.1 and responded: HTTP/1.1 200 OK
Jan 02, 2016 6:45:58 AM okhttp3.mockwebserver.MockWebServer$3 execute
INFO: MockWebServer[59742] starting to accept connections
Jan 02, 2016 6:45:58 AM okhttp3.mockwebserver.MockWebServer$3 acceptConnections
INFO: MockWebServer[59742] done accepting connections: Socket closed
Jan 02, 2016 6:45:58 AM okhttp3.mockwebserver.MockWebServer$4 processOneRequest
INFO: MockWebServer[59742] received request: GET / HTTP/1.1 and responded: HTTP/1.1 200 OK
Jan 02, 2016 6:45:58 AM okhttp3.mockwebserver.MockWebServer$3 execute
INFO: MockWebServer[57839] starting to accept connections
Jan 02, 2016 6:45:58 AM okhttp3.mockwebserver.MockWebServer$3 acceptConnections
INFO: MockWebServer[57839] done accepting connections: Socket closed
Jan 02, 2016 6:45:58 AM okhttp3.mockwebserver.MockWebServer$4 processOneRequest
INFO: MockWebServer[57839] received request: POST / HTTP/1.1 and responded: HTTP/1.1 200 OK
Jan 02, 2016 6:45:58 AM okhttp3.mockwebserver.MockWebServer$3 execute
INFO: MockWebServer[53107] starting to accept connections
Jan 02, 2016 6:45:58 AM okhttp3.mockwebserver.MockWebServer$3 acceptConnections
INFO: MockWebServer[53107] done accepting connections: Socket is closed
Jan 02, 2016 6:45:58 AM okhttp3.mockwebserver.MockWebServer$3 execute
INFO: MockWebServer[48774] starting to accept connections
Jan 02, 2016 6:45:58 AM okhttp3.mockwebserver.MockWebServer$3 acceptConnections
INFO: MockWebServer[48774] done accepting connections: Socket closed
Jan 02, 2016 6:45:58 AM okhttp3.mockwebserver.MockWebServer$4 processOneRequest
INFO: MockWebServer[48774] received request: GET / HTTP/1.1 and responded: HTTP/1.1 200 OK
Jan 02, 2016 6:45:58 AM okhttp3.mockwebserver.MockWebServer$3 execute
INFO: MockWebServer[55236] starting to accept connections
Jan 02, 2016 6:45:58 AM okhttp3.mockwebserver.MockWebServer$3 acceptConnections
INFO: MockWebServer[55236] done accepting connections: Socket closed
Jan 02, 2016 6:45:58 AM okhttp3.mockwebserver.MockWebServer$4 processOneRequest
INFO: MockWebServer[55236] received request: GET / HTTP/1.1 and responded: HTTP/1.1 200 OK
Jan 02, 2016 6:45:58 AM okhttp3.mockwebserver.MockWebServer$3 execute
INFO: MockWebServer[49446] starting to accept connections
Jan 02, 2016 6:45:59 AM okhttp3.mockwebserver.MockWebServer$4 processOneRequest
INFO: MockWebServer[49446] received request: GET / HTTP/1.1 and responded: HTTP/1.1 205 Nothin
Jan 02, 2016 6:45:59 AM okhttp3.mockwebserver.MockWebServer$3 acceptConnections
INFO: MockWebServer[49446] done accepting connections: Socket closed
Jan 02, 2016 6:45:59 AM okhttp3.mockwebserver.MockWebServer$3 execute
INFO: MockWebServer[33234] starting to accept connections
Jan 02, 2016 6:45:59 AM okhttp3.mockwebserver.MockWebServer$4 processOneRequest
INFO: MockWebServer[33234] received request: GET / HTTP/1.1 and responded: HTTP/1.1 200 OK
Jan 02, 2016 6:45:59 AM okhttp3.mockwebserver.MockWebServer$4 processOneRequest
INFO: MockWebServer[33234] received request: GET / HTTP/1.1 and responded: HTTP/1.1 200 OK
Jan 02, 2016 6:45:59 AM okhttp3.mockwebserver.MockWebServer$3 acceptConnections
INFO: MockWebServer[33234] done accepting connections: Socket closed
Jan 02, 2016 6:45:59 AM okhttp3.mockwebserver.MockWebServer$3 execute
INFO: MockWebServer[53802] starting to accept connections
Jan 02, 2016 6:45:59 AM okhttp3.mockwebserver.MockWebServer$3 acceptConnections
INFO: MockWebServer[53802] done accepting connections: Socket closed
Jan 02, 2016 6:45:59 AM okhttp3.mockwebserver.MockWebServer$4 processOneRequest
INFO: MockWebServer[53802] received request: GET / HTTP/1.1 and responded: HTTP/1.1 200 OK
Jan 02, 2016 6:45:59 AM okhttp3.mockwebserver.MockWebServer$3 execute
INFO: MockWebServer[42704] starting to accept connections
Jan 02, 2016 6:45:59 AM okhttp3.mockwebserver.MockWebServer$3 acceptConnections
INFO: MockWebServer[42704] done accepting connections: Socket closed
Jan 02, 2016 6:45:59 AM okhttp3.mockwebserver.MockWebServer$3 execute
INFO: MockWebServer[48977] starting to accept connections
Jan 02, 2016 6:45:59 AM okhttp3.mockwebserver.MockWebServer$3 acceptConnections
INFO: MockWebServer[48977] done accepting connections: Socket closed
Jan 02, 2016 6:45:59 AM okhttp3.mockwebserver.MockWebServer$3 execute
INFO: MockWebServer[58511] starting to accept connections
Jan 02, 2016 6:45:59 AM okhttp3.mockwebserver.MockWebServer$3 acceptConnections
INFO: MockWebServer[58511] done accepting connections: Socket closed
Jan 02, 2016 6:45:59 AM okhttp3.mockwebserver.MockWebServer$3 execute
INFO: MockWebServer[41698] starting to accept connections
Jan 02, 2016 6:45:59 AM okhttp3.mockwebserver.MockWebServer$4 processOneRequest
INFO: MockWebServer[41698] received request: GET / HTTP/1.1 and responded: HTTP/1.1 200 OK
Jan 02, 2016 6:45:59 AM okhttp3.mockwebserver.MockWebServer$3 acceptConnections
INFO: MockWebServer[41698] done accepting connections: Socket closed
Jan 02, 2016 6:45:59 AM okhttp3.mockwebserver.MockWebServer$3 execute
INFO: MockWebServer[50478] starting to accept connections
Jan 02, 2016 6:45:59 AM okhttp3.mockwebserver.MockWebServer$4 processOneRequest
INFO: MockWebServer[50478] received request: GET / HTTP/1.1 and responded: HTTP/1.1 200 OK
Jan 02, 2016 6:45:59 AM okhttp3.mockwebserver.MockWebServer$3 acceptConnections
INFO: MockWebServer[50478] done accepting connections: Socket closed
Jan 02, 2016 6:45:59 AM okhttp3.mockwebserver.MockWebServer$3 execute
INFO: MockWebServer[40274] starting to accept connections
Jan 02, 2016 6:45:59 AM okhttp3.mockwebserver.MockWebServer$3 acceptConnections
INFO: MockWebServer[40274] done accepting connections: Socket closed
Jan 02, 2016 6:45:59 AM okhttp3.mockwebserver.MockWebServer$4 processOneRequest
INFO: MockWebServer[40274] received request: GET / HTTP/1.1 and responded: HTTP/1.1 200 OK
Tests run: 26, Failures: 0, Errors: 0, Skipped: 0, Time elapsed: 1.632 sec
Running retrofit2.RequestBuilderTest
Tests run: 101, Failures: 0, Errors: 0, Skipped: 2, Time elapsed: 0.302 sec
Running retrofit2.ExecutorCallAdapterFactoryTest
Tests run: 7, Failures: 0, Errors: 0, Skipped: 0, Time elapsed: 0.2 sec
Running retrofit2.ResponseTest
Tests run: 12, Failures: 0, Errors: 0, Skipped: 0, Time elapsed: 0.02 sec
Running retrofit2.RequestFactoryParserTest
Tests run: 1, Failures: 0, Errors: 0, Skipped: 0, Time elapsed: 0.01 sec
Running retrofit2.RetrofitTest
Jan 02, 2016 6:45:59 AM okhttp3.mockwebserver.MockWebServer$3 execute
INFO: MockWebServer[42796] starting to accept connections
Jan 02, 2016 6:45:59 AM okhttp3.mockwebserver.MockWebServer$3 acceptConnections
INFO: MockWebServer[42796] done accepting connections: Socket is closed
Jan 02, 2016 6:45:59 AM okhttp3.mockwebserver.MockWebServer$3 execute
INFO: MockWebServer[33620] starting to accept connections
Jan 02, 2016 6:45:59 AM okhttp3.mockwebserver.MockWebServer$3 acceptConnections
INFO: MockWebServer[33620] done accepting connections: Socket is closed
Jan 02, 2016 6:45:59 AM okhttp3.mockwebserver.MockWebServer$3 execute
INFO: MockWebServer[45469] starting to accept connections
Jan 02, 2016 6:45:59 AM okhttp3.mockwebserver.MockWebServer$3 acceptConnections
INFO: MockWebServer[45469] done accepting connections: Socket closed
Jan 02, 2016 6:45:59 AM okhttp3.mockwebserver.MockWebServer$3 execute
INFO: MockWebServer[59283] starting to accept connections
Jan 02, 2016 6:45:59 AM okhttp3.mockwebserver.MockWebServer$3 acceptConnections
INFO: MockWebServer[59283] done accepting connections: Socket is closed
Jan 02, 2016 6:45:59 AM okhttp3.mockwebserver.MockWebServer$3 execute
INFO: MockWebServer[44203] starting to accept connections
Jan 02, 2016 6:46:00 AM okhttp3.mockwebserver.MockWebServer$3 acceptConnections
INFO: MockWebServer[44203] done accepting connections: Socket closed
Jan 02, 2016 6:46:00 AM okhttp3.mockwebserver.MockWebServer$4 processOneRequest
INFO: MockWebServer[44203] received request: GET / HTTP/1.1 and responded: HTTP/1.1 200 OK
Jan 02, 2016 6:46:00 AM okhttp3.mockwebserver.MockWebServer$3 execute
INFO: MockWebServer[58587] starting to accept connections
Jan 02, 2016 6:46:00 AM okhttp3.mockwebserver.MockWebServer$3 acceptConnections
INFO: MockWebServer[58587] done accepting connections: Socket is closed
Jan 02, 2016 6:46:00 AM okhttp3.mockwebserver.MockWebServer$3 execute
INFO: MockWebServer[57889] starting to accept connections
Jan 02, 2016 6:46:00 AM okhttp3.mockwebserver.MockWebServer$3 acceptConnections
INFO: MockWebServer[57889] done accepting connections: Socket is closed
Jan 02, 2016 6:46:00 AM okhttp3.mockwebserver.MockWebServer$3 execute
INFO: MockWebServer[58621] starting to accept connections
Jan 02, 2016 6:46:00 AM okhttp3.mockwebserver.MockWebServer$3 acceptConnections
INFO: MockWebServer[58621] done accepting connections: Socket closed
Jan 02, 2016 6:46:00 AM okhttp3.mockwebserver.MockWebServer$3 execute
INFO: MockWebServer[42283] starting to accept connections
Jan 02, 2016 6:46:00 AM okhttp3.mockwebserver.MockWebServer$3 acceptConnections
INFO: MockWebServer[42283] done accepting connections: Socket is closed
Jan 02, 2016 6:46:00 AM okhttp3.mockwebserver.MockWebServer$3 execute
INFO: MockWebServer[55454] starting to accept connections
Jan 02, 2016 6:46:00 AM okhttp3.mockwebserver.MockWebServer$3 acceptConnections
INFO: MockWebServer[55454] done accepting connections: Socket closed
Jan 02, 2016 6:46:00 AM okhttp3.mockwebserver.MockWebServer$3 execute
INFO: MockWebServer[44210] starting to accept connections
Jan 02, 2016 6:46:00 AM okhttp3.mockwebserver.MockWebServer$3 acceptConnections
INFO: MockWebServer[44210] done accepting connections: Socket closed
Jan 02, 2016 6:46:00 AM okhttp3.mockwebserver.MockWebServer$3 execute
INFO: MockWebServer[37735] starting to accept connections
Jan 02, 2016 6:46:00 AM okhttp3.mockwebserver.MockWebServer$3 acceptConnections
INFO: MockWebServer[37735] done accepting connections: Socket is closed
Jan 02, 2016 6:46:00 AM okhttp3.mockwebserver.MockWebServer$3 execute
INFO: MockWebServer[37251] starting to accept connections
Jan 02, 2016 6:46:00 AM okhttp3.mockwebserver.MockWebServer$3 acceptConnections
INFO: MockWebServer[37251] done accepting connections: Socket closed
Jan 02, 2016 6:46:00 AM okhttp3.mockwebserver.MockWebServer$3 execute
INFO: MockWebServer[40773] starting to accept connections
Jan 02, 2016 6:46:00 AM okhttp3.mockwebserver.MockWebServer$3 acceptConnections
INFO: MockWebServer[40773] done accepting connections: Socket closed
Jan 02, 2016 6:46:00 AM okhttp3.mockwebserver.MockWebServer$4 processOneRequest
INFO: MockWebServer[40773] received request: GET / HTTP/1.1 and responded: HTTP/1.1 200 OK
Jan 02, 2016 6:46:00 AM okhttp3.mockwebserver.MockWebServer$3 execute
INFO: MockWebServer[44589] starting to accept connections
Jan 02, 2016 6:46:00 AM okhttp3.mockwebserver.MockWebServer$3 acceptConnections
INFO: MockWebServer[44589] done accepting connections: Socket is closed
Jan 02, 2016 6:46:00 AM okhttp3.mockwebserver.MockWebServer$3 execute
INFO: MockWebServer[45849] starting to accept connections
Jan 02, 2016 6:46:00 AM okhttp3.mockwebserver.MockWebServer$3 acceptConnections
INFO: MockWebServer[45849] done accepting connections: Socket is closed
Jan 02, 2016 6:46:00 AM okhttp3.mockwebserver.MockWebServer$3 execute
INFO: MockWebServer[43265] starting to accept connections
Jan 02, 2016 6:46:00 AM okhttp3.mockwebserver.MockWebServer$3 acceptConnections
INFO: MockWebServer[43265] done accepting connections: Socket closed
Jan 02, 2016 6:46:00 AM okhttp3.mockwebserver.MockWebServer$4 processOneRequest
INFO: MockWebServer[43265] received request: GET / HTTP/1.1 and responded: HTTP/1.1 200 OK
Jan 02, 2016 6:46:00 AM okhttp3.mockwebserver.MockWebServer$3 execute
INFO: MockWebServer[53821] starting to accept connections
Jan 02, 2016 6:46:00 AM okhttp3.mockwebserver.MockWebServer$3 acceptConnections
INFO: MockWebServer[53821] done accepting connections: Socket closed
Jan 02, 2016 6:46:00 AM okhttp3.mockwebserver.MockWebServer$3 execute
INFO: MockWebServer[32869] starting to accept connections
Jan 02, 2016 6:46:00 AM okhttp3.mockwebserver.MockWebServer$4 processOneRequest
INFO: MockWebServer[32869] received request: POST / HTTP/1.1 and responded: HTTP/1.1 200 OK
Jan 02, 2016 6:46:00 AM okhttp3.mockwebserver.MockWebServer$3 acceptConnections
INFO: MockWebServer[32869] done accepting connections: Socket closed
Jan 02, 2016 6:46:00 AM okhttp3.mockwebserver.MockWebServer$3 execute
INFO: MockWebServer[52908] starting to accept connections
Jan 02, 2016 6:46:00 AM okhttp3.mockwebserver.MockWebServer$3 acceptConnections
INFO: MockWebServer[52908] done accepting connections: Socket is closed
Jan 02, 2016 6:46:00 AM okhttp3.mockwebserver.MockWebServer$3 execute
INFO: MockWebServer[48700] starting to accept connections
Jan 02, 2016 6:46:00 AM okhttp3.mockwebserver.MockWebServer$3 acceptConnections
INFO: MockWebServer[48700] done accepting connections: Socket closed
Jan 02, 2016 6:46:00 AM okhttp3.mockwebserver.MockWebServer$3 execute
INFO: MockWebServer[55037] starting to accept connections
Jan 02, 2016 6:46:00 AM okhttp3.mockwebserver.MockWebServer$3 acceptConnections
INFO: MockWebServer[55037] done accepting connections: Socket is closed
Jan 02, 2016 6:46:00 AM okhttp3.mockwebserver.MockWebServer$3 execute
INFO: MockWebServer[60694] starting to accept connections
Jan 02, 2016 6:46:00 AM okhttp3.mockwebserver.MockWebServer$3 acceptConnections
INFO: MockWebServer[60694] done accepting connections: Socket closed
Jan 02, 2016 6:46:00 AM okhttp3.mockwebserver.MockWebServer$3 execute
INFO: MockWebServer[35795] starting to accept connections
Jan 02, 2016 6:46:00 AM okhttp3.mockwebserver.MockWebServer$3 acceptConnections
INFO: MockWebServer[35795] done accepting connections: Socket is closed
Jan 02, 2016 6:46:00 AM okhttp3.mockwebserver.MockWebServer$3 execute
INFO: MockWebServer[46399] starting to accept connections
Jan 02, 2016 6:46:00 AM okhttp3.mockwebserver.MockWebServer$3 acceptConnections
INFO: MockWebServer[46399] done accepting connections: Socket closed
Jan 02, 2016 6:46:00 AM okhttp3.mockwebserver.MockWebServer$3 execute
INFO: MockWebServer[57119] starting to accept connections
Jan 02, 2016 6:46:00 AM okhttp3.mockwebserver.MockWebServer$4 processOneRequest
INFO: MockWebServer[57119] received request: GET / HTTP/1.1 and responded: HTTP/1.1 200 OK
Jan 02, 2016 6:46:00 AM okhttp3.mockwebserver.MockWebServer$3 acceptConnections
INFO: MockWebServer[57119] done accepting connections: Socket closed
Jan 02, 2016 6:46:00 AM okhttp3.mockwebserver.MockWebServer$3 execute
INFO: MockWebServer[36142] starting to accept connections
Jan 02, 2016 6:46:00 AM okhttp3.mockwebserver.MockWebServer$3 acceptConnections
INFO: MockWebServer[36142] done accepting connections: Socket closed
Jan 02, 2016 6:46:00 AM okhttp3.mockwebserver.MockWebServer$3 execute
INFO: MockWebServer[46776] starting to accept connections
Jan 02, 2016 6:46:00 AM okhttp3.mockwebserver.MockWebServer$3 acceptConnections
INFO: MockWebServer[46776] done accepting connections: Socket is closed
Jan 02, 2016 6:46:00 AM okhttp3.mockwebserver.MockWebServer$3 execute
INFO: MockWebServer[59353] starting to accept connections
Jan 02, 2016 6:46:00 AM okhttp3.mockwebserver.MockWebServer$3 acceptConnections
INFO: MockWebServer[59353] done accepting connections: Socket closed
Jan 02, 2016 6:46:00 AM okhttp3.mockwebserver.MockWebServer$3 execute
INFO: MockWebServer[50513] starting to accept connections
Jan 02, 2016 6:46:00 AM okhttp3.mockwebserver.MockWebServer$3 acceptConnections
INFO: MockWebServer[50513] done accepting connections: Socket closed
Jan 02, 2016 6:46:00 AM okhttp3.mockwebserver.MockWebServer$3 execute
INFO: MockWebServer[57265] starting to accept connections
Jan 02, 2016 6:46:00 AM okhttp3.mockwebserver.MockWebServer$3 acceptConnections
INFO: MockWebServer[57265] done accepting connections: Socket closed
Jan 02, 2016 6:46:00 AM okhttp3.mockwebserver.MockWebServer$3 execute
INFO: MockWebServer[50250] starting to accept connections
Jan 02, 2016 6:46:00 AM okhttp3.mockwebserver.MockWebServer$3 acceptConnections
INFO: MockWebServer[50250] done accepting connections: Socket is closed
Jan 02, 2016 6:46:00 AM okhttp3.mockwebserver.MockWebServer$3 execute
INFO: MockWebServer[34803] starting to accept connections
Jan 02, 2016 6:46:00 AM okhttp3.mockwebserver.MockWebServer$3 acceptConnections
INFO: MockWebServer[34803] done accepting connections: Socket closed
Jan 02, 2016 6:46:00 AM okhttp3.mockwebserver.MockWebServer$3 execute
INFO: MockWebServer[34705] starting to accept connections
Jan 02, 2016 6:46:00 AM okhttp3.mockwebserver.MockWebServer$3 acceptConnections
INFO: MockWebServer[34705] done accepting connections: Socket closed
Jan 02, 2016 6:46:00 AM okhttp3.mockwebserver.MockWebServer$3 execute
INFO: MockWebServer[46114] starting to accept connections
Jan 02, 2016 6:46:00 AM okhttp3.mockwebserver.MockWebServer$3 acceptConnections
INFO: MockWebServer[46114] done accepting connections: Socket closed
Jan 02, 2016 6:46:00 AM okhttp3.mockwebserver.MockWebServer$3 execute
INFO: MockWebServer[38496] starting to accept connections
Jan 02, 2016 6:46:00 AM okhttp3.mockwebserver.MockWebServer$3 acceptConnections
INFO: MockWebServer[38496] done accepting connections: Socket is closed
Jan 02, 2016 6:46:00 AM okhttp3.mockwebserver.MockWebServer$3 execute
INFO: MockWebServer[36439] starting to accept connections
Jan 02, 2016 6:46:00 AM okhttp3.mockwebserver.MockWebServer$3 acceptConnections
INFO: MockWebServer[36439] done accepting connections: Socket closed
Jan 02, 2016 6:46:00 AM okhttp3.mockwebserver.MockWebServer$3 execute
INFO: MockWebServer[47710] starting to accept connections
Jan 02, 2016 6:46:00 AM okhttp3.mockwebserver.MockWebServer$3 acceptConnections
INFO: MockWebServer[47710] done accepting connections: Socket closed
Jan 02, 2016 6:46:00 AM okhttp3.mockwebserver.MockWebServer$3 execute
INFO: MockWebServer[52428] starting to accept connections
Jan 02, 2016 6:46:00 AM okhttp3.mockwebserver.MockWebServer$3 acceptConnections
INFO: MockWebServer[52428] done accepting connections: Socket closed
Jan 02, 2016 6:46:00 AM okhttp3.mockwebserver.MockWebServer$3 execute
INFO: MockWebServer[58922] starting to accept connections
Jan 02, 2016 6:46:00 AM okhttp3.mockwebserver.MockWebServer$3 acceptConnections
INFO: MockWebServer[58922] done accepting connections: Socket is closed
Jan 02, 2016 6:46:00 AM okhttp3.mockwebserver.MockWebServer$3 execute
INFO: MockWebServer[51008] starting to accept connections
Jan 02, 2016 6:46:00 AM okhttp3.mockwebserver.MockWebServer$3 acceptConnections
INFO: MockWebServer[51008] done accepting connections: Socket is closed
Jan 02, 2016 6:46:00 AM okhttp3.mockwebserver.MockWebServer$3 execute
INFO: MockWebServer[32935] starting to accept connections
Jan 02, 2016 6:46:00 AM okhttp3.mockwebserver.MockWebServer$3 acceptConnections
INFO: MockWebServer[32935] done accepting connections: Socket is closed
Jan 02, 2016 6:46:00 AM okhttp3.mockwebserver.MockWebServer$3 execute
INFO: MockWebServer[56432] starting to accept connections
Jan 02, 2016 6:46:00 AM okhttp3.mockwebserver.MockWebServer$3 acceptConnections
INFO: MockWebServer[56432] done accepting connections: Socket is closed
Jan 02, 2016 6:46:00 AM okhttp3.mockwebserver.MockWebServer$3 execute
INFO: MockWebServer[51454] starting to accept connections
Jan 02, 2016 6:46:00 AM okhttp3.mockwebserver.MockWebServer$3 acceptConnections
INFO: MockWebServer[51454] done accepting connections: Socket is closed
Jan 02, 2016 6:46:00 AM okhttp3.mockwebserver.MockWebServer$3 execute
INFO: MockWebServer[52010] starting to accept connections
Jan 02, 2016 6:46:00 AM okhttp3.mockwebserver.MockWebServer$3 acceptConnections
INFO: MockWebServer[52010] done accepting connections: Socket is closed
Jan 02, 2016 6:46:00 AM okhttp3.mockwebserver.MockWebServer$3 execute
INFO: MockWebServer[47534] starting to accept connections
Jan 02, 2016 6:46:00 AM okhttp3.mockwebserver.MockWebServer$3 acceptConnections
INFO: MockWebServer[47534] done accepting connections: Socket is closed
Jan 02, 2016 6:46:00 AM okhttp3.mockwebserver.MockWebServer$3 execute
INFO: MockWebServer[56305] starting to accept connections
Jan 02, 2016 6:46:00 AM okhttp3.mockwebserver.MockWebServer$3 acceptConnections
INFO: MockWebServer[56305] done accepting connections: Socket is closed
Jan 02, 2016 6:46:00 AM okhttp3.mockwebserver.MockWebServer$3 execute
INFO: MockWebServer[45271] starting to accept connections
Jan 02, 2016 6:46:00 AM okhttp3.mockwebserver.MockWebServer$3 acceptConnections
INFO: MockWebServer[45271] done accepting connections: Socket closed
Jan 02, 2016 6:46:00 AM okhttp3.mockwebserver.MockWebServer$3 execute
INFO: MockWebServer[45220] starting to accept connections
Jan 02, 2016 6:46:00 AM okhttp3.mockwebserver.MockWebServer$3 acceptConnections
INFO: MockWebServer[45220] done accepting connections: Socket is closed
Jan 02, 2016 6:46:00 AM okhttp3.mockwebserver.MockWebServer$3 execute
INFO: MockWebServer[41786] starting to accept connections
Jan 02, 2016 6:46:00 AM okhttp3.mockwebserver.MockWebServer$3 acceptConnections
INFO: MockWebServer[41786] done accepting connections: Socket is closed
Jan 02, 2016 6:46:00 AM okhttp3.mockwebserver.MockWebServer$3 execute
INFO: MockWebServer[56360] starting to accept connections
Jan 02, 2016 6:46:00 AM okhttp3.mockwebserver.MockWebServer$3 acceptConnections
INFO: MockWebServer[56360] done accepting connections: Socket is closed
Jan 02, 2016 6:46:00 AM okhttp3.mockwebserver.MockWebServer$3 execute
INFO: MockWebServer[33309] starting to accept connections
Jan 02, 2016 6:46:00 AM okhttp3.mockwebserver.MockWebServer$3 acceptConnections
INFO: MockWebServer[33309] done accepting connections: Socket is closed
Jan 02, 2016 6:46:00 AM okhttp3.mockwebserver.MockWebServer$3 execute
INFO: MockWebServer[35566] starting to accept connections
Jan 02, 2016 6:46:00 AM okhttp3.mockwebserver.MockWebServer$3 acceptConnections
INFO: MockWebServer[35566] done accepting connections: Socket is closed
Jan 02, 2016 6:46:00 AM okhttp3.mockwebserver.MockWebServer$3 execute
INFO: MockWebServer[56785] starting to accept connections
Jan 02, 2016 6:46:00 AM okhttp3.mockwebserver.MockWebServer$3 acceptConnections
INFO: MockWebServer[56785] done accepting connections: Socket is closed
Jan 02, 2016 6:46:00 AM okhttp3.mockwebserver.MockWebServer$3 execute
INFO: MockWebServer[57831] starting to accept connections
Jan 02, 2016 6:46:00 AM okhttp3.mockwebserver.MockWebServer$3 acceptConnections
INFO: MockWebServer[57831] done accepting connections: Socket is closed
Jan 02, 2016 6:46:00 AM okhttp3.mockwebserver.MockWebServer$3 execute
INFO: MockWebServer[43544] starting to accept connections
Jan 02, 2016 6:46:00 AM okhttp3.mockwebserver.MockWebServer$3 acceptConnections
INFO: MockWebServer[43544] done accepting connections: Socket is closed
Jan 02, 2016 6:46:00 AM okhttp3.mockwebserver.MockWebServer$3 execute
INFO: MockWebServer[49372] starting to accept connections
Jan 02, 2016 6:46:00 AM okhttp3.mockwebserver.MockWebServer$3 acceptConnections
INFO: MockWebServer[49372] done accepting connections: Socket is closed
Jan 02, 2016 6:46:00 AM okhttp3.mockwebserver.MockWebServer$3 execute
INFO: MockWebServer[47233] starting to accept connections
Jan 02, 2016 6:46:00 AM okhttp3.mockwebserver.MockWebServer$3 acceptConnections
INFO: MockWebServer[47233] done accepting connections: Socket is closed
Jan 02, 2016 6:46:00 AM okhttp3.mockwebserver.MockWebServer$3 execute
INFO: MockWebServer[52539] starting to accept connections
Jan 02, 2016 6:46:00 AM okhttp3.mockwebserver.MockWebServer$3 acceptConnections
INFO: MockWebServer[52539] done accepting connections: Socket is closed
Jan 02, 2016 6:46:00 AM okhttp3.mockwebserver.MockWebServer$3 execute
INFO: MockWebServer[49124] starting to accept connections
Jan 02, 2016 6:46:00 AM okhttp3.mockwebserver.MockWebServer$3 acceptConnections
INFO: MockWebServer[49124] done accepting connections: Socket is closed
Jan 02, 2016 6:46:00 AM okhttp3.mockwebserver.MockWebServer$3 execute
INFO: MockWebServer[51660] starting to accept connections
Jan 02, 2016 6:46:00 AM okhttp3.mockwebserver.MockWebServer$3 acceptConnections
INFO: MockWebServer[51660] done accepting connections: Socket closed
Tests run: 61, Failures: 0, Errors: 0, Skipped: 0, Time elapsed: 1.097 sec

Results :

Tests run: 208, Failures: 0, Errors: 0, Skipped: 2

[INFO] 
[INFO] --- animal-sniffer-maven-plugin:1.14:check (default) @ retrofit ---
[INFO] Checking unresolved references to org.codehaus.mojo.signature:java16:1.1
[INFO]                                                                         
[INFO] ------------------------------------------------------------------------
[INFO] Building Adapters 2.0.0-SNAPSHOT
[INFO] ------------------------------------------------------------------------
[INFO] 
[INFO] --- maven-enforcer-plugin:1.0:enforce (enforce-maven) @ retrofit-adapters ---
[INFO] 
[INFO] --- animal-sniffer-maven-plugin:1.14:check (default) @ retrofit-adapters ---
[INFO] Checking unresolved references to org.codehaus.mojo.signature:java16:1.1
[INFO]                                                                         
[INFO] ------------------------------------------------------------------------
[INFO] Building Adapter: RxJava 2.0.0-SNAPSHOT
[INFO] ------------------------------------------------------------------------
[INFO] 
[INFO] --- maven-enforcer-plugin:1.0:enforce (enforce-maven) @ adapter-rxjava ---
[INFO] 
[INFO] --- maven-resources-plugin:2.6:resources (default-resources) @ adapter-rxjava ---
[INFO] Using 'UTF-8' encoding to copy filtered resources.
[INFO] skip non existing resourceDirectory /home/travis/build/square/retrofit/retrofit-adapters/rxjava/src/main/resources
[INFO] 
[INFO] --- maven-compiler-plugin:3.0:compile (default-compile) @ adapter-rxjava ---
[INFO] Changes detected - recompiling the module!
[INFO] Compiling 4 source files to /home/travis/build/square/retrofit/retrofit-adapters/rxjava/target/classes
[INFO] 
[INFO] --- maven-resources-plugin:2.6:testResources (default-testResources) @ adapter-rxjava ---
[INFO] Using 'UTF-8' encoding to copy filtered resources.
[INFO] skip non existing resourceDirectory /home/travis/build/square/retrofit/retrofit-adapters/rxjava/src/test/resources
[INFO] 
[INFO] --- maven-compiler-plugin:3.0:testCompile (default-testCompile) @ adapter-rxjava ---
[INFO] Changes detected - recompiling the module!
[INFO] Compiling 2 source files to /home/travis/build/square/retrofit/retrofit-adapters/rxjava/target/test-classes
[INFO] 
[INFO] --- maven-surefire-plugin:2.12.4:test (default-test) @ adapter-rxjava ---
[INFO] Surefire report directory: /home/travis/build/square/retrofit/retrofit-adapters/rxjava/target/surefire-reports

-------------------------------------------------------
 T E S T S
-------------------------------------------------------
Running retrofit2.ResultTest
Tests run: 4, Failures: 0, Errors: 0, Skipped: 0, Time elapsed: 0.39 sec
Running retrofit2.RxJavaCallAdapterFactoryTest
Jan 02, 2016 6:46:03 AM okhttp3.mockwebserver.MockWebServer$3 execute
INFO: MockWebServer[52055] starting to accept connections
Jan 02, 2016 6:46:04 AM okhttp3.mockwebserver.MockWebServer$4 processConnection
WARNING: MockWebServer[52055] connection from /127.0.0.1 didn't make a request
Jan 02, 2016 6:46:04 AM okhttp3.mockwebserver.MockWebServer$3 acceptConnections
INFO: MockWebServer[52055] done accepting connections: Socket closed
Jan 02, 2016 6:46:04 AM okhttp3.mockwebserver.MockWebServer$3 execute
INFO: MockWebServer[55971] starting to accept connections
Jan 02, 2016 6:46:04 AM okhttp3.mockwebserver.MockWebServer$3 acceptConnections
INFO: MockWebServer[55971] done accepting connections: Socket closed
Jan 02, 2016 6:46:04 AM okhttp3.mockwebserver.MockWebServer$4 processOneRequest
INFO: MockWebServer[55971] received request: GET / HTTP/1.1 and responded: HTTP/1.1 200 OK
Jan 02, 2016 6:46:04 AM okhttp3.mockwebserver.MockWebServer$3 execute
INFO: MockWebServer[48481] starting to accept connections
Jan 02, 2016 6:46:04 AM okhttp3.mockwebserver.MockWebServer$4 processOneRequest
INFO: MockWebServer[48481] received request: GET / HTTP/1.1 and responded: HTTP/1.1 404 OK
Jan 02, 2016 6:46:04 AM okhttp3.mockwebserver.MockWebServer$3 acceptConnections
INFO: MockWebServer[48481] done accepting connections: Socket closed
Jan 02, 2016 6:46:04 AM okhttp3.mockwebserver.MockWebServer$3 execute
INFO: MockWebServer[45838] starting to accept connections
Jan 02, 2016 6:46:04 AM okhttp3.mockwebserver.MockWebServer$3 acceptConnections
INFO: MockWebServer[45838] done accepting connections: Socket is closed
Jan 02, 2016 6:46:04 AM okhttp3.mockwebserver.MockWebServer$3 execute
INFO: MockWebServer[38302] starting to accept connections
Jan 02, 2016 6:46:04 AM okhttp3.mockwebserver.MockWebServer$3 acceptConnections
INFO: MockWebServer[38302] done accepting connections: Socket closed
Jan 02, 2016 6:46:04 AM okhttp3.mockwebserver.MockWebServer$4 processOneRequest
INFO: MockWebServer[38302] received request: GET / HTTP/1.1 and responded: HTTP/1.1 200 OK
Jan 02, 2016 6:46:04 AM okhttp3.mockwebserver.MockWebServer$3 execute
INFO: MockWebServer[58218] starting to accept connections
Jan 02, 2016 6:46:04 AM okhttp3.mockwebserver.MockWebServer$4 processOneRequest
INFO: MockWebServer[58218] received request: GET / HTTP/1.1 and responded: HTTP/1.1 404 OK
Jan 02, 2016 6:46:04 AM okhttp3.mockwebserver.MockWebServer$3 acceptConnections
INFO: MockWebServer[58218] done accepting connections: Socket closed
Jan 02, 2016 6:46:04 AM okhttp3.mockwebserver.MockWebServer$3 execute
INFO: MockWebServer[48307] starting to accept connections
Jan 02, 2016 6:46:04 AM okhttp3.mockwebserver.MockWebServer$3 acceptConnections
INFO: MockWebServer[48307] done accepting connections: Socket closed
Jan 02, 2016 6:46:04 AM okhttp3.mockwebserver.MockWebServer$4 processConnection
WARNING: MockWebServer[48307] connection from /127.0.0.1 didn't make a request
Jan 02, 2016 6:46:04 AM okhttp3.mockwebserver.MockWebServer$3 execute
INFO: MockWebServer[43093] starting to accept connections
Jan 02, 2016 6:46:04 AM okhttp3.mockwebserver.MockWebServer$3 acceptConnections
INFO: MockWebServer[43093] done accepting connections: Socket closed
Jan 02, 2016 6:46:04 AM okhttp3.mockwebserver.MockWebServer$4 processOneRequest
INFO: MockWebServer[43093] received request: GET / HTTP/1.1 and responded: HTTP/1.1 200 OK
Jan 02, 2016 6:46:04 AM okhttp3.mockwebserver.MockWebServer$3 execute
INFO: MockWebServer[38343] starting to accept connections
Jan 02, 2016 6:46:04 AM okhttp3.mockwebserver.MockWebServer$3 acceptConnections
INFO: MockWebServer[38343] done accepting connections: Socket closed
Jan 02, 2016 6:46:04 AM okhttp3.mockwebserver.MockWebServer$4 processOneRequest
INFO: MockWebServer[38343] received request: GET / HTTP/1.1 and responded: HTTP/1.1 404 OK
Jan 02, 2016 6:46:04 AM okhttp3.mockwebserver.MockWebServer$3 execute
INFO: MockWebServer[43070] starting to accept connections
Jan 02, 2016 6:46:04 AM okhttp3.mockwebserver.MockWebServer$3 acceptConnections
INFO: MockWebServer[43070] done accepting connections: Socket closed
Jan 02, 2016 6:46:04 AM okhttp3.mockwebserver.MockWebServer$4 processConnection
WARNING: MockWebServer[43070] connection from /127.0.0.1 didn't make a request
Jan 02, 2016 6:46:04 AM okhttp3.mockwebserver.MockWebServer$3 execute
INFO: MockWebServer[50263] starting to accept connections
Jan 02, 2016 6:46:04 AM okhttp3.mockwebserver.MockWebServer$3 acceptConnections
INFO: MockWebServer[50263] done accepting connections: Socket closed
Jan 02, 2016 6:46:04 AM okhttp3.mockwebserver.MockWebServer$4 processOneRequest
INFO: MockWebServer[50263] received request: GET / HTTP/1.1 and responded: HTTP/1.1 200 OK
Jan 02, 2016 6:46:04 AM okhttp3.mockwebserver.MockWebServer$3 execute
INFO: MockWebServer[60175] starting to accept connections
Jan 02, 2016 6:46:04 AM okhttp3.mockwebserver.MockWebServer$3 acceptConnections
INFO: MockWebServer[60175] done accepting connections: Socket closed
Jan 02, 2016 6:46:04 AM okhttp3.mockwebserver.MockWebServer$4 processOneRequest
INFO: MockWebServer[60175] received request: GET / HTTP/1.1 and responded: HTTP/1.1 404 OK
Jan 02, 2016 6:46:04 AM okhttp3.mockwebserver.MockWebServer$3 execute
INFO: MockWebServer[52144] starting to accept connections
Jan 02, 2016 6:46:04 AM okhttp3.mockwebserver.MockWebServer$3 acceptConnections
INFO: MockWebServer[52144] done accepting connections: Socket closed
Jan 02, 2016 6:46:04 AM okhttp3.mockwebserver.MockWebServer$3 execute
INFO: MockWebServer[54969] starting to accept connections
Jan 02, 2016 6:46:04 AM okhttp3.mockwebserver.MockWebServer$4 processConnection
WARNING: MockWebServer[54969] connection from /127.0.0.1 didn't make a request
Jan 02, 2016 6:46:04 AM okhttp3.mockwebserver.MockWebServer$3 acceptConnections
INFO: MockWebServer[54969] done accepting connections: Socket closed
Jan 02, 2016 6:46:04 AM okhttp3.mockwebserver.MockWebServer$3 execute
INFO: MockWebServer[60739] starting to accept connections
Jan 02, 2016 6:46:04 AM okhttp3.mockwebserver.MockWebServer$3 acceptConnections
INFO: MockWebServer[60739] done accepting connections: Socket closed
Jan 02, 2016 6:46:04 AM okhttp3.mockwebserver.MockWebServer$4 processConnection
WARNING: MockWebServer[60739] connection from /127.0.0.1 didn't make a request
Jan 02, 2016 6:46:04 AM okhttp3.mockwebserver.MockWebServer$3 execute
INFO: MockWebServer[40152] starting to accept connections
Jan 02, 2016 6:46:04 AM okhttp3.mockwebserver.MockWebServer$3 acceptConnections
INFO: MockWebServer[40152] done accepting connections: Socket closed
Jan 02, 2016 6:46:04 AM okhttp3.mockwebserver.MockWebServer$4 processOneRequest
INFO: MockWebServer[40152] received request: GET / HTTP/1.1 and responded: HTTP/1.1 200 OK
Jan 02, 2016 6:46:04 AM okhttp3.mockwebserver.MockWebServer$3 execute
INFO: MockWebServer[45895] starting to accept connections
Jan 02, 2016 6:46:04 AM okhttp3.mockwebserver.MockWebServer$3 acceptConnections
INFO: MockWebServer[45895] done accepting connections: Socket closed
Jan 02, 2016 6:46:04 AM okhttp3.mockwebserver.MockWebServer$4 processOneRequest
INFO: MockWebServer[45895] received request: GET / HTTP/1.1 and responded: HTTP/1.1 404 OK
Jan 02, 2016 6:46:04 AM okhttp3.mockwebserver.MockWebServer$3 execute
INFO: MockWebServer[55861] starting to accept connections
Jan 02, 2016 6:46:04 AM okhttp3.mockwebserver.MockWebServer$3 acceptConnections
INFO: MockWebServer[55861] done accepting connections: Socket is closed
Jan 02, 2016 6:46:04 AM okhttp3.mockwebserver.MockWebServer$3 execute
INFO: MockWebServer[35549] starting to accept connections
Jan 02, 2016 6:46:04 AM okhttp3.mockwebserver.MockWebServer$3 acceptConnections
INFO: MockWebServer[35549] done accepting connections: Socket is closed
Jan 02, 2016 6:46:04 AM okhttp3.mockwebserver.MockWebServer$3 execute
INFO: MockWebServer[59905] starting to accept connections
Jan 02, 2016 6:46:04 AM okhttp3.mockwebserver.MockWebServer$3 acceptConnections
INFO: MockWebServer[59905] done accepting connections: Socket closed
Jan 02, 2016 6:46:04 AM okhttp3.mockwebserver.MockWebServer$4 processConnection
WARNING: MockWebServer[59905] connection from /127.0.0.1 didn't make a request
Jan 02, 2016 6:46:04 AM okhttp3.mockwebserver.MockWebServer$3 execute
INFO: MockWebServer[37315] starting to accept connections
Jan 02, 2016 6:46:04 AM okhttp3.mockwebserver.MockWebServer$3 acceptConnections
INFO: MockWebServer[37315] done accepting connections: Socket closed
Jan 02, 2016 6:46:04 AM okhttp3.mockwebserver.MockWebServer$4 processOneRequest
INFO: MockWebServer[37315] received request: GET / HTTP/1.1 and responded: HTTP/1.1 200 OK
Jan 02, 2016 6:46:04 AM okhttp3.mockwebserver.MockWebServer$3 execute
INFO: MockWebServer[43350] starting to accept connections
Jan 02, 2016 6:46:04 AM okhttp3.mockwebserver.MockWebServer$3 acceptConnections
INFO: MockWebServer[43350] done accepting connections: Socket closed
Jan 02, 2016 6:46:04 AM okhttp3.mockwebserver.MockWebServer$4 processOneRequest
INFO: MockWebServer[43350] received request: GET / HTTP/1.1 and responded: HTTP/1.1 404 OK
Jan 02, 2016 6:46:04 AM okhttp3.mockwebserver.MockWebServer$3 execute
INFO: MockWebServer[50069] starting to accept connections
Jan 02, 2016 6:46:04 AM okhttp3.mockwebserver.MockWebServer$3 acceptConnections
INFO: MockWebServer[50069] done accepting connections: Socket is closed
Tests run: 23, Failures: 0, Errors: 0, Skipped: 0, Time elapsed: 0.991 sec

Results :

Tests run: 27, Failures: 0, Errors: 0, Skipped: 0

[INFO] 
[INFO] --- animal-sniffer-maven-plugin:1.14:check (default) @ adapter-rxjava ---
[INFO] Checking unresolved references to org.codehaus.mojo.signature:java16:1.1
[INFO]                                                                         
[INFO] ------------------------------------------------------------------------
[INFO] Building Converters 2.0.0-SNAPSHOT
[INFO] ------------------------------------------------------------------------
[INFO] 
[INFO] --- maven-enforcer-plugin:1.0:enforce (enforce-maven) @ retrofit-converters ---
[INFO] 
[INFO] --- animal-sniffer-maven-plugin:1.14:check (default) @ retrofit-converters ---
[INFO] Checking unresolved references to org.codehaus.mojo.signature:java16:1.1
[INFO]                                                                         
[INFO] ------------------------------------------------------------------------
[INFO] Building Converter: Gson 2.0.0-SNAPSHOT
[INFO] ------------------------------------------------------------------------
[INFO] 
[INFO] --- maven-enforcer-plugin:1.0:enforce (enforce-maven) @ converter-gson ---
[INFO] 
[INFO] --- maven-resources-plugin:2.6:resources (default-resources) @ converter-gson ---
[INFO] Using 'UTF-8' encoding to copy filtered resources.
[INFO] skip non existing resourceDirectory /home/travis/build/square/retrofit/retrofit-converters/gson/src/main/resources
[INFO] 
[INFO] --- maven-compiler-plugin:3.0:compile (default-compile) @ converter-gson ---
[INFO] Changes detected - recompiling the module!
[INFO] Compiling 3 source files to /home/travis/build/square/retrofit/retrofit-converters/gson/target/classes
[INFO] 
[INFO] --- maven-resources-plugin:2.6:testResources (default-testResources) @ converter-gson ---
[INFO] Using 'UTF-8' encoding to copy filtered resources.
[INFO] skip non existing resourceDirectory /home/travis/build/square/retrofit/retrofit-converters/gson/src/test/resources
[INFO] 
[INFO] --- maven-compiler-plugin:3.0:testCompile (default-testCompile) @ converter-gson ---
[INFO] Changes detected - recompiling the module!
[INFO] Compiling 1 source file to /home/travis/build/square/retrofit/retrofit-converters/gson/target/test-classes
[INFO] 
[INFO] --- maven-surefire-plugin:2.12.4:test (default-test) @ converter-gson ---
[INFO] Surefire report directory: /home/travis/build/square/retrofit/retrofit-converters/gson/target/surefire-reports

-------------------------------------------------------
 T E S T S
-------------------------------------------------------
Running retrofit2.GsonConverterFactoryTest
Jan 02, 2016 6:46:06 AM okhttp3.mockwebserver.MockWebServer$3 execute
INFO: MockWebServer[39306] starting to accept connections
Jan 02, 2016 6:46:06 AM okhttp3.mockwebserver.MockWebServer$4 processOneRequest
INFO: MockWebServer[39306] received request: POST / HTTP/1.1 and responded: HTTP/1.1 200 OK
Jan 02, 2016 6:46:06 AM okhttp3.mockwebserver.MockWebServer$3 acceptConnections
INFO: MockWebServer[39306] done accepting connections: Socket closed
Jan 02, 2016 6:46:06 AM okhttp3.mockwebserver.MockWebServer$3 execute
INFO: MockWebServer[55057] starting to accept connections
Jan 02, 2016 6:46:07 AM okhttp3.mockwebserver.MockWebServer$3 acceptConnections
INFO: MockWebServer[55057] done accepting connections: Socket closed
Jan 02, 2016 6:46:07 AM okhttp3.mockwebserver.MockWebServer$4 processOneRequest
INFO: MockWebServer[55057] received request: POST / HTTP/1.1 and responded: HTTP/1.1 200 OK
Jan 02, 2016 6:46:07 AM okhttp3.mockwebserver.MockWebServer$3 execute
INFO: MockWebServer[50642] starting to accept connections
Jan 02, 2016 6:46:07 AM okhttp3.mockwebserver.MockWebServer$3 acceptConnections
INFO: MockWebServer[50642] done accepting connections: Socket closed
Jan 02, 2016 6:46:07 AM okhttp3.mockwebserver.MockWebServer$4 processOneRequest
INFO: MockWebServer[50642] received request: POST / HTTP/1.1 and responded: HTTP/1.1 200 OK
Tests run: 3, Failures: 0, Errors: 0, Skipped: 0, Time elapsed: 0.847 sec

Results :

Tests run: 3, Failures: 0, Errors: 0, Skipped: 0

[INFO] 
[INFO] --- animal-sniffer-maven-plugin:1.14:check (default) @ converter-gson ---
[INFO] Checking unresolved references to org.codehaus.mojo.signature:java16:1.1
[INFO]                                                                         
[INFO] ------------------------------------------------------------------------
[INFO] Building Converter: Protocol Buffers 2.0.0-SNAPSHOT
[INFO] ------------------------------------------------------------------------
[INFO] 
[INFO] --- maven-enforcer-plugin:1.0:enforce (enforce-maven) @ converter-protobuf ---
[INFO] 
[INFO] --- maven-resources-plugin:2.6:resources (default-resources) @ converter-protobuf ---
[INFO] Using 'UTF-8' encoding to copy filtered resources.
[INFO] skip non existing resourceDirectory /home/travis/build/square/retrofit/retrofit-converters/protobuf/src/main/resources
[INFO] 
[INFO] --- maven-compiler-plugin:3.0:compile (default-compile) @ converter-protobuf ---
[INFO] Changes detected - recompiling the module!
[INFO] Compiling 3 source files to /home/travis/build/square/retrofit/retrofit-converters/protobuf/target/classes
[WARNING] /home/travis/build/square/retrofit/retrofit-converters/protobuf/src/main/java/retrofit2/ProtoConverterFactory.java: /home/travis/build/square/retrofit/retrofit-converters/protobuf/src/main/java/retrofit2/ProtoConverterFactory.java uses unchecked or unsafe operations.
[WARNING] /home/travis/build/square/retrofit/retrofit-converters/protobuf/src/main/java/retrofit2/ProtoConverterFactory.java: Recompile with -Xlint:unchecked for details.
[INFO] 
[INFO] --- maven-resources-plugin:2.6:testResources (default-testResources) @ converter-protobuf ---
[INFO] Using 'UTF-8' encoding to copy filtered resources.
[INFO] skip non existing resourceDirectory /home/travis/build/square/retrofit/retrofit-converters/protobuf/src/test/resources
[INFO] 
[INFO] --- maven-compiler-plugin:3.0:testCompile (default-testCompile) @ converter-protobuf ---
[INFO] Changes detected - recompiling the module!
[INFO] Compiling 2 source files to /home/travis/build/square/retrofit/retrofit-converters/protobuf/target/test-classes
[INFO] 
[INFO] --- maven-surefire-plugin:2.12.4:test (default-test) @ converter-protobuf ---
[INFO] Surefire report directory: /home/travis/build/square/retrofit/retrofit-converters/protobuf/target/surefire-reports

-------------------------------------------------------
 T E S T S
-------------------------------------------------------
Running retrofit2.ProtoConverterFactoryTest
Jan 02, 2016 6:46:08 AM okhttp3.mockwebserver.MockWebServer$3 execute
INFO: MockWebServer[54619] starting to accept connections
Jan 02, 2016 6:46:08 AM okhttp3.mockwebserver.MockWebServer$4 processOneRequest
INFO: MockWebServer[54619] received request: POST / HTTP/1.1 and responded: HTTP/1.1 200 OK
Jan 02, 2016 6:46:08 AM okhttp3.mockwebserver.MockWebServer$3 acceptConnections
INFO: MockWebServer[54619] done accepting connections: Socket closed
Jan 02, 2016 6:46:08 AM okhttp3.mockwebserver.MockWebServer$3 execute
INFO: MockWebServer[37728] starting to accept connections
Jan 02, 2016 6:46:08 AM okhttp3.mockwebserver.MockWebServer$3 acceptConnections
INFO: MockWebServer[37728] done accepting connections: Socket is closed
Jan 02, 2016 6:46:08 AM okhttp3.mockwebserver.MockWebServer$3 execute
INFO: MockWebServer[38579] starting to accept connections
Jan 02, 2016 6:46:08 AM okhttp3.mockwebserver.MockWebServer$3 acceptConnections
INFO: MockWebServer[38579] done accepting connections: Socket closed
Jan 02, 2016 6:46:08 AM okhttp3.mockwebserver.MockWebServer$4 processOneRequest
INFO: MockWebServer[38579] received request: GET / HTTP/1.1 and responded: HTTP/1.1 200 OK
Jan 02, 2016 6:46:08 AM okhttp3.mockwebserver.MockWebServer$3 execute
INFO: MockWebServer[54354] starting to accept connections
Jan 02, 2016 6:46:08 AM okhttp3.mockwebserver.MockWebServer$3 acceptConnections
INFO: MockWebServer[54354] done accepting connections: Socket is closed
Jan 02, 2016 6:46:08 AM okhttp3.mockwebserver.MockWebServer$3 execute
INFO: MockWebServer[55762] starting to accept connections
Jan 02, 2016 6:46:08 AM okhttp3.mockwebserver.MockWebServer$3 acceptConnections
INFO: MockWebServer[55762] done accepting connections: Socket closed
Jan 02, 2016 6:46:08 AM okhttp3.mockwebserver.MockWebServer$4 processOneRequest
INFO: MockWebServer[55762] received request: GET / HTTP/1.1 and responded: HTTP/1.1 200 OK
Tests run: 5, Failures: 0, Errors: 0, Skipped: 0, Time elapsed: 0.96 sec

Results :

Tests run: 5, Failures: 0, Errors: 0, Skipped: 0

[INFO] 
[INFO] --- animal-sniffer-maven-plugin:1.14:check (default) @ converter-protobuf ---
[INFO] Checking unresolved references to org.codehaus.mojo.signature:java16:1.1
[INFO]                                                                         
[INFO] ------------------------------------------------------------------------
[INFO] Building Converter: Jackson 2.0.0-SNAPSHOT
[INFO] ------------------------------------------------------------------------
[INFO] 
[INFO] --- maven-enforcer-plugin:1.0:enforce (enforce-maven) @ converter-jackson ---
[INFO] 
[INFO] --- maven-resources-plugin:2.6:resources (default-resources) @ converter-jackson ---
[INFO] Using 'UTF-8' encoding to copy filtered resources.
[INFO] skip non existing resourceDirectory /home/travis/build/square/retrofit/retrofit-converters/jackson/src/main/resources
[INFO] 
[INFO] --- maven-compiler-plugin:3.0:compile (default-compile) @ converter-jackson ---
[INFO] Changes detected - recompiling the module!
[INFO] Compiling 3 source files to /home/travis/build/square/retrofit/retrofit-converters/jackson/target/classes
[INFO] 
[INFO] --- maven-resources-plugin:2.6:testResources (default-testResources) @ converter-jackson ---
[INFO] Using 'UTF-8' encoding to copy filtered resources.
[INFO] skip non existing resourceDirectory /home/travis/build/square/retrofit/retrofit-converters/jackson/src/test/resources
[INFO] 
[INFO] --- maven-compiler-plugin:3.0:testCompile (default-testCompile) @ converter-jackson ---
[INFO] Changes detected - recompiling the module!
[INFO] Compiling 1 source file to /home/travis/build/square/retrofit/retrofit-converters/jackson/target/test-classes
[INFO] 
[INFO] --- maven-surefire-plugin:2.12.4:test (default-test) @ converter-jackson ---
[INFO] Surefire report directory: /home/travis/build/square/retrofit/retrofit-converters/jackson/target/surefire-reports

-------------------------------------------------------
 T E S T S
-------------------------------------------------------
Running retrofit2.JacksonConverterFactoryTest
Jan 02, 2016 6:46:10 AM okhttp3.mockwebserver.MockWebServer$3 execute
INFO: MockWebServer[36699] starting to accept connections
Jan 02, 2016 6:46:11 AM okhttp3.mockwebserver.MockWebServer$4 processOneRequest
INFO: MockWebServer[36699] received request: POST / HTTP/1.1 and responded: HTTP/1.1 200 OK
Jan 02, 2016 6:46:11 AM okhttp3.mockwebserver.MockWebServer$3 acceptConnections
INFO: MockWebServer[36699] done accepting connections: Socket closed
Jan 02, 2016 6:46:11 AM okhttp3.mockwebserver.MockWebServer$3 execute
INFO: MockWebServer[40944] starting to accept connections
Jan 02, 2016 6:46:11 AM okhttp3.mockwebserver.MockWebServer$3 acceptConnections
INFO: MockWebServer[40944] done accepting connections: Socket closed
Jan 02, 2016 6:46:11 AM okhttp3.mockwebserver.MockWebServer$4 processOneRequest
INFO: MockWebServer[40944] received request: POST / HTTP/1.1 and responded: HTTP/1.1 200 OK
Tests run: 2, Failures: 0, Errors: 0, Skipped: 0, Time elapsed: 1.32 sec

Results :

Tests run: 2, Failures: 0, Errors: 0, Skipped: 0

[INFO] 
[INFO] --- animal-sniffer-maven-plugin:1.14:check (default) @ converter-jackson ---
[INFO] Checking unresolved references to org.codehaus.mojo.signature:java16:1.1
[INFO]                                                                         
[INFO] ------------------------------------------------------------------------
[INFO] Building Converter: Wire Protocol Buffers 2.0.0-SNAPSHOT
[INFO] ------------------------------------------------------------------------
[INFO] 
[INFO] --- maven-enforcer-plugin:1.0:enforce (enforce-maven) @ converter-wire ---
[INFO] 
[INFO] --- maven-resources-plugin:2.6:resources (default-resources) @ converter-wire ---
[INFO] Using 'UTF-8' encoding to copy filtered resources.
[INFO] skip non existing resourceDirectory /home/travis/build/square/retrofit/retrofit-converters/wire/src/main/resources
[INFO] 
[INFO] --- maven-compiler-plugin:3.0:compile (default-compile) @ converter-wire ---
[INFO] Changes detected - recompiling the module!
[INFO] Compiling 3 source files to /home/travis/build/square/retrofit/retrofit-converters/wire/target/classes
[WARNING] /home/travis/build/square/retrofit/retrofit-converters/wire/src/main/java/retrofit2/WireConverterFactory.java: /home/travis/build/square/retrofit/retrofit-converters/wire/src/main/java/retrofit2/WireConverterFactory.java uses unchecked or unsafe operations.
[WARNING] /home/travis/build/square/retrofit/retrofit-converters/wire/src/main/java/retrofit2/WireConverterFactory.java: Recompile with -Xlint:unchecked for details.
[INFO] 
[INFO] --- maven-resources-plugin:2.6:testResources (default-testResources) @ converter-wire ---
[INFO] Using 'UTF-8' encoding to copy filtered resources.
[INFO] skip non existing resourceDirectory /home/travis/build/square/retrofit/retrofit-converters/wire/src/test/resources
[INFO] 
[INFO] --- maven-compiler-plugin:3.0:testCompile (default-testCompile) @ converter-wire ---
[INFO] Changes detected - recompiling the module!
[INFO] Compiling 2 source files to /home/travis/build/square/retrofit/retrofit-converters/wire/target/test-classes
[INFO] 
[INFO] --- maven-surefire-plugin:2.12.4:test (default-test) @ converter-wire ---
[INFO] Surefire report directory: /home/travis/build/square/retrofit/retrofit-converters/wire/target/surefire-reports

-------------------------------------------------------
 T E S T S
-------------------------------------------------------
Running retrofit2.WireConverterFactoryTest
Jan 02, 2016 6:46:13 AM okhttp3.mockwebserver.MockWebServer$3 execute
INFO: MockWebServer[47653] starting to accept connections
Jan 02, 2016 6:46:13 AM okhttp3.mockwebserver.MockWebServer$4 processOneRequest
INFO: MockWebServer[47653] received request: POST / HTTP/1.1 and responded: HTTP/1.1 200 OK
Jan 02, 2016 6:46:13 AM okhttp3.mockwebserver.MockWebServer$3 acceptConnections
INFO: MockWebServer[47653] done accepting connections: Socket closed
Jan 02, 2016 6:46:13 AM okhttp3.mockwebserver.MockWebServer$3 execute
INFO: MockWebServer[51203] starting to accept connections
Jan 02, 2016 6:46:13 AM okhttp3.mockwebserver.MockWebServer$3 acceptConnections
INFO: MockWebServer[51203] done accepting connections: Socket is closed
Jan 02, 2016 6:46:14 AM okhttp3.mockwebserver.MockWebServer$3 execute
INFO: MockWebServer[60262] starting to accept connections
Jan 02, 2016 6:46:14 AM okhttp3.mockwebserver.MockWebServer$3 acceptConnections
INFO: MockWebServer[60262] done accepting connections: Socket closed
Jan 02, 2016 6:46:14 AM okhttp3.mockwebserver.MockWebServer$4 processOneRequest
INFO: MockWebServer[60262] received request: GET / HTTP/1.1 and responded: HTTP/1.1 200 OK
Jan 02, 2016 6:46:14 AM okhttp3.mockwebserver.MockWebServer$3 execute
INFO: MockWebServer[55845] starting to accept connections
Jan 02, 2016 6:46:14 AM okhttp3.mockwebserver.MockWebServer$3 acceptConnections
INFO: MockWebServer[55845] done accepting connections: Socket is closed
Jan 02, 2016 6:46:14 AM okhttp3.mockwebserver.MockWebServer$3 execute
INFO: MockWebServer[53007] starting to accept connections
Jan 02, 2016 6:46:14 AM okhttp3.mockwebserver.MockWebServer$3 acceptConnections
INFO: MockWebServer[53007] done accepting connections: Socket closed
Jan 02, 2016 6:46:14 AM okhttp3.mockwebserver.MockWebServer$4 processOneRequest
INFO: MockWebServer[53007] received request: GET / HTTP/1.1 and responded: HTTP/1.1 200 OK
Tests run: 5, Failures: 0, Errors: 0, Skipped: 0, Time elapsed: 1.304 sec

Results :

Tests run: 5, Failures: 0, Errors: 0, Skipped: 0

[INFO] 
[INFO] --- animal-sniffer-maven-plugin:1.14:check (default) @ converter-wire ---
[INFO] Checking unresolved references to org.codehaus.mojo.signature:java16:1.1
[INFO]                                                                         
[INFO] ------------------------------------------------------------------------
[INFO] Building Converter: SimpleXML 2.0.0-SNAPSHOT
[INFO] ------------------------------------------------------------------------
[INFO] 
[INFO] --- maven-enforcer-plugin:1.0:enforce (enforce-maven) @ converter-simplexml ---
[INFO] 
[INFO] --- maven-resources-plugin:2.6:resources (default-resources) @ converter-simplexml ---
[INFO] Using 'UTF-8' encoding to copy filtered resources.
[INFO] skip non existing resourceDirectory /home/travis/build/square/retrofit/retrofit-converters/simplexml/src/main/resources
[INFO] 
[INFO] --- maven-compiler-plugin:3.0:compile (default-compile) @ converter-simplexml ---
[INFO] Changes detected - recompiling the module!
[INFO] Compiling 3 source files to /home/travis/build/square/retrofit/retrofit-converters/simplexml/target/classes
[INFO] 
[INFO] --- maven-resources-plugin:2.6:testResources (default-testResources) @ converter-simplexml ---
[INFO] Using 'UTF-8' encoding to copy filtered resources.
[INFO] skip non existing resourceDirectory /home/travis/build/square/retrofit/retrofit-converters/simplexml/src/test/resources
[INFO] 
[INFO] --- maven-compiler-plugin:3.0:testCompile (default-testCompile) @ converter-simplexml ---
[INFO] Changes detected - recompiling the module!
[INFO] Compiling 2 source files to /home/travis/build/square/retrofit/retrofit-converters/simplexml/target/test-classes
[INFO] 
[INFO] --- maven-surefire-plugin:2.12.4:test (default-test) @ converter-simplexml ---
[INFO] Surefire report directory: /home/travis/build/square/retrofit/retrofit-converters/simplexml/target/surefire-reports

-------------------------------------------------------
 T E S T S
-------------------------------------------------------
Running retrofit2.SimpleXmlConverterFactoryTest
Jan 02, 2016 6:46:15 AM okhttp3.mockwebserver.MockWebServer$3 execute
INFO: MockWebServer[58064] starting to accept connections
Jan 02, 2016 6:46:16 AM okhttp3.mockwebserver.MockWebServer$4 processOneRequest
INFO: MockWebServer[58064] received request: GET / HTTP/1.1 and responded: HTTP/1.1 200 OK
Jan 02, 2016 6:46:16 AM okhttp3.mockwebserver.MockWebServer$3 acceptConnections
INFO: MockWebServer[58064] done accepting connections: Socket closed
Jan 02, 2016 6:46:16 AM okhttp3.mockwebserver.MockWebServer$3 execute
INFO: MockWebServer[45228] starting to accept connections
Jan 02, 2016 6:46:16 AM okhttp3.mockwebserver.MockWebServer$4 processOneRequest
INFO: MockWebServer[45228] received request: GET / HTTP/1.1 and responded: HTTP/1.1 200 OK
Jan 02, 2016 6:46:16 AM okhttp3.mockwebserver.MockWebServer$3 acceptConnections
INFO: MockWebServer[45228] done accepting connections: Socket closed
Jan 02, 2016 6:46:16 AM okhttp3.mockwebserver.MockWebServer$3 execute
INFO: MockWebServer[43040] starting to accept connections
Jan 02, 2016 6:46:16 AM okhttp3.mockwebserver.MockWebServer$3 acceptConnections
INFO: MockWebServer[43040] done accepting connections: Socket closed
Jan 02, 2016 6:46:16 AM okhttp3.mockwebserver.MockWebServer$4 processOneRequest
INFO: MockWebServer[43040] received request: POST / HTTP/1.1 and responded: HTTP/1.1 200 OK
Tests run: 3, Failures: 0, Errors: 0, Skipped: 0, Time elapsed: 1.166 sec

Results :

Tests run: 3, Failures: 0, Errors: 0, Skipped: 0

[INFO] 
[INFO] --- animal-sniffer-maven-plugin:1.14:check (default) @ converter-simplexml ---
[INFO] Checking unresolved references to org.codehaus.mojo.signature:java16:1.1
[INFO]                                                                         
[INFO] ------------------------------------------------------------------------
[INFO] Building Converter: Java Scalars 2.0.0-SNAPSHOT
[INFO] ------------------------------------------------------------------------
[INFO] 
[INFO] --- maven-enforcer-plugin:1.0:enforce (enforce-maven) @ converter-scalars ---
[INFO] 
[INFO] --- maven-resources-plugin:2.6:resources (default-resources) @ converter-scalars ---
[INFO] Using 'UTF-8' encoding to copy filtered resources.
[INFO] skip non existing resourceDirectory /home/travis/build/square/retrofit/retrofit-converters/scalars/src/main/resources
[INFO] 
[INFO] --- maven-compiler-plugin:3.0:compile (default-compile) @ converter-scalars ---
[INFO] Changes detected - recompiling the module!
[INFO] Compiling 2 source files to /home/travis/build/square/retrofit/retrofit-converters/scalars/target/classes
[INFO] 
[INFO] --- maven-resources-plugin:2.6:testResources (default-testResources) @ converter-scalars ---
[INFO] Using 'UTF-8' encoding to copy filtered resources.
[INFO] skip non existing resourceDirectory /home/travis/build/square/retrofit/retrofit-converters/scalars/src/test/resources
[INFO] 
[INFO] --- maven-compiler-plugin:3.0:testCompile (default-testCompile) @ converter-scalars ---
[INFO] Changes detected - recompiling the module!
[INFO] Compiling 1 source file to /home/travis/build/square/retrofit/retrofit-converters/scalars/target/test-classes
[INFO] 
[INFO] --- maven-surefire-plugin:2.12.4:test (default-test) @ converter-scalars ---
[INFO] Surefire report directory: /home/travis/build/square/retrofit/retrofit-converters/scalars/target/surefire-reports

-------------------------------------------------------
 T E S T S
-------------------------------------------------------
Running retrofit2.ScalarsConverterFactoryTest
Jan 02, 2016 6:46:18 AM okhttp3.mockwebserver.MockWebServer$3 execute
INFO: MockWebServer[35323] starting to accept connections
Jan 02, 2016 6:46:18 AM okhttp3.mockwebserver.MockWebServer$4 processOneRequest
INFO: MockWebServer[35323] received request: POST / HTTP/1.1 and responded: HTTP/1.1 200 OK
Jan 02, 2016 6:46:18 AM okhttp3.mockwebserver.MockWebServer$4 processOneRequest
INFO: MockWebServer[35323] received request: POST / HTTP/1.1 and responded: HTTP/1.1 200 OK
Jan 02, 2016 6:46:18 AM okhttp3.mockwebserver.MockWebServer$4 processOneRequest
INFO: MockWebServer[35323] received request: POST / HTTP/1.1 and responded: HTTP/1.1 200 OK
Jan 02, 2016 6:46:19 AM okhttp3.mockwebserver.MockWebServer$4 processOneRequest
INFO: MockWebServer[35323] received request: POST / HTTP/1.1 and responded: HTTP/1.1 200 OK
Jan 02, 2016 6:46:19 AM okhttp3.mockwebserver.MockWebServer$4 processOneRequest
INFO: MockWebServer[35323] received request: POST / HTTP/1.1 and responded: HTTP/1.1 200 OK
Jan 02, 2016 6:46:19 AM okhttp3.mockwebserver.MockWebServer$4 processOneRequest
INFO: MockWebServer[35323] received request: POST / HTTP/1.1 and responded: HTTP/1.1 200 OK
Jan 02, 2016 6:46:19 AM okhttp3.mockwebserver.MockWebServer$4 processOneRequest
INFO: MockWebServer[35323] received request: POST / HTTP/1.1 and responded: HTTP/1.1 200 OK
Jan 02, 2016 6:46:19 AM okhttp3.mockwebserver.MockWebServer$4 processOneRequest
INFO: MockWebServer[35323] received request: POST / HTTP/1.1 and responded: HTTP/1.1 200 OK
Jan 02, 2016 6:46:19 AM okhttp3.mockwebserver.MockWebServer$4 processOneRequest
INFO: MockWebServer[35323] received request: POST / HTTP/1.1 and responded: HTTP/1.1 200 OK
Jan 02, 2016 6:46:19 AM okhttp3.mockwebserver.MockWebServer$4 processOneRequest
INFO: MockWebServer[35323] received request: POST / HTTP/1.1 and responded: HTTP/1.1 200 OK
Jan 02, 2016 6:46:19 AM okhttp3.mockwebserver.MockWebServer$4 processOneRequest
INFO: MockWebServer[35323] received request: POST / HTTP/1.1 and responded: HTTP/1.1 200 OK
Jan 02, 2016 6:46:19 AM okhttp3.mockwebserver.MockWebServer$4 processOneRequest
INFO: MockWebServer[35323] received request: POST / HTTP/1.1 and responded: HTTP/1.1 200 OK
Jan 02, 2016 6:46:19 AM okhttp3.mockwebserver.MockWebServer$4 processOneRequest
INFO: MockWebServer[35323] received request: POST / HTTP/1.1 and responded: HTTP/1.1 200 OK
Jan 02, 2016 6:46:19 AM okhttp3.mockwebserver.MockWebServer$4 processOneRequest
INFO: MockWebServer[35323] received request: POST / HTTP/1.1 and responded: HTTP/1.1 200 OK
Jan 02, 2016 6:46:19 AM okhttp3.mockwebserver.MockWebServer$4 processOneRequest
INFO: MockWebServer[35323] received request: POST / HTTP/1.1 and responded: HTTP/1.1 200 OK
Jan 02, 2016 6:46:19 AM okhttp3.mockwebserver.MockWebServer$4 processOneRequest
INFO: MockWebServer[35323] received request: POST / HTTP/1.1 and responded: HTTP/1.1 200 OK
Jan 02, 2016 6:46:19 AM okhttp3.mockwebserver.MockWebServer$4 processOneRequest
INFO: MockWebServer[35323] received request: POST / HTTP/1.1 and responded: HTTP/1.1 200 OK
Jan 02, 2016 6:46:19 AM okhttp3.mockwebserver.MockWebServer$3 acceptConnections
INFO: MockWebServer[35323] done accepting connections: Socket closed
Jan 02, 2016 6:46:19 AM okhttp3.mockwebserver.MockWebServer$3 execute
INFO: MockWebServer[34766] starting to accept connections
Jan 02, 2016 6:46:19 AM okhttp3.mockwebserver.MockWebServer$3 acceptConnections
INFO: MockWebServer[34766] done accepting connections: Socket is closed
Tests run: 2, Failures: 0, Errors: 0, Skipped: 0, Time elapsed: 1.066 sec

Results :

Tests run: 2, Failures: 0, Errors: 0, Skipped: 0

[INFO] 
[INFO] --- animal-sniffer-maven-plugin:1.14:check (default) @ converter-scalars ---
[INFO] Checking unresolved references to org.codehaus.mojo.signature:java16:1.1
[INFO]                                                                         
[INFO] ------------------------------------------------------------------------
[INFO] Building Converter: Moshi 2.0.0-SNAPSHOT
[INFO] ------------------------------------------------------------------------
[INFO] 
[INFO] --- maven-enforcer-plugin:1.0:enforce (enforce-maven) @ converter-moshi ---
[INFO] 
[INFO] --- maven-resources-plugin:2.6:resources (default-resources) @ converter-moshi ---
[INFO] Using 'UTF-8' encoding to copy filtered resources.
[INFO] skip non existing resourceDirectory /home/travis/build/square/retrofit/retrofit-converters/moshi/src/main/resources
[INFO] 
[INFO] --- maven-compiler-plugin:3.0:compile (default-compile) @ converter-moshi ---
[INFO] Changes detected - recompiling the module!
[INFO] Compiling 3 source files to /home/travis/build/square/retrofit/retrofit-converters/moshi/target/classes
[INFO] 
[INFO] --- maven-resources-plugin:2.6:testResources (default-testResources) @ converter-moshi ---
[INFO] Using 'UTF-8' encoding to copy filtered resources.
[INFO] skip non existing resourceDirectory /home/travis/build/square/retrofit/retrofit-converters/moshi/src/test/resources
[INFO] 
[INFO] --- maven-compiler-plugin:3.0:testCompile (default-testCompile) @ converter-moshi ---
[INFO] Changes detected - recompiling the module!
[INFO] Compiling 1 source file to /home/travis/build/square/retrofit/retrofit-converters/moshi/target/test-classes
[INFO] 
[INFO] --- maven-surefire-plugin:2.12.4:test (default-test) @ converter-moshi ---
[INFO] Surefire report directory: /home/travis/build/square/retrofit/retrofit-converters/moshi/target/surefire-reports

-------------------------------------------------------
 T E S T S
-------------------------------------------------------
Running retrofit2.MoshiConverterFactoryTest
Jan 02, 2016 6:46:20 AM okhttp3.mockwebserver.MockWebServer$3 execute
INFO: MockWebServer[45082] starting to accept connections
Jan 02, 2016 6:46:21 AM okhttp3.mockwebserver.MockWebServer$4 processOneRequest
INFO: MockWebServer[45082] received request: POST / HTTP/1.1 and responded: HTTP/1.1 200 OK
Jan 02, 2016 6:46:21 AM okhttp3.mockwebserver.MockWebServer$3 acceptConnections
INFO: MockWebServer[45082] done accepting connections: Socket closed
Jan 02, 2016 6:46:21 AM okhttp3.mockwebserver.MockWebServer$3 execute
INFO: MockWebServer[51598] starting to accept connections
Jan 02, 2016 6:46:21 AM okhttp3.mockwebserver.MockWebServer$3 acceptConnections
INFO: MockWebServer[51598] done accepting connections: Socket closed
Jan 02, 2016 6:46:21 AM okhttp3.mockwebserver.MockWebServer$4 processOneRequest
INFO: MockWebServer[51598] received request: POST / HTTP/1.1 and responded: HTTP/1.1 200 OK
Tests run: 2, Failures: 0, Errors: 0, Skipped: 0, Time elapsed: 0.961 sec

Results :

Tests run: 2, Failures: 0, Errors: 0, Skipped: 0

[INFO] 
[INFO] --- animal-sniffer-maven-plugin:1.14:check (default) @ converter-moshi ---
[INFO] Checking unresolved references to org.codehaus.mojo.signature:java16:1.1
[INFO]                                                                         
[INFO] ------------------------------------------------------------------------
[INFO] Building Retrofit Mock Adapter 2.0.0-SNAPSHOT
[INFO] ------------------------------------------------------------------------
[INFO] 
[INFO] --- maven-enforcer-plugin:1.0:enforce (enforce-maven) @ retrofit-mock ---
[INFO] 
[INFO] --- maven-resources-plugin:2.6:resources (default-resources) @ retrofit-mock ---
[INFO] Using 'UTF-8' encoding to copy filtered resources.
[INFO] skip non existing resourceDirectory /home/travis/build/square/retrofit/retrofit-mock/src/main/resources
[INFO] 
[INFO] --- maven-compiler-plugin:3.0:compile (default-compile) @ retrofit-mock ---
[INFO] Changes detected - recompiling the module!
[INFO] Compiling 5 source files to /home/travis/build/square/retrofit/retrofit-mock/target/classes
[INFO] 
[INFO] --- maven-resources-plugin:2.6:testResources (default-testResources) @ retrofit-mock ---
[INFO] Using 'UTF-8' encoding to copy filtered resources.
[INFO] skip non existing resourceDirectory /home/travis/build/square/retrofit/retrofit-mock/src/test/resources
[INFO] 
[INFO] --- maven-compiler-plugin:3.0:testCompile (default-testCompile) @ retrofit-mock ---
[INFO] Changes detected - recompiling the module!
[INFO] Compiling 3 source files to /home/travis/build/square/retrofit/retrofit-mock/target/test-classes
[INFO] 
[INFO] --- maven-surefire-plugin:2.12.4:test (default-test) @ retrofit-mock ---
[INFO] Surefire report directory: /home/travis/build/square/retrofit/retrofit-mock/target/surefire-reports

-------------------------------------------------------
 T E S T S
-------------------------------------------------------
Running retrofit2.mock.BehaviorDelegateTest
Tests run: 10, Failures: 0, Errors: 0, Skipped: 0, Time elapsed: 1.692 sec
Running retrofit2.mock.MockRetrofitTest
Tests run: 8, Failures: 0, Errors: 0, Skipped: 0, Time elapsed: 0.061 sec
Running retrofit2.mock.NetworkBehaviorTest
Tests run: 5, Failures: 0, Errors: 0, Skipped: 0, Time elapsed: 0.054 sec

Results :

Tests run: 23, Failures: 0, Errors: 0, Skipped: 0

[INFO] 
[INFO] --- animal-sniffer-maven-plugin:1.14:check (default) @ retrofit-mock ---
[INFO] Checking unresolved references to org.codehaus.mojo.signature:java16:1.1
[INFO]                                                                         
[INFO] ------------------------------------------------------------------------
[INFO] Building Samples 2.0.0-SNAPSHOT
[INFO] ------------------------------------------------------------------------
[INFO] 
[INFO] --- maven-enforcer-plugin:1.0:enforce (enforce-maven) @ samples ---
[INFO] 
[INFO] --- maven-resources-plugin:2.6:resources (default-resources) @ samples ---
[INFO] Using 'UTF-8' encoding to copy filtered resources.
[INFO] skip non existing resourceDirectory /home/travis/build/square/retrofit/samples/src/main/resources
[INFO] 
[INFO] --- maven-compiler-plugin:3.0:compile (default-compile) @ samples ---
[INFO] Changes detected - recompiling the module!
[INFO] Compiling 6 source files to /home/travis/build/square/retrofit/samples/target/classes
[INFO] 
[INFO] --- maven-resources-plugin:2.6:testResources (default-testResources) @ samples ---
[INFO] Using 'UTF-8' encoding to copy filtered resources.
[INFO] skip non existing resourceDirectory /home/travis/build/square/retrofit/samples/src/test/resources
[INFO] 
[INFO] --- maven-compiler-plugin:3.0:testCompile (default-testCompile) @ samples ---
[INFO] No sources to compile
[INFO] 
[INFO] --- maven-surefire-plugin:2.12.4:test (default-test) @ samples ---
[INFO] No tests to run.
[INFO] 
[INFO] --- animal-sniffer-maven-plugin:1.14:check (default) @ samples ---
[INFO] Checking unresolved references to org.codehaus.mojo.signature:java16:1.1
[INFO] ------------------------------------------------------------------------
[INFO] Reactor Summary:
[INFO] 
[INFO] Retrofit (Parent) .................................. SUCCESS [  1.783 s]
[INFO] Retrofit ........................................... SUCCESS [ 15.168 s]
[INFO] Adapters ........................................... SUCCESS [  0.237 s]
[INFO] Adapter: RxJava .................................... SUCCESS [  2.870 s]
[INFO] Converters ......................................... SUCCESS [  0.235 s]
[INFO] Converter: Gson .................................... SUCCESS [  1.809 s]
[INFO] Converter: Protocol Buffers ........................ SUCCESS [  1.914 s]
[INFO] Converter: Jackson ................................. SUCCESS [  2.860 s]
[INFO] Converter: Wire Protocol Buffers ................... SUCCESS [  2.423 s]
[INFO] Converter: SimpleXML ............................... SUCCESS [  2.493 s]
[INFO] Converter: Java Scalars ............................ SUCCESS [  2.423 s]
[INFO] Converter: Moshi ................................... SUCCESS [  2.184 s]
[INFO] Retrofit Mock Adapter .............................. SUCCESS [  2.953 s]
[INFO] Samples ............................................ SUCCESS [  1.518 s]
[INFO] ------------------------------------------------------------------------
[INFO] BUILD SUCCESS
[INFO] ------------------------------------------------------------------------
[INFO] Total time: 41.251 s
[INFO] Finished at: 2016-01-02T06:46:26+00:00
[INFO] Final Memory: 40M/358M
[INFO] ------------------------------------------------------------------------
travis_time:end:17bdbd64:start=1451717143230244074,finish=1451717193021954986,duration=49791710912[0K
[32;1mThe command "mvn test -B" exited with 0.[0m
travis_fold:start:cache.2[0Kstore build cache
travis_time:start:25083625[0Ktravis_time:end:25083625:start=1451717193026316404,finish=1451717193029564998,duration=3248594[0Ktravis_time:start:2fc17280[0K[32;1mchange detected:
/home/travis/.m2/repository/com/squareup/okhttp3/mockwebserver/3.0.0-SNAPSHOT/resolver-status.properties
/home/travis/.m2/repository/com/squareup/okhttp3/okhttp/3.0.0-SNAPSHOT/resolver-status.properties
/home/travis/.m2/repository/com/squareup/okhttp3/okhttp-ws/3.0.0-SNAPSHOT/resolver-status.properties
/home/travis/.m2/repository/com/squareup/okhttp3/parent/3.0.0-SNAPSHOT/resolver-status.properties
/home/travis/.m2/repository/com/squareup/retrofit2/adapter-rxjava/2.0.0-SNAPSHOT/adapter-rxjava-2.0.0-SNAPSHOT.jar
/home/travis/.m2/repository/com/squareup/retrofit2/adapter-rxjava/2.0.0-SNAPSHOT/maven-metadata-local.xml
/home/travis/.m2/repository/com/squareup/retrofit2/adapter-rxjava/2.0.0-SNAPSHOT/_remote.repositories
/home/travis/.m2/repository/com/squareup/retrofit2/adapter-rxjava/maven-metadata-local.xml
/home/travis/.m2/repository/com/squareup/retrofit2/converter-gson/2.0.0-SNAPSHOT/converter-gson-2.0.0-SNAPSHOT.jar
/home/travis/.m2/repository/com/squareup/retrofit2/converter-gson/2.0.
[0m
[32;1m...
[0m
[32;1mchanges detected, packing new archive[0m
[32;1muploading archive[0m
travis_time:end:2fc17280:start=1451717193033229016,finish=1451717199261908465,duration=6228679449[0Ktravis_fold:end:cache.2[0Ktravis_fold:start:after_success[0Ktravis_time:start:005447a5[0K$ .buildscript/deploy_snapshot.sh
Skipping snapshot deployment: was pull request.
travis_time:end:005447a5:start=1451717199266141779,finish=1451717199270878237,duration=4736458[0Ktravis_fold:end:after_success[0K
Done. Your build exited with 0.
