Using worker: worker-linux-docker-11b9c2e8.prod.travis-ci.org:travis-linux-4

travis_fold:start:system_info[0K[33;1mBuild system information[0m
Build language: java
Build group: stable
Build dist: precise
[34m[1mBuild image provisioning date and time[0m
Thu Feb  5 15:09:33 UTC 2015
[34m[1mOperating System Details[0m
Distributor ID:	Ubuntu
Description:	Ubuntu 12.04.5 LTS
Release:	12.04
Codename:	precise
[34m[1mLinux Version[0m
3.13.0-29-generic
[34m[1mCookbooks Version[0m
a68419e https://github.com/travis-ci/travis-cookbooks/tree/a68419e
[34m[1mGCC version[0m
gcc (Ubuntu/Linaro 4.6.3-1ubuntu5) 4.6.3
Copyright (C) 2011 Free Software Foundation, Inc.
This is free software; see the source for copying conditions.  There is NO
warranty; not even for MERCHANTABILITY or FITNESS FOR A PARTICULAR PURPOSE.

[34m[1mLLVM version[0m
clang version 3.4 (tags/RELEASE_34/final)
Target: x86_64-unknown-linux-gnu
Thread model: posix
[34m[1mPre-installed Ruby versions[0m
ruby-1.9.3-p551
[34m[1mPre-installed Node.js versions[0m
v0.10.36
[34m[1mPre-installed Go versions[0m
1.4.1
[34m[1mRedis version[0m
redis-server 2.8.19
[34m[1mriak version[0m
2.0.2
[34m[1mMongoDB version[0m
MongoDB 2.4.12
[34m[1mCouchDB version[0m
couchdb 1.6.1
[34m[1mNeo4j version[0m
1.9.4
[34m[1mRabbitMQ Version[0m
3.4.3
[34m[1mElasticSearch version[0m
1.4.0
[34m[1mInstalled Sphinx versions[0m
2.0.10
2.1.9
2.2.6
[34m[1mDefault Sphinx version[0m
2.2.6
[34m[1mInstalled Firefox version[0m
firefox 31.0esr
[34m[1mPhantomJS version[0m
1.9.8
[34m[1mant -version[0m
Apache Ant(TM) version 1.8.2 compiled on December 3 2011
[34m[1mmvn -version[0m
Apache Maven 3.2.5 (12a6b3acb947671f09b81f49094c53f426d8cea1; 2014-12-14T17:29:23+00:00)
Maven home: /usr/local/maven
Java version: 1.7.0_76, vendor: Oracle Corporation
Java home: /usr/lib/jvm/java-7-oracle/jre
Default locale: en_US, platform encoding: ANSI_X3.4-1968
OS name: "linux", version: "3.13.0-29-generic", arch: "amd64", family: "unix"
travis_fold:end:system_info[0K
travis_fold:start:git.checkout[0Ktravis_time:start:040c6b7c[0K$ git clone --depth=50 https://github.com/square/retrofit.git square/retrofit
Cloning into 'square/retrofit'...
remote: Counting objects: 1715, done.[K
remote: Compressing objects:   0% (1/831)   [Kremote: Compressing objects:   1% (9/831)   [Kremote: Compressing objects:   2% (17/831)   [Kremote: Compressing objects:   3% (25/831)   [Kremote: Compressing objects:   4% (34/831)   [Kremote: Compressing objects:   5% (42/831)   [Kremote: Compressing objects:   6% (50/831)   [Kremote: Compressing objects:   7% (59/831)   [Kremote: Compressing objects:   8% (67/831)   [Kremote: Compressing objects:   9% (75/831)   [Kremote: Compressing objects:  10% (84/831)   [Kremote: Compressing objects:  11% (92/831)   [Kremote: Compressing objects:  12% (100/831)   [Kremote: Compressing objects:  13% (109/831)   [Kremote: Compressing objects:  14% (117/831)   [Kremote: Compressing objects:  15% (125/831)   [Kremote: Compressing objects:  16% (133/831)   [Kremote: Compressing objects:  17% (142/831)   [Kremote: Compressing objects:  18% (150/831)   [Kremote: Compressing objects:  19% (158/831)   [Kremote: Compressing objects:  20% (167/831)   [Kremote: Compressing objects:  21% (175/831)   [Kremote: Compressing objects:  22% (183/831)   [Kremote: Compressing objects:  23% (192/831)   [Kremote: Compressing objects:  24% (200/831)   [Kremote: Compressing objects:  25% (208/831)   [Kremote: Compressing objects:  26% (217/831)   [Kremote: Compressing objects:  27% (225/831)   [Kremote: Compressing objects:  28% (233/831)   [Kremote: Compressing objects:  29% (241/831)   [Kremote: Compressing objects:  30% (250/831)   [Kremote: Compressing objects:  31% (258/831)   [Kremote: Compressing objects:  32% (266/831)   [Kremote: Compressing objects:  33% (275/831)   [Kremote: Compressing objects:  34% (283/831)   [Kremote: Compressing objects:  35% (291/831)   [Kremote: Compressing objects:  36% (300/831)   [Kremote: Compressing objects:  37% (308/831)   [Kremote: Compressing objects:  38% (316/831)   [Kremote: Compressing objects:  39% (325/831)   [Kremote: Compressing objects:  40% (333/831)   [Kremote: Compressing objects:  41% (341/831)   [Kremote: Compressing objects:  42% (350/831)   [Kremote: Compressing objects:  43% (358/831)   [Kremote: Compressing objects:  44% (366/831)   [Kremote: Compressing objects:  45% (374/831)   [Kremote: Compressing objects:  46% (383/831)   [Kremote: Compressing objects:  47% (391/831)   [Kremote: Compressing objects:  48% (399/831)   [Kremote: Compressing objects:  49% (408/831)   [Kremote: Compressing objects:  50% (416/831)   [Kremote: Compressing objects:  51% (424/831)   [Kremote: Compressing objects:  52% (433/831)   [Kremote: Compressing objects:  53% (441/831)   [Kremote: Compressing objects:  54% (449/831)   [Kremote: Compressing objects:  55% (458/831)   [Kremote: Compressing objects:  56% (466/831)   [Kremote: Compressing objects:  57% (474/831)   [Kremote: Compressing objects:  58% (482/831)   [Kremote: Compressing objects:  59% (491/831)   [Kremote: Compressing objects:  60% (499/831)   [Kremote: Compressing objects:  61% (507/831)   [Kremote: Compressing objects:  62% (516/831)   [Kremote: Compressing objects:  63% (524/831)   [Kremote: Compressing objects:  64% (532/831)   [Kremote: Compressing objects:  65% (541/831)   [Kremote: Compressing objects:  66% (549/831)   [Kremote: Compressing objects:  67% (557/831)   [Kremote: Compressing objects:  68% (566/831)   [Kremote: Compressing objects:  69% (574/831)   [Kremote: Compressing objects:  70% (582/831)   [Kremote: Compressing objects:  71% (591/831)   [Kremote: Compressing objects:  72% (599/831)   [Kremote: Compressing objects:  73% (607/831)   [Kremote: Compressing objects:  74% (615/831)   [Kremote: Compressing objects:  75% (624/831)   [Kremote: Compressing objects:  76% (632/831)   [Kremote: Compressing objects:  77% (640/831)   [Kremote: Compressing objects:  78% (649/831)   [Kremote: Compressing objects:  79% (657/831)   [Kremote: Compressing objects:  80% (665/831)   [Kremote: Compressing objects:  81% (674/831)   [Kremote: Compressing objects:  82% (682/831)   [Kremote: Compressing objects:  83% (690/831)   [Kremote: Compressing objects:  84% (699/831)   [Kremote: Compressing objects:  85% (707/831)   [Kremote: Compressing objects:  86% (715/831)   [Kremote: Compressing objects:  87% (723/831)   [Kremote: Compressing objects:  88% (732/831)   [Kremote: Compressing objects:  89% (740/831)   [Kremote: Compressing objects:  90% (748/831)   [Kremote: Compressing objects:  91% (757/831)   [Kremote: Compressing objects:  92% (765/831)   [Kremote: Compressing objects:  93% (773/831)   [Kremote: Compressing objects:  94% (782/831)   [Kremote: Compressing objects:  95% (790/831)   [Kremote: Compressing objects:  96% (798/831)   [Kremote: Compressing objects:  97% (807/831)   [Kremote: Compressing objects:  98% (815/831)   [Kremote: Compressing objects:  99% (823/831)   [Kremote: Compressing objects: 100% (831/831)   [Kremote: Compressing objects: 100% (831/831), done.[K
Receiving objects:   0% (1/1715)   Receiving objects:   1% (18/1715)   Receiving objects:   2% (35/1715)   Receiving objects:   3% (52/1715)   Receiving objects:   4% (69/1715)   Receiving objects:   5% (86/1715)   Receiving objects:   6% (103/1715)   Receiving objects:   7% (121/1715)   Receiving objects:   8% (138/1715)   Receiving objects:   9% (155/1715)   Receiving objects:  10% (172/1715)   Receiving objects:  11% (189/1715)   Receiving objects:  12% (206/1715)   Receiving objects:  13% (223/1715)   Receiving objects:  14% (241/1715)   Receiving objects:  15% (258/1715)   Receiving objects:  16% (275/1715)   Receiving objects:  17% (292/1715)   Receiving objects:  18% (309/1715)   Receiving objects:  19% (326/1715)   Receiving objects:  20% (343/1715)   Receiving objects:  21% (361/1715)   Receiving objects:  22% (378/1715)   Receiving objects:  23% (395/1715)   Receiving objects:  24% (412/1715)   Receiving objects:  25% (429/1715)   Receiving objects:  26% (446/1715)   Receiving objects:  27% (464/1715)   Receiving objects:  28% (481/1715)   Receiving objects:  29% (498/1715)   Receiving objects:  30% (515/1715)   Receiving objects:  31% (532/1715)   Receiving objects:  32% (549/1715)   Receiving objects:  33% (566/1715)   Receiving objects:  34% (584/1715)   Receiving objects:  35% (601/1715)   Receiving objects:  36% (618/1715)   Receiving objects:  37% (635/1715)   Receiving objects:  38% (652/1715)   Receiving objects:  39% (669/1715)   Receiving objects:  40% (686/1715)   Receiving objects:  41% (704/1715)   Receiving objects:  42% (721/1715)   Receiving objects:  43% (738/1715)   Receiving objects:  44% (755/1715)   Receiving objects:  45% (772/1715)   Receiving objects:  46% (789/1715)   Receiving objects:  47% (807/1715)   Receiving objects:  48% (824/1715)   Receiving objects:  49% (841/1715)   Receiving objects:  50% (858/1715)   Receiving objects:  51% (875/1715)   Receiving objects:  52% (892/1715)   Receiving objects:  53% (909/1715)   Receiving objects:  54% (927/1715)   Receiving objects:  55% (944/1715)   Receiving objects:  56% (961/1715)   Receiving objects:  57% (978/1715)   Receiving objects:  58% (995/1715)   Receiving objects:  59% (1012/1715)   Receiving objects:  60% (1029/1715)   Receiving objects:  61% (1047/1715)   Receiving objects:  62% (1064/1715)   Receiving objects:  63% (1081/1715)   Receiving objects:  64% (1098/1715)   Receiving objects:  65% (1115/1715)   Receiving objects:  66% (1132/1715)   Receiving objects:  67% (1150/1715)   Receiving objects:  68% (1167/1715)   Receiving objects:  69% (1184/1715)   Receiving objects:  70% (1201/1715)   Receiving objects:  71% (1218/1715)   Receiving objects:  72% (1235/1715)   Receiving objects:  73% (1252/1715)   Receiving objects:  74% (1270/1715)   Receiving objects:  75% (1287/1715)   Receiving objects:  76% (1304/1715)   Receiving objects:  77% (1321/1715)   Receiving objects:  78% (1338/1715)   Receiving objects:  79% (1355/1715)   Receiving objects:  80% (1372/1715)   Receiving objects:  81% (1390/1715)   Receiving objects:  82% (1407/1715)   Receiving objects:  83% (1424/1715)   Receiving objects:  84% (1441/1715)   Receiving objects:  85% (1458/1715)   Receiving objects:  86% (1475/1715)   Receiving objects:  87% (1493/1715)   Receiving objects:  88% (1510/1715)   Receiving objects:  89% (1527/1715)   Receiving objects:  90% (1544/1715)   Receiving objects:  91% (1561/1715)   Receiving objects:  92% (1578/1715)   Receiving objects:  93% (1595/1715)   remote: Total 1715 (delta 677), reused 1457 (delta 456), pack-reused 0[K
Receiving objects:  94% (1613/1715)   Receiving objects:  95% (1630/1715)   Receiving objects:  96% (1647/1715)   Receiving objects:  97% (1664/1715)   Receiving objects:  98% (1681/1715)   Receiving objects:  99% (1698/1715)   Receiving objects: 100% (1715/1715)   Receiving objects: 100% (1715/1715), 377.05 KiB | 0 bytes/s, done.
Resolving deltas:   0% (0/677)   Resolving deltas:   2% (17/677)   Resolving deltas:   3% (22/677)   Resolving deltas:   5% (36/677)   Resolving deltas:   6% (47/677)   Resolving deltas:  13% (92/677)   Resolving deltas:  14% (96/677)   Resolving deltas:  15% (107/677)   Resolving deltas:  16% (110/677)   Resolving deltas:  17% (118/677)   Resolving deltas:  18% (124/677)   Resolving deltas:  20% (137/677)   Resolving deltas:  23% (156/677)   Resolving deltas:  27% (185/677)   Resolving deltas:  28% (194/677)   Resolving deltas:  31% (212/677)   Resolving deltas:  32% (217/677)   Resolving deltas:  33% (227/677)   Resolving deltas:  34% (233/677)   Resolving deltas:  35% (239/677)   Resolving deltas:  36% (246/677)   Resolving deltas:  37% (251/677)   Resolving deltas:  38% (260/677)   Resolving deltas:  39% (270/677)   Resolving deltas:  41% (280/677)   Resolving deltas:  42% (288/677)   Resolving deltas:  43% (292/677)   Resolving deltas:  44% (299/677)   Resolving deltas:  45% (310/677)   Resolving deltas:  47% (319/677)   Resolving deltas:  49% (332/677)   Resolving deltas:  50% (341/677)   Resolving deltas:  51% (352/677)   Resolving deltas:  53% (362/677)   Resolving deltas:  54% (369/677)   Resolving deltas:  55% (373/677)   Resolving deltas:  58% (394/677)   Resolving deltas:  62% (422/677)   Resolving deltas:  63% (427/677)   Resolving deltas:  66% (447/677)   Resolving deltas:  67% (457/677)   Resolving deltas:  68% (463/677)   Resolving deltas:  70% (478/677)   Resolving deltas:  71% (481/677)   Resolving deltas:  74% (504/677)   Resolving deltas:  75% (511/677)   Resolving deltas:  76% (516/677)   Resolving deltas:  77% (522/677)   Resolving deltas:  78% (534/677)   Resolving deltas:  81% (553/677)   Resolving deltas:  83% (565/677)   Resolving deltas:  84% (570/677)   Resolving deltas:  85% (576/677)   Resolving deltas:  86% (585/677)   Resolving deltas:  87% (590/677)   Resolving deltas:  88% (596/677)   Resolving deltas:  89% (603/677)   Resolving deltas:  90% (610/677)   Resolving deltas:  93% (631/677)   Resolving deltas:  94% (641/677)   Resolving deltas:  95% (645/677)   Resolving deltas:  96% (652/677)   Resolving deltas:  97% (660/677)   Resolving deltas: 100% (677/677)   Resolving deltas: 100% (677/677), done.
Checking connectivity... done.
travis_time:end:040c6b7c:start=1452984379599393156,finish=1452984380339408998,duration=740015842[0K$ cd square/retrofit
travis_time:start:05d93980[0K$ git fetch origin +refs/pull/1484/merge:
remote: Counting objects: 24, done.[K
remote: Compressing objects:  12% (1/8)   [Kremote: Compressing objects:  25% (2/8)   [Kremote: Compressing objects:  37% (3/8)   [Kremote: Compressing objects:  50% (4/8)   [Kremote: Compressing objects:  62% (5/8)   [Kremote: Compressing objects:  75% (6/8)   [Kremote: Compressing objects:  87% (7/8)   [Kremote: Compressing objects: 100% (8/8)   [Kremote: Compressing objects: 100% (8/8), done.[K
remote: Total 24 (delta 9), reused 23 (delta 9), pack-reused 0[K
Unpacking objects:   4% (1/24)   Unpacking objects:   8% (2/24)   Unpacking objects:  12% (3/24)   Unpacking objects:  16% (4/24)   Unpacking objects:  20% (5/24)   Unpacking objects:  25% (6/24)   Unpacking objects:  29% (7/24)   Unpacking objects:  33% (8/24)   Unpacking objects:  37% (9/24)   Unpacking objects:  41% (10/24)   Unpacking objects:  45% (11/24)   Unpacking objects:  50% (12/24)   Unpacking objects:  54% (13/24)   Unpacking objects:  58% (14/24)   Unpacking objects:  62% (15/24)   Unpacking objects:  66% (16/24)   Unpacking objects:  70% (17/24)   Unpacking objects:  75% (18/24)   Unpacking objects:  79% (19/24)   Unpacking objects:  83% (20/24)   Unpacking objects:  87% (21/24)   Unpacking objects:  91% (22/24)   Unpacking objects:  95% (23/24)   Unpacking objects: 100% (24/24)   Unpacking objects: 100% (24/24), done.
From https://github.com/square/retrofit
 * branch            refs/pull/1484/merge -> FETCH_HEAD
travis_time:end:05d93980:start=1452984380343508911,finish=1452984380671538852,duration=328029941[0K$ git checkout -qf FETCH_HEAD
travis_fold:end:git.checkout[0K
[33;1mThis job is running on container-based infrastructure, which does not allow use of 'sudo', setuid and setguid executables.[0m
[33;1mIf you require sudo, add 'sudo: required' to your .travis.yml[0m
[33;1mSee https://docs.travis-ci.com/user/workers/container-based-infrastructure/ for details.[0m

[33;1mSetting environment variables from .travis.yml[0m
$ export CI_DEPLOY_USERNAME=[secure]
$ export CI_DEPLOY_PASSWORD=[secure]

travis_fold:start:cache.1[0KSetting up build cache
$ export CASHER_DIR=$HOME/.casher
travis_time:start:24bfa7f8[0K$ Installing caching utilities
travis_time:end:24bfa7f8:start=1452984382349637331,finish=1452984382455518593,duration=105881262[0Ktravis_time:start:0d73daf7[0Ktravis_time:end:0d73daf7:start=1452984382459961350,finish=1452984382463016651,duration=3055301[0Ktravis_time:start:12de07c5[0K[32;1mattempting to download cache archive[0m
[32;1mfetching PR.1484/cache--jdk-oraclejdk8.tgz[0m
[32;1mfetching PR.1484/cache--jdk-oraclejdk8.tbz[0m
[32;1mfetching master/cache--jdk-oraclejdk8.tgz[0m
[32;1mfound cache[0m
travis_time:end:12de07c5:start=1452984382466549022,finish=1452984384077188921,duration=1610639899[0Ktravis_time:start:3073987c[0Ktravis_time:end:3073987c:start=1452984384081135109,finish=1452984384084569042,duration=3433933[0Ktravis_time:start:2c2f6e50[0K[32;1madding /home/travis/.m2 to cache[0m
travis_time:end:2c2f6e50:start=1452984384088191347,finish=1452984385778236016,duration=1690044669[0Ktravis_fold:end:cache.1[0K$ jdk_switcher use oraclejdk8
Switching to Oracle JDK8 (java-8-oracle), JAVA_HOME will be set to /usr/lib/jvm/java-8-oracle
$ java -Xmx32m -version
java version "1.8.0_31"
Java(TM) SE Runtime Environment (build 1.8.0_31-b13)
Java HotSpot(TM) 64-Bit Server VM (build 25.31-b07, mixed mode)
$ javac -J-Xmx32m -version
javac 1.8.0_31
travis_fold:start:install[0Ktravis_time:start:06d39b0c[0K$ mvn install -DskipTests=true -Dmaven.javadoc.skip=true -B -V
Java HotSpot(TM) 64-Bit Server VM warning: ignoring option MaxPermSize=192m; support was removed in 8.0
Apache Maven 3.2.5 (12a6b3acb947671f09b81f49094c53f426d8cea1; 2014-12-14T17:29:23+00:00)
Maven home: /usr/local/maven
Java version: 1.8.0_31, vendor: Oracle Corporation
Java home: /usr/lib/jvm/java-8-oracle/jre
Default locale: en_US, platform encoding: UTF-8
OS name: "linux", version: "3.13.0-40-generic", arch: "amd64", family: "unix"
[INFO] Scanning for projects...
[WARNING] 
[WARNING] Some problems were encountered while building the effective model for com.squareup.retrofit2:samples:jar:2.0.0-SNAPSHOT
[WARNING] 'build.plugins.plugin.version' for org.apache.maven.plugins:maven-deploy-plugin is missing. @ com.squareup.retrofit2:samples:[unknown-version], /home/travis/build/square/retrofit/samples/pom.xml, line 45, column 15
[WARNING] 
[WARNING] It is highly recommended to fix these problems because they threaten the stability of your build.
[WARNING] 
[WARNING] For this reason, future Maven versions might no longer support building such malformed projects.
[WARNING] 
[INFO] ------------------------------------------------------------------------
[INFO] Reactor Build Order:
[INFO] 
[INFO] Retrofit (Parent)
[INFO] Retrofit
[INFO] Adapters
[INFO] Adapter: RxJava
[INFO] Converters
[INFO] Converter: Gson
[INFO] Converter: Protocol Buffers
[INFO] Converter: Jackson
[INFO] Converter: Wire Protocol Buffers
[INFO] Converter: SimpleXML
[INFO] Converter: Java Scalars
[INFO] Converter: Moshi
[INFO] Retrofit Mock Adapter
[INFO] Samples
[INFO]                                                                         
[INFO] ------------------------------------------------------------------------
[INFO] Building Retrofit (Parent) 2.0.0-SNAPSHOT
[INFO] ------------------------------------------------------------------------
[INFO] 
[INFO] --- maven-enforcer-plugin:1.0:enforce (enforce-maven) @ parent ---
[INFO] 
[INFO] --- animal-sniffer-maven-plugin:1.14:check (default) @ parent ---
[INFO] Checking unresolved references to org.codehaus.mojo.signature:java16:1.1
[INFO] 
[INFO] --- maven-javadoc-plugin:2.10.3:jar (attach-javadocs) @ parent ---
[INFO] Skipping javadoc generation
[INFO] 
[INFO] --- maven-checkstyle-plugin:2.15:checkstyle (default) @ parent ---
[INFO] 
[INFO] --- maven-install-plugin:2.4:install (default-install) @ parent ---
[INFO] Installing /home/travis/build/square/retrofit/pom.xml to /home/travis/.m2/repository/com/squareup/retrofit2/parent/2.0.0-SNAPSHOT/parent-2.0.0-SNAPSHOT.pom
[INFO]                                                                         
[INFO] ------------------------------------------------------------------------
[INFO] Building Retrofit 2.0.0-SNAPSHOT
[INFO] ------------------------------------------------------------------------
[INFO] 
[INFO] --- maven-enforcer-plugin:1.0:enforce (enforce-maven) @ retrofit ---
[INFO] 
[INFO] --- maven-resources-plugin:2.6:resources (default-resources) @ retrofit ---
[INFO] Using 'UTF-8' encoding to copy filtered resources.
[INFO] skip non existing resourceDirectory /home/travis/build/square/retrofit/retrofit/src/main/resources
[INFO] 
[INFO] --- maven-compiler-plugin:3.0:compile (default-compile) @ retrofit ---
[INFO] Changes detected - recompiling the module!
[INFO] Compiling 42 source files to /home/travis/build/square/retrofit/retrofit/target/classes
[WARNING] /home/travis/build/square/retrofit/retrofit/src/main/java/retrofit2/Retrofit.java: Some input files use unchecked or unsafe operations.
[WARNING] /home/travis/build/square/retrofit/retrofit/src/main/java/retrofit2/Retrofit.java: Recompile with -Xlint:unchecked for details.
[INFO] 
[INFO] --- maven-resources-plugin:2.6:testResources (default-testResources) @ retrofit ---
[INFO] Using 'UTF-8' encoding to copy filtered resources.
[INFO] skip non existing resourceDirectory /home/travis/build/square/retrofit/retrofit/src/test/resources
[INFO] 
[INFO] --- maven-compiler-plugin:3.0:testCompile (default-testCompile) @ retrofit ---
[INFO] Changes detected - recompiling the module!
[INFO] Compiling 9 source files to /home/travis/build/square/retrofit/retrofit/target/test-classes
[WARNING] /home/travis/build/square/retrofit/retrofit/src/test/java/retrofit2/RetrofitTest.java: /home/travis/build/square/retrofit/retrofit/src/test/java/retrofit2/RetrofitTest.java uses unchecked or unsafe operations.
[WARNING] /home/travis/build/square/retrofit/retrofit/src/test/java/retrofit2/RetrofitTest.java: Recompile with -Xlint:unchecked for details.
[INFO] 
[INFO] --- maven-surefire-plugin:2.12.4:test (default-test) @ retrofit ---
[INFO] Tests are skipped.
[INFO] 
[INFO] --- animal-sniffer-maven-plugin:1.14:check (default) @ retrofit ---
[INFO] Checking unresolved references to org.codehaus.mojo.signature:java16:1.1
[INFO] 
[INFO] --- maven-jar-plugin:2.4:jar (default-jar) @ retrofit ---
[INFO] Building jar: /home/travis/build/square/retrofit/retrofit/target/retrofit-2.0.0-SNAPSHOT.jar
[INFO] 
[INFO] --- maven-javadoc-plugin:2.10.3:jar (attach-javadocs) @ retrofit ---
[INFO] Skipping javadoc generation
[INFO] 
[INFO] --- maven-checkstyle-plugin:2.15:checkstyle (default) @ retrofit ---
[INFO] Starting audit...
Audit done.
[WARNING] Unable to locate Source XRef to link to - DISABLED
[INFO] 
[INFO] --- maven-install-plugin:2.4:install (default-install) @ retrofit ---
[INFO] Installing /home/travis/build/square/retrofit/retrofit/target/retrofit-2.0.0-SNAPSHOT.jar to /home/travis/.m2/repository/com/squareup/retrofit2/retrofit/2.0.0-SNAPSHOT/retrofit-2.0.0-SNAPSHOT.jar
[INFO] Installing /home/travis/build/square/retrofit/retrofit/pom.xml to /home/travis/.m2/repository/com/squareup/retrofit2/retrofit/2.0.0-SNAPSHOT/retrofit-2.0.0-SNAPSHOT.pom
[INFO]                                                                         
[INFO] ------------------------------------------------------------------------
[INFO] Building Adapters 2.0.0-SNAPSHOT
[INFO] ------------------------------------------------------------------------
[INFO] 
[INFO] --- maven-enforcer-plugin:1.0:enforce (enforce-maven) @ retrofit-adapters ---
[INFO] 
[INFO] --- animal-sniffer-maven-plugin:1.14:check (default) @ retrofit-adapters ---
[INFO] Checking unresolved references to org.codehaus.mojo.signature:java16:1.1
[INFO] 
[INFO] --- maven-javadoc-plugin:2.10.3:jar (attach-javadocs) @ retrofit-adapters ---
[INFO] Skipping javadoc generation
[INFO] 
[INFO] --- maven-checkstyle-plugin:2.15:checkstyle (default) @ retrofit-adapters ---
[INFO] 
[INFO] --- maven-install-plugin:2.4:install (default-install) @ retrofit-adapters ---
[INFO] Installing /home/travis/build/square/retrofit/retrofit-adapters/pom.xml to /home/travis/.m2/repository/com/squareup/retrofit2/retrofit-adapters/2.0.0-SNAPSHOT/retrofit-adapters-2.0.0-SNAPSHOT.pom
[INFO]                                                                         
[INFO] ------------------------------------------------------------------------
[INFO] Building Adapter: RxJava 2.0.0-SNAPSHOT
[INFO] ------------------------------------------------------------------------
[INFO] 
[INFO] --- maven-enforcer-plugin:1.0:enforce (enforce-maven) @ adapter-rxjava ---
[INFO] 
[INFO] --- maven-resources-plugin:2.6:resources (default-resources) @ adapter-rxjava ---
[INFO] Using 'UTF-8' encoding to copy filtered resources.
[INFO] skip non existing resourceDirectory /home/travis/build/square/retrofit/retrofit-adapters/rxjava/src/main/resources
[INFO] 
[INFO] --- maven-compiler-plugin:3.0:compile (default-compile) @ adapter-rxjava ---
[INFO] Changes detected - recompiling the module!
[INFO] Compiling 4 source files to /home/travis/build/square/retrofit/retrofit-adapters/rxjava/target/classes
[INFO] 
[INFO] --- maven-resources-plugin:2.6:testResources (default-testResources) @ adapter-rxjava ---
[INFO] Using 'UTF-8' encoding to copy filtered resources.
[INFO] skip non existing resourceDirectory /home/travis/build/square/retrofit/retrofit-adapters/rxjava/src/test/resources
[INFO] 
[INFO] --- maven-compiler-plugin:3.0:testCompile (default-testCompile) @ adapter-rxjava ---
[INFO] Changes detected - recompiling the module!
[INFO] Compiling 2 source files to /home/travis/build/square/retrofit/retrofit-adapters/rxjava/target/test-classes
[INFO] 
[INFO] --- maven-surefire-plugin:2.12.4:test (default-test) @ adapter-rxjava ---
[INFO] Tests are skipped.
[INFO] 
[INFO] --- animal-sniffer-maven-plugin:1.14:check (default) @ adapter-rxjava ---
[INFO] Checking unresolved references to org.codehaus.mojo.signature:java16:1.1
[INFO] 
[INFO] --- maven-jar-plugin:2.4:jar (default-jar) @ adapter-rxjava ---
[INFO] Building jar: /home/travis/build/square/retrofit/retrofit-adapters/rxjava/target/adapter-rxjava-2.0.0-SNAPSHOT.jar
[INFO] 
[INFO] --- maven-javadoc-plugin:2.10.3:jar (attach-javadocs) @ adapter-rxjava ---
[INFO] Skipping javadoc generation
[INFO] 
[INFO] --- maven-checkstyle-plugin:2.15:checkstyle (default) @ adapter-rxjava ---
[INFO] Starting audit...
Audit done.
[WARNING] Unable to locate Source XRef to link to - DISABLED
[INFO] 
[INFO] --- maven-install-plugin:2.4:install (default-install) @ adapter-rxjava ---
[INFO] Installing /home/travis/build/square/retrofit/retrofit-adapters/rxjava/target/adapter-rxjava-2.0.0-SNAPSHOT.jar to /home/travis/.m2/repository/com/squareup/retrofit2/adapter-rxjava/2.0.0-SNAPSHOT/adapter-rxjava-2.0.0-SNAPSHOT.jar
[INFO] Installing /home/travis/build/square/retrofit/retrofit-adapters/rxjava/pom.xml to /home/travis/.m2/repository/com/squareup/retrofit2/adapter-rxjava/2.0.0-SNAPSHOT/adapter-rxjava-2.0.0-SNAPSHOT.pom
[INFO]                                                                         
[INFO] ------------------------------------------------------------------------
[INFO] Building Converters 2.0.0-SNAPSHOT
[INFO] ------------------------------------------------------------------------
[INFO] 
[INFO] --- maven-enforcer-plugin:1.0:enforce (enforce-maven) @ retrofit-converters ---
[INFO] 
[INFO] --- animal-sniffer-maven-plugin:1.14:check (default) @ retrofit-converters ---
[INFO] Checking unresolved references to org.codehaus.mojo.signature:java16:1.1
[INFO] 
[INFO] --- maven-javadoc-plugin:2.10.3:jar (attach-javadocs) @ retrofit-converters ---
[INFO] Skipping javadoc generation
[INFO] 
[INFO] --- maven-checkstyle-plugin:2.15:checkstyle (default) @ retrofit-converters ---
[INFO] 
[INFO] --- maven-install-plugin:2.4:install (default-install) @ retrofit-converters ---
[INFO] Installing /home/travis/build/square/retrofit/retrofit-converters/pom.xml to /home/travis/.m2/repository/com/squareup/retrofit2/retrofit-converters/2.0.0-SNAPSHOT/retrofit-converters-2.0.0-SNAPSHOT.pom
[INFO]                                                                         
[INFO] ------------------------------------------------------------------------
[INFO] Building Converter: Gson 2.0.0-SNAPSHOT
[INFO] ------------------------------------------------------------------------
[INFO] 
[INFO] --- maven-enforcer-plugin:1.0:enforce (enforce-maven) @ converter-gson ---
[INFO] 
[INFO] --- maven-resources-plugin:2.6:resources (default-resources) @ converter-gson ---
[INFO] Using 'UTF-8' encoding to copy filtered resources.
[INFO] skip non existing resourceDirectory /home/travis/build/square/retrofit/retrofit-converters/gson/src/main/resources
[INFO] 
[INFO] --- maven-compiler-plugin:3.0:compile (default-compile) @ converter-gson ---
[INFO] Changes detected - recompiling the module!
[INFO] Compiling 3 source files to /home/travis/build/square/retrofit/retrofit-converters/gson/target/classes
[INFO] 
[INFO] --- maven-resources-plugin:2.6:testResources (default-testResources) @ converter-gson ---
[INFO] Using 'UTF-8' encoding to copy filtered resources.
[INFO] skip non existing resourceDirectory /home/travis/build/square/retrofit/retrofit-converters/gson/src/test/resources
[INFO] 
[INFO] --- maven-compiler-plugin:3.0:testCompile (default-testCompile) @ converter-gson ---
[INFO] Changes detected - recompiling the module!
[INFO] Compiling 1 source file to /home/travis/build/square/retrofit/retrofit-converters/gson/target/test-classes
[INFO] 
[INFO] --- maven-surefire-plugin:2.12.4:test (default-test) @ converter-gson ---
[INFO] Tests are skipped.
[INFO] 
[INFO] --- animal-sniffer-maven-plugin:1.14:check (default) @ converter-gson ---
[INFO] Checking unresolved references to org.codehaus.mojo.signature:java16:1.1
[INFO] 
[INFO] --- maven-jar-plugin:2.4:jar (default-jar) @ converter-gson ---
[INFO] Building jar: /home/travis/build/square/retrofit/retrofit-converters/gson/target/converter-gson-2.0.0-SNAPSHOT.jar
[INFO] 
[INFO] --- maven-javadoc-plugin:2.10.3:jar (attach-javadocs) @ converter-gson ---
[INFO] Skipping javadoc generation
[INFO] 
[INFO] --- maven-checkstyle-plugin:2.15:checkstyle (default) @ converter-gson ---
[INFO] Starting audit...
Audit done.
[WARNING] Unable to locate Source XRef to link to - DISABLED
[INFO] 
[INFO] --- maven-install-plugin:2.4:install (default-install) @ converter-gson ---
[INFO] Installing /home/travis/build/square/retrofit/retrofit-converters/gson/target/converter-gson-2.0.0-SNAPSHOT.jar to /home/travis/.m2/repository/com/squareup/retrofit2/converter-gson/2.0.0-SNAPSHOT/converter-gson-2.0.0-SNAPSHOT.jar
[INFO] Installing /home/travis/build/square/retrofit/retrofit-converters/gson/pom.xml to /home/travis/.m2/repository/com/squareup/retrofit2/converter-gson/2.0.0-SNAPSHOT/converter-gson-2.0.0-SNAPSHOT.pom
[INFO]                                                                         
[INFO] ------------------------------------------------------------------------
[INFO] Building Converter: Protocol Buffers 2.0.0-SNAPSHOT
[INFO] ------------------------------------------------------------------------
[INFO] 
[INFO] --- maven-enforcer-plugin:1.0:enforce (enforce-maven) @ converter-protobuf ---
[INFO] 
[INFO] --- maven-resources-plugin:2.6:resources (default-resources) @ converter-protobuf ---
[INFO] Using 'UTF-8' encoding to copy filtered resources.
[INFO] skip non existing resourceDirectory /home/travis/build/square/retrofit/retrofit-converters/protobuf/src/main/resources
[INFO] 
[INFO] --- maven-compiler-plugin:3.0:compile (default-compile) @ converter-protobuf ---
[INFO] Changes detected - recompiling the module!
[INFO] Compiling 3 source files to /home/travis/build/square/retrofit/retrofit-converters/protobuf/target/classes
[WARNING] /home/travis/build/square/retrofit/retrofit-converters/protobuf/src/main/java/retrofit2/ProtoConverterFactory.java: /home/travis/build/square/retrofit/retrofit-converters/protobuf/src/main/java/retrofit2/ProtoConverterFactory.java uses unchecked or unsafe operations.
[WARNING] /home/travis/build/square/retrofit/retrofit-converters/protobuf/src/main/java/retrofit2/ProtoConverterFactory.java: Recompile with -Xlint:unchecked for details.
[INFO] 
[INFO] --- maven-resources-plugin:2.6:testResources (default-testResources) @ converter-protobuf ---
[INFO] Using 'UTF-8' encoding to copy filtered resources.
[INFO] skip non existing resourceDirectory /home/travis/build/square/retrofit/retrofit-converters/protobuf/src/test/resources
[INFO] 
[INFO] --- maven-compiler-plugin:3.0:testCompile (default-testCompile) @ converter-protobuf ---
[INFO] Changes detected - recompiling the module!
[INFO] Compiling 2 source files to /home/travis/build/square/retrofit/retrofit-converters/protobuf/target/test-classes
[INFO] 
[INFO] --- maven-surefire-plugin:2.12.4:test (default-test) @ converter-protobuf ---
[INFO] Tests are skipped.
[INFO] 
[INFO] --- animal-sniffer-maven-plugin:1.14:check (default) @ converter-protobuf ---
[INFO] Checking unresolved references to org.codehaus.mojo.signature:java16:1.1
[INFO] 
[INFO] --- maven-jar-plugin:2.4:jar (default-jar) @ converter-protobuf ---
[INFO] Building jar: /home/travis/build/square/retrofit/retrofit-converters/protobuf/target/converter-protobuf-2.0.0-SNAPSHOT.jar
[INFO] 
[INFO] --- maven-javadoc-plugin:2.10.3:jar (attach-javadocs) @ converter-protobuf ---
[INFO] Skipping javadoc generation
[INFO] 
[INFO] --- maven-checkstyle-plugin:2.15:checkstyle (default) @ converter-protobuf ---
[INFO] Starting audit...
Audit done.
[WARNING] Unable to locate Source XRef to link to - DISABLED
[INFO] 
[INFO] --- maven-install-plugin:2.4:install (default-install) @ converter-protobuf ---
[INFO] Installing /home/travis/build/square/retrofit/retrofit-converters/protobuf/target/converter-protobuf-2.0.0-SNAPSHOT.jar to /home/travis/.m2/repository/com/squareup/retrofit2/converter-protobuf/2.0.0-SNAPSHOT/converter-protobuf-2.0.0-SNAPSHOT.jar
[INFO] Installing /home/travis/build/square/retrofit/retrofit-converters/protobuf/pom.xml to /home/travis/.m2/repository/com/squareup/retrofit2/converter-protobuf/2.0.0-SNAPSHOT/converter-protobuf-2.0.0-SNAPSHOT.pom
[INFO]                                                                         
[INFO] ------------------------------------------------------------------------
[INFO] Building Converter: Jackson 2.0.0-SNAPSHOT
[INFO] ------------------------------------------------------------------------
[INFO] 
[INFO] --- maven-enforcer-plugin:1.0:enforce (enforce-maven) @ converter-jackson ---
[INFO] 
[INFO] --- maven-resources-plugin:2.6:resources (default-resources) @ converter-jackson ---
[INFO] Using 'UTF-8' encoding to copy filtered resources.
[INFO] skip non existing resourceDirectory /home/travis/build/square/retrofit/retrofit-converters/jackson/src/main/resources
[INFO] 
[INFO] --- maven-compiler-plugin:3.0:compile (default-compile) @ converter-jackson ---
[INFO] Changes detected - recompiling the module!
[INFO] Compiling 3 source files to /home/travis/build/square/retrofit/retrofit-converters/jackson/target/classes
[INFO] 
[INFO] --- maven-resources-plugin:2.6:testResources (default-testResources) @ converter-jackson ---
[INFO] Using 'UTF-8' encoding to copy filtered resources.
[INFO] skip non existing resourceDirectory /home/travis/build/square/retrofit/retrofit-converters/jackson/src/test/resources
[INFO] 
[INFO] --- maven-compiler-plugin:3.0:testCompile (default-testCompile) @ converter-jackson ---
[INFO] Changes detected - recompiling the module!
[INFO] Compiling 1 source file to /home/travis/build/square/retrofit/retrofit-converters/jackson/target/test-classes
[INFO] 
[INFO] --- maven-surefire-plugin:2.12.4:test (default-test) @ converter-jackson ---
[INFO] Tests are skipped.
[INFO] 
[INFO] --- animal-sniffer-maven-plugin:1.14:check (default) @ converter-jackson ---
[INFO] Checking unresolved references to org.codehaus.mojo.signature:java16:1.1
[INFO] 
[INFO] --- maven-jar-plugin:2.4:jar (default-jar) @ converter-jackson ---
[INFO] Building jar: /home/travis/build/square/retrofit/retrofit-converters/jackson/target/converter-jackson-2.0.0-SNAPSHOT.jar
[INFO] 
[INFO] --- maven-javadoc-plugin:2.10.3:jar (attach-javadocs) @ converter-jackson ---
[INFO] Skipping javadoc generation
[INFO] 
[INFO] --- maven-checkstyle-plugin:2.15:checkstyle (default) @ converter-jackson ---
[INFO] Starting audit...
Audit done.
[WARNING] Unable to locate Source XRef to link to - DISABLED
[INFO] 
[INFO] --- maven-install-plugin:2.4:install (default-install) @ converter-jackson ---
[INFO] Installing /home/travis/build/square/retrofit/retrofit-converters/jackson/target/converter-jackson-2.0.0-SNAPSHOT.jar to /home/travis/.m2/repository/com/squareup/retrofit2/converter-jackson/2.0.0-SNAPSHOT/converter-jackson-2.0.0-SNAPSHOT.jar
[INFO] Installing /home/travis/build/square/retrofit/retrofit-converters/jackson/pom.xml to /home/travis/.m2/repository/com/squareup/retrofit2/converter-jackson/2.0.0-SNAPSHOT/converter-jackson-2.0.0-SNAPSHOT.pom
[INFO]                                                                         
[INFO] ------------------------------------------------------------------------
[INFO] Building Converter: Wire Protocol Buffers 2.0.0-SNAPSHOT
[INFO] ------------------------------------------------------------------------
[INFO] 
[INFO] --- maven-enforcer-plugin:1.0:enforce (enforce-maven) @ converter-wire ---
[INFO] 
[INFO] --- maven-resources-plugin:2.6:resources (default-resources) @ converter-wire ---
[INFO] Using 'UTF-8' encoding to copy filtered resources.
[INFO] skip non existing resourceDirectory /home/travis/build/square/retrofit/retrofit-converters/wire/src/main/resources
[INFO] 
[INFO] --- maven-compiler-plugin:3.0:compile (default-compile) @ converter-wire ---
[INFO] Changes detected - recompiling the module!
[INFO] Compiling 3 source files to /home/travis/build/square/retrofit/retrofit-converters/wire/target/classes
[WARNING] /home/travis/build/square/retrofit/retrofit-converters/wire/src/main/java/retrofit2/WireConverterFactory.java: /home/travis/build/square/retrofit/retrofit-converters/wire/src/main/java/retrofit2/WireConverterFactory.java uses unchecked or unsafe operations.
[WARNING] /home/travis/build/square/retrofit/retrofit-converters/wire/src/main/java/retrofit2/WireConverterFactory.java: Recompile with -Xlint:unchecked for details.
[INFO] 
[INFO] --- maven-resources-plugin:2.6:testResources (default-testResources) @ converter-wire ---
[INFO] Using 'UTF-8' encoding to copy filtered resources.
[INFO] skip non existing resourceDirectory /home/travis/build/square/retrofit/retrofit-converters/wire/src/test/resources
[INFO] 
[INFO] --- maven-compiler-plugin:3.0:testCompile (default-testCompile) @ converter-wire ---
[INFO] Changes detected - recompiling the module!
[INFO] Compiling 2 source files to /home/travis/build/square/retrofit/retrofit-converters/wire/target/test-classes
[INFO] 
[INFO] --- maven-surefire-plugin:2.12.4:test (default-test) @ converter-wire ---
[INFO] Tests are skipped.
[INFO] 
[INFO] --- animal-sniffer-maven-plugin:1.14:check (default) @ converter-wire ---
[INFO] Checking unresolved references to org.codehaus.mojo.signature:java16:1.1
[INFO] 
[INFO] --- maven-jar-plugin:2.4:jar (default-jar) @ converter-wire ---
[INFO] Building jar: /home/travis/build/square/retrofit/retrofit-converters/wire/target/converter-wire-2.0.0-SNAPSHOT.jar
[INFO] 
[INFO] --- maven-javadoc-plugin:2.10.3:jar (attach-javadocs) @ converter-wire ---
[INFO] Skipping javadoc generation
[INFO] 
[INFO] --- maven-checkstyle-plugin:2.15:checkstyle (default) @ converter-wire ---
[INFO] Starting audit...
Audit done.
[WARNING] Unable to locate Source XRef to link to - DISABLED
[INFO] 
[INFO] --- maven-install-plugin:2.4:install (default-install) @ converter-wire ---
[INFO] Installing /home/travis/build/square/retrofit/retrofit-converters/wire/target/converter-wire-2.0.0-SNAPSHOT.jar to /home/travis/.m2/repository/com/squareup/retrofit2/converter-wire/2.0.0-SNAPSHOT/converter-wire-2.0.0-SNAPSHOT.jar
[INFO] Installing /home/travis/build/square/retrofit/retrofit-converters/wire/pom.xml to /home/travis/.m2/repository/com/squareup/retrofit2/converter-wire/2.0.0-SNAPSHOT/converter-wire-2.0.0-SNAPSHOT.pom
[INFO]                                                                         
[INFO] ------------------------------------------------------------------------
[INFO] Building Converter: SimpleXML 2.0.0-SNAPSHOT
[INFO] ------------------------------------------------------------------------
[INFO] 
[INFO] --- maven-enforcer-plugin:1.0:enforce (enforce-maven) @ converter-simplexml ---
[INFO] 
[INFO] --- maven-resources-plugin:2.6:resources (default-resources) @ converter-simplexml ---
[INFO] Using 'UTF-8' encoding to copy filtered resources.
[INFO] skip non existing resourceDirectory /home/travis/build/square/retrofit/retrofit-converters/simplexml/src/main/resources
[INFO] 
[INFO] --- maven-compiler-plugin:3.0:compile (default-compile) @ converter-simplexml ---
[INFO] Changes detected - recompiling the module!
[INFO] Compiling 3 source files to /home/travis/build/square/retrofit/retrofit-converters/simplexml/target/classes
[INFO] 
[INFO] --- maven-resources-plugin:2.6:testResources (default-testResources) @ converter-simplexml ---
[INFO] Using 'UTF-8' encoding to copy filtered resources.
[INFO] skip non existing resourceDirectory /home/travis/build/square/retrofit/retrofit-converters/simplexml/src/test/resources
[INFO] 
[INFO] --- maven-compiler-plugin:3.0:testCompile (default-testCompile) @ converter-simplexml ---
[INFO] Changes detected - recompiling the module!
[INFO] Compiling 2 source files to /home/travis/build/square/retrofit/retrofit-converters/simplexml/target/test-classes
[INFO] 
[INFO] --- maven-surefire-plugin:2.12.4:test (default-test) @ converter-simplexml ---
[INFO] Tests are skipped.
[INFO] 
[INFO] --- animal-sniffer-maven-plugin:1.14:check (default) @ converter-simplexml ---
[INFO] Checking unresolved references to org.codehaus.mojo.signature:java16:1.1
[INFO] 
[INFO] --- maven-jar-plugin:2.4:jar (default-jar) @ converter-simplexml ---
[INFO] Building jar: /home/travis/build/square/retrofit/retrofit-converters/simplexml/target/converter-simplexml-2.0.0-SNAPSHOT.jar
[INFO] 
[INFO] --- maven-javadoc-plugin:2.10.3:jar (attach-javadocs) @ converter-simplexml ---
[INFO] Skipping javadoc generation
[INFO] 
[INFO] --- maven-checkstyle-plugin:2.15:checkstyle (default) @ converter-simplexml ---
[INFO] Starting audit...
Audit done.
[WARNING] Unable to locate Source XRef to link to - DISABLED
[INFO] 
[INFO] --- maven-install-plugin:2.4:install (default-install) @ converter-simplexml ---
[INFO] Installing /home/travis/build/square/retrofit/retrofit-converters/simplexml/target/converter-simplexml-2.0.0-SNAPSHOT.jar to /home/travis/.m2/repository/com/squareup/retrofit2/converter-simplexml/2.0.0-SNAPSHOT/converter-simplexml-2.0.0-SNAPSHOT.jar
[INFO] Installing /home/travis/build/square/retrofit/retrofit-converters/simplexml/pom.xml to /home/travis/.m2/repository/com/squareup/retrofit2/converter-simplexml/2.0.0-SNAPSHOT/converter-simplexml-2.0.0-SNAPSHOT.pom
[INFO]                                                                         
[INFO] ------------------------------------------------------------------------
[INFO] Building Converter: Java Scalars 2.0.0-SNAPSHOT
[INFO] ------------------------------------------------------------------------
[INFO] 
[INFO] --- maven-enforcer-plugin:1.0:enforce (enforce-maven) @ converter-scalars ---
[INFO] 
[INFO] --- maven-resources-plugin:2.6:resources (default-resources) @ converter-scalars ---
[INFO] Using 'UTF-8' encoding to copy filtered resources.
[INFO] skip non existing resourceDirectory /home/travis/build/square/retrofit/retrofit-converters/scalars/src/main/resources
[INFO] 
[INFO] --- maven-compiler-plugin:3.0:compile (default-compile) @ converter-scalars ---
[INFO] Changes detected - recompiling the module!
[INFO] Compiling 3 source files to /home/travis/build/square/retrofit/retrofit-converters/scalars/target/classes
[INFO] 
[INFO] --- maven-resources-plugin:2.6:testResources (default-testResources) @ converter-scalars ---
[INFO] Using 'UTF-8' encoding to copy filtered resources.
[INFO] skip non existing resourceDirectory /home/travis/build/square/retrofit/retrofit-converters/scalars/src/test/resources
[INFO] 
[INFO] --- maven-compiler-plugin:3.0:testCompile (default-testCompile) @ converter-scalars ---
[INFO] Changes detected - recompiling the module!
[INFO] Compiling 1 source file to /home/travis/build/square/retrofit/retrofit-converters/scalars/target/test-classes
[INFO] 
[INFO] --- maven-surefire-plugin:2.12.4:test (default-test) @ converter-scalars ---
[INFO] Tests are skipped.
[INFO] 
[INFO] --- animal-sniffer-maven-plugin:1.14:check (default) @ converter-scalars ---
[INFO] Checking unresolved references to org.codehaus.mojo.signature:java16:1.1
[INFO] 
[INFO] --- maven-jar-plugin:2.4:jar (default-jar) @ converter-scalars ---
[INFO] Building jar: /home/travis/build/square/retrofit/retrofit-converters/scalars/target/converter-scalars-2.0.0-SNAPSHOT.jar
[INFO] 
[INFO] --- maven-javadoc-plugin:2.10.3:jar (attach-javadocs) @ converter-scalars ---
[INFO] Skipping javadoc generation
[INFO] 
[INFO] --- maven-checkstyle-plugin:2.15:checkstyle (default) @ converter-scalars ---
[INFO] Starting audit...
Audit done.
[WARNING] Unable to locate Source XRef to link to - DISABLED
[INFO] 
[INFO] --- maven-install-plugin:2.4:install (default-install) @ converter-scalars ---
[INFO] Installing /home/travis/build/square/retrofit/retrofit-converters/scalars/target/converter-scalars-2.0.0-SNAPSHOT.jar to /home/travis/.m2/repository/com/squareup/retrofit2/converter-scalars/2.0.0-SNAPSHOT/converter-scalars-2.0.0-SNAPSHOT.jar
[INFO] Installing /home/travis/build/square/retrofit/retrofit-converters/scalars/pom.xml to /home/travis/.m2/repository/com/squareup/retrofit2/converter-scalars/2.0.0-SNAPSHOT/converter-scalars-2.0.0-SNAPSHOT.pom
[INFO]                                                                         
[INFO] ------------------------------------------------------------------------
[INFO] Building Converter: Moshi 2.0.0-SNAPSHOT
[INFO] ------------------------------------------------------------------------
[INFO] 
[INFO] --- maven-enforcer-plugin:1.0:enforce (enforce-maven) @ converter-moshi ---
[INFO] 
[INFO] --- maven-resources-plugin:2.6:resources (default-resources) @ converter-moshi ---
[INFO] Using 'UTF-8' encoding to copy filtered resources.
[INFO] skip non existing resourceDirectory /home/travis/build/square/retrofit/retrofit-converters/moshi/src/main/resources
[INFO] 
[INFO] --- maven-compiler-plugin:3.0:compile (default-compile) @ converter-moshi ---
[INFO] Changes detected - recompiling the module!
[INFO] Compiling 3 source files to /home/travis/build/square/retrofit/retrofit-converters/moshi/target/classes
[INFO] 
[INFO] --- maven-resources-plugin:2.6:testResources (default-testResources) @ converter-moshi ---
[INFO] Using 'UTF-8' encoding to copy filtered resources.
[INFO] skip non existing resourceDirectory /home/travis/build/square/retrofit/retrofit-converters/moshi/src/test/resources
[INFO] 
[INFO] --- maven-compiler-plugin:3.0:testCompile (default-testCompile) @ converter-moshi ---
[INFO] Changes detected - recompiling the module!
[INFO] Compiling 1 source file to /home/travis/build/square/retrofit/retrofit-converters/moshi/target/test-classes
[INFO] 
[INFO] --- maven-surefire-plugin:2.12.4:test (default-test) @ converter-moshi ---
[INFO] Tests are skipped.
[INFO] 
[INFO] --- animal-sniffer-maven-plugin:1.14:check (default) @ converter-moshi ---
[INFO] Checking unresolved references to org.codehaus.mojo.signature:java16:1.1
[INFO] 
[INFO] --- maven-jar-plugin:2.4:jar (default-jar) @ converter-moshi ---
[INFO] Building jar: /home/travis/build/square/retrofit/retrofit-converters/moshi/target/converter-moshi-2.0.0-SNAPSHOT.jar
[INFO] 
[INFO] --- maven-javadoc-plugin:2.10.3:jar (attach-javadocs) @ converter-moshi ---
[INFO] Skipping javadoc generation
[INFO] 
[INFO] --- maven-checkstyle-plugin:2.15:checkstyle (default) @ converter-moshi ---
[INFO] Starting audit...
Audit done.
[WARNING] Unable to locate Source XRef to link to - DISABLED
[INFO] 
[INFO] --- maven-install-plugin:2.4:install (default-install) @ converter-moshi ---
[INFO] Installing /home/travis/build/square/retrofit/retrofit-converters/moshi/target/converter-moshi-2.0.0-SNAPSHOT.jar to /home/travis/.m2/repository/com/squareup/retrofit2/converter-moshi/2.0.0-SNAPSHOT/converter-moshi-2.0.0-SNAPSHOT.jar
[INFO] Installing /home/travis/build/square/retrofit/retrofit-converters/moshi/pom.xml to /home/travis/.m2/repository/com/squareup/retrofit2/converter-moshi/2.0.0-SNAPSHOT/converter-moshi-2.0.0-SNAPSHOT.pom
[INFO]                                                                         
[INFO] ------------------------------------------------------------------------
[INFO] Building Retrofit Mock Adapter 2.0.0-SNAPSHOT
[INFO] ------------------------------------------------------------------------
[INFO] 
[INFO] --- maven-enforcer-plugin:1.0:enforce (enforce-maven) @ retrofit-mock ---
[INFO] 
[INFO] --- maven-resources-plugin:2.6:resources (default-resources) @ retrofit-mock ---
[INFO] Using 'UTF-8' encoding to copy filtered resources.
[INFO] skip non existing resourceDirectory /home/travis/build/square/retrofit/retrofit-mock/src/main/resources
[INFO] 
[INFO] --- maven-compiler-plugin:3.0:compile (default-compile) @ retrofit-mock ---
[INFO] Changes detected - recompiling the module!
[INFO] Compiling 5 source files to /home/travis/build/square/retrofit/retrofit-mock/target/classes
[INFO] 
[INFO] --- maven-resources-plugin:2.6:testResources (default-testResources) @ retrofit-mock ---
[INFO] Using 'UTF-8' encoding to copy filtered resources.
[INFO] skip non existing resourceDirectory /home/travis/build/square/retrofit/retrofit-mock/src/test/resources
[INFO] 
[INFO] --- maven-compiler-plugin:3.0:testCompile (default-testCompile) @ retrofit-mock ---
[INFO] Changes detected - recompiling the module!
[INFO] Compiling 3 source files to /home/travis/build/square/retrofit/retrofit-mock/target/test-classes
[INFO] 
[INFO] --- maven-surefire-plugin:2.12.4:test (default-test) @ retrofit-mock ---
[INFO] Tests are skipped.
[INFO] 
[INFO] --- animal-sniffer-maven-plugin:1.14:check (default) @ retrofit-mock ---
[INFO] Checking unresolved references to org.codehaus.mojo.signature:java16:1.1
[INFO] 
[INFO] --- maven-jar-plugin:2.4:jar (default-jar) @ retrofit-mock ---
[INFO] Building jar: /home/travis/build/square/retrofit/retrofit-mock/target/retrofit-mock-2.0.0-SNAPSHOT.jar
[INFO] 
[INFO] --- maven-javadoc-plugin:2.10.3:jar (attach-javadocs) @ retrofit-mock ---
[INFO] Skipping javadoc generation
[INFO] 
[INFO] --- maven-checkstyle-plugin:2.15:checkstyle (default) @ retrofit-mock ---
[INFO] Starting audit...
Audit done.
[WARNING] Unable to locate Source XRef to link to - DISABLED
[INFO] 
[INFO] --- maven-install-plugin:2.4:install (default-install) @ retrofit-mock ---
[INFO] Installing /home/travis/build/square/retrofit/retrofit-mock/target/retrofit-mock-2.0.0-SNAPSHOT.jar to /home/travis/.m2/repository/com/squareup/retrofit2/retrofit-mock/2.0.0-SNAPSHOT/retrofit-mock-2.0.0-SNAPSHOT.jar
[INFO] Installing /home/travis/build/square/retrofit/retrofit-mock/pom.xml to /home/travis/.m2/repository/com/squareup/retrofit2/retrofit-mock/2.0.0-SNAPSHOT/retrofit-mock-2.0.0-SNAPSHOT.pom
[INFO]                                                                         
[INFO] ------------------------------------------------------------------------
[INFO] Building Samples 2.0.0-SNAPSHOT
[INFO] ------------------------------------------------------------------------
[INFO] 
[INFO] --- maven-enforcer-plugin:1.0:enforce (enforce-maven) @ samples ---
[INFO] 
[INFO] --- maven-resources-plugin:2.6:resources (default-resources) @ samples ---
[INFO] Using 'UTF-8' encoding to copy filtered resources.
[INFO] skip non existing resourceDirectory /home/travis/build/square/retrofit/samples/src/main/resources
[INFO] 
[INFO] --- maven-compiler-plugin:3.0:compile (default-compile) @ samples ---
[INFO] Changes detected - recompiling the module!
[INFO] Compiling 6 source files to /home/travis/build/square/retrofit/samples/target/classes
[INFO] 
[INFO] --- maven-resources-plugin:2.6:testResources (default-testResources) @ samples ---
[INFO] Using 'UTF-8' encoding to copy filtered resources.
[INFO] skip non existing resourceDirectory /home/travis/build/square/retrofit/samples/src/test/resources
[INFO] 
[INFO] --- maven-compiler-plugin:3.0:testCompile (default-testCompile) @ samples ---
[INFO] No sources to compile
[INFO] 
[INFO] --- maven-surefire-plugin:2.12.4:test (default-test) @ samples ---
[INFO] Tests are skipped.
[INFO] 
[INFO] --- animal-sniffer-maven-plugin:1.14:check (default) @ samples ---
[INFO] Checking unresolved references to org.codehaus.mojo.signature:java16:1.1
[INFO] 
[INFO] --- maven-jar-plugin:2.4:jar (default-jar) @ samples ---
[INFO] Building jar: /home/travis/build/square/retrofit/samples/target/samples-2.0.0-SNAPSHOT.jar
[INFO] 
[INFO] --- maven-javadoc-plugin:2.10.3:jar (attach-javadocs) @ samples ---
[INFO] Skipping javadoc generation
[INFO] 
[INFO] --- maven-checkstyle-plugin:2.15:checkstyle (default) @ samples ---
[INFO] Starting audit...
Audit done.
[WARNING] Unable to locate Source XRef to link to - DISABLED
[INFO] 
[INFO] --- maven-install-plugin:2.4:install (default-install) @ samples ---
[INFO] Installing /home/travis/build/square/retrofit/samples/target/samples-2.0.0-SNAPSHOT.jar to /home/travis/.m2/repository/com/squareup/retrofit2/samples/2.0.0-SNAPSHOT/samples-2.0.0-SNAPSHOT.jar
[INFO] Installing /home/travis/build/square/retrofit/samples/pom.xml to /home/travis/.m2/repository/com/squareup/retrofit2/samples/2.0.0-SNAPSHOT/samples-2.0.0-SNAPSHOT.pom
[INFO] ------------------------------------------------------------------------
[INFO] Reactor Summary:
[INFO] 
[INFO] Retrofit (Parent) .................................. SUCCESS [  6.186 s]
[INFO] Retrofit ........................................... SUCCESS [ 20.199 s]
[INFO] Adapters ........................................... SUCCESS [  0.999 s]
[INFO] Adapter: RxJava .................................... SUCCESS [  4.257 s]
[INFO] Converters ......................................... SUCCESS [  0.444 s]
[INFO] Converter: Gson .................................... SUCCESS [  1.430 s]
[INFO] Converter: Protocol Buffers ........................ SUCCESS [  1.557 s]
[INFO] Converter: Jackson ................................. SUCCESS [  1.364 s]
[INFO] Converter: Wire Protocol Buffers ................... SUCCESS [  1.085 s]
[INFO] Converter: SimpleXML ............................... SUCCESS [  1.398 s]
[INFO] Converter: Java Scalars ............................ SUCCESS [  1.957 s]
[INFO] Converter: Moshi ................................... SUCCESS [  1.276 s]
[INFO] Retrofit Mock Adapter .............................. SUCCESS [  1.229 s]
[INFO] Samples ............................................ SUCCESS [  1.593 s]
[INFO] ------------------------------------------------------------------------
[INFO] BUILD SUCCESS
[INFO] ------------------------------------------------------------------------
[INFO] Total time: 45.478 s
[INFO] Finished at: 2016-01-16T22:47:13+00:00
[INFO] Final Memory: 45M/424M
[INFO] ------------------------------------------------------------------------
travis_time:end:06d39b0c:start=1452984386246301321,finish=1452984435014010459,duration=48767709138[0Ktravis_fold:end:install[0Ktravis_time:start:03ce95e3[0K$ mvn test -B
Java HotSpot(TM) 64-Bit Server VM warning: ignoring option MaxPermSize=192m; support was removed in 8.0
[INFO] Scanning for projects...
[WARNING] 
[WARNING] Some problems were encountered while building the effective model for com.squareup.retrofit2:samples:jar:2.0.0-SNAPSHOT
[WARNING] 'build.plugins.plugin.version' for org.apache.maven.plugins:maven-deploy-plugin is missing. @ com.squareup.retrofit2:samples:[unknown-version], /home/travis/build/square/retrofit/samples/pom.xml, line 45, column 15
[WARNING] 
[WARNING] It is highly recommended to fix these problems because they threaten the stability of your build.
[WARNING] 
[WARNING] For this reason, future Maven versions might no longer support building such malformed projects.
[WARNING] 
[INFO] ------------------------------------------------------------------------
[INFO] Reactor Build Order:
[INFO] 
[INFO] Retrofit (Parent)
[INFO] Retrofit
[INFO] Adapters
[INFO] Adapter: RxJava
[INFO] Converters
[INFO] Converter: Gson
[INFO] Converter: Protocol Buffers
[INFO] Converter: Jackson
[INFO] Converter: Wire Protocol Buffers
[INFO] Converter: SimpleXML
[INFO] Converter: Java Scalars
[INFO] Converter: Moshi
[INFO] Retrofit Mock Adapter
[INFO] Samples
[INFO]                                                                         
[INFO] ------------------------------------------------------------------------
[INFO] Building Retrofit (Parent) 2.0.0-SNAPSHOT
[INFO] ------------------------------------------------------------------------
[INFO] 
[INFO] --- maven-enforcer-plugin:1.0:enforce (enforce-maven) @ parent ---
[INFO] 
[INFO] --- animal-sniffer-maven-plugin:1.14:check (default) @ parent ---
[INFO] Checking unresolved references to org.codehaus.mojo.signature:java16:1.1
[INFO]                                                                         
[INFO] ------------------------------------------------------------------------
[INFO] Building Retrofit 2.0.0-SNAPSHOT
[INFO] ------------------------------------------------------------------------
[INFO] 
[INFO] --- maven-enforcer-plugin:1.0:enforce (enforce-maven) @ retrofit ---
[INFO] 
[INFO] --- maven-resources-plugin:2.6:resources (default-resources) @ retrofit ---
[INFO] Using 'UTF-8' encoding to copy filtered resources.
[INFO] skip non existing resourceDirectory /home/travis/build/square/retrofit/retrofit/src/main/resources
[INFO] 
[INFO] --- maven-compiler-plugin:3.0:compile (default-compile) @ retrofit ---
[INFO] Changes detected - recompiling the module!
[INFO] Compiling 42 source files to /home/travis/build/square/retrofit/retrofit/target/classes
[WARNING] /home/travis/build/square/retrofit/retrofit/src/main/java/retrofit2/Retrofit.java: Some input files use unchecked or unsafe operations.
[WARNING] /home/travis/build/square/retrofit/retrofit/src/main/java/retrofit2/Retrofit.java: Recompile with -Xlint:unchecked for details.
[INFO] 
[INFO] --- maven-resources-plugin:2.6:testResources (default-testResources) @ retrofit ---
[INFO] Using 'UTF-8' encoding to copy filtered resources.
[INFO] skip non existing resourceDirectory /home/travis/build/square/retrofit/retrofit/src/test/resources
[INFO] 
[INFO] --- maven-compiler-plugin:3.0:testCompile (default-testCompile) @ retrofit ---
[INFO] Changes detected - recompiling the module!
[INFO] Compiling 9 source files to /home/travis/build/square/retrofit/retrofit/target/test-classes
[WARNING] /home/travis/build/square/retrofit/retrofit/src/test/java/retrofit2/RetrofitTest.java: /home/travis/build/square/retrofit/retrofit/src/test/java/retrofit2/RetrofitTest.java uses unchecked or unsafe operations.
[WARNING] /home/travis/build/square/retrofit/retrofit/src/test/java/retrofit2/RetrofitTest.java: Recompile with -Xlint:unchecked for details.
[INFO] 
[INFO] --- maven-surefire-plugin:2.12.4:test (default-test) @ retrofit ---
[INFO] Surefire report directory: /home/travis/build/square/retrofit/retrofit/target/surefire-reports

-------------------------------------------------------
 T E S T S
-------------------------------------------------------
Running retrofit2.CallTest
Jan 16, 2016 10:47:30 PM okhttp3.mockwebserver.MockWebServer$3 execute
INFO: MockWebServer[53415] starting to accept connections
Jan 16, 2016 10:47:30 PM okhttp3.mockwebserver.MockWebServer$3 acceptConnections
INFO: MockWebServer[53415] done accepting connections: Socket closed
Jan 16, 2016 10:47:30 PM okhttp3.mockwebserver.MockWebServer$3 execute
INFO: MockWebServer[53196] starting to accept connections
Jan 16, 2016 10:47:30 PM okhttp3.mockwebserver.MockWebServer$4 processOneRequest
INFO: MockWebServer[53196] received request: GET / HTTP/1.1 and responded: HTTP/1.1 200 OK
Jan 16, 2016 10:47:30 PM okhttp3.mockwebserver.MockWebServer$3 acceptConnections
INFO: MockWebServer[53196] done accepting connections: Socket closed
Jan 16, 2016 10:47:30 PM okhttp3.mockwebserver.MockWebServer$3 execute
INFO: MockWebServer[47437] starting to accept connections
Jan 16, 2016 10:47:30 PM okhttp3.mockwebserver.MockWebServer$3 acceptConnections
INFO: MockWebServer[47437] done accepting connections: Socket closed
Jan 16, 2016 10:47:30 PM okhttp3.mockwebserver.MockWebServer$4 processOneRequest
INFO: MockWebServer[47437] received request: GET / HTTP/1.1 and responded: HTTP/1.1 404 Client Error
Jan 16, 2016 10:47:30 PM okhttp3.mockwebserver.MockWebServer$3 execute
INFO: MockWebServer[49256] starting to accept connections
Jan 16, 2016 10:47:30 PM okhttp3.mockwebserver.MockWebServer$3 acceptConnections
INFO: MockWebServer[49256] done accepting connections: Socket closed
Jan 16, 2016 10:47:30 PM okhttp3.mockwebserver.MockWebServer$4 processOneRequest
INFO: MockWebServer[49256] received request: POST /Hello HTTP/1.1 and responded: HTTP/1.1 200 OK
Jan 16, 2016 10:47:30 PM okhttp3.mockwebserver.MockWebServer$3 execute
INFO: MockWebServer[33248] starting to accept connections
Jan 16, 2016 10:47:30 PM okhttp3.mockwebserver.MockWebServer$3 acceptConnections
INFO: MockWebServer[33248] done accepting connections: Socket closed
Jan 16, 2016 10:47:30 PM okhttp3.mockwebserver.MockWebServer$3 execute
INFO: MockWebServer[50644] starting to accept connections
Jan 16, 2016 10:47:30 PM okhttp3.mockwebserver.MockWebServer$3 acceptConnections
INFO: MockWebServer[50644] done accepting connections: Socket closed
Jan 16, 2016 10:47:30 PM okhttp3.mockwebserver.MockWebServer$3 execute
INFO: MockWebServer[58853] starting to accept connections
Jan 16, 2016 10:47:30 PM okhttp3.mockwebserver.MockWebServer$3 acceptConnections
INFO: MockWebServer[58853] done accepting connections: Socket closed
Jan 16, 2016 10:47:30 PM okhttp3.mockwebserver.MockWebServer$4 processOneRequest
INFO: MockWebServer[58853] received request: GET / HTTP/1.1 and responded: HTTP/1.1 200 OK
Jan 16, 2016 10:47:30 PM okhttp3.mockwebserver.MockWebServer$3 execute
INFO: MockWebServer[60712] starting to accept connections
Jan 16, 2016 10:47:30 PM okhttp3.mockwebserver.MockWebServer$3 acceptConnections
INFO: MockWebServer[60712] done accepting connections: Socket closed
Jan 16, 2016 10:47:30 PM okhttp3.mockwebserver.MockWebServer$4 processOneRequest
INFO: MockWebServer[60712] received request: GET / HTTP/1.1 and responded: HTTP/1.1 200 OK
Jan 16, 2016 10:47:30 PM okhttp3.mockwebserver.MockWebServer$3 execute
INFO: MockWebServer[59231] starting to accept connections
Jan 16, 2016 10:47:30 PM okhttp3.mockwebserver.MockWebServer$3 acceptConnections
INFO: MockWebServer[59231] done accepting connections: Socket is closed
Jan 16, 2016 10:47:30 PM okhttp3.mockwebserver.MockWebServer$3 execute
INFO: MockWebServer[36090] starting to accept connections
Jan 16, 2016 10:47:30 PM okhttp3.mockwebserver.MockWebServer$3 acceptConnections
INFO: MockWebServer[36090] done accepting connections: Socket closed
Jan 16, 2016 10:47:30 PM okhttp3.mockwebserver.MockWebServer$4 processOneRequest
INFO: MockWebServer[36090] received request: POST /Hello HTTP/1.1 and responded: HTTP/1.1 200 OK
Jan 16, 2016 10:47:30 PM okhttp3.mockwebserver.MockWebServer$3 execute
INFO: MockWebServer[33520] starting to accept connections
Jan 16, 2016 10:47:30 PM okhttp3.mockwebserver.MockWebServer$3 acceptConnections
INFO: MockWebServer[33520] done accepting connections: Socket closed
Jan 16, 2016 10:47:30 PM okhttp3.mockwebserver.MockWebServer$4 processOneRequest
INFO: MockWebServer[33520] received request: POST /Hello HTTP/1.1 and responded: HTTP/1.1 200 OK
Jan 16, 2016 10:47:30 PM okhttp3.mockwebserver.MockWebServer$3 execute
INFO: MockWebServer[55436] starting to accept connections
Jan 16, 2016 10:47:30 PM okhttp3.mockwebserver.MockWebServer$3 acceptConnections
INFO: MockWebServer[55436] done accepting connections: Socket is closed
Jan 16, 2016 10:47:30 PM okhttp3.mockwebserver.MockWebServer$3 execute
INFO: MockWebServer[41765] starting to accept connections
Jan 16, 2016 10:47:30 PM okhttp3.mockwebserver.MockWebServer$3 acceptConnections
INFO: MockWebServer[41765] done accepting connections: Socket closed
Jan 16, 2016 10:47:30 PM okhttp3.mockwebserver.MockWebServer$4 processOneRequest
INFO: MockWebServer[41765] received request: GET / HTTP/1.1 and responded: HTTP/1.1 404 Client Error
Jan 16, 2016 10:47:30 PM okhttp3.mockwebserver.MockWebServer$3 execute
INFO: MockWebServer[40511] starting to accept connections
Jan 16, 2016 10:47:30 PM okhttp3.mockwebserver.MockWebServer$3 acceptConnections
INFO: MockWebServer[40511] done accepting connections: Socket closed
Jan 16, 2016 10:47:30 PM okhttp3.mockwebserver.MockWebServer$4 processOneRequest
INFO: MockWebServer[40511] received request: POST / HTTP/1.1 and responded: HTTP/1.1 200 OK
Jan 16, 2016 10:47:30 PM okhttp3.mockwebserver.MockWebServer$3 execute
INFO: MockWebServer[44272] starting to accept connections
Jan 16, 2016 10:47:31 PM okhttp3.mockwebserver.MockWebServer$3 acceptConnections
INFO: MockWebServer[44272] done accepting connections: Socket closed
Jan 16, 2016 10:47:31 PM okhttp3.mockwebserver.MockWebServer$4 processOneRequest
INFO: MockWebServer[44272] received request: GET / HTTP/1.1 and responded: HTTP/1.1 204 Nothin
Jan 16, 2016 10:47:31 PM okhttp3.mockwebserver.MockWebServer$3 execute
INFO: MockWebServer[49323] starting to accept connections
Jan 16, 2016 10:47:31 PM okhttp3.mockwebserver.MockWebServer$3 acceptConnections
INFO: MockWebServer[49323] done accepting connections: Socket is closed
Jan 16, 2016 10:47:31 PM okhttp3.mockwebserver.MockWebServer$3 execute
INFO: MockWebServer[54223] starting to accept connections
Jan 16, 2016 10:47:31 PM okhttp3.mockwebserver.MockWebServer$3 acceptConnections
INFO: MockWebServer[54223] done accepting connections: Socket closed
Jan 16, 2016 10:47:31 PM okhttp3.mockwebserver.MockWebServer$4 processOneRequest
INFO: MockWebServer[54223] received request: GET / HTTP/1.1 and responded: HTTP/1.1 200 OK
Jan 16, 2016 10:47:31 PM okhttp3.mockwebserver.MockWebServer$3 execute
INFO: MockWebServer[47941] starting to accept connections
Jan 16, 2016 10:47:31 PM okhttp3.mockwebserver.MockWebServer$3 acceptConnections
INFO: MockWebServer[47941] done accepting connections: Socket closed
Jan 16, 2016 10:47:31 PM okhttp3.mockwebserver.MockWebServer$4 processOneRequest
INFO: MockWebServer[47941] received request: POST /Hello HTTP/1.1 and responded: HTTP/1.1 200 OK
Jan 16, 2016 10:47:31 PM okhttp3.mockwebserver.MockWebServer$3 execute
INFO: MockWebServer[60892] starting to accept connections
Jan 16, 2016 10:47:31 PM okhttp3.mockwebserver.MockWebServer$3 acceptConnections
INFO: MockWebServer[60892] done accepting connections: Socket closed
Jan 16, 2016 10:47:31 PM okhttp3.mockwebserver.MockWebServer$4 processOneRequest
INFO: MockWebServer[60892] received request: GET / HTTP/1.1 and responded: HTTP/1.1 200 OK
Jan 16, 2016 10:47:31 PM okhttp3.mockwebserver.MockWebServer$3 execute
INFO: MockWebServer[57017] starting to accept connections
Jan 16, 2016 10:47:31 PM okhttp3.mockwebserver.MockWebServer$3 acceptConnections
INFO: MockWebServer[57017] done accepting connections: Socket closed
Jan 16, 2016 10:47:31 PM okhttp3.mockwebserver.MockWebServer$4 processOneRequest
INFO: MockWebServer[57017] received request: POST / HTTP/1.1 and responded: HTTP/1.1 200 OK
Jan 16, 2016 10:47:31 PM okhttp3.mockwebserver.MockWebServer$3 execute
INFO: MockWebServer[57605] starting to accept connections
Jan 16, 2016 10:47:31 PM okhttp3.mockwebserver.MockWebServer$3 acceptConnections
INFO: MockWebServer[57605] done accepting connections: Socket is closed
Jan 16, 2016 10:47:31 PM okhttp3.mockwebserver.MockWebServer$3 execute
INFO: MockWebServer[48151] starting to accept connections
Jan 16, 2016 10:47:31 PM okhttp3.mockwebserver.MockWebServer$3 acceptConnections
INFO: MockWebServer[48151] done accepting connections: Socket is closed
Jan 16, 2016 10:47:31 PM okhttp3.mockwebserver.MockWebServer$3 execute
INFO: MockWebServer[57019] starting to accept connections
Jan 16, 2016 10:47:31 PM okhttp3.mockwebserver.MockWebServer$3 acceptConnections
INFO: MockWebServer[57019] done accepting connections: Socket is closed
Jan 16, 2016 10:47:31 PM okhttp3.mockwebserver.MockWebServer$3 execute
INFO: MockWebServer[58635] starting to accept connections
Jan 16, 2016 10:47:31 PM okhttp3.mockwebserver.MockWebServer$3 acceptConnections
INFO: MockWebServer[58635] done accepting connections: Socket closed
Jan 16, 2016 10:47:31 PM okhttp3.mockwebserver.MockWebServer$4 processOneRequest
INFO: MockWebServer[58635] received request: GET / HTTP/1.1 and responded: HTTP/1.1 200 OK
Jan 16, 2016 10:47:31 PM okhttp3.mockwebserver.MockWebServer$3 execute
INFO: MockWebServer[50549] starting to accept connections
Jan 16, 2016 10:47:31 PM okhttp3.mockwebserver.MockWebServer$3 acceptConnections
INFO: MockWebServer[50549] done accepting connections: Socket closed
Jan 16, 2016 10:47:31 PM okhttp3.mockwebserver.MockWebServer$4 processOneRequest
INFO: MockWebServer[50549] received request: GET / HTTP/1.1 and responded: HTTP/1.1 200 OK
Jan 16, 2016 10:47:31 PM okhttp3.mockwebserver.MockWebServer$3 execute
INFO: MockWebServer[59619] starting to accept connections
Jan 16, 2016 10:47:31 PM okhttp3.mockwebserver.MockWebServer$3 acceptConnections
INFO: MockWebServer[59619] done accepting connections: Socket closed
Jan 16, 2016 10:47:31 PM okhttp3.mockwebserver.MockWebServer$4 processOneRequest
INFO: MockWebServer[59619] received request: GET / HTTP/1.1 and responded: HTTP/1.1 205 Nothin
Jan 16, 2016 10:47:31 PM okhttp3.mockwebserver.MockWebServer$3 execute
INFO: MockWebServer[47014] starting to accept connections
Jan 16, 2016 10:47:31 PM okhttp3.mockwebserver.MockWebServer$4 processOneRequest
INFO: MockWebServer[47014] received request: GET / HTTP/1.1 and responded: HTTP/1.1 200 OK
Jan 16, 2016 10:47:31 PM okhttp3.mockwebserver.MockWebServer$4 processOneRequest
INFO: MockWebServer[47014] received request: GET / HTTP/1.1 and responded: HTTP/1.1 200 OK
Jan 16, 2016 10:47:31 PM okhttp3.mockwebserver.MockWebServer$3 acceptConnections
INFO: MockWebServer[47014] done accepting connections: Socket closed
Jan 16, 2016 10:47:31 PM okhttp3.mockwebserver.MockWebServer$3 execute
INFO: MockWebServer[44446] starting to accept connections
Jan 16, 2016 10:47:31 PM okhttp3.mockwebserver.MockWebServer$3 acceptConnections
INFO: MockWebServer[44446] done accepting connections: Socket closed
Jan 16, 2016 10:47:31 PM okhttp3.mockwebserver.MockWebServer$4 processOneRequest
INFO: MockWebServer[44446] received request: GET / HTTP/1.1 and responded: HTTP/1.1 200 OK
Jan 16, 2016 10:47:31 PM okhttp3.mockwebserver.MockWebServer$3 execute
INFO: MockWebServer[41974] starting to accept connections
Jan 16, 2016 10:47:31 PM okhttp3.mockwebserver.MockWebServer$3 acceptConnections
INFO: MockWebServer[41974] done accepting connections: Socket is closed
Jan 16, 2016 10:47:31 PM okhttp3.mockwebserver.MockWebServer$3 execute
INFO: MockWebServer[55937] starting to accept connections
Jan 16, 2016 10:47:31 PM okhttp3.mockwebserver.MockWebServer$3 acceptConnections
INFO: MockWebServer[55937] done accepting connections: Socket closed
Jan 16, 2016 10:47:31 PM okhttp3.mockwebserver.MockWebServer$3 execute
INFO: MockWebServer[37046] starting to accept connections
Jan 16, 2016 10:47:31 PM okhttp3.mockwebserver.MockWebServer$3 acceptConnections
INFO: MockWebServer[37046] done accepting connections: Socket closed
Jan 16, 2016 10:47:31 PM okhttp3.mockwebserver.MockWebServer$3 execute
INFO: MockWebServer[60814] starting to accept connections
Jan 16, 2016 10:47:31 PM okhttp3.mockwebserver.MockWebServer$3 acceptConnections
INFO: MockWebServer[60814] done accepting connections: Socket closed
Jan 16, 2016 10:47:31 PM okhttp3.mockwebserver.MockWebServer$4 processOneRequest
INFO: MockWebServer[60814] received request: GET / HTTP/1.1 and responded: HTTP/1.1 200 OK
Jan 16, 2016 10:47:31 PM okhttp3.mockwebserver.MockWebServer$3 execute
INFO: MockWebServer[43835] starting to accept connections
Jan 16, 2016 10:47:31 PM okhttp3.mockwebserver.MockWebServer$3 acceptConnections
INFO: MockWebServer[43835] done accepting connections: Socket closed
Jan 16, 2016 10:47:31 PM okhttp3.mockwebserver.MockWebServer$4 processOneRequest
INFO: MockWebServer[43835] received request: GET / HTTP/1.1 and responded: HTTP/1.1 200 OK
Jan 16, 2016 10:47:31 PM okhttp3.mockwebserver.MockWebServer$3 execute
INFO: MockWebServer[35840] starting to accept connections
Jan 16, 2016 10:47:31 PM okhttp3.mockwebserver.MockWebServer$3 acceptConnections
INFO: MockWebServer[35840] done accepting connections: Socket closed
Jan 16, 2016 10:47:31 PM okhttp3.mockwebserver.MockWebServer$4 processOneRequest
INFO: MockWebServer[35840] received request: GET / HTTP/1.1 and responded: HTTP/1.1 200 OK
Tests run: 34, Failures: 0, Errors: 0, Skipped: 0, Time elapsed: 1.404 sec
Running retrofit2.RequestBuilderTest
Tests run: 103, Failures: 0, Errors: 0, Skipped: 2, Time elapsed: 0.311 sec
Running retrofit2.ExecutorCallAdapterFactoryTest
Tests run: 7, Failures: 0, Errors: 0, Skipped: 0, Time elapsed: 0.275 sec
Running retrofit2.RequestBuilderAndroidTest
WARNING: No manifest file found at ./AndroidManifest.xml.Falling back to the Android OS resources only.
To remove this warning, annotate your test class with @Config(manifest=Config.NONE).
WARNING: No manifest file found at ./AndroidManifest.xml.Falling back to the Android OS resources only.
To remove this warning, annotate your test class with @Config(manifest=Config.NONE).
Tests run: 2, Failures: 0, Errors: 0, Skipped: 0, Time elapsed: 8.726 sec
Running retrofit2.ResponseTest
Tests run: 12, Failures: 0, Errors: 0, Skipped: 0, Time elapsed: 0.008 sec
Running retrofit2.RequestFactoryParserTest
Tests run: 1, Failures: 0, Errors: 0, Skipped: 0, Time elapsed: 0.013 sec
Running retrofit2.RetrofitTest
Jan 16, 2016 10:47:40 PM okhttp3.mockwebserver.MockWebServer$3 execute
INFO: MockWebServer[48716] starting to accept connections
Jan 16, 2016 10:47:41 PM okhttp3.mockwebserver.MockWebServer$3 acceptConnections
INFO: MockWebServer[48716] done accepting connections: Socket closed
Jan 16, 2016 10:47:41 PM okhttp3.mockwebserver.MockWebServer$3 execute
INFO: MockWebServer[58943] starting to accept connections
Jan 16, 2016 10:47:41 PM okhttp3.mockwebserver.MockWebServer$3 acceptConnections
INFO: MockWebServer[58943] done accepting connections: Socket closed
Jan 16, 2016 10:47:41 PM okhttp3.mockwebserver.MockWebServer$3 execute
INFO: MockWebServer[60624] starting to accept connections
Jan 16, 2016 10:47:41 PM okhttp3.mockwebserver.MockWebServer$3 acceptConnections
INFO: MockWebServer[60624] done accepting connections: Socket closed
Jan 16, 2016 10:47:41 PM okhttp3.mockwebserver.MockWebServer$3 execute
INFO: MockWebServer[33824] starting to accept connections
Jan 16, 2016 10:47:41 PM okhttp3.mockwebserver.MockWebServer$3 acceptConnections
INFO: MockWebServer[33824] done accepting connections: Socket is closed
Jan 16, 2016 10:47:41 PM okhttp3.mockwebserver.MockWebServer$3 execute
INFO: MockWebServer[34376] starting to accept connections
Jan 16, 2016 10:47:41 PM okhttp3.mockwebserver.MockWebServer$3 acceptConnections
INFO: MockWebServer[34376] done accepting connections: Socket closed
Jan 16, 2016 10:47:41 PM okhttp3.mockwebserver.MockWebServer$4 processOneRequest
INFO: MockWebServer[34376] received request: GET / HTTP/1.1 and responded: HTTP/1.1 200 OK
Jan 16, 2016 10:47:42 PM okhttp3.mockwebserver.MockWebServer$3 execute
INFO: MockWebServer[34625] starting to accept connections
Jan 16, 2016 10:47:42 PM okhttp3.mockwebserver.MockWebServer$3 acceptConnections
INFO: MockWebServer[34625] done accepting connections: Socket is closed
Jan 16, 2016 10:47:42 PM okhttp3.mockwebserver.MockWebServer$3 execute
INFO: MockWebServer[51359] starting to accept connections
Jan 16, 2016 10:47:42 PM okhttp3.mockwebserver.MockWebServer$3 acceptConnections
INFO: MockWebServer[51359] done accepting connections: Socket is closed
Jan 16, 2016 10:47:42 PM okhttp3.mockwebserver.MockWebServer$3 execute
INFO: MockWebServer[40519] starting to accept connections
Jan 16, 2016 10:47:42 PM okhttp3.mockwebserver.MockWebServer$3 acceptConnections
INFO: MockWebServer[40519] done accepting connections: Socket is closed
Jan 16, 2016 10:47:42 PM okhttp3.mockwebserver.MockWebServer$3 execute
INFO: MockWebServer[41444] starting to accept connections
Jan 16, 2016 10:47:42 PM okhttp3.mockwebserver.MockWebServer$3 acceptConnections
INFO: MockWebServer[41444] done accepting connections: Socket closed
Jan 16, 2016 10:47:42 PM okhttp3.mockwebserver.MockWebServer$3 execute
INFO: MockWebServer[47002] starting to accept connections
Jan 16, 2016 10:47:42 PM okhttp3.mockwebserver.MockWebServer$3 acceptConnections
INFO: MockWebServer[47002] done accepting connections: Socket is closed
Jan 16, 2016 10:47:42 PM okhttp3.mockwebserver.MockWebServer$3 execute
INFO: MockWebServer[50576] starting to accept connections
Jan 16, 2016 10:47:42 PM okhttp3.mockwebserver.MockWebServer$3 acceptConnections
INFO: MockWebServer[50576] done accepting connections: Socket closed
Jan 16, 2016 10:47:42 PM okhttp3.mockwebserver.MockWebServer$3 execute
INFO: MockWebServer[53336] starting to accept connections
Jan 16, 2016 10:47:42 PM okhttp3.mockwebserver.MockWebServer$3 acceptConnections
INFO: MockWebServer[53336] done accepting connections: Socket closed
Jan 16, 2016 10:47:42 PM okhttp3.mockwebserver.MockWebServer$3 execute
INFO: MockWebServer[48938] starting to accept connections
Jan 16, 2016 10:47:42 PM okhttp3.mockwebserver.MockWebServer$3 acceptConnections
INFO: MockWebServer[48938] done accepting connections: Socket closed
Jan 16, 2016 10:47:42 PM okhttp3.mockwebserver.MockWebServer$3 execute
INFO: MockWebServer[38674] starting to accept connections
Jan 16, 2016 10:47:42 PM okhttp3.mockwebserver.MockWebServer$3 acceptConnections
INFO: MockWebServer[38674] done accepting connections: Socket closed
Jan 16, 2016 10:47:42 PM okhttp3.mockwebserver.MockWebServer$4 processOneRequest
INFO: MockWebServer[38674] received request: GET / HTTP/1.1 and responded: HTTP/1.1 200 OK
Jan 16, 2016 10:47:42 PM okhttp3.mockwebserver.MockWebServer$3 execute
INFO: MockWebServer[54427] starting to accept connections
Jan 16, 2016 10:47:42 PM okhttp3.mockwebserver.MockWebServer$3 acceptConnections
INFO: MockWebServer[54427] done accepting connections: Socket is closed
Jan 16, 2016 10:47:42 PM okhttp3.mockwebserver.MockWebServer$3 execute
INFO: MockWebServer[42507] starting to accept connections
Jan 16, 2016 10:47:42 PM okhttp3.mockwebserver.MockWebServer$3 acceptConnections
INFO: MockWebServer[42507] done accepting connections: Socket closed
Jan 16, 2016 10:47:42 PM okhttp3.mockwebserver.MockWebServer$3 execute
INFO: MockWebServer[42402] starting to accept connections
Jan 16, 2016 10:47:42 PM okhttp3.mockwebserver.MockWebServer$3 acceptConnections
INFO: MockWebServer[42402] done accepting connections: Socket closed
Jan 16, 2016 10:47:42 PM okhttp3.mockwebserver.MockWebServer$4 processOneRequest
INFO: MockWebServer[42402] received request: GET / HTTP/1.1 and responded: HTTP/1.1 200 OK
Jan 16, 2016 10:47:42 PM okhttp3.mockwebserver.MockWebServer$3 execute
INFO: MockWebServer[56815] starting to accept connections
Jan 16, 2016 10:47:42 PM okhttp3.mockwebserver.MockWebServer$3 acceptConnections
INFO: MockWebServer[56815] done accepting connections: Socket closed
Jan 16, 2016 10:47:42 PM okhttp3.mockwebserver.MockWebServer$3 execute
INFO: MockWebServer[43579] starting to accept connections
Jan 16, 2016 10:47:43 PM okhttp3.mockwebserver.MockWebServer$3 acceptConnections
INFO: MockWebServer[43579] done accepting connections: Socket closed
Jan 16, 2016 10:47:43 PM okhttp3.mockwebserver.MockWebServer$4 processOneRequest
INFO: MockWebServer[43579] received request: POST / HTTP/1.1 and responded: HTTP/1.1 200 OK
Jan 16, 2016 10:47:43 PM okhttp3.mockwebserver.MockWebServer$3 execute
INFO: MockWebServer[36123] starting to accept connections
Jan 16, 2016 10:47:43 PM okhttp3.mockwebserver.MockWebServer$3 acceptConnections
INFO: MockWebServer[36123] done accepting connections: Socket is closed
Jan 16, 2016 10:47:43 PM okhttp3.mockwebserver.MockWebServer$3 execute
INFO: MockWebServer[47836] starting to accept connections
Jan 16, 2016 10:47:43 PM okhttp3.mockwebserver.MockWebServer$3 acceptConnections
INFO: MockWebServer[47836] done accepting connections: Socket closed
Jan 16, 2016 10:47:43 PM okhttp3.mockwebserver.MockWebServer$3 execute
INFO: MockWebServer[47649] starting to accept connections
Jan 16, 2016 10:47:43 PM okhttp3.mockwebserver.MockWebServer$3 acceptConnections
INFO: MockWebServer[47649] done accepting connections: Socket is closed
Jan 16, 2016 10:47:43 PM okhttp3.mockwebserver.MockWebServer$3 execute
INFO: MockWebServer[41566] starting to accept connections
Jan 16, 2016 10:47:43 PM okhttp3.mockwebserver.MockWebServer$3 acceptConnections
INFO: MockWebServer[41566] done accepting connections: Socket closed
Jan 16, 2016 10:47:43 PM okhttp3.mockwebserver.MockWebServer$3 execute
INFO: MockWebServer[39728] starting to accept connections
Jan 16, 2016 10:47:43 PM okhttp3.mockwebserver.MockWebServer$3 acceptConnections
INFO: MockWebServer[39728] done accepting connections: Socket is closed
Jan 16, 2016 10:47:43 PM okhttp3.mockwebserver.MockWebServer$3 execute
INFO: MockWebServer[57019] starting to accept connections
Jan 16, 2016 10:47:43 PM okhttp3.mockwebserver.MockWebServer$3 acceptConnections
INFO: MockWebServer[57019] done accepting connections: Socket is closed
Jan 16, 2016 10:47:43 PM okhttp3.mockwebserver.MockWebServer$3 execute
INFO: MockWebServer[56124] starting to accept connections
Jan 16, 2016 10:47:43 PM okhttp3.mockwebserver.MockWebServer$4 processOneRequest
INFO: MockWebServer[56124] received request: GET / HTTP/1.1 and responded: HTTP/1.1 200 OK
Jan 16, 2016 10:47:43 PM okhttp3.mockwebserver.MockWebServer$3 acceptConnections
INFO: MockWebServer[56124] done accepting connections: Socket closed
Jan 16, 2016 10:47:43 PM okhttp3.mockwebserver.MockWebServer$3 execute
INFO: MockWebServer[45671] starting to accept connections
Jan 16, 2016 10:47:43 PM okhttp3.mockwebserver.MockWebServer$3 acceptConnections
INFO: MockWebServer[45671] done accepting connections: Socket closed
Jan 16, 2016 10:47:43 PM okhttp3.mockwebserver.MockWebServer$3 execute
INFO: MockWebServer[55075] starting to accept connections
Jan 16, 2016 10:47:43 PM okhttp3.mockwebserver.MockWebServer$3 acceptConnections
INFO: MockWebServer[55075] done accepting connections: Socket is closed
Jan 16, 2016 10:47:43 PM okhttp3.mockwebserver.MockWebServer$3 execute
INFO: MockWebServer[39726] starting to accept connections
Jan 16, 2016 10:47:43 PM okhttp3.mockwebserver.MockWebServer$3 acceptConnections
INFO: MockWebServer[39726] done accepting connections: Socket closed
Jan 16, 2016 10:47:43 PM okhttp3.mockwebserver.MockWebServer$3 execute
INFO: MockWebServer[39183] starting to accept connections
Jan 16, 2016 10:47:43 PM okhttp3.mockwebserver.MockWebServer$3 acceptConnections
INFO: MockWebServer[39183] done accepting connections: Socket is closed
Jan 16, 2016 10:47:43 PM okhttp3.mockwebserver.MockWebServer$3 execute
INFO: MockWebServer[51812] starting to accept connections
Jan 16, 2016 10:47:43 PM okhttp3.mockwebserver.MockWebServer$3 acceptConnections
INFO: MockWebServer[51812] done accepting connections: Socket is closed
Jan 16, 2016 10:47:43 PM okhttp3.mockwebserver.MockWebServer$3 execute
INFO: MockWebServer[47788] starting to accept connections
Jan 16, 2016 10:47:43 PM okhttp3.mockwebserver.MockWebServer$3 acceptConnections
INFO: MockWebServer[47788] done accepting connections: Socket is closed
Jan 16, 2016 10:47:43 PM okhttp3.mockwebserver.MockWebServer$3 execute
INFO: MockWebServer[54058] starting to accept connections
Jan 16, 2016 10:47:43 PM okhttp3.mockwebserver.MockWebServer$3 acceptConnections
INFO: MockWebServer[54058] done accepting connections: Socket closed
Jan 16, 2016 10:47:43 PM okhttp3.mockwebserver.MockWebServer$3 execute
INFO: MockWebServer[46627] starting to accept connections
Jan 16, 2016 10:47:43 PM okhttp3.mockwebserver.MockWebServer$3 acceptConnections
INFO: MockWebServer[46627] done accepting connections: Socket is closed
Jan 16, 2016 10:47:43 PM okhttp3.mockwebserver.MockWebServer$3 execute
INFO: MockWebServer[54716] starting to accept connections
Jan 16, 2016 10:47:43 PM okhttp3.mockwebserver.MockWebServer$3 acceptConnections
INFO: MockWebServer[54716] done accepting connections: Socket is closed
Jan 16, 2016 10:47:43 PM okhttp3.mockwebserver.MockWebServer$3 execute
INFO: MockWebServer[44450] starting to accept connections
Jan 16, 2016 10:47:43 PM okhttp3.mockwebserver.MockWebServer$3 acceptConnections
INFO: MockWebServer[44450] done accepting connections: Socket is closed
Jan 16, 2016 10:47:43 PM okhttp3.mockwebserver.MockWebServer$3 execute
INFO: MockWebServer[40576] starting to accept connections
Jan 16, 2016 10:47:43 PM okhttp3.mockwebserver.MockWebServer$3 acceptConnections
INFO: MockWebServer[40576] done accepting connections: Socket is closed
Jan 16, 2016 10:47:43 PM okhttp3.mockwebserver.MockWebServer$3 execute
INFO: MockWebServer[33042] starting to accept connections
Jan 16, 2016 10:47:43 PM okhttp3.mockwebserver.MockWebServer$3 acceptConnections
INFO: MockWebServer[33042] done accepting connections: Socket closed
Jan 16, 2016 10:47:43 PM okhttp3.mockwebserver.MockWebServer$3 execute
INFO: MockWebServer[58908] starting to accept connections
Jan 16, 2016 10:47:43 PM okhttp3.mockwebserver.MockWebServer$3 acceptConnections
INFO: MockWebServer[58908] done accepting connections: Socket is closed
Jan 16, 2016 10:47:43 PM okhttp3.mockwebserver.MockWebServer$3 execute
INFO: MockWebServer[38622] starting to accept connections
Jan 16, 2016 10:47:43 PM okhttp3.mockwebserver.MockWebServer$3 acceptConnections
INFO: MockWebServer[38622] done accepting connections: Socket is closed
Jan 16, 2016 10:47:43 PM okhttp3.mockwebserver.MockWebServer$3 execute
INFO: MockWebServer[38305] starting to accept connections
Jan 16, 2016 10:47:43 PM okhttp3.mockwebserver.MockWebServer$3 acceptConnections
INFO: MockWebServer[38305] done accepting connections: Socket is closed
Jan 16, 2016 10:47:43 PM okhttp3.mockwebserver.MockWebServer$3 execute
INFO: MockWebServer[40316] starting to accept connections
Jan 16, 2016 10:47:43 PM okhttp3.mockwebserver.MockWebServer$3 acceptConnections
INFO: MockWebServer[40316] done accepting connections: Socket is closed
Jan 16, 2016 10:47:44 PM okhttp3.mockwebserver.MockWebServer$3 execute
INFO: MockWebServer[51105] starting to accept connections
Jan 16, 2016 10:47:44 PM okhttp3.mockwebserver.MockWebServer$3 acceptConnections
INFO: MockWebServer[51105] done accepting connections: Socket is closed
Jan 16, 2016 10:47:44 PM okhttp3.mockwebserver.MockWebServer$3 execute
INFO: MockWebServer[52272] starting to accept connections
Jan 16, 2016 10:47:44 PM okhttp3.mockwebserver.MockWebServer$3 acceptConnections
INFO: MockWebServer[52272] done accepting connections: Socket is closed
Jan 16, 2016 10:47:44 PM okhttp3.mockwebserver.MockWebServer$3 execute
INFO: MockWebServer[48403] starting to accept connections
Jan 16, 2016 10:47:44 PM okhttp3.mockwebserver.MockWebServer$3 acceptConnections
INFO: MockWebServer[48403] done accepting connections: Socket is closed
Jan 16, 2016 10:47:44 PM okhttp3.mockwebserver.MockWebServer$3 execute
INFO: MockWebServer[39441] starting to accept connections
Jan 16, 2016 10:47:44 PM okhttp3.mockwebserver.MockWebServer$3 acceptConnections
INFO: MockWebServer[39441] done accepting connections: Socket is closed
Jan 16, 2016 10:47:44 PM okhttp3.mockwebserver.MockWebServer$3 execute
INFO: MockWebServer[55336] starting to accept connections
Jan 16, 2016 10:47:44 PM okhttp3.mockwebserver.MockWebServer$3 acceptConnections
INFO: MockWebServer[55336] done accepting connections: Socket is closed
Jan 16, 2016 10:47:44 PM okhttp3.mockwebserver.MockWebServer$3 execute
INFO: MockWebServer[38482] starting to accept connections
Jan 16, 2016 10:47:44 PM okhttp3.mockwebserver.MockWebServer$3 acceptConnections
INFO: MockWebServer[38482] done accepting connections: Socket is closed
Jan 16, 2016 10:47:44 PM okhttp3.mockwebserver.MockWebServer$3 execute
INFO: MockWebServer[49705] starting to accept connections
Jan 16, 2016 10:47:44 PM okhttp3.mockwebserver.MockWebServer$3 acceptConnections
INFO: MockWebServer[49705] done accepting connections: Socket is closed
Jan 16, 2016 10:47:44 PM okhttp3.mockwebserver.MockWebServer$3 execute
INFO: MockWebServer[38452] starting to accept connections
Jan 16, 2016 10:47:44 PM okhttp3.mockwebserver.MockWebServer$3 acceptConnections
INFO: MockWebServer[38452] done accepting connections: Socket is closed
Jan 16, 2016 10:47:44 PM okhttp3.mockwebserver.MockWebServer$3 execute
INFO: MockWebServer[51794] starting to accept connections
Jan 16, 2016 10:47:44 PM okhttp3.mockwebserver.MockWebServer$3 acceptConnections
INFO: MockWebServer[51794] done accepting connections: Socket is closed
Jan 16, 2016 10:47:44 PM okhttp3.mockwebserver.MockWebServer$3 execute
INFO: MockWebServer[52773] starting to accept connections
Jan 16, 2016 10:47:44 PM okhttp3.mockwebserver.MockWebServer$3 acceptConnections
INFO: MockWebServer[52773] done accepting connections: Socket is closed
Jan 16, 2016 10:47:44 PM okhttp3.mockwebserver.MockWebServer$3 execute
INFO: MockWebServer[59747] starting to accept connections
Jan 16, 2016 10:47:44 PM okhttp3.mockwebserver.MockWebServer$3 acceptConnections
INFO: MockWebServer[59747] done accepting connections: Socket is closed
Jan 16, 2016 10:47:44 PM okhttp3.mockwebserver.MockWebServer$3 execute
INFO: MockWebServer[38580] starting to accept connections
Jan 16, 2016 10:47:44 PM okhttp3.mockwebserver.MockWebServer$3 acceptConnections
INFO: MockWebServer[38580] done accepting connections: Socket is closed
Jan 16, 2016 10:47:44 PM okhttp3.mockwebserver.MockWebServer$3 execute
INFO: MockWebServer[38572] starting to accept connections
Jan 16, 2016 10:47:44 PM okhttp3.mockwebserver.MockWebServer$3 acceptConnections
INFO: MockWebServer[38572] done accepting connections: Socket is closed
Jan 16, 2016 10:47:44 PM okhttp3.mockwebserver.MockWebServer$3 execute
INFO: MockWebServer[45355] starting to accept connections
Jan 16, 2016 10:47:44 PM okhttp3.mockwebserver.MockWebServer$3 acceptConnections
INFO: MockWebServer[45355] done accepting connections: Socket is closed
Jan 16, 2016 10:47:44 PM okhttp3.mockwebserver.MockWebServer$3 execute
INFO: MockWebServer[44282] starting to accept connections
Jan 16, 2016 10:47:44 PM okhttp3.mockwebserver.MockWebServer$3 acceptConnections
INFO: MockWebServer[44282] done accepting connections: Socket is closed
Jan 16, 2016 10:47:44 PM okhttp3.mockwebserver.MockWebServer$3 execute
INFO: MockWebServer[38660] starting to accept connections
Jan 16, 2016 10:47:44 PM okhttp3.mockwebserver.MockWebServer$3 acceptConnections
INFO: MockWebServer[38660] done accepting connections: Socket is closed
Jan 16, 2016 10:47:44 PM okhttp3.mockwebserver.MockWebServer$3 execute
INFO: MockWebServer[55838] starting to accept connections
Jan 16, 2016 10:47:44 PM okhttp3.mockwebserver.MockWebServer$3 acceptConnections
INFO: MockWebServer[55838] done accepting connections: Socket is closed
Jan 16, 2016 10:47:44 PM okhttp3.mockwebserver.MockWebServer$3 execute
INFO: MockWebServer[38944] starting to accept connections
Jan 16, 2016 10:47:44 PM okhttp3.mockwebserver.MockWebServer$3 acceptConnections
INFO: MockWebServer[38944] done accepting connections: Socket is closed
Jan 16, 2016 10:47:44 PM okhttp3.mockwebserver.MockWebServer$3 execute
INFO: MockWebServer[57885] starting to accept connections
Jan 16, 2016 10:47:44 PM okhttp3.mockwebserver.MockWebServer$3 acceptConnections
INFO: MockWebServer[57885] done accepting connections: Socket is closed
Tests run: 61, Failures: 0, Errors: 0, Skipped: 0, Time elapsed: 3.412 sec

Results :

Tests run: 220, Failures: 0, Errors: 0, Skipped: 2

[INFO] 
[INFO] --- animal-sniffer-maven-plugin:1.14:check (default) @ retrofit ---
[INFO] Checking unresolved references to org.codehaus.mojo.signature:java16:1.1
[INFO]                                                                         
[INFO] ------------------------------------------------------------------------
[INFO] Building Adapters 2.0.0-SNAPSHOT
[INFO] ------------------------------------------------------------------------
[INFO] 
[INFO] --- maven-enforcer-plugin:1.0:enforce (enforce-maven) @ retrofit-adapters ---
[INFO] 
[INFO] --- animal-sniffer-maven-plugin:1.14:check (default) @ retrofit-adapters ---
[INFO] Checking unresolved references to org.codehaus.mojo.signature:java16:1.1
[INFO]                                                                         
[INFO] ------------------------------------------------------------------------
[INFO] Building Adapter: RxJava 2.0.0-SNAPSHOT
[INFO] ------------------------------------------------------------------------
[INFO] 
[INFO] --- maven-enforcer-plugin:1.0:enforce (enforce-maven) @ adapter-rxjava ---
[INFO] 
[INFO] --- maven-resources-plugin:2.6:resources (default-resources) @ adapter-rxjava ---
[INFO] Using 'UTF-8' encoding to copy filtered resources.
[INFO] skip non existing resourceDirectory /home/travis/build/square/retrofit/retrofit-adapters/rxjava/src/main/resources
[INFO] 
[INFO] --- maven-compiler-plugin:3.0:compile (default-compile) @ adapter-rxjava ---
[INFO] Changes detected - recompiling the module!
[INFO] Compiling 4 source files to /home/travis/build/square/retrofit/retrofit-adapters/rxjava/target/classes
[INFO] 
[INFO] --- maven-resources-plugin:2.6:testResources (default-testResources) @ adapter-rxjava ---
[INFO] Using 'UTF-8' encoding to copy filtered resources.
[INFO] skip non existing resourceDirectory /home/travis/build/square/retrofit/retrofit-adapters/rxjava/src/test/resources
[INFO] 
[INFO] --- maven-compiler-plugin:3.0:testCompile (default-testCompile) @ adapter-rxjava ---
[INFO] Changes detected - recompiling the module!
[INFO] Compiling 2 source files to /home/travis/build/square/retrofit/retrofit-adapters/rxjava/target/test-classes
[INFO] 
[INFO] --- maven-surefire-plugin:2.12.4:test (default-test) @ adapter-rxjava ---
[INFO] Surefire report directory: /home/travis/build/square/retrofit/retrofit-adapters/rxjava/target/surefire-reports

-------------------------------------------------------
 T E S T S
-------------------------------------------------------
Running retrofit2.ResultTest
Tests run: 4, Failures: 0, Errors: 0, Skipped: 0, Time elapsed: 0.179 sec
Running retrofit2.RxJavaCallAdapterFactoryTest
Jan 16, 2016 10:47:46 PM okhttp3.mockwebserver.MockWebServer$3 execute
INFO: MockWebServer[50914] starting to accept connections
Jan 16, 2016 10:47:46 PM okhttp3.mockwebserver.MockWebServer$4 processConnection
WARNING: MockWebServer[50914] connection from /127.0.0.1 didn't make a request
Jan 16, 2016 10:47:46 PM okhttp3.mockwebserver.MockWebServer$3 acceptConnections
INFO: MockWebServer[50914] done accepting connections: Socket closed
Jan 16, 2016 10:47:46 PM okhttp3.mockwebserver.MockWebServer$3 execute
INFO: MockWebServer[33427] starting to accept connections
Jan 16, 2016 10:47:46 PM okhttp3.mockwebserver.MockWebServer$4 processOneRequest
INFO: MockWebServer[33427] received request: GET / HTTP/1.1 and responded: HTTP/1.1 200 OK
Jan 16, 2016 10:47:46 PM okhttp3.mockwebserver.MockWebServer$3 acceptConnections
INFO: MockWebServer[33427] done accepting connections: Socket closed
Jan 16, 2016 10:47:46 PM okhttp3.mockwebserver.MockWebServer$3 execute
INFO: MockWebServer[38364] starting to accept connections
Jan 16, 2016 10:47:46 PM okhttp3.mockwebserver.MockWebServer$4 processOneRequest
INFO: MockWebServer[38364] received request: GET / HTTP/1.1 and responded: HTTP/1.1 404 Client Error
Jan 16, 2016 10:47:46 PM okhttp3.mockwebserver.MockWebServer$3 acceptConnections
INFO: MockWebServer[38364] done accepting connections: Socket closed
Jan 16, 2016 10:47:46 PM okhttp3.mockwebserver.MockWebServer$3 execute
INFO: MockWebServer[33278] starting to accept connections
Jan 16, 2016 10:47:46 PM okhttp3.mockwebserver.MockWebServer$3 acceptConnections
INFO: MockWebServer[33278] done accepting connections: Socket is closed
Jan 16, 2016 10:47:46 PM okhttp3.mockwebserver.MockWebServer$3 execute
INFO: MockWebServer[33406] starting to accept connections
Jan 16, 2016 10:47:46 PM okhttp3.mockwebserver.MockWebServer$3 acceptConnections
INFO: MockWebServer[33406] done accepting connections: Socket closed
Jan 16, 2016 10:47:46 PM okhttp3.mockwebserver.MockWebServer$4 processOneRequest
INFO: MockWebServer[33406] received request: GET / HTTP/1.1 and responded: HTTP/1.1 200 OK
Jan 16, 2016 10:47:46 PM okhttp3.mockwebserver.MockWebServer$3 execute
INFO: MockWebServer[42071] starting to accept connections
Jan 16, 2016 10:47:46 PM okhttp3.mockwebserver.MockWebServer$3 acceptConnections
INFO: MockWebServer[42071] done accepting connections: Socket closed
Jan 16, 2016 10:47:47 PM okhttp3.mockwebserver.MockWebServer$4 processOneRequest
INFO: MockWebServer[42071] received request: GET / HTTP/1.1 and responded: HTTP/1.1 404 Client Error
Jan 16, 2016 10:47:47 PM okhttp3.mockwebserver.MockWebServer$3 execute
INFO: MockWebServer[55753] starting to accept connections
Jan 16, 2016 10:47:47 PM okhttp3.mockwebserver.MockWebServer$4 processConnection
WARNING: MockWebServer[55753] connection from /127.0.0.1 didn't make a request
Jan 16, 2016 10:47:47 PM okhttp3.mockwebserver.MockWebServer$3 acceptConnections
INFO: MockWebServer[55753] done accepting connections: Socket closed
Jan 16, 2016 10:47:47 PM okhttp3.mockwebserver.MockWebServer$3 execute
INFO: MockWebServer[56730] starting to accept connections
Jan 16, 2016 10:47:47 PM okhttp3.mockwebserver.MockWebServer$4 processOneRequest
INFO: MockWebServer[56730] received request: GET / HTTP/1.1 and responded: HTTP/1.1 200 OK
Jan 16, 2016 10:47:47 PM okhttp3.mockwebserver.MockWebServer$3 acceptConnections
INFO: MockWebServer[56730] done accepting connections: Socket closed
Jan 16, 2016 10:47:47 PM okhttp3.mockwebserver.MockWebServer$3 execute
INFO: MockWebServer[49551] starting to accept connections
Jan 16, 2016 10:47:47 PM okhttp3.mockwebserver.MockWebServer$3 acceptConnections
INFO: MockWebServer[49551] done accepting connections: Socket closed
Jan 16, 2016 10:47:47 PM okhttp3.mockwebserver.MockWebServer$4 processOneRequest
INFO: MockWebServer[49551] received request: GET / HTTP/1.1 and responded: HTTP/1.1 404 Client Error
Jan 16, 2016 10:47:47 PM okhttp3.mockwebserver.MockWebServer$3 execute
INFO: MockWebServer[58934] starting to accept connections
Jan 16, 2016 10:47:47 PM okhttp3.mockwebserver.MockWebServer$3 acceptConnections
INFO: MockWebServer[58934] done accepting connections: Socket closed
Jan 16, 2016 10:47:47 PM okhttp3.mockwebserver.MockWebServer$4 processConnection
WARNING: MockWebServer[58934] connection from /127.0.0.1 didn't make a request
Jan 16, 2016 10:47:47 PM okhttp3.mockwebserver.MockWebServer$3 execute
INFO: MockWebServer[52314] starting to accept connections
Jan 16, 2016 10:47:47 PM okhttp3.mockwebserver.MockWebServer$3 acceptConnections
INFO: MockWebServer[52314] done accepting connections: Socket closed
Jan 16, 2016 10:47:47 PM okhttp3.mockwebserver.MockWebServer$4 processOneRequest
INFO: MockWebServer[52314] received request: GET / HTTP/1.1 and responded: HTTP/1.1 200 OK
Jan 16, 2016 10:47:47 PM okhttp3.mockwebserver.MockWebServer$3 execute
INFO: MockWebServer[56599] starting to accept connections
Jan 16, 2016 10:47:47 PM okhttp3.mockwebserver.MockWebServer$3 acceptConnections
INFO: MockWebServer[56599] done accepting connections: Socket closed
Jan 16, 2016 10:47:47 PM okhttp3.mockwebserver.MockWebServer$4 processOneRequest
INFO: MockWebServer[56599] received request: GET / HTTP/1.1 and responded: HTTP/1.1 404 Client Error
Jan 16, 2016 10:47:47 PM okhttp3.mockwebserver.MockWebServer$3 execute
INFO: MockWebServer[41966] starting to accept connections
Jan 16, 2016 10:47:47 PM okhttp3.mockwebserver.MockWebServer$3 acceptConnections
INFO: MockWebServer[41966] done accepting connections: Socket is closed
Jan 16, 2016 10:47:47 PM okhttp3.mockwebserver.MockWebServer$3 execute
INFO: MockWebServer[49120] starting to accept connections
Jan 16, 2016 10:47:47 PM okhttp3.mockwebserver.MockWebServer$3 acceptConnections
INFO: MockWebServer[49120] done accepting connections: Socket closed
Jan 16, 2016 10:47:47 PM okhttp3.mockwebserver.MockWebServer$4 processConnection
WARNING: MockWebServer[49120] connection from /127.0.0.1 didn't make a request
Jan 16, 2016 10:47:47 PM okhttp3.mockwebserver.MockWebServer$3 execute
INFO: MockWebServer[54127] starting to accept connections
Jan 16, 2016 10:47:47 PM okhttp3.mockwebserver.MockWebServer$4 processConnection
WARNING: MockWebServer[54127] connection from /127.0.0.1 didn't make a request
Jan 16, 2016 10:47:47 PM okhttp3.mockwebserver.MockWebServer$3 acceptConnections
INFO: MockWebServer[54127] done accepting connections: Socket closed
Jan 16, 2016 10:47:47 PM okhttp3.mockwebserver.MockWebServer$3 execute
INFO: MockWebServer[34390] starting to accept connections
Jan 16, 2016 10:47:47 PM okhttp3.mockwebserver.MockWebServer$4 processOneRequest
INFO: MockWebServer[34390] received request: GET / HTTP/1.1 and responded: HTTP/1.1 200 OK
Jan 16, 2016 10:47:47 PM okhttp3.mockwebserver.MockWebServer$3 acceptConnections
INFO: MockWebServer[34390] done accepting connections: Socket closed
Jan 16, 2016 10:47:47 PM okhttp3.mockwebserver.MockWebServer$3 execute
INFO: MockWebServer[54268] starting to accept connections
Jan 16, 2016 10:47:47 PM okhttp3.mockwebserver.MockWebServer$4 processOneRequest
INFO: MockWebServer[54268] received request: GET / HTTP/1.1 and responded: HTTP/1.1 404 Client Error
Jan 16, 2016 10:47:47 PM okhttp3.mockwebserver.MockWebServer$3 acceptConnections
INFO: MockWebServer[54268] done accepting connections: Socket closed
Jan 16, 2016 10:47:47 PM okhttp3.mockwebserver.MockWebServer$3 execute
INFO: MockWebServer[59822] starting to accept connections
Jan 16, 2016 10:47:47 PM okhttp3.mockwebserver.MockWebServer$3 acceptConnections
INFO: MockWebServer[59822] done accepting connections: Socket closed
Jan 16, 2016 10:47:47 PM okhttp3.mockwebserver.MockWebServer$3 execute
INFO: MockWebServer[44313] starting to accept connections
Jan 16, 2016 10:47:47 PM okhttp3.mockwebserver.MockWebServer$3 acceptConnections
INFO: MockWebServer[44313] done accepting connections: Socket closed
Jan 16, 2016 10:47:47 PM okhttp3.mockwebserver.MockWebServer$3 execute
INFO: MockWebServer[50120] starting to accept connections
Jan 16, 2016 10:47:47 PM okhttp3.mockwebserver.MockWebServer$4 processConnection
WARNING: MockWebServer[50120] connection from /127.0.0.1 didn't make a request
Jan 16, 2016 10:47:47 PM okhttp3.mockwebserver.MockWebServer$3 acceptConnections
INFO: MockWebServer[50120] done accepting connections: Socket closed
Jan 16, 2016 10:47:47 PM okhttp3.mockwebserver.MockWebServer$3 execute
INFO: MockWebServer[40152] starting to accept connections
Jan 16, 2016 10:47:47 PM okhttp3.mockwebserver.MockWebServer$3 acceptConnections
INFO: MockWebServer[40152] done accepting connections: Socket closed
Jan 16, 2016 10:47:47 PM okhttp3.mockwebserver.MockWebServer$4 processOneRequest
INFO: MockWebServer[40152] received request: GET / HTTP/1.1 and responded: HTTP/1.1 200 OK
Jan 16, 2016 10:47:47 PM okhttp3.mockwebserver.MockWebServer$3 execute
INFO: MockWebServer[37081] starting to accept connections
Jan 16, 2016 10:47:47 PM okhttp3.mockwebserver.MockWebServer$3 acceptConnections
INFO: MockWebServer[37081] done accepting connections: Socket closed
Jan 16, 2016 10:47:47 PM okhttp3.mockwebserver.MockWebServer$4 processOneRequest
INFO: MockWebServer[37081] received request: GET / HTTP/1.1 and responded: HTTP/1.1 404 Client Error
Jan 16, 2016 10:47:47 PM okhttp3.mockwebserver.MockWebServer$3 execute
INFO: MockWebServer[57935] starting to accept connections
Jan 16, 2016 10:47:47 PM okhttp3.mockwebserver.MockWebServer$3 acceptConnections
INFO: MockWebServer[57935] done accepting connections: Socket is closed
Tests run: 23, Failures: 0, Errors: 0, Skipped: 0, Time elapsed: 0.759 sec

Results :

Tests run: 27, Failures: 0, Errors: 0, Skipped: 0

[INFO] 
[INFO] --- animal-sniffer-maven-plugin:1.14:check (default) @ adapter-rxjava ---
[INFO] Checking unresolved references to org.codehaus.mojo.signature:java16:1.1
[INFO]                                                                         
[INFO] ------------------------------------------------------------------------
[INFO] Building Converters 2.0.0-SNAPSHOT
[INFO] ------------------------------------------------------------------------
[INFO] 
[INFO] --- maven-enforcer-plugin:1.0:enforce (enforce-maven) @ retrofit-converters ---
[INFO] 
[INFO] --- animal-sniffer-maven-plugin:1.14:check (default) @ retrofit-converters ---
[INFO] Checking unresolved references to org.codehaus.mojo.signature:java16:1.1
[INFO]                                                                         
[INFO] ------------------------------------------------------------------------
[INFO] Building Converter: Gson 2.0.0-SNAPSHOT
[INFO] ------------------------------------------------------------------------
[INFO] 
[INFO] --- maven-enforcer-plugin:1.0:enforce (enforce-maven) @ converter-gson ---
[INFO] 
[INFO] --- maven-resources-plugin:2.6:resources (default-resources) @ converter-gson ---
[INFO] Using 'UTF-8' encoding to copy filtered resources.
[INFO] skip non existing resourceDirectory /home/travis/build/square/retrofit/retrofit-converters/gson/src/main/resources
[INFO] 
[INFO] --- maven-compiler-plugin:3.0:compile (default-compile) @ converter-gson ---
[INFO] Changes detected - recompiling the module!
[INFO] Compiling 3 source files to /home/travis/build/square/retrofit/retrofit-converters/gson/target/classes
[INFO] 
[INFO] --- maven-resources-plugin:2.6:testResources (default-testResources) @ converter-gson ---
[INFO] Using 'UTF-8' encoding to copy filtered resources.
[INFO] skip non existing resourceDirectory /home/travis/build/square/retrofit/retrofit-converters/gson/src/test/resources
[INFO] 
[INFO] --- maven-compiler-plugin:3.0:testCompile (default-testCompile) @ converter-gson ---
[INFO] Changes detected - recompiling the module!
[INFO] Compiling 1 source file to /home/travis/build/square/retrofit/retrofit-converters/gson/target/test-classes
[INFO] 
[INFO] --- maven-surefire-plugin:2.12.4:test (default-test) @ converter-gson ---
[INFO] Surefire report directory: /home/travis/build/square/retrofit/retrofit-converters/gson/target/surefire-reports

-------------------------------------------------------
 T E S T S
-------------------------------------------------------
Running retrofit2.GsonConverterFactoryTest
Jan 16, 2016 10:47:48 PM okhttp3.mockwebserver.MockWebServer$3 execute
INFO: MockWebServer[60505] starting to accept connections
Jan 16, 2016 10:47:48 PM okhttp3.mockwebserver.MockWebServer$4 processOneRequest
INFO: MockWebServer[60505] received request: POST / HTTP/1.1 and responded: HTTP/1.1 200 OK
Jan 16, 2016 10:47:48 PM okhttp3.mockwebserver.MockWebServer$3 acceptConnections
INFO: MockWebServer[60505] done accepting connections: Socket closed
Jan 16, 2016 10:47:49 PM okhttp3.mockwebserver.MockWebServer$3 execute
INFO: MockWebServer[46144] starting to accept connections
Jan 16, 2016 10:47:49 PM okhttp3.mockwebserver.MockWebServer$3 acceptConnections
INFO: MockWebServer[46144] done accepting connections: Socket closed
Jan 16, 2016 10:47:49 PM okhttp3.mockwebserver.MockWebServer$4 processOneRequest
INFO: MockWebServer[46144] received request: POST / HTTP/1.1 and responded: HTTP/1.1 200 OK
Jan 16, 2016 10:47:49 PM okhttp3.mockwebserver.MockWebServer$3 execute
INFO: MockWebServer[46354] starting to accept connections
Jan 16, 2016 10:47:49 PM okhttp3.mockwebserver.MockWebServer$3 acceptConnections
INFO: MockWebServer[46354] done accepting connections: Socket closed
Jan 16, 2016 10:47:49 PM okhttp3.mockwebserver.MockWebServer$4 processOneRequest
INFO: MockWebServer[46354] received request: POST / HTTP/1.1 and responded: HTTP/1.1 200 OK
Tests run: 3, Failures: 0, Errors: 0, Skipped: 0, Time elapsed: 0.658 sec

Results :

Tests run: 3, Failures: 0, Errors: 0, Skipped: 0

[INFO] 
[INFO] --- animal-sniffer-maven-plugin:1.14:check (default) @ converter-gson ---
[INFO] Checking unresolved references to org.codehaus.mojo.signature:java16:1.1
[INFO]                                                                         
[INFO] ------------------------------------------------------------------------
[INFO] Building Converter: Protocol Buffers 2.0.0-SNAPSHOT
[INFO] ------------------------------------------------------------------------
[INFO] 
[INFO] --- maven-enforcer-plugin:1.0:enforce (enforce-maven) @ converter-protobuf ---
[INFO] 
[INFO] --- maven-resources-plugin:2.6:resources (default-resources) @ converter-protobuf ---
[INFO] Using 'UTF-8' encoding to copy filtered resources.
[INFO] skip non existing resourceDirectory /home/travis/build/square/retrofit/retrofit-converters/protobuf/src/main/resources
[INFO] 
[INFO] --- maven-compiler-plugin:3.0:compile (default-compile) @ converter-protobuf ---
[INFO] Changes detected - recompiling the module!
[INFO] Compiling 3 source files to /home/travis/build/square/retrofit/retrofit-converters/protobuf/target/classes
[WARNING] /home/travis/build/square/retrofit/retrofit-converters/protobuf/src/main/java/retrofit2/ProtoConverterFactory.java: /home/travis/build/square/retrofit/retrofit-converters/protobuf/src/main/java/retrofit2/ProtoConverterFactory.java uses unchecked or unsafe operations.
[WARNING] /home/travis/build/square/retrofit/retrofit-converters/protobuf/src/main/java/retrofit2/ProtoConverterFactory.java: Recompile with -Xlint:unchecked for details.
[INFO] 
[INFO] --- maven-resources-plugin:2.6:testResources (default-testResources) @ converter-protobuf ---
[INFO] Using 'UTF-8' encoding to copy filtered resources.
[INFO] skip non existing resourceDirectory /home/travis/build/square/retrofit/retrofit-converters/protobuf/src/test/resources
[INFO] 
[INFO] --- maven-compiler-plugin:3.0:testCompile (default-testCompile) @ converter-protobuf ---
[INFO] Changes detected - recompiling the module!
[INFO] Compiling 2 source files to /home/travis/build/square/retrofit/retrofit-converters/protobuf/target/test-classes
[INFO] 
[INFO] --- maven-surefire-plugin:2.12.4:test (default-test) @ converter-protobuf ---
[INFO] Surefire report directory: /home/travis/build/square/retrofit/retrofit-converters/protobuf/target/surefire-reports

-------------------------------------------------------
 T E S T S
-------------------------------------------------------
Running retrofit2.ProtoConverterFactoryTest
Jan 16, 2016 10:47:50 PM okhttp3.mockwebserver.MockWebServer$3 execute
INFO: MockWebServer[49426] starting to accept connections
Jan 16, 2016 10:47:50 PM okhttp3.mockwebserver.MockWebServer$4 processOneRequest
INFO: MockWebServer[49426] received request: POST / HTTP/1.1 and responded: HTTP/1.1 200 OK
Jan 16, 2016 10:47:50 PM okhttp3.mockwebserver.MockWebServer$3 acceptConnections
INFO: MockWebServer[49426] done accepting connections: Socket closed
Jan 16, 2016 10:47:50 PM okhttp3.mockwebserver.MockWebServer$3 execute
INFO: MockWebServer[45176] starting to accept connections
Jan 16, 2016 10:47:50 PM okhttp3.mockwebserver.MockWebServer$3 acceptConnections
INFO: MockWebServer[45176] done accepting connections: Socket closed
Jan 16, 2016 10:47:50 PM okhttp3.mockwebserver.MockWebServer$3 execute
INFO: MockWebServer[51424] starting to accept connections
Jan 16, 2016 10:47:50 PM okhttp3.mockwebserver.MockWebServer$3 acceptConnections
INFO: MockWebServer[51424] done accepting connections: Socket closed
Jan 16, 2016 10:47:50 PM okhttp3.mockwebserver.MockWebServer$4 processOneRequest
INFO: MockWebServer[51424] received request: GET / HTTP/1.1 and responded: HTTP/1.1 200 OK
Jan 16, 2016 10:47:50 PM okhttp3.mockwebserver.MockWebServer$3 execute
INFO: MockWebServer[38381] starting to accept connections
Jan 16, 2016 10:47:50 PM okhttp3.mockwebserver.MockWebServer$3 acceptConnections
INFO: MockWebServer[38381] done accepting connections: Socket is closed
Jan 16, 2016 10:47:50 PM okhttp3.mockwebserver.MockWebServer$3 execute
INFO: MockWebServer[59375] starting to accept connections
Jan 16, 2016 10:47:50 PM okhttp3.mockwebserver.MockWebServer$3 acceptConnections
INFO: MockWebServer[59375] done accepting connections: Socket closed
Jan 16, 2016 10:47:50 PM okhttp3.mockwebserver.MockWebServer$4 processOneRequest
INFO: MockWebServer[59375] received request: GET / HTTP/1.1 and responded: HTTP/1.1 200 OK
Tests run: 5, Failures: 0, Errors: 0, Skipped: 0, Time elapsed: 0.603 sec

Results :

Tests run: 5, Failures: 0, Errors: 0, Skipped: 0

[INFO] 
[INFO] --- animal-sniffer-maven-plugin:1.14:check (default) @ converter-protobuf ---
[INFO] Checking unresolved references to org.codehaus.mojo.signature:java16:1.1
[INFO]                                                                         
[INFO] ------------------------------------------------------------------------
[INFO] Building Converter: Jackson 2.0.0-SNAPSHOT
[INFO] ------------------------------------------------------------------------
[INFO] 
[INFO] --- maven-enforcer-plugin:1.0:enforce (enforce-maven) @ converter-jackson ---
[INFO] 
[INFO] --- maven-resources-plugin:2.6:resources (default-resources) @ converter-jackson ---
[INFO] Using 'UTF-8' encoding to copy filtered resources.
[INFO] skip non existing resourceDirectory /home/travis/build/square/retrofit/retrofit-converters/jackson/src/main/resources
[INFO] 
[INFO] --- maven-compiler-plugin:3.0:compile (default-compile) @ converter-jackson ---
[INFO] Changes detected - recompiling the module!
[INFO] Compiling 3 source files to /home/travis/build/square/retrofit/retrofit-converters/jackson/target/classes
[INFO] 
[INFO] --- maven-resources-plugin:2.6:testResources (default-testResources) @ converter-jackson ---
[INFO] Using 'UTF-8' encoding to copy filtered resources.
[INFO] skip non existing resourceDirectory /home/travis/build/square/retrofit/retrofit-converters/jackson/src/test/resources
[INFO] 
[INFO] --- maven-compiler-plugin:3.0:testCompile (default-testCompile) @ converter-jackson ---
[INFO] Changes detected - recompiling the module!
[INFO] Compiling 1 source file to /home/travis/build/square/retrofit/retrofit-converters/jackson/target/test-classes
[INFO] 
[INFO] --- maven-surefire-plugin:2.12.4:test (default-test) @ converter-jackson ---
[INFO] Surefire report directory: /home/travis/build/square/retrofit/retrofit-converters/jackson/target/surefire-reports

-------------------------------------------------------
 T E S T S
-------------------------------------------------------
Running retrofit2.JacksonConverterFactoryTest
Jan 16, 2016 10:47:51 PM okhttp3.mockwebserver.MockWebServer$3 execute
INFO: MockWebServer[35521] starting to accept connections
Jan 16, 2016 10:47:52 PM okhttp3.mockwebserver.MockWebServer$4 processOneRequest
INFO: MockWebServer[35521] received request: POST / HTTP/1.1 and responded: HTTP/1.1 200 OK
Jan 16, 2016 10:47:52 PM okhttp3.mockwebserver.MockWebServer$3 acceptConnections
INFO: MockWebServer[35521] done accepting connections: Socket closed
Jan 16, 2016 10:47:52 PM okhttp3.mockwebserver.MockWebServer$3 execute
INFO: MockWebServer[48624] starting to accept connections
Jan 16, 2016 10:47:52 PM okhttp3.mockwebserver.MockWebServer$3 acceptConnections
INFO: MockWebServer[48624] done accepting connections: Socket closed
Jan 16, 2016 10:47:52 PM okhttp3.mockwebserver.MockWebServer$4 processOneRequest
INFO: MockWebServer[48624] received request: POST / HTTP/1.1 and responded: HTTP/1.1 200 OK
Tests run: 2, Failures: 0, Errors: 0, Skipped: 0, Time elapsed: 0.922 sec

Results :

Tests run: 2, Failures: 0, Errors: 0, Skipped: 0

[INFO] 
[INFO] --- animal-sniffer-maven-plugin:1.14:check (default) @ converter-jackson ---
[INFO] Checking unresolved references to org.codehaus.mojo.signature:java16:1.1
[INFO]                                                                         
[INFO] ------------------------------------------------------------------------
[INFO] Building Converter: Wire Protocol Buffers 2.0.0-SNAPSHOT
[INFO] ------------------------------------------------------------------------
[INFO] 
[INFO] --- maven-enforcer-plugin:1.0:enforce (enforce-maven) @ converter-wire ---
[INFO] 
[INFO] --- maven-resources-plugin:2.6:resources (default-resources) @ converter-wire ---
[INFO] Using 'UTF-8' encoding to copy filtered resources.
[INFO] skip non existing resourceDirectory /home/travis/build/square/retrofit/retrofit-converters/wire/src/main/resources
[INFO] 
[INFO] --- maven-compiler-plugin:3.0:compile (default-compile) @ converter-wire ---
[INFO] Changes detected - recompiling the module!
[INFO] Compiling 3 source files to /home/travis/build/square/retrofit/retrofit-converters/wire/target/classes
[WARNING] /home/travis/build/square/retrofit/retrofit-converters/wire/src/main/java/retrofit2/WireConverterFactory.java: /home/travis/build/square/retrofit/retrofit-converters/wire/src/main/java/retrofit2/WireConverterFactory.java uses unchecked or unsafe operations.
[WARNING] /home/travis/build/square/retrofit/retrofit-converters/wire/src/main/java/retrofit2/WireConverterFactory.java: Recompile with -Xlint:unchecked for details.
[INFO] 
[INFO] --- maven-resources-plugin:2.6:testResources (default-testResources) @ converter-wire ---
[INFO] Using 'UTF-8' encoding to copy filtered resources.
[INFO] skip non existing resourceDirectory /home/travis/build/square/retrofit/retrofit-converters/wire/src/test/resources
[INFO] 
[INFO] --- maven-compiler-plugin:3.0:testCompile (default-testCompile) @ converter-wire ---
[INFO] Changes detected - recompiling the module!
[INFO] Compiling 2 source files to /home/travis/build/square/retrofit/retrofit-converters/wire/target/test-classes
[INFO] 
[INFO] --- maven-surefire-plugin:2.12.4:test (default-test) @ converter-wire ---
[INFO] Surefire report directory: /home/travis/build/square/retrofit/retrofit-converters/wire/target/surefire-reports

-------------------------------------------------------
 T E S T S
-------------------------------------------------------
Running retrofit2.WireConverterFactoryTest
Jan 16, 2016 10:47:53 PM okhttp3.mockwebserver.MockWebServer$3 execute
INFO: MockWebServer[38833] starting to accept connections
Jan 16, 2016 10:47:53 PM okhttp3.mockwebserver.MockWebServer$4 processOneRequest
INFO: MockWebServer[38833] received request: POST / HTTP/1.1 and responded: HTTP/1.1 200 OK
Jan 16, 2016 10:47:53 PM okhttp3.mockwebserver.MockWebServer$3 acceptConnections
INFO: MockWebServer[38833] done accepting connections: Socket closed
Jan 16, 2016 10:47:53 PM okhttp3.mockwebserver.MockWebServer$3 execute
INFO: MockWebServer[53779] starting to accept connections
Jan 16, 2016 10:47:53 PM okhttp3.mockwebserver.MockWebServer$3 acceptConnections
INFO: MockWebServer[53779] done accepting connections: Socket is closed
Jan 16, 2016 10:47:53 PM okhttp3.mockwebserver.MockWebServer$3 execute
INFO: MockWebServer[44717] starting to accept connections
Jan 16, 2016 10:47:53 PM okhttp3.mockwebserver.MockWebServer$3 acceptConnections
INFO: MockWebServer[44717] done accepting connections: Socket closed
Jan 16, 2016 10:47:53 PM okhttp3.mockwebserver.MockWebServer$4 processOneRequest
INFO: MockWebServer[44717] received request: GET / HTTP/1.1 and responded: HTTP/1.1 200 OK
Jan 16, 2016 10:47:53 PM okhttp3.mockwebserver.MockWebServer$3 execute
INFO: MockWebServer[41967] starting to accept connections
Jan 16, 2016 10:47:53 PM okhttp3.mockwebserver.MockWebServer$3 acceptConnections
INFO: MockWebServer[41967] done accepting connections: Socket closed
Jan 16, 2016 10:47:53 PM okhttp3.mockwebserver.MockWebServer$3 execute
INFO: MockWebServer[42301] starting to accept connections
Jan 16, 2016 10:47:53 PM okhttp3.mockwebserver.MockWebServer$3 acceptConnections
INFO: MockWebServer[42301] done accepting connections: Socket closed
Jan 16, 2016 10:47:53 PM okhttp3.mockwebserver.MockWebServer$4 processOneRequest
INFO: MockWebServer[42301] received request: GET / HTTP/1.1 and responded: HTTP/1.1 200 OK
Tests run: 5, Failures: 0, Errors: 0, Skipped: 0, Time elapsed: 0.637 sec

Results :

Tests run: 5, Failures: 0, Errors: 0, Skipped: 0

[INFO] 
[INFO] --- animal-sniffer-maven-plugin:1.14:check (default) @ converter-wire ---
[INFO] Checking unresolved references to org.codehaus.mojo.signature:java16:1.1
[INFO]                                                                         
[INFO] ------------------------------------------------------------------------
[INFO] Building Converter: SimpleXML 2.0.0-SNAPSHOT
[INFO] ------------------------------------------------------------------------
[INFO] 
[INFO] --- maven-enforcer-plugin:1.0:enforce (enforce-maven) @ converter-simplexml ---
[INFO] 
[INFO] --- maven-resources-plugin:2.6:resources (default-resources) @ converter-simplexml ---
[INFO] Using 'UTF-8' encoding to copy filtered resources.
[INFO] skip non existing resourceDirectory /home/travis/build/square/retrofit/retrofit-converters/simplexml/src/main/resources
[INFO] 
[INFO] --- maven-compiler-plugin:3.0:compile (default-compile) @ converter-simplexml ---
[INFO] Changes detected - recompiling the module!
[INFO] Compiling 3 source files to /home/travis/build/square/retrofit/retrofit-converters/simplexml/target/classes
[INFO] 
[INFO] --- maven-resources-plugin:2.6:testResources (default-testResources) @ converter-simplexml ---
[INFO] Using 'UTF-8' encoding to copy filtered resources.
[INFO] skip non existing resourceDirectory /home/travis/build/square/retrofit/retrofit-converters/simplexml/src/test/resources
[INFO] 
[INFO] --- maven-compiler-plugin:3.0:testCompile (default-testCompile) @ converter-simplexml ---
[INFO] Changes detected - recompiling the module!
[INFO] Compiling 2 source files to /home/travis/build/square/retrofit/retrofit-converters/simplexml/target/test-classes
[INFO] 
[INFO] --- maven-surefire-plugin:2.12.4:test (default-test) @ converter-simplexml ---
[INFO] Surefire report directory: /home/travis/build/square/retrofit/retrofit-converters/simplexml/target/surefire-reports

-------------------------------------------------------
 T E S T S
-------------------------------------------------------
Running retrofit2.SimpleXmlConverterFactoryTest
Jan 16, 2016 10:47:54 PM okhttp3.mockwebserver.MockWebServer$3 execute
INFO: MockWebServer[45641] starting to accept connections
Jan 16, 2016 10:47:55 PM okhttp3.mockwebserver.MockWebServer$4 processOneRequest
INFO: MockWebServer[45641] received request: GET / HTTP/1.1 and responded: HTTP/1.1 200 OK
Jan 16, 2016 10:47:55 PM okhttp3.mockwebserver.MockWebServer$3 acceptConnections
INFO: MockWebServer[45641] done accepting connections: Socket closed
Jan 16, 2016 10:47:55 PM okhttp3.mockwebserver.MockWebServer$3 execute
INFO: MockWebServer[60641] starting to accept connections
Jan 16, 2016 10:47:55 PM okhttp3.mockwebserver.MockWebServer$4 processOneRequest
INFO: MockWebServer[60641] received request: GET / HTTP/1.1 and responded: HTTP/1.1 200 OK
Jan 16, 2016 10:47:55 PM okhttp3.mockwebserver.MockWebServer$3 acceptConnections
INFO: MockWebServer[60641] done accepting connections: Socket closed
Jan 16, 2016 10:47:55 PM okhttp3.mockwebserver.MockWebServer$3 execute
INFO: MockWebServer[51234] starting to accept connections
Jan 16, 2016 10:47:55 PM okhttp3.mockwebserver.MockWebServer$3 acceptConnections
INFO: MockWebServer[51234] done accepting connections: Socket closed
Jan 16, 2016 10:47:55 PM okhttp3.mockwebserver.MockWebServer$4 processOneRequest
INFO: MockWebServer[51234] received request: POST / HTTP/1.1 and responded: HTTP/1.1 200 OK
Tests run: 3, Failures: 0, Errors: 0, Skipped: 0, Time elapsed: 1.023 sec

Results :

Tests run: 3, Failures: 0, Errors: 0, Skipped: 0

[INFO] 
[INFO] --- animal-sniffer-maven-plugin:1.14:check (default) @ converter-simplexml ---
[INFO] Checking unresolved references to org.codehaus.mojo.signature:java16:1.1
[INFO]                                                                         
[INFO] ------------------------------------------------------------------------
[INFO] Building Converter: Java Scalars 2.0.0-SNAPSHOT
[INFO] ------------------------------------------------------------------------
[INFO] 
[INFO] --- maven-enforcer-plugin:1.0:enforce (enforce-maven) @ converter-scalars ---
[INFO] 
[INFO] --- maven-resources-plugin:2.6:resources (default-resources) @ converter-scalars ---
[INFO] Using 'UTF-8' encoding to copy filtered resources.
[INFO] skip non existing resourceDirectory /home/travis/build/square/retrofit/retrofit-converters/scalars/src/main/resources
[INFO] 
[INFO] --- maven-compiler-plugin:3.0:compile (default-compile) @ converter-scalars ---
[INFO] Changes detected - recompiling the module!
[INFO] Compiling 3 source files to /home/travis/build/square/retrofit/retrofit-converters/scalars/target/classes
[INFO] 
[INFO] --- maven-resources-plugin:2.6:testResources (default-testResources) @ converter-scalars ---
[INFO] Using 'UTF-8' encoding to copy filtered resources.
[INFO] skip non existing resourceDirectory /home/travis/build/square/retrofit/retrofit-converters/scalars/src/test/resources
[INFO] 
[INFO] --- maven-compiler-plugin:3.0:testCompile (default-testCompile) @ converter-scalars ---
[INFO] Changes detected - recompiling the module!
[INFO] Compiling 1 source file to /home/travis/build/square/retrofit/retrofit-converters/scalars/target/test-classes
[INFO] 
[INFO] --- maven-surefire-plugin:2.12.4:test (default-test) @ converter-scalars ---
[INFO] Surefire report directory: /home/travis/build/square/retrofit/retrofit-converters/scalars/target/surefire-reports

-------------------------------------------------------
 T E S T S
-------------------------------------------------------
Running retrofit2.ScalarsConverterFactoryTest
Jan 16, 2016 10:47:56 PM okhttp3.mockwebserver.MockWebServer$3 execute
INFO: MockWebServer[55201] starting to accept connections
Jan 16, 2016 10:47:57 PM okhttp3.mockwebserver.MockWebServer$3 acceptConnections
INFO: MockWebServer[55201] done accepting connections: Socket closed
Jan 16, 2016 10:47:57 PM okhttp3.mockwebserver.MockWebServer$3 execute
INFO: MockWebServer[49061] starting to accept connections
Jan 16, 2016 10:47:57 PM okhttp3.mockwebserver.MockWebServer$4 processOneRequest
INFO: MockWebServer[49061] received request: GET / HTTP/1.1 and responded: HTTP/1.1 200 OK
Jan 16, 2016 10:47:57 PM okhttp3.mockwebserver.MockWebServer$4 processOneRequest
INFO: MockWebServer[49061] received request: GET / HTTP/1.1 and responded: HTTP/1.1 200 OK
Jan 16, 2016 10:47:57 PM okhttp3.mockwebserver.MockWebServer$4 processOneRequest
INFO: MockWebServer[49061] received request: GET / HTTP/1.1 and responded: HTTP/1.1 200 OK
Jan 16, 2016 10:47:57 PM okhttp3.mockwebserver.MockWebServer$4 processOneRequest
INFO: MockWebServer[49061] received request: GET / HTTP/1.1 and responded: HTTP/1.1 200 OK
Jan 16, 2016 10:47:57 PM okhttp3.mockwebserver.MockWebServer$4 processOneRequest
INFO: MockWebServer[49061] received request: GET / HTTP/1.1 and responded: HTTP/1.1 200 OK
Jan 16, 2016 10:47:57 PM okhttp3.mockwebserver.MockWebServer$4 processOneRequest
INFO: MockWebServer[49061] received request: GET / HTTP/1.1 and responded: HTTP/1.1 200 OK
Jan 16, 2016 10:47:57 PM okhttp3.mockwebserver.MockWebServer$4 processOneRequest
INFO: MockWebServer[49061] received request: GET / HTTP/1.1 and responded: HTTP/1.1 200 OK
Jan 16, 2016 10:47:57 PM okhttp3.mockwebserver.MockWebServer$4 processOneRequest
INFO: MockWebServer[49061] received request: GET / HTTP/1.1 and responded: HTTP/1.1 200 OK
Jan 16, 2016 10:47:57 PM okhttp3.mockwebserver.MockWebServer$4 processOneRequest
INFO: MockWebServer[49061] received request: GET / HTTP/1.1 and responded: HTTP/1.1 200 OK
Jan 16, 2016 10:47:57 PM okhttp3.mockwebserver.MockWebServer$4 processOneRequest
INFO: MockWebServer[49061] received request: GET / HTTP/1.1 and responded: HTTP/1.1 200 OK
Jan 16, 2016 10:47:57 PM okhttp3.mockwebserver.MockWebServer$4 processOneRequest
INFO: MockWebServer[49061] received request: GET / HTTP/1.1 and responded: HTTP/1.1 200 OK
Jan 16, 2016 10:47:57 PM okhttp3.mockwebserver.MockWebServer$3 acceptConnections
INFO: MockWebServer[49061] done accepting connections: Socket closed
Jan 16, 2016 10:47:57 PM okhttp3.mockwebserver.MockWebServer$3 execute
INFO: MockWebServer[43213] starting to accept connections
Jan 16, 2016 10:47:57 PM okhttp3.mockwebserver.MockWebServer$4 processOneRequest
INFO: MockWebServer[43213] received request: POST / HTTP/1.1 and responded: HTTP/1.1 200 OK
Jan 16, 2016 10:47:57 PM okhttp3.mockwebserver.MockWebServer$4 processOneRequest
INFO: MockWebServer[43213] received request: POST / HTTP/1.1 and responded: HTTP/1.1 200 OK
Jan 16, 2016 10:47:57 PM okhttp3.mockwebserver.MockWebServer$4 processOneRequest
INFO: MockWebServer[43213] received request: POST / HTTP/1.1 and responded: HTTP/1.1 200 OK
Jan 16, 2016 10:47:57 PM okhttp3.mockwebserver.MockWebServer$4 processOneRequest
INFO: MockWebServer[43213] received request: POST / HTTP/1.1 and responded: HTTP/1.1 200 OK
Jan 16, 2016 10:47:57 PM okhttp3.mockwebserver.MockWebServer$4 processOneRequest
INFO: MockWebServer[43213] received request: POST / HTTP/1.1 and responded: HTTP/1.1 200 OK
Jan 16, 2016 10:47:57 PM okhttp3.mockwebserver.MockWebServer$4 processOneRequest
INFO: MockWebServer[43213] received request: POST / HTTP/1.1 and responded: HTTP/1.1 200 OK
Jan 16, 2016 10:47:57 PM okhttp3.mockwebserver.MockWebServer$4 processOneRequest
INFO: MockWebServer[43213] received request: POST / HTTP/1.1 and responded: HTTP/1.1 200 OK
Jan 16, 2016 10:47:57 PM okhttp3.mockwebserver.MockWebServer$4 processOneRequest
INFO: MockWebServer[43213] received request: POST / HTTP/1.1 and responded: HTTP/1.1 200 OK
Jan 16, 2016 10:47:57 PM okhttp3.mockwebserver.MockWebServer$4 processOneRequest
INFO: MockWebServer[43213] received request: POST / HTTP/1.1 and responded: HTTP/1.1 200 OK
Jan 16, 2016 10:47:57 PM okhttp3.mockwebserver.MockWebServer$4 processOneRequest
INFO: MockWebServer[43213] received request: POST / HTTP/1.1 and responded: HTTP/1.1 200 OK
Jan 16, 2016 10:47:57 PM okhttp3.mockwebserver.MockWebServer$4 processOneRequest
INFO: MockWebServer[43213] received request: POST / HTTP/1.1 and responded: HTTP/1.1 200 OK
Jan 16, 2016 10:47:57 PM okhttp3.mockwebserver.MockWebServer$4 processOneRequest
INFO: MockWebServer[43213] received request: POST / HTTP/1.1 and responded: HTTP/1.1 200 OK
Jan 16, 2016 10:47:57 PM okhttp3.mockwebserver.MockWebServer$4 processOneRequest
INFO: MockWebServer[43213] received request: POST / HTTP/1.1 and responded: HTTP/1.1 200 OK
Jan 16, 2016 10:47:57 PM okhttp3.mockwebserver.MockWebServer$4 processOneRequest
INFO: MockWebServer[43213] received request: POST / HTTP/1.1 and responded: HTTP/1.1 200 OK
Jan 16, 2016 10:47:57 PM okhttp3.mockwebserver.MockWebServer$4 processOneRequest
INFO: MockWebServer[43213] received request: POST / HTTP/1.1 and responded: HTTP/1.1 200 OK
Jan 16, 2016 10:47:57 PM okhttp3.mockwebserver.MockWebServer$4 processOneRequest
INFO: MockWebServer[43213] received request: POST / HTTP/1.1 and responded: HTTP/1.1 200 OK
Jan 16, 2016 10:47:57 PM okhttp3.mockwebserver.MockWebServer$4 processOneRequest
INFO: MockWebServer[43213] received request: POST / HTTP/1.1 and responded: HTTP/1.1 200 OK
Jan 16, 2016 10:47:57 PM okhttp3.mockwebserver.MockWebServer$3 acceptConnections
INFO: MockWebServer[43213] done accepting connections: Socket closed
Jan 16, 2016 10:47:57 PM okhttp3.mockwebserver.MockWebServer$3 execute
INFO: MockWebServer[34579] starting to accept connections
Jan 16, 2016 10:47:57 PM okhttp3.mockwebserver.MockWebServer$3 acceptConnections
INFO: MockWebServer[34579] done accepting connections: Socket is closed
Tests run: 4, Failures: 0, Errors: 0, Skipped: 0, Time elapsed: 1.056 sec

Results :

Tests run: 4, Failures: 0, Errors: 0, Skipped: 0

[INFO] 
[INFO] --- animal-sniffer-maven-plugin:1.14:check (default) @ converter-scalars ---
[INFO] Checking unresolved references to org.codehaus.mojo.signature:java16:1.1
[INFO]                                                                         
[INFO] ------------------------------------------------------------------------
[INFO] Building Converter: Moshi 2.0.0-SNAPSHOT
[INFO] ------------------------------------------------------------------------
[INFO] 
[INFO] --- maven-enforcer-plugin:1.0:enforce (enforce-maven) @ converter-moshi ---
[INFO] 
[INFO] --- maven-resources-plugin:2.6:resources (default-resources) @ converter-moshi ---
[INFO] Using 'UTF-8' encoding to copy filtered resources.
[INFO] skip non existing resourceDirectory /home/travis/build/square/retrofit/retrofit-converters/moshi/src/main/resources
[INFO] 
[INFO] --- maven-compiler-plugin:3.0:compile (default-compile) @ converter-moshi ---
[INFO] Changes detected - recompiling the module!
[INFO] Compiling 3 source files to /home/travis/build/square/retrofit/retrofit-converters/moshi/target/classes
[INFO] 
[INFO] --- maven-resources-plugin:2.6:testResources (default-testResources) @ converter-moshi ---
[INFO] Using 'UTF-8' encoding to copy filtered resources.
[INFO] skip non existing resourceDirectory /home/travis/build/square/retrofit/retrofit-converters/moshi/src/test/resources
[INFO] 
[INFO] --- maven-compiler-plugin:3.0:testCompile (default-testCompile) @ converter-moshi ---
[INFO] Changes detected - recompiling the module!
[INFO] Compiling 1 source file to /home/travis/build/square/retrofit/retrofit-converters/moshi/target/test-classes
[INFO] 
[INFO] --- maven-surefire-plugin:2.12.4:test (default-test) @ converter-moshi ---
[INFO] Surefire report directory: /home/travis/build/square/retrofit/retrofit-converters/moshi/target/surefire-reports

-------------------------------------------------------
 T E S T S
-------------------------------------------------------
Running retrofit2.MoshiConverterFactoryTest
Jan 16, 2016 10:47:58 PM okhttp3.mockwebserver.MockWebServer$3 execute
INFO: MockWebServer[57579] starting to accept connections
Jan 16, 2016 10:47:59 PM okhttp3.mockwebserver.MockWebServer$4 processOneRequest
INFO: MockWebServer[57579] received request: POST / HTTP/1.1 and responded: HTTP/1.1 200 OK
Jan 16, 2016 10:47:59 PM okhttp3.mockwebserver.MockWebServer$3 acceptConnections
INFO: MockWebServer[57579] done accepting connections: Socket closed
Jan 16, 2016 10:47:59 PM okhttp3.mockwebserver.MockWebServer$3 execute
INFO: MockWebServer[39031] starting to accept connections
Jan 16, 2016 10:47:59 PM okhttp3.mockwebserver.MockWebServer$3 acceptConnections
INFO: MockWebServer[39031] done accepting connections: Socket closed
Jan 16, 2016 10:47:59 PM okhttp3.mockwebserver.MockWebServer$4 processOneRequest
INFO: MockWebServer[39031] received request: POST / HTTP/1.1 and responded: HTTP/1.1 200 OK
Tests run: 2, Failures: 0, Errors: 0, Skipped: 0, Time elapsed: 0.908 sec

Results :

Tests run: 2, Failures: 0, Errors: 0, Skipped: 0

[INFO] 
[INFO] --- animal-sniffer-maven-plugin:1.14:check (default) @ converter-moshi ---
[INFO] Checking unresolved references to org.codehaus.mojo.signature:java16:1.1
[INFO]                                                                         
[INFO] ------------------------------------------------------------------------
[INFO] Building Retrofit Mock Adapter 2.0.0-SNAPSHOT
[INFO] ------------------------------------------------------------------------
[INFO] 
[INFO] --- maven-enforcer-plugin:1.0:enforce (enforce-maven) @ retrofit-mock ---
[INFO] 
[INFO] --- maven-resources-plugin:2.6:resources (default-resources) @ retrofit-mock ---
[INFO] Using 'UTF-8' encoding to copy filtered resources.
[INFO] skip non existing resourceDirectory /home/travis/build/square/retrofit/retrofit-mock/src/main/resources
[INFO] 
[INFO] --- maven-compiler-plugin:3.0:compile (default-compile) @ retrofit-mock ---
[INFO] Changes detected - recompiling the module!
[INFO] Compiling 5 source files to /home/travis/build/square/retrofit/retrofit-mock/target/classes
[INFO] 
[INFO] --- maven-resources-plugin:2.6:testResources (default-testResources) @ retrofit-mock ---
[INFO] Using 'UTF-8' encoding to copy filtered resources.
[INFO] skip non existing resourceDirectory /home/travis/build/square/retrofit/retrofit-mock/src/test/resources
[INFO] 
[INFO] --- maven-compiler-plugin:3.0:testCompile (default-testCompile) @ retrofit-mock ---
[INFO] Changes detected - recompiling the module!
[INFO] Compiling 3 source files to /home/travis/build/square/retrofit/retrofit-mock/target/test-classes
[INFO] 
[INFO] --- maven-surefire-plugin:2.12.4:test (default-test) @ retrofit-mock ---
[INFO] Surefire report directory: /home/travis/build/square/retrofit/retrofit-mock/target/surefire-reports

-------------------------------------------------------
 T E S T S
-------------------------------------------------------
Running retrofit2.mock.BehaviorDelegateTest
Tests run: 10, Failures: 0, Errors: 0, Skipped: 0, Time elapsed: 1.712 sec
Running retrofit2.mock.MockRetrofitTest
Tests run: 8, Failures: 0, Errors: 0, Skipped: 0, Time elapsed: 0.09 sec
Running retrofit2.mock.NetworkBehaviorTest
Tests run: 5, Failures: 0, Errors: 0, Skipped: 0, Time elapsed: 0.075 sec

Results :

Tests run: 23, Failures: 0, Errors: 0, Skipped: 0

[INFO] 
[INFO] --- animal-sniffer-maven-plugin:1.14:check (default) @ retrofit-mock ---
[INFO] Checking unresolved references to org.codehaus.mojo.signature:java16:1.1
[INFO]                                                                         
[INFO] ------------------------------------------------------------------------
[INFO] Building Samples 2.0.0-SNAPSHOT
[INFO] ------------------------------------------------------------------------
[INFO] 
[INFO] --- maven-enforcer-plugin:1.0:enforce (enforce-maven) @ samples ---
[INFO] 
[INFO] --- maven-resources-plugin:2.6:resources (default-resources) @ samples ---
[INFO] Using 'UTF-8' encoding to copy filtered resources.
[INFO] skip non existing resourceDirectory /home/travis/build/square/retrofit/samples/src/main/resources
[INFO] 
[INFO] --- maven-compiler-plugin:3.0:compile (default-compile) @ samples ---
[INFO] Changes detected - recompiling the module!
[INFO] Compiling 6 source files to /home/travis/build/square/retrofit/samples/target/classes
[INFO] 
[INFO] --- maven-resources-plugin:2.6:testResources (default-testResources) @ samples ---
[INFO] Using 'UTF-8' encoding to copy filtered resources.
[INFO] skip non existing resourceDirectory /home/travis/build/square/retrofit/samples/src/test/resources
[INFO] 
[INFO] --- maven-compiler-plugin:3.0:testCompile (default-testCompile) @ samples ---
[INFO] No sources to compile
[INFO] 
[INFO] --- maven-surefire-plugin:2.12.4:test (default-test) @ samples ---
[INFO] No tests to run.
[INFO] 
[INFO] --- animal-sniffer-maven-plugin:1.14:check (default) @ samples ---
[INFO] Checking unresolved references to org.codehaus.mojo.signature:java16:1.1
[INFO] ------------------------------------------------------------------------
[INFO] Reactor Summary:
[INFO] 
[INFO] Retrofit (Parent) .................................. SUCCESS [  2.336 s]
[INFO] Retrofit ........................................... SUCCESS [ 25.282 s]
[INFO] Adapters ........................................... SUCCESS [  0.273 s]
[INFO] Adapter: RxJava .................................... SUCCESS [  2.155 s]
[INFO] Converters ......................................... SUCCESS [  0.166 s]
[INFO] Converter: Gson .................................... SUCCESS [  1.587 s]
[INFO] Converter: Protocol Buffers ........................ SUCCESS [  1.513 s]
[INFO] Converter: Jackson ................................. SUCCESS [  1.975 s]
[INFO] Converter: Wire Protocol Buffers ................... SUCCESS [  1.349 s]
[INFO] Converter: SimpleXML ............................... SUCCESS [  1.611 s]
[INFO] Converter: Java Scalars ............................ SUCCESS [  2.071 s]
[INFO] Converter: Moshi ................................... SUCCESS [  1.788 s]
[INFO] Retrofit Mock Adapter .............................. SUCCESS [  2.749 s]
[INFO] Samples ............................................ SUCCESS [  1.271 s]
[INFO] ------------------------------------------------------------------------
[INFO] BUILD SUCCESS
[INFO] ------------------------------------------------------------------------
[INFO] Total time: 46.648 s
[INFO] Finished at: 2016-01-16T22:48:03+00:00
[INFO] Final Memory: 43M/324M
[INFO] ------------------------------------------------------------------------
travis_time:end:03ce95e3:start=1452984435017874404,finish=1452984492659822309,duration=57641947905[0K
[32;1mThe command "mvn test -B" exited with 0.[0m
travis_fold:start:cache.2[0Kstore build cache
travis_time:start:0cad0530[0Ktravis_time:end:0cad0530:start=1452984492664034315,finish=1452984492667231135,duration=3196820[0Ktravis_time:start:02dd8afe[0K[32;1mchange detected:
/home/travis/.m2/repository/com/squareup/retrofit2/adapter-rxjava/2.0.0-SNAPSHOT/adapter-rxjava-2.0.0-SNAPSHOT.jar
/home/travis/.m2/repository/com/squareup/retrofit2/adapter-rxjava/2.0.0-SNAPSHOT/maven-metadata-local.xml
/home/travis/.m2/repository/com/squareup/retrofit2/adapter-rxjava/2.0.0-SNAPSHOT/_remote.repositories
/home/travis/.m2/repository/com/squareup/retrofit2/adapter-rxjava/maven-metadata-local.xml
/home/travis/.m2/repository/com/squareup/retrofit2/converter-gson/2.0.0-SNAPSHOT/converter-gson-2.0.0-SNAPSHOT.jar
/home/travis/.m2/repository/com/squareup/retrofit2/converter-gson/2.0.0-SNAPSHOT/maven-metadata-local.xml
/home/travis/.m2/repository/com/squareup/retrofit2/converter-gson/2.0.0-SNAPSHOT/_remote.repositories
/home/travis/.m2/repository/com/squareup/retrofit2/converter-gson/maven-metadata-local.xml
/home/travis/.m2/repository/com/squareup/retrofit2/converter-jackson/2.0.0-SNAPSHOT/converter-jackson-2.0.0-SNAPSHOT.jar
/home/travis/.m2/repository/com/squareup/retrofit2/c
[0m
[32;1m...
[0m
[32;1mchanges detected, packing new archive[0m
.
[32;1muploading archive[0m
travis_time:end:02dd8afe:start=1452984492670932640,finish=1452984503660690206,duration=10989757566[0Ktravis_fold:end:cache.2[0Ktravis_fold:start:after_success[0Ktravis_time:start:04f09974[0K$ .buildscript/deploy_snapshot.sh
Skipping snapshot deployment: was pull request.
travis_time:end:04f09974:start=1452984503664772800,finish=1452984503669430598,duration=4657798[0Ktravis_fold:end:after_success[0K
Done. Your build exited with 0.
