Using worker: worker-linux-docker-7b094c82.prod.travis-ci.org:travis-linux-7

travis_fold:start:system_info[0K[33;1mBuild system information[0m
Build language: java
Build group: stable
Build dist: precise
[34m[1mBuild image provisioning date and time[0m
Thu Feb  5 15:09:33 UTC 2015
[34m[1mOperating System Details[0m
Distributor ID:	Ubuntu
Description:	Ubuntu 12.04.5 LTS
Release:	12.04
Codename:	precise
[34m[1mLinux Version[0m
3.13.0-29-generic
[34m[1mCookbooks Version[0m
a68419e https://github.com/travis-ci/travis-cookbooks/tree/a68419e
[34m[1mGCC version[0m
gcc (Ubuntu/Linaro 4.6.3-1ubuntu5) 4.6.3
Copyright (C) 2011 Free Software Foundation, Inc.
This is free software; see the source for copying conditions.  There is NO
warranty; not even for MERCHANTABILITY or FITNESS FOR A PARTICULAR PURPOSE.

[34m[1mLLVM version[0m
clang version 3.4 (tags/RELEASE_34/final)
Target: x86_64-unknown-linux-gnu
Thread model: posix
[34m[1mPre-installed Ruby versions[0m
ruby-1.9.3-p551
[34m[1mPre-installed Node.js versions[0m
v0.10.36
[34m[1mPre-installed Go versions[0m
1.4.1
[34m[1mRedis version[0m
redis-server 2.8.19
[34m[1mriak version[0m
2.0.2
[34m[1mMongoDB version[0m
MongoDB 2.4.12
[34m[1mCouchDB version[0m
couchdb 1.6.1
[34m[1mNeo4j version[0m
1.9.4
[34m[1mRabbitMQ Version[0m
3.4.3
[34m[1mElasticSearch version[0m
1.4.0
[34m[1mInstalled Sphinx versions[0m
2.0.10
2.1.9
2.2.6
[34m[1mDefault Sphinx version[0m
2.2.6
[34m[1mInstalled Firefox version[0m
firefox 31.0esr
[34m[1mPhantomJS version[0m
1.9.8
[34m[1mant -version[0m
Apache Ant(TM) version 1.8.2 compiled on December 3 2011
[34m[1mmvn -version[0m
Apache Maven 3.2.5 (12a6b3acb947671f09b81f49094c53f426d8cea1; 2014-12-14T17:29:23+00:00)
Maven home: /usr/local/maven
Java version: 1.7.0_76, vendor: Oracle Corporation
Java home: /usr/lib/jvm/java-7-oracle/jre
Default locale: en_US, platform encoding: ANSI_X3.4-1968
OS name: "linux", version: "3.13.0-29-generic", arch: "amd64", family: "unix"
travis_fold:end:system_info[0K
travis_fold:start:git.checkout[0Ktravis_time:start:00a80428[0K$ git clone --depth=50 https://github.com/square/retrofit.git square/retrofit
Cloning into 'square/retrofit'...
remote: Counting objects: 1725, done.[K
remote: Compressing objects:   0% (1/831)   [Kremote: Compressing objects:   1% (9/831)   [Kremote: Compressing objects:   2% (17/831)   [Kremote: Compressing objects:   3% (25/831)   [Kremote: Compressing objects:   4% (34/831)   [Kremote: Compressing objects:   5% (42/831)   [Kremote: Compressing objects:   6% (50/831)   [Kremote: Compressing objects:   7% (59/831)   [Kremote: Compressing objects:   8% (67/831)   [Kremote: Compressing objects:   9% (75/831)   [Kremote: Compressing objects:  10% (84/831)   [Kremote: Compressing objects:  11% (92/831)   [Kremote: Compressing objects:  12% (100/831)   [Kremote: Compressing objects:  13% (109/831)   [Kremote: Compressing objects:  14% (117/831)   [Kremote: Compressing objects:  15% (125/831)   [Kremote: Compressing objects:  16% (133/831)   [Kremote: Compressing objects:  17% (142/831)   [Kremote: Compressing objects:  18% (150/831)   [Kremote: Compressing objects:  19% (158/831)   [Kremote: Compressing objects:  20% (167/831)   [Kremote: Compressing objects:  21% (175/831)   [Kremote: Compressing objects:  22% (183/831)   [Kremote: Compressing objects:  23% (192/831)   [Kremote: Compressing objects:  24% (200/831)   [Kremote: Compressing objects:  25% (208/831)   [Kremote: Compressing objects:  26% (217/831)   [Kremote: Compressing objects:  27% (225/831)   [Kremote: Compressing objects:  28% (233/831)   [Kremote: Compressing objects:  29% (241/831)   [Kremote: Compressing objects:  30% (250/831)   [Kremote: Compressing objects:  31% (258/831)   [Kremote: Compressing objects:  32% (266/831)   [Kremote: Compressing objects:  33% (275/831)   [Kremote: Compressing objects:  34% (283/831)   [Kremote: Compressing objects:  35% (291/831)   [Kremote: Compressing objects:  36% (300/831)   [Kremote: Compressing objects:  37% (308/831)   [Kremote: Compressing objects:  38% (316/831)   [Kremote: Compressing objects:  39% (325/831)   [Kremote: Compressing objects:  40% (333/831)   [Kremote: Compressing objects:  41% (341/831)   [Kremote: Compressing objects:  42% (350/831)   [Kremote: Compressing objects:  43% (358/831)   [Kremote: Compressing objects:  44% (366/831)   [Kremote: Compressing objects:  45% (374/831)   [Kremote: Compressing objects:  46% (383/831)   [Kremote: Compressing objects:  47% (391/831)   [Kremote: Compressing objects:  48% (399/831)   [Kremote: Compressing objects:  49% (408/831)   [Kremote: Compressing objects:  50% (416/831)   [Kremote: Compressing objects:  51% (424/831)   [Kremote: Compressing objects:  52% (433/831)   [Kremote: Compressing objects:  53% (441/831)   [Kremote: Compressing objects:  54% (449/831)   [Kremote: Compressing objects:  55% (458/831)   [Kremote: Compressing objects:  56% (466/831)   [Kremote: Compressing objects:  57% (474/831)   [Kremote: Compressing objects:  58% (482/831)   [Kremote: Compressing objects:  59% (491/831)   [Kremote: Compressing objects:  60% (499/831)   [Kremote: Compressing objects:  61% (507/831)   [Kremote: Compressing objects:  62% (516/831)   [Kremote: Compressing objects:  63% (524/831)   [Kremote: Compressing objects:  64% (532/831)   [Kremote: Compressing objects:  65% (541/831)   [Kremote: Compressing objects:  66% (549/831)   [Kremote: Compressing objects:  67% (557/831)   [Kremote: Compressing objects:  68% (566/831)   [Kremote: Compressing objects:  69% (574/831)   [Kremote: Compressing objects:  70% (582/831)   [Kremote: Compressing objects:  71% (591/831)   [Kremote: Compressing objects:  72% (599/831)   [Kremote: Compressing objects:  73% (607/831)   [Kremote: Compressing objects:  74% (615/831)   [Kremote: Compressing objects:  75% (624/831)   [Kremote: Compressing objects:  76% (632/831)   [Kremote: Compressing objects:  77% (640/831)   [Kremote: Compressing objects:  78% (649/831)   [Kremote: Compressing objects:  79% (657/831)   [Kremote: Compressing objects:  80% (665/831)   [Kremote: Compressing objects:  81% (674/831)   [Kremote: Compressing objects:  82% (682/831)   [Kremote: Compressing objects:  83% (690/831)   [Kremote: Compressing objects:  84% (699/831)   [Kremote: Compressing objects:  85% (707/831)   [Kremote: Compressing objects:  86% (715/831)   [Kremote: Compressing objects:  87% (723/831)   [Kremote: Compressing objects:  88% (732/831)   [Kremote: Compressing objects:  89% (740/831)   [Kremote: Compressing objects:  90% (748/831)   [Kremote: Compressing objects:  91% (757/831)   [Kremote: Compressing objects:  92% (765/831)   [Kremote: Compressing objects:  93% (773/831)   [Kremote: Compressing objects:  94% (782/831)   [Kremote: Compressing objects:  95% (790/831)   [Kremote: Compressing objects:  96% (798/831)   [Kremote: Compressing objects:  97% (807/831)   [Kremote: Compressing objects:  98% (815/831)   [Kremote: Compressing objects:  99% (823/831)   [Kremote: Compressing objects: 100% (831/831)   [Kremote: Compressing objects: 100% (831/831), done.[K
Receiving objects:   0% (1/1725)   Receiving objects:   1% (18/1725)   Receiving objects:   2% (35/1725)   Receiving objects:   3% (52/1725)   Receiving objects:   4% (69/1725)   Receiving objects:   5% (87/1725)   Receiving objects:   6% (104/1725)   Receiving objects:   7% (121/1725)   Receiving objects:   8% (138/1725)   Receiving objects:   9% (156/1725)   Receiving objects:  10% (173/1725)   Receiving objects:  11% (190/1725)   Receiving objects:  12% (207/1725)   Receiving objects:  13% (225/1725)   Receiving objects:  14% (242/1725)   Receiving objects:  15% (259/1725)   Receiving objects:  16% (276/1725)   Receiving objects:  17% (294/1725)   Receiving objects:  18% (311/1725)   Receiving objects:  19% (328/1725)   Receiving objects:  20% (345/1725)   Receiving objects:  21% (363/1725)   Receiving objects:  22% (380/1725)   Receiving objects:  23% (397/1725)   Receiving objects:  24% (414/1725)   Receiving objects:  25% (432/1725)   Receiving objects:  26% (449/1725)   Receiving objects:  27% (466/1725)   Receiving objects:  28% (483/1725)   Receiving objects:  29% (501/1725)   Receiving objects:  30% (518/1725)   Receiving objects:  31% (535/1725)   Receiving objects:  32% (552/1725)   Receiving objects:  33% (570/1725)   Receiving objects:  34% (587/1725)   Receiving objects:  35% (604/1725)   Receiving objects:  36% (621/1725)   Receiving objects:  37% (639/1725)   Receiving objects:  38% (656/1725)   Receiving objects:  39% (673/1725)   Receiving objects:  40% (690/1725)   Receiving objects:  41% (708/1725)   Receiving objects:  42% (725/1725)   Receiving objects:  43% (742/1725)   Receiving objects:  44% (759/1725)   Receiving objects:  45% (777/1725)   Receiving objects:  46% (794/1725)   Receiving objects:  47% (811/1725)   Receiving objects:  48% (828/1725)   Receiving objects:  49% (846/1725)   Receiving objects:  50% (863/1725)   Receiving objects:  51% (880/1725)   Receiving objects:  52% (897/1725)   Receiving objects:  53% (915/1725)   Receiving objects:  54% (932/1725)   Receiving objects:  55% (949/1725)   Receiving objects:  56% (966/1725)   Receiving objects:  57% (984/1725)   Receiving objects:  58% (1001/1725)   Receiving objects:  59% (1018/1725)   Receiving objects:  60% (1035/1725)   Receiving objects:  61% (1053/1725)   Receiving objects:  62% (1070/1725)   Receiving objects:  63% (1087/1725)   Receiving objects:  64% (1104/1725)   Receiving objects:  65% (1122/1725)   Receiving objects:  66% (1139/1725)   Receiving objects:  67% (1156/1725)   Receiving objects:  68% (1173/1725)   Receiving objects:  69% (1191/1725)   Receiving objects:  70% (1208/1725)   remote: Total 1725 (delta 683), reused 1465 (delta 461), pack-reused 0[K
Receiving objects:  71% (1225/1725)   Receiving objects:  72% (1242/1725)   Receiving objects:  73% (1260/1725)   Receiving objects:  74% (1277/1725)   Receiving objects:  75% (1294/1725)   Receiving objects:  76% (1311/1725)   Receiving objects:  77% (1329/1725)   Receiving objects:  78% (1346/1725)   Receiving objects:  79% (1363/1725)   Receiving objects:  80% (1380/1725)   Receiving objects:  81% (1398/1725)   Receiving objects:  82% (1415/1725)   Receiving objects:  83% (1432/1725)   Receiving objects:  84% (1449/1725)   Receiving objects:  85% (1467/1725)   Receiving objects:  86% (1484/1725)   Receiving objects:  87% (1501/1725)   Receiving objects:  88% (1518/1725)   Receiving objects:  89% (1536/1725)   Receiving objects:  90% (1553/1725)   Receiving objects:  91% (1570/1725)   Receiving objects:  92% (1587/1725)   Receiving objects:  93% (1605/1725)   Receiving objects:  94% (1622/1725)   Receiving objects:  95% (1639/1725)   Receiving objects:  96% (1656/1725)   Receiving objects:  97% (1674/1725)   Receiving objects:  98% (1691/1725)   Receiving objects:  99% (1708/1725)   Receiving objects: 100% (1725/1725)   Receiving objects: 100% (1725/1725), 378.55 KiB | 0 bytes/s, done.
Resolving deltas:   0% (0/683)   Resolving deltas:   2% (18/683)   Resolving deltas:   3% (21/683)   Resolving deltas:   5% (36/683)   Resolving deltas:   6% (47/683)   Resolving deltas:  13% (92/683)   Resolving deltas:  14% (96/683)   Resolving deltas:  15% (107/683)   Resolving deltas:  16% (110/683)   Resolving deltas:  17% (119/683)   Resolving deltas:  18% (125/683)   Resolving deltas:  21% (145/683)   Resolving deltas:  24% (164/683)   Resolving deltas:  28% (193/683)   Resolving deltas:  29% (202/683)   Resolving deltas:  32% (220/683)   Resolving deltas:  33% (226/683)   Resolving deltas:  34% (235/683)   Resolving deltas:  35% (242/683)   Resolving deltas:  36% (249/683)   Resolving deltas:  37% (257/683)   Resolving deltas:  38% (260/683)   Resolving deltas:  39% (271/683)   Resolving deltas:  41% (281/683)   Resolving deltas:  42% (292/683)   Resolving deltas:  43% (294/683)   Resolving deltas:  44% (305/683)   Resolving deltas:  45% (308/683)   Resolving deltas:  46% (316/683)   Resolving deltas:  47% (324/683)   Resolving deltas:  48% (333/683)   Resolving deltas:  50% (347/683)   Resolving deltas:  52% (356/683)   Resolving deltas:  53% (366/683)   Resolving deltas:  55% (380/683)   Resolving deltas:  57% (394/683)   Resolving deltas:  58% (402/683)   Resolving deltas:  59% (406/683)   Resolving deltas:  61% (419/683)   Resolving deltas:  64% (442/683)   Resolving deltas:  65% (450/683)   Resolving deltas:  68% (466/683)   Resolving deltas:  69% (472/683)   Resolving deltas:  71% (486/683)   Resolving deltas:  72% (492/683)   Resolving deltas:  74% (511/683)   Resolving deltas:  75% (515/683)   Resolving deltas:  76% (522/683)   Resolving deltas:  77% (528/683)   Resolving deltas:  81% (554/683)   Resolving deltas:  84% (580/683)   Resolving deltas:  85% (586/683)   Resolving deltas:  86% (593/683)   Resolving deltas:  87% (600/683)   Resolving deltas:  88% (604/683)   Resolving deltas:  89% (608/683)   Resolving deltas:  90% (615/683)   Resolving deltas:  91% (622/683)   Resolving deltas:  92% (629/683)   Resolving deltas:  93% (636/683)   Resolving deltas:  94% (643/683)   Resolving deltas:  95% (649/683)   Resolving deltas:  96% (658/683)   Resolving deltas:  97% (663/683)   Resolving deltas:  99% (680/683)   Resolving deltas: 100% (683/683)   Resolving deltas: 100% (683/683), done.
Checking connectivity... done.
travis_time:end:00a80428:start=1453014929218654416,finish=1453014932360355342,duration=3141700926[0K$ cd square/retrofit
travis_time:start:3922aaf3[0K$ git fetch origin +refs/pull/1485/merge:
remote: Counting objects: 40, done.[K
remote: Compressing objects:   7% (1/14)   [Kremote: Compressing objects:  14% (2/14)   [Kremote: Compressing objects:  21% (3/14)   [Kremote: Compressing objects:  28% (4/14)   [Kremote: Compressing objects:  35% (5/14)   [Kremote: Compressing objects:  42% (6/14)   [Kremote: Compressing objects:  50% (7/14)   [Kremote: Compressing objects:  57% (8/14)   [Kremote: Compressing objects:  64% (9/14)   [Kremote: Compressing objects:  71% (10/14)   [Kremote: Compressing objects:  78% (11/14)   [Kremote: Compressing objects:  85% (12/14)   [Kremote: Compressing objects:  92% (13/14)   [Kremote: Compressing objects: 100% (14/14)   [Kremote: Compressing objects: 100% (14/14), done.[K
remote: Total 40 (delta 14), reused 39 (delta 14), pack-reused 0[K
Unpacking objects:   2% (1/40)   Unpacking objects:   5% (2/40)   Unpacking objects:   7% (3/40)   Unpacking objects:  10% (4/40)   Unpacking objects:  12% (5/40)   Unpacking objects:  15% (6/40)   Unpacking objects:  17% (7/40)   Unpacking objects:  20% (8/40)   Unpacking objects:  22% (9/40)   Unpacking objects:  25% (10/40)   Unpacking objects:  27% (11/40)   Unpacking objects:  30% (12/40)   Unpacking objects:  32% (13/40)   Unpacking objects:  35% (14/40)   Unpacking objects:  37% (15/40)   Unpacking objects:  40% (16/40)   Unpacking objects:  42% (17/40)   Unpacking objects:  45% (18/40)   Unpacking objects:  47% (19/40)   Unpacking objects:  50% (20/40)   Unpacking objects:  52% (21/40)   Unpacking objects:  55% (22/40)   Unpacking objects:  57% (23/40)   Unpacking objects:  60% (24/40)   Unpacking objects:  62% (25/40)   Unpacking objects:  65% (26/40)   Unpacking objects:  67% (27/40)   Unpacking objects:  70% (28/40)   Unpacking objects:  72% (29/40)   Unpacking objects:  75% (30/40)   Unpacking objects:  77% (31/40)   Unpacking objects:  80% (32/40)   Unpacking objects:  82% (33/40)   Unpacking objects:  85% (34/40)   Unpacking objects:  87% (35/40)   Unpacking objects:  90% (36/40)   Unpacking objects:  92% (37/40)   Unpacking objects:  95% (38/40)   Unpacking objects:  97% (39/40)   Unpacking objects: 100% (40/40)   Unpacking objects: 100% (40/40), done.
From https://github.com/square/retrofit
 * branch            refs/pull/1485/merge -> FETCH_HEAD
travis_time:end:3922aaf3:start=1453014932364036115,finish=1453014932663794713,duration=299758598[0K$ git checkout -qf FETCH_HEAD
travis_fold:end:git.checkout[0K
[33;1mThis job is running on container-based infrastructure, which does not allow use of 'sudo', setuid and setguid executables.[0m
[33;1mIf you require sudo, add 'sudo: required' to your .travis.yml[0m
[33;1mSee https://docs.travis-ci.com/user/workers/container-based-infrastructure/ for details.[0m

[33;1mSetting environment variables from .travis.yml[0m
$ export CI_DEPLOY_USERNAME=[secure]
$ export CI_DEPLOY_PASSWORD=[secure]

travis_fold:start:cache.1[0KSetting up build cache
$ export CASHER_DIR=$HOME/.casher
travis_time:start:04edf1ee[0K$ Installing caching utilities
travis_time:end:04edf1ee:start=1453014935051248058,finish=1453014935134132762,duration=82884704[0Ktravis_time:start:141c3488[0Ktravis_time:end:141c3488:start=1453014935138442928,finish=1453014935141435736,duration=2992808[0Ktravis_time:start:148e155c[0K[32;1mattempting to download cache archive[0m
[32;1mfetching PR.1485/cache--jdk-oraclejdk8.tgz[0m
[32;1mfetching PR.1485/cache--jdk-oraclejdk8.tbz[0m
[32;1mfetching master/cache--jdk-oraclejdk8.tgz[0m
[32;1mfound cache[0m
travis_time:end:148e155c:start=1453014935144919106,finish=1453014937879903786,duration=2734984680[0Ktravis_time:start:0185ef64[0Ktravis_time:end:0185ef64:start=1453014937883331135,finish=1453014937886244808,duration=2913673[0Ktravis_time:start:181d8329[0K[32;1madding /home/travis/.m2 to cache[0m
travis_time:end:181d8329:start=1453014937889526551,finish=1453014940542848605,duration=2653322054[0Ktravis_fold:end:cache.1[0K$ jdk_switcher use oraclejdk8
Switching to Oracle JDK8 (java-8-oracle), JAVA_HOME will be set to /usr/lib/jvm/java-8-oracle
$ java -Xmx32m -version
java version "1.8.0_31"
Java(TM) SE Runtime Environment (build 1.8.0_31-b13)
Java HotSpot(TM) 64-Bit Server VM (build 25.31-b07, mixed mode)
$ javac -J-Xmx32m -version
javac 1.8.0_31
travis_fold:start:install[0Ktravis_time:start:0a2fc23b[0K$ mvn install -DskipTests=true -Dmaven.javadoc.skip=true -B -V
Java HotSpot(TM) 64-Bit Server VM warning: ignoring option MaxPermSize=192m; support was removed in 8.0
Apache Maven 3.2.5 (12a6b3acb947671f09b81f49094c53f426d8cea1; 2014-12-14T17:29:23+00:00)
Maven home: /usr/local/maven
Java version: 1.8.0_31, vendor: Oracle Corporation
Java home: /usr/lib/jvm/java-8-oracle/jre
Default locale: en_US, platform encoding: UTF-8
OS name: "linux", version: "3.13.0-40-generic", arch: "amd64", family: "unix"
[INFO] Scanning for projects...
[WARNING] 
[WARNING] Some problems were encountered while building the effective model for com.squareup.retrofit2:samples:jar:2.0.0-SNAPSHOT
[WARNING] 'build.plugins.plugin.version' for org.apache.maven.plugins:maven-deploy-plugin is missing. @ com.squareup.retrofit2:samples:[unknown-version], /home/travis/build/square/retrofit/samples/pom.xml, line 45, column 15
[WARNING] 
[WARNING] It is highly recommended to fix these problems because they threaten the stability of your build.
[WARNING] 
[WARNING] For this reason, future Maven versions might no longer support building such malformed projects.
[WARNING] 
[INFO] ------------------------------------------------------------------------
[INFO] Reactor Build Order:
[INFO] 
[INFO] Retrofit (Parent)
[INFO] Retrofit
[INFO] Adapters
[INFO] Adapter: RxJava
[INFO] Converters
[INFO] Converter: Gson
[INFO] Converter: Protocol Buffers
[INFO] Converter: Jackson
[INFO] Converter: Wire Protocol Buffers
[INFO] Converter: SimpleXML
[INFO] Converter: Java Scalars
[INFO] Converter: Moshi
[INFO] Retrofit Mock Adapter
[INFO] Samples
[INFO]                                                                         
[INFO] ------------------------------------------------------------------------
[INFO] Building Retrofit (Parent) 2.0.0-SNAPSHOT
[INFO] ------------------------------------------------------------------------
[INFO] 
[INFO] --- maven-enforcer-plugin:1.0:enforce (enforce-maven) @ parent ---
[INFO] 
[INFO] --- animal-sniffer-maven-plugin:1.14:check (default) @ parent ---
[INFO] Checking unresolved references to org.codehaus.mojo.signature:java16:1.1
[INFO] 
[INFO] --- maven-javadoc-plugin:2.10.3:jar (attach-javadocs) @ parent ---
[INFO] Skipping javadoc generation
[INFO] 
[INFO] --- maven-checkstyle-plugin:2.15:checkstyle (default) @ parent ---
[INFO] 
[INFO] --- maven-install-plugin:2.4:install (default-install) @ parent ---
[INFO] Installing /home/travis/build/square/retrofit/pom.xml to /home/travis/.m2/repository/com/squareup/retrofit2/parent/2.0.0-SNAPSHOT/parent-2.0.0-SNAPSHOT.pom
[INFO]                                                                         
[INFO] ------------------------------------------------------------------------
[INFO] Building Retrofit 2.0.0-SNAPSHOT
[INFO] ------------------------------------------------------------------------
[INFO] 
[INFO] --- maven-enforcer-plugin:1.0:enforce (enforce-maven) @ retrofit ---
[INFO] 
[INFO] --- maven-resources-plugin:2.6:resources (default-resources) @ retrofit ---
[INFO] Using 'UTF-8' encoding to copy filtered resources.
[INFO] skip non existing resourceDirectory /home/travis/build/square/retrofit/retrofit/src/main/resources
[INFO] 
[INFO] --- maven-compiler-plugin:3.0:compile (default-compile) @ retrofit ---
[INFO] Changes detected - recompiling the module!
[INFO] Compiling 42 source files to /home/travis/build/square/retrofit/retrofit/target/classes
[WARNING] /home/travis/build/square/retrofit/retrofit/src/main/java/retrofit2/Retrofit.java: Some input files use unchecked or unsafe operations.
[WARNING] /home/travis/build/square/retrofit/retrofit/src/main/java/retrofit2/Retrofit.java: Recompile with -Xlint:unchecked for details.
[INFO] 
[INFO] --- maven-resources-plugin:2.6:testResources (default-testResources) @ retrofit ---
[INFO] Using 'UTF-8' encoding to copy filtered resources.
[INFO] skip non existing resourceDirectory /home/travis/build/square/retrofit/retrofit/src/test/resources
[INFO] 
[INFO] --- maven-compiler-plugin:3.0:testCompile (default-testCompile) @ retrofit ---
[INFO] Changes detected - recompiling the module!
[INFO] Compiling 9 source files to /home/travis/build/square/retrofit/retrofit/target/test-classes
[WARNING] /home/travis/build/square/retrofit/retrofit/src/test/java/retrofit2/RetrofitTest.java: /home/travis/build/square/retrofit/retrofit/src/test/java/retrofit2/RetrofitTest.java uses unchecked or unsafe operations.
[WARNING] /home/travis/build/square/retrofit/retrofit/src/test/java/retrofit2/RetrofitTest.java: Recompile with -Xlint:unchecked for details.
[INFO] 
[INFO] --- maven-surefire-plugin:2.12.4:test (default-test) @ retrofit ---
[INFO] Tests are skipped.
[INFO] 
[INFO] --- animal-sniffer-maven-plugin:1.14:check (default) @ retrofit ---
[INFO] Checking unresolved references to org.codehaus.mojo.signature:java16:1.1
[INFO] 
[INFO] --- maven-jar-plugin:2.4:jar (default-jar) @ retrofit ---
[INFO] Building jar: /home/travis/build/square/retrofit/retrofit/target/retrofit-2.0.0-SNAPSHOT.jar
[INFO] 
[INFO] --- maven-javadoc-plugin:2.10.3:jar (attach-javadocs) @ retrofit ---
[INFO] Skipping javadoc generation
[INFO] 
[INFO] --- maven-checkstyle-plugin:2.15:checkstyle (default) @ retrofit ---
[INFO] Starting audit...
Audit done.
[WARNING] Unable to locate Source XRef to link to - DISABLED
[INFO] 
[INFO] --- maven-install-plugin:2.4:install (default-install) @ retrofit ---
[INFO] Installing /home/travis/build/square/retrofit/retrofit/target/retrofit-2.0.0-SNAPSHOT.jar to /home/travis/.m2/repository/com/squareup/retrofit2/retrofit/2.0.0-SNAPSHOT/retrofit-2.0.0-SNAPSHOT.jar
[INFO] Installing /home/travis/build/square/retrofit/retrofit/pom.xml to /home/travis/.m2/repository/com/squareup/retrofit2/retrofit/2.0.0-SNAPSHOT/retrofit-2.0.0-SNAPSHOT.pom
[INFO]                                                                         
[INFO] ------------------------------------------------------------------------
[INFO] Building Adapters 2.0.0-SNAPSHOT
[INFO] ------------------------------------------------------------------------
[INFO] 
[INFO] --- maven-enforcer-plugin:1.0:enforce (enforce-maven) @ retrofit-adapters ---
[INFO] 
[INFO] --- animal-sniffer-maven-plugin:1.14:check (default) @ retrofit-adapters ---
[INFO] Checking unresolved references to org.codehaus.mojo.signature:java16:1.1
[INFO] 
[INFO] --- maven-javadoc-plugin:2.10.3:jar (attach-javadocs) @ retrofit-adapters ---
[INFO] Skipping javadoc generation
[INFO] 
[INFO] --- maven-checkstyle-plugin:2.15:checkstyle (default) @ retrofit-adapters ---
[INFO] 
[INFO] --- maven-install-plugin:2.4:install (default-install) @ retrofit-adapters ---
[INFO] Installing /home/travis/build/square/retrofit/retrofit-adapters/pom.xml to /home/travis/.m2/repository/com/squareup/retrofit2/retrofit-adapters/2.0.0-SNAPSHOT/retrofit-adapters-2.0.0-SNAPSHOT.pom
[INFO]                                                                         
[INFO] ------------------------------------------------------------------------
[INFO] Building Adapter: RxJava 2.0.0-SNAPSHOT
[INFO] ------------------------------------------------------------------------
[INFO] 
[INFO] --- maven-enforcer-plugin:1.0:enforce (enforce-maven) @ adapter-rxjava ---
[INFO] 
[INFO] --- maven-resources-plugin:2.6:resources (default-resources) @ adapter-rxjava ---
[INFO] Using 'UTF-8' encoding to copy filtered resources.
[INFO] skip non existing resourceDirectory /home/travis/build/square/retrofit/retrofit-adapters/rxjava/src/main/resources
[INFO] 
[INFO] --- maven-compiler-plugin:3.0:compile (default-compile) @ adapter-rxjava ---
[INFO] Changes detected - recompiling the module!
[INFO] Compiling 4 source files to /home/travis/build/square/retrofit/retrofit-adapters/rxjava/target/classes
[INFO] 
[INFO] --- maven-resources-plugin:2.6:testResources (default-testResources) @ adapter-rxjava ---
[INFO] Using 'UTF-8' encoding to copy filtered resources.
[INFO] skip non existing resourceDirectory /home/travis/build/square/retrofit/retrofit-adapters/rxjava/src/test/resources
[INFO] 
[INFO] --- maven-compiler-plugin:3.0:testCompile (default-testCompile) @ adapter-rxjava ---
[INFO] Changes detected - recompiling the module!
[INFO] Compiling 2 source files to /home/travis/build/square/retrofit/retrofit-adapters/rxjava/target/test-classes
[INFO] 
[INFO] --- maven-surefire-plugin:2.12.4:test (default-test) @ adapter-rxjava ---
[INFO] Tests are skipped.
[INFO] 
[INFO] --- animal-sniffer-maven-plugin:1.14:check (default) @ adapter-rxjava ---
[INFO] Checking unresolved references to org.codehaus.mojo.signature:java16:1.1
[INFO] 
[INFO] --- maven-jar-plugin:2.4:jar (default-jar) @ adapter-rxjava ---
[INFO] Building jar: /home/travis/build/square/retrofit/retrofit-adapters/rxjava/target/adapter-rxjava-2.0.0-SNAPSHOT.jar
[INFO] 
[INFO] --- maven-javadoc-plugin:2.10.3:jar (attach-javadocs) @ adapter-rxjava ---
[INFO] Skipping javadoc generation
[INFO] 
[INFO] --- maven-checkstyle-plugin:2.15:checkstyle (default) @ adapter-rxjava ---
[INFO] Starting audit...
Audit done.
[WARNING] Unable to locate Source XRef to link to - DISABLED
[INFO] 
[INFO] --- maven-install-plugin:2.4:install (default-install) @ adapter-rxjava ---
[INFO] Installing /home/travis/build/square/retrofit/retrofit-adapters/rxjava/target/adapter-rxjava-2.0.0-SNAPSHOT.jar to /home/travis/.m2/repository/com/squareup/retrofit2/adapter-rxjava/2.0.0-SNAPSHOT/adapter-rxjava-2.0.0-SNAPSHOT.jar
[INFO] Installing /home/travis/build/square/retrofit/retrofit-adapters/rxjava/pom.xml to /home/travis/.m2/repository/com/squareup/retrofit2/adapter-rxjava/2.0.0-SNAPSHOT/adapter-rxjava-2.0.0-SNAPSHOT.pom
[INFO]                                                                         
[INFO] ------------------------------------------------------------------------
[INFO] Building Converters 2.0.0-SNAPSHOT
[INFO] ------------------------------------------------------------------------
[INFO] 
[INFO] --- maven-enforcer-plugin:1.0:enforce (enforce-maven) @ retrofit-converters ---
[INFO] 
[INFO] --- animal-sniffer-maven-plugin:1.14:check (default) @ retrofit-converters ---
[INFO] Checking unresolved references to org.codehaus.mojo.signature:java16:1.1
[INFO] 
[INFO] --- maven-javadoc-plugin:2.10.3:jar (attach-javadocs) @ retrofit-converters ---
[INFO] Skipping javadoc generation
[INFO] 
[INFO] --- maven-checkstyle-plugin:2.15:checkstyle (default) @ retrofit-converters ---
[INFO] 
[INFO] --- maven-install-plugin:2.4:install (default-install) @ retrofit-converters ---
[INFO] Installing /home/travis/build/square/retrofit/retrofit-converters/pom.xml to /home/travis/.m2/repository/com/squareup/retrofit2/retrofit-converters/2.0.0-SNAPSHOT/retrofit-converters-2.0.0-SNAPSHOT.pom
[INFO]                                                                         
[INFO] ------------------------------------------------------------------------
[INFO] Building Converter: Gson 2.0.0-SNAPSHOT
[INFO] ------------------------------------------------------------------------
[INFO] 
[INFO] --- maven-enforcer-plugin:1.0:enforce (enforce-maven) @ converter-gson ---
[INFO] 
[INFO] --- maven-resources-plugin:2.6:resources (default-resources) @ converter-gson ---
[INFO] Using 'UTF-8' encoding to copy filtered resources.
[INFO] skip non existing resourceDirectory /home/travis/build/square/retrofit/retrofit-converters/gson/src/main/resources
[INFO] 
[INFO] --- maven-compiler-plugin:3.0:compile (default-compile) @ converter-gson ---
[INFO] Changes detected - recompiling the module!
[INFO] Compiling 3 source files to /home/travis/build/square/retrofit/retrofit-converters/gson/target/classes
[INFO] 
[INFO] --- maven-resources-plugin:2.6:testResources (default-testResources) @ converter-gson ---
[INFO] Using 'UTF-8' encoding to copy filtered resources.
[INFO] skip non existing resourceDirectory /home/travis/build/square/retrofit/retrofit-converters/gson/src/test/resources
[INFO] 
[INFO] --- maven-compiler-plugin:3.0:testCompile (default-testCompile) @ converter-gson ---
[INFO] Changes detected - recompiling the module!
[INFO] Compiling 1 source file to /home/travis/build/square/retrofit/retrofit-converters/gson/target/test-classes
[INFO] 
[INFO] --- maven-surefire-plugin:2.12.4:test (default-test) @ converter-gson ---
[INFO] Tests are skipped.
[INFO] 
[INFO] --- animal-sniffer-maven-plugin:1.14:check (default) @ converter-gson ---
[INFO] Checking unresolved references to org.codehaus.mojo.signature:java16:1.1
[INFO] 
[INFO] --- maven-jar-plugin:2.4:jar (default-jar) @ converter-gson ---
[INFO] Building jar: /home/travis/build/square/retrofit/retrofit-converters/gson/target/converter-gson-2.0.0-SNAPSHOT.jar
[INFO] 
[INFO] --- maven-javadoc-plugin:2.10.3:jar (attach-javadocs) @ converter-gson ---
[INFO] Skipping javadoc generation
[INFO] 
[INFO] --- maven-checkstyle-plugin:2.15:checkstyle (default) @ converter-gson ---
[INFO] Starting audit...
Audit done.
[WARNING] Unable to locate Source XRef to link to - DISABLED
[INFO] 
[INFO] --- maven-install-plugin:2.4:install (default-install) @ converter-gson ---
[INFO] Installing /home/travis/build/square/retrofit/retrofit-converters/gson/target/converter-gson-2.0.0-SNAPSHOT.jar to /home/travis/.m2/repository/com/squareup/retrofit2/converter-gson/2.0.0-SNAPSHOT/converter-gson-2.0.0-SNAPSHOT.jar
[INFO] Installing /home/travis/build/square/retrofit/retrofit-converters/gson/pom.xml to /home/travis/.m2/repository/com/squareup/retrofit2/converter-gson/2.0.0-SNAPSHOT/converter-gson-2.0.0-SNAPSHOT.pom
[INFO]                                                                         
[INFO] ------------------------------------------------------------------------
[INFO] Building Converter: Protocol Buffers 2.0.0-SNAPSHOT
[INFO] ------------------------------------------------------------------------
[INFO] 
[INFO] --- maven-enforcer-plugin:1.0:enforce (enforce-maven) @ converter-protobuf ---
[INFO] 
[INFO] --- maven-resources-plugin:2.6:resources (default-resources) @ converter-protobuf ---
[INFO] Using 'UTF-8' encoding to copy filtered resources.
[INFO] skip non existing resourceDirectory /home/travis/build/square/retrofit/retrofit-converters/protobuf/src/main/resources
[INFO] 
[INFO] --- maven-compiler-plugin:3.0:compile (default-compile) @ converter-protobuf ---
[INFO] Changes detected - recompiling the module!
[INFO] Compiling 3 source files to /home/travis/build/square/retrofit/retrofit-converters/protobuf/target/classes
[WARNING] /home/travis/build/square/retrofit/retrofit-converters/protobuf/src/main/java/retrofit2/ProtoConverterFactory.java: /home/travis/build/square/retrofit/retrofit-converters/protobuf/src/main/java/retrofit2/ProtoConverterFactory.java uses unchecked or unsafe operations.
[WARNING] /home/travis/build/square/retrofit/retrofit-converters/protobuf/src/main/java/retrofit2/ProtoConverterFactory.java: Recompile with -Xlint:unchecked for details.
[INFO] 
[INFO] --- maven-resources-plugin:2.6:testResources (default-testResources) @ converter-protobuf ---
[INFO] Using 'UTF-8' encoding to copy filtered resources.
[INFO] skip non existing resourceDirectory /home/travis/build/square/retrofit/retrofit-converters/protobuf/src/test/resources
[INFO] 
[INFO] --- maven-compiler-plugin:3.0:testCompile (default-testCompile) @ converter-protobuf ---
[INFO] Changes detected - recompiling the module!
[INFO] Compiling 2 source files to /home/travis/build/square/retrofit/retrofit-converters/protobuf/target/test-classes
[INFO] 
[INFO] --- maven-surefire-plugin:2.12.4:test (default-test) @ converter-protobuf ---
[INFO] Tests are skipped.
[INFO] 
[INFO] --- animal-sniffer-maven-plugin:1.14:check (default) @ converter-protobuf ---
[INFO] Checking unresolved references to org.codehaus.mojo.signature:java16:1.1
[INFO] 
[INFO] --- maven-jar-plugin:2.4:jar (default-jar) @ converter-protobuf ---
[INFO] Building jar: /home/travis/build/square/retrofit/retrofit-converters/protobuf/target/converter-protobuf-2.0.0-SNAPSHOT.jar
[INFO] 
[INFO] --- maven-javadoc-plugin:2.10.3:jar (attach-javadocs) @ converter-protobuf ---
[INFO] Skipping javadoc generation
[INFO] 
[INFO] --- maven-checkstyle-plugin:2.15:checkstyle (default) @ converter-protobuf ---
[INFO] Starting audit...
Audit done.
[WARNING] Unable to locate Source XRef to link to - DISABLED
[INFO] 
[INFO] --- maven-install-plugin:2.4:install (default-install) @ converter-protobuf ---
[INFO] Installing /home/travis/build/square/retrofit/retrofit-converters/protobuf/target/converter-protobuf-2.0.0-SNAPSHOT.jar to /home/travis/.m2/repository/com/squareup/retrofit2/converter-protobuf/2.0.0-SNAPSHOT/converter-protobuf-2.0.0-SNAPSHOT.jar
[INFO] Installing /home/travis/build/square/retrofit/retrofit-converters/protobuf/pom.xml to /home/travis/.m2/repository/com/squareup/retrofit2/converter-protobuf/2.0.0-SNAPSHOT/converter-protobuf-2.0.0-SNAPSHOT.pom
[INFO]                                                                         
[INFO] ------------------------------------------------------------------------
[INFO] Building Converter: Jackson 2.0.0-SNAPSHOT
[INFO] ------------------------------------------------------------------------
[INFO] 
[INFO] --- maven-enforcer-plugin:1.0:enforce (enforce-maven) @ converter-jackson ---
[INFO] 
[INFO] --- maven-resources-plugin:2.6:resources (default-resources) @ converter-jackson ---
[INFO] Using 'UTF-8' encoding to copy filtered resources.
[INFO] skip non existing resourceDirectory /home/travis/build/square/retrofit/retrofit-converters/jackson/src/main/resources
[INFO] 
[INFO] --- maven-compiler-plugin:3.0:compile (default-compile) @ converter-jackson ---
[INFO] Changes detected - recompiling the module!
[INFO] Compiling 3 source files to /home/travis/build/square/retrofit/retrofit-converters/jackson/target/classes
[INFO] 
[INFO] --- maven-resources-plugin:2.6:testResources (default-testResources) @ converter-jackson ---
[INFO] Using 'UTF-8' encoding to copy filtered resources.
[INFO] skip non existing resourceDirectory /home/travis/build/square/retrofit/retrofit-converters/jackson/src/test/resources
[INFO] 
[INFO] --- maven-compiler-plugin:3.0:testCompile (default-testCompile) @ converter-jackson ---
[INFO] Changes detected - recompiling the module!
[INFO] Compiling 1 source file to /home/travis/build/square/retrofit/retrofit-converters/jackson/target/test-classes
[INFO] 
[INFO] --- maven-surefire-plugin:2.12.4:test (default-test) @ converter-jackson ---
[INFO] Tests are skipped.
[INFO] 
[INFO] --- animal-sniffer-maven-plugin:1.14:check (default) @ converter-jackson ---
[INFO] Checking unresolved references to org.codehaus.mojo.signature:java16:1.1
[INFO] 
[INFO] --- maven-jar-plugin:2.4:jar (default-jar) @ converter-jackson ---
[INFO] Building jar: /home/travis/build/square/retrofit/retrofit-converters/jackson/target/converter-jackson-2.0.0-SNAPSHOT.jar
[INFO] 
[INFO] --- maven-javadoc-plugin:2.10.3:jar (attach-javadocs) @ converter-jackson ---
[INFO] Skipping javadoc generation
[INFO] 
[INFO] --- maven-checkstyle-plugin:2.15:checkstyle (default) @ converter-jackson ---
[INFO] Starting audit...
Audit done.
[WARNING] Unable to locate Source XRef to link to - DISABLED
[INFO] 
[INFO] --- maven-install-plugin:2.4:install (default-install) @ converter-jackson ---
[INFO] Installing /home/travis/build/square/retrofit/retrofit-converters/jackson/target/converter-jackson-2.0.0-SNAPSHOT.jar to /home/travis/.m2/repository/com/squareup/retrofit2/converter-jackson/2.0.0-SNAPSHOT/converter-jackson-2.0.0-SNAPSHOT.jar
[INFO] Installing /home/travis/build/square/retrofit/retrofit-converters/jackson/pom.xml to /home/travis/.m2/repository/com/squareup/retrofit2/converter-jackson/2.0.0-SNAPSHOT/converter-jackson-2.0.0-SNAPSHOT.pom
[INFO]                                                                         
[INFO] ------------------------------------------------------------------------
[INFO] Building Converter: Wire Protocol Buffers 2.0.0-SNAPSHOT
[INFO] ------------------------------------------------------------------------
[INFO] 
[INFO] --- maven-enforcer-plugin:1.0:enforce (enforce-maven) @ converter-wire ---
[INFO] 
[INFO] --- maven-resources-plugin:2.6:resources (default-resources) @ converter-wire ---
[INFO] Using 'UTF-8' encoding to copy filtered resources.
[INFO] skip non existing resourceDirectory /home/travis/build/square/retrofit/retrofit-converters/wire/src/main/resources
[INFO] 
[INFO] --- maven-compiler-plugin:3.0:compile (default-compile) @ converter-wire ---
[INFO] Changes detected - recompiling the module!
[INFO] Compiling 3 source files to /home/travis/build/square/retrofit/retrofit-converters/wire/target/classes
[WARNING] /home/travis/build/square/retrofit/retrofit-converters/wire/src/main/java/retrofit2/WireConverterFactory.java: /home/travis/build/square/retrofit/retrofit-converters/wire/src/main/java/retrofit2/WireConverterFactory.java uses unchecked or unsafe operations.
[WARNING] /home/travis/build/square/retrofit/retrofit-converters/wire/src/main/java/retrofit2/WireConverterFactory.java: Recompile with -Xlint:unchecked for details.
[INFO] 
[INFO] --- maven-resources-plugin:2.6:testResources (default-testResources) @ converter-wire ---
[INFO] Using 'UTF-8' encoding to copy filtered resources.
[INFO] skip non existing resourceDirectory /home/travis/build/square/retrofit/retrofit-converters/wire/src/test/resources
[INFO] 
[INFO] --- maven-compiler-plugin:3.0:testCompile (default-testCompile) @ converter-wire ---
[INFO] Changes detected - recompiling the module!
[INFO] Compiling 2 source files to /home/travis/build/square/retrofit/retrofit-converters/wire/target/test-classes
[INFO] 
[INFO] --- maven-surefire-plugin:2.12.4:test (default-test) @ converter-wire ---
[INFO] Tests are skipped.
[INFO] 
[INFO] --- animal-sniffer-maven-plugin:1.14:check (default) @ converter-wire ---
[INFO] Checking unresolved references to org.codehaus.mojo.signature:java16:1.1
[INFO] 
[INFO] --- maven-jar-plugin:2.4:jar (default-jar) @ converter-wire ---
[INFO] Building jar: /home/travis/build/square/retrofit/retrofit-converters/wire/target/converter-wire-2.0.0-SNAPSHOT.jar
[INFO] 
[INFO] --- maven-javadoc-plugin:2.10.3:jar (attach-javadocs) @ converter-wire ---
[INFO] Skipping javadoc generation
[INFO] 
[INFO] --- maven-checkstyle-plugin:2.15:checkstyle (default) @ converter-wire ---
[INFO] Starting audit...
Audit done.
[WARNING] Unable to locate Source XRef to link to - DISABLED
[INFO] 
[INFO] --- maven-install-plugin:2.4:install (default-install) @ converter-wire ---
[INFO] Installing /home/travis/build/square/retrofit/retrofit-converters/wire/target/converter-wire-2.0.0-SNAPSHOT.jar to /home/travis/.m2/repository/com/squareup/retrofit2/converter-wire/2.0.0-SNAPSHOT/converter-wire-2.0.0-SNAPSHOT.jar
[INFO] Installing /home/travis/build/square/retrofit/retrofit-converters/wire/pom.xml to /home/travis/.m2/repository/com/squareup/retrofit2/converter-wire/2.0.0-SNAPSHOT/converter-wire-2.0.0-SNAPSHOT.pom
[INFO]                                                                         
[INFO] ------------------------------------------------------------------------
[INFO] Building Converter: SimpleXML 2.0.0-SNAPSHOT
[INFO] ------------------------------------------------------------------------
[INFO] 
[INFO] --- maven-enforcer-plugin:1.0:enforce (enforce-maven) @ converter-simplexml ---
[INFO] 
[INFO] --- maven-resources-plugin:2.6:resources (default-resources) @ converter-simplexml ---
[INFO] Using 'UTF-8' encoding to copy filtered resources.
[INFO] skip non existing resourceDirectory /home/travis/build/square/retrofit/retrofit-converters/simplexml/src/main/resources
[INFO] 
[INFO] --- maven-compiler-plugin:3.0:compile (default-compile) @ converter-simplexml ---
[INFO] Changes detected - recompiling the module!
[INFO] Compiling 3 source files to /home/travis/build/square/retrofit/retrofit-converters/simplexml/target/classes
[INFO] 
[INFO] --- maven-resources-plugin:2.6:testResources (default-testResources) @ converter-simplexml ---
[INFO] Using 'UTF-8' encoding to copy filtered resources.
[INFO] skip non existing resourceDirectory /home/travis/build/square/retrofit/retrofit-converters/simplexml/src/test/resources
[INFO] 
[INFO] --- maven-compiler-plugin:3.0:testCompile (default-testCompile) @ converter-simplexml ---
[INFO] Changes detected - recompiling the module!
[INFO] Compiling 2 source files to /home/travis/build/square/retrofit/retrofit-converters/simplexml/target/test-classes
[INFO] 
[INFO] --- maven-surefire-plugin:2.12.4:test (default-test) @ converter-simplexml ---
[INFO] Tests are skipped.
[INFO] 
[INFO] --- animal-sniffer-maven-plugin:1.14:check (default) @ converter-simplexml ---
[INFO] Checking unresolved references to org.codehaus.mojo.signature:java16:1.1
[INFO] 
[INFO] --- maven-jar-plugin:2.4:jar (default-jar) @ converter-simplexml ---
[INFO] Building jar: /home/travis/build/square/retrofit/retrofit-converters/simplexml/target/converter-simplexml-2.0.0-SNAPSHOT.jar
[INFO] 
[INFO] --- maven-javadoc-plugin:2.10.3:jar (attach-javadocs) @ converter-simplexml ---
[INFO] Skipping javadoc generation
[INFO] 
[INFO] --- maven-checkstyle-plugin:2.15:checkstyle (default) @ converter-simplexml ---
[INFO] Starting audit...
Audit done.
[WARNING] Unable to locate Source XRef to link to - DISABLED
[INFO] 
[INFO] --- maven-install-plugin:2.4:install (default-install) @ converter-simplexml ---
[INFO] Installing /home/travis/build/square/retrofit/retrofit-converters/simplexml/target/converter-simplexml-2.0.0-SNAPSHOT.jar to /home/travis/.m2/repository/com/squareup/retrofit2/converter-simplexml/2.0.0-SNAPSHOT/converter-simplexml-2.0.0-SNAPSHOT.jar
[INFO] Installing /home/travis/build/square/retrofit/retrofit-converters/simplexml/pom.xml to /home/travis/.m2/repository/com/squareup/retrofit2/converter-simplexml/2.0.0-SNAPSHOT/converter-simplexml-2.0.0-SNAPSHOT.pom
[INFO]                                                                         
[INFO] ------------------------------------------------------------------------
[INFO] Building Converter: Java Scalars 2.0.0-SNAPSHOT
[INFO] ------------------------------------------------------------------------
[INFO] 
[INFO] --- maven-enforcer-plugin:1.0:enforce (enforce-maven) @ converter-scalars ---
[INFO] 
[INFO] --- maven-resources-plugin:2.6:resources (default-resources) @ converter-scalars ---
[INFO] Using 'UTF-8' encoding to copy filtered resources.
[INFO] skip non existing resourceDirectory /home/travis/build/square/retrofit/retrofit-converters/scalars/src/main/resources
[INFO] 
[INFO] --- maven-compiler-plugin:3.0:compile (default-compile) @ converter-scalars ---
[INFO] Changes detected - recompiling the module!
[INFO] Compiling 3 source files to /home/travis/build/square/retrofit/retrofit-converters/scalars/target/classes
[INFO] 
[INFO] --- maven-resources-plugin:2.6:testResources (default-testResources) @ converter-scalars ---
[INFO] Using 'UTF-8' encoding to copy filtered resources.
[INFO] skip non existing resourceDirectory /home/travis/build/square/retrofit/retrofit-converters/scalars/src/test/resources
[INFO] 
[INFO] --- maven-compiler-plugin:3.0:testCompile (default-testCompile) @ converter-scalars ---
[INFO] Changes detected - recompiling the module!
[INFO] Compiling 1 source file to /home/travis/build/square/retrofit/retrofit-converters/scalars/target/test-classes
[INFO] 
[INFO] --- maven-surefire-plugin:2.12.4:test (default-test) @ converter-scalars ---
[INFO] Tests are skipped.
[INFO] 
[INFO] --- animal-sniffer-maven-plugin:1.14:check (default) @ converter-scalars ---
[INFO] Checking unresolved references to org.codehaus.mojo.signature:java16:1.1
[INFO] 
[INFO] --- maven-jar-plugin:2.4:jar (default-jar) @ converter-scalars ---
[INFO] Building jar: /home/travis/build/square/retrofit/retrofit-converters/scalars/target/converter-scalars-2.0.0-SNAPSHOT.jar
[INFO] 
[INFO] --- maven-javadoc-plugin:2.10.3:jar (attach-javadocs) @ converter-scalars ---
[INFO] Skipping javadoc generation
[INFO] 
[INFO] --- maven-checkstyle-plugin:2.15:checkstyle (default) @ converter-scalars ---
[INFO] Starting audit...
Audit done.
[WARNING] Unable to locate Source XRef to link to - DISABLED
[INFO] 
[INFO] --- maven-install-plugin:2.4:install (default-install) @ converter-scalars ---
[INFO] Installing /home/travis/build/square/retrofit/retrofit-converters/scalars/target/converter-scalars-2.0.0-SNAPSHOT.jar to /home/travis/.m2/repository/com/squareup/retrofit2/converter-scalars/2.0.0-SNAPSHOT/converter-scalars-2.0.0-SNAPSHOT.jar
[INFO] Installing /home/travis/build/square/retrofit/retrofit-converters/scalars/pom.xml to /home/travis/.m2/repository/com/squareup/retrofit2/converter-scalars/2.0.0-SNAPSHOT/converter-scalars-2.0.0-SNAPSHOT.pom
[INFO]                                                                         
[INFO] ------------------------------------------------------------------------
[INFO] Building Converter: Moshi 2.0.0-SNAPSHOT
[INFO] ------------------------------------------------------------------------
[INFO] 
[INFO] --- maven-enforcer-plugin:1.0:enforce (enforce-maven) @ converter-moshi ---
[INFO] 
[INFO] --- maven-resources-plugin:2.6:resources (default-resources) @ converter-moshi ---
[INFO] Using 'UTF-8' encoding to copy filtered resources.
[INFO] skip non existing resourceDirectory /home/travis/build/square/retrofit/retrofit-converters/moshi/src/main/resources
[INFO] 
[INFO] --- maven-compiler-plugin:3.0:compile (default-compile) @ converter-moshi ---
[INFO] Changes detected - recompiling the module!
[INFO] Compiling 3 source files to /home/travis/build/square/retrofit/retrofit-converters/moshi/target/classes
[INFO] 
[INFO] --- maven-resources-plugin:2.6:testResources (default-testResources) @ converter-moshi ---
[INFO] Using 'UTF-8' encoding to copy filtered resources.
[INFO] skip non existing resourceDirectory /home/travis/build/square/retrofit/retrofit-converters/moshi/src/test/resources
[INFO] 
[INFO] --- maven-compiler-plugin:3.0:testCompile (default-testCompile) @ converter-moshi ---
[INFO] Changes detected - recompiling the module!
[INFO] Compiling 1 source file to /home/travis/build/square/retrofit/retrofit-converters/moshi/target/test-classes
[INFO] 
[INFO] --- maven-surefire-plugin:2.12.4:test (default-test) @ converter-moshi ---
[INFO] Tests are skipped.
[INFO] 
[INFO] --- animal-sniffer-maven-plugin:1.14:check (default) @ converter-moshi ---
[INFO] Checking unresolved references to org.codehaus.mojo.signature:java16:1.1
[INFO] 
[INFO] --- maven-jar-plugin:2.4:jar (default-jar) @ converter-moshi ---
[INFO] Building jar: /home/travis/build/square/retrofit/retrofit-converters/moshi/target/converter-moshi-2.0.0-SNAPSHOT.jar
[INFO] 
[INFO] --- maven-javadoc-plugin:2.10.3:jar (attach-javadocs) @ converter-moshi ---
[INFO] Skipping javadoc generation
[INFO] 
[INFO] --- maven-checkstyle-plugin:2.15:checkstyle (default) @ converter-moshi ---
[INFO] Starting audit...
Audit done.
[WARNING] Unable to locate Source XRef to link to - DISABLED
[INFO] 
[INFO] --- maven-install-plugin:2.4:install (default-install) @ converter-moshi ---
[INFO] Installing /home/travis/build/square/retrofit/retrofit-converters/moshi/target/converter-moshi-2.0.0-SNAPSHOT.jar to /home/travis/.m2/repository/com/squareup/retrofit2/converter-moshi/2.0.0-SNAPSHOT/converter-moshi-2.0.0-SNAPSHOT.jar
[INFO] Installing /home/travis/build/square/retrofit/retrofit-converters/moshi/pom.xml to /home/travis/.m2/repository/com/squareup/retrofit2/converter-moshi/2.0.0-SNAPSHOT/converter-moshi-2.0.0-SNAPSHOT.pom
[INFO]                                                                         
[INFO] ------------------------------------------------------------------------
[INFO] Building Retrofit Mock Adapter 2.0.0-SNAPSHOT
[INFO] ------------------------------------------------------------------------
[INFO] 
[INFO] --- maven-enforcer-plugin:1.0:enforce (enforce-maven) @ retrofit-mock ---
[INFO] 
[INFO] --- maven-resources-plugin:2.6:resources (default-resources) @ retrofit-mock ---
[INFO] Using 'UTF-8' encoding to copy filtered resources.
[INFO] skip non existing resourceDirectory /home/travis/build/square/retrofit/retrofit-mock/src/main/resources
[INFO] 
[INFO] --- maven-compiler-plugin:3.0:compile (default-compile) @ retrofit-mock ---
[INFO] Changes detected - recompiling the module!
[INFO] Compiling 5 source files to /home/travis/build/square/retrofit/retrofit-mock/target/classes
[INFO] 
[INFO] --- maven-resources-plugin:2.6:testResources (default-testResources) @ retrofit-mock ---
[INFO] Using 'UTF-8' encoding to copy filtered resources.
[INFO] skip non existing resourceDirectory /home/travis/build/square/retrofit/retrofit-mock/src/test/resources
[INFO] 
[INFO] --- maven-compiler-plugin:3.0:testCompile (default-testCompile) @ retrofit-mock ---
[INFO] Changes detected - recompiling the module!
[INFO] Compiling 3 source files to /home/travis/build/square/retrofit/retrofit-mock/target/test-classes
[INFO] 
[INFO] --- maven-surefire-plugin:2.12.4:test (default-test) @ retrofit-mock ---
[INFO] Tests are skipped.
[INFO] 
[INFO] --- animal-sniffer-maven-plugin:1.14:check (default) @ retrofit-mock ---
[INFO] Checking unresolved references to org.codehaus.mojo.signature:java16:1.1
[INFO] 
[INFO] --- maven-jar-plugin:2.4:jar (default-jar) @ retrofit-mock ---
[INFO] Building jar: /home/travis/build/square/retrofit/retrofit-mock/target/retrofit-mock-2.0.0-SNAPSHOT.jar
[INFO] 
[INFO] --- maven-javadoc-plugin:2.10.3:jar (attach-javadocs) @ retrofit-mock ---
[INFO] Skipping javadoc generation
[INFO] 
[INFO] --- maven-checkstyle-plugin:2.15:checkstyle (default) @ retrofit-mock ---
[INFO] Starting audit...
Audit done.
[WARNING] Unable to locate Source XRef to link to - DISABLED
[INFO] 
[INFO] --- maven-install-plugin:2.4:install (default-install) @ retrofit-mock ---
[INFO] Installing /home/travis/build/square/retrofit/retrofit-mock/target/retrofit-mock-2.0.0-SNAPSHOT.jar to /home/travis/.m2/repository/com/squareup/retrofit2/retrofit-mock/2.0.0-SNAPSHOT/retrofit-mock-2.0.0-SNAPSHOT.jar
[INFO] Installing /home/travis/build/square/retrofit/retrofit-mock/pom.xml to /home/travis/.m2/repository/com/squareup/retrofit2/retrofit-mock/2.0.0-SNAPSHOT/retrofit-mock-2.0.0-SNAPSHOT.pom
[INFO]                                                                         
[INFO] ------------------------------------------------------------------------
[INFO] Building Samples 2.0.0-SNAPSHOT
[INFO] ------------------------------------------------------------------------
[INFO] 
[INFO] --- maven-enforcer-plugin:1.0:enforce (enforce-maven) @ samples ---
[INFO] 
[INFO] --- maven-resources-plugin:2.6:resources (default-resources) @ samples ---
[INFO] Using 'UTF-8' encoding to copy filtered resources.
[INFO] skip non existing resourceDirectory /home/travis/build/square/retrofit/samples/src/main/resources
[INFO] 
[INFO] --- maven-compiler-plugin:3.0:compile (default-compile) @ samples ---
[INFO] Changes detected - recompiling the module!
[INFO] Compiling 6 source files to /home/travis/build/square/retrofit/samples/target/classes
[INFO] 
[INFO] --- maven-resources-plugin:2.6:testResources (default-testResources) @ samples ---
[INFO] Using 'UTF-8' encoding to copy filtered resources.
[INFO] skip non existing resourceDirectory /home/travis/build/square/retrofit/samples/src/test/resources
[INFO] 
[INFO] --- maven-compiler-plugin:3.0:testCompile (default-testCompile) @ samples ---
[INFO] No sources to compile
[INFO] 
[INFO] --- maven-surefire-plugin:2.12.4:test (default-test) @ samples ---
[INFO] Tests are skipped.
[INFO] 
[INFO] --- animal-sniffer-maven-plugin:1.14:check (default) @ samples ---
[INFO] Checking unresolved references to org.codehaus.mojo.signature:java16:1.1
[INFO] 
[INFO] --- maven-jar-plugin:2.4:jar (default-jar) @ samples ---
[INFO] Building jar: /home/travis/build/square/retrofit/samples/target/samples-2.0.0-SNAPSHOT.jar
[INFO] 
[INFO] --- maven-javadoc-plugin:2.10.3:jar (attach-javadocs) @ samples ---
[INFO] Skipping javadoc generation
[INFO] 
[INFO] --- maven-checkstyle-plugin:2.15:checkstyle (default) @ samples ---
[INFO] Starting audit...
Audit done.
[WARNING] Unable to locate Source XRef to link to - DISABLED
[INFO] 
[INFO] --- maven-install-plugin:2.4:install (default-install) @ samples ---
[INFO] Installing /home/travis/build/square/retrofit/samples/target/samples-2.0.0-SNAPSHOT.jar to /home/travis/.m2/repository/com/squareup/retrofit2/samples/2.0.0-SNAPSHOT/samples-2.0.0-SNAPSHOT.jar
[INFO] Installing /home/travis/build/square/retrofit/samples/pom.xml to /home/travis/.m2/repository/com/squareup/retrofit2/samples/2.0.0-SNAPSHOT/samples-2.0.0-SNAPSHOT.pom
[INFO] ------------------------------------------------------------------------
[INFO] Reactor Summary:
[INFO] 
[INFO] Retrofit (Parent) .................................. SUCCESS [  8.055 s]
[INFO] Retrofit ........................................... SUCCESS [ 14.214 s]
[INFO] Adapters ........................................... SUCCESS [  0.536 s]
[INFO] Adapter: RxJava .................................... SUCCESS [  2.580 s]
[INFO] Converters ......................................... SUCCESS [  0.264 s]
[INFO] Converter: Gson .................................... SUCCESS [  1.514 s]
[INFO] Converter: Protocol Buffers ........................ SUCCESS [  1.367 s]
[INFO] Converter: Jackson ................................. SUCCESS [  1.111 s]
[INFO] Converter: Wire Protocol Buffers ................... SUCCESS [  0.927 s]
[INFO] Converter: SimpleXML ............................... SUCCESS [  0.714 s]
[INFO] Converter: Java Scalars ............................ SUCCESS [  1.278 s]
[INFO] Converter: Moshi ................................... SUCCESS [  0.838 s]
[INFO] Retrofit Mock Adapter .............................. SUCCESS [  0.928 s]
[INFO] Samples ............................................ SUCCESS [  1.217 s]
[INFO] ------------------------------------------------------------------------
[INFO] BUILD SUCCESS
[INFO] ------------------------------------------------------------------------
[INFO] Total time: 35.940 s
[INFO] Finished at: 2016-01-17T07:16:36+00:00
[INFO] Final Memory: 42M/371M
[INFO] ------------------------------------------------------------------------
travis_time:end:0a2fc23b:start=1453014958995768114,finish=1453014997260673607,duration=38264905493[0Ktravis_fold:end:install[0Ktravis_time:start:00a655d0[0K$ mvn test -B
Java HotSpot(TM) 64-Bit Server VM warning: ignoring option MaxPermSize=192m; support was removed in 8.0
[INFO] Scanning for projects...
[WARNING] 
[WARNING] Some problems were encountered while building the effective model for com.squareup.retrofit2:samples:jar:2.0.0-SNAPSHOT
[WARNING] 'build.plugins.plugin.version' for org.apache.maven.plugins:maven-deploy-plugin is missing. @ com.squareup.retrofit2:samples:[unknown-version], /home/travis/build/square/retrofit/samples/pom.xml, line 45, column 15
[WARNING] 
[WARNING] It is highly recommended to fix these problems because they threaten the stability of your build.
[WARNING] 
[WARNING] For this reason, future Maven versions might no longer support building such malformed projects.
[WARNING] 
[INFO] ------------------------------------------------------------------------
[INFO] Reactor Build Order:
[INFO] 
[INFO] Retrofit (Parent)
[INFO] Retrofit
[INFO] Adapters
[INFO] Adapter: RxJava
[INFO] Converters
[INFO] Converter: Gson
[INFO] Converter: Protocol Buffers
[INFO] Converter: Jackson
[INFO] Converter: Wire Protocol Buffers
[INFO] Converter: SimpleXML
[INFO] Converter: Java Scalars
[INFO] Converter: Moshi
[INFO] Retrofit Mock Adapter
[INFO] Samples
[INFO]                                                                         
[INFO] ------------------------------------------------------------------------
[INFO] Building Retrofit (Parent) 2.0.0-SNAPSHOT
[INFO] ------------------------------------------------------------------------
[INFO] 
[INFO] --- maven-enforcer-plugin:1.0:enforce (enforce-maven) @ parent ---
[INFO] 
[INFO] --- animal-sniffer-maven-plugin:1.14:check (default) @ parent ---
[INFO] Checking unresolved references to org.codehaus.mojo.signature:java16:1.1
[INFO]                                                                         
[INFO] ------------------------------------------------------------------------
[INFO] Building Retrofit 2.0.0-SNAPSHOT
[INFO] ------------------------------------------------------------------------
[INFO] 
[INFO] --- maven-enforcer-plugin:1.0:enforce (enforce-maven) @ retrofit ---
[INFO] 
[INFO] --- maven-resources-plugin:2.6:resources (default-resources) @ retrofit ---
[INFO] Using 'UTF-8' encoding to copy filtered resources.
[INFO] skip non existing resourceDirectory /home/travis/build/square/retrofit/retrofit/src/main/resources
[INFO] 
[INFO] --- maven-compiler-plugin:3.0:compile (default-compile) @ retrofit ---
[INFO] Changes detected - recompiling the module!
[INFO] Compiling 42 source files to /home/travis/build/square/retrofit/retrofit/target/classes
[WARNING] /home/travis/build/square/retrofit/retrofit/src/main/java/retrofit2/Retrofit.java: Some input files use unchecked or unsafe operations.
[WARNING] /home/travis/build/square/retrofit/retrofit/src/main/java/retrofit2/Retrofit.java: Recompile with -Xlint:unchecked for details.
[INFO] 
[INFO] --- maven-resources-plugin:2.6:testResources (default-testResources) @ retrofit ---
[INFO] Using 'UTF-8' encoding to copy filtered resources.
[INFO] skip non existing resourceDirectory /home/travis/build/square/retrofit/retrofit/src/test/resources
[INFO] 
[INFO] --- maven-compiler-plugin:3.0:testCompile (default-testCompile) @ retrofit ---
[INFO] Changes detected - recompiling the module!
[INFO] Compiling 9 source files to /home/travis/build/square/retrofit/retrofit/target/test-classes
[WARNING] /home/travis/build/square/retrofit/retrofit/src/test/java/retrofit2/RetrofitTest.java: /home/travis/build/square/retrofit/retrofit/src/test/java/retrofit2/RetrofitTest.java uses unchecked or unsafe operations.
[WARNING] /home/travis/build/square/retrofit/retrofit/src/test/java/retrofit2/RetrofitTest.java: Recompile with -Xlint:unchecked for details.
[INFO] 
[INFO] --- maven-surefire-plugin:2.12.4:test (default-test) @ retrofit ---
[INFO] Surefire report directory: /home/travis/build/square/retrofit/retrofit/target/surefire-reports

-------------------------------------------------------
 T E S T S
-------------------------------------------------------
Running retrofit2.CallTest
Jan 17, 2016 7:16:47 AM okhttp3.mockwebserver.MockWebServer$3 execute
INFO: MockWebServer[34904] starting to accept connections
Jan 17, 2016 7:16:48 AM okhttp3.mockwebserver.MockWebServer$3 acceptConnections
INFO: MockWebServer[34904] done accepting connections: Socket closed
Jan 17, 2016 7:16:48 AM okhttp3.mockwebserver.MockWebServer$3 execute
INFO: MockWebServer[60856] starting to accept connections
Jan 17, 2016 7:16:48 AM okhttp3.mockwebserver.MockWebServer$4 processOneRequest
INFO: MockWebServer[60856] received request: GET / HTTP/1.1 and responded: HTTP/1.1 200 OK
Jan 17, 2016 7:16:48 AM okhttp3.mockwebserver.MockWebServer$3 acceptConnections
INFO: MockWebServer[60856] done accepting connections: Socket closed
Jan 17, 2016 7:16:48 AM okhttp3.mockwebserver.MockWebServer$3 execute
INFO: MockWebServer[43515] starting to accept connections
Jan 17, 2016 7:16:48 AM okhttp3.mockwebserver.MockWebServer$4 processOneRequest
INFO: MockWebServer[43515] received request: GET / HTTP/1.1 and responded: HTTP/1.1 404 Client Error
Jan 17, 2016 7:16:48 AM okhttp3.mockwebserver.MockWebServer$3 acceptConnections
INFO: MockWebServer[43515] done accepting connections: Socket closed
Jan 17, 2016 7:16:48 AM okhttp3.mockwebserver.MockWebServer$3 execute
INFO: MockWebServer[36648] starting to accept connections
Jan 17, 2016 7:16:48 AM okhttp3.mockwebserver.MockWebServer$4 processOneRequest
INFO: MockWebServer[36648] received request: POST /Hello HTTP/1.1 and responded: HTTP/1.1 200 OK
Jan 17, 2016 7:16:48 AM okhttp3.mockwebserver.MockWebServer$3 acceptConnections
INFO: MockWebServer[36648] done accepting connections: Socket closed
Jan 17, 2016 7:16:48 AM okhttp3.mockwebserver.MockWebServer$3 execute
INFO: MockWebServer[56369] starting to accept connections
Jan 17, 2016 7:16:48 AM okhttp3.mockwebserver.MockWebServer$3 acceptConnections
INFO: MockWebServer[56369] done accepting connections: Socket closed
Jan 17, 2016 7:16:48 AM okhttp3.mockwebserver.MockWebServer$3 execute
INFO: MockWebServer[57965] starting to accept connections
Jan 17, 2016 7:16:48 AM okhttp3.mockwebserver.MockWebServer$3 acceptConnections
INFO: MockWebServer[57965] done accepting connections: Socket closed
Jan 17, 2016 7:16:48 AM okhttp3.mockwebserver.MockWebServer$3 execute
INFO: MockWebServer[43258] starting to accept connections
Jan 17, 2016 7:16:48 AM okhttp3.mockwebserver.MockWebServer$4 processOneRequest
INFO: MockWebServer[43258] received request: GET / HTTP/1.1 and responded: HTTP/1.1 200 OK
Jan 17, 2016 7:16:48 AM okhttp3.mockwebserver.MockWebServer$3 acceptConnections
INFO: MockWebServer[43258] done accepting connections: Socket closed
Jan 17, 2016 7:16:48 AM okhttp3.mockwebserver.MockWebServer$3 execute
INFO: MockWebServer[35837] starting to accept connections
Jan 17, 2016 7:16:48 AM okhttp3.mockwebserver.MockWebServer$4 processOneRequest
INFO: MockWebServer[35837] received request: GET / HTTP/1.1 and responded: HTTP/1.1 200 OK
Jan 17, 2016 7:16:48 AM okhttp3.mockwebserver.MockWebServer$3 acceptConnections
INFO: MockWebServer[35837] done accepting connections: Socket closed
Jan 17, 2016 7:16:48 AM okhttp3.mockwebserver.MockWebServer$3 execute
INFO: MockWebServer[42438] starting to accept connections
Jan 17, 2016 7:16:48 AM okhttp3.mockwebserver.MockWebServer$3 acceptConnections
INFO: MockWebServer[42438] done accepting connections: Socket closed
Jan 17, 2016 7:16:48 AM okhttp3.mockwebserver.MockWebServer$3 execute
INFO: MockWebServer[36923] starting to accept connections
Jan 17, 2016 7:16:48 AM okhttp3.mockwebserver.MockWebServer$3 acceptConnections
INFO: MockWebServer[36923] done accepting connections: Socket closed
Jan 17, 2016 7:16:48 AM okhttp3.mockwebserver.MockWebServer$4 processOneRequest
INFO: MockWebServer[36923] received request: POST /Hello HTTP/1.1 and responded: HTTP/1.1 200 OK
Jan 17, 2016 7:16:48 AM okhttp3.mockwebserver.MockWebServer$3 execute
INFO: MockWebServer[59778] starting to accept connections
Jan 17, 2016 7:16:48 AM okhttp3.mockwebserver.MockWebServer$4 processOneRequest
INFO: MockWebServer[59778] received request: POST /Hello HTTP/1.1 and responded: HTTP/1.1 200 OK
Jan 17, 2016 7:16:48 AM okhttp3.mockwebserver.MockWebServer$3 acceptConnections
INFO: MockWebServer[59778] done accepting connections: Socket closed
Jan 17, 2016 7:16:48 AM okhttp3.mockwebserver.MockWebServer$3 execute
INFO: MockWebServer[46889] starting to accept connections
Jan 17, 2016 7:16:48 AM okhttp3.mockwebserver.MockWebServer$3 acceptConnections
INFO: MockWebServer[46889] done accepting connections: Socket is closed
Jan 17, 2016 7:16:48 AM okhttp3.mockwebserver.MockWebServer$3 execute
INFO: MockWebServer[60030] starting to accept connections
Jan 17, 2016 7:16:48 AM okhttp3.mockwebserver.MockWebServer$4 processOneRequest
INFO: MockWebServer[60030] received request: GET / HTTP/1.1 and responded: HTTP/1.1 404 Client Error
Jan 17, 2016 7:16:48 AM okhttp3.mockwebserver.MockWebServer$3 acceptConnections
INFO: MockWebServer[60030] done accepting connections: Socket closed
Jan 17, 2016 7:16:48 AM okhttp3.mockwebserver.MockWebServer$3 execute
INFO: MockWebServer[45350] starting to accept connections
Jan 17, 2016 7:16:48 AM okhttp3.mockwebserver.MockWebServer$4 processOneRequest
INFO: MockWebServer[45350] received request: POST / HTTP/1.1 and responded: HTTP/1.1 200 OK
Jan 17, 2016 7:16:48 AM okhttp3.mockwebserver.MockWebServer$3 acceptConnections
INFO: MockWebServer[45350] done accepting connections: Socket closed
Jan 17, 2016 7:16:48 AM okhttp3.mockwebserver.MockWebServer$3 execute
INFO: MockWebServer[55854] starting to accept connections
Jan 17, 2016 7:16:48 AM okhttp3.mockwebserver.MockWebServer$3 acceptConnections
INFO: MockWebServer[55854] done accepting connections: Socket closed
Jan 17, 2016 7:16:48 AM okhttp3.mockwebserver.MockWebServer$4 processOneRequest
INFO: MockWebServer[55854] received request: GET / HTTP/1.1 and responded: HTTP/1.1 204 Nothin
Jan 17, 2016 7:16:48 AM okhttp3.mockwebserver.MockWebServer$3 execute
INFO: MockWebServer[42414] starting to accept connections
Jan 17, 2016 7:16:48 AM okhttp3.mockwebserver.MockWebServer$3 acceptConnections
INFO: MockWebServer[42414] done accepting connections: Socket closed
Jan 17, 2016 7:16:48 AM okhttp3.mockwebserver.MockWebServer$3 execute
INFO: MockWebServer[38687] starting to accept connections
Jan 17, 2016 7:16:48 AM okhttp3.mockwebserver.MockWebServer$4 processOneRequest
INFO: MockWebServer[38687] received request: GET / HTTP/1.1 and responded: HTTP/1.1 200 OK
Jan 17, 2016 7:16:48 AM okhttp3.mockwebserver.MockWebServer$3 acceptConnections
INFO: MockWebServer[38687] done accepting connections: Socket closed
Jan 17, 2016 7:16:48 AM okhttp3.mockwebserver.MockWebServer$3 execute
INFO: MockWebServer[35092] starting to accept connections
Jan 17, 2016 7:16:48 AM okhttp3.mockwebserver.MockWebServer$3 acceptConnections
INFO: MockWebServer[35092] done accepting connections: Socket closed
Jan 17, 2016 7:16:48 AM okhttp3.mockwebserver.MockWebServer$4 processOneRequest
INFO: MockWebServer[35092] received request: POST /Hello HTTP/1.1 and responded: HTTP/1.1 200 OK
Jan 17, 2016 7:16:48 AM okhttp3.mockwebserver.MockWebServer$3 execute
INFO: MockWebServer[44894] starting to accept connections
Jan 17, 2016 7:16:48 AM okhttp3.mockwebserver.MockWebServer$4 processOneRequest
INFO: MockWebServer[44894] received request: GET / HTTP/1.1 and responded: HTTP/1.1 200 OK
Jan 17, 2016 7:16:48 AM okhttp3.mockwebserver.MockWebServer$3 acceptConnections
INFO: MockWebServer[44894] done accepting connections: Socket closed
Jan 17, 2016 7:16:48 AM okhttp3.mockwebserver.MockWebServer$3 execute
INFO: MockWebServer[35895] starting to accept connections
Jan 17, 2016 7:16:48 AM okhttp3.mockwebserver.MockWebServer$4 processOneRequest
INFO: MockWebServer[35895] received request: POST / HTTP/1.1 and responded: HTTP/1.1 200 OK
Jan 17, 2016 7:16:48 AM okhttp3.mockwebserver.MockWebServer$3 acceptConnections
INFO: MockWebServer[35895] done accepting connections: Socket closed
Jan 17, 2016 7:16:48 AM okhttp3.mockwebserver.MockWebServer$3 execute
INFO: MockWebServer[44564] starting to accept connections
Jan 17, 2016 7:16:48 AM okhttp3.mockwebserver.MockWebServer$3 acceptConnections
INFO: MockWebServer[44564] done accepting connections: Socket closed
Jan 17, 2016 7:16:48 AM okhttp3.mockwebserver.MockWebServer$3 execute
INFO: MockWebServer[48394] starting to accept connections
Jan 17, 2016 7:16:48 AM okhttp3.mockwebserver.MockWebServer$3 acceptConnections
INFO: MockWebServer[48394] done accepting connections: Socket is closed
Jan 17, 2016 7:16:48 AM okhttp3.mockwebserver.MockWebServer$3 execute
INFO: MockWebServer[58673] starting to accept connections
Jan 17, 2016 7:16:48 AM okhttp3.mockwebserver.MockWebServer$3 acceptConnections
INFO: MockWebServer[58673] done accepting connections: Socket is closed
Jan 17, 2016 7:16:48 AM okhttp3.mockwebserver.MockWebServer$3 execute
INFO: MockWebServer[40079] starting to accept connections
Jan 17, 2016 7:16:48 AM okhttp3.mockwebserver.MockWebServer$4 processOneRequest
INFO: MockWebServer[40079] received request: GET / HTTP/1.1 and responded: HTTP/1.1 200 OK
Jan 17, 2016 7:16:48 AM okhttp3.mockwebserver.MockWebServer$3 acceptConnections
INFO: MockWebServer[40079] done accepting connections: Socket closed
Jan 17, 2016 7:16:48 AM okhttp3.mockwebserver.MockWebServer$3 execute
INFO: MockWebServer[52137] starting to accept connections
Jan 17, 2016 7:16:48 AM okhttp3.mockwebserver.MockWebServer$4 processOneRequest
INFO: MockWebServer[52137] received request: GET / HTTP/1.1 and responded: HTTP/1.1 200 OK
Jan 17, 2016 7:16:48 AM okhttp3.mockwebserver.MockWebServer$3 acceptConnections
INFO: MockWebServer[52137] done accepting connections: Socket closed
Jan 17, 2016 7:16:48 AM okhttp3.mockwebserver.MockWebServer$3 execute
INFO: MockWebServer[52414] starting to accept connections
Jan 17, 2016 7:16:48 AM okhttp3.mockwebserver.MockWebServer$3 acceptConnections
INFO: MockWebServer[52414] done accepting connections: Socket closed
Jan 17, 2016 7:16:48 AM okhttp3.mockwebserver.MockWebServer$4 processOneRequest
INFO: MockWebServer[52414] received request: GET / HTTP/1.1 and responded: HTTP/1.1 205 Nothin
Jan 17, 2016 7:16:48 AM okhttp3.mockwebserver.MockWebServer$3 execute
INFO: MockWebServer[34416] starting to accept connections
Jan 17, 2016 7:16:48 AM okhttp3.mockwebserver.MockWebServer$4 processOneRequest
INFO: MockWebServer[34416] received request: GET / HTTP/1.1 and responded: HTTP/1.1 200 OK
Jan 17, 2016 7:16:48 AM okhttp3.mockwebserver.MockWebServer$4 processOneRequest
INFO: MockWebServer[34416] received request: GET / HTTP/1.1 and responded: HTTP/1.1 200 OK
Jan 17, 2016 7:16:48 AM okhttp3.mockwebserver.MockWebServer$3 acceptConnections
INFO: MockWebServer[34416] done accepting connections: Socket closed
Jan 17, 2016 7:16:48 AM okhttp3.mockwebserver.MockWebServer$3 execute
INFO: MockWebServer[48658] starting to accept connections
Jan 17, 2016 7:16:48 AM okhttp3.mockwebserver.MockWebServer$4 processOneRequest
INFO: MockWebServer[48658] received request: GET / HTTP/1.1 and responded: HTTP/1.1 200 OK
Jan 17, 2016 7:16:48 AM okhttp3.mockwebserver.MockWebServer$3 acceptConnections
INFO: MockWebServer[48658] done accepting connections: Socket closed
Jan 17, 2016 7:16:48 AM okhttp3.mockwebserver.MockWebServer$3 execute
INFO: MockWebServer[40521] starting to accept connections
Jan 17, 2016 7:16:48 AM okhttp3.mockwebserver.MockWebServer$3 acceptConnections
INFO: MockWebServer[40521] done accepting connections: Socket closed
Jan 17, 2016 7:16:48 AM okhttp3.mockwebserver.MockWebServer$3 execute
INFO: MockWebServer[52040] starting to accept connections
Jan 17, 2016 7:16:48 AM okhttp3.mockwebserver.MockWebServer$3 acceptConnections
INFO: MockWebServer[52040] done accepting connections: Socket closed
Jan 17, 2016 7:16:48 AM okhttp3.mockwebserver.MockWebServer$3 execute
INFO: MockWebServer[45913] starting to accept connections
Jan 17, 2016 7:16:48 AM okhttp3.mockwebserver.MockWebServer$3 acceptConnections
INFO: MockWebServer[45913] done accepting connections: Socket closed
Jan 17, 2016 7:16:48 AM okhttp3.mockwebserver.MockWebServer$3 execute
INFO: MockWebServer[35309] starting to accept connections
Jan 17, 2016 7:16:48 AM okhttp3.mockwebserver.MockWebServer$4 processOneRequest
INFO: MockWebServer[35309] received request: GET / HTTP/1.1 and responded: HTTP/1.1 200 OK
Jan 17, 2016 7:16:48 AM okhttp3.mockwebserver.MockWebServer$3 acceptConnections
INFO: MockWebServer[35309] done accepting connections: Socket closed
Jan 17, 2016 7:16:48 AM okhttp3.mockwebserver.MockWebServer$3 execute
INFO: MockWebServer[48902] starting to accept connections
Jan 17, 2016 7:16:48 AM okhttp3.mockwebserver.MockWebServer$4 processOneRequest
INFO: MockWebServer[48902] received request: GET / HTTP/1.1 and responded: HTTP/1.1 200 OK
Jan 17, 2016 7:16:48 AM okhttp3.mockwebserver.MockWebServer$3 acceptConnections
INFO: MockWebServer[48902] done accepting connections: Socket closed
Jan 17, 2016 7:16:48 AM okhttp3.mockwebserver.MockWebServer$3 execute
INFO: MockWebServer[37341] starting to accept connections
Jan 17, 2016 7:16:48 AM okhttp3.mockwebserver.MockWebServer$4 processOneRequest
INFO: MockWebServer[37341] received request: GET / HTTP/1.1 and responded: HTTP/1.1 200 OK
Jan 17, 2016 7:16:48 AM okhttp3.mockwebserver.MockWebServer$3 acceptConnections
INFO: MockWebServer[37341] done accepting connections: Socket closed
Tests run: 34, Failures: 0, Errors: 0, Skipped: 0, Time elapsed: 0.977 sec
Running retrofit2.RequestBuilderTest
Tests run: 103, Failures: 0, Errors: 0, Skipped: 2, Time elapsed: 0.171 sec
Running retrofit2.ExecutorCallAdapterFactoryTest
Tests run: 7, Failures: 0, Errors: 0, Skipped: 0, Time elapsed: 0.137 sec
Running retrofit2.RequestBuilderAndroidTest
WARNING: No manifest file found at ./AndroidManifest.xml.Falling back to the Android OS resources only.
To remove this warning, annotate your test class with @Config(manifest=Config.NONE).
WARNING: No manifest file found at ./AndroidManifest.xml.Falling back to the Android OS resources only.
To remove this warning, annotate your test class with @Config(manifest=Config.NONE).
Tests run: 2, Failures: 0, Errors: 0, Skipped: 0, Time elapsed: 7.095 sec
Running retrofit2.ResponseTest
Tests run: 12, Failures: 0, Errors: 0, Skipped: 0, Time elapsed: 0.034 sec
Running retrofit2.RequestFactoryParserTest
Tests run: 1, Failures: 0, Errors: 0, Skipped: 0, Time elapsed: 0.006 sec
Running retrofit2.RetrofitTest
Jan 17, 2016 7:16:56 AM okhttp3.mockwebserver.MockWebServer$3 execute
INFO: MockWebServer[41954] starting to accept connections
Jan 17, 2016 7:16:56 AM okhttp3.mockwebserver.MockWebServer$3 acceptConnections
INFO: MockWebServer[41954] done accepting connections: Socket closed
Jan 17, 2016 7:16:56 AM okhttp3.mockwebserver.MockWebServer$3 execute
INFO: MockWebServer[47139] starting to accept connections
Jan 17, 2016 7:16:56 AM okhttp3.mockwebserver.MockWebServer$3 acceptConnections
INFO: MockWebServer[47139] done accepting connections: Socket closed
Jan 17, 2016 7:16:56 AM okhttp3.mockwebserver.MockWebServer$3 execute
INFO: MockWebServer[50789] starting to accept connections
Jan 17, 2016 7:16:57 AM okhttp3.mockwebserver.MockWebServer$3 acceptConnections
INFO: MockWebServer[50789] done accepting connections: Socket closed
Jan 17, 2016 7:16:57 AM okhttp3.mockwebserver.MockWebServer$3 execute
INFO: MockWebServer[56256] starting to accept connections
Jan 17, 2016 7:16:57 AM okhttp3.mockwebserver.MockWebServer$3 acceptConnections
INFO: MockWebServer[56256] done accepting connections: Socket is closed
Jan 17, 2016 7:16:57 AM okhttp3.mockwebserver.MockWebServer$3 execute
INFO: MockWebServer[52744] starting to accept connections
Jan 17, 2016 7:16:57 AM okhttp3.mockwebserver.MockWebServer$4 processOneRequest
INFO: MockWebServer[52744] received request: GET / HTTP/1.1 and responded: HTTP/1.1 200 OK
Jan 17, 2016 7:16:57 AM okhttp3.mockwebserver.MockWebServer$3 acceptConnections
INFO: MockWebServer[52744] done accepting connections: Socket closed
Jan 17, 2016 7:16:57 AM okhttp3.mockwebserver.MockWebServer$3 execute
INFO: MockWebServer[37068] starting to accept connections
Jan 17, 2016 7:16:57 AM okhttp3.mockwebserver.MockWebServer$3 acceptConnections
INFO: MockWebServer[37068] done accepting connections: Socket is closed
Jan 17, 2016 7:16:57 AM okhttp3.mockwebserver.MockWebServer$3 execute
INFO: MockWebServer[45223] starting to accept connections
Jan 17, 2016 7:16:57 AM okhttp3.mockwebserver.MockWebServer$3 acceptConnections
INFO: MockWebServer[45223] done accepting connections: Socket is closed
Jan 17, 2016 7:16:57 AM okhttp3.mockwebserver.MockWebServer$3 execute
INFO: MockWebServer[54726] starting to accept connections
Jan 17, 2016 7:16:57 AM okhttp3.mockwebserver.MockWebServer$3 acceptConnections
INFO: MockWebServer[54726] done accepting connections: Socket is closed
Jan 17, 2016 7:16:57 AM okhttp3.mockwebserver.MockWebServer$3 execute
INFO: MockWebServer[34848] starting to accept connections
Jan 17, 2016 7:16:57 AM okhttp3.mockwebserver.MockWebServer$3 acceptConnections
INFO: MockWebServer[34848] done accepting connections: Socket is closed
Jan 17, 2016 7:16:57 AM okhttp3.mockwebserver.MockWebServer$3 execute
INFO: MockWebServer[43738] starting to accept connections
Jan 17, 2016 7:16:57 AM okhttp3.mockwebserver.MockWebServer$3 acceptConnections
INFO: MockWebServer[43738] done accepting connections: Socket is closed
Jan 17, 2016 7:16:57 AM okhttp3.mockwebserver.MockWebServer$3 execute
INFO: MockWebServer[48913] starting to accept connections
Jan 17, 2016 7:16:57 AM okhttp3.mockwebserver.MockWebServer$3 acceptConnections
INFO: MockWebServer[48913] done accepting connections: Socket closed
Jan 17, 2016 7:16:57 AM okhttp3.mockwebserver.MockWebServer$3 execute
INFO: MockWebServer[39621] starting to accept connections
Jan 17, 2016 7:16:57 AM okhttp3.mockwebserver.MockWebServer$3 acceptConnections
INFO: MockWebServer[39621] done accepting connections: Socket closed
Jan 17, 2016 7:16:57 AM okhttp3.mockwebserver.MockWebServer$3 execute
INFO: MockWebServer[50959] starting to accept connections
Jan 17, 2016 7:16:57 AM okhttp3.mockwebserver.MockWebServer$3 acceptConnections
INFO: MockWebServer[50959] done accepting connections: Socket closed
Jan 17, 2016 7:16:57 AM okhttp3.mockwebserver.MockWebServer$3 execute
INFO: MockWebServer[52188] starting to accept connections
Jan 17, 2016 7:16:57 AM okhttp3.mockwebserver.MockWebServer$3 acceptConnections
INFO: MockWebServer[52188] done accepting connections: Socket closed
Jan 17, 2016 7:16:57 AM okhttp3.mockwebserver.MockWebServer$4 processOneRequest
INFO: MockWebServer[52188] received request: GET / HTTP/1.1 and responded: HTTP/1.1 200 OK
Jan 17, 2016 7:16:57 AM okhttp3.mockwebserver.MockWebServer$3 execute
INFO: MockWebServer[36040] starting to accept connections
Jan 17, 2016 7:16:57 AM okhttp3.mockwebserver.MockWebServer$3 acceptConnections
INFO: MockWebServer[36040] done accepting connections: Socket is closed
Jan 17, 2016 7:16:57 AM okhttp3.mockwebserver.MockWebServer$3 execute
INFO: MockWebServer[35674] starting to accept connections
Jan 17, 2016 7:16:57 AM okhttp3.mockwebserver.MockWebServer$3 acceptConnections
INFO: MockWebServer[35674] done accepting connections: Socket is closed
Jan 17, 2016 7:16:57 AM okhttp3.mockwebserver.MockWebServer$3 execute
INFO: MockWebServer[34735] starting to accept connections
Jan 17, 2016 7:16:57 AM okhttp3.mockwebserver.MockWebServer$3 acceptConnections
INFO: MockWebServer[34735] done accepting connections: Socket closed
Jan 17, 2016 7:16:57 AM okhttp3.mockwebserver.MockWebServer$4 processOneRequest
INFO: MockWebServer[34735] received request: GET / HTTP/1.1 and responded: HTTP/1.1 200 OK
Jan 17, 2016 7:16:57 AM okhttp3.mockwebserver.MockWebServer$3 execute
INFO: MockWebServer[37233] starting to accept connections
Jan 17, 2016 7:16:57 AM okhttp3.mockwebserver.MockWebServer$3 acceptConnections
INFO: MockWebServer[37233] done accepting connections: Socket is closed
Jan 17, 2016 7:16:58 AM okhttp3.mockwebserver.MockWebServer$3 execute
INFO: MockWebServer[40508] starting to accept connections
Jan 17, 2016 7:16:58 AM okhttp3.mockwebserver.MockWebServer$4 processOneRequest
INFO: MockWebServer[40508] received request: POST / HTTP/1.1 and responded: HTTP/1.1 200 OK
Jan 17, 2016 7:16:58 AM okhttp3.mockwebserver.MockWebServer$3 acceptConnections
INFO: MockWebServer[40508] done accepting connections: Socket closed
Jan 17, 2016 7:16:58 AM okhttp3.mockwebserver.MockWebServer$3 execute
INFO: MockWebServer[36265] starting to accept connections
Jan 17, 2016 7:16:58 AM okhttp3.mockwebserver.MockWebServer$3 acceptConnections
INFO: MockWebServer[36265] done accepting connections: Socket is closed
Jan 17, 2016 7:16:58 AM okhttp3.mockwebserver.MockWebServer$3 execute
INFO: MockWebServer[37071] starting to accept connections
Jan 17, 2016 7:16:58 AM okhttp3.mockwebserver.MockWebServer$3 acceptConnections
INFO: MockWebServer[37071] done accepting connections: Socket closed
Jan 17, 2016 7:16:58 AM okhttp3.mockwebserver.MockWebServer$3 execute
INFO: MockWebServer[39182] starting to accept connections
Jan 17, 2016 7:16:58 AM okhttp3.mockwebserver.MockWebServer$3 acceptConnections
INFO: MockWebServer[39182] done accepting connections: Socket is closed
Jan 17, 2016 7:16:58 AM okhttp3.mockwebserver.MockWebServer$3 execute
INFO: MockWebServer[58969] starting to accept connections
Jan 17, 2016 7:16:58 AM okhttp3.mockwebserver.MockWebServer$3 acceptConnections
INFO: MockWebServer[58969] done accepting connections: Socket closed
Jan 17, 2016 7:16:58 AM okhttp3.mockwebserver.MockWebServer$3 execute
INFO: MockWebServer[59620] starting to accept connections
Jan 17, 2016 7:16:58 AM okhttp3.mockwebserver.MockWebServer$3 acceptConnections
INFO: MockWebServer[59620] done accepting connections: Socket is closed
Jan 17, 2016 7:16:58 AM okhttp3.mockwebserver.MockWebServer$3 execute
INFO: MockWebServer[59259] starting to accept connections
Jan 17, 2016 7:16:58 AM okhttp3.mockwebserver.MockWebServer$3 acceptConnections
INFO: MockWebServer[59259] done accepting connections: Socket is closed
Jan 17, 2016 7:16:58 AM okhttp3.mockwebserver.MockWebServer$3 execute
INFO: MockWebServer[35602] starting to accept connections
Jan 17, 2016 7:16:58 AM okhttp3.mockwebserver.MockWebServer$4 processOneRequest
INFO: MockWebServer[35602] received request: GET / HTTP/1.1 and responded: HTTP/1.1 200 OK
Jan 17, 2016 7:16:58 AM okhttp3.mockwebserver.MockWebServer$3 acceptConnections
INFO: MockWebServer[35602] done accepting connections: Socket closed
Jan 17, 2016 7:16:58 AM okhttp3.mockwebserver.MockWebServer$3 execute
INFO: MockWebServer[37441] starting to accept connections
Jan 17, 2016 7:16:58 AM okhttp3.mockwebserver.MockWebServer$3 acceptConnections
INFO: MockWebServer[37441] done accepting connections: Socket is closed
Jan 17, 2016 7:16:58 AM okhttp3.mockwebserver.MockWebServer$3 execute
INFO: MockWebServer[33351] starting to accept connections
Jan 17, 2016 7:16:58 AM okhttp3.mockwebserver.MockWebServer$3 acceptConnections
INFO: MockWebServer[33351] done accepting connections: Socket closed
Jan 17, 2016 7:16:58 AM okhttp3.mockwebserver.MockWebServer$3 execute
INFO: MockWebServer[46332] starting to accept connections
Jan 17, 2016 7:16:58 AM okhttp3.mockwebserver.MockWebServer$3 acceptConnections
INFO: MockWebServer[46332] done accepting connections: Socket closed
Jan 17, 2016 7:16:58 AM okhttp3.mockwebserver.MockWebServer$3 execute
INFO: MockWebServer[55917] starting to accept connections
Jan 17, 2016 7:16:58 AM okhttp3.mockwebserver.MockWebServer$3 acceptConnections
INFO: MockWebServer[55917] done accepting connections: Socket closed
Jan 17, 2016 7:16:58 AM okhttp3.mockwebserver.MockWebServer$3 execute
INFO: MockWebServer[41417] starting to accept connections
Jan 17, 2016 7:16:58 AM okhttp3.mockwebserver.MockWebServer$3 acceptConnections
INFO: MockWebServer[41417] done accepting connections: Socket is closed
Jan 17, 2016 7:16:58 AM okhttp3.mockwebserver.MockWebServer$3 execute
INFO: MockWebServer[34696] starting to accept connections
Jan 17, 2016 7:16:58 AM okhttp3.mockwebserver.MockWebServer$3 acceptConnections
INFO: MockWebServer[34696] done accepting connections: Socket is closed
Jan 17, 2016 7:16:58 AM okhttp3.mockwebserver.MockWebServer$3 execute
INFO: MockWebServer[51948] starting to accept connections
Jan 17, 2016 7:16:58 AM okhttp3.mockwebserver.MockWebServer$3 acceptConnections
INFO: MockWebServer[51948] done accepting connections: Socket closed
Jan 17, 2016 7:16:58 AM okhttp3.mockwebserver.MockWebServer$3 execute
INFO: MockWebServer[51175] starting to accept connections
Jan 17, 2016 7:16:58 AM okhttp3.mockwebserver.MockWebServer$3 acceptConnections
INFO: MockWebServer[51175] done accepting connections: Socket closed
Jan 17, 2016 7:16:58 AM okhttp3.mockwebserver.MockWebServer$3 execute
INFO: MockWebServer[52273] starting to accept connections
Jan 17, 2016 7:16:58 AM okhttp3.mockwebserver.MockWebServer$3 acceptConnections
INFO: MockWebServer[52273] done accepting connections: Socket closed
Jan 17, 2016 7:16:58 AM okhttp3.mockwebserver.MockWebServer$3 execute
INFO: MockWebServer[35079] starting to accept connections
Jan 17, 2016 7:16:58 AM okhttp3.mockwebserver.MockWebServer$3 acceptConnections
INFO: MockWebServer[35079] done accepting connections: Socket closed
Jan 17, 2016 7:16:58 AM okhttp3.mockwebserver.MockWebServer$3 execute
INFO: MockWebServer[58049] starting to accept connections
Jan 17, 2016 7:16:58 AM okhttp3.mockwebserver.MockWebServer$3 acceptConnections
INFO: MockWebServer[58049] done accepting connections: Socket closed
Jan 17, 2016 7:16:58 AM okhttp3.mockwebserver.MockWebServer$3 execute
INFO: MockWebServer[46854] starting to accept connections
Jan 17, 2016 7:16:58 AM okhttp3.mockwebserver.MockWebServer$3 acceptConnections
INFO: MockWebServer[46854] done accepting connections: Socket closed
Jan 17, 2016 7:16:58 AM okhttp3.mockwebserver.MockWebServer$3 execute
INFO: MockWebServer[47500] starting to accept connections
Jan 17, 2016 7:16:58 AM okhttp3.mockwebserver.MockWebServer$3 acceptConnections
INFO: MockWebServer[47500] done accepting connections: Socket closed
Jan 17, 2016 7:16:58 AM okhttp3.mockwebserver.MockWebServer$3 execute
INFO: MockWebServer[50188] starting to accept connections
Jan 17, 2016 7:16:58 AM okhttp3.mockwebserver.MockWebServer$3 acceptConnections
INFO: MockWebServer[50188] done accepting connections: Socket is closed
Jan 17, 2016 7:16:58 AM okhttp3.mockwebserver.MockWebServer$3 execute
INFO: MockWebServer[44121] starting to accept connections
Jan 17, 2016 7:16:58 AM okhttp3.mockwebserver.MockWebServer$3 acceptConnections
INFO: MockWebServer[44121] done accepting connections: Socket is closed
Jan 17, 2016 7:16:58 AM okhttp3.mockwebserver.MockWebServer$3 execute
INFO: MockWebServer[38711] starting to accept connections
Jan 17, 2016 7:16:58 AM okhttp3.mockwebserver.MockWebServer$3 acceptConnections
INFO: MockWebServer[38711] done accepting connections: Socket is closed
Jan 17, 2016 7:16:58 AM okhttp3.mockwebserver.MockWebServer$3 execute
INFO: MockWebServer[37256] starting to accept connections
Jan 17, 2016 7:16:58 AM okhttp3.mockwebserver.MockWebServer$3 acceptConnections
INFO: MockWebServer[37256] done accepting connections: Socket is closed
Jan 17, 2016 7:16:58 AM okhttp3.mockwebserver.MockWebServer$3 execute
INFO: MockWebServer[48000] starting to accept connections
Jan 17, 2016 7:16:58 AM okhttp3.mockwebserver.MockWebServer$3 acceptConnections
INFO: MockWebServer[48000] done accepting connections: Socket is closed
Jan 17, 2016 7:16:58 AM okhttp3.mockwebserver.MockWebServer$3 execute
INFO: MockWebServer[42222] starting to accept connections
Jan 17, 2016 7:16:58 AM okhttp3.mockwebserver.MockWebServer$3 acceptConnections
INFO: MockWebServer[42222] done accepting connections: Socket is closed
Jan 17, 2016 7:16:58 AM okhttp3.mockwebserver.MockWebServer$3 execute
INFO: MockWebServer[46098] starting to accept connections
Jan 17, 2016 7:16:58 AM okhttp3.mockwebserver.MockWebServer$3 acceptConnections
INFO: MockWebServer[46098] done accepting connections: Socket is closed
Jan 17, 2016 7:16:58 AM okhttp3.mockwebserver.MockWebServer$3 execute
INFO: MockWebServer[43744] starting to accept connections
Jan 17, 2016 7:16:58 AM okhttp3.mockwebserver.MockWebServer$3 acceptConnections
INFO: MockWebServer[43744] done accepting connections: Socket is closed
Jan 17, 2016 7:16:58 AM okhttp3.mockwebserver.MockWebServer$3 execute
INFO: MockWebServer[33193] starting to accept connections
Jan 17, 2016 7:16:58 AM okhttp3.mockwebserver.MockWebServer$3 acceptConnections
INFO: MockWebServer[33193] done accepting connections: Socket is closed
Jan 17, 2016 7:16:58 AM okhttp3.mockwebserver.MockWebServer$3 execute
INFO: MockWebServer[47861] starting to accept connections
Jan 17, 2016 7:16:58 AM okhttp3.mockwebserver.MockWebServer$3 acceptConnections
INFO: MockWebServer[47861] done accepting connections: Socket closed
Jan 17, 2016 7:16:58 AM okhttp3.mockwebserver.MockWebServer$3 execute
INFO: MockWebServer[50402] starting to accept connections
Jan 17, 2016 7:16:58 AM okhttp3.mockwebserver.MockWebServer$3 acceptConnections
INFO: MockWebServer[50402] done accepting connections: Socket closed
Jan 17, 2016 7:16:58 AM okhttp3.mockwebserver.MockWebServer$3 execute
INFO: MockWebServer[35019] starting to accept connections
Jan 17, 2016 7:16:58 AM okhttp3.mockwebserver.MockWebServer$3 acceptConnections
INFO: MockWebServer[35019] done accepting connections: Socket is closed
Jan 17, 2016 7:16:58 AM okhttp3.mockwebserver.MockWebServer$3 execute
INFO: MockWebServer[51478] starting to accept connections
Jan 17, 2016 7:16:58 AM okhttp3.mockwebserver.MockWebServer$3 acceptConnections
INFO: MockWebServer[51478] done accepting connections: Socket is closed
Jan 17, 2016 7:16:58 AM okhttp3.mockwebserver.MockWebServer$3 execute
INFO: MockWebServer[51509] starting to accept connections
Jan 17, 2016 7:16:58 AM okhttp3.mockwebserver.MockWebServer$3 acceptConnections
INFO: MockWebServer[51509] done accepting connections: Socket closed
Jan 17, 2016 7:16:58 AM okhttp3.mockwebserver.MockWebServer$3 execute
INFO: MockWebServer[51097] starting to accept connections
Jan 17, 2016 7:16:58 AM okhttp3.mockwebserver.MockWebServer$3 acceptConnections
INFO: MockWebServer[51097] done accepting connections: Socket is closed
Jan 17, 2016 7:16:58 AM okhttp3.mockwebserver.MockWebServer$3 execute
INFO: MockWebServer[45349] starting to accept connections
Jan 17, 2016 7:16:58 AM okhttp3.mockwebserver.MockWebServer$3 acceptConnections
INFO: MockWebServer[45349] done accepting connections: Socket closed
Jan 17, 2016 7:16:58 AM okhttp3.mockwebserver.MockWebServer$3 execute
INFO: MockWebServer[40217] starting to accept connections
Jan 17, 2016 7:16:58 AM okhttp3.mockwebserver.MockWebServer$3 acceptConnections
INFO: MockWebServer[40217] done accepting connections: Socket closed
Jan 17, 2016 7:16:58 AM okhttp3.mockwebserver.MockWebServer$3 execute
INFO: MockWebServer[54479] starting to accept connections
Jan 17, 2016 7:16:58 AM okhttp3.mockwebserver.MockWebServer$3 acceptConnections
INFO: MockWebServer[54479] done accepting connections: Socket closed
Jan 17, 2016 7:16:58 AM okhttp3.mockwebserver.MockWebServer$3 execute
INFO: MockWebServer[56194] starting to accept connections
Jan 17, 2016 7:16:58 AM okhttp3.mockwebserver.MockWebServer$3 acceptConnections
INFO: MockWebServer[56194] done accepting connections: Socket is closed
Jan 17, 2016 7:16:58 AM okhttp3.mockwebserver.MockWebServer$3 execute
INFO: MockWebServer[53050] starting to accept connections
Jan 17, 2016 7:16:58 AM okhttp3.mockwebserver.MockWebServer$3 acceptConnections
INFO: MockWebServer[53050] done accepting connections: Socket closed
Jan 17, 2016 7:16:58 AM okhttp3.mockwebserver.MockWebServer$3 execute
INFO: MockWebServer[54862] starting to accept connections
Jan 17, 2016 7:16:58 AM okhttp3.mockwebserver.MockWebServer$3 acceptConnections
INFO: MockWebServer[54862] done accepting connections: Socket closed
Jan 17, 2016 7:16:58 AM okhttp3.mockwebserver.MockWebServer$3 execute
INFO: MockWebServer[43720] starting to accept connections
Jan 17, 2016 7:16:58 AM okhttp3.mockwebserver.MockWebServer$3 acceptConnections
INFO: MockWebServer[43720] done accepting connections: Socket is closed
Tests run: 61, Failures: 0, Errors: 0, Skipped: 0, Time elapsed: 2.27 sec

Results :

Tests run: 220, Failures: 0, Errors: 0, Skipped: 2

[INFO] 
[INFO] --- animal-sniffer-maven-plugin:1.14:check (default) @ retrofit ---
[INFO] Checking unresolved references to org.codehaus.mojo.signature:java16:1.1
[INFO]                                                                         
[INFO] ------------------------------------------------------------------------
[INFO] Building Adapters 2.0.0-SNAPSHOT
[INFO] ------------------------------------------------------------------------
[INFO] 
[INFO] --- maven-enforcer-plugin:1.0:enforce (enforce-maven) @ retrofit-adapters ---
[INFO] 
[INFO] --- animal-sniffer-maven-plugin:1.14:check (default) @ retrofit-adapters ---
[INFO] Checking unresolved references to org.codehaus.mojo.signature:java16:1.1
[INFO]                                                                         
[INFO] ------------------------------------------------------------------------
[INFO] Building Adapter: RxJava 2.0.0-SNAPSHOT
[INFO] ------------------------------------------------------------------------
[INFO] 
[INFO] --- maven-enforcer-plugin:1.0:enforce (enforce-maven) @ adapter-rxjava ---
[INFO] 
[INFO] --- maven-resources-plugin:2.6:resources (default-resources) @ adapter-rxjava ---
[INFO] Using 'UTF-8' encoding to copy filtered resources.
[INFO] skip non existing resourceDirectory /home/travis/build/square/retrofit/retrofit-adapters/rxjava/src/main/resources
[INFO] 
[INFO] --- maven-compiler-plugin:3.0:compile (default-compile) @ adapter-rxjava ---
[INFO] Changes detected - recompiling the module!
[INFO] Compiling 4 source files to /home/travis/build/square/retrofit/retrofit-adapters/rxjava/target/classes
[INFO] 
[INFO] --- maven-resources-plugin:2.6:testResources (default-testResources) @ adapter-rxjava ---
[INFO] Using 'UTF-8' encoding to copy filtered resources.
[INFO] skip non existing resourceDirectory /home/travis/build/square/retrofit/retrofit-adapters/rxjava/src/test/resources
[INFO] 
[INFO] --- maven-compiler-plugin:3.0:testCompile (default-testCompile) @ adapter-rxjava ---
[INFO] Changes detected - recompiling the module!
[INFO] Compiling 2 source files to /home/travis/build/square/retrofit/retrofit-adapters/rxjava/target/test-classes
[INFO] 
[INFO] --- maven-surefire-plugin:2.12.4:test (default-test) @ adapter-rxjava ---
[INFO] Surefire report directory: /home/travis/build/square/retrofit/retrofit-adapters/rxjava/target/surefire-reports

-------------------------------------------------------
 T E S T S
-------------------------------------------------------
Running retrofit2.ResultTest
Tests run: 4, Failures: 0, Errors: 0, Skipped: 0, Time elapsed: 0.253 sec
Running retrofit2.RxJavaCallAdapterFactoryTest
Jan 17, 2016 7:17:01 AM okhttp3.mockwebserver.MockWebServer$3 execute
INFO: MockWebServer[48161] starting to accept connections
Jan 17, 2016 7:17:02 AM okhttp3.mockwebserver.MockWebServer$4 processConnection
WARNING: MockWebServer[48161] connection from /127.0.0.1 didn't make a request
Jan 17, 2016 7:17:02 AM okhttp3.mockwebserver.MockWebServer$3 acceptConnections
INFO: MockWebServer[48161] done accepting connections: Socket closed
Jan 17, 2016 7:17:02 AM okhttp3.mockwebserver.MockWebServer$3 execute
INFO: MockWebServer[56826] starting to accept connections
Jan 17, 2016 7:17:02 AM okhttp3.mockwebserver.MockWebServer$3 acceptConnections
INFO: MockWebServer[56826] done accepting connections: Socket closed
Jan 17, 2016 7:17:02 AM okhttp3.mockwebserver.MockWebServer$4 processOneRequest
INFO: MockWebServer[56826] received request: GET / HTTP/1.1 and responded: HTTP/1.1 200 OK
Jan 17, 2016 7:17:02 AM okhttp3.mockwebserver.MockWebServer$3 execute
INFO: MockWebServer[59498] starting to accept connections
Jan 17, 2016 7:17:02 AM okhttp3.mockwebserver.MockWebServer$4 processOneRequest
INFO: MockWebServer[59498] received request: GET / HTTP/1.1 and responded: HTTP/1.1 404 Client Error
Jan 17, 2016 7:17:02 AM okhttp3.mockwebserver.MockWebServer$3 acceptConnections
INFO: MockWebServer[59498] done accepting connections: Socket closed
Jan 17, 2016 7:17:02 AM okhttp3.mockwebserver.MockWebServer$3 execute
INFO: MockWebServer[46721] starting to accept connections
Jan 17, 2016 7:17:02 AM okhttp3.mockwebserver.MockWebServer$3 acceptConnections
INFO: MockWebServer[46721] done accepting connections: Socket is closed
Jan 17, 2016 7:17:02 AM okhttp3.mockwebserver.MockWebServer$3 execute
INFO: MockWebServer[47057] starting to accept connections
Jan 17, 2016 7:17:02 AM okhttp3.mockwebserver.MockWebServer$3 acceptConnections
INFO: MockWebServer[47057] done accepting connections: Socket closed
Jan 17, 2016 7:17:02 AM okhttp3.mockwebserver.MockWebServer$4 processOneRequest
INFO: MockWebServer[47057] received request: GET / HTTP/1.1 and responded: HTTP/1.1 200 OK
Jan 17, 2016 7:17:02 AM okhttp3.mockwebserver.MockWebServer$3 execute
INFO: MockWebServer[36810] starting to accept connections
Jan 17, 2016 7:17:02 AM okhttp3.mockwebserver.MockWebServer$3 acceptConnections
INFO: MockWebServer[36810] done accepting connections: Socket closed
Jan 17, 2016 7:17:02 AM okhttp3.mockwebserver.MockWebServer$4 processOneRequest
INFO: MockWebServer[36810] received request: GET / HTTP/1.1 and responded: HTTP/1.1 404 Client Error
Jan 17, 2016 7:17:02 AM okhttp3.mockwebserver.MockWebServer$3 execute
INFO: MockWebServer[51395] starting to accept connections
Jan 17, 2016 7:17:02 AM okhttp3.mockwebserver.MockWebServer$3 acceptConnections
INFO: MockWebServer[51395] done accepting connections: Socket closed
Jan 17, 2016 7:17:02 AM okhttp3.mockwebserver.MockWebServer$4 processConnection
WARNING: MockWebServer[51395] connection from /127.0.0.1 didn't make a request
Jan 17, 2016 7:17:02 AM okhttp3.mockwebserver.MockWebServer$3 execute
INFO: MockWebServer[55416] starting to accept connections
Jan 17, 2016 7:17:02 AM okhttp3.mockwebserver.MockWebServer$3 acceptConnections
INFO: MockWebServer[55416] done accepting connections: Socket closed
Jan 17, 2016 7:17:02 AM okhttp3.mockwebserver.MockWebServer$4 processOneRequest
INFO: MockWebServer[55416] received request: GET / HTTP/1.1 and responded: HTTP/1.1 200 OK
Jan 17, 2016 7:17:02 AM okhttp3.mockwebserver.MockWebServer$3 execute
INFO: MockWebServer[57257] starting to accept connections
Jan 17, 2016 7:17:02 AM okhttp3.mockwebserver.MockWebServer$3 acceptConnections
INFO: MockWebServer[57257] done accepting connections: Socket closed
Jan 17, 2016 7:17:02 AM okhttp3.mockwebserver.MockWebServer$4 processOneRequest
INFO: MockWebServer[57257] received request: GET / HTTP/1.1 and responded: HTTP/1.1 404 Client Error
Jan 17, 2016 7:17:02 AM okhttp3.mockwebserver.MockWebServer$3 execute
INFO: MockWebServer[41582] starting to accept connections
Jan 17, 2016 7:17:02 AM okhttp3.mockwebserver.MockWebServer$3 acceptConnections
INFO: MockWebServer[41582] done accepting connections: Socket closed
Jan 17, 2016 7:17:02 AM okhttp3.mockwebserver.MockWebServer$4 processConnection
WARNING: MockWebServer[41582] connection from /127.0.0.1 didn't make a request
Jan 17, 2016 7:17:02 AM okhttp3.mockwebserver.MockWebServer$3 execute
INFO: MockWebServer[47017] starting to accept connections
Jan 17, 2016 7:17:02 AM okhttp3.mockwebserver.MockWebServer$4 processOneRequest
INFO: MockWebServer[47017] received request: GET / HTTP/1.1 and responded: HTTP/1.1 200 OK
Jan 17, 2016 7:17:02 AM okhttp3.mockwebserver.MockWebServer$3 acceptConnections
INFO: MockWebServer[47017] done accepting connections: Socket closed
Jan 17, 2016 7:17:02 AM okhttp3.mockwebserver.MockWebServer$3 execute
INFO: MockWebServer[59781] starting to accept connections
Jan 17, 2016 7:17:02 AM okhttp3.mockwebserver.MockWebServer$3 acceptConnections
INFO: MockWebServer[59781] done accepting connections: Socket closed
Jan 17, 2016 7:17:02 AM okhttp3.mockwebserver.MockWebServer$4 processOneRequest
INFO: MockWebServer[59781] received request: GET / HTTP/1.1 and responded: HTTP/1.1 404 Client Error
Jan 17, 2016 7:17:02 AM okhttp3.mockwebserver.MockWebServer$3 execute
INFO: MockWebServer[33386] starting to accept connections
Jan 17, 2016 7:17:02 AM okhttp3.mockwebserver.MockWebServer$3 acceptConnections
INFO: MockWebServer[33386] done accepting connections: Socket is closed
Jan 17, 2016 7:17:02 AM okhttp3.mockwebserver.MockWebServer$3 execute
INFO: MockWebServer[48246] starting to accept connections
Jan 17, 2016 7:17:02 AM okhttp3.mockwebserver.MockWebServer$3 acceptConnections
INFO: MockWebServer[48246] done accepting connections: Socket closed
Jan 17, 2016 7:17:02 AM okhttp3.mockwebserver.MockWebServer$4 processConnection
WARNING: MockWebServer[48246] connection from /127.0.0.1 didn't make a request
Jan 17, 2016 7:17:02 AM okhttp3.mockwebserver.MockWebServer$3 execute
INFO: MockWebServer[43141] starting to accept connections
Jan 17, 2016 7:17:02 AM okhttp3.mockwebserver.MockWebServer$3 acceptConnections
INFO: MockWebServer[43141] done accepting connections: Socket closed
Jan 17, 2016 7:17:02 AM okhttp3.mockwebserver.MockWebServer$4 processConnection
WARNING: MockWebServer[43141] connection from /127.0.0.1 didn't make a request
Jan 17, 2016 7:17:02 AM okhttp3.mockwebserver.MockWebServer$3 execute
INFO: MockWebServer[60506] starting to accept connections
Jan 17, 2016 7:17:02 AM okhttp3.mockwebserver.MockWebServer$4 processOneRequest
INFO: MockWebServer[60506] received request: GET / HTTP/1.1 and responded: HTTP/1.1 200 OK
Jan 17, 2016 7:17:02 AM okhttp3.mockwebserver.MockWebServer$3 acceptConnections
INFO: MockWebServer[60506] done accepting connections: Socket closed
Jan 17, 2016 7:17:02 AM okhttp3.mockwebserver.MockWebServer$3 execute
INFO: MockWebServer[54147] starting to accept connections
Jan 17, 2016 7:17:02 AM okhttp3.mockwebserver.MockWebServer$3 acceptConnections
INFO: MockWebServer[54147] done accepting connections: Socket closed
Jan 17, 2016 7:17:02 AM okhttp3.mockwebserver.MockWebServer$4 processOneRequest
INFO: MockWebServer[54147] received request: GET / HTTP/1.1 and responded: HTTP/1.1 404 Client Error
Jan 17, 2016 7:17:02 AM okhttp3.mockwebserver.MockWebServer$3 execute
INFO: MockWebServer[43761] starting to accept connections
Jan 17, 2016 7:17:02 AM okhttp3.mockwebserver.MockWebServer$3 acceptConnections
INFO: MockWebServer[43761] done accepting connections: Socket closed
Jan 17, 2016 7:17:02 AM okhttp3.mockwebserver.MockWebServer$3 execute
INFO: MockWebServer[53092] starting to accept connections
Jan 17, 2016 7:17:02 AM okhttp3.mockwebserver.MockWebServer$3 acceptConnections
INFO: MockWebServer[53092] done accepting connections: Socket is closed
Jan 17, 2016 7:17:02 AM okhttp3.mockwebserver.MockWebServer$3 execute
INFO: MockWebServer[33600] starting to accept connections
Jan 17, 2016 7:17:02 AM okhttp3.mockwebserver.MockWebServer$4 processConnection
WARNING: MockWebServer[33600] connection from /127.0.0.1 didn't make a request
Jan 17, 2016 7:17:02 AM okhttp3.mockwebserver.MockWebServer$3 acceptConnections
INFO: MockWebServer[33600] done accepting connections: Socket closed
Jan 17, 2016 7:17:02 AM okhttp3.mockwebserver.MockWebServer$3 execute
INFO: MockWebServer[52566] starting to accept connections
Jan 17, 2016 7:17:02 AM okhttp3.mockwebserver.MockWebServer$4 processOneRequest
INFO: MockWebServer[52566] received request: GET / HTTP/1.1 and responded: HTTP/1.1 200 OK
Jan 17, 2016 7:17:02 AM okhttp3.mockwebserver.MockWebServer$3 acceptConnections
INFO: MockWebServer[52566] done accepting connections: Socket closed
Jan 17, 2016 7:17:02 AM okhttp3.mockwebserver.MockWebServer$3 execute
INFO: MockWebServer[48009] starting to accept connections
Jan 17, 2016 7:17:02 AM okhttp3.mockwebserver.MockWebServer$4 processOneRequest
INFO: MockWebServer[48009] received request: GET / HTTP/1.1 and responded: HTTP/1.1 404 Client Error
Jan 17, 2016 7:17:02 AM okhttp3.mockwebserver.MockWebServer$3 acceptConnections
INFO: MockWebServer[48009] done accepting connections: Socket closed
Jan 17, 2016 7:17:02 AM okhttp3.mockwebserver.MockWebServer$3 execute
INFO: MockWebServer[47673] starting to accept connections
Jan 17, 2016 7:17:02 AM okhttp3.mockwebserver.MockWebServer$3 acceptConnections
INFO: MockWebServer[47673] done accepting connections: Socket closed
Tests run: 23, Failures: 0, Errors: 0, Skipped: 0, Time elapsed: 1.375 sec

Results :

Tests run: 27, Failures: 0, Errors: 0, Skipped: 0

[INFO] 
[INFO] --- animal-sniffer-maven-plugin:1.14:check (default) @ adapter-rxjava ---
[INFO] Checking unresolved references to org.codehaus.mojo.signature:java16:1.1
[INFO]                                                                         
[INFO] ------------------------------------------------------------------------
[INFO] Building Converters 2.0.0-SNAPSHOT
[INFO] ------------------------------------------------------------------------
[INFO] 
[INFO] --- maven-enforcer-plugin:1.0:enforce (enforce-maven) @ retrofit-converters ---
[INFO] 
[INFO] --- animal-sniffer-maven-plugin:1.14:check (default) @ retrofit-converters ---
[INFO] Checking unresolved references to org.codehaus.mojo.signature:java16:1.1
[INFO]                                                                         
[INFO] ------------------------------------------------------------------------
[INFO] Building Converter: Gson 2.0.0-SNAPSHOT
[INFO] ------------------------------------------------------------------------
[INFO] 
[INFO] --- maven-enforcer-plugin:1.0:enforce (enforce-maven) @ converter-gson ---
[INFO] 
[INFO] --- maven-resources-plugin:2.6:resources (default-resources) @ converter-gson ---
[INFO] Using 'UTF-8' encoding to copy filtered resources.
[INFO] skip non existing resourceDirectory /home/travis/build/square/retrofit/retrofit-converters/gson/src/main/resources
[INFO] 
[INFO] --- maven-compiler-plugin:3.0:compile (default-compile) @ converter-gson ---
[INFO] Changes detected - recompiling the module!
[INFO] Compiling 3 source files to /home/travis/build/square/retrofit/retrofit-converters/gson/target/classes
[INFO] 
[INFO] --- maven-resources-plugin:2.6:testResources (default-testResources) @ converter-gson ---
[INFO] Using 'UTF-8' encoding to copy filtered resources.
[INFO] skip non existing resourceDirectory /home/travis/build/square/retrofit/retrofit-converters/gson/src/test/resources
[INFO] 
[INFO] --- maven-compiler-plugin:3.0:testCompile (default-testCompile) @ converter-gson ---
[INFO] Changes detected - recompiling the module!
[INFO] Compiling 1 source file to /home/travis/build/square/retrofit/retrofit-converters/gson/target/test-classes
[INFO] 
[INFO] --- maven-surefire-plugin:2.12.4:test (default-test) @ converter-gson ---
[INFO] Surefire report directory: /home/travis/build/square/retrofit/retrofit-converters/gson/target/surefire-reports

-------------------------------------------------------
 T E S T S
-------------------------------------------------------
Running retrofit2.GsonConverterFactoryTest
Jan 17, 2016 7:17:05 AM okhttp3.mockwebserver.MockWebServer$3 execute
INFO: MockWebServer[55804] starting to accept connections
Jan 17, 2016 7:17:06 AM okhttp3.mockwebserver.MockWebServer$4 processOneRequest
INFO: MockWebServer[55804] received request: POST / HTTP/1.1 and responded: HTTP/1.1 200 OK
Jan 17, 2016 7:17:06 AM okhttp3.mockwebserver.MockWebServer$3 acceptConnections
INFO: MockWebServer[55804] done accepting connections: Socket closed
Jan 17, 2016 7:17:06 AM okhttp3.mockwebserver.MockWebServer$3 execute
INFO: MockWebServer[39395] starting to accept connections
Jan 17, 2016 7:17:06 AM okhttp3.mockwebserver.MockWebServer$3 acceptConnections
INFO: MockWebServer[39395] done accepting connections: Socket closed
Jan 17, 2016 7:17:06 AM okhttp3.mockwebserver.MockWebServer$4 processOneRequest
INFO: MockWebServer[39395] received request: POST / HTTP/1.1 and responded: HTTP/1.1 200 OK
Jan 17, 2016 7:17:06 AM okhttp3.mockwebserver.MockWebServer$3 execute
INFO: MockWebServer[56330] starting to accept connections
Jan 17, 2016 7:17:06 AM okhttp3.mockwebserver.MockWebServer$3 acceptConnections
INFO: MockWebServer[56330] done accepting connections: Socket closed
Jan 17, 2016 7:17:06 AM okhttp3.mockwebserver.MockWebServer$4 processOneRequest
INFO: MockWebServer[56330] received request: POST / HTTP/1.1 and responded: HTTP/1.1 200 OK
Tests run: 3, Failures: 0, Errors: 0, Skipped: 0, Time elapsed: 0.746 sec

Results :

Tests run: 3, Failures: 0, Errors: 0, Skipped: 0

[INFO] 
[INFO] --- animal-sniffer-maven-plugin:1.14:check (default) @ converter-gson ---
[INFO] Checking unresolved references to org.codehaus.mojo.signature:java16:1.1
[INFO]                                                                         
[INFO] ------------------------------------------------------------------------
[INFO] Building Converter: Protocol Buffers 2.0.0-SNAPSHOT
[INFO] ------------------------------------------------------------------------
[INFO] 
[INFO] --- maven-enforcer-plugin:1.0:enforce (enforce-maven) @ converter-protobuf ---
[INFO] 
[INFO] --- maven-resources-plugin:2.6:resources (default-resources) @ converter-protobuf ---
[INFO] Using 'UTF-8' encoding to copy filtered resources.
[INFO] skip non existing resourceDirectory /home/travis/build/square/retrofit/retrofit-converters/protobuf/src/main/resources
[INFO] 
[INFO] --- maven-compiler-plugin:3.0:compile (default-compile) @ converter-protobuf ---
[INFO] Changes detected - recompiling the module!
[INFO] Compiling 3 source files to /home/travis/build/square/retrofit/retrofit-converters/protobuf/target/classes
[WARNING] /home/travis/build/square/retrofit/retrofit-converters/protobuf/src/main/java/retrofit2/ProtoConverterFactory.java: /home/travis/build/square/retrofit/retrofit-converters/protobuf/src/main/java/retrofit2/ProtoConverterFactory.java uses unchecked or unsafe operations.
[WARNING] /home/travis/build/square/retrofit/retrofit-converters/protobuf/src/main/java/retrofit2/ProtoConverterFactory.java: Recompile with -Xlint:unchecked for details.
[INFO] 
[INFO] --- maven-resources-plugin:2.6:testResources (default-testResources) @ converter-protobuf ---
[INFO] Using 'UTF-8' encoding to copy filtered resources.
[INFO] skip non existing resourceDirectory /home/travis/build/square/retrofit/retrofit-converters/protobuf/src/test/resources
[INFO] 
[INFO] --- maven-compiler-plugin:3.0:testCompile (default-testCompile) @ converter-protobuf ---
[INFO] Changes detected - recompiling the module!
[INFO] Compiling 2 source files to /home/travis/build/square/retrofit/retrofit-converters/protobuf/target/test-classes
[INFO] 
[INFO] --- maven-surefire-plugin:2.12.4:test (default-test) @ converter-protobuf ---
[INFO] Surefire report directory: /home/travis/build/square/retrofit/retrofit-converters/protobuf/target/surefire-reports

-------------------------------------------------------
 T E S T S
-------------------------------------------------------
Running retrofit2.ProtoConverterFactoryTest
Jan 17, 2016 7:17:08 AM okhttp3.mockwebserver.MockWebServer$3 execute
INFO: MockWebServer[42990] starting to accept connections
Jan 17, 2016 7:17:08 AM okhttp3.mockwebserver.MockWebServer$4 processOneRequest
INFO: MockWebServer[42990] received request: POST / HTTP/1.1 and responded: HTTP/1.1 200 OK
Jan 17, 2016 7:17:08 AM okhttp3.mockwebserver.MockWebServer$3 acceptConnections
INFO: MockWebServer[42990] done accepting connections: Socket closed
Jan 17, 2016 7:17:08 AM okhttp3.mockwebserver.MockWebServer$3 execute
INFO: MockWebServer[37841] starting to accept connections
Jan 17, 2016 7:17:08 AM okhttp3.mockwebserver.MockWebServer$3 acceptConnections
INFO: MockWebServer[37841] done accepting connections: Socket is closed
Jan 17, 2016 7:17:08 AM okhttp3.mockwebserver.MockWebServer$3 execute
INFO: MockWebServer[33621] starting to accept connections
Jan 17, 2016 7:17:08 AM okhttp3.mockwebserver.MockWebServer$3 acceptConnections
INFO: MockWebServer[33621] done accepting connections: Socket closed
Jan 17, 2016 7:17:08 AM okhttp3.mockwebserver.MockWebServer$4 processOneRequest
INFO: MockWebServer[33621] received request: GET / HTTP/1.1 and responded: HTTP/1.1 200 OK
Jan 17, 2016 7:17:08 AM okhttp3.mockwebserver.MockWebServer$3 execute
INFO: MockWebServer[51859] starting to accept connections
Jan 17, 2016 7:17:08 AM okhttp3.mockwebserver.MockWebServer$3 acceptConnections
INFO: MockWebServer[51859] done accepting connections: Socket is closed
Jan 17, 2016 7:17:08 AM okhttp3.mockwebserver.MockWebServer$3 execute
INFO: MockWebServer[49647] starting to accept connections
Jan 17, 2016 7:17:08 AM okhttp3.mockwebserver.MockWebServer$4 processOneRequest
INFO: MockWebServer[49647] received request: GET / HTTP/1.1 and responded: HTTP/1.1 200 OK
Jan 17, 2016 7:17:08 AM okhttp3.mockwebserver.MockWebServer$3 acceptConnections
INFO: MockWebServer[49647] done accepting connections: Socket closed
Tests run: 5, Failures: 0, Errors: 0, Skipped: 0, Time elapsed: 0.689 sec

Results :

Tests run: 5, Failures: 0, Errors: 0, Skipped: 0

[INFO] 
[INFO] --- animal-sniffer-maven-plugin:1.14:check (default) @ converter-protobuf ---
[INFO] Checking unresolved references to org.codehaus.mojo.signature:java16:1.1
[INFO]                                                                         
[INFO] ------------------------------------------------------------------------
[INFO] Building Converter: Jackson 2.0.0-SNAPSHOT
[INFO] ------------------------------------------------------------------------
[INFO] 
[INFO] --- maven-enforcer-plugin:1.0:enforce (enforce-maven) @ converter-jackson ---
[INFO] 
[INFO] --- maven-resources-plugin:2.6:resources (default-resources) @ converter-jackson ---
[INFO] Using 'UTF-8' encoding to copy filtered resources.
[INFO] skip non existing resourceDirectory /home/travis/build/square/retrofit/retrofit-converters/jackson/src/main/resources
[INFO] 
[INFO] --- maven-compiler-plugin:3.0:compile (default-compile) @ converter-jackson ---
[INFO] Changes detected - recompiling the module!
[INFO] Compiling 3 source files to /home/travis/build/square/retrofit/retrofit-converters/jackson/target/classes
[INFO] 
[INFO] --- maven-resources-plugin:2.6:testResources (default-testResources) @ converter-jackson ---
[INFO] Using 'UTF-8' encoding to copy filtered resources.
[INFO] skip non existing resourceDirectory /home/travis/build/square/retrofit/retrofit-converters/jackson/src/test/resources
[INFO] 
[INFO] --- maven-compiler-plugin:3.0:testCompile (default-testCompile) @ converter-jackson ---
[INFO] Changes detected - recompiling the module!
[INFO] Compiling 1 source file to /home/travis/build/square/retrofit/retrofit-converters/jackson/target/test-classes
[INFO] 
[INFO] --- maven-surefire-plugin:2.12.4:test (default-test) @ converter-jackson ---
[INFO] Surefire report directory: /home/travis/build/square/retrofit/retrofit-converters/jackson/target/surefire-reports

-------------------------------------------------------
 T E S T S
-------------------------------------------------------
Running retrofit2.JacksonConverterFactoryTest
Jan 17, 2016 7:17:10 AM okhttp3.mockwebserver.MockWebServer$3 execute
INFO: MockWebServer[59621] starting to accept connections
Jan 17, 2016 7:17:10 AM okhttp3.mockwebserver.MockWebServer$4 processOneRequest
INFO: MockWebServer[59621] received request: POST / HTTP/1.1 and responded: HTTP/1.1 200 OK
Jan 17, 2016 7:17:10 AM okhttp3.mockwebserver.MockWebServer$3 acceptConnections
INFO: MockWebServer[59621] done accepting connections: Socket closed
Jan 17, 2016 7:17:10 AM okhttp3.mockwebserver.MockWebServer$3 execute
INFO: MockWebServer[59879] starting to accept connections
Jan 17, 2016 7:17:10 AM okhttp3.mockwebserver.MockWebServer$3 acceptConnections
INFO: MockWebServer[59879] done accepting connections: Socket closed
Jan 17, 2016 7:17:10 AM okhttp3.mockwebserver.MockWebServer$4 processOneRequest
INFO: MockWebServer[59879] received request: POST / HTTP/1.1 and responded: HTTP/1.1 200 OK
Tests run: 2, Failures: 0, Errors: 0, Skipped: 0, Time elapsed: 0.919 sec

Results :

Tests run: 2, Failures: 0, Errors: 0, Skipped: 0

[INFO] 
[INFO] --- animal-sniffer-maven-plugin:1.14:check (default) @ converter-jackson ---
[INFO] Checking unresolved references to org.codehaus.mojo.signature:java16:1.1
[INFO]                                                                         
[INFO] ------------------------------------------------------------------------
[INFO] Building Converter: Wire Protocol Buffers 2.0.0-SNAPSHOT
[INFO] ------------------------------------------------------------------------
[INFO] 
[INFO] --- maven-enforcer-plugin:1.0:enforce (enforce-maven) @ converter-wire ---
[INFO] 
[INFO] --- maven-resources-plugin:2.6:resources (default-resources) @ converter-wire ---
[INFO] Using 'UTF-8' encoding to copy filtered resources.
[INFO] skip non existing resourceDirectory /home/travis/build/square/retrofit/retrofit-converters/wire/src/main/resources
[INFO] 
[INFO] --- maven-compiler-plugin:3.0:compile (default-compile) @ converter-wire ---
[INFO] Changes detected - recompiling the module!
[INFO] Compiling 3 source files to /home/travis/build/square/retrofit/retrofit-converters/wire/target/classes
[WARNING] /home/travis/build/square/retrofit/retrofit-converters/wire/src/main/java/retrofit2/WireConverterFactory.java: /home/travis/build/square/retrofit/retrofit-converters/wire/src/main/java/retrofit2/WireConverterFactory.java uses unchecked or unsafe operations.
[WARNING] /home/travis/build/square/retrofit/retrofit-converters/wire/src/main/java/retrofit2/WireConverterFactory.java: Recompile with -Xlint:unchecked for details.
[INFO] 
[INFO] --- maven-resources-plugin:2.6:testResources (default-testResources) @ converter-wire ---
[INFO] Using 'UTF-8' encoding to copy filtered resources.
[INFO] skip non existing resourceDirectory /home/travis/build/square/retrofit/retrofit-converters/wire/src/test/resources
[INFO] 
[INFO] --- maven-compiler-plugin:3.0:testCompile (default-testCompile) @ converter-wire ---
[INFO] Changes detected - recompiling the module!
[INFO] Compiling 2 source files to /home/travis/build/square/retrofit/retrofit-converters/wire/target/test-classes
[INFO] 
[INFO] --- maven-surefire-plugin:2.12.4:test (default-test) @ converter-wire ---
[INFO] Surefire report directory: /home/travis/build/square/retrofit/retrofit-converters/wire/target/surefire-reports

-------------------------------------------------------
 T E S T S
-------------------------------------------------------
Running retrofit2.WireConverterFactoryTest
Jan 17, 2016 7:17:11 AM okhttp3.mockwebserver.MockWebServer$3 execute
INFO: MockWebServer[59918] starting to accept connections
Jan 17, 2016 7:17:12 AM okhttp3.mockwebserver.MockWebServer$4 processOneRequest
INFO: MockWebServer[59918] received request: POST / HTTP/1.1 and responded: HTTP/1.1 200 OK
Jan 17, 2016 7:17:12 AM okhttp3.mockwebserver.MockWebServer$3 acceptConnections
INFO: MockWebServer[59918] done accepting connections: Socket closed
Jan 17, 2016 7:17:12 AM okhttp3.mockwebserver.MockWebServer$3 execute
INFO: MockWebServer[45446] starting to accept connections
Jan 17, 2016 7:17:12 AM okhttp3.mockwebserver.MockWebServer$3 acceptConnections
INFO: MockWebServer[45446] done accepting connections: Socket closed
Jan 17, 2016 7:17:12 AM okhttp3.mockwebserver.MockWebServer$3 execute
INFO: MockWebServer[49905] starting to accept connections
Jan 17, 2016 7:17:12 AM okhttp3.mockwebserver.MockWebServer$4 processOneRequest
INFO: MockWebServer[49905] received request: GET / HTTP/1.1 and responded: HTTP/1.1 200 OK
Jan 17, 2016 7:17:12 AM okhttp3.mockwebserver.MockWebServer$3 acceptConnections
INFO: MockWebServer[49905] done accepting connections: Socket closed
Jan 17, 2016 7:17:12 AM okhttp3.mockwebserver.MockWebServer$3 execute
INFO: MockWebServer[34008] starting to accept connections
Jan 17, 2016 7:17:12 AM okhttp3.mockwebserver.MockWebServer$3 acceptConnections
INFO: MockWebServer[34008] done accepting connections: Socket closed
Jan 17, 2016 7:17:12 AM okhttp3.mockwebserver.MockWebServer$3 execute
INFO: MockWebServer[47308] starting to accept connections
Jan 17, 2016 7:17:12 AM okhttp3.mockwebserver.MockWebServer$3 acceptConnections
INFO: MockWebServer[47308] done accepting connections: Socket closed
Jan 17, 2016 7:17:12 AM okhttp3.mockwebserver.MockWebServer$4 processOneRequest
INFO: MockWebServer[47308] received request: GET / HTTP/1.1 and responded: HTTP/1.1 200 OK
Tests run: 5, Failures: 0, Errors: 0, Skipped: 0, Time elapsed: 0.633 sec

Results :

Tests run: 5, Failures: 0, Errors: 0, Skipped: 0

[INFO] 
[INFO] --- animal-sniffer-maven-plugin:1.14:check (default) @ converter-wire ---
[INFO] Checking unresolved references to org.codehaus.mojo.signature:java16:1.1
[INFO]                                                                         
[INFO] ------------------------------------------------------------------------
[INFO] Building Converter: SimpleXML 2.0.0-SNAPSHOT
[INFO] ------------------------------------------------------------------------
[INFO] 
[INFO] --- maven-enforcer-plugin:1.0:enforce (enforce-maven) @ converter-simplexml ---
[INFO] 
[INFO] --- maven-resources-plugin:2.6:resources (default-resources) @ converter-simplexml ---
[INFO] Using 'UTF-8' encoding to copy filtered resources.
[INFO] skip non existing resourceDirectory /home/travis/build/square/retrofit/retrofit-converters/simplexml/src/main/resources
[INFO] 
[INFO] --- maven-compiler-plugin:3.0:compile (default-compile) @ converter-simplexml ---
[INFO] Changes detected - recompiling the module!
[INFO] Compiling 3 source files to /home/travis/build/square/retrofit/retrofit-converters/simplexml/target/classes
[INFO] 
[INFO] --- maven-resources-plugin:2.6:testResources (default-testResources) @ converter-simplexml ---
[INFO] Using 'UTF-8' encoding to copy filtered resources.
[INFO] skip non existing resourceDirectory /home/travis/build/square/retrofit/retrofit-converters/simplexml/src/test/resources
[INFO] 
[INFO] --- maven-compiler-plugin:3.0:testCompile (default-testCompile) @ converter-simplexml ---
[INFO] Changes detected - recompiling the module!
[INFO] Compiling 2 source files to /home/travis/build/square/retrofit/retrofit-converters/simplexml/target/test-classes
[INFO] 
[INFO] --- maven-surefire-plugin:2.12.4:test (default-test) @ converter-simplexml ---
[INFO] Surefire report directory: /home/travis/build/square/retrofit/retrofit-converters/simplexml/target/surefire-reports

-------------------------------------------------------
 T E S T S
-------------------------------------------------------
Running retrofit2.SimpleXmlConverterFactoryTest
Jan 17, 2016 7:17:12 AM okhttp3.mockwebserver.MockWebServer$3 execute
INFO: MockWebServer[59300] starting to accept connections
Jan 17, 2016 7:17:13 AM okhttp3.mockwebserver.MockWebServer$4 processOneRequest
INFO: MockWebServer[59300] received request: GET / HTTP/1.1 and responded: HTTP/1.1 200 OK
Jan 17, 2016 7:17:13 AM okhttp3.mockwebserver.MockWebServer$3 acceptConnections
INFO: MockWebServer[59300] done accepting connections: Socket closed
Jan 17, 2016 7:17:13 AM okhttp3.mockwebserver.MockWebServer$3 execute
INFO: MockWebServer[33702] starting to accept connections
Jan 17, 2016 7:17:13 AM okhttp3.mockwebserver.MockWebServer$4 processOneRequest
INFO: MockWebServer[33702] received request: GET / HTTP/1.1 and responded: HTTP/1.1 200 OK
Jan 17, 2016 7:17:13 AM okhttp3.mockwebserver.MockWebServer$3 acceptConnections
INFO: MockWebServer[33702] done accepting connections: Socket closed
Jan 17, 2016 7:17:13 AM okhttp3.mockwebserver.MockWebServer$3 execute
INFO: MockWebServer[49443] starting to accept connections
Jan 17, 2016 7:17:13 AM okhttp3.mockwebserver.MockWebServer$4 processOneRequest
INFO: MockWebServer[49443] received request: POST / HTTP/1.1 and responded: HTTP/1.1 200 OK
Jan 17, 2016 7:17:14 AM okhttp3.mockwebserver.MockWebServer$3 acceptConnections
INFO: MockWebServer[49443] done accepting connections: Socket closed
Tests run: 3, Failures: 0, Errors: 0, Skipped: 0, Time elapsed: 1.161 sec

Results :

Tests run: 3, Failures: 0, Errors: 0, Skipped: 0

[INFO] 
[INFO] --- animal-sniffer-maven-plugin:1.14:check (default) @ converter-simplexml ---
[INFO] Checking unresolved references to org.codehaus.mojo.signature:java16:1.1
[INFO]                                                                         
[INFO] ------------------------------------------------------------------------
[INFO] Building Converter: Java Scalars 2.0.0-SNAPSHOT
[INFO] ------------------------------------------------------------------------
[INFO] 
[INFO] --- maven-enforcer-plugin:1.0:enforce (enforce-maven) @ converter-scalars ---
[INFO] 
[INFO] --- maven-resources-plugin:2.6:resources (default-resources) @ converter-scalars ---
[INFO] Using 'UTF-8' encoding to copy filtered resources.
[INFO] skip non existing resourceDirectory /home/travis/build/square/retrofit/retrofit-converters/scalars/src/main/resources
[INFO] 
[INFO] --- maven-compiler-plugin:3.0:compile (default-compile) @ converter-scalars ---
[INFO] Changes detected - recompiling the module!
[INFO] Compiling 3 source files to /home/travis/build/square/retrofit/retrofit-converters/scalars/target/classes
[INFO] 
[INFO] --- maven-resources-plugin:2.6:testResources (default-testResources) @ converter-scalars ---
[INFO] Using 'UTF-8' encoding to copy filtered resources.
[INFO] skip non existing resourceDirectory /home/travis/build/square/retrofit/retrofit-converters/scalars/src/test/resources
[INFO] 
[INFO] --- maven-compiler-plugin:3.0:testCompile (default-testCompile) @ converter-scalars ---
[INFO] Changes detected - recompiling the module!
[INFO] Compiling 1 source file to /home/travis/build/square/retrofit/retrofit-converters/scalars/target/test-classes
[INFO] 
[INFO] --- maven-surefire-plugin:2.12.4:test (default-test) @ converter-scalars ---
[INFO] Surefire report directory: /home/travis/build/square/retrofit/retrofit-converters/scalars/target/surefire-reports

-------------------------------------------------------
 T E S T S
-------------------------------------------------------
Running retrofit2.ScalarsConverterFactoryTest
Jan 17, 2016 7:17:15 AM okhttp3.mockwebserver.MockWebServer$3 execute
INFO: MockWebServer[32850] starting to accept connections
Jan 17, 2016 7:17:16 AM okhttp3.mockwebserver.MockWebServer$3 acceptConnections
INFO: MockWebServer[32850] done accepting connections: Socket closed
Jan 17, 2016 7:17:16 AM okhttp3.mockwebserver.MockWebServer$3 execute
INFO: MockWebServer[58982] starting to accept connections
Jan 17, 2016 7:17:16 AM okhttp3.mockwebserver.MockWebServer$4 processOneRequest
INFO: MockWebServer[58982] received request: GET / HTTP/1.1 and responded: HTTP/1.1 200 OK
Jan 17, 2016 7:17:16 AM okhttp3.mockwebserver.MockWebServer$4 processOneRequest
INFO: MockWebServer[58982] received request: GET / HTTP/1.1 and responded: HTTP/1.1 200 OK
Jan 17, 2016 7:17:16 AM okhttp3.mockwebserver.MockWebServer$4 processOneRequest
INFO: MockWebServer[58982] received request: GET / HTTP/1.1 and responded: HTTP/1.1 200 OK
Jan 17, 2016 7:17:16 AM okhttp3.mockwebserver.MockWebServer$4 processOneRequest
INFO: MockWebServer[58982] received request: GET / HTTP/1.1 and responded: HTTP/1.1 200 OK
Jan 17, 2016 7:17:16 AM okhttp3.mockwebserver.MockWebServer$4 processOneRequest
INFO: MockWebServer[58982] received request: GET / HTTP/1.1 and responded: HTTP/1.1 200 OK
Jan 17, 2016 7:17:16 AM okhttp3.mockwebserver.MockWebServer$4 processOneRequest
INFO: MockWebServer[58982] received request: GET / HTTP/1.1 and responded: HTTP/1.1 200 OK
Jan 17, 2016 7:17:16 AM okhttp3.mockwebserver.MockWebServer$4 processOneRequest
INFO: MockWebServer[58982] received request: GET / HTTP/1.1 and responded: HTTP/1.1 200 OK
Jan 17, 2016 7:17:16 AM okhttp3.mockwebserver.MockWebServer$4 processOneRequest
INFO: MockWebServer[58982] received request: GET / HTTP/1.1 and responded: HTTP/1.1 200 OK
Jan 17, 2016 7:17:16 AM okhttp3.mockwebserver.MockWebServer$4 processOneRequest
INFO: MockWebServer[58982] received request: GET / HTTP/1.1 and responded: HTTP/1.1 200 OK
Jan 17, 2016 7:17:16 AM okhttp3.mockwebserver.MockWebServer$4 processOneRequest
INFO: MockWebServer[58982] received request: GET / HTTP/1.1 and responded: HTTP/1.1 200 OK
Jan 17, 2016 7:17:16 AM okhttp3.mockwebserver.MockWebServer$4 processOneRequest
INFO: MockWebServer[58982] received request: GET / HTTP/1.1 and responded: HTTP/1.1 200 OK
Jan 17, 2016 7:17:16 AM okhttp3.mockwebserver.MockWebServer$3 acceptConnections
INFO: MockWebServer[58982] done accepting connections: Socket closed
Jan 17, 2016 7:17:16 AM okhttp3.mockwebserver.MockWebServer$3 execute
INFO: MockWebServer[51443] starting to accept connections
Jan 17, 2016 7:17:16 AM okhttp3.mockwebserver.MockWebServer$4 processOneRequest
INFO: MockWebServer[51443] received request: POST / HTTP/1.1 and responded: HTTP/1.1 200 OK
Jan 17, 2016 7:17:16 AM okhttp3.mockwebserver.MockWebServer$4 processOneRequest
INFO: MockWebServer[51443] received request: POST / HTTP/1.1 and responded: HTTP/1.1 200 OK
Jan 17, 2016 7:17:16 AM okhttp3.mockwebserver.MockWebServer$4 processOneRequest
INFO: MockWebServer[51443] received request: POST / HTTP/1.1 and responded: HTTP/1.1 200 OK
Jan 17, 2016 7:17:16 AM okhttp3.mockwebserver.MockWebServer$4 processOneRequest
INFO: MockWebServer[51443] received request: POST / HTTP/1.1 and responded: HTTP/1.1 200 OK
Jan 17, 2016 7:17:16 AM okhttp3.mockwebserver.MockWebServer$4 processOneRequest
INFO: MockWebServer[51443] received request: POST / HTTP/1.1 and responded: HTTP/1.1 200 OK
Jan 17, 2016 7:17:16 AM okhttp3.mockwebserver.MockWebServer$4 processOneRequest
INFO: MockWebServer[51443] received request: POST / HTTP/1.1 and responded: HTTP/1.1 200 OK
Jan 17, 2016 7:17:16 AM okhttp3.mockwebserver.MockWebServer$4 processOneRequest
INFO: MockWebServer[51443] received request: POST / HTTP/1.1 and responded: HTTP/1.1 200 OK
Jan 17, 2016 7:17:16 AM okhttp3.mockwebserver.MockWebServer$4 processOneRequest
INFO: MockWebServer[51443] received request: POST / HTTP/1.1 and responded: HTTP/1.1 200 OK
Jan 17, 2016 7:17:16 AM okhttp3.mockwebserver.MockWebServer$4 processOneRequest
INFO: MockWebServer[51443] received request: POST / HTTP/1.1 and responded: HTTP/1.1 200 OK
Jan 17, 2016 7:17:16 AM okhttp3.mockwebserver.MockWebServer$4 processOneRequest
INFO: MockWebServer[51443] received request: POST / HTTP/1.1 and responded: HTTP/1.1 200 OK
Jan 17, 2016 7:17:16 AM okhttp3.mockwebserver.MockWebServer$4 processOneRequest
INFO: MockWebServer[51443] received request: POST / HTTP/1.1 and responded: HTTP/1.1 200 OK
Jan 17, 2016 7:17:16 AM okhttp3.mockwebserver.MockWebServer$4 processOneRequest
INFO: MockWebServer[51443] received request: POST / HTTP/1.1 and responded: HTTP/1.1 200 OK
Jan 17, 2016 7:17:16 AM okhttp3.mockwebserver.MockWebServer$4 processOneRequest
INFO: MockWebServer[51443] received request: POST / HTTP/1.1 and responded: HTTP/1.1 200 OK
Jan 17, 2016 7:17:16 AM okhttp3.mockwebserver.MockWebServer$4 processOneRequest
INFO: MockWebServer[51443] received request: POST / HTTP/1.1 and responded: HTTP/1.1 200 OK
Jan 17, 2016 7:17:16 AM okhttp3.mockwebserver.MockWebServer$4 processOneRequest
INFO: MockWebServer[51443] received request: POST / HTTP/1.1 and responded: HTTP/1.1 200 OK
Jan 17, 2016 7:17:16 AM okhttp3.mockwebserver.MockWebServer$4 processOneRequest
INFO: MockWebServer[51443] received request: POST / HTTP/1.1 and responded: HTTP/1.1 200 OK
Jan 17, 2016 7:17:16 AM okhttp3.mockwebserver.MockWebServer$4 processOneRequest
INFO: MockWebServer[51443] received request: POST / HTTP/1.1 and responded: HTTP/1.1 200 OK
Jan 17, 2016 7:17:16 AM okhttp3.mockwebserver.MockWebServer$3 acceptConnections
INFO: MockWebServer[51443] done accepting connections: Socket closed
Jan 17, 2016 7:17:16 AM okhttp3.mockwebserver.MockWebServer$3 execute
INFO: MockWebServer[58534] starting to accept connections
Jan 17, 2016 7:17:16 AM okhttp3.mockwebserver.MockWebServer$3 acceptConnections
INFO: MockWebServer[58534] done accepting connections: Socket is closed
Tests run: 4, Failures: 0, Errors: 0, Skipped: 0, Time elapsed: 1.366 sec

Results :

Tests run: 4, Failures: 0, Errors: 0, Skipped: 0

[INFO] 
[INFO] --- animal-sniffer-maven-plugin:1.14:check (default) @ converter-scalars ---
[INFO] Checking unresolved references to org.codehaus.mojo.signature:java16:1.1
[INFO]                                                                         
[INFO] ------------------------------------------------------------------------
[INFO] Building Converter: Moshi 2.0.0-SNAPSHOT
[INFO] ------------------------------------------------------------------------
[INFO] 
[INFO] --- maven-enforcer-plugin:1.0:enforce (enforce-maven) @ converter-moshi ---
[INFO] 
[INFO] --- maven-resources-plugin:2.6:resources (default-resources) @ converter-moshi ---
[INFO] Using 'UTF-8' encoding to copy filtered resources.
[INFO] skip non existing resourceDirectory /home/travis/build/square/retrofit/retrofit-converters/moshi/src/main/resources
[INFO] 
[INFO] --- maven-compiler-plugin:3.0:compile (default-compile) @ converter-moshi ---
[INFO] Changes detected - recompiling the module!
[INFO] Compiling 3 source files to /home/travis/build/square/retrofit/retrofit-converters/moshi/target/classes
[INFO] 
[INFO] --- maven-resources-plugin:2.6:testResources (default-testResources) @ converter-moshi ---
[INFO] Using 'UTF-8' encoding to copy filtered resources.
[INFO] skip non existing resourceDirectory /home/travis/build/square/retrofit/retrofit-converters/moshi/src/test/resources
[INFO] 
[INFO] --- maven-compiler-plugin:3.0:testCompile (default-testCompile) @ converter-moshi ---
[INFO] Changes detected - recompiling the module!
[INFO] Compiling 1 source file to /home/travis/build/square/retrofit/retrofit-converters/moshi/target/test-classes
[INFO] 
[INFO] --- maven-surefire-plugin:2.12.4:test (default-test) @ converter-moshi ---
[INFO] Surefire report directory: /home/travis/build/square/retrofit/retrofit-converters/moshi/target/surefire-reports

-------------------------------------------------------
 T E S T S
-------------------------------------------------------
Running retrofit2.MoshiConverterFactoryTest
Jan 17, 2016 7:17:17 AM okhttp3.mockwebserver.MockWebServer$3 execute
INFO: MockWebServer[56958] starting to accept connections
Jan 17, 2016 7:17:18 AM okhttp3.mockwebserver.MockWebServer$4 processOneRequest
INFO: MockWebServer[56958] received request: POST / HTTP/1.1 and responded: HTTP/1.1 200 OK
Jan 17, 2016 7:17:18 AM okhttp3.mockwebserver.MockWebServer$3 acceptConnections
INFO: MockWebServer[56958] done accepting connections: Socket closed
Jan 17, 2016 7:17:18 AM okhttp3.mockwebserver.MockWebServer$3 execute
INFO: MockWebServer[43924] starting to accept connections
Jan 17, 2016 7:17:18 AM okhttp3.mockwebserver.MockWebServer$3 acceptConnections
INFO: MockWebServer[43924] done accepting connections: Socket closed
Jan 17, 2016 7:17:18 AM okhttp3.mockwebserver.MockWebServer$4 processOneRequest
INFO: MockWebServer[43924] received request: POST / HTTP/1.1 and responded: HTTP/1.1 200 OK
Tests run: 2, Failures: 0, Errors: 0, Skipped: 0, Time elapsed: 1.143 sec

Results :

Tests run: 2, Failures: 0, Errors: 0, Skipped: 0

[INFO] 
[INFO] --- animal-sniffer-maven-plugin:1.14:check (default) @ converter-moshi ---
[INFO] Checking unresolved references to org.codehaus.mojo.signature:java16:1.1
[INFO]                                                                         
[INFO] ------------------------------------------------------------------------
[INFO] Building Retrofit Mock Adapter 2.0.0-SNAPSHOT
[INFO] ------------------------------------------------------------------------
[INFO] 
[INFO] --- maven-enforcer-plugin:1.0:enforce (enforce-maven) @ retrofit-mock ---
[INFO] 
[INFO] --- maven-resources-plugin:2.6:resources (default-resources) @ retrofit-mock ---
[INFO] Using 'UTF-8' encoding to copy filtered resources.
[INFO] skip non existing resourceDirectory /home/travis/build/square/retrofit/retrofit-mock/src/main/resources
[INFO] 
[INFO] --- maven-compiler-plugin:3.0:compile (default-compile) @ retrofit-mock ---
[INFO] Changes detected - recompiling the module!
[INFO] Compiling 5 source files to /home/travis/build/square/retrofit/retrofit-mock/target/classes
[INFO] 
[INFO] --- maven-resources-plugin:2.6:testResources (default-testResources) @ retrofit-mock ---
[INFO] Using 'UTF-8' encoding to copy filtered resources.
[INFO] skip non existing resourceDirectory /home/travis/build/square/retrofit/retrofit-mock/src/test/resources
[INFO] 
[INFO] --- maven-compiler-plugin:3.0:testCompile (default-testCompile) @ retrofit-mock ---
[INFO] Changes detected - recompiling the module!
[INFO] Compiling 3 source files to /home/travis/build/square/retrofit/retrofit-mock/target/test-classes
[INFO] 
[INFO] --- maven-surefire-plugin:2.12.4:test (default-test) @ retrofit-mock ---
[INFO] Surefire report directory: /home/travis/build/square/retrofit/retrofit-mock/target/surefire-reports

-------------------------------------------------------
 T E S T S
-------------------------------------------------------
Running retrofit2.mock.BehaviorDelegateTest
Tests run: 10, Failures: 0, Errors: 0, Skipped: 0, Time elapsed: 1.588 sec
Running retrofit2.mock.MockRetrofitTest
Tests run: 8, Failures: 0, Errors: 0, Skipped: 0, Time elapsed: 0.044 sec
Running retrofit2.mock.NetworkBehaviorTest
Tests run: 5, Failures: 0, Errors: 0, Skipped: 0, Time elapsed: 0.054 sec

Results :

Tests run: 23, Failures: 0, Errors: 0, Skipped: 0

[INFO] 
[INFO] --- animal-sniffer-maven-plugin:1.14:check (default) @ retrofit-mock ---
[INFO] Checking unresolved references to org.codehaus.mojo.signature:java16:1.1
[INFO]                                                                         
[INFO] ------------------------------------------------------------------------
[INFO] Building Samples 2.0.0-SNAPSHOT
[INFO] ------------------------------------------------------------------------
[INFO] 
[INFO] --- maven-enforcer-plugin:1.0:enforce (enforce-maven) @ samples ---
[INFO] 
[INFO] --- maven-resources-plugin:2.6:resources (default-resources) @ samples ---
[INFO] Using 'UTF-8' encoding to copy filtered resources.
[INFO] skip non existing resourceDirectory /home/travis/build/square/retrofit/samples/src/main/resources
[INFO] 
[INFO] --- maven-compiler-plugin:3.0:compile (default-compile) @ samples ---
[INFO] Changes detected - recompiling the module!
[INFO] Compiling 6 source files to /home/travis/build/square/retrofit/samples/target/classes
[INFO] 
[INFO] --- maven-resources-plugin:2.6:testResources (default-testResources) @ samples ---
[INFO] Using 'UTF-8' encoding to copy filtered resources.
[INFO] skip non existing resourceDirectory /home/travis/build/square/retrofit/samples/src/test/resources
[INFO] 
[INFO] --- maven-compiler-plugin:3.0:testCompile (default-testCompile) @ samples ---
[INFO] No sources to compile
[INFO] 
[INFO] --- maven-surefire-plugin:2.12.4:test (default-test) @ samples ---
[INFO] No tests to run.
[INFO] 
[INFO] --- animal-sniffer-maven-plugin:1.14:check (default) @ samples ---
[INFO] Checking unresolved references to org.codehaus.mojo.signature:java16:1.1
[INFO] ------------------------------------------------------------------------
[INFO] Reactor Summary:
[INFO] 
[INFO] Retrofit (Parent) .................................. SUCCESS [  1.598 s]
[INFO] Retrofit ........................................... SUCCESS [ 18.907 s]
[INFO] Adapters ........................................... SUCCESS [  0.337 s]
[INFO] Adapter: RxJava .................................... SUCCESS [  3.258 s]
[INFO] Converters ......................................... SUCCESS [  0.273 s]
[INFO] Converter: Gson .................................... SUCCESS [  3.077 s]
[INFO] Converter: Protocol Buffers ........................ SUCCESS [  2.347 s]
[INFO] Converter: Jackson ................................. SUCCESS [  2.258 s]
[INFO] Converter: Wire Protocol Buffers ................... SUCCESS [  1.227 s]
[INFO] Converter: SimpleXML ............................... SUCCESS [  1.828 s]
[INFO] Converter: Java Scalars ............................ SUCCESS [  2.638 s]
[INFO] Converter: Moshi ................................... SUCCESS [  1.958 s]
[INFO] Retrofit Mock Adapter .............................. SUCCESS [  2.779 s]
[INFO] Samples ............................................ SUCCESS [  1.269 s]
[INFO] ------------------------------------------------------------------------
[INFO] BUILD SUCCESS
[INFO] ------------------------------------------------------------------------
[INFO] Total time: 44.080 s
[INFO] Finished at: 2016-01-17T07:17:22+00:00
[INFO] Final Memory: 43M/345M
[INFO] ------------------------------------------------------------------------
travis_time:end:00a655d0:start=1453014997264294753,finish=1453015053347293921,duration=56082999168[0K
[32;1mThe command "mvn test -B" exited with 0.[0m
travis_fold:start:cache.2[0Kstore build cache
travis_time:start:0539f95e[0Ktravis_time:end:0539f95e:start=1453015053352273927,finish=1453015053356275529,duration=4001602[0Ktravis_time:start:0d4235e4[0K[32;1mchange detected:
/home/travis/.m2/repository/com/squareup/retrofit2/adapter-rxjava/2.0.0-SNAPSHOT/adapter-rxjava-2.0.0-SNAPSHOT.jar
/home/travis/.m2/repository/com/squareup/retrofit2/adapter-rxjava/2.0.0-SNAPSHOT/maven-metadata-local.xml
/home/travis/.m2/repository/com/squareup/retrofit2/adapter-rxjava/2.0.0-SNAPSHOT/_remote.repositories
/home/travis/.m2/repository/com/squareup/retrofit2/adapter-rxjava/maven-metadata-local.xml
/home/travis/.m2/repository/com/squareup/retrofit2/converter-gson/2.0.0-SNAPSHOT/converter-gson-2.0.0-SNAPSHOT.jar
/home/travis/.m2/repository/com/squareup/retrofit2/converter-gson/2.0.0-SNAPSHOT/maven-metadata-local.xml
/home/travis/.m2/repository/com/squareup/retrofit2/converter-gson/2.0.0-SNAPSHOT/_remote.repositories
/home/travis/.m2/repository/com/squareup/retrofit2/converter-gson/maven-metadata-local.xml
/home/travis/.m2/repository/com/squareup/retrofit2/converter-jackson/2.0.0-SNAPSHOT/converter-jackson-2.0.0-SNAPSHOT.jar
/home/travis/.m2/repository/com/squareup/retrofit2/c
[0m
[32;1m...
[0m
[32;1mchanges detected, packing new archive[0m
.
[32;1muploading archive[0m
travis_time:end:0d4235e4:start=1453015053360026419,finish=1453015062738960307,duration=9378933888[0Ktravis_fold:end:cache.2[0Ktravis_fold:start:after_success[0Ktravis_time:start:01e59ce0[0K$ .buildscript/deploy_snapshot.sh
Skipping snapshot deployment: was pull request.
travis_time:end:01e59ce0:start=1453015062743220161,finish=1453015062747939161,duration=4719000[0Ktravis_fold:end:after_success[0K
Done. Your build exited with 0.
