Using worker: worker-linux-docker-88591e71.prod.travis-ci.org:travis-linux-6

travis_fold:start:system_info[0K[33;1mBuild system information[0m
Build language: java
Build group: stable
Build dist: precise
[34m[1mBuild image provisioning date and time[0m
Thu Feb  5 15:09:33 UTC 2015
[34m[1mOperating System Details[0m
Distributor ID:	Ubuntu
Description:	Ubuntu 12.04.5 LTS
Release:	12.04
Codename:	precise
[34m[1mLinux Version[0m
3.13.0-29-generic
[34m[1mCookbooks Version[0m
a68419e https://github.com/travis-ci/travis-cookbooks/tree/a68419e
[34m[1mGCC version[0m
gcc (Ubuntu/Linaro 4.6.3-1ubuntu5) 4.6.3
Copyright (C) 2011 Free Software Foundation, Inc.
This is free software; see the source for copying conditions.  There is NO
warranty; not even for MERCHANTABILITY or FITNESS FOR A PARTICULAR PURPOSE.

[34m[1mLLVM version[0m
clang version 3.4 (tags/RELEASE_34/final)
Target: x86_64-unknown-linux-gnu
Thread model: posix
[34m[1mPre-installed Ruby versions[0m
ruby-1.9.3-p551
[34m[1mPre-installed Node.js versions[0m
v0.10.36
[34m[1mPre-installed Go versions[0m
1.4.1
[34m[1mRedis version[0m
redis-server 2.8.19
[34m[1mriak version[0m
2.0.2
[34m[1mMongoDB version[0m
MongoDB 2.4.12
[34m[1mCouchDB version[0m
couchdb 1.6.1
[34m[1mNeo4j version[0m
1.9.4
[34m[1mRabbitMQ Version[0m
3.4.3
[34m[1mElasticSearch version[0m
1.4.0
[34m[1mInstalled Sphinx versions[0m
2.0.10
2.1.9
2.2.6
[34m[1mDefault Sphinx version[0m
2.2.6
[34m[1mInstalled Firefox version[0m
firefox 31.0esr
[34m[1mPhantomJS version[0m
1.9.8
[34m[1mant -version[0m
Apache Ant(TM) version 1.8.2 compiled on December 3 2011
[34m[1mmvn -version[0m
Apache Maven 3.2.5 (12a6b3acb947671f09b81f49094c53f426d8cea1; 2014-12-14T17:29:23+00:00)
Maven home: /usr/local/maven
Java version: 1.7.0_76, vendor: Oracle Corporation
Java home: /usr/lib/jvm/java-7-oracle/jre
Default locale: en_US, platform encoding: ANSI_X3.4-1968
OS name: "linux", version: "3.13.0-29-generic", arch: "amd64", family: "unix"
travis_fold:end:system_info[0K
travis_fold:start:git.checkout[0Ktravis_time:start:0a62c93c[0K$ git clone --depth=50 https://github.com/square/retrofit.git square/retrofit
Cloning into 'square/retrofit'...
remote: Counting objects: 1693, done.[K
remote: Compressing objects:   0% (1/775)   [Kremote: Compressing objects:   1% (8/775)   [Kremote: Compressing objects:   2% (16/775)   [Kremote: Compressing objects:   3% (24/775)   [Kremote: Compressing objects:   4% (31/775)   [Kremote: Compressing objects:   5% (39/775)   [Kremote: Compressing objects:   6% (47/775)   [Kremote: Compressing objects:   7% (55/775)   [Kremote: Compressing objects:   8% (62/775)   [Kremote: Compressing objects:   9% (70/775)   [Kremote: Compressing objects:  10% (78/775)   [Kremote: Compressing objects:  11% (86/775)   [Kremote: Compressing objects:  12% (93/775)   [Kremote: Compressing objects:  13% (101/775)   [Kremote: Compressing objects:  14% (109/775)   [Kremote: Compressing objects:  15% (117/775)   [Kremote: Compressing objects:  16% (124/775)   [Kremote: Compressing objects:  17% (132/775)   [Kremote: Compressing objects:  18% (140/775)   [Kremote: Compressing objects:  19% (148/775)   [Kremote: Compressing objects:  20% (155/775)   [Kremote: Compressing objects:  21% (163/775)   [Kremote: Compressing objects:  22% (171/775)   [Kremote: Compressing objects:  23% (179/775)   [Kremote: Compressing objects:  24% (186/775)   [Kremote: Compressing objects:  25% (194/775)   [Kremote: Compressing objects:  26% (202/775)   [Kremote: Compressing objects:  27% (210/775)   [Kremote: Compressing objects:  28% (217/775)   [Kremote: Compressing objects:  29% (225/775)   [Kremote: Compressing objects:  30% (233/775)   [Kremote: Compressing objects:  31% (241/775)   [Kremote: Compressing objects:  32% (248/775)   [Kremote: Compressing objects:  33% (256/775)   [Kremote: Compressing objects:  34% (264/775)   [Kremote: Compressing objects:  35% (272/775)   [Kremote: Compressing objects:  36% (279/775)   [Kremote: Compressing objects:  37% (287/775)   [Kremote: Compressing objects:  38% (295/775)   [Kremote: Compressing objects:  39% (303/775)   [Kremote: Compressing objects:  40% (310/775)   [Kremote: Compressing objects:  41% (318/775)   [Kremote: Compressing objects:  42% (326/775)   [Kremote: Compressing objects:  43% (334/775)   [Kremote: Compressing objects:  44% (341/775)   [Kremote: Compressing objects:  45% (349/775)   [Kremote: Compressing objects:  46% (357/775)   [Kremote: Compressing objects:  47% (365/775)   [Kremote: Compressing objects:  48% (372/775)   [Kremote: Compressing objects:  49% (380/775)   [Kremote: Compressing objects:  50% (388/775)   [Kremote: Compressing objects:  51% (396/775)   [Kremote: Compressing objects:  52% (403/775)   [Kremote: Compressing objects:  53% (411/775)   [Kremote: Compressing objects:  54% (419/775)   [Kremote: Compressing objects:  55% (427/775)   [Kremote: Compressing objects:  56% (434/775)   [Kremote: Compressing objects:  57% (442/775)   [Kremote: Compressing objects:  58% (450/775)   [Kremote: Compressing objects:  59% (458/775)   [Kremote: Compressing objects:  60% (465/775)   [Kremote: Compressing objects:  61% (473/775)   [Kremote: Compressing objects:  62% (481/775)   [Kremote: Compressing objects:  63% (489/775)   [Kremote: Compressing objects:  64% (496/775)   [Kremote: Compressing objects:  65% (504/775)   [Kremote: Compressing objects:  66% (512/775)   [Kremote: Compressing objects:  67% (520/775)   [Kremote: Compressing objects:  68% (527/775)   [Kremote: Compressing objects:  69% (535/775)   [Kremote: Compressing objects:  70% (543/775)   [Kremote: Compressing objects:  71% (551/775)   [Kremote: Compressing objects:  72% (558/775)   [Kremote: Compressing objects:  73% (566/775)   [Kremote: Compressing objects:  74% (574/775)   [Kremote: Compressing objects:  75% (582/775)   [Kremote: Compressing objects:  76% (589/775)   [Kremote: Compressing objects:  77% (597/775)   [Kremote: Compressing objects:  78% (605/775)   [Kremote: Compressing objects:  79% (613/775)   [Kremote: Compressing objects:  80% (620/775)   [Kremote: Compressing objects:  81% (628/775)   [Kremote: Compressing objects:  82% (636/775)   [Kremote: Compressing objects:  83% (644/775)   [Kremote: Compressing objects:  84% (651/775)   [Kremote: Compressing objects:  85% (659/775)   [Kremote: Compressing objects:  86% (667/775)   [Kremote: Compressing objects:  87% (675/775)   [Kremote: Compressing objects:  88% (682/775)   [Kremote: Compressing objects:  89% (690/775)   [Kremote: Compressing objects:  90% (698/775)   [Kremote: Compressing objects:  91% (706/775)   [Kremote: Compressing objects:  92% (713/775)   [Kremote: Compressing objects:  93% (721/775)   [Kremote: Compressing objects:  94% (729/775)   [Kremote: Compressing objects:  95% (737/775)   [Kremote: Compressing objects:  96% (744/775)   [Kremote: Compressing objects:  97% (752/775)   [Kremote: Compressing objects:  98% (760/775)   [Kremote: Compressing objects:  99% (768/775)   [Kremote: Compressing objects: 100% (775/775)   [Kremote: Compressing objects: 100% (775/775), done.[K
Receiving objects:   0% (1/1693)   Receiving objects:   1% (17/1693)   Receiving objects:   2% (34/1693)   Receiving objects:   3% (51/1693)   Receiving objects:   4% (68/1693)   Receiving objects:   5% (85/1693)   Receiving objects:   6% (102/1693)   Receiving objects:   7% (119/1693)   Receiving objects:   8% (136/1693)   Receiving objects:   9% (153/1693)   Receiving objects:  10% (170/1693)   Receiving objects:  11% (187/1693)   Receiving objects:  12% (204/1693)   Receiving objects:  13% (221/1693)   Receiving objects:  14% (238/1693)   Receiving objects:  15% (254/1693)   Receiving objects:  16% (271/1693)   Receiving objects:  17% (288/1693)   Receiving objects:  18% (305/1693)   Receiving objects:  19% (322/1693)   Receiving objects:  20% (339/1693)   Receiving objects:  21% (356/1693)   Receiving objects:  22% (373/1693)   Receiving objects:  23% (390/1693)   Receiving objects:  24% (407/1693)   Receiving objects:  25% (424/1693)   Receiving objects:  26% (441/1693)   Receiving objects:  27% (458/1693)   Receiving objects:  28% (475/1693)   Receiving objects:  29% (491/1693)   Receiving objects:  30% (508/1693)   Receiving objects:  31% (525/1693)   Receiving objects:  32% (542/1693)   Receiving objects:  33% (559/1693)   Receiving objects:  34% (576/1693)   Receiving objects:  35% (593/1693)   Receiving objects:  36% (610/1693)   Receiving objects:  37% (627/1693)   Receiving objects:  38% (644/1693)   Receiving objects:  39% (661/1693)   Receiving objects:  40% (678/1693)   Receiving objects:  41% (695/1693)   Receiving objects:  42% (712/1693)   Receiving objects:  43% (728/1693)   Receiving objects:  44% (745/1693)   Receiving objects:  45% (762/1693)   Receiving objects:  46% (779/1693)   Receiving objects:  47% (796/1693)   Receiving objects:  48% (813/1693)   Receiving objects:  49% (830/1693)   Receiving objects:  50% (847/1693)   Receiving objects:  51% (864/1693)   Receiving objects:  52% (881/1693)   Receiving objects:  53% (898/1693)   Receiving objects:  54% (915/1693)   Receiving objects:  55% (932/1693)   Receiving objects:  56% (949/1693)   Receiving objects:  57% (966/1693)   Receiving objects:  58% (982/1693)   Receiving objects:  59% (999/1693)   Receiving objects:  60% (1016/1693)   Receiving objects:  61% (1033/1693)   Receiving objects:  62% (1050/1693)   Receiving objects:  63% (1067/1693)   Receiving objects:  64% (1084/1693)   Receiving objects:  65% (1101/1693)   Receiving objects:  66% (1118/1693)   Receiving objects:  67% (1135/1693)   Receiving objects:  68% (1152/1693)   Receiving objects:  69% (1169/1693)   Receiving objects:  70% (1186/1693)   Receiving objects:  71% (1203/1693)   Receiving objects:  72% (1219/1693)   Receiving objects:  73% (1236/1693)   Receiving objects:  74% (1253/1693)   remote: Total 1693 (delta 649), reused 1498 (delta 490), pack-reused 0[K
Receiving objects:  75% (1270/1693)   Receiving objects:  76% (1287/1693)   Receiving objects:  77% (1304/1693)   Receiving objects:  78% (1321/1693)   Receiving objects:  79% (1338/1693)   Receiving objects:  80% (1355/1693)   Receiving objects:  81% (1372/1693)   Receiving objects:  82% (1389/1693)   Receiving objects:  83% (1406/1693)   Receiving objects:  84% (1423/1693)   Receiving objects:  85% (1440/1693)   Receiving objects:  86% (1456/1693)   Receiving objects:  87% (1473/1693)   Receiving objects:  88% (1490/1693)   Receiving objects:  89% (1507/1693)   Receiving objects:  90% (1524/1693)   Receiving objects:  91% (1541/1693)   Receiving objects:  92% (1558/1693)   Receiving objects:  93% (1575/1693)   Receiving objects:  94% (1592/1693)   Receiving objects:  95% (1609/1693)   Receiving objects:  96% (1626/1693)   Receiving objects:  97% (1643/1693)   Receiving objects:  98% (1660/1693)   Receiving objects:  99% (1677/1693)   Receiving objects: 100% (1693/1693)   Receiving objects: 100% (1693/1693), 378.48 KiB | 0 bytes/s, done.
Resolving deltas:   0% (0/649)   Resolving deltas:   3% (25/649)   Resolving deltas:   4% (27/649)   Resolving deltas:   6% (42/649)   Resolving deltas:   7% (46/649)   Resolving deltas:   8% (53/649)   Resolving deltas:  15% (98/649)   Resolving deltas:  17% (113/649)   Resolving deltas:  18% (122/649)   Resolving deltas:  19% (127/649)   Resolving deltas:  20% (130/649)   Resolving deltas:  22% (148/649)   Resolving deltas:  25% (167/649)   Resolving deltas:  30% (198/649)   Resolving deltas:  31% (206/649)   Resolving deltas:  32% (209/649)   Resolving deltas:  34% (225/649)   Resolving deltas:  36% (238/649)   Resolving deltas:  37% (245/649)   Resolving deltas:  38% (247/649)   Resolving deltas:  39% (259/649)   Resolving deltas:  40% (261/649)   Resolving deltas:  41% (268/649)   Resolving deltas:  42% (279/649)   Resolving deltas:  44% (290/649)   Resolving deltas:  45% (295/649)   Resolving deltas:  46% (302/649)   Resolving deltas:  47% (306/649)   Resolving deltas:  48% (314/649)   Resolving deltas:  49% (323/649)   Resolving deltas:  51% (336/649)   Resolving deltas:  52% (341/649)   Resolving deltas:  53% (345/649)   Resolving deltas:  54% (352/649)   Resolving deltas:  55% (362/649)   Resolving deltas:  56% (366/649)   Resolving deltas:  58% (378/649)   Resolving deltas:  59% (386/649)   Resolving deltas:  60% (391/649)   Resolving deltas:  65% (424/649)   Resolving deltas:  68% (444/649)   Resolving deltas:  69% (448/649)   Resolving deltas:  71% (461/649)   Resolving deltas:  73% (474/649)   Resolving deltas:  75% (489/649)   Resolving deltas:  76% (495/649)   Resolving deltas:  77% (500/649)   Resolving deltas:  78% (507/649)   Resolving deltas:  79% (513/649)   Resolving deltas:  85% (555/649)   Resolving deltas:  86% (560/649)   Resolving deltas:  88% (572/649)   Resolving deltas:  89% (580/649)   Resolving deltas:  90% (585/649)   Resolving deltas:  91% (592/649)   Resolving deltas:  92% (599/649)   Resolving deltas:  93% (604/649)   Resolving deltas:  94% (614/649)   Resolving deltas:  96% (625/649)   Resolving deltas:  97% (631/649)   Resolving deltas:  99% (645/649)   Resolving deltas: 100% (649/649)   Resolving deltas: 100% (649/649), done.
Checking connectivity... done.

travis_time:end:0a62c93c:start=1453413717973853774,finish=1453413718445021424,duration=471167650[0K$ cd square/retrofit
travis_time:start:0c8d754b[0K$ git fetch origin +refs/pull/1507/merge:
remote: Counting objects: 22, done.[K
remote: Compressing objects:   6% (1/15)   [Kremote: Compressing objects:  13% (2/15)   [Kremote: Compressing objects:  20% (3/15)   [Kremote: Compressing objects:  26% (4/15)   [Kremote: Compressing objects:  33% (5/15)   [Kremote: Compressing objects:  40% (6/15)   [Kremote: Compressing objects:  46% (7/15)   [Kremote: Compressing objects:  53% (8/15)   [Kremote: Compressing objects:  60% (9/15)   [Kremote: Compressing objects:  66% (10/15)   [Kremote: Compressing objects:  73% (11/15)   [Kremote: Compressing objects:  80% (12/15)   [Kremote: Compressing objects:  86% (13/15)   [Kremote: Compressing objects:  93% (14/15)   [Kremote: Compressing objects: 100% (15/15)   [Kremote: Compressing objects: 100% (15/15), done.[K
remote: Total 22 (delta 9), reused 15 (delta 3), pack-reused 0[K
Unpacking objects:   4% (1/22)   Unpacking objects:   9% (2/22)   Unpacking objects:  13% (3/22)   Unpacking objects:  18% (4/22)   Unpacking objects:  22% (5/22)   Unpacking objects:  27% (6/22)   Unpacking objects:  31% (7/22)   Unpacking objects:  36% (8/22)   Unpacking objects:  40% (9/22)   Unpacking objects:  45% (10/22)   Unpacking objects:  50% (11/22)   Unpacking objects:  54% (12/22)   Unpacking objects:  59% (13/22)   Unpacking objects:  63% (14/22)   Unpacking objects:  68% (15/22)   Unpacking objects:  72% (16/22)   Unpacking objects:  77% (17/22)   Unpacking objects:  81% (18/22)   Unpacking objects:  86% (19/22)   Unpacking objects:  90% (20/22)   Unpacking objects:  95% (21/22)   Unpacking objects: 100% (22/22)   Unpacking objects: 100% (22/22), done.
From https://github.com/square/retrofit
 * branch            refs/pull/1507/merge -> FETCH_HEAD

travis_time:end:0c8d754b:start=1453413718448875386,finish=1453413718761687917,duration=312812531[0K$ git checkout -qf FETCH_HEAD
travis_fold:end:git.checkout[0K
[33;1mThis job is running on container-based infrastructure, which does not allow use of 'sudo', setuid and setguid executables.[0m
[33;1mIf you require sudo, add 'sudo: required' to your .travis.yml[0m
[33;1mSee https://docs.travis-ci.com/user/workers/container-based-infrastructure/ for details.[0m
travis_fold:start:cache.1[0KSetting up build cache
$ export CASHER_DIR=$HOME/.casher
travis_time:start:020bc945[0K$ Installing caching utilities

travis_time:end:020bc945:start=1453413720493944134,finish=1453413720547823882,duration=53879748[0Ktravis_time:start:1ac60052[0K
travis_time:end:1ac60052:start=1453413720552504023,finish=1453413720555596044,duration=3092021[0Ktravis_time:start:00da6ec0[0K[32;1mattempting to download cache archive[0m
[32;1mfetching PR.1507/cache--jdk-oraclejdk8.tgz[0m
[32;1mfound cache[0m

travis_time:end:00da6ec0:start=1453413720559251457,finish=1453413722596026002,duration=2036774545[0Ktravis_time:start:092ce3dd[0K
travis_time:end:092ce3dd:start=1453413722599791919,finish=1453413722603174377,duration=3382458[0Ktravis_time:start:10a90a00[0K[32;1madding /home/travis/.m2 to cache[0m

travis_time:end:10a90a00:start=1453413722606919137,finish=1453413724282718825,duration=1675799688[0Ktravis_fold:end:cache.1[0K$ jdk_switcher use oraclejdk8
Switching to Oracle JDK8 (java-8-oracle), JAVA_HOME will be set to /usr/lib/jvm/java-8-oracle
$ java -Xmx32m -version
java version "1.8.0_31"
Java(TM) SE Runtime Environment (build 1.8.0_31-b13)
Java HotSpot(TM) 64-Bit Server VM (build 25.31-b07, mixed mode)
$ javac -J-Xmx32m -version
javac 1.8.0_31
travis_fold:start:install[0Ktravis_time:start:04b10a55[0K$ mvn install -DskipTests=true -Dmaven.javadoc.skip=true -B -V
Java HotSpot(TM) 64-Bit Server VM warning: ignoring option MaxPermSize=192m; support was removed in 8.0
Apache Maven 3.2.5 (12a6b3acb947671f09b81f49094c53f426d8cea1; 2014-12-14T17:29:23+00:00)
Maven home: /usr/local/maven
Java version: 1.8.0_31, vendor: Oracle Corporation
Java home: /usr/lib/jvm/java-8-oracle/jre
Default locale: en_US, platform encoding: UTF-8
OS name: "linux", version: "3.13.0-40-generic", arch: "amd64", family: "unix"
[INFO] Scanning for projects...
[WARNING] 
[WARNING] Some problems were encountered while building the effective model for com.squareup.retrofit2:samples:jar:2.0.0-SNAPSHOT
[WARNING] 'build.plugins.plugin.version' for org.apache.maven.plugins:maven-deploy-plugin is missing. @ com.squareup.retrofit2:samples:[unknown-version], /home/travis/build/square/retrofit/samples/pom.xml, line 45, column 15
[WARNING] 
[WARNING] It is highly recommended to fix these problems because they threaten the stability of your build.
[WARNING] 
[WARNING] For this reason, future Maven versions might no longer support building such malformed projects.
[WARNING] 
[INFO] ------------------------------------------------------------------------
[INFO] Reactor Build Order:
[INFO] 
[INFO] Retrofit (Parent)
[INFO] Retrofit
[INFO] Adapters
[INFO] Adapter: RxJava
[INFO] Converters
[INFO] Converter: Gson
[INFO] Converter: Protocol Buffers
[INFO] Converter: Jackson
[INFO] Converter: Wire Protocol Buffers
[INFO] Converter: SimpleXML
[INFO] Converter: Java Scalars
[INFO] Converter: Moshi
[INFO] Retrofit Mock Adapter
[INFO] Samples
[INFO]                                                                         
[INFO] ------------------------------------------------------------------------
[INFO] Building Retrofit (Parent) 2.0.0-SNAPSHOT
[INFO] ------------------------------------------------------------------------
[INFO] 
[INFO] --- maven-enforcer-plugin:1.0:enforce (enforce-maven) @ parent ---
[INFO] 
[INFO] --- animal-sniffer-maven-plugin:1.14:check (default) @ parent ---
[INFO] Checking unresolved references to org.codehaus.mojo.signature:java16:1.1
[INFO] 
[INFO] --- maven-javadoc-plugin:2.10.3:jar (attach-javadocs) @ parent ---
[INFO] Skipping javadoc generation
[INFO] 
[INFO] --- maven-checkstyle-plugin:2.15:checkstyle (default) @ parent ---
[INFO] 
[INFO] --- maven-install-plugin:2.4:install (default-install) @ parent ---
[INFO] Installing /home/travis/build/square/retrofit/pom.xml to /home/travis/.m2/repository/com/squareup/retrofit2/parent/2.0.0-SNAPSHOT/parent-2.0.0-SNAPSHOT.pom
[INFO]                                                                         
[INFO] ------------------------------------------------------------------------
[INFO] Building Retrofit 2.0.0-SNAPSHOT
[INFO] ------------------------------------------------------------------------
[INFO] 
[INFO] --- maven-enforcer-plugin:1.0:enforce (enforce-maven) @ retrofit ---
[INFO] 
[INFO] --- maven-resources-plugin:2.6:resources (default-resources) @ retrofit ---
[INFO] Using 'UTF-8' encoding to copy filtered resources.
[INFO] skip non existing resourceDirectory /home/travis/build/square/retrofit/retrofit/src/main/resources
[INFO] 
[INFO] --- maven-compiler-plugin:3.0:compile (default-compile) @ retrofit ---
[INFO] Changes detected - recompiling the module!
[INFO] Compiling 44 source files to /home/travis/build/square/retrofit/retrofit/target/classes
[WARNING] /home/travis/build/square/retrofit/retrofit/src/main/java/retrofit2/Retrofit.java: Some input files use unchecked or unsafe operations.
[WARNING] /home/travis/build/square/retrofit/retrofit/src/main/java/retrofit2/Retrofit.java: Recompile with -Xlint:unchecked for details.
[INFO] 
[INFO] --- maven-resources-plugin:2.6:testResources (default-testResources) @ retrofit ---
[INFO] Using 'UTF-8' encoding to copy filtered resources.
[INFO] skip non existing resourceDirectory /home/travis/build/square/retrofit/retrofit/src/test/resources
[INFO] 
[INFO] --- maven-compiler-plugin:3.0:testCompile (default-testCompile) @ retrofit ---
[INFO] Changes detected - recompiling the module!
[INFO] Compiling 9 source files to /home/travis/build/square/retrofit/retrofit/target/test-classes
[WARNING] /home/travis/build/square/retrofit/retrofit/src/test/java/retrofit2/RetrofitTest.java: /home/travis/build/square/retrofit/retrofit/src/test/java/retrofit2/RetrofitTest.java uses unchecked or unsafe operations.
[WARNING] /home/travis/build/square/retrofit/retrofit/src/test/java/retrofit2/RetrofitTest.java: Recompile with -Xlint:unchecked for details.
[INFO] 
[INFO] --- maven-surefire-plugin:2.12.4:test (default-test) @ retrofit ---
[INFO] Tests are skipped.
[INFO] 
[INFO] --- animal-sniffer-maven-plugin:1.14:check (default) @ retrofit ---
[INFO] Checking unresolved references to org.codehaus.mojo.signature:java16:1.1
[INFO] 
[INFO] --- maven-jar-plugin:2.4:jar (default-jar) @ retrofit ---
[INFO] Building jar: /home/travis/build/square/retrofit/retrofit/target/retrofit-2.0.0-SNAPSHOT.jar
[INFO] 
[INFO] --- maven-javadoc-plugin:2.10.3:jar (attach-javadocs) @ retrofit ---
[INFO] Skipping javadoc generation
[INFO] 
[INFO] --- maven-checkstyle-plugin:2.15:checkstyle (default) @ retrofit ---
[INFO] Starting audit...
Audit done.
[WARNING] Unable to locate Source XRef to link to - DISABLED
[INFO] 
[INFO] --- maven-install-plugin:2.4:install (default-install) @ retrofit ---
[INFO] Installing /home/travis/build/square/retrofit/retrofit/target/retrofit-2.0.0-SNAPSHOT.jar to /home/travis/.m2/repository/com/squareup/retrofit2/retrofit/2.0.0-SNAPSHOT/retrofit-2.0.0-SNAPSHOT.jar
[INFO] Installing /home/travis/build/square/retrofit/retrofit/pom.xml to /home/travis/.m2/repository/com/squareup/retrofit2/retrofit/2.0.0-SNAPSHOT/retrofit-2.0.0-SNAPSHOT.pom
[INFO]                                                                         
[INFO] ------------------------------------------------------------------------
[INFO] Building Adapters 2.0.0-SNAPSHOT
[INFO] ------------------------------------------------------------------------
[INFO] 
[INFO] --- maven-enforcer-plugin:1.0:enforce (enforce-maven) @ retrofit-adapters ---
[INFO] 
[INFO] --- animal-sniffer-maven-plugin:1.14:check (default) @ retrofit-adapters ---
[INFO] Checking unresolved references to org.codehaus.mojo.signature:java16:1.1
[INFO] 
[INFO] --- maven-javadoc-plugin:2.10.3:jar (attach-javadocs) @ retrofit-adapters ---
[INFO] Skipping javadoc generation
[INFO] 
[INFO] --- maven-checkstyle-plugin:2.15:checkstyle (default) @ retrofit-adapters ---
[INFO] 
[INFO] --- maven-install-plugin:2.4:install (default-install) @ retrofit-adapters ---
[INFO] Installing /home/travis/build/square/retrofit/retrofit-adapters/pom.xml to /home/travis/.m2/repository/com/squareup/retrofit2/retrofit-adapters/2.0.0-SNAPSHOT/retrofit-adapters-2.0.0-SNAPSHOT.pom
[INFO]                                                                         
[INFO] ------------------------------------------------------------------------
[INFO] Building Adapter: RxJava 2.0.0-SNAPSHOT
[INFO] ------------------------------------------------------------------------
[INFO] 
[INFO] --- maven-enforcer-plugin:1.0:enforce (enforce-maven) @ adapter-rxjava ---
[INFO] 
[INFO] --- maven-resources-plugin:2.6:resources (default-resources) @ adapter-rxjava ---
[INFO] Using 'UTF-8' encoding to copy filtered resources.
[INFO] skip non existing resourceDirectory /home/travis/build/square/retrofit/retrofit-adapters/rxjava/src/main/resources
[INFO] 
[INFO] --- maven-compiler-plugin:3.0:compile (default-compile) @ adapter-rxjava ---
[INFO] Changes detected - recompiling the module!
[INFO] Compiling 4 source files to /home/travis/build/square/retrofit/retrofit-adapters/rxjava/target/classes
[INFO] 
[INFO] --- maven-resources-plugin:2.6:testResources (default-testResources) @ adapter-rxjava ---
[INFO] Using 'UTF-8' encoding to copy filtered resources.
[INFO] skip non existing resourceDirectory /home/travis/build/square/retrofit/retrofit-adapters/rxjava/src/test/resources
[INFO] 
[INFO] --- maven-compiler-plugin:3.0:testCompile (default-testCompile) @ adapter-rxjava ---
[INFO] Changes detected - recompiling the module!
[INFO] Compiling 2 source files to /home/travis/build/square/retrofit/retrofit-adapters/rxjava/target/test-classes
[INFO] 
[INFO] --- maven-surefire-plugin:2.12.4:test (default-test) @ adapter-rxjava ---
[INFO] Tests are skipped.
[INFO] 
[INFO] --- animal-sniffer-maven-plugin:1.14:check (default) @ adapter-rxjava ---
[INFO] Checking unresolved references to org.codehaus.mojo.signature:java16:1.1
[INFO] 
[INFO] --- maven-jar-plugin:2.4:jar (default-jar) @ adapter-rxjava ---
[INFO] Building jar: /home/travis/build/square/retrofit/retrofit-adapters/rxjava/target/adapter-rxjava-2.0.0-SNAPSHOT.jar
[INFO] 
[INFO] --- maven-javadoc-plugin:2.10.3:jar (attach-javadocs) @ adapter-rxjava ---
[INFO] Skipping javadoc generation
[INFO] 
[INFO] --- maven-checkstyle-plugin:2.15:checkstyle (default) @ adapter-rxjava ---
[INFO] Starting audit...
Audit done.
[WARNING] Unable to locate Source XRef to link to - DISABLED
[INFO] 
[INFO] --- maven-install-plugin:2.4:install (default-install) @ adapter-rxjava ---
[INFO] Installing /home/travis/build/square/retrofit/retrofit-adapters/rxjava/target/adapter-rxjava-2.0.0-SNAPSHOT.jar to /home/travis/.m2/repository/com/squareup/retrofit2/adapter-rxjava/2.0.0-SNAPSHOT/adapter-rxjava-2.0.0-SNAPSHOT.jar
[INFO] Installing /home/travis/build/square/retrofit/retrofit-adapters/rxjava/pom.xml to /home/travis/.m2/repository/com/squareup/retrofit2/adapter-rxjava/2.0.0-SNAPSHOT/adapter-rxjava-2.0.0-SNAPSHOT.pom
[INFO]                                                                         
[INFO] ------------------------------------------------------------------------
[INFO] Building Converters 2.0.0-SNAPSHOT
[INFO] ------------------------------------------------------------------------
[INFO] 
[INFO] --- maven-enforcer-plugin:1.0:enforce (enforce-maven) @ retrofit-converters ---
[INFO] 
[INFO] --- animal-sniffer-maven-plugin:1.14:check (default) @ retrofit-converters ---
[INFO] Checking unresolved references to org.codehaus.mojo.signature:java16:1.1
[INFO] 
[INFO] --- maven-javadoc-plugin:2.10.3:jar (attach-javadocs) @ retrofit-converters ---
[INFO] Skipping javadoc generation
[INFO] 
[INFO] --- maven-checkstyle-plugin:2.15:checkstyle (default) @ retrofit-converters ---
[INFO] 
[INFO] --- maven-install-plugin:2.4:install (default-install) @ retrofit-converters ---
[INFO] Installing /home/travis/build/square/retrofit/retrofit-converters/pom.xml to /home/travis/.m2/repository/com/squareup/retrofit2/retrofit-converters/2.0.0-SNAPSHOT/retrofit-converters-2.0.0-SNAPSHOT.pom
[INFO]                                                                         
[INFO] ------------------------------------------------------------------------
[INFO] Building Converter: Gson 2.0.0-SNAPSHOT
[INFO] ------------------------------------------------------------------------
[INFO] 
[INFO] --- maven-enforcer-plugin:1.0:enforce (enforce-maven) @ converter-gson ---
[INFO] 
[INFO] --- maven-resources-plugin:2.6:resources (default-resources) @ converter-gson ---
[INFO] Using 'UTF-8' encoding to copy filtered resources.
[INFO] skip non existing resourceDirectory /home/travis/build/square/retrofit/retrofit-converters/gson/src/main/resources
[INFO] 
[INFO] --- maven-compiler-plugin:3.0:compile (default-compile) @ converter-gson ---
[INFO] Changes detected - recompiling the module!
[INFO] Compiling 3 source files to /home/travis/build/square/retrofit/retrofit-converters/gson/target/classes
[INFO] 
[INFO] --- maven-resources-plugin:2.6:testResources (default-testResources) @ converter-gson ---
[INFO] Using 'UTF-8' encoding to copy filtered resources.
[INFO] skip non existing resourceDirectory /home/travis/build/square/retrofit/retrofit-converters/gson/src/test/resources
[INFO] 
[INFO] --- maven-compiler-plugin:3.0:testCompile (default-testCompile) @ converter-gson ---
[INFO] Changes detected - recompiling the module!
[INFO] Compiling 1 source file to /home/travis/build/square/retrofit/retrofit-converters/gson/target/test-classes
[INFO] 
[INFO] --- maven-surefire-plugin:2.12.4:test (default-test) @ converter-gson ---
[INFO] Tests are skipped.
[INFO] 
[INFO] --- animal-sniffer-maven-plugin:1.14:check (default) @ converter-gson ---
[INFO] Checking unresolved references to org.codehaus.mojo.signature:java16:1.1
[INFO] 
[INFO] --- maven-jar-plugin:2.4:jar (default-jar) @ converter-gson ---
[INFO] Building jar: /home/travis/build/square/retrofit/retrofit-converters/gson/target/converter-gson-2.0.0-SNAPSHOT.jar
[INFO] 
[INFO] --- maven-javadoc-plugin:2.10.3:jar (attach-javadocs) @ converter-gson ---
[INFO] Skipping javadoc generation
[INFO] 
[INFO] --- maven-checkstyle-plugin:2.15:checkstyle (default) @ converter-gson ---
[INFO] Starting audit...
Audit done.
[WARNING] Unable to locate Source XRef to link to - DISABLED
[INFO] 
[INFO] --- maven-install-plugin:2.4:install (default-install) @ converter-gson ---
[INFO] Installing /home/travis/build/square/retrofit/retrofit-converters/gson/target/converter-gson-2.0.0-SNAPSHOT.jar to /home/travis/.m2/repository/com/squareup/retrofit2/converter-gson/2.0.0-SNAPSHOT/converter-gson-2.0.0-SNAPSHOT.jar
[INFO] Installing /home/travis/build/square/retrofit/retrofit-converters/gson/pom.xml to /home/travis/.m2/repository/com/squareup/retrofit2/converter-gson/2.0.0-SNAPSHOT/converter-gson-2.0.0-SNAPSHOT.pom
[INFO]                                                                         
[INFO] ------------------------------------------------------------------------
[INFO] Building Converter: Protocol Buffers 2.0.0-SNAPSHOT
[INFO] ------------------------------------------------------------------------
[INFO] 
[INFO] --- maven-enforcer-plugin:1.0:enforce (enforce-maven) @ converter-protobuf ---
[INFO] 
[INFO] --- maven-resources-plugin:2.6:resources (default-resources) @ converter-protobuf ---
[INFO] Using 'UTF-8' encoding to copy filtered resources.
[INFO] skip non existing resourceDirectory /home/travis/build/square/retrofit/retrofit-converters/protobuf/src/main/resources
[INFO] 
[INFO] --- maven-compiler-plugin:3.0:compile (default-compile) @ converter-protobuf ---
[INFO] Changes detected - recompiling the module!
[INFO] Compiling 3 source files to /home/travis/build/square/retrofit/retrofit-converters/protobuf/target/classes
[WARNING] /home/travis/build/square/retrofit/retrofit-converters/protobuf/src/main/java/retrofit2/ProtoConverterFactory.java: /home/travis/build/square/retrofit/retrofit-converters/protobuf/src/main/java/retrofit2/ProtoConverterFactory.java uses unchecked or unsafe operations.
[WARNING] /home/travis/build/square/retrofit/retrofit-converters/protobuf/src/main/java/retrofit2/ProtoConverterFactory.java: Recompile with -Xlint:unchecked for details.
[INFO] 
[INFO] --- maven-resources-plugin:2.6:testResources (default-testResources) @ converter-protobuf ---
[INFO] Using 'UTF-8' encoding to copy filtered resources.
[INFO] skip non existing resourceDirectory /home/travis/build/square/retrofit/retrofit-converters/protobuf/src/test/resources
[INFO] 
[INFO] --- maven-compiler-plugin:3.0:testCompile (default-testCompile) @ converter-protobuf ---
[INFO] Changes detected - recompiling the module!
[INFO] Compiling 2 source files to /home/travis/build/square/retrofit/retrofit-converters/protobuf/target/test-classes
[INFO] 
[INFO] --- maven-surefire-plugin:2.12.4:test (default-test) @ converter-protobuf ---
[INFO] Tests are skipped.
[INFO] 
[INFO] --- animal-sniffer-maven-plugin:1.14:check (default) @ converter-protobuf ---
[INFO] Checking unresolved references to org.codehaus.mojo.signature:java16:1.1
[INFO] 
[INFO] --- maven-jar-plugin:2.4:jar (default-jar) @ converter-protobuf ---
[INFO] Building jar: /home/travis/build/square/retrofit/retrofit-converters/protobuf/target/converter-protobuf-2.0.0-SNAPSHOT.jar
[INFO] 
[INFO] --- maven-javadoc-plugin:2.10.3:jar (attach-javadocs) @ converter-protobuf ---
[INFO] Skipping javadoc generation
[INFO] 
[INFO] --- maven-checkstyle-plugin:2.15:checkstyle (default) @ converter-protobuf ---
[INFO] Starting audit...
Audit done.
[WARNING] Unable to locate Source XRef to link to - DISABLED
[INFO] 
[INFO] --- maven-install-plugin:2.4:install (default-install) @ converter-protobuf ---
[INFO] Installing /home/travis/build/square/retrofit/retrofit-converters/protobuf/target/converter-protobuf-2.0.0-SNAPSHOT.jar to /home/travis/.m2/repository/com/squareup/retrofit2/converter-protobuf/2.0.0-SNAPSHOT/converter-protobuf-2.0.0-SNAPSHOT.jar
[INFO] Installing /home/travis/build/square/retrofit/retrofit-converters/protobuf/pom.xml to /home/travis/.m2/repository/com/squareup/retrofit2/converter-protobuf/2.0.0-SNAPSHOT/converter-protobuf-2.0.0-SNAPSHOT.pom
[INFO]                                                                         
[INFO] ------------------------------------------------------------------------
[INFO] Building Converter: Jackson 2.0.0-SNAPSHOT
[INFO] ------------------------------------------------------------------------
[INFO] 
[INFO] --- maven-enforcer-plugin:1.0:enforce (enforce-maven) @ converter-jackson ---
[INFO] 
[INFO] --- maven-resources-plugin:2.6:resources (default-resources) @ converter-jackson ---
[INFO] Using 'UTF-8' encoding to copy filtered resources.
[INFO] skip non existing resourceDirectory /home/travis/build/square/retrofit/retrofit-converters/jackson/src/main/resources
[INFO] 
[INFO] --- maven-compiler-plugin:3.0:compile (default-compile) @ converter-jackson ---
[INFO] Changes detected - recompiling the module!
[INFO] Compiling 3 source files to /home/travis/build/square/retrofit/retrofit-converters/jackson/target/classes
[INFO] 
[INFO] --- maven-resources-plugin:2.6:testResources (default-testResources) @ converter-jackson ---
[INFO] Using 'UTF-8' encoding to copy filtered resources.
[INFO] skip non existing resourceDirectory /home/travis/build/square/retrofit/retrofit-converters/jackson/src/test/resources
[INFO] 
[INFO] --- maven-compiler-plugin:3.0:testCompile (default-testCompile) @ converter-jackson ---
[INFO] Changes detected - recompiling the module!
[INFO] Compiling 1 source file to /home/travis/build/square/retrofit/retrofit-converters/jackson/target/test-classes
[INFO] 
[INFO] --- maven-surefire-plugin:2.12.4:test (default-test) @ converter-jackson ---
[INFO] Tests are skipped.
[INFO] 
[INFO] --- animal-sniffer-maven-plugin:1.14:check (default) @ converter-jackson ---
[INFO] Checking unresolved references to org.codehaus.mojo.signature:java16:1.1
[INFO] 
[INFO] --- maven-jar-plugin:2.4:jar (default-jar) @ converter-jackson ---
[INFO] Building jar: /home/travis/build/square/retrofit/retrofit-converters/jackson/target/converter-jackson-2.0.0-SNAPSHOT.jar
[INFO] 
[INFO] --- maven-javadoc-plugin:2.10.3:jar (attach-javadocs) @ converter-jackson ---
[INFO] Skipping javadoc generation
[INFO] 
[INFO] --- maven-checkstyle-plugin:2.15:checkstyle (default) @ converter-jackson ---
[INFO] Starting audit...
Audit done.
[WARNING] Unable to locate Source XRef to link to - DISABLED
[INFO] 
[INFO] --- maven-install-plugin:2.4:install (default-install) @ converter-jackson ---
[INFO] Installing /home/travis/build/square/retrofit/retrofit-converters/jackson/target/converter-jackson-2.0.0-SNAPSHOT.jar to /home/travis/.m2/repository/com/squareup/retrofit2/converter-jackson/2.0.0-SNAPSHOT/converter-jackson-2.0.0-SNAPSHOT.jar
[INFO] Installing /home/travis/build/square/retrofit/retrofit-converters/jackson/pom.xml to /home/travis/.m2/repository/com/squareup/retrofit2/converter-jackson/2.0.0-SNAPSHOT/converter-jackson-2.0.0-SNAPSHOT.pom
[INFO]                                                                         
[INFO] ------------------------------------------------------------------------
[INFO] Building Converter: Wire Protocol Buffers 2.0.0-SNAPSHOT
[INFO] ------------------------------------------------------------------------
[INFO] 
[INFO] --- maven-enforcer-plugin:1.0:enforce (enforce-maven) @ converter-wire ---
[INFO] 
[INFO] --- maven-resources-plugin:2.6:resources (default-resources) @ converter-wire ---
[INFO] Using 'UTF-8' encoding to copy filtered resources.
[INFO] skip non existing resourceDirectory /home/travis/build/square/retrofit/retrofit-converters/wire/src/main/resources
[INFO] 
[INFO] --- maven-compiler-plugin:3.0:compile (default-compile) @ converter-wire ---
[INFO] Changes detected - recompiling the module!
[INFO] Compiling 3 source files to /home/travis/build/square/retrofit/retrofit-converters/wire/target/classes
[WARNING] /home/travis/build/square/retrofit/retrofit-converters/wire/src/main/java/retrofit2/WireConverterFactory.java: /home/travis/build/square/retrofit/retrofit-converters/wire/src/main/java/retrofit2/WireConverterFactory.java uses unchecked or unsafe operations.
[WARNING] /home/travis/build/square/retrofit/retrofit-converters/wire/src/main/java/retrofit2/WireConverterFactory.java: Recompile with -Xlint:unchecked for details.
[INFO] 
[INFO] --- maven-resources-plugin:2.6:testResources (default-testResources) @ converter-wire ---
[INFO] Using 'UTF-8' encoding to copy filtered resources.
[INFO] skip non existing resourceDirectory /home/travis/build/square/retrofit/retrofit-converters/wire/src/test/resources
[INFO] 
[INFO] --- maven-compiler-plugin:3.0:testCompile (default-testCompile) @ converter-wire ---
[INFO] Changes detected - recompiling the module!
[INFO] Compiling 2 source files to /home/travis/build/square/retrofit/retrofit-converters/wire/target/test-classes
[INFO] 
[INFO] --- maven-surefire-plugin:2.12.4:test (default-test) @ converter-wire ---
[INFO] Tests are skipped.
[INFO] 
[INFO] --- animal-sniffer-maven-plugin:1.14:check (default) @ converter-wire ---
[INFO] Checking unresolved references to org.codehaus.mojo.signature:java16:1.1
[INFO] 
[INFO] --- maven-jar-plugin:2.4:jar (default-jar) @ converter-wire ---
[INFO] Building jar: /home/travis/build/square/retrofit/retrofit-converters/wire/target/converter-wire-2.0.0-SNAPSHOT.jar
[INFO] 
[INFO] --- maven-javadoc-plugin:2.10.3:jar (attach-javadocs) @ converter-wire ---
[INFO] Skipping javadoc generation
[INFO] 
[INFO] --- maven-checkstyle-plugin:2.15:checkstyle (default) @ converter-wire ---
[INFO] Starting audit...
Audit done.
[WARNING] Unable to locate Source XRef to link to - DISABLED
[INFO] 
[INFO] --- maven-install-plugin:2.4:install (default-install) @ converter-wire ---
[INFO] Installing /home/travis/build/square/retrofit/retrofit-converters/wire/target/converter-wire-2.0.0-SNAPSHOT.jar to /home/travis/.m2/repository/com/squareup/retrofit2/converter-wire/2.0.0-SNAPSHOT/converter-wire-2.0.0-SNAPSHOT.jar
[INFO] Installing /home/travis/build/square/retrofit/retrofit-converters/wire/pom.xml to /home/travis/.m2/repository/com/squareup/retrofit2/converter-wire/2.0.0-SNAPSHOT/converter-wire-2.0.0-SNAPSHOT.pom
[INFO]                                                                         
[INFO] ------------------------------------------------------------------------
[INFO] Building Converter: SimpleXML 2.0.0-SNAPSHOT
[INFO] ------------------------------------------------------------------------
[INFO] 
[INFO] --- maven-enforcer-plugin:1.0:enforce (enforce-maven) @ converter-simplexml ---
[INFO] 
[INFO] --- maven-resources-plugin:2.6:resources (default-resources) @ converter-simplexml ---
[INFO] Using 'UTF-8' encoding to copy filtered resources.
[INFO] skip non existing resourceDirectory /home/travis/build/square/retrofit/retrofit-converters/simplexml/src/main/resources
[INFO] 
[INFO] --- maven-compiler-plugin:3.0:compile (default-compile) @ converter-simplexml ---
[INFO] Changes detected - recompiling the module!
[INFO] Compiling 3 source files to /home/travis/build/square/retrofit/retrofit-converters/simplexml/target/classes
[INFO] 
[INFO] --- maven-resources-plugin:2.6:testResources (default-testResources) @ converter-simplexml ---
[INFO] Using 'UTF-8' encoding to copy filtered resources.
[INFO] skip non existing resourceDirectory /home/travis/build/square/retrofit/retrofit-converters/simplexml/src/test/resources
[INFO] 
[INFO] --- maven-compiler-plugin:3.0:testCompile (default-testCompile) @ converter-simplexml ---
[INFO] Changes detected - recompiling the module!
[INFO] Compiling 2 source files to /home/travis/build/square/retrofit/retrofit-converters/simplexml/target/test-classes
[INFO] 
[INFO] --- maven-surefire-plugin:2.12.4:test (default-test) @ converter-simplexml ---
[INFO] Tests are skipped.
[INFO] 
[INFO] --- animal-sniffer-maven-plugin:1.14:check (default) @ converter-simplexml ---
[INFO] Checking unresolved references to org.codehaus.mojo.signature:java16:1.1
[INFO] 
[INFO] --- maven-jar-plugin:2.4:jar (default-jar) @ converter-simplexml ---
[INFO] Building jar: /home/travis/build/square/retrofit/retrofit-converters/simplexml/target/converter-simplexml-2.0.0-SNAPSHOT.jar
[INFO] 
[INFO] --- maven-javadoc-plugin:2.10.3:jar (attach-javadocs) @ converter-simplexml ---
[INFO] Skipping javadoc generation
[INFO] 
[INFO] --- maven-checkstyle-plugin:2.15:checkstyle (default) @ converter-simplexml ---
[INFO] Starting audit...
Audit done.
[WARNING] Unable to locate Source XRef to link to - DISABLED
[INFO] 
[INFO] --- maven-install-plugin:2.4:install (default-install) @ converter-simplexml ---
[INFO] Installing /home/travis/build/square/retrofit/retrofit-converters/simplexml/target/converter-simplexml-2.0.0-SNAPSHOT.jar to /home/travis/.m2/repository/com/squareup/retrofit2/converter-simplexml/2.0.0-SNAPSHOT/converter-simplexml-2.0.0-SNAPSHOT.jar
[INFO] Installing /home/travis/build/square/retrofit/retrofit-converters/simplexml/pom.xml to /home/travis/.m2/repository/com/squareup/retrofit2/converter-simplexml/2.0.0-SNAPSHOT/converter-simplexml-2.0.0-SNAPSHOT.pom
[INFO]                                                                         
[INFO] ------------------------------------------------------------------------
[INFO] Building Converter: Java Scalars 2.0.0-SNAPSHOT
[INFO] ------------------------------------------------------------------------
[INFO] 
[INFO] --- maven-enforcer-plugin:1.0:enforce (enforce-maven) @ converter-scalars ---
[INFO] 
[INFO] --- maven-resources-plugin:2.6:resources (default-resources) @ converter-scalars ---
[INFO] Using 'UTF-8' encoding to copy filtered resources.
[INFO] skip non existing resourceDirectory /home/travis/build/square/retrofit/retrofit-converters/scalars/src/main/resources
[INFO] 
[INFO] --- maven-compiler-plugin:3.0:compile (default-compile) @ converter-scalars ---
[INFO] Changes detected - recompiling the module!
[INFO] Compiling 3 source files to /home/travis/build/square/retrofit/retrofit-converters/scalars/target/classes
[INFO] 
[INFO] --- maven-resources-plugin:2.6:testResources (default-testResources) @ converter-scalars ---
[INFO] Using 'UTF-8' encoding to copy filtered resources.
[INFO] skip non existing resourceDirectory /home/travis/build/square/retrofit/retrofit-converters/scalars/src/test/resources
[INFO] 
[INFO] --- maven-compiler-plugin:3.0:testCompile (default-testCompile) @ converter-scalars ---
[INFO] Changes detected - recompiling the module!
[INFO] Compiling 1 source file to /home/travis/build/square/retrofit/retrofit-converters/scalars/target/test-classes
[INFO] 
[INFO] --- maven-surefire-plugin:2.12.4:test (default-test) @ converter-scalars ---
[INFO] Tests are skipped.
[INFO] 
[INFO] --- animal-sniffer-maven-plugin:1.14:check (default) @ converter-scalars ---
[INFO] Checking unresolved references to org.codehaus.mojo.signature:java16:1.1
[INFO] 
[INFO] --- maven-jar-plugin:2.4:jar (default-jar) @ converter-scalars ---
[INFO] Building jar: /home/travis/build/square/retrofit/retrofit-converters/scalars/target/converter-scalars-2.0.0-SNAPSHOT.jar
[INFO] 
[INFO] --- maven-javadoc-plugin:2.10.3:jar (attach-javadocs) @ converter-scalars ---
[INFO] Skipping javadoc generation
[INFO] 
[INFO] --- maven-checkstyle-plugin:2.15:checkstyle (default) @ converter-scalars ---
[INFO] Starting audit...
Audit done.
[WARNING] Unable to locate Source XRef to link to - DISABLED
[INFO] 
[INFO] --- maven-install-plugin:2.4:install (default-install) @ converter-scalars ---
[INFO] Installing /home/travis/build/square/retrofit/retrofit-converters/scalars/target/converter-scalars-2.0.0-SNAPSHOT.jar to /home/travis/.m2/repository/com/squareup/retrofit2/converter-scalars/2.0.0-SNAPSHOT/converter-scalars-2.0.0-SNAPSHOT.jar
[INFO] Installing /home/travis/build/square/retrofit/retrofit-converters/scalars/pom.xml to /home/travis/.m2/repository/com/squareup/retrofit2/converter-scalars/2.0.0-SNAPSHOT/converter-scalars-2.0.0-SNAPSHOT.pom
[INFO]                                                                         
[INFO] ------------------------------------------------------------------------
[INFO] Building Converter: Moshi 2.0.0-SNAPSHOT
[INFO] ------------------------------------------------------------------------
[INFO] 
[INFO] --- maven-enforcer-plugin:1.0:enforce (enforce-maven) @ converter-moshi ---
[INFO] 
[INFO] --- maven-resources-plugin:2.6:resources (default-resources) @ converter-moshi ---
[INFO] Using 'UTF-8' encoding to copy filtered resources.
[INFO] skip non existing resourceDirectory /home/travis/build/square/retrofit/retrofit-converters/moshi/src/main/resources
[INFO] 
[INFO] --- maven-compiler-plugin:3.0:compile (default-compile) @ converter-moshi ---
[INFO] Changes detected - recompiling the module!
[INFO] Compiling 3 source files to /home/travis/build/square/retrofit/retrofit-converters/moshi/target/classes
[INFO] 
[INFO] --- maven-resources-plugin:2.6:testResources (default-testResources) @ converter-moshi ---
[INFO] Using 'UTF-8' encoding to copy filtered resources.
[INFO] skip non existing resourceDirectory /home/travis/build/square/retrofit/retrofit-converters/moshi/src/test/resources
[INFO] 
[INFO] --- maven-compiler-plugin:3.0:testCompile (default-testCompile) @ converter-moshi ---
[INFO] Changes detected - recompiling the module!
[INFO] Compiling 1 source file to /home/travis/build/square/retrofit/retrofit-converters/moshi/target/test-classes
[INFO] 
[INFO] --- maven-surefire-plugin:2.12.4:test (default-test) @ converter-moshi ---
[INFO] Tests are skipped.
[INFO] 
[INFO] --- animal-sniffer-maven-plugin:1.14:check (default) @ converter-moshi ---
[INFO] Checking unresolved references to org.codehaus.mojo.signature:java16:1.1
[INFO] 
[INFO] --- maven-jar-plugin:2.4:jar (default-jar) @ converter-moshi ---
[INFO] Building jar: /home/travis/build/square/retrofit/retrofit-converters/moshi/target/converter-moshi-2.0.0-SNAPSHOT.jar
[INFO] 
[INFO] --- maven-javadoc-plugin:2.10.3:jar (attach-javadocs) @ converter-moshi ---
[INFO] Skipping javadoc generation
[INFO] 
[INFO] --- maven-checkstyle-plugin:2.15:checkstyle (default) @ converter-moshi ---
[INFO] Starting audit...
Audit done.
[WARNING] Unable to locate Source XRef to link to - DISABLED
[INFO] 
[INFO] --- maven-install-plugin:2.4:install (default-install) @ converter-moshi ---
[INFO] Installing /home/travis/build/square/retrofit/retrofit-converters/moshi/target/converter-moshi-2.0.0-SNAPSHOT.jar to /home/travis/.m2/repository/com/squareup/retrofit2/converter-moshi/2.0.0-SNAPSHOT/converter-moshi-2.0.0-SNAPSHOT.jar
[INFO] Installing /home/travis/build/square/retrofit/retrofit-converters/moshi/pom.xml to /home/travis/.m2/repository/com/squareup/retrofit2/converter-moshi/2.0.0-SNAPSHOT/converter-moshi-2.0.0-SNAPSHOT.pom
[INFO]                                                                         
[INFO] ------------------------------------------------------------------------
[INFO] Building Retrofit Mock Adapter 2.0.0-SNAPSHOT
[INFO] ------------------------------------------------------------------------
[INFO] 
[INFO] --- maven-enforcer-plugin:1.0:enforce (enforce-maven) @ retrofit-mock ---
[INFO] 
[INFO] --- maven-resources-plugin:2.6:resources (default-resources) @ retrofit-mock ---
[INFO] Using 'UTF-8' encoding to copy filtered resources.
[INFO] skip non existing resourceDirectory /home/travis/build/square/retrofit/retrofit-mock/src/main/resources
[INFO] 
[INFO] --- maven-compiler-plugin:3.0:compile (default-compile) @ retrofit-mock ---
[INFO] Changes detected - recompiling the module!
[INFO] Compiling 5 source files to /home/travis/build/square/retrofit/retrofit-mock/target/classes
[INFO] 
[INFO] --- maven-resources-plugin:2.6:testResources (default-testResources) @ retrofit-mock ---
[INFO] Using 'UTF-8' encoding to copy filtered resources.
[INFO] skip non existing resourceDirectory /home/travis/build/square/retrofit/retrofit-mock/src/test/resources
[INFO] 
[INFO] --- maven-compiler-plugin:3.0:testCompile (default-testCompile) @ retrofit-mock ---
[INFO] Changes detected - recompiling the module!
[INFO] Compiling 3 source files to /home/travis/build/square/retrofit/retrofit-mock/target/test-classes
[INFO] 
[INFO] --- maven-surefire-plugin:2.12.4:test (default-test) @ retrofit-mock ---
[INFO] Tests are skipped.
[INFO] 
[INFO] --- animal-sniffer-maven-plugin:1.14:check (default) @ retrofit-mock ---
[INFO] Checking unresolved references to org.codehaus.mojo.signature:java16:1.1
[INFO] 
[INFO] --- maven-jar-plugin:2.4:jar (default-jar) @ retrofit-mock ---
[INFO] Building jar: /home/travis/build/square/retrofit/retrofit-mock/target/retrofit-mock-2.0.0-SNAPSHOT.jar
[INFO] 
[INFO] --- maven-javadoc-plugin:2.10.3:jar (attach-javadocs) @ retrofit-mock ---
[INFO] Skipping javadoc generation
[INFO] 
[INFO] --- maven-checkstyle-plugin:2.15:checkstyle (default) @ retrofit-mock ---
[INFO] Starting audit...
Audit done.
[WARNING] Unable to locate Source XRef to link to - DISABLED
[INFO] 
[INFO] --- maven-install-plugin:2.4:install (default-install) @ retrofit-mock ---
[INFO] Installing /home/travis/build/square/retrofit/retrofit-mock/target/retrofit-mock-2.0.0-SNAPSHOT.jar to /home/travis/.m2/repository/com/squareup/retrofit2/retrofit-mock/2.0.0-SNAPSHOT/retrofit-mock-2.0.0-SNAPSHOT.jar
[INFO] Installing /home/travis/build/square/retrofit/retrofit-mock/pom.xml to /home/travis/.m2/repository/com/squareup/retrofit2/retrofit-mock/2.0.0-SNAPSHOT/retrofit-mock-2.0.0-SNAPSHOT.pom
[INFO]                                                                         
[INFO] ------------------------------------------------------------------------
[INFO] Building Samples 2.0.0-SNAPSHOT
[INFO] ------------------------------------------------------------------------
[INFO] 
[INFO] --- maven-enforcer-plugin:1.0:enforce (enforce-maven) @ samples ---
[INFO] 
[INFO] --- maven-resources-plugin:2.6:resources (default-resources) @ samples ---
[INFO] Using 'UTF-8' encoding to copy filtered resources.
[INFO] skip non existing resourceDirectory /home/travis/build/square/retrofit/samples/src/main/resources
[INFO] 
[INFO] --- maven-compiler-plugin:3.0:compile (default-compile) @ samples ---
[INFO] Changes detected - recompiling the module!
[INFO] Compiling 6 source files to /home/travis/build/square/retrofit/samples/target/classes
[INFO] 
[INFO] --- maven-resources-plugin:2.6:testResources (default-testResources) @ samples ---
[INFO] Using 'UTF-8' encoding to copy filtered resources.
[INFO] skip non existing resourceDirectory /home/travis/build/square/retrofit/samples/src/test/resources
[INFO] 
[INFO] --- maven-compiler-plugin:3.0:testCompile (default-testCompile) @ samples ---
[INFO] No sources to compile
[INFO] 
[INFO] --- maven-surefire-plugin:2.12.4:test (default-test) @ samples ---
[INFO] Tests are skipped.
[INFO] 
[INFO] --- animal-sniffer-maven-plugin:1.14:check (default) @ samples ---
[INFO] Checking unresolved references to org.codehaus.mojo.signature:java16:1.1
[INFO] 
[INFO] --- maven-jar-plugin:2.4:jar (default-jar) @ samples ---
[INFO] Building jar: /home/travis/build/square/retrofit/samples/target/samples-2.0.0-SNAPSHOT.jar
[INFO] 
[INFO] --- maven-javadoc-plugin:2.10.3:jar (attach-javadocs) @ samples ---
[INFO] Skipping javadoc generation
[INFO] 
[INFO] --- maven-checkstyle-plugin:2.15:checkstyle (default) @ samples ---
[INFO] Starting audit...
Audit done.
[WARNING] Unable to locate Source XRef to link to - DISABLED
[INFO] 
[INFO] --- maven-install-plugin:2.4:install (default-install) @ samples ---
[INFO] Installing /home/travis/build/square/retrofit/samples/target/samples-2.0.0-SNAPSHOT.jar to /home/travis/.m2/repository/com/squareup/retrofit2/samples/2.0.0-SNAPSHOT/samples-2.0.0-SNAPSHOT.jar
[INFO] Installing /home/travis/build/square/retrofit/samples/pom.xml to /home/travis/.m2/repository/com/squareup/retrofit2/samples/2.0.0-SNAPSHOT/samples-2.0.0-SNAPSHOT.pom
[INFO] ------------------------------------------------------------------------
[INFO] Reactor Summary:
[INFO] 
[INFO] Retrofit (Parent) .................................. SUCCESS [  5.407 s]
[INFO] Retrofit ........................................... SUCCESS [ 13.483 s]
[INFO] Adapters ........................................... SUCCESS [  0.534 s]
[INFO] Adapter: RxJava .................................... SUCCESS [  2.469 s]
[INFO] Converters ......................................... SUCCESS [  0.238 s]
[INFO] Converter: Gson .................................... SUCCESS [  1.298 s]
[INFO] Converter: Protocol Buffers ........................ SUCCESS [  1.504 s]
[INFO] Converter: Jackson ................................. SUCCESS [  1.128 s]
[INFO] Converter: Wire Protocol Buffers ................... SUCCESS [  1.312 s]
[INFO] Converter: SimpleXML ............................... SUCCESS [  1.393 s]
[INFO] Converter: Java Scalars ............................ SUCCESS [  1.763 s]
[INFO] Converter: Moshi ................................... SUCCESS [  1.281 s]
[INFO] Retrofit Mock Adapter .............................. SUCCESS [  1.459 s]
[INFO] Samples ............................................ SUCCESS [  1.581 s]
[INFO] ------------------------------------------------------------------------
[INFO] BUILD SUCCESS
[INFO] ------------------------------------------------------------------------
[INFO] Total time: 35.264 s
[INFO] Finished at: 2016-01-21T22:02:41+00:00
[INFO] Final Memory: 44M/376M
[INFO] ------------------------------------------------------------------------

travis_time:end:04b10a55:start=1453413724681073840,finish=1453413762022580431,duration=37341506591[0Ktravis_fold:end:install[0Ktravis_time:start:035e0b06[0K$ mvn test -B
Java HotSpot(TM) 64-Bit Server VM warning: ignoring option MaxPermSize=192m; support was removed in 8.0
[INFO] Scanning for projects...
[WARNING] 
[WARNING] Some problems were encountered while building the effective model for com.squareup.retrofit2:samples:jar:2.0.0-SNAPSHOT
[WARNING] 'build.plugins.plugin.version' for org.apache.maven.plugins:maven-deploy-plugin is missing. @ com.squareup.retrofit2:samples:[unknown-version], /home/travis/build/square/retrofit/samples/pom.xml, line 45, column 15
[WARNING] 
[WARNING] It is highly recommended to fix these problems because they threaten the stability of your build.
[WARNING] 
[WARNING] For this reason, future Maven versions might no longer support building such malformed projects.
[WARNING] 
[INFO] ------------------------------------------------------------------------
[INFO] Reactor Build Order:
[INFO] 
[INFO] Retrofit (Parent)
[INFO] Retrofit
[INFO] Adapters
[INFO] Adapter: RxJava
[INFO] Converters
[INFO] Converter: Gson
[INFO] Converter: Protocol Buffers
[INFO] Converter: Jackson
[INFO] Converter: Wire Protocol Buffers
[INFO] Converter: SimpleXML
[INFO] Converter: Java Scalars
[INFO] Converter: Moshi
[INFO] Retrofit Mock Adapter
[INFO] Samples
[INFO]                                                                         
[INFO] ------------------------------------------------------------------------
[INFO] Building Retrofit (Parent) 2.0.0-SNAPSHOT
[INFO] ------------------------------------------------------------------------
[INFO] 
[INFO] --- maven-enforcer-plugin:1.0:enforce (enforce-maven) @ parent ---
[INFO] 
[INFO] --- animal-sniffer-maven-plugin:1.14:check (default) @ parent ---
[INFO] Checking unresolved references to org.codehaus.mojo.signature:java16:1.1
[INFO]                                                                         
[INFO] ------------------------------------------------------------------------
[INFO] Building Retrofit 2.0.0-SNAPSHOT
[INFO] ------------------------------------------------------------------------
[INFO] 
[INFO] --- maven-enforcer-plugin:1.0:enforce (enforce-maven) @ retrofit ---
[INFO] 
[INFO] --- maven-resources-plugin:2.6:resources (default-resources) @ retrofit ---
[INFO] Using 'UTF-8' encoding to copy filtered resources.
[INFO] skip non existing resourceDirectory /home/travis/build/square/retrofit/retrofit/src/main/resources
[INFO] 
[INFO] --- maven-compiler-plugin:3.0:compile (default-compile) @ retrofit ---
[INFO] Changes detected - recompiling the module!
[INFO] Compiling 44 source files to /home/travis/build/square/retrofit/retrofit/target/classes
[WARNING] /home/travis/build/square/retrofit/retrofit/src/main/java/retrofit2/Retrofit.java: Some input files use unchecked or unsafe operations.
[WARNING] /home/travis/build/square/retrofit/retrofit/src/main/java/retrofit2/Retrofit.java: Recompile with -Xlint:unchecked for details.
[INFO] 
[INFO] --- maven-resources-plugin:2.6:testResources (default-testResources) @ retrofit ---
[INFO] Using 'UTF-8' encoding to copy filtered resources.
[INFO] skip non existing resourceDirectory /home/travis/build/square/retrofit/retrofit/src/test/resources
[INFO] 
[INFO] --- maven-compiler-plugin:3.0:testCompile (default-testCompile) @ retrofit ---
[INFO] Changes detected - recompiling the module!
[INFO] Compiling 9 source files to /home/travis/build/square/retrofit/retrofit/target/test-classes
[WARNING] /home/travis/build/square/retrofit/retrofit/src/test/java/retrofit2/RetrofitTest.java: /home/travis/build/square/retrofit/retrofit/src/test/java/retrofit2/RetrofitTest.java uses unchecked or unsafe operations.
[WARNING] /home/travis/build/square/retrofit/retrofit/src/test/java/retrofit2/RetrofitTest.java: Recompile with -Xlint:unchecked for details.
[INFO] 
[INFO] --- maven-surefire-plugin:2.12.4:test (default-test) @ retrofit ---
[INFO] Surefire report directory: /home/travis/build/square/retrofit/retrofit/target/surefire-reports

-------------------------------------------------------
 T E S T S
-------------------------------------------------------
Running retrofit2.CallTest
Jan 21, 2016 10:02:54 PM okhttp3.mockwebserver.MockWebServer$3 execute
INFO: MockWebServer[34545] starting to accept connections
Jan 21, 2016 10:02:54 PM okhttp3.mockwebserver.MockWebServer$3 acceptConnections
INFO: MockWebServer[34545] done accepting connections: Socket closed
Jan 21, 2016 10:02:54 PM okhttp3.mockwebserver.MockWebServer$3 execute
INFO: MockWebServer[34292] starting to accept connections
Jan 21, 2016 10:02:54 PM okhttp3.mockwebserver.MockWebServer$4 processOneRequest
INFO: MockWebServer[34292] received request: GET / HTTP/1.1 and responded: HTTP/1.1 200 OK
Jan 21, 2016 10:02:54 PM okhttp3.mockwebserver.MockWebServer$3 acceptConnections
INFO: MockWebServer[34292] done accepting connections: Socket closed
Jan 21, 2016 10:02:54 PM okhttp3.mockwebserver.MockWebServer$3 execute
INFO: MockWebServer[35034] starting to accept connections
Jan 21, 2016 10:02:54 PM okhttp3.mockwebserver.MockWebServer$4 processOneRequest
INFO: MockWebServer[35034] received request: GET / HTTP/1.1 and responded: HTTP/1.1 404 Client Error
Jan 21, 2016 10:02:54 PM okhttp3.mockwebserver.MockWebServer$3 acceptConnections
INFO: MockWebServer[35034] done accepting connections: Socket closed
Jan 21, 2016 10:02:54 PM okhttp3.mockwebserver.MockWebServer$3 execute
INFO: MockWebServer[51909] starting to accept connections
Jan 21, 2016 10:02:54 PM okhttp3.mockwebserver.MockWebServer$4 processOneRequest
INFO: MockWebServer[51909] received request: POST /Hello HTTP/1.1 and responded: HTTP/1.1 200 OK
Jan 21, 2016 10:02:54 PM okhttp3.mockwebserver.MockWebServer$3 acceptConnections
INFO: MockWebServer[51909] done accepting connections: Socket closed
Jan 21, 2016 10:02:54 PM okhttp3.mockwebserver.MockWebServer$3 execute
INFO: MockWebServer[47733] starting to accept connections
Jan 21, 2016 10:02:54 PM okhttp3.mockwebserver.MockWebServer$3 acceptConnections
INFO: MockWebServer[47733] done accepting connections: Socket closed
Jan 21, 2016 10:02:54 PM okhttp3.mockwebserver.MockWebServer$3 execute
INFO: MockWebServer[38749] starting to accept connections
Jan 21, 2016 10:02:54 PM okhttp3.mockwebserver.MockWebServer$3 acceptConnections
INFO: MockWebServer[38749] done accepting connections: Socket closed
Jan 21, 2016 10:02:54 PM okhttp3.mockwebserver.MockWebServer$3 execute
INFO: MockWebServer[36746] starting to accept connections
Jan 21, 2016 10:02:54 PM okhttp3.mockwebserver.MockWebServer$4 processOneRequest
INFO: MockWebServer[36746] received request: GET / HTTP/1.1 and responded: HTTP/1.1 200 OK
Jan 21, 2016 10:02:54 PM okhttp3.mockwebserver.MockWebServer$3 acceptConnections
INFO: MockWebServer[36746] done accepting connections: Socket closed
Jan 21, 2016 10:02:54 PM okhttp3.mockwebserver.MockWebServer$3 execute
INFO: MockWebServer[37153] starting to accept connections
Jan 21, 2016 10:02:54 PM okhttp3.mockwebserver.MockWebServer$4 processOneRequest
INFO: MockWebServer[37153] received request: GET / HTTP/1.1 and responded: HTTP/1.1 200 OK
Jan 21, 2016 10:02:54 PM okhttp3.mockwebserver.MockWebServer$3 acceptConnections
INFO: MockWebServer[37153] done accepting connections: Socket closed
Jan 21, 2016 10:02:54 PM okhttp3.mockwebserver.MockWebServer$3 execute
INFO: MockWebServer[35013] starting to accept connections
Jan 21, 2016 10:02:54 PM okhttp3.mockwebserver.MockWebServer$3 acceptConnections
INFO: MockWebServer[35013] done accepting connections: Socket closed
Jan 21, 2016 10:02:54 PM okhttp3.mockwebserver.MockWebServer$3 execute
INFO: MockWebServer[44380] starting to accept connections
Jan 21, 2016 10:02:54 PM okhttp3.mockwebserver.MockWebServer$3 acceptConnections
INFO: MockWebServer[44380] done accepting connections: Socket closed
Jan 21, 2016 10:02:54 PM okhttp3.mockwebserver.MockWebServer$4 processOneRequest
INFO: MockWebServer[44380] received request: POST /Hello HTTP/1.1 and responded: HTTP/1.1 200 OK
Jan 21, 2016 10:02:54 PM okhttp3.mockwebserver.MockWebServer$3 execute
INFO: MockWebServer[48067] starting to accept connections
Jan 21, 2016 10:02:54 PM okhttp3.mockwebserver.MockWebServer$4 processOneRequest
INFO: MockWebServer[48067] received request: POST /Hello HTTP/1.1 and responded: HTTP/1.1 200 OK
Jan 21, 2016 10:02:54 PM okhttp3.mockwebserver.MockWebServer$3 acceptConnections
INFO: MockWebServer[48067] done accepting connections: Socket closed
Jan 21, 2016 10:02:54 PM okhttp3.mockwebserver.MockWebServer$3 execute
INFO: MockWebServer[41460] starting to accept connections
Jan 21, 2016 10:02:54 PM okhttp3.mockwebserver.MockWebServer$3 acceptConnections
INFO: MockWebServer[41460] done accepting connections: Socket is closed
Jan 21, 2016 10:02:54 PM okhttp3.mockwebserver.MockWebServer$3 execute
INFO: MockWebServer[40579] starting to accept connections
Jan 21, 2016 10:02:54 PM okhttp3.mockwebserver.MockWebServer$4 processOneRequest
INFO: MockWebServer[40579] received request: GET / HTTP/1.1 and responded: HTTP/1.1 404 Client Error
Jan 21, 2016 10:02:54 PM okhttp3.mockwebserver.MockWebServer$3 acceptConnections
INFO: MockWebServer[40579] done accepting connections: Socket closed
Jan 21, 2016 10:02:54 PM okhttp3.mockwebserver.MockWebServer$3 execute
INFO: MockWebServer[57904] starting to accept connections
Jan 21, 2016 10:02:54 PM okhttp3.mockwebserver.MockWebServer$4 processOneRequest
INFO: MockWebServer[57904] received request: POST / HTTP/1.1 and responded: HTTP/1.1 200 OK
Jan 21, 2016 10:02:54 PM okhttp3.mockwebserver.MockWebServer$3 acceptConnections
INFO: MockWebServer[57904] done accepting connections: Socket closed
Jan 21, 2016 10:02:54 PM okhttp3.mockwebserver.MockWebServer$3 execute
INFO: MockWebServer[40231] starting to accept connections
Jan 21, 2016 10:02:55 PM okhttp3.mockwebserver.MockWebServer$4 processOneRequest
INFO: MockWebServer[40231] received request: GET / HTTP/1.1 and responded: HTTP/1.1 204 Nothin
Jan 21, 2016 10:02:55 PM okhttp3.mockwebserver.MockWebServer$3 acceptConnections
INFO: MockWebServer[40231] done accepting connections: Socket closed
Jan 21, 2016 10:02:55 PM okhttp3.mockwebserver.MockWebServer$3 execute
INFO: MockWebServer[35107] starting to accept connections
Jan 21, 2016 10:02:55 PM okhttp3.mockwebserver.MockWebServer$3 acceptConnections
INFO: MockWebServer[35107] done accepting connections: Socket is closed
Jan 21, 2016 10:02:55 PM okhttp3.mockwebserver.MockWebServer$3 execute
INFO: MockWebServer[44096] starting to accept connections
Jan 21, 2016 10:02:55 PM okhttp3.mockwebserver.MockWebServer$3 acceptConnections
INFO: MockWebServer[44096] done accepting connections: Socket closed
Jan 21, 2016 10:02:55 PM okhttp3.mockwebserver.MockWebServer$4 processOneRequest
INFO: MockWebServer[44096] received request: GET / HTTP/1.1 and responded: HTTP/1.1 200 OK
Jan 21, 2016 10:02:55 PM okhttp3.mockwebserver.MockWebServer$3 execute
INFO: MockWebServer[42722] starting to accept connections
Jan 21, 2016 10:02:55 PM okhttp3.mockwebserver.MockWebServer$4 processOneRequest
INFO: MockWebServer[42722] received request: POST /Hello HTTP/1.1 and responded: HTTP/1.1 200 OK
Jan 21, 2016 10:02:55 PM okhttp3.mockwebserver.MockWebServer$3 acceptConnections
INFO: MockWebServer[42722] done accepting connections: Socket closed
Jan 21, 2016 10:02:55 PM okhttp3.mockwebserver.MockWebServer$3 execute
INFO: MockWebServer[49151] starting to accept connections
Jan 21, 2016 10:02:55 PM okhttp3.mockwebserver.MockWebServer$4 processOneRequest
INFO: MockWebServer[49151] received request: GET / HTTP/1.1 and responded: HTTP/1.1 200 OK
Jan 21, 2016 10:02:55 PM okhttp3.mockwebserver.MockWebServer$3 acceptConnections
INFO: MockWebServer[49151] done accepting connections: Socket closed
Jan 21, 2016 10:02:55 PM okhttp3.mockwebserver.MockWebServer$3 execute
INFO: MockWebServer[44460] starting to accept connections
Jan 21, 2016 10:02:55 PM okhttp3.mockwebserver.MockWebServer$3 acceptConnections
INFO: MockWebServer[44460] done accepting connections: Socket closed
Jan 21, 2016 10:02:55 PM okhttp3.mockwebserver.MockWebServer$4 processOneRequest
INFO: MockWebServer[44460] received request: POST / HTTP/1.1 and responded: HTTP/1.1 200 OK
Jan 21, 2016 10:02:55 PM okhttp3.mockwebserver.MockWebServer$3 execute
INFO: MockWebServer[47043] starting to accept connections
Jan 21, 2016 10:02:55 PM okhttp3.mockwebserver.MockWebServer$3 acceptConnections
INFO: MockWebServer[47043] done accepting connections: Socket is closed
Jan 21, 2016 10:02:55 PM okhttp3.mockwebserver.MockWebServer$3 execute
INFO: MockWebServer[51671] starting to accept connections
Jan 21, 2016 10:02:55 PM okhttp3.mockwebserver.MockWebServer$3 acceptConnections
INFO: MockWebServer[51671] done accepting connections: Socket is closed
Jan 21, 2016 10:02:55 PM okhttp3.mockwebserver.MockWebServer$3 execute
INFO: MockWebServer[52133] starting to accept connections
Jan 21, 2016 10:02:55 PM okhttp3.mockwebserver.MockWebServer$3 acceptConnections
INFO: MockWebServer[52133] done accepting connections: Socket closed
Jan 21, 2016 10:02:55 PM okhttp3.mockwebserver.MockWebServer$3 execute
INFO: MockWebServer[34068] starting to accept connections
Jan 21, 2016 10:02:55 PM okhttp3.mockwebserver.MockWebServer$3 acceptConnections
INFO: MockWebServer[34068] done accepting connections: Socket closed
Jan 21, 2016 10:02:55 PM okhttp3.mockwebserver.MockWebServer$4 processOneRequest
INFO: MockWebServer[34068] received request: GET / HTTP/1.1 and responded: HTTP/1.1 200 OK
Jan 21, 2016 10:02:55 PM okhttp3.mockwebserver.MockWebServer$3 execute
INFO: MockWebServer[34975] starting to accept connections
Jan 21, 2016 10:02:55 PM okhttp3.mockwebserver.MockWebServer$4 processOneRequest
INFO: MockWebServer[34975] received request: GET / HTTP/1.1 and responded: HTTP/1.1 200 OK
Jan 21, 2016 10:02:55 PM okhttp3.mockwebserver.MockWebServer$3 acceptConnections
INFO: MockWebServer[34975] done accepting connections: Socket closed
Jan 21, 2016 10:02:55 PM okhttp3.mockwebserver.MockWebServer$3 execute
INFO: MockWebServer[41388] starting to accept connections
Jan 21, 2016 10:02:55 PM okhttp3.mockwebserver.MockWebServer$4 processOneRequest
INFO: MockWebServer[41388] received request: GET / HTTP/1.1 and responded: HTTP/1.1 205 Nothin
Jan 21, 2016 10:02:55 PM okhttp3.mockwebserver.MockWebServer$3 acceptConnections
INFO: MockWebServer[41388] done accepting connections: Socket closed
Jan 21, 2016 10:02:55 PM okhttp3.mockwebserver.MockWebServer$3 execute
INFO: MockWebServer[51188] starting to accept connections
Jan 21, 2016 10:02:55 PM okhttp3.mockwebserver.MockWebServer$4 processOneRequest
INFO: MockWebServer[51188] received request: GET / HTTP/1.1 and responded: HTTP/1.1 200 OK
Jan 21, 2016 10:02:55 PM okhttp3.mockwebserver.MockWebServer$4 processOneRequest
INFO: MockWebServer[51188] received request: GET / HTTP/1.1 and responded: HTTP/1.1 200 OK
Jan 21, 2016 10:02:55 PM okhttp3.mockwebserver.MockWebServer$3 acceptConnections
INFO: MockWebServer[51188] done accepting connections: Socket closed
Jan 21, 2016 10:02:55 PM okhttp3.mockwebserver.MockWebServer$3 execute
INFO: MockWebServer[56218] starting to accept connections
Jan 21, 2016 10:02:55 PM okhttp3.mockwebserver.MockWebServer$4 processOneRequest
INFO: MockWebServer[56218] received request: GET / HTTP/1.1 and responded: HTTP/1.1 200 OK
Jan 21, 2016 10:02:55 PM okhttp3.mockwebserver.MockWebServer$3 acceptConnections
INFO: MockWebServer[56218] done accepting connections: Socket closed
Jan 21, 2016 10:02:55 PM okhttp3.mockwebserver.MockWebServer$3 execute
INFO: MockWebServer[48770] starting to accept connections
Jan 21, 2016 10:02:55 PM okhttp3.mockwebserver.MockWebServer$3 acceptConnections
INFO: MockWebServer[48770] done accepting connections: Socket closed
Jan 21, 2016 10:02:55 PM okhttp3.mockwebserver.MockWebServer$3 execute
INFO: MockWebServer[38211] starting to accept connections
Jan 21, 2016 10:02:55 PM okhttp3.mockwebserver.MockWebServer$3 acceptConnections
INFO: MockWebServer[38211] done accepting connections: Socket closed
Jan 21, 2016 10:02:55 PM okhttp3.mockwebserver.MockWebServer$3 execute
INFO: MockWebServer[46326] starting to accept connections
Jan 21, 2016 10:02:55 PM okhttp3.mockwebserver.MockWebServer$3 acceptConnections
INFO: MockWebServer[46326] done accepting connections: Socket closed
Jan 21, 2016 10:02:55 PM okhttp3.mockwebserver.MockWebServer$3 execute
INFO: MockWebServer[54835] starting to accept connections
Jan 21, 2016 10:02:55 PM okhttp3.mockwebserver.MockWebServer$3 acceptConnections
INFO: MockWebServer[54835] done accepting connections: Socket closed
Jan 21, 2016 10:02:55 PM okhttp3.mockwebserver.MockWebServer$4 processOneRequest
INFO: MockWebServer[54835] received request: GET / HTTP/1.1 and responded: HTTP/1.1 200 OK
Jan 21, 2016 10:02:55 PM okhttp3.mockwebserver.MockWebServer$3 execute
INFO: MockWebServer[45265] starting to accept connections
Jan 21, 2016 10:02:55 PM okhttp3.mockwebserver.MockWebServer$4 processOneRequest
INFO: MockWebServer[45265] received request: GET / HTTP/1.1 and responded: HTTP/1.1 200 OK
Jan 21, 2016 10:02:55 PM okhttp3.mockwebserver.MockWebServer$3 acceptConnections
INFO: MockWebServer[45265] done accepting connections: Socket closed
Jan 21, 2016 10:02:55 PM okhttp3.mockwebserver.MockWebServer$3 execute
INFO: MockWebServer[33889] starting to accept connections
Jan 21, 2016 10:02:55 PM okhttp3.mockwebserver.MockWebServer$3 acceptConnections
INFO: MockWebServer[33889] done accepting connections: Socket closed
Jan 21, 2016 10:02:55 PM okhttp3.mockwebserver.MockWebServer$4 processOneRequest
INFO: MockWebServer[33889] received request: GET / HTTP/1.1 and responded: HTTP/1.1 200 OK
Tests run: 34, Failures: 0, Errors: 0, Skipped: 0, Time elapsed: 1.022 sec
Running retrofit2.RequestBuilderTest
Tests run: 103, Failures: 0, Errors: 0, Skipped: 2, Time elapsed: 0.231 sec
Running retrofit2.ExecutorCallAdapterFactoryTest
Tests run: 7, Failures: 0, Errors: 0, Skipped: 0, Time elapsed: 0.174 sec
Running retrofit2.RequestBuilderAndroidTest
WARNING: No manifest file found at ./AndroidManifest.xml.Falling back to the Android OS resources only.
To remove this warning, annotate your test class with @Config(manifest=Config.NONE).
WARNING: No manifest file found at ./AndroidManifest.xml.Falling back to the Android OS resources only.
To remove this warning, annotate your test class with @Config(manifest=Config.NONE).
Tests run: 2, Failures: 0, Errors: 0, Skipped: 0, Time elapsed: 6.757 sec
Running retrofit2.ResponseTest
Tests run: 12, Failures: 0, Errors: 0, Skipped: 0, Time elapsed: 0.057 sec
Running retrofit2.RequestFactoryParserTest
Tests run: 1, Failures: 0, Errors: 0, Skipped: 0, Time elapsed: 0.004 sec
Running retrofit2.RetrofitTest
Jan 21, 2016 10:03:02 PM okhttp3.mockwebserver.MockWebServer$3 execute
INFO: MockWebServer[60723] starting to accept connections
Jan 21, 2016 10:03:03 PM okhttp3.mockwebserver.MockWebServer$3 acceptConnections
INFO: MockWebServer[60723] done accepting connections: Socket closed
Jan 21, 2016 10:03:03 PM okhttp3.mockwebserver.MockWebServer$3 execute
INFO: MockWebServer[57949] starting to accept connections
Jan 21, 2016 10:03:03 PM okhttp3.mockwebserver.MockWebServer$3 acceptConnections
INFO: MockWebServer[57949] done accepting connections: Socket closed
Jan 21, 2016 10:03:03 PM okhttp3.mockwebserver.MockWebServer$3 execute
INFO: MockWebServer[48204] starting to accept connections
Jan 21, 2016 10:03:03 PM okhttp3.mockwebserver.MockWebServer$3 acceptConnections
INFO: MockWebServer[48204] done accepting connections: Socket closed
Jan 21, 2016 10:03:03 PM okhttp3.mockwebserver.MockWebServer$3 execute
INFO: MockWebServer[34883] starting to accept connections
Jan 21, 2016 10:03:03 PM okhttp3.mockwebserver.MockWebServer$3 acceptConnections
INFO: MockWebServer[34883] done accepting connections: Socket is closed
Jan 21, 2016 10:03:03 PM okhttp3.mockwebserver.MockWebServer$3 execute
INFO: MockWebServer[45321] starting to accept connections
Jan 21, 2016 10:03:03 PM okhttp3.mockwebserver.MockWebServer$3 acceptConnections
INFO: MockWebServer[45321] done accepting connections: Socket closed
Jan 21, 2016 10:03:03 PM okhttp3.mockwebserver.MockWebServer$4 processOneRequest
INFO: MockWebServer[45321] received request: GET / HTTP/1.1 and responded: HTTP/1.1 200 OK
Jan 21, 2016 10:03:03 PM okhttp3.mockwebserver.MockWebServer$3 execute
INFO: MockWebServer[43712] starting to accept connections
Jan 21, 2016 10:03:03 PM okhttp3.mockwebserver.MockWebServer$3 acceptConnections
INFO: MockWebServer[43712] done accepting connections: Socket closed
Jan 21, 2016 10:03:03 PM okhttp3.mockwebserver.MockWebServer$3 execute
INFO: MockWebServer[48376] starting to accept connections
Jan 21, 2016 10:03:03 PM okhttp3.mockwebserver.MockWebServer$3 acceptConnections
INFO: MockWebServer[48376] done accepting connections: Socket is closed
Jan 21, 2016 10:03:03 PM okhttp3.mockwebserver.MockWebServer$3 execute
INFO: MockWebServer[46750] starting to accept connections
Jan 21, 2016 10:03:04 PM okhttp3.mockwebserver.MockWebServer$3 acceptConnections
INFO: MockWebServer[46750] done accepting connections: Socket closed
Jan 21, 2016 10:03:04 PM okhttp3.mockwebserver.MockWebServer$3 execute
INFO: MockWebServer[54592] starting to accept connections
Jan 21, 2016 10:03:04 PM okhttp3.mockwebserver.MockWebServer$3 acceptConnections
INFO: MockWebServer[54592] done accepting connections: Socket closed
Jan 21, 2016 10:03:04 PM okhttp3.mockwebserver.MockWebServer$3 execute
INFO: MockWebServer[40692] starting to accept connections
Jan 21, 2016 10:03:04 PM okhttp3.mockwebserver.MockWebServer$3 acceptConnections
INFO: MockWebServer[40692] done accepting connections: Socket closed
Jan 21, 2016 10:03:04 PM okhttp3.mockwebserver.MockWebServer$3 execute
INFO: MockWebServer[56528] starting to accept connections
Jan 21, 2016 10:03:04 PM okhttp3.mockwebserver.MockWebServer$3 acceptConnections
INFO: MockWebServer[56528] done accepting connections: Socket closed
Jan 21, 2016 10:03:04 PM okhttp3.mockwebserver.MockWebServer$3 execute
INFO: MockWebServer[58309] starting to accept connections
Jan 21, 2016 10:03:04 PM okhttp3.mockwebserver.MockWebServer$3 acceptConnections
INFO: MockWebServer[58309] done accepting connections: Socket closed
Jan 21, 2016 10:03:04 PM okhttp3.mockwebserver.MockWebServer$3 execute
INFO: MockWebServer[47531] starting to accept connections
Jan 21, 2016 10:03:04 PM okhttp3.mockwebserver.MockWebServer$3 acceptConnections
INFO: MockWebServer[47531] done accepting connections: Socket closed
Jan 21, 2016 10:03:04 PM okhttp3.mockwebserver.MockWebServer$3 execute
INFO: MockWebServer[54318] starting to accept connections
Jan 21, 2016 10:03:05 PM okhttp3.mockwebserver.MockWebServer$3 acceptConnections
INFO: MockWebServer[54318] done accepting connections: Socket closed
Jan 21, 2016 10:03:05 PM okhttp3.mockwebserver.MockWebServer$4 processOneRequest
INFO: MockWebServer[54318] received request: GET / HTTP/1.1 and responded: HTTP/1.1 200 OK
Jan 21, 2016 10:03:05 PM okhttp3.mockwebserver.MockWebServer$3 execute
INFO: MockWebServer[49642] starting to accept connections
Jan 21, 2016 10:03:05 PM okhttp3.mockwebserver.MockWebServer$3 acceptConnections
INFO: MockWebServer[49642] done accepting connections: Socket is closed
Jan 21, 2016 10:03:05 PM okhttp3.mockwebserver.MockWebServer$3 execute
INFO: MockWebServer[44194] starting to accept connections
Jan 21, 2016 10:03:05 PM okhttp3.mockwebserver.MockWebServer$3 acceptConnections
INFO: MockWebServer[44194] done accepting connections: Socket closed
Jan 21, 2016 10:03:05 PM okhttp3.mockwebserver.MockWebServer$3 execute
INFO: MockWebServer[51766] starting to accept connections
Jan 21, 2016 10:03:05 PM okhttp3.mockwebserver.MockWebServer$3 acceptConnections
INFO: MockWebServer[51766] done accepting connections: Socket closed
Jan 21, 2016 10:03:05 PM okhttp3.mockwebserver.MockWebServer$4 processOneRequest
INFO: MockWebServer[51766] received request: GET / HTTP/1.1 and responded: HTTP/1.1 200 OK
Jan 21, 2016 10:03:05 PM okhttp3.mockwebserver.MockWebServer$3 execute
INFO: MockWebServer[38382] starting to accept connections
Jan 21, 2016 10:03:05 PM okhttp3.mockwebserver.MockWebServer$3 acceptConnections
INFO: MockWebServer[38382] done accepting connections: Socket closed
Jan 21, 2016 10:03:05 PM okhttp3.mockwebserver.MockWebServer$3 execute
INFO: MockWebServer[38613] starting to accept connections
Jan 21, 2016 10:03:05 PM okhttp3.mockwebserver.MockWebServer$4 processOneRequest
INFO: MockWebServer[38613] received request: POST / HTTP/1.1 and responded: HTTP/1.1 200 OK
Jan 21, 2016 10:03:05 PM okhttp3.mockwebserver.MockWebServer$3 acceptConnections
INFO: MockWebServer[38613] done accepting connections: Socket closed
Jan 21, 2016 10:03:05 PM okhttp3.mockwebserver.MockWebServer$3 execute
INFO: MockWebServer[44038] starting to accept connections
Jan 21, 2016 10:03:05 PM okhttp3.mockwebserver.MockWebServer$3 acceptConnections
INFO: MockWebServer[44038] done accepting connections: Socket closed
Jan 21, 2016 10:03:05 PM okhttp3.mockwebserver.MockWebServer$3 execute
INFO: MockWebServer[42782] starting to accept connections
Jan 21, 2016 10:03:05 PM okhttp3.mockwebserver.MockWebServer$3 acceptConnections
INFO: MockWebServer[42782] done accepting connections: Socket closed
Jan 21, 2016 10:03:05 PM okhttp3.mockwebserver.MockWebServer$3 execute
INFO: MockWebServer[47595] starting to accept connections
Jan 21, 2016 10:03:05 PM okhttp3.mockwebserver.MockWebServer$3 acceptConnections
INFO: MockWebServer[47595] done accepting connections: Socket is closed
Jan 21, 2016 10:03:06 PM okhttp3.mockwebserver.MockWebServer$3 execute
INFO: MockWebServer[44304] starting to accept connections
Jan 21, 2016 10:03:06 PM okhttp3.mockwebserver.MockWebServer$3 acceptConnections
INFO: MockWebServer[44304] done accepting connections: Socket closed
Jan 21, 2016 10:03:06 PM okhttp3.mockwebserver.MockWebServer$3 execute
INFO: MockWebServer[35886] starting to accept connections
Jan 21, 2016 10:03:06 PM okhttp3.mockwebserver.MockWebServer$3 acceptConnections
INFO: MockWebServer[35886] done accepting connections: Socket is closed
Jan 21, 2016 10:03:06 PM okhttp3.mockwebserver.MockWebServer$3 execute
INFO: MockWebServer[51541] starting to accept connections
Jan 21, 2016 10:03:06 PM okhttp3.mockwebserver.MockWebServer$3 acceptConnections
INFO: MockWebServer[51541] done accepting connections: Socket is closed
Jan 21, 2016 10:03:06 PM okhttp3.mockwebserver.MockWebServer$3 execute
INFO: MockWebServer[51173] starting to accept connections
Jan 21, 2016 10:03:06 PM okhttp3.mockwebserver.MockWebServer$4 processOneRequest
INFO: MockWebServer[51173] received request: GET / HTTP/1.1 and responded: HTTP/1.1 200 OK
Jan 21, 2016 10:03:06 PM okhttp3.mockwebserver.MockWebServer$3 acceptConnections
INFO: MockWebServer[51173] done accepting connections: Socket closed
Jan 21, 2016 10:03:06 PM okhttp3.mockwebserver.MockWebServer$3 execute
INFO: MockWebServer[56955] starting to accept connections
Jan 21, 2016 10:03:06 PM okhttp3.mockwebserver.MockWebServer$3 acceptConnections
INFO: MockWebServer[56955] done accepting connections: Socket closed
Jan 21, 2016 10:03:06 PM okhttp3.mockwebserver.MockWebServer$3 execute
INFO: MockWebServer[48089] starting to accept connections
Jan 21, 2016 10:03:06 PM okhttp3.mockwebserver.MockWebServer$3 acceptConnections
INFO: MockWebServer[48089] done accepting connections: Socket closed
Jan 21, 2016 10:03:06 PM okhttp3.mockwebserver.MockWebServer$3 execute
INFO: MockWebServer[51124] starting to accept connections
Jan 21, 2016 10:03:06 PM okhttp3.mockwebserver.MockWebServer$3 acceptConnections
INFO: MockWebServer[51124] done accepting connections: Socket is closed
Jan 21, 2016 10:03:06 PM okhttp3.mockwebserver.MockWebServer$3 execute
INFO: MockWebServer[47953] starting to accept connections
Jan 21, 2016 10:03:06 PM okhttp3.mockwebserver.MockWebServer$3 acceptConnections
INFO: MockWebServer[47953] done accepting connections: Socket is closed
Jan 21, 2016 10:03:06 PM okhttp3.mockwebserver.MockWebServer$3 execute
INFO: MockWebServer[57262] starting to accept connections
Jan 21, 2016 10:03:06 PM okhttp3.mockwebserver.MockWebServer$3 acceptConnections
INFO: MockWebServer[57262] done accepting connections: Socket is closed
Jan 21, 2016 10:03:06 PM okhttp3.mockwebserver.MockWebServer$3 execute
INFO: MockWebServer[36683] starting to accept connections
Jan 21, 2016 10:03:06 PM okhttp3.mockwebserver.MockWebServer$3 acceptConnections
INFO: MockWebServer[36683] done accepting connections: Socket is closed
Jan 21, 2016 10:03:06 PM okhttp3.mockwebserver.MockWebServer$3 execute
INFO: MockWebServer[33471] starting to accept connections
Jan 21, 2016 10:03:06 PM okhttp3.mockwebserver.MockWebServer$3 acceptConnections
INFO: MockWebServer[33471] done accepting connections: Socket closed
Jan 21, 2016 10:03:06 PM okhttp3.mockwebserver.MockWebServer$3 execute
INFO: MockWebServer[49598] starting to accept connections
Jan 21, 2016 10:03:06 PM okhttp3.mockwebserver.MockWebServer$3 acceptConnections
INFO: MockWebServer[49598] done accepting connections: Socket is closed
Jan 21, 2016 10:03:06 PM okhttp3.mockwebserver.MockWebServer$3 execute
INFO: MockWebServer[36463] starting to accept connections
Jan 21, 2016 10:03:06 PM okhttp3.mockwebserver.MockWebServer$3 acceptConnections
INFO: MockWebServer[36463] done accepting connections: Socket is closed
Jan 21, 2016 10:03:06 PM okhttp3.mockwebserver.MockWebServer$3 execute
INFO: MockWebServer[53268] starting to accept connections
Jan 21, 2016 10:03:06 PM okhttp3.mockwebserver.MockWebServer$3 acceptConnections
INFO: MockWebServer[53268] done accepting connections: Socket is closed
Jan 21, 2016 10:03:06 PM okhttp3.mockwebserver.MockWebServer$3 execute
INFO: MockWebServer[52045] starting to accept connections
Jan 21, 2016 10:03:06 PM okhttp3.mockwebserver.MockWebServer$3 acceptConnections
INFO: MockWebServer[52045] done accepting connections: Socket is closed
Jan 21, 2016 10:03:06 PM okhttp3.mockwebserver.MockWebServer$3 execute
INFO: MockWebServer[57444] starting to accept connections
Jan 21, 2016 10:03:06 PM okhttp3.mockwebserver.MockWebServer$3 acceptConnections
INFO: MockWebServer[57444] done accepting connections: Socket closed
Jan 21, 2016 10:03:06 PM okhttp3.mockwebserver.MockWebServer$3 execute
INFO: MockWebServer[41373] starting to accept connections
Jan 21, 2016 10:03:06 PM okhttp3.mockwebserver.MockWebServer$3 acceptConnections
INFO: MockWebServer[41373] done accepting connections: Socket is closed
Jan 21, 2016 10:03:06 PM okhttp3.mockwebserver.MockWebServer$3 execute
INFO: MockWebServer[51349] starting to accept connections
Jan 21, 2016 10:03:06 PM okhttp3.mockwebserver.MockWebServer$3 acceptConnections
INFO: MockWebServer[51349] done accepting connections: Socket is closed
Jan 21, 2016 10:03:06 PM okhttp3.mockwebserver.MockWebServer$3 execute
INFO: MockWebServer[57604] starting to accept connections
Jan 21, 2016 10:03:06 PM okhttp3.mockwebserver.MockWebServer$3 acceptConnections
INFO: MockWebServer[57604] done accepting connections: Socket is closed
Jan 21, 2016 10:03:06 PM okhttp3.mockwebserver.MockWebServer$3 execute
INFO: MockWebServer[55690] starting to accept connections
Jan 21, 2016 10:03:06 PM okhttp3.mockwebserver.MockWebServer$3 acceptConnections
INFO: MockWebServer[55690] done accepting connections: Socket is closed
Jan 21, 2016 10:03:06 PM okhttp3.mockwebserver.MockWebServer$3 execute
INFO: MockWebServer[60707] starting to accept connections
Jan 21, 2016 10:03:06 PM okhttp3.mockwebserver.MockWebServer$3 acceptConnections
INFO: MockWebServer[60707] done accepting connections: Socket is closed
Jan 21, 2016 10:03:07 PM okhttp3.mockwebserver.MockWebServer$3 execute
INFO: MockWebServer[40906] starting to accept connections
Jan 21, 2016 10:03:07 PM okhttp3.mockwebserver.MockWebServer$3 acceptConnections
INFO: MockWebServer[40906] done accepting connections: Socket is closed
Jan 21, 2016 10:03:07 PM okhttp3.mockwebserver.MockWebServer$3 execute
INFO: MockWebServer[39476] starting to accept connections
Jan 21, 2016 10:03:07 PM okhttp3.mockwebserver.MockWebServer$3 acceptConnections
INFO: MockWebServer[39476] done accepting connections: Socket is closed
Jan 21, 2016 10:03:07 PM okhttp3.mockwebserver.MockWebServer$3 execute
INFO: MockWebServer[53931] starting to accept connections
Jan 21, 2016 10:03:07 PM okhttp3.mockwebserver.MockWebServer$3 acceptConnections
INFO: MockWebServer[53931] done accepting connections: Socket is closed
Jan 21, 2016 10:03:07 PM okhttp3.mockwebserver.MockWebServer$3 execute
INFO: MockWebServer[38153] starting to accept connections
Jan 21, 2016 10:03:07 PM okhttp3.mockwebserver.MockWebServer$3 acceptConnections
INFO: MockWebServer[38153] done accepting connections: Socket is closed
Jan 21, 2016 10:03:07 PM okhttp3.mockwebserver.MockWebServer$3 execute
INFO: MockWebServer[59046] starting to accept connections
Jan 21, 2016 10:03:07 PM okhttp3.mockwebserver.MockWebServer$3 acceptConnections
INFO: MockWebServer[59046] done accepting connections: Socket is closed
Jan 21, 2016 10:03:07 PM okhttp3.mockwebserver.MockWebServer$3 execute
INFO: MockWebServer[41890] starting to accept connections
Jan 21, 2016 10:03:07 PM okhttp3.mockwebserver.MockWebServer$3 acceptConnections
INFO: MockWebServer[41890] done accepting connections: Socket is closed
Jan 21, 2016 10:03:07 PM okhttp3.mockwebserver.MockWebServer$3 execute
INFO: MockWebServer[58652] starting to accept connections
Jan 21, 2016 10:03:07 PM okhttp3.mockwebserver.MockWebServer$3 acceptConnections
INFO: MockWebServer[58652] done accepting connections: Socket is closed
Jan 21, 2016 10:03:07 PM okhttp3.mockwebserver.MockWebServer$3 execute
INFO: MockWebServer[56497] starting to accept connections
Jan 21, 2016 10:03:07 PM okhttp3.mockwebserver.MockWebServer$3 acceptConnections
INFO: MockWebServer[56497] done accepting connections: Socket is closed
Jan 21, 2016 10:03:07 PM okhttp3.mockwebserver.MockWebServer$3 execute
INFO: MockWebServer[34736] starting to accept connections
Jan 21, 2016 10:03:07 PM okhttp3.mockwebserver.MockWebServer$3 acceptConnections
INFO: MockWebServer[34736] done accepting connections: Socket is closed
Jan 21, 2016 10:03:07 PM okhttp3.mockwebserver.MockWebServer$3 execute
INFO: MockWebServer[60639] starting to accept connections
Jan 21, 2016 10:03:07 PM okhttp3.mockwebserver.MockWebServer$3 acceptConnections
INFO: MockWebServer[60639] done accepting connections: Socket is closed
Jan 21, 2016 10:03:07 PM okhttp3.mockwebserver.MockWebServer$3 execute
INFO: MockWebServer[42653] starting to accept connections
Jan 21, 2016 10:03:07 PM okhttp3.mockwebserver.MockWebServer$3 acceptConnections
INFO: MockWebServer[42653] done accepting connections: Socket is closed
Jan 21, 2016 10:03:07 PM okhttp3.mockwebserver.MockWebServer$3 execute
INFO: MockWebServer[55186] starting to accept connections
Jan 21, 2016 10:03:07 PM okhttp3.mockwebserver.MockWebServer$3 acceptConnections
INFO: MockWebServer[55186] done accepting connections: Socket is closed
Jan 21, 2016 10:03:07 PM okhttp3.mockwebserver.MockWebServer$3 execute
INFO: MockWebServer[38551] starting to accept connections
Jan 21, 2016 10:03:07 PM okhttp3.mockwebserver.MockWebServer$3 acceptConnections
INFO: MockWebServer[38551] done accepting connections: Socket is closed
Jan 21, 2016 10:03:07 PM okhttp3.mockwebserver.MockWebServer$3 execute
INFO: MockWebServer[59598] starting to accept connections
Jan 21, 2016 10:03:07 PM okhttp3.mockwebserver.MockWebServer$3 acceptConnections
INFO: MockWebServer[59598] done accepting connections: Socket is closed
Jan 21, 2016 10:03:07 PM okhttp3.mockwebserver.MockWebServer$3 execute
INFO: MockWebServer[35444] starting to accept connections
Jan 21, 2016 10:03:07 PM okhttp3.mockwebserver.MockWebServer$3 acceptConnections
INFO: MockWebServer[35444] done accepting connections: Socket is closed
Jan 21, 2016 10:03:07 PM okhttp3.mockwebserver.MockWebServer$3 execute
INFO: MockWebServer[47766] starting to accept connections
Jan 21, 2016 10:03:07 PM okhttp3.mockwebserver.MockWebServer$3 acceptConnections
INFO: MockWebServer[47766] done accepting connections: Socket is closed
Jan 21, 2016 10:03:07 PM okhttp3.mockwebserver.MockWebServer$3 execute
INFO: MockWebServer[45330] starting to accept connections
Jan 21, 2016 10:03:07 PM okhttp3.mockwebserver.MockWebServer$3 acceptConnections
INFO: MockWebServer[45330] done accepting connections: Socket is closed
Jan 21, 2016 10:03:07 PM okhttp3.mockwebserver.MockWebServer$3 execute
INFO: MockWebServer[36976] starting to accept connections
Jan 21, 2016 10:03:07 PM okhttp3.mockwebserver.MockWebServer$3 acceptConnections
INFO: MockWebServer[36976] done accepting connections: Socket is closed
Tests run: 61, Failures: 0, Errors: 0, Skipped: 0, Time elapsed: 4.654 sec

Results :

Tests run: 220, Failures: 0, Errors: 0, Skipped: 2

[INFO] 
[INFO] --- animal-sniffer-maven-plugin:1.14:check (default) @ retrofit ---
[INFO] Checking unresolved references to org.codehaus.mojo.signature:java16:1.1
[INFO]                                                                         
[INFO] ------------------------------------------------------------------------
[INFO] Building Adapters 2.0.0-SNAPSHOT
[INFO] ------------------------------------------------------------------------
[INFO] 
[INFO] --- maven-enforcer-plugin:1.0:enforce (enforce-maven) @ retrofit-adapters ---
[INFO] 
[INFO] --- animal-sniffer-maven-plugin:1.14:check (default) @ retrofit-adapters ---
[INFO] Checking unresolved references to org.codehaus.mojo.signature:java16:1.1
[INFO]                                                                         
[INFO] ------------------------------------------------------------------------
[INFO] Building Adapter: RxJava 2.0.0-SNAPSHOT
[INFO] ------------------------------------------------------------------------
[INFO] 
[INFO] --- maven-enforcer-plugin:1.0:enforce (enforce-maven) @ adapter-rxjava ---
[INFO] 
[INFO] --- maven-resources-plugin:2.6:resources (default-resources) @ adapter-rxjava ---
[INFO] Using 'UTF-8' encoding to copy filtered resources.
[INFO] skip non existing resourceDirectory /home/travis/build/square/retrofit/retrofit-adapters/rxjava/src/main/resources
[INFO] 
[INFO] --- maven-compiler-plugin:3.0:compile (default-compile) @ adapter-rxjava ---
[INFO] Changes detected - recompiling the module!
[INFO] Compiling 4 source files to /home/travis/build/square/retrofit/retrofit-adapters/rxjava/target/classes
[INFO] 
[INFO] --- maven-resources-plugin:2.6:testResources (default-testResources) @ adapter-rxjava ---
[INFO] Using 'UTF-8' encoding to copy filtered resources.
[INFO] skip non existing resourceDirectory /home/travis/build/square/retrofit/retrofit-adapters/rxjava/src/test/resources
[INFO] 
[INFO] --- maven-compiler-plugin:3.0:testCompile (default-testCompile) @ adapter-rxjava ---
[INFO] Changes detected - recompiling the module!
[INFO] Compiling 2 source files to /home/travis/build/square/retrofit/retrofit-adapters/rxjava/target/test-classes
[INFO] 
[INFO] --- maven-surefire-plugin:2.12.4:test (default-test) @ adapter-rxjava ---
[INFO] Surefire report directory: /home/travis/build/square/retrofit/retrofit-adapters/rxjava/target/surefire-reports

-------------------------------------------------------
 T E S T S
-------------------------------------------------------
Running retrofit2.ResultTest
Tests run: 4, Failures: 0, Errors: 0, Skipped: 0, Time elapsed: 0.28 sec
Running retrofit2.RxJavaCallAdapterFactoryTest
Jan 21, 2016 10:03:09 PM okhttp3.mockwebserver.MockWebServer$3 execute
INFO: MockWebServer[55856] starting to accept connections
Jan 21, 2016 10:03:10 PM okhttp3.mockwebserver.MockWebServer$4 processConnection
WARNING: MockWebServer[55856] connection from /127.0.0.1 didn't make a request
Jan 21, 2016 10:03:10 PM okhttp3.mockwebserver.MockWebServer$3 acceptConnections
INFO: MockWebServer[55856] done accepting connections: Socket closed
Jan 21, 2016 10:03:10 PM okhttp3.mockwebserver.MockWebServer$3 execute
INFO: MockWebServer[57953] starting to accept connections
Jan 21, 2016 10:03:10 PM okhttp3.mockwebserver.MockWebServer$4 processOneRequest
INFO: MockWebServer[57953] received request: GET / HTTP/1.1 and responded: HTTP/1.1 200 OK
Jan 21, 2016 10:03:10 PM okhttp3.mockwebserver.MockWebServer$3 acceptConnections
INFO: MockWebServer[57953] done accepting connections: Socket closed
Jan 21, 2016 10:03:10 PM okhttp3.mockwebserver.MockWebServer$3 execute
INFO: MockWebServer[36681] starting to accept connections
Jan 21, 2016 10:03:10 PM okhttp3.mockwebserver.MockWebServer$4 processOneRequest
INFO: MockWebServer[36681] received request: GET / HTTP/1.1 and responded: HTTP/1.1 404 Client Error
Jan 21, 2016 10:03:10 PM okhttp3.mockwebserver.MockWebServer$3 acceptConnections
INFO: MockWebServer[36681] done accepting connections: Socket closed
Jan 21, 2016 10:03:10 PM okhttp3.mockwebserver.MockWebServer$3 execute
INFO: MockWebServer[35819] starting to accept connections
Jan 21, 2016 10:03:10 PM okhttp3.mockwebserver.MockWebServer$3 acceptConnections
INFO: MockWebServer[35819] done accepting connections: Socket closed
Jan 21, 2016 10:03:10 PM okhttp3.mockwebserver.MockWebServer$3 execute
INFO: MockWebServer[34818] starting to accept connections
Jan 21, 2016 10:03:10 PM okhttp3.mockwebserver.MockWebServer$4 processOneRequest
INFO: MockWebServer[34818] received request: GET / HTTP/1.1 and responded: HTTP/1.1 200 OK
Jan 21, 2016 10:03:10 PM okhttp3.mockwebserver.MockWebServer$3 acceptConnections
INFO: MockWebServer[34818] done accepting connections: Socket closed
Jan 21, 2016 10:03:10 PM okhttp3.mockwebserver.MockWebServer$3 execute
INFO: MockWebServer[36264] starting to accept connections
Jan 21, 2016 10:03:10 PM okhttp3.mockwebserver.MockWebServer$4 processOneRequest
INFO: MockWebServer[36264] received request: GET / HTTP/1.1 and responded: HTTP/1.1 404 Client Error
Jan 21, 2016 10:03:10 PM okhttp3.mockwebserver.MockWebServer$3 acceptConnections
INFO: MockWebServer[36264] done accepting connections: Socket closed
Jan 21, 2016 10:03:10 PM okhttp3.mockwebserver.MockWebServer$3 execute
INFO: MockWebServer[42383] starting to accept connections
Jan 21, 2016 10:03:10 PM okhttp3.mockwebserver.MockWebServer$3 acceptConnections
INFO: MockWebServer[42383] done accepting connections: Socket closed
Jan 21, 2016 10:03:10 PM okhttp3.mockwebserver.MockWebServer$4 processConnection
WARNING: MockWebServer[42383] connection from /127.0.0.1 didn't make a request
Jan 21, 2016 10:03:10 PM okhttp3.mockwebserver.MockWebServer$3 execute
INFO: MockWebServer[37956] starting to accept connections
Jan 21, 2016 10:03:10 PM okhttp3.mockwebserver.MockWebServer$3 acceptConnections
INFO: MockWebServer[37956] done accepting connections: Socket closed
Jan 21, 2016 10:03:10 PM okhttp3.mockwebserver.MockWebServer$4 processOneRequest
INFO: MockWebServer[37956] received request: GET / HTTP/1.1 and responded: HTTP/1.1 200 OK
Jan 21, 2016 10:03:10 PM okhttp3.mockwebserver.MockWebServer$3 execute
INFO: MockWebServer[59229] starting to accept connections
Jan 21, 2016 10:03:10 PM okhttp3.mockwebserver.MockWebServer$3 acceptConnections
INFO: MockWebServer[59229] done accepting connections: Socket closed
Jan 21, 2016 10:03:10 PM okhttp3.mockwebserver.MockWebServer$4 processOneRequest
INFO: MockWebServer[59229] received request: GET / HTTP/1.1 and responded: HTTP/1.1 404 Client Error
Jan 21, 2016 10:03:10 PM okhttp3.mockwebserver.MockWebServer$3 execute
INFO: MockWebServer[51059] starting to accept connections
Jan 21, 2016 10:03:10 PM okhttp3.mockwebserver.MockWebServer$3 acceptConnections
INFO: MockWebServer[51059] done accepting connections: Socket closed
Jan 21, 2016 10:03:10 PM okhttp3.mockwebserver.MockWebServer$4 processConnection
WARNING: MockWebServer[51059] connection from /127.0.0.1 didn't make a request
Jan 21, 2016 10:03:10 PM okhttp3.mockwebserver.MockWebServer$3 execute
INFO: MockWebServer[46525] starting to accept connections
Jan 21, 2016 10:03:10 PM okhttp3.mockwebserver.MockWebServer$3 acceptConnections
INFO: MockWebServer[46525] done accepting connections: Socket closed
Jan 21, 2016 10:03:10 PM okhttp3.mockwebserver.MockWebServer$4 processOneRequest
INFO: MockWebServer[46525] received request: GET / HTTP/1.1 and responded: HTTP/1.1 200 OK
Jan 21, 2016 10:03:10 PM okhttp3.mockwebserver.MockWebServer$3 execute
INFO: MockWebServer[37160] starting to accept connections
Jan 21, 2016 10:03:10 PM okhttp3.mockwebserver.MockWebServer$3 acceptConnections
INFO: MockWebServer[37160] done accepting connections: Socket closed
Jan 21, 2016 10:03:10 PM okhttp3.mockwebserver.MockWebServer$4 processOneRequest
INFO: MockWebServer[37160] received request: GET / HTTP/1.1 and responded: HTTP/1.1 404 Client Error
Jan 21, 2016 10:03:10 PM okhttp3.mockwebserver.MockWebServer$3 execute
INFO: MockWebServer[54026] starting to accept connections
Jan 21, 2016 10:03:10 PM okhttp3.mockwebserver.MockWebServer$3 acceptConnections
INFO: MockWebServer[54026] done accepting connections: Socket is closed
Jan 21, 2016 10:03:10 PM okhttp3.mockwebserver.MockWebServer$3 execute
INFO: MockWebServer[34011] starting to accept connections
Jan 21, 2016 10:03:10 PM okhttp3.mockwebserver.MockWebServer$3 acceptConnections
INFO: MockWebServer[34011] done accepting connections: Socket closed
Jan 21, 2016 10:03:10 PM okhttp3.mockwebserver.MockWebServer$4 processConnection
WARNING: MockWebServer[34011] connection from /127.0.0.1 didn't make a request
Jan 21, 2016 10:03:10 PM okhttp3.mockwebserver.MockWebServer$3 execute
INFO: MockWebServer[42939] starting to accept connections
Jan 21, 2016 10:03:10 PM okhttp3.mockwebserver.MockWebServer$4 processConnection
WARNING: MockWebServer[42939] connection from /127.0.0.1 didn't make a request
Jan 21, 2016 10:03:10 PM okhttp3.mockwebserver.MockWebServer$3 acceptConnections
INFO: MockWebServer[42939] done accepting connections: Socket closed
Jan 21, 2016 10:03:10 PM okhttp3.mockwebserver.MockWebServer$3 execute
INFO: MockWebServer[35514] starting to accept connections
Jan 21, 2016 10:03:10 PM okhttp3.mockwebserver.MockWebServer$3 acceptConnections
INFO: MockWebServer[35514] done accepting connections: Socket closed
Jan 21, 2016 10:03:10 PM okhttp3.mockwebserver.MockWebServer$4 processOneRequest
INFO: MockWebServer[35514] received request: GET / HTTP/1.1 and responded: HTTP/1.1 200 OK
Jan 21, 2016 10:03:10 PM okhttp3.mockwebserver.MockWebServer$3 execute
INFO: MockWebServer[56631] starting to accept connections
Jan 21, 2016 10:03:10 PM okhttp3.mockwebserver.MockWebServer$3 acceptConnections
INFO: MockWebServer[56631] done accepting connections: Socket closed
Jan 21, 2016 10:03:10 PM okhttp3.mockwebserver.MockWebServer$4 processOneRequest
INFO: MockWebServer[56631] received request: GET / HTTP/1.1 and responded: HTTP/1.1 404 Client Error
Jan 21, 2016 10:03:10 PM okhttp3.mockwebserver.MockWebServer$3 execute
INFO: MockWebServer[34864] starting to accept connections
Jan 21, 2016 10:03:10 PM okhttp3.mockwebserver.MockWebServer$3 acceptConnections
INFO: MockWebServer[34864] done accepting connections: Socket is closed
Jan 21, 2016 10:03:10 PM okhttp3.mockwebserver.MockWebServer$3 execute
INFO: MockWebServer[56258] starting to accept connections
Jan 21, 2016 10:03:10 PM okhttp3.mockwebserver.MockWebServer$3 acceptConnections
INFO: MockWebServer[56258] done accepting connections: Socket is closed
Jan 21, 2016 10:03:10 PM okhttp3.mockwebserver.MockWebServer$3 execute
INFO: MockWebServer[37377] starting to accept connections
Jan 21, 2016 10:03:10 PM okhttp3.mockwebserver.MockWebServer$3 acceptConnections
INFO: MockWebServer[37377] done accepting connections: Socket closed
Jan 21, 2016 10:03:10 PM okhttp3.mockwebserver.MockWebServer$4 processConnection
WARNING: MockWebServer[37377] connection from /127.0.0.1 didn't make a request
Jan 21, 2016 10:03:10 PM okhttp3.mockwebserver.MockWebServer$3 execute
INFO: MockWebServer[44383] starting to accept connections
Jan 21, 2016 10:03:10 PM okhttp3.mockwebserver.MockWebServer$3 acceptConnections
INFO: MockWebServer[44383] done accepting connections: Socket closed
Jan 21, 2016 10:03:10 PM okhttp3.mockwebserver.MockWebServer$4 processOneRequest
INFO: MockWebServer[44383] received request: GET / HTTP/1.1 and responded: HTTP/1.1 200 OK
Jan 21, 2016 10:03:10 PM okhttp3.mockwebserver.MockWebServer$3 execute
INFO: MockWebServer[53610] starting to accept connections
Jan 21, 2016 10:03:10 PM okhttp3.mockwebserver.MockWebServer$3 acceptConnections
INFO: MockWebServer[53610] done accepting connections: Socket closed
Jan 21, 2016 10:03:10 PM okhttp3.mockwebserver.MockWebServer$4 processOneRequest
INFO: MockWebServer[53610] received request: GET / HTTP/1.1 and responded: HTTP/1.1 404 Client Error
Jan 21, 2016 10:03:10 PM okhttp3.mockwebserver.MockWebServer$3 execute
INFO: MockWebServer[50971] starting to accept connections
Jan 21, 2016 10:03:10 PM okhttp3.mockwebserver.MockWebServer$3 acceptConnections
INFO: MockWebServer[50971] done accepting connections: Socket is closed
Tests run: 23, Failures: 0, Errors: 0, Skipped: 0, Time elapsed: 0.819 sec

Results :

Tests run: 27, Failures: 0, Errors: 0, Skipped: 0

[INFO] 
[INFO] --- animal-sniffer-maven-plugin:1.14:check (default) @ adapter-rxjava ---
[INFO] Checking unresolved references to org.codehaus.mojo.signature:java16:1.1
[INFO]                                                                         
[INFO] ------------------------------------------------------------------------
[INFO] Building Converters 2.0.0-SNAPSHOT
[INFO] ------------------------------------------------------------------------
[INFO] 
[INFO] --- maven-enforcer-plugin:1.0:enforce (enforce-maven) @ retrofit-converters ---
[INFO] 
[INFO] --- animal-sniffer-maven-plugin:1.14:check (default) @ retrofit-converters ---
[INFO] Checking unresolved references to org.codehaus.mojo.signature:java16:1.1
[INFO]                                                                         
[INFO] ------------------------------------------------------------------------
[INFO] Building Converter: Gson 2.0.0-SNAPSHOT
[INFO] ------------------------------------------------------------------------
[INFO] 
[INFO] --- maven-enforcer-plugin:1.0:enforce (enforce-maven) @ converter-gson ---
[INFO] 
[INFO] --- maven-resources-plugin:2.6:resources (default-resources) @ converter-gson ---
[INFO] Using 'UTF-8' encoding to copy filtered resources.
[INFO] skip non existing resourceDirectory /home/travis/build/square/retrofit/retrofit-converters/gson/src/main/resources
[INFO] 
[INFO] --- maven-compiler-plugin:3.0:compile (default-compile) @ converter-gson ---
[INFO] Changes detected - recompiling the module!
[INFO] Compiling 3 source files to /home/travis/build/square/retrofit/retrofit-converters/gson/target/classes
[INFO] 
[INFO] --- maven-resources-plugin:2.6:testResources (default-testResources) @ converter-gson ---
[INFO] Using 'UTF-8' encoding to copy filtered resources.
[INFO] skip non existing resourceDirectory /home/travis/build/square/retrofit/retrofit-converters/gson/src/test/resources
[INFO] 
[INFO] --- maven-compiler-plugin:3.0:testCompile (default-testCompile) @ converter-gson ---
[INFO] Changes detected - recompiling the module!
[INFO] Compiling 1 source file to /home/travis/build/square/retrofit/retrofit-converters/gson/target/test-classes
[INFO] 
[INFO] --- maven-surefire-plugin:2.12.4:test (default-test) @ converter-gson ---
[INFO] Surefire report directory: /home/travis/build/square/retrofit/retrofit-converters/gson/target/surefire-reports

-------------------------------------------------------
 T E S T S
-------------------------------------------------------
Running retrofit2.GsonConverterFactoryTest
Jan 21, 2016 10:03:11 PM okhttp3.mockwebserver.MockWebServer$3 execute
INFO: MockWebServer[44227] starting to accept connections
Jan 21, 2016 10:03:12 PM okhttp3.mockwebserver.MockWebServer$4 processOneRequest
INFO: MockWebServer[44227] received request: POST / HTTP/1.1 and responded: HTTP/1.1 200 OK
Jan 21, 2016 10:03:12 PM okhttp3.mockwebserver.MockWebServer$3 acceptConnections
INFO: MockWebServer[44227] done accepting connections: Socket closed
Jan 21, 2016 10:03:12 PM okhttp3.mockwebserver.MockWebServer$3 execute
INFO: MockWebServer[37957] starting to accept connections
Jan 21, 2016 10:03:12 PM okhttp3.mockwebserver.MockWebServer$3 acceptConnections
INFO: MockWebServer[37957] done accepting connections: Socket closed
Jan 21, 2016 10:03:12 PM okhttp3.mockwebserver.MockWebServer$4 processOneRequest
INFO: MockWebServer[37957] received request: POST / HTTP/1.1 and responded: HTTP/1.1 200 OK
Jan 21, 2016 10:03:12 PM okhttp3.mockwebserver.MockWebServer$3 execute
INFO: MockWebServer[42527] starting to accept connections
Jan 21, 2016 10:03:12 PM okhttp3.mockwebserver.MockWebServer$3 acceptConnections
INFO: MockWebServer[42527] done accepting connections: Socket closed
Jan 21, 2016 10:03:12 PM okhttp3.mockwebserver.MockWebServer$4 processOneRequest
INFO: MockWebServer[42527] received request: POST / HTTP/1.1 and responded: HTTP/1.1 200 OK
Tests run: 3, Failures: 0, Errors: 0, Skipped: 0, Time elapsed: 0.667 sec

Results :

Tests run: 3, Failures: 0, Errors: 0, Skipped: 0

[INFO] 
[INFO] --- animal-sniffer-maven-plugin:1.14:check (default) @ converter-gson ---
[INFO] Checking unresolved references to org.codehaus.mojo.signature:java16:1.1
[INFO]                                                                         
[INFO] ------------------------------------------------------------------------
[INFO] Building Converter: Protocol Buffers 2.0.0-SNAPSHOT
[INFO] ------------------------------------------------------------------------
[INFO] 
[INFO] --- maven-enforcer-plugin:1.0:enforce (enforce-maven) @ converter-protobuf ---
[INFO] 
[INFO] --- maven-resources-plugin:2.6:resources (default-resources) @ converter-protobuf ---
[INFO] Using 'UTF-8' encoding to copy filtered resources.
[INFO] skip non existing resourceDirectory /home/travis/build/square/retrofit/retrofit-converters/protobuf/src/main/resources
[INFO] 
[INFO] --- maven-compiler-plugin:3.0:compile (default-compile) @ converter-protobuf ---
[INFO] Changes detected - recompiling the module!
[INFO] Compiling 3 source files to /home/travis/build/square/retrofit/retrofit-converters/protobuf/target/classes
[WARNING] /home/travis/build/square/retrofit/retrofit-converters/protobuf/src/main/java/retrofit2/ProtoConverterFactory.java: /home/travis/build/square/retrofit/retrofit-converters/protobuf/src/main/java/retrofit2/ProtoConverterFactory.java uses unchecked or unsafe operations.
[WARNING] /home/travis/build/square/retrofit/retrofit-converters/protobuf/src/main/java/retrofit2/ProtoConverterFactory.java: Recompile with -Xlint:unchecked for details.
[INFO] 
[INFO] --- maven-resources-plugin:2.6:testResources (default-testResources) @ converter-protobuf ---
[INFO] Using 'UTF-8' encoding to copy filtered resources.
[INFO] skip non existing resourceDirectory /home/travis/build/square/retrofit/retrofit-converters/protobuf/src/test/resources
[INFO] 
[INFO] --- maven-compiler-plugin:3.0:testCompile (default-testCompile) @ converter-protobuf ---
[INFO] Changes detected - recompiling the module!
[INFO] Compiling 2 source files to /home/travis/build/square/retrofit/retrofit-converters/protobuf/target/test-classes
[INFO] 
[INFO] --- maven-surefire-plugin:2.12.4:test (default-test) @ converter-protobuf ---
[INFO] Surefire report directory: /home/travis/build/square/retrofit/retrofit-converters/protobuf/target/surefire-reports

-------------------------------------------------------
 T E S T S
-------------------------------------------------------
Running retrofit2.ProtoConverterFactoryTest
Jan 21, 2016 10:03:13 PM okhttp3.mockwebserver.MockWebServer$3 execute
INFO: MockWebServer[53750] starting to accept connections
Jan 21, 2016 10:03:13 PM okhttp3.mockwebserver.MockWebServer$4 processOneRequest
INFO: MockWebServer[53750] received request: POST / HTTP/1.1 and responded: HTTP/1.1 200 OK
Jan 21, 2016 10:03:13 PM okhttp3.mockwebserver.MockWebServer$3 acceptConnections
INFO: MockWebServer[53750] done accepting connections: Socket closed
Jan 21, 2016 10:03:13 PM okhttp3.mockwebserver.MockWebServer$3 execute
INFO: MockWebServer[60726] starting to accept connections
Jan 21, 2016 10:03:13 PM okhttp3.mockwebserver.MockWebServer$3 acceptConnections
INFO: MockWebServer[60726] done accepting connections: Socket closed
Jan 21, 2016 10:03:13 PM okhttp3.mockwebserver.MockWebServer$3 execute
INFO: MockWebServer[47478] starting to accept connections
Jan 21, 2016 10:03:13 PM okhttp3.mockwebserver.MockWebServer$3 acceptConnections
INFO: MockWebServer[47478] done accepting connections: Socket closed
Jan 21, 2016 10:03:13 PM okhttp3.mockwebserver.MockWebServer$4 processOneRequest
INFO: MockWebServer[47478] received request: GET / HTTP/1.1 and responded: HTTP/1.1 200 OK
Jan 21, 2016 10:03:13 PM okhttp3.mockwebserver.MockWebServer$3 execute
INFO: MockWebServer[60508] starting to accept connections
Jan 21, 2016 10:03:13 PM okhttp3.mockwebserver.MockWebServer$3 acceptConnections
INFO: MockWebServer[60508] done accepting connections: Socket is closed
Jan 21, 2016 10:03:13 PM okhttp3.mockwebserver.MockWebServer$3 execute
INFO: MockWebServer[36473] starting to accept connections
Jan 21, 2016 10:03:13 PM okhttp3.mockwebserver.MockWebServer$3 acceptConnections
INFO: MockWebServer[36473] done accepting connections: Socket closed
Jan 21, 2016 10:03:13 PM okhttp3.mockwebserver.MockWebServer$4 processOneRequest
INFO: MockWebServer[36473] received request: GET / HTTP/1.1 and responded: HTTP/1.1 200 OK
Tests run: 5, Failures: 0, Errors: 0, Skipped: 0, Time elapsed: 0.697 sec

Results :

Tests run: 5, Failures: 0, Errors: 0, Skipped: 0

[INFO] 
[INFO] --- animal-sniffer-maven-plugin:1.14:check (default) @ converter-protobuf ---
[INFO] Checking unresolved references to org.codehaus.mojo.signature:java16:1.1
[INFO]                                                                         
[INFO] ------------------------------------------------------------------------
[INFO] Building Converter: Jackson 2.0.0-SNAPSHOT
[INFO] ------------------------------------------------------------------------
[INFO] 
[INFO] --- maven-enforcer-plugin:1.0:enforce (enforce-maven) @ converter-jackson ---
[INFO] 
[INFO] --- maven-resources-plugin:2.6:resources (default-resources) @ converter-jackson ---
[INFO] Using 'UTF-8' encoding to copy filtered resources.
[INFO] skip non existing resourceDirectory /home/travis/build/square/retrofit/retrofit-converters/jackson/src/main/resources
[INFO] 
[INFO] --- maven-compiler-plugin:3.0:compile (default-compile) @ converter-jackson ---
[INFO] Changes detected - recompiling the module!
[INFO] Compiling 3 source files to /home/travis/build/square/retrofit/retrofit-converters/jackson/target/classes
[INFO] 
[INFO] --- maven-resources-plugin:2.6:testResources (default-testResources) @ converter-jackson ---
[INFO] Using 'UTF-8' encoding to copy filtered resources.
[INFO] skip non existing resourceDirectory /home/travis/build/square/retrofit/retrofit-converters/jackson/src/test/resources
[INFO] 
[INFO] --- maven-compiler-plugin:3.0:testCompile (default-testCompile) @ converter-jackson ---
[INFO] Changes detected - recompiling the module!
[INFO] Compiling 1 source file to /home/travis/build/square/retrofit/retrofit-converters/jackson/target/test-classes
[INFO] 
[INFO] --- maven-surefire-plugin:2.12.4:test (default-test) @ converter-jackson ---
[INFO] Surefire report directory: /home/travis/build/square/retrofit/retrofit-converters/jackson/target/surefire-reports

-------------------------------------------------------
 T E S T S
-------------------------------------------------------
Running retrofit2.JacksonConverterFactoryTest
Jan 21, 2016 10:03:15 PM okhttp3.mockwebserver.MockWebServer$3 execute
INFO: MockWebServer[38740] starting to accept connections
Jan 21, 2016 10:03:16 PM okhttp3.mockwebserver.MockWebServer$4 processOneRequest
INFO: MockWebServer[38740] received request: POST / HTTP/1.1 and responded: HTTP/1.1 200 OK
Jan 21, 2016 10:03:16 PM okhttp3.mockwebserver.MockWebServer$3 acceptConnections
INFO: MockWebServer[38740] done accepting connections: Socket closed
Jan 21, 2016 10:03:16 PM okhttp3.mockwebserver.MockWebServer$3 execute
INFO: MockWebServer[50415] starting to accept connections
Jan 21, 2016 10:03:16 PM okhttp3.mockwebserver.MockWebServer$3 acceptConnections
INFO: MockWebServer[50415] done accepting connections: Socket closed
Jan 21, 2016 10:03:16 PM okhttp3.mockwebserver.MockWebServer$4 processOneRequest
INFO: MockWebServer[50415] received request: POST / HTTP/1.1 and responded: HTTP/1.1 200 OK
Tests run: 2, Failures: 0, Errors: 0, Skipped: 0, Time elapsed: 0.841 sec

Results :

Tests run: 2, Failures: 0, Errors: 0, Skipped: 0

[INFO] 
[INFO] --- animal-sniffer-maven-plugin:1.14:check (default) @ converter-jackson ---
[INFO] Checking unresolved references to org.codehaus.mojo.signature:java16:1.1
[INFO]                                                                         
[INFO] ------------------------------------------------------------------------
[INFO] Building Converter: Wire Protocol Buffers 2.0.0-SNAPSHOT
[INFO] ------------------------------------------------------------------------
[INFO] 
[INFO] --- maven-enforcer-plugin:1.0:enforce (enforce-maven) @ converter-wire ---
[INFO] 
[INFO] --- maven-resources-plugin:2.6:resources (default-resources) @ converter-wire ---
[INFO] Using 'UTF-8' encoding to copy filtered resources.
[INFO] skip non existing resourceDirectory /home/travis/build/square/retrofit/retrofit-converters/wire/src/main/resources
[INFO] 
[INFO] --- maven-compiler-plugin:3.0:compile (default-compile) @ converter-wire ---
[INFO] Changes detected - recompiling the module!
[INFO] Compiling 3 source files to /home/travis/build/square/retrofit/retrofit-converters/wire/target/classes
[WARNING] /home/travis/build/square/retrofit/retrofit-converters/wire/src/main/java/retrofit2/WireConverterFactory.java: /home/travis/build/square/retrofit/retrofit-converters/wire/src/main/java/retrofit2/WireConverterFactory.java uses unchecked or unsafe operations.
[WARNING] /home/travis/build/square/retrofit/retrofit-converters/wire/src/main/java/retrofit2/WireConverterFactory.java: Recompile with -Xlint:unchecked for details.
[INFO] 
[INFO] --- maven-resources-plugin:2.6:testResources (default-testResources) @ converter-wire ---
[INFO] Using 'UTF-8' encoding to copy filtered resources.
[INFO] skip non existing resourceDirectory /home/travis/build/square/retrofit/retrofit-converters/wire/src/test/resources
[INFO] 
[INFO] --- maven-compiler-plugin:3.0:testCompile (default-testCompile) @ converter-wire ---
[INFO] Changes detected - recompiling the module!
[INFO] Compiling 2 source files to /home/travis/build/square/retrofit/retrofit-converters/wire/target/test-classes
[INFO] 
[INFO] --- maven-surefire-plugin:2.12.4:test (default-test) @ converter-wire ---
[INFO] Surefire report directory: /home/travis/build/square/retrofit/retrofit-converters/wire/target/surefire-reports

-------------------------------------------------------
 T E S T S
-------------------------------------------------------
Running retrofit2.WireConverterFactoryTest
Jan 21, 2016 10:03:17 PM okhttp3.mockwebserver.MockWebServer$3 execute
INFO: MockWebServer[46599] starting to accept connections
Jan 21, 2016 10:03:17 PM okhttp3.mockwebserver.MockWebServer$4 processOneRequest
INFO: MockWebServer[46599] received request: POST / HTTP/1.1 and responded: HTTP/1.1 200 OK
Jan 21, 2016 10:03:17 PM okhttp3.mockwebserver.MockWebServer$3 acceptConnections
INFO: MockWebServer[46599] done accepting connections: Socket closed
Jan 21, 2016 10:03:17 PM okhttp3.mockwebserver.MockWebServer$3 execute
INFO: MockWebServer[55379] starting to accept connections
Jan 21, 2016 10:03:17 PM okhttp3.mockwebserver.MockWebServer$3 acceptConnections
INFO: MockWebServer[55379] done accepting connections: Socket closed
Jan 21, 2016 10:03:17 PM okhttp3.mockwebserver.MockWebServer$3 execute
INFO: MockWebServer[52894] starting to accept connections
Jan 21, 2016 10:03:17 PM okhttp3.mockwebserver.MockWebServer$4 processOneRequest
INFO: MockWebServer[52894] received request: GET / HTTP/1.1 and responded: HTTP/1.1 200 OK
Jan 21, 2016 10:03:17 PM okhttp3.mockwebserver.MockWebServer$3 acceptConnections
INFO: MockWebServer[52894] done accepting connections: Socket closed
Jan 21, 2016 10:03:17 PM okhttp3.mockwebserver.MockWebServer$3 execute
INFO: MockWebServer[40592] starting to accept connections
Jan 21, 2016 10:03:17 PM okhttp3.mockwebserver.MockWebServer$3 acceptConnections
INFO: MockWebServer[40592] done accepting connections: Socket closed
Jan 21, 2016 10:03:17 PM okhttp3.mockwebserver.MockWebServer$3 execute
INFO: MockWebServer[37486] starting to accept connections
Jan 21, 2016 10:03:17 PM okhttp3.mockwebserver.MockWebServer$3 acceptConnections
INFO: MockWebServer[37486] done accepting connections: Socket closed
Jan 21, 2016 10:03:17 PM okhttp3.mockwebserver.MockWebServer$4 processOneRequest
INFO: MockWebServer[37486] received request: GET / HTTP/1.1 and responded: HTTP/1.1 200 OK
Tests run: 5, Failures: 0, Errors: 0, Skipped: 0, Time elapsed: 0.667 sec

Results :

Tests run: 5, Failures: 0, Errors: 0, Skipped: 0

[INFO] 
[INFO] --- animal-sniffer-maven-plugin:1.14:check (default) @ converter-wire ---
[INFO] Checking unresolved references to org.codehaus.mojo.signature:java16:1.1
[INFO]                                                                         
[INFO] ------------------------------------------------------------------------
[INFO] Building Converter: SimpleXML 2.0.0-SNAPSHOT
[INFO] ------------------------------------------------------------------------
[INFO] 
[INFO] --- maven-enforcer-plugin:1.0:enforce (enforce-maven) @ converter-simplexml ---
[INFO] 
[INFO] --- maven-resources-plugin:2.6:resources (default-resources) @ converter-simplexml ---
[INFO] Using 'UTF-8' encoding to copy filtered resources.
[INFO] skip non existing resourceDirectory /home/travis/build/square/retrofit/retrofit-converters/simplexml/src/main/resources
[INFO] 
[INFO] --- maven-compiler-plugin:3.0:compile (default-compile) @ converter-simplexml ---
[INFO] Changes detected - recompiling the module!
[INFO] Compiling 3 source files to /home/travis/build/square/retrofit/retrofit-converters/simplexml/target/classes
[INFO] 
[INFO] --- maven-resources-plugin:2.6:testResources (default-testResources) @ converter-simplexml ---
[INFO] Using 'UTF-8' encoding to copy filtered resources.
[INFO] skip non existing resourceDirectory /home/travis/build/square/retrofit/retrofit-converters/simplexml/src/test/resources
[INFO] 
[INFO] --- maven-compiler-plugin:3.0:testCompile (default-testCompile) @ converter-simplexml ---
[INFO] Changes detected - recompiling the module!
[INFO] Compiling 2 source files to /home/travis/build/square/retrofit/retrofit-converters/simplexml/target/test-classes
[INFO] 
[INFO] --- maven-surefire-plugin:2.12.4:test (default-test) @ converter-simplexml ---
[INFO] Surefire report directory: /home/travis/build/square/retrofit/retrofit-converters/simplexml/target/surefire-reports

-------------------------------------------------------
 T E S T S
-------------------------------------------------------
Running retrofit2.SimpleXmlConverterFactoryTest
Jan 21, 2016 10:03:19 PM okhttp3.mockwebserver.MockWebServer$3 execute
INFO: MockWebServer[60713] starting to accept connections
Jan 21, 2016 10:03:19 PM okhttp3.mockwebserver.MockWebServer$4 processOneRequest
INFO: MockWebServer[60713] received request: GET / HTTP/1.1 and responded: HTTP/1.1 200 OK
Jan 21, 2016 10:03:19 PM okhttp3.mockwebserver.MockWebServer$3 acceptConnections
INFO: MockWebServer[60713] done accepting connections: Socket closed
Jan 21, 2016 10:03:19 PM okhttp3.mockwebserver.MockWebServer$3 execute
INFO: MockWebServer[53649] starting to accept connections
Jan 21, 2016 10:03:19 PM okhttp3.mockwebserver.MockWebServer$4 processOneRequest
INFO: MockWebServer[53649] received request: GET / HTTP/1.1 and responded: HTTP/1.1 200 OK
Jan 21, 2016 10:03:19 PM okhttp3.mockwebserver.MockWebServer$3 acceptConnections
INFO: MockWebServer[53649] done accepting connections: Socket closed
Jan 21, 2016 10:03:19 PM okhttp3.mockwebserver.MockWebServer$3 execute
INFO: MockWebServer[42295] starting to accept connections
Jan 21, 2016 10:03:19 PM okhttp3.mockwebserver.MockWebServer$4 processOneRequest
INFO: MockWebServer[42295] received request: POST / HTTP/1.1 and responded: HTTP/1.1 200 OK
Jan 21, 2016 10:03:19 PM okhttp3.mockwebserver.MockWebServer$3 acceptConnections
INFO: MockWebServer[42295] done accepting connections: Socket closed
Tests run: 3, Failures: 0, Errors: 0, Skipped: 0, Time elapsed: 0.728 sec

Results :

Tests run: 3, Failures: 0, Errors: 0, Skipped: 0

[INFO] 
[INFO] --- animal-sniffer-maven-plugin:1.14:check (default) @ converter-simplexml ---
[INFO] Checking unresolved references to org.codehaus.mojo.signature:java16:1.1
[INFO]                                                                         
[INFO] ------------------------------------------------------------------------
[INFO] Building Converter: Java Scalars 2.0.0-SNAPSHOT
[INFO] ------------------------------------------------------------------------
[INFO] 
[INFO] --- maven-enforcer-plugin:1.0:enforce (enforce-maven) @ converter-scalars ---
[INFO] 
[INFO] --- maven-resources-plugin:2.6:resources (default-resources) @ converter-scalars ---
[INFO] Using 'UTF-8' encoding to copy filtered resources.
[INFO] skip non existing resourceDirectory /home/travis/build/square/retrofit/retrofit-converters/scalars/src/main/resources
[INFO] 
[INFO] --- maven-compiler-plugin:3.0:compile (default-compile) @ converter-scalars ---
[INFO] Changes detected - recompiling the module!
[INFO] Compiling 3 source files to /home/travis/build/square/retrofit/retrofit-converters/scalars/target/classes
[INFO] 
[INFO] --- maven-resources-plugin:2.6:testResources (default-testResources) @ converter-scalars ---
[INFO] Using 'UTF-8' encoding to copy filtered resources.
[INFO] skip non existing resourceDirectory /home/travis/build/square/retrofit/retrofit-converters/scalars/src/test/resources
[INFO] 
[INFO] --- maven-compiler-plugin:3.0:testCompile (default-testCompile) @ converter-scalars ---
[INFO] Changes detected - recompiling the module!
[INFO] Compiling 1 source file to /home/travis/build/square/retrofit/retrofit-converters/scalars/target/test-classes
[INFO] 
[INFO] --- maven-surefire-plugin:2.12.4:test (default-test) @ converter-scalars ---
[INFO] Surefire report directory: /home/travis/build/square/retrofit/retrofit-converters/scalars/target/surefire-reports

-------------------------------------------------------
 T E S T S
-------------------------------------------------------
Running retrofit2.ScalarsConverterFactoryTest
Jan 21, 2016 10:03:21 PM okhttp3.mockwebserver.MockWebServer$3 execute
INFO: MockWebServer[33020] starting to accept connections
Jan 21, 2016 10:03:21 PM okhttp3.mockwebserver.MockWebServer$3 acceptConnections
INFO: MockWebServer[33020] done accepting connections: Socket closed
Jan 21, 2016 10:03:22 PM okhttp3.mockwebserver.MockWebServer$3 execute
INFO: MockWebServer[40425] starting to accept connections
Jan 21, 2016 10:03:22 PM okhttp3.mockwebserver.MockWebServer$4 processOneRequest
INFO: MockWebServer[40425] received request: GET / HTTP/1.1 and responded: HTTP/1.1 200 OK
Jan 21, 2016 10:03:22 PM okhttp3.mockwebserver.MockWebServer$4 processOneRequest
INFO: MockWebServer[40425] received request: GET / HTTP/1.1 and responded: HTTP/1.1 200 OK
Jan 21, 2016 10:03:22 PM okhttp3.mockwebserver.MockWebServer$4 processOneRequest
INFO: MockWebServer[40425] received request: GET / HTTP/1.1 and responded: HTTP/1.1 200 OK
Jan 21, 2016 10:03:22 PM okhttp3.mockwebserver.MockWebServer$4 processOneRequest
INFO: MockWebServer[40425] received request: GET / HTTP/1.1 and responded: HTTP/1.1 200 OK
Jan 21, 2016 10:03:22 PM okhttp3.mockwebserver.MockWebServer$4 processOneRequest
INFO: MockWebServer[40425] received request: GET / HTTP/1.1 and responded: HTTP/1.1 200 OK
Jan 21, 2016 10:03:22 PM okhttp3.mockwebserver.MockWebServer$4 processOneRequest
INFO: MockWebServer[40425] received request: GET / HTTP/1.1 and responded: HTTP/1.1 200 OK
Jan 21, 2016 10:03:22 PM okhttp3.mockwebserver.MockWebServer$4 processOneRequest
INFO: MockWebServer[40425] received request: GET / HTTP/1.1 and responded: HTTP/1.1 200 OK
Jan 21, 2016 10:03:22 PM okhttp3.mockwebserver.MockWebServer$4 processOneRequest
INFO: MockWebServer[40425] received request: GET / HTTP/1.1 and responded: HTTP/1.1 200 OK
Jan 21, 2016 10:03:22 PM okhttp3.mockwebserver.MockWebServer$4 processOneRequest
INFO: MockWebServer[40425] received request: GET / HTTP/1.1 and responded: HTTP/1.1 200 OK
Jan 21, 2016 10:03:22 PM okhttp3.mockwebserver.MockWebServer$4 processOneRequest
INFO: MockWebServer[40425] received request: GET / HTTP/1.1 and responded: HTTP/1.1 200 OK
Jan 21, 2016 10:03:22 PM okhttp3.mockwebserver.MockWebServer$4 processOneRequest
INFO: MockWebServer[40425] received request: GET / HTTP/1.1 and responded: HTTP/1.1 200 OK
Jan 21, 2016 10:03:22 PM okhttp3.mockwebserver.MockWebServer$3 acceptConnections
INFO: MockWebServer[40425] done accepting connections: Socket closed
Jan 21, 2016 10:03:22 PM okhttp3.mockwebserver.MockWebServer$3 execute
INFO: MockWebServer[57942] starting to accept connections
Jan 21, 2016 10:03:22 PM okhttp3.mockwebserver.MockWebServer$4 processOneRequest
INFO: MockWebServer[57942] received request: POST / HTTP/1.1 and responded: HTTP/1.1 200 OK
Jan 21, 2016 10:03:22 PM okhttp3.mockwebserver.MockWebServer$4 processOneRequest
INFO: MockWebServer[57942] received request: POST / HTTP/1.1 and responded: HTTP/1.1 200 OK
Jan 21, 2016 10:03:22 PM okhttp3.mockwebserver.MockWebServer$4 processOneRequest
INFO: MockWebServer[57942] received request: POST / HTTP/1.1 and responded: HTTP/1.1 200 OK
Jan 21, 2016 10:03:22 PM okhttp3.mockwebserver.MockWebServer$4 processOneRequest
INFO: MockWebServer[57942] received request: POST / HTTP/1.1 and responded: HTTP/1.1 200 OK
Jan 21, 2016 10:03:22 PM okhttp3.mockwebserver.MockWebServer$4 processOneRequest
INFO: MockWebServer[57942] received request: POST / HTTP/1.1 and responded: HTTP/1.1 200 OK
Jan 21, 2016 10:03:22 PM okhttp3.mockwebserver.MockWebServer$4 processOneRequest
INFO: MockWebServer[57942] received request: POST / HTTP/1.1 and responded: HTTP/1.1 200 OK
Jan 21, 2016 10:03:22 PM okhttp3.mockwebserver.MockWebServer$4 processOneRequest
INFO: MockWebServer[57942] received request: POST / HTTP/1.1 and responded: HTTP/1.1 200 OK
Jan 21, 2016 10:03:22 PM okhttp3.mockwebserver.MockWebServer$4 processOneRequest
INFO: MockWebServer[57942] received request: POST / HTTP/1.1 and responded: HTTP/1.1 200 OK
Jan 21, 2016 10:03:22 PM okhttp3.mockwebserver.MockWebServer$4 processOneRequest
INFO: MockWebServer[57942] received request: POST / HTTP/1.1 and responded: HTTP/1.1 200 OK
Jan 21, 2016 10:03:22 PM okhttp3.mockwebserver.MockWebServer$4 processOneRequest
INFO: MockWebServer[57942] received request: POST / HTTP/1.1 and responded: HTTP/1.1 200 OK
Jan 21, 2016 10:03:22 PM okhttp3.mockwebserver.MockWebServer$4 processOneRequest
INFO: MockWebServer[57942] received request: POST / HTTP/1.1 and responded: HTTP/1.1 200 OK
Jan 21, 2016 10:03:22 PM okhttp3.mockwebserver.MockWebServer$4 processOneRequest
INFO: MockWebServer[57942] received request: POST / HTTP/1.1 and responded: HTTP/1.1 200 OK
Jan 21, 2016 10:03:22 PM okhttp3.mockwebserver.MockWebServer$4 processOneRequest
INFO: MockWebServer[57942] received request: POST / HTTP/1.1 and responded: HTTP/1.1 200 OK
Jan 21, 2016 10:03:22 PM okhttp3.mockwebserver.MockWebServer$4 processOneRequest
INFO: MockWebServer[57942] received request: POST / HTTP/1.1 and responded: HTTP/1.1 200 OK
Jan 21, 2016 10:03:22 PM okhttp3.mockwebserver.MockWebServer$4 processOneRequest
INFO: MockWebServer[57942] received request: POST / HTTP/1.1 and responded: HTTP/1.1 200 OK
Jan 21, 2016 10:03:22 PM okhttp3.mockwebserver.MockWebServer$4 processOneRequest
INFO: MockWebServer[57942] received request: POST / HTTP/1.1 and responded: HTTP/1.1 200 OK
Jan 21, 2016 10:03:22 PM okhttp3.mockwebserver.MockWebServer$4 processOneRequest
INFO: MockWebServer[57942] received request: POST / HTTP/1.1 and responded: HTTP/1.1 200 OK
Jan 21, 2016 10:03:22 PM okhttp3.mockwebserver.MockWebServer$3 acceptConnections
INFO: MockWebServer[57942] done accepting connections: Socket closed
Jan 21, 2016 10:03:22 PM okhttp3.mockwebserver.MockWebServer$3 execute
INFO: MockWebServer[35693] starting to accept connections
Jan 21, 2016 10:03:22 PM okhttp3.mockwebserver.MockWebServer$3 acceptConnections
INFO: MockWebServer[35693] done accepting connections: Socket closed
Tests run: 4, Failures: 0, Errors: 0, Skipped: 0, Time elapsed: 1.628 sec

Results :

Tests run: 4, Failures: 0, Errors: 0, Skipped: 0

[INFO] 
[INFO] --- animal-sniffer-maven-plugin:1.14:check (default) @ converter-scalars ---
[INFO] Checking unresolved references to org.codehaus.mojo.signature:java16:1.1
[INFO]                                                                         
[INFO] ------------------------------------------------------------------------
[INFO] Building Converter: Moshi 2.0.0-SNAPSHOT
[INFO] ------------------------------------------------------------------------
[INFO] 
[INFO] --- maven-enforcer-plugin:1.0:enforce (enforce-maven) @ converter-moshi ---
[INFO] 
[INFO] --- maven-resources-plugin:2.6:resources (default-resources) @ converter-moshi ---
[INFO] Using 'UTF-8' encoding to copy filtered resources.
[INFO] skip non existing resourceDirectory /home/travis/build/square/retrofit/retrofit-converters/moshi/src/main/resources
[INFO] 
[INFO] --- maven-compiler-plugin:3.0:compile (default-compile) @ converter-moshi ---
[INFO] Changes detected - recompiling the module!
[INFO] Compiling 3 source files to /home/travis/build/square/retrofit/retrofit-converters/moshi/target/classes
[INFO] 
[INFO] --- maven-resources-plugin:2.6:testResources (default-testResources) @ converter-moshi ---
[INFO] Using 'UTF-8' encoding to copy filtered resources.
[INFO] skip non existing resourceDirectory /home/travis/build/square/retrofit/retrofit-converters/moshi/src/test/resources
[INFO] 
[INFO] --- maven-compiler-plugin:3.0:testCompile (default-testCompile) @ converter-moshi ---
[INFO] Changes detected - recompiling the module!
[INFO] Compiling 1 source file to /home/travis/build/square/retrofit/retrofit-converters/moshi/target/test-classes
[INFO] 
[INFO] --- maven-surefire-plugin:2.12.4:test (default-test) @ converter-moshi ---
[INFO] Surefire report directory: /home/travis/build/square/retrofit/retrofit-converters/moshi/target/surefire-reports

-------------------------------------------------------
 T E S T S
-------------------------------------------------------
Running retrofit2.MoshiConverterFactoryTest
Jan 21, 2016 10:03:24 PM okhttp3.mockwebserver.MockWebServer$3 execute
INFO: MockWebServer[43364] starting to accept connections
Jan 21, 2016 10:03:24 PM okhttp3.mockwebserver.MockWebServer$4 processOneRequest
INFO: MockWebServer[43364] received request: POST / HTTP/1.1 and responded: HTTP/1.1 200 OK
Jan 21, 2016 10:03:24 PM okhttp3.mockwebserver.MockWebServer$3 acceptConnections
INFO: MockWebServer[43364] done accepting connections: Socket closed
Jan 21, 2016 10:03:24 PM okhttp3.mockwebserver.MockWebServer$3 execute
INFO: MockWebServer[61000] starting to accept connections
Jan 21, 2016 10:03:24 PM okhttp3.mockwebserver.MockWebServer$3 acceptConnections
INFO: MockWebServer[61000] done accepting connections: Socket closed
Jan 21, 2016 10:03:24 PM okhttp3.mockwebserver.MockWebServer$4 processOneRequest
INFO: MockWebServer[61000] received request: POST / HTTP/1.1 and responded: HTTP/1.1 200 OK
Tests run: 2, Failures: 0, Errors: 0, Skipped: 0, Time elapsed: 1.025 sec

Results :

Tests run: 2, Failures: 0, Errors: 0, Skipped: 0

[INFO] 
[INFO] --- animal-sniffer-maven-plugin:1.14:check (default) @ converter-moshi ---
[INFO] Checking unresolved references to org.codehaus.mojo.signature:java16:1.1
[INFO]                                                                         
[INFO] ------------------------------------------------------------------------
[INFO] Building Retrofit Mock Adapter 2.0.0-SNAPSHOT
[INFO] ------------------------------------------------------------------------
[INFO] 
[INFO] --- maven-enforcer-plugin:1.0:enforce (enforce-maven) @ retrofit-mock ---
[INFO] 
[INFO] --- maven-resources-plugin:2.6:resources (default-resources) @ retrofit-mock ---
[INFO] Using 'UTF-8' encoding to copy filtered resources.
[INFO] skip non existing resourceDirectory /home/travis/build/square/retrofit/retrofit-mock/src/main/resources
[INFO] 
[INFO] --- maven-compiler-plugin:3.0:compile (default-compile) @ retrofit-mock ---
[INFO] Changes detected - recompiling the module!
[INFO] Compiling 5 source files to /home/travis/build/square/retrofit/retrofit-mock/target/classes
[INFO] 
[INFO] --- maven-resources-plugin:2.6:testResources (default-testResources) @ retrofit-mock ---
[INFO] Using 'UTF-8' encoding to copy filtered resources.
[INFO] skip non existing resourceDirectory /home/travis/build/square/retrofit/retrofit-mock/src/test/resources
[INFO] 
[INFO] --- maven-compiler-plugin:3.0:testCompile (default-testCompile) @ retrofit-mock ---
[INFO] Changes detected - recompiling the module!
[INFO] Compiling 3 source files to /home/travis/build/square/retrofit/retrofit-mock/target/test-classes
[INFO] 
[INFO] --- maven-surefire-plugin:2.12.4:test (default-test) @ retrofit-mock ---
[INFO] Surefire report directory: /home/travis/build/square/retrofit/retrofit-mock/target/surefire-reports

-------------------------------------------------------
 T E S T S
-------------------------------------------------------
Running retrofit2.mock.BehaviorDelegateTest
Tests run: 10, Failures: 0, Errors: 0, Skipped: 0, Time elapsed: 1.913 sec
Running retrofit2.mock.MockRetrofitTest
Tests run: 8, Failures: 0, Errors: 0, Skipped: 0, Time elapsed: 0.086 sec
Running retrofit2.mock.NetworkBehaviorTest
Tests run: 5, Failures: 0, Errors: 0, Skipped: 0, Time elapsed: 0.103 sec

Results :

Tests run: 23, Failures: 0, Errors: 0, Skipped: 0

[INFO] 
[INFO] --- animal-sniffer-maven-plugin:1.14:check (default) @ retrofit-mock ---
[INFO] Checking unresolved references to org.codehaus.mojo.signature:java16:1.1
[INFO]                                                                         
[INFO] ------------------------------------------------------------------------
[INFO] Building Samples 2.0.0-SNAPSHOT
[INFO] ------------------------------------------------------------------------
[INFO] 
[INFO] --- maven-enforcer-plugin:1.0:enforce (enforce-maven) @ samples ---
[INFO] 
[INFO] --- maven-resources-plugin:2.6:resources (default-resources) @ samples ---
[INFO] Using 'UTF-8' encoding to copy filtered resources.
[INFO] skip non existing resourceDirectory /home/travis/build/square/retrofit/samples/src/main/resources
[INFO] 
[INFO] --- maven-compiler-plugin:3.0:compile (default-compile) @ samples ---
[INFO] Changes detected - recompiling the module!
[INFO] Compiling 6 source files to /home/travis/build/square/retrofit/samples/target/classes
[INFO] 
[INFO] --- maven-resources-plugin:2.6:testResources (default-testResources) @ samples ---
[INFO] Using 'UTF-8' encoding to copy filtered resources.
[INFO] skip non existing resourceDirectory /home/travis/build/square/retrofit/samples/src/test/resources
[INFO] 
[INFO] --- maven-compiler-plugin:3.0:testCompile (default-testCompile) @ samples ---
[INFO] No sources to compile
[INFO] 
[INFO] --- maven-surefire-plugin:2.12.4:test (default-test) @ samples ---
[INFO] No tests to run.
[INFO] 
[INFO] --- animal-sniffer-maven-plugin:1.14:check (default) @ samples ---
[INFO] Checking unresolved references to org.codehaus.mojo.signature:java16:1.1
[INFO] ------------------------------------------------------------------------
[INFO] Reactor Summary:
[INFO] 
[INFO] Retrofit (Parent) .................................. SUCCESS [  1.622 s]
[INFO] Retrofit ........................................... SUCCESS [ 22.573 s]
[INFO] Adapters ........................................... SUCCESS [  0.398 s]
[INFO] Adapter: RxJava .................................... SUCCESS [  2.317 s]
[INFO] Converters ......................................... SUCCESS [  0.160 s]
[INFO] Converter: Gson .................................... SUCCESS [  1.449 s]
[INFO] Converter: Protocol Buffers ........................ SUCCESS [  1.889 s]
[INFO] Converter: Jackson ................................. SUCCESS [  2.349 s]
[INFO] Converter: Wire Protocol Buffers ................... SUCCESS [  1.572 s]
[INFO] Converter: SimpleXML ............................... SUCCESS [  1.812 s]
[INFO] Converter: Java Scalars ............................ SUCCESS [  3.042 s]
[INFO] Converter: Moshi ................................... SUCCESS [  2.253 s]
[INFO] Retrofit Mock Adapter .............................. SUCCESS [  3.638 s]
[INFO] Samples ............................................ SUCCESS [  1.204 s]
[INFO] ------------------------------------------------------------------------
[INFO] BUILD SUCCESS
[INFO] ------------------------------------------------------------------------
[INFO] Total time: 46.643 s
[INFO] Finished at: 2016-01-21T22:03:30+00:00
[INFO] Final Memory: 42M/322M
[INFO] ------------------------------------------------------------------------

travis_time:end:035e0b06:start=1453413762026482781,finish=1453413818889126076,duration=56862643295[0K
[32;1mThe command "mvn test -B" exited with 0.[0m
travis_fold:start:cache.2[0Kstore build cache
travis_time:start:06538dfc[0K
travis_time:end:06538dfc:start=1453413818894819400,finish=1453413818899335172,duration=4515772[0Ktravis_time:start:2729e740[0K[32;1mchange detected:
/home/travis/.m2/repository/com/squareup/retrofit2/adapter-rxjava/2.0.0-SNAPSHOT/adapter-rxjava-2.0.0-SNAPSHOT.jar
/home/travis/.m2/repository/com/squareup/retrofit2/adapter-rxjava/2.0.0-SNAPSHOT/maven-metadata-local.xml
/home/travis/.m2/repository/com/squareup/retrofit2/adapter-rxjava/2.0.0-SNAPSHOT/_remote.repositories
/home/travis/.m2/repository/com/squareup/retrofit2/adapter-rxjava/maven-metadata-local.xml
/home/travis/.m2/repository/com/squareup/retrofit2/converter-gson/2.0.0-SNAPSHOT/converter-gson-2.0.0-SNAPSHOT.jar
/home/travis/.m2/repository/com/squareup/retrofit2/converter-gson/2.0.0-SNAPSHOT/maven-metadata-local.xml
/home/travis/.m2/repository/com/squareup/retrofit2/converter-gson/2.0.0-SNAPSHOT/_remote.repositories
/home/travis/.m2/repository/com/squareup/retrofit2/converter-gson/maven-metadata-local.xml
/home/travis/.m2/repository/com/squareup/retrofit2/converter-jackson/2.0.0-SNAPSHOT/converter-jackson-2.0.0-SNAPSHOT.jar
/home/travis/.m2/repository/com/squareup/retrofit2/c
[0m
[32;1m...
[0m
[32;1mchanges detected, packing new archive[0m
.
[32;1muploading archive[0m

travis_time:end:2729e740:start=1453413818904378413,finish=1453413829431962569,duration=10527584156[0Ktravis_fold:end:cache.2[0Ktravis_fold:start:after_success[0Ktravis_time:start:1594e3f9[0K$ .buildscript/deploy_snapshot.sh
Skipping snapshot deployment: was pull request.

travis_time:end:1594e3f9:start=1453413829437651477,finish=1453413829443992834,duration=6341357[0Ktravis_fold:end:after_success[0K
Done. Your build exited with 0.
