Using worker: worker-linux-docker-b0b8f849.prod.travis-ci.org:travis-linux-4

travis_fold:start:system_info[0K[33;1mBuild system information[0m
Build language: java
Build group: stable
Build dist: precise
[34m[1mBuild image provisioning date and time[0m
Thu Feb  5 15:09:33 UTC 2015
[34m[1mOperating System Details[0m
Distributor ID:	Ubuntu
Description:	Ubuntu 12.04.5 LTS
Release:	12.04
Codename:	precise
[34m[1mLinux Version[0m
3.13.0-29-generic
[34m[1mCookbooks Version[0m
a68419e https://github.com/travis-ci/travis-cookbooks/tree/a68419e
[34m[1mGCC version[0m
gcc (Ubuntu/Linaro 4.6.3-1ubuntu5) 4.6.3
Copyright (C) 2011 Free Software Foundation, Inc.
This is free software; see the source for copying conditions.  There is NO
warranty; not even for MERCHANTABILITY or FITNESS FOR A PARTICULAR PURPOSE.

[34m[1mLLVM version[0m
clang version 3.4 (tags/RELEASE_34/final)
Target: x86_64-unknown-linux-gnu
Thread model: posix
[34m[1mPre-installed Ruby versions[0m
ruby-1.9.3-p551
[34m[1mPre-installed Node.js versions[0m
v0.10.36
[34m[1mPre-installed Go versions[0m
1.4.1
[34m[1mRedis version[0m
redis-server 2.8.19
[34m[1mriak version[0m
2.0.2
[34m[1mMongoDB version[0m
MongoDB 2.4.12
[34m[1mCouchDB version[0m
couchdb 1.6.1
[34m[1mNeo4j version[0m
1.9.4
[34m[1mRabbitMQ Version[0m
3.4.3
[34m[1mElasticSearch version[0m
1.4.0
[34m[1mInstalled Sphinx versions[0m
2.0.10
2.1.9
2.2.6
[34m[1mDefault Sphinx version[0m
2.2.6
[34m[1mInstalled Firefox version[0m
firefox 31.0esr
[34m[1mPhantomJS version[0m
1.9.8
[34m[1mant -version[0m
Apache Ant(TM) version 1.8.2 compiled on December 3 2011
[34m[1mmvn -version[0m
Apache Maven 3.2.5 (12a6b3acb947671f09b81f49094c53f426d8cea1; 2014-12-14T17:29:23+00:00)
Maven home: /usr/local/maven
Java version: 1.7.0_76, vendor: Oracle Corporation
Java home: /usr/lib/jvm/java-7-oracle/jre
Default locale: en_US, platform encoding: ANSI_X3.4-1968
OS name: "linux", version: "3.13.0-29-generic", arch: "amd64", family: "unix"
travis_fold:end:system_info[0K
travis_fold:start:git.checkout[0Ktravis_time:start:02a909c7[0K$ git clone --depth=50 --branch=jw/rx-tests https://github.com/square/retrofit.git square/retrofit
Cloning into 'square/retrofit'...
remote: Counting objects: 1671, done.[K
remote: Compressing objects:   0% (1/765)   [Kremote: Compressing objects:   1% (8/765)   [Kremote: Compressing objects:   2% (16/765)   [Kremote: Compressing objects:   3% (23/765)   [Kremote: Compressing objects:   4% (31/765)   [Kremote: Compressing objects:   5% (39/765)   [Kremote: Compressing objects:   6% (46/765)   [Kremote: Compressing objects:   7% (54/765)   [Kremote: Compressing objects:   8% (62/765)   [Kremote: Compressing objects:   9% (69/765)   [Kremote: Compressing objects:  10% (77/765)   [Kremote: Compressing objects:  11% (85/765)   [Kremote: Compressing objects:  12% (92/765)   [Kremote: Compressing objects:  13% (100/765)   [Kremote: Compressing objects:  14% (108/765)   [Kremote: Compressing objects:  15% (115/765)   [Kremote: Compressing objects:  16% (123/765)   [Kremote: Compressing objects:  17% (131/765)   [Kremote: Compressing objects:  18% (138/765)   [Kremote: Compressing objects:  19% (146/765)   [Kremote: Compressing objects:  20% (153/765)   [Kremote: Compressing objects:  21% (161/765)   [Kremote: Compressing objects:  22% (169/765)   [Kremote: Compressing objects:  23% (176/765)   [Kremote: Compressing objects:  24% (184/765)   [Kremote: Compressing objects:  25% (192/765)   [Kremote: Compressing objects:  26% (199/765)   [Kremote: Compressing objects:  27% (207/765)   [Kremote: Compressing objects:  28% (215/765)   [Kremote: Compressing objects:  29% (222/765)   [Kremote: Compressing objects:  30% (230/765)   [Kremote: Compressing objects:  31% (238/765)   [Kremote: Compressing objects:  32% (245/765)   [Kremote: Compressing objects:  33% (253/765)   [Kremote: Compressing objects:  34% (261/765)   [Kremote: Compressing objects:  35% (268/765)   [Kremote: Compressing objects:  36% (276/765)   [Kremote: Compressing objects:  37% (284/765)   [Kremote: Compressing objects:  38% (291/765)   [Kremote: Compressing objects:  39% (299/765)   [Kremote: Compressing objects:  40% (306/765)   [Kremote: Compressing objects:  41% (314/765)   [Kremote: Compressing objects:  42% (322/765)   [Kremote: Compressing objects:  43% (329/765)   [Kremote: Compressing objects:  44% (337/765)   [Kremote: Compressing objects:  45% (345/765)   [Kremote: Compressing objects:  46% (352/765)   [Kremote: Compressing objects:  47% (360/765)   [Kremote: Compressing objects:  48% (368/765)   [Kremote: Compressing objects:  49% (375/765)   [Kremote: Compressing objects:  50% (383/765)   [Kremote: Compressing objects:  51% (391/765)   [Kremote: Compressing objects:  52% (398/765)   [Kremote: Compressing objects:  53% (406/765)   [Kremote: Compressing objects:  54% (414/765)   [Kremote: Compressing objects:  55% (421/765)   [Kremote: Compressing objects:  56% (429/765)   [Kremote: Compressing objects:  57% (437/765)   [Kremote: Compressing objects:  58% (444/765)   [Kremote: Compressing objects:  59% (452/765)   [Kremote: Compressing objects:  60% (459/765)   [Kremote: Compressing objects:  61% (467/765)   [Kremote: Compressing objects:  62% (475/765)   [Kremote: Compressing objects:  63% (482/765)   [Kremote: Compressing objects:  64% (490/765)   [Kremote: Compressing objects:  65% (498/765)   [Kremote: Compressing objects:  66% (505/765)   [Kremote: Compressing objects:  67% (513/765)   [Kremote: Compressing objects:  68% (521/765)   [Kremote: Compressing objects:  69% (528/765)   [Kremote: Compressing objects:  70% (536/765)   [Kremote: Compressing objects:  71% (544/765)   [Kremote: Compressing objects:  72% (551/765)   [Kremote: Compressing objects:  73% (559/765)   [Kremote: Compressing objects:  74% (567/765)   [Kremote: Compressing objects:  75% (574/765)   [Kremote: Compressing objects:  76% (582/765)   [Kremote: Compressing objects:  77% (590/765)   [Kremote: Compressing objects:  78% (597/765)   [Kremote: Compressing objects:  79% (605/765)   [Kremote: Compressing objects:  80% (612/765)   [Kremote: Compressing objects:  81% (620/765)   [Kremote: Compressing objects:  82% (628/765)   [Kremote: Compressing objects:  83% (635/765)   [Kremote: Compressing objects:  84% (643/765)   [Kremote: Compressing objects:  85% (651/765)   [Kremote: Compressing objects:  86% (658/765)   [Kremote: Compressing objects:  87% (666/765)   [Kremote: Compressing objects:  88% (674/765)   [Kremote: Compressing objects:  89% (681/765)   [Kremote: Compressing objects:  90% (689/765)   [Kremote: Compressing objects:  91% (697/765)   [Kremote: Compressing objects:  92% (704/765)   [Kremote: Compressing objects:  93% (712/765)   [Kremote: Compressing objects:  94% (720/765)   [Kremote: Compressing objects:  95% (727/765)   [Kremote: Compressing objects:  96% (735/765)   [Kremote: Compressing objects:  97% (743/765)   [Kremote: Compressing objects:  98% (750/765)   [Kremote: Compressing objects:  99% (758/765)   [Kremote: Compressing objects: 100% (765/765)   [Kremote: Compressing objects: 100% (765/765), done.[K
Receiving objects:   0% (1/1671)   Receiving objects:   1% (17/1671)   Receiving objects:   2% (34/1671)   Receiving objects:   3% (51/1671)   Receiving objects:   4% (67/1671)   Receiving objects:   5% (84/1671)   Receiving objects:   6% (101/1671)   Receiving objects:   7% (117/1671)   Receiving objects:   8% (134/1671)   Receiving objects:   9% (151/1671)   Receiving objects:  10% (168/1671)   Receiving objects:  11% (184/1671)   Receiving objects:  12% (201/1671)   Receiving objects:  13% (218/1671)   Receiving objects:  14% (234/1671)   Receiving objects:  15% (251/1671)   Receiving objects:  16% (268/1671)   Receiving objects:  17% (285/1671)   Receiving objects:  18% (301/1671)   Receiving objects:  19% (318/1671)   Receiving objects:  20% (335/1671)   Receiving objects:  21% (351/1671)   Receiving objects:  22% (368/1671)   Receiving objects:  23% (385/1671)   Receiving objects:  24% (402/1671)   Receiving objects:  25% (418/1671)   Receiving objects:  26% (435/1671)   Receiving objects:  27% (452/1671)   Receiving objects:  28% (468/1671)   Receiving objects:  29% (485/1671)   Receiving objects:  30% (502/1671)   Receiving objects:  31% (519/1671)   Receiving objects:  32% (535/1671)   Receiving objects:  33% (552/1671)   Receiving objects:  34% (569/1671)   Receiving objects:  35% (585/1671)   Receiving objects:  36% (602/1671)   Receiving objects:  37% (619/1671)   Receiving objects:  38% (635/1671)   Receiving objects:  39% (652/1671)   Receiving objects:  40% (669/1671)   Receiving objects:  41% (686/1671)   Receiving objects:  42% (702/1671)   Receiving objects:  43% (719/1671)   Receiving objects:  44% (736/1671)   Receiving objects:  45% (752/1671)   Receiving objects:  46% (769/1671)   Receiving objects:  47% (786/1671)   Receiving objects:  48% (803/1671)   Receiving objects:  49% (819/1671)   Receiving objects:  50% (836/1671)   Receiving objects:  51% (853/1671)   Receiving objects:  52% (869/1671)   Receiving objects:  53% (886/1671)   Receiving objects:  54% (903/1671)   Receiving objects:  55% (920/1671)   Receiving objects:  56% (936/1671)   Receiving objects:  57% (953/1671)   Receiving objects:  58% (970/1671)   Receiving objects:  59% (986/1671)   Receiving objects:  60% (1003/1671)   Receiving objects:  61% (1020/1671)   Receiving objects:  62% (1037/1671)   Receiving objects:  63% (1053/1671)   Receiving objects:  64% (1070/1671)   Receiving objects:  65% (1087/1671)   Receiving objects:  66% (1103/1671)   Receiving objects:  67% (1120/1671)   Receiving objects:  68% (1137/1671)   Receiving objects:  69% (1153/1671)   Receiving objects:  70% (1170/1671)   remote: Total 1671 (delta 672), reused 1464 (delta 494), pack-reused 0[K
Receiving objects:  71% (1187/1671)   Receiving objects:  72% (1204/1671)   Receiving objects:  73% (1220/1671)   Receiving objects:  74% (1237/1671)   Receiving objects:  75% (1254/1671)   Receiving objects:  76% (1270/1671)   Receiving objects:  77% (1287/1671)   Receiving objects:  78% (1304/1671)   Receiving objects:  79% (1321/1671)   Receiving objects:  80% (1337/1671)   Receiving objects:  81% (1354/1671)   Receiving objects:  82% (1371/1671)   Receiving objects:  83% (1387/1671)   Receiving objects:  84% (1404/1671)   Receiving objects:  85% (1421/1671)   Receiving objects:  86% (1438/1671)   Receiving objects:  87% (1454/1671)   Receiving objects:  88% (1471/1671)   Receiving objects:  89% (1488/1671)   Receiving objects:  90% (1504/1671)   Receiving objects:  91% (1521/1671)   Receiving objects:  92% (1538/1671)   Receiving objects:  93% (1555/1671)   Receiving objects:  94% (1571/1671)   Receiving objects:  95% (1588/1671)   Receiving objects:  96% (1605/1671)   Receiving objects:  97% (1621/1671)   Receiving objects:  98% (1638/1671)   Receiving objects:  99% (1655/1671)   Receiving objects: 100% (1671/1671)   Receiving objects: 100% (1671/1671), 371.32 KiB | 0 bytes/s, done.
Resolving deltas:   0% (0/672)   Resolving deltas:   4% (29/672)   Resolving deltas:   6% (45/672)   Resolving deltas:   7% (50/672)   Resolving deltas:   8% (57/672)   Resolving deltas:  15% (102/672)   Resolving deltas:  17% (116/672)   Resolving deltas:  18% (125/672)   Resolving deltas:  21% (142/672)   Resolving deltas:  22% (148/672)   Resolving deltas:  23% (155/672)   Resolving deltas:  25% (173/672)   Resolving deltas:  28% (191/672)   Resolving deltas:  32% (218/672)   Resolving deltas:  33% (226/672)   Resolving deltas:  34% (230/672)   Resolving deltas:  36% (247/672)   Resolving deltas:  37% (249/672)   Resolving deltas:  38% (258/672)   Resolving deltas:  39% (263/672)   Resolving deltas:  40% (274/672)   Resolving deltas:  41% (276/672)   Resolving deltas:  42% (283/672)   Resolving deltas:  44% (299/672)   Resolving deltas:  45% (309/672)   Resolving deltas:  47% (316/672)   Resolving deltas:  48% (325/672)   Resolving deltas:  49% (330/672)   Resolving deltas:  50% (336/672)   Resolving deltas:  52% (354/672)   Resolving deltas:  53% (358/672)   Resolving deltas:  54% (364/672)   Resolving deltas:  55% (370/672)   Resolving deltas:  56% (381/672)   Resolving deltas:  58% (395/672)   Resolving deltas:  60% (407/672)   Resolving deltas:  61% (415/672)   Resolving deltas:  62% (419/672)   Resolving deltas:  63% (425/672)   Resolving deltas:  64% (431/672)   Resolving deltas:  66% (450/672)   Resolving deltas:  67% (456/672)   Resolving deltas:  70% (477/672)   Resolving deltas:  71% (478/672)   Resolving deltas:  73% (497/672)   Resolving deltas:  74% (499/672)   Resolving deltas:  76% (515/672)   Resolving deltas:  77% (520/672)   Resolving deltas:  80% (542/672)   Resolving deltas:  81% (548/672)   Resolving deltas:  87% (588/672)   Resolving deltas:  88% (596/672)   Resolving deltas:  89% (603/672)   Resolving deltas:  90% (607/672)   Resolving deltas:  91% (612/672)   Resolving deltas:  92% (622/672)   Resolving deltas:  93% (626/672)   Resolving deltas:  94% (632/672)   Resolving deltas:  95% (639/672)   Resolving deltas:  96% (650/672)   Resolving deltas:  97% (652/672)   Resolving deltas:  98% (660/672)   Resolving deltas:  99% (666/672)   Resolving deltas: 100% (672/672)   Resolving deltas: 100% (672/672), done.
Checking connectivity... done.

travis_time:end:02a909c7:start=1453733935378555276,finish=1453733936853715970,duration=1475160694[0K$ cd square/retrofit
$ git checkout -qf fcc61f76f9efb1daf04fa124c9fecd7b0fec6036
travis_fold:end:git.checkout[0K
[33;1mThis job is running on container-based infrastructure, which does not allow use of 'sudo', setuid and setguid executables.[0m
[33;1mIf you require sudo, add 'sudo: required' to your .travis.yml[0m
[33;1mSee https://docs.travis-ci.com/user/workers/container-based-infrastructure/ for details.[0m

[33;1mSetting environment variables from .travis.yml[0m
$ export CI_DEPLOY_USERNAME=[secure]
$ export CI_DEPLOY_PASSWORD=[secure]

travis_fold:start:cache.1[0KSetting up build cache
$ export CASHER_DIR=$HOME/.casher
travis_time:start:01afa5f2[0K$ Installing caching utilities

travis_time:end:01afa5f2:start=1453733939233731642,finish=1453733939283194263,duration=49462621[0Ktravis_time:start:02c5df85[0K
travis_time:end:02c5df85:start=1453733939287754163,finish=1453733939290896388,duration=3142225[0Ktravis_time:start:0596f057[0K[32;1mattempting to download cache archive[0m
[32;1mfetching jwrx-tests/cache--jdk-oraclejdk8.tgz[0m
[32;1mfound cache[0m

travis_time:end:0596f057:start=1453733939294790961,finish=1453733942538178130,duration=3243387169[0Ktravis_time:start:0d2dbf39[0K
travis_time:end:0d2dbf39:start=1453733942544634826,finish=1453733942549685606,duration=5050780[0Ktravis_time:start:29c14ebc[0K[32;1madding /home/travis/.m2 to cache[0m

travis_time:end:29c14ebc:start=1453733942555329588,finish=1453733945398495366,duration=2843165778[0Ktravis_fold:end:cache.1[0K$ jdk_switcher use oraclejdk8
Switching to Oracle JDK8 (java-8-oracle), JAVA_HOME will be set to /usr/lib/jvm/java-8-oracle
$ java -Xmx32m -version
java version "1.8.0_31"
Java(TM) SE Runtime Environment (build 1.8.0_31-b13)
Java HotSpot(TM) 64-Bit Server VM (build 25.31-b07, mixed mode)
$ javac -J-Xmx32m -version
javac 1.8.0_31
travis_fold:start:install[0Ktravis_time:start:00e5fdb5[0K$ mvn install -DskipTests=true -Dmaven.javadoc.skip=true -B -V
Java HotSpot(TM) 64-Bit Server VM warning: ignoring option MaxPermSize=192m; support was removed in 8.0
Apache Maven 3.2.5 (12a6b3acb947671f09b81f49094c53f426d8cea1; 2014-12-14T17:29:23+00:00)
Maven home: /usr/local/maven
Java version: 1.8.0_31, vendor: Oracle Corporation
Java home: /usr/lib/jvm/java-8-oracle/jre
Default locale: en_US, platform encoding: UTF-8
OS name: "linux", version: "3.13.0-40-generic", arch: "amd64", family: "unix"
[INFO] Scanning for projects...
[WARNING] 
[WARNING] Some problems were encountered while building the effective model for com.squareup.retrofit2:samples:jar:2.0.0-SNAPSHOT
[WARNING] 'build.plugins.plugin.version' for org.apache.maven.plugins:maven-deploy-plugin is missing. @ com.squareup.retrofit2:samples:[unknown-version], /home/travis/build/square/retrofit/samples/pom.xml, line 45, column 15
[WARNING] 
[WARNING] It is highly recommended to fix these problems because they threaten the stability of your build.
[WARNING] 
[WARNING] For this reason, future Maven versions might no longer support building such malformed projects.
[WARNING] 
[INFO] ------------------------------------------------------------------------
[INFO] Reactor Build Order:
[INFO] 
[INFO] Retrofit (Parent)
[INFO] Retrofit
[INFO] Adapters
[INFO] Adapter: RxJava
[INFO] Converters
[INFO] Converter: Gson
[INFO] Converter: Protocol Buffers
[INFO] Converter: Jackson
[INFO] Converter: Wire Protocol Buffers
[INFO] Converter: SimpleXML
[INFO] Converter: Java Scalars
[INFO] Converter: Moshi
[INFO] Retrofit Mock Adapter
[INFO] Samples
[INFO]                                                                         
[INFO] ------------------------------------------------------------------------
[INFO] Building Retrofit (Parent) 2.0.0-SNAPSHOT
[INFO] ------------------------------------------------------------------------
[INFO] 
[INFO] --- maven-enforcer-plugin:1.0:enforce (enforce-maven) @ parent ---
[INFO] 
[INFO] --- animal-sniffer-maven-plugin:1.14:check (default) @ parent ---
[INFO] Checking unresolved references to org.codehaus.mojo.signature:java16:1.1
[INFO] 
[INFO] --- maven-javadoc-plugin:2.10.3:jar (attach-javadocs) @ parent ---
[INFO] Skipping javadoc generation
[INFO] 
[INFO] --- maven-checkstyle-plugin:2.15:checkstyle (default) @ parent ---
[INFO] 
[INFO] --- maven-install-plugin:2.4:install (default-install) @ parent ---
[INFO] Installing /home/travis/build/square/retrofit/pom.xml to /home/travis/.m2/repository/com/squareup/retrofit2/parent/2.0.0-SNAPSHOT/parent-2.0.0-SNAPSHOT.pom
[INFO]                                                                         
[INFO] ------------------------------------------------------------------------
[INFO] Building Retrofit 2.0.0-SNAPSHOT
[INFO] ------------------------------------------------------------------------
[INFO] 
[INFO] --- maven-enforcer-plugin:1.0:enforce (enforce-maven) @ retrofit ---
[INFO] 
[INFO] --- maven-resources-plugin:2.6:resources (default-resources) @ retrofit ---
[INFO] Using 'UTF-8' encoding to copy filtered resources.
[INFO] skip non existing resourceDirectory /home/travis/build/square/retrofit/retrofit/src/main/resources
[INFO] 
[INFO] --- maven-compiler-plugin:3.0:compile (default-compile) @ retrofit ---
[INFO] Changes detected - recompiling the module!
[INFO] Compiling 42 source files to /home/travis/build/square/retrofit/retrofit/target/classes
[WARNING] /home/travis/build/square/retrofit/retrofit/src/main/java/retrofit2/Retrofit.java: Some input files use unchecked or unsafe operations.
[WARNING] /home/travis/build/square/retrofit/retrofit/src/main/java/retrofit2/Retrofit.java: Recompile with -Xlint:unchecked for details.
[INFO] 
[INFO] --- maven-resources-plugin:2.6:testResources (default-testResources) @ retrofit ---
[INFO] Using 'UTF-8' encoding to copy filtered resources.
[INFO] skip non existing resourceDirectory /home/travis/build/square/retrofit/retrofit/src/test/resources
[INFO] 
[INFO] --- maven-compiler-plugin:3.0:testCompile (default-testCompile) @ retrofit ---
[INFO] Changes detected - recompiling the module!
[INFO] Compiling 12 source files to /home/travis/build/square/retrofit/retrofit/target/test-classes
[WARNING] /home/travis/build/square/retrofit/retrofit/src/test/java/retrofit2/RetrofitTest.java: /home/travis/build/square/retrofit/retrofit/src/test/java/retrofit2/RetrofitTest.java uses unchecked or unsafe operations.
[WARNING] /home/travis/build/square/retrofit/retrofit/src/test/java/retrofit2/RetrofitTest.java: Recompile with -Xlint:unchecked for details.
[INFO] 
[INFO] --- maven-surefire-plugin:2.12.4:test (default-test) @ retrofit ---
[INFO] Tests are skipped.
[INFO] 
[INFO] --- animal-sniffer-maven-plugin:1.14:check (default) @ retrofit ---
[INFO] Checking unresolved references to org.codehaus.mojo.signature:java16:1.1
[INFO] 
[INFO] --- maven-jar-plugin:2.4:jar (default-jar) @ retrofit ---
[INFO] Building jar: /home/travis/build/square/retrofit/retrofit/target/retrofit-2.0.0-SNAPSHOT.jar
[INFO] 
[INFO] --- maven-javadoc-plugin:2.10.3:jar (attach-javadocs) @ retrofit ---
[INFO] Skipping javadoc generation
[INFO] 
[INFO] --- maven-checkstyle-plugin:2.15:checkstyle (default) @ retrofit ---
[INFO] Starting audit...
Audit done.
[WARNING] Unable to locate Source XRef to link to - DISABLED
[INFO] 
[INFO] --- maven-install-plugin:2.4:install (default-install) @ retrofit ---
[INFO] Installing /home/travis/build/square/retrofit/retrofit/target/retrofit-2.0.0-SNAPSHOT.jar to /home/travis/.m2/repository/com/squareup/retrofit2/retrofit/2.0.0-SNAPSHOT/retrofit-2.0.0-SNAPSHOT.jar
[INFO] Installing /home/travis/build/square/retrofit/retrofit/pom.xml to /home/travis/.m2/repository/com/squareup/retrofit2/retrofit/2.0.0-SNAPSHOT/retrofit-2.0.0-SNAPSHOT.pom
[INFO]                                                                         
[INFO] ------------------------------------------------------------------------
[INFO] Building Adapters 2.0.0-SNAPSHOT
[INFO] ------------------------------------------------------------------------
[INFO] 
[INFO] --- maven-enforcer-plugin:1.0:enforce (enforce-maven) @ retrofit-adapters ---
[INFO] 
[INFO] --- animal-sniffer-maven-plugin:1.14:check (default) @ retrofit-adapters ---
[INFO] Checking unresolved references to org.codehaus.mojo.signature:java16:1.1
[INFO] 
[INFO] --- maven-javadoc-plugin:2.10.3:jar (attach-javadocs) @ retrofit-adapters ---
[INFO] Skipping javadoc generation
[INFO] 
[INFO] --- maven-checkstyle-plugin:2.15:checkstyle (default) @ retrofit-adapters ---
[INFO] 
[INFO] --- maven-install-plugin:2.4:install (default-install) @ retrofit-adapters ---
[INFO] Installing /home/travis/build/square/retrofit/retrofit-adapters/pom.xml to /home/travis/.m2/repository/com/squareup/retrofit2/retrofit-adapters/2.0.0-SNAPSHOT/retrofit-adapters-2.0.0-SNAPSHOT.pom
[INFO]                                                                         
[INFO] ------------------------------------------------------------------------
[INFO] Building Adapter: RxJava 2.0.0-SNAPSHOT
[INFO] ------------------------------------------------------------------------
[INFO] 
[INFO] --- maven-enforcer-plugin:1.0:enforce (enforce-maven) @ adapter-rxjava ---
[INFO] 
[INFO] --- maven-resources-plugin:2.6:resources (default-resources) @ adapter-rxjava ---
[INFO] Using 'UTF-8' encoding to copy filtered resources.
[INFO] skip non existing resourceDirectory /home/travis/build/square/retrofit/retrofit-adapters/rxjava/src/main/resources
[INFO] 
[INFO] --- maven-compiler-plugin:3.0:compile (default-compile) @ adapter-rxjava ---
[INFO] Changes detected - recompiling the module!
[INFO] Compiling 4 source files to /home/travis/build/square/retrofit/retrofit-adapters/rxjava/target/classes
[INFO] 
[INFO] --- maven-resources-plugin:2.6:testResources (default-testResources) @ adapter-rxjava ---
[INFO] Using 'UTF-8' encoding to copy filtered resources.
[INFO] skip non existing resourceDirectory /home/travis/build/square/retrofit/retrofit-adapters/rxjava/src/test/resources
[INFO] 
[INFO] --- maven-compiler-plugin:3.0:testCompile (default-testCompile) @ adapter-rxjava ---
[INFO] Changes detected - recompiling the module!
[INFO] Compiling 5 source files to /home/travis/build/square/retrofit/retrofit-adapters/rxjava/target/test-classes
[INFO] 
[INFO] --- maven-surefire-plugin:2.12.4:test (default-test) @ adapter-rxjava ---
[INFO] Tests are skipped.
[INFO] 
[INFO] --- animal-sniffer-maven-plugin:1.14:check (default) @ adapter-rxjava ---
[INFO] Checking unresolved references to org.codehaus.mojo.signature:java16:1.1
[INFO] 
[INFO] --- maven-jar-plugin:2.4:jar (default-jar) @ adapter-rxjava ---
[INFO] Building jar: /home/travis/build/square/retrofit/retrofit-adapters/rxjava/target/adapter-rxjava-2.0.0-SNAPSHOT.jar
[INFO] 
[INFO] --- maven-javadoc-plugin:2.10.3:jar (attach-javadocs) @ adapter-rxjava ---
[INFO] Skipping javadoc generation
[INFO] 
[INFO] --- maven-checkstyle-plugin:2.15:checkstyle (default) @ adapter-rxjava ---
[INFO] Starting audit...
Audit done.
[WARNING] Unable to locate Source XRef to link to - DISABLED
[INFO] 
[INFO] --- maven-install-plugin:2.4:install (default-install) @ adapter-rxjava ---
[INFO] Installing /home/travis/build/square/retrofit/retrofit-adapters/rxjava/target/adapter-rxjava-2.0.0-SNAPSHOT.jar to /home/travis/.m2/repository/com/squareup/retrofit2/adapter-rxjava/2.0.0-SNAPSHOT/adapter-rxjava-2.0.0-SNAPSHOT.jar
[INFO] Installing /home/travis/build/square/retrofit/retrofit-adapters/rxjava/pom.xml to /home/travis/.m2/repository/com/squareup/retrofit2/adapter-rxjava/2.0.0-SNAPSHOT/adapter-rxjava-2.0.0-SNAPSHOT.pom
[INFO]                                                                         
[INFO] ------------------------------------------------------------------------
[INFO] Building Converters 2.0.0-SNAPSHOT
[INFO] ------------------------------------------------------------------------
[INFO] 
[INFO] --- maven-enforcer-plugin:1.0:enforce (enforce-maven) @ retrofit-converters ---
[INFO] 
[INFO] --- animal-sniffer-maven-plugin:1.14:check (default) @ retrofit-converters ---
[INFO] Checking unresolved references to org.codehaus.mojo.signature:java16:1.1
[INFO] 
[INFO] --- maven-javadoc-plugin:2.10.3:jar (attach-javadocs) @ retrofit-converters ---
[INFO] Skipping javadoc generation
[INFO] 
[INFO] --- maven-checkstyle-plugin:2.15:checkstyle (default) @ retrofit-converters ---
[INFO] 
[INFO] --- maven-install-plugin:2.4:install (default-install) @ retrofit-converters ---
[INFO] Installing /home/travis/build/square/retrofit/retrofit-converters/pom.xml to /home/travis/.m2/repository/com/squareup/retrofit2/retrofit-converters/2.0.0-SNAPSHOT/retrofit-converters-2.0.0-SNAPSHOT.pom
[INFO]                                                                         
[INFO] ------------------------------------------------------------------------
[INFO] Building Converter: Gson 2.0.0-SNAPSHOT
[INFO] ------------------------------------------------------------------------
[INFO] 
[INFO] --- maven-enforcer-plugin:1.0:enforce (enforce-maven) @ converter-gson ---
[INFO] 
[INFO] --- maven-resources-plugin:2.6:resources (default-resources) @ converter-gson ---
[INFO] Using 'UTF-8' encoding to copy filtered resources.
[INFO] skip non existing resourceDirectory /home/travis/build/square/retrofit/retrofit-converters/gson/src/main/resources
[INFO] 
[INFO] --- maven-compiler-plugin:3.0:compile (default-compile) @ converter-gson ---
[INFO] Changes detected - recompiling the module!
[INFO] Compiling 3 source files to /home/travis/build/square/retrofit/retrofit-converters/gson/target/classes
[INFO] 
[INFO] --- maven-resources-plugin:2.6:testResources (default-testResources) @ converter-gson ---
[INFO] Using 'UTF-8' encoding to copy filtered resources.
[INFO] skip non existing resourceDirectory /home/travis/build/square/retrofit/retrofit-converters/gson/src/test/resources
[INFO] 
[INFO] --- maven-compiler-plugin:3.0:testCompile (default-testCompile) @ converter-gson ---
[INFO] Changes detected - recompiling the module!
[INFO] Compiling 1 source file to /home/travis/build/square/retrofit/retrofit-converters/gson/target/test-classes
[INFO] 
[INFO] --- maven-surefire-plugin:2.12.4:test (default-test) @ converter-gson ---
[INFO] Tests are skipped.
[INFO] 
[INFO] --- animal-sniffer-maven-plugin:1.14:check (default) @ converter-gson ---
[INFO] Checking unresolved references to org.codehaus.mojo.signature:java16:1.1
[INFO] 
[INFO] --- maven-jar-plugin:2.4:jar (default-jar) @ converter-gson ---
[INFO] Building jar: /home/travis/build/square/retrofit/retrofit-converters/gson/target/converter-gson-2.0.0-SNAPSHOT.jar
[INFO] 
[INFO] --- maven-javadoc-plugin:2.10.3:jar (attach-javadocs) @ converter-gson ---
[INFO] Skipping javadoc generation
[INFO] 
[INFO] --- maven-checkstyle-plugin:2.15:checkstyle (default) @ converter-gson ---
[INFO] Starting audit...
Audit done.
[WARNING] Unable to locate Source XRef to link to - DISABLED
[INFO] 
[INFO] --- maven-install-plugin:2.4:install (default-install) @ converter-gson ---
[INFO] Installing /home/travis/build/square/retrofit/retrofit-converters/gson/target/converter-gson-2.0.0-SNAPSHOT.jar to /home/travis/.m2/repository/com/squareup/retrofit2/converter-gson/2.0.0-SNAPSHOT/converter-gson-2.0.0-SNAPSHOT.jar
[INFO] Installing /home/travis/build/square/retrofit/retrofit-converters/gson/pom.xml to /home/travis/.m2/repository/com/squareup/retrofit2/converter-gson/2.0.0-SNAPSHOT/converter-gson-2.0.0-SNAPSHOT.pom
[INFO]                                                                         
[INFO] ------------------------------------------------------------------------
[INFO] Building Converter: Protocol Buffers 2.0.0-SNAPSHOT
[INFO] ------------------------------------------------------------------------
[INFO] 
[INFO] --- maven-enforcer-plugin:1.0:enforce (enforce-maven) @ converter-protobuf ---
[INFO] 
[INFO] --- maven-resources-plugin:2.6:resources (default-resources) @ converter-protobuf ---
[INFO] Using 'UTF-8' encoding to copy filtered resources.
[INFO] skip non existing resourceDirectory /home/travis/build/square/retrofit/retrofit-converters/protobuf/src/main/resources
[INFO] 
[INFO] --- maven-compiler-plugin:3.0:compile (default-compile) @ converter-protobuf ---
[INFO] Changes detected - recompiling the module!
[INFO] Compiling 3 source files to /home/travis/build/square/retrofit/retrofit-converters/protobuf/target/classes
[WARNING] /home/travis/build/square/retrofit/retrofit-converters/protobuf/src/main/java/retrofit2/ProtoConverterFactory.java: /home/travis/build/square/retrofit/retrofit-converters/protobuf/src/main/java/retrofit2/ProtoConverterFactory.java uses unchecked or unsafe operations.
[WARNING] /home/travis/build/square/retrofit/retrofit-converters/protobuf/src/main/java/retrofit2/ProtoConverterFactory.java: Recompile with -Xlint:unchecked for details.
[INFO] 
[INFO] --- maven-resources-plugin:2.6:testResources (default-testResources) @ converter-protobuf ---
[INFO] Using 'UTF-8' encoding to copy filtered resources.
[INFO] skip non existing resourceDirectory /home/travis/build/square/retrofit/retrofit-converters/protobuf/src/test/resources
[INFO] 
[INFO] --- maven-compiler-plugin:3.0:testCompile (default-testCompile) @ converter-protobuf ---
[INFO] Changes detected - recompiling the module!
[INFO] Compiling 2 source files to /home/travis/build/square/retrofit/retrofit-converters/protobuf/target/test-classes
[INFO] 
[INFO] --- maven-surefire-plugin:2.12.4:test (default-test) @ converter-protobuf ---
[INFO] Tests are skipped.
[INFO] 
[INFO] --- animal-sniffer-maven-plugin:1.14:check (default) @ converter-protobuf ---
[INFO] Checking unresolved references to org.codehaus.mojo.signature:java16:1.1
[INFO] 
[INFO] --- maven-jar-plugin:2.4:jar (default-jar) @ converter-protobuf ---
[INFO] Building jar: /home/travis/build/square/retrofit/retrofit-converters/protobuf/target/converter-protobuf-2.0.0-SNAPSHOT.jar
[INFO] 
[INFO] --- maven-javadoc-plugin:2.10.3:jar (attach-javadocs) @ converter-protobuf ---
[INFO] Skipping javadoc generation
[INFO] 
[INFO] --- maven-checkstyle-plugin:2.15:checkstyle (default) @ converter-protobuf ---
[INFO] Starting audit...
Audit done.
[WARNING] Unable to locate Source XRef to link to - DISABLED
[INFO] 
[INFO] --- maven-install-plugin:2.4:install (default-install) @ converter-protobuf ---
[INFO] Installing /home/travis/build/square/retrofit/retrofit-converters/protobuf/target/converter-protobuf-2.0.0-SNAPSHOT.jar to /home/travis/.m2/repository/com/squareup/retrofit2/converter-protobuf/2.0.0-SNAPSHOT/converter-protobuf-2.0.0-SNAPSHOT.jar
[INFO] Installing /home/travis/build/square/retrofit/retrofit-converters/protobuf/pom.xml to /home/travis/.m2/repository/com/squareup/retrofit2/converter-protobuf/2.0.0-SNAPSHOT/converter-protobuf-2.0.0-SNAPSHOT.pom
[INFO]                                                                         
[INFO] ------------------------------------------------------------------------
[INFO] Building Converter: Jackson 2.0.0-SNAPSHOT
[INFO] ------------------------------------------------------------------------
[INFO] 
[INFO] --- maven-enforcer-plugin:1.0:enforce (enforce-maven) @ converter-jackson ---
[INFO] 
[INFO] --- maven-resources-plugin:2.6:resources (default-resources) @ converter-jackson ---
[INFO] Using 'UTF-8' encoding to copy filtered resources.
[INFO] skip non existing resourceDirectory /home/travis/build/square/retrofit/retrofit-converters/jackson/src/main/resources
[INFO] 
[INFO] --- maven-compiler-plugin:3.0:compile (default-compile) @ converter-jackson ---
[INFO] Changes detected - recompiling the module!
[INFO] Compiling 3 source files to /home/travis/build/square/retrofit/retrofit-converters/jackson/target/classes
[INFO] 
[INFO] --- maven-resources-plugin:2.6:testResources (default-testResources) @ converter-jackson ---
[INFO] Using 'UTF-8' encoding to copy filtered resources.
[INFO] skip non existing resourceDirectory /home/travis/build/square/retrofit/retrofit-converters/jackson/src/test/resources
[INFO] 
[INFO] --- maven-compiler-plugin:3.0:testCompile (default-testCompile) @ converter-jackson ---
[INFO] Changes detected - recompiling the module!
[INFO] Compiling 1 source file to /home/travis/build/square/retrofit/retrofit-converters/jackson/target/test-classes
[INFO] 
[INFO] --- maven-surefire-plugin:2.12.4:test (default-test) @ converter-jackson ---
[INFO] Tests are skipped.
[INFO] 
[INFO] --- animal-sniffer-maven-plugin:1.14:check (default) @ converter-jackson ---
[INFO] Checking unresolved references to org.codehaus.mojo.signature:java16:1.1
[INFO] 
[INFO] --- maven-jar-plugin:2.4:jar (default-jar) @ converter-jackson ---
[INFO] Building jar: /home/travis/build/square/retrofit/retrofit-converters/jackson/target/converter-jackson-2.0.0-SNAPSHOT.jar
[INFO] 
[INFO] --- maven-javadoc-plugin:2.10.3:jar (attach-javadocs) @ converter-jackson ---
[INFO] Skipping javadoc generation
[INFO] 
[INFO] --- maven-checkstyle-plugin:2.15:checkstyle (default) @ converter-jackson ---
[INFO] Starting audit...
Audit done.
[WARNING] Unable to locate Source XRef to link to - DISABLED
[INFO] 
[INFO] --- maven-install-plugin:2.4:install (default-install) @ converter-jackson ---
[INFO] Installing /home/travis/build/square/retrofit/retrofit-converters/jackson/target/converter-jackson-2.0.0-SNAPSHOT.jar to /home/travis/.m2/repository/com/squareup/retrofit2/converter-jackson/2.0.0-SNAPSHOT/converter-jackson-2.0.0-SNAPSHOT.jar
[INFO] Installing /home/travis/build/square/retrofit/retrofit-converters/jackson/pom.xml to /home/travis/.m2/repository/com/squareup/retrofit2/converter-jackson/2.0.0-SNAPSHOT/converter-jackson-2.0.0-SNAPSHOT.pom
[INFO]                                                                         
[INFO] ------------------------------------------------------------------------
[INFO] Building Converter: Wire Protocol Buffers 2.0.0-SNAPSHOT
[INFO] ------------------------------------------------------------------------
[INFO] 
[INFO] --- maven-enforcer-plugin:1.0:enforce (enforce-maven) @ converter-wire ---
[INFO] 
[INFO] --- maven-resources-plugin:2.6:resources (default-resources) @ converter-wire ---
[INFO] Using 'UTF-8' encoding to copy filtered resources.
[INFO] skip non existing resourceDirectory /home/travis/build/square/retrofit/retrofit-converters/wire/src/main/resources
[INFO] 
[INFO] --- maven-compiler-plugin:3.0:compile (default-compile) @ converter-wire ---
[INFO] Changes detected - recompiling the module!
[INFO] Compiling 3 source files to /home/travis/build/square/retrofit/retrofit-converters/wire/target/classes
[WARNING] /home/travis/build/square/retrofit/retrofit-converters/wire/src/main/java/retrofit2/WireConverterFactory.java: /home/travis/build/square/retrofit/retrofit-converters/wire/src/main/java/retrofit2/WireConverterFactory.java uses unchecked or unsafe operations.
[WARNING] /home/travis/build/square/retrofit/retrofit-converters/wire/src/main/java/retrofit2/WireConverterFactory.java: Recompile with -Xlint:unchecked for details.
[INFO] 
[INFO] --- maven-resources-plugin:2.6:testResources (default-testResources) @ converter-wire ---
[INFO] Using 'UTF-8' encoding to copy filtered resources.
[INFO] skip non existing resourceDirectory /home/travis/build/square/retrofit/retrofit-converters/wire/src/test/resources
[INFO] 
[INFO] --- maven-compiler-plugin:3.0:testCompile (default-testCompile) @ converter-wire ---
[INFO] Changes detected - recompiling the module!
[INFO] Compiling 2 source files to /home/travis/build/square/retrofit/retrofit-converters/wire/target/test-classes
[INFO] 
[INFO] --- maven-surefire-plugin:2.12.4:test (default-test) @ converter-wire ---
[INFO] Tests are skipped.
[INFO] 
[INFO] --- animal-sniffer-maven-plugin:1.14:check (default) @ converter-wire ---
[INFO] Checking unresolved references to org.codehaus.mojo.signature:java16:1.1
[INFO] 
[INFO] --- maven-jar-plugin:2.4:jar (default-jar) @ converter-wire ---
[INFO] Building jar: /home/travis/build/square/retrofit/retrofit-converters/wire/target/converter-wire-2.0.0-SNAPSHOT.jar
[INFO] 
[INFO] --- maven-javadoc-plugin:2.10.3:jar (attach-javadocs) @ converter-wire ---
[INFO] Skipping javadoc generation
[INFO] 
[INFO] --- maven-checkstyle-plugin:2.15:checkstyle (default) @ converter-wire ---
[INFO] Starting audit...
Audit done.
[WARNING] Unable to locate Source XRef to link to - DISABLED
[INFO] 
[INFO] --- maven-install-plugin:2.4:install (default-install) @ converter-wire ---
[INFO] Installing /home/travis/build/square/retrofit/retrofit-converters/wire/target/converter-wire-2.0.0-SNAPSHOT.jar to /home/travis/.m2/repository/com/squareup/retrofit2/converter-wire/2.0.0-SNAPSHOT/converter-wire-2.0.0-SNAPSHOT.jar
[INFO] Installing /home/travis/build/square/retrofit/retrofit-converters/wire/pom.xml to /home/travis/.m2/repository/com/squareup/retrofit2/converter-wire/2.0.0-SNAPSHOT/converter-wire-2.0.0-SNAPSHOT.pom
[INFO]                                                                         
[INFO] ------------------------------------------------------------------------
[INFO] Building Converter: SimpleXML 2.0.0-SNAPSHOT
[INFO] ------------------------------------------------------------------------
[INFO] 
[INFO] --- maven-enforcer-plugin:1.0:enforce (enforce-maven) @ converter-simplexml ---
[INFO] 
[INFO] --- maven-resources-plugin:2.6:resources (default-resources) @ converter-simplexml ---
[INFO] Using 'UTF-8' encoding to copy filtered resources.
[INFO] skip non existing resourceDirectory /home/travis/build/square/retrofit/retrofit-converters/simplexml/src/main/resources
[INFO] 
[INFO] --- maven-compiler-plugin:3.0:compile (default-compile) @ converter-simplexml ---
[INFO] Changes detected - recompiling the module!
[INFO] Compiling 3 source files to /home/travis/build/square/retrofit/retrofit-converters/simplexml/target/classes
[INFO] 
[INFO] --- maven-resources-plugin:2.6:testResources (default-testResources) @ converter-simplexml ---
[INFO] Using 'UTF-8' encoding to copy filtered resources.
[INFO] skip non existing resourceDirectory /home/travis/build/square/retrofit/retrofit-converters/simplexml/src/test/resources
[INFO] 
[INFO] --- maven-compiler-plugin:3.0:testCompile (default-testCompile) @ converter-simplexml ---
[INFO] Changes detected - recompiling the module!
[INFO] Compiling 2 source files to /home/travis/build/square/retrofit/retrofit-converters/simplexml/target/test-classes
[INFO] 
[INFO] --- maven-surefire-plugin:2.12.4:test (default-test) @ converter-simplexml ---
[INFO] Tests are skipped.
[INFO] 
[INFO] --- animal-sniffer-maven-plugin:1.14:check (default) @ converter-simplexml ---
[INFO] Checking unresolved references to org.codehaus.mojo.signature:java16:1.1
[INFO] 
[INFO] --- maven-jar-plugin:2.4:jar (default-jar) @ converter-simplexml ---
[INFO] Building jar: /home/travis/build/square/retrofit/retrofit-converters/simplexml/target/converter-simplexml-2.0.0-SNAPSHOT.jar
[INFO] 
[INFO] --- maven-javadoc-plugin:2.10.3:jar (attach-javadocs) @ converter-simplexml ---
[INFO] Skipping javadoc generation
[INFO] 
[INFO] --- maven-checkstyle-plugin:2.15:checkstyle (default) @ converter-simplexml ---
[INFO] Starting audit...
Audit done.
[WARNING] Unable to locate Source XRef to link to - DISABLED
[INFO] 
[INFO] --- maven-install-plugin:2.4:install (default-install) @ converter-simplexml ---
[INFO] Installing /home/travis/build/square/retrofit/retrofit-converters/simplexml/target/converter-simplexml-2.0.0-SNAPSHOT.jar to /home/travis/.m2/repository/com/squareup/retrofit2/converter-simplexml/2.0.0-SNAPSHOT/converter-simplexml-2.0.0-SNAPSHOT.jar
[INFO] Installing /home/travis/build/square/retrofit/retrofit-converters/simplexml/pom.xml to /home/travis/.m2/repository/com/squareup/retrofit2/converter-simplexml/2.0.0-SNAPSHOT/converter-simplexml-2.0.0-SNAPSHOT.pom
[INFO]                                                                         
[INFO] ------------------------------------------------------------------------
[INFO] Building Converter: Java Scalars 2.0.0-SNAPSHOT
[INFO] ------------------------------------------------------------------------
[INFO] 
[INFO] --- maven-enforcer-plugin:1.0:enforce (enforce-maven) @ converter-scalars ---
[INFO] 
[INFO] --- maven-resources-plugin:2.6:resources (default-resources) @ converter-scalars ---
[INFO] Using 'UTF-8' encoding to copy filtered resources.
[INFO] skip non existing resourceDirectory /home/travis/build/square/retrofit/retrofit-converters/scalars/src/main/resources
[INFO] 
[INFO] --- maven-compiler-plugin:3.0:compile (default-compile) @ converter-scalars ---
[INFO] Changes detected - recompiling the module!
[INFO] Compiling 3 source files to /home/travis/build/square/retrofit/retrofit-converters/scalars/target/classes
[INFO] 
[INFO] --- maven-resources-plugin:2.6:testResources (default-testResources) @ converter-scalars ---
[INFO] Using 'UTF-8' encoding to copy filtered resources.
[INFO] skip non existing resourceDirectory /home/travis/build/square/retrofit/retrofit-converters/scalars/src/test/resources
[INFO] 
[INFO] --- maven-compiler-plugin:3.0:testCompile (default-testCompile) @ converter-scalars ---
[INFO] Changes detected - recompiling the module!
[INFO] Compiling 1 source file to /home/travis/build/square/retrofit/retrofit-converters/scalars/target/test-classes
[INFO] 
[INFO] --- maven-surefire-plugin:2.12.4:test (default-test) @ converter-scalars ---
[INFO] Tests are skipped.
[INFO] 
[INFO] --- animal-sniffer-maven-plugin:1.14:check (default) @ converter-scalars ---
[INFO] Checking unresolved references to org.codehaus.mojo.signature:java16:1.1
[INFO] 
[INFO] --- maven-jar-plugin:2.4:jar (default-jar) @ converter-scalars ---
[INFO] Building jar: /home/travis/build/square/retrofit/retrofit-converters/scalars/target/converter-scalars-2.0.0-SNAPSHOT.jar
[INFO] 
[INFO] --- maven-javadoc-plugin:2.10.3:jar (attach-javadocs) @ converter-scalars ---
[INFO] Skipping javadoc generation
[INFO] 
[INFO] --- maven-checkstyle-plugin:2.15:checkstyle (default) @ converter-scalars ---
[INFO] Starting audit...
Audit done.
[WARNING] Unable to locate Source XRef to link to - DISABLED
[INFO] 
[INFO] --- maven-install-plugin:2.4:install (default-install) @ converter-scalars ---
[INFO] Installing /home/travis/build/square/retrofit/retrofit-converters/scalars/target/converter-scalars-2.0.0-SNAPSHOT.jar to /home/travis/.m2/repository/com/squareup/retrofit2/converter-scalars/2.0.0-SNAPSHOT/converter-scalars-2.0.0-SNAPSHOT.jar
[INFO] Installing /home/travis/build/square/retrofit/retrofit-converters/scalars/pom.xml to /home/travis/.m2/repository/com/squareup/retrofit2/converter-scalars/2.0.0-SNAPSHOT/converter-scalars-2.0.0-SNAPSHOT.pom
[INFO]                                                                         
[INFO] ------------------------------------------------------------------------
[INFO] Building Converter: Moshi 2.0.0-SNAPSHOT
[INFO] ------------------------------------------------------------------------
[INFO] 
[INFO] --- maven-enforcer-plugin:1.0:enforce (enforce-maven) @ converter-moshi ---
[INFO] 
[INFO] --- maven-resources-plugin:2.6:resources (default-resources) @ converter-moshi ---
[INFO] Using 'UTF-8' encoding to copy filtered resources.
[INFO] skip non existing resourceDirectory /home/travis/build/square/retrofit/retrofit-converters/moshi/src/main/resources
[INFO] 
[INFO] --- maven-compiler-plugin:3.0:compile (default-compile) @ converter-moshi ---
[INFO] Changes detected - recompiling the module!
[INFO] Compiling 3 source files to /home/travis/build/square/retrofit/retrofit-converters/moshi/target/classes
[INFO] 
[INFO] --- maven-resources-plugin:2.6:testResources (default-testResources) @ converter-moshi ---
[INFO] Using 'UTF-8' encoding to copy filtered resources.
[INFO] skip non existing resourceDirectory /home/travis/build/square/retrofit/retrofit-converters/moshi/src/test/resources
[INFO] 
[INFO] --- maven-compiler-plugin:3.0:testCompile (default-testCompile) @ converter-moshi ---
[INFO] Changes detected - recompiling the module!
[INFO] Compiling 1 source file to /home/travis/build/square/retrofit/retrofit-converters/moshi/target/test-classes
[INFO] 
[INFO] --- maven-surefire-plugin:2.12.4:test (default-test) @ converter-moshi ---
[INFO] Tests are skipped.
[INFO] 
[INFO] --- animal-sniffer-maven-plugin:1.14:check (default) @ converter-moshi ---
[INFO] Checking unresolved references to org.codehaus.mojo.signature:java16:1.1
[INFO] 
[INFO] --- maven-jar-plugin:2.4:jar (default-jar) @ converter-moshi ---
[INFO] Building jar: /home/travis/build/square/retrofit/retrofit-converters/moshi/target/converter-moshi-2.0.0-SNAPSHOT.jar
[INFO] 
[INFO] --- maven-javadoc-plugin:2.10.3:jar (attach-javadocs) @ converter-moshi ---
[INFO] Skipping javadoc generation
[INFO] 
[INFO] --- maven-checkstyle-plugin:2.15:checkstyle (default) @ converter-moshi ---
[INFO] Starting audit...
Audit done.
[WARNING] Unable to locate Source XRef to link to - DISABLED
[INFO] 
[INFO] --- maven-install-plugin:2.4:install (default-install) @ converter-moshi ---
[INFO] Installing /home/travis/build/square/retrofit/retrofit-converters/moshi/target/converter-moshi-2.0.0-SNAPSHOT.jar to /home/travis/.m2/repository/com/squareup/retrofit2/converter-moshi/2.0.0-SNAPSHOT/converter-moshi-2.0.0-SNAPSHOT.jar
[INFO] Installing /home/travis/build/square/retrofit/retrofit-converters/moshi/pom.xml to /home/travis/.m2/repository/com/squareup/retrofit2/converter-moshi/2.0.0-SNAPSHOT/converter-moshi-2.0.0-SNAPSHOT.pom
[INFO]                                                                         
[INFO] ------------------------------------------------------------------------
[INFO] Building Retrofit Mock Adapter 2.0.0-SNAPSHOT
[INFO] ------------------------------------------------------------------------
[INFO] 
[INFO] --- maven-enforcer-plugin:1.0:enforce (enforce-maven) @ retrofit-mock ---
[INFO] 
[INFO] --- maven-resources-plugin:2.6:resources (default-resources) @ retrofit-mock ---
[INFO] Using 'UTF-8' encoding to copy filtered resources.
[INFO] skip non existing resourceDirectory /home/travis/build/square/retrofit/retrofit-mock/src/main/resources
[INFO] 
[INFO] --- maven-compiler-plugin:3.0:compile (default-compile) @ retrofit-mock ---
[INFO] Changes detected - recompiling the module!
[INFO] Compiling 5 source files to /home/travis/build/square/retrofit/retrofit-mock/target/classes
[INFO] 
[INFO] --- maven-resources-plugin:2.6:testResources (default-testResources) @ retrofit-mock ---
[INFO] Using 'UTF-8' encoding to copy filtered resources.
[INFO] skip non existing resourceDirectory /home/travis/build/square/retrofit/retrofit-mock/src/test/resources
[INFO] 
[INFO] --- maven-compiler-plugin:3.0:testCompile (default-testCompile) @ retrofit-mock ---
[INFO] Changes detected - recompiling the module!
[INFO] Compiling 3 source files to /home/travis/build/square/retrofit/retrofit-mock/target/test-classes
[INFO] 
[INFO] --- maven-surefire-plugin:2.12.4:test (default-test) @ retrofit-mock ---
[INFO] Tests are skipped.
[INFO] 
[INFO] --- animal-sniffer-maven-plugin:1.14:check (default) @ retrofit-mock ---
[INFO] Checking unresolved references to org.codehaus.mojo.signature:java16:1.1
[INFO] 
[INFO] --- maven-jar-plugin:2.4:jar (default-jar) @ retrofit-mock ---
[INFO] Building jar: /home/travis/build/square/retrofit/retrofit-mock/target/retrofit-mock-2.0.0-SNAPSHOT.jar
[INFO] 
[INFO] --- maven-javadoc-plugin:2.10.3:jar (attach-javadocs) @ retrofit-mock ---
[INFO] Skipping javadoc generation
[INFO] 
[INFO] --- maven-checkstyle-plugin:2.15:checkstyle (default) @ retrofit-mock ---
[INFO] Starting audit...
Audit done.
[WARNING] Unable to locate Source XRef to link to - DISABLED
[INFO] 
[INFO] --- maven-install-plugin:2.4:install (default-install) @ retrofit-mock ---
[INFO] Installing /home/travis/build/square/retrofit/retrofit-mock/target/retrofit-mock-2.0.0-SNAPSHOT.jar to /home/travis/.m2/repository/com/squareup/retrofit2/retrofit-mock/2.0.0-SNAPSHOT/retrofit-mock-2.0.0-SNAPSHOT.jar
[INFO] Installing /home/travis/build/square/retrofit/retrofit-mock/pom.xml to /home/travis/.m2/repository/com/squareup/retrofit2/retrofit-mock/2.0.0-SNAPSHOT/retrofit-mock-2.0.0-SNAPSHOT.pom
[INFO]                                                                         
[INFO] ------------------------------------------------------------------------
[INFO] Building Samples 2.0.0-SNAPSHOT
[INFO] ------------------------------------------------------------------------
[INFO] 
[INFO] --- maven-enforcer-plugin:1.0:enforce (enforce-maven) @ samples ---
[INFO] 
[INFO] --- maven-resources-plugin:2.6:resources (default-resources) @ samples ---
[INFO] Using 'UTF-8' encoding to copy filtered resources.
[INFO] skip non existing resourceDirectory /home/travis/build/square/retrofit/samples/src/main/resources
[INFO] 
[INFO] --- maven-compiler-plugin:3.0:compile (default-compile) @ samples ---
[INFO] Changes detected - recompiling the module!
[INFO] Compiling 6 source files to /home/travis/build/square/retrofit/samples/target/classes
[INFO] 
[INFO] --- maven-resources-plugin:2.6:testResources (default-testResources) @ samples ---
[INFO] Using 'UTF-8' encoding to copy filtered resources.
[INFO] skip non existing resourceDirectory /home/travis/build/square/retrofit/samples/src/test/resources
[INFO] 
[INFO] --- maven-compiler-plugin:3.0:testCompile (default-testCompile) @ samples ---
[INFO] No sources to compile
[INFO] 
[INFO] --- maven-surefire-plugin:2.12.4:test (default-test) @ samples ---
[INFO] Tests are skipped.
[INFO] 
[INFO] --- animal-sniffer-maven-plugin:1.14:check (default) @ samples ---
[INFO] Checking unresolved references to org.codehaus.mojo.signature:java16:1.1
[INFO] 
[INFO] --- maven-jar-plugin:2.4:jar (default-jar) @ samples ---
[INFO] Building jar: /home/travis/build/square/retrofit/samples/target/samples-2.0.0-SNAPSHOT.jar
[INFO] 
[INFO] --- maven-javadoc-plugin:2.10.3:jar (attach-javadocs) @ samples ---
[INFO] Skipping javadoc generation
[INFO] 
[INFO] --- maven-checkstyle-plugin:2.15:checkstyle (default) @ samples ---
[INFO] Starting audit...
Audit done.
[WARNING] Unable to locate Source XRef to link to - DISABLED
[INFO] 
[INFO] --- maven-install-plugin:2.4:install (default-install) @ samples ---
[INFO] Installing /home/travis/build/square/retrofit/samples/target/samples-2.0.0-SNAPSHOT.jar to /home/travis/.m2/repository/com/squareup/retrofit2/samples/2.0.0-SNAPSHOT/samples-2.0.0-SNAPSHOT.jar
[INFO] Installing /home/travis/build/square/retrofit/samples/pom.xml to /home/travis/.m2/repository/com/squareup/retrofit2/samples/2.0.0-SNAPSHOT/samples-2.0.0-SNAPSHOT.pom
[INFO] ------------------------------------------------------------------------
[INFO] Reactor Summary:
[INFO] 
[INFO] Retrofit (Parent) .................................. SUCCESS [  9.515 s]
[INFO] Retrofit ........................................... SUCCESS [ 22.983 s]
[INFO] Adapters ........................................... SUCCESS [  1.011 s]
[INFO] Adapter: RxJava .................................... SUCCESS [  4.120 s]
[INFO] Converters ......................................... SUCCESS [  0.506 s]
[INFO] Converter: Gson .................................... SUCCESS [  1.639 s]
[INFO] Converter: Protocol Buffers ........................ SUCCESS [  2.039 s]
[INFO] Converter: Jackson ................................. SUCCESS [  1.821 s]
[INFO] Converter: Wire Protocol Buffers ................... SUCCESS [  1.677 s]
[INFO] Converter: SimpleXML ............................... SUCCESS [  1.239 s]
[INFO] Converter: Java Scalars ............................ SUCCESS [  2.212 s]
[INFO] Converter: Moshi ................................... SUCCESS [  1.450 s]
[INFO] Retrofit Mock Adapter .............................. SUCCESS [  1.352 s]
[INFO] Samples ............................................ SUCCESS [  2.362 s]
[INFO] ------------------------------------------------------------------------
[INFO] BUILD SUCCESS
[INFO] ------------------------------------------------------------------------
[INFO] Total time: 54.462 s
[INFO] Finished at: 2016-01-25T15:00:03+00:00
[INFO] Final Memory: 45M/423M
[INFO] ------------------------------------------------------------------------

travis_time:end:00e5fdb5:start=1453733946528622001,finish=1453734005204097156,duration=58675475155[0Ktravis_fold:end:install[0Ktravis_time:start:20a9483e[0K$ mvn test -B
Java HotSpot(TM) 64-Bit Server VM warning: ignoring option MaxPermSize=192m; support was removed in 8.0
[INFO] Scanning for projects...
[WARNING] 
[WARNING] Some problems were encountered while building the effective model for com.squareup.retrofit2:samples:jar:2.0.0-SNAPSHOT
[WARNING] 'build.plugins.plugin.version' for org.apache.maven.plugins:maven-deploy-plugin is missing. @ com.squareup.retrofit2:samples:[unknown-version], /home/travis/build/square/retrofit/samples/pom.xml, line 45, column 15
[WARNING] 
[WARNING] It is highly recommended to fix these problems because they threaten the stability of your build.
[WARNING] 
[WARNING] For this reason, future Maven versions might no longer support building such malformed projects.
[WARNING] 
[INFO] ------------------------------------------------------------------------
[INFO] Reactor Build Order:
[INFO] 
[INFO] Retrofit (Parent)
[INFO] Retrofit
[INFO] Adapters
[INFO] Adapter: RxJava
[INFO] Converters
[INFO] Converter: Gson
[INFO] Converter: Protocol Buffers
[INFO] Converter: Jackson
[INFO] Converter: Wire Protocol Buffers
[INFO] Converter: SimpleXML
[INFO] Converter: Java Scalars
[INFO] Converter: Moshi
[INFO] Retrofit Mock Adapter
[INFO] Samples
[INFO]                                                                         
[INFO] ------------------------------------------------------------------------
[INFO] Building Retrofit (Parent) 2.0.0-SNAPSHOT
[INFO] ------------------------------------------------------------------------
[INFO] 
[INFO] --- maven-enforcer-plugin:1.0:enforce (enforce-maven) @ parent ---
[INFO] 
[INFO] --- animal-sniffer-maven-plugin:1.14:check (default) @ parent ---
[INFO] Checking unresolved references to org.codehaus.mojo.signature:java16:1.1
[INFO]                                                                         
[INFO] ------------------------------------------------------------------------
[INFO] Building Retrofit 2.0.0-SNAPSHOT
[INFO] ------------------------------------------------------------------------
[INFO] 
[INFO] --- maven-enforcer-plugin:1.0:enforce (enforce-maven) @ retrofit ---
[INFO] 
[INFO] --- maven-resources-plugin:2.6:resources (default-resources) @ retrofit ---
[INFO] Using 'UTF-8' encoding to copy filtered resources.
[INFO] skip non existing resourceDirectory /home/travis/build/square/retrofit/retrofit/src/main/resources
[INFO] 
[INFO] --- maven-compiler-plugin:3.0:compile (default-compile) @ retrofit ---
[INFO] Changes detected - recompiling the module!
[INFO] Compiling 42 source files to /home/travis/build/square/retrofit/retrofit/target/classes
[WARNING] /home/travis/build/square/retrofit/retrofit/src/main/java/retrofit2/Retrofit.java: Some input files use unchecked or unsafe operations.
[WARNING] /home/travis/build/square/retrofit/retrofit/src/main/java/retrofit2/Retrofit.java: Recompile with -Xlint:unchecked for details.
[INFO] 
[INFO] --- maven-resources-plugin:2.6:testResources (default-testResources) @ retrofit ---
[INFO] Using 'UTF-8' encoding to copy filtered resources.
[INFO] skip non existing resourceDirectory /home/travis/build/square/retrofit/retrofit/src/test/resources
[INFO] 
[INFO] --- maven-compiler-plugin:3.0:testCompile (default-testCompile) @ retrofit ---
[INFO] Changes detected - recompiling the module!
[INFO] Compiling 12 source files to /home/travis/build/square/retrofit/retrofit/target/test-classes
[WARNING] /home/travis/build/square/retrofit/retrofit/src/test/java/retrofit2/RetrofitTest.java: /home/travis/build/square/retrofit/retrofit/src/test/java/retrofit2/RetrofitTest.java uses unchecked or unsafe operations.
[WARNING] /home/travis/build/square/retrofit/retrofit/src/test/java/retrofit2/RetrofitTest.java: Recompile with -Xlint:unchecked for details.
[INFO] 
[INFO] --- maven-surefire-plugin:2.12.4:test (default-test) @ retrofit ---
[INFO] Surefire report directory: /home/travis/build/square/retrofit/retrofit/target/surefire-reports

-------------------------------------------------------
 T E S T S
-------------------------------------------------------
Running retrofit2.CallTest
Jan 25, 2016 3:00:24 PM okhttp3.mockwebserver.MockWebServer$3 execute
INFO: MockWebServer[52718] starting to accept connections
Jan 25, 2016 3:00:26 PM okhttp3.mockwebserver.MockWebServer$3 acceptConnections
INFO: MockWebServer[52718] done accepting connections: Socket closed
Jan 25, 2016 3:00:26 PM okhttp3.mockwebserver.MockWebServer$3 execute
INFO: MockWebServer[39898] starting to accept connections
Jan 25, 2016 3:00:26 PM okhttp3.mockwebserver.MockWebServer$4 processOneRequest
INFO: MockWebServer[39898] received request: GET / HTTP/1.1 and responded: HTTP/1.1 200 OK
Jan 25, 2016 3:00:26 PM okhttp3.mockwebserver.MockWebServer$3 acceptConnections
INFO: MockWebServer[39898] done accepting connections: Socket closed
Jan 25, 2016 3:00:26 PM okhttp3.mockwebserver.MockWebServer$3 execute
INFO: MockWebServer[57251] starting to accept connections
Jan 25, 2016 3:00:26 PM okhttp3.mockwebserver.MockWebServer$4 processOneRequest
INFO: MockWebServer[57251] received request: GET / HTTP/1.1 and responded: HTTP/1.1 404 Client Error
Jan 25, 2016 3:00:26 PM okhttp3.mockwebserver.MockWebServer$3 acceptConnections
INFO: MockWebServer[57251] done accepting connections: Socket closed
Jan 25, 2016 3:00:26 PM okhttp3.mockwebserver.MockWebServer$3 execute
INFO: MockWebServer[46566] starting to accept connections
Jan 25, 2016 3:00:26 PM okhttp3.mockwebserver.MockWebServer$3 acceptConnections
INFO: MockWebServer[46566] done accepting connections: Socket closed
Jan 25, 2016 3:00:26 PM okhttp3.mockwebserver.MockWebServer$4 processOneRequest
INFO: MockWebServer[46566] received request: POST /Hello HTTP/1.1 and responded: HTTP/1.1 200 OK
Jan 25, 2016 3:00:26 PM okhttp3.mockwebserver.MockWebServer$3 execute
INFO: MockWebServer[50474] starting to accept connections
Jan 25, 2016 3:00:26 PM okhttp3.mockwebserver.MockWebServer$3 acceptConnections
INFO: MockWebServer[50474] done accepting connections: Socket closed
Jan 25, 2016 3:00:26 PM okhttp3.mockwebserver.MockWebServer$3 execute
INFO: MockWebServer[39843] starting to accept connections
Jan 25, 2016 3:00:26 PM okhttp3.mockwebserver.MockWebServer$3 acceptConnections
INFO: MockWebServer[39843] done accepting connections: Socket closed
Jan 25, 2016 3:00:26 PM okhttp3.mockwebserver.MockWebServer$3 execute
INFO: MockWebServer[33892] starting to accept connections
Jan 25, 2016 3:00:26 PM okhttp3.mockwebserver.MockWebServer$3 acceptConnections
INFO: MockWebServer[33892] done accepting connections: Socket closed
Jan 25, 2016 3:00:26 PM okhttp3.mockwebserver.MockWebServer$4 processOneRequest
INFO: MockWebServer[33892] received request: GET / HTTP/1.1 and responded: HTTP/1.1 200 OK
Jan 25, 2016 3:00:26 PM okhttp3.mockwebserver.MockWebServer$3 execute
INFO: MockWebServer[43585] starting to accept connections
Jan 25, 2016 3:00:26 PM okhttp3.mockwebserver.MockWebServer$4 processOneRequest
INFO: MockWebServer[43585] received request: GET / HTTP/1.1 and responded: HTTP/1.1 200 OK
Jan 25, 2016 3:00:26 PM okhttp3.mockwebserver.MockWebServer$3 acceptConnections
INFO: MockWebServer[43585] done accepting connections: Socket closed
Jan 25, 2016 3:00:26 PM okhttp3.mockwebserver.MockWebServer$3 execute
INFO: MockWebServer[34690] starting to accept connections
Jan 25, 2016 3:00:26 PM okhttp3.mockwebserver.MockWebServer$3 acceptConnections
INFO: MockWebServer[34690] done accepting connections: Socket closed
Jan 25, 2016 3:00:26 PM okhttp3.mockwebserver.MockWebServer$3 execute
INFO: MockWebServer[54963] starting to accept connections
Jan 25, 2016 3:00:26 PM okhttp3.mockwebserver.MockWebServer$3 acceptConnections
INFO: MockWebServer[54963] done accepting connections: Socket closed
Jan 25, 2016 3:00:26 PM okhttp3.mockwebserver.MockWebServer$4 processOneRequest
INFO: MockWebServer[54963] received request: POST /Hello HTTP/1.1 and responded: HTTP/1.1 200 OK
Jan 25, 2016 3:00:26 PM okhttp3.mockwebserver.MockWebServer$3 execute
INFO: MockWebServer[48227] starting to accept connections
Jan 25, 2016 3:00:26 PM okhttp3.mockwebserver.MockWebServer$4 processOneRequest
INFO: MockWebServer[48227] received request: POST /Hello HTTP/1.1 and responded: HTTP/1.1 200 OK
Jan 25, 2016 3:00:26 PM okhttp3.mockwebserver.MockWebServer$3 acceptConnections
INFO: MockWebServer[48227] done accepting connections: Socket closed
Jan 25, 2016 3:00:26 PM okhttp3.mockwebserver.MockWebServer$3 execute
INFO: MockWebServer[43002] starting to accept connections
Jan 25, 2016 3:00:26 PM okhttp3.mockwebserver.MockWebServer$3 acceptConnections
INFO: MockWebServer[43002] done accepting connections: Socket closed
Jan 25, 2016 3:00:26 PM okhttp3.mockwebserver.MockWebServer$3 execute
INFO: MockWebServer[41537] starting to accept connections
Jan 25, 2016 3:00:26 PM okhttp3.mockwebserver.MockWebServer$4 processOneRequest
INFO: MockWebServer[41537] received request: GET / HTTP/1.1 and responded: HTTP/1.1 404 Client Error
Jan 25, 2016 3:00:26 PM okhttp3.mockwebserver.MockWebServer$3 acceptConnections
INFO: MockWebServer[41537] done accepting connections: Socket closed
Jan 25, 2016 3:00:26 PM okhttp3.mockwebserver.MockWebServer$3 execute
INFO: MockWebServer[42456] starting to accept connections
Jan 25, 2016 3:00:26 PM okhttp3.mockwebserver.MockWebServer$3 acceptConnections
INFO: MockWebServer[42456] done accepting connections: Socket closed
Jan 25, 2016 3:00:26 PM okhttp3.mockwebserver.MockWebServer$4 processOneRequest
INFO: MockWebServer[42456] received request: POST / HTTP/1.1 and responded: HTTP/1.1 200 OK
Jan 25, 2016 3:00:26 PM okhttp3.mockwebserver.MockWebServer$3 execute
INFO: MockWebServer[48328] starting to accept connections
Jan 25, 2016 3:00:26 PM okhttp3.mockwebserver.MockWebServer$4 processOneRequest
INFO: MockWebServer[48328] received request: GET / HTTP/1.1 and responded: HTTP/1.1 204 Nothin
Jan 25, 2016 3:00:26 PM okhttp3.mockwebserver.MockWebServer$3 acceptConnections
INFO: MockWebServer[48328] done accepting connections: Socket closed
Jan 25, 2016 3:00:26 PM okhttp3.mockwebserver.MockWebServer$3 execute
INFO: MockWebServer[54321] starting to accept connections
Jan 25, 2016 3:00:26 PM okhttp3.mockwebserver.MockWebServer$3 acceptConnections
INFO: MockWebServer[54321] done accepting connections: Socket closed
Jan 25, 2016 3:00:26 PM okhttp3.mockwebserver.MockWebServer$3 execute
INFO: MockWebServer[35819] starting to accept connections
Jan 25, 2016 3:00:26 PM okhttp3.mockwebserver.MockWebServer$4 processOneRequest
INFO: MockWebServer[35819] received request: GET / HTTP/1.1 and responded: HTTP/1.1 200 OK
Jan 25, 2016 3:00:26 PM okhttp3.mockwebserver.MockWebServer$3 acceptConnections
INFO: MockWebServer[35819] done accepting connections: Socket closed
Jan 25, 2016 3:00:26 PM okhttp3.mockwebserver.MockWebServer$3 execute
INFO: MockWebServer[37107] starting to accept connections
Jan 25, 2016 3:00:26 PM okhttp3.mockwebserver.MockWebServer$3 acceptConnections
INFO: MockWebServer[37107] done accepting connections: Socket closed
Jan 25, 2016 3:00:26 PM okhttp3.mockwebserver.MockWebServer$4 processOneRequest
INFO: MockWebServer[37107] received request: POST /Hello HTTP/1.1 and responded: HTTP/1.1 200 OK
Jan 25, 2016 3:00:26 PM okhttp3.mockwebserver.MockWebServer$3 execute
INFO: MockWebServer[50883] starting to accept connections
Jan 25, 2016 3:00:26 PM okhttp3.mockwebserver.MockWebServer$4 processOneRequest
INFO: MockWebServer[50883] received request: GET / HTTP/1.1 and responded: HTTP/1.1 200 OK
Jan 25, 2016 3:00:26 PM okhttp3.mockwebserver.MockWebServer$3 acceptConnections
INFO: MockWebServer[50883] done accepting connections: Socket closed
Jan 25, 2016 3:00:26 PM okhttp3.mockwebserver.MockWebServer$3 execute
INFO: MockWebServer[38560] starting to accept connections
Jan 25, 2016 3:00:26 PM okhttp3.mockwebserver.MockWebServer$4 processOneRequest
INFO: MockWebServer[38560] received request: POST / HTTP/1.1 and responded: HTTP/1.1 200 OK
Jan 25, 2016 3:00:26 PM okhttp3.mockwebserver.MockWebServer$3 acceptConnections
INFO: MockWebServer[38560] done accepting connections: Socket closed
Jan 25, 2016 3:00:26 PM okhttp3.mockwebserver.MockWebServer$3 execute
INFO: MockWebServer[45868] starting to accept connections
Jan 25, 2016 3:00:26 PM okhttp3.mockwebserver.MockWebServer$3 acceptConnections
INFO: MockWebServer[45868] done accepting connections: Socket closed
Jan 25, 2016 3:00:26 PM okhttp3.mockwebserver.MockWebServer$3 execute
INFO: MockWebServer[45512] starting to accept connections
Jan 25, 2016 3:00:26 PM okhttp3.mockwebserver.MockWebServer$3 acceptConnections
INFO: MockWebServer[45512] done accepting connections: Socket closed
Jan 25, 2016 3:00:26 PM okhttp3.mockwebserver.MockWebServer$3 execute
INFO: MockWebServer[57012] starting to accept connections
Jan 25, 2016 3:00:26 PM okhttp3.mockwebserver.MockWebServer$3 acceptConnections
INFO: MockWebServer[57012] done accepting connections: Socket closed
Jan 25, 2016 3:00:26 PM okhttp3.mockwebserver.MockWebServer$3 execute
INFO: MockWebServer[55701] starting to accept connections
Jan 25, 2016 3:00:26 PM okhttp3.mockwebserver.MockWebServer$4 processOneRequest
INFO: MockWebServer[55701] received request: GET / HTTP/1.1 and responded: HTTP/1.1 200 OK
Jan 25, 2016 3:00:26 PM okhttp3.mockwebserver.MockWebServer$3 acceptConnections
INFO: MockWebServer[55701] done accepting connections: Socket closed
Jan 25, 2016 3:00:26 PM okhttp3.mockwebserver.MockWebServer$3 execute
INFO: MockWebServer[53124] starting to accept connections
Jan 25, 2016 3:00:26 PM okhttp3.mockwebserver.MockWebServer$4 processOneRequest
INFO: MockWebServer[53124] received request: GET / HTTP/1.1 and responded: HTTP/1.1 200 OK
Jan 25, 2016 3:00:26 PM okhttp3.mockwebserver.MockWebServer$3 acceptConnections
INFO: MockWebServer[53124] done accepting connections: Socket closed
Jan 25, 2016 3:00:26 PM okhttp3.mockwebserver.MockWebServer$3 execute
INFO: MockWebServer[49314] starting to accept connections
Jan 25, 2016 3:00:26 PM okhttp3.mockwebserver.MockWebServer$3 acceptConnections
INFO: MockWebServer[49314] done accepting connections: Socket closed
Jan 25, 2016 3:00:26 PM okhttp3.mockwebserver.MockWebServer$4 processOneRequest
INFO: MockWebServer[49314] received request: GET / HTTP/1.1 and responded: HTTP/1.1 205 Nothin
Jan 25, 2016 3:00:26 PM okhttp3.mockwebserver.MockWebServer$3 execute
INFO: MockWebServer[36301] starting to accept connections
Jan 25, 2016 3:00:26 PM okhttp3.mockwebserver.MockWebServer$4 processOneRequest
INFO: MockWebServer[36301] received request: GET / HTTP/1.1 and responded: HTTP/1.1 200 OK
Jan 25, 2016 3:00:26 PM okhttp3.mockwebserver.MockWebServer$4 processOneRequest
INFO: MockWebServer[36301] received request: GET / HTTP/1.1 and responded: HTTP/1.1 200 OK
Jan 25, 2016 3:00:26 PM okhttp3.mockwebserver.MockWebServer$3 acceptConnections
INFO: MockWebServer[36301] done accepting connections: Socket closed
Jan 25, 2016 3:00:26 PM okhttp3.mockwebserver.MockWebServer$3 execute
INFO: MockWebServer[46197] starting to accept connections
Jan 25, 2016 3:00:26 PM okhttp3.mockwebserver.MockWebServer$4 processOneRequest
INFO: MockWebServer[46197] received request: GET / HTTP/1.1 and responded: HTTP/1.1 200 OK
Jan 25, 2016 3:00:26 PM okhttp3.mockwebserver.MockWebServer$3 acceptConnections
INFO: MockWebServer[46197] done accepting connections: Socket closed
Jan 25, 2016 3:00:26 PM okhttp3.mockwebserver.MockWebServer$3 execute
INFO: MockWebServer[36274] starting to accept connections
Jan 25, 2016 3:00:26 PM okhttp3.mockwebserver.MockWebServer$3 acceptConnections
INFO: MockWebServer[36274] done accepting connections: Socket is closed
Jan 25, 2016 3:00:26 PM okhttp3.mockwebserver.MockWebServer$3 execute
INFO: MockWebServer[48351] starting to accept connections
Jan 25, 2016 3:00:26 PM okhttp3.mockwebserver.MockWebServer$3 acceptConnections
INFO: MockWebServer[48351] done accepting connections: Socket closed
Jan 25, 2016 3:00:26 PM okhttp3.mockwebserver.MockWebServer$3 execute
INFO: MockWebServer[34379] starting to accept connections
Jan 25, 2016 3:00:26 PM okhttp3.mockwebserver.MockWebServer$3 acceptConnections
INFO: MockWebServer[34379] done accepting connections: Socket closed
Jan 25, 2016 3:00:26 PM okhttp3.mockwebserver.MockWebServer$3 execute
INFO: MockWebServer[47475] starting to accept connections
Jan 25, 2016 3:00:26 PM okhttp3.mockwebserver.MockWebServer$4 processOneRequest
INFO: MockWebServer[47475] received request: GET / HTTP/1.1 and responded: HTTP/1.1 200 OK
Jan 25, 2016 3:00:26 PM okhttp3.mockwebserver.MockWebServer$3 acceptConnections
INFO: MockWebServer[47475] done accepting connections: Socket closed
Jan 25, 2016 3:00:26 PM okhttp3.mockwebserver.MockWebServer$3 execute
INFO: MockWebServer[57669] starting to accept connections
Jan 25, 2016 3:00:26 PM okhttp3.mockwebserver.MockWebServer$4 processOneRequest
INFO: MockWebServer[57669] received request: GET / HTTP/1.1 and responded: HTTP/1.1 200 OK
Jan 25, 2016 3:00:26 PM okhttp3.mockwebserver.MockWebServer$3 acceptConnections
INFO: MockWebServer[57669] done accepting connections: Socket closed
Jan 25, 2016 3:00:26 PM okhttp3.mockwebserver.MockWebServer$3 execute
INFO: MockWebServer[40721] starting to accept connections
Jan 25, 2016 3:00:26 PM okhttp3.mockwebserver.MockWebServer$3 acceptConnections
INFO: MockWebServer[40721] done accepting connections: Socket closed
Jan 25, 2016 3:00:26 PM okhttp3.mockwebserver.MockWebServer$4 processOneRequest
INFO: MockWebServer[40721] received request: GET / HTTP/1.1 and responded: HTTP/1.1 200 OK
Tests run: 34, Failures: 0, Errors: 0, Skipped: 0, Time elapsed: 2.299 sec
Running retrofit2.RequestBuilderTest
Tests run: 103, Failures: 0, Errors: 0, Skipped: 2, Time elapsed: 0.302 sec
Running retrofit2.ExecutorCallAdapterFactoryTest
Tests run: 7, Failures: 0, Errors: 0, Skipped: 0, Time elapsed: 0.228 sec
Running retrofit2.RequestBuilderAndroidTest
WARNING: No manifest file found at ./AndroidManifest.xml.Falling back to the Android OS resources only.
To remove this warning, annotate your test class with @Config(manifest=Config.NONE).
WARNING: No manifest file found at ./AndroidManifest.xml.Falling back to the Android OS resources only.
To remove this warning, annotate your test class with @Config(manifest=Config.NONE).
Tests run: 2, Failures: 0, Errors: 0, Skipped: 0, Time elapsed: 9.632 sec
Running retrofit2.ResponseTest
Tests run: 12, Failures: 0, Errors: 0, Skipped: 0, Time elapsed: 0.066 sec
Running retrofit2.RequestFactoryParserTest
Tests run: 1, Failures: 0, Errors: 0, Skipped: 0, Time elapsed: 0.028 sec
Running retrofit2.RetrofitTest
Jan 25, 2016 3:00:37 PM okhttp3.mockwebserver.MockWebServer$3 execute
INFO: MockWebServer[57826] starting to accept connections
Jan 25, 2016 3:00:38 PM okhttp3.mockwebserver.MockWebServer$3 acceptConnections
INFO: MockWebServer[57826] done accepting connections: Socket closed
Jan 25, 2016 3:00:38 PM okhttp3.mockwebserver.MockWebServer$3 execute
INFO: MockWebServer[39162] starting to accept connections
Jan 25, 2016 3:00:38 PM okhttp3.mockwebserver.MockWebServer$3 acceptConnections
INFO: MockWebServer[39162] done accepting connections: Socket closed
Jan 25, 2016 3:00:38 PM okhttp3.mockwebserver.MockWebServer$3 execute
INFO: MockWebServer[56156] starting to accept connections
Jan 25, 2016 3:00:38 PM okhttp3.mockwebserver.MockWebServer$3 acceptConnections
INFO: MockWebServer[56156] done accepting connections: Socket closed
Jan 25, 2016 3:00:38 PM okhttp3.mockwebserver.MockWebServer$3 execute
INFO: MockWebServer[59119] starting to accept connections
Jan 25, 2016 3:00:38 PM okhttp3.mockwebserver.MockWebServer$3 acceptConnections
INFO: MockWebServer[59119] done accepting connections: Socket is closed
Jan 25, 2016 3:00:38 PM okhttp3.mockwebserver.MockWebServer$3 execute
INFO: MockWebServer[49909] starting to accept connections
Jan 25, 2016 3:00:38 PM okhttp3.mockwebserver.MockWebServer$3 acceptConnections
INFO: MockWebServer[49909] done accepting connections: Socket closed
Jan 25, 2016 3:00:38 PM okhttp3.mockwebserver.MockWebServer$4 processOneRequest
INFO: MockWebServer[49909] received request: GET / HTTP/1.1 and responded: HTTP/1.1 200 OK
Jan 25, 2016 3:00:39 PM okhttp3.mockwebserver.MockWebServer$3 execute
INFO: MockWebServer[33595] starting to accept connections
Jan 25, 2016 3:00:39 PM okhttp3.mockwebserver.MockWebServer$3 acceptConnections
INFO: MockWebServer[33595] done accepting connections: Socket closed
Jan 25, 2016 3:00:39 PM okhttp3.mockwebserver.MockWebServer$3 execute
INFO: MockWebServer[40952] starting to accept connections
Jan 25, 2016 3:00:39 PM okhttp3.mockwebserver.MockWebServer$3 acceptConnections
INFO: MockWebServer[40952] done accepting connections: Socket is closed
Jan 25, 2016 3:00:39 PM okhttp3.mockwebserver.MockWebServer$3 execute
INFO: MockWebServer[45346] starting to accept connections
Jan 25, 2016 3:00:39 PM okhttp3.mockwebserver.MockWebServer$3 acceptConnections
INFO: MockWebServer[45346] done accepting connections: Socket closed
Jan 25, 2016 3:00:39 PM okhttp3.mockwebserver.MockWebServer$3 execute
INFO: MockWebServer[42322] starting to accept connections
Jan 25, 2016 3:00:39 PM okhttp3.mockwebserver.MockWebServer$3 acceptConnections
INFO: MockWebServer[42322] done accepting connections: Socket closed
Jan 25, 2016 3:00:39 PM okhttp3.mockwebserver.MockWebServer$3 execute
INFO: MockWebServer[51064] starting to accept connections
Jan 25, 2016 3:00:39 PM okhttp3.mockwebserver.MockWebServer$3 acceptConnections
INFO: MockWebServer[51064] done accepting connections: Socket closed
Jan 25, 2016 3:00:39 PM okhttp3.mockwebserver.MockWebServer$3 execute
INFO: MockWebServer[47203] starting to accept connections
Jan 25, 2016 3:00:39 PM okhttp3.mockwebserver.MockWebServer$3 acceptConnections
INFO: MockWebServer[47203] done accepting connections: Socket closed
Jan 25, 2016 3:00:39 PM okhttp3.mockwebserver.MockWebServer$3 execute
INFO: MockWebServer[46999] starting to accept connections
Jan 25, 2016 3:00:39 PM okhttp3.mockwebserver.MockWebServer$3 acceptConnections
INFO: MockWebServer[46999] done accepting connections: Socket closed
Jan 25, 2016 3:00:39 PM okhttp3.mockwebserver.MockWebServer$3 execute
INFO: MockWebServer[47623] starting to accept connections
Jan 25, 2016 3:00:39 PM okhttp3.mockwebserver.MockWebServer$3 acceptConnections
INFO: MockWebServer[47623] done accepting connections: Socket closed
Jan 25, 2016 3:00:39 PM okhttp3.mockwebserver.MockWebServer$3 execute
INFO: MockWebServer[40515] starting to accept connections
Jan 25, 2016 3:00:40 PM okhttp3.mockwebserver.MockWebServer$3 acceptConnections
INFO: MockWebServer[40515] done accepting connections: Socket closed
Jan 25, 2016 3:00:40 PM okhttp3.mockwebserver.MockWebServer$3 execute
INFO: MockWebServer[49184] starting to accept connections
Jan 25, 2016 3:00:40 PM okhttp3.mockwebserver.MockWebServer$3 acceptConnections
INFO: MockWebServer[49184] done accepting connections: Socket closed
Jan 25, 2016 3:00:40 PM okhttp3.mockwebserver.MockWebServer$4 processOneRequest
INFO: MockWebServer[49184] received request: GET / HTTP/1.1 and responded: HTTP/1.1 200 OK
Jan 25, 2016 3:00:40 PM okhttp3.mockwebserver.MockWebServer$3 execute
INFO: MockWebServer[37871] starting to accept connections
Jan 25, 2016 3:00:40 PM okhttp3.mockwebserver.MockWebServer$3 acceptConnections
INFO: MockWebServer[37871] done accepting connections: Socket is closed
Jan 25, 2016 3:00:40 PM okhttp3.mockwebserver.MockWebServer$3 execute
INFO: MockWebServer[34371] starting to accept connections
Jan 25, 2016 3:00:40 PM okhttp3.mockwebserver.MockWebServer$3 acceptConnections
INFO: MockWebServer[34371] done accepting connections: Socket closed
Jan 25, 2016 3:00:40 PM okhttp3.mockwebserver.MockWebServer$3 execute
INFO: MockWebServer[54692] starting to accept connections
Jan 25, 2016 3:00:40 PM okhttp3.mockwebserver.MockWebServer$3 acceptConnections
INFO: MockWebServer[54692] done accepting connections: Socket closed
Jan 25, 2016 3:00:40 PM okhttp3.mockwebserver.MockWebServer$4 processOneRequest
INFO: MockWebServer[54692] received request: GET / HTTP/1.1 and responded: HTTP/1.1 200 OK
Jan 25, 2016 3:00:40 PM okhttp3.mockwebserver.MockWebServer$3 execute
INFO: MockWebServer[51360] starting to accept connections
Jan 25, 2016 3:00:40 PM okhttp3.mockwebserver.MockWebServer$3 acceptConnections
INFO: MockWebServer[51360] done accepting connections: Socket closed
Jan 25, 2016 3:00:40 PM okhttp3.mockwebserver.MockWebServer$3 execute
INFO: MockWebServer[48867] starting to accept connections
Jan 25, 2016 3:00:40 PM okhttp3.mockwebserver.MockWebServer$3 acceptConnections
INFO: MockWebServer[48867] done accepting connections: Socket closed
Jan 25, 2016 3:00:40 PM okhttp3.mockwebserver.MockWebServer$4 processOneRequest
INFO: MockWebServer[48867] received request: POST / HTTP/1.1 and responded: HTTP/1.1 200 OK
Jan 25, 2016 3:00:40 PM okhttp3.mockwebserver.MockWebServer$3 execute
INFO: MockWebServer[51395] starting to accept connections
Jan 25, 2016 3:00:40 PM okhttp3.mockwebserver.MockWebServer$3 acceptConnections
INFO: MockWebServer[51395] done accepting connections: Socket closed
Jan 25, 2016 3:00:40 PM okhttp3.mockwebserver.MockWebServer$3 execute
INFO: MockWebServer[52569] starting to accept connections
Jan 25, 2016 3:00:40 PM okhttp3.mockwebserver.MockWebServer$3 acceptConnections
INFO: MockWebServer[52569] done accepting connections: Socket closed
Jan 25, 2016 3:00:40 PM okhttp3.mockwebserver.MockWebServer$3 execute
INFO: MockWebServer[46602] starting to accept connections
Jan 25, 2016 3:00:40 PM okhttp3.mockwebserver.MockWebServer$3 acceptConnections
INFO: MockWebServer[46602] done accepting connections: Socket closed
Jan 25, 2016 3:00:40 PM okhttp3.mockwebserver.MockWebServer$3 execute
INFO: MockWebServer[38959] starting to accept connections
Jan 25, 2016 3:00:40 PM okhttp3.mockwebserver.MockWebServer$3 acceptConnections
INFO: MockWebServer[38959] done accepting connections: Socket is closed
Jan 25, 2016 3:00:41 PM okhttp3.mockwebserver.MockWebServer$3 execute
INFO: MockWebServer[42281] starting to accept connections
Jan 25, 2016 3:00:41 PM okhttp3.mockwebserver.MockWebServer$3 acceptConnections
INFO: MockWebServer[42281] done accepting connections: Socket closed
Jan 25, 2016 3:00:41 PM okhttp3.mockwebserver.MockWebServer$3 execute
INFO: MockWebServer[52174] starting to accept connections
Jan 25, 2016 3:00:41 PM okhttp3.mockwebserver.MockWebServer$3 acceptConnections
INFO: MockWebServer[52174] done accepting connections: Socket is closed
Jan 25, 2016 3:00:41 PM okhttp3.mockwebserver.MockWebServer$3 execute
INFO: MockWebServer[34795] starting to accept connections
Jan 25, 2016 3:00:41 PM okhttp3.mockwebserver.MockWebServer$3 acceptConnections
INFO: MockWebServer[34795] done accepting connections: Socket is closed
Jan 25, 2016 3:00:41 PM okhttp3.mockwebserver.MockWebServer$3 execute
INFO: MockWebServer[42978] starting to accept connections
Jan 25, 2016 3:00:41 PM okhttp3.mockwebserver.MockWebServer$4 processOneRequest
INFO: MockWebServer[42978] received request: GET / HTTP/1.1 and responded: HTTP/1.1 200 OK
Jan 25, 2016 3:00:41 PM okhttp3.mockwebserver.MockWebServer$3 acceptConnections
INFO: MockWebServer[42978] done accepting connections: Socket closed
Jan 25, 2016 3:00:41 PM okhttp3.mockwebserver.MockWebServer$3 execute
INFO: MockWebServer[32878] starting to accept connections
Jan 25, 2016 3:00:41 PM okhttp3.mockwebserver.MockWebServer$3 acceptConnections
INFO: MockWebServer[32878] done accepting connections: Socket closed
Jan 25, 2016 3:00:41 PM okhttp3.mockwebserver.MockWebServer$3 execute
INFO: MockWebServer[56989] starting to accept connections
Jan 25, 2016 3:00:41 PM okhttp3.mockwebserver.MockWebServer$3 acceptConnections
INFO: MockWebServer[56989] done accepting connections: Socket is closed
Jan 25, 2016 3:00:41 PM okhttp3.mockwebserver.MockWebServer$3 execute
INFO: MockWebServer[49782] starting to accept connections
Jan 25, 2016 3:00:41 PM okhttp3.mockwebserver.MockWebServer$3 acceptConnections
INFO: MockWebServer[49782] done accepting connections: Socket is closed
Jan 25, 2016 3:00:41 PM okhttp3.mockwebserver.MockWebServer$3 execute
INFO: MockWebServer[46449] starting to accept connections
Jan 25, 2016 3:00:41 PM okhttp3.mockwebserver.MockWebServer$3 acceptConnections
INFO: MockWebServer[46449] done accepting connections: Socket is closed
Jan 25, 2016 3:00:41 PM okhttp3.mockwebserver.MockWebServer$3 execute
INFO: MockWebServer[40413] starting to accept connections
Jan 25, 2016 3:00:41 PM okhttp3.mockwebserver.MockWebServer$3 acceptConnections
INFO: MockWebServer[40413] done accepting connections: Socket closed
Jan 25, 2016 3:00:41 PM okhttp3.mockwebserver.MockWebServer$3 execute
INFO: MockWebServer[33206] starting to accept connections
Jan 25, 2016 3:00:41 PM okhttp3.mockwebserver.MockWebServer$3 acceptConnections
INFO: MockWebServer[33206] done accepting connections: Socket is closed
Jan 25, 2016 3:00:41 PM okhttp3.mockwebserver.MockWebServer$3 execute
INFO: MockWebServer[56849] starting to accept connections
Jan 25, 2016 3:00:41 PM okhttp3.mockwebserver.MockWebServer$3 acceptConnections
INFO: MockWebServer[56849] done accepting connections: Socket is closed
Jan 25, 2016 3:00:41 PM okhttp3.mockwebserver.MockWebServer$3 execute
INFO: MockWebServer[52734] starting to accept connections
Jan 25, 2016 3:00:41 PM okhttp3.mockwebserver.MockWebServer$3 acceptConnections
INFO: MockWebServer[52734] done accepting connections: Socket is closed
Jan 25, 2016 3:00:41 PM okhttp3.mockwebserver.MockWebServer$3 execute
INFO: MockWebServer[36181] starting to accept connections
Jan 25, 2016 3:00:41 PM okhttp3.mockwebserver.MockWebServer$3 acceptConnections
INFO: MockWebServer[36181] done accepting connections: Socket is closed
Jan 25, 2016 3:00:41 PM okhttp3.mockwebserver.MockWebServer$3 execute
INFO: MockWebServer[45817] starting to accept connections
Jan 25, 2016 3:00:41 PM okhttp3.mockwebserver.MockWebServer$3 acceptConnections
INFO: MockWebServer[45817] done accepting connections: Socket is closed
Jan 25, 2016 3:00:41 PM okhttp3.mockwebserver.MockWebServer$3 execute
INFO: MockWebServer[42136] starting to accept connections
Jan 25, 2016 3:00:41 PM okhttp3.mockwebserver.MockWebServer$3 acceptConnections
INFO: MockWebServer[42136] done accepting connections: Socket is closed
Jan 25, 2016 3:00:41 PM okhttp3.mockwebserver.MockWebServer$3 execute
INFO: MockWebServer[39699] starting to accept connections
Jan 25, 2016 3:00:41 PM okhttp3.mockwebserver.MockWebServer$3 acceptConnections
INFO: MockWebServer[39699] done accepting connections: Socket closed
Jan 25, 2016 3:00:41 PM okhttp3.mockwebserver.MockWebServer$3 execute
INFO: MockWebServer[54936] starting to accept connections
Jan 25, 2016 3:00:41 PM okhttp3.mockwebserver.MockWebServer$3 acceptConnections
INFO: MockWebServer[54936] done accepting connections: Socket closed
Jan 25, 2016 3:00:41 PM okhttp3.mockwebserver.MockWebServer$3 execute
INFO: MockWebServer[56104] starting to accept connections
Jan 25, 2016 3:00:41 PM okhttp3.mockwebserver.MockWebServer$3 acceptConnections
INFO: MockWebServer[56104] done accepting connections: Socket is closed
Jan 25, 2016 3:00:41 PM okhttp3.mockwebserver.MockWebServer$3 execute
INFO: MockWebServer[58783] starting to accept connections
Jan 25, 2016 3:00:41 PM okhttp3.mockwebserver.MockWebServer$3 acceptConnections
INFO: MockWebServer[58783] done accepting connections: Socket is closed
Jan 25, 2016 3:00:41 PM okhttp3.mockwebserver.MockWebServer$3 execute
INFO: MockWebServer[55495] starting to accept connections
Jan 25, 2016 3:00:41 PM okhttp3.mockwebserver.MockWebServer$3 acceptConnections
INFO: MockWebServer[55495] done accepting connections: Socket is closed
Jan 25, 2016 3:00:41 PM okhttp3.mockwebserver.MockWebServer$3 execute
INFO: MockWebServer[38451] starting to accept connections
Jan 25, 2016 3:00:41 PM okhttp3.mockwebserver.MockWebServer$3 acceptConnections
INFO: MockWebServer[38451] done accepting connections: Socket closed
Jan 25, 2016 3:00:41 PM okhttp3.mockwebserver.MockWebServer$3 execute
INFO: MockWebServer[46979] starting to accept connections
Jan 25, 2016 3:00:41 PM okhttp3.mockwebserver.MockWebServer$3 acceptConnections
INFO: MockWebServer[46979] done accepting connections: Socket closed
Jan 25, 2016 3:00:41 PM okhttp3.mockwebserver.MockWebServer$3 execute
INFO: MockWebServer[41656] starting to accept connections
Jan 25, 2016 3:00:41 PM okhttp3.mockwebserver.MockWebServer$3 acceptConnections
INFO: MockWebServer[41656] done accepting connections: Socket closed
Jan 25, 2016 3:00:41 PM okhttp3.mockwebserver.MockWebServer$3 execute
INFO: MockWebServer[49831] starting to accept connections
Jan 25, 2016 3:00:41 PM okhttp3.mockwebserver.MockWebServer$3 acceptConnections
INFO: MockWebServer[49831] done accepting connections: Socket is closed
Jan 25, 2016 3:00:41 PM okhttp3.mockwebserver.MockWebServer$3 execute
INFO: MockWebServer[36529] starting to accept connections
Jan 25, 2016 3:00:41 PM okhttp3.mockwebserver.MockWebServer$3 acceptConnections
INFO: MockWebServer[36529] done accepting connections: Socket is closed
Jan 25, 2016 3:00:41 PM okhttp3.mockwebserver.MockWebServer$3 execute
INFO: MockWebServer[53733] starting to accept connections
Jan 25, 2016 3:00:41 PM okhttp3.mockwebserver.MockWebServer$3 acceptConnections
INFO: MockWebServer[53733] done accepting connections: Socket is closed
Jan 25, 2016 3:00:41 PM okhttp3.mockwebserver.MockWebServer$3 execute
INFO: MockWebServer[51224] starting to accept connections
Jan 25, 2016 3:00:41 PM okhttp3.mockwebserver.MockWebServer$3 acceptConnections
INFO: MockWebServer[51224] done accepting connections: Socket closed
Jan 25, 2016 3:00:41 PM okhttp3.mockwebserver.MockWebServer$3 execute
INFO: MockWebServer[47200] starting to accept connections
Jan 25, 2016 3:00:41 PM okhttp3.mockwebserver.MockWebServer$3 acceptConnections
INFO: MockWebServer[47200] done accepting connections: Socket closed
Jan 25, 2016 3:00:41 PM okhttp3.mockwebserver.MockWebServer$3 execute
INFO: MockWebServer[54764] starting to accept connections
Jan 25, 2016 3:00:41 PM okhttp3.mockwebserver.MockWebServer$3 acceptConnections
INFO: MockWebServer[54764] done accepting connections: Socket closed
Jan 25, 2016 3:00:41 PM okhttp3.mockwebserver.MockWebServer$3 execute
INFO: MockWebServer[35120] starting to accept connections
Jan 25, 2016 3:00:41 PM okhttp3.mockwebserver.MockWebServer$3 acceptConnections
INFO: MockWebServer[35120] done accepting connections: Socket is closed
Jan 25, 2016 3:00:41 PM okhttp3.mockwebserver.MockWebServer$3 execute
INFO: MockWebServer[47843] starting to accept connections
Jan 25, 2016 3:00:41 PM okhttp3.mockwebserver.MockWebServer$3 acceptConnections
INFO: MockWebServer[47843] done accepting connections: Socket closed
Jan 25, 2016 3:00:41 PM okhttp3.mockwebserver.MockWebServer$3 execute
INFO: MockWebServer[47729] starting to accept connections
Jan 25, 2016 3:00:41 PM okhttp3.mockwebserver.MockWebServer$3 acceptConnections
INFO: MockWebServer[47729] done accepting connections: Socket closed
Jan 25, 2016 3:00:41 PM okhttp3.mockwebserver.MockWebServer$3 execute
INFO: MockWebServer[45061] starting to accept connections
Jan 25, 2016 3:00:41 PM okhttp3.mockwebserver.MockWebServer$3 acceptConnections
INFO: MockWebServer[45061] done accepting connections: Socket is closed
Jan 25, 2016 3:00:41 PM okhttp3.mockwebserver.MockWebServer$3 execute
INFO: MockWebServer[46975] starting to accept connections
Jan 25, 2016 3:00:41 PM okhttp3.mockwebserver.MockWebServer$3 acceptConnections
INFO: MockWebServer[46975] done accepting connections: Socket closed
Jan 25, 2016 3:00:41 PM okhttp3.mockwebserver.MockWebServer$3 execute
INFO: MockWebServer[50834] starting to accept connections
Jan 25, 2016 3:00:41 PM okhttp3.mockwebserver.MockWebServer$3 acceptConnections
INFO: MockWebServer[50834] done accepting connections: Socket closed
Jan 25, 2016 3:00:41 PM okhttp3.mockwebserver.MockWebServer$3 execute
INFO: MockWebServer[35719] starting to accept connections
Jan 25, 2016 3:00:42 PM okhttp3.mockwebserver.MockWebServer$3 acceptConnections
INFO: MockWebServer[35719] done accepting connections: Socket closed
Jan 25, 2016 3:00:42 PM okhttp3.mockwebserver.MockWebServer$3 execute
INFO: MockWebServer[52550] starting to accept connections
Jan 25, 2016 3:00:42 PM okhttp3.mockwebserver.MockWebServer$3 acceptConnections
INFO: MockWebServer[52550] done accepting connections: Socket is closed
Jan 25, 2016 3:00:42 PM okhttp3.mockwebserver.MockWebServer$3 execute
INFO: MockWebServer[39764] starting to accept connections
Jan 25, 2016 3:00:42 PM okhttp3.mockwebserver.MockWebServer$3 acceptConnections
INFO: MockWebServer[39764] done accepting connections: Socket closed
Tests run: 62, Failures: 0, Errors: 0, Skipped: 0, Time elapsed: 4.693 sec

Results :

Tests run: 221, Failures: 0, Errors: 0, Skipped: 2

[INFO] 
[INFO] --- animal-sniffer-maven-plugin:1.14:check (default) @ retrofit ---
[INFO] Checking unresolved references to org.codehaus.mojo.signature:java16:1.1
[INFO]                                                                         
[INFO] ------------------------------------------------------------------------
[INFO] Building Adapters 2.0.0-SNAPSHOT
[INFO] ------------------------------------------------------------------------
[INFO] 
[INFO] --- maven-enforcer-plugin:1.0:enforce (enforce-maven) @ retrofit-adapters ---
[INFO] 
[INFO] --- animal-sniffer-maven-plugin:1.14:check (default) @ retrofit-adapters ---
[INFO] Checking unresolved references to org.codehaus.mojo.signature:java16:1.1
[INFO]                                                                         
[INFO] ------------------------------------------------------------------------
[INFO] Building Adapter: RxJava 2.0.0-SNAPSHOT
[INFO] ------------------------------------------------------------------------
[INFO] 
[INFO] --- maven-enforcer-plugin:1.0:enforce (enforce-maven) @ adapter-rxjava ---
[INFO] 
[INFO] --- maven-resources-plugin:2.6:resources (default-resources) @ adapter-rxjava ---
[INFO] Using 'UTF-8' encoding to copy filtered resources.
[INFO] skip non existing resourceDirectory /home/travis/build/square/retrofit/retrofit-adapters/rxjava/src/main/resources
[INFO] 
[INFO] --- maven-compiler-plugin:3.0:compile (default-compile) @ adapter-rxjava ---
[INFO] Changes detected - recompiling the module!
[INFO] Compiling 4 source files to /home/travis/build/square/retrofit/retrofit-adapters/rxjava/target/classes
[INFO] 
[INFO] --- maven-resources-plugin:2.6:testResources (default-testResources) @ adapter-rxjava ---
[INFO] Using 'UTF-8' encoding to copy filtered resources.
[INFO] skip non existing resourceDirectory /home/travis/build/square/retrofit/retrofit-adapters/rxjava/src/test/resources
[INFO] 
[INFO] --- maven-compiler-plugin:3.0:testCompile (default-testCompile) @ adapter-rxjava ---
[INFO] Changes detected - recompiling the module!
[INFO] Compiling 5 source files to /home/travis/build/square/retrofit/retrofit-adapters/rxjava/target/test-classes
[INFO] 
[INFO] --- maven-surefire-plugin:2.12.4:test (default-test) @ adapter-rxjava ---
[INFO] Surefire report directory: /home/travis/build/square/retrofit/retrofit-adapters/rxjava/target/surefire-reports

-------------------------------------------------------
 T E S T S
-------------------------------------------------------
Running retrofit2.ResultTest
Tests run: 4, Failures: 0, Errors: 0, Skipped: 0, Time elapsed: 0.238 sec
Running retrofit2.ObservableTest
Jan 25, 2016 3:00:45 PM okhttp3.mockwebserver.MockWebServer$3 execute
INFO: MockWebServer[44320] starting to accept connections
Jan 25, 2016 3:00:46 PM okhttp3.mockwebserver.MockWebServer$4 processConnection
WARNING: MockWebServer[44320] connection from /127.0.0.1 didn't make a request
Jan 25, 2016 3:00:46 PM okhttp3.mockwebserver.MockWebServer$3 acceptConnections
INFO: MockWebServer[44320] done accepting connections: Socket closed
Jan 25, 2016 3:00:46 PM okhttp3.mockwebserver.MockWebServer$3 execute
INFO: MockWebServer[39635] starting to accept connections
Jan 25, 2016 3:00:46 PM okhttp3.mockwebserver.MockWebServer$4 processOneRequest
INFO: MockWebServer[39635] received request: GET / HTTP/1.1 and responded: HTTP/1.1 200 OK
Jan 25, 2016 3:00:46 PM okhttp3.mockwebserver.MockWebServer$3 acceptConnections
INFO: MockWebServer[39635] done accepting connections: Socket closed
Jan 25, 2016 3:00:46 PM okhttp3.mockwebserver.MockWebServer$3 execute
INFO: MockWebServer[46442] starting to accept connections
Jan 25, 2016 3:00:46 PM okhttp3.mockwebserver.MockWebServer$4 processOneRequest
INFO: MockWebServer[46442] received request: GET / HTTP/1.1 and responded: HTTP/1.1 404 Client Error
Jan 25, 2016 3:00:46 PM okhttp3.mockwebserver.MockWebServer$3 acceptConnections
INFO: MockWebServer[46442] done accepting connections: Socket closed
Jan 25, 2016 3:00:46 PM okhttp3.mockwebserver.MockWebServer$3 execute
INFO: MockWebServer[49524] starting to accept connections
Jan 25, 2016 3:00:46 PM okhttp3.mockwebserver.MockWebServer$4 processConnection
WARNING: MockWebServer[49524] connection from /127.0.0.1 didn't make a request
Jan 25, 2016 3:00:46 PM okhttp3.mockwebserver.MockWebServer$3 acceptConnections
INFO: MockWebServer[49524] done accepting connections: Socket closed
Jan 25, 2016 3:00:46 PM okhttp3.mockwebserver.MockWebServer$3 execute
INFO: MockWebServer[52234] starting to accept connections
Jan 25, 2016 3:00:46 PM okhttp3.mockwebserver.MockWebServer$3 acceptConnections
INFO: MockWebServer[52234] done accepting connections: Socket closed
Jan 25, 2016 3:00:46 PM okhttp3.mockwebserver.MockWebServer$4 processOneRequest
INFO: MockWebServer[52234] received request: GET / HTTP/1.1 and responded: HTTP/1.1 200 OK
Jan 25, 2016 3:00:46 PM okhttp3.mockwebserver.MockWebServer$3 execute
INFO: MockWebServer[40652] starting to accept connections
Jan 25, 2016 3:00:46 PM okhttp3.mockwebserver.MockWebServer$4 processOneRequest
INFO: MockWebServer[40652] received request: GET / HTTP/1.1 and responded: HTTP/1.1 404 Client Error
Jan 25, 2016 3:00:46 PM okhttp3.mockwebserver.MockWebServer$3 acceptConnections
INFO: MockWebServer[40652] done accepting connections: Socket closed
Jan 25, 2016 3:00:46 PM okhttp3.mockwebserver.MockWebServer$3 execute
INFO: MockWebServer[49022] starting to accept connections
Jan 25, 2016 3:00:46 PM okhttp3.mockwebserver.MockWebServer$3 acceptConnections
INFO: MockWebServer[49022] done accepting connections: Socket closed
Jan 25, 2016 3:00:46 PM okhttp3.mockwebserver.MockWebServer$4 processConnection
WARNING: MockWebServer[49022] connection from /127.0.0.1 didn't make a request
Jan 25, 2016 3:00:46 PM okhttp3.mockwebserver.MockWebServer$3 execute
INFO: MockWebServer[48781] starting to accept connections
Jan 25, 2016 3:00:46 PM okhttp3.mockwebserver.MockWebServer$4 processOneRequest
INFO: MockWebServer[48781] received request: GET / HTTP/1.1 and responded: HTTP/1.1 200 OK
Jan 25, 2016 3:00:46 PM okhttp3.mockwebserver.MockWebServer$3 acceptConnections
INFO: MockWebServer[48781] done accepting connections: Socket closed
Jan 25, 2016 3:00:46 PM okhttp3.mockwebserver.MockWebServer$3 execute
INFO: MockWebServer[53536] starting to accept connections
Jan 25, 2016 3:00:46 PM okhttp3.mockwebserver.MockWebServer$3 acceptConnections
INFO: MockWebServer[53536] done accepting connections: Socket closed
Jan 25, 2016 3:00:46 PM okhttp3.mockwebserver.MockWebServer$4 processOneRequest
INFO: MockWebServer[53536] received request: GET / HTTP/1.1 and responded: HTTP/1.1 404 Client Error
Tests run: 9, Failures: 0, Errors: 0, Skipped: 0, Time elapsed: 0.907 sec
Running retrofit2.SingleTest
Jan 25, 2016 3:00:46 PM okhttp3.mockwebserver.MockWebServer$3 execute
INFO: MockWebServer[43940] starting to accept connections
Jan 25, 2016 3:00:46 PM okhttp3.mockwebserver.MockWebServer$3 acceptConnections
INFO: MockWebServer[43940] done accepting connections: Socket closed
Jan 25, 2016 3:00:46 PM okhttp3.mockwebserver.MockWebServer$4 processConnection
WARNING: MockWebServer[43940] connection from /127.0.0.1 didn't make a request
Jan 25, 2016 3:00:46 PM okhttp3.mockwebserver.MockWebServer$3 execute
INFO: MockWebServer[33656] starting to accept connections
Jan 25, 2016 3:00:46 PM okhttp3.mockwebserver.MockWebServer$3 acceptConnections
INFO: MockWebServer[33656] done accepting connections: Socket closed
Jan 25, 2016 3:00:46 PM okhttp3.mockwebserver.MockWebServer$4 processOneRequest
INFO: MockWebServer[33656] received request: GET / HTTP/1.1 and responded: HTTP/1.1 200 OK
Jan 25, 2016 3:00:46 PM okhttp3.mockwebserver.MockWebServer$3 execute
INFO: MockWebServer[42433] starting to accept connections
Jan 25, 2016 3:00:46 PM okhttp3.mockwebserver.MockWebServer$4 processOneRequest
INFO: MockWebServer[42433] received request: GET / HTTP/1.1 and responded: HTTP/1.1 404 Client Error
Jan 25, 2016 3:00:46 PM okhttp3.mockwebserver.MockWebServer$3 acceptConnections
INFO: MockWebServer[42433] done accepting connections: Socket closed
Jan 25, 2016 3:00:46 PM okhttp3.mockwebserver.MockWebServer$3 execute
INFO: MockWebServer[32794] starting to accept connections
Jan 25, 2016 3:00:46 PM okhttp3.mockwebserver.MockWebServer$4 processConnection
WARNING: MockWebServer[32794] connection from /127.0.0.1 didn't make a request
Jan 25, 2016 3:00:46 PM okhttp3.mockwebserver.MockWebServer$3 acceptConnections
INFO: MockWebServer[32794] done accepting connections: Socket closed
Jan 25, 2016 3:00:46 PM okhttp3.mockwebserver.MockWebServer$3 execute
INFO: MockWebServer[48131] starting to accept connections
Jan 25, 2016 3:00:46 PM okhttp3.mockwebserver.MockWebServer$4 processOneRequest
INFO: MockWebServer[48131] received request: GET / HTTP/1.1 and responded: HTTP/1.1 200 OK
Jan 25, 2016 3:00:46 PM okhttp3.mockwebserver.MockWebServer$3 acceptConnections
INFO: MockWebServer[48131] done accepting connections: Socket closed
Jan 25, 2016 3:00:46 PM okhttp3.mockwebserver.MockWebServer$3 execute
INFO: MockWebServer[44925] starting to accept connections
Jan 25, 2016 3:00:46 PM okhttp3.mockwebserver.MockWebServer$3 acceptConnections
INFO: MockWebServer[44925] done accepting connections: Socket closed
Jan 25, 2016 3:00:46 PM okhttp3.mockwebserver.MockWebServer$4 processOneRequest
INFO: MockWebServer[44925] received request: GET / HTTP/1.1 and responded: HTTP/1.1 404 Client Error
Jan 25, 2016 3:00:46 PM okhttp3.mockwebserver.MockWebServer$3 execute
INFO: MockWebServer[57395] starting to accept connections
Jan 25, 2016 3:00:46 PM okhttp3.mockwebserver.MockWebServer$4 processConnection
WARNING: MockWebServer[57395] connection from /127.0.0.1 didn't make a request
Jan 25, 2016 3:00:46 PM okhttp3.mockwebserver.MockWebServer$3 acceptConnections
INFO: MockWebServer[57395] done accepting connections: Socket closed
Jan 25, 2016 3:00:46 PM okhttp3.mockwebserver.MockWebServer$3 execute
INFO: MockWebServer[56764] starting to accept connections
Jan 25, 2016 3:00:46 PM okhttp3.mockwebserver.MockWebServer$4 processOneRequest
INFO: MockWebServer[56764] received request: GET / HTTP/1.1 and responded: HTTP/1.1 200 OK
Jan 25, 2016 3:00:46 PM okhttp3.mockwebserver.MockWebServer$3 acceptConnections
INFO: MockWebServer[56764] done accepting connections: Socket closed
Jan 25, 2016 3:00:46 PM okhttp3.mockwebserver.MockWebServer$3 execute
INFO: MockWebServer[52871] starting to accept connections
Jan 25, 2016 3:00:47 PM okhttp3.mockwebserver.MockWebServer$3 acceptConnections
INFO: MockWebServer[52871] done accepting connections: Socket closed
Jan 25, 2016 3:00:47 PM okhttp3.mockwebserver.MockWebServer$4 processOneRequest
INFO: MockWebServer[52871] received request: GET / HTTP/1.1 and responded: HTTP/1.1 404 Client Error
Tests run: 9, Failures: 0, Errors: 0, Skipped: 0, Time elapsed: 0.21 sec
Running retrofit2.RxJavaCallAdapterFactoryTest
Tests run: 5, Failures: 0, Errors: 0, Skipped: 0, Time elapsed: 0.048 sec

Results :

Tests run: 27, Failures: 0, Errors: 0, Skipped: 0

[INFO] 
[INFO] --- animal-sniffer-maven-plugin:1.14:check (default) @ adapter-rxjava ---
[INFO] Checking unresolved references to org.codehaus.mojo.signature:java16:1.1
[INFO]                                                                         
[INFO] ------------------------------------------------------------------------
[INFO] Building Converters 2.0.0-SNAPSHOT
[INFO] ------------------------------------------------------------------------
[INFO] 
[INFO] --- maven-enforcer-plugin:1.0:enforce (enforce-maven) @ retrofit-converters ---
[INFO] 
[INFO] --- animal-sniffer-maven-plugin:1.14:check (default) @ retrofit-converters ---
[INFO] Checking unresolved references to org.codehaus.mojo.signature:java16:1.1
[INFO]                                                                         
[INFO] ------------------------------------------------------------------------
[INFO] Building Converter: Gson 2.0.0-SNAPSHOT
[INFO] ------------------------------------------------------------------------
[INFO] 
[INFO] --- maven-enforcer-plugin:1.0:enforce (enforce-maven) @ converter-gson ---
[INFO] 
[INFO] --- maven-resources-plugin:2.6:resources (default-resources) @ converter-gson ---
[INFO] Using 'UTF-8' encoding to copy filtered resources.
[INFO] skip non existing resourceDirectory /home/travis/build/square/retrofit/retrofit-converters/gson/src/main/resources
[INFO] 
[INFO] --- maven-compiler-plugin:3.0:compile (default-compile) @ converter-gson ---
[INFO] Changes detected - recompiling the module!
[INFO] Compiling 3 source files to /home/travis/build/square/retrofit/retrofit-converters/gson/target/classes
[INFO] 
[INFO] --- maven-resources-plugin:2.6:testResources (default-testResources) @ converter-gson ---
[INFO] Using 'UTF-8' encoding to copy filtered resources.
[INFO] skip non existing resourceDirectory /home/travis/build/square/retrofit/retrofit-converters/gson/src/test/resources
[INFO] 
[INFO] --- maven-compiler-plugin:3.0:testCompile (default-testCompile) @ converter-gson ---
[INFO] Changes detected - recompiling the module!
[INFO] Compiling 1 source file to /home/travis/build/square/retrofit/retrofit-converters/gson/target/test-classes
[INFO] 
[INFO] --- maven-surefire-plugin:2.12.4:test (default-test) @ converter-gson ---
[INFO] Surefire report directory: /home/travis/build/square/retrofit/retrofit-converters/gson/target/surefire-reports

-------------------------------------------------------
 T E S T S
-------------------------------------------------------
Running retrofit2.GsonConverterFactoryTest
Jan 25, 2016 3:00:48 PM okhttp3.mockwebserver.MockWebServer$3 execute
INFO: MockWebServer[59017] starting to accept connections
Jan 25, 2016 3:00:49 PM okhttp3.mockwebserver.MockWebServer$4 processOneRequest
INFO: MockWebServer[59017] received request: POST / HTTP/1.1 and responded: HTTP/1.1 200 OK
Jan 25, 2016 3:00:49 PM okhttp3.mockwebserver.MockWebServer$3 acceptConnections
INFO: MockWebServer[59017] done accepting connections: Socket closed
Jan 25, 2016 3:00:49 PM okhttp3.mockwebserver.MockWebServer$3 execute
INFO: MockWebServer[45315] starting to accept connections
Jan 25, 2016 3:00:49 PM okhttp3.mockwebserver.MockWebServer$3 acceptConnections
INFO: MockWebServer[45315] done accepting connections: Socket closed
Jan 25, 2016 3:00:49 PM okhttp3.mockwebserver.MockWebServer$4 processOneRequest
INFO: MockWebServer[45315] received request: POST / HTTP/1.1 and responded: HTTP/1.1 200 OK
Jan 25, 2016 3:00:49 PM okhttp3.mockwebserver.MockWebServer$3 execute
INFO: MockWebServer[53489] starting to accept connections
Jan 25, 2016 3:00:49 PM okhttp3.mockwebserver.MockWebServer$3 acceptConnections
INFO: MockWebServer[53489] done accepting connections: Socket closed
Jan 25, 2016 3:00:49 PM okhttp3.mockwebserver.MockWebServer$4 processOneRequest
INFO: MockWebServer[53489] received request: POST / HTTP/1.1 and responded: HTTP/1.1 200 OK
Tests run: 3, Failures: 0, Errors: 0, Skipped: 0, Time elapsed: 0.982 sec

Results :

Tests run: 3, Failures: 0, Errors: 0, Skipped: 0

[INFO] 
[INFO] --- animal-sniffer-maven-plugin:1.14:check (default) @ converter-gson ---
[INFO] Checking unresolved references to org.codehaus.mojo.signature:java16:1.1
[INFO]                                                                         
[INFO] ------------------------------------------------------------------------
[INFO] Building Converter: Protocol Buffers 2.0.0-SNAPSHOT
[INFO] ------------------------------------------------------------------------
[INFO] 
[INFO] --- maven-enforcer-plugin:1.0:enforce (enforce-maven) @ converter-protobuf ---
[INFO] 
[INFO] --- maven-resources-plugin:2.6:resources (default-resources) @ converter-protobuf ---
[INFO] Using 'UTF-8' encoding to copy filtered resources.
[INFO] skip non existing resourceDirectory /home/travis/build/square/retrofit/retrofit-converters/protobuf/src/main/resources
[INFO] 
[INFO] --- maven-compiler-plugin:3.0:compile (default-compile) @ converter-protobuf ---
[INFO] Changes detected - recompiling the module!
[INFO] Compiling 3 source files to /home/travis/build/square/retrofit/retrofit-converters/protobuf/target/classes
[WARNING] /home/travis/build/square/retrofit/retrofit-converters/protobuf/src/main/java/retrofit2/ProtoConverterFactory.java: /home/travis/build/square/retrofit/retrofit-converters/protobuf/src/main/java/retrofit2/ProtoConverterFactory.java uses unchecked or unsafe operations.
[WARNING] /home/travis/build/square/retrofit/retrofit-converters/protobuf/src/main/java/retrofit2/ProtoConverterFactory.java: Recompile with -Xlint:unchecked for details.
[INFO] 
[INFO] --- maven-resources-plugin:2.6:testResources (default-testResources) @ converter-protobuf ---
[INFO] Using 'UTF-8' encoding to copy filtered resources.
[INFO] skip non existing resourceDirectory /home/travis/build/square/retrofit/retrofit-converters/protobuf/src/test/resources
[INFO] 
[INFO] --- maven-compiler-plugin:3.0:testCompile (default-testCompile) @ converter-protobuf ---
[INFO] Changes detected - recompiling the module!
[INFO] Compiling 2 source files to /home/travis/build/square/retrofit/retrofit-converters/protobuf/target/test-classes
[INFO] 
[INFO] --- maven-surefire-plugin:2.12.4:test (default-test) @ converter-protobuf ---
[INFO] Surefire report directory: /home/travis/build/square/retrofit/retrofit-converters/protobuf/target/surefire-reports

-------------------------------------------------------
 T E S T S
-------------------------------------------------------
Running retrofit2.ProtoConverterFactoryTest
Jan 25, 2016 3:00:51 PM okhttp3.mockwebserver.MockWebServer$3 execute
INFO: MockWebServer[35644] starting to accept connections
Jan 25, 2016 3:00:52 PM okhttp3.mockwebserver.MockWebServer$4 processOneRequest
INFO: MockWebServer[35644] received request: POST / HTTP/1.1 and responded: HTTP/1.1 200 OK
Jan 25, 2016 3:00:52 PM okhttp3.mockwebserver.MockWebServer$3 acceptConnections
INFO: MockWebServer[35644] done accepting connections: Socket closed
Jan 25, 2016 3:00:52 PM okhttp3.mockwebserver.MockWebServer$3 execute
INFO: MockWebServer[53629] starting to accept connections
Jan 25, 2016 3:00:52 PM okhttp3.mockwebserver.MockWebServer$3 acceptConnections
INFO: MockWebServer[53629] done accepting connections: Socket is closed
Jan 25, 2016 3:00:52 PM okhttp3.mockwebserver.MockWebServer$3 execute
INFO: MockWebServer[55551] starting to accept connections
Jan 25, 2016 3:00:52 PM okhttp3.mockwebserver.MockWebServer$3 acceptConnections
INFO: MockWebServer[55551] done accepting connections: Socket closed
Jan 25, 2016 3:00:52 PM okhttp3.mockwebserver.MockWebServer$4 processOneRequest
INFO: MockWebServer[55551] received request: GET / HTTP/1.1 and responded: HTTP/1.1 200 OK
Jan 25, 2016 3:00:52 PM okhttp3.mockwebserver.MockWebServer$3 execute
INFO: MockWebServer[40859] starting to accept connections
Jan 25, 2016 3:00:52 PM okhttp3.mockwebserver.MockWebServer$3 acceptConnections
INFO: MockWebServer[40859] done accepting connections: Socket is closed
Jan 25, 2016 3:00:52 PM okhttp3.mockwebserver.MockWebServer$3 execute
INFO: MockWebServer[45853] starting to accept connections
Jan 25, 2016 3:00:52 PM okhttp3.mockwebserver.MockWebServer$3 acceptConnections
INFO: MockWebServer[45853] done accepting connections: Socket closed
Jan 25, 2016 3:00:52 PM okhttp3.mockwebserver.MockWebServer$4 processOneRequest
INFO: MockWebServer[45853] received request: GET / HTTP/1.1 and responded: HTTP/1.1 200 OK
Tests run: 5, Failures: 0, Errors: 0, Skipped: 0, Time elapsed: 0.878 sec

Results :

Tests run: 5, Failures: 0, Errors: 0, Skipped: 0

[INFO] 
[INFO] --- animal-sniffer-maven-plugin:1.14:check (default) @ converter-protobuf ---
[INFO] Checking unresolved references to org.codehaus.mojo.signature:java16:1.1
[INFO]                                                                         
[INFO] ------------------------------------------------------------------------
[INFO] Building Converter: Jackson 2.0.0-SNAPSHOT
[INFO] ------------------------------------------------------------------------
[INFO] 
[INFO] --- maven-enforcer-plugin:1.0:enforce (enforce-maven) @ converter-jackson ---
[INFO] 
[INFO] --- maven-resources-plugin:2.6:resources (default-resources) @ converter-jackson ---
[INFO] Using 'UTF-8' encoding to copy filtered resources.
[INFO] skip non existing resourceDirectory /home/travis/build/square/retrofit/retrofit-converters/jackson/src/main/resources
[INFO] 
[INFO] --- maven-compiler-plugin:3.0:compile (default-compile) @ converter-jackson ---
[INFO] Changes detected - recompiling the module!
[INFO] Compiling 3 source files to /home/travis/build/square/retrofit/retrofit-converters/jackson/target/classes
[INFO] 
[INFO] --- maven-resources-plugin:2.6:testResources (default-testResources) @ converter-jackson ---
[INFO] Using 'UTF-8' encoding to copy filtered resources.
[INFO] skip non existing resourceDirectory /home/travis/build/square/retrofit/retrofit-converters/jackson/src/test/resources
[INFO] 
[INFO] --- maven-compiler-plugin:3.0:testCompile (default-testCompile) @ converter-jackson ---
[INFO] Changes detected - recompiling the module!
[INFO] Compiling 1 source file to /home/travis/build/square/retrofit/retrofit-converters/jackson/target/test-classes
[INFO] 
[INFO] --- maven-surefire-plugin:2.12.4:test (default-test) @ converter-jackson ---
[INFO] Surefire report directory: /home/travis/build/square/retrofit/retrofit-converters/jackson/target/surefire-reports

-------------------------------------------------------
 T E S T S
-------------------------------------------------------
Running retrofit2.JacksonConverterFactoryTest
Jan 25, 2016 3:00:54 PM okhttp3.mockwebserver.MockWebServer$3 execute
INFO: MockWebServer[55757] starting to accept connections
Jan 25, 2016 3:00:55 PM okhttp3.mockwebserver.MockWebServer$4 processOneRequest
INFO: MockWebServer[55757] received request: POST / HTTP/1.1 and responded: HTTP/1.1 200 OK
Jan 25, 2016 3:00:55 PM okhttp3.mockwebserver.MockWebServer$3 acceptConnections
INFO: MockWebServer[55757] done accepting connections: Socket closed
Jan 25, 2016 3:00:55 PM okhttp3.mockwebserver.MockWebServer$3 execute
INFO: MockWebServer[59741] starting to accept connections
Jan 25, 2016 3:00:55 PM okhttp3.mockwebserver.MockWebServer$4 processOneRequest
INFO: MockWebServer[59741] received request: POST / HTTP/1.1 and responded: HTTP/1.1 200 OK
Jan 25, 2016 3:00:55 PM okhttp3.mockwebserver.MockWebServer$3 acceptConnections
INFO: MockWebServer[59741] done accepting connections: Socket closed
Tests run: 2, Failures: 0, Errors: 0, Skipped: 0, Time elapsed: 1.264 sec

Results :

Tests run: 2, Failures: 0, Errors: 0, Skipped: 0

[INFO] 
[INFO] --- animal-sniffer-maven-plugin:1.14:check (default) @ converter-jackson ---
[INFO] Checking unresolved references to org.codehaus.mojo.signature:java16:1.1
[INFO]                                                                         
[INFO] ------------------------------------------------------------------------
[INFO] Building Converter: Wire Protocol Buffers 2.0.0-SNAPSHOT
[INFO] ------------------------------------------------------------------------
[INFO] 
[INFO] --- maven-enforcer-plugin:1.0:enforce (enforce-maven) @ converter-wire ---
[INFO] 
[INFO] --- maven-resources-plugin:2.6:resources (default-resources) @ converter-wire ---
[INFO] Using 'UTF-8' encoding to copy filtered resources.
[INFO] skip non existing resourceDirectory /home/travis/build/square/retrofit/retrofit-converters/wire/src/main/resources
[INFO] 
[INFO] --- maven-compiler-plugin:3.0:compile (default-compile) @ converter-wire ---
[INFO] Changes detected - recompiling the module!
[INFO] Compiling 3 source files to /home/travis/build/square/retrofit/retrofit-converters/wire/target/classes
[WARNING] /home/travis/build/square/retrofit/retrofit-converters/wire/src/main/java/retrofit2/WireConverterFactory.java: /home/travis/build/square/retrofit/retrofit-converters/wire/src/main/java/retrofit2/WireConverterFactory.java uses unchecked or unsafe operations.
[WARNING] /home/travis/build/square/retrofit/retrofit-converters/wire/src/main/java/retrofit2/WireConverterFactory.java: Recompile with -Xlint:unchecked for details.
[INFO] 
[INFO] --- maven-resources-plugin:2.6:testResources (default-testResources) @ converter-wire ---
[INFO] Using 'UTF-8' encoding to copy filtered resources.
[INFO] skip non existing resourceDirectory /home/travis/build/square/retrofit/retrofit-converters/wire/src/test/resources
[INFO] 
[INFO] --- maven-compiler-plugin:3.0:testCompile (default-testCompile) @ converter-wire ---
[INFO] Changes detected - recompiling the module!
[INFO] Compiling 2 source files to /home/travis/build/square/retrofit/retrofit-converters/wire/target/test-classes
[INFO] 
[INFO] --- maven-surefire-plugin:2.12.4:test (default-test) @ converter-wire ---
[INFO] Surefire report directory: /home/travis/build/square/retrofit/retrofit-converters/wire/target/surefire-reports

-------------------------------------------------------
 T E S T S
-------------------------------------------------------
Running retrofit2.WireConverterFactoryTest
Jan 25, 2016 3:00:56 PM okhttp3.mockwebserver.MockWebServer$3 execute
INFO: MockWebServer[59657] starting to accept connections
Jan 25, 2016 3:00:56 PM okhttp3.mockwebserver.MockWebServer$4 processOneRequest
INFO: MockWebServer[59657] received request: POST / HTTP/1.1 and responded: HTTP/1.1 200 OK
Jan 25, 2016 3:00:56 PM okhttp3.mockwebserver.MockWebServer$3 acceptConnections
INFO: MockWebServer[59657] done accepting connections: Socket closed
Jan 25, 2016 3:00:56 PM okhttp3.mockwebserver.MockWebServer$3 execute
INFO: MockWebServer[45808] starting to accept connections
Jan 25, 2016 3:00:56 PM okhttp3.mockwebserver.MockWebServer$3 acceptConnections
INFO: MockWebServer[45808] done accepting connections: Socket is closed
Jan 25, 2016 3:00:56 PM okhttp3.mockwebserver.MockWebServer$3 execute
INFO: MockWebServer[53105] starting to accept connections
Jan 25, 2016 3:00:56 PM okhttp3.mockwebserver.MockWebServer$3 acceptConnections
INFO: MockWebServer[53105] done accepting connections: Socket closed
Jan 25, 2016 3:00:56 PM okhttp3.mockwebserver.MockWebServer$4 processOneRequest
INFO: MockWebServer[53105] received request: GET / HTTP/1.1 and responded: HTTP/1.1 200 OK
Jan 25, 2016 3:00:57 PM okhttp3.mockwebserver.MockWebServer$3 execute
INFO: MockWebServer[51195] starting to accept connections
Jan 25, 2016 3:00:57 PM okhttp3.mockwebserver.MockWebServer$3 acceptConnections
INFO: MockWebServer[51195] done accepting connections: Socket is closed
Jan 25, 2016 3:00:57 PM okhttp3.mockwebserver.MockWebServer$3 execute
INFO: MockWebServer[57477] starting to accept connections
Jan 25, 2016 3:00:57 PM okhttp3.mockwebserver.MockWebServer$4 processOneRequest
INFO: MockWebServer[57477] received request: GET / HTTP/1.1 and responded: HTTP/1.1 200 OK
Jan 25, 2016 3:00:57 PM okhttp3.mockwebserver.MockWebServer$3 acceptConnections
INFO: MockWebServer[57477] done accepting connections: Socket closed
Tests run: 5, Failures: 0, Errors: 0, Skipped: 0, Time elapsed: 0.857 sec

Results :

Tests run: 5, Failures: 0, Errors: 0, Skipped: 0

[INFO] 
[INFO] --- animal-sniffer-maven-plugin:1.14:check (default) @ converter-wire ---
[INFO] Checking unresolved references to org.codehaus.mojo.signature:java16:1.1
[INFO]                                                                         
[INFO] ------------------------------------------------------------------------
[INFO] Building Converter: SimpleXML 2.0.0-SNAPSHOT
[INFO] ------------------------------------------------------------------------
[INFO] 
[INFO] --- maven-enforcer-plugin:1.0:enforce (enforce-maven) @ converter-simplexml ---
[INFO] 
[INFO] --- maven-resources-plugin:2.6:resources (default-resources) @ converter-simplexml ---
[INFO] Using 'UTF-8' encoding to copy filtered resources.
[INFO] skip non existing resourceDirectory /home/travis/build/square/retrofit/retrofit-converters/simplexml/src/main/resources
[INFO] 
[INFO] --- maven-compiler-plugin:3.0:compile (default-compile) @ converter-simplexml ---
[INFO] Changes detected - recompiling the module!
[INFO] Compiling 3 source files to /home/travis/build/square/retrofit/retrofit-converters/simplexml/target/classes
[INFO] 
[INFO] --- maven-resources-plugin:2.6:testResources (default-testResources) @ converter-simplexml ---
[INFO] Using 'UTF-8' encoding to copy filtered resources.
[INFO] skip non existing resourceDirectory /home/travis/build/square/retrofit/retrofit-converters/simplexml/src/test/resources
[INFO] 
[INFO] --- maven-compiler-plugin:3.0:testCompile (default-testCompile) @ converter-simplexml ---
[INFO] Changes detected - recompiling the module!
[INFO] Compiling 2 source files to /home/travis/build/square/retrofit/retrofit-converters/simplexml/target/test-classes
[INFO] 
[INFO] --- maven-surefire-plugin:2.12.4:test (default-test) @ converter-simplexml ---
[INFO] Surefire report directory: /home/travis/build/square/retrofit/retrofit-converters/simplexml/target/surefire-reports

-------------------------------------------------------
 T E S T S
-------------------------------------------------------
Running retrofit2.SimpleXmlConverterFactoryTest
Jan 25, 2016 3:00:58 PM okhttp3.mockwebserver.MockWebServer$3 execute
INFO: MockWebServer[49046] starting to accept connections
Jan 25, 2016 3:00:58 PM okhttp3.mockwebserver.MockWebServer$4 processOneRequest
INFO: MockWebServer[49046] received request: GET / HTTP/1.1 and responded: HTTP/1.1 200 OK
Jan 25, 2016 3:00:58 PM okhttp3.mockwebserver.MockWebServer$3 acceptConnections
INFO: MockWebServer[49046] done accepting connections: Socket closed
Jan 25, 2016 3:00:58 PM okhttp3.mockwebserver.MockWebServer$3 execute
INFO: MockWebServer[34718] starting to accept connections
Jan 25, 2016 3:00:58 PM okhttp3.mockwebserver.MockWebServer$4 processOneRequest
INFO: MockWebServer[34718] received request: GET / HTTP/1.1 and responded: HTTP/1.1 200 OK
Jan 25, 2016 3:00:59 PM okhttp3.mockwebserver.MockWebServer$3 acceptConnections
INFO: MockWebServer[34718] done accepting connections: Socket closed
Jan 25, 2016 3:00:59 PM okhttp3.mockwebserver.MockWebServer$3 execute
INFO: MockWebServer[47776] starting to accept connections
Jan 25, 2016 3:00:59 PM okhttp3.mockwebserver.MockWebServer$4 processOneRequest
INFO: MockWebServer[47776] received request: POST / HTTP/1.1 and responded: HTTP/1.1 200 OK
Jan 25, 2016 3:00:59 PM okhttp3.mockwebserver.MockWebServer$3 acceptConnections
INFO: MockWebServer[47776] done accepting connections: Socket closed
Tests run: 3, Failures: 0, Errors: 0, Skipped: 0, Time elapsed: 0.993 sec

Results :

Tests run: 3, Failures: 0, Errors: 0, Skipped: 0

[INFO] 
[INFO] --- animal-sniffer-maven-plugin:1.14:check (default) @ converter-simplexml ---
[INFO] Checking unresolved references to org.codehaus.mojo.signature:java16:1.1
[INFO]                                                                         
[INFO] ------------------------------------------------------------------------
[INFO] Building Converter: Java Scalars 2.0.0-SNAPSHOT
[INFO] ------------------------------------------------------------------------
[INFO] 
[INFO] --- maven-enforcer-plugin:1.0:enforce (enforce-maven) @ converter-scalars ---
[INFO] 
[INFO] --- maven-resources-plugin:2.6:resources (default-resources) @ converter-scalars ---
[INFO] Using 'UTF-8' encoding to copy filtered resources.
[INFO] skip non existing resourceDirectory /home/travis/build/square/retrofit/retrofit-converters/scalars/src/main/resources
[INFO] 
[INFO] --- maven-compiler-plugin:3.0:compile (default-compile) @ converter-scalars ---
[INFO] Changes detected - recompiling the module!
[INFO] Compiling 3 source files to /home/travis/build/square/retrofit/retrofit-converters/scalars/target/classes
[INFO] 
[INFO] --- maven-resources-plugin:2.6:testResources (default-testResources) @ converter-scalars ---
[INFO] Using 'UTF-8' encoding to copy filtered resources.
[INFO] skip non existing resourceDirectory /home/travis/build/square/retrofit/retrofit-converters/scalars/src/test/resources
[INFO] 
[INFO] --- maven-compiler-plugin:3.0:testCompile (default-testCompile) @ converter-scalars ---
[INFO] Changes detected - recompiling the module!
[INFO] Compiling 1 source file to /home/travis/build/square/retrofit/retrofit-converters/scalars/target/test-classes
[INFO] 
[INFO] --- maven-surefire-plugin:2.12.4:test (default-test) @ converter-scalars ---
[INFO] Surefire report directory: /home/travis/build/square/retrofit/retrofit-converters/scalars/target/surefire-reports

-------------------------------------------------------
 T E S T S
-------------------------------------------------------
Running retrofit2.ScalarsConverterFactoryTest
Jan 25, 2016 3:01:00 PM okhttp3.mockwebserver.MockWebServer$3 execute
INFO: MockWebServer[57185] starting to accept connections
Jan 25, 2016 3:01:01 PM okhttp3.mockwebserver.MockWebServer$3 acceptConnections
INFO: MockWebServer[57185] done accepting connections: Socket closed
Jan 25, 2016 3:01:01 PM okhttp3.mockwebserver.MockWebServer$3 execute
INFO: MockWebServer[36964] starting to accept connections
Jan 25, 2016 3:01:01 PM okhttp3.mockwebserver.MockWebServer$4 processOneRequest
INFO: MockWebServer[36964] received request: GET / HTTP/1.1 and responded: HTTP/1.1 200 OK
Jan 25, 2016 3:01:01 PM okhttp3.mockwebserver.MockWebServer$4 processOneRequest
INFO: MockWebServer[36964] received request: GET / HTTP/1.1 and responded: HTTP/1.1 200 OK
Jan 25, 2016 3:01:01 PM okhttp3.mockwebserver.MockWebServer$4 processOneRequest
INFO: MockWebServer[36964] received request: GET / HTTP/1.1 and responded: HTTP/1.1 200 OK
Jan 25, 2016 3:01:01 PM okhttp3.mockwebserver.MockWebServer$4 processOneRequest
INFO: MockWebServer[36964] received request: GET / HTTP/1.1 and responded: HTTP/1.1 200 OK
Jan 25, 2016 3:01:01 PM okhttp3.mockwebserver.MockWebServer$4 processOneRequest
INFO: MockWebServer[36964] received request: GET / HTTP/1.1 and responded: HTTP/1.1 200 OK
Jan 25, 2016 3:01:01 PM okhttp3.mockwebserver.MockWebServer$4 processOneRequest
INFO: MockWebServer[36964] received request: GET / HTTP/1.1 and responded: HTTP/1.1 200 OK
Jan 25, 2016 3:01:01 PM okhttp3.mockwebserver.MockWebServer$4 processOneRequest
INFO: MockWebServer[36964] received request: GET / HTTP/1.1 and responded: HTTP/1.1 200 OK
Jan 25, 2016 3:01:01 PM okhttp3.mockwebserver.MockWebServer$4 processOneRequest
INFO: MockWebServer[36964] received request: GET / HTTP/1.1 and responded: HTTP/1.1 200 OK
Jan 25, 2016 3:01:01 PM okhttp3.mockwebserver.MockWebServer$4 processOneRequest
INFO: MockWebServer[36964] received request: GET / HTTP/1.1 and responded: HTTP/1.1 200 OK
Jan 25, 2016 3:01:01 PM okhttp3.mockwebserver.MockWebServer$4 processOneRequest
INFO: MockWebServer[36964] received request: GET / HTTP/1.1 and responded: HTTP/1.1 200 OK
Jan 25, 2016 3:01:01 PM okhttp3.mockwebserver.MockWebServer$4 processOneRequest
INFO: MockWebServer[36964] received request: GET / HTTP/1.1 and responded: HTTP/1.1 200 OK
Jan 25, 2016 3:01:01 PM okhttp3.mockwebserver.MockWebServer$3 acceptConnections
INFO: MockWebServer[36964] done accepting connections: Socket closed
Jan 25, 2016 3:01:01 PM okhttp3.mockwebserver.MockWebServer$3 execute
INFO: MockWebServer[45779] starting to accept connections
Jan 25, 2016 3:01:01 PM okhttp3.mockwebserver.MockWebServer$4 processOneRequest
INFO: MockWebServer[45779] received request: POST / HTTP/1.1 and responded: HTTP/1.1 200 OK
Jan 25, 2016 3:01:01 PM okhttp3.mockwebserver.MockWebServer$4 processOneRequest
INFO: MockWebServer[45779] received request: POST / HTTP/1.1 and responded: HTTP/1.1 200 OK
Jan 25, 2016 3:01:01 PM okhttp3.mockwebserver.MockWebServer$4 processOneRequest
INFO: MockWebServer[45779] received request: POST / HTTP/1.1 and responded: HTTP/1.1 200 OK
Jan 25, 2016 3:01:01 PM okhttp3.mockwebserver.MockWebServer$4 processOneRequest
INFO: MockWebServer[45779] received request: POST / HTTP/1.1 and responded: HTTP/1.1 200 OK
Jan 25, 2016 3:01:01 PM okhttp3.mockwebserver.MockWebServer$4 processOneRequest
INFO: MockWebServer[45779] received request: POST / HTTP/1.1 and responded: HTTP/1.1 200 OK
Jan 25, 2016 3:01:01 PM okhttp3.mockwebserver.MockWebServer$4 processOneRequest
INFO: MockWebServer[45779] received request: POST / HTTP/1.1 and responded: HTTP/1.1 200 OK
Jan 25, 2016 3:01:01 PM okhttp3.mockwebserver.MockWebServer$4 processOneRequest
INFO: MockWebServer[45779] received request: POST / HTTP/1.1 and responded: HTTP/1.1 200 OK
Jan 25, 2016 3:01:01 PM okhttp3.mockwebserver.MockWebServer$4 processOneRequest
INFO: MockWebServer[45779] received request: POST / HTTP/1.1 and responded: HTTP/1.1 200 OK
Jan 25, 2016 3:01:01 PM okhttp3.mockwebserver.MockWebServer$4 processOneRequest
INFO: MockWebServer[45779] received request: POST / HTTP/1.1 and responded: HTTP/1.1 200 OK
Jan 25, 2016 3:01:01 PM okhttp3.mockwebserver.MockWebServer$4 processOneRequest
INFO: MockWebServer[45779] received request: POST / HTTP/1.1 and responded: HTTP/1.1 200 OK
Jan 25, 2016 3:01:01 PM okhttp3.mockwebserver.MockWebServer$4 processOneRequest
INFO: MockWebServer[45779] received request: POST / HTTP/1.1 and responded: HTTP/1.1 200 OK
Jan 25, 2016 3:01:01 PM okhttp3.mockwebserver.MockWebServer$4 processOneRequest
INFO: MockWebServer[45779] received request: POST / HTTP/1.1 and responded: HTTP/1.1 200 OK
Jan 25, 2016 3:01:01 PM okhttp3.mockwebserver.MockWebServer$4 processOneRequest
INFO: MockWebServer[45779] received request: POST / HTTP/1.1 and responded: HTTP/1.1 200 OK
Jan 25, 2016 3:01:01 PM okhttp3.mockwebserver.MockWebServer$4 processOneRequest
INFO: MockWebServer[45779] received request: POST / HTTP/1.1 and responded: HTTP/1.1 200 OK
Jan 25, 2016 3:01:01 PM okhttp3.mockwebserver.MockWebServer$4 processOneRequest
INFO: MockWebServer[45779] received request: POST / HTTP/1.1 and responded: HTTP/1.1 200 OK
Jan 25, 2016 3:01:01 PM okhttp3.mockwebserver.MockWebServer$4 processOneRequest
INFO: MockWebServer[45779] received request: POST / HTTP/1.1 and responded: HTTP/1.1 200 OK
Jan 25, 2016 3:01:01 PM okhttp3.mockwebserver.MockWebServer$3 acceptConnections
INFO: MockWebServer[45779] done accepting connections: Socket closed
Jan 25, 2016 3:01:01 PM okhttp3.mockwebserver.MockWebServer$4 processOneRequest
INFO: MockWebServer[45779] received request: POST / HTTP/1.1 and responded: HTTP/1.1 200 OK
Jan 25, 2016 3:01:01 PM okhttp3.mockwebserver.MockWebServer$3 execute
INFO: MockWebServer[48009] starting to accept connections
Jan 25, 2016 3:01:01 PM okhttp3.mockwebserver.MockWebServer$3 acceptConnections
INFO: MockWebServer[48009] done accepting connections: Socket is closed
Tests run: 4, Failures: 0, Errors: 0, Skipped: 0, Time elapsed: 1.277 sec

Results :

Tests run: 4, Failures: 0, Errors: 0, Skipped: 0

[INFO] 
[INFO] --- animal-sniffer-maven-plugin:1.14:check (default) @ converter-scalars ---
[INFO] Checking unresolved references to org.codehaus.mojo.signature:java16:1.1
[INFO]                                                                         
[INFO] ------------------------------------------------------------------------
[INFO] Building Converter: Moshi 2.0.0-SNAPSHOT
[INFO] ------------------------------------------------------------------------
[INFO] 
[INFO] --- maven-enforcer-plugin:1.0:enforce (enforce-maven) @ converter-moshi ---
[INFO] 
[INFO] --- maven-resources-plugin:2.6:resources (default-resources) @ converter-moshi ---
[INFO] Using 'UTF-8' encoding to copy filtered resources.
[INFO] skip non existing resourceDirectory /home/travis/build/square/retrofit/retrofit-converters/moshi/src/main/resources
[INFO] 
[INFO] --- maven-compiler-plugin:3.0:compile (default-compile) @ converter-moshi ---
[INFO] Changes detected - recompiling the module!
[INFO] Compiling 3 source files to /home/travis/build/square/retrofit/retrofit-converters/moshi/target/classes
[INFO] 
[INFO] --- maven-resources-plugin:2.6:testResources (default-testResources) @ converter-moshi ---
[INFO] Using 'UTF-8' encoding to copy filtered resources.
[INFO] skip non existing resourceDirectory /home/travis/build/square/retrofit/retrofit-converters/moshi/src/test/resources
[INFO] 
[INFO] --- maven-compiler-plugin:3.0:testCompile (default-testCompile) @ converter-moshi ---
[INFO] Changes detected - recompiling the module!
[INFO] Compiling 1 source file to /home/travis/build/square/retrofit/retrofit-converters/moshi/target/test-classes
[INFO] 
[INFO] --- maven-surefire-plugin:2.12.4:test (default-test) @ converter-moshi ---
[INFO] Surefire report directory: /home/travis/build/square/retrofit/retrofit-converters/moshi/target/surefire-reports

-------------------------------------------------------
 T E S T S
-------------------------------------------------------
Running retrofit2.MoshiConverterFactoryTest
Jan 25, 2016 3:01:02 PM okhttp3.mockwebserver.MockWebServer$3 execute
INFO: MockWebServer[53051] starting to accept connections
Jan 25, 2016 3:01:03 PM okhttp3.mockwebserver.MockWebServer$4 processOneRequest
INFO: MockWebServer[53051] received request: POST / HTTP/1.1 and responded: HTTP/1.1 200 OK
Jan 25, 2016 3:01:03 PM okhttp3.mockwebserver.MockWebServer$3 acceptConnections
INFO: MockWebServer[53051] done accepting connections: Socket closed
Jan 25, 2016 3:01:03 PM okhttp3.mockwebserver.MockWebServer$3 execute
INFO: MockWebServer[59291] starting to accept connections
Jan 25, 2016 3:01:03 PM okhttp3.mockwebserver.MockWebServer$3 acceptConnections
INFO: MockWebServer[59291] done accepting connections: Socket closed
Jan 25, 2016 3:01:03 PM okhttp3.mockwebserver.MockWebServer$4 processOneRequest
INFO: MockWebServer[59291] received request: POST / HTTP/1.1 and responded: HTTP/1.1 200 OK
Tests run: 2, Failures: 0, Errors: 0, Skipped: 0, Time elapsed: 1.245 sec

Results :

Tests run: 2, Failures: 0, Errors: 0, Skipped: 0

[INFO] 
[INFO] --- animal-sniffer-maven-plugin:1.14:check (default) @ converter-moshi ---
[INFO] Checking unresolved references to org.codehaus.mojo.signature:java16:1.1
[INFO]                                                                         
[INFO] ------------------------------------------------------------------------
[INFO] Building Retrofit Mock Adapter 2.0.0-SNAPSHOT
[INFO] ------------------------------------------------------------------------
[INFO] 
[INFO] --- maven-enforcer-plugin:1.0:enforce (enforce-maven) @ retrofit-mock ---
[INFO] 
[INFO] --- maven-resources-plugin:2.6:resources (default-resources) @ retrofit-mock ---
[INFO] Using 'UTF-8' encoding to copy filtered resources.
[INFO] skip non existing resourceDirectory /home/travis/build/square/retrofit/retrofit-mock/src/main/resources
[INFO] 
[INFO] --- maven-compiler-plugin:3.0:compile (default-compile) @ retrofit-mock ---
[INFO] Changes detected - recompiling the module!
[INFO] Compiling 5 source files to /home/travis/build/square/retrofit/retrofit-mock/target/classes
[INFO] 
[INFO] --- maven-resources-plugin:2.6:testResources (default-testResources) @ retrofit-mock ---
[INFO] Using 'UTF-8' encoding to copy filtered resources.
[INFO] skip non existing resourceDirectory /home/travis/build/square/retrofit/retrofit-mock/src/test/resources
[INFO] 
[INFO] --- maven-compiler-plugin:3.0:testCompile (default-testCompile) @ retrofit-mock ---
[INFO] Changes detected - recompiling the module!
[INFO] Compiling 3 source files to /home/travis/build/square/retrofit/retrofit-mock/target/test-classes
[INFO] 
[INFO] --- maven-surefire-plugin:2.12.4:test (default-test) @ retrofit-mock ---
[INFO] Surefire report directory: /home/travis/build/square/retrofit/retrofit-mock/target/surefire-reports

-------------------------------------------------------
 T E S T S
-------------------------------------------------------
Running retrofit2.mock.BehaviorDelegateTest
Tests run: 10, Failures: 0, Errors: 0, Skipped: 0, Time elapsed: 1.862 sec
Running retrofit2.mock.MockRetrofitTest
Tests run: 8, Failures: 0, Errors: 0, Skipped: 0, Time elapsed: 0.087 sec
Running retrofit2.mock.NetworkBehaviorTest
Tests run: 5, Failures: 0, Errors: 0, Skipped: 0, Time elapsed: 0.119 sec

Results :

Tests run: 23, Failures: 0, Errors: 0, Skipped: 0

[INFO] 
[INFO] --- animal-sniffer-maven-plugin:1.14:check (default) @ retrofit-mock ---
[INFO] Checking unresolved references to org.codehaus.mojo.signature:java16:1.1
[INFO]                                                                         
[INFO] ------------------------------------------------------------------------
[INFO] Building Samples 2.0.0-SNAPSHOT
[INFO] ------------------------------------------------------------------------
[INFO] 
[INFO] --- maven-enforcer-plugin:1.0:enforce (enforce-maven) @ samples ---
[INFO] 
[INFO] --- maven-resources-plugin:2.6:resources (default-resources) @ samples ---
[INFO] Using 'UTF-8' encoding to copy filtered resources.
[INFO] skip non existing resourceDirectory /home/travis/build/square/retrofit/samples/src/main/resources
[INFO] 
[INFO] --- maven-compiler-plugin:3.0:compile (default-compile) @ samples ---
[INFO] Changes detected - recompiling the module!
[INFO] Compiling 6 source files to /home/travis/build/square/retrofit/samples/target/classes
[INFO] 
[INFO] --- maven-resources-plugin:2.6:testResources (default-testResources) @ samples ---
[INFO] Using 'UTF-8' encoding to copy filtered resources.
[INFO] skip non existing resourceDirectory /home/travis/build/square/retrofit/samples/src/test/resources
[INFO] 
[INFO] --- maven-compiler-plugin:3.0:testCompile (default-testCompile) @ samples ---
[INFO] No sources to compile
[INFO] 
[INFO] --- maven-surefire-plugin:2.12.4:test (default-test) @ samples ---
[INFO] No tests to run.
[INFO] 
[INFO] --- animal-sniffer-maven-plugin:1.14:check (default) @ samples ---
[INFO] Checking unresolved references to org.codehaus.mojo.signature:java16:1.1
[INFO] ------------------------------------------------------------------------
[INFO] Reactor Summary:
[INFO] 
[INFO] Retrofit (Parent) .................................. SUCCESS [  2.867 s]
[INFO] Retrofit ........................................... SUCCESS [ 32.122 s]
[INFO] Adapters ........................................... SUCCESS [  0.646 s]
[INFO] Adapter: RxJava .................................... SUCCESS [  3.381 s]
[INFO] Converters ......................................... SUCCESS [  0.292 s]
[INFO] Converter: Gson .................................... SUCCESS [  2.436 s]
[INFO] Converter: Protocol Buffers ........................ SUCCESS [  2.777 s]
[INFO] Converter: Jackson ................................. SUCCESS [  2.797 s]
[INFO] Converter: Wire Protocol Buffers ................... SUCCESS [  1.790 s]
[INFO] Converter: SimpleXML ............................... SUCCESS [  1.892 s]
[INFO] Converter: Java Scalars ............................ SUCCESS [  2.715 s]
[INFO] Converter: Moshi ................................... SUCCESS [  2.293 s]
[INFO] Retrofit Mock Adapter .............................. SUCCESS [  3.286 s]
[INFO] Samples ............................................ SUCCESS [  1.749 s]
[INFO] ------------------------------------------------------------------------
[INFO] BUILD SUCCESS
[INFO] ------------------------------------------------------------------------
[INFO] Total time: 01:01 min
[INFO] Finished at: 2016-01-25T15:01:09+00:00
[INFO] Final Memory: 30M/285M
[INFO] ------------------------------------------------------------------------

travis_time:end:20a9483e:start=1453734005210006490,finish=1453734080655113295,duration=75445106805[0K
[32;1mThe command "mvn test -B" exited with 0.[0m
travis_fold:start:cache.2[0Kstore build cache
travis_time:start:09904ef0[0K
travis_time:end:09904ef0:start=1453734080661246082,finish=1453734080666065656,duration=4819574[0Ktravis_time:start:07a3765a[0K[32;1mchange detected:
/home/travis/.m2/repository/com/squareup/retrofit2/adapter-rxjava/2.0.0-SNAPSHOT/adapter-rxjava-2.0.0-SNAPSHOT.jar
/home/travis/.m2/repository/com/squareup/retrofit2/adapter-rxjava/2.0.0-SNAPSHOT/maven-metadata-local.xml
/home/travis/.m2/repository/com/squareup/retrofit2/adapter-rxjava/2.0.0-SNAPSHOT/_remote.repositories
/home/travis/.m2/repository/com/squareup/retrofit2/adapter-rxjava/maven-metadata-local.xml
/home/travis/.m2/repository/com/squareup/retrofit2/converter-gson/2.0.0-SNAPSHOT/converter-gson-2.0.0-SNAPSHOT.jar
/home/travis/.m2/repository/com/squareup/retrofit2/converter-gson/2.0.0-SNAPSHOT/maven-metadata-local.xml
/home/travis/.m2/repository/com/squareup/retrofit2/converter-gson/2.0.0-SNAPSHOT/_remote.repositories
/home/travis/.m2/repository/com/squareup/retrofit2/converter-gson/maven-metadata-local.xml
/home/travis/.m2/repository/com/squareup/retrofit2/converter-jackson/2.0.0-SNAPSHOT/converter-jackson-2.0.0-SNAPSHOT.jar
/home/travis/.m2/repository/com/squareup/retrofit2/c
[0m
[32;1m...
[0m
[32;1mchanges detected, packing new archive[0m
.
[32;1muploading archive[0m

travis_time:end:07a3765a:start=1453734080671593573,finish=1453734091882005403,duration=11210411830[0Ktravis_fold:end:cache.2[0Ktravis_fold:start:after_success[0Ktravis_time:start:07e9c4e3[0K$ .buildscript/deploy_snapshot.sh
Skipping snapshot deployment: wrong branch. Expected 'master' but was 'jw/rx-tests'.

travis_time:end:07e9c4e3:start=1453734091888138760,finish=1453734091895178068,duration=7039308[0Ktravis_fold:end:after_success[0K
Done. Your build exited with 0.
