Using worker: worker-linux-docker-041754fd.prod.travis-ci.org:travis-linux-7

travis_fold:start:system_info[0K[33;1mBuild system information[0m
Build language: java
Build group: stable
Build dist: precise
[34m[1mBuild image provisioning date and time[0m
Thu Feb  5 15:09:33 UTC 2015
[34m[1mOperating System Details[0m
Distributor ID:	Ubuntu
Description:	Ubuntu 12.04.5 LTS
Release:	12.04
Codename:	precise
[34m[1mLinux Version[0m
3.13.0-29-generic
[34m[1mCookbooks Version[0m
a68419e https://github.com/travis-ci/travis-cookbooks/tree/a68419e
[34m[1mGCC version[0m
gcc (Ubuntu/Linaro 4.6.3-1ubuntu5) 4.6.3
Copyright (C) 2011 Free Software Foundation, Inc.
This is free software; see the source for copying conditions.  There is NO
warranty; not even for MERCHANTABILITY or FITNESS FOR A PARTICULAR PURPOSE.

[34m[1mLLVM version[0m
clang version 3.4 (tags/RELEASE_34/final)
Target: x86_64-unknown-linux-gnu
Thread model: posix
[34m[1mPre-installed Ruby versions[0m
ruby-1.9.3-p551
[34m[1mPre-installed Node.js versions[0m
v0.10.36
[34m[1mPre-installed Go versions[0m
1.4.1
[34m[1mRedis version[0m
redis-server 2.8.19
[34m[1mriak version[0m
2.0.2
[34m[1mMongoDB version[0m
MongoDB 2.4.12
[34m[1mCouchDB version[0m
couchdb 1.6.1
[34m[1mNeo4j version[0m
1.9.4
[34m[1mRabbitMQ Version[0m
3.4.3
[34m[1mElasticSearch version[0m
1.4.0
[34m[1mInstalled Sphinx versions[0m
2.0.10
2.1.9
2.2.6
[34m[1mDefault Sphinx version[0m
2.2.6
[34m[1mInstalled Firefox version[0m
firefox 31.0esr
[34m[1mPhantomJS version[0m
1.9.8
[34m[1mant -version[0m
Apache Ant(TM) version 1.8.2 compiled on December 3 2011
[34m[1mmvn -version[0m
Apache Maven 3.2.5 (12a6b3acb947671f09b81f49094c53f426d8cea1; 2014-12-14T17:29:23+00:00)
Maven home: /usr/local/maven
Java version: 1.7.0_76, vendor: Oracle Corporation
Java home: /usr/lib/jvm/java-7-oracle/jre
Default locale: en_US, platform encoding: ANSI_X3.4-1968
OS name: "linux", version: "3.13.0-29-generic", arch: "amd64", family: "unix"
travis_fold:end:system_info[0K
travis_fold:start:git.checkout[0Ktravis_time:start:21e19c14[0K$ git clone --depth=50 --branch=jw/guava-adapter https://github.com/square/retrofit.git square/retrofit
Cloning into 'square/retrofit'...
remote: Counting objects: 1688, done.[K
remote: Compressing objects:   0% (1/773)   [Kremote: Compressing objects:   1% (8/773)   [Kremote: Compressing objects:   2% (16/773)   [Kremote: Compressing objects:   3% (24/773)   [Kremote: Compressing objects:   4% (31/773)   [Kremote: Compressing objects:   5% (39/773)   [Kremote: Compressing objects:   6% (47/773)   [Kremote: Compressing objects:   7% (55/773)   [Kremote: Compressing objects:   8% (62/773)   [Kremote: Compressing objects:   9% (70/773)   [Kremote: Compressing objects:  10% (78/773)   [Kremote: Compressing objects:  11% (86/773)   [Kremote: Compressing objects:  12% (93/773)   [Kremote: Compressing objects:  13% (101/773)   [Kremote: Compressing objects:  14% (109/773)   [Kremote: Compressing objects:  15% (116/773)   [Kremote: Compressing objects:  16% (124/773)   [Kremote: Compressing objects:  17% (132/773)   [Kremote: Compressing objects:  18% (140/773)   [Kremote: Compressing objects:  19% (147/773)   [Kremote: Compressing objects:  20% (155/773)   [Kremote: Compressing objects:  21% (163/773)   [Kremote: Compressing objects:  22% (171/773)   [Kremote: Compressing objects:  23% (178/773)   [Kremote: Compressing objects:  24% (186/773)   [Kremote: Compressing objects:  25% (194/773)   [Kremote: Compressing objects:  26% (201/773)   [Kremote: Compressing objects:  27% (209/773)   [Kremote: Compressing objects:  28% (217/773)   [Kremote: Compressing objects:  29% (225/773)   [Kremote: Compressing objects:  30% (232/773)   [Kremote: Compressing objects:  31% (240/773)   [Kremote: Compressing objects:  32% (248/773)   [Kremote: Compressing objects:  33% (256/773)   [Kremote: Compressing objects:  34% (263/773)   [Kremote: Compressing objects:  35% (271/773)   [Kremote: Compressing objects:  36% (279/773)   [Kremote: Compressing objects:  37% (287/773)   [Kremote: Compressing objects:  38% (294/773)   [Kremote: Compressing objects:  39% (302/773)   [Kremote: Compressing objects:  40% (310/773)   [Kremote: Compressing objects:  41% (317/773)   [Kremote: Compressing objects:  42% (325/773)   [Kremote: Compressing objects:  43% (333/773)   [Kremote: Compressing objects:  44% (341/773)   [Kremote: Compressing objects:  45% (348/773)   [Kremote: Compressing objects:  46% (356/773)   [Kremote: Compressing objects:  47% (364/773)   [Kremote: Compressing objects:  48% (372/773)   [Kremote: Compressing objects:  49% (379/773)   [Kremote: Compressing objects:  50% (387/773)   [Kremote: Compressing objects:  51% (395/773)   [Kremote: Compressing objects:  52% (402/773)   [Kremote: Compressing objects:  53% (410/773)   [Kremote: Compressing objects:  54% (418/773)   [Kremote: Compressing objects:  55% (426/773)   [Kremote: Compressing objects:  56% (433/773)   [Kremote: Compressing objects:  57% (441/773)   [Kremote: Compressing objects:  58% (449/773)   [Kremote: Compressing objects:  59% (457/773)   [Kremote: Compressing objects:  60% (464/773)   [Kremote: Compressing objects:  61% (472/773)   [Kremote: Compressing objects:  62% (480/773)   [Kremote: Compressing objects:  63% (487/773)   [Kremote: Compressing objects:  64% (495/773)   [Kremote: Compressing objects:  65% (503/773)   [Kremote: Compressing objects:  66% (511/773)   [Kremote: Compressing objects:  67% (518/773)   [Kremote: Compressing objects:  68% (526/773)   [Kremote: Compressing objects:  69% (534/773)   [Kremote: Compressing objects:  70% (542/773)   [Kremote: Compressing objects:  71% (549/773)   [Kremote: Compressing objects:  72% (557/773)   [Kremote: Compressing objects:  73% (565/773)   [Kremote: Compressing objects:  74% (573/773)   [Kremote: Compressing objects:  75% (580/773)   [Kremote: Compressing objects:  76% (588/773)   [Kremote: Compressing objects:  77% (596/773)   [Kremote: Compressing objects:  78% (603/773)   [Kremote: Compressing objects:  79% (611/773)   [Kremote: Compressing objects:  80% (619/773)   [Kremote: Compressing objects:  81% (627/773)   [Kremote: Compressing objects:  82% (634/773)   [Kremote: Compressing objects:  83% (642/773)   [Kremote: Compressing objects:  84% (650/773)   [Kremote: Compressing objects:  85% (658/773)   [Kremote: Compressing objects:  86% (665/773)   [Kremote: Compressing objects:  87% (673/773)   [Kremote: Compressing objects:  88% (681/773)   [Kremote: Compressing objects:  89% (688/773)   [Kremote: Compressing objects:  90% (696/773)   [Kremote: Compressing objects:  91% (704/773)   [Kremote: Compressing objects:  92% (712/773)   [Kremote: Compressing objects:  93% (719/773)   [Kremote: Compressing objects:  94% (727/773)   [Kremote: Compressing objects:  95% (735/773)   [Kremote: Compressing objects:  96% (743/773)   [Kremote: Compressing objects:  97% (750/773)   [Kremote: Compressing objects:  98% (758/773)   [Kremote: Compressing objects:  99% (766/773)   [Kremote: Compressing objects: 100% (773/773)   [Kremote: Compressing objects: 100% (773/773), done.[K
Receiving objects:   0% (1/1688)   Receiving objects:   1% (17/1688)   Receiving objects:   2% (34/1688)   Receiving objects:   3% (51/1688)   Receiving objects:   4% (68/1688)   Receiving objects:   5% (85/1688)   Receiving objects:   6% (102/1688)   Receiving objects:   7% (119/1688)   Receiving objects:   8% (136/1688)   Receiving objects:   9% (152/1688)   Receiving objects:  10% (169/1688)   Receiving objects:  11% (186/1688)   Receiving objects:  12% (203/1688)   Receiving objects:  13% (220/1688)   Receiving objects:  14% (237/1688)   Receiving objects:  15% (254/1688)   Receiving objects:  16% (271/1688)   Receiving objects:  17% (287/1688)   Receiving objects:  18% (304/1688)   Receiving objects:  19% (321/1688)   Receiving objects:  20% (338/1688)   Receiving objects:  21% (355/1688)   Receiving objects:  22% (372/1688)   Receiving objects:  23% (389/1688)   Receiving objects:  24% (406/1688)   Receiving objects:  25% (422/1688)   Receiving objects:  26% (439/1688)   Receiving objects:  27% (456/1688)   Receiving objects:  28% (473/1688)   Receiving objects:  29% (490/1688)   Receiving objects:  30% (507/1688)   Receiving objects:  31% (524/1688)   Receiving objects:  32% (541/1688)   Receiving objects:  33% (558/1688)   Receiving objects:  34% (574/1688)   Receiving objects:  35% (591/1688)   Receiving objects:  36% (608/1688)   Receiving objects:  37% (625/1688)   Receiving objects:  38% (642/1688)   Receiving objects:  39% (659/1688)   Receiving objects:  40% (676/1688)   Receiving objects:  41% (693/1688)   Receiving objects:  42% (709/1688)   Receiving objects:  43% (726/1688)   Receiving objects:  44% (743/1688)   Receiving objects:  45% (760/1688)   Receiving objects:  46% (777/1688)   Receiving objects:  47% (794/1688)   Receiving objects:  48% (811/1688)   Receiving objects:  49% (828/1688)   Receiving objects:  50% (844/1688)   Receiving objects:  51% (861/1688)   Receiving objects:  52% (878/1688)   Receiving objects:  53% (895/1688)   Receiving objects:  54% (912/1688)   Receiving objects:  55% (929/1688)   Receiving objects:  56% (946/1688)   Receiving objects:  57% (963/1688)   Receiving objects:  58% (980/1688)   Receiving objects:  59% (996/1688)   Receiving objects:  60% (1013/1688)   Receiving objects:  61% (1030/1688)   Receiving objects:  62% (1047/1688)   Receiving objects:  63% (1064/1688)   Receiving objects:  64% (1081/1688)   Receiving objects:  65% (1098/1688)   Receiving objects:  66% (1115/1688)   Receiving objects:  67% (1131/1688)   Receiving objects:  68% (1148/1688)   Receiving objects:  69% (1165/1688)   Receiving objects:  70% (1182/1688)   Receiving objects:  71% (1199/1688)   Receiving objects:  72% (1216/1688)   Receiving objects:  73% (1233/1688)   Receiving objects:  74% (1250/1688)   Receiving objects:  75% (1266/1688)   Receiving objects:  76% (1283/1688)   Receiving objects:  77% (1300/1688)   Receiving objects:  78% (1317/1688)   Receiving objects:  79% (1334/1688)   Receiving objects:  80% (1351/1688)   Receiving objects:  81% (1368/1688)   Receiving objects:  82% (1385/1688)   Receiving objects:  83% (1402/1688)   Receiving objects:  84% (1418/1688)   Receiving objects:  85% (1435/1688)   Receiving objects:  86% (1452/1688)   Receiving objects:  87% (1469/1688)   Receiving objects:  88% (1486/1688)   Receiving objects:  89% (1503/1688)   Receiving objects:  90% (1520/1688)   Receiving objects:  91% (1537/1688)   Receiving objects:  92% (1553/1688)   Receiving objects:  93% (1570/1688)   Receiving objects:  94% (1587/1688)   Receiving objects:  95% (1604/1688)   remote: Total 1688 (delta 675), reused 1477 (delta 492), pack-reused 0[K
Receiving objects:  96% (1621/1688)   Receiving objects:  97% (1638/1688)   Receiving objects:  98% (1655/1688)   Receiving objects:  99% (1672/1688)   Receiving objects: 100% (1688/1688)   Receiving objects: 100% (1688/1688), 373.91 KiB | 0 bytes/s, done.
Resolving deltas:   0% (0/675)   Resolving deltas:   4% (29/675)   Resolving deltas:   6% (45/675)   Resolving deltas:  13% (91/675)   Resolving deltas:  14% (95/675)   Resolving deltas:  15% (106/675)   Resolving deltas:  18% (122/675)   Resolving deltas:  19% (130/675)   Resolving deltas:  20% (141/675)   Resolving deltas:  21% (147/675)   Resolving deltas:  22% (150/675)   Resolving deltas:  23% (156/675)   Resolving deltas:  25% (172/675)   Resolving deltas:  28% (190/675)   Resolving deltas:  32% (217/675)   Resolving deltas:  33% (225/675)   Resolving deltas:  34% (230/675)   Resolving deltas:  36% (247/675)   Resolving deltas:  37% (250/675)   Resolving deltas:  39% (265/675)   Resolving deltas:  40% (273/675)   Resolving deltas:  41% (278/675)   Resolving deltas:  42% (284/675)   Resolving deltas:  43% (294/675)   Resolving deltas:  44% (300/675)   Resolving deltas:  45% (304/675)   Resolving deltas:  46% (313/675)   Resolving deltas:  48% (326/675)   Resolving deltas:  49% (331/675)   Resolving deltas:  50% (341/675)   Resolving deltas:  51% (349/675)   Resolving deltas:  52% (357/675)   Resolving deltas:  54% (369/675)   Resolving deltas:  55% (375/675)   Resolving deltas:  56% (379/675)   Resolving deltas:  57% (386/675)   Resolving deltas:  58% (396/675)   Resolving deltas:  59% (400/675)   Resolving deltas:  61% (414/675)   Resolving deltas:  62% (422/675)   Resolving deltas:  63% (427/675)   Resolving deltas:  68% (460/675)   Resolving deltas:  71% (480/675)   Resolving deltas:  72% (486/675)   Resolving deltas:  74% (505/675)   Resolving deltas:  76% (514/675)   Resolving deltas:  78% (529/675)   Resolving deltas:  79% (536/675)   Resolving deltas:  80% (540/675)   Resolving deltas:  81% (549/675)   Resolving deltas:  82% (555/675)   Resolving deltas:  87% (593/675)   Resolving deltas:  89% (605/675)   Resolving deltas:  90% (608/675)   Resolving deltas:  91% (615/675)   Resolving deltas:  92% (621/675)   Resolving deltas:  93% (629/675)   Resolving deltas:  94% (635/675)   Resolving deltas:  95% (644/675)   Resolving deltas:  96% (654/675)   Resolving deltas:  97% (656/675)   Resolving deltas:  99% (671/675)   Resolving deltas: 100% (675/675)   Resolving deltas: 100% (675/675), done.
Checking connectivity... done.

travis_time:end:21e19c14:start=1453762539441370059,finish=1453762539905933516,duration=464563457[0K$ cd square/retrofit
$ git checkout -qf 330e9d217c9d166477357c37b82f2de3a7b16f42
travis_fold:end:git.checkout[0K
[33;1mThis job is running on container-based infrastructure, which does not allow use of 'sudo', setuid and setguid executables.[0m
[33;1mIf you require sudo, add 'sudo: required' to your .travis.yml[0m
[33;1mSee https://docs.travis-ci.com/user/workers/container-based-infrastructure/ for details.[0m

[33;1mSetting environment variables from .travis.yml[0m
$ export CI_DEPLOY_USERNAME=[secure]
$ export CI_DEPLOY_PASSWORD=[secure]

travis_fold:start:cache.1[0KSetting up build cache
$ export CASHER_DIR=$HOME/.casher
travis_time:start:1911540c[0K$ Installing caching utilities

travis_time:end:1911540c:start=1453762541615218025,finish=1453762541645566395,duration=30348370[0Ktravis_time:start:0e21d600[0K
travis_time:end:0e21d600:start=1453762541649985021,finish=1453762541652996709,duration=3011688[0Ktravis_time:start:00354178[0K[32;1mattempting to download cache archive[0m
[32;1mfetching jwguava-adapter/cache--jdk-oraclejdk8.tgz[0m
[32;1mfound cache[0m

travis_time:end:00354178:start=1453762541656677717,finish=1453762545705483371,duration=4048805654[0Ktravis_time:start:0006f61b[0K
travis_time:end:0006f61b:start=1453762545709269782,finish=1453762545712460470,duration=3190688[0Ktravis_time:start:110c75a0[0K[32;1madding /home/travis/.m2 to cache[0m

travis_time:end:110c75a0:start=1453762545716199674,finish=1453762547282581493,duration=1566381819[0Ktravis_fold:end:cache.1[0K$ jdk_switcher use oraclejdk8
Switching to Oracle JDK8 (java-8-oracle), JAVA_HOME will be set to /usr/lib/jvm/java-8-oracle
$ java -Xmx32m -version
java version "1.8.0_31"
Java(TM) SE Runtime Environment (build 1.8.0_31-b13)
Java HotSpot(TM) 64-Bit Server VM (build 25.31-b07, mixed mode)
$ javac -J-Xmx32m -version
javac 1.8.0_31
travis_fold:start:install[0Ktravis_time:start:1ae1593b[0K$ mvn install -DskipTests=true -Dmaven.javadoc.skip=true -B -V
Java HotSpot(TM) 64-Bit Server VM warning: ignoring option MaxPermSize=192m; support was removed in 8.0
Apache Maven 3.2.5 (12a6b3acb947671f09b81f49094c53f426d8cea1; 2014-12-14T17:29:23+00:00)
Maven home: /usr/local/maven
Java version: 1.8.0_31, vendor: Oracle Corporation
Java home: /usr/lib/jvm/java-8-oracle/jre
Default locale: en_US, platform encoding: UTF-8
OS name: "linux", version: "3.13.0-40-generic", arch: "amd64", family: "unix"
[INFO] Scanning for projects...
[WARNING] 
[WARNING] Some problems were encountered while building the effective model for com.squareup.retrofit2:samples:jar:2.0.0-SNAPSHOT
[WARNING] 'build.plugins.plugin.version' for org.apache.maven.plugins:maven-deploy-plugin is missing. @ com.squareup.retrofit2:samples:[unknown-version], /home/travis/build/square/retrofit/samples/pom.xml, line 45, column 15
[WARNING] 
[WARNING] It is highly recommended to fix these problems because they threaten the stability of your build.
[WARNING] 
[WARNING] For this reason, future Maven versions might no longer support building such malformed projects.
[WARNING] 
[INFO] ------------------------------------------------------------------------
[INFO] Reactor Build Order:
[INFO] 
[INFO] Retrofit (Parent)
[INFO] Retrofit
[INFO] Adapters
[INFO] Adapter: Guava
[INFO] Adapter: RxJava
[INFO] Converters
[INFO] Converter: Gson
[INFO] Converter: Protocol Buffers
[INFO] Converter: Jackson
[INFO] Converter: Wire Protocol Buffers
[INFO] Converter: SimpleXML
[INFO] Converter: Java Scalars
[INFO] Converter: Moshi
[INFO] Retrofit Mock Adapter
[INFO] Samples
[INFO]                                                                         
[INFO] ------------------------------------------------------------------------
[INFO] Building Retrofit (Parent) 2.0.0-SNAPSHOT
[INFO] ------------------------------------------------------------------------
[INFO] 
[INFO] --- maven-enforcer-plugin:1.0:enforce (enforce-maven) @ parent ---
[INFO] 
[INFO] --- animal-sniffer-maven-plugin:1.14:check (default) @ parent ---
[INFO] Checking unresolved references to org.codehaus.mojo.signature:java16:1.1
[INFO] 
[INFO] --- maven-javadoc-plugin:2.10.3:jar (attach-javadocs) @ parent ---
[INFO] Skipping javadoc generation
[INFO] 
[INFO] --- maven-checkstyle-plugin:2.15:checkstyle (default) @ parent ---
[INFO] 
[INFO] --- maven-install-plugin:2.4:install (default-install) @ parent ---
[INFO] Installing /home/travis/build/square/retrofit/pom.xml to /home/travis/.m2/repository/com/squareup/retrofit2/parent/2.0.0-SNAPSHOT/parent-2.0.0-SNAPSHOT.pom
[INFO]                                                                         
[INFO] ------------------------------------------------------------------------
[INFO] Building Retrofit 2.0.0-SNAPSHOT
[INFO] ------------------------------------------------------------------------
[INFO] 
[INFO] --- maven-enforcer-plugin:1.0:enforce (enforce-maven) @ retrofit ---
[INFO] 
[INFO] --- maven-resources-plugin:2.6:resources (default-resources) @ retrofit ---
[INFO] Using 'UTF-8' encoding to copy filtered resources.
[INFO] skip non existing resourceDirectory /home/travis/build/square/retrofit/retrofit/src/main/resources
[INFO] 
[INFO] --- maven-compiler-plugin:3.0:compile (default-compile) @ retrofit ---
[INFO] Changes detected - recompiling the module!
[INFO] Compiling 42 source files to /home/travis/build/square/retrofit/retrofit/target/classes
[WARNING] /home/travis/build/square/retrofit/retrofit/src/main/java/retrofit2/Retrofit.java: Some input files use unchecked or unsafe operations.
[WARNING] /home/travis/build/square/retrofit/retrofit/src/main/java/retrofit2/Retrofit.java: Recompile with -Xlint:unchecked for details.
[INFO] 
[INFO] --- maven-resources-plugin:2.6:testResources (default-testResources) @ retrofit ---
[INFO] Using 'UTF-8' encoding to copy filtered resources.
[INFO] skip non existing resourceDirectory /home/travis/build/square/retrofit/retrofit/src/test/resources
[INFO] 
[INFO] --- maven-compiler-plugin:3.0:testCompile (default-testCompile) @ retrofit ---
[INFO] Changes detected - recompiling the module!
[INFO] Compiling 12 source files to /home/travis/build/square/retrofit/retrofit/target/test-classes
[WARNING] /home/travis/build/square/retrofit/retrofit/src/test/java/retrofit2/RetrofitTest.java: /home/travis/build/square/retrofit/retrofit/src/test/java/retrofit2/RetrofitTest.java uses unchecked or unsafe operations.
[WARNING] /home/travis/build/square/retrofit/retrofit/src/test/java/retrofit2/RetrofitTest.java: Recompile with -Xlint:unchecked for details.
[INFO] 
[INFO] --- maven-surefire-plugin:2.12.4:test (default-test) @ retrofit ---
[INFO] Tests are skipped.
[INFO] 
[INFO] --- animal-sniffer-maven-plugin:1.14:check (default) @ retrofit ---
[INFO] Checking unresolved references to org.codehaus.mojo.signature:java16:1.1
[INFO] 
[INFO] --- maven-jar-plugin:2.4:jar (default-jar) @ retrofit ---
[INFO] Building jar: /home/travis/build/square/retrofit/retrofit/target/retrofit-2.0.0-SNAPSHOT.jar
[INFO] 
[INFO] --- maven-javadoc-plugin:2.10.3:jar (attach-javadocs) @ retrofit ---
[INFO] Skipping javadoc generation
[INFO] 
[INFO] --- maven-checkstyle-plugin:2.15:checkstyle (default) @ retrofit ---
[INFO] Starting audit...
Audit done.
[WARNING] Unable to locate Source XRef to link to - DISABLED
[INFO] 
[INFO] --- maven-install-plugin:2.4:install (default-install) @ retrofit ---
[INFO] Installing /home/travis/build/square/retrofit/retrofit/target/retrofit-2.0.0-SNAPSHOT.jar to /home/travis/.m2/repository/com/squareup/retrofit2/retrofit/2.0.0-SNAPSHOT/retrofit-2.0.0-SNAPSHOT.jar
[INFO] Installing /home/travis/build/square/retrofit/retrofit/pom.xml to /home/travis/.m2/repository/com/squareup/retrofit2/retrofit/2.0.0-SNAPSHOT/retrofit-2.0.0-SNAPSHOT.pom
[INFO]                                                                         
[INFO] ------------------------------------------------------------------------
[INFO] Building Adapters 2.0.0-SNAPSHOT
[INFO] ------------------------------------------------------------------------
[INFO] 
[INFO] --- maven-enforcer-plugin:1.0:enforce (enforce-maven) @ retrofit-adapters ---
[INFO] 
[INFO] --- animal-sniffer-maven-plugin:1.14:check (default) @ retrofit-adapters ---
[INFO] Checking unresolved references to org.codehaus.mojo.signature:java16:1.1
[INFO] 
[INFO] --- maven-javadoc-plugin:2.10.3:jar (attach-javadocs) @ retrofit-adapters ---
[INFO] Skipping javadoc generation
[INFO] 
[INFO] --- maven-checkstyle-plugin:2.15:checkstyle (default) @ retrofit-adapters ---
[INFO] 
[INFO] --- maven-install-plugin:2.4:install (default-install) @ retrofit-adapters ---
[INFO] Installing /home/travis/build/square/retrofit/retrofit-adapters/pom.xml to /home/travis/.m2/repository/com/squareup/retrofit2/retrofit-adapters/2.0.0-SNAPSHOT/retrofit-adapters-2.0.0-SNAPSHOT.pom
[INFO]                                                                         
[INFO] ------------------------------------------------------------------------
[INFO] Building Adapter: Guava 2.0.0-SNAPSHOT
[INFO] ------------------------------------------------------------------------
[INFO] 
[INFO] --- maven-enforcer-plugin:1.0:enforce (enforce-maven) @ adapter-guava ---
[INFO] 
[INFO] --- maven-resources-plugin:2.6:resources (default-resources) @ adapter-guava ---
[INFO] Using 'UTF-8' encoding to copy filtered resources.
[INFO] skip non existing resourceDirectory /home/travis/build/square/retrofit/retrofit-adapters/guava/src/main/resources
[INFO] 
[INFO] --- maven-compiler-plugin:3.0:compile (default-compile) @ adapter-guava ---
[INFO] Changes detected - recompiling the module!
[INFO] Compiling 2 source files to /home/travis/build/square/retrofit/retrofit-adapters/guava/target/classes
[INFO] 
[INFO] --- maven-resources-plugin:2.6:testResources (default-testResources) @ adapter-guava ---
[INFO] Using 'UTF-8' encoding to copy filtered resources.
[INFO] skip non existing resourceDirectory /home/travis/build/square/retrofit/retrofit-adapters/guava/src/test/resources
[INFO] 
[INFO] --- maven-compiler-plugin:3.0:testCompile (default-testCompile) @ adapter-guava ---
[INFO] Changes detected - recompiling the module!
[INFO] Compiling 3 source files to /home/travis/build/square/retrofit/retrofit-adapters/guava/target/test-classes
[INFO] 
[INFO] --- maven-surefire-plugin:2.12.4:test (default-test) @ adapter-guava ---
[INFO] Tests are skipped.
[INFO] 
[INFO] --- animal-sniffer-maven-plugin:1.14:check (default) @ adapter-guava ---
[INFO] Checking unresolved references to org.codehaus.mojo.signature:java16:1.1
[INFO] 
[INFO] --- maven-jar-plugin:2.4:jar (default-jar) @ adapter-guava ---
[INFO] Building jar: /home/travis/build/square/retrofit/retrofit-adapters/guava/target/adapter-guava-2.0.0-SNAPSHOT.jar
[INFO] 
[INFO] --- maven-javadoc-plugin:2.10.3:jar (attach-javadocs) @ adapter-guava ---
[INFO] Skipping javadoc generation
[INFO] 
[INFO] --- maven-checkstyle-plugin:2.15:checkstyle (default) @ adapter-guava ---
[INFO] Starting audit...
Audit done.
[WARNING] Unable to locate Source XRef to link to - DISABLED
[INFO] 
[INFO] --- maven-install-plugin:2.4:install (default-install) @ adapter-guava ---
[INFO] Installing /home/travis/build/square/retrofit/retrofit-adapters/guava/target/adapter-guava-2.0.0-SNAPSHOT.jar to /home/travis/.m2/repository/com/squareup/retrofit2/adapter-guava/2.0.0-SNAPSHOT/adapter-guava-2.0.0-SNAPSHOT.jar
[INFO] Installing /home/travis/build/square/retrofit/retrofit-adapters/guava/pom.xml to /home/travis/.m2/repository/com/squareup/retrofit2/adapter-guava/2.0.0-SNAPSHOT/adapter-guava-2.0.0-SNAPSHOT.pom
[INFO]                                                                         
[INFO] ------------------------------------------------------------------------
[INFO] Building Adapter: RxJava 2.0.0-SNAPSHOT
[INFO] ------------------------------------------------------------------------
[INFO] 
[INFO] --- maven-enforcer-plugin:1.0:enforce (enforce-maven) @ adapter-rxjava ---
[INFO] 
[INFO] --- maven-resources-plugin:2.6:resources (default-resources) @ adapter-rxjava ---
[INFO] Using 'UTF-8' encoding to copy filtered resources.
[INFO] skip non existing resourceDirectory /home/travis/build/square/retrofit/retrofit-adapters/rxjava/src/main/resources
[INFO] 
[INFO] --- maven-compiler-plugin:3.0:compile (default-compile) @ adapter-rxjava ---
[INFO] Changes detected - recompiling the module!
[INFO] Compiling 4 source files to /home/travis/build/square/retrofit/retrofit-adapters/rxjava/target/classes
[INFO] 
[INFO] --- maven-resources-plugin:2.6:testResources (default-testResources) @ adapter-rxjava ---
[INFO] Using 'UTF-8' encoding to copy filtered resources.
[INFO] skip non existing resourceDirectory /home/travis/build/square/retrofit/retrofit-adapters/rxjava/src/test/resources
[INFO] 
[INFO] --- maven-compiler-plugin:3.0:testCompile (default-testCompile) @ adapter-rxjava ---
[INFO] Changes detected - recompiling the module!
[INFO] Compiling 2 source files to /home/travis/build/square/retrofit/retrofit-adapters/rxjava/target/test-classes
[INFO] 
[INFO] --- maven-surefire-plugin:2.12.4:test (default-test) @ adapter-rxjava ---
[INFO] Tests are skipped.
[INFO] 
[INFO] --- animal-sniffer-maven-plugin:1.14:check (default) @ adapter-rxjava ---
[INFO] Checking unresolved references to org.codehaus.mojo.signature:java16:1.1
[INFO] 
[INFO] --- maven-jar-plugin:2.4:jar (default-jar) @ adapter-rxjava ---
[INFO] Building jar: /home/travis/build/square/retrofit/retrofit-adapters/rxjava/target/adapter-rxjava-2.0.0-SNAPSHOT.jar
[INFO] 
[INFO] --- maven-javadoc-plugin:2.10.3:jar (attach-javadocs) @ adapter-rxjava ---
[INFO] Skipping javadoc generation
[INFO] 
[INFO] --- maven-checkstyle-plugin:2.15:checkstyle (default) @ adapter-rxjava ---
[INFO] Starting audit...
Audit done.
[WARNING] Unable to locate Source XRef to link to - DISABLED
[INFO] 
[INFO] --- maven-install-plugin:2.4:install (default-install) @ adapter-rxjava ---
[INFO] Installing /home/travis/build/square/retrofit/retrofit-adapters/rxjava/target/adapter-rxjava-2.0.0-SNAPSHOT.jar to /home/travis/.m2/repository/com/squareup/retrofit2/adapter-rxjava/2.0.0-SNAPSHOT/adapter-rxjava-2.0.0-SNAPSHOT.jar
[INFO] Installing /home/travis/build/square/retrofit/retrofit-adapters/rxjava/pom.xml to /home/travis/.m2/repository/com/squareup/retrofit2/adapter-rxjava/2.0.0-SNAPSHOT/adapter-rxjava-2.0.0-SNAPSHOT.pom
[INFO]                                                                         
[INFO] ------------------------------------------------------------------------
[INFO] Building Converters 2.0.0-SNAPSHOT
[INFO] ------------------------------------------------------------------------
[INFO] 
[INFO] --- maven-enforcer-plugin:1.0:enforce (enforce-maven) @ retrofit-converters ---
[INFO] 
[INFO] --- animal-sniffer-maven-plugin:1.14:check (default) @ retrofit-converters ---
[INFO] Checking unresolved references to org.codehaus.mojo.signature:java16:1.1
[INFO] 
[INFO] --- maven-javadoc-plugin:2.10.3:jar (attach-javadocs) @ retrofit-converters ---
[INFO] Skipping javadoc generation
[INFO] 
[INFO] --- maven-checkstyle-plugin:2.15:checkstyle (default) @ retrofit-converters ---
[INFO] 
[INFO] --- maven-install-plugin:2.4:install (default-install) @ retrofit-converters ---
[INFO] Installing /home/travis/build/square/retrofit/retrofit-converters/pom.xml to /home/travis/.m2/repository/com/squareup/retrofit2/retrofit-converters/2.0.0-SNAPSHOT/retrofit-converters-2.0.0-SNAPSHOT.pom
[INFO]                                                                         
[INFO] ------------------------------------------------------------------------
[INFO] Building Converter: Gson 2.0.0-SNAPSHOT
[INFO] ------------------------------------------------------------------------
[INFO] 
[INFO] --- maven-enforcer-plugin:1.0:enforce (enforce-maven) @ converter-gson ---
[INFO] 
[INFO] --- maven-resources-plugin:2.6:resources (default-resources) @ converter-gson ---
[INFO] Using 'UTF-8' encoding to copy filtered resources.
[INFO] skip non existing resourceDirectory /home/travis/build/square/retrofit/retrofit-converters/gson/src/main/resources
[INFO] 
[INFO] --- maven-compiler-plugin:3.0:compile (default-compile) @ converter-gson ---
[INFO] Changes detected - recompiling the module!
[INFO] Compiling 3 source files to /home/travis/build/square/retrofit/retrofit-converters/gson/target/classes
[INFO] 
[INFO] --- maven-resources-plugin:2.6:testResources (default-testResources) @ converter-gson ---
[INFO] Using 'UTF-8' encoding to copy filtered resources.
[INFO] skip non existing resourceDirectory /home/travis/build/square/retrofit/retrofit-converters/gson/src/test/resources
[INFO] 
[INFO] --- maven-compiler-plugin:3.0:testCompile (default-testCompile) @ converter-gson ---
[INFO] Changes detected - recompiling the module!
[INFO] Compiling 1 source file to /home/travis/build/square/retrofit/retrofit-converters/gson/target/test-classes
[INFO] 
[INFO] --- maven-surefire-plugin:2.12.4:test (default-test) @ converter-gson ---
[INFO] Tests are skipped.
[INFO] 
[INFO] --- animal-sniffer-maven-plugin:1.14:check (default) @ converter-gson ---
[INFO] Checking unresolved references to org.codehaus.mojo.signature:java16:1.1
[INFO] 
[INFO] --- maven-jar-plugin:2.4:jar (default-jar) @ converter-gson ---
[INFO] Building jar: /home/travis/build/square/retrofit/retrofit-converters/gson/target/converter-gson-2.0.0-SNAPSHOT.jar
[INFO] 
[INFO] --- maven-javadoc-plugin:2.10.3:jar (attach-javadocs) @ converter-gson ---
[INFO] Skipping javadoc generation
[INFO] 
[INFO] --- maven-checkstyle-plugin:2.15:checkstyle (default) @ converter-gson ---
[INFO] Starting audit...
Audit done.
[WARNING] Unable to locate Source XRef to link to - DISABLED
[INFO] 
[INFO] --- maven-install-plugin:2.4:install (default-install) @ converter-gson ---
[INFO] Installing /home/travis/build/square/retrofit/retrofit-converters/gson/target/converter-gson-2.0.0-SNAPSHOT.jar to /home/travis/.m2/repository/com/squareup/retrofit2/converter-gson/2.0.0-SNAPSHOT/converter-gson-2.0.0-SNAPSHOT.jar
[INFO] Installing /home/travis/build/square/retrofit/retrofit-converters/gson/pom.xml to /home/travis/.m2/repository/com/squareup/retrofit2/converter-gson/2.0.0-SNAPSHOT/converter-gson-2.0.0-SNAPSHOT.pom
[INFO]                                                                         
[INFO] ------------------------------------------------------------------------
[INFO] Building Converter: Protocol Buffers 2.0.0-SNAPSHOT
[INFO] ------------------------------------------------------------------------
[INFO] 
[INFO] --- maven-enforcer-plugin:1.0:enforce (enforce-maven) @ converter-protobuf ---
[INFO] 
[INFO] --- maven-resources-plugin:2.6:resources (default-resources) @ converter-protobuf ---
[INFO] Using 'UTF-8' encoding to copy filtered resources.
[INFO] skip non existing resourceDirectory /home/travis/build/square/retrofit/retrofit-converters/protobuf/src/main/resources
[INFO] 
[INFO] --- maven-compiler-plugin:3.0:compile (default-compile) @ converter-protobuf ---
[INFO] Changes detected - recompiling the module!
[INFO] Compiling 3 source files to /home/travis/build/square/retrofit/retrofit-converters/protobuf/target/classes
[WARNING] /home/travis/build/square/retrofit/retrofit-converters/protobuf/src/main/java/retrofit2/ProtoConverterFactory.java: /home/travis/build/square/retrofit/retrofit-converters/protobuf/src/main/java/retrofit2/ProtoConverterFactory.java uses unchecked or unsafe operations.
[WARNING] /home/travis/build/square/retrofit/retrofit-converters/protobuf/src/main/java/retrofit2/ProtoConverterFactory.java: Recompile with -Xlint:unchecked for details.
[INFO] 
[INFO] --- maven-resources-plugin:2.6:testResources (default-testResources) @ converter-protobuf ---
[INFO] Using 'UTF-8' encoding to copy filtered resources.
[INFO] skip non existing resourceDirectory /home/travis/build/square/retrofit/retrofit-converters/protobuf/src/test/resources
[INFO] 
[INFO] --- maven-compiler-plugin:3.0:testCompile (default-testCompile) @ converter-protobuf ---
[INFO] Changes detected - recompiling the module!
[INFO] Compiling 2 source files to /home/travis/build/square/retrofit/retrofit-converters/protobuf/target/test-classes
[INFO] 
[INFO] --- maven-surefire-plugin:2.12.4:test (default-test) @ converter-protobuf ---
[INFO] Tests are skipped.
[INFO] 
[INFO] --- animal-sniffer-maven-plugin:1.14:check (default) @ converter-protobuf ---
[INFO] Checking unresolved references to org.codehaus.mojo.signature:java16:1.1
[INFO] 
[INFO] --- maven-jar-plugin:2.4:jar (default-jar) @ converter-protobuf ---
[INFO] Building jar: /home/travis/build/square/retrofit/retrofit-converters/protobuf/target/converter-protobuf-2.0.0-SNAPSHOT.jar
[INFO] 
[INFO] --- maven-javadoc-plugin:2.10.3:jar (attach-javadocs) @ converter-protobuf ---
[INFO] Skipping javadoc generation
[INFO] 
[INFO] --- maven-checkstyle-plugin:2.15:checkstyle (default) @ converter-protobuf ---
[INFO] Starting audit...
Audit done.
[WARNING] Unable to locate Source XRef to link to - DISABLED
[INFO] 
[INFO] --- maven-install-plugin:2.4:install (default-install) @ converter-protobuf ---
[INFO] Installing /home/travis/build/square/retrofit/retrofit-converters/protobuf/target/converter-protobuf-2.0.0-SNAPSHOT.jar to /home/travis/.m2/repository/com/squareup/retrofit2/converter-protobuf/2.0.0-SNAPSHOT/converter-protobuf-2.0.0-SNAPSHOT.jar
[INFO] Installing /home/travis/build/square/retrofit/retrofit-converters/protobuf/pom.xml to /home/travis/.m2/repository/com/squareup/retrofit2/converter-protobuf/2.0.0-SNAPSHOT/converter-protobuf-2.0.0-SNAPSHOT.pom
[INFO]                                                                         
[INFO] ------------------------------------------------------------------------
[INFO] Building Converter: Jackson 2.0.0-SNAPSHOT
[INFO] ------------------------------------------------------------------------
[INFO] 
[INFO] --- maven-enforcer-plugin:1.0:enforce (enforce-maven) @ converter-jackson ---
[INFO] 
[INFO] --- maven-resources-plugin:2.6:resources (default-resources) @ converter-jackson ---
[INFO] Using 'UTF-8' encoding to copy filtered resources.
[INFO] skip non existing resourceDirectory /home/travis/build/square/retrofit/retrofit-converters/jackson/src/main/resources
[INFO] 
[INFO] --- maven-compiler-plugin:3.0:compile (default-compile) @ converter-jackson ---
[INFO] Changes detected - recompiling the module!
[INFO] Compiling 3 source files to /home/travis/build/square/retrofit/retrofit-converters/jackson/target/classes
[INFO] 
[INFO] --- maven-resources-plugin:2.6:testResources (default-testResources) @ converter-jackson ---
[INFO] Using 'UTF-8' encoding to copy filtered resources.
[INFO] skip non existing resourceDirectory /home/travis/build/square/retrofit/retrofit-converters/jackson/src/test/resources
[INFO] 
[INFO] --- maven-compiler-plugin:3.0:testCompile (default-testCompile) @ converter-jackson ---
[INFO] Changes detected - recompiling the module!
[INFO] Compiling 1 source file to /home/travis/build/square/retrofit/retrofit-converters/jackson/target/test-classes
[INFO] 
[INFO] --- maven-surefire-plugin:2.12.4:test (default-test) @ converter-jackson ---
[INFO] Tests are skipped.
[INFO] 
[INFO] --- animal-sniffer-maven-plugin:1.14:check (default) @ converter-jackson ---
[INFO] Checking unresolved references to org.codehaus.mojo.signature:java16:1.1
[INFO] 
[INFO] --- maven-jar-plugin:2.4:jar (default-jar) @ converter-jackson ---
[INFO] Building jar: /home/travis/build/square/retrofit/retrofit-converters/jackson/target/converter-jackson-2.0.0-SNAPSHOT.jar
[INFO] 
[INFO] --- maven-javadoc-plugin:2.10.3:jar (attach-javadocs) @ converter-jackson ---
[INFO] Skipping javadoc generation
[INFO] 
[INFO] --- maven-checkstyle-plugin:2.15:checkstyle (default) @ converter-jackson ---
[INFO] Starting audit...
Audit done.
[WARNING] Unable to locate Source XRef to link to - DISABLED
[INFO] 
[INFO] --- maven-install-plugin:2.4:install (default-install) @ converter-jackson ---
[INFO] Installing /home/travis/build/square/retrofit/retrofit-converters/jackson/target/converter-jackson-2.0.0-SNAPSHOT.jar to /home/travis/.m2/repository/com/squareup/retrofit2/converter-jackson/2.0.0-SNAPSHOT/converter-jackson-2.0.0-SNAPSHOT.jar
[INFO] Installing /home/travis/build/square/retrofit/retrofit-converters/jackson/pom.xml to /home/travis/.m2/repository/com/squareup/retrofit2/converter-jackson/2.0.0-SNAPSHOT/converter-jackson-2.0.0-SNAPSHOT.pom
[INFO]                                                                         
[INFO] ------------------------------------------------------------------------
[INFO] Building Converter: Wire Protocol Buffers 2.0.0-SNAPSHOT
[INFO] ------------------------------------------------------------------------
[INFO] 
[INFO] --- maven-enforcer-plugin:1.0:enforce (enforce-maven) @ converter-wire ---
[INFO] 
[INFO] --- maven-resources-plugin:2.6:resources (default-resources) @ converter-wire ---
[INFO] Using 'UTF-8' encoding to copy filtered resources.
[INFO] skip non existing resourceDirectory /home/travis/build/square/retrofit/retrofit-converters/wire/src/main/resources
[INFO] 
[INFO] --- maven-compiler-plugin:3.0:compile (default-compile) @ converter-wire ---
[INFO] Changes detected - recompiling the module!
[INFO] Compiling 3 source files to /home/travis/build/square/retrofit/retrofit-converters/wire/target/classes
[WARNING] /home/travis/build/square/retrofit/retrofit-converters/wire/src/main/java/retrofit2/WireConverterFactory.java: /home/travis/build/square/retrofit/retrofit-converters/wire/src/main/java/retrofit2/WireConverterFactory.java uses unchecked or unsafe operations.
[WARNING] /home/travis/build/square/retrofit/retrofit-converters/wire/src/main/java/retrofit2/WireConverterFactory.java: Recompile with -Xlint:unchecked for details.
[INFO] 
[INFO] --- maven-resources-plugin:2.6:testResources (default-testResources) @ converter-wire ---
[INFO] Using 'UTF-8' encoding to copy filtered resources.
[INFO] skip non existing resourceDirectory /home/travis/build/square/retrofit/retrofit-converters/wire/src/test/resources
[INFO] 
[INFO] --- maven-compiler-plugin:3.0:testCompile (default-testCompile) @ converter-wire ---
[INFO] Changes detected - recompiling the module!
[INFO] Compiling 2 source files to /home/travis/build/square/retrofit/retrofit-converters/wire/target/test-classes
[INFO] 
[INFO] --- maven-surefire-plugin:2.12.4:test (default-test) @ converter-wire ---
[INFO] Tests are skipped.
[INFO] 
[INFO] --- animal-sniffer-maven-plugin:1.14:check (default) @ converter-wire ---
[INFO] Checking unresolved references to org.codehaus.mojo.signature:java16:1.1
[INFO] 
[INFO] --- maven-jar-plugin:2.4:jar (default-jar) @ converter-wire ---
[INFO] Building jar: /home/travis/build/square/retrofit/retrofit-converters/wire/target/converter-wire-2.0.0-SNAPSHOT.jar
[INFO] 
[INFO] --- maven-javadoc-plugin:2.10.3:jar (attach-javadocs) @ converter-wire ---
[INFO] Skipping javadoc generation
[INFO] 
[INFO] --- maven-checkstyle-plugin:2.15:checkstyle (default) @ converter-wire ---
[INFO] Starting audit...
Audit done.
[WARNING] Unable to locate Source XRef to link to - DISABLED
[INFO] 
[INFO] --- maven-install-plugin:2.4:install (default-install) @ converter-wire ---
[INFO] Installing /home/travis/build/square/retrofit/retrofit-converters/wire/target/converter-wire-2.0.0-SNAPSHOT.jar to /home/travis/.m2/repository/com/squareup/retrofit2/converter-wire/2.0.0-SNAPSHOT/converter-wire-2.0.0-SNAPSHOT.jar
[INFO] Installing /home/travis/build/square/retrofit/retrofit-converters/wire/pom.xml to /home/travis/.m2/repository/com/squareup/retrofit2/converter-wire/2.0.0-SNAPSHOT/converter-wire-2.0.0-SNAPSHOT.pom
[INFO]                                                                         
[INFO] ------------------------------------------------------------------------
[INFO] Building Converter: SimpleXML 2.0.0-SNAPSHOT
[INFO] ------------------------------------------------------------------------
[INFO] 
[INFO] --- maven-enforcer-plugin:1.0:enforce (enforce-maven) @ converter-simplexml ---
[INFO] 
[INFO] --- maven-resources-plugin:2.6:resources (default-resources) @ converter-simplexml ---
[INFO] Using 'UTF-8' encoding to copy filtered resources.
[INFO] skip non existing resourceDirectory /home/travis/build/square/retrofit/retrofit-converters/simplexml/src/main/resources
[INFO] 
[INFO] --- maven-compiler-plugin:3.0:compile (default-compile) @ converter-simplexml ---
[INFO] Changes detected - recompiling the module!
[INFO] Compiling 3 source files to /home/travis/build/square/retrofit/retrofit-converters/simplexml/target/classes
[INFO] 
[INFO] --- maven-resources-plugin:2.6:testResources (default-testResources) @ converter-simplexml ---
[INFO] Using 'UTF-8' encoding to copy filtered resources.
[INFO] skip non existing resourceDirectory /home/travis/build/square/retrofit/retrofit-converters/simplexml/src/test/resources
[INFO] 
[INFO] --- maven-compiler-plugin:3.0:testCompile (default-testCompile) @ converter-simplexml ---
[INFO] Changes detected - recompiling the module!
[INFO] Compiling 2 source files to /home/travis/build/square/retrofit/retrofit-converters/simplexml/target/test-classes
[INFO] 
[INFO] --- maven-surefire-plugin:2.12.4:test (default-test) @ converter-simplexml ---
[INFO] Tests are skipped.
[INFO] 
[INFO] --- animal-sniffer-maven-plugin:1.14:check (default) @ converter-simplexml ---
[INFO] Checking unresolved references to org.codehaus.mojo.signature:java16:1.1
[INFO] 
[INFO] --- maven-jar-plugin:2.4:jar (default-jar) @ converter-simplexml ---
[INFO] Building jar: /home/travis/build/square/retrofit/retrofit-converters/simplexml/target/converter-simplexml-2.0.0-SNAPSHOT.jar
[INFO] 
[INFO] --- maven-javadoc-plugin:2.10.3:jar (attach-javadocs) @ converter-simplexml ---
[INFO] Skipping javadoc generation
[INFO] 
[INFO] --- maven-checkstyle-plugin:2.15:checkstyle (default) @ converter-simplexml ---
[INFO] Starting audit...
Audit done.
[WARNING] Unable to locate Source XRef to link to - DISABLED
[INFO] 
[INFO] --- maven-install-plugin:2.4:install (default-install) @ converter-simplexml ---
[INFO] Installing /home/travis/build/square/retrofit/retrofit-converters/simplexml/target/converter-simplexml-2.0.0-SNAPSHOT.jar to /home/travis/.m2/repository/com/squareup/retrofit2/converter-simplexml/2.0.0-SNAPSHOT/converter-simplexml-2.0.0-SNAPSHOT.jar
[INFO] Installing /home/travis/build/square/retrofit/retrofit-converters/simplexml/pom.xml to /home/travis/.m2/repository/com/squareup/retrofit2/converter-simplexml/2.0.0-SNAPSHOT/converter-simplexml-2.0.0-SNAPSHOT.pom
[INFO]                                                                         
[INFO] ------------------------------------------------------------------------
[INFO] Building Converter: Java Scalars 2.0.0-SNAPSHOT
[INFO] ------------------------------------------------------------------------
[INFO] 
[INFO] --- maven-enforcer-plugin:1.0:enforce (enforce-maven) @ converter-scalars ---
[INFO] 
[INFO] --- maven-resources-plugin:2.6:resources (default-resources) @ converter-scalars ---
[INFO] Using 'UTF-8' encoding to copy filtered resources.
[INFO] skip non existing resourceDirectory /home/travis/build/square/retrofit/retrofit-converters/scalars/src/main/resources
[INFO] 
[INFO] --- maven-compiler-plugin:3.0:compile (default-compile) @ converter-scalars ---
[INFO] Changes detected - recompiling the module!
[INFO] Compiling 3 source files to /home/travis/build/square/retrofit/retrofit-converters/scalars/target/classes
[INFO] 
[INFO] --- maven-resources-plugin:2.6:testResources (default-testResources) @ converter-scalars ---
[INFO] Using 'UTF-8' encoding to copy filtered resources.
[INFO] skip non existing resourceDirectory /home/travis/build/square/retrofit/retrofit-converters/scalars/src/test/resources
[INFO] 
[INFO] --- maven-compiler-plugin:3.0:testCompile (default-testCompile) @ converter-scalars ---
[INFO] Changes detected - recompiling the module!
[INFO] Compiling 1 source file to /home/travis/build/square/retrofit/retrofit-converters/scalars/target/test-classes
[INFO] 
[INFO] --- maven-surefire-plugin:2.12.4:test (default-test) @ converter-scalars ---
[INFO] Tests are skipped.
[INFO] 
[INFO] --- animal-sniffer-maven-plugin:1.14:check (default) @ converter-scalars ---
[INFO] Checking unresolved references to org.codehaus.mojo.signature:java16:1.1
[INFO] 
[INFO] --- maven-jar-plugin:2.4:jar (default-jar) @ converter-scalars ---
[INFO] Building jar: /home/travis/build/square/retrofit/retrofit-converters/scalars/target/converter-scalars-2.0.0-SNAPSHOT.jar
[INFO] 
[INFO] --- maven-javadoc-plugin:2.10.3:jar (attach-javadocs) @ converter-scalars ---
[INFO] Skipping javadoc generation
[INFO] 
[INFO] --- maven-checkstyle-plugin:2.15:checkstyle (default) @ converter-scalars ---
[INFO] Starting audit...
Audit done.
[WARNING] Unable to locate Source XRef to link to - DISABLED
[INFO] 
[INFO] --- maven-install-plugin:2.4:install (default-install) @ converter-scalars ---
[INFO] Installing /home/travis/build/square/retrofit/retrofit-converters/scalars/target/converter-scalars-2.0.0-SNAPSHOT.jar to /home/travis/.m2/repository/com/squareup/retrofit2/converter-scalars/2.0.0-SNAPSHOT/converter-scalars-2.0.0-SNAPSHOT.jar
[INFO] Installing /home/travis/build/square/retrofit/retrofit-converters/scalars/pom.xml to /home/travis/.m2/repository/com/squareup/retrofit2/converter-scalars/2.0.0-SNAPSHOT/converter-scalars-2.0.0-SNAPSHOT.pom
[INFO]                                                                         
[INFO] ------------------------------------------------------------------------
[INFO] Building Converter: Moshi 2.0.0-SNAPSHOT
[INFO] ------------------------------------------------------------------------
[INFO] 
[INFO] --- maven-enforcer-plugin:1.0:enforce (enforce-maven) @ converter-moshi ---
[INFO] 
[INFO] --- maven-resources-plugin:2.6:resources (default-resources) @ converter-moshi ---
[INFO] Using 'UTF-8' encoding to copy filtered resources.
[INFO] skip non existing resourceDirectory /home/travis/build/square/retrofit/retrofit-converters/moshi/src/main/resources
[INFO] 
[INFO] --- maven-compiler-plugin:3.0:compile (default-compile) @ converter-moshi ---
[INFO] Changes detected - recompiling the module!
[INFO] Compiling 3 source files to /home/travis/build/square/retrofit/retrofit-converters/moshi/target/classes
[INFO] 
[INFO] --- maven-resources-plugin:2.6:testResources (default-testResources) @ converter-moshi ---
[INFO] Using 'UTF-8' encoding to copy filtered resources.
[INFO] skip non existing resourceDirectory /home/travis/build/square/retrofit/retrofit-converters/moshi/src/test/resources
[INFO] 
[INFO] --- maven-compiler-plugin:3.0:testCompile (default-testCompile) @ converter-moshi ---
[INFO] Changes detected - recompiling the module!
[INFO] Compiling 1 source file to /home/travis/build/square/retrofit/retrofit-converters/moshi/target/test-classes
[INFO] 
[INFO] --- maven-surefire-plugin:2.12.4:test (default-test) @ converter-moshi ---
[INFO] Tests are skipped.
[INFO] 
[INFO] --- animal-sniffer-maven-plugin:1.14:check (default) @ converter-moshi ---
[INFO] Checking unresolved references to org.codehaus.mojo.signature:java16:1.1
[INFO] 
[INFO] --- maven-jar-plugin:2.4:jar (default-jar) @ converter-moshi ---
[INFO] Building jar: /home/travis/build/square/retrofit/retrofit-converters/moshi/target/converter-moshi-2.0.0-SNAPSHOT.jar
[INFO] 
[INFO] --- maven-javadoc-plugin:2.10.3:jar (attach-javadocs) @ converter-moshi ---
[INFO] Skipping javadoc generation
[INFO] 
[INFO] --- maven-checkstyle-plugin:2.15:checkstyle (default) @ converter-moshi ---
[INFO] Starting audit...
Audit done.
[WARNING] Unable to locate Source XRef to link to - DISABLED
[INFO] 
[INFO] --- maven-install-plugin:2.4:install (default-install) @ converter-moshi ---
[INFO] Installing /home/travis/build/square/retrofit/retrofit-converters/moshi/target/converter-moshi-2.0.0-SNAPSHOT.jar to /home/travis/.m2/repository/com/squareup/retrofit2/converter-moshi/2.0.0-SNAPSHOT/converter-moshi-2.0.0-SNAPSHOT.jar
[INFO] Installing /home/travis/build/square/retrofit/retrofit-converters/moshi/pom.xml to /home/travis/.m2/repository/com/squareup/retrofit2/converter-moshi/2.0.0-SNAPSHOT/converter-moshi-2.0.0-SNAPSHOT.pom
[INFO]                                                                         
[INFO] ------------------------------------------------------------------------
[INFO] Building Retrofit Mock Adapter 2.0.0-SNAPSHOT
[INFO] ------------------------------------------------------------------------
[INFO] 
[INFO] --- maven-enforcer-plugin:1.0:enforce (enforce-maven) @ retrofit-mock ---
[INFO] 
[INFO] --- maven-resources-plugin:2.6:resources (default-resources) @ retrofit-mock ---
[INFO] Using 'UTF-8' encoding to copy filtered resources.
[INFO] skip non existing resourceDirectory /home/travis/build/square/retrofit/retrofit-mock/src/main/resources
[INFO] 
[INFO] --- maven-compiler-plugin:3.0:compile (default-compile) @ retrofit-mock ---
[INFO] Changes detected - recompiling the module!
[INFO] Compiling 5 source files to /home/travis/build/square/retrofit/retrofit-mock/target/classes
[INFO] 
[INFO] --- maven-resources-plugin:2.6:testResources (default-testResources) @ retrofit-mock ---
[INFO] Using 'UTF-8' encoding to copy filtered resources.
[INFO] skip non existing resourceDirectory /home/travis/build/square/retrofit/retrofit-mock/src/test/resources
[INFO] 
[INFO] --- maven-compiler-plugin:3.0:testCompile (default-testCompile) @ retrofit-mock ---
[INFO] Changes detected - recompiling the module!
[INFO] Compiling 3 source files to /home/travis/build/square/retrofit/retrofit-mock/target/test-classes
[INFO] 
[INFO] --- maven-surefire-plugin:2.12.4:test (default-test) @ retrofit-mock ---
[INFO] Tests are skipped.
[INFO] 
[INFO] --- animal-sniffer-maven-plugin:1.14:check (default) @ retrofit-mock ---
[INFO] Checking unresolved references to org.codehaus.mojo.signature:java16:1.1
[INFO] 
[INFO] --- maven-jar-plugin:2.4:jar (default-jar) @ retrofit-mock ---
[INFO] Building jar: /home/travis/build/square/retrofit/retrofit-mock/target/retrofit-mock-2.0.0-SNAPSHOT.jar
[INFO] 
[INFO] --- maven-javadoc-plugin:2.10.3:jar (attach-javadocs) @ retrofit-mock ---
[INFO] Skipping javadoc generation
[INFO] 
[INFO] --- maven-checkstyle-plugin:2.15:checkstyle (default) @ retrofit-mock ---
[INFO] Starting audit...
Audit done.
[WARNING] Unable to locate Source XRef to link to - DISABLED
[INFO] 
[INFO] --- maven-install-plugin:2.4:install (default-install) @ retrofit-mock ---
[INFO] Installing /home/travis/build/square/retrofit/retrofit-mock/target/retrofit-mock-2.0.0-SNAPSHOT.jar to /home/travis/.m2/repository/com/squareup/retrofit2/retrofit-mock/2.0.0-SNAPSHOT/retrofit-mock-2.0.0-SNAPSHOT.jar
[INFO] Installing /home/travis/build/square/retrofit/retrofit-mock/pom.xml to /home/travis/.m2/repository/com/squareup/retrofit2/retrofit-mock/2.0.0-SNAPSHOT/retrofit-mock-2.0.0-SNAPSHOT.pom
[INFO]                                                                         
[INFO] ------------------------------------------------------------------------
[INFO] Building Samples 2.0.0-SNAPSHOT
[INFO] ------------------------------------------------------------------------
[INFO] 
[INFO] --- maven-enforcer-plugin:1.0:enforce (enforce-maven) @ samples ---
[INFO] 
[INFO] --- maven-resources-plugin:2.6:resources (default-resources) @ samples ---
[INFO] Using 'UTF-8' encoding to copy filtered resources.
[INFO] skip non existing resourceDirectory /home/travis/build/square/retrofit/samples/src/main/resources
[INFO] 
[INFO] --- maven-compiler-plugin:3.0:compile (default-compile) @ samples ---
[INFO] Changes detected - recompiling the module!
[INFO] Compiling 5 source files to /home/travis/build/square/retrofit/samples/target/classes
[INFO] 
[INFO] --- maven-resources-plugin:2.6:testResources (default-testResources) @ samples ---
[INFO] Using 'UTF-8' encoding to copy filtered resources.
[INFO] skip non existing resourceDirectory /home/travis/build/square/retrofit/samples/src/test/resources
[INFO] 
[INFO] --- maven-compiler-plugin:3.0:testCompile (default-testCompile) @ samples ---
[INFO] No sources to compile
[INFO] 
[INFO] --- maven-surefire-plugin:2.12.4:test (default-test) @ samples ---
[INFO] Tests are skipped.
[INFO] 
[INFO] --- animal-sniffer-maven-plugin:1.14:check (default) @ samples ---
[INFO] Checking unresolved references to org.codehaus.mojo.signature:java16:1.1
[INFO] 
[INFO] --- maven-jar-plugin:2.4:jar (default-jar) @ samples ---
[INFO] Building jar: /home/travis/build/square/retrofit/samples/target/samples-2.0.0-SNAPSHOT.jar
[INFO] 
[INFO] --- maven-javadoc-plugin:2.10.3:jar (attach-javadocs) @ samples ---
[INFO] Skipping javadoc generation
[INFO] 
[INFO] --- maven-checkstyle-plugin:2.15:checkstyle (default) @ samples ---
[INFO] Starting audit...
Audit done.
[WARNING] Unable to locate Source XRef to link to - DISABLED
[INFO] 
[INFO] --- maven-install-plugin:2.4:install (default-install) @ samples ---
[INFO] Installing /home/travis/build/square/retrofit/samples/target/samples-2.0.0-SNAPSHOT.jar to /home/travis/.m2/repository/com/squareup/retrofit2/samples/2.0.0-SNAPSHOT/samples-2.0.0-SNAPSHOT.jar
[INFO] Installing /home/travis/build/square/retrofit/samples/pom.xml to /home/travis/.m2/repository/com/squareup/retrofit2/samples/2.0.0-SNAPSHOT/samples-2.0.0-SNAPSHOT.pom
[INFO] ------------------------------------------------------------------------
[INFO] Reactor Summary:
[INFO] 
[INFO] Retrofit (Parent) .................................. SUCCESS [  5.747 s]
[INFO] Retrofit ........................................... SUCCESS [ 13.791 s]
[INFO] Adapters ........................................... SUCCESS [  0.572 s]
[INFO] Adapter: Guava ..................................... SUCCESS [  1.994 s]
[INFO] Adapter: RxJava .................................... SUCCESS [  2.441 s]
[INFO] Converters ......................................... SUCCESS [  0.339 s]
[INFO] Converter: Gson .................................... SUCCESS [  1.246 s]
[INFO] Converter: Protocol Buffers ........................ SUCCESS [  1.671 s]
[INFO] Converter: Jackson ................................. SUCCESS [  1.161 s]
[INFO] Converter: Wire Protocol Buffers ................... SUCCESS [  0.981 s]
[INFO] Converter: SimpleXML ............................... SUCCESS [  1.611 s]
[INFO] Converter: Java Scalars ............................ SUCCESS [  1.201 s]
[INFO] Converter: Moshi ................................... SUCCESS [  0.815 s]
[INFO] Retrofit Mock Adapter .............................. SUCCESS [  0.707 s]
[INFO] Samples ............................................ SUCCESS [  1.067 s]
[INFO] ------------------------------------------------------------------------
[INFO] BUILD SUCCESS
[INFO] ------------------------------------------------------------------------
[INFO] Total time: 35.707 s
[INFO] Finished at: 2016-01-25T22:56:25+00:00
[INFO] Final Memory: 43M/391M
[INFO] ------------------------------------------------------------------------

travis_time:end:1ae1593b:start=1453762547711623754,finish=1453762585730421812,duration=38018798058[0Ktravis_fold:end:install[0Ktravis_time:start:022eba60[0K$ mvn test -B
Java HotSpot(TM) 64-Bit Server VM warning: ignoring option MaxPermSize=192m; support was removed in 8.0
[INFO] Scanning for projects...
[WARNING] 
[WARNING] Some problems were encountered while building the effective model for com.squareup.retrofit2:samples:jar:2.0.0-SNAPSHOT
[WARNING] 'build.plugins.plugin.version' for org.apache.maven.plugins:maven-deploy-plugin is missing. @ com.squareup.retrofit2:samples:[unknown-version], /home/travis/build/square/retrofit/samples/pom.xml, line 45, column 15
[WARNING] 
[WARNING] It is highly recommended to fix these problems because they threaten the stability of your build.
[WARNING] 
[WARNING] For this reason, future Maven versions might no longer support building such malformed projects.
[WARNING] 
[INFO] ------------------------------------------------------------------------
[INFO] Reactor Build Order:
[INFO] 
[INFO] Retrofit (Parent)
[INFO] Retrofit
[INFO] Adapters
[INFO] Adapter: Guava
[INFO] Adapter: RxJava
[INFO] Converters
[INFO] Converter: Gson
[INFO] Converter: Protocol Buffers
[INFO] Converter: Jackson
[INFO] Converter: Wire Protocol Buffers
[INFO] Converter: SimpleXML
[INFO] Converter: Java Scalars
[INFO] Converter: Moshi
[INFO] Retrofit Mock Adapter
[INFO] Samples
[INFO]                                                                         
[INFO] ------------------------------------------------------------------------
[INFO] Building Retrofit (Parent) 2.0.0-SNAPSHOT
[INFO] ------------------------------------------------------------------------
[INFO] 
[INFO] --- maven-enforcer-plugin:1.0:enforce (enforce-maven) @ parent ---
[INFO] 
[INFO] --- animal-sniffer-maven-plugin:1.14:check (default) @ parent ---
[INFO] Checking unresolved references to org.codehaus.mojo.signature:java16:1.1
[INFO]                                                                         
[INFO] ------------------------------------------------------------------------
[INFO] Building Retrofit 2.0.0-SNAPSHOT
[INFO] ------------------------------------------------------------------------
[INFO] 
[INFO] --- maven-enforcer-plugin:1.0:enforce (enforce-maven) @ retrofit ---
[INFO] 
[INFO] --- maven-resources-plugin:2.6:resources (default-resources) @ retrofit ---
[INFO] Using 'UTF-8' encoding to copy filtered resources.
[INFO] skip non existing resourceDirectory /home/travis/build/square/retrofit/retrofit/src/main/resources
[INFO] 
[INFO] --- maven-compiler-plugin:3.0:compile (default-compile) @ retrofit ---
[INFO] Changes detected - recompiling the module!
[INFO] Compiling 42 source files to /home/travis/build/square/retrofit/retrofit/target/classes
[WARNING] /home/travis/build/square/retrofit/retrofit/src/main/java/retrofit2/Retrofit.java: Some input files use unchecked or unsafe operations.
[WARNING] /home/travis/build/square/retrofit/retrofit/src/main/java/retrofit2/Retrofit.java: Recompile with -Xlint:unchecked for details.
[INFO] 
[INFO] --- maven-resources-plugin:2.6:testResources (default-testResources) @ retrofit ---
[INFO] Using 'UTF-8' encoding to copy filtered resources.
[INFO] skip non existing resourceDirectory /home/travis/build/square/retrofit/retrofit/src/test/resources
[INFO] 
[INFO] --- maven-compiler-plugin:3.0:testCompile (default-testCompile) @ retrofit ---
[INFO] Changes detected - recompiling the module!
[INFO] Compiling 12 source files to /home/travis/build/square/retrofit/retrofit/target/test-classes
[WARNING] /home/travis/build/square/retrofit/retrofit/src/test/java/retrofit2/RetrofitTest.java: /home/travis/build/square/retrofit/retrofit/src/test/java/retrofit2/RetrofitTest.java uses unchecked or unsafe operations.
[WARNING] /home/travis/build/square/retrofit/retrofit/src/test/java/retrofit2/RetrofitTest.java: Recompile with -Xlint:unchecked for details.
[INFO] 
[INFO] --- maven-surefire-plugin:2.12.4:test (default-test) @ retrofit ---
[INFO] Surefire report directory: /home/travis/build/square/retrofit/retrofit/target/surefire-reports

-------------------------------------------------------
 T E S T S
-------------------------------------------------------
Running retrofit2.CallTest
Jan 25, 2016 10:56:36 PM okhttp3.mockwebserver.MockWebServer$3 execute
INFO: MockWebServer[54734] starting to accept connections
Jan 25, 2016 10:56:36 PM okhttp3.mockwebserver.MockWebServer$3 acceptConnections
INFO: MockWebServer[54734] done accepting connections: Socket closed
Jan 25, 2016 10:56:36 PM okhttp3.mockwebserver.MockWebServer$3 execute
INFO: MockWebServer[46822] starting to accept connections
Jan 25, 2016 10:56:36 PM okhttp3.mockwebserver.MockWebServer$4 processOneRequest
INFO: MockWebServer[46822] received request: GET / HTTP/1.1 and responded: HTTP/1.1 200 OK
Jan 25, 2016 10:56:36 PM okhttp3.mockwebserver.MockWebServer$3 acceptConnections
INFO: MockWebServer[46822] done accepting connections: Socket closed
Jan 25, 2016 10:56:36 PM okhttp3.mockwebserver.MockWebServer$3 execute
INFO: MockWebServer[52016] starting to accept connections
Jan 25, 2016 10:56:36 PM okhttp3.mockwebserver.MockWebServer$4 processOneRequest
INFO: MockWebServer[52016] received request: GET / HTTP/1.1 and responded: HTTP/1.1 404 Client Error
Jan 25, 2016 10:56:36 PM okhttp3.mockwebserver.MockWebServer$3 acceptConnections
INFO: MockWebServer[52016] done accepting connections: Socket closed
Jan 25, 2016 10:56:36 PM okhttp3.mockwebserver.MockWebServer$3 execute
INFO: MockWebServer[36881] starting to accept connections
Jan 25, 2016 10:56:36 PM okhttp3.mockwebserver.MockWebServer$3 acceptConnections
INFO: MockWebServer[36881] done accepting connections: Socket closed
Jan 25, 2016 10:56:36 PM okhttp3.mockwebserver.MockWebServer$4 processOneRequest
INFO: MockWebServer[36881] received request: POST /Hello HTTP/1.1 and responded: HTTP/1.1 200 OK
Jan 25, 2016 10:56:36 PM okhttp3.mockwebserver.MockWebServer$3 execute
INFO: MockWebServer[57782] starting to accept connections
Jan 25, 2016 10:56:36 PM okhttp3.mockwebserver.MockWebServer$3 acceptConnections
INFO: MockWebServer[57782] done accepting connections: Socket closed
Jan 25, 2016 10:56:36 PM okhttp3.mockwebserver.MockWebServer$3 execute
INFO: MockWebServer[41992] starting to accept connections
Jan 25, 2016 10:56:36 PM okhttp3.mockwebserver.MockWebServer$3 acceptConnections
INFO: MockWebServer[41992] done accepting connections: Socket is closed
Jan 25, 2016 10:56:36 PM okhttp3.mockwebserver.MockWebServer$3 execute
INFO: MockWebServer[50523] starting to accept connections
Jan 25, 2016 10:56:36 PM okhttp3.mockwebserver.MockWebServer$3 acceptConnections
INFO: MockWebServer[50523] done accepting connections: Socket closed
Jan 25, 2016 10:56:36 PM okhttp3.mockwebserver.MockWebServer$4 processOneRequest
INFO: MockWebServer[50523] received request: GET / HTTP/1.1 and responded: HTTP/1.1 200 OK
Jan 25, 2016 10:56:36 PM okhttp3.mockwebserver.MockWebServer$3 execute
INFO: MockWebServer[55048] starting to accept connections
Jan 25, 2016 10:56:36 PM okhttp3.mockwebserver.MockWebServer$4 processOneRequest
INFO: MockWebServer[55048] received request: GET / HTTP/1.1 and responded: HTTP/1.1 200 OK
Jan 25, 2016 10:56:36 PM okhttp3.mockwebserver.MockWebServer$3 acceptConnections
INFO: MockWebServer[55048] done accepting connections: Socket closed
Jan 25, 2016 10:56:36 PM okhttp3.mockwebserver.MockWebServer$3 execute
INFO: MockWebServer[44306] starting to accept connections
Jan 25, 2016 10:56:36 PM okhttp3.mockwebserver.MockWebServer$3 acceptConnections
INFO: MockWebServer[44306] done accepting connections: Socket closed
Jan 25, 2016 10:56:36 PM okhttp3.mockwebserver.MockWebServer$3 execute
INFO: MockWebServer[50395] starting to accept connections
Jan 25, 2016 10:56:36 PM okhttp3.mockwebserver.MockWebServer$4 processOneRequest
INFO: MockWebServer[50395] received request: POST /Hello HTTP/1.1 and responded: HTTP/1.1 200 OK
Jan 25, 2016 10:56:36 PM okhttp3.mockwebserver.MockWebServer$3 acceptConnections
INFO: MockWebServer[50395] done accepting connections: Socket closed
Jan 25, 2016 10:56:36 PM okhttp3.mockwebserver.MockWebServer$3 execute
INFO: MockWebServer[60234] starting to accept connections
Jan 25, 2016 10:56:36 PM okhttp3.mockwebserver.MockWebServer$4 processOneRequest
INFO: MockWebServer[60234] received request: POST /Hello HTTP/1.1 and responded: HTTP/1.1 200 OK
Jan 25, 2016 10:56:36 PM okhttp3.mockwebserver.MockWebServer$3 acceptConnections
INFO: MockWebServer[60234] done accepting connections: Socket closed
Jan 25, 2016 10:56:36 PM okhttp3.mockwebserver.MockWebServer$3 execute
INFO: MockWebServer[59910] starting to accept connections
Jan 25, 2016 10:56:36 PM okhttp3.mockwebserver.MockWebServer$3 acceptConnections
INFO: MockWebServer[59910] done accepting connections: Socket is closed
Jan 25, 2016 10:56:36 PM okhttp3.mockwebserver.MockWebServer$3 execute
INFO: MockWebServer[38079] starting to accept connections
Jan 25, 2016 10:56:36 PM okhttp3.mockwebserver.MockWebServer$4 processOneRequest
INFO: MockWebServer[38079] received request: GET / HTTP/1.1 and responded: HTTP/1.1 404 Client Error
Jan 25, 2016 10:56:36 PM okhttp3.mockwebserver.MockWebServer$3 acceptConnections
INFO: MockWebServer[38079] done accepting connections: Socket closed
Jan 25, 2016 10:56:36 PM okhttp3.mockwebserver.MockWebServer$3 execute
INFO: MockWebServer[52591] starting to accept connections
Jan 25, 2016 10:56:36 PM okhttp3.mockwebserver.MockWebServer$4 processOneRequest
INFO: MockWebServer[52591] received request: POST / HTTP/1.1 and responded: HTTP/1.1 200 OK
Jan 25, 2016 10:56:36 PM okhttp3.mockwebserver.MockWebServer$3 acceptConnections
INFO: MockWebServer[52591] done accepting connections: Socket closed
Jan 25, 2016 10:56:36 PM okhttp3.mockwebserver.MockWebServer$3 execute
INFO: MockWebServer[58933] starting to accept connections
Jan 25, 2016 10:56:36 PM okhttp3.mockwebserver.MockWebServer$4 processOneRequest
INFO: MockWebServer[58933] received request: GET / HTTP/1.1 and responded: HTTP/1.1 204 Nothin
Jan 25, 2016 10:56:36 PM okhttp3.mockwebserver.MockWebServer$3 acceptConnections
INFO: MockWebServer[58933] done accepting connections: Socket closed
Jan 25, 2016 10:56:36 PM okhttp3.mockwebserver.MockWebServer$3 execute
INFO: MockWebServer[58502] starting to accept connections
Jan 25, 2016 10:56:36 PM okhttp3.mockwebserver.MockWebServer$3 acceptConnections
INFO: MockWebServer[58502] done accepting connections: Socket is closed
Jan 25, 2016 10:56:36 PM okhttp3.mockwebserver.MockWebServer$3 execute
INFO: MockWebServer[47765] starting to accept connections
Jan 25, 2016 10:56:36 PM okhttp3.mockwebserver.MockWebServer$3 acceptConnections
INFO: MockWebServer[47765] done accepting connections: Socket closed
Jan 25, 2016 10:56:36 PM okhttp3.mockwebserver.MockWebServer$4 processOneRequest
INFO: MockWebServer[47765] received request: GET / HTTP/1.1 and responded: HTTP/1.1 200 OK
Jan 25, 2016 10:56:36 PM okhttp3.mockwebserver.MockWebServer$3 execute
INFO: MockWebServer[44812] starting to accept connections
Jan 25, 2016 10:56:36 PM okhttp3.mockwebserver.MockWebServer$4 processOneRequest
INFO: MockWebServer[44812] received request: POST /Hello HTTP/1.1 and responded: HTTP/1.1 200 OK
Jan 25, 2016 10:56:36 PM okhttp3.mockwebserver.MockWebServer$3 acceptConnections
INFO: MockWebServer[44812] done accepting connections: Socket closed
Jan 25, 2016 10:56:36 PM okhttp3.mockwebserver.MockWebServer$3 execute
INFO: MockWebServer[46086] starting to accept connections
Jan 25, 2016 10:56:36 PM okhttp3.mockwebserver.MockWebServer$4 processOneRequest
INFO: MockWebServer[46086] received request: GET / HTTP/1.1 and responded: HTTP/1.1 200 OK
Jan 25, 2016 10:56:36 PM okhttp3.mockwebserver.MockWebServer$3 acceptConnections
INFO: MockWebServer[46086] done accepting connections: Socket closed
Jan 25, 2016 10:56:36 PM okhttp3.mockwebserver.MockWebServer$3 execute
INFO: MockWebServer[53818] starting to accept connections
Jan 25, 2016 10:56:36 PM okhttp3.mockwebserver.MockWebServer$4 processOneRequest
INFO: MockWebServer[53818] received request: POST / HTTP/1.1 and responded: HTTP/1.1 200 OK
Jan 25, 2016 10:56:36 PM okhttp3.mockwebserver.MockWebServer$3 acceptConnections
INFO: MockWebServer[53818] done accepting connections: Socket closed
Jan 25, 2016 10:56:36 PM okhttp3.mockwebserver.MockWebServer$3 execute
INFO: MockWebServer[50460] starting to accept connections
Jan 25, 2016 10:56:36 PM okhttp3.mockwebserver.MockWebServer$3 acceptConnections
INFO: MockWebServer[50460] done accepting connections: Socket closed
Jan 25, 2016 10:56:36 PM okhttp3.mockwebserver.MockWebServer$3 execute
INFO: MockWebServer[44245] starting to accept connections
Jan 25, 2016 10:56:36 PM okhttp3.mockwebserver.MockWebServer$3 acceptConnections
INFO: MockWebServer[44245] done accepting connections: Socket closed
Jan 25, 2016 10:56:36 PM okhttp3.mockwebserver.MockWebServer$3 execute
INFO: MockWebServer[39805] starting to accept connections
Jan 25, 2016 10:56:36 PM okhttp3.mockwebserver.MockWebServer$3 acceptConnections
INFO: MockWebServer[39805] done accepting connections: Socket closed
Jan 25, 2016 10:56:36 PM okhttp3.mockwebserver.MockWebServer$3 execute
INFO: MockWebServer[60033] starting to accept connections
Jan 25, 2016 10:56:36 PM okhttp3.mockwebserver.MockWebServer$3 acceptConnections
INFO: MockWebServer[60033] done accepting connections: Socket closed
Jan 25, 2016 10:56:36 PM okhttp3.mockwebserver.MockWebServer$4 processOneRequest
INFO: MockWebServer[60033] received request: GET / HTTP/1.1 and responded: HTTP/1.1 200 OK
Jan 25, 2016 10:56:36 PM okhttp3.mockwebserver.MockWebServer$3 execute
INFO: MockWebServer[40236] starting to accept connections
Jan 25, 2016 10:56:36 PM okhttp3.mockwebserver.MockWebServer$3 acceptConnections
INFO: MockWebServer[40236] done accepting connections: Socket closed
Jan 25, 2016 10:56:36 PM okhttp3.mockwebserver.MockWebServer$4 processOneRequest
INFO: MockWebServer[40236] received request: GET / HTTP/1.1 and responded: HTTP/1.1 200 OK
Jan 25, 2016 10:56:36 PM okhttp3.mockwebserver.MockWebServer$3 execute
INFO: MockWebServer[55008] starting to accept connections
Jan 25, 2016 10:56:36 PM okhttp3.mockwebserver.MockWebServer$3 acceptConnections
INFO: MockWebServer[55008] done accepting connections: Socket closed
Jan 25, 2016 10:56:36 PM okhttp3.mockwebserver.MockWebServer$4 processOneRequest
INFO: MockWebServer[55008] received request: GET / HTTP/1.1 and responded: HTTP/1.1 205 Nothin
Jan 25, 2016 10:56:36 PM okhttp3.mockwebserver.MockWebServer$3 execute
INFO: MockWebServer[55999] starting to accept connections
Jan 25, 2016 10:56:36 PM okhttp3.mockwebserver.MockWebServer$4 processOneRequest
INFO: MockWebServer[55999] received request: GET / HTTP/1.1 and responded: HTTP/1.1 200 OK
Jan 25, 2016 10:56:36 PM okhttp3.mockwebserver.MockWebServer$4 processOneRequest
INFO: MockWebServer[55999] received request: GET / HTTP/1.1 and responded: HTTP/1.1 200 OK
Jan 25, 2016 10:56:36 PM okhttp3.mockwebserver.MockWebServer$3 acceptConnections
INFO: MockWebServer[55999] done accepting connections: Socket closed
Jan 25, 2016 10:56:36 PM okhttp3.mockwebserver.MockWebServer$3 execute
INFO: MockWebServer[55905] starting to accept connections
Jan 25, 2016 10:56:36 PM okhttp3.mockwebserver.MockWebServer$4 processOneRequest
INFO: MockWebServer[55905] received request: GET / HTTP/1.1 and responded: HTTP/1.1 200 OK
Jan 25, 2016 10:56:36 PM okhttp3.mockwebserver.MockWebServer$3 acceptConnections
INFO: MockWebServer[55905] done accepting connections: Socket closed
Jan 25, 2016 10:56:37 PM okhttp3.mockwebserver.MockWebServer$3 execute
INFO: MockWebServer[54028] starting to accept connections
Jan 25, 2016 10:56:37 PM okhttp3.mockwebserver.MockWebServer$3 acceptConnections
INFO: MockWebServer[54028] done accepting connections: Socket closed
Jan 25, 2016 10:56:37 PM okhttp3.mockwebserver.MockWebServer$3 execute
INFO: MockWebServer[57142] starting to accept connections
Jan 25, 2016 10:56:37 PM okhttp3.mockwebserver.MockWebServer$3 acceptConnections
INFO: MockWebServer[57142] done accepting connections: Socket closed
Jan 25, 2016 10:56:37 PM okhttp3.mockwebserver.MockWebServer$3 execute
INFO: MockWebServer[38361] starting to accept connections
Jan 25, 2016 10:56:37 PM okhttp3.mockwebserver.MockWebServer$3 acceptConnections
INFO: MockWebServer[38361] done accepting connections: Socket closed
Jan 25, 2016 10:56:37 PM okhttp3.mockwebserver.MockWebServer$3 execute
INFO: MockWebServer[60209] starting to accept connections
Jan 25, 2016 10:56:37 PM okhttp3.mockwebserver.MockWebServer$3 acceptConnections
INFO: MockWebServer[60209] done accepting connections: Socket closed
Jan 25, 2016 10:56:37 PM okhttp3.mockwebserver.MockWebServer$4 processOneRequest
INFO: MockWebServer[60209] received request: GET / HTTP/1.1 and responded: HTTP/1.1 200 OK
Jan 25, 2016 10:56:37 PM okhttp3.mockwebserver.MockWebServer$3 execute
INFO: MockWebServer[44769] starting to accept connections
Jan 25, 2016 10:56:37 PM okhttp3.mockwebserver.MockWebServer$4 processOneRequest
INFO: MockWebServer[44769] received request: GET / HTTP/1.1 and responded: HTTP/1.1 200 OK
Jan 25, 2016 10:56:37 PM okhttp3.mockwebserver.MockWebServer$3 acceptConnections
INFO: MockWebServer[44769] done accepting connections: Socket closed
Jan 25, 2016 10:56:37 PM okhttp3.mockwebserver.MockWebServer$3 execute
INFO: MockWebServer[49712] starting to accept connections
Jan 25, 2016 10:56:37 PM okhttp3.mockwebserver.MockWebServer$4 processOneRequest
INFO: MockWebServer[49712] received request: GET / HTTP/1.1 and responded: HTTP/1.1 200 OK
Jan 25, 2016 10:56:37 PM okhttp3.mockwebserver.MockWebServer$3 acceptConnections
INFO: MockWebServer[49712] done accepting connections: Socket closed
Tests run: 34, Failures: 0, Errors: 0, Skipped: 0, Time elapsed: 1.012 sec
Running retrofit2.RequestBuilderTest
Tests run: 103, Failures: 0, Errors: 0, Skipped: 2, Time elapsed: 0.227 sec
Running retrofit2.ExecutorCallAdapterFactoryTest
Tests run: 7, Failures: 0, Errors: 0, Skipped: 0, Time elapsed: 0.165 sec
Running retrofit2.RequestBuilderAndroidTest
WARNING: No manifest file found at ./AndroidManifest.xml.Falling back to the Android OS resources only.
To remove this warning, annotate your test class with @Config(manifest=Config.NONE).
WARNING: No manifest file found at ./AndroidManifest.xml.Falling back to the Android OS resources only.
To remove this warning, annotate your test class with @Config(manifest=Config.NONE).
Tests run: 2, Failures: 0, Errors: 0, Skipped: 0, Time elapsed: 5.162 sec
Running retrofit2.ResponseTest
Tests run: 12, Failures: 0, Errors: 0, Skipped: 0, Time elapsed: 0.027 sec
Running retrofit2.RequestFactoryParserTest
Tests run: 1, Failures: 0, Errors: 0, Skipped: 0, Time elapsed: 0.009 sec
Running retrofit2.RetrofitTest
Jan 25, 2016 10:56:42 PM okhttp3.mockwebserver.MockWebServer$3 execute
INFO: MockWebServer[41305] starting to accept connections
Jan 25, 2016 10:56:43 PM okhttp3.mockwebserver.MockWebServer$3 acceptConnections
INFO: MockWebServer[41305] done accepting connections: Socket closed
Jan 25, 2016 10:56:43 PM okhttp3.mockwebserver.MockWebServer$3 execute
INFO: MockWebServer[36470] starting to accept connections
Jan 25, 2016 10:56:43 PM okhttp3.mockwebserver.MockWebServer$3 acceptConnections
INFO: MockWebServer[36470] done accepting connections: Socket closed
Jan 25, 2016 10:56:43 PM okhttp3.mockwebserver.MockWebServer$3 execute
INFO: MockWebServer[51116] starting to accept connections
Jan 25, 2016 10:56:43 PM okhttp3.mockwebserver.MockWebServer$3 acceptConnections
INFO: MockWebServer[51116] done accepting connections: Socket closed
Jan 25, 2016 10:56:43 PM okhttp3.mockwebserver.MockWebServer$3 execute
INFO: MockWebServer[41501] starting to accept connections
Jan 25, 2016 10:56:43 PM okhttp3.mockwebserver.MockWebServer$3 acceptConnections
INFO: MockWebServer[41501] done accepting connections: Socket is closed
Jan 25, 2016 10:56:43 PM okhttp3.mockwebserver.MockWebServer$3 execute
INFO: MockWebServer[55032] starting to accept connections
Jan 25, 2016 10:56:43 PM okhttp3.mockwebserver.MockWebServer$3 acceptConnections
INFO: MockWebServer[55032] done accepting connections: Socket closed
Jan 25, 2016 10:56:43 PM okhttp3.mockwebserver.MockWebServer$4 processOneRequest
INFO: MockWebServer[55032] received request: GET / HTTP/1.1 and responded: HTTP/1.1 200 OK
Jan 25, 2016 10:56:43 PM okhttp3.mockwebserver.MockWebServer$3 execute
INFO: MockWebServer[52676] starting to accept connections
Jan 25, 2016 10:56:43 PM okhttp3.mockwebserver.MockWebServer$3 acceptConnections
INFO: MockWebServer[52676] done accepting connections: Socket is closed
Jan 25, 2016 10:56:43 PM okhttp3.mockwebserver.MockWebServer$3 execute
INFO: MockWebServer[36159] starting to accept connections
Jan 25, 2016 10:56:43 PM okhttp3.mockwebserver.MockWebServer$3 acceptConnections
INFO: MockWebServer[36159] done accepting connections: Socket is closed
Jan 25, 2016 10:56:43 PM okhttp3.mockwebserver.MockWebServer$3 execute
INFO: MockWebServer[36375] starting to accept connections
Jan 25, 2016 10:56:43 PM okhttp3.mockwebserver.MockWebServer$3 acceptConnections
INFO: MockWebServer[36375] done accepting connections: Socket is closed
Jan 25, 2016 10:56:43 PM okhttp3.mockwebserver.MockWebServer$3 execute
INFO: MockWebServer[42999] starting to accept connections
Jan 25, 2016 10:56:43 PM okhttp3.mockwebserver.MockWebServer$3 acceptConnections
INFO: MockWebServer[42999] done accepting connections: Socket is closed
Jan 25, 2016 10:56:43 PM okhttp3.mockwebserver.MockWebServer$3 execute
INFO: MockWebServer[34681] starting to accept connections
Jan 25, 2016 10:56:43 PM okhttp3.mockwebserver.MockWebServer$3 acceptConnections
INFO: MockWebServer[34681] done accepting connections: Socket is closed
Jan 25, 2016 10:56:43 PM okhttp3.mockwebserver.MockWebServer$3 execute
INFO: MockWebServer[41243] starting to accept connections
Jan 25, 2016 10:56:43 PM okhttp3.mockwebserver.MockWebServer$3 acceptConnections
INFO: MockWebServer[41243] done accepting connections: Socket closed
Jan 25, 2016 10:56:43 PM okhttp3.mockwebserver.MockWebServer$3 execute
INFO: MockWebServer[39110] starting to accept connections
Jan 25, 2016 10:56:43 PM okhttp3.mockwebserver.MockWebServer$3 acceptConnections
INFO: MockWebServer[39110] done accepting connections: Socket closed
Jan 25, 2016 10:56:43 PM okhttp3.mockwebserver.MockWebServer$3 execute
INFO: MockWebServer[58207] starting to accept connections
Jan 25, 2016 10:56:43 PM okhttp3.mockwebserver.MockWebServer$3 acceptConnections
INFO: MockWebServer[58207] done accepting connections: Socket closed
Jan 25, 2016 10:56:43 PM okhttp3.mockwebserver.MockWebServer$3 execute
INFO: MockWebServer[59522] starting to accept connections
Jan 25, 2016 10:56:44 PM okhttp3.mockwebserver.MockWebServer$3 acceptConnections
INFO: MockWebServer[59522] done accepting connections: Socket closed
Jan 25, 2016 10:56:44 PM okhttp3.mockwebserver.MockWebServer$3 execute
INFO: MockWebServer[51360] starting to accept connections
Jan 25, 2016 10:56:44 PM okhttp3.mockwebserver.MockWebServer$3 acceptConnections
INFO: MockWebServer[51360] done accepting connections: Socket closed
Jan 25, 2016 10:56:44 PM okhttp3.mockwebserver.MockWebServer$4 processOneRequest
INFO: MockWebServer[51360] received request: GET / HTTP/1.1 and responded: HTTP/1.1 200 OK
Jan 25, 2016 10:56:44 PM okhttp3.mockwebserver.MockWebServer$3 execute
INFO: MockWebServer[49921] starting to accept connections
Jan 25, 2016 10:56:44 PM okhttp3.mockwebserver.MockWebServer$3 acceptConnections
INFO: MockWebServer[49921] done accepting connections: Socket is closed
Jan 25, 2016 10:56:44 PM okhttp3.mockwebserver.MockWebServer$3 execute
INFO: MockWebServer[59611] starting to accept connections
Jan 25, 2016 10:56:44 PM okhttp3.mockwebserver.MockWebServer$3 acceptConnections
INFO: MockWebServer[59611] done accepting connections: Socket is closed
Jan 25, 2016 10:56:44 PM okhttp3.mockwebserver.MockWebServer$3 execute
INFO: MockWebServer[41523] starting to accept connections
Jan 25, 2016 10:56:44 PM okhttp3.mockwebserver.MockWebServer$3 acceptConnections
INFO: MockWebServer[41523] done accepting connections: Socket closed
Jan 25, 2016 10:56:44 PM okhttp3.mockwebserver.MockWebServer$4 processOneRequest
INFO: MockWebServer[41523] received request: GET / HTTP/1.1 and responded: HTTP/1.1 200 OK
Jan 25, 2016 10:56:44 PM okhttp3.mockwebserver.MockWebServer$3 execute
INFO: MockWebServer[39448] starting to accept connections
Jan 25, 2016 10:56:44 PM okhttp3.mockwebserver.MockWebServer$3 acceptConnections
INFO: MockWebServer[39448] done accepting connections: Socket closed
Jan 25, 2016 10:56:44 PM okhttp3.mockwebserver.MockWebServer$3 execute
INFO: MockWebServer[40023] starting to accept connections
Jan 25, 2016 10:56:44 PM okhttp3.mockwebserver.MockWebServer$4 processOneRequest
INFO: MockWebServer[40023] received request: POST / HTTP/1.1 and responded: HTTP/1.1 200 OK
Jan 25, 2016 10:56:44 PM okhttp3.mockwebserver.MockWebServer$3 acceptConnections
INFO: MockWebServer[40023] done accepting connections: Socket closed
Jan 25, 2016 10:56:44 PM okhttp3.mockwebserver.MockWebServer$3 execute
INFO: MockWebServer[37050] starting to accept connections
Jan 25, 2016 10:56:44 PM okhttp3.mockwebserver.MockWebServer$3 acceptConnections
INFO: MockWebServer[37050] done accepting connections: Socket is closed
Jan 25, 2016 10:56:44 PM okhttp3.mockwebserver.MockWebServer$3 execute
INFO: MockWebServer[53970] starting to accept connections
Jan 25, 2016 10:56:44 PM okhttp3.mockwebserver.MockWebServer$3 acceptConnections
INFO: MockWebServer[53970] done accepting connections: Socket is closed
Jan 25, 2016 10:56:44 PM okhttp3.mockwebserver.MockWebServer$3 execute
INFO: MockWebServer[44338] starting to accept connections
Jan 25, 2016 10:56:44 PM okhttp3.mockwebserver.MockWebServer$3 acceptConnections
INFO: MockWebServer[44338] done accepting connections: Socket closed
Jan 25, 2016 10:56:44 PM okhttp3.mockwebserver.MockWebServer$3 execute
INFO: MockWebServer[38707] starting to accept connections
Jan 25, 2016 10:56:44 PM okhttp3.mockwebserver.MockWebServer$3 acceptConnections
INFO: MockWebServer[38707] done accepting connections: Socket is closed
Jan 25, 2016 10:56:44 PM okhttp3.mockwebserver.MockWebServer$3 execute
INFO: MockWebServer[34632] starting to accept connections
Jan 25, 2016 10:56:44 PM okhttp3.mockwebserver.MockWebServer$3 acceptConnections
INFO: MockWebServer[34632] done accepting connections: Socket is closed
Jan 25, 2016 10:56:44 PM okhttp3.mockwebserver.MockWebServer$3 execute
INFO: MockWebServer[45761] starting to accept connections
Jan 25, 2016 10:56:44 PM okhttp3.mockwebserver.MockWebServer$3 acceptConnections
INFO: MockWebServer[45761] done accepting connections: Socket is closed
Jan 25, 2016 10:56:44 PM okhttp3.mockwebserver.MockWebServer$3 execute
INFO: MockWebServer[46106] starting to accept connections
Jan 25, 2016 10:56:44 PM okhttp3.mockwebserver.MockWebServer$3 acceptConnections
INFO: MockWebServer[46106] done accepting connections: Socket is closed
Jan 25, 2016 10:56:44 PM okhttp3.mockwebserver.MockWebServer$3 execute
INFO: MockWebServer[54971] starting to accept connections
Jan 25, 2016 10:56:44 PM okhttp3.mockwebserver.MockWebServer$4 processOneRequest
INFO: MockWebServer[54971] received request: GET / HTTP/1.1 and responded: HTTP/1.1 200 OK
Jan 25, 2016 10:56:44 PM okhttp3.mockwebserver.MockWebServer$3 acceptConnections
INFO: MockWebServer[54971] done accepting connections: Socket closed
Jan 25, 2016 10:56:44 PM okhttp3.mockwebserver.MockWebServer$3 execute
INFO: MockWebServer[51729] starting to accept connections
Jan 25, 2016 10:56:44 PM okhttp3.mockwebserver.MockWebServer$3 acceptConnections
INFO: MockWebServer[51729] done accepting connections: Socket closed
Jan 25, 2016 10:56:44 PM okhttp3.mockwebserver.MockWebServer$3 execute
INFO: MockWebServer[38643] starting to accept connections
Jan 25, 2016 10:56:44 PM okhttp3.mockwebserver.MockWebServer$3 acceptConnections
INFO: MockWebServer[38643] done accepting connections: Socket closed
Jan 25, 2016 10:56:44 PM okhttp3.mockwebserver.MockWebServer$3 execute
INFO: MockWebServer[51372] starting to accept connections
Jan 25, 2016 10:56:45 PM okhttp3.mockwebserver.MockWebServer$3 acceptConnections
INFO: MockWebServer[51372] done accepting connections: Socket closed
Jan 25, 2016 10:56:45 PM okhttp3.mockwebserver.MockWebServer$3 execute
INFO: MockWebServer[60697] starting to accept connections
Jan 25, 2016 10:56:45 PM okhttp3.mockwebserver.MockWebServer$3 acceptConnections
INFO: MockWebServer[60697] done accepting connections: Socket is closed
Jan 25, 2016 10:56:45 PM okhttp3.mockwebserver.MockWebServer$3 execute
INFO: MockWebServer[49416] starting to accept connections
Jan 25, 2016 10:56:45 PM okhttp3.mockwebserver.MockWebServer$3 acceptConnections
INFO: MockWebServer[49416] done accepting connections: Socket is closed
Jan 25, 2016 10:56:45 PM okhttp3.mockwebserver.MockWebServer$3 execute
INFO: MockWebServer[50740] starting to accept connections
Jan 25, 2016 10:56:45 PM okhttp3.mockwebserver.MockWebServer$3 acceptConnections
INFO: MockWebServer[50740] done accepting connections: Socket is closed
Jan 25, 2016 10:56:45 PM okhttp3.mockwebserver.MockWebServer$3 execute
INFO: MockWebServer[48525] starting to accept connections
Jan 25, 2016 10:56:45 PM okhttp3.mockwebserver.MockWebServer$3 acceptConnections
INFO: MockWebServer[48525] done accepting connections: Socket is closed
Jan 25, 2016 10:56:45 PM okhttp3.mockwebserver.MockWebServer$3 execute
INFO: MockWebServer[56245] starting to accept connections
Jan 25, 2016 10:56:45 PM okhttp3.mockwebserver.MockWebServer$3 acceptConnections
INFO: MockWebServer[56245] done accepting connections: Socket is closed
Jan 25, 2016 10:56:45 PM okhttp3.mockwebserver.MockWebServer$3 execute
INFO: MockWebServer[60868] starting to accept connections
Jan 25, 2016 10:56:45 PM okhttp3.mockwebserver.MockWebServer$3 acceptConnections
INFO: MockWebServer[60868] done accepting connections: Socket is closed
Jan 25, 2016 10:56:45 PM okhttp3.mockwebserver.MockWebServer$3 execute
INFO: MockWebServer[55112] starting to accept connections
Jan 25, 2016 10:56:45 PM okhttp3.mockwebserver.MockWebServer$3 acceptConnections
INFO: MockWebServer[55112] done accepting connections: Socket closed
Jan 25, 2016 10:56:45 PM okhttp3.mockwebserver.MockWebServer$3 execute
INFO: MockWebServer[43719] starting to accept connections
Jan 25, 2016 10:56:45 PM okhttp3.mockwebserver.MockWebServer$3 acceptConnections
INFO: MockWebServer[43719] done accepting connections: Socket closed
Jan 25, 2016 10:56:45 PM okhttp3.mockwebserver.MockWebServer$3 execute
INFO: MockWebServer[56583] starting to accept connections
Jan 25, 2016 10:56:45 PM okhttp3.mockwebserver.MockWebServer$3 acceptConnections
INFO: MockWebServer[56583] done accepting connections: Socket closed
Jan 25, 2016 10:56:45 PM okhttp3.mockwebserver.MockWebServer$3 execute
INFO: MockWebServer[37479] starting to accept connections
Jan 25, 2016 10:56:45 PM okhttp3.mockwebserver.MockWebServer$3 acceptConnections
INFO: MockWebServer[37479] done accepting connections: Socket is closed
Jan 25, 2016 10:56:45 PM okhttp3.mockwebserver.MockWebServer$3 execute
INFO: MockWebServer[43313] starting to accept connections
Jan 25, 2016 10:56:45 PM okhttp3.mockwebserver.MockWebServer$3 acceptConnections
INFO: MockWebServer[43313] done accepting connections: Socket is closed
Jan 25, 2016 10:56:45 PM okhttp3.mockwebserver.MockWebServer$3 execute
INFO: MockWebServer[33679] starting to accept connections
Jan 25, 2016 10:56:45 PM okhttp3.mockwebserver.MockWebServer$3 acceptConnections
INFO: MockWebServer[33679] done accepting connections: Socket is closed
Jan 25, 2016 10:56:45 PM okhttp3.mockwebserver.MockWebServer$3 execute
INFO: MockWebServer[50620] starting to accept connections
Jan 25, 2016 10:56:45 PM okhttp3.mockwebserver.MockWebServer$3 acceptConnections
INFO: MockWebServer[50620] done accepting connections: Socket is closed
Jan 25, 2016 10:56:45 PM okhttp3.mockwebserver.MockWebServer$3 execute
INFO: MockWebServer[37152] starting to accept connections
Jan 25, 2016 10:56:45 PM okhttp3.mockwebserver.MockWebServer$3 acceptConnections
INFO: MockWebServer[37152] done accepting connections: Socket is closed
Jan 25, 2016 10:56:45 PM okhttp3.mockwebserver.MockWebServer$3 execute
INFO: MockWebServer[43032] starting to accept connections
Jan 25, 2016 10:56:45 PM okhttp3.mockwebserver.MockWebServer$3 acceptConnections
INFO: MockWebServer[43032] done accepting connections: Socket is closed
Jan 25, 2016 10:56:45 PM okhttp3.mockwebserver.MockWebServer$3 execute
INFO: MockWebServer[34295] starting to accept connections
Jan 25, 2016 10:56:45 PM okhttp3.mockwebserver.MockWebServer$3 acceptConnections
INFO: MockWebServer[34295] done accepting connections: Socket is closed
Jan 25, 2016 10:56:45 PM okhttp3.mockwebserver.MockWebServer$3 execute
INFO: MockWebServer[49310] starting to accept connections
Jan 25, 2016 10:56:45 PM okhttp3.mockwebserver.MockWebServer$3 acceptConnections
INFO: MockWebServer[49310] done accepting connections: Socket is closed
Jan 25, 2016 10:56:45 PM okhttp3.mockwebserver.MockWebServer$3 execute
INFO: MockWebServer[44131] starting to accept connections
Jan 25, 2016 10:56:45 PM okhttp3.mockwebserver.MockWebServer$3 acceptConnections
INFO: MockWebServer[44131] done accepting connections: Socket is closed
Jan 25, 2016 10:56:45 PM okhttp3.mockwebserver.MockWebServer$3 execute
INFO: MockWebServer[45969] starting to accept connections
Jan 25, 2016 10:56:45 PM okhttp3.mockwebserver.MockWebServer$3 acceptConnections
INFO: MockWebServer[45969] done accepting connections: Socket is closed
Jan 25, 2016 10:56:45 PM okhttp3.mockwebserver.MockWebServer$3 execute
INFO: MockWebServer[48250] starting to accept connections
Jan 25, 2016 10:56:45 PM okhttp3.mockwebserver.MockWebServer$3 acceptConnections
INFO: MockWebServer[48250] done accepting connections: Socket is closed
Jan 25, 2016 10:56:45 PM okhttp3.mockwebserver.MockWebServer$3 execute
INFO: MockWebServer[44742] starting to accept connections
Jan 25, 2016 10:56:45 PM okhttp3.mockwebserver.MockWebServer$3 acceptConnections
INFO: MockWebServer[44742] done accepting connections: Socket is closed
Jan 25, 2016 10:56:45 PM okhttp3.mockwebserver.MockWebServer$3 execute
INFO: MockWebServer[54362] starting to accept connections
Jan 25, 2016 10:56:45 PM okhttp3.mockwebserver.MockWebServer$3 acceptConnections
INFO: MockWebServer[54362] done accepting connections: Socket is closed
Jan 25, 2016 10:56:45 PM okhttp3.mockwebserver.MockWebServer$3 execute
INFO: MockWebServer[43316] starting to accept connections
Jan 25, 2016 10:56:45 PM okhttp3.mockwebserver.MockWebServer$3 acceptConnections
INFO: MockWebServer[43316] done accepting connections: Socket is closed
Jan 25, 2016 10:56:45 PM okhttp3.mockwebserver.MockWebServer$3 execute
INFO: MockWebServer[60809] starting to accept connections
Jan 25, 2016 10:56:45 PM okhttp3.mockwebserver.MockWebServer$3 acceptConnections
INFO: MockWebServer[60809] done accepting connections: Socket is closed
Jan 25, 2016 10:56:45 PM okhttp3.mockwebserver.MockWebServer$3 execute
INFO: MockWebServer[33710] starting to accept connections
Jan 25, 2016 10:56:45 PM okhttp3.mockwebserver.MockWebServer$3 acceptConnections
INFO: MockWebServer[33710] done accepting connections: Socket is closed
Jan 25, 2016 10:56:45 PM okhttp3.mockwebserver.MockWebServer$3 execute
INFO: MockWebServer[57399] starting to accept connections
Jan 25, 2016 10:56:45 PM okhttp3.mockwebserver.MockWebServer$3 acceptConnections
INFO: MockWebServer[57399] done accepting connections: Socket is closed
Jan 25, 2016 10:56:45 PM okhttp3.mockwebserver.MockWebServer$3 execute
INFO: MockWebServer[58186] starting to accept connections
Jan 25, 2016 10:56:45 PM okhttp3.mockwebserver.MockWebServer$3 acceptConnections
INFO: MockWebServer[58186] done accepting connections: Socket closed
Jan 25, 2016 10:56:45 PM okhttp3.mockwebserver.MockWebServer$3 execute
INFO: MockWebServer[42686] starting to accept connections
Jan 25, 2016 10:56:45 PM okhttp3.mockwebserver.MockWebServer$3 acceptConnections
INFO: MockWebServer[42686] done accepting connections: Socket closed
Jan 25, 2016 10:56:46 PM okhttp3.mockwebserver.MockWebServer$3 execute
INFO: MockWebServer[48254] starting to accept connections
Jan 25, 2016 10:56:46 PM okhttp3.mockwebserver.MockWebServer$3 acceptConnections
INFO: MockWebServer[48254] done accepting connections: Socket closed
Jan 25, 2016 10:56:46 PM okhttp3.mockwebserver.MockWebServer$3 execute
INFO: MockWebServer[48654] starting to accept connections
Jan 25, 2016 10:56:46 PM okhttp3.mockwebserver.MockWebServer$3 acceptConnections
INFO: MockWebServer[48654] done accepting connections: Socket is closed
Jan 25, 2016 10:56:46 PM okhttp3.mockwebserver.MockWebServer$3 execute
INFO: MockWebServer[57347] starting to accept connections
Jan 25, 2016 10:56:46 PM okhttp3.mockwebserver.MockWebServer$3 acceptConnections
INFO: MockWebServer[57347] done accepting connections: Socket closed
Tests run: 62, Failures: 0, Errors: 0, Skipped: 0, Time elapsed: 3.4 sec

Results :

Tests run: 221, Failures: 0, Errors: 0, Skipped: 2

[INFO] 
[INFO] --- animal-sniffer-maven-plugin:1.14:check (default) @ retrofit ---
[INFO] Checking unresolved references to org.codehaus.mojo.signature:java16:1.1
[INFO]                                                                         
[INFO] ------------------------------------------------------------------------
[INFO] Building Adapters 2.0.0-SNAPSHOT
[INFO] ------------------------------------------------------------------------
[INFO] 
[INFO] --- maven-enforcer-plugin:1.0:enforce (enforce-maven) @ retrofit-adapters ---
[INFO] 
[INFO] --- animal-sniffer-maven-plugin:1.14:check (default) @ retrofit-adapters ---
[INFO] Checking unresolved references to org.codehaus.mojo.signature:java16:1.1
[INFO]                                                                         
[INFO] ------------------------------------------------------------------------
[INFO] Building Adapter: Guava 2.0.0-SNAPSHOT
[INFO] ------------------------------------------------------------------------
[INFO] 
[INFO] --- maven-enforcer-plugin:1.0:enforce (enforce-maven) @ adapter-guava ---
[INFO] 
[INFO] --- maven-resources-plugin:2.6:resources (default-resources) @ adapter-guava ---
[INFO] Using 'UTF-8' encoding to copy filtered resources.
[INFO] skip non existing resourceDirectory /home/travis/build/square/retrofit/retrofit-adapters/guava/src/main/resources
[INFO] 
[INFO] --- maven-compiler-plugin:3.0:compile (default-compile) @ adapter-guava ---
[INFO] Changes detected - recompiling the module!
[INFO] Compiling 2 source files to /home/travis/build/square/retrofit/retrofit-adapters/guava/target/classes
[INFO] 
[INFO] --- maven-resources-plugin:2.6:testResources (default-testResources) @ adapter-guava ---
[INFO] Using 'UTF-8' encoding to copy filtered resources.
[INFO] skip non existing resourceDirectory /home/travis/build/square/retrofit/retrofit-adapters/guava/src/test/resources
[INFO] 
[INFO] --- maven-compiler-plugin:3.0:testCompile (default-testCompile) @ adapter-guava ---
[INFO] Changes detected - recompiling the module!
[INFO] Compiling 3 source files to /home/travis/build/square/retrofit/retrofit-adapters/guava/target/test-classes
[INFO] 
[INFO] --- maven-surefire-plugin:2.12.4:test (default-test) @ adapter-guava ---
[INFO] Surefire report directory: /home/travis/build/square/retrofit/retrofit-adapters/guava/target/surefire-reports

-------------------------------------------------------
 T E S T S
-------------------------------------------------------
Running retrofit2.adapter.guava.ListenableFutureTest
Jan 25, 2016 10:56:47 PM okhttp3.mockwebserver.MockWebServer$3 execute
INFO: MockWebServer[45235] starting to accept connections
Jan 25, 2016 10:56:48 PM okhttp3.mockwebserver.MockWebServer$4 processOneRequest
INFO: MockWebServer[45235] received request: GET / HTTP/1.1 and responded: HTTP/1.1 200 OK
Jan 25, 2016 10:56:48 PM okhttp3.mockwebserver.MockWebServer$3 acceptConnections
INFO: MockWebServer[45235] done accepting connections: Socket closed
Jan 25, 2016 10:56:48 PM okhttp3.mockwebserver.MockWebServer$3 execute
INFO: MockWebServer[46108] starting to accept connections
Jan 25, 2016 10:56:48 PM okhttp3.mockwebserver.MockWebServer$4 processOneRequest
INFO: MockWebServer[46108] received request: GET / HTTP/1.1 and responded: HTTP/1.1 404 Client Error
Jan 25, 2016 10:56:48 PM okhttp3.mockwebserver.MockWebServer$3 acceptConnections
INFO: MockWebServer[46108] done accepting connections: Socket closed
Jan 25, 2016 10:56:48 PM okhttp3.mockwebserver.MockWebServer$3 execute
INFO: MockWebServer[39041] starting to accept connections
Jan 25, 2016 10:56:48 PM okhttp3.mockwebserver.MockWebServer$3 acceptConnections
INFO: MockWebServer[39041] done accepting connections: Socket closed
Jan 25, 2016 10:56:48 PM okhttp3.mockwebserver.MockWebServer$4 processConnection
WARNING: MockWebServer[39041] connection from /127.0.0.1 didn't make a request
Jan 25, 2016 10:56:48 PM okhttp3.mockwebserver.MockWebServer$3 execute
INFO: MockWebServer[48576] starting to accept connections
Jan 25, 2016 10:56:48 PM okhttp3.mockwebserver.MockWebServer$4 processOneRequest
INFO: MockWebServer[48576] received request: GET / HTTP/1.1 and responded: HTTP/1.1 200 OK
Jan 25, 2016 10:56:48 PM okhttp3.mockwebserver.MockWebServer$3 acceptConnections
INFO: MockWebServer[48576] done accepting connections: Socket closed
Jan 25, 2016 10:56:48 PM okhttp3.mockwebserver.MockWebServer$3 execute
INFO: MockWebServer[36177] starting to accept connections
Jan 25, 2016 10:56:48 PM okhttp3.mockwebserver.MockWebServer$4 processOneRequest
INFO: MockWebServer[36177] received request: GET / HTTP/1.1 and responded: HTTP/1.1 404 Client Error
Jan 25, 2016 10:56:48 PM okhttp3.mockwebserver.MockWebServer$3 acceptConnections
INFO: MockWebServer[36177] done accepting connections: Socket closed
Jan 25, 2016 10:56:48 PM okhttp3.mockwebserver.MockWebServer$3 execute
INFO: MockWebServer[33908] starting to accept connections
Jan 25, 2016 10:56:48 PM okhttp3.mockwebserver.MockWebServer$4 processConnection
WARNING: MockWebServer[33908] connection from /127.0.0.1 didn't make a request
Jan 25, 2016 10:56:48 PM okhttp3.mockwebserver.MockWebServer$3 acceptConnections
INFO: MockWebServer[33908] done accepting connections: Socket closed
Tests run: 6, Failures: 0, Errors: 0, Skipped: 0, Time elapsed: 0.557 sec
Running retrofit2.adapter.guava.GuavaCallAdapterFactoryTest
Jan 25, 2016 10:56:48 PM okhttp3.mockwebserver.MockWebServer$3 execute
INFO: MockWebServer[51413] starting to accept connections
Jan 25, 2016 10:56:48 PM okhttp3.mockwebserver.MockWebServer$3 acceptConnections
INFO: MockWebServer[51413] done accepting connections: Socket is closed
Jan 25, 2016 10:56:48 PM okhttp3.mockwebserver.MockWebServer$3 execute
INFO: MockWebServer[47956] starting to accept connections
Jan 25, 2016 10:56:48 PM okhttp3.mockwebserver.MockWebServer$3 acceptConnections
INFO: MockWebServer[47956] done accepting connections: Socket is closed
Jan 25, 2016 10:56:48 PM okhttp3.mockwebserver.MockWebServer$3 execute
INFO: MockWebServer[46736] starting to accept connections
Jan 25, 2016 10:56:48 PM okhttp3.mockwebserver.MockWebServer$3 acceptConnections
INFO: MockWebServer[46736] done accepting connections: Socket is closed
Jan 25, 2016 10:56:48 PM okhttp3.mockwebserver.MockWebServer$3 execute
INFO: MockWebServer[34493] starting to accept connections
Jan 25, 2016 10:56:48 PM okhttp3.mockwebserver.MockWebServer$3 acceptConnections
INFO: MockWebServer[34493] done accepting connections: Socket is closed
Tests run: 4, Failures: 0, Errors: 0, Skipped: 0, Time elapsed: 0.028 sec

Results :

Tests run: 10, Failures: 0, Errors: 0, Skipped: 0

[INFO] 
[INFO] --- animal-sniffer-maven-plugin:1.14:check (default) @ adapter-guava ---
[INFO] Checking unresolved references to org.codehaus.mojo.signature:java16:1.1
[INFO]                                                                         
[INFO] ------------------------------------------------------------------------
[INFO] Building Adapter: RxJava 2.0.0-SNAPSHOT
[INFO] ------------------------------------------------------------------------
[INFO] 
[INFO] --- maven-enforcer-plugin:1.0:enforce (enforce-maven) @ adapter-rxjava ---
[INFO] 
[INFO] --- maven-resources-plugin:2.6:resources (default-resources) @ adapter-rxjava ---
[INFO] Using 'UTF-8' encoding to copy filtered resources.
[INFO] skip non existing resourceDirectory /home/travis/build/square/retrofit/retrofit-adapters/rxjava/src/main/resources
[INFO] 
[INFO] --- maven-compiler-plugin:3.0:compile (default-compile) @ adapter-rxjava ---
[INFO] Changes detected - recompiling the module!
[INFO] Compiling 4 source files to /home/travis/build/square/retrofit/retrofit-adapters/rxjava/target/classes
[INFO] 
[INFO] --- maven-resources-plugin:2.6:testResources (default-testResources) @ adapter-rxjava ---
[INFO] Using 'UTF-8' encoding to copy filtered resources.
[INFO] skip non existing resourceDirectory /home/travis/build/square/retrofit/retrofit-adapters/rxjava/src/test/resources
[INFO] 
[INFO] --- maven-compiler-plugin:3.0:testCompile (default-testCompile) @ adapter-rxjava ---
[INFO] Changes detected - recompiling the module!
[INFO] Compiling 2 source files to /home/travis/build/square/retrofit/retrofit-adapters/rxjava/target/test-classes
[INFO] 
[INFO] --- maven-surefire-plugin:2.12.4:test (default-test) @ adapter-rxjava ---
[INFO] Surefire report directory: /home/travis/build/square/retrofit/retrofit-adapters/rxjava/target/surefire-reports

-------------------------------------------------------
 T E S T S
-------------------------------------------------------
Running retrofit2.ResultTest
Tests run: 4, Failures: 0, Errors: 0, Skipped: 0, Time elapsed: 0.158 sec
Running retrofit2.RxJavaCallAdapterFactoryTest
Jan 25, 2016 10:56:49 PM okhttp3.mockwebserver.MockWebServer$3 execute
INFO: MockWebServer[44142] starting to accept connections
Jan 25, 2016 10:56:49 PM okhttp3.mockwebserver.MockWebServer$4 processConnection
WARNING: MockWebServer[44142] connection from /127.0.0.1 didn't make a request
Jan 25, 2016 10:56:49 PM okhttp3.mockwebserver.MockWebServer$3 acceptConnections
INFO: MockWebServer[44142] done accepting connections: Socket closed
Jan 25, 2016 10:56:49 PM okhttp3.mockwebserver.MockWebServer$3 execute
INFO: MockWebServer[35975] starting to accept connections
Jan 25, 2016 10:56:49 PM okhttp3.mockwebserver.MockWebServer$4 processOneRequest
INFO: MockWebServer[35975] received request: GET / HTTP/1.1 and responded: HTTP/1.1 200 OK
Jan 25, 2016 10:56:49 PM okhttp3.mockwebserver.MockWebServer$3 acceptConnections
INFO: MockWebServer[35975] done accepting connections: Socket closed
Jan 25, 2016 10:56:49 PM okhttp3.mockwebserver.MockWebServer$3 execute
INFO: MockWebServer[34406] starting to accept connections
Jan 25, 2016 10:56:49 PM okhttp3.mockwebserver.MockWebServer$4 processOneRequest
INFO: MockWebServer[34406] received request: GET / HTTP/1.1 and responded: HTTP/1.1 404 Client Error
Jan 25, 2016 10:56:49 PM okhttp3.mockwebserver.MockWebServer$3 acceptConnections
INFO: MockWebServer[34406] done accepting connections: Socket closed
Jan 25, 2016 10:56:49 PM okhttp3.mockwebserver.MockWebServer$3 execute
INFO: MockWebServer[43641] starting to accept connections
Jan 25, 2016 10:56:49 PM okhttp3.mockwebserver.MockWebServer$3 acceptConnections
INFO: MockWebServer[43641] done accepting connections: Socket closed
Jan 25, 2016 10:56:49 PM okhttp3.mockwebserver.MockWebServer$3 execute
INFO: MockWebServer[52029] starting to accept connections
Jan 25, 2016 10:56:49 PM okhttp3.mockwebserver.MockWebServer$4 processOneRequest
INFO: MockWebServer[52029] received request: GET / HTTP/1.1 and responded: HTTP/1.1 200 OK
Jan 25, 2016 10:56:49 PM okhttp3.mockwebserver.MockWebServer$3 acceptConnections
INFO: MockWebServer[52029] done accepting connections: Socket closed
Jan 25, 2016 10:56:49 PM okhttp3.mockwebserver.MockWebServer$3 execute
INFO: MockWebServer[41335] starting to accept connections
Jan 25, 2016 10:56:49 PM okhttp3.mockwebserver.MockWebServer$3 acceptConnections
INFO: MockWebServer[41335] done accepting connections: Socket closed
Jan 25, 2016 10:56:49 PM okhttp3.mockwebserver.MockWebServer$4 processOneRequest
INFO: MockWebServer[41335] received request: GET / HTTP/1.1 and responded: HTTP/1.1 404 Client Error
Jan 25, 2016 10:56:49 PM okhttp3.mockwebserver.MockWebServer$3 execute
INFO: MockWebServer[46226] starting to accept connections
Jan 25, 2016 10:56:49 PM okhttp3.mockwebserver.MockWebServer$4 processConnection
WARNING: MockWebServer[46226] connection from /127.0.0.1 didn't make a request
Jan 25, 2016 10:56:49 PM okhttp3.mockwebserver.MockWebServer$3 acceptConnections
INFO: MockWebServer[46226] done accepting connections: Socket closed
Jan 25, 2016 10:56:49 PM okhttp3.mockwebserver.MockWebServer$3 execute
INFO: MockWebServer[42249] starting to accept connections
Jan 25, 2016 10:56:49 PM okhttp3.mockwebserver.MockWebServer$4 processOneRequest
INFO: MockWebServer[42249] received request: GET / HTTP/1.1 and responded: HTTP/1.1 200 OK
Jan 25, 2016 10:56:49 PM okhttp3.mockwebserver.MockWebServer$3 acceptConnections
INFO: MockWebServer[42249] done accepting connections: Socket closed
Jan 25, 2016 10:56:49 PM okhttp3.mockwebserver.MockWebServer$3 execute
INFO: MockWebServer[50605] starting to accept connections
Jan 25, 2016 10:56:49 PM okhttp3.mockwebserver.MockWebServer$4 processOneRequest
INFO: MockWebServer[50605] received request: GET / HTTP/1.1 and responded: HTTP/1.1 404 Client Error
Jan 25, 2016 10:56:49 PM okhttp3.mockwebserver.MockWebServer$3 acceptConnections
INFO: MockWebServer[50605] done accepting connections: Socket closed
Jan 25, 2016 10:56:49 PM okhttp3.mockwebserver.MockWebServer$3 execute
INFO: MockWebServer[41412] starting to accept connections
Jan 25, 2016 10:56:49 PM okhttp3.mockwebserver.MockWebServer$4 processConnection
WARNING: MockWebServer[41412] connection from /127.0.0.1 didn't make a request
Jan 25, 2016 10:56:49 PM okhttp3.mockwebserver.MockWebServer$3 acceptConnections
INFO: MockWebServer[41412] done accepting connections: Socket closed
Jan 25, 2016 10:56:49 PM okhttp3.mockwebserver.MockWebServer$3 execute
INFO: MockWebServer[56471] starting to accept connections
Jan 25, 2016 10:56:49 PM okhttp3.mockwebserver.MockWebServer$3 acceptConnections
INFO: MockWebServer[56471] done accepting connections: Socket closed
Jan 25, 2016 10:56:49 PM okhttp3.mockwebserver.MockWebServer$4 processOneRequest
INFO: MockWebServer[56471] received request: GET / HTTP/1.1 and responded: HTTP/1.1 200 OK
Jan 25, 2016 10:56:49 PM okhttp3.mockwebserver.MockWebServer$3 execute
INFO: MockWebServer[51657] starting to accept connections
Jan 25, 2016 10:56:49 PM okhttp3.mockwebserver.MockWebServer$4 processOneRequest
INFO: MockWebServer[51657] received request: GET / HTTP/1.1 and responded: HTTP/1.1 404 Client Error
Jan 25, 2016 10:56:49 PM okhttp3.mockwebserver.MockWebServer$3 acceptConnections
INFO: MockWebServer[51657] done accepting connections: Socket closed
Jan 25, 2016 10:56:49 PM okhttp3.mockwebserver.MockWebServer$3 execute
INFO: MockWebServer[37689] starting to accept connections
Jan 25, 2016 10:56:49 PM okhttp3.mockwebserver.MockWebServer$3 acceptConnections
INFO: MockWebServer[37689] done accepting connections: Socket is closed
Jan 25, 2016 10:56:50 PM okhttp3.mockwebserver.MockWebServer$3 execute
INFO: MockWebServer[40494] starting to accept connections
Jan 25, 2016 10:56:50 PM okhttp3.mockwebserver.MockWebServer$3 acceptConnections
INFO: MockWebServer[40494] done accepting connections: Socket closed
Jan 25, 2016 10:56:50 PM okhttp3.mockwebserver.MockWebServer$4 processConnection
WARNING: MockWebServer[40494] connection from /127.0.0.1 didn't make a request
Jan 25, 2016 10:56:50 PM okhttp3.mockwebserver.MockWebServer$3 execute
INFO: MockWebServer[43738] starting to accept connections
Jan 25, 2016 10:56:50 PM okhttp3.mockwebserver.MockWebServer$4 processConnection
WARNING: MockWebServer[43738] connection from /127.0.0.1 didn't make a request
Jan 25, 2016 10:56:50 PM okhttp3.mockwebserver.MockWebServer$3 acceptConnections
INFO: MockWebServer[43738] done accepting connections: Socket closed
Jan 25, 2016 10:56:50 PM okhttp3.mockwebserver.MockWebServer$3 execute
INFO: MockWebServer[50682] starting to accept connections
Jan 25, 2016 10:56:50 PM okhttp3.mockwebserver.MockWebServer$4 processOneRequest
INFO: MockWebServer[50682] received request: GET / HTTP/1.1 and responded: HTTP/1.1 200 OK
Jan 25, 2016 10:56:50 PM okhttp3.mockwebserver.MockWebServer$3 acceptConnections
INFO: MockWebServer[50682] done accepting connections: Socket closed
Jan 25, 2016 10:56:50 PM okhttp3.mockwebserver.MockWebServer$3 execute
INFO: MockWebServer[47216] starting to accept connections
Jan 25, 2016 10:56:50 PM okhttp3.mockwebserver.MockWebServer$4 processOneRequest
INFO: MockWebServer[47216] received request: GET / HTTP/1.1 and responded: HTTP/1.1 404 Client Error
Jan 25, 2016 10:56:50 PM okhttp3.mockwebserver.MockWebServer$3 acceptConnections
INFO: MockWebServer[47216] done accepting connections: Socket closed
Jan 25, 2016 10:56:50 PM okhttp3.mockwebserver.MockWebServer$3 execute
INFO: MockWebServer[45071] starting to accept connections
Jan 25, 2016 10:56:50 PM okhttp3.mockwebserver.MockWebServer$3 acceptConnections
INFO: MockWebServer[45071] done accepting connections: Socket closed
Jan 25, 2016 10:56:50 PM okhttp3.mockwebserver.MockWebServer$3 execute
INFO: MockWebServer[51665] starting to accept connections
Jan 25, 2016 10:56:50 PM okhttp3.mockwebserver.MockWebServer$3 acceptConnections
INFO: MockWebServer[51665] done accepting connections: Socket is closed
Jan 25, 2016 10:56:50 PM okhttp3.mockwebserver.MockWebServer$3 execute
INFO: MockWebServer[48572] starting to accept connections
Jan 25, 2016 10:56:50 PM okhttp3.mockwebserver.MockWebServer$4 processConnection
WARNING: MockWebServer[48572] connection from /127.0.0.1 didn't make a request
Jan 25, 2016 10:56:50 PM okhttp3.mockwebserver.MockWebServer$3 acceptConnections
INFO: MockWebServer[48572] done accepting connections: Socket closed
Jan 25, 2016 10:56:50 PM okhttp3.mockwebserver.MockWebServer$3 execute
INFO: MockWebServer[45100] starting to accept connections
Jan 25, 2016 10:56:50 PM okhttp3.mockwebserver.MockWebServer$4 processOneRequest
INFO: MockWebServer[45100] received request: GET / HTTP/1.1 and responded: HTTP/1.1 200 OK
Jan 25, 2016 10:56:50 PM okhttp3.mockwebserver.MockWebServer$3 acceptConnections
INFO: MockWebServer[45100] done accepting connections: Socket closed
Jan 25, 2016 10:56:50 PM okhttp3.mockwebserver.MockWebServer$3 execute
INFO: MockWebServer[54047] starting to accept connections
Jan 25, 2016 10:56:50 PM okhttp3.mockwebserver.MockWebServer$4 processOneRequest
INFO: MockWebServer[54047] received request: GET / HTTP/1.1 and responded: HTTP/1.1 404 Client Error
Jan 25, 2016 10:56:50 PM okhttp3.mockwebserver.MockWebServer$3 acceptConnections
INFO: MockWebServer[54047] done accepting connections: Socket closed
Jan 25, 2016 10:56:50 PM okhttp3.mockwebserver.MockWebServer$3 execute
INFO: MockWebServer[42419] starting to accept connections
Jan 25, 2016 10:56:50 PM okhttp3.mockwebserver.MockWebServer$3 acceptConnections
INFO: MockWebServer[42419] done accepting connections: Socket is closed
Tests run: 23, Failures: 0, Errors: 0, Skipped: 0, Time elapsed: 0.645 sec

Results :

Tests run: 27, Failures: 0, Errors: 0, Skipped: 0

[INFO] 
[INFO] --- animal-sniffer-maven-plugin:1.14:check (default) @ adapter-rxjava ---
[INFO] Checking unresolved references to org.codehaus.mojo.signature:java16:1.1
[INFO]                                                                         
[INFO] ------------------------------------------------------------------------
[INFO] Building Converters 2.0.0-SNAPSHOT
[INFO] ------------------------------------------------------------------------
[INFO] 
[INFO] --- maven-enforcer-plugin:1.0:enforce (enforce-maven) @ retrofit-converters ---
[INFO] 
[INFO] --- animal-sniffer-maven-plugin:1.14:check (default) @ retrofit-converters ---
[INFO] Checking unresolved references to org.codehaus.mojo.signature:java16:1.1
[INFO]                                                                         
[INFO] ------------------------------------------------------------------------
[INFO] Building Converter: Gson 2.0.0-SNAPSHOT
[INFO] ------------------------------------------------------------------------
[INFO] 
[INFO] --- maven-enforcer-plugin:1.0:enforce (enforce-maven) @ converter-gson ---
[INFO] 
[INFO] --- maven-resources-plugin:2.6:resources (default-resources) @ converter-gson ---
[INFO] Using 'UTF-8' encoding to copy filtered resources.
[INFO] skip non existing resourceDirectory /home/travis/build/square/retrofit/retrofit-converters/gson/src/main/resources
[INFO] 
[INFO] --- maven-compiler-plugin:3.0:compile (default-compile) @ converter-gson ---
[INFO] Changes detected - recompiling the module!
[INFO] Compiling 3 source files to /home/travis/build/square/retrofit/retrofit-converters/gson/target/classes
[INFO] 
[INFO] --- maven-resources-plugin:2.6:testResources (default-testResources) @ converter-gson ---
[INFO] Using 'UTF-8' encoding to copy filtered resources.
[INFO] skip non existing resourceDirectory /home/travis/build/square/retrofit/retrofit-converters/gson/src/test/resources
[INFO] 
[INFO] --- maven-compiler-plugin:3.0:testCompile (default-testCompile) @ converter-gson ---
[INFO] Changes detected - recompiling the module!
[INFO] Compiling 1 source file to /home/travis/build/square/retrofit/retrofit-converters/gson/target/test-classes
[INFO] 
[INFO] --- maven-surefire-plugin:2.12.4:test (default-test) @ converter-gson ---
[INFO] Surefire report directory: /home/travis/build/square/retrofit/retrofit-converters/gson/target/surefire-reports

-------------------------------------------------------
 T E S T S
-------------------------------------------------------
Running retrofit2.GsonConverterFactoryTest
Jan 25, 2016 10:56:50 PM okhttp3.mockwebserver.MockWebServer$3 execute
INFO: MockWebServer[39583] starting to accept connections
Jan 25, 2016 10:56:51 PM okhttp3.mockwebserver.MockWebServer$4 processOneRequest
INFO: MockWebServer[39583] received request: POST / HTTP/1.1 and responded: HTTP/1.1 200 OK
Jan 25, 2016 10:56:51 PM okhttp3.mockwebserver.MockWebServer$3 acceptConnections
INFO: MockWebServer[39583] done accepting connections: Socket closed
Jan 25, 2016 10:56:51 PM okhttp3.mockwebserver.MockWebServer$3 execute
INFO: MockWebServer[52743] starting to accept connections
Jan 25, 2016 10:56:51 PM okhttp3.mockwebserver.MockWebServer$4 processOneRequest
INFO: MockWebServer[52743] received request: POST / HTTP/1.1 and responded: HTTP/1.1 200 OK
Jan 25, 2016 10:56:51 PM okhttp3.mockwebserver.MockWebServer$3 acceptConnections
INFO: MockWebServer[52743] done accepting connections: Socket closed
Jan 25, 2016 10:56:51 PM okhttp3.mockwebserver.MockWebServer$3 execute
INFO: MockWebServer[35867] starting to accept connections
Jan 25, 2016 10:56:51 PM okhttp3.mockwebserver.MockWebServer$4 processOneRequest
INFO: MockWebServer[35867] received request: POST / HTTP/1.1 and responded: HTTP/1.1 200 OK
Jan 25, 2016 10:56:51 PM okhttp3.mockwebserver.MockWebServer$3 acceptConnections
INFO: MockWebServer[35867] done accepting connections: Socket closed
Tests run: 3, Failures: 0, Errors: 0, Skipped: 0, Time elapsed: 0.522 sec

Results :

Tests run: 3, Failures: 0, Errors: 0, Skipped: 0

[INFO] 
[INFO] --- animal-sniffer-maven-plugin:1.14:check (default) @ converter-gson ---
[INFO] Checking unresolved references to org.codehaus.mojo.signature:java16:1.1
[INFO]                                                                         
[INFO] ------------------------------------------------------------------------
[INFO] Building Converter: Protocol Buffers 2.0.0-SNAPSHOT
[INFO] ------------------------------------------------------------------------
[INFO] 
[INFO] --- maven-enforcer-plugin:1.0:enforce (enforce-maven) @ converter-protobuf ---
[INFO] 
[INFO] --- maven-resources-plugin:2.6:resources (default-resources) @ converter-protobuf ---
[INFO] Using 'UTF-8' encoding to copy filtered resources.
[INFO] skip non existing resourceDirectory /home/travis/build/square/retrofit/retrofit-converters/protobuf/src/main/resources
[INFO] 
[INFO] --- maven-compiler-plugin:3.0:compile (default-compile) @ converter-protobuf ---
[INFO] Changes detected - recompiling the module!
[INFO] Compiling 3 source files to /home/travis/build/square/retrofit/retrofit-converters/protobuf/target/classes
[WARNING] /home/travis/build/square/retrofit/retrofit-converters/protobuf/src/main/java/retrofit2/ProtoConverterFactory.java: /home/travis/build/square/retrofit/retrofit-converters/protobuf/src/main/java/retrofit2/ProtoConverterFactory.java uses unchecked or unsafe operations.
[WARNING] /home/travis/build/square/retrofit/retrofit-converters/protobuf/src/main/java/retrofit2/ProtoConverterFactory.java: Recompile with -Xlint:unchecked for details.
[INFO] 
[INFO] --- maven-resources-plugin:2.6:testResources (default-testResources) @ converter-protobuf ---
[INFO] Using 'UTF-8' encoding to copy filtered resources.
[INFO] skip non existing resourceDirectory /home/travis/build/square/retrofit/retrofit-converters/protobuf/src/test/resources
[INFO] 
[INFO] --- maven-compiler-plugin:3.0:testCompile (default-testCompile) @ converter-protobuf ---
[INFO] Changes detected - recompiling the module!
[INFO] Compiling 2 source files to /home/travis/build/square/retrofit/retrofit-converters/protobuf/target/test-classes
[INFO] 
[INFO] --- maven-surefire-plugin:2.12.4:test (default-test) @ converter-protobuf ---
[INFO] Surefire report directory: /home/travis/build/square/retrofit/retrofit-converters/protobuf/target/surefire-reports

-------------------------------------------------------
 T E S T S
-------------------------------------------------------
Running retrofit2.ProtoConverterFactoryTest
Jan 25, 2016 10:56:52 PM okhttp3.mockwebserver.MockWebServer$3 execute
INFO: MockWebServer[55941] starting to accept connections
Jan 25, 2016 10:56:52 PM okhttp3.mockwebserver.MockWebServer$4 processOneRequest
INFO: MockWebServer[55941] received request: POST / HTTP/1.1 and responded: HTTP/1.1 200 OK
Jan 25, 2016 10:56:52 PM okhttp3.mockwebserver.MockWebServer$3 acceptConnections
INFO: MockWebServer[55941] done accepting connections: Socket closed
Jan 25, 2016 10:56:52 PM okhttp3.mockwebserver.MockWebServer$3 execute
INFO: MockWebServer[41156] starting to accept connections
Jan 25, 2016 10:56:52 PM okhttp3.mockwebserver.MockWebServer$3 acceptConnections
INFO: MockWebServer[41156] done accepting connections: Socket is closed
Jan 25, 2016 10:56:52 PM okhttp3.mockwebserver.MockWebServer$3 execute
INFO: MockWebServer[50783] starting to accept connections
Jan 25, 2016 10:56:52 PM okhttp3.mockwebserver.MockWebServer$3 acceptConnections
INFO: MockWebServer[50783] done accepting connections: Socket closed
Jan 25, 2016 10:56:52 PM okhttp3.mockwebserver.MockWebServer$4 processOneRequest
INFO: MockWebServer[50783] received request: GET / HTTP/1.1 and responded: HTTP/1.1 200 OK
Jan 25, 2016 10:56:52 PM okhttp3.mockwebserver.MockWebServer$3 execute
INFO: MockWebServer[33588] starting to accept connections
Jan 25, 2016 10:56:52 PM okhttp3.mockwebserver.MockWebServer$3 acceptConnections
INFO: MockWebServer[33588] done accepting connections: Socket is closed
Jan 25, 2016 10:56:52 PM okhttp3.mockwebserver.MockWebServer$3 execute
INFO: MockWebServer[34918] starting to accept connections
Jan 25, 2016 10:56:52 PM okhttp3.mockwebserver.MockWebServer$3 acceptConnections
INFO: MockWebServer[34918] done accepting connections: Socket closed
Jan 25, 2016 10:56:52 PM okhttp3.mockwebserver.MockWebServer$4 processOneRequest
INFO: MockWebServer[34918] received request: GET / HTTP/1.1 and responded: HTTP/1.1 200 OK
Tests run: 5, Failures: 0, Errors: 0, Skipped: 0, Time elapsed: 0.643 sec

Results :

Tests run: 5, Failures: 0, Errors: 0, Skipped: 0

[INFO] 
[INFO] --- animal-sniffer-maven-plugin:1.14:check (default) @ converter-protobuf ---
[INFO] Checking unresolved references to org.codehaus.mojo.signature:java16:1.1
[INFO]                                                                         
[INFO] ------------------------------------------------------------------------
[INFO] Building Converter: Jackson 2.0.0-SNAPSHOT
[INFO] ------------------------------------------------------------------------
[INFO] 
[INFO] --- maven-enforcer-plugin:1.0:enforce (enforce-maven) @ converter-jackson ---
[INFO] 
[INFO] --- maven-resources-plugin:2.6:resources (default-resources) @ converter-jackson ---
[INFO] Using 'UTF-8' encoding to copy filtered resources.
[INFO] skip non existing resourceDirectory /home/travis/build/square/retrofit/retrofit-converters/jackson/src/main/resources
[INFO] 
[INFO] --- maven-compiler-plugin:3.0:compile (default-compile) @ converter-jackson ---
[INFO] Changes detected - recompiling the module!
[INFO] Compiling 3 source files to /home/travis/build/square/retrofit/retrofit-converters/jackson/target/classes
[INFO] 
[INFO] --- maven-resources-plugin:2.6:testResources (default-testResources) @ converter-jackson ---
[INFO] Using 'UTF-8' encoding to copy filtered resources.
[INFO] skip non existing resourceDirectory /home/travis/build/square/retrofit/retrofit-converters/jackson/src/test/resources
[INFO] 
[INFO] --- maven-compiler-plugin:3.0:testCompile (default-testCompile) @ converter-jackson ---
[INFO] Changes detected - recompiling the module!
[INFO] Compiling 1 source file to /home/travis/build/square/retrofit/retrofit-converters/jackson/target/test-classes
[INFO] 
[INFO] --- maven-surefire-plugin:2.12.4:test (default-test) @ converter-jackson ---
[INFO] Surefire report directory: /home/travis/build/square/retrofit/retrofit-converters/jackson/target/surefire-reports

-------------------------------------------------------
 T E S T S
-------------------------------------------------------
Running retrofit2.JacksonConverterFactoryTest
Jan 25, 2016 10:56:53 PM okhttp3.mockwebserver.MockWebServer$3 execute
INFO: MockWebServer[53999] starting to accept connections
Jan 25, 2016 10:56:54 PM okhttp3.mockwebserver.MockWebServer$4 processOneRequest
INFO: MockWebServer[53999] received request: POST / HTTP/1.1 and responded: HTTP/1.1 200 OK
Jan 25, 2016 10:56:54 PM okhttp3.mockwebserver.MockWebServer$3 acceptConnections
INFO: MockWebServer[53999] done accepting connections: Socket closed
Jan 25, 2016 10:56:54 PM okhttp3.mockwebserver.MockWebServer$3 execute
INFO: MockWebServer[57627] starting to accept connections
Jan 25, 2016 10:56:54 PM okhttp3.mockwebserver.MockWebServer$3 acceptConnections
INFO: MockWebServer[57627] done accepting connections: Socket closed
Jan 25, 2016 10:56:54 PM okhttp3.mockwebserver.MockWebServer$4 processOneRequest
INFO: MockWebServer[57627] received request: POST / HTTP/1.1 and responded: HTTP/1.1 200 OK
Tests run: 2, Failures: 0, Errors: 0, Skipped: 0, Time elapsed: 0.632 sec

Results :

Tests run: 2, Failures: 0, Errors: 0, Skipped: 0

[INFO] 
[INFO] --- animal-sniffer-maven-plugin:1.14:check (default) @ converter-jackson ---
[INFO] Checking unresolved references to org.codehaus.mojo.signature:java16:1.1
[INFO]                                                                         
[INFO] ------------------------------------------------------------------------
[INFO] Building Converter: Wire Protocol Buffers 2.0.0-SNAPSHOT
[INFO] ------------------------------------------------------------------------
[INFO] 
[INFO] --- maven-enforcer-plugin:1.0:enforce (enforce-maven) @ converter-wire ---
[INFO] 
[INFO] --- maven-resources-plugin:2.6:resources (default-resources) @ converter-wire ---
[INFO] Using 'UTF-8' encoding to copy filtered resources.
[INFO] skip non existing resourceDirectory /home/travis/build/square/retrofit/retrofit-converters/wire/src/main/resources
[INFO] 
[INFO] --- maven-compiler-plugin:3.0:compile (default-compile) @ converter-wire ---
[INFO] Changes detected - recompiling the module!
[INFO] Compiling 3 source files to /home/travis/build/square/retrofit/retrofit-converters/wire/target/classes
[WARNING] /home/travis/build/square/retrofit/retrofit-converters/wire/src/main/java/retrofit2/WireConverterFactory.java: /home/travis/build/square/retrofit/retrofit-converters/wire/src/main/java/retrofit2/WireConverterFactory.java uses unchecked or unsafe operations.
[WARNING] /home/travis/build/square/retrofit/retrofit-converters/wire/src/main/java/retrofit2/WireConverterFactory.java: Recompile with -Xlint:unchecked for details.
[INFO] 
[INFO] --- maven-resources-plugin:2.6:testResources (default-testResources) @ converter-wire ---
[INFO] Using 'UTF-8' encoding to copy filtered resources.
[INFO] skip non existing resourceDirectory /home/travis/build/square/retrofit/retrofit-converters/wire/src/test/resources
[INFO] 
[INFO] --- maven-compiler-plugin:3.0:testCompile (default-testCompile) @ converter-wire ---
[INFO] Changes detected - recompiling the module!
[INFO] Compiling 2 source files to /home/travis/build/square/retrofit/retrofit-converters/wire/target/test-classes
[INFO] 
[INFO] --- maven-surefire-plugin:2.12.4:test (default-test) @ converter-wire ---
[INFO] Surefire report directory: /home/travis/build/square/retrofit/retrofit-converters/wire/target/surefire-reports

-------------------------------------------------------
 T E S T S
-------------------------------------------------------
Running retrofit2.WireConverterFactoryTest
Jan 25, 2016 10:56:55 PM okhttp3.mockwebserver.MockWebServer$3 execute
INFO: MockWebServer[44398] starting to accept connections
Jan 25, 2016 10:56:55 PM okhttp3.mockwebserver.MockWebServer$4 processOneRequest
INFO: MockWebServer[44398] received request: POST / HTTP/1.1 and responded: HTTP/1.1 200 OK
Jan 25, 2016 10:56:55 PM okhttp3.mockwebserver.MockWebServer$3 acceptConnections
INFO: MockWebServer[44398] done accepting connections: Socket closed
Jan 25, 2016 10:56:55 PM okhttp3.mockwebserver.MockWebServer$3 execute
INFO: MockWebServer[40086] starting to accept connections
Jan 25, 2016 10:56:55 PM okhttp3.mockwebserver.MockWebServer$3 acceptConnections
INFO: MockWebServer[40086] done accepting connections: Socket is closed
Jan 25, 2016 10:56:55 PM okhttp3.mockwebserver.MockWebServer$3 execute
INFO: MockWebServer[57290] starting to accept connections
Jan 25, 2016 10:56:55 PM okhttp3.mockwebserver.MockWebServer$4 processOneRequest
INFO: MockWebServer[57290] received request: GET / HTTP/1.1 and responded: HTTP/1.1 200 OK
Jan 25, 2016 10:56:55 PM okhttp3.mockwebserver.MockWebServer$3 acceptConnections
INFO: MockWebServer[57290] done accepting connections: Socket closed
Jan 25, 2016 10:56:55 PM okhttp3.mockwebserver.MockWebServer$3 execute
INFO: MockWebServer[50751] starting to accept connections
Jan 25, 2016 10:56:55 PM okhttp3.mockwebserver.MockWebServer$3 acceptConnections
INFO: MockWebServer[50751] done accepting connections: Socket is closed
Jan 25, 2016 10:56:55 PM okhttp3.mockwebserver.MockWebServer$3 execute
INFO: MockWebServer[48847] starting to accept connections
Jan 25, 2016 10:56:55 PM okhttp3.mockwebserver.MockWebServer$3 acceptConnections
INFO: MockWebServer[48847] done accepting connections: Socket closed
Jan 25, 2016 10:56:55 PM okhttp3.mockwebserver.MockWebServer$4 processOneRequest
INFO: MockWebServer[48847] received request: GET / HTTP/1.1 and responded: HTTP/1.1 200 OK
Tests run: 5, Failures: 0, Errors: 0, Skipped: 0, Time elapsed: 0.551 sec

Results :

Tests run: 5, Failures: 0, Errors: 0, Skipped: 0

[INFO] 
[INFO] --- animal-sniffer-maven-plugin:1.14:check (default) @ converter-wire ---
[INFO] Checking unresolved references to org.codehaus.mojo.signature:java16:1.1
[INFO]                                                                         
[INFO] ------------------------------------------------------------------------
[INFO] Building Converter: SimpleXML 2.0.0-SNAPSHOT
[INFO] ------------------------------------------------------------------------
[INFO] 
[INFO] --- maven-enforcer-plugin:1.0:enforce (enforce-maven) @ converter-simplexml ---
[INFO] 
[INFO] --- maven-resources-plugin:2.6:resources (default-resources) @ converter-simplexml ---
[INFO] Using 'UTF-8' encoding to copy filtered resources.
[INFO] skip non existing resourceDirectory /home/travis/build/square/retrofit/retrofit-converters/simplexml/src/main/resources
[INFO] 
[INFO] --- maven-compiler-plugin:3.0:compile (default-compile) @ converter-simplexml ---
[INFO] Changes detected - recompiling the module!
[INFO] Compiling 3 source files to /home/travis/build/square/retrofit/retrofit-converters/simplexml/target/classes
[INFO] 
[INFO] --- maven-resources-plugin:2.6:testResources (default-testResources) @ converter-simplexml ---
[INFO] Using 'UTF-8' encoding to copy filtered resources.
[INFO] skip non existing resourceDirectory /home/travis/build/square/retrofit/retrofit-converters/simplexml/src/test/resources
[INFO] 
[INFO] --- maven-compiler-plugin:3.0:testCompile (default-testCompile) @ converter-simplexml ---
[INFO] Changes detected - recompiling the module!
[INFO] Compiling 2 source files to /home/travis/build/square/retrofit/retrofit-converters/simplexml/target/test-classes
[INFO] 
[INFO] --- maven-surefire-plugin:2.12.4:test (default-test) @ converter-simplexml ---
[INFO] Surefire report directory: /home/travis/build/square/retrofit/retrofit-converters/simplexml/target/surefire-reports

-------------------------------------------------------
 T E S T S
-------------------------------------------------------
Running retrofit2.SimpleXmlConverterFactoryTest
Jan 25, 2016 10:56:56 PM okhttp3.mockwebserver.MockWebServer$3 execute
INFO: MockWebServer[43716] starting to accept connections
Jan 25, 2016 10:56:56 PM okhttp3.mockwebserver.MockWebServer$4 processOneRequest
INFO: MockWebServer[43716] received request: GET / HTTP/1.1 and responded: HTTP/1.1 200 OK
Jan 25, 2016 10:56:57 PM okhttp3.mockwebserver.MockWebServer$3 acceptConnections
INFO: MockWebServer[43716] done accepting connections: Socket closed
Jan 25, 2016 10:56:57 PM okhttp3.mockwebserver.MockWebServer$3 execute
INFO: MockWebServer[46298] starting to accept connections
Jan 25, 2016 10:56:57 PM okhttp3.mockwebserver.MockWebServer$4 processOneRequest
INFO: MockWebServer[46298] received request: GET / HTTP/1.1 and responded: HTTP/1.1 200 OK
Jan 25, 2016 10:56:57 PM okhttp3.mockwebserver.MockWebServer$3 acceptConnections
INFO: MockWebServer[46298] done accepting connections: Socket closed
Jan 25, 2016 10:56:57 PM okhttp3.mockwebserver.MockWebServer$3 execute
INFO: MockWebServer[40550] starting to accept connections
Jan 25, 2016 10:56:57 PM okhttp3.mockwebserver.MockWebServer$4 processOneRequest
INFO: MockWebServer[40550] received request: POST / HTTP/1.1 and responded: HTTP/1.1 200 OK
Jan 25, 2016 10:56:57 PM okhttp3.mockwebserver.MockWebServer$3 acceptConnections
INFO: MockWebServer[40550] done accepting connections: Socket closed
Tests run: 3, Failures: 0, Errors: 0, Skipped: 0, Time elapsed: 0.851 sec

Results :

Tests run: 3, Failures: 0, Errors: 0, Skipped: 0

[INFO] 
[INFO] --- animal-sniffer-maven-plugin:1.14:check (default) @ converter-simplexml ---
[INFO] Checking unresolved references to org.codehaus.mojo.signature:java16:1.1
[INFO]                                                                         
[INFO] ------------------------------------------------------------------------
[INFO] Building Converter: Java Scalars 2.0.0-SNAPSHOT
[INFO] ------------------------------------------------------------------------
[INFO] 
[INFO] --- maven-enforcer-plugin:1.0:enforce (enforce-maven) @ converter-scalars ---
[INFO] 
[INFO] --- maven-resources-plugin:2.6:resources (default-resources) @ converter-scalars ---
[INFO] Using 'UTF-8' encoding to copy filtered resources.
[INFO] skip non existing resourceDirectory /home/travis/build/square/retrofit/retrofit-converters/scalars/src/main/resources
[INFO] 
[INFO] --- maven-compiler-plugin:3.0:compile (default-compile) @ converter-scalars ---
[INFO] Changes detected - recompiling the module!
[INFO] Compiling 3 source files to /home/travis/build/square/retrofit/retrofit-converters/scalars/target/classes
[INFO] 
[INFO] --- maven-resources-plugin:2.6:testResources (default-testResources) @ converter-scalars ---
[INFO] Using 'UTF-8' encoding to copy filtered resources.
[INFO] skip non existing resourceDirectory /home/travis/build/square/retrofit/retrofit-converters/scalars/src/test/resources
[INFO] 
[INFO] --- maven-compiler-plugin:3.0:testCompile (default-testCompile) @ converter-scalars ---
[INFO] Changes detected - recompiling the module!
[INFO] Compiling 1 source file to /home/travis/build/square/retrofit/retrofit-converters/scalars/target/test-classes
[INFO] 
[INFO] --- maven-surefire-plugin:2.12.4:test (default-test) @ converter-scalars ---
[INFO] Surefire report directory: /home/travis/build/square/retrofit/retrofit-converters/scalars/target/surefire-reports

-------------------------------------------------------
 T E S T S
-------------------------------------------------------
Running retrofit2.ScalarsConverterFactoryTest
Jan 25, 2016 10:56:58 PM okhttp3.mockwebserver.MockWebServer$3 execute
INFO: MockWebServer[59346] starting to accept connections
Jan 25, 2016 10:56:58 PM okhttp3.mockwebserver.MockWebServer$3 acceptConnections
INFO: MockWebServer[59346] done accepting connections: Socket closed
Jan 25, 2016 10:56:58 PM okhttp3.mockwebserver.MockWebServer$3 execute
INFO: MockWebServer[45469] starting to accept connections
Jan 25, 2016 10:56:58 PM okhttp3.mockwebserver.MockWebServer$4 processOneRequest
INFO: MockWebServer[45469] received request: GET / HTTP/1.1 and responded: HTTP/1.1 200 OK
Jan 25, 2016 10:56:58 PM okhttp3.mockwebserver.MockWebServer$4 processOneRequest
INFO: MockWebServer[45469] received request: GET / HTTP/1.1 and responded: HTTP/1.1 200 OK
Jan 25, 2016 10:56:58 PM okhttp3.mockwebserver.MockWebServer$4 processOneRequest
INFO: MockWebServer[45469] received request: GET / HTTP/1.1 and responded: HTTP/1.1 200 OK
Jan 25, 2016 10:56:58 PM okhttp3.mockwebserver.MockWebServer$4 processOneRequest
INFO: MockWebServer[45469] received request: GET / HTTP/1.1 and responded: HTTP/1.1 200 OK
Jan 25, 2016 10:56:58 PM okhttp3.mockwebserver.MockWebServer$4 processOneRequest
INFO: MockWebServer[45469] received request: GET / HTTP/1.1 and responded: HTTP/1.1 200 OK
Jan 25, 2016 10:56:58 PM okhttp3.mockwebserver.MockWebServer$4 processOneRequest
INFO: MockWebServer[45469] received request: GET / HTTP/1.1 and responded: HTTP/1.1 200 OK
Jan 25, 2016 10:56:58 PM okhttp3.mockwebserver.MockWebServer$4 processOneRequest
INFO: MockWebServer[45469] received request: GET / HTTP/1.1 and responded: HTTP/1.1 200 OK
Jan 25, 2016 10:56:58 PM okhttp3.mockwebserver.MockWebServer$4 processOneRequest
INFO: MockWebServer[45469] received request: GET / HTTP/1.1 and responded: HTTP/1.1 200 OK
Jan 25, 2016 10:56:58 PM okhttp3.mockwebserver.MockWebServer$4 processOneRequest
INFO: MockWebServer[45469] received request: GET / HTTP/1.1 and responded: HTTP/1.1 200 OK
Jan 25, 2016 10:56:58 PM okhttp3.mockwebserver.MockWebServer$4 processOneRequest
INFO: MockWebServer[45469] received request: GET / HTTP/1.1 and responded: HTTP/1.1 200 OK
Jan 25, 2016 10:56:58 PM okhttp3.mockwebserver.MockWebServer$4 processOneRequest
INFO: MockWebServer[45469] received request: GET / HTTP/1.1 and responded: HTTP/1.1 200 OK
Jan 25, 2016 10:56:58 PM okhttp3.mockwebserver.MockWebServer$3 acceptConnections
INFO: MockWebServer[45469] done accepting connections: Socket closed
Jan 25, 2016 10:56:58 PM okhttp3.mockwebserver.MockWebServer$3 execute
INFO: MockWebServer[40420] starting to accept connections
Jan 25, 2016 10:56:58 PM okhttp3.mockwebserver.MockWebServer$4 processOneRequest
INFO: MockWebServer[40420] received request: POST / HTTP/1.1 and responded: HTTP/1.1 200 OK
Jan 25, 2016 10:56:58 PM okhttp3.mockwebserver.MockWebServer$4 processOneRequest
INFO: MockWebServer[40420] received request: POST / HTTP/1.1 and responded: HTTP/1.1 200 OK
Jan 25, 2016 10:56:58 PM okhttp3.mockwebserver.MockWebServer$4 processOneRequest
INFO: MockWebServer[40420] received request: POST / HTTP/1.1 and responded: HTTP/1.1 200 OK
Jan 25, 2016 10:56:58 PM okhttp3.mockwebserver.MockWebServer$4 processOneRequest
INFO: MockWebServer[40420] received request: POST / HTTP/1.1 and responded: HTTP/1.1 200 OK
Jan 25, 2016 10:56:58 PM okhttp3.mockwebserver.MockWebServer$4 processOneRequest
INFO: MockWebServer[40420] received request: POST / HTTP/1.1 and responded: HTTP/1.1 200 OK
Jan 25, 2016 10:56:58 PM okhttp3.mockwebserver.MockWebServer$4 processOneRequest
INFO: MockWebServer[40420] received request: POST / HTTP/1.1 and responded: HTTP/1.1 200 OK
Jan 25, 2016 10:56:58 PM okhttp3.mockwebserver.MockWebServer$4 processOneRequest
INFO: MockWebServer[40420] received request: POST / HTTP/1.1 and responded: HTTP/1.1 200 OK
Jan 25, 2016 10:56:58 PM okhttp3.mockwebserver.MockWebServer$4 processOneRequest
INFO: MockWebServer[40420] received request: POST / HTTP/1.1 and responded: HTTP/1.1 200 OK
Jan 25, 2016 10:56:58 PM okhttp3.mockwebserver.MockWebServer$4 processOneRequest
INFO: MockWebServer[40420] received request: POST / HTTP/1.1 and responded: HTTP/1.1 200 OK
Jan 25, 2016 10:56:58 PM okhttp3.mockwebserver.MockWebServer$4 processOneRequest
INFO: MockWebServer[40420] received request: POST / HTTP/1.1 and responded: HTTP/1.1 200 OK
Jan 25, 2016 10:56:58 PM okhttp3.mockwebserver.MockWebServer$4 processOneRequest
INFO: MockWebServer[40420] received request: POST / HTTP/1.1 and responded: HTTP/1.1 200 OK
Jan 25, 2016 10:56:58 PM okhttp3.mockwebserver.MockWebServer$4 processOneRequest
INFO: MockWebServer[40420] received request: POST / HTTP/1.1 and responded: HTTP/1.1 200 OK
Jan 25, 2016 10:56:58 PM okhttp3.mockwebserver.MockWebServer$4 processOneRequest
INFO: MockWebServer[40420] received request: POST / HTTP/1.1 and responded: HTTP/1.1 200 OK
Jan 25, 2016 10:56:58 PM okhttp3.mockwebserver.MockWebServer$4 processOneRequest
INFO: MockWebServer[40420] received request: POST / HTTP/1.1 and responded: HTTP/1.1 200 OK
Jan 25, 2016 10:56:58 PM okhttp3.mockwebserver.MockWebServer$4 processOneRequest
INFO: MockWebServer[40420] received request: POST / HTTP/1.1 and responded: HTTP/1.1 200 OK
Jan 25, 2016 10:56:58 PM okhttp3.mockwebserver.MockWebServer$4 processOneRequest
INFO: MockWebServer[40420] received request: POST / HTTP/1.1 and responded: HTTP/1.1 200 OK
Jan 25, 2016 10:56:58 PM okhttp3.mockwebserver.MockWebServer$4 processOneRequest
INFO: MockWebServer[40420] received request: POST / HTTP/1.1 and responded: HTTP/1.1 200 OK
Jan 25, 2016 10:56:58 PM okhttp3.mockwebserver.MockWebServer$3 acceptConnections
INFO: MockWebServer[40420] done accepting connections: Socket closed
Jan 25, 2016 10:56:58 PM okhttp3.mockwebserver.MockWebServer$3 execute
INFO: MockWebServer[43671] starting to accept connections
Jan 25, 2016 10:56:58 PM okhttp3.mockwebserver.MockWebServer$3 acceptConnections
INFO: MockWebServer[43671] done accepting connections: Socket closed
Tests run: 4, Failures: 0, Errors: 0, Skipped: 0, Time elapsed: 0.899 sec

Results :

Tests run: 4, Failures: 0, Errors: 0, Skipped: 0

[INFO] 
[INFO] --- animal-sniffer-maven-plugin:1.14:check (default) @ converter-scalars ---
[INFO] Checking unresolved references to org.codehaus.mojo.signature:java16:1.1
[INFO]                                                                         
[INFO] ------------------------------------------------------------------------
[INFO] Building Converter: Moshi 2.0.0-SNAPSHOT
[INFO] ------------------------------------------------------------------------
[INFO] 
[INFO] --- maven-enforcer-plugin:1.0:enforce (enforce-maven) @ converter-moshi ---
[INFO] 
[INFO] --- maven-resources-plugin:2.6:resources (default-resources) @ converter-moshi ---
[INFO] Using 'UTF-8' encoding to copy filtered resources.
[INFO] skip non existing resourceDirectory /home/travis/build/square/retrofit/retrofit-converters/moshi/src/main/resources
[INFO] 
[INFO] --- maven-compiler-plugin:3.0:compile (default-compile) @ converter-moshi ---
[INFO] Changes detected - recompiling the module!
[INFO] Compiling 3 source files to /home/travis/build/square/retrofit/retrofit-converters/moshi/target/classes
[INFO] 
[INFO] --- maven-resources-plugin:2.6:testResources (default-testResources) @ converter-moshi ---
[INFO] Using 'UTF-8' encoding to copy filtered resources.
[INFO] skip non existing resourceDirectory /home/travis/build/square/retrofit/retrofit-converters/moshi/src/test/resources
[INFO] 
[INFO] --- maven-compiler-plugin:3.0:testCompile (default-testCompile) @ converter-moshi ---
[INFO] Changes detected - recompiling the module!
[INFO] Compiling 1 source file to /home/travis/build/square/retrofit/retrofit-converters/moshi/target/test-classes
[INFO] 
[INFO] --- maven-surefire-plugin:2.12.4:test (default-test) @ converter-moshi ---
[INFO] Surefire report directory: /home/travis/build/square/retrofit/retrofit-converters/moshi/target/surefire-reports

-------------------------------------------------------
 T E S T S
-------------------------------------------------------
Running retrofit2.MoshiConverterFactoryTest
Jan 25, 2016 10:56:59 PM okhttp3.mockwebserver.MockWebServer$3 execute
INFO: MockWebServer[51084] starting to accept connections
Jan 25, 2016 10:56:59 PM okhttp3.mockwebserver.MockWebServer$4 processOneRequest
INFO: MockWebServer[51084] received request: POST / HTTP/1.1 and responded: HTTP/1.1 200 OK
Jan 25, 2016 10:56:59 PM okhttp3.mockwebserver.MockWebServer$3 acceptConnections
INFO: MockWebServer[51084] done accepting connections: Socket closed
Jan 25, 2016 10:56:59 PM okhttp3.mockwebserver.MockWebServer$3 execute
INFO: MockWebServer[44153] starting to accept connections
Jan 25, 2016 10:56:59 PM okhttp3.mockwebserver.MockWebServer$4 processOneRequest
INFO: MockWebServer[44153] received request: POST / HTTP/1.1 and responded: HTTP/1.1 200 OK
Jan 25, 2016 10:56:59 PM okhttp3.mockwebserver.MockWebServer$3 acceptConnections
INFO: MockWebServer[44153] done accepting connections: Socket closed
Tests run: 2, Failures: 0, Errors: 0, Skipped: 0, Time elapsed: 0.495 sec

Results :

Tests run: 2, Failures: 0, Errors: 0, Skipped: 0

[INFO] 
[INFO] --- animal-sniffer-maven-plugin:1.14:check (default) @ converter-moshi ---
[INFO] Checking unresolved references to org.codehaus.mojo.signature:java16:1.1
[INFO]                                                                         
[INFO] ------------------------------------------------------------------------
[INFO] Building Retrofit Mock Adapter 2.0.0-SNAPSHOT
[INFO] ------------------------------------------------------------------------
[INFO] 
[INFO] --- maven-enforcer-plugin:1.0:enforce (enforce-maven) @ retrofit-mock ---
[INFO] 
[INFO] --- maven-resources-plugin:2.6:resources (default-resources) @ retrofit-mock ---
[INFO] Using 'UTF-8' encoding to copy filtered resources.
[INFO] skip non existing resourceDirectory /home/travis/build/square/retrofit/retrofit-mock/src/main/resources
[INFO] 
[INFO] --- maven-compiler-plugin:3.0:compile (default-compile) @ retrofit-mock ---
[INFO] Changes detected - recompiling the module!
[INFO] Compiling 5 source files to /home/travis/build/square/retrofit/retrofit-mock/target/classes
[INFO] 
[INFO] --- maven-resources-plugin:2.6:testResources (default-testResources) @ retrofit-mock ---
[INFO] Using 'UTF-8' encoding to copy filtered resources.
[INFO] skip non existing resourceDirectory /home/travis/build/square/retrofit/retrofit-mock/src/test/resources
[INFO] 
[INFO] --- maven-compiler-plugin:3.0:testCompile (default-testCompile) @ retrofit-mock ---
[INFO] Changes detected - recompiling the module!
[INFO] Compiling 3 source files to /home/travis/build/square/retrofit/retrofit-mock/target/test-classes
[INFO] 
[INFO] --- maven-surefire-plugin:2.12.4:test (default-test) @ retrofit-mock ---
[INFO] Surefire report directory: /home/travis/build/square/retrofit/retrofit-mock/target/surefire-reports

-------------------------------------------------------
 T E S T S
-------------------------------------------------------
Running retrofit2.mock.BehaviorDelegateTest
Tests run: 10, Failures: 0, Errors: 0, Skipped: 0, Time elapsed: 1.228 sec
Running retrofit2.mock.MockRetrofitTest
Tests run: 8, Failures: 0, Errors: 0, Skipped: 0, Time elapsed: 0.02 sec
Running retrofit2.mock.NetworkBehaviorTest
Tests run: 5, Failures: 0, Errors: 0, Skipped: 0, Time elapsed: 0.038 sec

Results :

Tests run: 23, Failures: 0, Errors: 0, Skipped: 0

[INFO] 
[INFO] --- animal-sniffer-maven-plugin:1.14:check (default) @ retrofit-mock ---
[INFO] Checking unresolved references to org.codehaus.mojo.signature:java16:1.1
[INFO]                                                                         
[INFO] ------------------------------------------------------------------------
[INFO] Building Samples 2.0.0-SNAPSHOT
[INFO] ------------------------------------------------------------------------
[INFO] 
[INFO] --- maven-enforcer-plugin:1.0:enforce (enforce-maven) @ samples ---
[INFO] 
[INFO] --- maven-resources-plugin:2.6:resources (default-resources) @ samples ---
[INFO] Using 'UTF-8' encoding to copy filtered resources.
[INFO] skip non existing resourceDirectory /home/travis/build/square/retrofit/samples/src/main/resources
[INFO] 
[INFO] --- maven-compiler-plugin:3.0:compile (default-compile) @ samples ---
[INFO] Changes detected - recompiling the module!
[INFO] Compiling 5 source files to /home/travis/build/square/retrofit/samples/target/classes
[INFO] 
[INFO] --- maven-resources-plugin:2.6:testResources (default-testResources) @ samples ---
[INFO] Using 'UTF-8' encoding to copy filtered resources.
[INFO] skip non existing resourceDirectory /home/travis/build/square/retrofit/samples/src/test/resources
[INFO] 
[INFO] --- maven-compiler-plugin:3.0:testCompile (default-testCompile) @ samples ---
[INFO] No sources to compile
[INFO] 
[INFO] --- maven-surefire-plugin:2.12.4:test (default-test) @ samples ---
[INFO] No tests to run.
[INFO] 
[INFO] --- animal-sniffer-maven-plugin:1.14:check (default) @ samples ---
[INFO] Checking unresolved references to org.codehaus.mojo.signature:java16:1.1
[INFO] ------------------------------------------------------------------------
[INFO] Reactor Summary:
[INFO] 
[INFO] Retrofit (Parent) .................................. SUCCESS [  1.297 s]
[INFO] Retrofit ........................................... SUCCESS [ 18.076 s]
[INFO] Adapters ........................................... SUCCESS [  0.282 s]
[INFO] Adapter: Guava ..................................... SUCCESS [  1.339 s]
[INFO] Adapter: RxJava .................................... SUCCESS [  1.710 s]
[INFO] Converters ......................................... SUCCESS [  0.155 s]
[INFO] Converter: Gson .................................... SUCCESS [  1.161 s]
[INFO] Converter: Protocol Buffers ........................ SUCCESS [  1.501 s]
[INFO] Converter: Jackson ................................. SUCCESS [  1.495 s]
[INFO] Converter: Wire Protocol Buffers ................... SUCCESS [  1.372 s]
[INFO] Converter: SimpleXML ............................... SUCCESS [  1.536 s]
[INFO] Converter: Java Scalars ............................ SUCCESS [  1.543 s]
[INFO] Converter: Moshi ................................... SUCCESS [  0.978 s]
[INFO] Retrofit Mock Adapter .............................. SUCCESS [  2.050 s]
[INFO] Samples ............................................ SUCCESS [  0.703 s]
[INFO] ------------------------------------------------------------------------
[INFO] BUILD SUCCESS
[INFO] ------------------------------------------------------------------------
[INFO] Total time: 35.584 s
[INFO] Finished at: 2016-01-25T22:57:02+00:00
[INFO] Final Memory: 41M/305M
[INFO] ------------------------------------------------------------------------

travis_time:end:022eba60:start=1453762585734450509,finish=1453762623362328925,duration=37627878416[0K
[32;1mThe command "mvn test -B" exited with 0.[0m
travis_fold:start:cache.2[0Kstore build cache
travis_time:start:05b9882b[0K
travis_time:end:05b9882b:start=1453762623366431774,finish=1453762623369621599,duration=3189825[0Ktravis_time:start:2876e8ea[0K[32;1mchange detected:
/home/travis/.m2/repository/com/squareup/retrofit2/adapter-guava/2.0.0-SNAPSHOT/adapter-guava-2.0.0-SNAPSHOT.jar
/home/travis/.m2/repository/com/squareup/retrofit2/adapter-guava/2.0.0-SNAPSHOT/maven-metadata-local.xml
/home/travis/.m2/repository/com/squareup/retrofit2/adapter-guava/2.0.0-SNAPSHOT/_remote.repositories
/home/travis/.m2/repository/com/squareup/retrofit2/adapter-guava/maven-metadata-local.xml
/home/travis/.m2/repository/com/squareup/retrofit2/adapter-rxjava/2.0.0-SNAPSHOT/adapter-rxjava-2.0.0-SNAPSHOT.jar
/home/travis/.m2/repository/com/squareup/retrofit2/adapter-rxjava/2.0.0-SNAPSHOT/maven-metadata-local.xml
/home/travis/.m2/repository/com/squareup/retrofit2/adapter-rxjava/2.0.0-SNAPSHOT/_remote.repositories
/home/travis/.m2/repository/com/squareup/retrofit2/adapter-rxjava/maven-metadata-local.xml
/home/travis/.m2/repository/com/squareup/retrofit2/converter-gson/2.0.0-SNAPSHOT/converter-gson-2.0.0-SNAPSHOT.jar
/home/travis/.m2/repository/com/squareup/retrofit2/converter-gs
[0m
[32;1m...
[0m
[32;1mchanges detected, packing new archive[0m
[32;1muploading archive[0m

travis_time:end:2876e8ea:start=1453762623373358632,finish=1453762633406414160,duration=10033055528[0Ktravis_fold:end:cache.2[0Ktravis_fold:start:after_success[0Ktravis_time:start:2bc9f056[0K$ .buildscript/deploy_snapshot.sh
Skipping snapshot deployment: wrong branch. Expected 'master' but was 'jw/guava-adapter'.

travis_time:end:2bc9f056:start=1453762633410384267,finish=1453762633414833845,duration=4449578[0Ktravis_fold:end:after_success[0K
Done. Your build exited with 0.
