Using worker: worker-linux-docker-385b7bbd.prod.travis-ci.org:travis-linux-7

travis_fold:start:system_info[0K[33;1mBuild system information[0m
Build language: java
Build group: stable
Build dist: precise
[34m[1mBuild image provisioning date and time[0m
Thu Feb  5 15:09:33 UTC 2015
[34m[1mOperating System Details[0m
Distributor ID:	Ubuntu
Description:	Ubuntu 12.04.5 LTS
Release:	12.04
Codename:	precise
[34m[1mLinux Version[0m
3.13.0-29-generic
[34m[1mCookbooks Version[0m
a68419e https://github.com/travis-ci/travis-cookbooks/tree/a68419e
[34m[1mGCC version[0m
gcc (Ubuntu/Linaro 4.6.3-1ubuntu5) 4.6.3
Copyright (C) 2011 Free Software Foundation, Inc.
This is free software; see the source for copying conditions.  There is NO
warranty; not even for MERCHANTABILITY or FITNESS FOR A PARTICULAR PURPOSE.

[34m[1mLLVM version[0m
clang version 3.4 (tags/RELEASE_34/final)
Target: x86_64-unknown-linux-gnu
Thread model: posix
[34m[1mPre-installed Ruby versions[0m
ruby-1.9.3-p551
[34m[1mPre-installed Node.js versions[0m
v0.10.36
[34m[1mPre-installed Go versions[0m
1.4.1
[34m[1mRedis version[0m
redis-server 2.8.19
[34m[1mriak version[0m
2.0.2
[34m[1mMongoDB version[0m
MongoDB 2.4.12
[34m[1mCouchDB version[0m
couchdb 1.6.1
[34m[1mNeo4j version[0m
1.9.4
[34m[1mRabbitMQ Version[0m
3.4.3
[34m[1mElasticSearch version[0m
1.4.0
[34m[1mInstalled Sphinx versions[0m
2.0.10
2.1.9
2.2.6
[34m[1mDefault Sphinx version[0m
2.2.6
[34m[1mInstalled Firefox version[0m
firefox 31.0esr
[34m[1mPhantomJS version[0m
1.9.8
[34m[1mant -version[0m
Apache Ant(TM) version 1.8.2 compiled on December 3 2011
[34m[1mmvn -version[0m
Apache Maven 3.2.5 (12a6b3acb947671f09b81f49094c53f426d8cea1; 2014-12-14T17:29:23+00:00)
Maven home: /usr/local/maven
Java version: 1.7.0_76, vendor: Oracle Corporation
Java home: /usr/lib/jvm/java-7-oracle/jre
Default locale: en_US, platform encoding: ANSI_X3.4-1968
OS name: "linux", version: "3.13.0-29-generic", arch: "amd64", family: "unix"
travis_fold:end:system_info[0K
travis_fold:start:git.checkout[0Ktravis_time:start:03c29080[0K$ git clone --depth=50 --branch=jw/malformed-resolve https://github.com/square/retrofit.git square/retrofit
Cloning into 'square/retrofit'...
remote: Counting objects: 1580, done.[K
remote: Compressing objects:   0% (1/728)   [Kremote: Compressing objects:   1% (8/728)   [Kremote: Compressing objects:   2% (15/728)   [Kremote: Compressing objects:   3% (22/728)   [Kremote: Compressing objects:   4% (30/728)   [Kremote: Compressing objects:   5% (37/728)   [Kremote: Compressing objects:   6% (44/728)   [Kremote: Compressing objects:   7% (51/728)   [Kremote: Compressing objects:   8% (59/728)   [Kremote: Compressing objects:   9% (66/728)   [Kremote: Compressing objects:  10% (73/728)   [Kremote: Compressing objects:  11% (81/728)   [Kremote: Compressing objects:  12% (88/728)   [Kremote: Compressing objects:  13% (95/728)   [Kremote: Compressing objects:  14% (102/728)   [Kremote: Compressing objects:  15% (110/728)   [Kremote: Compressing objects:  16% (117/728)   [Kremote: Compressing objects:  17% (124/728)   [Kremote: Compressing objects:  18% (132/728)   [Kremote: Compressing objects:  19% (139/728)   [Kremote: Compressing objects:  20% (146/728)   [Kremote: Compressing objects:  21% (153/728)   [Kremote: Compressing objects:  22% (161/728)   [Kremote: Compressing objects:  23% (168/728)   [Kremote: Compressing objects:  24% (175/728)   [Kremote: Compressing objects:  25% (182/728)   [Kremote: Compressing objects:  26% (190/728)   [Kremote: Compressing objects:  27% (197/728)   [Kremote: Compressing objects:  28% (204/728)   [Kremote: Compressing objects:  29% (212/728)   [Kremote: Compressing objects:  30% (219/728)   [Kremote: Compressing objects:  31% (226/728)   [Kremote: Compressing objects:  32% (233/728)   [Kremote: Compressing objects:  33% (241/728)   [Kremote: Compressing objects:  34% (248/728)   [Kremote: Compressing objects:  35% (255/728)   [Kremote: Compressing objects:  36% (263/728)   [Kremote: Compressing objects:  37% (270/728)   [Kremote: Compressing objects:  38% (277/728)   [Kremote: Compressing objects:  39% (284/728)   [Kremote: Compressing objects:  40% (292/728)   [Kremote: Compressing objects:  41% (299/728)   [Kremote: Compressing objects:  42% (306/728)   [Kremote: Compressing objects:  43% (314/728)   [Kremote: Compressing objects:  44% (321/728)   [Kremote: Compressing objects:  45% (328/728)   [Kremote: Compressing objects:  46% (335/728)   [Kremote: Compressing objects:  47% (343/728)   [Kremote: Compressing objects:  48% (350/728)   [Kremote: Compressing objects:  49% (357/728)   [Kremote: Compressing objects:  50% (364/728)   [Kremote: Compressing objects:  51% (372/728)   [Kremote: Compressing objects:  52% (379/728)   [Kremote: Compressing objects:  53% (386/728)   [Kremote: Compressing objects:  54% (394/728)   [Kremote: Compressing objects:  55% (401/728)   [Kremote: Compressing objects:  56% (408/728)   [Kremote: Compressing objects:  57% (415/728)   [Kremote: Compressing objects:  58% (423/728)   [Kremote: Compressing objects:  59% (430/728)   [Kremote: Compressing objects:  60% (437/728)   [Kremote: Compressing objects:  61% (445/728)   [Kremote: Compressing objects:  62% (452/728)   [Kremote: Compressing objects:  63% (459/728)   [Kremote: Compressing objects:  64% (466/728)   [Kremote: Compressing objects:  65% (474/728)   [Kremote: Compressing objects:  66% (481/728)   [Kremote: Compressing objects:  67% (488/728)   [Kremote: Compressing objects:  68% (496/728)   [Kremote: Compressing objects:  69% (503/728)   [Kremote: Compressing objects:  70% (510/728)   [Kremote: Compressing objects:  71% (517/728)   [Kremote: Compressing objects:  72% (525/728)   [Kremote: Compressing objects:  73% (532/728)   [Kremote: Compressing objects:  74% (539/728)   [Kremote: Compressing objects:  75% (546/728)   [Kremote: Compressing objects:  76% (554/728)   [Kremote: Compressing objects:  77% (561/728)   [Kremote: Compressing objects:  78% (568/728)   [Kremote: Compressing objects:  79% (576/728)   [Kremote: Compressing objects:  80% (583/728)   [Kremote: Compressing objects:  81% (590/728)   [Kremote: Compressing objects:  82% (597/728)   [Kremote: Compressing objects:  83% (605/728)   [Kremote: Compressing objects:  84% (612/728)   [Kremote: Compressing objects:  85% (619/728)   [Kremote: Compressing objects:  86% (627/728)   [Kremote: Compressing objects:  87% (634/728)   [Kremote: Compressing objects:  88% (641/728)   [Kremote: Compressing objects:  89% (648/728)   [Kremote: Compressing objects:  90% (656/728)   [Kremote: Compressing objects:  91% (663/728)   [Kremote: Compressing objects:  92% (670/728)   [Kremote: Compressing objects:  93% (678/728)   [Kremote: Compressing objects:  94% (685/728)   [Kremote: Compressing objects:  95% (692/728)   [Kremote: Compressing objects:  96% (699/728)   [Kremote: Compressing objects:  97% (707/728)   [Kremote: Compressing objects:  98% (714/728)   [Kremote: Compressing objects:  99% (721/728)   [Kremote: Compressing objects: 100% (728/728)   [Kremote: Compressing objects: 100% (728/728), done.[K
Receiving objects:   0% (1/1580)   Receiving objects:   1% (16/1580)   Receiving objects:   2% (32/1580)   Receiving objects:   3% (48/1580)   Receiving objects:   4% (64/1580)   Receiving objects:   5% (79/1580)   Receiving objects:   6% (95/1580)   Receiving objects:   7% (111/1580)   Receiving objects:   8% (127/1580)   Receiving objects:   9% (143/1580)   Receiving objects:  10% (158/1580)   Receiving objects:  11% (174/1580)   Receiving objects:  12% (190/1580)   Receiving objects:  13% (206/1580)   Receiving objects:  14% (222/1580)   Receiving objects:  15% (237/1580)   Receiving objects:  16% (253/1580)   Receiving objects:  17% (269/1580)   Receiving objects:  18% (285/1580)   Receiving objects:  19% (301/1580)   Receiving objects:  20% (316/1580)   Receiving objects:  21% (332/1580)   Receiving objects:  22% (348/1580)   Receiving objects:  23% (364/1580)   Receiving objects:  24% (380/1580)   Receiving objects:  25% (395/1580)   Receiving objects:  26% (411/1580)   Receiving objects:  27% (427/1580)   Receiving objects:  28% (443/1580)   Receiving objects:  29% (459/1580)   Receiving objects:  30% (474/1580)   Receiving objects:  31% (490/1580)   Receiving objects:  32% (506/1580)   Receiving objects:  33% (522/1580)   Receiving objects:  34% (538/1580)   Receiving objects:  35% (553/1580)   Receiving objects:  36% (569/1580)   Receiving objects:  37% (585/1580)   Receiving objects:  38% (601/1580)   Receiving objects:  39% (617/1580)   Receiving objects:  40% (632/1580)   Receiving objects:  41% (648/1580)   Receiving objects:  42% (664/1580)   Receiving objects:  43% (680/1580)   Receiving objects:  44% (696/1580)   Receiving objects:  45% (711/1580)   Receiving objects:  46% (727/1580)   Receiving objects:  47% (743/1580)   Receiving objects:  48% (759/1580)   Receiving objects:  49% (775/1580)   Receiving objects:  50% (790/1580)   Receiving objects:  51% (806/1580)   Receiving objects:  52% (822/1580)   Receiving objects:  53% (838/1580)   Receiving objects:  54% (854/1580)   Receiving objects:  55% (869/1580)   Receiving objects:  56% (885/1580)   Receiving objects:  57% (901/1580)   Receiving objects:  58% (917/1580)   Receiving objects:  59% (933/1580)   remote: Total 1580 (delta 590), reused 1347 (delta 414), pack-reused 0[K
Receiving objects:  60% (948/1580)   Receiving objects:  61% (964/1580)   Receiving objects:  62% (980/1580)   Receiving objects:  63% (996/1580)   Receiving objects:  64% (1012/1580)   Receiving objects:  65% (1027/1580)   Receiving objects:  66% (1043/1580)   Receiving objects:  67% (1059/1580)   Receiving objects:  68% (1075/1580)   Receiving objects:  69% (1091/1580)   Receiving objects:  70% (1106/1580)   Receiving objects:  71% (1122/1580)   Receiving objects:  72% (1138/1580)   Receiving objects:  73% (1154/1580)   Receiving objects:  74% (1170/1580)   Receiving objects:  75% (1185/1580)   Receiving objects:  76% (1201/1580)   Receiving objects:  77% (1217/1580)   Receiving objects:  78% (1233/1580)   Receiving objects:  79% (1249/1580)   Receiving objects:  80% (1264/1580)   Receiving objects:  81% (1280/1580)   Receiving objects:  82% (1296/1580)   Receiving objects:  83% (1312/1580)   Receiving objects:  84% (1328/1580)   Receiving objects:  85% (1343/1580)   Receiving objects:  86% (1359/1580)   Receiving objects:  87% (1375/1580)   Receiving objects:  88% (1391/1580)   Receiving objects:  89% (1407/1580)   Receiving objects:  90% (1422/1580)   Receiving objects:  91% (1438/1580)   Receiving objects:  92% (1454/1580)   Receiving objects:  93% (1470/1580)   Receiving objects:  94% (1486/1580)   Receiving objects:  95% (1501/1580)   Receiving objects:  96% (1517/1580)   Receiving objects:  97% (1533/1580)   Receiving objects:  98% (1549/1580)   Receiving objects:  99% (1565/1580)   Receiving objects: 100% (1580/1580)   Receiving objects: 100% (1580/1580), 336.55 KiB | 0 bytes/s, done.
Resolving deltas:   0% (0/590)   Resolving deltas:   1% (6/590)   Resolving deltas:   2% (12/590)   Resolving deltas:   5% (30/590)   Resolving deltas:   6% (40/590)   Resolving deltas:   8% (51/590)   Resolving deltas:  10% (64/590)   Resolving deltas:  11% (69/590)   Resolving deltas:  20% (119/590)   Resolving deltas:  22% (135/590)   Resolving deltas:  24% (147/590)   Resolving deltas:  25% (148/590)   Resolving deltas:  26% (155/590)   Resolving deltas:  27% (165/590)   Resolving deltas:  28% (166/590)   Resolving deltas:  33% (196/590)   Resolving deltas:  38% (226/590)   Resolving deltas:  41% (247/590)   Resolving deltas:  42% (249/590)   Resolving deltas:  43% (254/590)   Resolving deltas:  44% (260/590)   Resolving deltas:  45% (266/590)   Resolving deltas:  46% (275/590)   Resolving deltas:  47% (279/590)   Resolving deltas:  49% (292/590)   Resolving deltas:  51% (301/590)   Resolving deltas:  52% (307/590)   Resolving deltas:  53% (318/590)   Resolving deltas:  54% (324/590)   Resolving deltas:  56% (334/590)   Resolving deltas:  57% (342/590)   Resolving deltas:  58% (347/590)   Resolving deltas:  59% (349/590)   Resolving deltas:  60% (354/590)   Resolving deltas:  61% (363/590)   Resolving deltas:  62% (371/590)   Resolving deltas:  63% (374/590)   Resolving deltas:  65% (388/590)   Resolving deltas:  67% (401/590)   Resolving deltas:  68% (403/590)   Resolving deltas:  69% (408/590)   Resolving deltas:  71% (419/590)   Resolving deltas:  73% (436/590)   Resolving deltas:  74% (437/590)   Resolving deltas:  75% (445/590)   Resolving deltas:  76% (449/590)   Resolving deltas:  77% (456/590)   Resolving deltas:  78% (463/590)   Resolving deltas:  81% (480/590)   Resolving deltas:  82% (487/590)   Resolving deltas:  83% (492/590)   Resolving deltas:  84% (497/590)   Resolving deltas:  85% (502/590)   Resolving deltas:  86% (510/590)   Resolving deltas:  89% (526/590)   Resolving deltas:  90% (531/590)   Resolving deltas:  91% (539/590)   Resolving deltas:  92% (543/590)   Resolving deltas:  93% (549/590)   Resolving deltas:  94% (557/590)   Resolving deltas:  96% (571/590)   Resolving deltas:  97% (574/590)   Resolving deltas: 100% (590/590)   Resolving deltas: 100% (590/590), done.
Checking connectivity... done.

travis_time:end:03c29080:start=1455034653489139068,finish=1455034653993182547,duration=504043479[0K$ cd square/retrofit
$ git checkout -qf 64cb906465273f144f31ebcd47adccaafa13f272
travis_fold:end:git.checkout[0K
[33;1mThis job is running on container-based infrastructure, which does not allow use of 'sudo', setuid and setguid executables.[0m
[33;1mIf you require sudo, add 'sudo: required' to your .travis.yml[0m
[33;1mSee https://docs.travis-ci.com/user/workers/container-based-infrastructure/ for details.[0m

[33;1mSetting environment variables from .travis.yml[0m
$ export CI_DEPLOY_USERNAME=[secure]
$ export CI_DEPLOY_PASSWORD=[secure]

travis_fold:start:cache.1[0KSetting up build cache
$ export CASHER_DIR=$HOME/.casher
travis_time:start:053b281c[0K$ Installing caching utilities

travis_time:end:053b281c:start=1455034656147062633,finish=1455034656221414088,duration=74351455[0Ktravis_time:start:0168ffd4[0K
travis_time:end:0168ffd4:start=1455034656225839968,finish=1455034656228866340,duration=3026372[0Ktravis_time:start:0430330e[0K[32;1mattempting to download cache archive[0m
[32;1mfetching jwmalformed-resolve/cache--jdk-oraclejdk8.tgz[0m
[32;1mfound cache[0m

travis_time:end:0430330e:start=1455034656232470475,finish=1455034659358449109,duration=3125978634[0Ktravis_time:start:0ba1d0e2[0K
travis_time:end:0ba1d0e2:start=1455034659362371059,finish=1455034659365708723,duration=3337664[0Ktravis_time:start:08fd0957[0K[32;1madding /home/travis/.m2 to cache[0m

travis_time:end:08fd0957:start=1455034659369604587,finish=1455034660947864290,duration=1578259703[0Ktravis_fold:end:cache.1[0K$ jdk_switcher use oraclejdk8
Switching to Oracle JDK8 (java-8-oracle), JAVA_HOME will be set to /usr/lib/jvm/java-8-oracle
$ java -Xmx32m -version
java version "1.8.0_31"
Java(TM) SE Runtime Environment (build 1.8.0_31-b13)
Java HotSpot(TM) 64-Bit Server VM (build 25.31-b07, mixed mode)
$ javac -J-Xmx32m -version
javac 1.8.0_31
travis_fold:start:install[0Ktravis_time:start:093b1e94[0K$ mvn install -DskipTests=true -Dmaven.javadoc.skip=true -B -V
Java HotSpot(TM) 64-Bit Server VM warning: ignoring option MaxPermSize=192m; support was removed in 8.0
Apache Maven 3.2.5 (12a6b3acb947671f09b81f49094c53f426d8cea1; 2014-12-14T17:29:23+00:00)
Maven home: /usr/local/maven
Java version: 1.8.0_31, vendor: Oracle Corporation
Java home: /usr/lib/jvm/java-8-oracle/jre
Default locale: en_US, platform encoding: UTF-8
OS name: "linux", version: "3.13.0-40-generic", arch: "amd64", family: "unix"
[INFO] Scanning for projects...
[WARNING] 
[WARNING] Some problems were encountered while building the effective model for com.squareup.retrofit2:samples:jar:2.0.0-SNAPSHOT
[WARNING] 'build.plugins.plugin.version' for org.apache.maven.plugins:maven-deploy-plugin is missing. @ com.squareup.retrofit2:samples:[unknown-version], /home/travis/build/square/retrofit/samples/pom.xml, line 50, column 15
[WARNING] 
[WARNING] It is highly recommended to fix these problems because they threaten the stability of your build.
[WARNING] 
[WARNING] For this reason, future Maven versions might no longer support building such malformed projects.
[WARNING] 
[INFO] ------------------------------------------------------------------------
[INFO] Reactor Build Order:
[INFO] 
[INFO] Retrofit (Parent)
[INFO] Retrofit
[INFO] Adapters
[INFO] Adapter: Guava
[INFO] Adapter: Java 8
[INFO] Adapter: RxJava
[INFO] Converters
[INFO] Converter: Gson
[INFO] Converter: Protocol Buffers
[INFO] Converter: Jackson
[INFO] Converter: Wire Protocol Buffers
[INFO] Converter: SimpleXML
[INFO] Converter: Java Scalars
[INFO] Converter: Moshi
[INFO] Retrofit Mock Adapter
[INFO] Samples
[INFO]                                                                         
[INFO] ------------------------------------------------------------------------
[INFO] Building Retrofit (Parent) 2.0.0-SNAPSHOT
[INFO] ------------------------------------------------------------------------
[INFO] 
[INFO] --- maven-enforcer-plugin:1.0:enforce (enforce-maven) @ parent ---
[INFO] 
[INFO] --- animal-sniffer-maven-plugin:1.14:check (default) @ parent ---
[INFO] Checking unresolved references to org.codehaus.mojo.signature:java16:1.1
[INFO] 
[INFO] --- maven-javadoc-plugin:2.10.3:jar (attach-javadocs) @ parent ---
[INFO] Skipping javadoc generation
[INFO] 
[INFO] --- maven-checkstyle-plugin:2.15:checkstyle (default) @ parent ---
[INFO] 
[INFO] --- maven-install-plugin:2.4:install (default-install) @ parent ---
[INFO] Installing /home/travis/build/square/retrofit/pom.xml to /home/travis/.m2/repository/com/squareup/retrofit2/parent/2.0.0-SNAPSHOT/parent-2.0.0-SNAPSHOT.pom
[INFO]                                                                         
[INFO] ------------------------------------------------------------------------
[INFO] Building Retrofit 2.0.0-SNAPSHOT
[INFO] ------------------------------------------------------------------------
[INFO] 
[INFO] --- maven-enforcer-plugin:1.0:enforce (enforce-maven) @ retrofit ---
[INFO] 
[INFO] --- maven-resources-plugin:2.6:resources (default-resources) @ retrofit ---
[INFO] Using 'UTF-8' encoding to copy filtered resources.
[INFO] skip non existing resourceDirectory /home/travis/build/square/retrofit/retrofit/src/main/resources
[INFO] 
[INFO] --- maven-compiler-plugin:3.0:compile (default-compile) @ retrofit ---
[INFO] Changes detected - recompiling the module!
[INFO] Compiling 43 source files to /home/travis/build/square/retrofit/retrofit/target/classes
[WARNING] /home/travis/build/square/retrofit/retrofit/src/main/java/retrofit2/Retrofit.java: Some input files use unchecked or unsafe operations.
[WARNING] /home/travis/build/square/retrofit/retrofit/src/main/java/retrofit2/Retrofit.java: Recompile with -Xlint:unchecked for details.
[INFO] 
[INFO] --- maven-resources-plugin:2.6:testResources (default-testResources) @ retrofit ---
[INFO] Using 'UTF-8' encoding to copy filtered resources.
[INFO] skip non existing resourceDirectory /home/travis/build/square/retrofit/retrofit/src/test/resources
[INFO] 
[INFO] --- maven-compiler-plugin:3.0:testCompile (default-testCompile) @ retrofit ---
[INFO] Changes detected - recompiling the module!
[INFO] Compiling 13 source files to /home/travis/build/square/retrofit/retrofit/target/test-classes
[WARNING] /home/travis/build/square/retrofit/retrofit/src/test/java/retrofit2/RetrofitTest.java: /home/travis/build/square/retrofit/retrofit/src/test/java/retrofit2/RetrofitTest.java uses unchecked or unsafe operations.
[WARNING] /home/travis/build/square/retrofit/retrofit/src/test/java/retrofit2/RetrofitTest.java: Recompile with -Xlint:unchecked for details.
[INFO] 
[INFO] --- maven-surefire-plugin:2.12.4:test (default-test) @ retrofit ---
[INFO] Tests are skipped.
[INFO] 
[INFO] --- animal-sniffer-maven-plugin:1.14:check (default) @ retrofit ---
[INFO] Checking unresolved references to org.codehaus.mojo.signature:java16:1.1
[INFO] 
[INFO] --- maven-jar-plugin:2.4:jar (default-jar) @ retrofit ---
[INFO] Building jar: /home/travis/build/square/retrofit/retrofit/target/retrofit-2.0.0-SNAPSHOT.jar
[INFO] 
[INFO] --- maven-javadoc-plugin:2.10.3:jar (attach-javadocs) @ retrofit ---
[INFO] Skipping javadoc generation
[INFO] 
[INFO] --- maven-checkstyle-plugin:2.15:checkstyle (default) @ retrofit ---
[INFO] Starting audit...
Audit done.
[WARNING] Unable to locate Source XRef to link to - DISABLED
[INFO] 
[INFO] --- maven-install-plugin:2.4:install (default-install) @ retrofit ---
[INFO] Installing /home/travis/build/square/retrofit/retrofit/target/retrofit-2.0.0-SNAPSHOT.jar to /home/travis/.m2/repository/com/squareup/retrofit2/retrofit/2.0.0-SNAPSHOT/retrofit-2.0.0-SNAPSHOT.jar
[INFO] Installing /home/travis/build/square/retrofit/retrofit/pom.xml to /home/travis/.m2/repository/com/squareup/retrofit2/retrofit/2.0.0-SNAPSHOT/retrofit-2.0.0-SNAPSHOT.pom
[INFO]                                                                         
[INFO] ------------------------------------------------------------------------
[INFO] Building Adapters 2.0.0-SNAPSHOT
[INFO] ------------------------------------------------------------------------
[INFO] 
[INFO] --- maven-enforcer-plugin:1.0:enforce (enforce-maven) @ retrofit-adapters ---
[INFO] 
[INFO] --- animal-sniffer-maven-plugin:1.14:check (default) @ retrofit-adapters ---
[INFO] Checking unresolved references to org.codehaus.mojo.signature:java16:1.1
[INFO] 
[INFO] --- maven-javadoc-plugin:2.10.3:jar (attach-javadocs) @ retrofit-adapters ---
[INFO] Skipping javadoc generation
[INFO] 
[INFO] --- maven-checkstyle-plugin:2.15:checkstyle (default) @ retrofit-adapters ---
[INFO] 
[INFO] --- maven-install-plugin:2.4:install (default-install) @ retrofit-adapters ---
[INFO] Installing /home/travis/build/square/retrofit/retrofit-adapters/pom.xml to /home/travis/.m2/repository/com/squareup/retrofit2/retrofit-adapters/2.0.0-SNAPSHOT/retrofit-adapters-2.0.0-SNAPSHOT.pom
[INFO]                                                                         
[INFO] ------------------------------------------------------------------------
[INFO] Building Adapter: Guava 2.0.0-SNAPSHOT
[INFO] ------------------------------------------------------------------------
[INFO] 
[INFO] --- maven-enforcer-plugin:1.0:enforce (enforce-maven) @ adapter-guava ---
[INFO] 
[INFO] --- maven-resources-plugin:2.6:resources (default-resources) @ adapter-guava ---
[INFO] Using 'UTF-8' encoding to copy filtered resources.
[INFO] skip non existing resourceDirectory /home/travis/build/square/retrofit/retrofit-adapters/guava/src/main/resources
[INFO] 
[INFO] --- maven-compiler-plugin:3.0:compile (default-compile) @ adapter-guava ---
[INFO] Changes detected - recompiling the module!
[INFO] Compiling 2 source files to /home/travis/build/square/retrofit/retrofit-adapters/guava/target/classes
[INFO] 
[INFO] --- maven-resources-plugin:2.6:testResources (default-testResources) @ adapter-guava ---
[INFO] Using 'UTF-8' encoding to copy filtered resources.
[INFO] skip non existing resourceDirectory /home/travis/build/square/retrofit/retrofit-adapters/guava/src/test/resources
[INFO] 
[INFO] --- maven-compiler-plugin:3.0:testCompile (default-testCompile) @ adapter-guava ---
[INFO] Changes detected - recompiling the module!
[INFO] Compiling 3 source files to /home/travis/build/square/retrofit/retrofit-adapters/guava/target/test-classes
[INFO] 
[INFO] --- maven-surefire-plugin:2.12.4:test (default-test) @ adapter-guava ---
[INFO] Tests are skipped.
[INFO] 
[INFO] --- animal-sniffer-maven-plugin:1.14:check (default) @ adapter-guava ---
[INFO] Checking unresolved references to org.codehaus.mojo.signature:java16:1.1
[INFO] 
[INFO] --- maven-jar-plugin:2.4:jar (default-jar) @ adapter-guava ---
[INFO] Building jar: /home/travis/build/square/retrofit/retrofit-adapters/guava/target/adapter-guava-2.0.0-SNAPSHOT.jar
[INFO] 
[INFO] --- maven-javadoc-plugin:2.10.3:jar (attach-javadocs) @ adapter-guava ---
[INFO] Skipping javadoc generation
[INFO] 
[INFO] --- maven-checkstyle-plugin:2.15:checkstyle (default) @ adapter-guava ---
[INFO] Starting audit...
Audit done.
[WARNING] Unable to locate Source XRef to link to - DISABLED
[INFO] 
[INFO] --- maven-install-plugin:2.4:install (default-install) @ adapter-guava ---
[INFO] Installing /home/travis/build/square/retrofit/retrofit-adapters/guava/target/adapter-guava-2.0.0-SNAPSHOT.jar to /home/travis/.m2/repository/com/squareup/retrofit2/adapter-guava/2.0.0-SNAPSHOT/adapter-guava-2.0.0-SNAPSHOT.jar
[INFO] Installing /home/travis/build/square/retrofit/retrofit-adapters/guava/pom.xml to /home/travis/.m2/repository/com/squareup/retrofit2/adapter-guava/2.0.0-SNAPSHOT/adapter-guava-2.0.0-SNAPSHOT.pom
[INFO]                                                                         
[INFO] ------------------------------------------------------------------------
[INFO] Building Adapter: Java 8 2.0.0-SNAPSHOT
[INFO] ------------------------------------------------------------------------
[INFO] 
[INFO] --- maven-enforcer-plugin:1.0:enforce (enforce-maven) @ adapter-java8 ---
[INFO] 
[INFO] --- maven-resources-plugin:2.6:resources (default-resources) @ adapter-java8 ---
[INFO] Using 'UTF-8' encoding to copy filtered resources.
[INFO] skip non existing resourceDirectory /home/travis/build/square/retrofit/retrofit-adapters/java8/src/main/resources
[INFO] 
[INFO] --- maven-compiler-plugin:3.0:compile (default-compile) @ adapter-java8 ---
[INFO] Changes detected - recompiling the module!
[INFO] Compiling 2 source files to /home/travis/build/square/retrofit/retrofit-adapters/java8/target/classes
[INFO] 
[INFO] --- maven-resources-plugin:2.6:testResources (default-testResources) @ adapter-java8 ---
[INFO] Using 'UTF-8' encoding to copy filtered resources.
[INFO] skip non existing resourceDirectory /home/travis/build/square/retrofit/retrofit-adapters/java8/src/test/resources
[INFO] 
[INFO] --- maven-compiler-plugin:3.0:testCompile (default-testCompile) @ adapter-java8 ---
[INFO] Changes detected - recompiling the module!
[INFO] Compiling 3 source files to /home/travis/build/square/retrofit/retrofit-adapters/java8/target/test-classes
[INFO] 
[INFO] --- maven-surefire-plugin:2.12.4:test (default-test) @ adapter-java8 ---
[INFO] Tests are skipped.
[INFO] 
[INFO] --- animal-sniffer-maven-plugin:1.14:check (default) @ adapter-java8 ---
[INFO] Checking unresolved references to org.kaazing.mojo.signature:java18:1.0
[INFO] 
[INFO] --- maven-jar-plugin:2.4:jar (default-jar) @ adapter-java8 ---
[INFO] Building jar: /home/travis/build/square/retrofit/retrofit-adapters/java8/target/adapter-java8-2.0.0-SNAPSHOT.jar
[INFO] 
[INFO] --- maven-javadoc-plugin:2.10.3:jar (attach-javadocs) @ adapter-java8 ---
[INFO] Skipping javadoc generation
[INFO] 
[INFO] --- maven-checkstyle-plugin:2.15:checkstyle (default) @ adapter-java8 ---
[INFO] Starting audit...
Audit done.
[WARNING] Unable to locate Source XRef to link to - DISABLED
[INFO] 
[INFO] --- maven-install-plugin:2.4:install (default-install) @ adapter-java8 ---
[INFO] Installing /home/travis/build/square/retrofit/retrofit-adapters/java8/target/adapter-java8-2.0.0-SNAPSHOT.jar to /home/travis/.m2/repository/com/squareup/retrofit2/adapter-java8/2.0.0-SNAPSHOT/adapter-java8-2.0.0-SNAPSHOT.jar
[INFO] Installing /home/travis/build/square/retrofit/retrofit-adapters/java8/pom.xml to /home/travis/.m2/repository/com/squareup/retrofit2/adapter-java8/2.0.0-SNAPSHOT/adapter-java8-2.0.0-SNAPSHOT.pom
[INFO]                                                                         
[INFO] ------------------------------------------------------------------------
[INFO] Building Adapter: RxJava 2.0.0-SNAPSHOT
[INFO] ------------------------------------------------------------------------
[INFO] 
[INFO] --- maven-enforcer-plugin:1.0:enforce (enforce-maven) @ adapter-rxjava ---
[INFO] 
[INFO] --- maven-resources-plugin:2.6:resources (default-resources) @ adapter-rxjava ---
[INFO] Using 'UTF-8' encoding to copy filtered resources.
[INFO] skip non existing resourceDirectory /home/travis/build/square/retrofit/retrofit-adapters/rxjava/src/main/resources
[INFO] 
[INFO] --- maven-compiler-plugin:3.0:compile (default-compile) @ adapter-rxjava ---
[INFO] Changes detected - recompiling the module!
[INFO] Compiling 4 source files to /home/travis/build/square/retrofit/retrofit-adapters/rxjava/target/classes
[INFO] 
[INFO] --- maven-resources-plugin:2.6:testResources (default-testResources) @ adapter-rxjava ---
[INFO] Using 'UTF-8' encoding to copy filtered resources.
[INFO] skip non existing resourceDirectory /home/travis/build/square/retrofit/retrofit-adapters/rxjava/src/test/resources
[INFO] 
[INFO] --- maven-compiler-plugin:3.0:testCompile (default-testCompile) @ adapter-rxjava ---
[INFO] Changes detected - recompiling the module!
[INFO] Compiling 5 source files to /home/travis/build/square/retrofit/retrofit-adapters/rxjava/target/test-classes
[INFO] 
[INFO] --- maven-surefire-plugin:2.12.4:test (default-test) @ adapter-rxjava ---
[INFO] Tests are skipped.
[INFO] 
[INFO] --- animal-sniffer-maven-plugin:1.14:check (default) @ adapter-rxjava ---
[INFO] Checking unresolved references to org.codehaus.mojo.signature:java16:1.1
[INFO] 
[INFO] --- maven-jar-plugin:2.4:jar (default-jar) @ adapter-rxjava ---
[INFO] Building jar: /home/travis/build/square/retrofit/retrofit-adapters/rxjava/target/adapter-rxjava-2.0.0-SNAPSHOT.jar
[INFO] 
[INFO] --- maven-javadoc-plugin:2.10.3:jar (attach-javadocs) @ adapter-rxjava ---
[INFO] Skipping javadoc generation
[INFO] 
[INFO] --- maven-checkstyle-plugin:2.15:checkstyle (default) @ adapter-rxjava ---
[INFO] Starting audit...
Audit done.
[WARNING] Unable to locate Source XRef to link to - DISABLED
[INFO] 
[INFO] --- maven-install-plugin:2.4:install (default-install) @ adapter-rxjava ---
[INFO] Installing /home/travis/build/square/retrofit/retrofit-adapters/rxjava/target/adapter-rxjava-2.0.0-SNAPSHOT.jar to /home/travis/.m2/repository/com/squareup/retrofit2/adapter-rxjava/2.0.0-SNAPSHOT/adapter-rxjava-2.0.0-SNAPSHOT.jar
[INFO] Installing /home/travis/build/square/retrofit/retrofit-adapters/rxjava/pom.xml to /home/travis/.m2/repository/com/squareup/retrofit2/adapter-rxjava/2.0.0-SNAPSHOT/adapter-rxjava-2.0.0-SNAPSHOT.pom
[INFO]                                                                         
[INFO] ------------------------------------------------------------------------
[INFO] Building Converters 2.0.0-SNAPSHOT
[INFO] ------------------------------------------------------------------------
[INFO] 
[INFO] --- maven-enforcer-plugin:1.0:enforce (enforce-maven) @ retrofit-converters ---
[INFO] 
[INFO] --- animal-sniffer-maven-plugin:1.14:check (default) @ retrofit-converters ---
[INFO] Checking unresolved references to org.codehaus.mojo.signature:java16:1.1
[INFO] 
[INFO] --- maven-javadoc-plugin:2.10.3:jar (attach-javadocs) @ retrofit-converters ---
[INFO] Skipping javadoc generation
[INFO] 
[INFO] --- maven-checkstyle-plugin:2.15:checkstyle (default) @ retrofit-converters ---
[INFO] 
[INFO] --- maven-install-plugin:2.4:install (default-install) @ retrofit-converters ---
[INFO] Installing /home/travis/build/square/retrofit/retrofit-converters/pom.xml to /home/travis/.m2/repository/com/squareup/retrofit2/retrofit-converters/2.0.0-SNAPSHOT/retrofit-converters-2.0.0-SNAPSHOT.pom
[INFO]                                                                         
[INFO] ------------------------------------------------------------------------
[INFO] Building Converter: Gson 2.0.0-SNAPSHOT
[INFO] ------------------------------------------------------------------------
[INFO] 
[INFO] --- maven-enforcer-plugin:1.0:enforce (enforce-maven) @ converter-gson ---
[INFO] 
[INFO] --- maven-resources-plugin:2.6:resources (default-resources) @ converter-gson ---
[INFO] Using 'UTF-8' encoding to copy filtered resources.
[INFO] skip non existing resourceDirectory /home/travis/build/square/retrofit/retrofit-converters/gson/src/main/resources
[INFO] 
[INFO] --- maven-compiler-plugin:3.0:compile (default-compile) @ converter-gson ---
[INFO] Changes detected - recompiling the module!
[INFO] Compiling 3 source files to /home/travis/build/square/retrofit/retrofit-converters/gson/target/classes
[INFO] 
[INFO] --- maven-resources-plugin:2.6:testResources (default-testResources) @ converter-gson ---
[INFO] Using 'UTF-8' encoding to copy filtered resources.
[INFO] skip non existing resourceDirectory /home/travis/build/square/retrofit/retrofit-converters/gson/src/test/resources
[INFO] 
[INFO] --- maven-compiler-plugin:3.0:testCompile (default-testCompile) @ converter-gson ---
[INFO] Changes detected - recompiling the module!
[INFO] Compiling 1 source file to /home/travis/build/square/retrofit/retrofit-converters/gson/target/test-classes
[INFO] 
[INFO] --- maven-surefire-plugin:2.12.4:test (default-test) @ converter-gson ---
[INFO] Tests are skipped.
[INFO] 
[INFO] --- animal-sniffer-maven-plugin:1.14:check (default) @ converter-gson ---
[INFO] Checking unresolved references to org.codehaus.mojo.signature:java16:1.1
[INFO] 
[INFO] --- maven-jar-plugin:2.4:jar (default-jar) @ converter-gson ---
[INFO] Building jar: /home/travis/build/square/retrofit/retrofit-converters/gson/target/converter-gson-2.0.0-SNAPSHOT.jar
[INFO] 
[INFO] --- maven-javadoc-plugin:2.10.3:jar (attach-javadocs) @ converter-gson ---
[INFO] Skipping javadoc generation
[INFO] 
[INFO] --- maven-checkstyle-plugin:2.15:checkstyle (default) @ converter-gson ---
[INFO] Starting audit...
Audit done.
[WARNING] Unable to locate Source XRef to link to - DISABLED
[INFO] 
[INFO] --- maven-install-plugin:2.4:install (default-install) @ converter-gson ---
[INFO] Installing /home/travis/build/square/retrofit/retrofit-converters/gson/target/converter-gson-2.0.0-SNAPSHOT.jar to /home/travis/.m2/repository/com/squareup/retrofit2/converter-gson/2.0.0-SNAPSHOT/converter-gson-2.0.0-SNAPSHOT.jar
[INFO] Installing /home/travis/build/square/retrofit/retrofit-converters/gson/pom.xml to /home/travis/.m2/repository/com/squareup/retrofit2/converter-gson/2.0.0-SNAPSHOT/converter-gson-2.0.0-SNAPSHOT.pom
[INFO]                                                                         
[INFO] ------------------------------------------------------------------------
[INFO] Building Converter: Protocol Buffers 2.0.0-SNAPSHOT
[INFO] ------------------------------------------------------------------------
[INFO] 
[INFO] --- maven-enforcer-plugin:1.0:enforce (enforce-maven) @ converter-protobuf ---
[INFO] 
[INFO] --- maven-resources-plugin:2.6:resources (default-resources) @ converter-protobuf ---
[INFO] Using 'UTF-8' encoding to copy filtered resources.
[INFO] skip non existing resourceDirectory /home/travis/build/square/retrofit/retrofit-converters/protobuf/src/main/resources
[INFO] 
[INFO] --- maven-compiler-plugin:3.0:compile (default-compile) @ converter-protobuf ---
[INFO] Changes detected - recompiling the module!
[INFO] Compiling 3 source files to /home/travis/build/square/retrofit/retrofit-converters/protobuf/target/classes
[WARNING] /home/travis/build/square/retrofit/retrofit-converters/protobuf/src/main/java/retrofit2/converter/protobuf/ProtoConverterFactory.java: /home/travis/build/square/retrofit/retrofit-converters/protobuf/src/main/java/retrofit2/converter/protobuf/ProtoConverterFactory.java uses unchecked or unsafe operations.
[WARNING] /home/travis/build/square/retrofit/retrofit-converters/protobuf/src/main/java/retrofit2/converter/protobuf/ProtoConverterFactory.java: Recompile with -Xlint:unchecked for details.
[INFO] 
[INFO] --- maven-resources-plugin:2.6:testResources (default-testResources) @ converter-protobuf ---
[INFO] Using 'UTF-8' encoding to copy filtered resources.
[INFO] skip non existing resourceDirectory /home/travis/build/square/retrofit/retrofit-converters/protobuf/src/test/resources
[INFO] 
[INFO] --- maven-compiler-plugin:3.0:testCompile (default-testCompile) @ converter-protobuf ---
[INFO] Changes detected - recompiling the module!
[INFO] Compiling 2 source files to /home/travis/build/square/retrofit/retrofit-converters/protobuf/target/test-classes
[INFO] 
[INFO] --- maven-surefire-plugin:2.12.4:test (default-test) @ converter-protobuf ---
[INFO] Tests are skipped.
[INFO] 
[INFO] --- animal-sniffer-maven-plugin:1.14:check (default) @ converter-protobuf ---
[INFO] Checking unresolved references to org.codehaus.mojo.signature:java16:1.1
[INFO] 
[INFO] --- maven-jar-plugin:2.4:jar (default-jar) @ converter-protobuf ---
[INFO] Building jar: /home/travis/build/square/retrofit/retrofit-converters/protobuf/target/converter-protobuf-2.0.0-SNAPSHOT.jar
[INFO] 
[INFO] --- maven-javadoc-plugin:2.10.3:jar (attach-javadocs) @ converter-protobuf ---
[INFO] Skipping javadoc generation
[INFO] 
[INFO] --- maven-checkstyle-plugin:2.15:checkstyle (default) @ converter-protobuf ---
[INFO] Starting audit...
Audit done.
[WARNING] Unable to locate Source XRef to link to - DISABLED
[INFO] 
[INFO] --- maven-install-plugin:2.4:install (default-install) @ converter-protobuf ---
[INFO] Installing /home/travis/build/square/retrofit/retrofit-converters/protobuf/target/converter-protobuf-2.0.0-SNAPSHOT.jar to /home/travis/.m2/repository/com/squareup/retrofit2/converter-protobuf/2.0.0-SNAPSHOT/converter-protobuf-2.0.0-SNAPSHOT.jar
[INFO] Installing /home/travis/build/square/retrofit/retrofit-converters/protobuf/pom.xml to /home/travis/.m2/repository/com/squareup/retrofit2/converter-protobuf/2.0.0-SNAPSHOT/converter-protobuf-2.0.0-SNAPSHOT.pom
[INFO]                                                                         
[INFO] ------------------------------------------------------------------------
[INFO] Building Converter: Jackson 2.0.0-SNAPSHOT
[INFO] ------------------------------------------------------------------------
[INFO] 
[INFO] --- maven-enforcer-plugin:1.0:enforce (enforce-maven) @ converter-jackson ---
[INFO] 
[INFO] --- maven-resources-plugin:2.6:resources (default-resources) @ converter-jackson ---
[INFO] Using 'UTF-8' encoding to copy filtered resources.
[INFO] skip non existing resourceDirectory /home/travis/build/square/retrofit/retrofit-converters/jackson/src/main/resources
[INFO] 
[INFO] --- maven-compiler-plugin:3.0:compile (default-compile) @ converter-jackson ---
[INFO] Changes detected - recompiling the module!
[INFO] Compiling 3 source files to /home/travis/build/square/retrofit/retrofit-converters/jackson/target/classes
[INFO] 
[INFO] --- maven-resources-plugin:2.6:testResources (default-testResources) @ converter-jackson ---
[INFO] Using 'UTF-8' encoding to copy filtered resources.
[INFO] skip non existing resourceDirectory /home/travis/build/square/retrofit/retrofit-converters/jackson/src/test/resources
[INFO] 
[INFO] --- maven-compiler-plugin:3.0:testCompile (default-testCompile) @ converter-jackson ---
[INFO] Changes detected - recompiling the module!
[INFO] Compiling 1 source file to /home/travis/build/square/retrofit/retrofit-converters/jackson/target/test-classes
[INFO] 
[INFO] --- maven-surefire-plugin:2.12.4:test (default-test) @ converter-jackson ---
[INFO] Tests are skipped.
[INFO] 
[INFO] --- animal-sniffer-maven-plugin:1.14:check (default) @ converter-jackson ---
[INFO] Checking unresolved references to org.codehaus.mojo.signature:java16:1.1
[INFO] 
[INFO] --- maven-jar-plugin:2.4:jar (default-jar) @ converter-jackson ---
[INFO] Building jar: /home/travis/build/square/retrofit/retrofit-converters/jackson/target/converter-jackson-2.0.0-SNAPSHOT.jar
[INFO] 
[INFO] --- maven-javadoc-plugin:2.10.3:jar (attach-javadocs) @ converter-jackson ---
[INFO] Skipping javadoc generation
[INFO] 
[INFO] --- maven-checkstyle-plugin:2.15:checkstyle (default) @ converter-jackson ---
[INFO] Starting audit...
Audit done.
[WARNING] Unable to locate Source XRef to link to - DISABLED
[INFO] 
[INFO] --- maven-install-plugin:2.4:install (default-install) @ converter-jackson ---
[INFO] Installing /home/travis/build/square/retrofit/retrofit-converters/jackson/target/converter-jackson-2.0.0-SNAPSHOT.jar to /home/travis/.m2/repository/com/squareup/retrofit2/converter-jackson/2.0.0-SNAPSHOT/converter-jackson-2.0.0-SNAPSHOT.jar
[INFO] Installing /home/travis/build/square/retrofit/retrofit-converters/jackson/pom.xml to /home/travis/.m2/repository/com/squareup/retrofit2/converter-jackson/2.0.0-SNAPSHOT/converter-jackson-2.0.0-SNAPSHOT.pom
[INFO]                                                                         
[INFO] ------------------------------------------------------------------------
[INFO] Building Converter: Wire Protocol Buffers 2.0.0-SNAPSHOT
[INFO] ------------------------------------------------------------------------
[INFO] 
[INFO] --- maven-enforcer-plugin:1.0:enforce (enforce-maven) @ converter-wire ---
[INFO] 
[INFO] --- maven-resources-plugin:2.6:resources (default-resources) @ converter-wire ---
[INFO] Using 'UTF-8' encoding to copy filtered resources.
[INFO] skip non existing resourceDirectory /home/travis/build/square/retrofit/retrofit-converters/wire/src/main/resources
[INFO] 
[INFO] --- maven-compiler-plugin:3.0:compile (default-compile) @ converter-wire ---
[INFO] Changes detected - recompiling the module!
[INFO] Compiling 3 source files to /home/travis/build/square/retrofit/retrofit-converters/wire/target/classes
[WARNING] /home/travis/build/square/retrofit/retrofit-converters/wire/src/main/java/retrofit2/converter/wire/WireConverterFactory.java: /home/travis/build/square/retrofit/retrofit-converters/wire/src/main/java/retrofit2/converter/wire/WireConverterFactory.java uses unchecked or unsafe operations.
[WARNING] /home/travis/build/square/retrofit/retrofit-converters/wire/src/main/java/retrofit2/converter/wire/WireConverterFactory.java: Recompile with -Xlint:unchecked for details.
[INFO] 
[INFO] --- maven-resources-plugin:2.6:testResources (default-testResources) @ converter-wire ---
[INFO] Using 'UTF-8' encoding to copy filtered resources.
[INFO] skip non existing resourceDirectory /home/travis/build/square/retrofit/retrofit-converters/wire/src/test/resources
[INFO] 
[INFO] --- maven-compiler-plugin:3.0:testCompile (default-testCompile) @ converter-wire ---
[INFO] Changes detected - recompiling the module!
[INFO] Compiling 2 source files to /home/travis/build/square/retrofit/retrofit-converters/wire/target/test-classes
[INFO] 
[INFO] --- maven-surefire-plugin:2.12.4:test (default-test) @ converter-wire ---
[INFO] Tests are skipped.
[INFO] 
[INFO] --- animal-sniffer-maven-plugin:1.14:check (default) @ converter-wire ---
[INFO] Checking unresolved references to org.codehaus.mojo.signature:java16:1.1
[INFO] 
[INFO] --- maven-jar-plugin:2.4:jar (default-jar) @ converter-wire ---
[INFO] Building jar: /home/travis/build/square/retrofit/retrofit-converters/wire/target/converter-wire-2.0.0-SNAPSHOT.jar
[INFO] 
[INFO] --- maven-javadoc-plugin:2.10.3:jar (attach-javadocs) @ converter-wire ---
[INFO] Skipping javadoc generation
[INFO] 
[INFO] --- maven-checkstyle-plugin:2.15:checkstyle (default) @ converter-wire ---
[INFO] Starting audit...
Audit done.
[WARNING] Unable to locate Source XRef to link to - DISABLED
[INFO] 
[INFO] --- maven-install-plugin:2.4:install (default-install) @ converter-wire ---
[INFO] Installing /home/travis/build/square/retrofit/retrofit-converters/wire/target/converter-wire-2.0.0-SNAPSHOT.jar to /home/travis/.m2/repository/com/squareup/retrofit2/converter-wire/2.0.0-SNAPSHOT/converter-wire-2.0.0-SNAPSHOT.jar
[INFO] Installing /home/travis/build/square/retrofit/retrofit-converters/wire/pom.xml to /home/travis/.m2/repository/com/squareup/retrofit2/converter-wire/2.0.0-SNAPSHOT/converter-wire-2.0.0-SNAPSHOT.pom
[INFO]                                                                         
[INFO] ------------------------------------------------------------------------
[INFO] Building Converter: SimpleXML 2.0.0-SNAPSHOT
[INFO] ------------------------------------------------------------------------
[INFO] 
[INFO] --- maven-enforcer-plugin:1.0:enforce (enforce-maven) @ converter-simplexml ---
[INFO] 
[INFO] --- maven-resources-plugin:2.6:resources (default-resources) @ converter-simplexml ---
[INFO] Using 'UTF-8' encoding to copy filtered resources.
[INFO] skip non existing resourceDirectory /home/travis/build/square/retrofit/retrofit-converters/simplexml/src/main/resources
[INFO] 
[INFO] --- maven-compiler-plugin:3.0:compile (default-compile) @ converter-simplexml ---
[INFO] Changes detected - recompiling the module!
[INFO] Compiling 3 source files to /home/travis/build/square/retrofit/retrofit-converters/simplexml/target/classes
[INFO] 
[INFO] --- maven-resources-plugin:2.6:testResources (default-testResources) @ converter-simplexml ---
[INFO] Using 'UTF-8' encoding to copy filtered resources.
[INFO] skip non existing resourceDirectory /home/travis/build/square/retrofit/retrofit-converters/simplexml/src/test/resources
[INFO] 
[INFO] --- maven-compiler-plugin:3.0:testCompile (default-testCompile) @ converter-simplexml ---
[INFO] Changes detected - recompiling the module!
[INFO] Compiling 2 source files to /home/travis/build/square/retrofit/retrofit-converters/simplexml/target/test-classes
[INFO] 
[INFO] --- maven-surefire-plugin:2.12.4:test (default-test) @ converter-simplexml ---
[INFO] Tests are skipped.
[INFO] 
[INFO] --- animal-sniffer-maven-plugin:1.14:check (default) @ converter-simplexml ---
[INFO] Checking unresolved references to org.codehaus.mojo.signature:java16:1.1
[INFO] 
[INFO] --- maven-jar-plugin:2.4:jar (default-jar) @ converter-simplexml ---
[INFO] Building jar: /home/travis/build/square/retrofit/retrofit-converters/simplexml/target/converter-simplexml-2.0.0-SNAPSHOT.jar
[INFO] 
[INFO] --- maven-javadoc-plugin:2.10.3:jar (attach-javadocs) @ converter-simplexml ---
[INFO] Skipping javadoc generation
[INFO] 
[INFO] --- maven-checkstyle-plugin:2.15:checkstyle (default) @ converter-simplexml ---
[INFO] Starting audit...
Audit done.
[WARNING] Unable to locate Source XRef to link to - DISABLED
[INFO] 
[INFO] --- maven-install-plugin:2.4:install (default-install) @ converter-simplexml ---
[INFO] Installing /home/travis/build/square/retrofit/retrofit-converters/simplexml/target/converter-simplexml-2.0.0-SNAPSHOT.jar to /home/travis/.m2/repository/com/squareup/retrofit2/converter-simplexml/2.0.0-SNAPSHOT/converter-simplexml-2.0.0-SNAPSHOT.jar
[INFO] Installing /home/travis/build/square/retrofit/retrofit-converters/simplexml/pom.xml to /home/travis/.m2/repository/com/squareup/retrofit2/converter-simplexml/2.0.0-SNAPSHOT/converter-simplexml-2.0.0-SNAPSHOT.pom
[INFO]                                                                         
[INFO] ------------------------------------------------------------------------
[INFO] Building Converter: Java Scalars 2.0.0-SNAPSHOT
[INFO] ------------------------------------------------------------------------
[INFO] 
[INFO] --- maven-enforcer-plugin:1.0:enforce (enforce-maven) @ converter-scalars ---
[INFO] 
[INFO] --- maven-resources-plugin:2.6:resources (default-resources) @ converter-scalars ---
[INFO] Using 'UTF-8' encoding to copy filtered resources.
[INFO] skip non existing resourceDirectory /home/travis/build/square/retrofit/retrofit-converters/scalars/src/main/resources
[INFO] 
[INFO] --- maven-compiler-plugin:3.0:compile (default-compile) @ converter-scalars ---
[INFO] Changes detected - recompiling the module!
[INFO] Compiling 3 source files to /home/travis/build/square/retrofit/retrofit-converters/scalars/target/classes
[INFO] 
[INFO] --- maven-resources-plugin:2.6:testResources (default-testResources) @ converter-scalars ---
[INFO] Using 'UTF-8' encoding to copy filtered resources.
[INFO] skip non existing resourceDirectory /home/travis/build/square/retrofit/retrofit-converters/scalars/src/test/resources
[INFO] 
[INFO] --- maven-compiler-plugin:3.0:testCompile (default-testCompile) @ converter-scalars ---
[INFO] Changes detected - recompiling the module!
[INFO] Compiling 1 source file to /home/travis/build/square/retrofit/retrofit-converters/scalars/target/test-classes
[INFO] 
[INFO] --- maven-surefire-plugin:2.12.4:test (default-test) @ converter-scalars ---
[INFO] Tests are skipped.
[INFO] 
[INFO] --- animal-sniffer-maven-plugin:1.14:check (default) @ converter-scalars ---
[INFO] Checking unresolved references to org.codehaus.mojo.signature:java16:1.1
[INFO] 
[INFO] --- maven-jar-plugin:2.4:jar (default-jar) @ converter-scalars ---
[INFO] Building jar: /home/travis/build/square/retrofit/retrofit-converters/scalars/target/converter-scalars-2.0.0-SNAPSHOT.jar
[INFO] 
[INFO] --- maven-javadoc-plugin:2.10.3:jar (attach-javadocs) @ converter-scalars ---
[INFO] Skipping javadoc generation
[INFO] 
[INFO] --- maven-checkstyle-plugin:2.15:checkstyle (default) @ converter-scalars ---
[INFO] Starting audit...
Audit done.
[WARNING] Unable to locate Source XRef to link to - DISABLED
[INFO] 
[INFO] --- maven-install-plugin:2.4:install (default-install) @ converter-scalars ---
[INFO] Installing /home/travis/build/square/retrofit/retrofit-converters/scalars/target/converter-scalars-2.0.0-SNAPSHOT.jar to /home/travis/.m2/repository/com/squareup/retrofit2/converter-scalars/2.0.0-SNAPSHOT/converter-scalars-2.0.0-SNAPSHOT.jar
[INFO] Installing /home/travis/build/square/retrofit/retrofit-converters/scalars/pom.xml to /home/travis/.m2/repository/com/squareup/retrofit2/converter-scalars/2.0.0-SNAPSHOT/converter-scalars-2.0.0-SNAPSHOT.pom
[INFO]                                                                         
[INFO] ------------------------------------------------------------------------
[INFO] Building Converter: Moshi 2.0.0-SNAPSHOT
[INFO] ------------------------------------------------------------------------
[INFO] 
[INFO] --- maven-enforcer-plugin:1.0:enforce (enforce-maven) @ converter-moshi ---
[INFO] 
[INFO] --- maven-resources-plugin:2.6:resources (default-resources) @ converter-moshi ---
[INFO] Using 'UTF-8' encoding to copy filtered resources.
[INFO] skip non existing resourceDirectory /home/travis/build/square/retrofit/retrofit-converters/moshi/src/main/resources
[INFO] 
[INFO] --- maven-compiler-plugin:3.0:compile (default-compile) @ converter-moshi ---
[INFO] Changes detected - recompiling the module!
[INFO] Compiling 3 source files to /home/travis/build/square/retrofit/retrofit-converters/moshi/target/classes
[INFO] 
[INFO] --- maven-resources-plugin:2.6:testResources (default-testResources) @ converter-moshi ---
[INFO] Using 'UTF-8' encoding to copy filtered resources.
[INFO] skip non existing resourceDirectory /home/travis/build/square/retrofit/retrofit-converters/moshi/src/test/resources
[INFO] 
[INFO] --- maven-compiler-plugin:3.0:testCompile (default-testCompile) @ converter-moshi ---
[INFO] Changes detected - recompiling the module!
[INFO] Compiling 1 source file to /home/travis/build/square/retrofit/retrofit-converters/moshi/target/test-classes
[INFO] 
[INFO] --- maven-surefire-plugin:2.12.4:test (default-test) @ converter-moshi ---
[INFO] Tests are skipped.
[INFO] 
[INFO] --- animal-sniffer-maven-plugin:1.14:check (default) @ converter-moshi ---
[INFO] Checking unresolved references to org.codehaus.mojo.signature:java16:1.1
[INFO] 
[INFO] --- maven-jar-plugin:2.4:jar (default-jar) @ converter-moshi ---
[INFO] Building jar: /home/travis/build/square/retrofit/retrofit-converters/moshi/target/converter-moshi-2.0.0-SNAPSHOT.jar
[INFO] 
[INFO] --- maven-javadoc-plugin:2.10.3:jar (attach-javadocs) @ converter-moshi ---
[INFO] Skipping javadoc generation
[INFO] 
[INFO] --- maven-checkstyle-plugin:2.15:checkstyle (default) @ converter-moshi ---
[INFO] Starting audit...
Audit done.
[WARNING] Unable to locate Source XRef to link to - DISABLED
[INFO] 
[INFO] --- maven-install-plugin:2.4:install (default-install) @ converter-moshi ---
[INFO] Installing /home/travis/build/square/retrofit/retrofit-converters/moshi/target/converter-moshi-2.0.0-SNAPSHOT.jar to /home/travis/.m2/repository/com/squareup/retrofit2/converter-moshi/2.0.0-SNAPSHOT/converter-moshi-2.0.0-SNAPSHOT.jar
[INFO] Installing /home/travis/build/square/retrofit/retrofit-converters/moshi/pom.xml to /home/travis/.m2/repository/com/squareup/retrofit2/converter-moshi/2.0.0-SNAPSHOT/converter-moshi-2.0.0-SNAPSHOT.pom
[INFO]                                                                         
[INFO] ------------------------------------------------------------------------
[INFO] Building Retrofit Mock Adapter 2.0.0-SNAPSHOT
[INFO] ------------------------------------------------------------------------
[INFO] 
[INFO] --- maven-enforcer-plugin:1.0:enforce (enforce-maven) @ retrofit-mock ---
[INFO] 
[INFO] --- maven-resources-plugin:2.6:resources (default-resources) @ retrofit-mock ---
[INFO] Using 'UTF-8' encoding to copy filtered resources.
[INFO] skip non existing resourceDirectory /home/travis/build/square/retrofit/retrofit-mock/src/main/resources
[INFO] 
[INFO] --- maven-compiler-plugin:3.0:compile (default-compile) @ retrofit-mock ---
[INFO] Changes detected - recompiling the module!
[INFO] Compiling 5 source files to /home/travis/build/square/retrofit/retrofit-mock/target/classes
[INFO] 
[INFO] --- maven-resources-plugin:2.6:testResources (default-testResources) @ retrofit-mock ---
[INFO] Using 'UTF-8' encoding to copy filtered resources.
[INFO] skip non existing resourceDirectory /home/travis/build/square/retrofit/retrofit-mock/src/test/resources
[INFO] 
[INFO] --- maven-compiler-plugin:3.0:testCompile (default-testCompile) @ retrofit-mock ---
[INFO] Changes detected - recompiling the module!
[INFO] Compiling 3 source files to /home/travis/build/square/retrofit/retrofit-mock/target/test-classes
[INFO] 
[INFO] --- maven-surefire-plugin:2.12.4:test (default-test) @ retrofit-mock ---
[INFO] Tests are skipped.
[INFO] 
[INFO] --- animal-sniffer-maven-plugin:1.14:check (default) @ retrofit-mock ---
[INFO] Checking unresolved references to org.codehaus.mojo.signature:java16:1.1
[INFO] 
[INFO] --- maven-jar-plugin:2.4:jar (default-jar) @ retrofit-mock ---
[INFO] Building jar: /home/travis/build/square/retrofit/retrofit-mock/target/retrofit-mock-2.0.0-SNAPSHOT.jar
[INFO] 
[INFO] --- maven-javadoc-plugin:2.10.3:jar (attach-javadocs) @ retrofit-mock ---
[INFO] Skipping javadoc generation
[INFO] 
[INFO] --- maven-checkstyle-plugin:2.15:checkstyle (default) @ retrofit-mock ---
[INFO] Starting audit...
Audit done.
[WARNING] Unable to locate Source XRef to link to - DISABLED
[INFO] 
[INFO] --- maven-install-plugin:2.4:install (default-install) @ retrofit-mock ---
[INFO] Installing /home/travis/build/square/retrofit/retrofit-mock/target/retrofit-mock-2.0.0-SNAPSHOT.jar to /home/travis/.m2/repository/com/squareup/retrofit2/retrofit-mock/2.0.0-SNAPSHOT/retrofit-mock-2.0.0-SNAPSHOT.jar
[INFO] Installing /home/travis/build/square/retrofit/retrofit-mock/pom.xml to /home/travis/.m2/repository/com/squareup/retrofit2/retrofit-mock/2.0.0-SNAPSHOT/retrofit-mock-2.0.0-SNAPSHOT.pom
[INFO]                                                                         
[INFO] ------------------------------------------------------------------------
[INFO] Building Samples 2.0.0-SNAPSHOT
[INFO] ------------------------------------------------------------------------
[INFO] 
[INFO] --- maven-enforcer-plugin:1.0:enforce (enforce-maven) @ samples ---
[INFO] 
[INFO] --- maven-resources-plugin:2.6:resources (default-resources) @ samples ---
[INFO] Using 'UTF-8' encoding to copy filtered resources.
[INFO] skip non existing resourceDirectory /home/travis/build/square/retrofit/samples/src/main/resources
[INFO] 
[INFO] --- maven-compiler-plugin:3.0:compile (default-compile) @ samples ---
[INFO] Changes detected - recompiling the module!
[INFO] Compiling 7 source files to /home/travis/build/square/retrofit/samples/target/classes
[INFO] 
[INFO] --- maven-resources-plugin:2.6:testResources (default-testResources) @ samples ---
[INFO] Using 'UTF-8' encoding to copy filtered resources.
[INFO] skip non existing resourceDirectory /home/travis/build/square/retrofit/samples/src/test/resources
[INFO] 
[INFO] --- maven-compiler-plugin:3.0:testCompile (default-testCompile) @ samples ---
[INFO] No sources to compile
[INFO] 
[INFO] --- maven-surefire-plugin:2.12.4:test (default-test) @ samples ---
[INFO] Tests are skipped.
[INFO] 
[INFO] --- animal-sniffer-maven-plugin:1.14:check (default) @ samples ---
[INFO] Checking unresolved references to org.codehaus.mojo.signature:java16:1.1
[INFO] 
[INFO] --- maven-jar-plugin:2.4:jar (default-jar) @ samples ---
[INFO] Building jar: /home/travis/build/square/retrofit/samples/target/samples-2.0.0-SNAPSHOT.jar
[INFO] 
[INFO] --- maven-javadoc-plugin:2.10.3:jar (attach-javadocs) @ samples ---
[INFO] Skipping javadoc generation
[INFO] 
[INFO] --- maven-checkstyle-plugin:2.15:checkstyle (default) @ samples ---
[INFO] Starting audit...
Audit done.
[WARNING] Unable to locate Source XRef to link to - DISABLED
[INFO] 
[INFO] --- maven-install-plugin:2.4:install (default-install) @ samples ---
[INFO] Installing /home/travis/build/square/retrofit/samples/target/samples-2.0.0-SNAPSHOT.jar to /home/travis/.m2/repository/com/squareup/retrofit2/samples/2.0.0-SNAPSHOT/samples-2.0.0-SNAPSHOT.jar
[INFO] Installing /home/travis/build/square/retrofit/samples/pom.xml to /home/travis/.m2/repository/com/squareup/retrofit2/samples/2.0.0-SNAPSHOT/samples-2.0.0-SNAPSHOT.pom
[INFO] ------------------------------------------------------------------------
[INFO] Reactor Summary:
[INFO] 
[INFO] Retrofit (Parent) .................................. SUCCESS [  5.649 s]
[INFO] Retrofit ........................................... SUCCESS [ 15.312 s]
[INFO] Adapters ........................................... SUCCESS [  0.302 s]
[INFO] Adapter: Guava ..................................... SUCCESS [  1.876 s]
[INFO] Adapter: Java 8 .................................... SUCCESS [  2.619 s]
[INFO] Adapter: RxJava .................................... SUCCESS [  2.142 s]
[INFO] Converters ......................................... SUCCESS [  0.169 s]
[INFO] Converter: Gson .................................... SUCCESS [  1.432 s]
[INFO] Converter: Protocol Buffers ........................ SUCCESS [  1.213 s]
[INFO] Converter: Jackson ................................. SUCCESS [  1.021 s]
[INFO] Converter: Wire Protocol Buffers ................... SUCCESS [  1.194 s]
[INFO] Converter: SimpleXML ............................... SUCCESS [  1.393 s]
[INFO] Converter: Java Scalars ............................ SUCCESS [  1.022 s]
[INFO] Converter: Moshi ................................... SUCCESS [  0.636 s]
[INFO] Retrofit Mock Adapter .............................. SUCCESS [  0.943 s]
[INFO] Samples ............................................ SUCCESS [  1.600 s]
[INFO] ------------------------------------------------------------------------
[INFO] BUILD SUCCESS
[INFO] ------------------------------------------------------------------------
[INFO] Total time: 38.978 s
[INFO] Finished at: 2016-02-09T16:18:22+00:00
[INFO] Final Memory: 44M/446M
[INFO] ------------------------------------------------------------------------

travis_time:end:093b1e94:start=1455034661703310299,finish=1455034703153246250,duration=41449935951[0Ktravis_fold:end:install[0Ktravis_time:start:0ef09157[0K$ mvn test -B
Java HotSpot(TM) 64-Bit Server VM warning: ignoring option MaxPermSize=192m; support was removed in 8.0
[INFO] Scanning for projects...
[WARNING] 
[WARNING] Some problems were encountered while building the effective model for com.squareup.retrofit2:samples:jar:2.0.0-SNAPSHOT
[WARNING] 'build.plugins.plugin.version' for org.apache.maven.plugins:maven-deploy-plugin is missing. @ com.squareup.retrofit2:samples:[unknown-version], /home/travis/build/square/retrofit/samples/pom.xml, line 50, column 15
[WARNING] 
[WARNING] It is highly recommended to fix these problems because they threaten the stability of your build.
[WARNING] 
[WARNING] For this reason, future Maven versions might no longer support building such malformed projects.
[WARNING] 
[INFO] ------------------------------------------------------------------------
[INFO] Reactor Build Order:
[INFO] 
[INFO] Retrofit (Parent)
[INFO] Retrofit
[INFO] Adapters
[INFO] Adapter: Guava
[INFO] Adapter: Java 8
[INFO] Adapter: RxJava
[INFO] Converters
[INFO] Converter: Gson
[INFO] Converter: Protocol Buffers
[INFO] Converter: Jackson
[INFO] Converter: Wire Protocol Buffers
[INFO] Converter: SimpleXML
[INFO] Converter: Java Scalars
[INFO] Converter: Moshi
[INFO] Retrofit Mock Adapter
[INFO] Samples
[INFO]                                                                         
[INFO] ------------------------------------------------------------------------
[INFO] Building Retrofit (Parent) 2.0.0-SNAPSHOT
[INFO] ------------------------------------------------------------------------
[INFO] 
[INFO] --- maven-enforcer-plugin:1.0:enforce (enforce-maven) @ parent ---
[INFO] 
[INFO] --- animal-sniffer-maven-plugin:1.14:check (default) @ parent ---
[INFO] Checking unresolved references to org.codehaus.mojo.signature:java16:1.1
[INFO]                                                                         
[INFO] ------------------------------------------------------------------------
[INFO] Building Retrofit 2.0.0-SNAPSHOT
[INFO] ------------------------------------------------------------------------
[INFO] 
[INFO] --- maven-enforcer-plugin:1.0:enforce (enforce-maven) @ retrofit ---
[INFO] 
[INFO] --- maven-resources-plugin:2.6:resources (default-resources) @ retrofit ---
[INFO] Using 'UTF-8' encoding to copy filtered resources.
[INFO] skip non existing resourceDirectory /home/travis/build/square/retrofit/retrofit/src/main/resources
[INFO] 
[INFO] --- maven-compiler-plugin:3.0:compile (default-compile) @ retrofit ---
[INFO] Changes detected - recompiling the module!
[INFO] Compiling 43 source files to /home/travis/build/square/retrofit/retrofit/target/classes
[WARNING] /home/travis/build/square/retrofit/retrofit/src/main/java/retrofit2/Retrofit.java: Some input files use unchecked or unsafe operations.
[WARNING] /home/travis/build/square/retrofit/retrofit/src/main/java/retrofit2/Retrofit.java: Recompile with -Xlint:unchecked for details.
[INFO] 
[INFO] --- maven-resources-plugin:2.6:testResources (default-testResources) @ retrofit ---
[INFO] Using 'UTF-8' encoding to copy filtered resources.
[INFO] skip non existing resourceDirectory /home/travis/build/square/retrofit/retrofit/src/test/resources
[INFO] 
[INFO] --- maven-compiler-plugin:3.0:testCompile (default-testCompile) @ retrofit ---
[INFO] Changes detected - recompiling the module!
[INFO] Compiling 13 source files to /home/travis/build/square/retrofit/retrofit/target/test-classes
[WARNING] /home/travis/build/square/retrofit/retrofit/src/test/java/retrofit2/RetrofitTest.java: /home/travis/build/square/retrofit/retrofit/src/test/java/retrofit2/RetrofitTest.java uses unchecked or unsafe operations.
[WARNING] /home/travis/build/square/retrofit/retrofit/src/test/java/retrofit2/RetrofitTest.java: Recompile with -Xlint:unchecked for details.
[INFO] 
[INFO] --- maven-surefire-plugin:2.12.4:test (default-test) @ retrofit ---
[INFO] Surefire report directory: /home/travis/build/square/retrofit/retrofit/target/surefire-reports

-------------------------------------------------------
 T E S T S
-------------------------------------------------------
Running retrofit2.CallTest
Feb 09, 2016 4:18:38 PM okhttp3.mockwebserver.MockWebServer$3 execute
INFO: MockWebServer[42572] starting to accept connections
Feb 09, 2016 4:18:39 PM okhttp3.mockwebserver.MockWebServer$3 acceptConnections
INFO: MockWebServer[42572] done accepting connections: Socket closed
Feb 09, 2016 4:18:39 PM okhttp3.mockwebserver.MockWebServer$3 execute
INFO: MockWebServer[55257] starting to accept connections
Feb 09, 2016 4:18:39 PM okhttp3.mockwebserver.MockWebServer$4 processOneRequest
INFO: MockWebServer[55257] received request: GET / HTTP/1.1 and responded: HTTP/1.1 200 OK
Feb 09, 2016 4:18:39 PM okhttp3.mockwebserver.MockWebServer$3 acceptConnections
INFO: MockWebServer[55257] done accepting connections: Socket closed
Feb 09, 2016 4:18:39 PM okhttp3.mockwebserver.MockWebServer$3 execute
INFO: MockWebServer[35396] starting to accept connections
Feb 09, 2016 4:18:39 PM okhttp3.mockwebserver.MockWebServer$4 processOneRequest
INFO: MockWebServer[35396] received request: GET / HTTP/1.1 and responded: HTTP/1.1 404 Client Error
Feb 09, 2016 4:18:39 PM okhttp3.mockwebserver.MockWebServer$3 acceptConnections
INFO: MockWebServer[35396] done accepting connections: Socket closed
Feb 09, 2016 4:18:39 PM okhttp3.mockwebserver.MockWebServer$3 execute
INFO: MockWebServer[59262] starting to accept connections
Feb 09, 2016 4:18:39 PM okhttp3.mockwebserver.MockWebServer$3 acceptConnections
INFO: MockWebServer[59262] done accepting connections: Socket closed
Feb 09, 2016 4:18:39 PM okhttp3.mockwebserver.MockWebServer$4 processOneRequest
INFO: MockWebServer[59262] received request: POST /Hello HTTP/1.1 and responded: HTTP/1.1 200 OK
Feb 09, 2016 4:18:39 PM okhttp3.mockwebserver.MockWebServer$3 execute
INFO: MockWebServer[57179] starting to accept connections
Feb 09, 2016 4:18:39 PM okhttp3.mockwebserver.MockWebServer$3 acceptConnections
INFO: MockWebServer[57179] done accepting connections: Socket closed
Feb 09, 2016 4:18:39 PM okhttp3.mockwebserver.MockWebServer$3 execute
INFO: MockWebServer[36555] starting to accept connections
Feb 09, 2016 4:18:39 PM okhttp3.mockwebserver.MockWebServer$3 acceptConnections
INFO: MockWebServer[36555] done accepting connections: Socket closed
Feb 09, 2016 4:18:39 PM okhttp3.mockwebserver.MockWebServer$3 execute
INFO: MockWebServer[45001] starting to accept connections
Feb 09, 2016 4:18:39 PM okhttp3.mockwebserver.MockWebServer$3 acceptConnections
INFO: MockWebServer[45001] done accepting connections: Socket closed
Feb 09, 2016 4:18:39 PM okhttp3.mockwebserver.MockWebServer$4 processOneRequest
INFO: MockWebServer[45001] received request: GET / HTTP/1.1 and responded: HTTP/1.1 200 OK
Feb 09, 2016 4:18:39 PM okhttp3.mockwebserver.MockWebServer$3 execute
INFO: MockWebServer[44003] starting to accept connections
Feb 09, 2016 4:18:39 PM okhttp3.mockwebserver.MockWebServer$3 acceptConnections
INFO: MockWebServer[44003] done accepting connections: Socket closed
Feb 09, 2016 4:18:39 PM okhttp3.mockwebserver.MockWebServer$4 processOneRequest
INFO: MockWebServer[44003] received request: GET / HTTP/1.1 and responded: HTTP/1.1 200 OK
Feb 09, 2016 4:18:39 PM okhttp3.mockwebserver.MockWebServer$3 execute
INFO: MockWebServer[40815] starting to accept connections
Feb 09, 2016 4:18:39 PM okhttp3.mockwebserver.MockWebServer$3 acceptConnections
INFO: MockWebServer[40815] done accepting connections: Socket is closed
Feb 09, 2016 4:18:39 PM okhttp3.mockwebserver.MockWebServer$3 execute
INFO: MockWebServer[59076] starting to accept connections
Feb 09, 2016 4:18:39 PM okhttp3.mockwebserver.MockWebServer$3 acceptConnections
INFO: MockWebServer[59076] done accepting connections: Socket closed
Feb 09, 2016 4:18:39 PM okhttp3.mockwebserver.MockWebServer$4 processOneRequest
INFO: MockWebServer[59076] received request: POST /Hello HTTP/1.1 and responded: HTTP/1.1 200 OK
Feb 09, 2016 4:18:39 PM okhttp3.mockwebserver.MockWebServer$3 execute
INFO: MockWebServer[41580] starting to accept connections
Feb 09, 2016 4:18:39 PM okhttp3.mockwebserver.MockWebServer$3 acceptConnections
INFO: MockWebServer[41580] done accepting connections: Socket closed
Feb 09, 2016 4:18:39 PM okhttp3.mockwebserver.MockWebServer$4 processOneRequest
INFO: MockWebServer[41580] received request: POST /Hello HTTP/1.1 and responded: HTTP/1.1 200 OK
Feb 09, 2016 4:18:39 PM okhttp3.mockwebserver.MockWebServer$3 execute
INFO: MockWebServer[35774] starting to accept connections
Feb 09, 2016 4:18:39 PM okhttp3.mockwebserver.MockWebServer$3 acceptConnections
INFO: MockWebServer[35774] done accepting connections: Socket is closed
Feb 09, 2016 4:18:39 PM okhttp3.mockwebserver.MockWebServer$3 execute
INFO: MockWebServer[42336] starting to accept connections
Feb 09, 2016 4:18:39 PM okhttp3.mockwebserver.MockWebServer$3 acceptConnections
INFO: MockWebServer[42336] done accepting connections: Socket closed
Feb 09, 2016 4:18:39 PM okhttp3.mockwebserver.MockWebServer$4 processOneRequest
INFO: MockWebServer[42336] received request: GET / HTTP/1.1 and responded: HTTP/1.1 404 Client Error
Feb 09, 2016 4:18:39 PM okhttp3.mockwebserver.MockWebServer$3 execute
INFO: MockWebServer[46626] starting to accept connections
Feb 09, 2016 4:18:39 PM okhttp3.mockwebserver.MockWebServer$3 acceptConnections
INFO: MockWebServer[46626] done accepting connections: Socket closed
Feb 09, 2016 4:18:39 PM okhttp3.mockwebserver.MockWebServer$4 processOneRequest
INFO: MockWebServer[46626] received request: POST / HTTP/1.1 and responded: HTTP/1.1 200 OK
Feb 09, 2016 4:18:39 PM okhttp3.mockwebserver.MockWebServer$3 execute
INFO: MockWebServer[55044] starting to accept connections
Feb 09, 2016 4:18:39 PM okhttp3.mockwebserver.MockWebServer$3 acceptConnections
INFO: MockWebServer[55044] done accepting connections: Socket closed
Feb 09, 2016 4:18:39 PM okhttp3.mockwebserver.MockWebServer$4 processOneRequest
INFO: MockWebServer[55044] received request: GET / HTTP/1.1 and responded: HTTP/1.1 204 Nothin
Feb 09, 2016 4:18:39 PM okhttp3.mockwebserver.MockWebServer$3 execute
INFO: MockWebServer[33386] starting to accept connections
Feb 09, 2016 4:18:39 PM okhttp3.mockwebserver.MockWebServer$3 acceptConnections
INFO: MockWebServer[33386] done accepting connections: Socket is closed
Feb 09, 2016 4:18:39 PM okhttp3.mockwebserver.MockWebServer$3 execute
INFO: MockWebServer[45748] starting to accept connections
Feb 09, 2016 4:18:39 PM okhttp3.mockwebserver.MockWebServer$3 acceptConnections
INFO: MockWebServer[45748] done accepting connections: Socket closed
Feb 09, 2016 4:18:39 PM okhttp3.mockwebserver.MockWebServer$4 processOneRequest
INFO: MockWebServer[45748] received request: GET / HTTP/1.1 and responded: HTTP/1.1 200 OK
Feb 09, 2016 4:18:39 PM okhttp3.mockwebserver.MockWebServer$3 execute
INFO: MockWebServer[46767] starting to accept connections
Feb 09, 2016 4:18:39 PM okhttp3.mockwebserver.MockWebServer$3 acceptConnections
INFO: MockWebServer[46767] done accepting connections: Socket closed
Feb 09, 2016 4:18:39 PM okhttp3.mockwebserver.MockWebServer$4 processOneRequest
INFO: MockWebServer[46767] received request: POST /Hello HTTP/1.1 and responded: HTTP/1.1 200 OK
Feb 09, 2016 4:18:39 PM okhttp3.mockwebserver.MockWebServer$3 execute
INFO: MockWebServer[41755] starting to accept connections
Feb 09, 2016 4:18:39 PM okhttp3.mockwebserver.MockWebServer$3 acceptConnections
INFO: MockWebServer[41755] done accepting connections: Socket closed
Feb 09, 2016 4:18:39 PM okhttp3.mockwebserver.MockWebServer$4 processOneRequest
INFO: MockWebServer[41755] received request: GET / HTTP/1.1 and responded: HTTP/1.1 200 OK
Feb 09, 2016 4:18:39 PM okhttp3.mockwebserver.MockWebServer$3 execute
INFO: MockWebServer[38666] starting to accept connections
Feb 09, 2016 4:18:39 PM okhttp3.mockwebserver.MockWebServer$3 acceptConnections
INFO: MockWebServer[38666] done accepting connections: Socket closed
Feb 09, 2016 4:18:39 PM okhttp3.mockwebserver.MockWebServer$4 processOneRequest
INFO: MockWebServer[38666] received request: POST / HTTP/1.1 and responded: HTTP/1.1 200 OK
Feb 09, 2016 4:18:39 PM okhttp3.mockwebserver.MockWebServer$3 execute
INFO: MockWebServer[45416] starting to accept connections
Feb 09, 2016 4:18:39 PM okhttp3.mockwebserver.MockWebServer$3 acceptConnections
INFO: MockWebServer[45416] done accepting connections: Socket is closed
Feb 09, 2016 4:18:39 PM okhttp3.mockwebserver.MockWebServer$3 execute
INFO: MockWebServer[58222] starting to accept connections
Feb 09, 2016 4:18:39 PM okhttp3.mockwebserver.MockWebServer$3 acceptConnections
INFO: MockWebServer[58222] done accepting connections: Socket is closed
Feb 09, 2016 4:18:39 PM okhttp3.mockwebserver.MockWebServer$3 execute
INFO: MockWebServer[36037] starting to accept connections
Feb 09, 2016 4:18:39 PM okhttp3.mockwebserver.MockWebServer$3 acceptConnections
INFO: MockWebServer[36037] done accepting connections: Socket closed
Feb 09, 2016 4:18:39 PM okhttp3.mockwebserver.MockWebServer$3 execute
INFO: MockWebServer[33944] starting to accept connections
Feb 09, 2016 4:18:39 PM okhttp3.mockwebserver.MockWebServer$4 processOneRequest
INFO: MockWebServer[33944] received request: GET / HTTP/1.1 and responded: HTTP/1.1 200 OK
Feb 09, 2016 4:18:39 PM okhttp3.mockwebserver.MockWebServer$3 acceptConnections
INFO: MockWebServer[33944] done accepting connections: Socket closed
Feb 09, 2016 4:18:39 PM okhttp3.mockwebserver.MockWebServer$3 execute
INFO: MockWebServer[60504] starting to accept connections
Feb 09, 2016 4:18:40 PM okhttp3.mockwebserver.MockWebServer$3 acceptConnections
INFO: MockWebServer[60504] done accepting connections: Socket closed
Feb 09, 2016 4:18:40 PM okhttp3.mockwebserver.MockWebServer$4 processOneRequest
INFO: MockWebServer[60504] received request: GET / HTTP/1.1 and responded: HTTP/1.1 200 OK
Feb 09, 2016 4:18:40 PM okhttp3.mockwebserver.MockWebServer$3 execute
INFO: MockWebServer[37026] starting to accept connections
Feb 09, 2016 4:18:40 PM okhttp3.mockwebserver.MockWebServer$3 acceptConnections
INFO: MockWebServer[37026] done accepting connections: Socket closed
Feb 09, 2016 4:18:40 PM okhttp3.mockwebserver.MockWebServer$4 processOneRequest
INFO: MockWebServer[37026] received request: GET / HTTP/1.1 and responded: HTTP/1.1 205 Nothin
Feb 09, 2016 4:18:40 PM okhttp3.mockwebserver.MockWebServer$3 execute
INFO: MockWebServer[59107] starting to accept connections
Feb 09, 2016 4:18:40 PM okhttp3.mockwebserver.MockWebServer$4 processOneRequest
INFO: MockWebServer[59107] received request: GET / HTTP/1.1 and responded: HTTP/1.1 200 OK
Feb 09, 2016 4:18:40 PM okhttp3.mockwebserver.MockWebServer$4 processOneRequest
INFO: MockWebServer[59107] received request: GET / HTTP/1.1 and responded: HTTP/1.1 200 OK
Feb 09, 2016 4:18:40 PM okhttp3.mockwebserver.MockWebServer$3 acceptConnections
INFO: MockWebServer[59107] done accepting connections: Socket closed
Feb 09, 2016 4:18:40 PM okhttp3.mockwebserver.MockWebServer$3 execute
INFO: MockWebServer[56800] starting to accept connections
Feb 09, 2016 4:18:40 PM okhttp3.mockwebserver.MockWebServer$3 acceptConnections
INFO: MockWebServer[56800] done accepting connections: Socket closed
Feb 09, 2016 4:18:40 PM okhttp3.mockwebserver.MockWebServer$4 processOneRequest
INFO: MockWebServer[56800] received request: GET / HTTP/1.1 and responded: HTTP/1.1 200 OK
Feb 09, 2016 4:18:40 PM okhttp3.mockwebserver.MockWebServer$3 execute
INFO: MockWebServer[37266] starting to accept connections
Feb 09, 2016 4:18:40 PM okhttp3.mockwebserver.MockWebServer$3 acceptConnections
INFO: MockWebServer[37266] done accepting connections: Socket is closed
Feb 09, 2016 4:18:40 PM okhttp3.mockwebserver.MockWebServer$3 execute
INFO: MockWebServer[45443] starting to accept connections
Feb 09, 2016 4:18:40 PM okhttp3.mockwebserver.MockWebServer$3 acceptConnections
INFO: MockWebServer[45443] done accepting connections: Socket closed
Feb 09, 2016 4:18:40 PM okhttp3.mockwebserver.MockWebServer$3 execute
INFO: MockWebServer[56358] starting to accept connections
Feb 09, 2016 4:18:40 PM okhttp3.mockwebserver.MockWebServer$3 acceptConnections
INFO: MockWebServer[56358] done accepting connections: Socket closed
Feb 09, 2016 4:18:40 PM okhttp3.mockwebserver.MockWebServer$3 execute
INFO: MockWebServer[38932] starting to accept connections
Feb 09, 2016 4:18:40 PM okhttp3.mockwebserver.MockWebServer$4 processOneRequest
INFO: MockWebServer[38932] received request: GET / HTTP/1.1 and responded: HTTP/1.1 200 OK
Feb 09, 2016 4:18:40 PM okhttp3.mockwebserver.MockWebServer$3 acceptConnections
INFO: MockWebServer[38932] done accepting connections: Socket closed
Feb 09, 2016 4:18:40 PM okhttp3.mockwebserver.MockWebServer$3 execute
INFO: MockWebServer[34537] starting to accept connections
Feb 09, 2016 4:18:40 PM okhttp3.mockwebserver.MockWebServer$3 acceptConnections
INFO: MockWebServer[34537] done accepting connections: Socket closed
Feb 09, 2016 4:18:40 PM okhttp3.mockwebserver.MockWebServer$4 processOneRequest
INFO: MockWebServer[34537] received request: GET / HTTP/1.1 and responded: HTTP/1.1 200 OK
Feb 09, 2016 4:18:40 PM okhttp3.mockwebserver.MockWebServer$3 execute
INFO: MockWebServer[54951] starting to accept connections
Feb 09, 2016 4:18:40 PM okhttp3.mockwebserver.MockWebServer$3 acceptConnections
INFO: MockWebServer[54951] done accepting connections: Socket closed
Feb 09, 2016 4:18:40 PM okhttp3.mockwebserver.MockWebServer$4 processOneRequest
INFO: MockWebServer[54951] received request: GET / HTTP/1.1 and responded: HTTP/1.1 200 OK
Tests run: 34, Failures: 0, Errors: 0, Skipped: 0, Time elapsed: 1.557 sec
Running retrofit2.RequestBuilderTest
Tests run: 111, Failures: 0, Errors: 0, Skipped: 2, Time elapsed: 0.351 sec
Running retrofit2.ExecutorCallAdapterFactoryTest
Tests run: 7, Failures: 0, Errors: 0, Skipped: 0, Time elapsed: 0.09 sec
Running retrofit2.RequestFactoryParserTest
Tests run: 1, Failures: 0, Errors: 0, Skipped: 0, Time elapsed: 0.002 sec
Running retrofit2.RetrofitTest
Feb 09, 2016 4:18:40 PM okhttp3.mockwebserver.MockWebServer$3 execute
INFO: MockWebServer[39253] starting to accept connections
Feb 09, 2016 4:18:40 PM okhttp3.mockwebserver.MockWebServer$3 acceptConnections
INFO: MockWebServer[39253] done accepting connections: Socket is closed
Feb 09, 2016 4:18:40 PM okhttp3.mockwebserver.MockWebServer$3 execute
INFO: MockWebServer[52662] starting to accept connections
Feb 09, 2016 4:18:40 PM okhttp3.mockwebserver.MockWebServer$3 acceptConnections
INFO: MockWebServer[52662] done accepting connections: Socket closed
Feb 09, 2016 4:18:40 PM okhttp3.mockwebserver.MockWebServer$3 execute
INFO: MockWebServer[53629] starting to accept connections
Feb 09, 2016 4:18:40 PM okhttp3.mockwebserver.MockWebServer$3 acceptConnections
INFO: MockWebServer[53629] done accepting connections: Socket is closed
Feb 09, 2016 4:18:40 PM okhttp3.mockwebserver.MockWebServer$3 execute
INFO: MockWebServer[53577] starting to accept connections
Feb 09, 2016 4:18:40 PM okhttp3.mockwebserver.MockWebServer$3 acceptConnections
INFO: MockWebServer[53577] done accepting connections: Socket is closed
Feb 09, 2016 4:18:40 PM okhttp3.mockwebserver.MockWebServer$3 execute
INFO: MockWebServer[53216] starting to accept connections
Feb 09, 2016 4:18:40 PM okhttp3.mockwebserver.MockWebServer$3 acceptConnections
INFO: MockWebServer[53216] done accepting connections: Socket is closed
Feb 09, 2016 4:18:40 PM okhttp3.mockwebserver.MockWebServer$3 execute
INFO: MockWebServer[56637] starting to accept connections
Feb 09, 2016 4:18:40 PM okhttp3.mockwebserver.MockWebServer$3 acceptConnections
INFO: MockWebServer[56637] done accepting connections: Socket closed
Feb 09, 2016 4:18:40 PM okhttp3.mockwebserver.MockWebServer$4 processOneRequest
INFO: MockWebServer[56637] received request: GET / HTTP/1.1 and responded: HTTP/1.1 200 OK
Feb 09, 2016 4:18:40 PM okhttp3.mockwebserver.MockWebServer$3 execute
INFO: MockWebServer[58124] starting to accept connections
Feb 09, 2016 4:18:40 PM okhttp3.mockwebserver.MockWebServer$3 acceptConnections
INFO: MockWebServer[58124] done accepting connections: Socket is closed
Feb 09, 2016 4:18:40 PM okhttp3.mockwebserver.MockWebServer$3 execute
INFO: MockWebServer[50351] starting to accept connections
Feb 09, 2016 4:18:40 PM okhttp3.mockwebserver.MockWebServer$3 acceptConnections
INFO: MockWebServer[50351] done accepting connections: Socket is closed
Feb 09, 2016 4:18:40 PM okhttp3.mockwebserver.MockWebServer$3 execute
INFO: MockWebServer[55635] starting to accept connections
Feb 09, 2016 4:18:40 PM okhttp3.mockwebserver.MockWebServer$3 acceptConnections
INFO: MockWebServer[55635] done accepting connections: Socket is closed
Feb 09, 2016 4:18:40 PM okhttp3.mockwebserver.MockWebServer$3 execute
INFO: MockWebServer[52146] starting to accept connections
Feb 09, 2016 4:18:40 PM okhttp3.mockwebserver.MockWebServer$3 acceptConnections
INFO: MockWebServer[52146] done accepting connections: Socket closed
Feb 09, 2016 4:18:40 PM okhttp3.mockwebserver.MockWebServer$3 execute
INFO: MockWebServer[33027] starting to accept connections
Feb 09, 2016 4:18:40 PM okhttp3.mockwebserver.MockWebServer$3 acceptConnections
INFO: MockWebServer[33027] done accepting connections: Socket closed
Feb 09, 2016 4:18:41 PM okhttp3.mockwebserver.MockWebServer$3 execute
INFO: MockWebServer[58820] starting to accept connections
Feb 09, 2016 4:18:41 PM okhttp3.mockwebserver.MockWebServer$3 acceptConnections
INFO: MockWebServer[58820] done accepting connections: Socket closed
Feb 09, 2016 4:18:41 PM okhttp3.mockwebserver.MockWebServer$3 execute
INFO: MockWebServer[56963] starting to accept connections
Feb 09, 2016 4:18:41 PM okhttp3.mockwebserver.MockWebServer$3 acceptConnections
INFO: MockWebServer[56963] done accepting connections: Socket is closed
Feb 09, 2016 4:18:41 PM okhttp3.mockwebserver.MockWebServer$3 execute
INFO: MockWebServer[34091] starting to accept connections
Feb 09, 2016 4:18:41 PM okhttp3.mockwebserver.MockWebServer$3 acceptConnections
INFO: MockWebServer[34091] done accepting connections: Socket is closed
Feb 09, 2016 4:18:41 PM okhttp3.mockwebserver.MockWebServer$3 execute
INFO: MockWebServer[42355] starting to accept connections
Feb 09, 2016 4:18:41 PM okhttp3.mockwebserver.MockWebServer$3 acceptConnections
INFO: MockWebServer[42355] done accepting connections: Socket closed
Feb 09, 2016 4:18:41 PM okhttp3.mockwebserver.MockWebServer$3 execute
INFO: MockWebServer[36455] starting to accept connections
Feb 09, 2016 4:18:41 PM okhttp3.mockwebserver.MockWebServer$4 processOneRequest
INFO: MockWebServer[36455] received request: GET / HTTP/1.1 and responded: HTTP/1.1 200 OK
Feb 09, 2016 4:18:41 PM okhttp3.mockwebserver.MockWebServer$3 acceptConnections
INFO: MockWebServer[36455] done accepting connections: Socket closed
Feb 09, 2016 4:18:41 PM okhttp3.mockwebserver.MockWebServer$3 execute
INFO: MockWebServer[47977] starting to accept connections
Feb 09, 2016 4:18:41 PM okhttp3.mockwebserver.MockWebServer$3 acceptConnections
INFO: MockWebServer[47977] done accepting connections: Socket is closed
Feb 09, 2016 4:18:41 PM okhttp3.mockwebserver.MockWebServer$3 execute
INFO: MockWebServer[55675] starting to accept connections
Feb 09, 2016 4:18:41 PM okhttp3.mockwebserver.MockWebServer$3 acceptConnections
INFO: MockWebServer[55675] done accepting connections: Socket is closed
Feb 09, 2016 4:18:41 PM okhttp3.mockwebserver.MockWebServer$3 execute
INFO: MockWebServer[49009] starting to accept connections
Feb 09, 2016 4:18:41 PM okhttp3.mockwebserver.MockWebServer$3 acceptConnections
INFO: MockWebServer[49009] done accepting connections: Socket closed
Feb 09, 2016 4:18:41 PM okhttp3.mockwebserver.MockWebServer$4 processOneRequest
INFO: MockWebServer[49009] received request: GET / HTTP/1.1 and responded: HTTP/1.1 200 OK
Feb 09, 2016 4:18:41 PM okhttp3.mockwebserver.MockWebServer$3 execute
INFO: MockWebServer[35075] starting to accept connections
Feb 09, 2016 4:18:41 PM okhttp3.mockwebserver.MockWebServer$3 acceptConnections
INFO: MockWebServer[35075] done accepting connections: Socket closed
Feb 09, 2016 4:18:41 PM okhttp3.mockwebserver.MockWebServer$3 execute
INFO: MockWebServer[52516] starting to accept connections
Feb 09, 2016 4:18:41 PM okhttp3.mockwebserver.MockWebServer$3 acceptConnections
INFO: MockWebServer[52516] done accepting connections: Socket closed
Feb 09, 2016 4:18:41 PM okhttp3.mockwebserver.MockWebServer$4 processOneRequest
INFO: MockWebServer[52516] received request: POST / HTTP/1.1 and responded: HTTP/1.1 200 OK
Feb 09, 2016 4:18:41 PM okhttp3.mockwebserver.MockWebServer$3 execute
INFO: MockWebServer[56121] starting to accept connections
Feb 09, 2016 4:18:41 PM okhttp3.mockwebserver.MockWebServer$3 acceptConnections
INFO: MockWebServer[56121] done accepting connections: Socket is closed
Feb 09, 2016 4:18:41 PM okhttp3.mockwebserver.MockWebServer$3 execute
INFO: MockWebServer[40154] starting to accept connections
Feb 09, 2016 4:18:41 PM okhttp3.mockwebserver.MockWebServer$3 acceptConnections
INFO: MockWebServer[40154] done accepting connections: Socket is closed
Feb 09, 2016 4:18:41 PM okhttp3.mockwebserver.MockWebServer$3 execute
INFO: MockWebServer[57035] starting to accept connections
Feb 09, 2016 4:18:41 PM okhttp3.mockwebserver.MockWebServer$3 acceptConnections
INFO: MockWebServer[57035] done accepting connections: Socket is closed
Feb 09, 2016 4:18:41 PM okhttp3.mockwebserver.MockWebServer$3 execute
INFO: MockWebServer[50930] starting to accept connections
Feb 09, 2016 4:18:41 PM okhttp3.mockwebserver.MockWebServer$3 acceptConnections
INFO: MockWebServer[50930] done accepting connections: Socket is closed
Feb 09, 2016 4:18:41 PM okhttp3.mockwebserver.MockWebServer$3 execute
INFO: MockWebServer[39403] starting to accept connections
Feb 09, 2016 4:18:41 PM okhttp3.mockwebserver.MockWebServer$3 acceptConnections
INFO: MockWebServer[39403] done accepting connections: Socket closed
Feb 09, 2016 4:18:41 PM okhttp3.mockwebserver.MockWebServer$3 execute
INFO: MockWebServer[49822] starting to accept connections
Feb 09, 2016 4:18:41 PM okhttp3.mockwebserver.MockWebServer$3 acceptConnections
INFO: MockWebServer[49822] done accepting connections: Socket is closed
Feb 09, 2016 4:18:41 PM okhttp3.mockwebserver.MockWebServer$3 execute
INFO: MockWebServer[60695] starting to accept connections
Feb 09, 2016 4:18:41 PM okhttp3.mockwebserver.MockWebServer$3 acceptConnections
INFO: MockWebServer[60695] done accepting connections: Socket closed
Feb 09, 2016 4:18:41 PM okhttp3.mockwebserver.MockWebServer$3 execute
INFO: MockWebServer[52604] starting to accept connections
Feb 09, 2016 4:18:41 PM okhttp3.mockwebserver.MockWebServer$4 processOneRequest
INFO: MockWebServer[52604] received request: GET / HTTP/1.1 and responded: HTTP/1.1 200 OK
Feb 09, 2016 4:18:41 PM okhttp3.mockwebserver.MockWebServer$3 acceptConnections
INFO: MockWebServer[52604] done accepting connections: Socket closed
Feb 09, 2016 4:18:41 PM okhttp3.mockwebserver.MockWebServer$3 execute
INFO: MockWebServer[47307] starting to accept connections
Feb 09, 2016 4:18:41 PM okhttp3.mockwebserver.MockWebServer$3 acceptConnections
INFO: MockWebServer[47307] done accepting connections: Socket is closed
Feb 09, 2016 4:18:41 PM okhttp3.mockwebserver.MockWebServer$3 execute
INFO: MockWebServer[41625] starting to accept connections
Feb 09, 2016 4:18:41 PM okhttp3.mockwebserver.MockWebServer$3 acceptConnections
INFO: MockWebServer[41625] done accepting connections: Socket is closed
Feb 09, 2016 4:18:41 PM okhttp3.mockwebserver.MockWebServer$3 execute
INFO: MockWebServer[46675] starting to accept connections
Feb 09, 2016 4:18:41 PM okhttp3.mockwebserver.MockWebServer$3 acceptConnections
INFO: MockWebServer[46675] done accepting connections: Socket closed
Feb 09, 2016 4:18:41 PM okhttp3.mockwebserver.MockWebServer$3 execute
INFO: MockWebServer[52184] starting to accept connections
Feb 09, 2016 4:18:41 PM okhttp3.mockwebserver.MockWebServer$3 acceptConnections
INFO: MockWebServer[52184] done accepting connections: Socket is closed
Feb 09, 2016 4:18:41 PM okhttp3.mockwebserver.MockWebServer$3 execute
INFO: MockWebServer[48914] starting to accept connections
Feb 09, 2016 4:18:41 PM okhttp3.mockwebserver.MockWebServer$3 acceptConnections
INFO: MockWebServer[48914] done accepting connections: Socket is closed
Feb 09, 2016 4:18:41 PM okhttp3.mockwebserver.MockWebServer$3 execute
INFO: MockWebServer[54158] starting to accept connections
Feb 09, 2016 4:18:41 PM okhttp3.mockwebserver.MockWebServer$3 acceptConnections
INFO: MockWebServer[54158] done accepting connections: Socket is closed
Feb 09, 2016 4:18:41 PM okhttp3.mockwebserver.MockWebServer$3 execute
INFO: MockWebServer[60937] starting to accept connections
Feb 09, 2016 4:18:41 PM okhttp3.mockwebserver.MockWebServer$3 acceptConnections
INFO: MockWebServer[60937] done accepting connections: Socket is closed
Feb 09, 2016 4:18:41 PM okhttp3.mockwebserver.MockWebServer$3 execute
INFO: MockWebServer[52791] starting to accept connections
Feb 09, 2016 4:18:41 PM okhttp3.mockwebserver.MockWebServer$3 acceptConnections
INFO: MockWebServer[52791] done accepting connections: Socket is closed
Feb 09, 2016 4:18:41 PM okhttp3.mockwebserver.MockWebServer$3 execute
INFO: MockWebServer[54574] starting to accept connections
Feb 09, 2016 4:18:41 PM okhttp3.mockwebserver.MockWebServer$3 acceptConnections
INFO: MockWebServer[54574] done accepting connections: Socket is closed
Feb 09, 2016 4:18:41 PM okhttp3.mockwebserver.MockWebServer$3 execute
INFO: MockWebServer[53907] starting to accept connections
Feb 09, 2016 4:18:41 PM okhttp3.mockwebserver.MockWebServer$3 acceptConnections
INFO: MockWebServer[53907] done accepting connections: Socket is closed
Feb 09, 2016 4:18:41 PM okhttp3.mockwebserver.MockWebServer$3 execute
INFO: MockWebServer[48078] starting to accept connections
Feb 09, 2016 4:18:41 PM okhttp3.mockwebserver.MockWebServer$3 acceptConnections
INFO: MockWebServer[48078] done accepting connections: Socket closed
Feb 09, 2016 4:18:41 PM okhttp3.mockwebserver.MockWebServer$3 execute
INFO: MockWebServer[43646] starting to accept connections
Feb 09, 2016 4:18:41 PM okhttp3.mockwebserver.MockWebServer$3 acceptConnections
INFO: MockWebServer[43646] done accepting connections: Socket is closed
Feb 09, 2016 4:18:41 PM okhttp3.mockwebserver.MockWebServer$3 execute
INFO: MockWebServer[58898] starting to accept connections
Feb 09, 2016 4:18:41 PM okhttp3.mockwebserver.MockWebServer$3 acceptConnections
INFO: MockWebServer[58898] done accepting connections: Socket is closed
Feb 09, 2016 4:18:41 PM okhttp3.mockwebserver.MockWebServer$3 execute
INFO: MockWebServer[38651] starting to accept connections
Feb 09, 2016 4:18:41 PM okhttp3.mockwebserver.MockWebServer$3 acceptConnections
INFO: MockWebServer[38651] done accepting connections: Socket is closed
Feb 09, 2016 4:18:41 PM okhttp3.mockwebserver.MockWebServer$3 execute
INFO: MockWebServer[48374] starting to accept connections
Feb 09, 2016 4:18:41 PM okhttp3.mockwebserver.MockWebServer$3 acceptConnections
INFO: MockWebServer[48374] done accepting connections: Socket is closed
Feb 09, 2016 4:18:41 PM okhttp3.mockwebserver.MockWebServer$3 execute
INFO: MockWebServer[36986] starting to accept connections
Feb 09, 2016 4:18:41 PM okhttp3.mockwebserver.MockWebServer$3 acceptConnections
INFO: MockWebServer[36986] done accepting connections: Socket is closed
Feb 09, 2016 4:18:41 PM okhttp3.mockwebserver.MockWebServer$3 execute
INFO: MockWebServer[52924] starting to accept connections
Feb 09, 2016 4:18:41 PM okhttp3.mockwebserver.MockWebServer$3 acceptConnections
INFO: MockWebServer[52924] done accepting connections: Socket is closed
Feb 09, 2016 4:18:41 PM okhttp3.mockwebserver.MockWebServer$3 execute
INFO: MockWebServer[41876] starting to accept connections
Feb 09, 2016 4:18:41 PM okhttp3.mockwebserver.MockWebServer$3 acceptConnections
INFO: MockWebServer[41876] done accepting connections: Socket is closed
Feb 09, 2016 4:18:41 PM okhttp3.mockwebserver.MockWebServer$3 execute
INFO: MockWebServer[43350] starting to accept connections
Feb 09, 2016 4:18:41 PM okhttp3.mockwebserver.MockWebServer$3 acceptConnections
INFO: MockWebServer[43350] done accepting connections: Socket is closed
Feb 09, 2016 4:18:41 PM okhttp3.mockwebserver.MockWebServer$3 execute
INFO: MockWebServer[55521] starting to accept connections
Feb 09, 2016 4:18:41 PM okhttp3.mockwebserver.MockWebServer$3 acceptConnections
INFO: MockWebServer[55521] done accepting connections: Socket is closed
Feb 09, 2016 4:18:41 PM okhttp3.mockwebserver.MockWebServer$3 execute
INFO: MockWebServer[37569] starting to accept connections
Feb 09, 2016 4:18:41 PM okhttp3.mockwebserver.MockWebServer$3 acceptConnections
INFO: MockWebServer[37569] done accepting connections: Socket is closed
Feb 09, 2016 4:18:41 PM okhttp3.mockwebserver.MockWebServer$3 execute
INFO: MockWebServer[59699] starting to accept connections
Feb 09, 2016 4:18:41 PM okhttp3.mockwebserver.MockWebServer$3 acceptConnections
INFO: MockWebServer[59699] done accepting connections: Socket is closed
Feb 09, 2016 4:18:41 PM okhttp3.mockwebserver.MockWebServer$3 execute
INFO: MockWebServer[53850] starting to accept connections
Feb 09, 2016 4:18:41 PM okhttp3.mockwebserver.MockWebServer$3 acceptConnections
INFO: MockWebServer[53850] done accepting connections: Socket is closed
Feb 09, 2016 4:18:41 PM okhttp3.mockwebserver.MockWebServer$3 execute
INFO: MockWebServer[47182] starting to accept connections
Feb 09, 2016 4:18:41 PM okhttp3.mockwebserver.MockWebServer$3 acceptConnections
INFO: MockWebServer[47182] done accepting connections: Socket is closed
Feb 09, 2016 4:18:41 PM okhttp3.mockwebserver.MockWebServer$3 execute
INFO: MockWebServer[54823] starting to accept connections
Feb 09, 2016 4:18:41 PM okhttp3.mockwebserver.MockWebServer$3 acceptConnections
INFO: MockWebServer[54823] done accepting connections: Socket is closed
Feb 09, 2016 4:18:41 PM okhttp3.mockwebserver.MockWebServer$3 execute
INFO: MockWebServer[41473] starting to accept connections
Feb 09, 2016 4:18:41 PM okhttp3.mockwebserver.MockWebServer$3 acceptConnections
INFO: MockWebServer[41473] done accepting connections: Socket is closed
Feb 09, 2016 4:18:41 PM okhttp3.mockwebserver.MockWebServer$3 execute
INFO: MockWebServer[55327] starting to accept connections
Feb 09, 2016 4:18:41 PM okhttp3.mockwebserver.MockWebServer$3 acceptConnections
INFO: MockWebServer[55327] done accepting connections: Socket is closed
Feb 09, 2016 4:18:41 PM okhttp3.mockwebserver.MockWebServer$3 execute
INFO: MockWebServer[55911] starting to accept connections
Feb 09, 2016 4:18:41 PM okhttp3.mockwebserver.MockWebServer$3 acceptConnections
INFO: MockWebServer[55911] done accepting connections: Socket is closed
Feb 09, 2016 4:18:41 PM okhttp3.mockwebserver.MockWebServer$3 execute
INFO: MockWebServer[48710] starting to accept connections
Feb 09, 2016 4:18:41 PM okhttp3.mockwebserver.MockWebServer$3 acceptConnections
INFO: MockWebServer[48710] done accepting connections: Socket is closed
Feb 09, 2016 4:18:41 PM okhttp3.mockwebserver.MockWebServer$3 execute
INFO: MockWebServer[47829] starting to accept connections
Feb 09, 2016 4:18:41 PM okhttp3.mockwebserver.MockWebServer$3 acceptConnections
INFO: MockWebServer[47829] done accepting connections: Socket is closed
Feb 09, 2016 4:18:41 PM okhttp3.mockwebserver.MockWebServer$3 execute
INFO: MockWebServer[59427] starting to accept connections
Feb 09, 2016 4:18:41 PM okhttp3.mockwebserver.MockWebServer$3 acceptConnections
INFO: MockWebServer[59427] done accepting connections: Socket is closed
Feb 09, 2016 4:18:41 PM okhttp3.mockwebserver.MockWebServer$3 execute
INFO: MockWebServer[56187] starting to accept connections
Feb 09, 2016 4:18:41 PM okhttp3.mockwebserver.MockWebServer$3 acceptConnections
INFO: MockWebServer[56187] done accepting connections: Socket is closed
Feb 09, 2016 4:18:41 PM okhttp3.mockwebserver.MockWebServer$3 execute
INFO: MockWebServer[33214] starting to accept connections
Feb 09, 2016 4:18:41 PM okhttp3.mockwebserver.MockWebServer$3 acceptConnections
INFO: MockWebServer[33214] done accepting connections: Socket is closed
Tests run: 62, Failures: 0, Errors: 0, Skipped: 0, Time elapsed: 0.688 sec
Running retrofit2.RequestBuilderAndroidTest
WARNING: No manifest file found at ./AndroidManifest.xml.Falling back to the Android OS resources only.
To remove this warning, annotate your test class with @Config(manifest=Config.NONE).
WARNING: No manifest file found at ./AndroidManifest.xml.Falling back to the Android OS resources only.
To remove this warning, annotate your test class with @Config(manifest=Config.NONE).
Tests run: 2, Failures: 0, Errors: 0, Skipped: 0, Time elapsed: 8.209 sec
Running retrofit2.ResponseTest
Tests run: 12, Failures: 0, Errors: 0, Skipped: 0, Time elapsed: 0.012 sec

Results :

Tests run: 229, Failures: 0, Errors: 0, Skipped: 2

[INFO] 
[INFO] --- animal-sniffer-maven-plugin:1.14:check (default) @ retrofit ---
[INFO] Checking unresolved references to org.codehaus.mojo.signature:java16:1.1
[INFO]                                                                         
[INFO] ------------------------------------------------------------------------
[INFO] Building Adapters 2.0.0-SNAPSHOT
[INFO] ------------------------------------------------------------------------
[INFO] 
[INFO] --- maven-enforcer-plugin:1.0:enforce (enforce-maven) @ retrofit-adapters ---
[INFO] 
[INFO] --- animal-sniffer-maven-plugin:1.14:check (default) @ retrofit-adapters ---
[INFO] Checking unresolved references to org.codehaus.mojo.signature:java16:1.1
[INFO]                                                                         
[INFO] ------------------------------------------------------------------------
[INFO] Building Adapter: Guava 2.0.0-SNAPSHOT
[INFO] ------------------------------------------------------------------------
[INFO] 
[INFO] --- maven-enforcer-plugin:1.0:enforce (enforce-maven) @ adapter-guava ---
[INFO] 
[INFO] --- maven-resources-plugin:2.6:resources (default-resources) @ adapter-guava ---
[INFO] Using 'UTF-8' encoding to copy filtered resources.
[INFO] skip non existing resourceDirectory /home/travis/build/square/retrofit/retrofit-adapters/guava/src/main/resources
[INFO] 
[INFO] --- maven-compiler-plugin:3.0:compile (default-compile) @ adapter-guava ---
[INFO] Changes detected - recompiling the module!
[INFO] Compiling 2 source files to /home/travis/build/square/retrofit/retrofit-adapters/guava/target/classes
[INFO] 
[INFO] --- maven-resources-plugin:2.6:testResources (default-testResources) @ adapter-guava ---
[INFO] Using 'UTF-8' encoding to copy filtered resources.
[INFO] skip non existing resourceDirectory /home/travis/build/square/retrofit/retrofit-adapters/guava/src/test/resources
[INFO] 
[INFO] --- maven-compiler-plugin:3.0:testCompile (default-testCompile) @ adapter-guava ---
[INFO] Changes detected - recompiling the module!
[INFO] Compiling 3 source files to /home/travis/build/square/retrofit/retrofit-adapters/guava/target/test-classes
[INFO] 
[INFO] --- maven-surefire-plugin:2.12.4:test (default-test) @ adapter-guava ---
[INFO] Surefire report directory: /home/travis/build/square/retrofit/retrofit-adapters/guava/target/surefire-reports

-------------------------------------------------------
 T E S T S
-------------------------------------------------------
Running retrofit2.adapter.guava.ListenableFutureTest
Feb 09, 2016 4:18:52 PM okhttp3.mockwebserver.MockWebServer$3 execute
INFO: MockWebServer[38149] starting to accept connections
Feb 09, 2016 4:18:52 PM okhttp3.mockwebserver.MockWebServer$4 processOneRequest
INFO: MockWebServer[38149] received request: GET / HTTP/1.1 and responded: HTTP/1.1 200 OK
Feb 09, 2016 4:18:52 PM okhttp3.mockwebserver.MockWebServer$3 acceptConnections
INFO: MockWebServer[38149] done accepting connections: Socket closed
Feb 09, 2016 4:18:52 PM okhttp3.mockwebserver.MockWebServer$3 execute
INFO: MockWebServer[50736] starting to accept connections
Feb 09, 2016 4:18:52 PM okhttp3.mockwebserver.MockWebServer$3 acceptConnections
INFO: MockWebServer[50736] done accepting connections: Socket closed
Feb 09, 2016 4:18:52 PM okhttp3.mockwebserver.MockWebServer$4 processOneRequest
INFO: MockWebServer[50736] received request: GET / HTTP/1.1 and responded: HTTP/1.1 404 Client Error
Feb 09, 2016 4:18:52 PM okhttp3.mockwebserver.MockWebServer$3 execute
INFO: MockWebServer[53927] starting to accept connections
Feb 09, 2016 4:18:52 PM okhttp3.mockwebserver.MockWebServer$3 acceptConnections
INFO: MockWebServer[53927] done accepting connections: Socket closed
Feb 09, 2016 4:18:52 PM okhttp3.mockwebserver.MockWebServer$4 processConnection
WARNING: MockWebServer[53927] connection from /127.0.0.1 didn't make a request
Feb 09, 2016 4:18:52 PM okhttp3.mockwebserver.MockWebServer$3 execute
INFO: MockWebServer[50552] starting to accept connections
Feb 09, 2016 4:18:52 PM okhttp3.mockwebserver.MockWebServer$3 acceptConnections
INFO: MockWebServer[50552] done accepting connections: Socket closed
Feb 09, 2016 4:18:52 PM okhttp3.mockwebserver.MockWebServer$4 processOneRequest
INFO: MockWebServer[50552] received request: GET / HTTP/1.1 and responded: HTTP/1.1 200 OK
Feb 09, 2016 4:18:52 PM okhttp3.mockwebserver.MockWebServer$3 execute
INFO: MockWebServer[40757] starting to accept connections
Feb 09, 2016 4:18:52 PM okhttp3.mockwebserver.MockWebServer$3 acceptConnections
INFO: MockWebServer[40757] done accepting connections: Socket closed
Feb 09, 2016 4:18:52 PM okhttp3.mockwebserver.MockWebServer$4 processOneRequest
INFO: MockWebServer[40757] received request: GET / HTTP/1.1 and responded: HTTP/1.1 404 Client Error
Feb 09, 2016 4:18:52 PM okhttp3.mockwebserver.MockWebServer$3 execute
INFO: MockWebServer[50254] starting to accept connections
Feb 09, 2016 4:18:52 PM okhttp3.mockwebserver.MockWebServer$3 acceptConnections
INFO: MockWebServer[50254] done accepting connections: Socket closed
Feb 09, 2016 4:18:52 PM okhttp3.mockwebserver.MockWebServer$4 processConnection
WARNING: MockWebServer[50254] connection from /127.0.0.1 didn't make a request
Tests run: 6, Failures: 0, Errors: 0, Skipped: 0, Time elapsed: 0.787 sec
Running retrofit2.adapter.guava.GuavaCallAdapterFactoryTest
Feb 09, 2016 4:18:52 PM okhttp3.mockwebserver.MockWebServer$3 execute
INFO: MockWebServer[58191] starting to accept connections
Feb 09, 2016 4:18:52 PM okhttp3.mockwebserver.MockWebServer$3 acceptConnections
INFO: MockWebServer[58191] done accepting connections: Socket is closed
Feb 09, 2016 4:18:52 PM okhttp3.mockwebserver.MockWebServer$3 execute
INFO: MockWebServer[35898] starting to accept connections
Feb 09, 2016 4:18:52 PM okhttp3.mockwebserver.MockWebServer$3 acceptConnections
INFO: MockWebServer[35898] done accepting connections: Socket closed
Feb 09, 2016 4:18:52 PM okhttp3.mockwebserver.MockWebServer$3 execute
INFO: MockWebServer[40099] starting to accept connections
Feb 09, 2016 4:18:52 PM okhttp3.mockwebserver.MockWebServer$3 acceptConnections
INFO: MockWebServer[40099] done accepting connections: Socket closed
Feb 09, 2016 4:18:52 PM okhttp3.mockwebserver.MockWebServer$3 execute
INFO: MockWebServer[40973] starting to accept connections
Feb 09, 2016 4:18:52 PM okhttp3.mockwebserver.MockWebServer$3 acceptConnections
INFO: MockWebServer[40973] done accepting connections: Socket is closed
Tests run: 4, Failures: 0, Errors: 0, Skipped: 0, Time elapsed: 0.054 sec

Results :

Tests run: 10, Failures: 0, Errors: 0, Skipped: 0

[INFO] 
[INFO] --- animal-sniffer-maven-plugin:1.14:check (default) @ adapter-guava ---
[INFO] Checking unresolved references to org.codehaus.mojo.signature:java16:1.1
[INFO]                                                                         
[INFO] ------------------------------------------------------------------------
[INFO] Building Adapter: Java 8 2.0.0-SNAPSHOT
[INFO] ------------------------------------------------------------------------
[INFO] 
[INFO] --- maven-enforcer-plugin:1.0:enforce (enforce-maven) @ adapter-java8 ---
[INFO] 
[INFO] --- maven-resources-plugin:2.6:resources (default-resources) @ adapter-java8 ---
[INFO] Using 'UTF-8' encoding to copy filtered resources.
[INFO] skip non existing resourceDirectory /home/travis/build/square/retrofit/retrofit-adapters/java8/src/main/resources
[INFO] 
[INFO] --- maven-compiler-plugin:3.0:compile (default-compile) @ adapter-java8 ---
[INFO] Changes detected - recompiling the module!
[INFO] Compiling 2 source files to /home/travis/build/square/retrofit/retrofit-adapters/java8/target/classes
[INFO] 
[INFO] --- maven-resources-plugin:2.6:testResources (default-testResources) @ adapter-java8 ---
[INFO] Using 'UTF-8' encoding to copy filtered resources.
[INFO] skip non existing resourceDirectory /home/travis/build/square/retrofit/retrofit-adapters/java8/src/test/resources
[INFO] 
[INFO] --- maven-compiler-plugin:3.0:testCompile (default-testCompile) @ adapter-java8 ---
[INFO] Changes detected - recompiling the module!
[INFO] Compiling 3 source files to /home/travis/build/square/retrofit/retrofit-adapters/java8/target/test-classes
[INFO] 
[INFO] --- maven-surefire-plugin:2.12.4:test (default-test) @ adapter-java8 ---
[INFO] Surefire report directory: /home/travis/build/square/retrofit/retrofit-adapters/java8/target/surefire-reports

-------------------------------------------------------
 T E S T S
-------------------------------------------------------
Running retrofit2.adapter.java8.Java8CallAdapterFactoryTest
Feb 09, 2016 4:18:54 PM okhttp3.mockwebserver.MockWebServer$3 execute
INFO: MockWebServer[45232] starting to accept connections
Feb 09, 2016 4:18:54 PM okhttp3.mockwebserver.MockWebServer$3 acceptConnections
INFO: MockWebServer[45232] done accepting connections: Socket closed
Feb 09, 2016 4:18:54 PM okhttp3.mockwebserver.MockWebServer$3 execute
INFO: MockWebServer[56211] starting to accept connections
Feb 09, 2016 4:18:54 PM okhttp3.mockwebserver.MockWebServer$3 acceptConnections
INFO: MockWebServer[56211] done accepting connections: Socket is closed
Feb 09, 2016 4:18:54 PM okhttp3.mockwebserver.MockWebServer$3 execute
INFO: MockWebServer[40603] starting to accept connections
Feb 09, 2016 4:18:54 PM okhttp3.mockwebserver.MockWebServer$3 acceptConnections
INFO: MockWebServer[40603] done accepting connections: Socket is closed
Feb 09, 2016 4:18:54 PM okhttp3.mockwebserver.MockWebServer$3 execute
INFO: MockWebServer[60852] starting to accept connections
Feb 09, 2016 4:18:54 PM okhttp3.mockwebserver.MockWebServer$3 acceptConnections
INFO: MockWebServer[60852] done accepting connections: Socket is closed
Tests run: 4, Failures: 0, Errors: 0, Skipped: 0, Time elapsed: 0.742 sec
Running retrofit2.adapter.java8.CompletableFutureTest
Feb 09, 2016 4:18:54 PM okhttp3.mockwebserver.MockWebServer$3 execute
INFO: MockWebServer[33898] starting to accept connections
Feb 09, 2016 4:18:55 PM okhttp3.mockwebserver.MockWebServer$4 processOneRequest
INFO: MockWebServer[33898] received request: GET / HTTP/1.1 and responded: HTTP/1.1 200 OK
Feb 09, 2016 4:18:55 PM okhttp3.mockwebserver.MockWebServer$3 acceptConnections
INFO: MockWebServer[33898] done accepting connections: Socket closed
Feb 09, 2016 4:18:55 PM okhttp3.mockwebserver.MockWebServer$3 execute
INFO: MockWebServer[38636] starting to accept connections
Feb 09, 2016 4:18:55 PM okhttp3.mockwebserver.MockWebServer$4 processOneRequest
INFO: MockWebServer[38636] received request: GET / HTTP/1.1 and responded: HTTP/1.1 404 Client Error
Feb 09, 2016 4:18:55 PM okhttp3.mockwebserver.MockWebServer$3 acceptConnections
INFO: MockWebServer[38636] done accepting connections: Socket closed
Feb 09, 2016 4:18:55 PM okhttp3.mockwebserver.MockWebServer$3 execute
INFO: MockWebServer[49990] starting to accept connections
Feb 09, 2016 4:18:55 PM okhttp3.mockwebserver.MockWebServer$4 processConnection
WARNING: MockWebServer[49990] connection from /127.0.0.1 didn't make a request
Feb 09, 2016 4:18:55 PM okhttp3.mockwebserver.MockWebServer$3 acceptConnections
INFO: MockWebServer[49990] done accepting connections: Socket closed
Feb 09, 2016 4:18:55 PM okhttp3.mockwebserver.MockWebServer$3 execute
INFO: MockWebServer[37756] starting to accept connections
Feb 09, 2016 4:18:55 PM okhttp3.mockwebserver.MockWebServer$3 acceptConnections
INFO: MockWebServer[37756] done accepting connections: Socket closed
Feb 09, 2016 4:18:55 PM okhttp3.mockwebserver.MockWebServer$4 processOneRequest
INFO: MockWebServer[37756] received request: GET / HTTP/1.1 and responded: HTTP/1.1 200 OK
Feb 09, 2016 4:18:55 PM okhttp3.mockwebserver.MockWebServer$3 execute
INFO: MockWebServer[47938] starting to accept connections
Feb 09, 2016 4:18:55 PM okhttp3.mockwebserver.MockWebServer$4 processOneRequest
INFO: MockWebServer[47938] received request: GET / HTTP/1.1 and responded: HTTP/1.1 404 Client Error
Feb 09, 2016 4:18:55 PM okhttp3.mockwebserver.MockWebServer$3 acceptConnections
INFO: MockWebServer[47938] done accepting connections: Socket closed
Feb 09, 2016 4:18:55 PM okhttp3.mockwebserver.MockWebServer$3 execute
INFO: MockWebServer[45147] starting to accept connections
Feb 09, 2016 4:18:55 PM okhttp3.mockwebserver.MockWebServer$3 acceptConnections
INFO: MockWebServer[45147] done accepting connections: Socket closed
Feb 09, 2016 4:18:55 PM okhttp3.mockwebserver.MockWebServer$4 processConnection
WARNING: MockWebServer[45147] connection from /127.0.0.1 didn't make a request
Tests run: 6, Failures: 0, Errors: 0, Skipped: 0, Time elapsed: 0.216 sec

Results :

Tests run: 10, Failures: 0, Errors: 0, Skipped: 0

[INFO] 
[INFO] --- animal-sniffer-maven-plugin:1.14:check (default) @ adapter-java8 ---
[INFO] Checking unresolved references to org.kaazing.mojo.signature:java18:1.0
[INFO]                                                                         
[INFO] ------------------------------------------------------------------------
[INFO] Building Adapter: RxJava 2.0.0-SNAPSHOT
[INFO] ------------------------------------------------------------------------
[INFO] 
[INFO] --- maven-enforcer-plugin:1.0:enforce (enforce-maven) @ adapter-rxjava ---
[INFO] 
[INFO] --- maven-resources-plugin:2.6:resources (default-resources) @ adapter-rxjava ---
[INFO] Using 'UTF-8' encoding to copy filtered resources.
[INFO] skip non existing resourceDirectory /home/travis/build/square/retrofit/retrofit-adapters/rxjava/src/main/resources
[INFO] 
[INFO] --- maven-compiler-plugin:3.0:compile (default-compile) @ adapter-rxjava ---
[INFO] Changes detected - recompiling the module!
[INFO] Compiling 4 source files to /home/travis/build/square/retrofit/retrofit-adapters/rxjava/target/classes
[INFO] 
[INFO] --- maven-resources-plugin:2.6:testResources (default-testResources) @ adapter-rxjava ---
[INFO] Using 'UTF-8' encoding to copy filtered resources.
[INFO] skip non existing resourceDirectory /home/travis/build/square/retrofit/retrofit-adapters/rxjava/src/test/resources
[INFO] 
[INFO] --- maven-compiler-plugin:3.0:testCompile (default-testCompile) @ adapter-rxjava ---
[INFO] Changes detected - recompiling the module!
[INFO] Compiling 5 source files to /home/travis/build/square/retrofit/retrofit-adapters/rxjava/target/test-classes
[INFO] 
[INFO] --- maven-surefire-plugin:2.12.4:test (default-test) @ adapter-rxjava ---
[INFO] Surefire report directory: /home/travis/build/square/retrofit/retrofit-adapters/rxjava/target/surefire-reports

-------------------------------------------------------
 T E S T S
-------------------------------------------------------
Running retrofit2.adapter.rxjava.ObservableTest
Feb 09, 2016 4:18:56 PM okhttp3.mockwebserver.MockWebServer$3 execute
INFO: MockWebServer[47236] starting to accept connections
Feb 09, 2016 4:18:57 PM okhttp3.mockwebserver.MockWebServer$4 processConnection
WARNING: MockWebServer[47236] connection from /127.0.0.1 didn't make a request
Feb 09, 2016 4:18:57 PM okhttp3.mockwebserver.MockWebServer$3 acceptConnections
INFO: MockWebServer[47236] done accepting connections: Socket closed
Feb 09, 2016 4:18:57 PM okhttp3.mockwebserver.MockWebServer$3 execute
INFO: MockWebServer[56214] starting to accept connections
Feb 09, 2016 4:18:57 PM okhttp3.mockwebserver.MockWebServer$4 processOneRequest
INFO: MockWebServer[56214] received request: GET / HTTP/1.1 and responded: HTTP/1.1 200 OK
Feb 09, 2016 4:18:57 PM okhttp3.mockwebserver.MockWebServer$3 acceptConnections
INFO: MockWebServer[56214] done accepting connections: Socket closed
Feb 09, 2016 4:18:57 PM okhttp3.mockwebserver.MockWebServer$3 execute
INFO: MockWebServer[45647] starting to accept connections
Feb 09, 2016 4:18:57 PM okhttp3.mockwebserver.MockWebServer$4 processOneRequest
INFO: MockWebServer[45647] received request: GET / HTTP/1.1 and responded: HTTP/1.1 404 Client Error
Feb 09, 2016 4:18:57 PM okhttp3.mockwebserver.MockWebServer$3 acceptConnections
INFO: MockWebServer[45647] done accepting connections: Socket closed
Feb 09, 2016 4:18:57 PM okhttp3.mockwebserver.MockWebServer$3 execute
INFO: MockWebServer[37133] starting to accept connections
Feb 09, 2016 4:18:57 PM okhttp3.mockwebserver.MockWebServer$3 acceptConnections
INFO: MockWebServer[37133] done accepting connections: Socket closed
Feb 09, 2016 4:18:57 PM okhttp3.mockwebserver.MockWebServer$4 processConnection
WARNING: MockWebServer[37133] connection from /127.0.0.1 didn't make a request
Feb 09, 2016 4:18:57 PM okhttp3.mockwebserver.MockWebServer$3 execute
INFO: MockWebServer[51975] starting to accept connections
Feb 09, 2016 4:18:57 PM okhttp3.mockwebserver.MockWebServer$3 acceptConnections
INFO: MockWebServer[51975] done accepting connections: Socket closed
Feb 09, 2016 4:18:57 PM okhttp3.mockwebserver.MockWebServer$4 processOneRequest
INFO: MockWebServer[51975] received request: GET / HTTP/1.1 and responded: HTTP/1.1 200 OK
Feb 09, 2016 4:18:57 PM okhttp3.mockwebserver.MockWebServer$3 execute
INFO: MockWebServer[44860] starting to accept connections
Feb 09, 2016 4:18:57 PM okhttp3.mockwebserver.MockWebServer$3 acceptConnections
INFO: MockWebServer[44860] done accepting connections: Socket closed
Feb 09, 2016 4:18:57 PM okhttp3.mockwebserver.MockWebServer$4 processOneRequest
INFO: MockWebServer[44860] received request: GET / HTTP/1.1 and responded: HTTP/1.1 404 Client Error
Feb 09, 2016 4:18:57 PM okhttp3.mockwebserver.MockWebServer$3 execute
INFO: MockWebServer[39713] starting to accept connections
Feb 09, 2016 4:18:57 PM okhttp3.mockwebserver.MockWebServer$3 acceptConnections
INFO: MockWebServer[39713] done accepting connections: Socket closed
Feb 09, 2016 4:18:57 PM okhttp3.mockwebserver.MockWebServer$4 processConnection
WARNING: MockWebServer[39713] connection from /127.0.0.1 didn't make a request
Feb 09, 2016 4:18:57 PM okhttp3.mockwebserver.MockWebServer$3 execute
INFO: MockWebServer[50559] starting to accept connections
Feb 09, 2016 4:18:57 PM okhttp3.mockwebserver.MockWebServer$3 acceptConnections
INFO: MockWebServer[50559] done accepting connections: Socket closed
Feb 09, 2016 4:18:57 PM okhttp3.mockwebserver.MockWebServer$4 processOneRequest
INFO: MockWebServer[50559] received request: GET / HTTP/1.1 and responded: HTTP/1.1 200 OK
Feb 09, 2016 4:18:57 PM okhttp3.mockwebserver.MockWebServer$3 execute
INFO: MockWebServer[35844] starting to accept connections
Feb 09, 2016 4:18:57 PM okhttp3.mockwebserver.MockWebServer$3 acceptConnections
INFO: MockWebServer[35844] done accepting connections: Socket closed
Feb 09, 2016 4:18:57 PM okhttp3.mockwebserver.MockWebServer$4 processOneRequest
INFO: MockWebServer[35844] received request: GET / HTTP/1.1 and responded: HTTP/1.1 404 Client Error
Tests run: 9, Failures: 0, Errors: 0, Skipped: 0, Time elapsed: 0.904 sec
Running retrofit2.adapter.rxjava.RxJavaCallAdapterFactoryTest
Tests run: 5, Failures: 0, Errors: 0, Skipped: 0, Time elapsed: 0.045 sec
Running retrofit2.adapter.rxjava.SingleTest
Feb 09, 2016 4:18:57 PM okhttp3.mockwebserver.MockWebServer$3 execute
INFO: MockWebServer[48505] starting to accept connections
Feb 09, 2016 4:18:57 PM okhttp3.mockwebserver.MockWebServer$3 acceptConnections
INFO: MockWebServer[48505] done accepting connections: Socket closed
Feb 09, 2016 4:18:57 PM okhttp3.mockwebserver.MockWebServer$4 processConnection
WARNING: MockWebServer[48505] connection from /127.0.0.1 didn't make a request
Feb 09, 2016 4:18:57 PM okhttp3.mockwebserver.MockWebServer$3 execute
INFO: MockWebServer[60189] starting to accept connections
Feb 09, 2016 4:18:57 PM okhttp3.mockwebserver.MockWebServer$3 acceptConnections
INFO: MockWebServer[60189] done accepting connections: Socket closed
Feb 09, 2016 4:18:57 PM okhttp3.mockwebserver.MockWebServer$4 processOneRequest
INFO: MockWebServer[60189] received request: GET / HTTP/1.1 and responded: HTTP/1.1 200 OK
Feb 09, 2016 4:18:57 PM okhttp3.mockwebserver.MockWebServer$3 execute
INFO: MockWebServer[57674] starting to accept connections
Feb 09, 2016 4:18:57 PM okhttp3.mockwebserver.MockWebServer$3 acceptConnections
INFO: MockWebServer[57674] done accepting connections: Socket closed
Feb 09, 2016 4:18:57 PM okhttp3.mockwebserver.MockWebServer$4 processOneRequest
INFO: MockWebServer[57674] received request: GET / HTTP/1.1 and responded: HTTP/1.1 404 Client Error
Feb 09, 2016 4:18:57 PM okhttp3.mockwebserver.MockWebServer$3 execute
INFO: MockWebServer[36964] starting to accept connections
Feb 09, 2016 4:18:57 PM okhttp3.mockwebserver.MockWebServer$3 acceptConnections
INFO: MockWebServer[36964] done accepting connections: Socket closed
Feb 09, 2016 4:18:57 PM okhttp3.mockwebserver.MockWebServer$4 processConnection
WARNING: MockWebServer[36964] connection from /127.0.0.1 didn't make a request
Feb 09, 2016 4:18:57 PM okhttp3.mockwebserver.MockWebServer$3 execute
INFO: MockWebServer[51015] starting to accept connections
Feb 09, 2016 4:18:57 PM okhttp3.mockwebserver.MockWebServer$3 acceptConnections
INFO: MockWebServer[51015] done accepting connections: Socket closed
Feb 09, 2016 4:18:57 PM okhttp3.mockwebserver.MockWebServer$4 processOneRequest
INFO: MockWebServer[51015] received request: GET / HTTP/1.1 and responded: HTTP/1.1 200 OK
Feb 09, 2016 4:18:57 PM okhttp3.mockwebserver.MockWebServer$3 execute
INFO: MockWebServer[57339] starting to accept connections
Feb 09, 2016 4:18:57 PM okhttp3.mockwebserver.MockWebServer$3 acceptConnections
INFO: MockWebServer[57339] done accepting connections: Socket closed
Feb 09, 2016 4:18:57 PM okhttp3.mockwebserver.MockWebServer$4 processOneRequest
INFO: MockWebServer[57339] received request: GET / HTTP/1.1 and responded: HTTP/1.1 404 Client Error
Feb 09, 2016 4:18:57 PM okhttp3.mockwebserver.MockWebServer$3 execute
INFO: MockWebServer[57290] starting to accept connections
Feb 09, 2016 4:18:57 PM okhttp3.mockwebserver.MockWebServer$3 acceptConnections
INFO: MockWebServer[57290] done accepting connections: Socket closed
Feb 09, 2016 4:18:57 PM okhttp3.mockwebserver.MockWebServer$4 processConnection
WARNING: MockWebServer[57290] connection from /127.0.0.1 didn't make a request
Feb 09, 2016 4:18:57 PM okhttp3.mockwebserver.MockWebServer$3 execute
INFO: MockWebServer[36302] starting to accept connections
Feb 09, 2016 4:18:57 PM okhttp3.mockwebserver.MockWebServer$3 acceptConnections
INFO: MockWebServer[36302] done accepting connections: Socket closed
Feb 09, 2016 4:18:57 PM okhttp3.mockwebserver.MockWebServer$4 processOneRequest
INFO: MockWebServer[36302] received request: GET / HTTP/1.1 and responded: HTTP/1.1 200 OK
Feb 09, 2016 4:18:57 PM okhttp3.mockwebserver.MockWebServer$3 execute
INFO: MockWebServer[48198] starting to accept connections
Feb 09, 2016 4:18:57 PM okhttp3.mockwebserver.MockWebServer$3 acceptConnections
INFO: MockWebServer[48198] done accepting connections: Socket closed
Feb 09, 2016 4:18:57 PM okhttp3.mockwebserver.MockWebServer$4 processOneRequest
INFO: MockWebServer[48198] received request: GET / HTTP/1.1 and responded: HTTP/1.1 404 Client Error
Tests run: 9, Failures: 0, Errors: 0, Skipped: 0, Time elapsed: 0.157 sec
Running retrofit2.adapter.rxjava.ResultTest
Tests run: 4, Failures: 0, Errors: 0, Skipped: 0, Time elapsed: 0.001 sec

Results :

Tests run: 27, Failures: 0, Errors: 0, Skipped: 0

[INFO] 
[INFO] --- animal-sniffer-maven-plugin:1.14:check (default) @ adapter-rxjava ---
[INFO] Checking unresolved references to org.codehaus.mojo.signature:java16:1.1
[INFO]                                                                         
[INFO] ------------------------------------------------------------------------
[INFO] Building Converters 2.0.0-SNAPSHOT
[INFO] ------------------------------------------------------------------------
[INFO] 
[INFO] --- maven-enforcer-plugin:1.0:enforce (enforce-maven) @ retrofit-converters ---
[INFO] 
[INFO] --- animal-sniffer-maven-plugin:1.14:check (default) @ retrofit-converters ---
[INFO] Checking unresolved references to org.codehaus.mojo.signature:java16:1.1
[INFO]                                                                         
[INFO] ------------------------------------------------------------------------
[INFO] Building Converter: Gson 2.0.0-SNAPSHOT
[INFO] ------------------------------------------------------------------------
[INFO] 
[INFO] --- maven-enforcer-plugin:1.0:enforce (enforce-maven) @ converter-gson ---
[INFO] 
[INFO] --- maven-resources-plugin:2.6:resources (default-resources) @ converter-gson ---
[INFO] Using 'UTF-8' encoding to copy filtered resources.
[INFO] skip non existing resourceDirectory /home/travis/build/square/retrofit/retrofit-converters/gson/src/main/resources
[INFO] 
[INFO] --- maven-compiler-plugin:3.0:compile (default-compile) @ converter-gson ---
[INFO] Changes detected - recompiling the module!
[INFO] Compiling 3 source files to /home/travis/build/square/retrofit/retrofit-converters/gson/target/classes
[INFO] 
[INFO] --- maven-resources-plugin:2.6:testResources (default-testResources) @ converter-gson ---
[INFO] Using 'UTF-8' encoding to copy filtered resources.
[INFO] skip non existing resourceDirectory /home/travis/build/square/retrofit/retrofit-converters/gson/src/test/resources
[INFO] 
[INFO] --- maven-compiler-plugin:3.0:testCompile (default-testCompile) @ converter-gson ---
[INFO] Changes detected - recompiling the module!
[INFO] Compiling 1 source file to /home/travis/build/square/retrofit/retrofit-converters/gson/target/test-classes
[INFO] 
[INFO] --- maven-surefire-plugin:2.12.4:test (default-test) @ converter-gson ---
[INFO] Surefire report directory: /home/travis/build/square/retrofit/retrofit-converters/gson/target/surefire-reports

-------------------------------------------------------
 T E S T S
-------------------------------------------------------
Running retrofit2.converter.gson.GsonConverterFactoryTest
Feb 09, 2016 4:18:59 PM okhttp3.mockwebserver.MockWebServer$3 execute
INFO: MockWebServer[55975] starting to accept connections
Feb 09, 2016 4:18:59 PM okhttp3.mockwebserver.MockWebServer$4 processOneRequest
INFO: MockWebServer[55975] received request: POST / HTTP/1.1 and responded: HTTP/1.1 200 OK
Feb 09, 2016 4:18:59 PM okhttp3.mockwebserver.MockWebServer$3 acceptConnections
INFO: MockWebServer[55975] done accepting connections: Socket closed
Feb 09, 2016 4:18:59 PM okhttp3.mockwebserver.MockWebServer$3 execute
INFO: MockWebServer[59943] starting to accept connections
Feb 09, 2016 4:18:59 PM okhttp3.mockwebserver.MockWebServer$3 acceptConnections
INFO: MockWebServer[59943] done accepting connections: Socket closed
Feb 09, 2016 4:18:59 PM okhttp3.mockwebserver.MockWebServer$4 processOneRequest
INFO: MockWebServer[59943] received request: POST / HTTP/1.1 and responded: HTTP/1.1 200 OK
Feb 09, 2016 4:18:59 PM okhttp3.mockwebserver.MockWebServer$3 execute
INFO: MockWebServer[42822] starting to accept connections
Feb 09, 2016 4:18:59 PM okhttp3.mockwebserver.MockWebServer$3 acceptConnections
INFO: MockWebServer[42822] done accepting connections: Socket closed
Feb 09, 2016 4:18:59 PM okhttp3.mockwebserver.MockWebServer$4 processOneRequest
INFO: MockWebServer[42822] received request: POST / HTTP/1.1 and responded: HTTP/1.1 200 OK
Tests run: 3, Failures: 0, Errors: 0, Skipped: 0, Time elapsed: 0.801 sec

Results :

Tests run: 3, Failures: 0, Errors: 0, Skipped: 0

[INFO] 
[INFO] --- animal-sniffer-maven-plugin:1.14:check (default) @ converter-gson ---
[INFO] Checking unresolved references to org.codehaus.mojo.signature:java16:1.1
[INFO]                                                                         
[INFO] ------------------------------------------------------------------------
[INFO] Building Converter: Protocol Buffers 2.0.0-SNAPSHOT
[INFO] ------------------------------------------------------------------------
[INFO] 
[INFO] --- maven-enforcer-plugin:1.0:enforce (enforce-maven) @ converter-protobuf ---
[INFO] 
[INFO] --- maven-resources-plugin:2.6:resources (default-resources) @ converter-protobuf ---
[INFO] Using 'UTF-8' encoding to copy filtered resources.
[INFO] skip non existing resourceDirectory /home/travis/build/square/retrofit/retrofit-converters/protobuf/src/main/resources
[INFO] 
[INFO] --- maven-compiler-plugin:3.0:compile (default-compile) @ converter-protobuf ---
[INFO] Changes detected - recompiling the module!
[INFO] Compiling 3 source files to /home/travis/build/square/retrofit/retrofit-converters/protobuf/target/classes
[WARNING] /home/travis/build/square/retrofit/retrofit-converters/protobuf/src/main/java/retrofit2/converter/protobuf/ProtoConverterFactory.java: /home/travis/build/square/retrofit/retrofit-converters/protobuf/src/main/java/retrofit2/converter/protobuf/ProtoConverterFactory.java uses unchecked or unsafe operations.
[WARNING] /home/travis/build/square/retrofit/retrofit-converters/protobuf/src/main/java/retrofit2/converter/protobuf/ProtoConverterFactory.java: Recompile with -Xlint:unchecked for details.
[INFO] 
[INFO] --- maven-resources-plugin:2.6:testResources (default-testResources) @ converter-protobuf ---
[INFO] Using 'UTF-8' encoding to copy filtered resources.
[INFO] skip non existing resourceDirectory /home/travis/build/square/retrofit/retrofit-converters/protobuf/src/test/resources
[INFO] 
[INFO] --- maven-compiler-plugin:3.0:testCompile (default-testCompile) @ converter-protobuf ---
[INFO] Changes detected - recompiling the module!
[INFO] Compiling 2 source files to /home/travis/build/square/retrofit/retrofit-converters/protobuf/target/test-classes
[INFO] 
[INFO] --- maven-surefire-plugin:2.12.4:test (default-test) @ converter-protobuf ---
[INFO] Surefire report directory: /home/travis/build/square/retrofit/retrofit-converters/protobuf/target/surefire-reports

-------------------------------------------------------
 T E S T S
-------------------------------------------------------
Running retrofit2.converter.protobuf.ProtoConverterFactoryTest
Feb 09, 2016 4:19:00 PM okhttp3.mockwebserver.MockWebServer$3 execute
INFO: MockWebServer[52613] starting to accept connections
Feb 09, 2016 4:19:01 PM okhttp3.mockwebserver.MockWebServer$4 processOneRequest
INFO: MockWebServer[52613] received request: POST / HTTP/1.1 and responded: HTTP/1.1 200 OK
Feb 09, 2016 4:19:01 PM okhttp3.mockwebserver.MockWebServer$3 acceptConnections
INFO: MockWebServer[52613] done accepting connections: Socket closed
Feb 09, 2016 4:19:01 PM okhttp3.mockwebserver.MockWebServer$3 execute
INFO: MockWebServer[56167] starting to accept connections
Feb 09, 2016 4:19:01 PM okhttp3.mockwebserver.MockWebServer$3 acceptConnections
INFO: MockWebServer[56167] done accepting connections: Socket closed
Feb 09, 2016 4:19:01 PM okhttp3.mockwebserver.MockWebServer$3 execute
INFO: MockWebServer[58643] starting to accept connections
Feb 09, 2016 4:19:01 PM okhttp3.mockwebserver.MockWebServer$3 acceptConnections
INFO: MockWebServer[58643] done accepting connections: Socket closed
Feb 09, 2016 4:19:01 PM okhttp3.mockwebserver.MockWebServer$4 processOneRequest
INFO: MockWebServer[58643] received request: GET / HTTP/1.1 and responded: HTTP/1.1 200 OK
Feb 09, 2016 4:19:01 PM okhttp3.mockwebserver.MockWebServer$3 execute
INFO: MockWebServer[43506] starting to accept connections
Feb 09, 2016 4:19:01 PM okhttp3.mockwebserver.MockWebServer$3 acceptConnections
INFO: MockWebServer[43506] done accepting connections: Socket is closed
Feb 09, 2016 4:19:01 PM okhttp3.mockwebserver.MockWebServer$3 execute
INFO: MockWebServer[37073] starting to accept connections
Feb 09, 2016 4:19:01 PM okhttp3.mockwebserver.MockWebServer$3 acceptConnections
INFO: MockWebServer[37073] done accepting connections: Socket closed
Feb 09, 2016 4:19:01 PM okhttp3.mockwebserver.MockWebServer$4 processOneRequest
INFO: MockWebServer[37073] received request: GET / HTTP/1.1 and responded: HTTP/1.1 200 OK
Tests run: 5, Failures: 0, Errors: 0, Skipped: 0, Time elapsed: 0.819 sec

Results :

Tests run: 5, Failures: 0, Errors: 0, Skipped: 0

[INFO] 
[INFO] --- animal-sniffer-maven-plugin:1.14:check (default) @ converter-protobuf ---
[INFO] Checking unresolved references to org.codehaus.mojo.signature:java16:1.1
[INFO]                                                                         
[INFO] ------------------------------------------------------------------------
[INFO] Building Converter: Jackson 2.0.0-SNAPSHOT
[INFO] ------------------------------------------------------------------------
[INFO] 
[INFO] --- maven-enforcer-plugin:1.0:enforce (enforce-maven) @ converter-jackson ---
[INFO] 
[INFO] --- maven-resources-plugin:2.6:resources (default-resources) @ converter-jackson ---
[INFO] Using 'UTF-8' encoding to copy filtered resources.
[INFO] skip non existing resourceDirectory /home/travis/build/square/retrofit/retrofit-converters/jackson/src/main/resources
[INFO] 
[INFO] --- maven-compiler-plugin:3.0:compile (default-compile) @ converter-jackson ---
[INFO] Changes detected - recompiling the module!
[INFO] Compiling 3 source files to /home/travis/build/square/retrofit/retrofit-converters/jackson/target/classes
[INFO] 
[INFO] --- maven-resources-plugin:2.6:testResources (default-testResources) @ converter-jackson ---
[INFO] Using 'UTF-8' encoding to copy filtered resources.
[INFO] skip non existing resourceDirectory /home/travis/build/square/retrofit/retrofit-converters/jackson/src/test/resources
[INFO] 
[INFO] --- maven-compiler-plugin:3.0:testCompile (default-testCompile) @ converter-jackson ---
[INFO] Changes detected - recompiling the module!
[INFO] Compiling 1 source file to /home/travis/build/square/retrofit/retrofit-converters/jackson/target/test-classes
[INFO] 
[INFO] --- maven-surefire-plugin:2.12.4:test (default-test) @ converter-jackson ---
[INFO] Surefire report directory: /home/travis/build/square/retrofit/retrofit-converters/jackson/target/surefire-reports

-------------------------------------------------------
 T E S T S
-------------------------------------------------------
Running retrofit2.converter.jackson.JacksonConverterFactoryTest
Feb 09, 2016 4:19:02 PM okhttp3.mockwebserver.MockWebServer$3 execute
INFO: MockWebServer[42952] starting to accept connections
Feb 09, 2016 4:19:03 PM okhttp3.mockwebserver.MockWebServer$4 processOneRequest
INFO: MockWebServer[42952] received request: POST / HTTP/1.1 and responded: HTTP/1.1 200 OK
Feb 09, 2016 4:19:03 PM okhttp3.mockwebserver.MockWebServer$3 acceptConnections
INFO: MockWebServer[42952] done accepting connections: Socket closed
Feb 09, 2016 4:19:03 PM okhttp3.mockwebserver.MockWebServer$3 execute
INFO: MockWebServer[33563] starting to accept connections
Feb 09, 2016 4:19:03 PM okhttp3.mockwebserver.MockWebServer$3 acceptConnections
INFO: MockWebServer[33563] done accepting connections: Socket closed
Feb 09, 2016 4:19:03 PM okhttp3.mockwebserver.MockWebServer$4 processOneRequest
INFO: MockWebServer[33563] received request: POST / HTTP/1.1 and responded: HTTP/1.1 200 OK
Tests run: 2, Failures: 0, Errors: 0, Skipped: 0, Time elapsed: 0.94 sec

Results :

Tests run: 2, Failures: 0, Errors: 0, Skipped: 0

[INFO] 
[INFO] --- animal-sniffer-maven-plugin:1.14:check (default) @ converter-jackson ---
[INFO] Checking unresolved references to org.codehaus.mojo.signature:java16:1.1
[INFO]                                                                         
[INFO] ------------------------------------------------------------------------
[INFO] Building Converter: Wire Protocol Buffers 2.0.0-SNAPSHOT
[INFO] ------------------------------------------------------------------------
[INFO] 
[INFO] --- maven-enforcer-plugin:1.0:enforce (enforce-maven) @ converter-wire ---
[INFO] 
[INFO] --- maven-resources-plugin:2.6:resources (default-resources) @ converter-wire ---
[INFO] Using 'UTF-8' encoding to copy filtered resources.
[INFO] skip non existing resourceDirectory /home/travis/build/square/retrofit/retrofit-converters/wire/src/main/resources
[INFO] 
[INFO] --- maven-compiler-plugin:3.0:compile (default-compile) @ converter-wire ---
[INFO] Changes detected - recompiling the module!
[INFO] Compiling 3 source files to /home/travis/build/square/retrofit/retrofit-converters/wire/target/classes
[WARNING] /home/travis/build/square/retrofit/retrofit-converters/wire/src/main/java/retrofit2/converter/wire/WireConverterFactory.java: /home/travis/build/square/retrofit/retrofit-converters/wire/src/main/java/retrofit2/converter/wire/WireConverterFactory.java uses unchecked or unsafe operations.
[WARNING] /home/travis/build/square/retrofit/retrofit-converters/wire/src/main/java/retrofit2/converter/wire/WireConverterFactory.java: Recompile with -Xlint:unchecked for details.
[INFO] 
[INFO] --- maven-resources-plugin:2.6:testResources (default-testResources) @ converter-wire ---
[INFO] Using 'UTF-8' encoding to copy filtered resources.
[INFO] skip non existing resourceDirectory /home/travis/build/square/retrofit/retrofit-converters/wire/src/test/resources
[INFO] 
[INFO] --- maven-compiler-plugin:3.0:testCompile (default-testCompile) @ converter-wire ---
[INFO] Changes detected - recompiling the module!
[INFO] Compiling 2 source files to /home/travis/build/square/retrofit/retrofit-converters/wire/target/test-classes
[INFO] 
[INFO] --- maven-surefire-plugin:2.12.4:test (default-test) @ converter-wire ---
[INFO] Surefire report directory: /home/travis/build/square/retrofit/retrofit-converters/wire/target/surefire-reports

-------------------------------------------------------
 T E S T S
-------------------------------------------------------
Running retrofit2.converter.wire.WireConverterFactoryTest
Feb 09, 2016 4:19:04 PM okhttp3.mockwebserver.MockWebServer$3 execute
INFO: MockWebServer[37942] starting to accept connections
Feb 09, 2016 4:19:04 PM okhttp3.mockwebserver.MockWebServer$4 processOneRequest
INFO: MockWebServer[37942] received request: POST / HTTP/1.1 and responded: HTTP/1.1 200 OK
Feb 09, 2016 4:19:04 PM okhttp3.mockwebserver.MockWebServer$3 acceptConnections
INFO: MockWebServer[37942] done accepting connections: Socket closed
Feb 09, 2016 4:19:04 PM okhttp3.mockwebserver.MockWebServer$3 execute
INFO: MockWebServer[60828] starting to accept connections
Feb 09, 2016 4:19:04 PM okhttp3.mockwebserver.MockWebServer$3 acceptConnections
INFO: MockWebServer[60828] done accepting connections: Socket is closed
Feb 09, 2016 4:19:04 PM okhttp3.mockwebserver.MockWebServer$3 execute
INFO: MockWebServer[52923] starting to accept connections
Feb 09, 2016 4:19:04 PM okhttp3.mockwebserver.MockWebServer$4 processOneRequest
INFO: MockWebServer[52923] received request: GET / HTTP/1.1 and responded: HTTP/1.1 200 OK
Feb 09, 2016 4:19:04 PM okhttp3.mockwebserver.MockWebServer$3 acceptConnections
INFO: MockWebServer[52923] done accepting connections: Socket closed
Feb 09, 2016 4:19:04 PM okhttp3.mockwebserver.MockWebServer$3 execute
INFO: MockWebServer[37313] starting to accept connections
Feb 09, 2016 4:19:04 PM okhttp3.mockwebserver.MockWebServer$3 acceptConnections
INFO: MockWebServer[37313] done accepting connections: Socket is closed
Feb 09, 2016 4:19:04 PM okhttp3.mockwebserver.MockWebServer$3 execute
INFO: MockWebServer[52464] starting to accept connections
Feb 09, 2016 4:19:04 PM okhttp3.mockwebserver.MockWebServer$4 processOneRequest
INFO: MockWebServer[52464] received request: GET / HTTP/1.1 and responded: HTTP/1.1 200 OK
Feb 09, 2016 4:19:04 PM okhttp3.mockwebserver.MockWebServer$3 acceptConnections
INFO: MockWebServer[52464] done accepting connections: Socket closed
Tests run: 5, Failures: 0, Errors: 0, Skipped: 0, Time elapsed: 0.751 sec

Results :

Tests run: 5, Failures: 0, Errors: 0, Skipped: 0

[INFO] 
[INFO] --- animal-sniffer-maven-plugin:1.14:check (default) @ converter-wire ---
[INFO] Checking unresolved references to org.codehaus.mojo.signature:java16:1.1
[INFO]                                                                         
[INFO] ------------------------------------------------------------------------
[INFO] Building Converter: SimpleXML 2.0.0-SNAPSHOT
[INFO] ------------------------------------------------------------------------
[INFO] 
[INFO] --- maven-enforcer-plugin:1.0:enforce (enforce-maven) @ converter-simplexml ---
[INFO] 
[INFO] --- maven-resources-plugin:2.6:resources (default-resources) @ converter-simplexml ---
[INFO] Using 'UTF-8' encoding to copy filtered resources.
[INFO] skip non existing resourceDirectory /home/travis/build/square/retrofit/retrofit-converters/simplexml/src/main/resources
[INFO] 
[INFO] --- maven-compiler-plugin:3.0:compile (default-compile) @ converter-simplexml ---
[INFO] Changes detected - recompiling the module!
[INFO] Compiling 3 source files to /home/travis/build/square/retrofit/retrofit-converters/simplexml/target/classes
[INFO] 
[INFO] --- maven-resources-plugin:2.6:testResources (default-testResources) @ converter-simplexml ---
[INFO] Using 'UTF-8' encoding to copy filtered resources.
[INFO] skip non existing resourceDirectory /home/travis/build/square/retrofit/retrofit-converters/simplexml/src/test/resources
[INFO] 
[INFO] --- maven-compiler-plugin:3.0:testCompile (default-testCompile) @ converter-simplexml ---
[INFO] Changes detected - recompiling the module!
[INFO] Compiling 2 source files to /home/travis/build/square/retrofit/retrofit-converters/simplexml/target/test-classes
[INFO] 
[INFO] --- maven-surefire-plugin:2.12.4:test (default-test) @ converter-simplexml ---
[INFO] Surefire report directory: /home/travis/build/square/retrofit/retrofit-converters/simplexml/target/surefire-reports

-------------------------------------------------------
 T E S T S
-------------------------------------------------------
Running retrofit2.converter.simplexml.SimpleXmlConverterFactoryTest
Feb 09, 2016 4:19:05 PM okhttp3.mockwebserver.MockWebServer$3 execute
INFO: MockWebServer[48121] starting to accept connections
Feb 09, 2016 4:19:06 PM okhttp3.mockwebserver.MockWebServer$4 processOneRequest
INFO: MockWebServer[48121] received request: GET / HTTP/1.1 and responded: HTTP/1.1 200 OK
Feb 09, 2016 4:19:06 PM okhttp3.mockwebserver.MockWebServer$3 acceptConnections
INFO: MockWebServer[48121] done accepting connections: Socket closed
Feb 09, 2016 4:19:06 PM okhttp3.mockwebserver.MockWebServer$3 execute
INFO: MockWebServer[59150] starting to accept connections
Feb 09, 2016 4:19:06 PM okhttp3.mockwebserver.MockWebServer$4 processOneRequest
INFO: MockWebServer[59150] received request: GET / HTTP/1.1 and responded: HTTP/1.1 200 OK
Feb 09, 2016 4:19:06 PM okhttp3.mockwebserver.MockWebServer$3 acceptConnections
INFO: MockWebServer[59150] done accepting connections: Socket closed
Feb 09, 2016 4:19:06 PM okhttp3.mockwebserver.MockWebServer$3 execute
INFO: MockWebServer[35157] starting to accept connections
Feb 09, 2016 4:19:06 PM okhttp3.mockwebserver.MockWebServer$3 acceptConnections
INFO: MockWebServer[35157] done accepting connections: Socket closed
Feb 09, 2016 4:19:06 PM okhttp3.mockwebserver.MockWebServer$4 processOneRequest
INFO: MockWebServer[35157] received request: POST / HTTP/1.1 and responded: HTTP/1.1 200 OK
Tests run: 3, Failures: 0, Errors: 0, Skipped: 0, Time elapsed: 1.21 sec

Results :

Tests run: 3, Failures: 0, Errors: 0, Skipped: 0

[INFO] 
[INFO] --- animal-sniffer-maven-plugin:1.14:check (default) @ converter-simplexml ---
[INFO] Checking unresolved references to org.codehaus.mojo.signature:java16:1.1
[INFO]                                                                         
[INFO] ------------------------------------------------------------------------
[INFO] Building Converter: Java Scalars 2.0.0-SNAPSHOT
[INFO] ------------------------------------------------------------------------
[INFO] 
[INFO] --- maven-enforcer-plugin:1.0:enforce (enforce-maven) @ converter-scalars ---
[INFO] 
[INFO] --- maven-resources-plugin:2.6:resources (default-resources) @ converter-scalars ---
[INFO] Using 'UTF-8' encoding to copy filtered resources.
[INFO] skip non existing resourceDirectory /home/travis/build/square/retrofit/retrofit-converters/scalars/src/main/resources
[INFO] 
[INFO] --- maven-compiler-plugin:3.0:compile (default-compile) @ converter-scalars ---
[INFO] Changes detected - recompiling the module!
[INFO] Compiling 3 source files to /home/travis/build/square/retrofit/retrofit-converters/scalars/target/classes
[INFO] 
[INFO] --- maven-resources-plugin:2.6:testResources (default-testResources) @ converter-scalars ---
[INFO] Using 'UTF-8' encoding to copy filtered resources.
[INFO] skip non existing resourceDirectory /home/travis/build/square/retrofit/retrofit-converters/scalars/src/test/resources
[INFO] 
[INFO] --- maven-compiler-plugin:3.0:testCompile (default-testCompile) @ converter-scalars ---
[INFO] Changes detected - recompiling the module!
[INFO] Compiling 1 source file to /home/travis/build/square/retrofit/retrofit-converters/scalars/target/test-classes
[INFO] 
[INFO] --- maven-surefire-plugin:2.12.4:test (default-test) @ converter-scalars ---
[INFO] Surefire report directory: /home/travis/build/square/retrofit/retrofit-converters/scalars/target/surefire-reports

-------------------------------------------------------
 T E S T S
-------------------------------------------------------
Running retrofit2.converter.scalars.ScalarsConverterFactoryTest
Feb 09, 2016 4:19:08 PM okhttp3.mockwebserver.MockWebServer$3 execute
INFO: MockWebServer[38874] starting to accept connections
Feb 09, 2016 4:19:09 PM okhttp3.mockwebserver.MockWebServer$3 acceptConnections
INFO: MockWebServer[38874] done accepting connections: Socket closed
Feb 09, 2016 4:19:09 PM okhttp3.mockwebserver.MockWebServer$3 execute
INFO: MockWebServer[39305] starting to accept connections
Feb 09, 2016 4:19:09 PM okhttp3.mockwebserver.MockWebServer$4 processOneRequest
INFO: MockWebServer[39305] received request: GET / HTTP/1.1 and responded: HTTP/1.1 200 OK
Feb 09, 2016 4:19:09 PM okhttp3.mockwebserver.MockWebServer$4 processOneRequest
INFO: MockWebServer[39305] received request: GET / HTTP/1.1 and responded: HTTP/1.1 200 OK
Feb 09, 2016 4:19:09 PM okhttp3.mockwebserver.MockWebServer$4 processOneRequest
INFO: MockWebServer[39305] received request: GET / HTTP/1.1 and responded: HTTP/1.1 200 OK
Feb 09, 2016 4:19:09 PM okhttp3.mockwebserver.MockWebServer$4 processOneRequest
INFO: MockWebServer[39305] received request: GET / HTTP/1.1 and responded: HTTP/1.1 200 OK
Feb 09, 2016 4:19:09 PM okhttp3.mockwebserver.MockWebServer$4 processOneRequest
INFO: MockWebServer[39305] received request: GET / HTTP/1.1 and responded: HTTP/1.1 200 OK
Feb 09, 2016 4:19:09 PM okhttp3.mockwebserver.MockWebServer$4 processOneRequest
INFO: MockWebServer[39305] received request: GET / HTTP/1.1 and responded: HTTP/1.1 200 OK
Feb 09, 2016 4:19:09 PM okhttp3.mockwebserver.MockWebServer$4 processOneRequest
INFO: MockWebServer[39305] received request: GET / HTTP/1.1 and responded: HTTP/1.1 200 OK
Feb 09, 2016 4:19:09 PM okhttp3.mockwebserver.MockWebServer$4 processOneRequest
INFO: MockWebServer[39305] received request: GET / HTTP/1.1 and responded: HTTP/1.1 200 OK
Feb 09, 2016 4:19:09 PM okhttp3.mockwebserver.MockWebServer$4 processOneRequest
INFO: MockWebServer[39305] received request: GET / HTTP/1.1 and responded: HTTP/1.1 200 OK
Feb 09, 2016 4:19:09 PM okhttp3.mockwebserver.MockWebServer$4 processOneRequest
INFO: MockWebServer[39305] received request: GET / HTTP/1.1 and responded: HTTP/1.1 200 OK
Feb 09, 2016 4:19:09 PM okhttp3.mockwebserver.MockWebServer$4 processOneRequest
INFO: MockWebServer[39305] received request: GET / HTTP/1.1 and responded: HTTP/1.1 200 OK
Feb 09, 2016 4:19:09 PM okhttp3.mockwebserver.MockWebServer$3 acceptConnections
INFO: MockWebServer[39305] done accepting connections: Socket closed
Feb 09, 2016 4:19:09 PM okhttp3.mockwebserver.MockWebServer$3 execute
INFO: MockWebServer[59923] starting to accept connections
Feb 09, 2016 4:19:09 PM okhttp3.mockwebserver.MockWebServer$4 processOneRequest
INFO: MockWebServer[59923] received request: POST / HTTP/1.1 and responded: HTTP/1.1 200 OK
Feb 09, 2016 4:19:09 PM okhttp3.mockwebserver.MockWebServer$4 processOneRequest
INFO: MockWebServer[59923] received request: POST / HTTP/1.1 and responded: HTTP/1.1 200 OK
Feb 09, 2016 4:19:09 PM okhttp3.mockwebserver.MockWebServer$4 processOneRequest
INFO: MockWebServer[59923] received request: POST / HTTP/1.1 and responded: HTTP/1.1 200 OK
Feb 09, 2016 4:19:09 PM okhttp3.mockwebserver.MockWebServer$4 processOneRequest
INFO: MockWebServer[59923] received request: POST / HTTP/1.1 and responded: HTTP/1.1 200 OK
Feb 09, 2016 4:19:09 PM okhttp3.mockwebserver.MockWebServer$4 processOneRequest
INFO: MockWebServer[59923] received request: POST / HTTP/1.1 and responded: HTTP/1.1 200 OK
Feb 09, 2016 4:19:09 PM okhttp3.mockwebserver.MockWebServer$4 processOneRequest
INFO: MockWebServer[59923] received request: POST / HTTP/1.1 and responded: HTTP/1.1 200 OK
Feb 09, 2016 4:19:09 PM okhttp3.mockwebserver.MockWebServer$4 processOneRequest
INFO: MockWebServer[59923] received request: POST / HTTP/1.1 and responded: HTTP/1.1 200 OK
Feb 09, 2016 4:19:09 PM okhttp3.mockwebserver.MockWebServer$4 processOneRequest
INFO: MockWebServer[59923] received request: POST / HTTP/1.1 and responded: HTTP/1.1 200 OK
Feb 09, 2016 4:19:09 PM okhttp3.mockwebserver.MockWebServer$4 processOneRequest
INFO: MockWebServer[59923] received request: POST / HTTP/1.1 and responded: HTTP/1.1 200 OK
Feb 09, 2016 4:19:09 PM okhttp3.mockwebserver.MockWebServer$4 processOneRequest
INFO: MockWebServer[59923] received request: POST / HTTP/1.1 and responded: HTTP/1.1 200 OK
Feb 09, 2016 4:19:09 PM okhttp3.mockwebserver.MockWebServer$4 processOneRequest
INFO: MockWebServer[59923] received request: POST / HTTP/1.1 and responded: HTTP/1.1 200 OK
Feb 09, 2016 4:19:09 PM okhttp3.mockwebserver.MockWebServer$4 processOneRequest
INFO: MockWebServer[59923] received request: POST / HTTP/1.1 and responded: HTTP/1.1 200 OK
Feb 09, 2016 4:19:09 PM okhttp3.mockwebserver.MockWebServer$4 processOneRequest
INFO: MockWebServer[59923] received request: POST / HTTP/1.1 and responded: HTTP/1.1 200 OK
Feb 09, 2016 4:19:09 PM okhttp3.mockwebserver.MockWebServer$4 processOneRequest
INFO: MockWebServer[59923] received request: POST / HTTP/1.1 and responded: HTTP/1.1 200 OK
Feb 09, 2016 4:19:09 PM okhttp3.mockwebserver.MockWebServer$4 processOneRequest
INFO: MockWebServer[59923] received request: POST / HTTP/1.1 and responded: HTTP/1.1 200 OK
Feb 09, 2016 4:19:09 PM okhttp3.mockwebserver.MockWebServer$4 processOneRequest
INFO: MockWebServer[59923] received request: POST / HTTP/1.1 and responded: HTTP/1.1 200 OK
Feb 09, 2016 4:19:09 PM okhttp3.mockwebserver.MockWebServer$4 processOneRequest
INFO: MockWebServer[59923] received request: POST / HTTP/1.1 and responded: HTTP/1.1 200 OK
Feb 09, 2016 4:19:09 PM okhttp3.mockwebserver.MockWebServer$3 acceptConnections
INFO: MockWebServer[59923] done accepting connections: Socket closed
Feb 09, 2016 4:19:09 PM okhttp3.mockwebserver.MockWebServer$3 execute
INFO: MockWebServer[41076] starting to accept connections
Feb 09, 2016 4:19:09 PM okhttp3.mockwebserver.MockWebServer$3 acceptConnections
INFO: MockWebServer[41076] done accepting connections: Socket closed
Tests run: 4, Failures: 0, Errors: 0, Skipped: 0, Time elapsed: 1.654 sec

Results :

Tests run: 4, Failures: 0, Errors: 0, Skipped: 0

[INFO] 
[INFO] --- animal-sniffer-maven-plugin:1.14:check (default) @ converter-scalars ---
[INFO] Checking unresolved references to org.codehaus.mojo.signature:java16:1.1
[INFO]                                                                         
[INFO] ------------------------------------------------------------------------
[INFO] Building Converter: Moshi 2.0.0-SNAPSHOT
[INFO] ------------------------------------------------------------------------
[INFO] 
[INFO] --- maven-enforcer-plugin:1.0:enforce (enforce-maven) @ converter-moshi ---
[INFO] 
[INFO] --- maven-resources-plugin:2.6:resources (default-resources) @ converter-moshi ---
[INFO] Using 'UTF-8' encoding to copy filtered resources.
[INFO] skip non existing resourceDirectory /home/travis/build/square/retrofit/retrofit-converters/moshi/src/main/resources
[INFO] 
[INFO] --- maven-compiler-plugin:3.0:compile (default-compile) @ converter-moshi ---
[INFO] Changes detected - recompiling the module!
[INFO] Compiling 3 source files to /home/travis/build/square/retrofit/retrofit-converters/moshi/target/classes
[INFO] 
[INFO] --- maven-resources-plugin:2.6:testResources (default-testResources) @ converter-moshi ---
[INFO] Using 'UTF-8' encoding to copy filtered resources.
[INFO] skip non existing resourceDirectory /home/travis/build/square/retrofit/retrofit-converters/moshi/src/test/resources
[INFO] 
[INFO] --- maven-compiler-plugin:3.0:testCompile (default-testCompile) @ converter-moshi ---
[INFO] Changes detected - recompiling the module!
[INFO] Compiling 1 source file to /home/travis/build/square/retrofit/retrofit-converters/moshi/target/test-classes
[INFO] 
[INFO] --- maven-surefire-plugin:2.12.4:test (default-test) @ converter-moshi ---
[INFO] Surefire report directory: /home/travis/build/square/retrofit/retrofit-converters/moshi/target/surefire-reports

-------------------------------------------------------
 T E S T S
-------------------------------------------------------
Running retrofit2.converter.moshi.MoshiConverterFactoryTest
Feb 09, 2016 4:19:11 PM okhttp3.mockwebserver.MockWebServer$3 execute
INFO: MockWebServer[41895] starting to accept connections
Feb 09, 2016 4:19:12 PM okhttp3.mockwebserver.MockWebServer$4 processOneRequest
INFO: MockWebServer[41895] received request: POST / HTTP/1.1 and responded: HTTP/1.1 200 OK
Feb 09, 2016 4:19:12 PM okhttp3.mockwebserver.MockWebServer$3 acceptConnections
INFO: MockWebServer[41895] done accepting connections: Socket closed
Feb 09, 2016 4:19:12 PM okhttp3.mockwebserver.MockWebServer$3 execute
INFO: MockWebServer[35808] starting to accept connections
Feb 09, 2016 4:19:13 PM okhttp3.mockwebserver.MockWebServer$3 acceptConnections
INFO: MockWebServer[35808] done accepting connections: Socket closed
Feb 09, 2016 4:19:13 PM okhttp3.mockwebserver.MockWebServer$4 processOneRequest
INFO: MockWebServer[35808] received request: POST / HTTP/1.1 and responded: HTTP/1.1 200 OK
Tests run: 2, Failures: 0, Errors: 0, Skipped: 0, Time elapsed: 1.37 sec

Results :

Tests run: 2, Failures: 0, Errors: 0, Skipped: 0

[INFO] 
[INFO] --- animal-sniffer-maven-plugin:1.14:check (default) @ converter-moshi ---
[INFO] Checking unresolved references to org.codehaus.mojo.signature:java16:1.1
[INFO]                                                                         
[INFO] ------------------------------------------------------------------------
[INFO] Building Retrofit Mock Adapter 2.0.0-SNAPSHOT
[INFO] ------------------------------------------------------------------------
[INFO] 
[INFO] --- maven-enforcer-plugin:1.0:enforce (enforce-maven) @ retrofit-mock ---
[INFO] 
[INFO] --- maven-resources-plugin:2.6:resources (default-resources) @ retrofit-mock ---
[INFO] Using 'UTF-8' encoding to copy filtered resources.
[INFO] skip non existing resourceDirectory /home/travis/build/square/retrofit/retrofit-mock/src/main/resources
[INFO] 
[INFO] --- maven-compiler-plugin:3.0:compile (default-compile) @ retrofit-mock ---
[INFO] Changes detected - recompiling the module!
[INFO] Compiling 5 source files to /home/travis/build/square/retrofit/retrofit-mock/target/classes
[INFO] 
[INFO] --- maven-resources-plugin:2.6:testResources (default-testResources) @ retrofit-mock ---
[INFO] Using 'UTF-8' encoding to copy filtered resources.
[INFO] skip non existing resourceDirectory /home/travis/build/square/retrofit/retrofit-mock/src/test/resources
[INFO] 
[INFO] --- maven-compiler-plugin:3.0:testCompile (default-testCompile) @ retrofit-mock ---
[INFO] Changes detected - recompiling the module!
[INFO] Compiling 3 source files to /home/travis/build/square/retrofit/retrofit-mock/target/test-classes
[INFO] 
[INFO] --- maven-surefire-plugin:2.12.4:test (default-test) @ retrofit-mock ---
[INFO] Surefire report directory: /home/travis/build/square/retrofit/retrofit-mock/target/surefire-reports

-------------------------------------------------------
 T E S T S
-------------------------------------------------------
Running retrofit2.mock.BehaviorDelegateTest
Tests run: 10, Failures: 0, Errors: 0, Skipped: 0, Time elapsed: 2.092 sec
Running retrofit2.mock.MockRetrofitTest
Tests run: 8, Failures: 0, Errors: 0, Skipped: 0, Time elapsed: 0.094 sec
Running retrofit2.mock.NetworkBehaviorTest
Tests run: 5, Failures: 0, Errors: 0, Skipped: 0, Time elapsed: 0.101 sec

Results :

Tests run: 23, Failures: 0, Errors: 0, Skipped: 0

[INFO] 
[INFO] --- animal-sniffer-maven-plugin:1.14:check (default) @ retrofit-mock ---
[INFO] Checking unresolved references to org.codehaus.mojo.signature:java16:1.1
[INFO]                                                                         
[INFO] ------------------------------------------------------------------------
[INFO] Building Samples 2.0.0-SNAPSHOT
[INFO] ------------------------------------------------------------------------
[INFO] 
[INFO] --- maven-enforcer-plugin:1.0:enforce (enforce-maven) @ samples ---
[INFO] 
[INFO] --- maven-resources-plugin:2.6:resources (default-resources) @ samples ---
[INFO] Using 'UTF-8' encoding to copy filtered resources.
[INFO] skip non existing resourceDirectory /home/travis/build/square/retrofit/samples/src/main/resources
[INFO] 
[INFO] --- maven-compiler-plugin:3.0:compile (default-compile) @ samples ---
[INFO] Changes detected - recompiling the module!
[INFO] Compiling 7 source files to /home/travis/build/square/retrofit/samples/target/classes
[INFO] 
[INFO] --- maven-resources-plugin:2.6:testResources (default-testResources) @ samples ---
[INFO] Using 'UTF-8' encoding to copy filtered resources.
[INFO] skip non existing resourceDirectory /home/travis/build/square/retrofit/samples/src/test/resources
[INFO] 
[INFO] --- maven-compiler-plugin:3.0:testCompile (default-testCompile) @ samples ---
[INFO] No sources to compile
[INFO] 
[INFO] --- maven-surefire-plugin:2.12.4:test (default-test) @ samples ---
[INFO] No tests to run.
[INFO] 
[INFO] --- animal-sniffer-maven-plugin:1.14:check (default) @ samples ---
[INFO] Checking unresolved references to org.codehaus.mojo.signature:java16:1.1
[INFO] ------------------------------------------------------------------------
[INFO] Reactor Summary:
[INFO] 
[INFO] Retrofit (Parent) .................................. SUCCESS [  2.012 s]
[INFO] Retrofit ........................................... SUCCESS [ 23.354 s]
[INFO] Adapters ........................................... SUCCESS [  0.288 s]
[INFO] Adapter: Guava ..................................... SUCCESS [  2.279 s]
[INFO] Adapter: Java 8 .................................... SUCCESS [  2.319 s]
[INFO] Adapter: RxJava .................................... SUCCESS [  2.616 s]
[INFO] Converters ......................................... SUCCESS [  0.168 s]
[INFO] Converter: Gson .................................... SUCCESS [  1.647 s]
[INFO] Converter: Protocol Buffers ........................ SUCCESS [  1.837 s]
[INFO] Converter: Jackson ................................. SUCCESS [  1.678 s]
[INFO] Converter: Wire Protocol Buffers ................... SUCCESS [  1.399 s]
[INFO] Converter: SimpleXML ............................... SUCCESS [  2.274 s]
[INFO] Converter: Java Scalars ............................ SUCCESS [  3.029 s]
[INFO] Converter: Moshi ................................... SUCCESS [  3.111 s]
[INFO] Retrofit Mock Adapter .............................. SUCCESS [  3.977 s]
[INFO] Samples ............................................ SUCCESS [  1.925 s]
[INFO] ------------------------------------------------------------------------
[INFO] BUILD SUCCESS
[INFO] ------------------------------------------------------------------------
[INFO] Total time: 54.381 s
[INFO] Finished at: 2016-02-09T16:19:19+00:00
[INFO] Final Memory: 39M/338M
[INFO] ------------------------------------------------------------------------

travis_time:end:0ef09157:start=1455034703157583359,finish=1455034765775081324,duration=62617497965[0K
[32;1mThe command "mvn test -B" exited with 0.[0m
travis_fold:start:cache.2[0Kstore build cache
travis_time:start:168192f3[0K
travis_time:end:168192f3:start=1455034765780043168,finish=1455034765783424022,duration=3380854[0Ktravis_time:start:001a3294[0K[32;1mchange detected:
/home/travis/.m2/repository/com/squareup/retrofit2/adapter-guava/2.0.0-SNAPSHOT/adapter-guava-2.0.0-SNAPSHOT.jar
/home/travis/.m2/repository/com/squareup/retrofit2/adapter-guava/2.0.0-SNAPSHOT/maven-metadata-local.xml
/home/travis/.m2/repository/com/squareup/retrofit2/adapter-guava/2.0.0-SNAPSHOT/_remote.repositories
/home/travis/.m2/repository/com/squareup/retrofit2/adapter-guava/maven-metadata-local.xml
/home/travis/.m2/repository/com/squareup/retrofit2/adapter-java8/2.0.0-SNAPSHOT/adapter-java8-2.0.0-SNAPSHOT.jar
/home/travis/.m2/repository/com/squareup/retrofit2/adapter-java8/2.0.0-SNAPSHOT/maven-metadata-local.xml
/home/travis/.m2/repository/com/squareup/retrofit2/adapter-java8/2.0.0-SNAPSHOT/_remote.repositories
/home/travis/.m2/repository/com/squareup/retrofit2/adapter-java8/maven-metadata-local.xml
/home/travis/.m2/repository/com/squareup/retrofit2/adapter-rxjava/2.0.0-SNAPSHOT/adapter-rxjava-2.0.0-SNAPSHOT.jar
/home/travis/.m2/repository/com/squareup/retrofit2/adapter-rxjava/2.
[0m
[32;1m...
[0m
[32;1mchanges detected, packing new archive[0m
.
[32;1muploading archive[0m

travis_time:end:001a3294:start=1455034765787939472,finish=1455034777509650291,duration=11721710819[0Ktravis_fold:end:cache.2[0Ktravis_fold:start:after_success[0Ktravis_time:start:092fb215[0K$ .buildscript/deploy_snapshot.sh
Skipping snapshot deployment: wrong branch. Expected 'master' but was 'jw/malformed-resolve'.

travis_time:end:092fb215:start=1455034777514272690,finish=1455034777519212618,duration=4939928[0Ktravis_fold:end:after_success[0K
Done. Your build exited with 0.
