Using worker: worker-linux-docker-c0712e39.prod.travis-ci.org:travis-linux-6

travis_fold:start:system_info[0K[33;1mBuild system information[0m
Build language: java
Build group: stable
Build dist: precise
[34m[1mBuild image provisioning date and time[0m
Thu Feb  5 15:09:33 UTC 2015
[34m[1mOperating System Details[0m
Distributor ID:	Ubuntu
Description:	Ubuntu 12.04.5 LTS
Release:	12.04
Codename:	precise
[34m[1mLinux Version[0m
3.13.0-29-generic
[34m[1mCookbooks Version[0m
a68419e https://github.com/travis-ci/travis-cookbooks/tree/a68419e
[34m[1mGCC version[0m
gcc (Ubuntu/Linaro 4.6.3-1ubuntu5) 4.6.3
Copyright (C) 2011 Free Software Foundation, Inc.
This is free software; see the source for copying conditions.  There is NO
warranty; not even for MERCHANTABILITY or FITNESS FOR A PARTICULAR PURPOSE.

[34m[1mLLVM version[0m
clang version 3.4 (tags/RELEASE_34/final)
Target: x86_64-unknown-linux-gnu
Thread model: posix
[34m[1mPre-installed Ruby versions[0m
ruby-1.9.3-p551
[34m[1mPre-installed Node.js versions[0m
v0.10.36
[34m[1mPre-installed Go versions[0m
1.4.1
[34m[1mRedis version[0m
redis-server 2.8.19
[34m[1mriak version[0m
2.0.2
[34m[1mMongoDB version[0m
MongoDB 2.4.12
[34m[1mCouchDB version[0m
couchdb 1.6.1
[34m[1mNeo4j version[0m
1.9.4
[34m[1mRabbitMQ Version[0m
3.4.3
[34m[1mElasticSearch version[0m
1.4.0
[34m[1mInstalled Sphinx versions[0m
2.0.10
2.1.9
2.2.6
[34m[1mDefault Sphinx version[0m
2.2.6
[34m[1mInstalled Firefox version[0m
firefox 31.0esr
[34m[1mPhantomJS version[0m
1.9.8
[34m[1mant -version[0m
Apache Ant(TM) version 1.8.2 compiled on December 3 2011
[34m[1mmvn -version[0m
Apache Maven 3.2.5 (12a6b3acb947671f09b81f49094c53f426d8cea1; 2014-12-14T17:29:23+00:00)
Maven home: /usr/local/maven
Java version: 1.7.0_76, vendor: Oracle Corporation
Java home: /usr/lib/jvm/java-7-oracle/jre
Default locale: en_US, platform encoding: ANSI_X3.4-1968
OS name: "linux", version: "3.13.0-29-generic", arch: "amd64", family: "unix"
travis_fold:end:system_info[0K
travis_fold:start:git.checkout[0Ktravis_time:start:104fd91c[0K$ git clone --depth=50 --branch=jw/gson-lenient-reading https://github.com/square/retrofit.git square/retrofit
Cloning into 'square/retrofit'...
remote: Counting objects: 1554, done.[K
remote: Compressing objects:   0% (1/717)   [Kremote: Compressing objects:   1% (8/717)   [Kremote: Compressing objects:   2% (15/717)   [Kremote: Compressing objects:   3% (22/717)   [Kremote: Compressing objects:   4% (29/717)   [Kremote: Compressing objects:   5% (36/717)   [Kremote: Compressing objects:   6% (44/717)   [Kremote: Compressing objects:   7% (51/717)   [Kremote: Compressing objects:   8% (58/717)   [Kremote: Compressing objects:   9% (65/717)   [Kremote: Compressing objects:  10% (72/717)   [Kremote: Compressing objects:  11% (79/717)   [Kremote: Compressing objects:  12% (87/717)   [Kremote: Compressing objects:  13% (94/717)   [Kremote: Compressing objects:  14% (101/717)   [Kremote: Compressing objects:  15% (108/717)   [Kremote: Compressing objects:  16% (115/717)   [Kremote: Compressing objects:  17% (122/717)   [Kremote: Compressing objects:  18% (130/717)   [Kremote: Compressing objects:  19% (137/717)   [Kremote: Compressing objects:  20% (144/717)   [Kremote: Compressing objects:  21% (151/717)   [Kremote: Compressing objects:  22% (158/717)   [Kremote: Compressing objects:  23% (165/717)   [Kremote: Compressing objects:  24% (173/717)   [Kremote: Compressing objects:  25% (180/717)   [Kremote: Compressing objects:  26% (187/717)   [Kremote: Compressing objects:  27% (194/717)   [Kremote: Compressing objects:  28% (201/717)   [Kremote: Compressing objects:  29% (208/717)   [Kremote: Compressing objects:  30% (216/717)   [Kremote: Compressing objects:  31% (223/717)   [Kremote: Compressing objects:  32% (230/717)   [Kremote: Compressing objects:  33% (237/717)   [Kremote: Compressing objects:  34% (244/717)   [Kremote: Compressing objects:  35% (251/717)   [Kremote: Compressing objects:  36% (259/717)   [Kremote: Compressing objects:  37% (266/717)   [Kremote: Compressing objects:  38% (273/717)   [Kremote: Compressing objects:  39% (280/717)   [Kremote: Compressing objects:  40% (287/717)   [Kremote: Compressing objects:  41% (294/717)   [Kremote: Compressing objects:  42% (302/717)   [Kremote: Compressing objects:  43% (309/717)   [Kremote: Compressing objects:  44% (316/717)   [Kremote: Compressing objects:  45% (323/717)   [Kremote: Compressing objects:  46% (330/717)   [Kremote: Compressing objects:  47% (337/717)   [Kremote: Compressing objects:  48% (345/717)   [Kremote: Compressing objects:  49% (352/717)   [Kremote: Compressing objects:  50% (359/717)   [Kremote: Compressing objects:  51% (366/717)   [Kremote: Compressing objects:  52% (373/717)   [Kremote: Compressing objects:  53% (381/717)   [Kremote: Compressing objects:  54% (388/717)   [Kremote: Compressing objects:  55% (395/717)   [Kremote: Compressing objects:  56% (402/717)   [Kremote: Compressing objects:  57% (409/717)   [Kremote: Compressing objects:  58% (416/717)   [Kremote: Compressing objects:  59% (424/717)   [Kremote: Compressing objects:  60% (431/717)   [Kremote: Compressing objects:  61% (438/717)   [Kremote: Compressing objects:  62% (445/717)   [Kremote: Compressing objects:  63% (452/717)   [Kremote: Compressing objects:  64% (459/717)   [Kremote: Compressing objects:  65% (467/717)   [Kremote: Compressing objects:  66% (474/717)   [Kremote: Compressing objects:  67% (481/717)   [Kremote: Compressing objects:  68% (488/717)   [Kremote: Compressing objects:  69% (495/717)   [Kremote: Compressing objects:  70% (502/717)   [Kremote: Compressing objects:  71% (510/717)   [Kremote: Compressing objects:  72% (517/717)   [Kremote: Compressing objects:  73% (524/717)   [Kremote: Compressing objects:  74% (531/717)   [Kremote: Compressing objects:  75% (538/717)   [Kremote: Compressing objects:  76% (545/717)   [Kremote: Compressing objects:  77% (553/717)   [Kremote: Compressing objects:  78% (560/717)   [Kremote: Compressing objects:  79% (567/717)   [Kremote: Compressing objects:  80% (574/717)   [Kremote: Compressing objects:  81% (581/717)   [Kremote: Compressing objects:  82% (588/717)   [Kremote: Compressing objects:  83% (596/717)   [Kremote: Compressing objects:  84% (603/717)   [Kremote: Compressing objects:  85% (610/717)   [Kremote: Compressing objects:  86% (617/717)   [Kremote: Compressing objects:  87% (624/717)   [Kremote: Compressing objects:  88% (631/717)   [Kremote: Compressing objects:  89% (639/717)   [Kremote: Compressing objects:  90% (646/717)   [Kremote: Compressing objects:  91% (653/717)   [Kremote: Compressing objects:  92% (660/717)   [Kremote: Compressing objects:  93% (667/717)   [Kremote: Compressing objects:  94% (674/717)   [Kremote: Compressing objects:  95% (682/717)   [Kremote: Compressing objects:  96% (689/717)   [Kremote: Compressing objects:  97% (696/717)   [Kremote: Compressing objects:  98% (703/717)   [Kremote: Compressing objects:  99% (710/717)   [Kremote: Compressing objects: 100% (717/717)   [Kremote: Compressing objects: 100% (717/717), done.[K
Receiving objects:   0% (1/1554)   Receiving objects:   1% (16/1554)   Receiving objects:   2% (32/1554)   Receiving objects:   3% (47/1554)   Receiving objects:   4% (63/1554)   Receiving objects:   5% (78/1554)   Receiving objects:   6% (94/1554)   Receiving objects:   7% (109/1554)   Receiving objects:   8% (125/1554)   Receiving objects:   9% (140/1554)   Receiving objects:  10% (156/1554)   Receiving objects:  11% (171/1554)   Receiving objects:  12% (187/1554)   Receiving objects:  13% (203/1554)   Receiving objects:  14% (218/1554)   Receiving objects:  15% (234/1554)   Receiving objects:  16% (249/1554)   Receiving objects:  17% (265/1554)   Receiving objects:  18% (280/1554)   Receiving objects:  19% (296/1554)   Receiving objects:  20% (311/1554)   Receiving objects:  21% (327/1554)   Receiving objects:  22% (342/1554)   Receiving objects:  23% (358/1554)   Receiving objects:  24% (373/1554)   Receiving objects:  25% (389/1554)   Receiving objects:  26% (405/1554)   Receiving objects:  27% (420/1554)   Receiving objects:  28% (436/1554)   Receiving objects:  29% (451/1554)   Receiving objects:  30% (467/1554)   Receiving objects:  31% (482/1554)   Receiving objects:  32% (498/1554)   Receiving objects:  33% (513/1554)   Receiving objects:  34% (529/1554)   Receiving objects:  35% (544/1554)   Receiving objects:  36% (560/1554)   Receiving objects:  37% (575/1554)   Receiving objects:  38% (591/1554)   Receiving objects:  39% (607/1554)   Receiving objects:  40% (622/1554)   Receiving objects:  41% (638/1554)   Receiving objects:  42% (653/1554)   Receiving objects:  43% (669/1554)   Receiving objects:  44% (684/1554)   Receiving objects:  45% (700/1554)   Receiving objects:  46% (715/1554)   Receiving objects:  47% (731/1554)   Receiving objects:  48% (746/1554)   Receiving objects:  49% (762/1554)   Receiving objects:  50% (777/1554)   Receiving objects:  51% (793/1554)   Receiving objects:  52% (809/1554)   Receiving objects:  53% (824/1554)   Receiving objects:  54% (840/1554)   Receiving objects:  55% (855/1554)   remote: Total 1554 (delta 576), reused 1325 (delta 403), pack-reused 0[K
Receiving objects:  56% (871/1554)   Receiving objects:  57% (886/1554)   Receiving objects:  58% (902/1554)   Receiving objects:  59% (917/1554)   Receiving objects:  60% (933/1554)   Receiving objects:  61% (948/1554)   Receiving objects:  62% (964/1554)   Receiving objects:  63% (980/1554)   Receiving objects:  64% (995/1554)   Receiving objects:  65% (1011/1554)   Receiving objects:  66% (1026/1554)   Receiving objects:  67% (1042/1554)   Receiving objects:  68% (1057/1554)   Receiving objects:  69% (1073/1554)   Receiving objects:  70% (1088/1554)   Receiving objects:  71% (1104/1554)   Receiving objects:  72% (1119/1554)   Receiving objects:  73% (1135/1554)   Receiving objects:  74% (1150/1554)   Receiving objects:  75% (1166/1554)   Receiving objects:  76% (1182/1554)   Receiving objects:  77% (1197/1554)   Receiving objects:  78% (1213/1554)   Receiving objects:  79% (1228/1554)   Receiving objects:  80% (1244/1554)   Receiving objects:  81% (1259/1554)   Receiving objects:  82% (1275/1554)   Receiving objects:  83% (1290/1554)   Receiving objects:  84% (1306/1554)   Receiving objects:  85% (1321/1554)   Receiving objects:  86% (1337/1554)   Receiving objects:  87% (1352/1554)   Receiving objects:  88% (1368/1554)   Receiving objects:  89% (1384/1554)   Receiving objects:  90% (1399/1554)   Receiving objects:  91% (1415/1554)   Receiving objects:  92% (1430/1554)   Receiving objects:  93% (1446/1554)   Receiving objects:  94% (1461/1554)   Receiving objects:  95% (1477/1554)   Receiving objects:  96% (1492/1554)   Receiving objects:  97% (1508/1554)   Receiving objects:  98% (1523/1554)   Receiving objects:  99% (1539/1554)   Receiving objects: 100% (1554/1554)   Receiving objects: 100% (1554/1554), 331.43 KiB | 0 bytes/s, done.
Resolving deltas:   0% (0/576)   Resolving deltas:   1% (6/576)   Resolving deltas:  13% (77/576)   Resolving deltas:  14% (81/576)   Resolving deltas:  16% (97/576)   Resolving deltas:  25% (145/576)   Resolving deltas:  26% (155/576)   Resolving deltas:  27% (158/576)   Resolving deltas:  28% (167/576)   Resolving deltas:  31% (182/576)   Resolving deltas:  36% (209/576)   Resolving deltas:  37% (217/576)   Resolving deltas:  39% (227/576)   Resolving deltas:  40% (234/576)   Resolving deltas:  41% (238/576)   Resolving deltas:  46% (265/576)   Resolving deltas:  49% (284/576)   Resolving deltas:  50% (293/576)   Resolving deltas:  51% (295/576)   Resolving deltas:  54% (312/576)   Resolving deltas:  55% (317/576)   Resolving deltas:  56% (325/576)   Resolving deltas:  57% (329/576)   Resolving deltas:  58% (335/576)   Resolving deltas:  59% (341/576)   Resolving deltas:  60% (346/576)   Resolving deltas:  61% (356/576)   Resolving deltas:  62% (359/576)   Resolving deltas:  63% (363/576)   Resolving deltas:  64% (373/576)   Resolving deltas:  65% (380/576)   Resolving deltas:  67% (387/576)   Resolving deltas:  68% (392/576)   Resolving deltas:  69% (402/576)   Resolving deltas:  71% (409/576)   Resolving deltas:  73% (421/576)   Resolving deltas:  74% (428/576)   Resolving deltas:  78% (455/576)   Resolving deltas:  79% (456/576)   Resolving deltas:  80% (462/576)   Resolving deltas:  82% (473/576)   Resolving deltas:  84% (484/576)   Resolving deltas:  85% (490/576)   Resolving deltas:  86% (496/576)   Resolving deltas:  87% (506/576)   Resolving deltas:  88% (507/576)   Resolving deltas:  89% (514/576)   Resolving deltas:  91% (529/576)   Resolving deltas:  92% (531/576)   Resolving deltas:  93% (539/576)   Resolving deltas:  94% (542/576)   Resolving deltas:  95% (548/576)   Resolving deltas:  96% (555/576)   Resolving deltas:  97% (560/576)   Resolving deltas:  99% (573/576)   Resolving deltas: 100% (576/576)   Resolving deltas: 100% (576/576), done.
Checking connectivity... done.

travis_time:end:104fd91c:start=1455572641429619407,finish=1455572642414829639,duration=985210232[0K$ cd square/retrofit
$ git checkout -qf 473fd2473cc41e68eb61c6d2d4316d720edd46fb
travis_fold:end:git.checkout[0K
[33;1mThis job is running on container-based infrastructure, which does not allow use of 'sudo', setuid and setguid executables.[0m
[33;1mIf you require sudo, add 'sudo: required' to your .travis.yml[0m
[33;1mSee https://docs.travis-ci.com/user/workers/container-based-infrastructure/ for details.[0m

[33;1mSetting environment variables from .travis.yml[0m
$ export CI_DEPLOY_USERNAME=[secure]
$ export CI_DEPLOY_PASSWORD=[secure]

travis_fold:start:cache.1[0KSetting up build cache
$ export CASHER_DIR=$HOME/.casher
travis_time:start:0acaa032[0K$ Installing caching utilities

travis_time:end:0acaa032:start=1455572645787675718,finish=1455572645821142203,duration=33466485[0Ktravis_time:start:001e3978[0K
travis_time:end:001e3978:start=1455572645825423642,finish=1455572645828333135,duration=2909493[0Ktravis_time:start:07fe81f1[0K[32;1mattempting to download cache archive[0m
[32;1mfetching jwgson-lenient-reading/cache--jdk-oraclejdk8.tgz[0m
[32;1mfetching jwgson-lenient-reading/cache--jdk-oraclejdk8.tbz[0m
[32;1mfetching master/cache--jdk-oraclejdk8.tgz[0m
[32;1mfound cache[0m

travis_time:end:07fe81f1:start=1455572645831819980,finish=1455572650703975655,duration=4872155675[0Ktravis_time:start:108b790b[0K
travis_time:end:108b790b:start=1455572650707830721,finish=1455572650711095860,duration=3265139[0Ktravis_time:start:12953770[0K[32;1madding /home/travis/.m2 to cache[0m

travis_time:end:12953770:start=1455572650714840725,finish=1455572653355818929,duration=2640978204[0Ktravis_fold:end:cache.1[0K$ jdk_switcher use oraclejdk8
Switching to Oracle JDK8 (java-8-oracle), JAVA_HOME will be set to /usr/lib/jvm/java-8-oracle
$ java -Xmx32m -version
java version "1.8.0_31"
Java(TM) SE Runtime Environment (build 1.8.0_31-b13)
Java HotSpot(TM) 64-Bit Server VM (build 25.31-b07, mixed mode)
$ javac -J-Xmx32m -version
javac 1.8.0_31
travis_fold:start:install[0Ktravis_time:start:0072dad8[0K$ mvn install -DskipTests=true -Dmaven.javadoc.skip=true -B -V
Java HotSpot(TM) 64-Bit Server VM warning: ignoring option MaxPermSize=192m; support was removed in 8.0
Apache Maven 3.2.5 (12a6b3acb947671f09b81f49094c53f426d8cea1; 2014-12-14T17:29:23+00:00)
Maven home: /usr/local/maven
Java version: 1.8.0_31, vendor: Oracle Corporation
Java home: /usr/lib/jvm/java-8-oracle/jre
Default locale: en_US, platform encoding: UTF-8
OS name: "linux", version: "3.13.0-40-generic", arch: "amd64", family: "unix"
[INFO] Scanning for projects...
[WARNING] 
[WARNING] Some problems were encountered while building the effective model for com.squareup.retrofit2:samples:jar:2.0.0-SNAPSHOT
[WARNING] 'build.plugins.plugin.version' for org.apache.maven.plugins:maven-deploy-plugin is missing. @ com.squareup.retrofit2:samples:[unknown-version], /home/travis/build/square/retrofit/samples/pom.xml, line 50, column 15
[WARNING] 
[WARNING] It is highly recommended to fix these problems because they threaten the stability of your build.
[WARNING] 
[WARNING] For this reason, future Maven versions might no longer support building such malformed projects.
[WARNING] 
[INFO] ------------------------------------------------------------------------
[INFO] Reactor Build Order:
[INFO] 
[INFO] Retrofit (Parent)
[INFO] Retrofit
[INFO] Adapters
[INFO] Adapter: Guava
[INFO] Adapter: Java 8
[INFO] Adapter: RxJava
[INFO] Converters
[INFO] Converter: Gson
[INFO] Converter: Protocol Buffers
[INFO] Converter: Jackson
[INFO] Converter: Wire Protocol Buffers
[INFO] Converter: SimpleXML
[INFO] Converter: Java Scalars
[INFO] Converter: Moshi
[INFO] Retrofit Mock Adapter
[INFO] Samples
[INFO]                                                                         
[INFO] ------------------------------------------------------------------------
[INFO] Building Retrofit (Parent) 2.0.0-SNAPSHOT
[INFO] ------------------------------------------------------------------------
[INFO] 
[INFO] --- maven-enforcer-plugin:1.0:enforce (enforce-maven) @ parent ---
[INFO] 
[INFO] --- animal-sniffer-maven-plugin:1.14:check (default) @ parent ---
[INFO] Checking unresolved references to org.codehaus.mojo.signature:java16:1.1
[INFO] 
[INFO] --- maven-javadoc-plugin:2.10.3:jar (attach-javadocs) @ parent ---
[INFO] Skipping javadoc generation
[INFO] 
[INFO] --- maven-checkstyle-plugin:2.15:checkstyle (default) @ parent ---
[INFO] 
[INFO] --- maven-install-plugin:2.4:install (default-install) @ parent ---
[INFO] Installing /home/travis/build/square/retrofit/pom.xml to /home/travis/.m2/repository/com/squareup/retrofit2/parent/2.0.0-SNAPSHOT/parent-2.0.0-SNAPSHOT.pom
[INFO]                                                                         
[INFO] ------------------------------------------------------------------------
[INFO] Building Retrofit 2.0.0-SNAPSHOT
[INFO] ------------------------------------------------------------------------
[INFO] 
[INFO] --- maven-enforcer-plugin:1.0:enforce (enforce-maven) @ retrofit ---
[INFO] 
[INFO] --- maven-resources-plugin:2.6:resources (default-resources) @ retrofit ---
[INFO] Using 'UTF-8' encoding to copy filtered resources.
[INFO] skip non existing resourceDirectory /home/travis/build/square/retrofit/retrofit/src/main/resources
[INFO] 
[INFO] --- maven-compiler-plugin:3.0:compile (default-compile) @ retrofit ---
[INFO] Changes detected - recompiling the module!
[INFO] Compiling 43 source files to /home/travis/build/square/retrofit/retrofit/target/classes
[WARNING] /home/travis/build/square/retrofit/retrofit/src/main/java/retrofit2/Retrofit.java: Some input files use unchecked or unsafe operations.
[WARNING] /home/travis/build/square/retrofit/retrofit/src/main/java/retrofit2/Retrofit.java: Recompile with -Xlint:unchecked for details.
[INFO] 
[INFO] --- maven-resources-plugin:2.6:testResources (default-testResources) @ retrofit ---
[INFO] Using 'UTF-8' encoding to copy filtered resources.
[INFO] skip non existing resourceDirectory /home/travis/build/square/retrofit/retrofit/src/test/resources
[INFO] 
[INFO] --- maven-compiler-plugin:3.0:testCompile (default-testCompile) @ retrofit ---
[INFO] Changes detected - recompiling the module!
[INFO] Compiling 13 source files to /home/travis/build/square/retrofit/retrofit/target/test-classes
[WARNING] /home/travis/build/square/retrofit/retrofit/src/test/java/retrofit2/RetrofitTest.java: /home/travis/build/square/retrofit/retrofit/src/test/java/retrofit2/RetrofitTest.java uses unchecked or unsafe operations.
[WARNING] /home/travis/build/square/retrofit/retrofit/src/test/java/retrofit2/RetrofitTest.java: Recompile with -Xlint:unchecked for details.
[INFO] 
[INFO] --- maven-surefire-plugin:2.12.4:test (default-test) @ retrofit ---
[INFO] Tests are skipped.
[INFO] 
[INFO] --- animal-sniffer-maven-plugin:1.14:check (default) @ retrofit ---
[INFO] Checking unresolved references to org.codehaus.mojo.signature:java16:1.1
[INFO] 
[INFO] --- maven-jar-plugin:2.4:jar (default-jar) @ retrofit ---
[INFO] Building jar: /home/travis/build/square/retrofit/retrofit/target/retrofit-2.0.0-SNAPSHOT.jar
[INFO] 
[INFO] --- maven-javadoc-plugin:2.10.3:jar (attach-javadocs) @ retrofit ---
[INFO] Skipping javadoc generation
[INFO] 
[INFO] --- maven-checkstyle-plugin:2.15:checkstyle (default) @ retrofit ---
[INFO] Starting audit...
Audit done.
[WARNING] Unable to locate Source XRef to link to - DISABLED
[INFO] 
[INFO] --- maven-install-plugin:2.4:install (default-install) @ retrofit ---
[INFO] Installing /home/travis/build/square/retrofit/retrofit/target/retrofit-2.0.0-SNAPSHOT.jar to /home/travis/.m2/repository/com/squareup/retrofit2/retrofit/2.0.0-SNAPSHOT/retrofit-2.0.0-SNAPSHOT.jar
[INFO] Installing /home/travis/build/square/retrofit/retrofit/pom.xml to /home/travis/.m2/repository/com/squareup/retrofit2/retrofit/2.0.0-SNAPSHOT/retrofit-2.0.0-SNAPSHOT.pom
[INFO]                                                                         
[INFO] ------------------------------------------------------------------------
[INFO] Building Adapters 2.0.0-SNAPSHOT
[INFO] ------------------------------------------------------------------------
[INFO] 
[INFO] --- maven-enforcer-plugin:1.0:enforce (enforce-maven) @ retrofit-adapters ---
[INFO] 
[INFO] --- animal-sniffer-maven-plugin:1.14:check (default) @ retrofit-adapters ---
[INFO] Checking unresolved references to org.codehaus.mojo.signature:java16:1.1
[INFO] 
[INFO] --- maven-javadoc-plugin:2.10.3:jar (attach-javadocs) @ retrofit-adapters ---
[INFO] Skipping javadoc generation
[INFO] 
[INFO] --- maven-checkstyle-plugin:2.15:checkstyle (default) @ retrofit-adapters ---
[INFO] 
[INFO] --- maven-install-plugin:2.4:install (default-install) @ retrofit-adapters ---
[INFO] Installing /home/travis/build/square/retrofit/retrofit-adapters/pom.xml to /home/travis/.m2/repository/com/squareup/retrofit2/retrofit-adapters/2.0.0-SNAPSHOT/retrofit-adapters-2.0.0-SNAPSHOT.pom
[INFO]                                                                         
[INFO] ------------------------------------------------------------------------
[INFO] Building Adapter: Guava 2.0.0-SNAPSHOT
[INFO] ------------------------------------------------------------------------
[INFO] 
[INFO] --- maven-enforcer-plugin:1.0:enforce (enforce-maven) @ adapter-guava ---
[INFO] 
[INFO] --- maven-resources-plugin:2.6:resources (default-resources) @ adapter-guava ---
[INFO] Using 'UTF-8' encoding to copy filtered resources.
[INFO] skip non existing resourceDirectory /home/travis/build/square/retrofit/retrofit-adapters/guava/src/main/resources
[INFO] 
[INFO] --- maven-compiler-plugin:3.0:compile (default-compile) @ adapter-guava ---
[INFO] Changes detected - recompiling the module!
[INFO] Compiling 2 source files to /home/travis/build/square/retrofit/retrofit-adapters/guava/target/classes
[INFO] 
[INFO] --- maven-resources-plugin:2.6:testResources (default-testResources) @ adapter-guava ---
[INFO] Using 'UTF-8' encoding to copy filtered resources.
[INFO] skip non existing resourceDirectory /home/travis/build/square/retrofit/retrofit-adapters/guava/src/test/resources
[INFO] 
[INFO] --- maven-compiler-plugin:3.0:testCompile (default-testCompile) @ adapter-guava ---
[INFO] Changes detected - recompiling the module!
[INFO] Compiling 3 source files to /home/travis/build/square/retrofit/retrofit-adapters/guava/target/test-classes
[INFO] 
[INFO] --- maven-surefire-plugin:2.12.4:test (default-test) @ adapter-guava ---
[INFO] Tests are skipped.
[INFO] 
[INFO] --- animal-sniffer-maven-plugin:1.14:check (default) @ adapter-guava ---
[INFO] Checking unresolved references to org.codehaus.mojo.signature:java16:1.1
[INFO] 
[INFO] --- maven-jar-plugin:2.4:jar (default-jar) @ adapter-guava ---
[INFO] Building jar: /home/travis/build/square/retrofit/retrofit-adapters/guava/target/adapter-guava-2.0.0-SNAPSHOT.jar
[INFO] 
[INFO] --- maven-javadoc-plugin:2.10.3:jar (attach-javadocs) @ adapter-guava ---
[INFO] Skipping javadoc generation
[INFO] 
[INFO] --- maven-checkstyle-plugin:2.15:checkstyle (default) @ adapter-guava ---
[INFO] Starting audit...
Audit done.
[WARNING] Unable to locate Source XRef to link to - DISABLED
[INFO] 
[INFO] --- maven-install-plugin:2.4:install (default-install) @ adapter-guava ---
[INFO] Installing /home/travis/build/square/retrofit/retrofit-adapters/guava/target/adapter-guava-2.0.0-SNAPSHOT.jar to /home/travis/.m2/repository/com/squareup/retrofit2/adapter-guava/2.0.0-SNAPSHOT/adapter-guava-2.0.0-SNAPSHOT.jar
[INFO] Installing /home/travis/build/square/retrofit/retrofit-adapters/guava/pom.xml to /home/travis/.m2/repository/com/squareup/retrofit2/adapter-guava/2.0.0-SNAPSHOT/adapter-guava-2.0.0-SNAPSHOT.pom
[INFO]                                                                         
[INFO] ------------------------------------------------------------------------
[INFO] Building Adapter: Java 8 2.0.0-SNAPSHOT
[INFO] ------------------------------------------------------------------------
[INFO] 
[INFO] --- maven-enforcer-plugin:1.0:enforce (enforce-maven) @ adapter-java8 ---
[INFO] 
[INFO] --- maven-resources-plugin:2.6:resources (default-resources) @ adapter-java8 ---
[INFO] Using 'UTF-8' encoding to copy filtered resources.
[INFO] skip non existing resourceDirectory /home/travis/build/square/retrofit/retrofit-adapters/java8/src/main/resources
[INFO] 
[INFO] --- maven-compiler-plugin:3.0:compile (default-compile) @ adapter-java8 ---
[INFO] Changes detected - recompiling the module!
[INFO] Compiling 2 source files to /home/travis/build/square/retrofit/retrofit-adapters/java8/target/classes
[INFO] 
[INFO] --- maven-resources-plugin:2.6:testResources (default-testResources) @ adapter-java8 ---
[INFO] Using 'UTF-8' encoding to copy filtered resources.
[INFO] skip non existing resourceDirectory /home/travis/build/square/retrofit/retrofit-adapters/java8/src/test/resources
[INFO] 
[INFO] --- maven-compiler-plugin:3.0:testCompile (default-testCompile) @ adapter-java8 ---
[INFO] Changes detected - recompiling the module!
[INFO] Compiling 3 source files to /home/travis/build/square/retrofit/retrofit-adapters/java8/target/test-classes
[INFO] 
[INFO] --- maven-surefire-plugin:2.12.4:test (default-test) @ adapter-java8 ---
[INFO] Tests are skipped.
[INFO] 
[INFO] --- animal-sniffer-maven-plugin:1.14:check (default) @ adapter-java8 ---
[INFO] Checking unresolved references to org.kaazing.mojo.signature:java18:1.0
[INFO] 
[INFO] --- maven-jar-plugin:2.4:jar (default-jar) @ adapter-java8 ---
[INFO] Building jar: /home/travis/build/square/retrofit/retrofit-adapters/java8/target/adapter-java8-2.0.0-SNAPSHOT.jar
[INFO] 
[INFO] --- maven-javadoc-plugin:2.10.3:jar (attach-javadocs) @ adapter-java8 ---
[INFO] Skipping javadoc generation
[INFO] 
[INFO] --- maven-checkstyle-plugin:2.15:checkstyle (default) @ adapter-java8 ---
[INFO] Starting audit...
Audit done.
[WARNING] Unable to locate Source XRef to link to - DISABLED
[INFO] 
[INFO] --- maven-install-plugin:2.4:install (default-install) @ adapter-java8 ---
[INFO] Installing /home/travis/build/square/retrofit/retrofit-adapters/java8/target/adapter-java8-2.0.0-SNAPSHOT.jar to /home/travis/.m2/repository/com/squareup/retrofit2/adapter-java8/2.0.0-SNAPSHOT/adapter-java8-2.0.0-SNAPSHOT.jar
[INFO] Installing /home/travis/build/square/retrofit/retrofit-adapters/java8/pom.xml to /home/travis/.m2/repository/com/squareup/retrofit2/adapter-java8/2.0.0-SNAPSHOT/adapter-java8-2.0.0-SNAPSHOT.pom
[INFO]                                                                         
[INFO] ------------------------------------------------------------------------
[INFO] Building Adapter: RxJava 2.0.0-SNAPSHOT
[INFO] ------------------------------------------------------------------------
[INFO] 
[INFO] --- maven-enforcer-plugin:1.0:enforce (enforce-maven) @ adapter-rxjava ---
[INFO] 
[INFO] --- maven-resources-plugin:2.6:resources (default-resources) @ adapter-rxjava ---
[INFO] Using 'UTF-8' encoding to copy filtered resources.
[INFO] skip non existing resourceDirectory /home/travis/build/square/retrofit/retrofit-adapters/rxjava/src/main/resources
[INFO] 
[INFO] --- maven-compiler-plugin:3.0:compile (default-compile) @ adapter-rxjava ---
[INFO] Changes detected - recompiling the module!
[INFO] Compiling 4 source files to /home/travis/build/square/retrofit/retrofit-adapters/rxjava/target/classes
[INFO] 
[INFO] --- maven-resources-plugin:2.6:testResources (default-testResources) @ adapter-rxjava ---
[INFO] Using 'UTF-8' encoding to copy filtered resources.
[INFO] skip non existing resourceDirectory /home/travis/build/square/retrofit/retrofit-adapters/rxjava/src/test/resources
[INFO] 
[INFO] --- maven-compiler-plugin:3.0:testCompile (default-testCompile) @ adapter-rxjava ---
[INFO] Changes detected - recompiling the module!
[INFO] Compiling 5 source files to /home/travis/build/square/retrofit/retrofit-adapters/rxjava/target/test-classes
[INFO] 
[INFO] --- maven-surefire-plugin:2.12.4:test (default-test) @ adapter-rxjava ---
[INFO] Tests are skipped.
[INFO] 
[INFO] --- animal-sniffer-maven-plugin:1.14:check (default) @ adapter-rxjava ---
[INFO] Checking unresolved references to org.codehaus.mojo.signature:java16:1.1
[INFO] 
[INFO] --- maven-jar-plugin:2.4:jar (default-jar) @ adapter-rxjava ---
[INFO] Building jar: /home/travis/build/square/retrofit/retrofit-adapters/rxjava/target/adapter-rxjava-2.0.0-SNAPSHOT.jar
[INFO] 
[INFO] --- maven-javadoc-plugin:2.10.3:jar (attach-javadocs) @ adapter-rxjava ---
[INFO] Skipping javadoc generation
[INFO] 
[INFO] --- maven-checkstyle-plugin:2.15:checkstyle (default) @ adapter-rxjava ---
[INFO] Starting audit...
Audit done.
[WARNING] Unable to locate Source XRef to link to - DISABLED
[INFO] 
[INFO] --- maven-install-plugin:2.4:install (default-install) @ adapter-rxjava ---
[INFO] Installing /home/travis/build/square/retrofit/retrofit-adapters/rxjava/target/adapter-rxjava-2.0.0-SNAPSHOT.jar to /home/travis/.m2/repository/com/squareup/retrofit2/adapter-rxjava/2.0.0-SNAPSHOT/adapter-rxjava-2.0.0-SNAPSHOT.jar
[INFO] Installing /home/travis/build/square/retrofit/retrofit-adapters/rxjava/pom.xml to /home/travis/.m2/repository/com/squareup/retrofit2/adapter-rxjava/2.0.0-SNAPSHOT/adapter-rxjava-2.0.0-SNAPSHOT.pom
[INFO]                                                                         
[INFO] ------------------------------------------------------------------------
[INFO] Building Converters 2.0.0-SNAPSHOT
[INFO] ------------------------------------------------------------------------
[INFO] 
[INFO] --- maven-enforcer-plugin:1.0:enforce (enforce-maven) @ retrofit-converters ---
[INFO] 
[INFO] --- animal-sniffer-maven-plugin:1.14:check (default) @ retrofit-converters ---
[INFO] Checking unresolved references to org.codehaus.mojo.signature:java16:1.1
[INFO] 
[INFO] --- maven-javadoc-plugin:2.10.3:jar (attach-javadocs) @ retrofit-converters ---
[INFO] Skipping javadoc generation
[INFO] 
[INFO] --- maven-checkstyle-plugin:2.15:checkstyle (default) @ retrofit-converters ---
[INFO] 
[INFO] --- maven-install-plugin:2.4:install (default-install) @ retrofit-converters ---
[INFO] Installing /home/travis/build/square/retrofit/retrofit-converters/pom.xml to /home/travis/.m2/repository/com/squareup/retrofit2/retrofit-converters/2.0.0-SNAPSHOT/retrofit-converters-2.0.0-SNAPSHOT.pom
[INFO]                                                                         
[INFO] ------------------------------------------------------------------------
[INFO] Building Converter: Gson 2.0.0-SNAPSHOT
[INFO] ------------------------------------------------------------------------
[INFO] Downloading: http://repo.maven.apache.org/maven2/com/google/code/gson/gson/2.6.1/gson-2.6.1.pom
[INFO] Downloaded: http://repo.maven.apache.org/maven2/com/google/code/gson/gson/2.6.1/gson-2.6.1.pom (2 KB at 5.8 KB/sec)
[INFO] Downloading: http://repo.maven.apache.org/maven2/com/google/code/gson/gson-parent/2.6.1/gson-parent-2.6.1.pom
[INFO] Downloaded: http://repo.maven.apache.org/maven2/com/google/code/gson/gson-parent/2.6.1/gson-parent-2.6.1.pom (3 KB at 92.0 KB/sec)
[INFO] Downloading: http://repo.maven.apache.org/maven2/com/google/code/gson/gson/2.6.1/gson-2.6.1.jar
[INFO] Downloaded: http://repo.maven.apache.org/maven2/com/google/code/gson/gson/2.6.1/gson-2.6.1.jar (226 KB at 3636.6 KB/sec)
[INFO] 
[INFO] --- maven-enforcer-plugin:1.0:enforce (enforce-maven) @ converter-gson ---
[INFO] 
[INFO] --- maven-resources-plugin:2.6:resources (default-resources) @ converter-gson ---
[INFO] Using 'UTF-8' encoding to copy filtered resources.
[INFO] skip non existing resourceDirectory /home/travis/build/square/retrofit/retrofit-converters/gson/src/main/resources
[INFO] 
[INFO] --- maven-compiler-plugin:3.0:compile (default-compile) @ converter-gson ---
[INFO] Changes detected - recompiling the module!
[INFO] Compiling 3 source files to /home/travis/build/square/retrofit/retrofit-converters/gson/target/classes
[INFO] 
[INFO] --- maven-resources-plugin:2.6:testResources (default-testResources) @ converter-gson ---
[INFO] Using 'UTF-8' encoding to copy filtered resources.
[INFO] skip non existing resourceDirectory /home/travis/build/square/retrofit/retrofit-converters/gson/src/test/resources
[INFO] 
[INFO] --- maven-compiler-plugin:3.0:testCompile (default-testCompile) @ converter-gson ---
[INFO] Changes detected - recompiling the module!
[INFO] Compiling 1 source file to /home/travis/build/square/retrofit/retrofit-converters/gson/target/test-classes
[INFO] 
[INFO] --- maven-surefire-plugin:2.12.4:test (default-test) @ converter-gson ---
[INFO] Tests are skipped.
[INFO] 
[INFO] --- animal-sniffer-maven-plugin:1.14:check (default) @ converter-gson ---
[INFO] Checking unresolved references to org.codehaus.mojo.signature:java16:1.1
[INFO] 
[INFO] --- maven-jar-plugin:2.4:jar (default-jar) @ converter-gson ---
[INFO] Building jar: /home/travis/build/square/retrofit/retrofit-converters/gson/target/converter-gson-2.0.0-SNAPSHOT.jar
[INFO] 
[INFO] --- maven-javadoc-plugin:2.10.3:jar (attach-javadocs) @ converter-gson ---
[INFO] Skipping javadoc generation
[INFO] 
[INFO] --- maven-checkstyle-plugin:2.15:checkstyle (default) @ converter-gson ---
[INFO] Starting audit...
Audit done.
[WARNING] Unable to locate Source XRef to link to - DISABLED
[INFO] 
[INFO] --- maven-install-plugin:2.4:install (default-install) @ converter-gson ---
[INFO] Installing /home/travis/build/square/retrofit/retrofit-converters/gson/target/converter-gson-2.0.0-SNAPSHOT.jar to /home/travis/.m2/repository/com/squareup/retrofit2/converter-gson/2.0.0-SNAPSHOT/converter-gson-2.0.0-SNAPSHOT.jar
[INFO] Installing /home/travis/build/square/retrofit/retrofit-converters/gson/pom.xml to /home/travis/.m2/repository/com/squareup/retrofit2/converter-gson/2.0.0-SNAPSHOT/converter-gson-2.0.0-SNAPSHOT.pom
[INFO]                                                                         
[INFO] ------------------------------------------------------------------------
[INFO] Building Converter: Protocol Buffers 2.0.0-SNAPSHOT
[INFO] ------------------------------------------------------------------------
[INFO] 
[INFO] --- maven-enforcer-plugin:1.0:enforce (enforce-maven) @ converter-protobuf ---
[INFO] 
[INFO] --- maven-resources-plugin:2.6:resources (default-resources) @ converter-protobuf ---
[INFO] Using 'UTF-8' encoding to copy filtered resources.
[INFO] skip non existing resourceDirectory /home/travis/build/square/retrofit/retrofit-converters/protobuf/src/main/resources
[INFO] 
[INFO] --- maven-compiler-plugin:3.0:compile (default-compile) @ converter-protobuf ---
[INFO] Changes detected - recompiling the module!
[INFO] Compiling 3 source files to /home/travis/build/square/retrofit/retrofit-converters/protobuf/target/classes
[WARNING] /home/travis/build/square/retrofit/retrofit-converters/protobuf/src/main/java/retrofit2/converter/protobuf/ProtoConverterFactory.java: /home/travis/build/square/retrofit/retrofit-converters/protobuf/src/main/java/retrofit2/converter/protobuf/ProtoConverterFactory.java uses unchecked or unsafe operations.
[WARNING] /home/travis/build/square/retrofit/retrofit-converters/protobuf/src/main/java/retrofit2/converter/protobuf/ProtoConverterFactory.java: Recompile with -Xlint:unchecked for details.
[INFO] 
[INFO] --- maven-resources-plugin:2.6:testResources (default-testResources) @ converter-protobuf ---
[INFO] Using 'UTF-8' encoding to copy filtered resources.
[INFO] skip non existing resourceDirectory /home/travis/build/square/retrofit/retrofit-converters/protobuf/src/test/resources
[INFO] 
[INFO] --- maven-compiler-plugin:3.0:testCompile (default-testCompile) @ converter-protobuf ---
[INFO] Changes detected - recompiling the module!
[INFO] Compiling 2 source files to /home/travis/build/square/retrofit/retrofit-converters/protobuf/target/test-classes
[INFO] 
[INFO] --- maven-surefire-plugin:2.12.4:test (default-test) @ converter-protobuf ---
[INFO] Tests are skipped.
[INFO] 
[INFO] --- animal-sniffer-maven-plugin:1.14:check (default) @ converter-protobuf ---
[INFO] Checking unresolved references to org.codehaus.mojo.signature:java16:1.1
[INFO] 
[INFO] --- maven-jar-plugin:2.4:jar (default-jar) @ converter-protobuf ---
[INFO] Building jar: /home/travis/build/square/retrofit/retrofit-converters/protobuf/target/converter-protobuf-2.0.0-SNAPSHOT.jar
[INFO] 
[INFO] --- maven-javadoc-plugin:2.10.3:jar (attach-javadocs) @ converter-protobuf ---
[INFO] Skipping javadoc generation
[INFO] 
[INFO] --- maven-checkstyle-plugin:2.15:checkstyle (default) @ converter-protobuf ---
[INFO] Starting audit...
Audit done.
[WARNING] Unable to locate Source XRef to link to - DISABLED
[INFO] 
[INFO] --- maven-install-plugin:2.4:install (default-install) @ converter-protobuf ---
[INFO] Installing /home/travis/build/square/retrofit/retrofit-converters/protobuf/target/converter-protobuf-2.0.0-SNAPSHOT.jar to /home/travis/.m2/repository/com/squareup/retrofit2/converter-protobuf/2.0.0-SNAPSHOT/converter-protobuf-2.0.0-SNAPSHOT.jar
[INFO] Installing /home/travis/build/square/retrofit/retrofit-converters/protobuf/pom.xml to /home/travis/.m2/repository/com/squareup/retrofit2/converter-protobuf/2.0.0-SNAPSHOT/converter-protobuf-2.0.0-SNAPSHOT.pom
[INFO]                                                                         
[INFO] ------------------------------------------------------------------------
[INFO] Building Converter: Jackson 2.0.0-SNAPSHOT
[INFO] ------------------------------------------------------------------------
[INFO] 
[INFO] --- maven-enforcer-plugin:1.0:enforce (enforce-maven) @ converter-jackson ---
[INFO] 
[INFO] --- maven-resources-plugin:2.6:resources (default-resources) @ converter-jackson ---
[INFO] Using 'UTF-8' encoding to copy filtered resources.
[INFO] skip non existing resourceDirectory /home/travis/build/square/retrofit/retrofit-converters/jackson/src/main/resources
[INFO] 
[INFO] --- maven-compiler-plugin:3.0:compile (default-compile) @ converter-jackson ---
[INFO] Changes detected - recompiling the module!
[INFO] Compiling 3 source files to /home/travis/build/square/retrofit/retrofit-converters/jackson/target/classes
[INFO] 
[INFO] --- maven-resources-plugin:2.6:testResources (default-testResources) @ converter-jackson ---
[INFO] Using 'UTF-8' encoding to copy filtered resources.
[INFO] skip non existing resourceDirectory /home/travis/build/square/retrofit/retrofit-converters/jackson/src/test/resources
[INFO] 
[INFO] --- maven-compiler-plugin:3.0:testCompile (default-testCompile) @ converter-jackson ---
[INFO] Changes detected - recompiling the module!
[INFO] Compiling 1 source file to /home/travis/build/square/retrofit/retrofit-converters/jackson/target/test-classes
[INFO] 
[INFO] --- maven-surefire-plugin:2.12.4:test (default-test) @ converter-jackson ---
[INFO] Tests are skipped.
[INFO] 
[INFO] --- animal-sniffer-maven-plugin:1.14:check (default) @ converter-jackson ---
[INFO] Checking unresolved references to org.codehaus.mojo.signature:java16:1.1
[INFO] 
[INFO] --- maven-jar-plugin:2.4:jar (default-jar) @ converter-jackson ---
[INFO] Building jar: /home/travis/build/square/retrofit/retrofit-converters/jackson/target/converter-jackson-2.0.0-SNAPSHOT.jar
[INFO] 
[INFO] --- maven-javadoc-plugin:2.10.3:jar (attach-javadocs) @ converter-jackson ---
[INFO] Skipping javadoc generation
[INFO] 
[INFO] --- maven-checkstyle-plugin:2.15:checkstyle (default) @ converter-jackson ---
[INFO] Starting audit...
Audit done.
[WARNING] Unable to locate Source XRef to link to - DISABLED
[INFO] 
[INFO] --- maven-install-plugin:2.4:install (default-install) @ converter-jackson ---
[INFO] Installing /home/travis/build/square/retrofit/retrofit-converters/jackson/target/converter-jackson-2.0.0-SNAPSHOT.jar to /home/travis/.m2/repository/com/squareup/retrofit2/converter-jackson/2.0.0-SNAPSHOT/converter-jackson-2.0.0-SNAPSHOT.jar
[INFO] Installing /home/travis/build/square/retrofit/retrofit-converters/jackson/pom.xml to /home/travis/.m2/repository/com/squareup/retrofit2/converter-jackson/2.0.0-SNAPSHOT/converter-jackson-2.0.0-SNAPSHOT.pom
[INFO]                                                                         
[INFO] ------------------------------------------------------------------------
[INFO] Building Converter: Wire Protocol Buffers 2.0.0-SNAPSHOT
[INFO] ------------------------------------------------------------------------
[INFO] 
[INFO] --- maven-enforcer-plugin:1.0:enforce (enforce-maven) @ converter-wire ---
[INFO] 
[INFO] --- maven-resources-plugin:2.6:resources (default-resources) @ converter-wire ---
[INFO] Using 'UTF-8' encoding to copy filtered resources.
[INFO] skip non existing resourceDirectory /home/travis/build/square/retrofit/retrofit-converters/wire/src/main/resources
[INFO] 
[INFO] --- maven-compiler-plugin:3.0:compile (default-compile) @ converter-wire ---
[INFO] Changes detected - recompiling the module!
[INFO] Compiling 3 source files to /home/travis/build/square/retrofit/retrofit-converters/wire/target/classes
[WARNING] /home/travis/build/square/retrofit/retrofit-converters/wire/src/main/java/retrofit2/converter/wire/WireConverterFactory.java: /home/travis/build/square/retrofit/retrofit-converters/wire/src/main/java/retrofit2/converter/wire/WireConverterFactory.java uses unchecked or unsafe operations.
[WARNING] /home/travis/build/square/retrofit/retrofit-converters/wire/src/main/java/retrofit2/converter/wire/WireConverterFactory.java: Recompile with -Xlint:unchecked for details.
[INFO] 
[INFO] --- maven-resources-plugin:2.6:testResources (default-testResources) @ converter-wire ---
[INFO] Using 'UTF-8' encoding to copy filtered resources.
[INFO] skip non existing resourceDirectory /home/travis/build/square/retrofit/retrofit-converters/wire/src/test/resources
[INFO] 
[INFO] --- maven-compiler-plugin:3.0:testCompile (default-testCompile) @ converter-wire ---
[INFO] Changes detected - recompiling the module!
[INFO] Compiling 2 source files to /home/travis/build/square/retrofit/retrofit-converters/wire/target/test-classes
[INFO] 
[INFO] --- maven-surefire-plugin:2.12.4:test (default-test) @ converter-wire ---
[INFO] Tests are skipped.
[INFO] 
[INFO] --- animal-sniffer-maven-plugin:1.14:check (default) @ converter-wire ---
[INFO] Checking unresolved references to org.codehaus.mojo.signature:java16:1.1
[INFO] 
[INFO] --- maven-jar-plugin:2.4:jar (default-jar) @ converter-wire ---
[INFO] Building jar: /home/travis/build/square/retrofit/retrofit-converters/wire/target/converter-wire-2.0.0-SNAPSHOT.jar
[INFO] 
[INFO] --- maven-javadoc-plugin:2.10.3:jar (attach-javadocs) @ converter-wire ---
[INFO] Skipping javadoc generation
[INFO] 
[INFO] --- maven-checkstyle-plugin:2.15:checkstyle (default) @ converter-wire ---
[INFO] Starting audit...
Audit done.
[WARNING] Unable to locate Source XRef to link to - DISABLED
[INFO] 
[INFO] --- maven-install-plugin:2.4:install (default-install) @ converter-wire ---
[INFO] Installing /home/travis/build/square/retrofit/retrofit-converters/wire/target/converter-wire-2.0.0-SNAPSHOT.jar to /home/travis/.m2/repository/com/squareup/retrofit2/converter-wire/2.0.0-SNAPSHOT/converter-wire-2.0.0-SNAPSHOT.jar
[INFO] Installing /home/travis/build/square/retrofit/retrofit-converters/wire/pom.xml to /home/travis/.m2/repository/com/squareup/retrofit2/converter-wire/2.0.0-SNAPSHOT/converter-wire-2.0.0-SNAPSHOT.pom
[INFO]                                                                         
[INFO] ------------------------------------------------------------------------
[INFO] Building Converter: SimpleXML 2.0.0-SNAPSHOT
[INFO] ------------------------------------------------------------------------
[INFO] 
[INFO] --- maven-enforcer-plugin:1.0:enforce (enforce-maven) @ converter-simplexml ---
[INFO] 
[INFO] --- maven-resources-plugin:2.6:resources (default-resources) @ converter-simplexml ---
[INFO] Using 'UTF-8' encoding to copy filtered resources.
[INFO] skip non existing resourceDirectory /home/travis/build/square/retrofit/retrofit-converters/simplexml/src/main/resources
[INFO] 
[INFO] --- maven-compiler-plugin:3.0:compile (default-compile) @ converter-simplexml ---
[INFO] Changes detected - recompiling the module!
[INFO] Compiling 3 source files to /home/travis/build/square/retrofit/retrofit-converters/simplexml/target/classes
[INFO] 
[INFO] --- maven-resources-plugin:2.6:testResources (default-testResources) @ converter-simplexml ---
[INFO] Using 'UTF-8' encoding to copy filtered resources.
[INFO] skip non existing resourceDirectory /home/travis/build/square/retrofit/retrofit-converters/simplexml/src/test/resources
[INFO] 
[INFO] --- maven-compiler-plugin:3.0:testCompile (default-testCompile) @ converter-simplexml ---
[INFO] Changes detected - recompiling the module!
[INFO] Compiling 2 source files to /home/travis/build/square/retrofit/retrofit-converters/simplexml/target/test-classes
[INFO] 
[INFO] --- maven-surefire-plugin:2.12.4:test (default-test) @ converter-simplexml ---
[INFO] Tests are skipped.
[INFO] 
[INFO] --- animal-sniffer-maven-plugin:1.14:check (default) @ converter-simplexml ---
[INFO] Checking unresolved references to org.codehaus.mojo.signature:java16:1.1
[INFO] 
[INFO] --- maven-jar-plugin:2.4:jar (default-jar) @ converter-simplexml ---
[INFO] Building jar: /home/travis/build/square/retrofit/retrofit-converters/simplexml/target/converter-simplexml-2.0.0-SNAPSHOT.jar
[INFO] 
[INFO] --- maven-javadoc-plugin:2.10.3:jar (attach-javadocs) @ converter-simplexml ---
[INFO] Skipping javadoc generation
[INFO] 
[INFO] --- maven-checkstyle-plugin:2.15:checkstyle (default) @ converter-simplexml ---
[INFO] Starting audit...
Audit done.
[WARNING] Unable to locate Source XRef to link to - DISABLED
[INFO] 
[INFO] --- maven-install-plugin:2.4:install (default-install) @ converter-simplexml ---
[INFO] Installing /home/travis/build/square/retrofit/retrofit-converters/simplexml/target/converter-simplexml-2.0.0-SNAPSHOT.jar to /home/travis/.m2/repository/com/squareup/retrofit2/converter-simplexml/2.0.0-SNAPSHOT/converter-simplexml-2.0.0-SNAPSHOT.jar
[INFO] Installing /home/travis/build/square/retrofit/retrofit-converters/simplexml/pom.xml to /home/travis/.m2/repository/com/squareup/retrofit2/converter-simplexml/2.0.0-SNAPSHOT/converter-simplexml-2.0.0-SNAPSHOT.pom
[INFO]                                                                         
[INFO] ------------------------------------------------------------------------
[INFO] Building Converter: Java Scalars 2.0.0-SNAPSHOT
[INFO] ------------------------------------------------------------------------
[INFO] 
[INFO] --- maven-enforcer-plugin:1.0:enforce (enforce-maven) @ converter-scalars ---
[INFO] 
[INFO] --- maven-resources-plugin:2.6:resources (default-resources) @ converter-scalars ---
[INFO] Using 'UTF-8' encoding to copy filtered resources.
[INFO] skip non existing resourceDirectory /home/travis/build/square/retrofit/retrofit-converters/scalars/src/main/resources
[INFO] 
[INFO] --- maven-compiler-plugin:3.0:compile (default-compile) @ converter-scalars ---
[INFO] Changes detected - recompiling the module!
[INFO] Compiling 3 source files to /home/travis/build/square/retrofit/retrofit-converters/scalars/target/classes
[INFO] 
[INFO] --- maven-resources-plugin:2.6:testResources (default-testResources) @ converter-scalars ---
[INFO] Using 'UTF-8' encoding to copy filtered resources.
[INFO] skip non existing resourceDirectory /home/travis/build/square/retrofit/retrofit-converters/scalars/src/test/resources
[INFO] 
[INFO] --- maven-compiler-plugin:3.0:testCompile (default-testCompile) @ converter-scalars ---
[INFO] Changes detected - recompiling the module!
[INFO] Compiling 1 source file to /home/travis/build/square/retrofit/retrofit-converters/scalars/target/test-classes
[INFO] 
[INFO] --- maven-surefire-plugin:2.12.4:test (default-test) @ converter-scalars ---
[INFO] Tests are skipped.
[INFO] 
[INFO] --- animal-sniffer-maven-plugin:1.14:check (default) @ converter-scalars ---
[INFO] Checking unresolved references to org.codehaus.mojo.signature:java16:1.1
[INFO] 
[INFO] --- maven-jar-plugin:2.4:jar (default-jar) @ converter-scalars ---
[INFO] Building jar: /home/travis/build/square/retrofit/retrofit-converters/scalars/target/converter-scalars-2.0.0-SNAPSHOT.jar
[INFO] 
[INFO] --- maven-javadoc-plugin:2.10.3:jar (attach-javadocs) @ converter-scalars ---
[INFO] Skipping javadoc generation
[INFO] 
[INFO] --- maven-checkstyle-plugin:2.15:checkstyle (default) @ converter-scalars ---
[INFO] Starting audit...
Audit done.
[WARNING] Unable to locate Source XRef to link to - DISABLED
[INFO] 
[INFO] --- maven-install-plugin:2.4:install (default-install) @ converter-scalars ---
[INFO] Installing /home/travis/build/square/retrofit/retrofit-converters/scalars/target/converter-scalars-2.0.0-SNAPSHOT.jar to /home/travis/.m2/repository/com/squareup/retrofit2/converter-scalars/2.0.0-SNAPSHOT/converter-scalars-2.0.0-SNAPSHOT.jar
[INFO] Installing /home/travis/build/square/retrofit/retrofit-converters/scalars/pom.xml to /home/travis/.m2/repository/com/squareup/retrofit2/converter-scalars/2.0.0-SNAPSHOT/converter-scalars-2.0.0-SNAPSHOT.pom
[INFO]                                                                         
[INFO] ------------------------------------------------------------------------
[INFO] Building Converter: Moshi 2.0.0-SNAPSHOT
[INFO] ------------------------------------------------------------------------
[INFO] 
[INFO] --- maven-enforcer-plugin:1.0:enforce (enforce-maven) @ converter-moshi ---
[INFO] 
[INFO] --- maven-resources-plugin:2.6:resources (default-resources) @ converter-moshi ---
[INFO] Using 'UTF-8' encoding to copy filtered resources.
[INFO] skip non existing resourceDirectory /home/travis/build/square/retrofit/retrofit-converters/moshi/src/main/resources
[INFO] 
[INFO] --- maven-compiler-plugin:3.0:compile (default-compile) @ converter-moshi ---
[INFO] Changes detected - recompiling the module!
[INFO] Compiling 3 source files to /home/travis/build/square/retrofit/retrofit-converters/moshi/target/classes
[INFO] 
[INFO] --- maven-resources-plugin:2.6:testResources (default-testResources) @ converter-moshi ---
[INFO] Using 'UTF-8' encoding to copy filtered resources.
[INFO] skip non existing resourceDirectory /home/travis/build/square/retrofit/retrofit-converters/moshi/src/test/resources
[INFO] 
[INFO] --- maven-compiler-plugin:3.0:testCompile (default-testCompile) @ converter-moshi ---
[INFO] Changes detected - recompiling the module!
[INFO] Compiling 1 source file to /home/travis/build/square/retrofit/retrofit-converters/moshi/target/test-classes
[INFO] 
[INFO] --- maven-surefire-plugin:2.12.4:test (default-test) @ converter-moshi ---
[INFO] Tests are skipped.
[INFO] 
[INFO] --- animal-sniffer-maven-plugin:1.14:check (default) @ converter-moshi ---
[INFO] Checking unresolved references to org.codehaus.mojo.signature:java16:1.1
[INFO] 
[INFO] --- maven-jar-plugin:2.4:jar (default-jar) @ converter-moshi ---
[INFO] Building jar: /home/travis/build/square/retrofit/retrofit-converters/moshi/target/converter-moshi-2.0.0-SNAPSHOT.jar
[INFO] 
[INFO] --- maven-javadoc-plugin:2.10.3:jar (attach-javadocs) @ converter-moshi ---
[INFO] Skipping javadoc generation
[INFO] 
[INFO] --- maven-checkstyle-plugin:2.15:checkstyle (default) @ converter-moshi ---
[INFO] Starting audit...
Audit done.
[WARNING] Unable to locate Source XRef to link to - DISABLED
[INFO] 
[INFO] --- maven-install-plugin:2.4:install (default-install) @ converter-moshi ---
[INFO] Installing /home/travis/build/square/retrofit/retrofit-converters/moshi/target/converter-moshi-2.0.0-SNAPSHOT.jar to /home/travis/.m2/repository/com/squareup/retrofit2/converter-moshi/2.0.0-SNAPSHOT/converter-moshi-2.0.0-SNAPSHOT.jar
[INFO] Installing /home/travis/build/square/retrofit/retrofit-converters/moshi/pom.xml to /home/travis/.m2/repository/com/squareup/retrofit2/converter-moshi/2.0.0-SNAPSHOT/converter-moshi-2.0.0-SNAPSHOT.pom
[INFO]                                                                         
[INFO] ------------------------------------------------------------------------
[INFO] Building Retrofit Mock Adapter 2.0.0-SNAPSHOT
[INFO] ------------------------------------------------------------------------
[INFO] 
[INFO] --- maven-enforcer-plugin:1.0:enforce (enforce-maven) @ retrofit-mock ---
[INFO] 
[INFO] --- maven-resources-plugin:2.6:resources (default-resources) @ retrofit-mock ---
[INFO] Using 'UTF-8' encoding to copy filtered resources.
[INFO] skip non existing resourceDirectory /home/travis/build/square/retrofit/retrofit-mock/src/main/resources
[INFO] 
[INFO] --- maven-compiler-plugin:3.0:compile (default-compile) @ retrofit-mock ---
[INFO] Changes detected - recompiling the module!
[INFO] Compiling 5 source files to /home/travis/build/square/retrofit/retrofit-mock/target/classes
[INFO] 
[INFO] --- maven-resources-plugin:2.6:testResources (default-testResources) @ retrofit-mock ---
[INFO] Using 'UTF-8' encoding to copy filtered resources.
[INFO] skip non existing resourceDirectory /home/travis/build/square/retrofit/retrofit-mock/src/test/resources
[INFO] 
[INFO] --- maven-compiler-plugin:3.0:testCompile (default-testCompile) @ retrofit-mock ---
[INFO] Changes detected - recompiling the module!
[INFO] Compiling 3 source files to /home/travis/build/square/retrofit/retrofit-mock/target/test-classes
[INFO] 
[INFO] --- maven-surefire-plugin:2.12.4:test (default-test) @ retrofit-mock ---
[INFO] Tests are skipped.
[INFO] 
[INFO] --- animal-sniffer-maven-plugin:1.14:check (default) @ retrofit-mock ---
[INFO] Checking unresolved references to org.codehaus.mojo.signature:java16:1.1
[INFO] 
[INFO] --- maven-jar-plugin:2.4:jar (default-jar) @ retrofit-mock ---
[INFO] Building jar: /home/travis/build/square/retrofit/retrofit-mock/target/retrofit-mock-2.0.0-SNAPSHOT.jar
[INFO] 
[INFO] --- maven-javadoc-plugin:2.10.3:jar (attach-javadocs) @ retrofit-mock ---
[INFO] Skipping javadoc generation
[INFO] 
[INFO] --- maven-checkstyle-plugin:2.15:checkstyle (default) @ retrofit-mock ---
[INFO] Starting audit...
Audit done.
[WARNING] Unable to locate Source XRef to link to - DISABLED
[INFO] 
[INFO] --- maven-install-plugin:2.4:install (default-install) @ retrofit-mock ---
[INFO] Installing /home/travis/build/square/retrofit/retrofit-mock/target/retrofit-mock-2.0.0-SNAPSHOT.jar to /home/travis/.m2/repository/com/squareup/retrofit2/retrofit-mock/2.0.0-SNAPSHOT/retrofit-mock-2.0.0-SNAPSHOT.jar
[INFO] Installing /home/travis/build/square/retrofit/retrofit-mock/pom.xml to /home/travis/.m2/repository/com/squareup/retrofit2/retrofit-mock/2.0.0-SNAPSHOT/retrofit-mock-2.0.0-SNAPSHOT.pom
[INFO]                                                                         
[INFO] ------------------------------------------------------------------------
[INFO] Building Samples 2.0.0-SNAPSHOT
[INFO] ------------------------------------------------------------------------
[INFO] 
[INFO] --- maven-enforcer-plugin:1.0:enforce (enforce-maven) @ samples ---
[INFO] 
[INFO] --- maven-resources-plugin:2.6:resources (default-resources) @ samples ---
[INFO] Using 'UTF-8' encoding to copy filtered resources.
[INFO] skip non existing resourceDirectory /home/travis/build/square/retrofit/samples/src/main/resources
[INFO] 
[INFO] --- maven-compiler-plugin:3.0:compile (default-compile) @ samples ---
[INFO] Changes detected - recompiling the module!
[INFO] Compiling 7 source files to /home/travis/build/square/retrofit/samples/target/classes
[INFO] 
[INFO] --- maven-resources-plugin:2.6:testResources (default-testResources) @ samples ---
[INFO] Using 'UTF-8' encoding to copy filtered resources.
[INFO] skip non existing resourceDirectory /home/travis/build/square/retrofit/samples/src/test/resources
[INFO] 
[INFO] --- maven-compiler-plugin:3.0:testCompile (default-testCompile) @ samples ---
[INFO] No sources to compile
[INFO] 
[INFO] --- maven-surefire-plugin:2.12.4:test (default-test) @ samples ---
[INFO] Tests are skipped.
[INFO] 
[INFO] --- animal-sniffer-maven-plugin:1.14:check (default) @ samples ---
[INFO] Checking unresolved references to org.codehaus.mojo.signature:java16:1.1
[INFO] 
[INFO] --- maven-jar-plugin:2.4:jar (default-jar) @ samples ---
[INFO] Building jar: /home/travis/build/square/retrofit/samples/target/samples-2.0.0-SNAPSHOT.jar
[INFO] 
[INFO] --- maven-javadoc-plugin:2.10.3:jar (attach-javadocs) @ samples ---
[INFO] Skipping javadoc generation
[INFO] 
[INFO] --- maven-checkstyle-plugin:2.15:checkstyle (default) @ samples ---
[INFO] Starting audit...
Audit done.
[WARNING] Unable to locate Source XRef to link to - DISABLED
[INFO] 
[INFO] --- maven-install-plugin:2.4:install (default-install) @ samples ---
[INFO] Installing /home/travis/build/square/retrofit/samples/target/samples-2.0.0-SNAPSHOT.jar to /home/travis/.m2/repository/com/squareup/retrofit2/samples/2.0.0-SNAPSHOT/samples-2.0.0-SNAPSHOT.jar
[INFO] Installing /home/travis/build/square/retrofit/samples/pom.xml to /home/travis/.m2/repository/com/squareup/retrofit2/samples/2.0.0-SNAPSHOT/samples-2.0.0-SNAPSHOT.pom
[INFO] ------------------------------------------------------------------------
[INFO] Reactor Summary:
[INFO] 
[INFO] Retrofit (Parent) .................................. SUCCESS [  7.003 s]
[INFO] Retrofit ........................................... SUCCESS [ 20.918 s]
[INFO] Adapters ........................................... SUCCESS [  0.507 s]
[INFO] Adapter: Guava ..................................... SUCCESS [  3.829 s]
[INFO] Adapter: Java 8 .................................... SUCCESS [  2.036 s]
[INFO] Adapter: RxJava .................................... SUCCESS [  1.459 s]
[INFO] Converters ......................................... SUCCESS [  0.223 s]
[INFO] Converter: Gson .................................... SUCCESS [  3.052 s]
[INFO] Converter: Protocol Buffers ........................ SUCCESS [  1.268 s]
[INFO] Converter: Jackson ................................. SUCCESS [  1.166 s]
[INFO] Converter: Wire Protocol Buffers ................... SUCCESS [  1.330 s]
[INFO] Converter: SimpleXML ............................... SUCCESS [  1.396 s]
[INFO] Converter: Java Scalars ............................ SUCCESS [  1.086 s]
[INFO] Converter: Moshi ................................... SUCCESS [  0.702 s]
[INFO] Retrofit Mock Adapter .............................. SUCCESS [  1.005 s]
[INFO] Samples ............................................ SUCCESS [  1.797 s]
[INFO] ------------------------------------------------------------------------
[INFO] BUILD SUCCESS
[INFO] ------------------------------------------------------------------------
[INFO] Total time: 49.402 s
[INFO] Finished at: 2016-02-15T21:45:05+00:00
[INFO] Final Memory: 46M/449M
[INFO] ------------------------------------------------------------------------

travis_time:end:0072dad8:start=1455572653815136224,finish=1455572708289627239,duration=54474491015[0Ktravis_fold:end:install[0Ktravis_time:start:1aebba0d[0K$ mvn test -B
Java HotSpot(TM) 64-Bit Server VM warning: ignoring option MaxPermSize=192m; support was removed in 8.0
[INFO] Scanning for projects...
[WARNING] 
[WARNING] Some problems were encountered while building the effective model for com.squareup.retrofit2:samples:jar:2.0.0-SNAPSHOT
[WARNING] 'build.plugins.plugin.version' for org.apache.maven.plugins:maven-deploy-plugin is missing. @ com.squareup.retrofit2:samples:[unknown-version], /home/travis/build/square/retrofit/samples/pom.xml, line 50, column 15
[WARNING] 
[WARNING] It is highly recommended to fix these problems because they threaten the stability of your build.
[WARNING] 
[WARNING] For this reason, future Maven versions might no longer support building such malformed projects.
[WARNING] 
[INFO] ------------------------------------------------------------------------
[INFO] Reactor Build Order:
[INFO] 
[INFO] Retrofit (Parent)
[INFO] Retrofit
[INFO] Adapters
[INFO] Adapter: Guava
[INFO] Adapter: Java 8
[INFO] Adapter: RxJava
[INFO] Converters
[INFO] Converter: Gson
[INFO] Converter: Protocol Buffers
[INFO] Converter: Jackson
[INFO] Converter: Wire Protocol Buffers
[INFO] Converter: SimpleXML
[INFO] Converter: Java Scalars
[INFO] Converter: Moshi
[INFO] Retrofit Mock Adapter
[INFO] Samples
[INFO]                                                                         
[INFO] ------------------------------------------------------------------------
[INFO] Building Retrofit (Parent) 2.0.0-SNAPSHOT
[INFO] ------------------------------------------------------------------------
[INFO] 
[INFO] --- maven-enforcer-plugin:1.0:enforce (enforce-maven) @ parent ---
[INFO] 
[INFO] --- animal-sniffer-maven-plugin:1.14:check (default) @ parent ---
[INFO] Checking unresolved references to org.codehaus.mojo.signature:java16:1.1
[INFO]                                                                         
[INFO] ------------------------------------------------------------------------
[INFO] Building Retrofit 2.0.0-SNAPSHOT
[INFO] ------------------------------------------------------------------------
[INFO] 
[INFO] --- maven-enforcer-plugin:1.0:enforce (enforce-maven) @ retrofit ---
[INFO] 
[INFO] --- maven-resources-plugin:2.6:resources (default-resources) @ retrofit ---
[INFO] Using 'UTF-8' encoding to copy filtered resources.
[INFO] skip non existing resourceDirectory /home/travis/build/square/retrofit/retrofit/src/main/resources
[INFO] 
[INFO] --- maven-compiler-plugin:3.0:compile (default-compile) @ retrofit ---
[INFO] Changes detected - recompiling the module!
[INFO] Compiling 43 source files to /home/travis/build/square/retrofit/retrofit/target/classes
[WARNING] /home/travis/build/square/retrofit/retrofit/src/main/java/retrofit2/Retrofit.java: Some input files use unchecked or unsafe operations.
[WARNING] /home/travis/build/square/retrofit/retrofit/src/main/java/retrofit2/Retrofit.java: Recompile with -Xlint:unchecked for details.
[INFO] 
[INFO] --- maven-resources-plugin:2.6:testResources (default-testResources) @ retrofit ---
[INFO] Using 'UTF-8' encoding to copy filtered resources.
[INFO] skip non existing resourceDirectory /home/travis/build/square/retrofit/retrofit/src/test/resources
[INFO] 
[INFO] --- maven-compiler-plugin:3.0:testCompile (default-testCompile) @ retrofit ---
[INFO] Changes detected - recompiling the module!
[INFO] Compiling 13 source files to /home/travis/build/square/retrofit/retrofit/target/test-classes
[WARNING] /home/travis/build/square/retrofit/retrofit/src/test/java/retrofit2/RetrofitTest.java: /home/travis/build/square/retrofit/retrofit/src/test/java/retrofit2/RetrofitTest.java uses unchecked or unsafe operations.
[WARNING] /home/travis/build/square/retrofit/retrofit/src/test/java/retrofit2/RetrofitTest.java: Recompile with -Xlint:unchecked for details.
[INFO] 
[INFO] --- maven-surefire-plugin:2.12.4:test (default-test) @ retrofit ---
[INFO] Surefire report directory: /home/travis/build/square/retrofit/retrofit/target/surefire-reports

-------------------------------------------------------
 T E S T S
-------------------------------------------------------
Running retrofit2.CallTest
Feb 15, 2016 9:45:22 PM okhttp3.mockwebserver.MockWebServer$3 execute
INFO: MockWebServer[49472] starting to accept connections
Feb 15, 2016 9:45:23 PM okhttp3.mockwebserver.MockWebServer$3 acceptConnections
INFO: MockWebServer[49472] done accepting connections: Socket closed
Feb 15, 2016 9:45:23 PM okhttp3.mockwebserver.MockWebServer$3 execute
INFO: MockWebServer[60261] starting to accept connections
Feb 15, 2016 9:45:23 PM okhttp3.mockwebserver.MockWebServer$4 processOneRequest
INFO: MockWebServer[60261] received request: GET / HTTP/1.1 and responded: HTTP/1.1 200 OK
Feb 15, 2016 9:45:23 PM okhttp3.mockwebserver.MockWebServer$3 acceptConnections
INFO: MockWebServer[60261] done accepting connections: Socket closed
Feb 15, 2016 9:45:23 PM okhttp3.mockwebserver.MockWebServer$3 execute
INFO: MockWebServer[51650] starting to accept connections
Feb 15, 2016 9:45:23 PM okhttp3.mockwebserver.MockWebServer$4 processOneRequest
INFO: MockWebServer[51650] received request: GET / HTTP/1.1 and responded: HTTP/1.1 404 Client Error
Feb 15, 2016 9:45:23 PM okhttp3.mockwebserver.MockWebServer$3 acceptConnections
INFO: MockWebServer[51650] done accepting connections: Socket closed
Feb 15, 2016 9:45:23 PM okhttp3.mockwebserver.MockWebServer$3 execute
INFO: MockWebServer[54334] starting to accept connections
Feb 15, 2016 9:45:23 PM okhttp3.mockwebserver.MockWebServer$3 acceptConnections
INFO: MockWebServer[54334] done accepting connections: Socket closed
Feb 15, 2016 9:45:23 PM okhttp3.mockwebserver.MockWebServer$4 processOneRequest
INFO: MockWebServer[54334] received request: POST /Hello HTTP/1.1 and responded: HTTP/1.1 200 OK
Feb 15, 2016 9:45:23 PM okhttp3.mockwebserver.MockWebServer$3 execute
INFO: MockWebServer[41603] starting to accept connections
Feb 15, 2016 9:45:23 PM okhttp3.mockwebserver.MockWebServer$3 acceptConnections
INFO: MockWebServer[41603] done accepting connections: Socket closed
Feb 15, 2016 9:45:23 PM okhttp3.mockwebserver.MockWebServer$3 execute
INFO: MockWebServer[54498] starting to accept connections
Feb 15, 2016 9:45:23 PM okhttp3.mockwebserver.MockWebServer$3 acceptConnections
INFO: MockWebServer[54498] done accepting connections: Socket closed
Feb 15, 2016 9:45:23 PM okhttp3.mockwebserver.MockWebServer$3 execute
INFO: MockWebServer[52466] starting to accept connections
Feb 15, 2016 9:45:23 PM okhttp3.mockwebserver.MockWebServer$3 acceptConnections
INFO: MockWebServer[52466] done accepting connections: Socket closed
Feb 15, 2016 9:45:23 PM okhttp3.mockwebserver.MockWebServer$4 processOneRequest
INFO: MockWebServer[52466] received request: GET / HTTP/1.1 and responded: HTTP/1.1 200 OK
Feb 15, 2016 9:45:23 PM okhttp3.mockwebserver.MockWebServer$3 execute
INFO: MockWebServer[38114] starting to accept connections
Feb 15, 2016 9:45:23 PM okhttp3.mockwebserver.MockWebServer$3 acceptConnections
INFO: MockWebServer[38114] done accepting connections: Socket closed
Feb 15, 2016 9:45:23 PM okhttp3.mockwebserver.MockWebServer$4 processOneRequest
INFO: MockWebServer[38114] received request: GET / HTTP/1.1 and responded: HTTP/1.1 200 OK
Feb 15, 2016 9:45:23 PM okhttp3.mockwebserver.MockWebServer$3 execute
INFO: MockWebServer[36677] starting to accept connections
Feb 15, 2016 9:45:23 PM okhttp3.mockwebserver.MockWebServer$3 acceptConnections
INFO: MockWebServer[36677] done accepting connections: Socket is closed
Feb 15, 2016 9:45:23 PM okhttp3.mockwebserver.MockWebServer$3 execute
INFO: MockWebServer[46810] starting to accept connections
Feb 15, 2016 9:45:23 PM okhttp3.mockwebserver.MockWebServer$3 acceptConnections
INFO: MockWebServer[46810] done accepting connections: Socket closed
Feb 15, 2016 9:45:23 PM okhttp3.mockwebserver.MockWebServer$4 processOneRequest
INFO: MockWebServer[46810] received request: POST /Hello HTTP/1.1 and responded: HTTP/1.1 200 OK
Feb 15, 2016 9:45:23 PM okhttp3.mockwebserver.MockWebServer$3 execute
INFO: MockWebServer[55329] starting to accept connections
Feb 15, 2016 9:45:23 PM okhttp3.mockwebserver.MockWebServer$3 acceptConnections
INFO: MockWebServer[55329] done accepting connections: Socket closed
Feb 15, 2016 9:45:23 PM okhttp3.mockwebserver.MockWebServer$4 processOneRequest
INFO: MockWebServer[55329] received request: POST /Hello HTTP/1.1 and responded: HTTP/1.1 200 OK
Feb 15, 2016 9:45:23 PM okhttp3.mockwebserver.MockWebServer$3 execute
INFO: MockWebServer[41675] starting to accept connections
Feb 15, 2016 9:45:23 PM okhttp3.mockwebserver.MockWebServer$3 acceptConnections
INFO: MockWebServer[41675] done accepting connections: Socket is closed
Feb 15, 2016 9:45:23 PM okhttp3.mockwebserver.MockWebServer$3 execute
INFO: MockWebServer[38861] starting to accept connections
Feb 15, 2016 9:45:23 PM okhttp3.mockwebserver.MockWebServer$3 acceptConnections
INFO: MockWebServer[38861] done accepting connections: Socket closed
Feb 15, 2016 9:45:23 PM okhttp3.mockwebserver.MockWebServer$4 processOneRequest
INFO: MockWebServer[38861] received request: GET / HTTP/1.1 and responded: HTTP/1.1 404 Client Error
Feb 15, 2016 9:45:23 PM okhttp3.mockwebserver.MockWebServer$3 execute
INFO: MockWebServer[54289] starting to accept connections
Feb 15, 2016 9:45:23 PM okhttp3.mockwebserver.MockWebServer$4 processOneRequest
INFO: MockWebServer[54289] received request: POST / HTTP/1.1 and responded: HTTP/1.1 200 OK
Feb 15, 2016 9:45:23 PM okhttp3.mockwebserver.MockWebServer$3 acceptConnections
INFO: MockWebServer[54289] done accepting connections: Socket closed
Feb 15, 2016 9:45:23 PM okhttp3.mockwebserver.MockWebServer$3 execute
INFO: MockWebServer[52650] starting to accept connections
Feb 15, 2016 9:45:23 PM okhttp3.mockwebserver.MockWebServer$3 acceptConnections
INFO: MockWebServer[52650] done accepting connections: Socket closed
Feb 15, 2016 9:45:23 PM okhttp3.mockwebserver.MockWebServer$4 processOneRequest
INFO: MockWebServer[52650] received request: GET / HTTP/1.1 and responded: HTTP/1.1 204 Nothin
Feb 15, 2016 9:45:23 PM okhttp3.mockwebserver.MockWebServer$3 execute
INFO: MockWebServer[55092] starting to accept connections
Feb 15, 2016 9:45:23 PM okhttp3.mockwebserver.MockWebServer$3 acceptConnections
INFO: MockWebServer[55092] done accepting connections: Socket closed
Feb 15, 2016 9:45:23 PM okhttp3.mockwebserver.MockWebServer$3 execute
INFO: MockWebServer[52907] starting to accept connections
Feb 15, 2016 9:45:23 PM okhttp3.mockwebserver.MockWebServer$3 acceptConnections
INFO: MockWebServer[52907] done accepting connections: Socket closed
Feb 15, 2016 9:45:23 PM okhttp3.mockwebserver.MockWebServer$4 processOneRequest
INFO: MockWebServer[52907] received request: GET / HTTP/1.1 and responded: HTTP/1.1 200 OK
Feb 15, 2016 9:45:23 PM okhttp3.mockwebserver.MockWebServer$3 execute
INFO: MockWebServer[50383] starting to accept connections
Feb 15, 2016 9:45:23 PM okhttp3.mockwebserver.MockWebServer$3 acceptConnections
INFO: MockWebServer[50383] done accepting connections: Socket closed
Feb 15, 2016 9:45:23 PM okhttp3.mockwebserver.MockWebServer$4 processOneRequest
INFO: MockWebServer[50383] received request: POST /Hello HTTP/1.1 and responded: HTTP/1.1 200 OK
Feb 15, 2016 9:45:23 PM okhttp3.mockwebserver.MockWebServer$3 execute
INFO: MockWebServer[56468] starting to accept connections
Feb 15, 2016 9:45:23 PM okhttp3.mockwebserver.MockWebServer$4 processOneRequest
INFO: MockWebServer[56468] received request: GET / HTTP/1.1 and responded: HTTP/1.1 200 OK
Feb 15, 2016 9:45:23 PM okhttp3.mockwebserver.MockWebServer$3 acceptConnections
INFO: MockWebServer[56468] done accepting connections: Socket closed
Feb 15, 2016 9:45:23 PM okhttp3.mockwebserver.MockWebServer$3 execute
INFO: MockWebServer[58164] starting to accept connections
Feb 15, 2016 9:45:23 PM okhttp3.mockwebserver.MockWebServer$3 acceptConnections
INFO: MockWebServer[58164] done accepting connections: Socket closed
Feb 15, 2016 9:45:23 PM okhttp3.mockwebserver.MockWebServer$4 processOneRequest
INFO: MockWebServer[58164] received request: POST / HTTP/1.1 and responded: HTTP/1.1 200 OK
Feb 15, 2016 9:45:23 PM okhttp3.mockwebserver.MockWebServer$3 execute
INFO: MockWebServer[52736] starting to accept connections
Feb 15, 2016 9:45:23 PM okhttp3.mockwebserver.MockWebServer$3 acceptConnections
INFO: MockWebServer[52736] done accepting connections: Socket is closed
Feb 15, 2016 9:45:23 PM okhttp3.mockwebserver.MockWebServer$3 execute
INFO: MockWebServer[60254] starting to accept connections
Feb 15, 2016 9:45:23 PM okhttp3.mockwebserver.MockWebServer$3 acceptConnections
INFO: MockWebServer[60254] done accepting connections: Socket is closed
Feb 15, 2016 9:45:23 PM okhttp3.mockwebserver.MockWebServer$3 execute
INFO: MockWebServer[35538] starting to accept connections
Feb 15, 2016 9:45:23 PM okhttp3.mockwebserver.MockWebServer$3 acceptConnections
INFO: MockWebServer[35538] done accepting connections: Socket is closed
Feb 15, 2016 9:45:23 PM okhttp3.mockwebserver.MockWebServer$3 execute
INFO: MockWebServer[45670] starting to accept connections
Feb 15, 2016 9:45:23 PM okhttp3.mockwebserver.MockWebServer$3 acceptConnections
INFO: MockWebServer[45670] done accepting connections: Socket closed
Feb 15, 2016 9:45:23 PM okhttp3.mockwebserver.MockWebServer$4 processOneRequest
INFO: MockWebServer[45670] received request: GET / HTTP/1.1 and responded: HTTP/1.1 200 OK
Feb 15, 2016 9:45:23 PM okhttp3.mockwebserver.MockWebServer$3 execute
INFO: MockWebServer[59753] starting to accept connections
Feb 15, 2016 9:45:23 PM okhttp3.mockwebserver.MockWebServer$3 acceptConnections
INFO: MockWebServer[59753] done accepting connections: Socket closed
Feb 15, 2016 9:45:23 PM okhttp3.mockwebserver.MockWebServer$4 processOneRequest
INFO: MockWebServer[59753] received request: GET / HTTP/1.1 and responded: HTTP/1.1 200 OK
Feb 15, 2016 9:45:23 PM okhttp3.mockwebserver.MockWebServer$3 execute
INFO: MockWebServer[38379] starting to accept connections
Feb 15, 2016 9:45:23 PM okhttp3.mockwebserver.MockWebServer$3 acceptConnections
INFO: MockWebServer[38379] done accepting connections: Socket closed
Feb 15, 2016 9:45:23 PM okhttp3.mockwebserver.MockWebServer$4 processOneRequest
INFO: MockWebServer[38379] received request: GET / HTTP/1.1 and responded: HTTP/1.1 205 Nothin
Feb 15, 2016 9:45:23 PM okhttp3.mockwebserver.MockWebServer$3 execute
INFO: MockWebServer[35509] starting to accept connections
Feb 15, 2016 9:45:23 PM okhttp3.mockwebserver.MockWebServer$4 processOneRequest
INFO: MockWebServer[35509] received request: GET / HTTP/1.1 and responded: HTTP/1.1 200 OK
Feb 15, 2016 9:45:23 PM okhttp3.mockwebserver.MockWebServer$4 processOneRequest
INFO: MockWebServer[35509] received request: GET / HTTP/1.1 and responded: HTTP/1.1 200 OK
Feb 15, 2016 9:45:23 PM okhttp3.mockwebserver.MockWebServer$3 acceptConnections
INFO: MockWebServer[35509] done accepting connections: Socket closed
Feb 15, 2016 9:45:23 PM okhttp3.mockwebserver.MockWebServer$3 execute
INFO: MockWebServer[39480] starting to accept connections
Feb 15, 2016 9:45:23 PM okhttp3.mockwebserver.MockWebServer$3 acceptConnections
INFO: MockWebServer[39480] done accepting connections: Socket closed
Feb 15, 2016 9:45:23 PM okhttp3.mockwebserver.MockWebServer$4 processOneRequest
INFO: MockWebServer[39480] received request: GET / HTTP/1.1 and responded: HTTP/1.1 200 OK
Feb 15, 2016 9:45:23 PM okhttp3.mockwebserver.MockWebServer$3 execute
INFO: MockWebServer[35213] starting to accept connections
Feb 15, 2016 9:45:23 PM okhttp3.mockwebserver.MockWebServer$3 acceptConnections
INFO: MockWebServer[35213] done accepting connections: Socket is closed
Feb 15, 2016 9:45:23 PM okhttp3.mockwebserver.MockWebServer$3 execute
INFO: MockWebServer[42986] starting to accept connections
Feb 15, 2016 9:45:23 PM okhttp3.mockwebserver.MockWebServer$3 acceptConnections
INFO: MockWebServer[42986] done accepting connections: Socket closed
Feb 15, 2016 9:45:23 PM okhttp3.mockwebserver.MockWebServer$3 execute
INFO: MockWebServer[51533] starting to accept connections
Feb 15, 2016 9:45:23 PM okhttp3.mockwebserver.MockWebServer$3 acceptConnections
INFO: MockWebServer[51533] done accepting connections: Socket closed
Feb 15, 2016 9:45:23 PM okhttp3.mockwebserver.MockWebServer$3 execute
INFO: MockWebServer[60855] starting to accept connections
Feb 15, 2016 9:45:23 PM okhttp3.mockwebserver.MockWebServer$3 acceptConnections
INFO: MockWebServer[60855] done accepting connections: Socket closed
Feb 15, 2016 9:45:23 PM okhttp3.mockwebserver.MockWebServer$4 processOneRequest
INFO: MockWebServer[60855] received request: GET / HTTP/1.1 and responded: HTTP/1.1 200 OK
Feb 15, 2016 9:45:23 PM okhttp3.mockwebserver.MockWebServer$3 execute
INFO: MockWebServer[41107] starting to accept connections
Feb 15, 2016 9:45:23 PM okhttp3.mockwebserver.MockWebServer$3 acceptConnections
INFO: MockWebServer[41107] done accepting connections: Socket closed
Feb 15, 2016 9:45:23 PM okhttp3.mockwebserver.MockWebServer$4 processOneRequest
INFO: MockWebServer[41107] received request: GET / HTTP/1.1 and responded: HTTP/1.1 200 OK
Feb 15, 2016 9:45:23 PM okhttp3.mockwebserver.MockWebServer$3 execute
INFO: MockWebServer[36538] starting to accept connections
Feb 15, 2016 9:45:23 PM okhttp3.mockwebserver.MockWebServer$3 acceptConnections
INFO: MockWebServer[36538] done accepting connections: Socket closed
Feb 15, 2016 9:45:23 PM okhttp3.mockwebserver.MockWebServer$4 processOneRequest
INFO: MockWebServer[36538] received request: GET / HTTP/1.1 and responded: HTTP/1.1 200 OK
Tests run: 34, Failures: 0, Errors: 0, Skipped: 0, Time elapsed: 1.349 sec
Running retrofit2.RequestBuilderTest
Tests run: 111, Failures: 0, Errors: 0, Skipped: 2, Time elapsed: 0.244 sec
Running retrofit2.ExecutorCallAdapterFactoryTest
Tests run: 7, Failures: 0, Errors: 0, Skipped: 0, Time elapsed: 0.083 sec
Running retrofit2.RequestFactoryParserTest
Tests run: 1, Failures: 0, Errors: 0, Skipped: 0, Time elapsed: 0.002 sec
Running retrofit2.RetrofitTest
Feb 15, 2016 9:45:24 PM okhttp3.mockwebserver.MockWebServer$3 execute
INFO: MockWebServer[60953] starting to accept connections
Feb 15, 2016 9:45:24 PM okhttp3.mockwebserver.MockWebServer$3 acceptConnections
INFO: MockWebServer[60953] done accepting connections: Socket is closed
Feb 15, 2016 9:45:24 PM okhttp3.mockwebserver.MockWebServer$3 execute
INFO: MockWebServer[53475] starting to accept connections
Feb 15, 2016 9:45:24 PM okhttp3.mockwebserver.MockWebServer$3 acceptConnections
INFO: MockWebServer[53475] done accepting connections: Socket is closed
Feb 15, 2016 9:45:24 PM okhttp3.mockwebserver.MockWebServer$3 execute
INFO: MockWebServer[44096] starting to accept connections
Feb 15, 2016 9:45:24 PM okhttp3.mockwebserver.MockWebServer$3 acceptConnections
INFO: MockWebServer[44096] done accepting connections: Socket is closed
Feb 15, 2016 9:45:24 PM okhttp3.mockwebserver.MockWebServer$3 execute
INFO: MockWebServer[56786] starting to accept connections
Feb 15, 2016 9:45:24 PM okhttp3.mockwebserver.MockWebServer$3 acceptConnections
INFO: MockWebServer[56786] done accepting connections: Socket is closed
Feb 15, 2016 9:45:24 PM okhttp3.mockwebserver.MockWebServer$3 execute
INFO: MockWebServer[42294] starting to accept connections
Feb 15, 2016 9:45:24 PM okhttp3.mockwebserver.MockWebServer$3 acceptConnections
INFO: MockWebServer[42294] done accepting connections: Socket is closed
Feb 15, 2016 9:45:24 PM okhttp3.mockwebserver.MockWebServer$3 execute
INFO: MockWebServer[42080] starting to accept connections
Feb 15, 2016 9:45:24 PM okhttp3.mockwebserver.MockWebServer$4 processOneRequest
INFO: MockWebServer[42080] received request: GET / HTTP/1.1 and responded: HTTP/1.1 200 OK
Feb 15, 2016 9:45:24 PM okhttp3.mockwebserver.MockWebServer$3 acceptConnections
INFO: MockWebServer[42080] done accepting connections: Socket closed
Feb 15, 2016 9:45:24 PM okhttp3.mockwebserver.MockWebServer$3 execute
INFO: MockWebServer[52821] starting to accept connections
Feb 15, 2016 9:45:24 PM okhttp3.mockwebserver.MockWebServer$3 acceptConnections
INFO: MockWebServer[52821] done accepting connections: Socket is closed
Feb 15, 2016 9:45:24 PM okhttp3.mockwebserver.MockWebServer$3 execute
INFO: MockWebServer[50531] starting to accept connections
Feb 15, 2016 9:45:24 PM okhttp3.mockwebserver.MockWebServer$3 acceptConnections
INFO: MockWebServer[50531] done accepting connections: Socket is closed
Feb 15, 2016 9:45:24 PM okhttp3.mockwebserver.MockWebServer$3 execute
INFO: MockWebServer[42921] starting to accept connections
Feb 15, 2016 9:45:24 PM okhttp3.mockwebserver.MockWebServer$3 acceptConnections
INFO: MockWebServer[42921] done accepting connections: Socket closed
Feb 15, 2016 9:45:24 PM okhttp3.mockwebserver.MockWebServer$3 execute
INFO: MockWebServer[57859] starting to accept connections
Feb 15, 2016 9:45:24 PM okhttp3.mockwebserver.MockWebServer$3 acceptConnections
INFO: MockWebServer[57859] done accepting connections: Socket closed
Feb 15, 2016 9:45:24 PM okhttp3.mockwebserver.MockWebServer$3 execute
INFO: MockWebServer[49383] starting to accept connections
Feb 15, 2016 9:45:24 PM okhttp3.mockwebserver.MockWebServer$3 acceptConnections
INFO: MockWebServer[49383] done accepting connections: Socket closed
Feb 15, 2016 9:45:24 PM okhttp3.mockwebserver.MockWebServer$3 execute
INFO: MockWebServer[40084] starting to accept connections
Feb 15, 2016 9:45:24 PM okhttp3.mockwebserver.MockWebServer$3 acceptConnections
INFO: MockWebServer[40084] done accepting connections: Socket closed
Feb 15, 2016 9:45:24 PM okhttp3.mockwebserver.MockWebServer$3 execute
INFO: MockWebServer[51323] starting to accept connections
Feb 15, 2016 9:45:24 PM okhttp3.mockwebserver.MockWebServer$3 acceptConnections
INFO: MockWebServer[51323] done accepting connections: Socket closed
Feb 15, 2016 9:45:24 PM okhttp3.mockwebserver.MockWebServer$3 execute
INFO: MockWebServer[44566] starting to accept connections
Feb 15, 2016 9:45:24 PM okhttp3.mockwebserver.MockWebServer$3 acceptConnections
INFO: MockWebServer[44566] done accepting connections: Socket is closed
Feb 15, 2016 9:45:24 PM okhttp3.mockwebserver.MockWebServer$3 execute
INFO: MockWebServer[56671] starting to accept connections
Feb 15, 2016 9:45:24 PM okhttp3.mockwebserver.MockWebServer$3 acceptConnections
INFO: MockWebServer[56671] done accepting connections: Socket closed
Feb 15, 2016 9:45:24 PM okhttp3.mockwebserver.MockWebServer$3 execute
INFO: MockWebServer[32948] starting to accept connections
Feb 15, 2016 9:45:24 PM okhttp3.mockwebserver.MockWebServer$3 acceptConnections
INFO: MockWebServer[32948] done accepting connections: Socket closed
Feb 15, 2016 9:45:24 PM okhttp3.mockwebserver.MockWebServer$4 processOneRequest
INFO: MockWebServer[32948] received request: GET / HTTP/1.1 and responded: HTTP/1.1 200 OK
Feb 15, 2016 9:45:24 PM okhttp3.mockwebserver.MockWebServer$3 execute
INFO: MockWebServer[39526] starting to accept connections
Feb 15, 2016 9:45:24 PM okhttp3.mockwebserver.MockWebServer$3 acceptConnections
INFO: MockWebServer[39526] done accepting connections: Socket is closed
Feb 15, 2016 9:45:24 PM okhttp3.mockwebserver.MockWebServer$3 execute
INFO: MockWebServer[38333] starting to accept connections
Feb 15, 2016 9:45:24 PM okhttp3.mockwebserver.MockWebServer$3 acceptConnections
INFO: MockWebServer[38333] done accepting connections: Socket is closed
Feb 15, 2016 9:45:24 PM okhttp3.mockwebserver.MockWebServer$3 execute
INFO: MockWebServer[55092] starting to accept connections
Feb 15, 2016 9:45:24 PM okhttp3.mockwebserver.MockWebServer$3 acceptConnections
INFO: MockWebServer[55092] done accepting connections: Socket closed
Feb 15, 2016 9:45:24 PM okhttp3.mockwebserver.MockWebServer$4 processOneRequest
INFO: MockWebServer[55092] received request: GET / HTTP/1.1 and responded: HTTP/1.1 200 OK
Feb 15, 2016 9:45:24 PM okhttp3.mockwebserver.MockWebServer$3 execute
INFO: MockWebServer[46736] starting to accept connections
Feb 15, 2016 9:45:24 PM okhttp3.mockwebserver.MockWebServer$3 acceptConnections
INFO: MockWebServer[46736] done accepting connections: Socket closed
Feb 15, 2016 9:45:24 PM okhttp3.mockwebserver.MockWebServer$3 execute
INFO: MockWebServer[52861] starting to accept connections
Feb 15, 2016 9:45:24 PM okhttp3.mockwebserver.MockWebServer$4 processOneRequest
INFO: MockWebServer[52861] received request: POST / HTTP/1.1 and responded: HTTP/1.1 200 OK
Feb 15, 2016 9:45:24 PM okhttp3.mockwebserver.MockWebServer$3 acceptConnections
INFO: MockWebServer[52861] done accepting connections: Socket closed
Feb 15, 2016 9:45:24 PM okhttp3.mockwebserver.MockWebServer$3 execute
INFO: MockWebServer[38219] starting to accept connections
Feb 15, 2016 9:45:24 PM okhttp3.mockwebserver.MockWebServer$3 acceptConnections
INFO: MockWebServer[38219] done accepting connections: Socket is closed
Feb 15, 2016 9:45:24 PM okhttp3.mockwebserver.MockWebServer$3 execute
INFO: MockWebServer[33970] starting to accept connections
Feb 15, 2016 9:45:24 PM okhttp3.mockwebserver.MockWebServer$3 acceptConnections
INFO: MockWebServer[33970] done accepting connections: Socket is closed
Feb 15, 2016 9:45:24 PM okhttp3.mockwebserver.MockWebServer$3 execute
INFO: MockWebServer[56033] starting to accept connections
Feb 15, 2016 9:45:24 PM okhttp3.mockwebserver.MockWebServer$3 acceptConnections
INFO: MockWebServer[56033] done accepting connections: Socket is closed
Feb 15, 2016 9:45:24 PM okhttp3.mockwebserver.MockWebServer$3 execute
INFO: MockWebServer[42649] starting to accept connections
Feb 15, 2016 9:45:24 PM okhttp3.mockwebserver.MockWebServer$3 acceptConnections
INFO: MockWebServer[42649] done accepting connections: Socket is closed
Feb 15, 2016 9:45:24 PM okhttp3.mockwebserver.MockWebServer$3 execute
INFO: MockWebServer[42240] starting to accept connections
Feb 15, 2016 9:45:24 PM okhttp3.mockwebserver.MockWebServer$3 acceptConnections
INFO: MockWebServer[42240] done accepting connections: Socket is closed
Feb 15, 2016 9:45:24 PM okhttp3.mockwebserver.MockWebServer$3 execute
INFO: MockWebServer[54165] starting to accept connections
Feb 15, 2016 9:45:24 PM okhttp3.mockwebserver.MockWebServer$3 acceptConnections
INFO: MockWebServer[54165] done accepting connections: Socket is closed
Feb 15, 2016 9:45:24 PM okhttp3.mockwebserver.MockWebServer$3 execute
INFO: MockWebServer[51566] starting to accept connections
Feb 15, 2016 9:45:24 PM okhttp3.mockwebserver.MockWebServer$3 acceptConnections
INFO: MockWebServer[51566] done accepting connections: Socket is closed
Feb 15, 2016 9:45:24 PM okhttp3.mockwebserver.MockWebServer$3 execute
INFO: MockWebServer[45107] starting to accept connections
Feb 15, 2016 9:45:24 PM okhttp3.mockwebserver.MockWebServer$3 acceptConnections
INFO: MockWebServer[45107] done accepting connections: Socket closed
Feb 15, 2016 9:45:24 PM okhttp3.mockwebserver.MockWebServer$4 processOneRequest
INFO: MockWebServer[45107] received request: GET / HTTP/1.1 and responded: HTTP/1.1 200 OK
Feb 15, 2016 9:45:24 PM okhttp3.mockwebserver.MockWebServer$3 execute
INFO: MockWebServer[56682] starting to accept connections
Feb 15, 2016 9:45:24 PM okhttp3.mockwebserver.MockWebServer$3 acceptConnections
INFO: MockWebServer[56682] done accepting connections: Socket is closed
Feb 15, 2016 9:45:24 PM okhttp3.mockwebserver.MockWebServer$3 execute
INFO: MockWebServer[41374] starting to accept connections
Feb 15, 2016 9:45:24 PM okhttp3.mockwebserver.MockWebServer$3 acceptConnections
INFO: MockWebServer[41374] done accepting connections: Socket closed
Feb 15, 2016 9:45:24 PM okhttp3.mockwebserver.MockWebServer$3 execute
INFO: MockWebServer[44292] starting to accept connections
Feb 15, 2016 9:45:24 PM okhttp3.mockwebserver.MockWebServer$3 acceptConnections
INFO: MockWebServer[44292] done accepting connections: Socket closed
Feb 15, 2016 9:45:24 PM okhttp3.mockwebserver.MockWebServer$3 execute
INFO: MockWebServer[45332] starting to accept connections
Feb 15, 2016 9:45:24 PM okhttp3.mockwebserver.MockWebServer$3 acceptConnections
INFO: MockWebServer[45332] done accepting connections: Socket closed
Feb 15, 2016 9:45:24 PM okhttp3.mockwebserver.MockWebServer$3 execute
INFO: MockWebServer[42902] starting to accept connections
Feb 15, 2016 9:45:24 PM okhttp3.mockwebserver.MockWebServer$3 acceptConnections
INFO: MockWebServer[42902] done accepting connections: Socket closed
Feb 15, 2016 9:45:24 PM okhttp3.mockwebserver.MockWebServer$3 execute
INFO: MockWebServer[35859] starting to accept connections
Feb 15, 2016 9:45:24 PM okhttp3.mockwebserver.MockWebServer$3 acceptConnections
INFO: MockWebServer[35859] done accepting connections: Socket is closed
Feb 15, 2016 9:45:24 PM okhttp3.mockwebserver.MockWebServer$3 execute
INFO: MockWebServer[57217] starting to accept connections
Feb 15, 2016 9:45:24 PM okhttp3.mockwebserver.MockWebServer$3 acceptConnections
INFO: MockWebServer[57217] done accepting connections: Socket is closed
Feb 15, 2016 9:45:24 PM okhttp3.mockwebserver.MockWebServer$3 execute
INFO: MockWebServer[55584] starting to accept connections
Feb 15, 2016 9:45:24 PM okhttp3.mockwebserver.MockWebServer$3 acceptConnections
INFO: MockWebServer[55584] done accepting connections: Socket is closed
Feb 15, 2016 9:45:24 PM okhttp3.mockwebserver.MockWebServer$3 execute
INFO: MockWebServer[34364] starting to accept connections
Feb 15, 2016 9:45:24 PM okhttp3.mockwebserver.MockWebServer$3 acceptConnections
INFO: MockWebServer[34364] done accepting connections: Socket is closed
Feb 15, 2016 9:45:24 PM okhttp3.mockwebserver.MockWebServer$3 execute
INFO: MockWebServer[38355] starting to accept connections
Feb 15, 2016 9:45:24 PM okhttp3.mockwebserver.MockWebServer$3 acceptConnections
INFO: MockWebServer[38355] done accepting connections: Socket is closed
Feb 15, 2016 9:45:24 PM okhttp3.mockwebserver.MockWebServer$3 execute
INFO: MockWebServer[40642] starting to accept connections
Feb 15, 2016 9:45:24 PM okhttp3.mockwebserver.MockWebServer$3 acceptConnections
INFO: MockWebServer[40642] done accepting connections: Socket closed
Feb 15, 2016 9:45:24 PM okhttp3.mockwebserver.MockWebServer$3 execute
INFO: MockWebServer[38862] starting to accept connections
Feb 15, 2016 9:45:24 PM okhttp3.mockwebserver.MockWebServer$3 acceptConnections
INFO: MockWebServer[38862] done accepting connections: Socket closed
Feb 15, 2016 9:45:24 PM okhttp3.mockwebserver.MockWebServer$3 execute
INFO: MockWebServer[36954] starting to accept connections
Feb 15, 2016 9:45:24 PM okhttp3.mockwebserver.MockWebServer$3 acceptConnections
INFO: MockWebServer[36954] done accepting connections: Socket is closed
Feb 15, 2016 9:45:24 PM okhttp3.mockwebserver.MockWebServer$3 execute
INFO: MockWebServer[55125] starting to accept connections
Feb 15, 2016 9:45:24 PM okhttp3.mockwebserver.MockWebServer$3 acceptConnections
INFO: MockWebServer[55125] done accepting connections: Socket is closed
Feb 15, 2016 9:45:24 PM okhttp3.mockwebserver.MockWebServer$3 execute
INFO: MockWebServer[38795] starting to accept connections
Feb 15, 2016 9:45:24 PM okhttp3.mockwebserver.MockWebServer$3 acceptConnections
INFO: MockWebServer[38795] done accepting connections: Socket is closed
Feb 15, 2016 9:45:24 PM okhttp3.mockwebserver.MockWebServer$3 execute
INFO: MockWebServer[37480] starting to accept connections
Feb 15, 2016 9:45:24 PM okhttp3.mockwebserver.MockWebServer$3 acceptConnections
INFO: MockWebServer[37480] done accepting connections: Socket is closed
Feb 15, 2016 9:45:24 PM okhttp3.mockwebserver.MockWebServer$3 execute
INFO: MockWebServer[40034] starting to accept connections
Feb 15, 2016 9:45:24 PM okhttp3.mockwebserver.MockWebServer$3 acceptConnections
INFO: MockWebServer[40034] done accepting connections: Socket is closed
Feb 15, 2016 9:45:24 PM okhttp3.mockwebserver.MockWebServer$3 execute
INFO: MockWebServer[45075] starting to accept connections
Feb 15, 2016 9:45:24 PM okhttp3.mockwebserver.MockWebServer$3 acceptConnections
INFO: MockWebServer[45075] done accepting connections: Socket is closed
Feb 15, 2016 9:45:24 PM okhttp3.mockwebserver.MockWebServer$3 execute
INFO: MockWebServer[46809] starting to accept connections
Feb 15, 2016 9:45:24 PM okhttp3.mockwebserver.MockWebServer$3 acceptConnections
INFO: MockWebServer[46809] done accepting connections: Socket is closed
Feb 15, 2016 9:45:24 PM okhttp3.mockwebserver.MockWebServer$3 execute
INFO: MockWebServer[56849] starting to accept connections
Feb 15, 2016 9:45:24 PM okhttp3.mockwebserver.MockWebServer$3 acceptConnections
INFO: MockWebServer[56849] done accepting connections: Socket is closed
Feb 15, 2016 9:45:24 PM okhttp3.mockwebserver.MockWebServer$3 execute
INFO: MockWebServer[46450] starting to accept connections
Feb 15, 2016 9:45:24 PM okhttp3.mockwebserver.MockWebServer$3 acceptConnections
INFO: MockWebServer[46450] done accepting connections: Socket is closed
Feb 15, 2016 9:45:24 PM okhttp3.mockwebserver.MockWebServer$3 execute
INFO: MockWebServer[37029] starting to accept connections
Feb 15, 2016 9:45:24 PM okhttp3.mockwebserver.MockWebServer$3 acceptConnections
INFO: MockWebServer[37029] done accepting connections: Socket is closed
Feb 15, 2016 9:45:24 PM okhttp3.mockwebserver.MockWebServer$3 execute
INFO: MockWebServer[44107] starting to accept connections
Feb 15, 2016 9:45:24 PM okhttp3.mockwebserver.MockWebServer$3 acceptConnections
INFO: MockWebServer[44107] done accepting connections: Socket is closed
Feb 15, 2016 9:45:24 PM okhttp3.mockwebserver.MockWebServer$3 execute
INFO: MockWebServer[33635] starting to accept connections
Feb 15, 2016 9:45:24 PM okhttp3.mockwebserver.MockWebServer$3 acceptConnections
INFO: MockWebServer[33635] done accepting connections: Socket is closed
Feb 15, 2016 9:45:24 PM okhttp3.mockwebserver.MockWebServer$3 execute
INFO: MockWebServer[34718] starting to accept connections
Feb 15, 2016 9:45:24 PM okhttp3.mockwebserver.MockWebServer$3 acceptConnections
INFO: MockWebServer[34718] done accepting connections: Socket is closed
Feb 15, 2016 9:45:24 PM okhttp3.mockwebserver.MockWebServer$3 execute
INFO: MockWebServer[51165] starting to accept connections
Feb 15, 2016 9:45:24 PM okhttp3.mockwebserver.MockWebServer$3 acceptConnections
INFO: MockWebServer[51165] done accepting connections: Socket is closed
Feb 15, 2016 9:45:24 PM okhttp3.mockwebserver.MockWebServer$3 execute
INFO: MockWebServer[38057] starting to accept connections
Feb 15, 2016 9:45:24 PM okhttp3.mockwebserver.MockWebServer$3 acceptConnections
INFO: MockWebServer[38057] done accepting connections: Socket is closed
Feb 15, 2016 9:45:24 PM okhttp3.mockwebserver.MockWebServer$3 execute
INFO: MockWebServer[38214] starting to accept connections
Feb 15, 2016 9:45:24 PM okhttp3.mockwebserver.MockWebServer$3 acceptConnections
INFO: MockWebServer[38214] done accepting connections: Socket is closed
Feb 15, 2016 9:45:24 PM okhttp3.mockwebserver.MockWebServer$3 execute
INFO: MockWebServer[58011] starting to accept connections
Feb 15, 2016 9:45:24 PM okhttp3.mockwebserver.MockWebServer$3 acceptConnections
INFO: MockWebServer[58011] done accepting connections: Socket is closed
Feb 15, 2016 9:45:24 PM okhttp3.mockwebserver.MockWebServer$3 execute
INFO: MockWebServer[57131] starting to accept connections
Feb 15, 2016 9:45:24 PM okhttp3.mockwebserver.MockWebServer$3 acceptConnections
INFO: MockWebServer[57131] done accepting connections: Socket is closed
Feb 15, 2016 9:45:24 PM okhttp3.mockwebserver.MockWebServer$3 execute
INFO: MockWebServer[39216] starting to accept connections
Feb 15, 2016 9:45:24 PM okhttp3.mockwebserver.MockWebServer$3 acceptConnections
INFO: MockWebServer[39216] done accepting connections: Socket is closed
Feb 15, 2016 9:45:24 PM okhttp3.mockwebserver.MockWebServer$3 execute
INFO: MockWebServer[44584] starting to accept connections
Feb 15, 2016 9:45:24 PM okhttp3.mockwebserver.MockWebServer$3 acceptConnections
INFO: MockWebServer[44584] done accepting connections: Socket is closed
Feb 15, 2016 9:45:24 PM okhttp3.mockwebserver.MockWebServer$3 execute
INFO: MockWebServer[54227] starting to accept connections
Feb 15, 2016 9:45:24 PM okhttp3.mockwebserver.MockWebServer$3 acceptConnections
INFO: MockWebServer[54227] done accepting connections: Socket is closed
Tests run: 62, Failures: 0, Errors: 0, Skipped: 0, Time elapsed: 0.622 sec
Running retrofit2.RequestBuilderAndroidTest
WARNING: No manifest file found at ./AndroidManifest.xml.Falling back to the Android OS resources only.
To remove this warning, annotate your test class with @Config(manifest=Config.NONE).
WARNING: No manifest file found at ./AndroidManifest.xml.Falling back to the Android OS resources only.
To remove this warning, annotate your test class with @Config(manifest=Config.NONE).
Tests run: 2, Failures: 0, Errors: 0, Skipped: 0, Time elapsed: 8.024 sec
Running retrofit2.ResponseTest
Tests run: 12, Failures: 0, Errors: 0, Skipped: 0, Time elapsed: 0.016 sec

Results :

Tests run: 229, Failures: 0, Errors: 0, Skipped: 2

[INFO] 
[INFO] --- animal-sniffer-maven-plugin:1.14:check (default) @ retrofit ---
[INFO] Checking unresolved references to org.codehaus.mojo.signature:java16:1.1
[INFO]                                                                         
[INFO] ------------------------------------------------------------------------
[INFO] Building Adapters 2.0.0-SNAPSHOT
[INFO] ------------------------------------------------------------------------
[INFO] 
[INFO] --- maven-enforcer-plugin:1.0:enforce (enforce-maven) @ retrofit-adapters ---
[INFO] 
[INFO] --- animal-sniffer-maven-plugin:1.14:check (default) @ retrofit-adapters ---
[INFO] Checking unresolved references to org.codehaus.mojo.signature:java16:1.1
[INFO]                                                                         
[INFO] ------------------------------------------------------------------------
[INFO] Building Adapter: Guava 2.0.0-SNAPSHOT
[INFO] ------------------------------------------------------------------------
[INFO] 
[INFO] --- maven-enforcer-plugin:1.0:enforce (enforce-maven) @ adapter-guava ---
[INFO] 
[INFO] --- maven-resources-plugin:2.6:resources (default-resources) @ adapter-guava ---
[INFO] Using 'UTF-8' encoding to copy filtered resources.
[INFO] skip non existing resourceDirectory /home/travis/build/square/retrofit/retrofit-adapters/guava/src/main/resources
[INFO] 
[INFO] --- maven-compiler-plugin:3.0:compile (default-compile) @ adapter-guava ---
[INFO] Changes detected - recompiling the module!
[INFO] Compiling 2 source files to /home/travis/build/square/retrofit/retrofit-adapters/guava/target/classes
[INFO] 
[INFO] --- maven-resources-plugin:2.6:testResources (default-testResources) @ adapter-guava ---
[INFO] Using 'UTF-8' encoding to copy filtered resources.
[INFO] skip non existing resourceDirectory /home/travis/build/square/retrofit/retrofit-adapters/guava/src/test/resources
[INFO] 
[INFO] --- maven-compiler-plugin:3.0:testCompile (default-testCompile) @ adapter-guava ---
[INFO] Changes detected - recompiling the module!
[INFO] Compiling 3 source files to /home/travis/build/square/retrofit/retrofit-adapters/guava/target/test-classes
[INFO] 
[INFO] --- maven-surefire-plugin:2.12.4:test (default-test) @ adapter-guava ---
[INFO] Surefire report directory: /home/travis/build/square/retrofit/retrofit-adapters/guava/target/surefire-reports

-------------------------------------------------------
 T E S T S
-------------------------------------------------------
Running retrofit2.adapter.guava.ListenableFutureTest
Feb 15, 2016 9:45:35 PM okhttp3.mockwebserver.MockWebServer$3 execute
INFO: MockWebServer[45811] starting to accept connections
Feb 15, 2016 9:45:35 PM okhttp3.mockwebserver.MockWebServer$4 processOneRequest
INFO: MockWebServer[45811] received request: GET / HTTP/1.1 and responded: HTTP/1.1 200 OK
Feb 15, 2016 9:45:36 PM okhttp3.mockwebserver.MockWebServer$3 acceptConnections
INFO: MockWebServer[45811] done accepting connections: Socket closed
Feb 15, 2016 9:45:36 PM okhttp3.mockwebserver.MockWebServer$3 execute
INFO: MockWebServer[52816] starting to accept connections
Feb 15, 2016 9:45:36 PM okhttp3.mockwebserver.MockWebServer$3 acceptConnections
INFO: MockWebServer[52816] done accepting connections: Socket closed
Feb 15, 2016 9:45:36 PM okhttp3.mockwebserver.MockWebServer$4 processOneRequest
INFO: MockWebServer[52816] received request: GET / HTTP/1.1 and responded: HTTP/1.1 404 Client Error
Feb 15, 2016 9:45:36 PM okhttp3.mockwebserver.MockWebServer$3 execute
INFO: MockWebServer[45497] starting to accept connections
Feb 15, 2016 9:45:36 PM okhttp3.mockwebserver.MockWebServer$3 acceptConnections
INFO: MockWebServer[45497] done accepting connections: Socket closed
Feb 15, 2016 9:45:36 PM okhttp3.mockwebserver.MockWebServer$4 processConnection
WARNING: MockWebServer[45497] connection from /127.0.0.1 didn't make a request
Feb 15, 2016 9:45:36 PM okhttp3.mockwebserver.MockWebServer$3 execute
INFO: MockWebServer[57478] starting to accept connections
Feb 15, 2016 9:45:36 PM okhttp3.mockwebserver.MockWebServer$3 acceptConnections
INFO: MockWebServer[57478] done accepting connections: Socket closed
Feb 15, 2016 9:45:36 PM okhttp3.mockwebserver.MockWebServer$4 processOneRequest
INFO: MockWebServer[57478] received request: GET / HTTP/1.1 and responded: HTTP/1.1 200 OK
Feb 15, 2016 9:45:36 PM okhttp3.mockwebserver.MockWebServer$3 execute
INFO: MockWebServer[56952] starting to accept connections
Feb 15, 2016 9:45:36 PM okhttp3.mockwebserver.MockWebServer$3 acceptConnections
INFO: MockWebServer[56952] done accepting connections: Socket closed
Feb 15, 2016 9:45:36 PM okhttp3.mockwebserver.MockWebServer$4 processOneRequest
INFO: MockWebServer[56952] received request: GET / HTTP/1.1 and responded: HTTP/1.1 404 Client Error
Feb 15, 2016 9:45:36 PM okhttp3.mockwebserver.MockWebServer$3 execute
INFO: MockWebServer[49878] starting to accept connections
Feb 15, 2016 9:45:36 PM okhttp3.mockwebserver.MockWebServer$3 acceptConnections
INFO: MockWebServer[49878] done accepting connections: Socket closed
Feb 15, 2016 9:45:36 PM okhttp3.mockwebserver.MockWebServer$4 processConnection
WARNING: MockWebServer[49878] connection from /127.0.0.1 didn't make a request
Tests run: 6, Failures: 0, Errors: 0, Skipped: 0, Time elapsed: 0.696 sec
Running retrofit2.adapter.guava.GuavaCallAdapterFactoryTest
Feb 15, 2016 9:45:36 PM okhttp3.mockwebserver.MockWebServer$3 execute
INFO: MockWebServer[43172] starting to accept connections
Feb 15, 2016 9:45:36 PM okhttp3.mockwebserver.MockWebServer$3 acceptConnections
INFO: MockWebServer[43172] done accepting connections: Socket closed
Feb 15, 2016 9:45:36 PM okhttp3.mockwebserver.MockWebServer$3 execute
INFO: MockWebServer[48913] starting to accept connections
Feb 15, 2016 9:45:36 PM okhttp3.mockwebserver.MockWebServer$3 acceptConnections
INFO: MockWebServer[48913] done accepting connections: Socket is closed
Feb 15, 2016 9:45:36 PM okhttp3.mockwebserver.MockWebServer$3 execute
INFO: MockWebServer[40581] starting to accept connections
Feb 15, 2016 9:45:36 PM okhttp3.mockwebserver.MockWebServer$3 acceptConnections
INFO: MockWebServer[40581] done accepting connections: Socket is closed
Feb 15, 2016 9:45:36 PM okhttp3.mockwebserver.MockWebServer$3 execute
INFO: MockWebServer[42937] starting to accept connections
Feb 15, 2016 9:45:36 PM okhttp3.mockwebserver.MockWebServer$3 acceptConnections
INFO: MockWebServer[42937] done accepting connections: Socket is closed
Tests run: 4, Failures: 0, Errors: 0, Skipped: 0, Time elapsed: 0.045 sec

Results :

Tests run: 10, Failures: 0, Errors: 0, Skipped: 0

[INFO] 
[INFO] --- animal-sniffer-maven-plugin:1.14:check (default) @ adapter-guava ---
[INFO] Checking unresolved references to org.codehaus.mojo.signature:java16:1.1
[INFO]                                                                         
[INFO] ------------------------------------------------------------------------
[INFO] Building Adapter: Java 8 2.0.0-SNAPSHOT
[INFO] ------------------------------------------------------------------------
[INFO] 
[INFO] --- maven-enforcer-plugin:1.0:enforce (enforce-maven) @ adapter-java8 ---
[INFO] 
[INFO] --- maven-resources-plugin:2.6:resources (default-resources) @ adapter-java8 ---
[INFO] Using 'UTF-8' encoding to copy filtered resources.
[INFO] skip non existing resourceDirectory /home/travis/build/square/retrofit/retrofit-adapters/java8/src/main/resources
[INFO] 
[INFO] --- maven-compiler-plugin:3.0:compile (default-compile) @ adapter-java8 ---
[INFO] Changes detected - recompiling the module!
[INFO] Compiling 2 source files to /home/travis/build/square/retrofit/retrofit-adapters/java8/target/classes
[INFO] 
[INFO] --- maven-resources-plugin:2.6:testResources (default-testResources) @ adapter-java8 ---
[INFO] Using 'UTF-8' encoding to copy filtered resources.
[INFO] skip non existing resourceDirectory /home/travis/build/square/retrofit/retrofit-adapters/java8/src/test/resources
[INFO] 
[INFO] --- maven-compiler-plugin:3.0:testCompile (default-testCompile) @ adapter-java8 ---
[INFO] Changes detected - recompiling the module!
[INFO] Compiling 3 source files to /home/travis/build/square/retrofit/retrofit-adapters/java8/target/test-classes
[INFO] 
[INFO] --- maven-surefire-plugin:2.12.4:test (default-test) @ adapter-java8 ---
[INFO] Surefire report directory: /home/travis/build/square/retrofit/retrofit-adapters/java8/target/surefire-reports

-------------------------------------------------------
 T E S T S
-------------------------------------------------------
Running retrofit2.adapter.java8.Java8CallAdapterFactoryTest
Feb 15, 2016 9:45:37 PM okhttp3.mockwebserver.MockWebServer$3 execute
INFO: MockWebServer[40732] starting to accept connections
Feb 15, 2016 9:45:37 PM okhttp3.mockwebserver.MockWebServer$3 acceptConnections
INFO: MockWebServer[40732] done accepting connections: Socket closed
Feb 15, 2016 9:45:37 PM okhttp3.mockwebserver.MockWebServer$3 execute
INFO: MockWebServer[59461] starting to accept connections
Feb 15, 2016 9:45:37 PM okhttp3.mockwebserver.MockWebServer$3 acceptConnections
INFO: MockWebServer[59461] done accepting connections: Socket is closed
Feb 15, 2016 9:45:37 PM okhttp3.mockwebserver.MockWebServer$3 execute
INFO: MockWebServer[45633] starting to accept connections
Feb 15, 2016 9:45:37 PM okhttp3.mockwebserver.MockWebServer$3 acceptConnections
INFO: MockWebServer[45633] done accepting connections: Socket is closed
Feb 15, 2016 9:45:37 PM okhttp3.mockwebserver.MockWebServer$3 execute
INFO: MockWebServer[43531] starting to accept connections
Feb 15, 2016 9:45:37 PM okhttp3.mockwebserver.MockWebServer$3 acceptConnections
INFO: MockWebServer[43531] done accepting connections: Socket closed
Tests run: 4, Failures: 0, Errors: 0, Skipped: 0, Time elapsed: 0.606 sec
Running retrofit2.adapter.java8.CompletableFutureTest
Feb 15, 2016 9:45:37 PM okhttp3.mockwebserver.MockWebServer$3 execute
INFO: MockWebServer[34099] starting to accept connections
Feb 15, 2016 9:45:37 PM okhttp3.mockwebserver.MockWebServer$4 processOneRequest
INFO: MockWebServer[34099] received request: GET / HTTP/1.1 and responded: HTTP/1.1 200 OK
Feb 15, 2016 9:45:37 PM okhttp3.mockwebserver.MockWebServer$3 acceptConnections
INFO: MockWebServer[34099] done accepting connections: Socket closed
Feb 15, 2016 9:45:37 PM okhttp3.mockwebserver.MockWebServer$3 execute
INFO: MockWebServer[47875] starting to accept connections
Feb 15, 2016 9:45:37 PM okhttp3.mockwebserver.MockWebServer$3 acceptConnections
INFO: MockWebServer[47875] done accepting connections: Socket closed
Feb 15, 2016 9:45:38 PM okhttp3.mockwebserver.MockWebServer$4 processOneRequest
INFO: MockWebServer[47875] received request: GET / HTTP/1.1 and responded: HTTP/1.1 404 Client Error
Feb 15, 2016 9:45:38 PM okhttp3.mockwebserver.MockWebServer$3 execute
INFO: MockWebServer[57037] starting to accept connections
Feb 15, 2016 9:45:38 PM okhttp3.mockwebserver.MockWebServer$4 processConnection
WARNING: MockWebServer[57037] connection from /127.0.0.1 didn't make a request
Feb 15, 2016 9:45:38 PM okhttp3.mockwebserver.MockWebServer$3 acceptConnections
INFO: MockWebServer[57037] done accepting connections: Socket closed
Feb 15, 2016 9:45:38 PM okhttp3.mockwebserver.MockWebServer$3 execute
INFO: MockWebServer[50989] starting to accept connections
Feb 15, 2016 9:45:38 PM okhttp3.mockwebserver.MockWebServer$3 acceptConnections
INFO: MockWebServer[50989] done accepting connections: Socket closed
Feb 15, 2016 9:45:38 PM okhttp3.mockwebserver.MockWebServer$4 processOneRequest
INFO: MockWebServer[50989] received request: GET / HTTP/1.1 and responded: HTTP/1.1 200 OK
Feb 15, 2016 9:45:38 PM okhttp3.mockwebserver.MockWebServer$3 execute
INFO: MockWebServer[37684] starting to accept connections
Feb 15, 2016 9:45:38 PM okhttp3.mockwebserver.MockWebServer$3 acceptConnections
INFO: MockWebServer[37684] done accepting connections: Socket closed
Feb 15, 2016 9:45:38 PM okhttp3.mockwebserver.MockWebServer$4 processOneRequest
INFO: MockWebServer[37684] received request: GET / HTTP/1.1 and responded: HTTP/1.1 404 Client Error
Feb 15, 2016 9:45:38 PM okhttp3.mockwebserver.MockWebServer$3 execute
INFO: MockWebServer[44852] starting to accept connections
Feb 15, 2016 9:45:38 PM okhttp3.mockwebserver.MockWebServer$3 acceptConnections
INFO: MockWebServer[44852] done accepting connections: Socket closed
Feb 15, 2016 9:45:38 PM okhttp3.mockwebserver.MockWebServer$4 processConnection
WARNING: MockWebServer[44852] connection from /127.0.0.1 didn't make a request
Tests run: 6, Failures: 0, Errors: 0, Skipped: 0, Time elapsed: 0.138 sec

Results :

Tests run: 10, Failures: 0, Errors: 0, Skipped: 0

[INFO] 
[INFO] --- animal-sniffer-maven-plugin:1.14:check (default) @ adapter-java8 ---
[INFO] Checking unresolved references to org.kaazing.mojo.signature:java18:1.0
[INFO]                                                                         
[INFO] ------------------------------------------------------------------------
[INFO] Building Adapter: RxJava 2.0.0-SNAPSHOT
[INFO] ------------------------------------------------------------------------
[INFO] 
[INFO] --- maven-enforcer-plugin:1.0:enforce (enforce-maven) @ adapter-rxjava ---
[INFO] 
[INFO] --- maven-resources-plugin:2.6:resources (default-resources) @ adapter-rxjava ---
[INFO] Using 'UTF-8' encoding to copy filtered resources.
[INFO] skip non existing resourceDirectory /home/travis/build/square/retrofit/retrofit-adapters/rxjava/src/main/resources
[INFO] 
[INFO] --- maven-compiler-plugin:3.0:compile (default-compile) @ adapter-rxjava ---
[INFO] Changes detected - recompiling the module!
[INFO] Compiling 4 source files to /home/travis/build/square/retrofit/retrofit-adapters/rxjava/target/classes
[INFO] 
[INFO] --- maven-resources-plugin:2.6:testResources (default-testResources) @ adapter-rxjava ---
[INFO] Using 'UTF-8' encoding to copy filtered resources.
[INFO] skip non existing resourceDirectory /home/travis/build/square/retrofit/retrofit-adapters/rxjava/src/test/resources
[INFO] 
[INFO] --- maven-compiler-plugin:3.0:testCompile (default-testCompile) @ adapter-rxjava ---
[INFO] Changes detected - recompiling the module!
[INFO] Compiling 5 source files to /home/travis/build/square/retrofit/retrofit-adapters/rxjava/target/test-classes
[INFO] 
[INFO] --- maven-surefire-plugin:2.12.4:test (default-test) @ adapter-rxjava ---
[INFO] Surefire report directory: /home/travis/build/square/retrofit/retrofit-adapters/rxjava/target/surefire-reports

-------------------------------------------------------
 T E S T S
-------------------------------------------------------
Running retrofit2.adapter.rxjava.ObservableTest
Feb 15, 2016 9:45:40 PM okhttp3.mockwebserver.MockWebServer$3 execute
INFO: MockWebServer[47129] starting to accept connections
Feb 15, 2016 9:45:40 PM okhttp3.mockwebserver.MockWebServer$4 processConnection
WARNING: MockWebServer[47129] connection from /127.0.0.1 didn't make a request
Feb 15, 2016 9:45:40 PM okhttp3.mockwebserver.MockWebServer$3 acceptConnections
INFO: MockWebServer[47129] done accepting connections: Socket closed
Feb 15, 2016 9:45:40 PM okhttp3.mockwebserver.MockWebServer$3 execute
INFO: MockWebServer[50940] starting to accept connections
Feb 15, 2016 9:45:40 PM okhttp3.mockwebserver.MockWebServer$3 acceptConnections
INFO: MockWebServer[50940] done accepting connections: Socket closed
Feb 15, 2016 9:45:40 PM okhttp3.mockwebserver.MockWebServer$4 processOneRequest
INFO: MockWebServer[50940] received request: GET / HTTP/1.1 and responded: HTTP/1.1 200 OK
Feb 15, 2016 9:45:40 PM okhttp3.mockwebserver.MockWebServer$3 execute
INFO: MockWebServer[58429] starting to accept connections
Feb 15, 2016 9:45:40 PM okhttp3.mockwebserver.MockWebServer$4 processOneRequest
INFO: MockWebServer[58429] received request: GET / HTTP/1.1 and responded: HTTP/1.1 404 Client Error
Feb 15, 2016 9:45:40 PM okhttp3.mockwebserver.MockWebServer$3 acceptConnections
INFO: MockWebServer[58429] done accepting connections: Socket closed
Feb 15, 2016 9:45:40 PM okhttp3.mockwebserver.MockWebServer$3 execute
INFO: MockWebServer[38968] starting to accept connections
Feb 15, 2016 9:45:40 PM okhttp3.mockwebserver.MockWebServer$4 processConnection
WARNING: MockWebServer[38968] connection from /127.0.0.1 didn't make a request
Feb 15, 2016 9:45:40 PM okhttp3.mockwebserver.MockWebServer$3 acceptConnections
INFO: MockWebServer[38968] done accepting connections: Socket closed
Feb 15, 2016 9:45:40 PM okhttp3.mockwebserver.MockWebServer$3 execute
INFO: MockWebServer[43847] starting to accept connections
Feb 15, 2016 9:45:40 PM okhttp3.mockwebserver.MockWebServer$4 processOneRequest
INFO: MockWebServer[43847] received request: GET / HTTP/1.1 and responded: HTTP/1.1 200 OK
Feb 15, 2016 9:45:40 PM okhttp3.mockwebserver.MockWebServer$3 acceptConnections
INFO: MockWebServer[43847] done accepting connections: Socket closed
Feb 15, 2016 9:45:40 PM okhttp3.mockwebserver.MockWebServer$3 execute
INFO: MockWebServer[37014] starting to accept connections
Feb 15, 2016 9:45:40 PM okhttp3.mockwebserver.MockWebServer$4 processOneRequest
INFO: MockWebServer[37014] received request: GET / HTTP/1.1 and responded: HTTP/1.1 404 Client Error
Feb 15, 2016 9:45:40 PM okhttp3.mockwebserver.MockWebServer$3 acceptConnections
INFO: MockWebServer[37014] done accepting connections: Socket closed
Feb 15, 2016 9:45:40 PM okhttp3.mockwebserver.MockWebServer$3 execute
INFO: MockWebServer[36373] starting to accept connections
Feb 15, 2016 9:45:40 PM okhttp3.mockwebserver.MockWebServer$4 processConnection
WARNING: MockWebServer[36373] connection from /127.0.0.1 didn't make a request
Feb 15, 2016 9:45:40 PM okhttp3.mockwebserver.MockWebServer$3 acceptConnections
INFO: MockWebServer[36373] done accepting connections: Socket closed
Feb 15, 2016 9:45:40 PM okhttp3.mockwebserver.MockWebServer$3 execute
INFO: MockWebServer[46901] starting to accept connections
Feb 15, 2016 9:45:40 PM okhttp3.mockwebserver.MockWebServer$4 processOneRequest
INFO: MockWebServer[46901] received request: GET / HTTP/1.1 and responded: HTTP/1.1 200 OK
Feb 15, 2016 9:45:40 PM okhttp3.mockwebserver.MockWebServer$3 acceptConnections
INFO: MockWebServer[46901] done accepting connections: Socket closed
Feb 15, 2016 9:45:40 PM okhttp3.mockwebserver.MockWebServer$3 execute
INFO: MockWebServer[40235] starting to accept connections
Feb 15, 2016 9:45:40 PM okhttp3.mockwebserver.MockWebServer$3 acceptConnections
INFO: MockWebServer[40235] done accepting connections: Socket closed
Feb 15, 2016 9:45:40 PM okhttp3.mockwebserver.MockWebServer$4 processOneRequest
INFO: MockWebServer[40235] received request: GET / HTTP/1.1 and responded: HTTP/1.1 404 Client Error
Tests run: 9, Failures: 0, Errors: 0, Skipped: 0, Time elapsed: 0.818 sec
Running retrofit2.adapter.rxjava.RxJavaCallAdapterFactoryTest
Tests run: 5, Failures: 0, Errors: 0, Skipped: 0, Time elapsed: 0.05 sec
Running retrofit2.adapter.rxjava.SingleTest
Feb 15, 2016 9:45:40 PM okhttp3.mockwebserver.MockWebServer$3 execute
INFO: MockWebServer[52913] starting to accept connections
Feb 15, 2016 9:45:40 PM okhttp3.mockwebserver.MockWebServer$3 acceptConnections
INFO: MockWebServer[52913] done accepting connections: Socket closed
Feb 15, 2016 9:45:40 PM okhttp3.mockwebserver.MockWebServer$4 processConnection
WARNING: MockWebServer[52913] connection from /127.0.0.1 didn't make a request
Feb 15, 2016 9:45:40 PM okhttp3.mockwebserver.MockWebServer$3 execute
INFO: MockWebServer[59461] starting to accept connections
Feb 15, 2016 9:45:40 PM okhttp3.mockwebserver.MockWebServer$3 acceptConnections
INFO: MockWebServer[59461] done accepting connections: Socket closed
Feb 15, 2016 9:45:40 PM okhttp3.mockwebserver.MockWebServer$4 processOneRequest
INFO: MockWebServer[59461] received request: GET / HTTP/1.1 and responded: HTTP/1.1 200 OK
Feb 15, 2016 9:45:40 PM okhttp3.mockwebserver.MockWebServer$3 execute
INFO: MockWebServer[48790] starting to accept connections
Feb 15, 2016 9:45:40 PM okhttp3.mockwebserver.MockWebServer$3 acceptConnections
INFO: MockWebServer[48790] done accepting connections: Socket closed
Feb 15, 2016 9:45:40 PM okhttp3.mockwebserver.MockWebServer$4 processOneRequest
INFO: MockWebServer[48790] received request: GET / HTTP/1.1 and responded: HTTP/1.1 404 Client Error
Feb 15, 2016 9:45:40 PM okhttp3.mockwebserver.MockWebServer$3 execute
INFO: MockWebServer[37557] starting to accept connections
Feb 15, 2016 9:45:40 PM okhttp3.mockwebserver.MockWebServer$3 acceptConnections
INFO: MockWebServer[37557] done accepting connections: Socket closed
Feb 15, 2016 9:45:40 PM okhttp3.mockwebserver.MockWebServer$4 processConnection
WARNING: MockWebServer[37557] connection from /127.0.0.1 didn't make a request
Feb 15, 2016 9:45:40 PM okhttp3.mockwebserver.MockWebServer$3 execute
INFO: MockWebServer[45254] starting to accept connections
Feb 15, 2016 9:45:40 PM okhttp3.mockwebserver.MockWebServer$4 processOneRequest
INFO: MockWebServer[45254] received request: GET / HTTP/1.1 and responded: HTTP/1.1 200 OK
Feb 15, 2016 9:45:40 PM okhttp3.mockwebserver.MockWebServer$3 acceptConnections
INFO: MockWebServer[45254] done accepting connections: Socket closed
Feb 15, 2016 9:45:40 PM okhttp3.mockwebserver.MockWebServer$3 execute
INFO: MockWebServer[41803] starting to accept connections
Feb 15, 2016 9:45:40 PM okhttp3.mockwebserver.MockWebServer$4 processOneRequest
INFO: MockWebServer[41803] received request: GET / HTTP/1.1 and responded: HTTP/1.1 404 Client Error
Feb 15, 2016 9:45:40 PM okhttp3.mockwebserver.MockWebServer$3 acceptConnections
INFO: MockWebServer[41803] done accepting connections: Socket closed
Feb 15, 2016 9:45:40 PM okhttp3.mockwebserver.MockWebServer$3 execute
INFO: MockWebServer[32916] starting to accept connections
Feb 15, 2016 9:45:40 PM okhttp3.mockwebserver.MockWebServer$4 processConnection
WARNING: MockWebServer[32916] connection from /127.0.0.1 didn't make a request
Feb 15, 2016 9:45:40 PM okhttp3.mockwebserver.MockWebServer$3 acceptConnections
INFO: MockWebServer[32916] done accepting connections: Socket closed
Feb 15, 2016 9:45:40 PM okhttp3.mockwebserver.MockWebServer$3 execute
INFO: MockWebServer[57499] starting to accept connections
Feb 15, 2016 9:45:40 PM okhttp3.mockwebserver.MockWebServer$4 processOneRequest
INFO: MockWebServer[57499] received request: GET / HTTP/1.1 and responded: HTTP/1.1 200 OK
Feb 15, 2016 9:45:40 PM okhttp3.mockwebserver.MockWebServer$3 acceptConnections
INFO: MockWebServer[57499] done accepting connections: Socket closed
Feb 15, 2016 9:45:41 PM okhttp3.mockwebserver.MockWebServer$3 execute
INFO: MockWebServer[45891] starting to accept connections
Feb 15, 2016 9:45:41 PM okhttp3.mockwebserver.MockWebServer$4 processOneRequest
INFO: MockWebServer[45891] received request: GET / HTTP/1.1 and responded: HTTP/1.1 404 Client Error
Feb 15, 2016 9:45:41 PM okhttp3.mockwebserver.MockWebServer$3 acceptConnections
INFO: MockWebServer[45891] done accepting connections: Socket closed
Tests run: 9, Failures: 0, Errors: 0, Skipped: 0, Time elapsed: 0.207 sec
Running retrofit2.adapter.rxjava.ResultTest
Tests run: 4, Failures: 0, Errors: 0, Skipped: 0, Time elapsed: 0.003 sec

Results :

Tests run: 27, Failures: 0, Errors: 0, Skipped: 0

[INFO] 
[INFO] --- animal-sniffer-maven-plugin:1.14:check (default) @ adapter-rxjava ---
[INFO] Checking unresolved references to org.codehaus.mojo.signature:java16:1.1
[INFO]                                                                         
[INFO] ------------------------------------------------------------------------
[INFO] Building Converters 2.0.0-SNAPSHOT
[INFO] ------------------------------------------------------------------------
[INFO] 
[INFO] --- maven-enforcer-plugin:1.0:enforce (enforce-maven) @ retrofit-converters ---
[INFO] 
[INFO] --- animal-sniffer-maven-plugin:1.14:check (default) @ retrofit-converters ---
[INFO] Checking unresolved references to org.codehaus.mojo.signature:java16:1.1
[INFO]                                                                         
[INFO] ------------------------------------------------------------------------
[INFO] Building Converter: Gson 2.0.0-SNAPSHOT
[INFO] ------------------------------------------------------------------------
[INFO] 
[INFO] --- maven-enforcer-plugin:1.0:enforce (enforce-maven) @ converter-gson ---
[INFO] 
[INFO] --- maven-resources-plugin:2.6:resources (default-resources) @ converter-gson ---
[INFO] Using 'UTF-8' encoding to copy filtered resources.
[INFO] skip non existing resourceDirectory /home/travis/build/square/retrofit/retrofit-converters/gson/src/main/resources
[INFO] 
[INFO] --- maven-compiler-plugin:3.0:compile (default-compile) @ converter-gson ---
[INFO] Changes detected - recompiling the module!
[INFO] Compiling 3 source files to /home/travis/build/square/retrofit/retrofit-converters/gson/target/classes
[INFO] 
[INFO] --- maven-resources-plugin:2.6:testResources (default-testResources) @ converter-gson ---
[INFO] Using 'UTF-8' encoding to copy filtered resources.
[INFO] skip non existing resourceDirectory /home/travis/build/square/retrofit/retrofit-converters/gson/src/test/resources
[INFO] 
[INFO] --- maven-compiler-plugin:3.0:testCompile (default-testCompile) @ converter-gson ---
[INFO] Changes detected - recompiling the module!
[INFO] Compiling 1 source file to /home/travis/build/square/retrofit/retrofit-converters/gson/target/test-classes
[INFO] 
[INFO] --- maven-surefire-plugin:2.12.4:test (default-test) @ converter-gson ---
[INFO] Surefire report directory: /home/travis/build/square/retrofit/retrofit-converters/gson/target/surefire-reports

-------------------------------------------------------
 T E S T S
-------------------------------------------------------
Running retrofit2.converter.gson.GsonConverterFactoryTest
Feb 15, 2016 9:45:42 PM okhttp3.mockwebserver.MockWebServer$3 execute
INFO: MockWebServer[51065] starting to accept connections
Feb 15, 2016 9:45:42 PM okhttp3.mockwebserver.MockWebServer$4 processOneRequest
INFO: MockWebServer[51065] received request: POST / HTTP/1.1 and responded: HTTP/1.1 200 OK
Feb 15, 2016 9:45:42 PM okhttp3.mockwebserver.MockWebServer$3 acceptConnections
INFO: MockWebServer[51065] done accepting connections: Socket closed
Feb 15, 2016 9:45:42 PM okhttp3.mockwebserver.MockWebServer$3 execute
INFO: MockWebServer[32968] starting to accept connections
Feb 15, 2016 9:45:42 PM okhttp3.mockwebserver.MockWebServer$4 processOneRequest
INFO: MockWebServer[32968] received request: POST / HTTP/1.1 and responded: HTTP/1.1 200 OK
Feb 15, 2016 9:45:42 PM okhttp3.mockwebserver.MockWebServer$3 acceptConnections
INFO: MockWebServer[32968] done accepting connections: Socket closed
Feb 15, 2016 9:45:42 PM okhttp3.mockwebserver.MockWebServer$3 execute
INFO: MockWebServer[54214] starting to accept connections
Feb 15, 2016 9:45:42 PM okhttp3.mockwebserver.MockWebServer$4 processOneRequest
INFO: MockWebServer[54214] received request: POST / HTTP/1.1 and responded: HTTP/1.1 200 OK
Feb 15, 2016 9:45:42 PM okhttp3.mockwebserver.MockWebServer$3 acceptConnections
INFO: MockWebServer[54214] done accepting connections: Socket closed
Feb 15, 2016 9:45:42 PM okhttp3.mockwebserver.MockWebServer$3 execute
INFO: MockWebServer[52316] starting to accept connections
Feb 15, 2016 9:45:42 PM okhttp3.mockwebserver.MockWebServer$4 processOneRequest
INFO: MockWebServer[52316] received request: POST / HTTP/1.1 and responded: HTTP/1.1 200 OK
Feb 15, 2016 9:45:42 PM okhttp3.mockwebserver.MockWebServer$3 acceptConnections
INFO: MockWebServer[52316] done accepting connections: Socket closed
Tests run: 4, Failures: 0, Errors: 0, Skipped: 0, Time elapsed: 0.711 sec

Results :

Tests run: 4, Failures: 0, Errors: 0, Skipped: 0

[INFO] 
[INFO] --- animal-sniffer-maven-plugin:1.14:check (default) @ converter-gson ---
[INFO] Checking unresolved references to org.codehaus.mojo.signature:java16:1.1
[INFO]                                                                         
[INFO] ------------------------------------------------------------------------
[INFO] Building Converter: Protocol Buffers 2.0.0-SNAPSHOT
[INFO] ------------------------------------------------------------------------
[INFO] 
[INFO] --- maven-enforcer-plugin:1.0:enforce (enforce-maven) @ converter-protobuf ---
[INFO] 
[INFO] --- maven-resources-plugin:2.6:resources (default-resources) @ converter-protobuf ---
[INFO] Using 'UTF-8' encoding to copy filtered resources.
[INFO] skip non existing resourceDirectory /home/travis/build/square/retrofit/retrofit-converters/protobuf/src/main/resources
[INFO] 
[INFO] --- maven-compiler-plugin:3.0:compile (default-compile) @ converter-protobuf ---
[INFO] Changes detected - recompiling the module!
[INFO] Compiling 3 source files to /home/travis/build/square/retrofit/retrofit-converters/protobuf/target/classes
[WARNING] /home/travis/build/square/retrofit/retrofit-converters/protobuf/src/main/java/retrofit2/converter/protobuf/ProtoConverterFactory.java: /home/travis/build/square/retrofit/retrofit-converters/protobuf/src/main/java/retrofit2/converter/protobuf/ProtoConverterFactory.java uses unchecked or unsafe operations.
[WARNING] /home/travis/build/square/retrofit/retrofit-converters/protobuf/src/main/java/retrofit2/converter/protobuf/ProtoConverterFactory.java: Recompile with -Xlint:unchecked for details.
[INFO] 
[INFO] --- maven-resources-plugin:2.6:testResources (default-testResources) @ converter-protobuf ---
[INFO] Using 'UTF-8' encoding to copy filtered resources.
[INFO] skip non existing resourceDirectory /home/travis/build/square/retrofit/retrofit-converters/protobuf/src/test/resources
[INFO] 
[INFO] --- maven-compiler-plugin:3.0:testCompile (default-testCompile) @ converter-protobuf ---
[INFO] Changes detected - recompiling the module!
[INFO] Compiling 2 source files to /home/travis/build/square/retrofit/retrofit-converters/protobuf/target/test-classes
[INFO] 
[INFO] --- maven-surefire-plugin:2.12.4:test (default-test) @ converter-protobuf ---
[INFO] Surefire report directory: /home/travis/build/square/retrofit/retrofit-converters/protobuf/target/surefire-reports

-------------------------------------------------------
 T E S T S
-------------------------------------------------------
Running retrofit2.converter.protobuf.ProtoConverterFactoryTest
Feb 15, 2016 9:45:43 PM okhttp3.mockwebserver.MockWebServer$3 execute
INFO: MockWebServer[47442] starting to accept connections
Feb 15, 2016 9:45:44 PM okhttp3.mockwebserver.MockWebServer$4 processOneRequest
INFO: MockWebServer[47442] received request: POST / HTTP/1.1 and responded: HTTP/1.1 200 OK
Feb 15, 2016 9:45:44 PM okhttp3.mockwebserver.MockWebServer$3 acceptConnections
INFO: MockWebServer[47442] done accepting connections: Socket closed
Feb 15, 2016 9:45:44 PM okhttp3.mockwebserver.MockWebServer$3 execute
INFO: MockWebServer[42738] starting to accept connections
Feb 15, 2016 9:45:44 PM okhttp3.mockwebserver.MockWebServer$3 acceptConnections
INFO: MockWebServer[42738] done accepting connections: Socket is closed
Feb 15, 2016 9:45:44 PM okhttp3.mockwebserver.MockWebServer$3 execute
INFO: MockWebServer[38192] starting to accept connections
Feb 15, 2016 9:45:44 PM okhttp3.mockwebserver.MockWebServer$4 processOneRequest
INFO: MockWebServer[38192] received request: GET / HTTP/1.1 and responded: HTTP/1.1 200 OK
Feb 15, 2016 9:45:44 PM okhttp3.mockwebserver.MockWebServer$3 acceptConnections
INFO: MockWebServer[38192] done accepting connections: Socket closed
Feb 15, 2016 9:45:44 PM okhttp3.mockwebserver.MockWebServer$3 execute
INFO: MockWebServer[42711] starting to accept connections
Feb 15, 2016 9:45:44 PM okhttp3.mockwebserver.MockWebServer$3 acceptConnections
INFO: MockWebServer[42711] done accepting connections: Socket is closed
Feb 15, 2016 9:45:44 PM okhttp3.mockwebserver.MockWebServer$3 execute
INFO: MockWebServer[56197] starting to accept connections
Feb 15, 2016 9:45:44 PM okhttp3.mockwebserver.MockWebServer$3 acceptConnections
INFO: MockWebServer[56197] done accepting connections: Socket closed
Feb 15, 2016 9:45:44 PM okhttp3.mockwebserver.MockWebServer$4 processOneRequest
INFO: MockWebServer[56197] received request: GET / HTTP/1.1 and responded: HTTP/1.1 200 OK
Tests run: 5, Failures: 0, Errors: 0, Skipped: 0, Time elapsed: 0.699 sec

Results :

Tests run: 5, Failures: 0, Errors: 0, Skipped: 0

[INFO] 
[INFO] --- animal-sniffer-maven-plugin:1.14:check (default) @ converter-protobuf ---
[INFO] Checking unresolved references to org.codehaus.mojo.signature:java16:1.1
[INFO]                                                                         
[INFO] ------------------------------------------------------------------------
[INFO] Building Converter: Jackson 2.0.0-SNAPSHOT
[INFO] ------------------------------------------------------------------------
[INFO] 
[INFO] --- maven-enforcer-plugin:1.0:enforce (enforce-maven) @ converter-jackson ---
[INFO] 
[INFO] --- maven-resources-plugin:2.6:resources (default-resources) @ converter-jackson ---
[INFO] Using 'UTF-8' encoding to copy filtered resources.
[INFO] skip non existing resourceDirectory /home/travis/build/square/retrofit/retrofit-converters/jackson/src/main/resources
[INFO] 
[INFO] --- maven-compiler-plugin:3.0:compile (default-compile) @ converter-jackson ---
[INFO] Changes detected - recompiling the module!
[INFO] Compiling 3 source files to /home/travis/build/square/retrofit/retrofit-converters/jackson/target/classes
[INFO] 
[INFO] --- maven-resources-plugin:2.6:testResources (default-testResources) @ converter-jackson ---
[INFO] Using 'UTF-8' encoding to copy filtered resources.
[INFO] skip non existing resourceDirectory /home/travis/build/square/retrofit/retrofit-converters/jackson/src/test/resources
[INFO] 
[INFO] --- maven-compiler-plugin:3.0:testCompile (default-testCompile) @ converter-jackson ---
[INFO] Changes detected - recompiling the module!
[INFO] Compiling 1 source file to /home/travis/build/square/retrofit/retrofit-converters/jackson/target/test-classes
[INFO] 
[INFO] --- maven-surefire-plugin:2.12.4:test (default-test) @ converter-jackson ---
[INFO] Surefire report directory: /home/travis/build/square/retrofit/retrofit-converters/jackson/target/surefire-reports

-------------------------------------------------------
 T E S T S
-------------------------------------------------------
Running retrofit2.converter.jackson.JacksonConverterFactoryTest
Feb 15, 2016 9:45:45 PM okhttp3.mockwebserver.MockWebServer$3 execute
INFO: MockWebServer[58351] starting to accept connections
Feb 15, 2016 9:45:46 PM okhttp3.mockwebserver.MockWebServer$4 processOneRequest
INFO: MockWebServer[58351] received request: POST / HTTP/1.1 and responded: HTTP/1.1 200 OK
Feb 15, 2016 9:45:46 PM okhttp3.mockwebserver.MockWebServer$3 acceptConnections
INFO: MockWebServer[58351] done accepting connections: Socket closed
Feb 15, 2016 9:45:46 PM okhttp3.mockwebserver.MockWebServer$3 execute
INFO: MockWebServer[47881] starting to accept connections
Feb 15, 2016 9:45:46 PM okhttp3.mockwebserver.MockWebServer$3 acceptConnections
INFO: MockWebServer[47881] done accepting connections: Socket closed
Feb 15, 2016 9:45:46 PM okhttp3.mockwebserver.MockWebServer$4 processOneRequest
INFO: MockWebServer[47881] received request: POST / HTTP/1.1 and responded: HTTP/1.1 200 OK
Tests run: 2, Failures: 0, Errors: 0, Skipped: 0, Time elapsed: 0.888 sec

Results :

Tests run: 2, Failures: 0, Errors: 0, Skipped: 0

[INFO] 
[INFO] --- animal-sniffer-maven-plugin:1.14:check (default) @ converter-jackson ---
[INFO] Checking unresolved references to org.codehaus.mojo.signature:java16:1.1
[INFO]                                                                         
[INFO] ------------------------------------------------------------------------
[INFO] Building Converter: Wire Protocol Buffers 2.0.0-SNAPSHOT
[INFO] ------------------------------------------------------------------------
[INFO] 
[INFO] --- maven-enforcer-plugin:1.0:enforce (enforce-maven) @ converter-wire ---
[INFO] 
[INFO] --- maven-resources-plugin:2.6:resources (default-resources) @ converter-wire ---
[INFO] Using 'UTF-8' encoding to copy filtered resources.
[INFO] skip non existing resourceDirectory /home/travis/build/square/retrofit/retrofit-converters/wire/src/main/resources
[INFO] 
[INFO] --- maven-compiler-plugin:3.0:compile (default-compile) @ converter-wire ---
[INFO] Changes detected - recompiling the module!
[INFO] Compiling 3 source files to /home/travis/build/square/retrofit/retrofit-converters/wire/target/classes
[WARNING] /home/travis/build/square/retrofit/retrofit-converters/wire/src/main/java/retrofit2/converter/wire/WireConverterFactory.java: /home/travis/build/square/retrofit/retrofit-converters/wire/src/main/java/retrofit2/converter/wire/WireConverterFactory.java uses unchecked or unsafe operations.
[WARNING] /home/travis/build/square/retrofit/retrofit-converters/wire/src/main/java/retrofit2/converter/wire/WireConverterFactory.java: Recompile with -Xlint:unchecked for details.
[INFO] 
[INFO] --- maven-resources-plugin:2.6:testResources (default-testResources) @ converter-wire ---
[INFO] Using 'UTF-8' encoding to copy filtered resources.
[INFO] skip non existing resourceDirectory /home/travis/build/square/retrofit/retrofit-converters/wire/src/test/resources
[INFO] 
[INFO] --- maven-compiler-plugin:3.0:testCompile (default-testCompile) @ converter-wire ---
[INFO] Changes detected - recompiling the module!
[INFO] Compiling 2 source files to /home/travis/build/square/retrofit/retrofit-converters/wire/target/test-classes
[INFO] 
[INFO] --- maven-surefire-plugin:2.12.4:test (default-test) @ converter-wire ---
[INFO] Surefire report directory: /home/travis/build/square/retrofit/retrofit-converters/wire/target/surefire-reports

-------------------------------------------------------
 T E S T S
-------------------------------------------------------
Running retrofit2.converter.wire.WireConverterFactoryTest
Feb 15, 2016 9:45:47 PM okhttp3.mockwebserver.MockWebServer$3 execute
INFO: MockWebServer[38608] starting to accept connections
Feb 15, 2016 9:45:47 PM okhttp3.mockwebserver.MockWebServer$4 processOneRequest
INFO: MockWebServer[38608] received request: POST / HTTP/1.1 and responded: HTTP/1.1 200 OK
Feb 15, 2016 9:45:48 PM okhttp3.mockwebserver.MockWebServer$3 acceptConnections
INFO: MockWebServer[38608] done accepting connections: Socket closed
Feb 15, 2016 9:45:48 PM okhttp3.mockwebserver.MockWebServer$3 execute
INFO: MockWebServer[39372] starting to accept connections
Feb 15, 2016 9:45:48 PM okhttp3.mockwebserver.MockWebServer$3 acceptConnections
INFO: MockWebServer[39372] done accepting connections: Socket closed
Feb 15, 2016 9:45:48 PM okhttp3.mockwebserver.MockWebServer$3 execute
INFO: MockWebServer[39028] starting to accept connections
Feb 15, 2016 9:45:48 PM okhttp3.mockwebserver.MockWebServer$3 acceptConnections
INFO: MockWebServer[39028] done accepting connections: Socket closed
Feb 15, 2016 9:45:48 PM okhttp3.mockwebserver.MockWebServer$4 processOneRequest
INFO: MockWebServer[39028] received request: GET / HTTP/1.1 and responded: HTTP/1.1 200 OK
Feb 15, 2016 9:45:48 PM okhttp3.mockwebserver.MockWebServer$3 execute
INFO: MockWebServer[44478] starting to accept connections
Feb 15, 2016 9:45:48 PM okhttp3.mockwebserver.MockWebServer$3 acceptConnections
INFO: MockWebServer[44478] done accepting connections: Socket is closed
Feb 15, 2016 9:45:48 PM okhttp3.mockwebserver.MockWebServer$3 execute
INFO: MockWebServer[58301] starting to accept connections
Feb 15, 2016 9:45:48 PM okhttp3.mockwebserver.MockWebServer$4 processOneRequest
INFO: MockWebServer[58301] received request: GET / HTTP/1.1 and responded: HTTP/1.1 200 OK
Feb 15, 2016 9:45:48 PM okhttp3.mockwebserver.MockWebServer$3 acceptConnections
INFO: MockWebServer[58301] done accepting connections: Socket closed
Tests run: 5, Failures: 0, Errors: 0, Skipped: 0, Time elapsed: 0.684 sec

Results :

Tests run: 5, Failures: 0, Errors: 0, Skipped: 0

[INFO] 
[INFO] --- animal-sniffer-maven-plugin:1.14:check (default) @ converter-wire ---
[INFO] Checking unresolved references to org.codehaus.mojo.signature:java16:1.1
[INFO]                                                                         
[INFO] ------------------------------------------------------------------------
[INFO] Building Converter: SimpleXML 2.0.0-SNAPSHOT
[INFO] ------------------------------------------------------------------------
[INFO] 
[INFO] --- maven-enforcer-plugin:1.0:enforce (enforce-maven) @ converter-simplexml ---
[INFO] 
[INFO] --- maven-resources-plugin:2.6:resources (default-resources) @ converter-simplexml ---
[INFO] Using 'UTF-8' encoding to copy filtered resources.
[INFO] skip non existing resourceDirectory /home/travis/build/square/retrofit/retrofit-converters/simplexml/src/main/resources
[INFO] 
[INFO] --- maven-compiler-plugin:3.0:compile (default-compile) @ converter-simplexml ---
[INFO] Changes detected - recompiling the module!
[INFO] Compiling 3 source files to /home/travis/build/square/retrofit/retrofit-converters/simplexml/target/classes
[INFO] 
[INFO] --- maven-resources-plugin:2.6:testResources (default-testResources) @ converter-simplexml ---
[INFO] Using 'UTF-8' encoding to copy filtered resources.
[INFO] skip non existing resourceDirectory /home/travis/build/square/retrofit/retrofit-converters/simplexml/src/test/resources
[INFO] 
[INFO] --- maven-compiler-plugin:3.0:testCompile (default-testCompile) @ converter-simplexml ---
[INFO] Changes detected - recompiling the module!
[INFO] Compiling 2 source files to /home/travis/build/square/retrofit/retrofit-converters/simplexml/target/test-classes
[INFO] 
[INFO] --- maven-surefire-plugin:2.12.4:test (default-test) @ converter-simplexml ---
[INFO] Surefire report directory: /home/travis/build/square/retrofit/retrofit-converters/simplexml/target/surefire-reports

-------------------------------------------------------
 T E S T S
-------------------------------------------------------
Running retrofit2.converter.simplexml.SimpleXmlConverterFactoryTest
Feb 15, 2016 9:45:49 PM okhttp3.mockwebserver.MockWebServer$3 execute
INFO: MockWebServer[47035] starting to accept connections
Feb 15, 2016 9:45:49 PM okhttp3.mockwebserver.MockWebServer$4 processOneRequest
INFO: MockWebServer[47035] received request: GET / HTTP/1.1 and responded: HTTP/1.1 200 OK
Feb 15, 2016 9:45:49 PM okhttp3.mockwebserver.MockWebServer$3 acceptConnections
INFO: MockWebServer[47035] done accepting connections: Socket closed
Feb 15, 2016 9:45:49 PM okhttp3.mockwebserver.MockWebServer$3 execute
INFO: MockWebServer[40543] starting to accept connections
Feb 15, 2016 9:45:49 PM okhttp3.mockwebserver.MockWebServer$4 processOneRequest
INFO: MockWebServer[40543] received request: GET / HTTP/1.1 and responded: HTTP/1.1 200 OK
Feb 15, 2016 9:45:49 PM okhttp3.mockwebserver.MockWebServer$3 acceptConnections
INFO: MockWebServer[40543] done accepting connections: Socket closed
Feb 15, 2016 9:45:49 PM okhttp3.mockwebserver.MockWebServer$3 execute
INFO: MockWebServer[48094] starting to accept connections
Feb 15, 2016 9:45:50 PM okhttp3.mockwebserver.MockWebServer$4 processOneRequest
INFO: MockWebServer[48094] received request: POST / HTTP/1.1 and responded: HTTP/1.1 200 OK
Feb 15, 2016 9:45:50 PM okhttp3.mockwebserver.MockWebServer$3 acceptConnections
INFO: MockWebServer[48094] done accepting connections: Socket closed
Tests run: 3, Failures: 0, Errors: 0, Skipped: 0, Time elapsed: 1.219 sec

Results :

Tests run: 3, Failures: 0, Errors: 0, Skipped: 0

[INFO] 
[INFO] --- animal-sniffer-maven-plugin:1.14:check (default) @ converter-simplexml ---
[INFO] Checking unresolved references to org.codehaus.mojo.signature:java16:1.1
[INFO]                                                                         
[INFO] ------------------------------------------------------------------------
[INFO] Building Converter: Java Scalars 2.0.0-SNAPSHOT
[INFO] ------------------------------------------------------------------------
[INFO] 
[INFO] --- maven-enforcer-plugin:1.0:enforce (enforce-maven) @ converter-scalars ---
[INFO] 
[INFO] --- maven-resources-plugin:2.6:resources (default-resources) @ converter-scalars ---
[INFO] Using 'UTF-8' encoding to copy filtered resources.
[INFO] skip non existing resourceDirectory /home/travis/build/square/retrofit/retrofit-converters/scalars/src/main/resources
[INFO] 
[INFO] --- maven-compiler-plugin:3.0:compile (default-compile) @ converter-scalars ---
[INFO] Changes detected - recompiling the module!
[INFO] Compiling 3 source files to /home/travis/build/square/retrofit/retrofit-converters/scalars/target/classes
[INFO] 
[INFO] --- maven-resources-plugin:2.6:testResources (default-testResources) @ converter-scalars ---
[INFO] Using 'UTF-8' encoding to copy filtered resources.
[INFO] skip non existing resourceDirectory /home/travis/build/square/retrofit/retrofit-converters/scalars/src/test/resources
[INFO] 
[INFO] --- maven-compiler-plugin:3.0:testCompile (default-testCompile) @ converter-scalars ---
[INFO] Changes detected - recompiling the module!
[INFO] Compiling 1 source file to /home/travis/build/square/retrofit/retrofit-converters/scalars/target/test-classes
[INFO] 
[INFO] --- maven-surefire-plugin:2.12.4:test (default-test) @ converter-scalars ---
[INFO] Surefire report directory: /home/travis/build/square/retrofit/retrofit-converters/scalars/target/surefire-reports

-------------------------------------------------------
 T E S T S
-------------------------------------------------------
Running retrofit2.converter.scalars.ScalarsConverterFactoryTest
Feb 15, 2016 9:45:51 PM okhttp3.mockwebserver.MockWebServer$3 execute
INFO: MockWebServer[51857] starting to accept connections
Feb 15, 2016 9:45:52 PM okhttp3.mockwebserver.MockWebServer$3 acceptConnections
INFO: MockWebServer[51857] done accepting connections: Socket closed
Feb 15, 2016 9:45:52 PM okhttp3.mockwebserver.MockWebServer$3 execute
INFO: MockWebServer[46087] starting to accept connections
Feb 15, 2016 9:45:52 PM okhttp3.mockwebserver.MockWebServer$4 processOneRequest
INFO: MockWebServer[46087] received request: GET / HTTP/1.1 and responded: HTTP/1.1 200 OK
Feb 15, 2016 9:45:52 PM okhttp3.mockwebserver.MockWebServer$4 processOneRequest
INFO: MockWebServer[46087] received request: GET / HTTP/1.1 and responded: HTTP/1.1 200 OK
Feb 15, 2016 9:45:52 PM okhttp3.mockwebserver.MockWebServer$4 processOneRequest
INFO: MockWebServer[46087] received request: GET / HTTP/1.1 and responded: HTTP/1.1 200 OK
Feb 15, 2016 9:45:52 PM okhttp3.mockwebserver.MockWebServer$4 processOneRequest
INFO: MockWebServer[46087] received request: GET / HTTP/1.1 and responded: HTTP/1.1 200 OK
Feb 15, 2016 9:45:52 PM okhttp3.mockwebserver.MockWebServer$4 processOneRequest
INFO: MockWebServer[46087] received request: GET / HTTP/1.1 and responded: HTTP/1.1 200 OK
Feb 15, 2016 9:45:52 PM okhttp3.mockwebserver.MockWebServer$4 processOneRequest
INFO: MockWebServer[46087] received request: GET / HTTP/1.1 and responded: HTTP/1.1 200 OK
Feb 15, 2016 9:45:52 PM okhttp3.mockwebserver.MockWebServer$4 processOneRequest
INFO: MockWebServer[46087] received request: GET / HTTP/1.1 and responded: HTTP/1.1 200 OK
Feb 15, 2016 9:45:52 PM okhttp3.mockwebserver.MockWebServer$4 processOneRequest
INFO: MockWebServer[46087] received request: GET / HTTP/1.1 and responded: HTTP/1.1 200 OK
Feb 15, 2016 9:45:52 PM okhttp3.mockwebserver.MockWebServer$4 processOneRequest
INFO: MockWebServer[46087] received request: GET / HTTP/1.1 and responded: HTTP/1.1 200 OK
Feb 15, 2016 9:45:52 PM okhttp3.mockwebserver.MockWebServer$4 processOneRequest
INFO: MockWebServer[46087] received request: GET / HTTP/1.1 and responded: HTTP/1.1 200 OK
Feb 15, 2016 9:45:52 PM okhttp3.mockwebserver.MockWebServer$4 processOneRequest
INFO: MockWebServer[46087] received request: GET / HTTP/1.1 and responded: HTTP/1.1 200 OK
Feb 15, 2016 9:45:52 PM okhttp3.mockwebserver.MockWebServer$3 acceptConnections
INFO: MockWebServer[46087] done accepting connections: Socket closed
Feb 15, 2016 9:45:52 PM okhttp3.mockwebserver.MockWebServer$3 execute
INFO: MockWebServer[47668] starting to accept connections
Feb 15, 2016 9:45:52 PM okhttp3.mockwebserver.MockWebServer$4 processOneRequest
INFO: MockWebServer[47668] received request: POST / HTTP/1.1 and responded: HTTP/1.1 200 OK
Feb 15, 2016 9:45:52 PM okhttp3.mockwebserver.MockWebServer$4 processOneRequest
INFO: MockWebServer[47668] received request: POST / HTTP/1.1 and responded: HTTP/1.1 200 OK
Feb 15, 2016 9:45:52 PM okhttp3.mockwebserver.MockWebServer$4 processOneRequest
INFO: MockWebServer[47668] received request: POST / HTTP/1.1 and responded: HTTP/1.1 200 OK
Feb 15, 2016 9:45:52 PM okhttp3.mockwebserver.MockWebServer$4 processOneRequest
INFO: MockWebServer[47668] received request: POST / HTTP/1.1 and responded: HTTP/1.1 200 OK
Feb 15, 2016 9:45:52 PM okhttp3.mockwebserver.MockWebServer$4 processOneRequest
INFO: MockWebServer[47668] received request: POST / HTTP/1.1 and responded: HTTP/1.1 200 OK
Feb 15, 2016 9:45:52 PM okhttp3.mockwebserver.MockWebServer$4 processOneRequest
INFO: MockWebServer[47668] received request: POST / HTTP/1.1 and responded: HTTP/1.1 200 OK
Feb 15, 2016 9:45:52 PM okhttp3.mockwebserver.MockWebServer$4 processOneRequest
INFO: MockWebServer[47668] received request: POST / HTTP/1.1 and responded: HTTP/1.1 200 OK
Feb 15, 2016 9:45:52 PM okhttp3.mockwebserver.MockWebServer$4 processOneRequest
INFO: MockWebServer[47668] received request: POST / HTTP/1.1 and responded: HTTP/1.1 200 OK
Feb 15, 2016 9:45:52 PM okhttp3.mockwebserver.MockWebServer$4 processOneRequest
INFO: MockWebServer[47668] received request: POST / HTTP/1.1 and responded: HTTP/1.1 200 OK
Feb 15, 2016 9:45:52 PM okhttp3.mockwebserver.MockWebServer$4 processOneRequest
INFO: MockWebServer[47668] received request: POST / HTTP/1.1 and responded: HTTP/1.1 200 OK
Feb 15, 2016 9:45:52 PM okhttp3.mockwebserver.MockWebServer$4 processOneRequest
INFO: MockWebServer[47668] received request: POST / HTTP/1.1 and responded: HTTP/1.1 200 OK
Feb 15, 2016 9:45:52 PM okhttp3.mockwebserver.MockWebServer$4 processOneRequest
INFO: MockWebServer[47668] received request: POST / HTTP/1.1 and responded: HTTP/1.1 200 OK
Feb 15, 2016 9:45:52 PM okhttp3.mockwebserver.MockWebServer$4 processOneRequest
INFO: MockWebServer[47668] received request: POST / HTTP/1.1 and responded: HTTP/1.1 200 OK
Feb 15, 2016 9:45:52 PM okhttp3.mockwebserver.MockWebServer$4 processOneRequest
INFO: MockWebServer[47668] received request: POST / HTTP/1.1 and responded: HTTP/1.1 200 OK
Feb 15, 2016 9:45:52 PM okhttp3.mockwebserver.MockWebServer$4 processOneRequest
INFO: MockWebServer[47668] received request: POST / HTTP/1.1 and responded: HTTP/1.1 200 OK
Feb 15, 2016 9:45:52 PM okhttp3.mockwebserver.MockWebServer$4 processOneRequest
INFO: MockWebServer[47668] received request: POST / HTTP/1.1 and responded: HTTP/1.1 200 OK
Feb 15, 2016 9:45:52 PM okhttp3.mockwebserver.MockWebServer$4 processOneRequest
INFO: MockWebServer[47668] received request: POST / HTTP/1.1 and responded: HTTP/1.1 200 OK
Feb 15, 2016 9:45:52 PM okhttp3.mockwebserver.MockWebServer$3 acceptConnections
INFO: MockWebServer[47668] done accepting connections: Socket closed
Feb 15, 2016 9:45:52 PM okhttp3.mockwebserver.MockWebServer$3 execute
INFO: MockWebServer[53158] starting to accept connections
Feb 15, 2016 9:45:52 PM okhttp3.mockwebserver.MockWebServer$3 acceptConnections
INFO: MockWebServer[53158] done accepting connections: Socket is closed
Tests run: 4, Failures: 0, Errors: 0, Skipped: 0, Time elapsed: 1.486 sec

Results :

Tests run: 4, Failures: 0, Errors: 0, Skipped: 0

[INFO] 
[INFO] --- animal-sniffer-maven-plugin:1.14:check (default) @ converter-scalars ---
[INFO] Checking unresolved references to org.codehaus.mojo.signature:java16:1.1
[INFO]                                                                         
[INFO] ------------------------------------------------------------------------
[INFO] Building Converter: Moshi 2.0.0-SNAPSHOT
[INFO] ------------------------------------------------------------------------
[INFO] 
[INFO] --- maven-enforcer-plugin:1.0:enforce (enforce-maven) @ converter-moshi ---
[INFO] 
[INFO] --- maven-resources-plugin:2.6:resources (default-resources) @ converter-moshi ---
[INFO] Using 'UTF-8' encoding to copy filtered resources.
[INFO] skip non existing resourceDirectory /home/travis/build/square/retrofit/retrofit-converters/moshi/src/main/resources
[INFO] 
[INFO] --- maven-compiler-plugin:3.0:compile (default-compile) @ converter-moshi ---
[INFO] Changes detected - recompiling the module!
[INFO] Compiling 3 source files to /home/travis/build/square/retrofit/retrofit-converters/moshi/target/classes
[INFO] 
[INFO] --- maven-resources-plugin:2.6:testResources (default-testResources) @ converter-moshi ---
[INFO] Using 'UTF-8' encoding to copy filtered resources.
[INFO] skip non existing resourceDirectory /home/travis/build/square/retrofit/retrofit-converters/moshi/src/test/resources
[INFO] 
[INFO] --- maven-compiler-plugin:3.0:testCompile (default-testCompile) @ converter-moshi ---
[INFO] Changes detected - recompiling the module!
[INFO] Compiling 1 source file to /home/travis/build/square/retrofit/retrofit-converters/moshi/target/test-classes
[INFO] 
[INFO] --- maven-surefire-plugin:2.12.4:test (default-test) @ converter-moshi ---
[INFO] Surefire report directory: /home/travis/build/square/retrofit/retrofit-converters/moshi/target/surefire-reports

-------------------------------------------------------
 T E S T S
-------------------------------------------------------
Running retrofit2.converter.moshi.MoshiConverterFactoryTest
Feb 15, 2016 9:45:54 PM okhttp3.mockwebserver.MockWebServer$3 execute
INFO: MockWebServer[56356] starting to accept connections
Feb 15, 2016 9:45:54 PM okhttp3.mockwebserver.MockWebServer$4 processOneRequest
INFO: MockWebServer[56356] received request: POST / HTTP/1.1 and responded: HTTP/1.1 200 OK
Feb 15, 2016 9:45:54 PM okhttp3.mockwebserver.MockWebServer$3 acceptConnections
INFO: MockWebServer[56356] done accepting connections: Socket closed
Feb 15, 2016 9:45:54 PM okhttp3.mockwebserver.MockWebServer$3 execute
INFO: MockWebServer[50720] starting to accept connections
Feb 15, 2016 9:45:55 PM okhttp3.mockwebserver.MockWebServer$4 processOneRequest
INFO: MockWebServer[50720] received request: POST / HTTP/1.1 and responded: HTTP/1.1 200 OK
Feb 15, 2016 9:45:55 PM okhttp3.mockwebserver.MockWebServer$3 acceptConnections
INFO: MockWebServer[50720] done accepting connections: Socket closed
Tests run: 2, Failures: 0, Errors: 0, Skipped: 0, Time elapsed: 1.031 sec

Results :

Tests run: 2, Failures: 0, Errors: 0, Skipped: 0

[INFO] 
[INFO] --- animal-sniffer-maven-plugin:1.14:check (default) @ converter-moshi ---
[INFO] Checking unresolved references to org.codehaus.mojo.signature:java16:1.1
[INFO]                                                                         
[INFO] ------------------------------------------------------------------------
[INFO] Building Retrofit Mock Adapter 2.0.0-SNAPSHOT
[INFO] ------------------------------------------------------------------------
[INFO] 
[INFO] --- maven-enforcer-plugin:1.0:enforce (enforce-maven) @ retrofit-mock ---
[INFO] 
[INFO] --- maven-resources-plugin:2.6:resources (default-resources) @ retrofit-mock ---
[INFO] Using 'UTF-8' encoding to copy filtered resources.
[INFO] skip non existing resourceDirectory /home/travis/build/square/retrofit/retrofit-mock/src/main/resources
[INFO] 
[INFO] --- maven-compiler-plugin:3.0:compile (default-compile) @ retrofit-mock ---
[INFO] Changes detected - recompiling the module!
[INFO] Compiling 5 source files to /home/travis/build/square/retrofit/retrofit-mock/target/classes
[INFO] 
[INFO] --- maven-resources-plugin:2.6:testResources (default-testResources) @ retrofit-mock ---
[INFO] Using 'UTF-8' encoding to copy filtered resources.
[INFO] skip non existing resourceDirectory /home/travis/build/square/retrofit/retrofit-mock/src/test/resources
[INFO] 
[INFO] --- maven-compiler-plugin:3.0:testCompile (default-testCompile) @ retrofit-mock ---
[INFO] Changes detected - recompiling the module!
[INFO] Compiling 3 source files to /home/travis/build/square/retrofit/retrofit-mock/target/test-classes
[INFO] 
[INFO] --- maven-surefire-plugin:2.12.4:test (default-test) @ retrofit-mock ---
[INFO] Surefire report directory: /home/travis/build/square/retrofit/retrofit-mock/target/surefire-reports

-------------------------------------------------------
 T E S T S
-------------------------------------------------------
Running retrofit2.mock.BehaviorDelegateTest
Tests run: 10, Failures: 0, Errors: 0, Skipped: 0, Time elapsed: 1.724 sec
Running retrofit2.mock.MockRetrofitTest
Tests run: 8, Failures: 0, Errors: 0, Skipped: 0, Time elapsed: 0.093 sec
Running retrofit2.mock.NetworkBehaviorTest
Tests run: 5, Failures: 0, Errors: 0, Skipped: 0, Time elapsed: 0.076 sec

Results :

Tests run: 23, Failures: 0, Errors: 0, Skipped: 0

[INFO] 
[INFO] --- animal-sniffer-maven-plugin:1.14:check (default) @ retrofit-mock ---
[INFO] Checking unresolved references to org.codehaus.mojo.signature:java16:1.1
[INFO]                                                                         
[INFO] ------------------------------------------------------------------------
[INFO] Building Samples 2.0.0-SNAPSHOT
[INFO] ------------------------------------------------------------------------
[INFO] 
[INFO] --- maven-enforcer-plugin:1.0:enforce (enforce-maven) @ samples ---
[INFO] 
[INFO] --- maven-resources-plugin:2.6:resources (default-resources) @ samples ---
[INFO] Using 'UTF-8' encoding to copy filtered resources.
[INFO] skip non existing resourceDirectory /home/travis/build/square/retrofit/samples/src/main/resources
[INFO] 
[INFO] --- maven-compiler-plugin:3.0:compile (default-compile) @ samples ---
[INFO] Changes detected - recompiling the module!
[INFO] Compiling 7 source files to /home/travis/build/square/retrofit/samples/target/classes
[INFO] 
[INFO] --- maven-resources-plugin:2.6:testResources (default-testResources) @ samples ---
[INFO] Using 'UTF-8' encoding to copy filtered resources.
[INFO] skip non existing resourceDirectory /home/travis/build/square/retrofit/samples/src/test/resources
[INFO] 
[INFO] --- maven-compiler-plugin:3.0:testCompile (default-testCompile) @ samples ---
[INFO] No sources to compile
[INFO] 
[INFO] --- maven-surefire-plugin:2.12.4:test (default-test) @ samples ---
[INFO] No tests to run.
[INFO] 
[INFO] --- animal-sniffer-maven-plugin:1.14:check (default) @ samples ---
[INFO] Checking unresolved references to org.codehaus.mojo.signature:java16:1.1
[INFO] ------------------------------------------------------------------------
[INFO] Reactor Summary:
[INFO] 
[INFO] Retrofit (Parent) .................................. SUCCESS [  2.026 s]
[INFO] Retrofit ........................................... SUCCESS [ 21.486 s]
[INFO] Adapters ........................................... SUCCESS [  0.389 s]
[INFO] Adapter: Guava ..................................... SUCCESS [  2.044 s]
[INFO] Adapter: Java 8 .................................... SUCCESS [  1.916 s]
[INFO] Adapter: RxJava .................................... SUCCESS [  3.084 s]
[INFO] Converters ......................................... SUCCESS [  0.157 s]
[INFO] Converter: Gson .................................... SUCCESS [  1.489 s]
[INFO] Converter: Protocol Buffers ........................ SUCCESS [  1.661 s]
[INFO] Converter: Jackson ................................. SUCCESS [  2.172 s]
[INFO] Converter: Wire Protocol Buffers ................... SUCCESS [  1.272 s]
[INFO] Converter: SimpleXML ............................... SUCCESS [  2.376 s]
[INFO] Converter: Java Scalars ............................ SUCCESS [  2.507 s]
[INFO] Converter: Moshi ................................... SUCCESS [  2.204 s]
[INFO] Retrofit Mock Adapter .............................. SUCCESS [  3.232 s]
[INFO] Samples ............................................ SUCCESS [  1.399 s]
[INFO] ------------------------------------------------------------------------
[INFO] BUILD SUCCESS
[INFO] ------------------------------------------------------------------------
[INFO] Total time: 49.925 s
[INFO] Finished at: 2016-02-15T21:45:59+00:00
[INFO] Final Memory: 31M/309M
[INFO] ------------------------------------------------------------------------

travis_time:end:1aebba0d:start=1455572708293397496,finish=1455572767322181932,duration=59028784436[0K
[32;1mThe command "mvn test -B" exited with 0.[0m
travis_fold:start:cache.2[0Kstore build cache
travis_time:start:0332f368[0K
travis_time:end:0332f368:start=1455572767326701504,finish=1455572767329999663,duration=3298159[0Ktravis_time:start:12e28444[0K[32;1mchange detected:
/home/travis/.m2/repository/com/google/code/gson/gson/2.6.1/gson-2.6.1.jar
/home/travis/.m2/repository/com/google/code/gson/gson/2.6.1/gson-2.6.1.jar.sha1
/home/travis/.m2/repository/com/google/code/gson/gson/2.6.1/gson-2.6.1.pom
/home/travis/.m2/repository/com/google/code/gson/gson/2.6.1/gson-2.6.1.pom.sha1
/home/travis/.m2/repository/com/google/code/gson/gson/2.6.1/_remote.repositories
/home/travis/.m2/repository/com/google/code/gson/gson-parent/2.6.1/gson-parent-2.6.1.pom
/home/travis/.m2/repository/com/google/code/gson/gson-parent/2.6.1/gson-parent-2.6.1.pom.sha1
/home/travis/.m2/repository/com/google/code/gson/gson-parent/2.6.1/_remote.repositories
/home/travis/.m2/repository/com/squareup/retrofit2/adapter-guava/2.0.0-SNAPSHOT/adapter-guava-2.0.0-SNAPSHOT.jar
/home/travis/.m2/repository/com/squareup/retrofit2/adapter-guava/2.0.0-SNAPSHOT/maven-metadata-local.xml
/home/travis/.m2/repository/com/squareup/retrofit2/adapter-guava/2.0.0-SNAPSHOT/_remote.repositories
/home/travis/.m2/rep
[0m
[32;1m...
[0m
[32;1mchanges detected, packing new archive[0m
.
[32;1muploading archive[0m

travis_time:end:12e28444:start=1455572767333577195,finish=1455572777457862071,duration=10124284876[0Ktravis_fold:end:cache.2[0Ktravis_fold:start:after_success[0Ktravis_time:start:15b7d2a6[0K$ .buildscript/deploy_snapshot.sh
Skipping snapshot deployment: wrong branch. Expected 'master' but was 'jw/gson-lenient-reading'.

travis_time:end:15b7d2a6:start=1455572777462030252,finish=1455572777466755037,duration=4724785[0Ktravis_fold:end:after_success[0K
Done. Your build exited with 0.
