Using worker: worker-linux-docker-dd846e59.prod.travis-ci.org:travis-linux-9

travis_fold:start:system_info[0K[33;1mBuild system information[0m
Build language: java
Build group: stable
Build dist: precise
[34m[1mBuild image provisioning date and time[0m
Thu Feb  5 15:09:33 UTC 2015
[34m[1mOperating System Details[0m
Distributor ID:	Ubuntu
Description:	Ubuntu 12.04.5 LTS
Release:	12.04
Codename:	precise
[34m[1mLinux Version[0m
3.13.0-29-generic
[34m[1mCookbooks Version[0m
a68419e https://github.com/travis-ci/travis-cookbooks/tree/a68419e
[34m[1mGCC version[0m
gcc (Ubuntu/Linaro 4.6.3-1ubuntu5) 4.6.3
Copyright (C) 2011 Free Software Foundation, Inc.
This is free software; see the source for copying conditions.  There is NO
warranty; not even for MERCHANTABILITY or FITNESS FOR A PARTICULAR PURPOSE.

[34m[1mLLVM version[0m
clang version 3.4 (tags/RELEASE_34/final)
Target: x86_64-unknown-linux-gnu
Thread model: posix
[34m[1mPre-installed Ruby versions[0m
ruby-1.9.3-p551
[34m[1mPre-installed Node.js versions[0m
v0.10.36
[34m[1mPre-installed Go versions[0m
1.4.1
[34m[1mRedis version[0m
redis-server 2.8.19
[34m[1mriak version[0m
2.0.2
[34m[1mMongoDB version[0m
MongoDB 2.4.12
[34m[1mCouchDB version[0m
couchdb 1.6.1
[34m[1mNeo4j version[0m
1.9.4
[34m[1mRabbitMQ Version[0m
3.4.3
[34m[1mElasticSearch version[0m
1.4.0
[34m[1mInstalled Sphinx versions[0m
2.0.10
2.1.9
2.2.6
[34m[1mDefault Sphinx version[0m
2.2.6
[34m[1mInstalled Firefox version[0m
firefox 31.0esr
[34m[1mPhantomJS version[0m
1.9.8
[34m[1mant -version[0m
Apache Ant(TM) version 1.8.2 compiled on December 3 2011
[34m[1mmvn -version[0m
Apache Maven 3.2.5 (12a6b3acb947671f09b81f49094c53f426d8cea1; 2014-12-14T17:29:23+00:00)
Maven home: /usr/local/maven
Java version: 1.7.0_76, vendor: Oracle Corporation
Java home: /usr/lib/jvm/java-7-oracle/jre
Default locale: en_US, platform encoding: ANSI_X3.4-1968
OS name: "linux", version: "3.13.0-29-generic", arch: "amd64", family: "unix"
travis_fold:end:system_info[0K
travis_fold:start:fix.CVE-2015-7547[0K$ export DEBIAN_FRONTEND=noninteractive
W: Size of file /var/lib/apt/lists/us.archive.ubuntu.com_ubuntu_dists_precise-backports_multiverse_source_Sources.gz is not what the server reported 5886 5888
W: Size of file /var/lib/apt/lists/ppa.launchpad.net_ubuntugis_ppa_ubuntu_dists_precise_main_binary-amd64_Packages.gz is not what the server reported 36669 36677
W: Size of file /var/lib/apt/lists/ppa.launchpad.net_ubuntugis_ppa_ubuntu_dists_precise_main_binary-i386_Packages.gz is not what the server reported 36729 36733
Reading package lists...
Building dependency tree...
Reading state information...
The following extra packages will be installed:
  libc-bin libc-dev-bin libc6-dev
Suggested packages:
  glibc-doc
The following packages will be upgraded:
  libc-bin libc-dev-bin libc6 libc6-dev
4 upgraded, 0 newly installed, 0 to remove and 221 not upgraded.
Need to get 8,844 kB of archives.
After this operation, 9,216 B disk space will be freed.
Get:1 http://us.archive.ubuntu.com/ubuntu/ precise-updates/main libc6-dev amd64 2.15-0ubuntu10.13 [2,943 kB]
Get:2 http://us.archive.ubuntu.com/ubuntu/ precise-updates/main libc-dev-bin amd64 2.15-0ubuntu10.13 [84.7 kB]
Get:3 http://us.archive.ubuntu.com/ubuntu/ precise-updates/main libc-bin amd64 2.15-0ubuntu10.13 [1,179 kB]
Get:4 http://us.archive.ubuntu.com/ubuntu/ precise-updates/main libc6 amd64 2.15-0ubuntu10.13 [4,637 kB]
Fetched 8,844 kB in 0s (24.7 MB/s)
Preconfiguring packages ...
(Reading database ... (Reading database ... 5%(Reading database ... 10%(Reading database ... 15%(Reading database ... 20%(Reading database ... 25%(Reading database ... 30%(Reading database ... 35%(Reading database ... 40%(Reading database ... 45%(Reading database ... 50%(Reading database ... 55%(Reading database ... 60%(Reading database ... 65%(Reading database ... 70%(Reading database ... 75%(Reading database ... 80%(Reading database ... 85%(Reading database ... 90%(Reading database ... 95%(Reading database ... 100%(Reading database ... 72019 files and directories currently installed.)
Preparing to replace libc6-dev 2.15-0ubuntu10.10 (using .../libc6-dev_2.15-0ubuntu10.13_amd64.deb) ...
Unpacking replacement libc6-dev ...
Preparing to replace libc-dev-bin 2.15-0ubuntu10.10 (using .../libc-dev-bin_2.15-0ubuntu10.13_amd64.deb) ...
Unpacking replacement libc-dev-bin ...
Preparing to replace libc-bin 2.15-0ubuntu10.10 (using .../libc-bin_2.15-0ubuntu10.13_amd64.deb) ...
Unpacking replacement libc-bin ...
Processing triggers for man-db ...
Setting up libc-bin (2.15-0ubuntu10.13) ...
(Reading database ... (Reading database ... 5%(Reading database ... 10%(Reading database ... 15%(Reading database ... 20%(Reading database ... 25%(Reading database ... 30%(Reading database ... 35%(Reading database ... 40%(Reading database ... 45%(Reading database ... 50%(Reading database ... 55%(Reading database ... 60%(Reading database ... 65%(Reading database ... 70%(Reading database ... 75%(Reading database ... 80%(Reading database ... 85%(Reading database ... 90%(Reading database ... 95%(Reading database ... 100%(Reading database ... 72019 files and directories currently installed.)
Preparing to replace libc6 2.15-0ubuntu10.10 (using .../libc6_2.15-0ubuntu10.13_amd64.deb) ...
Unpacking replacement libc6 ...
Setting up libc6 (2.15-0ubuntu10.13) ...
Setting up libc-dev-bin (2.15-0ubuntu10.13) ...
Setting up libc6-dev (2.15-0ubuntu10.13) ...
Processing triggers for libc-bin ...
ldconfig deferred processing now taking place
travis_fold:end:fix.CVE-2015-7547[0Ktravis_fold:start:git.checkout[0Ktravis_time:start:07ee6046[0K$ git clone --depth=50 --branch=jwilson_0221_issue_template https://github.com/square/retrofit.git square/retrofit
Cloning into 'square/retrofit'...
remote: Counting objects: 1896, done.[K
remote: Compressing objects:   0% (1/840)   [Kremote: Compressing objects:   1% (9/840)   [Kremote: Compressing objects:   2% (17/840)   [Kremote: Compressing objects:   3% (26/840)   [Kremote: Compressing objects:   4% (34/840)   [Kremote: Compressing objects:   5% (42/840)   [Kremote: Compressing objects:   6% (51/840)   [Kremote: Compressing objects:   7% (59/840)   [Kremote: Compressing objects:   8% (68/840)   [Kremote: Compressing objects:   9% (76/840)   [Kremote: Compressing objects:  10% (84/840)   [Kremote: Compressing objects:  11% (93/840)   [Kremote: Compressing objects:  12% (101/840)   [Kremote: Compressing objects:  13% (110/840)   [Kremote: Compressing objects:  14% (118/840)   [Kremote: Compressing objects:  15% (126/840)   [Kremote: Compressing objects:  16% (135/840)   [Kremote: Compressing objects:  17% (143/840)   [Kremote: Compressing objects:  18% (152/840)   [Kremote: Compressing objects:  19% (160/840)   [Kremote: Compressing objects:  20% (168/840)   [Kremote: Compressing objects:  21% (177/840)   [Kremote: Compressing objects:  22% (185/840)   [Kremote: Compressing objects:  23% (194/840)   [Kremote: Compressing objects:  24% (202/840)   [Kremote: Compressing objects:  25% (210/840)   [Kremote: Compressing objects:  26% (219/840)   [Kremote: Compressing objects:  27% (227/840)   [Kremote: Compressing objects:  28% (236/840)   [Kremote: Compressing objects:  29% (244/840)   [Kremote: Compressing objects:  30% (252/840)   [Kremote: Compressing objects:  31% (261/840)   [Kremote: Compressing objects:  32% (269/840)   [Kremote: Compressing objects:  33% (278/840)   [Kremote: Compressing objects:  34% (286/840)   [Kremote: Compressing objects:  35% (294/840)   [Kremote: Compressing objects:  36% (303/840)   [Kremote: Compressing objects:  37% (311/840)   [Kremote: Compressing objects:  38% (320/840)   [Kremote: Compressing objects:  39% (328/840)   [Kremote: Compressing objects:  40% (336/840)   [Kremote: Compressing objects:  41% (345/840)   [Kremote: Compressing objects:  42% (353/840)   [Kremote: Compressing objects:  43% (362/840)   [Kremote: Compressing objects:  44% (370/840)   [Kremote: Compressing objects:  45% (378/840)   [Kremote: Compressing objects:  46% (387/840)   [Kremote: Compressing objects:  47% (395/840)   [Kremote: Compressing objects:  48% (404/840)   [Kremote: Compressing objects:  49% (412/840)   [Kremote: Compressing objects:  50% (420/840)   [Kremote: Compressing objects:  51% (429/840)   [Kremote: Compressing objects:  52% (437/840)   [Kremote: Compressing objects:  53% (446/840)   [Kremote: Compressing objects:  54% (454/840)   [Kremote: Compressing objects:  55% (462/840)   [Kremote: Compressing objects:  56% (471/840)   [Kremote: Compressing objects:  57% (479/840)   [Kremote: Compressing objects:  58% (488/840)   [Kremote: Compressing objects:  59% (496/840)   [Kremote: Compressing objects:  60% (504/840)   [Kremote: Compressing objects:  61% (513/840)   [Kremote: Compressing objects:  62% (521/840)   [Kremote: Compressing objects:  63% (530/840)   [Kremote: Compressing objects:  64% (538/840)   [Kremote: Compressing objects:  65% (546/840)   [Kremote: Compressing objects:  66% (555/840)   [Kremote: Compressing objects:  67% (563/840)   [Kremote: Compressing objects:  68% (572/840)   [Kremote: Compressing objects:  69% (580/840)   [Kremote: Compressing objects:  70% (588/840)   [Kremote: Compressing objects:  71% (597/840)   [Kremote: Compressing objects:  72% (605/840)   [Kremote: Compressing objects:  73% (614/840)   [Kremote: Compressing objects:  74% (622/840)   [Kremote: Compressing objects:  75% (630/840)   [Kremote: Compressing objects:  76% (639/840)   [Kremote: Compressing objects:  77% (647/840)   [Kremote: Compressing objects:  78% (656/840)   [Kremote: Compressing objects:  79% (664/840)   [Kremote: Compressing objects:  80% (672/840)   [Kremote: Compressing objects:  81% (681/840)   [Kremote: Compressing objects:  82% (689/840)   [Kremote: Compressing objects:  83% (698/840)   [Kremote: Compressing objects:  84% (706/840)   [Kremote: Compressing objects:  85% (714/840)   [Kremote: Compressing objects:  86% (723/840)   [Kremote: Compressing objects:  87% (731/840)   [Kremote: Compressing objects:  88% (740/840)   [Kremote: Compressing objects:  89% (748/840)   [Kremote: Compressing objects:  90% (756/840)   [Kremote: Compressing objects:  91% (765/840)   [Kremote: Compressing objects:  92% (773/840)   [Kremote: Compressing objects:  93% (782/840)   [Kremote: Compressing objects:  94% (790/840)   [Kremote: Compressing objects:  95% (798/840)   [Kremote: Compressing objects:  96% (807/840)   [Kremote: Compressing objects:  97% (815/840)   [Kremote: Compressing objects:  98% (824/840)   [Kremote: Compressing objects:  99% (832/840)   [Kremote: Compressing objects: 100% (840/840)   [Kremote: Compressing objects: 100% (840/840), done.[K
Receiving objects:   0% (1/1896)   Receiving objects:   1% (19/1896)   Receiving objects:   2% (38/1896)   Receiving objects:   3% (57/1896)   Receiving objects:   4% (76/1896)   Receiving objects:   5% (95/1896)   Receiving objects:   6% (114/1896)   Receiving objects:   7% (133/1896)   Receiving objects:   8% (152/1896)   Receiving objects:   9% (171/1896)   Receiving objects:  10% (190/1896)   Receiving objects:  11% (209/1896)   Receiving objects:  12% (228/1896)   Receiving objects:  13% (247/1896)   Receiving objects:  14% (266/1896)   Receiving objects:  15% (285/1896)   Receiving objects:  16% (304/1896)   Receiving objects:  17% (323/1896)   Receiving objects:  18% (342/1896)   Receiving objects:  19% (361/1896)   Receiving objects:  20% (380/1896)   Receiving objects:  21% (399/1896)   Receiving objects:  22% (418/1896)   Receiving objects:  23% (437/1896)   Receiving objects:  24% (456/1896)   Receiving objects:  25% (474/1896)   Receiving objects:  26% (493/1896)   Receiving objects:  27% (512/1896)   Receiving objects:  28% (531/1896)   Receiving objects:  29% (550/1896)   Receiving objects:  30% (569/1896)   Receiving objects:  31% (588/1896)   Receiving objects:  32% (607/1896)   Receiving objects:  33% (626/1896)   Receiving objects:  34% (645/1896)   Receiving objects:  35% (664/1896)   Receiving objects:  36% (683/1896)   Receiving objects:  37% (702/1896)   Receiving objects:  38% (721/1896)   Receiving objects:  39% (740/1896)   Receiving objects:  40% (759/1896)   Receiving objects:  41% (778/1896)   Receiving objects:  42% (797/1896)   Receiving objects:  43% (816/1896)   Receiving objects:  44% (835/1896)   Receiving objects:  45% (854/1896)   Receiving objects:  46% (873/1896)   Receiving objects:  47% (892/1896)   Receiving objects:  48% (911/1896)   Receiving objects:  49% (930/1896)   Receiving objects:  50% (948/1896)   Receiving objects:  51% (967/1896)   Receiving objects:  52% (986/1896)   Receiving objects:  53% (1005/1896)   Receiving objects:  54% (1024/1896)   Receiving objects:  55% (1043/1896)   Receiving objects:  56% (1062/1896)   Receiving objects:  57% (1081/1896)   Receiving objects:  58% (1100/1896)   Receiving objects:  59% (1119/1896)   Receiving objects:  60% (1138/1896)   Receiving objects:  61% (1157/1896)   Receiving objects:  62% (1176/1896)   Receiving objects:  63% (1195/1896)   Receiving objects:  64% (1214/1896)   Receiving objects:  65% (1233/1896)   Receiving objects:  66% (1252/1896)   Receiving objects:  67% (1271/1896)   Receiving objects:  68% (1290/1896)   Receiving objects:  69% (1309/1896)   Receiving objects:  70% (1328/1896)   Receiving objects:  71% (1347/1896)   Receiving objects:  72% (1366/1896)   Receiving objects:  73% (1385/1896)   Receiving objects:  74% (1404/1896)   Receiving objects:  75% (1422/1896)   Receiving objects:  76% (1441/1896)   Receiving objects:  77% (1460/1896)   Receiving objects:  78% (1479/1896)   Receiving objects:  79% (1498/1896)   Receiving objects:  80% (1517/1896)   Receiving objects:  81% (1536/1896)   Receiving objects:  82% (1555/1896)   Receiving objects:  83% (1574/1896)   Receiving objects:  84% (1593/1896)   Receiving objects:  85% (1612/1896)   Receiving objects:  86% (1631/1896)   Receiving objects:  87% (1650/1896)   Receiving objects:  88% (1669/1896)   Receiving objects:  89% (1688/1896)   Receiving objects:  90% (1707/1896)   Receiving objects:  91% (1726/1896)   Receiving objects:  92% (1745/1896)   Receiving objects:  93% (1764/1896)   Receiving objects:  94% (1783/1896)   remote: Total 1896 (delta 709), reused 1670 (delta 523), pack-reused 0[K
Receiving objects:  95% (1802/1896)   Receiving objects:  96% (1821/1896)   Receiving objects:  97% (1840/1896)   Receiving objects:  98% (1859/1896)   Receiving objects:  99% (1878/1896)   Receiving objects: 100% (1896/1896)   Receiving objects: 100% (1896/1896), 397.19 KiB | 0 bytes/s, done.
Resolving deltas:   0% (0/709)   Resolving deltas:  10% (75/709)   Resolving deltas:  11% (78/709)   Resolving deltas:  18% (128/709)   Resolving deltas:  19% (139/709)   Resolving deltas:  20% (143/709)   Resolving deltas:  21% (154/709)   Resolving deltas:  24% (171/709)   Resolving deltas:  28% (202/709)   Resolving deltas:  29% (212/709)   Resolving deltas:  30% (214/709)   Resolving deltas:  32% (227/709)   Resolving deltas:  33% (234/709)   Resolving deltas:  37% (266/709)   Resolving deltas:  39% (277/709)   Resolving deltas:  41% (295/709)   Resolving deltas:  42% (299/709)   Resolving deltas:  43% (308/709)   Resolving deltas:  44% (312/709)   Resolving deltas:  45% (321/709)   Resolving deltas:  46% (327/709)   Resolving deltas:  47% (335/709)   Resolving deltas:  48% (343/709)   Resolving deltas:  49% (354/709)   Resolving deltas:  50% (359/709)   Resolving deltas:  51% (364/709)   Resolving deltas:  52% (370/709)   Resolving deltas:  53% (376/709)   Resolving deltas:  54% (383/709)   Resolving deltas:  55% (392/709)   Resolving deltas:  56% (401/709)   Resolving deltas:  57% (405/709)   Resolving deltas:  58% (412/709)   Resolving deltas:  60% (428/709)   Resolving deltas:  62% (440/709)   Resolving deltas:  63% (448/709)   Resolving deltas:  66% (472/709)   Resolving deltas:  69% (491/709)   Resolving deltas:  70% (498/709)   Resolving deltas:  71% (504/709)   Resolving deltas:  72% (514/709)   Resolving deltas:  73% (522/709)   Resolving deltas:  74% (525/709)   Resolving deltas:  75% (537/709)   Resolving deltas:  76% (541/709)   Resolving deltas:  77% (549/709)   Resolving deltas:  78% (555/709)   Resolving deltas:  79% (562/709)   Resolving deltas:  80% (569/709)   Resolving deltas:  81% (575/709)   Resolving deltas:  84% (602/709)   Resolving deltas:  85% (603/709)   Resolving deltas:  86% (616/709)   Resolving deltas:  88% (625/709)   Resolving deltas:  89% (635/709)   Resolving deltas:  90% (641/709)   Resolving deltas:  91% (647/709)   Resolving deltas:  92% (654/709)   Resolving deltas:  93% (660/709)   Resolving deltas:  94% (667/709)   Resolving deltas:  95% (675/709)   Resolving deltas:  96% (687/709)   Resolving deltas:  97% (690/709)   Resolving deltas:  98% (695/709)   Resolving deltas:  99% (702/709)   Resolving deltas: 100% (709/709)   Resolving deltas: 100% (709/709), done.
Checking connectivity... done.

travis_time:end:07ee6046:start=1456081537667121206,finish=1456081538201850750,duration=534729544[0K$ cd square/retrofit
$ git checkout -qf 3c195a0cc0c95b82b59bf3f88f6eabed3eeb3621
travis_fold:end:git.checkout[0K
[33;1mThis job is running on container-based infrastructure, which does not allow use of 'sudo', setuid and setguid executables.[0m
[33;1mIf you require sudo, add 'sudo: required' to your .travis.yml[0m
[33;1mSee https://docs.travis-ci.com/user/workers/container-based-infrastructure/ for details.[0m

[33;1mSetting environment variables from .travis.yml[0m
$ export CI_DEPLOY_USERNAME=[secure]
$ export CI_DEPLOY_PASSWORD=[secure]

travis_fold:start:cache.1[0KSetting up build cache
$ export CASHER_DIR=$HOME/.casher
travis_time:start:0641756a[0K$ Installing caching utilities

travis_time:end:0641756a:start=1456081541686703122,finish=1456081541712377152,duration=25674030[0Ktravis_time:start:0af741bc[0K
travis_time:end:0af741bc:start=1456081541717165857,finish=1456081541720287978,duration=3122121[0Ktravis_time:start:08238630[0K[32;1mattempting to download cache archive[0m
[32;1mfetching jwilson_0221_issue_template/cache--jdk-oraclejdk8.tgz[0m
[32;1mfetching jwilson_0221_issue_template/cache--jdk-oraclejdk8.tbz[0m
[32;1mfetching master/cache--jdk-oraclejdk8.tgz[0m
[32;1mfound cache[0m

travis_time:end:08238630:start=1456081541723944931,finish=1456081543712478956,duration=1988534025[0Ktravis_time:start:16636436[0K
travis_time:end:16636436:start=1456081543716499564,finish=1456081543719881825,duration=3382261[0Ktravis_time:start:1fda6061[0K[32;1madding /home/travis/.m2 to cache[0m

travis_time:end:1fda6061:start=1456081543723836097,finish=1456081546409100852,duration=2685264755[0Ktravis_fold:end:cache.1[0K$ jdk_switcher use oraclejdk8
Switching to Oracle JDK8 (java-8-oracle), JAVA_HOME will be set to /usr/lib/jvm/java-8-oracle
$ java -Xmx32m -version
java version "1.8.0_31"
Java(TM) SE Runtime Environment (build 1.8.0_31-b13)
Java HotSpot(TM) 64-Bit Server VM (build 25.31-b07, mixed mode)
$ javac -J-Xmx32m -version
javac 1.8.0_31
travis_fold:start:install[0Ktravis_time:start:2cdf5e2c[0K$ mvn install -DskipTests=true -Dmaven.javadoc.skip=true -B -V
Java HotSpot(TM) 64-Bit Server VM warning: ignoring option MaxPermSize=192m; support was removed in 8.0
Apache Maven 3.2.5 (12a6b3acb947671f09b81f49094c53f426d8cea1; 2014-12-14T17:29:23+00:00)
Maven home: /usr/local/maven
Java version: 1.8.0_31, vendor: Oracle Corporation
Java home: /usr/lib/jvm/java-8-oracle/jre
Default locale: en_US, platform encoding: UTF-8
OS name: "linux", version: "3.13.0-40-generic", arch: "amd64", family: "unix"
[INFO] Scanning for projects...
[WARNING] 
[WARNING] Some problems were encountered while building the effective model for com.squareup.retrofit2:samples:jar:2.0.0-SNAPSHOT
[WARNING] 'build.plugins.plugin.version' for org.apache.maven.plugins:maven-deploy-plugin is missing. @ com.squareup.retrofit2:samples:[unknown-version], /home/travis/build/square/retrofit/samples/pom.xml, line 50, column 15
[WARNING] 
[WARNING] It is highly recommended to fix these problems because they threaten the stability of your build.
[WARNING] 
[WARNING] For this reason, future Maven versions might no longer support building such malformed projects.
[WARNING] 
[INFO] ------------------------------------------------------------------------
[INFO] Reactor Build Order:
[INFO] 
[INFO] Retrofit (Parent)
[INFO] Retrofit
[INFO] Adapters
[INFO] Adapter: Guava
[INFO] Adapter: Java 8
[INFO] Adapter: RxJava
[INFO] Converters
[INFO] Converter: Gson
[INFO] Converter: Protocol Buffers
[INFO] Converter: Jackson
[INFO] Converter: Wire Protocol Buffers
[INFO] Converter: SimpleXML
[INFO] Converter: Java Scalars
[INFO] Converter: Moshi
[INFO] Retrofit Mock Adapter
[INFO] Samples
[INFO]                                                                         
[INFO] ------------------------------------------------------------------------
[INFO] Building Retrofit (Parent) 2.0.0-SNAPSHOT
[INFO] ------------------------------------------------------------------------
[INFO] 
[INFO] --- maven-enforcer-plugin:1.0:enforce (enforce-maven) @ parent ---
[INFO] 
[INFO] --- animal-sniffer-maven-plugin:1.14:check (default) @ parent ---
[INFO] Checking unresolved references to org.codehaus.mojo.signature:java16:1.1
[INFO] 
[INFO] --- maven-javadoc-plugin:2.10.3:jar (attach-javadocs) @ parent ---
[INFO] Skipping javadoc generation
[INFO] 
[INFO] --- maven-checkstyle-plugin:2.15:checkstyle (default) @ parent ---
[INFO] 
[INFO] --- maven-install-plugin:2.4:install (default-install) @ parent ---
[INFO] Installing /home/travis/build/square/retrofit/pom.xml to /home/travis/.m2/repository/com/squareup/retrofit2/parent/2.0.0-SNAPSHOT/parent-2.0.0-SNAPSHOT.pom
[INFO]                                                                         
[INFO] ------------------------------------------------------------------------
[INFO] Building Retrofit 2.0.0-SNAPSHOT
[INFO] ------------------------------------------------------------------------
[INFO] 
[INFO] --- maven-enforcer-plugin:1.0:enforce (enforce-maven) @ retrofit ---
[INFO] 
[INFO] --- maven-resources-plugin:2.6:resources (default-resources) @ retrofit ---
[INFO] Using 'UTF-8' encoding to copy filtered resources.
[INFO] skip non existing resourceDirectory /home/travis/build/square/retrofit/retrofit/src/main/resources
[INFO] 
[INFO] --- maven-compiler-plugin:3.0:compile (default-compile) @ retrofit ---
[INFO] Changes detected - recompiling the module!
[INFO] Compiling 43 source files to /home/travis/build/square/retrofit/retrofit/target/classes
[WARNING] /home/travis/build/square/retrofit/retrofit/src/main/java/retrofit2/Retrofit.java: Some input files use unchecked or unsafe operations.
[WARNING] /home/travis/build/square/retrofit/retrofit/src/main/java/retrofit2/Retrofit.java: Recompile with -Xlint:unchecked for details.
[INFO] 
[INFO] --- maven-resources-plugin:2.6:testResources (default-testResources) @ retrofit ---
[INFO] Using 'UTF-8' encoding to copy filtered resources.
[INFO] skip non existing resourceDirectory /home/travis/build/square/retrofit/retrofit/src/test/resources
[INFO] 
[INFO] --- maven-compiler-plugin:3.0:testCompile (default-testCompile) @ retrofit ---
[INFO] Changes detected - recompiling the module!
[INFO] Compiling 13 source files to /home/travis/build/square/retrofit/retrofit/target/test-classes
[WARNING] /home/travis/build/square/retrofit/retrofit/src/test/java/retrofit2/RetrofitTest.java: /home/travis/build/square/retrofit/retrofit/src/test/java/retrofit2/RetrofitTest.java uses unchecked or unsafe operations.
[WARNING] /home/travis/build/square/retrofit/retrofit/src/test/java/retrofit2/RetrofitTest.java: Recompile with -Xlint:unchecked for details.
[INFO] 
[INFO] --- maven-surefire-plugin:2.12.4:test (default-test) @ retrofit ---
[INFO] Tests are skipped.
[INFO] 
[INFO] --- animal-sniffer-maven-plugin:1.14:check (default) @ retrofit ---
[INFO] Checking unresolved references to org.codehaus.mojo.signature:java16:1.1
[INFO] 
[INFO] --- maven-jar-plugin:2.4:jar (default-jar) @ retrofit ---
[INFO] Building jar: /home/travis/build/square/retrofit/retrofit/target/retrofit-2.0.0-SNAPSHOT.jar
[INFO] 
[INFO] --- maven-javadoc-plugin:2.10.3:jar (attach-javadocs) @ retrofit ---
[INFO] Skipping javadoc generation
[INFO] 
[INFO] --- maven-checkstyle-plugin:2.15:checkstyle (default) @ retrofit ---
[INFO] Starting audit...
Audit done.
[WARNING] Unable to locate Source XRef to link to - DISABLED
[INFO] 
[INFO] --- maven-install-plugin:2.4:install (default-install) @ retrofit ---
[INFO] Installing /home/travis/build/square/retrofit/retrofit/target/retrofit-2.0.0-SNAPSHOT.jar to /home/travis/.m2/repository/com/squareup/retrofit2/retrofit/2.0.0-SNAPSHOT/retrofit-2.0.0-SNAPSHOT.jar
[INFO] Installing /home/travis/build/square/retrofit/retrofit/pom.xml to /home/travis/.m2/repository/com/squareup/retrofit2/retrofit/2.0.0-SNAPSHOT/retrofit-2.0.0-SNAPSHOT.pom
[INFO]                                                                         
[INFO] ------------------------------------------------------------------------
[INFO] Building Adapters 2.0.0-SNAPSHOT
[INFO] ------------------------------------------------------------------------
[INFO] 
[INFO] --- maven-enforcer-plugin:1.0:enforce (enforce-maven) @ retrofit-adapters ---
[INFO] 
[INFO] --- animal-sniffer-maven-plugin:1.14:check (default) @ retrofit-adapters ---
[INFO] Checking unresolved references to org.codehaus.mojo.signature:java16:1.1
[INFO] 
[INFO] --- maven-javadoc-plugin:2.10.3:jar (attach-javadocs) @ retrofit-adapters ---
[INFO] Skipping javadoc generation
[INFO] 
[INFO] --- maven-checkstyle-plugin:2.15:checkstyle (default) @ retrofit-adapters ---
[INFO] 
[INFO] --- maven-install-plugin:2.4:install (default-install) @ retrofit-adapters ---
[INFO] Installing /home/travis/build/square/retrofit/retrofit-adapters/pom.xml to /home/travis/.m2/repository/com/squareup/retrofit2/retrofit-adapters/2.0.0-SNAPSHOT/retrofit-adapters-2.0.0-SNAPSHOT.pom
[INFO]                                                                         
[INFO] ------------------------------------------------------------------------
[INFO] Building Adapter: Guava 2.0.0-SNAPSHOT
[INFO] ------------------------------------------------------------------------
[INFO] 
[INFO] --- maven-enforcer-plugin:1.0:enforce (enforce-maven) @ adapter-guava ---
[INFO] 
[INFO] --- maven-resources-plugin:2.6:resources (default-resources) @ adapter-guava ---
[INFO] Using 'UTF-8' encoding to copy filtered resources.
[INFO] skip non existing resourceDirectory /home/travis/build/square/retrofit/retrofit-adapters/guava/src/main/resources
[INFO] 
[INFO] --- maven-compiler-plugin:3.0:compile (default-compile) @ adapter-guava ---
[INFO] Changes detected - recompiling the module!
[INFO] Compiling 2 source files to /home/travis/build/square/retrofit/retrofit-adapters/guava/target/classes
[INFO] 
[INFO] --- maven-resources-plugin:2.6:testResources (default-testResources) @ adapter-guava ---
[INFO] Using 'UTF-8' encoding to copy filtered resources.
[INFO] skip non existing resourceDirectory /home/travis/build/square/retrofit/retrofit-adapters/guava/src/test/resources
[INFO] 
[INFO] --- maven-compiler-plugin:3.0:testCompile (default-testCompile) @ adapter-guava ---
[INFO] Changes detected - recompiling the module!
[INFO] Compiling 3 source files to /home/travis/build/square/retrofit/retrofit-adapters/guava/target/test-classes
[INFO] 
[INFO] --- maven-surefire-plugin:2.12.4:test (default-test) @ adapter-guava ---
[INFO] Tests are skipped.
[INFO] 
[INFO] --- animal-sniffer-maven-plugin:1.14:check (default) @ adapter-guava ---
[INFO] Checking unresolved references to org.codehaus.mojo.signature:java16:1.1
[INFO] 
[INFO] --- maven-jar-plugin:2.4:jar (default-jar) @ adapter-guava ---
[INFO] Building jar: /home/travis/build/square/retrofit/retrofit-adapters/guava/target/adapter-guava-2.0.0-SNAPSHOT.jar
[INFO] 
[INFO] --- maven-javadoc-plugin:2.10.3:jar (attach-javadocs) @ adapter-guava ---
[INFO] Skipping javadoc generation
[INFO] 
[INFO] --- maven-checkstyle-plugin:2.15:checkstyle (default) @ adapter-guava ---
[INFO] Starting audit...
Audit done.
[WARNING] Unable to locate Source XRef to link to - DISABLED
[INFO] 
[INFO] --- maven-install-plugin:2.4:install (default-install) @ adapter-guava ---
[INFO] Installing /home/travis/build/square/retrofit/retrofit-adapters/guava/target/adapter-guava-2.0.0-SNAPSHOT.jar to /home/travis/.m2/repository/com/squareup/retrofit2/adapter-guava/2.0.0-SNAPSHOT/adapter-guava-2.0.0-SNAPSHOT.jar
[INFO] Installing /home/travis/build/square/retrofit/retrofit-adapters/guava/pom.xml to /home/travis/.m2/repository/com/squareup/retrofit2/adapter-guava/2.0.0-SNAPSHOT/adapter-guava-2.0.0-SNAPSHOT.pom
[INFO]                                                                         
[INFO] ------------------------------------------------------------------------
[INFO] Building Adapter: Java 8 2.0.0-SNAPSHOT
[INFO] ------------------------------------------------------------------------
[INFO] 
[INFO] --- maven-enforcer-plugin:1.0:enforce (enforce-maven) @ adapter-java8 ---
[INFO] 
[INFO] --- maven-resources-plugin:2.6:resources (default-resources) @ adapter-java8 ---
[INFO] Using 'UTF-8' encoding to copy filtered resources.
[INFO] skip non existing resourceDirectory /home/travis/build/square/retrofit/retrofit-adapters/java8/src/main/resources
[INFO] 
[INFO] --- maven-compiler-plugin:3.0:compile (default-compile) @ adapter-java8 ---
[INFO] Changes detected - recompiling the module!
[INFO] Compiling 2 source files to /home/travis/build/square/retrofit/retrofit-adapters/java8/target/classes
[INFO] 
[INFO] --- maven-resources-plugin:2.6:testResources (default-testResources) @ adapter-java8 ---
[INFO] Using 'UTF-8' encoding to copy filtered resources.
[INFO] skip non existing resourceDirectory /home/travis/build/square/retrofit/retrofit-adapters/java8/src/test/resources
[INFO] 
[INFO] --- maven-compiler-plugin:3.0:testCompile (default-testCompile) @ adapter-java8 ---
[INFO] Changes detected - recompiling the module!
[INFO] Compiling 3 source files to /home/travis/build/square/retrofit/retrofit-adapters/java8/target/test-classes
[INFO] 
[INFO] --- maven-surefire-plugin:2.12.4:test (default-test) @ adapter-java8 ---
[INFO] Tests are skipped.
[INFO] 
[INFO] --- animal-sniffer-maven-plugin:1.14:check (default) @ adapter-java8 ---
[INFO] Checking unresolved references to org.kaazing.mojo.signature:java18:1.0
[INFO] 
[INFO] --- maven-jar-plugin:2.4:jar (default-jar) @ adapter-java8 ---
[INFO] Building jar: /home/travis/build/square/retrofit/retrofit-adapters/java8/target/adapter-java8-2.0.0-SNAPSHOT.jar
[INFO] 
[INFO] --- maven-javadoc-plugin:2.10.3:jar (attach-javadocs) @ adapter-java8 ---
[INFO] Skipping javadoc generation
[INFO] 
[INFO] --- maven-checkstyle-plugin:2.15:checkstyle (default) @ adapter-java8 ---
[INFO] Starting audit...
Audit done.
[WARNING] Unable to locate Source XRef to link to - DISABLED
[INFO] 
[INFO] --- maven-install-plugin:2.4:install (default-install) @ adapter-java8 ---
[INFO] Installing /home/travis/build/square/retrofit/retrofit-adapters/java8/target/adapter-java8-2.0.0-SNAPSHOT.jar to /home/travis/.m2/repository/com/squareup/retrofit2/adapter-java8/2.0.0-SNAPSHOT/adapter-java8-2.0.0-SNAPSHOT.jar
[INFO] Installing /home/travis/build/square/retrofit/retrofit-adapters/java8/pom.xml to /home/travis/.m2/repository/com/squareup/retrofit2/adapter-java8/2.0.0-SNAPSHOT/adapter-java8-2.0.0-SNAPSHOT.pom
[INFO]                                                                         
[INFO] ------------------------------------------------------------------------
[INFO] Building Adapter: RxJava 2.0.0-SNAPSHOT
[INFO] ------------------------------------------------------------------------
[INFO] 
[INFO] --- maven-enforcer-plugin:1.0:enforce (enforce-maven) @ adapter-rxjava ---
[INFO] 
[INFO] --- maven-resources-plugin:2.6:resources (default-resources) @ adapter-rxjava ---
[INFO] Using 'UTF-8' encoding to copy filtered resources.
[INFO] skip non existing resourceDirectory /home/travis/build/square/retrofit/retrofit-adapters/rxjava/src/main/resources
[INFO] 
[INFO] --- maven-compiler-plugin:3.0:compile (default-compile) @ adapter-rxjava ---
[INFO] Changes detected - recompiling the module!
[INFO] Compiling 4 source files to /home/travis/build/square/retrofit/retrofit-adapters/rxjava/target/classes
[INFO] 
[INFO] --- maven-resources-plugin:2.6:testResources (default-testResources) @ adapter-rxjava ---
[INFO] Using 'UTF-8' encoding to copy filtered resources.
[INFO] skip non existing resourceDirectory /home/travis/build/square/retrofit/retrofit-adapters/rxjava/src/test/resources
[INFO] 
[INFO] --- maven-compiler-plugin:3.0:testCompile (default-testCompile) @ adapter-rxjava ---
[INFO] Changes detected - recompiling the module!
[INFO] Compiling 5 source files to /home/travis/build/square/retrofit/retrofit-adapters/rxjava/target/test-classes
[INFO] 
[INFO] --- maven-surefire-plugin:2.12.4:test (default-test) @ adapter-rxjava ---
[INFO] Tests are skipped.
[INFO] 
[INFO] --- animal-sniffer-maven-plugin:1.14:check (default) @ adapter-rxjava ---
[INFO] Checking unresolved references to org.codehaus.mojo.signature:java16:1.1
[INFO] 
[INFO] --- maven-jar-plugin:2.4:jar (default-jar) @ adapter-rxjava ---
[INFO] Building jar: /home/travis/build/square/retrofit/retrofit-adapters/rxjava/target/adapter-rxjava-2.0.0-SNAPSHOT.jar
[INFO] 
[INFO] --- maven-javadoc-plugin:2.10.3:jar (attach-javadocs) @ adapter-rxjava ---
[INFO] Skipping javadoc generation
[INFO] 
[INFO] --- maven-checkstyle-plugin:2.15:checkstyle (default) @ adapter-rxjava ---
[INFO] Starting audit...
Audit done.
[WARNING] Unable to locate Source XRef to link to - DISABLED
[INFO] 
[INFO] --- maven-install-plugin:2.4:install (default-install) @ adapter-rxjava ---
[INFO] Installing /home/travis/build/square/retrofit/retrofit-adapters/rxjava/target/adapter-rxjava-2.0.0-SNAPSHOT.jar to /home/travis/.m2/repository/com/squareup/retrofit2/adapter-rxjava/2.0.0-SNAPSHOT/adapter-rxjava-2.0.0-SNAPSHOT.jar
[INFO] Installing /home/travis/build/square/retrofit/retrofit-adapters/rxjava/pom.xml to /home/travis/.m2/repository/com/squareup/retrofit2/adapter-rxjava/2.0.0-SNAPSHOT/adapter-rxjava-2.0.0-SNAPSHOT.pom
[INFO]                                                                         
[INFO] ------------------------------------------------------------------------
[INFO] Building Converters 2.0.0-SNAPSHOT
[INFO] ------------------------------------------------------------------------
[INFO] 
[INFO] --- maven-enforcer-plugin:1.0:enforce (enforce-maven) @ retrofit-converters ---
[INFO] 
[INFO] --- animal-sniffer-maven-plugin:1.14:check (default) @ retrofit-converters ---
[INFO] Checking unresolved references to org.codehaus.mojo.signature:java16:1.1
[INFO] 
[INFO] --- maven-javadoc-plugin:2.10.3:jar (attach-javadocs) @ retrofit-converters ---
[INFO] Skipping javadoc generation
[INFO] 
[INFO] --- maven-checkstyle-plugin:2.15:checkstyle (default) @ retrofit-converters ---
[INFO] 
[INFO] --- maven-install-plugin:2.4:install (default-install) @ retrofit-converters ---
[INFO] Installing /home/travis/build/square/retrofit/retrofit-converters/pom.xml to /home/travis/.m2/repository/com/squareup/retrofit2/retrofit-converters/2.0.0-SNAPSHOT/retrofit-converters-2.0.0-SNAPSHOT.pom
[INFO]                                                                         
[INFO] ------------------------------------------------------------------------
[INFO] Building Converter: Gson 2.0.0-SNAPSHOT
[INFO] ------------------------------------------------------------------------
[INFO] 
[INFO] --- maven-enforcer-plugin:1.0:enforce (enforce-maven) @ converter-gson ---
[INFO] 
[INFO] --- maven-resources-plugin:2.6:resources (default-resources) @ converter-gson ---
[INFO] Using 'UTF-8' encoding to copy filtered resources.
[INFO] skip non existing resourceDirectory /home/travis/build/square/retrofit/retrofit-converters/gson/src/main/resources
[INFO] 
[INFO] --- maven-compiler-plugin:3.0:compile (default-compile) @ converter-gson ---
[INFO] Changes detected - recompiling the module!
[INFO] Compiling 3 source files to /home/travis/build/square/retrofit/retrofit-converters/gson/target/classes
[INFO] 
[INFO] --- maven-resources-plugin:2.6:testResources (default-testResources) @ converter-gson ---
[INFO] Using 'UTF-8' encoding to copy filtered resources.
[INFO] skip non existing resourceDirectory /home/travis/build/square/retrofit/retrofit-converters/gson/src/test/resources
[INFO] 
[INFO] --- maven-compiler-plugin:3.0:testCompile (default-testCompile) @ converter-gson ---
[INFO] Changes detected - recompiling the module!
[INFO] Compiling 1 source file to /home/travis/build/square/retrofit/retrofit-converters/gson/target/test-classes
[INFO] 
[INFO] --- maven-surefire-plugin:2.12.4:test (default-test) @ converter-gson ---
[INFO] Tests are skipped.
[INFO] 
[INFO] --- animal-sniffer-maven-plugin:1.14:check (default) @ converter-gson ---
[INFO] Checking unresolved references to org.codehaus.mojo.signature:java16:1.1
[INFO] 
[INFO] --- maven-jar-plugin:2.4:jar (default-jar) @ converter-gson ---
[INFO] Building jar: /home/travis/build/square/retrofit/retrofit-converters/gson/target/converter-gson-2.0.0-SNAPSHOT.jar
[INFO] 
[INFO] --- maven-javadoc-plugin:2.10.3:jar (attach-javadocs) @ converter-gson ---
[INFO] Skipping javadoc generation
[INFO] 
[INFO] --- maven-checkstyle-plugin:2.15:checkstyle (default) @ converter-gson ---
[INFO] Starting audit...
Audit done.
[WARNING] Unable to locate Source XRef to link to - DISABLED
[INFO] 
[INFO] --- maven-install-plugin:2.4:install (default-install) @ converter-gson ---
[INFO] Installing /home/travis/build/square/retrofit/retrofit-converters/gson/target/converter-gson-2.0.0-SNAPSHOT.jar to /home/travis/.m2/repository/com/squareup/retrofit2/converter-gson/2.0.0-SNAPSHOT/converter-gson-2.0.0-SNAPSHOT.jar
[INFO] Installing /home/travis/build/square/retrofit/retrofit-converters/gson/pom.xml to /home/travis/.m2/repository/com/squareup/retrofit2/converter-gson/2.0.0-SNAPSHOT/converter-gson-2.0.0-SNAPSHOT.pom
[INFO]                                                                         
[INFO] ------------------------------------------------------------------------
[INFO] Building Converter: Protocol Buffers 2.0.0-SNAPSHOT
[INFO] ------------------------------------------------------------------------
[INFO] 
[INFO] --- maven-enforcer-plugin:1.0:enforce (enforce-maven) @ converter-protobuf ---
[INFO] 
[INFO] --- maven-resources-plugin:2.6:resources (default-resources) @ converter-protobuf ---
[INFO] Using 'UTF-8' encoding to copy filtered resources.
[INFO] skip non existing resourceDirectory /home/travis/build/square/retrofit/retrofit-converters/protobuf/src/main/resources
[INFO] 
[INFO] --- maven-compiler-plugin:3.0:compile (default-compile) @ converter-protobuf ---
[INFO] Changes detected - recompiling the module!
[INFO] Compiling 3 source files to /home/travis/build/square/retrofit/retrofit-converters/protobuf/target/classes
[WARNING] /home/travis/build/square/retrofit/retrofit-converters/protobuf/src/main/java/retrofit2/converter/protobuf/ProtoConverterFactory.java: /home/travis/build/square/retrofit/retrofit-converters/protobuf/src/main/java/retrofit2/converter/protobuf/ProtoConverterFactory.java uses unchecked or unsafe operations.
[WARNING] /home/travis/build/square/retrofit/retrofit-converters/protobuf/src/main/java/retrofit2/converter/protobuf/ProtoConverterFactory.java: Recompile with -Xlint:unchecked for details.
[INFO] 
[INFO] --- maven-resources-plugin:2.6:testResources (default-testResources) @ converter-protobuf ---
[INFO] Using 'UTF-8' encoding to copy filtered resources.
[INFO] skip non existing resourceDirectory /home/travis/build/square/retrofit/retrofit-converters/protobuf/src/test/resources
[INFO] 
[INFO] --- maven-compiler-plugin:3.0:testCompile (default-testCompile) @ converter-protobuf ---
[INFO] Changes detected - recompiling the module!
[INFO] Compiling 2 source files to /home/travis/build/square/retrofit/retrofit-converters/protobuf/target/test-classes
[INFO] 
[INFO] --- maven-surefire-plugin:2.12.4:test (default-test) @ converter-protobuf ---
[INFO] Tests are skipped.
[INFO] 
[INFO] --- animal-sniffer-maven-plugin:1.14:check (default) @ converter-protobuf ---
[INFO] Checking unresolved references to org.codehaus.mojo.signature:java16:1.1
[INFO] 
[INFO] --- maven-jar-plugin:2.4:jar (default-jar) @ converter-protobuf ---
[INFO] Building jar: /home/travis/build/square/retrofit/retrofit-converters/protobuf/target/converter-protobuf-2.0.0-SNAPSHOT.jar
[INFO] 
[INFO] --- maven-javadoc-plugin:2.10.3:jar (attach-javadocs) @ converter-protobuf ---
[INFO] Skipping javadoc generation
[INFO] 
[INFO] --- maven-checkstyle-plugin:2.15:checkstyle (default) @ converter-protobuf ---
[INFO] Starting audit...
Audit done.
[WARNING] Unable to locate Source XRef to link to - DISABLED
[INFO] 
[INFO] --- maven-install-plugin:2.4:install (default-install) @ converter-protobuf ---
[INFO] Installing /home/travis/build/square/retrofit/retrofit-converters/protobuf/target/converter-protobuf-2.0.0-SNAPSHOT.jar to /home/travis/.m2/repository/com/squareup/retrofit2/converter-protobuf/2.0.0-SNAPSHOT/converter-protobuf-2.0.0-SNAPSHOT.jar
[INFO] Installing /home/travis/build/square/retrofit/retrofit-converters/protobuf/pom.xml to /home/travis/.m2/repository/com/squareup/retrofit2/converter-protobuf/2.0.0-SNAPSHOT/converter-protobuf-2.0.0-SNAPSHOT.pom
[INFO]                                                                         
[INFO] ------------------------------------------------------------------------
[INFO] Building Converter: Jackson 2.0.0-SNAPSHOT
[INFO] ------------------------------------------------------------------------
[INFO] 
[INFO] --- maven-enforcer-plugin:1.0:enforce (enforce-maven) @ converter-jackson ---
[INFO] 
[INFO] --- maven-resources-plugin:2.6:resources (default-resources) @ converter-jackson ---
[INFO] Using 'UTF-8' encoding to copy filtered resources.
[INFO] skip non existing resourceDirectory /home/travis/build/square/retrofit/retrofit-converters/jackson/src/main/resources
[INFO] 
[INFO] --- maven-compiler-plugin:3.0:compile (default-compile) @ converter-jackson ---
[INFO] Changes detected - recompiling the module!
[INFO] Compiling 3 source files to /home/travis/build/square/retrofit/retrofit-converters/jackson/target/classes
[INFO] 
[INFO] --- maven-resources-plugin:2.6:testResources (default-testResources) @ converter-jackson ---
[INFO] Using 'UTF-8' encoding to copy filtered resources.
[INFO] skip non existing resourceDirectory /home/travis/build/square/retrofit/retrofit-converters/jackson/src/test/resources
[INFO] 
[INFO] --- maven-compiler-plugin:3.0:testCompile (default-testCompile) @ converter-jackson ---
[INFO] Changes detected - recompiling the module!
[INFO] Compiling 1 source file to /home/travis/build/square/retrofit/retrofit-converters/jackson/target/test-classes
[INFO] 
[INFO] --- maven-surefire-plugin:2.12.4:test (default-test) @ converter-jackson ---
[INFO] Tests are skipped.
[INFO] 
[INFO] --- animal-sniffer-maven-plugin:1.14:check (default) @ converter-jackson ---
[INFO] Checking unresolved references to org.codehaus.mojo.signature:java16:1.1
[INFO] 
[INFO] --- maven-jar-plugin:2.4:jar (default-jar) @ converter-jackson ---
[INFO] Building jar: /home/travis/build/square/retrofit/retrofit-converters/jackson/target/converter-jackson-2.0.0-SNAPSHOT.jar
[INFO] 
[INFO] --- maven-javadoc-plugin:2.10.3:jar (attach-javadocs) @ converter-jackson ---
[INFO] Skipping javadoc generation
[INFO] 
[INFO] --- maven-checkstyle-plugin:2.15:checkstyle (default) @ converter-jackson ---
[INFO] Starting audit...
Audit done.
[WARNING] Unable to locate Source XRef to link to - DISABLED
[INFO] 
[INFO] --- maven-install-plugin:2.4:install (default-install) @ converter-jackson ---
[INFO] Installing /home/travis/build/square/retrofit/retrofit-converters/jackson/target/converter-jackson-2.0.0-SNAPSHOT.jar to /home/travis/.m2/repository/com/squareup/retrofit2/converter-jackson/2.0.0-SNAPSHOT/converter-jackson-2.0.0-SNAPSHOT.jar
[INFO] Installing /home/travis/build/square/retrofit/retrofit-converters/jackson/pom.xml to /home/travis/.m2/repository/com/squareup/retrofit2/converter-jackson/2.0.0-SNAPSHOT/converter-jackson-2.0.0-SNAPSHOT.pom
[INFO]                                                                         
[INFO] ------------------------------------------------------------------------
[INFO] Building Converter: Wire Protocol Buffers 2.0.0-SNAPSHOT
[INFO] ------------------------------------------------------------------------
[INFO] 
[INFO] --- maven-enforcer-plugin:1.0:enforce (enforce-maven) @ converter-wire ---
[INFO] 
[INFO] --- maven-resources-plugin:2.6:resources (default-resources) @ converter-wire ---
[INFO] Using 'UTF-8' encoding to copy filtered resources.
[INFO] skip non existing resourceDirectory /home/travis/build/square/retrofit/retrofit-converters/wire/src/main/resources
[INFO] 
[INFO] --- maven-compiler-plugin:3.0:compile (default-compile) @ converter-wire ---
[INFO] Changes detected - recompiling the module!
[INFO] Compiling 3 source files to /home/travis/build/square/retrofit/retrofit-converters/wire/target/classes
[WARNING] /home/travis/build/square/retrofit/retrofit-converters/wire/src/main/java/retrofit2/converter/wire/WireConverterFactory.java: /home/travis/build/square/retrofit/retrofit-converters/wire/src/main/java/retrofit2/converter/wire/WireConverterFactory.java uses unchecked or unsafe operations.
[WARNING] /home/travis/build/square/retrofit/retrofit-converters/wire/src/main/java/retrofit2/converter/wire/WireConverterFactory.java: Recompile with -Xlint:unchecked for details.
[INFO] 
[INFO] --- maven-resources-plugin:2.6:testResources (default-testResources) @ converter-wire ---
[INFO] Using 'UTF-8' encoding to copy filtered resources.
[INFO] skip non existing resourceDirectory /home/travis/build/square/retrofit/retrofit-converters/wire/src/test/resources
[INFO] 
[INFO] --- maven-compiler-plugin:3.0:testCompile (default-testCompile) @ converter-wire ---
[INFO] Changes detected - recompiling the module!
[INFO] Compiling 2 source files to /home/travis/build/square/retrofit/retrofit-converters/wire/target/test-classes
[INFO] 
[INFO] --- maven-surefire-plugin:2.12.4:test (default-test) @ converter-wire ---
[INFO] Tests are skipped.
[INFO] 
[INFO] --- animal-sniffer-maven-plugin:1.14:check (default) @ converter-wire ---
[INFO] Checking unresolved references to org.codehaus.mojo.signature:java16:1.1
[INFO] 
[INFO] --- maven-jar-plugin:2.4:jar (default-jar) @ converter-wire ---
[INFO] Building jar: /home/travis/build/square/retrofit/retrofit-converters/wire/target/converter-wire-2.0.0-SNAPSHOT.jar
[INFO] 
[INFO] --- maven-javadoc-plugin:2.10.3:jar (attach-javadocs) @ converter-wire ---
[INFO] Skipping javadoc generation
[INFO] 
[INFO] --- maven-checkstyle-plugin:2.15:checkstyle (default) @ converter-wire ---
[INFO] Starting audit...
Audit done.
[WARNING] Unable to locate Source XRef to link to - DISABLED
[INFO] 
[INFO] --- maven-install-plugin:2.4:install (default-install) @ converter-wire ---
[INFO] Installing /home/travis/build/square/retrofit/retrofit-converters/wire/target/converter-wire-2.0.0-SNAPSHOT.jar to /home/travis/.m2/repository/com/squareup/retrofit2/converter-wire/2.0.0-SNAPSHOT/converter-wire-2.0.0-SNAPSHOT.jar
[INFO] Installing /home/travis/build/square/retrofit/retrofit-converters/wire/pom.xml to /home/travis/.m2/repository/com/squareup/retrofit2/converter-wire/2.0.0-SNAPSHOT/converter-wire-2.0.0-SNAPSHOT.pom
[INFO]                                                                         
[INFO] ------------------------------------------------------------------------
[INFO] Building Converter: SimpleXML 2.0.0-SNAPSHOT
[INFO] ------------------------------------------------------------------------
[INFO] 
[INFO] --- maven-enforcer-plugin:1.0:enforce (enforce-maven) @ converter-simplexml ---
[INFO] 
[INFO] --- maven-resources-plugin:2.6:resources (default-resources) @ converter-simplexml ---
[INFO] Using 'UTF-8' encoding to copy filtered resources.
[INFO] skip non existing resourceDirectory /home/travis/build/square/retrofit/retrofit-converters/simplexml/src/main/resources
[INFO] 
[INFO] --- maven-compiler-plugin:3.0:compile (default-compile) @ converter-simplexml ---
[INFO] Changes detected - recompiling the module!
[INFO] Compiling 3 source files to /home/travis/build/square/retrofit/retrofit-converters/simplexml/target/classes
[INFO] 
[INFO] --- maven-resources-plugin:2.6:testResources (default-testResources) @ converter-simplexml ---
[INFO] Using 'UTF-8' encoding to copy filtered resources.
[INFO] skip non existing resourceDirectory /home/travis/build/square/retrofit/retrofit-converters/simplexml/src/test/resources
[INFO] 
[INFO] --- maven-compiler-plugin:3.0:testCompile (default-testCompile) @ converter-simplexml ---
[INFO] Changes detected - recompiling the module!
[INFO] Compiling 2 source files to /home/travis/build/square/retrofit/retrofit-converters/simplexml/target/test-classes
[INFO] 
[INFO] --- maven-surefire-plugin:2.12.4:test (default-test) @ converter-simplexml ---
[INFO] Tests are skipped.
[INFO] 
[INFO] --- animal-sniffer-maven-plugin:1.14:check (default) @ converter-simplexml ---
[INFO] Checking unresolved references to org.codehaus.mojo.signature:java16:1.1
[INFO] 
[INFO] --- maven-jar-plugin:2.4:jar (default-jar) @ converter-simplexml ---
[INFO] Building jar: /home/travis/build/square/retrofit/retrofit-converters/simplexml/target/converter-simplexml-2.0.0-SNAPSHOT.jar
[INFO] 
[INFO] --- maven-javadoc-plugin:2.10.3:jar (attach-javadocs) @ converter-simplexml ---
[INFO] Skipping javadoc generation
[INFO] 
[INFO] --- maven-checkstyle-plugin:2.15:checkstyle (default) @ converter-simplexml ---
[INFO] Starting audit...
Audit done.
[WARNING] Unable to locate Source XRef to link to - DISABLED
[INFO] 
[INFO] --- maven-install-plugin:2.4:install (default-install) @ converter-simplexml ---
[INFO] Installing /home/travis/build/square/retrofit/retrofit-converters/simplexml/target/converter-simplexml-2.0.0-SNAPSHOT.jar to /home/travis/.m2/repository/com/squareup/retrofit2/converter-simplexml/2.0.0-SNAPSHOT/converter-simplexml-2.0.0-SNAPSHOT.jar
[INFO] Installing /home/travis/build/square/retrofit/retrofit-converters/simplexml/pom.xml to /home/travis/.m2/repository/com/squareup/retrofit2/converter-simplexml/2.0.0-SNAPSHOT/converter-simplexml-2.0.0-SNAPSHOT.pom
[INFO]                                                                         
[INFO] ------------------------------------------------------------------------
[INFO] Building Converter: Java Scalars 2.0.0-SNAPSHOT
[INFO] ------------------------------------------------------------------------
[INFO] 
[INFO] --- maven-enforcer-plugin:1.0:enforce (enforce-maven) @ converter-scalars ---
[INFO] 
[INFO] --- maven-resources-plugin:2.6:resources (default-resources) @ converter-scalars ---
[INFO] Using 'UTF-8' encoding to copy filtered resources.
[INFO] skip non existing resourceDirectory /home/travis/build/square/retrofit/retrofit-converters/scalars/src/main/resources
[INFO] 
[INFO] --- maven-compiler-plugin:3.0:compile (default-compile) @ converter-scalars ---
[INFO] Changes detected - recompiling the module!
[INFO] Compiling 3 source files to /home/travis/build/square/retrofit/retrofit-converters/scalars/target/classes
[INFO] 
[INFO] --- maven-resources-plugin:2.6:testResources (default-testResources) @ converter-scalars ---
[INFO] Using 'UTF-8' encoding to copy filtered resources.
[INFO] skip non existing resourceDirectory /home/travis/build/square/retrofit/retrofit-converters/scalars/src/test/resources
[INFO] 
[INFO] --- maven-compiler-plugin:3.0:testCompile (default-testCompile) @ converter-scalars ---
[INFO] Changes detected - recompiling the module!
[INFO] Compiling 1 source file to /home/travis/build/square/retrofit/retrofit-converters/scalars/target/test-classes
[INFO] 
[INFO] --- maven-surefire-plugin:2.12.4:test (default-test) @ converter-scalars ---
[INFO] Tests are skipped.
[INFO] 
[INFO] --- animal-sniffer-maven-plugin:1.14:check (default) @ converter-scalars ---
[INFO] Checking unresolved references to org.codehaus.mojo.signature:java16:1.1
[INFO] 
[INFO] --- maven-jar-plugin:2.4:jar (default-jar) @ converter-scalars ---
[INFO] Building jar: /home/travis/build/square/retrofit/retrofit-converters/scalars/target/converter-scalars-2.0.0-SNAPSHOT.jar
[INFO] 
[INFO] --- maven-javadoc-plugin:2.10.3:jar (attach-javadocs) @ converter-scalars ---
[INFO] Skipping javadoc generation
[INFO] 
[INFO] --- maven-checkstyle-plugin:2.15:checkstyle (default) @ converter-scalars ---
[INFO] Starting audit...
Audit done.
[WARNING] Unable to locate Source XRef to link to - DISABLED
[INFO] 
[INFO] --- maven-install-plugin:2.4:install (default-install) @ converter-scalars ---
[INFO] Installing /home/travis/build/square/retrofit/retrofit-converters/scalars/target/converter-scalars-2.0.0-SNAPSHOT.jar to /home/travis/.m2/repository/com/squareup/retrofit2/converter-scalars/2.0.0-SNAPSHOT/converter-scalars-2.0.0-SNAPSHOT.jar
[INFO] Installing /home/travis/build/square/retrofit/retrofit-converters/scalars/pom.xml to /home/travis/.m2/repository/com/squareup/retrofit2/converter-scalars/2.0.0-SNAPSHOT/converter-scalars-2.0.0-SNAPSHOT.pom
[INFO]                                                                         
[INFO] ------------------------------------------------------------------------
[INFO] Building Converter: Moshi 2.0.0-SNAPSHOT
[INFO] ------------------------------------------------------------------------
[INFO] 
[INFO] --- maven-enforcer-plugin:1.0:enforce (enforce-maven) @ converter-moshi ---
[INFO] 
[INFO] --- maven-resources-plugin:2.6:resources (default-resources) @ converter-moshi ---
[INFO] Using 'UTF-8' encoding to copy filtered resources.
[INFO] skip non existing resourceDirectory /home/travis/build/square/retrofit/retrofit-converters/moshi/src/main/resources
[INFO] 
[INFO] --- maven-compiler-plugin:3.0:compile (default-compile) @ converter-moshi ---
[INFO] Changes detected - recompiling the module!
[INFO] Compiling 3 source files to /home/travis/build/square/retrofit/retrofit-converters/moshi/target/classes
[INFO] 
[INFO] --- maven-resources-plugin:2.6:testResources (default-testResources) @ converter-moshi ---
[INFO] Using 'UTF-8' encoding to copy filtered resources.
[INFO] skip non existing resourceDirectory /home/travis/build/square/retrofit/retrofit-converters/moshi/src/test/resources
[INFO] 
[INFO] --- maven-compiler-plugin:3.0:testCompile (default-testCompile) @ converter-moshi ---
[INFO] Changes detected - recompiling the module!
[INFO] Compiling 1 source file to /home/travis/build/square/retrofit/retrofit-converters/moshi/target/test-classes
[INFO] 
[INFO] --- maven-surefire-plugin:2.12.4:test (default-test) @ converter-moshi ---
[INFO] Tests are skipped.
[INFO] 
[INFO] --- animal-sniffer-maven-plugin:1.14:check (default) @ converter-moshi ---
[INFO] Checking unresolved references to org.codehaus.mojo.signature:java16:1.1
[INFO] 
[INFO] --- maven-jar-plugin:2.4:jar (default-jar) @ converter-moshi ---
[INFO] Building jar: /home/travis/build/square/retrofit/retrofit-converters/moshi/target/converter-moshi-2.0.0-SNAPSHOT.jar
[INFO] 
[INFO] --- maven-javadoc-plugin:2.10.3:jar (attach-javadocs) @ converter-moshi ---
[INFO] Skipping javadoc generation
[INFO] 
[INFO] --- maven-checkstyle-plugin:2.15:checkstyle (default) @ converter-moshi ---
[INFO] Starting audit...
Audit done.
[WARNING] Unable to locate Source XRef to link to - DISABLED
[INFO] 
[INFO] --- maven-install-plugin:2.4:install (default-install) @ converter-moshi ---
[INFO] Installing /home/travis/build/square/retrofit/retrofit-converters/moshi/target/converter-moshi-2.0.0-SNAPSHOT.jar to /home/travis/.m2/repository/com/squareup/retrofit2/converter-moshi/2.0.0-SNAPSHOT/converter-moshi-2.0.0-SNAPSHOT.jar
[INFO] Installing /home/travis/build/square/retrofit/retrofit-converters/moshi/pom.xml to /home/travis/.m2/repository/com/squareup/retrofit2/converter-moshi/2.0.0-SNAPSHOT/converter-moshi-2.0.0-SNAPSHOT.pom
[INFO]                                                                         
[INFO] ------------------------------------------------------------------------
[INFO] Building Retrofit Mock Adapter 2.0.0-SNAPSHOT
[INFO] ------------------------------------------------------------------------
[INFO] 
[INFO] --- maven-enforcer-plugin:1.0:enforce (enforce-maven) @ retrofit-mock ---
[INFO] 
[INFO] --- maven-resources-plugin:2.6:resources (default-resources) @ retrofit-mock ---
[INFO] Using 'UTF-8' encoding to copy filtered resources.
[INFO] skip non existing resourceDirectory /home/travis/build/square/retrofit/retrofit-mock/src/main/resources
[INFO] 
[INFO] --- maven-compiler-plugin:3.0:compile (default-compile) @ retrofit-mock ---
[INFO] Changes detected - recompiling the module!
[INFO] Compiling 5 source files to /home/travis/build/square/retrofit/retrofit-mock/target/classes
[INFO] 
[INFO] --- maven-resources-plugin:2.6:testResources (default-testResources) @ retrofit-mock ---
[INFO] Using 'UTF-8' encoding to copy filtered resources.
[INFO] skip non existing resourceDirectory /home/travis/build/square/retrofit/retrofit-mock/src/test/resources
[INFO] 
[INFO] --- maven-compiler-plugin:3.0:testCompile (default-testCompile) @ retrofit-mock ---
[INFO] Changes detected - recompiling the module!
[INFO] Compiling 3 source files to /home/travis/build/square/retrofit/retrofit-mock/target/test-classes
[INFO] 
[INFO] --- maven-surefire-plugin:2.12.4:test (default-test) @ retrofit-mock ---
[INFO] Tests are skipped.
[INFO] 
[INFO] --- animal-sniffer-maven-plugin:1.14:check (default) @ retrofit-mock ---
[INFO] Checking unresolved references to org.codehaus.mojo.signature:java16:1.1
[INFO] 
[INFO] --- maven-jar-plugin:2.4:jar (default-jar) @ retrofit-mock ---
[INFO] Building jar: /home/travis/build/square/retrofit/retrofit-mock/target/retrofit-mock-2.0.0-SNAPSHOT.jar
[INFO] 
[INFO] --- maven-javadoc-plugin:2.10.3:jar (attach-javadocs) @ retrofit-mock ---
[INFO] Skipping javadoc generation
[INFO] 
[INFO] --- maven-checkstyle-plugin:2.15:checkstyle (default) @ retrofit-mock ---
[INFO] Starting audit...
Audit done.
[WARNING] Unable to locate Source XRef to link to - DISABLED
[INFO] 
[INFO] --- maven-install-plugin:2.4:install (default-install) @ retrofit-mock ---
[INFO] Installing /home/travis/build/square/retrofit/retrofit-mock/target/retrofit-mock-2.0.0-SNAPSHOT.jar to /home/travis/.m2/repository/com/squareup/retrofit2/retrofit-mock/2.0.0-SNAPSHOT/retrofit-mock-2.0.0-SNAPSHOT.jar
[INFO] Installing /home/travis/build/square/retrofit/retrofit-mock/pom.xml to /home/travis/.m2/repository/com/squareup/retrofit2/retrofit-mock/2.0.0-SNAPSHOT/retrofit-mock-2.0.0-SNAPSHOT.pom
[INFO]                                                                         
[INFO] ------------------------------------------------------------------------
[INFO] Building Samples 2.0.0-SNAPSHOT
[INFO] ------------------------------------------------------------------------
[INFO] 
[INFO] --- maven-enforcer-plugin:1.0:enforce (enforce-maven) @ samples ---
[INFO] 
[INFO] --- maven-resources-plugin:2.6:resources (default-resources) @ samples ---
[INFO] Using 'UTF-8' encoding to copy filtered resources.
[INFO] skip non existing resourceDirectory /home/travis/build/square/retrofit/samples/src/main/resources
[INFO] 
[INFO] --- maven-compiler-plugin:3.0:compile (default-compile) @ samples ---
[INFO] Changes detected - recompiling the module!
[INFO] Compiling 7 source files to /home/travis/build/square/retrofit/samples/target/classes
[INFO] 
[INFO] --- maven-resources-plugin:2.6:testResources (default-testResources) @ samples ---
[INFO] Using 'UTF-8' encoding to copy filtered resources.
[INFO] skip non existing resourceDirectory /home/travis/build/square/retrofit/samples/src/test/resources
[INFO] 
[INFO] --- maven-compiler-plugin:3.0:testCompile (default-testCompile) @ samples ---
[INFO] No sources to compile
[INFO] 
[INFO] --- maven-surefire-plugin:2.12.4:test (default-test) @ samples ---
[INFO] Tests are skipped.
[INFO] 
[INFO] --- animal-sniffer-maven-plugin:1.14:check (default) @ samples ---
[INFO] Checking unresolved references to org.codehaus.mojo.signature:java16:1.1
[INFO] 
[INFO] --- maven-jar-plugin:2.4:jar (default-jar) @ samples ---
[INFO] Building jar: /home/travis/build/square/retrofit/samples/target/samples-2.0.0-SNAPSHOT.jar
[INFO] 
[INFO] --- maven-javadoc-plugin:2.10.3:jar (attach-javadocs) @ samples ---
[INFO] Skipping javadoc generation
[INFO] 
[INFO] --- maven-checkstyle-plugin:2.15:checkstyle (default) @ samples ---
[INFO] Starting audit...
Audit done.
[WARNING] Unable to locate Source XRef to link to - DISABLED
[INFO] 
[INFO] --- maven-install-plugin:2.4:install (default-install) @ samples ---
[INFO] Installing /home/travis/build/square/retrofit/samples/target/samples-2.0.0-SNAPSHOT.jar to /home/travis/.m2/repository/com/squareup/retrofit2/samples/2.0.0-SNAPSHOT/samples-2.0.0-SNAPSHOT.jar
[INFO] Installing /home/travis/build/square/retrofit/samples/pom.xml to /home/travis/.m2/repository/com/squareup/retrofit2/samples/2.0.0-SNAPSHOT/samples-2.0.0-SNAPSHOT.pom
[INFO] ------------------------------------------------------------------------
[INFO] Reactor Summary:
[INFO] 
[INFO] Retrofit (Parent) .................................. SUCCESS [  7.504 s]
[INFO] Retrofit ........................................... SUCCESS [ 21.131 s]
[INFO] Adapters ........................................... SUCCESS [  0.849 s]
[INFO] Adapter: Guava ..................................... SUCCESS [  4.894 s]
[INFO] Adapter: Java 8 .................................... SUCCESS [  2.220 s]
[INFO] Adapter: RxJava .................................... SUCCESS [  1.740 s]
[INFO] Converters ......................................... SUCCESS [  0.200 s]
[INFO] Converter: Gson .................................... SUCCESS [  1.224 s]
[INFO] Converter: Protocol Buffers ........................ SUCCESS [  2.000 s]
[INFO] Converter: Jackson ................................. SUCCESS [  1.056 s]
[INFO] Converter: Wire Protocol Buffers ................... SUCCESS [  1.662 s]
[INFO] Converter: SimpleXML ............................... SUCCESS [  1.468 s]
[INFO] Converter: Java Scalars ............................ SUCCESS [  1.472 s]
[INFO] Converter: Moshi ................................... SUCCESS [  1.093 s]
[INFO] Retrofit Mock Adapter .............................. SUCCESS [  0.947 s]
[INFO] Samples ............................................ SUCCESS [  1.989 s]
[INFO] ------------------------------------------------------------------------
[INFO] BUILD SUCCESS
[INFO] ------------------------------------------------------------------------
[INFO] Total time: 52.117 s
[INFO] Finished at: 2016-02-21T19:06:43+00:00
[INFO] Final Memory: 47M/430M
[INFO] ------------------------------------------------------------------------

travis_time:end:2cdf5e2c:start=1456081548307913319,finish=1456081605571429145,duration=57263515826[0Ktravis_fold:end:install[0Ktravis_time:start:0ae6179a[0K$ mvn test -B
Java HotSpot(TM) 64-Bit Server VM warning: ignoring option MaxPermSize=192m; support was removed in 8.0
[INFO] Scanning for projects...
[WARNING] 
[WARNING] Some problems were encountered while building the effective model for com.squareup.retrofit2:samples:jar:2.0.0-SNAPSHOT
[WARNING] 'build.plugins.plugin.version' for org.apache.maven.plugins:maven-deploy-plugin is missing. @ com.squareup.retrofit2:samples:[unknown-version], /home/travis/build/square/retrofit/samples/pom.xml, line 50, column 15
[WARNING] 
[WARNING] It is highly recommended to fix these problems because they threaten the stability of your build.
[WARNING] 
[WARNING] For this reason, future Maven versions might no longer support building such malformed projects.
[WARNING] 
[INFO] ------------------------------------------------------------------------
[INFO] Reactor Build Order:
[INFO] 
[INFO] Retrofit (Parent)
[INFO] Retrofit
[INFO] Adapters
[INFO] Adapter: Guava
[INFO] Adapter: Java 8
[INFO] Adapter: RxJava
[INFO] Converters
[INFO] Converter: Gson
[INFO] Converter: Protocol Buffers
[INFO] Converter: Jackson
[INFO] Converter: Wire Protocol Buffers
[INFO] Converter: SimpleXML
[INFO] Converter: Java Scalars
[INFO] Converter: Moshi
[INFO] Retrofit Mock Adapter
[INFO] Samples
[INFO]                                                                         
[INFO] ------------------------------------------------------------------------
[INFO] Building Retrofit (Parent) 2.0.0-SNAPSHOT
[INFO] ------------------------------------------------------------------------
[INFO] 
[INFO] --- maven-enforcer-plugin:1.0:enforce (enforce-maven) @ parent ---
[INFO] 
[INFO] --- animal-sniffer-maven-plugin:1.14:check (default) @ parent ---
[INFO] Checking unresolved references to org.codehaus.mojo.signature:java16:1.1
[INFO]                                                                         
[INFO] ------------------------------------------------------------------------
[INFO] Building Retrofit 2.0.0-SNAPSHOT
[INFO] ------------------------------------------------------------------------
[INFO] 
[INFO] --- maven-enforcer-plugin:1.0:enforce (enforce-maven) @ retrofit ---
[INFO] 
[INFO] --- maven-resources-plugin:2.6:resources (default-resources) @ retrofit ---
[INFO] Using 'UTF-8' encoding to copy filtered resources.
[INFO] skip non existing resourceDirectory /home/travis/build/square/retrofit/retrofit/src/main/resources
[INFO] 
[INFO] --- maven-compiler-plugin:3.0:compile (default-compile) @ retrofit ---
[INFO] Changes detected - recompiling the module!
[INFO] Compiling 43 source files to /home/travis/build/square/retrofit/retrofit/target/classes
[WARNING] /home/travis/build/square/retrofit/retrofit/src/main/java/retrofit2/Retrofit.java: Some input files use unchecked or unsafe operations.
[WARNING] /home/travis/build/square/retrofit/retrofit/src/main/java/retrofit2/Retrofit.java: Recompile with -Xlint:unchecked for details.
[INFO] 
[INFO] --- maven-resources-plugin:2.6:testResources (default-testResources) @ retrofit ---
[INFO] Using 'UTF-8' encoding to copy filtered resources.
[INFO] skip non existing resourceDirectory /home/travis/build/square/retrofit/retrofit/src/test/resources
[INFO] 
[INFO] --- maven-compiler-plugin:3.0:testCompile (default-testCompile) @ retrofit ---
[INFO] Changes detected - recompiling the module!
[INFO] Compiling 13 source files to /home/travis/build/square/retrofit/retrofit/target/test-classes
[WARNING] /home/travis/build/square/retrofit/retrofit/src/test/java/retrofit2/RetrofitTest.java: /home/travis/build/square/retrofit/retrofit/src/test/java/retrofit2/RetrofitTest.java uses unchecked or unsafe operations.
[WARNING] /home/travis/build/square/retrofit/retrofit/src/test/java/retrofit2/RetrofitTest.java: Recompile with -Xlint:unchecked for details.
[INFO] 
[INFO] --- maven-surefire-plugin:2.12.4:test (default-test) @ retrofit ---
[INFO] Surefire report directory: /home/travis/build/square/retrofit/retrofit/target/surefire-reports

-------------------------------------------------------
 T E S T S
-------------------------------------------------------
Running retrofit2.CallTest
Feb 21, 2016 7:07:03 PM okhttp3.mockwebserver.MockWebServer$3 execute
INFO: MockWebServer[60528] starting to accept connections
Feb 21, 2016 7:07:03 PM okhttp3.mockwebserver.MockWebServer$3 acceptConnections
INFO: MockWebServer[60528] done accepting connections: Socket closed
Feb 21, 2016 7:07:04 PM okhttp3.mockwebserver.MockWebServer$3 execute
INFO: MockWebServer[60033] starting to accept connections
Feb 21, 2016 7:07:04 PM okhttp3.mockwebserver.MockWebServer$4 processOneRequest
INFO: MockWebServer[60033] received request: GET / HTTP/1.1 and responded: HTTP/1.1 200 OK
Feb 21, 2016 7:07:04 PM okhttp3.mockwebserver.MockWebServer$3 acceptConnections
INFO: MockWebServer[60033] done accepting connections: Socket closed
Feb 21, 2016 7:07:04 PM okhttp3.mockwebserver.MockWebServer$3 execute
INFO: MockWebServer[50222] starting to accept connections
Feb 21, 2016 7:07:04 PM okhttp3.mockwebserver.MockWebServer$3 acceptConnections
INFO: MockWebServer[50222] done accepting connections: Socket closed
Feb 21, 2016 7:07:04 PM okhttp3.mockwebserver.MockWebServer$4 processOneRequest
INFO: MockWebServer[50222] received request: GET / HTTP/1.1 and responded: HTTP/1.1 404 Client Error
Feb 21, 2016 7:07:04 PM okhttp3.mockwebserver.MockWebServer$3 execute
INFO: MockWebServer[33107] starting to accept connections
Feb 21, 2016 7:07:04 PM okhttp3.mockwebserver.MockWebServer$3 acceptConnections
INFO: MockWebServer[33107] done accepting connections: Socket closed
Feb 21, 2016 7:07:04 PM okhttp3.mockwebserver.MockWebServer$4 processOneRequest
INFO: MockWebServer[33107] received request: POST /Hello HTTP/1.1 and responded: HTTP/1.1 200 OK
Feb 21, 2016 7:07:04 PM okhttp3.mockwebserver.MockWebServer$3 execute
INFO: MockWebServer[36769] starting to accept connections
Feb 21, 2016 7:07:04 PM okhttp3.mockwebserver.MockWebServer$3 acceptConnections
INFO: MockWebServer[36769] done accepting connections: Socket closed
Feb 21, 2016 7:07:04 PM okhttp3.mockwebserver.MockWebServer$3 execute
INFO: MockWebServer[42858] starting to accept connections
Feb 21, 2016 7:07:04 PM okhttp3.mockwebserver.MockWebServer$3 acceptConnections
INFO: MockWebServer[42858] done accepting connections: Socket closed
Feb 21, 2016 7:07:04 PM okhttp3.mockwebserver.MockWebServer$3 execute
INFO: MockWebServer[53496] starting to accept connections
Feb 21, 2016 7:07:04 PM okhttp3.mockwebserver.MockWebServer$3 acceptConnections
INFO: MockWebServer[53496] done accepting connections: Socket closed
Feb 21, 2016 7:07:04 PM okhttp3.mockwebserver.MockWebServer$4 processOneRequest
INFO: MockWebServer[53496] received request: GET / HTTP/1.1 and responded: HTTP/1.1 200 OK
Feb 21, 2016 7:07:04 PM okhttp3.mockwebserver.MockWebServer$3 execute
INFO: MockWebServer[41371] starting to accept connections
Feb 21, 2016 7:07:04 PM okhttp3.mockwebserver.MockWebServer$3 acceptConnections
INFO: MockWebServer[41371] done accepting connections: Socket closed
Feb 21, 2016 7:07:04 PM okhttp3.mockwebserver.MockWebServer$4 processOneRequest
INFO: MockWebServer[41371] received request: GET / HTTP/1.1 and responded: HTTP/1.1 200 OK
Feb 21, 2016 7:07:04 PM okhttp3.mockwebserver.MockWebServer$3 execute
INFO: MockWebServer[37311] starting to accept connections
Feb 21, 2016 7:07:04 PM okhttp3.mockwebserver.MockWebServer$3 acceptConnections
INFO: MockWebServer[37311] done accepting connections: Socket is closed
Feb 21, 2016 7:07:04 PM okhttp3.mockwebserver.MockWebServer$3 execute
INFO: MockWebServer[44906] starting to accept connections
Feb 21, 2016 7:07:04 PM okhttp3.mockwebserver.MockWebServer$3 acceptConnections
INFO: MockWebServer[44906] done accepting connections: Socket closed
Feb 21, 2016 7:07:04 PM okhttp3.mockwebserver.MockWebServer$4 processOneRequest
INFO: MockWebServer[44906] received request: POST /Hello HTTP/1.1 and responded: HTTP/1.1 200 OK
Feb 21, 2016 7:07:04 PM okhttp3.mockwebserver.MockWebServer$3 execute
INFO: MockWebServer[59122] starting to accept connections
Feb 21, 2016 7:07:04 PM okhttp3.mockwebserver.MockWebServer$3 acceptConnections
INFO: MockWebServer[59122] done accepting connections: Socket closed
Feb 21, 2016 7:07:04 PM okhttp3.mockwebserver.MockWebServer$4 processOneRequest
INFO: MockWebServer[59122] received request: POST /Hello HTTP/1.1 and responded: HTTP/1.1 200 OK
Feb 21, 2016 7:07:04 PM okhttp3.mockwebserver.MockWebServer$3 execute
INFO: MockWebServer[34251] starting to accept connections
Feb 21, 2016 7:07:04 PM okhttp3.mockwebserver.MockWebServer$3 acceptConnections
INFO: MockWebServer[34251] done accepting connections: Socket is closed
Feb 21, 2016 7:07:04 PM okhttp3.mockwebserver.MockWebServer$3 execute
INFO: MockWebServer[43127] starting to accept connections
Feb 21, 2016 7:07:04 PM okhttp3.mockwebserver.MockWebServer$3 acceptConnections
INFO: MockWebServer[43127] done accepting connections: Socket closed
Feb 21, 2016 7:07:04 PM okhttp3.mockwebserver.MockWebServer$4 processOneRequest
INFO: MockWebServer[43127] received request: GET / HTTP/1.1 and responded: HTTP/1.1 404 Client Error
Feb 21, 2016 7:07:04 PM okhttp3.mockwebserver.MockWebServer$3 execute
INFO: MockWebServer[40797] starting to accept connections
Feb 21, 2016 7:07:04 PM okhttp3.mockwebserver.MockWebServer$3 acceptConnections
INFO: MockWebServer[40797] done accepting connections: Socket closed
Feb 21, 2016 7:07:04 PM okhttp3.mockwebserver.MockWebServer$4 processOneRequest
INFO: MockWebServer[40797] received request: POST / HTTP/1.1 and responded: HTTP/1.1 200 OK
Feb 21, 2016 7:07:04 PM okhttp3.mockwebserver.MockWebServer$3 execute
INFO: MockWebServer[55321] starting to accept connections
Feb 21, 2016 7:07:04 PM okhttp3.mockwebserver.MockWebServer$3 acceptConnections
INFO: MockWebServer[55321] done accepting connections: Socket closed
Feb 21, 2016 7:07:04 PM okhttp3.mockwebserver.MockWebServer$4 processOneRequest
INFO: MockWebServer[55321] received request: GET / HTTP/1.1 and responded: HTTP/1.1 204 Nothin
Feb 21, 2016 7:07:04 PM okhttp3.mockwebserver.MockWebServer$3 execute
INFO: MockWebServer[34272] starting to accept connections
Feb 21, 2016 7:07:04 PM okhttp3.mockwebserver.MockWebServer$3 acceptConnections
INFO: MockWebServer[34272] done accepting connections: Socket is closed
Feb 21, 2016 7:07:04 PM okhttp3.mockwebserver.MockWebServer$3 execute
INFO: MockWebServer[60954] starting to accept connections
Feb 21, 2016 7:07:04 PM okhttp3.mockwebserver.MockWebServer$3 acceptConnections
INFO: MockWebServer[60954] done accepting connections: Socket closed
Feb 21, 2016 7:07:04 PM okhttp3.mockwebserver.MockWebServer$4 processOneRequest
INFO: MockWebServer[60954] received request: GET / HTTP/1.1 and responded: HTTP/1.1 200 OK
Feb 21, 2016 7:07:04 PM okhttp3.mockwebserver.MockWebServer$3 execute
INFO: MockWebServer[38952] starting to accept connections
Feb 21, 2016 7:07:04 PM okhttp3.mockwebserver.MockWebServer$3 acceptConnections
INFO: MockWebServer[38952] done accepting connections: Socket closed
Feb 21, 2016 7:07:04 PM okhttp3.mockwebserver.MockWebServer$4 processOneRequest
INFO: MockWebServer[38952] received request: POST /Hello HTTP/1.1 and responded: HTTP/1.1 200 OK
Feb 21, 2016 7:07:04 PM okhttp3.mockwebserver.MockWebServer$3 execute
INFO: MockWebServer[40730] starting to accept connections
Feb 21, 2016 7:07:04 PM okhttp3.mockwebserver.MockWebServer$3 acceptConnections
INFO: MockWebServer[40730] done accepting connections: Socket closed
Feb 21, 2016 7:07:04 PM okhttp3.mockwebserver.MockWebServer$4 processOneRequest
INFO: MockWebServer[40730] received request: GET / HTTP/1.1 and responded: HTTP/1.1 200 OK
Feb 21, 2016 7:07:04 PM okhttp3.mockwebserver.MockWebServer$3 execute
INFO: MockWebServer[47295] starting to accept connections
Feb 21, 2016 7:07:04 PM okhttp3.mockwebserver.MockWebServer$3 acceptConnections
INFO: MockWebServer[47295] done accepting connections: Socket closed
Feb 21, 2016 7:07:04 PM okhttp3.mockwebserver.MockWebServer$4 processOneRequest
INFO: MockWebServer[47295] received request: POST / HTTP/1.1 and responded: HTTP/1.1 200 OK
Feb 21, 2016 7:07:04 PM okhttp3.mockwebserver.MockWebServer$3 execute
INFO: MockWebServer[51277] starting to accept connections
Feb 21, 2016 7:07:04 PM okhttp3.mockwebserver.MockWebServer$3 acceptConnections
INFO: MockWebServer[51277] done accepting connections: Socket is closed
Feb 21, 2016 7:07:04 PM okhttp3.mockwebserver.MockWebServer$3 execute
INFO: MockWebServer[41731] starting to accept connections
Feb 21, 2016 7:07:04 PM okhttp3.mockwebserver.MockWebServer$3 acceptConnections
INFO: MockWebServer[41731] done accepting connections: Socket is closed
Feb 21, 2016 7:07:04 PM okhttp3.mockwebserver.MockWebServer$3 execute
INFO: MockWebServer[47429] starting to accept connections
Feb 21, 2016 7:07:04 PM okhttp3.mockwebserver.MockWebServer$3 acceptConnections
INFO: MockWebServer[47429] done accepting connections: Socket is closed
Feb 21, 2016 7:07:04 PM okhttp3.mockwebserver.MockWebServer$3 execute
INFO: MockWebServer[51854] starting to accept connections
Feb 21, 2016 7:07:04 PM okhttp3.mockwebserver.MockWebServer$3 acceptConnections
INFO: MockWebServer[51854] done accepting connections: Socket closed
Feb 21, 2016 7:07:04 PM okhttp3.mockwebserver.MockWebServer$4 processOneRequest
INFO: MockWebServer[51854] received request: GET / HTTP/1.1 and responded: HTTP/1.1 200 OK
Feb 21, 2016 7:07:04 PM okhttp3.mockwebserver.MockWebServer$3 execute
INFO: MockWebServer[57863] starting to accept connections
Feb 21, 2016 7:07:04 PM okhttp3.mockwebserver.MockWebServer$3 acceptConnections
INFO: MockWebServer[57863] done accepting connections: Socket closed
Feb 21, 2016 7:07:04 PM okhttp3.mockwebserver.MockWebServer$4 processOneRequest
INFO: MockWebServer[57863] received request: GET / HTTP/1.1 and responded: HTTP/1.1 200 OK
Feb 21, 2016 7:07:04 PM okhttp3.mockwebserver.MockWebServer$3 execute
INFO: MockWebServer[43712] starting to accept connections
Feb 21, 2016 7:07:04 PM okhttp3.mockwebserver.MockWebServer$3 acceptConnections
INFO: MockWebServer[43712] done accepting connections: Socket closed
Feb 21, 2016 7:07:04 PM okhttp3.mockwebserver.MockWebServer$4 processOneRequest
INFO: MockWebServer[43712] received request: GET / HTTP/1.1 and responded: HTTP/1.1 205 Nothin
Feb 21, 2016 7:07:04 PM okhttp3.mockwebserver.MockWebServer$3 execute
INFO: MockWebServer[38981] starting to accept connections
Feb 21, 2016 7:07:04 PM okhttp3.mockwebserver.MockWebServer$4 processOneRequest
INFO: MockWebServer[38981] received request: GET / HTTP/1.1 and responded: HTTP/1.1 200 OK
Feb 21, 2016 7:07:04 PM okhttp3.mockwebserver.MockWebServer$4 processOneRequest
INFO: MockWebServer[38981] received request: GET / HTTP/1.1 and responded: HTTP/1.1 200 OK
Feb 21, 2016 7:07:04 PM okhttp3.mockwebserver.MockWebServer$3 acceptConnections
INFO: MockWebServer[38981] done accepting connections: Socket closed
Feb 21, 2016 7:07:04 PM okhttp3.mockwebserver.MockWebServer$3 execute
INFO: MockWebServer[44641] starting to accept connections
Feb 21, 2016 7:07:04 PM okhttp3.mockwebserver.MockWebServer$3 acceptConnections
INFO: MockWebServer[44641] done accepting connections: Socket closed
Feb 21, 2016 7:07:04 PM okhttp3.mockwebserver.MockWebServer$4 processOneRequest
INFO: MockWebServer[44641] received request: GET / HTTP/1.1 and responded: HTTP/1.1 200 OK
Feb 21, 2016 7:07:04 PM okhttp3.mockwebserver.MockWebServer$3 execute
INFO: MockWebServer[56242] starting to accept connections
Feb 21, 2016 7:07:04 PM okhttp3.mockwebserver.MockWebServer$3 acceptConnections
INFO: MockWebServer[56242] done accepting connections: Socket is closed
Feb 21, 2016 7:07:04 PM okhttp3.mockwebserver.MockWebServer$3 execute
INFO: MockWebServer[48394] starting to accept connections
Feb 21, 2016 7:07:04 PM okhttp3.mockwebserver.MockWebServer$3 acceptConnections
INFO: MockWebServer[48394] done accepting connections: Socket closed
Feb 21, 2016 7:07:04 PM okhttp3.mockwebserver.MockWebServer$3 execute
INFO: MockWebServer[51180] starting to accept connections
Feb 21, 2016 7:07:04 PM okhttp3.mockwebserver.MockWebServer$3 acceptConnections
INFO: MockWebServer[51180] done accepting connections: Socket closed
Feb 21, 2016 7:07:04 PM okhttp3.mockwebserver.MockWebServer$3 execute
INFO: MockWebServer[57493] starting to accept connections
Feb 21, 2016 7:07:04 PM okhttp3.mockwebserver.MockWebServer$3 acceptConnections
INFO: MockWebServer[57493] done accepting connections: Socket closed
Feb 21, 2016 7:07:04 PM okhttp3.mockwebserver.MockWebServer$4 processOneRequest
INFO: MockWebServer[57493] received request: GET / HTTP/1.1 and responded: HTTP/1.1 200 OK
Feb 21, 2016 7:07:04 PM okhttp3.mockwebserver.MockWebServer$3 execute
INFO: MockWebServer[51797] starting to accept connections
Feb 21, 2016 7:07:04 PM okhttp3.mockwebserver.MockWebServer$3 acceptConnections
INFO: MockWebServer[51797] done accepting connections: Socket closed
Feb 21, 2016 7:07:04 PM okhttp3.mockwebserver.MockWebServer$4 processOneRequest
INFO: MockWebServer[51797] received request: GET / HTTP/1.1 and responded: HTTP/1.1 200 OK
Feb 21, 2016 7:07:04 PM okhttp3.mockwebserver.MockWebServer$3 execute
INFO: MockWebServer[60437] starting to accept connections
Feb 21, 2016 7:07:04 PM okhttp3.mockwebserver.MockWebServer$3 acceptConnections
INFO: MockWebServer[60437] done accepting connections: Socket closed
Feb 21, 2016 7:07:04 PM okhttp3.mockwebserver.MockWebServer$4 processOneRequest
INFO: MockWebServer[60437] received request: GET / HTTP/1.1 and responded: HTTP/1.1 200 OK
Tests run: 34, Failures: 0, Errors: 0, Skipped: 0, Time elapsed: 1.856 sec
Running retrofit2.RequestBuilderTest
Tests run: 106, Failures: 0, Errors: 0, Skipped: 2, Time elapsed: 0.394 sec
Running retrofit2.ExecutorCallAdapterFactoryTest
Tests run: 7, Failures: 0, Errors: 0, Skipped: 0, Time elapsed: 0.222 sec
Running retrofit2.RequestFactoryParserTest
Tests run: 1, Failures: 0, Errors: 0, Skipped: 0, Time elapsed: 0.001 sec
Running retrofit2.RetrofitTest
Feb 21, 2016 7:07:05 PM okhttp3.mockwebserver.MockWebServer$3 execute
INFO: MockWebServer[54584] starting to accept connections
Feb 21, 2016 7:07:05 PM okhttp3.mockwebserver.MockWebServer$3 acceptConnections
INFO: MockWebServer[54584] done accepting connections: Socket closed
Feb 21, 2016 7:07:05 PM okhttp3.mockwebserver.MockWebServer$3 execute
INFO: MockWebServer[39306] starting to accept connections
Feb 21, 2016 7:07:05 PM okhttp3.mockwebserver.MockWebServer$3 acceptConnections
INFO: MockWebServer[39306] done accepting connections: Socket is closed
Feb 21, 2016 7:07:05 PM okhttp3.mockwebserver.MockWebServer$3 execute
INFO: MockWebServer[35421] starting to accept connections
Feb 21, 2016 7:07:05 PM okhttp3.mockwebserver.MockWebServer$3 acceptConnections
INFO: MockWebServer[35421] done accepting connections: Socket is closed
Feb 21, 2016 7:07:05 PM okhttp3.mockwebserver.MockWebServer$3 execute
INFO: MockWebServer[50056] starting to accept connections
Feb 21, 2016 7:07:05 PM okhttp3.mockwebserver.MockWebServer$3 acceptConnections
INFO: MockWebServer[50056] done accepting connections: Socket is closed
Feb 21, 2016 7:07:05 PM okhttp3.mockwebserver.MockWebServer$3 execute
INFO: MockWebServer[55006] starting to accept connections
Feb 21, 2016 7:07:05 PM okhttp3.mockwebserver.MockWebServer$3 acceptConnections
INFO: MockWebServer[55006] done accepting connections: Socket is closed
Feb 21, 2016 7:07:05 PM okhttp3.mockwebserver.MockWebServer$3 execute
INFO: MockWebServer[45488] starting to accept connections
Feb 21, 2016 7:07:05 PM okhttp3.mockwebserver.MockWebServer$3 acceptConnections
INFO: MockWebServer[45488] done accepting connections: Socket closed
Feb 21, 2016 7:07:05 PM okhttp3.mockwebserver.MockWebServer$4 processOneRequest
INFO: MockWebServer[45488] received request: GET / HTTP/1.1 and responded: HTTP/1.1 200 OK
Feb 21, 2016 7:07:05 PM okhttp3.mockwebserver.MockWebServer$3 execute
INFO: MockWebServer[46215] starting to accept connections
Feb 21, 2016 7:07:05 PM okhttp3.mockwebserver.MockWebServer$3 acceptConnections
INFO: MockWebServer[46215] done accepting connections: Socket is closed
Feb 21, 2016 7:07:05 PM okhttp3.mockwebserver.MockWebServer$3 execute
INFO: MockWebServer[52035] starting to accept connections
Feb 21, 2016 7:07:05 PM okhttp3.mockwebserver.MockWebServer$3 acceptConnections
INFO: MockWebServer[52035] done accepting connections: Socket is closed
Feb 21, 2016 7:07:05 PM okhttp3.mockwebserver.MockWebServer$3 execute
INFO: MockWebServer[44388] starting to accept connections
Feb 21, 2016 7:07:05 PM okhttp3.mockwebserver.MockWebServer$3 acceptConnections
INFO: MockWebServer[44388] done accepting connections: Socket is closed
Feb 21, 2016 7:07:05 PM okhttp3.mockwebserver.MockWebServer$3 execute
INFO: MockWebServer[45001] starting to accept connections
Feb 21, 2016 7:07:05 PM okhttp3.mockwebserver.MockWebServer$3 acceptConnections
INFO: MockWebServer[45001] done accepting connections: Socket is closed
Feb 21, 2016 7:07:05 PM okhttp3.mockwebserver.MockWebServer$3 execute
INFO: MockWebServer[57795] starting to accept connections
Feb 21, 2016 7:07:05 PM okhttp3.mockwebserver.MockWebServer$3 acceptConnections
INFO: MockWebServer[57795] done accepting connections: Socket is closed
Feb 21, 2016 7:07:05 PM okhttp3.mockwebserver.MockWebServer$3 execute
INFO: MockWebServer[36131] starting to accept connections
Feb 21, 2016 7:07:05 PM okhttp3.mockwebserver.MockWebServer$3 acceptConnections
INFO: MockWebServer[36131] done accepting connections: Socket is closed
Feb 21, 2016 7:07:05 PM okhttp3.mockwebserver.MockWebServer$3 execute
INFO: MockWebServer[53101] starting to accept connections
Feb 21, 2016 7:07:05 PM okhttp3.mockwebserver.MockWebServer$3 acceptConnections
INFO: MockWebServer[53101] done accepting connections: Socket is closed
Feb 21, 2016 7:07:06 PM okhttp3.mockwebserver.MockWebServer$3 execute
INFO: MockWebServer[50013] starting to accept connections
Feb 21, 2016 7:07:06 PM okhttp3.mockwebserver.MockWebServer$3 acceptConnections
INFO: MockWebServer[50013] done accepting connections: Socket is closed
Feb 21, 2016 7:07:06 PM okhttp3.mockwebserver.MockWebServer$3 execute
INFO: MockWebServer[42155] starting to accept connections
Feb 21, 2016 7:07:06 PM okhttp3.mockwebserver.MockWebServer$3 acceptConnections
INFO: MockWebServer[42155] done accepting connections: Socket closed
Feb 21, 2016 7:07:06 PM okhttp3.mockwebserver.MockWebServer$3 execute
INFO: MockWebServer[43723] starting to accept connections
Feb 21, 2016 7:07:06 PM okhttp3.mockwebserver.MockWebServer$3 acceptConnections
INFO: MockWebServer[43723] done accepting connections: Socket closed
Feb 21, 2016 7:07:06 PM okhttp3.mockwebserver.MockWebServer$4 processOneRequest
INFO: MockWebServer[43723] received request: GET / HTTP/1.1 and responded: HTTP/1.1 200 OK
Feb 21, 2016 7:07:06 PM okhttp3.mockwebserver.MockWebServer$3 execute
INFO: MockWebServer[33552] starting to accept connections
Feb 21, 2016 7:07:06 PM okhttp3.mockwebserver.MockWebServer$3 acceptConnections
INFO: MockWebServer[33552] done accepting connections: Socket is closed
Feb 21, 2016 7:07:06 PM okhttp3.mockwebserver.MockWebServer$3 execute
INFO: MockWebServer[52828] starting to accept connections
Feb 21, 2016 7:07:06 PM okhttp3.mockwebserver.MockWebServer$3 acceptConnections
INFO: MockWebServer[52828] done accepting connections: Socket is closed
Feb 21, 2016 7:07:06 PM okhttp3.mockwebserver.MockWebServer$3 execute
INFO: MockWebServer[36526] starting to accept connections
Feb 21, 2016 7:07:06 PM okhttp3.mockwebserver.MockWebServer$3 acceptConnections
INFO: MockWebServer[36526] done accepting connections: Socket closed
Feb 21, 2016 7:07:06 PM okhttp3.mockwebserver.MockWebServer$4 processOneRequest
INFO: MockWebServer[36526] received request: GET / HTTP/1.1 and responded: HTTP/1.1 200 OK
Feb 21, 2016 7:07:06 PM okhttp3.mockwebserver.MockWebServer$3 execute
INFO: MockWebServer[58896] starting to accept connections
Feb 21, 2016 7:07:06 PM okhttp3.mockwebserver.MockWebServer$3 acceptConnections
INFO: MockWebServer[58896] done accepting connections: Socket closed
Feb 21, 2016 7:07:06 PM okhttp3.mockwebserver.MockWebServer$3 execute
INFO: MockWebServer[44302] starting to accept connections
Feb 21, 2016 7:07:06 PM okhttp3.mockwebserver.MockWebServer$4 processOneRequest
INFO: MockWebServer[44302] received request: POST / HTTP/1.1 and responded: HTTP/1.1 200 OK
Feb 21, 2016 7:07:06 PM okhttp3.mockwebserver.MockWebServer$3 acceptConnections
INFO: MockWebServer[44302] done accepting connections: Socket closed
Feb 21, 2016 7:07:06 PM okhttp3.mockwebserver.MockWebServer$3 execute
INFO: MockWebServer[40052] starting to accept connections
Feb 21, 2016 7:07:06 PM okhttp3.mockwebserver.MockWebServer$3 acceptConnections
INFO: MockWebServer[40052] done accepting connections: Socket is closed
Feb 21, 2016 7:07:06 PM okhttp3.mockwebserver.MockWebServer$3 execute
INFO: MockWebServer[33840] starting to accept connections
Feb 21, 2016 7:07:06 PM okhttp3.mockwebserver.MockWebServer$3 acceptConnections
INFO: MockWebServer[33840] done accepting connections: Socket is closed
Feb 21, 2016 7:07:06 PM okhttp3.mockwebserver.MockWebServer$3 execute
INFO: MockWebServer[49037] starting to accept connections
Feb 21, 2016 7:07:06 PM okhttp3.mockwebserver.MockWebServer$3 acceptConnections
INFO: MockWebServer[49037] done accepting connections: Socket is closed
Feb 21, 2016 7:07:06 PM okhttp3.mockwebserver.MockWebServer$3 execute
INFO: MockWebServer[53017] starting to accept connections
Feb 21, 2016 7:07:06 PM okhttp3.mockwebserver.MockWebServer$3 acceptConnections
INFO: MockWebServer[53017] done accepting connections: Socket is closed
Feb 21, 2016 7:07:06 PM okhttp3.mockwebserver.MockWebServer$3 execute
INFO: MockWebServer[60326] starting to accept connections
Feb 21, 2016 7:07:06 PM okhttp3.mockwebserver.MockWebServer$3 acceptConnections
INFO: MockWebServer[60326] done accepting connections: Socket closed
Feb 21, 2016 7:07:06 PM okhttp3.mockwebserver.MockWebServer$3 execute
INFO: MockWebServer[38201] starting to accept connections
Feb 21, 2016 7:07:06 PM okhttp3.mockwebserver.MockWebServer$3 acceptConnections
INFO: MockWebServer[38201] done accepting connections: Socket is closed
Feb 21, 2016 7:07:06 PM okhttp3.mockwebserver.MockWebServer$3 execute
INFO: MockWebServer[50914] starting to accept connections
Feb 21, 2016 7:07:06 PM okhttp3.mockwebserver.MockWebServer$3 acceptConnections
INFO: MockWebServer[50914] done accepting connections: Socket is closed
Feb 21, 2016 7:07:06 PM okhttp3.mockwebserver.MockWebServer$3 execute
INFO: MockWebServer[54912] starting to accept connections
Feb 21, 2016 7:07:06 PM okhttp3.mockwebserver.MockWebServer$4 processOneRequest
INFO: MockWebServer[54912] received request: GET / HTTP/1.1 and responded: HTTP/1.1 200 OK
Feb 21, 2016 7:07:06 PM okhttp3.mockwebserver.MockWebServer$3 acceptConnections
INFO: MockWebServer[54912] done accepting connections: Socket closed
Feb 21, 2016 7:07:06 PM okhttp3.mockwebserver.MockWebServer$3 execute
INFO: MockWebServer[33653] starting to accept connections
Feb 21, 2016 7:07:06 PM okhttp3.mockwebserver.MockWebServer$3 acceptConnections
INFO: MockWebServer[33653] done accepting connections: Socket closed
Feb 21, 2016 7:07:06 PM okhttp3.mockwebserver.MockWebServer$3 execute
INFO: MockWebServer[41541] starting to accept connections
Feb 21, 2016 7:07:06 PM okhttp3.mockwebserver.MockWebServer$3 acceptConnections
INFO: MockWebServer[41541] done accepting connections: Socket is closed
Feb 21, 2016 7:07:06 PM okhttp3.mockwebserver.MockWebServer$3 execute
INFO: MockWebServer[44236] starting to accept connections
Feb 21, 2016 7:07:06 PM okhttp3.mockwebserver.MockWebServer$3 acceptConnections
INFO: MockWebServer[44236] done accepting connections: Socket closed
Feb 21, 2016 7:07:06 PM okhttp3.mockwebserver.MockWebServer$3 execute
INFO: MockWebServer[40256] starting to accept connections
Feb 21, 2016 7:07:06 PM okhttp3.mockwebserver.MockWebServer$3 acceptConnections
INFO: MockWebServer[40256] done accepting connections: Socket is closed
Feb 21, 2016 7:07:06 PM okhttp3.mockwebserver.MockWebServer$3 execute
INFO: MockWebServer[48767] starting to accept connections
Feb 21, 2016 7:07:06 PM okhttp3.mockwebserver.MockWebServer$3 acceptConnections
INFO: MockWebServer[48767] done accepting connections: Socket closed
Feb 21, 2016 7:07:06 PM okhttp3.mockwebserver.MockWebServer$3 execute
INFO: MockWebServer[58482] starting to accept connections
Feb 21, 2016 7:07:06 PM okhttp3.mockwebserver.MockWebServer$3 acceptConnections
INFO: MockWebServer[58482] done accepting connections: Socket is closed
Feb 21, 2016 7:07:06 PM okhttp3.mockwebserver.MockWebServer$3 execute
INFO: MockWebServer[60777] starting to accept connections
Feb 21, 2016 7:07:06 PM okhttp3.mockwebserver.MockWebServer$3 acceptConnections
INFO: MockWebServer[60777] done accepting connections: Socket is closed
Feb 21, 2016 7:07:06 PM okhttp3.mockwebserver.MockWebServer$3 execute
INFO: MockWebServer[41015] starting to accept connections
Feb 21, 2016 7:07:06 PM okhttp3.mockwebserver.MockWebServer$3 acceptConnections
INFO: MockWebServer[41015] done accepting connections: Socket is closed
Feb 21, 2016 7:07:06 PM okhttp3.mockwebserver.MockWebServer$3 execute
INFO: MockWebServer[43290] starting to accept connections
Feb 21, 2016 7:07:06 PM okhttp3.mockwebserver.MockWebServer$3 acceptConnections
INFO: MockWebServer[43290] done accepting connections: Socket is closed
Feb 21, 2016 7:07:06 PM okhttp3.mockwebserver.MockWebServer$3 execute
INFO: MockWebServer[37038] starting to accept connections
Feb 21, 2016 7:07:06 PM okhttp3.mockwebserver.MockWebServer$3 acceptConnections
INFO: MockWebServer[37038] done accepting connections: Socket is closed
Feb 21, 2016 7:07:06 PM okhttp3.mockwebserver.MockWebServer$3 execute
INFO: MockWebServer[43954] starting to accept connections
Feb 21, 2016 7:07:06 PM okhttp3.mockwebserver.MockWebServer$3 acceptConnections
INFO: MockWebServer[43954] done accepting connections: Socket closed
Feb 21, 2016 7:07:06 PM okhttp3.mockwebserver.MockWebServer$3 execute
INFO: MockWebServer[41570] starting to accept connections
Feb 21, 2016 7:07:06 PM okhttp3.mockwebserver.MockWebServer$3 acceptConnections
INFO: MockWebServer[41570] done accepting connections: Socket is closed
Feb 21, 2016 7:07:06 PM okhttp3.mockwebserver.MockWebServer$3 execute
INFO: MockWebServer[41456] starting to accept connections
Feb 21, 2016 7:07:06 PM okhttp3.mockwebserver.MockWebServer$3 acceptConnections
INFO: MockWebServer[41456] done accepting connections: Socket is closed
Feb 21, 2016 7:07:06 PM okhttp3.mockwebserver.MockWebServer$3 execute
INFO: MockWebServer[49393] starting to accept connections
Feb 21, 2016 7:07:06 PM okhttp3.mockwebserver.MockWebServer$3 acceptConnections
INFO: MockWebServer[49393] done accepting connections: Socket is closed
Feb 21, 2016 7:07:06 PM okhttp3.mockwebserver.MockWebServer$3 execute
INFO: MockWebServer[49133] starting to accept connections
Feb 21, 2016 7:07:06 PM okhttp3.mockwebserver.MockWebServer$3 acceptConnections
INFO: MockWebServer[49133] done accepting connections: Socket is closed
Feb 21, 2016 7:07:06 PM okhttp3.mockwebserver.MockWebServer$3 execute
INFO: MockWebServer[36324] starting to accept connections
Feb 21, 2016 7:07:06 PM okhttp3.mockwebserver.MockWebServer$3 acceptConnections
INFO: MockWebServer[36324] done accepting connections: Socket is closed
Feb 21, 2016 7:07:06 PM okhttp3.mockwebserver.MockWebServer$3 execute
INFO: MockWebServer[40491] starting to accept connections
Feb 21, 2016 7:07:06 PM okhttp3.mockwebserver.MockWebServer$3 acceptConnections
INFO: MockWebServer[40491] done accepting connections: Socket is closed
Feb 21, 2016 7:07:06 PM okhttp3.mockwebserver.MockWebServer$3 execute
INFO: MockWebServer[47743] starting to accept connections
Feb 21, 2016 7:07:06 PM okhttp3.mockwebserver.MockWebServer$3 acceptConnections
INFO: MockWebServer[47743] done accepting connections: Socket is closed
Feb 21, 2016 7:07:06 PM okhttp3.mockwebserver.MockWebServer$3 execute
INFO: MockWebServer[39219] starting to accept connections
Feb 21, 2016 7:07:06 PM okhttp3.mockwebserver.MockWebServer$3 acceptConnections
INFO: MockWebServer[39219] done accepting connections: Socket is closed
Feb 21, 2016 7:07:06 PM okhttp3.mockwebserver.MockWebServer$3 execute
INFO: MockWebServer[48936] starting to accept connections
Feb 21, 2016 7:07:06 PM okhttp3.mockwebserver.MockWebServer$3 acceptConnections
INFO: MockWebServer[48936] done accepting connections: Socket is closed
Feb 21, 2016 7:07:06 PM okhttp3.mockwebserver.MockWebServer$3 execute
INFO: MockWebServer[43568] starting to accept connections
Feb 21, 2016 7:07:06 PM okhttp3.mockwebserver.MockWebServer$3 acceptConnections
INFO: MockWebServer[43568] done accepting connections: Socket is closed
Feb 21, 2016 7:07:06 PM okhttp3.mockwebserver.MockWebServer$3 execute
INFO: MockWebServer[40166] starting to accept connections
Feb 21, 2016 7:07:06 PM okhttp3.mockwebserver.MockWebServer$3 acceptConnections
INFO: MockWebServer[40166] done accepting connections: Socket closed
Feb 21, 2016 7:07:06 PM okhttp3.mockwebserver.MockWebServer$3 execute
INFO: MockWebServer[60569] starting to accept connections
Feb 21, 2016 7:07:06 PM okhttp3.mockwebserver.MockWebServer$3 acceptConnections
INFO: MockWebServer[60569] done accepting connections: Socket is closed
Feb 21, 2016 7:07:06 PM okhttp3.mockwebserver.MockWebServer$3 execute
INFO: MockWebServer[54573] starting to accept connections
Feb 21, 2016 7:07:06 PM okhttp3.mockwebserver.MockWebServer$3 acceptConnections
INFO: MockWebServer[54573] done accepting connections: Socket is closed
Feb 21, 2016 7:07:06 PM okhttp3.mockwebserver.MockWebServer$3 execute
INFO: MockWebServer[60029] starting to accept connections
Feb 21, 2016 7:07:06 PM okhttp3.mockwebserver.MockWebServer$3 acceptConnections
INFO: MockWebServer[60029] done accepting connections: Socket closed
Feb 21, 2016 7:07:06 PM okhttp3.mockwebserver.MockWebServer$3 execute
INFO: MockWebServer[45627] starting to accept connections
Feb 21, 2016 7:07:06 PM okhttp3.mockwebserver.MockWebServer$3 acceptConnections
INFO: MockWebServer[45627] done accepting connections: Socket is closed
Feb 21, 2016 7:07:06 PM okhttp3.mockwebserver.MockWebServer$3 execute
INFO: MockWebServer[57165] starting to accept connections
Feb 21, 2016 7:07:06 PM okhttp3.mockwebserver.MockWebServer$3 acceptConnections
INFO: MockWebServer[57165] done accepting connections: Socket is closed
Feb 21, 2016 7:07:06 PM okhttp3.mockwebserver.MockWebServer$3 execute
INFO: MockWebServer[48653] starting to accept connections
Feb 21, 2016 7:07:06 PM okhttp3.mockwebserver.MockWebServer$3 acceptConnections
INFO: MockWebServer[48653] done accepting connections: Socket is closed
Feb 21, 2016 7:07:06 PM okhttp3.mockwebserver.MockWebServer$3 execute
INFO: MockWebServer[50640] starting to accept connections
Feb 21, 2016 7:07:06 PM okhttp3.mockwebserver.MockWebServer$3 acceptConnections
INFO: MockWebServer[50640] done accepting connections: Socket is closed
Feb 21, 2016 7:07:06 PM okhttp3.mockwebserver.MockWebServer$3 execute
INFO: MockWebServer[42666] starting to accept connections
Feb 21, 2016 7:07:06 PM okhttp3.mockwebserver.MockWebServer$3 acceptConnections
INFO: MockWebServer[42666] done accepting connections: Socket is closed
Feb 21, 2016 7:07:06 PM okhttp3.mockwebserver.MockWebServer$3 execute
INFO: MockWebServer[44049] starting to accept connections
Feb 21, 2016 7:07:06 PM okhttp3.mockwebserver.MockWebServer$3 acceptConnections
INFO: MockWebServer[44049] done accepting connections: Socket is closed
Feb 21, 2016 7:07:06 PM okhttp3.mockwebserver.MockWebServer$3 execute
INFO: MockWebServer[36488] starting to accept connections
Feb 21, 2016 7:07:06 PM okhttp3.mockwebserver.MockWebServer$3 acceptConnections
INFO: MockWebServer[36488] done accepting connections: Socket is closed
Feb 21, 2016 7:07:06 PM okhttp3.mockwebserver.MockWebServer$3 execute
INFO: MockWebServer[39230] starting to accept connections
Feb 21, 2016 7:07:06 PM okhttp3.mockwebserver.MockWebServer$3 acceptConnections
INFO: MockWebServer[39230] done accepting connections: Socket is closed
Tests run: 62, Failures: 0, Errors: 0, Skipped: 0, Time elapsed: 1.318 sec
Running retrofit2.RequestBuilderAndroidTest
WARNING: No manifest file found at ./AndroidManifest.xml.Falling back to the Android OS resources only.
To remove this warning, annotate your test class with @Config(manifest=Config.NONE).
WARNING: No manifest file found at ./AndroidManifest.xml.Falling back to the Android OS resources only.
To remove this warning, annotate your test class with @Config(manifest=Config.NONE).
Tests run: 2, Failures: 0, Errors: 0, Skipped: 0, Time elapsed: 9.735 sec
Running retrofit2.ResponseTest
Tests run: 12, Failures: 0, Errors: 0, Skipped: 0, Time elapsed: 0.009 sec

Results :

Tests run: 224, Failures: 0, Errors: 0, Skipped: 2

[INFO] 
[INFO] --- animal-sniffer-maven-plugin:1.14:check (default) @ retrofit ---
[INFO] Checking unresolved references to org.codehaus.mojo.signature:java16:1.1
[INFO]                                                                         
[INFO] ------------------------------------------------------------------------
[INFO] Building Adapters 2.0.0-SNAPSHOT
[INFO] ------------------------------------------------------------------------
[INFO] 
[INFO] --- maven-enforcer-plugin:1.0:enforce (enforce-maven) @ retrofit-adapters ---
[INFO] 
[INFO] --- animal-sniffer-maven-plugin:1.14:check (default) @ retrofit-adapters ---
[INFO] Checking unresolved references to org.codehaus.mojo.signature:java16:1.1
[INFO]                                                                         
[INFO] ------------------------------------------------------------------------
[INFO] Building Adapter: Guava 2.0.0-SNAPSHOT
[INFO] ------------------------------------------------------------------------
[INFO] 
[INFO] --- maven-enforcer-plugin:1.0:enforce (enforce-maven) @ adapter-guava ---
[INFO] 
[INFO] --- maven-resources-plugin:2.6:resources (default-resources) @ adapter-guava ---
[INFO] Using 'UTF-8' encoding to copy filtered resources.
[INFO] skip non existing resourceDirectory /home/travis/build/square/retrofit/retrofit-adapters/guava/src/main/resources
[INFO] 
[INFO] --- maven-compiler-plugin:3.0:compile (default-compile) @ adapter-guava ---
[INFO] Changes detected - recompiling the module!
[INFO] Compiling 2 source files to /home/travis/build/square/retrofit/retrofit-adapters/guava/target/classes
[INFO] 
[INFO] --- maven-resources-plugin:2.6:testResources (default-testResources) @ adapter-guava ---
[INFO] Using 'UTF-8' encoding to copy filtered resources.
[INFO] skip non existing resourceDirectory /home/travis/build/square/retrofit/retrofit-adapters/guava/src/test/resources
[INFO] 
[INFO] --- maven-compiler-plugin:3.0:testCompile (default-testCompile) @ adapter-guava ---
[INFO] Changes detected - recompiling the module!
[INFO] Compiling 3 source files to /home/travis/build/square/retrofit/retrofit-adapters/guava/target/test-classes
[INFO] 
[INFO] --- maven-surefire-plugin:2.12.4:test (default-test) @ adapter-guava ---
[INFO] Surefire report directory: /home/travis/build/square/retrofit/retrofit-adapters/guava/target/surefire-reports

-------------------------------------------------------
 T E S T S
-------------------------------------------------------
Running retrofit2.adapter.guava.ListenableFutureTest
Feb 21, 2016 7:07:19 PM okhttp3.mockwebserver.MockWebServer$3 execute
INFO: MockWebServer[34207] starting to accept connections
Feb 21, 2016 7:07:19 PM okhttp3.mockwebserver.MockWebServer$4 processOneRequest
INFO: MockWebServer[34207] received request: GET / HTTP/1.1 and responded: HTTP/1.1 200 OK
Feb 21, 2016 7:07:19 PM okhttp3.mockwebserver.MockWebServer$3 acceptConnections
INFO: MockWebServer[34207] done accepting connections: Socket closed
Feb 21, 2016 7:07:19 PM okhttp3.mockwebserver.MockWebServer$3 execute
INFO: MockWebServer[54987] starting to accept connections
Feb 21, 2016 7:07:19 PM okhttp3.mockwebserver.MockWebServer$3 acceptConnections
INFO: MockWebServer[54987] done accepting connections: Socket closed
Feb 21, 2016 7:07:19 PM okhttp3.mockwebserver.MockWebServer$4 processOneRequest
INFO: MockWebServer[54987] received request: GET / HTTP/1.1 and responded: HTTP/1.1 404 Client Error
Feb 21, 2016 7:07:19 PM okhttp3.mockwebserver.MockWebServer$3 execute
INFO: MockWebServer[49580] starting to accept connections
Feb 21, 2016 7:07:19 PM okhttp3.mockwebserver.MockWebServer$3 acceptConnections
INFO: MockWebServer[49580] done accepting connections: Socket closed
Feb 21, 2016 7:07:19 PM okhttp3.mockwebserver.MockWebServer$4 processConnection
WARNING: MockWebServer[49580] connection from /127.0.0.1 didn't make a request
Feb 21, 2016 7:07:19 PM okhttp3.mockwebserver.MockWebServer$3 execute
INFO: MockWebServer[46712] starting to accept connections
Feb 21, 2016 7:07:19 PM okhttp3.mockwebserver.MockWebServer$3 acceptConnections
INFO: MockWebServer[46712] done accepting connections: Socket closed
Feb 21, 2016 7:07:19 PM okhttp3.mockwebserver.MockWebServer$4 processOneRequest
INFO: MockWebServer[46712] received request: GET / HTTP/1.1 and responded: HTTP/1.1 200 OK
Feb 21, 2016 7:07:19 PM okhttp3.mockwebserver.MockWebServer$3 execute
INFO: MockWebServer[53040] starting to accept connections
Feb 21, 2016 7:07:19 PM okhttp3.mockwebserver.MockWebServer$3 acceptConnections
INFO: MockWebServer[53040] done accepting connections: Socket closed
Feb 21, 2016 7:07:19 PM okhttp3.mockwebserver.MockWebServer$4 processOneRequest
INFO: MockWebServer[53040] received request: GET / HTTP/1.1 and responded: HTTP/1.1 404 Client Error
Feb 21, 2016 7:07:19 PM okhttp3.mockwebserver.MockWebServer$3 execute
INFO: MockWebServer[44176] starting to accept connections
Feb 21, 2016 7:07:20 PM okhttp3.mockwebserver.MockWebServer$4 processConnection
WARNING: MockWebServer[44176] connection from /127.0.0.1 didn't make a request
Feb 21, 2016 7:07:20 PM okhttp3.mockwebserver.MockWebServer$3 acceptConnections
INFO: MockWebServer[44176] done accepting connections: Socket closed
Tests run: 6, Failures: 0, Errors: 0, Skipped: 0, Time elapsed: 0.704 sec
Running retrofit2.adapter.guava.GuavaCallAdapterFactoryTest
Feb 21, 2016 7:07:20 PM okhttp3.mockwebserver.MockWebServer$3 execute
INFO: MockWebServer[35439] starting to accept connections
Feb 21, 2016 7:07:20 PM okhttp3.mockwebserver.MockWebServer$3 acceptConnections
INFO: MockWebServer[35439] done accepting connections: Socket closed
Feb 21, 2016 7:07:20 PM okhttp3.mockwebserver.MockWebServer$3 execute
INFO: MockWebServer[48716] starting to accept connections
Feb 21, 2016 7:07:20 PM okhttp3.mockwebserver.MockWebServer$3 acceptConnections
INFO: MockWebServer[48716] done accepting connections: Socket is closed
Feb 21, 2016 7:07:20 PM okhttp3.mockwebserver.MockWebServer$3 execute
INFO: MockWebServer[40409] starting to accept connections
Feb 21, 2016 7:07:20 PM okhttp3.mockwebserver.MockWebServer$3 acceptConnections
INFO: MockWebServer[40409] done accepting connections: Socket is closed
Feb 21, 2016 7:07:20 PM okhttp3.mockwebserver.MockWebServer$3 execute
INFO: MockWebServer[47334] starting to accept connections
Feb 21, 2016 7:07:20 PM okhttp3.mockwebserver.MockWebServer$3 acceptConnections
INFO: MockWebServer[47334] done accepting connections: Socket is closed
Tests run: 4, Failures: 0, Errors: 0, Skipped: 0, Time elapsed: 0.037 sec

Results :

Tests run: 10, Failures: 0, Errors: 0, Skipped: 0

[INFO] 
[INFO] --- animal-sniffer-maven-plugin:1.14:check (default) @ adapter-guava ---
[INFO] Checking unresolved references to org.codehaus.mojo.signature:java16:1.1
[INFO]                                                                         
[INFO] ------------------------------------------------------------------------
[INFO] Building Adapter: Java 8 2.0.0-SNAPSHOT
[INFO] ------------------------------------------------------------------------
[INFO] 
[INFO] --- maven-enforcer-plugin:1.0:enforce (enforce-maven) @ adapter-java8 ---
[INFO] 
[INFO] --- maven-resources-plugin:2.6:resources (default-resources) @ adapter-java8 ---
[INFO] Using 'UTF-8' encoding to copy filtered resources.
[INFO] skip non existing resourceDirectory /home/travis/build/square/retrofit/retrofit-adapters/java8/src/main/resources
[INFO] 
[INFO] --- maven-compiler-plugin:3.0:compile (default-compile) @ adapter-java8 ---
[INFO] Changes detected - recompiling the module!
[INFO] Compiling 2 source files to /home/travis/build/square/retrofit/retrofit-adapters/java8/target/classes
[INFO] 
[INFO] --- maven-resources-plugin:2.6:testResources (default-testResources) @ adapter-java8 ---
[INFO] Using 'UTF-8' encoding to copy filtered resources.
[INFO] skip non existing resourceDirectory /home/travis/build/square/retrofit/retrofit-adapters/java8/src/test/resources
[INFO] 
[INFO] --- maven-compiler-plugin:3.0:testCompile (default-testCompile) @ adapter-java8 ---
[INFO] Changes detected - recompiling the module!
[INFO] Compiling 3 source files to /home/travis/build/square/retrofit/retrofit-adapters/java8/target/test-classes
[INFO] 
[INFO] --- maven-surefire-plugin:2.12.4:test (default-test) @ adapter-java8 ---
[INFO] Surefire report directory: /home/travis/build/square/retrofit/retrofit-adapters/java8/target/surefire-reports

-------------------------------------------------------
 T E S T S
-------------------------------------------------------
Running retrofit2.adapter.java8.Java8CallAdapterFactoryTest
Feb 21, 2016 7:07:21 PM okhttp3.mockwebserver.MockWebServer$3 execute
INFO: MockWebServer[52967] starting to accept connections
Feb 21, 2016 7:07:21 PM okhttp3.mockwebserver.MockWebServer$3 acceptConnections
INFO: MockWebServer[52967] done accepting connections: Socket closed
Feb 21, 2016 7:07:21 PM okhttp3.mockwebserver.MockWebServer$3 execute
INFO: MockWebServer[39004] starting to accept connections
Feb 21, 2016 7:07:21 PM okhttp3.mockwebserver.MockWebServer$3 acceptConnections
INFO: MockWebServer[39004] done accepting connections: Socket is closed
Feb 21, 2016 7:07:22 PM okhttp3.mockwebserver.MockWebServer$3 execute
INFO: MockWebServer[52925] starting to accept connections
Feb 21, 2016 7:07:22 PM okhttp3.mockwebserver.MockWebServer$3 acceptConnections
INFO: MockWebServer[52925] done accepting connections: Socket is closed
Feb 21, 2016 7:07:22 PM okhttp3.mockwebserver.MockWebServer$3 execute
INFO: MockWebServer[52427] starting to accept connections
Feb 21, 2016 7:07:22 PM okhttp3.mockwebserver.MockWebServer$3 acceptConnections
INFO: MockWebServer[52427] done accepting connections: Socket is closed
Tests run: 4, Failures: 0, Errors: 0, Skipped: 0, Time elapsed: 0.767 sec
Running retrofit2.adapter.java8.CompletableFutureTest
Feb 21, 2016 7:07:22 PM okhttp3.mockwebserver.MockWebServer$3 execute
INFO: MockWebServer[53611] starting to accept connections
Feb 21, 2016 7:07:22 PM okhttp3.mockwebserver.MockWebServer$4 processOneRequest
INFO: MockWebServer[53611] received request: GET / HTTP/1.1 and responded: HTTP/1.1 200 OK
Feb 21, 2016 7:07:22 PM okhttp3.mockwebserver.MockWebServer$3 acceptConnections
INFO: MockWebServer[53611] done accepting connections: Socket closed
Feb 21, 2016 7:07:22 PM okhttp3.mockwebserver.MockWebServer$3 execute
INFO: MockWebServer[44651] starting to accept connections
Feb 21, 2016 7:07:22 PM okhttp3.mockwebserver.MockWebServer$3 acceptConnections
INFO: MockWebServer[44651] done accepting connections: Socket closed
Feb 21, 2016 7:07:22 PM okhttp3.mockwebserver.MockWebServer$4 processOneRequest
INFO: MockWebServer[44651] received request: GET / HTTP/1.1 and responded: HTTP/1.1 404 Client Error
Feb 21, 2016 7:07:22 PM okhttp3.mockwebserver.MockWebServer$3 execute
INFO: MockWebServer[43115] starting to accept connections
Feb 21, 2016 7:07:22 PM okhttp3.mockwebserver.MockWebServer$3 acceptConnections
INFO: MockWebServer[43115] done accepting connections: Socket closed
Feb 21, 2016 7:07:22 PM okhttp3.mockwebserver.MockWebServer$4 processConnection
WARNING: MockWebServer[43115] connection from /127.0.0.1 didn't make a request
Feb 21, 2016 7:07:22 PM okhttp3.mockwebserver.MockWebServer$3 execute
INFO: MockWebServer[52848] starting to accept connections
Feb 21, 2016 7:07:22 PM okhttp3.mockwebserver.MockWebServer$3 acceptConnections
INFO: MockWebServer[52848] done accepting connections: Socket closed
Feb 21, 2016 7:07:22 PM okhttp3.mockwebserver.MockWebServer$4 processOneRequest
INFO: MockWebServer[52848] received request: GET / HTTP/1.1 and responded: HTTP/1.1 200 OK
Feb 21, 2016 7:07:22 PM okhttp3.mockwebserver.MockWebServer$3 execute
INFO: MockWebServer[45906] starting to accept connections
Feb 21, 2016 7:07:22 PM okhttp3.mockwebserver.MockWebServer$4 processOneRequest
INFO: MockWebServer[45906] received request: GET / HTTP/1.1 and responded: HTTP/1.1 404 Client Error
Feb 21, 2016 7:07:22 PM okhttp3.mockwebserver.MockWebServer$3 acceptConnections
INFO: MockWebServer[45906] done accepting connections: Socket closed
Feb 21, 2016 7:07:22 PM okhttp3.mockwebserver.MockWebServer$3 execute
INFO: MockWebServer[55014] starting to accept connections
Feb 21, 2016 7:07:22 PM okhttp3.mockwebserver.MockWebServer$3 acceptConnections
INFO: MockWebServer[55014] done accepting connections: Socket closed
Feb 21, 2016 7:07:22 PM okhttp3.mockwebserver.MockWebServer$4 processConnection
WARNING: MockWebServer[55014] connection from /127.0.0.1 didn't make a request
Tests run: 6, Failures: 0, Errors: 0, Skipped: 0, Time elapsed: 0.246 sec

Results :

Tests run: 10, Failures: 0, Errors: 0, Skipped: 0

[INFO] 
[INFO] --- animal-sniffer-maven-plugin:1.14:check (default) @ adapter-java8 ---
[INFO] Checking unresolved references to org.kaazing.mojo.signature:java18:1.0
[INFO]                                                                         
[INFO] ------------------------------------------------------------------------
[INFO] Building Adapter: RxJava 2.0.0-SNAPSHOT
[INFO] ------------------------------------------------------------------------
[INFO] 
[INFO] --- maven-enforcer-plugin:1.0:enforce (enforce-maven) @ adapter-rxjava ---
[INFO] 
[INFO] --- maven-resources-plugin:2.6:resources (default-resources) @ adapter-rxjava ---
[INFO] Using 'UTF-8' encoding to copy filtered resources.
[INFO] skip non existing resourceDirectory /home/travis/build/square/retrofit/retrofit-adapters/rxjava/src/main/resources
[INFO] 
[INFO] --- maven-compiler-plugin:3.0:compile (default-compile) @ adapter-rxjava ---
[INFO] Changes detected - recompiling the module!
[INFO] Compiling 4 source files to /home/travis/build/square/retrofit/retrofit-adapters/rxjava/target/classes
[INFO] 
[INFO] --- maven-resources-plugin:2.6:testResources (default-testResources) @ adapter-rxjava ---
[INFO] Using 'UTF-8' encoding to copy filtered resources.
[INFO] skip non existing resourceDirectory /home/travis/build/square/retrofit/retrofit-adapters/rxjava/src/test/resources
[INFO] 
[INFO] --- maven-compiler-plugin:3.0:testCompile (default-testCompile) @ adapter-rxjava ---
[INFO] Changes detected - recompiling the module!
[INFO] Compiling 5 source files to /home/travis/build/square/retrofit/retrofit-adapters/rxjava/target/test-classes
[INFO] 
[INFO] --- maven-surefire-plugin:2.12.4:test (default-test) @ adapter-rxjava ---
[INFO] Surefire report directory: /home/travis/build/square/retrofit/retrofit-adapters/rxjava/target/surefire-reports

-------------------------------------------------------
 T E S T S
-------------------------------------------------------
Running retrofit2.adapter.rxjava.ObservableTest
Feb 21, 2016 7:07:24 PM okhttp3.mockwebserver.MockWebServer$3 execute
INFO: MockWebServer[56824] starting to accept connections
Feb 21, 2016 7:07:24 PM okhttp3.mockwebserver.MockWebServer$4 processConnection
WARNING: MockWebServer[56824] connection from /127.0.0.1 didn't make a request
Feb 21, 2016 7:07:24 PM okhttp3.mockwebserver.MockWebServer$3 acceptConnections
INFO: MockWebServer[56824] done accepting connections: Socket closed
Feb 21, 2016 7:07:24 PM okhttp3.mockwebserver.MockWebServer$3 execute
INFO: MockWebServer[40652] starting to accept connections
Feb 21, 2016 7:07:24 PM okhttp3.mockwebserver.MockWebServer$4 processOneRequest
INFO: MockWebServer[40652] received request: GET / HTTP/1.1 and responded: HTTP/1.1 200 OK
Feb 21, 2016 7:07:24 PM okhttp3.mockwebserver.MockWebServer$3 acceptConnections
INFO: MockWebServer[40652] done accepting connections: Socket closed
Feb 21, 2016 7:07:24 PM okhttp3.mockwebserver.MockWebServer$3 execute
INFO: MockWebServer[56914] starting to accept connections
Feb 21, 2016 7:07:24 PM okhttp3.mockwebserver.MockWebServer$4 processOneRequest
INFO: MockWebServer[56914] received request: GET / HTTP/1.1 and responded: HTTP/1.1 404 Client Error
Feb 21, 2016 7:07:24 PM okhttp3.mockwebserver.MockWebServer$3 acceptConnections
INFO: MockWebServer[56914] done accepting connections: Socket closed
Feb 21, 2016 7:07:24 PM okhttp3.mockwebserver.MockWebServer$3 execute
INFO: MockWebServer[46831] starting to accept connections
Feb 21, 2016 7:07:24 PM okhttp3.mockwebserver.MockWebServer$3 acceptConnections
INFO: MockWebServer[46831] done accepting connections: Socket closed
Feb 21, 2016 7:07:24 PM okhttp3.mockwebserver.MockWebServer$4 processConnection
WARNING: MockWebServer[46831] connection from /127.0.0.1 didn't make a request
Feb 21, 2016 7:07:24 PM okhttp3.mockwebserver.MockWebServer$3 execute
INFO: MockWebServer[46479] starting to accept connections
Feb 21, 2016 7:07:24 PM okhttp3.mockwebserver.MockWebServer$3 acceptConnections
INFO: MockWebServer[46479] done accepting connections: Socket closed
Feb 21, 2016 7:07:24 PM okhttp3.mockwebserver.MockWebServer$4 processOneRequest
INFO: MockWebServer[46479] received request: GET / HTTP/1.1 and responded: HTTP/1.1 200 OK
Feb 21, 2016 7:07:24 PM okhttp3.mockwebserver.MockWebServer$3 execute
INFO: MockWebServer[42658] starting to accept connections
Feb 21, 2016 7:07:24 PM okhttp3.mockwebserver.MockWebServer$4 processOneRequest
INFO: MockWebServer[42658] received request: GET / HTTP/1.1 and responded: HTTP/1.1 404 Client Error
Feb 21, 2016 7:07:24 PM okhttp3.mockwebserver.MockWebServer$3 acceptConnections
INFO: MockWebServer[42658] done accepting connections: Socket closed
Feb 21, 2016 7:07:24 PM okhttp3.mockwebserver.MockWebServer$3 execute
INFO: MockWebServer[52952] starting to accept connections
Feb 21, 2016 7:07:24 PM okhttp3.mockwebserver.MockWebServer$4 processConnection
WARNING: MockWebServer[52952] connection from /127.0.0.1 didn't make a request
Feb 21, 2016 7:07:24 PM okhttp3.mockwebserver.MockWebServer$3 acceptConnections
INFO: MockWebServer[52952] done accepting connections: Socket closed
Feb 21, 2016 7:07:24 PM okhttp3.mockwebserver.MockWebServer$3 execute
INFO: MockWebServer[56814] starting to accept connections
Feb 21, 2016 7:07:24 PM okhttp3.mockwebserver.MockWebServer$4 processOneRequest
INFO: MockWebServer[56814] received request: GET / HTTP/1.1 and responded: HTTP/1.1 200 OK
Feb 21, 2016 7:07:24 PM okhttp3.mockwebserver.MockWebServer$3 acceptConnections
INFO: MockWebServer[56814] done accepting connections: Socket closed
Feb 21, 2016 7:07:24 PM okhttp3.mockwebserver.MockWebServer$3 execute
INFO: MockWebServer[53545] starting to accept connections
Feb 21, 2016 7:07:24 PM okhttp3.mockwebserver.MockWebServer$4 processOneRequest
INFO: MockWebServer[53545] received request: GET / HTTP/1.1 and responded: HTTP/1.1 404 Client Error
Feb 21, 2016 7:07:24 PM okhttp3.mockwebserver.MockWebServer$3 acceptConnections
INFO: MockWebServer[53545] done accepting connections: Socket closed
Tests run: 9, Failures: 0, Errors: 0, Skipped: 0, Time elapsed: 0.84 sec
Running retrofit2.adapter.rxjava.RxJavaCallAdapterFactoryTest
Tests run: 5, Failures: 0, Errors: 0, Skipped: 0, Time elapsed: 0.058 sec
Running retrofit2.adapter.rxjava.SingleTest
Feb 21, 2016 7:07:25 PM okhttp3.mockwebserver.MockWebServer$3 execute
INFO: MockWebServer[50158] starting to accept connections
Feb 21, 2016 7:07:25 PM okhttp3.mockwebserver.MockWebServer$3 acceptConnections
INFO: MockWebServer[50158] done accepting connections: Socket closed
Feb 21, 2016 7:07:25 PM okhttp3.mockwebserver.MockWebServer$4 processConnection
WARNING: MockWebServer[50158] connection from /127.0.0.1 didn't make a request
Feb 21, 2016 7:07:25 PM okhttp3.mockwebserver.MockWebServer$3 execute
INFO: MockWebServer[54809] starting to accept connections
Feb 21, 2016 7:07:25 PM okhttp3.mockwebserver.MockWebServer$3 acceptConnections
INFO: MockWebServer[54809] done accepting connections: Socket closed
Feb 21, 2016 7:07:25 PM okhttp3.mockwebserver.MockWebServer$4 processOneRequest
INFO: MockWebServer[54809] received request: GET / HTTP/1.1 and responded: HTTP/1.1 200 OK
Feb 21, 2016 7:07:25 PM okhttp3.mockwebserver.MockWebServer$3 execute
INFO: MockWebServer[51725] starting to accept connections
Feb 21, 2016 7:07:25 PM okhttp3.mockwebserver.MockWebServer$3 acceptConnections
INFO: MockWebServer[51725] done accepting connections: Socket closed
Feb 21, 2016 7:07:25 PM okhttp3.mockwebserver.MockWebServer$4 processOneRequest
INFO: MockWebServer[51725] received request: GET / HTTP/1.1 and responded: HTTP/1.1 404 Client Error
Feb 21, 2016 7:07:25 PM okhttp3.mockwebserver.MockWebServer$3 execute
INFO: MockWebServer[56212] starting to accept connections
Feb 21, 2016 7:07:25 PM okhttp3.mockwebserver.MockWebServer$4 processConnection
WARNING: MockWebServer[56212] connection from /127.0.0.1 didn't make a request
Feb 21, 2016 7:07:25 PM okhttp3.mockwebserver.MockWebServer$3 acceptConnections
INFO: MockWebServer[56212] done accepting connections: Socket closed
Feb 21, 2016 7:07:25 PM okhttp3.mockwebserver.MockWebServer$3 execute
INFO: MockWebServer[58173] starting to accept connections
Feb 21, 2016 7:07:25 PM okhttp3.mockwebserver.MockWebServer$4 processOneRequest
INFO: MockWebServer[58173] received request: GET / HTTP/1.1 and responded: HTTP/1.1 200 OK
Feb 21, 2016 7:07:25 PM okhttp3.mockwebserver.MockWebServer$3 acceptConnections
INFO: MockWebServer[58173] done accepting connections: Socket closed
Feb 21, 2016 7:07:25 PM okhttp3.mockwebserver.MockWebServer$3 execute
INFO: MockWebServer[50935] starting to accept connections
Feb 21, 2016 7:07:25 PM okhttp3.mockwebserver.MockWebServer$4 processOneRequest
INFO: MockWebServer[50935] received request: GET / HTTP/1.1 and responded: HTTP/1.1 404 Client Error
Feb 21, 2016 7:07:25 PM okhttp3.mockwebserver.MockWebServer$3 acceptConnections
INFO: MockWebServer[50935] done accepting connections: Socket closed
Feb 21, 2016 7:07:25 PM okhttp3.mockwebserver.MockWebServer$3 execute
INFO: MockWebServer[37046] starting to accept connections
Feb 21, 2016 7:07:25 PM okhttp3.mockwebserver.MockWebServer$4 processConnection
WARNING: MockWebServer[37046] connection from /127.0.0.1 didn't make a request
Feb 21, 2016 7:07:25 PM okhttp3.mockwebserver.MockWebServer$3 acceptConnections
INFO: MockWebServer[37046] done accepting connections: Socket closed
Feb 21, 2016 7:07:25 PM okhttp3.mockwebserver.MockWebServer$3 execute
INFO: MockWebServer[42907] starting to accept connections
Feb 21, 2016 7:07:25 PM okhttp3.mockwebserver.MockWebServer$3 acceptConnections
INFO: MockWebServer[42907] done accepting connections: Socket closed
Feb 21, 2016 7:07:25 PM okhttp3.mockwebserver.MockWebServer$4 processOneRequest
INFO: MockWebServer[42907] received request: GET / HTTP/1.1 and responded: HTTP/1.1 200 OK
Feb 21, 2016 7:07:25 PM okhttp3.mockwebserver.MockWebServer$3 execute
INFO: MockWebServer[57685] starting to accept connections
Feb 21, 2016 7:07:25 PM okhttp3.mockwebserver.MockWebServer$3 acceptConnections
INFO: MockWebServer[57685] done accepting connections: Socket closed
Feb 21, 2016 7:07:25 PM okhttp3.mockwebserver.MockWebServer$4 processOneRequest
INFO: MockWebServer[57685] received request: GET / HTTP/1.1 and responded: HTTP/1.1 404 Client Error
Tests run: 9, Failures: 0, Errors: 0, Skipped: 0, Time elapsed: 0.148 sec
Running retrofit2.adapter.rxjava.ResultTest
Tests run: 4, Failures: 0, Errors: 0, Skipped: 0, Time elapsed: 0 sec

Results :

Tests run: 27, Failures: 0, Errors: 0, Skipped: 0

[INFO] 
[INFO] --- animal-sniffer-maven-plugin:1.14:check (default) @ adapter-rxjava ---
[INFO] Checking unresolved references to org.codehaus.mojo.signature:java16:1.1
[INFO]                                                                         
[INFO] ------------------------------------------------------------------------
[INFO] Building Converters 2.0.0-SNAPSHOT
[INFO] ------------------------------------------------------------------------
[INFO] 
[INFO] --- maven-enforcer-plugin:1.0:enforce (enforce-maven) @ retrofit-converters ---
[INFO] 
[INFO] --- animal-sniffer-maven-plugin:1.14:check (default) @ retrofit-converters ---
[INFO] Checking unresolved references to org.codehaus.mojo.signature:java16:1.1
[INFO]                                                                         
[INFO] ------------------------------------------------------------------------
[INFO] Building Converter: Gson 2.0.0-SNAPSHOT
[INFO] ------------------------------------------------------------------------
[INFO] 
[INFO] --- maven-enforcer-plugin:1.0:enforce (enforce-maven) @ converter-gson ---
[INFO] 
[INFO] --- maven-resources-plugin:2.6:resources (default-resources) @ converter-gson ---
[INFO] Using 'UTF-8' encoding to copy filtered resources.
[INFO] skip non existing resourceDirectory /home/travis/build/square/retrofit/retrofit-converters/gson/src/main/resources
[INFO] 
[INFO] --- maven-compiler-plugin:3.0:compile (default-compile) @ converter-gson ---
[INFO] Changes detected - recompiling the module!
[INFO] Compiling 3 source files to /home/travis/build/square/retrofit/retrofit-converters/gson/target/classes
[INFO] 
[INFO] --- maven-resources-plugin:2.6:testResources (default-testResources) @ converter-gson ---
[INFO] Using 'UTF-8' encoding to copy filtered resources.
[INFO] skip non existing resourceDirectory /home/travis/build/square/retrofit/retrofit-converters/gson/src/test/resources
[INFO] 
[INFO] --- maven-compiler-plugin:3.0:testCompile (default-testCompile) @ converter-gson ---
[INFO] Changes detected - recompiling the module!
[INFO] Compiling 1 source file to /home/travis/build/square/retrofit/retrofit-converters/gson/target/test-classes
[INFO] 
[INFO] --- maven-surefire-plugin:2.12.4:test (default-test) @ converter-gson ---
[INFO] Surefire report directory: /home/travis/build/square/retrofit/retrofit-converters/gson/target/surefire-reports

-------------------------------------------------------
 T E S T S
-------------------------------------------------------
Running retrofit2.converter.gson.GsonConverterFactoryTest
Feb 21, 2016 7:07:26 PM okhttp3.mockwebserver.MockWebServer$3 execute
INFO: MockWebServer[42594] starting to accept connections
Feb 21, 2016 7:07:27 PM okhttp3.mockwebserver.MockWebServer$4 processOneRequest
INFO: MockWebServer[42594] received request: POST / HTTP/1.1 and responded: HTTP/1.1 200 OK
Feb 21, 2016 7:07:27 PM okhttp3.mockwebserver.MockWebServer$3 acceptConnections
INFO: MockWebServer[42594] done accepting connections: Socket closed
Feb 21, 2016 7:07:27 PM okhttp3.mockwebserver.MockWebServer$3 execute
INFO: MockWebServer[41537] starting to accept connections
Feb 21, 2016 7:07:27 PM okhttp3.mockwebserver.MockWebServer$3 acceptConnections
INFO: MockWebServer[41537] done accepting connections: Socket closed
Feb 21, 2016 7:07:27 PM okhttp3.mockwebserver.MockWebServer$4 processOneRequest
INFO: MockWebServer[41537] received request: POST / HTTP/1.1 and responded: HTTP/1.1 200 OK
Feb 21, 2016 7:07:27 PM okhttp3.mockwebserver.MockWebServer$3 execute
INFO: MockWebServer[58153] starting to accept connections
Feb 21, 2016 7:07:27 PM okhttp3.mockwebserver.MockWebServer$4 processOneRequest
INFO: MockWebServer[58153] received request: POST / HTTP/1.1 and responded: HTTP/1.1 200 OK
Feb 21, 2016 7:07:27 PM okhttp3.mockwebserver.MockWebServer$3 acceptConnections
INFO: MockWebServer[58153] done accepting connections: Socket closed
Tests run: 3, Failures: 0, Errors: 0, Skipped: 0, Time elapsed: 0.733 sec

Results :

Tests run: 3, Failures: 0, Errors: 0, Skipped: 0

[INFO] 
[INFO] --- animal-sniffer-maven-plugin:1.14:check (default) @ converter-gson ---
[INFO] Checking unresolved references to org.codehaus.mojo.signature:java16:1.1
[INFO]                                                                         
[INFO] ------------------------------------------------------------------------
[INFO] Building Converter: Protocol Buffers 2.0.0-SNAPSHOT
[INFO] ------------------------------------------------------------------------
[INFO] 
[INFO] --- maven-enforcer-plugin:1.0:enforce (enforce-maven) @ converter-protobuf ---
[INFO] 
[INFO] --- maven-resources-plugin:2.6:resources (default-resources) @ converter-protobuf ---
[INFO] Using 'UTF-8' encoding to copy filtered resources.
[INFO] skip non existing resourceDirectory /home/travis/build/square/retrofit/retrofit-converters/protobuf/src/main/resources
[INFO] 
[INFO] --- maven-compiler-plugin:3.0:compile (default-compile) @ converter-protobuf ---
[INFO] Changes detected - recompiling the module!
[INFO] Compiling 3 source files to /home/travis/build/square/retrofit/retrofit-converters/protobuf/target/classes
[WARNING] /home/travis/build/square/retrofit/retrofit-converters/protobuf/src/main/java/retrofit2/converter/protobuf/ProtoConverterFactory.java: /home/travis/build/square/retrofit/retrofit-converters/protobuf/src/main/java/retrofit2/converter/protobuf/ProtoConverterFactory.java uses unchecked or unsafe operations.
[WARNING] /home/travis/build/square/retrofit/retrofit-converters/protobuf/src/main/java/retrofit2/converter/protobuf/ProtoConverterFactory.java: Recompile with -Xlint:unchecked for details.
[INFO] 
[INFO] --- maven-resources-plugin:2.6:testResources (default-testResources) @ converter-protobuf ---
[INFO] Using 'UTF-8' encoding to copy filtered resources.
[INFO] skip non existing resourceDirectory /home/travis/build/square/retrofit/retrofit-converters/protobuf/src/test/resources
[INFO] 
[INFO] --- maven-compiler-plugin:3.0:testCompile (default-testCompile) @ converter-protobuf ---
[INFO] Changes detected - recompiling the module!
[INFO] Compiling 2 source files to /home/travis/build/square/retrofit/retrofit-converters/protobuf/target/test-classes
[INFO] 
[INFO] --- maven-surefire-plugin:2.12.4:test (default-test) @ converter-protobuf ---
[INFO] Surefire report directory: /home/travis/build/square/retrofit/retrofit-converters/protobuf/target/surefire-reports

-------------------------------------------------------
 T E S T S
-------------------------------------------------------
Running retrofit2.converter.protobuf.ProtoConverterFactoryTest
Feb 21, 2016 7:07:28 PM okhttp3.mockwebserver.MockWebServer$3 execute
INFO: MockWebServer[48786] starting to accept connections
Feb 21, 2016 7:07:29 PM okhttp3.mockwebserver.MockWebServer$4 processOneRequest
INFO: MockWebServer[48786] received request: POST / HTTP/1.1 and responded: HTTP/1.1 200 OK
Feb 21, 2016 7:07:29 PM okhttp3.mockwebserver.MockWebServer$3 acceptConnections
INFO: MockWebServer[48786] done accepting connections: Socket closed
Feb 21, 2016 7:07:29 PM okhttp3.mockwebserver.MockWebServer$3 execute
INFO: MockWebServer[56540] starting to accept connections
Feb 21, 2016 7:07:29 PM okhttp3.mockwebserver.MockWebServer$3 acceptConnections
INFO: MockWebServer[56540] done accepting connections: Socket closed
Feb 21, 2016 7:07:29 PM okhttp3.mockwebserver.MockWebServer$3 execute
INFO: MockWebServer[36912] starting to accept connections
Feb 21, 2016 7:07:29 PM okhttp3.mockwebserver.MockWebServer$4 processOneRequest
INFO: MockWebServer[36912] received request: GET / HTTP/1.1 and responded: HTTP/1.1 200 OK
Feb 21, 2016 7:07:29 PM okhttp3.mockwebserver.MockWebServer$3 acceptConnections
INFO: MockWebServer[36912] done accepting connections: Socket closed
Feb 21, 2016 7:07:29 PM okhttp3.mockwebserver.MockWebServer$3 execute
INFO: MockWebServer[34017] starting to accept connections
Feb 21, 2016 7:07:29 PM okhttp3.mockwebserver.MockWebServer$3 acceptConnections
INFO: MockWebServer[34017] done accepting connections: Socket is closed
Feb 21, 2016 7:07:29 PM okhttp3.mockwebserver.MockWebServer$3 execute
INFO: MockWebServer[44072] starting to accept connections
Feb 21, 2016 7:07:29 PM okhttp3.mockwebserver.MockWebServer$3 acceptConnections
INFO: MockWebServer[44072] done accepting connections: Socket closed
Feb 21, 2016 7:07:29 PM okhttp3.mockwebserver.MockWebServer$4 processOneRequest
INFO: MockWebServer[44072] received request: GET / HTTP/1.1 and responded: HTTP/1.1 200 OK
Tests run: 5, Failures: 0, Errors: 0, Skipped: 0, Time elapsed: 1.023 sec

Results :

Tests run: 5, Failures: 0, Errors: 0, Skipped: 0

[INFO] 
[INFO] --- animal-sniffer-maven-plugin:1.14:check (default) @ converter-protobuf ---
[INFO] Checking unresolved references to org.codehaus.mojo.signature:java16:1.1
[INFO]                                                                         
[INFO] ------------------------------------------------------------------------
[INFO] Building Converter: Jackson 2.0.0-SNAPSHOT
[INFO] ------------------------------------------------------------------------
[INFO] 
[INFO] --- maven-enforcer-plugin:1.0:enforce (enforce-maven) @ converter-jackson ---
[INFO] 
[INFO] --- maven-resources-plugin:2.6:resources (default-resources) @ converter-jackson ---
[INFO] Using 'UTF-8' encoding to copy filtered resources.
[INFO] skip non existing resourceDirectory /home/travis/build/square/retrofit/retrofit-converters/jackson/src/main/resources
[INFO] 
[INFO] --- maven-compiler-plugin:3.0:compile (default-compile) @ converter-jackson ---
[INFO] Changes detected - recompiling the module!
[INFO] Compiling 3 source files to /home/travis/build/square/retrofit/retrofit-converters/jackson/target/classes
[INFO] 
[INFO] --- maven-resources-plugin:2.6:testResources (default-testResources) @ converter-jackson ---
[INFO] Using 'UTF-8' encoding to copy filtered resources.
[INFO] skip non existing resourceDirectory /home/travis/build/square/retrofit/retrofit-converters/jackson/src/test/resources
[INFO] 
[INFO] --- maven-compiler-plugin:3.0:testCompile (default-testCompile) @ converter-jackson ---
[INFO] Changes detected - recompiling the module!
[INFO] Compiling 1 source file to /home/travis/build/square/retrofit/retrofit-converters/jackson/target/test-classes
[INFO] 
[INFO] --- maven-surefire-plugin:2.12.4:test (default-test) @ converter-jackson ---
[INFO] Surefire report directory: /home/travis/build/square/retrofit/retrofit-converters/jackson/target/surefire-reports

-------------------------------------------------------
 T E S T S
-------------------------------------------------------
Running retrofit2.converter.jackson.JacksonConverterFactoryTest
Feb 21, 2016 7:07:30 PM okhttp3.mockwebserver.MockWebServer$3 execute
INFO: MockWebServer[38770] starting to accept connections
Feb 21, 2016 7:07:31 PM okhttp3.mockwebserver.MockWebServer$4 processOneRequest
INFO: MockWebServer[38770] received request: POST / HTTP/1.1 and responded: HTTP/1.1 200 OK
Feb 21, 2016 7:07:31 PM okhttp3.mockwebserver.MockWebServer$3 acceptConnections
INFO: MockWebServer[38770] done accepting connections: Socket closed
Feb 21, 2016 7:07:31 PM okhttp3.mockwebserver.MockWebServer$3 execute
INFO: MockWebServer[53364] starting to accept connections
Feb 21, 2016 7:07:31 PM okhttp3.mockwebserver.MockWebServer$3 acceptConnections
INFO: MockWebServer[53364] done accepting connections: Socket closed
Feb 21, 2016 7:07:31 PM okhttp3.mockwebserver.MockWebServer$4 processOneRequest
INFO: MockWebServer[53364] received request: POST / HTTP/1.1 and responded: HTTP/1.1 200 OK
Tests run: 2, Failures: 0, Errors: 0, Skipped: 0, Time elapsed: 0.858 sec

Results :

Tests run: 2, Failures: 0, Errors: 0, Skipped: 0

[INFO] 
[INFO] --- animal-sniffer-maven-plugin:1.14:check (default) @ converter-jackson ---
[INFO] Checking unresolved references to org.codehaus.mojo.signature:java16:1.1
[INFO]                                                                         
[INFO] ------------------------------------------------------------------------
[INFO] Building Converter: Wire Protocol Buffers 2.0.0-SNAPSHOT
[INFO] ------------------------------------------------------------------------
[INFO] 
[INFO] --- maven-enforcer-plugin:1.0:enforce (enforce-maven) @ converter-wire ---
[INFO] 
[INFO] --- maven-resources-plugin:2.6:resources (default-resources) @ converter-wire ---
[INFO] Using 'UTF-8' encoding to copy filtered resources.
[INFO] skip non existing resourceDirectory /home/travis/build/square/retrofit/retrofit-converters/wire/src/main/resources
[INFO] 
[INFO] --- maven-compiler-plugin:3.0:compile (default-compile) @ converter-wire ---
[INFO] Changes detected - recompiling the module!
[INFO] Compiling 3 source files to /home/travis/build/square/retrofit/retrofit-converters/wire/target/classes
[WARNING] /home/travis/build/square/retrofit/retrofit-converters/wire/src/main/java/retrofit2/converter/wire/WireConverterFactory.java: /home/travis/build/square/retrofit/retrofit-converters/wire/src/main/java/retrofit2/converter/wire/WireConverterFactory.java uses unchecked or unsafe operations.
[WARNING] /home/travis/build/square/retrofit/retrofit-converters/wire/src/main/java/retrofit2/converter/wire/WireConverterFactory.java: Recompile with -Xlint:unchecked for details.
[INFO] 
[INFO] --- maven-resources-plugin:2.6:testResources (default-testResources) @ converter-wire ---
[INFO] Using 'UTF-8' encoding to copy filtered resources.
[INFO] skip non existing resourceDirectory /home/travis/build/square/retrofit/retrofit-converters/wire/src/test/resources
[INFO] 
[INFO] --- maven-compiler-plugin:3.0:testCompile (default-testCompile) @ converter-wire ---
[INFO] Changes detected - recompiling the module!
[INFO] Compiling 2 source files to /home/travis/build/square/retrofit/retrofit-converters/wire/target/test-classes
[INFO] 
[INFO] --- maven-surefire-plugin:2.12.4:test (default-test) @ converter-wire ---
[INFO] Surefire report directory: /home/travis/build/square/retrofit/retrofit-converters/wire/target/surefire-reports

-------------------------------------------------------
 T E S T S
-------------------------------------------------------
Running retrofit2.converter.wire.WireConverterFactoryTest
Feb 21, 2016 7:07:32 PM okhttp3.mockwebserver.MockWebServer$3 execute
INFO: MockWebServer[34165] starting to accept connections
Feb 21, 2016 7:07:33 PM okhttp3.mockwebserver.MockWebServer$4 processOneRequest
INFO: MockWebServer[34165] received request: POST / HTTP/1.1 and responded: HTTP/1.1 200 OK
Feb 21, 2016 7:07:33 PM okhttp3.mockwebserver.MockWebServer$3 acceptConnections
INFO: MockWebServer[34165] done accepting connections: Socket closed
Feb 21, 2016 7:07:33 PM okhttp3.mockwebserver.MockWebServer$3 execute
INFO: MockWebServer[36013] starting to accept connections
Feb 21, 2016 7:07:33 PM okhttp3.mockwebserver.MockWebServer$3 acceptConnections
INFO: MockWebServer[36013] done accepting connections: Socket is closed
Feb 21, 2016 7:07:33 PM okhttp3.mockwebserver.MockWebServer$3 execute
INFO: MockWebServer[52622] starting to accept connections
Feb 21, 2016 7:07:33 PM okhttp3.mockwebserver.MockWebServer$3 acceptConnections
INFO: MockWebServer[52622] done accepting connections: Socket closed
Feb 21, 2016 7:07:33 PM okhttp3.mockwebserver.MockWebServer$4 processOneRequest
INFO: MockWebServer[52622] received request: GET / HTTP/1.1 and responded: HTTP/1.1 200 OK
Feb 21, 2016 7:07:33 PM okhttp3.mockwebserver.MockWebServer$3 execute
INFO: MockWebServer[32911] starting to accept connections
Feb 21, 2016 7:07:33 PM okhttp3.mockwebserver.MockWebServer$3 acceptConnections
INFO: MockWebServer[32911] done accepting connections: Socket is closed
Feb 21, 2016 7:07:33 PM okhttp3.mockwebserver.MockWebServer$3 execute
INFO: MockWebServer[59790] starting to accept connections
Feb 21, 2016 7:07:33 PM okhttp3.mockwebserver.MockWebServer$4 processOneRequest
INFO: MockWebServer[59790] received request: GET / HTTP/1.1 and responded: HTTP/1.1 200 OK
Feb 21, 2016 7:07:33 PM okhttp3.mockwebserver.MockWebServer$3 acceptConnections
INFO: MockWebServer[59790] done accepting connections: Socket closed
Tests run: 5, Failures: 0, Errors: 0, Skipped: 0, Time elapsed: 0.778 sec

Results :

Tests run: 5, Failures: 0, Errors: 0, Skipped: 0

[INFO] 
[INFO] --- animal-sniffer-maven-plugin:1.14:check (default) @ converter-wire ---
[INFO] Checking unresolved references to org.codehaus.mojo.signature:java16:1.1
[INFO]                                                                         
[INFO] ------------------------------------------------------------------------
[INFO] Building Converter: SimpleXML 2.0.0-SNAPSHOT
[INFO] ------------------------------------------------------------------------
[INFO] 
[INFO] --- maven-enforcer-plugin:1.0:enforce (enforce-maven) @ converter-simplexml ---
[INFO] 
[INFO] --- maven-resources-plugin:2.6:resources (default-resources) @ converter-simplexml ---
[INFO] Using 'UTF-8' encoding to copy filtered resources.
[INFO] skip non existing resourceDirectory /home/travis/build/square/retrofit/retrofit-converters/simplexml/src/main/resources
[INFO] 
[INFO] --- maven-compiler-plugin:3.0:compile (default-compile) @ converter-simplexml ---
[INFO] Changes detected - recompiling the module!
[INFO] Compiling 3 source files to /home/travis/build/square/retrofit/retrofit-converters/simplexml/target/classes
[INFO] 
[INFO] --- maven-resources-plugin:2.6:testResources (default-testResources) @ converter-simplexml ---
[INFO] Using 'UTF-8' encoding to copy filtered resources.
[INFO] skip non existing resourceDirectory /home/travis/build/square/retrofit/retrofit-converters/simplexml/src/test/resources
[INFO] 
[INFO] --- maven-compiler-plugin:3.0:testCompile (default-testCompile) @ converter-simplexml ---
[INFO] Changes detected - recompiling the module!
[INFO] Compiling 2 source files to /home/travis/build/square/retrofit/retrofit-converters/simplexml/target/test-classes
[INFO] 
[INFO] --- maven-surefire-plugin:2.12.4:test (default-test) @ converter-simplexml ---
[INFO] Surefire report directory: /home/travis/build/square/retrofit/retrofit-converters/simplexml/target/surefire-reports

-------------------------------------------------------
 T E S T S
-------------------------------------------------------
Running retrofit2.converter.simplexml.SimpleXmlConverterFactoryTest
Feb 21, 2016 7:07:34 PM okhttp3.mockwebserver.MockWebServer$3 execute
INFO: MockWebServer[35455] starting to accept connections
Feb 21, 2016 7:07:35 PM okhttp3.mockwebserver.MockWebServer$4 processOneRequest
INFO: MockWebServer[35455] received request: GET / HTTP/1.1 and responded: HTTP/1.1 200 OK
Feb 21, 2016 7:07:35 PM okhttp3.mockwebserver.MockWebServer$3 acceptConnections
INFO: MockWebServer[35455] done accepting connections: Socket closed
Feb 21, 2016 7:07:35 PM okhttp3.mockwebserver.MockWebServer$3 execute
INFO: MockWebServer[43663] starting to accept connections
Feb 21, 2016 7:07:35 PM okhttp3.mockwebserver.MockWebServer$4 processOneRequest
INFO: MockWebServer[43663] received request: GET / HTTP/1.1 and responded: HTTP/1.1 200 OK
Feb 21, 2016 7:07:35 PM okhttp3.mockwebserver.MockWebServer$3 acceptConnections
INFO: MockWebServer[43663] done accepting connections: Socket closed
Feb 21, 2016 7:07:35 PM okhttp3.mockwebserver.MockWebServer$3 execute
INFO: MockWebServer[45029] starting to accept connections
Feb 21, 2016 7:07:35 PM okhttp3.mockwebserver.MockWebServer$4 processOneRequest
INFO: MockWebServer[45029] received request: POST / HTTP/1.1 and responded: HTTP/1.1 200 OK
Feb 21, 2016 7:07:35 PM okhttp3.mockwebserver.MockWebServer$3 acceptConnections
INFO: MockWebServer[45029] done accepting connections: Socket closed
Tests run: 3, Failures: 0, Errors: 0, Skipped: 0, Time elapsed: 1.761 sec

Results :

Tests run: 3, Failures: 0, Errors: 0, Skipped: 0

[INFO] 
[INFO] --- animal-sniffer-maven-plugin:1.14:check (default) @ converter-simplexml ---
[INFO] Checking unresolved references to org.codehaus.mojo.signature:java16:1.1
[INFO]                                                                         
[INFO] ------------------------------------------------------------------------
[INFO] Building Converter: Java Scalars 2.0.0-SNAPSHOT
[INFO] ------------------------------------------------------------------------
[INFO] 
[INFO] --- maven-enforcer-plugin:1.0:enforce (enforce-maven) @ converter-scalars ---
[INFO] 
[INFO] --- maven-resources-plugin:2.6:resources (default-resources) @ converter-scalars ---
[INFO] Using 'UTF-8' encoding to copy filtered resources.
[INFO] skip non existing resourceDirectory /home/travis/build/square/retrofit/retrofit-converters/scalars/src/main/resources
[INFO] 
[INFO] --- maven-compiler-plugin:3.0:compile (default-compile) @ converter-scalars ---
[INFO] Changes detected - recompiling the module!
[INFO] Compiling 3 source files to /home/travis/build/square/retrofit/retrofit-converters/scalars/target/classes
[INFO] 
[INFO] --- maven-resources-plugin:2.6:testResources (default-testResources) @ converter-scalars ---
[INFO] Using 'UTF-8' encoding to copy filtered resources.
[INFO] skip non existing resourceDirectory /home/travis/build/square/retrofit/retrofit-converters/scalars/src/test/resources
[INFO] 
[INFO] --- maven-compiler-plugin:3.0:testCompile (default-testCompile) @ converter-scalars ---
[INFO] Changes detected - recompiling the module!
[INFO] Compiling 1 source file to /home/travis/build/square/retrofit/retrofit-converters/scalars/target/test-classes
[INFO] 
[INFO] --- maven-surefire-plugin:2.12.4:test (default-test) @ converter-scalars ---
[INFO] Surefire report directory: /home/travis/build/square/retrofit/retrofit-converters/scalars/target/surefire-reports

-------------------------------------------------------
 T E S T S
-------------------------------------------------------
Running retrofit2.converter.scalars.ScalarsConverterFactoryTest
Feb 21, 2016 7:07:37 PM okhttp3.mockwebserver.MockWebServer$3 execute
INFO: MockWebServer[45609] starting to accept connections
Feb 21, 2016 7:07:37 PM okhttp3.mockwebserver.MockWebServer$3 acceptConnections
INFO: MockWebServer[45609] done accepting connections: Socket closed
Feb 21, 2016 7:07:38 PM okhttp3.mockwebserver.MockWebServer$3 execute
INFO: MockWebServer[56421] starting to accept connections
Feb 21, 2016 7:07:38 PM okhttp3.mockwebserver.MockWebServer$4 processOneRequest
INFO: MockWebServer[56421] received request: GET / HTTP/1.1 and responded: HTTP/1.1 200 OK
Feb 21, 2016 7:07:38 PM okhttp3.mockwebserver.MockWebServer$4 processOneRequest
INFO: MockWebServer[56421] received request: GET / HTTP/1.1 and responded: HTTP/1.1 200 OK
Feb 21, 2016 7:07:38 PM okhttp3.mockwebserver.MockWebServer$4 processOneRequest
INFO: MockWebServer[56421] received request: GET / HTTP/1.1 and responded: HTTP/1.1 200 OK
Feb 21, 2016 7:07:38 PM okhttp3.mockwebserver.MockWebServer$4 processOneRequest
INFO: MockWebServer[56421] received request: GET / HTTP/1.1 and responded: HTTP/1.1 200 OK
Feb 21, 2016 7:07:38 PM okhttp3.mockwebserver.MockWebServer$4 processOneRequest
INFO: MockWebServer[56421] received request: GET / HTTP/1.1 and responded: HTTP/1.1 200 OK
Feb 21, 2016 7:07:38 PM okhttp3.mockwebserver.MockWebServer$4 processOneRequest
INFO: MockWebServer[56421] received request: GET / HTTP/1.1 and responded: HTTP/1.1 200 OK
Feb 21, 2016 7:07:38 PM okhttp3.mockwebserver.MockWebServer$4 processOneRequest
INFO: MockWebServer[56421] received request: GET / HTTP/1.1 and responded: HTTP/1.1 200 OK
Feb 21, 2016 7:07:38 PM okhttp3.mockwebserver.MockWebServer$4 processOneRequest
INFO: MockWebServer[56421] received request: GET / HTTP/1.1 and responded: HTTP/1.1 200 OK
Feb 21, 2016 7:07:38 PM okhttp3.mockwebserver.MockWebServer$4 processOneRequest
INFO: MockWebServer[56421] received request: GET / HTTP/1.1 and responded: HTTP/1.1 200 OK
Feb 21, 2016 7:07:38 PM okhttp3.mockwebserver.MockWebServer$4 processOneRequest
INFO: MockWebServer[56421] received request: GET / HTTP/1.1 and responded: HTTP/1.1 200 OK
Feb 21, 2016 7:07:38 PM okhttp3.mockwebserver.MockWebServer$4 processOneRequest
INFO: MockWebServer[56421] received request: GET / HTTP/1.1 and responded: HTTP/1.1 200 OK
Feb 21, 2016 7:07:38 PM okhttp3.mockwebserver.MockWebServer$3 acceptConnections
INFO: MockWebServer[56421] done accepting connections: Socket closed
Feb 21, 2016 7:07:38 PM okhttp3.mockwebserver.MockWebServer$3 execute
INFO: MockWebServer[40356] starting to accept connections
Feb 21, 2016 7:07:38 PM okhttp3.mockwebserver.MockWebServer$4 processOneRequest
INFO: MockWebServer[40356] received request: POST / HTTP/1.1 and responded: HTTP/1.1 200 OK
Feb 21, 2016 7:07:38 PM okhttp3.mockwebserver.MockWebServer$4 processOneRequest
INFO: MockWebServer[40356] received request: POST / HTTP/1.1 and responded: HTTP/1.1 200 OK
Feb 21, 2016 7:07:38 PM okhttp3.mockwebserver.MockWebServer$4 processOneRequest
INFO: MockWebServer[40356] received request: POST / HTTP/1.1 and responded: HTTP/1.1 200 OK
Feb 21, 2016 7:07:38 PM okhttp3.mockwebserver.MockWebServer$4 processOneRequest
INFO: MockWebServer[40356] received request: POST / HTTP/1.1 and responded: HTTP/1.1 200 OK
Feb 21, 2016 7:07:38 PM okhttp3.mockwebserver.MockWebServer$4 processOneRequest
INFO: MockWebServer[40356] received request: POST / HTTP/1.1 and responded: HTTP/1.1 200 OK
Feb 21, 2016 7:07:38 PM okhttp3.mockwebserver.MockWebServer$4 processOneRequest
INFO: MockWebServer[40356] received request: POST / HTTP/1.1 and responded: HTTP/1.1 200 OK
Feb 21, 2016 7:07:38 PM okhttp3.mockwebserver.MockWebServer$4 processOneRequest
INFO: MockWebServer[40356] received request: POST / HTTP/1.1 and responded: HTTP/1.1 200 OK
Feb 21, 2016 7:07:38 PM okhttp3.mockwebserver.MockWebServer$4 processOneRequest
INFO: MockWebServer[40356] received request: POST / HTTP/1.1 and responded: HTTP/1.1 200 OK
Feb 21, 2016 7:07:38 PM okhttp3.mockwebserver.MockWebServer$4 processOneRequest
INFO: MockWebServer[40356] received request: POST / HTTP/1.1 and responded: HTTP/1.1 200 OK
Feb 21, 2016 7:07:38 PM okhttp3.mockwebserver.MockWebServer$4 processOneRequest
INFO: MockWebServer[40356] received request: POST / HTTP/1.1 and responded: HTTP/1.1 200 OK
Feb 21, 2016 7:07:38 PM okhttp3.mockwebserver.MockWebServer$4 processOneRequest
INFO: MockWebServer[40356] received request: POST / HTTP/1.1 and responded: HTTP/1.1 200 OK
Feb 21, 2016 7:07:38 PM okhttp3.mockwebserver.MockWebServer$4 processOneRequest
INFO: MockWebServer[40356] received request: POST / HTTP/1.1 and responded: HTTP/1.1 200 OK
Feb 21, 2016 7:07:38 PM okhttp3.mockwebserver.MockWebServer$4 processOneRequest
INFO: MockWebServer[40356] received request: POST / HTTP/1.1 and responded: HTTP/1.1 200 OK
Feb 21, 2016 7:07:38 PM okhttp3.mockwebserver.MockWebServer$4 processOneRequest
INFO: MockWebServer[40356] received request: POST / HTTP/1.1 and responded: HTTP/1.1 200 OK
Feb 21, 2016 7:07:38 PM okhttp3.mockwebserver.MockWebServer$4 processOneRequest
INFO: MockWebServer[40356] received request: POST / HTTP/1.1 and responded: HTTP/1.1 200 OK
Feb 21, 2016 7:07:38 PM okhttp3.mockwebserver.MockWebServer$4 processOneRequest
INFO: MockWebServer[40356] received request: POST / HTTP/1.1 and responded: HTTP/1.1 200 OK
Feb 21, 2016 7:07:38 PM okhttp3.mockwebserver.MockWebServer$4 processOneRequest
INFO: MockWebServer[40356] received request: POST / HTTP/1.1 and responded: HTTP/1.1 200 OK
Feb 21, 2016 7:07:38 PM okhttp3.mockwebserver.MockWebServer$3 acceptConnections
INFO: MockWebServer[40356] done accepting connections: Socket closed
Feb 21, 2016 7:07:38 PM okhttp3.mockwebserver.MockWebServer$3 execute
INFO: MockWebServer[44044] starting to accept connections
Feb 21, 2016 7:07:38 PM okhttp3.mockwebserver.MockWebServer$3 acceptConnections
INFO: MockWebServer[44044] done accepting connections: Socket is closed
Tests run: 4, Failures: 0, Errors: 0, Skipped: 0, Time elapsed: 1.678 sec

Results :

Tests run: 4, Failures: 0, Errors: 0, Skipped: 0

[INFO] 
[INFO] --- animal-sniffer-maven-plugin:1.14:check (default) @ converter-scalars ---
[INFO] Checking unresolved references to org.codehaus.mojo.signature:java16:1.1
[INFO]                                                                         
[INFO] ------------------------------------------------------------------------
[INFO] Building Converter: Moshi 2.0.0-SNAPSHOT
[INFO] ------------------------------------------------------------------------
[INFO] 
[INFO] --- maven-enforcer-plugin:1.0:enforce (enforce-maven) @ converter-moshi ---
[INFO] 
[INFO] --- maven-resources-plugin:2.6:resources (default-resources) @ converter-moshi ---
[INFO] Using 'UTF-8' encoding to copy filtered resources.
[INFO] skip non existing resourceDirectory /home/travis/build/square/retrofit/retrofit-converters/moshi/src/main/resources
[INFO] 
[INFO] --- maven-compiler-plugin:3.0:compile (default-compile) @ converter-moshi ---
[INFO] Changes detected - recompiling the module!
[INFO] Compiling 3 source files to /home/travis/build/square/retrofit/retrofit-converters/moshi/target/classes
[INFO] 
[INFO] --- maven-resources-plugin:2.6:testResources (default-testResources) @ converter-moshi ---
[INFO] Using 'UTF-8' encoding to copy filtered resources.
[INFO] skip non existing resourceDirectory /home/travis/build/square/retrofit/retrofit-converters/moshi/src/test/resources
[INFO] 
[INFO] --- maven-compiler-plugin:3.0:testCompile (default-testCompile) @ converter-moshi ---
[INFO] Changes detected - recompiling the module!
[INFO] Compiling 1 source file to /home/travis/build/square/retrofit/retrofit-converters/moshi/target/test-classes
[INFO] 
[INFO] --- maven-surefire-plugin:2.12.4:test (default-test) @ converter-moshi ---
[INFO] Surefire report directory: /home/travis/build/square/retrofit/retrofit-converters/moshi/target/surefire-reports

-------------------------------------------------------
 T E S T S
-------------------------------------------------------
Running retrofit2.converter.moshi.MoshiConverterFactoryTest
Feb 21, 2016 7:07:40 PM okhttp3.mockwebserver.MockWebServer$3 execute
INFO: MockWebServer[46042] starting to accept connections
Feb 21, 2016 7:07:41 PM okhttp3.mockwebserver.MockWebServer$4 processOneRequest
INFO: MockWebServer[46042] received request: POST / HTTP/1.1 and responded: HTTP/1.1 200 OK
Feb 21, 2016 7:07:41 PM okhttp3.mockwebserver.MockWebServer$3 acceptConnections
INFO: MockWebServer[46042] done accepting connections: Socket closed
Feb 21, 2016 7:07:41 PM okhttp3.mockwebserver.MockWebServer$3 execute
INFO: MockWebServer[35846] starting to accept connections
Feb 21, 2016 7:07:41 PM okhttp3.mockwebserver.MockWebServer$4 processOneRequest
INFO: MockWebServer[35846] received request: POST / HTTP/1.1 and responded: HTTP/1.1 200 OK
Feb 21, 2016 7:07:41 PM okhttp3.mockwebserver.MockWebServer$3 acceptConnections
INFO: MockWebServer[35846] done accepting connections: Socket closed
Tests run: 2, Failures: 0, Errors: 0, Skipped: 0, Time elapsed: 1.218 sec

Results :

Tests run: 2, Failures: 0, Errors: 0, Skipped: 0

[INFO] 
[INFO] --- animal-sniffer-maven-plugin:1.14:check (default) @ converter-moshi ---
[INFO] Checking unresolved references to org.codehaus.mojo.signature:java16:1.1
[INFO]                                                                         
[INFO] ------------------------------------------------------------------------
[INFO] Building Retrofit Mock Adapter 2.0.0-SNAPSHOT
[INFO] ------------------------------------------------------------------------
[INFO] 
[INFO] --- maven-enforcer-plugin:1.0:enforce (enforce-maven) @ retrofit-mock ---
[INFO] 
[INFO] --- maven-resources-plugin:2.6:resources (default-resources) @ retrofit-mock ---
[INFO] Using 'UTF-8' encoding to copy filtered resources.
[INFO] skip non existing resourceDirectory /home/travis/build/square/retrofit/retrofit-mock/src/main/resources
[INFO] 
[INFO] --- maven-compiler-plugin:3.0:compile (default-compile) @ retrofit-mock ---
[INFO] Changes detected - recompiling the module!
[INFO] Compiling 5 source files to /home/travis/build/square/retrofit/retrofit-mock/target/classes
[INFO] 
[INFO] --- maven-resources-plugin:2.6:testResources (default-testResources) @ retrofit-mock ---
[INFO] Using 'UTF-8' encoding to copy filtered resources.
[INFO] skip non existing resourceDirectory /home/travis/build/square/retrofit/retrofit-mock/src/test/resources
[INFO] 
[INFO] --- maven-compiler-plugin:3.0:testCompile (default-testCompile) @ retrofit-mock ---
[INFO] Changes detected - recompiling the module!
[INFO] Compiling 3 source files to /home/travis/build/square/retrofit/retrofit-mock/target/test-classes
[INFO] 
[INFO] --- maven-surefire-plugin:2.12.4:test (default-test) @ retrofit-mock ---
[INFO] Surefire report directory: /home/travis/build/square/retrofit/retrofit-mock/target/surefire-reports

-------------------------------------------------------
 T E S T S
-------------------------------------------------------
Running retrofit2.mock.BehaviorDelegateTest
Tests run: 10, Failures: 0, Errors: 0, Skipped: 0, Time elapsed: 1.731 sec
Running retrofit2.mock.MockRetrofitTest
Tests run: 8, Failures: 0, Errors: 0, Skipped: 0, Time elapsed: 0.073 sec
Running retrofit2.mock.NetworkBehaviorTest
Tests run: 5, Failures: 0, Errors: 0, Skipped: 0, Time elapsed: 0.096 sec

Results :

Tests run: 23, Failures: 0, Errors: 0, Skipped: 0

[INFO] 
[INFO] --- animal-sniffer-maven-plugin:1.14:check (default) @ retrofit-mock ---
[INFO] Checking unresolved references to org.codehaus.mojo.signature:java16:1.1
[INFO]                                                                         
[INFO] ------------------------------------------------------------------------
[INFO] Building Samples 2.0.0-SNAPSHOT
[INFO] ------------------------------------------------------------------------
[INFO] 
[INFO] --- maven-enforcer-plugin:1.0:enforce (enforce-maven) @ samples ---
[INFO] 
[INFO] --- maven-resources-plugin:2.6:resources (default-resources) @ samples ---
[INFO] Using 'UTF-8' encoding to copy filtered resources.
[INFO] skip non existing resourceDirectory /home/travis/build/square/retrofit/samples/src/main/resources
[INFO] 
[INFO] --- maven-compiler-plugin:3.0:compile (default-compile) @ samples ---
[INFO] Changes detected - recompiling the module!
[INFO] Compiling 7 source files to /home/travis/build/square/retrofit/samples/target/classes
[INFO] 
[INFO] --- maven-resources-plugin:2.6:testResources (default-testResources) @ samples ---
[INFO] Using 'UTF-8' encoding to copy filtered resources.
[INFO] skip non existing resourceDirectory /home/travis/build/square/retrofit/samples/src/test/resources
[INFO] 
[INFO] --- maven-compiler-plugin:3.0:testCompile (default-testCompile) @ samples ---
[INFO] No sources to compile
[INFO] 
[INFO] --- maven-surefire-plugin:2.12.4:test (default-test) @ samples ---
[INFO] No tests to run.
[INFO] 
[INFO] --- animal-sniffer-maven-plugin:1.14:check (default) @ samples ---
[INFO] Checking unresolved references to org.codehaus.mojo.signature:java16:1.1
[INFO] ------------------------------------------------------------------------
[INFO] Reactor Summary:
[INFO] 
[INFO] Retrofit (Parent) .................................. SUCCESS [  2.440 s]
[INFO] Retrofit ........................................... SUCCESS [ 27.161 s]
[INFO] Adapters ........................................... SUCCESS [  0.444 s]
[INFO] Adapter: Guava ..................................... SUCCESS [  2.078 s]
[INFO] Adapter: Java 8 .................................... SUCCESS [  2.190 s]
[INFO] Adapter: RxJava .................................... SUCCESS [  3.129 s]
[INFO] Converters ......................................... SUCCESS [  0.293 s]
[INFO] Converter: Gson .................................... SUCCESS [  1.498 s]
[INFO] Converter: Protocol Buffers ........................ SUCCESS [  2.332 s]
[INFO] Converter: Jackson ................................. SUCCESS [  1.675 s]
[INFO] Converter: Wire Protocol Buffers ................... SUCCESS [  1.828 s]
[INFO] Converter: SimpleXML ............................... SUCCESS [  2.944 s]
[INFO] Converter: Java Scalars ............................ SUCCESS [  3.029 s]
[INFO] Converter: Moshi ................................... SUCCESS [  2.603 s]
[INFO] Retrofit Mock Adapter .............................. SUCCESS [  3.899 s]
[INFO] Samples ............................................ SUCCESS [  1.481 s]
[INFO] ------------------------------------------------------------------------
[INFO] BUILD SUCCESS
[INFO] ------------------------------------------------------------------------
[INFO] Total time: 59.571 s
[INFO] Finished at: 2016-02-21T19:07:47+00:00
[INFO] Final Memory: 32M/330M
[INFO] ------------------------------------------------------------------------

travis_time:end:0ae6179a:start=1456081605577345009,finish=1456081674238347439,duration=68661002430[0K
[32;1mThe command "mvn test -B" exited with 0.[0m
travis_fold:start:cache.2[0Kstore build cache
travis_time:start:03f75060[0K
travis_time:end:03f75060:start=1456081674243633586,finish=1456081674247938879,duration=4305293[0Ktravis_time:start:19df7390[0K[32;1mchange detected:
/home/travis/.m2/repository/com/squareup/retrofit2/adapter-guava/2.0.0-SNAPSHOT/adapter-guava-2.0.0-SNAPSHOT.jar
/home/travis/.m2/repository/com/squareup/retrofit2/adapter-guava/2.0.0-SNAPSHOT/maven-metadata-local.xml
/home/travis/.m2/repository/com/squareup/retrofit2/adapter-guava/2.0.0-SNAPSHOT/_remote.repositories
/home/travis/.m2/repository/com/squareup/retrofit2/adapter-guava/maven-metadata-local.xml
/home/travis/.m2/repository/com/squareup/retrofit2/adapter-java8/2.0.0-SNAPSHOT/adapter-java8-2.0.0-SNAPSHOT.jar
/home/travis/.m2/repository/com/squareup/retrofit2/adapter-java8/2.0.0-SNAPSHOT/maven-metadata-local.xml
/home/travis/.m2/repository/com/squareup/retrofit2/adapter-java8/2.0.0-SNAPSHOT/_remote.repositories
/home/travis/.m2/repository/com/squareup/retrofit2/adapter-java8/maven-metadata-local.xml
/home/travis/.m2/repository/com/squareup/retrofit2/adapter-rxjava/2.0.0-SNAPSHOT/adapter-rxjava-2.0.0-SNAPSHOT.jar
/home/travis/.m2/repository/com/squareup/retrofit2/adapter-rxjava/2.
[0m
[32;1m...
[0m
[32;1mchanges detected, packing new archive[0m
.
[32;1muploading archive[0m

travis_time:end:19df7390:start=1456081674252205932,finish=1456081683433584407,duration=9181378475[0Ktravis_fold:end:cache.2[0Ktravis_fold:start:after_success[0Ktravis_time:start:149dcc67[0K$ .buildscript/deploy_snapshot.sh
Skipping snapshot deployment: wrong branch. Expected 'master' but was 'jwilson_0221_issue_template'.

travis_time:end:149dcc67:start=1456081683439364989,finish=1456081683445980713,duration=6615724[0Ktravis_fold:end:after_success[0K
Done. Your build exited with 0.
