Using worker: worker-linux-docker-e4033f1d.prod.travis-ci.org:travis-linux-11

travis_fold:start:system_info[0K[33;1mBuild system information[0m
Build language: java
Build group: stable
Build dist: precise
[34m[1mBuild image provisioning date and time[0m
Thu Feb  5 15:09:33 UTC 2015
[34m[1mOperating System Details[0m
Distributor ID:	Ubuntu
Description:	Ubuntu 12.04.5 LTS
Release:	12.04
Codename:	precise
[34m[1mLinux Version[0m
3.13.0-29-generic
[34m[1mCookbooks Version[0m
a68419e https://github.com/travis-ci/travis-cookbooks/tree/a68419e
[34m[1mGCC version[0m
gcc (Ubuntu/Linaro 4.6.3-1ubuntu5) 4.6.3
Copyright (C) 2011 Free Software Foundation, Inc.
This is free software; see the source for copying conditions.  There is NO
warranty; not even for MERCHANTABILITY or FITNESS FOR A PARTICULAR PURPOSE.

[34m[1mLLVM version[0m
clang version 3.4 (tags/RELEASE_34/final)
Target: x86_64-unknown-linux-gnu
Thread model: posix
[34m[1mPre-installed Ruby versions[0m
ruby-1.9.3-p551
[34m[1mPre-installed Node.js versions[0m
v0.10.36
[34m[1mPre-installed Go versions[0m
1.4.1
[34m[1mRedis version[0m
redis-server 2.8.19
[34m[1mriak version[0m
2.0.2
[34m[1mMongoDB version[0m
MongoDB 2.4.12
[34m[1mCouchDB version[0m
couchdb 1.6.1
[34m[1mNeo4j version[0m
1.9.4
[34m[1mRabbitMQ Version[0m
3.4.3
[34m[1mElasticSearch version[0m
1.4.0
[34m[1mInstalled Sphinx versions[0m
2.0.10
2.1.9
2.2.6
[34m[1mDefault Sphinx version[0m
2.2.6
[34m[1mInstalled Firefox version[0m
firefox 31.0esr
[34m[1mPhantomJS version[0m
1.9.8
[34m[1mant -version[0m
Apache Ant(TM) version 1.8.2 compiled on December 3 2011
[34m[1mmvn -version[0m
Apache Maven 3.2.5 (12a6b3acb947671f09b81f49094c53f426d8cea1; 2014-12-14T17:29:23+00:00)
Maven home: /usr/local/maven
Java version: 1.7.0_76, vendor: Oracle Corporation
Java home: /usr/lib/jvm/java-7-oracle/jre
Default locale: en_US, platform encoding: ANSI_X3.4-1968
OS name: "linux", version: "3.13.0-29-generic", arch: "amd64", family: "unix"
travis_fold:end:system_info[0K
travis_fold:start:fix.CVE-2015-7547[0K$ export DEBIAN_FRONTEND=noninteractive
W: Size of file /var/lib/apt/lists/us.archive.ubuntu.com_ubuntu_dists_precise-backports_multiverse_source_Sources.gz is not what the server reported 5886 5888
W: Size of file /var/lib/apt/lists/ppa.launchpad.net_ubuntugis_ppa_ubuntu_dists_precise_main_binary-amd64_Packages.gz is not what the server reported 36669 36677
W: Size of file /var/lib/apt/lists/ppa.launchpad.net_ubuntugis_ppa_ubuntu_dists_precise_main_binary-i386_Packages.gz is not what the server reported 36729 36733
Reading package lists...
Building dependency tree...
Reading state information...
The following extra packages will be installed:
  libc-bin libc-dev-bin libc6-dev
Suggested packages:
  glibc-doc
The following packages will be upgraded:
  libc-bin libc-dev-bin libc6 libc6-dev
4 upgraded, 0 newly installed, 0 to remove and 232 not upgraded.
Need to get 8,844 kB of archives.
After this operation, 9,216 B disk space will be freed.
Get:1 http://us.archive.ubuntu.com/ubuntu/ precise-updates/main libc6-dev amd64 2.15-0ubuntu10.13 [2,943 kB]
Get:2 http://us.archive.ubuntu.com/ubuntu/ precise-updates/main libc-dev-bin amd64 2.15-0ubuntu10.13 [84.7 kB]
Get:3 http://us.archive.ubuntu.com/ubuntu/ precise-updates/main libc-bin amd64 2.15-0ubuntu10.13 [1,179 kB]
Get:4 http://us.archive.ubuntu.com/ubuntu/ precise-updates/main libc6 amd64 2.15-0ubuntu10.13 [4,637 kB]
Fetched 8,844 kB in 0s (11.0 MB/s)
Preconfiguring packages ...
(Reading database ... (Reading database ... 5%(Reading database ... 10%(Reading database ... 15%(Reading database ... 20%(Reading database ... 25%(Reading database ... 30%(Reading database ... 35%(Reading database ... 40%(Reading database ... 45%(Reading database ... 50%(Reading database ... 55%(Reading database ... 60%(Reading database ... 65%(Reading database ... 70%(Reading database ... 75%(Reading database ... 80%(Reading database ... 85%(Reading database ... 90%(Reading database ... 95%(Reading database ... 100%(Reading database ... 72019 files and directories currently installed.)
Preparing to replace libc6-dev 2.15-0ubuntu10.10 (using .../libc6-dev_2.15-0ubuntu10.13_amd64.deb) ...
Unpacking replacement libc6-dev ...
Preparing to replace libc-dev-bin 2.15-0ubuntu10.10 (using .../libc-dev-bin_2.15-0ubuntu10.13_amd64.deb) ...
Unpacking replacement libc-dev-bin ...
Preparing to replace libc-bin 2.15-0ubuntu10.10 (using .../libc-bin_2.15-0ubuntu10.13_amd64.deb) ...
Unpacking replacement libc-bin ...
Processing triggers for man-db ...
Setting up libc-bin (2.15-0ubuntu10.13) ...
(Reading database ... (Reading database ... 5%(Reading database ... 10%(Reading database ... 15%(Reading database ... 20%(Reading database ... 25%(Reading database ... 30%(Reading database ... 35%(Reading database ... 40%(Reading database ... 45%(Reading database ... 50%(Reading database ... 55%(Reading database ... 60%(Reading database ... 65%(Reading database ... 70%(Reading database ... 75%(Reading database ... 80%(Reading database ... 85%(Reading database ... 90%(Reading database ... 95%(Reading database ... 100%(Reading database ... 72019 files and directories currently installed.)
Preparing to replace libc6 2.15-0ubuntu10.10 (using .../libc6_2.15-0ubuntu10.13_amd64.deb) ...
Unpacking replacement libc6 ...
Setting up libc6 (2.15-0ubuntu10.13) ...
Setting up libc-dev-bin (2.15-0ubuntu10.13) ...
Setting up libc6-dev (2.15-0ubuntu10.13) ...
Processing triggers for libc-bin ...
ldconfig deferred processing now taking place
travis_fold:end:fix.CVE-2015-7547[0Ktravis_fold:start:git.checkout[0Ktravis_time:start:00f97180[0K$ git clone --depth=50 https://github.com/square/retrofit.git square/retrofit
Cloning into 'square/retrofit'...
remote: Counting objects: 1782, done.[K
remote: Compressing objects:   0% (1/815)   [Kremote: Compressing objects:   1% (9/815)   [Kremote: Compressing objects:   2% (17/815)   [Kremote: Compressing objects:   3% (25/815)   [Kremote: Compressing objects:   4% (33/815)   [Kremote: Compressing objects:   5% (41/815)   [Kremote: Compressing objects:   6% (49/815)   [Kremote: Compressing objects:   7% (58/815)   [Kremote: Compressing objects:   8% (66/815)   [Kremote: Compressing objects:   9% (74/815)   [Kremote: Compressing objects:  10% (82/815)   [Kremote: Compressing objects:  11% (90/815)   [Kremote: Compressing objects:  12% (98/815)   [Kremote: Compressing objects:  13% (106/815)   [Kremote: Compressing objects:  14% (115/815)   [Kremote: Compressing objects:  15% (123/815)   [Kremote: Compressing objects:  16% (131/815)   [Kremote: Compressing objects:  17% (139/815)   [Kremote: Compressing objects:  18% (147/815)   [Kremote: Compressing objects:  19% (155/815)   [Kremote: Compressing objects:  20% (163/815)   [Kremote: Compressing objects:  21% (172/815)   [Kremote: Compressing objects:  22% (180/815)   [Kremote: Compressing objects:  23% (188/815)   [Kremote: Compressing objects:  24% (196/815)   [Kremote: Compressing objects:  25% (204/815)   [Kremote: Compressing objects:  26% (212/815)   [Kremote: Compressing objects:  27% (221/815)   [Kremote: Compressing objects:  28% (229/815)   [Kremote: Compressing objects:  29% (237/815)   [Kremote: Compressing objects:  30% (245/815)   [Kremote: Compressing objects:  31% (253/815)   [Kremote: Compressing objects:  32% (261/815)   [Kremote: Compressing objects:  33% (269/815)   [Kremote: Compressing objects:  34% (278/815)   [Kremote: Compressing objects:  35% (286/815)   [Kremote: Compressing objects:  36% (294/815)   [Kremote: Compressing objects:  37% (302/815)   [Kremote: Compressing objects:  38% (310/815)   [Kremote: Compressing objects:  39% (318/815)   [Kremote: Compressing objects:  40% (326/815)   [Kremote: Compressing objects:  41% (335/815)   [Kremote: Compressing objects:  42% (343/815)   [Kremote: Compressing objects:  43% (351/815)   [Kremote: Compressing objects:  44% (359/815)   [Kremote: Compressing objects:  45% (367/815)   [Kremote: Compressing objects:  46% (375/815)   [Kremote: Compressing objects:  47% (384/815)   [Kremote: Compressing objects:  48% (392/815)   [Kremote: Compressing objects:  49% (400/815)   [Kremote: Compressing objects:  50% (408/815)   [Kremote: Compressing objects:  51% (416/815)   [Kremote: Compressing objects:  52% (424/815)   [Kremote: Compressing objects:  53% (432/815)   [Kremote: Compressing objects:  54% (441/815)   [Kremote: Compressing objects:  55% (449/815)   [Kremote: Compressing objects:  56% (457/815)   [Kremote: Compressing objects:  57% (465/815)   [Kremote: Compressing objects:  58% (473/815)   [Kremote: Compressing objects:  59% (481/815)   [Kremote: Compressing objects:  60% (489/815)   [Kremote: Compressing objects:  61% (498/815)   [Kremote: Compressing objects:  62% (506/815)   [Kremote: Compressing objects:  63% (514/815)   [Kremote: Compressing objects:  64% (522/815)   [Kremote: Compressing objects:  65% (530/815)   [Kremote: Compressing objects:  66% (538/815)   [Kremote: Compressing objects:  67% (547/815)   [Kremote: Compressing objects:  68% (555/815)   [Kremote: Compressing objects:  69% (563/815)   [Kremote: Compressing objects:  70% (571/815)   [Kremote: Compressing objects:  71% (579/815)   [Kremote: Compressing objects:  72% (587/815)   [Kremote: Compressing objects:  73% (595/815)   [Kremote: Compressing objects:  74% (604/815)   [Kremote: Compressing objects:  75% (612/815)   [Kremote: Compressing objects:  76% (620/815)   [Kremote: Compressing objects:  77% (628/815)   [Kremote: Compressing objects:  78% (636/815)   [Kremote: Compressing objects:  79% (644/815)   [Kremote: Compressing objects:  80% (652/815)   [Kremote: Compressing objects:  81% (661/815)   [Kremote: Compressing objects:  82% (669/815)   [Kremote: Compressing objects:  83% (677/815)   [Kremote: Compressing objects:  84% (685/815)   [Kremote: Compressing objects:  85% (693/815)   [Kremote: Compressing objects:  86% (701/815)   [Kremote: Compressing objects:  87% (710/815)   [Kremote: Compressing objects:  88% (718/815)   [Kremote: Compressing objects:  89% (726/815)   [Kremote: Compressing objects:  90% (734/815)   [Kremote: Compressing objects:  91% (742/815)   [Kremote: Compressing objects:  92% (750/815)   [Kremote: Compressing objects:  93% (758/815)   [Kremote: Compressing objects:  94% (767/815)   [Kremote: Compressing objects:  95% (775/815)   [Kremote: Compressing objects:  96% (783/815)   [Kremote: Compressing objects:  97% (791/815)   [Kremote: Compressing objects:  98% (799/815)   [Kremote: Compressing objects:  99% (807/815)   [Kremote: Compressing objects: 100% (815/815)   [Kremote: Compressing objects: 100% (815/815), done.[K
Receiving objects:   0% (1/1782)   Receiving objects:   1% (18/1782)   Receiving objects:   2% (36/1782)   Receiving objects:   3% (54/1782)   Receiving objects:   4% (72/1782)   Receiving objects:   5% (90/1782)   Receiving objects:   6% (107/1782)   Receiving objects:   7% (125/1782)   Receiving objects:   8% (143/1782)   Receiving objects:   9% (161/1782)   Receiving objects:  10% (179/1782)   Receiving objects:  11% (197/1782)   Receiving objects:  12% (214/1782)   Receiving objects:  13% (232/1782)   Receiving objects:  14% (250/1782)   Receiving objects:  15% (268/1782)   Receiving objects:  16% (286/1782)   Receiving objects:  17% (303/1782)   Receiving objects:  18% (321/1782)   Receiving objects:  19% (339/1782)   Receiving objects:  20% (357/1782)   Receiving objects:  21% (375/1782)   Receiving objects:  22% (393/1782)   Receiving objects:  23% (410/1782)   Receiving objects:  24% (428/1782)   Receiving objects:  25% (446/1782)   Receiving objects:  26% (464/1782)   Receiving objects:  27% (482/1782)   Receiving objects:  28% (499/1782)   Receiving objects:  29% (517/1782)   Receiving objects:  30% (535/1782)   Receiving objects:  31% (553/1782)   Receiving objects:  32% (571/1782)   Receiving objects:  33% (589/1782)   Receiving objects:  34% (606/1782)   Receiving objects:  35% (624/1782)   Receiving objects:  36% (642/1782)   Receiving objects:  37% (660/1782)   Receiving objects:  38% (678/1782)   Receiving objects:  39% (695/1782)   Receiving objects:  40% (713/1782)   Receiving objects:  41% (731/1782)   Receiving objects:  42% (749/1782)   Receiving objects:  43% (767/1782)   Receiving objects:  44% (785/1782)   Receiving objects:  45% (802/1782)   Receiving objects:  46% (820/1782)   Receiving objects:  47% (838/1782)   Receiving objects:  48% (856/1782)   Receiving objects:  49% (874/1782)   Receiving objects:  50% (891/1782)   Receiving objects:  51% (909/1782)   Receiving objects:  52% (927/1782)   Receiving objects:  53% (945/1782)   Receiving objects:  54% (963/1782)   Receiving objects:  55% (981/1782)   Receiving objects:  56% (998/1782)   Receiving objects:  57% (1016/1782)   Receiving objects:  58% (1034/1782)   Receiving objects:  59% (1052/1782)   Receiving objects:  60% (1070/1782)   Receiving objects:  61% (1088/1782)   Receiving objects:  62% (1105/1782)   Receiving objects:  63% (1123/1782)   Receiving objects:  64% (1141/1782)   Receiving objects:  65% (1159/1782)   Receiving objects:  66% (1177/1782)   Receiving objects:  67% (1194/1782)   Receiving objects:  68% (1212/1782)   Receiving objects:  69% (1230/1782)   Receiving objects:  70% (1248/1782)   Receiving objects:  71% (1266/1782)   Receiving objects:  72% (1284/1782)   Receiving objects:  73% (1301/1782)   Receiving objects:  74% (1319/1782)   Receiving objects:  75% (1337/1782)   remote: Total 1782 (delta 646), reused 1533 (delta 453), pack-reused 0[K
Receiving objects:  76% (1355/1782)   Receiving objects:  77% (1373/1782)   Receiving objects:  78% (1390/1782)   Receiving objects:  79% (1408/1782)   Receiving objects:  80% (1426/1782)   Receiving objects:  81% (1444/1782)   Receiving objects:  82% (1462/1782)   Receiving objects:  83% (1480/1782)   Receiving objects:  84% (1497/1782)   Receiving objects:  85% (1515/1782)   Receiving objects:  86% (1533/1782)   Receiving objects:  87% (1551/1782)   Receiving objects:  88% (1569/1782)   Receiving objects:  89% (1586/1782)   Receiving objects:  90% (1604/1782)   Receiving objects:  91% (1622/1782)   Receiving objects:  92% (1640/1782)   Receiving objects:  93% (1658/1782)   Receiving objects:  94% (1676/1782)   Receiving objects:  95% (1693/1782)   Receiving objects:  96% (1711/1782)   Receiving objects:  97% (1729/1782)   Receiving objects:  98% (1747/1782)   Receiving objects:  99% (1765/1782)   Receiving objects: 100% (1782/1782)   Receiving objects: 100% (1782/1782), 396.66 KiB | 0 bytes/s, done.
Resolving deltas:   0% (0/646)   Resolving deltas:   1% (7/646)   Resolving deltas:   2% (13/646)   Resolving deltas:   4% (29/646)   Resolving deltas:   9% (64/646)   Resolving deltas:  11% (72/646)   Resolving deltas:  14% (93/646)   Resolving deltas:  17% (115/646)   Resolving deltas:  18% (121/646)   Resolving deltas:  19% (128/646)   Resolving deltas:  20% (130/646)   Resolving deltas:  21% (137/646)   Resolving deltas:  23% (152/646)   Resolving deltas:  24% (157/646)   Resolving deltas:  25% (162/646)   Resolving deltas:  26% (174/646)   Resolving deltas:  31% (201/646)   Resolving deltas:  34% (220/646)   Resolving deltas:  35% (230/646)   Resolving deltas:  36% (233/646)   Resolving deltas:  38% (249/646)   Resolving deltas:  39% (252/646)   Resolving deltas:  40% (261/646)   Resolving deltas:  41% (265/646)   Resolving deltas:  42% (275/646)   Resolving deltas:  43% (278/646)   Resolving deltas:  44% (290/646)   Resolving deltas:  45% (291/646)   Resolving deltas:  46% (298/646)   Resolving deltas:  47% (304/646)   Resolving deltas:  48% (312/646)   Resolving deltas:  50% (324/646)   Resolving deltas:  51% (332/646)   Resolving deltas:  53% (347/646)   Resolving deltas:  54% (351/646)   Resolving deltas:  55% (356/646)   Resolving deltas:  56% (367/646)   Resolving deltas:  57% (372/646)   Resolving deltas:  58% (376/646)   Resolving deltas:  60% (389/646)   Resolving deltas:  61% (399/646)   Resolving deltas:  62% (401/646)   Resolving deltas:  63% (409/646)   Resolving deltas:  65% (424/646)   Resolving deltas:  66% (428/646)   Resolving deltas:  68% (442/646)   Resolving deltas:  69% (446/646)   Resolving deltas:  70% (455/646)   Resolving deltas:  71% (459/646)   Resolving deltas:  73% (473/646)   Resolving deltas:  75% (485/646)   Resolving deltas:  76% (494/646)   Resolving deltas:  77% (498/646)   Resolving deltas:  78% (504/646)   Resolving deltas:  79% (515/646)   Resolving deltas:  80% (519/646)   Resolving deltas:  81% (524/646)   Resolving deltas:  83% (540/646)   Resolving deltas:  84% (547/646)   Resolving deltas:  85% (552/646)   Resolving deltas:  87% (568/646)   Resolving deltas:  88% (574/646)   Resolving deltas:  89% (575/646)   Resolving deltas:  90% (583/646)   Resolving deltas:  91% (589/646)   Resolving deltas:  92% (597/646)   Resolving deltas:  93% (601/646)   Resolving deltas:  94% (608/646)   Resolving deltas:  95% (615/646)   Resolving deltas:  96% (621/646)   Resolving deltas:  98% (635/646)   Resolving deltas:  99% (641/646)   Resolving deltas: 100% (646/646)   Resolving deltas: 100% (646/646), done.
Checking connectivity... done.

travis_time:end:00f97180:start=1457624226479927696,finish=1457624226985977996,duration=506050300[0K$ cd square/retrofit
travis_time:start:06d28d2a[0K$ git fetch origin +refs/pull/1666/merge:
remote: Counting objects: 17, done.[K
remote: Compressing objects:  20% (1/5)   [Kremote: Compressing objects:  40% (2/5)   [Kremote: Compressing objects:  60% (3/5)   [Kremote: Compressing objects:  80% (4/5)   [Kremote: Compressing objects: 100% (5/5)   [Kremote: Compressing objects: 100% (5/5), done.[K
remote: Total 17 (delta 8), reused 17 (delta 8), pack-reused 0[K
Unpacking objects:   5% (1/17)   Unpacking objects:  11% (2/17)   Unpacking objects:  17% (3/17)   Unpacking objects:  23% (4/17)   Unpacking objects:  29% (5/17)   Unpacking objects:  35% (6/17)   Unpacking objects:  41% (7/17)   Unpacking objects:  47% (8/17)   Unpacking objects:  52% (9/17)   Unpacking objects:  58% (10/17)   Unpacking objects:  64% (11/17)   Unpacking objects:  70% (12/17)   Unpacking objects:  76% (13/17)   Unpacking objects:  82% (14/17)   Unpacking objects:  88% (15/17)   Unpacking objects:  94% (16/17)   Unpacking objects: 100% (17/17)   Unpacking objects: 100% (17/17), done.
From https://github.com/square/retrofit
 * branch            refs/pull/1666/merge -> FETCH_HEAD

travis_time:end:06d28d2a:start=1457624226990396830,finish=1457624227307165681,duration=316768851[0K$ git checkout -qf FETCH_HEAD
travis_fold:end:git.checkout[0K
[33;1mThis job is running on container-based infrastructure, which does not allow use of 'sudo', setuid and setguid executables.[0m
[33;1mIf you require sudo, add 'sudo: required' to your .travis.yml[0m
[33;1mSee https://docs.travis-ci.com/user/workers/container-based-infrastructure/ for details.[0m

[33;1mSetting environment variables from .travis.yml[0m
$ export CI_DEPLOY_USERNAME=[secure]
$ export CI_DEPLOY_PASSWORD=[secure]

$ jdk_switcher use oraclejdk8
Switching to Oracle JDK8 (java-8-oracle), JAVA_HOME will be set to /usr/lib/jvm/java-8-oracle
travis_fold:start:cache.1[0KSetting up build cache
$ export CASHER_DIR=$HOME/.casher
travis_time:start:023c4450[0K$ Installing caching utilities

travis_time:end:023c4450:start=1457624229568913760,finish=1457624229613608791,duration=44695031[0Ktravis_time:start:0e419c14[0K
travis_time:end:0e419c14:start=1457624229618527327,finish=1457624229621876864,duration=3349537[0Ktravis_time:start:082efd38[0K[32;1mattempting to download cache archive[0m
[32;1mfetching PR.1666/cache--jdk-oraclejdk8.tgz[0m
[32;1mfetching PR.1666/cache--jdk-oraclejdk8.tbz[0m
[32;1mfetching master/cache--jdk-oraclejdk8.tgz[0m
[32;1mfound cache[0m

travis_time:end:082efd38:start=1457624229625971718,finish=1457624231796751344,duration=2170779626[0Ktravis_time:start:1819fdfa[0K
travis_time:end:1819fdfa:start=1457624231800539450,finish=1457624231804611955,duration=4072505[0Ktravis_time:start:0775b06c[0K[32;1madding /home/travis/.m2 to cache[0m

travis_time:end:0775b06c:start=1457624231809186730,finish=1457624233578497983,duration=1769311253[0Ktravis_fold:end:cache.1[0K$ java -Xmx32m -version
java version "1.8.0_31"
Java(TM) SE Runtime Environment (build 1.8.0_31-b13)
Java HotSpot(TM) 64-Bit Server VM (build 25.31-b07, mixed mode)
$ javac -J-Xmx32m -version
javac 1.8.0_31
travis_fold:start:install[0Ktravis_time:start:06d58838[0K$ mvn install -DskipTests=true -Dmaven.javadoc.skip=true -B -V
Java HotSpot(TM) 64-Bit Server VM warning: ignoring option MaxPermSize=192m; support was removed in 8.0
Apache Maven 3.2.5 (12a6b3acb947671f09b81f49094c53f426d8cea1; 2014-12-14T17:29:23+00:00)
Maven home: /usr/local/maven
Java version: 1.8.0_31, vendor: Oracle Corporation
Java home: /usr/lib/jvm/java-8-oracle/jre
Default locale: en_US, platform encoding: UTF-8
OS name: "linux", version: "3.13.0-40-generic", arch: "amd64", family: "unix"
[INFO] Scanning for projects...
[WARNING] 
[WARNING] Some problems were encountered while building the effective model for com.squareup.retrofit2:samples:jar:2.0.0-SNAPSHOT
[WARNING] 'build.plugins.plugin.version' for org.apache.maven.plugins:maven-deploy-plugin is missing. @ com.squareup.retrofit2:samples:[unknown-version], /home/travis/build/square/retrofit/samples/pom.xml, line 50, column 15
[WARNING] 
[WARNING] It is highly recommended to fix these problems because they threaten the stability of your build.
[WARNING] 
[WARNING] For this reason, future Maven versions might no longer support building such malformed projects.
[WARNING] 
[INFO] ------------------------------------------------------------------------
[INFO] Reactor Build Order:
[INFO] 
[INFO] Retrofit (Parent)
[INFO] Retrofit
[INFO] Adapters
[INFO] Adapter: Guava
[INFO] Adapter: Java 8
[INFO] Adapter: RxJava
[INFO] Converters
[INFO] Converter: Gson
[INFO] Converter: Protocol Buffers
[INFO] Converter: Jackson
[INFO] Converter: Wire Protocol Buffers
[INFO] Converter: SimpleXML
[INFO] Converter: Java Scalars
[INFO] Converter: Moshi
[INFO] Retrofit Mock Adapter
[INFO] Samples
[INFO]                                                                         
[INFO] ------------------------------------------------------------------------
[INFO] Building Retrofit (Parent) 2.0.0-SNAPSHOT
[INFO] ------------------------------------------------------------------------
[INFO] 
[INFO] --- maven-enforcer-plugin:1.0:enforce (enforce-maven) @ parent ---
[INFO] 
[INFO] --- animal-sniffer-maven-plugin:1.14:check (default) @ parent ---
[INFO] Checking unresolved references to org.codehaus.mojo.signature:java16:1.1
[INFO] 
[INFO] --- maven-javadoc-plugin:2.10.3:jar (attach-javadocs) @ parent ---
[INFO] Skipping javadoc generation
[INFO] 
[INFO] --- maven-checkstyle-plugin:2.15:checkstyle (default) @ parent ---
[INFO] 
[INFO] --- maven-install-plugin:2.4:install (default-install) @ parent ---
[INFO] Installing /home/travis/build/square/retrofit/pom.xml to /home/travis/.m2/repository/com/squareup/retrofit2/parent/2.0.0-SNAPSHOT/parent-2.0.0-SNAPSHOT.pom
[INFO]                                                                         
[INFO] ------------------------------------------------------------------------
[INFO] Building Retrofit 2.0.0-SNAPSHOT
[INFO] ------------------------------------------------------------------------
[INFO] 
[INFO] --- maven-enforcer-plugin:1.0:enforce (enforce-maven) @ retrofit ---
[INFO] 
[INFO] --- maven-resources-plugin:2.6:resources (default-resources) @ retrofit ---
[INFO] Using 'UTF-8' encoding to copy filtered resources.
[INFO] skip non existing resourceDirectory /home/travis/build/square/retrofit/retrofit/src/main/resources
[INFO] 
[INFO] --- maven-compiler-plugin:3.0:compile (default-compile) @ retrofit ---
[INFO] Changes detected - recompiling the module!
[INFO] Compiling 39 source files to /home/travis/build/square/retrofit/retrofit/target/classes
[WARNING] /home/travis/build/square/retrofit/retrofit/src/main/java/retrofit2/Retrofit.java: Some input files use unchecked or unsafe operations.
[WARNING] /home/travis/build/square/retrofit/retrofit/src/main/java/retrofit2/Retrofit.java: Recompile with -Xlint:unchecked for details.
[INFO] 
[INFO] --- maven-resources-plugin:2.6:testResources (default-testResources) @ retrofit ---
[INFO] Using 'UTF-8' encoding to copy filtered resources.
[INFO] skip non existing resourceDirectory /home/travis/build/square/retrofit/retrofit/src/test/resources
[INFO] 
[INFO] --- maven-compiler-plugin:3.0:testCompile (default-testCompile) @ retrofit ---
[INFO] Changes detected - recompiling the module!
[INFO] Compiling 13 source files to /home/travis/build/square/retrofit/retrofit/target/test-classes
[WARNING] /home/travis/build/square/retrofit/retrofit/src/test/java/retrofit2/RetrofitTest.java: /home/travis/build/square/retrofit/retrofit/src/test/java/retrofit2/RetrofitTest.java uses unchecked or unsafe operations.
[WARNING] /home/travis/build/square/retrofit/retrofit/src/test/java/retrofit2/RetrofitTest.java: Recompile with -Xlint:unchecked for details.
[INFO] 
[INFO] --- maven-surefire-plugin:2.12.4:test (default-test) @ retrofit ---
[INFO] Tests are skipped.
[INFO] 
[INFO] --- animal-sniffer-maven-plugin:1.14:check (default) @ retrofit ---
[INFO] Checking unresolved references to org.codehaus.mojo.signature:java16:1.1
[INFO] 
[INFO] --- maven-jar-plugin:2.4:jar (default-jar) @ retrofit ---
[INFO] Building jar: /home/travis/build/square/retrofit/retrofit/target/retrofit-2.0.0-SNAPSHOT.jar
[INFO] 
[INFO] --- maven-javadoc-plugin:2.10.3:jar (attach-javadocs) @ retrofit ---
[INFO] Skipping javadoc generation
[INFO] 
[INFO] --- maven-checkstyle-plugin:2.15:checkstyle (default) @ retrofit ---
[INFO] Starting audit...
Audit done.
[WARNING] Unable to locate Source XRef to link to - DISABLED
[INFO] 
[INFO] --- maven-install-plugin:2.4:install (default-install) @ retrofit ---
[INFO] Installing /home/travis/build/square/retrofit/retrofit/target/retrofit-2.0.0-SNAPSHOT.jar to /home/travis/.m2/repository/com/squareup/retrofit2/retrofit/2.0.0-SNAPSHOT/retrofit-2.0.0-SNAPSHOT.jar
[INFO] Installing /home/travis/build/square/retrofit/retrofit/pom.xml to /home/travis/.m2/repository/com/squareup/retrofit2/retrofit/2.0.0-SNAPSHOT/retrofit-2.0.0-SNAPSHOT.pom
[INFO]                                                                         
[INFO] ------------------------------------------------------------------------
[INFO] Building Adapters 2.0.0-SNAPSHOT
[INFO] ------------------------------------------------------------------------
[INFO] 
[INFO] --- maven-enforcer-plugin:1.0:enforce (enforce-maven) @ retrofit-adapters ---
[INFO] 
[INFO] --- animal-sniffer-maven-plugin:1.14:check (default) @ retrofit-adapters ---
[INFO] Checking unresolved references to org.codehaus.mojo.signature:java16:1.1
[INFO] 
[INFO] --- maven-javadoc-plugin:2.10.3:jar (attach-javadocs) @ retrofit-adapters ---
[INFO] Skipping javadoc generation
[INFO] 
[INFO] --- maven-checkstyle-plugin:2.15:checkstyle (default) @ retrofit-adapters ---
[INFO] 
[INFO] --- maven-install-plugin:2.4:install (default-install) @ retrofit-adapters ---
[INFO] Installing /home/travis/build/square/retrofit/retrofit-adapters/pom.xml to /home/travis/.m2/repository/com/squareup/retrofit2/retrofit-adapters/2.0.0-SNAPSHOT/retrofit-adapters-2.0.0-SNAPSHOT.pom
[INFO]                                                                         
[INFO] ------------------------------------------------------------------------
[INFO] Building Adapter: Guava 2.0.0-SNAPSHOT
[INFO] ------------------------------------------------------------------------
[INFO] 
[INFO] --- maven-enforcer-plugin:1.0:enforce (enforce-maven) @ adapter-guava ---
[INFO] 
[INFO] --- maven-resources-plugin:2.6:resources (default-resources) @ adapter-guava ---
[INFO] Using 'UTF-8' encoding to copy filtered resources.
[INFO] skip non existing resourceDirectory /home/travis/build/square/retrofit/retrofit-adapters/guava/src/main/resources
[INFO] 
[INFO] --- maven-compiler-plugin:3.0:compile (default-compile) @ adapter-guava ---
[INFO] Changes detected - recompiling the module!
[INFO] Compiling 2 source files to /home/travis/build/square/retrofit/retrofit-adapters/guava/target/classes
[INFO] 
[INFO] --- maven-resources-plugin:2.6:testResources (default-testResources) @ adapter-guava ---
[INFO] Using 'UTF-8' encoding to copy filtered resources.
[INFO] skip non existing resourceDirectory /home/travis/build/square/retrofit/retrofit-adapters/guava/src/test/resources
[INFO] 
[INFO] --- maven-compiler-plugin:3.0:testCompile (default-testCompile) @ adapter-guava ---
[INFO] Changes detected - recompiling the module!
[INFO] Compiling 3 source files to /home/travis/build/square/retrofit/retrofit-adapters/guava/target/test-classes
[INFO] 
[INFO] --- maven-surefire-plugin:2.12.4:test (default-test) @ adapter-guava ---
[INFO] Tests are skipped.
[INFO] 
[INFO] --- animal-sniffer-maven-plugin:1.14:check (default) @ adapter-guava ---
[INFO] Checking unresolved references to org.codehaus.mojo.signature:java16:1.1
[INFO] 
[INFO] --- maven-jar-plugin:2.4:jar (default-jar) @ adapter-guava ---
[INFO] Building jar: /home/travis/build/square/retrofit/retrofit-adapters/guava/target/adapter-guava-2.0.0-SNAPSHOT.jar
[INFO] 
[INFO] --- maven-javadoc-plugin:2.10.3:jar (attach-javadocs) @ adapter-guava ---
[INFO] Skipping javadoc generation
[INFO] 
[INFO] --- maven-checkstyle-plugin:2.15:checkstyle (default) @ adapter-guava ---
[INFO] Starting audit...
Audit done.
[WARNING] Unable to locate Source XRef to link to - DISABLED
[INFO] 
[INFO] --- maven-install-plugin:2.4:install (default-install) @ adapter-guava ---
[INFO] Installing /home/travis/build/square/retrofit/retrofit-adapters/guava/target/adapter-guava-2.0.0-SNAPSHOT.jar to /home/travis/.m2/repository/com/squareup/retrofit2/adapter-guava/2.0.0-SNAPSHOT/adapter-guava-2.0.0-SNAPSHOT.jar
[INFO] Installing /home/travis/build/square/retrofit/retrofit-adapters/guava/pom.xml to /home/travis/.m2/repository/com/squareup/retrofit2/adapter-guava/2.0.0-SNAPSHOT/adapter-guava-2.0.0-SNAPSHOT.pom
[INFO]                                                                         
[INFO] ------------------------------------------------------------------------
[INFO] Building Adapter: Java 8 2.0.0-SNAPSHOT
[INFO] ------------------------------------------------------------------------
[INFO] 
[INFO] --- maven-enforcer-plugin:1.0:enforce (enforce-maven) @ adapter-java8 ---
[INFO] 
[INFO] --- maven-resources-plugin:2.6:resources (default-resources) @ adapter-java8 ---
[INFO] Using 'UTF-8' encoding to copy filtered resources.
[INFO] skip non existing resourceDirectory /home/travis/build/square/retrofit/retrofit-adapters/java8/src/main/resources
[INFO] 
[INFO] --- maven-compiler-plugin:3.0:compile (default-compile) @ adapter-java8 ---
[INFO] Changes detected - recompiling the module!
[INFO] Compiling 2 source files to /home/travis/build/square/retrofit/retrofit-adapters/java8/target/classes
[INFO] 
[INFO] --- maven-resources-plugin:2.6:testResources (default-testResources) @ adapter-java8 ---
[INFO] Using 'UTF-8' encoding to copy filtered resources.
[INFO] skip non existing resourceDirectory /home/travis/build/square/retrofit/retrofit-adapters/java8/src/test/resources
[INFO] 
[INFO] --- maven-compiler-plugin:3.0:testCompile (default-testCompile) @ adapter-java8 ---
[INFO] Changes detected - recompiling the module!
[INFO] Compiling 3 source files to /home/travis/build/square/retrofit/retrofit-adapters/java8/target/test-classes
[INFO] 
[INFO] --- maven-surefire-plugin:2.12.4:test (default-test) @ adapter-java8 ---
[INFO] Tests are skipped.
[INFO] 
[INFO] --- animal-sniffer-maven-plugin:1.14:check (default) @ adapter-java8 ---
[INFO] Checking unresolved references to org.kaazing.mojo.signature:java18:1.0
[INFO] 
[INFO] --- maven-jar-plugin:2.4:jar (default-jar) @ adapter-java8 ---
[INFO] Building jar: /home/travis/build/square/retrofit/retrofit-adapters/java8/target/adapter-java8-2.0.0-SNAPSHOT.jar
[INFO] 
[INFO] --- maven-javadoc-plugin:2.10.3:jar (attach-javadocs) @ adapter-java8 ---
[INFO] Skipping javadoc generation
[INFO] 
[INFO] --- maven-checkstyle-plugin:2.15:checkstyle (default) @ adapter-java8 ---
[INFO] Starting audit...
Audit done.
[WARNING] Unable to locate Source XRef to link to - DISABLED
[INFO] 
[INFO] --- maven-install-plugin:2.4:install (default-install) @ adapter-java8 ---
[INFO] Installing /home/travis/build/square/retrofit/retrofit-adapters/java8/target/adapter-java8-2.0.0-SNAPSHOT.jar to /home/travis/.m2/repository/com/squareup/retrofit2/adapter-java8/2.0.0-SNAPSHOT/adapter-java8-2.0.0-SNAPSHOT.jar
[INFO] Installing /home/travis/build/square/retrofit/retrofit-adapters/java8/pom.xml to /home/travis/.m2/repository/com/squareup/retrofit2/adapter-java8/2.0.0-SNAPSHOT/adapter-java8-2.0.0-SNAPSHOT.pom
[INFO]                                                                         
[INFO] ------------------------------------------------------------------------
[INFO] Building Adapter: RxJava 2.0.0-SNAPSHOT
[INFO] ------------------------------------------------------------------------
[INFO] 
[INFO] --- maven-enforcer-plugin:1.0:enforce (enforce-maven) @ adapter-rxjava ---
[INFO] 
[INFO] --- maven-resources-plugin:2.6:resources (default-resources) @ adapter-rxjava ---
[INFO] Using 'UTF-8' encoding to copy filtered resources.
[INFO] skip non existing resourceDirectory /home/travis/build/square/retrofit/retrofit-adapters/rxjava/src/main/resources
[INFO] 
[INFO] --- maven-compiler-plugin:3.0:compile (default-compile) @ adapter-rxjava ---
[INFO] Changes detected - recompiling the module!
[INFO] Compiling 5 source files to /home/travis/build/square/retrofit/retrofit-adapters/rxjava/target/classes
[INFO] 
[INFO] --- maven-resources-plugin:2.6:testResources (default-testResources) @ adapter-rxjava ---
[INFO] Using 'UTF-8' encoding to copy filtered resources.
[INFO] skip non existing resourceDirectory /home/travis/build/square/retrofit/retrofit-adapters/rxjava/src/test/resources
[INFO] 
[INFO] --- maven-compiler-plugin:3.0:testCompile (default-testCompile) @ adapter-rxjava ---
[INFO] Changes detected - recompiling the module!
[INFO] Compiling 9 source files to /home/travis/build/square/retrofit/retrofit-adapters/rxjava/target/test-classes
[INFO] 
[INFO] --- maven-surefire-plugin:2.12.4:test (default-test) @ adapter-rxjava ---
[INFO] Tests are skipped.
[INFO] 
[INFO] --- animal-sniffer-maven-plugin:1.14:check (default) @ adapter-rxjava ---
[INFO] Checking unresolved references to org.codehaus.mojo.signature:java16:1.1
[INFO] 
[INFO] --- maven-jar-plugin:2.4:jar (default-jar) @ adapter-rxjava ---
[INFO] Building jar: /home/travis/build/square/retrofit/retrofit-adapters/rxjava/target/adapter-rxjava-2.0.0-SNAPSHOT.jar
[INFO] 
[INFO] --- maven-javadoc-plugin:2.10.3:jar (attach-javadocs) @ adapter-rxjava ---
[INFO] Skipping javadoc generation
[INFO] 
[INFO] --- maven-checkstyle-plugin:2.15:checkstyle (default) @ adapter-rxjava ---
[INFO] Starting audit...
Audit done.
[WARNING] Unable to locate Source XRef to link to - DISABLED
[INFO] 
[INFO] --- maven-install-plugin:2.4:install (default-install) @ adapter-rxjava ---
[INFO] Installing /home/travis/build/square/retrofit/retrofit-adapters/rxjava/target/adapter-rxjava-2.0.0-SNAPSHOT.jar to /home/travis/.m2/repository/com/squareup/retrofit2/adapter-rxjava/2.0.0-SNAPSHOT/adapter-rxjava-2.0.0-SNAPSHOT.jar
[INFO] Installing /home/travis/build/square/retrofit/retrofit-adapters/rxjava/pom.xml to /home/travis/.m2/repository/com/squareup/retrofit2/adapter-rxjava/2.0.0-SNAPSHOT/adapter-rxjava-2.0.0-SNAPSHOT.pom
[INFO]                                                                         
[INFO] ------------------------------------------------------------------------
[INFO] Building Converters 2.0.0-SNAPSHOT
[INFO] ------------------------------------------------------------------------
[INFO] 
[INFO] --- maven-enforcer-plugin:1.0:enforce (enforce-maven) @ retrofit-converters ---
[INFO] 
[INFO] --- animal-sniffer-maven-plugin:1.14:check (default) @ retrofit-converters ---
[INFO] Checking unresolved references to org.codehaus.mojo.signature:java16:1.1
[INFO] 
[INFO] --- maven-javadoc-plugin:2.10.3:jar (attach-javadocs) @ retrofit-converters ---
[INFO] Skipping javadoc generation
[INFO] 
[INFO] --- maven-checkstyle-plugin:2.15:checkstyle (default) @ retrofit-converters ---
[INFO] 
[INFO] --- maven-install-plugin:2.4:install (default-install) @ retrofit-converters ---
[INFO] Installing /home/travis/build/square/retrofit/retrofit-converters/pom.xml to /home/travis/.m2/repository/com/squareup/retrofit2/retrofit-converters/2.0.0-SNAPSHOT/retrofit-converters-2.0.0-SNAPSHOT.pom
[INFO]                                                                         
[INFO] ------------------------------------------------------------------------
[INFO] Building Converter: Gson 2.0.0-SNAPSHOT
[INFO] ------------------------------------------------------------------------
[INFO] 
[INFO] --- maven-enforcer-plugin:1.0:enforce (enforce-maven) @ converter-gson ---
[INFO] 
[INFO] --- maven-resources-plugin:2.6:resources (default-resources) @ converter-gson ---
[INFO] Using 'UTF-8' encoding to copy filtered resources.
[INFO] skip non existing resourceDirectory /home/travis/build/square/retrofit/retrofit-converters/gson/src/main/resources
[INFO] 
[INFO] --- maven-compiler-plugin:3.0:compile (default-compile) @ converter-gson ---
[INFO] Changes detected - recompiling the module!
[INFO] Compiling 3 source files to /home/travis/build/square/retrofit/retrofit-converters/gson/target/classes
[INFO] 
[INFO] --- maven-resources-plugin:2.6:testResources (default-testResources) @ converter-gson ---
[INFO] Using 'UTF-8' encoding to copy filtered resources.
[INFO] skip non existing resourceDirectory /home/travis/build/square/retrofit/retrofit-converters/gson/src/test/resources
[INFO] 
[INFO] --- maven-compiler-plugin:3.0:testCompile (default-testCompile) @ converter-gson ---
[INFO] Changes detected - recompiling the module!
[INFO] Compiling 1 source file to /home/travis/build/square/retrofit/retrofit-converters/gson/target/test-classes
[INFO] 
[INFO] --- maven-surefire-plugin:2.12.4:test (default-test) @ converter-gson ---
[INFO] Tests are skipped.
[INFO] 
[INFO] --- animal-sniffer-maven-plugin:1.14:check (default) @ converter-gson ---
[INFO] Checking unresolved references to org.codehaus.mojo.signature:java16:1.1
[INFO] 
[INFO] --- maven-jar-plugin:2.4:jar (default-jar) @ converter-gson ---
[INFO] Building jar: /home/travis/build/square/retrofit/retrofit-converters/gson/target/converter-gson-2.0.0-SNAPSHOT.jar
[INFO] 
[INFO] --- maven-javadoc-plugin:2.10.3:jar (attach-javadocs) @ converter-gson ---
[INFO] Skipping javadoc generation
[INFO] 
[INFO] --- maven-checkstyle-plugin:2.15:checkstyle (default) @ converter-gson ---
[INFO] Starting audit...
Audit done.
[WARNING] Unable to locate Source XRef to link to - DISABLED
[INFO] 
[INFO] --- maven-install-plugin:2.4:install (default-install) @ converter-gson ---
[INFO] Installing /home/travis/build/square/retrofit/retrofit-converters/gson/target/converter-gson-2.0.0-SNAPSHOT.jar to /home/travis/.m2/repository/com/squareup/retrofit2/converter-gson/2.0.0-SNAPSHOT/converter-gson-2.0.0-SNAPSHOT.jar
[INFO] Installing /home/travis/build/square/retrofit/retrofit-converters/gson/pom.xml to /home/travis/.m2/repository/com/squareup/retrofit2/converter-gson/2.0.0-SNAPSHOT/converter-gson-2.0.0-SNAPSHOT.pom
[INFO]                                                                         
[INFO] ------------------------------------------------------------------------
[INFO] Building Converter: Protocol Buffers 2.0.0-SNAPSHOT
[INFO] ------------------------------------------------------------------------
[INFO] 
[INFO] --- maven-enforcer-plugin:1.0:enforce (enforce-maven) @ converter-protobuf ---
[INFO] 
[INFO] --- maven-resources-plugin:2.6:resources (default-resources) @ converter-protobuf ---
[INFO] Using 'UTF-8' encoding to copy filtered resources.
[INFO] skip non existing resourceDirectory /home/travis/build/square/retrofit/retrofit-converters/protobuf/src/main/resources
[INFO] 
[INFO] --- maven-compiler-plugin:3.0:compile (default-compile) @ converter-protobuf ---
[INFO] Changes detected - recompiling the module!
[INFO] Compiling 3 source files to /home/travis/build/square/retrofit/retrofit-converters/protobuf/target/classes
[WARNING] /home/travis/build/square/retrofit/retrofit-converters/protobuf/src/main/java/retrofit2/converter/protobuf/ProtoConverterFactory.java: /home/travis/build/square/retrofit/retrofit-converters/protobuf/src/main/java/retrofit2/converter/protobuf/ProtoConverterFactory.java uses unchecked or unsafe operations.
[WARNING] /home/travis/build/square/retrofit/retrofit-converters/protobuf/src/main/java/retrofit2/converter/protobuf/ProtoConverterFactory.java: Recompile with -Xlint:unchecked for details.
[INFO] 
[INFO] --- maven-resources-plugin:2.6:testResources (default-testResources) @ converter-protobuf ---
[INFO] Using 'UTF-8' encoding to copy filtered resources.
[INFO] skip non existing resourceDirectory /home/travis/build/square/retrofit/retrofit-converters/protobuf/src/test/resources
[INFO] 
[INFO] --- maven-compiler-plugin:3.0:testCompile (default-testCompile) @ converter-protobuf ---
[INFO] Changes detected - recompiling the module!
[INFO] Compiling 2 source files to /home/travis/build/square/retrofit/retrofit-converters/protobuf/target/test-classes
[INFO] 
[INFO] --- maven-surefire-plugin:2.12.4:test (default-test) @ converter-protobuf ---
[INFO] Tests are skipped.
[INFO] 
[INFO] --- animal-sniffer-maven-plugin:1.14:check (default) @ converter-protobuf ---
[INFO] Checking unresolved references to org.codehaus.mojo.signature:java16:1.1
[INFO] 
[INFO] --- maven-jar-plugin:2.4:jar (default-jar) @ converter-protobuf ---
[INFO] Building jar: /home/travis/build/square/retrofit/retrofit-converters/protobuf/target/converter-protobuf-2.0.0-SNAPSHOT.jar
[INFO] 
[INFO] --- maven-javadoc-plugin:2.10.3:jar (attach-javadocs) @ converter-protobuf ---
[INFO] Skipping javadoc generation
[INFO] 
[INFO] --- maven-checkstyle-plugin:2.15:checkstyle (default) @ converter-protobuf ---
[INFO] Starting audit...
Audit done.
[WARNING] Unable to locate Source XRef to link to - DISABLED
[INFO] 
[INFO] --- maven-install-plugin:2.4:install (default-install) @ converter-protobuf ---
[INFO] Installing /home/travis/build/square/retrofit/retrofit-converters/protobuf/target/converter-protobuf-2.0.0-SNAPSHOT.jar to /home/travis/.m2/repository/com/squareup/retrofit2/converter-protobuf/2.0.0-SNAPSHOT/converter-protobuf-2.0.0-SNAPSHOT.jar
[INFO] Installing /home/travis/build/square/retrofit/retrofit-converters/protobuf/pom.xml to /home/travis/.m2/repository/com/squareup/retrofit2/converter-protobuf/2.0.0-SNAPSHOT/converter-protobuf-2.0.0-SNAPSHOT.pom
[INFO]                                                                         
[INFO] ------------------------------------------------------------------------
[INFO] Building Converter: Jackson 2.0.0-SNAPSHOT
[INFO] ------------------------------------------------------------------------
[INFO] 
[INFO] --- maven-enforcer-plugin:1.0:enforce (enforce-maven) @ converter-jackson ---
[INFO] 
[INFO] --- maven-resources-plugin:2.6:resources (default-resources) @ converter-jackson ---
[INFO] Using 'UTF-8' encoding to copy filtered resources.
[INFO] skip non existing resourceDirectory /home/travis/build/square/retrofit/retrofit-converters/jackson/src/main/resources
[INFO] 
[INFO] --- maven-compiler-plugin:3.0:compile (default-compile) @ converter-jackson ---
[INFO] Changes detected - recompiling the module!
[INFO] Compiling 3 source files to /home/travis/build/square/retrofit/retrofit-converters/jackson/target/classes
[WARNING] /home/travis/build/square/retrofit/retrofit-converters/jackson/src/main/java/retrofit2/converter/jackson/JacksonConverterFactory.java: /home/travis/build/square/retrofit/retrofit-converters/jackson/src/main/java/retrofit2/converter/jackson/JacksonConverterFactory.java uses or overrides a deprecated API.
[WARNING] /home/travis/build/square/retrofit/retrofit-converters/jackson/src/main/java/retrofit2/converter/jackson/JacksonConverterFactory.java: Recompile with -Xlint:deprecation for details.
[INFO] 
[INFO] --- maven-resources-plugin:2.6:testResources (default-testResources) @ converter-jackson ---
[INFO] Using 'UTF-8' encoding to copy filtered resources.
[INFO] skip non existing resourceDirectory /home/travis/build/square/retrofit/retrofit-converters/jackson/src/test/resources
[INFO] 
[INFO] --- maven-compiler-plugin:3.0:testCompile (default-testCompile) @ converter-jackson ---
[INFO] Changes detected - recompiling the module!
[INFO] Compiling 1 source file to /home/travis/build/square/retrofit/retrofit-converters/jackson/target/test-classes
[WARNING] /home/travis/build/square/retrofit/retrofit-converters/jackson/src/test/java/retrofit2/converter/jackson/JacksonConverterFactoryTest.java: /home/travis/build/square/retrofit/retrofit-converters/jackson/src/test/java/retrofit2/converter/jackson/JacksonConverterFactoryTest.java uses or overrides a deprecated API.
[WARNING] /home/travis/build/square/retrofit/retrofit-converters/jackson/src/test/java/retrofit2/converter/jackson/JacksonConverterFactoryTest.java: Recompile with -Xlint:deprecation for details.
[INFO] 
[INFO] --- maven-surefire-plugin:2.12.4:test (default-test) @ converter-jackson ---
[INFO] Tests are skipped.
[INFO] 
[INFO] --- animal-sniffer-maven-plugin:1.14:check (default) @ converter-jackson ---
[INFO] Checking unresolved references to org.codehaus.mojo.signature:java16:1.1
[INFO] 
[INFO] --- maven-jar-plugin:2.4:jar (default-jar) @ converter-jackson ---
[INFO] Building jar: /home/travis/build/square/retrofit/retrofit-converters/jackson/target/converter-jackson-2.0.0-SNAPSHOT.jar
[INFO] 
[INFO] --- maven-javadoc-plugin:2.10.3:jar (attach-javadocs) @ converter-jackson ---
[INFO] Skipping javadoc generation
[INFO] 
[INFO] --- maven-checkstyle-plugin:2.15:checkstyle (default) @ converter-jackson ---
[INFO] Starting audit...
Audit done.
[WARNING] Unable to locate Source XRef to link to - DISABLED
[INFO] 
[INFO] --- maven-install-plugin:2.4:install (default-install) @ converter-jackson ---
[INFO] Installing /home/travis/build/square/retrofit/retrofit-converters/jackson/target/converter-jackson-2.0.0-SNAPSHOT.jar to /home/travis/.m2/repository/com/squareup/retrofit2/converter-jackson/2.0.0-SNAPSHOT/converter-jackson-2.0.0-SNAPSHOT.jar
[INFO] Installing /home/travis/build/square/retrofit/retrofit-converters/jackson/pom.xml to /home/travis/.m2/repository/com/squareup/retrofit2/converter-jackson/2.0.0-SNAPSHOT/converter-jackson-2.0.0-SNAPSHOT.pom
[INFO]                                                                         
[INFO] ------------------------------------------------------------------------
[INFO] Building Converter: Wire Protocol Buffers 2.0.0-SNAPSHOT
[INFO] ------------------------------------------------------------------------
[INFO] 
[INFO] --- maven-enforcer-plugin:1.0:enforce (enforce-maven) @ converter-wire ---
[INFO] 
[INFO] --- maven-resources-plugin:2.6:resources (default-resources) @ converter-wire ---
[INFO] Using 'UTF-8' encoding to copy filtered resources.
[INFO] skip non existing resourceDirectory /home/travis/build/square/retrofit/retrofit-converters/wire/src/main/resources
[INFO] 
[INFO] --- maven-compiler-plugin:3.0:compile (default-compile) @ converter-wire ---
[INFO] Changes detected - recompiling the module!
[INFO] Compiling 3 source files to /home/travis/build/square/retrofit/retrofit-converters/wire/target/classes
[WARNING] /home/travis/build/square/retrofit/retrofit-converters/wire/src/main/java/retrofit2/converter/wire/WireConverterFactory.java: /home/travis/build/square/retrofit/retrofit-converters/wire/src/main/java/retrofit2/converter/wire/WireConverterFactory.java uses unchecked or unsafe operations.
[WARNING] /home/travis/build/square/retrofit/retrofit-converters/wire/src/main/java/retrofit2/converter/wire/WireConverterFactory.java: Recompile with -Xlint:unchecked for details.
[INFO] 
[INFO] --- maven-resources-plugin:2.6:testResources (default-testResources) @ converter-wire ---
[INFO] Using 'UTF-8' encoding to copy filtered resources.
[INFO] skip non existing resourceDirectory /home/travis/build/square/retrofit/retrofit-converters/wire/src/test/resources
[INFO] 
[INFO] --- maven-compiler-plugin:3.0:testCompile (default-testCompile) @ converter-wire ---
[INFO] Changes detected - recompiling the module!
[INFO] Compiling 2 source files to /home/travis/build/square/retrofit/retrofit-converters/wire/target/test-classes
[INFO] 
[INFO] --- maven-surefire-plugin:2.12.4:test (default-test) @ converter-wire ---
[INFO] Tests are skipped.
[INFO] 
[INFO] --- animal-sniffer-maven-plugin:1.14:check (default) @ converter-wire ---
[INFO] Checking unresolved references to org.codehaus.mojo.signature:java16:1.1
[INFO] 
[INFO] --- maven-jar-plugin:2.4:jar (default-jar) @ converter-wire ---
[INFO] Building jar: /home/travis/build/square/retrofit/retrofit-converters/wire/target/converter-wire-2.0.0-SNAPSHOT.jar
[INFO] 
[INFO] --- maven-javadoc-plugin:2.10.3:jar (attach-javadocs) @ converter-wire ---
[INFO] Skipping javadoc generation
[INFO] 
[INFO] --- maven-checkstyle-plugin:2.15:checkstyle (default) @ converter-wire ---
[INFO] Starting audit...
Audit done.
[WARNING] Unable to locate Source XRef to link to - DISABLED
[INFO] 
[INFO] --- maven-install-plugin:2.4:install (default-install) @ converter-wire ---
[INFO] Installing /home/travis/build/square/retrofit/retrofit-converters/wire/target/converter-wire-2.0.0-SNAPSHOT.jar to /home/travis/.m2/repository/com/squareup/retrofit2/converter-wire/2.0.0-SNAPSHOT/converter-wire-2.0.0-SNAPSHOT.jar
[INFO] Installing /home/travis/build/square/retrofit/retrofit-converters/wire/pom.xml to /home/travis/.m2/repository/com/squareup/retrofit2/converter-wire/2.0.0-SNAPSHOT/converter-wire-2.0.0-SNAPSHOT.pom
[INFO]                                                                         
[INFO] ------------------------------------------------------------------------
[INFO] Building Converter: SimpleXML 2.0.0-SNAPSHOT
[INFO] ------------------------------------------------------------------------
[INFO] 
[INFO] --- maven-enforcer-plugin:1.0:enforce (enforce-maven) @ converter-simplexml ---
[INFO] 
[INFO] --- maven-resources-plugin:2.6:resources (default-resources) @ converter-simplexml ---
[INFO] Using 'UTF-8' encoding to copy filtered resources.
[INFO] skip non existing resourceDirectory /home/travis/build/square/retrofit/retrofit-converters/simplexml/src/main/resources
[INFO] 
[INFO] --- maven-compiler-plugin:3.0:compile (default-compile) @ converter-simplexml ---
[INFO] Changes detected - recompiling the module!
[INFO] Compiling 3 source files to /home/travis/build/square/retrofit/retrofit-converters/simplexml/target/classes
[INFO] 
[INFO] --- maven-resources-plugin:2.6:testResources (default-testResources) @ converter-simplexml ---
[INFO] Using 'UTF-8' encoding to copy filtered resources.
[INFO] skip non existing resourceDirectory /home/travis/build/square/retrofit/retrofit-converters/simplexml/src/test/resources
[INFO] 
[INFO] --- maven-compiler-plugin:3.0:testCompile (default-testCompile) @ converter-simplexml ---
[INFO] Changes detected - recompiling the module!
[INFO] Compiling 2 source files to /home/travis/build/square/retrofit/retrofit-converters/simplexml/target/test-classes
[INFO] 
[INFO] --- maven-surefire-plugin:2.12.4:test (default-test) @ converter-simplexml ---
[INFO] Tests are skipped.
[INFO] 
[INFO] --- animal-sniffer-maven-plugin:1.14:check (default) @ converter-simplexml ---
[INFO] Checking unresolved references to org.codehaus.mojo.signature:java16:1.1
[INFO] 
[INFO] --- maven-jar-plugin:2.4:jar (default-jar) @ converter-simplexml ---
[INFO] Building jar: /home/travis/build/square/retrofit/retrofit-converters/simplexml/target/converter-simplexml-2.0.0-SNAPSHOT.jar
[INFO] 
[INFO] --- maven-javadoc-plugin:2.10.3:jar (attach-javadocs) @ converter-simplexml ---
[INFO] Skipping javadoc generation
[INFO] 
[INFO] --- maven-checkstyle-plugin:2.15:checkstyle (default) @ converter-simplexml ---
[INFO] Starting audit...
Audit done.
[WARNING] Unable to locate Source XRef to link to - DISABLED
[INFO] 
[INFO] --- maven-install-plugin:2.4:install (default-install) @ converter-simplexml ---
[INFO] Installing /home/travis/build/square/retrofit/retrofit-converters/simplexml/target/converter-simplexml-2.0.0-SNAPSHOT.jar to /home/travis/.m2/repository/com/squareup/retrofit2/converter-simplexml/2.0.0-SNAPSHOT/converter-simplexml-2.0.0-SNAPSHOT.jar
[INFO] Installing /home/travis/build/square/retrofit/retrofit-converters/simplexml/pom.xml to /home/travis/.m2/repository/com/squareup/retrofit2/converter-simplexml/2.0.0-SNAPSHOT/converter-simplexml-2.0.0-SNAPSHOT.pom
[INFO]                                                                         
[INFO] ------------------------------------------------------------------------
[INFO] Building Converter: Java Scalars 2.0.0-SNAPSHOT
[INFO] ------------------------------------------------------------------------
[INFO] 
[INFO] --- maven-enforcer-plugin:1.0:enforce (enforce-maven) @ converter-scalars ---
[INFO] 
[INFO] --- maven-resources-plugin:2.6:resources (default-resources) @ converter-scalars ---
[INFO] Using 'UTF-8' encoding to copy filtered resources.
[INFO] skip non existing resourceDirectory /home/travis/build/square/retrofit/retrofit-converters/scalars/src/main/resources
[INFO] 
[INFO] --- maven-compiler-plugin:3.0:compile (default-compile) @ converter-scalars ---
[INFO] Changes detected - recompiling the module!
[INFO] Compiling 3 source files to /home/travis/build/square/retrofit/retrofit-converters/scalars/target/classes
[INFO] 
[INFO] --- maven-resources-plugin:2.6:testResources (default-testResources) @ converter-scalars ---
[INFO] Using 'UTF-8' encoding to copy filtered resources.
[INFO] skip non existing resourceDirectory /home/travis/build/square/retrofit/retrofit-converters/scalars/src/test/resources
[INFO] 
[INFO] --- maven-compiler-plugin:3.0:testCompile (default-testCompile) @ converter-scalars ---
[INFO] Changes detected - recompiling the module!
[INFO] Compiling 2 source files to /home/travis/build/square/retrofit/retrofit-converters/scalars/target/test-classes
[INFO] 
[INFO] --- maven-surefire-plugin:2.12.4:test (default-test) @ converter-scalars ---
[INFO] Tests are skipped.
[INFO] 
[INFO] --- animal-sniffer-maven-plugin:1.14:check (default) @ converter-scalars ---
[INFO] Checking unresolved references to org.codehaus.mojo.signature:java16:1.1
[INFO] 
[INFO] --- maven-jar-plugin:2.4:jar (default-jar) @ converter-scalars ---
[INFO] Building jar: /home/travis/build/square/retrofit/retrofit-converters/scalars/target/converter-scalars-2.0.0-SNAPSHOT.jar
[INFO] 
[INFO] --- maven-javadoc-plugin:2.10.3:jar (attach-javadocs) @ converter-scalars ---
[INFO] Skipping javadoc generation
[INFO] 
[INFO] --- maven-checkstyle-plugin:2.15:checkstyle (default) @ converter-scalars ---
[INFO] Starting audit...
Audit done.
[WARNING] Unable to locate Source XRef to link to - DISABLED
[INFO] 
[INFO] --- maven-install-plugin:2.4:install (default-install) @ converter-scalars ---
[INFO] Installing /home/travis/build/square/retrofit/retrofit-converters/scalars/target/converter-scalars-2.0.0-SNAPSHOT.jar to /home/travis/.m2/repository/com/squareup/retrofit2/converter-scalars/2.0.0-SNAPSHOT/converter-scalars-2.0.0-SNAPSHOT.jar
[INFO] Installing /home/travis/build/square/retrofit/retrofit-converters/scalars/pom.xml to /home/travis/.m2/repository/com/squareup/retrofit2/converter-scalars/2.0.0-SNAPSHOT/converter-scalars-2.0.0-SNAPSHOT.pom
[INFO]                                                                         
[INFO] ------------------------------------------------------------------------
[INFO] Building Converter: Moshi 2.0.0-SNAPSHOT
[INFO] ------------------------------------------------------------------------
[INFO] 
[INFO] --- maven-enforcer-plugin:1.0:enforce (enforce-maven) @ converter-moshi ---
[INFO] 
[INFO] --- maven-resources-plugin:2.6:resources (default-resources) @ converter-moshi ---
[INFO] Using 'UTF-8' encoding to copy filtered resources.
[INFO] skip non existing resourceDirectory /home/travis/build/square/retrofit/retrofit-converters/moshi/src/main/resources
[INFO] 
[INFO] --- maven-compiler-plugin:3.0:compile (default-compile) @ converter-moshi ---
[INFO] Changes detected - recompiling the module!
[INFO] Compiling 3 source files to /home/travis/build/square/retrofit/retrofit-converters/moshi/target/classes
[INFO] 
[INFO] --- maven-resources-plugin:2.6:testResources (default-testResources) @ converter-moshi ---
[INFO] Using 'UTF-8' encoding to copy filtered resources.
[INFO] skip non existing resourceDirectory /home/travis/build/square/retrofit/retrofit-converters/moshi/src/test/resources
[INFO] 
[INFO] --- maven-compiler-plugin:3.0:testCompile (default-testCompile) @ converter-moshi ---
[INFO] Changes detected - recompiling the module!
[INFO] Compiling 1 source file to /home/travis/build/square/retrofit/retrofit-converters/moshi/target/test-classes
[INFO] 
[INFO] --- maven-surefire-plugin:2.12.4:test (default-test) @ converter-moshi ---
[INFO] Tests are skipped.
[INFO] 
[INFO] --- animal-sniffer-maven-plugin:1.14:check (default) @ converter-moshi ---
[INFO] Checking unresolved references to org.codehaus.mojo.signature:java16:1.1
[INFO] 
[INFO] --- maven-jar-plugin:2.4:jar (default-jar) @ converter-moshi ---
[INFO] Building jar: /home/travis/build/square/retrofit/retrofit-converters/moshi/target/converter-moshi-2.0.0-SNAPSHOT.jar
[INFO] 
[INFO] --- maven-javadoc-plugin:2.10.3:jar (attach-javadocs) @ converter-moshi ---
[INFO] Skipping javadoc generation
[INFO] 
[INFO] --- maven-checkstyle-plugin:2.15:checkstyle (default) @ converter-moshi ---
[INFO] Starting audit...
Audit done.
[WARNING] Unable to locate Source XRef to link to - DISABLED
[INFO] 
[INFO] --- maven-install-plugin:2.4:install (default-install) @ converter-moshi ---
[INFO] Installing /home/travis/build/square/retrofit/retrofit-converters/moshi/target/converter-moshi-2.0.0-SNAPSHOT.jar to /home/travis/.m2/repository/com/squareup/retrofit2/converter-moshi/2.0.0-SNAPSHOT/converter-moshi-2.0.0-SNAPSHOT.jar
[INFO] Installing /home/travis/build/square/retrofit/retrofit-converters/moshi/pom.xml to /home/travis/.m2/repository/com/squareup/retrofit2/converter-moshi/2.0.0-SNAPSHOT/converter-moshi-2.0.0-SNAPSHOT.pom
[INFO]                                                                         
[INFO] ------------------------------------------------------------------------
[INFO] Building Retrofit Mock Adapter 2.0.0-SNAPSHOT
[INFO] ------------------------------------------------------------------------
[INFO] 
[INFO] --- maven-enforcer-plugin:1.0:enforce (enforce-maven) @ retrofit-mock ---
[INFO] 
[INFO] --- maven-resources-plugin:2.6:resources (default-resources) @ retrofit-mock ---
[INFO] Using 'UTF-8' encoding to copy filtered resources.
[INFO] skip non existing resourceDirectory /home/travis/build/square/retrofit/retrofit-mock/src/main/resources
[INFO] 
[INFO] --- maven-compiler-plugin:3.0:compile (default-compile) @ retrofit-mock ---
[INFO] Changes detected - recompiling the module!
[INFO] Compiling 5 source files to /home/travis/build/square/retrofit/retrofit-mock/target/classes
[INFO] 
[INFO] --- maven-resources-plugin:2.6:testResources (default-testResources) @ retrofit-mock ---
[INFO] Using 'UTF-8' encoding to copy filtered resources.
[INFO] skip non existing resourceDirectory /home/travis/build/square/retrofit/retrofit-mock/src/test/resources
[INFO] 
[INFO] --- maven-compiler-plugin:3.0:testCompile (default-testCompile) @ retrofit-mock ---
[INFO] Changes detected - recompiling the module!
[INFO] Compiling 3 source files to /home/travis/build/square/retrofit/retrofit-mock/target/test-classes
[INFO] 
[INFO] --- maven-surefire-plugin:2.12.4:test (default-test) @ retrofit-mock ---
[INFO] Tests are skipped.
[INFO] 
[INFO] --- animal-sniffer-maven-plugin:1.14:check (default) @ retrofit-mock ---
[INFO] Checking unresolved references to org.codehaus.mojo.signature:java16:1.1
[INFO] 
[INFO] --- maven-jar-plugin:2.4:jar (default-jar) @ retrofit-mock ---
[INFO] Building jar: /home/travis/build/square/retrofit/retrofit-mock/target/retrofit-mock-2.0.0-SNAPSHOT.jar
[INFO] 
[INFO] --- maven-javadoc-plugin:2.10.3:jar (attach-javadocs) @ retrofit-mock ---
[INFO] Skipping javadoc generation
[INFO] 
[INFO] --- maven-checkstyle-plugin:2.15:checkstyle (default) @ retrofit-mock ---
[INFO] Starting audit...
Audit done.
[WARNING] Unable to locate Source XRef to link to - DISABLED
[INFO] 
[INFO] --- maven-install-plugin:2.4:install (default-install) @ retrofit-mock ---
[INFO] Installing /home/travis/build/square/retrofit/retrofit-mock/target/retrofit-mock-2.0.0-SNAPSHOT.jar to /home/travis/.m2/repository/com/squareup/retrofit2/retrofit-mock/2.0.0-SNAPSHOT/retrofit-mock-2.0.0-SNAPSHOT.jar
[INFO] Installing /home/travis/build/square/retrofit/retrofit-mock/pom.xml to /home/travis/.m2/repository/com/squareup/retrofit2/retrofit-mock/2.0.0-SNAPSHOT/retrofit-mock-2.0.0-SNAPSHOT.pom
[INFO]                                                                         
[INFO] ------------------------------------------------------------------------
[INFO] Building Samples 2.0.0-SNAPSHOT
[INFO] ------------------------------------------------------------------------
[INFO] 
[INFO] --- maven-enforcer-plugin:1.0:enforce (enforce-maven) @ samples ---
[INFO] 
[INFO] --- maven-resources-plugin:2.6:resources (default-resources) @ samples ---
[INFO] Using 'UTF-8' encoding to copy filtered resources.
[INFO] skip non existing resourceDirectory /home/travis/build/square/retrofit/samples/src/main/resources
[INFO] 
[INFO] --- maven-compiler-plugin:3.0:compile (default-compile) @ samples ---
[INFO] Changes detected - recompiling the module!
[INFO] Compiling 8 source files to /home/travis/build/square/retrofit/samples/target/classes
[INFO] 
[INFO] --- maven-resources-plugin:2.6:testResources (default-testResources) @ samples ---
[INFO] Using 'UTF-8' encoding to copy filtered resources.
[INFO] skip non existing resourceDirectory /home/travis/build/square/retrofit/samples/src/test/resources
[INFO] 
[INFO] --- maven-compiler-plugin:3.0:testCompile (default-testCompile) @ samples ---
[INFO] No sources to compile
[INFO] 
[INFO] --- maven-surefire-plugin:2.12.4:test (default-test) @ samples ---
[INFO] Tests are skipped.
[INFO] 
[INFO] --- animal-sniffer-maven-plugin:1.14:check (default) @ samples ---
[INFO] Checking unresolved references to org.codehaus.mojo.signature:java16:1.1
[INFO] 
[INFO] --- maven-jar-plugin:2.4:jar (default-jar) @ samples ---
[INFO] Building jar: /home/travis/build/square/retrofit/samples/target/samples-2.0.0-SNAPSHOT.jar
[INFO] 
[INFO] --- maven-javadoc-plugin:2.10.3:jar (attach-javadocs) @ samples ---
[INFO] Skipping javadoc generation
[INFO] 
[INFO] --- maven-checkstyle-plugin:2.15:checkstyle (default) @ samples ---
[INFO] Starting audit...
Audit done.
[WARNING] Unable to locate Source XRef to link to - DISABLED
[INFO] 
[INFO] --- maven-install-plugin:2.4:install (default-install) @ samples ---
[INFO] Installing /home/travis/build/square/retrofit/samples/target/samples-2.0.0-SNAPSHOT.jar to /home/travis/.m2/repository/com/squareup/retrofit2/samples/2.0.0-SNAPSHOT/samples-2.0.0-SNAPSHOT.jar
[INFO] Installing /home/travis/build/square/retrofit/samples/pom.xml to /home/travis/.m2/repository/com/squareup/retrofit2/samples/2.0.0-SNAPSHOT/samples-2.0.0-SNAPSHOT.pom
[INFO] ------------------------------------------------------------------------
[INFO] Reactor Summary:
[INFO] 
[INFO] Retrofit (Parent) .................................. SUCCESS [  7.753 s]
[INFO] Retrofit ........................................... SUCCESS [ 19.704 s]
[INFO] Adapters ........................................... SUCCESS [  0.571 s]
[INFO] Adapter: Guava ..................................... SUCCESS [  3.847 s]
[INFO] Adapter: Java 8 .................................... SUCCESS [  2.470 s]
[INFO] Adapter: RxJava .................................... SUCCESS [  3.268 s]
[INFO] Converters ......................................... SUCCESS [  0.232 s]
[INFO] Converter: Gson .................................... SUCCESS [  0.965 s]
[INFO] Converter: Protocol Buffers ........................ SUCCESS [  0.956 s]
[INFO] Converter: Jackson ................................. SUCCESS [  0.790 s]
[INFO] Converter: Wire Protocol Buffers ................... SUCCESS [  1.274 s]
[INFO] Converter: SimpleXML ............................... SUCCESS [  0.824 s]
[INFO] Converter: Java Scalars ............................ SUCCESS [  0.883 s]
[INFO] Converter: Moshi ................................... SUCCESS [  0.758 s]
[INFO] Retrofit Mock Adapter .............................. SUCCESS [  1.051 s]
[INFO] Samples ............................................ SUCCESS [  1.320 s]
[INFO] ------------------------------------------------------------------------
[INFO] BUILD SUCCESS
[INFO] ------------------------------------------------------------------------
[INFO] Total time: 47.359 s
[INFO] Finished at: 2016-03-10T15:38:04+00:00
[INFO] Final Memory: 45M/425M
[INFO] ------------------------------------------------------------------------

travis_time:end:06d58838:start=1457624234593667111,finish=1457624285274929066,duration=50681261955[0Ktravis_fold:end:install[0Ktravis_time:start:003e6334[0K$ mvn test -B
Java HotSpot(TM) 64-Bit Server VM warning: ignoring option MaxPermSize=192m; support was removed in 8.0
[INFO] Scanning for projects...
[WARNING] 
[WARNING] Some problems were encountered while building the effective model for com.squareup.retrofit2:samples:jar:2.0.0-SNAPSHOT
[WARNING] 'build.plugins.plugin.version' for org.apache.maven.plugins:maven-deploy-plugin is missing. @ com.squareup.retrofit2:samples:[unknown-version], /home/travis/build/square/retrofit/samples/pom.xml, line 50, column 15
[WARNING] 
[WARNING] It is highly recommended to fix these problems because they threaten the stability of your build.
[WARNING] 
[WARNING] For this reason, future Maven versions might no longer support building such malformed projects.
[WARNING] 
[INFO] ------------------------------------------------------------------------
[INFO] Reactor Build Order:
[INFO] 
[INFO] Retrofit (Parent)
[INFO] Retrofit
[INFO] Adapters
[INFO] Adapter: Guava
[INFO] Adapter: Java 8
[INFO] Adapter: RxJava
[INFO] Converters
[INFO] Converter: Gson
[INFO] Converter: Protocol Buffers
[INFO] Converter: Jackson
[INFO] Converter: Wire Protocol Buffers
[INFO] Converter: SimpleXML
[INFO] Converter: Java Scalars
[INFO] Converter: Moshi
[INFO] Retrofit Mock Adapter
[INFO] Samples
[INFO]                                                                         
[INFO] ------------------------------------------------------------------------
[INFO] Building Retrofit (Parent) 2.0.0-SNAPSHOT
[INFO] ------------------------------------------------------------------------
[INFO] 
[INFO] --- maven-enforcer-plugin:1.0:enforce (enforce-maven) @ parent ---
[INFO] 
[INFO] --- animal-sniffer-maven-plugin:1.14:check (default) @ parent ---
[INFO] Checking unresolved references to org.codehaus.mojo.signature:java16:1.1
[INFO]                                                                         
[INFO] ------------------------------------------------------------------------
[INFO] Building Retrofit 2.0.0-SNAPSHOT
[INFO] ------------------------------------------------------------------------
[INFO] 
[INFO] --- maven-enforcer-plugin:1.0:enforce (enforce-maven) @ retrofit ---
[INFO] 
[INFO] --- maven-resources-plugin:2.6:resources (default-resources) @ retrofit ---
[INFO] Using 'UTF-8' encoding to copy filtered resources.
[INFO] skip non existing resourceDirectory /home/travis/build/square/retrofit/retrofit/src/main/resources
[INFO] 
[INFO] --- maven-compiler-plugin:3.0:compile (default-compile) @ retrofit ---
[INFO] Changes detected - recompiling the module!
[INFO] Compiling 39 source files to /home/travis/build/square/retrofit/retrofit/target/classes
[WARNING] /home/travis/build/square/retrofit/retrofit/src/main/java/retrofit2/Retrofit.java: Some input files use unchecked or unsafe operations.
[WARNING] /home/travis/build/square/retrofit/retrofit/src/main/java/retrofit2/Retrofit.java: Recompile with -Xlint:unchecked for details.
[INFO] 
[INFO] --- maven-resources-plugin:2.6:testResources (default-testResources) @ retrofit ---
[INFO] Using 'UTF-8' encoding to copy filtered resources.
[INFO] skip non existing resourceDirectory /home/travis/build/square/retrofit/retrofit/src/test/resources
[INFO] 
[INFO] --- maven-compiler-plugin:3.0:testCompile (default-testCompile) @ retrofit ---
[INFO] Changes detected - recompiling the module!
[INFO] Compiling 13 source files to /home/travis/build/square/retrofit/retrofit/target/test-classes
[WARNING] /home/travis/build/square/retrofit/retrofit/src/test/java/retrofit2/RetrofitTest.java: /home/travis/build/square/retrofit/retrofit/src/test/java/retrofit2/RetrofitTest.java uses unchecked or unsafe operations.
[WARNING] /home/travis/build/square/retrofit/retrofit/src/test/java/retrofit2/RetrofitTest.java: Recompile with -Xlint:unchecked for details.
[INFO] 
[INFO] --- maven-surefire-plugin:2.12.4:test (default-test) @ retrofit ---
[INFO] Surefire report directory: /home/travis/build/square/retrofit/retrofit/target/surefire-reports

-------------------------------------------------------
 T E S T S
-------------------------------------------------------
Running retrofit2.CallTest
Mar 10, 2016 3:38:18 PM okhttp3.mockwebserver.MockWebServer$3 execute
INFO: MockWebServer[54848] starting to accept connections
Mar 10, 2016 3:38:19 PM okhttp3.mockwebserver.MockWebServer$3 acceptConnections
INFO: MockWebServer[54848] done accepting connections: Socket closed
Mar 10, 2016 3:38:19 PM okhttp3.mockwebserver.MockWebServer$3 execute
INFO: MockWebServer[40511] starting to accept connections
Mar 10, 2016 3:38:19 PM okhttp3.mockwebserver.MockWebServer$4 processOneRequest
INFO: MockWebServer[40511] received request: GET / HTTP/1.1 and responded: HTTP/1.1 200 OK
Mar 10, 2016 3:38:19 PM okhttp3.mockwebserver.MockWebServer$3 acceptConnections
INFO: MockWebServer[40511] done accepting connections: Socket closed
Mar 10, 2016 3:38:19 PM okhttp3.mockwebserver.MockWebServer$3 execute
INFO: MockWebServer[41167] starting to accept connections
Mar 10, 2016 3:38:19 PM okhttp3.mockwebserver.MockWebServer$4 processOneRequest
INFO: MockWebServer[41167] received request: GET / HTTP/1.1 and responded: HTTP/1.1 404 Client Error
Mar 10, 2016 3:38:19 PM okhttp3.mockwebserver.MockWebServer$3 acceptConnections
INFO: MockWebServer[41167] done accepting connections: Socket closed
Mar 10, 2016 3:38:19 PM okhttp3.mockwebserver.MockWebServer$3 execute
INFO: MockWebServer[43633] starting to accept connections
Mar 10, 2016 3:38:19 PM okhttp3.mockwebserver.MockWebServer$4 processOneRequest
INFO: MockWebServer[43633] received request: POST /Hello HTTP/1.1 and responded: HTTP/1.1 200 OK
Mar 10, 2016 3:38:19 PM okhttp3.mockwebserver.MockWebServer$3 acceptConnections
INFO: MockWebServer[43633] done accepting connections: Socket closed
Mar 10, 2016 3:38:19 PM okhttp3.mockwebserver.MockWebServer$3 execute
INFO: MockWebServer[51831] starting to accept connections
Mar 10, 2016 3:38:19 PM okhttp3.mockwebserver.MockWebServer$3 acceptConnections
INFO: MockWebServer[51831] done accepting connections: Socket closed
Mar 10, 2016 3:38:19 PM okhttp3.mockwebserver.MockWebServer$3 execute
INFO: MockWebServer[38435] starting to accept connections
Mar 10, 2016 3:38:19 PM okhttp3.mockwebserver.MockWebServer$3 acceptConnections
INFO: MockWebServer[38435] done accepting connections: Socket closed
Mar 10, 2016 3:38:19 PM okhttp3.mockwebserver.MockWebServer$3 execute
INFO: MockWebServer[50389] starting to accept connections
Mar 10, 2016 3:38:19 PM okhttp3.mockwebserver.MockWebServer$3 acceptConnections
INFO: MockWebServer[50389] done accepting connections: Socket closed
Mar 10, 2016 3:38:19 PM okhttp3.mockwebserver.MockWebServer$4 processOneRequest
INFO: MockWebServer[50389] received request: GET / HTTP/1.1 and responded: HTTP/1.1 200 OK
Mar 10, 2016 3:38:19 PM okhttp3.mockwebserver.MockWebServer$3 execute
INFO: MockWebServer[48841] starting to accept connections
Mar 10, 2016 3:38:19 PM okhttp3.mockwebserver.MockWebServer$3 acceptConnections
INFO: MockWebServer[48841] done accepting connections: Socket closed
Mar 10, 2016 3:38:19 PM okhttp3.mockwebserver.MockWebServer$4 processOneRequest
INFO: MockWebServer[48841] received request: GET / HTTP/1.1 and responded: HTTP/1.1 200 OK
Mar 10, 2016 3:38:19 PM okhttp3.mockwebserver.MockWebServer$3 execute
INFO: MockWebServer[34986] starting to accept connections
Mar 10, 2016 3:38:19 PM okhttp3.mockwebserver.MockWebServer$3 acceptConnections
INFO: MockWebServer[34986] done accepting connections: Socket closed
Mar 10, 2016 3:38:19 PM okhttp3.mockwebserver.MockWebServer$3 execute
INFO: MockWebServer[39326] starting to accept connections
Mar 10, 2016 3:38:19 PM okhttp3.mockwebserver.MockWebServer$3 acceptConnections
INFO: MockWebServer[39326] done accepting connections: Socket closed
Mar 10, 2016 3:38:19 PM okhttp3.mockwebserver.MockWebServer$4 processOneRequest
INFO: MockWebServer[39326] received request: POST /Hello HTTP/1.1 and responded: HTTP/1.1 200 OK
Mar 10, 2016 3:38:19 PM okhttp3.mockwebserver.MockWebServer$3 execute
INFO: MockWebServer[33723] starting to accept connections
Mar 10, 2016 3:38:19 PM okhttp3.mockwebserver.MockWebServer$4 processOneRequest
INFO: MockWebServer[33723] received request: POST /Hello HTTP/1.1 and responded: HTTP/1.1 200 OK
Mar 10, 2016 3:38:19 PM okhttp3.mockwebserver.MockWebServer$3 acceptConnections
INFO: MockWebServer[33723] done accepting connections: Socket closed
Mar 10, 2016 3:38:19 PM okhttp3.mockwebserver.MockWebServer$3 execute
INFO: MockWebServer[51988] starting to accept connections
Mar 10, 2016 3:38:19 PM okhttp3.mockwebserver.MockWebServer$3 acceptConnections
INFO: MockWebServer[51988] done accepting connections: Socket is closed
Mar 10, 2016 3:38:19 PM okhttp3.mockwebserver.MockWebServer$3 execute
INFO: MockWebServer[41018] starting to accept connections
Mar 10, 2016 3:38:19 PM okhttp3.mockwebserver.MockWebServer$3 acceptConnections
INFO: MockWebServer[41018] done accepting connections: Socket closed
Mar 10, 2016 3:38:19 PM okhttp3.mockwebserver.MockWebServer$4 processOneRequest
INFO: MockWebServer[41018] received request: GET / HTTP/1.1 and responded: HTTP/1.1 404 Client Error
Mar 10, 2016 3:38:19 PM okhttp3.mockwebserver.MockWebServer$3 execute
INFO: MockWebServer[57522] starting to accept connections
Mar 10, 2016 3:38:19 PM okhttp3.mockwebserver.MockWebServer$3 acceptConnections
INFO: MockWebServer[57522] done accepting connections: Socket closed
Mar 10, 2016 3:38:19 PM okhttp3.mockwebserver.MockWebServer$4 processOneRequest
INFO: MockWebServer[57522] received request: POST / HTTP/1.1 and responded: HTTP/1.1 200 OK
Mar 10, 2016 3:38:19 PM okhttp3.mockwebserver.MockWebServer$3 execute
INFO: MockWebServer[44883] starting to accept connections
Mar 10, 2016 3:38:20 PM okhttp3.mockwebserver.MockWebServer$4 processOneRequest
INFO: MockWebServer[44883] received request: GET / HTTP/1.1 and responded: HTTP/1.1 204 Nothin
Mar 10, 2016 3:38:20 PM okhttp3.mockwebserver.MockWebServer$3 acceptConnections
INFO: MockWebServer[44883] done accepting connections: Socket closed
Mar 10, 2016 3:38:20 PM okhttp3.mockwebserver.MockWebServer$3 execute
INFO: MockWebServer[57791] starting to accept connections
Mar 10, 2016 3:38:20 PM okhttp3.mockwebserver.MockWebServer$3 acceptConnections
INFO: MockWebServer[57791] done accepting connections: Socket is closed
Mar 10, 2016 3:38:20 PM okhttp3.mockwebserver.MockWebServer$3 execute
INFO: MockWebServer[39881] starting to accept connections
Mar 10, 2016 3:38:20 PM okhttp3.mockwebserver.MockWebServer$3 acceptConnections
INFO: MockWebServer[39881] done accepting connections: Socket closed
Mar 10, 2016 3:38:20 PM okhttp3.mockwebserver.MockWebServer$4 processOneRequest
INFO: MockWebServer[39881] received request: GET / HTTP/1.1 and responded: HTTP/1.1 200 OK
Mar 10, 2016 3:38:20 PM okhttp3.mockwebserver.MockWebServer$3 execute
INFO: MockWebServer[46887] starting to accept connections
Mar 10, 2016 3:38:20 PM okhttp3.mockwebserver.MockWebServer$4 processOneRequest
INFO: MockWebServer[46887] received request: POST /Hello HTTP/1.1 and responded: HTTP/1.1 200 OK
Mar 10, 2016 3:38:20 PM okhttp3.mockwebserver.MockWebServer$3 acceptConnections
INFO: MockWebServer[46887] done accepting connections: Socket closed
Mar 10, 2016 3:38:20 PM okhttp3.mockwebserver.MockWebServer$3 execute
INFO: MockWebServer[47295] starting to accept connections
Mar 10, 2016 3:38:20 PM okhttp3.mockwebserver.MockWebServer$3 acceptConnections
INFO: MockWebServer[47295] done accepting connections: Socket closed
Mar 10, 2016 3:38:20 PM okhttp3.mockwebserver.MockWebServer$4 processOneRequest
INFO: MockWebServer[47295] received request: GET / HTTP/1.1 and responded: HTTP/1.1 200 OK
Mar 10, 2016 3:38:20 PM okhttp3.mockwebserver.MockWebServer$3 execute
INFO: MockWebServer[44014] starting to accept connections
Mar 10, 2016 3:38:20 PM okhttp3.mockwebserver.MockWebServer$3 acceptConnections
INFO: MockWebServer[44014] done accepting connections: Socket closed
Mar 10, 2016 3:38:20 PM okhttp3.mockwebserver.MockWebServer$4 processOneRequest
INFO: MockWebServer[44014] received request: POST / HTTP/1.1 and responded: HTTP/1.1 200 OK
Mar 10, 2016 3:38:20 PM okhttp3.mockwebserver.MockWebServer$3 execute
INFO: MockWebServer[58703] starting to accept connections
Mar 10, 2016 3:38:20 PM okhttp3.mockwebserver.MockWebServer$3 acceptConnections
INFO: MockWebServer[58703] done accepting connections: Socket is closed
Mar 10, 2016 3:38:20 PM okhttp3.mockwebserver.MockWebServer$3 execute
INFO: MockWebServer[50428] starting to accept connections
Mar 10, 2016 3:38:20 PM okhttp3.mockwebserver.MockWebServer$3 acceptConnections
INFO: MockWebServer[50428] done accepting connections: Socket is closed
Mar 10, 2016 3:38:20 PM okhttp3.mockwebserver.MockWebServer$3 execute
INFO: MockWebServer[43926] starting to accept connections
Mar 10, 2016 3:38:20 PM okhttp3.mockwebserver.MockWebServer$3 acceptConnections
INFO: MockWebServer[43926] done accepting connections: Socket is closed
Mar 10, 2016 3:38:20 PM okhttp3.mockwebserver.MockWebServer$3 execute
INFO: MockWebServer[47403] starting to accept connections
Mar 10, 2016 3:38:20 PM okhttp3.mockwebserver.MockWebServer$4 processOneRequest
INFO: MockWebServer[47403] received request: GET / HTTP/1.1 and responded: HTTP/1.1 200 OK
Mar 10, 2016 3:38:20 PM okhttp3.mockwebserver.MockWebServer$3 acceptConnections
INFO: MockWebServer[47403] done accepting connections: Socket closed
Mar 10, 2016 3:38:20 PM okhttp3.mockwebserver.MockWebServer$3 execute
INFO: MockWebServer[50994] starting to accept connections
Mar 10, 2016 3:38:20 PM okhttp3.mockwebserver.MockWebServer$3 acceptConnections
INFO: MockWebServer[50994] done accepting connections: Socket closed
Mar 10, 2016 3:38:20 PM okhttp3.mockwebserver.MockWebServer$4 processOneRequest
INFO: MockWebServer[50994] received request: GET / HTTP/1.1 and responded: HTTP/1.1 200 OK
Mar 10, 2016 3:38:20 PM okhttp3.mockwebserver.MockWebServer$3 execute
INFO: MockWebServer[43719] starting to accept connections
Mar 10, 2016 3:38:20 PM okhttp3.mockwebserver.MockWebServer$4 processOneRequest
INFO: MockWebServer[43719] received request: GET / HTTP/1.1 and responded: HTTP/1.1 205 Nothin
Mar 10, 2016 3:38:20 PM okhttp3.mockwebserver.MockWebServer$3 acceptConnections
INFO: MockWebServer[43719] done accepting connections: Socket closed
Mar 10, 2016 3:38:20 PM okhttp3.mockwebserver.MockWebServer$3 execute
INFO: MockWebServer[39309] starting to accept connections
Mar 10, 2016 3:38:20 PM okhttp3.mockwebserver.MockWebServer$4 processOneRequest
INFO: MockWebServer[39309] received request: GET / HTTP/1.1 and responded: HTTP/1.1 200 OK
Mar 10, 2016 3:38:20 PM okhttp3.mockwebserver.MockWebServer$4 processOneRequest
INFO: MockWebServer[39309] received request: GET / HTTP/1.1 and responded: HTTP/1.1 200 OK
Mar 10, 2016 3:38:20 PM okhttp3.mockwebserver.MockWebServer$3 acceptConnections
INFO: MockWebServer[39309] done accepting connections: Socket closed
Mar 10, 2016 3:38:20 PM okhttp3.mockwebserver.MockWebServer$3 execute
INFO: MockWebServer[54315] starting to accept connections
Mar 10, 2016 3:38:20 PM okhttp3.mockwebserver.MockWebServer$4 processOneRequest
INFO: MockWebServer[54315] received request: GET / HTTP/1.1 and responded: HTTP/1.1 200 OK
Mar 10, 2016 3:38:20 PM okhttp3.mockwebserver.MockWebServer$3 acceptConnections
INFO: MockWebServer[54315] done accepting connections: Socket closed
Mar 10, 2016 3:38:20 PM okhttp3.mockwebserver.MockWebServer$3 execute
INFO: MockWebServer[52209] starting to accept connections
Mar 10, 2016 3:38:20 PM okhttp3.mockwebserver.MockWebServer$3 acceptConnections
INFO: MockWebServer[52209] done accepting connections: Socket closed
Mar 10, 2016 3:38:20 PM okhttp3.mockwebserver.MockWebServer$3 execute
INFO: MockWebServer[59545] starting to accept connections
Mar 10, 2016 3:38:20 PM okhttp3.mockwebserver.MockWebServer$3 acceptConnections
INFO: MockWebServer[59545] done accepting connections: Socket closed
Mar 10, 2016 3:38:20 PM okhttp3.mockwebserver.MockWebServer$3 execute
INFO: MockWebServer[51483] starting to accept connections
Mar 10, 2016 3:38:20 PM okhttp3.mockwebserver.MockWebServer$3 acceptConnections
INFO: MockWebServer[51483] done accepting connections: Socket is closed
Mar 10, 2016 3:38:20 PM okhttp3.mockwebserver.MockWebServer$3 execute
INFO: MockWebServer[54659] starting to accept connections
Mar 10, 2016 3:38:20 PM okhttp3.mockwebserver.MockWebServer$3 acceptConnections
INFO: MockWebServer[54659] done accepting connections: Socket closed
Mar 10, 2016 3:38:20 PM okhttp3.mockwebserver.MockWebServer$4 processOneRequest
INFO: MockWebServer[54659] received request: GET / HTTP/1.1 and responded: HTTP/1.1 200 OK
Mar 10, 2016 3:38:20 PM okhttp3.mockwebserver.MockWebServer$3 execute
INFO: MockWebServer[33261] starting to accept connections
Mar 10, 2016 3:38:20 PM okhttp3.mockwebserver.MockWebServer$4 processOneRequest
INFO: MockWebServer[33261] received request: GET / HTTP/1.1 and responded: HTTP/1.1 200 OK
Mar 10, 2016 3:38:20 PM okhttp3.mockwebserver.MockWebServer$3 acceptConnections
INFO: MockWebServer[33261] done accepting connections: Socket closed
Mar 10, 2016 3:38:20 PM okhttp3.mockwebserver.MockWebServer$3 execute
INFO: MockWebServer[46612] starting to accept connections
Mar 10, 2016 3:38:20 PM okhttp3.mockwebserver.MockWebServer$3 acceptConnections
INFO: MockWebServer[46612] done accepting connections: Socket closed
Mar 10, 2016 3:38:20 PM okhttp3.mockwebserver.MockWebServer$4 processOneRequest
INFO: MockWebServer[46612] received request: GET / HTTP/1.1 and responded: HTTP/1.1 200 OK
Tests run: 34, Failures: 0, Errors: 0, Skipped: 0, Time elapsed: 2.401 sec
Running retrofit2.RequestBuilderTest
Tests run: 123, Failures: 0, Errors: 0, Skipped: 2, Time elapsed: 0.47 sec
Running retrofit2.ExecutorCallAdapterFactoryTest
Tests run: 7, Failures: 0, Errors: 0, Skipped: 0, Time elapsed: 0.268 sec
Running retrofit2.ServiceMethodTest
Tests run: 1, Failures: 0, Errors: 0, Skipped: 0, Time elapsed: 0.007 sec
Running retrofit2.RetrofitTest
Mar 10, 2016 3:38:21 PM okhttp3.mockwebserver.MockWebServer$3 execute
INFO: MockWebServer[48912] starting to accept connections
Mar 10, 2016 3:38:21 PM okhttp3.mockwebserver.MockWebServer$3 acceptConnections
INFO: MockWebServer[48912] done accepting connections: Socket closed
Mar 10, 2016 3:38:21 PM okhttp3.mockwebserver.MockWebServer$3 execute
INFO: MockWebServer[41270] starting to accept connections
Mar 10, 2016 3:38:21 PM okhttp3.mockwebserver.MockWebServer$3 acceptConnections
INFO: MockWebServer[41270] done accepting connections: Socket is closed
Mar 10, 2016 3:38:21 PM okhttp3.mockwebserver.MockWebServer$3 execute
INFO: MockWebServer[60859] starting to accept connections
Mar 10, 2016 3:38:21 PM okhttp3.mockwebserver.MockWebServer$3 acceptConnections
INFO: MockWebServer[60859] done accepting connections: Socket is closed
Mar 10, 2016 3:38:21 PM okhttp3.mockwebserver.MockWebServer$3 execute
INFO: MockWebServer[47671] starting to accept connections
Mar 10, 2016 3:38:21 PM okhttp3.mockwebserver.MockWebServer$3 acceptConnections
INFO: MockWebServer[47671] done accepting connections: Socket is closed
Mar 10, 2016 3:38:21 PM okhttp3.mockwebserver.MockWebServer$3 execute
INFO: MockWebServer[46763] starting to accept connections
Mar 10, 2016 3:38:21 PM okhttp3.mockwebserver.MockWebServer$3 acceptConnections
INFO: MockWebServer[46763] done accepting connections: Socket is closed
Mar 10, 2016 3:38:21 PM okhttp3.mockwebserver.MockWebServer$3 execute
INFO: MockWebServer[59220] starting to accept connections
Mar 10, 2016 3:38:21 PM okhttp3.mockwebserver.MockWebServer$3 acceptConnections
INFO: MockWebServer[59220] done accepting connections: Socket closed
Mar 10, 2016 3:38:21 PM okhttp3.mockwebserver.MockWebServer$4 processOneRequest
INFO: MockWebServer[59220] received request: GET / HTTP/1.1 and responded: HTTP/1.1 200 OK
Mar 10, 2016 3:38:21 PM okhttp3.mockwebserver.MockWebServer$3 execute
INFO: MockWebServer[58384] starting to accept connections
Mar 10, 2016 3:38:21 PM okhttp3.mockwebserver.MockWebServer$3 acceptConnections
INFO: MockWebServer[58384] done accepting connections: Socket is closed
Mar 10, 2016 3:38:21 PM okhttp3.mockwebserver.MockWebServer$3 execute
INFO: MockWebServer[58672] starting to accept connections
Mar 10, 2016 3:38:21 PM okhttp3.mockwebserver.MockWebServer$3 acceptConnections
INFO: MockWebServer[58672] done accepting connections: Socket is closed
Mar 10, 2016 3:38:21 PM okhttp3.mockwebserver.MockWebServer$3 execute
INFO: MockWebServer[53628] starting to accept connections
Mar 10, 2016 3:38:21 PM okhttp3.mockwebserver.MockWebServer$3 acceptConnections
INFO: MockWebServer[53628] done accepting connections: Socket is closed
Mar 10, 2016 3:38:21 PM okhttp3.mockwebserver.MockWebServer$3 execute
INFO: MockWebServer[54182] starting to accept connections
Mar 10, 2016 3:38:21 PM okhttp3.mockwebserver.MockWebServer$3 acceptConnections
INFO: MockWebServer[54182] done accepting connections: Socket is closed
Mar 10, 2016 3:38:21 PM okhttp3.mockwebserver.MockWebServer$3 execute
INFO: MockWebServer[37895] starting to accept connections
Mar 10, 2016 3:38:21 PM okhttp3.mockwebserver.MockWebServer$3 acceptConnections
INFO: MockWebServer[37895] done accepting connections: Socket closed
Mar 10, 2016 3:38:21 PM okhttp3.mockwebserver.MockWebServer$3 execute
INFO: MockWebServer[35363] starting to accept connections
Mar 10, 2016 3:38:21 PM okhttp3.mockwebserver.MockWebServer$3 acceptConnections
INFO: MockWebServer[35363] done accepting connections: Socket closed
Mar 10, 2016 3:38:21 PM okhttp3.mockwebserver.MockWebServer$3 execute
INFO: MockWebServer[42674] starting to accept connections
Mar 10, 2016 3:38:21 PM okhttp3.mockwebserver.MockWebServer$3 acceptConnections
INFO: MockWebServer[42674] done accepting connections: Socket closed
Mar 10, 2016 3:38:21 PM okhttp3.mockwebserver.MockWebServer$3 execute
INFO: MockWebServer[42518] starting to accept connections
Mar 10, 2016 3:38:21 PM okhttp3.mockwebserver.MockWebServer$3 acceptConnections
INFO: MockWebServer[42518] done accepting connections: Socket is closed
Mar 10, 2016 3:38:22 PM okhttp3.mockwebserver.MockWebServer$3 execute
INFO: MockWebServer[60056] starting to accept connections
Mar 10, 2016 3:38:22 PM okhttp3.mockwebserver.MockWebServer$3 acceptConnections
INFO: MockWebServer[60056] done accepting connections: Socket closed
Mar 10, 2016 3:38:22 PM okhttp3.mockwebserver.MockWebServer$3 execute
INFO: MockWebServer[54469] starting to accept connections
Mar 10, 2016 3:38:22 PM okhttp3.mockwebserver.MockWebServer$4 processOneRequest
INFO: MockWebServer[54469] received request: GET / HTTP/1.1 and responded: HTTP/1.1 200 OK
Mar 10, 2016 3:38:22 PM okhttp3.mockwebserver.MockWebServer$3 acceptConnections
INFO: MockWebServer[54469] done accepting connections: Socket closed
Mar 10, 2016 3:38:22 PM okhttp3.mockwebserver.MockWebServer$3 execute
INFO: MockWebServer[37025] starting to accept connections
Mar 10, 2016 3:38:22 PM okhttp3.mockwebserver.MockWebServer$3 acceptConnections
INFO: MockWebServer[37025] done accepting connections: Socket is closed
Mar 10, 2016 3:38:22 PM okhttp3.mockwebserver.MockWebServer$3 execute
INFO: MockWebServer[38143] starting to accept connections
Mar 10, 2016 3:38:22 PM okhttp3.mockwebserver.MockWebServer$3 acceptConnections
INFO: MockWebServer[38143] done accepting connections: Socket is closed
Mar 10, 2016 3:38:22 PM okhttp3.mockwebserver.MockWebServer$3 execute
INFO: MockWebServer[54623] starting to accept connections
Mar 10, 2016 3:38:22 PM okhttp3.mockwebserver.MockWebServer$3 acceptConnections
INFO: MockWebServer[54623] done accepting connections: Socket closed
Mar 10, 2016 3:38:22 PM okhttp3.mockwebserver.MockWebServer$4 processOneRequest
INFO: MockWebServer[54623] received request: GET / HTTP/1.1 and responded: HTTP/1.1 200 OK
Mar 10, 2016 3:38:22 PM okhttp3.mockwebserver.MockWebServer$3 execute
INFO: MockWebServer[56431] starting to accept connections
Mar 10, 2016 3:38:22 PM okhttp3.mockwebserver.MockWebServer$3 acceptConnections
INFO: MockWebServer[56431] done accepting connections: Socket is closed
Mar 10, 2016 3:38:22 PM okhttp3.mockwebserver.MockWebServer$3 execute
INFO: MockWebServer[47419] starting to accept connections
Mar 10, 2016 3:38:22 PM okhttp3.mockwebserver.MockWebServer$3 acceptConnections
INFO: MockWebServer[47419] done accepting connections: Socket closed
Mar 10, 2016 3:38:22 PM okhttp3.mockwebserver.MockWebServer$4 processOneRequest
INFO: MockWebServer[47419] received request: POST / HTTP/1.1 and responded: HTTP/1.1 200 OK
Mar 10, 2016 3:38:22 PM okhttp3.mockwebserver.MockWebServer$3 execute
INFO: MockWebServer[43177] starting to accept connections
Mar 10, 2016 3:38:22 PM okhttp3.mockwebserver.MockWebServer$3 acceptConnections
INFO: MockWebServer[43177] done accepting connections: Socket closed
Mar 10, 2016 3:38:22 PM okhttp3.mockwebserver.MockWebServer$3 execute
INFO: MockWebServer[55746] starting to accept connections
Mar 10, 2016 3:38:22 PM okhttp3.mockwebserver.MockWebServer$3 acceptConnections
INFO: MockWebServer[55746] done accepting connections: Socket closed
Mar 10, 2016 3:38:22 PM okhttp3.mockwebserver.MockWebServer$3 execute
INFO: MockWebServer[47243] starting to accept connections
Mar 10, 2016 3:38:22 PM okhttp3.mockwebserver.MockWebServer$3 acceptConnections
INFO: MockWebServer[47243] done accepting connections: Socket is closed
Mar 10, 2016 3:38:22 PM okhttp3.mockwebserver.MockWebServer$3 execute
INFO: MockWebServer[41087] starting to accept connections
Mar 10, 2016 3:38:22 PM okhttp3.mockwebserver.MockWebServer$3 acceptConnections
INFO: MockWebServer[41087] done accepting connections: Socket is closed
Mar 10, 2016 3:38:22 PM okhttp3.mockwebserver.MockWebServer$3 execute
INFO: MockWebServer[34647] starting to accept connections
Mar 10, 2016 3:38:22 PM okhttp3.mockwebserver.MockWebServer$3 acceptConnections
INFO: MockWebServer[34647] done accepting connections: Socket is closed
Mar 10, 2016 3:38:22 PM okhttp3.mockwebserver.MockWebServer$3 execute
INFO: MockWebServer[38397] starting to accept connections
Mar 10, 2016 3:38:22 PM okhttp3.mockwebserver.MockWebServer$3 acceptConnections
INFO: MockWebServer[38397] done accepting connections: Socket is closed
Mar 10, 2016 3:38:22 PM okhttp3.mockwebserver.MockWebServer$3 execute
INFO: MockWebServer[50478] starting to accept connections
Mar 10, 2016 3:38:22 PM okhttp3.mockwebserver.MockWebServer$3 acceptConnections
INFO: MockWebServer[50478] done accepting connections: Socket is closed
Mar 10, 2016 3:38:22 PM okhttp3.mockwebserver.MockWebServer$3 execute
INFO: MockWebServer[39232] starting to accept connections
Mar 10, 2016 3:38:22 PM okhttp3.mockwebserver.MockWebServer$4 processOneRequest
INFO: MockWebServer[39232] received request: GET / HTTP/1.1 and responded: HTTP/1.1 200 OK
Mar 10, 2016 3:38:22 PM okhttp3.mockwebserver.MockWebServer$3 acceptConnections
INFO: MockWebServer[39232] done accepting connections: Socket closed
Mar 10, 2016 3:38:22 PM okhttp3.mockwebserver.MockWebServer$3 execute
INFO: MockWebServer[50469] starting to accept connections
Mar 10, 2016 3:38:22 PM okhttp3.mockwebserver.MockWebServer$3 acceptConnections
INFO: MockWebServer[50469] done accepting connections: Socket is closed
Mar 10, 2016 3:38:22 PM okhttp3.mockwebserver.MockWebServer$3 execute
INFO: MockWebServer[43147] starting to accept connections
Mar 10, 2016 3:38:22 PM okhttp3.mockwebserver.MockWebServer$3 acceptConnections
INFO: MockWebServer[43147] done accepting connections: Socket is closed
Mar 10, 2016 3:38:22 PM okhttp3.mockwebserver.MockWebServer$3 execute
INFO: MockWebServer[57818] starting to accept connections
Mar 10, 2016 3:38:22 PM okhttp3.mockwebserver.MockWebServer$3 acceptConnections
INFO: MockWebServer[57818] done accepting connections: Socket is closed
Mar 10, 2016 3:38:22 PM okhttp3.mockwebserver.MockWebServer$3 execute
INFO: MockWebServer[38348] starting to accept connections
Mar 10, 2016 3:38:22 PM okhttp3.mockwebserver.MockWebServer$3 acceptConnections
INFO: MockWebServer[38348] done accepting connections: Socket is closed
Mar 10, 2016 3:38:22 PM okhttp3.mockwebserver.MockWebServer$3 execute
INFO: MockWebServer[50167] starting to accept connections
Mar 10, 2016 3:38:22 PM okhttp3.mockwebserver.MockWebServer$4 processOneRequest
INFO: MockWebServer[50167] received request: GET / HTTP/1.1 and responded: HTTP/1.1 200 OK
Mar 10, 2016 3:38:22 PM okhttp3.mockwebserver.MockWebServer$4 processOneRequest
INFO: MockWebServer[50167] received request: GET / HTTP/1.1 and responded: HTTP/1.1 200 OK
Mar 10, 2016 3:38:22 PM okhttp3.mockwebserver.MockWebServer$3 acceptConnections
INFO: MockWebServer[50167] done accepting connections: Socket closed
Mar 10, 2016 3:38:22 PM okhttp3.mockwebserver.MockWebServer$3 execute
INFO: MockWebServer[60930] starting to accept connections
Mar 10, 2016 3:38:22 PM okhttp3.mockwebserver.MockWebServer$3 acceptConnections
INFO: MockWebServer[60930] done accepting connections: Socket is closed
Mar 10, 2016 3:38:22 PM okhttp3.mockwebserver.MockWebServer$3 execute
INFO: MockWebServer[51014] starting to accept connections
Mar 10, 2016 3:38:22 PM okhttp3.mockwebserver.MockWebServer$3 acceptConnections
INFO: MockWebServer[51014] done accepting connections: Socket is closed
Mar 10, 2016 3:38:22 PM okhttp3.mockwebserver.MockWebServer$3 execute
INFO: MockWebServer[52634] starting to accept connections
Mar 10, 2016 3:38:22 PM okhttp3.mockwebserver.MockWebServer$3 acceptConnections
INFO: MockWebServer[52634] done accepting connections: Socket is closed
Mar 10, 2016 3:38:22 PM okhttp3.mockwebserver.MockWebServer$3 execute
INFO: MockWebServer[33063] starting to accept connections
Mar 10, 2016 3:38:22 PM okhttp3.mockwebserver.MockWebServer$3 acceptConnections
INFO: MockWebServer[33063] done accepting connections: Socket is closed
Mar 10, 2016 3:38:22 PM okhttp3.mockwebserver.MockWebServer$3 execute
INFO: MockWebServer[57403] starting to accept connections
Mar 10, 2016 3:38:22 PM okhttp3.mockwebserver.MockWebServer$3 acceptConnections
INFO: MockWebServer[57403] done accepting connections: Socket is closed
Mar 10, 2016 3:38:22 PM okhttp3.mockwebserver.MockWebServer$3 execute
INFO: MockWebServer[34513] starting to accept connections
Mar 10, 2016 3:38:22 PM okhttp3.mockwebserver.MockWebServer$3 acceptConnections
INFO: MockWebServer[34513] done accepting connections: Socket closed
Mar 10, 2016 3:38:22 PM okhttp3.mockwebserver.MockWebServer$3 execute
INFO: MockWebServer[45286] starting to accept connections
Mar 10, 2016 3:38:22 PM okhttp3.mockwebserver.MockWebServer$3 acceptConnections
INFO: MockWebServer[45286] done accepting connections: Socket closed
Mar 10, 2016 3:38:22 PM okhttp3.mockwebserver.MockWebServer$3 execute
INFO: MockWebServer[40911] starting to accept connections
Mar 10, 2016 3:38:22 PM okhttp3.mockwebserver.MockWebServer$3 acceptConnections
INFO: MockWebServer[40911] done accepting connections: Socket is closed
Mar 10, 2016 3:38:22 PM okhttp3.mockwebserver.MockWebServer$3 execute
INFO: MockWebServer[37173] starting to accept connections
Mar 10, 2016 3:38:22 PM okhttp3.mockwebserver.MockWebServer$3 acceptConnections
INFO: MockWebServer[37173] done accepting connections: Socket closed
Mar 10, 2016 3:38:22 PM okhttp3.mockwebserver.MockWebServer$3 execute
INFO: MockWebServer[44476] starting to accept connections
Mar 10, 2016 3:38:22 PM okhttp3.mockwebserver.MockWebServer$3 acceptConnections
INFO: MockWebServer[44476] done accepting connections: Socket is closed
Mar 10, 2016 3:38:22 PM okhttp3.mockwebserver.MockWebServer$3 execute
INFO: MockWebServer[57994] starting to accept connections
Mar 10, 2016 3:38:22 PM okhttp3.mockwebserver.MockWebServer$3 acceptConnections
INFO: MockWebServer[57994] done accepting connections: Socket closed
Mar 10, 2016 3:38:22 PM okhttp3.mockwebserver.MockWebServer$3 execute
INFO: MockWebServer[37298] starting to accept connections
Mar 10, 2016 3:38:22 PM okhttp3.mockwebserver.MockWebServer$3 acceptConnections
INFO: MockWebServer[37298] done accepting connections: Socket is closed
Mar 10, 2016 3:38:22 PM okhttp3.mockwebserver.MockWebServer$3 execute
INFO: MockWebServer[54524] starting to accept connections
Mar 10, 2016 3:38:22 PM okhttp3.mockwebserver.MockWebServer$4 processOneRequest
INFO: MockWebServer[54524] received request: GET /?i=101 HTTP/1.1 and responded: HTTP/1.1 200 OK
Mar 10, 2016 3:38:22 PM okhttp3.mockwebserver.MockWebServer$4 processOneRequest
INFO: MockWebServer[54524] received request: GET /?i=201 HTTP/1.1 and responded: HTTP/1.1 200 OK
Mar 10, 2016 3:38:22 PM okhttp3.mockwebserver.MockWebServer$3 acceptConnections
INFO: MockWebServer[54524] done accepting connections: Socket closed
Mar 10, 2016 3:38:22 PM okhttp3.mockwebserver.MockWebServer$3 execute
INFO: MockWebServer[45702] starting to accept connections
Mar 10, 2016 3:38:22 PM okhttp3.mockwebserver.MockWebServer$3 acceptConnections
INFO: MockWebServer[45702] done accepting connections: Socket is closed
Mar 10, 2016 3:38:22 PM okhttp3.mockwebserver.MockWebServer$3 execute
INFO: MockWebServer[51003] starting to accept connections
Mar 10, 2016 3:38:22 PM okhttp3.mockwebserver.MockWebServer$3 acceptConnections
INFO: MockWebServer[51003] done accepting connections: Socket is closed
Mar 10, 2016 3:38:22 PM okhttp3.mockwebserver.MockWebServer$3 execute
INFO: MockWebServer[57877] starting to accept connections
Mar 10, 2016 3:38:22 PM okhttp3.mockwebserver.MockWebServer$3 acceptConnections
INFO: MockWebServer[57877] done accepting connections: Socket is closed
Mar 10, 2016 3:38:22 PM okhttp3.mockwebserver.MockWebServer$3 execute
INFO: MockWebServer[33314] starting to accept connections
Mar 10, 2016 3:38:22 PM okhttp3.mockwebserver.MockWebServer$3 acceptConnections
INFO: MockWebServer[33314] done accepting connections: Socket is closed
Mar 10, 2016 3:38:22 PM okhttp3.mockwebserver.MockWebServer$3 execute
INFO: MockWebServer[60151] starting to accept connections
Mar 10, 2016 3:38:22 PM okhttp3.mockwebserver.MockWebServer$3 acceptConnections
INFO: MockWebServer[60151] done accepting connections: Socket is closed
Mar 10, 2016 3:38:22 PM okhttp3.mockwebserver.MockWebServer$3 execute
INFO: MockWebServer[38327] starting to accept connections
Mar 10, 2016 3:38:22 PM okhttp3.mockwebserver.MockWebServer$3 acceptConnections
INFO: MockWebServer[38327] done accepting connections: Socket is closed
Mar 10, 2016 3:38:22 PM okhttp3.mockwebserver.MockWebServer$3 execute
INFO: MockWebServer[60389] starting to accept connections
Mar 10, 2016 3:38:22 PM okhttp3.mockwebserver.MockWebServer$3 acceptConnections
INFO: MockWebServer[60389] done accepting connections: Socket closed
Mar 10, 2016 3:38:22 PM okhttp3.mockwebserver.MockWebServer$3 execute
INFO: MockWebServer[59109] starting to accept connections
Mar 10, 2016 3:38:22 PM okhttp3.mockwebserver.MockWebServer$3 acceptConnections
INFO: MockWebServer[59109] done accepting connections: Socket closed
Mar 10, 2016 3:38:22 PM okhttp3.mockwebserver.MockWebServer$3 execute
INFO: MockWebServer[43103] starting to accept connections
Mar 10, 2016 3:38:22 PM okhttp3.mockwebserver.MockWebServer$3 acceptConnections
INFO: MockWebServer[43103] done accepting connections: Socket is closed
Mar 10, 2016 3:38:22 PM okhttp3.mockwebserver.MockWebServer$3 execute
INFO: MockWebServer[51348] starting to accept connections
Mar 10, 2016 3:38:22 PM okhttp3.mockwebserver.MockWebServer$3 acceptConnections
INFO: MockWebServer[51348] done accepting connections: Socket is closed
Mar 10, 2016 3:38:22 PM okhttp3.mockwebserver.MockWebServer$3 execute
INFO: MockWebServer[52447] starting to accept connections
Mar 10, 2016 3:38:22 PM okhttp3.mockwebserver.MockWebServer$3 acceptConnections
INFO: MockWebServer[52447] done accepting connections: Socket closed
Mar 10, 2016 3:38:22 PM okhttp3.mockwebserver.MockWebServer$3 execute
INFO: MockWebServer[54889] starting to accept connections
Mar 10, 2016 3:38:22 PM okhttp3.mockwebserver.MockWebServer$3 acceptConnections
INFO: MockWebServer[54889] done accepting connections: Socket is closed
Mar 10, 2016 3:38:22 PM okhttp3.mockwebserver.MockWebServer$3 execute
INFO: MockWebServer[35164] starting to accept connections
Mar 10, 2016 3:38:22 PM okhttp3.mockwebserver.MockWebServer$3 acceptConnections
INFO: MockWebServer[35164] done accepting connections: Socket closed
Mar 10, 2016 3:38:22 PM okhttp3.mockwebserver.MockWebServer$3 execute
INFO: MockWebServer[59574] starting to accept connections
Mar 10, 2016 3:38:22 PM okhttp3.mockwebserver.MockWebServer$3 acceptConnections
INFO: MockWebServer[59574] done accepting connections: Socket is closed
Mar 10, 2016 3:38:22 PM okhttp3.mockwebserver.MockWebServer$3 execute
INFO: MockWebServer[58339] starting to accept connections
Mar 10, 2016 3:38:22 PM okhttp3.mockwebserver.MockWebServer$3 acceptConnections
INFO: MockWebServer[58339] done accepting connections: Socket is closed
Mar 10, 2016 3:38:22 PM okhttp3.mockwebserver.MockWebServer$3 execute
INFO: MockWebServer[60507] starting to accept connections
Mar 10, 2016 3:38:22 PM okhttp3.mockwebserver.MockWebServer$3 acceptConnections
INFO: MockWebServer[60507] done accepting connections: Socket is closed
Mar 10, 2016 3:38:22 PM okhttp3.mockwebserver.MockWebServer$3 execute
INFO: MockWebServer[44945] starting to accept connections
Mar 10, 2016 3:38:22 PM okhttp3.mockwebserver.MockWebServer$3 acceptConnections
INFO: MockWebServer[44945] done accepting connections: Socket closed
Tests run: 64, Failures: 0, Errors: 0, Skipped: 0, Time elapsed: 1.058 sec
Running retrofit2.RequestBuilderAndroidTest
WARNING: No manifest file found at ./AndroidManifest.xml.Falling back to the Android OS resources only.
To remove this warning, annotate your test class with @Config(manifest=Config.NONE).
WARNING: No manifest file found at ./AndroidManifest.xml.Falling back to the Android OS resources only.
To remove this warning, annotate your test class with @Config(manifest=Config.NONE).
Tests run: 2, Failures: 0, Errors: 0, Skipped: 0, Time elapsed: 8.364 sec
Running retrofit2.ResponseTest
Tests run: 14, Failures: 0, Errors: 0, Skipped: 0, Time elapsed: 0.011 sec

Results :

Tests run: 245, Failures: 0, Errors: 0, Skipped: 2

[INFO] 
[INFO] --- animal-sniffer-maven-plugin:1.14:check (default) @ retrofit ---
[INFO] Checking unresolved references to org.codehaus.mojo.signature:java16:1.1
[INFO]                                                                         
[INFO] ------------------------------------------------------------------------
[INFO] Building Adapters 2.0.0-SNAPSHOT
[INFO] ------------------------------------------------------------------------
[INFO] 
[INFO] --- maven-enforcer-plugin:1.0:enforce (enforce-maven) @ retrofit-adapters ---
[INFO] 
[INFO] --- animal-sniffer-maven-plugin:1.14:check (default) @ retrofit-adapters ---
[INFO] Checking unresolved references to org.codehaus.mojo.signature:java16:1.1
[INFO]                                                                         
[INFO] ------------------------------------------------------------------------
[INFO] Building Adapter: Guava 2.0.0-SNAPSHOT
[INFO] ------------------------------------------------------------------------
[INFO] 
[INFO] --- maven-enforcer-plugin:1.0:enforce (enforce-maven) @ adapter-guava ---
[INFO] 
[INFO] --- maven-resources-plugin:2.6:resources (default-resources) @ adapter-guava ---
[INFO] Using 'UTF-8' encoding to copy filtered resources.
[INFO] skip non existing resourceDirectory /home/travis/build/square/retrofit/retrofit-adapters/guava/src/main/resources
[INFO] 
[INFO] --- maven-compiler-plugin:3.0:compile (default-compile) @ adapter-guava ---
[INFO] Changes detected - recompiling the module!
[INFO] Compiling 2 source files to /home/travis/build/square/retrofit/retrofit-adapters/guava/target/classes
[INFO] 
[INFO] --- maven-resources-plugin:2.6:testResources (default-testResources) @ adapter-guava ---
[INFO] Using 'UTF-8' encoding to copy filtered resources.
[INFO] skip non existing resourceDirectory /home/travis/build/square/retrofit/retrofit-adapters/guava/src/test/resources
[INFO] 
[INFO] --- maven-compiler-plugin:3.0:testCompile (default-testCompile) @ adapter-guava ---
[INFO] Changes detected - recompiling the module!
[INFO] Compiling 3 source files to /home/travis/build/square/retrofit/retrofit-adapters/guava/target/test-classes
[INFO] 
[INFO] --- maven-surefire-plugin:2.12.4:test (default-test) @ adapter-guava ---
[INFO] Surefire report directory: /home/travis/build/square/retrofit/retrofit-adapters/guava/target/surefire-reports

-------------------------------------------------------
 T E S T S
-------------------------------------------------------
Running retrofit2.adapter.guava.ListenableFutureTest
Mar 10, 2016 3:38:33 PM okhttp3.mockwebserver.MockWebServer$3 execute
INFO: MockWebServer[34241] starting to accept connections
Mar 10, 2016 3:38:34 PM okhttp3.mockwebserver.MockWebServer$4 processOneRequest
INFO: MockWebServer[34241] received request: GET / HTTP/1.1 and responded: HTTP/1.1 200 OK
Mar 10, 2016 3:38:34 PM okhttp3.mockwebserver.MockWebServer$3 acceptConnections
INFO: MockWebServer[34241] done accepting connections: Socket closed
Mar 10, 2016 3:38:34 PM okhttp3.mockwebserver.MockWebServer$3 execute
INFO: MockWebServer[55252] starting to accept connections
Mar 10, 2016 3:38:34 PM okhttp3.mockwebserver.MockWebServer$3 acceptConnections
INFO: MockWebServer[55252] done accepting connections: Socket closed
Mar 10, 2016 3:38:34 PM okhttp3.mockwebserver.MockWebServer$4 processOneRequest
INFO: MockWebServer[55252] received request: GET / HTTP/1.1 and responded: HTTP/1.1 404 Client Error
Mar 10, 2016 3:38:34 PM okhttp3.mockwebserver.MockWebServer$3 execute
INFO: MockWebServer[47483] starting to accept connections
Mar 10, 2016 3:38:34 PM okhttp3.mockwebserver.MockWebServer$4 processConnection
WARNING: MockWebServer[47483] connection from /127.0.0.1 didn't make a request
Mar 10, 2016 3:38:34 PM okhttp3.mockwebserver.MockWebServer$3 acceptConnections
INFO: MockWebServer[47483] done accepting connections: Socket closed
Mar 10, 2016 3:38:34 PM okhttp3.mockwebserver.MockWebServer$3 execute
INFO: MockWebServer[49422] starting to accept connections
Mar 10, 2016 3:38:34 PM okhttp3.mockwebserver.MockWebServer$3 acceptConnections
INFO: MockWebServer[49422] done accepting connections: Socket closed
Mar 10, 2016 3:38:34 PM okhttp3.mockwebserver.MockWebServer$4 processOneRequest
INFO: MockWebServer[49422] received request: GET / HTTP/1.1 and responded: HTTP/1.1 200 OK
Mar 10, 2016 3:38:34 PM okhttp3.mockwebserver.MockWebServer$3 execute
INFO: MockWebServer[38325] starting to accept connections
Mar 10, 2016 3:38:34 PM okhttp3.mockwebserver.MockWebServer$3 acceptConnections
INFO: MockWebServer[38325] done accepting connections: Socket closed
Mar 10, 2016 3:38:34 PM okhttp3.mockwebserver.MockWebServer$4 processOneRequest
INFO: MockWebServer[38325] received request: GET / HTTP/1.1 and responded: HTTP/1.1 404 Client Error
Mar 10, 2016 3:38:34 PM okhttp3.mockwebserver.MockWebServer$3 execute
INFO: MockWebServer[52664] starting to accept connections
Mar 10, 2016 3:38:34 PM okhttp3.mockwebserver.MockWebServer$3 acceptConnections
INFO: MockWebServer[52664] done accepting connections: Socket closed
Mar 10, 2016 3:38:34 PM okhttp3.mockwebserver.MockWebServer$4 processConnection
WARNING: MockWebServer[52664] connection from /127.0.0.1 didn't make a request
Tests run: 6, Failures: 0, Errors: 0, Skipped: 0, Time elapsed: 0.752 sec
Running retrofit2.adapter.guava.GuavaCallAdapterFactoryTest
Mar 10, 2016 3:38:34 PM okhttp3.mockwebserver.MockWebServer$3 execute
INFO: MockWebServer[56993] starting to accept connections
Mar 10, 2016 3:38:34 PM okhttp3.mockwebserver.MockWebServer$3 acceptConnections
INFO: MockWebServer[56993] done accepting connections: Socket is closed
Mar 10, 2016 3:38:34 PM okhttp3.mockwebserver.MockWebServer$3 execute
INFO: MockWebServer[44142] starting to accept connections
Mar 10, 2016 3:38:34 PM okhttp3.mockwebserver.MockWebServer$3 acceptConnections
INFO: MockWebServer[44142] done accepting connections: Socket is closed
Mar 10, 2016 3:38:34 PM okhttp3.mockwebserver.MockWebServer$3 execute
INFO: MockWebServer[39468] starting to accept connections
Mar 10, 2016 3:38:34 PM okhttp3.mockwebserver.MockWebServer$3 acceptConnections
INFO: MockWebServer[39468] done accepting connections: Socket is closed
Mar 10, 2016 3:38:34 PM okhttp3.mockwebserver.MockWebServer$3 execute
INFO: MockWebServer[56407] starting to accept connections
Mar 10, 2016 3:38:34 PM okhttp3.mockwebserver.MockWebServer$3 acceptConnections
INFO: MockWebServer[56407] done accepting connections: Socket is closed
Tests run: 4, Failures: 0, Errors: 0, Skipped: 0, Time elapsed: 0.027 sec

Results :

Tests run: 10, Failures: 0, Errors: 0, Skipped: 0

[INFO] 
[INFO] --- animal-sniffer-maven-plugin:1.14:check (default) @ adapter-guava ---
[INFO] Checking unresolved references to org.codehaus.mojo.signature:java16:1.1
[INFO]                                                                         
[INFO] ------------------------------------------------------------------------
[INFO] Building Adapter: Java 8 2.0.0-SNAPSHOT
[INFO] ------------------------------------------------------------------------
[INFO] 
[INFO] --- maven-enforcer-plugin:1.0:enforce (enforce-maven) @ adapter-java8 ---
[INFO] 
[INFO] --- maven-resources-plugin:2.6:resources (default-resources) @ adapter-java8 ---
[INFO] Using 'UTF-8' encoding to copy filtered resources.
[INFO] skip non existing resourceDirectory /home/travis/build/square/retrofit/retrofit-adapters/java8/src/main/resources
[INFO] 
[INFO] --- maven-compiler-plugin:3.0:compile (default-compile) @ adapter-java8 ---
[INFO] Changes detected - recompiling the module!
[INFO] Compiling 2 source files to /home/travis/build/square/retrofit/retrofit-adapters/java8/target/classes
[INFO] 
[INFO] --- maven-resources-plugin:2.6:testResources (default-testResources) @ adapter-java8 ---
[INFO] Using 'UTF-8' encoding to copy filtered resources.
[INFO] skip non existing resourceDirectory /home/travis/build/square/retrofit/retrofit-adapters/java8/src/test/resources
[INFO] 
[INFO] --- maven-compiler-plugin:3.0:testCompile (default-testCompile) @ adapter-java8 ---
[INFO] Changes detected - recompiling the module!
[INFO] Compiling 3 source files to /home/travis/build/square/retrofit/retrofit-adapters/java8/target/test-classes
[INFO] 
[INFO] --- maven-surefire-plugin:2.12.4:test (default-test) @ adapter-java8 ---
[INFO] Surefire report directory: /home/travis/build/square/retrofit/retrofit-adapters/java8/target/surefire-reports

-------------------------------------------------------
 T E S T S
-------------------------------------------------------
Running retrofit2.adapter.java8.Java8CallAdapterFactoryTest
Mar 10, 2016 3:38:36 PM okhttp3.mockwebserver.MockWebServer$3 execute
INFO: MockWebServer[39389] starting to accept connections
Mar 10, 2016 3:38:36 PM okhttp3.mockwebserver.MockWebServer$3 acceptConnections
INFO: MockWebServer[39389] done accepting connections: Socket closed
Mar 10, 2016 3:38:36 PM okhttp3.mockwebserver.MockWebServer$3 execute
INFO: MockWebServer[53286] starting to accept connections
Mar 10, 2016 3:38:36 PM okhttp3.mockwebserver.MockWebServer$3 acceptConnections
INFO: MockWebServer[53286] done accepting connections: Socket is closed
Mar 10, 2016 3:38:36 PM okhttp3.mockwebserver.MockWebServer$3 execute
INFO: MockWebServer[40979] starting to accept connections
Mar 10, 2016 3:38:36 PM okhttp3.mockwebserver.MockWebServer$3 acceptConnections
INFO: MockWebServer[40979] done accepting connections: Socket is closed
Mar 10, 2016 3:38:36 PM okhttp3.mockwebserver.MockWebServer$3 execute
INFO: MockWebServer[46493] starting to accept connections
Mar 10, 2016 3:38:36 PM okhttp3.mockwebserver.MockWebServer$3 acceptConnections
INFO: MockWebServer[46493] done accepting connections: Socket is closed
Tests run: 4, Failures: 0, Errors: 0, Skipped: 0, Time elapsed: 0.79 sec
Running retrofit2.adapter.java8.CompletableFutureTest
Mar 10, 2016 3:38:36 PM okhttp3.mockwebserver.MockWebServer$3 execute
INFO: MockWebServer[33777] starting to accept connections
Mar 10, 2016 3:38:37 PM okhttp3.mockwebserver.MockWebServer$4 processOneRequest
INFO: MockWebServer[33777] received request: GET / HTTP/1.1 and responded: HTTP/1.1 200 OK
Mar 10, 2016 3:38:37 PM okhttp3.mockwebserver.MockWebServer$3 acceptConnections
INFO: MockWebServer[33777] done accepting connections: Socket closed
Mar 10, 2016 3:38:37 PM okhttp3.mockwebserver.MockWebServer$3 execute
INFO: MockWebServer[57652] starting to accept connections
Mar 10, 2016 3:38:37 PM okhttp3.mockwebserver.MockWebServer$4 processOneRequest
INFO: MockWebServer[57652] received request: GET / HTTP/1.1 and responded: HTTP/1.1 404 Client Error
Mar 10, 2016 3:38:37 PM okhttp3.mockwebserver.MockWebServer$3 acceptConnections
INFO: MockWebServer[57652] done accepting connections: Socket closed
Mar 10, 2016 3:38:37 PM okhttp3.mockwebserver.MockWebServer$3 execute
INFO: MockWebServer[51523] starting to accept connections
Mar 10, 2016 3:38:37 PM okhttp3.mockwebserver.MockWebServer$3 acceptConnections
INFO: MockWebServer[51523] done accepting connections: Socket closed
Mar 10, 2016 3:38:37 PM okhttp3.mockwebserver.MockWebServer$4 processConnection
WARNING: MockWebServer[51523] connection from /127.0.0.1 didn't make a request
Mar 10, 2016 3:38:37 PM okhttp3.mockwebserver.MockWebServer$3 execute
INFO: MockWebServer[42012] starting to accept connections
Mar 10, 2016 3:38:37 PM okhttp3.mockwebserver.MockWebServer$3 acceptConnections
INFO: MockWebServer[42012] done accepting connections: Socket closed
Mar 10, 2016 3:38:37 PM okhttp3.mockwebserver.MockWebServer$4 processOneRequest
INFO: MockWebServer[42012] received request: GET / HTTP/1.1 and responded: HTTP/1.1 200 OK
Mar 10, 2016 3:38:37 PM okhttp3.mockwebserver.MockWebServer$3 execute
INFO: MockWebServer[42385] starting to accept connections
Mar 10, 2016 3:38:37 PM okhttp3.mockwebserver.MockWebServer$3 acceptConnections
INFO: MockWebServer[42385] done accepting connections: Socket closed
Mar 10, 2016 3:38:37 PM okhttp3.mockwebserver.MockWebServer$4 processOneRequest
INFO: MockWebServer[42385] received request: GET / HTTP/1.1 and responded: HTTP/1.1 404 Client Error
Mar 10, 2016 3:38:37 PM okhttp3.mockwebserver.MockWebServer$3 execute
INFO: MockWebServer[49461] starting to accept connections
Mar 10, 2016 3:38:37 PM okhttp3.mockwebserver.MockWebServer$3 acceptConnections
INFO: MockWebServer[49461] done accepting connections: Socket closed
Mar 10, 2016 3:38:37 PM okhttp3.mockwebserver.MockWebServer$4 processConnection
WARNING: MockWebServer[49461] connection from /127.0.0.1 didn't make a request
Tests run: 6, Failures: 0, Errors: 0, Skipped: 0, Time elapsed: 0.189 sec

Results :

Tests run: 10, Failures: 0, Errors: 0, Skipped: 0

[INFO] 
[INFO] --- animal-sniffer-maven-plugin:1.14:check (default) @ adapter-java8 ---
[INFO] Checking unresolved references to org.kaazing.mojo.signature:java18:1.0
[INFO]                                                                         
[INFO] ------------------------------------------------------------------------
[INFO] Building Adapter: RxJava 2.0.0-SNAPSHOT
[INFO] ------------------------------------------------------------------------
[INFO] 
[INFO] --- maven-enforcer-plugin:1.0:enforce (enforce-maven) @ adapter-rxjava ---
[INFO] 
[INFO] --- maven-resources-plugin:2.6:resources (default-resources) @ adapter-rxjava ---
[INFO] Using 'UTF-8' encoding to copy filtered resources.
[INFO] skip non existing resourceDirectory /home/travis/build/square/retrofit/retrofit-adapters/rxjava/src/main/resources
[INFO] 
[INFO] --- maven-compiler-plugin:3.0:compile (default-compile) @ adapter-rxjava ---
[INFO] Changes detected - recompiling the module!
[INFO] Compiling 5 source files to /home/travis/build/square/retrofit/retrofit-adapters/rxjava/target/classes
[INFO] 
[INFO] --- maven-resources-plugin:2.6:testResources (default-testResources) @ adapter-rxjava ---
[INFO] Using 'UTF-8' encoding to copy filtered resources.
[INFO] skip non existing resourceDirectory /home/travis/build/square/retrofit/retrofit-adapters/rxjava/src/test/resources
[INFO] 
[INFO] --- maven-compiler-plugin:3.0:testCompile (default-testCompile) @ adapter-rxjava ---
[INFO] Changes detected - recompiling the module!
[INFO] Compiling 9 source files to /home/travis/build/square/retrofit/retrofit-adapters/rxjava/target/test-classes
[INFO] 
[INFO] --- maven-surefire-plugin:2.12.4:test (default-test) @ adapter-rxjava ---
[INFO] Surefire report directory: /home/travis/build/square/retrofit/retrofit-adapters/rxjava/target/surefire-reports

-------------------------------------------------------
 T E S T S
-------------------------------------------------------
Running retrofit2.adapter.rxjava.ObservableSchedulerTest
Mar 10, 2016 3:38:38 PM okhttp3.mockwebserver.MockWebServer$3 execute
INFO: MockWebServer[38140] starting to accept connections
Mar 10, 2016 3:38:38 PM okhttp3.mockwebserver.MockWebServer$4 processOneRequest
INFO: MockWebServer[38140] received request: GET / HTTP/1.1 and responded: HTTP/1.1 200 OK
Mar 10, 2016 3:38:38 PM okhttp3.mockwebserver.MockWebServer$3 acceptConnections
INFO: MockWebServer[38140] done accepting connections: Socket closed
Mar 10, 2016 3:38:39 PM okhttp3.mockwebserver.MockWebServer$3 execute
INFO: MockWebServer[48698] starting to accept connections
Mar 10, 2016 3:38:39 PM okhttp3.mockwebserver.MockWebServer$3 acceptConnections
INFO: MockWebServer[48698] done accepting connections: Socket closed
Mar 10, 2016 3:38:39 PM okhttp3.mockwebserver.MockWebServer$4 processOneRequest
INFO: MockWebServer[48698] received request: GET / HTTP/1.1 and responded: HTTP/1.1 200 OK
Mar 10, 2016 3:38:39 PM okhttp3.mockwebserver.MockWebServer$3 execute
INFO: MockWebServer[53154] starting to accept connections
Mar 10, 2016 3:38:39 PM okhttp3.mockwebserver.MockWebServer$3 acceptConnections
INFO: MockWebServer[53154] done accepting connections: Socket closed
Mar 10, 2016 3:38:39 PM okhttp3.mockwebserver.MockWebServer$4 processOneRequest
INFO: MockWebServer[53154] received request: GET / HTTP/1.1 and responded: HTTP/1.1 200 OK
Tests run: 3, Failures: 0, Errors: 0, Skipped: 0, Time elapsed: 0.981 sec
Running retrofit2.adapter.rxjava.ObservableTest
Mar 10, 2016 3:38:39 PM okhttp3.mockwebserver.MockWebServer$3 execute
INFO: MockWebServer[38256] starting to accept connections
Mar 10, 2016 3:38:39 PM okhttp3.mockwebserver.MockWebServer$4 processConnection
WARNING: MockWebServer[38256] connection from /127.0.0.1 didn't make a request
Mar 10, 2016 3:38:39 PM okhttp3.mockwebserver.MockWebServer$3 acceptConnections
INFO: MockWebServer[38256] done accepting connections: Socket closed
Mar 10, 2016 3:38:39 PM okhttp3.mockwebserver.MockWebServer$3 execute
INFO: MockWebServer[48726] starting to accept connections
Mar 10, 2016 3:38:39 PM okhttp3.mockwebserver.MockWebServer$3 acceptConnections
INFO: MockWebServer[48726] done accepting connections: Socket closed
Mar 10, 2016 3:38:39 PM okhttp3.mockwebserver.MockWebServer$4 processOneRequest
INFO: MockWebServer[48726] received request: GET / HTTP/1.1 and responded: HTTP/1.1 200 OK
Mar 10, 2016 3:38:39 PM okhttp3.mockwebserver.MockWebServer$3 execute
INFO: MockWebServer[47489] starting to accept connections
Mar 10, 2016 3:38:39 PM okhttp3.mockwebserver.MockWebServer$4 processOneRequest
INFO: MockWebServer[47489] received request: GET / HTTP/1.1 and responded: HTTP/1.1 404 Client Error
Mar 10, 2016 3:38:39 PM okhttp3.mockwebserver.MockWebServer$3 acceptConnections
INFO: MockWebServer[47489] done accepting connections: Socket closed
Mar 10, 2016 3:38:39 PM okhttp3.mockwebserver.MockWebServer$3 execute
INFO: MockWebServer[44330] starting to accept connections
Mar 10, 2016 3:38:39 PM okhttp3.mockwebserver.MockWebServer$3 acceptConnections
INFO: MockWebServer[44330] done accepting connections: Socket closed
Mar 10, 2016 3:38:39 PM okhttp3.mockwebserver.MockWebServer$4 processConnection
WARNING: MockWebServer[44330] connection from /127.0.0.1 didn't make a request
Mar 10, 2016 3:38:39 PM okhttp3.mockwebserver.MockWebServer$3 execute
INFO: MockWebServer[40706] starting to accept connections
Mar 10, 2016 3:38:39 PM okhttp3.mockwebserver.MockWebServer$4 processOneRequest
INFO: MockWebServer[40706] received request: GET / HTTP/1.1 and responded: HTTP/1.1 200 OK
Mar 10, 2016 3:38:39 PM okhttp3.mockwebserver.MockWebServer$3 acceptConnections
INFO: MockWebServer[40706] done accepting connections: Socket closed
Mar 10, 2016 3:38:39 PM okhttp3.mockwebserver.MockWebServer$3 execute
INFO: MockWebServer[53266] starting to accept connections
Mar 10, 2016 3:38:39 PM okhttp3.mockwebserver.MockWebServer$4 processOneRequest
INFO: MockWebServer[53266] received request: GET / HTTP/1.1 and responded: HTTP/1.1 404 Client Error
Mar 10, 2016 3:38:39 PM okhttp3.mockwebserver.MockWebServer$3 acceptConnections
INFO: MockWebServer[53266] done accepting connections: Socket closed
Mar 10, 2016 3:38:39 PM okhttp3.mockwebserver.MockWebServer$3 execute
INFO: MockWebServer[49377] starting to accept connections
Mar 10, 2016 3:38:39 PM okhttp3.mockwebserver.MockWebServer$4 processConnection
WARNING: MockWebServer[49377] connection from /127.0.0.1 didn't make a request
Mar 10, 2016 3:38:39 PM okhttp3.mockwebserver.MockWebServer$3 acceptConnections
INFO: MockWebServer[49377] done accepting connections: Socket closed
Mar 10, 2016 3:38:39 PM okhttp3.mockwebserver.MockWebServer$3 execute
INFO: MockWebServer[55794] starting to accept connections
Mar 10, 2016 3:38:39 PM okhttp3.mockwebserver.MockWebServer$3 acceptConnections
INFO: MockWebServer[55794] done accepting connections: Socket closed
Mar 10, 2016 3:38:39 PM okhttp3.mockwebserver.MockWebServer$4 processOneRequest
INFO: MockWebServer[55794] received request: GET / HTTP/1.1 and responded: HTTP/1.1 200 OK
Mar 10, 2016 3:38:39 PM okhttp3.mockwebserver.MockWebServer$3 execute
INFO: MockWebServer[33223] starting to accept connections
Mar 10, 2016 3:38:39 PM okhttp3.mockwebserver.MockWebServer$3 acceptConnections
INFO: MockWebServer[33223] done accepting connections: Socket closed
Mar 10, 2016 3:38:39 PM okhttp3.mockwebserver.MockWebServer$4 processOneRequest
INFO: MockWebServer[33223] received request: GET / HTTP/1.1 and responded: HTTP/1.1 404 Client Error
Tests run: 9, Failures: 0, Errors: 0, Skipped: 0, Time elapsed: 0.228 sec
Running retrofit2.adapter.rxjava.RxJavaCallAdapterFactoryTest
Tests run: 6, Failures: 0, Errors: 0, Skipped: 0, Time elapsed: 0.069 sec
Running retrofit2.adapter.rxjava.SingleSchedulerTest
Mar 10, 2016 3:38:39 PM okhttp3.mockwebserver.MockWebServer$3 execute
INFO: MockWebServer[55913] starting to accept connections
Mar 10, 2016 3:38:39 PM okhttp3.mockwebserver.MockWebServer$3 acceptConnections
INFO: MockWebServer[55913] done accepting connections: Socket closed
Mar 10, 2016 3:38:39 PM okhttp3.mockwebserver.MockWebServer$4 processOneRequest
INFO: MockWebServer[55913] received request: GET / HTTP/1.1 and responded: HTTP/1.1 200 OK
Mar 10, 2016 3:38:39 PM okhttp3.mockwebserver.MockWebServer$3 execute
INFO: MockWebServer[55945] starting to accept connections
Mar 10, 2016 3:38:39 PM okhttp3.mockwebserver.MockWebServer$3 acceptConnections
INFO: MockWebServer[55945] done accepting connections: Socket closed
Mar 10, 2016 3:38:39 PM okhttp3.mockwebserver.MockWebServer$4 processOneRequest
INFO: MockWebServer[55945] received request: GET / HTTP/1.1 and responded: HTTP/1.1 200 OK
Mar 10, 2016 3:38:39 PM okhttp3.mockwebserver.MockWebServer$3 execute
INFO: MockWebServer[46071] starting to accept connections
Mar 10, 2016 3:38:39 PM okhttp3.mockwebserver.MockWebServer$3 acceptConnections
INFO: MockWebServer[46071] done accepting connections: Socket closed
Mar 10, 2016 3:38:39 PM okhttp3.mockwebserver.MockWebServer$4 processOneRequest
INFO: MockWebServer[46071] received request: GET / HTTP/1.1 and responded: HTTP/1.1 200 OK
Tests run: 3, Failures: 0, Errors: 0, Skipped: 0, Time elapsed: 0.062 sec
Running retrofit2.adapter.rxjava.CompletableTest
Mar 10, 2016 3:38:39 PM okhttp3.mockwebserver.MockWebServer$3 execute
INFO: MockWebServer[53307] starting to accept connections
Mar 10, 2016 3:38:39 PM okhttp3.mockwebserver.MockWebServer$3 acceptConnections
INFO: MockWebServer[53307] done accepting connections: Socket closed
Mar 10, 2016 3:38:39 PM okhttp3.mockwebserver.MockWebServer$4 processOneRequest
INFO: MockWebServer[53307] received request: GET / HTTP/1.1 and responded: HTTP/1.1 200 OK
Mar 10, 2016 3:38:39 PM okhttp3.mockwebserver.MockWebServer$3 execute
INFO: MockWebServer[35597] starting to accept connections
Mar 10, 2016 3:38:39 PM okhttp3.mockwebserver.MockWebServer$4 processOneRequest
INFO: MockWebServer[35597] received request: GET / HTTP/1.1 and responded: HTTP/1.1 404 Client Error
Mar 10, 2016 3:38:39 PM okhttp3.mockwebserver.MockWebServer$3 acceptConnections
INFO: MockWebServer[35597] done accepting connections: Socket closed
Mar 10, 2016 3:38:39 PM okhttp3.mockwebserver.MockWebServer$3 execute
INFO: MockWebServer[38070] starting to accept connections
Mar 10, 2016 3:38:39 PM okhttp3.mockwebserver.MockWebServer$3 acceptConnections
INFO: MockWebServer[38070] done accepting connections: Socket closed
Mar 10, 2016 3:38:39 PM okhttp3.mockwebserver.MockWebServer$4 processConnection
WARNING: MockWebServer[38070] connection from /127.0.0.1 didn't make a request
Tests run: 3, Failures: 0, Errors: 0, Skipped: 0, Time elapsed: 0.077 sec
Running retrofit2.adapter.rxjava.CompletableSchedulerTest
Mar 10, 2016 3:38:39 PM okhttp3.mockwebserver.MockWebServer$3 execute
INFO: MockWebServer[57187] starting to accept connections
Mar 10, 2016 3:38:39 PM okhttp3.mockwebserver.MockWebServer$4 processOneRequest
INFO: MockWebServer[57187] received request: GET / HTTP/1.1 and responded: HTTP/1.1 200 OK
Mar 10, 2016 3:38:39 PM okhttp3.mockwebserver.MockWebServer$3 acceptConnections
INFO: MockWebServer[57187] done accepting connections: Socket closed
Tests run: 1, Failures: 0, Errors: 0, Skipped: 0, Time elapsed: 0.02 sec
Running retrofit2.adapter.rxjava.SingleTest
Mar 10, 2016 3:38:39 PM okhttp3.mockwebserver.MockWebServer$3 execute
INFO: MockWebServer[41602] starting to accept connections
Mar 10, 2016 3:38:39 PM okhttp3.mockwebserver.MockWebServer$3 acceptConnections
INFO: MockWebServer[41602] done accepting connections: Socket closed
Mar 10, 2016 3:38:39 PM okhttp3.mockwebserver.MockWebServer$4 processConnection
WARNING: MockWebServer[41602] connection from /127.0.0.1 didn't make a request
Mar 10, 2016 3:38:39 PM okhttp3.mockwebserver.MockWebServer$3 execute
INFO: MockWebServer[34875] starting to accept connections
Mar 10, 2016 3:38:39 PM okhttp3.mockwebserver.MockWebServer$3 acceptConnections
INFO: MockWebServer[34875] done accepting connections: Socket closed
Mar 10, 2016 3:38:39 PM okhttp3.mockwebserver.MockWebServer$4 processOneRequest
INFO: MockWebServer[34875] received request: GET / HTTP/1.1 and responded: HTTP/1.1 200 OK
Mar 10, 2016 3:38:39 PM okhttp3.mockwebserver.MockWebServer$3 execute
INFO: MockWebServer[60026] starting to accept connections
Mar 10, 2016 3:38:39 PM okhttp3.mockwebserver.MockWebServer$3 acceptConnections
INFO: MockWebServer[60026] done accepting connections: Socket closed
Mar 10, 2016 3:38:39 PM okhttp3.mockwebserver.MockWebServer$4 processOneRequest
INFO: MockWebServer[60026] received request: GET / HTTP/1.1 and responded: HTTP/1.1 404 Client Error
Mar 10, 2016 3:38:39 PM okhttp3.mockwebserver.MockWebServer$3 execute
INFO: MockWebServer[46959] starting to accept connections
Mar 10, 2016 3:38:39 PM okhttp3.mockwebserver.MockWebServer$3 acceptConnections
INFO: MockWebServer[46959] done accepting connections: Socket closed
Mar 10, 2016 3:38:39 PM okhttp3.mockwebserver.MockWebServer$4 processConnection
WARNING: MockWebServer[46959] connection from /127.0.0.1 didn't make a request
Mar 10, 2016 3:38:39 PM okhttp3.mockwebserver.MockWebServer$3 execute
INFO: MockWebServer[44991] starting to accept connections
Mar 10, 2016 3:38:39 PM okhttp3.mockwebserver.MockWebServer$3 acceptConnections
INFO: MockWebServer[44991] done accepting connections: Socket closed
Mar 10, 2016 3:38:39 PM okhttp3.mockwebserver.MockWebServer$4 processOneRequest
INFO: MockWebServer[44991] received request: GET / HTTP/1.1 and responded: HTTP/1.1 200 OK
Mar 10, 2016 3:38:39 PM okhttp3.mockwebserver.MockWebServer$3 execute
INFO: MockWebServer[43570] starting to accept connections
Mar 10, 2016 3:38:39 PM okhttp3.mockwebserver.MockWebServer$3 acceptConnections
INFO: MockWebServer[43570] done accepting connections: Socket closed
Mar 10, 2016 3:38:39 PM okhttp3.mockwebserver.MockWebServer$4 processOneRequest
INFO: MockWebServer[43570] received request: GET / HTTP/1.1 and responded: HTTP/1.1 404 Client Error
Mar 10, 2016 3:38:39 PM okhttp3.mockwebserver.MockWebServer$3 execute
INFO: MockWebServer[60263] starting to accept connections
Mar 10, 2016 3:38:39 PM okhttp3.mockwebserver.MockWebServer$3 acceptConnections
INFO: MockWebServer[60263] done accepting connections: Socket closed
Mar 10, 2016 3:38:39 PM okhttp3.mockwebserver.MockWebServer$4 processConnection
WARNING: MockWebServer[60263] connection from /127.0.0.1 didn't make a request
Mar 10, 2016 3:38:39 PM okhttp3.mockwebserver.MockWebServer$3 execute
INFO: MockWebServer[51296] starting to accept connections
Mar 10, 2016 3:38:39 PM okhttp3.mockwebserver.MockWebServer$3 acceptConnections
INFO: MockWebServer[51296] done accepting connections: Socket closed
Mar 10, 2016 3:38:39 PM okhttp3.mockwebserver.MockWebServer$4 processOneRequest
INFO: MockWebServer[51296] received request: GET / HTTP/1.1 and responded: HTTP/1.1 200 OK
Mar 10, 2016 3:38:39 PM okhttp3.mockwebserver.MockWebServer$3 execute
INFO: MockWebServer[55835] starting to accept connections
Mar 10, 2016 3:38:39 PM okhttp3.mockwebserver.MockWebServer$3 acceptConnections
INFO: MockWebServer[55835] done accepting connections: Socket closed
Mar 10, 2016 3:38:39 PM okhttp3.mockwebserver.MockWebServer$4 processOneRequest
INFO: MockWebServer[55835] received request: GET / HTTP/1.1 and responded: HTTP/1.1 404 Client Error
Tests run: 9, Failures: 0, Errors: 0, Skipped: 0, Time elapsed: 0.124 sec
Running retrofit2.adapter.rxjava.ResultTest
Tests run: 4, Failures: 0, Errors: 0, Skipped: 0, Time elapsed: 0 sec

Results :

Tests run: 38, Failures: 0, Errors: 0, Skipped: 0

[INFO] 
[INFO] --- animal-sniffer-maven-plugin:1.14:check (default) @ adapter-rxjava ---
[INFO] Checking unresolved references to org.codehaus.mojo.signature:java16:1.1
[INFO]                                                                         
[INFO] ------------------------------------------------------------------------
[INFO] Building Converters 2.0.0-SNAPSHOT
[INFO] ------------------------------------------------------------------------
[INFO] 
[INFO] --- maven-enforcer-plugin:1.0:enforce (enforce-maven) @ retrofit-converters ---
[INFO] 
[INFO] --- animal-sniffer-maven-plugin:1.14:check (default) @ retrofit-converters ---
[INFO] Checking unresolved references to org.codehaus.mojo.signature:java16:1.1
[INFO]                                                                         
[INFO] ------------------------------------------------------------------------
[INFO] Building Converter: Gson 2.0.0-SNAPSHOT
[INFO] ------------------------------------------------------------------------
[INFO] 
[INFO] --- maven-enforcer-plugin:1.0:enforce (enforce-maven) @ converter-gson ---
[INFO] 
[INFO] --- maven-resources-plugin:2.6:resources (default-resources) @ converter-gson ---
[INFO] Using 'UTF-8' encoding to copy filtered resources.
[INFO] skip non existing resourceDirectory /home/travis/build/square/retrofit/retrofit-converters/gson/src/main/resources
[INFO] 
[INFO] --- maven-compiler-plugin:3.0:compile (default-compile) @ converter-gson ---
[INFO] Changes detected - recompiling the module!
[INFO] Compiling 3 source files to /home/travis/build/square/retrofit/retrofit-converters/gson/target/classes
[INFO] 
[INFO] --- maven-resources-plugin:2.6:testResources (default-testResources) @ converter-gson ---
[INFO] Using 'UTF-8' encoding to copy filtered resources.
[INFO] skip non existing resourceDirectory /home/travis/build/square/retrofit/retrofit-converters/gson/src/test/resources
[INFO] 
[INFO] --- maven-compiler-plugin:3.0:testCompile (default-testCompile) @ converter-gson ---
[INFO] Changes detected - recompiling the module!
[INFO] Compiling 1 source file to /home/travis/build/square/retrofit/retrofit-converters/gson/target/test-classes
[INFO] 
[INFO] --- maven-surefire-plugin:2.12.4:test (default-test) @ converter-gson ---
[INFO] Surefire report directory: /home/travis/build/square/retrofit/retrofit-converters/gson/target/surefire-reports

-------------------------------------------------------
 T E S T S
-------------------------------------------------------
Running retrofit2.converter.gson.GsonConverterFactoryTest
Mar 10, 2016 3:38:40 PM okhttp3.mockwebserver.MockWebServer$3 execute
INFO: MockWebServer[59115] starting to accept connections
Mar 10, 2016 3:38:41 PM okhttp3.mockwebserver.MockWebServer$4 processOneRequest
INFO: MockWebServer[59115] received request: POST / HTTP/1.1 and responded: HTTP/1.1 200 OK
Mar 10, 2016 3:38:41 PM okhttp3.mockwebserver.MockWebServer$3 acceptConnections
INFO: MockWebServer[59115] done accepting connections: Socket closed
Mar 10, 2016 3:38:41 PM okhttp3.mockwebserver.MockWebServer$3 execute
INFO: MockWebServer[35467] starting to accept connections
Mar 10, 2016 3:38:41 PM okhttp3.mockwebserver.MockWebServer$4 processOneRequest
INFO: MockWebServer[35467] received request: POST / HTTP/1.1 and responded: HTTP/1.1 200 OK
Mar 10, 2016 3:38:41 PM okhttp3.mockwebserver.MockWebServer$3 acceptConnections
INFO: MockWebServer[35467] done accepting connections: Socket closed
Mar 10, 2016 3:38:41 PM okhttp3.mockwebserver.MockWebServer$3 execute
INFO: MockWebServer[55582] starting to accept connections
Mar 10, 2016 3:38:41 PM okhttp3.mockwebserver.MockWebServer$3 acceptConnections
INFO: MockWebServer[55582] done accepting connections: Socket closed
Mar 10, 2016 3:38:41 PM okhttp3.mockwebserver.MockWebServer$4 processOneRequest
INFO: MockWebServer[55582] received request: POST / HTTP/1.1 and responded: HTTP/1.1 200 OK
Mar 10, 2016 3:38:41 PM okhttp3.mockwebserver.MockWebServer$3 execute
INFO: MockWebServer[44353] starting to accept connections
Mar 10, 2016 3:38:41 PM okhttp3.mockwebserver.MockWebServer$4 processOneRequest
INFO: MockWebServer[44353] received request: POST / HTTP/1.1 and responded: HTTP/1.1 200 OK
Mar 10, 2016 3:38:41 PM okhttp3.mockwebserver.MockWebServer$3 acceptConnections
INFO: MockWebServer[44353] done accepting connections: Socket closed
Tests run: 4, Failures: 0, Errors: 0, Skipped: 0, Time elapsed: 0.735 sec

Results :

Tests run: 4, Failures: 0, Errors: 0, Skipped: 0

[INFO] 
[INFO] --- animal-sniffer-maven-plugin:1.14:check (default) @ converter-gson ---
[INFO] Checking unresolved references to org.codehaus.mojo.signature:java16:1.1
[INFO]                                                                         
[INFO] ------------------------------------------------------------------------
[INFO] Building Converter: Protocol Buffers 2.0.0-SNAPSHOT
[INFO] ------------------------------------------------------------------------
[INFO] 
[INFO] --- maven-enforcer-plugin:1.0:enforce (enforce-maven) @ converter-protobuf ---
[INFO] 
[INFO] --- maven-resources-plugin:2.6:resources (default-resources) @ converter-protobuf ---
[INFO] Using 'UTF-8' encoding to copy filtered resources.
[INFO] skip non existing resourceDirectory /home/travis/build/square/retrofit/retrofit-converters/protobuf/src/main/resources
[INFO] 
[INFO] --- maven-compiler-plugin:3.0:compile (default-compile) @ converter-protobuf ---
[INFO] Changes detected - recompiling the module!
[INFO] Compiling 3 source files to /home/travis/build/square/retrofit/retrofit-converters/protobuf/target/classes
[WARNING] /home/travis/build/square/retrofit/retrofit-converters/protobuf/src/main/java/retrofit2/converter/protobuf/ProtoConverterFactory.java: /home/travis/build/square/retrofit/retrofit-converters/protobuf/src/main/java/retrofit2/converter/protobuf/ProtoConverterFactory.java uses unchecked or unsafe operations.
[WARNING] /home/travis/build/square/retrofit/retrofit-converters/protobuf/src/main/java/retrofit2/converter/protobuf/ProtoConverterFactory.java: Recompile with -Xlint:unchecked for details.
[INFO] 
[INFO] --- maven-resources-plugin:2.6:testResources (default-testResources) @ converter-protobuf ---
[INFO] Using 'UTF-8' encoding to copy filtered resources.
[INFO] skip non existing resourceDirectory /home/travis/build/square/retrofit/retrofit-converters/protobuf/src/test/resources
[INFO] 
[INFO] --- maven-compiler-plugin:3.0:testCompile (default-testCompile) @ converter-protobuf ---
[INFO] Changes detected - recompiling the module!
[INFO] Compiling 2 source files to /home/travis/build/square/retrofit/retrofit-converters/protobuf/target/test-classes
[INFO] 
[INFO] --- maven-surefire-plugin:2.12.4:test (default-test) @ converter-protobuf ---
[INFO] Surefire report directory: /home/travis/build/square/retrofit/retrofit-converters/protobuf/target/surefire-reports

-------------------------------------------------------
 T E S T S
-------------------------------------------------------
Running retrofit2.converter.protobuf.ProtoConverterFactoryTest
Mar 10, 2016 3:38:42 PM okhttp3.mockwebserver.MockWebServer$3 execute
INFO: MockWebServer[53749] starting to accept connections
Mar 10, 2016 3:38:43 PM okhttp3.mockwebserver.MockWebServer$4 processOneRequest
INFO: MockWebServer[53749] received request: POST / HTTP/1.1 and responded: HTTP/1.1 200 OK
Mar 10, 2016 3:38:43 PM okhttp3.mockwebserver.MockWebServer$3 acceptConnections
INFO: MockWebServer[53749] done accepting connections: Socket closed
Mar 10, 2016 3:38:43 PM okhttp3.mockwebserver.MockWebServer$3 execute
INFO: MockWebServer[40583] starting to accept connections
Mar 10, 2016 3:38:43 PM okhttp3.mockwebserver.MockWebServer$3 acceptConnections
INFO: MockWebServer[40583] done accepting connections: Socket closed
Mar 10, 2016 3:38:43 PM okhttp3.mockwebserver.MockWebServer$3 execute
INFO: MockWebServer[36363] starting to accept connections
Mar 10, 2016 3:38:43 PM okhttp3.mockwebserver.MockWebServer$3 acceptConnections
INFO: MockWebServer[36363] done accepting connections: Socket closed
Mar 10, 2016 3:38:43 PM okhttp3.mockwebserver.MockWebServer$4 processOneRequest
INFO: MockWebServer[36363] received request: GET / HTTP/1.1 and responded: HTTP/1.1 200 OK
Mar 10, 2016 3:38:43 PM okhttp3.mockwebserver.MockWebServer$3 execute
INFO: MockWebServer[42885] starting to accept connections
Mar 10, 2016 3:38:43 PM okhttp3.mockwebserver.MockWebServer$3 acceptConnections
INFO: MockWebServer[42885] done accepting connections: Socket is closed
Mar 10, 2016 3:38:43 PM okhttp3.mockwebserver.MockWebServer$3 execute
INFO: MockWebServer[40944] starting to accept connections
Mar 10, 2016 3:38:43 PM okhttp3.mockwebserver.MockWebServer$3 acceptConnections
INFO: MockWebServer[40944] done accepting connections: Socket closed
Mar 10, 2016 3:38:43 PM okhttp3.mockwebserver.MockWebServer$4 processOneRequest
INFO: MockWebServer[40944] received request: GET / HTTP/1.1 and responded: HTTP/1.1 200 OK
Tests run: 5, Failures: 0, Errors: 0, Skipped: 0, Time elapsed: 0.741 sec

Results :

Tests run: 5, Failures: 0, Errors: 0, Skipped: 0

[INFO] 
[INFO] --- animal-sniffer-maven-plugin:1.14:check (default) @ converter-protobuf ---
[INFO] Checking unresolved references to org.codehaus.mojo.signature:java16:1.1
[INFO]                                                                         
[INFO] ------------------------------------------------------------------------
[INFO] Building Converter: Jackson 2.0.0-SNAPSHOT
[INFO] ------------------------------------------------------------------------
[INFO] 
[INFO] --- maven-enforcer-plugin:1.0:enforce (enforce-maven) @ converter-jackson ---
[INFO] 
[INFO] --- maven-resources-plugin:2.6:resources (default-resources) @ converter-jackson ---
[INFO] Using 'UTF-8' encoding to copy filtered resources.
[INFO] skip non existing resourceDirectory /home/travis/build/square/retrofit/retrofit-converters/jackson/src/main/resources
[INFO] 
[INFO] --- maven-compiler-plugin:3.0:compile (default-compile) @ converter-jackson ---
[INFO] Changes detected - recompiling the module!
[INFO] Compiling 3 source files to /home/travis/build/square/retrofit/retrofit-converters/jackson/target/classes
[WARNING] /home/travis/build/square/retrofit/retrofit-converters/jackson/src/main/java/retrofit2/converter/jackson/JacksonConverterFactory.java: /home/travis/build/square/retrofit/retrofit-converters/jackson/src/main/java/retrofit2/converter/jackson/JacksonConverterFactory.java uses or overrides a deprecated API.
[WARNING] /home/travis/build/square/retrofit/retrofit-converters/jackson/src/main/java/retrofit2/converter/jackson/JacksonConverterFactory.java: Recompile with -Xlint:deprecation for details.
[INFO] 
[INFO] --- maven-resources-plugin:2.6:testResources (default-testResources) @ converter-jackson ---
[INFO] Using 'UTF-8' encoding to copy filtered resources.
[INFO] skip non existing resourceDirectory /home/travis/build/square/retrofit/retrofit-converters/jackson/src/test/resources
[INFO] 
[INFO] --- maven-compiler-plugin:3.0:testCompile (default-testCompile) @ converter-jackson ---
[INFO] Changes detected - recompiling the module!
[INFO] Compiling 1 source file to /home/travis/build/square/retrofit/retrofit-converters/jackson/target/test-classes
[WARNING] /home/travis/build/square/retrofit/retrofit-converters/jackson/src/test/java/retrofit2/converter/jackson/JacksonConverterFactoryTest.java: /home/travis/build/square/retrofit/retrofit-converters/jackson/src/test/java/retrofit2/converter/jackson/JacksonConverterFactoryTest.java uses or overrides a deprecated API.
[WARNING] /home/travis/build/square/retrofit/retrofit-converters/jackson/src/test/java/retrofit2/converter/jackson/JacksonConverterFactoryTest.java: Recompile with -Xlint:deprecation for details.
[INFO] 
[INFO] --- maven-surefire-plugin:2.12.4:test (default-test) @ converter-jackson ---
[INFO] Surefire report directory: /home/travis/build/square/retrofit/retrofit-converters/jackson/target/surefire-reports

-------------------------------------------------------
 T E S T S
-------------------------------------------------------
Running retrofit2.converter.jackson.JacksonConverterFactoryTest
Mar 10, 2016 3:38:43 PM okhttp3.mockwebserver.MockWebServer$3 execute
INFO: MockWebServer[38983] starting to accept connections
Mar 10, 2016 3:38:44 PM okhttp3.mockwebserver.MockWebServer$4 processOneRequest
INFO: MockWebServer[38983] received request: POST / HTTP/1.1 and responded: HTTP/1.1 200 OK
Mar 10, 2016 3:38:44 PM okhttp3.mockwebserver.MockWebServer$3 acceptConnections
INFO: MockWebServer[38983] done accepting connections: Socket closed
Mar 10, 2016 3:38:44 PM okhttp3.mockwebserver.MockWebServer$3 execute
INFO: MockWebServer[59969] starting to accept connections
Mar 10, 2016 3:38:44 PM okhttp3.mockwebserver.MockWebServer$4 processOneRequest
INFO: MockWebServer[59969] received request: POST / HTTP/1.1 and responded: HTTP/1.1 200 OK
Mar 10, 2016 3:38:44 PM okhttp3.mockwebserver.MockWebServer$3 acceptConnections
INFO: MockWebServer[59969] done accepting connections: Socket closed
Tests run: 2, Failures: 0, Errors: 0, Skipped: 0, Time elapsed: 0.883 sec

Results :

Tests run: 2, Failures: 0, Errors: 0, Skipped: 0

[INFO] 
[INFO] --- animal-sniffer-maven-plugin:1.14:check (default) @ converter-jackson ---
[INFO] Checking unresolved references to org.codehaus.mojo.signature:java16:1.1
[INFO]                                                                         
[INFO] ------------------------------------------------------------------------
[INFO] Building Converter: Wire Protocol Buffers 2.0.0-SNAPSHOT
[INFO] ------------------------------------------------------------------------
[INFO] 
[INFO] --- maven-enforcer-plugin:1.0:enforce (enforce-maven) @ converter-wire ---
[INFO] 
[INFO] --- maven-resources-plugin:2.6:resources (default-resources) @ converter-wire ---
[INFO] Using 'UTF-8' encoding to copy filtered resources.
[INFO] skip non existing resourceDirectory /home/travis/build/square/retrofit/retrofit-converters/wire/src/main/resources
[INFO] 
[INFO] --- maven-compiler-plugin:3.0:compile (default-compile) @ converter-wire ---
[INFO] Changes detected - recompiling the module!
[INFO] Compiling 3 source files to /home/travis/build/square/retrofit/retrofit-converters/wire/target/classes
[WARNING] /home/travis/build/square/retrofit/retrofit-converters/wire/src/main/java/retrofit2/converter/wire/WireConverterFactory.java: /home/travis/build/square/retrofit/retrofit-converters/wire/src/main/java/retrofit2/converter/wire/WireConverterFactory.java uses unchecked or unsafe operations.
[WARNING] /home/travis/build/square/retrofit/retrofit-converters/wire/src/main/java/retrofit2/converter/wire/WireConverterFactory.java: Recompile with -Xlint:unchecked for details.
[INFO] 
[INFO] --- maven-resources-plugin:2.6:testResources (default-testResources) @ converter-wire ---
[INFO] Using 'UTF-8' encoding to copy filtered resources.
[INFO] skip non existing resourceDirectory /home/travis/build/square/retrofit/retrofit-converters/wire/src/test/resources
[INFO] 
[INFO] --- maven-compiler-plugin:3.0:testCompile (default-testCompile) @ converter-wire ---
[INFO] Changes detected - recompiling the module!
[INFO] Compiling 2 source files to /home/travis/build/square/retrofit/retrofit-converters/wire/target/test-classes
[INFO] 
[INFO] --- maven-surefire-plugin:2.12.4:test (default-test) @ converter-wire ---
[INFO] Surefire report directory: /home/travis/build/square/retrofit/retrofit-converters/wire/target/surefire-reports

-------------------------------------------------------
 T E S T S
-------------------------------------------------------
Running retrofit2.converter.wire.WireConverterFactoryTest
Mar 10, 2016 3:38:45 PM okhttp3.mockwebserver.MockWebServer$3 execute
INFO: MockWebServer[52674] starting to accept connections
Mar 10, 2016 3:38:45 PM okhttp3.mockwebserver.MockWebServer$4 processOneRequest
INFO: MockWebServer[52674] received request: POST / HTTP/1.1 and responded: HTTP/1.1 200 OK
Mar 10, 2016 3:38:45 PM okhttp3.mockwebserver.MockWebServer$3 acceptConnections
INFO: MockWebServer[52674] done accepting connections: Socket closed
Mar 10, 2016 3:38:45 PM okhttp3.mockwebserver.MockWebServer$3 execute
INFO: MockWebServer[38935] starting to accept connections
Mar 10, 2016 3:38:45 PM okhttp3.mockwebserver.MockWebServer$3 acceptConnections
INFO: MockWebServer[38935] done accepting connections: Socket closed
Mar 10, 2016 3:38:45 PM okhttp3.mockwebserver.MockWebServer$3 execute
INFO: MockWebServer[45278] starting to accept connections
Mar 10, 2016 3:38:45 PM okhttp3.mockwebserver.MockWebServer$4 processOneRequest
INFO: MockWebServer[45278] received request: GET / HTTP/1.1 and responded: HTTP/1.1 200 OK
Mar 10, 2016 3:38:45 PM okhttp3.mockwebserver.MockWebServer$3 acceptConnections
INFO: MockWebServer[45278] done accepting connections: Socket closed
Mar 10, 2016 3:38:45 PM okhttp3.mockwebserver.MockWebServer$3 execute
INFO: MockWebServer[56359] starting to accept connections
Mar 10, 2016 3:38:45 PM okhttp3.mockwebserver.MockWebServer$3 acceptConnections
INFO: MockWebServer[56359] done accepting connections: Socket closed
Mar 10, 2016 3:38:45 PM okhttp3.mockwebserver.MockWebServer$3 execute
INFO: MockWebServer[48052] starting to accept connections
Mar 10, 2016 3:38:45 PM okhttp3.mockwebserver.MockWebServer$4 processOneRequest
INFO: MockWebServer[48052] received request: GET / HTTP/1.1 and responded: HTTP/1.1 200 OK
Mar 10, 2016 3:38:45 PM okhttp3.mockwebserver.MockWebServer$3 acceptConnections
INFO: MockWebServer[48052] done accepting connections: Socket closed
Tests run: 5, Failures: 0, Errors: 0, Skipped: 0, Time elapsed: 0.658 sec

Results :

Tests run: 5, Failures: 0, Errors: 0, Skipped: 0

[INFO] 
[INFO] --- animal-sniffer-maven-plugin:1.14:check (default) @ converter-wire ---
[INFO] Checking unresolved references to org.codehaus.mojo.signature:java16:1.1
[INFO]                                                                         
[INFO] ------------------------------------------------------------------------
[INFO] Building Converter: SimpleXML 2.0.0-SNAPSHOT
[INFO] ------------------------------------------------------------------------
[INFO] 
[INFO] --- maven-enforcer-plugin:1.0:enforce (enforce-maven) @ converter-simplexml ---
[INFO] 
[INFO] --- maven-resources-plugin:2.6:resources (default-resources) @ converter-simplexml ---
[INFO] Using 'UTF-8' encoding to copy filtered resources.
[INFO] skip non existing resourceDirectory /home/travis/build/square/retrofit/retrofit-converters/simplexml/src/main/resources
[INFO] 
[INFO] --- maven-compiler-plugin:3.0:compile (default-compile) @ converter-simplexml ---
[INFO] Changes detected - recompiling the module!
[INFO] Compiling 3 source files to /home/travis/build/square/retrofit/retrofit-converters/simplexml/target/classes
[INFO] 
[INFO] --- maven-resources-plugin:2.6:testResources (default-testResources) @ converter-simplexml ---
[INFO] Using 'UTF-8' encoding to copy filtered resources.
[INFO] skip non existing resourceDirectory /home/travis/build/square/retrofit/retrofit-converters/simplexml/src/test/resources
[INFO] 
[INFO] --- maven-compiler-plugin:3.0:testCompile (default-testCompile) @ converter-simplexml ---
[INFO] Changes detected - recompiling the module!
[INFO] Compiling 2 source files to /home/travis/build/square/retrofit/retrofit-converters/simplexml/target/test-classes
[INFO] 
[INFO] --- maven-surefire-plugin:2.12.4:test (default-test) @ converter-simplexml ---
[INFO] Surefire report directory: /home/travis/build/square/retrofit/retrofit-converters/simplexml/target/surefire-reports

-------------------------------------------------------
 T E S T S
-------------------------------------------------------
Running retrofit2.converter.simplexml.SimpleXmlConverterFactoryTest
Mar 10, 2016 3:38:46 PM okhttp3.mockwebserver.MockWebServer$3 execute
INFO: MockWebServer[39547] starting to accept connections
Mar 10, 2016 3:38:47 PM okhttp3.mockwebserver.MockWebServer$4 processOneRequest
INFO: MockWebServer[39547] received request: GET / HTTP/1.1 and responded: HTTP/1.1 200 OK
Mar 10, 2016 3:38:47 PM okhttp3.mockwebserver.MockWebServer$3 acceptConnections
INFO: MockWebServer[39547] done accepting connections: Socket closed
Mar 10, 2016 3:38:47 PM okhttp3.mockwebserver.MockWebServer$3 execute
INFO: MockWebServer[51221] starting to accept connections
Mar 10, 2016 3:38:47 PM okhttp3.mockwebserver.MockWebServer$4 processOneRequest
INFO: MockWebServer[51221] received request: GET / HTTP/1.1 and responded: HTTP/1.1 200 OK
Mar 10, 2016 3:38:47 PM okhttp3.mockwebserver.MockWebServer$3 acceptConnections
INFO: MockWebServer[51221] done accepting connections: Socket closed
Mar 10, 2016 3:38:47 PM okhttp3.mockwebserver.MockWebServer$3 execute
INFO: MockWebServer[46386] starting to accept connections
Mar 10, 2016 3:38:47 PM okhttp3.mockwebserver.MockWebServer$4 processOneRequest
INFO: MockWebServer[46386] received request: POST / HTTP/1.1 and responded: HTTP/1.1 200 OK
Mar 10, 2016 3:38:47 PM okhttp3.mockwebserver.MockWebServer$3 acceptConnections
INFO: MockWebServer[46386] done accepting connections: Socket closed
Tests run: 3, Failures: 0, Errors: 0, Skipped: 0, Time elapsed: 1.21 sec

Results :

Tests run: 3, Failures: 0, Errors: 0, Skipped: 0

[INFO] 
[INFO] --- animal-sniffer-maven-plugin:1.14:check (default) @ converter-simplexml ---
[INFO] Checking unresolved references to org.codehaus.mojo.signature:java16:1.1
[INFO]                                                                         
[INFO] ------------------------------------------------------------------------
[INFO] Building Converter: Java Scalars 2.0.0-SNAPSHOT
[INFO] ------------------------------------------------------------------------
[INFO] 
[INFO] --- maven-enforcer-plugin:1.0:enforce (enforce-maven) @ converter-scalars ---
[INFO] 
[INFO] --- maven-resources-plugin:2.6:resources (default-resources) @ converter-scalars ---
[INFO] Using 'UTF-8' encoding to copy filtered resources.
[INFO] skip non existing resourceDirectory /home/travis/build/square/retrofit/retrofit-converters/scalars/src/main/resources
[INFO] 
[INFO] --- maven-compiler-plugin:3.0:compile (default-compile) @ converter-scalars ---
[INFO] Changes detected - recompiling the module!
[INFO] Compiling 3 source files to /home/travis/build/square/retrofit/retrofit-converters/scalars/target/classes
[INFO] 
[INFO] --- maven-resources-plugin:2.6:testResources (default-testResources) @ converter-scalars ---
[INFO] Using 'UTF-8' encoding to copy filtered resources.
[INFO] skip non existing resourceDirectory /home/travis/build/square/retrofit/retrofit-converters/scalars/src/test/resources
[INFO] 
[INFO] --- maven-compiler-plugin:3.0:testCompile (default-testCompile) @ converter-scalars ---
[INFO] Changes detected - recompiling the module!
[INFO] Compiling 2 source files to /home/travis/build/square/retrofit/retrofit-converters/scalars/target/test-classes
[INFO] 
[INFO] --- maven-surefire-plugin:2.12.4:test (default-test) @ converter-scalars ---
[INFO] Surefire report directory: /home/travis/build/square/retrofit/retrofit-converters/scalars/target/surefire-reports

-------------------------------------------------------
 T E S T S
-------------------------------------------------------
Running retrofit2.converter.scalars.ScalarsConverterFactoryTest
Mar 10, 2016 3:38:49 PM okhttp3.mockwebserver.MockWebServer$3 execute
INFO: MockWebServer[33526] starting to accept connections
Mar 10, 2016 3:38:50 PM okhttp3.mockwebserver.MockWebServer$3 acceptConnections
INFO: MockWebServer[33526] done accepting connections: Socket closed
Mar 10, 2016 3:38:50 PM okhttp3.mockwebserver.MockWebServer$3 execute
INFO: MockWebServer[52308] starting to accept connections
Mar 10, 2016 3:38:50 PM okhttp3.mockwebserver.MockWebServer$4 processOneRequest
INFO: MockWebServer[52308] received request: GET / HTTP/1.1 and responded: HTTP/1.1 200 OK
Mar 10, 2016 3:38:50 PM okhttp3.mockwebserver.MockWebServer$4 processOneRequest
INFO: MockWebServer[52308] received request: GET / HTTP/1.1 and responded: HTTP/1.1 200 OK
Mar 10, 2016 3:38:50 PM okhttp3.mockwebserver.MockWebServer$4 processOneRequest
INFO: MockWebServer[52308] received request: GET / HTTP/1.1 and responded: HTTP/1.1 200 OK
Mar 10, 2016 3:38:50 PM okhttp3.mockwebserver.MockWebServer$4 processOneRequest
INFO: MockWebServer[52308] received request: GET / HTTP/1.1 and responded: HTTP/1.1 200 OK
Mar 10, 2016 3:38:50 PM okhttp3.mockwebserver.MockWebServer$4 processOneRequest
INFO: MockWebServer[52308] received request: GET / HTTP/1.1 and responded: HTTP/1.1 200 OK
Mar 10, 2016 3:38:50 PM okhttp3.mockwebserver.MockWebServer$4 processOneRequest
INFO: MockWebServer[52308] received request: GET / HTTP/1.1 and responded: HTTP/1.1 200 OK
Mar 10, 2016 3:38:50 PM okhttp3.mockwebserver.MockWebServer$4 processOneRequest
INFO: MockWebServer[52308] received request: GET / HTTP/1.1 and responded: HTTP/1.1 200 OK
Mar 10, 2016 3:38:50 PM okhttp3.mockwebserver.MockWebServer$4 processOneRequest
INFO: MockWebServer[52308] received request: GET / HTTP/1.1 and responded: HTTP/1.1 200 OK
Mar 10, 2016 3:38:50 PM okhttp3.mockwebserver.MockWebServer$4 processOneRequest
INFO: MockWebServer[52308] received request: GET / HTTP/1.1 and responded: HTTP/1.1 200 OK
Mar 10, 2016 3:38:50 PM okhttp3.mockwebserver.MockWebServer$4 processOneRequest
INFO: MockWebServer[52308] received request: GET / HTTP/1.1 and responded: HTTP/1.1 200 OK
Mar 10, 2016 3:38:50 PM okhttp3.mockwebserver.MockWebServer$4 processOneRequest
INFO: MockWebServer[52308] received request: GET / HTTP/1.1 and responded: HTTP/1.1 200 OK
Mar 10, 2016 3:38:50 PM okhttp3.mockwebserver.MockWebServer$3 acceptConnections
INFO: MockWebServer[52308] done accepting connections: Socket closed
Mar 10, 2016 3:38:50 PM okhttp3.mockwebserver.MockWebServer$3 execute
INFO: MockWebServer[53217] starting to accept connections
Mar 10, 2016 3:38:50 PM okhttp3.mockwebserver.MockWebServer$4 processOneRequest
INFO: MockWebServer[53217] received request: POST / HTTP/1.1 and responded: HTTP/1.1 200 OK
Mar 10, 2016 3:38:50 PM okhttp3.mockwebserver.MockWebServer$4 processOneRequest
INFO: MockWebServer[53217] received request: POST / HTTP/1.1 and responded: HTTP/1.1 200 OK
Mar 10, 2016 3:38:50 PM okhttp3.mockwebserver.MockWebServer$4 processOneRequest
INFO: MockWebServer[53217] received request: POST / HTTP/1.1 and responded: HTTP/1.1 200 OK
Mar 10, 2016 3:38:50 PM okhttp3.mockwebserver.MockWebServer$4 processOneRequest
INFO: MockWebServer[53217] received request: POST / HTTP/1.1 and responded: HTTP/1.1 200 OK
Mar 10, 2016 3:38:50 PM okhttp3.mockwebserver.MockWebServer$4 processOneRequest
INFO: MockWebServer[53217] received request: POST / HTTP/1.1 and responded: HTTP/1.1 200 OK
Mar 10, 2016 3:38:50 PM okhttp3.mockwebserver.MockWebServer$4 processOneRequest
INFO: MockWebServer[53217] received request: POST / HTTP/1.1 and responded: HTTP/1.1 200 OK
Mar 10, 2016 3:38:50 PM okhttp3.mockwebserver.MockWebServer$4 processOneRequest
INFO: MockWebServer[53217] received request: POST / HTTP/1.1 and responded: HTTP/1.1 200 OK
Mar 10, 2016 3:38:50 PM okhttp3.mockwebserver.MockWebServer$4 processOneRequest
INFO: MockWebServer[53217] received request: POST / HTTP/1.1 and responded: HTTP/1.1 200 OK
Mar 10, 2016 3:38:50 PM okhttp3.mockwebserver.MockWebServer$4 processOneRequest
INFO: MockWebServer[53217] received request: POST / HTTP/1.1 and responded: HTTP/1.1 200 OK
Mar 10, 2016 3:38:50 PM okhttp3.mockwebserver.MockWebServer$4 processOneRequest
INFO: MockWebServer[53217] received request: POST / HTTP/1.1 and responded: HTTP/1.1 200 OK
Mar 10, 2016 3:38:50 PM okhttp3.mockwebserver.MockWebServer$4 processOneRequest
INFO: MockWebServer[53217] received request: POST / HTTP/1.1 and responded: HTTP/1.1 200 OK
Mar 10, 2016 3:38:50 PM okhttp3.mockwebserver.MockWebServer$4 processOneRequest
INFO: MockWebServer[53217] received request: POST / HTTP/1.1 and responded: HTTP/1.1 200 OK
Mar 10, 2016 3:38:50 PM okhttp3.mockwebserver.MockWebServer$4 processOneRequest
INFO: MockWebServer[53217] received request: POST / HTTP/1.1 and responded: HTTP/1.1 200 OK
Mar 10, 2016 3:38:50 PM okhttp3.mockwebserver.MockWebServer$4 processOneRequest
INFO: MockWebServer[53217] received request: POST / HTTP/1.1 and responded: HTTP/1.1 200 OK
Mar 10, 2016 3:38:50 PM okhttp3.mockwebserver.MockWebServer$4 processOneRequest
INFO: MockWebServer[53217] received request: POST / HTTP/1.1 and responded: HTTP/1.1 200 OK
Mar 10, 2016 3:38:50 PM okhttp3.mockwebserver.MockWebServer$4 processOneRequest
INFO: MockWebServer[53217] received request: POST / HTTP/1.1 and responded: HTTP/1.1 200 OK
Mar 10, 2016 3:38:50 PM okhttp3.mockwebserver.MockWebServer$4 processOneRequest
INFO: MockWebServer[53217] received request: POST / HTTP/1.1 and responded: HTTP/1.1 200 OK
Mar 10, 2016 3:38:50 PM okhttp3.mockwebserver.MockWebServer$3 acceptConnections
INFO: MockWebServer[53217] done accepting connections: Socket closed
Mar 10, 2016 3:38:50 PM okhttp3.mockwebserver.MockWebServer$3 execute
INFO: MockWebServer[42327] starting to accept connections
Mar 10, 2016 3:38:50 PM okhttp3.mockwebserver.MockWebServer$3 acceptConnections
INFO: MockWebServer[42327] done accepting connections: Socket is closed
Tests run: 4, Failures: 0, Errors: 0, Skipped: 0, Time elapsed: 1.624 sec
Running retrofit2.converter.scalars.ScalarsConverterPrimitivesFactoryTest
Mar 10, 2016 3:38:50 PM okhttp3.mockwebserver.MockWebServer$3 execute
INFO: MockWebServer[32866] starting to accept connections
Mar 10, 2016 3:38:50 PM okhttp3.mockwebserver.MockWebServer$4 processOneRequest
INFO: MockWebServer[32866] received request: GET / HTTP/1.1 and responded: HTTP/1.1 200 OK
Mar 10, 2016 3:38:50 PM okhttp3.mockwebserver.MockWebServer$4 processOneRequest
INFO: MockWebServer[32866] received request: GET / HTTP/1.1 and responded: HTTP/1.1 200 OK
Mar 10, 2016 3:38:51 PM okhttp3.mockwebserver.MockWebServer$4 processOneRequest
INFO: MockWebServer[32866] received request: GET / HTTP/1.1 and responded: HTTP/1.1 200 OK
Mar 10, 2016 3:38:51 PM okhttp3.mockwebserver.MockWebServer$4 processOneRequest
INFO: MockWebServer[32866] received request: GET / HTTP/1.1 and responded: HTTP/1.1 200 OK
Mar 10, 2016 3:38:51 PM okhttp3.mockwebserver.MockWebServer$4 processOneRequest
INFO: MockWebServer[32866] received request: GET / HTTP/1.1 and responded: HTTP/1.1 200 OK
Mar 10, 2016 3:38:51 PM okhttp3.mockwebserver.MockWebServer$4 processOneRequest
INFO: MockWebServer[32866] received request: GET / HTTP/1.1 and responded: HTTP/1.1 200 OK
Mar 10, 2016 3:38:51 PM okhttp3.mockwebserver.MockWebServer$4 processOneRequest
INFO: MockWebServer[32866] received request: GET / HTTP/1.1 and responded: HTTP/1.1 200 OK
Mar 10, 2016 3:38:51 PM okhttp3.mockwebserver.MockWebServer$4 processOneRequest
INFO: MockWebServer[32866] received request: GET / HTTP/1.1 and responded: HTTP/1.1 200 OK
Mar 10, 2016 3:38:51 PM okhttp3.mockwebserver.MockWebServer$4 processOneRequest
INFO: MockWebServer[32866] received request: GET / HTTP/1.1 and responded: HTTP/1.1 200 OK
Mar 10, 2016 3:38:51 PM okhttp3.mockwebserver.MockWebServer$4 processOneRequest
INFO: MockWebServer[32866] received request: GET / HTTP/1.1 and responded: HTTP/1.1 200 OK
Mar 10, 2016 3:38:51 PM okhttp3.mockwebserver.MockWebServer$3 acceptConnections
INFO: MockWebServer[32866] done accepting connections: Socket closed
Tests run: 1, Failures: 0, Errors: 0, Skipped: 0, Time elapsed: 0.381 sec

Results :

Tests run: 5, Failures: 0, Errors: 0, Skipped: 0

[INFO] 
[INFO] --- animal-sniffer-maven-plugin:1.14:check (default) @ converter-scalars ---
[INFO] Checking unresolved references to org.codehaus.mojo.signature:java16:1.1
[INFO]                                                                         
[INFO] ------------------------------------------------------------------------
[INFO] Building Converter: Moshi 2.0.0-SNAPSHOT
[INFO] ------------------------------------------------------------------------
[INFO] 
[INFO] --- maven-enforcer-plugin:1.0:enforce (enforce-maven) @ converter-moshi ---
[INFO] 
[INFO] --- maven-resources-plugin:2.6:resources (default-resources) @ converter-moshi ---
[INFO] Using 'UTF-8' encoding to copy filtered resources.
[INFO] skip non existing resourceDirectory /home/travis/build/square/retrofit/retrofit-converters/moshi/src/main/resources
[INFO] 
[INFO] --- maven-compiler-plugin:3.0:compile (default-compile) @ converter-moshi ---
[INFO] Changes detected - recompiling the module!
[INFO] Compiling 3 source files to /home/travis/build/square/retrofit/retrofit-converters/moshi/target/classes
[INFO] 
[INFO] --- maven-resources-plugin:2.6:testResources (default-testResources) @ converter-moshi ---
[INFO] Using 'UTF-8' encoding to copy filtered resources.
[INFO] skip non existing resourceDirectory /home/travis/build/square/retrofit/retrofit-converters/moshi/src/test/resources
[INFO] 
[INFO] --- maven-compiler-plugin:3.0:testCompile (default-testCompile) @ converter-moshi ---
[INFO] Changes detected - recompiling the module!
[INFO] Compiling 1 source file to /home/travis/build/square/retrofit/retrofit-converters/moshi/target/test-classes
[INFO] 
[INFO] --- maven-surefire-plugin:2.12.4:test (default-test) @ converter-moshi ---
[INFO] Surefire report directory: /home/travis/build/square/retrofit/retrofit-converters/moshi/target/surefire-reports

-------------------------------------------------------
 T E S T S
-------------------------------------------------------
Running retrofit2.converter.moshi.MoshiConverterFactoryTest
Mar 10, 2016 3:38:52 PM okhttp3.mockwebserver.MockWebServer$3 execute
INFO: MockWebServer[47080] starting to accept connections
Mar 10, 2016 3:38:53 PM okhttp3.mockwebserver.MockWebServer$4 processOneRequest
INFO: MockWebServer[47080] received request: POST / HTTP/1.1 and responded: HTTP/1.1 200 OK
Mar 10, 2016 3:38:53 PM okhttp3.mockwebserver.MockWebServer$3 acceptConnections
INFO: MockWebServer[47080] done accepting connections: Socket closed
Mar 10, 2016 3:38:53 PM okhttp3.mockwebserver.MockWebServer$3 execute
INFO: MockWebServer[39399] starting to accept connections
Mar 10, 2016 3:38:53 PM okhttp3.mockwebserver.MockWebServer$4 processOneRequest
INFO: MockWebServer[39399] received request: POST / HTTP/1.1 and responded: HTTP/1.1 200 OK
Mar 10, 2016 3:38:53 PM okhttp3.mockwebserver.MockWebServer$3 acceptConnections
INFO: MockWebServer[39399] done accepting connections: Socket closed
Mar 10, 2016 3:38:53 PM okhttp3.mockwebserver.MockWebServer$3 execute
INFO: MockWebServer[48519] starting to accept connections
Mar 10, 2016 3:38:53 PM okhttp3.mockwebserver.MockWebServer$4 processOneRequest
INFO: MockWebServer[48519] received request: POST / HTTP/1.1 and responded: HTTP/1.1 200 OK
Mar 10, 2016 3:38:53 PM okhttp3.mockwebserver.MockWebServer$4 processOneRequest
INFO: MockWebServer[48519] received request: POST / HTTP/1.1 and responded: HTTP/1.1 200 OK
Mar 10, 2016 3:38:53 PM okhttp3.mockwebserver.MockWebServer$3 acceptConnections
INFO: MockWebServer[48519] done accepting connections: Socket closed
Tests run: 3, Failures: 0, Errors: 0, Skipped: 0, Time elapsed: 1.249 sec

Results :

Tests run: 3, Failures: 0, Errors: 0, Skipped: 0

[INFO] 
[INFO] --- animal-sniffer-maven-plugin:1.14:check (default) @ converter-moshi ---
[INFO] Checking unresolved references to org.codehaus.mojo.signature:java16:1.1
[INFO]                                                                         
[INFO] ------------------------------------------------------------------------
[INFO] Building Retrofit Mock Adapter 2.0.0-SNAPSHOT
[INFO] ------------------------------------------------------------------------
[INFO] 
[INFO] --- maven-enforcer-plugin:1.0:enforce (enforce-maven) @ retrofit-mock ---
[INFO] 
[INFO] --- maven-resources-plugin:2.6:resources (default-resources) @ retrofit-mock ---
[INFO] Using 'UTF-8' encoding to copy filtered resources.
[INFO] skip non existing resourceDirectory /home/travis/build/square/retrofit/retrofit-mock/src/main/resources
[INFO] 
[INFO] --- maven-compiler-plugin:3.0:compile (default-compile) @ retrofit-mock ---
[INFO] Changes detected - recompiling the module!
[INFO] Compiling 5 source files to /home/travis/build/square/retrofit/retrofit-mock/target/classes
[INFO] 
[INFO] --- maven-resources-plugin:2.6:testResources (default-testResources) @ retrofit-mock ---
[INFO] Using 'UTF-8' encoding to copy filtered resources.
[INFO] skip non existing resourceDirectory /home/travis/build/square/retrofit/retrofit-mock/src/test/resources
[INFO] 
[INFO] --- maven-compiler-plugin:3.0:testCompile (default-testCompile) @ retrofit-mock ---
[INFO] Changes detected - recompiling the module!
[INFO] Compiling 3 source files to /home/travis/build/square/retrofit/retrofit-mock/target/test-classes
[INFO] 
[INFO] --- maven-surefire-plugin:2.12.4:test (default-test) @ retrofit-mock ---
[INFO] Surefire report directory: /home/travis/build/square/retrofit/retrofit-mock/target/surefire-reports

-------------------------------------------------------
 T E S T S
-------------------------------------------------------
Running retrofit2.mock.BehaviorDelegateTest
Tests run: 10, Failures: 0, Errors: 0, Skipped: 0, Time elapsed: 1.835 sec
Running retrofit2.mock.MockRetrofitTest
Tests run: 8, Failures: 0, Errors: 0, Skipped: 0, Time elapsed: 0.053 sec
Running retrofit2.mock.NetworkBehaviorTest
Tests run: 5, Failures: 0, Errors: 0, Skipped: 0, Time elapsed: 0.072 sec

Results :

Tests run: 23, Failures: 0, Errors: 0, Skipped: 0

[INFO] 
[INFO] --- animal-sniffer-maven-plugin:1.14:check (default) @ retrofit-mock ---
[INFO] Checking unresolved references to org.codehaus.mojo.signature:java16:1.1
[INFO]                                                                         
[INFO] ------------------------------------------------------------------------
[INFO] Building Samples 2.0.0-SNAPSHOT
[INFO] ------------------------------------------------------------------------
[INFO] 
[INFO] --- maven-enforcer-plugin:1.0:enforce (enforce-maven) @ samples ---
[INFO] 
[INFO] --- maven-resources-plugin:2.6:resources (default-resources) @ samples ---
[INFO] Using 'UTF-8' encoding to copy filtered resources.
[INFO] skip non existing resourceDirectory /home/travis/build/square/retrofit/samples/src/main/resources
[INFO] 
[INFO] --- maven-compiler-plugin:3.0:compile (default-compile) @ samples ---
[INFO] Changes detected - recompiling the module!
[INFO] Compiling 8 source files to /home/travis/build/square/retrofit/samples/target/classes
[INFO] 
[INFO] --- maven-resources-plugin:2.6:testResources (default-testResources) @ samples ---
[INFO] Using 'UTF-8' encoding to copy filtered resources.
[INFO] skip non existing resourceDirectory /home/travis/build/square/retrofit/samples/src/test/resources
[INFO] 
[INFO] --- maven-compiler-plugin:3.0:testCompile (default-testCompile) @ samples ---
[INFO] No sources to compile
[INFO] 
[INFO] --- maven-surefire-plugin:2.12.4:test (default-test) @ samples ---
[INFO] No tests to run.
[INFO] 
[INFO] --- animal-sniffer-maven-plugin:1.14:check (default) @ samples ---
[INFO] Checking unresolved references to org.codehaus.mojo.signature:java16:1.1
[INFO] ------------------------------------------------------------------------
[INFO] Reactor Summary:
[INFO] 
[INFO] Retrofit (Parent) .................................. SUCCESS [  1.650 s]
[INFO] Retrofit ........................................... SUCCESS [ 23.782 s]
[INFO] Adapters ........................................... SUCCESS [  0.441 s]
[INFO] Adapter: Guava ..................................... SUCCESS [  1.993 s]
[INFO] Adapter: Java 8 .................................... SUCCESS [  2.250 s]
[INFO] Adapter: RxJava .................................... SUCCESS [  2.893 s]
[INFO] Converters ......................................... SUCCESS [  0.150 s]
[INFO] Converter: Gson .................................... SUCCESS [  1.337 s]
[INFO] Converter: Protocol Buffers ........................ SUCCESS [  1.645 s]
[INFO] Converter: Jackson ................................. SUCCESS [  1.514 s]
[INFO] Converter: Wire Protocol Buffers ................... SUCCESS [  1.229 s]
[INFO] Converter: SimpleXML ............................... SUCCESS [  2.191 s]
[INFO] Converter: Java Scalars ............................ SUCCESS [  3.150 s]
[INFO] Converter: Moshi ................................... SUCCESS [  2.465 s]
[INFO] Retrofit Mock Adapter .............................. SUCCESS [  3.189 s]
[INFO] Samples ............................................ SUCCESS [  1.816 s]
[INFO] ------------------------------------------------------------------------
[INFO] BUILD SUCCESS
[INFO] ------------------------------------------------------------------------
[INFO] Total time: 52.095 s
[INFO] Finished at: 2016-03-10T15:38:58+00:00
[INFO] Final Memory: 31M/346M
[INFO] ------------------------------------------------------------------------

travis_time:end:003e6334:start=1457624285278863965,finish=1457624344372401408,duration=59093537443[0K
[32;1mThe command "mvn test -B" exited with 0.[0m
travis_fold:start:cache.2[0Kstore build cache
travis_time:start:0c2c9ad6[0K
travis_time:end:0c2c9ad6:start=1457624344376590911,finish=1457624344379944055,duration=3353144[0Ktravis_time:start:0f110ade[0K[32;1mchange detected:
/home/travis/.m2/repository/com/squareup/retrofit2/adapter-guava/2.0.0-SNAPSHOT/adapter-guava-2.0.0-SNAPSHOT.jar
/home/travis/.m2/repository/com/squareup/retrofit2/adapter-guava/2.0.0-SNAPSHOT/maven-metadata-local.xml
/home/travis/.m2/repository/com/squareup/retrofit2/adapter-guava/2.0.0-SNAPSHOT/_remote.repositories
/home/travis/.m2/repository/com/squareup/retrofit2/adapter-guava/maven-metadata-local.xml
/home/travis/.m2/repository/com/squareup/retrofit2/adapter-java8/2.0.0-SNAPSHOT/adapter-java8-2.0.0-SNAPSHOT.jar
/home/travis/.m2/repository/com/squareup/retrofit2/adapter-java8/2.0.0-SNAPSHOT/maven-metadata-local.xml
/home/travis/.m2/repository/com/squareup/retrofit2/adapter-java8/2.0.0-SNAPSHOT/_remote.repositories
/home/travis/.m2/repository/com/squareup/retrofit2/adapter-java8/maven-metadata-local.xml
/home/travis/.m2/repository/com/squareup/retrofit2/adapter-rxjava/2.0.0-SNAPSHOT/adapter-rxjava-2.0.0-SNAPSHOT.jar
/home/travis/.m2/repository/com/squareup/retrofit2/adapter-rxjava/2.
[0m
[32;1m...
[0m
[32;1mchanges detected, packing new archive[0m
.
[32;1muploading archive[0m

travis_time:end:0f110ade:start=1457624344383728545,finish=1457624354646196934,duration=10262468389[0Ktravis_fold:end:cache.2[0Ktravis_fold:start:after_success[0Ktravis_time:start:051e1a95[0K$ .buildscript/deploy_snapshot.sh
Skipping snapshot deployment: was pull request.

travis_time:end:051e1a95:start=1457624354650522360,finish=1457624354655672019,duration=5149659[0Ktravis_fold:end:after_success[0K
Done. Your build exited with 0.
