Using worker: worker-linux-docker-d3749054.prod.travis-ci.org:travis-linux-13

travis_fold:start:system_info[0K[33;1mBuild system information[0m
Build language: java
Build group: stable
Build dist: precise
[34m[1mBuild image provisioning date and time[0m
Thu Feb  5 15:09:33 UTC 2015
[34m[1mOperating System Details[0m
Distributor ID:	Ubuntu
Description:	Ubuntu 12.04.5 LTS
Release:	12.04
Codename:	precise
[34m[1mLinux Version[0m
3.13.0-29-generic
[34m[1mCookbooks Version[0m
a68419e https://github.com/travis-ci/travis-cookbooks/tree/a68419e
[34m[1mGCC version[0m
gcc (Ubuntu/Linaro 4.6.3-1ubuntu5) 4.6.3
Copyright (C) 2011 Free Software Foundation, Inc.
This is free software; see the source for copying conditions.  There is NO
warranty; not even for MERCHANTABILITY or FITNESS FOR A PARTICULAR PURPOSE.

[34m[1mLLVM version[0m
clang version 3.4 (tags/RELEASE_34/final)
Target: x86_64-unknown-linux-gnu
Thread model: posix
[34m[1mPre-installed Ruby versions[0m
ruby-1.9.3-p551
[34m[1mPre-installed Node.js versions[0m
v0.10.36
[34m[1mPre-installed Go versions[0m
1.4.1
[34m[1mRedis version[0m
redis-server 2.8.19
[34m[1mriak version[0m
2.0.2
[34m[1mMongoDB version[0m
MongoDB 2.4.12
[34m[1mCouchDB version[0m
couchdb 1.6.1
[34m[1mNeo4j version[0m
1.9.4
[34m[1mRabbitMQ Version[0m
3.4.3
[34m[1mElasticSearch version[0m
1.4.0
[34m[1mInstalled Sphinx versions[0m
2.0.10
2.1.9
2.2.6
[34m[1mDefault Sphinx version[0m
2.2.6
[34m[1mInstalled Firefox version[0m
firefox 31.0esr
[34m[1mPhantomJS version[0m
1.9.8
[34m[1mant -version[0m
Apache Ant(TM) version 1.8.2 compiled on December 3 2011
[34m[1mmvn -version[0m
Apache Maven 3.2.5 (12a6b3acb947671f09b81f49094c53f426d8cea1; 2014-12-14T17:29:23+00:00)
Maven home: /usr/local/maven
Java version: 1.7.0_76, vendor: Oracle Corporation
Java home: /usr/lib/jvm/java-7-oracle/jre
Default locale: en_US, platform encoding: ANSI_X3.4-1968
OS name: "linux", version: "3.13.0-29-generic", arch: "amd64", family: "unix"
travis_fold:end:system_info[0K
travis_fold:start:fix.CVE-2015-7547[0K$ export DEBIAN_FRONTEND=noninteractive
W: Size of file /var/lib/apt/lists/ppa.launchpad.net_ubuntugis_ppa_ubuntu_dists_precise_main_binary-i386_Packages.gz is not what the server reported 36729 36733
W: Size of file /var/lib/apt/lists/us.archive.ubuntu.com_ubuntu_dists_precise-backports_multiverse_source_Sources.gz is not what the server reported 5886 5888
Reading package lists...
Building dependency tree...
Reading state information...
The following extra packages will be installed:
  libc-bin libc-dev-bin libc6-dev
Suggested packages:
  glibc-doc
The following packages will be upgraded:
  libc-bin libc-dev-bin libc6 libc6-dev
4 upgraded, 0 newly installed, 0 to remove and 236 not upgraded.
Need to get 8,844 kB of archives.
After this operation, 9,216 B disk space will be freed.
Get:1 http://us.archive.ubuntu.com/ubuntu/ precise-updates/main libc6-dev amd64 2.15-0ubuntu10.13 [2,943 kB]
Get:2 http://us.archive.ubuntu.com/ubuntu/ precise-updates/main libc-dev-bin amd64 2.15-0ubuntu10.13 [84.7 kB]
Get:3 http://us.archive.ubuntu.com/ubuntu/ precise-updates/main libc-bin amd64 2.15-0ubuntu10.13 [1,179 kB]
Get:4 http://us.archive.ubuntu.com/ubuntu/ precise-updates/main libc6 amd64 2.15-0ubuntu10.13 [4,637 kB]
Fetched 8,844 kB in 29s (300 kB/s)
Preconfiguring packages ...
(Reading database ... (Reading database ... 5%(Reading database ... 10%(Reading database ... 15%(Reading database ... 20%(Reading database ... 25%(Reading database ... 30%(Reading database ... 35%(Reading database ... 40%(Reading database ... 45%(Reading database ... 50%(Reading database ... 55%(Reading database ... 60%(Reading database ... 65%(Reading database ... 70%(Reading database ... 75%(Reading database ... 80%(Reading database ... 85%(Reading database ... 90%(Reading database ... 95%(Reading database ... 100%(Reading database ... 72019 files and directories currently installed.)
Preparing to replace libc6-dev 2.15-0ubuntu10.10 (using .../libc6-dev_2.15-0ubuntu10.13_amd64.deb) ...
Unpacking replacement libc6-dev ...
Preparing to replace libc-dev-bin 2.15-0ubuntu10.10 (using .../libc-dev-bin_2.15-0ubuntu10.13_amd64.deb) ...
Unpacking replacement libc-dev-bin ...
Preparing to replace libc-bin 2.15-0ubuntu10.10 (using .../libc-bin_2.15-0ubuntu10.13_amd64.deb) ...
Unpacking replacement libc-bin ...
Processing triggers for man-db ...
Setting up libc-bin (2.15-0ubuntu10.13) ...
(Reading database ... (Reading database ... 5%(Reading database ... 10%(Reading database ... 15%(Reading database ... 20%(Reading database ... 25%(Reading database ... 30%(Reading database ... 35%(Reading database ... 40%(Reading database ... 45%(Reading database ... 50%(Reading database ... 55%(Reading database ... 60%(Reading database ... 65%(Reading database ... 70%(Reading database ... 75%(Reading database ... 80%(Reading database ... 85%(Reading database ... 90%(Reading database ... 95%(Reading database ... 100%(Reading database ... 72019 files and directories currently installed.)
Preparing to replace libc6 2.15-0ubuntu10.10 (using .../libc6_2.15-0ubuntu10.13_amd64.deb) ...
Unpacking replacement libc6 ...
Setting up libc6 (2.15-0ubuntu10.13) ...
Setting up libc-dev-bin (2.15-0ubuntu10.13) ...
Setting up libc6-dev (2.15-0ubuntu10.13) ...
Processing triggers for libc-bin ...
ldconfig deferred processing now taking place
travis_fold:end:fix.CVE-2015-7547[0Ktravis_fold:start:git.checkout[0Ktravis_time:start:0c46fd3f[0K$ git clone --depth=50 https://github.com/square/retrofit.git square/retrofit
Cloning into 'square/retrofit'...
remote: Counting objects: 1663, done.[K
remote: Compressing objects:   0% (1/753)   [Kremote: Compressing objects:   1% (8/753)   [Kremote: Compressing objects:   2% (16/753)   [Kremote: Compressing objects:   3% (23/753)   [Kremote: Compressing objects:   4% (31/753)   [Kremote: Compressing objects:   5% (38/753)   [Kremote: Compressing objects:   6% (46/753)   [Kremote: Compressing objects:   7% (53/753)   [Kremote: Compressing objects:   8% (61/753)   [Kremote: Compressing objects:   9% (68/753)   [Kremote: Compressing objects:  10% (76/753)   [Kremote: Compressing objects:  11% (83/753)   [Kremote: Compressing objects:  12% (91/753)   [Kremote: Compressing objects:  13% (98/753)   [Kremote: Compressing objects:  14% (106/753)   [Kremote: Compressing objects:  15% (113/753)   [Kremote: Compressing objects:  16% (121/753)   [Kremote: Compressing objects:  17% (129/753)   [Kremote: Compressing objects:  18% (136/753)   [Kremote: Compressing objects:  19% (144/753)   [Kremote: Compressing objects:  20% (151/753)   [Kremote: Compressing objects:  21% (159/753)   [Kremote: Compressing objects:  22% (166/753)   [Kremote: Compressing objects:  23% (174/753)   [Kremote: Compressing objects:  24% (181/753)   [Kremote: Compressing objects:  25% (189/753)   [Kremote: Compressing objects:  26% (196/753)   [Kremote: Compressing objects:  27% (204/753)   [Kremote: Compressing objects:  28% (211/753)   [Kremote: Compressing objects:  29% (219/753)   [Kremote: Compressing objects:  30% (226/753)   [Kremote: Compressing objects:  31% (234/753)   [Kremote: Compressing objects:  32% (241/753)   [Kremote: Compressing objects:  33% (249/753)   [Kremote: Compressing objects:  34% (257/753)   [Kremote: Compressing objects:  35% (264/753)   [Kremote: Compressing objects:  36% (272/753)   [Kremote: Compressing objects:  37% (279/753)   [Kremote: Compressing objects:  38% (287/753)   [Kremote: Compressing objects:  39% (294/753)   [Kremote: Compressing objects:  40% (302/753)   [Kremote: Compressing objects:  41% (309/753)   [Kremote: Compressing objects:  42% (317/753)   [Kremote: Compressing objects:  43% (324/753)   [Kremote: Compressing objects:  44% (332/753)   [Kremote: Compressing objects:  45% (339/753)   [Kremote: Compressing objects:  46% (347/753)   [Kremote: Compressing objects:  47% (354/753)   [Kremote: Compressing objects:  48% (362/753)   [Kremote: Compressing objects:  49% (369/753)   [Kremote: Compressing objects:  50% (377/753)   [Kremote: Compressing objects:  51% (385/753)   [Kremote: Compressing objects:  52% (392/753)   [Kremote: Compressing objects:  53% (400/753)   [Kremote: Compressing objects:  54% (407/753)   [Kremote: Compressing objects:  55% (415/753)   [Kremote: Compressing objects:  56% (422/753)   [Kremote: Compressing objects:  57% (430/753)   [Kremote: Compressing objects:  58% (437/753)   [Kremote: Compressing objects:  59% (445/753)   [Kremote: Compressing objects:  60% (452/753)   [Kremote: Compressing objects:  61% (460/753)   [Kremote: Compressing objects:  62% (467/753)   [Kremote: Compressing objects:  63% (475/753)   [Kremote: Compressing objects:  64% (482/753)   [Kremote: Compressing objects:  65% (490/753)   [Kremote: Compressing objects:  66% (497/753)   [Kremote: Compressing objects:  67% (505/753)   [Kremote: Compressing objects:  68% (513/753)   [Kremote: Compressing objects:  69% (520/753)   [Kremote: Compressing objects:  70% (528/753)   [Kremote: Compressing objects:  71% (535/753)   [Kremote: Compressing objects:  72% (543/753)   [Kremote: Compressing objects:  73% (550/753)   [Kremote: Compressing objects:  74% (558/753)   [Kremote: Compressing objects:  75% (565/753)   [Kremote: Compressing objects:  76% (573/753)   [Kremote: Compressing objects:  77% (580/753)   [Kremote: Compressing objects:  78% (588/753)   [Kremote: Compressing objects:  79% (595/753)   [Kremote: Compressing objects:  80% (603/753)   [Kremote: Compressing objects:  81% (610/753)   [Kremote: Compressing objects:  82% (618/753)   [Kremote: Compressing objects:  83% (625/753)   [Kremote: Compressing objects:  84% (633/753)   [Kremote: Compressing objects:  85% (641/753)   [Kremote: Compressing objects:  86% (648/753)   [Kremote: Compressing objects:  87% (656/753)   [Kremote: Compressing objects:  88% (663/753)   [Kremote: Compressing objects:  89% (671/753)   [Kremote: Compressing objects:  90% (678/753)   [Kremote: Compressing objects:  91% (686/753)   [Kremote: Compressing objects:  92% (693/753)   [Kremote: Compressing objects:  93% (701/753)   [Kremote: Compressing objects:  94% (708/753)   [Kremote: Compressing objects:  95% (716/753)   [Kremote: Compressing objects:  96% (723/753)   [Kremote: Compressing objects:  97% (731/753)   [Kremote: Compressing objects:  98% (738/753)   [Kremote: Compressing objects:  99% (746/753)   [Kremote: Compressing objects: 100% (753/753)   [Kremote: Compressing objects: 100% (753/753), done.[K
Receiving objects:   0% (1/1663)   Receiving objects:   1% (17/1663)   Receiving objects:   2% (34/1663)   Receiving objects:   3% (50/1663)   Receiving objects:   4% (67/1663)   Receiving objects:   5% (84/1663)   Receiving objects:   6% (100/1663)   Receiving objects:   7% (117/1663)   Receiving objects:   8% (134/1663)   Receiving objects:   9% (150/1663)   Receiving objects:  10% (167/1663)   Receiving objects:  11% (183/1663)   Receiving objects:  12% (200/1663)   Receiving objects:  13% (217/1663)   Receiving objects:  14% (233/1663)   Receiving objects:  15% (250/1663)   Receiving objects:  16% (267/1663)   Receiving objects:  17% (283/1663)   Receiving objects:  18% (300/1663)   Receiving objects:  19% (316/1663)   Receiving objects:  20% (333/1663)   Receiving objects:  21% (350/1663)   Receiving objects:  22% (366/1663)   Receiving objects:  23% (383/1663)   Receiving objects:  24% (400/1663)   Receiving objects:  25% (416/1663)   Receiving objects:  26% (433/1663)   Receiving objects:  27% (450/1663)   Receiving objects:  28% (466/1663)   Receiving objects:  29% (483/1663)   Receiving objects:  30% (499/1663)   Receiving objects:  31% (516/1663)   Receiving objects:  32% (533/1663)   Receiving objects:  33% (549/1663)   Receiving objects:  34% (566/1663)   Receiving objects:  35% (583/1663)   Receiving objects:  36% (599/1663)   Receiving objects:  37% (616/1663)   Receiving objects:  38% (632/1663)   Receiving objects:  39% (649/1663)   Receiving objects:  40% (666/1663)   Receiving objects:  41% (682/1663)   Receiving objects:  42% (699/1663)   Receiving objects:  43% (716/1663)   Receiving objects:  44% (732/1663)   Receiving objects:  45% (749/1663)   Receiving objects:  46% (765/1663)   Receiving objects:  47% (782/1663)   Receiving objects:  48% (799/1663)   Receiving objects:  49% (815/1663)   Receiving objects:  50% (832/1663)   Receiving objects:  51% (849/1663)   Receiving objects:  52% (865/1663)   Receiving objects:  53% (882/1663)   Receiving objects:  54% (899/1663)   Receiving objects:  55% (915/1663)   Receiving objects:  56% (932/1663)   Receiving objects:  57% (948/1663)   Receiving objects:  58% (965/1663)   Receiving objects:  59% (982/1663)   Receiving objects:  60% (998/1663)   Receiving objects:  61% (1015/1663)   Receiving objects:  62% (1032/1663)   Receiving objects:  63% (1048/1663)   Receiving objects:  64% (1065/1663)   Receiving objects:  65% (1081/1663)   Receiving objects:  66% (1098/1663)   Receiving objects:  67% (1115/1663)   Receiving objects:  68% (1131/1663)   Receiving objects:  69% (1148/1663)   Receiving objects:  70% (1165/1663)   Receiving objects:  71% (1181/1663)   remote: Total 1663 (delta 600), reused 1458 (delta 443), pack-reused 0[K
Receiving objects:  72% (1198/1663)   Receiving objects:  73% (1214/1663)   Receiving objects:  74% (1231/1663)   Receiving objects:  75% (1248/1663)   Receiving objects:  76% (1264/1663)   Receiving objects:  77% (1281/1663)   Receiving objects:  78% (1298/1663)   Receiving objects:  79% (1314/1663)   Receiving objects:  80% (1331/1663)   Receiving objects:  81% (1348/1663)   Receiving objects:  82% (1364/1663)   Receiving objects:  83% (1381/1663)   Receiving objects:  84% (1397/1663)   Receiving objects:  85% (1414/1663)   Receiving objects:  86% (1431/1663)   Receiving objects:  87% (1447/1663)   Receiving objects:  88% (1464/1663)   Receiving objects:  89% (1481/1663)   Receiving objects:  90% (1497/1663)   Receiving objects:  91% (1514/1663)   Receiving objects:  92% (1530/1663)   Receiving objects:  93% (1547/1663)   Receiving objects:  94% (1564/1663)   Receiving objects:  95% (1580/1663)   Receiving objects:  96% (1597/1663)   Receiving objects:  97% (1614/1663)   Receiving objects:  98% (1630/1663)   Receiving objects:  99% (1647/1663)   Receiving objects: 100% (1663/1663)   Receiving objects: 100% (1663/1663), 377.20 KiB | 0 bytes/s, done.
Resolving deltas:   0% (0/600)   Resolving deltas:   1% (6/600)   Resolving deltas:   3% (22/600)   Resolving deltas:   4% (28/600)   Resolving deltas:   5% (30/600)   Resolving deltas:   8% (48/600)   Resolving deltas:  21% (129/600)   Resolving deltas:  24% (149/600)   Resolving deltas:  25% (152/600)   Resolving deltas:  26% (160/600)   Resolving deltas:  31% (188/600)   Resolving deltas:  34% (209/600)   Resolving deltas:  35% (210/600)   Resolving deltas:  37% (225/600)   Resolving deltas:  38% (232/600)   Resolving deltas:  39% (234/600)   Resolving deltas:  40% (243/600)   Resolving deltas:  41% (246/600)   Resolving deltas:  42% (252/600)   Resolving deltas:  46% (276/600)   Resolving deltas:  47% (283/600)   Resolving deltas:  49% (297/600)   Resolving deltas:  50% (300/600)   Resolving deltas:  52% (312/600)   Resolving deltas:  54% (325/600)   Resolving deltas:  55% (333/600)   Resolving deltas:  56% (337/600)   Resolving deltas:  57% (342/600)   Resolving deltas:  58% (352/600)   Resolving deltas:  59% (355/600)   Resolving deltas:  60% (363/600)   Resolving deltas:  61% (367/600)   Resolving deltas:  62% (373/600)   Resolving deltas:  63% (383/600)   Resolving deltas:  64% (388/600)   Resolving deltas:  65% (392/600)   Resolving deltas:  68% (412/600)   Resolving deltas:  69% (415/600)   Resolving deltas:  71% (427/600)   Resolving deltas:  72% (433/600)   Resolving deltas:  73% (439/600)   Resolving deltas:  74% (444/600)   Resolving deltas:  76% (458/600)   Resolving deltas:  77% (464/600)   Resolving deltas:  78% (469/600)   Resolving deltas:  79% (474/600)   Resolving deltas:  80% (485/600)   Resolving deltas:  81% (487/600)   Resolving deltas:  82% (496/600)   Resolving deltas:  85% (514/600)   Resolving deltas:  86% (516/600)   Resolving deltas:  87% (524/600)   Resolving deltas:  88% (528/600)   Resolving deltas:  89% (534/600)   Resolving deltas:  90% (540/600)   Resolving deltas:  91% (549/600)   Resolving deltas:  92% (552/600)   Resolving deltas:  95% (575/600)   Resolving deltas:  96% (578/600)   Resolving deltas:  97% (582/600)   Resolving deltas:  98% (588/600)   Resolving deltas:  99% (594/600)   Resolving deltas: 100% (600/600)   Resolving deltas: 100% (600/600), done.
Checking connectivity... done.

travis_time:end:0c46fd3f:start=1459869362871119126,finish=1459869364450231623,duration=1579112497[0K$ cd square/retrofit
travis_time:start:27ba0cb7[0K$ git fetch origin +refs/pull/1718/merge:
remote: Counting objects: 13, done.[K
remote: Compressing objects:  20% (1/5)   [Kremote: Compressing objects:  40% (2/5)   [Kremote: Compressing objects:  60% (3/5)   [Kremote: Compressing objects:  80% (4/5)   [Kremote: Compressing objects: 100% (5/5)   [Kremote: Compressing objects: 100% (5/5), done.[K
remote: Total 13 (delta 4), reused 12 (delta 4), pack-reused 0[K
Unpacking objects:   7% (1/13)   Unpacking objects:  15% (2/13)   Unpacking objects:  23% (3/13)   Unpacking objects:  30% (4/13)   Unpacking objects:  38% (5/13)   Unpacking objects:  46% (6/13)   Unpacking objects:  53% (7/13)   Unpacking objects:  61% (8/13)   Unpacking objects:  69% (9/13)   Unpacking objects:  76% (10/13)   Unpacking objects:  84% (11/13)   Unpacking objects:  92% (12/13)   Unpacking objects: 100% (13/13)   Unpacking objects: 100% (13/13), done.
From https://github.com/square/retrofit
 * branch            refs/pull/1718/merge -> FETCH_HEAD

travis_time:end:27ba0cb7:start=1459869364453809689,finish=1459869365366967658,duration=913157969[0K$ git checkout -qf FETCH_HEAD
travis_fold:end:git.checkout[0K
[33;1mThis job is running on container-based infrastructure, which does not allow use of 'sudo', setuid and setguid executables.[0m
[33;1mIf you require sudo, add 'sudo: required' to your .travis.yml[0m
[33;1mSee https://docs.travis-ci.com/user/workers/container-based-infrastructure/ for details.[0m

[33;1mSetting environment variables from .travis.yml[0m
$ export CI_DEPLOY_USERNAME=[secure]
$ export CI_DEPLOY_PASSWORD=[secure]

$ jdk_switcher use oraclejdk8
Switching to Oracle JDK8 (java-8-oracle), JAVA_HOME will be set to /usr/lib/jvm/java-8-oracle
travis_fold:start:cache.1[0KSetting up build cache
$ export CASHER_DIR=$HOME/.casher
travis_time:start:0755de83[0K$ Installing caching utilities

travis_time:end:0755de83:start=1459869367464794775,finish=1459869367514556286,duration=49761511[0Ktravis_time:start:05b07b7c[0K
travis_time:end:05b07b7c:start=1459869367518930890,finish=1459869367521864588,duration=2933698[0Ktravis_time:start:002e5b1c[0K[32;1mattempting to download cache archive[0m
[32;1mfetching PR.1718/cache--jdk-oraclejdk8.tgz[0m
[32;1mfetching PR.1718/cache--jdk-oraclejdk8.tbz[0m
[32;1mfetching master/cache--jdk-oraclejdk8.tgz[0m
[32;1mfound cache[0m

travis_time:end:002e5b1c:start=1459869367525394160,finish=1459869371370327357,duration=3844933197[0Ktravis_time:start:00c6b4b9[0K
travis_time:end:00c6b4b9:start=1459869371373988837,finish=1459869371377362860,duration=3374023[0Ktravis_time:start:18c4ef70[0K[32;1madding /home/travis/.m2 to cache[0m

travis_time:end:18c4ef70:start=1459869371381047633,finish=1459869372993001605,duration=1611953972[0Ktravis_fold:end:cache.1[0K$ java -Xmx32m -version
java version "1.8.0_31"
Java(TM) SE Runtime Environment (build 1.8.0_31-b13)
Java HotSpot(TM) 64-Bit Server VM (build 25.31-b07, mixed mode)
$ javac -J-Xmx32m -version
javac 1.8.0_31
travis_fold:start:install[0Ktravis_time:start:018bf604[0K$ mvn install -DskipTests=true -Dmaven.javadoc.skip=true -B -V
Java HotSpot(TM) 64-Bit Server VM warning: ignoring option MaxPermSize=192m; support was removed in 8.0
Apache Maven 3.2.5 (12a6b3acb947671f09b81f49094c53f426d8cea1; 2014-12-14T17:29:23+00:00)
Maven home: /usr/local/maven
Java version: 1.8.0_31, vendor: Oracle Corporation
Java home: /usr/lib/jvm/java-8-oracle/jre
Default locale: en_US, platform encoding: UTF-8
OS name: "linux", version: "3.13.0-40-generic", arch: "amd64", family: "unix"
[INFO] Scanning for projects...
[WARNING] 
[WARNING] Some problems were encountered while building the effective model for com.squareup.retrofit2:samples:jar:2.0.2-SNAPSHOT
[WARNING] 'build.plugins.plugin.version' for org.apache.maven.plugins:maven-deploy-plugin is missing. @ com.squareup.retrofit2:samples:[unknown-version], /home/travis/build/square/retrofit/samples/pom.xml, line 55, column 15
[WARNING] 
[WARNING] It is highly recommended to fix these problems because they threaten the stability of your build.
[WARNING] 
[WARNING] For this reason, future Maven versions might no longer support building such malformed projects.
[WARNING] 
[INFO] ------------------------------------------------------------------------
[INFO] Reactor Build Order:
[INFO] 
[INFO] Retrofit (Parent)
[INFO] Retrofit
[INFO] Adapters
[INFO] Adapter: Guava
[INFO] Adapter: Java 8
[INFO] Adapter: RxJava
[INFO] Converters
[INFO] Converter: Gson
[INFO] Converter: Protocol Buffers
[INFO] Converter: Jackson
[INFO] Converter: Wire Protocol Buffers
[INFO] Converter: SimpleXML
[INFO] Converter: Java Scalars
[INFO] Converter: Moshi
[INFO] Retrofit Mock Adapter
[INFO] Samples
[INFO]                                                                         
[INFO] ------------------------------------------------------------------------
[INFO] Building Retrofit (Parent) 2.0.2-SNAPSHOT
[INFO] ------------------------------------------------------------------------
[INFO] 
[INFO] --- maven-enforcer-plugin:1.0:enforce (enforce-maven) @ parent ---
[INFO] 
[INFO] --- animal-sniffer-maven-plugin:1.14:check (default) @ parent ---
[INFO] Checking unresolved references to org.codehaus.mojo.signature:java16:1.1
[INFO] 
[INFO] --- maven-javadoc-plugin:2.10.3:jar (attach-javadocs) @ parent ---
[INFO] Skipping javadoc generation
[INFO] 
[INFO] --- maven-checkstyle-plugin:2.15:checkstyle (default) @ parent ---
[INFO] 
[INFO] --- maven-install-plugin:2.4:install (default-install) @ parent ---
[INFO] Installing /home/travis/build/square/retrofit/pom.xml to /home/travis/.m2/repository/com/squareup/retrofit2/parent/2.0.2-SNAPSHOT/parent-2.0.2-SNAPSHOT.pom
[INFO]                                                                         
[INFO] ------------------------------------------------------------------------
[INFO] Building Retrofit 2.0.2-SNAPSHOT
[INFO] ------------------------------------------------------------------------
[INFO] 
[INFO] --- maven-enforcer-plugin:1.0:enforce (enforce-maven) @ retrofit ---
[INFO] 
[INFO] --- maven-resources-plugin:2.6:resources (default-resources) @ retrofit ---
[INFO] Using 'UTF-8' encoding to copy filtered resources.
[INFO] skip non existing resourceDirectory /home/travis/build/square/retrofit/retrofit/src/main/resources
[INFO] 
[INFO] --- maven-compiler-plugin:3.0:compile (default-compile) @ retrofit ---
[INFO] Changes detected - recompiling the module!
[INFO] Compiling 39 source files to /home/travis/build/square/retrofit/retrofit/target/classes
[WARNING] /home/travis/build/square/retrofit/retrofit/src/main/java/retrofit2/Retrofit.java: Some input files use unchecked or unsafe operations.
[WARNING] /home/travis/build/square/retrofit/retrofit/src/main/java/retrofit2/Retrofit.java: Recompile with -Xlint:unchecked for details.
[INFO] 
[INFO] --- maven-resources-plugin:2.6:testResources (default-testResources) @ retrofit ---
[INFO] Using 'UTF-8' encoding to copy filtered resources.
[INFO] skip non existing resourceDirectory /home/travis/build/square/retrofit/retrofit/src/test/resources
[INFO] 
[INFO] --- maven-compiler-plugin:3.0:testCompile (default-testCompile) @ retrofit ---
[INFO] Changes detected - recompiling the module!
[INFO] Compiling 13 source files to /home/travis/build/square/retrofit/retrofit/target/test-classes
[WARNING] /home/travis/build/square/retrofit/retrofit/src/test/java/retrofit2/RetrofitTest.java: /home/travis/build/square/retrofit/retrofit/src/test/java/retrofit2/RetrofitTest.java uses unchecked or unsafe operations.
[WARNING] /home/travis/build/square/retrofit/retrofit/src/test/java/retrofit2/RetrofitTest.java: Recompile with -Xlint:unchecked for details.
[INFO] 
[INFO] --- maven-surefire-plugin:2.12.4:test (default-test) @ retrofit ---
[INFO] Tests are skipped.
[INFO] 
[INFO] --- animal-sniffer-maven-plugin:1.14:check (default) @ retrofit ---
[INFO] Checking unresolved references to org.codehaus.mojo.signature:java16:1.1
[INFO] 
[INFO] --- maven-jar-plugin:2.4:jar (default-jar) @ retrofit ---
[INFO] Building jar: /home/travis/build/square/retrofit/retrofit/target/retrofit-2.0.2-SNAPSHOT.jar
[INFO] 
[INFO] --- maven-javadoc-plugin:2.10.3:jar (attach-javadocs) @ retrofit ---
[INFO] Skipping javadoc generation
[INFO] 
[INFO] --- maven-checkstyle-plugin:2.15:checkstyle (default) @ retrofit ---
[INFO] Starting audit...
Audit done.
[WARNING] Unable to locate Source XRef to link to - DISABLED
[INFO] 
[INFO] --- maven-install-plugin:2.4:install (default-install) @ retrofit ---
[INFO] Installing /home/travis/build/square/retrofit/retrofit/target/retrofit-2.0.2-SNAPSHOT.jar to /home/travis/.m2/repository/com/squareup/retrofit2/retrofit/2.0.2-SNAPSHOT/retrofit-2.0.2-SNAPSHOT.jar
[INFO] Installing /home/travis/build/square/retrofit/retrofit/pom.xml to /home/travis/.m2/repository/com/squareup/retrofit2/retrofit/2.0.2-SNAPSHOT/retrofit-2.0.2-SNAPSHOT.pom
[INFO]                                                                         
[INFO] ------------------------------------------------------------------------
[INFO] Building Adapters 2.0.2-SNAPSHOT
[INFO] ------------------------------------------------------------------------
[INFO] 
[INFO] --- maven-enforcer-plugin:1.0:enforce (enforce-maven) @ retrofit-adapters ---
[INFO] 
[INFO] --- animal-sniffer-maven-plugin:1.14:check (default) @ retrofit-adapters ---
[INFO] Checking unresolved references to org.codehaus.mojo.signature:java16:1.1
[INFO] 
[INFO] --- maven-javadoc-plugin:2.10.3:jar (attach-javadocs) @ retrofit-adapters ---
[INFO] Skipping javadoc generation
[INFO] 
[INFO] --- maven-checkstyle-plugin:2.15:checkstyle (default) @ retrofit-adapters ---
[INFO] 
[INFO] --- maven-install-plugin:2.4:install (default-install) @ retrofit-adapters ---
[INFO] Installing /home/travis/build/square/retrofit/retrofit-adapters/pom.xml to /home/travis/.m2/repository/com/squareup/retrofit2/retrofit-adapters/2.0.2-SNAPSHOT/retrofit-adapters-2.0.2-SNAPSHOT.pom
[INFO]                                                                         
[INFO] ------------------------------------------------------------------------
[INFO] Building Adapter: Guava 2.0.2-SNAPSHOT
[INFO] ------------------------------------------------------------------------
[INFO] 
[INFO] --- maven-enforcer-plugin:1.0:enforce (enforce-maven) @ adapter-guava ---
[INFO] 
[INFO] --- maven-resources-plugin:2.6:resources (default-resources) @ adapter-guava ---
[INFO] Using 'UTF-8' encoding to copy filtered resources.
[INFO] skip non existing resourceDirectory /home/travis/build/square/retrofit/retrofit-adapters/guava/src/main/resources
[INFO] 
[INFO] --- maven-compiler-plugin:3.0:compile (default-compile) @ adapter-guava ---
[INFO] Changes detected - recompiling the module!
[INFO] Compiling 2 source files to /home/travis/build/square/retrofit/retrofit-adapters/guava/target/classes
[INFO] 
[INFO] --- maven-resources-plugin:2.6:testResources (default-testResources) @ adapter-guava ---
[INFO] Using 'UTF-8' encoding to copy filtered resources.
[INFO] skip non existing resourceDirectory /home/travis/build/square/retrofit/retrofit-adapters/guava/src/test/resources
[INFO] 
[INFO] --- maven-compiler-plugin:3.0:testCompile (default-testCompile) @ adapter-guava ---
[INFO] Changes detected - recompiling the module!
[INFO] Compiling 3 source files to /home/travis/build/square/retrofit/retrofit-adapters/guava/target/test-classes
[INFO] 
[INFO] --- maven-surefire-plugin:2.12.4:test (default-test) @ adapter-guava ---
[INFO] Tests are skipped.
[INFO] 
[INFO] --- animal-sniffer-maven-plugin:1.14:check (default) @ adapter-guava ---
[INFO] Checking unresolved references to org.codehaus.mojo.signature:java16:1.1
[INFO] 
[INFO] --- maven-jar-plugin:2.4:jar (default-jar) @ adapter-guava ---
[INFO] Building jar: /home/travis/build/square/retrofit/retrofit-adapters/guava/target/adapter-guava-2.0.2-SNAPSHOT.jar
[INFO] 
[INFO] --- maven-javadoc-plugin:2.10.3:jar (attach-javadocs) @ adapter-guava ---
[INFO] Skipping javadoc generation
[INFO] 
[INFO] --- maven-checkstyle-plugin:2.15:checkstyle (default) @ adapter-guava ---
[INFO] Starting audit...
Audit done.
[WARNING] Unable to locate Source XRef to link to - DISABLED
[INFO] 
[INFO] --- maven-install-plugin:2.4:install (default-install) @ adapter-guava ---
[INFO] Installing /home/travis/build/square/retrofit/retrofit-adapters/guava/target/adapter-guava-2.0.2-SNAPSHOT.jar to /home/travis/.m2/repository/com/squareup/retrofit2/adapter-guava/2.0.2-SNAPSHOT/adapter-guava-2.0.2-SNAPSHOT.jar
[INFO] Installing /home/travis/build/square/retrofit/retrofit-adapters/guava/pom.xml to /home/travis/.m2/repository/com/squareup/retrofit2/adapter-guava/2.0.2-SNAPSHOT/adapter-guava-2.0.2-SNAPSHOT.pom
[INFO]                                                                         
[INFO] ------------------------------------------------------------------------
[INFO] Building Adapter: Java 8 2.0.2-SNAPSHOT
[INFO] ------------------------------------------------------------------------
[INFO] 
[INFO] --- maven-enforcer-plugin:1.0:enforce (enforce-maven) @ adapter-java8 ---
[INFO] 
[INFO] --- maven-resources-plugin:2.6:resources (default-resources) @ adapter-java8 ---
[INFO] Using 'UTF-8' encoding to copy filtered resources.
[INFO] skip non existing resourceDirectory /home/travis/build/square/retrofit/retrofit-adapters/java8/src/main/resources
[INFO] 
[INFO] --- maven-compiler-plugin:3.0:compile (default-compile) @ adapter-java8 ---
[INFO] Changes detected - recompiling the module!
[INFO] Compiling 2 source files to /home/travis/build/square/retrofit/retrofit-adapters/java8/target/classes
[INFO] 
[INFO] --- maven-resources-plugin:2.6:testResources (default-testResources) @ adapter-java8 ---
[INFO] Using 'UTF-8' encoding to copy filtered resources.
[INFO] skip non existing resourceDirectory /home/travis/build/square/retrofit/retrofit-adapters/java8/src/test/resources
[INFO] 
[INFO] --- maven-compiler-plugin:3.0:testCompile (default-testCompile) @ adapter-java8 ---
[INFO] Changes detected - recompiling the module!
[INFO] Compiling 3 source files to /home/travis/build/square/retrofit/retrofit-adapters/java8/target/test-classes
[INFO] 
[INFO] --- maven-surefire-plugin:2.12.4:test (default-test) @ adapter-java8 ---
[INFO] Tests are skipped.
[INFO] 
[INFO] --- animal-sniffer-maven-plugin:1.14:check (default) @ adapter-java8 ---
[INFO] Checking unresolved references to org.kaazing.mojo.signature:java18:1.0
[INFO] 
[INFO] --- maven-jar-plugin:2.4:jar (default-jar) @ adapter-java8 ---
[INFO] Building jar: /home/travis/build/square/retrofit/retrofit-adapters/java8/target/adapter-java8-2.0.2-SNAPSHOT.jar
[INFO] 
[INFO] --- maven-javadoc-plugin:2.10.3:jar (attach-javadocs) @ adapter-java8 ---
[INFO] Skipping javadoc generation
[INFO] 
[INFO] --- maven-checkstyle-plugin:2.15:checkstyle (default) @ adapter-java8 ---
[INFO] Starting audit...
Audit done.
[WARNING] Unable to locate Source XRef to link to - DISABLED
[INFO] 
[INFO] --- maven-install-plugin:2.4:install (default-install) @ adapter-java8 ---
[INFO] Installing /home/travis/build/square/retrofit/retrofit-adapters/java8/target/adapter-java8-2.0.2-SNAPSHOT.jar to /home/travis/.m2/repository/com/squareup/retrofit2/adapter-java8/2.0.2-SNAPSHOT/adapter-java8-2.0.2-SNAPSHOT.jar
[INFO] Installing /home/travis/build/square/retrofit/retrofit-adapters/java8/pom.xml to /home/travis/.m2/repository/com/squareup/retrofit2/adapter-java8/2.0.2-SNAPSHOT/adapter-java8-2.0.2-SNAPSHOT.pom
[INFO]                                                                         
[INFO] ------------------------------------------------------------------------
[INFO] Building Adapter: RxJava 2.0.2-SNAPSHOT
[INFO] ------------------------------------------------------------------------
[INFO] 
[INFO] --- maven-enforcer-plugin:1.0:enforce (enforce-maven) @ adapter-rxjava ---
[INFO] 
[INFO] --- maven-resources-plugin:2.6:resources (default-resources) @ adapter-rxjava ---
[INFO] Using 'UTF-8' encoding to copy filtered resources.
[INFO] skip non existing resourceDirectory /home/travis/build/square/retrofit/retrofit-adapters/rxjava/src/main/resources
[INFO] 
[INFO] --- maven-compiler-plugin:3.0:compile (default-compile) @ adapter-rxjava ---
[INFO] Changes detected - recompiling the module!
[INFO] Compiling 6 source files to /home/travis/build/square/retrofit/retrofit-adapters/rxjava/target/classes
[INFO] 
[INFO] --- maven-resources-plugin:2.6:testResources (default-testResources) @ adapter-rxjava ---
[INFO] Using 'UTF-8' encoding to copy filtered resources.
[INFO] skip non existing resourceDirectory /home/travis/build/square/retrofit/retrofit-adapters/rxjava/src/test/resources
[INFO] 
[INFO] --- maven-compiler-plugin:3.0:testCompile (default-testCompile) @ adapter-rxjava ---
[INFO] Changes detected - recompiling the module!
[INFO] Compiling 9 source files to /home/travis/build/square/retrofit/retrofit-adapters/rxjava/target/test-classes
[INFO] 
[INFO] --- maven-surefire-plugin:2.12.4:test (default-test) @ adapter-rxjava ---
[INFO] Tests are skipped.
[INFO] 
[INFO] --- animal-sniffer-maven-plugin:1.14:check (default) @ adapter-rxjava ---
[INFO] Checking unresolved references to org.codehaus.mojo.signature:java16:1.1
[INFO] 
[INFO] --- maven-jar-plugin:2.4:jar (default-jar) @ adapter-rxjava ---
[INFO] Building jar: /home/travis/build/square/retrofit/retrofit-adapters/rxjava/target/adapter-rxjava-2.0.2-SNAPSHOT.jar
[INFO] 
[INFO] --- maven-javadoc-plugin:2.10.3:jar (attach-javadocs) @ adapter-rxjava ---
[INFO] Skipping javadoc generation
[INFO] 
[INFO] --- maven-checkstyle-plugin:2.15:checkstyle (default) @ adapter-rxjava ---
[INFO] Starting audit...
Audit done.
[WARNING] Unable to locate Source XRef to link to - DISABLED
[INFO] 
[INFO] --- maven-install-plugin:2.4:install (default-install) @ adapter-rxjava ---
[INFO] Installing /home/travis/build/square/retrofit/retrofit-adapters/rxjava/target/adapter-rxjava-2.0.2-SNAPSHOT.jar to /home/travis/.m2/repository/com/squareup/retrofit2/adapter-rxjava/2.0.2-SNAPSHOT/adapter-rxjava-2.0.2-SNAPSHOT.jar
[INFO] Installing /home/travis/build/square/retrofit/retrofit-adapters/rxjava/pom.xml to /home/travis/.m2/repository/com/squareup/retrofit2/adapter-rxjava/2.0.2-SNAPSHOT/adapter-rxjava-2.0.2-SNAPSHOT.pom
[INFO]                                                                         
[INFO] ------------------------------------------------------------------------
[INFO] Building Converters 2.0.2-SNAPSHOT
[INFO] ------------------------------------------------------------------------
[INFO] 
[INFO] --- maven-enforcer-plugin:1.0:enforce (enforce-maven) @ retrofit-converters ---
[INFO] 
[INFO] --- animal-sniffer-maven-plugin:1.14:check (default) @ retrofit-converters ---
[INFO] Checking unresolved references to org.codehaus.mojo.signature:java16:1.1
[INFO] 
[INFO] --- maven-javadoc-plugin:2.10.3:jar (attach-javadocs) @ retrofit-converters ---
[INFO] Skipping javadoc generation
[INFO] 
[INFO] --- maven-checkstyle-plugin:2.15:checkstyle (default) @ retrofit-converters ---
[INFO] 
[INFO] --- maven-install-plugin:2.4:install (default-install) @ retrofit-converters ---
[INFO] Installing /home/travis/build/square/retrofit/retrofit-converters/pom.xml to /home/travis/.m2/repository/com/squareup/retrofit2/retrofit-converters/2.0.2-SNAPSHOT/retrofit-converters-2.0.2-SNAPSHOT.pom
[INFO]                                                                         
[INFO] ------------------------------------------------------------------------
[INFO] Building Converter: Gson 2.0.2-SNAPSHOT
[INFO] ------------------------------------------------------------------------
[INFO] 
[INFO] --- maven-enforcer-plugin:1.0:enforce (enforce-maven) @ converter-gson ---
[INFO] 
[INFO] --- maven-resources-plugin:2.6:resources (default-resources) @ converter-gson ---
[INFO] Using 'UTF-8' encoding to copy filtered resources.
[INFO] skip non existing resourceDirectory /home/travis/build/square/retrofit/retrofit-converters/gson/src/main/resources
[INFO] 
[INFO] --- maven-compiler-plugin:3.0:compile (default-compile) @ converter-gson ---
[INFO] Changes detected - recompiling the module!
[INFO] Compiling 3 source files to /home/travis/build/square/retrofit/retrofit-converters/gson/target/classes
[INFO] 
[INFO] --- maven-resources-plugin:2.6:testResources (default-testResources) @ converter-gson ---
[INFO] Using 'UTF-8' encoding to copy filtered resources.
[INFO] skip non existing resourceDirectory /home/travis/build/square/retrofit/retrofit-converters/gson/src/test/resources
[INFO] 
[INFO] --- maven-compiler-plugin:3.0:testCompile (default-testCompile) @ converter-gson ---
[INFO] Changes detected - recompiling the module!
[INFO] Compiling 1 source file to /home/travis/build/square/retrofit/retrofit-converters/gson/target/test-classes
[INFO] 
[INFO] --- maven-surefire-plugin:2.12.4:test (default-test) @ converter-gson ---
[INFO] Tests are skipped.
[INFO] 
[INFO] --- animal-sniffer-maven-plugin:1.14:check (default) @ converter-gson ---
[INFO] Checking unresolved references to org.codehaus.mojo.signature:java16:1.1
[INFO] 
[INFO] --- maven-jar-plugin:2.4:jar (default-jar) @ converter-gson ---
[INFO] Building jar: /home/travis/build/square/retrofit/retrofit-converters/gson/target/converter-gson-2.0.2-SNAPSHOT.jar
[INFO] 
[INFO] --- maven-javadoc-plugin:2.10.3:jar (attach-javadocs) @ converter-gson ---
[INFO] Skipping javadoc generation
[INFO] 
[INFO] --- maven-checkstyle-plugin:2.15:checkstyle (default) @ converter-gson ---
[INFO] Starting audit...
Audit done.
[WARNING] Unable to locate Source XRef to link to - DISABLED
[INFO] 
[INFO] --- maven-install-plugin:2.4:install (default-install) @ converter-gson ---
[INFO] Installing /home/travis/build/square/retrofit/retrofit-converters/gson/target/converter-gson-2.0.2-SNAPSHOT.jar to /home/travis/.m2/repository/com/squareup/retrofit2/converter-gson/2.0.2-SNAPSHOT/converter-gson-2.0.2-SNAPSHOT.jar
[INFO] Installing /home/travis/build/square/retrofit/retrofit-converters/gson/pom.xml to /home/travis/.m2/repository/com/squareup/retrofit2/converter-gson/2.0.2-SNAPSHOT/converter-gson-2.0.2-SNAPSHOT.pom
[INFO]                                                                         
[INFO] ------------------------------------------------------------------------
[INFO] Building Converter: Protocol Buffers 2.0.2-SNAPSHOT
[INFO] ------------------------------------------------------------------------
[INFO] 
[INFO] --- maven-enforcer-plugin:1.0:enforce (enforce-maven) @ converter-protobuf ---
[INFO] 
[INFO] --- maven-resources-plugin:2.6:resources (default-resources) @ converter-protobuf ---
[INFO] Using 'UTF-8' encoding to copy filtered resources.
[INFO] skip non existing resourceDirectory /home/travis/build/square/retrofit/retrofit-converters/protobuf/src/main/resources
[INFO] 
[INFO] --- maven-compiler-plugin:3.0:compile (default-compile) @ converter-protobuf ---
[INFO] Changes detected - recompiling the module!
[INFO] Compiling 3 source files to /home/travis/build/square/retrofit/retrofit-converters/protobuf/target/classes
[WARNING] /home/travis/build/square/retrofit/retrofit-converters/protobuf/src/main/java/retrofit2/converter/protobuf/ProtoConverterFactory.java: /home/travis/build/square/retrofit/retrofit-converters/protobuf/src/main/java/retrofit2/converter/protobuf/ProtoConverterFactory.java uses unchecked or unsafe operations.
[WARNING] /home/travis/build/square/retrofit/retrofit-converters/protobuf/src/main/java/retrofit2/converter/protobuf/ProtoConverterFactory.java: Recompile with -Xlint:unchecked for details.
[INFO] 
[INFO] --- maven-resources-plugin:2.6:testResources (default-testResources) @ converter-protobuf ---
[INFO] Using 'UTF-8' encoding to copy filtered resources.
[INFO] skip non existing resourceDirectory /home/travis/build/square/retrofit/retrofit-converters/protobuf/src/test/resources
[INFO] 
[INFO] --- maven-compiler-plugin:3.0:testCompile (default-testCompile) @ converter-protobuf ---
[INFO] Changes detected - recompiling the module!
[INFO] Compiling 2 source files to /home/travis/build/square/retrofit/retrofit-converters/protobuf/target/test-classes
[INFO] 
[INFO] --- maven-surefire-plugin:2.12.4:test (default-test) @ converter-protobuf ---
[INFO] Tests are skipped.
[INFO] 
[INFO] --- animal-sniffer-maven-plugin:1.14:check (default) @ converter-protobuf ---
[INFO] Checking unresolved references to org.codehaus.mojo.signature:java16:1.1
[INFO] 
[INFO] --- maven-jar-plugin:2.4:jar (default-jar) @ converter-protobuf ---
[INFO] Building jar: /home/travis/build/square/retrofit/retrofit-converters/protobuf/target/converter-protobuf-2.0.2-SNAPSHOT.jar
[INFO] 
[INFO] --- maven-javadoc-plugin:2.10.3:jar (attach-javadocs) @ converter-protobuf ---
[INFO] Skipping javadoc generation
[INFO] 
[INFO] --- maven-checkstyle-plugin:2.15:checkstyle (default) @ converter-protobuf ---
[INFO] Starting audit...
Audit done.
[WARNING] Unable to locate Source XRef to link to - DISABLED
[INFO] 
[INFO] --- maven-install-plugin:2.4:install (default-install) @ converter-protobuf ---
[INFO] Installing /home/travis/build/square/retrofit/retrofit-converters/protobuf/target/converter-protobuf-2.0.2-SNAPSHOT.jar to /home/travis/.m2/repository/com/squareup/retrofit2/converter-protobuf/2.0.2-SNAPSHOT/converter-protobuf-2.0.2-SNAPSHOT.jar
[INFO] Installing /home/travis/build/square/retrofit/retrofit-converters/protobuf/pom.xml to /home/travis/.m2/repository/com/squareup/retrofit2/converter-protobuf/2.0.2-SNAPSHOT/converter-protobuf-2.0.2-SNAPSHOT.pom
[INFO]                                                                         
[INFO] ------------------------------------------------------------------------
[INFO] Building Converter: Jackson 2.0.2-SNAPSHOT
[INFO] ------------------------------------------------------------------------
[INFO] 
[INFO] --- maven-enforcer-plugin:1.0:enforce (enforce-maven) @ converter-jackson ---
[INFO] 
[INFO] --- maven-resources-plugin:2.6:resources (default-resources) @ converter-jackson ---
[INFO] Using 'UTF-8' encoding to copy filtered resources.
[INFO] skip non existing resourceDirectory /home/travis/build/square/retrofit/retrofit-converters/jackson/src/main/resources
[INFO] 
[INFO] --- maven-compiler-plugin:3.0:compile (default-compile) @ converter-jackson ---
[INFO] Changes detected - recompiling the module!
[INFO] Compiling 3 source files to /home/travis/build/square/retrofit/retrofit-converters/jackson/target/classes
[WARNING] /home/travis/build/square/retrofit/retrofit-converters/jackson/src/main/java/retrofit2/converter/jackson/JacksonConverterFactory.java: /home/travis/build/square/retrofit/retrofit-converters/jackson/src/main/java/retrofit2/converter/jackson/JacksonConverterFactory.java uses or overrides a deprecated API.
[WARNING] /home/travis/build/square/retrofit/retrofit-converters/jackson/src/main/java/retrofit2/converter/jackson/JacksonConverterFactory.java: Recompile with -Xlint:deprecation for details.
[INFO] 
[INFO] --- maven-resources-plugin:2.6:testResources (default-testResources) @ converter-jackson ---
[INFO] Using 'UTF-8' encoding to copy filtered resources.
[INFO] skip non existing resourceDirectory /home/travis/build/square/retrofit/retrofit-converters/jackson/src/test/resources
[INFO] 
[INFO] --- maven-compiler-plugin:3.0:testCompile (default-testCompile) @ converter-jackson ---
[INFO] Changes detected - recompiling the module!
[INFO] Compiling 1 source file to /home/travis/build/square/retrofit/retrofit-converters/jackson/target/test-classes
[WARNING] /home/travis/build/square/retrofit/retrofit-converters/jackson/src/test/java/retrofit2/converter/jackson/JacksonConverterFactoryTest.java: /home/travis/build/square/retrofit/retrofit-converters/jackson/src/test/java/retrofit2/converter/jackson/JacksonConverterFactoryTest.java uses or overrides a deprecated API.
[WARNING] /home/travis/build/square/retrofit/retrofit-converters/jackson/src/test/java/retrofit2/converter/jackson/JacksonConverterFactoryTest.java: Recompile with -Xlint:deprecation for details.
[INFO] 
[INFO] --- maven-surefire-plugin:2.12.4:test (default-test) @ converter-jackson ---
[INFO] Tests are skipped.
[INFO] 
[INFO] --- animal-sniffer-maven-plugin:1.14:check (default) @ converter-jackson ---
[INFO] Checking unresolved references to org.codehaus.mojo.signature:java16:1.1
[INFO] 
[INFO] --- maven-jar-plugin:2.4:jar (default-jar) @ converter-jackson ---
[INFO] Building jar: /home/travis/build/square/retrofit/retrofit-converters/jackson/target/converter-jackson-2.0.2-SNAPSHOT.jar
[INFO] 
[INFO] --- maven-javadoc-plugin:2.10.3:jar (attach-javadocs) @ converter-jackson ---
[INFO] Skipping javadoc generation
[INFO] 
[INFO] --- maven-checkstyle-plugin:2.15:checkstyle (default) @ converter-jackson ---
[INFO] Starting audit...
Audit done.
[WARNING] Unable to locate Source XRef to link to - DISABLED
[INFO] 
[INFO] --- maven-install-plugin:2.4:install (default-install) @ converter-jackson ---
[INFO] Installing /home/travis/build/square/retrofit/retrofit-converters/jackson/target/converter-jackson-2.0.2-SNAPSHOT.jar to /home/travis/.m2/repository/com/squareup/retrofit2/converter-jackson/2.0.2-SNAPSHOT/converter-jackson-2.0.2-SNAPSHOT.jar
[INFO] Installing /home/travis/build/square/retrofit/retrofit-converters/jackson/pom.xml to /home/travis/.m2/repository/com/squareup/retrofit2/converter-jackson/2.0.2-SNAPSHOT/converter-jackson-2.0.2-SNAPSHOT.pom
[INFO]                                                                         
[INFO] ------------------------------------------------------------------------
[INFO] Building Converter: Wire Protocol Buffers 2.0.2-SNAPSHOT
[INFO] ------------------------------------------------------------------------
[INFO] 
[INFO] --- maven-enforcer-plugin:1.0:enforce (enforce-maven) @ converter-wire ---
[INFO] 
[INFO] --- maven-resources-plugin:2.6:resources (default-resources) @ converter-wire ---
[INFO] Using 'UTF-8' encoding to copy filtered resources.
[INFO] skip non existing resourceDirectory /home/travis/build/square/retrofit/retrofit-converters/wire/src/main/resources
[INFO] 
[INFO] --- maven-compiler-plugin:3.0:compile (default-compile) @ converter-wire ---
[INFO] Changes detected - recompiling the module!
[INFO] Compiling 3 source files to /home/travis/build/square/retrofit/retrofit-converters/wire/target/classes
[WARNING] /home/travis/build/square/retrofit/retrofit-converters/wire/src/main/java/retrofit2/converter/wire/WireConverterFactory.java: /home/travis/build/square/retrofit/retrofit-converters/wire/src/main/java/retrofit2/converter/wire/WireConverterFactory.java uses unchecked or unsafe operations.
[WARNING] /home/travis/build/square/retrofit/retrofit-converters/wire/src/main/java/retrofit2/converter/wire/WireConverterFactory.java: Recompile with -Xlint:unchecked for details.
[INFO] 
[INFO] --- maven-resources-plugin:2.6:testResources (default-testResources) @ converter-wire ---
[INFO] Using 'UTF-8' encoding to copy filtered resources.
[INFO] skip non existing resourceDirectory /home/travis/build/square/retrofit/retrofit-converters/wire/src/test/resources
[INFO] 
[INFO] --- maven-compiler-plugin:3.0:testCompile (default-testCompile) @ converter-wire ---
[INFO] Changes detected - recompiling the module!
[INFO] Compiling 2 source files to /home/travis/build/square/retrofit/retrofit-converters/wire/target/test-classes
[INFO] 
[INFO] --- maven-surefire-plugin:2.12.4:test (default-test) @ converter-wire ---
[INFO] Tests are skipped.
[INFO] 
[INFO] --- animal-sniffer-maven-plugin:1.14:check (default) @ converter-wire ---
[INFO] Checking unresolved references to org.codehaus.mojo.signature:java16:1.1
[INFO] 
[INFO] --- maven-jar-plugin:2.4:jar (default-jar) @ converter-wire ---
[INFO] Building jar: /home/travis/build/square/retrofit/retrofit-converters/wire/target/converter-wire-2.0.2-SNAPSHOT.jar
[INFO] 
[INFO] --- maven-javadoc-plugin:2.10.3:jar (attach-javadocs) @ converter-wire ---
[INFO] Skipping javadoc generation
[INFO] 
[INFO] --- maven-checkstyle-plugin:2.15:checkstyle (default) @ converter-wire ---
[INFO] Starting audit...
Audit done.
[WARNING] Unable to locate Source XRef to link to - DISABLED
[INFO] 
[INFO] --- maven-install-plugin:2.4:install (default-install) @ converter-wire ---
[INFO] Installing /home/travis/build/square/retrofit/retrofit-converters/wire/target/converter-wire-2.0.2-SNAPSHOT.jar to /home/travis/.m2/repository/com/squareup/retrofit2/converter-wire/2.0.2-SNAPSHOT/converter-wire-2.0.2-SNAPSHOT.jar
[INFO] Installing /home/travis/build/square/retrofit/retrofit-converters/wire/pom.xml to /home/travis/.m2/repository/com/squareup/retrofit2/converter-wire/2.0.2-SNAPSHOT/converter-wire-2.0.2-SNAPSHOT.pom
[INFO]                                                                         
[INFO] ------------------------------------------------------------------------
[INFO] Building Converter: SimpleXML 2.0.2-SNAPSHOT
[INFO] ------------------------------------------------------------------------
[INFO] 
[INFO] --- maven-enforcer-plugin:1.0:enforce (enforce-maven) @ converter-simplexml ---
[INFO] 
[INFO] --- maven-resources-plugin:2.6:resources (default-resources) @ converter-simplexml ---
[INFO] Using 'UTF-8' encoding to copy filtered resources.
[INFO] skip non existing resourceDirectory /home/travis/build/square/retrofit/retrofit-converters/simplexml/src/main/resources
[INFO] 
[INFO] --- maven-compiler-plugin:3.0:compile (default-compile) @ converter-simplexml ---
[INFO] Changes detected - recompiling the module!
[INFO] Compiling 3 source files to /home/travis/build/square/retrofit/retrofit-converters/simplexml/target/classes
[INFO] 
[INFO] --- maven-resources-plugin:2.6:testResources (default-testResources) @ converter-simplexml ---
[INFO] Using 'UTF-8' encoding to copy filtered resources.
[INFO] skip non existing resourceDirectory /home/travis/build/square/retrofit/retrofit-converters/simplexml/src/test/resources
[INFO] 
[INFO] --- maven-compiler-plugin:3.0:testCompile (default-testCompile) @ converter-simplexml ---
[INFO] Changes detected - recompiling the module!
[INFO] Compiling 2 source files to /home/travis/build/square/retrofit/retrofit-converters/simplexml/target/test-classes
[INFO] 
[INFO] --- maven-surefire-plugin:2.12.4:test (default-test) @ converter-simplexml ---
[INFO] Tests are skipped.
[INFO] 
[INFO] --- animal-sniffer-maven-plugin:1.14:check (default) @ converter-simplexml ---
[INFO] Checking unresolved references to org.codehaus.mojo.signature:java16:1.1
[INFO] 
[INFO] --- maven-jar-plugin:2.4:jar (default-jar) @ converter-simplexml ---
[INFO] Building jar: /home/travis/build/square/retrofit/retrofit-converters/simplexml/target/converter-simplexml-2.0.2-SNAPSHOT.jar
[INFO] 
[INFO] --- maven-javadoc-plugin:2.10.3:jar (attach-javadocs) @ converter-simplexml ---
[INFO] Skipping javadoc generation
[INFO] 
[INFO] --- maven-checkstyle-plugin:2.15:checkstyle (default) @ converter-simplexml ---
[INFO] Starting audit...
Audit done.
[WARNING] Unable to locate Source XRef to link to - DISABLED
[INFO] 
[INFO] --- maven-install-plugin:2.4:install (default-install) @ converter-simplexml ---
[INFO] Installing /home/travis/build/square/retrofit/retrofit-converters/simplexml/target/converter-simplexml-2.0.2-SNAPSHOT.jar to /home/travis/.m2/repository/com/squareup/retrofit2/converter-simplexml/2.0.2-SNAPSHOT/converter-simplexml-2.0.2-SNAPSHOT.jar
[INFO] Installing /home/travis/build/square/retrofit/retrofit-converters/simplexml/pom.xml to /home/travis/.m2/repository/com/squareup/retrofit2/converter-simplexml/2.0.2-SNAPSHOT/converter-simplexml-2.0.2-SNAPSHOT.pom
[INFO]                                                                         
[INFO] ------------------------------------------------------------------------
[INFO] Building Converter: Java Scalars 2.0.2-SNAPSHOT
[INFO] ------------------------------------------------------------------------
[INFO] 
[INFO] --- maven-enforcer-plugin:1.0:enforce (enforce-maven) @ converter-scalars ---
[INFO] 
[INFO] --- maven-resources-plugin:2.6:resources (default-resources) @ converter-scalars ---
[INFO] Using 'UTF-8' encoding to copy filtered resources.
[INFO] skip non existing resourceDirectory /home/travis/build/square/retrofit/retrofit-converters/scalars/src/main/resources
[INFO] 
[INFO] --- maven-compiler-plugin:3.0:compile (default-compile) @ converter-scalars ---
[INFO] Changes detected - recompiling the module!
[INFO] Compiling 3 source files to /home/travis/build/square/retrofit/retrofit-converters/scalars/target/classes
[INFO] 
[INFO] --- maven-resources-plugin:2.6:testResources (default-testResources) @ converter-scalars ---
[INFO] Using 'UTF-8' encoding to copy filtered resources.
[INFO] skip non existing resourceDirectory /home/travis/build/square/retrofit/retrofit-converters/scalars/src/test/resources
[INFO] 
[INFO] --- maven-compiler-plugin:3.0:testCompile (default-testCompile) @ converter-scalars ---
[INFO] Changes detected - recompiling the module!
[INFO] Compiling 2 source files to /home/travis/build/square/retrofit/retrofit-converters/scalars/target/test-classes
[INFO] 
[INFO] --- maven-surefire-plugin:2.12.4:test (default-test) @ converter-scalars ---
[INFO] Tests are skipped.
[INFO] 
[INFO] --- animal-sniffer-maven-plugin:1.14:check (default) @ converter-scalars ---
[INFO] Checking unresolved references to org.codehaus.mojo.signature:java16:1.1
[INFO] 
[INFO] --- maven-jar-plugin:2.4:jar (default-jar) @ converter-scalars ---
[INFO] Building jar: /home/travis/build/square/retrofit/retrofit-converters/scalars/target/converter-scalars-2.0.2-SNAPSHOT.jar
[INFO] 
[INFO] --- maven-javadoc-plugin:2.10.3:jar (attach-javadocs) @ converter-scalars ---
[INFO] Skipping javadoc generation
[INFO] 
[INFO] --- maven-checkstyle-plugin:2.15:checkstyle (default) @ converter-scalars ---
[INFO] Starting audit...
Audit done.
[WARNING] Unable to locate Source XRef to link to - DISABLED
[INFO] 
[INFO] --- maven-install-plugin:2.4:install (default-install) @ converter-scalars ---
[INFO] Installing /home/travis/build/square/retrofit/retrofit-converters/scalars/target/converter-scalars-2.0.2-SNAPSHOT.jar to /home/travis/.m2/repository/com/squareup/retrofit2/converter-scalars/2.0.2-SNAPSHOT/converter-scalars-2.0.2-SNAPSHOT.jar
[INFO] Installing /home/travis/build/square/retrofit/retrofit-converters/scalars/pom.xml to /home/travis/.m2/repository/com/squareup/retrofit2/converter-scalars/2.0.2-SNAPSHOT/converter-scalars-2.0.2-SNAPSHOT.pom
[INFO]                                                                         
[INFO] ------------------------------------------------------------------------
[INFO] Building Converter: Moshi 2.0.2-SNAPSHOT
[INFO] ------------------------------------------------------------------------
[INFO] 
[INFO] --- maven-enforcer-plugin:1.0:enforce (enforce-maven) @ converter-moshi ---
[INFO] 
[INFO] --- maven-resources-plugin:2.6:resources (default-resources) @ converter-moshi ---
[INFO] Using 'UTF-8' encoding to copy filtered resources.
[INFO] skip non existing resourceDirectory /home/travis/build/square/retrofit/retrofit-converters/moshi/src/main/resources
[INFO] 
[INFO] --- maven-compiler-plugin:3.0:compile (default-compile) @ converter-moshi ---
[INFO] Changes detected - recompiling the module!
[INFO] Compiling 3 source files to /home/travis/build/square/retrofit/retrofit-converters/moshi/target/classes
[INFO] 
[INFO] --- maven-resources-plugin:2.6:testResources (default-testResources) @ converter-moshi ---
[INFO] Using 'UTF-8' encoding to copy filtered resources.
[INFO] skip non existing resourceDirectory /home/travis/build/square/retrofit/retrofit-converters/moshi/src/test/resources
[INFO] 
[INFO] --- maven-compiler-plugin:3.0:testCompile (default-testCompile) @ converter-moshi ---
[INFO] Changes detected - recompiling the module!
[INFO] Compiling 1 source file to /home/travis/build/square/retrofit/retrofit-converters/moshi/target/test-classes
[INFO] 
[INFO] --- maven-surefire-plugin:2.12.4:test (default-test) @ converter-moshi ---
[INFO] Tests are skipped.
[INFO] 
[INFO] --- animal-sniffer-maven-plugin:1.14:check (default) @ converter-moshi ---
[INFO] Checking unresolved references to org.codehaus.mojo.signature:java16:1.1
[INFO] 
[INFO] --- maven-jar-plugin:2.4:jar (default-jar) @ converter-moshi ---
[INFO] Building jar: /home/travis/build/square/retrofit/retrofit-converters/moshi/target/converter-moshi-2.0.2-SNAPSHOT.jar
[INFO] 
[INFO] --- maven-javadoc-plugin:2.10.3:jar (attach-javadocs) @ converter-moshi ---
[INFO] Skipping javadoc generation
[INFO] 
[INFO] --- maven-checkstyle-plugin:2.15:checkstyle (default) @ converter-moshi ---
[INFO] Starting audit...
Audit done.
[WARNING] Unable to locate Source XRef to link to - DISABLED
[INFO] 
[INFO] --- maven-install-plugin:2.4:install (default-install) @ converter-moshi ---
[INFO] Installing /home/travis/build/square/retrofit/retrofit-converters/moshi/target/converter-moshi-2.0.2-SNAPSHOT.jar to /home/travis/.m2/repository/com/squareup/retrofit2/converter-moshi/2.0.2-SNAPSHOT/converter-moshi-2.0.2-SNAPSHOT.jar
[INFO] Installing /home/travis/build/square/retrofit/retrofit-converters/moshi/pom.xml to /home/travis/.m2/repository/com/squareup/retrofit2/converter-moshi/2.0.2-SNAPSHOT/converter-moshi-2.0.2-SNAPSHOT.pom
[INFO]                                                                         
[INFO] ------------------------------------------------------------------------
[INFO] Building Retrofit Mock Adapter 2.0.2-SNAPSHOT
[INFO] ------------------------------------------------------------------------
[INFO] 
[INFO] --- maven-enforcer-plugin:1.0:enforce (enforce-maven) @ retrofit-mock ---
[INFO] 
[INFO] --- maven-resources-plugin:2.6:resources (default-resources) @ retrofit-mock ---
[INFO] Using 'UTF-8' encoding to copy filtered resources.
[INFO] skip non existing resourceDirectory /home/travis/build/square/retrofit/retrofit-mock/src/main/resources
[INFO] 
[INFO] --- maven-compiler-plugin:3.0:compile (default-compile) @ retrofit-mock ---
[INFO] Changes detected - recompiling the module!
[INFO] Compiling 5 source files to /home/travis/build/square/retrofit/retrofit-mock/target/classes
[INFO] 
[INFO] --- maven-resources-plugin:2.6:testResources (default-testResources) @ retrofit-mock ---
[INFO] Using 'UTF-8' encoding to copy filtered resources.
[INFO] skip non existing resourceDirectory /home/travis/build/square/retrofit/retrofit-mock/src/test/resources
[INFO] 
[INFO] --- maven-compiler-plugin:3.0:testCompile (default-testCompile) @ retrofit-mock ---
[INFO] Changes detected - recompiling the module!
[INFO] Compiling 3 source files to /home/travis/build/square/retrofit/retrofit-mock/target/test-classes
[INFO] 
[INFO] --- maven-surefire-plugin:2.12.4:test (default-test) @ retrofit-mock ---
[INFO] Tests are skipped.
[INFO] 
[INFO] --- animal-sniffer-maven-plugin:1.14:check (default) @ retrofit-mock ---
[INFO] Checking unresolved references to org.codehaus.mojo.signature:java16:1.1
[INFO] 
[INFO] --- maven-jar-plugin:2.4:jar (default-jar) @ retrofit-mock ---
[INFO] Building jar: /home/travis/build/square/retrofit/retrofit-mock/target/retrofit-mock-2.0.2-SNAPSHOT.jar
[INFO] 
[INFO] --- maven-javadoc-plugin:2.10.3:jar (attach-javadocs) @ retrofit-mock ---
[INFO] Skipping javadoc generation
[INFO] 
[INFO] --- maven-checkstyle-plugin:2.15:checkstyle (default) @ retrofit-mock ---
[INFO] Starting audit...
Audit done.
[WARNING] Unable to locate Source XRef to link to - DISABLED
[INFO] 
[INFO] --- maven-install-plugin:2.4:install (default-install) @ retrofit-mock ---
[INFO] Installing /home/travis/build/square/retrofit/retrofit-mock/target/retrofit-mock-2.0.2-SNAPSHOT.jar to /home/travis/.m2/repository/com/squareup/retrofit2/retrofit-mock/2.0.2-SNAPSHOT/retrofit-mock-2.0.2-SNAPSHOT.jar
[INFO] Installing /home/travis/build/square/retrofit/retrofit-mock/pom.xml to /home/travis/.m2/repository/com/squareup/retrofit2/retrofit-mock/2.0.2-SNAPSHOT/retrofit-mock-2.0.2-SNAPSHOT.pom
[INFO]                                                                         
[INFO] ------------------------------------------------------------------------
[INFO] Building Samples 2.0.2-SNAPSHOT
[INFO] ------------------------------------------------------------------------
[INFO] 
[INFO] --- maven-enforcer-plugin:1.0:enforce (enforce-maven) @ samples ---
[INFO] 
[INFO] --- maven-resources-plugin:2.6:resources (default-resources) @ samples ---
[INFO] Using 'UTF-8' encoding to copy filtered resources.
[INFO] skip non existing resourceDirectory /home/travis/build/square/retrofit/samples/src/main/resources
[INFO] 
[INFO] --- maven-compiler-plugin:3.0:compile (default-compile) @ samples ---
[INFO] Changes detected - recompiling the module!
[INFO] Compiling 9 source files to /home/travis/build/square/retrofit/samples/target/classes
[INFO] 
[INFO] --- maven-resources-plugin:2.6:testResources (default-testResources) @ samples ---
[INFO] Using 'UTF-8' encoding to copy filtered resources.
[INFO] skip non existing resourceDirectory /home/travis/build/square/retrofit/samples/src/test/resources
[INFO] 
[INFO] --- maven-compiler-plugin:3.0:testCompile (default-testCompile) @ samples ---
[INFO] No sources to compile
[INFO] 
[INFO] --- maven-surefire-plugin:2.12.4:test (default-test) @ samples ---
[INFO] Tests are skipped.
[INFO] 
[INFO] --- animal-sniffer-maven-plugin:1.14:check (default) @ samples ---
[INFO] Checking unresolved references to org.codehaus.mojo.signature:java16:1.1
[INFO] 
[INFO] --- maven-jar-plugin:2.4:jar (default-jar) @ samples ---
[INFO] Building jar: /home/travis/build/square/retrofit/samples/target/samples-2.0.2-SNAPSHOT.jar
[INFO] 
[INFO] --- maven-javadoc-plugin:2.10.3:jar (attach-javadocs) @ samples ---
[INFO] Skipping javadoc generation
[INFO] 
[INFO] --- maven-checkstyle-plugin:2.15:checkstyle (default) @ samples ---
[INFO] Starting audit...
Audit done.
[WARNING] Unable to locate Source XRef to link to - DISABLED
[INFO] 
[INFO] --- maven-install-plugin:2.4:install (default-install) @ samples ---
[INFO] Installing /home/travis/build/square/retrofit/samples/target/samples-2.0.2-SNAPSHOT.jar to /home/travis/.m2/repository/com/squareup/retrofit2/samples/2.0.2-SNAPSHOT/samples-2.0.2-SNAPSHOT.jar
[INFO] Installing /home/travis/build/square/retrofit/samples/pom.xml to /home/travis/.m2/repository/com/squareup/retrofit2/samples/2.0.2-SNAPSHOT/samples-2.0.2-SNAPSHOT.pom
[INFO] ------------------------------------------------------------------------
[INFO] Reactor Summary:
[INFO] 
[INFO] Retrofit (Parent) .................................. SUCCESS [  8.383 s]
[INFO] Retrofit ........................................... SUCCESS [ 21.000 s]
[INFO] Adapters ........................................... SUCCESS [  0.654 s]
[INFO] Adapter: Guava ..................................... SUCCESS [  3.136 s]
[INFO] Adapter: Java 8 .................................... SUCCESS [  2.452 s]
[INFO] Adapter: RxJava .................................... SUCCESS [  1.520 s]
[INFO] Converters ......................................... SUCCESS [  0.158 s]
[INFO] Converter: Gson .................................... SUCCESS [  1.568 s]
[INFO] Converter: Protocol Buffers ........................ SUCCESS [  0.946 s]
[INFO] Converter: Jackson ................................. SUCCESS [  0.846 s]
[INFO] Converter: Wire Protocol Buffers ................... SUCCESS [  1.308 s]
[INFO] Converter: SimpleXML ............................... SUCCESS [  0.969 s]
[INFO] Converter: Java Scalars ............................ SUCCESS [  1.680 s]
[INFO] Converter: Moshi ................................... SUCCESS [  0.894 s]
[INFO] Retrofit Mock Adapter .............................. SUCCESS [  0.954 s]
[INFO] Samples ............................................ SUCCESS [  2.304 s]
[INFO] ------------------------------------------------------------------------
[INFO] BUILD SUCCESS
[INFO] ------------------------------------------------------------------------
[INFO] Total time: 49.169 s
[INFO] Finished at: 2016-04-05T15:17:05+00:00
[INFO] Final Memory: 49M/370M
[INFO] ------------------------------------------------------------------------

travis_time:end:018bf604:start=1459869374076878110,finish=1459869426988009619,duration=52911131509[0Ktravis_fold:end:install[0Ktravis_time:start:00480634[0K$ mvn test -B
Java HotSpot(TM) 64-Bit Server VM warning: ignoring option MaxPermSize=192m; support was removed in 8.0
[INFO] Scanning for projects...
[WARNING] 
[WARNING] Some problems were encountered while building the effective model for com.squareup.retrofit2:samples:jar:2.0.2-SNAPSHOT
[WARNING] 'build.plugins.plugin.version' for org.apache.maven.plugins:maven-deploy-plugin is missing. @ com.squareup.retrofit2:samples:[unknown-version], /home/travis/build/square/retrofit/samples/pom.xml, line 55, column 15
[WARNING] 
[WARNING] It is highly recommended to fix these problems because they threaten the stability of your build.
[WARNING] 
[WARNING] For this reason, future Maven versions might no longer support building such malformed projects.
[WARNING] 
[INFO] ------------------------------------------------------------------------
[INFO] Reactor Build Order:
[INFO] 
[INFO] Retrofit (Parent)
[INFO] Retrofit
[INFO] Adapters
[INFO] Adapter: Guava
[INFO] Adapter: Java 8
[INFO] Adapter: RxJava
[INFO] Converters
[INFO] Converter: Gson
[INFO] Converter: Protocol Buffers
[INFO] Converter: Jackson
[INFO] Converter: Wire Protocol Buffers
[INFO] Converter: SimpleXML
[INFO] Converter: Java Scalars
[INFO] Converter: Moshi
[INFO] Retrofit Mock Adapter
[INFO] Samples
[INFO]                                                                         
[INFO] ------------------------------------------------------------------------
[INFO] Building Retrofit (Parent) 2.0.2-SNAPSHOT
[INFO] ------------------------------------------------------------------------
[INFO] 
[INFO] --- maven-enforcer-plugin:1.0:enforce (enforce-maven) @ parent ---
[INFO] 
[INFO] --- animal-sniffer-maven-plugin:1.14:check (default) @ parent ---
[INFO] Checking unresolved references to org.codehaus.mojo.signature:java16:1.1
[INFO]                                                                         
[INFO] ------------------------------------------------------------------------
[INFO] Building Retrofit 2.0.2-SNAPSHOT
[INFO] ------------------------------------------------------------------------
[INFO] 
[INFO] --- maven-enforcer-plugin:1.0:enforce (enforce-maven) @ retrofit ---
[INFO] 
[INFO] --- maven-resources-plugin:2.6:resources (default-resources) @ retrofit ---
[INFO] Using 'UTF-8' encoding to copy filtered resources.
[INFO] skip non existing resourceDirectory /home/travis/build/square/retrofit/retrofit/src/main/resources
[INFO] 
[INFO] --- maven-compiler-plugin:3.0:compile (default-compile) @ retrofit ---
[INFO] Changes detected - recompiling the module!
[INFO] Compiling 39 source files to /home/travis/build/square/retrofit/retrofit/target/classes
[WARNING] /home/travis/build/square/retrofit/retrofit/src/main/java/retrofit2/Retrofit.java: Some input files use unchecked or unsafe operations.
[WARNING] /home/travis/build/square/retrofit/retrofit/src/main/java/retrofit2/Retrofit.java: Recompile with -Xlint:unchecked for details.
[INFO] 
[INFO] --- maven-resources-plugin:2.6:testResources (default-testResources) @ retrofit ---
[INFO] Using 'UTF-8' encoding to copy filtered resources.
[INFO] skip non existing resourceDirectory /home/travis/build/square/retrofit/retrofit/src/test/resources
[INFO] 
[INFO] --- maven-compiler-plugin:3.0:testCompile (default-testCompile) @ retrofit ---
[INFO] Changes detected - recompiling the module!
[INFO] Compiling 13 source files to /home/travis/build/square/retrofit/retrofit/target/test-classes
[WARNING] /home/travis/build/square/retrofit/retrofit/src/test/java/retrofit2/RetrofitTest.java: /home/travis/build/square/retrofit/retrofit/src/test/java/retrofit2/RetrofitTest.java uses unchecked or unsafe operations.
[WARNING] /home/travis/build/square/retrofit/retrofit/src/test/java/retrofit2/RetrofitTest.java: Recompile with -Xlint:unchecked for details.
[INFO] 
[INFO] --- maven-surefire-plugin:2.12.4:test (default-test) @ retrofit ---
[INFO] Surefire report directory: /home/travis/build/square/retrofit/retrofit/target/surefire-reports

-------------------------------------------------------
 T E S T S
-------------------------------------------------------
Running retrofit2.CallTest
Apr 05, 2016 3:17:24 PM okhttp3.mockwebserver.MockWebServer$3 execute
INFO: MockWebServer[54635] starting to accept connections
Apr 05, 2016 3:17:25 PM okhttp3.mockwebserver.MockWebServer$3 acceptConnections
INFO: MockWebServer[54635] done accepting connections: Socket closed
Apr 05, 2016 3:17:25 PM okhttp3.mockwebserver.MockWebServer$3 execute
INFO: MockWebServer[41149] starting to accept connections
Apr 05, 2016 3:17:25 PM okhttp3.mockwebserver.MockWebServer$4 processOneRequest
INFO: MockWebServer[41149] received request: GET / HTTP/1.1 and responded: HTTP/1.1 200 OK
Apr 05, 2016 3:17:25 PM okhttp3.mockwebserver.MockWebServer$3 acceptConnections
INFO: MockWebServer[41149] done accepting connections: Socket closed
Apr 05, 2016 3:17:25 PM okhttp3.mockwebserver.MockWebServer$3 execute
INFO: MockWebServer[41804] starting to accept connections
Apr 05, 2016 3:17:25 PM okhttp3.mockwebserver.MockWebServer$3 acceptConnections
INFO: MockWebServer[41804] done accepting connections: Socket closed
Apr 05, 2016 3:17:25 PM okhttp3.mockwebserver.MockWebServer$4 processOneRequest
INFO: MockWebServer[41804] received request: GET / HTTP/1.1 and responded: HTTP/1.1 404 Client Error
Apr 05, 2016 3:17:25 PM okhttp3.mockwebserver.MockWebServer$3 execute
INFO: MockWebServer[45907] starting to accept connections
Apr 05, 2016 3:17:25 PM okhttp3.mockwebserver.MockWebServer$3 acceptConnections
INFO: MockWebServer[45907] done accepting connections: Socket closed
Apr 05, 2016 3:17:25 PM okhttp3.mockwebserver.MockWebServer$4 processOneRequest
INFO: MockWebServer[45907] received request: POST /Hello HTTP/1.1 and responded: HTTP/1.1 200 OK
Apr 05, 2016 3:17:25 PM okhttp3.mockwebserver.MockWebServer$3 execute
INFO: MockWebServer[49992] starting to accept connections
Apr 05, 2016 3:17:25 PM okhttp3.mockwebserver.MockWebServer$3 acceptConnections
INFO: MockWebServer[49992] done accepting connections: Socket closed
Apr 05, 2016 3:17:25 PM okhttp3.mockwebserver.MockWebServer$3 execute
INFO: MockWebServer[42534] starting to accept connections
Apr 05, 2016 3:17:25 PM okhttp3.mockwebserver.MockWebServer$3 acceptConnections
INFO: MockWebServer[42534] done accepting connections: Socket closed
Apr 05, 2016 3:17:25 PM okhttp3.mockwebserver.MockWebServer$3 execute
INFO: MockWebServer[43086] starting to accept connections
Apr 05, 2016 3:17:25 PM okhttp3.mockwebserver.MockWebServer$4 processOneRequest
INFO: MockWebServer[43086] received request: GET / HTTP/1.1 and responded: HTTP/1.1 200 OK
Apr 05, 2016 3:17:25 PM okhttp3.mockwebserver.MockWebServer$3 acceptConnections
INFO: MockWebServer[43086] done accepting connections: Socket closed
Apr 05, 2016 3:17:25 PM okhttp3.mockwebserver.MockWebServer$3 execute
INFO: MockWebServer[47364] starting to accept connections
Apr 05, 2016 3:17:25 PM okhttp3.mockwebserver.MockWebServer$4 processOneRequest
INFO: MockWebServer[47364] received request: GET / HTTP/1.1 and responded: HTTP/1.1 200 OK
Apr 05, 2016 3:17:25 PM okhttp3.mockwebserver.MockWebServer$3 acceptConnections
INFO: MockWebServer[47364] done accepting connections: Socket closed
Apr 05, 2016 3:17:25 PM okhttp3.mockwebserver.MockWebServer$3 execute
INFO: MockWebServer[32970] starting to accept connections
Apr 05, 2016 3:17:25 PM okhttp3.mockwebserver.MockWebServer$3 acceptConnections
INFO: MockWebServer[32970] done accepting connections: Socket closed
Apr 05, 2016 3:17:25 PM okhttp3.mockwebserver.MockWebServer$3 execute
INFO: MockWebServer[50405] starting to accept connections
Apr 05, 2016 3:17:25 PM okhttp3.mockwebserver.MockWebServer$4 processOneRequest
INFO: MockWebServer[50405] received request: POST /Hello HTTP/1.1 and responded: HTTP/1.1 200 OK
Apr 05, 2016 3:17:25 PM okhttp3.mockwebserver.MockWebServer$3 acceptConnections
INFO: MockWebServer[50405] done accepting connections: Socket closed
Apr 05, 2016 3:17:25 PM okhttp3.mockwebserver.MockWebServer$3 execute
INFO: MockWebServer[50235] starting to accept connections
Apr 05, 2016 3:17:25 PM okhttp3.mockwebserver.MockWebServer$4 processOneRequest
INFO: MockWebServer[50235] received request: POST /Hello HTTP/1.1 and responded: HTTP/1.1 200 OK
Apr 05, 2016 3:17:25 PM okhttp3.mockwebserver.MockWebServer$3 acceptConnections
INFO: MockWebServer[50235] done accepting connections: Socket closed
Apr 05, 2016 3:17:25 PM okhttp3.mockwebserver.MockWebServer$3 execute
INFO: MockWebServer[59799] starting to accept connections
Apr 05, 2016 3:17:25 PM okhttp3.mockwebserver.MockWebServer$3 acceptConnections
INFO: MockWebServer[59799] done accepting connections: Socket closed
Apr 05, 2016 3:17:25 PM okhttp3.mockwebserver.MockWebServer$3 execute
INFO: MockWebServer[44563] starting to accept connections
Apr 05, 2016 3:17:25 PM okhttp3.mockwebserver.MockWebServer$3 acceptConnections
INFO: MockWebServer[44563] done accepting connections: Socket closed
Apr 05, 2016 3:17:25 PM okhttp3.mockwebserver.MockWebServer$4 processOneRequest
INFO: MockWebServer[44563] received request: GET / HTTP/1.1 and responded: HTTP/1.1 404 Client Error
Apr 05, 2016 3:17:25 PM okhttp3.mockwebserver.MockWebServer$3 execute
INFO: MockWebServer[37398] starting to accept connections
Apr 05, 2016 3:17:25 PM okhttp3.mockwebserver.MockWebServer$4 processOneRequest
INFO: MockWebServer[37398] received request: POST / HTTP/1.1 and responded: HTTP/1.1 200 OK
Apr 05, 2016 3:17:25 PM okhttp3.mockwebserver.MockWebServer$3 acceptConnections
INFO: MockWebServer[37398] done accepting connections: Socket closed
Apr 05, 2016 3:17:25 PM okhttp3.mockwebserver.MockWebServer$3 execute
INFO: MockWebServer[43935] starting to accept connections
Apr 05, 2016 3:17:26 PM okhttp3.mockwebserver.MockWebServer$3 acceptConnections
INFO: MockWebServer[43935] done accepting connections: Socket closed
Apr 05, 2016 3:17:26 PM okhttp3.mockwebserver.MockWebServer$4 processOneRequest
INFO: MockWebServer[43935] received request: GET / HTTP/1.1 and responded: HTTP/1.1 204 Nothin
Apr 05, 2016 3:17:26 PM okhttp3.mockwebserver.MockWebServer$3 execute
INFO: MockWebServer[33837] starting to accept connections
Apr 05, 2016 3:17:26 PM okhttp3.mockwebserver.MockWebServer$3 acceptConnections
INFO: MockWebServer[33837] done accepting connections: Socket is closed
Apr 05, 2016 3:17:26 PM okhttp3.mockwebserver.MockWebServer$3 execute
INFO: MockWebServer[41758] starting to accept connections
Apr 05, 2016 3:17:26 PM okhttp3.mockwebserver.MockWebServer$4 processOneRequest
INFO: MockWebServer[41758] received request: GET / HTTP/1.1 and responded: HTTP/1.1 200 OK
Apr 05, 2016 3:17:26 PM okhttp3.mockwebserver.MockWebServer$3 acceptConnections
INFO: MockWebServer[41758] done accepting connections: Socket closed
Apr 05, 2016 3:17:26 PM okhttp3.mockwebserver.MockWebServer$3 execute
INFO: MockWebServer[39626] starting to accept connections
Apr 05, 2016 3:17:26 PM okhttp3.mockwebserver.MockWebServer$3 acceptConnections
INFO: MockWebServer[39626] done accepting connections: Socket closed
Apr 05, 2016 3:17:26 PM okhttp3.mockwebserver.MockWebServer$4 processOneRequest
INFO: MockWebServer[39626] received request: POST /Hello HTTP/1.1 and responded: HTTP/1.1 200 OK
Apr 05, 2016 3:17:26 PM okhttp3.mockwebserver.MockWebServer$3 execute
INFO: MockWebServer[54503] starting to accept connections
Apr 05, 2016 3:17:26 PM okhttp3.mockwebserver.MockWebServer$3 acceptConnections
INFO: MockWebServer[54503] done accepting connections: Socket closed
Apr 05, 2016 3:17:26 PM okhttp3.mockwebserver.MockWebServer$4 processOneRequest
INFO: MockWebServer[54503] received request: GET / HTTP/1.1 and responded: HTTP/1.1 200 OK
Apr 05, 2016 3:17:26 PM okhttp3.mockwebserver.MockWebServer$3 execute
INFO: MockWebServer[51370] starting to accept connections
Apr 05, 2016 3:17:26 PM okhttp3.mockwebserver.MockWebServer$3 acceptConnections
INFO: MockWebServer[51370] done accepting connections: Socket closed
Apr 05, 2016 3:17:26 PM okhttp3.mockwebserver.MockWebServer$4 processOneRequest
INFO: MockWebServer[51370] received request: POST / HTTP/1.1 and responded: HTTP/1.1 200 OK
Apr 05, 2016 3:17:26 PM okhttp3.mockwebserver.MockWebServer$3 execute
INFO: MockWebServer[57305] starting to accept connections
Apr 05, 2016 3:17:26 PM okhttp3.mockwebserver.MockWebServer$3 acceptConnections
INFO: MockWebServer[57305] done accepting connections: Socket is closed
Apr 05, 2016 3:17:26 PM okhttp3.mockwebserver.MockWebServer$3 execute
INFO: MockWebServer[54733] starting to accept connections
Apr 05, 2016 3:17:26 PM okhttp3.mockwebserver.MockWebServer$3 acceptConnections
INFO: MockWebServer[54733] done accepting connections: Socket is closed
Apr 05, 2016 3:17:26 PM okhttp3.mockwebserver.MockWebServer$3 execute
INFO: MockWebServer[38714] starting to accept connections
Apr 05, 2016 3:17:26 PM okhttp3.mockwebserver.MockWebServer$3 acceptConnections
INFO: MockWebServer[38714] done accepting connections: Socket is closed
Apr 05, 2016 3:17:26 PM okhttp3.mockwebserver.MockWebServer$3 execute
INFO: MockWebServer[50775] starting to accept connections
Apr 05, 2016 3:17:26 PM okhttp3.mockwebserver.MockWebServer$3 acceptConnections
INFO: MockWebServer[50775] done accepting connections: Socket closed
Apr 05, 2016 3:17:26 PM okhttp3.mockwebserver.MockWebServer$4 processOneRequest
INFO: MockWebServer[50775] received request: GET / HTTP/1.1 and responded: HTTP/1.1 200 OK
Apr 05, 2016 3:17:26 PM okhttp3.mockwebserver.MockWebServer$3 execute
INFO: MockWebServer[55138] starting to accept connections
Apr 05, 2016 3:17:26 PM okhttp3.mockwebserver.MockWebServer$3 acceptConnections
INFO: MockWebServer[55138] done accepting connections: Socket closed
Apr 05, 2016 3:17:26 PM okhttp3.mockwebserver.MockWebServer$4 processOneRequest
INFO: MockWebServer[55138] received request: GET / HTTP/1.1 and responded: HTTP/1.1 200 OK
Apr 05, 2016 3:17:26 PM okhttp3.mockwebserver.MockWebServer$3 execute
INFO: MockWebServer[36308] starting to accept connections
Apr 05, 2016 3:17:26 PM okhttp3.mockwebserver.MockWebServer$4 processOneRequest
INFO: MockWebServer[36308] received request: GET / HTTP/1.1 and responded: HTTP/1.1 205 Nothin
Apr 05, 2016 3:17:26 PM okhttp3.mockwebserver.MockWebServer$3 acceptConnections
INFO: MockWebServer[36308] done accepting connections: Socket closed
Apr 05, 2016 3:17:26 PM okhttp3.mockwebserver.MockWebServer$3 execute
INFO: MockWebServer[41501] starting to accept connections
Apr 05, 2016 3:17:26 PM okhttp3.mockwebserver.MockWebServer$4 processOneRequest
INFO: MockWebServer[41501] received request: GET / HTTP/1.1 and responded: HTTP/1.1 200 OK
Apr 05, 2016 3:17:26 PM okhttp3.mockwebserver.MockWebServer$4 processOneRequest
INFO: MockWebServer[41501] received request: GET / HTTP/1.1 and responded: HTTP/1.1 200 OK
Apr 05, 2016 3:17:26 PM okhttp3.mockwebserver.MockWebServer$3 acceptConnections
INFO: MockWebServer[41501] done accepting connections: Socket closed
Apr 05, 2016 3:17:26 PM okhttp3.mockwebserver.MockWebServer$3 execute
INFO: MockWebServer[45127] starting to accept connections
Apr 05, 2016 3:17:26 PM okhttp3.mockwebserver.MockWebServer$3 acceptConnections
INFO: MockWebServer[45127] done accepting connections: Socket closed
Apr 05, 2016 3:17:26 PM okhttp3.mockwebserver.MockWebServer$4 processOneRequest
INFO: MockWebServer[45127] received request: GET / HTTP/1.1 and responded: HTTP/1.1 200 OK
Apr 05, 2016 3:17:26 PM okhttp3.mockwebserver.MockWebServer$3 execute
INFO: MockWebServer[55244] starting to accept connections
Apr 05, 2016 3:17:26 PM okhttp3.mockwebserver.MockWebServer$3 acceptConnections
INFO: MockWebServer[55244] done accepting connections: Socket is closed
Apr 05, 2016 3:17:26 PM okhttp3.mockwebserver.MockWebServer$3 execute
INFO: MockWebServer[56965] starting to accept connections
Apr 05, 2016 3:17:26 PM okhttp3.mockwebserver.MockWebServer$3 acceptConnections
INFO: MockWebServer[56965] done accepting connections: Socket closed
Apr 05, 2016 3:17:26 PM okhttp3.mockwebserver.MockWebServer$3 execute
INFO: MockWebServer[58657] starting to accept connections
Apr 05, 2016 3:17:26 PM okhttp3.mockwebserver.MockWebServer$3 acceptConnections
INFO: MockWebServer[58657] done accepting connections: Socket closed
Apr 05, 2016 3:17:26 PM okhttp3.mockwebserver.MockWebServer$3 execute
INFO: MockWebServer[60461] starting to accept connections
Apr 05, 2016 3:17:26 PM okhttp3.mockwebserver.MockWebServer$3 acceptConnections
INFO: MockWebServer[60461] done accepting connections: Socket closed
Apr 05, 2016 3:17:26 PM okhttp3.mockwebserver.MockWebServer$4 processOneRequest
INFO: MockWebServer[60461] received request: GET / HTTP/1.1 and responded: HTTP/1.1 200 OK
Apr 05, 2016 3:17:26 PM okhttp3.mockwebserver.MockWebServer$3 execute
INFO: MockWebServer[51686] starting to accept connections
Apr 05, 2016 3:17:26 PM okhttp3.mockwebserver.MockWebServer$3 acceptConnections
INFO: MockWebServer[51686] done accepting connections: Socket closed
Apr 05, 2016 3:17:26 PM okhttp3.mockwebserver.MockWebServer$4 processOneRequest
INFO: MockWebServer[51686] received request: GET / HTTP/1.1 and responded: HTTP/1.1 200 OK
Apr 05, 2016 3:17:26 PM okhttp3.mockwebserver.MockWebServer$3 execute
INFO: MockWebServer[43965] starting to accept connections
Apr 05, 2016 3:17:26 PM okhttp3.mockwebserver.MockWebServer$3 acceptConnections
INFO: MockWebServer[43965] done accepting connections: Socket closed
Apr 05, 2016 3:17:26 PM okhttp3.mockwebserver.MockWebServer$4 processOneRequest
INFO: MockWebServer[43965] received request: GET / HTTP/1.1 and responded: HTTP/1.1 200 OK
Tests run: 34, Failures: 0, Errors: 0, Skipped: 0, Time elapsed: 2.536 sec
Running retrofit2.RequestBuilderTest
Tests run: 131, Failures: 0, Errors: 0, Skipped: 2, Time elapsed: 0.476 sec
Running retrofit2.ExecutorCallAdapterFactoryTest
Tests run: 7, Failures: 0, Errors: 0, Skipped: 0, Time elapsed: 0.34 sec
Running retrofit2.ServiceMethodTest
Tests run: 1, Failures: 0, Errors: 0, Skipped: 0, Time elapsed: 0.004 sec
Running retrofit2.RetrofitTest
Apr 05, 2016 3:17:27 PM okhttp3.mockwebserver.MockWebServer$3 execute
INFO: MockWebServer[57632] starting to accept connections
Apr 05, 2016 3:17:27 PM okhttp3.mockwebserver.MockWebServer$3 acceptConnections
INFO: MockWebServer[57632] done accepting connections: Socket is closed
Apr 05, 2016 3:17:27 PM okhttp3.mockwebserver.MockWebServer$3 execute
INFO: MockWebServer[54961] starting to accept connections
Apr 05, 2016 3:17:27 PM okhttp3.mockwebserver.MockWebServer$3 acceptConnections
INFO: MockWebServer[54961] done accepting connections: Socket is closed
Apr 05, 2016 3:17:27 PM okhttp3.mockwebserver.MockWebServer$3 execute
INFO: MockWebServer[41147] starting to accept connections
Apr 05, 2016 3:17:27 PM okhttp3.mockwebserver.MockWebServer$3 acceptConnections
INFO: MockWebServer[41147] done accepting connections: Socket is closed
Apr 05, 2016 3:17:27 PM okhttp3.mockwebserver.MockWebServer$3 execute
INFO: MockWebServer[53680] starting to accept connections
Apr 05, 2016 3:17:27 PM okhttp3.mockwebserver.MockWebServer$3 acceptConnections
INFO: MockWebServer[53680] done accepting connections: Socket is closed
Apr 05, 2016 3:17:27 PM okhttp3.mockwebserver.MockWebServer$3 execute
INFO: MockWebServer[59203] starting to accept connections
Apr 05, 2016 3:17:27 PM okhttp3.mockwebserver.MockWebServer$3 acceptConnections
INFO: MockWebServer[59203] done accepting connections: Socket is closed
Apr 05, 2016 3:17:27 PM okhttp3.mockwebserver.MockWebServer$3 execute
INFO: MockWebServer[42574] starting to accept connections
Apr 05, 2016 3:17:27 PM okhttp3.mockwebserver.MockWebServer$3 acceptConnections
INFO: MockWebServer[42574] done accepting connections: Socket closed
Apr 05, 2016 3:17:27 PM okhttp3.mockwebserver.MockWebServer$4 processOneRequest
INFO: MockWebServer[42574] received request: GET / HTTP/1.1 and responded: HTTP/1.1 200 OK
Apr 05, 2016 3:17:27 PM okhttp3.mockwebserver.MockWebServer$3 execute
INFO: MockWebServer[50246] starting to accept connections
Apr 05, 2016 3:17:27 PM okhttp3.mockwebserver.MockWebServer$3 acceptConnections
INFO: MockWebServer[50246] done accepting connections: Socket is closed
Apr 05, 2016 3:17:27 PM okhttp3.mockwebserver.MockWebServer$3 execute
INFO: MockWebServer[54838] starting to accept connections
Apr 05, 2016 3:17:27 PM okhttp3.mockwebserver.MockWebServer$3 acceptConnections
INFO: MockWebServer[54838] done accepting connections: Socket is closed
Apr 05, 2016 3:17:27 PM okhttp3.mockwebserver.MockWebServer$3 execute
INFO: MockWebServer[45636] starting to accept connections
Apr 05, 2016 3:17:27 PM okhttp3.mockwebserver.MockWebServer$3 acceptConnections
INFO: MockWebServer[45636] done accepting connections: Socket is closed
Apr 05, 2016 3:17:27 PM okhttp3.mockwebserver.MockWebServer$3 execute
INFO: MockWebServer[48411] starting to accept connections
Apr 05, 2016 3:17:27 PM okhttp3.mockwebserver.MockWebServer$3 acceptConnections
INFO: MockWebServer[48411] done accepting connections: Socket is closed
Apr 05, 2016 3:17:27 PM okhttp3.mockwebserver.MockWebServer$3 execute
INFO: MockWebServer[42347] starting to accept connections
Apr 05, 2016 3:17:27 PM okhttp3.mockwebserver.MockWebServer$3 acceptConnections
INFO: MockWebServer[42347] done accepting connections: Socket is closed
Apr 05, 2016 3:17:27 PM okhttp3.mockwebserver.MockWebServer$3 execute
INFO: MockWebServer[42080] starting to accept connections
Apr 05, 2016 3:17:27 PM okhttp3.mockwebserver.MockWebServer$3 acceptConnections
INFO: MockWebServer[42080] done accepting connections: Socket is closed
Apr 05, 2016 3:17:27 PM okhttp3.mockwebserver.MockWebServer$3 execute
INFO: MockWebServer[60163] starting to accept connections
Apr 05, 2016 3:17:27 PM okhttp3.mockwebserver.MockWebServer$3 acceptConnections
INFO: MockWebServer[60163] done accepting connections: Socket closed
Apr 05, 2016 3:17:27 PM okhttp3.mockwebserver.MockWebServer$3 execute
INFO: MockWebServer[42101] starting to accept connections
Apr 05, 2016 3:17:27 PM okhttp3.mockwebserver.MockWebServer$3 acceptConnections
INFO: MockWebServer[42101] done accepting connections: Socket is closed
Apr 05, 2016 3:17:27 PM okhttp3.mockwebserver.MockWebServer$3 execute
INFO: MockWebServer[34134] starting to accept connections
Apr 05, 2016 3:17:27 PM okhttp3.mockwebserver.MockWebServer$3 acceptConnections
INFO: MockWebServer[34134] done accepting connections: Socket closed
Apr 05, 2016 3:17:27 PM okhttp3.mockwebserver.MockWebServer$3 execute
INFO: MockWebServer[34839] starting to accept connections
Apr 05, 2016 3:17:27 PM okhttp3.mockwebserver.MockWebServer$3 acceptConnections
INFO: MockWebServer[34839] done accepting connections: Socket closed
Apr 05, 2016 3:17:27 PM okhttp3.mockwebserver.MockWebServer$4 processOneRequest
INFO: MockWebServer[34839] received request: GET / HTTP/1.1 and responded: HTTP/1.1 200 OK
Apr 05, 2016 3:17:27 PM okhttp3.mockwebserver.MockWebServer$3 execute
INFO: MockWebServer[50641] starting to accept connections
Apr 05, 2016 3:17:27 PM okhttp3.mockwebserver.MockWebServer$3 acceptConnections
INFO: MockWebServer[50641] done accepting connections: Socket is closed
Apr 05, 2016 3:17:28 PM okhttp3.mockwebserver.MockWebServer$3 execute
INFO: MockWebServer[55712] starting to accept connections
Apr 05, 2016 3:17:28 PM okhttp3.mockwebserver.MockWebServer$3 acceptConnections
INFO: MockWebServer[55712] done accepting connections: Socket is closed
Apr 05, 2016 3:17:28 PM okhttp3.mockwebserver.MockWebServer$3 execute
INFO: MockWebServer[59352] starting to accept connections
Apr 05, 2016 3:17:28 PM okhttp3.mockwebserver.MockWebServer$3 acceptConnections
INFO: MockWebServer[59352] done accepting connections: Socket closed
Apr 05, 2016 3:17:28 PM okhttp3.mockwebserver.MockWebServer$4 processOneRequest
INFO: MockWebServer[59352] received request: GET / HTTP/1.1 and responded: HTTP/1.1 200 OK
Apr 05, 2016 3:17:28 PM okhttp3.mockwebserver.MockWebServer$3 execute
INFO: MockWebServer[34902] starting to accept connections
Apr 05, 2016 3:17:28 PM okhttp3.mockwebserver.MockWebServer$3 acceptConnections
INFO: MockWebServer[34902] done accepting connections: Socket closed
Apr 05, 2016 3:17:28 PM okhttp3.mockwebserver.MockWebServer$3 execute
INFO: MockWebServer[50708] starting to accept connections
Apr 05, 2016 3:17:28 PM okhttp3.mockwebserver.MockWebServer$4 processOneRequest
INFO: MockWebServer[50708] received request: POST / HTTP/1.1 and responded: HTTP/1.1 200 OK
Apr 05, 2016 3:17:28 PM okhttp3.mockwebserver.MockWebServer$3 acceptConnections
INFO: MockWebServer[50708] done accepting connections: Socket closed
Apr 05, 2016 3:17:28 PM okhttp3.mockwebserver.MockWebServer$3 execute
INFO: MockWebServer[54946] starting to accept connections
Apr 05, 2016 3:17:28 PM okhttp3.mockwebserver.MockWebServer$3 acceptConnections
INFO: MockWebServer[54946] done accepting connections: Socket is closed
Apr 05, 2016 3:17:28 PM okhttp3.mockwebserver.MockWebServer$3 execute
INFO: MockWebServer[60014] starting to accept connections
Apr 05, 2016 3:17:28 PM okhttp3.mockwebserver.MockWebServer$3 acceptConnections
INFO: MockWebServer[60014] done accepting connections: Socket is closed
Apr 05, 2016 3:17:28 PM okhttp3.mockwebserver.MockWebServer$3 execute
INFO: MockWebServer[57796] starting to accept connections
Apr 05, 2016 3:17:28 PM okhttp3.mockwebserver.MockWebServer$3 acceptConnections
INFO: MockWebServer[57796] done accepting connections: Socket is closed
Apr 05, 2016 3:17:28 PM okhttp3.mockwebserver.MockWebServer$3 execute
INFO: MockWebServer[52352] starting to accept connections
Apr 05, 2016 3:17:28 PM okhttp3.mockwebserver.MockWebServer$3 acceptConnections
INFO: MockWebServer[52352] done accepting connections: Socket is closed
Apr 05, 2016 3:17:28 PM okhttp3.mockwebserver.MockWebServer$3 execute
INFO: MockWebServer[33982] starting to accept connections
Apr 05, 2016 3:17:28 PM okhttp3.mockwebserver.MockWebServer$3 acceptConnections
INFO: MockWebServer[33982] done accepting connections: Socket is closed
Apr 05, 2016 3:17:28 PM okhttp3.mockwebserver.MockWebServer$3 execute
INFO: MockWebServer[49516] starting to accept connections
Apr 05, 2016 3:17:28 PM okhttp3.mockwebserver.MockWebServer$3 acceptConnections
INFO: MockWebServer[49516] done accepting connections: Socket is closed
Apr 05, 2016 3:17:28 PM okhttp3.mockwebserver.MockWebServer$3 execute
INFO: MockWebServer[40221] starting to accept connections
Apr 05, 2016 3:17:28 PM okhttp3.mockwebserver.MockWebServer$3 acceptConnections
INFO: MockWebServer[40221] done accepting connections: Socket is closed
Apr 05, 2016 3:17:28 PM okhttp3.mockwebserver.MockWebServer$3 execute
INFO: MockWebServer[33278] starting to accept connections
Apr 05, 2016 3:17:28 PM okhttp3.mockwebserver.MockWebServer$3 acceptConnections
INFO: MockWebServer[33278] done accepting connections: Socket closed
Apr 05, 2016 3:17:28 PM okhttp3.mockwebserver.MockWebServer$4 processOneRequest
INFO: MockWebServer[33278] received request: GET / HTTP/1.1 and responded: HTTP/1.1 200 OK
Apr 05, 2016 3:17:28 PM okhttp3.mockwebserver.MockWebServer$3 execute
INFO: MockWebServer[36949] starting to accept connections
Apr 05, 2016 3:17:28 PM okhttp3.mockwebserver.MockWebServer$3 acceptConnections
INFO: MockWebServer[36949] done accepting connections: Socket is closed
Apr 05, 2016 3:17:28 PM okhttp3.mockwebserver.MockWebServer$3 execute
INFO: MockWebServer[36479] starting to accept connections
Apr 05, 2016 3:17:28 PM okhttp3.mockwebserver.MockWebServer$3 acceptConnections
INFO: MockWebServer[36479] done accepting connections: Socket is closed
Apr 05, 2016 3:17:28 PM okhttp3.mockwebserver.MockWebServer$3 execute
INFO: MockWebServer[50058] starting to accept connections
Apr 05, 2016 3:17:28 PM okhttp3.mockwebserver.MockWebServer$3 acceptConnections
INFO: MockWebServer[50058] done accepting connections: Socket is closed
Apr 05, 2016 3:17:28 PM okhttp3.mockwebserver.MockWebServer$3 execute
INFO: MockWebServer[57401] starting to accept connections
Apr 05, 2016 3:17:28 PM okhttp3.mockwebserver.MockWebServer$3 acceptConnections
INFO: MockWebServer[57401] done accepting connections: Socket is closed
Apr 05, 2016 3:17:28 PM okhttp3.mockwebserver.MockWebServer$3 execute
INFO: MockWebServer[38992] starting to accept connections
Apr 05, 2016 3:17:28 PM okhttp3.mockwebserver.MockWebServer$4 processOneRequest
INFO: MockWebServer[38992] received request: GET / HTTP/1.1 and responded: HTTP/1.1 200 OK
Apr 05, 2016 3:17:28 PM okhttp3.mockwebserver.MockWebServer$4 processOneRequest
INFO: MockWebServer[38992] received request: GET / HTTP/1.1 and responded: HTTP/1.1 200 OK
Apr 05, 2016 3:17:28 PM okhttp3.mockwebserver.MockWebServer$3 acceptConnections
INFO: MockWebServer[38992] done accepting connections: Socket closed
Apr 05, 2016 3:17:28 PM okhttp3.mockwebserver.MockWebServer$3 execute
INFO: MockWebServer[36548] starting to accept connections
Apr 05, 2016 3:17:28 PM okhttp3.mockwebserver.MockWebServer$3 acceptConnections
INFO: MockWebServer[36548] done accepting connections: Socket is closed
Apr 05, 2016 3:17:28 PM okhttp3.mockwebserver.MockWebServer$3 execute
INFO: MockWebServer[42317] starting to accept connections
Apr 05, 2016 3:17:28 PM okhttp3.mockwebserver.MockWebServer$3 acceptConnections
INFO: MockWebServer[42317] done accepting connections: Socket is closed
Apr 05, 2016 3:17:28 PM okhttp3.mockwebserver.MockWebServer$3 execute
INFO: MockWebServer[55877] starting to accept connections
Apr 05, 2016 3:17:28 PM okhttp3.mockwebserver.MockWebServer$3 acceptConnections
INFO: MockWebServer[55877] done accepting connections: Socket is closed
Apr 05, 2016 3:17:28 PM okhttp3.mockwebserver.MockWebServer$3 execute
INFO: MockWebServer[50865] starting to accept connections
Apr 05, 2016 3:17:28 PM okhttp3.mockwebserver.MockWebServer$3 acceptConnections
INFO: MockWebServer[50865] done accepting connections: Socket closed
Apr 05, 2016 3:17:28 PM okhttp3.mockwebserver.MockWebServer$3 execute
INFO: MockWebServer[60624] starting to accept connections
Apr 05, 2016 3:17:28 PM okhttp3.mockwebserver.MockWebServer$3 acceptConnections
INFO: MockWebServer[60624] done accepting connections: Socket is closed
Apr 05, 2016 3:17:28 PM okhttp3.mockwebserver.MockWebServer$3 execute
INFO: MockWebServer[60405] starting to accept connections
Apr 05, 2016 3:17:28 PM okhttp3.mockwebserver.MockWebServer$3 acceptConnections
INFO: MockWebServer[60405] done accepting connections: Socket is closed
Apr 05, 2016 3:17:28 PM okhttp3.mockwebserver.MockWebServer$3 execute
INFO: MockWebServer[47980] starting to accept connections
Apr 05, 2016 3:17:28 PM okhttp3.mockwebserver.MockWebServer$3 acceptConnections
INFO: MockWebServer[47980] done accepting connections: Socket closed
Apr 05, 2016 3:17:28 PM okhttp3.mockwebserver.MockWebServer$3 execute
INFO: MockWebServer[46524] starting to accept connections
Apr 05, 2016 3:17:28 PM okhttp3.mockwebserver.MockWebServer$3 acceptConnections
INFO: MockWebServer[46524] done accepting connections: Socket is closed
Apr 05, 2016 3:17:28 PM okhttp3.mockwebserver.MockWebServer$3 execute
INFO: MockWebServer[43019] starting to accept connections
Apr 05, 2016 3:17:28 PM okhttp3.mockwebserver.MockWebServer$3 acceptConnections
INFO: MockWebServer[43019] done accepting connections: Socket closed
Apr 05, 2016 3:17:28 PM okhttp3.mockwebserver.MockWebServer$3 execute
INFO: MockWebServer[50389] starting to accept connections
Apr 05, 2016 3:17:28 PM okhttp3.mockwebserver.MockWebServer$3 acceptConnections
INFO: MockWebServer[50389] done accepting connections: Socket is closed
Apr 05, 2016 3:17:28 PM okhttp3.mockwebserver.MockWebServer$3 execute
INFO: MockWebServer[35459] starting to accept connections
Apr 05, 2016 3:17:28 PM okhttp3.mockwebserver.MockWebServer$3 acceptConnections
INFO: MockWebServer[35459] done accepting connections: Socket is closed
Apr 05, 2016 3:17:28 PM okhttp3.mockwebserver.MockWebServer$3 execute
INFO: MockWebServer[46167] starting to accept connections
Apr 05, 2016 3:17:28 PM okhttp3.mockwebserver.MockWebServer$3 acceptConnections
INFO: MockWebServer[46167] done accepting connections: Socket is closed
Apr 05, 2016 3:17:28 PM okhttp3.mockwebserver.MockWebServer$3 execute
INFO: MockWebServer[53155] starting to accept connections
Apr 05, 2016 3:17:28 PM okhttp3.mockwebserver.MockWebServer$4 processOneRequest
INFO: MockWebServer[53155] received request: GET /?i=101 HTTP/1.1 and responded: HTTP/1.1 200 OK
Apr 05, 2016 3:17:28 PM okhttp3.mockwebserver.MockWebServer$4 processOneRequest
INFO: MockWebServer[53155] received request: GET /?i=201 HTTP/1.1 and responded: HTTP/1.1 200 OK
Apr 05, 2016 3:17:28 PM okhttp3.mockwebserver.MockWebServer$3 acceptConnections
INFO: MockWebServer[53155] done accepting connections: Socket closed
Apr 05, 2016 3:17:28 PM okhttp3.mockwebserver.MockWebServer$3 execute
INFO: MockWebServer[53751] starting to accept connections
Apr 05, 2016 3:17:28 PM okhttp3.mockwebserver.MockWebServer$3 acceptConnections
INFO: MockWebServer[53751] done accepting connections: Socket closed
Apr 05, 2016 3:17:28 PM okhttp3.mockwebserver.MockWebServer$3 execute
INFO: MockWebServer[60918] starting to accept connections
Apr 05, 2016 3:17:28 PM okhttp3.mockwebserver.MockWebServer$3 acceptConnections
INFO: MockWebServer[60918] done accepting connections: Socket is closed
Apr 05, 2016 3:17:28 PM okhttp3.mockwebserver.MockWebServer$3 execute
INFO: MockWebServer[60806] starting to accept connections
Apr 05, 2016 3:17:28 PM okhttp3.mockwebserver.MockWebServer$3 acceptConnections
INFO: MockWebServer[60806] done accepting connections: Socket is closed
Apr 05, 2016 3:17:28 PM okhttp3.mockwebserver.MockWebServer$3 execute
INFO: MockWebServer[58989] starting to accept connections
Apr 05, 2016 3:17:28 PM okhttp3.mockwebserver.MockWebServer$3 acceptConnections
INFO: MockWebServer[58989] done accepting connections: Socket is closed
Apr 05, 2016 3:17:28 PM okhttp3.mockwebserver.MockWebServer$3 execute
INFO: MockWebServer[37796] starting to accept connections
Apr 05, 2016 3:17:28 PM okhttp3.mockwebserver.MockWebServer$3 acceptConnections
INFO: MockWebServer[37796] done accepting connections: Socket is closed
Apr 05, 2016 3:17:28 PM okhttp3.mockwebserver.MockWebServer$3 execute
INFO: MockWebServer[44228] starting to accept connections
Apr 05, 2016 3:17:28 PM okhttp3.mockwebserver.MockWebServer$3 acceptConnections
INFO: MockWebServer[44228] done accepting connections: Socket is closed
Apr 05, 2016 3:17:28 PM okhttp3.mockwebserver.MockWebServer$3 execute
INFO: MockWebServer[53842] starting to accept connections
Apr 05, 2016 3:17:28 PM okhttp3.mockwebserver.MockWebServer$3 acceptConnections
INFO: MockWebServer[53842] done accepting connections: Socket is closed
Apr 05, 2016 3:17:28 PM okhttp3.mockwebserver.MockWebServer$3 execute
INFO: MockWebServer[48069] starting to accept connections
Apr 05, 2016 3:17:28 PM okhttp3.mockwebserver.MockWebServer$3 acceptConnections
INFO: MockWebServer[48069] done accepting connections: Socket is closed
Apr 05, 2016 3:17:28 PM okhttp3.mockwebserver.MockWebServer$3 execute
INFO: MockWebServer[59137] starting to accept connections
Apr 05, 2016 3:17:28 PM okhttp3.mockwebserver.MockWebServer$3 acceptConnections
INFO: MockWebServer[59137] done accepting connections: Socket is closed
Apr 05, 2016 3:17:28 PM okhttp3.mockwebserver.MockWebServer$3 execute
INFO: MockWebServer[33838] starting to accept connections
Apr 05, 2016 3:17:28 PM okhttp3.mockwebserver.MockWebServer$3 acceptConnections
INFO: MockWebServer[33838] done accepting connections: Socket is closed
Apr 05, 2016 3:17:28 PM okhttp3.mockwebserver.MockWebServer$3 execute
INFO: MockWebServer[39662] starting to accept connections
Apr 05, 2016 3:17:28 PM okhttp3.mockwebserver.MockWebServer$3 acceptConnections
INFO: MockWebServer[39662] done accepting connections: Socket is closed
Apr 05, 2016 3:17:28 PM okhttp3.mockwebserver.MockWebServer$3 execute
INFO: MockWebServer[35144] starting to accept connections
Apr 05, 2016 3:17:28 PM okhttp3.mockwebserver.MockWebServer$3 acceptConnections
INFO: MockWebServer[35144] done accepting connections: Socket is closed
Apr 05, 2016 3:17:28 PM okhttp3.mockwebserver.MockWebServer$3 execute
INFO: MockWebServer[41411] starting to accept connections
Apr 05, 2016 3:17:28 PM okhttp3.mockwebserver.MockWebServer$3 acceptConnections
INFO: MockWebServer[41411] done accepting connections: Socket is closed
Apr 05, 2016 3:17:28 PM okhttp3.mockwebserver.MockWebServer$3 execute
INFO: MockWebServer[35513] starting to accept connections
Apr 05, 2016 3:17:28 PM okhttp3.mockwebserver.MockWebServer$3 acceptConnections
INFO: MockWebServer[35513] done accepting connections: Socket is closed
Apr 05, 2016 3:17:28 PM okhttp3.mockwebserver.MockWebServer$3 execute
INFO: MockWebServer[59229] starting to accept connections
Apr 05, 2016 3:17:28 PM okhttp3.mockwebserver.MockWebServer$3 acceptConnections
INFO: MockWebServer[59229] done accepting connections: Socket is closed
Apr 05, 2016 3:17:28 PM okhttp3.mockwebserver.MockWebServer$3 execute
INFO: MockWebServer[54050] starting to accept connections
Apr 05, 2016 3:17:28 PM okhttp3.mockwebserver.MockWebServer$3 acceptConnections
INFO: MockWebServer[54050] done accepting connections: Socket is closed
Apr 05, 2016 3:17:28 PM okhttp3.mockwebserver.MockWebServer$3 execute
INFO: MockWebServer[44649] starting to accept connections
Apr 05, 2016 3:17:28 PM okhttp3.mockwebserver.MockWebServer$3 acceptConnections
INFO: MockWebServer[44649] done accepting connections: Socket is closed
Tests run: 64, Failures: 0, Errors: 0, Skipped: 0, Time elapsed: 1.184 sec
Running retrofit2.RequestBuilderAndroidTest
WARNING: No manifest file found at ./AndroidManifest.xml.Falling back to the Android OS resources only.
To remove this warning, annotate your test class with @Config(manifest=Config.NONE).
WARNING: No manifest file found at ./AndroidManifest.xml.Falling back to the Android OS resources only.
To remove this warning, annotate your test class with @Config(manifest=Config.NONE).
Tests run: 2, Failures: 0, Errors: 0, Skipped: 0, Time elapsed: 9.016 sec
Running retrofit2.ResponseTest
Tests run: 14, Failures: 0, Errors: 0, Skipped: 0, Time elapsed: 0.047 sec

Results :

Tests run: 253, Failures: 0, Errors: 0, Skipped: 2

[INFO] 
[INFO] --- animal-sniffer-maven-plugin:1.14:check (default) @ retrofit ---
[INFO] Checking unresolved references to org.codehaus.mojo.signature:java16:1.1
[INFO]                                                                         
[INFO] ------------------------------------------------------------------------
[INFO] Building Adapters 2.0.2-SNAPSHOT
[INFO] ------------------------------------------------------------------------
[INFO] 
[INFO] --- maven-enforcer-plugin:1.0:enforce (enforce-maven) @ retrofit-adapters ---
[INFO] 
[INFO] --- animal-sniffer-maven-plugin:1.14:check (default) @ retrofit-adapters ---
[INFO] Checking unresolved references to org.codehaus.mojo.signature:java16:1.1
[INFO]                                                                         
[INFO] ------------------------------------------------------------------------
[INFO] Building Adapter: Guava 2.0.2-SNAPSHOT
[INFO] ------------------------------------------------------------------------
[INFO] 
[INFO] --- maven-enforcer-plugin:1.0:enforce (enforce-maven) @ adapter-guava ---
[INFO] 
[INFO] --- maven-resources-plugin:2.6:resources (default-resources) @ adapter-guava ---
[INFO] Using 'UTF-8' encoding to copy filtered resources.
[INFO] skip non existing resourceDirectory /home/travis/build/square/retrofit/retrofit-adapters/guava/src/main/resources
[INFO] 
[INFO] --- maven-compiler-plugin:3.0:compile (default-compile) @ adapter-guava ---
[INFO] Changes detected - recompiling the module!
[INFO] Compiling 2 source files to /home/travis/build/square/retrofit/retrofit-adapters/guava/target/classes
[INFO] 
[INFO] --- maven-resources-plugin:2.6:testResources (default-testResources) @ adapter-guava ---
[INFO] Using 'UTF-8' encoding to copy filtered resources.
[INFO] skip non existing resourceDirectory /home/travis/build/square/retrofit/retrofit-adapters/guava/src/test/resources
[INFO] 
[INFO] --- maven-compiler-plugin:3.0:testCompile (default-testCompile) @ adapter-guava ---
[INFO] Changes detected - recompiling the module!
[INFO] Compiling 3 source files to /home/travis/build/square/retrofit/retrofit-adapters/guava/target/test-classes
[INFO] 
[INFO] --- maven-surefire-plugin:2.12.4:test (default-test) @ adapter-guava ---
[INFO] Surefire report directory: /home/travis/build/square/retrofit/retrofit-adapters/guava/target/surefire-reports

-------------------------------------------------------
 T E S T S
-------------------------------------------------------
Running retrofit2.adapter.guava.ListenableFutureTest
Apr 05, 2016 3:17:41 PM okhttp3.mockwebserver.MockWebServer$3 execute
INFO: MockWebServer[58302] starting to accept connections
Apr 05, 2016 3:17:41 PM okhttp3.mockwebserver.MockWebServer$4 processOneRequest
INFO: MockWebServer[58302] received request: GET / HTTP/1.1 and responded: HTTP/1.1 200 OK
Apr 05, 2016 3:17:41 PM okhttp3.mockwebserver.MockWebServer$3 acceptConnections
INFO: MockWebServer[58302] done accepting connections: Socket closed
Apr 05, 2016 3:17:41 PM okhttp3.mockwebserver.MockWebServer$3 execute
INFO: MockWebServer[37696] starting to accept connections
Apr 05, 2016 3:17:41 PM okhttp3.mockwebserver.MockWebServer$4 processOneRequest
INFO: MockWebServer[37696] received request: GET / HTTP/1.1 and responded: HTTP/1.1 404 Client Error
Apr 05, 2016 3:17:41 PM okhttp3.mockwebserver.MockWebServer$3 acceptConnections
INFO: MockWebServer[37696] done accepting connections: Socket closed
Apr 05, 2016 3:17:41 PM okhttp3.mockwebserver.MockWebServer$3 execute
INFO: MockWebServer[40651] starting to accept connections
Apr 05, 2016 3:17:41 PM okhttp3.mockwebserver.MockWebServer$3 acceptConnections
INFO: MockWebServer[40651] done accepting connections: Socket closed
Apr 05, 2016 3:17:41 PM okhttp3.mockwebserver.MockWebServer$4 processConnection
WARNING: MockWebServer[40651] connection from /127.0.0.1 didn't make a request
Apr 05, 2016 3:17:41 PM okhttp3.mockwebserver.MockWebServer$3 execute
INFO: MockWebServer[48502] starting to accept connections
Apr 05, 2016 3:17:41 PM okhttp3.mockwebserver.MockWebServer$4 processOneRequest
INFO: MockWebServer[48502] received request: GET / HTTP/1.1 and responded: HTTP/1.1 200 OK
Apr 05, 2016 3:17:41 PM okhttp3.mockwebserver.MockWebServer$3 acceptConnections
INFO: MockWebServer[48502] done accepting connections: Socket closed
Apr 05, 2016 3:17:41 PM okhttp3.mockwebserver.MockWebServer$3 execute
INFO: MockWebServer[47260] starting to accept connections
Apr 05, 2016 3:17:41 PM okhttp3.mockwebserver.MockWebServer$4 processOneRequest
INFO: MockWebServer[47260] received request: GET / HTTP/1.1 and responded: HTTP/1.1 404 Client Error
Apr 05, 2016 3:17:41 PM okhttp3.mockwebserver.MockWebServer$3 acceptConnections
INFO: MockWebServer[47260] done accepting connections: Socket closed
Apr 05, 2016 3:17:41 PM okhttp3.mockwebserver.MockWebServer$3 execute
INFO: MockWebServer[51846] starting to accept connections
Apr 05, 2016 3:17:41 PM okhttp3.mockwebserver.MockWebServer$4 processConnection
WARNING: MockWebServer[51846] connection from /127.0.0.1 didn't make a request
Apr 05, 2016 3:17:41 PM okhttp3.mockwebserver.MockWebServer$3 acceptConnections
INFO: MockWebServer[51846] done accepting connections: Socket closed
Tests run: 6, Failures: 0, Errors: 0, Skipped: 0, Time elapsed: 0.875 sec
Running retrofit2.adapter.guava.GuavaCallAdapterFactoryTest
Apr 05, 2016 3:17:41 PM okhttp3.mockwebserver.MockWebServer$3 execute
INFO: MockWebServer[46698] starting to accept connections
Apr 05, 2016 3:17:41 PM okhttp3.mockwebserver.MockWebServer$3 acceptConnections
INFO: MockWebServer[46698] done accepting connections: Socket closed
Apr 05, 2016 3:17:41 PM okhttp3.mockwebserver.MockWebServer$3 execute
INFO: MockWebServer[57413] starting to accept connections
Apr 05, 2016 3:17:41 PM okhttp3.mockwebserver.MockWebServer$3 acceptConnections
INFO: MockWebServer[57413] done accepting connections: Socket is closed
Apr 05, 2016 3:17:41 PM okhttp3.mockwebserver.MockWebServer$3 execute
INFO: MockWebServer[42317] starting to accept connections
Apr 05, 2016 3:17:41 PM okhttp3.mockwebserver.MockWebServer$3 acceptConnections
INFO: MockWebServer[42317] done accepting connections: Socket is closed
Apr 05, 2016 3:17:41 PM okhttp3.mockwebserver.MockWebServer$3 execute
INFO: MockWebServer[60874] starting to accept connections
Apr 05, 2016 3:17:41 PM okhttp3.mockwebserver.MockWebServer$3 acceptConnections
INFO: MockWebServer[60874] done accepting connections: Socket closed
Tests run: 4, Failures: 0, Errors: 0, Skipped: 0, Time elapsed: 0.071 sec

Results :

Tests run: 10, Failures: 0, Errors: 0, Skipped: 0

[INFO] 
[INFO] --- animal-sniffer-maven-plugin:1.14:check (default) @ adapter-guava ---
[INFO] Checking unresolved references to org.codehaus.mojo.signature:java16:1.1
[INFO]                                                                         
[INFO] ------------------------------------------------------------------------
[INFO] Building Adapter: Java 8 2.0.2-SNAPSHOT
[INFO] ------------------------------------------------------------------------
[INFO] 
[INFO] --- maven-enforcer-plugin:1.0:enforce (enforce-maven) @ adapter-java8 ---
[INFO] 
[INFO] --- maven-resources-plugin:2.6:resources (default-resources) @ adapter-java8 ---
[INFO] Using 'UTF-8' encoding to copy filtered resources.
[INFO] skip non existing resourceDirectory /home/travis/build/square/retrofit/retrofit-adapters/java8/src/main/resources
[INFO] 
[INFO] --- maven-compiler-plugin:3.0:compile (default-compile) @ adapter-java8 ---
[INFO] Changes detected - recompiling the module!
[INFO] Compiling 2 source files to /home/travis/build/square/retrofit/retrofit-adapters/java8/target/classes
[INFO] 
[INFO] --- maven-resources-plugin:2.6:testResources (default-testResources) @ adapter-java8 ---
[INFO] Using 'UTF-8' encoding to copy filtered resources.
[INFO] skip non existing resourceDirectory /home/travis/build/square/retrofit/retrofit-adapters/java8/src/test/resources
[INFO] 
[INFO] --- maven-compiler-plugin:3.0:testCompile (default-testCompile) @ adapter-java8 ---
[INFO] Changes detected - recompiling the module!
[INFO] Compiling 3 source files to /home/travis/build/square/retrofit/retrofit-adapters/java8/target/test-classes
[INFO] 
[INFO] --- maven-surefire-plugin:2.12.4:test (default-test) @ adapter-java8 ---
[INFO] Surefire report directory: /home/travis/build/square/retrofit/retrofit-adapters/java8/target/surefire-reports

-------------------------------------------------------
 T E S T S
-------------------------------------------------------
Running retrofit2.adapter.java8.Java8CallAdapterFactoryTest
Apr 05, 2016 3:17:44 PM okhttp3.mockwebserver.MockWebServer$3 execute
INFO: MockWebServer[49161] starting to accept connections
Apr 05, 2016 3:17:44 PM okhttp3.mockwebserver.MockWebServer$3 acceptConnections
INFO: MockWebServer[49161] done accepting connections: Socket closed
Apr 05, 2016 3:17:44 PM okhttp3.mockwebserver.MockWebServer$3 execute
INFO: MockWebServer[33840] starting to accept connections
Apr 05, 2016 3:17:44 PM okhttp3.mockwebserver.MockWebServer$3 acceptConnections
INFO: MockWebServer[33840] done accepting connections: Socket closed
Apr 05, 2016 3:17:44 PM okhttp3.mockwebserver.MockWebServer$3 execute
INFO: MockWebServer[53512] starting to accept connections
Apr 05, 2016 3:17:44 PM okhttp3.mockwebserver.MockWebServer$3 acceptConnections
INFO: MockWebServer[53512] done accepting connections: Socket is closed
Apr 05, 2016 3:17:44 PM okhttp3.mockwebserver.MockWebServer$3 execute
INFO: MockWebServer[52732] starting to accept connections
Apr 05, 2016 3:17:44 PM okhttp3.mockwebserver.MockWebServer$3 acceptConnections
INFO: MockWebServer[52732] done accepting connections: Socket is closed
Tests run: 4, Failures: 0, Errors: 0, Skipped: 0, Time elapsed: 1.043 sec
Running retrofit2.adapter.java8.CompletableFutureTest
Apr 05, 2016 3:17:44 PM okhttp3.mockwebserver.MockWebServer$3 execute
INFO: MockWebServer[36844] starting to accept connections
Apr 05, 2016 3:17:45 PM okhttp3.mockwebserver.MockWebServer$4 processOneRequest
INFO: MockWebServer[36844] received request: GET / HTTP/1.1 and responded: HTTP/1.1 200 OK
Apr 05, 2016 3:17:45 PM okhttp3.mockwebserver.MockWebServer$3 acceptConnections
INFO: MockWebServer[36844] done accepting connections: Socket closed
Apr 05, 2016 3:17:45 PM okhttp3.mockwebserver.MockWebServer$3 execute
INFO: MockWebServer[33416] starting to accept connections
Apr 05, 2016 3:17:45 PM okhttp3.mockwebserver.MockWebServer$4 processOneRequest
INFO: MockWebServer[33416] received request: GET / HTTP/1.1 and responded: HTTP/1.1 404 Client Error
Apr 05, 2016 3:17:45 PM okhttp3.mockwebserver.MockWebServer$3 acceptConnections
INFO: MockWebServer[33416] done accepting connections: Socket closed
Apr 05, 2016 3:17:45 PM okhttp3.mockwebserver.MockWebServer$3 execute
INFO: MockWebServer[47012] starting to accept connections
Apr 05, 2016 3:17:45 PM okhttp3.mockwebserver.MockWebServer$3 acceptConnections
INFO: MockWebServer[47012] done accepting connections: Socket closed
Apr 05, 2016 3:17:45 PM okhttp3.mockwebserver.MockWebServer$4 processConnection
WARNING: MockWebServer[47012] connection from /127.0.0.1 didn't make a request
Apr 05, 2016 3:17:45 PM okhttp3.mockwebserver.MockWebServer$3 execute
INFO: MockWebServer[46480] starting to accept connections
Apr 05, 2016 3:17:45 PM okhttp3.mockwebserver.MockWebServer$3 acceptConnections
INFO: MockWebServer[46480] done accepting connections: Socket closed
Apr 05, 2016 3:17:45 PM okhttp3.mockwebserver.MockWebServer$4 processOneRequest
INFO: MockWebServer[46480] received request: GET / HTTP/1.1 and responded: HTTP/1.1 200 OK
Apr 05, 2016 3:17:45 PM okhttp3.mockwebserver.MockWebServer$3 execute
INFO: MockWebServer[38839] starting to accept connections
Apr 05, 2016 3:17:45 PM okhttp3.mockwebserver.MockWebServer$3 acceptConnections
INFO: MockWebServer[38839] done accepting connections: Socket closed
Apr 05, 2016 3:17:45 PM okhttp3.mockwebserver.MockWebServer$4 processOneRequest
INFO: MockWebServer[38839] received request: GET / HTTP/1.1 and responded: HTTP/1.1 404 Client Error
Apr 05, 2016 3:17:45 PM okhttp3.mockwebserver.MockWebServer$3 execute
INFO: MockWebServer[37597] starting to accept connections
Apr 05, 2016 3:17:45 PM okhttp3.mockwebserver.MockWebServer$3 acceptConnections
INFO: MockWebServer[37597] done accepting connections: Socket closed
Apr 05, 2016 3:17:45 PM okhttp3.mockwebserver.MockWebServer$4 processConnection
WARNING: MockWebServer[37597] connection from /127.0.0.1 didn't make a request
Tests run: 6, Failures: 0, Errors: 0, Skipped: 0, Time elapsed: 0.206 sec

Results :

Tests run: 10, Failures: 0, Errors: 0, Skipped: 0

[INFO] 
[INFO] --- animal-sniffer-maven-plugin:1.14:check (default) @ adapter-java8 ---
[INFO] Checking unresolved references to org.kaazing.mojo.signature:java18:1.0
[INFO]                                                                         
[INFO] ------------------------------------------------------------------------
[INFO] Building Adapter: RxJava 2.0.2-SNAPSHOT
[INFO] ------------------------------------------------------------------------
[INFO] 
[INFO] --- maven-enforcer-plugin:1.0:enforce (enforce-maven) @ adapter-rxjava ---
[INFO] 
[INFO] --- maven-resources-plugin:2.6:resources (default-resources) @ adapter-rxjava ---
[INFO] Using 'UTF-8' encoding to copy filtered resources.
[INFO] skip non existing resourceDirectory /home/travis/build/square/retrofit/retrofit-adapters/rxjava/src/main/resources
[INFO] 
[INFO] --- maven-compiler-plugin:3.0:compile (default-compile) @ adapter-rxjava ---
[INFO] Changes detected - recompiling the module!
[INFO] Compiling 6 source files to /home/travis/build/square/retrofit/retrofit-adapters/rxjava/target/classes
[INFO] 
[INFO] --- maven-resources-plugin:2.6:testResources (default-testResources) @ adapter-rxjava ---
[INFO] Using 'UTF-8' encoding to copy filtered resources.
[INFO] skip non existing resourceDirectory /home/travis/build/square/retrofit/retrofit-adapters/rxjava/src/test/resources
[INFO] 
[INFO] --- maven-compiler-plugin:3.0:testCompile (default-testCompile) @ adapter-rxjava ---
[INFO] Changes detected - recompiling the module!
[INFO] Compiling 9 source files to /home/travis/build/square/retrofit/retrofit-adapters/rxjava/target/test-classes
[INFO] 
[INFO] --- maven-surefire-plugin:2.12.4:test (default-test) @ adapter-rxjava ---
[INFO] Surefire report directory: /home/travis/build/square/retrofit/retrofit-adapters/rxjava/target/surefire-reports

-------------------------------------------------------
 T E S T S
-------------------------------------------------------
Running retrofit2.adapter.rxjava.ObservableSchedulerTest
Apr 05, 2016 3:17:47 PM okhttp3.mockwebserver.MockWebServer$3 execute
INFO: MockWebServer[55916] starting to accept connections
Apr 05, 2016 3:17:48 PM okhttp3.mockwebserver.MockWebServer$4 processOneRequest
INFO: MockWebServer[55916] received request: GET / HTTP/1.1 and responded: HTTP/1.1 200 OK
Apr 05, 2016 3:17:48 PM okhttp3.mockwebserver.MockWebServer$3 acceptConnections
INFO: MockWebServer[55916] done accepting connections: Socket closed
Apr 05, 2016 3:17:48 PM okhttp3.mockwebserver.MockWebServer$3 execute
INFO: MockWebServer[36782] starting to accept connections
Apr 05, 2016 3:17:48 PM okhttp3.mockwebserver.MockWebServer$4 processOneRequest
INFO: MockWebServer[36782] received request: GET / HTTP/1.1 and responded: HTTP/1.1 200 OK
Apr 05, 2016 3:17:48 PM okhttp3.mockwebserver.MockWebServer$3 acceptConnections
INFO: MockWebServer[36782] done accepting connections: Socket closed
Apr 05, 2016 3:17:48 PM okhttp3.mockwebserver.MockWebServer$3 execute
INFO: MockWebServer[46140] starting to accept connections
Apr 05, 2016 3:17:48 PM okhttp3.mockwebserver.MockWebServer$4 processOneRequest
INFO: MockWebServer[46140] received request: GET / HTTP/1.1 and responded: HTTP/1.1 200 OK
Apr 05, 2016 3:17:48 PM okhttp3.mockwebserver.MockWebServer$3 acceptConnections
INFO: MockWebServer[46140] done accepting connections: Socket closed
Tests run: 3, Failures: 0, Errors: 0, Skipped: 0, Time elapsed: 1.172 sec
Running retrofit2.adapter.rxjava.ObservableTest
Apr 05, 2016 3:17:48 PM okhttp3.mockwebserver.MockWebServer$3 execute
INFO: MockWebServer[58236] starting to accept connections
Apr 05, 2016 3:17:48 PM okhttp3.mockwebserver.MockWebServer$4 processConnection
WARNING: MockWebServer[58236] connection from /127.0.0.1 didn't make a request
Apr 05, 2016 3:17:48 PM okhttp3.mockwebserver.MockWebServer$3 acceptConnections
INFO: MockWebServer[58236] done accepting connections: Socket closed
Apr 05, 2016 3:17:48 PM okhttp3.mockwebserver.MockWebServer$3 execute
INFO: MockWebServer[49868] starting to accept connections
Apr 05, 2016 3:17:48 PM okhttp3.mockwebserver.MockWebServer$3 acceptConnections
INFO: MockWebServer[49868] done accepting connections: Socket closed
Apr 05, 2016 3:17:48 PM okhttp3.mockwebserver.MockWebServer$4 processOneRequest
INFO: MockWebServer[49868] received request: GET / HTTP/1.1 and responded: HTTP/1.1 200 OK
Apr 05, 2016 3:17:48 PM okhttp3.mockwebserver.MockWebServer$3 execute
INFO: MockWebServer[57461] starting to accept connections
Apr 05, 2016 3:17:48 PM okhttp3.mockwebserver.MockWebServer$4 processOneRequest
INFO: MockWebServer[57461] received request: GET / HTTP/1.1 and responded: HTTP/1.1 404 Client Error
Apr 05, 2016 3:17:48 PM okhttp3.mockwebserver.MockWebServer$3 acceptConnections
INFO: MockWebServer[57461] done accepting connections: Socket closed
Apr 05, 2016 3:17:48 PM okhttp3.mockwebserver.MockWebServer$3 execute
INFO: MockWebServer[49420] starting to accept connections
Apr 05, 2016 3:17:48 PM okhttp3.mockwebserver.MockWebServer$3 acceptConnections
INFO: MockWebServer[49420] done accepting connections: Socket closed
Apr 05, 2016 3:17:48 PM okhttp3.mockwebserver.MockWebServer$4 processOneRequest
INFO: MockWebServer[49420] received request: GET / HTTP/1.1 and responded: HTTP/1.1 200 OK
Apr 05, 2016 3:17:48 PM okhttp3.mockwebserver.MockWebServer$3 execute
INFO: MockWebServer[46333] starting to accept connections
Apr 05, 2016 3:17:48 PM okhttp3.mockwebserver.MockWebServer$4 processOneRequest
INFO: MockWebServer[46333] received request: GET / HTTP/1.1 and responded: HTTP/1.1 200 OK
Apr 05, 2016 3:17:48 PM okhttp3.mockwebserver.MockWebServer$3 acceptConnections
INFO: MockWebServer[46333] done accepting connections: Socket closed
Apr 05, 2016 3:17:48 PM okhttp3.mockwebserver.MockWebServer$3 execute
INFO: MockWebServer[55805] starting to accept connections
Apr 05, 2016 3:17:48 PM okhttp3.mockwebserver.MockWebServer$4 processConnection
WARNING: MockWebServer[55805] connection from /127.0.0.1 didn't make a request
Apr 05, 2016 3:17:48 PM okhttp3.mockwebserver.MockWebServer$3 acceptConnections
INFO: MockWebServer[55805] done accepting connections: Socket closed
Apr 05, 2016 3:17:48 PM okhttp3.mockwebserver.MockWebServer$3 execute
INFO: MockWebServer[40127] starting to accept connections
Apr 05, 2016 3:17:48 PM okhttp3.mockwebserver.MockWebServer$3 acceptConnections
INFO: MockWebServer[40127] done accepting connections: Socket closed
Apr 05, 2016 3:17:48 PM okhttp3.mockwebserver.MockWebServer$4 processOneRequest
INFO: MockWebServer[40127] received request: GET / HTTP/1.1 and responded: HTTP/1.1 200 OK
Apr 05, 2016 3:17:48 PM okhttp3.mockwebserver.MockWebServer$3 execute
INFO: MockWebServer[49654] starting to accept connections
Apr 05, 2016 3:17:48 PM okhttp3.mockwebserver.MockWebServer$4 processOneRequest
INFO: MockWebServer[49654] received request: GET / HTTP/1.1 and responded: HTTP/1.1 404 Client Error
Apr 05, 2016 3:17:48 PM okhttp3.mockwebserver.MockWebServer$3 acceptConnections
INFO: MockWebServer[49654] done accepting connections: Socket closed
Apr 05, 2016 3:17:48 PM okhttp3.mockwebserver.MockWebServer$3 execute
INFO: MockWebServer[42632] starting to accept connections
Apr 05, 2016 3:17:48 PM okhttp3.mockwebserver.MockWebServer$4 processConnection
WARNING: MockWebServer[42632] connection from /127.0.0.1 didn't make a request
Apr 05, 2016 3:17:48 PM okhttp3.mockwebserver.MockWebServer$3 acceptConnections
INFO: MockWebServer[42632] done accepting connections: Socket closed
Apr 05, 2016 3:17:48 PM okhttp3.mockwebserver.MockWebServer$3 execute
INFO: MockWebServer[46197] starting to accept connections
Apr 05, 2016 3:17:48 PM okhttp3.mockwebserver.MockWebServer$4 processOneRequest
INFO: MockWebServer[46197] received request: GET / HTTP/1.1 and responded: HTTP/1.1 200 OK
Apr 05, 2016 3:17:48 PM okhttp3.mockwebserver.MockWebServer$3 acceptConnections
INFO: MockWebServer[46197] done accepting connections: Socket closed
Apr 05, 2016 3:17:48 PM okhttp3.mockwebserver.MockWebServer$3 execute
INFO: MockWebServer[46195] starting to accept connections
Apr 05, 2016 3:17:48 PM okhttp3.mockwebserver.MockWebServer$4 processOneRequest
INFO: MockWebServer[46195] received request: GET / HTTP/1.1 and responded: HTTP/1.1 200 OK
Apr 05, 2016 3:17:48 PM okhttp3.mockwebserver.MockWebServer$3 acceptConnections
INFO: MockWebServer[46195] done accepting connections: Socket closed
Apr 05, 2016 3:17:48 PM okhttp3.mockwebserver.MockWebServer$3 execute
INFO: MockWebServer[49334] starting to accept connections
Apr 05, 2016 3:17:48 PM okhttp3.mockwebserver.MockWebServer$3 acceptConnections
INFO: MockWebServer[49334] done accepting connections: Socket closed
Apr 05, 2016 3:17:48 PM okhttp3.mockwebserver.MockWebServer$4 processOneRequest
INFO: MockWebServer[49334] received request: GET / HTTP/1.1 and responded: HTTP/1.1 404 Client Error
Tests run: 12, Failures: 0, Errors: 0, Skipped: 0, Time elapsed: 0.312 sec
Running retrofit2.adapter.rxjava.RxJavaCallAdapterFactoryTest
Tests run: 6, Failures: 0, Errors: 0, Skipped: 0, Time elapsed: 0.035 sec
Running retrofit2.adapter.rxjava.SingleSchedulerTest
Apr 05, 2016 3:17:48 PM okhttp3.mockwebserver.MockWebServer$3 execute
INFO: MockWebServer[55625] starting to accept connections
Apr 05, 2016 3:17:49 PM okhttp3.mockwebserver.MockWebServer$4 processOneRequest
INFO: MockWebServer[55625] received request: GET / HTTP/1.1 and responded: HTTP/1.1 200 OK
Apr 05, 2016 3:17:49 PM okhttp3.mockwebserver.MockWebServer$3 acceptConnections
INFO: MockWebServer[55625] done accepting connections: Socket closed
Apr 05, 2016 3:17:49 PM okhttp3.mockwebserver.MockWebServer$3 execute
INFO: MockWebServer[44773] starting to accept connections
Apr 05, 2016 3:17:49 PM okhttp3.mockwebserver.MockWebServer$3 acceptConnections
INFO: MockWebServer[44773] done accepting connections: Socket closed
Apr 05, 2016 3:17:49 PM okhttp3.mockwebserver.MockWebServer$4 processOneRequest
INFO: MockWebServer[44773] received request: GET / HTTP/1.1 and responded: HTTP/1.1 200 OK
Apr 05, 2016 3:17:49 PM okhttp3.mockwebserver.MockWebServer$3 execute
INFO: MockWebServer[56483] starting to accept connections
Apr 05, 2016 3:17:49 PM okhttp3.mockwebserver.MockWebServer$4 processOneRequest
INFO: MockWebServer[56483] received request: GET / HTTP/1.1 and responded: HTTP/1.1 200 OK
Apr 05, 2016 3:17:49 PM okhttp3.mockwebserver.MockWebServer$3 acceptConnections
INFO: MockWebServer[56483] done accepting connections: Socket closed
Tests run: 3, Failures: 0, Errors: 0, Skipped: 0, Time elapsed: 0.244 sec
Running retrofit2.adapter.rxjava.CompletableTest
Apr 05, 2016 3:17:49 PM okhttp3.mockwebserver.MockWebServer$3 execute
INFO: MockWebServer[40759] starting to accept connections
Apr 05, 2016 3:17:49 PM okhttp3.mockwebserver.MockWebServer$4 processOneRequest
INFO: MockWebServer[40759] received request: GET / HTTP/1.1 and responded: HTTP/1.1 200 OK
Apr 05, 2016 3:17:49 PM okhttp3.mockwebserver.MockWebServer$3 acceptConnections
INFO: MockWebServer[40759] done accepting connections: Socket closed
Apr 05, 2016 3:17:49 PM okhttp3.mockwebserver.MockWebServer$3 execute
INFO: MockWebServer[40686] starting to accept connections
Apr 05, 2016 3:17:49 PM okhttp3.mockwebserver.MockWebServer$4 processOneRequest
INFO: MockWebServer[40686] received request: GET / HTTP/1.1 and responded: HTTP/1.1 404 Client Error
Apr 05, 2016 3:17:49 PM okhttp3.mockwebserver.MockWebServer$3 acceptConnections
INFO: MockWebServer[40686] done accepting connections: Socket closed
Apr 05, 2016 3:17:49 PM okhttp3.mockwebserver.MockWebServer$3 execute
INFO: MockWebServer[51450] starting to accept connections
Apr 05, 2016 3:17:49 PM okhttp3.mockwebserver.MockWebServer$4 processConnection
WARNING: MockWebServer[51450] connection from /127.0.0.1 didn't make a request
Apr 05, 2016 3:17:49 PM okhttp3.mockwebserver.MockWebServer$3 acceptConnections
INFO: MockWebServer[51450] done accepting connections: Socket closed
Tests run: 3, Failures: 0, Errors: 0, Skipped: 0, Time elapsed: 0.074 sec
Running retrofit2.adapter.rxjava.CompletableSchedulerTest
Apr 05, 2016 3:17:49 PM okhttp3.mockwebserver.MockWebServer$3 execute
INFO: MockWebServer[33996] starting to accept connections
Apr 05, 2016 3:17:49 PM okhttp3.mockwebserver.MockWebServer$3 acceptConnections
INFO: MockWebServer[33996] done accepting connections: Socket closed
Apr 05, 2016 3:17:49 PM okhttp3.mockwebserver.MockWebServer$4 processOneRequest
INFO: MockWebServer[33996] received request: GET / HTTP/1.1 and responded: HTTP/1.1 200 OK
Tests run: 1, Failures: 0, Errors: 0, Skipped: 0, Time elapsed: 0.02 sec
Running retrofit2.adapter.rxjava.SingleTest
Apr 05, 2016 3:17:49 PM okhttp3.mockwebserver.MockWebServer$3 execute
INFO: MockWebServer[33153] starting to accept connections
Apr 05, 2016 3:17:49 PM okhttp3.mockwebserver.MockWebServer$3 acceptConnections
INFO: MockWebServer[33153] done accepting connections: Socket closed
Apr 05, 2016 3:17:49 PM okhttp3.mockwebserver.MockWebServer$4 processConnection
WARNING: MockWebServer[33153] connection from /127.0.0.1 didn't make a request
Apr 05, 2016 3:17:49 PM okhttp3.mockwebserver.MockWebServer$3 execute
INFO: MockWebServer[50197] starting to accept connections
Apr 05, 2016 3:17:49 PM okhttp3.mockwebserver.MockWebServer$4 processOneRequest
INFO: MockWebServer[50197] received request: GET / HTTP/1.1 and responded: HTTP/1.1 200 OK
Apr 05, 2016 3:17:49 PM okhttp3.mockwebserver.MockWebServer$3 acceptConnections
INFO: MockWebServer[50197] done accepting connections: Socket closed
Apr 05, 2016 3:17:49 PM okhttp3.mockwebserver.MockWebServer$3 execute
INFO: MockWebServer[52301] starting to accept connections
Apr 05, 2016 3:17:49 PM okhttp3.mockwebserver.MockWebServer$3 acceptConnections
INFO: MockWebServer[52301] done accepting connections: Socket closed
Apr 05, 2016 3:17:49 PM okhttp3.mockwebserver.MockWebServer$4 processOneRequest
INFO: MockWebServer[52301] received request: GET / HTTP/1.1 and responded: HTTP/1.1 404 Client Error
Apr 05, 2016 3:17:49 PM okhttp3.mockwebserver.MockWebServer$3 execute
INFO: MockWebServer[33457] starting to accept connections
Apr 05, 2016 3:17:49 PM okhttp3.mockwebserver.MockWebServer$3 acceptConnections
INFO: MockWebServer[33457] done accepting connections: Socket closed
Apr 05, 2016 3:17:49 PM okhttp3.mockwebserver.MockWebServer$4 processConnection
WARNING: MockWebServer[33457] connection from /127.0.0.1 didn't make a request
Apr 05, 2016 3:17:49 PM okhttp3.mockwebserver.MockWebServer$3 execute
INFO: MockWebServer[45246] starting to accept connections
Apr 05, 2016 3:17:49 PM okhttp3.mockwebserver.MockWebServer$3 acceptConnections
INFO: MockWebServer[45246] done accepting connections: Socket closed
Apr 05, 2016 3:17:49 PM okhttp3.mockwebserver.MockWebServer$4 processOneRequest
INFO: MockWebServer[45246] received request: GET / HTTP/1.1 and responded: HTTP/1.1 200 OK
Apr 05, 2016 3:17:49 PM okhttp3.mockwebserver.MockWebServer$3 execute
INFO: MockWebServer[59999] starting to accept connections
Apr 05, 2016 3:17:49 PM okhttp3.mockwebserver.MockWebServer$4 processOneRequest
INFO: MockWebServer[59999] received request: GET / HTTP/1.1 and responded: HTTP/1.1 404 Client Error
Apr 05, 2016 3:17:49 PM okhttp3.mockwebserver.MockWebServer$3 acceptConnections
INFO: MockWebServer[59999] done accepting connections: Socket closed
Apr 05, 2016 3:17:49 PM okhttp3.mockwebserver.MockWebServer$3 execute
INFO: MockWebServer[50793] starting to accept connections
Apr 05, 2016 3:17:49 PM okhttp3.mockwebserver.MockWebServer$3 acceptConnections
INFO: MockWebServer[50793] done accepting connections: Socket closed
Apr 05, 2016 3:17:49 PM okhttp3.mockwebserver.MockWebServer$4 processConnection
WARNING: MockWebServer[50793] connection from /127.0.0.1 didn't make a request
Apr 05, 2016 3:17:49 PM okhttp3.mockwebserver.MockWebServer$3 execute
INFO: MockWebServer[39169] starting to accept connections
Apr 05, 2016 3:17:49 PM okhttp3.mockwebserver.MockWebServer$3 acceptConnections
INFO: MockWebServer[39169] done accepting connections: Socket closed
Apr 05, 2016 3:17:49 PM okhttp3.mockwebserver.MockWebServer$4 processOneRequest
INFO: MockWebServer[39169] received request: GET / HTTP/1.1 and responded: HTTP/1.1 200 OK
Apr 05, 2016 3:17:49 PM okhttp3.mockwebserver.MockWebServer$3 execute
INFO: MockWebServer[54037] starting to accept connections
Apr 05, 2016 3:17:49 PM okhttp3.mockwebserver.MockWebServer$3 acceptConnections
INFO: MockWebServer[54037] done accepting connections: Socket closed
Apr 05, 2016 3:17:49 PM okhttp3.mockwebserver.MockWebServer$4 processOneRequest
INFO: MockWebServer[54037] received request: GET / HTTP/1.1 and responded: HTTP/1.1 404 Client Error
Tests run: 9, Failures: 0, Errors: 0, Skipped: 0, Time elapsed: 0.179 sec
Running retrofit2.adapter.rxjava.ResultTest
Tests run: 4, Failures: 0, Errors: 0, Skipped: 0, Time elapsed: 0 sec

Results :

Tests run: 41, Failures: 0, Errors: 0, Skipped: 0

[INFO] 
[INFO] --- animal-sniffer-maven-plugin:1.14:check (default) @ adapter-rxjava ---
[INFO] Checking unresolved references to org.codehaus.mojo.signature:java16:1.1
[INFO]                                                                         
[INFO] ------------------------------------------------------------------------
[INFO] Building Converters 2.0.2-SNAPSHOT
[INFO] ------------------------------------------------------------------------
[INFO] 
[INFO] --- maven-enforcer-plugin:1.0:enforce (enforce-maven) @ retrofit-converters ---
[INFO] 
[INFO] --- animal-sniffer-maven-plugin:1.14:check (default) @ retrofit-converters ---
[INFO] Checking unresolved references to org.codehaus.mojo.signature:java16:1.1
[INFO]                                                                         
[INFO] ------------------------------------------------------------------------
[INFO] Building Converter: Gson 2.0.2-SNAPSHOT
[INFO] ------------------------------------------------------------------------
[INFO] 
[INFO] --- maven-enforcer-plugin:1.0:enforce (enforce-maven) @ converter-gson ---
[INFO] 
[INFO] --- maven-resources-plugin:2.6:resources (default-resources) @ converter-gson ---
[INFO] Using 'UTF-8' encoding to copy filtered resources.
[INFO] skip non existing resourceDirectory /home/travis/build/square/retrofit/retrofit-converters/gson/src/main/resources
[INFO] 
[INFO] --- maven-compiler-plugin:3.0:compile (default-compile) @ converter-gson ---
[INFO] Changes detected - recompiling the module!
[INFO] Compiling 3 source files to /home/travis/build/square/retrofit/retrofit-converters/gson/target/classes
[INFO] 
[INFO] --- maven-resources-plugin:2.6:testResources (default-testResources) @ converter-gson ---
[INFO] Using 'UTF-8' encoding to copy filtered resources.
[INFO] skip non existing resourceDirectory /home/travis/build/square/retrofit/retrofit-converters/gson/src/test/resources
[INFO] 
[INFO] --- maven-compiler-plugin:3.0:testCompile (default-testCompile) @ converter-gson ---
[INFO] Changes detected - recompiling the module!
[INFO] Compiling 1 source file to /home/travis/build/square/retrofit/retrofit-converters/gson/target/test-classes
[INFO] 
[INFO] --- maven-surefire-plugin:2.12.4:test (default-test) @ converter-gson ---
[INFO] Surefire report directory: /home/travis/build/square/retrofit/retrofit-converters/gson/target/surefire-reports

-------------------------------------------------------
 T E S T S
-------------------------------------------------------
Running retrofit2.converter.gson.GsonConverterFactoryTest
Apr 05, 2016 3:17:50 PM okhttp3.mockwebserver.MockWebServer$3 execute
INFO: MockWebServer[53486] starting to accept connections
Apr 05, 2016 3:17:51 PM okhttp3.mockwebserver.MockWebServer$4 processOneRequest
INFO: MockWebServer[53486] received request: POST / HTTP/1.1 and responded: HTTP/1.1 200 OK
Apr 05, 2016 3:17:51 PM okhttp3.mockwebserver.MockWebServer$3 acceptConnections
INFO: MockWebServer[53486] done accepting connections: Socket closed
Apr 05, 2016 3:17:51 PM okhttp3.mockwebserver.MockWebServer$3 execute
INFO: MockWebServer[36431] starting to accept connections
Apr 05, 2016 3:17:51 PM okhttp3.mockwebserver.MockWebServer$3 acceptConnections
INFO: MockWebServer[36431] done accepting connections: Socket closed
Apr 05, 2016 3:17:51 PM okhttp3.mockwebserver.MockWebServer$4 processOneRequest
INFO: MockWebServer[36431] received request: POST / HTTP/1.1 and responded: HTTP/1.1 200 OK
Apr 05, 2016 3:17:51 PM okhttp3.mockwebserver.MockWebServer$3 execute
INFO: MockWebServer[44853] starting to accept connections
Apr 05, 2016 3:17:51 PM okhttp3.mockwebserver.MockWebServer$3 acceptConnections
INFO: MockWebServer[44853] done accepting connections: Socket closed
Apr 05, 2016 3:17:51 PM okhttp3.mockwebserver.MockWebServer$4 processOneRequest
INFO: MockWebServer[44853] received request: POST / HTTP/1.1 and responded: HTTP/1.1 200 OK
Apr 05, 2016 3:17:51 PM okhttp3.mockwebserver.MockWebServer$3 execute
INFO: MockWebServer[60405] starting to accept connections
Apr 05, 2016 3:17:51 PM okhttp3.mockwebserver.MockWebServer$3 acceptConnections
INFO: MockWebServer[60405] done accepting connections: Socket closed
Apr 05, 2016 3:17:51 PM okhttp3.mockwebserver.MockWebServer$4 processOneRequest
INFO: MockWebServer[60405] received request: POST / HTTP/1.1 and responded: HTTP/1.1 200 OK
Tests run: 4, Failures: 0, Errors: 0, Skipped: 0, Time elapsed: 0.934 sec

Results :

Tests run: 4, Failures: 0, Errors: 0, Skipped: 0

[INFO] 
[INFO] --- animal-sniffer-maven-plugin:1.14:check (default) @ converter-gson ---
[INFO] Checking unresolved references to org.codehaus.mojo.signature:java16:1.1
[INFO]                                                                         
[INFO] ------------------------------------------------------------------------
[INFO] Building Converter: Protocol Buffers 2.0.2-SNAPSHOT
[INFO] ------------------------------------------------------------------------
[INFO] 
[INFO] --- maven-enforcer-plugin:1.0:enforce (enforce-maven) @ converter-protobuf ---
[INFO] 
[INFO] --- maven-resources-plugin:2.6:resources (default-resources) @ converter-protobuf ---
[INFO] Using 'UTF-8' encoding to copy filtered resources.
[INFO] skip non existing resourceDirectory /home/travis/build/square/retrofit/retrofit-converters/protobuf/src/main/resources
[INFO] 
[INFO] --- maven-compiler-plugin:3.0:compile (default-compile) @ converter-protobuf ---
[INFO] Changes detected - recompiling the module!
[INFO] Compiling 3 source files to /home/travis/build/square/retrofit/retrofit-converters/protobuf/target/classes
[WARNING] /home/travis/build/square/retrofit/retrofit-converters/protobuf/src/main/java/retrofit2/converter/protobuf/ProtoConverterFactory.java: /home/travis/build/square/retrofit/retrofit-converters/protobuf/src/main/java/retrofit2/converter/protobuf/ProtoConverterFactory.java uses unchecked or unsafe operations.
[WARNING] /home/travis/build/square/retrofit/retrofit-converters/protobuf/src/main/java/retrofit2/converter/protobuf/ProtoConverterFactory.java: Recompile with -Xlint:unchecked for details.
[INFO] 
[INFO] --- maven-resources-plugin:2.6:testResources (default-testResources) @ converter-protobuf ---
[INFO] Using 'UTF-8' encoding to copy filtered resources.
[INFO] skip non existing resourceDirectory /home/travis/build/square/retrofit/retrofit-converters/protobuf/src/test/resources
[INFO] 
[INFO] --- maven-compiler-plugin:3.0:testCompile (default-testCompile) @ converter-protobuf ---
[INFO] Changes detected - recompiling the module!
[INFO] Compiling 2 source files to /home/travis/build/square/retrofit/retrofit-converters/protobuf/target/test-classes
[INFO] 
[INFO] --- maven-surefire-plugin:2.12.4:test (default-test) @ converter-protobuf ---
[INFO] Surefire report directory: /home/travis/build/square/retrofit/retrofit-converters/protobuf/target/surefire-reports

-------------------------------------------------------
 T E S T S
-------------------------------------------------------
Running retrofit2.converter.protobuf.ProtoConverterFactoryTest
Apr 05, 2016 3:17:53 PM okhttp3.mockwebserver.MockWebServer$3 execute
INFO: MockWebServer[43780] starting to accept connections
Apr 05, 2016 3:17:53 PM okhttp3.mockwebserver.MockWebServer$4 processOneRequest
INFO: MockWebServer[43780] received request: POST / HTTP/1.1 and responded: HTTP/1.1 200 OK
Apr 05, 2016 3:17:53 PM okhttp3.mockwebserver.MockWebServer$3 acceptConnections
INFO: MockWebServer[43780] done accepting connections: Socket closed
Apr 05, 2016 3:17:53 PM okhttp3.mockwebserver.MockWebServer$3 execute
INFO: MockWebServer[36628] starting to accept connections
Apr 05, 2016 3:17:53 PM okhttp3.mockwebserver.MockWebServer$3 acceptConnections
INFO: MockWebServer[36628] done accepting connections: Socket closed
Apr 05, 2016 3:17:53 PM okhttp3.mockwebserver.MockWebServer$3 execute
INFO: MockWebServer[53982] starting to accept connections
Apr 05, 2016 3:17:53 PM okhttp3.mockwebserver.MockWebServer$4 processOneRequest
INFO: MockWebServer[53982] received request: GET / HTTP/1.1 and responded: HTTP/1.1 200 OK
Apr 05, 2016 3:17:53 PM okhttp3.mockwebserver.MockWebServer$3 acceptConnections
INFO: MockWebServer[53982] done accepting connections: Socket closed
Apr 05, 2016 3:17:53 PM okhttp3.mockwebserver.MockWebServer$3 execute
INFO: MockWebServer[44967] starting to accept connections
Apr 05, 2016 3:17:53 PM okhttp3.mockwebserver.MockWebServer$4 processOneRequest
INFO: MockWebServer[44967] received request: GET / HTTP/1.1 and responded: HTTP/1.1 200 OK
Apr 05, 2016 3:17:53 PM okhttp3.mockwebserver.MockWebServer$3 acceptConnections
INFO: MockWebServer[44967] done accepting connections: Socket closed
Apr 05, 2016 3:17:53 PM okhttp3.mockwebserver.MockWebServer$3 execute
INFO: MockWebServer[35111] starting to accept connections
Apr 05, 2016 3:17:53 PM okhttp3.mockwebserver.MockWebServer$3 acceptConnections
INFO: MockWebServer[35111] done accepting connections: Socket is closed
Apr 05, 2016 3:17:53 PM okhttp3.mockwebserver.MockWebServer$3 execute
INFO: MockWebServer[48353] starting to accept connections
Apr 05, 2016 3:17:53 PM okhttp3.mockwebserver.MockWebServer$3 acceptConnections
INFO: MockWebServer[48353] done accepting connections: Socket closed
Apr 05, 2016 3:17:53 PM okhttp3.mockwebserver.MockWebServer$4 processOneRequest
INFO: MockWebServer[48353] received request: GET / HTTP/1.1 and responded: HTTP/1.1 200 OK
Tests run: 6, Failures: 0, Errors: 0, Skipped: 0, Time elapsed: 1.045 sec

Results :

Tests run: 6, Failures: 0, Errors: 0, Skipped: 0

[INFO] 
[INFO] --- animal-sniffer-maven-plugin:1.14:check (default) @ converter-protobuf ---
[INFO] Checking unresolved references to org.codehaus.mojo.signature:java16:1.1
[INFO]                                                                         
[INFO] ------------------------------------------------------------------------
[INFO] Building Converter: Jackson 2.0.2-SNAPSHOT
[INFO] ------------------------------------------------------------------------
[INFO] 
[INFO] --- maven-enforcer-plugin:1.0:enforce (enforce-maven) @ converter-jackson ---
[INFO] 
[INFO] --- maven-resources-plugin:2.6:resources (default-resources) @ converter-jackson ---
[INFO] Using 'UTF-8' encoding to copy filtered resources.
[INFO] skip non existing resourceDirectory /home/travis/build/square/retrofit/retrofit-converters/jackson/src/main/resources
[INFO] 
[INFO] --- maven-compiler-plugin:3.0:compile (default-compile) @ converter-jackson ---
[INFO] Changes detected - recompiling the module!
[INFO] Compiling 3 source files to /home/travis/build/square/retrofit/retrofit-converters/jackson/target/classes
[WARNING] /home/travis/build/square/retrofit/retrofit-converters/jackson/src/main/java/retrofit2/converter/jackson/JacksonConverterFactory.java: /home/travis/build/square/retrofit/retrofit-converters/jackson/src/main/java/retrofit2/converter/jackson/JacksonConverterFactory.java uses or overrides a deprecated API.
[WARNING] /home/travis/build/square/retrofit/retrofit-converters/jackson/src/main/java/retrofit2/converter/jackson/JacksonConverterFactory.java: Recompile with -Xlint:deprecation for details.
[INFO] 
[INFO] --- maven-resources-plugin:2.6:testResources (default-testResources) @ converter-jackson ---
[INFO] Using 'UTF-8' encoding to copy filtered resources.
[INFO] skip non existing resourceDirectory /home/travis/build/square/retrofit/retrofit-converters/jackson/src/test/resources
[INFO] 
[INFO] --- maven-compiler-plugin:3.0:testCompile (default-testCompile) @ converter-jackson ---
[INFO] Changes detected - recompiling the module!
[INFO] Compiling 1 source file to /home/travis/build/square/retrofit/retrofit-converters/jackson/target/test-classes
[WARNING] /home/travis/build/square/retrofit/retrofit-converters/jackson/src/test/java/retrofit2/converter/jackson/JacksonConverterFactoryTest.java: /home/travis/build/square/retrofit/retrofit-converters/jackson/src/test/java/retrofit2/converter/jackson/JacksonConverterFactoryTest.java uses or overrides a deprecated API.
[WARNING] /home/travis/build/square/retrofit/retrofit-converters/jackson/src/test/java/retrofit2/converter/jackson/JacksonConverterFactoryTest.java: Recompile with -Xlint:deprecation for details.
[INFO] 
[INFO] --- maven-surefire-plugin:2.12.4:test (default-test) @ converter-jackson ---
[INFO] Surefire report directory: /home/travis/build/square/retrofit/retrofit-converters/jackson/target/surefire-reports

-------------------------------------------------------
 T E S T S
-------------------------------------------------------
Running retrofit2.converter.jackson.JacksonConverterFactoryTest
Apr 05, 2016 3:17:54 PM okhttp3.mockwebserver.MockWebServer$3 execute
INFO: MockWebServer[54933] starting to accept connections
Apr 05, 2016 3:17:55 PM okhttp3.mockwebserver.MockWebServer$4 processOneRequest
INFO: MockWebServer[54933] received request: POST / HTTP/1.1 and responded: HTTP/1.1 200 OK
Apr 05, 2016 3:17:55 PM okhttp3.mockwebserver.MockWebServer$3 acceptConnections
INFO: MockWebServer[54933] done accepting connections: Socket closed
Apr 05, 2016 3:17:55 PM okhttp3.mockwebserver.MockWebServer$3 execute
INFO: MockWebServer[36963] starting to accept connections
Apr 05, 2016 3:17:55 PM okhttp3.mockwebserver.MockWebServer$3 acceptConnections
INFO: MockWebServer[36963] done accepting connections: Socket closed
Apr 05, 2016 3:17:55 PM okhttp3.mockwebserver.MockWebServer$4 processOneRequest
INFO: MockWebServer[36963] received request: POST / HTTP/1.1 and responded: HTTP/1.1 200 OK
Tests run: 2, Failures: 0, Errors: 0, Skipped: 0, Time elapsed: 0.938 sec

Results :

Tests run: 2, Failures: 0, Errors: 0, Skipped: 0

[INFO] 
[INFO] --- animal-sniffer-maven-plugin:1.14:check (default) @ converter-jackson ---
[INFO] Checking unresolved references to org.codehaus.mojo.signature:java16:1.1
[INFO]                                                                         
[INFO] ------------------------------------------------------------------------
[INFO] Building Converter: Wire Protocol Buffers 2.0.2-SNAPSHOT
[INFO] ------------------------------------------------------------------------
[INFO] 
[INFO] --- maven-enforcer-plugin:1.0:enforce (enforce-maven) @ converter-wire ---
[INFO] 
[INFO] --- maven-resources-plugin:2.6:resources (default-resources) @ converter-wire ---
[INFO] Using 'UTF-8' encoding to copy filtered resources.
[INFO] skip non existing resourceDirectory /home/travis/build/square/retrofit/retrofit-converters/wire/src/main/resources
[INFO] 
[INFO] --- maven-compiler-plugin:3.0:compile (default-compile) @ converter-wire ---
[INFO] Changes detected - recompiling the module!
[INFO] Compiling 3 source files to /home/travis/build/square/retrofit/retrofit-converters/wire/target/classes
[WARNING] /home/travis/build/square/retrofit/retrofit-converters/wire/src/main/java/retrofit2/converter/wire/WireConverterFactory.java: /home/travis/build/square/retrofit/retrofit-converters/wire/src/main/java/retrofit2/converter/wire/WireConverterFactory.java uses unchecked or unsafe operations.
[WARNING] /home/travis/build/square/retrofit/retrofit-converters/wire/src/main/java/retrofit2/converter/wire/WireConverterFactory.java: Recompile with -Xlint:unchecked for details.
[INFO] 
[INFO] --- maven-resources-plugin:2.6:testResources (default-testResources) @ converter-wire ---
[INFO] Using 'UTF-8' encoding to copy filtered resources.
[INFO] skip non existing resourceDirectory /home/travis/build/square/retrofit/retrofit-converters/wire/src/test/resources
[INFO] 
[INFO] --- maven-compiler-plugin:3.0:testCompile (default-testCompile) @ converter-wire ---
[INFO] Changes detected - recompiling the module!
[INFO] Compiling 2 source files to /home/travis/build/square/retrofit/retrofit-converters/wire/target/test-classes
[INFO] 
[INFO] --- maven-surefire-plugin:2.12.4:test (default-test) @ converter-wire ---
[INFO] Surefire report directory: /home/travis/build/square/retrofit/retrofit-converters/wire/target/surefire-reports

-------------------------------------------------------
 T E S T S
-------------------------------------------------------
Running retrofit2.converter.wire.WireConverterFactoryTest
Apr 05, 2016 3:17:56 PM okhttp3.mockwebserver.MockWebServer$3 execute
INFO: MockWebServer[40742] starting to accept connections
Apr 05, 2016 3:17:57 PM okhttp3.mockwebserver.MockWebServer$4 processOneRequest
INFO: MockWebServer[40742] received request: POST / HTTP/1.1 and responded: HTTP/1.1 200 OK
Apr 05, 2016 3:17:57 PM okhttp3.mockwebserver.MockWebServer$3 acceptConnections
INFO: MockWebServer[40742] done accepting connections: Socket closed
Apr 05, 2016 3:17:57 PM okhttp3.mockwebserver.MockWebServer$3 execute
INFO: MockWebServer[37456] starting to accept connections
Apr 05, 2016 3:17:57 PM okhttp3.mockwebserver.MockWebServer$3 acceptConnections
INFO: MockWebServer[37456] done accepting connections: Socket closed
Apr 05, 2016 3:17:57 PM okhttp3.mockwebserver.MockWebServer$3 execute
INFO: MockWebServer[47131] starting to accept connections
Apr 05, 2016 3:17:57 PM okhttp3.mockwebserver.MockWebServer$3 acceptConnections
INFO: MockWebServer[47131] done accepting connections: Socket closed
Apr 05, 2016 3:17:57 PM okhttp3.mockwebserver.MockWebServer$4 processOneRequest
INFO: MockWebServer[47131] received request: GET / HTTP/1.1 and responded: HTTP/1.1 200 OK
Apr 05, 2016 3:17:57 PM okhttp3.mockwebserver.MockWebServer$3 execute
INFO: MockWebServer[37106] starting to accept connections
Apr 05, 2016 3:17:57 PM okhttp3.mockwebserver.MockWebServer$3 acceptConnections
INFO: MockWebServer[37106] done accepting connections: Socket is closed
Apr 05, 2016 3:17:57 PM okhttp3.mockwebserver.MockWebServer$3 execute
INFO: MockWebServer[58790] starting to accept connections
Apr 05, 2016 3:17:57 PM okhttp3.mockwebserver.MockWebServer$3 acceptConnections
INFO: MockWebServer[58790] done accepting connections: Socket closed
Apr 05, 2016 3:17:57 PM okhttp3.mockwebserver.MockWebServer$4 processOneRequest
INFO: MockWebServer[58790] received request: GET / HTTP/1.1 and responded: HTTP/1.1 200 OK
Tests run: 5, Failures: 0, Errors: 0, Skipped: 0, Time elapsed: 0.958 sec

Results :

Tests run: 5, Failures: 0, Errors: 0, Skipped: 0

[INFO] 
[INFO] --- animal-sniffer-maven-plugin:1.14:check (default) @ converter-wire ---
[INFO] Checking unresolved references to org.codehaus.mojo.signature:java16:1.1
[INFO]                                                                         
[INFO] ------------------------------------------------------------------------
[INFO] Building Converter: SimpleXML 2.0.2-SNAPSHOT
[INFO] ------------------------------------------------------------------------
[INFO] 
[INFO] --- maven-enforcer-plugin:1.0:enforce (enforce-maven) @ converter-simplexml ---
[INFO] 
[INFO] --- maven-resources-plugin:2.6:resources (default-resources) @ converter-simplexml ---
[INFO] Using 'UTF-8' encoding to copy filtered resources.
[INFO] skip non existing resourceDirectory /home/travis/build/square/retrofit/retrofit-converters/simplexml/src/main/resources
[INFO] 
[INFO] --- maven-compiler-plugin:3.0:compile (default-compile) @ converter-simplexml ---
[INFO] Changes detected - recompiling the module!
[INFO] Compiling 3 source files to /home/travis/build/square/retrofit/retrofit-converters/simplexml/target/classes
[INFO] 
[INFO] --- maven-resources-plugin:2.6:testResources (default-testResources) @ converter-simplexml ---
[INFO] Using 'UTF-8' encoding to copy filtered resources.
[INFO] skip non existing resourceDirectory /home/travis/build/square/retrofit/retrofit-converters/simplexml/src/test/resources
[INFO] 
[INFO] --- maven-compiler-plugin:3.0:testCompile (default-testCompile) @ converter-simplexml ---
[INFO] Changes detected - recompiling the module!
[INFO] Compiling 2 source files to /home/travis/build/square/retrofit/retrofit-converters/simplexml/target/test-classes
[INFO] 
[INFO] --- maven-surefire-plugin:2.12.4:test (default-test) @ converter-simplexml ---
[INFO] Surefire report directory: /home/travis/build/square/retrofit/retrofit-converters/simplexml/target/surefire-reports

-------------------------------------------------------
 T E S T S
-------------------------------------------------------
Running retrofit2.converter.simplexml.SimpleXmlConverterFactoryTest
Apr 05, 2016 3:17:59 PM okhttp3.mockwebserver.MockWebServer$3 execute
INFO: MockWebServer[42350] starting to accept connections
Apr 05, 2016 3:17:59 PM okhttp3.mockwebserver.MockWebServer$4 processOneRequest
INFO: MockWebServer[42350] received request: GET / HTTP/1.1 and responded: HTTP/1.1 200 OK
Apr 05, 2016 3:18:00 PM okhttp3.mockwebserver.MockWebServer$3 acceptConnections
INFO: MockWebServer[42350] done accepting connections: Socket closed
Apr 05, 2016 3:18:00 PM okhttp3.mockwebserver.MockWebServer$3 execute
INFO: MockWebServer[51798] starting to accept connections
Apr 05, 2016 3:18:00 PM okhttp3.mockwebserver.MockWebServer$4 processOneRequest
INFO: MockWebServer[51798] received request: GET / HTTP/1.1 and responded: HTTP/1.1 200 OK
Apr 05, 2016 3:18:00 PM okhttp3.mockwebserver.MockWebServer$3 acceptConnections
INFO: MockWebServer[51798] done accepting connections: Socket closed
Apr 05, 2016 3:18:00 PM okhttp3.mockwebserver.MockWebServer$3 execute
INFO: MockWebServer[51921] starting to accept connections
Apr 05, 2016 3:18:00 PM okhttp3.mockwebserver.MockWebServer$4 processOneRequest
INFO: MockWebServer[51921] received request: POST / HTTP/1.1 and responded: HTTP/1.1 200 OK
Apr 05, 2016 3:18:00 PM okhttp3.mockwebserver.MockWebServer$3 acceptConnections
INFO: MockWebServer[51921] done accepting connections: Socket closed
Tests run: 3, Failures: 0, Errors: 0, Skipped: 0, Time elapsed: 1.384 sec

Results :

Tests run: 3, Failures: 0, Errors: 0, Skipped: 0

[INFO] 
[INFO] --- animal-sniffer-maven-plugin:1.14:check (default) @ converter-simplexml ---
[INFO] Checking unresolved references to org.codehaus.mojo.signature:java16:1.1
[INFO]                                                                         
[INFO] ------------------------------------------------------------------------
[INFO] Building Converter: Java Scalars 2.0.2-SNAPSHOT
[INFO] ------------------------------------------------------------------------
[INFO] 
[INFO] --- maven-enforcer-plugin:1.0:enforce (enforce-maven) @ converter-scalars ---
[INFO] 
[INFO] --- maven-resources-plugin:2.6:resources (default-resources) @ converter-scalars ---
[INFO] Using 'UTF-8' encoding to copy filtered resources.
[INFO] skip non existing resourceDirectory /home/travis/build/square/retrofit/retrofit-converters/scalars/src/main/resources
[INFO] 
[INFO] --- maven-compiler-plugin:3.0:compile (default-compile) @ converter-scalars ---
[INFO] Changes detected - recompiling the module!
[INFO] Compiling 3 source files to /home/travis/build/square/retrofit/retrofit-converters/scalars/target/classes
[INFO] 
[INFO] --- maven-resources-plugin:2.6:testResources (default-testResources) @ converter-scalars ---
[INFO] Using 'UTF-8' encoding to copy filtered resources.
[INFO] skip non existing resourceDirectory /home/travis/build/square/retrofit/retrofit-converters/scalars/src/test/resources
[INFO] 
[INFO] --- maven-compiler-plugin:3.0:testCompile (default-testCompile) @ converter-scalars ---
[INFO] Changes detected - recompiling the module!
[INFO] Compiling 2 source files to /home/travis/build/square/retrofit/retrofit-converters/scalars/target/test-classes
[INFO] 
[INFO] --- maven-surefire-plugin:2.12.4:test (default-test) @ converter-scalars ---
[INFO] Surefire report directory: /home/travis/build/square/retrofit/retrofit-converters/scalars/target/surefire-reports

-------------------------------------------------------
 T E S T S
-------------------------------------------------------
Running retrofit2.converter.scalars.ScalarsConverterFactoryTest
Apr 05, 2016 3:18:01 PM okhttp3.mockwebserver.MockWebServer$3 execute
INFO: MockWebServer[33263] starting to accept connections
Apr 05, 2016 3:18:02 PM okhttp3.mockwebserver.MockWebServer$3 acceptConnections
INFO: MockWebServer[33263] done accepting connections: Socket closed
Apr 05, 2016 3:18:02 PM okhttp3.mockwebserver.MockWebServer$3 execute
INFO: MockWebServer[57232] starting to accept connections
Apr 05, 2016 3:18:02 PM okhttp3.mockwebserver.MockWebServer$4 processOneRequest
INFO: MockWebServer[57232] received request: GET / HTTP/1.1 and responded: HTTP/1.1 200 OK
Apr 05, 2016 3:18:02 PM okhttp3.mockwebserver.MockWebServer$4 processOneRequest
INFO: MockWebServer[57232] received request: GET / HTTP/1.1 and responded: HTTP/1.1 200 OK
Apr 05, 2016 3:18:02 PM okhttp3.mockwebserver.MockWebServer$4 processOneRequest
INFO: MockWebServer[57232] received request: GET / HTTP/1.1 and responded: HTTP/1.1 200 OK
Apr 05, 2016 3:18:02 PM okhttp3.mockwebserver.MockWebServer$4 processOneRequest
INFO: MockWebServer[57232] received request: GET / HTTP/1.1 and responded: HTTP/1.1 200 OK
Apr 05, 2016 3:18:02 PM okhttp3.mockwebserver.MockWebServer$4 processOneRequest
INFO: MockWebServer[57232] received request: GET / HTTP/1.1 and responded: HTTP/1.1 200 OK
Apr 05, 2016 3:18:02 PM okhttp3.mockwebserver.MockWebServer$4 processOneRequest
INFO: MockWebServer[57232] received request: GET / HTTP/1.1 and responded: HTTP/1.1 200 OK
Apr 05, 2016 3:18:02 PM okhttp3.mockwebserver.MockWebServer$4 processOneRequest
INFO: MockWebServer[57232] received request: GET / HTTP/1.1 and responded: HTTP/1.1 200 OK
Apr 05, 2016 3:18:02 PM okhttp3.mockwebserver.MockWebServer$4 processOneRequest
INFO: MockWebServer[57232] received request: GET / HTTP/1.1 and responded: HTTP/1.1 200 OK
Apr 05, 2016 3:18:02 PM okhttp3.mockwebserver.MockWebServer$4 processOneRequest
INFO: MockWebServer[57232] received request: GET / HTTP/1.1 and responded: HTTP/1.1 200 OK
Apr 05, 2016 3:18:02 PM okhttp3.mockwebserver.MockWebServer$4 processOneRequest
INFO: MockWebServer[57232] received request: GET / HTTP/1.1 and responded: HTTP/1.1 200 OK
Apr 05, 2016 3:18:03 PM okhttp3.mockwebserver.MockWebServer$4 processOneRequest
INFO: MockWebServer[57232] received request: GET / HTTP/1.1 and responded: HTTP/1.1 200 OK
Apr 05, 2016 3:18:03 PM okhttp3.mockwebserver.MockWebServer$3 acceptConnections
INFO: MockWebServer[57232] done accepting connections: Socket closed
Apr 05, 2016 3:18:03 PM okhttp3.mockwebserver.MockWebServer$3 execute
INFO: MockWebServer[45994] starting to accept connections
Apr 05, 2016 3:18:03 PM okhttp3.mockwebserver.MockWebServer$4 processOneRequest
INFO: MockWebServer[45994] received request: POST / HTTP/1.1 and responded: HTTP/1.1 200 OK
Apr 05, 2016 3:18:03 PM okhttp3.mockwebserver.MockWebServer$4 processOneRequest
INFO: MockWebServer[45994] received request: POST / HTTP/1.1 and responded: HTTP/1.1 200 OK
Apr 05, 2016 3:18:03 PM okhttp3.mockwebserver.MockWebServer$4 processOneRequest
INFO: MockWebServer[45994] received request: POST / HTTP/1.1 and responded: HTTP/1.1 200 OK
Apr 05, 2016 3:18:03 PM okhttp3.mockwebserver.MockWebServer$4 processOneRequest
INFO: MockWebServer[45994] received request: POST / HTTP/1.1 and responded: HTTP/1.1 200 OK
Apr 05, 2016 3:18:03 PM okhttp3.mockwebserver.MockWebServer$4 processOneRequest
INFO: MockWebServer[45994] received request: POST / HTTP/1.1 and responded: HTTP/1.1 200 OK
Apr 05, 2016 3:18:03 PM okhttp3.mockwebserver.MockWebServer$4 processOneRequest
INFO: MockWebServer[45994] received request: POST / HTTP/1.1 and responded: HTTP/1.1 200 OK
Apr 05, 2016 3:18:03 PM okhttp3.mockwebserver.MockWebServer$4 processOneRequest
INFO: MockWebServer[45994] received request: POST / HTTP/1.1 and responded: HTTP/1.1 200 OK
Apr 05, 2016 3:18:03 PM okhttp3.mockwebserver.MockWebServer$4 processOneRequest
INFO: MockWebServer[45994] received request: POST / HTTP/1.1 and responded: HTTP/1.1 200 OK
Apr 05, 2016 3:18:03 PM okhttp3.mockwebserver.MockWebServer$4 processOneRequest
INFO: MockWebServer[45994] received request: POST / HTTP/1.1 and responded: HTTP/1.1 200 OK
Apr 05, 2016 3:18:03 PM okhttp3.mockwebserver.MockWebServer$4 processOneRequest
INFO: MockWebServer[45994] received request: POST / HTTP/1.1 and responded: HTTP/1.1 200 OK
Apr 05, 2016 3:18:03 PM okhttp3.mockwebserver.MockWebServer$4 processOneRequest
INFO: MockWebServer[45994] received request: POST / HTTP/1.1 and responded: HTTP/1.1 200 OK
Apr 05, 2016 3:18:03 PM okhttp3.mockwebserver.MockWebServer$4 processOneRequest
INFO: MockWebServer[45994] received request: POST / HTTP/1.1 and responded: HTTP/1.1 200 OK
Apr 05, 2016 3:18:03 PM okhttp3.mockwebserver.MockWebServer$4 processOneRequest
INFO: MockWebServer[45994] received request: POST / HTTP/1.1 and responded: HTTP/1.1 200 OK
Apr 05, 2016 3:18:03 PM okhttp3.mockwebserver.MockWebServer$4 processOneRequest
INFO: MockWebServer[45994] received request: POST / HTTP/1.1 and responded: HTTP/1.1 200 OK
Apr 05, 2016 3:18:03 PM okhttp3.mockwebserver.MockWebServer$4 processOneRequest
INFO: MockWebServer[45994] received request: POST / HTTP/1.1 and responded: HTTP/1.1 200 OK
Apr 05, 2016 3:18:03 PM okhttp3.mockwebserver.MockWebServer$4 processOneRequest
INFO: MockWebServer[45994] received request: POST / HTTP/1.1 and responded: HTTP/1.1 200 OK
Apr 05, 2016 3:18:03 PM okhttp3.mockwebserver.MockWebServer$4 processOneRequest
INFO: MockWebServer[45994] received request: POST / HTTP/1.1 and responded: HTTP/1.1 200 OK
Apr 05, 2016 3:18:03 PM okhttp3.mockwebserver.MockWebServer$3 acceptConnections
INFO: MockWebServer[45994] done accepting connections: Socket closed
Apr 05, 2016 3:18:03 PM okhttp3.mockwebserver.MockWebServer$3 execute
INFO: MockWebServer[46388] starting to accept connections
Apr 05, 2016 3:18:03 PM okhttp3.mockwebserver.MockWebServer$3 acceptConnections
INFO: MockWebServer[46388] done accepting connections: Socket is closed
Tests run: 4, Failures: 0, Errors: 0, Skipped: 0, Time elapsed: 1.757 sec
Running retrofit2.converter.scalars.ScalarsConverterPrimitivesFactoryTest
Apr 05, 2016 3:18:03 PM okhttp3.mockwebserver.MockWebServer$3 execute
INFO: MockWebServer[34310] starting to accept connections
Apr 05, 2016 3:18:03 PM okhttp3.mockwebserver.MockWebServer$4 processOneRequest
INFO: MockWebServer[34310] received request: GET / HTTP/1.1 and responded: HTTP/1.1 200 OK
Apr 05, 2016 3:18:03 PM okhttp3.mockwebserver.MockWebServer$4 processOneRequest
INFO: MockWebServer[34310] received request: GET / HTTP/1.1 and responded: HTTP/1.1 200 OK
Apr 05, 2016 3:18:03 PM okhttp3.mockwebserver.MockWebServer$4 processOneRequest
INFO: MockWebServer[34310] received request: GET / HTTP/1.1 and responded: HTTP/1.1 200 OK
Apr 05, 2016 3:18:03 PM okhttp3.mockwebserver.MockWebServer$4 processOneRequest
INFO: MockWebServer[34310] received request: GET / HTTP/1.1 and responded: HTTP/1.1 200 OK
Apr 05, 2016 3:18:03 PM okhttp3.mockwebserver.MockWebServer$4 processOneRequest
INFO: MockWebServer[34310] received request: GET / HTTP/1.1 and responded: HTTP/1.1 200 OK
Apr 05, 2016 3:18:03 PM okhttp3.mockwebserver.MockWebServer$4 processOneRequest
INFO: MockWebServer[34310] received request: GET / HTTP/1.1 and responded: HTTP/1.1 200 OK
Apr 05, 2016 3:18:03 PM okhttp3.mockwebserver.MockWebServer$4 processOneRequest
INFO: MockWebServer[34310] received request: GET / HTTP/1.1 and responded: HTTP/1.1 200 OK
Apr 05, 2016 3:18:03 PM okhttp3.mockwebserver.MockWebServer$4 processOneRequest
INFO: MockWebServer[34310] received request: GET / HTTP/1.1 and responded: HTTP/1.1 200 OK
Apr 05, 2016 3:18:03 PM okhttp3.mockwebserver.MockWebServer$4 processOneRequest
INFO: MockWebServer[34310] received request: GET / HTTP/1.1 and responded: HTTP/1.1 200 OK
Apr 05, 2016 3:18:03 PM okhttp3.mockwebserver.MockWebServer$4 processOneRequest
INFO: MockWebServer[34310] received request: GET / HTTP/1.1 and responded: HTTP/1.1 200 OK
Apr 05, 2016 3:18:03 PM okhttp3.mockwebserver.MockWebServer$3 acceptConnections
INFO: MockWebServer[34310] done accepting connections: Socket closed
Tests run: 1, Failures: 0, Errors: 0, Skipped: 0, Time elapsed: 0.35 sec

Results :

Tests run: 5, Failures: 0, Errors: 0, Skipped: 0

[INFO] 
[INFO] --- animal-sniffer-maven-plugin:1.14:check (default) @ converter-scalars ---
[INFO] Checking unresolved references to org.codehaus.mojo.signature:java16:1.1
[INFO]                                                                         
[INFO] ------------------------------------------------------------------------
[INFO] Building Converter: Moshi 2.0.2-SNAPSHOT
[INFO] ------------------------------------------------------------------------
[INFO] 
[INFO] --- maven-enforcer-plugin:1.0:enforce (enforce-maven) @ converter-moshi ---
[INFO] 
[INFO] --- maven-resources-plugin:2.6:resources (default-resources) @ converter-moshi ---
[INFO] Using 'UTF-8' encoding to copy filtered resources.
[INFO] skip non existing resourceDirectory /home/travis/build/square/retrofit/retrofit-converters/moshi/src/main/resources
[INFO] 
[INFO] --- maven-compiler-plugin:3.0:compile (default-compile) @ converter-moshi ---
[INFO] Changes detected - recompiling the module!
[INFO] Compiling 3 source files to /home/travis/build/square/retrofit/retrofit-converters/moshi/target/classes
[INFO] 
[INFO] --- maven-resources-plugin:2.6:testResources (default-testResources) @ converter-moshi ---
[INFO] Using 'UTF-8' encoding to copy filtered resources.
[INFO] skip non existing resourceDirectory /home/travis/build/square/retrofit/retrofit-converters/moshi/src/test/resources
[INFO] 
[INFO] --- maven-compiler-plugin:3.0:testCompile (default-testCompile) @ converter-moshi ---
[INFO] Changes detected - recompiling the module!
[INFO] Compiling 1 source file to /home/travis/build/square/retrofit/retrofit-converters/moshi/target/test-classes
[INFO] 
[INFO] --- maven-surefire-plugin:2.12.4:test (default-test) @ converter-moshi ---
[INFO] Surefire report directory: /home/travis/build/square/retrofit/retrofit-converters/moshi/target/surefire-reports

-------------------------------------------------------
 T E S T S
-------------------------------------------------------
Running retrofit2.converter.moshi.MoshiConverterFactoryTest
Apr 05, 2016 3:18:04 PM okhttp3.mockwebserver.MockWebServer$3 execute
INFO: MockWebServer[59487] starting to accept connections
Apr 05, 2016 3:18:05 PM okhttp3.mockwebserver.MockWebServer$4 processOneRequest
INFO: MockWebServer[59487] received request: POST / HTTP/1.1 and responded: HTTP/1.1 200 OK
Apr 05, 2016 3:18:05 PM okhttp3.mockwebserver.MockWebServer$3 acceptConnections
INFO: MockWebServer[59487] done accepting connections: Socket closed
Apr 05, 2016 3:18:05 PM okhttp3.mockwebserver.MockWebServer$3 execute
INFO: MockWebServer[41849] starting to accept connections
Apr 05, 2016 3:18:05 PM okhttp3.mockwebserver.MockWebServer$4 processOneRequest
INFO: MockWebServer[41849] received request: POST / HTTP/1.1 and responded: HTTP/1.1 200 OK
Apr 05, 2016 3:18:05 PM okhttp3.mockwebserver.MockWebServer$3 acceptConnections
INFO: MockWebServer[41849] done accepting connections: Socket closed
Apr 05, 2016 3:18:05 PM okhttp3.mockwebserver.MockWebServer$3 execute
INFO: MockWebServer[39285] starting to accept connections
Apr 05, 2016 3:18:05 PM okhttp3.mockwebserver.MockWebServer$4 processOneRequest
INFO: MockWebServer[39285] received request: POST / HTTP/1.1 and responded: HTTP/1.1 200 OK
Apr 05, 2016 3:18:05 PM okhttp3.mockwebserver.MockWebServer$4 processOneRequest
INFO: MockWebServer[39285] received request: POST / HTTP/1.1 and responded: HTTP/1.1 200 OK
Apr 05, 2016 3:18:05 PM okhttp3.mockwebserver.MockWebServer$3 acceptConnections
INFO: MockWebServer[39285] done accepting connections: Socket closed
Tests run: 3, Failures: 0, Errors: 0, Skipped: 0, Time elapsed: 1.306 sec

Results :

Tests run: 3, Failures: 0, Errors: 0, Skipped: 0

[INFO] 
[INFO] --- animal-sniffer-maven-plugin:1.14:check (default) @ converter-moshi ---
[INFO] Checking unresolved references to org.codehaus.mojo.signature:java16:1.1
[INFO]                                                                         
[INFO] ------------------------------------------------------------------------
[INFO] Building Retrofit Mock Adapter 2.0.2-SNAPSHOT
[INFO] ------------------------------------------------------------------------
[INFO] 
[INFO] --- maven-enforcer-plugin:1.0:enforce (enforce-maven) @ retrofit-mock ---
[INFO] 
[INFO] --- maven-resources-plugin:2.6:resources (default-resources) @ retrofit-mock ---
[INFO] Using 'UTF-8' encoding to copy filtered resources.
[INFO] skip non existing resourceDirectory /home/travis/build/square/retrofit/retrofit-mock/src/main/resources
[INFO] 
[INFO] --- maven-compiler-plugin:3.0:compile (default-compile) @ retrofit-mock ---
[INFO] Changes detected - recompiling the module!
[INFO] Compiling 5 source files to /home/travis/build/square/retrofit/retrofit-mock/target/classes
[INFO] 
[INFO] --- maven-resources-plugin:2.6:testResources (default-testResources) @ retrofit-mock ---
[INFO] Using 'UTF-8' encoding to copy filtered resources.
[INFO] skip non existing resourceDirectory /home/travis/build/square/retrofit/retrofit-mock/src/test/resources
[INFO] 
[INFO] --- maven-compiler-plugin:3.0:testCompile (default-testCompile) @ retrofit-mock ---
[INFO] Changes detected - recompiling the module!
[INFO] Compiling 3 source files to /home/travis/build/square/retrofit/retrofit-mock/target/test-classes
[INFO] 
[INFO] --- maven-surefire-plugin:2.12.4:test (default-test) @ retrofit-mock ---
[INFO] Surefire report directory: /home/travis/build/square/retrofit/retrofit-mock/target/surefire-reports

-------------------------------------------------------
 T E S T S
-------------------------------------------------------
Running retrofit2.mock.BehaviorDelegateTest
Tests run: 10, Failures: 0, Errors: 0, Skipped: 0, Time elapsed: 1.814 sec
Running retrofit2.mock.MockRetrofitTest
Tests run: 8, Failures: 0, Errors: 0, Skipped: 0, Time elapsed: 0.074 sec
Running retrofit2.mock.NetworkBehaviorTest
Tests run: 5, Failures: 0, Errors: 0, Skipped: 0, Time elapsed: 0.079 sec

Results :

Tests run: 23, Failures: 0, Errors: 0, Skipped: 0

[INFO] 
[INFO] --- animal-sniffer-maven-plugin:1.14:check (default) @ retrofit-mock ---
[INFO] Checking unresolved references to org.codehaus.mojo.signature:java16:1.1
[INFO]                                                                         
[INFO] ------------------------------------------------------------------------
[INFO] Building Samples 2.0.2-SNAPSHOT
[INFO] ------------------------------------------------------------------------
[INFO] 
[INFO] --- maven-enforcer-plugin:1.0:enforce (enforce-maven) @ samples ---
[INFO] 
[INFO] --- maven-resources-plugin:2.6:resources (default-resources) @ samples ---
[INFO] Using 'UTF-8' encoding to copy filtered resources.
[INFO] skip non existing resourceDirectory /home/travis/build/square/retrofit/samples/src/main/resources
[INFO] 
[INFO] --- maven-compiler-plugin:3.0:compile (default-compile) @ samples ---
[INFO] Changes detected - recompiling the module!
[INFO] Compiling 9 source files to /home/travis/build/square/retrofit/samples/target/classes
[INFO] 
[INFO] --- maven-resources-plugin:2.6:testResources (default-testResources) @ samples ---
[INFO] Using 'UTF-8' encoding to copy filtered resources.
[INFO] skip non existing resourceDirectory /home/travis/build/square/retrofit/samples/src/test/resources
[INFO] 
[INFO] --- maven-compiler-plugin:3.0:testCompile (default-testCompile) @ samples ---
[INFO] No sources to compile
[INFO] 
[INFO] --- maven-surefire-plugin:2.12.4:test (default-test) @ samples ---
[INFO] No tests to run.
[INFO] 
[INFO] --- animal-sniffer-maven-plugin:1.14:check (default) @ samples ---
[INFO] Checking unresolved references to org.codehaus.mojo.signature:java16:1.1
[INFO] ------------------------------------------------------------------------
[INFO] Reactor Summary:
[INFO] 
[INFO] Retrofit (Parent) .................................. SUCCESS [  3.352 s]
[INFO] Retrofit ........................................... SUCCESS [ 26.236 s]
[INFO] Adapters ........................................... SUCCESS [  0.529 s]
[INFO] Adapter: Guava ..................................... SUCCESS [  2.430 s]
[INFO] Adapter: Java 8 .................................... SUCCESS [  3.281 s]
[INFO] Adapter: RxJava .................................... SUCCESS [  4.557 s]
[INFO] Converters ......................................... SUCCESS [  0.175 s]
[INFO] Converter: Gson .................................... SUCCESS [  1.987 s]
[INFO] Converter: Protocol Buffers ........................ SUCCESS [  1.835 s]
[INFO] Converter: Jackson ................................. SUCCESS [  2.097 s]
[INFO] Converter: Wire Protocol Buffers ................... SUCCESS [  1.603 s]
[INFO] Converter: SimpleXML ............................... SUCCESS [  2.796 s]
[INFO] Converter: Java Scalars ............................ SUCCESS [  3.393 s]
[INFO] Converter: Moshi ................................... SUCCESS [  2.284 s]
[INFO] Retrofit Mock Adapter .............................. SUCCESS [  3.519 s]
[INFO] Samples ............................................ SUCCESS [  1.449 s]
[INFO] ------------------------------------------------------------------------
[INFO] BUILD SUCCESS
[INFO] ------------------------------------------------------------------------
[INFO] Total time: 01:02 min
[INFO] Finished at: 2016-04-05T15:18:11+00:00
[INFO] Final Memory: 35M/312M
[INFO] ------------------------------------------------------------------------

travis_time:end:00480634:start=1459869426992350706,finish=1459869496912996966,duration=69920646260[0K
[32;1mThe command "mvn test -B" exited with 0.[0m
travis_fold:start:cache.2[0Kstore build cache
travis_time:start:09d21e45[0K
travis_time:end:09d21e45:start=1459869496918459901,finish=1459869496921916686,duration=3456785[0Ktravis_time:start:1458acf4[0K[32;1mchange detected:
/home/travis/.m2/repository/com/squareup/retrofit2/adapter-guava/2.0.2-SNAPSHOT/adapter-guava-2.0.2-SNAPSHOT.jar
/home/travis/.m2/repository/com/squareup/retrofit2/adapter-guava/2.0.2-SNAPSHOT/maven-metadata-local.xml
/home/travis/.m2/repository/com/squareup/retrofit2/adapter-guava/2.0.2-SNAPSHOT/_remote.repositories
/home/travis/.m2/repository/com/squareup/retrofit2/adapter-guava/maven-metadata-local.xml
/home/travis/.m2/repository/com/squareup/retrofit2/adapter-java8/2.0.2-SNAPSHOT/adapter-java8-2.0.2-SNAPSHOT.jar
/home/travis/.m2/repository/com/squareup/retrofit2/adapter-java8/2.0.2-SNAPSHOT/maven-metadata-local.xml
/home/travis/.m2/repository/com/squareup/retrofit2/adapter-java8/2.0.2-SNAPSHOT/_remote.repositories
/home/travis/.m2/repository/com/squareup/retrofit2/adapter-java8/maven-metadata-local.xml
/home/travis/.m2/repository/com/squareup/retrofit2/adapter-rxjava/2.0.2-SNAPSHOT/adapter-rxjava-2.0.2-SNAPSHOT.jar
/home/travis/.m2/repository/com/squareup/retrofit2/adapter-rxjava/2.
[0m
[32;1m...
[0m
[32;1mchanges detected, packing new archive[0m
.
[32;1muploading archive[0m

travis_time:end:1458acf4:start=1459869496926541936,finish=1459869508285393436,duration=11358851500[0Ktravis_fold:end:cache.2[0Ktravis_fold:start:after_success[0Ktravis_time:start:05973874[0K$ .buildscript/deploy_snapshot.sh
Skipping snapshot deployment: was pull request.

travis_time:end:05973874:start=1459869508290264864,finish=1459869508296097420,duration=5832556[0Ktravis_fold:end:after_success[0K
Done. Your build exited with 0.
