Using worker: worker-linux-docker-2da54faa.prod.travis-ci.org:travis-linux-1

travis_fold:start:system_info[0K[33;1mBuild system information[0m
Build language: java
Build group: stable
Build dist: precise
[34m[1mBuild image provisioning date and time[0m
Thu Feb  5 15:09:33 UTC 2015
[34m[1mOperating System Details[0m
Distributor ID:	Ubuntu
Description:	Ubuntu 12.04.5 LTS
Release:	12.04
Codename:	precise
[34m[1mLinux Version[0m
3.13.0-29-generic
[34m[1mCookbooks Version[0m
a68419e https://github.com/travis-ci/travis-cookbooks/tree/a68419e
[34m[1mGCC version[0m
gcc (Ubuntu/Linaro 4.6.3-1ubuntu5) 4.6.3
Copyright (C) 2011 Free Software Foundation, Inc.
This is free software; see the source for copying conditions.  There is NO
warranty; not even for MERCHANTABILITY or FITNESS FOR A PARTICULAR PURPOSE.

[34m[1mLLVM version[0m
clang version 3.4 (tags/RELEASE_34/final)
Target: x86_64-unknown-linux-gnu
Thread model: posix
[34m[1mPre-installed Ruby versions[0m
ruby-1.9.3-p551
[34m[1mPre-installed Node.js versions[0m
v0.10.36
[34m[1mPre-installed Go versions[0m
1.4.1
[34m[1mRedis version[0m
redis-server 2.8.19
[34m[1mriak version[0m
2.0.2
[34m[1mMongoDB version[0m
MongoDB 2.4.12
[34m[1mCouchDB version[0m
couchdb 1.6.1
[34m[1mNeo4j version[0m
1.9.4
[34m[1mRabbitMQ Version[0m
3.4.3
[34m[1mElasticSearch version[0m
1.4.0
[34m[1mInstalled Sphinx versions[0m
2.0.10
2.1.9
2.2.6
[34m[1mDefault Sphinx version[0m
2.2.6
[34m[1mInstalled Firefox version[0m
firefox 31.0esr
[34m[1mPhantomJS version[0m
1.9.8
[34m[1mant -version[0m
Apache Ant(TM) version 1.8.2 compiled on December 3 2011
[34m[1mmvn -version[0m
Apache Maven 3.2.5 (12a6b3acb947671f09b81f49094c53f426d8cea1; 2014-12-14T17:29:23+00:00)
Maven home: /usr/local/maven
Java version: 1.7.0_76, vendor: Oracle Corporation
Java home: /usr/lib/jvm/java-7-oracle/jre
Default locale: en_US, platform encoding: ANSI_X3.4-1968
OS name: "linux", version: "3.13.0-29-generic", arch: "amd64", family: "unix"
travis_fold:end:system_info[0K
travis_fold:start:fix.CVE-2015-7547[0K$ export DEBIAN_FRONTEND=noninteractive
W: Size of file /var/lib/apt/lists/ppa.launchpad.net_ubuntugis_ppa_ubuntu_dists_precise_main_binary-amd64_Packages.gz is not what the server reported 36669 36677
W: Size of file /var/lib/apt/lists/ppa.launchpad.net_ubuntugis_ppa_ubuntu_dists_precise_main_binary-i386_Packages.gz is not what the server reported 36729 36733
W: Size of file /var/lib/apt/lists/us.archive.ubuntu.com_ubuntu_dists_precise-backports_multiverse_source_Sources.gz is not what the server reported 5886 5888
Reading package lists...
Building dependency tree...
Reading state information...
The following extra packages will be installed:
  libc-bin libc-dev-bin libc6-dev
Suggested packages:
  glibc-doc
The following packages will be upgraded:
  libc-bin libc-dev-bin libc6 libc6-dev
4 upgraded, 0 newly installed, 0 to remove and 236 not upgraded.
Need to get 8,844 kB of archives.
After this operation, 9,216 B disk space will be freed.
Get:1 http://us.archive.ubuntu.com/ubuntu/ precise-updates/main libc6-dev amd64 2.15-0ubuntu10.13 [2,943 kB]
Get:2 http://us.archive.ubuntu.com/ubuntu/ precise-updates/main libc-dev-bin amd64 2.15-0ubuntu10.13 [84.7 kB]
Get:3 http://us.archive.ubuntu.com/ubuntu/ precise-updates/main libc-bin amd64 2.15-0ubuntu10.13 [1,179 kB]
Get:4 http://us.archive.ubuntu.com/ubuntu/ precise-updates/main libc6 amd64 2.15-0ubuntu10.13 [4,637 kB]
Fetched 8,844 kB in 15s (558 kB/s)
Preconfiguring packages ...
(Reading database ... (Reading database ... 5%(Reading database ... 10%(Reading database ... 15%(Reading database ... 20%(Reading database ... 25%(Reading database ... 30%(Reading database ... 35%(Reading database ... 40%(Reading database ... 45%(Reading database ... 50%(Reading database ... 55%(Reading database ... 60%(Reading database ... 65%(Reading database ... 70%(Reading database ... 75%(Reading database ... 80%(Reading database ... 85%(Reading database ... 90%(Reading database ... 95%(Reading database ... 100%(Reading database ... 72019 files and directories currently installed.)
Preparing to replace libc6-dev 2.15-0ubuntu10.10 (using .../libc6-dev_2.15-0ubuntu10.13_amd64.deb) ...
Unpacking replacement libc6-dev ...
Preparing to replace libc-dev-bin 2.15-0ubuntu10.10 (using .../libc-dev-bin_2.15-0ubuntu10.13_amd64.deb) ...
Unpacking replacement libc-dev-bin ...
Preparing to replace libc-bin 2.15-0ubuntu10.10 (using .../libc-bin_2.15-0ubuntu10.13_amd64.deb) ...
Unpacking replacement libc-bin ...
Processing triggers for man-db ...
Setting up libc-bin (2.15-0ubuntu10.13) ...
(Reading database ... (Reading database ... 5%(Reading database ... 10%(Reading database ... 15%(Reading database ... 20%(Reading database ... 25%(Reading database ... 30%(Reading database ... 35%(Reading database ... 40%(Reading database ... 45%(Reading database ... 50%(Reading database ... 55%(Reading database ... 60%(Reading database ... 65%(Reading database ... 70%(Reading database ... 75%(Reading database ... 80%(Reading database ... 85%(Reading database ... 90%(Reading database ... 95%(Reading database ... 100%(Reading database ... 72019 files and directories currently installed.)
Preparing to replace libc6 2.15-0ubuntu10.10 (using .../libc6_2.15-0ubuntu10.13_amd64.deb) ...
Unpacking replacement libc6 ...
Setting up libc6 (2.15-0ubuntu10.13) ...
Setting up libc-dev-bin (2.15-0ubuntu10.13) ...
Setting up libc6-dev (2.15-0ubuntu10.13) ...
Processing triggers for libc-bin ...
ldconfig deferred processing now taking place
travis_fold:end:fix.CVE-2015-7547[0Ktravis_fold:start:git.checkout[0Ktravis_time:start:0e462653[0K$ git clone --depth=50 --branch=jw/test-exposed-util-behavior https://github.com/square/retrofit.git square/retrofit
Cloning into 'square/retrofit'...
remote: Counting objects: 1659, done.[K
remote: Compressing objects:   0% (1/760)   [Kremote: Compressing objects:   1% (8/760)   [Kremote: Compressing objects:   2% (16/760)   [Kremote: Compressing objects:   3% (23/760)   [Kremote: Compressing objects:   4% (31/760)   [Kremote: Compressing objects:   5% (38/760)   [Kremote: Compressing objects:   6% (46/760)   [Kremote: Compressing objects:   7% (54/760)   [Kremote: Compressing objects:   8% (61/760)   [Kremote: Compressing objects:   9% (69/760)   [Kremote: Compressing objects:  10% (76/760)   [Kremote: Compressing objects:  11% (84/760)   [Kremote: Compressing objects:  12% (92/760)   [Kremote: Compressing objects:  13% (99/760)   [Kremote: Compressing objects:  14% (107/760)   [Kremote: Compressing objects:  15% (114/760)   [Kremote: Compressing objects:  16% (122/760)   [Kremote: Compressing objects:  17% (130/760)   [Kremote: Compressing objects:  18% (137/760)   [Kremote: Compressing objects:  19% (145/760)   [Kremote: Compressing objects:  20% (152/760)   [Kremote: Compressing objects:  21% (160/760)   [Kremote: Compressing objects:  22% (168/760)   [Kremote: Compressing objects:  23% (175/760)   [Kremote: Compressing objects:  24% (183/760)   [Kremote: Compressing objects:  25% (190/760)   [Kremote: Compressing objects:  26% (198/760)   [Kremote: Compressing objects:  27% (206/760)   [Kremote: Compressing objects:  28% (213/760)   [Kremote: Compressing objects:  29% (221/760)   [Kremote: Compressing objects:  30% (228/760)   [Kremote: Compressing objects:  31% (236/760)   [Kremote: Compressing objects:  32% (244/760)   [Kremote: Compressing objects:  33% (251/760)   [Kremote: Compressing objects:  34% (259/760)   [Kremote: Compressing objects:  35% (266/760)   [Kremote: Compressing objects:  36% (274/760)   [Kremote: Compressing objects:  37% (282/760)   [Kremote: Compressing objects:  38% (289/760)   [Kremote: Compressing objects:  39% (297/760)   [Kremote: Compressing objects:  40% (304/760)   [Kremote: Compressing objects:  41% (312/760)   [Kremote: Compressing objects:  42% (320/760)   [Kremote: Compressing objects:  43% (327/760)   [Kremote: Compressing objects:  44% (335/760)   [Kremote: Compressing objects:  45% (342/760)   [Kremote: Compressing objects:  46% (350/760)   [Kremote: Compressing objects:  47% (358/760)   [Kremote: Compressing objects:  48% (365/760)   [Kremote: Compressing objects:  49% (373/760)   [Kremote: Compressing objects:  50% (380/760)   [Kremote: Compressing objects:  51% (388/760)   [Kremote: Compressing objects:  52% (396/760)   [Kremote: Compressing objects:  53% (403/760)   [Kremote: Compressing objects:  54% (411/760)   [Kremote: Compressing objects:  55% (418/760)   [Kremote: Compressing objects:  56% (426/760)   [Kremote: Compressing objects:  57% (434/760)   [Kremote: Compressing objects:  58% (441/760)   [Kremote: Compressing objects:  59% (449/760)   [Kremote: Compressing objects:  60% (456/760)   [Kremote: Compressing objects:  61% (464/760)   [Kremote: Compressing objects:  62% (472/760)   [Kremote: Compressing objects:  63% (479/760)   [Kremote: Compressing objects:  64% (487/760)   [Kremote: Compressing objects:  65% (494/760)   [Kremote: Compressing objects:  66% (502/760)   [Kremote: Compressing objects:  67% (510/760)   [Kremote: Compressing objects:  68% (517/760)   [Kremote: Compressing objects:  69% (525/760)   [Kremote: Compressing objects:  70% (532/760)   [Kremote: Compressing objects:  71% (540/760)   [Kremote: Compressing objects:  72% (548/760)   [Kremote: Compressing objects:  73% (555/760)   [Kremote: Compressing objects:  74% (563/760)   [Kremote: Compressing objects:  75% (570/760)   [Kremote: Compressing objects:  76% (578/760)   [Kremote: Compressing objects:  77% (586/760)   [Kremote: Compressing objects:  78% (593/760)   [Kremote: Compressing objects:  79% (601/760)   [Kremote: Compressing objects:  80% (608/760)   [Kremote: Compressing objects:  81% (616/760)   [Kremote: Compressing objects:  82% (624/760)   [Kremote: Compressing objects:  83% (631/760)   [Kremote: Compressing objects:  84% (639/760)   [Kremote: Compressing objects:  85% (646/760)   [Kremote: Compressing objects:  86% (654/760)   [Kremote: Compressing objects:  87% (662/760)   [Kremote: Compressing objects:  88% (669/760)   [Kremote: Compressing objects:  89% (677/760)   [Kremote: Compressing objects:  90% (684/760)   [Kremote: Compressing objects:  91% (692/760)   [Kremote: Compressing objects:  92% (700/760)   [Kremote: Compressing objects:  93% (707/760)   [Kremote: Compressing objects:  94% (715/760)   [Kremote: Compressing objects:  95% (722/760)   [Kremote: Compressing objects:  96% (730/760)   [Kremote: Compressing objects:  97% (738/760)   [Kremote: Compressing objects:  98% (745/760)   [Kremote: Compressing objects:  99% (753/760)   [Kremote: Compressing objects: 100% (760/760)   [Kremote: Compressing objects: 100% (760/760), done.[K
Receiving objects:   0% (1/1659)   Receiving objects:   1% (17/1659)   Receiving objects:   2% (34/1659)   Receiving objects:   3% (50/1659)   Receiving objects:   4% (67/1659)   Receiving objects:   5% (83/1659)   Receiving objects:   6% (100/1659)   Receiving objects:   7% (117/1659)   Receiving objects:   8% (133/1659)   Receiving objects:   9% (150/1659)   Receiving objects:  10% (166/1659)   Receiving objects:  11% (183/1659)   Receiving objects:  12% (200/1659)   Receiving objects:  13% (216/1659)   Receiving objects:  14% (233/1659)   Receiving objects:  15% (249/1659)   Receiving objects:  16% (266/1659)   Receiving objects:  17% (283/1659)   Receiving objects:  18% (299/1659)   Receiving objects:  19% (316/1659)   Receiving objects:  20% (332/1659)   Receiving objects:  21% (349/1659)   Receiving objects:  22% (365/1659)   Receiving objects:  23% (382/1659)   Receiving objects:  24% (399/1659)   Receiving objects:  25% (415/1659)   Receiving objects:  26% (432/1659)   Receiving objects:  27% (448/1659)   Receiving objects:  28% (465/1659)   Receiving objects:  29% (482/1659)   Receiving objects:  30% (498/1659)   Receiving objects:  31% (515/1659)   Receiving objects:  32% (531/1659)   Receiving objects:  33% (548/1659)   Receiving objects:  34% (565/1659)   Receiving objects:  35% (581/1659)   Receiving objects:  36% (598/1659)   Receiving objects:  37% (614/1659)   Receiving objects:  38% (631/1659)   Receiving objects:  39% (648/1659)   Receiving objects:  40% (664/1659)   Receiving objects:  41% (681/1659)   Receiving objects:  42% (697/1659)   Receiving objects:  43% (714/1659)   Receiving objects:  44% (730/1659)   Receiving objects:  45% (747/1659)   Receiving objects:  46% (764/1659)   Receiving objects:  47% (780/1659)   Receiving objects:  48% (797/1659)   Receiving objects:  49% (813/1659)   Receiving objects:  50% (830/1659)   Receiving objects:  51% (847/1659)   Receiving objects:  52% (863/1659)   Receiving objects:  53% (880/1659)   Receiving objects:  54% (896/1659)   Receiving objects:  55% (913/1659)   Receiving objects:  56% (930/1659)   Receiving objects:  57% (946/1659)   Receiving objects:  58% (963/1659)   Receiving objects:  59% (979/1659)   Receiving objects:  60% (996/1659)   Receiving objects:  61% (1012/1659)   Receiving objects:  62% (1029/1659)   Receiving objects:  63% (1046/1659)   Receiving objects:  64% (1062/1659)   Receiving objects:  65% (1079/1659)   Receiving objects:  66% (1095/1659)   Receiving objects:  67% (1112/1659)   Receiving objects:  68% (1129/1659)   Receiving objects:  69% (1145/1659)   Receiving objects:  70% (1162/1659)   Receiving objects:  71% (1178/1659)   Receiving objects:  72% (1195/1659)   Receiving objects:  73% (1212/1659)   Receiving objects:  74% (1228/1659)   Receiving objects:  75% (1245/1659)   Receiving objects:  76% (1261/1659)   Receiving objects:  77% (1278/1659)   Receiving objects:  78% (1295/1659)   Receiving objects:  79% (1311/1659)   Receiving objects:  80% (1328/1659)   Receiving objects:  81% (1344/1659)   Receiving objects:  82% (1361/1659)   Receiving objects:  83% (1377/1659)   Receiving objects:  84% (1394/1659)   Receiving objects:  85% (1411/1659)   Receiving objects:  86% (1427/1659)   Receiving objects:  87% (1444/1659)   Receiving objects:  88% (1460/1659)   Receiving objects:  89% (1477/1659)   remote: Total 1659 (delta 610), reused 1435 (delta 433), pack-reused 0[K
Receiving objects:  90% (1494/1659)   Receiving objects:  91% (1510/1659)   Receiving objects:  92% (1527/1659)   Receiving objects:  93% (1543/1659)   Receiving objects:  94% (1560/1659)   Receiving objects:  95% (1577/1659)   Receiving objects:  96% (1593/1659)   Receiving objects:  97% (1610/1659)   Receiving objects:  98% (1626/1659)   Receiving objects:  99% (1643/1659)   Receiving objects: 100% (1659/1659)   Receiving objects: 100% (1659/1659), 376.71 KiB | 0 bytes/s, done.
Resolving deltas:   0% (0/610)   Resolving deltas:   1% (7/610)   Resolving deltas:   4% (25/610)   Resolving deltas:   5% (36/610)   Resolving deltas:   6% (40/610)   Resolving deltas:   9% (57/610)   Resolving deltas:  11% (69/610)   Resolving deltas:  16% (102/610)   Resolving deltas:  17% (106/610)   Resolving deltas:  20% (126/610)   Resolving deltas:  22% (136/610)   Resolving deltas:  23% (141/610)   Resolving deltas:  24% (151/610)   Resolving deltas:  25% (154/610)   Resolving deltas:  26% (159/610)   Resolving deltas:  30% (185/610)   Resolving deltas:  32% (197/610)   Resolving deltas:  33% (206/610)   Resolving deltas:  34% (209/610)   Resolving deltas:  35% (219/610)   Resolving deltas:  36% (224/610)   Resolving deltas:  37% (226/610)   Resolving deltas:  49% (299/610)   Resolving deltas:  50% (308/610)   Resolving deltas:  51% (313/610)   Resolving deltas:  52% (318/610)   Resolving deltas:  54% (332/610)   Resolving deltas:  55% (337/610)   Resolving deltas:  56% (342/610)   Resolving deltas:  57% (348/610)   Resolving deltas:  59% (363/610)   Resolving deltas:  60% (370/610)   Resolving deltas:  62% (380/610)   Resolving deltas:  64% (395/610)   Resolving deltas:  65% (397/610)   Resolving deltas:  66% (406/610)   Resolving deltas:  68% (418/610)   Resolving deltas:  69% (421/610)   Resolving deltas:  70% (427/610)   Resolving deltas:  73% (449/610)   Resolving deltas:  74% (452/610)   Resolving deltas:  75% (463/610)   Resolving deltas:  76% (466/610)   Resolving deltas:  77% (470/610)   Resolving deltas:  78% (476/610)   Resolving deltas:  79% (483/610)   Resolving deltas:  80% (488/610)   Resolving deltas:  81% (495/610)   Resolving deltas:  82% (505/610)   Resolving deltas:  85% (523/610)   Resolving deltas:  86% (525/610)   Resolving deltas:  87% (533/610)   Resolving deltas:  88% (538/610)   Resolving deltas:  89% (544/610)   Resolving deltas:  90% (549/610)   Resolving deltas:  91% (559/610)   Resolving deltas:  92% (562/610)   Resolving deltas:  95% (581/610)   Resolving deltas:  96% (587/610)   Resolving deltas:  97% (592/610)   Resolving deltas: 100% (610/610)   Resolving deltas: 100% (610/610), done.
Checking connectivity... done.

travis_time:end:0e462653:start=1460094529844937884,finish=1460094530295605257,duration=450667373[0K$ cd square/retrofit
$ git checkout -qf b51d12896bb03aa7feab451dc5e3ff3a58dc2dce
travis_fold:end:git.checkout[0K
[33;1mThis job is running on container-based infrastructure, which does not allow use of 'sudo', setuid and setguid executables.[0m
[33;1mIf you require sudo, add 'sudo: required' to your .travis.yml[0m
[33;1mSee https://docs.travis-ci.com/user/workers/container-based-infrastructure/ for details.[0m

[33;1mSetting environment variables from .travis.yml[0m
$ export CI_DEPLOY_USERNAME=[secure]
$ export CI_DEPLOY_PASSWORD=[secure]

$ jdk_switcher use oraclejdk8
Switching to Oracle JDK8 (java-8-oracle), JAVA_HOME will be set to /usr/lib/jvm/java-8-oracle
travis_fold:start:cache.1[0KSetting up build cache
$ export CASHER_DIR=$HOME/.casher
travis_time:start:05bb11f0[0K$ Installing caching utilities

travis_time:end:05bb11f0:start=1460094531901270977,finish=1460094531950932044,duration=49661067[0Ktravis_time:start:2501464e[0K
travis_time:end:2501464e:start=1460094531955607915,finish=1460094531958874180,duration=3266265[0Ktravis_time:start:191a75c5[0K[32;1mattempting to download cache archive[0m
[32;1mfetching jwtest-exposed-util-behavior/cache--jdk-oraclejdk8.tgz[0m
[32;1mfetching jwtest-exposed-util-behavior/cache--jdk-oraclejdk8.tbz[0m
[32;1mfetching master/cache--jdk-oraclejdk8.tgz[0m
[32;1mfound cache[0m

travis_time:end:191a75c5:start=1460094531962779445,finish=1460094534104268576,duration=2141489131[0Ktravis_time:start:021cad4e[0K
travis_time:end:021cad4e:start=1460094534108044184,finish=1460094534111182838,duration=3138654[0Ktravis_time:start:0081a17f[0K[32;1madding /home/travis/.m2 to cache[0m

travis_time:end:0081a17f:start=1460094534114796388,finish=1460094535757975846,duration=1643179458[0Ktravis_fold:end:cache.1[0K$ java -Xmx32m -version
java version "1.8.0_31"
Java(TM) SE Runtime Environment (build 1.8.0_31-b13)
Java HotSpot(TM) 64-Bit Server VM (build 25.31-b07, mixed mode)
$ javac -J-Xmx32m -version
javac 1.8.0_31
travis_fold:start:install[0Ktravis_time:start:08da0176[0K$ mvn install -DskipTests=true -Dmaven.javadoc.skip=true -B -V
Java HotSpot(TM) 64-Bit Server VM warning: ignoring option MaxPermSize=192m; support was removed in 8.0
Apache Maven 3.2.5 (12a6b3acb947671f09b81f49094c53f426d8cea1; 2014-12-14T17:29:23+00:00)
Maven home: /usr/local/maven
Java version: 1.8.0_31, vendor: Oracle Corporation
Java home: /usr/lib/jvm/java-8-oracle/jre
Default locale: en_US, platform encoding: UTF-8
OS name: "linux", version: "3.13.0-40-generic", arch: "amd64", family: "unix"
[INFO] Scanning for projects...
[WARNING] 
[WARNING] Some problems were encountered while building the effective model for com.squareup.retrofit2:samples:jar:2.0.2-SNAPSHOT
[WARNING] 'build.plugins.plugin.version' for org.apache.maven.plugins:maven-deploy-plugin is missing. @ com.squareup.retrofit2:samples:[unknown-version], /home/travis/build/square/retrofit/samples/pom.xml, line 55, column 15
[WARNING] 
[WARNING] It is highly recommended to fix these problems because they threaten the stability of your build.
[WARNING] 
[WARNING] For this reason, future Maven versions might no longer support building such malformed projects.
[WARNING] 
[INFO] ------------------------------------------------------------------------
[INFO] Reactor Build Order:
[INFO] 
[INFO] Retrofit (Parent)
[INFO] Retrofit
[INFO] Adapters
[INFO] Adapter: Guava
[INFO] Adapter: Java 8
[INFO] Adapter: RxJava
[INFO] Converters
[INFO] Converter: Gson
[INFO] Converter: Protocol Buffers
[INFO] Converter: Jackson
[INFO] Converter: Wire Protocol Buffers
[INFO] Converter: SimpleXML
[INFO] Converter: Java Scalars
[INFO] Converter: Moshi
[INFO] Retrofit Mock Adapter
[INFO] Samples
[INFO]                                                                         
[INFO] ------------------------------------------------------------------------
[INFO] Building Retrofit (Parent) 2.0.2-SNAPSHOT
[INFO] ------------------------------------------------------------------------
[INFO] 
[INFO] --- maven-enforcer-plugin:1.0:enforce (enforce-maven) @ parent ---
[INFO] 
[INFO] --- animal-sniffer-maven-plugin:1.14:check (default) @ parent ---
[INFO] Checking unresolved references to org.codehaus.mojo.signature:java16:1.1
[INFO] 
[INFO] --- maven-javadoc-plugin:2.10.3:jar (attach-javadocs) @ parent ---
[INFO] Skipping javadoc generation
[INFO] 
[INFO] --- maven-checkstyle-plugin:2.15:checkstyle (default) @ parent ---
[INFO] 
[INFO] --- maven-install-plugin:2.4:install (default-install) @ parent ---
[INFO] Installing /home/travis/build/square/retrofit/pom.xml to /home/travis/.m2/repository/com/squareup/retrofit2/parent/2.0.2-SNAPSHOT/parent-2.0.2-SNAPSHOT.pom
[INFO]                                                                         
[INFO] ------------------------------------------------------------------------
[INFO] Building Retrofit 2.0.2-SNAPSHOT
[INFO] ------------------------------------------------------------------------
[INFO] 
[INFO] --- maven-enforcer-plugin:1.0:enforce (enforce-maven) @ retrofit ---
[INFO] 
[INFO] --- maven-resources-plugin:2.6:resources (default-resources) @ retrofit ---
[INFO] Using 'UTF-8' encoding to copy filtered resources.
[INFO] skip non existing resourceDirectory /home/travis/build/square/retrofit/retrofit/src/main/resources
[INFO] 
[INFO] --- maven-compiler-plugin:3.0:compile (default-compile) @ retrofit ---
[INFO] Changes detected - recompiling the module!
[INFO] Compiling 39 source files to /home/travis/build/square/retrofit/retrofit/target/classes
[WARNING] /home/travis/build/square/retrofit/retrofit/src/main/java/retrofit2/Retrofit.java: Some input files use unchecked or unsafe operations.
[WARNING] /home/travis/build/square/retrofit/retrofit/src/main/java/retrofit2/Retrofit.java: Recompile with -Xlint:unchecked for details.
[INFO] 
[INFO] --- maven-resources-plugin:2.6:testResources (default-testResources) @ retrofit ---
[INFO] Using 'UTF-8' encoding to copy filtered resources.
[INFO] skip non existing resourceDirectory /home/travis/build/square/retrofit/retrofit/src/test/resources
[INFO] 
[INFO] --- maven-compiler-plugin:3.0:testCompile (default-testCompile) @ retrofit ---
[INFO] Changes detected - recompiling the module!
[INFO] Compiling 14 source files to /home/travis/build/square/retrofit/retrofit/target/test-classes
[WARNING] /home/travis/build/square/retrofit/retrofit/src/test/java/retrofit2/RetrofitTest.java: /home/travis/build/square/retrofit/retrofit/src/test/java/retrofit2/RetrofitTest.java uses unchecked or unsafe operations.
[WARNING] /home/travis/build/square/retrofit/retrofit/src/test/java/retrofit2/RetrofitTest.java: Recompile with -Xlint:unchecked for details.
[INFO] 
[INFO] --- maven-surefire-plugin:2.12.4:test (default-test) @ retrofit ---
[INFO] Tests are skipped.
[INFO] 
[INFO] --- animal-sniffer-maven-plugin:1.14:check (default) @ retrofit ---
[INFO] Checking unresolved references to org.codehaus.mojo.signature:java16:1.1
[INFO] 
[INFO] --- maven-jar-plugin:2.4:jar (default-jar) @ retrofit ---
[INFO] Building jar: /home/travis/build/square/retrofit/retrofit/target/retrofit-2.0.2-SNAPSHOT.jar
[INFO] 
[INFO] --- maven-javadoc-plugin:2.10.3:jar (attach-javadocs) @ retrofit ---
[INFO] Skipping javadoc generation
[INFO] 
[INFO] --- maven-checkstyle-plugin:2.15:checkstyle (default) @ retrofit ---
[INFO] Starting audit...
Audit done.
[WARNING] Unable to locate Source XRef to link to - DISABLED
[INFO] 
[INFO] --- maven-install-plugin:2.4:install (default-install) @ retrofit ---
[INFO] Installing /home/travis/build/square/retrofit/retrofit/target/retrofit-2.0.2-SNAPSHOT.jar to /home/travis/.m2/repository/com/squareup/retrofit2/retrofit/2.0.2-SNAPSHOT/retrofit-2.0.2-SNAPSHOT.jar
[INFO] Installing /home/travis/build/square/retrofit/retrofit/pom.xml to /home/travis/.m2/repository/com/squareup/retrofit2/retrofit/2.0.2-SNAPSHOT/retrofit-2.0.2-SNAPSHOT.pom
[INFO]                                                                         
[INFO] ------------------------------------------------------------------------
[INFO] Building Adapters 2.0.2-SNAPSHOT
[INFO] ------------------------------------------------------------------------
[INFO] 
[INFO] --- maven-enforcer-plugin:1.0:enforce (enforce-maven) @ retrofit-adapters ---
[INFO] 
[INFO] --- animal-sniffer-maven-plugin:1.14:check (default) @ retrofit-adapters ---
[INFO] Checking unresolved references to org.codehaus.mojo.signature:java16:1.1
[INFO] 
[INFO] --- maven-javadoc-plugin:2.10.3:jar (attach-javadocs) @ retrofit-adapters ---
[INFO] Skipping javadoc generation
[INFO] 
[INFO] --- maven-checkstyle-plugin:2.15:checkstyle (default) @ retrofit-adapters ---
[INFO] 
[INFO] --- maven-install-plugin:2.4:install (default-install) @ retrofit-adapters ---
[INFO] Installing /home/travis/build/square/retrofit/retrofit-adapters/pom.xml to /home/travis/.m2/repository/com/squareup/retrofit2/retrofit-adapters/2.0.2-SNAPSHOT/retrofit-adapters-2.0.2-SNAPSHOT.pom
[INFO]                                                                         
[INFO] ------------------------------------------------------------------------
[INFO] Building Adapter: Guava 2.0.2-SNAPSHOT
[INFO] ------------------------------------------------------------------------
[INFO] 
[INFO] --- maven-enforcer-plugin:1.0:enforce (enforce-maven) @ adapter-guava ---
[INFO] 
[INFO] --- maven-resources-plugin:2.6:resources (default-resources) @ adapter-guava ---
[INFO] Using 'UTF-8' encoding to copy filtered resources.
[INFO] skip non existing resourceDirectory /home/travis/build/square/retrofit/retrofit-adapters/guava/src/main/resources
[INFO] 
[INFO] --- maven-compiler-plugin:3.0:compile (default-compile) @ adapter-guava ---
[INFO] Changes detected - recompiling the module!
[INFO] Compiling 2 source files to /home/travis/build/square/retrofit/retrofit-adapters/guava/target/classes
[INFO] 
[INFO] --- maven-resources-plugin:2.6:testResources (default-testResources) @ adapter-guava ---
[INFO] Using 'UTF-8' encoding to copy filtered resources.
[INFO] skip non existing resourceDirectory /home/travis/build/square/retrofit/retrofit-adapters/guava/src/test/resources
[INFO] 
[INFO] --- maven-compiler-plugin:3.0:testCompile (default-testCompile) @ adapter-guava ---
[INFO] Changes detected - recompiling the module!
[INFO] Compiling 3 source files to /home/travis/build/square/retrofit/retrofit-adapters/guava/target/test-classes
[INFO] 
[INFO] --- maven-surefire-plugin:2.12.4:test (default-test) @ adapter-guava ---
[INFO] Tests are skipped.
[INFO] 
[INFO] --- animal-sniffer-maven-plugin:1.14:check (default) @ adapter-guava ---
[INFO] Checking unresolved references to org.codehaus.mojo.signature:java16:1.1
[INFO] 
[INFO] --- maven-jar-plugin:2.4:jar (default-jar) @ adapter-guava ---
[INFO] Building jar: /home/travis/build/square/retrofit/retrofit-adapters/guava/target/adapter-guava-2.0.2-SNAPSHOT.jar
[INFO] 
[INFO] --- maven-javadoc-plugin:2.10.3:jar (attach-javadocs) @ adapter-guava ---
[INFO] Skipping javadoc generation
[INFO] 
[INFO] --- maven-checkstyle-plugin:2.15:checkstyle (default) @ adapter-guava ---
[INFO] Starting audit...
Audit done.
[WARNING] Unable to locate Source XRef to link to - DISABLED
[INFO] 
[INFO] --- maven-install-plugin:2.4:install (default-install) @ adapter-guava ---
[INFO] Installing /home/travis/build/square/retrofit/retrofit-adapters/guava/target/adapter-guava-2.0.2-SNAPSHOT.jar to /home/travis/.m2/repository/com/squareup/retrofit2/adapter-guava/2.0.2-SNAPSHOT/adapter-guava-2.0.2-SNAPSHOT.jar
[INFO] Installing /home/travis/build/square/retrofit/retrofit-adapters/guava/pom.xml to /home/travis/.m2/repository/com/squareup/retrofit2/adapter-guava/2.0.2-SNAPSHOT/adapter-guava-2.0.2-SNAPSHOT.pom
[INFO]                                                                         
[INFO] ------------------------------------------------------------------------
[INFO] Building Adapter: Java 8 2.0.2-SNAPSHOT
[INFO] ------------------------------------------------------------------------
[INFO] 
[INFO] --- maven-enforcer-plugin:1.0:enforce (enforce-maven) @ adapter-java8 ---
[INFO] 
[INFO] --- maven-resources-plugin:2.6:resources (default-resources) @ adapter-java8 ---
[INFO] Using 'UTF-8' encoding to copy filtered resources.
[INFO] skip non existing resourceDirectory /home/travis/build/square/retrofit/retrofit-adapters/java8/src/main/resources
[INFO] 
[INFO] --- maven-compiler-plugin:3.0:compile (default-compile) @ adapter-java8 ---
[INFO] Changes detected - recompiling the module!
[INFO] Compiling 2 source files to /home/travis/build/square/retrofit/retrofit-adapters/java8/target/classes
[INFO] 
[INFO] --- maven-resources-plugin:2.6:testResources (default-testResources) @ adapter-java8 ---
[INFO] Using 'UTF-8' encoding to copy filtered resources.
[INFO] skip non existing resourceDirectory /home/travis/build/square/retrofit/retrofit-adapters/java8/src/test/resources
[INFO] 
[INFO] --- maven-compiler-plugin:3.0:testCompile (default-testCompile) @ adapter-java8 ---
[INFO] Changes detected - recompiling the module!
[INFO] Compiling 3 source files to /home/travis/build/square/retrofit/retrofit-adapters/java8/target/test-classes
[INFO] 
[INFO] --- maven-surefire-plugin:2.12.4:test (default-test) @ adapter-java8 ---
[INFO] Tests are skipped.
[INFO] 
[INFO] --- animal-sniffer-maven-plugin:1.14:check (default) @ adapter-java8 ---
[INFO] Checking unresolved references to org.kaazing.mojo.signature:java18:1.0
[INFO] 
[INFO] --- maven-jar-plugin:2.4:jar (default-jar) @ adapter-java8 ---
[INFO] Building jar: /home/travis/build/square/retrofit/retrofit-adapters/java8/target/adapter-java8-2.0.2-SNAPSHOT.jar
[INFO] 
[INFO] --- maven-javadoc-plugin:2.10.3:jar (attach-javadocs) @ adapter-java8 ---
[INFO] Skipping javadoc generation
[INFO] 
[INFO] --- maven-checkstyle-plugin:2.15:checkstyle (default) @ adapter-java8 ---
[INFO] Starting audit...
Audit done.
[WARNING] Unable to locate Source XRef to link to - DISABLED
[INFO] 
[INFO] --- maven-install-plugin:2.4:install (default-install) @ adapter-java8 ---
[INFO] Installing /home/travis/build/square/retrofit/retrofit-adapters/java8/target/adapter-java8-2.0.2-SNAPSHOT.jar to /home/travis/.m2/repository/com/squareup/retrofit2/adapter-java8/2.0.2-SNAPSHOT/adapter-java8-2.0.2-SNAPSHOT.jar
[INFO] Installing /home/travis/build/square/retrofit/retrofit-adapters/java8/pom.xml to /home/travis/.m2/repository/com/squareup/retrofit2/adapter-java8/2.0.2-SNAPSHOT/adapter-java8-2.0.2-SNAPSHOT.pom
[INFO]                                                                         
[INFO] ------------------------------------------------------------------------
[INFO] Building Adapter: RxJava 2.0.2-SNAPSHOT
[INFO] ------------------------------------------------------------------------
[INFO] 
[INFO] --- maven-enforcer-plugin:1.0:enforce (enforce-maven) @ adapter-rxjava ---
[INFO] 
[INFO] --- maven-resources-plugin:2.6:resources (default-resources) @ adapter-rxjava ---
[INFO] Using 'UTF-8' encoding to copy filtered resources.
[INFO] skip non existing resourceDirectory /home/travis/build/square/retrofit/retrofit-adapters/rxjava/src/main/resources
[INFO] 
[INFO] --- maven-compiler-plugin:3.0:compile (default-compile) @ adapter-rxjava ---
[INFO] Changes detected - recompiling the module!
[INFO] Compiling 6 source files to /home/travis/build/square/retrofit/retrofit-adapters/rxjava/target/classes
[INFO] 
[INFO] --- maven-resources-plugin:2.6:testResources (default-testResources) @ adapter-rxjava ---
[INFO] Using 'UTF-8' encoding to copy filtered resources.
[INFO] skip non existing resourceDirectory /home/travis/build/square/retrofit/retrofit-adapters/rxjava/src/test/resources
[INFO] 
[INFO] --- maven-compiler-plugin:3.0:testCompile (default-testCompile) @ adapter-rxjava ---
[INFO] Changes detected - recompiling the module!
[INFO] Compiling 9 source files to /home/travis/build/square/retrofit/retrofit-adapters/rxjava/target/test-classes
[INFO] 
[INFO] --- maven-surefire-plugin:2.12.4:test (default-test) @ adapter-rxjava ---
[INFO] Tests are skipped.
[INFO] 
[INFO] --- animal-sniffer-maven-plugin:1.14:check (default) @ adapter-rxjava ---
[INFO] Checking unresolved references to org.codehaus.mojo.signature:java16:1.1
[INFO] 
[INFO] --- maven-jar-plugin:2.4:jar (default-jar) @ adapter-rxjava ---
[INFO] Building jar: /home/travis/build/square/retrofit/retrofit-adapters/rxjava/target/adapter-rxjava-2.0.2-SNAPSHOT.jar
[INFO] 
[INFO] --- maven-javadoc-plugin:2.10.3:jar (attach-javadocs) @ adapter-rxjava ---
[INFO] Skipping javadoc generation
[INFO] 
[INFO] --- maven-checkstyle-plugin:2.15:checkstyle (default) @ adapter-rxjava ---
[INFO] Starting audit...
Audit done.
[WARNING] Unable to locate Source XRef to link to - DISABLED
[INFO] 
[INFO] --- maven-install-plugin:2.4:install (default-install) @ adapter-rxjava ---
[INFO] Installing /home/travis/build/square/retrofit/retrofit-adapters/rxjava/target/adapter-rxjava-2.0.2-SNAPSHOT.jar to /home/travis/.m2/repository/com/squareup/retrofit2/adapter-rxjava/2.0.2-SNAPSHOT/adapter-rxjava-2.0.2-SNAPSHOT.jar
[INFO] Installing /home/travis/build/square/retrofit/retrofit-adapters/rxjava/pom.xml to /home/travis/.m2/repository/com/squareup/retrofit2/adapter-rxjava/2.0.2-SNAPSHOT/adapter-rxjava-2.0.2-SNAPSHOT.pom
[INFO]                                                                         
[INFO] ------------------------------------------------------------------------
[INFO] Building Converters 2.0.2-SNAPSHOT
[INFO] ------------------------------------------------------------------------
[INFO] 
[INFO] --- maven-enforcer-plugin:1.0:enforce (enforce-maven) @ retrofit-converters ---
[INFO] 
[INFO] --- animal-sniffer-maven-plugin:1.14:check (default) @ retrofit-converters ---
[INFO] Checking unresolved references to org.codehaus.mojo.signature:java16:1.1
[INFO] 
[INFO] --- maven-javadoc-plugin:2.10.3:jar (attach-javadocs) @ retrofit-converters ---
[INFO] Skipping javadoc generation
[INFO] 
[INFO] --- maven-checkstyle-plugin:2.15:checkstyle (default) @ retrofit-converters ---
[INFO] 
[INFO] --- maven-install-plugin:2.4:install (default-install) @ retrofit-converters ---
[INFO] Installing /home/travis/build/square/retrofit/retrofit-converters/pom.xml to /home/travis/.m2/repository/com/squareup/retrofit2/retrofit-converters/2.0.2-SNAPSHOT/retrofit-converters-2.0.2-SNAPSHOT.pom
[INFO]                                                                         
[INFO] ------------------------------------------------------------------------
[INFO] Building Converter: Gson 2.0.2-SNAPSHOT
[INFO] ------------------------------------------------------------------------
[INFO] 
[INFO] --- maven-enforcer-plugin:1.0:enforce (enforce-maven) @ converter-gson ---
[INFO] 
[INFO] --- maven-resources-plugin:2.6:resources (default-resources) @ converter-gson ---
[INFO] Using 'UTF-8' encoding to copy filtered resources.
[INFO] skip non existing resourceDirectory /home/travis/build/square/retrofit/retrofit-converters/gson/src/main/resources
[INFO] 
[INFO] --- maven-compiler-plugin:3.0:compile (default-compile) @ converter-gson ---
[INFO] Changes detected - recompiling the module!
[INFO] Compiling 3 source files to /home/travis/build/square/retrofit/retrofit-converters/gson/target/classes
[INFO] 
[INFO] --- maven-resources-plugin:2.6:testResources (default-testResources) @ converter-gson ---
[INFO] Using 'UTF-8' encoding to copy filtered resources.
[INFO] skip non existing resourceDirectory /home/travis/build/square/retrofit/retrofit-converters/gson/src/test/resources
[INFO] 
[INFO] --- maven-compiler-plugin:3.0:testCompile (default-testCompile) @ converter-gson ---
[INFO] Changes detected - recompiling the module!
[INFO] Compiling 1 source file to /home/travis/build/square/retrofit/retrofit-converters/gson/target/test-classes
[INFO] 
[INFO] --- maven-surefire-plugin:2.12.4:test (default-test) @ converter-gson ---
[INFO] Tests are skipped.
[INFO] 
[INFO] --- animal-sniffer-maven-plugin:1.14:check (default) @ converter-gson ---
[INFO] Checking unresolved references to org.codehaus.mojo.signature:java16:1.1
[INFO] 
[INFO] --- maven-jar-plugin:2.4:jar (default-jar) @ converter-gson ---
[INFO] Building jar: /home/travis/build/square/retrofit/retrofit-converters/gson/target/converter-gson-2.0.2-SNAPSHOT.jar
[INFO] 
[INFO] --- maven-javadoc-plugin:2.10.3:jar (attach-javadocs) @ converter-gson ---
[INFO] Skipping javadoc generation
[INFO] 
[INFO] --- maven-checkstyle-plugin:2.15:checkstyle (default) @ converter-gson ---
[INFO] Starting audit...
Audit done.
[WARNING] Unable to locate Source XRef to link to - DISABLED
[INFO] 
[INFO] --- maven-install-plugin:2.4:install (default-install) @ converter-gson ---
[INFO] Installing /home/travis/build/square/retrofit/retrofit-converters/gson/target/converter-gson-2.0.2-SNAPSHOT.jar to /home/travis/.m2/repository/com/squareup/retrofit2/converter-gson/2.0.2-SNAPSHOT/converter-gson-2.0.2-SNAPSHOT.jar
[INFO] Installing /home/travis/build/square/retrofit/retrofit-converters/gson/pom.xml to /home/travis/.m2/repository/com/squareup/retrofit2/converter-gson/2.0.2-SNAPSHOT/converter-gson-2.0.2-SNAPSHOT.pom
[INFO]                                                                         
[INFO] ------------------------------------------------------------------------
[INFO] Building Converter: Protocol Buffers 2.0.2-SNAPSHOT
[INFO] ------------------------------------------------------------------------
[INFO] 
[INFO] --- maven-enforcer-plugin:1.0:enforce (enforce-maven) @ converter-protobuf ---
[INFO] 
[INFO] --- maven-resources-plugin:2.6:resources (default-resources) @ converter-protobuf ---
[INFO] Using 'UTF-8' encoding to copy filtered resources.
[INFO] skip non existing resourceDirectory /home/travis/build/square/retrofit/retrofit-converters/protobuf/src/main/resources
[INFO] 
[INFO] --- maven-compiler-plugin:3.0:compile (default-compile) @ converter-protobuf ---
[INFO] Changes detected - recompiling the module!
[INFO] Compiling 3 source files to /home/travis/build/square/retrofit/retrofit-converters/protobuf/target/classes
[WARNING] /home/travis/build/square/retrofit/retrofit-converters/protobuf/src/main/java/retrofit2/converter/protobuf/ProtoConverterFactory.java: /home/travis/build/square/retrofit/retrofit-converters/protobuf/src/main/java/retrofit2/converter/protobuf/ProtoConverterFactory.java uses unchecked or unsafe operations.
[WARNING] /home/travis/build/square/retrofit/retrofit-converters/protobuf/src/main/java/retrofit2/converter/protobuf/ProtoConverterFactory.java: Recompile with -Xlint:unchecked for details.
[INFO] 
[INFO] --- maven-resources-plugin:2.6:testResources (default-testResources) @ converter-protobuf ---
[INFO] Using 'UTF-8' encoding to copy filtered resources.
[INFO] skip non existing resourceDirectory /home/travis/build/square/retrofit/retrofit-converters/protobuf/src/test/resources
[INFO] 
[INFO] --- maven-compiler-plugin:3.0:testCompile (default-testCompile) @ converter-protobuf ---
[INFO] Changes detected - recompiling the module!
[INFO] Compiling 2 source files to /home/travis/build/square/retrofit/retrofit-converters/protobuf/target/test-classes
[INFO] 
[INFO] --- maven-surefire-plugin:2.12.4:test (default-test) @ converter-protobuf ---
[INFO] Tests are skipped.
[INFO] 
[INFO] --- animal-sniffer-maven-plugin:1.14:check (default) @ converter-protobuf ---
[INFO] Checking unresolved references to org.codehaus.mojo.signature:java16:1.1
[INFO] 
[INFO] --- maven-jar-plugin:2.4:jar (default-jar) @ converter-protobuf ---
[INFO] Building jar: /home/travis/build/square/retrofit/retrofit-converters/protobuf/target/converter-protobuf-2.0.2-SNAPSHOT.jar
[INFO] 
[INFO] --- maven-javadoc-plugin:2.10.3:jar (attach-javadocs) @ converter-protobuf ---
[INFO] Skipping javadoc generation
[INFO] 
[INFO] --- maven-checkstyle-plugin:2.15:checkstyle (default) @ converter-protobuf ---
[INFO] Starting audit...
Audit done.
[WARNING] Unable to locate Source XRef to link to - DISABLED
[INFO] 
[INFO] --- maven-install-plugin:2.4:install (default-install) @ converter-protobuf ---
[INFO] Installing /home/travis/build/square/retrofit/retrofit-converters/protobuf/target/converter-protobuf-2.0.2-SNAPSHOT.jar to /home/travis/.m2/repository/com/squareup/retrofit2/converter-protobuf/2.0.2-SNAPSHOT/converter-protobuf-2.0.2-SNAPSHOT.jar
[INFO] Installing /home/travis/build/square/retrofit/retrofit-converters/protobuf/pom.xml to /home/travis/.m2/repository/com/squareup/retrofit2/converter-protobuf/2.0.2-SNAPSHOT/converter-protobuf-2.0.2-SNAPSHOT.pom
[INFO]                                                                         
[INFO] ------------------------------------------------------------------------
[INFO] Building Converter: Jackson 2.0.2-SNAPSHOT
[INFO] ------------------------------------------------------------------------
[INFO] 
[INFO] --- maven-enforcer-plugin:1.0:enforce (enforce-maven) @ converter-jackson ---
[INFO] 
[INFO] --- maven-resources-plugin:2.6:resources (default-resources) @ converter-jackson ---
[INFO] Using 'UTF-8' encoding to copy filtered resources.
[INFO] skip non existing resourceDirectory /home/travis/build/square/retrofit/retrofit-converters/jackson/src/main/resources
[INFO] 
[INFO] --- maven-compiler-plugin:3.0:compile (default-compile) @ converter-jackson ---
[INFO] Changes detected - recompiling the module!
[INFO] Compiling 3 source files to /home/travis/build/square/retrofit/retrofit-converters/jackson/target/classes
[WARNING] /home/travis/build/square/retrofit/retrofit-converters/jackson/src/main/java/retrofit2/converter/jackson/JacksonConverterFactory.java: /home/travis/build/square/retrofit/retrofit-converters/jackson/src/main/java/retrofit2/converter/jackson/JacksonConverterFactory.java uses or overrides a deprecated API.
[WARNING] /home/travis/build/square/retrofit/retrofit-converters/jackson/src/main/java/retrofit2/converter/jackson/JacksonConverterFactory.java: Recompile with -Xlint:deprecation for details.
[INFO] 
[INFO] --- maven-resources-plugin:2.6:testResources (default-testResources) @ converter-jackson ---
[INFO] Using 'UTF-8' encoding to copy filtered resources.
[INFO] skip non existing resourceDirectory /home/travis/build/square/retrofit/retrofit-converters/jackson/src/test/resources
[INFO] 
[INFO] --- maven-compiler-plugin:3.0:testCompile (default-testCompile) @ converter-jackson ---
[INFO] Changes detected - recompiling the module!
[INFO] Compiling 1 source file to /home/travis/build/square/retrofit/retrofit-converters/jackson/target/test-classes
[WARNING] /home/travis/build/square/retrofit/retrofit-converters/jackson/src/test/java/retrofit2/converter/jackson/JacksonConverterFactoryTest.java: /home/travis/build/square/retrofit/retrofit-converters/jackson/src/test/java/retrofit2/converter/jackson/JacksonConverterFactoryTest.java uses or overrides a deprecated API.
[WARNING] /home/travis/build/square/retrofit/retrofit-converters/jackson/src/test/java/retrofit2/converter/jackson/JacksonConverterFactoryTest.java: Recompile with -Xlint:deprecation for details.
[INFO] 
[INFO] --- maven-surefire-plugin:2.12.4:test (default-test) @ converter-jackson ---
[INFO] Tests are skipped.
[INFO] 
[INFO] --- animal-sniffer-maven-plugin:1.14:check (default) @ converter-jackson ---
[INFO] Checking unresolved references to org.codehaus.mojo.signature:java16:1.1
[INFO] 
[INFO] --- maven-jar-plugin:2.4:jar (default-jar) @ converter-jackson ---
[INFO] Building jar: /home/travis/build/square/retrofit/retrofit-converters/jackson/target/converter-jackson-2.0.2-SNAPSHOT.jar
[INFO] 
[INFO] --- maven-javadoc-plugin:2.10.3:jar (attach-javadocs) @ converter-jackson ---
[INFO] Skipping javadoc generation
[INFO] 
[INFO] --- maven-checkstyle-plugin:2.15:checkstyle (default) @ converter-jackson ---
[INFO] Starting audit...
Audit done.
[WARNING] Unable to locate Source XRef to link to - DISABLED
[INFO] 
[INFO] --- maven-install-plugin:2.4:install (default-install) @ converter-jackson ---
[INFO] Installing /home/travis/build/square/retrofit/retrofit-converters/jackson/target/converter-jackson-2.0.2-SNAPSHOT.jar to /home/travis/.m2/repository/com/squareup/retrofit2/converter-jackson/2.0.2-SNAPSHOT/converter-jackson-2.0.2-SNAPSHOT.jar
[INFO] Installing /home/travis/build/square/retrofit/retrofit-converters/jackson/pom.xml to /home/travis/.m2/repository/com/squareup/retrofit2/converter-jackson/2.0.2-SNAPSHOT/converter-jackson-2.0.2-SNAPSHOT.pom
[INFO]                                                                         
[INFO] ------------------------------------------------------------------------
[INFO] Building Converter: Wire Protocol Buffers 2.0.2-SNAPSHOT
[INFO] ------------------------------------------------------------------------
[INFO] 
[INFO] --- maven-enforcer-plugin:1.0:enforce (enforce-maven) @ converter-wire ---
[INFO] 
[INFO] --- maven-resources-plugin:2.6:resources (default-resources) @ converter-wire ---
[INFO] Using 'UTF-8' encoding to copy filtered resources.
[INFO] skip non existing resourceDirectory /home/travis/build/square/retrofit/retrofit-converters/wire/src/main/resources
[INFO] 
[INFO] --- maven-compiler-plugin:3.0:compile (default-compile) @ converter-wire ---
[INFO] Changes detected - recompiling the module!
[INFO] Compiling 3 source files to /home/travis/build/square/retrofit/retrofit-converters/wire/target/classes
[WARNING] /home/travis/build/square/retrofit/retrofit-converters/wire/src/main/java/retrofit2/converter/wire/WireConverterFactory.java: /home/travis/build/square/retrofit/retrofit-converters/wire/src/main/java/retrofit2/converter/wire/WireConverterFactory.java uses unchecked or unsafe operations.
[WARNING] /home/travis/build/square/retrofit/retrofit-converters/wire/src/main/java/retrofit2/converter/wire/WireConverterFactory.java: Recompile with -Xlint:unchecked for details.
[INFO] 
[INFO] --- maven-resources-plugin:2.6:testResources (default-testResources) @ converter-wire ---
[INFO] Using 'UTF-8' encoding to copy filtered resources.
[INFO] skip non existing resourceDirectory /home/travis/build/square/retrofit/retrofit-converters/wire/src/test/resources
[INFO] 
[INFO] --- maven-compiler-plugin:3.0:testCompile (default-testCompile) @ converter-wire ---
[INFO] Changes detected - recompiling the module!
[INFO] Compiling 2 source files to /home/travis/build/square/retrofit/retrofit-converters/wire/target/test-classes
[INFO] 
[INFO] --- maven-surefire-plugin:2.12.4:test (default-test) @ converter-wire ---
[INFO] Tests are skipped.
[INFO] 
[INFO] --- animal-sniffer-maven-plugin:1.14:check (default) @ converter-wire ---
[INFO] Checking unresolved references to org.codehaus.mojo.signature:java16:1.1
[INFO] 
[INFO] --- maven-jar-plugin:2.4:jar (default-jar) @ converter-wire ---
[INFO] Building jar: /home/travis/build/square/retrofit/retrofit-converters/wire/target/converter-wire-2.0.2-SNAPSHOT.jar
[INFO] 
[INFO] --- maven-javadoc-plugin:2.10.3:jar (attach-javadocs) @ converter-wire ---
[INFO] Skipping javadoc generation
[INFO] 
[INFO] --- maven-checkstyle-plugin:2.15:checkstyle (default) @ converter-wire ---
[INFO] Starting audit...
Audit done.
[WARNING] Unable to locate Source XRef to link to - DISABLED
[INFO] 
[INFO] --- maven-install-plugin:2.4:install (default-install) @ converter-wire ---
[INFO] Installing /home/travis/build/square/retrofit/retrofit-converters/wire/target/converter-wire-2.0.2-SNAPSHOT.jar to /home/travis/.m2/repository/com/squareup/retrofit2/converter-wire/2.0.2-SNAPSHOT/converter-wire-2.0.2-SNAPSHOT.jar
[INFO] Installing /home/travis/build/square/retrofit/retrofit-converters/wire/pom.xml to /home/travis/.m2/repository/com/squareup/retrofit2/converter-wire/2.0.2-SNAPSHOT/converter-wire-2.0.2-SNAPSHOT.pom
[INFO]                                                                         
[INFO] ------------------------------------------------------------------------
[INFO] Building Converter: SimpleXML 2.0.2-SNAPSHOT
[INFO] ------------------------------------------------------------------------
[INFO] 
[INFO] --- maven-enforcer-plugin:1.0:enforce (enforce-maven) @ converter-simplexml ---
[INFO] 
[INFO] --- maven-resources-plugin:2.6:resources (default-resources) @ converter-simplexml ---
[INFO] Using 'UTF-8' encoding to copy filtered resources.
[INFO] skip non existing resourceDirectory /home/travis/build/square/retrofit/retrofit-converters/simplexml/src/main/resources
[INFO] 
[INFO] --- maven-compiler-plugin:3.0:compile (default-compile) @ converter-simplexml ---
[INFO] Changes detected - recompiling the module!
[INFO] Compiling 3 source files to /home/travis/build/square/retrofit/retrofit-converters/simplexml/target/classes
[INFO] 
[INFO] --- maven-resources-plugin:2.6:testResources (default-testResources) @ converter-simplexml ---
[INFO] Using 'UTF-8' encoding to copy filtered resources.
[INFO] skip non existing resourceDirectory /home/travis/build/square/retrofit/retrofit-converters/simplexml/src/test/resources
[INFO] 
[INFO] --- maven-compiler-plugin:3.0:testCompile (default-testCompile) @ converter-simplexml ---
[INFO] Changes detected - recompiling the module!
[INFO] Compiling 2 source files to /home/travis/build/square/retrofit/retrofit-converters/simplexml/target/test-classes
[INFO] 
[INFO] --- maven-surefire-plugin:2.12.4:test (default-test) @ converter-simplexml ---
[INFO] Tests are skipped.
[INFO] 
[INFO] --- animal-sniffer-maven-plugin:1.14:check (default) @ converter-simplexml ---
[INFO] Checking unresolved references to org.codehaus.mojo.signature:java16:1.1
[INFO] 
[INFO] --- maven-jar-plugin:2.4:jar (default-jar) @ converter-simplexml ---
[INFO] Building jar: /home/travis/build/square/retrofit/retrofit-converters/simplexml/target/converter-simplexml-2.0.2-SNAPSHOT.jar
[INFO] 
[INFO] --- maven-javadoc-plugin:2.10.3:jar (attach-javadocs) @ converter-simplexml ---
[INFO] Skipping javadoc generation
[INFO] 
[INFO] --- maven-checkstyle-plugin:2.15:checkstyle (default) @ converter-simplexml ---
[INFO] Starting audit...
Audit done.
[WARNING] Unable to locate Source XRef to link to - DISABLED
[INFO] 
[INFO] --- maven-install-plugin:2.4:install (default-install) @ converter-simplexml ---
[INFO] Installing /home/travis/build/square/retrofit/retrofit-converters/simplexml/target/converter-simplexml-2.0.2-SNAPSHOT.jar to /home/travis/.m2/repository/com/squareup/retrofit2/converter-simplexml/2.0.2-SNAPSHOT/converter-simplexml-2.0.2-SNAPSHOT.jar
[INFO] Installing /home/travis/build/square/retrofit/retrofit-converters/simplexml/pom.xml to /home/travis/.m2/repository/com/squareup/retrofit2/converter-simplexml/2.0.2-SNAPSHOT/converter-simplexml-2.0.2-SNAPSHOT.pom
[INFO]                                                                         
[INFO] ------------------------------------------------------------------------
[INFO] Building Converter: Java Scalars 2.0.2-SNAPSHOT
[INFO] ------------------------------------------------------------------------
[INFO] 
[INFO] --- maven-enforcer-plugin:1.0:enforce (enforce-maven) @ converter-scalars ---
[INFO] 
[INFO] --- maven-resources-plugin:2.6:resources (default-resources) @ converter-scalars ---
[INFO] Using 'UTF-8' encoding to copy filtered resources.
[INFO] skip non existing resourceDirectory /home/travis/build/square/retrofit/retrofit-converters/scalars/src/main/resources
[INFO] 
[INFO] --- maven-compiler-plugin:3.0:compile (default-compile) @ converter-scalars ---
[INFO] Changes detected - recompiling the module!
[INFO] Compiling 3 source files to /home/travis/build/square/retrofit/retrofit-converters/scalars/target/classes
[INFO] 
[INFO] --- maven-resources-plugin:2.6:testResources (default-testResources) @ converter-scalars ---
[INFO] Using 'UTF-8' encoding to copy filtered resources.
[INFO] skip non existing resourceDirectory /home/travis/build/square/retrofit/retrofit-converters/scalars/src/test/resources
[INFO] 
[INFO] --- maven-compiler-plugin:3.0:testCompile (default-testCompile) @ converter-scalars ---
[INFO] Changes detected - recompiling the module!
[INFO] Compiling 2 source files to /home/travis/build/square/retrofit/retrofit-converters/scalars/target/test-classes
[INFO] 
[INFO] --- maven-surefire-plugin:2.12.4:test (default-test) @ converter-scalars ---
[INFO] Tests are skipped.
[INFO] 
[INFO] --- animal-sniffer-maven-plugin:1.14:check (default) @ converter-scalars ---
[INFO] Checking unresolved references to org.codehaus.mojo.signature:java16:1.1
[INFO] 
[INFO] --- maven-jar-plugin:2.4:jar (default-jar) @ converter-scalars ---
[INFO] Building jar: /home/travis/build/square/retrofit/retrofit-converters/scalars/target/converter-scalars-2.0.2-SNAPSHOT.jar
[INFO] 
[INFO] --- maven-javadoc-plugin:2.10.3:jar (attach-javadocs) @ converter-scalars ---
[INFO] Skipping javadoc generation
[INFO] 
[INFO] --- maven-checkstyle-plugin:2.15:checkstyle (default) @ converter-scalars ---
[INFO] Starting audit...
Audit done.
[WARNING] Unable to locate Source XRef to link to - DISABLED
[INFO] 
[INFO] --- maven-install-plugin:2.4:install (default-install) @ converter-scalars ---
[INFO] Installing /home/travis/build/square/retrofit/retrofit-converters/scalars/target/converter-scalars-2.0.2-SNAPSHOT.jar to /home/travis/.m2/repository/com/squareup/retrofit2/converter-scalars/2.0.2-SNAPSHOT/converter-scalars-2.0.2-SNAPSHOT.jar
[INFO] Installing /home/travis/build/square/retrofit/retrofit-converters/scalars/pom.xml to /home/travis/.m2/repository/com/squareup/retrofit2/converter-scalars/2.0.2-SNAPSHOT/converter-scalars-2.0.2-SNAPSHOT.pom
[INFO]                                                                         
[INFO] ------------------------------------------------------------------------
[INFO] Building Converter: Moshi 2.0.2-SNAPSHOT
[INFO] ------------------------------------------------------------------------
[INFO] 
[INFO] --- maven-enforcer-plugin:1.0:enforce (enforce-maven) @ converter-moshi ---
[INFO] 
[INFO] --- maven-resources-plugin:2.6:resources (default-resources) @ converter-moshi ---
[INFO] Using 'UTF-8' encoding to copy filtered resources.
[INFO] skip non existing resourceDirectory /home/travis/build/square/retrofit/retrofit-converters/moshi/src/main/resources
[INFO] 
[INFO] --- maven-compiler-plugin:3.0:compile (default-compile) @ converter-moshi ---
[INFO] Changes detected - recompiling the module!
[INFO] Compiling 3 source files to /home/travis/build/square/retrofit/retrofit-converters/moshi/target/classes
[INFO] 
[INFO] --- maven-resources-plugin:2.6:testResources (default-testResources) @ converter-moshi ---
[INFO] Using 'UTF-8' encoding to copy filtered resources.
[INFO] skip non existing resourceDirectory /home/travis/build/square/retrofit/retrofit-converters/moshi/src/test/resources
[INFO] 
[INFO] --- maven-compiler-plugin:3.0:testCompile (default-testCompile) @ converter-moshi ---
[INFO] Changes detected - recompiling the module!
[INFO] Compiling 1 source file to /home/travis/build/square/retrofit/retrofit-converters/moshi/target/test-classes
[INFO] 
[INFO] --- maven-surefire-plugin:2.12.4:test (default-test) @ converter-moshi ---
[INFO] Tests are skipped.
[INFO] 
[INFO] --- animal-sniffer-maven-plugin:1.14:check (default) @ converter-moshi ---
[INFO] Checking unresolved references to org.codehaus.mojo.signature:java16:1.1
[INFO] 
[INFO] --- maven-jar-plugin:2.4:jar (default-jar) @ converter-moshi ---
[INFO] Building jar: /home/travis/build/square/retrofit/retrofit-converters/moshi/target/converter-moshi-2.0.2-SNAPSHOT.jar
[INFO] 
[INFO] --- maven-javadoc-plugin:2.10.3:jar (attach-javadocs) @ converter-moshi ---
[INFO] Skipping javadoc generation
[INFO] 
[INFO] --- maven-checkstyle-plugin:2.15:checkstyle (default) @ converter-moshi ---
[INFO] Starting audit...
Audit done.
[WARNING] Unable to locate Source XRef to link to - DISABLED
[INFO] 
[INFO] --- maven-install-plugin:2.4:install (default-install) @ converter-moshi ---
[INFO] Installing /home/travis/build/square/retrofit/retrofit-converters/moshi/target/converter-moshi-2.0.2-SNAPSHOT.jar to /home/travis/.m2/repository/com/squareup/retrofit2/converter-moshi/2.0.2-SNAPSHOT/converter-moshi-2.0.2-SNAPSHOT.jar
[INFO] Installing /home/travis/build/square/retrofit/retrofit-converters/moshi/pom.xml to /home/travis/.m2/repository/com/squareup/retrofit2/converter-moshi/2.0.2-SNAPSHOT/converter-moshi-2.0.2-SNAPSHOT.pom
[INFO]                                                                         
[INFO] ------------------------------------------------------------------------
[INFO] Building Retrofit Mock Adapter 2.0.2-SNAPSHOT
[INFO] ------------------------------------------------------------------------
[INFO] 
[INFO] --- maven-enforcer-plugin:1.0:enforce (enforce-maven) @ retrofit-mock ---
[INFO] 
[INFO] --- maven-resources-plugin:2.6:resources (default-resources) @ retrofit-mock ---
[INFO] Using 'UTF-8' encoding to copy filtered resources.
[INFO] skip non existing resourceDirectory /home/travis/build/square/retrofit/retrofit-mock/src/main/resources
[INFO] 
[INFO] --- maven-compiler-plugin:3.0:compile (default-compile) @ retrofit-mock ---
[INFO] Changes detected - recompiling the module!
[INFO] Compiling 5 source files to /home/travis/build/square/retrofit/retrofit-mock/target/classes
[INFO] 
[INFO] --- maven-resources-plugin:2.6:testResources (default-testResources) @ retrofit-mock ---
[INFO] Using 'UTF-8' encoding to copy filtered resources.
[INFO] skip non existing resourceDirectory /home/travis/build/square/retrofit/retrofit-mock/src/test/resources
[INFO] 
[INFO] --- maven-compiler-plugin:3.0:testCompile (default-testCompile) @ retrofit-mock ---
[INFO] Changes detected - recompiling the module!
[INFO] Compiling 3 source files to /home/travis/build/square/retrofit/retrofit-mock/target/test-classes
[INFO] 
[INFO] --- maven-surefire-plugin:2.12.4:test (default-test) @ retrofit-mock ---
[INFO] Tests are skipped.
[INFO] 
[INFO] --- animal-sniffer-maven-plugin:1.14:check (default) @ retrofit-mock ---
[INFO] Checking unresolved references to org.codehaus.mojo.signature:java16:1.1
[INFO] 
[INFO] --- maven-jar-plugin:2.4:jar (default-jar) @ retrofit-mock ---
[INFO] Building jar: /home/travis/build/square/retrofit/retrofit-mock/target/retrofit-mock-2.0.2-SNAPSHOT.jar
[INFO] 
[INFO] --- maven-javadoc-plugin:2.10.3:jar (attach-javadocs) @ retrofit-mock ---
[INFO] Skipping javadoc generation
[INFO] 
[INFO] --- maven-checkstyle-plugin:2.15:checkstyle (default) @ retrofit-mock ---
[INFO] Starting audit...
Audit done.
[WARNING] Unable to locate Source XRef to link to - DISABLED
[INFO] 
[INFO] --- maven-install-plugin:2.4:install (default-install) @ retrofit-mock ---
[INFO] Installing /home/travis/build/square/retrofit/retrofit-mock/target/retrofit-mock-2.0.2-SNAPSHOT.jar to /home/travis/.m2/repository/com/squareup/retrofit2/retrofit-mock/2.0.2-SNAPSHOT/retrofit-mock-2.0.2-SNAPSHOT.jar
[INFO] Installing /home/travis/build/square/retrofit/retrofit-mock/pom.xml to /home/travis/.m2/repository/com/squareup/retrofit2/retrofit-mock/2.0.2-SNAPSHOT/retrofit-mock-2.0.2-SNAPSHOT.pom
[INFO]                                                                         
[INFO] ------------------------------------------------------------------------
[INFO] Building Samples 2.0.2-SNAPSHOT
[INFO] ------------------------------------------------------------------------
[INFO] 
[INFO] --- maven-enforcer-plugin:1.0:enforce (enforce-maven) @ samples ---
[INFO] 
[INFO] --- maven-resources-plugin:2.6:resources (default-resources) @ samples ---
[INFO] Using 'UTF-8' encoding to copy filtered resources.
[INFO] skip non existing resourceDirectory /home/travis/build/square/retrofit/samples/src/main/resources
[INFO] 
[INFO] --- maven-compiler-plugin:3.0:compile (default-compile) @ samples ---
[INFO] Changes detected - recompiling the module!
[INFO] Compiling 9 source files to /home/travis/build/square/retrofit/samples/target/classes
[INFO] 
[INFO] --- maven-resources-plugin:2.6:testResources (default-testResources) @ samples ---
[INFO] Using 'UTF-8' encoding to copy filtered resources.
[INFO] skip non existing resourceDirectory /home/travis/build/square/retrofit/samples/src/test/resources
[INFO] 
[INFO] --- maven-compiler-plugin:3.0:testCompile (default-testCompile) @ samples ---
[INFO] No sources to compile
[INFO] 
[INFO] --- maven-surefire-plugin:2.12.4:test (default-test) @ samples ---
[INFO] Tests are skipped.
[INFO] 
[INFO] --- animal-sniffer-maven-plugin:1.14:check (default) @ samples ---
[INFO] Checking unresolved references to org.codehaus.mojo.signature:java16:1.1
[INFO] 
[INFO] --- maven-jar-plugin:2.4:jar (default-jar) @ samples ---
[INFO] Building jar: /home/travis/build/square/retrofit/samples/target/samples-2.0.2-SNAPSHOT.jar
[INFO] 
[INFO] --- maven-javadoc-plugin:2.10.3:jar (attach-javadocs) @ samples ---
[INFO] Skipping javadoc generation
[INFO] 
[INFO] --- maven-checkstyle-plugin:2.15:checkstyle (default) @ samples ---
[INFO] Starting audit...
Audit done.
[WARNING] Unable to locate Source XRef to link to - DISABLED
[INFO] 
[INFO] --- maven-install-plugin:2.4:install (default-install) @ samples ---
[INFO] Installing /home/travis/build/square/retrofit/samples/target/samples-2.0.2-SNAPSHOT.jar to /home/travis/.m2/repository/com/squareup/retrofit2/samples/2.0.2-SNAPSHOT/samples-2.0.2-SNAPSHOT.jar
[INFO] Installing /home/travis/build/square/retrofit/samples/pom.xml to /home/travis/.m2/repository/com/squareup/retrofit2/samples/2.0.2-SNAPSHOT/samples-2.0.2-SNAPSHOT.pom
[INFO] ------------------------------------------------------------------------
[INFO] Reactor Summary:
[INFO] 
[INFO] Retrofit (Parent) .................................. SUCCESS [  6.750 s]
[INFO] Retrofit ........................................... SUCCESS [ 16.516 s]
[INFO] Adapters ........................................... SUCCESS [  0.321 s]
[INFO] Adapter: Guava ..................................... SUCCESS [  2.948 s]
[INFO] Adapter: Java 8 .................................... SUCCESS [  2.492 s]
[INFO] Adapter: RxJava .................................... SUCCESS [  2.247 s]
[INFO] Converters ......................................... SUCCESS [  0.451 s]
[INFO] Converter: Gson .................................... SUCCESS [  1.184 s]
[INFO] Converter: Protocol Buffers ........................ SUCCESS [  1.125 s]
[INFO] Converter: Jackson ................................. SUCCESS [  0.699 s]
[INFO] Converter: Wire Protocol Buffers ................... SUCCESS [  1.485 s]
[INFO] Converter: SimpleXML ............................... SUCCESS [  0.867 s]
[INFO] Converter: Java Scalars ............................ SUCCESS [  1.110 s]
[INFO] Converter: Moshi ................................... SUCCESS [  0.594 s]
[INFO] Retrofit Mock Adapter .............................. SUCCESS [  0.849 s]
[INFO] Samples ............................................ SUCCESS [  1.689 s]
[INFO] ------------------------------------------------------------------------
[INFO] BUILD SUCCESS
[INFO] ------------------------------------------------------------------------
[INFO] Total time: 41.856 s
[INFO] Finished at: 2016-04-08T05:49:40+00:00
[INFO] Final Memory: 45M/392M
[INFO] ------------------------------------------------------------------------

travis_time:end:08da0176:start=1460094536597151958,finish=1460094581315399521,duration=44718247563[0Ktravis_fold:end:install[0Ktravis_time:start:11e9917c[0K$ mvn test -B
Java HotSpot(TM) 64-Bit Server VM warning: ignoring option MaxPermSize=192m; support was removed in 8.0
[INFO] Scanning for projects...
[WARNING] 
[WARNING] Some problems were encountered while building the effective model for com.squareup.retrofit2:samples:jar:2.0.2-SNAPSHOT
[WARNING] 'build.plugins.plugin.version' for org.apache.maven.plugins:maven-deploy-plugin is missing. @ com.squareup.retrofit2:samples:[unknown-version], /home/travis/build/square/retrofit/samples/pom.xml, line 55, column 15
[WARNING] 
[WARNING] It is highly recommended to fix these problems because they threaten the stability of your build.
[WARNING] 
[WARNING] For this reason, future Maven versions might no longer support building such malformed projects.
[WARNING] 
[INFO] ------------------------------------------------------------------------
[INFO] Reactor Build Order:
[INFO] 
[INFO] Retrofit (Parent)
[INFO] Retrofit
[INFO] Adapters
[INFO] Adapter: Guava
[INFO] Adapter: Java 8
[INFO] Adapter: RxJava
[INFO] Converters
[INFO] Converter: Gson
[INFO] Converter: Protocol Buffers
[INFO] Converter: Jackson
[INFO] Converter: Wire Protocol Buffers
[INFO] Converter: SimpleXML
[INFO] Converter: Java Scalars
[INFO] Converter: Moshi
[INFO] Retrofit Mock Adapter
[INFO] Samples
[INFO]                                                                         
[INFO] ------------------------------------------------------------------------
[INFO] Building Retrofit (Parent) 2.0.2-SNAPSHOT
[INFO] ------------------------------------------------------------------------
[INFO] 
[INFO] --- maven-enforcer-plugin:1.0:enforce (enforce-maven) @ parent ---
[INFO] 
[INFO] --- animal-sniffer-maven-plugin:1.14:check (default) @ parent ---
[INFO] Checking unresolved references to org.codehaus.mojo.signature:java16:1.1
[INFO]                                                                         
[INFO] ------------------------------------------------------------------------
[INFO] Building Retrofit 2.0.2-SNAPSHOT
[INFO] ------------------------------------------------------------------------
[INFO] 
[INFO] --- maven-enforcer-plugin:1.0:enforce (enforce-maven) @ retrofit ---
[INFO] 
[INFO] --- maven-resources-plugin:2.6:resources (default-resources) @ retrofit ---
[INFO] Using 'UTF-8' encoding to copy filtered resources.
[INFO] skip non existing resourceDirectory /home/travis/build/square/retrofit/retrofit/src/main/resources
[INFO] 
[INFO] --- maven-compiler-plugin:3.0:compile (default-compile) @ retrofit ---
[INFO] Changes detected - recompiling the module!
[INFO] Compiling 39 source files to /home/travis/build/square/retrofit/retrofit/target/classes
[WARNING] /home/travis/build/square/retrofit/retrofit/src/main/java/retrofit2/Retrofit.java: Some input files use unchecked or unsafe operations.
[WARNING] /home/travis/build/square/retrofit/retrofit/src/main/java/retrofit2/Retrofit.java: Recompile with -Xlint:unchecked for details.
[INFO] 
[INFO] --- maven-resources-plugin:2.6:testResources (default-testResources) @ retrofit ---
[INFO] Using 'UTF-8' encoding to copy filtered resources.
[INFO] skip non existing resourceDirectory /home/travis/build/square/retrofit/retrofit/src/test/resources
[INFO] 
[INFO] --- maven-compiler-plugin:3.0:testCompile (default-testCompile) @ retrofit ---
[INFO] Changes detected - recompiling the module!
[INFO] Compiling 14 source files to /home/travis/build/square/retrofit/retrofit/target/test-classes
[WARNING] /home/travis/build/square/retrofit/retrofit/src/test/java/retrofit2/RetrofitTest.java: /home/travis/build/square/retrofit/retrofit/src/test/java/retrofit2/RetrofitTest.java uses unchecked or unsafe operations.
[WARNING] /home/travis/build/square/retrofit/retrofit/src/test/java/retrofit2/RetrofitTest.java: Recompile with -Xlint:unchecked for details.
[INFO] 
[INFO] --- maven-surefire-plugin:2.12.4:test (default-test) @ retrofit ---
[INFO] Surefire report directory: /home/travis/build/square/retrofit/retrofit/target/surefire-reports

-------------------------------------------------------
 T E S T S
-------------------------------------------------------
Running retrofit2.CallTest
Apr 08, 2016 5:49:56 AM okhttp3.mockwebserver.MockWebServer$3 execute
INFO: MockWebServer[43320] starting to accept connections
Apr 08, 2016 5:49:56 AM okhttp3.mockwebserver.MockWebServer$3 acceptConnections
INFO: MockWebServer[43320] done accepting connections: Socket closed
Apr 08, 2016 5:49:56 AM okhttp3.mockwebserver.MockWebServer$3 execute
INFO: MockWebServer[47411] starting to accept connections
Apr 08, 2016 5:49:56 AM okhttp3.mockwebserver.MockWebServer$4 processOneRequest
INFO: MockWebServer[47411] received request: GET / HTTP/1.1 and responded: HTTP/1.1 200 OK
Apr 08, 2016 5:49:56 AM okhttp3.mockwebserver.MockWebServer$3 acceptConnections
INFO: MockWebServer[47411] done accepting connections: Socket closed
Apr 08, 2016 5:49:56 AM okhttp3.mockwebserver.MockWebServer$3 execute
INFO: MockWebServer[43149] starting to accept connections
Apr 08, 2016 5:49:56 AM okhttp3.mockwebserver.MockWebServer$4 processOneRequest
INFO: MockWebServer[43149] received request: GET / HTTP/1.1 and responded: HTTP/1.1 404 Client Error
Apr 08, 2016 5:49:56 AM okhttp3.mockwebserver.MockWebServer$3 acceptConnections
INFO: MockWebServer[43149] done accepting connections: Socket closed
Apr 08, 2016 5:49:56 AM okhttp3.mockwebserver.MockWebServer$3 execute
INFO: MockWebServer[57709] starting to accept connections
Apr 08, 2016 5:49:56 AM okhttp3.mockwebserver.MockWebServer$4 processOneRequest
INFO: MockWebServer[57709] received request: POST /Hello HTTP/1.1 and responded: HTTP/1.1 200 OK
Apr 08, 2016 5:49:56 AM okhttp3.mockwebserver.MockWebServer$3 acceptConnections
INFO: MockWebServer[57709] done accepting connections: Socket closed
Apr 08, 2016 5:49:56 AM okhttp3.mockwebserver.MockWebServer$3 execute
INFO: MockWebServer[58547] starting to accept connections
Apr 08, 2016 5:49:56 AM okhttp3.mockwebserver.MockWebServer$3 acceptConnections
INFO: MockWebServer[58547] done accepting connections: Socket closed
Apr 08, 2016 5:49:56 AM okhttp3.mockwebserver.MockWebServer$3 execute
INFO: MockWebServer[36238] starting to accept connections
Apr 08, 2016 5:49:56 AM okhttp3.mockwebserver.MockWebServer$3 acceptConnections
INFO: MockWebServer[36238] done accepting connections: Socket closed
Apr 08, 2016 5:49:56 AM okhttp3.mockwebserver.MockWebServer$3 execute
INFO: MockWebServer[42403] starting to accept connections
Apr 08, 2016 5:49:56 AM okhttp3.mockwebserver.MockWebServer$4 processOneRequest
INFO: MockWebServer[42403] received request: GET / HTTP/1.1 and responded: HTTP/1.1 200 OK
Apr 08, 2016 5:49:56 AM okhttp3.mockwebserver.MockWebServer$3 acceptConnections
INFO: MockWebServer[42403] done accepting connections: Socket closed
Apr 08, 2016 5:49:56 AM okhttp3.mockwebserver.MockWebServer$3 execute
INFO: MockWebServer[35408] starting to accept connections
Apr 08, 2016 5:49:56 AM okhttp3.mockwebserver.MockWebServer$3 acceptConnections
INFO: MockWebServer[35408] done accepting connections: Socket closed
Apr 08, 2016 5:49:56 AM okhttp3.mockwebserver.MockWebServer$4 processOneRequest
INFO: MockWebServer[35408] received request: GET / HTTP/1.1 and responded: HTTP/1.1 200 OK
Apr 08, 2016 5:49:56 AM okhttp3.mockwebserver.MockWebServer$3 execute
INFO: MockWebServer[41072] starting to accept connections
Apr 08, 2016 5:49:56 AM okhttp3.mockwebserver.MockWebServer$3 acceptConnections
INFO: MockWebServer[41072] done accepting connections: Socket closed
Apr 08, 2016 5:49:56 AM okhttp3.mockwebserver.MockWebServer$3 execute
INFO: MockWebServer[55862] starting to accept connections
Apr 08, 2016 5:49:56 AM okhttp3.mockwebserver.MockWebServer$4 processOneRequest
INFO: MockWebServer[55862] received request: POST /Hello HTTP/1.1 and responded: HTTP/1.1 200 OK
Apr 08, 2016 5:49:56 AM okhttp3.mockwebserver.MockWebServer$3 acceptConnections
INFO: MockWebServer[55862] done accepting connections: Socket closed
Apr 08, 2016 5:49:57 AM okhttp3.mockwebserver.MockWebServer$3 execute
INFO: MockWebServer[34889] starting to accept connections
Apr 08, 2016 5:49:57 AM okhttp3.mockwebserver.MockWebServer$4 processOneRequest
INFO: MockWebServer[34889] received request: POST /Hello HTTP/1.1 and responded: HTTP/1.1 200 OK
Apr 08, 2016 5:49:57 AM okhttp3.mockwebserver.MockWebServer$3 acceptConnections
INFO: MockWebServer[34889] done accepting connections: Socket closed
Apr 08, 2016 5:49:57 AM okhttp3.mockwebserver.MockWebServer$3 execute
INFO: MockWebServer[34963] starting to accept connections
Apr 08, 2016 5:49:57 AM okhttp3.mockwebserver.MockWebServer$3 acceptConnections
INFO: MockWebServer[34963] done accepting connections: Socket closed
Apr 08, 2016 5:49:57 AM okhttp3.mockwebserver.MockWebServer$3 execute
INFO: MockWebServer[36117] starting to accept connections
Apr 08, 2016 5:49:57 AM okhttp3.mockwebserver.MockWebServer$3 acceptConnections
INFO: MockWebServer[36117] done accepting connections: Socket closed
Apr 08, 2016 5:49:57 AM okhttp3.mockwebserver.MockWebServer$4 processOneRequest
INFO: MockWebServer[36117] received request: GET / HTTP/1.1 and responded: HTTP/1.1 404 Client Error
Apr 08, 2016 5:49:57 AM okhttp3.mockwebserver.MockWebServer$3 execute
INFO: MockWebServer[54504] starting to accept connections
Apr 08, 2016 5:49:57 AM okhttp3.mockwebserver.MockWebServer$4 processOneRequest
INFO: MockWebServer[54504] received request: POST / HTTP/1.1 and responded: HTTP/1.1 200 OK
Apr 08, 2016 5:49:57 AM okhttp3.mockwebserver.MockWebServer$3 acceptConnections
INFO: MockWebServer[54504] done accepting connections: Socket closed
Apr 08, 2016 5:49:57 AM okhttp3.mockwebserver.MockWebServer$3 execute
INFO: MockWebServer[33675] starting to accept connections
Apr 08, 2016 5:49:57 AM okhttp3.mockwebserver.MockWebServer$4 processOneRequest
INFO: MockWebServer[33675] received request: GET / HTTP/1.1 and responded: HTTP/1.1 204 Nothin
Apr 08, 2016 5:49:57 AM okhttp3.mockwebserver.MockWebServer$3 acceptConnections
INFO: MockWebServer[33675] done accepting connections: Socket closed
Apr 08, 2016 5:49:57 AM okhttp3.mockwebserver.MockWebServer$3 execute
INFO: MockWebServer[42785] starting to accept connections
Apr 08, 2016 5:49:57 AM okhttp3.mockwebserver.MockWebServer$3 acceptConnections
INFO: MockWebServer[42785] done accepting connections: Socket is closed
Apr 08, 2016 5:49:57 AM okhttp3.mockwebserver.MockWebServer$3 execute
INFO: MockWebServer[58299] starting to accept connections
Apr 08, 2016 5:49:57 AM okhttp3.mockwebserver.MockWebServer$3 acceptConnections
INFO: MockWebServer[58299] done accepting connections: Socket closed
Apr 08, 2016 5:49:57 AM okhttp3.mockwebserver.MockWebServer$4 processOneRequest
INFO: MockWebServer[58299] received request: GET / HTTP/1.1 and responded: HTTP/1.1 200 OK
Apr 08, 2016 5:49:57 AM okhttp3.mockwebserver.MockWebServer$3 execute
INFO: MockWebServer[55444] starting to accept connections
Apr 08, 2016 5:49:57 AM okhttp3.mockwebserver.MockWebServer$4 processOneRequest
INFO: MockWebServer[55444] received request: POST /Hello HTTP/1.1 and responded: HTTP/1.1 200 OK
Apr 08, 2016 5:49:57 AM okhttp3.mockwebserver.MockWebServer$3 acceptConnections
INFO: MockWebServer[55444] done accepting connections: Socket closed
Apr 08, 2016 5:49:57 AM okhttp3.mockwebserver.MockWebServer$3 execute
INFO: MockWebServer[60674] starting to accept connections
Apr 08, 2016 5:49:57 AM okhttp3.mockwebserver.MockWebServer$3 acceptConnections
INFO: MockWebServer[60674] done accepting connections: Socket closed
Apr 08, 2016 5:49:57 AM okhttp3.mockwebserver.MockWebServer$4 processOneRequest
INFO: MockWebServer[60674] received request: GET / HTTP/1.1 and responded: HTTP/1.1 200 OK
Apr 08, 2016 5:49:57 AM okhttp3.mockwebserver.MockWebServer$3 execute
INFO: MockWebServer[40277] starting to accept connections
Apr 08, 2016 5:49:57 AM okhttp3.mockwebserver.MockWebServer$3 acceptConnections
INFO: MockWebServer[40277] done accepting connections: Socket closed
Apr 08, 2016 5:49:57 AM okhttp3.mockwebserver.MockWebServer$4 processOneRequest
INFO: MockWebServer[40277] received request: POST / HTTP/1.1 and responded: HTTP/1.1 200 OK
Apr 08, 2016 5:49:57 AM okhttp3.mockwebserver.MockWebServer$3 execute
INFO: MockWebServer[59573] starting to accept connections
Apr 08, 2016 5:49:57 AM okhttp3.mockwebserver.MockWebServer$3 acceptConnections
INFO: MockWebServer[59573] done accepting connections: Socket is closed
Apr 08, 2016 5:49:57 AM okhttp3.mockwebserver.MockWebServer$3 execute
INFO: MockWebServer[60997] starting to accept connections
Apr 08, 2016 5:49:57 AM okhttp3.mockwebserver.MockWebServer$3 acceptConnections
INFO: MockWebServer[60997] done accepting connections: Socket is closed
Apr 08, 2016 5:49:57 AM okhttp3.mockwebserver.MockWebServer$3 execute
INFO: MockWebServer[54755] starting to accept connections
Apr 08, 2016 5:49:57 AM okhttp3.mockwebserver.MockWebServer$3 acceptConnections
INFO: MockWebServer[54755] done accepting connections: Socket is closed
Apr 08, 2016 5:49:57 AM okhttp3.mockwebserver.MockWebServer$3 execute
INFO: MockWebServer[49703] starting to accept connections
Apr 08, 2016 5:49:57 AM okhttp3.mockwebserver.MockWebServer$4 processOneRequest
INFO: MockWebServer[49703] received request: GET / HTTP/1.1 and responded: HTTP/1.1 200 OK
Apr 08, 2016 5:49:57 AM okhttp3.mockwebserver.MockWebServer$3 acceptConnections
INFO: MockWebServer[49703] done accepting connections: Socket closed
Apr 08, 2016 5:49:57 AM okhttp3.mockwebserver.MockWebServer$3 execute
INFO: MockWebServer[52455] starting to accept connections
Apr 08, 2016 5:49:57 AM okhttp3.mockwebserver.MockWebServer$3 acceptConnections
INFO: MockWebServer[52455] done accepting connections: Socket closed
Apr 08, 2016 5:49:57 AM okhttp3.mockwebserver.MockWebServer$4 processOneRequest
INFO: MockWebServer[52455] received request: GET / HTTP/1.1 and responded: HTTP/1.1 200 OK
Apr 08, 2016 5:49:57 AM okhttp3.mockwebserver.MockWebServer$3 execute
INFO: MockWebServer[53300] starting to accept connections
Apr 08, 2016 5:49:57 AM okhttp3.mockwebserver.MockWebServer$3 acceptConnections
INFO: MockWebServer[53300] done accepting connections: Socket closed
Apr 08, 2016 5:49:57 AM okhttp3.mockwebserver.MockWebServer$4 processOneRequest
INFO: MockWebServer[53300] received request: GET / HTTP/1.1 and responded: HTTP/1.1 205 Nothin
Apr 08, 2016 5:49:57 AM okhttp3.mockwebserver.MockWebServer$3 execute
INFO: MockWebServer[46967] starting to accept connections
Apr 08, 2016 5:49:57 AM okhttp3.mockwebserver.MockWebServer$4 processOneRequest
INFO: MockWebServer[46967] received request: GET / HTTP/1.1 and responded: HTTP/1.1 200 OK
Apr 08, 2016 5:49:57 AM okhttp3.mockwebserver.MockWebServer$4 processOneRequest
INFO: MockWebServer[46967] received request: GET / HTTP/1.1 and responded: HTTP/1.1 200 OK
Apr 08, 2016 5:49:57 AM okhttp3.mockwebserver.MockWebServer$3 acceptConnections
INFO: MockWebServer[46967] done accepting connections: Socket closed
Apr 08, 2016 5:49:57 AM okhttp3.mockwebserver.MockWebServer$3 execute
INFO: MockWebServer[48837] starting to accept connections
Apr 08, 2016 5:49:57 AM okhttp3.mockwebserver.MockWebServer$3 acceptConnections
INFO: MockWebServer[48837] done accepting connections: Socket closed
Apr 08, 2016 5:49:57 AM okhttp3.mockwebserver.MockWebServer$4 processOneRequest
INFO: MockWebServer[48837] received request: GET / HTTP/1.1 and responded: HTTP/1.1 200 OK
Apr 08, 2016 5:49:57 AM okhttp3.mockwebserver.MockWebServer$3 execute
INFO: MockWebServer[32805] starting to accept connections
Apr 08, 2016 5:49:57 AM okhttp3.mockwebserver.MockWebServer$3 acceptConnections
INFO: MockWebServer[32805] done accepting connections: Socket is closed
Apr 08, 2016 5:49:57 AM okhttp3.mockwebserver.MockWebServer$3 execute
INFO: MockWebServer[46936] starting to accept connections
Apr 08, 2016 5:49:57 AM okhttp3.mockwebserver.MockWebServer$3 acceptConnections
INFO: MockWebServer[46936] done accepting connections: Socket closed
Apr 08, 2016 5:49:57 AM okhttp3.mockwebserver.MockWebServer$3 execute
INFO: MockWebServer[36773] starting to accept connections
Apr 08, 2016 5:49:57 AM okhttp3.mockwebserver.MockWebServer$3 acceptConnections
INFO: MockWebServer[36773] done accepting connections: Socket is closed
Apr 08, 2016 5:49:57 AM okhttp3.mockwebserver.MockWebServer$3 execute
INFO: MockWebServer[58549] starting to accept connections
Apr 08, 2016 5:49:57 AM okhttp3.mockwebserver.MockWebServer$3 acceptConnections
INFO: MockWebServer[58549] done accepting connections: Socket closed
Apr 08, 2016 5:49:57 AM okhttp3.mockwebserver.MockWebServer$4 processOneRequest
INFO: MockWebServer[58549] received request: GET / HTTP/1.1 and responded: HTTP/1.1 200 OK
Apr 08, 2016 5:49:57 AM okhttp3.mockwebserver.MockWebServer$3 execute
INFO: MockWebServer[46477] starting to accept connections
Apr 08, 2016 5:49:57 AM okhttp3.mockwebserver.MockWebServer$3 acceptConnections
INFO: MockWebServer[46477] done accepting connections: Socket closed
Apr 08, 2016 5:49:57 AM okhttp3.mockwebserver.MockWebServer$4 processOneRequest
INFO: MockWebServer[46477] received request: GET / HTTP/1.1 and responded: HTTP/1.1 200 OK
Apr 08, 2016 5:49:57 AM okhttp3.mockwebserver.MockWebServer$3 execute
INFO: MockWebServer[47596] starting to accept connections
Apr 08, 2016 5:49:57 AM okhttp3.mockwebserver.MockWebServer$4 processOneRequest
INFO: MockWebServer[47596] received request: GET / HTTP/1.1 and responded: HTTP/1.1 200 OK
Apr 08, 2016 5:49:57 AM okhttp3.mockwebserver.MockWebServer$3 acceptConnections
INFO: MockWebServer[47596] done accepting connections: Socket closed
Tests run: 34, Failures: 0, Errors: 0, Skipped: 0, Time elapsed: 1.544 sec
Running retrofit2.RequestBuilderTest
Tests run: 131, Failures: 0, Errors: 0, Skipped: 2, Time elapsed: 0.271 sec
Running retrofit2.ExecutorCallAdapterFactoryTest
Tests run: 7, Failures: 0, Errors: 0, Skipped: 0, Time elapsed: 0.099 sec
Running retrofit2.ServiceMethodTest
Tests run: 1, Failures: 0, Errors: 0, Skipped: 0, Time elapsed: 0.001 sec
Running retrofit2.RetrofitTest
Apr 08, 2016 5:49:57 AM okhttp3.mockwebserver.MockWebServer$3 execute
INFO: MockWebServer[60253] starting to accept connections
Apr 08, 2016 5:49:57 AM okhttp3.mockwebserver.MockWebServer$3 acceptConnections
INFO: MockWebServer[60253] done accepting connections: Socket is closed
Apr 08, 2016 5:49:57 AM okhttp3.mockwebserver.MockWebServer$3 execute
INFO: MockWebServer[46243] starting to accept connections
Apr 08, 2016 5:49:57 AM okhttp3.mockwebserver.MockWebServer$3 acceptConnections
INFO: MockWebServer[46243] done accepting connections: Socket is closed
Apr 08, 2016 5:49:58 AM okhttp3.mockwebserver.MockWebServer$3 execute
INFO: MockWebServer[34633] starting to accept connections
Apr 08, 2016 5:49:58 AM okhttp3.mockwebserver.MockWebServer$3 acceptConnections
INFO: MockWebServer[34633] done accepting connections: Socket is closed
Apr 08, 2016 5:49:58 AM okhttp3.mockwebserver.MockWebServer$3 execute
INFO: MockWebServer[58487] starting to accept connections
Apr 08, 2016 5:49:58 AM okhttp3.mockwebserver.MockWebServer$3 acceptConnections
INFO: MockWebServer[58487] done accepting connections: Socket closed
Apr 08, 2016 5:49:58 AM okhttp3.mockwebserver.MockWebServer$3 execute
INFO: MockWebServer[42113] starting to accept connections
Apr 08, 2016 5:49:58 AM okhttp3.mockwebserver.MockWebServer$3 acceptConnections
INFO: MockWebServer[42113] done accepting connections: Socket is closed
Apr 08, 2016 5:49:58 AM okhttp3.mockwebserver.MockWebServer$3 execute
INFO: MockWebServer[32805] starting to accept connections
Apr 08, 2016 5:49:58 AM okhttp3.mockwebserver.MockWebServer$3 acceptConnections
INFO: MockWebServer[32805] done accepting connections: Socket closed
Apr 08, 2016 5:49:58 AM okhttp3.mockwebserver.MockWebServer$4 processOneRequest
INFO: MockWebServer[32805] received request: GET / HTTP/1.1 and responded: HTTP/1.1 200 OK
Apr 08, 2016 5:49:58 AM okhttp3.mockwebserver.MockWebServer$3 execute
INFO: MockWebServer[33812] starting to accept connections
Apr 08, 2016 5:49:58 AM okhttp3.mockwebserver.MockWebServer$3 acceptConnections
INFO: MockWebServer[33812] done accepting connections: Socket is closed
Apr 08, 2016 5:49:58 AM okhttp3.mockwebserver.MockWebServer$3 execute
INFO: MockWebServer[47540] starting to accept connections
Apr 08, 2016 5:49:58 AM okhttp3.mockwebserver.MockWebServer$3 acceptConnections
INFO: MockWebServer[47540] done accepting connections: Socket is closed
Apr 08, 2016 5:49:58 AM okhttp3.mockwebserver.MockWebServer$3 execute
INFO: MockWebServer[40613] starting to accept connections
Apr 08, 2016 5:49:58 AM okhttp3.mockwebserver.MockWebServer$3 acceptConnections
INFO: MockWebServer[40613] done accepting connections: Socket is closed
Apr 08, 2016 5:49:58 AM okhttp3.mockwebserver.MockWebServer$3 execute
INFO: MockWebServer[36536] starting to accept connections
Apr 08, 2016 5:49:58 AM okhttp3.mockwebserver.MockWebServer$3 acceptConnections
INFO: MockWebServer[36536] done accepting connections: Socket is closed
Apr 08, 2016 5:49:58 AM okhttp3.mockwebserver.MockWebServer$3 execute
INFO: MockWebServer[40377] starting to accept connections
Apr 08, 2016 5:49:58 AM okhttp3.mockwebserver.MockWebServer$3 acceptConnections
INFO: MockWebServer[40377] done accepting connections: Socket is closed
Apr 08, 2016 5:49:58 AM okhttp3.mockwebserver.MockWebServer$3 execute
INFO: MockWebServer[56432] starting to accept connections
Apr 08, 2016 5:49:58 AM okhttp3.mockwebserver.MockWebServer$3 acceptConnections
INFO: MockWebServer[56432] done accepting connections: Socket is closed
Apr 08, 2016 5:49:58 AM okhttp3.mockwebserver.MockWebServer$3 execute
INFO: MockWebServer[60621] starting to accept connections
Apr 08, 2016 5:49:58 AM okhttp3.mockwebserver.MockWebServer$3 acceptConnections
INFO: MockWebServer[60621] done accepting connections: Socket closed
Apr 08, 2016 5:49:58 AM okhttp3.mockwebserver.MockWebServer$3 execute
INFO: MockWebServer[36543] starting to accept connections
Apr 08, 2016 5:49:58 AM okhttp3.mockwebserver.MockWebServer$3 acceptConnections
INFO: MockWebServer[36543] done accepting connections: Socket closed
Apr 08, 2016 5:49:58 AM okhttp3.mockwebserver.MockWebServer$3 execute
INFO: MockWebServer[50954] starting to accept connections
Apr 08, 2016 5:49:58 AM okhttp3.mockwebserver.MockWebServer$3 acceptConnections
INFO: MockWebServer[50954] done accepting connections: Socket is closed
Apr 08, 2016 5:49:58 AM okhttp3.mockwebserver.MockWebServer$3 execute
INFO: MockWebServer[48074] starting to accept connections
Apr 08, 2016 5:49:58 AM okhttp3.mockwebserver.MockWebServer$3 acceptConnections
INFO: MockWebServer[48074] done accepting connections: Socket closed
Apr 08, 2016 5:49:58 AM okhttp3.mockwebserver.MockWebServer$4 processOneRequest
INFO: MockWebServer[48074] received request: GET / HTTP/1.1 and responded: HTTP/1.1 200 OK
Apr 08, 2016 5:49:58 AM okhttp3.mockwebserver.MockWebServer$3 execute
INFO: MockWebServer[52001] starting to accept connections
Apr 08, 2016 5:49:58 AM okhttp3.mockwebserver.MockWebServer$3 acceptConnections
INFO: MockWebServer[52001] done accepting connections: Socket is closed
Apr 08, 2016 5:49:58 AM okhttp3.mockwebserver.MockWebServer$3 execute
INFO: MockWebServer[60930] starting to accept connections
Apr 08, 2016 5:49:58 AM okhttp3.mockwebserver.MockWebServer$3 acceptConnections
INFO: MockWebServer[60930] done accepting connections: Socket is closed
Apr 08, 2016 5:49:58 AM okhttp3.mockwebserver.MockWebServer$3 execute
INFO: MockWebServer[35154] starting to accept connections
Apr 08, 2016 5:49:58 AM okhttp3.mockwebserver.MockWebServer$3 acceptConnections
INFO: MockWebServer[35154] done accepting connections: Socket closed
Apr 08, 2016 5:49:58 AM okhttp3.mockwebserver.MockWebServer$4 processOneRequest
INFO: MockWebServer[35154] received request: GET / HTTP/1.1 and responded: HTTP/1.1 200 OK
Apr 08, 2016 5:49:58 AM okhttp3.mockwebserver.MockWebServer$3 execute
INFO: MockWebServer[57315] starting to accept connections
Apr 08, 2016 5:49:58 AM okhttp3.mockwebserver.MockWebServer$3 acceptConnections
INFO: MockWebServer[57315] done accepting connections: Socket is closed
Apr 08, 2016 5:49:58 AM okhttp3.mockwebserver.MockWebServer$3 execute
INFO: MockWebServer[39499] starting to accept connections
Apr 08, 2016 5:49:58 AM okhttp3.mockwebserver.MockWebServer$4 processOneRequest
INFO: MockWebServer[39499] received request: POST / HTTP/1.1 and responded: HTTP/1.1 200 OK
Apr 08, 2016 5:49:58 AM okhttp3.mockwebserver.MockWebServer$3 acceptConnections
INFO: MockWebServer[39499] done accepting connections: Socket closed
Apr 08, 2016 5:49:58 AM okhttp3.mockwebserver.MockWebServer$3 execute
INFO: MockWebServer[32781] starting to accept connections
Apr 08, 2016 5:49:58 AM okhttp3.mockwebserver.MockWebServer$3 acceptConnections
INFO: MockWebServer[32781] done accepting connections: Socket is closed
Apr 08, 2016 5:49:58 AM okhttp3.mockwebserver.MockWebServer$3 execute
INFO: MockWebServer[43101] starting to accept connections
Apr 08, 2016 5:49:58 AM okhttp3.mockwebserver.MockWebServer$3 acceptConnections
INFO: MockWebServer[43101] done accepting connections: Socket closed
Apr 08, 2016 5:49:58 AM okhttp3.mockwebserver.MockWebServer$3 execute
INFO: MockWebServer[57850] starting to accept connections
Apr 08, 2016 5:49:58 AM okhttp3.mockwebserver.MockWebServer$3 acceptConnections
INFO: MockWebServer[57850] done accepting connections: Socket closed
Apr 08, 2016 5:49:58 AM okhttp3.mockwebserver.MockWebServer$3 execute
INFO: MockWebServer[44138] starting to accept connections
Apr 08, 2016 5:49:58 AM okhttp3.mockwebserver.MockWebServer$3 acceptConnections
INFO: MockWebServer[44138] done accepting connections: Socket is closed
Apr 08, 2016 5:49:58 AM okhttp3.mockwebserver.MockWebServer$3 execute
INFO: MockWebServer[58837] starting to accept connections
Apr 08, 2016 5:49:58 AM okhttp3.mockwebserver.MockWebServer$3 acceptConnections
INFO: MockWebServer[58837] done accepting connections: Socket is closed
Apr 08, 2016 5:49:58 AM okhttp3.mockwebserver.MockWebServer$3 execute
INFO: MockWebServer[46442] starting to accept connections
Apr 08, 2016 5:49:58 AM okhttp3.mockwebserver.MockWebServer$3 acceptConnections
INFO: MockWebServer[46442] done accepting connections: Socket is closed
Apr 08, 2016 5:49:58 AM okhttp3.mockwebserver.MockWebServer$3 execute
INFO: MockWebServer[50276] starting to accept connections
Apr 08, 2016 5:49:58 AM okhttp3.mockwebserver.MockWebServer$3 acceptConnections
INFO: MockWebServer[50276] done accepting connections: Socket closed
Apr 08, 2016 5:49:58 AM okhttp3.mockwebserver.MockWebServer$3 execute
INFO: MockWebServer[51613] starting to accept connections
Apr 08, 2016 5:49:58 AM okhttp3.mockwebserver.MockWebServer$4 processOneRequest
INFO: MockWebServer[51613] received request: GET / HTTP/1.1 and responded: HTTP/1.1 200 OK
Apr 08, 2016 5:49:58 AM okhttp3.mockwebserver.MockWebServer$3 acceptConnections
INFO: MockWebServer[51613] done accepting connections: Socket closed
Apr 08, 2016 5:49:58 AM okhttp3.mockwebserver.MockWebServer$3 execute
INFO: MockWebServer[54282] starting to accept connections
Apr 08, 2016 5:49:58 AM okhttp3.mockwebserver.MockWebServer$3 acceptConnections
INFO: MockWebServer[54282] done accepting connections: Socket is closed
Apr 08, 2016 5:49:58 AM okhttp3.mockwebserver.MockWebServer$3 execute
INFO: MockWebServer[35718] starting to accept connections
Apr 08, 2016 5:49:58 AM okhttp3.mockwebserver.MockWebServer$3 acceptConnections
INFO: MockWebServer[35718] done accepting connections: Socket closed
Apr 08, 2016 5:49:58 AM okhttp3.mockwebserver.MockWebServer$3 execute
INFO: MockWebServer[38617] starting to accept connections
Apr 08, 2016 5:49:58 AM okhttp3.mockwebserver.MockWebServer$3 acceptConnections
INFO: MockWebServer[38617] done accepting connections: Socket closed
Apr 08, 2016 5:49:58 AM okhttp3.mockwebserver.MockWebServer$3 execute
INFO: MockWebServer[33724] starting to accept connections
Apr 08, 2016 5:49:58 AM okhttp3.mockwebserver.MockWebServer$3 acceptConnections
INFO: MockWebServer[33724] done accepting connections: Socket closed
Apr 08, 2016 5:49:58 AM okhttp3.mockwebserver.MockWebServer$3 execute
INFO: MockWebServer[43873] starting to accept connections
Apr 08, 2016 5:49:58 AM okhttp3.mockwebserver.MockWebServer$4 processOneRequest
INFO: MockWebServer[43873] received request: GET / HTTP/1.1 and responded: HTTP/1.1 200 OK
Apr 08, 2016 5:49:58 AM okhttp3.mockwebserver.MockWebServer$4 processOneRequest
INFO: MockWebServer[43873] received request: GET / HTTP/1.1 and responded: HTTP/1.1 200 OK
Apr 08, 2016 5:49:58 AM okhttp3.mockwebserver.MockWebServer$3 acceptConnections
INFO: MockWebServer[43873] done accepting connections: Socket closed
Apr 08, 2016 5:49:58 AM okhttp3.mockwebserver.MockWebServer$3 execute
INFO: MockWebServer[52640] starting to accept connections
Apr 08, 2016 5:49:58 AM okhttp3.mockwebserver.MockWebServer$3 acceptConnections
INFO: MockWebServer[52640] done accepting connections: Socket is closed
Apr 08, 2016 5:49:58 AM okhttp3.mockwebserver.MockWebServer$3 execute
INFO: MockWebServer[41401] starting to accept connections
Apr 08, 2016 5:49:58 AM okhttp3.mockwebserver.MockWebServer$3 acceptConnections
INFO: MockWebServer[41401] done accepting connections: Socket closed
Apr 08, 2016 5:49:58 AM okhttp3.mockwebserver.MockWebServer$3 execute
INFO: MockWebServer[55240] starting to accept connections
Apr 08, 2016 5:49:58 AM okhttp3.mockwebserver.MockWebServer$3 acceptConnections
INFO: MockWebServer[55240] done accepting connections: Socket closed
Apr 08, 2016 5:49:58 AM okhttp3.mockwebserver.MockWebServer$3 execute
INFO: MockWebServer[55694] starting to accept connections
Apr 08, 2016 5:49:58 AM okhttp3.mockwebserver.MockWebServer$3 acceptConnections
INFO: MockWebServer[55694] done accepting connections: Socket is closed
Apr 08, 2016 5:49:58 AM okhttp3.mockwebserver.MockWebServer$3 execute
INFO: MockWebServer[34971] starting to accept connections
Apr 08, 2016 5:49:58 AM okhttp3.mockwebserver.MockWebServer$3 acceptConnections
INFO: MockWebServer[34971] done accepting connections: Socket closed
Apr 08, 2016 5:49:58 AM okhttp3.mockwebserver.MockWebServer$3 execute
INFO: MockWebServer[41625] starting to accept connections
Apr 08, 2016 5:49:58 AM okhttp3.mockwebserver.MockWebServer$3 acceptConnections
INFO: MockWebServer[41625] done accepting connections: Socket closed
Apr 08, 2016 5:49:58 AM okhttp3.mockwebserver.MockWebServer$3 execute
INFO: MockWebServer[41342] starting to accept connections
Apr 08, 2016 5:49:58 AM okhttp3.mockwebserver.MockWebServer$3 acceptConnections
INFO: MockWebServer[41342] done accepting connections: Socket closed
Apr 08, 2016 5:49:58 AM okhttp3.mockwebserver.MockWebServer$3 execute
INFO: MockWebServer[39388] starting to accept connections
Apr 08, 2016 5:49:58 AM okhttp3.mockwebserver.MockWebServer$3 acceptConnections
INFO: MockWebServer[39388] done accepting connections: Socket is closed
Apr 08, 2016 5:49:58 AM okhttp3.mockwebserver.MockWebServer$3 execute
INFO: MockWebServer[57814] starting to accept connections
Apr 08, 2016 5:49:58 AM okhttp3.mockwebserver.MockWebServer$3 acceptConnections
INFO: MockWebServer[57814] done accepting connections: Socket is closed
Apr 08, 2016 5:49:58 AM okhttp3.mockwebserver.MockWebServer$3 execute
INFO: MockWebServer[37027] starting to accept connections
Apr 08, 2016 5:49:58 AM okhttp3.mockwebserver.MockWebServer$3 acceptConnections
INFO: MockWebServer[37027] done accepting connections: Socket is closed
Apr 08, 2016 5:49:58 AM okhttp3.mockwebserver.MockWebServer$3 execute
INFO: MockWebServer[60352] starting to accept connections
Apr 08, 2016 5:49:58 AM okhttp3.mockwebserver.MockWebServer$3 acceptConnections
INFO: MockWebServer[60352] done accepting connections: Socket closed
Apr 08, 2016 5:49:58 AM okhttp3.mockwebserver.MockWebServer$3 execute
INFO: MockWebServer[47073] starting to accept connections
Apr 08, 2016 5:49:58 AM okhttp3.mockwebserver.MockWebServer$3 acceptConnections
INFO: MockWebServer[47073] done accepting connections: Socket is closed
Apr 08, 2016 5:49:58 AM okhttp3.mockwebserver.MockWebServer$3 execute
INFO: MockWebServer[54804] starting to accept connections
Apr 08, 2016 5:49:58 AM okhttp3.mockwebserver.MockWebServer$4 processOneRequest
INFO: MockWebServer[54804] received request: GET /?i=101 HTTP/1.1 and responded: HTTP/1.1 200 OK
Apr 08, 2016 5:49:58 AM okhttp3.mockwebserver.MockWebServer$4 processOneRequest
INFO: MockWebServer[54804] received request: GET /?i=201 HTTP/1.1 and responded: HTTP/1.1 200 OK
Apr 08, 2016 5:49:58 AM okhttp3.mockwebserver.MockWebServer$3 acceptConnections
INFO: MockWebServer[54804] done accepting connections: Socket closed
Apr 08, 2016 5:49:58 AM okhttp3.mockwebserver.MockWebServer$3 execute
INFO: MockWebServer[35711] starting to accept connections
Apr 08, 2016 5:49:58 AM okhttp3.mockwebserver.MockWebServer$3 acceptConnections
INFO: MockWebServer[35711] done accepting connections: Socket is closed
Apr 08, 2016 5:49:58 AM okhttp3.mockwebserver.MockWebServer$3 execute
INFO: MockWebServer[38286] starting to accept connections
Apr 08, 2016 5:49:58 AM okhttp3.mockwebserver.MockWebServer$3 acceptConnections
INFO: MockWebServer[38286] done accepting connections: Socket is closed
Apr 08, 2016 5:49:58 AM okhttp3.mockwebserver.MockWebServer$3 execute
INFO: MockWebServer[53000] starting to accept connections
Apr 08, 2016 5:49:58 AM okhttp3.mockwebserver.MockWebServer$3 acceptConnections
INFO: MockWebServer[53000] done accepting connections: Socket is closed
Apr 08, 2016 5:49:58 AM okhttp3.mockwebserver.MockWebServer$3 execute
INFO: MockWebServer[34121] starting to accept connections
Apr 08, 2016 5:49:58 AM okhttp3.mockwebserver.MockWebServer$3 acceptConnections
INFO: MockWebServer[34121] done accepting connections: Socket is closed
Apr 08, 2016 5:49:58 AM okhttp3.mockwebserver.MockWebServer$3 execute
INFO: MockWebServer[34280] starting to accept connections
Apr 08, 2016 5:49:58 AM okhttp3.mockwebserver.MockWebServer$3 acceptConnections
INFO: MockWebServer[34280] done accepting connections: Socket is closed
Apr 08, 2016 5:49:58 AM okhttp3.mockwebserver.MockWebServer$3 execute
INFO: MockWebServer[45947] starting to accept connections
Apr 08, 2016 5:49:58 AM okhttp3.mockwebserver.MockWebServer$3 acceptConnections
INFO: MockWebServer[45947] done accepting connections: Socket is closed
Apr 08, 2016 5:49:58 AM okhttp3.mockwebserver.MockWebServer$3 execute
INFO: MockWebServer[57934] starting to accept connections
Apr 08, 2016 5:49:58 AM okhttp3.mockwebserver.MockWebServer$3 acceptConnections
INFO: MockWebServer[57934] done accepting connections: Socket is closed
Apr 08, 2016 5:49:58 AM okhttp3.mockwebserver.MockWebServer$3 execute
INFO: MockWebServer[40311] starting to accept connections
Apr 08, 2016 5:49:58 AM okhttp3.mockwebserver.MockWebServer$3 acceptConnections
INFO: MockWebServer[40311] done accepting connections: Socket is closed
Apr 08, 2016 5:49:58 AM okhttp3.mockwebserver.MockWebServer$3 execute
INFO: MockWebServer[44197] starting to accept connections
Apr 08, 2016 5:49:58 AM okhttp3.mockwebserver.MockWebServer$3 acceptConnections
INFO: MockWebServer[44197] done accepting connections: Socket is closed
Apr 08, 2016 5:49:58 AM okhttp3.mockwebserver.MockWebServer$3 execute
INFO: MockWebServer[51848] starting to accept connections
Apr 08, 2016 5:49:58 AM okhttp3.mockwebserver.MockWebServer$3 acceptConnections
INFO: MockWebServer[51848] done accepting connections: Socket is closed
Apr 08, 2016 5:49:58 AM okhttp3.mockwebserver.MockWebServer$3 execute
INFO: MockWebServer[35729] starting to accept connections
Apr 08, 2016 5:49:58 AM okhttp3.mockwebserver.MockWebServer$3 acceptConnections
INFO: MockWebServer[35729] done accepting connections: Socket is closed
Apr 08, 2016 5:49:58 AM okhttp3.mockwebserver.MockWebServer$3 execute
INFO: MockWebServer[35539] starting to accept connections
Apr 08, 2016 5:49:58 AM okhttp3.mockwebserver.MockWebServer$3 acceptConnections
INFO: MockWebServer[35539] done accepting connections: Socket is closed
Apr 08, 2016 5:49:58 AM okhttp3.mockwebserver.MockWebServer$3 execute
INFO: MockWebServer[51748] starting to accept connections
Apr 08, 2016 5:49:58 AM okhttp3.mockwebserver.MockWebServer$3 acceptConnections
INFO: MockWebServer[51748] done accepting connections: Socket is closed
Apr 08, 2016 5:49:58 AM okhttp3.mockwebserver.MockWebServer$3 execute
INFO: MockWebServer[34569] starting to accept connections
Apr 08, 2016 5:49:58 AM okhttp3.mockwebserver.MockWebServer$3 acceptConnections
INFO: MockWebServer[34569] done accepting connections: Socket is closed
Apr 08, 2016 5:49:58 AM okhttp3.mockwebserver.MockWebServer$3 execute
INFO: MockWebServer[55967] starting to accept connections
Apr 08, 2016 5:49:58 AM okhttp3.mockwebserver.MockWebServer$3 acceptConnections
INFO: MockWebServer[55967] done accepting connections: Socket is closed
Apr 08, 2016 5:49:58 AM okhttp3.mockwebserver.MockWebServer$3 execute
INFO: MockWebServer[51275] starting to accept connections
Apr 08, 2016 5:49:58 AM okhttp3.mockwebserver.MockWebServer$3 acceptConnections
INFO: MockWebServer[51275] done accepting connections: Socket closed
Apr 08, 2016 5:49:58 AM okhttp3.mockwebserver.MockWebServer$3 execute
INFO: MockWebServer[59750] starting to accept connections
Apr 08, 2016 5:49:58 AM okhttp3.mockwebserver.MockWebServer$3 acceptConnections
INFO: MockWebServer[59750] done accepting connections: Socket closed
Tests run: 64, Failures: 0, Errors: 0, Skipped: 0, Time elapsed: 0.633 sec
Running retrofit2.RequestBuilderAndroidTest
WARNING: No manifest file found at ./AndroidManifest.xml.Falling back to the Android OS resources only.
To remove this warning, annotate your test class with @Config(manifest=Config.NONE).
WARNING: No manifest file found at ./AndroidManifest.xml.Falling back to the Android OS resources only.
To remove this warning, annotate your test class with @Config(manifest=Config.NONE).
Tests run: 2, Failures: 0, Errors: 0, Skipped: 0, Time elapsed: 6.661 sec
Running retrofit2.CallAdapterTest
Tests run: 4, Failures: 0, Errors: 0, Skipped: 0, Time elapsed: 0.042 sec
Running retrofit2.ResponseTest
Tests run: 14, Failures: 0, Errors: 0, Skipped: 0, Time elapsed: 0.063 sec

Results :

Tests run: 257, Failures: 0, Errors: 0, Skipped: 2

[INFO] 
[INFO] --- animal-sniffer-maven-plugin:1.14:check (default) @ retrofit ---
[INFO] Checking unresolved references to org.codehaus.mojo.signature:java16:1.1
[INFO]                                                                         
[INFO] ------------------------------------------------------------------------
[INFO] Building Adapters 2.0.2-SNAPSHOT
[INFO] ------------------------------------------------------------------------
[INFO] 
[INFO] --- maven-enforcer-plugin:1.0:enforce (enforce-maven) @ retrofit-adapters ---
[INFO] 
[INFO] --- animal-sniffer-maven-plugin:1.14:check (default) @ retrofit-adapters ---
[INFO] Checking unresolved references to org.codehaus.mojo.signature:java16:1.1
[INFO]                                                                         
[INFO] ------------------------------------------------------------------------
[INFO] Building Adapter: Guava 2.0.2-SNAPSHOT
[INFO] ------------------------------------------------------------------------
[INFO] 
[INFO] --- maven-enforcer-plugin:1.0:enforce (enforce-maven) @ adapter-guava ---
[INFO] 
[INFO] --- maven-resources-plugin:2.6:resources (default-resources) @ adapter-guava ---
[INFO] Using 'UTF-8' encoding to copy filtered resources.
[INFO] skip non existing resourceDirectory /home/travis/build/square/retrofit/retrofit-adapters/guava/src/main/resources
[INFO] 
[INFO] --- maven-compiler-plugin:3.0:compile (default-compile) @ adapter-guava ---
[INFO] Changes detected - recompiling the module!
[INFO] Compiling 2 source files to /home/travis/build/square/retrofit/retrofit-adapters/guava/target/classes
[INFO] 
[INFO] --- maven-resources-plugin:2.6:testResources (default-testResources) @ adapter-guava ---
[INFO] Using 'UTF-8' encoding to copy filtered resources.
[INFO] skip non existing resourceDirectory /home/travis/build/square/retrofit/retrofit-adapters/guava/src/test/resources
[INFO] 
[INFO] --- maven-compiler-plugin:3.0:testCompile (default-testCompile) @ adapter-guava ---
[INFO] Changes detected - recompiling the module!
[INFO] Compiling 3 source files to /home/travis/build/square/retrofit/retrofit-adapters/guava/target/test-classes
[INFO] 
[INFO] --- maven-surefire-plugin:2.12.4:test (default-test) @ adapter-guava ---
[INFO] Surefire report directory: /home/travis/build/square/retrofit/retrofit-adapters/guava/target/surefire-reports

-------------------------------------------------------
 T E S T S
-------------------------------------------------------
Running retrofit2.adapter.guava.ListenableFutureTest
Apr 08, 2016 5:50:07 AM okhttp3.mockwebserver.MockWebServer$3 execute
INFO: MockWebServer[51947] starting to accept connections
Apr 08, 2016 5:50:08 AM okhttp3.mockwebserver.MockWebServer$4 processOneRequest
INFO: MockWebServer[51947] received request: GET / HTTP/1.1 and responded: HTTP/1.1 200 OK
Apr 08, 2016 5:50:08 AM okhttp3.mockwebserver.MockWebServer$3 acceptConnections
INFO: MockWebServer[51947] done accepting connections: Socket closed
Apr 08, 2016 5:50:08 AM okhttp3.mockwebserver.MockWebServer$3 execute
INFO: MockWebServer[45530] starting to accept connections
Apr 08, 2016 5:50:08 AM okhttp3.mockwebserver.MockWebServer$4 processOneRequest
INFO: MockWebServer[45530] received request: GET / HTTP/1.1 and responded: HTTP/1.1 404 Client Error
Apr 08, 2016 5:50:08 AM okhttp3.mockwebserver.MockWebServer$3 acceptConnections
INFO: MockWebServer[45530] done accepting connections: Socket closed
Apr 08, 2016 5:50:08 AM okhttp3.mockwebserver.MockWebServer$3 execute
INFO: MockWebServer[50667] starting to accept connections
Apr 08, 2016 5:50:08 AM okhttp3.mockwebserver.MockWebServer$4 processConnection
WARNING: MockWebServer[50667] connection from /127.0.0.1 didn't make a request
Apr 08, 2016 5:50:08 AM okhttp3.mockwebserver.MockWebServer$3 acceptConnections
INFO: MockWebServer[50667] done accepting connections: Socket closed
Apr 08, 2016 5:50:08 AM okhttp3.mockwebserver.MockWebServer$3 execute
INFO: MockWebServer[59527] starting to accept connections
Apr 08, 2016 5:50:08 AM okhttp3.mockwebserver.MockWebServer$4 processOneRequest
INFO: MockWebServer[59527] received request: GET / HTTP/1.1 and responded: HTTP/1.1 200 OK
Apr 08, 2016 5:50:08 AM okhttp3.mockwebserver.MockWebServer$3 acceptConnections
INFO: MockWebServer[59527] done accepting connections: Socket closed
Apr 08, 2016 5:50:08 AM okhttp3.mockwebserver.MockWebServer$3 execute
INFO: MockWebServer[38603] starting to accept connections
Apr 08, 2016 5:50:08 AM okhttp3.mockwebserver.MockWebServer$4 processOneRequest
INFO: MockWebServer[38603] received request: GET / HTTP/1.1 and responded: HTTP/1.1 404 Client Error
Apr 08, 2016 5:50:08 AM okhttp3.mockwebserver.MockWebServer$3 acceptConnections
INFO: MockWebServer[38603] done accepting connections: Socket closed
Apr 08, 2016 5:50:08 AM okhttp3.mockwebserver.MockWebServer$3 execute
INFO: MockWebServer[52395] starting to accept connections
Apr 08, 2016 5:50:08 AM okhttp3.mockwebserver.MockWebServer$4 processConnection
WARNING: MockWebServer[52395] connection from /127.0.0.1 didn't make a request
Apr 08, 2016 5:50:08 AM okhttp3.mockwebserver.MockWebServer$3 acceptConnections
INFO: MockWebServer[52395] done accepting connections: Socket closed
Tests run: 6, Failures: 0, Errors: 0, Skipped: 0, Time elapsed: 0.651 sec
Running retrofit2.adapter.guava.GuavaCallAdapterFactoryTest
Apr 08, 2016 5:50:08 AM okhttp3.mockwebserver.MockWebServer$3 execute
INFO: MockWebServer[48256] starting to accept connections
Apr 08, 2016 5:50:08 AM okhttp3.mockwebserver.MockWebServer$3 acceptConnections
INFO: MockWebServer[48256] done accepting connections: Socket is closed
Apr 08, 2016 5:50:08 AM okhttp3.mockwebserver.MockWebServer$3 execute
INFO: MockWebServer[51623] starting to accept connections
Apr 08, 2016 5:50:08 AM okhttp3.mockwebserver.MockWebServer$3 acceptConnections
INFO: MockWebServer[51623] done accepting connections: Socket is closed
Apr 08, 2016 5:50:08 AM okhttp3.mockwebserver.MockWebServer$3 execute
INFO: MockWebServer[38230] starting to accept connections
Apr 08, 2016 5:50:08 AM okhttp3.mockwebserver.MockWebServer$3 acceptConnections
INFO: MockWebServer[38230] done accepting connections: Socket is closed
Apr 08, 2016 5:50:08 AM okhttp3.mockwebserver.MockWebServer$3 execute
INFO: MockWebServer[40800] starting to accept connections
Apr 08, 2016 5:50:08 AM okhttp3.mockwebserver.MockWebServer$3 acceptConnections
INFO: MockWebServer[40800] done accepting connections: Socket closed
Tests run: 4, Failures: 0, Errors: 0, Skipped: 0, Time elapsed: 0.044 sec

Results :

Tests run: 10, Failures: 0, Errors: 0, Skipped: 0

[INFO] 
[INFO] --- animal-sniffer-maven-plugin:1.14:check (default) @ adapter-guava ---
[INFO] Checking unresolved references to org.codehaus.mojo.signature:java16:1.1
[INFO]                                                                         
[INFO] ------------------------------------------------------------------------
[INFO] Building Adapter: Java 8 2.0.2-SNAPSHOT
[INFO] ------------------------------------------------------------------------
[INFO] 
[INFO] --- maven-enforcer-plugin:1.0:enforce (enforce-maven) @ adapter-java8 ---
[INFO] 
[INFO] --- maven-resources-plugin:2.6:resources (default-resources) @ adapter-java8 ---
[INFO] Using 'UTF-8' encoding to copy filtered resources.
[INFO] skip non existing resourceDirectory /home/travis/build/square/retrofit/retrofit-adapters/java8/src/main/resources
[INFO] 
[INFO] --- maven-compiler-plugin:3.0:compile (default-compile) @ adapter-java8 ---
[INFO] Changes detected - recompiling the module!
[INFO] Compiling 2 source files to /home/travis/build/square/retrofit/retrofit-adapters/java8/target/classes
[INFO] 
[INFO] --- maven-resources-plugin:2.6:testResources (default-testResources) @ adapter-java8 ---
[INFO] Using 'UTF-8' encoding to copy filtered resources.
[INFO] skip non existing resourceDirectory /home/travis/build/square/retrofit/retrofit-adapters/java8/src/test/resources
[INFO] 
[INFO] --- maven-compiler-plugin:3.0:testCompile (default-testCompile) @ adapter-java8 ---
[INFO] Changes detected - recompiling the module!
[INFO] Compiling 3 source files to /home/travis/build/square/retrofit/retrofit-adapters/java8/target/test-classes
[INFO] 
[INFO] --- maven-surefire-plugin:2.12.4:test (default-test) @ adapter-java8 ---
[INFO] Surefire report directory: /home/travis/build/square/retrofit/retrofit-adapters/java8/target/surefire-reports

-------------------------------------------------------
 T E S T S
-------------------------------------------------------
Running retrofit2.adapter.java8.Java8CallAdapterFactoryTest
Apr 08, 2016 5:50:10 AM okhttp3.mockwebserver.MockWebServer$3 execute
INFO: MockWebServer[47828] starting to accept connections
Apr 08, 2016 5:50:10 AM okhttp3.mockwebserver.MockWebServer$3 acceptConnections
INFO: MockWebServer[47828] done accepting connections: Socket closed
Apr 08, 2016 5:50:10 AM okhttp3.mockwebserver.MockWebServer$3 execute
INFO: MockWebServer[51421] starting to accept connections
Apr 08, 2016 5:50:10 AM okhttp3.mockwebserver.MockWebServer$3 acceptConnections
INFO: MockWebServer[51421] done accepting connections: Socket is closed
Apr 08, 2016 5:50:10 AM okhttp3.mockwebserver.MockWebServer$3 execute
INFO: MockWebServer[47375] starting to accept connections
Apr 08, 2016 5:50:10 AM okhttp3.mockwebserver.MockWebServer$3 acceptConnections
INFO: MockWebServer[47375] done accepting connections: Socket closed
Apr 08, 2016 5:50:10 AM okhttp3.mockwebserver.MockWebServer$3 execute
INFO: MockWebServer[41494] starting to accept connections
Apr 08, 2016 5:50:10 AM okhttp3.mockwebserver.MockWebServer$3 acceptConnections
INFO: MockWebServer[41494] done accepting connections: Socket is closed
Tests run: 4, Failures: 0, Errors: 0, Skipped: 0, Time elapsed: 0.572 sec
Running retrofit2.adapter.java8.CompletableFutureTest
Apr 08, 2016 5:50:10 AM okhttp3.mockwebserver.MockWebServer$3 execute
INFO: MockWebServer[58573] starting to accept connections
Apr 08, 2016 5:50:10 AM okhttp3.mockwebserver.MockWebServer$4 processOneRequest
INFO: MockWebServer[58573] received request: GET / HTTP/1.1 and responded: HTTP/1.1 200 OK
Apr 08, 2016 5:50:10 AM okhttp3.mockwebserver.MockWebServer$3 acceptConnections
INFO: MockWebServer[58573] done accepting connections: Socket closed
Apr 08, 2016 5:50:10 AM okhttp3.mockwebserver.MockWebServer$3 execute
INFO: MockWebServer[52753] starting to accept connections
Apr 08, 2016 5:50:10 AM okhttp3.mockwebserver.MockWebServer$4 processOneRequest
INFO: MockWebServer[52753] received request: GET / HTTP/1.1 and responded: HTTP/1.1 404 Client Error
Apr 08, 2016 5:50:10 AM okhttp3.mockwebserver.MockWebServer$3 acceptConnections
INFO: MockWebServer[52753] done accepting connections: Socket closed
Apr 08, 2016 5:50:10 AM okhttp3.mockwebserver.MockWebServer$3 execute
INFO: MockWebServer[48993] starting to accept connections
Apr 08, 2016 5:50:10 AM okhttp3.mockwebserver.MockWebServer$4 processConnection
WARNING: MockWebServer[48993] connection from /127.0.0.1 didn't make a request
Apr 08, 2016 5:50:10 AM okhttp3.mockwebserver.MockWebServer$3 acceptConnections
INFO: MockWebServer[48993] done accepting connections: Socket closed
Apr 08, 2016 5:50:10 AM okhttp3.mockwebserver.MockWebServer$3 execute
INFO: MockWebServer[60765] starting to accept connections
Apr 08, 2016 5:50:10 AM okhttp3.mockwebserver.MockWebServer$4 processOneRequest
INFO: MockWebServer[60765] received request: GET / HTTP/1.1 and responded: HTTP/1.1 200 OK
Apr 08, 2016 5:50:10 AM okhttp3.mockwebserver.MockWebServer$3 acceptConnections
INFO: MockWebServer[60765] done accepting connections: Socket closed
Apr 08, 2016 5:50:10 AM okhttp3.mockwebserver.MockWebServer$3 execute
INFO: MockWebServer[54902] starting to accept connections
Apr 08, 2016 5:50:10 AM okhttp3.mockwebserver.MockWebServer$4 processOneRequest
INFO: MockWebServer[54902] received request: GET / HTTP/1.1 and responded: HTTP/1.1 404 Client Error
Apr 08, 2016 5:50:10 AM okhttp3.mockwebserver.MockWebServer$3 acceptConnections
INFO: MockWebServer[54902] done accepting connections: Socket closed
Apr 08, 2016 5:50:10 AM okhttp3.mockwebserver.MockWebServer$3 execute
INFO: MockWebServer[45899] starting to accept connections
Apr 08, 2016 5:50:11 AM okhttp3.mockwebserver.MockWebServer$4 processConnection
WARNING: MockWebServer[45899] connection from /127.0.0.1 didn't make a request
Apr 08, 2016 5:50:11 AM okhttp3.mockwebserver.MockWebServer$3 acceptConnections
INFO: MockWebServer[45899] done accepting connections: Socket closed
Tests run: 6, Failures: 0, Errors: 0, Skipped: 0, Time elapsed: 0.18 sec

Results :

Tests run: 10, Failures: 0, Errors: 0, Skipped: 0

[INFO] 
[INFO] --- animal-sniffer-maven-plugin:1.14:check (default) @ adapter-java8 ---
[INFO] Checking unresolved references to org.kaazing.mojo.signature:java18:1.0
[INFO]                                                                         
[INFO] ------------------------------------------------------------------------
[INFO] Building Adapter: RxJava 2.0.2-SNAPSHOT
[INFO] ------------------------------------------------------------------------
[INFO] 
[INFO] --- maven-enforcer-plugin:1.0:enforce (enforce-maven) @ adapter-rxjava ---
[INFO] 
[INFO] --- maven-resources-plugin:2.6:resources (default-resources) @ adapter-rxjava ---
[INFO] Using 'UTF-8' encoding to copy filtered resources.
[INFO] skip non existing resourceDirectory /home/travis/build/square/retrofit/retrofit-adapters/rxjava/src/main/resources
[INFO] 
[INFO] --- maven-compiler-plugin:3.0:compile (default-compile) @ adapter-rxjava ---
[INFO] Changes detected - recompiling the module!
[INFO] Compiling 6 source files to /home/travis/build/square/retrofit/retrofit-adapters/rxjava/target/classes
[INFO] 
[INFO] --- maven-resources-plugin:2.6:testResources (default-testResources) @ adapter-rxjava ---
[INFO] Using 'UTF-8' encoding to copy filtered resources.
[INFO] skip non existing resourceDirectory /home/travis/build/square/retrofit/retrofit-adapters/rxjava/src/test/resources
[INFO] 
[INFO] --- maven-compiler-plugin:3.0:testCompile (default-testCompile) @ adapter-rxjava ---
[INFO] Changes detected - recompiling the module!
[INFO] Compiling 9 source files to /home/travis/build/square/retrofit/retrofit-adapters/rxjava/target/test-classes
[INFO] 
[INFO] --- maven-surefire-plugin:2.12.4:test (default-test) @ adapter-rxjava ---
[INFO] Surefire report directory: /home/travis/build/square/retrofit/retrofit-adapters/rxjava/target/surefire-reports

-------------------------------------------------------
 T E S T S
-------------------------------------------------------
Running retrofit2.adapter.rxjava.ObservableSchedulerTest
Apr 08, 2016 5:50:12 AM okhttp3.mockwebserver.MockWebServer$3 execute
INFO: MockWebServer[34281] starting to accept connections
Apr 08, 2016 5:50:12 AM okhttp3.mockwebserver.MockWebServer$4 processOneRequest
INFO: MockWebServer[34281] received request: GET / HTTP/1.1 and responded: HTTP/1.1 200 OK
Apr 08, 2016 5:50:12 AM okhttp3.mockwebserver.MockWebServer$3 acceptConnections
INFO: MockWebServer[34281] done accepting connections: Socket closed
Apr 08, 2016 5:50:12 AM okhttp3.mockwebserver.MockWebServer$3 execute
INFO: MockWebServer[52960] starting to accept connections
Apr 08, 2016 5:50:12 AM okhttp3.mockwebserver.MockWebServer$4 processOneRequest
INFO: MockWebServer[52960] received request: GET / HTTP/1.1 and responded: HTTP/1.1 200 OK
Apr 08, 2016 5:50:12 AM okhttp3.mockwebserver.MockWebServer$3 acceptConnections
INFO: MockWebServer[52960] done accepting connections: Socket closed
Apr 08, 2016 5:50:12 AM okhttp3.mockwebserver.MockWebServer$3 execute
INFO: MockWebServer[38687] starting to accept connections
Apr 08, 2016 5:50:12 AM okhttp3.mockwebserver.MockWebServer$4 processOneRequest
INFO: MockWebServer[38687] received request: GET / HTTP/1.1 and responded: HTTP/1.1 200 OK
Apr 08, 2016 5:50:12 AM okhttp3.mockwebserver.MockWebServer$3 acceptConnections
INFO: MockWebServer[38687] done accepting connections: Socket closed
Tests run: 3, Failures: 0, Errors: 0, Skipped: 0, Time elapsed: 0.568 sec
Running retrofit2.adapter.rxjava.ObservableTest
Apr 08, 2016 5:50:12 AM okhttp3.mockwebserver.MockWebServer$3 execute
INFO: MockWebServer[38148] starting to accept connections
Apr 08, 2016 5:50:12 AM okhttp3.mockwebserver.MockWebServer$4 processConnection
WARNING: MockWebServer[38148] connection from /127.0.0.1 didn't make a request
Apr 08, 2016 5:50:12 AM okhttp3.mockwebserver.MockWebServer$3 acceptConnections
INFO: MockWebServer[38148] done accepting connections: Socket closed
Apr 08, 2016 5:50:12 AM okhttp3.mockwebserver.MockWebServer$3 execute
INFO: MockWebServer[51861] starting to accept connections
Apr 08, 2016 5:50:12 AM okhttp3.mockwebserver.MockWebServer$4 processOneRequest
INFO: MockWebServer[51861] received request: GET / HTTP/1.1 and responded: HTTP/1.1 200 OK
Apr 08, 2016 5:50:12 AM okhttp3.mockwebserver.MockWebServer$3 acceptConnections
INFO: MockWebServer[51861] done accepting connections: Socket closed
Apr 08, 2016 5:50:12 AM okhttp3.mockwebserver.MockWebServer$3 execute
INFO: MockWebServer[36279] starting to accept connections
Apr 08, 2016 5:50:12 AM okhttp3.mockwebserver.MockWebServer$4 processOneRequest
INFO: MockWebServer[36279] received request: GET / HTTP/1.1 and responded: HTTP/1.1 404 Client Error
Apr 08, 2016 5:50:12 AM okhttp3.mockwebserver.MockWebServer$3 acceptConnections
INFO: MockWebServer[36279] done accepting connections: Socket closed
Apr 08, 2016 5:50:12 AM okhttp3.mockwebserver.MockWebServer$3 execute
INFO: MockWebServer[57185] starting to accept connections
Apr 08, 2016 5:50:12 AM okhttp3.mockwebserver.MockWebServer$4 processOneRequest
INFO: MockWebServer[57185] received request: GET / HTTP/1.1 and responded: HTTP/1.1 200 OK
Apr 08, 2016 5:50:12 AM okhttp3.mockwebserver.MockWebServer$3 acceptConnections
INFO: MockWebServer[57185] done accepting connections: Socket closed
Apr 08, 2016 5:50:12 AM okhttp3.mockwebserver.MockWebServer$3 execute
INFO: MockWebServer[41708] starting to accept connections
Apr 08, 2016 5:50:12 AM okhttp3.mockwebserver.MockWebServer$4 processOneRequest
INFO: MockWebServer[41708] received request: GET / HTTP/1.1 and responded: HTTP/1.1 200 OK
Apr 08, 2016 5:50:12 AM okhttp3.mockwebserver.MockWebServer$3 acceptConnections
INFO: MockWebServer[41708] done accepting connections: Socket closed
Apr 08, 2016 5:50:12 AM okhttp3.mockwebserver.MockWebServer$3 execute
INFO: MockWebServer[56657] starting to accept connections
Apr 08, 2016 5:50:12 AM okhttp3.mockwebserver.MockWebServer$4 processConnection
WARNING: MockWebServer[56657] connection from /127.0.0.1 didn't make a request
Apr 08, 2016 5:50:12 AM okhttp3.mockwebserver.MockWebServer$3 acceptConnections
INFO: MockWebServer[56657] done accepting connections: Socket closed
Apr 08, 2016 5:50:12 AM okhttp3.mockwebserver.MockWebServer$3 execute
INFO: MockWebServer[60457] starting to accept connections
Apr 08, 2016 5:50:12 AM okhttp3.mockwebserver.MockWebServer$4 processOneRequest
INFO: MockWebServer[60457] received request: GET / HTTP/1.1 and responded: HTTP/1.1 200 OK
Apr 08, 2016 5:50:12 AM okhttp3.mockwebserver.MockWebServer$3 acceptConnections
INFO: MockWebServer[60457] done accepting connections: Socket closed
Apr 08, 2016 5:50:12 AM okhttp3.mockwebserver.MockWebServer$3 execute
INFO: MockWebServer[35792] starting to accept connections
Apr 08, 2016 5:50:12 AM okhttp3.mockwebserver.MockWebServer$4 processOneRequest
INFO: MockWebServer[35792] received request: GET / HTTP/1.1 and responded: HTTP/1.1 404 Client Error
Apr 08, 2016 5:50:12 AM okhttp3.mockwebserver.MockWebServer$3 acceptConnections
INFO: MockWebServer[35792] done accepting connections: Socket closed
Apr 08, 2016 5:50:12 AM okhttp3.mockwebserver.MockWebServer$3 execute
INFO: MockWebServer[49395] starting to accept connections
Apr 08, 2016 5:50:12 AM okhttp3.mockwebserver.MockWebServer$4 processConnection
WARNING: MockWebServer[49395] connection from /127.0.0.1 didn't make a request
Apr 08, 2016 5:50:12 AM okhttp3.mockwebserver.MockWebServer$3 acceptConnections
INFO: MockWebServer[49395] done accepting connections: Socket closed
Apr 08, 2016 5:50:12 AM okhttp3.mockwebserver.MockWebServer$3 execute
INFO: MockWebServer[42870] starting to accept connections
Apr 08, 2016 5:50:12 AM okhttp3.mockwebserver.MockWebServer$4 processOneRequest
INFO: MockWebServer[42870] received request: GET / HTTP/1.1 and responded: HTTP/1.1 200 OK
Apr 08, 2016 5:50:12 AM okhttp3.mockwebserver.MockWebServer$3 acceptConnections
INFO: MockWebServer[42870] done accepting connections: Socket closed
Apr 08, 2016 5:50:12 AM okhttp3.mockwebserver.MockWebServer$3 execute
INFO: MockWebServer[52854] starting to accept connections
Apr 08, 2016 5:50:12 AM okhttp3.mockwebserver.MockWebServer$3 acceptConnections
INFO: MockWebServer[52854] done accepting connections: Socket closed
Apr 08, 2016 5:50:12 AM okhttp3.mockwebserver.MockWebServer$4 processOneRequest
INFO: MockWebServer[52854] received request: GET / HTTP/1.1 and responded: HTTP/1.1 200 OK
Apr 08, 2016 5:50:12 AM okhttp3.mockwebserver.MockWebServer$3 execute
INFO: MockWebServer[45927] starting to accept connections
Apr 08, 2016 5:50:12 AM okhttp3.mockwebserver.MockWebServer$4 processOneRequest
INFO: MockWebServer[45927] received request: GET / HTTP/1.1 and responded: HTTP/1.1 404 Client Error
Apr 08, 2016 5:50:12 AM okhttp3.mockwebserver.MockWebServer$3 acceptConnections
INFO: MockWebServer[45927] done accepting connections: Socket closed
Tests run: 12, Failures: 0, Errors: 0, Skipped: 0, Time elapsed: 0.214 sec
Running retrofit2.adapter.rxjava.RxJavaCallAdapterFactoryTest
Tests run: 6, Failures: 0, Errors: 0, Skipped: 0, Time elapsed: 0.04 sec
Running retrofit2.adapter.rxjava.SingleSchedulerTest
Apr 08, 2016 5:50:12 AM okhttp3.mockwebserver.MockWebServer$3 execute
INFO: MockWebServer[59199] starting to accept connections
Apr 08, 2016 5:50:12 AM okhttp3.mockwebserver.MockWebServer$3 acceptConnections
INFO: MockWebServer[59199] done accepting connections: Socket closed
Apr 08, 2016 5:50:12 AM okhttp3.mockwebserver.MockWebServer$4 processOneRequest
INFO: MockWebServer[59199] received request: GET / HTTP/1.1 and responded: HTTP/1.1 200 OK
Apr 08, 2016 5:50:12 AM okhttp3.mockwebserver.MockWebServer$3 execute
INFO: MockWebServer[53021] starting to accept connections
Apr 08, 2016 5:50:12 AM okhttp3.mockwebserver.MockWebServer$3 acceptConnections
INFO: MockWebServer[53021] done accepting connections: Socket closed
Apr 08, 2016 5:50:12 AM okhttp3.mockwebserver.MockWebServer$4 processOneRequest
INFO: MockWebServer[53021] received request: GET / HTTP/1.1 and responded: HTTP/1.1 200 OK
Apr 08, 2016 5:50:12 AM okhttp3.mockwebserver.MockWebServer$3 execute
INFO: MockWebServer[44117] starting to accept connections
Apr 08, 2016 5:50:12 AM okhttp3.mockwebserver.MockWebServer$4 processOneRequest
INFO: MockWebServer[44117] received request: GET / HTTP/1.1 and responded: HTTP/1.1 200 OK
Apr 08, 2016 5:50:12 AM okhttp3.mockwebserver.MockWebServer$3 acceptConnections
INFO: MockWebServer[44117] done accepting connections: Socket closed
Tests run: 3, Failures: 0, Errors: 0, Skipped: 0, Time elapsed: 0.059 sec
Running retrofit2.adapter.rxjava.CompletableTest
Apr 08, 2016 5:50:12 AM okhttp3.mockwebserver.MockWebServer$3 execute
INFO: MockWebServer[56752] starting to accept connections
Apr 08, 2016 5:50:12 AM okhttp3.mockwebserver.MockWebServer$4 processOneRequest
INFO: MockWebServer[56752] received request: GET / HTTP/1.1 and responded: HTTP/1.1 200 OK
Apr 08, 2016 5:50:12 AM okhttp3.mockwebserver.MockWebServer$3 acceptConnections
INFO: MockWebServer[56752] done accepting connections: Socket closed
Apr 08, 2016 5:50:12 AM okhttp3.mockwebserver.MockWebServer$3 execute
INFO: MockWebServer[57976] starting to accept connections
Apr 08, 2016 5:50:12 AM okhttp3.mockwebserver.MockWebServer$4 processOneRequest
INFO: MockWebServer[57976] received request: GET / HTTP/1.1 and responded: HTTP/1.1 404 Client Error
Apr 08, 2016 5:50:12 AM okhttp3.mockwebserver.MockWebServer$3 acceptConnections
INFO: MockWebServer[57976] done accepting connections: Socket closed
Apr 08, 2016 5:50:13 AM okhttp3.mockwebserver.MockWebServer$3 execute
INFO: MockWebServer[46027] starting to accept connections
Apr 08, 2016 5:50:13 AM okhttp3.mockwebserver.MockWebServer$4 processConnection
WARNING: MockWebServer[46027] connection from /127.0.0.1 didn't make a request
Apr 08, 2016 5:50:13 AM okhttp3.mockwebserver.MockWebServer$3 acceptConnections
INFO: MockWebServer[46027] done accepting connections: Socket closed
Tests run: 3, Failures: 0, Errors: 0, Skipped: 0, Time elapsed: 0.052 sec
Running retrofit2.adapter.rxjava.CompletableSchedulerTest
Apr 08, 2016 5:50:13 AM okhttp3.mockwebserver.MockWebServer$3 execute
INFO: MockWebServer[38060] starting to accept connections
Apr 08, 2016 5:50:13 AM okhttp3.mockwebserver.MockWebServer$3 acceptConnections
INFO: MockWebServer[38060] done accepting connections: Socket closed
Apr 08, 2016 5:50:13 AM okhttp3.mockwebserver.MockWebServer$4 processOneRequest
INFO: MockWebServer[38060] received request: GET / HTTP/1.1 and responded: HTTP/1.1 200 OK
Tests run: 1, Failures: 0, Errors: 0, Skipped: 0, Time elapsed: 0.012 sec
Running retrofit2.adapter.rxjava.SingleTest
Apr 08, 2016 5:50:13 AM okhttp3.mockwebserver.MockWebServer$3 execute
INFO: MockWebServer[53639] starting to accept connections
Apr 08, 2016 5:50:13 AM okhttp3.mockwebserver.MockWebServer$3 acceptConnections
INFO: MockWebServer[53639] done accepting connections: Socket closed
Apr 08, 2016 5:50:13 AM okhttp3.mockwebserver.MockWebServer$4 processConnection
WARNING: MockWebServer[53639] connection from /127.0.0.1 didn't make a request
Apr 08, 2016 5:50:13 AM okhttp3.mockwebserver.MockWebServer$3 execute
INFO: MockWebServer[50310] starting to accept connections
Apr 08, 2016 5:50:13 AM okhttp3.mockwebserver.MockWebServer$3 acceptConnections
INFO: MockWebServer[50310] done accepting connections: Socket closed
Apr 08, 2016 5:50:13 AM okhttp3.mockwebserver.MockWebServer$4 processOneRequest
INFO: MockWebServer[50310] received request: GET / HTTP/1.1 and responded: HTTP/1.1 200 OK
Apr 08, 2016 5:50:13 AM okhttp3.mockwebserver.MockWebServer$3 execute
INFO: MockWebServer[39388] starting to accept connections
Apr 08, 2016 5:50:13 AM okhttp3.mockwebserver.MockWebServer$4 processOneRequest
INFO: MockWebServer[39388] received request: GET / HTTP/1.1 and responded: HTTP/1.1 404 Client Error
Apr 08, 2016 5:50:13 AM okhttp3.mockwebserver.MockWebServer$3 acceptConnections
INFO: MockWebServer[39388] done accepting connections: Socket closed
Apr 08, 2016 5:50:13 AM okhttp3.mockwebserver.MockWebServer$3 execute
INFO: MockWebServer[39533] starting to accept connections
Apr 08, 2016 5:50:13 AM okhttp3.mockwebserver.MockWebServer$4 processConnection
WARNING: MockWebServer[39533] connection from /127.0.0.1 didn't make a request
Apr 08, 2016 5:50:13 AM okhttp3.mockwebserver.MockWebServer$3 acceptConnections
INFO: MockWebServer[39533] done accepting connections: Socket closed
Apr 08, 2016 5:50:13 AM okhttp3.mockwebserver.MockWebServer$3 execute
INFO: MockWebServer[44589] starting to accept connections
Apr 08, 2016 5:50:13 AM okhttp3.mockwebserver.MockWebServer$4 processOneRequest
INFO: MockWebServer[44589] received request: GET / HTTP/1.1 and responded: HTTP/1.1 200 OK
Apr 08, 2016 5:50:13 AM okhttp3.mockwebserver.MockWebServer$3 acceptConnections
INFO: MockWebServer[44589] done accepting connections: Socket closed
Apr 08, 2016 5:50:13 AM okhttp3.mockwebserver.MockWebServer$3 execute
INFO: MockWebServer[57503] starting to accept connections
Apr 08, 2016 5:50:13 AM okhttp3.mockwebserver.MockWebServer$4 processOneRequest
INFO: MockWebServer[57503] received request: GET / HTTP/1.1 and responded: HTTP/1.1 404 Client Error
Apr 08, 2016 5:50:13 AM okhttp3.mockwebserver.MockWebServer$3 acceptConnections
INFO: MockWebServer[57503] done accepting connections: Socket closed
Apr 08, 2016 5:50:13 AM okhttp3.mockwebserver.MockWebServer$3 execute
INFO: MockWebServer[40346] starting to accept connections
Apr 08, 2016 5:50:13 AM okhttp3.mockwebserver.MockWebServer$4 processConnection
WARNING: MockWebServer[40346] connection from /127.0.0.1 didn't make a request
Apr 08, 2016 5:50:13 AM okhttp3.mockwebserver.MockWebServer$3 acceptConnections
INFO: MockWebServer[40346] done accepting connections: Socket closed
Apr 08, 2016 5:50:13 AM okhttp3.mockwebserver.MockWebServer$3 execute
INFO: MockWebServer[57453] starting to accept connections
Apr 08, 2016 5:50:13 AM okhttp3.mockwebserver.MockWebServer$4 processOneRequest
INFO: MockWebServer[57453] received request: GET / HTTP/1.1 and responded: HTTP/1.1 200 OK
Apr 08, 2016 5:50:13 AM okhttp3.mockwebserver.MockWebServer$3 acceptConnections
INFO: MockWebServer[57453] done accepting connections: Socket closed
Apr 08, 2016 5:50:13 AM okhttp3.mockwebserver.MockWebServer$3 execute
INFO: MockWebServer[53212] starting to accept connections
Apr 08, 2016 5:50:13 AM okhttp3.mockwebserver.MockWebServer$3 acceptConnections
INFO: MockWebServer[53212] done accepting connections: Socket closed
Apr 08, 2016 5:50:13 AM okhttp3.mockwebserver.MockWebServer$4 processOneRequest
INFO: MockWebServer[53212] received request: GET / HTTP/1.1 and responded: HTTP/1.1 404 Client Error
Tests run: 9, Failures: 0, Errors: 0, Skipped: 0, Time elapsed: 0.122 sec
Running retrofit2.adapter.rxjava.ResultTest
Tests run: 4, Failures: 0, Errors: 0, Skipped: 0, Time elapsed: 0 sec

Results :

Tests run: 41, Failures: 0, Errors: 0, Skipped: 0

[INFO] 
[INFO] --- animal-sniffer-maven-plugin:1.14:check (default) @ adapter-rxjava ---
[INFO] Checking unresolved references to org.codehaus.mojo.signature:java16:1.1
[INFO]                                                                         
[INFO] ------------------------------------------------------------------------
[INFO] Building Converters 2.0.2-SNAPSHOT
[INFO] ------------------------------------------------------------------------
[INFO] 
[INFO] --- maven-enforcer-plugin:1.0:enforce (enforce-maven) @ retrofit-converters ---
[INFO] 
[INFO] --- animal-sniffer-maven-plugin:1.14:check (default) @ retrofit-converters ---
[INFO] Checking unresolved references to org.codehaus.mojo.signature:java16:1.1
[INFO]                                                                         
[INFO] ------------------------------------------------------------------------
[INFO] Building Converter: Gson 2.0.2-SNAPSHOT
[INFO] ------------------------------------------------------------------------
[INFO] 
[INFO] --- maven-enforcer-plugin:1.0:enforce (enforce-maven) @ converter-gson ---
[INFO] 
[INFO] --- maven-resources-plugin:2.6:resources (default-resources) @ converter-gson ---
[INFO] Using 'UTF-8' encoding to copy filtered resources.
[INFO] skip non existing resourceDirectory /home/travis/build/square/retrofit/retrofit-converters/gson/src/main/resources
[INFO] 
[INFO] --- maven-compiler-plugin:3.0:compile (default-compile) @ converter-gson ---
[INFO] Changes detected - recompiling the module!
[INFO] Compiling 3 source files to /home/travis/build/square/retrofit/retrofit-converters/gson/target/classes
[INFO] 
[INFO] --- maven-resources-plugin:2.6:testResources (default-testResources) @ converter-gson ---
[INFO] Using 'UTF-8' encoding to copy filtered resources.
[INFO] skip non existing resourceDirectory /home/travis/build/square/retrofit/retrofit-converters/gson/src/test/resources
[INFO] 
[INFO] --- maven-compiler-plugin:3.0:testCompile (default-testCompile) @ converter-gson ---
[INFO] Changes detected - recompiling the module!
[INFO] Compiling 1 source file to /home/travis/build/square/retrofit/retrofit-converters/gson/target/test-classes
[INFO] 
[INFO] --- maven-surefire-plugin:2.12.4:test (default-test) @ converter-gson ---
[INFO] Surefire report directory: /home/travis/build/square/retrofit/retrofit-converters/gson/target/surefire-reports

-------------------------------------------------------
 T E S T S
-------------------------------------------------------
Running retrofit2.converter.gson.GsonConverterFactoryTest
Apr 08, 2016 5:50:14 AM okhttp3.mockwebserver.MockWebServer$3 execute
INFO: MockWebServer[50247] starting to accept connections
Apr 08, 2016 5:50:14 AM okhttp3.mockwebserver.MockWebServer$4 processOneRequest
INFO: MockWebServer[50247] received request: POST / HTTP/1.1 and responded: HTTP/1.1 200 OK
Apr 08, 2016 5:50:14 AM okhttp3.mockwebserver.MockWebServer$3 acceptConnections
INFO: MockWebServer[50247] done accepting connections: Socket closed
Apr 08, 2016 5:50:14 AM okhttp3.mockwebserver.MockWebServer$3 execute
INFO: MockWebServer[55662] starting to accept connections
Apr 08, 2016 5:50:14 AM okhttp3.mockwebserver.MockWebServer$3 acceptConnections
INFO: MockWebServer[55662] done accepting connections: Socket closed
Apr 08, 2016 5:50:14 AM okhttp3.mockwebserver.MockWebServer$4 processOneRequest
INFO: MockWebServer[55662] received request: POST / HTTP/1.1 and responded: HTTP/1.1 200 OK
Apr 08, 2016 5:50:14 AM okhttp3.mockwebserver.MockWebServer$3 execute
INFO: MockWebServer[38972] starting to accept connections
Apr 08, 2016 5:50:14 AM okhttp3.mockwebserver.MockWebServer$3 acceptConnections
INFO: MockWebServer[38972] done accepting connections: Socket closed
Apr 08, 2016 5:50:14 AM okhttp3.mockwebserver.MockWebServer$4 processOneRequest
INFO: MockWebServer[38972] received request: POST / HTTP/1.1 and responded: HTTP/1.1 200 OK
Apr 08, 2016 5:50:14 AM okhttp3.mockwebserver.MockWebServer$3 execute
INFO: MockWebServer[37614] starting to accept connections
Apr 08, 2016 5:50:14 AM okhttp3.mockwebserver.MockWebServer$4 processOneRequest
INFO: MockWebServer[37614] received request: POST / HTTP/1.1 and responded: HTTP/1.1 200 OK
Apr 08, 2016 5:50:14 AM okhttp3.mockwebserver.MockWebServer$3 acceptConnections
INFO: MockWebServer[37614] done accepting connections: Socket closed
Tests run: 4, Failures: 0, Errors: 0, Skipped: 0, Time elapsed: 0.773 sec

Results :

Tests run: 4, Failures: 0, Errors: 0, Skipped: 0

[INFO] 
[INFO] --- animal-sniffer-maven-plugin:1.14:check (default) @ converter-gson ---
[INFO] Checking unresolved references to org.codehaus.mojo.signature:java16:1.1
[INFO]                                                                         
[INFO] ------------------------------------------------------------------------
[INFO] Building Converter: Protocol Buffers 2.0.2-SNAPSHOT
[INFO] ------------------------------------------------------------------------
[INFO] 
[INFO] --- maven-enforcer-plugin:1.0:enforce (enforce-maven) @ converter-protobuf ---
[INFO] 
[INFO] --- maven-resources-plugin:2.6:resources (default-resources) @ converter-protobuf ---
[INFO] Using 'UTF-8' encoding to copy filtered resources.
[INFO] skip non existing resourceDirectory /home/travis/build/square/retrofit/retrofit-converters/protobuf/src/main/resources
[INFO] 
[INFO] --- maven-compiler-plugin:3.0:compile (default-compile) @ converter-protobuf ---
[INFO] Changes detected - recompiling the module!
[INFO] Compiling 3 source files to /home/travis/build/square/retrofit/retrofit-converters/protobuf/target/classes
[WARNING] /home/travis/build/square/retrofit/retrofit-converters/protobuf/src/main/java/retrofit2/converter/protobuf/ProtoConverterFactory.java: /home/travis/build/square/retrofit/retrofit-converters/protobuf/src/main/java/retrofit2/converter/protobuf/ProtoConverterFactory.java uses unchecked or unsafe operations.
[WARNING] /home/travis/build/square/retrofit/retrofit-converters/protobuf/src/main/java/retrofit2/converter/protobuf/ProtoConverterFactory.java: Recompile with -Xlint:unchecked for details.
[INFO] 
[INFO] --- maven-resources-plugin:2.6:testResources (default-testResources) @ converter-protobuf ---
[INFO] Using 'UTF-8' encoding to copy filtered resources.
[INFO] skip non existing resourceDirectory /home/travis/build/square/retrofit/retrofit-converters/protobuf/src/test/resources
[INFO] 
[INFO] --- maven-compiler-plugin:3.0:testCompile (default-testCompile) @ converter-protobuf ---
[INFO] Changes detected - recompiling the module!
[INFO] Compiling 2 source files to /home/travis/build/square/retrofit/retrofit-converters/protobuf/target/test-classes
[INFO] 
[INFO] --- maven-surefire-plugin:2.12.4:test (default-test) @ converter-protobuf ---
[INFO] Surefire report directory: /home/travis/build/square/retrofit/retrofit-converters/protobuf/target/surefire-reports

-------------------------------------------------------
 T E S T S
-------------------------------------------------------
Running retrofit2.converter.protobuf.ProtoConverterFactoryTest
Apr 08, 2016 5:50:15 AM okhttp3.mockwebserver.MockWebServer$3 execute
INFO: MockWebServer[45900] starting to accept connections
Apr 08, 2016 5:50:16 AM okhttp3.mockwebserver.MockWebServer$4 processOneRequest
INFO: MockWebServer[45900] received request: POST / HTTP/1.1 and responded: HTTP/1.1 200 OK
Apr 08, 2016 5:50:16 AM okhttp3.mockwebserver.MockWebServer$3 acceptConnections
INFO: MockWebServer[45900] done accepting connections: Socket closed
Apr 08, 2016 5:50:16 AM okhttp3.mockwebserver.MockWebServer$3 execute
INFO: MockWebServer[41792] starting to accept connections
Apr 08, 2016 5:50:16 AM okhttp3.mockwebserver.MockWebServer$3 acceptConnections
INFO: MockWebServer[41792] done accepting connections: Socket is closed
Apr 08, 2016 5:50:16 AM okhttp3.mockwebserver.MockWebServer$3 execute
INFO: MockWebServer[36689] starting to accept connections
Apr 08, 2016 5:50:16 AM okhttp3.mockwebserver.MockWebServer$3 acceptConnections
INFO: MockWebServer[36689] done accepting connections: Socket closed
Apr 08, 2016 5:50:16 AM okhttp3.mockwebserver.MockWebServer$4 processOneRequest
INFO: MockWebServer[36689] received request: GET / HTTP/1.1 and responded: HTTP/1.1 200 OK
Apr 08, 2016 5:50:16 AM okhttp3.mockwebserver.MockWebServer$3 execute
INFO: MockWebServer[55840] starting to accept connections
Apr 08, 2016 5:50:16 AM okhttp3.mockwebserver.MockWebServer$3 acceptConnections
INFO: MockWebServer[55840] done accepting connections: Socket closed
Apr 08, 2016 5:50:16 AM okhttp3.mockwebserver.MockWebServer$4 processOneRequest
INFO: MockWebServer[55840] received request: GET / HTTP/1.1 and responded: HTTP/1.1 200 OK
Apr 08, 2016 5:50:16 AM okhttp3.mockwebserver.MockWebServer$3 execute
INFO: MockWebServer[55252] starting to accept connections
Apr 08, 2016 5:50:16 AM okhttp3.mockwebserver.MockWebServer$3 acceptConnections
INFO: MockWebServer[55252] done accepting connections: Socket closed
Apr 08, 2016 5:50:16 AM okhttp3.mockwebserver.MockWebServer$3 execute
INFO: MockWebServer[55646] starting to accept connections
Apr 08, 2016 5:50:16 AM okhttp3.mockwebserver.MockWebServer$3 acceptConnections
INFO: MockWebServer[55646] done accepting connections: Socket closed
Apr 08, 2016 5:50:16 AM okhttp3.mockwebserver.MockWebServer$4 processOneRequest
INFO: MockWebServer[55646] received request: GET / HTTP/1.1 and responded: HTTP/1.1 200 OK
Tests run: 6, Failures: 0, Errors: 0, Skipped: 0, Time elapsed: 0.681 sec

Results :

Tests run: 6, Failures: 0, Errors: 0, Skipped: 0

[INFO] 
[INFO] --- animal-sniffer-maven-plugin:1.14:check (default) @ converter-protobuf ---
[INFO] Checking unresolved references to org.codehaus.mojo.signature:java16:1.1
[INFO]                                                                         
[INFO] ------------------------------------------------------------------------
[INFO] Building Converter: Jackson 2.0.2-SNAPSHOT
[INFO] ------------------------------------------------------------------------
[INFO] 
[INFO] --- maven-enforcer-plugin:1.0:enforce (enforce-maven) @ converter-jackson ---
[INFO] 
[INFO] --- maven-resources-plugin:2.6:resources (default-resources) @ converter-jackson ---
[INFO] Using 'UTF-8' encoding to copy filtered resources.
[INFO] skip non existing resourceDirectory /home/travis/build/square/retrofit/retrofit-converters/jackson/src/main/resources
[INFO] 
[INFO] --- maven-compiler-plugin:3.0:compile (default-compile) @ converter-jackson ---
[INFO] Changes detected - recompiling the module!
[INFO] Compiling 3 source files to /home/travis/build/square/retrofit/retrofit-converters/jackson/target/classes
[WARNING] /home/travis/build/square/retrofit/retrofit-converters/jackson/src/main/java/retrofit2/converter/jackson/JacksonConverterFactory.java: /home/travis/build/square/retrofit/retrofit-converters/jackson/src/main/java/retrofit2/converter/jackson/JacksonConverterFactory.java uses or overrides a deprecated API.
[WARNING] /home/travis/build/square/retrofit/retrofit-converters/jackson/src/main/java/retrofit2/converter/jackson/JacksonConverterFactory.java: Recompile with -Xlint:deprecation for details.
[INFO] 
[INFO] --- maven-resources-plugin:2.6:testResources (default-testResources) @ converter-jackson ---
[INFO] Using 'UTF-8' encoding to copy filtered resources.
[INFO] skip non existing resourceDirectory /home/travis/build/square/retrofit/retrofit-converters/jackson/src/test/resources
[INFO] 
[INFO] --- maven-compiler-plugin:3.0:testCompile (default-testCompile) @ converter-jackson ---
[INFO] Changes detected - recompiling the module!
[INFO] Compiling 1 source file to /home/travis/build/square/retrofit/retrofit-converters/jackson/target/test-classes
[WARNING] /home/travis/build/square/retrofit/retrofit-converters/jackson/src/test/java/retrofit2/converter/jackson/JacksonConverterFactoryTest.java: /home/travis/build/square/retrofit/retrofit-converters/jackson/src/test/java/retrofit2/converter/jackson/JacksonConverterFactoryTest.java uses or overrides a deprecated API.
[WARNING] /home/travis/build/square/retrofit/retrofit-converters/jackson/src/test/java/retrofit2/converter/jackson/JacksonConverterFactoryTest.java: Recompile with -Xlint:deprecation for details.
[INFO] 
[INFO] --- maven-surefire-plugin:2.12.4:test (default-test) @ converter-jackson ---
[INFO] Surefire report directory: /home/travis/build/square/retrofit/retrofit-converters/jackson/target/surefire-reports

-------------------------------------------------------
 T E S T S
-------------------------------------------------------
Running retrofit2.converter.jackson.JacksonConverterFactoryTest
Apr 08, 2016 5:50:17 AM okhttp3.mockwebserver.MockWebServer$3 execute
INFO: MockWebServer[55365] starting to accept connections
Apr 08, 2016 5:50:17 AM okhttp3.mockwebserver.MockWebServer$4 processOneRequest
INFO: MockWebServer[55365] received request: POST / HTTP/1.1 and responded: HTTP/1.1 200 OK
Apr 08, 2016 5:50:17 AM okhttp3.mockwebserver.MockWebServer$3 acceptConnections
INFO: MockWebServer[55365] done accepting connections: Socket closed
Apr 08, 2016 5:50:17 AM okhttp3.mockwebserver.MockWebServer$3 execute
INFO: MockWebServer[33616] starting to accept connections
Apr 08, 2016 5:50:17 AM okhttp3.mockwebserver.MockWebServer$4 processOneRequest
INFO: MockWebServer[33616] received request: POST / HTTP/1.1 and responded: HTTP/1.1 200 OK
Apr 08, 2016 5:50:17 AM okhttp3.mockwebserver.MockWebServer$3 acceptConnections
INFO: MockWebServer[33616] done accepting connections: Socket closed
Tests run: 2, Failures: 0, Errors: 0, Skipped: 0, Time elapsed: 0.731 sec

Results :

Tests run: 2, Failures: 0, Errors: 0, Skipped: 0

[INFO] 
[INFO] --- animal-sniffer-maven-plugin:1.14:check (default) @ converter-jackson ---
[INFO] Checking unresolved references to org.codehaus.mojo.signature:java16:1.1
[INFO]                                                                         
[INFO] ------------------------------------------------------------------------
[INFO] Building Converter: Wire Protocol Buffers 2.0.2-SNAPSHOT
[INFO] ------------------------------------------------------------------------
[INFO] 
[INFO] --- maven-enforcer-plugin:1.0:enforce (enforce-maven) @ converter-wire ---
[INFO] 
[INFO] --- maven-resources-plugin:2.6:resources (default-resources) @ converter-wire ---
[INFO] Using 'UTF-8' encoding to copy filtered resources.
[INFO] skip non existing resourceDirectory /home/travis/build/square/retrofit/retrofit-converters/wire/src/main/resources
[INFO] 
[INFO] --- maven-compiler-plugin:3.0:compile (default-compile) @ converter-wire ---
[INFO] Changes detected - recompiling the module!
[INFO] Compiling 3 source files to /home/travis/build/square/retrofit/retrofit-converters/wire/target/classes
[WARNING] /home/travis/build/square/retrofit/retrofit-converters/wire/src/main/java/retrofit2/converter/wire/WireConverterFactory.java: /home/travis/build/square/retrofit/retrofit-converters/wire/src/main/java/retrofit2/converter/wire/WireConverterFactory.java uses unchecked or unsafe operations.
[WARNING] /home/travis/build/square/retrofit/retrofit-converters/wire/src/main/java/retrofit2/converter/wire/WireConverterFactory.java: Recompile with -Xlint:unchecked for details.
[INFO] 
[INFO] --- maven-resources-plugin:2.6:testResources (default-testResources) @ converter-wire ---
[INFO] Using 'UTF-8' encoding to copy filtered resources.
[INFO] skip non existing resourceDirectory /home/travis/build/square/retrofit/retrofit-converters/wire/src/test/resources
[INFO] 
[INFO] --- maven-compiler-plugin:3.0:testCompile (default-testCompile) @ converter-wire ---
[INFO] Changes detected - recompiling the module!
[INFO] Compiling 2 source files to /home/travis/build/square/retrofit/retrofit-converters/wire/target/test-classes
[INFO] 
[INFO] --- maven-surefire-plugin:2.12.4:test (default-test) @ converter-wire ---
[INFO] Surefire report directory: /home/travis/build/square/retrofit/retrofit-converters/wire/target/surefire-reports

-------------------------------------------------------
 T E S T S
-------------------------------------------------------
Running retrofit2.converter.wire.WireConverterFactoryTest
Apr 08, 2016 5:50:18 AM okhttp3.mockwebserver.MockWebServer$3 execute
INFO: MockWebServer[36626] starting to accept connections
Apr 08, 2016 5:50:19 AM okhttp3.mockwebserver.MockWebServer$4 processOneRequest
INFO: MockWebServer[36626] received request: POST / HTTP/1.1 and responded: HTTP/1.1 200 OK
Apr 08, 2016 5:50:19 AM okhttp3.mockwebserver.MockWebServer$3 acceptConnections
INFO: MockWebServer[36626] done accepting connections: Socket closed
Apr 08, 2016 5:50:19 AM okhttp3.mockwebserver.MockWebServer$3 execute
INFO: MockWebServer[59173] starting to accept connections
Apr 08, 2016 5:50:19 AM okhttp3.mockwebserver.MockWebServer$3 acceptConnections
INFO: MockWebServer[59173] done accepting connections: Socket closed
Apr 08, 2016 5:50:19 AM okhttp3.mockwebserver.MockWebServer$3 execute
INFO: MockWebServer[55246] starting to accept connections
Apr 08, 2016 5:50:19 AM okhttp3.mockwebserver.MockWebServer$4 processOneRequest
INFO: MockWebServer[55246] received request: GET / HTTP/1.1 and responded: HTTP/1.1 200 OK
Apr 08, 2016 5:50:19 AM okhttp3.mockwebserver.MockWebServer$3 acceptConnections
INFO: MockWebServer[55246] done accepting connections: Socket closed
Apr 08, 2016 5:50:19 AM okhttp3.mockwebserver.MockWebServer$3 execute
INFO: MockWebServer[57230] starting to accept connections
Apr 08, 2016 5:50:19 AM okhttp3.mockwebserver.MockWebServer$3 acceptConnections
INFO: MockWebServer[57230] done accepting connections: Socket is closed
Apr 08, 2016 5:50:19 AM okhttp3.mockwebserver.MockWebServer$3 execute
INFO: MockWebServer[49500] starting to accept connections
Apr 08, 2016 5:50:19 AM okhttp3.mockwebserver.MockWebServer$4 processOneRequest
INFO: MockWebServer[49500] received request: GET / HTTP/1.1 and responded: HTTP/1.1 200 OK
Apr 08, 2016 5:50:19 AM okhttp3.mockwebserver.MockWebServer$3 acceptConnections
INFO: MockWebServer[49500] done accepting connections: Socket closed
Tests run: 5, Failures: 0, Errors: 0, Skipped: 0, Time elapsed: 0.663 sec

Results :

Tests run: 5, Failures: 0, Errors: 0, Skipped: 0

[INFO] 
[INFO] --- animal-sniffer-maven-plugin:1.14:check (default) @ converter-wire ---
[INFO] Checking unresolved references to org.codehaus.mojo.signature:java16:1.1
[INFO]                                                                         
[INFO] ------------------------------------------------------------------------
[INFO] Building Converter: SimpleXML 2.0.2-SNAPSHOT
[INFO] ------------------------------------------------------------------------
[INFO] 
[INFO] --- maven-enforcer-plugin:1.0:enforce (enforce-maven) @ converter-simplexml ---
[INFO] 
[INFO] --- maven-resources-plugin:2.6:resources (default-resources) @ converter-simplexml ---
[INFO] Using 'UTF-8' encoding to copy filtered resources.
[INFO] skip non existing resourceDirectory /home/travis/build/square/retrofit/retrofit-converters/simplexml/src/main/resources
[INFO] 
[INFO] --- maven-compiler-plugin:3.0:compile (default-compile) @ converter-simplexml ---
[INFO] Changes detected - recompiling the module!
[INFO] Compiling 3 source files to /home/travis/build/square/retrofit/retrofit-converters/simplexml/target/classes
[INFO] 
[INFO] --- maven-resources-plugin:2.6:testResources (default-testResources) @ converter-simplexml ---
[INFO] Using 'UTF-8' encoding to copy filtered resources.
[INFO] skip non existing resourceDirectory /home/travis/build/square/retrofit/retrofit-converters/simplexml/src/test/resources
[INFO] 
[INFO] --- maven-compiler-plugin:3.0:testCompile (default-testCompile) @ converter-simplexml ---
[INFO] Changes detected - recompiling the module!
[INFO] Compiling 2 source files to /home/travis/build/square/retrofit/retrofit-converters/simplexml/target/test-classes
[INFO] 
[INFO] --- maven-surefire-plugin:2.12.4:test (default-test) @ converter-simplexml ---
[INFO] Surefire report directory: /home/travis/build/square/retrofit/retrofit-converters/simplexml/target/surefire-reports

-------------------------------------------------------
 T E S T S
-------------------------------------------------------
Running retrofit2.converter.simplexml.SimpleXmlConverterFactoryTest
Apr 08, 2016 5:50:20 AM okhttp3.mockwebserver.MockWebServer$3 execute
INFO: MockWebServer[38557] starting to accept connections
Apr 08, 2016 5:50:20 AM okhttp3.mockwebserver.MockWebServer$4 processOneRequest
INFO: MockWebServer[38557] received request: GET / HTTP/1.1 and responded: HTTP/1.1 200 OK
Apr 08, 2016 5:50:20 AM okhttp3.mockwebserver.MockWebServer$3 acceptConnections
INFO: MockWebServer[38557] done accepting connections: Socket closed
Apr 08, 2016 5:50:20 AM okhttp3.mockwebserver.MockWebServer$3 execute
INFO: MockWebServer[57724] starting to accept connections
Apr 08, 2016 5:50:20 AM okhttp3.mockwebserver.MockWebServer$4 processOneRequest
INFO: MockWebServer[57724] received request: GET / HTTP/1.1 and responded: HTTP/1.1 200 OK
Apr 08, 2016 5:50:21 AM okhttp3.mockwebserver.MockWebServer$3 acceptConnections
INFO: MockWebServer[57724] done accepting connections: Socket closed
Apr 08, 2016 5:50:21 AM okhttp3.mockwebserver.MockWebServer$3 execute
INFO: MockWebServer[43188] starting to accept connections
Apr 08, 2016 5:50:21 AM okhttp3.mockwebserver.MockWebServer$4 processOneRequest
INFO: MockWebServer[43188] received request: POST / HTTP/1.1 and responded: HTTP/1.1 200 OK
Apr 08, 2016 5:50:21 AM okhttp3.mockwebserver.MockWebServer$3 acceptConnections
INFO: MockWebServer[43188] done accepting connections: Socket closed
Tests run: 3, Failures: 0, Errors: 0, Skipped: 0, Time elapsed: 1.251 sec

Results :

Tests run: 3, Failures: 0, Errors: 0, Skipped: 0

[INFO] 
[INFO] --- animal-sniffer-maven-plugin:1.14:check (default) @ converter-simplexml ---
[INFO] Checking unresolved references to org.codehaus.mojo.signature:java16:1.1
[INFO]                                                                         
[INFO] ------------------------------------------------------------------------
[INFO] Building Converter: Java Scalars 2.0.2-SNAPSHOT
[INFO] ------------------------------------------------------------------------
[INFO] 
[INFO] --- maven-enforcer-plugin:1.0:enforce (enforce-maven) @ converter-scalars ---
[INFO] 
[INFO] --- maven-resources-plugin:2.6:resources (default-resources) @ converter-scalars ---
[INFO] Using 'UTF-8' encoding to copy filtered resources.
[INFO] skip non existing resourceDirectory /home/travis/build/square/retrofit/retrofit-converters/scalars/src/main/resources
[INFO] 
[INFO] --- maven-compiler-plugin:3.0:compile (default-compile) @ converter-scalars ---
[INFO] Changes detected - recompiling the module!
[INFO] Compiling 3 source files to /home/travis/build/square/retrofit/retrofit-converters/scalars/target/classes
[INFO] 
[INFO] --- maven-resources-plugin:2.6:testResources (default-testResources) @ converter-scalars ---
[INFO] Using 'UTF-8' encoding to copy filtered resources.
[INFO] skip non existing resourceDirectory /home/travis/build/square/retrofit/retrofit-converters/scalars/src/test/resources
[INFO] 
[INFO] --- maven-compiler-plugin:3.0:testCompile (default-testCompile) @ converter-scalars ---
[INFO] Changes detected - recompiling the module!
[INFO] Compiling 2 source files to /home/travis/build/square/retrofit/retrofit-converters/scalars/target/test-classes
[INFO] 
[INFO] --- maven-surefire-plugin:2.12.4:test (default-test) @ converter-scalars ---
[INFO] Surefire report directory: /home/travis/build/square/retrofit/retrofit-converters/scalars/target/surefire-reports

-------------------------------------------------------
 T E S T S
-------------------------------------------------------
Running retrofit2.converter.scalars.ScalarsConverterFactoryTest
Apr 08, 2016 5:50:22 AM okhttp3.mockwebserver.MockWebServer$3 execute
INFO: MockWebServer[53928] starting to accept connections
Apr 08, 2016 5:50:23 AM okhttp3.mockwebserver.MockWebServer$3 acceptConnections
INFO: MockWebServer[53928] done accepting connections: Socket closed
Apr 08, 2016 5:50:23 AM okhttp3.mockwebserver.MockWebServer$3 execute
INFO: MockWebServer[47241] starting to accept connections
Apr 08, 2016 5:50:23 AM okhttp3.mockwebserver.MockWebServer$4 processOneRequest
INFO: MockWebServer[47241] received request: GET / HTTP/1.1 and responded: HTTP/1.1 200 OK
Apr 08, 2016 5:50:23 AM okhttp3.mockwebserver.MockWebServer$4 processOneRequest
INFO: MockWebServer[47241] received request: GET / HTTP/1.1 and responded: HTTP/1.1 200 OK
Apr 08, 2016 5:50:23 AM okhttp3.mockwebserver.MockWebServer$4 processOneRequest
INFO: MockWebServer[47241] received request: GET / HTTP/1.1 and responded: HTTP/1.1 200 OK
Apr 08, 2016 5:50:23 AM okhttp3.mockwebserver.MockWebServer$4 processOneRequest
INFO: MockWebServer[47241] received request: GET / HTTP/1.1 and responded: HTTP/1.1 200 OK
Apr 08, 2016 5:50:23 AM okhttp3.mockwebserver.MockWebServer$4 processOneRequest
INFO: MockWebServer[47241] received request: GET / HTTP/1.1 and responded: HTTP/1.1 200 OK
Apr 08, 2016 5:50:23 AM okhttp3.mockwebserver.MockWebServer$4 processOneRequest
INFO: MockWebServer[47241] received request: GET / HTTP/1.1 and responded: HTTP/1.1 200 OK
Apr 08, 2016 5:50:23 AM okhttp3.mockwebserver.MockWebServer$4 processOneRequest
INFO: MockWebServer[47241] received request: GET / HTTP/1.1 and responded: HTTP/1.1 200 OK
Apr 08, 2016 5:50:23 AM okhttp3.mockwebserver.MockWebServer$4 processOneRequest
INFO: MockWebServer[47241] received request: GET / HTTP/1.1 and responded: HTTP/1.1 200 OK
Apr 08, 2016 5:50:23 AM okhttp3.mockwebserver.MockWebServer$4 processOneRequest
INFO: MockWebServer[47241] received request: GET / HTTP/1.1 and responded: HTTP/1.1 200 OK
Apr 08, 2016 5:50:23 AM okhttp3.mockwebserver.MockWebServer$4 processOneRequest
INFO: MockWebServer[47241] received request: GET / HTTP/1.1 and responded: HTTP/1.1 200 OK
Apr 08, 2016 5:50:24 AM okhttp3.mockwebserver.MockWebServer$4 processOneRequest
INFO: MockWebServer[47241] received request: GET / HTTP/1.1 and responded: HTTP/1.1 200 OK
Apr 08, 2016 5:50:24 AM okhttp3.mockwebserver.MockWebServer$3 acceptConnections
INFO: MockWebServer[47241] done accepting connections: Socket closed
Apr 08, 2016 5:50:24 AM okhttp3.mockwebserver.MockWebServer$3 execute
INFO: MockWebServer[56495] starting to accept connections
Apr 08, 2016 5:50:24 AM okhttp3.mockwebserver.MockWebServer$4 processOneRequest
INFO: MockWebServer[56495] received request: POST / HTTP/1.1 and responded: HTTP/1.1 200 OK
Apr 08, 2016 5:50:24 AM okhttp3.mockwebserver.MockWebServer$4 processOneRequest
INFO: MockWebServer[56495] received request: POST / HTTP/1.1 and responded: HTTP/1.1 200 OK
Apr 08, 2016 5:50:24 AM okhttp3.mockwebserver.MockWebServer$4 processOneRequest
INFO: MockWebServer[56495] received request: POST / HTTP/1.1 and responded: HTTP/1.1 200 OK
Apr 08, 2016 5:50:24 AM okhttp3.mockwebserver.MockWebServer$4 processOneRequest
INFO: MockWebServer[56495] received request: POST / HTTP/1.1 and responded: HTTP/1.1 200 OK
Apr 08, 2016 5:50:24 AM okhttp3.mockwebserver.MockWebServer$4 processOneRequest
INFO: MockWebServer[56495] received request: POST / HTTP/1.1 and responded: HTTP/1.1 200 OK
Apr 08, 2016 5:50:24 AM okhttp3.mockwebserver.MockWebServer$4 processOneRequest
INFO: MockWebServer[56495] received request: POST / HTTP/1.1 and responded: HTTP/1.1 200 OK
Apr 08, 2016 5:50:24 AM okhttp3.mockwebserver.MockWebServer$4 processOneRequest
INFO: MockWebServer[56495] received request: POST / HTTP/1.1 and responded: HTTP/1.1 200 OK
Apr 08, 2016 5:50:24 AM okhttp3.mockwebserver.MockWebServer$4 processOneRequest
INFO: MockWebServer[56495] received request: POST / HTTP/1.1 and responded: HTTP/1.1 200 OK
Apr 08, 2016 5:50:24 AM okhttp3.mockwebserver.MockWebServer$4 processOneRequest
INFO: MockWebServer[56495] received request: POST / HTTP/1.1 and responded: HTTP/1.1 200 OK
Apr 08, 2016 5:50:24 AM okhttp3.mockwebserver.MockWebServer$4 processOneRequest
INFO: MockWebServer[56495] received request: POST / HTTP/1.1 and responded: HTTP/1.1 200 OK
Apr 08, 2016 5:50:24 AM okhttp3.mockwebserver.MockWebServer$4 processOneRequest
INFO: MockWebServer[56495] received request: POST / HTTP/1.1 and responded: HTTP/1.1 200 OK
Apr 08, 2016 5:50:24 AM okhttp3.mockwebserver.MockWebServer$4 processOneRequest
INFO: MockWebServer[56495] received request: POST / HTTP/1.1 and responded: HTTP/1.1 200 OK
Apr 08, 2016 5:50:24 AM okhttp3.mockwebserver.MockWebServer$4 processOneRequest
INFO: MockWebServer[56495] received request: POST / HTTP/1.1 and responded: HTTP/1.1 200 OK
Apr 08, 2016 5:50:24 AM okhttp3.mockwebserver.MockWebServer$4 processOneRequest
INFO: MockWebServer[56495] received request: POST / HTTP/1.1 and responded: HTTP/1.1 200 OK
Apr 08, 2016 5:50:24 AM okhttp3.mockwebserver.MockWebServer$4 processOneRequest
INFO: MockWebServer[56495] received request: POST / HTTP/1.1 and responded: HTTP/1.1 200 OK
Apr 08, 2016 5:50:24 AM okhttp3.mockwebserver.MockWebServer$4 processOneRequest
INFO: MockWebServer[56495] received request: POST / HTTP/1.1 and responded: HTTP/1.1 200 OK
Apr 08, 2016 5:50:24 AM okhttp3.mockwebserver.MockWebServer$4 processOneRequest
INFO: MockWebServer[56495] received request: POST / HTTP/1.1 and responded: HTTP/1.1 200 OK
Apr 08, 2016 5:50:24 AM okhttp3.mockwebserver.MockWebServer$3 acceptConnections
INFO: MockWebServer[56495] done accepting connections: Socket closed
Apr 08, 2016 5:50:24 AM okhttp3.mockwebserver.MockWebServer$3 execute
INFO: MockWebServer[44946] starting to accept connections
Apr 08, 2016 5:50:24 AM okhttp3.mockwebserver.MockWebServer$3 acceptConnections
INFO: MockWebServer[44946] done accepting connections: Socket closed
Tests run: 4, Failures: 0, Errors: 0, Skipped: 0, Time elapsed: 1.713 sec
Running retrofit2.converter.scalars.ScalarsConverterPrimitivesFactoryTest
Apr 08, 2016 5:50:24 AM okhttp3.mockwebserver.MockWebServer$3 execute
INFO: MockWebServer[45144] starting to accept connections
Apr 08, 2016 5:50:24 AM okhttp3.mockwebserver.MockWebServer$4 processOneRequest
INFO: MockWebServer[45144] received request: GET / HTTP/1.1 and responded: HTTP/1.1 200 OK
Apr 08, 2016 5:50:24 AM okhttp3.mockwebserver.MockWebServer$4 processOneRequest
INFO: MockWebServer[45144] received request: GET / HTTP/1.1 and responded: HTTP/1.1 200 OK
Apr 08, 2016 5:50:24 AM okhttp3.mockwebserver.MockWebServer$4 processOneRequest
INFO: MockWebServer[45144] received request: GET / HTTP/1.1 and responded: HTTP/1.1 200 OK
Apr 08, 2016 5:50:24 AM okhttp3.mockwebserver.MockWebServer$4 processOneRequest
INFO: MockWebServer[45144] received request: GET / HTTP/1.1 and responded: HTTP/1.1 200 OK
Apr 08, 2016 5:50:24 AM okhttp3.mockwebserver.MockWebServer$4 processOneRequest
INFO: MockWebServer[45144] received request: GET / HTTP/1.1 and responded: HTTP/1.1 200 OK
Apr 08, 2016 5:50:24 AM okhttp3.mockwebserver.MockWebServer$4 processOneRequest
INFO: MockWebServer[45144] received request: GET / HTTP/1.1 and responded: HTTP/1.1 200 OK
Apr 08, 2016 5:50:24 AM okhttp3.mockwebserver.MockWebServer$4 processOneRequest
INFO: MockWebServer[45144] received request: GET / HTTP/1.1 and responded: HTTP/1.1 200 OK
Apr 08, 2016 5:50:24 AM okhttp3.mockwebserver.MockWebServer$4 processOneRequest
INFO: MockWebServer[45144] received request: GET / HTTP/1.1 and responded: HTTP/1.1 200 OK
Apr 08, 2016 5:50:24 AM okhttp3.mockwebserver.MockWebServer$4 processOneRequest
INFO: MockWebServer[45144] received request: GET / HTTP/1.1 and responded: HTTP/1.1 200 OK
Apr 08, 2016 5:50:24 AM okhttp3.mockwebserver.MockWebServer$4 processOneRequest
INFO: MockWebServer[45144] received request: GET / HTTP/1.1 and responded: HTTP/1.1 200 OK
Apr 08, 2016 5:50:24 AM okhttp3.mockwebserver.MockWebServer$3 acceptConnections
INFO: MockWebServer[45144] done accepting connections: Socket closed
Tests run: 1, Failures: 0, Errors: 0, Skipped: 0, Time elapsed: 0.366 sec

Results :

Tests run: 5, Failures: 0, Errors: 0, Skipped: 0

[INFO] 
[INFO] --- animal-sniffer-maven-plugin:1.14:check (default) @ converter-scalars ---
[INFO] Checking unresolved references to org.codehaus.mojo.signature:java16:1.1
[INFO]                                                                         
[INFO] ------------------------------------------------------------------------
[INFO] Building Converter: Moshi 2.0.2-SNAPSHOT
[INFO] ------------------------------------------------------------------------
[INFO] 
[INFO] --- maven-enforcer-plugin:1.0:enforce (enforce-maven) @ converter-moshi ---
[INFO] 
[INFO] --- maven-resources-plugin:2.6:resources (default-resources) @ converter-moshi ---
[INFO] Using 'UTF-8' encoding to copy filtered resources.
[INFO] skip non existing resourceDirectory /home/travis/build/square/retrofit/retrofit-converters/moshi/src/main/resources
[INFO] 
[INFO] --- maven-compiler-plugin:3.0:compile (default-compile) @ converter-moshi ---
[INFO] Changes detected - recompiling the module!
[INFO] Compiling 3 source files to /home/travis/build/square/retrofit/retrofit-converters/moshi/target/classes
[INFO] 
[INFO] --- maven-resources-plugin:2.6:testResources (default-testResources) @ converter-moshi ---
[INFO] Using 'UTF-8' encoding to copy filtered resources.
[INFO] skip non existing resourceDirectory /home/travis/build/square/retrofit/retrofit-converters/moshi/src/test/resources
[INFO] 
[INFO] --- maven-compiler-plugin:3.0:testCompile (default-testCompile) @ converter-moshi ---
[INFO] Changes detected - recompiling the module!
[INFO] Compiling 1 source file to /home/travis/build/square/retrofit/retrofit-converters/moshi/target/test-classes
[INFO] 
[INFO] --- maven-surefire-plugin:2.12.4:test (default-test) @ converter-moshi ---
[INFO] Surefire report directory: /home/travis/build/square/retrofit/retrofit-converters/moshi/target/surefire-reports

-------------------------------------------------------
 T E S T S
-------------------------------------------------------
Running retrofit2.converter.moshi.MoshiConverterFactoryTest
Apr 08, 2016 5:50:26 AM okhttp3.mockwebserver.MockWebServer$3 execute
INFO: MockWebServer[47488] starting to accept connections
Apr 08, 2016 5:50:26 AM okhttp3.mockwebserver.MockWebServer$4 processOneRequest
INFO: MockWebServer[47488] received request: POST / HTTP/1.1 and responded: HTTP/1.1 200 OK
Apr 08, 2016 5:50:26 AM okhttp3.mockwebserver.MockWebServer$3 acceptConnections
INFO: MockWebServer[47488] done accepting connections: Socket closed
Apr 08, 2016 5:50:26 AM okhttp3.mockwebserver.MockWebServer$3 execute
INFO: MockWebServer[46605] starting to accept connections
Apr 08, 2016 5:50:26 AM okhttp3.mockwebserver.MockWebServer$3 acceptConnections
INFO: MockWebServer[46605] done accepting connections: Socket closed
Apr 08, 2016 5:50:26 AM okhttp3.mockwebserver.MockWebServer$4 processOneRequest
INFO: MockWebServer[46605] received request: POST / HTTP/1.1 and responded: HTTP/1.1 200 OK
Apr 08, 2016 5:50:27 AM okhttp3.mockwebserver.MockWebServer$3 execute
INFO: MockWebServer[51677] starting to accept connections
Apr 08, 2016 5:50:27 AM okhttp3.mockwebserver.MockWebServer$4 processOneRequest
INFO: MockWebServer[51677] received request: POST / HTTP/1.1 and responded: HTTP/1.1 200 OK
Apr 08, 2016 5:50:27 AM okhttp3.mockwebserver.MockWebServer$3 acceptConnections
INFO: MockWebServer[51677] done accepting connections: Socket closed
Apr 08, 2016 5:50:27 AM okhttp3.mockwebserver.MockWebServer$4 processOneRequest
INFO: MockWebServer[51677] received request: POST / HTTP/1.1 and responded: HTTP/1.1 200 OK
Tests run: 3, Failures: 0, Errors: 0, Skipped: 0, Time elapsed: 1.029 sec

Results :

Tests run: 3, Failures: 0, Errors: 0, Skipped: 0

[INFO] 
[INFO] --- animal-sniffer-maven-plugin:1.14:check (default) @ converter-moshi ---
[INFO] Checking unresolved references to org.codehaus.mojo.signature:java16:1.1
[INFO]                                                                         
[INFO] ------------------------------------------------------------------------
[INFO] Building Retrofit Mock Adapter 2.0.2-SNAPSHOT
[INFO] ------------------------------------------------------------------------
[INFO] 
[INFO] --- maven-enforcer-plugin:1.0:enforce (enforce-maven) @ retrofit-mock ---
[INFO] 
[INFO] --- maven-resources-plugin:2.6:resources (default-resources) @ retrofit-mock ---
[INFO] Using 'UTF-8' encoding to copy filtered resources.
[INFO] skip non existing resourceDirectory /home/travis/build/square/retrofit/retrofit-mock/src/main/resources
[INFO] 
[INFO] --- maven-compiler-plugin:3.0:compile (default-compile) @ retrofit-mock ---
[INFO] Changes detected - recompiling the module!
[INFO] Compiling 5 source files to /home/travis/build/square/retrofit/retrofit-mock/target/classes
[INFO] 
[INFO] --- maven-resources-plugin:2.6:testResources (default-testResources) @ retrofit-mock ---
[INFO] Using 'UTF-8' encoding to copy filtered resources.
[INFO] skip non existing resourceDirectory /home/travis/build/square/retrofit/retrofit-mock/src/test/resources
[INFO] 
[INFO] --- maven-compiler-plugin:3.0:testCompile (default-testCompile) @ retrofit-mock ---
[INFO] Changes detected - recompiling the module!
[INFO] Compiling 3 source files to /home/travis/build/square/retrofit/retrofit-mock/target/test-classes
[INFO] 
[INFO] --- maven-surefire-plugin:2.12.4:test (default-test) @ retrofit-mock ---
[INFO] Surefire report directory: /home/travis/build/square/retrofit/retrofit-mock/target/surefire-reports

-------------------------------------------------------
 T E S T S
-------------------------------------------------------
Running retrofit2.mock.BehaviorDelegateTest
Tests run: 10, Failures: 0, Errors: 0, Skipped: 0, Time elapsed: 1.772 sec
Running retrofit2.mock.MockRetrofitTest
Tests run: 8, Failures: 0, Errors: 0, Skipped: 0, Time elapsed: 0.063 sec
Running retrofit2.mock.NetworkBehaviorTest
Tests run: 5, Failures: 0, Errors: 0, Skipped: 0, Time elapsed: 0.077 sec

Results :

Tests run: 23, Failures: 0, Errors: 0, Skipped: 0

[INFO] 
[INFO] --- animal-sniffer-maven-plugin:1.14:check (default) @ retrofit-mock ---
[INFO] Checking unresolved references to org.codehaus.mojo.signature:java16:1.1
[INFO]                                                                         
[INFO] ------------------------------------------------------------------------
[INFO] Building Samples 2.0.2-SNAPSHOT
[INFO] ------------------------------------------------------------------------
[INFO] 
[INFO] --- maven-enforcer-plugin:1.0:enforce (enforce-maven) @ samples ---
[INFO] 
[INFO] --- maven-resources-plugin:2.6:resources (default-resources) @ samples ---
[INFO] Using 'UTF-8' encoding to copy filtered resources.
[INFO] skip non existing resourceDirectory /home/travis/build/square/retrofit/samples/src/main/resources
[INFO] 
[INFO] --- maven-compiler-plugin:3.0:compile (default-compile) @ samples ---
[INFO] Changes detected - recompiling the module!
[INFO] Compiling 9 source files to /home/travis/build/square/retrofit/samples/target/classes
[INFO] 
[INFO] --- maven-resources-plugin:2.6:testResources (default-testResources) @ samples ---
[INFO] Using 'UTF-8' encoding to copy filtered resources.
[INFO] skip non existing resourceDirectory /home/travis/build/square/retrofit/samples/src/test/resources
[INFO] 
[INFO] --- maven-compiler-plugin:3.0:testCompile (default-testCompile) @ samples ---
[INFO] No sources to compile
[INFO] 
[INFO] --- maven-surefire-plugin:2.12.4:test (default-test) @ samples ---
[INFO] No tests to run.
[INFO] 
[INFO] --- animal-sniffer-maven-plugin:1.14:check (default) @ samples ---
[INFO] Checking unresolved references to org.codehaus.mojo.signature:java16:1.1
[INFO] ------------------------------------------------------------------------
[INFO] Reactor Summary:
[INFO] 
[INFO] Retrofit (Parent) .................................. SUCCESS [  1.692 s]
[INFO] Retrofit ........................................... SUCCESS [ 21.758 s]
[INFO] Adapters ........................................... SUCCESS [  0.169 s]
[INFO] Adapter: Guava ..................................... SUCCESS [  1.839 s]
[INFO] Adapter: Java 8 .................................... SUCCESS [  2.377 s]
[INFO] Adapter: RxJava .................................... SUCCESS [  2.117 s]
[INFO] Converters ......................................... SUCCESS [  0.152 s]
[INFO] Converter: Gson .................................... SUCCESS [  1.637 s]
[INFO] Converter: Protocol Buffers ........................ SUCCESS [  1.449 s]
[INFO] Converter: Jackson ................................. SUCCESS [  1.279 s]
[INFO] Converter: Wire Protocol Buffers ................... SUCCESS [  1.464 s]
[INFO] Converter: SimpleXML ............................... SUCCESS [  2.238 s]
[INFO] Converter: Java Scalars ............................ SUCCESS [  3.529 s]
[INFO] Converter: Moshi ................................... SUCCESS [  2.177 s]
[INFO] Retrofit Mock Adapter .............................. SUCCESS [  2.610 s]
[INFO] Samples ............................................ SUCCESS [  1.913 s]
[INFO] ------------------------------------------------------------------------
[INFO] BUILD SUCCESS
[INFO] ------------------------------------------------------------------------
[INFO] Total time: 48.827 s
[INFO] Finished at: 2016-04-08T05:50:31+00:00
[INFO] Final Memory: 31M/275M
[INFO] ------------------------------------------------------------------------

travis_time:end:11e9917c:start=1460094581321865557,finish=1460094637682982150,duration=56361116593[0K
[32;1mThe command "mvn test -B" exited with 0.[0m
travis_fold:start:cache.2[0Kstore build cache
travis_time:start:17eb6b92[0K
travis_time:end:17eb6b92:start=1460094637687379203,finish=1460094637690909227,duration=3530024[0Ktravis_time:start:0cf8c49c[0K[32;1mchange detected:
/home/travis/.m2/repository/com/squareup/retrofit2/adapter-guava/2.0.2-SNAPSHOT/adapter-guava-2.0.2-SNAPSHOT.jar
/home/travis/.m2/repository/com/squareup/retrofit2/adapter-guava/2.0.2-SNAPSHOT/maven-metadata-local.xml
/home/travis/.m2/repository/com/squareup/retrofit2/adapter-guava/2.0.2-SNAPSHOT/_remote.repositories
/home/travis/.m2/repository/com/squareup/retrofit2/adapter-guava/maven-metadata-local.xml
/home/travis/.m2/repository/com/squareup/retrofit2/adapter-java8/2.0.2-SNAPSHOT/adapter-java8-2.0.2-SNAPSHOT.jar
/home/travis/.m2/repository/com/squareup/retrofit2/adapter-java8/2.0.2-SNAPSHOT/maven-metadata-local.xml
/home/travis/.m2/repository/com/squareup/retrofit2/adapter-java8/2.0.2-SNAPSHOT/_remote.repositories
/home/travis/.m2/repository/com/squareup/retrofit2/adapter-java8/maven-metadata-local.xml
/home/travis/.m2/repository/com/squareup/retrofit2/adapter-rxjava/2.0.2-SNAPSHOT/adapter-rxjava-2.0.2-SNAPSHOT.jar
/home/travis/.m2/repository/com/squareup/retrofit2/adapter-rxjava/2.
[0m
[32;1m...
[0m
[32;1mchanges detected, packing new archive[0m
.
[32;1muploading archive[0m

travis_time:end:0cf8c49c:start=1460094637694828300,finish=1460094646319890838,duration=8625062538[0Ktravis_fold:end:cache.2[0Ktravis_fold:start:after_success[0Ktravis_time:start:1d780fa6[0K$ .buildscript/deploy_snapshot.sh
Skipping snapshot deployment: wrong branch. Expected 'master' but was 'jw/test-exposed-util-behavior'.

travis_time:end:1d780fa6:start=1460094646324170662,finish=1460094646329326965,duration=5156303[0Ktravis_fold:end:after_success[0K
Done. Your build exited with 0.
