Using worker: worker-linux-docker-1cdec6e5.prod.travis-ci.org:travis-linux-2

travis_fold:start:system_info[0K[33;1mBuild system information[0m
Build language: java
Build group: stable
Build dist: precise
[34m[1mBuild image provisioning date and time[0m
Thu Feb  5 15:09:33 UTC 2015
[34m[1mOperating System Details[0m
Distributor ID:	Ubuntu
Description:	Ubuntu 12.04.5 LTS
Release:	12.04
Codename:	precise
[34m[1mLinux Version[0m
3.13.0-29-generic
[34m[1mCookbooks Version[0m
a68419e https://github.com/travis-ci/travis-cookbooks/tree/a68419e
[34m[1mGCC version[0m
gcc (Ubuntu/Linaro 4.6.3-1ubuntu5) 4.6.3
Copyright (C) 2011 Free Software Foundation, Inc.
This is free software; see the source for copying conditions.  There is NO
warranty; not even for MERCHANTABILITY or FITNESS FOR A PARTICULAR PURPOSE.

[34m[1mLLVM version[0m
clang version 3.4 (tags/RELEASE_34/final)
Target: x86_64-unknown-linux-gnu
Thread model: posix
[34m[1mPre-installed Ruby versions[0m
ruby-1.9.3-p551
[34m[1mPre-installed Node.js versions[0m
v0.10.36
[34m[1mPre-installed Go versions[0m
1.4.1
[34m[1mRedis version[0m
redis-server 2.8.19
[34m[1mriak version[0m
2.0.2
[34m[1mMongoDB version[0m
MongoDB 2.4.12
[34m[1mCouchDB version[0m
couchdb 1.6.1
[34m[1mNeo4j version[0m
1.9.4
[34m[1mRabbitMQ Version[0m
3.4.3
[34m[1mElasticSearch version[0m
1.4.0
[34m[1mInstalled Sphinx versions[0m
2.0.10
2.1.9
2.2.6
[34m[1mDefault Sphinx version[0m
2.2.6
[34m[1mInstalled Firefox version[0m
firefox 31.0esr
[34m[1mPhantomJS version[0m
1.9.8
[34m[1mant -version[0m
Apache Ant(TM) version 1.8.2 compiled on December 3 2011
[34m[1mmvn -version[0m
Apache Maven 3.2.5 (12a6b3acb947671f09b81f49094c53f426d8cea1; 2014-12-14T17:29:23+00:00)
Maven home: /usr/local/maven
Java version: 1.7.0_76, vendor: Oracle Corporation
Java home: /usr/lib/jvm/java-7-oracle/jre
Default locale: en_US, platform encoding: ANSI_X3.4-1968
OS name: "linux", version: "3.13.0-29-generic", arch: "amd64", family: "unix"
travis_fold:end:system_info[0K
travis_fold:start:fix.CVE-2015-7547[0K$ export DEBIAN_FRONTEND=noninteractive
W: Size of file /var/lib/apt/lists/us.archive.ubuntu.com_ubuntu_dists_precise-backports_multiverse_source_Sources.gz is not what the server reported 5886 5888
W: Size of file /var/lib/apt/lists/ppa.launchpad.net_ubuntugis_ppa_ubuntu_dists_precise_main_binary-amd64_Packages.gz is not what the server reported 36669 36677
W: Size of file /var/lib/apt/lists/ppa.launchpad.net_ubuntugis_ppa_ubuntu_dists_precise_main_binary-i386_Packages.gz is not what the server reported 36729 36733
Reading package lists...
Building dependency tree...
Reading state information...
The following extra packages will be installed:
  libc-bin libc-dev-bin libc6-dev
Suggested packages:
  glibc-doc
The following packages will be upgraded:
  libc-bin libc-dev-bin libc6 libc6-dev
4 upgraded, 0 newly installed, 0 to remove and 236 not upgraded.
Need to get 8,844 kB of archives.
After this operation, 9,216 B disk space will be freed.
Get:1 http://us.archive.ubuntu.com/ubuntu/ precise-updates/main libc6-dev amd64 2.15-0ubuntu10.13 [2,943 kB]
Get:2 http://us.archive.ubuntu.com/ubuntu/ precise-updates/main libc-dev-bin amd64 2.15-0ubuntu10.13 [84.7 kB]
Get:3 http://us.archive.ubuntu.com/ubuntu/ precise-updates/main libc-bin amd64 2.15-0ubuntu10.13 [1,179 kB]
Get:4 http://us.archive.ubuntu.com/ubuntu/ precise-updates/main libc6 amd64 2.15-0ubuntu10.13 [4,637 kB]
Fetched 8,844 kB in 0s (13.9 MB/s)
Preconfiguring packages ...
(Reading database ... (Reading database ... 5%(Reading database ... 10%(Reading database ... 15%(Reading database ... 20%(Reading database ... 25%(Reading database ... 30%(Reading database ... 35%(Reading database ... 40%(Reading database ... 45%(Reading database ... 50%(Reading database ... 55%(Reading database ... 60%(Reading database ... 65%(Reading database ... 70%(Reading database ... 75%(Reading database ... 80%(Reading database ... 85%(Reading database ... 90%(Reading database ... 95%(Reading database ... 100%(Reading database ... 72019 files and directories currently installed.)
Preparing to replace libc6-dev 2.15-0ubuntu10.10 (using .../libc6-dev_2.15-0ubuntu10.13_amd64.deb) ...
Unpacking replacement libc6-dev ...
Preparing to replace libc-dev-bin 2.15-0ubuntu10.10 (using .../libc-dev-bin_2.15-0ubuntu10.13_amd64.deb) ...
Unpacking replacement libc-dev-bin ...
Preparing to replace libc-bin 2.15-0ubuntu10.10 (using .../libc-bin_2.15-0ubuntu10.13_amd64.deb) ...
Unpacking replacement libc-bin ...
Processing triggers for man-db ...
Setting up libc-bin (2.15-0ubuntu10.13) ...
(Reading database ... (Reading database ... 5%(Reading database ... 10%(Reading database ... 15%(Reading database ... 20%(Reading database ... 25%(Reading database ... 30%(Reading database ... 35%(Reading database ... 40%(Reading database ... 45%(Reading database ... 50%(Reading database ... 55%(Reading database ... 60%(Reading database ... 65%(Reading database ... 70%(Reading database ... 75%(Reading database ... 80%(Reading database ... 85%(Reading database ... 90%(Reading database ... 95%(Reading database ... 100%(Reading database ... 72019 files and directories currently installed.)
Preparing to replace libc6 2.15-0ubuntu10.10 (using .../libc6_2.15-0ubuntu10.13_amd64.deb) ...
Unpacking replacement libc6 ...
Setting up libc6 (2.15-0ubuntu10.13) ...
Setting up libc-dev-bin (2.15-0ubuntu10.13) ...
Setting up libc6-dev (2.15-0ubuntu10.13) ...
Processing triggers for libc-bin ...
ldconfig deferred processing now taking place
travis_fold:end:fix.CVE-2015-7547[0Ktravis_fold:start:git.checkout[0Ktravis_time:start:1e3c7db0[0K$ git clone --depth=50 https://github.com/square/retrofit.git square/retrofit
Cloning into 'square/retrofit'...
remote: Counting objects: 1655, done.[K
remote: Compressing objects:   0% (1/780)   [Kremote: Compressing objects:   1% (8/780)   [Kremote: Compressing objects:   2% (16/780)   [Kremote: Compressing objects:   3% (24/780)   [Kremote: Compressing objects:   4% (32/780)   [Kremote: Compressing objects:   5% (39/780)   [Kremote: Compressing objects:   6% (47/780)   [Kremote: Compressing objects:   7% (55/780)   [Kremote: Compressing objects:   8% (63/780)   [Kremote: Compressing objects:   9% (71/780)   [Kremote: Compressing objects:  10% (78/780)   [Kremote: Compressing objects:  11% (86/780)   [Kremote: Compressing objects:  12% (94/780)   [Kremote: Compressing objects:  13% (102/780)   [Kremote: Compressing objects:  14% (110/780)   [Kremote: Compressing objects:  15% (117/780)   [Kremote: Compressing objects:  16% (125/780)   [Kremote: Compressing objects:  17% (133/780)   [Kremote: Compressing objects:  18% (141/780)   [Kremote: Compressing objects:  19% (149/780)   [Kremote: Compressing objects:  20% (156/780)   [Kremote: Compressing objects:  21% (164/780)   [Kremote: Compressing objects:  22% (172/780)   [Kremote: Compressing objects:  23% (180/780)   [Kremote: Compressing objects:  24% (188/780)   [Kremote: Compressing objects:  25% (195/780)   [Kremote: Compressing objects:  26% (203/780)   [Kremote: Compressing objects:  27% (211/780)   [Kremote: Compressing objects:  28% (219/780)   [Kremote: Compressing objects:  29% (227/780)   [Kremote: Compressing objects:  30% (234/780)   [Kremote: Compressing objects:  31% (242/780)   [Kremote: Compressing objects:  32% (250/780)   [Kremote: Compressing objects:  33% (258/780)   [Kremote: Compressing objects:  34% (266/780)   [Kremote: Compressing objects:  35% (273/780)   [Kremote: Compressing objects:  36% (281/780)   [Kremote: Compressing objects:  37% (289/780)   [Kremote: Compressing objects:  38% (297/780)   [Kremote: Compressing objects:  39% (305/780)   [Kremote: Compressing objects:  40% (312/780)   [Kremote: Compressing objects:  41% (320/780)   [Kremote: Compressing objects:  42% (328/780)   [Kremote: Compressing objects:  43% (336/780)   [Kremote: Compressing objects:  44% (344/780)   [Kremote: Compressing objects:  45% (351/780)   [Kremote: Compressing objects:  46% (359/780)   [Kremote: Compressing objects:  47% (367/780)   [Kremote: Compressing objects:  48% (375/780)   [Kremote: Compressing objects:  49% (383/780)   [Kremote: Compressing objects:  50% (390/780)   [Kremote: Compressing objects:  51% (398/780)   [Kremote: Compressing objects:  52% (406/780)   [Kremote: Compressing objects:  53% (414/780)   [Kremote: Compressing objects:  54% (422/780)   [Kremote: Compressing objects:  55% (429/780)   [Kremote: Compressing objects:  56% (437/780)   [Kremote: Compressing objects:  57% (445/780)   [Kremote: Compressing objects:  58% (453/780)   [Kremote: Compressing objects:  59% (461/780)   [Kremote: Compressing objects:  60% (468/780)   [Kremote: Compressing objects:  61% (476/780)   [Kremote: Compressing objects:  62% (484/780)   [Kremote: Compressing objects:  63% (492/780)   [Kremote: Compressing objects:  64% (500/780)   [Kremote: Compressing objects:  65% (507/780)   [Kremote: Compressing objects:  66% (515/780)   [Kremote: Compressing objects:  67% (523/780)   [Kremote: Compressing objects:  68% (531/780)   [Kremote: Compressing objects:  69% (539/780)   [Kremote: Compressing objects:  70% (546/780)   [Kremote: Compressing objects:  71% (554/780)   [Kremote: Compressing objects:  72% (562/780)   [Kremote: Compressing objects:  73% (570/780)   [Kremote: Compressing objects:  74% (578/780)   [Kremote: Compressing objects:  75% (585/780)   [Kremote: Compressing objects:  76% (593/780)   [Kremote: Compressing objects:  77% (601/780)   [Kremote: Compressing objects:  78% (609/780)   [Kremote: Compressing objects:  79% (617/780)   [Kremote: Compressing objects:  80% (624/780)   [Kremote: Compressing objects:  81% (632/780)   [Kremote: Compressing objects:  82% (640/780)   [Kremote: Compressing objects:  83% (648/780)   [Kremote: Compressing objects:  84% (656/780)   [Kremote: Compressing objects:  85% (663/780)   [Kremote: Compressing objects:  86% (671/780)   [Kremote: Compressing objects:  87% (679/780)   [Kremote: Compressing objects:  88% (687/780)   [Kremote: Compressing objects:  89% (695/780)   [Kremote: Compressing objects:  90% (702/780)   [Kremote: Compressing objects:  91% (710/780)   [Kremote: Compressing objects:  92% (718/780)   [Kremote: Compressing objects:  93% (726/780)   [Kremote: Compressing objects:  94% (734/780)   [Kremote: Compressing objects:  95% (741/780)   [Kremote: Compressing objects:  96% (749/780)   [Kremote: Compressing objects:  97% (757/780)   [Kremote: Compressing objects:  98% (765/780)   [Kremote: Compressing objects:  99% (773/780)   [Kremote: Compressing objects: 100% (780/780)   [Kremote: Compressing objects: 100% (780/780), done.[K
Receiving objects:   0% (1/1655)   Receiving objects:   1% (17/1655)   Receiving objects:   2% (34/1655)   Receiving objects:   3% (50/1655)   Receiving objects:   4% (67/1655)   Receiving objects:   5% (83/1655)   Receiving objects:   6% (100/1655)   Receiving objects:   7% (116/1655)   Receiving objects:   8% (133/1655)   Receiving objects:   9% (149/1655)   Receiving objects:  10% (166/1655)   Receiving objects:  11% (183/1655)   Receiving objects:  12% (199/1655)   Receiving objects:  13% (216/1655)   Receiving objects:  14% (232/1655)   Receiving objects:  15% (249/1655)   Receiving objects:  16% (265/1655)   Receiving objects:  17% (282/1655)   Receiving objects:  18% (298/1655)   Receiving objects:  19% (315/1655)   Receiving objects:  20% (331/1655)   Receiving objects:  21% (348/1655)   Receiving objects:  22% (365/1655)   Receiving objects:  23% (381/1655)   Receiving objects:  24% (398/1655)   Receiving objects:  25% (414/1655)   Receiving objects:  26% (431/1655)   Receiving objects:  27% (447/1655)   Receiving objects:  28% (464/1655)   Receiving objects:  29% (480/1655)   Receiving objects:  30% (497/1655)   Receiving objects:  31% (514/1655)   Receiving objects:  32% (530/1655)   Receiving objects:  33% (547/1655)   Receiving objects:  34% (563/1655)   Receiving objects:  35% (580/1655)   Receiving objects:  36% (596/1655)   Receiving objects:  37% (613/1655)   Receiving objects:  38% (629/1655)   Receiving objects:  39% (646/1655)   Receiving objects:  40% (662/1655)   Receiving objects:  41% (679/1655)   Receiving objects:  42% (696/1655)   Receiving objects:  43% (712/1655)   Receiving objects:  44% (729/1655)   Receiving objects:  45% (745/1655)   Receiving objects:  46% (762/1655)   Receiving objects:  47% (778/1655)   Receiving objects:  48% (795/1655)   Receiving objects:  49% (811/1655)   Receiving objects:  50% (828/1655)   Receiving objects:  51% (845/1655)   Receiving objects:  52% (861/1655)   Receiving objects:  53% (878/1655)   Receiving objects:  54% (894/1655)   Receiving objects:  55% (911/1655)   Receiving objects:  56% (927/1655)   Receiving objects:  57% (944/1655)   Receiving objects:  58% (960/1655)   Receiving objects:  59% (977/1655)   Receiving objects:  60% (993/1655)   Receiving objects:  61% (1010/1655)   Receiving objects:  62% (1027/1655)   Receiving objects:  63% (1043/1655)   Receiving objects:  64% (1060/1655)   Receiving objects:  65% (1076/1655)   Receiving objects:  66% (1093/1655)   Receiving objects:  67% (1109/1655)   Receiving objects:  68% (1126/1655)   Receiving objects:  69% (1142/1655)   Receiving objects:  70% (1159/1655)   Receiving objects:  71% (1176/1655)   Receiving objects:  72% (1192/1655)   Receiving objects:  73% (1209/1655)   Receiving objects:  74% (1225/1655)   Receiving objects:  75% (1242/1655)   Receiving objects:  76% (1258/1655)   Receiving objects:  77% (1275/1655)   Receiving objects:  78% (1291/1655)   Receiving objects:  79% (1308/1655)   Receiving objects:  80% (1324/1655)   Receiving objects:  81% (1341/1655)   Receiving objects:  82% (1358/1655)   Receiving objects:  83% (1374/1655)   Receiving objects:  84% (1391/1655)   Receiving objects:  85% (1407/1655)   Receiving objects:  86% (1424/1655)   Receiving objects:  87% (1440/1655)   Receiving objects:  88% (1457/1655)   Receiving objects:  89% (1473/1655)   Receiving objects:  90% (1490/1655)   Receiving objects:  91% (1507/1655)   Receiving objects:  92% (1523/1655)   Receiving objects:  93% (1540/1655)   Receiving objects:  94% (1556/1655)   Receiving objects:  95% (1573/1655)   Receiving objects:  96% (1589/1655)   remote: Total 1655 (delta 615), reused 1398 (delta 410), pack-reused 0[K
Receiving objects:  97% (1606/1655)   Receiving objects:  98% (1622/1655)   Receiving objects:  99% (1639/1655)   Receiving objects: 100% (1655/1655)   Receiving objects: 100% (1655/1655), 368.52 KiB | 0 bytes/s, done.
Resolving deltas:   0% (0/615)   Resolving deltas:   4% (29/615)   Resolving deltas:   5% (36/615)   Resolving deltas:   6% (40/615)   Resolving deltas:   9% (57/615)   Resolving deltas:  24% (150/615)   Resolving deltas:  28% (176/615)   Resolving deltas:  29% (179/615)   Resolving deltas:  30% (187/615)   Resolving deltas:  33% (207/615)   Resolving deltas:  35% (219/615)   Resolving deltas:  36% (223/615)   Resolving deltas:  39% (240/615)   Resolving deltas:  40% (250/615)   Resolving deltas:  41% (253/615)   Resolving deltas:  42% (260/615)   Resolving deltas:  43% (265/615)   Resolving deltas:  47% (295/615)   Resolving deltas:  49% (302/615)   Resolving deltas:  51% (316/615)   Resolving deltas:  52% (320/615)   Resolving deltas:  53% (332/615)   Resolving deltas:  54% (334/615)   Resolving deltas:  55% (339/615)   Resolving deltas:  57% (353/615)   Resolving deltas:  58% (357/615)   Resolving deltas:  59% (364/615)   Resolving deltas:  60% (369/615)   Resolving deltas:  61% (377/615)   Resolving deltas:  62% (383/615)   Resolving deltas:  63% (393/615)   Resolving deltas:  64% (398/615)   Resolving deltas:  65% (404/615)   Resolving deltas:  66% (410/615)   Resolving deltas:  67% (414/615)   Resolving deltas:  72% (447/615)   Resolving deltas:  73% (453/615)   Resolving deltas:  74% (461/615)   Resolving deltas:  75% (462/615)   Resolving deltas:  76% (472/615)   Resolving deltas:  77% (475/615)   Resolving deltas:  78% (482/615)   Resolving deltas:  79% (487/615)   Resolving deltas:  80% (492/615)   Resolving deltas:  82% (508/615)   Resolving deltas:  83% (511/615)   Resolving deltas:  84% (519/615)   Resolving deltas:  85% (524/615)   Resolving deltas:  88% (542/615)   Resolving deltas:  89% (552/615)   Resolving deltas:  92% (567/615)   Resolving deltas:  93% (573/615)   Resolving deltas:  94% (582/615)   Resolving deltas:  95% (586/615)   Resolving deltas:  96% (593/615)   Resolving deltas:  97% (597/615)   Resolving deltas:  99% (611/615)   Resolving deltas: 100% (615/615)   Resolving deltas: 100% (615/615), done.
Checking connectivity... done.

travis_time:end:1e3c7db0:start=1460712826537663441,finish=1460712827040327697,duration=502664256[0K$ cd square/retrofit
travis_time:start:2971eded[0K$ git fetch origin +refs/pull/1744/merge:
remote: Counting objects: 43, done.[K
remote: Compressing objects:   5% (1/19)   [Kremote: Compressing objects:  10% (2/19)   [Kremote: Compressing objects:  15% (3/19)   [Kremote: Compressing objects:  21% (4/19)   [Kremote: Compressing objects:  26% (5/19)   [Kremote: Compressing objects:  31% (6/19)   [Kremote: Compressing objects:  36% (7/19)   [Kremote: Compressing objects:  42% (8/19)   [Kremote: Compressing objects:  47% (9/19)   [Kremote: Compressing objects:  52% (10/19)   [Kremote: Compressing objects:  57% (11/19)   [Kremote: Compressing objects:  63% (12/19)   [Kremote: Compressing objects:  68% (13/19)   [Kremote: Compressing objects:  73% (14/19)   [Kremote: Compressing objects:  78% (15/19)   [Kremote: Compressing objects:  84% (16/19)   [Kremote: Compressing objects:  89% (17/19)   [Kremote: Compressing objects:  94% (18/19)   [Kremote: Compressing objects: 100% (19/19)   [Kremote: Compressing objects: 100% (19/19), done.[K
remote: Total 43 (delta 11), reused 39 (delta 8), pack-reused 0[K
Unpacking objects:   2% (1/43)   Unpacking objects:   4% (2/43)   Unpacking objects:   6% (3/43)   Unpacking objects:   9% (4/43)   Unpacking objects:  11% (5/43)   Unpacking objects:  13% (6/43)   Unpacking objects:  16% (7/43)   Unpacking objects:  18% (8/43)   Unpacking objects:  20% (9/43)   Unpacking objects:  23% (10/43)   Unpacking objects:  25% (11/43)   Unpacking objects:  27% (12/43)   Unpacking objects:  30% (13/43)   Unpacking objects:  32% (14/43)   Unpacking objects:  34% (15/43)   Unpacking objects:  37% (16/43)   Unpacking objects:  39% (17/43)   Unpacking objects:  41% (18/43)   Unpacking objects:  44% (19/43)   Unpacking objects:  46% (20/43)   Unpacking objects:  48% (21/43)   Unpacking objects:  51% (22/43)   Unpacking objects:  53% (23/43)   Unpacking objects:  55% (24/43)   Unpacking objects:  58% (25/43)   Unpacking objects:  60% (26/43)   Unpacking objects:  62% (27/43)   Unpacking objects:  65% (28/43)   Unpacking objects:  67% (29/43)   Unpacking objects:  69% (30/43)   Unpacking objects:  72% (31/43)   Unpacking objects:  74% (32/43)   Unpacking objects:  76% (33/43)   Unpacking objects:  79% (34/43)   Unpacking objects:  81% (35/43)   Unpacking objects:  83% (36/43)   Unpacking objects:  86% (37/43)   Unpacking objects:  88% (38/43)   Unpacking objects:  90% (39/43)   Unpacking objects:  93% (40/43)   Unpacking objects:  95% (41/43)   Unpacking objects:  97% (42/43)   Unpacking objects: 100% (43/43)   Unpacking objects: 100% (43/43), done.
From https://github.com/square/retrofit
 * branch            refs/pull/1744/merge -> FETCH_HEAD

travis_time:end:2971eded:start=1460712827044228645,finish=1460712827351304763,duration=307076118[0K$ git checkout -qf FETCH_HEAD
travis_fold:end:git.checkout[0K
[33;1mThis job is running on container-based infrastructure, which does not allow use of 'sudo', setuid and setguid executables.[0m
[33;1mIf you require sudo, add 'sudo: required' to your .travis.yml[0m
[33;1mSee https://docs.travis-ci.com/user/workers/container-based-infrastructure/ for details.[0m
$ jdk_switcher use oraclejdk8
Switching to Oracle JDK8 (java-8-oracle), JAVA_HOME will be set to /usr/lib/jvm/java-8-oracle
travis_fold:start:cache.1[0KSetting up build cache
$ export CASHER_DIR=$HOME/.casher
travis_time:start:2308b083[0K$ Installing caching utilities

travis_time:end:2308b083:start=1460712828767165491,finish=1460712828816414216,duration=49248725[0Ktravis_time:start:1e193340[0K
travis_time:end:1e193340:start=1460712828821144154,finish=1460712828824201381,duration=3057227[0Ktravis_time:start:1b7db518[0K[32;1mattempting to download cache archive[0m
[32;1mfetching PR.1744/cache--jdk-oraclejdk8.tgz[0m
[32;1mfetching PR.1744/cache--jdk-oraclejdk8.tbz[0m
[32;1mfetching master/cache--jdk-oraclejdk8.tgz[0m
[32;1mfound cache[0m

travis_time:end:1b7db518:start=1460712828827722029,finish=1460712830549103956,duration=1721381927[0Ktravis_time:start:00c471df[0K
travis_time:end:00c471df:start=1460712830552844701,finish=1460712830556094013,duration=3249312[0Ktravis_time:start:1521f19b[0K[32;1madding /home/travis/.m2 to cache[0m

travis_time:end:1521f19b:start=1460712830559756651,finish=1460712832149333570,duration=1589576919[0Ktravis_fold:end:cache.1[0K$ java -Xmx32m -version
java version "1.8.0_31"
Java(TM) SE Runtime Environment (build 1.8.0_31-b13)
Java HotSpot(TM) 64-Bit Server VM (build 25.31-b07, mixed mode)
$ javac -J-Xmx32m -version
javac 1.8.0_31
travis_fold:start:install[0Ktravis_time:start:04433d00[0K$ mvn install -DskipTests=true -Dmaven.javadoc.skip=true -B -V
Java HotSpot(TM) 64-Bit Server VM warning: ignoring option MaxPermSize=192m; support was removed in 8.0
Apache Maven 3.2.5 (12a6b3acb947671f09b81f49094c53f426d8cea1; 2014-12-14T17:29:23+00:00)
Maven home: /usr/local/maven
Java version: 1.8.0_31, vendor: Oracle Corporation
Java home: /usr/lib/jvm/java-8-oracle/jre
Default locale: en_US, platform encoding: UTF-8
OS name: "linux", version: "3.13.0-40-generic", arch: "amd64", family: "unix"
[INFO] Scanning for projects...
[WARNING] 
[WARNING] Some problems were encountered while building the effective model for com.squareup.retrofit2:samples:jar:2.0.3-SNAPSHOT
[WARNING] 'build.plugins.plugin.version' for org.apache.maven.plugins:maven-deploy-plugin is missing. @ com.squareup.retrofit2:samples:[unknown-version], /home/travis/build/square/retrofit/samples/pom.xml, line 55, column 15
[WARNING] 
[WARNING] It is highly recommended to fix these problems because they threaten the stability of your build.
[WARNING] 
[WARNING] For this reason, future Maven versions might no longer support building such malformed projects.
[WARNING] 
[INFO] ------------------------------------------------------------------------
[INFO] Reactor Build Order:
[INFO] 
[INFO] Retrofit (Parent)
[INFO] Retrofit
[INFO] Adapters
[INFO] Adapter: Guava
[INFO] Adapter: Java 8
[INFO] Adapter: RxJava
[INFO] Converters
[INFO] Converter: Gson
[INFO] Converter: Protocol Buffers
[INFO] Converter: Jackson
[INFO] Converter: Wire Protocol Buffers
[INFO] Converter: SimpleXML
[INFO] Converter: Java Scalars
[INFO] Converter: Moshi
[INFO] Converter: FastJson
[INFO] Retrofit Mock Adapter
[INFO] Samples
[INFO]                                                                         
[INFO] ------------------------------------------------------------------------
[INFO] Building Retrofit (Parent) 2.0.3-SNAPSHOT
[INFO] ------------------------------------------------------------------------
[INFO] 
[INFO] --- maven-enforcer-plugin:1.0:enforce (enforce-maven) @ parent ---
[INFO] 
[INFO] --- animal-sniffer-maven-plugin:1.14:check (default) @ parent ---
[INFO] Checking unresolved references to org.codehaus.mojo.signature:java16:1.1
[INFO] 
[INFO] --- maven-javadoc-plugin:2.10.3:jar (attach-javadocs) @ parent ---
[INFO] Skipping javadoc generation
[INFO] 
[INFO] --- maven-checkstyle-plugin:2.15:checkstyle (default) @ parent ---
[INFO] 
[INFO] --- maven-install-plugin:2.4:install (default-install) @ parent ---
[INFO] Installing /home/travis/build/square/retrofit/pom.xml to /home/travis/.m2/repository/com/squareup/retrofit2/parent/2.0.3-SNAPSHOT/parent-2.0.3-SNAPSHOT.pom
[INFO]                                                                         
[INFO] ------------------------------------------------------------------------
[INFO] Building Retrofit 2.0.3-SNAPSHOT
[INFO] ------------------------------------------------------------------------
[INFO] 
[INFO] --- maven-enforcer-plugin:1.0:enforce (enforce-maven) @ retrofit ---
[INFO] 
[INFO] --- maven-resources-plugin:2.6:resources (default-resources) @ retrofit ---
[INFO] Using 'UTF-8' encoding to copy filtered resources.
[INFO] skip non existing resourceDirectory /home/travis/build/square/retrofit/retrofit/src/main/resources
[INFO] 
[INFO] --- maven-compiler-plugin:3.0:compile (default-compile) @ retrofit ---
[INFO] Changes detected - recompiling the module!
[INFO] Compiling 39 source files to /home/travis/build/square/retrofit/retrofit/target/classes
[WARNING] /home/travis/build/square/retrofit/retrofit/src/main/java/retrofit2/Retrofit.java: Some input files use unchecked or unsafe operations.
[WARNING] /home/travis/build/square/retrofit/retrofit/src/main/java/retrofit2/Retrofit.java: Recompile with -Xlint:unchecked for details.
[INFO] 
[INFO] --- maven-resources-plugin:2.6:testResources (default-testResources) @ retrofit ---
[INFO] Using 'UTF-8' encoding to copy filtered resources.
[INFO] skip non existing resourceDirectory /home/travis/build/square/retrofit/retrofit/src/test/resources
[INFO] 
[INFO] --- maven-compiler-plugin:3.0:testCompile (default-testCompile) @ retrofit ---
[INFO] Changes detected - recompiling the module!
[INFO] Compiling 14 source files to /home/travis/build/square/retrofit/retrofit/target/test-classes
[WARNING] /home/travis/build/square/retrofit/retrofit/src/test/java/retrofit2/RetrofitTest.java: /home/travis/build/square/retrofit/retrofit/src/test/java/retrofit2/RetrofitTest.java uses unchecked or unsafe operations.
[WARNING] /home/travis/build/square/retrofit/retrofit/src/test/java/retrofit2/RetrofitTest.java: Recompile with -Xlint:unchecked for details.
[INFO] 
[INFO] --- maven-surefire-plugin:2.12.4:test (default-test) @ retrofit ---
[INFO] Tests are skipped.
[INFO] 
[INFO] --- animal-sniffer-maven-plugin:1.14:check (default) @ retrofit ---
[INFO] Checking unresolved references to org.codehaus.mojo.signature:java16:1.1
[INFO] 
[INFO] --- maven-jar-plugin:2.4:jar (default-jar) @ retrofit ---
[INFO] Building jar: /home/travis/build/square/retrofit/retrofit/target/retrofit-2.0.3-SNAPSHOT.jar
[INFO] 
[INFO] --- maven-javadoc-plugin:2.10.3:jar (attach-javadocs) @ retrofit ---
[INFO] Skipping javadoc generation
[INFO] 
[INFO] --- maven-checkstyle-plugin:2.15:checkstyle (default) @ retrofit ---
[INFO] Starting audit...
Audit done.
[WARNING] Unable to locate Source XRef to link to - DISABLED
[INFO] 
[INFO] --- maven-install-plugin:2.4:install (default-install) @ retrofit ---
[INFO] Installing /home/travis/build/square/retrofit/retrofit/target/retrofit-2.0.3-SNAPSHOT.jar to /home/travis/.m2/repository/com/squareup/retrofit2/retrofit/2.0.3-SNAPSHOT/retrofit-2.0.3-SNAPSHOT.jar
[INFO] Installing /home/travis/build/square/retrofit/retrofit/pom.xml to /home/travis/.m2/repository/com/squareup/retrofit2/retrofit/2.0.3-SNAPSHOT/retrofit-2.0.3-SNAPSHOT.pom
[INFO]                                                                         
[INFO] ------------------------------------------------------------------------
[INFO] Building Adapters 2.0.3-SNAPSHOT
[INFO] ------------------------------------------------------------------------
[INFO] 
[INFO] --- maven-enforcer-plugin:1.0:enforce (enforce-maven) @ retrofit-adapters ---
[INFO] 
[INFO] --- animal-sniffer-maven-plugin:1.14:check (default) @ retrofit-adapters ---
[INFO] Checking unresolved references to org.codehaus.mojo.signature:java16:1.1
[INFO] 
[INFO] --- maven-javadoc-plugin:2.10.3:jar (attach-javadocs) @ retrofit-adapters ---
[INFO] Skipping javadoc generation
[INFO] 
[INFO] --- maven-checkstyle-plugin:2.15:checkstyle (default) @ retrofit-adapters ---
[INFO] 
[INFO] --- maven-install-plugin:2.4:install (default-install) @ retrofit-adapters ---
[INFO] Installing /home/travis/build/square/retrofit/retrofit-adapters/pom.xml to /home/travis/.m2/repository/com/squareup/retrofit2/retrofit-adapters/2.0.3-SNAPSHOT/retrofit-adapters-2.0.3-SNAPSHOT.pom
[INFO]                                                                         
[INFO] ------------------------------------------------------------------------
[INFO] Building Adapter: Guava 2.0.3-SNAPSHOT
[INFO] ------------------------------------------------------------------------
[INFO] 
[INFO] --- maven-enforcer-plugin:1.0:enforce (enforce-maven) @ adapter-guava ---
[INFO] 
[INFO] --- maven-resources-plugin:2.6:resources (default-resources) @ adapter-guava ---
[INFO] Using 'UTF-8' encoding to copy filtered resources.
[INFO] skip non existing resourceDirectory /home/travis/build/square/retrofit/retrofit-adapters/guava/src/main/resources
[INFO] 
[INFO] --- maven-compiler-plugin:3.0:compile (default-compile) @ adapter-guava ---
[INFO] Changes detected - recompiling the module!
[INFO] Compiling 2 source files to /home/travis/build/square/retrofit/retrofit-adapters/guava/target/classes
[INFO] 
[INFO] --- maven-resources-plugin:2.6:testResources (default-testResources) @ adapter-guava ---
[INFO] Using 'UTF-8' encoding to copy filtered resources.
[INFO] skip non existing resourceDirectory /home/travis/build/square/retrofit/retrofit-adapters/guava/src/test/resources
[INFO] 
[INFO] --- maven-compiler-plugin:3.0:testCompile (default-testCompile) @ adapter-guava ---
[INFO] Changes detected - recompiling the module!
[INFO] Compiling 3 source files to /home/travis/build/square/retrofit/retrofit-adapters/guava/target/test-classes
[INFO] 
[INFO] --- maven-surefire-plugin:2.12.4:test (default-test) @ adapter-guava ---
[INFO] Tests are skipped.
[INFO] 
[INFO] --- animal-sniffer-maven-plugin:1.14:check (default) @ adapter-guava ---
[INFO] Checking unresolved references to org.codehaus.mojo.signature:java16:1.1
[INFO] 
[INFO] --- maven-jar-plugin:2.4:jar (default-jar) @ adapter-guava ---
[INFO] Building jar: /home/travis/build/square/retrofit/retrofit-adapters/guava/target/adapter-guava-2.0.3-SNAPSHOT.jar
[INFO] 
[INFO] --- maven-javadoc-plugin:2.10.3:jar (attach-javadocs) @ adapter-guava ---
[INFO] Skipping javadoc generation
[INFO] 
[INFO] --- maven-checkstyle-plugin:2.15:checkstyle (default) @ adapter-guava ---
[INFO] Starting audit...
Audit done.
[WARNING] Unable to locate Source XRef to link to - DISABLED
[INFO] 
[INFO] --- maven-install-plugin:2.4:install (default-install) @ adapter-guava ---
[INFO] Installing /home/travis/build/square/retrofit/retrofit-adapters/guava/target/adapter-guava-2.0.3-SNAPSHOT.jar to /home/travis/.m2/repository/com/squareup/retrofit2/adapter-guava/2.0.3-SNAPSHOT/adapter-guava-2.0.3-SNAPSHOT.jar
[INFO] Installing /home/travis/build/square/retrofit/retrofit-adapters/guava/pom.xml to /home/travis/.m2/repository/com/squareup/retrofit2/adapter-guava/2.0.3-SNAPSHOT/adapter-guava-2.0.3-SNAPSHOT.pom
[INFO]                                                                         
[INFO] ------------------------------------------------------------------------
[INFO] Building Adapter: Java 8 2.0.3-SNAPSHOT
[INFO] ------------------------------------------------------------------------
[INFO] 
[INFO] --- maven-enforcer-plugin:1.0:enforce (enforce-maven) @ adapter-java8 ---
[INFO] 
[INFO] --- maven-resources-plugin:2.6:resources (default-resources) @ adapter-java8 ---
[INFO] Using 'UTF-8' encoding to copy filtered resources.
[INFO] skip non existing resourceDirectory /home/travis/build/square/retrofit/retrofit-adapters/java8/src/main/resources
[INFO] 
[INFO] --- maven-compiler-plugin:3.0:compile (default-compile) @ adapter-java8 ---
[INFO] Changes detected - recompiling the module!
[INFO] Compiling 2 source files to /home/travis/build/square/retrofit/retrofit-adapters/java8/target/classes
[INFO] 
[INFO] --- maven-resources-plugin:2.6:testResources (default-testResources) @ adapter-java8 ---
[INFO] Using 'UTF-8' encoding to copy filtered resources.
[INFO] skip non existing resourceDirectory /home/travis/build/square/retrofit/retrofit-adapters/java8/src/test/resources
[INFO] 
[INFO] --- maven-compiler-plugin:3.0:testCompile (default-testCompile) @ adapter-java8 ---
[INFO] Changes detected - recompiling the module!
[INFO] Compiling 3 source files to /home/travis/build/square/retrofit/retrofit-adapters/java8/target/test-classes
[INFO] 
[INFO] --- maven-surefire-plugin:2.12.4:test (default-test) @ adapter-java8 ---
[INFO] Tests are skipped.
[INFO] 
[INFO] --- animal-sniffer-maven-plugin:1.14:check (default) @ adapter-java8 ---
[INFO] Checking unresolved references to org.kaazing.mojo.signature:java18:1.0
[INFO] 
[INFO] --- maven-jar-plugin:2.4:jar (default-jar) @ adapter-java8 ---
[INFO] Building jar: /home/travis/build/square/retrofit/retrofit-adapters/java8/target/adapter-java8-2.0.3-SNAPSHOT.jar
[INFO] 
[INFO] --- maven-javadoc-plugin:2.10.3:jar (attach-javadocs) @ adapter-java8 ---
[INFO] Skipping javadoc generation
[INFO] 
[INFO] --- maven-checkstyle-plugin:2.15:checkstyle (default) @ adapter-java8 ---
[INFO] Starting audit...
Audit done.
[WARNING] Unable to locate Source XRef to link to - DISABLED
[INFO] 
[INFO] --- maven-install-plugin:2.4:install (default-install) @ adapter-java8 ---
[INFO] Installing /home/travis/build/square/retrofit/retrofit-adapters/java8/target/adapter-java8-2.0.3-SNAPSHOT.jar to /home/travis/.m2/repository/com/squareup/retrofit2/adapter-java8/2.0.3-SNAPSHOT/adapter-java8-2.0.3-SNAPSHOT.jar
[INFO] Installing /home/travis/build/square/retrofit/retrofit-adapters/java8/pom.xml to /home/travis/.m2/repository/com/squareup/retrofit2/adapter-java8/2.0.3-SNAPSHOT/adapter-java8-2.0.3-SNAPSHOT.pom
[INFO]                                                                         
[INFO] ------------------------------------------------------------------------
[INFO] Building Adapter: RxJava 2.0.3-SNAPSHOT
[INFO] ------------------------------------------------------------------------
[INFO] 
[INFO] --- maven-enforcer-plugin:1.0:enforce (enforce-maven) @ adapter-rxjava ---
[INFO] 
[INFO] --- maven-resources-plugin:2.6:resources (default-resources) @ adapter-rxjava ---
[INFO] Using 'UTF-8' encoding to copy filtered resources.
[INFO] skip non existing resourceDirectory /home/travis/build/square/retrofit/retrofit-adapters/rxjava/src/main/resources
[INFO] 
[INFO] --- maven-compiler-plugin:3.0:compile (default-compile) @ adapter-rxjava ---
[INFO] Changes detected - recompiling the module!
[INFO] Compiling 6 source files to /home/travis/build/square/retrofit/retrofit-adapters/rxjava/target/classes
[INFO] 
[INFO] --- maven-resources-plugin:2.6:testResources (default-testResources) @ adapter-rxjava ---
[INFO] Using 'UTF-8' encoding to copy filtered resources.
[INFO] skip non existing resourceDirectory /home/travis/build/square/retrofit/retrofit-adapters/rxjava/src/test/resources
[INFO] 
[INFO] --- maven-compiler-plugin:3.0:testCompile (default-testCompile) @ adapter-rxjava ---
[INFO] Changes detected - recompiling the module!
[INFO] Compiling 9 source files to /home/travis/build/square/retrofit/retrofit-adapters/rxjava/target/test-classes
[INFO] 
[INFO] --- maven-surefire-plugin:2.12.4:test (default-test) @ adapter-rxjava ---
[INFO] Tests are skipped.
[INFO] 
[INFO] --- animal-sniffer-maven-plugin:1.14:check (default) @ adapter-rxjava ---
[INFO] Checking unresolved references to org.codehaus.mojo.signature:java16:1.1
[INFO] 
[INFO] --- maven-jar-plugin:2.4:jar (default-jar) @ adapter-rxjava ---
[INFO] Building jar: /home/travis/build/square/retrofit/retrofit-adapters/rxjava/target/adapter-rxjava-2.0.3-SNAPSHOT.jar
[INFO] 
[INFO] --- maven-javadoc-plugin:2.10.3:jar (attach-javadocs) @ adapter-rxjava ---
[INFO] Skipping javadoc generation
[INFO] 
[INFO] --- maven-checkstyle-plugin:2.15:checkstyle (default) @ adapter-rxjava ---
[INFO] Starting audit...
Audit done.
[WARNING] Unable to locate Source XRef to link to - DISABLED
[INFO] 
[INFO] --- maven-install-plugin:2.4:install (default-install) @ adapter-rxjava ---
[INFO] Installing /home/travis/build/square/retrofit/retrofit-adapters/rxjava/target/adapter-rxjava-2.0.3-SNAPSHOT.jar to /home/travis/.m2/repository/com/squareup/retrofit2/adapter-rxjava/2.0.3-SNAPSHOT/adapter-rxjava-2.0.3-SNAPSHOT.jar
[INFO] Installing /home/travis/build/square/retrofit/retrofit-adapters/rxjava/pom.xml to /home/travis/.m2/repository/com/squareup/retrofit2/adapter-rxjava/2.0.3-SNAPSHOT/adapter-rxjava-2.0.3-SNAPSHOT.pom
[INFO]                                                                         
[INFO] ------------------------------------------------------------------------
[INFO] Building Converters 2.0.3-SNAPSHOT
[INFO] ------------------------------------------------------------------------
[INFO] 
[INFO] --- maven-enforcer-plugin:1.0:enforce (enforce-maven) @ retrofit-converters ---
[INFO] 
[INFO] --- animal-sniffer-maven-plugin:1.14:check (default) @ retrofit-converters ---
[INFO] Checking unresolved references to org.codehaus.mojo.signature:java16:1.1
[INFO] 
[INFO] --- maven-javadoc-plugin:2.10.3:jar (attach-javadocs) @ retrofit-converters ---
[INFO] Skipping javadoc generation
[INFO] 
[INFO] --- maven-checkstyle-plugin:2.15:checkstyle (default) @ retrofit-converters ---
[INFO] 
[INFO] --- maven-install-plugin:2.4:install (default-install) @ retrofit-converters ---
[INFO] Installing /home/travis/build/square/retrofit/retrofit-converters/pom.xml to /home/travis/.m2/repository/com/squareup/retrofit2/retrofit-converters/2.0.3-SNAPSHOT/retrofit-converters-2.0.3-SNAPSHOT.pom
[INFO]                                                                         
[INFO] ------------------------------------------------------------------------
[INFO] Building Converter: Gson 2.0.3-SNAPSHOT
[INFO] ------------------------------------------------------------------------
[INFO] 
[INFO] --- maven-enforcer-plugin:1.0:enforce (enforce-maven) @ converter-gson ---
[INFO] 
[INFO] --- maven-resources-plugin:2.6:resources (default-resources) @ converter-gson ---
[INFO] Using 'UTF-8' encoding to copy filtered resources.
[INFO] skip non existing resourceDirectory /home/travis/build/square/retrofit/retrofit-converters/gson/src/main/resources
[INFO] 
[INFO] --- maven-compiler-plugin:3.0:compile (default-compile) @ converter-gson ---
[INFO] Changes detected - recompiling the module!
[INFO] Compiling 3 source files to /home/travis/build/square/retrofit/retrofit-converters/gson/target/classes
[INFO] 
[INFO] --- maven-resources-plugin:2.6:testResources (default-testResources) @ converter-gson ---
[INFO] Using 'UTF-8' encoding to copy filtered resources.
[INFO] skip non existing resourceDirectory /home/travis/build/square/retrofit/retrofit-converters/gson/src/test/resources
[INFO] 
[INFO] --- maven-compiler-plugin:3.0:testCompile (default-testCompile) @ converter-gson ---
[INFO] Changes detected - recompiling the module!
[INFO] Compiling 1 source file to /home/travis/build/square/retrofit/retrofit-converters/gson/target/test-classes
[INFO] 
[INFO] --- maven-surefire-plugin:2.12.4:test (default-test) @ converter-gson ---
[INFO] Tests are skipped.
[INFO] 
[INFO] --- animal-sniffer-maven-plugin:1.14:check (default) @ converter-gson ---
[INFO] Checking unresolved references to org.codehaus.mojo.signature:java16:1.1
[INFO] 
[INFO] --- maven-jar-plugin:2.4:jar (default-jar) @ converter-gson ---
[INFO] Building jar: /home/travis/build/square/retrofit/retrofit-converters/gson/target/converter-gson-2.0.3-SNAPSHOT.jar
[INFO] 
[INFO] --- maven-javadoc-plugin:2.10.3:jar (attach-javadocs) @ converter-gson ---
[INFO] Skipping javadoc generation
[INFO] 
[INFO] --- maven-checkstyle-plugin:2.15:checkstyle (default) @ converter-gson ---
[INFO] Starting audit...
Audit done.
[WARNING] Unable to locate Source XRef to link to - DISABLED
[INFO] 
[INFO] --- maven-install-plugin:2.4:install (default-install) @ converter-gson ---
[INFO] Installing /home/travis/build/square/retrofit/retrofit-converters/gson/target/converter-gson-2.0.3-SNAPSHOT.jar to /home/travis/.m2/repository/com/squareup/retrofit2/converter-gson/2.0.3-SNAPSHOT/converter-gson-2.0.3-SNAPSHOT.jar
[INFO] Installing /home/travis/build/square/retrofit/retrofit-converters/gson/pom.xml to /home/travis/.m2/repository/com/squareup/retrofit2/converter-gson/2.0.3-SNAPSHOT/converter-gson-2.0.3-SNAPSHOT.pom
[INFO]                                                                         
[INFO] ------------------------------------------------------------------------
[INFO] Building Converter: Protocol Buffers 2.0.3-SNAPSHOT
[INFO] ------------------------------------------------------------------------
[INFO] 
[INFO] --- maven-enforcer-plugin:1.0:enforce (enforce-maven) @ converter-protobuf ---
[INFO] 
[INFO] --- maven-resources-plugin:2.6:resources (default-resources) @ converter-protobuf ---
[INFO] Using 'UTF-8' encoding to copy filtered resources.
[INFO] skip non existing resourceDirectory /home/travis/build/square/retrofit/retrofit-converters/protobuf/src/main/resources
[INFO] 
[INFO] --- maven-compiler-plugin:3.0:compile (default-compile) @ converter-protobuf ---
[INFO] Changes detected - recompiling the module!
[INFO] Compiling 3 source files to /home/travis/build/square/retrofit/retrofit-converters/protobuf/target/classes
[WARNING] /home/travis/build/square/retrofit/retrofit-converters/protobuf/src/main/java/retrofit2/converter/protobuf/ProtoConverterFactory.java: /home/travis/build/square/retrofit/retrofit-converters/protobuf/src/main/java/retrofit2/converter/protobuf/ProtoConverterFactory.java uses unchecked or unsafe operations.
[WARNING] /home/travis/build/square/retrofit/retrofit-converters/protobuf/src/main/java/retrofit2/converter/protobuf/ProtoConverterFactory.java: Recompile with -Xlint:unchecked for details.
[INFO] 
[INFO] --- maven-resources-plugin:2.6:testResources (default-testResources) @ converter-protobuf ---
[INFO] Using 'UTF-8' encoding to copy filtered resources.
[INFO] skip non existing resourceDirectory /home/travis/build/square/retrofit/retrofit-converters/protobuf/src/test/resources
[INFO] 
[INFO] --- maven-compiler-plugin:3.0:testCompile (default-testCompile) @ converter-protobuf ---
[INFO] Changes detected - recompiling the module!
[INFO] Compiling 2 source files to /home/travis/build/square/retrofit/retrofit-converters/protobuf/target/test-classes
[INFO] 
[INFO] --- maven-surefire-plugin:2.12.4:test (default-test) @ converter-protobuf ---
[INFO] Tests are skipped.
[INFO] 
[INFO] --- animal-sniffer-maven-plugin:1.14:check (default) @ converter-protobuf ---
[INFO] Checking unresolved references to org.codehaus.mojo.signature:java16:1.1
[INFO] 
[INFO] --- maven-jar-plugin:2.4:jar (default-jar) @ converter-protobuf ---
[INFO] Building jar: /home/travis/build/square/retrofit/retrofit-converters/protobuf/target/converter-protobuf-2.0.3-SNAPSHOT.jar
[INFO] 
[INFO] --- maven-javadoc-plugin:2.10.3:jar (attach-javadocs) @ converter-protobuf ---
[INFO] Skipping javadoc generation
[INFO] 
[INFO] --- maven-checkstyle-plugin:2.15:checkstyle (default) @ converter-protobuf ---
[INFO] Starting audit...
Audit done.
[WARNING] Unable to locate Source XRef to link to - DISABLED
[INFO] 
[INFO] --- maven-install-plugin:2.4:install (default-install) @ converter-protobuf ---
[INFO] Installing /home/travis/build/square/retrofit/retrofit-converters/protobuf/target/converter-protobuf-2.0.3-SNAPSHOT.jar to /home/travis/.m2/repository/com/squareup/retrofit2/converter-protobuf/2.0.3-SNAPSHOT/converter-protobuf-2.0.3-SNAPSHOT.jar
[INFO] Installing /home/travis/build/square/retrofit/retrofit-converters/protobuf/pom.xml to /home/travis/.m2/repository/com/squareup/retrofit2/converter-protobuf/2.0.3-SNAPSHOT/converter-protobuf-2.0.3-SNAPSHOT.pom
[INFO]                                                                         
[INFO] ------------------------------------------------------------------------
[INFO] Building Converter: Jackson 2.0.3-SNAPSHOT
[INFO] ------------------------------------------------------------------------
[INFO] 
[INFO] --- maven-enforcer-plugin:1.0:enforce (enforce-maven) @ converter-jackson ---
[INFO] 
[INFO] --- maven-resources-plugin:2.6:resources (default-resources) @ converter-jackson ---
[INFO] Using 'UTF-8' encoding to copy filtered resources.
[INFO] skip non existing resourceDirectory /home/travis/build/square/retrofit/retrofit-converters/jackson/src/main/resources
[INFO] 
[INFO] --- maven-compiler-plugin:3.0:compile (default-compile) @ converter-jackson ---
[INFO] Changes detected - recompiling the module!
[INFO] Compiling 3 source files to /home/travis/build/square/retrofit/retrofit-converters/jackson/target/classes
[WARNING] /home/travis/build/square/retrofit/retrofit-converters/jackson/src/main/java/retrofit2/converter/jackson/JacksonConverterFactory.java: /home/travis/build/square/retrofit/retrofit-converters/jackson/src/main/java/retrofit2/converter/jackson/JacksonConverterFactory.java uses or overrides a deprecated API.
[WARNING] /home/travis/build/square/retrofit/retrofit-converters/jackson/src/main/java/retrofit2/converter/jackson/JacksonConverterFactory.java: Recompile with -Xlint:deprecation for details.
[INFO] 
[INFO] --- maven-resources-plugin:2.6:testResources (default-testResources) @ converter-jackson ---
[INFO] Using 'UTF-8' encoding to copy filtered resources.
[INFO] skip non existing resourceDirectory /home/travis/build/square/retrofit/retrofit-converters/jackson/src/test/resources
[INFO] 
[INFO] --- maven-compiler-plugin:3.0:testCompile (default-testCompile) @ converter-jackson ---
[INFO] Changes detected - recompiling the module!
[INFO] Compiling 1 source file to /home/travis/build/square/retrofit/retrofit-converters/jackson/target/test-classes
[WARNING] /home/travis/build/square/retrofit/retrofit-converters/jackson/src/test/java/retrofit2/converter/jackson/JacksonConverterFactoryTest.java: /home/travis/build/square/retrofit/retrofit-converters/jackson/src/test/java/retrofit2/converter/jackson/JacksonConverterFactoryTest.java uses or overrides a deprecated API.
[WARNING] /home/travis/build/square/retrofit/retrofit-converters/jackson/src/test/java/retrofit2/converter/jackson/JacksonConverterFactoryTest.java: Recompile with -Xlint:deprecation for details.
[INFO] 
[INFO] --- maven-surefire-plugin:2.12.4:test (default-test) @ converter-jackson ---
[INFO] Tests are skipped.
[INFO] 
[INFO] --- animal-sniffer-maven-plugin:1.14:check (default) @ converter-jackson ---
[INFO] Checking unresolved references to org.codehaus.mojo.signature:java16:1.1
[INFO] 
[INFO] --- maven-jar-plugin:2.4:jar (default-jar) @ converter-jackson ---
[INFO] Building jar: /home/travis/build/square/retrofit/retrofit-converters/jackson/target/converter-jackson-2.0.3-SNAPSHOT.jar
[INFO] 
[INFO] --- maven-javadoc-plugin:2.10.3:jar (attach-javadocs) @ converter-jackson ---
[INFO] Skipping javadoc generation
[INFO] 
[INFO] --- maven-checkstyle-plugin:2.15:checkstyle (default) @ converter-jackson ---
[INFO] Starting audit...
Audit done.
[WARNING] Unable to locate Source XRef to link to - DISABLED
[INFO] 
[INFO] --- maven-install-plugin:2.4:install (default-install) @ converter-jackson ---
[INFO] Installing /home/travis/build/square/retrofit/retrofit-converters/jackson/target/converter-jackson-2.0.3-SNAPSHOT.jar to /home/travis/.m2/repository/com/squareup/retrofit2/converter-jackson/2.0.3-SNAPSHOT/converter-jackson-2.0.3-SNAPSHOT.jar
[INFO] Installing /home/travis/build/square/retrofit/retrofit-converters/jackson/pom.xml to /home/travis/.m2/repository/com/squareup/retrofit2/converter-jackson/2.0.3-SNAPSHOT/converter-jackson-2.0.3-SNAPSHOT.pom
[INFO]                                                                         
[INFO] ------------------------------------------------------------------------
[INFO] Building Converter: Wire Protocol Buffers 2.0.3-SNAPSHOT
[INFO] ------------------------------------------------------------------------
[INFO] 
[INFO] --- maven-enforcer-plugin:1.0:enforce (enforce-maven) @ converter-wire ---
[INFO] 
[INFO] --- maven-resources-plugin:2.6:resources (default-resources) @ converter-wire ---
[INFO] Using 'UTF-8' encoding to copy filtered resources.
[INFO] skip non existing resourceDirectory /home/travis/build/square/retrofit/retrofit-converters/wire/src/main/resources
[INFO] 
[INFO] --- maven-compiler-plugin:3.0:compile (default-compile) @ converter-wire ---
[INFO] Changes detected - recompiling the module!
[INFO] Compiling 3 source files to /home/travis/build/square/retrofit/retrofit-converters/wire/target/classes
[WARNING] /home/travis/build/square/retrofit/retrofit-converters/wire/src/main/java/retrofit2/converter/wire/WireConverterFactory.java: /home/travis/build/square/retrofit/retrofit-converters/wire/src/main/java/retrofit2/converter/wire/WireConverterFactory.java uses unchecked or unsafe operations.
[WARNING] /home/travis/build/square/retrofit/retrofit-converters/wire/src/main/java/retrofit2/converter/wire/WireConverterFactory.java: Recompile with -Xlint:unchecked for details.
[INFO] 
[INFO] --- maven-resources-plugin:2.6:testResources (default-testResources) @ converter-wire ---
[INFO] Using 'UTF-8' encoding to copy filtered resources.
[INFO] skip non existing resourceDirectory /home/travis/build/square/retrofit/retrofit-converters/wire/src/test/resources
[INFO] 
[INFO] --- maven-compiler-plugin:3.0:testCompile (default-testCompile) @ converter-wire ---
[INFO] Changes detected - recompiling the module!
[INFO] Compiling 2 source files to /home/travis/build/square/retrofit/retrofit-converters/wire/target/test-classes
[INFO] 
[INFO] --- maven-surefire-plugin:2.12.4:test (default-test) @ converter-wire ---
[INFO] Tests are skipped.
[INFO] 
[INFO] --- animal-sniffer-maven-plugin:1.14:check (default) @ converter-wire ---
[INFO] Checking unresolved references to org.codehaus.mojo.signature:java16:1.1
[INFO] 
[INFO] --- maven-jar-plugin:2.4:jar (default-jar) @ converter-wire ---
[INFO] Building jar: /home/travis/build/square/retrofit/retrofit-converters/wire/target/converter-wire-2.0.3-SNAPSHOT.jar
[INFO] 
[INFO] --- maven-javadoc-plugin:2.10.3:jar (attach-javadocs) @ converter-wire ---
[INFO] Skipping javadoc generation
[INFO] 
[INFO] --- maven-checkstyle-plugin:2.15:checkstyle (default) @ converter-wire ---
[INFO] Starting audit...
Audit done.
[WARNING] Unable to locate Source XRef to link to - DISABLED
[INFO] 
[INFO] --- maven-install-plugin:2.4:install (default-install) @ converter-wire ---
[INFO] Installing /home/travis/build/square/retrofit/retrofit-converters/wire/target/converter-wire-2.0.3-SNAPSHOT.jar to /home/travis/.m2/repository/com/squareup/retrofit2/converter-wire/2.0.3-SNAPSHOT/converter-wire-2.0.3-SNAPSHOT.jar
[INFO] Installing /home/travis/build/square/retrofit/retrofit-converters/wire/pom.xml to /home/travis/.m2/repository/com/squareup/retrofit2/converter-wire/2.0.3-SNAPSHOT/converter-wire-2.0.3-SNAPSHOT.pom
[INFO]                                                                         
[INFO] ------------------------------------------------------------------------
[INFO] Building Converter: SimpleXML 2.0.3-SNAPSHOT
[INFO] ------------------------------------------------------------------------
[INFO] 
[INFO] --- maven-enforcer-plugin:1.0:enforce (enforce-maven) @ converter-simplexml ---
[INFO] 
[INFO] --- maven-resources-plugin:2.6:resources (default-resources) @ converter-simplexml ---
[INFO] Using 'UTF-8' encoding to copy filtered resources.
[INFO] skip non existing resourceDirectory /home/travis/build/square/retrofit/retrofit-converters/simplexml/src/main/resources
[INFO] 
[INFO] --- maven-compiler-plugin:3.0:compile (default-compile) @ converter-simplexml ---
[INFO] Changes detected - recompiling the module!
[INFO] Compiling 3 source files to /home/travis/build/square/retrofit/retrofit-converters/simplexml/target/classes
[INFO] 
[INFO] --- maven-resources-plugin:2.6:testResources (default-testResources) @ converter-simplexml ---
[INFO] Using 'UTF-8' encoding to copy filtered resources.
[INFO] skip non existing resourceDirectory /home/travis/build/square/retrofit/retrofit-converters/simplexml/src/test/resources
[INFO] 
[INFO] --- maven-compiler-plugin:3.0:testCompile (default-testCompile) @ converter-simplexml ---
[INFO] Changes detected - recompiling the module!
[INFO] Compiling 2 source files to /home/travis/build/square/retrofit/retrofit-converters/simplexml/target/test-classes
[INFO] 
[INFO] --- maven-surefire-plugin:2.12.4:test (default-test) @ converter-simplexml ---
[INFO] Tests are skipped.
[INFO] 
[INFO] --- animal-sniffer-maven-plugin:1.14:check (default) @ converter-simplexml ---
[INFO] Checking unresolved references to org.codehaus.mojo.signature:java16:1.1
[INFO] 
[INFO] --- maven-jar-plugin:2.4:jar (default-jar) @ converter-simplexml ---
[INFO] Building jar: /home/travis/build/square/retrofit/retrofit-converters/simplexml/target/converter-simplexml-2.0.3-SNAPSHOT.jar
[INFO] 
[INFO] --- maven-javadoc-plugin:2.10.3:jar (attach-javadocs) @ converter-simplexml ---
[INFO] Skipping javadoc generation
[INFO] 
[INFO] --- maven-checkstyle-plugin:2.15:checkstyle (default) @ converter-simplexml ---
[INFO] Starting audit...
Audit done.
[WARNING] Unable to locate Source XRef to link to - DISABLED
[INFO] 
[INFO] --- maven-install-plugin:2.4:install (default-install) @ converter-simplexml ---
[INFO] Installing /home/travis/build/square/retrofit/retrofit-converters/simplexml/target/converter-simplexml-2.0.3-SNAPSHOT.jar to /home/travis/.m2/repository/com/squareup/retrofit2/converter-simplexml/2.0.3-SNAPSHOT/converter-simplexml-2.0.3-SNAPSHOT.jar
[INFO] Installing /home/travis/build/square/retrofit/retrofit-converters/simplexml/pom.xml to /home/travis/.m2/repository/com/squareup/retrofit2/converter-simplexml/2.0.3-SNAPSHOT/converter-simplexml-2.0.3-SNAPSHOT.pom
[INFO]                                                                         
[INFO] ------------------------------------------------------------------------
[INFO] Building Converter: Java Scalars 2.0.3-SNAPSHOT
[INFO] ------------------------------------------------------------------------
[INFO] 
[INFO] --- maven-enforcer-plugin:1.0:enforce (enforce-maven) @ converter-scalars ---
[INFO] 
[INFO] --- maven-resources-plugin:2.6:resources (default-resources) @ converter-scalars ---
[INFO] Using 'UTF-8' encoding to copy filtered resources.
[INFO] skip non existing resourceDirectory /home/travis/build/square/retrofit/retrofit-converters/scalars/src/main/resources
[INFO] 
[INFO] --- maven-compiler-plugin:3.0:compile (default-compile) @ converter-scalars ---
[INFO] Changes detected - recompiling the module!
[INFO] Compiling 3 source files to /home/travis/build/square/retrofit/retrofit-converters/scalars/target/classes
[INFO] 
[INFO] --- maven-resources-plugin:2.6:testResources (default-testResources) @ converter-scalars ---
[INFO] Using 'UTF-8' encoding to copy filtered resources.
[INFO] skip non existing resourceDirectory /home/travis/build/square/retrofit/retrofit-converters/scalars/src/test/resources
[INFO] 
[INFO] --- maven-compiler-plugin:3.0:testCompile (default-testCompile) @ converter-scalars ---
[INFO] Changes detected - recompiling the module!
[INFO] Compiling 2 source files to /home/travis/build/square/retrofit/retrofit-converters/scalars/target/test-classes
[INFO] 
[INFO] --- maven-surefire-plugin:2.12.4:test (default-test) @ converter-scalars ---
[INFO] Tests are skipped.
[INFO] 
[INFO] --- animal-sniffer-maven-plugin:1.14:check (default) @ converter-scalars ---
[INFO] Checking unresolved references to org.codehaus.mojo.signature:java16:1.1
[INFO] 
[INFO] --- maven-jar-plugin:2.4:jar (default-jar) @ converter-scalars ---
[INFO] Building jar: /home/travis/build/square/retrofit/retrofit-converters/scalars/target/converter-scalars-2.0.3-SNAPSHOT.jar
[INFO] 
[INFO] --- maven-javadoc-plugin:2.10.3:jar (attach-javadocs) @ converter-scalars ---
[INFO] Skipping javadoc generation
[INFO] 
[INFO] --- maven-checkstyle-plugin:2.15:checkstyle (default) @ converter-scalars ---
[INFO] Starting audit...
Audit done.
[WARNING] Unable to locate Source XRef to link to - DISABLED
[INFO] 
[INFO] --- maven-install-plugin:2.4:install (default-install) @ converter-scalars ---
[INFO] Installing /home/travis/build/square/retrofit/retrofit-converters/scalars/target/converter-scalars-2.0.3-SNAPSHOT.jar to /home/travis/.m2/repository/com/squareup/retrofit2/converter-scalars/2.0.3-SNAPSHOT/converter-scalars-2.0.3-SNAPSHOT.jar
[INFO] Installing /home/travis/build/square/retrofit/retrofit-converters/scalars/pom.xml to /home/travis/.m2/repository/com/squareup/retrofit2/converter-scalars/2.0.3-SNAPSHOT/converter-scalars-2.0.3-SNAPSHOT.pom
[INFO]                                                                         
[INFO] ------------------------------------------------------------------------
[INFO] Building Converter: Moshi 2.0.3-SNAPSHOT
[INFO] ------------------------------------------------------------------------
[INFO] 
[INFO] --- maven-enforcer-plugin:1.0:enforce (enforce-maven) @ converter-moshi ---
[INFO] 
[INFO] --- maven-resources-plugin:2.6:resources (default-resources) @ converter-moshi ---
[INFO] Using 'UTF-8' encoding to copy filtered resources.
[INFO] skip non existing resourceDirectory /home/travis/build/square/retrofit/retrofit-converters/moshi/src/main/resources
[INFO] 
[INFO] --- maven-compiler-plugin:3.0:compile (default-compile) @ converter-moshi ---
[INFO] Changes detected - recompiling the module!
[INFO] Compiling 3 source files to /home/travis/build/square/retrofit/retrofit-converters/moshi/target/classes
[INFO] 
[INFO] --- maven-resources-plugin:2.6:testResources (default-testResources) @ converter-moshi ---
[INFO] Using 'UTF-8' encoding to copy filtered resources.
[INFO] skip non existing resourceDirectory /home/travis/build/square/retrofit/retrofit-converters/moshi/src/test/resources
[INFO] 
[INFO] --- maven-compiler-plugin:3.0:testCompile (default-testCompile) @ converter-moshi ---
[INFO] Changes detected - recompiling the module!
[INFO] Compiling 1 source file to /home/travis/build/square/retrofit/retrofit-converters/moshi/target/test-classes
[INFO] 
[INFO] --- maven-surefire-plugin:2.12.4:test (default-test) @ converter-moshi ---
[INFO] Tests are skipped.
[INFO] 
[INFO] --- animal-sniffer-maven-plugin:1.14:check (default) @ converter-moshi ---
[INFO] Checking unresolved references to org.codehaus.mojo.signature:java16:1.1
[INFO] 
[INFO] --- maven-jar-plugin:2.4:jar (default-jar) @ converter-moshi ---
[INFO] Building jar: /home/travis/build/square/retrofit/retrofit-converters/moshi/target/converter-moshi-2.0.3-SNAPSHOT.jar
[INFO] 
[INFO] --- maven-javadoc-plugin:2.10.3:jar (attach-javadocs) @ converter-moshi ---
[INFO] Skipping javadoc generation
[INFO] 
[INFO] --- maven-checkstyle-plugin:2.15:checkstyle (default) @ converter-moshi ---
[INFO] Starting audit...
Audit done.
[WARNING] Unable to locate Source XRef to link to - DISABLED
[INFO] 
[INFO] --- maven-install-plugin:2.4:install (default-install) @ converter-moshi ---
[INFO] Installing /home/travis/build/square/retrofit/retrofit-converters/moshi/target/converter-moshi-2.0.3-SNAPSHOT.jar to /home/travis/.m2/repository/com/squareup/retrofit2/converter-moshi/2.0.3-SNAPSHOT/converter-moshi-2.0.3-SNAPSHOT.jar
[INFO] Installing /home/travis/build/square/retrofit/retrofit-converters/moshi/pom.xml to /home/travis/.m2/repository/com/squareup/retrofit2/converter-moshi/2.0.3-SNAPSHOT/converter-moshi-2.0.3-SNAPSHOT.pom
[INFO]                                                                         
[INFO] ------------------------------------------------------------------------
[INFO] Building Converter: FastJson 2.0.3-SNAPSHOT
[INFO] ------------------------------------------------------------------------
[INFO] Downloading: http://repo.maven.apache.org/maven2/com/alibaba/fastjson/1.2.8/fastjson-1.2.8.pom
[INFO] Downloaded: http://repo.maven.apache.org/maven2/com/alibaba/fastjson/1.2.8/fastjson-1.2.8.pom (8 KB at 65.8 KB/sec)
[INFO] Downloading: http://repo.maven.apache.org/maven2/com/alibaba/fastjson/1.2.8/fastjson-1.2.8.jar
[INFO] Downloaded: http://repo.maven.apache.org/maven2/com/alibaba/fastjson/1.2.8/fastjson-1.2.8.jar (430 KB at 6707.4 KB/sec)
[INFO] 
[INFO] --- maven-enforcer-plugin:1.0:enforce (enforce-maven) @ converter-fastjson ---
[INFO] 
[INFO] --- maven-resources-plugin:2.6:resources (default-resources) @ converter-fastjson ---
[INFO] Using 'UTF-8' encoding to copy filtered resources.
[INFO] skip non existing resourceDirectory /home/travis/build/square/retrofit/retrofit-converters/fastjson/src/main/resources
[INFO] 
[INFO] --- maven-compiler-plugin:3.0:compile (default-compile) @ converter-fastjson ---
[INFO] Changes detected - recompiling the module!
[INFO] Compiling 3 source files to /home/travis/build/square/retrofit/retrofit-converters/fastjson/target/classes
[INFO] 
[INFO] --- maven-resources-plugin:2.6:testResources (default-testResources) @ converter-fastjson ---
[INFO] Using 'UTF-8' encoding to copy filtered resources.
[INFO] skip non existing resourceDirectory /home/travis/build/square/retrofit/retrofit-converters/fastjson/src/test/resources
[INFO] 
[INFO] --- maven-compiler-plugin:3.0:testCompile (default-testCompile) @ converter-fastjson ---
[INFO] Changes detected - recompiling the module!
[INFO] Compiling 1 source file to /home/travis/build/square/retrofit/retrofit-converters/fastjson/target/test-classes
[INFO] 
[INFO] --- maven-surefire-plugin:2.12.4:test (default-test) @ converter-fastjson ---
[INFO] Tests are skipped.
[INFO] 
[INFO] --- animal-sniffer-maven-plugin:1.14:check (default) @ converter-fastjson ---
[INFO] Checking unresolved references to org.codehaus.mojo.signature:java16:1.1
[INFO] 
[INFO] --- maven-jar-plugin:2.4:jar (default-jar) @ converter-fastjson ---
[INFO] Building jar: /home/travis/build/square/retrofit/retrofit-converters/fastjson/target/converter-fastjson-2.0.3-SNAPSHOT.jar
[INFO] 
[INFO] --- maven-javadoc-plugin:2.10.3:jar (attach-javadocs) @ converter-fastjson ---
[INFO] Skipping javadoc generation
[INFO] 
[INFO] --- maven-checkstyle-plugin:2.15:checkstyle (default) @ converter-fastjson ---
[INFO] Starting audit...
Audit done.
[WARNING] Unable to locate Source XRef to link to - DISABLED
[INFO] 
[INFO] --- maven-install-plugin:2.4:install (default-install) @ converter-fastjson ---
[INFO] Installing /home/travis/build/square/retrofit/retrofit-converters/fastjson/target/converter-fastjson-2.0.3-SNAPSHOT.jar to /home/travis/.m2/repository/com/squareup/retrofit2/converter-fastjson/2.0.3-SNAPSHOT/converter-fastjson-2.0.3-SNAPSHOT.jar
[INFO] Installing /home/travis/build/square/retrofit/retrofit-converters/fastjson/pom.xml to /home/travis/.m2/repository/com/squareup/retrofit2/converter-fastjson/2.0.3-SNAPSHOT/converter-fastjson-2.0.3-SNAPSHOT.pom
[INFO]                                                                         
[INFO] ------------------------------------------------------------------------
[INFO] Building Retrofit Mock Adapter 2.0.3-SNAPSHOT
[INFO] ------------------------------------------------------------------------
[INFO] 
[INFO] --- maven-enforcer-plugin:1.0:enforce (enforce-maven) @ retrofit-mock ---
[INFO] 
[INFO] --- maven-resources-plugin:2.6:resources (default-resources) @ retrofit-mock ---
[INFO] Using 'UTF-8' encoding to copy filtered resources.
[INFO] skip non existing resourceDirectory /home/travis/build/square/retrofit/retrofit-mock/src/main/resources
[INFO] 
[INFO] --- maven-compiler-plugin:3.0:compile (default-compile) @ retrofit-mock ---
[INFO] Changes detected - recompiling the module!
[INFO] Compiling 5 source files to /home/travis/build/square/retrofit/retrofit-mock/target/classes
[INFO] 
[INFO] --- maven-resources-plugin:2.6:testResources (default-testResources) @ retrofit-mock ---
[INFO] Using 'UTF-8' encoding to copy filtered resources.
[INFO] skip non existing resourceDirectory /home/travis/build/square/retrofit/retrofit-mock/src/test/resources
[INFO] 
[INFO] --- maven-compiler-plugin:3.0:testCompile (default-testCompile) @ retrofit-mock ---
[INFO] Changes detected - recompiling the module!
[INFO] Compiling 3 source files to /home/travis/build/square/retrofit/retrofit-mock/target/test-classes
[INFO] 
[INFO] --- maven-surefire-plugin:2.12.4:test (default-test) @ retrofit-mock ---
[INFO] Tests are skipped.
[INFO] 
[INFO] --- animal-sniffer-maven-plugin:1.14:check (default) @ retrofit-mock ---
[INFO] Checking unresolved references to org.codehaus.mojo.signature:java16:1.1
[INFO] 
[INFO] --- maven-jar-plugin:2.4:jar (default-jar) @ retrofit-mock ---
[INFO] Building jar: /home/travis/build/square/retrofit/retrofit-mock/target/retrofit-mock-2.0.3-SNAPSHOT.jar
[INFO] 
[INFO] --- maven-javadoc-plugin:2.10.3:jar (attach-javadocs) @ retrofit-mock ---
[INFO] Skipping javadoc generation
[INFO] 
[INFO] --- maven-checkstyle-plugin:2.15:checkstyle (default) @ retrofit-mock ---
[INFO] Starting audit...
Audit done.
[WARNING] Unable to locate Source XRef to link to - DISABLED
[INFO] 
[INFO] --- maven-install-plugin:2.4:install (default-install) @ retrofit-mock ---
[INFO] Installing /home/travis/build/square/retrofit/retrofit-mock/target/retrofit-mock-2.0.3-SNAPSHOT.jar to /home/travis/.m2/repository/com/squareup/retrofit2/retrofit-mock/2.0.3-SNAPSHOT/retrofit-mock-2.0.3-SNAPSHOT.jar
[INFO] Installing /home/travis/build/square/retrofit/retrofit-mock/pom.xml to /home/travis/.m2/repository/com/squareup/retrofit2/retrofit-mock/2.0.3-SNAPSHOT/retrofit-mock-2.0.3-SNAPSHOT.pom
[INFO]                                                                         
[INFO] ------------------------------------------------------------------------
[INFO] Building Samples 2.0.3-SNAPSHOT
[INFO] ------------------------------------------------------------------------
[INFO] 
[INFO] --- maven-enforcer-plugin:1.0:enforce (enforce-maven) @ samples ---
[INFO] 
[INFO] --- maven-resources-plugin:2.6:resources (default-resources) @ samples ---
[INFO] Using 'UTF-8' encoding to copy filtered resources.
[INFO] skip non existing resourceDirectory /home/travis/build/square/retrofit/samples/src/main/resources
[INFO] 
[INFO] --- maven-compiler-plugin:3.0:compile (default-compile) @ samples ---
[INFO] Changes detected - recompiling the module!
[INFO] Compiling 9 source files to /home/travis/build/square/retrofit/samples/target/classes
[INFO] 
[INFO] --- maven-resources-plugin:2.6:testResources (default-testResources) @ samples ---
[INFO] Using 'UTF-8' encoding to copy filtered resources.
[INFO] skip non existing resourceDirectory /home/travis/build/square/retrofit/samples/src/test/resources
[INFO] 
[INFO] --- maven-compiler-plugin:3.0:testCompile (default-testCompile) @ samples ---
[INFO] No sources to compile
[INFO] 
[INFO] --- maven-surefire-plugin:2.12.4:test (default-test) @ samples ---
[INFO] Tests are skipped.
[INFO] 
[INFO] --- animal-sniffer-maven-plugin:1.14:check (default) @ samples ---
[INFO] Checking unresolved references to org.codehaus.mojo.signature:java16:1.1
[INFO] 
[INFO] --- maven-jar-plugin:2.4:jar (default-jar) @ samples ---
[INFO] Building jar: /home/travis/build/square/retrofit/samples/target/samples-2.0.3-SNAPSHOT.jar
[INFO] 
[INFO] --- maven-javadoc-plugin:2.10.3:jar (attach-javadocs) @ samples ---
[INFO] Skipping javadoc generation
[INFO] 
[INFO] --- maven-checkstyle-plugin:2.15:checkstyle (default) @ samples ---
[INFO] Starting audit...
Audit done.
[WARNING] Unable to locate Source XRef to link to - DISABLED
[INFO] 
[INFO] --- maven-install-plugin:2.4:install (default-install) @ samples ---
[INFO] Installing /home/travis/build/square/retrofit/samples/target/samples-2.0.3-SNAPSHOT.jar to /home/travis/.m2/repository/com/squareup/retrofit2/samples/2.0.3-SNAPSHOT/samples-2.0.3-SNAPSHOT.jar
[INFO] Installing /home/travis/build/square/retrofit/samples/pom.xml to /home/travis/.m2/repository/com/squareup/retrofit2/samples/2.0.3-SNAPSHOT/samples-2.0.3-SNAPSHOT.pom
[INFO] ------------------------------------------------------------------------
[INFO] Reactor Summary:
[INFO] 
[INFO] Retrofit (Parent) .................................. SUCCESS [  6.673 s]
[INFO] Retrofit ........................................... SUCCESS [ 14.041 s]
[INFO] Adapters ........................................... SUCCESS [  0.295 s]
[INFO] Adapter: Guava ..................................... SUCCESS [  2.350 s]
[INFO] Adapter: Java 8 .................................... SUCCESS [  2.112 s]
[INFO] Adapter: RxJava .................................... SUCCESS [  1.424 s]
[INFO] Converters ......................................... SUCCESS [  0.173 s]
[INFO] Converter: Gson .................................... SUCCESS [  0.790 s]
[INFO] Converter: Protocol Buffers ........................ SUCCESS [  0.804 s]
[INFO] Converter: Jackson ................................. SUCCESS [  0.999 s]
[INFO] Converter: Wire Protocol Buffers ................... SUCCESS [  1.120 s]
[INFO] Converter: SimpleXML ............................... SUCCESS [  0.973 s]
[INFO] Converter: Java Scalars ............................ SUCCESS [  0.972 s]
[INFO] Converter: Moshi ................................... SUCCESS [  0.526 s]
[INFO] Converter: FastJson ................................ SUCCESS [  1.535 s]
[INFO] Retrofit Mock Adapter .............................. SUCCESS [  1.300 s]
[INFO] Samples ............................................ SUCCESS [  1.664 s]
[INFO] ------------------------------------------------------------------------
[INFO] BUILD SUCCESS
[INFO] ------------------------------------------------------------------------
[INFO] Total time: 38.261 s
[INFO] Finished at: 2016-04-15T09:34:32+00:00
[INFO] Final Memory: 48M/402M
[INFO] ------------------------------------------------------------------------

travis_time:end:04433d00:start=1460712832567008612,finish=1460712874189334698,duration=41622326086[0Ktravis_fold:end:install[0Ktravis_time:start:00b20446[0K$ mvn test -B
Java HotSpot(TM) 64-Bit Server VM warning: ignoring option MaxPermSize=192m; support was removed in 8.0
[INFO] Scanning for projects...
[WARNING] 
[WARNING] Some problems were encountered while building the effective model for com.squareup.retrofit2:samples:jar:2.0.3-SNAPSHOT
[WARNING] 'build.plugins.plugin.version' for org.apache.maven.plugins:maven-deploy-plugin is missing. @ com.squareup.retrofit2:samples:[unknown-version], /home/travis/build/square/retrofit/samples/pom.xml, line 55, column 15
[WARNING] 
[WARNING] It is highly recommended to fix these problems because they threaten the stability of your build.
[WARNING] 
[WARNING] For this reason, future Maven versions might no longer support building such malformed projects.
[WARNING] 
[INFO] ------------------------------------------------------------------------
[INFO] Reactor Build Order:
[INFO] 
[INFO] Retrofit (Parent)
[INFO] Retrofit
[INFO] Adapters
[INFO] Adapter: Guava
[INFO] Adapter: Java 8
[INFO] Adapter: RxJava
[INFO] Converters
[INFO] Converter: Gson
[INFO] Converter: Protocol Buffers
[INFO] Converter: Jackson
[INFO] Converter: Wire Protocol Buffers
[INFO] Converter: SimpleXML
[INFO] Converter: Java Scalars
[INFO] Converter: Moshi
[INFO] Converter: FastJson
[INFO] Retrofit Mock Adapter
[INFO] Samples
[INFO]                                                                         
[INFO] ------------------------------------------------------------------------
[INFO] Building Retrofit (Parent) 2.0.3-SNAPSHOT
[INFO] ------------------------------------------------------------------------
[INFO] 
[INFO] --- maven-enforcer-plugin:1.0:enforce (enforce-maven) @ parent ---
[INFO] 
[INFO] --- animal-sniffer-maven-plugin:1.14:check (default) @ parent ---
[INFO] Checking unresolved references to org.codehaus.mojo.signature:java16:1.1
[INFO]                                                                         
[INFO] ------------------------------------------------------------------------
[INFO] Building Retrofit 2.0.3-SNAPSHOT
[INFO] ------------------------------------------------------------------------
[INFO] 
[INFO] --- maven-enforcer-plugin:1.0:enforce (enforce-maven) @ retrofit ---
[INFO] 
[INFO] --- maven-resources-plugin:2.6:resources (default-resources) @ retrofit ---
[INFO] Using 'UTF-8' encoding to copy filtered resources.
[INFO] skip non existing resourceDirectory /home/travis/build/square/retrofit/retrofit/src/main/resources
[INFO] 
[INFO] --- maven-compiler-plugin:3.0:compile (default-compile) @ retrofit ---
[INFO] Changes detected - recompiling the module!
[INFO] Compiling 39 source files to /home/travis/build/square/retrofit/retrofit/target/classes
[WARNING] /home/travis/build/square/retrofit/retrofit/src/main/java/retrofit2/Retrofit.java: Some input files use unchecked or unsafe operations.
[WARNING] /home/travis/build/square/retrofit/retrofit/src/main/java/retrofit2/Retrofit.java: Recompile with -Xlint:unchecked for details.
[INFO] 
[INFO] --- maven-resources-plugin:2.6:testResources (default-testResources) @ retrofit ---
[INFO] Using 'UTF-8' encoding to copy filtered resources.
[INFO] skip non existing resourceDirectory /home/travis/build/square/retrofit/retrofit/src/test/resources
[INFO] 
[INFO] --- maven-compiler-plugin:3.0:testCompile (default-testCompile) @ retrofit ---
[INFO] Changes detected - recompiling the module!
[INFO] Compiling 14 source files to /home/travis/build/square/retrofit/retrofit/target/test-classes
[WARNING] /home/travis/build/square/retrofit/retrofit/src/test/java/retrofit2/RetrofitTest.java: /home/travis/build/square/retrofit/retrofit/src/test/java/retrofit2/RetrofitTest.java uses unchecked or unsafe operations.
[WARNING] /home/travis/build/square/retrofit/retrofit/src/test/java/retrofit2/RetrofitTest.java: Recompile with -Xlint:unchecked for details.
[INFO] 
[INFO] --- maven-surefire-plugin:2.12.4:test (default-test) @ retrofit ---
[INFO] Surefire report directory: /home/travis/build/square/retrofit/retrofit/target/surefire-reports

-------------------------------------------------------
 T E S T S
-------------------------------------------------------
Running retrofit2.CallTest
Apr 15, 2016 9:34:49 AM okhttp3.mockwebserver.MockWebServer$3 execute
INFO: MockWebServer[54740] starting to accept connections
Apr 15, 2016 9:34:50 AM okhttp3.mockwebserver.MockWebServer$3 acceptConnections
INFO: MockWebServer[54740] done accepting connections: Socket closed
Apr 15, 2016 9:34:50 AM okhttp3.mockwebserver.MockWebServer$3 execute
INFO: MockWebServer[55203] starting to accept connections
Apr 15, 2016 9:34:50 AM okhttp3.mockwebserver.MockWebServer$4 processOneRequest
INFO: MockWebServer[55203] received request: GET / HTTP/1.1 and responded: HTTP/1.1 200 OK
Apr 15, 2016 9:34:50 AM okhttp3.mockwebserver.MockWebServer$3 acceptConnections
INFO: MockWebServer[55203] done accepting connections: Socket closed
Apr 15, 2016 9:34:50 AM okhttp3.mockwebserver.MockWebServer$3 execute
INFO: MockWebServer[54858] starting to accept connections
Apr 15, 2016 9:34:50 AM okhttp3.mockwebserver.MockWebServer$4 processOneRequest
INFO: MockWebServer[54858] received request: GET / HTTP/1.1 and responded: HTTP/1.1 404 Client Error
Apr 15, 2016 9:34:50 AM okhttp3.mockwebserver.MockWebServer$3 acceptConnections
INFO: MockWebServer[54858] done accepting connections: Socket closed
Apr 15, 2016 9:34:50 AM okhttp3.mockwebserver.MockWebServer$3 execute
INFO: MockWebServer[57706] starting to accept connections
Apr 15, 2016 9:34:50 AM okhttp3.mockwebserver.MockWebServer$4 processOneRequest
INFO: MockWebServer[57706] received request: POST /Hello HTTP/1.1 and responded: HTTP/1.1 200 OK
Apr 15, 2016 9:34:50 AM okhttp3.mockwebserver.MockWebServer$3 acceptConnections
INFO: MockWebServer[57706] done accepting connections: Socket closed
Apr 15, 2016 9:34:50 AM okhttp3.mockwebserver.MockWebServer$3 execute
INFO: MockWebServer[59315] starting to accept connections
Apr 15, 2016 9:34:50 AM okhttp3.mockwebserver.MockWebServer$3 acceptConnections
INFO: MockWebServer[59315] done accepting connections: Socket closed
Apr 15, 2016 9:34:50 AM okhttp3.mockwebserver.MockWebServer$3 execute
INFO: MockWebServer[43235] starting to accept connections
Apr 15, 2016 9:34:50 AM okhttp3.mockwebserver.MockWebServer$3 acceptConnections
INFO: MockWebServer[43235] done accepting connections: Socket closed
Apr 15, 2016 9:34:50 AM okhttp3.mockwebserver.MockWebServer$3 execute
INFO: MockWebServer[37323] starting to accept connections
Apr 15, 2016 9:34:50 AM okhttp3.mockwebserver.MockWebServer$3 acceptConnections
INFO: MockWebServer[37323] done accepting connections: Socket closed
Apr 15, 2016 9:34:50 AM okhttp3.mockwebserver.MockWebServer$4 processOneRequest
INFO: MockWebServer[37323] received request: GET / HTTP/1.1 and responded: HTTP/1.1 200 OK
Apr 15, 2016 9:34:50 AM okhttp3.mockwebserver.MockWebServer$3 execute
INFO: MockWebServer[55995] starting to accept connections
Apr 15, 2016 9:34:50 AM okhttp3.mockwebserver.MockWebServer$3 acceptConnections
INFO: MockWebServer[55995] done accepting connections: Socket closed
Apr 15, 2016 9:34:50 AM okhttp3.mockwebserver.MockWebServer$4 processOneRequest
INFO: MockWebServer[55995] received request: GET / HTTP/1.1 and responded: HTTP/1.1 200 OK
Apr 15, 2016 9:34:50 AM okhttp3.mockwebserver.MockWebServer$3 execute
INFO: MockWebServer[46618] starting to accept connections
Apr 15, 2016 9:34:50 AM okhttp3.mockwebserver.MockWebServer$3 acceptConnections
INFO: MockWebServer[46618] done accepting connections: Socket is closed
Apr 15, 2016 9:34:50 AM okhttp3.mockwebserver.MockWebServer$3 execute
INFO: MockWebServer[36023] starting to accept connections
Apr 15, 2016 9:34:50 AM okhttp3.mockwebserver.MockWebServer$3 acceptConnections
INFO: MockWebServer[36023] done accepting connections: Socket closed
Apr 15, 2016 9:34:50 AM okhttp3.mockwebserver.MockWebServer$4 processOneRequest
INFO: MockWebServer[36023] received request: POST /Hello HTTP/1.1 and responded: HTTP/1.1 200 OK
Apr 15, 2016 9:34:50 AM okhttp3.mockwebserver.MockWebServer$3 execute
INFO: MockWebServer[52061] starting to accept connections
Apr 15, 2016 9:34:50 AM okhttp3.mockwebserver.MockWebServer$3 acceptConnections
INFO: MockWebServer[52061] done accepting connections: Socket closed
Apr 15, 2016 9:34:50 AM okhttp3.mockwebserver.MockWebServer$4 processOneRequest
INFO: MockWebServer[52061] received request: POST /Hello HTTP/1.1 and responded: HTTP/1.1 200 OK
Apr 15, 2016 9:34:50 AM okhttp3.mockwebserver.MockWebServer$3 execute
INFO: MockWebServer[44051] starting to accept connections
Apr 15, 2016 9:34:50 AM okhttp3.mockwebserver.MockWebServer$3 acceptConnections
INFO: MockWebServer[44051] done accepting connections: Socket is closed
Apr 15, 2016 9:34:50 AM okhttp3.mockwebserver.MockWebServer$3 execute
INFO: MockWebServer[38614] starting to accept connections
Apr 15, 2016 9:34:50 AM okhttp3.mockwebserver.MockWebServer$3 acceptConnections
INFO: MockWebServer[38614] done accepting connections: Socket closed
Apr 15, 2016 9:34:50 AM okhttp3.mockwebserver.MockWebServer$4 processOneRequest
INFO: MockWebServer[38614] received request: GET / HTTP/1.1 and responded: HTTP/1.1 404 Client Error
Apr 15, 2016 9:34:50 AM okhttp3.mockwebserver.MockWebServer$3 execute
INFO: MockWebServer[44658] starting to accept connections
Apr 15, 2016 9:34:50 AM okhttp3.mockwebserver.MockWebServer$3 acceptConnections
INFO: MockWebServer[44658] done accepting connections: Socket closed
Apr 15, 2016 9:34:50 AM okhttp3.mockwebserver.MockWebServer$4 processOneRequest
INFO: MockWebServer[44658] received request: POST / HTTP/1.1 and responded: HTTP/1.1 200 OK
Apr 15, 2016 9:34:50 AM okhttp3.mockwebserver.MockWebServer$3 execute
INFO: MockWebServer[37775] starting to accept connections
Apr 15, 2016 9:34:50 AM okhttp3.mockwebserver.MockWebServer$3 acceptConnections
INFO: MockWebServer[37775] done accepting connections: Socket closed
Apr 15, 2016 9:34:50 AM okhttp3.mockwebserver.MockWebServer$4 processOneRequest
INFO: MockWebServer[37775] received request: GET / HTTP/1.1 and responded: HTTP/1.1 204 Nothin
Apr 15, 2016 9:34:50 AM okhttp3.mockwebserver.MockWebServer$3 execute
INFO: MockWebServer[60878] starting to accept connections
Apr 15, 2016 9:34:50 AM okhttp3.mockwebserver.MockWebServer$3 acceptConnections
INFO: MockWebServer[60878] done accepting connections: Socket is closed
Apr 15, 2016 9:34:50 AM okhttp3.mockwebserver.MockWebServer$3 execute
INFO: MockWebServer[53525] starting to accept connections
Apr 15, 2016 9:34:50 AM okhttp3.mockwebserver.MockWebServer$3 acceptConnections
INFO: MockWebServer[53525] done accepting connections: Socket closed
Apr 15, 2016 9:34:50 AM okhttp3.mockwebserver.MockWebServer$4 processOneRequest
INFO: MockWebServer[53525] received request: GET / HTTP/1.1 and responded: HTTP/1.1 200 OK
Apr 15, 2016 9:34:50 AM okhttp3.mockwebserver.MockWebServer$3 execute
INFO: MockWebServer[44464] starting to accept connections
Apr 15, 2016 9:34:50 AM okhttp3.mockwebserver.MockWebServer$3 acceptConnections
INFO: MockWebServer[44464] done accepting connections: Socket closed
Apr 15, 2016 9:34:50 AM okhttp3.mockwebserver.MockWebServer$4 processOneRequest
INFO: MockWebServer[44464] received request: POST /Hello HTTP/1.1 and responded: HTTP/1.1 200 OK
Apr 15, 2016 9:34:50 AM okhttp3.mockwebserver.MockWebServer$3 execute
INFO: MockWebServer[48299] starting to accept connections
Apr 15, 2016 9:34:50 AM okhttp3.mockwebserver.MockWebServer$3 acceptConnections
INFO: MockWebServer[48299] done accepting connections: Socket closed
Apr 15, 2016 9:34:50 AM okhttp3.mockwebserver.MockWebServer$4 processOneRequest
INFO: MockWebServer[48299] received request: GET / HTTP/1.1 and responded: HTTP/1.1 200 OK
Apr 15, 2016 9:34:50 AM okhttp3.mockwebserver.MockWebServer$3 execute
INFO: MockWebServer[50156] starting to accept connections
Apr 15, 2016 9:34:50 AM okhttp3.mockwebserver.MockWebServer$3 acceptConnections
INFO: MockWebServer[50156] done accepting connections: Socket closed
Apr 15, 2016 9:34:50 AM okhttp3.mockwebserver.MockWebServer$4 processOneRequest
INFO: MockWebServer[50156] received request: POST / HTTP/1.1 and responded: HTTP/1.1 200 OK
Apr 15, 2016 9:34:50 AM okhttp3.mockwebserver.MockWebServer$3 execute
INFO: MockWebServer[38578] starting to accept connections
Apr 15, 2016 9:34:50 AM okhttp3.mockwebserver.MockWebServer$3 acceptConnections
INFO: MockWebServer[38578] done accepting connections: Socket is closed
Apr 15, 2016 9:34:50 AM okhttp3.mockwebserver.MockWebServer$3 execute
INFO: MockWebServer[44470] starting to accept connections
Apr 15, 2016 9:34:50 AM okhttp3.mockwebserver.MockWebServer$3 acceptConnections
INFO: MockWebServer[44470] done accepting connections: Socket is closed
Apr 15, 2016 9:34:50 AM okhttp3.mockwebserver.MockWebServer$3 execute
INFO: MockWebServer[47671] starting to accept connections
Apr 15, 2016 9:34:50 AM okhttp3.mockwebserver.MockWebServer$3 acceptConnections
INFO: MockWebServer[47671] done accepting connections: Socket is closed
Apr 15, 2016 9:34:50 AM okhttp3.mockwebserver.MockWebServer$3 execute
INFO: MockWebServer[53384] starting to accept connections
Apr 15, 2016 9:34:50 AM okhttp3.mockwebserver.MockWebServer$3 acceptConnections
INFO: MockWebServer[53384] done accepting connections: Socket closed
Apr 15, 2016 9:34:50 AM okhttp3.mockwebserver.MockWebServer$4 processOneRequest
INFO: MockWebServer[53384] received request: GET / HTTP/1.1 and responded: HTTP/1.1 200 OK
Apr 15, 2016 9:34:50 AM okhttp3.mockwebserver.MockWebServer$3 execute
INFO: MockWebServer[55053] starting to accept connections
Apr 15, 2016 9:34:50 AM okhttp3.mockwebserver.MockWebServer$3 acceptConnections
INFO: MockWebServer[55053] done accepting connections: Socket closed
Apr 15, 2016 9:34:50 AM okhttp3.mockwebserver.MockWebServer$4 processOneRequest
INFO: MockWebServer[55053] received request: GET / HTTP/1.1 and responded: HTTP/1.1 200 OK
Apr 15, 2016 9:34:50 AM okhttp3.mockwebserver.MockWebServer$3 execute
INFO: MockWebServer[33816] starting to accept connections
Apr 15, 2016 9:34:51 AM okhttp3.mockwebserver.MockWebServer$3 acceptConnections
INFO: MockWebServer[33816] done accepting connections: Socket closed
Apr 15, 2016 9:34:51 AM okhttp3.mockwebserver.MockWebServer$4 processOneRequest
INFO: MockWebServer[33816] received request: GET / HTTP/1.1 and responded: HTTP/1.1 205 Nothin
Apr 15, 2016 9:34:51 AM okhttp3.mockwebserver.MockWebServer$3 execute
INFO: MockWebServer[44656] starting to accept connections
Apr 15, 2016 9:34:51 AM okhttp3.mockwebserver.MockWebServer$4 processOneRequest
INFO: MockWebServer[44656] received request: GET / HTTP/1.1 and responded: HTTP/1.1 200 OK
Apr 15, 2016 9:34:51 AM okhttp3.mockwebserver.MockWebServer$4 processOneRequest
INFO: MockWebServer[44656] received request: GET / HTTP/1.1 and responded: HTTP/1.1 200 OK
Apr 15, 2016 9:34:51 AM okhttp3.mockwebserver.MockWebServer$3 acceptConnections
INFO: MockWebServer[44656] done accepting connections: Socket closed
Apr 15, 2016 9:34:51 AM okhttp3.mockwebserver.MockWebServer$3 execute
INFO: MockWebServer[39584] starting to accept connections
Apr 15, 2016 9:34:51 AM okhttp3.mockwebserver.MockWebServer$3 acceptConnections
INFO: MockWebServer[39584] done accepting connections: Socket closed
Apr 15, 2016 9:34:51 AM okhttp3.mockwebserver.MockWebServer$4 processOneRequest
INFO: MockWebServer[39584] received request: GET / HTTP/1.1 and responded: HTTP/1.1 200 OK
Apr 15, 2016 9:34:51 AM okhttp3.mockwebserver.MockWebServer$3 execute
INFO: MockWebServer[58841] starting to accept connections
Apr 15, 2016 9:34:51 AM okhttp3.mockwebserver.MockWebServer$3 acceptConnections
INFO: MockWebServer[58841] done accepting connections: Socket is closed
Apr 15, 2016 9:34:51 AM okhttp3.mockwebserver.MockWebServer$3 execute
INFO: MockWebServer[36349] starting to accept connections
Apr 15, 2016 9:34:51 AM okhttp3.mockwebserver.MockWebServer$3 acceptConnections
INFO: MockWebServer[36349] done accepting connections: Socket closed
Apr 15, 2016 9:34:51 AM okhttp3.mockwebserver.MockWebServer$3 execute
INFO: MockWebServer[49930] starting to accept connections
Apr 15, 2016 9:34:51 AM okhttp3.mockwebserver.MockWebServer$3 acceptConnections
INFO: MockWebServer[49930] done accepting connections: Socket closed
Apr 15, 2016 9:34:51 AM okhttp3.mockwebserver.MockWebServer$3 execute
INFO: MockWebServer[57032] starting to accept connections
Apr 15, 2016 9:34:51 AM okhttp3.mockwebserver.MockWebServer$3 acceptConnections
INFO: MockWebServer[57032] done accepting connections: Socket closed
Apr 15, 2016 9:34:51 AM okhttp3.mockwebserver.MockWebServer$4 processOneRequest
INFO: MockWebServer[57032] received request: GET / HTTP/1.1 and responded: HTTP/1.1 200 OK
Apr 15, 2016 9:34:51 AM okhttp3.mockwebserver.MockWebServer$3 execute
INFO: MockWebServer[53659] starting to accept connections
Apr 15, 2016 9:34:51 AM okhttp3.mockwebserver.MockWebServer$3 acceptConnections
INFO: MockWebServer[53659] done accepting connections: Socket closed
Apr 15, 2016 9:34:51 AM okhttp3.mockwebserver.MockWebServer$4 processOneRequest
INFO: MockWebServer[53659] received request: GET / HTTP/1.1 and responded: HTTP/1.1 200 OK
Apr 15, 2016 9:34:51 AM okhttp3.mockwebserver.MockWebServer$3 execute
INFO: MockWebServer[36667] starting to accept connections
Apr 15, 2016 9:34:51 AM okhttp3.mockwebserver.MockWebServer$3 acceptConnections
INFO: MockWebServer[36667] done accepting connections: Socket closed
Apr 15, 2016 9:34:51 AM okhttp3.mockwebserver.MockWebServer$4 processOneRequest
INFO: MockWebServer[36667] received request: GET / HTTP/1.1 and responded: HTTP/1.1 200 OK
Tests run: 34, Failures: 0, Errors: 0, Skipped: 0, Time elapsed: 2.023 sec
Running retrofit2.RequestBuilderTest
Tests run: 131, Failures: 0, Errors: 0, Skipped: 2, Time elapsed: 0.503 sec
Running retrofit2.ExecutorCallAdapterFactoryTest
Tests run: 7, Failures: 0, Errors: 0, Skipped: 0, Time elapsed: 0.14 sec
Running retrofit2.ServiceMethodTest
Tests run: 1, Failures: 0, Errors: 0, Skipped: 0, Time elapsed: 0.002 sec
Running retrofit2.RetrofitTest
Apr 15, 2016 9:34:52 AM okhttp3.mockwebserver.MockWebServer$3 execute
INFO: MockWebServer[39922] starting to accept connections
Apr 15, 2016 9:34:52 AM okhttp3.mockwebserver.MockWebServer$3 acceptConnections
INFO: MockWebServer[39922] done accepting connections: Socket closed
Apr 15, 2016 9:34:52 AM okhttp3.mockwebserver.MockWebServer$3 execute
INFO: MockWebServer[46140] starting to accept connections
Apr 15, 2016 9:34:52 AM okhttp3.mockwebserver.MockWebServer$3 acceptConnections
INFO: MockWebServer[46140] done accepting connections: Socket is closed
Apr 15, 2016 9:34:52 AM okhttp3.mockwebserver.MockWebServer$3 execute
INFO: MockWebServer[32890] starting to accept connections
Apr 15, 2016 9:34:52 AM okhttp3.mockwebserver.MockWebServer$3 acceptConnections
INFO: MockWebServer[32890] done accepting connections: Socket is closed
Apr 15, 2016 9:34:52 AM okhttp3.mockwebserver.MockWebServer$3 execute
INFO: MockWebServer[33369] starting to accept connections
Apr 15, 2016 9:34:52 AM okhttp3.mockwebserver.MockWebServer$3 acceptConnections
INFO: MockWebServer[33369] done accepting connections: Socket is closed
Apr 15, 2016 9:34:52 AM okhttp3.mockwebserver.MockWebServer$3 execute
INFO: MockWebServer[59941] starting to accept connections
Apr 15, 2016 9:34:52 AM okhttp3.mockwebserver.MockWebServer$3 acceptConnections
INFO: MockWebServer[59941] done accepting connections: Socket is closed
Apr 15, 2016 9:34:52 AM okhttp3.mockwebserver.MockWebServer$3 execute
INFO: MockWebServer[44832] starting to accept connections
Apr 15, 2016 9:34:52 AM okhttp3.mockwebserver.MockWebServer$3 acceptConnections
INFO: MockWebServer[44832] done accepting connections: Socket closed
Apr 15, 2016 9:34:52 AM okhttp3.mockwebserver.MockWebServer$4 processOneRequest
INFO: MockWebServer[44832] received request: GET / HTTP/1.1 and responded: HTTP/1.1 200 OK
Apr 15, 2016 9:34:52 AM okhttp3.mockwebserver.MockWebServer$3 execute
INFO: MockWebServer[48628] starting to accept connections
Apr 15, 2016 9:34:52 AM okhttp3.mockwebserver.MockWebServer$3 acceptConnections
INFO: MockWebServer[48628] done accepting connections: Socket is closed
Apr 15, 2016 9:34:52 AM okhttp3.mockwebserver.MockWebServer$3 execute
INFO: MockWebServer[37509] starting to accept connections
Apr 15, 2016 9:34:52 AM okhttp3.mockwebserver.MockWebServer$3 acceptConnections
INFO: MockWebServer[37509] done accepting connections: Socket is closed
Apr 15, 2016 9:34:52 AM okhttp3.mockwebserver.MockWebServer$3 execute
INFO: MockWebServer[39833] starting to accept connections
Apr 15, 2016 9:34:52 AM okhttp3.mockwebserver.MockWebServer$3 acceptConnections
INFO: MockWebServer[39833] done accepting connections: Socket is closed
Apr 15, 2016 9:34:52 AM okhttp3.mockwebserver.MockWebServer$3 execute
INFO: MockWebServer[57678] starting to accept connections
Apr 15, 2016 9:34:52 AM okhttp3.mockwebserver.MockWebServer$3 acceptConnections
INFO: MockWebServer[57678] done accepting connections: Socket is closed
Apr 15, 2016 9:34:52 AM okhttp3.mockwebserver.MockWebServer$3 execute
INFO: MockWebServer[49892] starting to accept connections
Apr 15, 2016 9:34:52 AM okhttp3.mockwebserver.MockWebServer$3 acceptConnections
INFO: MockWebServer[49892] done accepting connections: Socket is closed
Apr 15, 2016 9:34:52 AM okhttp3.mockwebserver.MockWebServer$3 execute
INFO: MockWebServer[49610] starting to accept connections
Apr 15, 2016 9:34:52 AM okhttp3.mockwebserver.MockWebServer$3 acceptConnections
INFO: MockWebServer[49610] done accepting connections: Socket is closed
Apr 15, 2016 9:34:52 AM okhttp3.mockwebserver.MockWebServer$3 execute
INFO: MockWebServer[37983] starting to accept connections
Apr 15, 2016 9:34:52 AM okhttp3.mockwebserver.MockWebServer$3 acceptConnections
INFO: MockWebServer[37983] done accepting connections: Socket is closed
Apr 15, 2016 9:34:52 AM okhttp3.mockwebserver.MockWebServer$3 execute
INFO: MockWebServer[46455] starting to accept connections
Apr 15, 2016 9:34:52 AM okhttp3.mockwebserver.MockWebServer$3 acceptConnections
INFO: MockWebServer[46455] done accepting connections: Socket is closed
Apr 15, 2016 9:34:52 AM okhttp3.mockwebserver.MockWebServer$3 execute
INFO: MockWebServer[38900] starting to accept connections
Apr 15, 2016 9:34:52 AM okhttp3.mockwebserver.MockWebServer$3 acceptConnections
INFO: MockWebServer[38900] done accepting connections: Socket closed
Apr 15, 2016 9:34:52 AM okhttp3.mockwebserver.MockWebServer$3 execute
INFO: MockWebServer[37934] starting to accept connections
Apr 15, 2016 9:34:52 AM okhttp3.mockwebserver.MockWebServer$3 acceptConnections
INFO: MockWebServer[37934] done accepting connections: Socket closed
Apr 15, 2016 9:34:52 AM okhttp3.mockwebserver.MockWebServer$4 processOneRequest
INFO: MockWebServer[37934] received request: GET / HTTP/1.1 and responded: HTTP/1.1 200 OK
Apr 15, 2016 9:34:52 AM okhttp3.mockwebserver.MockWebServer$3 execute
INFO: MockWebServer[36943] starting to accept connections
Apr 15, 2016 9:34:52 AM okhttp3.mockwebserver.MockWebServer$3 acceptConnections
INFO: MockWebServer[36943] done accepting connections: Socket is closed
Apr 15, 2016 9:34:52 AM okhttp3.mockwebserver.MockWebServer$3 execute
INFO: MockWebServer[52207] starting to accept connections
Apr 15, 2016 9:34:52 AM okhttp3.mockwebserver.MockWebServer$3 acceptConnections
INFO: MockWebServer[52207] done accepting connections: Socket is closed
Apr 15, 2016 9:34:52 AM okhttp3.mockwebserver.MockWebServer$3 execute
INFO: MockWebServer[40387] starting to accept connections
Apr 15, 2016 9:34:52 AM okhttp3.mockwebserver.MockWebServer$3 acceptConnections
INFO: MockWebServer[40387] done accepting connections: Socket closed
Apr 15, 2016 9:34:52 AM okhttp3.mockwebserver.MockWebServer$4 processOneRequest
INFO: MockWebServer[40387] received request: GET / HTTP/1.1 and responded: HTTP/1.1 200 OK
Apr 15, 2016 9:34:52 AM okhttp3.mockwebserver.MockWebServer$3 execute
INFO: MockWebServer[52272] starting to accept connections
Apr 15, 2016 9:34:52 AM okhttp3.mockwebserver.MockWebServer$3 acceptConnections
INFO: MockWebServer[52272] done accepting connections: Socket closed
Apr 15, 2016 9:34:52 AM okhttp3.mockwebserver.MockWebServer$3 execute
INFO: MockWebServer[34757] starting to accept connections
Apr 15, 2016 9:34:52 AM okhttp3.mockwebserver.MockWebServer$3 acceptConnections
INFO: MockWebServer[34757] done accepting connections: Socket closed
Apr 15, 2016 9:34:52 AM okhttp3.mockwebserver.MockWebServer$4 processOneRequest
INFO: MockWebServer[34757] received request: POST / HTTP/1.1 and responded: HTTP/1.1 200 OK
Apr 15, 2016 9:34:52 AM okhttp3.mockwebserver.MockWebServer$3 execute
INFO: MockWebServer[41980] starting to accept connections
Apr 15, 2016 9:34:52 AM okhttp3.mockwebserver.MockWebServer$3 acceptConnections
INFO: MockWebServer[41980] done accepting connections: Socket is closed
Apr 15, 2016 9:34:52 AM okhttp3.mockwebserver.MockWebServer$3 execute
INFO: MockWebServer[45607] starting to accept connections
Apr 15, 2016 9:34:52 AM okhttp3.mockwebserver.MockWebServer$3 acceptConnections
INFO: MockWebServer[45607] done accepting connections: Socket is closed
Apr 15, 2016 9:34:52 AM okhttp3.mockwebserver.MockWebServer$3 execute
INFO: MockWebServer[39176] starting to accept connections
Apr 15, 2016 9:34:52 AM okhttp3.mockwebserver.MockWebServer$3 acceptConnections
INFO: MockWebServer[39176] done accepting connections: Socket is closed
Apr 15, 2016 9:34:52 AM okhttp3.mockwebserver.MockWebServer$3 execute
INFO: MockWebServer[44218] starting to accept connections
Apr 15, 2016 9:34:52 AM okhttp3.mockwebserver.MockWebServer$3 acceptConnections
INFO: MockWebServer[44218] done accepting connections: Socket is closed
Apr 15, 2016 9:34:52 AM okhttp3.mockwebserver.MockWebServer$3 execute
INFO: MockWebServer[36736] starting to accept connections
Apr 15, 2016 9:34:52 AM okhttp3.mockwebserver.MockWebServer$3 acceptConnections
INFO: MockWebServer[36736] done accepting connections: Socket is closed
Apr 15, 2016 9:34:52 AM okhttp3.mockwebserver.MockWebServer$3 execute
INFO: MockWebServer[50623] starting to accept connections
Apr 15, 2016 9:34:52 AM okhttp3.mockwebserver.MockWebServer$3 acceptConnections
INFO: MockWebServer[50623] done accepting connections: Socket is closed
Apr 15, 2016 9:34:52 AM okhttp3.mockwebserver.MockWebServer$3 execute
INFO: MockWebServer[49395] starting to accept connections
Apr 15, 2016 9:34:52 AM okhttp3.mockwebserver.MockWebServer$3 acceptConnections
INFO: MockWebServer[49395] done accepting connections: Socket is closed
Apr 15, 2016 9:34:52 AM okhttp3.mockwebserver.MockWebServer$3 execute
INFO: MockWebServer[46732] starting to accept connections
Apr 15, 2016 9:34:52 AM okhttp3.mockwebserver.MockWebServer$3 acceptConnections
INFO: MockWebServer[46732] done accepting connections: Socket closed
Apr 15, 2016 9:34:52 AM okhttp3.mockwebserver.MockWebServer$4 processOneRequest
INFO: MockWebServer[46732] received request: GET / HTTP/1.1 and responded: HTTP/1.1 200 OK
Apr 15, 2016 9:34:52 AM okhttp3.mockwebserver.MockWebServer$3 execute
INFO: MockWebServer[53783] starting to accept connections
Apr 15, 2016 9:34:52 AM okhttp3.mockwebserver.MockWebServer$3 acceptConnections
INFO: MockWebServer[53783] done accepting connections: Socket is closed
Apr 15, 2016 9:34:52 AM okhttp3.mockwebserver.MockWebServer$3 execute
INFO: MockWebServer[51398] starting to accept connections
Apr 15, 2016 9:34:52 AM okhttp3.mockwebserver.MockWebServer$3 acceptConnections
INFO: MockWebServer[51398] done accepting connections: Socket is closed
Apr 15, 2016 9:34:52 AM okhttp3.mockwebserver.MockWebServer$3 execute
INFO: MockWebServer[53482] starting to accept connections
Apr 15, 2016 9:34:52 AM okhttp3.mockwebserver.MockWebServer$3 acceptConnections
INFO: MockWebServer[53482] done accepting connections: Socket is closed
Apr 15, 2016 9:34:52 AM okhttp3.mockwebserver.MockWebServer$3 execute
INFO: MockWebServer[46420] starting to accept connections
Apr 15, 2016 9:34:52 AM okhttp3.mockwebserver.MockWebServer$3 acceptConnections
INFO: MockWebServer[46420] done accepting connections: Socket is closed
Apr 15, 2016 9:34:52 AM okhttp3.mockwebserver.MockWebServer$3 execute
INFO: MockWebServer[45239] starting to accept connections
Apr 15, 2016 9:34:52 AM okhttp3.mockwebserver.MockWebServer$4 processOneRequest
INFO: MockWebServer[45239] received request: GET / HTTP/1.1 and responded: HTTP/1.1 200 OK
Apr 15, 2016 9:34:52 AM okhttp3.mockwebserver.MockWebServer$4 processOneRequest
INFO: MockWebServer[45239] received request: GET / HTTP/1.1 and responded: HTTP/1.1 200 OK
Apr 15, 2016 9:34:52 AM okhttp3.mockwebserver.MockWebServer$3 acceptConnections
INFO: MockWebServer[45239] done accepting connections: Socket closed
Apr 15, 2016 9:34:52 AM okhttp3.mockwebserver.MockWebServer$3 execute
INFO: MockWebServer[50523] starting to accept connections
Apr 15, 2016 9:34:52 AM okhttp3.mockwebserver.MockWebServer$3 acceptConnections
INFO: MockWebServer[50523] done accepting connections: Socket is closed
Apr 15, 2016 9:34:52 AM okhttp3.mockwebserver.MockWebServer$3 execute
INFO: MockWebServer[49717] starting to accept connections
Apr 15, 2016 9:34:52 AM okhttp3.mockwebserver.MockWebServer$3 acceptConnections
INFO: MockWebServer[49717] done accepting connections: Socket is closed
Apr 15, 2016 9:34:52 AM okhttp3.mockwebserver.MockWebServer$3 execute
INFO: MockWebServer[53830] starting to accept connections
Apr 15, 2016 9:34:52 AM okhttp3.mockwebserver.MockWebServer$3 acceptConnections
INFO: MockWebServer[53830] done accepting connections: Socket is closed
Apr 15, 2016 9:34:52 AM okhttp3.mockwebserver.MockWebServer$3 execute
INFO: MockWebServer[40629] starting to accept connections
Apr 15, 2016 9:34:52 AM okhttp3.mockwebserver.MockWebServer$3 acceptConnections
INFO: MockWebServer[40629] done accepting connections: Socket is closed
Apr 15, 2016 9:34:52 AM okhttp3.mockwebserver.MockWebServer$3 execute
INFO: MockWebServer[46714] starting to accept connections
Apr 15, 2016 9:34:52 AM okhttp3.mockwebserver.MockWebServer$3 acceptConnections
INFO: MockWebServer[46714] done accepting connections: Socket is closed
Apr 15, 2016 9:34:52 AM okhttp3.mockwebserver.MockWebServer$3 execute
INFO: MockWebServer[41498] starting to accept connections
Apr 15, 2016 9:34:52 AM okhttp3.mockwebserver.MockWebServer$3 acceptConnections
INFO: MockWebServer[41498] done accepting connections: Socket is closed
Apr 15, 2016 9:34:52 AM okhttp3.mockwebserver.MockWebServer$3 execute
INFO: MockWebServer[34441] starting to accept connections
Apr 15, 2016 9:34:52 AM okhttp3.mockwebserver.MockWebServer$3 acceptConnections
INFO: MockWebServer[34441] done accepting connections: Socket closed
Apr 15, 2016 9:34:52 AM okhttp3.mockwebserver.MockWebServer$3 execute
INFO: MockWebServer[56324] starting to accept connections
Apr 15, 2016 9:34:52 AM okhttp3.mockwebserver.MockWebServer$3 acceptConnections
INFO: MockWebServer[56324] done accepting connections: Socket is closed
Apr 15, 2016 9:34:52 AM okhttp3.mockwebserver.MockWebServer$3 execute
INFO: MockWebServer[57572] starting to accept connections
Apr 15, 2016 9:34:52 AM okhttp3.mockwebserver.MockWebServer$3 acceptConnections
INFO: MockWebServer[57572] done accepting connections: Socket closed
Apr 15, 2016 9:34:52 AM okhttp3.mockwebserver.MockWebServer$3 execute
INFO: MockWebServer[55014] starting to accept connections
Apr 15, 2016 9:34:52 AM okhttp3.mockwebserver.MockWebServer$3 acceptConnections
INFO: MockWebServer[55014] done accepting connections: Socket is closed
Apr 15, 2016 9:34:52 AM okhttp3.mockwebserver.MockWebServer$3 execute
INFO: MockWebServer[50316] starting to accept connections
Apr 15, 2016 9:34:52 AM okhttp3.mockwebserver.MockWebServer$3 acceptConnections
INFO: MockWebServer[50316] done accepting connections: Socket closed
Apr 15, 2016 9:34:52 AM okhttp3.mockwebserver.MockWebServer$3 execute
INFO: MockWebServer[60364] starting to accept connections
Apr 15, 2016 9:34:52 AM okhttp3.mockwebserver.MockWebServer$3 acceptConnections
INFO: MockWebServer[60364] done accepting connections: Socket is closed
Apr 15, 2016 9:34:52 AM okhttp3.mockwebserver.MockWebServer$3 execute
INFO: MockWebServer[35451] starting to accept connections
Apr 15, 2016 9:34:52 AM okhttp3.mockwebserver.MockWebServer$4 processOneRequest
INFO: MockWebServer[35451] received request: GET /?i=101 HTTP/1.1 and responded: HTTP/1.1 200 OK
Apr 15, 2016 9:34:52 AM okhttp3.mockwebserver.MockWebServer$4 processOneRequest
INFO: MockWebServer[35451] received request: GET /?i=201 HTTP/1.1 and responded: HTTP/1.1 200 OK
Apr 15, 2016 9:34:52 AM okhttp3.mockwebserver.MockWebServer$3 acceptConnections
INFO: MockWebServer[35451] done accepting connections: Socket closed
Apr 15, 2016 9:34:52 AM okhttp3.mockwebserver.MockWebServer$3 execute
INFO: MockWebServer[42925] starting to accept connections
Apr 15, 2016 9:34:52 AM okhttp3.mockwebserver.MockWebServer$3 acceptConnections
INFO: MockWebServer[42925] done accepting connections: Socket is closed
Apr 15, 2016 9:34:53 AM okhttp3.mockwebserver.MockWebServer$3 execute
INFO: MockWebServer[55938] starting to accept connections
Apr 15, 2016 9:34:53 AM okhttp3.mockwebserver.MockWebServer$3 acceptConnections
INFO: MockWebServer[55938] done accepting connections: Socket closed
Apr 15, 2016 9:34:53 AM okhttp3.mockwebserver.MockWebServer$3 execute
INFO: MockWebServer[55595] starting to accept connections
Apr 15, 2016 9:34:53 AM okhttp3.mockwebserver.MockWebServer$3 acceptConnections
INFO: MockWebServer[55595] done accepting connections: Socket is closed
Apr 15, 2016 9:34:53 AM okhttp3.mockwebserver.MockWebServer$3 execute
INFO: MockWebServer[45780] starting to accept connections
Apr 15, 2016 9:34:53 AM okhttp3.mockwebserver.MockWebServer$3 acceptConnections
INFO: MockWebServer[45780] done accepting connections: Socket is closed
Apr 15, 2016 9:34:53 AM okhttp3.mockwebserver.MockWebServer$3 execute
INFO: MockWebServer[57823] starting to accept connections
Apr 15, 2016 9:34:53 AM okhttp3.mockwebserver.MockWebServer$3 acceptConnections
INFO: MockWebServer[57823] done accepting connections: Socket is closed
Apr 15, 2016 9:34:53 AM okhttp3.mockwebserver.MockWebServer$3 execute
INFO: MockWebServer[54239] starting to accept connections
Apr 15, 2016 9:34:53 AM okhttp3.mockwebserver.MockWebServer$3 acceptConnections
INFO: MockWebServer[54239] done accepting connections: Socket is closed
Apr 15, 2016 9:34:53 AM okhttp3.mockwebserver.MockWebServer$3 execute
INFO: MockWebServer[37676] starting to accept connections
Apr 15, 2016 9:34:53 AM okhttp3.mockwebserver.MockWebServer$3 acceptConnections
INFO: MockWebServer[37676] done accepting connections: Socket closed
Apr 15, 2016 9:34:53 AM okhttp3.mockwebserver.MockWebServer$3 execute
INFO: MockWebServer[43820] starting to accept connections
Apr 15, 2016 9:34:53 AM okhttp3.mockwebserver.MockWebServer$3 acceptConnections
INFO: MockWebServer[43820] done accepting connections: Socket is closed
Apr 15, 2016 9:34:53 AM okhttp3.mockwebserver.MockWebServer$3 execute
INFO: MockWebServer[48384] starting to accept connections
Apr 15, 2016 9:34:53 AM okhttp3.mockwebserver.MockWebServer$3 acceptConnections
INFO: MockWebServer[48384] done accepting connections: Socket closed
Apr 15, 2016 9:34:53 AM okhttp3.mockwebserver.MockWebServer$3 execute
INFO: MockWebServer[59741] starting to accept connections
Apr 15, 2016 9:34:53 AM okhttp3.mockwebserver.MockWebServer$3 acceptConnections
INFO: MockWebServer[59741] done accepting connections: Socket is closed
Apr 15, 2016 9:34:53 AM okhttp3.mockwebserver.MockWebServer$3 execute
INFO: MockWebServer[38632] starting to accept connections
Apr 15, 2016 9:34:53 AM okhttp3.mockwebserver.MockWebServer$3 acceptConnections
INFO: MockWebServer[38632] done accepting connections: Socket is closed
Apr 15, 2016 9:34:53 AM okhttp3.mockwebserver.MockWebServer$3 execute
INFO: MockWebServer[42166] starting to accept connections
Apr 15, 2016 9:34:53 AM okhttp3.mockwebserver.MockWebServer$3 acceptConnections
INFO: MockWebServer[42166] done accepting connections: Socket is closed
Apr 15, 2016 9:34:53 AM okhttp3.mockwebserver.MockWebServer$3 execute
INFO: MockWebServer[35020] starting to accept connections
Apr 15, 2016 9:34:53 AM okhttp3.mockwebserver.MockWebServer$3 acceptConnections
INFO: MockWebServer[35020] done accepting connections: Socket closed
Apr 15, 2016 9:34:53 AM okhttp3.mockwebserver.MockWebServer$3 execute
INFO: MockWebServer[47169] starting to accept connections
Apr 15, 2016 9:34:53 AM okhttp3.mockwebserver.MockWebServer$3 acceptConnections
INFO: MockWebServer[47169] done accepting connections: Socket is closed
Apr 15, 2016 9:34:53 AM okhttp3.mockwebserver.MockWebServer$3 execute
INFO: MockWebServer[51338] starting to accept connections
Apr 15, 2016 9:34:53 AM okhttp3.mockwebserver.MockWebServer$3 acceptConnections
INFO: MockWebServer[51338] done accepting connections: Socket is closed
Apr 15, 2016 9:34:53 AM okhttp3.mockwebserver.MockWebServer$3 execute
INFO: MockWebServer[50954] starting to accept connections
Apr 15, 2016 9:34:53 AM okhttp3.mockwebserver.MockWebServer$3 acceptConnections
INFO: MockWebServer[50954] done accepting connections: Socket is closed
Apr 15, 2016 9:34:53 AM okhttp3.mockwebserver.MockWebServer$3 execute
INFO: MockWebServer[56882] starting to accept connections
Apr 15, 2016 9:34:53 AM okhttp3.mockwebserver.MockWebServer$3 acceptConnections
INFO: MockWebServer[56882] done accepting connections: Socket is closed
Tests run: 64, Failures: 0, Errors: 0, Skipped: 0, Time elapsed: 1.321 sec
Running retrofit2.RequestBuilderAndroidTest
WARNING: No manifest file found at ./AndroidManifest.xml.Falling back to the Android OS resources only.
To remove this warning, annotate your test class with @Config(manifest=Config.NONE).
WARNING: No manifest file found at ./AndroidManifest.xml.Falling back to the Android OS resources only.
To remove this warning, annotate your test class with @Config(manifest=Config.NONE).
Tests run: 2, Failures: 0, Errors: 0, Skipped: 0, Time elapsed: 10.4 sec
Running retrofit2.CallAdapterTest
Tests run: 4, Failures: 0, Errors: 0, Skipped: 0, Time elapsed: 0.041 sec
Running retrofit2.ResponseTest
Tests run: 14, Failures: 0, Errors: 0, Skipped: 0, Time elapsed: 0.086 sec

Results :

Tests run: 257, Failures: 0, Errors: 0, Skipped: 2

[INFO] 
[INFO] --- animal-sniffer-maven-plugin:1.14:check (default) @ retrofit ---
[INFO] Checking unresolved references to org.codehaus.mojo.signature:java16:1.1
[INFO]                                                                         
[INFO] ------------------------------------------------------------------------
[INFO] Building Adapters 2.0.3-SNAPSHOT
[INFO] ------------------------------------------------------------------------
[INFO] 
[INFO] --- maven-enforcer-plugin:1.0:enforce (enforce-maven) @ retrofit-adapters ---
[INFO] 
[INFO] --- animal-sniffer-maven-plugin:1.14:check (default) @ retrofit-adapters ---
[INFO] Checking unresolved references to org.codehaus.mojo.signature:java16:1.1
[INFO]                                                                         
[INFO] ------------------------------------------------------------------------
[INFO] Building Adapter: Guava 2.0.3-SNAPSHOT
[INFO] ------------------------------------------------------------------------
[INFO] 
[INFO] --- maven-enforcer-plugin:1.0:enforce (enforce-maven) @ adapter-guava ---
[INFO] 
[INFO] --- maven-resources-plugin:2.6:resources (default-resources) @ adapter-guava ---
[INFO] Using 'UTF-8' encoding to copy filtered resources.
[INFO] skip non existing resourceDirectory /home/travis/build/square/retrofit/retrofit-adapters/guava/src/main/resources
[INFO] 
[INFO] --- maven-compiler-plugin:3.0:compile (default-compile) @ adapter-guava ---
[INFO] Changes detected - recompiling the module!
[INFO] Compiling 2 source files to /home/travis/build/square/retrofit/retrofit-adapters/guava/target/classes
[INFO] 
[INFO] --- maven-resources-plugin:2.6:testResources (default-testResources) @ adapter-guava ---
[INFO] Using 'UTF-8' encoding to copy filtered resources.
[INFO] skip non existing resourceDirectory /home/travis/build/square/retrofit/retrofit-adapters/guava/src/test/resources
[INFO] 
[INFO] --- maven-compiler-plugin:3.0:testCompile (default-testCompile) @ adapter-guava ---
[INFO] Changes detected - recompiling the module!
[INFO] Compiling 3 source files to /home/travis/build/square/retrofit/retrofit-adapters/guava/target/test-classes
[INFO] 
[INFO] --- maven-surefire-plugin:2.12.4:test (default-test) @ adapter-guava ---
[INFO] Surefire report directory: /home/travis/build/square/retrofit/retrofit-adapters/guava/target/surefire-reports

-------------------------------------------------------
 T E S T S
-------------------------------------------------------
Running retrofit2.adapter.guava.ListenableFutureTest
Apr 15, 2016 9:35:06 AM okhttp3.mockwebserver.MockWebServer$3 execute
INFO: MockWebServer[54492] starting to accept connections
Apr 15, 2016 9:35:06 AM okhttp3.mockwebserver.MockWebServer$4 processOneRequest
INFO: MockWebServer[54492] received request: GET / HTTP/1.1 and responded: HTTP/1.1 200 OK
Apr 15, 2016 9:35:06 AM okhttp3.mockwebserver.MockWebServer$3 acceptConnections
INFO: MockWebServer[54492] done accepting connections: Socket closed
Apr 15, 2016 9:35:06 AM okhttp3.mockwebserver.MockWebServer$3 execute
INFO: MockWebServer[54799] starting to accept connections
Apr 15, 2016 9:35:06 AM okhttp3.mockwebserver.MockWebServer$4 processOneRequest
INFO: MockWebServer[54799] received request: GET / HTTP/1.1 and responded: HTTP/1.1 404 Client Error
Apr 15, 2016 9:35:06 AM okhttp3.mockwebserver.MockWebServer$3 acceptConnections
INFO: MockWebServer[54799] done accepting connections: Socket closed
Apr 15, 2016 9:35:06 AM okhttp3.mockwebserver.MockWebServer$3 execute
INFO: MockWebServer[37617] starting to accept connections
Apr 15, 2016 9:35:06 AM okhttp3.mockwebserver.MockWebServer$4 processConnection
WARNING: MockWebServer[37617] connection from /127.0.0.1 didn't make a request
Apr 15, 2016 9:35:06 AM okhttp3.mockwebserver.MockWebServer$3 acceptConnections
INFO: MockWebServer[37617] done accepting connections: Socket closed
Apr 15, 2016 9:35:06 AM okhttp3.mockwebserver.MockWebServer$3 execute
INFO: MockWebServer[36206] starting to accept connections
Apr 15, 2016 9:35:06 AM okhttp3.mockwebserver.MockWebServer$4 processOneRequest
INFO: MockWebServer[36206] received request: GET / HTTP/1.1 and responded: HTTP/1.1 200 OK
Apr 15, 2016 9:35:06 AM okhttp3.mockwebserver.MockWebServer$3 acceptConnections
INFO: MockWebServer[36206] done accepting connections: Socket closed
Apr 15, 2016 9:35:06 AM okhttp3.mockwebserver.MockWebServer$3 execute
INFO: MockWebServer[59089] starting to accept connections
Apr 15, 2016 9:35:06 AM okhttp3.mockwebserver.MockWebServer$4 processOneRequest
INFO: MockWebServer[59089] received request: GET / HTTP/1.1 and responded: HTTP/1.1 404 Client Error
Apr 15, 2016 9:35:06 AM okhttp3.mockwebserver.MockWebServer$3 acceptConnections
INFO: MockWebServer[59089] done accepting connections: Socket closed
Apr 15, 2016 9:35:06 AM okhttp3.mockwebserver.MockWebServer$3 execute
INFO: MockWebServer[45441] starting to accept connections
Apr 15, 2016 9:35:06 AM okhttp3.mockwebserver.MockWebServer$4 processConnection
WARNING: MockWebServer[45441] connection from /127.0.0.1 didn't make a request
Apr 15, 2016 9:35:06 AM okhttp3.mockwebserver.MockWebServer$3 acceptConnections
INFO: MockWebServer[45441] done accepting connections: Socket closed
Tests run: 6, Failures: 0, Errors: 0, Skipped: 0, Time elapsed: 0.694 sec
Running retrofit2.adapter.guava.GuavaCallAdapterFactoryTest
Apr 15, 2016 9:35:06 AM okhttp3.mockwebserver.MockWebServer$3 execute
INFO: MockWebServer[57952] starting to accept connections
Apr 15, 2016 9:35:06 AM okhttp3.mockwebserver.MockWebServer$3 acceptConnections
INFO: MockWebServer[57952] done accepting connections: Socket closed
Apr 15, 2016 9:35:06 AM okhttp3.mockwebserver.MockWebServer$3 execute
INFO: MockWebServer[55921] starting to accept connections
Apr 15, 2016 9:35:06 AM okhttp3.mockwebserver.MockWebServer$3 acceptConnections
INFO: MockWebServer[55921] done accepting connections: Socket is closed
Apr 15, 2016 9:35:06 AM okhttp3.mockwebserver.MockWebServer$3 execute
INFO: MockWebServer[49167] starting to accept connections
Apr 15, 2016 9:35:06 AM okhttp3.mockwebserver.MockWebServer$3 acceptConnections
INFO: MockWebServer[49167] done accepting connections: Socket closed
Apr 15, 2016 9:35:06 AM okhttp3.mockwebserver.MockWebServer$3 execute
INFO: MockWebServer[43445] starting to accept connections
Apr 15, 2016 9:35:06 AM okhttp3.mockwebserver.MockWebServer$3 acceptConnections
INFO: MockWebServer[43445] done accepting connections: Socket is closed
Tests run: 4, Failures: 0, Errors: 0, Skipped: 0, Time elapsed: 0.049 sec

Results :

Tests run: 10, Failures: 0, Errors: 0, Skipped: 0

[INFO] 
[INFO] --- animal-sniffer-maven-plugin:1.14:check (default) @ adapter-guava ---
[INFO] Checking unresolved references to org.codehaus.mojo.signature:java16:1.1
[INFO]                                                                         
[INFO] ------------------------------------------------------------------------
[INFO] Building Adapter: Java 8 2.0.3-SNAPSHOT
[INFO] ------------------------------------------------------------------------
[INFO] 
[INFO] --- maven-enforcer-plugin:1.0:enforce (enforce-maven) @ adapter-java8 ---
[INFO] 
[INFO] --- maven-resources-plugin:2.6:resources (default-resources) @ adapter-java8 ---
[INFO] Using 'UTF-8' encoding to copy filtered resources.
[INFO] skip non existing resourceDirectory /home/travis/build/square/retrofit/retrofit-adapters/java8/src/main/resources
[INFO] 
[INFO] --- maven-compiler-plugin:3.0:compile (default-compile) @ adapter-java8 ---
[INFO] Changes detected - recompiling the module!
[INFO] Compiling 2 source files to /home/travis/build/square/retrofit/retrofit-adapters/java8/target/classes
[INFO] 
[INFO] --- maven-resources-plugin:2.6:testResources (default-testResources) @ adapter-java8 ---
[INFO] Using 'UTF-8' encoding to copy filtered resources.
[INFO] skip non existing resourceDirectory /home/travis/build/square/retrofit/retrofit-adapters/java8/src/test/resources
[INFO] 
[INFO] --- maven-compiler-plugin:3.0:testCompile (default-testCompile) @ adapter-java8 ---
[INFO] Changes detected - recompiling the module!
[INFO] Compiling 3 source files to /home/travis/build/square/retrofit/retrofit-adapters/java8/target/test-classes
[INFO] 
[INFO] --- maven-surefire-plugin:2.12.4:test (default-test) @ adapter-java8 ---
[INFO] Surefire report directory: /home/travis/build/square/retrofit/retrofit-adapters/java8/target/surefire-reports

-------------------------------------------------------
 T E S T S
-------------------------------------------------------
Running retrofit2.adapter.java8.Java8CallAdapterFactoryTest
Apr 15, 2016 9:35:08 AM okhttp3.mockwebserver.MockWebServer$3 execute
INFO: MockWebServer[48515] starting to accept connections
Apr 15, 2016 9:35:09 AM okhttp3.mockwebserver.MockWebServer$3 acceptConnections
INFO: MockWebServer[48515] done accepting connections: Socket closed
Apr 15, 2016 9:35:09 AM okhttp3.mockwebserver.MockWebServer$3 execute
INFO: MockWebServer[35183] starting to accept connections
Apr 15, 2016 9:35:09 AM okhttp3.mockwebserver.MockWebServer$3 acceptConnections
INFO: MockWebServer[35183] done accepting connections: Socket closed
Apr 15, 2016 9:35:09 AM okhttp3.mockwebserver.MockWebServer$3 execute
INFO: MockWebServer[53680] starting to accept connections
Apr 15, 2016 9:35:09 AM okhttp3.mockwebserver.MockWebServer$3 acceptConnections
INFO: MockWebServer[53680] done accepting connections: Socket closed
Apr 15, 2016 9:35:09 AM okhttp3.mockwebserver.MockWebServer$3 execute
INFO: MockWebServer[46090] starting to accept connections
Apr 15, 2016 9:35:09 AM okhttp3.mockwebserver.MockWebServer$3 acceptConnections
INFO: MockWebServer[46090] done accepting connections: Socket is closed
Tests run: 4, Failures: 0, Errors: 0, Skipped: 0, Time elapsed: 0.808 sec
Running retrofit2.adapter.java8.CompletableFutureTest
Apr 15, 2016 9:35:09 AM okhttp3.mockwebserver.MockWebServer$3 execute
INFO: MockWebServer[43823] starting to accept connections
Apr 15, 2016 9:35:09 AM okhttp3.mockwebserver.MockWebServer$4 processOneRequest
INFO: MockWebServer[43823] received request: GET / HTTP/1.1 and responded: HTTP/1.1 200 OK
Apr 15, 2016 9:35:09 AM okhttp3.mockwebserver.MockWebServer$3 acceptConnections
INFO: MockWebServer[43823] done accepting connections: Socket closed
Apr 15, 2016 9:35:09 AM okhttp3.mockwebserver.MockWebServer$3 execute
INFO: MockWebServer[57244] starting to accept connections
Apr 15, 2016 9:35:09 AM okhttp3.mockwebserver.MockWebServer$4 processOneRequest
INFO: MockWebServer[57244] received request: GET / HTTP/1.1 and responded: HTTP/1.1 404 Client Error
Apr 15, 2016 9:35:09 AM okhttp3.mockwebserver.MockWebServer$3 acceptConnections
INFO: MockWebServer[57244] done accepting connections: Socket closed
Apr 15, 2016 9:35:09 AM okhttp3.mockwebserver.MockWebServer$3 execute
INFO: MockWebServer[46887] starting to accept connections
Apr 15, 2016 9:35:09 AM okhttp3.mockwebserver.MockWebServer$4 processConnection
WARNING: MockWebServer[46887] connection from /127.0.0.1 didn't make a request
Apr 15, 2016 9:35:09 AM okhttp3.mockwebserver.MockWebServer$3 acceptConnections
INFO: MockWebServer[46887] done accepting connections: Socket closed
Apr 15, 2016 9:35:09 AM okhttp3.mockwebserver.MockWebServer$3 execute
INFO: MockWebServer[47094] starting to accept connections
Apr 15, 2016 9:35:09 AM okhttp3.mockwebserver.MockWebServer$4 processOneRequest
INFO: MockWebServer[47094] received request: GET / HTTP/1.1 and responded: HTTP/1.1 200 OK
Apr 15, 2016 9:35:09 AM okhttp3.mockwebserver.MockWebServer$3 acceptConnections
INFO: MockWebServer[47094] done accepting connections: Socket closed
Apr 15, 2016 9:35:09 AM okhttp3.mockwebserver.MockWebServer$3 execute
INFO: MockWebServer[42046] starting to accept connections
Apr 15, 2016 9:35:09 AM okhttp3.mockwebserver.MockWebServer$4 processOneRequest
INFO: MockWebServer[42046] received request: GET / HTTP/1.1 and responded: HTTP/1.1 404 Client Error
Apr 15, 2016 9:35:09 AM okhttp3.mockwebserver.MockWebServer$3 acceptConnections
INFO: MockWebServer[42046] done accepting connections: Socket closed
Apr 15, 2016 9:35:09 AM okhttp3.mockwebserver.MockWebServer$3 execute
INFO: MockWebServer[58695] starting to accept connections
Apr 15, 2016 9:35:09 AM okhttp3.mockwebserver.MockWebServer$4 processConnection
WARNING: MockWebServer[58695] connection from /127.0.0.1 didn't make a request
Apr 15, 2016 9:35:09 AM okhttp3.mockwebserver.MockWebServer$3 acceptConnections
INFO: MockWebServer[58695] done accepting connections: Socket closed
Tests run: 6, Failures: 0, Errors: 0, Skipped: 0, Time elapsed: 0.147 sec

Results :

Tests run: 10, Failures: 0, Errors: 0, Skipped: 0

[INFO] 
[INFO] --- animal-sniffer-maven-plugin:1.14:check (default) @ adapter-java8 ---
[INFO] Checking unresolved references to org.kaazing.mojo.signature:java18:1.0
[INFO]                                                                         
[INFO] ------------------------------------------------------------------------
[INFO] Building Adapter: RxJava 2.0.3-SNAPSHOT
[INFO] ------------------------------------------------------------------------
[INFO] 
[INFO] --- maven-enforcer-plugin:1.0:enforce (enforce-maven) @ adapter-rxjava ---
[INFO] 
[INFO] --- maven-resources-plugin:2.6:resources (default-resources) @ adapter-rxjava ---
[INFO] Using 'UTF-8' encoding to copy filtered resources.
[INFO] skip non existing resourceDirectory /home/travis/build/square/retrofit/retrofit-adapters/rxjava/src/main/resources
[INFO] 
[INFO] --- maven-compiler-plugin:3.0:compile (default-compile) @ adapter-rxjava ---
[INFO] Changes detected - recompiling the module!
[INFO] Compiling 6 source files to /home/travis/build/square/retrofit/retrofit-adapters/rxjava/target/classes
[INFO] 
[INFO] --- maven-resources-plugin:2.6:testResources (default-testResources) @ adapter-rxjava ---
[INFO] Using 'UTF-8' encoding to copy filtered resources.
[INFO] skip non existing resourceDirectory /home/travis/build/square/retrofit/retrofit-adapters/rxjava/src/test/resources
[INFO] 
[INFO] --- maven-compiler-plugin:3.0:testCompile (default-testCompile) @ adapter-rxjava ---
[INFO] Changes detected - recompiling the module!
[INFO] Compiling 9 source files to /home/travis/build/square/retrofit/retrofit-adapters/rxjava/target/test-classes
[INFO] 
[INFO] --- maven-surefire-plugin:2.12.4:test (default-test) @ adapter-rxjava ---
[INFO] Surefire report directory: /home/travis/build/square/retrofit/retrofit-adapters/rxjava/target/surefire-reports

-------------------------------------------------------
 T E S T S
-------------------------------------------------------
Running retrofit2.adapter.rxjava.ObservableSchedulerTest
Apr 15, 2016 9:35:11 AM okhttp3.mockwebserver.MockWebServer$3 execute
INFO: MockWebServer[56634] starting to accept connections
Apr 15, 2016 9:35:11 AM okhttp3.mockwebserver.MockWebServer$4 processOneRequest
INFO: MockWebServer[56634] received request: GET / HTTP/1.1 and responded: HTTP/1.1 200 OK
Apr 15, 2016 9:35:11 AM okhttp3.mockwebserver.MockWebServer$3 acceptConnections
INFO: MockWebServer[56634] done accepting connections: Socket closed
Apr 15, 2016 9:35:11 AM okhttp3.mockwebserver.MockWebServer$3 execute
INFO: MockWebServer[41294] starting to accept connections
Apr 15, 2016 9:35:11 AM okhttp3.mockwebserver.MockWebServer$3 acceptConnections
INFO: MockWebServer[41294] done accepting connections: Socket closed
Apr 15, 2016 9:35:11 AM okhttp3.mockwebserver.MockWebServer$4 processOneRequest
INFO: MockWebServer[41294] received request: GET / HTTP/1.1 and responded: HTTP/1.1 200 OK
Apr 15, 2016 9:35:11 AM okhttp3.mockwebserver.MockWebServer$3 execute
INFO: MockWebServer[34887] starting to accept connections
Apr 15, 2016 9:35:11 AM okhttp3.mockwebserver.MockWebServer$4 processOneRequest
INFO: MockWebServer[34887] received request: GET / HTTP/1.1 and responded: HTTP/1.1 200 OK
Apr 15, 2016 9:35:11 AM okhttp3.mockwebserver.MockWebServer$3 acceptConnections
INFO: MockWebServer[34887] done accepting connections: Socket closed
Tests run: 3, Failures: 0, Errors: 0, Skipped: 0, Time elapsed: 0.616 sec
Running retrofit2.adapter.rxjava.ObservableTest
Apr 15, 2016 9:35:11 AM okhttp3.mockwebserver.MockWebServer$3 execute
INFO: MockWebServer[34422] starting to accept connections
Apr 15, 2016 9:35:11 AM okhttp3.mockwebserver.MockWebServer$4 processConnection
WARNING: MockWebServer[34422] connection from /127.0.0.1 didn't make a request
Apr 15, 2016 9:35:11 AM okhttp3.mockwebserver.MockWebServer$3 acceptConnections
INFO: MockWebServer[34422] done accepting connections: Socket closed
Apr 15, 2016 9:35:11 AM okhttp3.mockwebserver.MockWebServer$3 execute
INFO: MockWebServer[54453] starting to accept connections
Apr 15, 2016 9:35:11 AM okhttp3.mockwebserver.MockWebServer$3 acceptConnections
INFO: MockWebServer[54453] done accepting connections: Socket closed
Apr 15, 2016 9:35:11 AM okhttp3.mockwebserver.MockWebServer$4 processOneRequest
INFO: MockWebServer[54453] received request: GET / HTTP/1.1 and responded: HTTP/1.1 200 OK
Apr 15, 2016 9:35:11 AM okhttp3.mockwebserver.MockWebServer$3 execute
INFO: MockWebServer[56583] starting to accept connections
Apr 15, 2016 9:35:11 AM okhttp3.mockwebserver.MockWebServer$4 processOneRequest
INFO: MockWebServer[56583] received request: GET / HTTP/1.1 and responded: HTTP/1.1 404 Client Error
Apr 15, 2016 9:35:11 AM okhttp3.mockwebserver.MockWebServer$3 acceptConnections
INFO: MockWebServer[56583] done accepting connections: Socket closed
Apr 15, 2016 9:35:11 AM okhttp3.mockwebserver.MockWebServer$3 execute
INFO: MockWebServer[39226] starting to accept connections
Apr 15, 2016 9:35:11 AM okhttp3.mockwebserver.MockWebServer$4 processOneRequest
INFO: MockWebServer[39226] received request: GET / HTTP/1.1 and responded: HTTP/1.1 200 OK
Apr 15, 2016 9:35:11 AM okhttp3.mockwebserver.MockWebServer$3 acceptConnections
INFO: MockWebServer[39226] done accepting connections: Socket closed
Apr 15, 2016 9:35:11 AM okhttp3.mockwebserver.MockWebServer$3 execute
INFO: MockWebServer[49767] starting to accept connections
Apr 15, 2016 9:35:11 AM okhttp3.mockwebserver.MockWebServer$3 acceptConnections
INFO: MockWebServer[49767] done accepting connections: Socket closed
Apr 15, 2016 9:35:11 AM okhttp3.mockwebserver.MockWebServer$4 processOneRequest
INFO: MockWebServer[49767] received request: GET / HTTP/1.1 and responded: HTTP/1.1 200 OK
Apr 15, 2016 9:35:11 AM okhttp3.mockwebserver.MockWebServer$3 execute
INFO: MockWebServer[59869] starting to accept connections
Apr 15, 2016 9:35:11 AM okhttp3.mockwebserver.MockWebServer$3 acceptConnections
INFO: MockWebServer[59869] done accepting connections: Socket closed
Apr 15, 2016 9:35:11 AM okhttp3.mockwebserver.MockWebServer$4 processConnection
WARNING: MockWebServer[59869] connection from /127.0.0.1 didn't make a request
Apr 15, 2016 9:35:11 AM okhttp3.mockwebserver.MockWebServer$3 execute
INFO: MockWebServer[38537] starting to accept connections
Apr 15, 2016 9:35:11 AM okhttp3.mockwebserver.MockWebServer$4 processOneRequest
INFO: MockWebServer[38537] received request: GET / HTTP/1.1 and responded: HTTP/1.1 200 OK
Apr 15, 2016 9:35:11 AM okhttp3.mockwebserver.MockWebServer$3 acceptConnections
INFO: MockWebServer[38537] done accepting connections: Socket closed
Apr 15, 2016 9:35:11 AM okhttp3.mockwebserver.MockWebServer$3 execute
INFO: MockWebServer[48124] starting to accept connections
Apr 15, 2016 9:35:11 AM okhttp3.mockwebserver.MockWebServer$3 acceptConnections
INFO: MockWebServer[48124] done accepting connections: Socket closed
Apr 15, 2016 9:35:11 AM okhttp3.mockwebserver.MockWebServer$4 processOneRequest
INFO: MockWebServer[48124] received request: GET / HTTP/1.1 and responded: HTTP/1.1 404 Client Error
Apr 15, 2016 9:35:11 AM okhttp3.mockwebserver.MockWebServer$3 execute
INFO: MockWebServer[52158] starting to accept connections
Apr 15, 2016 9:35:11 AM okhttp3.mockwebserver.MockWebServer$4 processConnection
WARNING: MockWebServer[52158] connection from /127.0.0.1 didn't make a request
Apr 15, 2016 9:35:11 AM okhttp3.mockwebserver.MockWebServer$3 acceptConnections
INFO: MockWebServer[52158] done accepting connections: Socket closed
Apr 15, 2016 9:35:11 AM okhttp3.mockwebserver.MockWebServer$3 execute
INFO: MockWebServer[45279] starting to accept connections
Apr 15, 2016 9:35:11 AM okhttp3.mockwebserver.MockWebServer$4 processOneRequest
INFO: MockWebServer[45279] received request: GET / HTTP/1.1 and responded: HTTP/1.1 200 OK
Apr 15, 2016 9:35:11 AM okhttp3.mockwebserver.MockWebServer$3 acceptConnections
INFO: MockWebServer[45279] done accepting connections: Socket closed
Apr 15, 2016 9:35:11 AM okhttp3.mockwebserver.MockWebServer$3 execute
INFO: MockWebServer[50337] starting to accept connections
Apr 15, 2016 9:35:11 AM okhttp3.mockwebserver.MockWebServer$4 processOneRequest
INFO: MockWebServer[50337] received request: GET / HTTP/1.1 and responded: HTTP/1.1 200 OK
Apr 15, 2016 9:35:11 AM okhttp3.mockwebserver.MockWebServer$3 acceptConnections
INFO: MockWebServer[50337] done accepting connections: Socket closed
Apr 15, 2016 9:35:11 AM okhttp3.mockwebserver.MockWebServer$3 execute
INFO: MockWebServer[58679] starting to accept connections
Apr 15, 2016 9:35:11 AM okhttp3.mockwebserver.MockWebServer$4 processOneRequest
INFO: MockWebServer[58679] received request: GET / HTTP/1.1 and responded: HTTP/1.1 404 Client Error
Apr 15, 2016 9:35:11 AM okhttp3.mockwebserver.MockWebServer$3 acceptConnections
INFO: MockWebServer[58679] done accepting connections: Socket closed
Tests run: 12, Failures: 0, Errors: 0, Skipped: 0, Time elapsed: 0.24 sec
Running retrofit2.adapter.rxjava.RxJavaCallAdapterFactoryTest
Tests run: 6, Failures: 0, Errors: 0, Skipped: 0, Time elapsed: 0.048 sec
Running retrofit2.adapter.rxjava.SingleSchedulerTest
Apr 15, 2016 9:35:11 AM okhttp3.mockwebserver.MockWebServer$3 execute
INFO: MockWebServer[39760] starting to accept connections
Apr 15, 2016 9:35:11 AM okhttp3.mockwebserver.MockWebServer$4 processOneRequest
INFO: MockWebServer[39760] received request: GET / HTTP/1.1 and responded: HTTP/1.1 200 OK
Apr 15, 2016 9:35:11 AM okhttp3.mockwebserver.MockWebServer$3 acceptConnections
INFO: MockWebServer[39760] done accepting connections: Socket closed
Apr 15, 2016 9:35:11 AM okhttp3.mockwebserver.MockWebServer$3 execute
INFO: MockWebServer[37091] starting to accept connections
Apr 15, 2016 9:35:11 AM okhttp3.mockwebserver.MockWebServer$4 processOneRequest
INFO: MockWebServer[37091] received request: GET / HTTP/1.1 and responded: HTTP/1.1 200 OK
Apr 15, 2016 9:35:11 AM okhttp3.mockwebserver.MockWebServer$3 acceptConnections
INFO: MockWebServer[37091] done accepting connections: Socket closed
Apr 15, 2016 9:35:11 AM okhttp3.mockwebserver.MockWebServer$3 execute
INFO: MockWebServer[43552] starting to accept connections
Apr 15, 2016 9:35:11 AM okhttp3.mockwebserver.MockWebServer$4 processOneRequest
INFO: MockWebServer[43552] received request: GET / HTTP/1.1 and responded: HTTP/1.1 200 OK
Apr 15, 2016 9:35:11 AM okhttp3.mockwebserver.MockWebServer$3 acceptConnections
INFO: MockWebServer[43552] done accepting connections: Socket closed
Tests run: 3, Failures: 0, Errors: 0, Skipped: 0, Time elapsed: 0.062 sec
Running retrofit2.adapter.rxjava.CompletableTest
Apr 15, 2016 9:35:11 AM okhttp3.mockwebserver.MockWebServer$3 execute
INFO: MockWebServer[45011] starting to accept connections
Apr 15, 2016 9:35:11 AM okhttp3.mockwebserver.MockWebServer$4 processOneRequest
INFO: MockWebServer[45011] received request: GET / HTTP/1.1 and responded: HTTP/1.1 200 OK
Apr 15, 2016 9:35:11 AM okhttp3.mockwebserver.MockWebServer$3 acceptConnections
INFO: MockWebServer[45011] done accepting connections: Socket closed
Apr 15, 2016 9:35:11 AM okhttp3.mockwebserver.MockWebServer$3 execute
INFO: MockWebServer[33733] starting to accept connections
Apr 15, 2016 9:35:11 AM okhttp3.mockwebserver.MockWebServer$3 acceptConnections
INFO: MockWebServer[33733] done accepting connections: Socket closed
Apr 15, 2016 9:35:11 AM okhttp3.mockwebserver.MockWebServer$4 processOneRequest
INFO: MockWebServer[33733] received request: GET / HTTP/1.1 and responded: HTTP/1.1 404 Client Error
Apr 15, 2016 9:35:11 AM okhttp3.mockwebserver.MockWebServer$3 execute
INFO: MockWebServer[36790] starting to accept connections
Apr 15, 2016 9:35:11 AM okhttp3.mockwebserver.MockWebServer$3 acceptConnections
INFO: MockWebServer[36790] done accepting connections: Socket closed
Apr 15, 2016 9:35:11 AM okhttp3.mockwebserver.MockWebServer$4 processConnection
WARNING: MockWebServer[36790] connection from /127.0.0.1 didn't make a request
Tests run: 3, Failures: 0, Errors: 0, Skipped: 0, Time elapsed: 0.04 sec
Running retrofit2.adapter.rxjava.CompletableSchedulerTest
Apr 15, 2016 9:35:11 AM okhttp3.mockwebserver.MockWebServer$3 execute
INFO: MockWebServer[57502] starting to accept connections
Apr 15, 2016 9:35:11 AM okhttp3.mockwebserver.MockWebServer$3 acceptConnections
INFO: MockWebServer[57502] done accepting connections: Socket closed
Apr 15, 2016 9:35:11 AM okhttp3.mockwebserver.MockWebServer$4 processOneRequest
INFO: MockWebServer[57502] received request: GET / HTTP/1.1 and responded: HTTP/1.1 200 OK
Tests run: 1, Failures: 0, Errors: 0, Skipped: 0, Time elapsed: 0.01 sec
Running retrofit2.adapter.rxjava.SingleTest
Apr 15, 2016 9:35:11 AM okhttp3.mockwebserver.MockWebServer$3 execute
INFO: MockWebServer[49759] starting to accept connections
Apr 15, 2016 9:35:11 AM okhttp3.mockwebserver.MockWebServer$4 processConnection
WARNING: MockWebServer[49759] connection from /127.0.0.1 didn't make a request
Apr 15, 2016 9:35:11 AM okhttp3.mockwebserver.MockWebServer$3 acceptConnections
INFO: MockWebServer[49759] done accepting connections: Socket closed
Apr 15, 2016 9:35:11 AM okhttp3.mockwebserver.MockWebServer$3 execute
INFO: MockWebServer[57560] starting to accept connections
Apr 15, 2016 9:35:11 AM okhttp3.mockwebserver.MockWebServer$4 processOneRequest
INFO: MockWebServer[57560] received request: GET / HTTP/1.1 and responded: HTTP/1.1 200 OK
Apr 15, 2016 9:35:11 AM okhttp3.mockwebserver.MockWebServer$3 acceptConnections
INFO: MockWebServer[57560] done accepting connections: Socket closed
Apr 15, 2016 9:35:11 AM okhttp3.mockwebserver.MockWebServer$3 execute
INFO: MockWebServer[36421] starting to accept connections
Apr 15, 2016 9:35:11 AM okhttp3.mockwebserver.MockWebServer$4 processOneRequest
INFO: MockWebServer[36421] received request: GET / HTTP/1.1 and responded: HTTP/1.1 404 Client Error
Apr 15, 2016 9:35:11 AM okhttp3.mockwebserver.MockWebServer$3 acceptConnections
INFO: MockWebServer[36421] done accepting connections: Socket closed
Apr 15, 2016 9:35:11 AM okhttp3.mockwebserver.MockWebServer$3 execute
INFO: MockWebServer[49188] starting to accept connections
Apr 15, 2016 9:35:11 AM okhttp3.mockwebserver.MockWebServer$3 acceptConnections
INFO: MockWebServer[49188] done accepting connections: Socket closed
Apr 15, 2016 9:35:11 AM okhttp3.mockwebserver.MockWebServer$4 processConnection
WARNING: MockWebServer[49188] connection from /127.0.0.1 didn't make a request
Apr 15, 2016 9:35:11 AM okhttp3.mockwebserver.MockWebServer$3 execute
INFO: MockWebServer[38977] starting to accept connections
Apr 15, 2016 9:35:11 AM okhttp3.mockwebserver.MockWebServer$3 acceptConnections
INFO: MockWebServer[38977] done accepting connections: Socket closed
Apr 15, 2016 9:35:11 AM okhttp3.mockwebserver.MockWebServer$4 processOneRequest
INFO: MockWebServer[38977] received request: GET / HTTP/1.1 and responded: HTTP/1.1 200 OK
Apr 15, 2016 9:35:11 AM okhttp3.mockwebserver.MockWebServer$3 execute
INFO: MockWebServer[47733] starting to accept connections
Apr 15, 2016 9:35:11 AM okhttp3.mockwebserver.MockWebServer$3 acceptConnections
INFO: MockWebServer[47733] done accepting connections: Socket closed
Apr 15, 2016 9:35:11 AM okhttp3.mockwebserver.MockWebServer$4 processOneRequest
INFO: MockWebServer[47733] received request: GET / HTTP/1.1 and responded: HTTP/1.1 404 Client Error
Apr 15, 2016 9:35:11 AM okhttp3.mockwebserver.MockWebServer$3 execute
INFO: MockWebServer[38297] starting to accept connections
Apr 15, 2016 9:35:12 AM okhttp3.mockwebserver.MockWebServer$3 acceptConnections
INFO: MockWebServer[38297] done accepting connections: Socket closed
Apr 15, 2016 9:35:12 AM okhttp3.mockwebserver.MockWebServer$4 processConnection
WARNING: MockWebServer[38297] connection from /127.0.0.1 didn't make a request
Apr 15, 2016 9:35:12 AM okhttp3.mockwebserver.MockWebServer$3 execute
INFO: MockWebServer[47062] starting to accept connections
Apr 15, 2016 9:35:12 AM okhttp3.mockwebserver.MockWebServer$3 acceptConnections
INFO: MockWebServer[47062] done accepting connections: Socket closed
Apr 15, 2016 9:35:12 AM okhttp3.mockwebserver.MockWebServer$4 processOneRequest
INFO: MockWebServer[47062] received request: GET / HTTP/1.1 and responded: HTTP/1.1 200 OK
Apr 15, 2016 9:35:12 AM okhttp3.mockwebserver.MockWebServer$3 execute
INFO: MockWebServer[45568] starting to accept connections
Apr 15, 2016 9:35:12 AM okhttp3.mockwebserver.MockWebServer$4 processOneRequest
INFO: MockWebServer[45568] received request: GET / HTTP/1.1 and responded: HTTP/1.1 404 Client Error
Apr 15, 2016 9:35:12 AM okhttp3.mockwebserver.MockWebServer$3 acceptConnections
INFO: MockWebServer[45568] done accepting connections: Socket closed
Tests run: 9, Failures: 0, Errors: 0, Skipped: 0, Time elapsed: 0.128 sec
Running retrofit2.adapter.rxjava.ResultTest
Tests run: 4, Failures: 0, Errors: 0, Skipped: 0, Time elapsed: 0 sec

Results :

Tests run: 41, Failures: 0, Errors: 0, Skipped: 0

[INFO] 
[INFO] --- animal-sniffer-maven-plugin:1.14:check (default) @ adapter-rxjava ---
[INFO] Checking unresolved references to org.codehaus.mojo.signature:java16:1.1
[INFO]                                                                         
[INFO] ------------------------------------------------------------------------
[INFO] Building Converters 2.0.3-SNAPSHOT
[INFO] ------------------------------------------------------------------------
[INFO] 
[INFO] --- maven-enforcer-plugin:1.0:enforce (enforce-maven) @ retrofit-converters ---
[INFO] 
[INFO] --- animal-sniffer-maven-plugin:1.14:check (default) @ retrofit-converters ---
[INFO] Checking unresolved references to org.codehaus.mojo.signature:java16:1.1
[INFO]                                                                         
[INFO] ------------------------------------------------------------------------
[INFO] Building Converter: Gson 2.0.3-SNAPSHOT
[INFO] ------------------------------------------------------------------------
[INFO] 
[INFO] --- maven-enforcer-plugin:1.0:enforce (enforce-maven) @ converter-gson ---
[INFO] 
[INFO] --- maven-resources-plugin:2.6:resources (default-resources) @ converter-gson ---
[INFO] Using 'UTF-8' encoding to copy filtered resources.
[INFO] skip non existing resourceDirectory /home/travis/build/square/retrofit/retrofit-converters/gson/src/main/resources
[INFO] 
[INFO] --- maven-compiler-plugin:3.0:compile (default-compile) @ converter-gson ---
[INFO] Changes detected - recompiling the module!
[INFO] Compiling 3 source files to /home/travis/build/square/retrofit/retrofit-converters/gson/target/classes
[INFO] 
[INFO] --- maven-resources-plugin:2.6:testResources (default-testResources) @ converter-gson ---
[INFO] Using 'UTF-8' encoding to copy filtered resources.
[INFO] skip non existing resourceDirectory /home/travis/build/square/retrofit/retrofit-converters/gson/src/test/resources
[INFO] 
[INFO] --- maven-compiler-plugin:3.0:testCompile (default-testCompile) @ converter-gson ---
[INFO] Changes detected - recompiling the module!
[INFO] Compiling 1 source file to /home/travis/build/square/retrofit/retrofit-converters/gson/target/test-classes
[INFO] 
[INFO] --- maven-surefire-plugin:2.12.4:test (default-test) @ converter-gson ---
[INFO] Surefire report directory: /home/travis/build/square/retrofit/retrofit-converters/gson/target/surefire-reports

-------------------------------------------------------
 T E S T S
-------------------------------------------------------
Running retrofit2.converter.gson.GsonConverterFactoryTest
Apr 15, 2016 9:35:13 AM okhttp3.mockwebserver.MockWebServer$3 execute
INFO: MockWebServer[49733] starting to accept connections
Apr 15, 2016 9:35:13 AM okhttp3.mockwebserver.MockWebServer$4 processOneRequest
INFO: MockWebServer[49733] received request: POST / HTTP/1.1 and responded: HTTP/1.1 200 OK
Apr 15, 2016 9:35:13 AM okhttp3.mockwebserver.MockWebServer$3 acceptConnections
INFO: MockWebServer[49733] done accepting connections: Socket closed
Apr 15, 2016 9:35:13 AM okhttp3.mockwebserver.MockWebServer$3 execute
INFO: MockWebServer[39225] starting to accept connections
Apr 15, 2016 9:35:13 AM okhttp3.mockwebserver.MockWebServer$3 acceptConnections
INFO: MockWebServer[39225] done accepting connections: Socket closed
Apr 15, 2016 9:35:13 AM okhttp3.mockwebserver.MockWebServer$4 processOneRequest
INFO: MockWebServer[39225] received request: POST / HTTP/1.1 and responded: HTTP/1.1 200 OK
Apr 15, 2016 9:35:13 AM okhttp3.mockwebserver.MockWebServer$3 execute
INFO: MockWebServer[46839] starting to accept connections
Apr 15, 2016 9:35:13 AM okhttp3.mockwebserver.MockWebServer$3 acceptConnections
INFO: MockWebServer[46839] done accepting connections: Socket closed
Apr 15, 2016 9:35:13 AM okhttp3.mockwebserver.MockWebServer$4 processOneRequest
INFO: MockWebServer[46839] received request: POST / HTTP/1.1 and responded: HTTP/1.1 200 OK
Apr 15, 2016 9:35:13 AM okhttp3.mockwebserver.MockWebServer$3 execute
INFO: MockWebServer[55763] starting to accept connections
Apr 15, 2016 9:35:13 AM okhttp3.mockwebserver.MockWebServer$4 processOneRequest
INFO: MockWebServer[55763] received request: POST / HTTP/1.1 and responded: HTTP/1.1 200 OK
Apr 15, 2016 9:35:13 AM okhttp3.mockwebserver.MockWebServer$3 acceptConnections
INFO: MockWebServer[55763] done accepting connections: Socket closed
Tests run: 4, Failures: 0, Errors: 0, Skipped: 0, Time elapsed: 0.676 sec

Results :

Tests run: 4, Failures: 0, Errors: 0, Skipped: 0

[INFO] 
[INFO] --- animal-sniffer-maven-plugin:1.14:check (default) @ converter-gson ---
[INFO] Checking unresolved references to org.codehaus.mojo.signature:java16:1.1
[INFO]                                                                         
[INFO] ------------------------------------------------------------------------
[INFO] Building Converter: Protocol Buffers 2.0.3-SNAPSHOT
[INFO] ------------------------------------------------------------------------
[INFO] 
[INFO] --- maven-enforcer-plugin:1.0:enforce (enforce-maven) @ converter-protobuf ---
[INFO] 
[INFO] --- maven-resources-plugin:2.6:resources (default-resources) @ converter-protobuf ---
[INFO] Using 'UTF-8' encoding to copy filtered resources.
[INFO] skip non existing resourceDirectory /home/travis/build/square/retrofit/retrofit-converters/protobuf/src/main/resources
[INFO] 
[INFO] --- maven-compiler-plugin:3.0:compile (default-compile) @ converter-protobuf ---
[INFO] Changes detected - recompiling the module!
[INFO] Compiling 3 source files to /home/travis/build/square/retrofit/retrofit-converters/protobuf/target/classes
[WARNING] /home/travis/build/square/retrofit/retrofit-converters/protobuf/src/main/java/retrofit2/converter/protobuf/ProtoConverterFactory.java: /home/travis/build/square/retrofit/retrofit-converters/protobuf/src/main/java/retrofit2/converter/protobuf/ProtoConverterFactory.java uses unchecked or unsafe operations.
[WARNING] /home/travis/build/square/retrofit/retrofit-converters/protobuf/src/main/java/retrofit2/converter/protobuf/ProtoConverterFactory.java: Recompile with -Xlint:unchecked for details.
[INFO] 
[INFO] --- maven-resources-plugin:2.6:testResources (default-testResources) @ converter-protobuf ---
[INFO] Using 'UTF-8' encoding to copy filtered resources.
[INFO] skip non existing resourceDirectory /home/travis/build/square/retrofit/retrofit-converters/protobuf/src/test/resources
[INFO] 
[INFO] --- maven-compiler-plugin:3.0:testCompile (default-testCompile) @ converter-protobuf ---
[INFO] Changes detected - recompiling the module!
[INFO] Compiling 2 source files to /home/travis/build/square/retrofit/retrofit-converters/protobuf/target/test-classes
[INFO] 
[INFO] --- maven-surefire-plugin:2.12.4:test (default-test) @ converter-protobuf ---
[INFO] Surefire report directory: /home/travis/build/square/retrofit/retrofit-converters/protobuf/target/surefire-reports

-------------------------------------------------------
 T E S T S
-------------------------------------------------------
Running retrofit2.converter.protobuf.ProtoConverterFactoryTest
Apr 15, 2016 9:35:14 AM okhttp3.mockwebserver.MockWebServer$3 execute
INFO: MockWebServer[40728] starting to accept connections
Apr 15, 2016 9:35:15 AM okhttp3.mockwebserver.MockWebServer$4 processOneRequest
INFO: MockWebServer[40728] received request: POST / HTTP/1.1 and responded: HTTP/1.1 200 OK
Apr 15, 2016 9:35:15 AM okhttp3.mockwebserver.MockWebServer$3 acceptConnections
INFO: MockWebServer[40728] done accepting connections: Socket closed
Apr 15, 2016 9:35:15 AM okhttp3.mockwebserver.MockWebServer$3 execute
INFO: MockWebServer[42431] starting to accept connections
Apr 15, 2016 9:35:15 AM okhttp3.mockwebserver.MockWebServer$3 acceptConnections
INFO: MockWebServer[42431] done accepting connections: Socket closed
Apr 15, 2016 9:35:15 AM okhttp3.mockwebserver.MockWebServer$3 execute
INFO: MockWebServer[58323] starting to accept connections
Apr 15, 2016 9:35:15 AM okhttp3.mockwebserver.MockWebServer$3 acceptConnections
INFO: MockWebServer[58323] done accepting connections: Socket closed
Apr 15, 2016 9:35:15 AM okhttp3.mockwebserver.MockWebServer$4 processOneRequest
INFO: MockWebServer[58323] received request: GET / HTTP/1.1 and responded: HTTP/1.1 200 OK
Apr 15, 2016 9:35:15 AM okhttp3.mockwebserver.MockWebServer$3 execute
INFO: MockWebServer[50935] starting to accept connections
Apr 15, 2016 9:35:15 AM okhttp3.mockwebserver.MockWebServer$4 processOneRequest
INFO: MockWebServer[50935] received request: GET / HTTP/1.1 and responded: HTTP/1.1 200 OK
Apr 15, 2016 9:35:15 AM okhttp3.mockwebserver.MockWebServer$3 acceptConnections
INFO: MockWebServer[50935] done accepting connections: Socket closed
Apr 15, 2016 9:35:15 AM okhttp3.mockwebserver.MockWebServer$3 execute
INFO: MockWebServer[41998] starting to accept connections
Apr 15, 2016 9:35:15 AM okhttp3.mockwebserver.MockWebServer$3 acceptConnections
INFO: MockWebServer[41998] done accepting connections: Socket is closed
Apr 15, 2016 9:35:15 AM okhttp3.mockwebserver.MockWebServer$3 execute
INFO: MockWebServer[47388] starting to accept connections
Apr 15, 2016 9:35:15 AM okhttp3.mockwebserver.MockWebServer$4 processOneRequest
INFO: MockWebServer[47388] received request: GET / HTTP/1.1 and responded: HTTP/1.1 200 OK
Apr 15, 2016 9:35:15 AM okhttp3.mockwebserver.MockWebServer$3 acceptConnections
INFO: MockWebServer[47388] done accepting connections: Socket closed
Tests run: 6, Failures: 0, Errors: 0, Skipped: 0, Time elapsed: 0.907 sec

Results :

Tests run: 6, Failures: 0, Errors: 0, Skipped: 0

[INFO] 
[INFO] --- animal-sniffer-maven-plugin:1.14:check (default) @ converter-protobuf ---
[INFO] Checking unresolved references to org.codehaus.mojo.signature:java16:1.1
[INFO]                                                                         
[INFO] ------------------------------------------------------------------------
[INFO] Building Converter: Jackson 2.0.3-SNAPSHOT
[INFO] ------------------------------------------------------------------------
[INFO] 
[INFO] --- maven-enforcer-plugin:1.0:enforce (enforce-maven) @ converter-jackson ---
[INFO] 
[INFO] --- maven-resources-plugin:2.6:resources (default-resources) @ converter-jackson ---
[INFO] Using 'UTF-8' encoding to copy filtered resources.
[INFO] skip non existing resourceDirectory /home/travis/build/square/retrofit/retrofit-converters/jackson/src/main/resources
[INFO] 
[INFO] --- maven-compiler-plugin:3.0:compile (default-compile) @ converter-jackson ---
[INFO] Changes detected - recompiling the module!
[INFO] Compiling 3 source files to /home/travis/build/square/retrofit/retrofit-converters/jackson/target/classes
[WARNING] /home/travis/build/square/retrofit/retrofit-converters/jackson/src/main/java/retrofit2/converter/jackson/JacksonConverterFactory.java: /home/travis/build/square/retrofit/retrofit-converters/jackson/src/main/java/retrofit2/converter/jackson/JacksonConverterFactory.java uses or overrides a deprecated API.
[WARNING] /home/travis/build/square/retrofit/retrofit-converters/jackson/src/main/java/retrofit2/converter/jackson/JacksonConverterFactory.java: Recompile with -Xlint:deprecation for details.
[INFO] 
[INFO] --- maven-resources-plugin:2.6:testResources (default-testResources) @ converter-jackson ---
[INFO] Using 'UTF-8' encoding to copy filtered resources.
[INFO] skip non existing resourceDirectory /home/travis/build/square/retrofit/retrofit-converters/jackson/src/test/resources
[INFO] 
[INFO] --- maven-compiler-plugin:3.0:testCompile (default-testCompile) @ converter-jackson ---
[INFO] Changes detected - recompiling the module!
[INFO] Compiling 1 source file to /home/travis/build/square/retrofit/retrofit-converters/jackson/target/test-classes
[WARNING] /home/travis/build/square/retrofit/retrofit-converters/jackson/src/test/java/retrofit2/converter/jackson/JacksonConverterFactoryTest.java: /home/travis/build/square/retrofit/retrofit-converters/jackson/src/test/java/retrofit2/converter/jackson/JacksonConverterFactoryTest.java uses or overrides a deprecated API.
[WARNING] /home/travis/build/square/retrofit/retrofit-converters/jackson/src/test/java/retrofit2/converter/jackson/JacksonConverterFactoryTest.java: Recompile with -Xlint:deprecation for details.
[INFO] 
[INFO] --- maven-surefire-plugin:2.12.4:test (default-test) @ converter-jackson ---
[INFO] Surefire report directory: /home/travis/build/square/retrofit/retrofit-converters/jackson/target/surefire-reports

-------------------------------------------------------
 T E S T S
-------------------------------------------------------
Running retrofit2.converter.jackson.JacksonConverterFactoryTest
Apr 15, 2016 9:35:16 AM okhttp3.mockwebserver.MockWebServer$3 execute
INFO: MockWebServer[39539] starting to accept connections
Apr 15, 2016 9:35:16 AM okhttp3.mockwebserver.MockWebServer$4 processOneRequest
INFO: MockWebServer[39539] received request: POST / HTTP/1.1 and responded: HTTP/1.1 200 OK
Apr 15, 2016 9:35:17 AM okhttp3.mockwebserver.MockWebServer$3 acceptConnections
INFO: MockWebServer[39539] done accepting connections: Socket closed
Apr 15, 2016 9:35:17 AM okhttp3.mockwebserver.MockWebServer$3 execute
INFO: MockWebServer[49948] starting to accept connections
Apr 15, 2016 9:35:17 AM okhttp3.mockwebserver.MockWebServer$3 acceptConnections
INFO: MockWebServer[49948] done accepting connections: Socket closed
Apr 15, 2016 9:35:17 AM okhttp3.mockwebserver.MockWebServer$4 processOneRequest
INFO: MockWebServer[49948] received request: POST / HTTP/1.1 and responded: HTTP/1.1 200 OK
Tests run: 2, Failures: 0, Errors: 0, Skipped: 0, Time elapsed: 1.01 sec

Results :

Tests run: 2, Failures: 0, Errors: 0, Skipped: 0

[INFO] 
[INFO] --- animal-sniffer-maven-plugin:1.14:check (default) @ converter-jackson ---
[INFO] Checking unresolved references to org.codehaus.mojo.signature:java16:1.1
[INFO]                                                                         
[INFO] ------------------------------------------------------------------------
[INFO] Building Converter: Wire Protocol Buffers 2.0.3-SNAPSHOT
[INFO] ------------------------------------------------------------------------
[INFO] 
[INFO] --- maven-enforcer-plugin:1.0:enforce (enforce-maven) @ converter-wire ---
[INFO] 
[INFO] --- maven-resources-plugin:2.6:resources (default-resources) @ converter-wire ---
[INFO] Using 'UTF-8' encoding to copy filtered resources.
[INFO] skip non existing resourceDirectory /home/travis/build/square/retrofit/retrofit-converters/wire/src/main/resources
[INFO] 
[INFO] --- maven-compiler-plugin:3.0:compile (default-compile) @ converter-wire ---
[INFO] Changes detected - recompiling the module!
[INFO] Compiling 3 source files to /home/travis/build/square/retrofit/retrofit-converters/wire/target/classes
[WARNING] /home/travis/build/square/retrofit/retrofit-converters/wire/src/main/java/retrofit2/converter/wire/WireConverterFactory.java: /home/travis/build/square/retrofit/retrofit-converters/wire/src/main/java/retrofit2/converter/wire/WireConverterFactory.java uses unchecked or unsafe operations.
[WARNING] /home/travis/build/square/retrofit/retrofit-converters/wire/src/main/java/retrofit2/converter/wire/WireConverterFactory.java: Recompile with -Xlint:unchecked for details.
[INFO] 
[INFO] --- maven-resources-plugin:2.6:testResources (default-testResources) @ converter-wire ---
[INFO] Using 'UTF-8' encoding to copy filtered resources.
[INFO] skip non existing resourceDirectory /home/travis/build/square/retrofit/retrofit-converters/wire/src/test/resources
[INFO] 
[INFO] --- maven-compiler-plugin:3.0:testCompile (default-testCompile) @ converter-wire ---
[INFO] Changes detected - recompiling the module!
[INFO] Compiling 2 source files to /home/travis/build/square/retrofit/retrofit-converters/wire/target/test-classes
[INFO] 
[INFO] --- maven-surefire-plugin:2.12.4:test (default-test) @ converter-wire ---
[INFO] Surefire report directory: /home/travis/build/square/retrofit/retrofit-converters/wire/target/surefire-reports

-------------------------------------------------------
 T E S T S
-------------------------------------------------------
Running retrofit2.converter.wire.WireConverterFactoryTest
Apr 15, 2016 9:35:18 AM okhttp3.mockwebserver.MockWebServer$3 execute
INFO: MockWebServer[55074] starting to accept connections
Apr 15, 2016 9:35:18 AM okhttp3.mockwebserver.MockWebServer$4 processOneRequest
INFO: MockWebServer[55074] received request: POST / HTTP/1.1 and responded: HTTP/1.1 200 OK
Apr 15, 2016 9:35:18 AM okhttp3.mockwebserver.MockWebServer$3 acceptConnections
INFO: MockWebServer[55074] done accepting connections: Socket closed
Apr 15, 2016 9:35:18 AM okhttp3.mockwebserver.MockWebServer$3 execute
INFO: MockWebServer[40329] starting to accept connections
Apr 15, 2016 9:35:18 AM okhttp3.mockwebserver.MockWebServer$3 acceptConnections
INFO: MockWebServer[40329] done accepting connections: Socket closed
Apr 15, 2016 9:35:18 AM okhttp3.mockwebserver.MockWebServer$3 execute
INFO: MockWebServer[54917] starting to accept connections
Apr 15, 2016 9:35:18 AM okhttp3.mockwebserver.MockWebServer$3 acceptConnections
INFO: MockWebServer[54917] done accepting connections: Socket closed
Apr 15, 2016 9:35:18 AM okhttp3.mockwebserver.MockWebServer$4 processOneRequest
INFO: MockWebServer[54917] received request: GET / HTTP/1.1 and responded: HTTP/1.1 200 OK
Apr 15, 2016 9:35:18 AM okhttp3.mockwebserver.MockWebServer$3 execute
INFO: MockWebServer[49187] starting to accept connections
Apr 15, 2016 9:35:18 AM okhttp3.mockwebserver.MockWebServer$3 acceptConnections
INFO: MockWebServer[49187] done accepting connections: Socket is closed
Apr 15, 2016 9:35:18 AM okhttp3.mockwebserver.MockWebServer$3 execute
INFO: MockWebServer[36734] starting to accept connections
Apr 15, 2016 9:35:18 AM okhttp3.mockwebserver.MockWebServer$3 acceptConnections
INFO: MockWebServer[36734] done accepting connections: Socket closed
Apr 15, 2016 9:35:18 AM okhttp3.mockwebserver.MockWebServer$4 processOneRequest
INFO: MockWebServer[36734] received request: GET / HTTP/1.1 and responded: HTTP/1.1 200 OK
Tests run: 5, Failures: 0, Errors: 0, Skipped: 0, Time elapsed: 0.654 sec

Results :

Tests run: 5, Failures: 0, Errors: 0, Skipped: 0

[INFO] 
[INFO] --- animal-sniffer-maven-plugin:1.14:check (default) @ converter-wire ---
[INFO] Checking unresolved references to org.codehaus.mojo.signature:java16:1.1
[INFO]                                                                         
[INFO] ------------------------------------------------------------------------
[INFO] Building Converter: SimpleXML 2.0.3-SNAPSHOT
[INFO] ------------------------------------------------------------------------
[INFO] 
[INFO] --- maven-enforcer-plugin:1.0:enforce (enforce-maven) @ converter-simplexml ---
[INFO] 
[INFO] --- maven-resources-plugin:2.6:resources (default-resources) @ converter-simplexml ---
[INFO] Using 'UTF-8' encoding to copy filtered resources.
[INFO] skip non existing resourceDirectory /home/travis/build/square/retrofit/retrofit-converters/simplexml/src/main/resources
[INFO] 
[INFO] --- maven-compiler-plugin:3.0:compile (default-compile) @ converter-simplexml ---
[INFO] Changes detected - recompiling the module!
[INFO] Compiling 3 source files to /home/travis/build/square/retrofit/retrofit-converters/simplexml/target/classes
[INFO] 
[INFO] --- maven-resources-plugin:2.6:testResources (default-testResources) @ converter-simplexml ---
[INFO] Using 'UTF-8' encoding to copy filtered resources.
[INFO] skip non existing resourceDirectory /home/travis/build/square/retrofit/retrofit-converters/simplexml/src/test/resources
[INFO] 
[INFO] --- maven-compiler-plugin:3.0:testCompile (default-testCompile) @ converter-simplexml ---
[INFO] Changes detected - recompiling the module!
[INFO] Compiling 2 source files to /home/travis/build/square/retrofit/retrofit-converters/simplexml/target/test-classes
[INFO] 
[INFO] --- maven-surefire-plugin:2.12.4:test (default-test) @ converter-simplexml ---
[INFO] Surefire report directory: /home/travis/build/square/retrofit/retrofit-converters/simplexml/target/surefire-reports

-------------------------------------------------------
 T E S T S
-------------------------------------------------------
Running retrofit2.converter.simplexml.SimpleXmlConverterFactoryTest
Apr 15, 2016 9:35:20 AM okhttp3.mockwebserver.MockWebServer$3 execute
INFO: MockWebServer[51294] starting to accept connections
Apr 15, 2016 9:35:20 AM okhttp3.mockwebserver.MockWebServer$4 processOneRequest
INFO: MockWebServer[51294] received request: GET / HTTP/1.1 and responded: HTTP/1.1 200 OK
Apr 15, 2016 9:35:21 AM okhttp3.mockwebserver.MockWebServer$3 acceptConnections
INFO: MockWebServer[51294] done accepting connections: Socket closed
Apr 15, 2016 9:35:21 AM okhttp3.mockwebserver.MockWebServer$3 execute
INFO: MockWebServer[49204] starting to accept connections
Apr 15, 2016 9:35:21 AM okhttp3.mockwebserver.MockWebServer$4 processOneRequest
INFO: MockWebServer[49204] received request: GET / HTTP/1.1 and responded: HTTP/1.1 200 OK
Apr 15, 2016 9:35:21 AM okhttp3.mockwebserver.MockWebServer$3 acceptConnections
INFO: MockWebServer[49204] done accepting connections: Socket closed
Apr 15, 2016 9:35:21 AM okhttp3.mockwebserver.MockWebServer$3 execute
INFO: MockWebServer[57826] starting to accept connections
Apr 15, 2016 9:35:21 AM okhttp3.mockwebserver.MockWebServer$4 processOneRequest
INFO: MockWebServer[57826] received request: POST / HTTP/1.1 and responded: HTTP/1.1 200 OK
Apr 15, 2016 9:35:21 AM okhttp3.mockwebserver.MockWebServer$3 acceptConnections
INFO: MockWebServer[57826] done accepting connections: Socket closed
Tests run: 3, Failures: 0, Errors: 0, Skipped: 0, Time elapsed: 1.402 sec

Results :

Tests run: 3, Failures: 0, Errors: 0, Skipped: 0

[INFO] 
[INFO] --- animal-sniffer-maven-plugin:1.14:check (default) @ converter-simplexml ---
[INFO] Checking unresolved references to org.codehaus.mojo.signature:java16:1.1
[INFO]                                                                         
[INFO] ------------------------------------------------------------------------
[INFO] Building Converter: Java Scalars 2.0.3-SNAPSHOT
[INFO] ------------------------------------------------------------------------
[INFO] 
[INFO] --- maven-enforcer-plugin:1.0:enforce (enforce-maven) @ converter-scalars ---
[INFO] 
[INFO] --- maven-resources-plugin:2.6:resources (default-resources) @ converter-scalars ---
[INFO] Using 'UTF-8' encoding to copy filtered resources.
[INFO] skip non existing resourceDirectory /home/travis/build/square/retrofit/retrofit-converters/scalars/src/main/resources
[INFO] 
[INFO] --- maven-compiler-plugin:3.0:compile (default-compile) @ converter-scalars ---
[INFO] Changes detected - recompiling the module!
[INFO] Compiling 3 source files to /home/travis/build/square/retrofit/retrofit-converters/scalars/target/classes
[INFO] 
[INFO] --- maven-resources-plugin:2.6:testResources (default-testResources) @ converter-scalars ---
[INFO] Using 'UTF-8' encoding to copy filtered resources.
[INFO] skip non existing resourceDirectory /home/travis/build/square/retrofit/retrofit-converters/scalars/src/test/resources
[INFO] 
[INFO] --- maven-compiler-plugin:3.0:testCompile (default-testCompile) @ converter-scalars ---
[INFO] Changes detected - recompiling the module!
[INFO] Compiling 2 source files to /home/travis/build/square/retrofit/retrofit-converters/scalars/target/test-classes
[INFO] 
[INFO] --- maven-surefire-plugin:2.12.4:test (default-test) @ converter-scalars ---
[INFO] Surefire report directory: /home/travis/build/square/retrofit/retrofit-converters/scalars/target/surefire-reports

-------------------------------------------------------
 T E S T S
-------------------------------------------------------
Running retrofit2.converter.scalars.ScalarsConverterFactoryTest
Apr 15, 2016 9:35:23 AM okhttp3.mockwebserver.MockWebServer$3 execute
INFO: MockWebServer[49699] starting to accept connections
Apr 15, 2016 9:35:24 AM okhttp3.mockwebserver.MockWebServer$3 acceptConnections
INFO: MockWebServer[49699] done accepting connections: Socket closed
Apr 15, 2016 9:35:24 AM okhttp3.mockwebserver.MockWebServer$3 execute
INFO: MockWebServer[47210] starting to accept connections
Apr 15, 2016 9:35:24 AM okhttp3.mockwebserver.MockWebServer$4 processOneRequest
INFO: MockWebServer[47210] received request: GET / HTTP/1.1 and responded: HTTP/1.1 200 OK
Apr 15, 2016 9:35:24 AM okhttp3.mockwebserver.MockWebServer$4 processOneRequest
INFO: MockWebServer[47210] received request: GET / HTTP/1.1 and responded: HTTP/1.1 200 OK
Apr 15, 2016 9:35:24 AM okhttp3.mockwebserver.MockWebServer$4 processOneRequest
INFO: MockWebServer[47210] received request: GET / HTTP/1.1 and responded: HTTP/1.1 200 OK
Apr 15, 2016 9:35:24 AM okhttp3.mockwebserver.MockWebServer$4 processOneRequest
INFO: MockWebServer[47210] received request: GET / HTTP/1.1 and responded: HTTP/1.1 200 OK
Apr 15, 2016 9:35:24 AM okhttp3.mockwebserver.MockWebServer$4 processOneRequest
INFO: MockWebServer[47210] received request: GET / HTTP/1.1 and responded: HTTP/1.1 200 OK
Apr 15, 2016 9:35:24 AM okhttp3.mockwebserver.MockWebServer$4 processOneRequest
INFO: MockWebServer[47210] received request: GET / HTTP/1.1 and responded: HTTP/1.1 200 OK
Apr 15, 2016 9:35:24 AM okhttp3.mockwebserver.MockWebServer$4 processOneRequest
INFO: MockWebServer[47210] received request: GET / HTTP/1.1 and responded: HTTP/1.1 200 OK
Apr 15, 2016 9:35:24 AM okhttp3.mockwebserver.MockWebServer$4 processOneRequest
INFO: MockWebServer[47210] received request: GET / HTTP/1.1 and responded: HTTP/1.1 200 OK
Apr 15, 2016 9:35:24 AM okhttp3.mockwebserver.MockWebServer$4 processOneRequest
INFO: MockWebServer[47210] received request: GET / HTTP/1.1 and responded: HTTP/1.1 200 OK
Apr 15, 2016 9:35:24 AM okhttp3.mockwebserver.MockWebServer$4 processOneRequest
INFO: MockWebServer[47210] received request: GET / HTTP/1.1 and responded: HTTP/1.1 200 OK
Apr 15, 2016 9:35:24 AM okhttp3.mockwebserver.MockWebServer$4 processOneRequest
INFO: MockWebServer[47210] received request: GET / HTTP/1.1 and responded: HTTP/1.1 200 OK
Apr 15, 2016 9:35:24 AM okhttp3.mockwebserver.MockWebServer$3 acceptConnections
INFO: MockWebServer[47210] done accepting connections: Socket closed
Apr 15, 2016 9:35:24 AM okhttp3.mockwebserver.MockWebServer$3 execute
INFO: MockWebServer[53840] starting to accept connections
Apr 15, 2016 9:35:24 AM okhttp3.mockwebserver.MockWebServer$4 processOneRequest
INFO: MockWebServer[53840] received request: POST / HTTP/1.1 and responded: HTTP/1.1 200 OK
Apr 15, 2016 9:35:24 AM okhttp3.mockwebserver.MockWebServer$4 processOneRequest
INFO: MockWebServer[53840] received request: POST / HTTP/1.1 and responded: HTTP/1.1 200 OK
Apr 15, 2016 9:35:24 AM okhttp3.mockwebserver.MockWebServer$4 processOneRequest
INFO: MockWebServer[53840] received request: POST / HTTP/1.1 and responded: HTTP/1.1 200 OK
Apr 15, 2016 9:35:24 AM okhttp3.mockwebserver.MockWebServer$4 processOneRequest
INFO: MockWebServer[53840] received request: POST / HTTP/1.1 and responded: HTTP/1.1 200 OK
Apr 15, 2016 9:35:24 AM okhttp3.mockwebserver.MockWebServer$4 processOneRequest
INFO: MockWebServer[53840] received request: POST / HTTP/1.1 and responded: HTTP/1.1 200 OK
Apr 15, 2016 9:35:24 AM okhttp3.mockwebserver.MockWebServer$4 processOneRequest
INFO: MockWebServer[53840] received request: POST / HTTP/1.1 and responded: HTTP/1.1 200 OK
Apr 15, 2016 9:35:24 AM okhttp3.mockwebserver.MockWebServer$4 processOneRequest
INFO: MockWebServer[53840] received request: POST / HTTP/1.1 and responded: HTTP/1.1 200 OK
Apr 15, 2016 9:35:24 AM okhttp3.mockwebserver.MockWebServer$4 processOneRequest
INFO: MockWebServer[53840] received request: POST / HTTP/1.1 and responded: HTTP/1.1 200 OK
Apr 15, 2016 9:35:24 AM okhttp3.mockwebserver.MockWebServer$4 processOneRequest
INFO: MockWebServer[53840] received request: POST / HTTP/1.1 and responded: HTTP/1.1 200 OK
Apr 15, 2016 9:35:24 AM okhttp3.mockwebserver.MockWebServer$4 processOneRequest
INFO: MockWebServer[53840] received request: POST / HTTP/1.1 and responded: HTTP/1.1 200 OK
Apr 15, 2016 9:35:24 AM okhttp3.mockwebserver.MockWebServer$4 processOneRequest
INFO: MockWebServer[53840] received request: POST / HTTP/1.1 and responded: HTTP/1.1 200 OK
Apr 15, 2016 9:35:24 AM okhttp3.mockwebserver.MockWebServer$4 processOneRequest
INFO: MockWebServer[53840] received request: POST / HTTP/1.1 and responded: HTTP/1.1 200 OK
Apr 15, 2016 9:35:24 AM okhttp3.mockwebserver.MockWebServer$4 processOneRequest
INFO: MockWebServer[53840] received request: POST / HTTP/1.1 and responded: HTTP/1.1 200 OK
Apr 15, 2016 9:35:24 AM okhttp3.mockwebserver.MockWebServer$4 processOneRequest
INFO: MockWebServer[53840] received request: POST / HTTP/1.1 and responded: HTTP/1.1 200 OK
Apr 15, 2016 9:35:24 AM okhttp3.mockwebserver.MockWebServer$4 processOneRequest
INFO: MockWebServer[53840] received request: POST / HTTP/1.1 and responded: HTTP/1.1 200 OK
Apr 15, 2016 9:35:24 AM okhttp3.mockwebserver.MockWebServer$4 processOneRequest
INFO: MockWebServer[53840] received request: POST / HTTP/1.1 and responded: HTTP/1.1 200 OK
Apr 15, 2016 9:35:24 AM okhttp3.mockwebserver.MockWebServer$3 acceptConnections
INFO: MockWebServer[53840] done accepting connections: Socket closed
Apr 15, 2016 9:35:24 AM okhttp3.mockwebserver.MockWebServer$4 processOneRequest
INFO: MockWebServer[53840] received request: POST / HTTP/1.1 and responded: HTTP/1.1 200 OK
Apr 15, 2016 9:35:24 AM okhttp3.mockwebserver.MockWebServer$3 execute
INFO: MockWebServer[35876] starting to accept connections
Apr 15, 2016 9:35:24 AM okhttp3.mockwebserver.MockWebServer$3 acceptConnections
INFO: MockWebServer[35876] done accepting connections: Socket closed
Tests run: 4, Failures: 0, Errors: 0, Skipped: 0, Time elapsed: 1.739 sec
Running retrofit2.converter.scalars.ScalarsConverterPrimitivesFactoryTest
Apr 15, 2016 9:35:24 AM okhttp3.mockwebserver.MockWebServer$3 execute
INFO: MockWebServer[60490] starting to accept connections
Apr 15, 2016 9:35:24 AM okhttp3.mockwebserver.MockWebServer$4 processOneRequest
INFO: MockWebServer[60490] received request: GET / HTTP/1.1 and responded: HTTP/1.1 200 OK
Apr 15, 2016 9:35:24 AM okhttp3.mockwebserver.MockWebServer$4 processOneRequest
INFO: MockWebServer[60490] received request: GET / HTTP/1.1 and responded: HTTP/1.1 200 OK
Apr 15, 2016 9:35:25 AM okhttp3.mockwebserver.MockWebServer$4 processOneRequest
INFO: MockWebServer[60490] received request: GET / HTTP/1.1 and responded: HTTP/1.1 200 OK
Apr 15, 2016 9:35:25 AM okhttp3.mockwebserver.MockWebServer$4 processOneRequest
INFO: MockWebServer[60490] received request: GET / HTTP/1.1 and responded: HTTP/1.1 200 OK
Apr 15, 2016 9:35:25 AM okhttp3.mockwebserver.MockWebServer$4 processOneRequest
INFO: MockWebServer[60490] received request: GET / HTTP/1.1 and responded: HTTP/1.1 200 OK
Apr 15, 2016 9:35:25 AM okhttp3.mockwebserver.MockWebServer$4 processOneRequest
INFO: MockWebServer[60490] received request: GET / HTTP/1.1 and responded: HTTP/1.1 200 OK
Apr 15, 2016 9:35:25 AM okhttp3.mockwebserver.MockWebServer$4 processOneRequest
INFO: MockWebServer[60490] received request: GET / HTTP/1.1 and responded: HTTP/1.1 200 OK
Apr 15, 2016 9:35:25 AM okhttp3.mockwebserver.MockWebServer$4 processOneRequest
INFO: MockWebServer[60490] received request: GET / HTTP/1.1 and responded: HTTP/1.1 200 OK
Apr 15, 2016 9:35:25 AM okhttp3.mockwebserver.MockWebServer$4 processOneRequest
INFO: MockWebServer[60490] received request: GET / HTTP/1.1 and responded: HTTP/1.1 200 OK
Apr 15, 2016 9:35:25 AM okhttp3.mockwebserver.MockWebServer$4 processOneRequest
INFO: MockWebServer[60490] received request: GET / HTTP/1.1 and responded: HTTP/1.1 200 OK
Apr 15, 2016 9:35:25 AM okhttp3.mockwebserver.MockWebServer$3 acceptConnections
INFO: MockWebServer[60490] done accepting connections: Socket closed
Tests run: 1, Failures: 0, Errors: 0, Skipped: 0, Time elapsed: 0.391 sec

Results :

Tests run: 5, Failures: 0, Errors: 0, Skipped: 0

[INFO] 
[INFO] --- animal-sniffer-maven-plugin:1.14:check (default) @ converter-scalars ---
[INFO] Checking unresolved references to org.codehaus.mojo.signature:java16:1.1
[INFO]                                                                         
[INFO] ------------------------------------------------------------------------
[INFO] Building Converter: Moshi 2.0.3-SNAPSHOT
[INFO] ------------------------------------------------------------------------
[INFO] 
[INFO] --- maven-enforcer-plugin:1.0:enforce (enforce-maven) @ converter-moshi ---
[INFO] 
[INFO] --- maven-resources-plugin:2.6:resources (default-resources) @ converter-moshi ---
[INFO] Using 'UTF-8' encoding to copy filtered resources.
[INFO] skip non existing resourceDirectory /home/travis/build/square/retrofit/retrofit-converters/moshi/src/main/resources
[INFO] 
[INFO] --- maven-compiler-plugin:3.0:compile (default-compile) @ converter-moshi ---
[INFO] Changes detected - recompiling the module!
[INFO] Compiling 3 source files to /home/travis/build/square/retrofit/retrofit-converters/moshi/target/classes
[INFO] 
[INFO] --- maven-resources-plugin:2.6:testResources (default-testResources) @ converter-moshi ---
[INFO] Using 'UTF-8' encoding to copy filtered resources.
[INFO] skip non existing resourceDirectory /home/travis/build/square/retrofit/retrofit-converters/moshi/src/test/resources
[INFO] 
[INFO] --- maven-compiler-plugin:3.0:testCompile (default-testCompile) @ converter-moshi ---
[INFO] Changes detected - recompiling the module!
[INFO] Compiling 1 source file to /home/travis/build/square/retrofit/retrofit-converters/moshi/target/test-classes
[INFO] 
[INFO] --- maven-surefire-plugin:2.12.4:test (default-test) @ converter-moshi ---
[INFO] Surefire report directory: /home/travis/build/square/retrofit/retrofit-converters/moshi/target/surefire-reports

-------------------------------------------------------
 T E S T S
-------------------------------------------------------
Running retrofit2.converter.moshi.MoshiConverterFactoryTest
Apr 15, 2016 9:35:26 AM okhttp3.mockwebserver.MockWebServer$3 execute
INFO: MockWebServer[41372] starting to accept connections
Apr 15, 2016 9:35:27 AM okhttp3.mockwebserver.MockWebServer$4 processOneRequest
INFO: MockWebServer[41372] received request: POST / HTTP/1.1 and responded: HTTP/1.1 200 OK
Apr 15, 2016 9:35:27 AM okhttp3.mockwebserver.MockWebServer$3 acceptConnections
INFO: MockWebServer[41372] done accepting connections: Socket closed
Apr 15, 2016 9:35:27 AM okhttp3.mockwebserver.MockWebServer$3 execute
INFO: MockWebServer[37457] starting to accept connections
Apr 15, 2016 9:35:27 AM okhttp3.mockwebserver.MockWebServer$3 acceptConnections
INFO: MockWebServer[37457] done accepting connections: Socket closed
Apr 15, 2016 9:35:27 AM okhttp3.mockwebserver.MockWebServer$4 processOneRequest
INFO: MockWebServer[37457] received request: POST / HTTP/1.1 and responded: HTTP/1.1 200 OK
Apr 15, 2016 9:35:27 AM okhttp3.mockwebserver.MockWebServer$3 execute
INFO: MockWebServer[40849] starting to accept connections
Apr 15, 2016 9:35:27 AM okhttp3.mockwebserver.MockWebServer$4 processOneRequest
INFO: MockWebServer[40849] received request: POST / HTTP/1.1 and responded: HTTP/1.1 200 OK
Apr 15, 2016 9:35:27 AM okhttp3.mockwebserver.MockWebServer$4 processOneRequest
INFO: MockWebServer[40849] received request: POST / HTTP/1.1 and responded: HTTP/1.1 200 OK
Apr 15, 2016 9:35:27 AM okhttp3.mockwebserver.MockWebServer$3 acceptConnections
INFO: MockWebServer[40849] done accepting connections: Socket closed
Tests run: 3, Failures: 0, Errors: 0, Skipped: 0, Time elapsed: 1.038 sec

Results :

Tests run: 3, Failures: 0, Errors: 0, Skipped: 0

[INFO] 
[INFO] --- animal-sniffer-maven-plugin:1.14:check (default) @ converter-moshi ---
[INFO] Checking unresolved references to org.codehaus.mojo.signature:java16:1.1
[INFO]                                                                         
[INFO] ------------------------------------------------------------------------
[INFO] Building Converter: FastJson 2.0.3-SNAPSHOT
[INFO] ------------------------------------------------------------------------
[INFO] 
[INFO] --- maven-enforcer-plugin:1.0:enforce (enforce-maven) @ converter-fastjson ---
[INFO] 
[INFO] --- maven-resources-plugin:2.6:resources (default-resources) @ converter-fastjson ---
[INFO] Using 'UTF-8' encoding to copy filtered resources.
[INFO] skip non existing resourceDirectory /home/travis/build/square/retrofit/retrofit-converters/fastjson/src/main/resources
[INFO] 
[INFO] --- maven-compiler-plugin:3.0:compile (default-compile) @ converter-fastjson ---
[INFO] Changes detected - recompiling the module!
[INFO] Compiling 3 source files to /home/travis/build/square/retrofit/retrofit-converters/fastjson/target/classes
[INFO] 
[INFO] --- maven-resources-plugin:2.6:testResources (default-testResources) @ converter-fastjson ---
[INFO] Using 'UTF-8' encoding to copy filtered resources.
[INFO] skip non existing resourceDirectory /home/travis/build/square/retrofit/retrofit-converters/fastjson/src/test/resources
[INFO] 
[INFO] --- maven-compiler-plugin:3.0:testCompile (default-testCompile) @ converter-fastjson ---
[INFO] Changes detected - recompiling the module!
[INFO] Compiling 1 source file to /home/travis/build/square/retrofit/retrofit-converters/fastjson/target/test-classes
[INFO] 
[INFO] --- maven-surefire-plugin:2.12.4:test (default-test) @ converter-fastjson ---
[INFO] Surefire report directory: /home/travis/build/square/retrofit/retrofit-converters/fastjson/target/surefire-reports

-------------------------------------------------------
 T E S T S
-------------------------------------------------------
Running retrofit2.converter.fastjson.FastJsonConverterFactoryTest
Apr 15, 2016 9:35:28 AM okhttp3.mockwebserver.MockWebServer$3 execute
INFO: MockWebServer[37986] starting to accept connections
Apr 15, 2016 9:35:29 AM okhttp3.mockwebserver.MockWebServer$4 processOneRequest
INFO: MockWebServer[37986] received request: POST / HTTP/1.1 and responded: HTTP/1.1 200 OK
Apr 15, 2016 9:35:29 AM okhttp3.mockwebserver.MockWebServer$3 acceptConnections
INFO: MockWebServer[37986] done accepting connections: Socket closed
Apr 15, 2016 9:35:29 AM okhttp3.mockwebserver.MockWebServer$3 execute
INFO: MockWebServer[54202] starting to accept connections
Apr 15, 2016 9:35:29 AM okhttp3.mockwebserver.MockWebServer$3 acceptConnections
INFO: MockWebServer[54202] done accepting connections: Socket closed
Apr 15, 2016 9:35:29 AM okhttp3.mockwebserver.MockWebServer$4 processOneRequest
INFO: MockWebServer[54202] received request: POST / HTTP/1.1 and responded: HTTP/1.1 200 OK
Apr 15, 2016 9:35:29 AM okhttp3.mockwebserver.MockWebServer$3 execute
INFO: MockWebServer[58614] starting to accept connections
Apr 15, 2016 9:35:29 AM okhttp3.mockwebserver.MockWebServer$4 processOneRequest
INFO: MockWebServer[58614] received request: POST / HTTP/1.1 and responded: HTTP/1.1 200 OK
Apr 15, 2016 9:35:29 AM okhttp3.mockwebserver.MockWebServer$3 acceptConnections
INFO: MockWebServer[58614] done accepting connections: Socket closed
Tests run: 3, Failures: 0, Errors: 0, Skipped: 0, Time elapsed: 1.128 sec

Results :

Tests run: 3, Failures: 0, Errors: 0, Skipped: 0

[INFO] 
[INFO] --- animal-sniffer-maven-plugin:1.14:check (default) @ converter-fastjson ---
[INFO] Checking unresolved references to org.codehaus.mojo.signature:java16:1.1
[INFO]                                                                         
[INFO] ------------------------------------------------------------------------
[INFO] Building Retrofit Mock Adapter 2.0.3-SNAPSHOT
[INFO] ------------------------------------------------------------------------
[INFO] 
[INFO] --- maven-enforcer-plugin:1.0:enforce (enforce-maven) @ retrofit-mock ---
[INFO] 
[INFO] --- maven-resources-plugin:2.6:resources (default-resources) @ retrofit-mock ---
[INFO] Using 'UTF-8' encoding to copy filtered resources.
[INFO] skip non existing resourceDirectory /home/travis/build/square/retrofit/retrofit-mock/src/main/resources
[INFO] 
[INFO] --- maven-compiler-plugin:3.0:compile (default-compile) @ retrofit-mock ---
[INFO] Changes detected - recompiling the module!
[INFO] Compiling 5 source files to /home/travis/build/square/retrofit/retrofit-mock/target/classes
[INFO] 
[INFO] --- maven-resources-plugin:2.6:testResources (default-testResources) @ retrofit-mock ---
[INFO] Using 'UTF-8' encoding to copy filtered resources.
[INFO] skip non existing resourceDirectory /home/travis/build/square/retrofit/retrofit-mock/src/test/resources
[INFO] 
[INFO] --- maven-compiler-plugin:3.0:testCompile (default-testCompile) @ retrofit-mock ---
[INFO] Changes detected - recompiling the module!
[INFO] Compiling 3 source files to /home/travis/build/square/retrofit/retrofit-mock/target/test-classes
[INFO] 
[INFO] --- maven-surefire-plugin:2.12.4:test (default-test) @ retrofit-mock ---
[INFO] Surefire report directory: /home/travis/build/square/retrofit/retrofit-mock/target/surefire-reports

-------------------------------------------------------
 T E S T S
-------------------------------------------------------
Running retrofit2.mock.BehaviorDelegateTest
Tests run: 10, Failures: 0, Errors: 0, Skipped: 0, Time elapsed: 1.718 sec
Running retrofit2.mock.MockRetrofitTest
Tests run: 8, Failures: 0, Errors: 0, Skipped: 0, Time elapsed: 0.037 sec
Running retrofit2.mock.NetworkBehaviorTest
Tests run: 5, Failures: 0, Errors: 0, Skipped: 0, Time elapsed: 0.044 sec

Results :

Tests run: 23, Failures: 0, Errors: 0, Skipped: 0

[INFO] 
[INFO] --- animal-sniffer-maven-plugin:1.14:check (default) @ retrofit-mock ---
[INFO] Checking unresolved references to org.codehaus.mojo.signature:java16:1.1
[INFO]                                                                         
[INFO] ------------------------------------------------------------------------
[INFO] Building Samples 2.0.3-SNAPSHOT
[INFO] ------------------------------------------------------------------------
[INFO] 
[INFO] --- maven-enforcer-plugin:1.0:enforce (enforce-maven) @ samples ---
[INFO] 
[INFO] --- maven-resources-plugin:2.6:resources (default-resources) @ samples ---
[INFO] Using 'UTF-8' encoding to copy filtered resources.
[INFO] skip non existing resourceDirectory /home/travis/build/square/retrofit/samples/src/main/resources
[INFO] 
[INFO] --- maven-compiler-plugin:3.0:compile (default-compile) @ samples ---
[INFO] Changes detected - recompiling the module!
[INFO] Compiling 9 source files to /home/travis/build/square/retrofit/samples/target/classes
[INFO] 
[INFO] --- maven-resources-plugin:2.6:testResources (default-testResources) @ samples ---
[INFO] Using 'UTF-8' encoding to copy filtered resources.
[INFO] skip non existing resourceDirectory /home/travis/build/square/retrofit/samples/src/test/resources
[INFO] 
[INFO] --- maven-compiler-plugin:3.0:testCompile (default-testCompile) @ samples ---
[INFO] No sources to compile
[INFO] 
[INFO] --- maven-surefire-plugin:2.12.4:test (default-test) @ samples ---
[INFO] No tests to run.
[INFO] 
[INFO] --- animal-sniffer-maven-plugin:1.14:check (default) @ samples ---
[INFO] Checking unresolved references to org.codehaus.mojo.signature:java16:1.1
[INFO] ------------------------------------------------------------------------
[INFO] Reactor Summary:
[INFO] 
[INFO] Retrofit (Parent) .................................. SUCCESS [  1.517 s]
[INFO] Retrofit ........................................... SUCCESS [ 27.336 s]
[INFO] Adapters ........................................... SUCCESS [  0.325 s]
[INFO] Adapter: Guava ..................................... SUCCESS [  1.687 s]
[INFO] Adapter: Java 8 .................................... SUCCESS [  2.415 s]
[INFO] Adapter: RxJava .................................... SUCCESS [  2.672 s]
[INFO] Converters ......................................... SUCCESS [  0.202 s]
[INFO] Converter: Gson .................................... SUCCESS [  1.380 s]
[INFO] Converter: Protocol Buffers ........................ SUCCESS [  1.799 s]
[INFO] Converter: Jackson ................................. SUCCESS [  1.704 s]
[INFO] Converter: Wire Protocol Buffers ................... SUCCESS [  1.699 s]
[INFO] Converter: SimpleXML ............................... SUCCESS [  2.734 s]
[INFO] Converter: Java Scalars ............................ SUCCESS [  3.778 s]
[INFO] Converter: Moshi ................................... SUCCESS [  2.229 s]
[INFO] Converter: FastJson ................................ SUCCESS [  1.982 s]
[INFO] Retrofit Mock Adapter .............................. SUCCESS [  3.124 s]
[INFO] Samples ............................................ SUCCESS [  1.190 s]
[INFO] ------------------------------------------------------------------------
[INFO] BUILD SUCCESS
[INFO] ------------------------------------------------------------------------
[INFO] Total time: 58.290 s
[INFO] Finished at: 2016-04-15T09:35:34+00:00
[INFO] Final Memory: 44M/281M
[INFO] ------------------------------------------------------------------------

travis_time:end:00b20446:start=1460712874193469260,finish=1460712935361296216,duration=61167826956[0K
[32;1mThe command "mvn test -B" exited with 0.[0m
travis_fold:start:cache.2[0Kstore build cache
travis_time:start:077d0052[0K
travis_time:end:077d0052:start=1460712935365410414,finish=1460712935368604382,duration=3193968[0Ktravis_time:start:0b444778[0K[32;1mchange detected:
/home/travis/.m2/repository/com/alibaba/fastjson/1.2.8/fastjson-1.2.8.jar
/home/travis/.m2/repository/com/alibaba/fastjson/1.2.8/fastjson-1.2.8.jar.sha1
/home/travis/.m2/repository/com/alibaba/fastjson/1.2.8/fastjson-1.2.8.pom
/home/travis/.m2/repository/com/alibaba/fastjson/1.2.8/fastjson-1.2.8.pom.sha1
/home/travis/.m2/repository/com/alibaba/fastjson/1.2.8/_remote.repositories
/home/travis/.m2/repository/com/squareup/retrofit2/adapter-guava/2.0.3-SNAPSHOT/adapter-guava-2.0.3-SNAPSHOT.jar
/home/travis/.m2/repository/com/squareup/retrofit2/adapter-guava/2.0.3-SNAPSHOT/adapter-guava-2.0.3-SNAPSHOT.pom
/home/travis/.m2/repository/com/squareup/retrofit2/adapter-guava/2.0.3-SNAPSHOT/maven-metadata-local.xml
/home/travis/.m2/repository/com/squareup/retrofit2/adapter-guava/2.0.3-SNAPSHOT/_remote.repositories
/home/travis/.m2/repository/com/squareup/retrofit2/adapter-guava/maven-metadata-local.xml
/home/travis/.m2/repository/com/squareup/retrofit2/adapter-java8/2.0.3-SNAPSHOT/adapter-java8-2.0
[0m
[32;1m...
[0m
[32;1mchanges detected, packing new archive[0m
.
[32;1muploading archive[0m

travis_time:end:0b444778:start=1460712935372317759,finish=1460712944820092093,duration=9447774334[0Ktravis_fold:end:cache.2[0Ktravis_fold:start:after_success[0Ktravis_time:start:00255bb2[0K$ .buildscript/deploy_snapshot.sh
Skipping snapshot deployment: was pull request.

travis_time:end:00255bb2:start=1460712944824013721,finish=1460712944828637175,duration=4623454[0Ktravis_fold:end:after_success[0K
Done. Your build exited with 0.
