Using worker: worker-linux-docker-2b8b3dac.prod.travis-ci.org:travis-linux-12

travis_fold:start:system_info[0K[33;1mBuild system information[0m
Build language: java
Build group: stable
Build dist: precise
[34m[1mBuild image provisioning date and time[0m
Thu Feb  5 15:09:33 UTC 2015
[34m[1mOperating System Details[0m
Distributor ID:	Ubuntu
Description:	Ubuntu 12.04.5 LTS
Release:	12.04
Codename:	precise
[34m[1mLinux Version[0m
3.13.0-29-generic
[34m[1mCookbooks Version[0m
a68419e https://github.com/travis-ci/travis-cookbooks/tree/a68419e
[34m[1mGCC version[0m
gcc (Ubuntu/Linaro 4.6.3-1ubuntu5) 4.6.3
Copyright (C) 2011 Free Software Foundation, Inc.
This is free software; see the source for copying conditions.  There is NO
warranty; not even for MERCHANTABILITY or FITNESS FOR A PARTICULAR PURPOSE.

[34m[1mLLVM version[0m
clang version 3.4 (tags/RELEASE_34/final)
Target: x86_64-unknown-linux-gnu
Thread model: posix
[34m[1mPre-installed Ruby versions[0m
ruby-1.9.3-p551
[34m[1mPre-installed Node.js versions[0m
v0.10.36
[34m[1mPre-installed Go versions[0m
1.4.1
[34m[1mRedis version[0m
redis-server 2.8.19
[34m[1mriak version[0m
2.0.2
[34m[1mMongoDB version[0m
MongoDB 2.4.12
[34m[1mCouchDB version[0m
couchdb 1.6.1
[34m[1mNeo4j version[0m
1.9.4
[34m[1mRabbitMQ Version[0m
3.4.3
[34m[1mElasticSearch version[0m
1.4.0
[34m[1mInstalled Sphinx versions[0m
2.0.10
2.1.9
2.2.6
[34m[1mDefault Sphinx version[0m
2.2.6
[34m[1mInstalled Firefox version[0m
firefox 31.0esr
[34m[1mPhantomJS version[0m
1.9.8
[34m[1mant -version[0m
Apache Ant(TM) version 1.8.2 compiled on December 3 2011
[34m[1mmvn -version[0m
Apache Maven 3.2.5 (12a6b3acb947671f09b81f49094c53f426d8cea1; 2014-12-14T17:29:23+00:00)
Maven home: /usr/local/maven
Java version: 1.7.0_76, vendor: Oracle Corporation
Java home: /usr/lib/jvm/java-7-oracle/jre
Default locale: en_US, platform encoding: ANSI_X3.4-1968
OS name: "linux", version: "3.13.0-29-generic", arch: "amd64", family: "unix"
travis_fold:end:system_info[0K
travis_fold:start:fix.CVE-2015-7547[0K$ export DEBIAN_FRONTEND=noninteractive
W: Size of file /var/lib/apt/lists/us.archive.ubuntu.com_ubuntu_dists_precise-backports_multiverse_source_Sources.gz is not what the server reported 5886 5888
W: Size of file /var/lib/apt/lists/ppa.launchpad.net_ubuntugis_ppa_ubuntu_dists_precise_main_binary-amd64_Packages.gz is not what the server reported 36669 36677
W: Size of file /var/lib/apt/lists/ppa.launchpad.net_ubuntugis_ppa_ubuntu_dists_precise_main_binary-i386_Packages.gz is not what the server reported 36729 36733
Reading package lists...
Building dependency tree...
Reading state information...
The following extra packages will be installed:
  libc-bin libc-dev-bin libc6-dev
Suggested packages:
  glibc-doc
The following packages will be upgraded:
  libc-bin libc-dev-bin libc6 libc6-dev
4 upgraded, 0 newly installed, 0 to remove and 236 not upgraded.
Need to get 8,844 kB of archives.
After this operation, 9,216 B disk space will be freed.
Get:1 http://us.archive.ubuntu.com/ubuntu/ precise-updates/main libc6-dev amd64 2.15-0ubuntu10.13 [2,943 kB]
Get:2 http://us.archive.ubuntu.com/ubuntu/ precise-updates/main libc-dev-bin amd64 2.15-0ubuntu10.13 [84.7 kB]
Get:3 http://us.archive.ubuntu.com/ubuntu/ precise-updates/main libc-bin amd64 2.15-0ubuntu10.13 [1,179 kB]
Get:4 http://us.archive.ubuntu.com/ubuntu/ precise-updates/main libc6 amd64 2.15-0ubuntu10.13 [4,637 kB]
Fetched 8,844 kB in 0s (27.0 MB/s)
Preconfiguring packages ...
(Reading database ... (Reading database ... 5%(Reading database ... 10%(Reading database ... 15%(Reading database ... 20%(Reading database ... 25%(Reading database ... 30%(Reading database ... 35%(Reading database ... 40%(Reading database ... 45%(Reading database ... 50%(Reading database ... 55%(Reading database ... 60%(Reading database ... 65%(Reading database ... 70%(Reading database ... 75%(Reading database ... 80%(Reading database ... 85%(Reading database ... 90%(Reading database ... 95%(Reading database ... 100%(Reading database ... 72019 files and directories currently installed.)
Preparing to replace libc6-dev 2.15-0ubuntu10.10 (using .../libc6-dev_2.15-0ubuntu10.13_amd64.deb) ...
Unpacking replacement libc6-dev ...
Preparing to replace libc-dev-bin 2.15-0ubuntu10.10 (using .../libc-dev-bin_2.15-0ubuntu10.13_amd64.deb) ...
Unpacking replacement libc-dev-bin ...
Preparing to replace libc-bin 2.15-0ubuntu10.10 (using .../libc-bin_2.15-0ubuntu10.13_amd64.deb) ...
Unpacking replacement libc-bin ...
Processing triggers for man-db ...
Setting up libc-bin (2.15-0ubuntu10.13) ...
(Reading database ... (Reading database ... 5%(Reading database ... 10%(Reading database ... 15%(Reading database ... 20%(Reading database ... 25%(Reading database ... 30%(Reading database ... 35%(Reading database ... 40%(Reading database ... 45%(Reading database ... 50%(Reading database ... 55%(Reading database ... 60%(Reading database ... 65%(Reading database ... 70%(Reading database ... 75%(Reading database ... 80%(Reading database ... 85%(Reading database ... 90%(Reading database ... 95%(Reading database ... 100%(Reading database ... 72019 files and directories currently installed.)
Preparing to replace libc6 2.15-0ubuntu10.10 (using .../libc6_2.15-0ubuntu10.13_amd64.deb) ...
Unpacking replacement libc6 ...
Setting up libc6 (2.15-0ubuntu10.13) ...
Setting up libc-dev-bin (2.15-0ubuntu10.13) ...
Setting up libc6-dev (2.15-0ubuntu10.13) ...
Processing triggers for libc-bin ...
ldconfig deferred processing now taking place
travis_fold:end:fix.CVE-2015-7547[0Ktravis_fold:start:git.checkout[0Ktravis_time:start:084d751c[0K$ git clone --depth=50 --branch=jw/sanity https://github.com/square/retrofit.git square/retrofit
Cloning into 'square/retrofit'...
remote: Counting objects: 1618, done.[K
remote: Compressing objects:   0% (1/762)   [Kremote: Compressing objects:   1% (8/762)   [Kremote: Compressing objects:   2% (16/762)   [Kremote: Compressing objects:   3% (23/762)   [Kremote: Compressing objects:   4% (31/762)   [Kremote: Compressing objects:   5% (39/762)   [Kremote: Compressing objects:   6% (46/762)   [Kremote: Compressing objects:   7% (54/762)   [Kremote: Compressing objects:   8% (61/762)   [Kremote: Compressing objects:   9% (69/762)   [Kremote: Compressing objects:  10% (77/762)   [Kremote: Compressing objects:  11% (84/762)   [Kremote: Compressing objects:  12% (92/762)   [Kremote: Compressing objects:  13% (100/762)   [Kremote: Compressing objects:  14% (107/762)   [Kremote: Compressing objects:  15% (115/762)   [Kremote: Compressing objects:  16% (122/762)   [Kremote: Compressing objects:  17% (130/762)   [Kremote: Compressing objects:  18% (138/762)   [Kremote: Compressing objects:  19% (145/762)   [Kremote: Compressing objects:  20% (153/762)   [Kremote: Compressing objects:  21% (161/762)   [Kremote: Compressing objects:  22% (168/762)   [Kremote: Compressing objects:  23% (176/762)   [Kremote: Compressing objects:  24% (183/762)   [Kremote: Compressing objects:  25% (191/762)   [Kremote: Compressing objects:  26% (199/762)   [Kremote: Compressing objects:  27% (206/762)   [Kremote: Compressing objects:  28% (214/762)   [Kremote: Compressing objects:  29% (221/762)   [Kremote: Compressing objects:  30% (229/762)   [Kremote: Compressing objects:  31% (237/762)   [Kremote: Compressing objects:  32% (244/762)   [Kremote: Compressing objects:  33% (252/762)   [Kremote: Compressing objects:  34% (260/762)   [Kremote: Compressing objects:  35% (267/762)   [Kremote: Compressing objects:  36% (275/762)   [Kremote: Compressing objects:  37% (282/762)   [Kremote: Compressing objects:  38% (290/762)   [Kremote: Compressing objects:  39% (298/762)   [Kremote: Compressing objects:  40% (305/762)   [Kremote: Compressing objects:  41% (313/762)   [Kremote: Compressing objects:  42% (321/762)   [Kremote: Compressing objects:  43% (328/762)   [Kremote: Compressing objects:  44% (336/762)   [Kremote: Compressing objects:  45% (343/762)   [Kremote: Compressing objects:  46% (351/762)   [Kremote: Compressing objects:  47% (359/762)   [Kremote: Compressing objects:  48% (366/762)   [Kremote: Compressing objects:  49% (374/762)   [Kremote: Compressing objects:  50% (381/762)   [Kremote: Compressing objects:  51% (389/762)   [Kremote: Compressing objects:  52% (397/762)   [Kremote: Compressing objects:  53% (404/762)   [Kremote: Compressing objects:  54% (412/762)   [Kremote: Compressing objects:  55% (420/762)   [Kremote: Compressing objects:  56% (427/762)   [Kremote: Compressing objects:  57% (435/762)   [Kremote: Compressing objects:  58% (442/762)   [Kremote: Compressing objects:  59% (450/762)   [Kremote: Compressing objects:  60% (458/762)   [Kremote: Compressing objects:  61% (465/762)   [Kremote: Compressing objects:  62% (473/762)   [Kremote: Compressing objects:  63% (481/762)   [Kremote: Compressing objects:  64% (488/762)   [Kremote: Compressing objects:  65% (496/762)   [Kremote: Compressing objects:  66% (503/762)   [Kremote: Compressing objects:  67% (511/762)   [Kremote: Compressing objects:  68% (519/762)   [Kremote: Compressing objects:  69% (526/762)   [Kremote: Compressing objects:  70% (534/762)   [Kremote: Compressing objects:  71% (542/762)   [Kremote: Compressing objects:  72% (549/762)   [Kremote: Compressing objects:  73% (557/762)   [Kremote: Compressing objects:  74% (564/762)   [Kremote: Compressing objects:  75% (572/762)   [Kremote: Compressing objects:  76% (580/762)   [Kremote: Compressing objects:  77% (587/762)   [Kremote: Compressing objects:  78% (595/762)   [Kremote: Compressing objects:  79% (602/762)   [Kremote: Compressing objects:  80% (610/762)   [Kremote: Compressing objects:  81% (618/762)   [Kremote: Compressing objects:  82% (625/762)   [Kremote: Compressing objects:  83% (633/762)   [Kremote: Compressing objects:  84% (641/762)   [Kremote: Compressing objects:  85% (648/762)   [Kremote: Compressing objects:  86% (656/762)   [Kremote: Compressing objects:  87% (663/762)   [Kremote: Compressing objects:  88% (671/762)   [Kremote: Compressing objects:  89% (679/762)   [Kremote: Compressing objects:  90% (686/762)   [Kremote: Compressing objects:  91% (694/762)   [Kremote: Compressing objects:  92% (702/762)   [Kremote: Compressing objects:  93% (709/762)   [Kremote: Compressing objects:  94% (717/762)   [Kremote: Compressing objects:  95% (724/762)   [Kremote: Compressing objects:  96% (732/762)   [Kremote: Compressing objects:  97% (740/762)   [Kremote: Compressing objects:  98% (747/762)   [Kremote: Compressing objects:  99% (755/762)   [Kremote: Compressing objects: 100% (762/762)   [Kremote: Compressing objects: 100% (762/762), done.[K
Receiving objects:   0% (1/1618)   Receiving objects:   1% (17/1618)   Receiving objects:   2% (33/1618)   Receiving objects:   3% (49/1618)   Receiving objects:   4% (65/1618)   Receiving objects:   5% (81/1618)   Receiving objects:   6% (98/1618)   Receiving objects:   7% (114/1618)   Receiving objects:   8% (130/1618)   Receiving objects:   9% (146/1618)   Receiving objects:  10% (162/1618)   Receiving objects:  11% (178/1618)   Receiving objects:  12% (195/1618)   Receiving objects:  13% (211/1618)   Receiving objects:  14% (227/1618)   Receiving objects:  15% (243/1618)   Receiving objects:  16% (259/1618)   Receiving objects:  17% (276/1618)   Receiving objects:  18% (292/1618)   Receiving objects:  19% (308/1618)   Receiving objects:  20% (324/1618)   Receiving objects:  21% (340/1618)   Receiving objects:  22% (356/1618)   Receiving objects:  23% (373/1618)   Receiving objects:  24% (389/1618)   Receiving objects:  25% (405/1618)   Receiving objects:  26% (421/1618)   Receiving objects:  27% (437/1618)   Receiving objects:  28% (454/1618)   Receiving objects:  29% (470/1618)   Receiving objects:  30% (486/1618)   Receiving objects:  31% (502/1618)   Receiving objects:  32% (518/1618)   Receiving objects:  33% (534/1618)   Receiving objects:  34% (551/1618)   Receiving objects:  35% (567/1618)   Receiving objects:  36% (583/1618)   Receiving objects:  37% (599/1618)   Receiving objects:  38% (615/1618)   Receiving objects:  39% (632/1618)   Receiving objects:  40% (648/1618)   Receiving objects:  41% (664/1618)   Receiving objects:  42% (680/1618)   Receiving objects:  43% (696/1618)   Receiving objects:  44% (712/1618)   Receiving objects:  45% (729/1618)   Receiving objects:  46% (745/1618)   Receiving objects:  47% (761/1618)   Receiving objects:  48% (777/1618)   Receiving objects:  49% (793/1618)   Receiving objects:  50% (809/1618)   Receiving objects:  51% (826/1618)   Receiving objects:  52% (842/1618)   Receiving objects:  53% (858/1618)   Receiving objects:  54% (874/1618)   Receiving objects:  55% (890/1618)   Receiving objects:  56% (907/1618)   Receiving objects:  57% (923/1618)   Receiving objects:  58% (939/1618)   Receiving objects:  59% (955/1618)   Receiving objects:  60% (971/1618)   Receiving objects:  61% (987/1618)   Receiving objects:  62% (1004/1618)   Receiving objects:  63% (1020/1618)   Receiving objects:  64% (1036/1618)   Receiving objects:  65% (1052/1618)   Receiving objects:  66% (1068/1618)   remote: Total 1618 (delta 598), reused 1361 (delta 407), pack-reused 0[K
Receiving objects:  67% (1085/1618)   Receiving objects:  68% (1101/1618)   Receiving objects:  69% (1117/1618)   Receiving objects:  70% (1133/1618)   Receiving objects:  71% (1149/1618)   Receiving objects:  72% (1165/1618)   Receiving objects:  73% (1182/1618)   Receiving objects:  74% (1198/1618)   Receiving objects:  75% (1214/1618)   Receiving objects:  76% (1230/1618)   Receiving objects:  77% (1246/1618)   Receiving objects:  78% (1263/1618)   Receiving objects:  79% (1279/1618)   Receiving objects:  80% (1295/1618)   Receiving objects:  81% (1311/1618)   Receiving objects:  82% (1327/1618)   Receiving objects:  83% (1343/1618)   Receiving objects:  84% (1360/1618)   Receiving objects:  85% (1376/1618)   Receiving objects:  86% (1392/1618)   Receiving objects:  87% (1408/1618)   Receiving objects:  88% (1424/1618)   Receiving objects:  89% (1441/1618)   Receiving objects:  90% (1457/1618)   Receiving objects:  91% (1473/1618)   Receiving objects:  92% (1489/1618)   Receiving objects:  93% (1505/1618)   Receiving objects:  94% (1521/1618)   Receiving objects:  95% (1538/1618)   Receiving objects:  96% (1554/1618)   Receiving objects:  97% (1570/1618)   Receiving objects:  98% (1586/1618)   Receiving objects:  99% (1602/1618)   Receiving objects: 100% (1618/1618)   Receiving objects: 100% (1618/1618), 376.56 KiB | 0 bytes/s, done.
Resolving deltas:   0% (0/598)   Resolving deltas:   5% (34/598)   Resolving deltas:   6% (41/598)   Resolving deltas:   7% (45/598)   Resolving deltas:  10% (62/598)   Resolving deltas:  25% (154/598)   Resolving deltas:  27% (165/598)   Resolving deltas:  28% (168/598)   Resolving deltas:  29% (174/598)   Resolving deltas:  31% (191/598)   Resolving deltas:  34% (207/598)   Resolving deltas:  35% (210/598)   Resolving deltas:  37% (226/598)   Resolving deltas:  38% (228/598)   Resolving deltas:  39% (237/598)   Resolving deltas:  40% (241/598)   Resolving deltas:  41% (246/598)   Resolving deltas:  43% (260/598)   Resolving deltas:  44% (264/598)   Resolving deltas:  47% (285/598)   Resolving deltas:  48% (290/598)   Resolving deltas:  49% (297/598)   Resolving deltas:  50% (300/598)   Resolving deltas:  52% (314/598)   Resolving deltas:  53% (318/598)   Resolving deltas:  54% (323/598)   Resolving deltas:  56% (338/598)   Resolving deltas:  57% (342/598)   Resolving deltas:  58% (347/598)   Resolving deltas:  59% (354/598)   Resolving deltas:  60% (360/598)   Resolving deltas:  61% (366/598)   Resolving deltas:  63% (379/598)   Resolving deltas:  64% (384/598)   Resolving deltas:  65% (393/598)   Resolving deltas:  66% (395/598)   Resolving deltas:  67% (401/598)   Resolving deltas:  68% (409/598)   Resolving deltas:  70% (421/598)   Resolving deltas:  71% (428/598)   Resolving deltas:  72% (434/598)   Resolving deltas:  75% (453/598)   Resolving deltas:  76% (457/598)   Resolving deltas:  78% (471/598)   Resolving deltas:  79% (473/598)   Resolving deltas:  80% (479/598)   Resolving deltas:  81% (490/598)   Resolving deltas:  82% (491/598)   Resolving deltas:  83% (497/598)   Resolving deltas:  84% (503/598)   Resolving deltas:  85% (511/598)   Resolving deltas:  86% (516/598)   Resolving deltas:  87% (521/598)   Resolving deltas:  88% (532/598)   Resolving deltas:  90% (540/598)   Resolving deltas:  91% (545/598)   Resolving deltas:  92% (551/598)   Resolving deltas:  94% (565/598)   Resolving deltas:  95% (571/598)   Resolving deltas:  97% (582/598)   Resolving deltas:  98% (588/598)   Resolving deltas:  99% (594/598)   Resolving deltas: 100% (598/598)   Resolving deltas: 100% (598/598), done.
Checking connectivity... done.

travis_time:end:084d751c:start=1461265949452041985,finish=1461265950057053560,duration=605011575[0K$ cd square/retrofit
$ git checkout -qf 5b7af9a4d3f8ecb30ba297c3d72fb727a0c5b61d
travis_fold:end:git.checkout[0K
[33;1mThis job is running on container-based infrastructure, which does not allow use of 'sudo', setuid and setguid executables.[0m
[33;1mIf you require sudo, add 'sudo: required' to your .travis.yml[0m
[33;1mSee https://docs.travis-ci.com/user/workers/container-based-infrastructure/ for details.[0m

[33;1mSetting environment variables from .travis.yml[0m
$ export CI_DEPLOY_USERNAME=[secure]
$ export CI_DEPLOY_PASSWORD=[secure]

$ jdk_switcher use oraclejdk8
Switching to Oracle JDK8 (java-8-oracle), JAVA_HOME will be set to /usr/lib/jvm/java-8-oracle
travis_fold:start:cache.1[0KSetting up build cache
$ export CASHER_DIR=$HOME/.casher
travis_time:start:056f5908[0K$ Installing caching utilities

travis_time:end:056f5908:start=1461265951626072861,finish=1461265951677307819,duration=51234958[0Ktravis_time:start:051affc4[0K
travis_time:end:051affc4:start=1461265951681913257,finish=1461265951685096458,duration=3183201[0Ktravis_time:start:19779186[0K[32;1mattempting to download cache archive[0m
[32;1mfetching jwsanity/cache--jdk-oraclejdk8.tgz[0m
[32;1mfetching jwsanity/cache--jdk-oraclejdk8.tbz[0m
[32;1mfetching master/cache--jdk-oraclejdk8.tgz[0m
[32;1mfound cache[0m

travis_time:end:19779186:start=1461265951688814456,finish=1461265954316542278,duration=2627727822[0Ktravis_time:start:12ab3435[0K
travis_time:end:12ab3435:start=1461265954320454875,finish=1461265954324648228,duration=4193353[0Ktravis_time:start:0ab9a080[0K[32;1madding /home/travis/.m2 to cache[0m

travis_time:end:0ab9a080:start=1461265954329636670,finish=1461265957059889958,duration=2730253288[0Ktravis_fold:end:cache.1[0K$ java -Xmx32m -version
java version "1.8.0_31"
Java(TM) SE Runtime Environment (build 1.8.0_31-b13)
Java HotSpot(TM) 64-Bit Server VM (build 25.31-b07, mixed mode)
$ javac -J-Xmx32m -version
javac 1.8.0_31
travis_fold:start:install[0Ktravis_time:start:13b3a0ad[0K$ mvn install -DskipTests=true -Dmaven.javadoc.skip=true -B -V
Java HotSpot(TM) 64-Bit Server VM warning: ignoring option MaxPermSize=192m; support was removed in 8.0
Apache Maven 3.2.5 (12a6b3acb947671f09b81f49094c53f426d8cea1; 2014-12-14T17:29:23+00:00)
Maven home: /usr/local/maven
Java version: 1.8.0_31, vendor: Oracle Corporation
Java home: /usr/lib/jvm/java-8-oracle/jre
Default locale: en_US, platform encoding: UTF-8
OS name: "linux", version: "3.13.0-40-generic", arch: "amd64", family: "unix"
[INFO] Scanning for projects...
[WARNING] 
[WARNING] Some problems were encountered while building the effective model for com.squareup.retrofit2:samples:jar:2.0.3-SNAPSHOT
[WARNING] 'build.plugins.plugin.version' for org.apache.maven.plugins:maven-deploy-plugin is missing. @ com.squareup.retrofit2:samples:[unknown-version], /home/travis/build/square/retrofit/samples/pom.xml, line 55, column 15
[WARNING] 
[WARNING] It is highly recommended to fix these problems because they threaten the stability of your build.
[WARNING] 
[WARNING] For this reason, future Maven versions might no longer support building such malformed projects.
[WARNING] 
[INFO] ------------------------------------------------------------------------
[INFO] Reactor Build Order:
[INFO] 
[INFO] Retrofit (Parent)
[INFO] Retrofit
[INFO] Adapters
[INFO] Adapter: Guava
[INFO] Adapter: Java 8
[INFO] Adapter: RxJava
[INFO] Converters
[INFO] Converter: Gson
[INFO] Converter: Protocol Buffers
[INFO] Converter: Jackson
[INFO] Converter: Wire Protocol Buffers
[INFO] Converter: SimpleXML
[INFO] Converter: Java Scalars
[INFO] Converter: Moshi
[INFO] Retrofit Mock Adapter
[INFO] Samples
[INFO]                                                                         
[INFO] ------------------------------------------------------------------------
[INFO] Building Retrofit (Parent) 2.0.3-SNAPSHOT
[INFO] ------------------------------------------------------------------------
[INFO] 
[INFO] --- maven-enforcer-plugin:1.0:enforce (enforce-maven) @ parent ---
[INFO] 
[INFO] --- animal-sniffer-maven-plugin:1.14:check (default) @ parent ---
[INFO] Checking unresolved references to org.codehaus.mojo.signature:java16:1.1
[INFO] 
[INFO] --- maven-javadoc-plugin:2.10.3:jar (attach-javadocs) @ parent ---
[INFO] Skipping javadoc generation
[INFO] 
[INFO] --- maven-checkstyle-plugin:2.15:checkstyle (default) @ parent ---
[INFO] 
[INFO] --- maven-install-plugin:2.4:install (default-install) @ parent ---
[INFO] Installing /home/travis/build/square/retrofit/pom.xml to /home/travis/.m2/repository/com/squareup/retrofit2/parent/2.0.3-SNAPSHOT/parent-2.0.3-SNAPSHOT.pom
[INFO]                                                                         
[INFO] ------------------------------------------------------------------------
[INFO] Building Retrofit 2.0.3-SNAPSHOT
[INFO] ------------------------------------------------------------------------
[INFO] 
[INFO] --- maven-enforcer-plugin:1.0:enforce (enforce-maven) @ retrofit ---
[INFO] 
[INFO] --- maven-resources-plugin:2.6:resources (default-resources) @ retrofit ---
[INFO] Using 'UTF-8' encoding to copy filtered resources.
[INFO] skip non existing resourceDirectory /home/travis/build/square/retrofit/retrofit/src/main/resources
[INFO] 
[INFO] --- maven-compiler-plugin:3.0:compile (default-compile) @ retrofit ---
[INFO] Changes detected - recompiling the module!
[INFO] Compiling 40 source files to /home/travis/build/square/retrofit/retrofit/target/classes
[WARNING] /home/travis/build/square/retrofit/retrofit/src/main/java/retrofit2/Retrofit.java: Some input files use unchecked or unsafe operations.
[WARNING] /home/travis/build/square/retrofit/retrofit/src/main/java/retrofit2/Retrofit.java: Recompile with -Xlint:unchecked for details.
[INFO] 
[INFO] --- maven-resources-plugin:2.6:testResources (default-testResources) @ retrofit ---
[INFO] Using 'UTF-8' encoding to copy filtered resources.
[INFO] skip non existing resourceDirectory /home/travis/build/square/retrofit/retrofit/src/test/resources
[INFO] 
[INFO] --- maven-compiler-plugin:3.0:testCompile (default-testCompile) @ retrofit ---
[INFO] Changes detected - recompiling the module!
[INFO] Compiling 14 source files to /home/travis/build/square/retrofit/retrofit/target/test-classes
[WARNING] /home/travis/build/square/retrofit/retrofit/src/test/java/retrofit2/RetrofitTest.java: /home/travis/build/square/retrofit/retrofit/src/test/java/retrofit2/RetrofitTest.java uses unchecked or unsafe operations.
[WARNING] /home/travis/build/square/retrofit/retrofit/src/test/java/retrofit2/RetrofitTest.java: Recompile with -Xlint:unchecked for details.
[INFO] 
[INFO] --- maven-surefire-plugin:2.12.4:test (default-test) @ retrofit ---
[INFO] Tests are skipped.
[INFO] 
[INFO] --- animal-sniffer-maven-plugin:1.14:check (default) @ retrofit ---
[INFO] Checking unresolved references to org.codehaus.mojo.signature:java16:1.1
[INFO] 
[INFO] --- maven-jar-plugin:2.4:jar (default-jar) @ retrofit ---
[INFO] Building jar: /home/travis/build/square/retrofit/retrofit/target/retrofit-2.0.3-SNAPSHOT.jar
[INFO] 
[INFO] --- maven-javadoc-plugin:2.10.3:jar (attach-javadocs) @ retrofit ---
[INFO] Skipping javadoc generation
[INFO] 
[INFO] --- maven-checkstyle-plugin:2.15:checkstyle (default) @ retrofit ---
[INFO] Starting audit...
Audit done.
[WARNING] Unable to locate Source XRef to link to - DISABLED
[INFO] 
[INFO] --- maven-install-plugin:2.4:install (default-install) @ retrofit ---
[INFO] Installing /home/travis/build/square/retrofit/retrofit/target/retrofit-2.0.3-SNAPSHOT.jar to /home/travis/.m2/repository/com/squareup/retrofit2/retrofit/2.0.3-SNAPSHOT/retrofit-2.0.3-SNAPSHOT.jar
[INFO] Installing /home/travis/build/square/retrofit/retrofit/pom.xml to /home/travis/.m2/repository/com/squareup/retrofit2/retrofit/2.0.3-SNAPSHOT/retrofit-2.0.3-SNAPSHOT.pom
[INFO]                                                                         
[INFO] ------------------------------------------------------------------------
[INFO] Building Adapters 2.0.3-SNAPSHOT
[INFO] ------------------------------------------------------------------------
[INFO] 
[INFO] --- maven-enforcer-plugin:1.0:enforce (enforce-maven) @ retrofit-adapters ---
[INFO] 
[INFO] --- animal-sniffer-maven-plugin:1.14:check (default) @ retrofit-adapters ---
[INFO] Checking unresolved references to org.codehaus.mojo.signature:java16:1.1
[INFO] 
[INFO] --- maven-javadoc-plugin:2.10.3:jar (attach-javadocs) @ retrofit-adapters ---
[INFO] Skipping javadoc generation
[INFO] 
[INFO] --- maven-checkstyle-plugin:2.15:checkstyle (default) @ retrofit-adapters ---
[INFO] 
[INFO] --- maven-install-plugin:2.4:install (default-install) @ retrofit-adapters ---
[INFO] Installing /home/travis/build/square/retrofit/retrofit-adapters/pom.xml to /home/travis/.m2/repository/com/squareup/retrofit2/retrofit-adapters/2.0.3-SNAPSHOT/retrofit-adapters-2.0.3-SNAPSHOT.pom
[INFO]                                                                         
[INFO] ------------------------------------------------------------------------
[INFO] Building Adapter: Guava 2.0.3-SNAPSHOT
[INFO] ------------------------------------------------------------------------
[INFO] 
[INFO] --- maven-enforcer-plugin:1.0:enforce (enforce-maven) @ adapter-guava ---
[INFO] 
[INFO] --- maven-resources-plugin:2.6:resources (default-resources) @ adapter-guava ---
[INFO] Using 'UTF-8' encoding to copy filtered resources.
[INFO] skip non existing resourceDirectory /home/travis/build/square/retrofit/retrofit-adapters/guava/src/main/resources
[INFO] 
[INFO] --- maven-compiler-plugin:3.0:compile (default-compile) @ adapter-guava ---
[INFO] Changes detected - recompiling the module!
[INFO] Compiling 2 source files to /home/travis/build/square/retrofit/retrofit-adapters/guava/target/classes
[INFO] 
[INFO] --- maven-resources-plugin:2.6:testResources (default-testResources) @ adapter-guava ---
[INFO] Using 'UTF-8' encoding to copy filtered resources.
[INFO] skip non existing resourceDirectory /home/travis/build/square/retrofit/retrofit-adapters/guava/src/test/resources
[INFO] 
[INFO] --- maven-compiler-plugin:3.0:testCompile (default-testCompile) @ adapter-guava ---
[INFO] Changes detected - recompiling the module!
[INFO] Compiling 3 source files to /home/travis/build/square/retrofit/retrofit-adapters/guava/target/test-classes
[INFO] 
[INFO] --- maven-surefire-plugin:2.12.4:test (default-test) @ adapter-guava ---
[INFO] Tests are skipped.
[INFO] 
[INFO] --- animal-sniffer-maven-plugin:1.14:check (default) @ adapter-guava ---
[INFO] Checking unresolved references to org.codehaus.mojo.signature:java16:1.1
[INFO] 
[INFO] --- maven-jar-plugin:2.4:jar (default-jar) @ adapter-guava ---
[INFO] Building jar: /home/travis/build/square/retrofit/retrofit-adapters/guava/target/adapter-guava-2.0.3-SNAPSHOT.jar
[INFO] 
[INFO] --- maven-javadoc-plugin:2.10.3:jar (attach-javadocs) @ adapter-guava ---
[INFO] Skipping javadoc generation
[INFO] 
[INFO] --- maven-checkstyle-plugin:2.15:checkstyle (default) @ adapter-guava ---
[INFO] Starting audit...
Audit done.
[WARNING] Unable to locate Source XRef to link to - DISABLED
[INFO] 
[INFO] --- maven-install-plugin:2.4:install (default-install) @ adapter-guava ---
[INFO] Installing /home/travis/build/square/retrofit/retrofit-adapters/guava/target/adapter-guava-2.0.3-SNAPSHOT.jar to /home/travis/.m2/repository/com/squareup/retrofit2/adapter-guava/2.0.3-SNAPSHOT/adapter-guava-2.0.3-SNAPSHOT.jar
[INFO] Installing /home/travis/build/square/retrofit/retrofit-adapters/guava/pom.xml to /home/travis/.m2/repository/com/squareup/retrofit2/adapter-guava/2.0.3-SNAPSHOT/adapter-guava-2.0.3-SNAPSHOT.pom
[INFO]                                                                         
[INFO] ------------------------------------------------------------------------
[INFO] Building Adapter: Java 8 2.0.3-SNAPSHOT
[INFO] ------------------------------------------------------------------------
[INFO] 
[INFO] --- maven-enforcer-plugin:1.0:enforce (enforce-maven) @ adapter-java8 ---
[INFO] 
[INFO] --- maven-resources-plugin:2.6:resources (default-resources) @ adapter-java8 ---
[INFO] Using 'UTF-8' encoding to copy filtered resources.
[INFO] skip non existing resourceDirectory /home/travis/build/square/retrofit/retrofit-adapters/java8/src/main/resources
[INFO] 
[INFO] --- maven-compiler-plugin:3.0:compile (default-compile) @ adapter-java8 ---
[INFO] Changes detected - recompiling the module!
[INFO] Compiling 2 source files to /home/travis/build/square/retrofit/retrofit-adapters/java8/target/classes
[INFO] 
[INFO] --- maven-resources-plugin:2.6:testResources (default-testResources) @ adapter-java8 ---
[INFO] Using 'UTF-8' encoding to copy filtered resources.
[INFO] skip non existing resourceDirectory /home/travis/build/square/retrofit/retrofit-adapters/java8/src/test/resources
[INFO] 
[INFO] --- maven-compiler-plugin:3.0:testCompile (default-testCompile) @ adapter-java8 ---
[INFO] Changes detected - recompiling the module!
[INFO] Compiling 3 source files to /home/travis/build/square/retrofit/retrofit-adapters/java8/target/test-classes
[INFO] 
[INFO] --- maven-surefire-plugin:2.12.4:test (default-test) @ adapter-java8 ---
[INFO] Tests are skipped.
[INFO] 
[INFO] --- animal-sniffer-maven-plugin:1.14:check (default) @ adapter-java8 ---
[INFO] Checking unresolved references to org.kaazing.mojo.signature:java18:1.0
[INFO] 
[INFO] --- maven-jar-plugin:2.4:jar (default-jar) @ adapter-java8 ---
[INFO] Building jar: /home/travis/build/square/retrofit/retrofit-adapters/java8/target/adapter-java8-2.0.3-SNAPSHOT.jar
[INFO] 
[INFO] --- maven-javadoc-plugin:2.10.3:jar (attach-javadocs) @ adapter-java8 ---
[INFO] Skipping javadoc generation
[INFO] 
[INFO] --- maven-checkstyle-plugin:2.15:checkstyle (default) @ adapter-java8 ---
[INFO] Starting audit...
Audit done.
[WARNING] Unable to locate Source XRef to link to - DISABLED
[INFO] 
[INFO] --- maven-install-plugin:2.4:install (default-install) @ adapter-java8 ---
[INFO] Installing /home/travis/build/square/retrofit/retrofit-adapters/java8/target/adapter-java8-2.0.3-SNAPSHOT.jar to /home/travis/.m2/repository/com/squareup/retrofit2/adapter-java8/2.0.3-SNAPSHOT/adapter-java8-2.0.3-SNAPSHOT.jar
[INFO] Installing /home/travis/build/square/retrofit/retrofit-adapters/java8/pom.xml to /home/travis/.m2/repository/com/squareup/retrofit2/adapter-java8/2.0.3-SNAPSHOT/adapter-java8-2.0.3-SNAPSHOT.pom
[INFO]                                                                         
[INFO] ------------------------------------------------------------------------
[INFO] Building Adapter: RxJava 2.0.3-SNAPSHOT
[INFO] ------------------------------------------------------------------------
[INFO] 
[INFO] --- maven-enforcer-plugin:1.0:enforce (enforce-maven) @ adapter-rxjava ---
[INFO] 
[INFO] --- maven-resources-plugin:2.6:resources (default-resources) @ adapter-rxjava ---
[INFO] Using 'UTF-8' encoding to copy filtered resources.
[INFO] skip non existing resourceDirectory /home/travis/build/square/retrofit/retrofit-adapters/rxjava/src/main/resources
[INFO] 
[INFO] --- maven-compiler-plugin:3.0:compile (default-compile) @ adapter-rxjava ---
[INFO] Changes detected - recompiling the module!
[INFO] Compiling 6 source files to /home/travis/build/square/retrofit/retrofit-adapters/rxjava/target/classes
[INFO] 
[INFO] --- maven-resources-plugin:2.6:testResources (default-testResources) @ adapter-rxjava ---
[INFO] Using 'UTF-8' encoding to copy filtered resources.
[INFO] skip non existing resourceDirectory /home/travis/build/square/retrofit/retrofit-adapters/rxjava/src/test/resources
[INFO] 
[INFO] --- maven-compiler-plugin:3.0:testCompile (default-testCompile) @ adapter-rxjava ---
[INFO] Changes detected - recompiling the module!
[INFO] Compiling 9 source files to /home/travis/build/square/retrofit/retrofit-adapters/rxjava/target/test-classes
[INFO] 
[INFO] --- maven-surefire-plugin:2.12.4:test (default-test) @ adapter-rxjava ---
[INFO] Tests are skipped.
[INFO] 
[INFO] --- animal-sniffer-maven-plugin:1.14:check (default) @ adapter-rxjava ---
[INFO] Checking unresolved references to org.codehaus.mojo.signature:java16:1.1
[INFO] 
[INFO] --- maven-jar-plugin:2.4:jar (default-jar) @ adapter-rxjava ---
[INFO] Building jar: /home/travis/build/square/retrofit/retrofit-adapters/rxjava/target/adapter-rxjava-2.0.3-SNAPSHOT.jar
[INFO] 
[INFO] --- maven-javadoc-plugin:2.10.3:jar (attach-javadocs) @ adapter-rxjava ---
[INFO] Skipping javadoc generation
[INFO] 
[INFO] --- maven-checkstyle-plugin:2.15:checkstyle (default) @ adapter-rxjava ---
[INFO] Starting audit...
Audit done.
[WARNING] Unable to locate Source XRef to link to - DISABLED
[INFO] 
[INFO] --- maven-install-plugin:2.4:install (default-install) @ adapter-rxjava ---
[INFO] Installing /home/travis/build/square/retrofit/retrofit-adapters/rxjava/target/adapter-rxjava-2.0.3-SNAPSHOT.jar to /home/travis/.m2/repository/com/squareup/retrofit2/adapter-rxjava/2.0.3-SNAPSHOT/adapter-rxjava-2.0.3-SNAPSHOT.jar
[INFO] Installing /home/travis/build/square/retrofit/retrofit-adapters/rxjava/pom.xml to /home/travis/.m2/repository/com/squareup/retrofit2/adapter-rxjava/2.0.3-SNAPSHOT/adapter-rxjava-2.0.3-SNAPSHOT.pom
[INFO]                                                                         
[INFO] ------------------------------------------------------------------------
[INFO] Building Converters 2.0.3-SNAPSHOT
[INFO] ------------------------------------------------------------------------
[INFO] 
[INFO] --- maven-enforcer-plugin:1.0:enforce (enforce-maven) @ retrofit-converters ---
[INFO] 
[INFO] --- animal-sniffer-maven-plugin:1.14:check (default) @ retrofit-converters ---
[INFO] Checking unresolved references to org.codehaus.mojo.signature:java16:1.1
[INFO] 
[INFO] --- maven-javadoc-plugin:2.10.3:jar (attach-javadocs) @ retrofit-converters ---
[INFO] Skipping javadoc generation
[INFO] 
[INFO] --- maven-checkstyle-plugin:2.15:checkstyle (default) @ retrofit-converters ---
[INFO] 
[INFO] --- maven-install-plugin:2.4:install (default-install) @ retrofit-converters ---
[INFO] Installing /home/travis/build/square/retrofit/retrofit-converters/pom.xml to /home/travis/.m2/repository/com/squareup/retrofit2/retrofit-converters/2.0.3-SNAPSHOT/retrofit-converters-2.0.3-SNAPSHOT.pom
[INFO]                                                                         
[INFO] ------------------------------------------------------------------------
[INFO] Building Converter: Gson 2.0.3-SNAPSHOT
[INFO] ------------------------------------------------------------------------
[INFO] 
[INFO] --- maven-enforcer-plugin:1.0:enforce (enforce-maven) @ converter-gson ---
[INFO] 
[INFO] --- maven-resources-plugin:2.6:resources (default-resources) @ converter-gson ---
[INFO] Using 'UTF-8' encoding to copy filtered resources.
[INFO] skip non existing resourceDirectory /home/travis/build/square/retrofit/retrofit-converters/gson/src/main/resources
[INFO] 
[INFO] --- maven-compiler-plugin:3.0:compile (default-compile) @ converter-gson ---
[INFO] Changes detected - recompiling the module!
[INFO] Compiling 3 source files to /home/travis/build/square/retrofit/retrofit-converters/gson/target/classes
[INFO] 
[INFO] --- maven-resources-plugin:2.6:testResources (default-testResources) @ converter-gson ---
[INFO] Using 'UTF-8' encoding to copy filtered resources.
[INFO] skip non existing resourceDirectory /home/travis/build/square/retrofit/retrofit-converters/gson/src/test/resources
[INFO] 
[INFO] --- maven-compiler-plugin:3.0:testCompile (default-testCompile) @ converter-gson ---
[INFO] Changes detected - recompiling the module!
[INFO] Compiling 1 source file to /home/travis/build/square/retrofit/retrofit-converters/gson/target/test-classes
[INFO] 
[INFO] --- maven-surefire-plugin:2.12.4:test (default-test) @ converter-gson ---
[INFO] Tests are skipped.
[INFO] 
[INFO] --- animal-sniffer-maven-plugin:1.14:check (default) @ converter-gson ---
[INFO] Checking unresolved references to org.codehaus.mojo.signature:java16:1.1
[INFO] 
[INFO] --- maven-jar-plugin:2.4:jar (default-jar) @ converter-gson ---
[INFO] Building jar: /home/travis/build/square/retrofit/retrofit-converters/gson/target/converter-gson-2.0.3-SNAPSHOT.jar
[INFO] 
[INFO] --- maven-javadoc-plugin:2.10.3:jar (attach-javadocs) @ converter-gson ---
[INFO] Skipping javadoc generation
[INFO] 
[INFO] --- maven-checkstyle-plugin:2.15:checkstyle (default) @ converter-gson ---
[INFO] Starting audit...
Audit done.
[WARNING] Unable to locate Source XRef to link to - DISABLED
[INFO] 
[INFO] --- maven-install-plugin:2.4:install (default-install) @ converter-gson ---
[INFO] Installing /home/travis/build/square/retrofit/retrofit-converters/gson/target/converter-gson-2.0.3-SNAPSHOT.jar to /home/travis/.m2/repository/com/squareup/retrofit2/converter-gson/2.0.3-SNAPSHOT/converter-gson-2.0.3-SNAPSHOT.jar
[INFO] Installing /home/travis/build/square/retrofit/retrofit-converters/gson/pom.xml to /home/travis/.m2/repository/com/squareup/retrofit2/converter-gson/2.0.3-SNAPSHOT/converter-gson-2.0.3-SNAPSHOT.pom
[INFO]                                                                         
[INFO] ------------------------------------------------------------------------
[INFO] Building Converter: Protocol Buffers 2.0.3-SNAPSHOT
[INFO] ------------------------------------------------------------------------
[INFO] 
[INFO] --- maven-enforcer-plugin:1.0:enforce (enforce-maven) @ converter-protobuf ---
[INFO] 
[INFO] --- maven-resources-plugin:2.6:resources (default-resources) @ converter-protobuf ---
[INFO] Using 'UTF-8' encoding to copy filtered resources.
[INFO] skip non existing resourceDirectory /home/travis/build/square/retrofit/retrofit-converters/protobuf/src/main/resources
[INFO] 
[INFO] --- maven-compiler-plugin:3.0:compile (default-compile) @ converter-protobuf ---
[INFO] Changes detected - recompiling the module!
[INFO] Compiling 3 source files to /home/travis/build/square/retrofit/retrofit-converters/protobuf/target/classes
[WARNING] /home/travis/build/square/retrofit/retrofit-converters/protobuf/src/main/java/retrofit2/converter/protobuf/ProtoConverterFactory.java: /home/travis/build/square/retrofit/retrofit-converters/protobuf/src/main/java/retrofit2/converter/protobuf/ProtoConverterFactory.java uses unchecked or unsafe operations.
[WARNING] /home/travis/build/square/retrofit/retrofit-converters/protobuf/src/main/java/retrofit2/converter/protobuf/ProtoConverterFactory.java: Recompile with -Xlint:unchecked for details.
[INFO] 
[INFO] --- maven-resources-plugin:2.6:testResources (default-testResources) @ converter-protobuf ---
[INFO] Using 'UTF-8' encoding to copy filtered resources.
[INFO] skip non existing resourceDirectory /home/travis/build/square/retrofit/retrofit-converters/protobuf/src/test/resources
[INFO] 
[INFO] --- maven-compiler-plugin:3.0:testCompile (default-testCompile) @ converter-protobuf ---
[INFO] Changes detected - recompiling the module!
[INFO] Compiling 2 source files to /home/travis/build/square/retrofit/retrofit-converters/protobuf/target/test-classes
[INFO] 
[INFO] --- maven-surefire-plugin:2.12.4:test (default-test) @ converter-protobuf ---
[INFO] Tests are skipped.
[INFO] 
[INFO] --- animal-sniffer-maven-plugin:1.14:check (default) @ converter-protobuf ---
[INFO] Checking unresolved references to org.codehaus.mojo.signature:java16:1.1
[INFO] 
[INFO] --- maven-jar-plugin:2.4:jar (default-jar) @ converter-protobuf ---
[INFO] Building jar: /home/travis/build/square/retrofit/retrofit-converters/protobuf/target/converter-protobuf-2.0.3-SNAPSHOT.jar
[INFO] 
[INFO] --- maven-javadoc-plugin:2.10.3:jar (attach-javadocs) @ converter-protobuf ---
[INFO] Skipping javadoc generation
[INFO] 
[INFO] --- maven-checkstyle-plugin:2.15:checkstyle (default) @ converter-protobuf ---
[INFO] Starting audit...
Audit done.
[WARNING] Unable to locate Source XRef to link to - DISABLED
[INFO] 
[INFO] --- maven-install-plugin:2.4:install (default-install) @ converter-protobuf ---
[INFO] Installing /home/travis/build/square/retrofit/retrofit-converters/protobuf/target/converter-protobuf-2.0.3-SNAPSHOT.jar to /home/travis/.m2/repository/com/squareup/retrofit2/converter-protobuf/2.0.3-SNAPSHOT/converter-protobuf-2.0.3-SNAPSHOT.jar
[INFO] Installing /home/travis/build/square/retrofit/retrofit-converters/protobuf/pom.xml to /home/travis/.m2/repository/com/squareup/retrofit2/converter-protobuf/2.0.3-SNAPSHOT/converter-protobuf-2.0.3-SNAPSHOT.pom
[INFO]                                                                         
[INFO] ------------------------------------------------------------------------
[INFO] Building Converter: Jackson 2.0.3-SNAPSHOT
[INFO] ------------------------------------------------------------------------
[INFO] 
[INFO] --- maven-enforcer-plugin:1.0:enforce (enforce-maven) @ converter-jackson ---
[INFO] 
[INFO] --- maven-resources-plugin:2.6:resources (default-resources) @ converter-jackson ---
[INFO] Using 'UTF-8' encoding to copy filtered resources.
[INFO] skip non existing resourceDirectory /home/travis/build/square/retrofit/retrofit-converters/jackson/src/main/resources
[INFO] 
[INFO] --- maven-compiler-plugin:3.0:compile (default-compile) @ converter-jackson ---
[INFO] Changes detected - recompiling the module!
[INFO] Compiling 3 source files to /home/travis/build/square/retrofit/retrofit-converters/jackson/target/classes
[WARNING] /home/travis/build/square/retrofit/retrofit-converters/jackson/src/main/java/retrofit2/converter/jackson/JacksonConverterFactory.java: /home/travis/build/square/retrofit/retrofit-converters/jackson/src/main/java/retrofit2/converter/jackson/JacksonConverterFactory.java uses or overrides a deprecated API.
[WARNING] /home/travis/build/square/retrofit/retrofit-converters/jackson/src/main/java/retrofit2/converter/jackson/JacksonConverterFactory.java: Recompile with -Xlint:deprecation for details.
[INFO] 
[INFO] --- maven-resources-plugin:2.6:testResources (default-testResources) @ converter-jackson ---
[INFO] Using 'UTF-8' encoding to copy filtered resources.
[INFO] skip non existing resourceDirectory /home/travis/build/square/retrofit/retrofit-converters/jackson/src/test/resources
[INFO] 
[INFO] --- maven-compiler-plugin:3.0:testCompile (default-testCompile) @ converter-jackson ---
[INFO] Changes detected - recompiling the module!
[INFO] Compiling 1 source file to /home/travis/build/square/retrofit/retrofit-converters/jackson/target/test-classes
[WARNING] /home/travis/build/square/retrofit/retrofit-converters/jackson/src/test/java/retrofit2/converter/jackson/JacksonConverterFactoryTest.java: /home/travis/build/square/retrofit/retrofit-converters/jackson/src/test/java/retrofit2/converter/jackson/JacksonConverterFactoryTest.java uses or overrides a deprecated API.
[WARNING] /home/travis/build/square/retrofit/retrofit-converters/jackson/src/test/java/retrofit2/converter/jackson/JacksonConverterFactoryTest.java: Recompile with -Xlint:deprecation for details.
[INFO] 
[INFO] --- maven-surefire-plugin:2.12.4:test (default-test) @ converter-jackson ---
[INFO] Tests are skipped.
[INFO] 
[INFO] --- animal-sniffer-maven-plugin:1.14:check (default) @ converter-jackson ---
[INFO] Checking unresolved references to org.codehaus.mojo.signature:java16:1.1
[INFO] 
[INFO] --- maven-jar-plugin:2.4:jar (default-jar) @ converter-jackson ---
[INFO] Building jar: /home/travis/build/square/retrofit/retrofit-converters/jackson/target/converter-jackson-2.0.3-SNAPSHOT.jar
[INFO] 
[INFO] --- maven-javadoc-plugin:2.10.3:jar (attach-javadocs) @ converter-jackson ---
[INFO] Skipping javadoc generation
[INFO] 
[INFO] --- maven-checkstyle-plugin:2.15:checkstyle (default) @ converter-jackson ---
[INFO] Starting audit...
Audit done.
[WARNING] Unable to locate Source XRef to link to - DISABLED
[INFO] 
[INFO] --- maven-install-plugin:2.4:install (default-install) @ converter-jackson ---
[INFO] Installing /home/travis/build/square/retrofit/retrofit-converters/jackson/target/converter-jackson-2.0.3-SNAPSHOT.jar to /home/travis/.m2/repository/com/squareup/retrofit2/converter-jackson/2.0.3-SNAPSHOT/converter-jackson-2.0.3-SNAPSHOT.jar
[INFO] Installing /home/travis/build/square/retrofit/retrofit-converters/jackson/pom.xml to /home/travis/.m2/repository/com/squareup/retrofit2/converter-jackson/2.0.3-SNAPSHOT/converter-jackson-2.0.3-SNAPSHOT.pom
[INFO]                                                                         
[INFO] ------------------------------------------------------------------------
[INFO] Building Converter: Wire Protocol Buffers 2.0.3-SNAPSHOT
[INFO] ------------------------------------------------------------------------
[INFO] 
[INFO] --- maven-enforcer-plugin:1.0:enforce (enforce-maven) @ converter-wire ---
[INFO] 
[INFO] --- maven-resources-plugin:2.6:resources (default-resources) @ converter-wire ---
[INFO] Using 'UTF-8' encoding to copy filtered resources.
[INFO] skip non existing resourceDirectory /home/travis/build/square/retrofit/retrofit-converters/wire/src/main/resources
[INFO] 
[INFO] --- maven-compiler-plugin:3.0:compile (default-compile) @ converter-wire ---
[INFO] Changes detected - recompiling the module!
[INFO] Compiling 3 source files to /home/travis/build/square/retrofit/retrofit-converters/wire/target/classes
[WARNING] /home/travis/build/square/retrofit/retrofit-converters/wire/src/main/java/retrofit2/converter/wire/WireConverterFactory.java: /home/travis/build/square/retrofit/retrofit-converters/wire/src/main/java/retrofit2/converter/wire/WireConverterFactory.java uses unchecked or unsafe operations.
[WARNING] /home/travis/build/square/retrofit/retrofit-converters/wire/src/main/java/retrofit2/converter/wire/WireConverterFactory.java: Recompile with -Xlint:unchecked for details.
[INFO] 
[INFO] --- maven-resources-plugin:2.6:testResources (default-testResources) @ converter-wire ---
[INFO] Using 'UTF-8' encoding to copy filtered resources.
[INFO] skip non existing resourceDirectory /home/travis/build/square/retrofit/retrofit-converters/wire/src/test/resources
[INFO] 
[INFO] --- maven-compiler-plugin:3.0:testCompile (default-testCompile) @ converter-wire ---
[INFO] Changes detected - recompiling the module!
[INFO] Compiling 2 source files to /home/travis/build/square/retrofit/retrofit-converters/wire/target/test-classes
[INFO] 
[INFO] --- maven-surefire-plugin:2.12.4:test (default-test) @ converter-wire ---
[INFO] Tests are skipped.
[INFO] 
[INFO] --- animal-sniffer-maven-plugin:1.14:check (default) @ converter-wire ---
[INFO] Checking unresolved references to org.codehaus.mojo.signature:java16:1.1
[INFO] 
[INFO] --- maven-jar-plugin:2.4:jar (default-jar) @ converter-wire ---
[INFO] Building jar: /home/travis/build/square/retrofit/retrofit-converters/wire/target/converter-wire-2.0.3-SNAPSHOT.jar
[INFO] 
[INFO] --- maven-javadoc-plugin:2.10.3:jar (attach-javadocs) @ converter-wire ---
[INFO] Skipping javadoc generation
[INFO] 
[INFO] --- maven-checkstyle-plugin:2.15:checkstyle (default) @ converter-wire ---
[INFO] Starting audit...
Audit done.
[WARNING] Unable to locate Source XRef to link to - DISABLED
[INFO] 
[INFO] --- maven-install-plugin:2.4:install (default-install) @ converter-wire ---
[INFO] Installing /home/travis/build/square/retrofit/retrofit-converters/wire/target/converter-wire-2.0.3-SNAPSHOT.jar to /home/travis/.m2/repository/com/squareup/retrofit2/converter-wire/2.0.3-SNAPSHOT/converter-wire-2.0.3-SNAPSHOT.jar
[INFO] Installing /home/travis/build/square/retrofit/retrofit-converters/wire/pom.xml to /home/travis/.m2/repository/com/squareup/retrofit2/converter-wire/2.0.3-SNAPSHOT/converter-wire-2.0.3-SNAPSHOT.pom
[INFO]                                                                         
[INFO] ------------------------------------------------------------------------
[INFO] Building Converter: SimpleXML 2.0.3-SNAPSHOT
[INFO] ------------------------------------------------------------------------
[INFO] 
[INFO] --- maven-enforcer-plugin:1.0:enforce (enforce-maven) @ converter-simplexml ---
[INFO] 
[INFO] --- maven-resources-plugin:2.6:resources (default-resources) @ converter-simplexml ---
[INFO] Using 'UTF-8' encoding to copy filtered resources.
[INFO] skip non existing resourceDirectory /home/travis/build/square/retrofit/retrofit-converters/simplexml/src/main/resources
[INFO] 
[INFO] --- maven-compiler-plugin:3.0:compile (default-compile) @ converter-simplexml ---
[INFO] Changes detected - recompiling the module!
[INFO] Compiling 3 source files to /home/travis/build/square/retrofit/retrofit-converters/simplexml/target/classes
[INFO] 
[INFO] --- maven-resources-plugin:2.6:testResources (default-testResources) @ converter-simplexml ---
[INFO] Using 'UTF-8' encoding to copy filtered resources.
[INFO] skip non existing resourceDirectory /home/travis/build/square/retrofit/retrofit-converters/simplexml/src/test/resources
[INFO] 
[INFO] --- maven-compiler-plugin:3.0:testCompile (default-testCompile) @ converter-simplexml ---
[INFO] Changes detected - recompiling the module!
[INFO] Compiling 2 source files to /home/travis/build/square/retrofit/retrofit-converters/simplexml/target/test-classes
[INFO] 
[INFO] --- maven-surefire-plugin:2.12.4:test (default-test) @ converter-simplexml ---
[INFO] Tests are skipped.
[INFO] 
[INFO] --- animal-sniffer-maven-plugin:1.14:check (default) @ converter-simplexml ---
[INFO] Checking unresolved references to org.codehaus.mojo.signature:java16:1.1
[INFO] 
[INFO] --- maven-jar-plugin:2.4:jar (default-jar) @ converter-simplexml ---
[INFO] Building jar: /home/travis/build/square/retrofit/retrofit-converters/simplexml/target/converter-simplexml-2.0.3-SNAPSHOT.jar
[INFO] 
[INFO] --- maven-javadoc-plugin:2.10.3:jar (attach-javadocs) @ converter-simplexml ---
[INFO] Skipping javadoc generation
[INFO] 
[INFO] --- maven-checkstyle-plugin:2.15:checkstyle (default) @ converter-simplexml ---
[INFO] Starting audit...
Audit done.
[WARNING] Unable to locate Source XRef to link to - DISABLED
[INFO] 
[INFO] --- maven-install-plugin:2.4:install (default-install) @ converter-simplexml ---
[INFO] Installing /home/travis/build/square/retrofit/retrofit-converters/simplexml/target/converter-simplexml-2.0.3-SNAPSHOT.jar to /home/travis/.m2/repository/com/squareup/retrofit2/converter-simplexml/2.0.3-SNAPSHOT/converter-simplexml-2.0.3-SNAPSHOT.jar
[INFO] Installing /home/travis/build/square/retrofit/retrofit-converters/simplexml/pom.xml to /home/travis/.m2/repository/com/squareup/retrofit2/converter-simplexml/2.0.3-SNAPSHOT/converter-simplexml-2.0.3-SNAPSHOT.pom
[INFO]                                                                         
[INFO] ------------------------------------------------------------------------
[INFO] Building Converter: Java Scalars 2.0.3-SNAPSHOT
[INFO] ------------------------------------------------------------------------
[INFO] 
[INFO] --- maven-enforcer-plugin:1.0:enforce (enforce-maven) @ converter-scalars ---
[INFO] 
[INFO] --- maven-resources-plugin:2.6:resources (default-resources) @ converter-scalars ---
[INFO] Using 'UTF-8' encoding to copy filtered resources.
[INFO] skip non existing resourceDirectory /home/travis/build/square/retrofit/retrofit-converters/scalars/src/main/resources
[INFO] 
[INFO] --- maven-compiler-plugin:3.0:compile (default-compile) @ converter-scalars ---
[INFO] Changes detected - recompiling the module!
[INFO] Compiling 3 source files to /home/travis/build/square/retrofit/retrofit-converters/scalars/target/classes
[INFO] 
[INFO] --- maven-resources-plugin:2.6:testResources (default-testResources) @ converter-scalars ---
[INFO] Using 'UTF-8' encoding to copy filtered resources.
[INFO] skip non existing resourceDirectory /home/travis/build/square/retrofit/retrofit-converters/scalars/src/test/resources
[INFO] 
[INFO] --- maven-compiler-plugin:3.0:testCompile (default-testCompile) @ converter-scalars ---
[INFO] Changes detected - recompiling the module!
[INFO] Compiling 2 source files to /home/travis/build/square/retrofit/retrofit-converters/scalars/target/test-classes
[INFO] 
[INFO] --- maven-surefire-plugin:2.12.4:test (default-test) @ converter-scalars ---
[INFO] Tests are skipped.
[INFO] 
[INFO] --- animal-sniffer-maven-plugin:1.14:check (default) @ converter-scalars ---
[INFO] Checking unresolved references to org.codehaus.mojo.signature:java16:1.1
[INFO] 
[INFO] --- maven-jar-plugin:2.4:jar (default-jar) @ converter-scalars ---
[INFO] Building jar: /home/travis/build/square/retrofit/retrofit-converters/scalars/target/converter-scalars-2.0.3-SNAPSHOT.jar
[INFO] 
[INFO] --- maven-javadoc-plugin:2.10.3:jar (attach-javadocs) @ converter-scalars ---
[INFO] Skipping javadoc generation
[INFO] 
[INFO] --- maven-checkstyle-plugin:2.15:checkstyle (default) @ converter-scalars ---
[INFO] Starting audit...
Audit done.
[WARNING] Unable to locate Source XRef to link to - DISABLED
[INFO] 
[INFO] --- maven-install-plugin:2.4:install (default-install) @ converter-scalars ---
[INFO] Installing /home/travis/build/square/retrofit/retrofit-converters/scalars/target/converter-scalars-2.0.3-SNAPSHOT.jar to /home/travis/.m2/repository/com/squareup/retrofit2/converter-scalars/2.0.3-SNAPSHOT/converter-scalars-2.0.3-SNAPSHOT.jar
[INFO] Installing /home/travis/build/square/retrofit/retrofit-converters/scalars/pom.xml to /home/travis/.m2/repository/com/squareup/retrofit2/converter-scalars/2.0.3-SNAPSHOT/converter-scalars-2.0.3-SNAPSHOT.pom
[INFO]                                                                         
[INFO] ------------------------------------------------------------------------
[INFO] Building Converter: Moshi 2.0.3-SNAPSHOT
[INFO] ------------------------------------------------------------------------
[INFO] 
[INFO] --- maven-enforcer-plugin:1.0:enforce (enforce-maven) @ converter-moshi ---
[INFO] 
[INFO] --- maven-resources-plugin:2.6:resources (default-resources) @ converter-moshi ---
[INFO] Using 'UTF-8' encoding to copy filtered resources.
[INFO] skip non existing resourceDirectory /home/travis/build/square/retrofit/retrofit-converters/moshi/src/main/resources
[INFO] 
[INFO] --- maven-compiler-plugin:3.0:compile (default-compile) @ converter-moshi ---
[INFO] Changes detected - recompiling the module!
[INFO] Compiling 3 source files to /home/travis/build/square/retrofit/retrofit-converters/moshi/target/classes
[INFO] 
[INFO] --- maven-resources-plugin:2.6:testResources (default-testResources) @ converter-moshi ---
[INFO] Using 'UTF-8' encoding to copy filtered resources.
[INFO] skip non existing resourceDirectory /home/travis/build/square/retrofit/retrofit-converters/moshi/src/test/resources
[INFO] 
[INFO] --- maven-compiler-plugin:3.0:testCompile (default-testCompile) @ converter-moshi ---
[INFO] Changes detected - recompiling the module!
[INFO] Compiling 1 source file to /home/travis/build/square/retrofit/retrofit-converters/moshi/target/test-classes
[INFO] 
[INFO] --- maven-surefire-plugin:2.12.4:test (default-test) @ converter-moshi ---
[INFO] Tests are skipped.
[INFO] 
[INFO] --- animal-sniffer-maven-plugin:1.14:check (default) @ converter-moshi ---
[INFO] Checking unresolved references to org.codehaus.mojo.signature:java16:1.1
[INFO] 
[INFO] --- maven-jar-plugin:2.4:jar (default-jar) @ converter-moshi ---
[INFO] Building jar: /home/travis/build/square/retrofit/retrofit-converters/moshi/target/converter-moshi-2.0.3-SNAPSHOT.jar
[INFO] 
[INFO] --- maven-javadoc-plugin:2.10.3:jar (attach-javadocs) @ converter-moshi ---
[INFO] Skipping javadoc generation
[INFO] 
[INFO] --- maven-checkstyle-plugin:2.15:checkstyle (default) @ converter-moshi ---
[INFO] Starting audit...
Audit done.
[WARNING] Unable to locate Source XRef to link to - DISABLED
[INFO] 
[INFO] --- maven-install-plugin:2.4:install (default-install) @ converter-moshi ---
[INFO] Installing /home/travis/build/square/retrofit/retrofit-converters/moshi/target/converter-moshi-2.0.3-SNAPSHOT.jar to /home/travis/.m2/repository/com/squareup/retrofit2/converter-moshi/2.0.3-SNAPSHOT/converter-moshi-2.0.3-SNAPSHOT.jar
[INFO] Installing /home/travis/build/square/retrofit/retrofit-converters/moshi/pom.xml to /home/travis/.m2/repository/com/squareup/retrofit2/converter-moshi/2.0.3-SNAPSHOT/converter-moshi-2.0.3-SNAPSHOT.pom
[INFO]                                                                         
[INFO] ------------------------------------------------------------------------
[INFO] Building Retrofit Mock Adapter 2.0.3-SNAPSHOT
[INFO] ------------------------------------------------------------------------
[INFO] 
[INFO] --- maven-enforcer-plugin:1.0:enforce (enforce-maven) @ retrofit-mock ---
[INFO] 
[INFO] --- maven-resources-plugin:2.6:resources (default-resources) @ retrofit-mock ---
[INFO] Using 'UTF-8' encoding to copy filtered resources.
[INFO] skip non existing resourceDirectory /home/travis/build/square/retrofit/retrofit-mock/src/main/resources
[INFO] 
[INFO] --- maven-compiler-plugin:3.0:compile (default-compile) @ retrofit-mock ---
[INFO] Changes detected - recompiling the module!
[INFO] Compiling 5 source files to /home/travis/build/square/retrofit/retrofit-mock/target/classes
[INFO] 
[INFO] --- maven-resources-plugin:2.6:testResources (default-testResources) @ retrofit-mock ---
[INFO] Using 'UTF-8' encoding to copy filtered resources.
[INFO] skip non existing resourceDirectory /home/travis/build/square/retrofit/retrofit-mock/src/test/resources
[INFO] 
[INFO] --- maven-compiler-plugin:3.0:testCompile (default-testCompile) @ retrofit-mock ---
[INFO] Changes detected - recompiling the module!
[INFO] Compiling 3 source files to /home/travis/build/square/retrofit/retrofit-mock/target/test-classes
[INFO] 
[INFO] --- maven-surefire-plugin:2.12.4:test (default-test) @ retrofit-mock ---
[INFO] Tests are skipped.
[INFO] 
[INFO] --- animal-sniffer-maven-plugin:1.14:check (default) @ retrofit-mock ---
[INFO] Checking unresolved references to org.codehaus.mojo.signature:java16:1.1
[INFO] 
[INFO] --- maven-jar-plugin:2.4:jar (default-jar) @ retrofit-mock ---
[INFO] Building jar: /home/travis/build/square/retrofit/retrofit-mock/target/retrofit-mock-2.0.3-SNAPSHOT.jar
[INFO] 
[INFO] --- maven-javadoc-plugin:2.10.3:jar (attach-javadocs) @ retrofit-mock ---
[INFO] Skipping javadoc generation
[INFO] 
[INFO] --- maven-checkstyle-plugin:2.15:checkstyle (default) @ retrofit-mock ---
[INFO] Starting audit...
Audit done.
[WARNING] Unable to locate Source XRef to link to - DISABLED
[INFO] 
[INFO] --- maven-install-plugin:2.4:install (default-install) @ retrofit-mock ---
[INFO] Installing /home/travis/build/square/retrofit/retrofit-mock/target/retrofit-mock-2.0.3-SNAPSHOT.jar to /home/travis/.m2/repository/com/squareup/retrofit2/retrofit-mock/2.0.3-SNAPSHOT/retrofit-mock-2.0.3-SNAPSHOT.jar
[INFO] Installing /home/travis/build/square/retrofit/retrofit-mock/pom.xml to /home/travis/.m2/repository/com/squareup/retrofit2/retrofit-mock/2.0.3-SNAPSHOT/retrofit-mock-2.0.3-SNAPSHOT.pom
[INFO]                                                                         
[INFO] ------------------------------------------------------------------------
[INFO] Building Samples 2.0.3-SNAPSHOT
[INFO] ------------------------------------------------------------------------
[INFO] 
[INFO] --- maven-enforcer-plugin:1.0:enforce (enforce-maven) @ samples ---
[INFO] 
[INFO] --- maven-resources-plugin:2.6:resources (default-resources) @ samples ---
[INFO] Using 'UTF-8' encoding to copy filtered resources.
[INFO] skip non existing resourceDirectory /home/travis/build/square/retrofit/samples/src/main/resources
[INFO] 
[INFO] --- maven-compiler-plugin:3.0:compile (default-compile) @ samples ---
[INFO] Changes detected - recompiling the module!
[INFO] Compiling 9 source files to /home/travis/build/square/retrofit/samples/target/classes
[INFO] 
[INFO] --- maven-resources-plugin:2.6:testResources (default-testResources) @ samples ---
[INFO] Using 'UTF-8' encoding to copy filtered resources.
[INFO] skip non existing resourceDirectory /home/travis/build/square/retrofit/samples/src/test/resources
[INFO] 
[INFO] --- maven-compiler-plugin:3.0:testCompile (default-testCompile) @ samples ---
[INFO] No sources to compile
[INFO] 
[INFO] --- maven-surefire-plugin:2.12.4:test (default-test) @ samples ---
[INFO] Tests are skipped.
[INFO] 
[INFO] --- animal-sniffer-maven-plugin:1.14:check (default) @ samples ---
[INFO] Checking unresolved references to org.codehaus.mojo.signature:java16:1.1
[INFO] 
[INFO] --- maven-jar-plugin:2.4:jar (default-jar) @ samples ---
[INFO] Building jar: /home/travis/build/square/retrofit/samples/target/samples-2.0.3-SNAPSHOT.jar
[INFO] 
[INFO] --- maven-javadoc-plugin:2.10.3:jar (attach-javadocs) @ samples ---
[INFO] Skipping javadoc generation
[INFO] 
[INFO] --- maven-checkstyle-plugin:2.15:checkstyle (default) @ samples ---
[INFO] Starting audit...
Audit done.
[WARNING] Unable to locate Source XRef to link to - DISABLED
[INFO] 
[INFO] --- maven-install-plugin:2.4:install (default-install) @ samples ---
[INFO] Installing /home/travis/build/square/retrofit/samples/target/samples-2.0.3-SNAPSHOT.jar to /home/travis/.m2/repository/com/squareup/retrofit2/samples/2.0.3-SNAPSHOT/samples-2.0.3-SNAPSHOT.jar
[INFO] Installing /home/travis/build/square/retrofit/samples/pom.xml to /home/travis/.m2/repository/com/squareup/retrofit2/samples/2.0.3-SNAPSHOT/samples-2.0.3-SNAPSHOT.pom
[INFO] ------------------------------------------------------------------------
[INFO] Reactor Summary:
[INFO] 
[INFO] Retrofit (Parent) .................................. SUCCESS [  6.541 s]
[INFO] Retrofit ........................................... SUCCESS [ 23.864 s]
[INFO] Adapters ........................................... SUCCESS [  1.250 s]
[INFO] Adapter: Guava ..................................... SUCCESS [  4.607 s]
[INFO] Adapter: Java 8 .................................... SUCCESS [  3.225 s]
[INFO] Adapter: RxJava .................................... SUCCESS [  3.362 s]
[INFO] Converters ......................................... SUCCESS [  0.344 s]
[INFO] Converter: Gson .................................... SUCCESS [  1.168 s]
[INFO] Converter: Protocol Buffers ........................ SUCCESS [  1.274 s]
[INFO] Converter: Jackson ................................. SUCCESS [  1.469 s]
[INFO] Converter: Wire Protocol Buffers ................... SUCCESS [  1.840 s]
[INFO] Converter: SimpleXML ............................... SUCCESS [  1.577 s]
[INFO] Converter: Java Scalars ............................ SUCCESS [  1.580 s]
[INFO] Converter: Moshi ................................... SUCCESS [  0.669 s]
[INFO] Retrofit Mock Adapter .............................. SUCCESS [  1.046 s]
[INFO] Samples ............................................ SUCCESS [  1.904 s]
[INFO] ------------------------------------------------------------------------
[INFO] BUILD SUCCESS
[INFO] ------------------------------------------------------------------------
[INFO] Total time: 56.353 s
[INFO] Finished at: 2016-04-21T19:13:35+00:00
[INFO] Final Memory: 45M/435M
[INFO] ------------------------------------------------------------------------

travis_time:end:13b3a0ad:start=1461265957486655598,finish=1461266017859408754,duration=60372753156[0Ktravis_fold:end:install[0Ktravis_time:start:04fe8ddb[0K$ mvn test -B
Java HotSpot(TM) 64-Bit Server VM warning: ignoring option MaxPermSize=192m; support was removed in 8.0
[INFO] Scanning for projects...
[WARNING] 
[WARNING] Some problems were encountered while building the effective model for com.squareup.retrofit2:samples:jar:2.0.3-SNAPSHOT
[WARNING] 'build.plugins.plugin.version' for org.apache.maven.plugins:maven-deploy-plugin is missing. @ com.squareup.retrofit2:samples:[unknown-version], /home/travis/build/square/retrofit/samples/pom.xml, line 55, column 15
[WARNING] 
[WARNING] It is highly recommended to fix these problems because they threaten the stability of your build.
[WARNING] 
[WARNING] For this reason, future Maven versions might no longer support building such malformed projects.
[WARNING] 
[INFO] ------------------------------------------------------------------------
[INFO] Reactor Build Order:
[INFO] 
[INFO] Retrofit (Parent)
[INFO] Retrofit
[INFO] Adapters
[INFO] Adapter: Guava
[INFO] Adapter: Java 8
[INFO] Adapter: RxJava
[INFO] Converters
[INFO] Converter: Gson
[INFO] Converter: Protocol Buffers
[INFO] Converter: Jackson
[INFO] Converter: Wire Protocol Buffers
[INFO] Converter: SimpleXML
[INFO] Converter: Java Scalars
[INFO] Converter: Moshi
[INFO] Retrofit Mock Adapter
[INFO] Samples
[INFO]                                                                         
[INFO] ------------------------------------------------------------------------
[INFO] Building Retrofit (Parent) 2.0.3-SNAPSHOT
[INFO] ------------------------------------------------------------------------
[INFO] 
[INFO] --- maven-enforcer-plugin:1.0:enforce (enforce-maven) @ parent ---
[INFO] 
[INFO] --- animal-sniffer-maven-plugin:1.14:check (default) @ parent ---
[INFO] Checking unresolved references to org.codehaus.mojo.signature:java16:1.1
[INFO]                                                                         
[INFO] ------------------------------------------------------------------------
[INFO] Building Retrofit 2.0.3-SNAPSHOT
[INFO] ------------------------------------------------------------------------
[INFO] 
[INFO] --- maven-enforcer-plugin:1.0:enforce (enforce-maven) @ retrofit ---
[INFO] 
[INFO] --- maven-resources-plugin:2.6:resources (default-resources) @ retrofit ---
[INFO] Using 'UTF-8' encoding to copy filtered resources.
[INFO] skip non existing resourceDirectory /home/travis/build/square/retrofit/retrofit/src/main/resources
[INFO] 
[INFO] --- maven-compiler-plugin:3.0:compile (default-compile) @ retrofit ---
[INFO] Changes detected - recompiling the module!
[INFO] Compiling 40 source files to /home/travis/build/square/retrofit/retrofit/target/classes
[WARNING] /home/travis/build/square/retrofit/retrofit/src/main/java/retrofit2/Retrofit.java: Some input files use unchecked or unsafe operations.
[WARNING] /home/travis/build/square/retrofit/retrofit/src/main/java/retrofit2/Retrofit.java: Recompile with -Xlint:unchecked for details.
[INFO] 
[INFO] --- maven-resources-plugin:2.6:testResources (default-testResources) @ retrofit ---
[INFO] Using 'UTF-8' encoding to copy filtered resources.
[INFO] skip non existing resourceDirectory /home/travis/build/square/retrofit/retrofit/src/test/resources
[INFO] 
[INFO] --- maven-compiler-plugin:3.0:testCompile (default-testCompile) @ retrofit ---
[INFO] Changes detected - recompiling the module!
[INFO] Compiling 14 source files to /home/travis/build/square/retrofit/retrofit/target/test-classes
[WARNING] /home/travis/build/square/retrofit/retrofit/src/test/java/retrofit2/RetrofitTest.java: /home/travis/build/square/retrofit/retrofit/src/test/java/retrofit2/RetrofitTest.java uses unchecked or unsafe operations.
[WARNING] /home/travis/build/square/retrofit/retrofit/src/test/java/retrofit2/RetrofitTest.java: Recompile with -Xlint:unchecked for details.
[INFO] 
[INFO] --- maven-surefire-plugin:2.12.4:test (default-test) @ retrofit ---
[INFO] Surefire report directory: /home/travis/build/square/retrofit/retrofit/target/surefire-reports

-------------------------------------------------------
 T E S T S
-------------------------------------------------------
Running retrofit2.CallTest
Apr 21, 2016 7:13:57 PM okhttp3.mockwebserver.MockWebServer$3 execute
INFO: MockWebServer[59527] starting to accept connections
Apr 21, 2016 7:13:58 PM okhttp3.mockwebserver.MockWebServer$3 acceptConnections
INFO: MockWebServer[59527] done accepting connections: Socket closed
Apr 21, 2016 7:13:58 PM okhttp3.mockwebserver.MockWebServer$3 execute
INFO: MockWebServer[55998] starting to accept connections
Apr 21, 2016 7:13:58 PM okhttp3.mockwebserver.MockWebServer$4 processOneRequest
INFO: MockWebServer[55998] received request: GET / HTTP/1.1 and responded: HTTP/1.1 200 OK
Apr 21, 2016 7:13:58 PM okhttp3.mockwebserver.MockWebServer$3 acceptConnections
INFO: MockWebServer[55998] done accepting connections: Socket closed
Apr 21, 2016 7:13:58 PM okhttp3.mockwebserver.MockWebServer$3 execute
INFO: MockWebServer[60102] starting to accept connections
Apr 21, 2016 7:13:59 PM okhttp3.mockwebserver.MockWebServer$4 processOneRequest
INFO: MockWebServer[60102] received request: GET / HTTP/1.1 and responded: HTTP/1.1 404 Client Error
Apr 21, 2016 7:13:59 PM okhttp3.mockwebserver.MockWebServer$3 acceptConnections
INFO: MockWebServer[60102] done accepting connections: Socket closed
Apr 21, 2016 7:13:59 PM okhttp3.mockwebserver.MockWebServer$3 execute
INFO: MockWebServer[40298] starting to accept connections
Apr 21, 2016 7:13:59 PM okhttp3.mockwebserver.MockWebServer$4 processOneRequest
INFO: MockWebServer[40298] received request: POST /Hello HTTP/1.1 and responded: HTTP/1.1 200 OK
Apr 21, 2016 7:13:59 PM okhttp3.mockwebserver.MockWebServer$3 acceptConnections
INFO: MockWebServer[40298] done accepting connections: Socket closed
Apr 21, 2016 7:13:59 PM okhttp3.mockwebserver.MockWebServer$3 execute
INFO: MockWebServer[39756] starting to accept connections
Apr 21, 2016 7:13:59 PM okhttp3.mockwebserver.MockWebServer$3 acceptConnections
INFO: MockWebServer[39756] done accepting connections: Socket closed
Apr 21, 2016 7:13:59 PM okhttp3.mockwebserver.MockWebServer$3 execute
INFO: MockWebServer[51950] starting to accept connections
Apr 21, 2016 7:13:59 PM okhttp3.mockwebserver.MockWebServer$3 acceptConnections
INFO: MockWebServer[51950] done accepting connections: Socket closed
Apr 21, 2016 7:13:59 PM okhttp3.mockwebserver.MockWebServer$3 execute
INFO: MockWebServer[35202] starting to accept connections
Apr 21, 2016 7:13:59 PM okhttp3.mockwebserver.MockWebServer$3 acceptConnections
INFO: MockWebServer[35202] done accepting connections: Socket closed
Apr 21, 2016 7:13:59 PM okhttp3.mockwebserver.MockWebServer$4 processOneRequest
INFO: MockWebServer[35202] received request: GET / HTTP/1.1 and responded: HTTP/1.1 200 OK
Apr 21, 2016 7:13:59 PM okhttp3.mockwebserver.MockWebServer$3 execute
INFO: MockWebServer[41141] starting to accept connections
Apr 21, 2016 7:13:59 PM okhttp3.mockwebserver.MockWebServer$3 acceptConnections
INFO: MockWebServer[41141] done accepting connections: Socket closed
Apr 21, 2016 7:13:59 PM okhttp3.mockwebserver.MockWebServer$4 processOneRequest
INFO: MockWebServer[41141] received request: GET / HTTP/1.1 and responded: HTTP/1.1 200 OK
Apr 21, 2016 7:13:59 PM okhttp3.mockwebserver.MockWebServer$3 execute
INFO: MockWebServer[52406] starting to accept connections
Apr 21, 2016 7:13:59 PM okhttp3.mockwebserver.MockWebServer$3 acceptConnections
INFO: MockWebServer[52406] done accepting connections: Socket is closed
Apr 21, 2016 7:13:59 PM okhttp3.mockwebserver.MockWebServer$3 execute
INFO: MockWebServer[37151] starting to accept connections
Apr 21, 2016 7:13:59 PM okhttp3.mockwebserver.MockWebServer$3 acceptConnections
INFO: MockWebServer[37151] done accepting connections: Socket closed
Apr 21, 2016 7:13:59 PM okhttp3.mockwebserver.MockWebServer$4 processOneRequest
INFO: MockWebServer[37151] received request: POST /Hello HTTP/1.1 and responded: HTTP/1.1 200 OK
Apr 21, 2016 7:13:59 PM okhttp3.mockwebserver.MockWebServer$3 execute
INFO: MockWebServer[46466] starting to accept connections
Apr 21, 2016 7:13:59 PM okhttp3.mockwebserver.MockWebServer$4 processOneRequest
INFO: MockWebServer[46466] received request: POST /Hello HTTP/1.1 and responded: HTTP/1.1 200 OK
Apr 21, 2016 7:13:59 PM okhttp3.mockwebserver.MockWebServer$3 acceptConnections
INFO: MockWebServer[46466] done accepting connections: Socket closed
Apr 21, 2016 7:13:59 PM okhttp3.mockwebserver.MockWebServer$3 execute
INFO: MockWebServer[44987] starting to accept connections
Apr 21, 2016 7:13:59 PM okhttp3.mockwebserver.MockWebServer$3 acceptConnections
INFO: MockWebServer[44987] done accepting connections: Socket closed
Apr 21, 2016 7:13:59 PM okhttp3.mockwebserver.MockWebServer$3 execute
INFO: MockWebServer[33102] starting to accept connections
Apr 21, 2016 7:13:59 PM okhttp3.mockwebserver.MockWebServer$3 acceptConnections
INFO: MockWebServer[33102] done accepting connections: Socket closed
Apr 21, 2016 7:13:59 PM okhttp3.mockwebserver.MockWebServer$4 processOneRequest
INFO: MockWebServer[33102] received request: GET / HTTP/1.1 and responded: HTTP/1.1 404 Client Error
Apr 21, 2016 7:13:59 PM okhttp3.mockwebserver.MockWebServer$3 execute
INFO: MockWebServer[35715] starting to accept connections
Apr 21, 2016 7:13:59 PM okhttp3.mockwebserver.MockWebServer$3 acceptConnections
INFO: MockWebServer[35715] done accepting connections: Socket closed
Apr 21, 2016 7:13:59 PM okhttp3.mockwebserver.MockWebServer$4 processOneRequest
INFO: MockWebServer[35715] received request: POST / HTTP/1.1 and responded: HTTP/1.1 200 OK
Apr 21, 2016 7:13:59 PM okhttp3.mockwebserver.MockWebServer$3 execute
INFO: MockWebServer[35714] starting to accept connections
Apr 21, 2016 7:13:59 PM okhttp3.mockwebserver.MockWebServer$3 acceptConnections
INFO: MockWebServer[35714] done accepting connections: Socket closed
Apr 21, 2016 7:13:59 PM okhttp3.mockwebserver.MockWebServer$4 processOneRequest
INFO: MockWebServer[35714] received request: GET / HTTP/1.1 and responded: HTTP/1.1 204 Nothin
Apr 21, 2016 7:13:59 PM okhttp3.mockwebserver.MockWebServer$3 execute
INFO: MockWebServer[38163] starting to accept connections
Apr 21, 2016 7:13:59 PM okhttp3.mockwebserver.MockWebServer$3 acceptConnections
INFO: MockWebServer[38163] done accepting connections: Socket is closed
Apr 21, 2016 7:13:59 PM okhttp3.mockwebserver.MockWebServer$3 execute
INFO: MockWebServer[33390] starting to accept connections
Apr 21, 2016 7:13:59 PM okhttp3.mockwebserver.MockWebServer$3 acceptConnections
INFO: MockWebServer[33390] done accepting connections: Socket closed
Apr 21, 2016 7:13:59 PM okhttp3.mockwebserver.MockWebServer$4 processOneRequest
INFO: MockWebServer[33390] received request: GET / HTTP/1.1 and responded: HTTP/1.1 200 OK
Apr 21, 2016 7:13:59 PM okhttp3.mockwebserver.MockWebServer$3 execute
INFO: MockWebServer[60064] starting to accept connections
Apr 21, 2016 7:13:59 PM okhttp3.mockwebserver.MockWebServer$3 acceptConnections
INFO: MockWebServer[60064] done accepting connections: Socket closed
Apr 21, 2016 7:13:59 PM okhttp3.mockwebserver.MockWebServer$4 processOneRequest
INFO: MockWebServer[60064] received request: POST /Hello HTTP/1.1 and responded: HTTP/1.1 200 OK
Apr 21, 2016 7:13:59 PM okhttp3.mockwebserver.MockWebServer$3 execute
INFO: MockWebServer[39273] starting to accept connections
Apr 21, 2016 7:13:59 PM okhttp3.mockwebserver.MockWebServer$4 processOneRequest
INFO: MockWebServer[39273] received request: GET / HTTP/1.1 and responded: HTTP/1.1 200 OK
Apr 21, 2016 7:13:59 PM okhttp3.mockwebserver.MockWebServer$3 acceptConnections
INFO: MockWebServer[39273] done accepting connections: Socket closed
Apr 21, 2016 7:13:59 PM okhttp3.mockwebserver.MockWebServer$3 execute
INFO: MockWebServer[46662] starting to accept connections
Apr 21, 2016 7:13:59 PM okhttp3.mockwebserver.MockWebServer$3 acceptConnections
INFO: MockWebServer[46662] done accepting connections: Socket closed
Apr 21, 2016 7:13:59 PM okhttp3.mockwebserver.MockWebServer$4 processOneRequest
INFO: MockWebServer[46662] received request: POST / HTTP/1.1 and responded: HTTP/1.1 200 OK
Apr 21, 2016 7:13:59 PM okhttp3.mockwebserver.MockWebServer$3 execute
INFO: MockWebServer[38993] starting to accept connections
Apr 21, 2016 7:13:59 PM okhttp3.mockwebserver.MockWebServer$3 acceptConnections
INFO: MockWebServer[38993] done accepting connections: Socket is closed
Apr 21, 2016 7:13:59 PM okhttp3.mockwebserver.MockWebServer$3 execute
INFO: MockWebServer[54580] starting to accept connections
Apr 21, 2016 7:13:59 PM okhttp3.mockwebserver.MockWebServer$3 acceptConnections
INFO: MockWebServer[54580] done accepting connections: Socket is closed
Apr 21, 2016 7:13:59 PM okhttp3.mockwebserver.MockWebServer$3 execute
INFO: MockWebServer[38519] starting to accept connections
Apr 21, 2016 7:13:59 PM okhttp3.mockwebserver.MockWebServer$3 acceptConnections
INFO: MockWebServer[38519] done accepting connections: Socket is closed
Apr 21, 2016 7:13:59 PM okhttp3.mockwebserver.MockWebServer$3 execute
INFO: MockWebServer[37690] starting to accept connections
Apr 21, 2016 7:13:59 PM okhttp3.mockwebserver.MockWebServer$4 processOneRequest
INFO: MockWebServer[37690] received request: GET / HTTP/1.1 and responded: HTTP/1.1 200 OK
Apr 21, 2016 7:13:59 PM okhttp3.mockwebserver.MockWebServer$3 acceptConnections
INFO: MockWebServer[37690] done accepting connections: Socket closed
Apr 21, 2016 7:13:59 PM okhttp3.mockwebserver.MockWebServer$3 execute
INFO: MockWebServer[46206] starting to accept connections
Apr 21, 2016 7:13:59 PM okhttp3.mockwebserver.MockWebServer$3 acceptConnections
INFO: MockWebServer[46206] done accepting connections: Socket closed
Apr 21, 2016 7:13:59 PM okhttp3.mockwebserver.MockWebServer$4 processOneRequest
INFO: MockWebServer[46206] received request: GET / HTTP/1.1 and responded: HTTP/1.1 200 OK
Apr 21, 2016 7:13:59 PM okhttp3.mockwebserver.MockWebServer$3 execute
INFO: MockWebServer[34489] starting to accept connections
Apr 21, 2016 7:13:59 PM okhttp3.mockwebserver.MockWebServer$3 acceptConnections
INFO: MockWebServer[34489] done accepting connections: Socket closed
Apr 21, 2016 7:13:59 PM okhttp3.mockwebserver.MockWebServer$4 processOneRequest
INFO: MockWebServer[34489] received request: GET / HTTP/1.1 and responded: HTTP/1.1 205 Nothin
Apr 21, 2016 7:13:59 PM okhttp3.mockwebserver.MockWebServer$3 execute
INFO: MockWebServer[37819] starting to accept connections
Apr 21, 2016 7:13:59 PM okhttp3.mockwebserver.MockWebServer$4 processOneRequest
INFO: MockWebServer[37819] received request: GET / HTTP/1.1 and responded: HTTP/1.1 200 OK
Apr 21, 2016 7:13:59 PM okhttp3.mockwebserver.MockWebServer$4 processOneRequest
INFO: MockWebServer[37819] received request: GET / HTTP/1.1 and responded: HTTP/1.1 200 OK
Apr 21, 2016 7:13:59 PM okhttp3.mockwebserver.MockWebServer$3 acceptConnections
INFO: MockWebServer[37819] done accepting connections: Socket closed
Apr 21, 2016 7:13:59 PM okhttp3.mockwebserver.MockWebServer$3 execute
INFO: MockWebServer[38247] starting to accept connections
Apr 21, 2016 7:13:59 PM okhttp3.mockwebserver.MockWebServer$3 acceptConnections
INFO: MockWebServer[38247] done accepting connections: Socket closed
Apr 21, 2016 7:13:59 PM okhttp3.mockwebserver.MockWebServer$4 processOneRequest
INFO: MockWebServer[38247] received request: GET / HTTP/1.1 and responded: HTTP/1.1 200 OK
Apr 21, 2016 7:13:59 PM okhttp3.mockwebserver.MockWebServer$3 execute
INFO: MockWebServer[48339] starting to accept connections
Apr 21, 2016 7:13:59 PM okhttp3.mockwebserver.MockWebServer$3 acceptConnections
INFO: MockWebServer[48339] done accepting connections: Socket is closed
Apr 21, 2016 7:13:59 PM okhttp3.mockwebserver.MockWebServer$3 execute
INFO: MockWebServer[39179] starting to accept connections
Apr 21, 2016 7:13:59 PM okhttp3.mockwebserver.MockWebServer$3 acceptConnections
INFO: MockWebServer[39179] done accepting connections: Socket closed
Apr 21, 2016 7:13:59 PM okhttp3.mockwebserver.MockWebServer$3 execute
INFO: MockWebServer[54885] starting to accept connections
Apr 21, 2016 7:13:59 PM okhttp3.mockwebserver.MockWebServer$3 acceptConnections
INFO: MockWebServer[54885] done accepting connections: Socket closed
Apr 21, 2016 7:13:59 PM okhttp3.mockwebserver.MockWebServer$3 execute
INFO: MockWebServer[39907] starting to accept connections
Apr 21, 2016 7:13:59 PM okhttp3.mockwebserver.MockWebServer$3 acceptConnections
INFO: MockWebServer[39907] done accepting connections: Socket closed
Apr 21, 2016 7:13:59 PM okhttp3.mockwebserver.MockWebServer$4 processOneRequest
INFO: MockWebServer[39907] received request: GET / HTTP/1.1 and responded: HTTP/1.1 200 OK
Apr 21, 2016 7:13:59 PM okhttp3.mockwebserver.MockWebServer$3 execute
INFO: MockWebServer[51972] starting to accept connections
Apr 21, 2016 7:13:59 PM okhttp3.mockwebserver.MockWebServer$3 acceptConnections
INFO: MockWebServer[51972] done accepting connections: Socket closed
Apr 21, 2016 7:13:59 PM okhttp3.mockwebserver.MockWebServer$4 processOneRequest
INFO: MockWebServer[51972] received request: GET / HTTP/1.1 and responded: HTTP/1.1 200 OK
Apr 21, 2016 7:13:59 PM okhttp3.mockwebserver.MockWebServer$3 execute
INFO: MockWebServer[44405] starting to accept connections
Apr 21, 2016 7:13:59 PM okhttp3.mockwebserver.MockWebServer$3 acceptConnections
INFO: MockWebServer[44405] done accepting connections: Socket closed
Apr 21, 2016 7:13:59 PM okhttp3.mockwebserver.MockWebServer$4 processOneRequest
INFO: MockWebServer[44405] received request: GET / HTTP/1.1 and responded: HTTP/1.1 200 OK
Tests run: 34, Failures: 0, Errors: 0, Skipped: 0, Time elapsed: 2.227 sec
Running retrofit2.RequestBuilderTest
Tests run: 137, Failures: 0, Errors: 0, Skipped: 2, Time elapsed: 0.481 sec
Running retrofit2.ExecutorCallAdapterFactoryTest
Tests run: 7, Failures: 0, Errors: 0, Skipped: 0, Time elapsed: 0.172 sec
Running retrofit2.ServiceMethodTest
Tests run: 1, Failures: 0, Errors: 0, Skipped: 0, Time elapsed: 0.001 sec
Running retrofit2.RetrofitTest
Apr 21, 2016 7:14:00 PM okhttp3.mockwebserver.MockWebServer$3 execute
INFO: MockWebServer[48595] starting to accept connections
Apr 21, 2016 7:14:00 PM okhttp3.mockwebserver.MockWebServer$3 acceptConnections
INFO: MockWebServer[48595] done accepting connections: Socket is closed
Apr 21, 2016 7:14:00 PM okhttp3.mockwebserver.MockWebServer$3 execute
INFO: MockWebServer[60565] starting to accept connections
Apr 21, 2016 7:14:00 PM okhttp3.mockwebserver.MockWebServer$3 acceptConnections
INFO: MockWebServer[60565] done accepting connections: Socket is closed
Apr 21, 2016 7:14:00 PM okhttp3.mockwebserver.MockWebServer$3 execute
INFO: MockWebServer[37692] starting to accept connections
Apr 21, 2016 7:14:00 PM okhttp3.mockwebserver.MockWebServer$3 acceptConnections
INFO: MockWebServer[37692] done accepting connections: Socket is closed
Apr 21, 2016 7:14:00 PM okhttp3.mockwebserver.MockWebServer$3 execute
INFO: MockWebServer[60550] starting to accept connections
Apr 21, 2016 7:14:00 PM okhttp3.mockwebserver.MockWebServer$3 acceptConnections
INFO: MockWebServer[60550] done accepting connections: Socket closed
Apr 21, 2016 7:14:00 PM okhttp3.mockwebserver.MockWebServer$3 execute
INFO: MockWebServer[51376] starting to accept connections
Apr 21, 2016 7:14:00 PM okhttp3.mockwebserver.MockWebServer$3 acceptConnections
INFO: MockWebServer[51376] done accepting connections: Socket is closed
Apr 21, 2016 7:14:00 PM okhttp3.mockwebserver.MockWebServer$3 execute
INFO: MockWebServer[44896] starting to accept connections
Apr 21, 2016 7:14:00 PM okhttp3.mockwebserver.MockWebServer$3 acceptConnections
INFO: MockWebServer[44896] done accepting connections: Socket closed
Apr 21, 2016 7:14:00 PM okhttp3.mockwebserver.MockWebServer$4 processOneRequest
INFO: MockWebServer[44896] received request: GET / HTTP/1.1 and responded: HTTP/1.1 200 OK
Apr 21, 2016 7:14:00 PM okhttp3.mockwebserver.MockWebServer$3 execute
INFO: MockWebServer[45733] starting to accept connections
Apr 21, 2016 7:14:00 PM okhttp3.mockwebserver.MockWebServer$3 acceptConnections
INFO: MockWebServer[45733] done accepting connections: Socket is closed
Apr 21, 2016 7:14:00 PM okhttp3.mockwebserver.MockWebServer$3 execute
INFO: MockWebServer[57667] starting to accept connections
Apr 21, 2016 7:14:00 PM okhttp3.mockwebserver.MockWebServer$3 acceptConnections
INFO: MockWebServer[57667] done accepting connections: Socket is closed
Apr 21, 2016 7:14:00 PM okhttp3.mockwebserver.MockWebServer$3 execute
INFO: MockWebServer[55278] starting to accept connections
Apr 21, 2016 7:14:00 PM okhttp3.mockwebserver.MockWebServer$3 acceptConnections
INFO: MockWebServer[55278] done accepting connections: Socket closed
Apr 21, 2016 7:14:00 PM okhttp3.mockwebserver.MockWebServer$3 execute
INFO: MockWebServer[50967] starting to accept connections
Apr 21, 2016 7:14:00 PM okhttp3.mockwebserver.MockWebServer$3 acceptConnections
INFO: MockWebServer[50967] done accepting connections: Socket is closed
Apr 21, 2016 7:14:00 PM okhttp3.mockwebserver.MockWebServer$3 execute
INFO: MockWebServer[36042] starting to accept connections
Apr 21, 2016 7:14:00 PM okhttp3.mockwebserver.MockWebServer$3 acceptConnections
INFO: MockWebServer[36042] done accepting connections: Socket is closed
Apr 21, 2016 7:14:00 PM okhttp3.mockwebserver.MockWebServer$3 execute
INFO: MockWebServer[34155] starting to accept connections
Apr 21, 2016 7:14:00 PM okhttp3.mockwebserver.MockWebServer$3 acceptConnections
INFO: MockWebServer[34155] done accepting connections: Socket is closed
Apr 21, 2016 7:14:00 PM okhttp3.mockwebserver.MockWebServer$3 execute
INFO: MockWebServer[43656] starting to accept connections
Apr 21, 2016 7:14:00 PM okhttp3.mockwebserver.MockWebServer$3 acceptConnections
INFO: MockWebServer[43656] done accepting connections: Socket is closed
Apr 21, 2016 7:14:00 PM okhttp3.mockwebserver.MockWebServer$3 execute
INFO: MockWebServer[60122] starting to accept connections
Apr 21, 2016 7:14:00 PM okhttp3.mockwebserver.MockWebServer$3 acceptConnections
INFO: MockWebServer[60122] done accepting connections: Socket is closed
Apr 21, 2016 7:14:00 PM okhttp3.mockwebserver.MockWebServer$3 execute
INFO: MockWebServer[55597] starting to accept connections
Apr 21, 2016 7:14:00 PM okhttp3.mockwebserver.MockWebServer$3 acceptConnections
INFO: MockWebServer[55597] done accepting connections: Socket closed
Apr 21, 2016 7:14:00 PM okhttp3.mockwebserver.MockWebServer$3 execute
INFO: MockWebServer[37505] starting to accept connections
Apr 21, 2016 7:14:01 PM okhttp3.mockwebserver.MockWebServer$3 acceptConnections
INFO: MockWebServer[37505] done accepting connections: Socket closed
Apr 21, 2016 7:14:01 PM okhttp3.mockwebserver.MockWebServer$4 processOneRequest
INFO: MockWebServer[37505] received request: GET / HTTP/1.1 and responded: HTTP/1.1 200 OK
Apr 21, 2016 7:14:01 PM okhttp3.mockwebserver.MockWebServer$3 execute
INFO: MockWebServer[54367] starting to accept connections
Apr 21, 2016 7:14:01 PM okhttp3.mockwebserver.MockWebServer$3 acceptConnections
INFO: MockWebServer[54367] done accepting connections: Socket is closed
Apr 21, 2016 7:14:01 PM okhttp3.mockwebserver.MockWebServer$3 execute
INFO: MockWebServer[59977] starting to accept connections
Apr 21, 2016 7:14:01 PM okhttp3.mockwebserver.MockWebServer$3 acceptConnections
INFO: MockWebServer[59977] done accepting connections: Socket closed
Apr 21, 2016 7:14:01 PM okhttp3.mockwebserver.MockWebServer$3 execute
INFO: MockWebServer[57983] starting to accept connections
Apr 21, 2016 7:14:01 PM okhttp3.mockwebserver.MockWebServer$4 processOneRequest
INFO: MockWebServer[57983] received request: GET / HTTP/1.1 and responded: HTTP/1.1 200 OK
Apr 21, 2016 7:14:01 PM okhttp3.mockwebserver.MockWebServer$3 acceptConnections
INFO: MockWebServer[57983] done accepting connections: Socket closed
Apr 21, 2016 7:14:01 PM okhttp3.mockwebserver.MockWebServer$3 execute
INFO: MockWebServer[34542] starting to accept connections
Apr 21, 2016 7:14:01 PM okhttp3.mockwebserver.MockWebServer$3 acceptConnections
INFO: MockWebServer[34542] done accepting connections: Socket closed
Apr 21, 2016 7:14:01 PM okhttp3.mockwebserver.MockWebServer$3 execute
INFO: MockWebServer[59706] starting to accept connections
Apr 21, 2016 7:14:01 PM okhttp3.mockwebserver.MockWebServer$3 acceptConnections
INFO: MockWebServer[59706] done accepting connections: Socket closed
Apr 21, 2016 7:14:01 PM okhttp3.mockwebserver.MockWebServer$4 processOneRequest
INFO: MockWebServer[59706] received request: POST / HTTP/1.1 and responded: HTTP/1.1 200 OK
Apr 21, 2016 7:14:01 PM okhttp3.mockwebserver.MockWebServer$3 execute
INFO: MockWebServer[46693] starting to accept connections
Apr 21, 2016 7:14:01 PM okhttp3.mockwebserver.MockWebServer$3 acceptConnections
INFO: MockWebServer[46693] done accepting connections: Socket is closed
Apr 21, 2016 7:14:01 PM okhttp3.mockwebserver.MockWebServer$3 execute
INFO: MockWebServer[38503] starting to accept connections
Apr 21, 2016 7:14:01 PM okhttp3.mockwebserver.MockWebServer$3 acceptConnections
INFO: MockWebServer[38503] done accepting connections: Socket is closed
Apr 21, 2016 7:14:01 PM okhttp3.mockwebserver.MockWebServer$3 execute
INFO: MockWebServer[51804] starting to accept connections
Apr 21, 2016 7:14:01 PM okhttp3.mockwebserver.MockWebServer$3 acceptConnections
INFO: MockWebServer[51804] done accepting connections: Socket is closed
Apr 21, 2016 7:14:01 PM okhttp3.mockwebserver.MockWebServer$3 execute
INFO: MockWebServer[45234] starting to accept connections
Apr 21, 2016 7:14:01 PM okhttp3.mockwebserver.MockWebServer$3 acceptConnections
INFO: MockWebServer[45234] done accepting connections: Socket is closed
Apr 21, 2016 7:14:01 PM okhttp3.mockwebserver.MockWebServer$3 execute
INFO: MockWebServer[38373] starting to accept connections
Apr 21, 2016 7:14:01 PM okhttp3.mockwebserver.MockWebServer$3 acceptConnections
INFO: MockWebServer[38373] done accepting connections: Socket is closed
Apr 21, 2016 7:14:01 PM okhttp3.mockwebserver.MockWebServer$3 execute
INFO: MockWebServer[43079] starting to accept connections
Apr 21, 2016 7:14:01 PM okhttp3.mockwebserver.MockWebServer$3 acceptConnections
INFO: MockWebServer[43079] done accepting connections: Socket is closed
Apr 21, 2016 7:14:01 PM okhttp3.mockwebserver.MockWebServer$3 execute
INFO: MockWebServer[45685] starting to accept connections
Apr 21, 2016 7:14:01 PM okhttp3.mockwebserver.MockWebServer$3 acceptConnections
INFO: MockWebServer[45685] done accepting connections: Socket closed
Apr 21, 2016 7:14:01 PM okhttp3.mockwebserver.MockWebServer$3 execute
INFO: MockWebServer[35406] starting to accept connections
Apr 21, 2016 7:14:01 PM okhttp3.mockwebserver.MockWebServer$4 processOneRequest
INFO: MockWebServer[35406] received request: GET / HTTP/1.1 and responded: HTTP/1.1 200 OK
Apr 21, 2016 7:14:01 PM okhttp3.mockwebserver.MockWebServer$3 acceptConnections
INFO: MockWebServer[35406] done accepting connections: Socket closed
Apr 21, 2016 7:14:01 PM okhttp3.mockwebserver.MockWebServer$3 execute
INFO: MockWebServer[55576] starting to accept connections
Apr 21, 2016 7:14:01 PM okhttp3.mockwebserver.MockWebServer$3 acceptConnections
INFO: MockWebServer[55576] done accepting connections: Socket closed
Apr 21, 2016 7:14:01 PM okhttp3.mockwebserver.MockWebServer$3 execute
INFO: MockWebServer[57419] starting to accept connections
Apr 21, 2016 7:14:01 PM okhttp3.mockwebserver.MockWebServer$3 acceptConnections
INFO: MockWebServer[57419] done accepting connections: Socket is closed
Apr 21, 2016 7:14:01 PM okhttp3.mockwebserver.MockWebServer$3 execute
INFO: MockWebServer[46037] starting to accept connections
Apr 21, 2016 7:14:01 PM okhttp3.mockwebserver.MockWebServer$3 acceptConnections
INFO: MockWebServer[46037] done accepting connections: Socket is closed
Apr 21, 2016 7:14:01 PM okhttp3.mockwebserver.MockWebServer$3 execute
INFO: MockWebServer[43703] starting to accept connections
Apr 21, 2016 7:14:01 PM okhttp3.mockwebserver.MockWebServer$3 acceptConnections
INFO: MockWebServer[43703] done accepting connections: Socket is closed
Apr 21, 2016 7:14:01 PM okhttp3.mockwebserver.MockWebServer$3 execute
INFO: MockWebServer[44323] starting to accept connections
Apr 21, 2016 7:14:01 PM okhttp3.mockwebserver.MockWebServer$4 processOneRequest
INFO: MockWebServer[44323] received request: GET / HTTP/1.1 and responded: HTTP/1.1 200 OK
Apr 21, 2016 7:14:01 PM okhttp3.mockwebserver.MockWebServer$4 processOneRequest
INFO: MockWebServer[44323] received request: GET / HTTP/1.1 and responded: HTTP/1.1 200 OK
Apr 21, 2016 7:14:01 PM okhttp3.mockwebserver.MockWebServer$3 acceptConnections
INFO: MockWebServer[44323] done accepting connections: Socket closed
Apr 21, 2016 7:14:01 PM okhttp3.mockwebserver.MockWebServer$3 execute
INFO: MockWebServer[43422] starting to accept connections
Apr 21, 2016 7:14:01 PM okhttp3.mockwebserver.MockWebServer$3 acceptConnections
INFO: MockWebServer[43422] done accepting connections: Socket closed
Apr 21, 2016 7:14:01 PM okhttp3.mockwebserver.MockWebServer$3 execute
INFO: MockWebServer[40308] starting to accept connections
Apr 21, 2016 7:14:01 PM okhttp3.mockwebserver.MockWebServer$3 acceptConnections
INFO: MockWebServer[40308] done accepting connections: Socket closed
Apr 21, 2016 7:14:01 PM okhttp3.mockwebserver.MockWebServer$3 execute
INFO: MockWebServer[39252] starting to accept connections
Apr 21, 2016 7:14:01 PM okhttp3.mockwebserver.MockWebServer$3 acceptConnections
INFO: MockWebServer[39252] done accepting connections: Socket closed
Apr 21, 2016 7:14:01 PM okhttp3.mockwebserver.MockWebServer$3 execute
INFO: MockWebServer[34288] starting to accept connections
Apr 21, 2016 7:14:01 PM okhttp3.mockwebserver.MockWebServer$3 acceptConnections
INFO: MockWebServer[34288] done accepting connections: Socket closed
Apr 21, 2016 7:14:01 PM okhttp3.mockwebserver.MockWebServer$3 execute
INFO: MockWebServer[60620] starting to accept connections
Apr 21, 2016 7:14:01 PM okhttp3.mockwebserver.MockWebServer$3 acceptConnections
INFO: MockWebServer[60620] done accepting connections: Socket is closed
Apr 21, 2016 7:14:01 PM okhttp3.mockwebserver.MockWebServer$3 execute
INFO: MockWebServer[40241] starting to accept connections
Apr 21, 2016 7:14:01 PM okhttp3.mockwebserver.MockWebServer$3 acceptConnections
INFO: MockWebServer[40241] done accepting connections: Socket closed
Apr 21, 2016 7:14:01 PM okhttp3.mockwebserver.MockWebServer$3 execute
INFO: MockWebServer[36169] starting to accept connections
Apr 21, 2016 7:14:01 PM okhttp3.mockwebserver.MockWebServer$3 acceptConnections
INFO: MockWebServer[36169] done accepting connections: Socket closed
Apr 21, 2016 7:14:01 PM okhttp3.mockwebserver.MockWebServer$3 execute
INFO: MockWebServer[39765] starting to accept connections
Apr 21, 2016 7:14:01 PM okhttp3.mockwebserver.MockWebServer$3 acceptConnections
INFO: MockWebServer[39765] done accepting connections: Socket is closed
Apr 21, 2016 7:14:01 PM okhttp3.mockwebserver.MockWebServer$3 execute
INFO: MockWebServer[37680] starting to accept connections
Apr 21, 2016 7:14:01 PM okhttp3.mockwebserver.MockWebServer$3 acceptConnections
INFO: MockWebServer[37680] done accepting connections: Socket is closed
Apr 21, 2016 7:14:01 PM okhttp3.mockwebserver.MockWebServer$3 execute
INFO: MockWebServer[49214] starting to accept connections
Apr 21, 2016 7:14:01 PM okhttp3.mockwebserver.MockWebServer$3 acceptConnections
INFO: MockWebServer[49214] done accepting connections: Socket is closed
Apr 21, 2016 7:14:01 PM okhttp3.mockwebserver.MockWebServer$3 execute
INFO: MockWebServer[48978] starting to accept connections
Apr 21, 2016 7:14:01 PM okhttp3.mockwebserver.MockWebServer$3 acceptConnections
INFO: MockWebServer[48978] done accepting connections: Socket closed
Apr 21, 2016 7:14:01 PM okhttp3.mockwebserver.MockWebServer$3 execute
INFO: MockWebServer[34347] starting to accept connections
Apr 21, 2016 7:14:01 PM okhttp3.mockwebserver.MockWebServer$3 acceptConnections
INFO: MockWebServer[34347] done accepting connections: Socket is closed
Apr 21, 2016 7:14:01 PM okhttp3.mockwebserver.MockWebServer$3 execute
INFO: MockWebServer[37542] starting to accept connections
Apr 21, 2016 7:14:01 PM okhttp3.mockwebserver.MockWebServer$4 processOneRequest
INFO: MockWebServer[37542] received request: GET /?i=101 HTTP/1.1 and responded: HTTP/1.1 200 OK
Apr 21, 2016 7:14:01 PM okhttp3.mockwebserver.MockWebServer$4 processOneRequest
INFO: MockWebServer[37542] received request: GET /?i=201 HTTP/1.1 and responded: HTTP/1.1 200 OK
Apr 21, 2016 7:14:01 PM okhttp3.mockwebserver.MockWebServer$3 acceptConnections
INFO: MockWebServer[37542] done accepting connections: Socket closed
Apr 21, 2016 7:14:01 PM okhttp3.mockwebserver.MockWebServer$3 execute
INFO: MockWebServer[34559] starting to accept connections
Apr 21, 2016 7:14:01 PM okhttp3.mockwebserver.MockWebServer$3 acceptConnections
INFO: MockWebServer[34559] done accepting connections: Socket is closed
Apr 21, 2016 7:14:01 PM okhttp3.mockwebserver.MockWebServer$3 execute
INFO: MockWebServer[46287] starting to accept connections
Apr 21, 2016 7:14:01 PM okhttp3.mockwebserver.MockWebServer$3 acceptConnections
INFO: MockWebServer[46287] done accepting connections: Socket is closed
Apr 21, 2016 7:14:01 PM okhttp3.mockwebserver.MockWebServer$3 execute
INFO: MockWebServer[59097] starting to accept connections
Apr 21, 2016 7:14:01 PM okhttp3.mockwebserver.MockWebServer$3 acceptConnections
INFO: MockWebServer[59097] done accepting connections: Socket is closed
Apr 21, 2016 7:14:01 PM okhttp3.mockwebserver.MockWebServer$3 execute
INFO: MockWebServer[38743] starting to accept connections
Apr 21, 2016 7:14:01 PM okhttp3.mockwebserver.MockWebServer$3 acceptConnections
INFO: MockWebServer[38743] done accepting connections: Socket is closed
Apr 21, 2016 7:14:01 PM okhttp3.mockwebserver.MockWebServer$3 execute
INFO: MockWebServer[36642] starting to accept connections
Apr 21, 2016 7:14:01 PM okhttp3.mockwebserver.MockWebServer$3 acceptConnections
INFO: MockWebServer[36642] done accepting connections: Socket is closed
Apr 21, 2016 7:14:01 PM okhttp3.mockwebserver.MockWebServer$3 execute
INFO: MockWebServer[46502] starting to accept connections
Apr 21, 2016 7:14:01 PM okhttp3.mockwebserver.MockWebServer$3 acceptConnections
INFO: MockWebServer[46502] done accepting connections: Socket is closed
Apr 21, 2016 7:14:01 PM okhttp3.mockwebserver.MockWebServer$3 execute
INFO: MockWebServer[43830] starting to accept connections
Apr 21, 2016 7:14:01 PM okhttp3.mockwebserver.MockWebServer$3 acceptConnections
INFO: MockWebServer[43830] done accepting connections: Socket closed
Apr 21, 2016 7:14:01 PM okhttp3.mockwebserver.MockWebServer$3 execute
INFO: MockWebServer[35452] starting to accept connections
Apr 21, 2016 7:14:01 PM okhttp3.mockwebserver.MockWebServer$3 acceptConnections
INFO: MockWebServer[35452] done accepting connections: Socket closed
Apr 21, 2016 7:14:01 PM okhttp3.mockwebserver.MockWebServer$3 execute
INFO: MockWebServer[36077] starting to accept connections
Apr 21, 2016 7:14:01 PM okhttp3.mockwebserver.MockWebServer$3 acceptConnections
INFO: MockWebServer[36077] done accepting connections: Socket closed
Apr 21, 2016 7:14:01 PM okhttp3.mockwebserver.MockWebServer$3 execute
INFO: MockWebServer[53012] starting to accept connections
Apr 21, 2016 7:14:01 PM okhttp3.mockwebserver.MockWebServer$3 acceptConnections
INFO: MockWebServer[53012] done accepting connections: Socket closed
Apr 21, 2016 7:14:01 PM okhttp3.mockwebserver.MockWebServer$3 execute
INFO: MockWebServer[37553] starting to accept connections
Apr 21, 2016 7:14:01 PM okhttp3.mockwebserver.MockWebServer$3 acceptConnections
INFO: MockWebServer[37553] done accepting connections: Socket is closed
Apr 21, 2016 7:14:01 PM okhttp3.mockwebserver.MockWebServer$3 execute
INFO: MockWebServer[42263] starting to accept connections
Apr 21, 2016 7:14:01 PM okhttp3.mockwebserver.MockWebServer$3 acceptConnections
INFO: MockWebServer[42263] done accepting connections: Socket is closed
Apr 21, 2016 7:14:01 PM okhttp3.mockwebserver.MockWebServer$3 execute
INFO: MockWebServer[54843] starting to accept connections
Apr 21, 2016 7:14:01 PM okhttp3.mockwebserver.MockWebServer$3 acceptConnections
INFO: MockWebServer[54843] done accepting connections: Socket closed
Apr 21, 2016 7:14:01 PM okhttp3.mockwebserver.MockWebServer$3 execute
INFO: MockWebServer[54362] starting to accept connections
Apr 21, 2016 7:14:01 PM okhttp3.mockwebserver.MockWebServer$3 acceptConnections
INFO: MockWebServer[54362] done accepting connections: Socket is closed
Apr 21, 2016 7:14:01 PM okhttp3.mockwebserver.MockWebServer$3 execute
INFO: MockWebServer[41037] starting to accept connections
Apr 21, 2016 7:14:01 PM okhttp3.mockwebserver.MockWebServer$3 acceptConnections
INFO: MockWebServer[41037] done accepting connections: Socket is closed
Apr 21, 2016 7:14:01 PM okhttp3.mockwebserver.MockWebServer$3 execute
INFO: MockWebServer[57860] starting to accept connections
Apr 21, 2016 7:14:01 PM okhttp3.mockwebserver.MockWebServer$3 acceptConnections
INFO: MockWebServer[57860] done accepting connections: Socket closed
Apr 21, 2016 7:14:01 PM okhttp3.mockwebserver.MockWebServer$3 execute
INFO: MockWebServer[53413] starting to accept connections
Apr 21, 2016 7:14:01 PM okhttp3.mockwebserver.MockWebServer$3 acceptConnections
INFO: MockWebServer[53413] done accepting connections: Socket closed
Tests run: 64, Failures: 0, Errors: 0, Skipped: 0, Time elapsed: 0.706 sec
Running retrofit2.RequestBuilderAndroidTest
WARNING: No manifest file found at ./AndroidManifest.xml.Falling back to the Android OS resources only.
To remove this warning, annotate your test class with @Config(manifest=Config.NONE).
WARNING: No manifest file found at ./AndroidManifest.xml.Falling back to the Android OS resources only.
To remove this warning, annotate your test class with @Config(manifest=Config.NONE).
Tests run: 2, Failures: 0, Errors: 0, Skipped: 0, Time elapsed: 9.673 sec
Running retrofit2.CallAdapterTest
Tests run: 4, Failures: 0, Errors: 0, Skipped: 0, Time elapsed: 0.074 sec
Running retrofit2.ResponseTest
Tests run: 14, Failures: 0, Errors: 0, Skipped: 0, Time elapsed: 0.081 sec

Results :

Tests run: 263, Failures: 0, Errors: 0, Skipped: 2

[INFO] 
[INFO] --- animal-sniffer-maven-plugin:1.14:check (default) @ retrofit ---
[INFO] Checking unresolved references to org.codehaus.mojo.signature:java16:1.1
[INFO]                                                                         
[INFO] ------------------------------------------------------------------------
[INFO] Building Adapters 2.0.3-SNAPSHOT
[INFO] ------------------------------------------------------------------------
[INFO] 
[INFO] --- maven-enforcer-plugin:1.0:enforce (enforce-maven) @ retrofit-adapters ---
[INFO] 
[INFO] --- animal-sniffer-maven-plugin:1.14:check (default) @ retrofit-adapters ---
[INFO] Checking unresolved references to org.codehaus.mojo.signature:java16:1.1
[INFO]                                                                         
[INFO] ------------------------------------------------------------------------
[INFO] Building Adapter: Guava 2.0.3-SNAPSHOT
[INFO] ------------------------------------------------------------------------
[INFO] 
[INFO] --- maven-enforcer-plugin:1.0:enforce (enforce-maven) @ adapter-guava ---
[INFO] 
[INFO] --- maven-resources-plugin:2.6:resources (default-resources) @ adapter-guava ---
[INFO] Using 'UTF-8' encoding to copy filtered resources.
[INFO] skip non existing resourceDirectory /home/travis/build/square/retrofit/retrofit-adapters/guava/src/main/resources
[INFO] 
[INFO] --- maven-compiler-plugin:3.0:compile (default-compile) @ adapter-guava ---
[INFO] Changes detected - recompiling the module!
[INFO] Compiling 2 source files to /home/travis/build/square/retrofit/retrofit-adapters/guava/target/classes
[INFO] 
[INFO] --- maven-resources-plugin:2.6:testResources (default-testResources) @ adapter-guava ---
[INFO] Using 'UTF-8' encoding to copy filtered resources.
[INFO] skip non existing resourceDirectory /home/travis/build/square/retrofit/retrofit-adapters/guava/src/test/resources
[INFO] 
[INFO] --- maven-compiler-plugin:3.0:testCompile (default-testCompile) @ adapter-guava ---
[INFO] Changes detected - recompiling the module!
[INFO] Compiling 3 source files to /home/travis/build/square/retrofit/retrofit-adapters/guava/target/test-classes
[INFO] 
[INFO] --- maven-surefire-plugin:2.12.4:test (default-test) @ adapter-guava ---
[INFO] Surefire report directory: /home/travis/build/square/retrofit/retrofit-adapters/guava/target/surefire-reports

-------------------------------------------------------
 T E S T S
-------------------------------------------------------
Running retrofit2.adapter.guava.ListenableFutureTest
Apr 21, 2016 7:14:15 PM okhttp3.mockwebserver.MockWebServer$3 execute
INFO: MockWebServer[47948] starting to accept connections
Apr 21, 2016 7:14:16 PM okhttp3.mockwebserver.MockWebServer$4 processOneRequest
INFO: MockWebServer[47948] received request: GET / HTTP/1.1 and responded: HTTP/1.1 200 OK
Apr 21, 2016 7:14:16 PM okhttp3.mockwebserver.MockWebServer$3 acceptConnections
INFO: MockWebServer[47948] done accepting connections: Socket closed
Apr 21, 2016 7:14:16 PM okhttp3.mockwebserver.MockWebServer$3 execute
INFO: MockWebServer[34083] starting to accept connections
Apr 21, 2016 7:14:16 PM okhttp3.mockwebserver.MockWebServer$3 acceptConnections
INFO: MockWebServer[34083] done accepting connections: Socket closed
Apr 21, 2016 7:14:16 PM okhttp3.mockwebserver.MockWebServer$4 processOneRequest
INFO: MockWebServer[34083] received request: GET / HTTP/1.1 and responded: HTTP/1.1 404 Client Error
Apr 21, 2016 7:14:16 PM okhttp3.mockwebserver.MockWebServer$3 execute
INFO: MockWebServer[52667] starting to accept connections
Apr 21, 2016 7:14:16 PM okhttp3.mockwebserver.MockWebServer$4 processConnection
WARNING: MockWebServer[52667] connection from /127.0.0.1 didn't make a request
Apr 21, 2016 7:14:16 PM okhttp3.mockwebserver.MockWebServer$3 acceptConnections
INFO: MockWebServer[52667] done accepting connections: Socket closed
Apr 21, 2016 7:14:16 PM okhttp3.mockwebserver.MockWebServer$3 execute
INFO: MockWebServer[52875] starting to accept connections
Apr 21, 2016 7:14:16 PM okhttp3.mockwebserver.MockWebServer$3 acceptConnections
INFO: MockWebServer[52875] done accepting connections: Socket closed
Apr 21, 2016 7:14:16 PM okhttp3.mockwebserver.MockWebServer$4 processOneRequest
INFO: MockWebServer[52875] received request: GET / HTTP/1.1 and responded: HTTP/1.1 200 OK
Apr 21, 2016 7:14:16 PM okhttp3.mockwebserver.MockWebServer$3 execute
INFO: MockWebServer[40466] starting to accept connections
Apr 21, 2016 7:14:16 PM okhttp3.mockwebserver.MockWebServer$3 acceptConnections
INFO: MockWebServer[40466] done accepting connections: Socket closed
Apr 21, 2016 7:14:16 PM okhttp3.mockwebserver.MockWebServer$4 processOneRequest
INFO: MockWebServer[40466] received request: GET / HTTP/1.1 and responded: HTTP/1.1 404 Client Error
Apr 21, 2016 7:14:16 PM okhttp3.mockwebserver.MockWebServer$3 execute
INFO: MockWebServer[59586] starting to accept connections
Apr 21, 2016 7:14:16 PM okhttp3.mockwebserver.MockWebServer$4 processConnection
WARNING: MockWebServer[59586] connection from /127.0.0.1 didn't make a request
Apr 21, 2016 7:14:16 PM okhttp3.mockwebserver.MockWebServer$3 acceptConnections
INFO: MockWebServer[59586] done accepting connections: Socket closed
Tests run: 6, Failures: 0, Errors: 0, Skipped: 0, Time elapsed: 1.615 sec
Running retrofit2.adapter.guava.GuavaCallAdapterFactoryTest
Apr 21, 2016 7:14:16 PM okhttp3.mockwebserver.MockWebServer$3 execute
INFO: MockWebServer[38687] starting to accept connections
Apr 21, 2016 7:14:16 PM okhttp3.mockwebserver.MockWebServer$3 acceptConnections
INFO: MockWebServer[38687] done accepting connections: Socket closed
Apr 21, 2016 7:14:16 PM okhttp3.mockwebserver.MockWebServer$3 execute
INFO: MockWebServer[35523] starting to accept connections
Apr 21, 2016 7:14:16 PM okhttp3.mockwebserver.MockWebServer$3 acceptConnections
INFO: MockWebServer[35523] done accepting connections: Socket closed
Apr 21, 2016 7:14:16 PM okhttp3.mockwebserver.MockWebServer$3 execute
INFO: MockWebServer[51743] starting to accept connections
Apr 21, 2016 7:14:16 PM okhttp3.mockwebserver.MockWebServer$3 acceptConnections
INFO: MockWebServer[51743] done accepting connections: Socket is closed
Apr 21, 2016 7:14:16 PM okhttp3.mockwebserver.MockWebServer$3 execute
INFO: MockWebServer[56727] starting to accept connections
Apr 21, 2016 7:14:16 PM okhttp3.mockwebserver.MockWebServer$3 acceptConnections
INFO: MockWebServer[56727] done accepting connections: Socket closed
Tests run: 4, Failures: 0, Errors: 0, Skipped: 0, Time elapsed: 0.065 sec

Results :

Tests run: 10, Failures: 0, Errors: 0, Skipped: 0

[INFO] 
[INFO] --- animal-sniffer-maven-plugin:1.14:check (default) @ adapter-guava ---
[INFO] Checking unresolved references to org.codehaus.mojo.signature:java16:1.1
[INFO]                                                                         
[INFO] ------------------------------------------------------------------------
[INFO] Building Adapter: Java 8 2.0.3-SNAPSHOT
[INFO] ------------------------------------------------------------------------
[INFO] 
[INFO] --- maven-enforcer-plugin:1.0:enforce (enforce-maven) @ adapter-java8 ---
[INFO] 
[INFO] --- maven-resources-plugin:2.6:resources (default-resources) @ adapter-java8 ---
[INFO] Using 'UTF-8' encoding to copy filtered resources.
[INFO] skip non existing resourceDirectory /home/travis/build/square/retrofit/retrofit-adapters/java8/src/main/resources
[INFO] 
[INFO] --- maven-compiler-plugin:3.0:compile (default-compile) @ adapter-java8 ---
[INFO] Changes detected - recompiling the module!
[INFO] Compiling 2 source files to /home/travis/build/square/retrofit/retrofit-adapters/java8/target/classes
[INFO] 
[INFO] --- maven-resources-plugin:2.6:testResources (default-testResources) @ adapter-java8 ---
[INFO] Using 'UTF-8' encoding to copy filtered resources.
[INFO] skip non existing resourceDirectory /home/travis/build/square/retrofit/retrofit-adapters/java8/src/test/resources
[INFO] 
[INFO] --- maven-compiler-plugin:3.0:testCompile (default-testCompile) @ adapter-java8 ---
[INFO] Changes detected - recompiling the module!
[INFO] Compiling 3 source files to /home/travis/build/square/retrofit/retrofit-adapters/java8/target/test-classes
[INFO] 
[INFO] --- maven-surefire-plugin:2.12.4:test (default-test) @ adapter-java8 ---
[INFO] Surefire report directory: /home/travis/build/square/retrofit/retrofit-adapters/java8/target/surefire-reports

-------------------------------------------------------
 T E S T S
-------------------------------------------------------
Running retrofit2.adapter.java8.Java8CallAdapterFactoryTest
Apr 21, 2016 7:14:18 PM okhttp3.mockwebserver.MockWebServer$3 execute
INFO: MockWebServer[42460] starting to accept connections
Apr 21, 2016 7:14:19 PM okhttp3.mockwebserver.MockWebServer$3 acceptConnections
INFO: MockWebServer[42460] done accepting connections: Socket closed
Apr 21, 2016 7:14:19 PM okhttp3.mockwebserver.MockWebServer$3 execute
INFO: MockWebServer[34686] starting to accept connections
Apr 21, 2016 7:14:19 PM okhttp3.mockwebserver.MockWebServer$3 acceptConnections
INFO: MockWebServer[34686] done accepting connections: Socket is closed
Apr 21, 2016 7:14:19 PM okhttp3.mockwebserver.MockWebServer$3 execute
INFO: MockWebServer[59564] starting to accept connections
Apr 21, 2016 7:14:19 PM okhttp3.mockwebserver.MockWebServer$3 acceptConnections
INFO: MockWebServer[59564] done accepting connections: Socket closed
Apr 21, 2016 7:14:19 PM okhttp3.mockwebserver.MockWebServer$3 execute
INFO: MockWebServer[38732] starting to accept connections
Apr 21, 2016 7:14:19 PM okhttp3.mockwebserver.MockWebServer$3 acceptConnections
INFO: MockWebServer[38732] done accepting connections: Socket is closed
Tests run: 4, Failures: 0, Errors: 0, Skipped: 0, Time elapsed: 0.941 sec
Running retrofit2.adapter.java8.CompletableFutureTest
Apr 21, 2016 7:14:19 PM okhttp3.mockwebserver.MockWebServer$3 execute
INFO: MockWebServer[42965] starting to accept connections
Apr 21, 2016 7:14:19 PM okhttp3.mockwebserver.MockWebServer$4 processOneRequest
INFO: MockWebServer[42965] received request: GET / HTTP/1.1 and responded: HTTP/1.1 200 OK
Apr 21, 2016 7:14:19 PM okhttp3.mockwebserver.MockWebServer$3 acceptConnections
INFO: MockWebServer[42965] done accepting connections: Socket closed
Apr 21, 2016 7:14:19 PM okhttp3.mockwebserver.MockWebServer$3 execute
INFO: MockWebServer[33888] starting to accept connections
Apr 21, 2016 7:14:19 PM okhttp3.mockwebserver.MockWebServer$3 acceptConnections
INFO: MockWebServer[33888] done accepting connections: Socket closed
Apr 21, 2016 7:14:19 PM okhttp3.mockwebserver.MockWebServer$4 processOneRequest
INFO: MockWebServer[33888] received request: GET / HTTP/1.1 and responded: HTTP/1.1 404 Client Error
Apr 21, 2016 7:14:19 PM okhttp3.mockwebserver.MockWebServer$3 execute
INFO: MockWebServer[51873] starting to accept connections
Apr 21, 2016 7:14:19 PM okhttp3.mockwebserver.MockWebServer$4 processConnection
WARNING: MockWebServer[51873] connection from /127.0.0.1 didn't make a request
Apr 21, 2016 7:14:19 PM okhttp3.mockwebserver.MockWebServer$3 acceptConnections
INFO: MockWebServer[51873] done accepting connections: Socket closed
Apr 21, 2016 7:14:19 PM okhttp3.mockwebserver.MockWebServer$3 execute
INFO: MockWebServer[33959] starting to accept connections
Apr 21, 2016 7:14:19 PM okhttp3.mockwebserver.MockWebServer$3 acceptConnections
INFO: MockWebServer[33959] done accepting connections: Socket closed
Apr 21, 2016 7:14:19 PM okhttp3.mockwebserver.MockWebServer$4 processOneRequest
INFO: MockWebServer[33959] received request: GET / HTTP/1.1 and responded: HTTP/1.1 200 OK
Apr 21, 2016 7:14:19 PM okhttp3.mockwebserver.MockWebServer$3 execute
INFO: MockWebServer[41399] starting to accept connections
Apr 21, 2016 7:14:19 PM okhttp3.mockwebserver.MockWebServer$4 processOneRequest
INFO: MockWebServer[41399] received request: GET / HTTP/1.1 and responded: HTTP/1.1 404 Client Error
Apr 21, 2016 7:14:19 PM okhttp3.mockwebserver.MockWebServer$3 acceptConnections
INFO: MockWebServer[41399] done accepting connections: Socket closed
Apr 21, 2016 7:14:19 PM okhttp3.mockwebserver.MockWebServer$3 execute
INFO: MockWebServer[41177] starting to accept connections
Apr 21, 2016 7:14:19 PM okhttp3.mockwebserver.MockWebServer$3 acceptConnections
INFO: MockWebServer[41177] done accepting connections: Socket closed
Apr 21, 2016 7:14:19 PM okhttp3.mockwebserver.MockWebServer$4 processConnection
WARNING: MockWebServer[41177] connection from /127.0.0.1 didn't make a request
Tests run: 6, Failures: 0, Errors: 0, Skipped: 0, Time elapsed: 0.203 sec

Results :

Tests run: 10, Failures: 0, Errors: 0, Skipped: 0

[INFO] 
[INFO] --- animal-sniffer-maven-plugin:1.14:check (default) @ adapter-java8 ---
[INFO] Checking unresolved references to org.kaazing.mojo.signature:java18:1.0
[INFO]                                                                         
[INFO] ------------------------------------------------------------------------
[INFO] Building Adapter: RxJava 2.0.3-SNAPSHOT
[INFO] ------------------------------------------------------------------------
[INFO] 
[INFO] --- maven-enforcer-plugin:1.0:enforce (enforce-maven) @ adapter-rxjava ---
[INFO] 
[INFO] --- maven-resources-plugin:2.6:resources (default-resources) @ adapter-rxjava ---
[INFO] Using 'UTF-8' encoding to copy filtered resources.
[INFO] skip non existing resourceDirectory /home/travis/build/square/retrofit/retrofit-adapters/rxjava/src/main/resources
[INFO] 
[INFO] --- maven-compiler-plugin:3.0:compile (default-compile) @ adapter-rxjava ---
[INFO] Changes detected - recompiling the module!
[INFO] Compiling 6 source files to /home/travis/build/square/retrofit/retrofit-adapters/rxjava/target/classes
[INFO] 
[INFO] --- maven-resources-plugin:2.6:testResources (default-testResources) @ adapter-rxjava ---
[INFO] Using 'UTF-8' encoding to copy filtered resources.
[INFO] skip non existing resourceDirectory /home/travis/build/square/retrofit/retrofit-adapters/rxjava/src/test/resources
[INFO] 
[INFO] --- maven-compiler-plugin:3.0:testCompile (default-testCompile) @ adapter-rxjava ---
[INFO] Changes detected - recompiling the module!
[INFO] Compiling 9 source files to /home/travis/build/square/retrofit/retrofit-adapters/rxjava/target/test-classes
[INFO] 
[INFO] --- maven-surefire-plugin:2.12.4:test (default-test) @ adapter-rxjava ---
[INFO] Surefire report directory: /home/travis/build/square/retrofit/retrofit-adapters/rxjava/target/surefire-reports

-------------------------------------------------------
 T E S T S
-------------------------------------------------------
Running retrofit2.adapter.rxjava.ObservableSchedulerTest
Apr 21, 2016 7:14:21 PM okhttp3.mockwebserver.MockWebServer$3 execute
INFO: MockWebServer[46397] starting to accept connections
Apr 21, 2016 7:14:22 PM okhttp3.mockwebserver.MockWebServer$4 processOneRequest
INFO: MockWebServer[46397] received request: GET / HTTP/1.1 and responded: HTTP/1.1 200 OK
Apr 21, 2016 7:14:22 PM okhttp3.mockwebserver.MockWebServer$3 acceptConnections
INFO: MockWebServer[46397] done accepting connections: Socket closed
Apr 21, 2016 7:14:22 PM okhttp3.mockwebserver.MockWebServer$3 execute
INFO: MockWebServer[55454] starting to accept connections
Apr 21, 2016 7:14:22 PM okhttp3.mockwebserver.MockWebServer$3 acceptConnections
INFO: MockWebServer[55454] done accepting connections: Socket closed
Apr 21, 2016 7:14:22 PM okhttp3.mockwebserver.MockWebServer$4 processOneRequest
INFO: MockWebServer[55454] received request: GET / HTTP/1.1 and responded: HTTP/1.1 200 OK
Apr 21, 2016 7:14:22 PM okhttp3.mockwebserver.MockWebServer$3 execute
INFO: MockWebServer[37294] starting to accept connections
Apr 21, 2016 7:14:22 PM okhttp3.mockwebserver.MockWebServer$3 acceptConnections
INFO: MockWebServer[37294] done accepting connections: Socket closed
Apr 21, 2016 7:14:22 PM okhttp3.mockwebserver.MockWebServer$4 processOneRequest
INFO: MockWebServer[37294] received request: GET / HTTP/1.1 and responded: HTTP/1.1 200 OK
Tests run: 3, Failures: 0, Errors: 0, Skipped: 0, Time elapsed: 0.766 sec
Running retrofit2.adapter.rxjava.ObservableTest
Apr 21, 2016 7:14:22 PM okhttp3.mockwebserver.MockWebServer$3 execute
INFO: MockWebServer[42388] starting to accept connections
Apr 21, 2016 7:14:22 PM okhttp3.mockwebserver.MockWebServer$4 processConnection
WARNING: MockWebServer[42388] connection from /127.0.0.1 didn't make a request
Apr 21, 2016 7:14:22 PM okhttp3.mockwebserver.MockWebServer$3 acceptConnections
INFO: MockWebServer[42388] done accepting connections: Socket closed
Apr 21, 2016 7:14:22 PM okhttp3.mockwebserver.MockWebServer$3 execute
INFO: MockWebServer[40334] starting to accept connections
Apr 21, 2016 7:14:22 PM okhttp3.mockwebserver.MockWebServer$4 processOneRequest
INFO: MockWebServer[40334] received request: GET / HTTP/1.1 and responded: HTTP/1.1 200 OK
Apr 21, 2016 7:14:22 PM okhttp3.mockwebserver.MockWebServer$3 acceptConnections
INFO: MockWebServer[40334] done accepting connections: Socket closed
Apr 21, 2016 7:14:22 PM okhttp3.mockwebserver.MockWebServer$3 execute
INFO: MockWebServer[33979] starting to accept connections
Apr 21, 2016 7:14:22 PM okhttp3.mockwebserver.MockWebServer$3 acceptConnections
INFO: MockWebServer[33979] done accepting connections: Socket closed
Apr 21, 2016 7:14:22 PM okhttp3.mockwebserver.MockWebServer$4 processOneRequest
INFO: MockWebServer[33979] received request: GET / HTTP/1.1 and responded: HTTP/1.1 404 Client Error
Apr 21, 2016 7:14:22 PM okhttp3.mockwebserver.MockWebServer$3 execute
INFO: MockWebServer[38522] starting to accept connections
Apr 21, 2016 7:14:22 PM okhttp3.mockwebserver.MockWebServer$3 acceptConnections
INFO: MockWebServer[38522] done accepting connections: Socket closed
Apr 21, 2016 7:14:22 PM okhttp3.mockwebserver.MockWebServer$4 processOneRequest
INFO: MockWebServer[38522] received request: GET / HTTP/1.1 and responded: HTTP/1.1 200 OK
Apr 21, 2016 7:14:22 PM okhttp3.mockwebserver.MockWebServer$3 execute
INFO: MockWebServer[56914] starting to accept connections
Apr 21, 2016 7:14:22 PM okhttp3.mockwebserver.MockWebServer$3 acceptConnections
INFO: MockWebServer[56914] done accepting connections: Socket closed
Apr 21, 2016 7:14:22 PM okhttp3.mockwebserver.MockWebServer$4 processOneRequest
INFO: MockWebServer[56914] received request: GET / HTTP/1.1 and responded: HTTP/1.1 200 OK
Apr 21, 2016 7:14:22 PM okhttp3.mockwebserver.MockWebServer$3 execute
INFO: MockWebServer[58932] starting to accept connections
Apr 21, 2016 7:14:22 PM okhttp3.mockwebserver.MockWebServer$4 processConnection
WARNING: MockWebServer[58932] connection from /127.0.0.1 didn't make a request
Apr 21, 2016 7:14:22 PM okhttp3.mockwebserver.MockWebServer$3 acceptConnections
INFO: MockWebServer[58932] done accepting connections: Socket closed
Apr 21, 2016 7:14:22 PM okhttp3.mockwebserver.MockWebServer$3 execute
INFO: MockWebServer[48674] starting to accept connections
Apr 21, 2016 7:14:22 PM okhttp3.mockwebserver.MockWebServer$4 processOneRequest
INFO: MockWebServer[48674] received request: GET / HTTP/1.1 and responded: HTTP/1.1 200 OK
Apr 21, 2016 7:14:22 PM okhttp3.mockwebserver.MockWebServer$3 acceptConnections
INFO: MockWebServer[48674] done accepting connections: Socket closed
Apr 21, 2016 7:14:22 PM okhttp3.mockwebserver.MockWebServer$3 execute
INFO: MockWebServer[55649] starting to accept connections
Apr 21, 2016 7:14:22 PM okhttp3.mockwebserver.MockWebServer$4 processOneRequest
INFO: MockWebServer[55649] received request: GET / HTTP/1.1 and responded: HTTP/1.1 404 Client Error
Apr 21, 2016 7:14:22 PM okhttp3.mockwebserver.MockWebServer$3 acceptConnections
INFO: MockWebServer[55649] done accepting connections: Socket closed
Apr 21, 2016 7:14:22 PM okhttp3.mockwebserver.MockWebServer$3 execute
INFO: MockWebServer[41626] starting to accept connections
Apr 21, 2016 7:14:22 PM okhttp3.mockwebserver.MockWebServer$4 processConnection
WARNING: MockWebServer[41626] connection from /127.0.0.1 didn't make a request
Apr 21, 2016 7:14:22 PM okhttp3.mockwebserver.MockWebServer$3 acceptConnections
INFO: MockWebServer[41626] done accepting connections: Socket closed
Apr 21, 2016 7:14:22 PM okhttp3.mockwebserver.MockWebServer$3 execute
INFO: MockWebServer[38845] starting to accept connections
Apr 21, 2016 7:14:22 PM okhttp3.mockwebserver.MockWebServer$4 processOneRequest
INFO: MockWebServer[38845] received request: GET / HTTP/1.1 and responded: HTTP/1.1 200 OK
Apr 21, 2016 7:14:22 PM okhttp3.mockwebserver.MockWebServer$3 acceptConnections
INFO: MockWebServer[38845] done accepting connections: Socket closed
Apr 21, 2016 7:14:22 PM okhttp3.mockwebserver.MockWebServer$3 execute
INFO: MockWebServer[38504] starting to accept connections
Apr 21, 2016 7:14:22 PM okhttp3.mockwebserver.MockWebServer$4 processOneRequest
INFO: MockWebServer[38504] received request: GET / HTTP/1.1 and responded: HTTP/1.1 200 OK
Apr 21, 2016 7:14:22 PM okhttp3.mockwebserver.MockWebServer$3 acceptConnections
INFO: MockWebServer[38504] done accepting connections: Socket closed
Apr 21, 2016 7:14:22 PM okhttp3.mockwebserver.MockWebServer$3 execute
INFO: MockWebServer[44396] starting to accept connections
Apr 21, 2016 7:14:22 PM okhttp3.mockwebserver.MockWebServer$3 acceptConnections
INFO: MockWebServer[44396] done accepting connections: Socket closed
Apr 21, 2016 7:14:22 PM okhttp3.mockwebserver.MockWebServer$4 processOneRequest
INFO: MockWebServer[44396] received request: GET / HTTP/1.1 and responded: HTTP/1.1 404 Client Error
Tests run: 12, Failures: 0, Errors: 0, Skipped: 0, Time elapsed: 0.342 sec
Running retrofit2.adapter.rxjava.RxJavaCallAdapterFactoryTest
Tests run: 6, Failures: 0, Errors: 0, Skipped: 0, Time elapsed: 0.058 sec
Running retrofit2.adapter.rxjava.SingleSchedulerTest
Apr 21, 2016 7:14:22 PM okhttp3.mockwebserver.MockWebServer$3 execute
INFO: MockWebServer[39068] starting to accept connections
Apr 21, 2016 7:14:22 PM okhttp3.mockwebserver.MockWebServer$3 acceptConnections
INFO: MockWebServer[39068] done accepting connections: Socket closed
Apr 21, 2016 7:14:22 PM okhttp3.mockwebserver.MockWebServer$4 processOneRequest
INFO: MockWebServer[39068] received request: GET / HTTP/1.1 and responded: HTTP/1.1 200 OK
Apr 21, 2016 7:14:22 PM okhttp3.mockwebserver.MockWebServer$3 execute
INFO: MockWebServer[55917] starting to accept connections
Apr 21, 2016 7:14:22 PM okhttp3.mockwebserver.MockWebServer$4 processOneRequest
INFO: MockWebServer[55917] received request: GET / HTTP/1.1 and responded: HTTP/1.1 200 OK
Apr 21, 2016 7:14:22 PM okhttp3.mockwebserver.MockWebServer$3 acceptConnections
INFO: MockWebServer[55917] done accepting connections: Socket closed
Apr 21, 2016 7:14:22 PM okhttp3.mockwebserver.MockWebServer$3 execute
INFO: MockWebServer[54446] starting to accept connections
Apr 21, 2016 7:14:22 PM okhttp3.mockwebserver.MockWebServer$3 acceptConnections
INFO: MockWebServer[54446] done accepting connections: Socket closed
Apr 21, 2016 7:14:22 PM okhttp3.mockwebserver.MockWebServer$4 processOneRequest
INFO: MockWebServer[54446] received request: GET / HTTP/1.1 and responded: HTTP/1.1 200 OK
Tests run: 3, Failures: 0, Errors: 0, Skipped: 0, Time elapsed: 0.076 sec
Running retrofit2.adapter.rxjava.CompletableTest
Apr 21, 2016 7:14:22 PM okhttp3.mockwebserver.MockWebServer$3 execute
INFO: MockWebServer[34697] starting to accept connections
Apr 21, 2016 7:14:22 PM okhttp3.mockwebserver.MockWebServer$3 acceptConnections
INFO: MockWebServer[34697] done accepting connections: Socket closed
Apr 21, 2016 7:14:22 PM okhttp3.mockwebserver.MockWebServer$4 processOneRequest
INFO: MockWebServer[34697] received request: GET / HTTP/1.1 and responded: HTTP/1.1 200 OK
Apr 21, 2016 7:14:22 PM okhttp3.mockwebserver.MockWebServer$3 execute
INFO: MockWebServer[56887] starting to accept connections
Apr 21, 2016 7:14:22 PM okhttp3.mockwebserver.MockWebServer$3 acceptConnections
INFO: MockWebServer[56887] done accepting connections: Socket closed
Apr 21, 2016 7:14:22 PM okhttp3.mockwebserver.MockWebServer$4 processOneRequest
INFO: MockWebServer[56887] received request: GET / HTTP/1.1 and responded: HTTP/1.1 404 Client Error
Apr 21, 2016 7:14:22 PM okhttp3.mockwebserver.MockWebServer$3 execute
INFO: MockWebServer[59962] starting to accept connections
Apr 21, 2016 7:14:22 PM okhttp3.mockwebserver.MockWebServer$4 processConnection
WARNING: MockWebServer[59962] connection from /127.0.0.1 didn't make a request
Apr 21, 2016 7:14:22 PM okhttp3.mockwebserver.MockWebServer$3 acceptConnections
INFO: MockWebServer[59962] done accepting connections: Socket closed
Tests run: 3, Failures: 0, Errors: 0, Skipped: 0, Time elapsed: 0.071 sec
Running retrofit2.adapter.rxjava.CompletableSchedulerTest
Apr 21, 2016 7:14:23 PM okhttp3.mockwebserver.MockWebServer$3 execute
INFO: MockWebServer[43499] starting to accept connections
Apr 21, 2016 7:14:23 PM okhttp3.mockwebserver.MockWebServer$4 processOneRequest
INFO: MockWebServer[43499] received request: GET / HTTP/1.1 and responded: HTTP/1.1 200 OK
Apr 21, 2016 7:14:23 PM okhttp3.mockwebserver.MockWebServer$3 acceptConnections
INFO: MockWebServer[43499] done accepting connections: Socket closed
Tests run: 1, Failures: 0, Errors: 0, Skipped: 0, Time elapsed: 0.025 sec
Running retrofit2.adapter.rxjava.SingleTest
Apr 21, 2016 7:14:23 PM okhttp3.mockwebserver.MockWebServer$3 execute
INFO: MockWebServer[38946] starting to accept connections
Apr 21, 2016 7:14:23 PM okhttp3.mockwebserver.MockWebServer$4 processConnection
WARNING: MockWebServer[38946] connection from /127.0.0.1 didn't make a request
Apr 21, 2016 7:14:23 PM okhttp3.mockwebserver.MockWebServer$3 acceptConnections
INFO: MockWebServer[38946] done accepting connections: Socket closed
Apr 21, 2016 7:14:23 PM okhttp3.mockwebserver.MockWebServer$3 execute
INFO: MockWebServer[47323] starting to accept connections
Apr 21, 2016 7:14:23 PM okhttp3.mockwebserver.MockWebServer$3 acceptConnections
INFO: MockWebServer[47323] done accepting connections: Socket closed
Apr 21, 2016 7:14:23 PM okhttp3.mockwebserver.MockWebServer$4 processOneRequest
INFO: MockWebServer[47323] received request: GET / HTTP/1.1 and responded: HTTP/1.1 200 OK
Apr 21, 2016 7:14:23 PM okhttp3.mockwebserver.MockWebServer$3 execute
INFO: MockWebServer[53461] starting to accept connections
Apr 21, 2016 7:14:23 PM okhttp3.mockwebserver.MockWebServer$3 acceptConnections
INFO: MockWebServer[53461] done accepting connections: Socket closed
Apr 21, 2016 7:14:23 PM okhttp3.mockwebserver.MockWebServer$4 processOneRequest
INFO: MockWebServer[53461] received request: GET / HTTP/1.1 and responded: HTTP/1.1 404 Client Error
Apr 21, 2016 7:14:23 PM okhttp3.mockwebserver.MockWebServer$3 execute
INFO: MockWebServer[51445] starting to accept connections
Apr 21, 2016 7:14:23 PM okhttp3.mockwebserver.MockWebServer$3 acceptConnections
INFO: MockWebServer[51445] done accepting connections: Socket closed
Apr 21, 2016 7:14:23 PM okhttp3.mockwebserver.MockWebServer$4 processConnection
WARNING: MockWebServer[51445] connection from /127.0.0.1 didn't make a request
Apr 21, 2016 7:14:23 PM okhttp3.mockwebserver.MockWebServer$3 execute
INFO: MockWebServer[58584] starting to accept connections
Apr 21, 2016 7:14:23 PM okhttp3.mockwebserver.MockWebServer$4 processOneRequest
INFO: MockWebServer[58584] received request: GET / HTTP/1.1 and responded: HTTP/1.1 200 OK
Apr 21, 2016 7:14:23 PM okhttp3.mockwebserver.MockWebServer$3 acceptConnections
INFO: MockWebServer[58584] done accepting connections: Socket closed
Apr 21, 2016 7:14:23 PM okhttp3.mockwebserver.MockWebServer$3 execute
INFO: MockWebServer[44028] starting to accept connections
Apr 21, 2016 7:14:23 PM okhttp3.mockwebserver.MockWebServer$4 processOneRequest
INFO: MockWebServer[44028] received request: GET / HTTP/1.1 and responded: HTTP/1.1 404 Client Error
Apr 21, 2016 7:14:23 PM okhttp3.mockwebserver.MockWebServer$3 acceptConnections
INFO: MockWebServer[44028] done accepting connections: Socket closed
Apr 21, 2016 7:14:23 PM okhttp3.mockwebserver.MockWebServer$3 execute
INFO: MockWebServer[46651] starting to accept connections
Apr 21, 2016 7:14:23 PM okhttp3.mockwebserver.MockWebServer$4 processConnection
WARNING: MockWebServer[46651] connection from /127.0.0.1 didn't make a request
Apr 21, 2016 7:14:23 PM okhttp3.mockwebserver.MockWebServer$3 acceptConnections
INFO: MockWebServer[46651] done accepting connections: Socket closed
Apr 21, 2016 7:14:23 PM okhttp3.mockwebserver.MockWebServer$3 execute
INFO: MockWebServer[41326] starting to accept connections
Apr 21, 2016 7:14:23 PM okhttp3.mockwebserver.MockWebServer$4 processOneRequest
INFO: MockWebServer[41326] received request: GET / HTTP/1.1 and responded: HTTP/1.1 200 OK
Apr 21, 2016 7:14:23 PM okhttp3.mockwebserver.MockWebServer$3 acceptConnections
INFO: MockWebServer[41326] done accepting connections: Socket closed
Apr 21, 2016 7:14:23 PM okhttp3.mockwebserver.MockWebServer$3 execute
INFO: MockWebServer[40994] starting to accept connections
Apr 21, 2016 7:14:23 PM okhttp3.mockwebserver.MockWebServer$4 processOneRequest
INFO: MockWebServer[40994] received request: GET / HTTP/1.1 and responded: HTTP/1.1 404 Client Error
Apr 21, 2016 7:14:23 PM okhttp3.mockwebserver.MockWebServer$3 acceptConnections
INFO: MockWebServer[40994] done accepting connections: Socket closed
Tests run: 9, Failures: 0, Errors: 0, Skipped: 0, Time elapsed: 0.194 sec
Running retrofit2.adapter.rxjava.ResultTest
Tests run: 4, Failures: 0, Errors: 0, Skipped: 0, Time elapsed: 0.005 sec

Results :

Tests run: 41, Failures: 0, Errors: 0, Skipped: 0

[INFO] 
[INFO] --- animal-sniffer-maven-plugin:1.14:check (default) @ adapter-rxjava ---
[INFO] Checking unresolved references to org.codehaus.mojo.signature:java16:1.1
[INFO]                                                                         
[INFO] ------------------------------------------------------------------------
[INFO] Building Converters 2.0.3-SNAPSHOT
[INFO] ------------------------------------------------------------------------
[INFO] 
[INFO] --- maven-enforcer-plugin:1.0:enforce (enforce-maven) @ retrofit-converters ---
[INFO] 
[INFO] --- animal-sniffer-maven-plugin:1.14:check (default) @ retrofit-converters ---
[INFO] Checking unresolved references to org.codehaus.mojo.signature:java16:1.1
[INFO]                                                                         
[INFO] ------------------------------------------------------------------------
[INFO] Building Converter: Gson 2.0.3-SNAPSHOT
[INFO] ------------------------------------------------------------------------
[INFO] 
[INFO] --- maven-enforcer-plugin:1.0:enforce (enforce-maven) @ converter-gson ---
[INFO] 
[INFO] --- maven-resources-plugin:2.6:resources (default-resources) @ converter-gson ---
[INFO] Using 'UTF-8' encoding to copy filtered resources.
[INFO] skip non existing resourceDirectory /home/travis/build/square/retrofit/retrofit-converters/gson/src/main/resources
[INFO] 
[INFO] --- maven-compiler-plugin:3.0:compile (default-compile) @ converter-gson ---
[INFO] Changes detected - recompiling the module!
[INFO] Compiling 3 source files to /home/travis/build/square/retrofit/retrofit-converters/gson/target/classes
[INFO] 
[INFO] --- maven-resources-plugin:2.6:testResources (default-testResources) @ converter-gson ---
[INFO] Using 'UTF-8' encoding to copy filtered resources.
[INFO] skip non existing resourceDirectory /home/travis/build/square/retrofit/retrofit-converters/gson/src/test/resources
[INFO] 
[INFO] --- maven-compiler-plugin:3.0:testCompile (default-testCompile) @ converter-gson ---
[INFO] Changes detected - recompiling the module!
[INFO] Compiling 1 source file to /home/travis/build/square/retrofit/retrofit-converters/gson/target/test-classes
[INFO] 
[INFO] --- maven-surefire-plugin:2.12.4:test (default-test) @ converter-gson ---
[INFO] Surefire report directory: /home/travis/build/square/retrofit/retrofit-converters/gson/target/surefire-reports

-------------------------------------------------------
 T E S T S
-------------------------------------------------------
Running retrofit2.converter.gson.GsonConverterFactoryTest
Apr 21, 2016 7:14:24 PM okhttp3.mockwebserver.MockWebServer$3 execute
INFO: MockWebServer[59662] starting to accept connections
Apr 21, 2016 7:14:25 PM okhttp3.mockwebserver.MockWebServer$4 processOneRequest
INFO: MockWebServer[59662] received request: POST / HTTP/1.1 and responded: HTTP/1.1 200 OK
Apr 21, 2016 7:14:25 PM okhttp3.mockwebserver.MockWebServer$3 acceptConnections
INFO: MockWebServer[59662] done accepting connections: Socket closed
Apr 21, 2016 7:14:25 PM okhttp3.mockwebserver.MockWebServer$3 execute
INFO: MockWebServer[32892] starting to accept connections
Apr 21, 2016 7:14:25 PM okhttp3.mockwebserver.MockWebServer$3 acceptConnections
INFO: MockWebServer[32892] done accepting connections: Socket closed
Apr 21, 2016 7:14:25 PM okhttp3.mockwebserver.MockWebServer$4 processOneRequest
INFO: MockWebServer[32892] received request: POST / HTTP/1.1 and responded: HTTP/1.1 200 OK
Apr 21, 2016 7:14:25 PM okhttp3.mockwebserver.MockWebServer$3 execute
INFO: MockWebServer[53593] starting to accept connections
Apr 21, 2016 7:14:25 PM okhttp3.mockwebserver.MockWebServer$3 acceptConnections
INFO: MockWebServer[53593] done accepting connections: Socket closed
Apr 21, 2016 7:14:25 PM okhttp3.mockwebserver.MockWebServer$4 processOneRequest
INFO: MockWebServer[53593] received request: POST / HTTP/1.1 and responded: HTTP/1.1 200 OK
Apr 21, 2016 7:14:25 PM okhttp3.mockwebserver.MockWebServer$3 execute
INFO: MockWebServer[54485] starting to accept connections
Apr 21, 2016 7:14:25 PM okhttp3.mockwebserver.MockWebServer$3 acceptConnections
INFO: MockWebServer[54485] done accepting connections: Socket closed
Apr 21, 2016 7:14:25 PM okhttp3.mockwebserver.MockWebServer$4 processOneRequest
INFO: MockWebServer[54485] received request: POST / HTTP/1.1 and responded: HTTP/1.1 200 OK
Tests run: 4, Failures: 0, Errors: 0, Skipped: 0, Time elapsed: 0.941 sec

Results :

Tests run: 4, Failures: 0, Errors: 0, Skipped: 0

[INFO] 
[INFO] --- animal-sniffer-maven-plugin:1.14:check (default) @ converter-gson ---
[INFO] Checking unresolved references to org.codehaus.mojo.signature:java16:1.1
[INFO]                                                                         
[INFO] ------------------------------------------------------------------------
[INFO] Building Converter: Protocol Buffers 2.0.3-SNAPSHOT
[INFO] ------------------------------------------------------------------------
[INFO] 
[INFO] --- maven-enforcer-plugin:1.0:enforce (enforce-maven) @ converter-protobuf ---
[INFO] 
[INFO] --- maven-resources-plugin:2.6:resources (default-resources) @ converter-protobuf ---
[INFO] Using 'UTF-8' encoding to copy filtered resources.
[INFO] skip non existing resourceDirectory /home/travis/build/square/retrofit/retrofit-converters/protobuf/src/main/resources
[INFO] 
[INFO] --- maven-compiler-plugin:3.0:compile (default-compile) @ converter-protobuf ---
[INFO] Changes detected - recompiling the module!
[INFO] Compiling 3 source files to /home/travis/build/square/retrofit/retrofit-converters/protobuf/target/classes
[WARNING] /home/travis/build/square/retrofit/retrofit-converters/protobuf/src/main/java/retrofit2/converter/protobuf/ProtoConverterFactory.java: /home/travis/build/square/retrofit/retrofit-converters/protobuf/src/main/java/retrofit2/converter/protobuf/ProtoConverterFactory.java uses unchecked or unsafe operations.
[WARNING] /home/travis/build/square/retrofit/retrofit-converters/protobuf/src/main/java/retrofit2/converter/protobuf/ProtoConverterFactory.java: Recompile with -Xlint:unchecked for details.
[INFO] 
[INFO] --- maven-resources-plugin:2.6:testResources (default-testResources) @ converter-protobuf ---
[INFO] Using 'UTF-8' encoding to copy filtered resources.
[INFO] skip non existing resourceDirectory /home/travis/build/square/retrofit/retrofit-converters/protobuf/src/test/resources
[INFO] 
[INFO] --- maven-compiler-plugin:3.0:testCompile (default-testCompile) @ converter-protobuf ---
[INFO] Changes detected - recompiling the module!
[INFO] Compiling 2 source files to /home/travis/build/square/retrofit/retrofit-converters/protobuf/target/test-classes
[INFO] 
[INFO] --- maven-surefire-plugin:2.12.4:test (default-test) @ converter-protobuf ---
[INFO] Surefire report directory: /home/travis/build/square/retrofit/retrofit-converters/protobuf/target/surefire-reports

-------------------------------------------------------
 T E S T S
-------------------------------------------------------
Running retrofit2.converter.protobuf.ProtoConverterFactoryTest
Apr 21, 2016 7:14:26 PM okhttp3.mockwebserver.MockWebServer$3 execute
INFO: MockWebServer[57549] starting to accept connections
Apr 21, 2016 7:14:27 PM okhttp3.mockwebserver.MockWebServer$4 processOneRequest
INFO: MockWebServer[57549] received request: POST / HTTP/1.1 and responded: HTTP/1.1 200 OK
Apr 21, 2016 7:14:27 PM okhttp3.mockwebserver.MockWebServer$3 acceptConnections
INFO: MockWebServer[57549] done accepting connections: Socket closed
Apr 21, 2016 7:14:27 PM okhttp3.mockwebserver.MockWebServer$3 execute
INFO: MockWebServer[39912] starting to accept connections
Apr 21, 2016 7:14:27 PM okhttp3.mockwebserver.MockWebServer$3 acceptConnections
INFO: MockWebServer[39912] done accepting connections: Socket closed
Apr 21, 2016 7:14:27 PM okhttp3.mockwebserver.MockWebServer$3 execute
INFO: MockWebServer[53198] starting to accept connections
Apr 21, 2016 7:14:27 PM okhttp3.mockwebserver.MockWebServer$4 processOneRequest
INFO: MockWebServer[53198] received request: GET / HTTP/1.1 and responded: HTTP/1.1 200 OK
Apr 21, 2016 7:14:27 PM okhttp3.mockwebserver.MockWebServer$3 acceptConnections
INFO: MockWebServer[53198] done accepting connections: Socket closed
Apr 21, 2016 7:14:27 PM okhttp3.mockwebserver.MockWebServer$3 execute
INFO: MockWebServer[47662] starting to accept connections
Apr 21, 2016 7:14:27 PM okhttp3.mockwebserver.MockWebServer$3 acceptConnections
INFO: MockWebServer[47662] done accepting connections: Socket closed
Apr 21, 2016 7:14:27 PM okhttp3.mockwebserver.MockWebServer$4 processOneRequest
INFO: MockWebServer[47662] received request: GET / HTTP/1.1 and responded: HTTP/1.1 200 OK
Apr 21, 2016 7:14:27 PM okhttp3.mockwebserver.MockWebServer$3 execute
INFO: MockWebServer[50417] starting to accept connections
Apr 21, 2016 7:14:27 PM okhttp3.mockwebserver.MockWebServer$3 acceptConnections
INFO: MockWebServer[50417] done accepting connections: Socket is closed
Apr 21, 2016 7:14:27 PM okhttp3.mockwebserver.MockWebServer$3 execute
INFO: MockWebServer[34346] starting to accept connections
Apr 21, 2016 7:14:27 PM okhttp3.mockwebserver.MockWebServer$3 acceptConnections
INFO: MockWebServer[34346] done accepting connections: Socket closed
Apr 21, 2016 7:14:27 PM okhttp3.mockwebserver.MockWebServer$4 processOneRequest
INFO: MockWebServer[34346] received request: GET / HTTP/1.1 and responded: HTTP/1.1 200 OK
Tests run: 6, Failures: 0, Errors: 0, Skipped: 0, Time elapsed: 1.01 sec

Results :

Tests run: 6, Failures: 0, Errors: 0, Skipped: 0

[INFO] 
[INFO] --- animal-sniffer-maven-plugin:1.14:check (default) @ converter-protobuf ---
[INFO] Checking unresolved references to org.codehaus.mojo.signature:java16:1.1
[INFO]                                                                         
[INFO] ------------------------------------------------------------------------
[INFO] Building Converter: Jackson 2.0.3-SNAPSHOT
[INFO] ------------------------------------------------------------------------
[INFO] 
[INFO] --- maven-enforcer-plugin:1.0:enforce (enforce-maven) @ converter-jackson ---
[INFO] 
[INFO] --- maven-resources-plugin:2.6:resources (default-resources) @ converter-jackson ---
[INFO] Using 'UTF-8' encoding to copy filtered resources.
[INFO] skip non existing resourceDirectory /home/travis/build/square/retrofit/retrofit-converters/jackson/src/main/resources
[INFO] 
[INFO] --- maven-compiler-plugin:3.0:compile (default-compile) @ converter-jackson ---
[INFO] Changes detected - recompiling the module!
[INFO] Compiling 3 source files to /home/travis/build/square/retrofit/retrofit-converters/jackson/target/classes
[WARNING] /home/travis/build/square/retrofit/retrofit-converters/jackson/src/main/java/retrofit2/converter/jackson/JacksonConverterFactory.java: /home/travis/build/square/retrofit/retrofit-converters/jackson/src/main/java/retrofit2/converter/jackson/JacksonConverterFactory.java uses or overrides a deprecated API.
[WARNING] /home/travis/build/square/retrofit/retrofit-converters/jackson/src/main/java/retrofit2/converter/jackson/JacksonConverterFactory.java: Recompile with -Xlint:deprecation for details.
[INFO] 
[INFO] --- maven-resources-plugin:2.6:testResources (default-testResources) @ converter-jackson ---
[INFO] Using 'UTF-8' encoding to copy filtered resources.
[INFO] skip non existing resourceDirectory /home/travis/build/square/retrofit/retrofit-converters/jackson/src/test/resources
[INFO] 
[INFO] --- maven-compiler-plugin:3.0:testCompile (default-testCompile) @ converter-jackson ---
[INFO] Changes detected - recompiling the module!
[INFO] Compiling 1 source file to /home/travis/build/square/retrofit/retrofit-converters/jackson/target/test-classes
[WARNING] /home/travis/build/square/retrofit/retrofit-converters/jackson/src/test/java/retrofit2/converter/jackson/JacksonConverterFactoryTest.java: /home/travis/build/square/retrofit/retrofit-converters/jackson/src/test/java/retrofit2/converter/jackson/JacksonConverterFactoryTest.java uses or overrides a deprecated API.
[WARNING] /home/travis/build/square/retrofit/retrofit-converters/jackson/src/test/java/retrofit2/converter/jackson/JacksonConverterFactoryTest.java: Recompile with -Xlint:deprecation for details.
[INFO] 
[INFO] --- maven-surefire-plugin:2.12.4:test (default-test) @ converter-jackson ---
[INFO] Surefire report directory: /home/travis/build/square/retrofit/retrofit-converters/jackson/target/surefire-reports

-------------------------------------------------------
 T E S T S
-------------------------------------------------------
Running retrofit2.converter.jackson.JacksonConverterFactoryTest
Apr 21, 2016 7:14:28 PM okhttp3.mockwebserver.MockWebServer$3 execute
INFO: MockWebServer[33670] starting to accept connections
Apr 21, 2016 7:14:29 PM okhttp3.mockwebserver.MockWebServer$4 processOneRequest
INFO: MockWebServer[33670] received request: POST / HTTP/1.1 and responded: HTTP/1.1 200 OK
Apr 21, 2016 7:14:29 PM okhttp3.mockwebserver.MockWebServer$3 acceptConnections
INFO: MockWebServer[33670] done accepting connections: Socket closed
Apr 21, 2016 7:14:29 PM okhttp3.mockwebserver.MockWebServer$3 execute
INFO: MockWebServer[60703] starting to accept connections
Apr 21, 2016 7:14:30 PM okhttp3.mockwebserver.MockWebServer$4 processOneRequest
INFO: MockWebServer[60703] received request: POST / HTTP/1.1 and responded: HTTP/1.1 200 OK
Apr 21, 2016 7:14:30 PM okhttp3.mockwebserver.MockWebServer$3 acceptConnections
INFO: MockWebServer[60703] done accepting connections: Socket closed
Tests run: 2, Failures: 0, Errors: 0, Skipped: 0, Time elapsed: 1.266 sec

Results :

Tests run: 2, Failures: 0, Errors: 0, Skipped: 0

[INFO] 
[INFO] --- animal-sniffer-maven-plugin:1.14:check (default) @ converter-jackson ---
[INFO] Checking unresolved references to org.codehaus.mojo.signature:java16:1.1
[INFO]                                                                         
[INFO] ------------------------------------------------------------------------
[INFO] Building Converter: Wire Protocol Buffers 2.0.3-SNAPSHOT
[INFO] ------------------------------------------------------------------------
[INFO] 
[INFO] --- maven-enforcer-plugin:1.0:enforce (enforce-maven) @ converter-wire ---
[INFO] 
[INFO] --- maven-resources-plugin:2.6:resources (default-resources) @ converter-wire ---
[INFO] Using 'UTF-8' encoding to copy filtered resources.
[INFO] skip non existing resourceDirectory /home/travis/build/square/retrofit/retrofit-converters/wire/src/main/resources
[INFO] 
[INFO] --- maven-compiler-plugin:3.0:compile (default-compile) @ converter-wire ---
[INFO] Changes detected - recompiling the module!
[INFO] Compiling 3 source files to /home/travis/build/square/retrofit/retrofit-converters/wire/target/classes
[WARNING] /home/travis/build/square/retrofit/retrofit-converters/wire/src/main/java/retrofit2/converter/wire/WireConverterFactory.java: /home/travis/build/square/retrofit/retrofit-converters/wire/src/main/java/retrofit2/converter/wire/WireConverterFactory.java uses unchecked or unsafe operations.
[WARNING] /home/travis/build/square/retrofit/retrofit-converters/wire/src/main/java/retrofit2/converter/wire/WireConverterFactory.java: Recompile with -Xlint:unchecked for details.
[INFO] 
[INFO] --- maven-resources-plugin:2.6:testResources (default-testResources) @ converter-wire ---
[INFO] Using 'UTF-8' encoding to copy filtered resources.
[INFO] skip non existing resourceDirectory /home/travis/build/square/retrofit/retrofit-converters/wire/src/test/resources
[INFO] 
[INFO] --- maven-compiler-plugin:3.0:testCompile (default-testCompile) @ converter-wire ---
[INFO] Changes detected - recompiling the module!
[INFO] Compiling 2 source files to /home/travis/build/square/retrofit/retrofit-converters/wire/target/test-classes
[INFO] 
[INFO] --- maven-surefire-plugin:2.12.4:test (default-test) @ converter-wire ---
[INFO] Surefire report directory: /home/travis/build/square/retrofit/retrofit-converters/wire/target/surefire-reports

-------------------------------------------------------
 T E S T S
-------------------------------------------------------
Running retrofit2.converter.wire.WireConverterFactoryTest
Apr 21, 2016 7:14:31 PM okhttp3.mockwebserver.MockWebServer$3 execute
INFO: MockWebServer[52588] starting to accept connections
Apr 21, 2016 7:14:32 PM okhttp3.mockwebserver.MockWebServer$4 processOneRequest
INFO: MockWebServer[52588] received request: POST / HTTP/1.1 and responded: HTTP/1.1 200 OK
Apr 21, 2016 7:14:32 PM okhttp3.mockwebserver.MockWebServer$3 acceptConnections
INFO: MockWebServer[52588] done accepting connections: Socket closed
Apr 21, 2016 7:14:32 PM okhttp3.mockwebserver.MockWebServer$3 execute
INFO: MockWebServer[39811] starting to accept connections
Apr 21, 2016 7:14:32 PM okhttp3.mockwebserver.MockWebServer$3 acceptConnections
INFO: MockWebServer[39811] done accepting connections: Socket closed
Apr 21, 2016 7:14:32 PM okhttp3.mockwebserver.MockWebServer$3 execute
INFO: MockWebServer[48676] starting to accept connections
Apr 21, 2016 7:14:32 PM okhttp3.mockwebserver.MockWebServer$3 acceptConnections
INFO: MockWebServer[48676] done accepting connections: Socket closed
Apr 21, 2016 7:14:32 PM okhttp3.mockwebserver.MockWebServer$4 processOneRequest
INFO: MockWebServer[48676] received request: GET / HTTP/1.1 and responded: HTTP/1.1 200 OK
Apr 21, 2016 7:14:32 PM okhttp3.mockwebserver.MockWebServer$3 execute
INFO: MockWebServer[50592] starting to accept connections
Apr 21, 2016 7:14:32 PM okhttp3.mockwebserver.MockWebServer$3 acceptConnections
INFO: MockWebServer[50592] done accepting connections: Socket closed
Apr 21, 2016 7:14:32 PM okhttp3.mockwebserver.MockWebServer$3 execute
INFO: MockWebServer[54354] starting to accept connections
Apr 21, 2016 7:14:32 PM okhttp3.mockwebserver.MockWebServer$3 acceptConnections
INFO: MockWebServer[54354] done accepting connections: Socket closed
Apr 21, 2016 7:14:32 PM okhttp3.mockwebserver.MockWebServer$4 processOneRequest
INFO: MockWebServer[54354] received request: GET / HTTP/1.1 and responded: HTTP/1.1 200 OK
Tests run: 5, Failures: 0, Errors: 0, Skipped: 0, Time elapsed: 1.367 sec

Results :

Tests run: 5, Failures: 0, Errors: 0, Skipped: 0

[INFO] 
[INFO] --- animal-sniffer-maven-plugin:1.14:check (default) @ converter-wire ---
[INFO] Checking unresolved references to org.codehaus.mojo.signature:java16:1.1
[INFO]                                                                         
[INFO] ------------------------------------------------------------------------
[INFO] Building Converter: SimpleXML 2.0.3-SNAPSHOT
[INFO] ------------------------------------------------------------------------
[INFO] 
[INFO] --- maven-enforcer-plugin:1.0:enforce (enforce-maven) @ converter-simplexml ---
[INFO] 
[INFO] --- maven-resources-plugin:2.6:resources (default-resources) @ converter-simplexml ---
[INFO] Using 'UTF-8' encoding to copy filtered resources.
[INFO] skip non existing resourceDirectory /home/travis/build/square/retrofit/retrofit-converters/simplexml/src/main/resources
[INFO] 
[INFO] --- maven-compiler-plugin:3.0:compile (default-compile) @ converter-simplexml ---
[INFO] Changes detected - recompiling the module!
[INFO] Compiling 3 source files to /home/travis/build/square/retrofit/retrofit-converters/simplexml/target/classes
[INFO] 
[INFO] --- maven-resources-plugin:2.6:testResources (default-testResources) @ converter-simplexml ---
[INFO] Using 'UTF-8' encoding to copy filtered resources.
[INFO] skip non existing resourceDirectory /home/travis/build/square/retrofit/retrofit-converters/simplexml/src/test/resources
[INFO] 
[INFO] --- maven-compiler-plugin:3.0:testCompile (default-testCompile) @ converter-simplexml ---
[INFO] Changes detected - recompiling the module!
[INFO] Compiling 2 source files to /home/travis/build/square/retrofit/retrofit-converters/simplexml/target/test-classes
[INFO] 
[INFO] --- maven-surefire-plugin:2.12.4:test (default-test) @ converter-simplexml ---
[INFO] Surefire report directory: /home/travis/build/square/retrofit/retrofit-converters/simplexml/target/surefire-reports

-------------------------------------------------------
 T E S T S
-------------------------------------------------------
Running retrofit2.converter.simplexml.SimpleXmlConverterFactoryTest
Apr 21, 2016 7:14:34 PM okhttp3.mockwebserver.MockWebServer$3 execute
INFO: MockWebServer[54830] starting to accept connections
Apr 21, 2016 7:14:35 PM okhttp3.mockwebserver.MockWebServer$4 processOneRequest
INFO: MockWebServer[54830] received request: GET / HTTP/1.1 and responded: HTTP/1.1 200 OK
Apr 21, 2016 7:14:35 PM okhttp3.mockwebserver.MockWebServer$3 acceptConnections
INFO: MockWebServer[54830] done accepting connections: Socket closed
Apr 21, 2016 7:14:35 PM okhttp3.mockwebserver.MockWebServer$3 execute
INFO: MockWebServer[47667] starting to accept connections
Apr 21, 2016 7:14:35 PM okhttp3.mockwebserver.MockWebServer$4 processOneRequest
INFO: MockWebServer[47667] received request: GET / HTTP/1.1 and responded: HTTP/1.1 200 OK
Apr 21, 2016 7:14:35 PM okhttp3.mockwebserver.MockWebServer$3 acceptConnections
INFO: MockWebServer[47667] done accepting connections: Socket closed
Apr 21, 2016 7:14:35 PM okhttp3.mockwebserver.MockWebServer$3 execute
INFO: MockWebServer[34469] starting to accept connections
Apr 21, 2016 7:14:35 PM okhttp3.mockwebserver.MockWebServer$4 processOneRequest
INFO: MockWebServer[34469] received request: POST / HTTP/1.1 and responded: HTTP/1.1 200 OK
Apr 21, 2016 7:14:35 PM okhttp3.mockwebserver.MockWebServer$3 acceptConnections
INFO: MockWebServer[34469] done accepting connections: Socket closed
Tests run: 3, Failures: 0, Errors: 0, Skipped: 0, Time elapsed: 1.666 sec

Results :

Tests run: 3, Failures: 0, Errors: 0, Skipped: 0

[INFO] 
[INFO] --- animal-sniffer-maven-plugin:1.14:check (default) @ converter-simplexml ---
[INFO] Checking unresolved references to org.codehaus.mojo.signature:java16:1.1
[INFO]                                                                         
[INFO] ------------------------------------------------------------------------
[INFO] Building Converter: Java Scalars 2.0.3-SNAPSHOT
[INFO] ------------------------------------------------------------------------
[INFO] 
[INFO] --- maven-enforcer-plugin:1.0:enforce (enforce-maven) @ converter-scalars ---
[INFO] 
[INFO] --- maven-resources-plugin:2.6:resources (default-resources) @ converter-scalars ---
[INFO] Using 'UTF-8' encoding to copy filtered resources.
[INFO] skip non existing resourceDirectory /home/travis/build/square/retrofit/retrofit-converters/scalars/src/main/resources
[INFO] 
[INFO] --- maven-compiler-plugin:3.0:compile (default-compile) @ converter-scalars ---
[INFO] Changes detected - recompiling the module!
[INFO] Compiling 3 source files to /home/travis/build/square/retrofit/retrofit-converters/scalars/target/classes
[INFO] 
[INFO] --- maven-resources-plugin:2.6:testResources (default-testResources) @ converter-scalars ---
[INFO] Using 'UTF-8' encoding to copy filtered resources.
[INFO] skip non existing resourceDirectory /home/travis/build/square/retrofit/retrofit-converters/scalars/src/test/resources
[INFO] 
[INFO] --- maven-compiler-plugin:3.0:testCompile (default-testCompile) @ converter-scalars ---
[INFO] Changes detected - recompiling the module!
[INFO] Compiling 2 source files to /home/travis/build/square/retrofit/retrofit-converters/scalars/target/test-classes
[INFO] 
[INFO] --- maven-surefire-plugin:2.12.4:test (default-test) @ converter-scalars ---
[INFO] Surefire report directory: /home/travis/build/square/retrofit/retrofit-converters/scalars/target/surefire-reports

-------------------------------------------------------
 T E S T S
-------------------------------------------------------
Running retrofit2.converter.scalars.ScalarsConverterFactoryTest
Apr 21, 2016 7:14:37 PM okhttp3.mockwebserver.MockWebServer$3 execute
INFO: MockWebServer[34426] starting to accept connections
Apr 21, 2016 7:14:38 PM okhttp3.mockwebserver.MockWebServer$3 acceptConnections
INFO: MockWebServer[34426] done accepting connections: Socket closed
Apr 21, 2016 7:14:38 PM okhttp3.mockwebserver.MockWebServer$3 execute
INFO: MockWebServer[55320] starting to accept connections
Apr 21, 2016 7:14:38 PM okhttp3.mockwebserver.MockWebServer$4 processOneRequest
INFO: MockWebServer[55320] received request: GET / HTTP/1.1 and responded: HTTP/1.1 200 OK
Apr 21, 2016 7:14:38 PM okhttp3.mockwebserver.MockWebServer$4 processOneRequest
INFO: MockWebServer[55320] received request: GET / HTTP/1.1 and responded: HTTP/1.1 200 OK
Apr 21, 2016 7:14:38 PM okhttp3.mockwebserver.MockWebServer$4 processOneRequest
INFO: MockWebServer[55320] received request: GET / HTTP/1.1 and responded: HTTP/1.1 200 OK
Apr 21, 2016 7:14:38 PM okhttp3.mockwebserver.MockWebServer$4 processOneRequest
INFO: MockWebServer[55320] received request: GET / HTTP/1.1 and responded: HTTP/1.1 200 OK
Apr 21, 2016 7:14:39 PM okhttp3.mockwebserver.MockWebServer$4 processOneRequest
INFO: MockWebServer[55320] received request: GET / HTTP/1.1 and responded: HTTP/1.1 200 OK
Apr 21, 2016 7:14:39 PM okhttp3.mockwebserver.MockWebServer$4 processOneRequest
INFO: MockWebServer[55320] received request: GET / HTTP/1.1 and responded: HTTP/1.1 200 OK
Apr 21, 2016 7:14:39 PM okhttp3.mockwebserver.MockWebServer$4 processOneRequest
INFO: MockWebServer[55320] received request: GET / HTTP/1.1 and responded: HTTP/1.1 200 OK
Apr 21, 2016 7:14:39 PM okhttp3.mockwebserver.MockWebServer$4 processOneRequest
INFO: MockWebServer[55320] received request: GET / HTTP/1.1 and responded: HTTP/1.1 200 OK
Apr 21, 2016 7:14:39 PM okhttp3.mockwebserver.MockWebServer$4 processOneRequest
INFO: MockWebServer[55320] received request: GET / HTTP/1.1 and responded: HTTP/1.1 200 OK
Apr 21, 2016 7:14:39 PM okhttp3.mockwebserver.MockWebServer$4 processOneRequest
INFO: MockWebServer[55320] received request: GET / HTTP/1.1 and responded: HTTP/1.1 200 OK
Apr 21, 2016 7:14:39 PM okhttp3.mockwebserver.MockWebServer$4 processOneRequest
INFO: MockWebServer[55320] received request: GET / HTTP/1.1 and responded: HTTP/1.1 200 OK
Apr 21, 2016 7:14:39 PM okhttp3.mockwebserver.MockWebServer$3 acceptConnections
INFO: MockWebServer[55320] done accepting connections: Socket closed
Apr 21, 2016 7:14:39 PM okhttp3.mockwebserver.MockWebServer$3 execute
INFO: MockWebServer[50531] starting to accept connections
Apr 21, 2016 7:14:39 PM okhttp3.mockwebserver.MockWebServer$4 processOneRequest
INFO: MockWebServer[50531] received request: POST / HTTP/1.1 and responded: HTTP/1.1 200 OK
Apr 21, 2016 7:14:39 PM okhttp3.mockwebserver.MockWebServer$4 processOneRequest
INFO: MockWebServer[50531] received request: POST / HTTP/1.1 and responded: HTTP/1.1 200 OK
Apr 21, 2016 7:14:39 PM okhttp3.mockwebserver.MockWebServer$4 processOneRequest
INFO: MockWebServer[50531] received request: POST / HTTP/1.1 and responded: HTTP/1.1 200 OK
Apr 21, 2016 7:14:39 PM okhttp3.mockwebserver.MockWebServer$4 processOneRequest
INFO: MockWebServer[50531] received request: POST / HTTP/1.1 and responded: HTTP/1.1 200 OK
Apr 21, 2016 7:14:39 PM okhttp3.mockwebserver.MockWebServer$4 processOneRequest
INFO: MockWebServer[50531] received request: POST / HTTP/1.1 and responded: HTTP/1.1 200 OK
Apr 21, 2016 7:14:39 PM okhttp3.mockwebserver.MockWebServer$4 processOneRequest
INFO: MockWebServer[50531] received request: POST / HTTP/1.1 and responded: HTTP/1.1 200 OK
Apr 21, 2016 7:14:39 PM okhttp3.mockwebserver.MockWebServer$4 processOneRequest
INFO: MockWebServer[50531] received request: POST / HTTP/1.1 and responded: HTTP/1.1 200 OK
Apr 21, 2016 7:14:39 PM okhttp3.mockwebserver.MockWebServer$4 processOneRequest
INFO: MockWebServer[50531] received request: POST / HTTP/1.1 and responded: HTTP/1.1 200 OK
Apr 21, 2016 7:14:39 PM okhttp3.mockwebserver.MockWebServer$4 processOneRequest
INFO: MockWebServer[50531] received request: POST / HTTP/1.1 and responded: HTTP/1.1 200 OK
Apr 21, 2016 7:14:39 PM okhttp3.mockwebserver.MockWebServer$4 processOneRequest
INFO: MockWebServer[50531] received request: POST / HTTP/1.1 and responded: HTTP/1.1 200 OK
Apr 21, 2016 7:14:39 PM okhttp3.mockwebserver.MockWebServer$4 processOneRequest
INFO: MockWebServer[50531] received request: POST / HTTP/1.1 and responded: HTTP/1.1 200 OK
Apr 21, 2016 7:14:39 PM okhttp3.mockwebserver.MockWebServer$4 processOneRequest
INFO: MockWebServer[50531] received request: POST / HTTP/1.1 and responded: HTTP/1.1 200 OK
Apr 21, 2016 7:14:39 PM okhttp3.mockwebserver.MockWebServer$4 processOneRequest
INFO: MockWebServer[50531] received request: POST / HTTP/1.1 and responded: HTTP/1.1 200 OK
Apr 21, 2016 7:14:39 PM okhttp3.mockwebserver.MockWebServer$4 processOneRequest
INFO: MockWebServer[50531] received request: POST / HTTP/1.1 and responded: HTTP/1.1 200 OK
Apr 21, 2016 7:14:39 PM okhttp3.mockwebserver.MockWebServer$4 processOneRequest
INFO: MockWebServer[50531] received request: POST / HTTP/1.1 and responded: HTTP/1.1 200 OK
Apr 21, 2016 7:14:39 PM okhttp3.mockwebserver.MockWebServer$4 processOneRequest
INFO: MockWebServer[50531] received request: POST / HTTP/1.1 and responded: HTTP/1.1 200 OK
Apr 21, 2016 7:14:39 PM okhttp3.mockwebserver.MockWebServer$4 processOneRequest
INFO: MockWebServer[50531] received request: POST / HTTP/1.1 and responded: HTTP/1.1 200 OK
Apr 21, 2016 7:14:39 PM okhttp3.mockwebserver.MockWebServer$3 acceptConnections
INFO: MockWebServer[50531] done accepting connections: Socket closed
Apr 21, 2016 7:14:39 PM okhttp3.mockwebserver.MockWebServer$3 execute
INFO: MockWebServer[39703] starting to accept connections
Apr 21, 2016 7:14:39 PM okhttp3.mockwebserver.MockWebServer$3 acceptConnections
INFO: MockWebServer[39703] done accepting connections: Socket closed
Tests run: 4, Failures: 0, Errors: 0, Skipped: 0, Time elapsed: 1.977 sec
Running retrofit2.converter.scalars.ScalarsConverterPrimitivesFactoryTest
Apr 21, 2016 7:14:39 PM okhttp3.mockwebserver.MockWebServer$3 execute
INFO: MockWebServer[40398] starting to accept connections
Apr 21, 2016 7:14:39 PM okhttp3.mockwebserver.MockWebServer$4 processOneRequest
INFO: MockWebServer[40398] received request: GET / HTTP/1.1 and responded: HTTP/1.1 200 OK
Apr 21, 2016 7:14:39 PM okhttp3.mockwebserver.MockWebServer$4 processOneRequest
INFO: MockWebServer[40398] received request: GET / HTTP/1.1 and responded: HTTP/1.1 200 OK
Apr 21, 2016 7:14:39 PM okhttp3.mockwebserver.MockWebServer$4 processOneRequest
INFO: MockWebServer[40398] received request: GET / HTTP/1.1 and responded: HTTP/1.1 200 OK
Apr 21, 2016 7:14:39 PM okhttp3.mockwebserver.MockWebServer$4 processOneRequest
INFO: MockWebServer[40398] received request: GET / HTTP/1.1 and responded: HTTP/1.1 200 OK
Apr 21, 2016 7:14:39 PM okhttp3.mockwebserver.MockWebServer$4 processOneRequest
INFO: MockWebServer[40398] received request: GET / HTTP/1.1 and responded: HTTP/1.1 200 OK
Apr 21, 2016 7:14:39 PM okhttp3.mockwebserver.MockWebServer$4 processOneRequest
INFO: MockWebServer[40398] received request: GET / HTTP/1.1 and responded: HTTP/1.1 200 OK
Apr 21, 2016 7:14:39 PM okhttp3.mockwebserver.MockWebServer$4 processOneRequest
INFO: MockWebServer[40398] received request: GET / HTTP/1.1 and responded: HTTP/1.1 200 OK
Apr 21, 2016 7:14:39 PM okhttp3.mockwebserver.MockWebServer$4 processOneRequest
INFO: MockWebServer[40398] received request: GET / HTTP/1.1 and responded: HTTP/1.1 200 OK
Apr 21, 2016 7:14:39 PM okhttp3.mockwebserver.MockWebServer$4 processOneRequest
INFO: MockWebServer[40398] received request: GET / HTTP/1.1 and responded: HTTP/1.1 200 OK
Apr 21, 2016 7:14:39 PM okhttp3.mockwebserver.MockWebServer$4 processOneRequest
INFO: MockWebServer[40398] received request: GET / HTTP/1.1 and responded: HTTP/1.1 200 OK
Apr 21, 2016 7:14:39 PM okhttp3.mockwebserver.MockWebServer$3 acceptConnections
INFO: MockWebServer[40398] done accepting connections: Socket closed
Tests run: 1, Failures: 0, Errors: 0, Skipped: 0, Time elapsed: 0.387 sec

Results :

Tests run: 5, Failures: 0, Errors: 0, Skipped: 0

[INFO] 
[INFO] --- animal-sniffer-maven-plugin:1.14:check (default) @ converter-scalars ---
[INFO] Checking unresolved references to org.codehaus.mojo.signature:java16:1.1
[INFO]                                                                         
[INFO] ------------------------------------------------------------------------
[INFO] Building Converter: Moshi 2.0.3-SNAPSHOT
[INFO] ------------------------------------------------------------------------
[INFO] 
[INFO] --- maven-enforcer-plugin:1.0:enforce (enforce-maven) @ converter-moshi ---
[INFO] 
[INFO] --- maven-resources-plugin:2.6:resources (default-resources) @ converter-moshi ---
[INFO] Using 'UTF-8' encoding to copy filtered resources.
[INFO] skip non existing resourceDirectory /home/travis/build/square/retrofit/retrofit-converters/moshi/src/main/resources
[INFO] 
[INFO] --- maven-compiler-plugin:3.0:compile (default-compile) @ converter-moshi ---
[INFO] Changes detected - recompiling the module!
[INFO] Compiling 3 source files to /home/travis/build/square/retrofit/retrofit-converters/moshi/target/classes
[INFO] 
[INFO] --- maven-resources-plugin:2.6:testResources (default-testResources) @ converter-moshi ---
[INFO] Using 'UTF-8' encoding to copy filtered resources.
[INFO] skip non existing resourceDirectory /home/travis/build/square/retrofit/retrofit-converters/moshi/src/test/resources
[INFO] 
[INFO] --- maven-compiler-plugin:3.0:testCompile (default-testCompile) @ converter-moshi ---
[INFO] Changes detected - recompiling the module!
[INFO] Compiling 1 source file to /home/travis/build/square/retrofit/retrofit-converters/moshi/target/test-classes
[INFO] 
[INFO] --- maven-surefire-plugin:2.12.4:test (default-test) @ converter-moshi ---
[INFO] Surefire report directory: /home/travis/build/square/retrofit/retrofit-converters/moshi/target/surefire-reports

-------------------------------------------------------
 T E S T S
-------------------------------------------------------
Running retrofit2.converter.moshi.MoshiConverterFactoryTest
Apr 21, 2016 7:14:42 PM okhttp3.mockwebserver.MockWebServer$3 execute
INFO: MockWebServer[53474] starting to accept connections
Apr 21, 2016 7:14:43 PM okhttp3.mockwebserver.MockWebServer$4 processOneRequest
INFO: MockWebServer[53474] received request: POST / HTTP/1.1 and responded: HTTP/1.1 200 OK
Apr 21, 2016 7:14:43 PM okhttp3.mockwebserver.MockWebServer$3 acceptConnections
INFO: MockWebServer[53474] done accepting connections: Socket closed
Apr 21, 2016 7:14:43 PM okhttp3.mockwebserver.MockWebServer$3 execute
INFO: MockWebServer[34744] starting to accept connections
Apr 21, 2016 7:14:44 PM okhttp3.mockwebserver.MockWebServer$3 acceptConnections
INFO: MockWebServer[34744] done accepting connections: Socket closed
Apr 21, 2016 7:14:44 PM okhttp3.mockwebserver.MockWebServer$4 processOneRequest
INFO: MockWebServer[34744] received request: POST / HTTP/1.1 and responded: HTTP/1.1 200 OK
Apr 21, 2016 7:14:44 PM okhttp3.mockwebserver.MockWebServer$3 execute
INFO: MockWebServer[43128] starting to accept connections
Apr 21, 2016 7:14:44 PM okhttp3.mockwebserver.MockWebServer$4 processOneRequest
INFO: MockWebServer[43128] received request: POST / HTTP/1.1 and responded: HTTP/1.1 200 OK
Apr 21, 2016 7:14:44 PM okhttp3.mockwebserver.MockWebServer$4 processOneRequest
INFO: MockWebServer[43128] received request: POST / HTTP/1.1 and responded: HTTP/1.1 200 OK
Apr 21, 2016 7:14:44 PM okhttp3.mockwebserver.MockWebServer$3 acceptConnections
INFO: MockWebServer[43128] done accepting connections: Socket closed
Tests run: 3, Failures: 0, Errors: 0, Skipped: 0, Time elapsed: 2.06 sec

Results :

Tests run: 3, Failures: 0, Errors: 0, Skipped: 0

[INFO] 
[INFO] --- animal-sniffer-maven-plugin:1.14:check (default) @ converter-moshi ---
[INFO] Checking unresolved references to org.codehaus.mojo.signature:java16:1.1
[INFO]                                                                         
[INFO] ------------------------------------------------------------------------
[INFO] Building Retrofit Mock Adapter 2.0.3-SNAPSHOT
[INFO] ------------------------------------------------------------------------
[INFO] 
[INFO] --- maven-enforcer-plugin:1.0:enforce (enforce-maven) @ retrofit-mock ---
[INFO] 
[INFO] --- maven-resources-plugin:2.6:resources (default-resources) @ retrofit-mock ---
[INFO] Using 'UTF-8' encoding to copy filtered resources.
[INFO] skip non existing resourceDirectory /home/travis/build/square/retrofit/retrofit-mock/src/main/resources
[INFO] 
[INFO] --- maven-compiler-plugin:3.0:compile (default-compile) @ retrofit-mock ---
[INFO] Changes detected - recompiling the module!
[INFO] Compiling 5 source files to /home/travis/build/square/retrofit/retrofit-mock/target/classes
[INFO] 
[INFO] --- maven-resources-plugin:2.6:testResources (default-testResources) @ retrofit-mock ---
[INFO] Using 'UTF-8' encoding to copy filtered resources.
[INFO] skip non existing resourceDirectory /home/travis/build/square/retrofit/retrofit-mock/src/test/resources
[INFO] 
[INFO] --- maven-compiler-plugin:3.0:testCompile (default-testCompile) @ retrofit-mock ---
[INFO] Changes detected - recompiling the module!
[INFO] Compiling 3 source files to /home/travis/build/square/retrofit/retrofit-mock/target/test-classes
[INFO] 
[INFO] --- maven-surefire-plugin:2.12.4:test (default-test) @ retrofit-mock ---
[INFO] Surefire report directory: /home/travis/build/square/retrofit/retrofit-mock/target/surefire-reports

-------------------------------------------------------
 T E S T S
-------------------------------------------------------
Running retrofit2.mock.BehaviorDelegateTest
Tests run: 10, Failures: 0, Errors: 0, Skipped: 0, Time elapsed: 2.141 sec
Running retrofit2.mock.MockRetrofitTest
Tests run: 8, Failures: 0, Errors: 0, Skipped: 0, Time elapsed: 0.072 sec
Running retrofit2.mock.NetworkBehaviorTest
Tests run: 5, Failures: 0, Errors: 0, Skipped: 0, Time elapsed: 0.103 sec

Results :

Tests run: 23, Failures: 0, Errors: 0, Skipped: 0

[INFO] 
[INFO] --- animal-sniffer-maven-plugin:1.14:check (default) @ retrofit-mock ---
[INFO] Checking unresolved references to org.codehaus.mojo.signature:java16:1.1
[INFO]                                                                         
[INFO] ------------------------------------------------------------------------
[INFO] Building Samples 2.0.3-SNAPSHOT
[INFO] ------------------------------------------------------------------------
[INFO] 
[INFO] --- maven-enforcer-plugin:1.0:enforce (enforce-maven) @ samples ---
[INFO] 
[INFO] --- maven-resources-plugin:2.6:resources (default-resources) @ samples ---
[INFO] Using 'UTF-8' encoding to copy filtered resources.
[INFO] skip non existing resourceDirectory /home/travis/build/square/retrofit/samples/src/main/resources
[INFO] 
[INFO] --- maven-compiler-plugin:3.0:compile (default-compile) @ samples ---
[INFO] Changes detected - recompiling the module!
[INFO] Compiling 9 source files to /home/travis/build/square/retrofit/samples/target/classes
[INFO] 
[INFO] --- maven-resources-plugin:2.6:testResources (default-testResources) @ samples ---
[INFO] Using 'UTF-8' encoding to copy filtered resources.
[INFO] skip non existing resourceDirectory /home/travis/build/square/retrofit/samples/src/test/resources
[INFO] 
[INFO] --- maven-compiler-plugin:3.0:testCompile (default-testCompile) @ samples ---
[INFO] No sources to compile
[INFO] 
[INFO] --- maven-surefire-plugin:2.12.4:test (default-test) @ samples ---
[INFO] No tests to run.
[INFO] 
[INFO] --- animal-sniffer-maven-plugin:1.14:check (default) @ samples ---
[INFO] Checking unresolved references to org.codehaus.mojo.signature:java16:1.1
[INFO] ------------------------------------------------------------------------
[INFO] Reactor Summary:
[INFO] 
[INFO] Retrofit (Parent) .................................. SUCCESS [  3.361 s]
[INFO] Retrofit ........................................... SUCCESS [ 29.758 s]
[INFO] Adapters ........................................... SUCCESS [  0.387 s]
[INFO] Adapter: Guava ..................................... SUCCESS [  3.599 s]
[INFO] Adapter: Java 8 .................................... SUCCESS [  3.033 s]
[INFO] Adapter: RxJava .................................... SUCCESS [  3.468 s]
[INFO] Converters ......................................... SUCCESS [  0.263 s]
[INFO] Converter: Gson .................................... SUCCESS [  2.093 s]
[INFO] Converter: Protocol Buffers ........................ SUCCESS [  2.348 s]
[INFO] Converter: Jackson ................................. SUCCESS [  2.052 s]
[INFO] Converter: Wire Protocol Buffers ................... SUCCESS [  2.707 s]
[INFO] Converter: SimpleXML ............................... SUCCESS [  3.263 s]
[INFO] Converter: Java Scalars ............................ SUCCESS [  4.074 s]
[INFO] Converter: Moshi ................................... SUCCESS [  4.163 s]
[INFO] Retrofit Mock Adapter .............................. SUCCESS [  3.975 s]
[INFO] Samples ............................................ SUCCESS [  1.934 s]
[INFO] ------------------------------------------------------------------------
[INFO] BUILD SUCCESS
[INFO] ------------------------------------------------------------------------
[INFO] Total time: 01:11 min
[INFO] Finished at: 2016-04-21T19:14:50+00:00
[INFO] Final Memory: 33M/291M
[INFO] ------------------------------------------------------------------------

travis_time:end:04fe8ddb:start=1461266017863433740,finish=1461266097886602091,duration=80023168351[0K
[32;1mThe command "mvn test -B" exited with 0.[0m
travis_fold:start:cache.2[0Kstore build cache
travis_time:start:16dcd822[0K
travis_time:end:16dcd822:start=1461266097893081228,finish=1461266097897758895,duration=4677667[0Ktravis_time:start:0d3448e4[0K[32;1mchange detected:
/home/travis/.m2/repository/com/squareup/retrofit2/adapter-guava/2.0.3-SNAPSHOT/adapter-guava-2.0.3-SNAPSHOT.jar
/home/travis/.m2/repository/com/squareup/retrofit2/adapter-guava/2.0.3-SNAPSHOT/maven-metadata-local.xml
/home/travis/.m2/repository/com/squareup/retrofit2/adapter-guava/2.0.3-SNAPSHOT/_remote.repositories
/home/travis/.m2/repository/com/squareup/retrofit2/adapter-guava/maven-metadata-local.xml
/home/travis/.m2/repository/com/squareup/retrofit2/adapter-java8/2.0.3-SNAPSHOT/adapter-java8-2.0.3-SNAPSHOT.jar
/home/travis/.m2/repository/com/squareup/retrofit2/adapter-java8/2.0.3-SNAPSHOT/maven-metadata-local.xml
/home/travis/.m2/repository/com/squareup/retrofit2/adapter-java8/2.0.3-SNAPSHOT/_remote.repositories
/home/travis/.m2/repository/com/squareup/retrofit2/adapter-java8/maven-metadata-local.xml
/home/travis/.m2/repository/com/squareup/retrofit2/adapter-rxjava/2.0.3-SNAPSHOT/adapter-rxjava-2.0.3-SNAPSHOT.jar
/home/travis/.m2/repository/com/squareup/retrofit2/adapter-rxjava/2.
[0m
[32;1m...
[0m
[32;1mchanges detected, packing new archive[0m
.
[32;1muploading archive[0m

travis_time:end:0d3448e4:start=1461266097903005885,finish=1461266108568551056,duration=10665545171[0Ktravis_fold:end:cache.2[0Ktravis_fold:start:after_success[0Ktravis_time:start:1aa6bc3c[0K$ .buildscript/deploy_snapshot.sh
Skipping snapshot deployment: wrong branch. Expected 'master' but was 'jw/sanity'.

travis_time:end:1aa6bc3c:start=1461266108574235302,finish=1461266108580895114,duration=6659812[0Ktravis_fold:end:after_success[0K
Done. Your build exited with 0.
