Using worker: worker-linux-docker-e48d5e62.prod.travis-ci.org:travis-linux-14

travis_fold:start:system_info[0K[33;1mBuild system information[0m
Build language: java
Build group: stable
Build dist: precise
[34m[1mBuild image provisioning date and time[0m
Thu Feb  5 15:09:33 UTC 2015
[34m[1mOperating System Details[0m
Distributor ID:	Ubuntu
Description:	Ubuntu 12.04.5 LTS
Release:	12.04
Codename:	precise
[34m[1mLinux Version[0m
3.13.0-29-generic
[34m[1mCookbooks Version[0m
a68419e https://github.com/travis-ci/travis-cookbooks/tree/a68419e
[34m[1mGCC version[0m
gcc (Ubuntu/Linaro 4.6.3-1ubuntu5) 4.6.3
Copyright (C) 2011 Free Software Foundation, Inc.
This is free software; see the source for copying conditions.  There is NO
warranty; not even for MERCHANTABILITY or FITNESS FOR A PARTICULAR PURPOSE.

[34m[1mLLVM version[0m
clang version 3.4 (tags/RELEASE_34/final)
Target: x86_64-unknown-linux-gnu
Thread model: posix
[34m[1mPre-installed Ruby versions[0m
ruby-1.9.3-p551
[34m[1mPre-installed Node.js versions[0m
v0.10.36
[34m[1mPre-installed Go versions[0m
1.4.1
[34m[1mRedis version[0m
redis-server 2.8.19
[34m[1mriak version[0m
2.0.2
[34m[1mMongoDB version[0m
MongoDB 2.4.12
[34m[1mCouchDB version[0m
couchdb 1.6.1
[34m[1mNeo4j version[0m
1.9.4
[34m[1mRabbitMQ Version[0m
3.4.3
[34m[1mElasticSearch version[0m
1.4.0
[34m[1mInstalled Sphinx versions[0m
2.0.10
2.1.9
2.2.6
[34m[1mDefault Sphinx version[0m
2.2.6
[34m[1mInstalled Firefox version[0m
firefox 31.0esr
[34m[1mPhantomJS version[0m
1.9.8
[34m[1mant -version[0m
Apache Ant(TM) version 1.8.2 compiled on December 3 2011
[34m[1mmvn -version[0m
Apache Maven 3.2.5 (12a6b3acb947671f09b81f49094c53f426d8cea1; 2014-12-14T17:29:23+00:00)
Maven home: /usr/local/maven
Java version: 1.7.0_76, vendor: Oracle Corporation
Java home: /usr/lib/jvm/java-7-oracle/jre
Default locale: en_US, platform encoding: ANSI_X3.4-1968
OS name: "linux", version: "3.13.0-29-generic", arch: "amd64", family: "unix"
travis_fold:end:system_info[0K
travis_fold:start:fix.CVE-2015-7547[0K$ export DEBIAN_FRONTEND=noninteractive
W: Size of file /var/lib/apt/lists/us.archive.ubuntu.com_ubuntu_dists_precise-backports_multiverse_source_Sources.gz is not what the server reported 5886 5888
W: Size of file /var/lib/apt/lists/ppa.launchpad.net_ubuntugis_ppa_ubuntu_dists_precise_main_binary-amd64_Packages.gz is not what the server reported 36669 36677
W: Size of file /var/lib/apt/lists/ppa.launchpad.net_ubuntugis_ppa_ubuntu_dists_precise_main_binary-i386_Packages.gz is not what the server reported 36729 36733
Reading package lists...
Building dependency tree...
Reading state information...
The following extra packages will be installed:
  libc-bin libc-dev-bin libc6-dev
Suggested packages:
  glibc-doc
The following packages will be upgraded:
  libc-bin libc-dev-bin libc6 libc6-dev
4 upgraded, 0 newly installed, 0 to remove and 246 not upgraded.
Need to get 8,840 kB of archives.
After this operation, 14.3 kB disk space will be freed.
Get:1 http://us.archive.ubuntu.com/ubuntu/ precise-updates/main libc6-dev amd64 2.15-0ubuntu10.15 [2,943 kB]
Get:2 http://us.archive.ubuntu.com/ubuntu/ precise-updates/main libc-dev-bin amd64 2.15-0ubuntu10.15 [84.7 kB]
Get:3 http://us.archive.ubuntu.com/ubuntu/ precise-updates/main libc-bin amd64 2.15-0ubuntu10.15 [1,177 kB]
Get:4 http://us.archive.ubuntu.com/ubuntu/ precise-updates/main libc6 amd64 2.15-0ubuntu10.15 [4,636 kB]
Fetched 8,840 kB in 0s (33.0 MB/s)
Preconfiguring packages ...
(Reading database ... (Reading database ... 5%(Reading database ... 10%(Reading database ... 15%(Reading database ... 20%(Reading database ... 25%(Reading database ... 30%(Reading database ... 35%(Reading database ... 40%(Reading database ... 45%(Reading database ... 50%(Reading database ... 55%(Reading database ... 60%(Reading database ... 65%(Reading database ... 70%(Reading database ... 75%(Reading database ... 80%(Reading database ... 85%(Reading database ... 90%(Reading database ... 95%(Reading database ... 100%(Reading database ... 72019 files and directories currently installed.)
Preparing to replace libc6-dev 2.15-0ubuntu10.10 (using .../libc6-dev_2.15-0ubuntu10.15_amd64.deb) ...
Unpacking replacement libc6-dev ...
Preparing to replace libc-dev-bin 2.15-0ubuntu10.10 (using .../libc-dev-bin_2.15-0ubuntu10.15_amd64.deb) ...
Unpacking replacement libc-dev-bin ...
Preparing to replace libc-bin 2.15-0ubuntu10.10 (using .../libc-bin_2.15-0ubuntu10.15_amd64.deb) ...
Unpacking replacement libc-bin ...
Processing triggers for man-db ...
Setting up libc-bin (2.15-0ubuntu10.15) ...
(Reading database ... (Reading database ... 5%(Reading database ... 10%(Reading database ... 15%(Reading database ... 20%(Reading database ... 25%(Reading database ... 30%(Reading database ... 35%(Reading database ... 40%(Reading database ... 45%(Reading database ... 50%(Reading database ... 55%(Reading database ... 60%(Reading database ... 65%(Reading database ... 70%(Reading database ... 75%(Reading database ... 80%(Reading database ... 85%(Reading database ... 90%(Reading database ... 95%(Reading database ... 100%(Reading database ... 72018 files and directories currently installed.)
Preparing to replace libc6 2.15-0ubuntu10.10 (using .../libc6_2.15-0ubuntu10.15_amd64.deb) ...
Unpacking replacement libc6 ...
Setting up libc6 (2.15-0ubuntu10.15) ...
Setting up libc-dev-bin (2.15-0ubuntu10.15) ...
Setting up libc6-dev (2.15-0ubuntu10.15) ...
Processing triggers for libc-bin ...
ldconfig deferred processing now taking place
travis_fold:end:fix.CVE-2015-7547[0Ktravis_fold:start:git.checkout[0Ktravis_time:start:26968608[0K$ git clone --depth=50 --branch=jw/moshi-qualifiers https://github.com/square/retrofit.git square/retrofit
Cloning into 'square/retrofit'...
remote: Counting objects: 1273, done.[K
remote: Compressing objects:   0% (1/684)   [Kremote: Compressing objects:   1% (7/684)   [Kremote: Compressing objects:   2% (14/684)   [Kremote: Compressing objects:   3% (21/684)   [Kremote: Compressing objects:   4% (28/684)   [Kremote: Compressing objects:   5% (35/684)   [Kremote: Compressing objects:   6% (42/684)   [Kremote: Compressing objects:   7% (48/684)   [Kremote: Compressing objects:   8% (55/684)   [Kremote: Compressing objects:   9% (62/684)   [Kremote: Compressing objects:  10% (69/684)   [Kremote: Compressing objects:  11% (76/684)   [Kremote: Compressing objects:  12% (83/684)   [Kremote: Compressing objects:  13% (89/684)   [Kremote: Compressing objects:  14% (96/684)   [Kremote: Compressing objects:  15% (103/684)   [Kremote: Compressing objects:  16% (110/684)   [Kremote: Compressing objects:  17% (117/684)   [Kremote: Compressing objects:  18% (124/684)   [Kremote: Compressing objects:  19% (130/684)   [Kremote: Compressing objects:  20% (137/684)   [Kremote: Compressing objects:  21% (144/684)   [Kremote: Compressing objects:  22% (151/684)   [Kremote: Compressing objects:  23% (158/684)   [Kremote: Compressing objects:  24% (165/684)   [Kremote: Compressing objects:  25% (171/684)   [Kremote: Compressing objects:  26% (178/684)   [Kremote: Compressing objects:  27% (185/684)   [Kremote: Compressing objects:  28% (192/684)   [Kremote: Compressing objects:  29% (199/684)   [Kremote: Compressing objects:  30% (206/684)   [Kremote: Compressing objects:  31% (213/684)   [Kremote: Compressing objects:  32% (219/684)   [Kremote: Compressing objects:  33% (226/684)   [Kremote: Compressing objects:  34% (233/684)   [Kremote: Compressing objects:  35% (240/684)   [Kremote: Compressing objects:  36% (247/684)   [Kremote: Compressing objects:  37% (254/684)   [Kremote: Compressing objects:  38% (260/684)   [Kremote: Compressing objects:  39% (267/684)   [Kremote: Compressing objects:  40% (274/684)   [Kremote: Compressing objects:  41% (281/684)   [Kremote: Compressing objects:  42% (288/684)   [Kremote: Compressing objects:  43% (295/684)   [Kremote: Compressing objects:  44% (301/684)   [Kremote: Compressing objects:  45% (308/684)   [Kremote: Compressing objects:  46% (315/684)   [Kremote: Compressing objects:  47% (322/684)   [Kremote: Compressing objects:  48% (329/684)   [Kremote: Compressing objects:  49% (336/684)   [Kremote: Compressing objects:  50% (342/684)   [Kremote: Compressing objects:  51% (349/684)   [Kremote: Compressing objects:  52% (356/684)   [Kremote: Compressing objects:  53% (363/684)   [Kremote: Compressing objects:  54% (370/684)   [Kremote: Compressing objects:  55% (377/684)   [Kremote: Compressing objects:  56% (384/684)   [Kremote: Compressing objects:  57% (390/684)   [Kremote: Compressing objects:  58% (397/684)   [Kremote: Compressing objects:  59% (404/684)   [Kremote: Compressing objects:  60% (411/684)   [Kremote: Compressing objects:  61% (418/684)   [Kremote: Compressing objects:  62% (425/684)   [Kremote: Compressing objects:  63% (431/684)   [Kremote: Compressing objects:  64% (438/684)   [Kremote: Compressing objects:  65% (445/684)   [Kremote: Compressing objects:  66% (452/684)   [Kremote: Compressing objects:  67% (459/684)   [Kremote: Compressing objects:  68% (466/684)   [Kremote: Compressing objects:  69% (472/684)   [Kremote: Compressing objects:  70% (479/684)   [Kremote: Compressing objects:  71% (486/684)   [Kremote: Compressing objects:  72% (493/684)   [Kremote: Compressing objects:  73% (500/684)   [Kremote: Compressing objects:  74% (507/684)   [Kremote: Compressing objects:  75% (513/684)   [Kremote: Compressing objects:  76% (520/684)   [Kremote: Compressing objects:  77% (527/684)   [Kremote: Compressing objects:  78% (534/684)   [Kremote: Compressing objects:  79% (541/684)   [Kremote: Compressing objects:  80% (548/684)   [Kremote: Compressing objects:  81% (555/684)   [Kremote: Compressing objects:  82% (561/684)   [Kremote: Compressing objects:  83% (568/684)   [Kremote: Compressing objects:  84% (575/684)   [Kremote: Compressing objects:  85% (582/684)   [Kremote: Compressing objects:  86% (589/684)   [Kremote: Compressing objects:  87% (596/684)   [Kremote: Compressing objects:  88% (602/684)   [Kremote: Compressing objects:  89% (609/684)   [Kremote: Compressing objects:  90% (616/684)   [Kremote: Compressing objects:  91% (623/684)   [Kremote: Compressing objects:  92% (630/684)   [Kremote: Compressing objects:  93% (637/684)   [Kremote: Compressing objects:  94% (643/684)   [Kremote: Compressing objects:  95% (650/684)   [Kremote: Compressing objects:  96% (657/684)   [Kremote: Compressing objects:  97% (664/684)   [Kremote: Compressing objects:  98% (671/684)   [Kremote: Compressing objects:  99% (678/684)   [Kremote: Compressing objects: 100% (684/684)   [Kremote: Compressing objects: 100% (684/684), done.[K
Receiving objects:   0% (1/1273)   Receiving objects:   1% (13/1273)   Receiving objects:   2% (26/1273)   Receiving objects:   3% (39/1273)   Receiving objects:   4% (51/1273)   Receiving objects:   5% (64/1273)   Receiving objects:   6% (77/1273)   Receiving objects:   7% (90/1273)   Receiving objects:   8% (102/1273)   Receiving objects:   9% (115/1273)   Receiving objects:  10% (128/1273)   Receiving objects:  11% (141/1273)   Receiving objects:  12% (153/1273)   Receiving objects:  13% (166/1273)   Receiving objects:  14% (179/1273)   Receiving objects:  15% (191/1273)   Receiving objects:  16% (204/1273)   Receiving objects:  17% (217/1273)   Receiving objects:  18% (230/1273)   Receiving objects:  19% (242/1273)   Receiving objects:  20% (255/1273)   Receiving objects:  21% (268/1273)   Receiving objects:  22% (281/1273)   Receiving objects:  23% (293/1273)   Receiving objects:  24% (306/1273)   Receiving objects:  25% (319/1273)   Receiving objects:  26% (331/1273)   Receiving objects:  27% (344/1273)   Receiving objects:  28% (357/1273)   Receiving objects:  29% (370/1273)   Receiving objects:  30% (382/1273)   Receiving objects:  31% (395/1273)   Receiving objects:  32% (408/1273)   Receiving objects:  33% (421/1273)   Receiving objects:  34% (433/1273)   Receiving objects:  35% (446/1273)   Receiving objects:  36% (459/1273)   Receiving objects:  37% (472/1273)   Receiving objects:  38% (484/1273)   Receiving objects:  39% (497/1273)   Receiving objects:  40% (510/1273)   Receiving objects:  41% (522/1273)   Receiving objects:  42% (535/1273)   Receiving objects:  43% (548/1273)   Receiving objects:  44% (561/1273)   Receiving objects:  45% (573/1273)   Receiving objects:  46% (586/1273)   Receiving objects:  47% (599/1273)   Receiving objects:  48% (612/1273)   Receiving objects:  49% (624/1273)   Receiving objects:  50% (637/1273)   Receiving objects:  51% (650/1273)   Receiving objects:  52% (662/1273)   Receiving objects:  53% (675/1273)   Receiving objects:  54% (688/1273)   Receiving objects:  55% (701/1273)   Receiving objects:  56% (713/1273)   Receiving objects:  57% (726/1273)   Receiving objects:  58% (739/1273)   Receiving objects:  59% (752/1273)   Receiving objects:  60% (764/1273)   Receiving objects:  61% (777/1273)   Receiving objects:  62% (790/1273)   Receiving objects:  63% (802/1273)   Receiving objects:  64% (815/1273)   Receiving objects:  65% (828/1273)   Receiving objects:  66% (841/1273)   Receiving objects:  67% (853/1273)   Receiving objects:  68% (866/1273)   Receiving objects:  69% (879/1273)   Receiving objects:  70% (892/1273)   Receiving objects:  71% (904/1273)   Receiving objects:  72% (917/1273)   Receiving objects:  73% (930/1273)   Receiving objects:  74% (943/1273)   Receiving objects:  75% (955/1273)   Receiving objects:  76% (968/1273)   Receiving objects:  77% (981/1273)   Receiving objects:  78% (993/1273)   Receiving objects:  79% (1006/1273)   Receiving objects:  80% (1019/1273)   Receiving objects:  81% (1032/1273)   Receiving objects:  82% (1044/1273)   Receiving objects:  83% (1057/1273)   Receiving objects:  84% (1070/1273)   Receiving objects:  85% (1083/1273)   Receiving objects:  86% (1095/1273)   Receiving objects:  87% (1108/1273)   Receiving objects:  88% (1121/1273)   Receiving objects:  89% (1133/1273)   Receiving objects:  90% (1146/1273)   Receiving objects:  91% (1159/1273)   Receiving objects:  92% (1172/1273)   remote: Total 1273 (delta 463), reused 999 (delta 259), pack-reused 0[K
Receiving objects:  93% (1184/1273)   Receiving objects:  94% (1197/1273)   Receiving objects:  95% (1210/1273)   Receiving objects:  96% (1223/1273)   Receiving objects:  97% (1235/1273)   Receiving objects:  98% (1248/1273)   Receiving objects:  99% (1261/1273)   Receiving objects: 100% (1273/1273)   Receiving objects: 100% (1273/1273), 333.03 KiB | 0 bytes/s, done.
Resolving deltas:   0% (0/463)   Resolving deltas:   2% (12/463)   Resolving deltas:   3% (16/463)   Resolving deltas:   4% (20/463)   Resolving deltas:  11% (53/463)   Resolving deltas:  17% (82/463)   Resolving deltas:  27% (129/463)   Resolving deltas:  28% (132/463)   Resolving deltas:  30% (139/463)   Resolving deltas:  31% (147/463)   Resolving deltas:  32% (151/463)   Resolving deltas:  33% (153/463)   Resolving deltas:  34% (158/463)   Resolving deltas:  37% (174/463)   Resolving deltas:  38% (177/463)   Resolving deltas:  40% (186/463)   Resolving deltas:  41% (191/463)   Resolving deltas:  42% (197/463)   Resolving deltas:  43% (202/463)   Resolving deltas:  45% (212/463)   Resolving deltas:  46% (214/463)   Resolving deltas:  47% (220/463)   Resolving deltas:  49% (229/463)   Resolving deltas:  50% (234/463)   Resolving deltas:  51% (237/463)   Resolving deltas:  52% (242/463)   Resolving deltas:  53% (246/463)   Resolving deltas:  54% (253/463)   Resolving deltas:  55% (256/463)   Resolving deltas:  56% (260/463)   Resolving deltas:  57% (267/463)   Resolving deltas:  58% (270/463)   Resolving deltas:  60% (278/463)   Resolving deltas:  61% (286/463)   Resolving deltas:  63% (294/463)   Resolving deltas:  64% (299/463)   Resolving deltas:  66% (307/463)   Resolving deltas:  68% (317/463)   Resolving deltas:  69% (320/463)   Resolving deltas:  70% (327/463)   Resolving deltas:  71% (330/463)   Resolving deltas:  72% (334/463)   Resolving deltas:  74% (344/463)   Resolving deltas:  76% (356/463)   Resolving deltas:  77% (360/463)   Resolving deltas:  78% (363/463)   Resolving deltas:  79% (366/463)   Resolving deltas:  80% (373/463)   Resolving deltas:  81% (379/463)   Resolving deltas:  82% (384/463)   Resolving deltas:  83% (385/463)   Resolving deltas:  84% (391/463)   Resolving deltas:  85% (395/463)   Resolving deltas:  86% (400/463)   Resolving deltas:  87% (403/463)   Resolving deltas:  88% (408/463)   Resolving deltas:  89% (414/463)   Resolving deltas:  90% (417/463)   Resolving deltas:  91% (423/463)   Resolving deltas:  92% (426/463)   Resolving deltas:  93% (433/463)   Resolving deltas:  96% (447/463)   Resolving deltas:  97% (451/463)   Resolving deltas:  98% (455/463)   Resolving deltas:  99% (461/463)   Resolving deltas: 100% (463/463)   Resolving deltas: 100% (463/463), done.
Checking connectivity... done.

travis_time:end:26968608:start=1465192350696309123,finish=1465192351266926450,duration=570617327[0K$ cd square/retrofit
$ git checkout -qf d63da929433a95acbadc5acb3a4938b6eb050962
travis_fold:end:git.checkout[0K
[33;1mThis job is running on container-based infrastructure, which does not allow use of 'sudo', setuid and setguid executables.[0m
[33;1mIf you require sudo, add 'sudo: required' to your .travis.yml[0m
[33;1mSee https://docs.travis-ci.com/user/workers/container-based-infrastructure/ for details.[0m

[33;1mSetting environment variables from .travis.yml[0m
$ export CI_DEPLOY_USERNAME=[secure]
$ export CI_DEPLOY_PASSWORD=[secure]

$ jdk_switcher use oraclejdk8
Switching to Oracle JDK8 (java-8-oracle), JAVA_HOME will be set to /usr/lib/jvm/java-8-oracle
travis_fold:start:cache.1[0KSetting up build cache
$ export CASHER_DIR=$HOME/.casher
travis_time:start:1c0bd800[0K$ Installing caching utilities

travis_time:end:1c0bd800:start=1465192353394234319,finish=1465192353499486827,duration=105252508[0Ktravis_time:start:0ceadb78[0K
travis_time:end:0ceadb78:start=1465192353504982312,finish=1465192353509129606,duration=4147294[0Ktravis_time:start:256f49ba[0K[32;1mattempting to download cache archive[0m
[32;1mfetching jwmoshi-qualifiers/cache-linux-precise-e3b0c44298fc1c149afbf4c8996fb92427ae41e4649b934ca495991b7852b855--jdk-oraclejdk8.tgz[0m
[32;1mfetching jwmoshi-qualifiers/cache--jdk-oraclejdk8.tgz[0m
[32;1mfetching master/cache-linux-precise-e3b0c44298fc1c149afbf4c8996fb92427ae41e4649b934ca495991b7852b855--jdk-oraclejdk8.tgz[0m
[32;1mfound cache[0m

travis_time:end:256f49ba:start=1465192353513381139,finish=1465192355329290118,duration=1815908979[0Ktravis_time:start:21f75b11[0K
travis_time:end:21f75b11:start=1465192355333807334,finish=1465192355337488186,duration=3680852[0Ktravis_time:start:24230a01[0K[32;1madding /home/travis/.m2 to cache[0m

travis_time:end:24230a01:start=1465192355342024912,finish=1465192358111105893,duration=2769080981[0Ktravis_fold:end:cache.1[0K$ java -Xmx32m -version
java version "1.8.0_31"
Java(TM) SE Runtime Environment (build 1.8.0_31-b13)
Java HotSpot(TM) 64-Bit Server VM (build 25.31-b07, mixed mode)
$ javac -J-Xmx32m -version
javac 1.8.0_31
travis_fold:start:install[0Ktravis_time:start:12fe4699[0K$ mvn install -DskipTests=true -Dmaven.javadoc.skip=true -B -V
Java HotSpot(TM) 64-Bit Server VM warning: ignoring option MaxPermSize=192m; support was removed in 8.0
Apache Maven 3.2.5 (12a6b3acb947671f09b81f49094c53f426d8cea1; 2014-12-14T17:29:23+00:00)
Maven home: /usr/local/maven
Java version: 1.8.0_31, vendor: Oracle Corporation
Java home: /usr/lib/jvm/java-8-oracle/jre
Default locale: en_US, platform encoding: UTF-8
OS name: "linux", version: "3.13.0-40-generic", arch: "amd64", family: "unix"
[INFO] Scanning for projects...
[WARNING] 
[WARNING] Some problems were encountered while building the effective model for com.squareup.retrofit2:samples:jar:2.0.3-SNAPSHOT
[WARNING] 'build.plugins.plugin.version' for org.apache.maven.plugins:maven-deploy-plugin is missing. @ com.squareup.retrofit2:samples:[unknown-version], /home/travis/build/square/retrofit/samples/pom.xml, line 55, column 15
[WARNING] 
[WARNING] It is highly recommended to fix these problems because they threaten the stability of your build.
[WARNING] 
[WARNING] For this reason, future Maven versions might no longer support building such malformed projects.
[WARNING] 
[INFO] ------------------------------------------------------------------------
[INFO] Reactor Build Order:
[INFO] 
[INFO] Retrofit (Parent)
[INFO] Retrofit
[INFO] Adapters
[INFO] Adapter: Guava
[INFO] Adapter: Java 8
[INFO] Adapter: RxJava
[INFO] Converters
[INFO] Converter: Gson
[INFO] Converter: Protocol Buffers
[INFO] Converter: Jackson
[INFO] Converter: Wire Protocol Buffers
[INFO] Converter: SimpleXML
[INFO] Converter: Java Scalars
[INFO] Converter: Moshi
[INFO] Retrofit Mock Adapter
[INFO] Samples
[INFO]                                                                         
[INFO] ------------------------------------------------------------------------
[INFO] Building Retrofit (Parent) 2.0.3-SNAPSHOT
[INFO] ------------------------------------------------------------------------
[INFO] 
[INFO] --- maven-enforcer-plugin:1.0:enforce (enforce-maven) @ parent ---
[INFO] 
[INFO] --- animal-sniffer-maven-plugin:1.14:check (default) @ parent ---
[INFO] Checking unresolved references to org.codehaus.mojo.signature:java16:1.1
[INFO] 
[INFO] --- maven-javadoc-plugin:2.10.3:jar (attach-javadocs) @ parent ---
[INFO] Skipping javadoc generation
[INFO] 
[INFO] --- maven-checkstyle-plugin:2.15:checkstyle (default) @ parent ---
[INFO] 
[INFO] --- maven-install-plugin:2.4:install (default-install) @ parent ---
[INFO] Installing /home/travis/build/square/retrofit/pom.xml to /home/travis/.m2/repository/com/squareup/retrofit2/parent/2.0.3-SNAPSHOT/parent-2.0.3-SNAPSHOT.pom
[INFO]                                                                         
[INFO] ------------------------------------------------------------------------
[INFO] Building Retrofit 2.0.3-SNAPSHOT
[INFO] ------------------------------------------------------------------------
[INFO] 
[INFO] --- maven-enforcer-plugin:1.0:enforce (enforce-maven) @ retrofit ---
[INFO] 
[INFO] --- maven-resources-plugin:2.6:resources (default-resources) @ retrofit ---
[INFO] Using 'UTF-8' encoding to copy filtered resources.
[INFO] skip non existing resourceDirectory /home/travis/build/square/retrofit/retrofit/src/main/resources
[INFO] 
[INFO] --- maven-compiler-plugin:3.0:compile (default-compile) @ retrofit ---
[INFO] Changes detected - recompiling the module!
[INFO] Compiling 40 source files to /home/travis/build/square/retrofit/retrofit/target/classes
[WARNING] /home/travis/build/square/retrofit/retrofit/src/main/java/retrofit2/Retrofit.java: Some input files use unchecked or unsafe operations.
[WARNING] /home/travis/build/square/retrofit/retrofit/src/main/java/retrofit2/Retrofit.java: Recompile with -Xlint:unchecked for details.
[INFO] 
[INFO] --- maven-resources-plugin:2.6:testResources (default-testResources) @ retrofit ---
[INFO] Using 'UTF-8' encoding to copy filtered resources.
[INFO] skip non existing resourceDirectory /home/travis/build/square/retrofit/retrofit/src/test/resources
[INFO] 
[INFO] --- maven-compiler-plugin:3.0:testCompile (default-testCompile) @ retrofit ---
[INFO] Changes detected - recompiling the module!
[INFO] Compiling 14 source files to /home/travis/build/square/retrofit/retrofit/target/test-classes
[WARNING] /home/travis/build/square/retrofit/retrofit/src/test/java/retrofit2/RetrofitTest.java: /home/travis/build/square/retrofit/retrofit/src/test/java/retrofit2/RetrofitTest.java uses unchecked or unsafe operations.
[WARNING] /home/travis/build/square/retrofit/retrofit/src/test/java/retrofit2/RetrofitTest.java: Recompile with -Xlint:unchecked for details.
[INFO] 
[INFO] --- maven-surefire-plugin:2.12.4:test (default-test) @ retrofit ---
[INFO] Tests are skipped.
[INFO] 
[INFO] --- animal-sniffer-maven-plugin:1.14:check (default) @ retrofit ---
[INFO] Checking unresolved references to org.codehaus.mojo.signature:java16:1.1
[INFO] 
[INFO] --- maven-jar-plugin:2.4:jar (default-jar) @ retrofit ---
[INFO] Building jar: /home/travis/build/square/retrofit/retrofit/target/retrofit-2.0.3-SNAPSHOT.jar
[INFO] 
[INFO] --- maven-javadoc-plugin:2.10.3:jar (attach-javadocs) @ retrofit ---
[INFO] Skipping javadoc generation
[INFO] 
[INFO] --- maven-checkstyle-plugin:2.15:checkstyle (default) @ retrofit ---
[INFO] Starting audit...
Audit done.
[WARNING] Unable to locate Source XRef to link to - DISABLED
[INFO] 
[INFO] --- maven-install-plugin:2.4:install (default-install) @ retrofit ---
[INFO] Installing /home/travis/build/square/retrofit/retrofit/target/retrofit-2.0.3-SNAPSHOT.jar to /home/travis/.m2/repository/com/squareup/retrofit2/retrofit/2.0.3-SNAPSHOT/retrofit-2.0.3-SNAPSHOT.jar
[INFO] Installing /home/travis/build/square/retrofit/retrofit/pom.xml to /home/travis/.m2/repository/com/squareup/retrofit2/retrofit/2.0.3-SNAPSHOT/retrofit-2.0.3-SNAPSHOT.pom
[INFO]                                                                         
[INFO] ------------------------------------------------------------------------
[INFO] Building Adapters 2.0.3-SNAPSHOT
[INFO] ------------------------------------------------------------------------
[INFO] 
[INFO] --- maven-enforcer-plugin:1.0:enforce (enforce-maven) @ retrofit-adapters ---
[INFO] 
[INFO] --- animal-sniffer-maven-plugin:1.14:check (default) @ retrofit-adapters ---
[INFO] Checking unresolved references to org.codehaus.mojo.signature:java16:1.1
[INFO] 
[INFO] --- maven-javadoc-plugin:2.10.3:jar (attach-javadocs) @ retrofit-adapters ---
[INFO] Skipping javadoc generation
[INFO] 
[INFO] --- maven-checkstyle-plugin:2.15:checkstyle (default) @ retrofit-adapters ---
[INFO] 
[INFO] --- maven-install-plugin:2.4:install (default-install) @ retrofit-adapters ---
[INFO] Installing /home/travis/build/square/retrofit/retrofit-adapters/pom.xml to /home/travis/.m2/repository/com/squareup/retrofit2/retrofit-adapters/2.0.3-SNAPSHOT/retrofit-adapters-2.0.3-SNAPSHOT.pom
[INFO]                                                                         
[INFO] ------------------------------------------------------------------------
[INFO] Building Adapter: Guava 2.0.3-SNAPSHOT
[INFO] ------------------------------------------------------------------------
[INFO] 
[INFO] --- maven-enforcer-plugin:1.0:enforce (enforce-maven) @ adapter-guava ---
[INFO] 
[INFO] --- maven-resources-plugin:2.6:resources (default-resources) @ adapter-guava ---
[INFO] Using 'UTF-8' encoding to copy filtered resources.
[INFO] skip non existing resourceDirectory /home/travis/build/square/retrofit/retrofit-adapters/guava/src/main/resources
[INFO] 
[INFO] --- maven-compiler-plugin:3.0:compile (default-compile) @ adapter-guava ---
[INFO] Changes detected - recompiling the module!
[INFO] Compiling 2 source files to /home/travis/build/square/retrofit/retrofit-adapters/guava/target/classes
[INFO] 
[INFO] --- maven-resources-plugin:2.6:testResources (default-testResources) @ adapter-guava ---
[INFO] Using 'UTF-8' encoding to copy filtered resources.
[INFO] skip non existing resourceDirectory /home/travis/build/square/retrofit/retrofit-adapters/guava/src/test/resources
[INFO] 
[INFO] --- maven-compiler-plugin:3.0:testCompile (default-testCompile) @ adapter-guava ---
[INFO] Changes detected - recompiling the module!
[INFO] Compiling 3 source files to /home/travis/build/square/retrofit/retrofit-adapters/guava/target/test-classes
[INFO] 
[INFO] --- maven-surefire-plugin:2.12.4:test (default-test) @ adapter-guava ---
[INFO] Tests are skipped.
[INFO] 
[INFO] --- animal-sniffer-maven-plugin:1.14:check (default) @ adapter-guava ---
[INFO] Checking unresolved references to org.codehaus.mojo.signature:java16:1.1
[INFO] 
[INFO] --- maven-jar-plugin:2.4:jar (default-jar) @ adapter-guava ---
[INFO] Building jar: /home/travis/build/square/retrofit/retrofit-adapters/guava/target/adapter-guava-2.0.3-SNAPSHOT.jar
[INFO] 
[INFO] --- maven-javadoc-plugin:2.10.3:jar (attach-javadocs) @ adapter-guava ---
[INFO] Skipping javadoc generation
[INFO] 
[INFO] --- maven-checkstyle-plugin:2.15:checkstyle (default) @ adapter-guava ---
[INFO] Starting audit...
Audit done.
[WARNING] Unable to locate Source XRef to link to - DISABLED
[INFO] 
[INFO] --- maven-install-plugin:2.4:install (default-install) @ adapter-guava ---
[INFO] Installing /home/travis/build/square/retrofit/retrofit-adapters/guava/target/adapter-guava-2.0.3-SNAPSHOT.jar to /home/travis/.m2/repository/com/squareup/retrofit2/adapter-guava/2.0.3-SNAPSHOT/adapter-guava-2.0.3-SNAPSHOT.jar
[INFO] Installing /home/travis/build/square/retrofit/retrofit-adapters/guava/pom.xml to /home/travis/.m2/repository/com/squareup/retrofit2/adapter-guava/2.0.3-SNAPSHOT/adapter-guava-2.0.3-SNAPSHOT.pom
[INFO]                                                                         
[INFO] ------------------------------------------------------------------------
[INFO] Building Adapter: Java 8 2.0.3-SNAPSHOT
[INFO] ------------------------------------------------------------------------
[INFO] 
[INFO] --- maven-enforcer-plugin:1.0:enforce (enforce-maven) @ adapter-java8 ---
[INFO] 
[INFO] --- maven-resources-plugin:2.6:resources (default-resources) @ adapter-java8 ---
[INFO] Using 'UTF-8' encoding to copy filtered resources.
[INFO] skip non existing resourceDirectory /home/travis/build/square/retrofit/retrofit-adapters/java8/src/main/resources
[INFO] 
[INFO] --- maven-compiler-plugin:3.0:compile (default-compile) @ adapter-java8 ---
[INFO] Changes detected - recompiling the module!
[INFO] Compiling 2 source files to /home/travis/build/square/retrofit/retrofit-adapters/java8/target/classes
[INFO] 
[INFO] --- maven-resources-plugin:2.6:testResources (default-testResources) @ adapter-java8 ---
[INFO] Using 'UTF-8' encoding to copy filtered resources.
[INFO] skip non existing resourceDirectory /home/travis/build/square/retrofit/retrofit-adapters/java8/src/test/resources
[INFO] 
[INFO] --- maven-compiler-plugin:3.0:testCompile (default-testCompile) @ adapter-java8 ---
[INFO] Changes detected - recompiling the module!
[INFO] Compiling 3 source files to /home/travis/build/square/retrofit/retrofit-adapters/java8/target/test-classes
[INFO] 
[INFO] --- maven-surefire-plugin:2.12.4:test (default-test) @ adapter-java8 ---
[INFO] Tests are skipped.
[INFO] 
[INFO] --- animal-sniffer-maven-plugin:1.14:check (default) @ adapter-java8 ---
[INFO] Checking unresolved references to org.kaazing.mojo.signature:java18:1.0
[INFO] 
[INFO] --- maven-jar-plugin:2.4:jar (default-jar) @ adapter-java8 ---
[INFO] Building jar: /home/travis/build/square/retrofit/retrofit-adapters/java8/target/adapter-java8-2.0.3-SNAPSHOT.jar
[INFO] 
[INFO] --- maven-javadoc-plugin:2.10.3:jar (attach-javadocs) @ adapter-java8 ---
[INFO] Skipping javadoc generation
[INFO] 
[INFO] --- maven-checkstyle-plugin:2.15:checkstyle (default) @ adapter-java8 ---
[INFO] Starting audit...
Audit done.
[WARNING] Unable to locate Source XRef to link to - DISABLED
[INFO] 
[INFO] --- maven-install-plugin:2.4:install (default-install) @ adapter-java8 ---
[INFO] Installing /home/travis/build/square/retrofit/retrofit-adapters/java8/target/adapter-java8-2.0.3-SNAPSHOT.jar to /home/travis/.m2/repository/com/squareup/retrofit2/adapter-java8/2.0.3-SNAPSHOT/adapter-java8-2.0.3-SNAPSHOT.jar
[INFO] Installing /home/travis/build/square/retrofit/retrofit-adapters/java8/pom.xml to /home/travis/.m2/repository/com/squareup/retrofit2/adapter-java8/2.0.3-SNAPSHOT/adapter-java8-2.0.3-SNAPSHOT.pom
[INFO]                                                                         
[INFO] ------------------------------------------------------------------------
[INFO] Building Adapter: RxJava 2.0.3-SNAPSHOT
[INFO] ------------------------------------------------------------------------
[INFO] 
[INFO] --- maven-enforcer-plugin:1.0:enforce (enforce-maven) @ adapter-rxjava ---
[INFO] 
[INFO] --- maven-resources-plugin:2.6:resources (default-resources) @ adapter-rxjava ---
[INFO] Using 'UTF-8' encoding to copy filtered resources.
[INFO] skip non existing resourceDirectory /home/travis/build/square/retrofit/retrofit-adapters/rxjava/src/main/resources
[INFO] 
[INFO] --- maven-compiler-plugin:3.0:compile (default-compile) @ adapter-rxjava ---
[INFO] Changes detected - recompiling the module!
[INFO] Compiling 6 source files to /home/travis/build/square/retrofit/retrofit-adapters/rxjava/target/classes
[INFO] 
[INFO] --- maven-resources-plugin:2.6:testResources (default-testResources) @ adapter-rxjava ---
[INFO] Using 'UTF-8' encoding to copy filtered resources.
[INFO] skip non existing resourceDirectory /home/travis/build/square/retrofit/retrofit-adapters/rxjava/src/test/resources
[INFO] 
[INFO] --- maven-compiler-plugin:3.0:testCompile (default-testCompile) @ adapter-rxjava ---
[INFO] Changes detected - recompiling the module!
[INFO] Compiling 9 source files to /home/travis/build/square/retrofit/retrofit-adapters/rxjava/target/test-classes
[INFO] 
[INFO] --- maven-surefire-plugin:2.12.4:test (default-test) @ adapter-rxjava ---
[INFO] Tests are skipped.
[INFO] 
[INFO] --- animal-sniffer-maven-plugin:1.14:check (default) @ adapter-rxjava ---
[INFO] Checking unresolved references to org.codehaus.mojo.signature:java16:1.1
[INFO] 
[INFO] --- maven-jar-plugin:2.4:jar (default-jar) @ adapter-rxjava ---
[INFO] Building jar: /home/travis/build/square/retrofit/retrofit-adapters/rxjava/target/adapter-rxjava-2.0.3-SNAPSHOT.jar
[INFO] 
[INFO] --- maven-javadoc-plugin:2.10.3:jar (attach-javadocs) @ adapter-rxjava ---
[INFO] Skipping javadoc generation
[INFO] 
[INFO] --- maven-checkstyle-plugin:2.15:checkstyle (default) @ adapter-rxjava ---
[INFO] Starting audit...
Audit done.
[WARNING] Unable to locate Source XRef to link to - DISABLED
[INFO] 
[INFO] --- maven-install-plugin:2.4:install (default-install) @ adapter-rxjava ---
[INFO] Installing /home/travis/build/square/retrofit/retrofit-adapters/rxjava/target/adapter-rxjava-2.0.3-SNAPSHOT.jar to /home/travis/.m2/repository/com/squareup/retrofit2/adapter-rxjava/2.0.3-SNAPSHOT/adapter-rxjava-2.0.3-SNAPSHOT.jar
[INFO] Installing /home/travis/build/square/retrofit/retrofit-adapters/rxjava/pom.xml to /home/travis/.m2/repository/com/squareup/retrofit2/adapter-rxjava/2.0.3-SNAPSHOT/adapter-rxjava-2.0.3-SNAPSHOT.pom
[INFO]                                                                         
[INFO] ------------------------------------------------------------------------
[INFO] Building Converters 2.0.3-SNAPSHOT
[INFO] ------------------------------------------------------------------------
[INFO] 
[INFO] --- maven-enforcer-plugin:1.0:enforce (enforce-maven) @ retrofit-converters ---
[INFO] 
[INFO] --- animal-sniffer-maven-plugin:1.14:check (default) @ retrofit-converters ---
[INFO] Checking unresolved references to org.codehaus.mojo.signature:java16:1.1
[INFO] 
[INFO] --- maven-javadoc-plugin:2.10.3:jar (attach-javadocs) @ retrofit-converters ---
[INFO] Skipping javadoc generation
[INFO] 
[INFO] --- maven-checkstyle-plugin:2.15:checkstyle (default) @ retrofit-converters ---
[INFO] 
[INFO] --- maven-install-plugin:2.4:install (default-install) @ retrofit-converters ---
[INFO] Installing /home/travis/build/square/retrofit/retrofit-converters/pom.xml to /home/travis/.m2/repository/com/squareup/retrofit2/retrofit-converters/2.0.3-SNAPSHOT/retrofit-converters-2.0.3-SNAPSHOT.pom
[INFO]                                                                         
[INFO] ------------------------------------------------------------------------
[INFO] Building Converter: Gson 2.0.3-SNAPSHOT
[INFO] ------------------------------------------------------------------------
[INFO] 
[INFO] --- maven-enforcer-plugin:1.0:enforce (enforce-maven) @ converter-gson ---
[INFO] 
[INFO] --- maven-resources-plugin:2.6:resources (default-resources) @ converter-gson ---
[INFO] Using 'UTF-8' encoding to copy filtered resources.
[INFO] skip non existing resourceDirectory /home/travis/build/square/retrofit/retrofit-converters/gson/src/main/resources
[INFO] 
[INFO] --- maven-compiler-plugin:3.0:compile (default-compile) @ converter-gson ---
[INFO] Changes detected - recompiling the module!
[INFO] Compiling 3 source files to /home/travis/build/square/retrofit/retrofit-converters/gson/target/classes
[INFO] 
[INFO] --- maven-resources-plugin:2.6:testResources (default-testResources) @ converter-gson ---
[INFO] Using 'UTF-8' encoding to copy filtered resources.
[INFO] skip non existing resourceDirectory /home/travis/build/square/retrofit/retrofit-converters/gson/src/test/resources
[INFO] 
[INFO] --- maven-compiler-plugin:3.0:testCompile (default-testCompile) @ converter-gson ---
[INFO] Changes detected - recompiling the module!
[INFO] Compiling 1 source file to /home/travis/build/square/retrofit/retrofit-converters/gson/target/test-classes
[INFO] 
[INFO] --- maven-surefire-plugin:2.12.4:test (default-test) @ converter-gson ---
[INFO] Tests are skipped.
[INFO] 
[INFO] --- animal-sniffer-maven-plugin:1.14:check (default) @ converter-gson ---
[INFO] Checking unresolved references to org.codehaus.mojo.signature:java16:1.1
[INFO] 
[INFO] --- maven-jar-plugin:2.4:jar (default-jar) @ converter-gson ---
[INFO] Building jar: /home/travis/build/square/retrofit/retrofit-converters/gson/target/converter-gson-2.0.3-SNAPSHOT.jar
[INFO] 
[INFO] --- maven-javadoc-plugin:2.10.3:jar (attach-javadocs) @ converter-gson ---
[INFO] Skipping javadoc generation
[INFO] 
[INFO] --- maven-checkstyle-plugin:2.15:checkstyle (default) @ converter-gson ---
[INFO] Starting audit...
Audit done.
[WARNING] Unable to locate Source XRef to link to - DISABLED
[INFO] 
[INFO] --- maven-install-plugin:2.4:install (default-install) @ converter-gson ---
[INFO] Installing /home/travis/build/square/retrofit/retrofit-converters/gson/target/converter-gson-2.0.3-SNAPSHOT.jar to /home/travis/.m2/repository/com/squareup/retrofit2/converter-gson/2.0.3-SNAPSHOT/converter-gson-2.0.3-SNAPSHOT.jar
[INFO] Installing /home/travis/build/square/retrofit/retrofit-converters/gson/pom.xml to /home/travis/.m2/repository/com/squareup/retrofit2/converter-gson/2.0.3-SNAPSHOT/converter-gson-2.0.3-SNAPSHOT.pom
[INFO]                                                                         
[INFO] ------------------------------------------------------------------------
[INFO] Building Converter: Protocol Buffers 2.0.3-SNAPSHOT
[INFO] ------------------------------------------------------------------------
[INFO] 
[INFO] --- maven-enforcer-plugin:1.0:enforce (enforce-maven) @ converter-protobuf ---
[INFO] 
[INFO] --- maven-resources-plugin:2.6:resources (default-resources) @ converter-protobuf ---
[INFO] Using 'UTF-8' encoding to copy filtered resources.
[INFO] skip non existing resourceDirectory /home/travis/build/square/retrofit/retrofit-converters/protobuf/src/main/resources
[INFO] 
[INFO] --- maven-compiler-plugin:3.0:compile (default-compile) @ converter-protobuf ---
[INFO] Changes detected - recompiling the module!
[INFO] Compiling 3 source files to /home/travis/build/square/retrofit/retrofit-converters/protobuf/target/classes
[WARNING] /home/travis/build/square/retrofit/retrofit-converters/protobuf/src/main/java/retrofit2/converter/protobuf/ProtoConverterFactory.java: /home/travis/build/square/retrofit/retrofit-converters/protobuf/src/main/java/retrofit2/converter/protobuf/ProtoConverterFactory.java uses unchecked or unsafe operations.
[WARNING] /home/travis/build/square/retrofit/retrofit-converters/protobuf/src/main/java/retrofit2/converter/protobuf/ProtoConverterFactory.java: Recompile with -Xlint:unchecked for details.
[INFO] 
[INFO] --- maven-resources-plugin:2.6:testResources (default-testResources) @ converter-protobuf ---
[INFO] Using 'UTF-8' encoding to copy filtered resources.
[INFO] skip non existing resourceDirectory /home/travis/build/square/retrofit/retrofit-converters/protobuf/src/test/resources
[INFO] 
[INFO] --- maven-compiler-plugin:3.0:testCompile (default-testCompile) @ converter-protobuf ---
[INFO] Changes detected - recompiling the module!
[INFO] Compiling 2 source files to /home/travis/build/square/retrofit/retrofit-converters/protobuf/target/test-classes
[INFO] 
[INFO] --- maven-surefire-plugin:2.12.4:test (default-test) @ converter-protobuf ---
[INFO] Tests are skipped.
[INFO] 
[INFO] --- animal-sniffer-maven-plugin:1.14:check (default) @ converter-protobuf ---
[INFO] Checking unresolved references to org.codehaus.mojo.signature:java16:1.1
[INFO] 
[INFO] --- maven-jar-plugin:2.4:jar (default-jar) @ converter-protobuf ---
[INFO] Building jar: /home/travis/build/square/retrofit/retrofit-converters/protobuf/target/converter-protobuf-2.0.3-SNAPSHOT.jar
[INFO] 
[INFO] --- maven-javadoc-plugin:2.10.3:jar (attach-javadocs) @ converter-protobuf ---
[INFO] Skipping javadoc generation
[INFO] 
[INFO] --- maven-checkstyle-plugin:2.15:checkstyle (default) @ converter-protobuf ---
[INFO] Starting audit...
Audit done.
[WARNING] Unable to locate Source XRef to link to - DISABLED
[INFO] 
[INFO] --- maven-install-plugin:2.4:install (default-install) @ converter-protobuf ---
[INFO] Installing /home/travis/build/square/retrofit/retrofit-converters/protobuf/target/converter-protobuf-2.0.3-SNAPSHOT.jar to /home/travis/.m2/repository/com/squareup/retrofit2/converter-protobuf/2.0.3-SNAPSHOT/converter-protobuf-2.0.3-SNAPSHOT.jar
[INFO] Installing /home/travis/build/square/retrofit/retrofit-converters/protobuf/pom.xml to /home/travis/.m2/repository/com/squareup/retrofit2/converter-protobuf/2.0.3-SNAPSHOT/converter-protobuf-2.0.3-SNAPSHOT.pom
[INFO]                                                                         
[INFO] ------------------------------------------------------------------------
[INFO] Building Converter: Jackson 2.0.3-SNAPSHOT
[INFO] ------------------------------------------------------------------------
[INFO] 
[INFO] --- maven-enforcer-plugin:1.0:enforce (enforce-maven) @ converter-jackson ---
[INFO] 
[INFO] --- maven-resources-plugin:2.6:resources (default-resources) @ converter-jackson ---
[INFO] Using 'UTF-8' encoding to copy filtered resources.
[INFO] skip non existing resourceDirectory /home/travis/build/square/retrofit/retrofit-converters/jackson/src/main/resources
[INFO] 
[INFO] --- maven-compiler-plugin:3.0:compile (default-compile) @ converter-jackson ---
[INFO] Changes detected - recompiling the module!
[INFO] Compiling 3 source files to /home/travis/build/square/retrofit/retrofit-converters/jackson/target/classes
[WARNING] /home/travis/build/square/retrofit/retrofit-converters/jackson/src/main/java/retrofit2/converter/jackson/JacksonConverterFactory.java: /home/travis/build/square/retrofit/retrofit-converters/jackson/src/main/java/retrofit2/converter/jackson/JacksonConverterFactory.java uses or overrides a deprecated API.
[WARNING] /home/travis/build/square/retrofit/retrofit-converters/jackson/src/main/java/retrofit2/converter/jackson/JacksonConverterFactory.java: Recompile with -Xlint:deprecation for details.
[INFO] 
[INFO] --- maven-resources-plugin:2.6:testResources (default-testResources) @ converter-jackson ---
[INFO] Using 'UTF-8' encoding to copy filtered resources.
[INFO] skip non existing resourceDirectory /home/travis/build/square/retrofit/retrofit-converters/jackson/src/test/resources
[INFO] 
[INFO] --- maven-compiler-plugin:3.0:testCompile (default-testCompile) @ converter-jackson ---
[INFO] Changes detected - recompiling the module!
[INFO] Compiling 1 source file to /home/travis/build/square/retrofit/retrofit-converters/jackson/target/test-classes
[WARNING] /home/travis/build/square/retrofit/retrofit-converters/jackson/src/test/java/retrofit2/converter/jackson/JacksonConverterFactoryTest.java: /home/travis/build/square/retrofit/retrofit-converters/jackson/src/test/java/retrofit2/converter/jackson/JacksonConverterFactoryTest.java uses or overrides a deprecated API.
[WARNING] /home/travis/build/square/retrofit/retrofit-converters/jackson/src/test/java/retrofit2/converter/jackson/JacksonConverterFactoryTest.java: Recompile with -Xlint:deprecation for details.
[INFO] 
[INFO] --- maven-surefire-plugin:2.12.4:test (default-test) @ converter-jackson ---
[INFO] Tests are skipped.
[INFO] 
[INFO] --- animal-sniffer-maven-plugin:1.14:check (default) @ converter-jackson ---
[INFO] Checking unresolved references to org.codehaus.mojo.signature:java16:1.1
[INFO] 
[INFO] --- maven-jar-plugin:2.4:jar (default-jar) @ converter-jackson ---
[INFO] Building jar: /home/travis/build/square/retrofit/retrofit-converters/jackson/target/converter-jackson-2.0.3-SNAPSHOT.jar
[INFO] 
[INFO] --- maven-javadoc-plugin:2.10.3:jar (attach-javadocs) @ converter-jackson ---
[INFO] Skipping javadoc generation
[INFO] 
[INFO] --- maven-checkstyle-plugin:2.15:checkstyle (default) @ converter-jackson ---
[INFO] Starting audit...
Audit done.
[WARNING] Unable to locate Source XRef to link to - DISABLED
[INFO] 
[INFO] --- maven-install-plugin:2.4:install (default-install) @ converter-jackson ---
[INFO] Installing /home/travis/build/square/retrofit/retrofit-converters/jackson/target/converter-jackson-2.0.3-SNAPSHOT.jar to /home/travis/.m2/repository/com/squareup/retrofit2/converter-jackson/2.0.3-SNAPSHOT/converter-jackson-2.0.3-SNAPSHOT.jar
[INFO] Installing /home/travis/build/square/retrofit/retrofit-converters/jackson/pom.xml to /home/travis/.m2/repository/com/squareup/retrofit2/converter-jackson/2.0.3-SNAPSHOT/converter-jackson-2.0.3-SNAPSHOT.pom
[INFO]                                                                         
[INFO] ------------------------------------------------------------------------
[INFO] Building Converter: Wire Protocol Buffers 2.0.3-SNAPSHOT
[INFO] ------------------------------------------------------------------------
[INFO] 
[INFO] --- maven-enforcer-plugin:1.0:enforce (enforce-maven) @ converter-wire ---
[INFO] 
[INFO] --- maven-resources-plugin:2.6:resources (default-resources) @ converter-wire ---
[INFO] Using 'UTF-8' encoding to copy filtered resources.
[INFO] skip non existing resourceDirectory /home/travis/build/square/retrofit/retrofit-converters/wire/src/main/resources
[INFO] 
[INFO] --- maven-compiler-plugin:3.0:compile (default-compile) @ converter-wire ---
[INFO] Changes detected - recompiling the module!
[INFO] Compiling 3 source files to /home/travis/build/square/retrofit/retrofit-converters/wire/target/classes
[WARNING] /home/travis/build/square/retrofit/retrofit-converters/wire/src/main/java/retrofit2/converter/wire/WireConverterFactory.java: /home/travis/build/square/retrofit/retrofit-converters/wire/src/main/java/retrofit2/converter/wire/WireConverterFactory.java uses unchecked or unsafe operations.
[WARNING] /home/travis/build/square/retrofit/retrofit-converters/wire/src/main/java/retrofit2/converter/wire/WireConverterFactory.java: Recompile with -Xlint:unchecked for details.
[INFO] 
[INFO] --- maven-resources-plugin:2.6:testResources (default-testResources) @ converter-wire ---
[INFO] Using 'UTF-8' encoding to copy filtered resources.
[INFO] skip non existing resourceDirectory /home/travis/build/square/retrofit/retrofit-converters/wire/src/test/resources
[INFO] 
[INFO] --- maven-compiler-plugin:3.0:testCompile (default-testCompile) @ converter-wire ---
[INFO] Changes detected - recompiling the module!
[INFO] Compiling 2 source files to /home/travis/build/square/retrofit/retrofit-converters/wire/target/test-classes
[INFO] 
[INFO] --- maven-surefire-plugin:2.12.4:test (default-test) @ converter-wire ---
[INFO] Tests are skipped.
[INFO] 
[INFO] --- animal-sniffer-maven-plugin:1.14:check (default) @ converter-wire ---
[INFO] Checking unresolved references to org.codehaus.mojo.signature:java16:1.1
[INFO] 
[INFO] --- maven-jar-plugin:2.4:jar (default-jar) @ converter-wire ---
[INFO] Building jar: /home/travis/build/square/retrofit/retrofit-converters/wire/target/converter-wire-2.0.3-SNAPSHOT.jar
[INFO] 
[INFO] --- maven-javadoc-plugin:2.10.3:jar (attach-javadocs) @ converter-wire ---
[INFO] Skipping javadoc generation
[INFO] 
[INFO] --- maven-checkstyle-plugin:2.15:checkstyle (default) @ converter-wire ---
[INFO] Starting audit...
Audit done.
[WARNING] Unable to locate Source XRef to link to - DISABLED
[INFO] 
[INFO] --- maven-install-plugin:2.4:install (default-install) @ converter-wire ---
[INFO] Installing /home/travis/build/square/retrofit/retrofit-converters/wire/target/converter-wire-2.0.3-SNAPSHOT.jar to /home/travis/.m2/repository/com/squareup/retrofit2/converter-wire/2.0.3-SNAPSHOT/converter-wire-2.0.3-SNAPSHOT.jar
[INFO] Installing /home/travis/build/square/retrofit/retrofit-converters/wire/pom.xml to /home/travis/.m2/repository/com/squareup/retrofit2/converter-wire/2.0.3-SNAPSHOT/converter-wire-2.0.3-SNAPSHOT.pom
[INFO]                                                                         
[INFO] ------------------------------------------------------------------------
[INFO] Building Converter: SimpleXML 2.0.3-SNAPSHOT
[INFO] ------------------------------------------------------------------------
[INFO] 
[INFO] --- maven-enforcer-plugin:1.0:enforce (enforce-maven) @ converter-simplexml ---
[INFO] 
[INFO] --- maven-resources-plugin:2.6:resources (default-resources) @ converter-simplexml ---
[INFO] Using 'UTF-8' encoding to copy filtered resources.
[INFO] skip non existing resourceDirectory /home/travis/build/square/retrofit/retrofit-converters/simplexml/src/main/resources
[INFO] 
[INFO] --- maven-compiler-plugin:3.0:compile (default-compile) @ converter-simplexml ---
[INFO] Changes detected - recompiling the module!
[INFO] Compiling 3 source files to /home/travis/build/square/retrofit/retrofit-converters/simplexml/target/classes
[INFO] 
[INFO] --- maven-resources-plugin:2.6:testResources (default-testResources) @ converter-simplexml ---
[INFO] Using 'UTF-8' encoding to copy filtered resources.
[INFO] skip non existing resourceDirectory /home/travis/build/square/retrofit/retrofit-converters/simplexml/src/test/resources
[INFO] 
[INFO] --- maven-compiler-plugin:3.0:testCompile (default-testCompile) @ converter-simplexml ---
[INFO] Changes detected - recompiling the module!
[INFO] Compiling 2 source files to /home/travis/build/square/retrofit/retrofit-converters/simplexml/target/test-classes
[INFO] 
[INFO] --- maven-surefire-plugin:2.12.4:test (default-test) @ converter-simplexml ---
[INFO] Tests are skipped.
[INFO] 
[INFO] --- animal-sniffer-maven-plugin:1.14:check (default) @ converter-simplexml ---
[INFO] Checking unresolved references to org.codehaus.mojo.signature:java16:1.1
[INFO] 
[INFO] --- maven-jar-plugin:2.4:jar (default-jar) @ converter-simplexml ---
[INFO] Building jar: /home/travis/build/square/retrofit/retrofit-converters/simplexml/target/converter-simplexml-2.0.3-SNAPSHOT.jar
[INFO] 
[INFO] --- maven-javadoc-plugin:2.10.3:jar (attach-javadocs) @ converter-simplexml ---
[INFO] Skipping javadoc generation
[INFO] 
[INFO] --- maven-checkstyle-plugin:2.15:checkstyle (default) @ converter-simplexml ---
[INFO] Starting audit...
Audit done.
[WARNING] Unable to locate Source XRef to link to - DISABLED
[INFO] 
[INFO] --- maven-install-plugin:2.4:install (default-install) @ converter-simplexml ---
[INFO] Installing /home/travis/build/square/retrofit/retrofit-converters/simplexml/target/converter-simplexml-2.0.3-SNAPSHOT.jar to /home/travis/.m2/repository/com/squareup/retrofit2/converter-simplexml/2.0.3-SNAPSHOT/converter-simplexml-2.0.3-SNAPSHOT.jar
[INFO] Installing /home/travis/build/square/retrofit/retrofit-converters/simplexml/pom.xml to /home/travis/.m2/repository/com/squareup/retrofit2/converter-simplexml/2.0.3-SNAPSHOT/converter-simplexml-2.0.3-SNAPSHOT.pom
[INFO]                                                                         
[INFO] ------------------------------------------------------------------------
[INFO] Building Converter: Java Scalars 2.0.3-SNAPSHOT
[INFO] ------------------------------------------------------------------------
[INFO] 
[INFO] --- maven-enforcer-plugin:1.0:enforce (enforce-maven) @ converter-scalars ---
[INFO] 
[INFO] --- maven-resources-plugin:2.6:resources (default-resources) @ converter-scalars ---
[INFO] Using 'UTF-8' encoding to copy filtered resources.
[INFO] skip non existing resourceDirectory /home/travis/build/square/retrofit/retrofit-converters/scalars/src/main/resources
[INFO] 
[INFO] --- maven-compiler-plugin:3.0:compile (default-compile) @ converter-scalars ---
[INFO] Changes detected - recompiling the module!
[INFO] Compiling 3 source files to /home/travis/build/square/retrofit/retrofit-converters/scalars/target/classes
[INFO] 
[INFO] --- maven-resources-plugin:2.6:testResources (default-testResources) @ converter-scalars ---
[INFO] Using 'UTF-8' encoding to copy filtered resources.
[INFO] skip non existing resourceDirectory /home/travis/build/square/retrofit/retrofit-converters/scalars/src/test/resources
[INFO] 
[INFO] --- maven-compiler-plugin:3.0:testCompile (default-testCompile) @ converter-scalars ---
[INFO] Changes detected - recompiling the module!
[INFO] Compiling 2 source files to /home/travis/build/square/retrofit/retrofit-converters/scalars/target/test-classes
[INFO] 
[INFO] --- maven-surefire-plugin:2.12.4:test (default-test) @ converter-scalars ---
[INFO] Tests are skipped.
[INFO] 
[INFO] --- animal-sniffer-maven-plugin:1.14:check (default) @ converter-scalars ---
[INFO] Checking unresolved references to org.codehaus.mojo.signature:java16:1.1
[INFO] 
[INFO] --- maven-jar-plugin:2.4:jar (default-jar) @ converter-scalars ---
[INFO] Building jar: /home/travis/build/square/retrofit/retrofit-converters/scalars/target/converter-scalars-2.0.3-SNAPSHOT.jar
[INFO] 
[INFO] --- maven-javadoc-plugin:2.10.3:jar (attach-javadocs) @ converter-scalars ---
[INFO] Skipping javadoc generation
[INFO] 
[INFO] --- maven-checkstyle-plugin:2.15:checkstyle (default) @ converter-scalars ---
[INFO] Starting audit...
Audit done.
[WARNING] Unable to locate Source XRef to link to - DISABLED
[INFO] 
[INFO] --- maven-install-plugin:2.4:install (default-install) @ converter-scalars ---
[INFO] Installing /home/travis/build/square/retrofit/retrofit-converters/scalars/target/converter-scalars-2.0.3-SNAPSHOT.jar to /home/travis/.m2/repository/com/squareup/retrofit2/converter-scalars/2.0.3-SNAPSHOT/converter-scalars-2.0.3-SNAPSHOT.jar
[INFO] Installing /home/travis/build/square/retrofit/retrofit-converters/scalars/pom.xml to /home/travis/.m2/repository/com/squareup/retrofit2/converter-scalars/2.0.3-SNAPSHOT/converter-scalars-2.0.3-SNAPSHOT.pom
[INFO]                                                                         
[INFO] ------------------------------------------------------------------------
[INFO] Building Converter: Moshi 2.0.3-SNAPSHOT
[INFO] ------------------------------------------------------------------------
[INFO] Downloading: http://repo.maven.apache.org/maven2/com/squareup/moshi/moshi/1.2.0/moshi-1.2.0.pom
[INFO] Downloaded: http://repo.maven.apache.org/maven2/com/squareup/moshi/moshi/1.2.0/moshi-1.2.0.pom (903 B at 6.8 KB/sec)
[INFO] Downloading: http://repo.maven.apache.org/maven2/com/squareup/moshi/moshi-parent/1.2.0/moshi-parent-1.2.0.pom
[INFO] Downloaded: http://repo.maven.apache.org/maven2/com/squareup/moshi/moshi-parent/1.2.0/moshi-parent-1.2.0.pom (3 KB at 100.7 KB/sec)
[INFO] Downloading: http://repo.maven.apache.org/maven2/com/squareup/moshi/moshi/1.2.0/moshi-1.2.0.jar
[INFO] Downloaded: http://repo.maven.apache.org/maven2/com/squareup/moshi/moshi/1.2.0/moshi-1.2.0.jar (105 KB at 2367.0 KB/sec)
[INFO] 
[INFO] --- maven-enforcer-plugin:1.0:enforce (enforce-maven) @ converter-moshi ---
[INFO] 
[INFO] --- maven-resources-plugin:2.6:resources (default-resources) @ converter-moshi ---
[INFO] Using 'UTF-8' encoding to copy filtered resources.
[INFO] skip non existing resourceDirectory /home/travis/build/square/retrofit/retrofit-converters/moshi/src/main/resources
[INFO] 
[INFO] --- maven-compiler-plugin:3.0:compile (default-compile) @ converter-moshi ---
[INFO] Changes detected - recompiling the module!
[INFO] Compiling 3 source files to /home/travis/build/square/retrofit/retrofit-converters/moshi/target/classes
[INFO] 
[INFO] --- maven-resources-plugin:2.6:testResources (default-testResources) @ converter-moshi ---
[INFO] Using 'UTF-8' encoding to copy filtered resources.
[INFO] skip non existing resourceDirectory /home/travis/build/square/retrofit/retrofit-converters/moshi/src/test/resources
[INFO] 
[INFO] --- maven-compiler-plugin:3.0:testCompile (default-testCompile) @ converter-moshi ---
[INFO] Changes detected - recompiling the module!
[INFO] Compiling 1 source file to /home/travis/build/square/retrofit/retrofit-converters/moshi/target/test-classes
[INFO] 
[INFO] --- maven-surefire-plugin:2.12.4:test (default-test) @ converter-moshi ---
[INFO] Tests are skipped.
[INFO] 
[INFO] --- animal-sniffer-maven-plugin:1.14:check (default) @ converter-moshi ---
[INFO] Checking unresolved references to org.codehaus.mojo.signature:java16:1.1
[INFO] 
[INFO] --- maven-jar-plugin:2.4:jar (default-jar) @ converter-moshi ---
[INFO] Building jar: /home/travis/build/square/retrofit/retrofit-converters/moshi/target/converter-moshi-2.0.3-SNAPSHOT.jar
[INFO] 
[INFO] --- maven-javadoc-plugin:2.10.3:jar (attach-javadocs) @ converter-moshi ---
[INFO] Skipping javadoc generation
[INFO] 
[INFO] --- maven-checkstyle-plugin:2.15:checkstyle (default) @ converter-moshi ---
[INFO] Starting audit...
Audit done.
[WARNING] Unable to locate Source XRef to link to - DISABLED
[INFO] 
[INFO] --- maven-install-plugin:2.4:install (default-install) @ converter-moshi ---
[INFO] Installing /home/travis/build/square/retrofit/retrofit-converters/moshi/target/converter-moshi-2.0.3-SNAPSHOT.jar to /home/travis/.m2/repository/com/squareup/retrofit2/converter-moshi/2.0.3-SNAPSHOT/converter-moshi-2.0.3-SNAPSHOT.jar
[INFO] Installing /home/travis/build/square/retrofit/retrofit-converters/moshi/pom.xml to /home/travis/.m2/repository/com/squareup/retrofit2/converter-moshi/2.0.3-SNAPSHOT/converter-moshi-2.0.3-SNAPSHOT.pom
[INFO]                                                                         
[INFO] ------------------------------------------------------------------------
[INFO] Building Retrofit Mock Adapter 2.0.3-SNAPSHOT
[INFO] ------------------------------------------------------------------------
[INFO] 
[INFO] --- maven-enforcer-plugin:1.0:enforce (enforce-maven) @ retrofit-mock ---
[INFO] 
[INFO] --- maven-resources-plugin:2.6:resources (default-resources) @ retrofit-mock ---
[INFO] Using 'UTF-8' encoding to copy filtered resources.
[INFO] skip non existing resourceDirectory /home/travis/build/square/retrofit/retrofit-mock/src/main/resources
[INFO] 
[INFO] --- maven-compiler-plugin:3.0:compile (default-compile) @ retrofit-mock ---
[INFO] Changes detected - recompiling the module!
[INFO] Compiling 5 source files to /home/travis/build/square/retrofit/retrofit-mock/target/classes
[INFO] 
[INFO] --- maven-resources-plugin:2.6:testResources (default-testResources) @ retrofit-mock ---
[INFO] Using 'UTF-8' encoding to copy filtered resources.
[INFO] skip non existing resourceDirectory /home/travis/build/square/retrofit/retrofit-mock/src/test/resources
[INFO] 
[INFO] --- maven-compiler-plugin:3.0:testCompile (default-testCompile) @ retrofit-mock ---
[INFO] Changes detected - recompiling the module!
[INFO] Compiling 3 source files to /home/travis/build/square/retrofit/retrofit-mock/target/test-classes
[INFO] 
[INFO] --- maven-surefire-plugin:2.12.4:test (default-test) @ retrofit-mock ---
[INFO] Tests are skipped.
[INFO] 
[INFO] --- animal-sniffer-maven-plugin:1.14:check (default) @ retrofit-mock ---
[INFO] Checking unresolved references to org.codehaus.mojo.signature:java16:1.1
[INFO] 
[INFO] --- maven-jar-plugin:2.4:jar (default-jar) @ retrofit-mock ---
[INFO] Building jar: /home/travis/build/square/retrofit/retrofit-mock/target/retrofit-mock-2.0.3-SNAPSHOT.jar
[INFO] 
[INFO] --- maven-javadoc-plugin:2.10.3:jar (attach-javadocs) @ retrofit-mock ---
[INFO] Skipping javadoc generation
[INFO] 
[INFO] --- maven-checkstyle-plugin:2.15:checkstyle (default) @ retrofit-mock ---
[INFO] Starting audit...
Audit done.
[WARNING] Unable to locate Source XRef to link to - DISABLED
[INFO] 
[INFO] --- maven-install-plugin:2.4:install (default-install) @ retrofit-mock ---
[INFO] Installing /home/travis/build/square/retrofit/retrofit-mock/target/retrofit-mock-2.0.3-SNAPSHOT.jar to /home/travis/.m2/repository/com/squareup/retrofit2/retrofit-mock/2.0.3-SNAPSHOT/retrofit-mock-2.0.3-SNAPSHOT.jar
[INFO] Installing /home/travis/build/square/retrofit/retrofit-mock/pom.xml to /home/travis/.m2/repository/com/squareup/retrofit2/retrofit-mock/2.0.3-SNAPSHOT/retrofit-mock-2.0.3-SNAPSHOT.pom
[INFO]                                                                         
[INFO] ------------------------------------------------------------------------
[INFO] Building Samples 2.0.3-SNAPSHOT
[INFO] ------------------------------------------------------------------------
[INFO] 
[INFO] --- maven-enforcer-plugin:1.0:enforce (enforce-maven) @ samples ---
[INFO] 
[INFO] --- maven-resources-plugin:2.6:resources (default-resources) @ samples ---
[INFO] Using 'UTF-8' encoding to copy filtered resources.
[INFO] skip non existing resourceDirectory /home/travis/build/square/retrofit/samples/src/main/resources
[INFO] 
[INFO] --- maven-compiler-plugin:3.0:compile (default-compile) @ samples ---
[INFO] Changes detected - recompiling the module!
[INFO] Compiling 9 source files to /home/travis/build/square/retrofit/samples/target/classes
[INFO] 
[INFO] --- maven-resources-plugin:2.6:testResources (default-testResources) @ samples ---
[INFO] Using 'UTF-8' encoding to copy filtered resources.
[INFO] skip non existing resourceDirectory /home/travis/build/square/retrofit/samples/src/test/resources
[INFO] 
[INFO] --- maven-compiler-plugin:3.0:testCompile (default-testCompile) @ samples ---
[INFO] No sources to compile
[INFO] 
[INFO] --- maven-surefire-plugin:2.12.4:test (default-test) @ samples ---
[INFO] Tests are skipped.
[INFO] 
[INFO] --- animal-sniffer-maven-plugin:1.14:check (default) @ samples ---
[INFO] Checking unresolved references to org.codehaus.mojo.signature:java16:1.1
[INFO] 
[INFO] --- maven-jar-plugin:2.4:jar (default-jar) @ samples ---
[INFO] Building jar: /home/travis/build/square/retrofit/samples/target/samples-2.0.3-SNAPSHOT.jar
[INFO] 
[INFO] --- maven-javadoc-plugin:2.10.3:jar (attach-javadocs) @ samples ---
[INFO] Skipping javadoc generation
[INFO] 
[INFO] --- maven-checkstyle-plugin:2.15:checkstyle (default) @ samples ---
[INFO] Starting audit...
Audit done.
[WARNING] Unable to locate Source XRef to link to - DISABLED
[INFO] 
[INFO] --- maven-install-plugin:2.4:install (default-install) @ samples ---
[INFO] Installing /home/travis/build/square/retrofit/samples/target/samples-2.0.3-SNAPSHOT.jar to /home/travis/.m2/repository/com/squareup/retrofit2/samples/2.0.3-SNAPSHOT/samples-2.0.3-SNAPSHOT.jar
[INFO] Installing /home/travis/build/square/retrofit/samples/pom.xml to /home/travis/.m2/repository/com/squareup/retrofit2/samples/2.0.3-SNAPSHOT/samples-2.0.3-SNAPSHOT.pom
[INFO] ------------------------------------------------------------------------
[INFO] Reactor Summary:
[INFO] 
[INFO] Retrofit (Parent) .................................. SUCCESS [  7.543 s]
[INFO] Retrofit ........................................... SUCCESS [ 23.323 s]
[INFO] Adapters ........................................... SUCCESS [  0.737 s]
[INFO] Adapter: Guava ..................................... SUCCESS [  3.304 s]
[INFO] Adapter: Java 8 .................................... SUCCESS [  3.086 s]
[INFO] Adapter: RxJava .................................... SUCCESS [  2.237 s]
[INFO] Converters ......................................... SUCCESS [  0.169 s]
[INFO] Converter: Gson .................................... SUCCESS [  0.609 s]
[INFO] Converter: Protocol Buffers ........................ SUCCESS [  1.007 s]
[INFO] Converter: Jackson ................................. SUCCESS [  0.932 s]
[INFO] Converter: Wire Protocol Buffers ................... SUCCESS [  1.333 s]
[INFO] Converter: SimpleXML ............................... SUCCESS [  0.974 s]
[INFO] Converter: Java Scalars ............................ SUCCESS [  1.321 s]
[INFO] Converter: Moshi ................................... SUCCESS [  1.771 s]
[INFO] Retrofit Mock Adapter .............................. SUCCESS [  1.829 s]
[INFO] Samples ............................................ SUCCESS [  2.168 s]
[INFO] ------------------------------------------------------------------------
[INFO] BUILD SUCCESS
[INFO] ------------------------------------------------------------------------
[INFO] Total time: 52.941 s
[INFO] Finished at: 2016-06-06T05:53:37+00:00
[INFO] Final Memory: 48M/435M
[INFO] ------------------------------------------------------------------------

travis_time:end:12fe4699:start=1465192360423740663,finish=1465192419758103024,duration=59334362361[0Ktravis_fold:end:install[0Ktravis_time:start:00123688[0K$ mvn test -B
Java HotSpot(TM) 64-Bit Server VM warning: ignoring option MaxPermSize=192m; support was removed in 8.0
[INFO] Scanning for projects...
[WARNING] 
[WARNING] Some problems were encountered while building the effective model for com.squareup.retrofit2:samples:jar:2.0.3-SNAPSHOT
[WARNING] 'build.plugins.plugin.version' for org.apache.maven.plugins:maven-deploy-plugin is missing. @ com.squareup.retrofit2:samples:[unknown-version], /home/travis/build/square/retrofit/samples/pom.xml, line 55, column 15
[WARNING] 
[WARNING] It is highly recommended to fix these problems because they threaten the stability of your build.
[WARNING] 
[WARNING] For this reason, future Maven versions might no longer support building such malformed projects.
[WARNING] 
[INFO] ------------------------------------------------------------------------
[INFO] Reactor Build Order:
[INFO] 
[INFO] Retrofit (Parent)
[INFO] Retrofit
[INFO] Adapters
[INFO] Adapter: Guava
[INFO] Adapter: Java 8
[INFO] Adapter: RxJava
[INFO] Converters
[INFO] Converter: Gson
[INFO] Converter: Protocol Buffers
[INFO] Converter: Jackson
[INFO] Converter: Wire Protocol Buffers
[INFO] Converter: SimpleXML
[INFO] Converter: Java Scalars
[INFO] Converter: Moshi
[INFO] Retrofit Mock Adapter
[INFO] Samples
[INFO]                                                                         
[INFO] ------------------------------------------------------------------------
[INFO] Building Retrofit (Parent) 2.0.3-SNAPSHOT
[INFO] ------------------------------------------------------------------------
[INFO] 
[INFO] --- maven-enforcer-plugin:1.0:enforce (enforce-maven) @ parent ---
[INFO] 
[INFO] --- animal-sniffer-maven-plugin:1.14:check (default) @ parent ---
[INFO] Checking unresolved references to org.codehaus.mojo.signature:java16:1.1
[INFO]                                                                         
[INFO] ------------------------------------------------------------------------
[INFO] Building Retrofit 2.0.3-SNAPSHOT
[INFO] ------------------------------------------------------------------------
[INFO] 
[INFO] --- maven-enforcer-plugin:1.0:enforce (enforce-maven) @ retrofit ---
[INFO] 
[INFO] --- maven-resources-plugin:2.6:resources (default-resources) @ retrofit ---
[INFO] Using 'UTF-8' encoding to copy filtered resources.
[INFO] skip non existing resourceDirectory /home/travis/build/square/retrofit/retrofit/src/main/resources
[INFO] 
[INFO] --- maven-compiler-plugin:3.0:compile (default-compile) @ retrofit ---
[INFO] Changes detected - recompiling the module!
[INFO] Compiling 40 source files to /home/travis/build/square/retrofit/retrofit/target/classes
[WARNING] /home/travis/build/square/retrofit/retrofit/src/main/java/retrofit2/Retrofit.java: Some input files use unchecked or unsafe operations.
[WARNING] /home/travis/build/square/retrofit/retrofit/src/main/java/retrofit2/Retrofit.java: Recompile with -Xlint:unchecked for details.
[INFO] 
[INFO] --- maven-resources-plugin:2.6:testResources (default-testResources) @ retrofit ---
[INFO] Using 'UTF-8' encoding to copy filtered resources.
[INFO] skip non existing resourceDirectory /home/travis/build/square/retrofit/retrofit/src/test/resources
[INFO] 
[INFO] --- maven-compiler-plugin:3.0:testCompile (default-testCompile) @ retrofit ---
[INFO] Changes detected - recompiling the module!
[INFO] Compiling 14 source files to /home/travis/build/square/retrofit/retrofit/target/test-classes
[WARNING] /home/travis/build/square/retrofit/retrofit/src/test/java/retrofit2/RetrofitTest.java: /home/travis/build/square/retrofit/retrofit/src/test/java/retrofit2/RetrofitTest.java uses unchecked or unsafe operations.
[WARNING] /home/travis/build/square/retrofit/retrofit/src/test/java/retrofit2/RetrofitTest.java: Recompile with -Xlint:unchecked for details.
[INFO] 
[INFO] --- maven-surefire-plugin:2.12.4:test (default-test) @ retrofit ---
[INFO] Surefire report directory: /home/travis/build/square/retrofit/retrofit/target/surefire-reports

-------------------------------------------------------
 T E S T S
-------------------------------------------------------
Running retrofit2.CallTest
Jun 06, 2016 5:53:57 AM okhttp3.mockwebserver.MockWebServer$3 execute
INFO: MockWebServer[55814] starting to accept connections
Jun 06, 2016 5:53:58 AM okhttp3.mockwebserver.MockWebServer$3 acceptConnections
INFO: MockWebServer[55814] done accepting connections: Socket closed
Jun 06, 2016 5:53:58 AM okhttp3.mockwebserver.MockWebServer$3 execute
INFO: MockWebServer[54526] starting to accept connections
Jun 06, 2016 5:53:58 AM okhttp3.mockwebserver.MockWebServer$4 processOneRequest
INFO: MockWebServer[54526] received request: GET / HTTP/1.1 and responded: HTTP/1.1 200 OK
Jun 06, 2016 5:53:58 AM okhttp3.mockwebserver.MockWebServer$3 acceptConnections
INFO: MockWebServer[54526] done accepting connections: Socket closed
Jun 06, 2016 5:53:58 AM okhttp3.mockwebserver.MockWebServer$3 execute
INFO: MockWebServer[59600] starting to accept connections
Jun 06, 2016 5:53:58 AM okhttp3.mockwebserver.MockWebServer$3 acceptConnections
INFO: MockWebServer[59600] done accepting connections: Socket closed
Jun 06, 2016 5:53:58 AM okhttp3.mockwebserver.MockWebServer$4 processOneRequest
INFO: MockWebServer[59600] received request: GET / HTTP/1.1 and responded: HTTP/1.1 404 Client Error
Jun 06, 2016 5:53:58 AM okhttp3.mockwebserver.MockWebServer$3 execute
INFO: MockWebServer[50220] starting to accept connections
Jun 06, 2016 5:53:58 AM okhttp3.mockwebserver.MockWebServer$3 acceptConnections
INFO: MockWebServer[50220] done accepting connections: Socket closed
Jun 06, 2016 5:53:58 AM okhttp3.mockwebserver.MockWebServer$4 processOneRequest
INFO: MockWebServer[50220] received request: POST /Hello HTTP/1.1 and responded: HTTP/1.1 200 OK
Jun 06, 2016 5:53:58 AM okhttp3.mockwebserver.MockWebServer$3 execute
INFO: MockWebServer[54490] starting to accept connections
Jun 06, 2016 5:53:58 AM okhttp3.mockwebserver.MockWebServer$3 acceptConnections
INFO: MockWebServer[54490] done accepting connections: Socket closed
Jun 06, 2016 5:53:58 AM okhttp3.mockwebserver.MockWebServer$3 execute
INFO: MockWebServer[54275] starting to accept connections
Jun 06, 2016 5:53:58 AM okhttp3.mockwebserver.MockWebServer$3 acceptConnections
INFO: MockWebServer[54275] done accepting connections: Socket closed
Jun 06, 2016 5:53:58 AM okhttp3.mockwebserver.MockWebServer$3 execute
INFO: MockWebServer[44995] starting to accept connections
Jun 06, 2016 5:53:58 AM okhttp3.mockwebserver.MockWebServer$3 acceptConnections
INFO: MockWebServer[44995] done accepting connections: Socket closed
Jun 06, 2016 5:53:58 AM okhttp3.mockwebserver.MockWebServer$4 processOneRequest
INFO: MockWebServer[44995] received request: GET / HTTP/1.1 and responded: HTTP/1.1 200 OK
Jun 06, 2016 5:53:58 AM okhttp3.mockwebserver.MockWebServer$3 execute
INFO: MockWebServer[54128] starting to accept connections
Jun 06, 2016 5:53:58 AM okhttp3.mockwebserver.MockWebServer$3 acceptConnections
INFO: MockWebServer[54128] done accepting connections: Socket closed
Jun 06, 2016 5:53:58 AM okhttp3.mockwebserver.MockWebServer$4 processOneRequest
INFO: MockWebServer[54128] received request: GET / HTTP/1.1 and responded: HTTP/1.1 200 OK
Jun 06, 2016 5:53:58 AM okhttp3.mockwebserver.MockWebServer$3 execute
INFO: MockWebServer[49829] starting to accept connections
Jun 06, 2016 5:53:58 AM okhttp3.mockwebserver.MockWebServer$3 acceptConnections
INFO: MockWebServer[49829] done accepting connections: Socket closed
Jun 06, 2016 5:53:58 AM okhttp3.mockwebserver.MockWebServer$3 execute
INFO: MockWebServer[35196] starting to accept connections
Jun 06, 2016 5:53:58 AM okhttp3.mockwebserver.MockWebServer$3 acceptConnections
INFO: MockWebServer[35196] done accepting connections: Socket closed
Jun 06, 2016 5:53:58 AM okhttp3.mockwebserver.MockWebServer$4 processOneRequest
INFO: MockWebServer[35196] received request: POST /Hello HTTP/1.1 and responded: HTTP/1.1 200 OK
Jun 06, 2016 5:53:58 AM okhttp3.mockwebserver.MockWebServer$3 execute
INFO: MockWebServer[55417] starting to accept connections
Jun 06, 2016 5:53:58 AM okhttp3.mockwebserver.MockWebServer$3 acceptConnections
INFO: MockWebServer[55417] done accepting connections: Socket closed
Jun 06, 2016 5:53:58 AM okhttp3.mockwebserver.MockWebServer$4 processOneRequest
INFO: MockWebServer[55417] received request: POST /Hello HTTP/1.1 and responded: HTTP/1.1 200 OK
Jun 06, 2016 5:53:58 AM okhttp3.mockwebserver.MockWebServer$3 execute
INFO: MockWebServer[49312] starting to accept connections
Jun 06, 2016 5:53:58 AM okhttp3.mockwebserver.MockWebServer$3 acceptConnections
INFO: MockWebServer[49312] done accepting connections: Socket is closed
Jun 06, 2016 5:53:58 AM okhttp3.mockwebserver.MockWebServer$3 execute
INFO: MockWebServer[34335] starting to accept connections
Jun 06, 2016 5:53:58 AM okhttp3.mockwebserver.MockWebServer$3 acceptConnections
INFO: MockWebServer[34335] done accepting connections: Socket closed
Jun 06, 2016 5:53:58 AM okhttp3.mockwebserver.MockWebServer$4 processOneRequest
INFO: MockWebServer[34335] received request: GET / HTTP/1.1 and responded: HTTP/1.1 404 Client Error
Jun 06, 2016 5:53:58 AM okhttp3.mockwebserver.MockWebServer$3 execute
INFO: MockWebServer[37615] starting to accept connections
Jun 06, 2016 5:53:58 AM okhttp3.mockwebserver.MockWebServer$3 acceptConnections
INFO: MockWebServer[37615] done accepting connections: Socket closed
Jun 06, 2016 5:53:58 AM okhttp3.mockwebserver.MockWebServer$4 processOneRequest
INFO: MockWebServer[37615] received request: POST / HTTP/1.1 and responded: HTTP/1.1 200 OK
Jun 06, 2016 5:53:58 AM okhttp3.mockwebserver.MockWebServer$3 execute
INFO: MockWebServer[43319] starting to accept connections
Jun 06, 2016 5:53:58 AM okhttp3.mockwebserver.MockWebServer$4 processOneRequest
INFO: MockWebServer[43319] received request: GET / HTTP/1.1 and responded: HTTP/1.1 204 Nothin
Jun 06, 2016 5:53:58 AM okhttp3.mockwebserver.MockWebServer$3 acceptConnections
INFO: MockWebServer[43319] done accepting connections: Socket closed
Jun 06, 2016 5:53:58 AM okhttp3.mockwebserver.MockWebServer$3 execute
INFO: MockWebServer[42477] starting to accept connections
Jun 06, 2016 5:53:58 AM okhttp3.mockwebserver.MockWebServer$3 acceptConnections
INFO: MockWebServer[42477] done accepting connections: Socket closed
Jun 06, 2016 5:53:58 AM okhttp3.mockwebserver.MockWebServer$3 execute
INFO: MockWebServer[45606] starting to accept connections
Jun 06, 2016 5:53:58 AM okhttp3.mockwebserver.MockWebServer$4 processOneRequest
INFO: MockWebServer[45606] received request: GET / HTTP/1.1 and responded: HTTP/1.1 200 OK
Jun 06, 2016 5:53:58 AM okhttp3.mockwebserver.MockWebServer$3 acceptConnections
INFO: MockWebServer[45606] done accepting connections: Socket closed
Jun 06, 2016 5:53:58 AM okhttp3.mockwebserver.MockWebServer$3 execute
INFO: MockWebServer[49841] starting to accept connections
Jun 06, 2016 5:53:58 AM okhttp3.mockwebserver.MockWebServer$4 processOneRequest
INFO: MockWebServer[49841] received request: POST /Hello HTTP/1.1 and responded: HTTP/1.1 200 OK
Jun 06, 2016 5:53:58 AM okhttp3.mockwebserver.MockWebServer$3 acceptConnections
INFO: MockWebServer[49841] done accepting connections: Socket closed
Jun 06, 2016 5:53:58 AM okhttp3.mockwebserver.MockWebServer$3 execute
INFO: MockWebServer[47749] starting to accept connections
Jun 06, 2016 5:53:58 AM okhttp3.mockwebserver.MockWebServer$3 acceptConnections
INFO: MockWebServer[47749] done accepting connections: Socket closed
Jun 06, 2016 5:53:58 AM okhttp3.mockwebserver.MockWebServer$4 processOneRequest
INFO: MockWebServer[47749] received request: GET / HTTP/1.1 and responded: HTTP/1.1 200 OK
Jun 06, 2016 5:53:58 AM okhttp3.mockwebserver.MockWebServer$3 execute
INFO: MockWebServer[36789] starting to accept connections
Jun 06, 2016 5:53:59 AM okhttp3.mockwebserver.MockWebServer$4 processOneRequest
INFO: MockWebServer[36789] received request: POST / HTTP/1.1 and responded: HTTP/1.1 200 OK
Jun 06, 2016 5:53:59 AM okhttp3.mockwebserver.MockWebServer$3 acceptConnections
INFO: MockWebServer[36789] done accepting connections: Socket closed
Jun 06, 2016 5:53:59 AM okhttp3.mockwebserver.MockWebServer$3 execute
INFO: MockWebServer[44652] starting to accept connections
Jun 06, 2016 5:53:59 AM okhttp3.mockwebserver.MockWebServer$3 acceptConnections
INFO: MockWebServer[44652] done accepting connections: Socket is closed
Jun 06, 2016 5:53:59 AM okhttp3.mockwebserver.MockWebServer$3 execute
INFO: MockWebServer[41677] starting to accept connections
Jun 06, 2016 5:53:59 AM okhttp3.mockwebserver.MockWebServer$3 acceptConnections
INFO: MockWebServer[41677] done accepting connections: Socket is closed
Jun 06, 2016 5:53:59 AM okhttp3.mockwebserver.MockWebServer$3 execute
INFO: MockWebServer[50866] starting to accept connections
Jun 06, 2016 5:53:59 AM okhttp3.mockwebserver.MockWebServer$3 acceptConnections
INFO: MockWebServer[50866] done accepting connections: Socket is closed
Jun 06, 2016 5:53:59 AM okhttp3.mockwebserver.MockWebServer$3 execute
INFO: MockWebServer[43639] starting to accept connections
Jun 06, 2016 5:53:59 AM okhttp3.mockwebserver.MockWebServer$3 acceptConnections
INFO: MockWebServer[43639] done accepting connections: Socket closed
Jun 06, 2016 5:53:59 AM okhttp3.mockwebserver.MockWebServer$4 processOneRequest
INFO: MockWebServer[43639] received request: GET / HTTP/1.1 and responded: HTTP/1.1 200 OK
Jun 06, 2016 5:53:59 AM okhttp3.mockwebserver.MockWebServer$3 execute
INFO: MockWebServer[51259] starting to accept connections
Jun 06, 2016 5:53:59 AM okhttp3.mockwebserver.MockWebServer$3 acceptConnections
INFO: MockWebServer[51259] done accepting connections: Socket closed
Jun 06, 2016 5:53:59 AM okhttp3.mockwebserver.MockWebServer$4 processOneRequest
INFO: MockWebServer[51259] received request: GET / HTTP/1.1 and responded: HTTP/1.1 200 OK
Jun 06, 2016 5:53:59 AM okhttp3.mockwebserver.MockWebServer$3 execute
INFO: MockWebServer[50194] starting to accept connections
Jun 06, 2016 5:53:59 AM okhttp3.mockwebserver.MockWebServer$3 acceptConnections
INFO: MockWebServer[50194] done accepting connections: Socket closed
Jun 06, 2016 5:53:59 AM okhttp3.mockwebserver.MockWebServer$4 processOneRequest
INFO: MockWebServer[50194] received request: GET / HTTP/1.1 and responded: HTTP/1.1 205 Nothin
Jun 06, 2016 5:53:59 AM okhttp3.mockwebserver.MockWebServer$3 execute
INFO: MockWebServer[36043] starting to accept connections
Jun 06, 2016 5:53:59 AM okhttp3.mockwebserver.MockWebServer$4 processOneRequest
INFO: MockWebServer[36043] received request: GET / HTTP/1.1 and responded: HTTP/1.1 200 OK
Jun 06, 2016 5:53:59 AM okhttp3.mockwebserver.MockWebServer$4 processOneRequest
INFO: MockWebServer[36043] received request: GET / HTTP/1.1 and responded: HTTP/1.1 200 OK
Jun 06, 2016 5:53:59 AM okhttp3.mockwebserver.MockWebServer$3 acceptConnections
INFO: MockWebServer[36043] done accepting connections: Socket closed
Jun 06, 2016 5:53:59 AM okhttp3.mockwebserver.MockWebServer$3 execute
INFO: MockWebServer[45012] starting to accept connections
Jun 06, 2016 5:53:59 AM okhttp3.mockwebserver.MockWebServer$4 processOneRequest
INFO: MockWebServer[45012] received request: GET / HTTP/1.1 and responded: HTTP/1.1 200 OK
Jun 06, 2016 5:53:59 AM okhttp3.mockwebserver.MockWebServer$3 acceptConnections
INFO: MockWebServer[45012] done accepting connections: Socket closed
Jun 06, 2016 5:53:59 AM okhttp3.mockwebserver.MockWebServer$3 execute
INFO: MockWebServer[48925] starting to accept connections
Jun 06, 2016 5:53:59 AM okhttp3.mockwebserver.MockWebServer$3 acceptConnections
INFO: MockWebServer[48925] done accepting connections: Socket closed
Jun 06, 2016 5:53:59 AM okhttp3.mockwebserver.MockWebServer$3 execute
INFO: MockWebServer[58676] starting to accept connections
Jun 06, 2016 5:53:59 AM okhttp3.mockwebserver.MockWebServer$3 acceptConnections
INFO: MockWebServer[58676] done accepting connections: Socket closed
Jun 06, 2016 5:53:59 AM okhttp3.mockwebserver.MockWebServer$3 execute
INFO: MockWebServer[56267] starting to accept connections
Jun 06, 2016 5:53:59 AM okhttp3.mockwebserver.MockWebServer$3 acceptConnections
INFO: MockWebServer[56267] done accepting connections: Socket closed
Jun 06, 2016 5:53:59 AM okhttp3.mockwebserver.MockWebServer$3 execute
INFO: MockWebServer[52593] starting to accept connections
Jun 06, 2016 5:53:59 AM okhttp3.mockwebserver.MockWebServer$4 processOneRequest
INFO: MockWebServer[52593] received request: GET / HTTP/1.1 and responded: HTTP/1.1 200 OK
Jun 06, 2016 5:53:59 AM okhttp3.mockwebserver.MockWebServer$3 acceptConnections
INFO: MockWebServer[52593] done accepting connections: Socket closed
Jun 06, 2016 5:53:59 AM okhttp3.mockwebserver.MockWebServer$3 execute
INFO: MockWebServer[60253] starting to accept connections
Jun 06, 2016 5:53:59 AM okhttp3.mockwebserver.MockWebServer$3 acceptConnections
INFO: MockWebServer[60253] done accepting connections: Socket closed
Jun 06, 2016 5:53:59 AM okhttp3.mockwebserver.MockWebServer$4 processOneRequest
INFO: MockWebServer[60253] received request: GET / HTTP/1.1 and responded: HTTP/1.1 200 OK
Jun 06, 2016 5:53:59 AM okhttp3.mockwebserver.MockWebServer$3 execute
INFO: MockWebServer[39432] starting to accept connections
Jun 06, 2016 5:53:59 AM okhttp3.mockwebserver.MockWebServer$3 acceptConnections
INFO: MockWebServer[39432] done accepting connections: Socket closed
Jun 06, 2016 5:53:59 AM okhttp3.mockwebserver.MockWebServer$4 processOneRequest
INFO: MockWebServer[39432] received request: GET / HTTP/1.1 and responded: HTTP/1.1 200 OK
Tests run: 34, Failures: 0, Errors: 0, Skipped: 0, Time elapsed: 2.794 sec
Running retrofit2.RequestBuilderTest
Tests run: 139, Failures: 0, Errors: 0, Skipped: 2, Time elapsed: 0.578 sec
Running retrofit2.ExecutorCallAdapterFactoryTest
Tests run: 7, Failures: 0, Errors: 0, Skipped: 0, Time elapsed: 0.305 sec
Running retrofit2.ServiceMethodTest
Tests run: 1, Failures: 0, Errors: 0, Skipped: 0, Time elapsed: 0.009 sec
Running retrofit2.RetrofitTest
Jun 06, 2016 5:54:00 AM okhttp3.mockwebserver.MockWebServer$3 execute
INFO: MockWebServer[58820] starting to accept connections
Jun 06, 2016 5:54:00 AM okhttp3.mockwebserver.MockWebServer$3 acceptConnections
INFO: MockWebServer[58820] done accepting connections: Socket closed
Jun 06, 2016 5:54:00 AM okhttp3.mockwebserver.MockWebServer$3 execute
INFO: MockWebServer[37199] starting to accept connections
Jun 06, 2016 5:54:00 AM okhttp3.mockwebserver.MockWebServer$3 acceptConnections
INFO: MockWebServer[37199] done accepting connections: Socket is closed
Jun 06, 2016 5:54:00 AM okhttp3.mockwebserver.MockWebServer$3 execute
INFO: MockWebServer[42696] starting to accept connections
Jun 06, 2016 5:54:00 AM okhttp3.mockwebserver.MockWebServer$3 acceptConnections
INFO: MockWebServer[42696] done accepting connections: Socket is closed
Jun 06, 2016 5:54:00 AM okhttp3.mockwebserver.MockWebServer$3 execute
INFO: MockWebServer[38341] starting to accept connections
Jun 06, 2016 5:54:00 AM okhttp3.mockwebserver.MockWebServer$3 acceptConnections
INFO: MockWebServer[38341] done accepting connections: Socket is closed
Jun 06, 2016 5:54:00 AM okhttp3.mockwebserver.MockWebServer$3 execute
INFO: MockWebServer[57014] starting to accept connections
Jun 06, 2016 5:54:00 AM okhttp3.mockwebserver.MockWebServer$3 acceptConnections
INFO: MockWebServer[57014] done accepting connections: Socket is closed
Jun 06, 2016 5:54:00 AM okhttp3.mockwebserver.MockWebServer$3 execute
INFO: MockWebServer[36125] starting to accept connections
Jun 06, 2016 5:54:00 AM okhttp3.mockwebserver.MockWebServer$3 acceptConnections
INFO: MockWebServer[36125] done accepting connections: Socket closed
Jun 06, 2016 5:54:00 AM okhttp3.mockwebserver.MockWebServer$4 processOneRequest
INFO: MockWebServer[36125] received request: GET / HTTP/1.1 and responded: HTTP/1.1 200 OK
Jun 06, 2016 5:54:00 AM okhttp3.mockwebserver.MockWebServer$3 execute
INFO: MockWebServer[45956] starting to accept connections
Jun 06, 2016 5:54:00 AM okhttp3.mockwebserver.MockWebServer$3 acceptConnections
INFO: MockWebServer[45956] done accepting connections: Socket is closed
Jun 06, 2016 5:54:00 AM okhttp3.mockwebserver.MockWebServer$3 execute
INFO: MockWebServer[44818] starting to accept connections
Jun 06, 2016 5:54:00 AM okhttp3.mockwebserver.MockWebServer$3 acceptConnections
INFO: MockWebServer[44818] done accepting connections: Socket is closed
Jun 06, 2016 5:54:00 AM okhttp3.mockwebserver.MockWebServer$3 execute
INFO: MockWebServer[46654] starting to accept connections
Jun 06, 2016 5:54:00 AM okhttp3.mockwebserver.MockWebServer$3 acceptConnections
INFO: MockWebServer[46654] done accepting connections: Socket is closed
Jun 06, 2016 5:54:00 AM okhttp3.mockwebserver.MockWebServer$3 execute
INFO: MockWebServer[37960] starting to accept connections
Jun 06, 2016 5:54:00 AM okhttp3.mockwebserver.MockWebServer$3 acceptConnections
INFO: MockWebServer[37960] done accepting connections: Socket is closed
Jun 06, 2016 5:54:00 AM okhttp3.mockwebserver.MockWebServer$3 execute
INFO: MockWebServer[56265] starting to accept connections
Jun 06, 2016 5:54:00 AM okhttp3.mockwebserver.MockWebServer$3 acceptConnections
INFO: MockWebServer[56265] done accepting connections: Socket is closed
Jun 06, 2016 5:54:01 AM okhttp3.mockwebserver.MockWebServer$3 execute
INFO: MockWebServer[54377] starting to accept connections
Jun 06, 2016 5:54:01 AM okhttp3.mockwebserver.MockWebServer$3 acceptConnections
INFO: MockWebServer[54377] done accepting connections: Socket is closed
Jun 06, 2016 5:54:01 AM okhttp3.mockwebserver.MockWebServer$3 execute
INFO: MockWebServer[57583] starting to accept connections
Jun 06, 2016 5:54:01 AM okhttp3.mockwebserver.MockWebServer$3 acceptConnections
INFO: MockWebServer[57583] done accepting connections: Socket is closed
Jun 06, 2016 5:54:01 AM okhttp3.mockwebserver.MockWebServer$3 execute
INFO: MockWebServer[55241] starting to accept connections
Jun 06, 2016 5:54:01 AM okhttp3.mockwebserver.MockWebServer$3 acceptConnections
INFO: MockWebServer[55241] done accepting connections: Socket is closed
Jun 06, 2016 5:54:01 AM okhttp3.mockwebserver.MockWebServer$3 execute
INFO: MockWebServer[35279] starting to accept connections
Jun 06, 2016 5:54:01 AM okhttp3.mockwebserver.MockWebServer$3 acceptConnections
INFO: MockWebServer[35279] done accepting connections: Socket is closed
Jun 06, 2016 5:54:01 AM okhttp3.mockwebserver.MockWebServer$3 execute
INFO: MockWebServer[46818] starting to accept connections
Jun 06, 2016 5:54:01 AM okhttp3.mockwebserver.MockWebServer$3 acceptConnections
INFO: MockWebServer[46818] done accepting connections: Socket closed
Jun 06, 2016 5:54:01 AM okhttp3.mockwebserver.MockWebServer$4 processOneRequest
INFO: MockWebServer[46818] received request: GET / HTTP/1.1 and responded: HTTP/1.1 200 OK
Jun 06, 2016 5:54:01 AM okhttp3.mockwebserver.MockWebServer$3 execute
INFO: MockWebServer[34834] starting to accept connections
Jun 06, 2016 5:54:01 AM okhttp3.mockwebserver.MockWebServer$3 acceptConnections
INFO: MockWebServer[34834] done accepting connections: Socket is closed
Jun 06, 2016 5:54:01 AM okhttp3.mockwebserver.MockWebServer$3 execute
INFO: MockWebServer[58836] starting to accept connections
Jun 06, 2016 5:54:01 AM okhttp3.mockwebserver.MockWebServer$3 acceptConnections
INFO: MockWebServer[58836] done accepting connections: Socket is closed
Jun 06, 2016 5:54:01 AM okhttp3.mockwebserver.MockWebServer$3 execute
INFO: MockWebServer[54424] starting to accept connections
Jun 06, 2016 5:54:01 AM okhttp3.mockwebserver.MockWebServer$3 acceptConnections
INFO: MockWebServer[54424] done accepting connections: Socket closed
Jun 06, 2016 5:54:01 AM okhttp3.mockwebserver.MockWebServer$4 processOneRequest
INFO: MockWebServer[54424] received request: GET / HTTP/1.1 and responded: HTTP/1.1 200 OK
Jun 06, 2016 5:54:01 AM okhttp3.mockwebserver.MockWebServer$3 execute
INFO: MockWebServer[43691] starting to accept connections
Jun 06, 2016 5:54:01 AM okhttp3.mockwebserver.MockWebServer$3 acceptConnections
INFO: MockWebServer[43691] done accepting connections: Socket closed
Jun 06, 2016 5:54:01 AM okhttp3.mockwebserver.MockWebServer$3 execute
INFO: MockWebServer[50911] starting to accept connections
Jun 06, 2016 5:54:01 AM okhttp3.mockwebserver.MockWebServer$4 processOneRequest
INFO: MockWebServer[50911] received request: POST / HTTP/1.1 and responded: HTTP/1.1 200 OK
Jun 06, 2016 5:54:01 AM okhttp3.mockwebserver.MockWebServer$3 acceptConnections
INFO: MockWebServer[50911] done accepting connections: Socket closed
Jun 06, 2016 5:54:01 AM okhttp3.mockwebserver.MockWebServer$3 execute
INFO: MockWebServer[50109] starting to accept connections
Jun 06, 2016 5:54:01 AM okhttp3.mockwebserver.MockWebServer$3 acceptConnections
INFO: MockWebServer[50109] done accepting connections: Socket is closed
Jun 06, 2016 5:54:01 AM okhttp3.mockwebserver.MockWebServer$3 execute
INFO: MockWebServer[34498] starting to accept connections
Jun 06, 2016 5:54:01 AM okhttp3.mockwebserver.MockWebServer$3 acceptConnections
INFO: MockWebServer[34498] done accepting connections: Socket is closed
Jun 06, 2016 5:54:01 AM okhttp3.mockwebserver.MockWebServer$3 execute
INFO: MockWebServer[52371] starting to accept connections
Jun 06, 2016 5:54:01 AM okhttp3.mockwebserver.MockWebServer$3 acceptConnections
INFO: MockWebServer[52371] done accepting connections: Socket is closed
Jun 06, 2016 5:54:01 AM okhttp3.mockwebserver.MockWebServer$3 execute
INFO: MockWebServer[53083] starting to accept connections
Jun 06, 2016 5:54:01 AM okhttp3.mockwebserver.MockWebServer$3 acceptConnections
INFO: MockWebServer[53083] done accepting connections: Socket is closed
Jun 06, 2016 5:54:01 AM okhttp3.mockwebserver.MockWebServer$3 execute
INFO: MockWebServer[38368] starting to accept connections
Jun 06, 2016 5:54:01 AM okhttp3.mockwebserver.MockWebServer$3 acceptConnections
INFO: MockWebServer[38368] done accepting connections: Socket is closed
Jun 06, 2016 5:54:01 AM okhttp3.mockwebserver.MockWebServer$3 execute
INFO: MockWebServer[42830] starting to accept connections
Jun 06, 2016 5:54:01 AM okhttp3.mockwebserver.MockWebServer$3 acceptConnections
INFO: MockWebServer[42830] done accepting connections: Socket is closed
Jun 06, 2016 5:54:01 AM okhttp3.mockwebserver.MockWebServer$3 execute
INFO: MockWebServer[36788] starting to accept connections
Jun 06, 2016 5:54:01 AM okhttp3.mockwebserver.MockWebServer$3 acceptConnections
INFO: MockWebServer[36788] done accepting connections: Socket is closed
Jun 06, 2016 5:54:01 AM okhttp3.mockwebserver.MockWebServer$3 execute
INFO: MockWebServer[53145] starting to accept connections
Jun 06, 2016 5:54:01 AM okhttp3.mockwebserver.MockWebServer$3 acceptConnections
INFO: MockWebServer[53145] done accepting connections: Socket closed
Jun 06, 2016 5:54:01 AM okhttp3.mockwebserver.MockWebServer$4 processOneRequest
INFO: MockWebServer[53145] received request: GET / HTTP/1.1 and responded: HTTP/1.1 200 OK
Jun 06, 2016 5:54:01 AM okhttp3.mockwebserver.MockWebServer$3 execute
INFO: MockWebServer[46713] starting to accept connections
Jun 06, 2016 5:54:01 AM okhttp3.mockwebserver.MockWebServer$3 acceptConnections
INFO: MockWebServer[46713] done accepting connections: Socket is closed
Jun 06, 2016 5:54:01 AM okhttp3.mockwebserver.MockWebServer$3 execute
INFO: MockWebServer[35830] starting to accept connections
Jun 06, 2016 5:54:01 AM okhttp3.mockwebserver.MockWebServer$3 acceptConnections
INFO: MockWebServer[35830] done accepting connections: Socket closed
Jun 06, 2016 5:54:01 AM okhttp3.mockwebserver.MockWebServer$3 execute
INFO: MockWebServer[46020] starting to accept connections
Jun 06, 2016 5:54:01 AM okhttp3.mockwebserver.MockWebServer$3 acceptConnections
INFO: MockWebServer[46020] done accepting connections: Socket closed
Jun 06, 2016 5:54:01 AM okhttp3.mockwebserver.MockWebServer$3 execute
INFO: MockWebServer[46234] starting to accept connections
Jun 06, 2016 5:54:01 AM okhttp3.mockwebserver.MockWebServer$3 acceptConnections
INFO: MockWebServer[46234] done accepting connections: Socket is closed
Jun 06, 2016 5:54:01 AM okhttp3.mockwebserver.MockWebServer$3 execute
INFO: MockWebServer[44726] starting to accept connections
Jun 06, 2016 5:54:01 AM okhttp3.mockwebserver.MockWebServer$4 processOneRequest
INFO: MockWebServer[44726] received request: GET / HTTP/1.1 and responded: HTTP/1.1 200 OK
Jun 06, 2016 5:54:01 AM okhttp3.mockwebserver.MockWebServer$4 processOneRequest
INFO: MockWebServer[44726] received request: GET / HTTP/1.1 and responded: HTTP/1.1 200 OK
Jun 06, 2016 5:54:01 AM okhttp3.mockwebserver.MockWebServer$3 acceptConnections
INFO: MockWebServer[44726] done accepting connections: Socket closed
Jun 06, 2016 5:54:01 AM okhttp3.mockwebserver.MockWebServer$3 execute
INFO: MockWebServer[43179] starting to accept connections
Jun 06, 2016 5:54:01 AM okhttp3.mockwebserver.MockWebServer$3 acceptConnections
INFO: MockWebServer[43179] done accepting connections: Socket is closed
Jun 06, 2016 5:54:01 AM okhttp3.mockwebserver.MockWebServer$3 execute
INFO: MockWebServer[38323] starting to accept connections
Jun 06, 2016 5:54:01 AM okhttp3.mockwebserver.MockWebServer$3 acceptConnections
INFO: MockWebServer[38323] done accepting connections: Socket closed
Jun 06, 2016 5:54:01 AM okhttp3.mockwebserver.MockWebServer$3 execute
INFO: MockWebServer[45002] starting to accept connections
Jun 06, 2016 5:54:01 AM okhttp3.mockwebserver.MockWebServer$3 acceptConnections
INFO: MockWebServer[45002] done accepting connections: Socket is closed
Jun 06, 2016 5:54:01 AM okhttp3.mockwebserver.MockWebServer$3 execute
INFO: MockWebServer[35227] starting to accept connections
Jun 06, 2016 5:54:01 AM okhttp3.mockwebserver.MockWebServer$3 acceptConnections
INFO: MockWebServer[35227] done accepting connections: Socket is closed
Jun 06, 2016 5:54:01 AM okhttp3.mockwebserver.MockWebServer$3 execute
INFO: MockWebServer[42224] starting to accept connections
Jun 06, 2016 5:54:01 AM okhttp3.mockwebserver.MockWebServer$3 acceptConnections
INFO: MockWebServer[42224] done accepting connections: Socket is closed
Jun 06, 2016 5:54:01 AM okhttp3.mockwebserver.MockWebServer$3 execute
INFO: MockWebServer[35970] starting to accept connections
Jun 06, 2016 5:54:01 AM okhttp3.mockwebserver.MockWebServer$3 acceptConnections
INFO: MockWebServer[35970] done accepting connections: Socket is closed
Jun 06, 2016 5:54:01 AM okhttp3.mockwebserver.MockWebServer$3 execute
INFO: MockWebServer[49037] starting to accept connections
Jun 06, 2016 5:54:01 AM okhttp3.mockwebserver.MockWebServer$3 acceptConnections
INFO: MockWebServer[49037] done accepting connections: Socket closed
Jun 06, 2016 5:54:01 AM okhttp3.mockwebserver.MockWebServer$3 execute
INFO: MockWebServer[33977] starting to accept connections
Jun 06, 2016 5:54:01 AM okhttp3.mockwebserver.MockWebServer$3 acceptConnections
INFO: MockWebServer[33977] done accepting connections: Socket is closed
Jun 06, 2016 5:54:01 AM okhttp3.mockwebserver.MockWebServer$3 execute
INFO: MockWebServer[34489] starting to accept connections
Jun 06, 2016 5:54:01 AM okhttp3.mockwebserver.MockWebServer$3 acceptConnections
INFO: MockWebServer[34489] done accepting connections: Socket closed
Jun 06, 2016 5:54:01 AM okhttp3.mockwebserver.MockWebServer$3 execute
INFO: MockWebServer[53239] starting to accept connections
Jun 06, 2016 5:54:01 AM okhttp3.mockwebserver.MockWebServer$3 acceptConnections
INFO: MockWebServer[53239] done accepting connections: Socket is closed
Jun 06, 2016 5:54:01 AM okhttp3.mockwebserver.MockWebServer$3 execute
INFO: MockWebServer[50216] starting to accept connections
Jun 06, 2016 5:54:01 AM okhttp3.mockwebserver.MockWebServer$3 acceptConnections
INFO: MockWebServer[50216] done accepting connections: Socket is closed
Jun 06, 2016 5:54:01 AM okhttp3.mockwebserver.MockWebServer$3 execute
INFO: MockWebServer[58370] starting to accept connections
Jun 06, 2016 5:54:01 AM okhttp3.mockwebserver.MockWebServer$3 acceptConnections
INFO: MockWebServer[58370] done accepting connections: Socket is closed
Jun 06, 2016 5:54:01 AM okhttp3.mockwebserver.MockWebServer$3 execute
INFO: MockWebServer[40407] starting to accept connections
Jun 06, 2016 5:54:01 AM okhttp3.mockwebserver.MockWebServer$4 processOneRequest
INFO: MockWebServer[40407] received request: GET /?i=101 HTTP/1.1 and responded: HTTP/1.1 200 OK
Jun 06, 2016 5:54:01 AM okhttp3.mockwebserver.MockWebServer$4 processOneRequest
INFO: MockWebServer[40407] received request: GET /?i=201 HTTP/1.1 and responded: HTTP/1.1 200 OK
Jun 06, 2016 5:54:01 AM okhttp3.mockwebserver.MockWebServer$3 acceptConnections
INFO: MockWebServer[40407] done accepting connections: Socket closed
Jun 06, 2016 5:54:01 AM okhttp3.mockwebserver.MockWebServer$3 execute
INFO: MockWebServer[52368] starting to accept connections
Jun 06, 2016 5:54:01 AM okhttp3.mockwebserver.MockWebServer$3 acceptConnections
INFO: MockWebServer[52368] done accepting connections: Socket is closed
Jun 06, 2016 5:54:01 AM okhttp3.mockwebserver.MockWebServer$3 execute
INFO: MockWebServer[38664] starting to accept connections
Jun 06, 2016 5:54:01 AM okhttp3.mockwebserver.MockWebServer$3 acceptConnections
INFO: MockWebServer[38664] done accepting connections: Socket is closed
Jun 06, 2016 5:54:01 AM okhttp3.mockwebserver.MockWebServer$3 execute
INFO: MockWebServer[41487] starting to accept connections
Jun 06, 2016 5:54:01 AM okhttp3.mockwebserver.MockWebServer$3 acceptConnections
INFO: MockWebServer[41487] done accepting connections: Socket is closed
Jun 06, 2016 5:54:01 AM okhttp3.mockwebserver.MockWebServer$3 execute
INFO: MockWebServer[53226] starting to accept connections
Jun 06, 2016 5:54:01 AM okhttp3.mockwebserver.MockWebServer$3 acceptConnections
INFO: MockWebServer[53226] done accepting connections: Socket is closed
Jun 06, 2016 5:54:01 AM okhttp3.mockwebserver.MockWebServer$3 execute
INFO: MockWebServer[35682] starting to accept connections
Jun 06, 2016 5:54:01 AM okhttp3.mockwebserver.MockWebServer$3 acceptConnections
INFO: MockWebServer[35682] done accepting connections: Socket is closed
Jun 06, 2016 5:54:01 AM okhttp3.mockwebserver.MockWebServer$3 execute
INFO: MockWebServer[40406] starting to accept connections
Jun 06, 2016 5:54:01 AM okhttp3.mockwebserver.MockWebServer$3 acceptConnections
INFO: MockWebServer[40406] done accepting connections: Socket is closed
Jun 06, 2016 5:54:01 AM okhttp3.mockwebserver.MockWebServer$3 execute
INFO: MockWebServer[39499] starting to accept connections
Jun 06, 2016 5:54:01 AM okhttp3.mockwebserver.MockWebServer$3 acceptConnections
INFO: MockWebServer[39499] done accepting connections: Socket is closed
Jun 06, 2016 5:54:01 AM okhttp3.mockwebserver.MockWebServer$3 execute
INFO: MockWebServer[50775] starting to accept connections
Jun 06, 2016 5:54:01 AM okhttp3.mockwebserver.MockWebServer$3 acceptConnections
INFO: MockWebServer[50775] done accepting connections: Socket is closed
Jun 06, 2016 5:54:01 AM okhttp3.mockwebserver.MockWebServer$3 execute
INFO: MockWebServer[33791] starting to accept connections
Jun 06, 2016 5:54:01 AM okhttp3.mockwebserver.MockWebServer$3 acceptConnections
INFO: MockWebServer[33791] done accepting connections: Socket is closed
Jun 06, 2016 5:54:01 AM okhttp3.mockwebserver.MockWebServer$3 execute
INFO: MockWebServer[37549] starting to accept connections
Jun 06, 2016 5:54:01 AM okhttp3.mockwebserver.MockWebServer$3 acceptConnections
INFO: MockWebServer[37549] done accepting connections: Socket is closed
Jun 06, 2016 5:54:01 AM okhttp3.mockwebserver.MockWebServer$3 execute
INFO: MockWebServer[55867] starting to accept connections
Jun 06, 2016 5:54:01 AM okhttp3.mockwebserver.MockWebServer$3 acceptConnections
INFO: MockWebServer[55867] done accepting connections: Socket is closed
Jun 06, 2016 5:54:01 AM okhttp3.mockwebserver.MockWebServer$3 execute
INFO: MockWebServer[50310] starting to accept connections
Jun 06, 2016 5:54:01 AM okhttp3.mockwebserver.MockWebServer$3 acceptConnections
INFO: MockWebServer[50310] done accepting connections: Socket is closed
Jun 06, 2016 5:54:01 AM okhttp3.mockwebserver.MockWebServer$3 execute
INFO: MockWebServer[59463] starting to accept connections
Jun 06, 2016 5:54:01 AM okhttp3.mockwebserver.MockWebServer$3 acceptConnections
INFO: MockWebServer[59463] done accepting connections: Socket is closed
Jun 06, 2016 5:54:01 AM okhttp3.mockwebserver.MockWebServer$3 execute
INFO: MockWebServer[52906] starting to accept connections
Jun 06, 2016 5:54:01 AM okhttp3.mockwebserver.MockWebServer$3 acceptConnections
INFO: MockWebServer[52906] done accepting connections: Socket is closed
Jun 06, 2016 5:54:01 AM okhttp3.mockwebserver.MockWebServer$3 execute
INFO: MockWebServer[46640] starting to accept connections
Jun 06, 2016 5:54:01 AM okhttp3.mockwebserver.MockWebServer$3 acceptConnections
INFO: MockWebServer[46640] done accepting connections: Socket is closed
Jun 06, 2016 5:54:01 AM okhttp3.mockwebserver.MockWebServer$3 execute
INFO: MockWebServer[41421] starting to accept connections
Jun 06, 2016 5:54:01 AM okhttp3.mockwebserver.MockWebServer$3 acceptConnections
INFO: MockWebServer[41421] done accepting connections: Socket is closed
Jun 06, 2016 5:54:01 AM okhttp3.mockwebserver.MockWebServer$3 execute
INFO: MockWebServer[57228] starting to accept connections
Jun 06, 2016 5:54:01 AM okhttp3.mockwebserver.MockWebServer$3 acceptConnections
INFO: MockWebServer[57228] done accepting connections: Socket is closed
Tests run: 64, Failures: 0, Errors: 0, Skipped: 0, Time elapsed: 1.076 sec
Running retrofit2.RequestBuilderAndroidTest
WARNING: No manifest file found at ./AndroidManifest.xml.Falling back to the Android OS resources only.
To remove this warning, annotate your test class with @Config(manifest=Config.NONE).
WARNING: No manifest file found at ./AndroidManifest.xml.Falling back to the Android OS resources only.
To remove this warning, annotate your test class with @Config(manifest=Config.NONE).
Tests run: 2, Failures: 0, Errors: 0, Skipped: 0, Time elapsed: 8.464 sec
Running retrofit2.CallAdapterTest
Tests run: 4, Failures: 0, Errors: 0, Skipped: 0, Time elapsed: 0.02 sec
Running retrofit2.ResponseTest
Tests run: 14, Failures: 0, Errors: 0, Skipped: 0, Time elapsed: 0.012 sec

Results :

Tests run: 265, Failures: 0, Errors: 0, Skipped: 2

[INFO] 
[INFO] --- animal-sniffer-maven-plugin:1.14:check (default) @ retrofit ---
[INFO] Checking unresolved references to org.codehaus.mojo.signature:java16:1.1
[INFO]                                                                         
[INFO] ------------------------------------------------------------------------
[INFO] Building Adapters 2.0.3-SNAPSHOT
[INFO] ------------------------------------------------------------------------
[INFO] 
[INFO] --- maven-enforcer-plugin:1.0:enforce (enforce-maven) @ retrofit-adapters ---
[INFO] 
[INFO] --- animal-sniffer-maven-plugin:1.14:check (default) @ retrofit-adapters ---
[INFO] Checking unresolved references to org.codehaus.mojo.signature:java16:1.1
[INFO]                                                                         
[INFO] ------------------------------------------------------------------------
[INFO] Building Adapter: Guava 2.0.3-SNAPSHOT
[INFO] ------------------------------------------------------------------------
[INFO] 
[INFO] --- maven-enforcer-plugin:1.0:enforce (enforce-maven) @ adapter-guava ---
[INFO] 
[INFO] --- maven-resources-plugin:2.6:resources (default-resources) @ adapter-guava ---
[INFO] Using 'UTF-8' encoding to copy filtered resources.
[INFO] skip non existing resourceDirectory /home/travis/build/square/retrofit/retrofit-adapters/guava/src/main/resources
[INFO] 
[INFO] --- maven-compiler-plugin:3.0:compile (default-compile) @ adapter-guava ---
[INFO] Changes detected - recompiling the module!
[INFO] Compiling 2 source files to /home/travis/build/square/retrofit/retrofit-adapters/guava/target/classes
[INFO] 
[INFO] --- maven-resources-plugin:2.6:testResources (default-testResources) @ adapter-guava ---
[INFO] Using 'UTF-8' encoding to copy filtered resources.
[INFO] skip non existing resourceDirectory /home/travis/build/square/retrofit/retrofit-adapters/guava/src/test/resources
[INFO] 
[INFO] --- maven-compiler-plugin:3.0:testCompile (default-testCompile) @ adapter-guava ---
[INFO] Changes detected - recompiling the module!
[INFO] Compiling 3 source files to /home/travis/build/square/retrofit/retrofit-adapters/guava/target/test-classes
[INFO] 
[INFO] --- maven-surefire-plugin:2.12.4:test (default-test) @ adapter-guava ---
[INFO] Surefire report directory: /home/travis/build/square/retrofit/retrofit-adapters/guava/target/surefire-reports

-------------------------------------------------------
 T E S T S
-------------------------------------------------------
Running retrofit2.adapter.guava.ListenableFutureTest
Jun 06, 2016 5:54:13 AM okhttp3.mockwebserver.MockWebServer$3 execute
INFO: MockWebServer[51981] starting to accept connections
Jun 06, 2016 5:54:13 AM okhttp3.mockwebserver.MockWebServer$4 processOneRequest
INFO: MockWebServer[51981] received request: GET / HTTP/1.1 and responded: HTTP/1.1 200 OK
Jun 06, 2016 5:54:13 AM okhttp3.mockwebserver.MockWebServer$3 acceptConnections
INFO: MockWebServer[51981] done accepting connections: Socket closed
Jun 06, 2016 5:54:13 AM okhttp3.mockwebserver.MockWebServer$3 execute
INFO: MockWebServer[37931] starting to accept connections
Jun 06, 2016 5:54:13 AM okhttp3.mockwebserver.MockWebServer$4 processOneRequest
INFO: MockWebServer[37931] received request: GET / HTTP/1.1 and responded: HTTP/1.1 404 Client Error
Jun 06, 2016 5:54:13 AM okhttp3.mockwebserver.MockWebServer$3 acceptConnections
INFO: MockWebServer[37931] done accepting connections: Socket closed
Jun 06, 2016 5:54:13 AM okhttp3.mockwebserver.MockWebServer$3 execute
INFO: MockWebServer[48123] starting to accept connections
Jun 06, 2016 5:54:13 AM okhttp3.mockwebserver.MockWebServer$3 acceptConnections
INFO: MockWebServer[48123] done accepting connections: Socket closed
Jun 06, 2016 5:54:13 AM okhttp3.mockwebserver.MockWebServer$4 processConnection
WARNING: MockWebServer[48123] connection from /127.0.0.1 didn't make a request
Jun 06, 2016 5:54:13 AM okhttp3.mockwebserver.MockWebServer$3 execute
INFO: MockWebServer[35381] starting to accept connections
Jun 06, 2016 5:54:13 AM okhttp3.mockwebserver.MockWebServer$4 processOneRequest
INFO: MockWebServer[35381] received request: GET / HTTP/1.1 and responded: HTTP/1.1 200 OK
Jun 06, 2016 5:54:13 AM okhttp3.mockwebserver.MockWebServer$3 acceptConnections
INFO: MockWebServer[35381] done accepting connections: Socket closed
Jun 06, 2016 5:54:13 AM okhttp3.mockwebserver.MockWebServer$3 execute
INFO: MockWebServer[35242] starting to accept connections
Jun 06, 2016 5:54:13 AM okhttp3.mockwebserver.MockWebServer$3 acceptConnections
INFO: MockWebServer[35242] done accepting connections: Socket closed
Jun 06, 2016 5:54:13 AM okhttp3.mockwebserver.MockWebServer$4 processOneRequest
INFO: MockWebServer[35242] received request: GET / HTTP/1.1 and responded: HTTP/1.1 404 Client Error
Jun 06, 2016 5:54:13 AM okhttp3.mockwebserver.MockWebServer$3 execute
INFO: MockWebServer[52977] starting to accept connections
Jun 06, 2016 5:54:13 AM okhttp3.mockwebserver.MockWebServer$3 acceptConnections
INFO: MockWebServer[52977] done accepting connections: Socket closed
Jun 06, 2016 5:54:13 AM okhttp3.mockwebserver.MockWebServer$4 processConnection
WARNING: MockWebServer[52977] connection from /127.0.0.1 didn't make a request
Tests run: 6, Failures: 0, Errors: 0, Skipped: 0, Time elapsed: 0.767 sec
Running retrofit2.adapter.guava.GuavaCallAdapterFactoryTest
Jun 06, 2016 5:54:13 AM okhttp3.mockwebserver.MockWebServer$3 execute
INFO: MockWebServer[51727] starting to accept connections
Jun 06, 2016 5:54:13 AM okhttp3.mockwebserver.MockWebServer$3 acceptConnections
INFO: MockWebServer[51727] done accepting connections: Socket closed
Jun 06, 2016 5:54:13 AM okhttp3.mockwebserver.MockWebServer$3 execute
INFO: MockWebServer[40758] starting to accept connections
Jun 06, 2016 5:54:13 AM okhttp3.mockwebserver.MockWebServer$3 acceptConnections
INFO: MockWebServer[40758] done accepting connections: Socket is closed
Jun 06, 2016 5:54:13 AM okhttp3.mockwebserver.MockWebServer$3 execute
INFO: MockWebServer[59978] starting to accept connections
Jun 06, 2016 5:54:13 AM okhttp3.mockwebserver.MockWebServer$3 acceptConnections
INFO: MockWebServer[59978] done accepting connections: Socket is closed
Jun 06, 2016 5:54:13 AM okhttp3.mockwebserver.MockWebServer$3 execute
INFO: MockWebServer[42923] starting to accept connections
Jun 06, 2016 5:54:13 AM okhttp3.mockwebserver.MockWebServer$3 acceptConnections
INFO: MockWebServer[42923] done accepting connections: Socket is closed
Tests run: 4, Failures: 0, Errors: 0, Skipped: 0, Time elapsed: 0.018 sec

Results :

Tests run: 10, Failures: 0, Errors: 0, Skipped: 0

[INFO] 
[INFO] --- animal-sniffer-maven-plugin:1.14:check (default) @ adapter-guava ---
[INFO] Checking unresolved references to org.codehaus.mojo.signature:java16:1.1
[INFO]                                                                         
[INFO] ------------------------------------------------------------------------
[INFO] Building Adapter: Java 8 2.0.3-SNAPSHOT
[INFO] ------------------------------------------------------------------------
[INFO] 
[INFO] --- maven-enforcer-plugin:1.0:enforce (enforce-maven) @ adapter-java8 ---
[INFO] 
[INFO] --- maven-resources-plugin:2.6:resources (default-resources) @ adapter-java8 ---
[INFO] Using 'UTF-8' encoding to copy filtered resources.
[INFO] skip non existing resourceDirectory /home/travis/build/square/retrofit/retrofit-adapters/java8/src/main/resources
[INFO] 
[INFO] --- maven-compiler-plugin:3.0:compile (default-compile) @ adapter-java8 ---
[INFO] Changes detected - recompiling the module!
[INFO] Compiling 2 source files to /home/travis/build/square/retrofit/retrofit-adapters/java8/target/classes
[INFO] 
[INFO] --- maven-resources-plugin:2.6:testResources (default-testResources) @ adapter-java8 ---
[INFO] Using 'UTF-8' encoding to copy filtered resources.
[INFO] skip non existing resourceDirectory /home/travis/build/square/retrofit/retrofit-adapters/java8/src/test/resources
[INFO] 
[INFO] --- maven-compiler-plugin:3.0:testCompile (default-testCompile) @ adapter-java8 ---
[INFO] Changes detected - recompiling the module!
[INFO] Compiling 3 source files to /home/travis/build/square/retrofit/retrofit-adapters/java8/target/test-classes
[INFO] 
[INFO] --- maven-surefire-plugin:2.12.4:test (default-test) @ adapter-java8 ---
[INFO] Surefire report directory: /home/travis/build/square/retrofit/retrofit-adapters/java8/target/surefire-reports

-------------------------------------------------------
 T E S T S
-------------------------------------------------------
Running retrofit2.adapter.java8.Java8CallAdapterFactoryTest
Jun 06, 2016 5:54:15 AM okhttp3.mockwebserver.MockWebServer$3 execute
INFO: MockWebServer[53221] starting to accept connections
Jun 06, 2016 5:54:16 AM okhttp3.mockwebserver.MockWebServer$3 acceptConnections
INFO: MockWebServer[53221] done accepting connections: Socket closed
Jun 06, 2016 5:54:16 AM okhttp3.mockwebserver.MockWebServer$3 execute
INFO: MockWebServer[46648] starting to accept connections
Jun 06, 2016 5:54:16 AM okhttp3.mockwebserver.MockWebServer$3 acceptConnections
INFO: MockWebServer[46648] done accepting connections: Socket is closed
Jun 06, 2016 5:54:16 AM okhttp3.mockwebserver.MockWebServer$3 execute
INFO: MockWebServer[38405] starting to accept connections
Jun 06, 2016 5:54:16 AM okhttp3.mockwebserver.MockWebServer$3 acceptConnections
INFO: MockWebServer[38405] done accepting connections: Socket closed
Jun 06, 2016 5:54:16 AM okhttp3.mockwebserver.MockWebServer$3 execute
INFO: MockWebServer[36586] starting to accept connections
Jun 06, 2016 5:54:16 AM okhttp3.mockwebserver.MockWebServer$3 acceptConnections
INFO: MockWebServer[36586] done accepting connections: Socket closed
Tests run: 4, Failures: 0, Errors: 0, Skipped: 0, Time elapsed: 0.689 sec
Running retrofit2.adapter.java8.CompletableFutureTest
Jun 06, 2016 5:54:16 AM okhttp3.mockwebserver.MockWebServer$3 execute
INFO: MockWebServer[35156] starting to accept connections
Jun 06, 2016 5:54:16 AM okhttp3.mockwebserver.MockWebServer$4 processOneRequest
INFO: MockWebServer[35156] received request: GET / HTTP/1.1 and responded: HTTP/1.1 200 OK
Jun 06, 2016 5:54:16 AM okhttp3.mockwebserver.MockWebServer$3 acceptConnections
INFO: MockWebServer[35156] done accepting connections: Socket closed
Jun 06, 2016 5:54:16 AM okhttp3.mockwebserver.MockWebServer$3 execute
INFO: MockWebServer[38494] starting to accept connections
Jun 06, 2016 5:54:16 AM okhttp3.mockwebserver.MockWebServer$3 acceptConnections
INFO: MockWebServer[38494] done accepting connections: Socket closed
Jun 06, 2016 5:54:16 AM okhttp3.mockwebserver.MockWebServer$4 processOneRequest
INFO: MockWebServer[38494] received request: GET / HTTP/1.1 and responded: HTTP/1.1 404 Client Error
Jun 06, 2016 5:54:16 AM okhttp3.mockwebserver.MockWebServer$3 execute
INFO: MockWebServer[38935] starting to accept connections
Jun 06, 2016 5:54:16 AM okhttp3.mockwebserver.MockWebServer$3 acceptConnections
INFO: MockWebServer[38935] done accepting connections: Socket closed
Jun 06, 2016 5:54:16 AM okhttp3.mockwebserver.MockWebServer$4 processConnection
WARNING: MockWebServer[38935] connection from /127.0.0.1 didn't make a request
Jun 06, 2016 5:54:16 AM okhttp3.mockwebserver.MockWebServer$3 execute
INFO: MockWebServer[41233] starting to accept connections
Jun 06, 2016 5:54:16 AM okhttp3.mockwebserver.MockWebServer$3 acceptConnections
INFO: MockWebServer[41233] done accepting connections: Socket closed
Jun 06, 2016 5:54:16 AM okhttp3.mockwebserver.MockWebServer$4 processOneRequest
INFO: MockWebServer[41233] received request: GET / HTTP/1.1 and responded: HTTP/1.1 200 OK
Jun 06, 2016 5:54:16 AM okhttp3.mockwebserver.MockWebServer$3 execute
INFO: MockWebServer[42672] starting to accept connections
Jun 06, 2016 5:54:16 AM okhttp3.mockwebserver.MockWebServer$3 acceptConnections
INFO: MockWebServer[42672] done accepting connections: Socket closed
Jun 06, 2016 5:54:16 AM okhttp3.mockwebserver.MockWebServer$4 processOneRequest
INFO: MockWebServer[42672] received request: GET / HTTP/1.1 and responded: HTTP/1.1 404 Client Error
Jun 06, 2016 5:54:16 AM okhttp3.mockwebserver.MockWebServer$3 execute
INFO: MockWebServer[40036] starting to accept connections
Jun 06, 2016 5:54:16 AM okhttp3.mockwebserver.MockWebServer$4 processConnection
WARNING: MockWebServer[40036] connection from /127.0.0.1 didn't make a request
Jun 06, 2016 5:54:16 AM okhttp3.mockwebserver.MockWebServer$3 acceptConnections
INFO: MockWebServer[40036] done accepting connections: Socket closed
Tests run: 6, Failures: 0, Errors: 0, Skipped: 0, Time elapsed: 0.152 sec

Results :

Tests run: 10, Failures: 0, Errors: 0, Skipped: 0

[INFO] 
[INFO] --- animal-sniffer-maven-plugin:1.14:check (default) @ adapter-java8 ---
[INFO] Checking unresolved references to org.kaazing.mojo.signature:java18:1.0
[INFO]                                                                         
[INFO] ------------------------------------------------------------------------
[INFO] Building Adapter: RxJava 2.0.3-SNAPSHOT
[INFO] ------------------------------------------------------------------------
[INFO] 
[INFO] --- maven-enforcer-plugin:1.0:enforce (enforce-maven) @ adapter-rxjava ---
[INFO] 
[INFO] --- maven-resources-plugin:2.6:resources (default-resources) @ adapter-rxjava ---
[INFO] Using 'UTF-8' encoding to copy filtered resources.
[INFO] skip non existing resourceDirectory /home/travis/build/square/retrofit/retrofit-adapters/rxjava/src/main/resources
[INFO] 
[INFO] --- maven-compiler-plugin:3.0:compile (default-compile) @ adapter-rxjava ---
[INFO] Changes detected - recompiling the module!
[INFO] Compiling 6 source files to /home/travis/build/square/retrofit/retrofit-adapters/rxjava/target/classes
[INFO] 
[INFO] --- maven-resources-plugin:2.6:testResources (default-testResources) @ adapter-rxjava ---
[INFO] Using 'UTF-8' encoding to copy filtered resources.
[INFO] skip non existing resourceDirectory /home/travis/build/square/retrofit/retrofit-adapters/rxjava/src/test/resources
[INFO] 
[INFO] --- maven-compiler-plugin:3.0:testCompile (default-testCompile) @ adapter-rxjava ---
[INFO] Changes detected - recompiling the module!
[INFO] Compiling 9 source files to /home/travis/build/square/retrofit/retrofit-adapters/rxjava/target/test-classes
[INFO] 
[INFO] --- maven-surefire-plugin:2.12.4:test (default-test) @ adapter-rxjava ---
[INFO] Surefire report directory: /home/travis/build/square/retrofit/retrofit-adapters/rxjava/target/surefire-reports

-------------------------------------------------------
 T E S T S
-------------------------------------------------------
Running retrofit2.adapter.rxjava.ObservableSchedulerTest
Jun 06, 2016 5:54:17 AM okhttp3.mockwebserver.MockWebServer$3 execute
INFO: MockWebServer[50885] starting to accept connections
Jun 06, 2016 5:54:18 AM okhttp3.mockwebserver.MockWebServer$4 processOneRequest
INFO: MockWebServer[50885] received request: GET / HTTP/1.1 and responded: HTTP/1.1 200 OK
Jun 06, 2016 5:54:18 AM okhttp3.mockwebserver.MockWebServer$3 acceptConnections
INFO: MockWebServer[50885] done accepting connections: Socket closed
Jun 06, 2016 5:54:18 AM okhttp3.mockwebserver.MockWebServer$3 execute
INFO: MockWebServer[52183] starting to accept connections
Jun 06, 2016 5:54:18 AM okhttp3.mockwebserver.MockWebServer$3 acceptConnections
INFO: MockWebServer[52183] done accepting connections: Socket closed
Jun 06, 2016 5:54:18 AM okhttp3.mockwebserver.MockWebServer$4 processOneRequest
INFO: MockWebServer[52183] received request: GET / HTTP/1.1 and responded: HTTP/1.1 200 OK
Jun 06, 2016 5:54:18 AM okhttp3.mockwebserver.MockWebServer$3 execute
INFO: MockWebServer[51794] starting to accept connections
Jun 06, 2016 5:54:18 AM okhttp3.mockwebserver.MockWebServer$3 acceptConnections
INFO: MockWebServer[51794] done accepting connections: Socket closed
Jun 06, 2016 5:54:18 AM okhttp3.mockwebserver.MockWebServer$4 processOneRequest
INFO: MockWebServer[51794] received request: GET / HTTP/1.1 and responded: HTTP/1.1 200 OK
Tests run: 3, Failures: 0, Errors: 0, Skipped: 0, Time elapsed: 0.668 sec
Running retrofit2.adapter.rxjava.ObservableTest
Jun 06, 2016 5:54:18 AM okhttp3.mockwebserver.MockWebServer$3 execute
INFO: MockWebServer[34587] starting to accept connections
Jun 06, 2016 5:54:18 AM okhttp3.mockwebserver.MockWebServer$4 processConnection
WARNING: MockWebServer[34587] connection from /127.0.0.1 didn't make a request
Jun 06, 2016 5:54:18 AM okhttp3.mockwebserver.MockWebServer$3 acceptConnections
INFO: MockWebServer[34587] done accepting connections: Socket closed
Jun 06, 2016 5:54:18 AM okhttp3.mockwebserver.MockWebServer$3 execute
INFO: MockWebServer[41016] starting to accept connections
Jun 06, 2016 5:54:18 AM okhttp3.mockwebserver.MockWebServer$4 processOneRequest
INFO: MockWebServer[41016] received request: GET / HTTP/1.1 and responded: HTTP/1.1 200 OK
Jun 06, 2016 5:54:18 AM okhttp3.mockwebserver.MockWebServer$3 acceptConnections
INFO: MockWebServer[41016] done accepting connections: Socket closed
Jun 06, 2016 5:54:18 AM okhttp3.mockwebserver.MockWebServer$3 execute
INFO: MockWebServer[37181] starting to accept connections
Jun 06, 2016 5:54:18 AM okhttp3.mockwebserver.MockWebServer$3 acceptConnections
INFO: MockWebServer[37181] done accepting connections: Socket closed
Jun 06, 2016 5:54:18 AM okhttp3.mockwebserver.MockWebServer$4 processOneRequest
INFO: MockWebServer[37181] received request: GET / HTTP/1.1 and responded: HTTP/1.1 404 Client Error
Jun 06, 2016 5:54:18 AM okhttp3.mockwebserver.MockWebServer$3 execute
INFO: MockWebServer[60782] starting to accept connections
Jun 06, 2016 5:54:18 AM okhttp3.mockwebserver.MockWebServer$3 acceptConnections
INFO: MockWebServer[60782] done accepting connections: Socket closed
Jun 06, 2016 5:54:18 AM okhttp3.mockwebserver.MockWebServer$4 processOneRequest
INFO: MockWebServer[60782] received request: GET / HTTP/1.1 and responded: HTTP/1.1 200 OK
Jun 06, 2016 5:54:18 AM okhttp3.mockwebserver.MockWebServer$3 execute
INFO: MockWebServer[49937] starting to accept connections
Jun 06, 2016 5:54:18 AM okhttp3.mockwebserver.MockWebServer$3 acceptConnections
INFO: MockWebServer[49937] done accepting connections: Socket closed
Jun 06, 2016 5:54:18 AM okhttp3.mockwebserver.MockWebServer$4 processOneRequest
INFO: MockWebServer[49937] received request: GET / HTTP/1.1 and responded: HTTP/1.1 200 OK
Jun 06, 2016 5:54:18 AM okhttp3.mockwebserver.MockWebServer$3 execute
INFO: MockWebServer[38120] starting to accept connections
Jun 06, 2016 5:54:18 AM okhttp3.mockwebserver.MockWebServer$3 acceptConnections
INFO: MockWebServer[38120] done accepting connections: Socket closed
Jun 06, 2016 5:54:18 AM okhttp3.mockwebserver.MockWebServer$4 processConnection
WARNING: MockWebServer[38120] connection from /127.0.0.1 didn't make a request
Jun 06, 2016 5:54:18 AM okhttp3.mockwebserver.MockWebServer$3 execute
INFO: MockWebServer[42283] starting to accept connections
Jun 06, 2016 5:54:18 AM okhttp3.mockwebserver.MockWebServer$3 acceptConnections
INFO: MockWebServer[42283] done accepting connections: Socket closed
Jun 06, 2016 5:54:18 AM okhttp3.mockwebserver.MockWebServer$4 processOneRequest
INFO: MockWebServer[42283] received request: GET / HTTP/1.1 and responded: HTTP/1.1 200 OK
Jun 06, 2016 5:54:18 AM okhttp3.mockwebserver.MockWebServer$3 execute
INFO: MockWebServer[59111] starting to accept connections
Jun 06, 2016 5:54:18 AM okhttp3.mockwebserver.MockWebServer$4 processOneRequest
INFO: MockWebServer[59111] received request: GET / HTTP/1.1 and responded: HTTP/1.1 404 Client Error
Jun 06, 2016 5:54:18 AM okhttp3.mockwebserver.MockWebServer$3 acceptConnections
INFO: MockWebServer[59111] done accepting connections: Socket closed
Jun 06, 2016 5:54:18 AM okhttp3.mockwebserver.MockWebServer$3 execute
INFO: MockWebServer[37424] starting to accept connections
Jun 06, 2016 5:54:18 AM okhttp3.mockwebserver.MockWebServer$4 processConnection
WARNING: MockWebServer[37424] connection from /127.0.0.1 didn't make a request
Jun 06, 2016 5:54:18 AM okhttp3.mockwebserver.MockWebServer$3 acceptConnections
INFO: MockWebServer[37424] done accepting connections: Socket closed
Jun 06, 2016 5:54:18 AM okhttp3.mockwebserver.MockWebServer$3 execute
INFO: MockWebServer[53853] starting to accept connections
Jun 06, 2016 5:54:18 AM okhttp3.mockwebserver.MockWebServer$4 processOneRequest
INFO: MockWebServer[53853] received request: GET / HTTP/1.1 and responded: HTTP/1.1 200 OK
Jun 06, 2016 5:54:18 AM okhttp3.mockwebserver.MockWebServer$3 acceptConnections
INFO: MockWebServer[53853] done accepting connections: Socket closed
Jun 06, 2016 5:54:18 AM okhttp3.mockwebserver.MockWebServer$3 execute
INFO: MockWebServer[34623] starting to accept connections
Jun 06, 2016 5:54:18 AM okhttp3.mockwebserver.MockWebServer$4 processOneRequest
INFO: MockWebServer[34623] received request: GET / HTTP/1.1 and responded: HTTP/1.1 200 OK
Jun 06, 2016 5:54:18 AM okhttp3.mockwebserver.MockWebServer$3 acceptConnections
INFO: MockWebServer[34623] done accepting connections: Socket closed
Jun 06, 2016 5:54:18 AM okhttp3.mockwebserver.MockWebServer$3 execute
INFO: MockWebServer[53744] starting to accept connections
Jun 06, 2016 5:54:18 AM okhttp3.mockwebserver.MockWebServer$3 acceptConnections
INFO: MockWebServer[53744] done accepting connections: Socket closed
Jun 06, 2016 5:54:18 AM okhttp3.mockwebserver.MockWebServer$4 processOneRequest
INFO: MockWebServer[53744] received request: GET / HTTP/1.1 and responded: HTTP/1.1 404 Client Error
Tests run: 12, Failures: 0, Errors: 0, Skipped: 0, Time elapsed: 0.268 sec
Running retrofit2.adapter.rxjava.RxJavaCallAdapterFactoryTest
Tests run: 6, Failures: 0, Errors: 0, Skipped: 0, Time elapsed: 0.052 sec
Running retrofit2.adapter.rxjava.SingleSchedulerTest
Jun 06, 2016 5:54:18 AM okhttp3.mockwebserver.MockWebServer$3 execute
INFO: MockWebServer[46115] starting to accept connections
Jun 06, 2016 5:54:18 AM okhttp3.mockwebserver.MockWebServer$4 processOneRequest
INFO: MockWebServer[46115] received request: GET / HTTP/1.1 and responded: HTTP/1.1 200 OK
Jun 06, 2016 5:54:18 AM okhttp3.mockwebserver.MockWebServer$3 acceptConnections
INFO: MockWebServer[46115] done accepting connections: Socket closed
Jun 06, 2016 5:54:18 AM okhttp3.mockwebserver.MockWebServer$3 execute
INFO: MockWebServer[42851] starting to accept connections
Jun 06, 2016 5:54:18 AM okhttp3.mockwebserver.MockWebServer$3 acceptConnections
INFO: MockWebServer[42851] done accepting connections: Socket closed
Jun 06, 2016 5:54:18 AM okhttp3.mockwebserver.MockWebServer$4 processOneRequest
INFO: MockWebServer[42851] received request: GET / HTTP/1.1 and responded: HTTP/1.1 200 OK
Jun 06, 2016 5:54:18 AM okhttp3.mockwebserver.MockWebServer$3 execute
INFO: MockWebServer[37202] starting to accept connections
Jun 06, 2016 5:54:18 AM okhttp3.mockwebserver.MockWebServer$3 acceptConnections
INFO: MockWebServer[37202] done accepting connections: Socket closed
Jun 06, 2016 5:54:18 AM okhttp3.mockwebserver.MockWebServer$4 processOneRequest
INFO: MockWebServer[37202] received request: GET / HTTP/1.1 and responded: HTTP/1.1 200 OK
Tests run: 3, Failures: 0, Errors: 0, Skipped: 0, Time elapsed: 0.031 sec
Running retrofit2.adapter.rxjava.CompletableTest
Jun 06, 2016 5:54:18 AM okhttp3.mockwebserver.MockWebServer$3 execute
INFO: MockWebServer[42008] starting to accept connections
Jun 06, 2016 5:54:18 AM okhttp3.mockwebserver.MockWebServer$3 acceptConnections
INFO: MockWebServer[42008] done accepting connections: Socket closed
Jun 06, 2016 5:54:18 AM okhttp3.mockwebserver.MockWebServer$4 processOneRequest
INFO: MockWebServer[42008] received request: GET / HTTP/1.1 and responded: HTTP/1.1 200 OK
Jun 06, 2016 5:54:18 AM okhttp3.mockwebserver.MockWebServer$3 execute
INFO: MockWebServer[59513] starting to accept connections
Jun 06, 2016 5:54:18 AM okhttp3.mockwebserver.MockWebServer$3 acceptConnections
INFO: MockWebServer[59513] done accepting connections: Socket closed
Jun 06, 2016 5:54:18 AM okhttp3.mockwebserver.MockWebServer$4 processOneRequest
INFO: MockWebServer[59513] received request: GET / HTTP/1.1 and responded: HTTP/1.1 404 Client Error
Jun 06, 2016 5:54:18 AM okhttp3.mockwebserver.MockWebServer$3 execute
INFO: MockWebServer[58687] starting to accept connections
Jun 06, 2016 5:54:18 AM okhttp3.mockwebserver.MockWebServer$3 acceptConnections
INFO: MockWebServer[58687] done accepting connections: Socket closed
Jun 06, 2016 5:54:18 AM okhttp3.mockwebserver.MockWebServer$4 processConnection
WARNING: MockWebServer[58687] connection from /127.0.0.1 didn't make a request
Tests run: 3, Failures: 0, Errors: 0, Skipped: 0, Time elapsed: 0.042 sec
Running retrofit2.adapter.rxjava.CompletableSchedulerTest
Jun 06, 2016 5:54:18 AM okhttp3.mockwebserver.MockWebServer$3 execute
INFO: MockWebServer[44550] starting to accept connections
Jun 06, 2016 5:54:18 AM okhttp3.mockwebserver.MockWebServer$3 acceptConnections
INFO: MockWebServer[44550] done accepting connections: Socket closed
Jun 06, 2016 5:54:18 AM okhttp3.mockwebserver.MockWebServer$4 processOneRequest
INFO: MockWebServer[44550] received request: GET / HTTP/1.1 and responded: HTTP/1.1 200 OK
Tests run: 1, Failures: 0, Errors: 0, Skipped: 0, Time elapsed: 0.011 sec
Running retrofit2.adapter.rxjava.SingleTest
Jun 06, 2016 5:54:18 AM okhttp3.mockwebserver.MockWebServer$3 execute
INFO: MockWebServer[57969] starting to accept connections
Jun 06, 2016 5:54:18 AM okhttp3.mockwebserver.MockWebServer$3 acceptConnections
INFO: MockWebServer[57969] done accepting connections: Socket closed
Jun 06, 2016 5:54:18 AM okhttp3.mockwebserver.MockWebServer$4 processConnection
WARNING: MockWebServer[57969] connection from /127.0.0.1 didn't make a request
Jun 06, 2016 5:54:18 AM okhttp3.mockwebserver.MockWebServer$3 execute
INFO: MockWebServer[52604] starting to accept connections
Jun 06, 2016 5:54:18 AM okhttp3.mockwebserver.MockWebServer$3 acceptConnections
INFO: MockWebServer[52604] done accepting connections: Socket closed
Jun 06, 2016 5:54:18 AM okhttp3.mockwebserver.MockWebServer$4 processOneRequest
INFO: MockWebServer[52604] received request: GET / HTTP/1.1 and responded: HTTP/1.1 200 OK
Jun 06, 2016 5:54:18 AM okhttp3.mockwebserver.MockWebServer$3 execute
INFO: MockWebServer[46739] starting to accept connections
Jun 06, 2016 5:54:18 AM okhttp3.mockwebserver.MockWebServer$3 acceptConnections
INFO: MockWebServer[46739] done accepting connections: Socket closed
Jun 06, 2016 5:54:18 AM okhttp3.mockwebserver.MockWebServer$4 processOneRequest
INFO: MockWebServer[46739] received request: GET / HTTP/1.1 and responded: HTTP/1.1 404 Client Error
Jun 06, 2016 5:54:18 AM okhttp3.mockwebserver.MockWebServer$3 execute
INFO: MockWebServer[35857] starting to accept connections
Jun 06, 2016 5:54:18 AM okhttp3.mockwebserver.MockWebServer$3 acceptConnections
INFO: MockWebServer[35857] done accepting connections: Socket closed
Jun 06, 2016 5:54:18 AM okhttp3.mockwebserver.MockWebServer$4 processConnection
WARNING: MockWebServer[35857] connection from /127.0.0.1 didn't make a request
Jun 06, 2016 5:54:18 AM okhttp3.mockwebserver.MockWebServer$3 execute
INFO: MockWebServer[52138] starting to accept connections
Jun 06, 2016 5:54:18 AM okhttp3.mockwebserver.MockWebServer$3 acceptConnections
INFO: MockWebServer[52138] done accepting connections: Socket closed
Jun 06, 2016 5:54:18 AM okhttp3.mockwebserver.MockWebServer$4 processOneRequest
INFO: MockWebServer[52138] received request: GET / HTTP/1.1 and responded: HTTP/1.1 200 OK
Jun 06, 2016 5:54:18 AM okhttp3.mockwebserver.MockWebServer$3 execute
INFO: MockWebServer[54748] starting to accept connections
Jun 06, 2016 5:54:18 AM okhttp3.mockwebserver.MockWebServer$3 acceptConnections
INFO: MockWebServer[54748] done accepting connections: Socket closed
Jun 06, 2016 5:54:18 AM okhttp3.mockwebserver.MockWebServer$4 processOneRequest
INFO: MockWebServer[54748] received request: GET / HTTP/1.1 and responded: HTTP/1.1 404 Client Error
Jun 06, 2016 5:54:19 AM okhttp3.mockwebserver.MockWebServer$3 execute
INFO: MockWebServer[47464] starting to accept connections
Jun 06, 2016 5:54:19 AM okhttp3.mockwebserver.MockWebServer$3 acceptConnections
INFO: MockWebServer[47464] done accepting connections: Socket closed
Jun 06, 2016 5:54:19 AM okhttp3.mockwebserver.MockWebServer$4 processConnection
WARNING: MockWebServer[47464] connection from /127.0.0.1 didn't make a request
Jun 06, 2016 5:54:19 AM okhttp3.mockwebserver.MockWebServer$3 execute
INFO: MockWebServer[41132] starting to accept connections
Jun 06, 2016 5:54:19 AM okhttp3.mockwebserver.MockWebServer$3 acceptConnections
INFO: MockWebServer[41132] done accepting connections: Socket closed
Jun 06, 2016 5:54:19 AM okhttp3.mockwebserver.MockWebServer$4 processOneRequest
INFO: MockWebServer[41132] received request: GET / HTTP/1.1 and responded: HTTP/1.1 200 OK
Jun 06, 2016 5:54:19 AM okhttp3.mockwebserver.MockWebServer$3 execute
INFO: MockWebServer[41368] starting to accept connections
Jun 06, 2016 5:54:19 AM okhttp3.mockwebserver.MockWebServer$3 acceptConnections
INFO: MockWebServer[41368] done accepting connections: Socket closed
Jun 06, 2016 5:54:19 AM okhttp3.mockwebserver.MockWebServer$4 processOneRequest
INFO: MockWebServer[41368] received request: GET / HTTP/1.1 and responded: HTTP/1.1 404 Client Error
Tests run: 9, Failures: 0, Errors: 0, Skipped: 0, Time elapsed: 0.165 sec
Running retrofit2.adapter.rxjava.ResultTest
Tests run: 4, Failures: 0, Errors: 0, Skipped: 0, Time elapsed: 0 sec

Results :

Tests run: 41, Failures: 0, Errors: 0, Skipped: 0

[INFO] 
[INFO] --- animal-sniffer-maven-plugin:1.14:check (default) @ adapter-rxjava ---
[INFO] Checking unresolved references to org.codehaus.mojo.signature:java16:1.1
[INFO]                                                                         
[INFO] ------------------------------------------------------------------------
[INFO] Building Converters 2.0.3-SNAPSHOT
[INFO] ------------------------------------------------------------------------
[INFO] 
[INFO] --- maven-enforcer-plugin:1.0:enforce (enforce-maven) @ retrofit-converters ---
[INFO] 
[INFO] --- animal-sniffer-maven-plugin:1.14:check (default) @ retrofit-converters ---
[INFO] Checking unresolved references to org.codehaus.mojo.signature:java16:1.1
[INFO]                                                                         
[INFO] ------------------------------------------------------------------------
[INFO] Building Converter: Gson 2.0.3-SNAPSHOT
[INFO] ------------------------------------------------------------------------
[INFO] 
[INFO] --- maven-enforcer-plugin:1.0:enforce (enforce-maven) @ converter-gson ---
[INFO] 
[INFO] --- maven-resources-plugin:2.6:resources (default-resources) @ converter-gson ---
[INFO] Using 'UTF-8' encoding to copy filtered resources.
[INFO] skip non existing resourceDirectory /home/travis/build/square/retrofit/retrofit-converters/gson/src/main/resources
[INFO] 
[INFO] --- maven-compiler-plugin:3.0:compile (default-compile) @ converter-gson ---
[INFO] Changes detected - recompiling the module!
[INFO] Compiling 3 source files to /home/travis/build/square/retrofit/retrofit-converters/gson/target/classes
[INFO] 
[INFO] --- maven-resources-plugin:2.6:testResources (default-testResources) @ converter-gson ---
[INFO] Using 'UTF-8' encoding to copy filtered resources.
[INFO] skip non existing resourceDirectory /home/travis/build/square/retrofit/retrofit-converters/gson/src/test/resources
[INFO] 
[INFO] --- maven-compiler-plugin:3.0:testCompile (default-testCompile) @ converter-gson ---
[INFO] Changes detected - recompiling the module!
[INFO] Compiling 1 source file to /home/travis/build/square/retrofit/retrofit-converters/gson/target/test-classes
[INFO] 
[INFO] --- maven-surefire-plugin:2.12.4:test (default-test) @ converter-gson ---
[INFO] Surefire report directory: /home/travis/build/square/retrofit/retrofit-converters/gson/target/surefire-reports

-------------------------------------------------------
 T E S T S
-------------------------------------------------------
Running retrofit2.converter.gson.GsonConverterFactoryTest
Jun 06, 2016 5:54:20 AM okhttp3.mockwebserver.MockWebServer$3 execute
INFO: MockWebServer[49624] starting to accept connections
Jun 06, 2016 5:54:21 AM okhttp3.mockwebserver.MockWebServer$4 processOneRequest
INFO: MockWebServer[49624] received request: POST / HTTP/1.1 and responded: HTTP/1.1 200 OK
Jun 06, 2016 5:54:21 AM okhttp3.mockwebserver.MockWebServer$3 acceptConnections
INFO: MockWebServer[49624] done accepting connections: Socket closed
Jun 06, 2016 5:54:21 AM okhttp3.mockwebserver.MockWebServer$3 execute
INFO: MockWebServer[49551] starting to accept connections
Jun 06, 2016 5:54:21 AM okhttp3.mockwebserver.MockWebServer$3 acceptConnections
INFO: MockWebServer[49551] done accepting connections: Socket closed
Jun 06, 2016 5:54:21 AM okhttp3.mockwebserver.MockWebServer$4 processOneRequest
INFO: MockWebServer[49551] received request: POST / HTTP/1.1 and responded: HTTP/1.1 200 OK
Jun 06, 2016 5:54:21 AM okhttp3.mockwebserver.MockWebServer$3 execute
INFO: MockWebServer[57806] starting to accept connections
Jun 06, 2016 5:54:21 AM okhttp3.mockwebserver.MockWebServer$3 acceptConnections
INFO: MockWebServer[57806] done accepting connections: Socket closed
Jun 06, 2016 5:54:21 AM okhttp3.mockwebserver.MockWebServer$4 processOneRequest
INFO: MockWebServer[57806] received request: POST / HTTP/1.1 and responded: HTTP/1.1 200 OK
Jun 06, 2016 5:54:21 AM okhttp3.mockwebserver.MockWebServer$3 execute
INFO: MockWebServer[33411] starting to accept connections
Jun 06, 2016 5:54:21 AM okhttp3.mockwebserver.MockWebServer$3 acceptConnections
INFO: MockWebServer[33411] done accepting connections: Socket closed
Jun 06, 2016 5:54:21 AM okhttp3.mockwebserver.MockWebServer$4 processOneRequest
INFO: MockWebServer[33411] received request: POST / HTTP/1.1 and responded: HTTP/1.1 200 OK
Tests run: 4, Failures: 0, Errors: 0, Skipped: 0, Time elapsed: 0.764 sec

Results :

Tests run: 4, Failures: 0, Errors: 0, Skipped: 0

[INFO] 
[INFO] --- animal-sniffer-maven-plugin:1.14:check (default) @ converter-gson ---
[INFO] Checking unresolved references to org.codehaus.mojo.signature:java16:1.1
[INFO]                                                                         
[INFO] ------------------------------------------------------------------------
[INFO] Building Converter: Protocol Buffers 2.0.3-SNAPSHOT
[INFO] ------------------------------------------------------------------------
[INFO] 
[INFO] --- maven-enforcer-plugin:1.0:enforce (enforce-maven) @ converter-protobuf ---
[INFO] 
[INFO] --- maven-resources-plugin:2.6:resources (default-resources) @ converter-protobuf ---
[INFO] Using 'UTF-8' encoding to copy filtered resources.
[INFO] skip non existing resourceDirectory /home/travis/build/square/retrofit/retrofit-converters/protobuf/src/main/resources
[INFO] 
[INFO] --- maven-compiler-plugin:3.0:compile (default-compile) @ converter-protobuf ---
[INFO] Changes detected - recompiling the module!
[INFO] Compiling 3 source files to /home/travis/build/square/retrofit/retrofit-converters/protobuf/target/classes
[WARNING] /home/travis/build/square/retrofit/retrofit-converters/protobuf/src/main/java/retrofit2/converter/protobuf/ProtoConverterFactory.java: /home/travis/build/square/retrofit/retrofit-converters/protobuf/src/main/java/retrofit2/converter/protobuf/ProtoConverterFactory.java uses unchecked or unsafe operations.
[WARNING] /home/travis/build/square/retrofit/retrofit-converters/protobuf/src/main/java/retrofit2/converter/protobuf/ProtoConverterFactory.java: Recompile with -Xlint:unchecked for details.
[INFO] 
[INFO] --- maven-resources-plugin:2.6:testResources (default-testResources) @ converter-protobuf ---
[INFO] Using 'UTF-8' encoding to copy filtered resources.
[INFO] skip non existing resourceDirectory /home/travis/build/square/retrofit/retrofit-converters/protobuf/src/test/resources
[INFO] 
[INFO] --- maven-compiler-plugin:3.0:testCompile (default-testCompile) @ converter-protobuf ---
[INFO] Changes detected - recompiling the module!
[INFO] Compiling 2 source files to /home/travis/build/square/retrofit/retrofit-converters/protobuf/target/test-classes
[INFO] 
[INFO] --- maven-surefire-plugin:2.12.4:test (default-test) @ converter-protobuf ---
[INFO] Surefire report directory: /home/travis/build/square/retrofit/retrofit-converters/protobuf/target/surefire-reports

-------------------------------------------------------
 T E S T S
-------------------------------------------------------
Running retrofit2.converter.protobuf.ProtoConverterFactoryTest
Jun 06, 2016 5:54:22 AM okhttp3.mockwebserver.MockWebServer$3 execute
INFO: MockWebServer[46913] starting to accept connections
Jun 06, 2016 5:54:22 AM okhttp3.mockwebserver.MockWebServer$4 processOneRequest
INFO: MockWebServer[46913] received request: POST / HTTP/1.1 and responded: HTTP/1.1 200 OK
Jun 06, 2016 5:54:22 AM okhttp3.mockwebserver.MockWebServer$3 acceptConnections
INFO: MockWebServer[46913] done accepting connections: Socket closed
Jun 06, 2016 5:54:22 AM okhttp3.mockwebserver.MockWebServer$3 execute
INFO: MockWebServer[34002] starting to accept connections
Jun 06, 2016 5:54:22 AM okhttp3.mockwebserver.MockWebServer$3 acceptConnections
INFO: MockWebServer[34002] done accepting connections: Socket closed
Jun 06, 2016 5:54:22 AM okhttp3.mockwebserver.MockWebServer$3 execute
INFO: MockWebServer[43487] starting to accept connections
Jun 06, 2016 5:54:22 AM okhttp3.mockwebserver.MockWebServer$3 acceptConnections
INFO: MockWebServer[43487] done accepting connections: Socket closed
Jun 06, 2016 5:54:22 AM okhttp3.mockwebserver.MockWebServer$4 processOneRequest
INFO: MockWebServer[43487] received request: GET / HTTP/1.1 and responded: HTTP/1.1 200 OK
Jun 06, 2016 5:54:22 AM okhttp3.mockwebserver.MockWebServer$3 execute
INFO: MockWebServer[44108] starting to accept connections
Jun 06, 2016 5:54:22 AM okhttp3.mockwebserver.MockWebServer$3 acceptConnections
INFO: MockWebServer[44108] done accepting connections: Socket closed
Jun 06, 2016 5:54:22 AM okhttp3.mockwebserver.MockWebServer$4 processOneRequest
INFO: MockWebServer[44108] received request: GET / HTTP/1.1 and responded: HTTP/1.1 200 OK
Jun 06, 2016 5:54:22 AM okhttp3.mockwebserver.MockWebServer$3 execute
INFO: MockWebServer[51189] starting to accept connections
Jun 06, 2016 5:54:22 AM okhttp3.mockwebserver.MockWebServer$3 acceptConnections
INFO: MockWebServer[51189] done accepting connections: Socket is closed
Jun 06, 2016 5:54:22 AM okhttp3.mockwebserver.MockWebServer$3 execute
INFO: MockWebServer[41028] starting to accept connections
Jun 06, 2016 5:54:22 AM okhttp3.mockwebserver.MockWebServer$3 acceptConnections
INFO: MockWebServer[41028] done accepting connections: Socket closed
Jun 06, 2016 5:54:22 AM okhttp3.mockwebserver.MockWebServer$4 processOneRequest
INFO: MockWebServer[41028] received request: GET / HTTP/1.1 and responded: HTTP/1.1 200 OK
Tests run: 6, Failures: 0, Errors: 0, Skipped: 0, Time elapsed: 0.884 sec

Results :

Tests run: 6, Failures: 0, Errors: 0, Skipped: 0

[INFO] 
[INFO] --- animal-sniffer-maven-plugin:1.14:check (default) @ converter-protobuf ---
[INFO] Checking unresolved references to org.codehaus.mojo.signature:java16:1.1
[INFO]                                                                         
[INFO] ------------------------------------------------------------------------
[INFO] Building Converter: Jackson 2.0.3-SNAPSHOT
[INFO] ------------------------------------------------------------------------
[INFO] 
[INFO] --- maven-enforcer-plugin:1.0:enforce (enforce-maven) @ converter-jackson ---
[INFO] 
[INFO] --- maven-resources-plugin:2.6:resources (default-resources) @ converter-jackson ---
[INFO] Using 'UTF-8' encoding to copy filtered resources.
[INFO] skip non existing resourceDirectory /home/travis/build/square/retrofit/retrofit-converters/jackson/src/main/resources
[INFO] 
[INFO] --- maven-compiler-plugin:3.0:compile (default-compile) @ converter-jackson ---
[INFO] Changes detected - recompiling the module!
[INFO] Compiling 3 source files to /home/travis/build/square/retrofit/retrofit-converters/jackson/target/classes
[WARNING] /home/travis/build/square/retrofit/retrofit-converters/jackson/src/main/java/retrofit2/converter/jackson/JacksonConverterFactory.java: /home/travis/build/square/retrofit/retrofit-converters/jackson/src/main/java/retrofit2/converter/jackson/JacksonConverterFactory.java uses or overrides a deprecated API.
[WARNING] /home/travis/build/square/retrofit/retrofit-converters/jackson/src/main/java/retrofit2/converter/jackson/JacksonConverterFactory.java: Recompile with -Xlint:deprecation for details.
[INFO] 
[INFO] --- maven-resources-plugin:2.6:testResources (default-testResources) @ converter-jackson ---
[INFO] Using 'UTF-8' encoding to copy filtered resources.
[INFO] skip non existing resourceDirectory /home/travis/build/square/retrofit/retrofit-converters/jackson/src/test/resources
[INFO] 
[INFO] --- maven-compiler-plugin:3.0:testCompile (default-testCompile) @ converter-jackson ---
[INFO] Changes detected - recompiling the module!
[INFO] Compiling 1 source file to /home/travis/build/square/retrofit/retrofit-converters/jackson/target/test-classes
[WARNING] /home/travis/build/square/retrofit/retrofit-converters/jackson/src/test/java/retrofit2/converter/jackson/JacksonConverterFactoryTest.java: /home/travis/build/square/retrofit/retrofit-converters/jackson/src/test/java/retrofit2/converter/jackson/JacksonConverterFactoryTest.java uses or overrides a deprecated API.
[WARNING] /home/travis/build/square/retrofit/retrofit-converters/jackson/src/test/java/retrofit2/converter/jackson/JacksonConverterFactoryTest.java: Recompile with -Xlint:deprecation for details.
[INFO] 
[INFO] --- maven-surefire-plugin:2.12.4:test (default-test) @ converter-jackson ---
[INFO] Surefire report directory: /home/travis/build/square/retrofit/retrofit-converters/jackson/target/surefire-reports

-------------------------------------------------------
 T E S T S
-------------------------------------------------------
Running retrofit2.converter.jackson.JacksonConverterFactoryTest
Jun 06, 2016 5:54:23 AM okhttp3.mockwebserver.MockWebServer$3 execute
INFO: MockWebServer[58788] starting to accept connections
Jun 06, 2016 5:54:25 AM okhttp3.mockwebserver.MockWebServer$4 processOneRequest
INFO: MockWebServer[58788] received request: POST / HTTP/1.1 and responded: HTTP/1.1 200 OK
Jun 06, 2016 5:54:25 AM okhttp3.mockwebserver.MockWebServer$3 acceptConnections
INFO: MockWebServer[58788] done accepting connections: Socket closed
Jun 06, 2016 5:54:25 AM okhttp3.mockwebserver.MockWebServer$3 execute
INFO: MockWebServer[52687] starting to accept connections
Jun 06, 2016 5:54:25 AM okhttp3.mockwebserver.MockWebServer$4 processOneRequest
INFO: MockWebServer[52687] received request: POST / HTTP/1.1 and responded: HTTP/1.1 200 OK
Jun 06, 2016 5:54:25 AM okhttp3.mockwebserver.MockWebServer$3 acceptConnections
INFO: MockWebServer[52687] done accepting connections: Socket closed
Tests run: 2, Failures: 0, Errors: 0, Skipped: 0, Time elapsed: 1.974 sec

Results :

Tests run: 2, Failures: 0, Errors: 0, Skipped: 0

[INFO] 
[INFO] --- animal-sniffer-maven-plugin:1.14:check (default) @ converter-jackson ---
[INFO] Checking unresolved references to org.codehaus.mojo.signature:java16:1.1
[INFO]                                                                         
[INFO] ------------------------------------------------------------------------
[INFO] Building Converter: Wire Protocol Buffers 2.0.3-SNAPSHOT
[INFO] ------------------------------------------------------------------------
[INFO] 
[INFO] --- maven-enforcer-plugin:1.0:enforce (enforce-maven) @ converter-wire ---
[INFO] 
[INFO] --- maven-resources-plugin:2.6:resources (default-resources) @ converter-wire ---
[INFO] Using 'UTF-8' encoding to copy filtered resources.
[INFO] skip non existing resourceDirectory /home/travis/build/square/retrofit/retrofit-converters/wire/src/main/resources
[INFO] 
[INFO] --- maven-compiler-plugin:3.0:compile (default-compile) @ converter-wire ---
[INFO] Changes detected - recompiling the module!
[INFO] Compiling 3 source files to /home/travis/build/square/retrofit/retrofit-converters/wire/target/classes
[WARNING] /home/travis/build/square/retrofit/retrofit-converters/wire/src/main/java/retrofit2/converter/wire/WireConverterFactory.java: /home/travis/build/square/retrofit/retrofit-converters/wire/src/main/java/retrofit2/converter/wire/WireConverterFactory.java uses unchecked or unsafe operations.
[WARNING] /home/travis/build/square/retrofit/retrofit-converters/wire/src/main/java/retrofit2/converter/wire/WireConverterFactory.java: Recompile with -Xlint:unchecked for details.
[INFO] 
[INFO] --- maven-resources-plugin:2.6:testResources (default-testResources) @ converter-wire ---
[INFO] Using 'UTF-8' encoding to copy filtered resources.
[INFO] skip non existing resourceDirectory /home/travis/build/square/retrofit/retrofit-converters/wire/src/test/resources
[INFO] 
[INFO] --- maven-compiler-plugin:3.0:testCompile (default-testCompile) @ converter-wire ---
[INFO] Changes detected - recompiling the module!
[INFO] Compiling 2 source files to /home/travis/build/square/retrofit/retrofit-converters/wire/target/test-classes
[INFO] 
[INFO] --- maven-surefire-plugin:2.12.4:test (default-test) @ converter-wire ---
[INFO] Surefire report directory: /home/travis/build/square/retrofit/retrofit-converters/wire/target/surefire-reports

-------------------------------------------------------
 T E S T S
-------------------------------------------------------
Running retrofit2.converter.wire.WireConverterFactoryTest
Jun 06, 2016 5:54:26 AM okhttp3.mockwebserver.MockWebServer$3 execute
INFO: MockWebServer[46945] starting to accept connections
Jun 06, 2016 5:54:27 AM okhttp3.mockwebserver.MockWebServer$4 processOneRequest
INFO: MockWebServer[46945] received request: POST / HTTP/1.1 and responded: HTTP/1.1 200 OK
Jun 06, 2016 5:54:27 AM okhttp3.mockwebserver.MockWebServer$3 acceptConnections
INFO: MockWebServer[46945] done accepting connections: Socket closed
Jun 06, 2016 5:54:27 AM okhttp3.mockwebserver.MockWebServer$3 execute
INFO: MockWebServer[45812] starting to accept connections
Jun 06, 2016 5:54:27 AM okhttp3.mockwebserver.MockWebServer$3 acceptConnections
INFO: MockWebServer[45812] done accepting connections: Socket is closed
Jun 06, 2016 5:54:27 AM okhttp3.mockwebserver.MockWebServer$3 execute
INFO: MockWebServer[43751] starting to accept connections
Jun 06, 2016 5:54:27 AM okhttp3.mockwebserver.MockWebServer$3 acceptConnections
INFO: MockWebServer[43751] done accepting connections: Socket closed
Jun 06, 2016 5:54:27 AM okhttp3.mockwebserver.MockWebServer$4 processOneRequest
INFO: MockWebServer[43751] received request: GET / HTTP/1.1 and responded: HTTP/1.1 200 OK
Jun 06, 2016 5:54:27 AM okhttp3.mockwebserver.MockWebServer$3 execute
INFO: MockWebServer[54807] starting to accept connections
Jun 06, 2016 5:54:27 AM okhttp3.mockwebserver.MockWebServer$3 acceptConnections
INFO: MockWebServer[54807] done accepting connections: Socket is closed
Jun 06, 2016 5:54:27 AM okhttp3.mockwebserver.MockWebServer$3 execute
INFO: MockWebServer[33159] starting to accept connections
Jun 06, 2016 5:54:27 AM okhttp3.mockwebserver.MockWebServer$4 processOneRequest
INFO: MockWebServer[33159] received request: GET / HTTP/1.1 and responded: HTTP/1.1 200 OK
Jun 06, 2016 5:54:27 AM okhttp3.mockwebserver.MockWebServer$3 acceptConnections
INFO: MockWebServer[33159] done accepting connections: Socket closed
Tests run: 5, Failures: 0, Errors: 0, Skipped: 0, Time elapsed: 0.787 sec

Results :

Tests run: 5, Failures: 0, Errors: 0, Skipped: 0

[INFO] 
[INFO] --- animal-sniffer-maven-plugin:1.14:check (default) @ converter-wire ---
[INFO] Checking unresolved references to org.codehaus.mojo.signature:java16:1.1
[INFO]                                                                         
[INFO] ------------------------------------------------------------------------
[INFO] Building Converter: SimpleXML 2.0.3-SNAPSHOT
[INFO] ------------------------------------------------------------------------
[INFO] 
[INFO] --- maven-enforcer-plugin:1.0:enforce (enforce-maven) @ converter-simplexml ---
[INFO] 
[INFO] --- maven-resources-plugin:2.6:resources (default-resources) @ converter-simplexml ---
[INFO] Using 'UTF-8' encoding to copy filtered resources.
[INFO] skip non existing resourceDirectory /home/travis/build/square/retrofit/retrofit-converters/simplexml/src/main/resources
[INFO] 
[INFO] --- maven-compiler-plugin:3.0:compile (default-compile) @ converter-simplexml ---
[INFO] Changes detected - recompiling the module!
[INFO] Compiling 3 source files to /home/travis/build/square/retrofit/retrofit-converters/simplexml/target/classes
[INFO] 
[INFO] --- maven-resources-plugin:2.6:testResources (default-testResources) @ converter-simplexml ---
[INFO] Using 'UTF-8' encoding to copy filtered resources.
[INFO] skip non existing resourceDirectory /home/travis/build/square/retrofit/retrofit-converters/simplexml/src/test/resources
[INFO] 
[INFO] --- maven-compiler-plugin:3.0:testCompile (default-testCompile) @ converter-simplexml ---
[INFO] Changes detected - recompiling the module!
[INFO] Compiling 2 source files to /home/travis/build/square/retrofit/retrofit-converters/simplexml/target/test-classes
[INFO] 
[INFO] --- maven-surefire-plugin:2.12.4:test (default-test) @ converter-simplexml ---
[INFO] Surefire report directory: /home/travis/build/square/retrofit/retrofit-converters/simplexml/target/surefire-reports

-------------------------------------------------------
 T E S T S
-------------------------------------------------------
Running retrofit2.converter.simplexml.SimpleXmlConverterFactoryTest
Jun 06, 2016 5:54:28 AM okhttp3.mockwebserver.MockWebServer$3 execute
INFO: MockWebServer[33437] starting to accept connections
Jun 06, 2016 5:54:29 AM okhttp3.mockwebserver.MockWebServer$4 processOneRequest
INFO: MockWebServer[33437] received request: GET / HTTP/1.1 and responded: HTTP/1.1 200 OK
Jun 06, 2016 5:54:31 AM okhttp3.mockwebserver.MockWebServer$3 acceptConnections
INFO: MockWebServer[33437] done accepting connections: Socket closed
Jun 06, 2016 5:54:31 AM okhttp3.mockwebserver.MockWebServer$3 execute
INFO: MockWebServer[54636] starting to accept connections
Jun 06, 2016 5:54:31 AM okhttp3.mockwebserver.MockWebServer$4 processOneRequest
INFO: MockWebServer[54636] received request: GET / HTTP/1.1 and responded: HTTP/1.1 200 OK
Jun 06, 2016 5:54:31 AM okhttp3.mockwebserver.MockWebServer$3 acceptConnections
INFO: MockWebServer[54636] done accepting connections: Socket closed
Jun 06, 2016 5:54:31 AM okhttp3.mockwebserver.MockWebServer$3 execute
INFO: MockWebServer[44728] starting to accept connections
Jun 06, 2016 5:54:31 AM okhttp3.mockwebserver.MockWebServer$3 acceptConnections
INFO: MockWebServer[44728] done accepting connections: Socket closed
Jun 06, 2016 5:54:31 AM okhttp3.mockwebserver.MockWebServer$4 processOneRequest
INFO: MockWebServer[44728] received request: GET / HTTP/1.1 and responded: HTTP/1.1 200 OK
Jun 06, 2016 5:54:31 AM okhttp3.mockwebserver.MockWebServer$3 execute
INFO: MockWebServer[59969] starting to accept connections
Jun 06, 2016 5:54:31 AM okhttp3.mockwebserver.MockWebServer$3 acceptConnections
INFO: MockWebServer[59969] done accepting connections: Socket closed
Jun 06, 2016 5:54:31 AM okhttp3.mockwebserver.MockWebServer$4 processOneRequest
INFO: MockWebServer[59969] received request: POST / HTTP/1.1 and responded: HTTP/1.1 200 OK
Tests run: 4, Failures: 0, Errors: 0, Skipped: 0, Time elapsed: 3.616 sec

Results :

Tests run: 4, Failures: 0, Errors: 0, Skipped: 0

[INFO] 
[INFO] --- animal-sniffer-maven-plugin:1.14:check (default) @ converter-simplexml ---
[INFO] Checking unresolved references to org.codehaus.mojo.signature:java16:1.1
[INFO]                                                                         
[INFO] ------------------------------------------------------------------------
[INFO] Building Converter: Java Scalars 2.0.3-SNAPSHOT
[INFO] ------------------------------------------------------------------------
[INFO] 
[INFO] --- maven-enforcer-plugin:1.0:enforce (enforce-maven) @ converter-scalars ---
[INFO] 
[INFO] --- maven-resources-plugin:2.6:resources (default-resources) @ converter-scalars ---
[INFO] Using 'UTF-8' encoding to copy filtered resources.
[INFO] skip non existing resourceDirectory /home/travis/build/square/retrofit/retrofit-converters/scalars/src/main/resources
[INFO] 
[INFO] --- maven-compiler-plugin:3.0:compile (default-compile) @ converter-scalars ---
[INFO] Changes detected - recompiling the module!
[INFO] Compiling 3 source files to /home/travis/build/square/retrofit/retrofit-converters/scalars/target/classes
[INFO] 
[INFO] --- maven-resources-plugin:2.6:testResources (default-testResources) @ converter-scalars ---
[INFO] Using 'UTF-8' encoding to copy filtered resources.
[INFO] skip non existing resourceDirectory /home/travis/build/square/retrofit/retrofit-converters/scalars/src/test/resources
[INFO] 
[INFO] --- maven-compiler-plugin:3.0:testCompile (default-testCompile) @ converter-scalars ---
[INFO] Changes detected - recompiling the module!
[INFO] Compiling 2 source files to /home/travis/build/square/retrofit/retrofit-converters/scalars/target/test-classes
[INFO] 
[INFO] --- maven-surefire-plugin:2.12.4:test (default-test) @ converter-scalars ---
[INFO] Surefire report directory: /home/travis/build/square/retrofit/retrofit-converters/scalars/target/surefire-reports

-------------------------------------------------------
 T E S T S
-------------------------------------------------------
Running retrofit2.converter.scalars.ScalarsConverterFactoryTest
Jun 06, 2016 5:54:33 AM okhttp3.mockwebserver.MockWebServer$3 execute
INFO: MockWebServer[35567] starting to accept connections
Jun 06, 2016 5:54:33 AM okhttp3.mockwebserver.MockWebServer$3 acceptConnections
INFO: MockWebServer[35567] done accepting connections: Socket closed
Jun 06, 2016 5:54:33 AM okhttp3.mockwebserver.MockWebServer$3 execute
INFO: MockWebServer[49803] starting to accept connections
Jun 06, 2016 5:54:33 AM okhttp3.mockwebserver.MockWebServer$4 processOneRequest
INFO: MockWebServer[49803] received request: GET / HTTP/1.1 and responded: HTTP/1.1 200 OK
Jun 06, 2016 5:54:34 AM okhttp3.mockwebserver.MockWebServer$4 processOneRequest
INFO: MockWebServer[49803] received request: GET / HTTP/1.1 and responded: HTTP/1.1 200 OK
Jun 06, 2016 5:54:34 AM okhttp3.mockwebserver.MockWebServer$4 processOneRequest
INFO: MockWebServer[49803] received request: GET / HTTP/1.1 and responded: HTTP/1.1 200 OK
Jun 06, 2016 5:54:34 AM okhttp3.mockwebserver.MockWebServer$4 processOneRequest
INFO: MockWebServer[49803] received request: GET / HTTP/1.1 and responded: HTTP/1.1 200 OK
Jun 06, 2016 5:54:34 AM okhttp3.mockwebserver.MockWebServer$4 processOneRequest
INFO: MockWebServer[49803] received request: GET / HTTP/1.1 and responded: HTTP/1.1 200 OK
Jun 06, 2016 5:54:34 AM okhttp3.mockwebserver.MockWebServer$4 processOneRequest
INFO: MockWebServer[49803] received request: GET / HTTP/1.1 and responded: HTTP/1.1 200 OK
Jun 06, 2016 5:54:34 AM okhttp3.mockwebserver.MockWebServer$4 processOneRequest
INFO: MockWebServer[49803] received request: GET / HTTP/1.1 and responded: HTTP/1.1 200 OK
Jun 06, 2016 5:54:34 AM okhttp3.mockwebserver.MockWebServer$4 processOneRequest
INFO: MockWebServer[49803] received request: GET / HTTP/1.1 and responded: HTTP/1.1 200 OK
Jun 06, 2016 5:54:34 AM okhttp3.mockwebserver.MockWebServer$4 processOneRequest
INFO: MockWebServer[49803] received request: GET / HTTP/1.1 and responded: HTTP/1.1 200 OK
Jun 06, 2016 5:54:34 AM okhttp3.mockwebserver.MockWebServer$4 processOneRequest
INFO: MockWebServer[49803] received request: GET / HTTP/1.1 and responded: HTTP/1.1 200 OK
Jun 06, 2016 5:54:34 AM okhttp3.mockwebserver.MockWebServer$4 processOneRequest
INFO: MockWebServer[49803] received request: GET / HTTP/1.1 and responded: HTTP/1.1 200 OK
Jun 06, 2016 5:54:34 AM okhttp3.mockwebserver.MockWebServer$3 acceptConnections
INFO: MockWebServer[49803] done accepting connections: Socket closed
Jun 06, 2016 5:54:34 AM okhttp3.mockwebserver.MockWebServer$3 execute
INFO: MockWebServer[56904] starting to accept connections
Jun 06, 2016 5:54:34 AM okhttp3.mockwebserver.MockWebServer$4 processOneRequest
INFO: MockWebServer[56904] received request: POST / HTTP/1.1 and responded: HTTP/1.1 200 OK
Jun 06, 2016 5:54:34 AM okhttp3.mockwebserver.MockWebServer$4 processOneRequest
INFO: MockWebServer[56904] received request: POST / HTTP/1.1 and responded: HTTP/1.1 200 OK
Jun 06, 2016 5:54:34 AM okhttp3.mockwebserver.MockWebServer$4 processOneRequest
INFO: MockWebServer[56904] received request: POST / HTTP/1.1 and responded: HTTP/1.1 200 OK
Jun 06, 2016 5:54:34 AM okhttp3.mockwebserver.MockWebServer$4 processOneRequest
INFO: MockWebServer[56904] received request: POST / HTTP/1.1 and responded: HTTP/1.1 200 OK
Jun 06, 2016 5:54:34 AM okhttp3.mockwebserver.MockWebServer$4 processOneRequest
INFO: MockWebServer[56904] received request: POST / HTTP/1.1 and responded: HTTP/1.1 200 OK
Jun 06, 2016 5:54:34 AM okhttp3.mockwebserver.MockWebServer$4 processOneRequest
INFO: MockWebServer[56904] received request: POST / HTTP/1.1 and responded: HTTP/1.1 200 OK
Jun 06, 2016 5:54:34 AM okhttp3.mockwebserver.MockWebServer$4 processOneRequest
INFO: MockWebServer[56904] received request: POST / HTTP/1.1 and responded: HTTP/1.1 200 OK
Jun 06, 2016 5:54:34 AM okhttp3.mockwebserver.MockWebServer$4 processOneRequest
INFO: MockWebServer[56904] received request: POST / HTTP/1.1 and responded: HTTP/1.1 200 OK
Jun 06, 2016 5:54:34 AM okhttp3.mockwebserver.MockWebServer$4 processOneRequest
INFO: MockWebServer[56904] received request: POST / HTTP/1.1 and responded: HTTP/1.1 200 OK
Jun 06, 2016 5:54:34 AM okhttp3.mockwebserver.MockWebServer$4 processOneRequest
INFO: MockWebServer[56904] received request: POST / HTTP/1.1 and responded: HTTP/1.1 200 OK
Jun 06, 2016 5:54:34 AM okhttp3.mockwebserver.MockWebServer$4 processOneRequest
INFO: MockWebServer[56904] received request: POST / HTTP/1.1 and responded: HTTP/1.1 200 OK
Jun 06, 2016 5:54:34 AM okhttp3.mockwebserver.MockWebServer$4 processOneRequest
INFO: MockWebServer[56904] received request: POST / HTTP/1.1 and responded: HTTP/1.1 200 OK
Jun 06, 2016 5:54:34 AM okhttp3.mockwebserver.MockWebServer$4 processOneRequest
INFO: MockWebServer[56904] received request: POST / HTTP/1.1 and responded: HTTP/1.1 200 OK
Jun 06, 2016 5:54:34 AM okhttp3.mockwebserver.MockWebServer$4 processOneRequest
INFO: MockWebServer[56904] received request: POST / HTTP/1.1 and responded: HTTP/1.1 200 OK
Jun 06, 2016 5:54:34 AM okhttp3.mockwebserver.MockWebServer$4 processOneRequest
INFO: MockWebServer[56904] received request: POST / HTTP/1.1 and responded: HTTP/1.1 200 OK
Jun 06, 2016 5:54:34 AM okhttp3.mockwebserver.MockWebServer$4 processOneRequest
INFO: MockWebServer[56904] received request: POST / HTTP/1.1 and responded: HTTP/1.1 200 OK
Jun 06, 2016 5:54:34 AM okhttp3.mockwebserver.MockWebServer$4 processOneRequest
INFO: MockWebServer[56904] received request: POST / HTTP/1.1 and responded: HTTP/1.1 200 OK
Jun 06, 2016 5:54:34 AM okhttp3.mockwebserver.MockWebServer$3 acceptConnections
INFO: MockWebServer[56904] done accepting connections: Socket closed
Jun 06, 2016 5:54:34 AM okhttp3.mockwebserver.MockWebServer$3 execute
INFO: MockWebServer[54902] starting to accept connections
Jun 06, 2016 5:54:34 AM okhttp3.mockwebserver.MockWebServer$3 acceptConnections
INFO: MockWebServer[54902] done accepting connections: Socket closed
Tests run: 4, Failures: 0, Errors: 0, Skipped: 0, Time elapsed: 1.507 sec
Running retrofit2.converter.scalars.ScalarsConverterPrimitivesFactoryTest
Jun 06, 2016 5:54:34 AM okhttp3.mockwebserver.MockWebServer$3 execute
INFO: MockWebServer[42528] starting to accept connections
Jun 06, 2016 5:54:34 AM okhttp3.mockwebserver.MockWebServer$4 processOneRequest
INFO: MockWebServer[42528] received request: GET / HTTP/1.1 and responded: HTTP/1.1 200 OK
Jun 06, 2016 5:54:34 AM okhttp3.mockwebserver.MockWebServer$4 processOneRequest
INFO: MockWebServer[42528] received request: GET / HTTP/1.1 and responded: HTTP/1.1 200 OK
Jun 06, 2016 5:54:34 AM okhttp3.mockwebserver.MockWebServer$4 processOneRequest
INFO: MockWebServer[42528] received request: GET / HTTP/1.1 and responded: HTTP/1.1 200 OK
Jun 06, 2016 5:54:34 AM okhttp3.mockwebserver.MockWebServer$4 processOneRequest
INFO: MockWebServer[42528] received request: GET / HTTP/1.1 and responded: HTTP/1.1 200 OK
Jun 06, 2016 5:54:34 AM okhttp3.mockwebserver.MockWebServer$4 processOneRequest
INFO: MockWebServer[42528] received request: GET / HTTP/1.1 and responded: HTTP/1.1 200 OK
Jun 06, 2016 5:54:34 AM okhttp3.mockwebserver.MockWebServer$4 processOneRequest
INFO: MockWebServer[42528] received request: GET / HTTP/1.1 and responded: HTTP/1.1 200 OK
Jun 06, 2016 5:54:34 AM okhttp3.mockwebserver.MockWebServer$4 processOneRequest
INFO: MockWebServer[42528] received request: GET / HTTP/1.1 and responded: HTTP/1.1 200 OK
Jun 06, 2016 5:54:34 AM okhttp3.mockwebserver.MockWebServer$4 processOneRequest
INFO: MockWebServer[42528] received request: GET / HTTP/1.1 and responded: HTTP/1.1 200 OK
Jun 06, 2016 5:54:34 AM okhttp3.mockwebserver.MockWebServer$4 processOneRequest
INFO: MockWebServer[42528] received request: GET / HTTP/1.1 and responded: HTTP/1.1 200 OK
Jun 06, 2016 5:54:34 AM okhttp3.mockwebserver.MockWebServer$4 processOneRequest
INFO: MockWebServer[42528] received request: GET / HTTP/1.1 and responded: HTTP/1.1 200 OK
Jun 06, 2016 5:54:34 AM okhttp3.mockwebserver.MockWebServer$3 acceptConnections
INFO: MockWebServer[42528] done accepting connections: Socket closed
Tests run: 1, Failures: 0, Errors: 0, Skipped: 0, Time elapsed: 0.348 sec

Results :

Tests run: 5, Failures: 0, Errors: 0, Skipped: 0

[INFO] 
[INFO] --- animal-sniffer-maven-plugin:1.14:check (default) @ converter-scalars ---
[INFO] Checking unresolved references to org.codehaus.mojo.signature:java16:1.1
[INFO]                                                                         
[INFO] ------------------------------------------------------------------------
[INFO] Building Converter: Moshi 2.0.3-SNAPSHOT
[INFO] ------------------------------------------------------------------------
[INFO] 
[INFO] --- maven-enforcer-plugin:1.0:enforce (enforce-maven) @ converter-moshi ---
[INFO] 
[INFO] --- maven-resources-plugin:2.6:resources (default-resources) @ converter-moshi ---
[INFO] Using 'UTF-8' encoding to copy filtered resources.
[INFO] skip non existing resourceDirectory /home/travis/build/square/retrofit/retrofit-converters/moshi/src/main/resources
[INFO] 
[INFO] --- maven-compiler-plugin:3.0:compile (default-compile) @ converter-moshi ---
[INFO] Changes detected - recompiling the module!
[INFO] Compiling 3 source files to /home/travis/build/square/retrofit/retrofit-converters/moshi/target/classes
[INFO] 
[INFO] --- maven-resources-plugin:2.6:testResources (default-testResources) @ converter-moshi ---
[INFO] Using 'UTF-8' encoding to copy filtered resources.
[INFO] skip non existing resourceDirectory /home/travis/build/square/retrofit/retrofit-converters/moshi/src/test/resources
[INFO] 
[INFO] --- maven-compiler-plugin:3.0:testCompile (default-testCompile) @ converter-moshi ---
[INFO] Changes detected - recompiling the module!
[INFO] Compiling 1 source file to /home/travis/build/square/retrofit/retrofit-converters/moshi/target/test-classes
[INFO] 
[INFO] --- maven-surefire-plugin:2.12.4:test (default-test) @ converter-moshi ---
[INFO] Surefire report directory: /home/travis/build/square/retrofit/retrofit-converters/moshi/target/surefire-reports

-------------------------------------------------------
 T E S T S
-------------------------------------------------------
Running retrofit2.converter.moshi.MoshiConverterFactoryTest
Jun 06, 2016 5:54:36 AM okhttp3.mockwebserver.MockWebServer$3 execute
INFO: MockWebServer[58439] starting to accept connections
Jun 06, 2016 5:54:37 AM okhttp3.mockwebserver.MockWebServer$4 processOneRequest
INFO: MockWebServer[58439] received request: POST / HTTP/1.1 and responded: HTTP/1.1 200 OK
Jun 06, 2016 5:54:37 AM okhttp3.mockwebserver.MockWebServer$3 acceptConnections
INFO: MockWebServer[58439] done accepting connections: Socket closed
Jun 06, 2016 5:54:37 AM okhttp3.mockwebserver.MockWebServer$3 execute
INFO: MockWebServer[46304] starting to accept connections
Jun 06, 2016 5:54:37 AM okhttp3.mockwebserver.MockWebServer$3 acceptConnections
INFO: MockWebServer[46304] done accepting connections: Socket closed
Jun 06, 2016 5:54:37 AM okhttp3.mockwebserver.MockWebServer$4 processOneRequest
INFO: MockWebServer[46304] received request: POST / HTTP/1.1 and responded: HTTP/1.1 200 OK
Jun 06, 2016 5:54:37 AM okhttp3.mockwebserver.MockWebServer$3 execute
INFO: MockWebServer[33845] starting to accept connections
Jun 06, 2016 5:54:37 AM okhttp3.mockwebserver.MockWebServer$3 acceptConnections
INFO: MockWebServer[33845] done accepting connections: Socket closed
Jun 06, 2016 5:54:37 AM okhttp3.mockwebserver.MockWebServer$4 processOneRequest
INFO: MockWebServer[33845] received request: POST / HTTP/1.1 and responded: HTTP/1.1 200 OK
Jun 06, 2016 5:54:37 AM okhttp3.mockwebserver.MockWebServer$3 execute
INFO: MockWebServer[47079] starting to accept connections
Jun 06, 2016 5:54:37 AM okhttp3.mockwebserver.MockWebServer$4 processOneRequest
INFO: MockWebServer[47079] received request: POST / HTTP/1.1 and responded: HTTP/1.1 200 OK
Jun 06, 2016 5:54:37 AM okhttp3.mockwebserver.MockWebServer$3 acceptConnections
INFO: MockWebServer[47079] done accepting connections: Socket closed
Jun 06, 2016 5:54:37 AM okhttp3.mockwebserver.MockWebServer$4 processOneRequest
INFO: MockWebServer[47079] received request: POST / HTTP/1.1 and responded: HTTP/1.1 200 OK
Tests run: 4, Failures: 0, Errors: 0, Skipped: 0, Time elapsed: 1.293 sec

Results :

Tests run: 4, Failures: 0, Errors: 0, Skipped: 0

[INFO] 
[INFO] --- animal-sniffer-maven-plugin:1.14:check (default) @ converter-moshi ---
[INFO] Checking unresolved references to org.codehaus.mojo.signature:java16:1.1
[INFO]                                                                         
[INFO] ------------------------------------------------------------------------
[INFO] Building Retrofit Mock Adapter 2.0.3-SNAPSHOT
[INFO] ------------------------------------------------------------------------
[INFO] 
[INFO] --- maven-enforcer-plugin:1.0:enforce (enforce-maven) @ retrofit-mock ---
[INFO] 
[INFO] --- maven-resources-plugin:2.6:resources (default-resources) @ retrofit-mock ---
[INFO] Using 'UTF-8' encoding to copy filtered resources.
[INFO] skip non existing resourceDirectory /home/travis/build/square/retrofit/retrofit-mock/src/main/resources
[INFO] 
[INFO] --- maven-compiler-plugin:3.0:compile (default-compile) @ retrofit-mock ---
[INFO] Changes detected - recompiling the module!
[INFO] Compiling 5 source files to /home/travis/build/square/retrofit/retrofit-mock/target/classes
[INFO] 
[INFO] --- maven-resources-plugin:2.6:testResources (default-testResources) @ retrofit-mock ---
[INFO] Using 'UTF-8' encoding to copy filtered resources.
[INFO] skip non existing resourceDirectory /home/travis/build/square/retrofit/retrofit-mock/src/test/resources
[INFO] 
[INFO] --- maven-compiler-plugin:3.0:testCompile (default-testCompile) @ retrofit-mock ---
[INFO] Changes detected - recompiling the module!
[INFO] Compiling 3 source files to /home/travis/build/square/retrofit/retrofit-mock/target/test-classes
[INFO] 
[INFO] --- maven-surefire-plugin:2.12.4:test (default-test) @ retrofit-mock ---
[INFO] Surefire report directory: /home/travis/build/square/retrofit/retrofit-mock/target/surefire-reports

-------------------------------------------------------
 T E S T S
-------------------------------------------------------
Running retrofit2.mock.BehaviorDelegateTest
Tests run: 10, Failures: 0, Errors: 0, Skipped: 0, Time elapsed: 1.798 sec
Running retrofit2.mock.MockRetrofitTest
Tests run: 8, Failures: 0, Errors: 0, Skipped: 0, Time elapsed: 0.061 sec
Running retrofit2.mock.NetworkBehaviorTest
Tests run: 6, Failures: 0, Errors: 0, Skipped: 0, Time elapsed: 0.076 sec

Results :

Tests run: 24, Failures: 0, Errors: 0, Skipped: 0

[INFO] 
[INFO] --- animal-sniffer-maven-plugin:1.14:check (default) @ retrofit-mock ---
[INFO] Checking unresolved references to org.codehaus.mojo.signature:java16:1.1
[INFO]                                                                         
[INFO] ------------------------------------------------------------------------
[INFO] Building Samples 2.0.3-SNAPSHOT
[INFO] ------------------------------------------------------------------------
[INFO] 
[INFO] --- maven-enforcer-plugin:1.0:enforce (enforce-maven) @ samples ---
[INFO] 
[INFO] --- maven-resources-plugin:2.6:resources (default-resources) @ samples ---
[INFO] Using 'UTF-8' encoding to copy filtered resources.
[INFO] skip non existing resourceDirectory /home/travis/build/square/retrofit/samples/src/main/resources
[INFO] 
[INFO] --- maven-compiler-plugin:3.0:compile (default-compile) @ samples ---
[INFO] Changes detected - recompiling the module!
[INFO] Compiling 9 source files to /home/travis/build/square/retrofit/samples/target/classes
[INFO] 
[INFO] --- maven-resources-plugin:2.6:testResources (default-testResources) @ samples ---
[INFO] Using 'UTF-8' encoding to copy filtered resources.
[INFO] skip non existing resourceDirectory /home/travis/build/square/retrofit/samples/src/test/resources
[INFO] 
[INFO] --- maven-compiler-plugin:3.0:testCompile (default-testCompile) @ samples ---
[INFO] No sources to compile
[INFO] 
[INFO] --- maven-surefire-plugin:2.12.4:test (default-test) @ samples ---
[INFO] No tests to run.
[INFO] 
[INFO] --- animal-sniffer-maven-plugin:1.14:check (default) @ samples ---
[INFO] Checking unresolved references to org.codehaus.mojo.signature:java16:1.1
[INFO] ------------------------------------------------------------------------
[INFO] Reactor Summary:
[INFO] 
[INFO] Retrofit (Parent) .................................. SUCCESS [  2.224 s]
[INFO] Retrofit ........................................... SUCCESS [ 27.997 s]
[INFO] Adapters ........................................... SUCCESS [  0.226 s]
[INFO] Adapter: Guava ..................................... SUCCESS [  2.049 s]
[INFO] Adapter: Java 8 .................................... SUCCESS [  2.484 s]
[INFO] Adapter: RxJava .................................... SUCCESS [  2.747 s]
[INFO] Converters ......................................... SUCCESS [  0.277 s]
[INFO] Converter: Gson .................................... SUCCESS [  1.656 s]
[INFO] Converter: Protocol Buffers ........................ SUCCESS [  1.788 s]
[INFO] Converter: Jackson ................................. SUCCESS [  2.849 s]
[INFO] Converter: Wire Protocol Buffers ................... SUCCESS [  1.600 s]
[INFO] Converter: SimpleXML ............................... SUCCESS [  4.582 s]
[INFO] Converter: Java Scalars ............................ SUCCESS [  2.967 s]
[INFO] Converter: Moshi ................................... SUCCESS [  2.408 s]
[INFO] Retrofit Mock Adapter .............................. SUCCESS [  3.234 s]
[INFO] Samples ............................................ SUCCESS [  1.156 s]
[INFO] ------------------------------------------------------------------------
[INFO] BUILD SUCCESS
[INFO] ------------------------------------------------------------------------
[INFO] Total time: 01:00 min
[INFO] Finished at: 2016-06-06T05:54:41+00:00
[INFO] Final Memory: 42M/319M
[INFO] ------------------------------------------------------------------------

travis_time:end:00123688:start=1465192419762274410,finish=1465192485331143431,duration=65568869021[0K
[32;1mThe command "mvn test -B" exited with 0.[0m
travis_fold:start:cache.2[0Kstore build cache
travis_time:start:1ac0b434[0K
travis_time:end:1ac0b434:start=1465192485335410218,finish=1465192485338751189,duration=3340971[0Ktravis_time:start:164c8ee8[0K[32;1mchange detected (content changed, file is created, or file is deleted):
/home/travis/.m2/repository/com/squareup/moshi/moshi/1.2.0/moshi-1.2.0.jar
/home/travis/.m2/repository/com/squareup/moshi/moshi/1.2.0/moshi-1.2.0.jar.sha1
/home/travis/.m2/repository/com/squareup/moshi/moshi/1.2.0/moshi-1.2.0.pom
/home/travis/.m2/repository/com/squareup/moshi/moshi/1.2.0/moshi-1.2.0.pom.sha1
/home/travis/.m2/repository/com/squareup/moshi/moshi/1.2.0/_remote.repositories
/home/travis/.m2/repository/com/squareup/moshi/moshi-parent/1.2.0/moshi-parent-1.2.0.pom
/home/travis/.m2/repository/com/squareup/moshi/moshi-parent/1.2.0/moshi-parent-1.2.0.pom.sha1
/home/travis/.m2/repository/com/squareup/moshi/moshi-parent/1.2.0/_remote.repositories
/home/travis/.m2/repository/com/squareup/retrofit2/adapter-guava/2.0.3-SNAPSHOT/adapter-guava-2.0.3-SNAPSHOT.jar
/home/travis/.m2/repository/com/squareup/retrofit2/adapter-guava/2.0.3-SNAPSHOT/maven-metadata-local.xml
/home/travis/.m2/repository/com/squareup/retrofit2/adapter-guava/2.0.3-SNAPSHOT/_remote.repositories
/home/travis/.m2/repos
[0m
[32;1m...
[0m
[32;1mchanges detected, packing new archive[0m
.
[32;1muploading archive[0m

travis_time:end:164c8ee8:start=1465192485342663954,finish=1465192493242775313,duration=7900111359[0Ktravis_fold:end:cache.2[0Ktravis_fold:start:after_success[0Ktravis_time:start:242e4040[0K$ .buildscript/deploy_snapshot.sh
Skipping snapshot deployment: wrong branch. Expected 'master' but was 'jw/moshi-qualifiers'.

travis_time:end:242e4040:start=1465192493246617934,finish=1465192493251121162,duration=4503228[0Ktravis_fold:end:after_success[0K
Done. Your build exited with 0.
