Using worker: worker-linux-docker-7894153d.prod.travis-ci.org:travis-linux-4

travis_fold:start:system_info[0K[33;1mBuild system information[0m
Build language: java
Build group: stable
Build dist: precise
[34m[1mBuild image provisioning date and time[0m
Thu Feb  5 15:09:33 UTC 2015
[34m[1mOperating System Details[0m
Distributor ID:	Ubuntu
Description:	Ubuntu 12.04.5 LTS
Release:	12.04
Codename:	precise
[34m[1mLinux Version[0m
3.13.0-29-generic
[34m[1mCookbooks Version[0m
a68419e https://github.com/travis-ci/travis-cookbooks/tree/a68419e
[34m[1mGCC version[0m
gcc (Ubuntu/Linaro 4.6.3-1ubuntu5) 4.6.3
Copyright (C) 2011 Free Software Foundation, Inc.
This is free software; see the source for copying conditions.  There is NO
warranty; not even for MERCHANTABILITY or FITNESS FOR A PARTICULAR PURPOSE.

[34m[1mLLVM version[0m
clang version 3.4 (tags/RELEASE_34/final)
Target: x86_64-unknown-linux-gnu
Thread model: posix
[34m[1mPre-installed Ruby versions[0m
ruby-1.9.3-p551
[34m[1mPre-installed Node.js versions[0m
v0.10.36
[34m[1mPre-installed Go versions[0m
1.4.1
[34m[1mRedis version[0m
redis-server 2.8.19
[34m[1mriak version[0m
2.0.2
[34m[1mMongoDB version[0m
MongoDB 2.4.12
[34m[1mCouchDB version[0m
couchdb 1.6.1
[34m[1mNeo4j version[0m
1.9.4
[34m[1mRabbitMQ Version[0m
3.4.3
[34m[1mElasticSearch version[0m
1.4.0
[34m[1mInstalled Sphinx versions[0m
2.0.10
2.1.9
2.2.6
[34m[1mDefault Sphinx version[0m
2.2.6
[34m[1mInstalled Firefox version[0m
firefox 31.0esr
[34m[1mPhantomJS version[0m
1.9.8
[34m[1mant -version[0m
Apache Ant(TM) version 1.8.2 compiled on December 3 2011
[34m[1mmvn -version[0m
Apache Maven 3.2.5 (12a6b3acb947671f09b81f49094c53f426d8cea1; 2014-12-14T17:29:23+00:00)
Maven home: /usr/local/maven
Java version: 1.7.0_76, vendor: Oracle Corporation
Java home: /usr/lib/jvm/java-7-oracle/jre
Default locale: en_US, platform encoding: ANSI_X3.4-1968
OS name: "linux", version: "3.13.0-29-generic", arch: "amd64", family: "unix"
travis_fold:end:system_info[0K
travis_fold:start:fix.CVE-2015-7547[0K$ export DEBIAN_FRONTEND=noninteractive
W: Size of file /var/lib/apt/lists/us.archive.ubuntu.com_ubuntu_dists_precise-backports_multiverse_source_Sources.gz is not what the server reported 5886 5888
W: Size of file /var/lib/apt/lists/ppa.launchpad.net_ubuntugis_ppa_ubuntu_dists_precise_main_binary-i386_Packages.gz is not what the server reported 36729 36733
Reading package lists...
Building dependency tree...
Reading state information...
The following extra packages will be installed:
  libc-bin libc-dev-bin libc6-dev
Suggested packages:
  glibc-doc
The following packages will be upgraded:
  libc-bin libc-dev-bin libc6 libc6-dev
4 upgraded, 0 newly installed, 0 to remove and 247 not upgraded.
Need to get 8,840 kB of archives.
After this operation, 14.3 kB disk space will be freed.
Get:1 http://us.archive.ubuntu.com/ubuntu/ precise-updates/main libc6-dev amd64 2.15-0ubuntu10.15 [2,943 kB]
Get:2 http://us.archive.ubuntu.com/ubuntu/ precise-updates/main libc-dev-bin amd64 2.15-0ubuntu10.15 [84.7 kB]
Get:3 http://us.archive.ubuntu.com/ubuntu/ precise-updates/main libc-bin amd64 2.15-0ubuntu10.15 [1,177 kB]
Get:4 http://us.archive.ubuntu.com/ubuntu/ precise-updates/main libc6 amd64 2.15-0ubuntu10.15 [4,636 kB]
Fetched 8,840 kB in 0s (35.6 MB/s)
Preconfiguring packages ...
(Reading database ... (Reading database ... 5%(Reading database ... 10%(Reading database ... 15%(Reading database ... 20%(Reading database ... 25%(Reading database ... 30%(Reading database ... 35%(Reading database ... 40%(Reading database ... 45%(Reading database ... 50%(Reading database ... 55%(Reading database ... 60%(Reading database ... 65%(Reading database ... 70%(Reading database ... 75%(Reading database ... 80%(Reading database ... 85%(Reading database ... 90%(Reading database ... 95%(Reading database ... 100%(Reading database ... 72019 files and directories currently installed.)
Preparing to replace libc6-dev 2.15-0ubuntu10.10 (using .../libc6-dev_2.15-0ubuntu10.15_amd64.deb) ...
Unpacking replacement libc6-dev ...
Preparing to replace libc-dev-bin 2.15-0ubuntu10.10 (using .../libc-dev-bin_2.15-0ubuntu10.15_amd64.deb) ...
Unpacking replacement libc-dev-bin ...
Preparing to replace libc-bin 2.15-0ubuntu10.10 (using .../libc-bin_2.15-0ubuntu10.15_amd64.deb) ...
Unpacking replacement libc-bin ...
Processing triggers for man-db ...
Setting up libc-bin (2.15-0ubuntu10.15) ...
(Reading database ... (Reading database ... 5%(Reading database ... 10%(Reading database ... 15%(Reading database ... 20%(Reading database ... 25%(Reading database ... 30%(Reading database ... 35%(Reading database ... 40%(Reading database ... 45%(Reading database ... 50%(Reading database ... 55%(Reading database ... 60%(Reading database ... 65%(Reading database ... 70%(Reading database ... 75%(Reading database ... 80%(Reading database ... 85%(Reading database ... 90%(Reading database ... 95%(Reading database ... 100%(Reading database ... 72018 files and directories currently installed.)
Preparing to replace libc6 2.15-0ubuntu10.10 (using .../libc6_2.15-0ubuntu10.15_amd64.deb) ...
Unpacking replacement libc6 ...
Setting up libc6 (2.15-0ubuntu10.15) ...
Setting up libc-dev-bin (2.15-0ubuntu10.15) ...
Setting up libc6-dev (2.15-0ubuntu10.15) ...
Processing triggers for libc-bin ...
ldconfig deferred processing now taking place
travis_fold:end:fix.CVE-2015-7547[0Ktravis_fold:start:git.checkout[0Ktravis_time:start:008bc8bc[0K$ git clone --depth=50 https://github.com/square/retrofit.git square/retrofit
Cloning into 'square/retrofit'...
remote: Counting objects: 1149, done.[K
remote: Compressing objects:   0% (1/649)   [Kremote: Compressing objects:   1% (7/649)   [Kremote: Compressing objects:   2% (13/649)   [Kremote: Compressing objects:   3% (20/649)   [Kremote: Compressing objects:   4% (26/649)   [Kremote: Compressing objects:   5% (33/649)   [Kremote: Compressing objects:   6% (39/649)   [Kremote: Compressing objects:   7% (46/649)   [Kremote: Compressing objects:   8% (52/649)   [Kremote: Compressing objects:   9% (59/649)   [Kremote: Compressing objects:  10% (65/649)   [Kremote: Compressing objects:  11% (72/649)   [Kremote: Compressing objects:  12% (78/649)   [Kremote: Compressing objects:  13% (85/649)   [Kremote: Compressing objects:  14% (91/649)   [Kremote: Compressing objects:  15% (98/649)   [Kremote: Compressing objects:  16% (104/649)   [Kremote: Compressing objects:  17% (111/649)   [Kremote: Compressing objects:  18% (117/649)   [Kremote: Compressing objects:  19% (124/649)   [Kremote: Compressing objects:  20% (130/649)   [Kremote: Compressing objects:  21% (137/649)   [Kremote: Compressing objects:  22% (143/649)   [Kremote: Compressing objects:  23% (150/649)   [Kremote: Compressing objects:  24% (156/649)   [Kremote: Compressing objects:  25% (163/649)   [Kremote: Compressing objects:  26% (169/649)   [Kremote: Compressing objects:  27% (176/649)   [Kremote: Compressing objects:  28% (182/649)   [Kremote: Compressing objects:  29% (189/649)   [Kremote: Compressing objects:  30% (195/649)   [Kremote: Compressing objects:  31% (202/649)   [Kremote: Compressing objects:  32% (208/649)   [Kremote: Compressing objects:  33% (215/649)   [Kremote: Compressing objects:  34% (221/649)   [Kremote: Compressing objects:  35% (228/649)   [Kremote: Compressing objects:  36% (234/649)   [Kremote: Compressing objects:  37% (241/649)   [Kremote: Compressing objects:  38% (247/649)   [Kremote: Compressing objects:  39% (254/649)   [Kremote: Compressing objects:  40% (260/649)   [Kremote: Compressing objects:  41% (267/649)   [Kremote: Compressing objects:  42% (273/649)   [Kremote: Compressing objects:  43% (280/649)   [Kremote: Compressing objects:  44% (286/649)   [Kremote: Compressing objects:  45% (293/649)   [Kremote: Compressing objects:  46% (299/649)   [Kremote: Compressing objects:  47% (306/649)   [Kremote: Compressing objects:  48% (312/649)   [Kremote: Compressing objects:  49% (319/649)   [Kremote: Compressing objects:  50% (325/649)   [Kremote: Compressing objects:  51% (331/649)   [Kremote: Compressing objects:  52% (338/649)   [Kremote: Compressing objects:  53% (344/649)   [Kremote: Compressing objects:  54% (351/649)   [Kremote: Compressing objects:  55% (357/649)   [Kremote: Compressing objects:  56% (364/649)   [Kremote: Compressing objects:  57% (370/649)   [Kremote: Compressing objects:  58% (377/649)   [Kremote: Compressing objects:  59% (383/649)   [Kremote: Compressing objects:  60% (390/649)   [Kremote: Compressing objects:  61% (396/649)   [Kremote: Compressing objects:  62% (403/649)   [Kremote: Compressing objects:  63% (409/649)   [Kremote: Compressing objects:  64% (416/649)   [Kremote: Compressing objects:  65% (422/649)   [Kremote: Compressing objects:  66% (429/649)   [Kremote: Compressing objects:  67% (435/649)   [Kremote: Compressing objects:  68% (442/649)   [Kremote: Compressing objects:  69% (448/649)   [Kremote: Compressing objects:  70% (455/649)   [Kremote: Compressing objects:  71% (461/649)   [Kremote: Compressing objects:  72% (468/649)   [Kremote: Compressing objects:  73% (474/649)   [Kremote: Compressing objects:  74% (481/649)   [Kremote: Compressing objects:  75% (487/649)   [Kremote: Compressing objects:  76% (494/649)   [Kremote: Compressing objects:  77% (500/649)   [Kremote: Compressing objects:  78% (507/649)   [Kremote: Compressing objects:  79% (513/649)   [Kremote: Compressing objects:  80% (520/649)   [Kremote: Compressing objects:  81% (526/649)   [Kremote: Compressing objects:  82% (533/649)   [Kremote: Compressing objects:  83% (539/649)   [Kremote: Compressing objects:  84% (546/649)   [Kremote: Compressing objects:  85% (552/649)   [Kremote: Compressing objects:  86% (559/649)   [Kremote: Compressing objects:  87% (565/649)   [Kremote: Compressing objects:  88% (572/649)   [Kremote: Compressing objects:  89% (578/649)   [Kremote: Compressing objects:  90% (585/649)   [Kremote: Compressing objects:  91% (591/649)   [Kremote: Compressing objects:  92% (598/649)   [Kremote: Compressing objects:  93% (604/649)   [Kremote: Compressing objects:  94% (611/649)   [Kremote: Compressing objects:  95% (617/649)   [Kremote: Compressing objects:  96% (624/649)   [Kremote: Compressing objects:  97% (630/649)   [Kremote: Compressing objects:  98% (637/649)   [Kremote: Compressing objects:  99% (643/649)   [Kremote: Compressing objects: 100% (649/649)   [Kremote: Compressing objects: 100% (649/649), done.[K
Receiving objects:   0% (1/1149)   Receiving objects:   1% (12/1149)   Receiving objects:   2% (23/1149)   Receiving objects:   3% (35/1149)   Receiving objects:   4% (46/1149)   Receiving objects:   5% (58/1149)   Receiving objects:   6% (69/1149)   Receiving objects:   7% (81/1149)   Receiving objects:   8% (92/1149)   Receiving objects:   9% (104/1149)   Receiving objects:  10% (115/1149)   Receiving objects:  11% (127/1149)   Receiving objects:  12% (138/1149)   Receiving objects:  13% (150/1149)   Receiving objects:  14% (161/1149)   Receiving objects:  15% (173/1149)   Receiving objects:  16% (184/1149)   Receiving objects:  17% (196/1149)   Receiving objects:  18% (207/1149)   Receiving objects:  19% (219/1149)   Receiving objects:  20% (230/1149)   Receiving objects:  21% (242/1149)   Receiving objects:  22% (253/1149)   Receiving objects:  23% (265/1149)   Receiving objects:  24% (276/1149)   Receiving objects:  25% (288/1149)   Receiving objects:  26% (299/1149)   Receiving objects:  27% (311/1149)   Receiving objects:  28% (322/1149)   Receiving objects:  29% (334/1149)   Receiving objects:  30% (345/1149)   Receiving objects:  31% (357/1149)   Receiving objects:  32% (368/1149)   Receiving objects:  33% (380/1149)   Receiving objects:  34% (391/1149)   Receiving objects:  35% (403/1149)   Receiving objects:  36% (414/1149)   Receiving objects:  37% (426/1149)   Receiving objects:  38% (437/1149)   Receiving objects:  39% (449/1149)   Receiving objects:  40% (460/1149)   Receiving objects:  41% (472/1149)   Receiving objects:  42% (483/1149)   Receiving objects:  43% (495/1149)   Receiving objects:  44% (506/1149)   Receiving objects:  45% (518/1149)   Receiving objects:  46% (529/1149)   Receiving objects:  47% (541/1149)   Receiving objects:  48% (552/1149)   Receiving objects:  49% (564/1149)   Receiving objects:  50% (575/1149)   Receiving objects:  51% (586/1149)   Receiving objects:  52% (598/1149)   Receiving objects:  53% (609/1149)   Receiving objects:  54% (621/1149)   Receiving objects:  55% (632/1149)   Receiving objects:  56% (644/1149)   Receiving objects:  57% (655/1149)   Receiving objects:  58% (667/1149)   Receiving objects:  59% (678/1149)   Receiving objects:  60% (690/1149)   Receiving objects:  61% (701/1149)   Receiving objects:  62% (713/1149)   Receiving objects:  63% (724/1149)   Receiving objects:  64% (736/1149)   Receiving objects:  65% (747/1149)   Receiving objects:  66% (759/1149)   Receiving objects:  67% (770/1149)   Receiving objects:  68% (782/1149)   Receiving objects:  69% (793/1149)   Receiving objects:  70% (805/1149)   Receiving objects:  71% (816/1149)   Receiving objects:  72% (828/1149)   Receiving objects:  73% (839/1149)   Receiving objects:  74% (851/1149)   Receiving objects:  75% (862/1149)   Receiving objects:  76% (874/1149)   Receiving objects:  77% (885/1149)   Receiving objects:  78% (897/1149)   remote: Total 1149 (delta 437), reused 893 (delta 245), pack-reused 0[K
Receiving objects:  79% (908/1149)   Receiving objects:  80% (920/1149)   Receiving objects:  81% (931/1149)   Receiving objects:  82% (943/1149)   Receiving objects:  83% (954/1149)   Receiving objects:  84% (966/1149)   Receiving objects:  85% (977/1149)   Receiving objects:  86% (989/1149)   Receiving objects:  87% (1000/1149)   Receiving objects:  88% (1012/1149)   Receiving objects:  89% (1023/1149)   Receiving objects:  90% (1035/1149)   Receiving objects:  91% (1046/1149)   Receiving objects:  92% (1058/1149)   Receiving objects:  93% (1069/1149)   Receiving objects:  94% (1081/1149)   Receiving objects:  95% (1092/1149)   Receiving objects:  96% (1104/1149)   Receiving objects:  97% (1115/1149)   Receiving objects:  98% (1127/1149)   Receiving objects:  99% (1138/1149)   Receiving objects: 100% (1149/1149)   Receiving objects: 100% (1149/1149), 305.03 KiB | 0 bytes/s, done.
Resolving deltas:   0% (0/437)   Resolving deltas:   3% (14/437)   Resolving deltas:   4% (21/437)   Resolving deltas:   7% (31/437)   Resolving deltas:  17% (75/437)   Resolving deltas:  18% (80/437)   Resolving deltas:  19% (86/437)   Resolving deltas:  36% (160/437)   Resolving deltas:  43% (188/437)   Resolving deltas:  44% (194/437)   Resolving deltas:  47% (207/437)   Resolving deltas:  48% (214/437)   Resolving deltas:  49% (217/437)   Resolving deltas:  50% (220/437)   Resolving deltas:  51% (223/437)   Resolving deltas:  52% (228/437)   Resolving deltas:  54% (238/437)   Resolving deltas:  55% (242/437)   Resolving deltas:  56% (245/437)   Resolving deltas:  57% (250/437)   Resolving deltas:  58% (254/437)   Resolving deltas:  59% (258/437)   Resolving deltas:  64% (280/437)   Resolving deltas:  65% (286/437)   Resolving deltas:  66% (290/437)   Resolving deltas:  67% (293/437)   Resolving deltas:  68% (298/437)   Resolving deltas:  69% (305/437)   Resolving deltas:  70% (307/437)   Resolving deltas:  71% (311/437)   Resolving deltas:  74% (324/437)   Resolving deltas:  78% (344/437)   Resolving deltas:  80% (352/437)   Resolving deltas:  82% (362/437)   Resolving deltas:  83% (363/437)   Resolving deltas:  84% (369/437)   Resolving deltas:  85% (372/437)   Resolving deltas:  87% (383/437)   Resolving deltas:  88% (385/437)   Resolving deltas:  89% (390/437)   Resolving deltas:  90% (395/437)   Resolving deltas:  91% (401/437)   Resolving deltas:  92% (403/437)   Resolving deltas:  93% (407/437)   Resolving deltas:  94% (411/437)   Resolving deltas:  97% (425/437)   Resolving deltas:  98% (429/437)   Resolving deltas:  99% (434/437)   Resolving deltas: 100% (437/437)   Resolving deltas: 100% (437/437), done.
Checking connectivity... done.

travis_time:end:008bc8bc:start=1466796273812902323,finish=1466796274284829179,duration=471926856[0K$ cd square/retrofit
travis_time:start:042edb40[0K$ git fetch origin +refs/pull/1879/merge:
remote: Counting objects: 61, done.[K
remote: Compressing objects:   2% (1/34)   [Kremote: Compressing objects:   5% (2/34)   [Kremote: Compressing objects:   8% (3/34)   [Kremote: Compressing objects:  11% (4/34)   [Kremote: Compressing objects:  14% (5/34)   [Kremote: Compressing objects:  17% (6/34)   [Kremote: Compressing objects:  20% (7/34)   [Kremote: Compressing objects:  23% (8/34)   [Kremote: Compressing objects:  26% (9/34)   [Kremote: Compressing objects:  29% (10/34)   [Kremote: Compressing objects:  32% (11/34)   [Kremote: Compressing objects:  35% (12/34)   [Kremote: Compressing objects:  38% (13/34)   [Kremote: Compressing objects:  41% (14/34)   [Kremote: Compressing objects:  44% (15/34)   [Kremote: Compressing objects:  47% (16/34)   [Kremote: Compressing objects:  50% (17/34)   [Kremote: Compressing objects:  52% (18/34)   [Kremote: Compressing objects:  55% (19/34)   [Kremote: Compressing objects:  58% (20/34)   [Kremote: Compressing objects:  61% (21/34)   [Kremote: Compressing objects:  64% (22/34)   [Kremote: Compressing objects:  67% (23/34)   [Kremote: Compressing objects:  70% (24/34)   [Kremote: Compressing objects:  73% (25/34)   [Kremote: Compressing objects:  76% (26/34)   [Kremote: Compressing objects:  79% (27/34)   [Kremote: Compressing objects:  82% (28/34)   [Kremote: Compressing objects:  85% (29/34)   [Kremote: Compressing objects:  88% (30/34)   [Kremote: Compressing objects:  91% (31/34)   [Kremote: Compressing objects:  94% (32/34)   [Kremote: Compressing objects:  97% (33/34)   [Kremote: Compressing objects: 100% (34/34)   [Kremote: Compressing objects: 100% (34/34), done.[K
remote: Total 61 (delta 17), reused 47 (delta 4), pack-reused 0[K
Unpacking objects:   1% (1/61)   Unpacking objects:   3% (2/61)   Unpacking objects:   4% (3/61)   Unpacking objects:   6% (4/61)   Unpacking objects:   8% (5/61)   Unpacking objects:   9% (6/61)   Unpacking objects:  11% (7/61)   Unpacking objects:  13% (8/61)   Unpacking objects:  14% (9/61)   Unpacking objects:  16% (10/61)   Unpacking objects:  18% (11/61)   Unpacking objects:  19% (12/61)   Unpacking objects:  21% (13/61)   Unpacking objects:  22% (14/61)   Unpacking objects:  24% (15/61)   Unpacking objects:  26% (16/61)   Unpacking objects:  27% (17/61)   Unpacking objects:  29% (18/61)   Unpacking objects:  31% (19/61)   Unpacking objects:  32% (20/61)   Unpacking objects:  34% (21/61)   Unpacking objects:  36% (22/61)   Unpacking objects:  37% (23/61)   Unpacking objects:  39% (24/61)   Unpacking objects:  40% (25/61)   Unpacking objects:  42% (26/61)   Unpacking objects:  44% (27/61)   Unpacking objects:  45% (28/61)   Unpacking objects:  47% (29/61)   Unpacking objects:  49% (30/61)   Unpacking objects:  50% (31/61)   Unpacking objects:  52% (32/61)   Unpacking objects:  54% (33/61)   Unpacking objects:  55% (34/61)   Unpacking objects:  57% (35/61)   Unpacking objects:  59% (36/61)   Unpacking objects:  60% (37/61)   Unpacking objects:  62% (38/61)   Unpacking objects:  63% (39/61)   Unpacking objects:  65% (40/61)   Unpacking objects:  67% (41/61)   Unpacking objects:  68% (42/61)   Unpacking objects:  70% (43/61)   Unpacking objects:  72% (44/61)   Unpacking objects:  73% (45/61)   Unpacking objects:  75% (46/61)   Unpacking objects:  77% (47/61)   Unpacking objects:  78% (48/61)   Unpacking objects:  80% (49/61)   Unpacking objects:  81% (50/61)   Unpacking objects:  83% (51/61)   Unpacking objects:  85% (52/61)   Unpacking objects:  86% (53/61)   Unpacking objects:  88% (54/61)   Unpacking objects:  90% (55/61)   Unpacking objects:  91% (56/61)   Unpacking objects:  93% (57/61)   Unpacking objects:  95% (58/61)   Unpacking objects:  96% (59/61)   Unpacking objects:  98% (60/61)   Unpacking objects: 100% (61/61)   Unpacking objects: 100% (61/61), done.
From https://github.com/square/retrofit
 * branch            refs/pull/1879/merge -> FETCH_HEAD

travis_time:end:042edb40:start=1466796274288599587,finish=1466796274630585657,duration=341986070[0K$ git checkout -qf FETCH_HEAD
travis_fold:end:git.checkout[0K
[33;1mThis job is running on container-based infrastructure, which does not allow use of 'sudo', setuid and setguid executables.[0m
[33;1mIf you require sudo, add 'sudo: required' to your .travis.yml[0m
[33;1mSee https://docs.travis-ci.com/user/workers/container-based-infrastructure/ for details.[0m
$ jdk_switcher use oraclejdk8
Switching to Oracle JDK8 (java-8-oracle), JAVA_HOME will be set to /usr/lib/jvm/java-8-oracle
travis_fold:start:cache.1[0KSetting up build cache
$ export CASHER_DIR=$HOME/.casher
travis_time:start:0a9d2b78[0K$ Installing caching utilities

travis_time:end:0a9d2b78:start=1466796276471593175,finish=1466796276525245920,duration=53652745[0Ktravis_time:start:1152bd40[0K
travis_time:end:1152bd40:start=1466796276530005993,finish=1466796276533327804,duration=3321811[0Ktravis_time:start:185dbcc3[0K[32;1mattempting to download cache archive[0m
[32;1mfetching PR.1879/cache-linux-precise-e3b0c44298fc1c149afbf4c8996fb92427ae41e4649b934ca495991b7852b855--jdk-oraclejdk8.tgz[0m
[32;1mfetching PR.1879/cache--jdk-oraclejdk8.tgz[0m
[32;1mfetching master/cache-linux-precise-e3b0c44298fc1c149afbf4c8996fb92427ae41e4649b934ca495991b7852b855--jdk-oraclejdk8.tgz[0m
[32;1mfound cache[0m

travis_time:end:185dbcc3:start=1466796276537775277,finish=1466796280441776435,duration=3904001158[0Ktravis_time:start:2668d2c6[0K
travis_time:end:2668d2c6:start=1466796280445552533,finish=1466796280448966623,duration=3414090[0Ktravis_time:start:15db8298[0K[32;1madding /home/travis/.m2 to cache[0m

travis_time:end:15db8298:start=1466796280452802332,finish=1466796282075195762,duration=1622393430[0Ktravis_fold:end:cache.1[0K$ java -Xmx32m -version
java version "1.8.0_31"
Java(TM) SE Runtime Environment (build 1.8.0_31-b13)
Java HotSpot(TM) 64-Bit Server VM (build 25.31-b07, mixed mode)
$ javac -J-Xmx32m -version
javac 1.8.0_31
travis_fold:start:install[0Ktravis_time:start:03ef69f7[0K$ mvn install -DskipTests=true -Dmaven.javadoc.skip=true -B -V
Java HotSpot(TM) 64-Bit Server VM warning: ignoring option MaxPermSize=192m; support was removed in 8.0
Apache Maven 3.2.5 (12a6b3acb947671f09b81f49094c53f426d8cea1; 2014-12-14T17:29:23+00:00)
Maven home: /usr/local/maven
Java version: 1.8.0_31, vendor: Oracle Corporation
Java home: /usr/lib/jvm/java-8-oracle/jre
Default locale: en_US, platform encoding: UTF-8
OS name: "linux", version: "3.13.0-40-generic", arch: "amd64", family: "unix"
[INFO] Scanning for projects...
[WARNING] 
[WARNING] Some problems were encountered while building the effective model for com.squareup.retrofit2:samples:jar:2.1.1-SNAPSHOT
[WARNING] 'build.plugins.plugin.version' for org.apache.maven.plugins:maven-deploy-plugin is missing. @ com.squareup.retrofit2:samples:[unknown-version], /home/travis/build/square/retrofit/samples/pom.xml, line 55, column 15
[WARNING] 
[WARNING] It is highly recommended to fix these problems because they threaten the stability of your build.
[WARNING] 
[WARNING] For this reason, future Maven versions might no longer support building such malformed projects.
[WARNING] 
[INFO] ------------------------------------------------------------------------
[INFO] Reactor Build Order:
[INFO] 
[INFO] Retrofit (Parent)
[INFO] Retrofit
[INFO] Adapters
[INFO] Adapter: Guava
[INFO] Adapter: Java 8
[INFO] Adapter: RxJava
[INFO] Converters
[INFO] Converter: Gson
[INFO] Converter: Protocol Buffers
[INFO] Converter: Nano Protocol Buffers
[INFO] Converter: Jackson
[INFO] Converter: Wire Protocol Buffers
[INFO] Converter: SimpleXML
[INFO] Converter: Java Scalars
[INFO] Converter: Moshi
[INFO] Retrofit Mock Adapter
[INFO] Samples
[INFO]                                                                         
[INFO] ------------------------------------------------------------------------
[INFO] Building Retrofit (Parent) 2.1.1-SNAPSHOT
[INFO] ------------------------------------------------------------------------
[INFO] 
[INFO] --- maven-enforcer-plugin:1.0:enforce (enforce-maven) @ parent ---
[INFO] 
[INFO] --- animal-sniffer-maven-plugin:1.14:check (default) @ parent ---
[INFO] Checking unresolved references to org.codehaus.mojo.signature:java16:1.1
[INFO] 
[INFO] --- maven-javadoc-plugin:2.10.3:jar (attach-javadocs) @ parent ---
[INFO] Skipping javadoc generation
[INFO] 
[INFO] --- maven-checkstyle-plugin:2.15:checkstyle (default) @ parent ---
[INFO] 
[INFO] --- maven-install-plugin:2.4:install (default-install) @ parent ---
[INFO] Installing /home/travis/build/square/retrofit/pom.xml to /home/travis/.m2/repository/com/squareup/retrofit2/parent/2.1.1-SNAPSHOT/parent-2.1.1-SNAPSHOT.pom
[INFO]                                                                         
[INFO] ------------------------------------------------------------------------
[INFO] Building Retrofit 2.1.1-SNAPSHOT
[INFO] ------------------------------------------------------------------------
[INFO] 
[INFO] --- maven-enforcer-plugin:1.0:enforce (enforce-maven) @ retrofit ---
[INFO] 
[INFO] --- maven-resources-plugin:2.6:resources (default-resources) @ retrofit ---
[INFO] Using 'UTF-8' encoding to copy filtered resources.
[INFO] skip non existing resourceDirectory /home/travis/build/square/retrofit/retrofit/src/main/resources
[INFO] 
[INFO] --- maven-compiler-plugin:3.0:compile (default-compile) @ retrofit ---
[INFO] Changes detected - recompiling the module!
[INFO] Compiling 40 source files to /home/travis/build/square/retrofit/retrofit/target/classes
[WARNING] /home/travis/build/square/retrofit/retrofit/src/main/java/retrofit2/Retrofit.java: Some input files use unchecked or unsafe operations.
[WARNING] /home/travis/build/square/retrofit/retrofit/src/main/java/retrofit2/Retrofit.java: Recompile with -Xlint:unchecked for details.
[INFO] 
[INFO] --- maven-resources-plugin:2.6:testResources (default-testResources) @ retrofit ---
[INFO] Using 'UTF-8' encoding to copy filtered resources.
[INFO] skip non existing resourceDirectory /home/travis/build/square/retrofit/retrofit/src/test/resources
[INFO] 
[INFO] --- maven-compiler-plugin:3.0:testCompile (default-testCompile) @ retrofit ---
[INFO] Changes detected - recompiling the module!
[INFO] Compiling 14 source files to /home/travis/build/square/retrofit/retrofit/target/test-classes
[WARNING] /home/travis/build/square/retrofit/retrofit/src/test/java/retrofit2/RetrofitTest.java: /home/travis/build/square/retrofit/retrofit/src/test/java/retrofit2/RetrofitTest.java uses unchecked or unsafe operations.
[WARNING] /home/travis/build/square/retrofit/retrofit/src/test/java/retrofit2/RetrofitTest.java: Recompile with -Xlint:unchecked for details.
[INFO] 
[INFO] --- maven-surefire-plugin:2.12.4:test (default-test) @ retrofit ---
[INFO] Tests are skipped.
[INFO] 
[INFO] --- animal-sniffer-maven-plugin:1.14:check (default) @ retrofit ---
[INFO] Checking unresolved references to org.codehaus.mojo.signature:java16:1.1
[INFO] 
[INFO] --- maven-jar-plugin:2.4:jar (default-jar) @ retrofit ---
[INFO] Building jar: /home/travis/build/square/retrofit/retrofit/target/retrofit-2.1.1-SNAPSHOT.jar
[INFO] 
[INFO] --- maven-javadoc-plugin:2.10.3:jar (attach-javadocs) @ retrofit ---
[INFO] Skipping javadoc generation
[INFO] 
[INFO] --- maven-checkstyle-plugin:2.15:checkstyle (default) @ retrofit ---
[INFO] Starting audit...
Audit done.
[WARNING] Unable to locate Source XRef to link to - DISABLED
[INFO] 
[INFO] --- maven-install-plugin:2.4:install (default-install) @ retrofit ---
[INFO] Installing /home/travis/build/square/retrofit/retrofit/target/retrofit-2.1.1-SNAPSHOT.jar to /home/travis/.m2/repository/com/squareup/retrofit2/retrofit/2.1.1-SNAPSHOT/retrofit-2.1.1-SNAPSHOT.jar
[INFO] Installing /home/travis/build/square/retrofit/retrofit/pom.xml to /home/travis/.m2/repository/com/squareup/retrofit2/retrofit/2.1.1-SNAPSHOT/retrofit-2.1.1-SNAPSHOT.pom
[INFO]                                                                         
[INFO] ------------------------------------------------------------------------
[INFO] Building Adapters 2.1.1-SNAPSHOT
[INFO] ------------------------------------------------------------------------
[INFO] 
[INFO] --- maven-enforcer-plugin:1.0:enforce (enforce-maven) @ retrofit-adapters ---
[INFO] 
[INFO] --- animal-sniffer-maven-plugin:1.14:check (default) @ retrofit-adapters ---
[INFO] Checking unresolved references to org.codehaus.mojo.signature:java16:1.1
[INFO] 
[INFO] --- maven-javadoc-plugin:2.10.3:jar (attach-javadocs) @ retrofit-adapters ---
[INFO] Skipping javadoc generation
[INFO] 
[INFO] --- maven-checkstyle-plugin:2.15:checkstyle (default) @ retrofit-adapters ---
[INFO] 
[INFO] --- maven-install-plugin:2.4:install (default-install) @ retrofit-adapters ---
[INFO] Installing /home/travis/build/square/retrofit/retrofit-adapters/pom.xml to /home/travis/.m2/repository/com/squareup/retrofit2/retrofit-adapters/2.1.1-SNAPSHOT/retrofit-adapters-2.1.1-SNAPSHOT.pom
[INFO]                                                                         
[INFO] ------------------------------------------------------------------------
[INFO] Building Adapter: Guava 2.1.1-SNAPSHOT
[INFO] ------------------------------------------------------------------------
[INFO] 
[INFO] --- maven-enforcer-plugin:1.0:enforce (enforce-maven) @ adapter-guava ---
[INFO] 
[INFO] --- maven-resources-plugin:2.6:resources (default-resources) @ adapter-guava ---
[INFO] Using 'UTF-8' encoding to copy filtered resources.
[INFO] skip non existing resourceDirectory /home/travis/build/square/retrofit/retrofit-adapters/guava/src/main/resources
[INFO] 
[INFO] --- maven-compiler-plugin:3.0:compile (default-compile) @ adapter-guava ---
[INFO] Changes detected - recompiling the module!
[INFO] Compiling 2 source files to /home/travis/build/square/retrofit/retrofit-adapters/guava/target/classes
[INFO] 
[INFO] --- maven-resources-plugin:2.6:testResources (default-testResources) @ adapter-guava ---
[INFO] Using 'UTF-8' encoding to copy filtered resources.
[INFO] skip non existing resourceDirectory /home/travis/build/square/retrofit/retrofit-adapters/guava/src/test/resources
[INFO] 
[INFO] --- maven-compiler-plugin:3.0:testCompile (default-testCompile) @ adapter-guava ---
[INFO] Changes detected - recompiling the module!
[INFO] Compiling 3 source files to /home/travis/build/square/retrofit/retrofit-adapters/guava/target/test-classes
[INFO] 
[INFO] --- maven-surefire-plugin:2.12.4:test (default-test) @ adapter-guava ---
[INFO] Tests are skipped.
[INFO] 
[INFO] --- animal-sniffer-maven-plugin:1.14:check (default) @ adapter-guava ---
[INFO] Checking unresolved references to org.codehaus.mojo.signature:java16:1.1
[INFO] 
[INFO] --- maven-jar-plugin:2.4:jar (default-jar) @ adapter-guava ---
[INFO] Building jar: /home/travis/build/square/retrofit/retrofit-adapters/guava/target/adapter-guava-2.1.1-SNAPSHOT.jar
[INFO] 
[INFO] --- maven-javadoc-plugin:2.10.3:jar (attach-javadocs) @ adapter-guava ---
[INFO] Skipping javadoc generation
[INFO] 
[INFO] --- maven-checkstyle-plugin:2.15:checkstyle (default) @ adapter-guava ---
[INFO] Starting audit...
Audit done.
[WARNING] Unable to locate Source XRef to link to - DISABLED
[INFO] 
[INFO] --- maven-install-plugin:2.4:install (default-install) @ adapter-guava ---
[INFO] Installing /home/travis/build/square/retrofit/retrofit-adapters/guava/target/adapter-guava-2.1.1-SNAPSHOT.jar to /home/travis/.m2/repository/com/squareup/retrofit2/adapter-guava/2.1.1-SNAPSHOT/adapter-guava-2.1.1-SNAPSHOT.jar
[INFO] Installing /home/travis/build/square/retrofit/retrofit-adapters/guava/pom.xml to /home/travis/.m2/repository/com/squareup/retrofit2/adapter-guava/2.1.1-SNAPSHOT/adapter-guava-2.1.1-SNAPSHOT.pom
[INFO]                                                                         
[INFO] ------------------------------------------------------------------------
[INFO] Building Adapter: Java 8 2.1.1-SNAPSHOT
[INFO] ------------------------------------------------------------------------
[INFO] 
[INFO] --- maven-enforcer-plugin:1.0:enforce (enforce-maven) @ adapter-java8 ---
[INFO] 
[INFO] --- maven-resources-plugin:2.6:resources (default-resources) @ adapter-java8 ---
[INFO] Using 'UTF-8' encoding to copy filtered resources.
[INFO] skip non existing resourceDirectory /home/travis/build/square/retrofit/retrofit-adapters/java8/src/main/resources
[INFO] 
[INFO] --- maven-compiler-plugin:3.0:compile (default-compile) @ adapter-java8 ---
[INFO] Changes detected - recompiling the module!
[INFO] Compiling 2 source files to /home/travis/build/square/retrofit/retrofit-adapters/java8/target/classes
[INFO] 
[INFO] --- maven-resources-plugin:2.6:testResources (default-testResources) @ adapter-java8 ---
[INFO] Using 'UTF-8' encoding to copy filtered resources.
[INFO] skip non existing resourceDirectory /home/travis/build/square/retrofit/retrofit-adapters/java8/src/test/resources
[INFO] 
[INFO] --- maven-compiler-plugin:3.0:testCompile (default-testCompile) @ adapter-java8 ---
[INFO] Changes detected - recompiling the module!
[INFO] Compiling 3 source files to /home/travis/build/square/retrofit/retrofit-adapters/java8/target/test-classes
[INFO] 
[INFO] --- maven-surefire-plugin:2.12.4:test (default-test) @ adapter-java8 ---
[INFO] Tests are skipped.
[INFO] 
[INFO] --- animal-sniffer-maven-plugin:1.14:check (default) @ adapter-java8 ---
[INFO] Checking unresolved references to org.kaazing.mojo.signature:java18:1.0
[INFO] 
[INFO] --- maven-jar-plugin:2.4:jar (default-jar) @ adapter-java8 ---
[INFO] Building jar: /home/travis/build/square/retrofit/retrofit-adapters/java8/target/adapter-java8-2.1.1-SNAPSHOT.jar
[INFO] 
[INFO] --- maven-javadoc-plugin:2.10.3:jar (attach-javadocs) @ adapter-java8 ---
[INFO] Skipping javadoc generation
[INFO] 
[INFO] --- maven-checkstyle-plugin:2.15:checkstyle (default) @ adapter-java8 ---
[INFO] Starting audit...
Audit done.
[WARNING] Unable to locate Source XRef to link to - DISABLED
[INFO] 
[INFO] --- maven-install-plugin:2.4:install (default-install) @ adapter-java8 ---
[INFO] Installing /home/travis/build/square/retrofit/retrofit-adapters/java8/target/adapter-java8-2.1.1-SNAPSHOT.jar to /home/travis/.m2/repository/com/squareup/retrofit2/adapter-java8/2.1.1-SNAPSHOT/adapter-java8-2.1.1-SNAPSHOT.jar
[INFO] Installing /home/travis/build/square/retrofit/retrofit-adapters/java8/pom.xml to /home/travis/.m2/repository/com/squareup/retrofit2/adapter-java8/2.1.1-SNAPSHOT/adapter-java8-2.1.1-SNAPSHOT.pom
[INFO]                                                                         
[INFO] ------------------------------------------------------------------------
[INFO] Building Adapter: RxJava 2.1.1-SNAPSHOT
[INFO] ------------------------------------------------------------------------
[INFO] 
[INFO] --- maven-enforcer-plugin:1.0:enforce (enforce-maven) @ adapter-rxjava ---
[INFO] 
[INFO] --- maven-resources-plugin:2.6:resources (default-resources) @ adapter-rxjava ---
[INFO] Using 'UTF-8' encoding to copy filtered resources.
[INFO] skip non existing resourceDirectory /home/travis/build/square/retrofit/retrofit-adapters/rxjava/src/main/resources
[INFO] 
[INFO] --- maven-compiler-plugin:3.0:compile (default-compile) @ adapter-rxjava ---
[INFO] Changes detected - recompiling the module!
[INFO] Compiling 6 source files to /home/travis/build/square/retrofit/retrofit-adapters/rxjava/target/classes
[INFO] 
[INFO] --- maven-resources-plugin:2.6:testResources (default-testResources) @ adapter-rxjava ---
[INFO] Using 'UTF-8' encoding to copy filtered resources.
[INFO] skip non existing resourceDirectory /home/travis/build/square/retrofit/retrofit-adapters/rxjava/src/test/resources
[INFO] 
[INFO] --- maven-compiler-plugin:3.0:testCompile (default-testCompile) @ adapter-rxjava ---
[INFO] Changes detected - recompiling the module!
[INFO] Compiling 9 source files to /home/travis/build/square/retrofit/retrofit-adapters/rxjava/target/test-classes
[INFO] 
[INFO] --- maven-surefire-plugin:2.12.4:test (default-test) @ adapter-rxjava ---
[INFO] Tests are skipped.
[INFO] 
[INFO] --- animal-sniffer-maven-plugin:1.14:check (default) @ adapter-rxjava ---
[INFO] Checking unresolved references to org.codehaus.mojo.signature:java16:1.1
[INFO] 
[INFO] --- maven-jar-plugin:2.4:jar (default-jar) @ adapter-rxjava ---
[INFO] Building jar: /home/travis/build/square/retrofit/retrofit-adapters/rxjava/target/adapter-rxjava-2.1.1-SNAPSHOT.jar
[INFO] 
[INFO] --- maven-javadoc-plugin:2.10.3:jar (attach-javadocs) @ adapter-rxjava ---
[INFO] Skipping javadoc generation
[INFO] 
[INFO] --- maven-checkstyle-plugin:2.15:checkstyle (default) @ adapter-rxjava ---
[INFO] Starting audit...
Audit done.
[WARNING] Unable to locate Source XRef to link to - DISABLED
[INFO] 
[INFO] --- maven-install-plugin:2.4:install (default-install) @ adapter-rxjava ---
[INFO] Installing /home/travis/build/square/retrofit/retrofit-adapters/rxjava/target/adapter-rxjava-2.1.1-SNAPSHOT.jar to /home/travis/.m2/repository/com/squareup/retrofit2/adapter-rxjava/2.1.1-SNAPSHOT/adapter-rxjava-2.1.1-SNAPSHOT.jar
[INFO] Installing /home/travis/build/square/retrofit/retrofit-adapters/rxjava/pom.xml to /home/travis/.m2/repository/com/squareup/retrofit2/adapter-rxjava/2.1.1-SNAPSHOT/adapter-rxjava-2.1.1-SNAPSHOT.pom
[INFO]                                                                         
[INFO] ------------------------------------------------------------------------
[INFO] Building Converters 2.1.1-SNAPSHOT
[INFO] ------------------------------------------------------------------------
[INFO] 
[INFO] --- maven-enforcer-plugin:1.0:enforce (enforce-maven) @ retrofit-converters ---
[INFO] 
[INFO] --- animal-sniffer-maven-plugin:1.14:check (default) @ retrofit-converters ---
[INFO] Checking unresolved references to org.codehaus.mojo.signature:java16:1.1
[INFO] 
[INFO] --- maven-javadoc-plugin:2.10.3:jar (attach-javadocs) @ retrofit-converters ---
[INFO] Skipping javadoc generation
[INFO] 
[INFO] --- maven-checkstyle-plugin:2.15:checkstyle (default) @ retrofit-converters ---
[INFO] 
[INFO] --- maven-install-plugin:2.4:install (default-install) @ retrofit-converters ---
[INFO] Installing /home/travis/build/square/retrofit/retrofit-converters/pom.xml to /home/travis/.m2/repository/com/squareup/retrofit2/retrofit-converters/2.1.1-SNAPSHOT/retrofit-converters-2.1.1-SNAPSHOT.pom
[INFO]                                                                         
[INFO] ------------------------------------------------------------------------
[INFO] Building Converter: Gson 2.1.1-SNAPSHOT
[INFO] ------------------------------------------------------------------------
[INFO] 
[INFO] --- maven-enforcer-plugin:1.0:enforce (enforce-maven) @ converter-gson ---
[INFO] 
[INFO] --- maven-resources-plugin:2.6:resources (default-resources) @ converter-gson ---
[INFO] Using 'UTF-8' encoding to copy filtered resources.
[INFO] skip non existing resourceDirectory /home/travis/build/square/retrofit/retrofit-converters/gson/src/main/resources
[INFO] 
[INFO] --- maven-compiler-plugin:3.0:compile (default-compile) @ converter-gson ---
[INFO] Changes detected - recompiling the module!
[INFO] Compiling 3 source files to /home/travis/build/square/retrofit/retrofit-converters/gson/target/classes
[INFO] 
[INFO] --- maven-resources-plugin:2.6:testResources (default-testResources) @ converter-gson ---
[INFO] Using 'UTF-8' encoding to copy filtered resources.
[INFO] skip non existing resourceDirectory /home/travis/build/square/retrofit/retrofit-converters/gson/src/test/resources
[INFO] 
[INFO] --- maven-compiler-plugin:3.0:testCompile (default-testCompile) @ converter-gson ---
[INFO] Changes detected - recompiling the module!
[INFO] Compiling 1 source file to /home/travis/build/square/retrofit/retrofit-converters/gson/target/test-classes
[INFO] 
[INFO] --- maven-surefire-plugin:2.12.4:test (default-test) @ converter-gson ---
[INFO] Tests are skipped.
[INFO] 
[INFO] --- animal-sniffer-maven-plugin:1.14:check (default) @ converter-gson ---
[INFO] Checking unresolved references to org.codehaus.mojo.signature:java16:1.1
[INFO] 
[INFO] --- maven-jar-plugin:2.4:jar (default-jar) @ converter-gson ---
[INFO] Building jar: /home/travis/build/square/retrofit/retrofit-converters/gson/target/converter-gson-2.1.1-SNAPSHOT.jar
[INFO] 
[INFO] --- maven-javadoc-plugin:2.10.3:jar (attach-javadocs) @ converter-gson ---
[INFO] Skipping javadoc generation
[INFO] 
[INFO] --- maven-checkstyle-plugin:2.15:checkstyle (default) @ converter-gson ---
[INFO] Starting audit...
Audit done.
[WARNING] Unable to locate Source XRef to link to - DISABLED
[INFO] 
[INFO] --- maven-install-plugin:2.4:install (default-install) @ converter-gson ---
[INFO] Installing /home/travis/build/square/retrofit/retrofit-converters/gson/target/converter-gson-2.1.1-SNAPSHOT.jar to /home/travis/.m2/repository/com/squareup/retrofit2/converter-gson/2.1.1-SNAPSHOT/converter-gson-2.1.1-SNAPSHOT.jar
[INFO] Installing /home/travis/build/square/retrofit/retrofit-converters/gson/pom.xml to /home/travis/.m2/repository/com/squareup/retrofit2/converter-gson/2.1.1-SNAPSHOT/converter-gson-2.1.1-SNAPSHOT.pom
[INFO]                                                                         
[INFO] ------------------------------------------------------------------------
[INFO] Building Converter: Protocol Buffers 2.1.1-SNAPSHOT
[INFO] ------------------------------------------------------------------------
[INFO] 
[INFO] --- maven-enforcer-plugin:1.0:enforce (enforce-maven) @ converter-protobuf ---
[INFO] 
[INFO] --- maven-resources-plugin:2.6:resources (default-resources) @ converter-protobuf ---
[INFO] Using 'UTF-8' encoding to copy filtered resources.
[INFO] skip non existing resourceDirectory /home/travis/build/square/retrofit/retrofit-converters/protobuf/src/main/resources
[INFO] 
[INFO] --- maven-compiler-plugin:3.0:compile (default-compile) @ converter-protobuf ---
[INFO] Changes detected - recompiling the module!
[INFO] Compiling 3 source files to /home/travis/build/square/retrofit/retrofit-converters/protobuf/target/classes
[WARNING] /home/travis/build/square/retrofit/retrofit-converters/protobuf/src/main/java/retrofit2/converter/protobuf/ProtoConverterFactory.java: /home/travis/build/square/retrofit/retrofit-converters/protobuf/src/main/java/retrofit2/converter/protobuf/ProtoConverterFactory.java uses unchecked or unsafe operations.
[WARNING] /home/travis/build/square/retrofit/retrofit-converters/protobuf/src/main/java/retrofit2/converter/protobuf/ProtoConverterFactory.java: Recompile with -Xlint:unchecked for details.
[INFO] 
[INFO] --- maven-resources-plugin:2.6:testResources (default-testResources) @ converter-protobuf ---
[INFO] Using 'UTF-8' encoding to copy filtered resources.
[INFO] skip non existing resourceDirectory /home/travis/build/square/retrofit/retrofit-converters/protobuf/src/test/resources
[INFO] 
[INFO] --- maven-compiler-plugin:3.0:testCompile (default-testCompile) @ converter-protobuf ---
[INFO] Changes detected - recompiling the module!
[INFO] Compiling 2 source files to /home/travis/build/square/retrofit/retrofit-converters/protobuf/target/test-classes
[INFO] 
[INFO] --- maven-surefire-plugin:2.12.4:test (default-test) @ converter-protobuf ---
[INFO] Tests are skipped.
[INFO] 
[INFO] --- animal-sniffer-maven-plugin:1.14:check (default) @ converter-protobuf ---
[INFO] Checking unresolved references to org.codehaus.mojo.signature:java16:1.1
[INFO] 
[INFO] --- maven-jar-plugin:2.4:jar (default-jar) @ converter-protobuf ---
[INFO] Building jar: /home/travis/build/square/retrofit/retrofit-converters/protobuf/target/converter-protobuf-2.1.1-SNAPSHOT.jar
[INFO] 
[INFO] --- maven-javadoc-plugin:2.10.3:jar (attach-javadocs) @ converter-protobuf ---
[INFO] Skipping javadoc generation
[INFO] 
[INFO] --- maven-checkstyle-plugin:2.15:checkstyle (default) @ converter-protobuf ---
[INFO] Starting audit...
Audit done.
[WARNING] Unable to locate Source XRef to link to - DISABLED
[INFO] 
[INFO] --- maven-install-plugin:2.4:install (default-install) @ converter-protobuf ---
[INFO] Installing /home/travis/build/square/retrofit/retrofit-converters/protobuf/target/converter-protobuf-2.1.1-SNAPSHOT.jar to /home/travis/.m2/repository/com/squareup/retrofit2/converter-protobuf/2.1.1-SNAPSHOT/converter-protobuf-2.1.1-SNAPSHOT.jar
[INFO] Installing /home/travis/build/square/retrofit/retrofit-converters/protobuf/pom.xml to /home/travis/.m2/repository/com/squareup/retrofit2/converter-protobuf/2.1.1-SNAPSHOT/converter-protobuf-2.1.1-SNAPSHOT.pom
[INFO]                                                                         
[INFO] ------------------------------------------------------------------------
[INFO] Building Converter: Nano Protocol Buffers 2.1.1-SNAPSHOT
[INFO] ------------------------------------------------------------------------
[INFO] Downloading: http://repo.maven.apache.org/maven2/com/google/protobuf/nano/protobuf-javanano/3.0.0-alpha-5/protobuf-javanano-3.0.0-alpha-5.pom
[INFO] Downloaded: http://repo.maven.apache.org/maven2/com/google/protobuf/nano/protobuf-javanano/3.0.0-alpha-5/protobuf-javanano-3.0.0-alpha-5.pom (11 KB at 60.1 KB/sec)
[INFO] Downloading: http://repo.maven.apache.org/maven2/com/google/protobuf/nano/protobuf-javanano/3.0.0-alpha-5/protobuf-javanano-3.0.0-alpha-5.jar
[INFO] Downloaded: http://repo.maven.apache.org/maven2/com/google/protobuf/nano/protobuf-javanano/3.0.0-alpha-5/protobuf-javanano-3.0.0-alpha-5.jar (50 KB at 570.0 KB/sec)
[INFO] 
[INFO] --- maven-enforcer-plugin:1.0:enforce (enforce-maven) @ converter-protobuf-nano ---
[INFO] 
[INFO] --- maven-resources-plugin:2.6:resources (default-resources) @ converter-protobuf-nano ---
[INFO] Using 'UTF-8' encoding to copy filtered resources.
[INFO] skip non existing resourceDirectory /home/travis/build/square/retrofit/retrofit-converters/protobuf-nano/src/main/resources
[INFO] 
[INFO] --- maven-compiler-plugin:3.0:compile (default-compile) @ converter-protobuf-nano ---
[INFO] Changes detected - recompiling the module!
[INFO] Compiling 3 source files to /home/travis/build/square/retrofit/retrofit-converters/protobuf-nano/target/classes
[WARNING] /home/travis/build/square/retrofit/retrofit-converters/protobuf-nano/src/main/java/retrofit2/converter/protobuf/nano/ProtoResponseBodyConverter.java: /home/travis/build/square/retrofit/retrofit-converters/protobuf-nano/src/main/java/retrofit2/converter/protobuf/nano/ProtoResponseBodyConverter.java uses unchecked or unsafe operations.
[WARNING] /home/travis/build/square/retrofit/retrofit-converters/protobuf-nano/src/main/java/retrofit2/converter/protobuf/nano/ProtoResponseBodyConverter.java: Recompile with -Xlint:unchecked for details.
[INFO] 
[INFO] --- maven-resources-plugin:2.6:testResources (default-testResources) @ converter-protobuf-nano ---
[INFO] Using 'UTF-8' encoding to copy filtered resources.
[INFO] skip non existing resourceDirectory /home/travis/build/square/retrofit/retrofit-converters/protobuf-nano/src/test/resources
[INFO] 
[INFO] --- maven-compiler-plugin:3.0:testCompile (default-testCompile) @ converter-protobuf-nano ---
[INFO] Changes detected - recompiling the module!
[INFO] Compiling 2 source files to /home/travis/build/square/retrofit/retrofit-converters/protobuf-nano/target/test-classes
[INFO] 
[INFO] --- maven-surefire-plugin:2.12.4:test (default-test) @ converter-protobuf-nano ---
[INFO] Tests are skipped.
[INFO] 
[INFO] --- animal-sniffer-maven-plugin:1.14:check (default) @ converter-protobuf-nano ---
[INFO] Checking unresolved references to org.codehaus.mojo.signature:java16:1.1
[INFO] 
[INFO] --- maven-jar-plugin:2.4:jar (default-jar) @ converter-protobuf-nano ---
[INFO] Building jar: /home/travis/build/square/retrofit/retrofit-converters/protobuf-nano/target/converter-protobuf-nano-2.1.1-SNAPSHOT.jar
[INFO] 
[INFO] --- maven-javadoc-plugin:2.10.3:jar (attach-javadocs) @ converter-protobuf-nano ---
[INFO] Skipping javadoc generation
[INFO] 
[INFO] --- maven-checkstyle-plugin:2.15:checkstyle (default) @ converter-protobuf-nano ---
[INFO] Starting audit...
Audit done.
[WARNING] Unable to locate Source XRef to link to - DISABLED
[INFO] 
[INFO] --- maven-install-plugin:2.4:install (default-install) @ converter-protobuf-nano ---
[INFO] Installing /home/travis/build/square/retrofit/retrofit-converters/protobuf-nano/target/converter-protobuf-nano-2.1.1-SNAPSHOT.jar to /home/travis/.m2/repository/com/squareup/retrofit2/converter-protobuf-nano/2.1.1-SNAPSHOT/converter-protobuf-nano-2.1.1-SNAPSHOT.jar
[INFO] Installing /home/travis/build/square/retrofit/retrofit-converters/protobuf-nano/pom.xml to /home/travis/.m2/repository/com/squareup/retrofit2/converter-protobuf-nano/2.1.1-SNAPSHOT/converter-protobuf-nano-2.1.1-SNAPSHOT.pom
[INFO]                                                                         
[INFO] ------------------------------------------------------------------------
[INFO] Building Converter: Jackson 2.1.1-SNAPSHOT
[INFO] ------------------------------------------------------------------------
[INFO] 
[INFO] --- maven-enforcer-plugin:1.0:enforce (enforce-maven) @ converter-jackson ---
[INFO] 
[INFO] --- maven-resources-plugin:2.6:resources (default-resources) @ converter-jackson ---
[INFO] Using 'UTF-8' encoding to copy filtered resources.
[INFO] skip non existing resourceDirectory /home/travis/build/square/retrofit/retrofit-converters/jackson/src/main/resources
[INFO] 
[INFO] --- maven-compiler-plugin:3.0:compile (default-compile) @ converter-jackson ---
[INFO] Changes detected - recompiling the module!
[INFO] Compiling 3 source files to /home/travis/build/square/retrofit/retrofit-converters/jackson/target/classes
[WARNING] /home/travis/build/square/retrofit/retrofit-converters/jackson/src/main/java/retrofit2/converter/jackson/JacksonConverterFactory.java: /home/travis/build/square/retrofit/retrofit-converters/jackson/src/main/java/retrofit2/converter/jackson/JacksonConverterFactory.java uses or overrides a deprecated API.
[WARNING] /home/travis/build/square/retrofit/retrofit-converters/jackson/src/main/java/retrofit2/converter/jackson/JacksonConverterFactory.java: Recompile with -Xlint:deprecation for details.
[INFO] 
[INFO] --- maven-resources-plugin:2.6:testResources (default-testResources) @ converter-jackson ---
[INFO] Using 'UTF-8' encoding to copy filtered resources.
[INFO] skip non existing resourceDirectory /home/travis/build/square/retrofit/retrofit-converters/jackson/src/test/resources
[INFO] 
[INFO] --- maven-compiler-plugin:3.0:testCompile (default-testCompile) @ converter-jackson ---
[INFO] Changes detected - recompiling the module!
[INFO] Compiling 1 source file to /home/travis/build/square/retrofit/retrofit-converters/jackson/target/test-classes
[WARNING] /home/travis/build/square/retrofit/retrofit-converters/jackson/src/test/java/retrofit2/converter/jackson/JacksonConverterFactoryTest.java: /home/travis/build/square/retrofit/retrofit-converters/jackson/src/test/java/retrofit2/converter/jackson/JacksonConverterFactoryTest.java uses or overrides a deprecated API.
[WARNING] /home/travis/build/square/retrofit/retrofit-converters/jackson/src/test/java/retrofit2/converter/jackson/JacksonConverterFactoryTest.java: Recompile with -Xlint:deprecation for details.
[INFO] 
[INFO] --- maven-surefire-plugin:2.12.4:test (default-test) @ converter-jackson ---
[INFO] Tests are skipped.
[INFO] 
[INFO] --- animal-sniffer-maven-plugin:1.14:check (default) @ converter-jackson ---
[INFO] Checking unresolved references to org.codehaus.mojo.signature:java16:1.1
[INFO] 
[INFO] --- maven-jar-plugin:2.4:jar (default-jar) @ converter-jackson ---
[INFO] Building jar: /home/travis/build/square/retrofit/retrofit-converters/jackson/target/converter-jackson-2.1.1-SNAPSHOT.jar
[INFO] 
[INFO] --- maven-javadoc-plugin:2.10.3:jar (attach-javadocs) @ converter-jackson ---
[INFO] Skipping javadoc generation
[INFO] 
[INFO] --- maven-checkstyle-plugin:2.15:checkstyle (default) @ converter-jackson ---
[INFO] Starting audit...
Audit done.
[WARNING] Unable to locate Source XRef to link to - DISABLED
[INFO] 
[INFO] --- maven-install-plugin:2.4:install (default-install) @ converter-jackson ---
[INFO] Installing /home/travis/build/square/retrofit/retrofit-converters/jackson/target/converter-jackson-2.1.1-SNAPSHOT.jar to /home/travis/.m2/repository/com/squareup/retrofit2/converter-jackson/2.1.1-SNAPSHOT/converter-jackson-2.1.1-SNAPSHOT.jar
[INFO] Installing /home/travis/build/square/retrofit/retrofit-converters/jackson/pom.xml to /home/travis/.m2/repository/com/squareup/retrofit2/converter-jackson/2.1.1-SNAPSHOT/converter-jackson-2.1.1-SNAPSHOT.pom
[INFO]                                                                         
[INFO] ------------------------------------------------------------------------
[INFO] Building Converter: Wire Protocol Buffers 2.1.1-SNAPSHOT
[INFO] ------------------------------------------------------------------------
[INFO] 
[INFO] --- maven-enforcer-plugin:1.0:enforce (enforce-maven) @ converter-wire ---
[INFO] 
[INFO] --- maven-resources-plugin:2.6:resources (default-resources) @ converter-wire ---
[INFO] Using 'UTF-8' encoding to copy filtered resources.
[INFO] skip non existing resourceDirectory /home/travis/build/square/retrofit/retrofit-converters/wire/src/main/resources
[INFO] 
[INFO] --- maven-compiler-plugin:3.0:compile (default-compile) @ converter-wire ---
[INFO] Changes detected - recompiling the module!
[INFO] Compiling 3 source files to /home/travis/build/square/retrofit/retrofit-converters/wire/target/classes
[WARNING] /home/travis/build/square/retrofit/retrofit-converters/wire/src/main/java/retrofit2/converter/wire/WireConverterFactory.java: /home/travis/build/square/retrofit/retrofit-converters/wire/src/main/java/retrofit2/converter/wire/WireConverterFactory.java uses unchecked or unsafe operations.
[WARNING] /home/travis/build/square/retrofit/retrofit-converters/wire/src/main/java/retrofit2/converter/wire/WireConverterFactory.java: Recompile with -Xlint:unchecked for details.
[INFO] 
[INFO] --- maven-resources-plugin:2.6:testResources (default-testResources) @ converter-wire ---
[INFO] Using 'UTF-8' encoding to copy filtered resources.
[INFO] skip non existing resourceDirectory /home/travis/build/square/retrofit/retrofit-converters/wire/src/test/resources
[INFO] 
[INFO] --- maven-compiler-plugin:3.0:testCompile (default-testCompile) @ converter-wire ---
[INFO] Changes detected - recompiling the module!
[INFO] Compiling 2 source files to /home/travis/build/square/retrofit/retrofit-converters/wire/target/test-classes
[INFO] 
[INFO] --- maven-surefire-plugin:2.12.4:test (default-test) @ converter-wire ---
[INFO] Tests are skipped.
[INFO] 
[INFO] --- animal-sniffer-maven-plugin:1.14:check (default) @ converter-wire ---
[INFO] Checking unresolved references to org.codehaus.mojo.signature:java16:1.1
[INFO] 
[INFO] --- maven-jar-plugin:2.4:jar (default-jar) @ converter-wire ---
[INFO] Building jar: /home/travis/build/square/retrofit/retrofit-converters/wire/target/converter-wire-2.1.1-SNAPSHOT.jar
[INFO] 
[INFO] --- maven-javadoc-plugin:2.10.3:jar (attach-javadocs) @ converter-wire ---
[INFO] Skipping javadoc generation
[INFO] 
[INFO] --- maven-checkstyle-plugin:2.15:checkstyle (default) @ converter-wire ---
[INFO] Starting audit...
Audit done.
[WARNING] Unable to locate Source XRef to link to - DISABLED
[INFO] 
[INFO] --- maven-install-plugin:2.4:install (default-install) @ converter-wire ---
[INFO] Installing /home/travis/build/square/retrofit/retrofit-converters/wire/target/converter-wire-2.1.1-SNAPSHOT.jar to /home/travis/.m2/repository/com/squareup/retrofit2/converter-wire/2.1.1-SNAPSHOT/converter-wire-2.1.1-SNAPSHOT.jar
[INFO] Installing /home/travis/build/square/retrofit/retrofit-converters/wire/pom.xml to /home/travis/.m2/repository/com/squareup/retrofit2/converter-wire/2.1.1-SNAPSHOT/converter-wire-2.1.1-SNAPSHOT.pom
[INFO]                                                                         
[INFO] ------------------------------------------------------------------------
[INFO] Building Converter: SimpleXML 2.1.1-SNAPSHOT
[INFO] ------------------------------------------------------------------------
[INFO] 
[INFO] --- maven-enforcer-plugin:1.0:enforce (enforce-maven) @ converter-simplexml ---
[INFO] 
[INFO] --- maven-resources-plugin:2.6:resources (default-resources) @ converter-simplexml ---
[INFO] Using 'UTF-8' encoding to copy filtered resources.
[INFO] skip non existing resourceDirectory /home/travis/build/square/retrofit/retrofit-converters/simplexml/src/main/resources
[INFO] 
[INFO] --- maven-compiler-plugin:3.0:compile (default-compile) @ converter-simplexml ---
[INFO] Changes detected - recompiling the module!
[INFO] Compiling 3 source files to /home/travis/build/square/retrofit/retrofit-converters/simplexml/target/classes
[INFO] 
[INFO] --- maven-resources-plugin:2.6:testResources (default-testResources) @ converter-simplexml ---
[INFO] Using 'UTF-8' encoding to copy filtered resources.
[INFO] skip non existing resourceDirectory /home/travis/build/square/retrofit/retrofit-converters/simplexml/src/test/resources
[INFO] 
[INFO] --- maven-compiler-plugin:3.0:testCompile (default-testCompile) @ converter-simplexml ---
[INFO] Changes detected - recompiling the module!
[INFO] Compiling 2 source files to /home/travis/build/square/retrofit/retrofit-converters/simplexml/target/test-classes
[INFO] 
[INFO] --- maven-surefire-plugin:2.12.4:test (default-test) @ converter-simplexml ---
[INFO] Tests are skipped.
[INFO] 
[INFO] --- animal-sniffer-maven-plugin:1.14:check (default) @ converter-simplexml ---
[INFO] Checking unresolved references to org.codehaus.mojo.signature:java16:1.1
[INFO] 
[INFO] --- maven-jar-plugin:2.4:jar (default-jar) @ converter-simplexml ---
[INFO] Building jar: /home/travis/build/square/retrofit/retrofit-converters/simplexml/target/converter-simplexml-2.1.1-SNAPSHOT.jar
[INFO] 
[INFO] --- maven-javadoc-plugin:2.10.3:jar (attach-javadocs) @ converter-simplexml ---
[INFO] Skipping javadoc generation
[INFO] 
[INFO] --- maven-checkstyle-plugin:2.15:checkstyle (default) @ converter-simplexml ---
[INFO] Starting audit...
Audit done.
[WARNING] Unable to locate Source XRef to link to - DISABLED
[INFO] 
[INFO] --- maven-install-plugin:2.4:install (default-install) @ converter-simplexml ---
[INFO] Installing /home/travis/build/square/retrofit/retrofit-converters/simplexml/target/converter-simplexml-2.1.1-SNAPSHOT.jar to /home/travis/.m2/repository/com/squareup/retrofit2/converter-simplexml/2.1.1-SNAPSHOT/converter-simplexml-2.1.1-SNAPSHOT.jar
[INFO] Installing /home/travis/build/square/retrofit/retrofit-converters/simplexml/pom.xml to /home/travis/.m2/repository/com/squareup/retrofit2/converter-simplexml/2.1.1-SNAPSHOT/converter-simplexml-2.1.1-SNAPSHOT.pom
[INFO]                                                                         
[INFO] ------------------------------------------------------------------------
[INFO] Building Converter: Java Scalars 2.1.1-SNAPSHOT
[INFO] ------------------------------------------------------------------------
[INFO] 
[INFO] --- maven-enforcer-plugin:1.0:enforce (enforce-maven) @ converter-scalars ---
[INFO] 
[INFO] --- maven-resources-plugin:2.6:resources (default-resources) @ converter-scalars ---
[INFO] Using 'UTF-8' encoding to copy filtered resources.
[INFO] skip non existing resourceDirectory /home/travis/build/square/retrofit/retrofit-converters/scalars/src/main/resources
[INFO] 
[INFO] --- maven-compiler-plugin:3.0:compile (default-compile) @ converter-scalars ---
[INFO] Changes detected - recompiling the module!
[INFO] Compiling 3 source files to /home/travis/build/square/retrofit/retrofit-converters/scalars/target/classes
[INFO] 
[INFO] --- maven-resources-plugin:2.6:testResources (default-testResources) @ converter-scalars ---
[INFO] Using 'UTF-8' encoding to copy filtered resources.
[INFO] skip non existing resourceDirectory /home/travis/build/square/retrofit/retrofit-converters/scalars/src/test/resources
[INFO] 
[INFO] --- maven-compiler-plugin:3.0:testCompile (default-testCompile) @ converter-scalars ---
[INFO] Changes detected - recompiling the module!
[INFO] Compiling 2 source files to /home/travis/build/square/retrofit/retrofit-converters/scalars/target/test-classes
[INFO] 
[INFO] --- maven-surefire-plugin:2.12.4:test (default-test) @ converter-scalars ---
[INFO] Tests are skipped.
[INFO] 
[INFO] --- animal-sniffer-maven-plugin:1.14:check (default) @ converter-scalars ---
[INFO] Checking unresolved references to org.codehaus.mojo.signature:java16:1.1
[INFO] 
[INFO] --- maven-jar-plugin:2.4:jar (default-jar) @ converter-scalars ---
[INFO] Building jar: /home/travis/build/square/retrofit/retrofit-converters/scalars/target/converter-scalars-2.1.1-SNAPSHOT.jar
[INFO] 
[INFO] --- maven-javadoc-plugin:2.10.3:jar (attach-javadocs) @ converter-scalars ---
[INFO] Skipping javadoc generation
[INFO] 
[INFO] --- maven-checkstyle-plugin:2.15:checkstyle (default) @ converter-scalars ---
[INFO] Starting audit...
Audit done.
[WARNING] Unable to locate Source XRef to link to - DISABLED
[INFO] 
[INFO] --- maven-install-plugin:2.4:install (default-install) @ converter-scalars ---
[INFO] Installing /home/travis/build/square/retrofit/retrofit-converters/scalars/target/converter-scalars-2.1.1-SNAPSHOT.jar to /home/travis/.m2/repository/com/squareup/retrofit2/converter-scalars/2.1.1-SNAPSHOT/converter-scalars-2.1.1-SNAPSHOT.jar
[INFO] Installing /home/travis/build/square/retrofit/retrofit-converters/scalars/pom.xml to /home/travis/.m2/repository/com/squareup/retrofit2/converter-scalars/2.1.1-SNAPSHOT/converter-scalars-2.1.1-SNAPSHOT.pom
[INFO]                                                                         
[INFO] ------------------------------------------------------------------------
[INFO] Building Converter: Moshi 2.1.1-SNAPSHOT
[INFO] ------------------------------------------------------------------------
[INFO] 
[INFO] --- maven-enforcer-plugin:1.0:enforce (enforce-maven) @ converter-moshi ---
[INFO] 
[INFO] --- maven-resources-plugin:2.6:resources (default-resources) @ converter-moshi ---
[INFO] Using 'UTF-8' encoding to copy filtered resources.
[INFO] skip non existing resourceDirectory /home/travis/build/square/retrofit/retrofit-converters/moshi/src/main/resources
[INFO] 
[INFO] --- maven-compiler-plugin:3.0:compile (default-compile) @ converter-moshi ---
[INFO] Changes detected - recompiling the module!
[INFO] Compiling 3 source files to /home/travis/build/square/retrofit/retrofit-converters/moshi/target/classes
[INFO] 
[INFO] --- maven-resources-plugin:2.6:testResources (default-testResources) @ converter-moshi ---
[INFO] Using 'UTF-8' encoding to copy filtered resources.
[INFO] skip non existing resourceDirectory /home/travis/build/square/retrofit/retrofit-converters/moshi/src/test/resources
[INFO] 
[INFO] --- maven-compiler-plugin:3.0:testCompile (default-testCompile) @ converter-moshi ---
[INFO] Changes detected - recompiling the module!
[INFO] Compiling 1 source file to /home/travis/build/square/retrofit/retrofit-converters/moshi/target/test-classes
[INFO] 
[INFO] --- maven-surefire-plugin:2.12.4:test (default-test) @ converter-moshi ---
[INFO] Tests are skipped.
[INFO] 
[INFO] --- animal-sniffer-maven-plugin:1.14:check (default) @ converter-moshi ---
[INFO] Checking unresolved references to org.codehaus.mojo.signature:java16:1.1
[INFO] 
[INFO] --- maven-jar-plugin:2.4:jar (default-jar) @ converter-moshi ---
[INFO] Building jar: /home/travis/build/square/retrofit/retrofit-converters/moshi/target/converter-moshi-2.1.1-SNAPSHOT.jar
[INFO] 
[INFO] --- maven-javadoc-plugin:2.10.3:jar (attach-javadocs) @ converter-moshi ---
[INFO] Skipping javadoc generation
[INFO] 
[INFO] --- maven-checkstyle-plugin:2.15:checkstyle (default) @ converter-moshi ---
[INFO] Starting audit...
Audit done.
[WARNING] Unable to locate Source XRef to link to - DISABLED
[INFO] 
[INFO] --- maven-install-plugin:2.4:install (default-install) @ converter-moshi ---
[INFO] Installing /home/travis/build/square/retrofit/retrofit-converters/moshi/target/converter-moshi-2.1.1-SNAPSHOT.jar to /home/travis/.m2/repository/com/squareup/retrofit2/converter-moshi/2.1.1-SNAPSHOT/converter-moshi-2.1.1-SNAPSHOT.jar
[INFO] Installing /home/travis/build/square/retrofit/retrofit-converters/moshi/pom.xml to /home/travis/.m2/repository/com/squareup/retrofit2/converter-moshi/2.1.1-SNAPSHOT/converter-moshi-2.1.1-SNAPSHOT.pom
[INFO]                                                                         
[INFO] ------------------------------------------------------------------------
[INFO] Building Retrofit Mock Adapter 2.1.1-SNAPSHOT
[INFO] ------------------------------------------------------------------------
[INFO] 
[INFO] --- maven-enforcer-plugin:1.0:enforce (enforce-maven) @ retrofit-mock ---
[INFO] 
[INFO] --- maven-resources-plugin:2.6:resources (default-resources) @ retrofit-mock ---
[INFO] Using 'UTF-8' encoding to copy filtered resources.
[INFO] skip non existing resourceDirectory /home/travis/build/square/retrofit/retrofit-mock/src/main/resources
[INFO] 
[INFO] --- maven-compiler-plugin:3.0:compile (default-compile) @ retrofit-mock ---
[INFO] Changes detected - recompiling the module!
[INFO] Compiling 5 source files to /home/travis/build/square/retrofit/retrofit-mock/target/classes
[INFO] 
[INFO] --- maven-resources-plugin:2.6:testResources (default-testResources) @ retrofit-mock ---
[INFO] Using 'UTF-8' encoding to copy filtered resources.
[INFO] skip non existing resourceDirectory /home/travis/build/square/retrofit/retrofit-mock/src/test/resources
[INFO] 
[INFO] --- maven-compiler-plugin:3.0:testCompile (default-testCompile) @ retrofit-mock ---
[INFO] Changes detected - recompiling the module!
[INFO] Compiling 3 source files to /home/travis/build/square/retrofit/retrofit-mock/target/test-classes
[INFO] 
[INFO] --- maven-surefire-plugin:2.12.4:test (default-test) @ retrofit-mock ---
[INFO] Tests are skipped.
[INFO] 
[INFO] --- animal-sniffer-maven-plugin:1.14:check (default) @ retrofit-mock ---
[INFO] Checking unresolved references to org.codehaus.mojo.signature:java16:1.1
[INFO] 
[INFO] --- maven-jar-plugin:2.4:jar (default-jar) @ retrofit-mock ---
[INFO] Building jar: /home/travis/build/square/retrofit/retrofit-mock/target/retrofit-mock-2.1.1-SNAPSHOT.jar
[INFO] 
[INFO] --- maven-javadoc-plugin:2.10.3:jar (attach-javadocs) @ retrofit-mock ---
[INFO] Skipping javadoc generation
[INFO] 
[INFO] --- maven-checkstyle-plugin:2.15:checkstyle (default) @ retrofit-mock ---
[INFO] Starting audit...
Audit done.
[WARNING] Unable to locate Source XRef to link to - DISABLED
[INFO] 
[INFO] --- maven-install-plugin:2.4:install (default-install) @ retrofit-mock ---
[INFO] Installing /home/travis/build/square/retrofit/retrofit-mock/target/retrofit-mock-2.1.1-SNAPSHOT.jar to /home/travis/.m2/repository/com/squareup/retrofit2/retrofit-mock/2.1.1-SNAPSHOT/retrofit-mock-2.1.1-SNAPSHOT.jar
[INFO] Installing /home/travis/build/square/retrofit/retrofit-mock/pom.xml to /home/travis/.m2/repository/com/squareup/retrofit2/retrofit-mock/2.1.1-SNAPSHOT/retrofit-mock-2.1.1-SNAPSHOT.pom
[INFO]                                                                         
[INFO] ------------------------------------------------------------------------
[INFO] Building Samples 2.1.1-SNAPSHOT
[INFO] ------------------------------------------------------------------------
[INFO] 
[INFO] --- maven-enforcer-plugin:1.0:enforce (enforce-maven) @ samples ---
[INFO] 
[INFO] --- maven-resources-plugin:2.6:resources (default-resources) @ samples ---
[INFO] Using 'UTF-8' encoding to copy filtered resources.
[INFO] skip non existing resourceDirectory /home/travis/build/square/retrofit/samples/src/main/resources
[INFO] 
[INFO] --- maven-compiler-plugin:3.0:compile (default-compile) @ samples ---
[INFO] Changes detected - recompiling the module!
[INFO] Compiling 9 source files to /home/travis/build/square/retrofit/samples/target/classes
[INFO] 
[INFO] --- maven-resources-plugin:2.6:testResources (default-testResources) @ samples ---
[INFO] Using 'UTF-8' encoding to copy filtered resources.
[INFO] skip non existing resourceDirectory /home/travis/build/square/retrofit/samples/src/test/resources
[INFO] 
[INFO] --- maven-compiler-plugin:3.0:testCompile (default-testCompile) @ samples ---
[INFO] No sources to compile
[INFO] 
[INFO] --- maven-surefire-plugin:2.12.4:test (default-test) @ samples ---
[INFO] Tests are skipped.
[INFO] 
[INFO] --- animal-sniffer-maven-plugin:1.14:check (default) @ samples ---
[INFO] Checking unresolved references to org.codehaus.mojo.signature:java16:1.1
[INFO] 
[INFO] --- maven-jar-plugin:2.4:jar (default-jar) @ samples ---
[INFO] Building jar: /home/travis/build/square/retrofit/samples/target/samples-2.1.1-SNAPSHOT.jar
[INFO] 
[INFO] --- maven-javadoc-plugin:2.10.3:jar (attach-javadocs) @ samples ---
[INFO] Skipping javadoc generation
[INFO] 
[INFO] --- maven-checkstyle-plugin:2.15:checkstyle (default) @ samples ---
[INFO] Starting audit...
Audit done.
[WARNING] Unable to locate Source XRef to link to - DISABLED
[INFO] 
[INFO] --- maven-install-plugin:2.4:install (default-install) @ samples ---
[INFO] Installing /home/travis/build/square/retrofit/samples/target/samples-2.1.1-SNAPSHOT.jar to /home/travis/.m2/repository/com/squareup/retrofit2/samples/2.1.1-SNAPSHOT/samples-2.1.1-SNAPSHOT.jar
[INFO] Installing /home/travis/build/square/retrofit/samples/pom.xml to /home/travis/.m2/repository/com/squareup/retrofit2/samples/2.1.1-SNAPSHOT/samples-2.1.1-SNAPSHOT.pom
[INFO] ------------------------------------------------------------------------
[INFO] Reactor Summary:
[INFO] 
[INFO] Retrofit (Parent) .................................. SUCCESS [  7.330 s]
[INFO] Retrofit ........................................... SUCCESS [ 19.248 s]
[INFO] Adapters ........................................... SUCCESS [  0.447 s]
[INFO] Adapter: Guava ..................................... SUCCESS [  3.766 s]
[INFO] Adapter: Java 8 .................................... SUCCESS [  2.275 s]
[INFO] Adapter: RxJava .................................... SUCCESS [  2.379 s]
[INFO] Converters ......................................... SUCCESS [  0.368 s]
[INFO] Converter: Gson .................................... SUCCESS [  1.105 s]
[INFO] Converter: Protocol Buffers ........................ SUCCESS [  1.320 s]
[INFO] Converter: Nano Protocol Buffers ................... SUCCESS [  2.026 s]
[INFO] Converter: Jackson ................................. SUCCESS [  1.688 s]
[INFO] Converter: Wire Protocol Buffers ................... SUCCESS [  1.466 s]
[INFO] Converter: SimpleXML ............................... SUCCESS [  1.203 s]
[INFO] Converter: Java Scalars ............................ SUCCESS [  1.033 s]
[INFO] Converter: Moshi ................................... SUCCESS [  0.871 s]
[INFO] Retrofit Mock Adapter .............................. SUCCESS [  1.212 s]
[INFO] Samples ............................................ SUCCESS [  2.068 s]
[INFO] ------------------------------------------------------------------------
[INFO] BUILD SUCCESS
[INFO] ------------------------------------------------------------------------
[INFO] Total time: 50.344 s
[INFO] Finished at: 2016-06-24T19:25:35+00:00
[INFO] Final Memory: 48M/425M
[INFO] ------------------------------------------------------------------------

travis_time:end:03ef69f7:start=1466796282496368783,finish=1466796337318260831,duration=54821892048[0Ktravis_fold:end:install[0Ktravis_time:start:12598f82[0K$ mvn test -B
Java HotSpot(TM) 64-Bit Server VM warning: ignoring option MaxPermSize=192m; support was removed in 8.0
[INFO] Scanning for projects...
[WARNING] 
[WARNING] Some problems were encountered while building the effective model for com.squareup.retrofit2:samples:jar:2.1.1-SNAPSHOT
[WARNING] 'build.plugins.plugin.version' for org.apache.maven.plugins:maven-deploy-plugin is missing. @ com.squareup.retrofit2:samples:[unknown-version], /home/travis/build/square/retrofit/samples/pom.xml, line 55, column 15
[WARNING] 
[WARNING] It is highly recommended to fix these problems because they threaten the stability of your build.
[WARNING] 
[WARNING] For this reason, future Maven versions might no longer support building such malformed projects.
[WARNING] 
[INFO] ------------------------------------------------------------------------
[INFO] Reactor Build Order:
[INFO] 
[INFO] Retrofit (Parent)
[INFO] Retrofit
[INFO] Adapters
[INFO] Adapter: Guava
[INFO] Adapter: Java 8
[INFO] Adapter: RxJava
[INFO] Converters
[INFO] Converter: Gson
[INFO] Converter: Protocol Buffers
[INFO] Converter: Nano Protocol Buffers
[INFO] Converter: Jackson
[INFO] Converter: Wire Protocol Buffers
[INFO] Converter: SimpleXML
[INFO] Converter: Java Scalars
[INFO] Converter: Moshi
[INFO] Retrofit Mock Adapter
[INFO] Samples
[INFO]                                                                         
[INFO] ------------------------------------------------------------------------
[INFO] Building Retrofit (Parent) 2.1.1-SNAPSHOT
[INFO] ------------------------------------------------------------------------
[INFO] 
[INFO] --- maven-enforcer-plugin:1.0:enforce (enforce-maven) @ parent ---
[INFO] 
[INFO] --- animal-sniffer-maven-plugin:1.14:check (default) @ parent ---
[INFO] Checking unresolved references to org.codehaus.mojo.signature:java16:1.1
[INFO]                                                                         
[INFO] ------------------------------------------------------------------------
[INFO] Building Retrofit 2.1.1-SNAPSHOT
[INFO] ------------------------------------------------------------------------
[INFO] 
[INFO] --- maven-enforcer-plugin:1.0:enforce (enforce-maven) @ retrofit ---
[INFO] 
[INFO] --- maven-resources-plugin:2.6:resources (default-resources) @ retrofit ---
[INFO] Using 'UTF-8' encoding to copy filtered resources.
[INFO] skip non existing resourceDirectory /home/travis/build/square/retrofit/retrofit/src/main/resources
[INFO] 
[INFO] --- maven-compiler-plugin:3.0:compile (default-compile) @ retrofit ---
[INFO] Changes detected - recompiling the module!
[INFO] Compiling 40 source files to /home/travis/build/square/retrofit/retrofit/target/classes
[WARNING] /home/travis/build/square/retrofit/retrofit/src/main/java/retrofit2/Retrofit.java: Some input files use unchecked or unsafe operations.
[WARNING] /home/travis/build/square/retrofit/retrofit/src/main/java/retrofit2/Retrofit.java: Recompile with -Xlint:unchecked for details.
[INFO] 
[INFO] --- maven-resources-plugin:2.6:testResources (default-testResources) @ retrofit ---
[INFO] Using 'UTF-8' encoding to copy filtered resources.
[INFO] skip non existing resourceDirectory /home/travis/build/square/retrofit/retrofit/src/test/resources
[INFO] 
[INFO] --- maven-compiler-plugin:3.0:testCompile (default-testCompile) @ retrofit ---
[INFO] Changes detected - recompiling the module!
[INFO] Compiling 14 source files to /home/travis/build/square/retrofit/retrofit/target/test-classes
[WARNING] /home/travis/build/square/retrofit/retrofit/src/test/java/retrofit2/RetrofitTest.java: /home/travis/build/square/retrofit/retrofit/src/test/java/retrofit2/RetrofitTest.java uses unchecked or unsafe operations.
[WARNING] /home/travis/build/square/retrofit/retrofit/src/test/java/retrofit2/RetrofitTest.java: Recompile with -Xlint:unchecked for details.
[INFO] 
[INFO] --- maven-surefire-plugin:2.12.4:test (default-test) @ retrofit ---
[INFO] Surefire report directory: /home/travis/build/square/retrofit/retrofit/target/surefire-reports

-------------------------------------------------------
 T E S T S
-------------------------------------------------------
Running retrofit2.CallTest
Jun 24, 2016 7:25:50 PM okhttp3.mockwebserver.MockWebServer$3 execute
INFO: MockWebServer[48790] starting to accept connections
Jun 24, 2016 7:25:50 PM okhttp3.mockwebserver.MockWebServer$3 acceptConnections
INFO: MockWebServer[48790] done accepting connections: Socket closed
Jun 24, 2016 7:25:50 PM okhttp3.mockwebserver.MockWebServer$3 execute
INFO: MockWebServer[58024] starting to accept connections
Jun 24, 2016 7:25:50 PM okhttp3.mockwebserver.MockWebServer$4 processOneRequest
INFO: MockWebServer[58024] received request: GET / HTTP/1.1 and responded: HTTP/1.1 200 OK
Jun 24, 2016 7:25:50 PM okhttp3.mockwebserver.MockWebServer$3 acceptConnections
INFO: MockWebServer[58024] done accepting connections: Socket closed
Jun 24, 2016 7:25:50 PM okhttp3.mockwebserver.MockWebServer$3 execute
INFO: MockWebServer[39611] starting to accept connections
Jun 24, 2016 7:25:50 PM okhttp3.mockwebserver.MockWebServer$3 acceptConnections
INFO: MockWebServer[39611] done accepting connections: Socket closed
Jun 24, 2016 7:25:50 PM okhttp3.mockwebserver.MockWebServer$4 processOneRequest
INFO: MockWebServer[39611] received request: GET / HTTP/1.1 and responded: HTTP/1.1 404 Client Error
Jun 24, 2016 7:25:50 PM okhttp3.mockwebserver.MockWebServer$3 execute
INFO: MockWebServer[33964] starting to accept connections
Jun 24, 2016 7:25:51 PM okhttp3.mockwebserver.MockWebServer$4 processOneRequest
INFO: MockWebServer[33964] received request: POST /Hello HTTP/1.1 and responded: HTTP/1.1 200 OK
Jun 24, 2016 7:25:51 PM okhttp3.mockwebserver.MockWebServer$3 acceptConnections
INFO: MockWebServer[33964] done accepting connections: Socket closed
Jun 24, 2016 7:25:51 PM okhttp3.mockwebserver.MockWebServer$3 execute
INFO: MockWebServer[51658] starting to accept connections
Jun 24, 2016 7:25:51 PM okhttp3.mockwebserver.MockWebServer$3 acceptConnections
INFO: MockWebServer[51658] done accepting connections: Socket closed
Jun 24, 2016 7:25:51 PM okhttp3.mockwebserver.MockWebServer$3 execute
INFO: MockWebServer[55300] starting to accept connections
Jun 24, 2016 7:25:51 PM okhttp3.mockwebserver.MockWebServer$3 acceptConnections
INFO: MockWebServer[55300] done accepting connections: Socket closed
Jun 24, 2016 7:25:51 PM okhttp3.mockwebserver.MockWebServer$3 execute
INFO: MockWebServer[36430] starting to accept connections
Jun 24, 2016 7:25:51 PM okhttp3.mockwebserver.MockWebServer$3 acceptConnections
INFO: MockWebServer[36430] done accepting connections: Socket closed
Jun 24, 2016 7:25:51 PM okhttp3.mockwebserver.MockWebServer$4 processOneRequest
INFO: MockWebServer[36430] received request: GET / HTTP/1.1 and responded: HTTP/1.1 200 OK
Jun 24, 2016 7:25:51 PM okhttp3.mockwebserver.MockWebServer$3 execute
INFO: MockWebServer[47376] starting to accept connections
Jun 24, 2016 7:25:51 PM okhttp3.mockwebserver.MockWebServer$4 processOneRequest
INFO: MockWebServer[47376] received request: GET / HTTP/1.1 and responded: HTTP/1.1 200 OK
Jun 24, 2016 7:25:51 PM okhttp3.mockwebserver.MockWebServer$3 acceptConnections
INFO: MockWebServer[47376] done accepting connections: Socket closed
Jun 24, 2016 7:25:51 PM okhttp3.mockwebserver.MockWebServer$3 execute
INFO: MockWebServer[34597] starting to accept connections
Jun 24, 2016 7:25:51 PM okhttp3.mockwebserver.MockWebServer$3 acceptConnections
INFO: MockWebServer[34597] done accepting connections: Socket closed
Jun 24, 2016 7:25:51 PM okhttp3.mockwebserver.MockWebServer$3 execute
INFO: MockWebServer[43279] starting to accept connections
Jun 24, 2016 7:25:51 PM okhttp3.mockwebserver.MockWebServer$3 acceptConnections
INFO: MockWebServer[43279] done accepting connections: Socket closed
Jun 24, 2016 7:25:51 PM okhttp3.mockwebserver.MockWebServer$4 processOneRequest
INFO: MockWebServer[43279] received request: POST /Hello HTTP/1.1 and responded: HTTP/1.1 200 OK
Jun 24, 2016 7:25:51 PM okhttp3.mockwebserver.MockWebServer$3 execute
INFO: MockWebServer[34193] starting to accept connections
Jun 24, 2016 7:25:51 PM okhttp3.mockwebserver.MockWebServer$4 processOneRequest
INFO: MockWebServer[34193] received request: POST /Hello HTTP/1.1 and responded: HTTP/1.1 200 OK
Jun 24, 2016 7:25:51 PM okhttp3.mockwebserver.MockWebServer$3 acceptConnections
INFO: MockWebServer[34193] done accepting connections: Socket closed
Jun 24, 2016 7:25:51 PM okhttp3.mockwebserver.MockWebServer$3 execute
INFO: MockWebServer[60567] starting to accept connections
Jun 24, 2016 7:25:51 PM okhttp3.mockwebserver.MockWebServer$3 acceptConnections
INFO: MockWebServer[60567] done accepting connections: Socket closed
Jun 24, 2016 7:25:51 PM okhttp3.mockwebserver.MockWebServer$3 execute
INFO: MockWebServer[49839] starting to accept connections
Jun 24, 2016 7:25:51 PM okhttp3.mockwebserver.MockWebServer$4 processOneRequest
INFO: MockWebServer[49839] received request: GET / HTTP/1.1 and responded: HTTP/1.1 404 Client Error
Jun 24, 2016 7:25:51 PM okhttp3.mockwebserver.MockWebServer$3 acceptConnections
INFO: MockWebServer[49839] done accepting connections: Socket closed
Jun 24, 2016 7:25:51 PM okhttp3.mockwebserver.MockWebServer$3 execute
INFO: MockWebServer[50649] starting to accept connections
Jun 24, 2016 7:25:51 PM okhttp3.mockwebserver.MockWebServer$4 processOneRequest
INFO: MockWebServer[50649] received request: POST / HTTP/1.1 and responded: HTTP/1.1 200 OK
Jun 24, 2016 7:25:51 PM okhttp3.mockwebserver.MockWebServer$3 acceptConnections
INFO: MockWebServer[50649] done accepting connections: Socket closed
Jun 24, 2016 7:25:51 PM okhttp3.mockwebserver.MockWebServer$3 execute
INFO: MockWebServer[49523] starting to accept connections
Jun 24, 2016 7:25:51 PM okhttp3.mockwebserver.MockWebServer$4 processOneRequest
INFO: MockWebServer[49523] received request: GET / HTTP/1.1 and responded: HTTP/1.1 204 Nothin
Jun 24, 2016 7:25:51 PM okhttp3.mockwebserver.MockWebServer$3 acceptConnections
INFO: MockWebServer[49523] done accepting connections: Socket closed
Jun 24, 2016 7:25:51 PM okhttp3.mockwebserver.MockWebServer$3 execute
INFO: MockWebServer[37538] starting to accept connections
Jun 24, 2016 7:25:51 PM okhttp3.mockwebserver.MockWebServer$3 acceptConnections
INFO: MockWebServer[37538] done accepting connections: Socket closed
Jun 24, 2016 7:25:51 PM okhttp3.mockwebserver.MockWebServer$3 execute
INFO: MockWebServer[36002] starting to accept connections
Jun 24, 2016 7:25:51 PM okhttp3.mockwebserver.MockWebServer$4 processOneRequest
INFO: MockWebServer[36002] received request: GET / HTTP/1.1 and responded: HTTP/1.1 200 OK
Jun 24, 2016 7:25:51 PM okhttp3.mockwebserver.MockWebServer$3 acceptConnections
INFO: MockWebServer[36002] done accepting connections: Socket closed
Jun 24, 2016 7:25:51 PM okhttp3.mockwebserver.MockWebServer$3 execute
INFO: MockWebServer[50628] starting to accept connections
Jun 24, 2016 7:25:51 PM okhttp3.mockwebserver.MockWebServer$4 processOneRequest
INFO: MockWebServer[50628] received request: POST /Hello HTTP/1.1 and responded: HTTP/1.1 200 OK
Jun 24, 2016 7:25:51 PM okhttp3.mockwebserver.MockWebServer$3 acceptConnections
INFO: MockWebServer[50628] done accepting connections: Socket closed
Jun 24, 2016 7:25:51 PM okhttp3.mockwebserver.MockWebServer$3 execute
INFO: MockWebServer[40165] starting to accept connections
Jun 24, 2016 7:25:51 PM okhttp3.mockwebserver.MockWebServer$4 processOneRequest
INFO: MockWebServer[40165] received request: GET / HTTP/1.1 and responded: HTTP/1.1 200 OK
Jun 24, 2016 7:25:51 PM okhttp3.mockwebserver.MockWebServer$3 acceptConnections
INFO: MockWebServer[40165] done accepting connections: Socket closed
Jun 24, 2016 7:25:51 PM okhttp3.mockwebserver.MockWebServer$3 execute
INFO: MockWebServer[37358] starting to accept connections
Jun 24, 2016 7:25:51 PM okhttp3.mockwebserver.MockWebServer$3 acceptConnections
INFO: MockWebServer[37358] done accepting connections: Socket closed
Jun 24, 2016 7:25:51 PM okhttp3.mockwebserver.MockWebServer$4 processOneRequest
INFO: MockWebServer[37358] received request: POST / HTTP/1.1 and responded: HTTP/1.1 200 OK
Jun 24, 2016 7:25:51 PM okhttp3.mockwebserver.MockWebServer$3 execute
INFO: MockWebServer[59406] starting to accept connections
Jun 24, 2016 7:25:51 PM okhttp3.mockwebserver.MockWebServer$3 acceptConnections
INFO: MockWebServer[59406] done accepting connections: Socket closed
Jun 24, 2016 7:25:51 PM okhttp3.mockwebserver.MockWebServer$3 execute
INFO: MockWebServer[41925] starting to accept connections
Jun 24, 2016 7:25:51 PM okhttp3.mockwebserver.MockWebServer$3 acceptConnections
INFO: MockWebServer[41925] done accepting connections: Socket is closed
Jun 24, 2016 7:25:51 PM okhttp3.mockwebserver.MockWebServer$3 execute
INFO: MockWebServer[54371] starting to accept connections
Jun 24, 2016 7:25:51 PM okhttp3.mockwebserver.MockWebServer$3 acceptConnections
INFO: MockWebServer[54371] done accepting connections: Socket is closed
Jun 24, 2016 7:25:51 PM okhttp3.mockwebserver.MockWebServer$3 execute
INFO: MockWebServer[35323] starting to accept connections
Jun 24, 2016 7:25:51 PM okhttp3.mockwebserver.MockWebServer$3 acceptConnections
INFO: MockWebServer[35323] done accepting connections: Socket closed
Jun 24, 2016 7:25:51 PM okhttp3.mockwebserver.MockWebServer$4 processOneRequest
INFO: MockWebServer[35323] received request: GET / HTTP/1.1 and responded: HTTP/1.1 200 OK
Jun 24, 2016 7:25:51 PM okhttp3.mockwebserver.MockWebServer$3 execute
INFO: MockWebServer[43743] starting to accept connections
Jun 24, 2016 7:25:51 PM okhttp3.mockwebserver.MockWebServer$3 acceptConnections
INFO: MockWebServer[43743] done accepting connections: Socket closed
Jun 24, 2016 7:25:51 PM okhttp3.mockwebserver.MockWebServer$4 processOneRequest
INFO: MockWebServer[43743] received request: GET / HTTP/1.1 and responded: HTTP/1.1 200 OK
Jun 24, 2016 7:25:51 PM okhttp3.mockwebserver.MockWebServer$3 execute
INFO: MockWebServer[36627] starting to accept connections
Jun 24, 2016 7:25:51 PM okhttp3.mockwebserver.MockWebServer$4 processOneRequest
INFO: MockWebServer[36627] received request: GET / HTTP/1.1 and responded: HTTP/1.1 205 Nothin
Jun 24, 2016 7:25:51 PM okhttp3.mockwebserver.MockWebServer$3 acceptConnections
INFO: MockWebServer[36627] done accepting connections: Socket closed
Jun 24, 2016 7:25:51 PM okhttp3.mockwebserver.MockWebServer$3 execute
INFO: MockWebServer[56473] starting to accept connections
Jun 24, 2016 7:25:51 PM okhttp3.mockwebserver.MockWebServer$4 processOneRequest
INFO: MockWebServer[56473] received request: GET / HTTP/1.1 and responded: HTTP/1.1 200 OK
Jun 24, 2016 7:25:51 PM okhttp3.mockwebserver.MockWebServer$4 processOneRequest
INFO: MockWebServer[56473] received request: GET / HTTP/1.1 and responded: HTTP/1.1 200 OK
Jun 24, 2016 7:25:51 PM okhttp3.mockwebserver.MockWebServer$3 acceptConnections
INFO: MockWebServer[56473] done accepting connections: Socket closed
Jun 24, 2016 7:25:51 PM okhttp3.mockwebserver.MockWebServer$3 execute
INFO: MockWebServer[59385] starting to accept connections
Jun 24, 2016 7:25:51 PM okhttp3.mockwebserver.MockWebServer$3 acceptConnections
INFO: MockWebServer[59385] done accepting connections: Socket closed
Jun 24, 2016 7:25:51 PM okhttp3.mockwebserver.MockWebServer$4 processOneRequest
INFO: MockWebServer[59385] received request: GET / HTTP/1.1 and responded: HTTP/1.1 200 OK
Jun 24, 2016 7:25:51 PM okhttp3.mockwebserver.MockWebServer$3 execute
INFO: MockWebServer[46823] starting to accept connections
Jun 24, 2016 7:25:51 PM okhttp3.mockwebserver.MockWebServer$3 acceptConnections
INFO: MockWebServer[46823] done accepting connections: Socket closed
Jun 24, 2016 7:25:51 PM okhttp3.mockwebserver.MockWebServer$3 execute
INFO: MockWebServer[44212] starting to accept connections
Jun 24, 2016 7:25:51 PM okhttp3.mockwebserver.MockWebServer$3 acceptConnections
INFO: MockWebServer[44212] done accepting connections: Socket is closed
Jun 24, 2016 7:25:51 PM okhttp3.mockwebserver.MockWebServer$3 execute
INFO: MockWebServer[53057] starting to accept connections
Jun 24, 2016 7:25:51 PM okhttp3.mockwebserver.MockWebServer$3 acceptConnections
INFO: MockWebServer[53057] done accepting connections: Socket is closed
Jun 24, 2016 7:25:51 PM okhttp3.mockwebserver.MockWebServer$3 execute
INFO: MockWebServer[38837] starting to accept connections
Jun 24, 2016 7:25:51 PM okhttp3.mockwebserver.MockWebServer$4 processOneRequest
INFO: MockWebServer[38837] received request: GET / HTTP/1.1 and responded: HTTP/1.1 200 OK
Jun 24, 2016 7:25:51 PM okhttp3.mockwebserver.MockWebServer$3 acceptConnections
INFO: MockWebServer[38837] done accepting connections: Socket closed
Jun 24, 2016 7:25:51 PM okhttp3.mockwebserver.MockWebServer$3 execute
INFO: MockWebServer[38319] starting to accept connections
Jun 24, 2016 7:25:51 PM okhttp3.mockwebserver.MockWebServer$3 acceptConnections
INFO: MockWebServer[38319] done accepting connections: Socket closed
Jun 24, 2016 7:25:51 PM okhttp3.mockwebserver.MockWebServer$4 processOneRequest
INFO: MockWebServer[38319] received request: GET / HTTP/1.1 and responded: HTTP/1.1 200 OK
Jun 24, 2016 7:25:51 PM okhttp3.mockwebserver.MockWebServer$3 execute
INFO: MockWebServer[44010] starting to accept connections
Jun 24, 2016 7:25:51 PM okhttp3.mockwebserver.MockWebServer$4 processOneRequest
INFO: MockWebServer[44010] received request: GET / HTTP/1.1 and responded: HTTP/1.1 200 OK
Jun 24, 2016 7:25:51 PM okhttp3.mockwebserver.MockWebServer$3 acceptConnections
INFO: MockWebServer[44010] done accepting connections: Socket closed
Tests run: 34, Failures: 0, Errors: 0, Skipped: 0, Time elapsed: 1.195 sec
Running retrofit2.RequestBuilderTest
Tests run: 139, Failures: 0, Errors: 0, Skipped: 2, Time elapsed: 0.274 sec
Running retrofit2.ExecutorCallAdapterFactoryTest
Tests run: 7, Failures: 0, Errors: 0, Skipped: 0, Time elapsed: 0.095 sec
Running retrofit2.ServiceMethodTest
Tests run: 1, Failures: 0, Errors: 0, Skipped: 0, Time elapsed: 0.003 sec
Running retrofit2.RetrofitTest
Jun 24, 2016 7:25:52 PM okhttp3.mockwebserver.MockWebServer$3 execute
INFO: MockWebServer[41680] starting to accept connections
Jun 24, 2016 7:25:52 PM okhttp3.mockwebserver.MockWebServer$3 acceptConnections
INFO: MockWebServer[41680] done accepting connections: Socket closed
Jun 24, 2016 7:25:52 PM okhttp3.mockwebserver.MockWebServer$3 execute
INFO: MockWebServer[33606] starting to accept connections
Jun 24, 2016 7:25:52 PM okhttp3.mockwebserver.MockWebServer$3 acceptConnections
INFO: MockWebServer[33606] done accepting connections: Socket is closed
Jun 24, 2016 7:25:52 PM okhttp3.mockwebserver.MockWebServer$3 execute
INFO: MockWebServer[32980] starting to accept connections
Jun 24, 2016 7:25:52 PM okhttp3.mockwebserver.MockWebServer$3 acceptConnections
INFO: MockWebServer[32980] done accepting connections: Socket is closed
Jun 24, 2016 7:25:52 PM okhttp3.mockwebserver.MockWebServer$3 execute
INFO: MockWebServer[58402] starting to accept connections
Jun 24, 2016 7:25:52 PM okhttp3.mockwebserver.MockWebServer$3 acceptConnections
INFO: MockWebServer[58402] done accepting connections: Socket is closed
Jun 24, 2016 7:25:52 PM okhttp3.mockwebserver.MockWebServer$3 execute
INFO: MockWebServer[45256] starting to accept connections
Jun 24, 2016 7:25:52 PM okhttp3.mockwebserver.MockWebServer$3 acceptConnections
INFO: MockWebServer[45256] done accepting connections: Socket is closed
Jun 24, 2016 7:25:52 PM okhttp3.mockwebserver.MockWebServer$3 execute
INFO: MockWebServer[53509] starting to accept connections
Jun 24, 2016 7:25:52 PM okhttp3.mockwebserver.MockWebServer$3 acceptConnections
INFO: MockWebServer[53509] done accepting connections: Socket closed
Jun 24, 2016 7:25:52 PM okhttp3.mockwebserver.MockWebServer$4 processOneRequest
INFO: MockWebServer[53509] received request: GET / HTTP/1.1 and responded: HTTP/1.1 200 OK
Jun 24, 2016 7:25:52 PM okhttp3.mockwebserver.MockWebServer$3 execute
INFO: MockWebServer[45624] starting to accept connections
Jun 24, 2016 7:25:52 PM okhttp3.mockwebserver.MockWebServer$3 acceptConnections
INFO: MockWebServer[45624] done accepting connections: Socket is closed
Jun 24, 2016 7:25:52 PM okhttp3.mockwebserver.MockWebServer$3 execute
INFO: MockWebServer[56379] starting to accept connections
Jun 24, 2016 7:25:52 PM okhttp3.mockwebserver.MockWebServer$3 acceptConnections
INFO: MockWebServer[56379] done accepting connections: Socket is closed
Jun 24, 2016 7:25:52 PM okhttp3.mockwebserver.MockWebServer$3 execute
INFO: MockWebServer[59123] starting to accept connections
Jun 24, 2016 7:25:52 PM okhttp3.mockwebserver.MockWebServer$3 acceptConnections
INFO: MockWebServer[59123] done accepting connections: Socket is closed
Jun 24, 2016 7:25:52 PM okhttp3.mockwebserver.MockWebServer$3 execute
INFO: MockWebServer[38825] starting to accept connections
Jun 24, 2016 7:25:52 PM okhttp3.mockwebserver.MockWebServer$3 acceptConnections
INFO: MockWebServer[38825] done accepting connections: Socket is closed
Jun 24, 2016 7:25:52 PM okhttp3.mockwebserver.MockWebServer$3 execute
INFO: MockWebServer[50842] starting to accept connections
Jun 24, 2016 7:25:52 PM okhttp3.mockwebserver.MockWebServer$3 acceptConnections
INFO: MockWebServer[50842] done accepting connections: Socket is closed
Jun 24, 2016 7:25:52 PM okhttp3.mockwebserver.MockWebServer$3 execute
INFO: MockWebServer[60124] starting to accept connections
Jun 24, 2016 7:25:52 PM okhttp3.mockwebserver.MockWebServer$3 acceptConnections
INFO: MockWebServer[60124] done accepting connections: Socket is closed
Jun 24, 2016 7:25:52 PM okhttp3.mockwebserver.MockWebServer$3 execute
INFO: MockWebServer[56253] starting to accept connections
Jun 24, 2016 7:25:52 PM okhttp3.mockwebserver.MockWebServer$3 acceptConnections
INFO: MockWebServer[56253] done accepting connections: Socket is closed
Jun 24, 2016 7:25:52 PM okhttp3.mockwebserver.MockWebServer$3 execute
INFO: MockWebServer[44352] starting to accept connections
Jun 24, 2016 7:25:52 PM okhttp3.mockwebserver.MockWebServer$3 acceptConnections
INFO: MockWebServer[44352] done accepting connections: Socket is closed
Jun 24, 2016 7:25:52 PM okhttp3.mockwebserver.MockWebServer$3 execute
INFO: MockWebServer[34629] starting to accept connections
Jun 24, 2016 7:25:52 PM okhttp3.mockwebserver.MockWebServer$3 acceptConnections
INFO: MockWebServer[34629] done accepting connections: Socket closed
Jun 24, 2016 7:25:52 PM okhttp3.mockwebserver.MockWebServer$3 execute
INFO: MockWebServer[49512] starting to accept connections
Jun 24, 2016 7:25:52 PM okhttp3.mockwebserver.MockWebServer$4 processOneRequest
INFO: MockWebServer[49512] received request: GET / HTTP/1.1 and responded: HTTP/1.1 200 OK
Jun 24, 2016 7:25:52 PM okhttp3.mockwebserver.MockWebServer$3 acceptConnections
INFO: MockWebServer[49512] done accepting connections: Socket closed
Jun 24, 2016 7:25:52 PM okhttp3.mockwebserver.MockWebServer$3 execute
INFO: MockWebServer[41373] starting to accept connections
Jun 24, 2016 7:25:52 PM okhttp3.mockwebserver.MockWebServer$3 acceptConnections
INFO: MockWebServer[41373] done accepting connections: Socket is closed
Jun 24, 2016 7:25:52 PM okhttp3.mockwebserver.MockWebServer$3 execute
INFO: MockWebServer[44284] starting to accept connections
Jun 24, 2016 7:25:52 PM okhttp3.mockwebserver.MockWebServer$3 acceptConnections
INFO: MockWebServer[44284] done accepting connections: Socket closed
Jun 24, 2016 7:25:52 PM okhttp3.mockwebserver.MockWebServer$3 execute
INFO: MockWebServer[36529] starting to accept connections
Jun 24, 2016 7:25:52 PM okhttp3.mockwebserver.MockWebServer$4 processOneRequest
INFO: MockWebServer[36529] received request: GET / HTTP/1.1 and responded: HTTP/1.1 200 OK
Jun 24, 2016 7:25:52 PM okhttp3.mockwebserver.MockWebServer$3 acceptConnections
INFO: MockWebServer[36529] done accepting connections: Socket closed
Jun 24, 2016 7:25:52 PM okhttp3.mockwebserver.MockWebServer$3 execute
INFO: MockWebServer[46319] starting to accept connections
Jun 24, 2016 7:25:52 PM okhttp3.mockwebserver.MockWebServer$3 acceptConnections
INFO: MockWebServer[46319] done accepting connections: Socket closed
Jun 24, 2016 7:25:52 PM okhttp3.mockwebserver.MockWebServer$3 execute
INFO: MockWebServer[33852] starting to accept connections
Jun 24, 2016 7:25:52 PM okhttp3.mockwebserver.MockWebServer$3 acceptConnections
INFO: MockWebServer[33852] done accepting connections: Socket closed
Jun 24, 2016 7:25:52 PM okhttp3.mockwebserver.MockWebServer$4 processOneRequest
INFO: MockWebServer[33852] received request: POST / HTTP/1.1 and responded: HTTP/1.1 200 OK
Jun 24, 2016 7:25:52 PM okhttp3.mockwebserver.MockWebServer$3 execute
INFO: MockWebServer[55252] starting to accept connections
Jun 24, 2016 7:25:52 PM okhttp3.mockwebserver.MockWebServer$3 acceptConnections
INFO: MockWebServer[55252] done accepting connections: Socket closed
Jun 24, 2016 7:25:52 PM okhttp3.mockwebserver.MockWebServer$3 execute
INFO: MockWebServer[46705] starting to accept connections
Jun 24, 2016 7:25:52 PM okhttp3.mockwebserver.MockWebServer$3 acceptConnections
INFO: MockWebServer[46705] done accepting connections: Socket closed
Jun 24, 2016 7:25:52 PM okhttp3.mockwebserver.MockWebServer$3 execute
INFO: MockWebServer[48588] starting to accept connections
Jun 24, 2016 7:25:52 PM okhttp3.mockwebserver.MockWebServer$3 acceptConnections
INFO: MockWebServer[48588] done accepting connections: Socket closed
Jun 24, 2016 7:25:52 PM okhttp3.mockwebserver.MockWebServer$3 execute
INFO: MockWebServer[48496] starting to accept connections
Jun 24, 2016 7:25:52 PM okhttp3.mockwebserver.MockWebServer$3 acceptConnections
INFO: MockWebServer[48496] done accepting connections: Socket closed
Jun 24, 2016 7:25:52 PM okhttp3.mockwebserver.MockWebServer$3 execute
INFO: MockWebServer[39701] starting to accept connections
Jun 24, 2016 7:25:52 PM okhttp3.mockwebserver.MockWebServer$3 acceptConnections
INFO: MockWebServer[39701] done accepting connections: Socket is closed
Jun 24, 2016 7:25:52 PM okhttp3.mockwebserver.MockWebServer$3 execute
INFO: MockWebServer[41512] starting to accept connections
Jun 24, 2016 7:25:52 PM okhttp3.mockwebserver.MockWebServer$3 acceptConnections
INFO: MockWebServer[41512] done accepting connections: Socket is closed
Jun 24, 2016 7:25:52 PM okhttp3.mockwebserver.MockWebServer$3 execute
INFO: MockWebServer[35705] starting to accept connections
Jun 24, 2016 7:25:52 PM okhttp3.mockwebserver.MockWebServer$3 acceptConnections
INFO: MockWebServer[35705] done accepting connections: Socket is closed
Jun 24, 2016 7:25:52 PM okhttp3.mockwebserver.MockWebServer$3 execute
INFO: MockWebServer[38251] starting to accept connections
Jun 24, 2016 7:25:52 PM okhttp3.mockwebserver.MockWebServer$4 processOneRequest
INFO: MockWebServer[38251] received request: GET / HTTP/1.1 and responded: HTTP/1.1 200 OK
Jun 24, 2016 7:25:52 PM okhttp3.mockwebserver.MockWebServer$3 acceptConnections
INFO: MockWebServer[38251] done accepting connections: Socket closed
Jun 24, 2016 7:25:52 PM okhttp3.mockwebserver.MockWebServer$3 execute
INFO: MockWebServer[32857] starting to accept connections
Jun 24, 2016 7:25:52 PM okhttp3.mockwebserver.MockWebServer$3 acceptConnections
INFO: MockWebServer[32857] done accepting connections: Socket is closed
Jun 24, 2016 7:25:52 PM okhttp3.mockwebserver.MockWebServer$3 execute
INFO: MockWebServer[41465] starting to accept connections
Jun 24, 2016 7:25:52 PM okhttp3.mockwebserver.MockWebServer$3 acceptConnections
INFO: MockWebServer[41465] done accepting connections: Socket closed
Jun 24, 2016 7:25:52 PM okhttp3.mockwebserver.MockWebServer$3 execute
INFO: MockWebServer[33690] starting to accept connections
Jun 24, 2016 7:25:52 PM okhttp3.mockwebserver.MockWebServer$3 acceptConnections
INFO: MockWebServer[33690] done accepting connections: Socket is closed
Jun 24, 2016 7:25:52 PM okhttp3.mockwebserver.MockWebServer$3 execute
INFO: MockWebServer[34729] starting to accept connections
Jun 24, 2016 7:25:52 PM okhttp3.mockwebserver.MockWebServer$3 acceptConnections
INFO: MockWebServer[34729] done accepting connections: Socket closed
Jun 24, 2016 7:25:52 PM okhttp3.mockwebserver.MockWebServer$3 execute
INFO: MockWebServer[56559] starting to accept connections
Jun 24, 2016 7:25:52 PM okhttp3.mockwebserver.MockWebServer$4 processOneRequest
INFO: MockWebServer[56559] received request: GET / HTTP/1.1 and responded: HTTP/1.1 200 OK
Jun 24, 2016 7:25:52 PM okhttp3.mockwebserver.MockWebServer$4 processOneRequest
INFO: MockWebServer[56559] received request: GET / HTTP/1.1 and responded: HTTP/1.1 200 OK
Jun 24, 2016 7:25:52 PM okhttp3.mockwebserver.MockWebServer$3 acceptConnections
INFO: MockWebServer[56559] done accepting connections: Socket closed
Jun 24, 2016 7:25:52 PM okhttp3.mockwebserver.MockWebServer$3 execute
INFO: MockWebServer[40774] starting to accept connections
Jun 24, 2016 7:25:52 PM okhttp3.mockwebserver.MockWebServer$3 acceptConnections
INFO: MockWebServer[40774] done accepting connections: Socket closed
Jun 24, 2016 7:25:52 PM okhttp3.mockwebserver.MockWebServer$3 execute
INFO: MockWebServer[41675] starting to accept connections
Jun 24, 2016 7:25:52 PM okhttp3.mockwebserver.MockWebServer$3 acceptConnections
INFO: MockWebServer[41675] done accepting connections: Socket is closed
Jun 24, 2016 7:25:52 PM okhttp3.mockwebserver.MockWebServer$3 execute
INFO: MockWebServer[39316] starting to accept connections
Jun 24, 2016 7:25:52 PM okhttp3.mockwebserver.MockWebServer$3 acceptConnections
INFO: MockWebServer[39316] done accepting connections: Socket closed
Jun 24, 2016 7:25:52 PM okhttp3.mockwebserver.MockWebServer$3 execute
INFO: MockWebServer[42928] starting to accept connections
Jun 24, 2016 7:25:52 PM okhttp3.mockwebserver.MockWebServer$3 acceptConnections
INFO: MockWebServer[42928] done accepting connections: Socket closed
Jun 24, 2016 7:25:52 PM okhttp3.mockwebserver.MockWebServer$3 execute
INFO: MockWebServer[49568] starting to accept connections
Jun 24, 2016 7:25:52 PM okhttp3.mockwebserver.MockWebServer$3 acceptConnections
INFO: MockWebServer[49568] done accepting connections: Socket is closed
Jun 24, 2016 7:25:52 PM okhttp3.mockwebserver.MockWebServer$3 execute
INFO: MockWebServer[58049] starting to accept connections
Jun 24, 2016 7:25:52 PM okhttp3.mockwebserver.MockWebServer$3 acceptConnections
INFO: MockWebServer[58049] done accepting connections: Socket is closed
Jun 24, 2016 7:25:52 PM okhttp3.mockwebserver.MockWebServer$3 execute
INFO: MockWebServer[59727] starting to accept connections
Jun 24, 2016 7:25:52 PM okhttp3.mockwebserver.MockWebServer$3 acceptConnections
INFO: MockWebServer[59727] done accepting connections: Socket closed
Jun 24, 2016 7:25:52 PM okhttp3.mockwebserver.MockWebServer$3 execute
INFO: MockWebServer[38831] starting to accept connections
Jun 24, 2016 7:25:52 PM okhttp3.mockwebserver.MockWebServer$3 acceptConnections
INFO: MockWebServer[38831] done accepting connections: Socket closed
Jun 24, 2016 7:25:52 PM okhttp3.mockwebserver.MockWebServer$3 execute
INFO: MockWebServer[34803] starting to accept connections
Jun 24, 2016 7:25:52 PM okhttp3.mockwebserver.MockWebServer$3 acceptConnections
INFO: MockWebServer[34803] done accepting connections: Socket is closed
Jun 24, 2016 7:25:52 PM okhttp3.mockwebserver.MockWebServer$3 execute
INFO: MockWebServer[44715] starting to accept connections
Jun 24, 2016 7:25:52 PM okhttp3.mockwebserver.MockWebServer$3 acceptConnections
INFO: MockWebServer[44715] done accepting connections: Socket is closed
Jun 24, 2016 7:25:52 PM okhttp3.mockwebserver.MockWebServer$3 execute
INFO: MockWebServer[34886] starting to accept connections
Jun 24, 2016 7:25:52 PM okhttp3.mockwebserver.MockWebServer$3 acceptConnections
INFO: MockWebServer[34886] done accepting connections: Socket is closed
Jun 24, 2016 7:25:52 PM okhttp3.mockwebserver.MockWebServer$3 execute
INFO: MockWebServer[54743] starting to accept connections
Jun 24, 2016 7:25:52 PM okhttp3.mockwebserver.MockWebServer$3 acceptConnections
INFO: MockWebServer[54743] done accepting connections: Socket is closed
Jun 24, 2016 7:25:52 PM okhttp3.mockwebserver.MockWebServer$3 execute
INFO: MockWebServer[49650] starting to accept connections
Jun 24, 2016 7:25:52 PM okhttp3.mockwebserver.MockWebServer$4 processOneRequest
INFO: MockWebServer[49650] received request: GET /?i=101 HTTP/1.1 and responded: HTTP/1.1 200 OK
Jun 24, 2016 7:25:52 PM okhttp3.mockwebserver.MockWebServer$4 processOneRequest
INFO: MockWebServer[49650] received request: GET /?i=201 HTTP/1.1 and responded: HTTP/1.1 200 OK
Jun 24, 2016 7:25:52 PM okhttp3.mockwebserver.MockWebServer$3 acceptConnections
INFO: MockWebServer[49650] done accepting connections: Socket closed
Jun 24, 2016 7:25:52 PM okhttp3.mockwebserver.MockWebServer$3 execute
INFO: MockWebServer[38163] starting to accept connections
Jun 24, 2016 7:25:52 PM okhttp3.mockwebserver.MockWebServer$3 acceptConnections
INFO: MockWebServer[38163] done accepting connections: Socket closed
Jun 24, 2016 7:25:52 PM okhttp3.mockwebserver.MockWebServer$3 execute
INFO: MockWebServer[43537] starting to accept connections
Jun 24, 2016 7:25:52 PM okhttp3.mockwebserver.MockWebServer$3 acceptConnections
INFO: MockWebServer[43537] done accepting connections: Socket closed
Jun 24, 2016 7:25:52 PM okhttp3.mockwebserver.MockWebServer$3 execute
INFO: MockWebServer[56080] starting to accept connections
Jun 24, 2016 7:25:52 PM okhttp3.mockwebserver.MockWebServer$3 acceptConnections
INFO: MockWebServer[56080] done accepting connections: Socket closed
Jun 24, 2016 7:25:52 PM okhttp3.mockwebserver.MockWebServer$3 execute
INFO: MockWebServer[60931] starting to accept connections
Jun 24, 2016 7:25:52 PM okhttp3.mockwebserver.MockWebServer$3 acceptConnections
INFO: MockWebServer[60931] done accepting connections: Socket is closed
Jun 24, 2016 7:25:52 PM okhttp3.mockwebserver.MockWebServer$3 execute
INFO: MockWebServer[32860] starting to accept connections
Jun 24, 2016 7:25:52 PM okhttp3.mockwebserver.MockWebServer$3 acceptConnections
INFO: MockWebServer[32860] done accepting connections: Socket closed
Jun 24, 2016 7:25:52 PM okhttp3.mockwebserver.MockWebServer$3 execute
INFO: MockWebServer[52527] starting to accept connections
Jun 24, 2016 7:25:52 PM okhttp3.mockwebserver.MockWebServer$3 acceptConnections
INFO: MockWebServer[52527] done accepting connections: Socket is closed
Jun 24, 2016 7:25:52 PM okhttp3.mockwebserver.MockWebServer$3 execute
INFO: MockWebServer[56013] starting to accept connections
Jun 24, 2016 7:25:52 PM okhttp3.mockwebserver.MockWebServer$3 acceptConnections
INFO: MockWebServer[56013] done accepting connections: Socket closed
Jun 24, 2016 7:25:52 PM okhttp3.mockwebserver.MockWebServer$3 execute
INFO: MockWebServer[52233] starting to accept connections
Jun 24, 2016 7:25:52 PM okhttp3.mockwebserver.MockWebServer$3 acceptConnections
INFO: MockWebServer[52233] done accepting connections: Socket closed
Jun 24, 2016 7:25:52 PM okhttp3.mockwebserver.MockWebServer$3 execute
INFO: MockWebServer[58299] starting to accept connections
Jun 24, 2016 7:25:52 PM okhttp3.mockwebserver.MockWebServer$3 acceptConnections
INFO: MockWebServer[58299] done accepting connections: Socket closed
Jun 24, 2016 7:25:52 PM okhttp3.mockwebserver.MockWebServer$3 execute
INFO: MockWebServer[36622] starting to accept connections
Jun 24, 2016 7:25:52 PM okhttp3.mockwebserver.MockWebServer$3 acceptConnections
INFO: MockWebServer[36622] done accepting connections: Socket is closed
Jun 24, 2016 7:25:52 PM okhttp3.mockwebserver.MockWebServer$3 execute
INFO: MockWebServer[39103] starting to accept connections
Jun 24, 2016 7:25:52 PM okhttp3.mockwebserver.MockWebServer$3 acceptConnections
INFO: MockWebServer[39103] done accepting connections: Socket closed
Jun 24, 2016 7:25:52 PM okhttp3.mockwebserver.MockWebServer$3 execute
INFO: MockWebServer[39884] starting to accept connections
Jun 24, 2016 7:25:52 PM okhttp3.mockwebserver.MockWebServer$3 acceptConnections
INFO: MockWebServer[39884] done accepting connections: Socket closed
Jun 24, 2016 7:25:52 PM okhttp3.mockwebserver.MockWebServer$3 execute
INFO: MockWebServer[56950] starting to accept connections
Jun 24, 2016 7:25:52 PM okhttp3.mockwebserver.MockWebServer$3 acceptConnections
INFO: MockWebServer[56950] done accepting connections: Socket closed
Jun 24, 2016 7:25:52 PM okhttp3.mockwebserver.MockWebServer$3 execute
INFO: MockWebServer[45537] starting to accept connections
Jun 24, 2016 7:25:52 PM okhttp3.mockwebserver.MockWebServer$3 acceptConnections
INFO: MockWebServer[45537] done accepting connections: Socket closed
Jun 24, 2016 7:25:52 PM okhttp3.mockwebserver.MockWebServer$3 execute
INFO: MockWebServer[56333] starting to accept connections
Jun 24, 2016 7:25:52 PM okhttp3.mockwebserver.MockWebServer$3 acceptConnections
INFO: MockWebServer[56333] done accepting connections: Socket closed
Jun 24, 2016 7:25:52 PM okhttp3.mockwebserver.MockWebServer$3 execute
INFO: MockWebServer[43550] starting to accept connections
Jun 24, 2016 7:25:52 PM okhttp3.mockwebserver.MockWebServer$3 acceptConnections
INFO: MockWebServer[43550] done accepting connections: Socket closed
Jun 24, 2016 7:25:52 PM okhttp3.mockwebserver.MockWebServer$3 execute
INFO: MockWebServer[44152] starting to accept connections
Jun 24, 2016 7:25:52 PM okhttp3.mockwebserver.MockWebServer$3 acceptConnections
INFO: MockWebServer[44152] done accepting connections: Socket closed
Tests run: 64, Failures: 0, Errors: 0, Skipped: 0, Time elapsed: 0.736 sec
Running retrofit2.RequestBuilderAndroidTest
WARNING: No manifest file found at ./AndroidManifest.xml.Falling back to the Android OS resources only.
To remove this warning, annotate your test class with @Config(manifest=Config.NONE).
WARNING: No manifest file found at ./AndroidManifest.xml.Falling back to the Android OS resources only.
To remove this warning, annotate your test class with @Config(manifest=Config.NONE).
Tests run: 2, Failures: 0, Errors: 0, Skipped: 0, Time elapsed: 7.05 sec
Running retrofit2.CallAdapterTest
Tests run: 4, Failures: 0, Errors: 0, Skipped: 0, Time elapsed: 0.018 sec
Running retrofit2.ResponseTest
Tests run: 14, Failures: 0, Errors: 0, Skipped: 0, Time elapsed: 0.037 sec

Results :

Tests run: 265, Failures: 0, Errors: 0, Skipped: 2

[INFO] 
[INFO] --- animal-sniffer-maven-plugin:1.14:check (default) @ retrofit ---
[INFO] Checking unresolved references to org.codehaus.mojo.signature:java16:1.1
[INFO]                                                                         
[INFO] ------------------------------------------------------------------------
[INFO] Building Adapters 2.1.1-SNAPSHOT
[INFO] ------------------------------------------------------------------------
[INFO] 
[INFO] --- maven-enforcer-plugin:1.0:enforce (enforce-maven) @ retrofit-adapters ---
[INFO] 
[INFO] --- animal-sniffer-maven-plugin:1.14:check (default) @ retrofit-adapters ---
[INFO] Checking unresolved references to org.codehaus.mojo.signature:java16:1.1
[INFO]                                                                         
[INFO] ------------------------------------------------------------------------
[INFO] Building Adapter: Guava 2.1.1-SNAPSHOT
[INFO] ------------------------------------------------------------------------
[INFO] 
[INFO] --- maven-enforcer-plugin:1.0:enforce (enforce-maven) @ adapter-guava ---
[INFO] 
[INFO] --- maven-resources-plugin:2.6:resources (default-resources) @ adapter-guava ---
[INFO] Using 'UTF-8' encoding to copy filtered resources.
[INFO] skip non existing resourceDirectory /home/travis/build/square/retrofit/retrofit-adapters/guava/src/main/resources
[INFO] 
[INFO] --- maven-compiler-plugin:3.0:compile (default-compile) @ adapter-guava ---
[INFO] Changes detected - recompiling the module!
[INFO] Compiling 2 source files to /home/travis/build/square/retrofit/retrofit-adapters/guava/target/classes
[INFO] 
[INFO] --- maven-resources-plugin:2.6:testResources (default-testResources) @ adapter-guava ---
[INFO] Using 'UTF-8' encoding to copy filtered resources.
[INFO] skip non existing resourceDirectory /home/travis/build/square/retrofit/retrofit-adapters/guava/src/test/resources
[INFO] 
[INFO] --- maven-compiler-plugin:3.0:testCompile (default-testCompile) @ adapter-guava ---
[INFO] Changes detected - recompiling the module!
[INFO] Compiling 3 source files to /home/travis/build/square/retrofit/retrofit-adapters/guava/target/test-classes
[INFO] 
[INFO] --- maven-surefire-plugin:2.12.4:test (default-test) @ adapter-guava ---
[INFO] Surefire report directory: /home/travis/build/square/retrofit/retrofit-adapters/guava/target/surefire-reports

-------------------------------------------------------
 T E S T S
-------------------------------------------------------
Running retrofit2.adapter.guava.ListenableFutureTest
Jun 24, 2016 7:26:02 PM okhttp3.mockwebserver.MockWebServer$3 execute
INFO: MockWebServer[55728] starting to accept connections
Jun 24, 2016 7:26:02 PM okhttp3.mockwebserver.MockWebServer$4 processOneRequest
INFO: MockWebServer[55728] received request: GET / HTTP/1.1 and responded: HTTP/1.1 200 OK
Jun 24, 2016 7:26:02 PM okhttp3.mockwebserver.MockWebServer$3 acceptConnections
INFO: MockWebServer[55728] done accepting connections: Socket closed
Jun 24, 2016 7:26:02 PM okhttp3.mockwebserver.MockWebServer$3 execute
INFO: MockWebServer[56719] starting to accept connections
Jun 24, 2016 7:26:02 PM okhttp3.mockwebserver.MockWebServer$3 acceptConnections
INFO: MockWebServer[56719] done accepting connections: Socket closed
Jun 24, 2016 7:26:02 PM okhttp3.mockwebserver.MockWebServer$4 processOneRequest
INFO: MockWebServer[56719] received request: GET / HTTP/1.1 and responded: HTTP/1.1 404 Client Error
Jun 24, 2016 7:26:02 PM okhttp3.mockwebserver.MockWebServer$3 execute
INFO: MockWebServer[38780] starting to accept connections
Jun 24, 2016 7:26:02 PM okhttp3.mockwebserver.MockWebServer$4 processConnection
WARNING: MockWebServer[38780] connection from /127.0.0.1 didn't make a request
Jun 24, 2016 7:26:02 PM okhttp3.mockwebserver.MockWebServer$3 acceptConnections
INFO: MockWebServer[38780] done accepting connections: Socket closed
Jun 24, 2016 7:26:02 PM okhttp3.mockwebserver.MockWebServer$3 execute
INFO: MockWebServer[37977] starting to accept connections
Jun 24, 2016 7:26:02 PM okhttp3.mockwebserver.MockWebServer$3 acceptConnections
INFO: MockWebServer[37977] done accepting connections: Socket closed
Jun 24, 2016 7:26:02 PM okhttp3.mockwebserver.MockWebServer$4 processOneRequest
INFO: MockWebServer[37977] received request: GET / HTTP/1.1 and responded: HTTP/1.1 200 OK
Jun 24, 2016 7:26:02 PM okhttp3.mockwebserver.MockWebServer$3 execute
INFO: MockWebServer[51201] starting to accept connections
Jun 24, 2016 7:26:02 PM okhttp3.mockwebserver.MockWebServer$4 processOneRequest
INFO: MockWebServer[51201] received request: GET / HTTP/1.1 and responded: HTTP/1.1 404 Client Error
Jun 24, 2016 7:26:02 PM okhttp3.mockwebserver.MockWebServer$3 acceptConnections
INFO: MockWebServer[51201] done accepting connections: Socket closed
Jun 24, 2016 7:26:02 PM okhttp3.mockwebserver.MockWebServer$3 execute
INFO: MockWebServer[51713] starting to accept connections
Jun 24, 2016 7:26:02 PM okhttp3.mockwebserver.MockWebServer$4 processConnection
WARNING: MockWebServer[51713] connection from /127.0.0.1 didn't make a request
Jun 24, 2016 7:26:02 PM okhttp3.mockwebserver.MockWebServer$3 acceptConnections
INFO: MockWebServer[51713] done accepting connections: Socket closed
Tests run: 6, Failures: 0, Errors: 0, Skipped: 0, Time elapsed: 0.66 sec
Running retrofit2.adapter.guava.GuavaCallAdapterFactoryTest
Jun 24, 2016 7:26:02 PM okhttp3.mockwebserver.MockWebServer$3 execute
INFO: MockWebServer[38806] starting to accept connections
Jun 24, 2016 7:26:02 PM okhttp3.mockwebserver.MockWebServer$3 acceptConnections
INFO: MockWebServer[38806] done accepting connections: Socket is closed
Jun 24, 2016 7:26:02 PM okhttp3.mockwebserver.MockWebServer$3 execute
INFO: MockWebServer[47929] starting to accept connections
Jun 24, 2016 7:26:02 PM okhttp3.mockwebserver.MockWebServer$3 acceptConnections
INFO: MockWebServer[47929] done accepting connections: Socket is closed
Jun 24, 2016 7:26:02 PM okhttp3.mockwebserver.MockWebServer$3 execute
INFO: MockWebServer[38130] starting to accept connections
Jun 24, 2016 7:26:02 PM okhttp3.mockwebserver.MockWebServer$3 acceptConnections
INFO: MockWebServer[38130] done accepting connections: Socket is closed
Jun 24, 2016 7:26:02 PM okhttp3.mockwebserver.MockWebServer$3 execute
INFO: MockWebServer[44295] starting to accept connections
Jun 24, 2016 7:26:02 PM okhttp3.mockwebserver.MockWebServer$3 acceptConnections
INFO: MockWebServer[44295] done accepting connections: Socket is closed
Tests run: 4, Failures: 0, Errors: 0, Skipped: 0, Time elapsed: 0.055 sec

Results :

Tests run: 10, Failures: 0, Errors: 0, Skipped: 0

[INFO] 
[INFO] --- animal-sniffer-maven-plugin:1.14:check (default) @ adapter-guava ---
[INFO] Checking unresolved references to org.codehaus.mojo.signature:java16:1.1
[INFO]                                                                         
[INFO] ------------------------------------------------------------------------
[INFO] Building Adapter: Java 8 2.1.1-SNAPSHOT
[INFO] ------------------------------------------------------------------------
[INFO] 
[INFO] --- maven-enforcer-plugin:1.0:enforce (enforce-maven) @ adapter-java8 ---
[INFO] 
[INFO] --- maven-resources-plugin:2.6:resources (default-resources) @ adapter-java8 ---
[INFO] Using 'UTF-8' encoding to copy filtered resources.
[INFO] skip non existing resourceDirectory /home/travis/build/square/retrofit/retrofit-adapters/java8/src/main/resources
[INFO] 
[INFO] --- maven-compiler-plugin:3.0:compile (default-compile) @ adapter-java8 ---
[INFO] Changes detected - recompiling the module!
[INFO] Compiling 2 source files to /home/travis/build/square/retrofit/retrofit-adapters/java8/target/classes
[INFO] 
[INFO] --- maven-resources-plugin:2.6:testResources (default-testResources) @ adapter-java8 ---
[INFO] Using 'UTF-8' encoding to copy filtered resources.
[INFO] skip non existing resourceDirectory /home/travis/build/square/retrofit/retrofit-adapters/java8/src/test/resources
[INFO] 
[INFO] --- maven-compiler-plugin:3.0:testCompile (default-testCompile) @ adapter-java8 ---
[INFO] Changes detected - recompiling the module!
[INFO] Compiling 3 source files to /home/travis/build/square/retrofit/retrofit-adapters/java8/target/test-classes
[INFO] 
[INFO] --- maven-surefire-plugin:2.12.4:test (default-test) @ adapter-java8 ---
[INFO] Surefire report directory: /home/travis/build/square/retrofit/retrofit-adapters/java8/target/surefire-reports

-------------------------------------------------------
 T E S T S
-------------------------------------------------------
Running retrofit2.adapter.java8.Java8CallAdapterFactoryTest
Jun 24, 2016 7:26:04 PM okhttp3.mockwebserver.MockWebServer$3 execute
INFO: MockWebServer[36743] starting to accept connections
Jun 24, 2016 7:26:05 PM okhttp3.mockwebserver.MockWebServer$3 acceptConnections
INFO: MockWebServer[36743] done accepting connections: Socket closed
Jun 24, 2016 7:26:05 PM okhttp3.mockwebserver.MockWebServer$3 execute
INFO: MockWebServer[59101] starting to accept connections
Jun 24, 2016 7:26:05 PM okhttp3.mockwebserver.MockWebServer$3 acceptConnections
INFO: MockWebServer[59101] done accepting connections: Socket is closed
Jun 24, 2016 7:26:05 PM okhttp3.mockwebserver.MockWebServer$3 execute
INFO: MockWebServer[57101] starting to accept connections
Jun 24, 2016 7:26:05 PM okhttp3.mockwebserver.MockWebServer$3 acceptConnections
INFO: MockWebServer[57101] done accepting connections: Socket is closed
Jun 24, 2016 7:26:05 PM okhttp3.mockwebserver.MockWebServer$3 execute
INFO: MockWebServer[46356] starting to accept connections
Jun 24, 2016 7:26:05 PM okhttp3.mockwebserver.MockWebServer$3 acceptConnections
INFO: MockWebServer[46356] done accepting connections: Socket closed
Tests run: 4, Failures: 0, Errors: 0, Skipped: 0, Time elapsed: 0.565 sec
Running retrofit2.adapter.java8.CompletableFutureTest
Jun 24, 2016 7:26:05 PM okhttp3.mockwebserver.MockWebServer$3 execute
INFO: MockWebServer[36171] starting to accept connections
Jun 24, 2016 7:26:05 PM okhttp3.mockwebserver.MockWebServer$3 acceptConnections
INFO: MockWebServer[36171] done accepting connections: Socket closed
Jun 24, 2016 7:26:05 PM okhttp3.mockwebserver.MockWebServer$4 processOneRequest
INFO: MockWebServer[36171] received request: GET / HTTP/1.1 and responded: HTTP/1.1 200 OK
Jun 24, 2016 7:26:05 PM okhttp3.mockwebserver.MockWebServer$3 execute
INFO: MockWebServer[56040] starting to accept connections
Jun 24, 2016 7:26:05 PM okhttp3.mockwebserver.MockWebServer$4 processOneRequest
INFO: MockWebServer[56040] received request: GET / HTTP/1.1 and responded: HTTP/1.1 404 Client Error
Jun 24, 2016 7:26:05 PM okhttp3.mockwebserver.MockWebServer$3 acceptConnections
INFO: MockWebServer[56040] done accepting connections: Socket closed
Jun 24, 2016 7:26:05 PM okhttp3.mockwebserver.MockWebServer$3 execute
INFO: MockWebServer[45249] starting to accept connections
Jun 24, 2016 7:26:05 PM okhttp3.mockwebserver.MockWebServer$4 processConnection
WARNING: MockWebServer[45249] connection from /127.0.0.1 didn't make a request
Jun 24, 2016 7:26:05 PM okhttp3.mockwebserver.MockWebServer$3 acceptConnections
INFO: MockWebServer[45249] done accepting connections: Socket closed
Jun 24, 2016 7:26:05 PM okhttp3.mockwebserver.MockWebServer$3 execute
INFO: MockWebServer[57986] starting to accept connections
Jun 24, 2016 7:26:05 PM okhttp3.mockwebserver.MockWebServer$3 acceptConnections
INFO: MockWebServer[57986] done accepting connections: Socket closed
Jun 24, 2016 7:26:05 PM okhttp3.mockwebserver.MockWebServer$4 processOneRequest
INFO: MockWebServer[57986] received request: GET / HTTP/1.1 and responded: HTTP/1.1 200 OK
Jun 24, 2016 7:26:05 PM okhttp3.mockwebserver.MockWebServer$3 execute
INFO: MockWebServer[43009] starting to accept connections
Jun 24, 2016 7:26:05 PM okhttp3.mockwebserver.MockWebServer$4 processOneRequest
INFO: MockWebServer[43009] received request: GET / HTTP/1.1 and responded: HTTP/1.1 404 Client Error
Jun 24, 2016 7:26:05 PM okhttp3.mockwebserver.MockWebServer$3 acceptConnections
INFO: MockWebServer[43009] done accepting connections: Socket closed
Jun 24, 2016 7:26:05 PM okhttp3.mockwebserver.MockWebServer$3 execute
INFO: MockWebServer[43826] starting to accept connections
Jun 24, 2016 7:26:05 PM okhttp3.mockwebserver.MockWebServer$4 processConnection
WARNING: MockWebServer[43826] connection from /127.0.0.1 didn't make a request
Jun 24, 2016 7:26:05 PM okhttp3.mockwebserver.MockWebServer$3 acceptConnections
INFO: MockWebServer[43826] done accepting connections: Socket closed
Tests run: 6, Failures: 0, Errors: 0, Skipped: 0, Time elapsed: 0.157 sec

Results :

Tests run: 10, Failures: 0, Errors: 0, Skipped: 0

[INFO] 
[INFO] --- animal-sniffer-maven-plugin:1.14:check (default) @ adapter-java8 ---
[INFO] Checking unresolved references to org.kaazing.mojo.signature:java18:1.0
[INFO]                                                                         
[INFO] ------------------------------------------------------------------------
[INFO] Building Adapter: RxJava 2.1.1-SNAPSHOT
[INFO] ------------------------------------------------------------------------
[INFO] 
[INFO] --- maven-enforcer-plugin:1.0:enforce (enforce-maven) @ adapter-rxjava ---
[INFO] 
[INFO] --- maven-resources-plugin:2.6:resources (default-resources) @ adapter-rxjava ---
[INFO] Using 'UTF-8' encoding to copy filtered resources.
[INFO] skip non existing resourceDirectory /home/travis/build/square/retrofit/retrofit-adapters/rxjava/src/main/resources
[INFO] 
[INFO] --- maven-compiler-plugin:3.0:compile (default-compile) @ adapter-rxjava ---
[INFO] Changes detected - recompiling the module!
[INFO] Compiling 6 source files to /home/travis/build/square/retrofit/retrofit-adapters/rxjava/target/classes
[INFO] 
[INFO] --- maven-resources-plugin:2.6:testResources (default-testResources) @ adapter-rxjava ---
[INFO] Using 'UTF-8' encoding to copy filtered resources.
[INFO] skip non existing resourceDirectory /home/travis/build/square/retrofit/retrofit-adapters/rxjava/src/test/resources
[INFO] 
[INFO] --- maven-compiler-plugin:3.0:testCompile (default-testCompile) @ adapter-rxjava ---
[INFO] Changes detected - recompiling the module!
[INFO] Compiling 9 source files to /home/travis/build/square/retrofit/retrofit-adapters/rxjava/target/test-classes
[INFO] 
[INFO] --- maven-surefire-plugin:2.12.4:test (default-test) @ adapter-rxjava ---
[INFO] Surefire report directory: /home/travis/build/square/retrofit/retrofit-adapters/rxjava/target/surefire-reports

-------------------------------------------------------
 T E S T S
-------------------------------------------------------
Running retrofit2.adapter.rxjava.ObservableSchedulerTest
Jun 24, 2016 7:26:06 PM okhttp3.mockwebserver.MockWebServer$3 execute
INFO: MockWebServer[58987] starting to accept connections
Jun 24, 2016 7:26:07 PM okhttp3.mockwebserver.MockWebServer$4 processOneRequest
INFO: MockWebServer[58987] received request: GET / HTTP/1.1 and responded: HTTP/1.1 200 OK
Jun 24, 2016 7:26:07 PM okhttp3.mockwebserver.MockWebServer$3 acceptConnections
INFO: MockWebServer[58987] done accepting connections: Socket closed
Jun 24, 2016 7:26:07 PM okhttp3.mockwebserver.MockWebServer$3 execute
INFO: MockWebServer[42660] starting to accept connections
Jun 24, 2016 7:26:07 PM okhttp3.mockwebserver.MockWebServer$4 processOneRequest
INFO: MockWebServer[42660] received request: GET / HTTP/1.1 and responded: HTTP/1.1 200 OK
Jun 24, 2016 7:26:07 PM okhttp3.mockwebserver.MockWebServer$3 acceptConnections
INFO: MockWebServer[42660] done accepting connections: Socket closed
Jun 24, 2016 7:26:07 PM okhttp3.mockwebserver.MockWebServer$3 execute
INFO: MockWebServer[54324] starting to accept connections
Jun 24, 2016 7:26:07 PM okhttp3.mockwebserver.MockWebServer$4 processOneRequest
INFO: MockWebServer[54324] received request: GET / HTTP/1.1 and responded: HTTP/1.1 200 OK
Jun 24, 2016 7:26:07 PM okhttp3.mockwebserver.MockWebServer$3 acceptConnections
INFO: MockWebServer[54324] done accepting connections: Socket closed
Tests run: 3, Failures: 0, Errors: 0, Skipped: 0, Time elapsed: 0.686 sec
Running retrofit2.adapter.rxjava.ObservableTest
Jun 24, 2016 7:26:07 PM okhttp3.mockwebserver.MockWebServer$3 execute
INFO: MockWebServer[35040] starting to accept connections
Jun 24, 2016 7:26:07 PM okhttp3.mockwebserver.MockWebServer$4 processConnection
WARNING: MockWebServer[35040] connection from /127.0.0.1 didn't make a request
Jun 24, 2016 7:26:07 PM okhttp3.mockwebserver.MockWebServer$3 acceptConnections
INFO: MockWebServer[35040] done accepting connections: Socket closed
Jun 24, 2016 7:26:07 PM okhttp3.mockwebserver.MockWebServer$3 execute
INFO: MockWebServer[34927] starting to accept connections
Jun 24, 2016 7:26:07 PM okhttp3.mockwebserver.MockWebServer$4 processOneRequest
INFO: MockWebServer[34927] received request: GET / HTTP/1.1 and responded: HTTP/1.1 200 OK
Jun 24, 2016 7:26:07 PM okhttp3.mockwebserver.MockWebServer$3 acceptConnections
INFO: MockWebServer[34927] done accepting connections: Socket closed
Jun 24, 2016 7:26:07 PM okhttp3.mockwebserver.MockWebServer$3 execute
INFO: MockWebServer[35013] starting to accept connections
Jun 24, 2016 7:26:07 PM okhttp3.mockwebserver.MockWebServer$4 processOneRequest
INFO: MockWebServer[35013] received request: GET / HTTP/1.1 and responded: HTTP/1.1 404 Client Error
Jun 24, 2016 7:26:07 PM okhttp3.mockwebserver.MockWebServer$3 acceptConnections
INFO: MockWebServer[35013] done accepting connections: Socket closed
Jun 24, 2016 7:26:07 PM okhttp3.mockwebserver.MockWebServer$3 execute
INFO: MockWebServer[55131] starting to accept connections
Jun 24, 2016 7:26:07 PM okhttp3.mockwebserver.MockWebServer$3 acceptConnections
INFO: MockWebServer[55131] done accepting connections: Socket closed
Jun 24, 2016 7:26:07 PM okhttp3.mockwebserver.MockWebServer$4 processOneRequest
INFO: MockWebServer[55131] received request: GET / HTTP/1.1 and responded: HTTP/1.1 200 OK
Jun 24, 2016 7:26:07 PM okhttp3.mockwebserver.MockWebServer$3 execute
INFO: MockWebServer[60558] starting to accept connections
Jun 24, 2016 7:26:07 PM okhttp3.mockwebserver.MockWebServer$3 acceptConnections
INFO: MockWebServer[60558] done accepting connections: Socket closed
Jun 24, 2016 7:26:07 PM okhttp3.mockwebserver.MockWebServer$4 processOneRequest
INFO: MockWebServer[60558] received request: GET / HTTP/1.1 and responded: HTTP/1.1 200 OK
Jun 24, 2016 7:26:07 PM okhttp3.mockwebserver.MockWebServer$3 execute
INFO: MockWebServer[50973] starting to accept connections
Jun 24, 2016 7:26:07 PM okhttp3.mockwebserver.MockWebServer$4 processConnection
WARNING: MockWebServer[50973] connection from /127.0.0.1 didn't make a request
Jun 24, 2016 7:26:07 PM okhttp3.mockwebserver.MockWebServer$3 acceptConnections
INFO: MockWebServer[50973] done accepting connections: Socket closed
Jun 24, 2016 7:26:07 PM okhttp3.mockwebserver.MockWebServer$3 execute
INFO: MockWebServer[41848] starting to accept connections
Jun 24, 2016 7:26:07 PM okhttp3.mockwebserver.MockWebServer$4 processOneRequest
INFO: MockWebServer[41848] received request: GET / HTTP/1.1 and responded: HTTP/1.1 200 OK
Jun 24, 2016 7:26:07 PM okhttp3.mockwebserver.MockWebServer$3 acceptConnections
INFO: MockWebServer[41848] done accepting connections: Socket closed
Jun 24, 2016 7:26:07 PM okhttp3.mockwebserver.MockWebServer$3 execute
INFO: MockWebServer[37807] starting to accept connections
Jun 24, 2016 7:26:07 PM okhttp3.mockwebserver.MockWebServer$4 processOneRequest
INFO: MockWebServer[37807] received request: GET / HTTP/1.1 and responded: HTTP/1.1 404 Client Error
Jun 24, 2016 7:26:07 PM okhttp3.mockwebserver.MockWebServer$3 acceptConnections
INFO: MockWebServer[37807] done accepting connections: Socket closed
Jun 24, 2016 7:26:07 PM okhttp3.mockwebserver.MockWebServer$3 execute
INFO: MockWebServer[50642] starting to accept connections
Jun 24, 2016 7:26:07 PM okhttp3.mockwebserver.MockWebServer$4 processConnection
WARNING: MockWebServer[50642] connection from /127.0.0.1 didn't make a request
Jun 24, 2016 7:26:07 PM okhttp3.mockwebserver.MockWebServer$3 acceptConnections
INFO: MockWebServer[50642] done accepting connections: Socket closed
Jun 24, 2016 7:26:07 PM okhttp3.mockwebserver.MockWebServer$3 execute
INFO: MockWebServer[41302] starting to accept connections
Jun 24, 2016 7:26:07 PM okhttp3.mockwebserver.MockWebServer$4 processOneRequest
INFO: MockWebServer[41302] received request: GET / HTTP/1.1 and responded: HTTP/1.1 200 OK
Jun 24, 2016 7:26:07 PM okhttp3.mockwebserver.MockWebServer$3 acceptConnections
INFO: MockWebServer[41302] done accepting connections: Socket closed
Jun 24, 2016 7:26:07 PM okhttp3.mockwebserver.MockWebServer$3 execute
INFO: MockWebServer[55405] starting to accept connections
Jun 24, 2016 7:26:07 PM okhttp3.mockwebserver.MockWebServer$4 processOneRequest
INFO: MockWebServer[55405] received request: GET / HTTP/1.1 and responded: HTTP/1.1 200 OK
Jun 24, 2016 7:26:07 PM okhttp3.mockwebserver.MockWebServer$3 acceptConnections
INFO: MockWebServer[55405] done accepting connections: Socket closed
Jun 24, 2016 7:26:07 PM okhttp3.mockwebserver.MockWebServer$3 execute
INFO: MockWebServer[59264] starting to accept connections
Jun 24, 2016 7:26:07 PM okhttp3.mockwebserver.MockWebServer$3 acceptConnections
INFO: MockWebServer[59264] done accepting connections: Socket closed
Jun 24, 2016 7:26:07 PM okhttp3.mockwebserver.MockWebServer$4 processOneRequest
INFO: MockWebServer[59264] received request: GET / HTTP/1.1 and responded: HTTP/1.1 404 Client Error
Tests run: 12, Failures: 0, Errors: 0, Skipped: 0, Time elapsed: 0.204 sec
Running retrofit2.adapter.rxjava.RxJavaCallAdapterFactoryTest
Tests run: 6, Failures: 0, Errors: 0, Skipped: 0, Time elapsed: 0.041 sec
Running retrofit2.adapter.rxjava.SingleSchedulerTest
Jun 24, 2016 7:26:07 PM okhttp3.mockwebserver.MockWebServer$3 execute
INFO: MockWebServer[48344] starting to accept connections
Jun 24, 2016 7:26:07 PM okhttp3.mockwebserver.MockWebServer$4 processOneRequest
INFO: MockWebServer[48344] received request: GET / HTTP/1.1 and responded: HTTP/1.1 200 OK
Jun 24, 2016 7:26:07 PM okhttp3.mockwebserver.MockWebServer$3 acceptConnections
INFO: MockWebServer[48344] done accepting connections: Socket closed
Jun 24, 2016 7:26:07 PM okhttp3.mockwebserver.MockWebServer$3 execute
INFO: MockWebServer[43423] starting to accept connections
Jun 24, 2016 7:26:07 PM okhttp3.mockwebserver.MockWebServer$4 processOneRequest
INFO: MockWebServer[43423] received request: GET / HTTP/1.1 and responded: HTTP/1.1 200 OK
Jun 24, 2016 7:26:07 PM okhttp3.mockwebserver.MockWebServer$3 acceptConnections
INFO: MockWebServer[43423] done accepting connections: Socket closed
Jun 24, 2016 7:26:07 PM okhttp3.mockwebserver.MockWebServer$3 execute
INFO: MockWebServer[54089] starting to accept connections
Jun 24, 2016 7:26:07 PM okhttp3.mockwebserver.MockWebServer$3 acceptConnections
INFO: MockWebServer[54089] done accepting connections: Socket closed
Jun 24, 2016 7:26:07 PM okhttp3.mockwebserver.MockWebServer$4 processOneRequest
INFO: MockWebServer[54089] received request: GET / HTTP/1.1 and responded: HTTP/1.1 200 OK
Tests run: 3, Failures: 0, Errors: 0, Skipped: 0, Time elapsed: 0.059 sec
Running retrofit2.adapter.rxjava.CompletableTest
Jun 24, 2016 7:26:07 PM okhttp3.mockwebserver.MockWebServer$3 execute
INFO: MockWebServer[45935] starting to accept connections
Jun 24, 2016 7:26:07 PM okhttp3.mockwebserver.MockWebServer$4 processOneRequest
INFO: MockWebServer[45935] received request: GET / HTTP/1.1 and responded: HTTP/1.1 200 OK
Jun 24, 2016 7:26:07 PM okhttp3.mockwebserver.MockWebServer$3 acceptConnections
INFO: MockWebServer[45935] done accepting connections: Socket closed
Jun 24, 2016 7:26:07 PM okhttp3.mockwebserver.MockWebServer$3 execute
INFO: MockWebServer[52788] starting to accept connections
Jun 24, 2016 7:26:07 PM okhttp3.mockwebserver.MockWebServer$3 acceptConnections
INFO: MockWebServer[52788] done accepting connections: Socket closed
Jun 24, 2016 7:26:07 PM okhttp3.mockwebserver.MockWebServer$4 processOneRequest
INFO: MockWebServer[52788] received request: GET / HTTP/1.1 and responded: HTTP/1.1 404 Client Error
Jun 24, 2016 7:26:07 PM okhttp3.mockwebserver.MockWebServer$3 execute
INFO: MockWebServer[53863] starting to accept connections
Jun 24, 2016 7:26:07 PM okhttp3.mockwebserver.MockWebServer$4 processConnection
WARNING: MockWebServer[53863] connection from /127.0.0.1 didn't make a request
Jun 24, 2016 7:26:07 PM okhttp3.mockwebserver.MockWebServer$3 acceptConnections
INFO: MockWebServer[53863] done accepting connections: Socket closed
Tests run: 3, Failures: 0, Errors: 0, Skipped: 0, Time elapsed: 0.04 sec
Running retrofit2.adapter.rxjava.CompletableSchedulerTest
Jun 24, 2016 7:26:07 PM okhttp3.mockwebserver.MockWebServer$3 execute
INFO: MockWebServer[57882] starting to accept connections
Jun 24, 2016 7:26:07 PM okhttp3.mockwebserver.MockWebServer$4 processOneRequest
INFO: MockWebServer[57882] received request: GET / HTTP/1.1 and responded: HTTP/1.1 200 OK
Jun 24, 2016 7:26:07 PM okhttp3.mockwebserver.MockWebServer$3 acceptConnections
INFO: MockWebServer[57882] done accepting connections: Socket closed
Tests run: 1, Failures: 0, Errors: 0, Skipped: 0, Time elapsed: 0.016 sec
Running retrofit2.adapter.rxjava.SingleTest
Jun 24, 2016 7:26:07 PM okhttp3.mockwebserver.MockWebServer$3 execute
INFO: MockWebServer[39628] starting to accept connections
Jun 24, 2016 7:26:07 PM okhttp3.mockwebserver.MockWebServer$4 processConnection
WARNING: MockWebServer[39628] connection from /127.0.0.1 didn't make a request
Jun 24, 2016 7:26:07 PM okhttp3.mockwebserver.MockWebServer$3 acceptConnections
INFO: MockWebServer[39628] done accepting connections: Socket closed
Jun 24, 2016 7:26:07 PM okhttp3.mockwebserver.MockWebServer$3 execute
INFO: MockWebServer[45430] starting to accept connections
Jun 24, 2016 7:26:07 PM okhttp3.mockwebserver.MockWebServer$3 acceptConnections
INFO: MockWebServer[45430] done accepting connections: Socket closed
Jun 24, 2016 7:26:07 PM okhttp3.mockwebserver.MockWebServer$4 processOneRequest
INFO: MockWebServer[45430] received request: GET / HTTP/1.1 and responded: HTTP/1.1 200 OK
Jun 24, 2016 7:26:07 PM okhttp3.mockwebserver.MockWebServer$3 execute
INFO: MockWebServer[59825] starting to accept connections
Jun 24, 2016 7:26:07 PM okhttp3.mockwebserver.MockWebServer$4 processOneRequest
INFO: MockWebServer[59825] received request: GET / HTTP/1.1 and responded: HTTP/1.1 404 Client Error
Jun 24, 2016 7:26:07 PM okhttp3.mockwebserver.MockWebServer$3 acceptConnections
INFO: MockWebServer[59825] done accepting connections: Socket closed
Jun 24, 2016 7:26:07 PM okhttp3.mockwebserver.MockWebServer$3 execute
INFO: MockWebServer[43945] starting to accept connections
Jun 24, 2016 7:26:07 PM okhttp3.mockwebserver.MockWebServer$4 processConnection
WARNING: MockWebServer[43945] connection from /127.0.0.1 didn't make a request
Jun 24, 2016 7:26:07 PM okhttp3.mockwebserver.MockWebServer$3 acceptConnections
INFO: MockWebServer[43945] done accepting connections: Socket closed
Jun 24, 2016 7:26:07 PM okhttp3.mockwebserver.MockWebServer$3 execute
INFO: MockWebServer[42591] starting to accept connections
Jun 24, 2016 7:26:07 PM okhttp3.mockwebserver.MockWebServer$4 processOneRequest
INFO: MockWebServer[42591] received request: GET / HTTP/1.1 and responded: HTTP/1.1 200 OK
Jun 24, 2016 7:26:07 PM okhttp3.mockwebserver.MockWebServer$3 acceptConnections
INFO: MockWebServer[42591] done accepting connections: Socket closed
Jun 24, 2016 7:26:07 PM okhttp3.mockwebserver.MockWebServer$3 execute
INFO: MockWebServer[39981] starting to accept connections
Jun 24, 2016 7:26:07 PM okhttp3.mockwebserver.MockWebServer$3 acceptConnections
INFO: MockWebServer[39981] done accepting connections: Socket closed
Jun 24, 2016 7:26:07 PM okhttp3.mockwebserver.MockWebServer$4 processOneRequest
INFO: MockWebServer[39981] received request: GET / HTTP/1.1 and responded: HTTP/1.1 404 Client Error
Jun 24, 2016 7:26:07 PM okhttp3.mockwebserver.MockWebServer$3 execute
INFO: MockWebServer[40361] starting to accept connections
Jun 24, 2016 7:26:07 PM okhttp3.mockwebserver.MockWebServer$3 acceptConnections
INFO: MockWebServer[40361] done accepting connections: Socket closed
Jun 24, 2016 7:26:07 PM okhttp3.mockwebserver.MockWebServer$4 processConnection
WARNING: MockWebServer[40361] connection from /127.0.0.1 didn't make a request
Jun 24, 2016 7:26:07 PM okhttp3.mockwebserver.MockWebServer$3 execute
INFO: MockWebServer[40321] starting to accept connections
Jun 24, 2016 7:26:07 PM okhttp3.mockwebserver.MockWebServer$4 processOneRequest
INFO: MockWebServer[40321] received request: GET / HTTP/1.1 and responded: HTTP/1.1 200 OK
Jun 24, 2016 7:26:07 PM okhttp3.mockwebserver.MockWebServer$3 acceptConnections
INFO: MockWebServer[40321] done accepting connections: Socket closed
Jun 24, 2016 7:26:07 PM okhttp3.mockwebserver.MockWebServer$3 execute
INFO: MockWebServer[59398] starting to accept connections
Jun 24, 2016 7:26:07 PM okhttp3.mockwebserver.MockWebServer$3 acceptConnections
INFO: MockWebServer[59398] done accepting connections: Socket closed
Jun 24, 2016 7:26:07 PM okhttp3.mockwebserver.MockWebServer$4 processOneRequest
INFO: MockWebServer[59398] received request: GET / HTTP/1.1 and responded: HTTP/1.1 404 Client Error
Tests run: 9, Failures: 0, Errors: 0, Skipped: 0, Time elapsed: 0.133 sec
Running retrofit2.adapter.rxjava.ResultTest
Tests run: 4, Failures: 0, Errors: 0, Skipped: 0, Time elapsed: 0.003 sec

Results :

Tests run: 41, Failures: 0, Errors: 0, Skipped: 0

[INFO] 
[INFO] --- animal-sniffer-maven-plugin:1.14:check (default) @ adapter-rxjava ---
[INFO] Checking unresolved references to org.codehaus.mojo.signature:java16:1.1
[INFO]                                                                         
[INFO] ------------------------------------------------------------------------
[INFO] Building Converters 2.1.1-SNAPSHOT
[INFO] ------------------------------------------------------------------------
[INFO] 
[INFO] --- maven-enforcer-plugin:1.0:enforce (enforce-maven) @ retrofit-converters ---
[INFO] 
[INFO] --- animal-sniffer-maven-plugin:1.14:check (default) @ retrofit-converters ---
[INFO] Checking unresolved references to org.codehaus.mojo.signature:java16:1.1
[INFO]                                                                         
[INFO] ------------------------------------------------------------------------
[INFO] Building Converter: Gson 2.1.1-SNAPSHOT
[INFO] ------------------------------------------------------------------------
[INFO] 
[INFO] --- maven-enforcer-plugin:1.0:enforce (enforce-maven) @ converter-gson ---
[INFO] 
[INFO] --- maven-resources-plugin:2.6:resources (default-resources) @ converter-gson ---
[INFO] Using 'UTF-8' encoding to copy filtered resources.
[INFO] skip non existing resourceDirectory /home/travis/build/square/retrofit/retrofit-converters/gson/src/main/resources
[INFO] 
[INFO] --- maven-compiler-plugin:3.0:compile (default-compile) @ converter-gson ---
[INFO] Changes detected - recompiling the module!
[INFO] Compiling 3 source files to /home/travis/build/square/retrofit/retrofit-converters/gson/target/classes
[INFO] 
[INFO] --- maven-resources-plugin:2.6:testResources (default-testResources) @ converter-gson ---
[INFO] Using 'UTF-8' encoding to copy filtered resources.
[INFO] skip non existing resourceDirectory /home/travis/build/square/retrofit/retrofit-converters/gson/src/test/resources
[INFO] 
[INFO] --- maven-compiler-plugin:3.0:testCompile (default-testCompile) @ converter-gson ---
[INFO] Changes detected - recompiling the module!
[INFO] Compiling 1 source file to /home/travis/build/square/retrofit/retrofit-converters/gson/target/test-classes
[INFO] 
[INFO] --- maven-surefire-plugin:2.12.4:test (default-test) @ converter-gson ---
[INFO] Surefire report directory: /home/travis/build/square/retrofit/retrofit-converters/gson/target/surefire-reports

-------------------------------------------------------
 T E S T S
-------------------------------------------------------
Running retrofit2.converter.gson.GsonConverterFactoryTest
Jun 24, 2016 7:26:08 PM okhttp3.mockwebserver.MockWebServer$3 execute
INFO: MockWebServer[47158] starting to accept connections
Jun 24, 2016 7:26:09 PM okhttp3.mockwebserver.MockWebServer$4 processOneRequest
INFO: MockWebServer[47158] received request: POST / HTTP/1.1 and responded: HTTP/1.1 200 OK
Jun 24, 2016 7:26:09 PM okhttp3.mockwebserver.MockWebServer$3 acceptConnections
INFO: MockWebServer[47158] done accepting connections: Socket closed
Jun 24, 2016 7:26:09 PM okhttp3.mockwebserver.MockWebServer$3 execute
INFO: MockWebServer[33286] starting to accept connections
Jun 24, 2016 7:26:09 PM okhttp3.mockwebserver.MockWebServer$4 processOneRequest
INFO: MockWebServer[33286] received request: POST / HTTP/1.1 and responded: HTTP/1.1 200 OK
Jun 24, 2016 7:26:09 PM okhttp3.mockwebserver.MockWebServer$3 acceptConnections
INFO: MockWebServer[33286] done accepting connections: Socket closed
Jun 24, 2016 7:26:09 PM okhttp3.mockwebserver.MockWebServer$3 execute
INFO: MockWebServer[33537] starting to accept connections
Jun 24, 2016 7:26:09 PM okhttp3.mockwebserver.MockWebServer$4 processOneRequest
INFO: MockWebServer[33537] received request: POST / HTTP/1.1 and responded: HTTP/1.1 200 OK
Jun 24, 2016 7:26:09 PM okhttp3.mockwebserver.MockWebServer$3 acceptConnections
INFO: MockWebServer[33537] done accepting connections: Socket closed
Jun 24, 2016 7:26:09 PM okhttp3.mockwebserver.MockWebServer$3 execute
INFO: MockWebServer[44892] starting to accept connections
Jun 24, 2016 7:26:09 PM okhttp3.mockwebserver.MockWebServer$4 processOneRequest
INFO: MockWebServer[44892] received request: POST / HTTP/1.1 and responded: HTTP/1.1 200 OK
Jun 24, 2016 7:26:09 PM okhttp3.mockwebserver.MockWebServer$3 acceptConnections
INFO: MockWebServer[44892] done accepting connections: Socket closed
Tests run: 4, Failures: 0, Errors: 0, Skipped: 0, Time elapsed: 0.652 sec

Results :

Tests run: 4, Failures: 0, Errors: 0, Skipped: 0

[INFO] 
[INFO] --- animal-sniffer-maven-plugin:1.14:check (default) @ converter-gson ---
[INFO] Checking unresolved references to org.codehaus.mojo.signature:java16:1.1
[INFO]                                                                         
[INFO] ------------------------------------------------------------------------
[INFO] Building Converter: Protocol Buffers 2.1.1-SNAPSHOT
[INFO] ------------------------------------------------------------------------
[INFO] 
[INFO] --- maven-enforcer-plugin:1.0:enforce (enforce-maven) @ converter-protobuf ---
[INFO] 
[INFO] --- maven-resources-plugin:2.6:resources (default-resources) @ converter-protobuf ---
[INFO] Using 'UTF-8' encoding to copy filtered resources.
[INFO] skip non existing resourceDirectory /home/travis/build/square/retrofit/retrofit-converters/protobuf/src/main/resources
[INFO] 
[INFO] --- maven-compiler-plugin:3.0:compile (default-compile) @ converter-protobuf ---
[INFO] Changes detected - recompiling the module!
[INFO] Compiling 3 source files to /home/travis/build/square/retrofit/retrofit-converters/protobuf/target/classes
[WARNING] /home/travis/build/square/retrofit/retrofit-converters/protobuf/src/main/java/retrofit2/converter/protobuf/ProtoConverterFactory.java: /home/travis/build/square/retrofit/retrofit-converters/protobuf/src/main/java/retrofit2/converter/protobuf/ProtoConverterFactory.java uses unchecked or unsafe operations.
[WARNING] /home/travis/build/square/retrofit/retrofit-converters/protobuf/src/main/java/retrofit2/converter/protobuf/ProtoConverterFactory.java: Recompile with -Xlint:unchecked for details.
[INFO] 
[INFO] --- maven-resources-plugin:2.6:testResources (default-testResources) @ converter-protobuf ---
[INFO] Using 'UTF-8' encoding to copy filtered resources.
[INFO] skip non existing resourceDirectory /home/travis/build/square/retrofit/retrofit-converters/protobuf/src/test/resources
[INFO] 
[INFO] --- maven-compiler-plugin:3.0:testCompile (default-testCompile) @ converter-protobuf ---
[INFO] Changes detected - recompiling the module!
[INFO] Compiling 2 source files to /home/travis/build/square/retrofit/retrofit-converters/protobuf/target/test-classes
[INFO] 
[INFO] --- maven-surefire-plugin:2.12.4:test (default-test) @ converter-protobuf ---
[INFO] Surefire report directory: /home/travis/build/square/retrofit/retrofit-converters/protobuf/target/surefire-reports

-------------------------------------------------------
 T E S T S
-------------------------------------------------------
Running retrofit2.converter.protobuf.ProtoConverterFactoryTest
Jun 24, 2016 7:26:10 PM okhttp3.mockwebserver.MockWebServer$3 execute
INFO: MockWebServer[44335] starting to accept connections
Jun 24, 2016 7:26:10 PM okhttp3.mockwebserver.MockWebServer$4 processOneRequest
INFO: MockWebServer[44335] received request: POST / HTTP/1.1 and responded: HTTP/1.1 200 OK
Jun 24, 2016 7:26:10 PM okhttp3.mockwebserver.MockWebServer$3 acceptConnections
INFO: MockWebServer[44335] done accepting connections: Socket closed
Jun 24, 2016 7:26:10 PM okhttp3.mockwebserver.MockWebServer$3 execute
INFO: MockWebServer[35280] starting to accept connections
Jun 24, 2016 7:26:10 PM okhttp3.mockwebserver.MockWebServer$3 acceptConnections
INFO: MockWebServer[35280] done accepting connections: Socket is closed
Jun 24, 2016 7:26:10 PM okhttp3.mockwebserver.MockWebServer$3 execute
INFO: MockWebServer[46071] starting to accept connections
Jun 24, 2016 7:26:10 PM okhttp3.mockwebserver.MockWebServer$3 acceptConnections
INFO: MockWebServer[46071] done accepting connections: Socket closed
Jun 24, 2016 7:26:10 PM okhttp3.mockwebserver.MockWebServer$4 processOneRequest
INFO: MockWebServer[46071] received request: GET / HTTP/1.1 and responded: HTTP/1.1 200 OK
Jun 24, 2016 7:26:10 PM okhttp3.mockwebserver.MockWebServer$3 execute
INFO: MockWebServer[39365] starting to accept connections
Jun 24, 2016 7:26:10 PM okhttp3.mockwebserver.MockWebServer$4 processOneRequest
INFO: MockWebServer[39365] received request: GET / HTTP/1.1 and responded: HTTP/1.1 200 OK
Jun 24, 2016 7:26:10 PM okhttp3.mockwebserver.MockWebServer$3 acceptConnections
INFO: MockWebServer[39365] done accepting connections: Socket closed
Jun 24, 2016 7:26:10 PM okhttp3.mockwebserver.MockWebServer$3 execute
INFO: MockWebServer[55531] starting to accept connections
Jun 24, 2016 7:26:10 PM okhttp3.mockwebserver.MockWebServer$3 acceptConnections
INFO: MockWebServer[55531] done accepting connections: Socket is closed
Jun 24, 2016 7:26:10 PM okhttp3.mockwebserver.MockWebServer$3 execute
INFO: MockWebServer[43607] starting to accept connections
Jun 24, 2016 7:26:10 PM okhttp3.mockwebserver.MockWebServer$4 processOneRequest
INFO: MockWebServer[43607] received request: GET / HTTP/1.1 and responded: HTTP/1.1 200 OK
Jun 24, 2016 7:26:10 PM okhttp3.mockwebserver.MockWebServer$3 acceptConnections
INFO: MockWebServer[43607] done accepting connections: Socket closed
Tests run: 6, Failures: 0, Errors: 0, Skipped: 0, Time elapsed: 0.694 sec

Results :

Tests run: 6, Failures: 0, Errors: 0, Skipped: 0

[INFO] 
[INFO] --- animal-sniffer-maven-plugin:1.14:check (default) @ converter-protobuf ---
[INFO] Checking unresolved references to org.codehaus.mojo.signature:java16:1.1
[INFO]                                                                         
[INFO] ------------------------------------------------------------------------
[INFO] Building Converter: Nano Protocol Buffers 2.1.1-SNAPSHOT
[INFO] ------------------------------------------------------------------------
[INFO] 
[INFO] --- maven-enforcer-plugin:1.0:enforce (enforce-maven) @ converter-protobuf-nano ---
[INFO] 
[INFO] --- maven-resources-plugin:2.6:resources (default-resources) @ converter-protobuf-nano ---
[INFO] Using 'UTF-8' encoding to copy filtered resources.
[INFO] skip non existing resourceDirectory /home/travis/build/square/retrofit/retrofit-converters/protobuf-nano/src/main/resources
[INFO] 
[INFO] --- maven-compiler-plugin:3.0:compile (default-compile) @ converter-protobuf-nano ---
[INFO] Changes detected - recompiling the module!
[INFO] Compiling 3 source files to /home/travis/build/square/retrofit/retrofit-converters/protobuf-nano/target/classes
[WARNING] /home/travis/build/square/retrofit/retrofit-converters/protobuf-nano/src/main/java/retrofit2/converter/protobuf/nano/ProtoResponseBodyConverter.java: /home/travis/build/square/retrofit/retrofit-converters/protobuf-nano/src/main/java/retrofit2/converter/protobuf/nano/ProtoResponseBodyConverter.java uses unchecked or unsafe operations.
[WARNING] /home/travis/build/square/retrofit/retrofit-converters/protobuf-nano/src/main/java/retrofit2/converter/protobuf/nano/ProtoResponseBodyConverter.java: Recompile with -Xlint:unchecked for details.
[INFO] 
[INFO] --- maven-resources-plugin:2.6:testResources (default-testResources) @ converter-protobuf-nano ---
[INFO] Using 'UTF-8' encoding to copy filtered resources.
[INFO] skip non existing resourceDirectory /home/travis/build/square/retrofit/retrofit-converters/protobuf-nano/src/test/resources
[INFO] 
[INFO] --- maven-compiler-plugin:3.0:testCompile (default-testCompile) @ converter-protobuf-nano ---
[INFO] Changes detected - recompiling the module!
[INFO] Compiling 2 source files to /home/travis/build/square/retrofit/retrofit-converters/protobuf-nano/target/test-classes
[INFO] 
[INFO] --- maven-surefire-plugin:2.12.4:test (default-test) @ converter-protobuf-nano ---
[INFO] Surefire report directory: /home/travis/build/square/retrofit/retrofit-converters/protobuf-nano/target/surefire-reports

-------------------------------------------------------
 T E S T S
-------------------------------------------------------
Running retrofit2.converter.protobuf.nano.ProtoConverterTest
Jun 24, 2016 7:26:11 PM okhttp3.mockwebserver.MockWebServer$3 execute
INFO: MockWebServer[49557] starting to accept connections
Jun 24, 2016 7:26:12 PM okhttp3.mockwebserver.MockWebServer$4 processOneRequest
INFO: MockWebServer[49557] received request: POST / HTTP/1.1 and responded: HTTP/1.1 200 OK
Jun 24, 2016 7:26:12 PM okhttp3.mockwebserver.MockWebServer$3 acceptConnections
INFO: MockWebServer[49557] done accepting connections: Socket closed
Jun 24, 2016 7:26:12 PM okhttp3.mockwebserver.MockWebServer$3 execute
INFO: MockWebServer[51534] starting to accept connections
Jun 24, 2016 7:26:12 PM okhttp3.mockwebserver.MockWebServer$3 acceptConnections
INFO: MockWebServer[51534] done accepting connections: Socket closed
Jun 24, 2016 7:26:12 PM okhttp3.mockwebserver.MockWebServer$3 execute
INFO: MockWebServer[53512] starting to accept connections
Jun 24, 2016 7:26:12 PM okhttp3.mockwebserver.MockWebServer$4 processOneRequest
INFO: MockWebServer[53512] received request: GET / HTTP/1.1 and responded: HTTP/1.1 200 OK
Jun 24, 2016 7:26:12 PM okhttp3.mockwebserver.MockWebServer$3 acceptConnections
INFO: MockWebServer[53512] done accepting connections: Socket closed
Jun 24, 2016 7:26:12 PM okhttp3.mockwebserver.MockWebServer$3 execute
INFO: MockWebServer[40230] starting to accept connections
Jun 24, 2016 7:26:12 PM okhttp3.mockwebserver.MockWebServer$3 acceptConnections
INFO: MockWebServer[40230] done accepting connections: Socket closed
Jun 24, 2016 7:26:12 PM okhttp3.mockwebserver.MockWebServer$3 execute
INFO: MockWebServer[40196] starting to accept connections
Jun 24, 2016 7:26:12 PM okhttp3.mockwebserver.MockWebServer$4 processOneRequest
INFO: MockWebServer[40196] received request: GET / HTTP/1.1 and responded: HTTP/1.1 200 OK
Jun 24, 2016 7:26:12 PM okhttp3.mockwebserver.MockWebServer$3 acceptConnections
INFO: MockWebServer[40196] done accepting connections: Socket closed
Tests run: 5, Failures: 0, Errors: 0, Skipped: 0, Time elapsed: 0.671 sec

Results :

Tests run: 5, Failures: 0, Errors: 0, Skipped: 0

[INFO] 
[INFO] --- animal-sniffer-maven-plugin:1.14:check (default) @ converter-protobuf-nano ---
[INFO] Checking unresolved references to org.codehaus.mojo.signature:java16:1.1
[INFO]                                                                         
[INFO] ------------------------------------------------------------------------
[INFO] Building Converter: Jackson 2.1.1-SNAPSHOT
[INFO] ------------------------------------------------------------------------
[INFO] 
[INFO] --- maven-enforcer-plugin:1.0:enforce (enforce-maven) @ converter-jackson ---
[INFO] 
[INFO] --- maven-resources-plugin:2.6:resources (default-resources) @ converter-jackson ---
[INFO] Using 'UTF-8' encoding to copy filtered resources.
[INFO] skip non existing resourceDirectory /home/travis/build/square/retrofit/retrofit-converters/jackson/src/main/resources
[INFO] 
[INFO] --- maven-compiler-plugin:3.0:compile (default-compile) @ converter-jackson ---
[INFO] Changes detected - recompiling the module!
[INFO] Compiling 3 source files to /home/travis/build/square/retrofit/retrofit-converters/jackson/target/classes
[WARNING] /home/travis/build/square/retrofit/retrofit-converters/jackson/src/main/java/retrofit2/converter/jackson/JacksonConverterFactory.java: /home/travis/build/square/retrofit/retrofit-converters/jackson/src/main/java/retrofit2/converter/jackson/JacksonConverterFactory.java uses or overrides a deprecated API.
[WARNING] /home/travis/build/square/retrofit/retrofit-converters/jackson/src/main/java/retrofit2/converter/jackson/JacksonConverterFactory.java: Recompile with -Xlint:deprecation for details.
[INFO] 
[INFO] --- maven-resources-plugin:2.6:testResources (default-testResources) @ converter-jackson ---
[INFO] Using 'UTF-8' encoding to copy filtered resources.
[INFO] skip non existing resourceDirectory /home/travis/build/square/retrofit/retrofit-converters/jackson/src/test/resources
[INFO] 
[INFO] --- maven-compiler-plugin:3.0:testCompile (default-testCompile) @ converter-jackson ---
[INFO] Changes detected - recompiling the module!
[INFO] Compiling 1 source file to /home/travis/build/square/retrofit/retrofit-converters/jackson/target/test-classes
[WARNING] /home/travis/build/square/retrofit/retrofit-converters/jackson/src/test/java/retrofit2/converter/jackson/JacksonConverterFactoryTest.java: /home/travis/build/square/retrofit/retrofit-converters/jackson/src/test/java/retrofit2/converter/jackson/JacksonConverterFactoryTest.java uses or overrides a deprecated API.
[WARNING] /home/travis/build/square/retrofit/retrofit-converters/jackson/src/test/java/retrofit2/converter/jackson/JacksonConverterFactoryTest.java: Recompile with -Xlint:deprecation for details.
[INFO] 
[INFO] --- maven-surefire-plugin:2.12.4:test (default-test) @ converter-jackson ---
[INFO] Surefire report directory: /home/travis/build/square/retrofit/retrofit-converters/jackson/target/surefire-reports

-------------------------------------------------------
 T E S T S
-------------------------------------------------------
Running retrofit2.converter.jackson.JacksonConverterFactoryTest
Jun 24, 2016 7:26:13 PM okhttp3.mockwebserver.MockWebServer$3 execute
INFO: MockWebServer[39818] starting to accept connections
Jun 24, 2016 7:26:13 PM okhttp3.mockwebserver.MockWebServer$4 processOneRequest
INFO: MockWebServer[39818] received request: POST / HTTP/1.1 and responded: HTTP/1.1 200 OK
Jun 24, 2016 7:26:13 PM okhttp3.mockwebserver.MockWebServer$3 acceptConnections
INFO: MockWebServer[39818] done accepting connections: Socket closed
Jun 24, 2016 7:26:13 PM okhttp3.mockwebserver.MockWebServer$3 execute
INFO: MockWebServer[53283] starting to accept connections
Jun 24, 2016 7:26:13 PM okhttp3.mockwebserver.MockWebServer$4 processOneRequest
INFO: MockWebServer[53283] received request: POST / HTTP/1.1 and responded: HTTP/1.1 200 OK
Jun 24, 2016 7:26:13 PM okhttp3.mockwebserver.MockWebServer$3 acceptConnections
INFO: MockWebServer[53283] done accepting connections: Socket closed
Tests run: 2, Failures: 0, Errors: 0, Skipped: 0, Time elapsed: 0.741 sec

Results :

Tests run: 2, Failures: 0, Errors: 0, Skipped: 0

[INFO] 
[INFO] --- animal-sniffer-maven-plugin:1.14:check (default) @ converter-jackson ---
[INFO] Checking unresolved references to org.codehaus.mojo.signature:java16:1.1
[INFO]                                                                         
[INFO] ------------------------------------------------------------------------
[INFO] Building Converter: Wire Protocol Buffers 2.1.1-SNAPSHOT
[INFO] ------------------------------------------------------------------------
[INFO] 
[INFO] --- maven-enforcer-plugin:1.0:enforce (enforce-maven) @ converter-wire ---
[INFO] 
[INFO] --- maven-resources-plugin:2.6:resources (default-resources) @ converter-wire ---
[INFO] Using 'UTF-8' encoding to copy filtered resources.
[INFO] skip non existing resourceDirectory /home/travis/build/square/retrofit/retrofit-converters/wire/src/main/resources
[INFO] 
[INFO] --- maven-compiler-plugin:3.0:compile (default-compile) @ converter-wire ---
[INFO] Changes detected - recompiling the module!
[INFO] Compiling 3 source files to /home/travis/build/square/retrofit/retrofit-converters/wire/target/classes
[WARNING] /home/travis/build/square/retrofit/retrofit-converters/wire/src/main/java/retrofit2/converter/wire/WireConverterFactory.java: /home/travis/build/square/retrofit/retrofit-converters/wire/src/main/java/retrofit2/converter/wire/WireConverterFactory.java uses unchecked or unsafe operations.
[WARNING] /home/travis/build/square/retrofit/retrofit-converters/wire/src/main/java/retrofit2/converter/wire/WireConverterFactory.java: Recompile with -Xlint:unchecked for details.
[INFO] 
[INFO] --- maven-resources-plugin:2.6:testResources (default-testResources) @ converter-wire ---
[INFO] Using 'UTF-8' encoding to copy filtered resources.
[INFO] skip non existing resourceDirectory /home/travis/build/square/retrofit/retrofit-converters/wire/src/test/resources
[INFO] 
[INFO] --- maven-compiler-plugin:3.0:testCompile (default-testCompile) @ converter-wire ---
[INFO] Changes detected - recompiling the module!
[INFO] Compiling 2 source files to /home/travis/build/square/retrofit/retrofit-converters/wire/target/test-classes
[INFO] 
[INFO] --- maven-surefire-plugin:2.12.4:test (default-test) @ converter-wire ---
[INFO] Surefire report directory: /home/travis/build/square/retrofit/retrofit-converters/wire/target/surefire-reports

-------------------------------------------------------
 T E S T S
-------------------------------------------------------
Running retrofit2.converter.wire.WireConverterFactoryTest
Jun 24, 2016 7:26:14 PM okhttp3.mockwebserver.MockWebServer$3 execute
INFO: MockWebServer[57439] starting to accept connections
Jun 24, 2016 7:26:15 PM okhttp3.mockwebserver.MockWebServer$4 processOneRequest
INFO: MockWebServer[57439] received request: POST / HTTP/1.1 and responded: HTTP/1.1 200 OK
Jun 24, 2016 7:26:15 PM okhttp3.mockwebserver.MockWebServer$3 acceptConnections
INFO: MockWebServer[57439] done accepting connections: Socket closed
Jun 24, 2016 7:26:15 PM okhttp3.mockwebserver.MockWebServer$3 execute
INFO: MockWebServer[42476] starting to accept connections
Jun 24, 2016 7:26:15 PM okhttp3.mockwebserver.MockWebServer$3 acceptConnections
INFO: MockWebServer[42476] done accepting connections: Socket closed
Jun 24, 2016 7:26:15 PM okhttp3.mockwebserver.MockWebServer$3 execute
INFO: MockWebServer[58315] starting to accept connections
Jun 24, 2016 7:26:15 PM okhttp3.mockwebserver.MockWebServer$3 acceptConnections
INFO: MockWebServer[58315] done accepting connections: Socket closed
Jun 24, 2016 7:26:15 PM okhttp3.mockwebserver.MockWebServer$4 processOneRequest
INFO: MockWebServer[58315] received request: GET / HTTP/1.1 and responded: HTTP/1.1 200 OK
Jun 24, 2016 7:26:15 PM okhttp3.mockwebserver.MockWebServer$3 execute
INFO: MockWebServer[46611] starting to accept connections
Jun 24, 2016 7:26:15 PM okhttp3.mockwebserver.MockWebServer$3 acceptConnections
INFO: MockWebServer[46611] done accepting connections: Socket is closed
Jun 24, 2016 7:26:15 PM okhttp3.mockwebserver.MockWebServer$3 execute
INFO: MockWebServer[44064] starting to accept connections
Jun 24, 2016 7:26:15 PM okhttp3.mockwebserver.MockWebServer$3 acceptConnections
INFO: MockWebServer[44064] done accepting connections: Socket closed
Jun 24, 2016 7:26:15 PM okhttp3.mockwebserver.MockWebServer$4 processOneRequest
INFO: MockWebServer[44064] received request: GET / HTTP/1.1 and responded: HTTP/1.1 200 OK
Tests run: 5, Failures: 0, Errors: 0, Skipped: 0, Time elapsed: 0.945 sec

Results :

Tests run: 5, Failures: 0, Errors: 0, Skipped: 0

[INFO] 
[INFO] --- animal-sniffer-maven-plugin:1.14:check (default) @ converter-wire ---
[INFO] Checking unresolved references to org.codehaus.mojo.signature:java16:1.1
[INFO]                                                                         
[INFO] ------------------------------------------------------------------------
[INFO] Building Converter: SimpleXML 2.1.1-SNAPSHOT
[INFO] ------------------------------------------------------------------------
[INFO] 
[INFO] --- maven-enforcer-plugin:1.0:enforce (enforce-maven) @ converter-simplexml ---
[INFO] 
[INFO] --- maven-resources-plugin:2.6:resources (default-resources) @ converter-simplexml ---
[INFO] Using 'UTF-8' encoding to copy filtered resources.
[INFO] skip non existing resourceDirectory /home/travis/build/square/retrofit/retrofit-converters/simplexml/src/main/resources
[INFO] 
[INFO] --- maven-compiler-plugin:3.0:compile (default-compile) @ converter-simplexml ---
[INFO] Changes detected - recompiling the module!
[INFO] Compiling 3 source files to /home/travis/build/square/retrofit/retrofit-converters/simplexml/target/classes
[INFO] 
[INFO] --- maven-resources-plugin:2.6:testResources (default-testResources) @ converter-simplexml ---
[INFO] Using 'UTF-8' encoding to copy filtered resources.
[INFO] skip non existing resourceDirectory /home/travis/build/square/retrofit/retrofit-converters/simplexml/src/test/resources
[INFO] 
[INFO] --- maven-compiler-plugin:3.0:testCompile (default-testCompile) @ converter-simplexml ---
[INFO] Changes detected - recompiling the module!
[INFO] Compiling 2 source files to /home/travis/build/square/retrofit/retrofit-converters/simplexml/target/test-classes
[INFO] 
[INFO] --- maven-surefire-plugin:2.12.4:test (default-test) @ converter-simplexml ---
[INFO] Surefire report directory: /home/travis/build/square/retrofit/retrofit-converters/simplexml/target/surefire-reports

-------------------------------------------------------
 T E S T S
-------------------------------------------------------
Running retrofit2.converter.simplexml.SimpleXmlConverterFactoryTest
Jun 24, 2016 7:26:16 PM okhttp3.mockwebserver.MockWebServer$3 execute
INFO: MockWebServer[37221] starting to accept connections
Jun 24, 2016 7:26:17 PM okhttp3.mockwebserver.MockWebServer$4 processOneRequest
INFO: MockWebServer[37221] received request: GET / HTTP/1.1 and responded: HTTP/1.1 200 OK
Jun 24, 2016 7:26:17 PM okhttp3.mockwebserver.MockWebServer$3 acceptConnections
INFO: MockWebServer[37221] done accepting connections: Socket closed
Jun 24, 2016 7:26:17 PM okhttp3.mockwebserver.MockWebServer$3 execute
INFO: MockWebServer[34909] starting to accept connections
Jun 24, 2016 7:26:17 PM okhttp3.mockwebserver.MockWebServer$4 processOneRequest
INFO: MockWebServer[34909] received request: GET / HTTP/1.1 and responded: HTTP/1.1 200 OK
Jun 24, 2016 7:26:17 PM okhttp3.mockwebserver.MockWebServer$3 acceptConnections
INFO: MockWebServer[34909] done accepting connections: Socket closed
Jun 24, 2016 7:26:17 PM okhttp3.mockwebserver.MockWebServer$3 execute
INFO: MockWebServer[49384] starting to accept connections
Jun 24, 2016 7:26:17 PM okhttp3.mockwebserver.MockWebServer$4 processOneRequest
INFO: MockWebServer[49384] received request: GET / HTTP/1.1 and responded: HTTP/1.1 200 OK
Jun 24, 2016 7:26:17 PM okhttp3.mockwebserver.MockWebServer$3 acceptConnections
INFO: MockWebServer[49384] done accepting connections: Socket closed
Jun 24, 2016 7:26:17 PM okhttp3.mockwebserver.MockWebServer$3 execute
INFO: MockWebServer[44503] starting to accept connections
Jun 24, 2016 7:26:17 PM okhttp3.mockwebserver.MockWebServer$3 acceptConnections
INFO: MockWebServer[44503] done accepting connections: Socket closed
Jun 24, 2016 7:26:17 PM okhttp3.mockwebserver.MockWebServer$4 processOneRequest
INFO: MockWebServer[44503] received request: POST / HTTP/1.1 and responded: HTTP/1.1 200 OK
Tests run: 4, Failures: 0, Errors: 0, Skipped: 0, Time elapsed: 1.213 sec

Results :

Tests run: 4, Failures: 0, Errors: 0, Skipped: 0

[INFO] 
[INFO] --- animal-sniffer-maven-plugin:1.14:check (default) @ converter-simplexml ---
[INFO] Checking unresolved references to org.codehaus.mojo.signature:java16:1.1
[INFO]                                                                         
[INFO] ------------------------------------------------------------------------
[INFO] Building Converter: Java Scalars 2.1.1-SNAPSHOT
[INFO] ------------------------------------------------------------------------
[INFO] 
[INFO] --- maven-enforcer-plugin:1.0:enforce (enforce-maven) @ converter-scalars ---
[INFO] 
[INFO] --- maven-resources-plugin:2.6:resources (default-resources) @ converter-scalars ---
[INFO] Using 'UTF-8' encoding to copy filtered resources.
[INFO] skip non existing resourceDirectory /home/travis/build/square/retrofit/retrofit-converters/scalars/src/main/resources
[INFO] 
[INFO] --- maven-compiler-plugin:3.0:compile (default-compile) @ converter-scalars ---
[INFO] Changes detected - recompiling the module!
[INFO] Compiling 3 source files to /home/travis/build/square/retrofit/retrofit-converters/scalars/target/classes
[INFO] 
[INFO] --- maven-resources-plugin:2.6:testResources (default-testResources) @ converter-scalars ---
[INFO] Using 'UTF-8' encoding to copy filtered resources.
[INFO] skip non existing resourceDirectory /home/travis/build/square/retrofit/retrofit-converters/scalars/src/test/resources
[INFO] 
[INFO] --- maven-compiler-plugin:3.0:testCompile (default-testCompile) @ converter-scalars ---
[INFO] Changes detected - recompiling the module!
[INFO] Compiling 2 source files to /home/travis/build/square/retrofit/retrofit-converters/scalars/target/test-classes
[INFO] 
[INFO] --- maven-surefire-plugin:2.12.4:test (default-test) @ converter-scalars ---
[INFO] Surefire report directory: /home/travis/build/square/retrofit/retrofit-converters/scalars/target/surefire-reports

-------------------------------------------------------
 T E S T S
-------------------------------------------------------
Running retrofit2.converter.scalars.ScalarsConverterFactoryTest
Jun 24, 2016 7:26:19 PM okhttp3.mockwebserver.MockWebServer$3 execute
INFO: MockWebServer[34466] starting to accept connections
Jun 24, 2016 7:26:19 PM okhttp3.mockwebserver.MockWebServer$3 acceptConnections
INFO: MockWebServer[34466] done accepting connections: Socket closed
Jun 24, 2016 7:26:19 PM okhttp3.mockwebserver.MockWebServer$3 execute
INFO: MockWebServer[54873] starting to accept connections
Jun 24, 2016 7:26:20 PM okhttp3.mockwebserver.MockWebServer$4 processOneRequest
INFO: MockWebServer[54873] received request: GET / HTTP/1.1 and responded: HTTP/1.1 200 OK
Jun 24, 2016 7:26:20 PM okhttp3.mockwebserver.MockWebServer$4 processOneRequest
INFO: MockWebServer[54873] received request: GET / HTTP/1.1 and responded: HTTP/1.1 200 OK
Jun 24, 2016 7:26:20 PM okhttp3.mockwebserver.MockWebServer$4 processOneRequest
INFO: MockWebServer[54873] received request: GET / HTTP/1.1 and responded: HTTP/1.1 200 OK
Jun 24, 2016 7:26:20 PM okhttp3.mockwebserver.MockWebServer$4 processOneRequest
INFO: MockWebServer[54873] received request: GET / HTTP/1.1 and responded: HTTP/1.1 200 OK
Jun 24, 2016 7:26:20 PM okhttp3.mockwebserver.MockWebServer$4 processOneRequest
INFO: MockWebServer[54873] received request: GET / HTTP/1.1 and responded: HTTP/1.1 200 OK
Jun 24, 2016 7:26:20 PM okhttp3.mockwebserver.MockWebServer$4 processOneRequest
INFO: MockWebServer[54873] received request: GET / HTTP/1.1 and responded: HTTP/1.1 200 OK
Jun 24, 2016 7:26:20 PM okhttp3.mockwebserver.MockWebServer$4 processOneRequest
INFO: MockWebServer[54873] received request: GET / HTTP/1.1 and responded: HTTP/1.1 200 OK
Jun 24, 2016 7:26:20 PM okhttp3.mockwebserver.MockWebServer$4 processOneRequest
INFO: MockWebServer[54873] received request: GET / HTTP/1.1 and responded: HTTP/1.1 200 OK
Jun 24, 2016 7:26:20 PM okhttp3.mockwebserver.MockWebServer$4 processOneRequest
INFO: MockWebServer[54873] received request: GET / HTTP/1.1 and responded: HTTP/1.1 200 OK
Jun 24, 2016 7:26:20 PM okhttp3.mockwebserver.MockWebServer$4 processOneRequest
INFO: MockWebServer[54873] received request: GET / HTTP/1.1 and responded: HTTP/1.1 200 OK
Jun 24, 2016 7:26:20 PM okhttp3.mockwebserver.MockWebServer$4 processOneRequest
INFO: MockWebServer[54873] received request: GET / HTTP/1.1 and responded: HTTP/1.1 200 OK
Jun 24, 2016 7:26:20 PM okhttp3.mockwebserver.MockWebServer$3 acceptConnections
INFO: MockWebServer[54873] done accepting connections: Socket closed
Jun 24, 2016 7:26:20 PM okhttp3.mockwebserver.MockWebServer$3 execute
INFO: MockWebServer[59663] starting to accept connections
Jun 24, 2016 7:26:20 PM okhttp3.mockwebserver.MockWebServer$4 processOneRequest
INFO: MockWebServer[59663] received request: POST / HTTP/1.1 and responded: HTTP/1.1 200 OK
Jun 24, 2016 7:26:20 PM okhttp3.mockwebserver.MockWebServer$4 processOneRequest
INFO: MockWebServer[59663] received request: POST / HTTP/1.1 and responded: HTTP/1.1 200 OK
Jun 24, 2016 7:26:20 PM okhttp3.mockwebserver.MockWebServer$4 processOneRequest
INFO: MockWebServer[59663] received request: POST / HTTP/1.1 and responded: HTTP/1.1 200 OK
Jun 24, 2016 7:26:20 PM okhttp3.mockwebserver.MockWebServer$4 processOneRequest
INFO: MockWebServer[59663] received request: POST / HTTP/1.1 and responded: HTTP/1.1 200 OK
Jun 24, 2016 7:26:20 PM okhttp3.mockwebserver.MockWebServer$4 processOneRequest
INFO: MockWebServer[59663] received request: POST / HTTP/1.1 and responded: HTTP/1.1 200 OK
Jun 24, 2016 7:26:20 PM okhttp3.mockwebserver.MockWebServer$4 processOneRequest
INFO: MockWebServer[59663] received request: POST / HTTP/1.1 and responded: HTTP/1.1 200 OK
Jun 24, 2016 7:26:20 PM okhttp3.mockwebserver.MockWebServer$4 processOneRequest
INFO: MockWebServer[59663] received request: POST / HTTP/1.1 and responded: HTTP/1.1 200 OK
Jun 24, 2016 7:26:20 PM okhttp3.mockwebserver.MockWebServer$4 processOneRequest
INFO: MockWebServer[59663] received request: POST / HTTP/1.1 and responded: HTTP/1.1 200 OK
Jun 24, 2016 7:26:20 PM okhttp3.mockwebserver.MockWebServer$4 processOneRequest
INFO: MockWebServer[59663] received request: POST / HTTP/1.1 and responded: HTTP/1.1 200 OK
Jun 24, 2016 7:26:20 PM okhttp3.mockwebserver.MockWebServer$4 processOneRequest
INFO: MockWebServer[59663] received request: POST / HTTP/1.1 and responded: HTTP/1.1 200 OK
Jun 24, 2016 7:26:20 PM okhttp3.mockwebserver.MockWebServer$4 processOneRequest
INFO: MockWebServer[59663] received request: POST / HTTP/1.1 and responded: HTTP/1.1 200 OK
Jun 24, 2016 7:26:20 PM okhttp3.mockwebserver.MockWebServer$4 processOneRequest
INFO: MockWebServer[59663] received request: POST / HTTP/1.1 and responded: HTTP/1.1 200 OK
Jun 24, 2016 7:26:20 PM okhttp3.mockwebserver.MockWebServer$4 processOneRequest
INFO: MockWebServer[59663] received request: POST / HTTP/1.1 and responded: HTTP/1.1 200 OK
Jun 24, 2016 7:26:20 PM okhttp3.mockwebserver.MockWebServer$4 processOneRequest
INFO: MockWebServer[59663] received request: POST / HTTP/1.1 and responded: HTTP/1.1 200 OK
Jun 24, 2016 7:26:20 PM okhttp3.mockwebserver.MockWebServer$4 processOneRequest
INFO: MockWebServer[59663] received request: POST / HTTP/1.1 and responded: HTTP/1.1 200 OK
Jun 24, 2016 7:26:20 PM okhttp3.mockwebserver.MockWebServer$4 processOneRequest
INFO: MockWebServer[59663] received request: POST / HTTP/1.1 and responded: HTTP/1.1 200 OK
Jun 24, 2016 7:26:20 PM okhttp3.mockwebserver.MockWebServer$4 processOneRequest
INFO: MockWebServer[59663] received request: POST / HTTP/1.1 and responded: HTTP/1.1 200 OK
Jun 24, 2016 7:26:20 PM okhttp3.mockwebserver.MockWebServer$3 acceptConnections
INFO: MockWebServer[59663] done accepting connections: Socket closed
Jun 24, 2016 7:26:20 PM okhttp3.mockwebserver.MockWebServer$3 execute
INFO: MockWebServer[33000] starting to accept connections
Jun 24, 2016 7:26:20 PM okhttp3.mockwebserver.MockWebServer$3 acceptConnections
INFO: MockWebServer[33000] done accepting connections: Socket is closed
Tests run: 4, Failures: 0, Errors: 0, Skipped: 0, Time elapsed: 1.535 sec
Running retrofit2.converter.scalars.ScalarsConverterPrimitivesFactoryTest
Jun 24, 2016 7:26:20 PM okhttp3.mockwebserver.MockWebServer$3 execute
INFO: MockWebServer[37573] starting to accept connections
Jun 24, 2016 7:26:20 PM okhttp3.mockwebserver.MockWebServer$4 processOneRequest
INFO: MockWebServer[37573] received request: GET / HTTP/1.1 and responded: HTTP/1.1 200 OK
Jun 24, 2016 7:26:20 PM okhttp3.mockwebserver.MockWebServer$4 processOneRequest
INFO: MockWebServer[37573] received request: GET / HTTP/1.1 and responded: HTTP/1.1 200 OK
Jun 24, 2016 7:26:20 PM okhttp3.mockwebserver.MockWebServer$4 processOneRequest
INFO: MockWebServer[37573] received request: GET / HTTP/1.1 and responded: HTTP/1.1 200 OK
Jun 24, 2016 7:26:20 PM okhttp3.mockwebserver.MockWebServer$4 processOneRequest
INFO: MockWebServer[37573] received request: GET / HTTP/1.1 and responded: HTTP/1.1 200 OK
Jun 24, 2016 7:26:20 PM okhttp3.mockwebserver.MockWebServer$4 processOneRequest
INFO: MockWebServer[37573] received request: GET / HTTP/1.1 and responded: HTTP/1.1 200 OK
Jun 24, 2016 7:26:20 PM okhttp3.mockwebserver.MockWebServer$4 processOneRequest
INFO: MockWebServer[37573] received request: GET / HTTP/1.1 and responded: HTTP/1.1 200 OK
Jun 24, 2016 7:26:20 PM okhttp3.mockwebserver.MockWebServer$4 processOneRequest
INFO: MockWebServer[37573] received request: GET / HTTP/1.1 and responded: HTTP/1.1 200 OK
Jun 24, 2016 7:26:20 PM okhttp3.mockwebserver.MockWebServer$4 processOneRequest
INFO: MockWebServer[37573] received request: GET / HTTP/1.1 and responded: HTTP/1.1 200 OK
Jun 24, 2016 7:26:20 PM okhttp3.mockwebserver.MockWebServer$4 processOneRequest
INFO: MockWebServer[37573] received request: GET / HTTP/1.1 and responded: HTTP/1.1 200 OK
Jun 24, 2016 7:26:20 PM okhttp3.mockwebserver.MockWebServer$4 processOneRequest
INFO: MockWebServer[37573] received request: GET / HTTP/1.1 and responded: HTTP/1.1 200 OK
Jun 24, 2016 7:26:20 PM okhttp3.mockwebserver.MockWebServer$3 acceptConnections
INFO: MockWebServer[37573] done accepting connections: Socket closed
Tests run: 1, Failures: 0, Errors: 0, Skipped: 0, Time elapsed: 0.356 sec

Results :

Tests run: 5, Failures: 0, Errors: 0, Skipped: 0

[INFO] 
[INFO] --- animal-sniffer-maven-plugin:1.14:check (default) @ converter-scalars ---
[INFO] Checking unresolved references to org.codehaus.mojo.signature:java16:1.1
[INFO]                                                                         
[INFO] ------------------------------------------------------------------------
[INFO] Building Converter: Moshi 2.1.1-SNAPSHOT
[INFO] ------------------------------------------------------------------------
[INFO] 
[INFO] --- maven-enforcer-plugin:1.0:enforce (enforce-maven) @ converter-moshi ---
[INFO] 
[INFO] --- maven-resources-plugin:2.6:resources (default-resources) @ converter-moshi ---
[INFO] Using 'UTF-8' encoding to copy filtered resources.
[INFO] skip non existing resourceDirectory /home/travis/build/square/retrofit/retrofit-converters/moshi/src/main/resources
[INFO] 
[INFO] --- maven-compiler-plugin:3.0:compile (default-compile) @ converter-moshi ---
[INFO] Changes detected - recompiling the module!
[INFO] Compiling 3 source files to /home/travis/build/square/retrofit/retrofit-converters/moshi/target/classes
[INFO] 
[INFO] --- maven-resources-plugin:2.6:testResources (default-testResources) @ converter-moshi ---
[INFO] Using 'UTF-8' encoding to copy filtered resources.
[INFO] skip non existing resourceDirectory /home/travis/build/square/retrofit/retrofit-converters/moshi/src/test/resources
[INFO] 
[INFO] --- maven-compiler-plugin:3.0:testCompile (default-testCompile) @ converter-moshi ---
[INFO] Changes detected - recompiling the module!
[INFO] Compiling 1 source file to /home/travis/build/square/retrofit/retrofit-converters/moshi/target/test-classes
[INFO] 
[INFO] --- maven-surefire-plugin:2.12.4:test (default-test) @ converter-moshi ---
[INFO] Surefire report directory: /home/travis/build/square/retrofit/retrofit-converters/moshi/target/surefire-reports

-------------------------------------------------------
 T E S T S
-------------------------------------------------------
Running retrofit2.converter.moshi.MoshiConverterFactoryTest
Jun 24, 2016 7:26:22 PM okhttp3.mockwebserver.MockWebServer$3 execute
INFO: MockWebServer[41036] starting to accept connections
Jun 24, 2016 7:26:22 PM okhttp3.mockwebserver.MockWebServer$4 processOneRequest
INFO: MockWebServer[41036] received request: POST / HTTP/1.1 and responded: HTTP/1.1 200 OK
Jun 24, 2016 7:26:22 PM okhttp3.mockwebserver.MockWebServer$3 acceptConnections
INFO: MockWebServer[41036] done accepting connections: Socket closed
Jun 24, 2016 7:26:22 PM okhttp3.mockwebserver.MockWebServer$3 execute
INFO: MockWebServer[45228] starting to accept connections
Jun 24, 2016 7:26:22 PM okhttp3.mockwebserver.MockWebServer$3 acceptConnections
INFO: MockWebServer[45228] done accepting connections: Socket closed
Jun 24, 2016 7:26:22 PM okhttp3.mockwebserver.MockWebServer$4 processOneRequest
INFO: MockWebServer[45228] received request: POST / HTTP/1.1 and responded: HTTP/1.1 200 OK
Jun 24, 2016 7:26:22 PM okhttp3.mockwebserver.MockWebServer$3 execute
INFO: MockWebServer[55656] starting to accept connections
Jun 24, 2016 7:26:22 PM okhttp3.mockwebserver.MockWebServer$3 acceptConnections
INFO: MockWebServer[55656] done accepting connections: Socket closed
Jun 24, 2016 7:26:22 PM okhttp3.mockwebserver.MockWebServer$4 processOneRequest
INFO: MockWebServer[55656] received request: POST / HTTP/1.1 and responded: HTTP/1.1 200 OK
Jun 24, 2016 7:26:22 PM okhttp3.mockwebserver.MockWebServer$3 execute
INFO: MockWebServer[43765] starting to accept connections
Jun 24, 2016 7:26:22 PM okhttp3.mockwebserver.MockWebServer$4 processOneRequest
INFO: MockWebServer[43765] received request: POST / HTTP/1.1 and responded: HTTP/1.1 200 OK
Jun 24, 2016 7:26:22 PM okhttp3.mockwebserver.MockWebServer$4 processOneRequest
INFO: MockWebServer[43765] received request: POST / HTTP/1.1 and responded: HTTP/1.1 200 OK
Jun 24, 2016 7:26:22 PM okhttp3.mockwebserver.MockWebServer$3 acceptConnections
INFO: MockWebServer[43765] done accepting connections: Socket closed
Tests run: 4, Failures: 0, Errors: 0, Skipped: 0, Time elapsed: 1.148 sec

Results :

Tests run: 4, Failures: 0, Errors: 0, Skipped: 0

[INFO] 
[INFO] --- animal-sniffer-maven-plugin:1.14:check (default) @ converter-moshi ---
[INFO] Checking unresolved references to org.codehaus.mojo.signature:java16:1.1
[INFO]                                                                         
[INFO] ------------------------------------------------------------------------
[INFO] Building Retrofit Mock Adapter 2.1.1-SNAPSHOT
[INFO] ------------------------------------------------------------------------
[INFO] 
[INFO] --- maven-enforcer-plugin:1.0:enforce (enforce-maven) @ retrofit-mock ---
[INFO] 
[INFO] --- maven-resources-plugin:2.6:resources (default-resources) @ retrofit-mock ---
[INFO] Using 'UTF-8' encoding to copy filtered resources.
[INFO] skip non existing resourceDirectory /home/travis/build/square/retrofit/retrofit-mock/src/main/resources
[INFO] 
[INFO] --- maven-compiler-plugin:3.0:compile (default-compile) @ retrofit-mock ---
[INFO] Changes detected - recompiling the module!
[INFO] Compiling 5 source files to /home/travis/build/square/retrofit/retrofit-mock/target/classes
[INFO] 
[INFO] --- maven-resources-plugin:2.6:testResources (default-testResources) @ retrofit-mock ---
[INFO] Using 'UTF-8' encoding to copy filtered resources.
[INFO] skip non existing resourceDirectory /home/travis/build/square/retrofit/retrofit-mock/src/test/resources
[INFO] 
[INFO] --- maven-compiler-plugin:3.0:testCompile (default-testCompile) @ retrofit-mock ---
[INFO] Changes detected - recompiling the module!
[INFO] Compiling 3 source files to /home/travis/build/square/retrofit/retrofit-mock/target/test-classes
[INFO] 
[INFO] --- maven-surefire-plugin:2.12.4:test (default-test) @ retrofit-mock ---
[INFO] Surefire report directory: /home/travis/build/square/retrofit/retrofit-mock/target/surefire-reports

-------------------------------------------------------
 T E S T S
-------------------------------------------------------
Running retrofit2.mock.BehaviorDelegateTest
Tests run: 10, Failures: 0, Errors: 0, Skipped: 0, Time elapsed: 1.758 sec
Running retrofit2.mock.MockRetrofitTest
Tests run: 8, Failures: 0, Errors: 0, Skipped: 0, Time elapsed: 0.097 sec
Running retrofit2.mock.NetworkBehaviorTest
Tests run: 6, Failures: 0, Errors: 0, Skipped: 0, Time elapsed: 0.087 sec

Results :

Tests run: 24, Failures: 0, Errors: 0, Skipped: 0

[INFO] 
[INFO] --- animal-sniffer-maven-plugin:1.14:check (default) @ retrofit-mock ---
[INFO] Checking unresolved references to org.codehaus.mojo.signature:java16:1.1
[INFO]                                                                         
[INFO] ------------------------------------------------------------------------
[INFO] Building Samples 2.1.1-SNAPSHOT
[INFO] ------------------------------------------------------------------------
[INFO] 
[INFO] --- maven-enforcer-plugin:1.0:enforce (enforce-maven) @ samples ---
[INFO] 
[INFO] --- maven-resources-plugin:2.6:resources (default-resources) @ samples ---
[INFO] Using 'UTF-8' encoding to copy filtered resources.
[INFO] skip non existing resourceDirectory /home/travis/build/square/retrofit/samples/src/main/resources
[INFO] 
[INFO] --- maven-compiler-plugin:3.0:compile (default-compile) @ samples ---
[INFO] Changes detected - recompiling the module!
[INFO] Compiling 9 source files to /home/travis/build/square/retrofit/samples/target/classes
[INFO] 
[INFO] --- maven-resources-plugin:2.6:testResources (default-testResources) @ samples ---
[INFO] Using 'UTF-8' encoding to copy filtered resources.
[INFO] skip non existing resourceDirectory /home/travis/build/square/retrofit/samples/src/test/resources
[INFO] 
[INFO] --- maven-compiler-plugin:3.0:testCompile (default-testCompile) @ samples ---
[INFO] No sources to compile
[INFO] 
[INFO] --- maven-surefire-plugin:2.12.4:test (default-test) @ samples ---
[INFO] No tests to run.
[INFO] 
[INFO] --- animal-sniffer-maven-plugin:1.14:check (default) @ samples ---
[INFO] Checking unresolved references to org.codehaus.mojo.signature:java16:1.1
[INFO] ------------------------------------------------------------------------
[INFO] Reactor Summary:
[INFO] 
[INFO] Retrofit (Parent) .................................. SUCCESS [  1.815 s]
[INFO] Retrofit ........................................... SUCCESS [ 20.114 s]
[INFO] Adapters ........................................... SUCCESS [  0.220 s]
[INFO] Adapter: Guava ..................................... SUCCESS [  1.687 s]
[INFO] Adapter: Java 8 .................................... SUCCESS [  2.261 s]
[INFO] Adapter: RxJava .................................... SUCCESS [  2.675 s]
[INFO] Converters ......................................... SUCCESS [  0.151 s]
[INFO] Converter: Gson .................................... SUCCESS [  1.459 s]
[INFO] Converter: Protocol Buffers ........................ SUCCESS [  1.596 s]
[INFO] Converter: Nano Protocol Buffers ................... SUCCESS [  1.296 s]
[INFO] Converter: Jackson ................................. SUCCESS [  1.314 s]
[INFO] Converter: Wire Protocol Buffers ................... SUCCESS [  1.784 s]
[INFO] Converter: SimpleXML ............................... SUCCESS [  2.089 s]
[INFO] Converter: Java Scalars ............................ SUCCESS [  3.459 s]
[INFO] Converter: Moshi ................................... SUCCESS [  1.860 s]
[INFO] Retrofit Mock Adapter .............................. SUCCESS [  3.024 s]
[INFO] Samples ............................................ SUCCESS [  1.786 s]
[INFO] ------------------------------------------------------------------------
[INFO] BUILD SUCCESS
[INFO] ------------------------------------------------------------------------
[INFO] Total time: 49.049 s
[INFO] Finished at: 2016-06-24T19:26:28+00:00
[INFO] Final Memory: 37M/329M
[INFO] ------------------------------------------------------------------------

travis_time:end:12598f82:start=1466796337322374919,finish=1466796391762062920,duration=54439688001[0K
[32;1mThe command "mvn test -B" exited with 0.[0m
travis_fold:start:cache.2[0Kstore build cache
travis_time:start:2c3d87f0[0K
travis_time:end:2c3d87f0:start=1466796391766659499,finish=1466796391770218720,duration=3559221[0Ktravis_time:start:00ac2be2[0K[32;1mchange detected (content changed, file is created, or file is deleted):
/home/travis/.m2/repository/com/google/protobuf/nano/protobuf-javanano/3.0.0-alpha-5/protobuf-javanano-3.0.0-alpha-5.jar
/home/travis/.m2/repository/com/google/protobuf/nano/protobuf-javanano/3.0.0-alpha-5/protobuf-javanano-3.0.0-alpha-5.jar.sha1
/home/travis/.m2/repository/com/google/protobuf/nano/protobuf-javanano/3.0.0-alpha-5/protobuf-javanano-3.0.0-alpha-5.pom
/home/travis/.m2/repository/com/google/protobuf/nano/protobuf-javanano/3.0.0-alpha-5/protobuf-javanano-3.0.0-alpha-5.pom.sha1
/home/travis/.m2/repository/com/google/protobuf/nano/protobuf-javanano/3.0.0-alpha-5/_remote.repositories
/home/travis/.m2/repository/com/squareup/retrofit2/adapter-guava/2.1.1-SNAPSHOT/adapter-guava-2.1.1-SNAPSHOT.jar
/home/travis/.m2/repository/com/squareup/retrofit2/adapter-guava/2.1.1-SNAPSHOT/maven-metadata-local.xml
/home/travis/.m2/repository/com/squareup/retrofit2/adapter-guava/2.1.1-SNAPSHOT/_remote.repositories
/home/travis/.m2/repository/com/squareup/retrofit2/adapter-guava/maven-metadata-lo
[0m
[32;1m...
[0m
[32;1mchanges detected, packing new archive[0m
.
[32;1muploading archive[0m

travis_time:end:00ac2be2:start=1466796391774328282,finish=1466796402451379285,duration=10677051003[0Ktravis_fold:end:cache.2[0Ktravis_fold:start:after_success[0Ktravis_time:start:00936dbc[0K$ .buildscript/deploy_snapshot.sh
Skipping snapshot deployment: was pull request.

travis_time:end:00936dbc:start=1466796402455455170,finish=1466796402460259348,duration=4804178[0Ktravis_fold:end:after_success[0K
Done. Your build exited with 0.
