Using worker: worker-linux-docker-a243e35a.prod.travis-ci.org:travis-linux-11

travis_fold:start:system_info[0K[33;1mBuild system information[0m
Build language: java
Build group: stable
Build dist: precise
[34m[1mBuild image provisioning date and time[0m
Thu Feb  5 15:09:33 UTC 2015
[34m[1mOperating System Details[0m
Distributor ID:	Ubuntu
Description:	Ubuntu 12.04.5 LTS
Release:	12.04
Codename:	precise
[34m[1mLinux Version[0m
3.13.0-29-generic
[34m[1mCookbooks Version[0m
a68419e https://github.com/travis-ci/travis-cookbooks/tree/a68419e
[34m[1mGCC version[0m
gcc (Ubuntu/Linaro 4.6.3-1ubuntu5) 4.6.3
Copyright (C) 2011 Free Software Foundation, Inc.
This is free software; see the source for copying conditions.  There is NO
warranty; not even for MERCHANTABILITY or FITNESS FOR A PARTICULAR PURPOSE.

[34m[1mLLVM version[0m
clang version 3.4 (tags/RELEASE_34/final)
Target: x86_64-unknown-linux-gnu
Thread model: posix
[34m[1mPre-installed Ruby versions[0m
ruby-1.9.3-p551
[34m[1mPre-installed Node.js versions[0m
v0.10.36
[34m[1mPre-installed Go versions[0m
1.4.1
[34m[1mRedis version[0m
redis-server 2.8.19
[34m[1mriak version[0m
2.0.2
[34m[1mMongoDB version[0m
MongoDB 2.4.12
[34m[1mCouchDB version[0m
couchdb 1.6.1
[34m[1mNeo4j version[0m
1.9.4
[34m[1mRabbitMQ Version[0m
3.4.3
[34m[1mElasticSearch version[0m
1.4.0
[34m[1mInstalled Sphinx versions[0m
2.0.10
2.1.9
2.2.6
[34m[1mDefault Sphinx version[0m
2.2.6
[34m[1mInstalled Firefox version[0m
firefox 31.0esr
[34m[1mPhantomJS version[0m
1.9.8
[34m[1mant -version[0m
Apache Ant(TM) version 1.8.2 compiled on December 3 2011
[34m[1mmvn -version[0m
Apache Maven 3.2.5 (12a6b3acb947671f09b81f49094c53f426d8cea1; 2014-12-14T17:29:23+00:00)
Maven home: /usr/local/maven
Java version: 1.7.0_76, vendor: Oracle Corporation
Java home: /usr/lib/jvm/java-7-oracle/jre
Default locale: en_US, platform encoding: ANSI_X3.4-1968
OS name: "linux", version: "3.13.0-29-generic", arch: "amd64", family: "unix"
travis_fold:end:system_info[0K
travis_fold:start:fix.CVE-2015-7547[0K$ export DEBIAN_FRONTEND=noninteractive
W: Size of file /var/lib/apt/lists/us.archive.ubuntu.com_ubuntu_dists_precise-backports_multiverse_source_Sources.gz is not what the server reported 5886 5888
W: Size of file /var/lib/apt/lists/ppa.launchpad.net_ubuntugis_ppa_ubuntu_dists_precise_main_binary-amd64_Packages.gz is not what the server reported 36669 36677
W: Size of file /var/lib/apt/lists/ppa.launchpad.net_ubuntugis_ppa_ubuntu_dists_precise_main_binary-i386_Packages.gz is not what the server reported 36729 36733
Reading package lists...
Building dependency tree...
Reading state information...
The following extra packages will be installed:
  libc-bin libc-dev-bin libc6-dev
Suggested packages:
  glibc-doc
The following packages will be upgraded:
  libc-bin libc-dev-bin libc6 libc6-dev
4 upgraded, 0 newly installed, 0 to remove and 247 not upgraded.
Need to get 8,840 kB of archives.
After this operation, 14.3 kB disk space will be freed.
Get:1 http://us.archive.ubuntu.com/ubuntu/ precise-updates/main libc6-dev amd64 2.15-0ubuntu10.15 [2,943 kB]
Get:2 http://us.archive.ubuntu.com/ubuntu/ precise-updates/main libc-dev-bin amd64 2.15-0ubuntu10.15 [84.7 kB]
Get:3 http://us.archive.ubuntu.com/ubuntu/ precise-updates/main libc-bin amd64 2.15-0ubuntu10.15 [1,177 kB]
Get:4 http://us.archive.ubuntu.com/ubuntu/ precise-updates/main libc6 amd64 2.15-0ubuntu10.15 [4,636 kB]
Fetched 8,840 kB in 0s (38.6 MB/s)
Preconfiguring packages ...
(Reading database ... (Reading database ... 5%(Reading database ... 10%(Reading database ... 15%(Reading database ... 20%(Reading database ... 25%(Reading database ... 30%(Reading database ... 35%(Reading database ... 40%(Reading database ... 45%(Reading database ... 50%(Reading database ... 55%(Reading database ... 60%(Reading database ... 65%(Reading database ... 70%(Reading database ... 75%(Reading database ... 80%(Reading database ... 85%(Reading database ... 90%(Reading database ... 95%(Reading database ... 100%(Reading database ... 72019 files and directories currently installed.)
Preparing to replace libc6-dev 2.15-0ubuntu10.10 (using .../libc6-dev_2.15-0ubuntu10.15_amd64.deb) ...
Unpacking replacement libc6-dev ...
Preparing to replace libc-dev-bin 2.15-0ubuntu10.10 (using .../libc-dev-bin_2.15-0ubuntu10.15_amd64.deb) ...
Unpacking replacement libc-dev-bin ...
Preparing to replace libc-bin 2.15-0ubuntu10.10 (using .../libc-bin_2.15-0ubuntu10.15_amd64.deb) ...
Unpacking replacement libc-bin ...
Processing triggers for man-db ...
Setting up libc-bin (2.15-0ubuntu10.15) ...
(Reading database ... (Reading database ... 5%(Reading database ... 10%(Reading database ... 15%(Reading database ... 20%(Reading database ... 25%(Reading database ... 30%(Reading database ... 35%(Reading database ... 40%(Reading database ... 45%(Reading database ... 50%(Reading database ... 55%(Reading database ... 60%(Reading database ... 65%(Reading database ... 70%(Reading database ... 75%(Reading database ... 80%(Reading database ... 85%(Reading database ... 90%(Reading database ... 95%(Reading database ... 100%(Reading database ... 72018 files and directories currently installed.)
Preparing to replace libc6 2.15-0ubuntu10.10 (using .../libc6_2.15-0ubuntu10.15_amd64.deb) ...
Unpacking replacement libc6 ...
Setting up libc6 (2.15-0ubuntu10.15) ...
Setting up libc-dev-bin (2.15-0ubuntu10.15) ...
Setting up libc6-dev (2.15-0ubuntu10.15) ...
Processing triggers for libc-bin ...
ldconfig deferred processing now taking place
travis_fold:end:fix.CVE-2015-7547[0Ktravis_fold:start:git.checkout[0Ktravis_time:start:14b88b50[0K$ git clone --depth=50 https://github.com/square/retrofit.git square/retrofit
Cloning into 'square/retrofit'...
remote: Counting objects: 1149, done.[K
remote: Compressing objects:   0% (1/646)   [Kremote: Compressing objects:   1% (7/646)   [Kremote: Compressing objects:   2% (13/646)   [Kremote: Compressing objects:   3% (20/646)   [Kremote: Compressing objects:   4% (26/646)   [Kremote: Compressing objects:   5% (33/646)   [Kremote: Compressing objects:   6% (39/646)   [Kremote: Compressing objects:   7% (46/646)   [Kremote: Compressing objects:   8% (52/646)   [Kremote: Compressing objects:   9% (59/646)   [Kremote: Compressing objects:  10% (65/646)   [Kremote: Compressing objects:  11% (72/646)   [Kremote: Compressing objects:  12% (78/646)   [Kremote: Compressing objects:  13% (84/646)   [Kremote: Compressing objects:  14% (91/646)   [Kremote: Compressing objects:  15% (97/646)   [Kremote: Compressing objects:  16% (104/646)   [Kremote: Compressing objects:  17% (110/646)   [Kremote: Compressing objects:  18% (117/646)   [Kremote: Compressing objects:  19% (123/646)   [Kremote: Compressing objects:  20% (130/646)   [Kremote: Compressing objects:  21% (136/646)   [Kremote: Compressing objects:  22% (143/646)   [Kremote: Compressing objects:  23% (149/646)   [Kremote: Compressing objects:  24% (156/646)   [Kremote: Compressing objects:  25% (162/646)   [Kremote: Compressing objects:  26% (168/646)   [Kremote: Compressing objects:  27% (175/646)   [Kremote: Compressing objects:  28% (181/646)   [Kremote: Compressing objects:  29% (188/646)   [Kremote: Compressing objects:  30% (194/646)   [Kremote: Compressing objects:  31% (201/646)   [Kremote: Compressing objects:  32% (207/646)   [Kremote: Compressing objects:  33% (214/646)   [Kremote: Compressing objects:  34% (220/646)   [Kremote: Compressing objects:  35% (227/646)   [Kremote: Compressing objects:  36% (233/646)   [Kremote: Compressing objects:  37% (240/646)   [Kremote: Compressing objects:  38% (246/646)   [Kremote: Compressing objects:  39% (252/646)   [Kremote: Compressing objects:  40% (259/646)   [Kremote: Compressing objects:  41% (265/646)   [Kremote: Compressing objects:  42% (272/646)   [Kremote: Compressing objects:  43% (278/646)   [Kremote: Compressing objects:  44% (285/646)   [Kremote: Compressing objects:  45% (291/646)   [Kremote: Compressing objects:  46% (298/646)   [Kremote: Compressing objects:  47% (304/646)   [Kremote: Compressing objects:  48% (311/646)   [Kremote: Compressing objects:  49% (317/646)   [Kremote: Compressing objects:  50% (323/646)   [Kremote: Compressing objects:  51% (330/646)   [Kremote: Compressing objects:  52% (336/646)   [Kremote: Compressing objects:  53% (343/646)   [Kremote: Compressing objects:  54% (349/646)   [Kremote: Compressing objects:  55% (356/646)   [Kremote: Compressing objects:  56% (362/646)   [Kremote: Compressing objects:  57% (369/646)   [Kremote: Compressing objects:  58% (375/646)   [Kremote: Compressing objects:  59% (382/646)   [Kremote: Compressing objects:  60% (388/646)   [Kremote: Compressing objects:  61% (395/646)   [Kremote: Compressing objects:  62% (401/646)   [Kremote: Compressing objects:  63% (407/646)   [Kremote: Compressing objects:  64% (414/646)   [Kremote: Compressing objects:  65% (420/646)   [Kremote: Compressing objects:  66% (427/646)   [Kremote: Compressing objects:  67% (433/646)   [Kremote: Compressing objects:  68% (440/646)   [Kremote: Compressing objects:  69% (446/646)   [Kremote: Compressing objects:  70% (453/646)   [Kremote: Compressing objects:  71% (459/646)   [Kremote: Compressing objects:  72% (466/646)   [Kremote: Compressing objects:  73% (472/646)   [Kremote: Compressing objects:  74% (479/646)   [Kremote: Compressing objects:  75% (485/646)   [Kremote: Compressing objects:  76% (491/646)   [Kremote: Compressing objects:  77% (498/646)   [Kremote: Compressing objects:  78% (504/646)   [Kremote: Compressing objects:  79% (511/646)   [Kremote: Compressing objects:  80% (517/646)   [Kremote: Compressing objects:  81% (524/646)   [Kremote: Compressing objects:  82% (530/646)   [Kremote: Compressing objects:  83% (537/646)   [Kremote: Compressing objects:  84% (543/646)   [Kremote: Compressing objects:  85% (550/646)   [Kremote: Compressing objects:  86% (556/646)   [Kremote: Compressing objects:  87% (563/646)   [Kremote: Compressing objects:  88% (569/646)   [Kremote: Compressing objects:  89% (575/646)   [Kremote: Compressing objects:  90% (582/646)   [Kremote: Compressing objects:  91% (588/646)   [Kremote: Compressing objects:  92% (595/646)   [Kremote: Compressing objects:  93% (601/646)   [Kremote: Compressing objects:  94% (608/646)   [Kremote: Compressing objects:  95% (614/646)   [Kremote: Compressing objects:  96% (621/646)   [Kremote: Compressing objects:  97% (627/646)   [Kremote: Compressing objects:  98% (634/646)   [Kremote: Compressing objects:  99% (640/646)   [Kremote: Compressing objects: 100% (646/646)   [Kremote: Compressing objects: 100% (646/646), done.[K
Receiving objects:   0% (1/1149)   Receiving objects:   1% (12/1149)   Receiving objects:   2% (23/1149)   Receiving objects:   3% (35/1149)   Receiving objects:   4% (46/1149)   Receiving objects:   5% (58/1149)   Receiving objects:   6% (69/1149)   Receiving objects:   7% (81/1149)   Receiving objects:   8% (92/1149)   Receiving objects:   9% (104/1149)   Receiving objects:  10% (115/1149)   Receiving objects:  11% (127/1149)   Receiving objects:  12% (138/1149)   Receiving objects:  13% (150/1149)   Receiving objects:  14% (161/1149)   Receiving objects:  15% (173/1149)   Receiving objects:  16% (184/1149)   Receiving objects:  17% (196/1149)   Receiving objects:  18% (207/1149)   Receiving objects:  19% (219/1149)   Receiving objects:  20% (230/1149)   Receiving objects:  21% (242/1149)   Receiving objects:  22% (253/1149)   Receiving objects:  23% (265/1149)   Receiving objects:  24% (276/1149)   Receiving objects:  25% (288/1149)   Receiving objects:  26% (299/1149)   Receiving objects:  27% (311/1149)   Receiving objects:  28% (322/1149)   Receiving objects:  29% (334/1149)   Receiving objects:  30% (345/1149)   Receiving objects:  31% (357/1149)   Receiving objects:  32% (368/1149)   Receiving objects:  33% (380/1149)   Receiving objects:  34% (391/1149)   Receiving objects:  35% (403/1149)   Receiving objects:  36% (414/1149)   Receiving objects:  37% (426/1149)   Receiving objects:  38% (437/1149)   Receiving objects:  39% (449/1149)   Receiving objects:  40% (460/1149)   Receiving objects:  41% (472/1149)   Receiving objects:  42% (483/1149)   Receiving objects:  43% (495/1149)   Receiving objects:  44% (506/1149)   Receiving objects:  45% (518/1149)   Receiving objects:  46% (529/1149)   Receiving objects:  47% (541/1149)   Receiving objects:  48% (552/1149)   Receiving objects:  49% (564/1149)   Receiving objects:  50% (575/1149)   Receiving objects:  51% (586/1149)   Receiving objects:  52% (598/1149)   Receiving objects:  53% (609/1149)   Receiving objects:  54% (621/1149)   Receiving objects:  55% (632/1149)   Receiving objects:  56% (644/1149)   Receiving objects:  57% (655/1149)   Receiving objects:  58% (667/1149)   Receiving objects:  59% (678/1149)   Receiving objects:  60% (690/1149)   Receiving objects:  61% (701/1149)   Receiving objects:  62% (713/1149)   Receiving objects:  63% (724/1149)   Receiving objects:  64% (736/1149)   Receiving objects:  65% (747/1149)   Receiving objects:  66% (759/1149)   Receiving objects:  67% (770/1149)   Receiving objects:  68% (782/1149)   Receiving objects:  69% (793/1149)   Receiving objects:  70% (805/1149)   Receiving objects:  71% (816/1149)   Receiving objects:  72% (828/1149)   Receiving objects:  73% (839/1149)   Receiving objects:  74% (851/1149)   Receiving objects:  75% (862/1149)   Receiving objects:  76% (874/1149)   Receiving objects:  77% (885/1149)   Receiving objects:  78% (897/1149)   Receiving objects:  79% (908/1149)   Receiving objects:  80% (920/1149)   Receiving objects:  81% (931/1149)   Receiving objects:  82% (943/1149)   Receiving objects:  83% (954/1149)   Receiving objects:  84% (966/1149)   Receiving objects:  85% (977/1149)   Receiving objects:  86% (989/1149)   Receiving objects:  87% (1000/1149)   Receiving objects:  88% (1012/1149)   Receiving objects:  89% (1023/1149)   Receiving objects:  90% (1035/1149)   remote: Total 1149 (delta 433), reused 892 (delta 248), pack-reused 0[K
Receiving objects:  91% (1046/1149)   Receiving objects:  92% (1058/1149)   Receiving objects:  93% (1069/1149)   Receiving objects:  94% (1081/1149)   Receiving objects:  95% (1092/1149)   Receiving objects:  96% (1104/1149)   Receiving objects:  97% (1115/1149)   Receiving objects:  98% (1127/1149)   Receiving objects:  99% (1138/1149)   Receiving objects: 100% (1149/1149)   Receiving objects: 100% (1149/1149), 304.30 KiB | 0 bytes/s, done.
Resolving deltas:   0% (0/433)   Resolving deltas:   3% (13/433)   Resolving deltas:   4% (21/433)   Resolving deltas:   6% (26/433)   Resolving deltas:   9% (42/433)   Resolving deltas:  10% (44/433)   Resolving deltas:  36% (158/433)   Resolving deltas:  39% (173/433)   Resolving deltas:  40% (175/433)   Resolving deltas:  42% (183/433)   Resolving deltas:  45% (197/433)   Resolving deltas:  46% (200/433)   Resolving deltas:  50% (217/433)   Resolving deltas:  51% (224/433)   Resolving deltas:  52% (226/433)   Resolving deltas:  53% (230/433)   Resolving deltas:  54% (238/433)   Resolving deltas:  55% (239/433)   Resolving deltas:  57% (251/433)   Resolving deltas:  58% (254/433)   Resolving deltas:  59% (256/433)   Resolving deltas:  60% (260/433)   Resolving deltas:  61% (265/433)   Resolving deltas:  66% (286/433)   Resolving deltas:  67% (292/433)   Resolving deltas:  68% (296/433)   Resolving deltas:  69% (299/433)   Resolving deltas:  70% (304/433)   Resolving deltas:  71% (311/433)   Resolving deltas:  72% (313/433)   Resolving deltas:  73% (317/433)   Resolving deltas:  74% (322/433)   Resolving deltas:  76% (331/433)   Resolving deltas:  78% (341/433)   Resolving deltas:  80% (349/433)   Resolving deltas:  82% (358/433)   Resolving deltas:  85% (369/433)   Resolving deltas:  86% (375/433)   Resolving deltas:  87% (377/433)   Resolving deltas:  88% (383/433)   Resolving deltas:  91% (395/433)   Resolving deltas:  92% (402/433)   Resolving deltas:  93% (403/433)   Resolving deltas:  94% (410/433)   Resolving deltas:  95% (413/433)   Resolving deltas:  98% (428/433)   Resolving deltas:  99% (429/433)   Resolving deltas: 100% (433/433)   Resolving deltas: 100% (433/433), done.
Checking connectivity... done.

travis_time:end:14b88b50:start=1466920376822532495,finish=1466920377247252467,duration=424719972[0K$ cd square/retrofit
travis_time:start:1974bdc6[0K$ git fetch origin +refs/pull/1882/merge:
remote: Counting objects: 19, done.[K
remote: Compressing objects:  11% (1/9)   [Kremote: Compressing objects:  22% (2/9)   [Kremote: Compressing objects:  33% (3/9)   [Kremote: Compressing objects:  44% (4/9)   [Kremote: Compressing objects:  55% (5/9)   [Kremote: Compressing objects:  66% (6/9)   [Kremote: Compressing objects:  77% (7/9)   [Kremote: Compressing objects:  88% (8/9)   [Kremote: Compressing objects: 100% (9/9)   [Kremote: Compressing objects: 100% (9/9), done.[K
remote: Total 19 (delta 6), reused 11 (delta 4), pack-reused 0[K
Unpacking objects:   5% (1/19)   Unpacking objects:  10% (2/19)   Unpacking objects:  15% (3/19)   Unpacking objects:  21% (4/19)   Unpacking objects:  26% (5/19)   Unpacking objects:  31% (6/19)   Unpacking objects:  36% (7/19)   Unpacking objects:  42% (8/19)   Unpacking objects:  47% (9/19)   Unpacking objects:  52% (10/19)   Unpacking objects:  57% (11/19)   Unpacking objects:  63% (12/19)   Unpacking objects:  68% (13/19)   Unpacking objects:  73% (14/19)   Unpacking objects:  78% (15/19)   Unpacking objects:  84% (16/19)   Unpacking objects:  89% (17/19)   Unpacking objects:  94% (18/19)   Unpacking objects: 100% (19/19)   Unpacking objects: 100% (19/19), done.
From https://github.com/square/retrofit
 * branch            refs/pull/1882/merge -> FETCH_HEAD

travis_time:end:1974bdc6:start=1466920377250898872,finish=1466920377554352409,duration=303453537[0K$ git checkout -qf FETCH_HEAD
travis_fold:end:git.checkout[0K
[33;1mThis job is running on container-based infrastructure, which does not allow use of 'sudo', setuid and setguid executables.[0m
[33;1mIf you require sudo, add 'sudo: required' to your .travis.yml[0m
[33;1mSee https://docs.travis-ci.com/user/workers/container-based-infrastructure/ for details.[0m

[33;1mSetting environment variables from .travis.yml[0m
$ export CI_DEPLOY_USERNAME=[secure]
$ export CI_DEPLOY_PASSWORD=[secure]

$ jdk_switcher use oraclejdk8
Switching to Oracle JDK8 (java-8-oracle), JAVA_HOME will be set to /usr/lib/jvm/java-8-oracle
travis_fold:start:cache.1[0KSetting up build cache
$ export CASHER_DIR=$HOME/.casher
travis_time:start:00022dad[0K$ Installing caching utilities

travis_time:end:00022dad:start=1466920379078168400,finish=1466920379158536725,duration=80368325[0Ktravis_time:start:0128bb4e[0K
travis_time:end:0128bb4e:start=1466920379163013622,finish=1466920379166042491,duration=3028869[0Ktravis_time:start:0e3cb384[0K[32;1mattempting to download cache archive[0m
[32;1mfetching PR.1882/cache-linux-precise-e3b0c44298fc1c149afbf4c8996fb92427ae41e4649b934ca495991b7852b855--jdk-oraclejdk8.tgz[0m
[32;1mfetching PR.1882/cache--jdk-oraclejdk8.tgz[0m
[32;1mfetching master/cache-linux-precise-e3b0c44298fc1c149afbf4c8996fb92427ae41e4649b934ca495991b7852b855--jdk-oraclejdk8.tgz[0m
[32;1mfound cache[0m

travis_time:end:0e3cb384:start=1466920379169684158,finish=1466920380733064996,duration=1563380838[0Ktravis_time:start:147205b8[0K
travis_time:end:147205b8:start=1466920380736895972,finish=1466920380740110783,duration=3214811[0Ktravis_time:start:0fc379ce[0K[32;1madding /home/travis/.m2 to cache[0m

travis_time:end:0fc379ce:start=1466920380743770515,finish=1466920382341211664,duration=1597441149[0Ktravis_fold:end:cache.1[0K$ java -Xmx32m -version
java version "1.8.0_31"
Java(TM) SE Runtime Environment (build 1.8.0_31-b13)
Java HotSpot(TM) 64-Bit Server VM (build 25.31-b07, mixed mode)
$ javac -J-Xmx32m -version
javac 1.8.0_31
travis_fold:start:install[0Ktravis_time:start:0ce651a2[0K$ mvn install -DskipTests=true -Dmaven.javadoc.skip=true -B -V
Java HotSpot(TM) 64-Bit Server VM warning: ignoring option MaxPermSize=192m; support was removed in 8.0
Apache Maven 3.2.5 (12a6b3acb947671f09b81f49094c53f426d8cea1; 2014-12-14T17:29:23+00:00)
Maven home: /usr/local/maven
Java version: 1.8.0_31, vendor: Oracle Corporation
Java home: /usr/lib/jvm/java-8-oracle/jre
Default locale: en_US, platform encoding: UTF-8
OS name: "linux", version: "3.13.0-40-generic", arch: "amd64", family: "unix"
[INFO] Scanning for projects...
[WARNING] 
[WARNING] Some problems were encountered while building the effective model for com.squareup.retrofit2:samples:jar:2.1.1-SNAPSHOT
[WARNING] 'build.plugins.plugin.version' for org.apache.maven.plugins:maven-deploy-plugin is missing. @ com.squareup.retrofit2:samples:[unknown-version], /home/travis/build/square/retrofit/samples/pom.xml, line 55, column 15
[WARNING] 
[WARNING] It is highly recommended to fix these problems because they threaten the stability of your build.
[WARNING] 
[WARNING] For this reason, future Maven versions might no longer support building such malformed projects.
[WARNING] 
[INFO] ------------------------------------------------------------------------
[INFO] Reactor Build Order:
[INFO] 
[INFO] Retrofit (Parent)
[INFO] Retrofit
[INFO] Adapters
[INFO] Adapter: Guava
[INFO] Adapter: Java 8
[INFO] Adapter: RxJava
[INFO] Converters
[INFO] Converter: Gson
[INFO] Converter: Protocol Buffers
[INFO] Converter: Jackson
[INFO] Converter: Wire Protocol Buffers
[INFO] Converter: SimpleXML
[INFO] Converter: Java Scalars
[INFO] Converter: Moshi
[INFO] Retrofit Mock Adapter
[INFO] Samples
[INFO]                                                                         
[INFO] ------------------------------------------------------------------------
[INFO] Building Retrofit (Parent) 2.1.1-SNAPSHOT
[INFO] ------------------------------------------------------------------------
[INFO] 
[INFO] --- maven-enforcer-plugin:1.0:enforce (enforce-maven) @ parent ---
[INFO] 
[INFO] --- animal-sniffer-maven-plugin:1.14:check (default) @ parent ---
[INFO] Checking unresolved references to org.codehaus.mojo.signature:java16:1.1
[INFO] 
[INFO] --- maven-javadoc-plugin:2.10.3:jar (attach-javadocs) @ parent ---
[INFO] Skipping javadoc generation
[INFO] 
[INFO] --- maven-checkstyle-plugin:2.15:checkstyle (default) @ parent ---
[INFO] 
[INFO] --- maven-install-plugin:2.4:install (default-install) @ parent ---
[INFO] Installing /home/travis/build/square/retrofit/pom.xml to /home/travis/.m2/repository/com/squareup/retrofit2/parent/2.1.1-SNAPSHOT/parent-2.1.1-SNAPSHOT.pom
[INFO]                                                                         
[INFO] ------------------------------------------------------------------------
[INFO] Building Retrofit 2.1.1-SNAPSHOT
[INFO] ------------------------------------------------------------------------
[INFO] 
[INFO] --- maven-enforcer-plugin:1.0:enforce (enforce-maven) @ retrofit ---
[INFO] 
[INFO] --- maven-resources-plugin:2.6:resources (default-resources) @ retrofit ---
[INFO] Using 'UTF-8' encoding to copy filtered resources.
[INFO] skip non existing resourceDirectory /home/travis/build/square/retrofit/retrofit/src/main/resources
[INFO] 
[INFO] --- maven-compiler-plugin:3.0:compile (default-compile) @ retrofit ---
[INFO] Changes detected - recompiling the module!
[INFO] Compiling 40 source files to /home/travis/build/square/retrofit/retrofit/target/classes
[WARNING] /home/travis/build/square/retrofit/retrofit/src/main/java/retrofit2/Retrofit.java: Some input files use unchecked or unsafe operations.
[WARNING] /home/travis/build/square/retrofit/retrofit/src/main/java/retrofit2/Retrofit.java: Recompile with -Xlint:unchecked for details.
[INFO] 
[INFO] --- maven-resources-plugin:2.6:testResources (default-testResources) @ retrofit ---
[INFO] Using 'UTF-8' encoding to copy filtered resources.
[INFO] skip non existing resourceDirectory /home/travis/build/square/retrofit/retrofit/src/test/resources
[INFO] 
[INFO] --- maven-compiler-plugin:3.0:testCompile (default-testCompile) @ retrofit ---
[INFO] Changes detected - recompiling the module!
[INFO] Compiling 14 source files to /home/travis/build/square/retrofit/retrofit/target/test-classes
[WARNING] /home/travis/build/square/retrofit/retrofit/src/test/java/retrofit2/RetrofitTest.java: /home/travis/build/square/retrofit/retrofit/src/test/java/retrofit2/RetrofitTest.java uses unchecked or unsafe operations.
[WARNING] /home/travis/build/square/retrofit/retrofit/src/test/java/retrofit2/RetrofitTest.java: Recompile with -Xlint:unchecked for details.
[INFO] 
[INFO] --- maven-surefire-plugin:2.12.4:test (default-test) @ retrofit ---
[INFO] Tests are skipped.
[INFO] 
[INFO] --- animal-sniffer-maven-plugin:1.14:check (default) @ retrofit ---
[INFO] Checking unresolved references to org.codehaus.mojo.signature:java16:1.1
[INFO] 
[INFO] --- maven-jar-plugin:2.4:jar (default-jar) @ retrofit ---
[INFO] Building jar: /home/travis/build/square/retrofit/retrofit/target/retrofit-2.1.1-SNAPSHOT.jar
[INFO] 
[INFO] --- maven-javadoc-plugin:2.10.3:jar (attach-javadocs) @ retrofit ---
[INFO] Skipping javadoc generation
[INFO] 
[INFO] --- maven-checkstyle-plugin:2.15:checkstyle (default) @ retrofit ---
[INFO] Starting audit...
Audit done.
[WARNING] Unable to locate Source XRef to link to - DISABLED
[INFO] 
[INFO] --- maven-install-plugin:2.4:install (default-install) @ retrofit ---
[INFO] Installing /home/travis/build/square/retrofit/retrofit/target/retrofit-2.1.1-SNAPSHOT.jar to /home/travis/.m2/repository/com/squareup/retrofit2/retrofit/2.1.1-SNAPSHOT/retrofit-2.1.1-SNAPSHOT.jar
[INFO] Installing /home/travis/build/square/retrofit/retrofit/pom.xml to /home/travis/.m2/repository/com/squareup/retrofit2/retrofit/2.1.1-SNAPSHOT/retrofit-2.1.1-SNAPSHOT.pom
[INFO]                                                                         
[INFO] ------------------------------------------------------------------------
[INFO] Building Adapters 2.1.1-SNAPSHOT
[INFO] ------------------------------------------------------------------------
[INFO] 
[INFO] --- maven-enforcer-plugin:1.0:enforce (enforce-maven) @ retrofit-adapters ---
[INFO] 
[INFO] --- animal-sniffer-maven-plugin:1.14:check (default) @ retrofit-adapters ---
[INFO] Checking unresolved references to org.codehaus.mojo.signature:java16:1.1
[INFO] 
[INFO] --- maven-javadoc-plugin:2.10.3:jar (attach-javadocs) @ retrofit-adapters ---
[INFO] Skipping javadoc generation
[INFO] 
[INFO] --- maven-checkstyle-plugin:2.15:checkstyle (default) @ retrofit-adapters ---
[INFO] 
[INFO] --- maven-install-plugin:2.4:install (default-install) @ retrofit-adapters ---
[INFO] Installing /home/travis/build/square/retrofit/retrofit-adapters/pom.xml to /home/travis/.m2/repository/com/squareup/retrofit2/retrofit-adapters/2.1.1-SNAPSHOT/retrofit-adapters-2.1.1-SNAPSHOT.pom
[INFO]                                                                         
[INFO] ------------------------------------------------------------------------
[INFO] Building Adapter: Guava 2.1.1-SNAPSHOT
[INFO] ------------------------------------------------------------------------
[INFO] 
[INFO] --- maven-enforcer-plugin:1.0:enforce (enforce-maven) @ adapter-guava ---
[INFO] 
[INFO] --- maven-resources-plugin:2.6:resources (default-resources) @ adapter-guava ---
[INFO] Using 'UTF-8' encoding to copy filtered resources.
[INFO] skip non existing resourceDirectory /home/travis/build/square/retrofit/retrofit-adapters/guava/src/main/resources
[INFO] 
[INFO] --- maven-compiler-plugin:3.0:compile (default-compile) @ adapter-guava ---
[INFO] Changes detected - recompiling the module!
[INFO] Compiling 2 source files to /home/travis/build/square/retrofit/retrofit-adapters/guava/target/classes
[INFO] 
[INFO] --- maven-resources-plugin:2.6:testResources (default-testResources) @ adapter-guava ---
[INFO] Using 'UTF-8' encoding to copy filtered resources.
[INFO] skip non existing resourceDirectory /home/travis/build/square/retrofit/retrofit-adapters/guava/src/test/resources
[INFO] 
[INFO] --- maven-compiler-plugin:3.0:testCompile (default-testCompile) @ adapter-guava ---
[INFO] Changes detected - recompiling the module!
[INFO] Compiling 3 source files to /home/travis/build/square/retrofit/retrofit-adapters/guava/target/test-classes
[INFO] 
[INFO] --- maven-surefire-plugin:2.12.4:test (default-test) @ adapter-guava ---
[INFO] Tests are skipped.
[INFO] 
[INFO] --- animal-sniffer-maven-plugin:1.14:check (default) @ adapter-guava ---
[INFO] Checking unresolved references to org.codehaus.mojo.signature:java16:1.1
[INFO] 
[INFO] --- maven-jar-plugin:2.4:jar (default-jar) @ adapter-guava ---
[INFO] Building jar: /home/travis/build/square/retrofit/retrofit-adapters/guava/target/adapter-guava-2.1.1-SNAPSHOT.jar
[INFO] 
[INFO] --- maven-javadoc-plugin:2.10.3:jar (attach-javadocs) @ adapter-guava ---
[INFO] Skipping javadoc generation
[INFO] 
[INFO] --- maven-checkstyle-plugin:2.15:checkstyle (default) @ adapter-guava ---
[INFO] Starting audit...
Audit done.
[WARNING] Unable to locate Source XRef to link to - DISABLED
[INFO] 
[INFO] --- maven-install-plugin:2.4:install (default-install) @ adapter-guava ---
[INFO] Installing /home/travis/build/square/retrofit/retrofit-adapters/guava/target/adapter-guava-2.1.1-SNAPSHOT.jar to /home/travis/.m2/repository/com/squareup/retrofit2/adapter-guava/2.1.1-SNAPSHOT/adapter-guava-2.1.1-SNAPSHOT.jar
[INFO] Installing /home/travis/build/square/retrofit/retrofit-adapters/guava/pom.xml to /home/travis/.m2/repository/com/squareup/retrofit2/adapter-guava/2.1.1-SNAPSHOT/adapter-guava-2.1.1-SNAPSHOT.pom
[INFO]                                                                         
[INFO] ------------------------------------------------------------------------
[INFO] Building Adapter: Java 8 2.1.1-SNAPSHOT
[INFO] ------------------------------------------------------------------------
[INFO] 
[INFO] --- maven-enforcer-plugin:1.0:enforce (enforce-maven) @ adapter-java8 ---
[INFO] 
[INFO] --- maven-resources-plugin:2.6:resources (default-resources) @ adapter-java8 ---
[INFO] Using 'UTF-8' encoding to copy filtered resources.
[INFO] skip non existing resourceDirectory /home/travis/build/square/retrofit/retrofit-adapters/java8/src/main/resources
[INFO] 
[INFO] --- maven-compiler-plugin:3.0:compile (default-compile) @ adapter-java8 ---
[INFO] Changes detected - recompiling the module!
[INFO] Compiling 2 source files to /home/travis/build/square/retrofit/retrofit-adapters/java8/target/classes
[INFO] 
[INFO] --- maven-resources-plugin:2.6:testResources (default-testResources) @ adapter-java8 ---
[INFO] Using 'UTF-8' encoding to copy filtered resources.
[INFO] skip non existing resourceDirectory /home/travis/build/square/retrofit/retrofit-adapters/java8/src/test/resources
[INFO] 
[INFO] --- maven-compiler-plugin:3.0:testCompile (default-testCompile) @ adapter-java8 ---
[INFO] Changes detected - recompiling the module!
[INFO] Compiling 3 source files to /home/travis/build/square/retrofit/retrofit-adapters/java8/target/test-classes
[INFO] 
[INFO] --- maven-surefire-plugin:2.12.4:test (default-test) @ adapter-java8 ---
[INFO] Tests are skipped.
[INFO] 
[INFO] --- animal-sniffer-maven-plugin:1.14:check (default) @ adapter-java8 ---
[INFO] Checking unresolved references to org.kaazing.mojo.signature:java18:1.0
[INFO] 
[INFO] --- maven-jar-plugin:2.4:jar (default-jar) @ adapter-java8 ---
[INFO] Building jar: /home/travis/build/square/retrofit/retrofit-adapters/java8/target/adapter-java8-2.1.1-SNAPSHOT.jar
[INFO] 
[INFO] --- maven-javadoc-plugin:2.10.3:jar (attach-javadocs) @ adapter-java8 ---
[INFO] Skipping javadoc generation
[INFO] 
[INFO] --- maven-checkstyle-plugin:2.15:checkstyle (default) @ adapter-java8 ---
[INFO] Starting audit...
Audit done.
[WARNING] Unable to locate Source XRef to link to - DISABLED
[INFO] 
[INFO] --- maven-install-plugin:2.4:install (default-install) @ adapter-java8 ---
[INFO] Installing /home/travis/build/square/retrofit/retrofit-adapters/java8/target/adapter-java8-2.1.1-SNAPSHOT.jar to /home/travis/.m2/repository/com/squareup/retrofit2/adapter-java8/2.1.1-SNAPSHOT/adapter-java8-2.1.1-SNAPSHOT.jar
[INFO] Installing /home/travis/build/square/retrofit/retrofit-adapters/java8/pom.xml to /home/travis/.m2/repository/com/squareup/retrofit2/adapter-java8/2.1.1-SNAPSHOT/adapter-java8-2.1.1-SNAPSHOT.pom
[INFO]                                                                         
[INFO] ------------------------------------------------------------------------
[INFO] Building Adapter: RxJava 2.1.1-SNAPSHOT
[INFO] ------------------------------------------------------------------------
[INFO] 
[INFO] --- maven-enforcer-plugin:1.0:enforce (enforce-maven) @ adapter-rxjava ---
[INFO] 
[INFO] --- maven-resources-plugin:2.6:resources (default-resources) @ adapter-rxjava ---
[INFO] Using 'UTF-8' encoding to copy filtered resources.
[INFO] skip non existing resourceDirectory /home/travis/build/square/retrofit/retrofit-adapters/rxjava/src/main/resources
[INFO] 
[INFO] --- maven-compiler-plugin:3.0:compile (default-compile) @ adapter-rxjava ---
[INFO] Changes detected - recompiling the module!
[INFO] Compiling 6 source files to /home/travis/build/square/retrofit/retrofit-adapters/rxjava/target/classes
[INFO] 
[INFO] --- maven-resources-plugin:2.6:testResources (default-testResources) @ adapter-rxjava ---
[INFO] Using 'UTF-8' encoding to copy filtered resources.
[INFO] skip non existing resourceDirectory /home/travis/build/square/retrofit/retrofit-adapters/rxjava/src/test/resources
[INFO] 
[INFO] --- maven-compiler-plugin:3.0:testCompile (default-testCompile) @ adapter-rxjava ---
[INFO] Changes detected - recompiling the module!
[INFO] Compiling 9 source files to /home/travis/build/square/retrofit/retrofit-adapters/rxjava/target/test-classes
[INFO] 
[INFO] --- maven-surefire-plugin:2.12.4:test (default-test) @ adapter-rxjava ---
[INFO] Tests are skipped.
[INFO] 
[INFO] --- animal-sniffer-maven-plugin:1.14:check (default) @ adapter-rxjava ---
[INFO] Checking unresolved references to org.codehaus.mojo.signature:java16:1.1
[INFO] 
[INFO] --- maven-jar-plugin:2.4:jar (default-jar) @ adapter-rxjava ---
[INFO] Building jar: /home/travis/build/square/retrofit/retrofit-adapters/rxjava/target/adapter-rxjava-2.1.1-SNAPSHOT.jar
[INFO] 
[INFO] --- maven-javadoc-plugin:2.10.3:jar (attach-javadocs) @ adapter-rxjava ---
[INFO] Skipping javadoc generation
[INFO] 
[INFO] --- maven-checkstyle-plugin:2.15:checkstyle (default) @ adapter-rxjava ---
[INFO] Starting audit...
Audit done.
[WARNING] Unable to locate Source XRef to link to - DISABLED
[INFO] 
[INFO] --- maven-install-plugin:2.4:install (default-install) @ adapter-rxjava ---
[INFO] Installing /home/travis/build/square/retrofit/retrofit-adapters/rxjava/target/adapter-rxjava-2.1.1-SNAPSHOT.jar to /home/travis/.m2/repository/com/squareup/retrofit2/adapter-rxjava/2.1.1-SNAPSHOT/adapter-rxjava-2.1.1-SNAPSHOT.jar
[INFO] Installing /home/travis/build/square/retrofit/retrofit-adapters/rxjava/pom.xml to /home/travis/.m2/repository/com/squareup/retrofit2/adapter-rxjava/2.1.1-SNAPSHOT/adapter-rxjava-2.1.1-SNAPSHOT.pom
[INFO]                                                                         
[INFO] ------------------------------------------------------------------------
[INFO] Building Converters 2.1.1-SNAPSHOT
[INFO] ------------------------------------------------------------------------
[INFO] 
[INFO] --- maven-enforcer-plugin:1.0:enforce (enforce-maven) @ retrofit-converters ---
[INFO] 
[INFO] --- animal-sniffer-maven-plugin:1.14:check (default) @ retrofit-converters ---
[INFO] Checking unresolved references to org.codehaus.mojo.signature:java16:1.1
[INFO] 
[INFO] --- maven-javadoc-plugin:2.10.3:jar (attach-javadocs) @ retrofit-converters ---
[INFO] Skipping javadoc generation
[INFO] 
[INFO] --- maven-checkstyle-plugin:2.15:checkstyle (default) @ retrofit-converters ---
[INFO] 
[INFO] --- maven-install-plugin:2.4:install (default-install) @ retrofit-converters ---
[INFO] Installing /home/travis/build/square/retrofit/retrofit-converters/pom.xml to /home/travis/.m2/repository/com/squareup/retrofit2/retrofit-converters/2.1.1-SNAPSHOT/retrofit-converters-2.1.1-SNAPSHOT.pom
[INFO]                                                                         
[INFO] ------------------------------------------------------------------------
[INFO] Building Converter: Gson 2.1.1-SNAPSHOT
[INFO] ------------------------------------------------------------------------
[INFO] 
[INFO] --- maven-enforcer-plugin:1.0:enforce (enforce-maven) @ converter-gson ---
[INFO] 
[INFO] --- maven-resources-plugin:2.6:resources (default-resources) @ converter-gson ---
[INFO] Using 'UTF-8' encoding to copy filtered resources.
[INFO] skip non existing resourceDirectory /home/travis/build/square/retrofit/retrofit-converters/gson/src/main/resources
[INFO] 
[INFO] --- maven-compiler-plugin:3.0:compile (default-compile) @ converter-gson ---
[INFO] Changes detected - recompiling the module!
[INFO] Compiling 3 source files to /home/travis/build/square/retrofit/retrofit-converters/gson/target/classes
[INFO] 
[INFO] --- maven-resources-plugin:2.6:testResources (default-testResources) @ converter-gson ---
[INFO] Using 'UTF-8' encoding to copy filtered resources.
[INFO] skip non existing resourceDirectory /home/travis/build/square/retrofit/retrofit-converters/gson/src/test/resources
[INFO] 
[INFO] --- maven-compiler-plugin:3.0:testCompile (default-testCompile) @ converter-gson ---
[INFO] Changes detected - recompiling the module!
[INFO] Compiling 1 source file to /home/travis/build/square/retrofit/retrofit-converters/gson/target/test-classes
[INFO] 
[INFO] --- maven-surefire-plugin:2.12.4:test (default-test) @ converter-gson ---
[INFO] Tests are skipped.
[INFO] 
[INFO] --- animal-sniffer-maven-plugin:1.14:check (default) @ converter-gson ---
[INFO] Checking unresolved references to org.codehaus.mojo.signature:java16:1.1
[INFO] 
[INFO] --- maven-jar-plugin:2.4:jar (default-jar) @ converter-gson ---
[INFO] Building jar: /home/travis/build/square/retrofit/retrofit-converters/gson/target/converter-gson-2.1.1-SNAPSHOT.jar
[INFO] 
[INFO] --- maven-javadoc-plugin:2.10.3:jar (attach-javadocs) @ converter-gson ---
[INFO] Skipping javadoc generation
[INFO] 
[INFO] --- maven-checkstyle-plugin:2.15:checkstyle (default) @ converter-gson ---
[INFO] Starting audit...
Audit done.
[WARNING] Unable to locate Source XRef to link to - DISABLED
[INFO] 
[INFO] --- maven-install-plugin:2.4:install (default-install) @ converter-gson ---
[INFO] Installing /home/travis/build/square/retrofit/retrofit-converters/gson/target/converter-gson-2.1.1-SNAPSHOT.jar to /home/travis/.m2/repository/com/squareup/retrofit2/converter-gson/2.1.1-SNAPSHOT/converter-gson-2.1.1-SNAPSHOT.jar
[INFO] Installing /home/travis/build/square/retrofit/retrofit-converters/gson/pom.xml to /home/travis/.m2/repository/com/squareup/retrofit2/converter-gson/2.1.1-SNAPSHOT/converter-gson-2.1.1-SNAPSHOT.pom
[INFO]                                                                         
[INFO] ------------------------------------------------------------------------
[INFO] Building Converter: Protocol Buffers 2.1.1-SNAPSHOT
[INFO] ------------------------------------------------------------------------
[INFO] 
[INFO] --- maven-enforcer-plugin:1.0:enforce (enforce-maven) @ converter-protobuf ---
[INFO] 
[INFO] --- maven-resources-plugin:2.6:resources (default-resources) @ converter-protobuf ---
[INFO] Using 'UTF-8' encoding to copy filtered resources.
[INFO] skip non existing resourceDirectory /home/travis/build/square/retrofit/retrofit-converters/protobuf/src/main/resources
[INFO] 
[INFO] --- maven-compiler-plugin:3.0:compile (default-compile) @ converter-protobuf ---
[INFO] Changes detected - recompiling the module!
[INFO] Compiling 3 source files to /home/travis/build/square/retrofit/retrofit-converters/protobuf/target/classes
[WARNING] /home/travis/build/square/retrofit/retrofit-converters/protobuf/src/main/java/retrofit2/converter/protobuf/ProtoConverterFactory.java: /home/travis/build/square/retrofit/retrofit-converters/protobuf/src/main/java/retrofit2/converter/protobuf/ProtoConverterFactory.java uses unchecked or unsafe operations.
[WARNING] /home/travis/build/square/retrofit/retrofit-converters/protobuf/src/main/java/retrofit2/converter/protobuf/ProtoConverterFactory.java: Recompile with -Xlint:unchecked for details.
[INFO] 
[INFO] --- maven-resources-plugin:2.6:testResources (default-testResources) @ converter-protobuf ---
[INFO] Using 'UTF-8' encoding to copy filtered resources.
[INFO] skip non existing resourceDirectory /home/travis/build/square/retrofit/retrofit-converters/protobuf/src/test/resources
[INFO] 
[INFO] --- maven-compiler-plugin:3.0:testCompile (default-testCompile) @ converter-protobuf ---
[INFO] Changes detected - recompiling the module!
[INFO] Compiling 2 source files to /home/travis/build/square/retrofit/retrofit-converters/protobuf/target/test-classes
[INFO] 
[INFO] --- maven-surefire-plugin:2.12.4:test (default-test) @ converter-protobuf ---
[INFO] Tests are skipped.
[INFO] 
[INFO] --- animal-sniffer-maven-plugin:1.14:check (default) @ converter-protobuf ---
[INFO] Checking unresolved references to org.codehaus.mojo.signature:java16:1.1
[INFO] 
[INFO] --- maven-jar-plugin:2.4:jar (default-jar) @ converter-protobuf ---
[INFO] Building jar: /home/travis/build/square/retrofit/retrofit-converters/protobuf/target/converter-protobuf-2.1.1-SNAPSHOT.jar
[INFO] 
[INFO] --- maven-javadoc-plugin:2.10.3:jar (attach-javadocs) @ converter-protobuf ---
[INFO] Skipping javadoc generation
[INFO] 
[INFO] --- maven-checkstyle-plugin:2.15:checkstyle (default) @ converter-protobuf ---
[INFO] Starting audit...
Audit done.
[WARNING] Unable to locate Source XRef to link to - DISABLED
[INFO] 
[INFO] --- maven-install-plugin:2.4:install (default-install) @ converter-protobuf ---
[INFO] Installing /home/travis/build/square/retrofit/retrofit-converters/protobuf/target/converter-protobuf-2.1.1-SNAPSHOT.jar to /home/travis/.m2/repository/com/squareup/retrofit2/converter-protobuf/2.1.1-SNAPSHOT/converter-protobuf-2.1.1-SNAPSHOT.jar
[INFO] Installing /home/travis/build/square/retrofit/retrofit-converters/protobuf/pom.xml to /home/travis/.m2/repository/com/squareup/retrofit2/converter-protobuf/2.1.1-SNAPSHOT/converter-protobuf-2.1.1-SNAPSHOT.pom
[INFO]                                                                         
[INFO] ------------------------------------------------------------------------
[INFO] Building Converter: Jackson 2.1.1-SNAPSHOT
[INFO] ------------------------------------------------------------------------
[INFO] 
[INFO] --- maven-enforcer-plugin:1.0:enforce (enforce-maven) @ converter-jackson ---
[INFO] 
[INFO] --- maven-resources-plugin:2.6:resources (default-resources) @ converter-jackson ---
[INFO] Using 'UTF-8' encoding to copy filtered resources.
[INFO] skip non existing resourceDirectory /home/travis/build/square/retrofit/retrofit-converters/jackson/src/main/resources
[INFO] 
[INFO] --- maven-compiler-plugin:3.0:compile (default-compile) @ converter-jackson ---
[INFO] Changes detected - recompiling the module!
[INFO] Compiling 3 source files to /home/travis/build/square/retrofit/retrofit-converters/jackson/target/classes
[WARNING] /home/travis/build/square/retrofit/retrofit-converters/jackson/src/main/java/retrofit2/converter/jackson/JacksonConverterFactory.java: /home/travis/build/square/retrofit/retrofit-converters/jackson/src/main/java/retrofit2/converter/jackson/JacksonConverterFactory.java uses or overrides a deprecated API.
[WARNING] /home/travis/build/square/retrofit/retrofit-converters/jackson/src/main/java/retrofit2/converter/jackson/JacksonConverterFactory.java: Recompile with -Xlint:deprecation for details.
[INFO] 
[INFO] --- maven-resources-plugin:2.6:testResources (default-testResources) @ converter-jackson ---
[INFO] Using 'UTF-8' encoding to copy filtered resources.
[INFO] skip non existing resourceDirectory /home/travis/build/square/retrofit/retrofit-converters/jackson/src/test/resources
[INFO] 
[INFO] --- maven-compiler-plugin:3.0:testCompile (default-testCompile) @ converter-jackson ---
[INFO] Changes detected - recompiling the module!
[INFO] Compiling 1 source file to /home/travis/build/square/retrofit/retrofit-converters/jackson/target/test-classes
[WARNING] /home/travis/build/square/retrofit/retrofit-converters/jackson/src/test/java/retrofit2/converter/jackson/JacksonConverterFactoryTest.java: /home/travis/build/square/retrofit/retrofit-converters/jackson/src/test/java/retrofit2/converter/jackson/JacksonConverterFactoryTest.java uses or overrides a deprecated API.
[WARNING] /home/travis/build/square/retrofit/retrofit-converters/jackson/src/test/java/retrofit2/converter/jackson/JacksonConverterFactoryTest.java: Recompile with -Xlint:deprecation for details.
[INFO] 
[INFO] --- maven-surefire-plugin:2.12.4:test (default-test) @ converter-jackson ---
[INFO] Tests are skipped.
[INFO] 
[INFO] --- animal-sniffer-maven-plugin:1.14:check (default) @ converter-jackson ---
[INFO] Checking unresolved references to org.codehaus.mojo.signature:java16:1.1
[INFO] 
[INFO] --- maven-jar-plugin:2.4:jar (default-jar) @ converter-jackson ---
[INFO] Building jar: /home/travis/build/square/retrofit/retrofit-converters/jackson/target/converter-jackson-2.1.1-SNAPSHOT.jar
[INFO] 
[INFO] --- maven-javadoc-plugin:2.10.3:jar (attach-javadocs) @ converter-jackson ---
[INFO] Skipping javadoc generation
[INFO] 
[INFO] --- maven-checkstyle-plugin:2.15:checkstyle (default) @ converter-jackson ---
[INFO] Starting audit...
Audit done.
[WARNING] Unable to locate Source XRef to link to - DISABLED
[INFO] 
[INFO] --- maven-install-plugin:2.4:install (default-install) @ converter-jackson ---
[INFO] Installing /home/travis/build/square/retrofit/retrofit-converters/jackson/target/converter-jackson-2.1.1-SNAPSHOT.jar to /home/travis/.m2/repository/com/squareup/retrofit2/converter-jackson/2.1.1-SNAPSHOT/converter-jackson-2.1.1-SNAPSHOT.jar
[INFO] Installing /home/travis/build/square/retrofit/retrofit-converters/jackson/pom.xml to /home/travis/.m2/repository/com/squareup/retrofit2/converter-jackson/2.1.1-SNAPSHOT/converter-jackson-2.1.1-SNAPSHOT.pom
[INFO]                                                                         
[INFO] ------------------------------------------------------------------------
[INFO] Building Converter: Wire Protocol Buffers 2.1.1-SNAPSHOT
[INFO] ------------------------------------------------------------------------
[INFO] 
[INFO] --- maven-enforcer-plugin:1.0:enforce (enforce-maven) @ converter-wire ---
[INFO] 
[INFO] --- maven-resources-plugin:2.6:resources (default-resources) @ converter-wire ---
[INFO] Using 'UTF-8' encoding to copy filtered resources.
[INFO] skip non existing resourceDirectory /home/travis/build/square/retrofit/retrofit-converters/wire/src/main/resources
[INFO] 
[INFO] --- maven-compiler-plugin:3.0:compile (default-compile) @ converter-wire ---
[INFO] Changes detected - recompiling the module!
[INFO] Compiling 3 source files to /home/travis/build/square/retrofit/retrofit-converters/wire/target/classes
[WARNING] /home/travis/build/square/retrofit/retrofit-converters/wire/src/main/java/retrofit2/converter/wire/WireConverterFactory.java: /home/travis/build/square/retrofit/retrofit-converters/wire/src/main/java/retrofit2/converter/wire/WireConverterFactory.java uses unchecked or unsafe operations.
[WARNING] /home/travis/build/square/retrofit/retrofit-converters/wire/src/main/java/retrofit2/converter/wire/WireConverterFactory.java: Recompile with -Xlint:unchecked for details.
[INFO] 
[INFO] --- maven-resources-plugin:2.6:testResources (default-testResources) @ converter-wire ---
[INFO] Using 'UTF-8' encoding to copy filtered resources.
[INFO] skip non existing resourceDirectory /home/travis/build/square/retrofit/retrofit-converters/wire/src/test/resources
[INFO] 
[INFO] --- maven-compiler-plugin:3.0:testCompile (default-testCompile) @ converter-wire ---
[INFO] Changes detected - recompiling the module!
[INFO] Compiling 2 source files to /home/travis/build/square/retrofit/retrofit-converters/wire/target/test-classes
[INFO] 
[INFO] --- maven-surefire-plugin:2.12.4:test (default-test) @ converter-wire ---
[INFO] Tests are skipped.
[INFO] 
[INFO] --- animal-sniffer-maven-plugin:1.14:check (default) @ converter-wire ---
[INFO] Checking unresolved references to org.codehaus.mojo.signature:java16:1.1
[INFO] 
[INFO] --- maven-jar-plugin:2.4:jar (default-jar) @ converter-wire ---
[INFO] Building jar: /home/travis/build/square/retrofit/retrofit-converters/wire/target/converter-wire-2.1.1-SNAPSHOT.jar
[INFO] 
[INFO] --- maven-javadoc-plugin:2.10.3:jar (attach-javadocs) @ converter-wire ---
[INFO] Skipping javadoc generation
[INFO] 
[INFO] --- maven-checkstyle-plugin:2.15:checkstyle (default) @ converter-wire ---
[INFO] Starting audit...
Audit done.
[WARNING] Unable to locate Source XRef to link to - DISABLED
[INFO] 
[INFO] --- maven-install-plugin:2.4:install (default-install) @ converter-wire ---
[INFO] Installing /home/travis/build/square/retrofit/retrofit-converters/wire/target/converter-wire-2.1.1-SNAPSHOT.jar to /home/travis/.m2/repository/com/squareup/retrofit2/converter-wire/2.1.1-SNAPSHOT/converter-wire-2.1.1-SNAPSHOT.jar
[INFO] Installing /home/travis/build/square/retrofit/retrofit-converters/wire/pom.xml to /home/travis/.m2/repository/com/squareup/retrofit2/converter-wire/2.1.1-SNAPSHOT/converter-wire-2.1.1-SNAPSHOT.pom
[INFO]                                                                         
[INFO] ------------------------------------------------------------------------
[INFO] Building Converter: SimpleXML 2.1.1-SNAPSHOT
[INFO] ------------------------------------------------------------------------
[INFO] 
[INFO] --- maven-enforcer-plugin:1.0:enforce (enforce-maven) @ converter-simplexml ---
[INFO] 
[INFO] --- maven-resources-plugin:2.6:resources (default-resources) @ converter-simplexml ---
[INFO] Using 'UTF-8' encoding to copy filtered resources.
[INFO] skip non existing resourceDirectory /home/travis/build/square/retrofit/retrofit-converters/simplexml/src/main/resources
[INFO] 
[INFO] --- maven-compiler-plugin:3.0:compile (default-compile) @ converter-simplexml ---
[INFO] Changes detected - recompiling the module!
[INFO] Compiling 3 source files to /home/travis/build/square/retrofit/retrofit-converters/simplexml/target/classes
[INFO] 
[INFO] --- maven-resources-plugin:2.6:testResources (default-testResources) @ converter-simplexml ---
[INFO] Using 'UTF-8' encoding to copy filtered resources.
[INFO] skip non existing resourceDirectory /home/travis/build/square/retrofit/retrofit-converters/simplexml/src/test/resources
[INFO] 
[INFO] --- maven-compiler-plugin:3.0:testCompile (default-testCompile) @ converter-simplexml ---
[INFO] Changes detected - recompiling the module!
[INFO] Compiling 2 source files to /home/travis/build/square/retrofit/retrofit-converters/simplexml/target/test-classes
[INFO] 
[INFO] --- maven-surefire-plugin:2.12.4:test (default-test) @ converter-simplexml ---
[INFO] Tests are skipped.
[INFO] 
[INFO] --- animal-sniffer-maven-plugin:1.14:check (default) @ converter-simplexml ---
[INFO] Checking unresolved references to org.codehaus.mojo.signature:java16:1.1
[INFO] 
[INFO] --- maven-jar-plugin:2.4:jar (default-jar) @ converter-simplexml ---
[INFO] Building jar: /home/travis/build/square/retrofit/retrofit-converters/simplexml/target/converter-simplexml-2.1.1-SNAPSHOT.jar
[INFO] 
[INFO] --- maven-javadoc-plugin:2.10.3:jar (attach-javadocs) @ converter-simplexml ---
[INFO] Skipping javadoc generation
[INFO] 
[INFO] --- maven-checkstyle-plugin:2.15:checkstyle (default) @ converter-simplexml ---
[INFO] Starting audit...
Audit done.
[WARNING] Unable to locate Source XRef to link to - DISABLED
[INFO] 
[INFO] --- maven-install-plugin:2.4:install (default-install) @ converter-simplexml ---
[INFO] Installing /home/travis/build/square/retrofit/retrofit-converters/simplexml/target/converter-simplexml-2.1.1-SNAPSHOT.jar to /home/travis/.m2/repository/com/squareup/retrofit2/converter-simplexml/2.1.1-SNAPSHOT/converter-simplexml-2.1.1-SNAPSHOT.jar
[INFO] Installing /home/travis/build/square/retrofit/retrofit-converters/simplexml/pom.xml to /home/travis/.m2/repository/com/squareup/retrofit2/converter-simplexml/2.1.1-SNAPSHOT/converter-simplexml-2.1.1-SNAPSHOT.pom
[INFO]                                                                         
[INFO] ------------------------------------------------------------------------
[INFO] Building Converter: Java Scalars 2.1.1-SNAPSHOT
[INFO] ------------------------------------------------------------------------
[INFO] 
[INFO] --- maven-enforcer-plugin:1.0:enforce (enforce-maven) @ converter-scalars ---
[INFO] 
[INFO] --- maven-resources-plugin:2.6:resources (default-resources) @ converter-scalars ---
[INFO] Using 'UTF-8' encoding to copy filtered resources.
[INFO] skip non existing resourceDirectory /home/travis/build/square/retrofit/retrofit-converters/scalars/src/main/resources
[INFO] 
[INFO] --- maven-compiler-plugin:3.0:compile (default-compile) @ converter-scalars ---
[INFO] Changes detected - recompiling the module!
[INFO] Compiling 3 source files to /home/travis/build/square/retrofit/retrofit-converters/scalars/target/classes
[INFO] 
[INFO] --- maven-resources-plugin:2.6:testResources (default-testResources) @ converter-scalars ---
[INFO] Using 'UTF-8' encoding to copy filtered resources.
[INFO] skip non existing resourceDirectory /home/travis/build/square/retrofit/retrofit-converters/scalars/src/test/resources
[INFO] 
[INFO] --- maven-compiler-plugin:3.0:testCompile (default-testCompile) @ converter-scalars ---
[INFO] Changes detected - recompiling the module!
[INFO] Compiling 2 source files to /home/travis/build/square/retrofit/retrofit-converters/scalars/target/test-classes
[INFO] 
[INFO] --- maven-surefire-plugin:2.12.4:test (default-test) @ converter-scalars ---
[INFO] Tests are skipped.
[INFO] 
[INFO] --- animal-sniffer-maven-plugin:1.14:check (default) @ converter-scalars ---
[INFO] Checking unresolved references to org.codehaus.mojo.signature:java16:1.1
[INFO] 
[INFO] --- maven-jar-plugin:2.4:jar (default-jar) @ converter-scalars ---
[INFO] Building jar: /home/travis/build/square/retrofit/retrofit-converters/scalars/target/converter-scalars-2.1.1-SNAPSHOT.jar
[INFO] 
[INFO] --- maven-javadoc-plugin:2.10.3:jar (attach-javadocs) @ converter-scalars ---
[INFO] Skipping javadoc generation
[INFO] 
[INFO] --- maven-checkstyle-plugin:2.15:checkstyle (default) @ converter-scalars ---
[INFO] Starting audit...
Audit done.
[WARNING] Unable to locate Source XRef to link to - DISABLED
[INFO] 
[INFO] --- maven-install-plugin:2.4:install (default-install) @ converter-scalars ---
[INFO] Installing /home/travis/build/square/retrofit/retrofit-converters/scalars/target/converter-scalars-2.1.1-SNAPSHOT.jar to /home/travis/.m2/repository/com/squareup/retrofit2/converter-scalars/2.1.1-SNAPSHOT/converter-scalars-2.1.1-SNAPSHOT.jar
[INFO] Installing /home/travis/build/square/retrofit/retrofit-converters/scalars/pom.xml to /home/travis/.m2/repository/com/squareup/retrofit2/converter-scalars/2.1.1-SNAPSHOT/converter-scalars-2.1.1-SNAPSHOT.pom
[INFO]                                                                         
[INFO] ------------------------------------------------------------------------
[INFO] Building Converter: Moshi 2.1.1-SNAPSHOT
[INFO] ------------------------------------------------------------------------
[INFO] 
[INFO] --- maven-enforcer-plugin:1.0:enforce (enforce-maven) @ converter-moshi ---
[INFO] 
[INFO] --- maven-resources-plugin:2.6:resources (default-resources) @ converter-moshi ---
[INFO] Using 'UTF-8' encoding to copy filtered resources.
[INFO] skip non existing resourceDirectory /home/travis/build/square/retrofit/retrofit-converters/moshi/src/main/resources
[INFO] 
[INFO] --- maven-compiler-plugin:3.0:compile (default-compile) @ converter-moshi ---
[INFO] Changes detected - recompiling the module!
[INFO] Compiling 3 source files to /home/travis/build/square/retrofit/retrofit-converters/moshi/target/classes
[INFO] 
[INFO] --- maven-resources-plugin:2.6:testResources (default-testResources) @ converter-moshi ---
[INFO] Using 'UTF-8' encoding to copy filtered resources.
[INFO] skip non existing resourceDirectory /home/travis/build/square/retrofit/retrofit-converters/moshi/src/test/resources
[INFO] 
[INFO] --- maven-compiler-plugin:3.0:testCompile (default-testCompile) @ converter-moshi ---
[INFO] Changes detected - recompiling the module!
[INFO] Compiling 1 source file to /home/travis/build/square/retrofit/retrofit-converters/moshi/target/test-classes
[INFO] 
[INFO] --- maven-surefire-plugin:2.12.4:test (default-test) @ converter-moshi ---
[INFO] Tests are skipped.
[INFO] 
[INFO] --- animal-sniffer-maven-plugin:1.14:check (default) @ converter-moshi ---
[INFO] Checking unresolved references to org.codehaus.mojo.signature:java16:1.1
[INFO] 
[INFO] --- maven-jar-plugin:2.4:jar (default-jar) @ converter-moshi ---
[INFO] Building jar: /home/travis/build/square/retrofit/retrofit-converters/moshi/target/converter-moshi-2.1.1-SNAPSHOT.jar
[INFO] 
[INFO] --- maven-javadoc-plugin:2.10.3:jar (attach-javadocs) @ converter-moshi ---
[INFO] Skipping javadoc generation
[INFO] 
[INFO] --- maven-checkstyle-plugin:2.15:checkstyle (default) @ converter-moshi ---
[INFO] Starting audit...
Audit done.
[WARNING] Unable to locate Source XRef to link to - DISABLED
[INFO] 
[INFO] --- maven-install-plugin:2.4:install (default-install) @ converter-moshi ---
[INFO] Installing /home/travis/build/square/retrofit/retrofit-converters/moshi/target/converter-moshi-2.1.1-SNAPSHOT.jar to /home/travis/.m2/repository/com/squareup/retrofit2/converter-moshi/2.1.1-SNAPSHOT/converter-moshi-2.1.1-SNAPSHOT.jar
[INFO] Installing /home/travis/build/square/retrofit/retrofit-converters/moshi/pom.xml to /home/travis/.m2/repository/com/squareup/retrofit2/converter-moshi/2.1.1-SNAPSHOT/converter-moshi-2.1.1-SNAPSHOT.pom
[INFO]                                                                         
[INFO] ------------------------------------------------------------------------
[INFO] Building Retrofit Mock Adapter 2.1.1-SNAPSHOT
[INFO] ------------------------------------------------------------------------
[INFO] 
[INFO] --- maven-enforcer-plugin:1.0:enforce (enforce-maven) @ retrofit-mock ---
[INFO] 
[INFO] --- maven-resources-plugin:2.6:resources (default-resources) @ retrofit-mock ---
[INFO] Using 'UTF-8' encoding to copy filtered resources.
[INFO] skip non existing resourceDirectory /home/travis/build/square/retrofit/retrofit-mock/src/main/resources
[INFO] 
[INFO] --- maven-compiler-plugin:3.0:compile (default-compile) @ retrofit-mock ---
[INFO] Changes detected - recompiling the module!
[INFO] Compiling 5 source files to /home/travis/build/square/retrofit/retrofit-mock/target/classes
[INFO] 
[INFO] --- maven-resources-plugin:2.6:testResources (default-testResources) @ retrofit-mock ---
[INFO] Using 'UTF-8' encoding to copy filtered resources.
[INFO] skip non existing resourceDirectory /home/travis/build/square/retrofit/retrofit-mock/src/test/resources
[INFO] 
[INFO] --- maven-compiler-plugin:3.0:testCompile (default-testCompile) @ retrofit-mock ---
[INFO] Changes detected - recompiling the module!
[INFO] Compiling 3 source files to /home/travis/build/square/retrofit/retrofit-mock/target/test-classes
[INFO] 
[INFO] --- maven-surefire-plugin:2.12.4:test (default-test) @ retrofit-mock ---
[INFO] Tests are skipped.
[INFO] 
[INFO] --- animal-sniffer-maven-plugin:1.14:check (default) @ retrofit-mock ---
[INFO] Checking unresolved references to org.codehaus.mojo.signature:java16:1.1
[INFO] 
[INFO] --- maven-jar-plugin:2.4:jar (default-jar) @ retrofit-mock ---
[INFO] Building jar: /home/travis/build/square/retrofit/retrofit-mock/target/retrofit-mock-2.1.1-SNAPSHOT.jar
[INFO] 
[INFO] --- maven-javadoc-plugin:2.10.3:jar (attach-javadocs) @ retrofit-mock ---
[INFO] Skipping javadoc generation
[INFO] 
[INFO] --- maven-checkstyle-plugin:2.15:checkstyle (default) @ retrofit-mock ---
[INFO] Starting audit...
Audit done.
[WARNING] Unable to locate Source XRef to link to - DISABLED
[INFO] 
[INFO] --- maven-install-plugin:2.4:install (default-install) @ retrofit-mock ---
[INFO] Installing /home/travis/build/square/retrofit/retrofit-mock/target/retrofit-mock-2.1.1-SNAPSHOT.jar to /home/travis/.m2/repository/com/squareup/retrofit2/retrofit-mock/2.1.1-SNAPSHOT/retrofit-mock-2.1.1-SNAPSHOT.jar
[INFO] Installing /home/travis/build/square/retrofit/retrofit-mock/pom.xml to /home/travis/.m2/repository/com/squareup/retrofit2/retrofit-mock/2.1.1-SNAPSHOT/retrofit-mock-2.1.1-SNAPSHOT.pom
[INFO]                                                                         
[INFO] ------------------------------------------------------------------------
[INFO] Building Samples 2.1.1-SNAPSHOT
[INFO] ------------------------------------------------------------------------
[INFO] 
[INFO] --- maven-enforcer-plugin:1.0:enforce (enforce-maven) @ samples ---
[INFO] 
[INFO] --- maven-resources-plugin:2.6:resources (default-resources) @ samples ---
[INFO] Using 'UTF-8' encoding to copy filtered resources.
[INFO] skip non existing resourceDirectory /home/travis/build/square/retrofit/samples/src/main/resources
[INFO] 
[INFO] --- maven-compiler-plugin:3.0:compile (default-compile) @ samples ---
[INFO] Changes detected - recompiling the module!
[INFO] Compiling 9 source files to /home/travis/build/square/retrofit/samples/target/classes
[INFO] 
[INFO] --- maven-resources-plugin:2.6:testResources (default-testResources) @ samples ---
[INFO] Using 'UTF-8' encoding to copy filtered resources.
[INFO] skip non existing resourceDirectory /home/travis/build/square/retrofit/samples/src/test/resources
[INFO] 
[INFO] --- maven-compiler-plugin:3.0:testCompile (default-testCompile) @ samples ---
[INFO] No sources to compile
[INFO] 
[INFO] --- maven-surefire-plugin:2.12.4:test (default-test) @ samples ---
[INFO] Tests are skipped.
[INFO] 
[INFO] --- animal-sniffer-maven-plugin:1.14:check (default) @ samples ---
[INFO] Checking unresolved references to org.codehaus.mojo.signature:java16:1.1
[INFO] 
[INFO] --- maven-jar-plugin:2.4:jar (default-jar) @ samples ---
[INFO] Building jar: /home/travis/build/square/retrofit/samples/target/samples-2.1.1-SNAPSHOT.jar
[INFO] 
[INFO] --- maven-javadoc-plugin:2.10.3:jar (attach-javadocs) @ samples ---
[INFO] Skipping javadoc generation
[INFO] 
[INFO] --- maven-checkstyle-plugin:2.15:checkstyle (default) @ samples ---
[INFO] Starting audit...
Audit done.
[WARNING] Unable to locate Source XRef to link to - DISABLED
[INFO] 
[INFO] --- maven-install-plugin:2.4:install (default-install) @ samples ---
[INFO] Installing /home/travis/build/square/retrofit/samples/target/samples-2.1.1-SNAPSHOT.jar to /home/travis/.m2/repository/com/squareup/retrofit2/samples/2.1.1-SNAPSHOT/samples-2.1.1-SNAPSHOT.jar
[INFO] Installing /home/travis/build/square/retrofit/samples/pom.xml to /home/travis/.m2/repository/com/squareup/retrofit2/samples/2.1.1-SNAPSHOT/samples-2.1.1-SNAPSHOT.pom
[INFO] ------------------------------------------------------------------------
[INFO] Reactor Summary:
[INFO] 
[INFO] Retrofit (Parent) .................................. SUCCESS [  4.598 s]
[INFO] Retrofit ........................................... SUCCESS [ 15.978 s]
[INFO] Adapters ........................................... SUCCESS [  0.466 s]
[INFO] Adapter: Guava ..................................... SUCCESS [  3.492 s]
[INFO] Adapter: Java 8 .................................... SUCCESS [  1.974 s]
[INFO] Adapter: RxJava .................................... SUCCESS [  2.013 s]
[INFO] Converters ......................................... SUCCESS [  0.159 s]
[INFO] Converter: Gson .................................... SUCCESS [  0.686 s]
[INFO] Converter: Protocol Buffers ........................ SUCCESS [  0.956 s]
[INFO] Converter: Jackson ................................. SUCCESS [  0.730 s]
[INFO] Converter: Wire Protocol Buffers ................... SUCCESS [  1.093 s]
[INFO] Converter: SimpleXML ............................... SUCCESS [  0.969 s]
[INFO] Converter: Java Scalars ............................ SUCCESS [  1.420 s]
[INFO] Converter: Moshi ................................... SUCCESS [  0.648 s]
[INFO] Retrofit Mock Adapter .............................. SUCCESS [  0.990 s]
[INFO] Samples ............................................ SUCCESS [  1.951 s]
[INFO] ------------------------------------------------------------------------
[INFO] BUILD SUCCESS
[INFO] ------------------------------------------------------------------------
[INFO] Total time: 38.637 s
[INFO] Finished at: 2016-06-26T05:53:43+00:00
[INFO] Final Memory: 45M/457M
[INFO] ------------------------------------------------------------------------

travis_time:end:0ce651a2:start=1466920382725417569,finish=1466920424698163812,duration=41972746243[0Ktravis_fold:end:install[0Ktravis_time:start:300929cf[0K$ mvn test -B
Java HotSpot(TM) 64-Bit Server VM warning: ignoring option MaxPermSize=192m; support was removed in 8.0
[INFO] Scanning for projects...
[WARNING] 
[WARNING] Some problems were encountered while building the effective model for com.squareup.retrofit2:samples:jar:2.1.1-SNAPSHOT
[WARNING] 'build.plugins.plugin.version' for org.apache.maven.plugins:maven-deploy-plugin is missing. @ com.squareup.retrofit2:samples:[unknown-version], /home/travis/build/square/retrofit/samples/pom.xml, line 55, column 15
[WARNING] 
[WARNING] It is highly recommended to fix these problems because they threaten the stability of your build.
[WARNING] 
[WARNING] For this reason, future Maven versions might no longer support building such malformed projects.
[WARNING] 
[INFO] ------------------------------------------------------------------------
[INFO] Reactor Build Order:
[INFO] 
[INFO] Retrofit (Parent)
[INFO] Retrofit
[INFO] Adapters
[INFO] Adapter: Guava
[INFO] Adapter: Java 8
[INFO] Adapter: RxJava
[INFO] Converters
[INFO] Converter: Gson
[INFO] Converter: Protocol Buffers
[INFO] Converter: Jackson
[INFO] Converter: Wire Protocol Buffers
[INFO] Converter: SimpleXML
[INFO] Converter: Java Scalars
[INFO] Converter: Moshi
[INFO] Retrofit Mock Adapter
[INFO] Samples
[INFO]                                                                         
[INFO] ------------------------------------------------------------------------
[INFO] Building Retrofit (Parent) 2.1.1-SNAPSHOT
[INFO] ------------------------------------------------------------------------
[INFO] 
[INFO] --- maven-enforcer-plugin:1.0:enforce (enforce-maven) @ parent ---
[INFO] 
[INFO] --- animal-sniffer-maven-plugin:1.14:check (default) @ parent ---
[INFO] Checking unresolved references to org.codehaus.mojo.signature:java16:1.1
[INFO]                                                                         
[INFO] ------------------------------------------------------------------------
[INFO] Building Retrofit 2.1.1-SNAPSHOT
[INFO] ------------------------------------------------------------------------
[INFO] 
[INFO] --- maven-enforcer-plugin:1.0:enforce (enforce-maven) @ retrofit ---
[INFO] 
[INFO] --- maven-resources-plugin:2.6:resources (default-resources) @ retrofit ---
[INFO] Using 'UTF-8' encoding to copy filtered resources.
[INFO] skip non existing resourceDirectory /home/travis/build/square/retrofit/retrofit/src/main/resources
[INFO] 
[INFO] --- maven-compiler-plugin:3.0:compile (default-compile) @ retrofit ---
[INFO] Changes detected - recompiling the module!
[INFO] Compiling 40 source files to /home/travis/build/square/retrofit/retrofit/target/classes
[WARNING] /home/travis/build/square/retrofit/retrofit/src/main/java/retrofit2/Retrofit.java: Some input files use unchecked or unsafe operations.
[WARNING] /home/travis/build/square/retrofit/retrofit/src/main/java/retrofit2/Retrofit.java: Recompile with -Xlint:unchecked for details.
[INFO] 
[INFO] --- maven-resources-plugin:2.6:testResources (default-testResources) @ retrofit ---
[INFO] Using 'UTF-8' encoding to copy filtered resources.
[INFO] skip non existing resourceDirectory /home/travis/build/square/retrofit/retrofit/src/test/resources
[INFO] 
[INFO] --- maven-compiler-plugin:3.0:testCompile (default-testCompile) @ retrofit ---
[INFO] Changes detected - recompiling the module!
[INFO] Compiling 14 source files to /home/travis/build/square/retrofit/retrofit/target/test-classes
[WARNING] /home/travis/build/square/retrofit/retrofit/src/test/java/retrofit2/RetrofitTest.java: /home/travis/build/square/retrofit/retrofit/src/test/java/retrofit2/RetrofitTest.java uses unchecked or unsafe operations.
[WARNING] /home/travis/build/square/retrofit/retrofit/src/test/java/retrofit2/RetrofitTest.java: Recompile with -Xlint:unchecked for details.
[INFO] 
[INFO] --- maven-surefire-plugin:2.12.4:test (default-test) @ retrofit ---
[INFO] Surefire report directory: /home/travis/build/square/retrofit/retrofit/target/surefire-reports

-------------------------------------------------------
 T E S T S
-------------------------------------------------------
Running retrofit2.CallTest
Jun 26, 2016 5:53:58 AM okhttp3.mockwebserver.MockWebServer$3 execute
INFO: MockWebServer[59153] starting to accept connections
Jun 26, 2016 5:53:58 AM okhttp3.mockwebserver.MockWebServer$3 acceptConnections
INFO: MockWebServer[59153] done accepting connections: Socket closed
Jun 26, 2016 5:53:58 AM okhttp3.mockwebserver.MockWebServer$3 execute
INFO: MockWebServer[35098] starting to accept connections
Jun 26, 2016 5:53:58 AM okhttp3.mockwebserver.MockWebServer$3 acceptConnections
INFO: MockWebServer[35098] done accepting connections: Socket closed
Jun 26, 2016 5:53:58 AM okhttp3.mockwebserver.MockWebServer$4 processOneRequest
INFO: MockWebServer[35098] received request: GET / HTTP/1.1 and responded: HTTP/1.1 200 OK
Jun 26, 2016 5:53:58 AM okhttp3.mockwebserver.MockWebServer$3 execute
INFO: MockWebServer[38324] starting to accept connections
Jun 26, 2016 5:53:58 AM okhttp3.mockwebserver.MockWebServer$3 acceptConnections
INFO: MockWebServer[38324] done accepting connections: Socket closed
Jun 26, 2016 5:53:58 AM okhttp3.mockwebserver.MockWebServer$4 processOneRequest
INFO: MockWebServer[38324] received request: GET / HTTP/1.1 and responded: HTTP/1.1 404 Client Error
Jun 26, 2016 5:53:59 AM okhttp3.mockwebserver.MockWebServer$3 execute
INFO: MockWebServer[39115] starting to accept connections
Jun 26, 2016 5:53:59 AM okhttp3.mockwebserver.MockWebServer$4 processOneRequest
INFO: MockWebServer[39115] received request: POST /Hello HTTP/1.1 and responded: HTTP/1.1 200 OK
Jun 26, 2016 5:53:59 AM okhttp3.mockwebserver.MockWebServer$3 acceptConnections
INFO: MockWebServer[39115] done accepting connections: Socket closed
Jun 26, 2016 5:53:59 AM okhttp3.mockwebserver.MockWebServer$3 execute
INFO: MockWebServer[58235] starting to accept connections
Jun 26, 2016 5:53:59 AM okhttp3.mockwebserver.MockWebServer$3 acceptConnections
INFO: MockWebServer[58235] done accepting connections: Socket closed
Jun 26, 2016 5:53:59 AM okhttp3.mockwebserver.MockWebServer$3 execute
INFO: MockWebServer[55996] starting to accept connections
Jun 26, 2016 5:53:59 AM okhttp3.mockwebserver.MockWebServer$3 acceptConnections
INFO: MockWebServer[55996] done accepting connections: Socket closed
Jun 26, 2016 5:53:59 AM okhttp3.mockwebserver.MockWebServer$3 execute
INFO: MockWebServer[49666] starting to accept connections
Jun 26, 2016 5:53:59 AM okhttp3.mockwebserver.MockWebServer$4 processOneRequest
INFO: MockWebServer[49666] received request: GET / HTTP/1.1 and responded: HTTP/1.1 200 OK
Jun 26, 2016 5:53:59 AM okhttp3.mockwebserver.MockWebServer$3 acceptConnections
INFO: MockWebServer[49666] done accepting connections: Socket closed
Jun 26, 2016 5:53:59 AM okhttp3.mockwebserver.MockWebServer$3 execute
INFO: MockWebServer[40458] starting to accept connections
Jun 26, 2016 5:53:59 AM okhttp3.mockwebserver.MockWebServer$3 acceptConnections
INFO: MockWebServer[40458] done accepting connections: Socket closed
Jun 26, 2016 5:53:59 AM okhttp3.mockwebserver.MockWebServer$4 processOneRequest
INFO: MockWebServer[40458] received request: GET / HTTP/1.1 and responded: HTTP/1.1 200 OK
Jun 26, 2016 5:53:59 AM okhttp3.mockwebserver.MockWebServer$3 execute
INFO: MockWebServer[52635] starting to accept connections
Jun 26, 2016 5:53:59 AM okhttp3.mockwebserver.MockWebServer$3 acceptConnections
INFO: MockWebServer[52635] done accepting connections: Socket is closed
Jun 26, 2016 5:53:59 AM okhttp3.mockwebserver.MockWebServer$3 execute
INFO: MockWebServer[37190] starting to accept connections
Jun 26, 2016 5:53:59 AM okhttp3.mockwebserver.MockWebServer$4 processOneRequest
INFO: MockWebServer[37190] received request: POST /Hello HTTP/1.1 and responded: HTTP/1.1 200 OK
Jun 26, 2016 5:53:59 AM okhttp3.mockwebserver.MockWebServer$3 acceptConnections
INFO: MockWebServer[37190] done accepting connections: Socket closed
Jun 26, 2016 5:53:59 AM okhttp3.mockwebserver.MockWebServer$3 execute
INFO: MockWebServer[33334] starting to accept connections
Jun 26, 2016 5:53:59 AM okhttp3.mockwebserver.MockWebServer$3 acceptConnections
INFO: MockWebServer[33334] done accepting connections: Socket closed
Jun 26, 2016 5:53:59 AM okhttp3.mockwebserver.MockWebServer$4 processOneRequest
INFO: MockWebServer[33334] received request: POST /Hello HTTP/1.1 and responded: HTTP/1.1 200 OK
Jun 26, 2016 5:53:59 AM okhttp3.mockwebserver.MockWebServer$3 execute
INFO: MockWebServer[54657] starting to accept connections
Jun 26, 2016 5:53:59 AM okhttp3.mockwebserver.MockWebServer$3 acceptConnections
INFO: MockWebServer[54657] done accepting connections: Socket closed
Jun 26, 2016 5:53:59 AM okhttp3.mockwebserver.MockWebServer$3 execute
INFO: MockWebServer[59046] starting to accept connections
Jun 26, 2016 5:53:59 AM okhttp3.mockwebserver.MockWebServer$3 acceptConnections
INFO: MockWebServer[59046] done accepting connections: Socket closed
Jun 26, 2016 5:53:59 AM okhttp3.mockwebserver.MockWebServer$4 processOneRequest
INFO: MockWebServer[59046] received request: GET / HTTP/1.1 and responded: HTTP/1.1 404 Client Error
Jun 26, 2016 5:53:59 AM okhttp3.mockwebserver.MockWebServer$3 execute
INFO: MockWebServer[48292] starting to accept connections
Jun 26, 2016 5:53:59 AM okhttp3.mockwebserver.MockWebServer$3 acceptConnections
INFO: MockWebServer[48292] done accepting connections: Socket closed
Jun 26, 2016 5:53:59 AM okhttp3.mockwebserver.MockWebServer$4 processOneRequest
INFO: MockWebServer[48292] received request: POST / HTTP/1.1 and responded: HTTP/1.1 200 OK
Jun 26, 2016 5:53:59 AM okhttp3.mockwebserver.MockWebServer$3 execute
INFO: MockWebServer[57901] starting to accept connections
Jun 26, 2016 5:53:59 AM okhttp3.mockwebserver.MockWebServer$3 acceptConnections
INFO: MockWebServer[57901] done accepting connections: Socket closed
Jun 26, 2016 5:53:59 AM okhttp3.mockwebserver.MockWebServer$4 processOneRequest
INFO: MockWebServer[57901] received request: GET / HTTP/1.1 and responded: HTTP/1.1 204 Nothin
Jun 26, 2016 5:53:59 AM okhttp3.mockwebserver.MockWebServer$3 execute
INFO: MockWebServer[44047] starting to accept connections
Jun 26, 2016 5:53:59 AM okhttp3.mockwebserver.MockWebServer$3 acceptConnections
INFO: MockWebServer[44047] done accepting connections: Socket is closed
Jun 26, 2016 5:53:59 AM okhttp3.mockwebserver.MockWebServer$3 execute
INFO: MockWebServer[33217] starting to accept connections
Jun 26, 2016 5:53:59 AM okhttp3.mockwebserver.MockWebServer$3 acceptConnections
INFO: MockWebServer[33217] done accepting connections: Socket closed
Jun 26, 2016 5:53:59 AM okhttp3.mockwebserver.MockWebServer$4 processOneRequest
INFO: MockWebServer[33217] received request: GET / HTTP/1.1 and responded: HTTP/1.1 200 OK
Jun 26, 2016 5:53:59 AM okhttp3.mockwebserver.MockWebServer$3 execute
INFO: MockWebServer[36716] starting to accept connections
Jun 26, 2016 5:53:59 AM okhttp3.mockwebserver.MockWebServer$3 acceptConnections
INFO: MockWebServer[36716] done accepting connections: Socket closed
Jun 26, 2016 5:53:59 AM okhttp3.mockwebserver.MockWebServer$4 processOneRequest
INFO: MockWebServer[36716] received request: POST /Hello HTTP/1.1 and responded: HTTP/1.1 200 OK
Jun 26, 2016 5:53:59 AM okhttp3.mockwebserver.MockWebServer$3 execute
INFO: MockWebServer[48160] starting to accept connections
Jun 26, 2016 5:53:59 AM okhttp3.mockwebserver.MockWebServer$4 processOneRequest
INFO: MockWebServer[48160] received request: GET / HTTP/1.1 and responded: HTTP/1.1 200 OK
Jun 26, 2016 5:53:59 AM okhttp3.mockwebserver.MockWebServer$3 acceptConnections
INFO: MockWebServer[48160] done accepting connections: Socket closed
Jun 26, 2016 5:53:59 AM okhttp3.mockwebserver.MockWebServer$3 execute
INFO: MockWebServer[45506] starting to accept connections
Jun 26, 2016 5:53:59 AM okhttp3.mockwebserver.MockWebServer$3 acceptConnections
INFO: MockWebServer[45506] done accepting connections: Socket closed
Jun 26, 2016 5:53:59 AM okhttp3.mockwebserver.MockWebServer$4 processOneRequest
INFO: MockWebServer[45506] received request: POST / HTTP/1.1 and responded: HTTP/1.1 200 OK
Jun 26, 2016 5:53:59 AM okhttp3.mockwebserver.MockWebServer$3 execute
INFO: MockWebServer[52747] starting to accept connections
Jun 26, 2016 5:53:59 AM okhttp3.mockwebserver.MockWebServer$3 acceptConnections
INFO: MockWebServer[52747] done accepting connections: Socket is closed
Jun 26, 2016 5:53:59 AM okhttp3.mockwebserver.MockWebServer$3 execute
INFO: MockWebServer[42326] starting to accept connections
Jun 26, 2016 5:53:59 AM okhttp3.mockwebserver.MockWebServer$3 acceptConnections
INFO: MockWebServer[42326] done accepting connections: Socket closed
Jun 26, 2016 5:53:59 AM okhttp3.mockwebserver.MockWebServer$3 execute
INFO: MockWebServer[46360] starting to accept connections
Jun 26, 2016 5:53:59 AM okhttp3.mockwebserver.MockWebServer$3 acceptConnections
INFO: MockWebServer[46360] done accepting connections: Socket closed
Jun 26, 2016 5:53:59 AM okhttp3.mockwebserver.MockWebServer$3 execute
INFO: MockWebServer[56233] starting to accept connections
Jun 26, 2016 5:53:59 AM okhttp3.mockwebserver.MockWebServer$4 processOneRequest
INFO: MockWebServer[56233] received request: GET / HTTP/1.1 and responded: HTTP/1.1 200 OK
Jun 26, 2016 5:53:59 AM okhttp3.mockwebserver.MockWebServer$3 acceptConnections
INFO: MockWebServer[56233] done accepting connections: Socket closed
Jun 26, 2016 5:53:59 AM okhttp3.mockwebserver.MockWebServer$3 execute
INFO: MockWebServer[49512] starting to accept connections
Jun 26, 2016 5:53:59 AM okhttp3.mockwebserver.MockWebServer$3 acceptConnections
INFO: MockWebServer[49512] done accepting connections: Socket closed
Jun 26, 2016 5:53:59 AM okhttp3.mockwebserver.MockWebServer$4 processOneRequest
INFO: MockWebServer[49512] received request: GET / HTTP/1.1 and responded: HTTP/1.1 200 OK
Jun 26, 2016 5:53:59 AM okhttp3.mockwebserver.MockWebServer$3 execute
INFO: MockWebServer[43669] starting to accept connections
Jun 26, 2016 5:53:59 AM okhttp3.mockwebserver.MockWebServer$3 acceptConnections
INFO: MockWebServer[43669] done accepting connections: Socket closed
Jun 26, 2016 5:53:59 AM okhttp3.mockwebserver.MockWebServer$4 processOneRequest
INFO: MockWebServer[43669] received request: GET / HTTP/1.1 and responded: HTTP/1.1 205 Nothin
Jun 26, 2016 5:53:59 AM okhttp3.mockwebserver.MockWebServer$3 execute
INFO: MockWebServer[34595] starting to accept connections
Jun 26, 2016 5:53:59 AM okhttp3.mockwebserver.MockWebServer$4 processOneRequest
INFO: MockWebServer[34595] received request: GET / HTTP/1.1 and responded: HTTP/1.1 200 OK
Jun 26, 2016 5:53:59 AM okhttp3.mockwebserver.MockWebServer$4 processOneRequest
INFO: MockWebServer[34595] received request: GET / HTTP/1.1 and responded: HTTP/1.1 200 OK
Jun 26, 2016 5:53:59 AM okhttp3.mockwebserver.MockWebServer$3 acceptConnections
INFO: MockWebServer[34595] done accepting connections: Socket closed
Jun 26, 2016 5:53:59 AM okhttp3.mockwebserver.MockWebServer$3 execute
INFO: MockWebServer[43581] starting to accept connections
Jun 26, 2016 5:53:59 AM okhttp3.mockwebserver.MockWebServer$3 acceptConnections
INFO: MockWebServer[43581] done accepting connections: Socket closed
Jun 26, 2016 5:53:59 AM okhttp3.mockwebserver.MockWebServer$4 processOneRequest
INFO: MockWebServer[43581] received request: GET / HTTP/1.1 and responded: HTTP/1.1 200 OK
Jun 26, 2016 5:53:59 AM okhttp3.mockwebserver.MockWebServer$3 execute
INFO: MockWebServer[53189] starting to accept connections
Jun 26, 2016 5:53:59 AM okhttp3.mockwebserver.MockWebServer$3 acceptConnections
INFO: MockWebServer[53189] done accepting connections: Socket is closed
Jun 26, 2016 5:53:59 AM okhttp3.mockwebserver.MockWebServer$3 execute
INFO: MockWebServer[49374] starting to accept connections
Jun 26, 2016 5:53:59 AM okhttp3.mockwebserver.MockWebServer$3 acceptConnections
INFO: MockWebServer[49374] done accepting connections: Socket closed
Jun 26, 2016 5:53:59 AM okhttp3.mockwebserver.MockWebServer$3 execute
INFO: MockWebServer[37514] starting to accept connections
Jun 26, 2016 5:53:59 AM okhttp3.mockwebserver.MockWebServer$3 acceptConnections
INFO: MockWebServer[37514] done accepting connections: Socket closed
Jun 26, 2016 5:53:59 AM okhttp3.mockwebserver.MockWebServer$3 execute
INFO: MockWebServer[54220] starting to accept connections
Jun 26, 2016 5:53:59 AM okhttp3.mockwebserver.MockWebServer$3 acceptConnections
INFO: MockWebServer[54220] done accepting connections: Socket closed
Jun 26, 2016 5:53:59 AM okhttp3.mockwebserver.MockWebServer$4 processOneRequest
INFO: MockWebServer[54220] received request: GET / HTTP/1.1 and responded: HTTP/1.1 200 OK
Jun 26, 2016 5:53:59 AM okhttp3.mockwebserver.MockWebServer$3 execute
INFO: MockWebServer[60561] starting to accept connections
Jun 26, 2016 5:53:59 AM okhttp3.mockwebserver.MockWebServer$3 acceptConnections
INFO: MockWebServer[60561] done accepting connections: Socket closed
Jun 26, 2016 5:53:59 AM okhttp3.mockwebserver.MockWebServer$4 processOneRequest
INFO: MockWebServer[60561] received request: GET / HTTP/1.1 and responded: HTTP/1.1 200 OK
Jun 26, 2016 5:53:59 AM okhttp3.mockwebserver.MockWebServer$3 execute
INFO: MockWebServer[52945] starting to accept connections
Jun 26, 2016 5:53:59 AM okhttp3.mockwebserver.MockWebServer$3 acceptConnections
INFO: MockWebServer[52945] done accepting connections: Socket closed
Jun 26, 2016 5:53:59 AM okhttp3.mockwebserver.MockWebServer$4 processOneRequest
INFO: MockWebServer[52945] received request: GET / HTTP/1.1 and responded: HTTP/1.1 200 OK
Tests run: 34, Failures: 0, Errors: 0, Skipped: 0, Time elapsed: 1.811 sec
Running retrofit2.RequestBuilderTest
Tests run: 139, Failures: 0, Errors: 0, Skipped: 2, Time elapsed: 0.337 sec
Running retrofit2.ExecutorCallAdapterFactoryTest
Tests run: 7, Failures: 0, Errors: 0, Skipped: 0, Time elapsed: 0.144 sec
Running retrofit2.ServiceMethodTest
Tests run: 1, Failures: 0, Errors: 0, Skipped: 0, Time elapsed: 0.004 sec
Running retrofit2.RetrofitTest
Jun 26, 2016 5:54:00 AM okhttp3.mockwebserver.MockWebServer$3 execute
INFO: MockWebServer[49116] starting to accept connections
Jun 26, 2016 5:54:00 AM okhttp3.mockwebserver.MockWebServer$3 acceptConnections
INFO: MockWebServer[49116] done accepting connections: Socket is closed
Jun 26, 2016 5:54:00 AM okhttp3.mockwebserver.MockWebServer$3 execute
INFO: MockWebServer[41847] starting to accept connections
Jun 26, 2016 5:54:00 AM okhttp3.mockwebserver.MockWebServer$3 acceptConnections
INFO: MockWebServer[41847] done accepting connections: Socket closed
Jun 26, 2016 5:54:00 AM okhttp3.mockwebserver.MockWebServer$3 execute
INFO: MockWebServer[42476] starting to accept connections
Jun 26, 2016 5:54:00 AM okhttp3.mockwebserver.MockWebServer$3 acceptConnections
INFO: MockWebServer[42476] done accepting connections: Socket is closed
Jun 26, 2016 5:54:00 AM okhttp3.mockwebserver.MockWebServer$3 execute
INFO: MockWebServer[44074] starting to accept connections
Jun 26, 2016 5:54:00 AM okhttp3.mockwebserver.MockWebServer$3 acceptConnections
INFO: MockWebServer[44074] done accepting connections: Socket is closed
Jun 26, 2016 5:54:00 AM okhttp3.mockwebserver.MockWebServer$3 execute
INFO: MockWebServer[60728] starting to accept connections
Jun 26, 2016 5:54:00 AM okhttp3.mockwebserver.MockWebServer$3 acceptConnections
INFO: MockWebServer[60728] done accepting connections: Socket is closed
Jun 26, 2016 5:54:00 AM okhttp3.mockwebserver.MockWebServer$3 execute
INFO: MockWebServer[44816] starting to accept connections
Jun 26, 2016 5:54:00 AM okhttp3.mockwebserver.MockWebServer$4 processOneRequest
INFO: MockWebServer[44816] received request: GET / HTTP/1.1 and responded: HTTP/1.1 200 OK
Jun 26, 2016 5:54:00 AM okhttp3.mockwebserver.MockWebServer$3 acceptConnections
INFO: MockWebServer[44816] done accepting connections: Socket closed
Jun 26, 2016 5:54:00 AM okhttp3.mockwebserver.MockWebServer$3 execute
INFO: MockWebServer[40340] starting to accept connections
Jun 26, 2016 5:54:00 AM okhttp3.mockwebserver.MockWebServer$3 acceptConnections
INFO: MockWebServer[40340] done accepting connections: Socket is closed
Jun 26, 2016 5:54:00 AM okhttp3.mockwebserver.MockWebServer$3 execute
INFO: MockWebServer[57906] starting to accept connections
Jun 26, 2016 5:54:00 AM okhttp3.mockwebserver.MockWebServer$3 acceptConnections
INFO: MockWebServer[57906] done accepting connections: Socket is closed
Jun 26, 2016 5:54:00 AM okhttp3.mockwebserver.MockWebServer$3 execute
INFO: MockWebServer[56721] starting to accept connections
Jun 26, 2016 5:54:00 AM okhttp3.mockwebserver.MockWebServer$3 acceptConnections
INFO: MockWebServer[56721] done accepting connections: Socket is closed
Jun 26, 2016 5:54:00 AM okhttp3.mockwebserver.MockWebServer$3 execute
INFO: MockWebServer[37288] starting to accept connections
Jun 26, 2016 5:54:00 AM okhttp3.mockwebserver.MockWebServer$3 acceptConnections
INFO: MockWebServer[37288] done accepting connections: Socket is closed
Jun 26, 2016 5:54:00 AM okhttp3.mockwebserver.MockWebServer$3 execute
INFO: MockWebServer[47746] starting to accept connections
Jun 26, 2016 5:54:00 AM okhttp3.mockwebserver.MockWebServer$3 acceptConnections
INFO: MockWebServer[47746] done accepting connections: Socket is closed
Jun 26, 2016 5:54:00 AM okhttp3.mockwebserver.MockWebServer$3 execute
INFO: MockWebServer[53934] starting to accept connections
Jun 26, 2016 5:54:00 AM okhttp3.mockwebserver.MockWebServer$3 acceptConnections
INFO: MockWebServer[53934] done accepting connections: Socket is closed
Jun 26, 2016 5:54:00 AM okhttp3.mockwebserver.MockWebServer$3 execute
INFO: MockWebServer[50142] starting to accept connections
Jun 26, 2016 5:54:00 AM okhttp3.mockwebserver.MockWebServer$3 acceptConnections
INFO: MockWebServer[50142] done accepting connections: Socket is closed
Jun 26, 2016 5:54:00 AM okhttp3.mockwebserver.MockWebServer$3 execute
INFO: MockWebServer[57192] starting to accept connections
Jun 26, 2016 5:54:00 AM okhttp3.mockwebserver.MockWebServer$3 acceptConnections
INFO: MockWebServer[57192] done accepting connections: Socket closed
Jun 26, 2016 5:54:00 AM okhttp3.mockwebserver.MockWebServer$3 execute
INFO: MockWebServer[38873] starting to accept connections
Jun 26, 2016 5:54:00 AM okhttp3.mockwebserver.MockWebServer$3 acceptConnections
INFO: MockWebServer[38873] done accepting connections: Socket is closed
Jun 26, 2016 5:54:00 AM okhttp3.mockwebserver.MockWebServer$3 execute
INFO: MockWebServer[51016] starting to accept connections
Jun 26, 2016 5:54:00 AM okhttp3.mockwebserver.MockWebServer$3 acceptConnections
INFO: MockWebServer[51016] done accepting connections: Socket closed
Jun 26, 2016 5:54:00 AM okhttp3.mockwebserver.MockWebServer$3 execute
INFO: MockWebServer[34878] starting to accept connections
Jun 26, 2016 5:54:00 AM okhttp3.mockwebserver.MockWebServer$4 processOneRequest
INFO: MockWebServer[34878] received request: GET / HTTP/1.1 and responded: HTTP/1.1 200 OK
Jun 26, 2016 5:54:00 AM okhttp3.mockwebserver.MockWebServer$3 acceptConnections
INFO: MockWebServer[34878] done accepting connections: Socket closed
Jun 26, 2016 5:54:00 AM okhttp3.mockwebserver.MockWebServer$3 execute
INFO: MockWebServer[33488] starting to accept connections
Jun 26, 2016 5:54:00 AM okhttp3.mockwebserver.MockWebServer$3 acceptConnections
INFO: MockWebServer[33488] done accepting connections: Socket is closed
Jun 26, 2016 5:54:00 AM okhttp3.mockwebserver.MockWebServer$3 execute
INFO: MockWebServer[40760] starting to accept connections
Jun 26, 2016 5:54:00 AM okhttp3.mockwebserver.MockWebServer$3 acceptConnections
INFO: MockWebServer[40760] done accepting connections: Socket is closed
Jun 26, 2016 5:54:00 AM okhttp3.mockwebserver.MockWebServer$3 execute
INFO: MockWebServer[49777] starting to accept connections
Jun 26, 2016 5:54:00 AM okhttp3.mockwebserver.MockWebServer$3 acceptConnections
INFO: MockWebServer[49777] done accepting connections: Socket closed
Jun 26, 2016 5:54:00 AM okhttp3.mockwebserver.MockWebServer$4 processOneRequest
INFO: MockWebServer[49777] received request: GET / HTTP/1.1 and responded: HTTP/1.1 200 OK
Jun 26, 2016 5:54:00 AM okhttp3.mockwebserver.MockWebServer$3 execute
INFO: MockWebServer[51819] starting to accept connections
Jun 26, 2016 5:54:00 AM okhttp3.mockwebserver.MockWebServer$3 acceptConnections
INFO: MockWebServer[51819] done accepting connections: Socket closed
Jun 26, 2016 5:54:00 AM okhttp3.mockwebserver.MockWebServer$3 execute
INFO: MockWebServer[33092] starting to accept connections
Jun 26, 2016 5:54:00 AM okhttp3.mockwebserver.MockWebServer$4 processOneRequest
INFO: MockWebServer[33092] received request: POST / HTTP/1.1 and responded: HTTP/1.1 200 OK
Jun 26, 2016 5:54:00 AM okhttp3.mockwebserver.MockWebServer$3 acceptConnections
INFO: MockWebServer[33092] done accepting connections: Socket closed
Jun 26, 2016 5:54:00 AM okhttp3.mockwebserver.MockWebServer$3 execute
INFO: MockWebServer[54455] starting to accept connections
Jun 26, 2016 5:54:00 AM okhttp3.mockwebserver.MockWebServer$3 acceptConnections
INFO: MockWebServer[54455] done accepting connections: Socket is closed
Jun 26, 2016 5:54:01 AM okhttp3.mockwebserver.MockWebServer$3 execute
INFO: MockWebServer[56877] starting to accept connections
Jun 26, 2016 5:54:01 AM okhttp3.mockwebserver.MockWebServer$3 acceptConnections
INFO: MockWebServer[56877] done accepting connections: Socket is closed
Jun 26, 2016 5:54:01 AM okhttp3.mockwebserver.MockWebServer$3 execute
INFO: MockWebServer[53532] starting to accept connections
Jun 26, 2016 5:54:01 AM okhttp3.mockwebserver.MockWebServer$3 acceptConnections
INFO: MockWebServer[53532] done accepting connections: Socket is closed
Jun 26, 2016 5:54:01 AM okhttp3.mockwebserver.MockWebServer$3 execute
INFO: MockWebServer[56098] starting to accept connections
Jun 26, 2016 5:54:01 AM okhttp3.mockwebserver.MockWebServer$3 acceptConnections
INFO: MockWebServer[56098] done accepting connections: Socket is closed
Jun 26, 2016 5:54:01 AM okhttp3.mockwebserver.MockWebServer$3 execute
INFO: MockWebServer[42284] starting to accept connections
Jun 26, 2016 5:54:01 AM okhttp3.mockwebserver.MockWebServer$3 acceptConnections
INFO: MockWebServer[42284] done accepting connections: Socket is closed
Jun 26, 2016 5:54:01 AM okhttp3.mockwebserver.MockWebServer$3 execute
INFO: MockWebServer[37561] starting to accept connections
Jun 26, 2016 5:54:01 AM okhttp3.mockwebserver.MockWebServer$3 acceptConnections
INFO: MockWebServer[37561] done accepting connections: Socket is closed
Jun 26, 2016 5:54:01 AM okhttp3.mockwebserver.MockWebServer$3 execute
INFO: MockWebServer[52196] starting to accept connections
Jun 26, 2016 5:54:01 AM okhttp3.mockwebserver.MockWebServer$3 acceptConnections
INFO: MockWebServer[52196] done accepting connections: Socket is closed
Jun 26, 2016 5:54:01 AM okhttp3.mockwebserver.MockWebServer$3 execute
INFO: MockWebServer[57226] starting to accept connections
Jun 26, 2016 5:54:01 AM okhttp3.mockwebserver.MockWebServer$4 processOneRequest
INFO: MockWebServer[57226] received request: GET / HTTP/1.1 and responded: HTTP/1.1 200 OK
Jun 26, 2016 5:54:01 AM okhttp3.mockwebserver.MockWebServer$3 acceptConnections
INFO: MockWebServer[57226] done accepting connections: Socket closed
Jun 26, 2016 5:54:01 AM okhttp3.mockwebserver.MockWebServer$3 execute
INFO: MockWebServer[49723] starting to accept connections
Jun 26, 2016 5:54:01 AM okhttp3.mockwebserver.MockWebServer$3 acceptConnections
INFO: MockWebServer[49723] done accepting connections: Socket is closed
Jun 26, 2016 5:54:01 AM okhttp3.mockwebserver.MockWebServer$3 execute
INFO: MockWebServer[45126] starting to accept connections
Jun 26, 2016 5:54:01 AM okhttp3.mockwebserver.MockWebServer$3 acceptConnections
INFO: MockWebServer[45126] done accepting connections: Socket is closed
Jun 26, 2016 5:54:01 AM okhttp3.mockwebserver.MockWebServer$3 execute
INFO: MockWebServer[37789] starting to accept connections
Jun 26, 2016 5:54:01 AM okhttp3.mockwebserver.MockWebServer$3 acceptConnections
INFO: MockWebServer[37789] done accepting connections: Socket is closed
Jun 26, 2016 5:54:01 AM okhttp3.mockwebserver.MockWebServer$3 execute
INFO: MockWebServer[52900] starting to accept connections
Jun 26, 2016 5:54:01 AM okhttp3.mockwebserver.MockWebServer$3 acceptConnections
INFO: MockWebServer[52900] done accepting connections: Socket is closed
Jun 26, 2016 5:54:01 AM okhttp3.mockwebserver.MockWebServer$3 execute
INFO: MockWebServer[52323] starting to accept connections
Jun 26, 2016 5:54:01 AM okhttp3.mockwebserver.MockWebServer$4 processOneRequest
INFO: MockWebServer[52323] received request: GET / HTTP/1.1 and responded: HTTP/1.1 200 OK
Jun 26, 2016 5:54:01 AM okhttp3.mockwebserver.MockWebServer$4 processOneRequest
INFO: MockWebServer[52323] received request: GET / HTTP/1.1 and responded: HTTP/1.1 200 OK
Jun 26, 2016 5:54:01 AM okhttp3.mockwebserver.MockWebServer$3 acceptConnections
INFO: MockWebServer[52323] done accepting connections: Socket closed
Jun 26, 2016 5:54:01 AM okhttp3.mockwebserver.MockWebServer$3 execute
INFO: MockWebServer[54910] starting to accept connections
Jun 26, 2016 5:54:01 AM okhttp3.mockwebserver.MockWebServer$3 acceptConnections
INFO: MockWebServer[54910] done accepting connections: Socket is closed
Jun 26, 2016 5:54:01 AM okhttp3.mockwebserver.MockWebServer$3 execute
INFO: MockWebServer[40646] starting to accept connections
Jun 26, 2016 5:54:01 AM okhttp3.mockwebserver.MockWebServer$3 acceptConnections
INFO: MockWebServer[40646] done accepting connections: Socket closed
Jun 26, 2016 5:54:01 AM okhttp3.mockwebserver.MockWebServer$3 execute
INFO: MockWebServer[46475] starting to accept connections
Jun 26, 2016 5:54:01 AM okhttp3.mockwebserver.MockWebServer$3 acceptConnections
INFO: MockWebServer[46475] done accepting connections: Socket is closed
Jun 26, 2016 5:54:01 AM okhttp3.mockwebserver.MockWebServer$3 execute
INFO: MockWebServer[54548] starting to accept connections
Jun 26, 2016 5:54:01 AM okhttp3.mockwebserver.MockWebServer$3 acceptConnections
INFO: MockWebServer[54548] done accepting connections: Socket is closed
Jun 26, 2016 5:54:01 AM okhttp3.mockwebserver.MockWebServer$3 execute
INFO: MockWebServer[41383] starting to accept connections
Jun 26, 2016 5:54:01 AM okhttp3.mockwebserver.MockWebServer$3 acceptConnections
INFO: MockWebServer[41383] done accepting connections: Socket closed
Jun 26, 2016 5:54:01 AM okhttp3.mockwebserver.MockWebServer$3 execute
INFO: MockWebServer[39713] starting to accept connections
Jun 26, 2016 5:54:01 AM okhttp3.mockwebserver.MockWebServer$3 acceptConnections
INFO: MockWebServer[39713] done accepting connections: Socket closed
Jun 26, 2016 5:54:01 AM okhttp3.mockwebserver.MockWebServer$3 execute
INFO: MockWebServer[53682] starting to accept connections
Jun 26, 2016 5:54:01 AM okhttp3.mockwebserver.MockWebServer$3 acceptConnections
INFO: MockWebServer[53682] done accepting connections: Socket is closed
Jun 26, 2016 5:54:01 AM okhttp3.mockwebserver.MockWebServer$3 execute
INFO: MockWebServer[50744] starting to accept connections
Jun 26, 2016 5:54:01 AM okhttp3.mockwebserver.MockWebServer$3 acceptConnections
INFO: MockWebServer[50744] done accepting connections: Socket closed
Jun 26, 2016 5:54:01 AM okhttp3.mockwebserver.MockWebServer$3 execute
INFO: MockWebServer[58153] starting to accept connections
Jun 26, 2016 5:54:01 AM okhttp3.mockwebserver.MockWebServer$3 acceptConnections
INFO: MockWebServer[58153] done accepting connections: Socket is closed
Jun 26, 2016 5:54:01 AM okhttp3.mockwebserver.MockWebServer$3 execute
INFO: MockWebServer[53316] starting to accept connections
Jun 26, 2016 5:54:01 AM okhttp3.mockwebserver.MockWebServer$3 acceptConnections
INFO: MockWebServer[53316] done accepting connections: Socket closed
Jun 26, 2016 5:54:01 AM okhttp3.mockwebserver.MockWebServer$3 execute
INFO: MockWebServer[50158] starting to accept connections
Jun 26, 2016 5:54:01 AM okhttp3.mockwebserver.MockWebServer$3 acceptConnections
INFO: MockWebServer[50158] done accepting connections: Socket is closed
Jun 26, 2016 5:54:01 AM okhttp3.mockwebserver.MockWebServer$3 execute
INFO: MockWebServer[45389] starting to accept connections
Jun 26, 2016 5:54:01 AM okhttp3.mockwebserver.MockWebServer$4 processOneRequest
INFO: MockWebServer[45389] received request: GET /?i=101 HTTP/1.1 and responded: HTTP/1.1 200 OK
Jun 26, 2016 5:54:01 AM okhttp3.mockwebserver.MockWebServer$4 processOneRequest
INFO: MockWebServer[45389] received request: GET /?i=201 HTTP/1.1 and responded: HTTP/1.1 200 OK
Jun 26, 2016 5:54:01 AM okhttp3.mockwebserver.MockWebServer$3 acceptConnections
INFO: MockWebServer[45389] done accepting connections: Socket closed
Jun 26, 2016 5:54:01 AM okhttp3.mockwebserver.MockWebServer$3 execute
INFO: MockWebServer[40766] starting to accept connections
Jun 26, 2016 5:54:01 AM okhttp3.mockwebserver.MockWebServer$3 acceptConnections
INFO: MockWebServer[40766] done accepting connections: Socket is closed
Jun 26, 2016 5:54:01 AM okhttp3.mockwebserver.MockWebServer$3 execute
INFO: MockWebServer[53876] starting to accept connections
Jun 26, 2016 5:54:01 AM okhttp3.mockwebserver.MockWebServer$3 acceptConnections
INFO: MockWebServer[53876] done accepting connections: Socket is closed
Jun 26, 2016 5:54:01 AM okhttp3.mockwebserver.MockWebServer$3 execute
INFO: MockWebServer[45548] starting to accept connections
Jun 26, 2016 5:54:01 AM okhttp3.mockwebserver.MockWebServer$3 acceptConnections
INFO: MockWebServer[45548] done accepting connections: Socket is closed
Jun 26, 2016 5:54:01 AM okhttp3.mockwebserver.MockWebServer$3 execute
INFO: MockWebServer[41132] starting to accept connections
Jun 26, 2016 5:54:01 AM okhttp3.mockwebserver.MockWebServer$3 acceptConnections
INFO: MockWebServer[41132] done accepting connections: Socket is closed
Jun 26, 2016 5:54:01 AM okhttp3.mockwebserver.MockWebServer$3 execute
INFO: MockWebServer[47229] starting to accept connections
Jun 26, 2016 5:54:01 AM okhttp3.mockwebserver.MockWebServer$3 acceptConnections
INFO: MockWebServer[47229] done accepting connections: Socket is closed
Jun 26, 2016 5:54:01 AM okhttp3.mockwebserver.MockWebServer$3 execute
INFO: MockWebServer[54605] starting to accept connections
Jun 26, 2016 5:54:01 AM okhttp3.mockwebserver.MockWebServer$3 acceptConnections
INFO: MockWebServer[54605] done accepting connections: Socket is closed
Jun 26, 2016 5:54:01 AM okhttp3.mockwebserver.MockWebServer$3 execute
INFO: MockWebServer[39216] starting to accept connections
Jun 26, 2016 5:54:01 AM okhttp3.mockwebserver.MockWebServer$3 acceptConnections
INFO: MockWebServer[39216] done accepting connections: Socket is closed
Jun 26, 2016 5:54:01 AM okhttp3.mockwebserver.MockWebServer$3 execute
INFO: MockWebServer[45247] starting to accept connections
Jun 26, 2016 5:54:01 AM okhttp3.mockwebserver.MockWebServer$3 acceptConnections
INFO: MockWebServer[45247] done accepting connections: Socket is closed
Jun 26, 2016 5:54:01 AM okhttp3.mockwebserver.MockWebServer$3 execute
INFO: MockWebServer[50925] starting to accept connections
Jun 26, 2016 5:54:01 AM okhttp3.mockwebserver.MockWebServer$3 acceptConnections
INFO: MockWebServer[50925] done accepting connections: Socket is closed
Jun 26, 2016 5:54:01 AM okhttp3.mockwebserver.MockWebServer$3 execute
INFO: MockWebServer[34932] starting to accept connections
Jun 26, 2016 5:54:01 AM okhttp3.mockwebserver.MockWebServer$3 acceptConnections
INFO: MockWebServer[34932] done accepting connections: Socket is closed
Jun 26, 2016 5:54:01 AM okhttp3.mockwebserver.MockWebServer$3 execute
INFO: MockWebServer[51654] starting to accept connections
Jun 26, 2016 5:54:01 AM okhttp3.mockwebserver.MockWebServer$3 acceptConnections
INFO: MockWebServer[51654] done accepting connections: Socket is closed
Jun 26, 2016 5:54:01 AM okhttp3.mockwebserver.MockWebServer$3 execute
INFO: MockWebServer[45000] starting to accept connections
Jun 26, 2016 5:54:01 AM okhttp3.mockwebserver.MockWebServer$3 acceptConnections
INFO: MockWebServer[45000] done accepting connections: Socket is closed
Jun 26, 2016 5:54:01 AM okhttp3.mockwebserver.MockWebServer$3 execute
INFO: MockWebServer[43815] starting to accept connections
Jun 26, 2016 5:54:01 AM okhttp3.mockwebserver.MockWebServer$3 acceptConnections
INFO: MockWebServer[43815] done accepting connections: Socket is closed
Jun 26, 2016 5:54:01 AM okhttp3.mockwebserver.MockWebServer$3 execute
INFO: MockWebServer[44954] starting to accept connections
Jun 26, 2016 5:54:01 AM okhttp3.mockwebserver.MockWebServer$3 acceptConnections
INFO: MockWebServer[44954] done accepting connections: Socket is closed
Jun 26, 2016 5:54:01 AM okhttp3.mockwebserver.MockWebServer$3 execute
INFO: MockWebServer[46521] starting to accept connections
Jun 26, 2016 5:54:01 AM okhttp3.mockwebserver.MockWebServer$3 acceptConnections
INFO: MockWebServer[46521] done accepting connections: Socket is closed
Jun 26, 2016 5:54:01 AM okhttp3.mockwebserver.MockWebServer$3 execute
INFO: MockWebServer[60154] starting to accept connections
Jun 26, 2016 5:54:01 AM okhttp3.mockwebserver.MockWebServer$3 acceptConnections
INFO: MockWebServer[60154] done accepting connections: Socket is closed
Jun 26, 2016 5:54:01 AM okhttp3.mockwebserver.MockWebServer$3 execute
INFO: MockWebServer[36813] starting to accept connections
Jun 26, 2016 5:54:01 AM okhttp3.mockwebserver.MockWebServer$3 acceptConnections
INFO: MockWebServer[36813] done accepting connections: Socket is closed
Tests run: 64, Failures: 0, Errors: 0, Skipped: 0, Time elapsed: 0.999 sec
Running retrofit2.RequestBuilderAndroidTest
WARNING: No manifest file found at ./AndroidManifest.xml.Falling back to the Android OS resources only.
To remove this warning, annotate your test class with @Config(manifest=Config.NONE).
WARNING: No manifest file found at ./AndroidManifest.xml.Falling back to the Android OS resources only.
To remove this warning, annotate your test class with @Config(manifest=Config.NONE).
Tests run: 2, Failures: 0, Errors: 0, Skipped: 0, Time elapsed: 7.346 sec
Running retrofit2.CallAdapterTest
Tests run: 4, Failures: 0, Errors: 0, Skipped: 0, Time elapsed: 0.016 sec
Running retrofit2.ResponseTest
Tests run: 14, Failures: 0, Errors: 0, Skipped: 0, Time elapsed: 0.038 sec

Results :

Tests run: 265, Failures: 0, Errors: 0, Skipped: 2

[INFO] 
[INFO] --- animal-sniffer-maven-plugin:1.14:check (default) @ retrofit ---
[INFO] Checking unresolved references to org.codehaus.mojo.signature:java16:1.1
[INFO]                                                                         
[INFO] ------------------------------------------------------------------------
[INFO] Building Adapters 2.1.1-SNAPSHOT
[INFO] ------------------------------------------------------------------------
[INFO] 
[INFO] --- maven-enforcer-plugin:1.0:enforce (enforce-maven) @ retrofit-adapters ---
[INFO] 
[INFO] --- animal-sniffer-maven-plugin:1.14:check (default) @ retrofit-adapters ---
[INFO] Checking unresolved references to org.codehaus.mojo.signature:java16:1.1
[INFO]                                                                         
[INFO] ------------------------------------------------------------------------
[INFO] Building Adapter: Guava 2.1.1-SNAPSHOT
[INFO] ------------------------------------------------------------------------
[INFO] 
[INFO] --- maven-enforcer-plugin:1.0:enforce (enforce-maven) @ adapter-guava ---
[INFO] 
[INFO] --- maven-resources-plugin:2.6:resources (default-resources) @ adapter-guava ---
[INFO] Using 'UTF-8' encoding to copy filtered resources.
[INFO] skip non existing resourceDirectory /home/travis/build/square/retrofit/retrofit-adapters/guava/src/main/resources
[INFO] 
[INFO] --- maven-compiler-plugin:3.0:compile (default-compile) @ adapter-guava ---
[INFO] Changes detected - recompiling the module!
[INFO] Compiling 2 source files to /home/travis/build/square/retrofit/retrofit-adapters/guava/target/classes
[INFO] 
[INFO] --- maven-resources-plugin:2.6:testResources (default-testResources) @ adapter-guava ---
[INFO] Using 'UTF-8' encoding to copy filtered resources.
[INFO] skip non existing resourceDirectory /home/travis/build/square/retrofit/retrofit-adapters/guava/src/test/resources
[INFO] 
[INFO] --- maven-compiler-plugin:3.0:testCompile (default-testCompile) @ adapter-guava ---
[INFO] Changes detected - recompiling the module!
[INFO] Compiling 3 source files to /home/travis/build/square/retrofit/retrofit-adapters/guava/target/test-classes
[INFO] 
[INFO] --- maven-surefire-plugin:2.12.4:test (default-test) @ adapter-guava ---
[INFO] Surefire report directory: /home/travis/build/square/retrofit/retrofit-adapters/guava/target/surefire-reports

-------------------------------------------------------
 T E S T S
-------------------------------------------------------
Running retrofit2.adapter.guava.ListenableFutureTest
Jun 26, 2016 5:54:11 AM okhttp3.mockwebserver.MockWebServer$3 execute
INFO: MockWebServer[59468] starting to accept connections
Jun 26, 2016 5:54:11 AM okhttp3.mockwebserver.MockWebServer$4 processOneRequest
INFO: MockWebServer[59468] received request: GET / HTTP/1.1 and responded: HTTP/1.1 200 OK
Jun 26, 2016 5:54:11 AM okhttp3.mockwebserver.MockWebServer$3 acceptConnections
INFO: MockWebServer[59468] done accepting connections: Socket closed
Jun 26, 2016 5:54:11 AM okhttp3.mockwebserver.MockWebServer$3 execute
INFO: MockWebServer[50103] starting to accept connections
Jun 26, 2016 5:54:11 AM okhttp3.mockwebserver.MockWebServer$4 processOneRequest
INFO: MockWebServer[50103] received request: GET / HTTP/1.1 and responded: HTTP/1.1 404 Client Error
Jun 26, 2016 5:54:11 AM okhttp3.mockwebserver.MockWebServer$3 acceptConnections
INFO: MockWebServer[50103] done accepting connections: Socket closed
Jun 26, 2016 5:54:11 AM okhttp3.mockwebserver.MockWebServer$3 execute
INFO: MockWebServer[35031] starting to accept connections
Jun 26, 2016 5:54:11 AM okhttp3.mockwebserver.MockWebServer$4 processConnection
WARNING: MockWebServer[35031] connection from /127.0.0.1 didn't make a request
Jun 26, 2016 5:54:11 AM okhttp3.mockwebserver.MockWebServer$3 acceptConnections
INFO: MockWebServer[35031] done accepting connections: Socket closed
Jun 26, 2016 5:54:11 AM okhttp3.mockwebserver.MockWebServer$3 execute
INFO: MockWebServer[38259] starting to accept connections
Jun 26, 2016 5:54:11 AM okhttp3.mockwebserver.MockWebServer$4 processOneRequest
INFO: MockWebServer[38259] received request: GET / HTTP/1.1 and responded: HTTP/1.1 200 OK
Jun 26, 2016 5:54:11 AM okhttp3.mockwebserver.MockWebServer$3 acceptConnections
INFO: MockWebServer[38259] done accepting connections: Socket closed
Jun 26, 2016 5:54:11 AM okhttp3.mockwebserver.MockWebServer$3 execute
INFO: MockWebServer[48660] starting to accept connections
Jun 26, 2016 5:54:11 AM okhttp3.mockwebserver.MockWebServer$3 acceptConnections
INFO: MockWebServer[48660] done accepting connections: Socket closed
Jun 26, 2016 5:54:11 AM okhttp3.mockwebserver.MockWebServer$4 processOneRequest
INFO: MockWebServer[48660] received request: GET / HTTP/1.1 and responded: HTTP/1.1 404 Client Error
Jun 26, 2016 5:54:11 AM okhttp3.mockwebserver.MockWebServer$3 execute
INFO: MockWebServer[59513] starting to accept connections
Jun 26, 2016 5:54:11 AM okhttp3.mockwebserver.MockWebServer$4 processConnection
WARNING: MockWebServer[59513] connection from /127.0.0.1 didn't make a request
Jun 26, 2016 5:54:11 AM okhttp3.mockwebserver.MockWebServer$3 acceptConnections
INFO: MockWebServer[59513] done accepting connections: Socket closed
Tests run: 6, Failures: 0, Errors: 0, Skipped: 0, Time elapsed: 0.61 sec
Running retrofit2.adapter.guava.GuavaCallAdapterFactoryTest
Jun 26, 2016 5:54:11 AM okhttp3.mockwebserver.MockWebServer$3 execute
INFO: MockWebServer[60878] starting to accept connections
Jun 26, 2016 5:54:11 AM okhttp3.mockwebserver.MockWebServer$3 acceptConnections
INFO: MockWebServer[60878] done accepting connections: Socket is closed
Jun 26, 2016 5:54:11 AM okhttp3.mockwebserver.MockWebServer$3 execute
INFO: MockWebServer[35179] starting to accept connections
Jun 26, 2016 5:54:11 AM okhttp3.mockwebserver.MockWebServer$3 acceptConnections
INFO: MockWebServer[35179] done accepting connections: Socket closed
Jun 26, 2016 5:54:11 AM okhttp3.mockwebserver.MockWebServer$3 execute
INFO: MockWebServer[53406] starting to accept connections
Jun 26, 2016 5:54:11 AM okhttp3.mockwebserver.MockWebServer$3 acceptConnections
INFO: MockWebServer[53406] done accepting connections: Socket closed
Jun 26, 2016 5:54:11 AM okhttp3.mockwebserver.MockWebServer$3 execute
INFO: MockWebServer[47997] starting to accept connections
Jun 26, 2016 5:54:11 AM okhttp3.mockwebserver.MockWebServer$3 acceptConnections
INFO: MockWebServer[47997] done accepting connections: Socket closed
Tests run: 4, Failures: 0, Errors: 0, Skipped: 0, Time elapsed: 0.041 sec

Results :

Tests run: 10, Failures: 0, Errors: 0, Skipped: 0

[INFO] 
[INFO] --- animal-sniffer-maven-plugin:1.14:check (default) @ adapter-guava ---
[INFO] Checking unresolved references to org.codehaus.mojo.signature:java16:1.1
[INFO]                                                                         
[INFO] ------------------------------------------------------------------------
[INFO] Building Adapter: Java 8 2.1.1-SNAPSHOT
[INFO] ------------------------------------------------------------------------
[INFO] 
[INFO] --- maven-enforcer-plugin:1.0:enforce (enforce-maven) @ adapter-java8 ---
[INFO] 
[INFO] --- maven-resources-plugin:2.6:resources (default-resources) @ adapter-java8 ---
[INFO] Using 'UTF-8' encoding to copy filtered resources.
[INFO] skip non existing resourceDirectory /home/travis/build/square/retrofit/retrofit-adapters/java8/src/main/resources
[INFO] 
[INFO] --- maven-compiler-plugin:3.0:compile (default-compile) @ adapter-java8 ---
[INFO] Changes detected - recompiling the module!
[INFO] Compiling 2 source files to /home/travis/build/square/retrofit/retrofit-adapters/java8/target/classes
[INFO] 
[INFO] --- maven-resources-plugin:2.6:testResources (default-testResources) @ adapter-java8 ---
[INFO] Using 'UTF-8' encoding to copy filtered resources.
[INFO] skip non existing resourceDirectory /home/travis/build/square/retrofit/retrofit-adapters/java8/src/test/resources
[INFO] 
[INFO] --- maven-compiler-plugin:3.0:testCompile (default-testCompile) @ adapter-java8 ---
[INFO] Changes detected - recompiling the module!
[INFO] Compiling 3 source files to /home/travis/build/square/retrofit/retrofit-adapters/java8/target/test-classes
[INFO] 
[INFO] --- maven-surefire-plugin:2.12.4:test (default-test) @ adapter-java8 ---
[INFO] Surefire report directory: /home/travis/build/square/retrofit/retrofit-adapters/java8/target/surefire-reports

-------------------------------------------------------
 T E S T S
-------------------------------------------------------
Running retrofit2.adapter.java8.Java8CallAdapterFactoryTest
Jun 26, 2016 5:54:13 AM okhttp3.mockwebserver.MockWebServer$3 execute
INFO: MockWebServer[47004] starting to accept connections
Jun 26, 2016 5:54:13 AM okhttp3.mockwebserver.MockWebServer$3 acceptConnections
INFO: MockWebServer[47004] done accepting connections: Socket closed
Jun 26, 2016 5:54:13 AM okhttp3.mockwebserver.MockWebServer$3 execute
INFO: MockWebServer[46065] starting to accept connections
Jun 26, 2016 5:54:13 AM okhttp3.mockwebserver.MockWebServer$3 acceptConnections
INFO: MockWebServer[46065] done accepting connections: Socket is closed
Jun 26, 2016 5:54:13 AM okhttp3.mockwebserver.MockWebServer$3 execute
INFO: MockWebServer[58748] starting to accept connections
Jun 26, 2016 5:54:13 AM okhttp3.mockwebserver.MockWebServer$3 acceptConnections
INFO: MockWebServer[58748] done accepting connections: Socket closed
Jun 26, 2016 5:54:13 AM okhttp3.mockwebserver.MockWebServer$3 execute
INFO: MockWebServer[49267] starting to accept connections
Jun 26, 2016 5:54:13 AM okhttp3.mockwebserver.MockWebServer$3 acceptConnections
INFO: MockWebServer[49267] done accepting connections: Socket is closed
Tests run: 4, Failures: 0, Errors: 0, Skipped: 0, Time elapsed: 0.469 sec
Running retrofit2.adapter.java8.CompletableFutureTest
Jun 26, 2016 5:54:13 AM okhttp3.mockwebserver.MockWebServer$3 execute
INFO: MockWebServer[54933] starting to accept connections
Jun 26, 2016 5:54:13 AM okhttp3.mockwebserver.MockWebServer$4 processOneRequest
INFO: MockWebServer[54933] received request: GET / HTTP/1.1 and responded: HTTP/1.1 200 OK
Jun 26, 2016 5:54:13 AM okhttp3.mockwebserver.MockWebServer$3 acceptConnections
INFO: MockWebServer[54933] done accepting connections: Socket closed
Jun 26, 2016 5:54:13 AM okhttp3.mockwebserver.MockWebServer$3 execute
INFO: MockWebServer[43164] starting to accept connections
Jun 26, 2016 5:54:13 AM okhttp3.mockwebserver.MockWebServer$4 processOneRequest
INFO: MockWebServer[43164] received request: GET / HTTP/1.1 and responded: HTTP/1.1 404 Client Error
Jun 26, 2016 5:54:13 AM okhttp3.mockwebserver.MockWebServer$3 acceptConnections
INFO: MockWebServer[43164] done accepting connections: Socket closed
Jun 26, 2016 5:54:13 AM okhttp3.mockwebserver.MockWebServer$3 execute
INFO: MockWebServer[38141] starting to accept connections
Jun 26, 2016 5:54:13 AM okhttp3.mockwebserver.MockWebServer$4 processConnection
WARNING: MockWebServer[38141] connection from /127.0.0.1 didn't make a request
Jun 26, 2016 5:54:13 AM okhttp3.mockwebserver.MockWebServer$3 acceptConnections
INFO: MockWebServer[38141] done accepting connections: Socket closed
Jun 26, 2016 5:54:13 AM okhttp3.mockwebserver.MockWebServer$3 execute
INFO: MockWebServer[50610] starting to accept connections
Jun 26, 2016 5:54:13 AM okhttp3.mockwebserver.MockWebServer$4 processOneRequest
INFO: MockWebServer[50610] received request: GET / HTTP/1.1 and responded: HTTP/1.1 200 OK
Jun 26, 2016 5:54:13 AM okhttp3.mockwebserver.MockWebServer$3 acceptConnections
INFO: MockWebServer[50610] done accepting connections: Socket closed
Jun 26, 2016 5:54:13 AM okhttp3.mockwebserver.MockWebServer$3 execute
INFO: MockWebServer[43614] starting to accept connections
Jun 26, 2016 5:54:13 AM okhttp3.mockwebserver.MockWebServer$4 processOneRequest
INFO: MockWebServer[43614] received request: GET / HTTP/1.1 and responded: HTTP/1.1 404 Client Error
Jun 26, 2016 5:54:13 AM okhttp3.mockwebserver.MockWebServer$3 acceptConnections
INFO: MockWebServer[43614] done accepting connections: Socket closed
Jun 26, 2016 5:54:13 AM okhttp3.mockwebserver.MockWebServer$3 execute
INFO: MockWebServer[52664] starting to accept connections
Jun 26, 2016 5:54:13 AM okhttp3.mockwebserver.MockWebServer$4 processConnection
WARNING: MockWebServer[52664] connection from /127.0.0.1 didn't make a request
Jun 26, 2016 5:54:13 AM okhttp3.mockwebserver.MockWebServer$3 acceptConnections
INFO: MockWebServer[52664] done accepting connections: Socket closed
Tests run: 6, Failures: 0, Errors: 0, Skipped: 0, Time elapsed: 0.169 sec

Results :

Tests run: 10, Failures: 0, Errors: 0, Skipped: 0

[INFO] 
[INFO] --- animal-sniffer-maven-plugin:1.14:check (default) @ adapter-java8 ---
[INFO] Checking unresolved references to org.kaazing.mojo.signature:java18:1.0
[INFO]                                                                         
[INFO] ------------------------------------------------------------------------
[INFO] Building Adapter: RxJava 2.1.1-SNAPSHOT
[INFO] ------------------------------------------------------------------------
[INFO] 
[INFO] --- maven-enforcer-plugin:1.0:enforce (enforce-maven) @ adapter-rxjava ---
[INFO] 
[INFO] --- maven-resources-plugin:2.6:resources (default-resources) @ adapter-rxjava ---
[INFO] Using 'UTF-8' encoding to copy filtered resources.
[INFO] skip non existing resourceDirectory /home/travis/build/square/retrofit/retrofit-adapters/rxjava/src/main/resources
[INFO] 
[INFO] --- maven-compiler-plugin:3.0:compile (default-compile) @ adapter-rxjava ---
[INFO] Changes detected - recompiling the module!
[INFO] Compiling 6 source files to /home/travis/build/square/retrofit/retrofit-adapters/rxjava/target/classes
[INFO] 
[INFO] --- maven-resources-plugin:2.6:testResources (default-testResources) @ adapter-rxjava ---
[INFO] Using 'UTF-8' encoding to copy filtered resources.
[INFO] skip non existing resourceDirectory /home/travis/build/square/retrofit/retrofit-adapters/rxjava/src/test/resources
[INFO] 
[INFO] --- maven-compiler-plugin:3.0:testCompile (default-testCompile) @ adapter-rxjava ---
[INFO] Changes detected - recompiling the module!
[INFO] Compiling 9 source files to /home/travis/build/square/retrofit/retrofit-adapters/rxjava/target/test-classes
[INFO] 
[INFO] --- maven-surefire-plugin:2.12.4:test (default-test) @ adapter-rxjava ---
[INFO] Surefire report directory: /home/travis/build/square/retrofit/retrofit-adapters/rxjava/target/surefire-reports

-------------------------------------------------------
 T E S T S
-------------------------------------------------------
Running retrofit2.adapter.rxjava.ObservableSchedulerTest
Jun 26, 2016 5:54:14 AM okhttp3.mockwebserver.MockWebServer$3 execute
INFO: MockWebServer[37981] starting to accept connections
Jun 26, 2016 5:54:15 AM okhttp3.mockwebserver.MockWebServer$4 processOneRequest
INFO: MockWebServer[37981] received request: GET / HTTP/1.1 and responded: HTTP/1.1 200 OK
Jun 26, 2016 5:54:15 AM okhttp3.mockwebserver.MockWebServer$3 acceptConnections
INFO: MockWebServer[37981] done accepting connections: Socket closed
Jun 26, 2016 5:54:15 AM okhttp3.mockwebserver.MockWebServer$3 execute
INFO: MockWebServer[43297] starting to accept connections
Jun 26, 2016 5:54:15 AM okhttp3.mockwebserver.MockWebServer$3 acceptConnections
INFO: MockWebServer[43297] done accepting connections: Socket closed
Jun 26, 2016 5:54:15 AM okhttp3.mockwebserver.MockWebServer$4 processOneRequest
INFO: MockWebServer[43297] received request: GET / HTTP/1.1 and responded: HTTP/1.1 200 OK
Jun 26, 2016 5:54:15 AM okhttp3.mockwebserver.MockWebServer$3 execute
INFO: MockWebServer[35149] starting to accept connections
Jun 26, 2016 5:54:15 AM okhttp3.mockwebserver.MockWebServer$4 processOneRequest
INFO: MockWebServer[35149] received request: GET / HTTP/1.1 and responded: HTTP/1.1 200 OK
Jun 26, 2016 5:54:15 AM okhttp3.mockwebserver.MockWebServer$3 acceptConnections
INFO: MockWebServer[35149] done accepting connections: Socket closed
Tests run: 3, Failures: 0, Errors: 0, Skipped: 0, Time elapsed: 0.544 sec
Running retrofit2.adapter.rxjava.ObservableTest
Jun 26, 2016 5:54:15 AM okhttp3.mockwebserver.MockWebServer$3 execute
INFO: MockWebServer[45868] starting to accept connections
Jun 26, 2016 5:54:15 AM okhttp3.mockwebserver.MockWebServer$4 processConnection
WARNING: MockWebServer[45868] connection from /127.0.0.1 didn't make a request
Jun 26, 2016 5:54:15 AM okhttp3.mockwebserver.MockWebServer$3 acceptConnections
INFO: MockWebServer[45868] done accepting connections: Socket closed
Jun 26, 2016 5:54:15 AM okhttp3.mockwebserver.MockWebServer$3 execute
INFO: MockWebServer[53472] starting to accept connections
Jun 26, 2016 5:54:15 AM okhttp3.mockwebserver.MockWebServer$4 processOneRequest
INFO: MockWebServer[53472] received request: GET / HTTP/1.1 and responded: HTTP/1.1 200 OK
Jun 26, 2016 5:54:15 AM okhttp3.mockwebserver.MockWebServer$3 acceptConnections
INFO: MockWebServer[53472] done accepting connections: Socket closed
Jun 26, 2016 5:54:15 AM okhttp3.mockwebserver.MockWebServer$3 execute
INFO: MockWebServer[37741] starting to accept connections
Jun 26, 2016 5:54:15 AM okhttp3.mockwebserver.MockWebServer$4 processOneRequest
INFO: MockWebServer[37741] received request: GET / HTTP/1.1 and responded: HTTP/1.1 404 Client Error
Jun 26, 2016 5:54:15 AM okhttp3.mockwebserver.MockWebServer$3 acceptConnections
INFO: MockWebServer[37741] done accepting connections: Socket closed
Jun 26, 2016 5:54:15 AM okhttp3.mockwebserver.MockWebServer$3 execute
INFO: MockWebServer[39765] starting to accept connections
Jun 26, 2016 5:54:15 AM okhttp3.mockwebserver.MockWebServer$4 processOneRequest
INFO: MockWebServer[39765] received request: GET / HTTP/1.1 and responded: HTTP/1.1 200 OK
Jun 26, 2016 5:54:15 AM okhttp3.mockwebserver.MockWebServer$3 acceptConnections
INFO: MockWebServer[39765] done accepting connections: Socket closed
Jun 26, 2016 5:54:15 AM okhttp3.mockwebserver.MockWebServer$3 execute
INFO: MockWebServer[36079] starting to accept connections
Jun 26, 2016 5:54:15 AM okhttp3.mockwebserver.MockWebServer$4 processOneRequest
INFO: MockWebServer[36079] received request: GET / HTTP/1.1 and responded: HTTP/1.1 200 OK
Jun 26, 2016 5:54:15 AM okhttp3.mockwebserver.MockWebServer$3 acceptConnections
INFO: MockWebServer[36079] done accepting connections: Socket closed
Jun 26, 2016 5:54:15 AM okhttp3.mockwebserver.MockWebServer$3 execute
INFO: MockWebServer[57219] starting to accept connections
Jun 26, 2016 5:54:15 AM okhttp3.mockwebserver.MockWebServer$3 acceptConnections
INFO: MockWebServer[57219] done accepting connections: Socket closed
Jun 26, 2016 5:54:15 AM okhttp3.mockwebserver.MockWebServer$4 processConnection
WARNING: MockWebServer[57219] connection from /127.0.0.1 didn't make a request
Jun 26, 2016 5:54:15 AM okhttp3.mockwebserver.MockWebServer$3 execute
INFO: MockWebServer[43260] starting to accept connections
Jun 26, 2016 5:54:15 AM okhttp3.mockwebserver.MockWebServer$4 processOneRequest
INFO: MockWebServer[43260] received request: GET / HTTP/1.1 and responded: HTTP/1.1 200 OK
Jun 26, 2016 5:54:15 AM okhttp3.mockwebserver.MockWebServer$3 acceptConnections
INFO: MockWebServer[43260] done accepting connections: Socket closed
Jun 26, 2016 5:54:15 AM okhttp3.mockwebserver.MockWebServer$3 execute
INFO: MockWebServer[51318] starting to accept connections
Jun 26, 2016 5:54:15 AM okhttp3.mockwebserver.MockWebServer$4 processOneRequest
INFO: MockWebServer[51318] received request: GET / HTTP/1.1 and responded: HTTP/1.1 404 Client Error
Jun 26, 2016 5:54:15 AM okhttp3.mockwebserver.MockWebServer$3 acceptConnections
INFO: MockWebServer[51318] done accepting connections: Socket closed
Jun 26, 2016 5:54:15 AM okhttp3.mockwebserver.MockWebServer$3 execute
INFO: MockWebServer[41684] starting to accept connections
Jun 26, 2016 5:54:15 AM okhttp3.mockwebserver.MockWebServer$3 acceptConnections
INFO: MockWebServer[41684] done accepting connections: Socket closed
Jun 26, 2016 5:54:15 AM okhttp3.mockwebserver.MockWebServer$4 processConnection
WARNING: MockWebServer[41684] connection from /127.0.0.1 didn't make a request
Jun 26, 2016 5:54:15 AM okhttp3.mockwebserver.MockWebServer$3 execute
INFO: MockWebServer[50359] starting to accept connections
Jun 26, 2016 5:54:15 AM okhttp3.mockwebserver.MockWebServer$3 acceptConnections
INFO: MockWebServer[50359] done accepting connections: Socket closed
Jun 26, 2016 5:54:15 AM okhttp3.mockwebserver.MockWebServer$4 processOneRequest
INFO: MockWebServer[50359] received request: GET / HTTP/1.1 and responded: HTTP/1.1 200 OK
Jun 26, 2016 5:54:15 AM okhttp3.mockwebserver.MockWebServer$3 execute
INFO: MockWebServer[52745] starting to accept connections
Jun 26, 2016 5:54:15 AM okhttp3.mockwebserver.MockWebServer$3 acceptConnections
INFO: MockWebServer[52745] done accepting connections: Socket closed
Jun 26, 2016 5:54:15 AM okhttp3.mockwebserver.MockWebServer$4 processOneRequest
INFO: MockWebServer[52745] received request: GET / HTTP/1.1 and responded: HTTP/1.1 200 OK
Jun 26, 2016 5:54:15 AM okhttp3.mockwebserver.MockWebServer$3 execute
INFO: MockWebServer[45127] starting to accept connections
Jun 26, 2016 5:54:15 AM okhttp3.mockwebserver.MockWebServer$3 acceptConnections
INFO: MockWebServer[45127] done accepting connections: Socket closed
Jun 26, 2016 5:54:15 AM okhttp3.mockwebserver.MockWebServer$4 processOneRequest
INFO: MockWebServer[45127] received request: GET / HTTP/1.1 and responded: HTTP/1.1 404 Client Error
Tests run: 12, Failures: 0, Errors: 0, Skipped: 0, Time elapsed: 0.187 sec
Running retrofit2.adapter.rxjava.RxJavaCallAdapterFactoryTest
Tests run: 6, Failures: 0, Errors: 0, Skipped: 0, Time elapsed: 0.041 sec
Running retrofit2.adapter.rxjava.SingleSchedulerTest
Jun 26, 2016 5:54:15 AM okhttp3.mockwebserver.MockWebServer$3 execute
INFO: MockWebServer[41988] starting to accept connections
Jun 26, 2016 5:54:15 AM okhttp3.mockwebserver.MockWebServer$4 processOneRequest
INFO: MockWebServer[41988] received request: GET / HTTP/1.1 and responded: HTTP/1.1 200 OK
Jun 26, 2016 5:54:15 AM okhttp3.mockwebserver.MockWebServer$3 acceptConnections
INFO: MockWebServer[41988] done accepting connections: Socket closed
Jun 26, 2016 5:54:15 AM okhttp3.mockwebserver.MockWebServer$3 execute
INFO: MockWebServer[42583] starting to accept connections
Jun 26, 2016 5:54:15 AM okhttp3.mockwebserver.MockWebServer$4 processOneRequest
INFO: MockWebServer[42583] received request: GET / HTTP/1.1 and responded: HTTP/1.1 200 OK
Jun 26, 2016 5:54:15 AM okhttp3.mockwebserver.MockWebServer$3 acceptConnections
INFO: MockWebServer[42583] done accepting connections: Socket closed
Jun 26, 2016 5:54:15 AM okhttp3.mockwebserver.MockWebServer$3 execute
INFO: MockWebServer[33264] starting to accept connections
Jun 26, 2016 5:54:15 AM okhttp3.mockwebserver.MockWebServer$3 acceptConnections
INFO: MockWebServer[33264] done accepting connections: Socket closed
Jun 26, 2016 5:54:15 AM okhttp3.mockwebserver.MockWebServer$4 processOneRequest
INFO: MockWebServer[33264] received request: GET / HTTP/1.1 and responded: HTTP/1.1 200 OK
Tests run: 3, Failures: 0, Errors: 0, Skipped: 0, Time elapsed: 0.042 sec
Running retrofit2.adapter.rxjava.CompletableTest
Jun 26, 2016 5:54:15 AM okhttp3.mockwebserver.MockWebServer$3 execute
INFO: MockWebServer[57614] starting to accept connections
Jun 26, 2016 5:54:15 AM okhttp3.mockwebserver.MockWebServer$4 processOneRequest
INFO: MockWebServer[57614] received request: GET / HTTP/1.1 and responded: HTTP/1.1 200 OK
Jun 26, 2016 5:54:15 AM okhttp3.mockwebserver.MockWebServer$3 acceptConnections
INFO: MockWebServer[57614] done accepting connections: Socket closed
Jun 26, 2016 5:54:15 AM okhttp3.mockwebserver.MockWebServer$3 execute
INFO: MockWebServer[53093] starting to accept connections
Jun 26, 2016 5:54:15 AM okhttp3.mockwebserver.MockWebServer$4 processOneRequest
INFO: MockWebServer[53093] received request: GET / HTTP/1.1 and responded: HTTP/1.1 404 Client Error
Jun 26, 2016 5:54:15 AM okhttp3.mockwebserver.MockWebServer$3 acceptConnections
INFO: MockWebServer[53093] done accepting connections: Socket closed
Jun 26, 2016 5:54:15 AM okhttp3.mockwebserver.MockWebServer$3 execute
INFO: MockWebServer[44825] starting to accept connections
Jun 26, 2016 5:54:15 AM okhttp3.mockwebserver.MockWebServer$4 processConnection
WARNING: MockWebServer[44825] connection from /127.0.0.1 didn't make a request
Jun 26, 2016 5:54:15 AM okhttp3.mockwebserver.MockWebServer$3 acceptConnections
INFO: MockWebServer[44825] done accepting connections: Socket closed
Tests run: 3, Failures: 0, Errors: 0, Skipped: 0, Time elapsed: 0.05 sec
Running retrofit2.adapter.rxjava.CompletableSchedulerTest
Jun 26, 2016 5:54:15 AM okhttp3.mockwebserver.MockWebServer$3 execute
INFO: MockWebServer[36442] starting to accept connections
Jun 26, 2016 5:54:15 AM okhttp3.mockwebserver.MockWebServer$3 acceptConnections
INFO: MockWebServer[36442] done accepting connections: Socket closed
Jun 26, 2016 5:54:15 AM okhttp3.mockwebserver.MockWebServer$4 processOneRequest
INFO: MockWebServer[36442] received request: GET / HTTP/1.1 and responded: HTTP/1.1 200 OK
Tests run: 1, Failures: 0, Errors: 0, Skipped: 0, Time elapsed: 0.008 sec
Running retrofit2.adapter.rxjava.SingleTest
Jun 26, 2016 5:54:15 AM okhttp3.mockwebserver.MockWebServer$3 execute
INFO: MockWebServer[46245] starting to accept connections
Jun 26, 2016 5:54:15 AM okhttp3.mockwebserver.MockWebServer$4 processConnection
WARNING: MockWebServer[46245] connection from /127.0.0.1 didn't make a request
Jun 26, 2016 5:54:15 AM okhttp3.mockwebserver.MockWebServer$3 acceptConnections
INFO: MockWebServer[46245] done accepting connections: Socket closed
Jun 26, 2016 5:54:15 AM okhttp3.mockwebserver.MockWebServer$3 execute
INFO: MockWebServer[59741] starting to accept connections
Jun 26, 2016 5:54:15 AM okhttp3.mockwebserver.MockWebServer$4 processOneRequest
INFO: MockWebServer[59741] received request: GET / HTTP/1.1 and responded: HTTP/1.1 200 OK
Jun 26, 2016 5:54:15 AM okhttp3.mockwebserver.MockWebServer$3 acceptConnections
INFO: MockWebServer[59741] done accepting connections: Socket closed
Jun 26, 2016 5:54:15 AM okhttp3.mockwebserver.MockWebServer$3 execute
INFO: MockWebServer[43598] starting to accept connections
Jun 26, 2016 5:54:15 AM okhttp3.mockwebserver.MockWebServer$3 acceptConnections
INFO: MockWebServer[43598] done accepting connections: Socket closed
Jun 26, 2016 5:54:15 AM okhttp3.mockwebserver.MockWebServer$4 processOneRequest
INFO: MockWebServer[43598] received request: GET / HTTP/1.1 and responded: HTTP/1.1 404 Client Error
Jun 26, 2016 5:54:15 AM okhttp3.mockwebserver.MockWebServer$3 execute
INFO: MockWebServer[56327] starting to accept connections
Jun 26, 2016 5:54:15 AM okhttp3.mockwebserver.MockWebServer$4 processConnection
WARNING: MockWebServer[56327] connection from /127.0.0.1 didn't make a request
Jun 26, 2016 5:54:15 AM okhttp3.mockwebserver.MockWebServer$3 acceptConnections
INFO: MockWebServer[56327] done accepting connections: Socket closed
Jun 26, 2016 5:54:15 AM okhttp3.mockwebserver.MockWebServer$3 execute
INFO: MockWebServer[39578] starting to accept connections
Jun 26, 2016 5:54:15 AM okhttp3.mockwebserver.MockWebServer$3 acceptConnections
INFO: MockWebServer[39578] done accepting connections: Socket closed
Jun 26, 2016 5:54:15 AM okhttp3.mockwebserver.MockWebServer$4 processOneRequest
INFO: MockWebServer[39578] received request: GET / HTTP/1.1 and responded: HTTP/1.1 200 OK
Jun 26, 2016 5:54:15 AM okhttp3.mockwebserver.MockWebServer$3 execute
INFO: MockWebServer[47666] starting to accept connections
Jun 26, 2016 5:54:15 AM okhttp3.mockwebserver.MockWebServer$4 processOneRequest
INFO: MockWebServer[47666] received request: GET / HTTP/1.1 and responded: HTTP/1.1 404 Client Error
Jun 26, 2016 5:54:15 AM okhttp3.mockwebserver.MockWebServer$3 acceptConnections
INFO: MockWebServer[47666] done accepting connections: Socket closed
Jun 26, 2016 5:54:15 AM okhttp3.mockwebserver.MockWebServer$3 execute
INFO: MockWebServer[38632] starting to accept connections
Jun 26, 2016 5:54:15 AM okhttp3.mockwebserver.MockWebServer$4 processConnection
WARNING: MockWebServer[38632] connection from /127.0.0.1 didn't make a request
Jun 26, 2016 5:54:15 AM okhttp3.mockwebserver.MockWebServer$3 acceptConnections
INFO: MockWebServer[38632] done accepting connections: Socket closed
Jun 26, 2016 5:54:15 AM okhttp3.mockwebserver.MockWebServer$3 execute
INFO: MockWebServer[55394] starting to accept connections
Jun 26, 2016 5:54:15 AM okhttp3.mockwebserver.MockWebServer$3 acceptConnections
INFO: MockWebServer[55394] done accepting connections: Socket closed
Jun 26, 2016 5:54:15 AM okhttp3.mockwebserver.MockWebServer$4 processOneRequest
INFO: MockWebServer[55394] received request: GET / HTTP/1.1 and responded: HTTP/1.1 200 OK
Jun 26, 2016 5:54:15 AM okhttp3.mockwebserver.MockWebServer$3 execute
INFO: MockWebServer[50834] starting to accept connections
Jun 26, 2016 5:54:15 AM okhttp3.mockwebserver.MockWebServer$3 acceptConnections
INFO: MockWebServer[50834] done accepting connections: Socket closed
Jun 26, 2016 5:54:15 AM okhttp3.mockwebserver.MockWebServer$4 processOneRequest
INFO: MockWebServer[50834] received request: GET / HTTP/1.1 and responded: HTTP/1.1 404 Client Error
Tests run: 9, Failures: 0, Errors: 0, Skipped: 0, Time elapsed: 0.11 sec
Running retrofit2.adapter.rxjava.ResultTest
Tests run: 4, Failures: 0, Errors: 0, Skipped: 0, Time elapsed: 0.005 sec

Results :

Tests run: 41, Failures: 0, Errors: 0, Skipped: 0

[INFO] 
[INFO] --- animal-sniffer-maven-plugin:1.14:check (default) @ adapter-rxjava ---
[INFO] Checking unresolved references to org.codehaus.mojo.signature:java16:1.1
[INFO]                                                                         
[INFO] ------------------------------------------------------------------------
[INFO] Building Converters 2.1.1-SNAPSHOT
[INFO] ------------------------------------------------------------------------
[INFO] 
[INFO] --- maven-enforcer-plugin:1.0:enforce (enforce-maven) @ retrofit-converters ---
[INFO] 
[INFO] --- animal-sniffer-maven-plugin:1.14:check (default) @ retrofit-converters ---
[INFO] Checking unresolved references to org.codehaus.mojo.signature:java16:1.1
[INFO]                                                                         
[INFO] ------------------------------------------------------------------------
[INFO] Building Converter: Gson 2.1.1-SNAPSHOT
[INFO] ------------------------------------------------------------------------
[INFO] 
[INFO] --- maven-enforcer-plugin:1.0:enforce (enforce-maven) @ converter-gson ---
[INFO] 
[INFO] --- maven-resources-plugin:2.6:resources (default-resources) @ converter-gson ---
[INFO] Using 'UTF-8' encoding to copy filtered resources.
[INFO] skip non existing resourceDirectory /home/travis/build/square/retrofit/retrofit-converters/gson/src/main/resources
[INFO] 
[INFO] --- maven-compiler-plugin:3.0:compile (default-compile) @ converter-gson ---
[INFO] Changes detected - recompiling the module!
[INFO] Compiling 3 source files to /home/travis/build/square/retrofit/retrofit-converters/gson/target/classes
[INFO] 
[INFO] --- maven-resources-plugin:2.6:testResources (default-testResources) @ converter-gson ---
[INFO] Using 'UTF-8' encoding to copy filtered resources.
[INFO] skip non existing resourceDirectory /home/travis/build/square/retrofit/retrofit-converters/gson/src/test/resources
[INFO] 
[INFO] --- maven-compiler-plugin:3.0:testCompile (default-testCompile) @ converter-gson ---
[INFO] Changes detected - recompiling the module!
[INFO] Compiling 1 source file to /home/travis/build/square/retrofit/retrofit-converters/gson/target/test-classes
[INFO] 
[INFO] --- maven-surefire-plugin:2.12.4:test (default-test) @ converter-gson ---
[INFO] Surefire report directory: /home/travis/build/square/retrofit/retrofit-converters/gson/target/surefire-reports

-------------------------------------------------------
 T E S T S
-------------------------------------------------------
Running retrofit2.converter.gson.GsonConverterFactoryTest
Jun 26, 2016 5:54:16 AM okhttp3.mockwebserver.MockWebServer$3 execute
INFO: MockWebServer[53523] starting to accept connections
Jun 26, 2016 5:54:17 AM okhttp3.mockwebserver.MockWebServer$4 processOneRequest
INFO: MockWebServer[53523] received request: POST / HTTP/1.1 and responded: HTTP/1.1 200 OK
Jun 26, 2016 5:54:17 AM okhttp3.mockwebserver.MockWebServer$3 acceptConnections
INFO: MockWebServer[53523] done accepting connections: Socket closed
Jun 26, 2016 5:54:17 AM okhttp3.mockwebserver.MockWebServer$3 execute
INFO: MockWebServer[59000] starting to accept connections
Jun 26, 2016 5:54:17 AM okhttp3.mockwebserver.MockWebServer$3 acceptConnections
INFO: MockWebServer[59000] done accepting connections: Socket closed
Jun 26, 2016 5:54:17 AM okhttp3.mockwebserver.MockWebServer$4 processOneRequest
INFO: MockWebServer[59000] received request: POST / HTTP/1.1 and responded: HTTP/1.1 200 OK
Jun 26, 2016 5:54:17 AM okhttp3.mockwebserver.MockWebServer$3 execute
INFO: MockWebServer[47573] starting to accept connections
Jun 26, 2016 5:54:17 AM okhttp3.mockwebserver.MockWebServer$4 processOneRequest
INFO: MockWebServer[47573] received request: POST / HTTP/1.1 and responded: HTTP/1.1 200 OK
Jun 26, 2016 5:54:17 AM okhttp3.mockwebserver.MockWebServer$3 acceptConnections
INFO: MockWebServer[47573] done accepting connections: Socket closed
Jun 26, 2016 5:54:17 AM okhttp3.mockwebserver.MockWebServer$3 execute
INFO: MockWebServer[51800] starting to accept connections
Jun 26, 2016 5:54:17 AM okhttp3.mockwebserver.MockWebServer$4 processOneRequest
INFO: MockWebServer[51800] received request: POST / HTTP/1.1 and responded: HTTP/1.1 200 OK
Jun 26, 2016 5:54:17 AM okhttp3.mockwebserver.MockWebServer$3 acceptConnections
INFO: MockWebServer[51800] done accepting connections: Socket closed
Tests run: 4, Failures: 0, Errors: 0, Skipped: 0, Time elapsed: 0.627 sec

Results :

Tests run: 4, Failures: 0, Errors: 0, Skipped: 0

[INFO] 
[INFO] --- animal-sniffer-maven-plugin:1.14:check (default) @ converter-gson ---
[INFO] Checking unresolved references to org.codehaus.mojo.signature:java16:1.1
[INFO]                                                                         
[INFO] ------------------------------------------------------------------------
[INFO] Building Converter: Protocol Buffers 2.1.1-SNAPSHOT
[INFO] ------------------------------------------------------------------------
[INFO] 
[INFO] --- maven-enforcer-plugin:1.0:enforce (enforce-maven) @ converter-protobuf ---
[INFO] 
[INFO] --- maven-resources-plugin:2.6:resources (default-resources) @ converter-protobuf ---
[INFO] Using 'UTF-8' encoding to copy filtered resources.
[INFO] skip non existing resourceDirectory /home/travis/build/square/retrofit/retrofit-converters/protobuf/src/main/resources
[INFO] 
[INFO] --- maven-compiler-plugin:3.0:compile (default-compile) @ converter-protobuf ---
[INFO] Changes detected - recompiling the module!
[INFO] Compiling 3 source files to /home/travis/build/square/retrofit/retrofit-converters/protobuf/target/classes
[WARNING] /home/travis/build/square/retrofit/retrofit-converters/protobuf/src/main/java/retrofit2/converter/protobuf/ProtoConverterFactory.java: /home/travis/build/square/retrofit/retrofit-converters/protobuf/src/main/java/retrofit2/converter/protobuf/ProtoConverterFactory.java uses unchecked or unsafe operations.
[WARNING] /home/travis/build/square/retrofit/retrofit-converters/protobuf/src/main/java/retrofit2/converter/protobuf/ProtoConverterFactory.java: Recompile with -Xlint:unchecked for details.
[INFO] 
[INFO] --- maven-resources-plugin:2.6:testResources (default-testResources) @ converter-protobuf ---
[INFO] Using 'UTF-8' encoding to copy filtered resources.
[INFO] skip non existing resourceDirectory /home/travis/build/square/retrofit/retrofit-converters/protobuf/src/test/resources
[INFO] 
[INFO] --- maven-compiler-plugin:3.0:testCompile (default-testCompile) @ converter-protobuf ---
[INFO] Changes detected - recompiling the module!
[INFO] Compiling 2 source files to /home/travis/build/square/retrofit/retrofit-converters/protobuf/target/test-classes
[INFO] 
[INFO] --- maven-surefire-plugin:2.12.4:test (default-test) @ converter-protobuf ---
[INFO] Surefire report directory: /home/travis/build/square/retrofit/retrofit-converters/protobuf/target/surefire-reports

-------------------------------------------------------
 T E S T S
-------------------------------------------------------
Running retrofit2.converter.protobuf.ProtoConverterFactoryTest
Jun 26, 2016 5:54:18 AM okhttp3.mockwebserver.MockWebServer$3 execute
INFO: MockWebServer[37285] starting to accept connections
Jun 26, 2016 5:54:18 AM okhttp3.mockwebserver.MockWebServer$4 processOneRequest
INFO: MockWebServer[37285] received request: POST / HTTP/1.1 and responded: HTTP/1.1 200 OK
Jun 26, 2016 5:54:18 AM okhttp3.mockwebserver.MockWebServer$3 acceptConnections
INFO: MockWebServer[37285] done accepting connections: Socket closed
Jun 26, 2016 5:54:18 AM okhttp3.mockwebserver.MockWebServer$3 execute
INFO: MockWebServer[46804] starting to accept connections
Jun 26, 2016 5:54:18 AM okhttp3.mockwebserver.MockWebServer$3 acceptConnections
INFO: MockWebServer[46804] done accepting connections: Socket is closed
Jun 26, 2016 5:54:18 AM okhttp3.mockwebserver.MockWebServer$3 execute
INFO: MockWebServer[34418] starting to accept connections
Jun 26, 2016 5:54:18 AM okhttp3.mockwebserver.MockWebServer$4 processOneRequest
INFO: MockWebServer[34418] received request: GET / HTTP/1.1 and responded: HTTP/1.1 200 OK
Jun 26, 2016 5:54:18 AM okhttp3.mockwebserver.MockWebServer$3 acceptConnections
INFO: MockWebServer[34418] done accepting connections: Socket closed
Jun 26, 2016 5:54:18 AM okhttp3.mockwebserver.MockWebServer$3 execute
INFO: MockWebServer[46696] starting to accept connections
Jun 26, 2016 5:54:18 AM okhttp3.mockwebserver.MockWebServer$3 acceptConnections
INFO: MockWebServer[46696] done accepting connections: Socket closed
Jun 26, 2016 5:54:18 AM okhttp3.mockwebserver.MockWebServer$4 processOneRequest
INFO: MockWebServer[46696] received request: GET / HTTP/1.1 and responded: HTTP/1.1 200 OK
Jun 26, 2016 5:54:18 AM okhttp3.mockwebserver.MockWebServer$3 execute
INFO: MockWebServer[52977] starting to accept connections
Jun 26, 2016 5:54:18 AM okhttp3.mockwebserver.MockWebServer$3 acceptConnections
INFO: MockWebServer[52977] done accepting connections: Socket closed
Jun 26, 2016 5:54:18 AM okhttp3.mockwebserver.MockWebServer$3 execute
INFO: MockWebServer[50827] starting to accept connections
Jun 26, 2016 5:54:18 AM okhttp3.mockwebserver.MockWebServer$3 acceptConnections
INFO: MockWebServer[50827] done accepting connections: Socket closed
Jun 26, 2016 5:54:18 AM okhttp3.mockwebserver.MockWebServer$4 processOneRequest
INFO: MockWebServer[50827] received request: GET / HTTP/1.1 and responded: HTTP/1.1 200 OK
Tests run: 6, Failures: 0, Errors: 0, Skipped: 0, Time elapsed: 0.658 sec

Results :

Tests run: 6, Failures: 0, Errors: 0, Skipped: 0

[INFO] 
[INFO] --- animal-sniffer-maven-plugin:1.14:check (default) @ converter-protobuf ---
[INFO] Checking unresolved references to org.codehaus.mojo.signature:java16:1.1
[INFO]                                                                         
[INFO] ------------------------------------------------------------------------
[INFO] Building Converter: Jackson 2.1.1-SNAPSHOT
[INFO] ------------------------------------------------------------------------
[INFO] 
[INFO] --- maven-enforcer-plugin:1.0:enforce (enforce-maven) @ converter-jackson ---
[INFO] 
[INFO] --- maven-resources-plugin:2.6:resources (default-resources) @ converter-jackson ---
[INFO] Using 'UTF-8' encoding to copy filtered resources.
[INFO] skip non existing resourceDirectory /home/travis/build/square/retrofit/retrofit-converters/jackson/src/main/resources
[INFO] 
[INFO] --- maven-compiler-plugin:3.0:compile (default-compile) @ converter-jackson ---
[INFO] Changes detected - recompiling the module!
[INFO] Compiling 3 source files to /home/travis/build/square/retrofit/retrofit-converters/jackson/target/classes
[WARNING] /home/travis/build/square/retrofit/retrofit-converters/jackson/src/main/java/retrofit2/converter/jackson/JacksonConverterFactory.java: /home/travis/build/square/retrofit/retrofit-converters/jackson/src/main/java/retrofit2/converter/jackson/JacksonConverterFactory.java uses or overrides a deprecated API.
[WARNING] /home/travis/build/square/retrofit/retrofit-converters/jackson/src/main/java/retrofit2/converter/jackson/JacksonConverterFactory.java: Recompile with -Xlint:deprecation for details.
[INFO] 
[INFO] --- maven-resources-plugin:2.6:testResources (default-testResources) @ converter-jackson ---
[INFO] Using 'UTF-8' encoding to copy filtered resources.
[INFO] skip non existing resourceDirectory /home/travis/build/square/retrofit/retrofit-converters/jackson/src/test/resources
[INFO] 
[INFO] --- maven-compiler-plugin:3.0:testCompile (default-testCompile) @ converter-jackson ---
[INFO] Changes detected - recompiling the module!
[INFO] Compiling 1 source file to /home/travis/build/square/retrofit/retrofit-converters/jackson/target/test-classes
[WARNING] /home/travis/build/square/retrofit/retrofit-converters/jackson/src/test/java/retrofit2/converter/jackson/JacksonConverterFactoryTest.java: /home/travis/build/square/retrofit/retrofit-converters/jackson/src/test/java/retrofit2/converter/jackson/JacksonConverterFactoryTest.java uses or overrides a deprecated API.
[WARNING] /home/travis/build/square/retrofit/retrofit-converters/jackson/src/test/java/retrofit2/converter/jackson/JacksonConverterFactoryTest.java: Recompile with -Xlint:deprecation for details.
[INFO] 
[INFO] --- maven-surefire-plugin:2.12.4:test (default-test) @ converter-jackson ---
[INFO] Surefire report directory: /home/travis/build/square/retrofit/retrofit-converters/jackson/target/surefire-reports

-------------------------------------------------------
 T E S T S
-------------------------------------------------------
Running retrofit2.converter.jackson.JacksonConverterFactoryTest
Jun 26, 2016 5:54:19 AM okhttp3.mockwebserver.MockWebServer$3 execute
INFO: MockWebServer[46766] starting to accept connections
Jun 26, 2016 5:54:19 AM okhttp3.mockwebserver.MockWebServer$4 processOneRequest
INFO: MockWebServer[46766] received request: POST / HTTP/1.1 and responded: HTTP/1.1 200 OK
Jun 26, 2016 5:54:19 AM okhttp3.mockwebserver.MockWebServer$3 acceptConnections
INFO: MockWebServer[46766] done accepting connections: Socket closed
Jun 26, 2016 5:54:19 AM okhttp3.mockwebserver.MockWebServer$3 execute
INFO: MockWebServer[38859] starting to accept connections
Jun 26, 2016 5:54:19 AM okhttp3.mockwebserver.MockWebServer$4 processOneRequest
INFO: MockWebServer[38859] received request: POST / HTTP/1.1 and responded: HTTP/1.1 200 OK
Jun 26, 2016 5:54:19 AM okhttp3.mockwebserver.MockWebServer$3 acceptConnections
INFO: MockWebServer[38859] done accepting connections: Socket closed
Tests run: 2, Failures: 0, Errors: 0, Skipped: 0, Time elapsed: 0.72 sec

Results :

Tests run: 2, Failures: 0, Errors: 0, Skipped: 0

[INFO] 
[INFO] --- animal-sniffer-maven-plugin:1.14:check (default) @ converter-jackson ---
[INFO] Checking unresolved references to org.codehaus.mojo.signature:java16:1.1
[INFO]                                                                         
[INFO] ------------------------------------------------------------------------
[INFO] Building Converter: Wire Protocol Buffers 2.1.1-SNAPSHOT
[INFO] ------------------------------------------------------------------------
[INFO] 
[INFO] --- maven-enforcer-plugin:1.0:enforce (enforce-maven) @ converter-wire ---
[INFO] 
[INFO] --- maven-resources-plugin:2.6:resources (default-resources) @ converter-wire ---
[INFO] Using 'UTF-8' encoding to copy filtered resources.
[INFO] skip non existing resourceDirectory /home/travis/build/square/retrofit/retrofit-converters/wire/src/main/resources
[INFO] 
[INFO] --- maven-compiler-plugin:3.0:compile (default-compile) @ converter-wire ---
[INFO] Changes detected - recompiling the module!
[INFO] Compiling 3 source files to /home/travis/build/square/retrofit/retrofit-converters/wire/target/classes
[WARNING] /home/travis/build/square/retrofit/retrofit-converters/wire/src/main/java/retrofit2/converter/wire/WireConverterFactory.java: /home/travis/build/square/retrofit/retrofit-converters/wire/src/main/java/retrofit2/converter/wire/WireConverterFactory.java uses unchecked or unsafe operations.
[WARNING] /home/travis/build/square/retrofit/retrofit-converters/wire/src/main/java/retrofit2/converter/wire/WireConverterFactory.java: Recompile with -Xlint:unchecked for details.
[INFO] 
[INFO] --- maven-resources-plugin:2.6:testResources (default-testResources) @ converter-wire ---
[INFO] Using 'UTF-8' encoding to copy filtered resources.
[INFO] skip non existing resourceDirectory /home/travis/build/square/retrofit/retrofit-converters/wire/src/test/resources
[INFO] 
[INFO] --- maven-compiler-plugin:3.0:testCompile (default-testCompile) @ converter-wire ---
[INFO] Changes detected - recompiling the module!
[INFO] Compiling 2 source files to /home/travis/build/square/retrofit/retrofit-converters/wire/target/test-classes
[INFO] 
[INFO] --- maven-surefire-plugin:2.12.4:test (default-test) @ converter-wire ---
[INFO] Surefire report directory: /home/travis/build/square/retrofit/retrofit-converters/wire/target/surefire-reports

-------------------------------------------------------
 T E S T S
-------------------------------------------------------
Running retrofit2.converter.wire.WireConverterFactoryTest
Jun 26, 2016 5:54:20 AM okhttp3.mockwebserver.MockWebServer$3 execute
INFO: MockWebServer[53972] starting to accept connections
Jun 26, 2016 5:54:21 AM okhttp3.mockwebserver.MockWebServer$4 processOneRequest
INFO: MockWebServer[53972] received request: POST / HTTP/1.1 and responded: HTTP/1.1 200 OK
Jun 26, 2016 5:54:21 AM okhttp3.mockwebserver.MockWebServer$3 acceptConnections
INFO: MockWebServer[53972] done accepting connections: Socket closed
Jun 26, 2016 5:54:21 AM okhttp3.mockwebserver.MockWebServer$3 execute
INFO: MockWebServer[44307] starting to accept connections
Jun 26, 2016 5:54:21 AM okhttp3.mockwebserver.MockWebServer$3 acceptConnections
INFO: MockWebServer[44307] done accepting connections: Socket is closed
Jun 26, 2016 5:54:21 AM okhttp3.mockwebserver.MockWebServer$3 execute
INFO: MockWebServer[40621] starting to accept connections
Jun 26, 2016 5:54:21 AM okhttp3.mockwebserver.MockWebServer$4 processOneRequest
INFO: MockWebServer[40621] received request: GET / HTTP/1.1 and responded: HTTP/1.1 200 OK
Jun 26, 2016 5:54:21 AM okhttp3.mockwebserver.MockWebServer$3 acceptConnections
INFO: MockWebServer[40621] done accepting connections: Socket closed
Jun 26, 2016 5:54:21 AM okhttp3.mockwebserver.MockWebServer$3 execute
INFO: MockWebServer[45827] starting to accept connections
Jun 26, 2016 5:54:21 AM okhttp3.mockwebserver.MockWebServer$3 acceptConnections
INFO: MockWebServer[45827] done accepting connections: Socket closed
Jun 26, 2016 5:54:21 AM okhttp3.mockwebserver.MockWebServer$3 execute
INFO: MockWebServer[46845] starting to accept connections
Jun 26, 2016 5:54:21 AM okhttp3.mockwebserver.MockWebServer$3 acceptConnections
INFO: MockWebServer[46845] done accepting connections: Socket closed
Jun 26, 2016 5:54:21 AM okhttp3.mockwebserver.MockWebServer$4 processOneRequest
INFO: MockWebServer[46845] received request: GET / HTTP/1.1 and responded: HTTP/1.1 200 OK
Tests run: 5, Failures: 0, Errors: 0, Skipped: 0, Time elapsed: 0.54 sec

Results :

Tests run: 5, Failures: 0, Errors: 0, Skipped: 0

[INFO] 
[INFO] --- animal-sniffer-maven-plugin:1.14:check (default) @ converter-wire ---
[INFO] Checking unresolved references to org.codehaus.mojo.signature:java16:1.1
[INFO]                                                                         
[INFO] ------------------------------------------------------------------------
[INFO] Building Converter: SimpleXML 2.1.1-SNAPSHOT
[INFO] ------------------------------------------------------------------------
[INFO] 
[INFO] --- maven-enforcer-plugin:1.0:enforce (enforce-maven) @ converter-simplexml ---
[INFO] 
[INFO] --- maven-resources-plugin:2.6:resources (default-resources) @ converter-simplexml ---
[INFO] Using 'UTF-8' encoding to copy filtered resources.
[INFO] skip non existing resourceDirectory /home/travis/build/square/retrofit/retrofit-converters/simplexml/src/main/resources
[INFO] 
[INFO] --- maven-compiler-plugin:3.0:compile (default-compile) @ converter-simplexml ---
[INFO] Changes detected - recompiling the module!
[INFO] Compiling 3 source files to /home/travis/build/square/retrofit/retrofit-converters/simplexml/target/classes
[INFO] 
[INFO] --- maven-resources-plugin:2.6:testResources (default-testResources) @ converter-simplexml ---
[INFO] Using 'UTF-8' encoding to copy filtered resources.
[INFO] skip non existing resourceDirectory /home/travis/build/square/retrofit/retrofit-converters/simplexml/src/test/resources
[INFO] 
[INFO] --- maven-compiler-plugin:3.0:testCompile (default-testCompile) @ converter-simplexml ---
[INFO] Changes detected - recompiling the module!
[INFO] Compiling 2 source files to /home/travis/build/square/retrofit/retrofit-converters/simplexml/target/test-classes
[INFO] 
[INFO] --- maven-surefire-plugin:2.12.4:test (default-test) @ converter-simplexml ---
[INFO] Surefire report directory: /home/travis/build/square/retrofit/retrofit-converters/simplexml/target/surefire-reports

-------------------------------------------------------
 T E S T S
-------------------------------------------------------
Running retrofit2.converter.simplexml.SimpleXmlConverterFactoryTest
Jun 26, 2016 5:54:22 AM okhttp3.mockwebserver.MockWebServer$3 execute
INFO: MockWebServer[45458] starting to accept connections
Jun 26, 2016 5:54:22 AM okhttp3.mockwebserver.MockWebServer$4 processOneRequest
INFO: MockWebServer[45458] received request: GET / HTTP/1.1 and responded: HTTP/1.1 200 OK
Jun 26, 2016 5:54:22 AM okhttp3.mockwebserver.MockWebServer$3 acceptConnections
INFO: MockWebServer[45458] done accepting connections: Socket closed
Jun 26, 2016 5:54:22 AM okhttp3.mockwebserver.MockWebServer$3 execute
INFO: MockWebServer[44131] starting to accept connections
Jun 26, 2016 5:54:22 AM okhttp3.mockwebserver.MockWebServer$4 processOneRequest
INFO: MockWebServer[44131] received request: GET / HTTP/1.1 and responded: HTTP/1.1 200 OK
Jun 26, 2016 5:54:22 AM okhttp3.mockwebserver.MockWebServer$3 acceptConnections
INFO: MockWebServer[44131] done accepting connections: Socket closed
Jun 26, 2016 5:54:22 AM okhttp3.mockwebserver.MockWebServer$3 execute
INFO: MockWebServer[42706] starting to accept connections
Jun 26, 2016 5:54:22 AM okhttp3.mockwebserver.MockWebServer$3 acceptConnections
INFO: MockWebServer[42706] done accepting connections: Socket closed
Jun 26, 2016 5:54:22 AM okhttp3.mockwebserver.MockWebServer$4 processOneRequest
INFO: MockWebServer[42706] received request: GET / HTTP/1.1 and responded: HTTP/1.1 200 OK
Jun 26, 2016 5:54:22 AM okhttp3.mockwebserver.MockWebServer$3 execute
INFO: MockWebServer[59488] starting to accept connections
Jun 26, 2016 5:54:22 AM okhttp3.mockwebserver.MockWebServer$3 acceptConnections
INFO: MockWebServer[59488] done accepting connections: Socket closed
Jun 26, 2016 5:54:22 AM okhttp3.mockwebserver.MockWebServer$4 processOneRequest
INFO: MockWebServer[59488] received request: POST / HTTP/1.1 and responded: HTTP/1.1 200 OK
Tests run: 4, Failures: 0, Errors: 0, Skipped: 0, Time elapsed: 0.932 sec

Results :

Tests run: 4, Failures: 0, Errors: 0, Skipped: 0

[INFO] 
[INFO] --- animal-sniffer-maven-plugin:1.14:check (default) @ converter-simplexml ---
[INFO] Checking unresolved references to org.codehaus.mojo.signature:java16:1.1
[INFO]                                                                         
[INFO] ------------------------------------------------------------------------
[INFO] Building Converter: Java Scalars 2.1.1-SNAPSHOT
[INFO] ------------------------------------------------------------------------
[INFO] 
[INFO] --- maven-enforcer-plugin:1.0:enforce (enforce-maven) @ converter-scalars ---
[INFO] 
[INFO] --- maven-resources-plugin:2.6:resources (default-resources) @ converter-scalars ---
[INFO] Using 'UTF-8' encoding to copy filtered resources.
[INFO] skip non existing resourceDirectory /home/travis/build/square/retrofit/retrofit-converters/scalars/src/main/resources
[INFO] 
[INFO] --- maven-compiler-plugin:3.0:compile (default-compile) @ converter-scalars ---
[INFO] Changes detected - recompiling the module!
[INFO] Compiling 3 source files to /home/travis/build/square/retrofit/retrofit-converters/scalars/target/classes
[INFO] 
[INFO] --- maven-resources-plugin:2.6:testResources (default-testResources) @ converter-scalars ---
[INFO] Using 'UTF-8' encoding to copy filtered resources.
[INFO] skip non existing resourceDirectory /home/travis/build/square/retrofit/retrofit-converters/scalars/src/test/resources
[INFO] 
[INFO] --- maven-compiler-plugin:3.0:testCompile (default-testCompile) @ converter-scalars ---
[INFO] Changes detected - recompiling the module!
[INFO] Compiling 2 source files to /home/travis/build/square/retrofit/retrofit-converters/scalars/target/test-classes
[INFO] 
[INFO] --- maven-surefire-plugin:2.12.4:test (default-test) @ converter-scalars ---
[INFO] Surefire report directory: /home/travis/build/square/retrofit/retrofit-converters/scalars/target/surefire-reports

-------------------------------------------------------
 T E S T S
-------------------------------------------------------
Running retrofit2.converter.scalars.ScalarsConverterFactoryTest
Jun 26, 2016 5:54:23 AM okhttp3.mockwebserver.MockWebServer$3 execute
INFO: MockWebServer[56496] starting to accept connections
Jun 26, 2016 5:54:24 AM okhttp3.mockwebserver.MockWebServer$3 acceptConnections
INFO: MockWebServer[56496] done accepting connections: Socket closed
Jun 26, 2016 5:54:24 AM okhttp3.mockwebserver.MockWebServer$3 execute
INFO: MockWebServer[35346] starting to accept connections
Jun 26, 2016 5:54:24 AM okhttp3.mockwebserver.MockWebServer$4 processOneRequest
INFO: MockWebServer[35346] received request: GET / HTTP/1.1 and responded: HTTP/1.1 200 OK
Jun 26, 2016 5:54:24 AM okhttp3.mockwebserver.MockWebServer$4 processOneRequest
INFO: MockWebServer[35346] received request: GET / HTTP/1.1 and responded: HTTP/1.1 200 OK
Jun 26, 2016 5:54:24 AM okhttp3.mockwebserver.MockWebServer$4 processOneRequest
INFO: MockWebServer[35346] received request: GET / HTTP/1.1 and responded: HTTP/1.1 200 OK
Jun 26, 2016 5:54:24 AM okhttp3.mockwebserver.MockWebServer$4 processOneRequest
INFO: MockWebServer[35346] received request: GET / HTTP/1.1 and responded: HTTP/1.1 200 OK
Jun 26, 2016 5:54:24 AM okhttp3.mockwebserver.MockWebServer$4 processOneRequest
INFO: MockWebServer[35346] received request: GET / HTTP/1.1 and responded: HTTP/1.1 200 OK
Jun 26, 2016 5:54:24 AM okhttp3.mockwebserver.MockWebServer$4 processOneRequest
INFO: MockWebServer[35346] received request: GET / HTTP/1.1 and responded: HTTP/1.1 200 OK
Jun 26, 2016 5:54:24 AM okhttp3.mockwebserver.MockWebServer$4 processOneRequest
INFO: MockWebServer[35346] received request: GET / HTTP/1.1 and responded: HTTP/1.1 200 OK
Jun 26, 2016 5:54:24 AM okhttp3.mockwebserver.MockWebServer$4 processOneRequest
INFO: MockWebServer[35346] received request: GET / HTTP/1.1 and responded: HTTP/1.1 200 OK
Jun 26, 2016 5:54:24 AM okhttp3.mockwebserver.MockWebServer$4 processOneRequest
INFO: MockWebServer[35346] received request: GET / HTTP/1.1 and responded: HTTP/1.1 200 OK
Jun 26, 2016 5:54:24 AM okhttp3.mockwebserver.MockWebServer$4 processOneRequest
INFO: MockWebServer[35346] received request: GET / HTTP/1.1 and responded: HTTP/1.1 200 OK
Jun 26, 2016 5:54:24 AM okhttp3.mockwebserver.MockWebServer$4 processOneRequest
INFO: MockWebServer[35346] received request: GET / HTTP/1.1 and responded: HTTP/1.1 200 OK
Jun 26, 2016 5:54:24 AM okhttp3.mockwebserver.MockWebServer$3 acceptConnections
INFO: MockWebServer[35346] done accepting connections: Socket closed
Jun 26, 2016 5:54:24 AM okhttp3.mockwebserver.MockWebServer$3 execute
INFO: MockWebServer[42848] starting to accept connections
Jun 26, 2016 5:54:24 AM okhttp3.mockwebserver.MockWebServer$4 processOneRequest
INFO: MockWebServer[42848] received request: POST / HTTP/1.1 and responded: HTTP/1.1 200 OK
Jun 26, 2016 5:54:24 AM okhttp3.mockwebserver.MockWebServer$4 processOneRequest
INFO: MockWebServer[42848] received request: POST / HTTP/1.1 and responded: HTTP/1.1 200 OK
Jun 26, 2016 5:54:24 AM okhttp3.mockwebserver.MockWebServer$4 processOneRequest
INFO: MockWebServer[42848] received request: POST / HTTP/1.1 and responded: HTTP/1.1 200 OK
Jun 26, 2016 5:54:24 AM okhttp3.mockwebserver.MockWebServer$4 processOneRequest
INFO: MockWebServer[42848] received request: POST / HTTP/1.1 and responded: HTTP/1.1 200 OK
Jun 26, 2016 5:54:24 AM okhttp3.mockwebserver.MockWebServer$4 processOneRequest
INFO: MockWebServer[42848] received request: POST / HTTP/1.1 and responded: HTTP/1.1 200 OK
Jun 26, 2016 5:54:24 AM okhttp3.mockwebserver.MockWebServer$4 processOneRequest
INFO: MockWebServer[42848] received request: POST / HTTP/1.1 and responded: HTTP/1.1 200 OK
Jun 26, 2016 5:54:24 AM okhttp3.mockwebserver.MockWebServer$4 processOneRequest
INFO: MockWebServer[42848] received request: POST / HTTP/1.1 and responded: HTTP/1.1 200 OK
Jun 26, 2016 5:54:24 AM okhttp3.mockwebserver.MockWebServer$4 processOneRequest
INFO: MockWebServer[42848] received request: POST / HTTP/1.1 and responded: HTTP/1.1 200 OK
Jun 26, 2016 5:54:24 AM okhttp3.mockwebserver.MockWebServer$4 processOneRequest
INFO: MockWebServer[42848] received request: POST / HTTP/1.1 and responded: HTTP/1.1 200 OK
Jun 26, 2016 5:54:24 AM okhttp3.mockwebserver.MockWebServer$4 processOneRequest
INFO: MockWebServer[42848] received request: POST / HTTP/1.1 and responded: HTTP/1.1 200 OK
Jun 26, 2016 5:54:24 AM okhttp3.mockwebserver.MockWebServer$4 processOneRequest
INFO: MockWebServer[42848] received request: POST / HTTP/1.1 and responded: HTTP/1.1 200 OK
Jun 26, 2016 5:54:24 AM okhttp3.mockwebserver.MockWebServer$4 processOneRequest
INFO: MockWebServer[42848] received request: POST / HTTP/1.1 and responded: HTTP/1.1 200 OK
Jun 26, 2016 5:54:24 AM okhttp3.mockwebserver.MockWebServer$4 processOneRequest
INFO: MockWebServer[42848] received request: POST / HTTP/1.1 and responded: HTTP/1.1 200 OK
Jun 26, 2016 5:54:24 AM okhttp3.mockwebserver.MockWebServer$4 processOneRequest
INFO: MockWebServer[42848] received request: POST / HTTP/1.1 and responded: HTTP/1.1 200 OK
Jun 26, 2016 5:54:24 AM okhttp3.mockwebserver.MockWebServer$4 processOneRequest
INFO: MockWebServer[42848] received request: POST / HTTP/1.1 and responded: HTTP/1.1 200 OK
Jun 26, 2016 5:54:24 AM okhttp3.mockwebserver.MockWebServer$4 processOneRequest
INFO: MockWebServer[42848] received request: POST / HTTP/1.1 and responded: HTTP/1.1 200 OK
Jun 26, 2016 5:54:24 AM okhttp3.mockwebserver.MockWebServer$4 processOneRequest
INFO: MockWebServer[42848] received request: POST / HTTP/1.1 and responded: HTTP/1.1 200 OK
Jun 26, 2016 5:54:24 AM okhttp3.mockwebserver.MockWebServer$3 acceptConnections
INFO: MockWebServer[42848] done accepting connections: Socket closed
Jun 26, 2016 5:54:24 AM okhttp3.mockwebserver.MockWebServer$3 execute
INFO: MockWebServer[56666] starting to accept connections
Jun 26, 2016 5:54:24 AM okhttp3.mockwebserver.MockWebServer$3 acceptConnections
INFO: MockWebServer[56666] done accepting connections: Socket is closed
Tests run: 4, Failures: 0, Errors: 0, Skipped: 0, Time elapsed: 1.199 sec
Running retrofit2.converter.scalars.ScalarsConverterPrimitivesFactoryTest
Jun 26, 2016 5:54:24 AM okhttp3.mockwebserver.MockWebServer$3 execute
INFO: MockWebServer[59664] starting to accept connections
Jun 26, 2016 5:54:24 AM okhttp3.mockwebserver.MockWebServer$4 processOneRequest
INFO: MockWebServer[59664] received request: GET / HTTP/1.1 and responded: HTTP/1.1 200 OK
Jun 26, 2016 5:54:25 AM okhttp3.mockwebserver.MockWebServer$4 processOneRequest
INFO: MockWebServer[59664] received request: GET / HTTP/1.1 and responded: HTTP/1.1 200 OK
Jun 26, 2016 5:54:25 AM okhttp3.mockwebserver.MockWebServer$4 processOneRequest
INFO: MockWebServer[59664] received request: GET / HTTP/1.1 and responded: HTTP/1.1 200 OK
Jun 26, 2016 5:54:25 AM okhttp3.mockwebserver.MockWebServer$4 processOneRequest
INFO: MockWebServer[59664] received request: GET / HTTP/1.1 and responded: HTTP/1.1 200 OK
Jun 26, 2016 5:54:25 AM okhttp3.mockwebserver.MockWebServer$4 processOneRequest
INFO: MockWebServer[59664] received request: GET / HTTP/1.1 and responded: HTTP/1.1 200 OK
Jun 26, 2016 5:54:25 AM okhttp3.mockwebserver.MockWebServer$4 processOneRequest
INFO: MockWebServer[59664] received request: GET / HTTP/1.1 and responded: HTTP/1.1 200 OK
Jun 26, 2016 5:54:25 AM okhttp3.mockwebserver.MockWebServer$4 processOneRequest
INFO: MockWebServer[59664] received request: GET / HTTP/1.1 and responded: HTTP/1.1 200 OK
Jun 26, 2016 5:54:25 AM okhttp3.mockwebserver.MockWebServer$4 processOneRequest
INFO: MockWebServer[59664] received request: GET / HTTP/1.1 and responded: HTTP/1.1 200 OK
Jun 26, 2016 5:54:25 AM okhttp3.mockwebserver.MockWebServer$4 processOneRequest
INFO: MockWebServer[59664] received request: GET / HTTP/1.1 and responded: HTTP/1.1 200 OK
Jun 26, 2016 5:54:25 AM okhttp3.mockwebserver.MockWebServer$4 processOneRequest
INFO: MockWebServer[59664] received request: GET / HTTP/1.1 and responded: HTTP/1.1 200 OK
Jun 26, 2016 5:54:25 AM okhttp3.mockwebserver.MockWebServer$3 acceptConnections
INFO: MockWebServer[59664] done accepting connections: Socket closed
Tests run: 1, Failures: 0, Errors: 0, Skipped: 0, Time elapsed: 0.338 sec

Results :

Tests run: 5, Failures: 0, Errors: 0, Skipped: 0

[INFO] 
[INFO] --- animal-sniffer-maven-plugin:1.14:check (default) @ converter-scalars ---
[INFO] Checking unresolved references to org.codehaus.mojo.signature:java16:1.1
[INFO]                                                                         
[INFO] ------------------------------------------------------------------------
[INFO] Building Converter: Moshi 2.1.1-SNAPSHOT
[INFO] ------------------------------------------------------------------------
[INFO] 
[INFO] --- maven-enforcer-plugin:1.0:enforce (enforce-maven) @ converter-moshi ---
[INFO] 
[INFO] --- maven-resources-plugin:2.6:resources (default-resources) @ converter-moshi ---
[INFO] Using 'UTF-8' encoding to copy filtered resources.
[INFO] skip non existing resourceDirectory /home/travis/build/square/retrofit/retrofit-converters/moshi/src/main/resources
[INFO] 
[INFO] --- maven-compiler-plugin:3.0:compile (default-compile) @ converter-moshi ---
[INFO] Changes detected - recompiling the module!
[INFO] Compiling 3 source files to /home/travis/build/square/retrofit/retrofit-converters/moshi/target/classes
[INFO] 
[INFO] --- maven-resources-plugin:2.6:testResources (default-testResources) @ converter-moshi ---
[INFO] Using 'UTF-8' encoding to copy filtered resources.
[INFO] skip non existing resourceDirectory /home/travis/build/square/retrofit/retrofit-converters/moshi/src/test/resources
[INFO] 
[INFO] --- maven-compiler-plugin:3.0:testCompile (default-testCompile) @ converter-moshi ---
[INFO] Changes detected - recompiling the module!
[INFO] Compiling 1 source file to /home/travis/build/square/retrofit/retrofit-converters/moshi/target/test-classes
[INFO] 
[INFO] --- maven-surefire-plugin:2.12.4:test (default-test) @ converter-moshi ---
[INFO] Surefire report directory: /home/travis/build/square/retrofit/retrofit-converters/moshi/target/surefire-reports

-------------------------------------------------------
 T E S T S
-------------------------------------------------------
Running retrofit2.converter.moshi.MoshiConverterFactoryTest
Jun 26, 2016 5:54:26 AM okhttp3.mockwebserver.MockWebServer$3 execute
INFO: MockWebServer[60551] starting to accept connections
Jun 26, 2016 5:54:27 AM okhttp3.mockwebserver.MockWebServer$4 processOneRequest
INFO: MockWebServer[60551] received request: POST / HTTP/1.1 and responded: HTTP/1.1 200 OK
Jun 26, 2016 5:54:27 AM okhttp3.mockwebserver.MockWebServer$3 acceptConnections
INFO: MockWebServer[60551] done accepting connections: Socket closed
Jun 26, 2016 5:54:27 AM okhttp3.mockwebserver.MockWebServer$3 execute
INFO: MockWebServer[45392] starting to accept connections
Jun 26, 2016 5:54:27 AM okhttp3.mockwebserver.MockWebServer$3 acceptConnections
INFO: MockWebServer[45392] done accepting connections: Socket closed
Jun 26, 2016 5:54:27 AM okhttp3.mockwebserver.MockWebServer$4 processOneRequest
INFO: MockWebServer[45392] received request: POST / HTTP/1.1 and responded: HTTP/1.1 200 OK
Jun 26, 2016 5:54:27 AM okhttp3.mockwebserver.MockWebServer$3 execute
INFO: MockWebServer[56393] starting to accept connections
Jun 26, 2016 5:54:27 AM okhttp3.mockwebserver.MockWebServer$4 processOneRequest
INFO: MockWebServer[56393] received request: POST / HTTP/1.1 and responded: HTTP/1.1 200 OK
Jun 26, 2016 5:54:27 AM okhttp3.mockwebserver.MockWebServer$3 acceptConnections
INFO: MockWebServer[56393] done accepting connections: Socket closed
Jun 26, 2016 5:54:27 AM okhttp3.mockwebserver.MockWebServer$3 execute
INFO: MockWebServer[58925] starting to accept connections
Jun 26, 2016 5:54:27 AM okhttp3.mockwebserver.MockWebServer$4 processOneRequest
INFO: MockWebServer[58925] received request: POST / HTTP/1.1 and responded: HTTP/1.1 200 OK
Jun 26, 2016 5:54:27 AM okhttp3.mockwebserver.MockWebServer$3 acceptConnections
INFO: MockWebServer[58925] done accepting connections: Socket closed
Jun 26, 2016 5:54:27 AM okhttp3.mockwebserver.MockWebServer$4 processOneRequest
INFO: MockWebServer[58925] received request: POST / HTTP/1.1 and responded: HTTP/1.1 200 OK
Tests run: 4, Failures: 0, Errors: 0, Skipped: 0, Time elapsed: 0.912 sec

Results :

Tests run: 4, Failures: 0, Errors: 0, Skipped: 0

[INFO] 
[INFO] --- animal-sniffer-maven-plugin:1.14:check (default) @ converter-moshi ---
[INFO] Checking unresolved references to org.codehaus.mojo.signature:java16:1.1
[INFO]                                                                         
[INFO] ------------------------------------------------------------------------
[INFO] Building Retrofit Mock Adapter 2.1.1-SNAPSHOT
[INFO] ------------------------------------------------------------------------
[INFO] 
[INFO] --- maven-enforcer-plugin:1.0:enforce (enforce-maven) @ retrofit-mock ---
[INFO] 
[INFO] --- maven-resources-plugin:2.6:resources (default-resources) @ retrofit-mock ---
[INFO] Using 'UTF-8' encoding to copy filtered resources.
[INFO] skip non existing resourceDirectory /home/travis/build/square/retrofit/retrofit-mock/src/main/resources
[INFO] 
[INFO] --- maven-compiler-plugin:3.0:compile (default-compile) @ retrofit-mock ---
[INFO] Changes detected - recompiling the module!
[INFO] Compiling 5 source files to /home/travis/build/square/retrofit/retrofit-mock/target/classes
[INFO] 
[INFO] --- maven-resources-plugin:2.6:testResources (default-testResources) @ retrofit-mock ---
[INFO] Using 'UTF-8' encoding to copy filtered resources.
[INFO] skip non existing resourceDirectory /home/travis/build/square/retrofit/retrofit-mock/src/test/resources
[INFO] 
[INFO] --- maven-compiler-plugin:3.0:testCompile (default-testCompile) @ retrofit-mock ---
[INFO] Changes detected - recompiling the module!
[INFO] Compiling 3 source files to /home/travis/build/square/retrofit/retrofit-mock/target/test-classes
[INFO] 
[INFO] --- maven-surefire-plugin:2.12.4:test (default-test) @ retrofit-mock ---
[INFO] Surefire report directory: /home/travis/build/square/retrofit/retrofit-mock/target/surefire-reports

-------------------------------------------------------
 T E S T S
-------------------------------------------------------
Running retrofit2.mock.BehaviorDelegateTest
Tests run: 10, Failures: 0, Errors: 0, Skipped: 0, Time elapsed: 1.49 sec
Running retrofit2.mock.MockRetrofitTest
Tests run: 8, Failures: 0, Errors: 0, Skipped: 0, Time elapsed: 0.033 sec
Running retrofit2.mock.NetworkBehaviorTest
Tests run: 6, Failures: 0, Errors: 0, Skipped: 0, Time elapsed: 0.049 sec

Results :

Tests run: 24, Failures: 0, Errors: 0, Skipped: 0

[INFO] 
[INFO] --- animal-sniffer-maven-plugin:1.14:check (default) @ retrofit-mock ---
[INFO] Checking unresolved references to org.codehaus.mojo.signature:java16:1.1
[INFO]                                                                         
[INFO] ------------------------------------------------------------------------
[INFO] Building Samples 2.1.1-SNAPSHOT
[INFO] ------------------------------------------------------------------------
[INFO] 
[INFO] --- maven-enforcer-plugin:1.0:enforce (enforce-maven) @ samples ---
[INFO] 
[INFO] --- maven-resources-plugin:2.6:resources (default-resources) @ samples ---
[INFO] Using 'UTF-8' encoding to copy filtered resources.
[INFO] skip non existing resourceDirectory /home/travis/build/square/retrofit/samples/src/main/resources
[INFO] 
[INFO] --- maven-compiler-plugin:3.0:compile (default-compile) @ samples ---
[INFO] Changes detected - recompiling the module!
[INFO] Compiling 9 source files to /home/travis/build/square/retrofit/samples/target/classes
[INFO] 
[INFO] --- maven-resources-plugin:2.6:testResources (default-testResources) @ samples ---
[INFO] Using 'UTF-8' encoding to copy filtered resources.
[INFO] skip non existing resourceDirectory /home/travis/build/square/retrofit/samples/src/test/resources
[INFO] 
[INFO] --- maven-compiler-plugin:3.0:testCompile (default-testCompile) @ samples ---
[INFO] No sources to compile
[INFO] 
[INFO] --- maven-surefire-plugin:2.12.4:test (default-test) @ samples ---
[INFO] No tests to run.
[INFO] 
[INFO] --- animal-sniffer-maven-plugin:1.14:check (default) @ samples ---
[INFO] Checking unresolved references to org.codehaus.mojo.signature:java16:1.1
[INFO] ------------------------------------------------------------------------
[INFO] Reactor Summary:
[INFO] 
[INFO] Retrofit (Parent) .................................. SUCCESS [  1.957 s]
[INFO] Retrofit ........................................... SUCCESS [ 21.734 s]
[INFO] Adapters ........................................... SUCCESS [  0.190 s]
[INFO] Adapter: Guava ..................................... SUCCESS [  1.454 s]
[INFO] Adapter: Java 8 .................................... SUCCESS [  1.951 s]
[INFO] Adapter: RxJava .................................... SUCCESS [  2.276 s]
[INFO] Converters ......................................... SUCCESS [  0.149 s]
[INFO] Converter: Gson .................................... SUCCESS [  1.328 s]
[INFO] Converter: Protocol Buffers ........................ SUCCESS [  1.273 s]
[INFO] Converter: Jackson ................................. SUCCESS [  1.418 s]
[INFO] Converter: Wire Protocol Buffers ................... SUCCESS [  1.135 s]
[INFO] Converter: SimpleXML ............................... SUCCESS [  1.699 s]
[INFO] Converter: Java Scalars ............................ SUCCESS [  2.501 s]
[INFO] Converter: Moshi ................................... SUCCESS [  2.011 s]
[INFO] Retrofit Mock Adapter .............................. SUCCESS [  2.777 s]
[INFO] Samples ............................................ SUCCESS [  1.362 s]
[INFO] ------------------------------------------------------------------------
[INFO] BUILD SUCCESS
[INFO] ------------------------------------------------------------------------
[INFO] Total time: 45.573 s
[INFO] Finished at: 2016-06-26T05:54:31+00:00
[INFO] Final Memory: 32M/355M
[INFO] ------------------------------------------------------------------------

travis_time:end:300929cf:start=1466920424702133732,finish=1466920477533263507,duration=52831129775[0K
[32;1mThe command "mvn test -B" exited with 0.[0m
travis_fold:start:cache.2[0Kstore build cache
travis_time:start:14906fb1[0K
travis_time:end:14906fb1:start=1466920477537391406,finish=1466920477541317377,duration=3925971[0Ktravis_time:start:024c8836[0K[32;1mchange detected (content changed, file is created, or file is deleted):
/home/travis/.m2/repository/com/squareup/retrofit2/adapter-guava/2.1.1-SNAPSHOT/adapter-guava-2.1.1-SNAPSHOT.jar
/home/travis/.m2/repository/com/squareup/retrofit2/adapter-guava/2.1.1-SNAPSHOT/maven-metadata-local.xml
/home/travis/.m2/repository/com/squareup/retrofit2/adapter-guava/2.1.1-SNAPSHOT/_remote.repositories
/home/travis/.m2/repository/com/squareup/retrofit2/adapter-guava/maven-metadata-local.xml
/home/travis/.m2/repository/com/squareup/retrofit2/adapter-java8/2.1.1-SNAPSHOT/adapter-java8-2.1.1-SNAPSHOT.jar
/home/travis/.m2/repository/com/squareup/retrofit2/adapter-java8/2.1.1-SNAPSHOT/maven-metadata-local.xml
/home/travis/.m2/repository/com/squareup/retrofit2/adapter-java8/2.1.1-SNAPSHOT/_remote.repositories
/home/travis/.m2/repository/com/squareup/retrofit2/adapter-java8/maven-metadata-local.xml
/home/travis/.m2/repository/com/squareup/retrofit2/adapter-rxjava/2.1.1-SNAPSHOT/adapter-rxjava-2.1.1-SNAPSHOT.jar
/home/travis/.m2/repository/com/squareup/retrofit2/adapter-rxjava/2.
[0m
[32;1m...
[0m
[32;1mchanges detected, packing new archive[0m
.
[32;1muploading archive[0m

travis_time:end:024c8836:start=1466920477545518992,finish=1466920486451041273,duration=8905522281[0Ktravis_fold:end:cache.2[0Ktravis_fold:start:after_success[0Ktravis_time:start:09e88cac[0K$ .buildscript/deploy_snapshot.sh
Skipping snapshot deployment: was pull request.

travis_time:end:09e88cac:start=1466920486454993146,finish=1466920486459507520,duration=4514374[0Ktravis_fold:end:after_success[0K
Done. Your build exited with 0.
