Using worker: worker-linux-docker-3b9cf7bd.prod.travis-ci.org:travis-linux-11

travis_fold:start:system_info[0K[33;1mBuild system information[0m
Build language: java
Build group: stable
Build dist: precise
[34m[1mBuild image provisioning date and time[0m
Thu Feb  5 15:09:33 UTC 2015
[34m[1mOperating System Details[0m
Distributor ID:	Ubuntu
Description:	Ubuntu 12.04.5 LTS
Release:	12.04
Codename:	precise
[34m[1mLinux Version[0m
3.13.0-29-generic
[34m[1mCookbooks Version[0m
a68419e https://github.com/travis-ci/travis-cookbooks/tree/a68419e
[34m[1mGCC version[0m
gcc (Ubuntu/Linaro 4.6.3-1ubuntu5) 4.6.3
Copyright (C) 2011 Free Software Foundation, Inc.
This is free software; see the source for copying conditions.  There is NO
warranty; not even for MERCHANTABILITY or FITNESS FOR A PARTICULAR PURPOSE.

[34m[1mLLVM version[0m
clang version 3.4 (tags/RELEASE_34/final)
Target: x86_64-unknown-linux-gnu
Thread model: posix
[34m[1mPre-installed Ruby versions[0m
ruby-1.9.3-p551
[34m[1mPre-installed Node.js versions[0m
v0.10.36
[34m[1mPre-installed Go versions[0m
1.4.1
[34m[1mRedis version[0m
redis-server 2.8.19
[34m[1mriak version[0m
2.0.2
[34m[1mMongoDB version[0m
MongoDB 2.4.12
[34m[1mCouchDB version[0m
couchdb 1.6.1
[34m[1mNeo4j version[0m
1.9.4
[34m[1mRabbitMQ Version[0m
3.4.3
[34m[1mElasticSearch version[0m
1.4.0
[34m[1mInstalled Sphinx versions[0m
2.0.10
2.1.9
2.2.6
[34m[1mDefault Sphinx version[0m
2.2.6
[34m[1mInstalled Firefox version[0m
firefox 31.0esr
[34m[1mPhantomJS version[0m
1.9.8
[34m[1mant -version[0m
Apache Ant(TM) version 1.8.2 compiled on December 3 2011
[34m[1mmvn -version[0m
Apache Maven 3.2.5 (12a6b3acb947671f09b81f49094c53f426d8cea1; 2014-12-14T17:29:23+00:00)
Maven home: /usr/local/maven
Java version: 1.7.0_76, vendor: Oracle Corporation
Java home: /usr/lib/jvm/java-7-oracle/jre
Default locale: en_US, platform encoding: ANSI_X3.4-1968
OS name: "linux", version: "3.13.0-29-generic", arch: "amd64", family: "unix"
travis_fold:end:system_info[0K
travis_fold:start:fix.CVE-2015-7547[0K$ export DEBIAN_FRONTEND=noninteractive
W: Size of file /var/lib/apt/lists/us.archive.ubuntu.com_ubuntu_dists_precise-backports_multiverse_source_Sources.gz is not what the server reported 5886 5888
W: Size of file /var/lib/apt/lists/ppa.launchpad.net_ubuntugis_ppa_ubuntu_dists_precise_main_binary-amd64_Packages.gz is not what the server reported 36669 36677
W: Size of file /var/lib/apt/lists/ppa.launchpad.net_ubuntugis_ppa_ubuntu_dists_precise_main_binary-i386_Packages.gz is not what the server reported 36729 36733
Reading package lists...
Building dependency tree...
Reading state information...
The following extra packages will be installed:
  libc-bin libc-dev-bin libc6-dev
Suggested packages:
  glibc-doc
The following packages will be upgraded:
  libc-bin libc-dev-bin libc6 libc6-dev
4 upgraded, 0 newly installed, 0 to remove and 248 not upgraded.
Need to get 8,840 kB of archives.
After this operation, 14.3 kB disk space will be freed.
Get:1 http://us.archive.ubuntu.com/ubuntu/ precise-updates/main libc6-dev amd64 2.15-0ubuntu10.15 [2,943 kB]
Get:2 http://us.archive.ubuntu.com/ubuntu/ precise-updates/main libc-dev-bin amd64 2.15-0ubuntu10.15 [84.7 kB]
Get:3 http://us.archive.ubuntu.com/ubuntu/ precise-updates/main libc-bin amd64 2.15-0ubuntu10.15 [1,177 kB]
Get:4 http://us.archive.ubuntu.com/ubuntu/ precise-updates/main libc6 amd64 2.15-0ubuntu10.15 [4,636 kB]
Fetched 8,840 kB in 0s (33.6 MB/s)
Preconfiguring packages ...
(Reading database ... (Reading database ... 5%(Reading database ... 10%(Reading database ... 15%(Reading database ... 20%(Reading database ... 25%(Reading database ... 30%(Reading database ... 35%(Reading database ... 40%(Reading database ... 45%(Reading database ... 50%(Reading database ... 55%(Reading database ... 60%(Reading database ... 65%(Reading database ... 70%(Reading database ... 75%(Reading database ... 80%(Reading database ... 85%(Reading database ... 90%(Reading database ... 95%(Reading database ... 100%(Reading database ... 72019 files and directories currently installed.)
Preparing to replace libc6-dev 2.15-0ubuntu10.10 (using .../libc6-dev_2.15-0ubuntu10.15_amd64.deb) ...
Unpacking replacement libc6-dev ...
Preparing to replace libc-dev-bin 2.15-0ubuntu10.10 (using .../libc-dev-bin_2.15-0ubuntu10.15_amd64.deb) ...
Unpacking replacement libc-dev-bin ...
Preparing to replace libc-bin 2.15-0ubuntu10.10 (using .../libc-bin_2.15-0ubuntu10.15_amd64.deb) ...
Unpacking replacement libc-bin ...
Processing triggers for man-db ...
Setting up libc-bin (2.15-0ubuntu10.15) ...
(Reading database ... (Reading database ... 5%(Reading database ... 10%(Reading database ... 15%(Reading database ... 20%(Reading database ... 25%(Reading database ... 30%(Reading database ... 35%(Reading database ... 40%(Reading database ... 45%(Reading database ... 50%(Reading database ... 55%(Reading database ... 60%(Reading database ... 65%(Reading database ... 70%(Reading database ... 75%(Reading database ... 80%(Reading database ... 85%(Reading database ... 90%(Reading database ... 95%(Reading database ... 100%(Reading database ... 72018 files and directories currently installed.)
Preparing to replace libc6 2.15-0ubuntu10.10 (using .../libc6_2.15-0ubuntu10.15_amd64.deb) ...
Unpacking replacement libc6 ...
Setting up libc6 (2.15-0ubuntu10.15) ...
Setting up libc-dev-bin (2.15-0ubuntu10.15) ...
Setting up libc6-dev (2.15-0ubuntu10.15) ...
Processing triggers for libc-bin ...
ldconfig deferred processing now taking place
travis_fold:end:fix.CVE-2015-7547[0Ktravis_fold:start:git.checkout[0Ktravis_time:start:29c42ca0[0K$ git clone --depth=50 --branch=jw/drop-the-bom https://github.com/square/retrofit.git square/retrofit
Cloning into 'square/retrofit'...
remote: Counting objects: 1170, done.[K
remote: Compressing objects:   0% (1/648)   [Kremote: Compressing objects:   1% (7/648)   [Kremote: Compressing objects:   2% (13/648)   [Kremote: Compressing objects:   3% (20/648)   [Kremote: Compressing objects:   4% (26/648)   [Kremote: Compressing objects:   5% (33/648)   [Kremote: Compressing objects:   6% (39/648)   [Kremote: Compressing objects:   7% (46/648)   [Kremote: Compressing objects:   8% (52/648)   [Kremote: Compressing objects:   9% (59/648)   [Kremote: Compressing objects:  10% (65/648)   [Kremote: Compressing objects:  11% (72/648)   [Kremote: Compressing objects:  12% (78/648)   [Kremote: Compressing objects:  13% (85/648)   [Kremote: Compressing objects:  14% (91/648)   [Kremote: Compressing objects:  15% (98/648)   [Kremote: Compressing objects:  16% (104/648)   [Kremote: Compressing objects:  17% (111/648)   [Kremote: Compressing objects:  18% (117/648)   [Kremote: Compressing objects:  19% (124/648)   [Kremote: Compressing objects:  20% (130/648)   [Kremote: Compressing objects:  21% (137/648)   [Kremote: Compressing objects:  22% (143/648)   [Kremote: Compressing objects:  23% (150/648)   [Kremote: Compressing objects:  24% (156/648)   [Kremote: Compressing objects:  25% (162/648)   [Kremote: Compressing objects:  26% (169/648)   [Kremote: Compressing objects:  27% (175/648)   [Kremote: Compressing objects:  28% (182/648)   [Kremote: Compressing objects:  29% (188/648)   [Kremote: Compressing objects:  30% (195/648)   [Kremote: Compressing objects:  31% (201/648)   [Kremote: Compressing objects:  32% (208/648)   [Kremote: Compressing objects:  33% (214/648)   [Kremote: Compressing objects:  34% (221/648)   [Kremote: Compressing objects:  35% (227/648)   [Kremote: Compressing objects:  36% (234/648)   [Kremote: Compressing objects:  37% (240/648)   [Kremote: Compressing objects:  38% (247/648)   [Kremote: Compressing objects:  39% (253/648)   [Kremote: Compressing objects:  40% (260/648)   [Kremote: Compressing objects:  41% (266/648)   [Kremote: Compressing objects:  42% (273/648)   [Kremote: Compressing objects:  43% (279/648)   [Kremote: Compressing objects:  44% (286/648)   [Kremote: Compressing objects:  45% (292/648)   [Kremote: Compressing objects:  46% (299/648)   [Kremote: Compressing objects:  47% (305/648)   [Kremote: Compressing objects:  48% (312/648)   [Kremote: Compressing objects:  49% (318/648)   [Kremote: Compressing objects:  50% (324/648)   [Kremote: Compressing objects:  51% (331/648)   [Kremote: Compressing objects:  52% (337/648)   [Kremote: Compressing objects:  53% (344/648)   [Kremote: Compressing objects:  54% (350/648)   [Kremote: Compressing objects:  55% (357/648)   [Kremote: Compressing objects:  56% (363/648)   [Kremote: Compressing objects:  57% (370/648)   [Kremote: Compressing objects:  58% (376/648)   [Kremote: Compressing objects:  59% (383/648)   [Kremote: Compressing objects:  60% (389/648)   [Kremote: Compressing objects:  61% (396/648)   [Kremote: Compressing objects:  62% (402/648)   [Kremote: Compressing objects:  63% (409/648)   [Kremote: Compressing objects:  64% (415/648)   [Kremote: Compressing objects:  65% (422/648)   [Kremote: Compressing objects:  66% (428/648)   [Kremote: Compressing objects:  67% (435/648)   [Kremote: Compressing objects:  68% (441/648)   [Kremote: Compressing objects:  69% (448/648)   [Kremote: Compressing objects:  70% (454/648)   [Kremote: Compressing objects:  71% (461/648)   [Kremote: Compressing objects:  72% (467/648)   [Kremote: Compressing objects:  73% (474/648)   [Kremote: Compressing objects:  74% (480/648)   [Kremote: Compressing objects:  75% (486/648)   [Kremote: Compressing objects:  76% (493/648)   [Kremote: Compressing objects:  77% (499/648)   [Kremote: Compressing objects:  78% (506/648)   [Kremote: Compressing objects:  79% (512/648)   [Kremote: Compressing objects:  80% (519/648)   [Kremote: Compressing objects:  81% (525/648)   [Kremote: Compressing objects:  82% (532/648)   [Kremote: Compressing objects:  83% (538/648)   [Kremote: Compressing objects:  84% (545/648)   [Kremote: Compressing objects:  85% (551/648)   [Kremote: Compressing objects:  86% (558/648)   [Kremote: Compressing objects:  87% (564/648)   [Kremote: Compressing objects:  88% (571/648)   [Kremote: Compressing objects:  89% (577/648)   [Kremote: Compressing objects:  90% (584/648)   [Kremote: Compressing objects:  91% (590/648)   [Kremote: Compressing objects:  92% (597/648)   [Kremote: Compressing objects:  93% (603/648)   [Kremote: Compressing objects:  94% (610/648)   [Kremote: Compressing objects:  95% (616/648)   [Kremote: Compressing objects:  96% (623/648)   [Kremote: Compressing objects:  97% (629/648)   [Kremote: Compressing objects:  98% (636/648)   [Kremote: Compressing objects:  99% (642/648)   [Kremote: Compressing objects: 100% (648/648)   [Kremote: Compressing objects: 100% (648/648), done.[K
Receiving objects:   0% (1/1170)   Receiving objects:   1% (12/1170)   Receiving objects:   2% (24/1170)   Receiving objects:   3% (36/1170)   Receiving objects:   4% (47/1170)   Receiving objects:   5% (59/1170)   Receiving objects:   6% (71/1170)   Receiving objects:   7% (82/1170)   Receiving objects:   8% (94/1170)   Receiving objects:   9% (106/1170)   Receiving objects:  10% (117/1170)   Receiving objects:  11% (129/1170)   Receiving objects:  12% (141/1170)   Receiving objects:  13% (153/1170)   Receiving objects:  14% (164/1170)   Receiving objects:  15% (176/1170)   Receiving objects:  16% (188/1170)   Receiving objects:  17% (199/1170)   Receiving objects:  18% (211/1170)   Receiving objects:  19% (223/1170)   Receiving objects:  20% (234/1170)   Receiving objects:  21% (246/1170)   Receiving objects:  22% (258/1170)   Receiving objects:  23% (270/1170)   Receiving objects:  24% (281/1170)   Receiving objects:  25% (293/1170)   Receiving objects:  26% (305/1170)   Receiving objects:  27% (316/1170)   Receiving objects:  28% (328/1170)   Receiving objects:  29% (340/1170)   Receiving objects:  30% (351/1170)   Receiving objects:  31% (363/1170)   Receiving objects:  32% (375/1170)   Receiving objects:  33% (387/1170)   Receiving objects:  34% (398/1170)   Receiving objects:  35% (410/1170)   Receiving objects:  36% (422/1170)   Receiving objects:  37% (433/1170)   Receiving objects:  38% (445/1170)   Receiving objects:  39% (457/1170)   Receiving objects:  40% (468/1170)   Receiving objects:  41% (480/1170)   Receiving objects:  42% (492/1170)   Receiving objects:  43% (504/1170)   Receiving objects:  44% (515/1170)   Receiving objects:  45% (527/1170)   Receiving objects:  46% (539/1170)   Receiving objects:  47% (550/1170)   Receiving objects:  48% (562/1170)   Receiving objects:  49% (574/1170)   Receiving objects:  50% (585/1170)   Receiving objects:  51% (597/1170)   Receiving objects:  52% (609/1170)   Receiving objects:  53% (621/1170)   remote: Total 1170 (delta 436), reused 917 (delta 257), pack-reused 0[K
Receiving objects:  54% (632/1170)   Receiving objects:  55% (644/1170)   Receiving objects:  56% (656/1170)   Receiving objects:  57% (667/1170)   Receiving objects:  58% (679/1170)   Receiving objects:  59% (691/1170)   Receiving objects:  60% (702/1170)   Receiving objects:  61% (714/1170)   Receiving objects:  62% (726/1170)   Receiving objects:  63% (738/1170)   Receiving objects:  64% (749/1170)   Receiving objects:  65% (761/1170)   Receiving objects:  66% (773/1170)   Receiving objects:  67% (784/1170)   Receiving objects:  68% (796/1170)   Receiving objects:  69% (808/1170)   Receiving objects:  70% (819/1170)   Receiving objects:  71% (831/1170)   Receiving objects:  72% (843/1170)   Receiving objects:  73% (855/1170)   Receiving objects:  74% (866/1170)   Receiving objects:  75% (878/1170)   Receiving objects:  76% (890/1170)   Receiving objects:  77% (901/1170)   Receiving objects:  78% (913/1170)   Receiving objects:  79% (925/1170)   Receiving objects:  80% (936/1170)   Receiving objects:  81% (948/1170)   Receiving objects:  82% (960/1170)   Receiving objects:  83% (972/1170)   Receiving objects:  84% (983/1170)   Receiving objects:  85% (995/1170)   Receiving objects:  86% (1007/1170)   Receiving objects:  87% (1018/1170)   Receiving objects:  88% (1030/1170)   Receiving objects:  89% (1042/1170)   Receiving objects:  90% (1053/1170)   Receiving objects:  91% (1065/1170)   Receiving objects:  92% (1077/1170)   Receiving objects:  93% (1089/1170)   Receiving objects:  94% (1100/1170)   Receiving objects:  95% (1112/1170)   Receiving objects:  96% (1124/1170)   Receiving objects:  97% (1135/1170)   Receiving objects:  98% (1147/1170)   Receiving objects:  99% (1159/1170)   Receiving objects: 100% (1170/1170)   Receiving objects: 100% (1170/1170), 312.37 KiB | 0 bytes/s, done.
Resolving deltas:   0% (0/436)   Resolving deltas:   4% (18/436)   Resolving deltas:   5% (26/436)   Resolving deltas:   9% (42/436)   Resolving deltas:  10% (44/436)   Resolving deltas:  36% (159/436)   Resolving deltas:  37% (165/436)   Resolving deltas:  38% (167/436)   Resolving deltas:  40% (178/436)   Resolving deltas:  44% (192/436)   Resolving deltas:  48% (212/436)   Resolving deltas:  50% (220/436)   Resolving deltas:  51% (224/436)   Resolving deltas:  53% (234/436)   Resolving deltas:  54% (236/436)   Resolving deltas:  57% (249/436)   Resolving deltas:  58% (253/436)   Resolving deltas:  59% (259/436)   Resolving deltas:  60% (263/436)   Resolving deltas:  61% (266/436)   Resolving deltas:  65% (286/436)   Resolving deltas:  66% (288/436)   Resolving deltas:  67% (293/436)   Resolving deltas:  68% (299/436)   Resolving deltas:  69% (304/436)   Resolving deltas:  71% (311/436)   Resolving deltas:  72% (317/436)   Resolving deltas:  79% (348/436)   Resolving deltas:  80% (350/436)   Resolving deltas:  82% (358/436)   Resolving deltas:  84% (370/436)   Resolving deltas:  85% (371/436)   Resolving deltas:  86% (377/436)   Resolving deltas:  87% (380/436)   Resolving deltas:  88% (384/436)   Resolving deltas:  91% (398/436)   Resolving deltas:  92% (404/436)   Resolving deltas:  93% (409/436)   Resolving deltas:  95% (415/436)   Resolving deltas:  96% (419/436)   Resolving deltas:  97% (423/436)   Resolving deltas:  99% (433/436)   Resolving deltas: 100% (436/436)   Resolving deltas: 100% (436/436), done.
Checking connectivity... done.

travis_time:end:29c42ca0:start=1468031120008138866,finish=1468031120471114818,duration=462975952[0K$ cd square/retrofit
$ git checkout -qf fd0213b74724959292f3da667f523fc2fb50fc72
travis_fold:end:git.checkout[0K
[33;1mThis job is running on container-based infrastructure, which does not allow use of 'sudo', setuid and setguid executables.[0m
[33;1mIf you require sudo, add 'sudo: required' to your .travis.yml[0m
[33;1mSee https://docs.travis-ci.com/user/workers/container-based-infrastructure/ for details.[0m

[33;1mSetting environment variables from .travis.yml[0m
$ export CI_DEPLOY_USERNAME=[secure]
$ export CI_DEPLOY_PASSWORD=[secure]

$ jdk_switcher use oraclejdk8
Switching to Oracle JDK8 (java-8-oracle), JAVA_HOME will be set to /usr/lib/jvm/java-8-oracle
travis_fold:start:cache.1[0KSetting up build cache
$ export CASHER_DIR=$HOME/.casher
travis_time:start:0ed5a4a1[0K$ Installing caching utilities

travis_time:end:0ed5a4a1:start=1468031122067562350,finish=1468031122113974129,duration=46411779[0Ktravis_time:start:00399bfe[0K
travis_time:end:00399bfe:start=1468031122118648486,finish=1468031122121769622,duration=3121136[0Ktravis_time:start:07ba69a2[0K[32;1mattempting to download cache archive[0m
[32;1mfetching jwdrop-the-bom/cache-linux-precise-e3b0c44298fc1c149afbf4c8996fb92427ae41e4649b934ca495991b7852b855--jdk-oraclejdk8.tgz[0m
[32;1mfetching jwdrop-the-bom/cache--jdk-oraclejdk8.tgz[0m
[32;1mfetching master/cache-linux-precise-e3b0c44298fc1c149afbf4c8996fb92427ae41e4649b934ca495991b7852b855--jdk-oraclejdk8.tgz[0m
[32;1mfound cache[0m

travis_time:end:07ba69a2:start=1468031122125505370,finish=1468031124273898749,duration=2148393379[0Ktravis_time:start:198d2b70[0K
travis_time:end:198d2b70:start=1468031124277688803,finish=1468031124280953725,duration=3264922[0Ktravis_time:start:12f61e2e[0K[32;1madding /home/travis/.m2 to cache[0m

travis_time:end:12f61e2e:start=1468031124284682829,finish=1468031125896055579,duration=1611372750[0Ktravis_fold:end:cache.1[0K$ java -Xmx32m -version
java version "1.8.0_31"
Java(TM) SE Runtime Environment (build 1.8.0_31-b13)
Java HotSpot(TM) 64-Bit Server VM (build 25.31-b07, mixed mode)
$ javac -J-Xmx32m -version
javac 1.8.0_31
travis_fold:start:install[0Ktravis_time:start:24108b4f[0K$ mvn install -DskipTests=true -Dmaven.javadoc.skip=true -B -V
Java HotSpot(TM) 64-Bit Server VM warning: ignoring option MaxPermSize=192m; support was removed in 8.0
Apache Maven 3.2.5 (12a6b3acb947671f09b81f49094c53f426d8cea1; 2014-12-14T17:29:23+00:00)
Maven home: /usr/local/maven
Java version: 1.8.0_31, vendor: Oracle Corporation
Java home: /usr/lib/jvm/java-8-oracle/jre
Default locale: en_US, platform encoding: UTF-8
OS name: "linux", version: "3.13.0-40-generic", arch: "amd64", family: "unix"
[INFO] Scanning for projects...
[WARNING] 
[WARNING] Some problems were encountered while building the effective model for com.squareup.retrofit2:samples:jar:2.1.1-SNAPSHOT
[WARNING] 'build.plugins.plugin.version' for org.apache.maven.plugins:maven-deploy-plugin is missing. @ com.squareup.retrofit2:samples:[unknown-version], /home/travis/build/square/retrofit/samples/pom.xml, line 55, column 15
[WARNING] 
[WARNING] It is highly recommended to fix these problems because they threaten the stability of your build.
[WARNING] 
[WARNING] For this reason, future Maven versions might no longer support building such malformed projects.
[WARNING] 
[INFO] ------------------------------------------------------------------------
[INFO] Reactor Build Order:
[INFO] 
[INFO] Retrofit (Parent)
[INFO] Retrofit
[INFO] Adapters
[INFO] Adapter: Guava
[INFO] Adapter: Java 8
[INFO] Adapter: RxJava
[INFO] Converters
[INFO] Converter: Gson
[INFO] Converter: Protocol Buffers
[INFO] Converter: Jackson
[INFO] Converter: Wire Protocol Buffers
[INFO] Converter: SimpleXML
[INFO] Converter: Java Scalars
[INFO] Converter: Moshi
[INFO] Retrofit Mock Adapter
[INFO] Samples
[INFO]                                                                         
[INFO] ------------------------------------------------------------------------
[INFO] Building Retrofit (Parent) 2.1.1-SNAPSHOT
[INFO] ------------------------------------------------------------------------
[INFO] 
[INFO] --- maven-enforcer-plugin:1.0:enforce (enforce-maven) @ parent ---
[INFO] 
[INFO] --- animal-sniffer-maven-plugin:1.14:check (default) @ parent ---
[INFO] Checking unresolved references to org.codehaus.mojo.signature:java16:1.1
[INFO] 
[INFO] --- maven-javadoc-plugin:2.10.3:jar (attach-javadocs) @ parent ---
[INFO] Skipping javadoc generation
[INFO] 
[INFO] --- maven-checkstyle-plugin:2.15:checkstyle (default) @ parent ---
[INFO] 
[INFO] --- maven-install-plugin:2.4:install (default-install) @ parent ---
[INFO] Installing /home/travis/build/square/retrofit/pom.xml to /home/travis/.m2/repository/com/squareup/retrofit2/parent/2.1.1-SNAPSHOT/parent-2.1.1-SNAPSHOT.pom
[INFO]                                                                         
[INFO] ------------------------------------------------------------------------
[INFO] Building Retrofit 2.1.1-SNAPSHOT
[INFO] ------------------------------------------------------------------------
[INFO] 
[INFO] --- maven-enforcer-plugin:1.0:enforce (enforce-maven) @ retrofit ---
[INFO] 
[INFO] --- maven-resources-plugin:2.6:resources (default-resources) @ retrofit ---
[INFO] Using 'UTF-8' encoding to copy filtered resources.
[INFO] skip non existing resourceDirectory /home/travis/build/square/retrofit/retrofit/src/main/resources
[INFO] 
[INFO] --- maven-compiler-plugin:3.0:compile (default-compile) @ retrofit ---
[INFO] Changes detected - recompiling the module!
[INFO] Compiling 40 source files to /home/travis/build/square/retrofit/retrofit/target/classes
[WARNING] /home/travis/build/square/retrofit/retrofit/src/main/java/retrofit2/Retrofit.java: Some input files use unchecked or unsafe operations.
[WARNING] /home/travis/build/square/retrofit/retrofit/src/main/java/retrofit2/Retrofit.java: Recompile with -Xlint:unchecked for details.
[INFO] 
[INFO] --- maven-resources-plugin:2.6:testResources (default-testResources) @ retrofit ---
[INFO] Using 'UTF-8' encoding to copy filtered resources.
[INFO] skip non existing resourceDirectory /home/travis/build/square/retrofit/retrofit/src/test/resources
[INFO] 
[INFO] --- maven-compiler-plugin:3.0:testCompile (default-testCompile) @ retrofit ---
[INFO] Changes detected - recompiling the module!
[INFO] Compiling 14 source files to /home/travis/build/square/retrofit/retrofit/target/test-classes
[WARNING] /home/travis/build/square/retrofit/retrofit/src/test/java/retrofit2/RetrofitTest.java: /home/travis/build/square/retrofit/retrofit/src/test/java/retrofit2/RetrofitTest.java uses unchecked or unsafe operations.
[WARNING] /home/travis/build/square/retrofit/retrofit/src/test/java/retrofit2/RetrofitTest.java: Recompile with -Xlint:unchecked for details.
[INFO] 
[INFO] --- maven-surefire-plugin:2.12.4:test (default-test) @ retrofit ---
[INFO] Tests are skipped.
[INFO] 
[INFO] --- animal-sniffer-maven-plugin:1.14:check (default) @ retrofit ---
[INFO] Checking unresolved references to org.codehaus.mojo.signature:java16:1.1
[INFO] 
[INFO] --- maven-jar-plugin:2.4:jar (default-jar) @ retrofit ---
[INFO] Building jar: /home/travis/build/square/retrofit/retrofit/target/retrofit-2.1.1-SNAPSHOT.jar
[INFO] 
[INFO] --- maven-javadoc-plugin:2.10.3:jar (attach-javadocs) @ retrofit ---
[INFO] Skipping javadoc generation
[INFO] 
[INFO] --- maven-checkstyle-plugin:2.15:checkstyle (default) @ retrofit ---
[INFO] Starting audit...
Audit done.
[WARNING] Unable to locate Source XRef to link to - DISABLED
[INFO] 
[INFO] --- maven-install-plugin:2.4:install (default-install) @ retrofit ---
[INFO] Installing /home/travis/build/square/retrofit/retrofit/target/retrofit-2.1.1-SNAPSHOT.jar to /home/travis/.m2/repository/com/squareup/retrofit2/retrofit/2.1.1-SNAPSHOT/retrofit-2.1.1-SNAPSHOT.jar
[INFO] Installing /home/travis/build/square/retrofit/retrofit/pom.xml to /home/travis/.m2/repository/com/squareup/retrofit2/retrofit/2.1.1-SNAPSHOT/retrofit-2.1.1-SNAPSHOT.pom
[INFO]                                                                         
[INFO] ------------------------------------------------------------------------
[INFO] Building Adapters 2.1.1-SNAPSHOT
[INFO] ------------------------------------------------------------------------
[INFO] 
[INFO] --- maven-enforcer-plugin:1.0:enforce (enforce-maven) @ retrofit-adapters ---
[INFO] 
[INFO] --- animal-sniffer-maven-plugin:1.14:check (default) @ retrofit-adapters ---
[INFO] Checking unresolved references to org.codehaus.mojo.signature:java16:1.1
[INFO] 
[INFO] --- maven-javadoc-plugin:2.10.3:jar (attach-javadocs) @ retrofit-adapters ---
[INFO] Skipping javadoc generation
[INFO] 
[INFO] --- maven-checkstyle-plugin:2.15:checkstyle (default) @ retrofit-adapters ---
[INFO] 
[INFO] --- maven-install-plugin:2.4:install (default-install) @ retrofit-adapters ---
[INFO] Installing /home/travis/build/square/retrofit/retrofit-adapters/pom.xml to /home/travis/.m2/repository/com/squareup/retrofit2/retrofit-adapters/2.1.1-SNAPSHOT/retrofit-adapters-2.1.1-SNAPSHOT.pom
[INFO]                                                                         
[INFO] ------------------------------------------------------------------------
[INFO] Building Adapter: Guava 2.1.1-SNAPSHOT
[INFO] ------------------------------------------------------------------------
[INFO] 
[INFO] --- maven-enforcer-plugin:1.0:enforce (enforce-maven) @ adapter-guava ---
[INFO] 
[INFO] --- maven-resources-plugin:2.6:resources (default-resources) @ adapter-guava ---
[INFO] Using 'UTF-8' encoding to copy filtered resources.
[INFO] skip non existing resourceDirectory /home/travis/build/square/retrofit/retrofit-adapters/guava/src/main/resources
[INFO] 
[INFO] --- maven-compiler-plugin:3.0:compile (default-compile) @ adapter-guava ---
[INFO] Changes detected - recompiling the module!
[INFO] Compiling 2 source files to /home/travis/build/square/retrofit/retrofit-adapters/guava/target/classes
[INFO] 
[INFO] --- maven-resources-plugin:2.6:testResources (default-testResources) @ adapter-guava ---
[INFO] Using 'UTF-8' encoding to copy filtered resources.
[INFO] skip non existing resourceDirectory /home/travis/build/square/retrofit/retrofit-adapters/guava/src/test/resources
[INFO] 
[INFO] --- maven-compiler-plugin:3.0:testCompile (default-testCompile) @ adapter-guava ---
[INFO] Changes detected - recompiling the module!
[INFO] Compiling 3 source files to /home/travis/build/square/retrofit/retrofit-adapters/guava/target/test-classes
[INFO] 
[INFO] --- maven-surefire-plugin:2.12.4:test (default-test) @ adapter-guava ---
[INFO] Tests are skipped.
[INFO] 
[INFO] --- animal-sniffer-maven-plugin:1.14:check (default) @ adapter-guava ---
[INFO] Checking unresolved references to org.codehaus.mojo.signature:java16:1.1
[INFO] 
[INFO] --- maven-jar-plugin:2.4:jar (default-jar) @ adapter-guava ---
[INFO] Building jar: /home/travis/build/square/retrofit/retrofit-adapters/guava/target/adapter-guava-2.1.1-SNAPSHOT.jar
[INFO] 
[INFO] --- maven-javadoc-plugin:2.10.3:jar (attach-javadocs) @ adapter-guava ---
[INFO] Skipping javadoc generation
[INFO] 
[INFO] --- maven-checkstyle-plugin:2.15:checkstyle (default) @ adapter-guava ---
[INFO] Starting audit...
Audit done.
[WARNING] Unable to locate Source XRef to link to - DISABLED
[INFO] 
[INFO] --- maven-install-plugin:2.4:install (default-install) @ adapter-guava ---
[INFO] Installing /home/travis/build/square/retrofit/retrofit-adapters/guava/target/adapter-guava-2.1.1-SNAPSHOT.jar to /home/travis/.m2/repository/com/squareup/retrofit2/adapter-guava/2.1.1-SNAPSHOT/adapter-guava-2.1.1-SNAPSHOT.jar
[INFO] Installing /home/travis/build/square/retrofit/retrofit-adapters/guava/pom.xml to /home/travis/.m2/repository/com/squareup/retrofit2/adapter-guava/2.1.1-SNAPSHOT/adapter-guava-2.1.1-SNAPSHOT.pom
[INFO]                                                                         
[INFO] ------------------------------------------------------------------------
[INFO] Building Adapter: Java 8 2.1.1-SNAPSHOT
[INFO] ------------------------------------------------------------------------
[INFO] 
[INFO] --- maven-enforcer-plugin:1.0:enforce (enforce-maven) @ adapter-java8 ---
[INFO] 
[INFO] --- maven-resources-plugin:2.6:resources (default-resources) @ adapter-java8 ---
[INFO] Using 'UTF-8' encoding to copy filtered resources.
[INFO] skip non existing resourceDirectory /home/travis/build/square/retrofit/retrofit-adapters/java8/src/main/resources
[INFO] 
[INFO] --- maven-compiler-plugin:3.0:compile (default-compile) @ adapter-java8 ---
[INFO] Changes detected - recompiling the module!
[INFO] Compiling 2 source files to /home/travis/build/square/retrofit/retrofit-adapters/java8/target/classes
[INFO] 
[INFO] --- maven-resources-plugin:2.6:testResources (default-testResources) @ adapter-java8 ---
[INFO] Using 'UTF-8' encoding to copy filtered resources.
[INFO] skip non existing resourceDirectory /home/travis/build/square/retrofit/retrofit-adapters/java8/src/test/resources
[INFO] 
[INFO] --- maven-compiler-plugin:3.0:testCompile (default-testCompile) @ adapter-java8 ---
[INFO] Changes detected - recompiling the module!
[INFO] Compiling 3 source files to /home/travis/build/square/retrofit/retrofit-adapters/java8/target/test-classes
[INFO] 
[INFO] --- maven-surefire-plugin:2.12.4:test (default-test) @ adapter-java8 ---
[INFO] Tests are skipped.
[INFO] 
[INFO] --- animal-sniffer-maven-plugin:1.14:check (default) @ adapter-java8 ---
[INFO] Checking unresolved references to org.kaazing.mojo.signature:java18:1.0
[INFO] 
[INFO] --- maven-jar-plugin:2.4:jar (default-jar) @ adapter-java8 ---
[INFO] Building jar: /home/travis/build/square/retrofit/retrofit-adapters/java8/target/adapter-java8-2.1.1-SNAPSHOT.jar
[INFO] 
[INFO] --- maven-javadoc-plugin:2.10.3:jar (attach-javadocs) @ adapter-java8 ---
[INFO] Skipping javadoc generation
[INFO] 
[INFO] --- maven-checkstyle-plugin:2.15:checkstyle (default) @ adapter-java8 ---
[INFO] Starting audit...
Audit done.
[WARNING] Unable to locate Source XRef to link to - DISABLED
[INFO] 
[INFO] --- maven-install-plugin:2.4:install (default-install) @ adapter-java8 ---
[INFO] Installing /home/travis/build/square/retrofit/retrofit-adapters/java8/target/adapter-java8-2.1.1-SNAPSHOT.jar to /home/travis/.m2/repository/com/squareup/retrofit2/adapter-java8/2.1.1-SNAPSHOT/adapter-java8-2.1.1-SNAPSHOT.jar
[INFO] Installing /home/travis/build/square/retrofit/retrofit-adapters/java8/pom.xml to /home/travis/.m2/repository/com/squareup/retrofit2/adapter-java8/2.1.1-SNAPSHOT/adapter-java8-2.1.1-SNAPSHOT.pom
[INFO]                                                                         
[INFO] ------------------------------------------------------------------------
[INFO] Building Adapter: RxJava 2.1.1-SNAPSHOT
[INFO] ------------------------------------------------------------------------
[INFO] 
[INFO] --- maven-enforcer-plugin:1.0:enforce (enforce-maven) @ adapter-rxjava ---
[INFO] 
[INFO] --- maven-resources-plugin:2.6:resources (default-resources) @ adapter-rxjava ---
[INFO] Using 'UTF-8' encoding to copy filtered resources.
[INFO] skip non existing resourceDirectory /home/travis/build/square/retrofit/retrofit-adapters/rxjava/src/main/resources
[INFO] 
[INFO] --- maven-compiler-plugin:3.0:compile (default-compile) @ adapter-rxjava ---
[INFO] Changes detected - recompiling the module!
[INFO] Compiling 6 source files to /home/travis/build/square/retrofit/retrofit-adapters/rxjava/target/classes
[INFO] 
[INFO] --- maven-resources-plugin:2.6:testResources (default-testResources) @ adapter-rxjava ---
[INFO] Using 'UTF-8' encoding to copy filtered resources.
[INFO] skip non existing resourceDirectory /home/travis/build/square/retrofit/retrofit-adapters/rxjava/src/test/resources
[INFO] 
[INFO] --- maven-compiler-plugin:3.0:testCompile (default-testCompile) @ adapter-rxjava ---
[INFO] Changes detected - recompiling the module!
[INFO] Compiling 9 source files to /home/travis/build/square/retrofit/retrofit-adapters/rxjava/target/test-classes
[INFO] 
[INFO] --- maven-surefire-plugin:2.12.4:test (default-test) @ adapter-rxjava ---
[INFO] Tests are skipped.
[INFO] 
[INFO] --- animal-sniffer-maven-plugin:1.14:check (default) @ adapter-rxjava ---
[INFO] Checking unresolved references to org.codehaus.mojo.signature:java16:1.1
[INFO] 
[INFO] --- maven-jar-plugin:2.4:jar (default-jar) @ adapter-rxjava ---
[INFO] Building jar: /home/travis/build/square/retrofit/retrofit-adapters/rxjava/target/adapter-rxjava-2.1.1-SNAPSHOT.jar
[INFO] 
[INFO] --- maven-javadoc-plugin:2.10.3:jar (attach-javadocs) @ adapter-rxjava ---
[INFO] Skipping javadoc generation
[INFO] 
[INFO] --- maven-checkstyle-plugin:2.15:checkstyle (default) @ adapter-rxjava ---
[INFO] Starting audit...
Audit done.
[WARNING] Unable to locate Source XRef to link to - DISABLED
[INFO] 
[INFO] --- maven-install-plugin:2.4:install (default-install) @ adapter-rxjava ---
[INFO] Installing /home/travis/build/square/retrofit/retrofit-adapters/rxjava/target/adapter-rxjava-2.1.1-SNAPSHOT.jar to /home/travis/.m2/repository/com/squareup/retrofit2/adapter-rxjava/2.1.1-SNAPSHOT/adapter-rxjava-2.1.1-SNAPSHOT.jar
[INFO] Installing /home/travis/build/square/retrofit/retrofit-adapters/rxjava/pom.xml to /home/travis/.m2/repository/com/squareup/retrofit2/adapter-rxjava/2.1.1-SNAPSHOT/adapter-rxjava-2.1.1-SNAPSHOT.pom
[INFO]                                                                         
[INFO] ------------------------------------------------------------------------
[INFO] Building Converters 2.1.1-SNAPSHOT
[INFO] ------------------------------------------------------------------------
[INFO] 
[INFO] --- maven-enforcer-plugin:1.0:enforce (enforce-maven) @ retrofit-converters ---
[INFO] 
[INFO] --- animal-sniffer-maven-plugin:1.14:check (default) @ retrofit-converters ---
[INFO] Checking unresolved references to org.codehaus.mojo.signature:java16:1.1
[INFO] 
[INFO] --- maven-javadoc-plugin:2.10.3:jar (attach-javadocs) @ retrofit-converters ---
[INFO] Skipping javadoc generation
[INFO] 
[INFO] --- maven-checkstyle-plugin:2.15:checkstyle (default) @ retrofit-converters ---
[INFO] 
[INFO] --- maven-install-plugin:2.4:install (default-install) @ retrofit-converters ---
[INFO] Installing /home/travis/build/square/retrofit/retrofit-converters/pom.xml to /home/travis/.m2/repository/com/squareup/retrofit2/retrofit-converters/2.1.1-SNAPSHOT/retrofit-converters-2.1.1-SNAPSHOT.pom
[INFO]                                                                         
[INFO] ------------------------------------------------------------------------
[INFO] Building Converter: Gson 2.1.1-SNAPSHOT
[INFO] ------------------------------------------------------------------------
[INFO] 
[INFO] --- maven-enforcer-plugin:1.0:enforce (enforce-maven) @ converter-gson ---
[INFO] 
[INFO] --- maven-resources-plugin:2.6:resources (default-resources) @ converter-gson ---
[INFO] Using 'UTF-8' encoding to copy filtered resources.
[INFO] skip non existing resourceDirectory /home/travis/build/square/retrofit/retrofit-converters/gson/src/main/resources
[INFO] 
[INFO] --- maven-compiler-plugin:3.0:compile (default-compile) @ converter-gson ---
[INFO] Changes detected - recompiling the module!
[INFO] Compiling 3 source files to /home/travis/build/square/retrofit/retrofit-converters/gson/target/classes
[INFO] 
[INFO] --- maven-resources-plugin:2.6:testResources (default-testResources) @ converter-gson ---
[INFO] Using 'UTF-8' encoding to copy filtered resources.
[INFO] skip non existing resourceDirectory /home/travis/build/square/retrofit/retrofit-converters/gson/src/test/resources
[INFO] 
[INFO] --- maven-compiler-plugin:3.0:testCompile (default-testCompile) @ converter-gson ---
[INFO] Changes detected - recompiling the module!
[INFO] Compiling 1 source file to /home/travis/build/square/retrofit/retrofit-converters/gson/target/test-classes
[INFO] 
[INFO] --- maven-surefire-plugin:2.12.4:test (default-test) @ converter-gson ---
[INFO] Tests are skipped.
[INFO] 
[INFO] --- animal-sniffer-maven-plugin:1.14:check (default) @ converter-gson ---
[INFO] Checking unresolved references to org.codehaus.mojo.signature:java16:1.1
[INFO] 
[INFO] --- maven-jar-plugin:2.4:jar (default-jar) @ converter-gson ---
[INFO] Building jar: /home/travis/build/square/retrofit/retrofit-converters/gson/target/converter-gson-2.1.1-SNAPSHOT.jar
[INFO] 
[INFO] --- maven-javadoc-plugin:2.10.3:jar (attach-javadocs) @ converter-gson ---
[INFO] Skipping javadoc generation
[INFO] 
[INFO] --- maven-checkstyle-plugin:2.15:checkstyle (default) @ converter-gson ---
[INFO] Starting audit...
Audit done.
[WARNING] Unable to locate Source XRef to link to - DISABLED
[INFO] 
[INFO] --- maven-install-plugin:2.4:install (default-install) @ converter-gson ---
[INFO] Installing /home/travis/build/square/retrofit/retrofit-converters/gson/target/converter-gson-2.1.1-SNAPSHOT.jar to /home/travis/.m2/repository/com/squareup/retrofit2/converter-gson/2.1.1-SNAPSHOT/converter-gson-2.1.1-SNAPSHOT.jar
[INFO] Installing /home/travis/build/square/retrofit/retrofit-converters/gson/pom.xml to /home/travis/.m2/repository/com/squareup/retrofit2/converter-gson/2.1.1-SNAPSHOT/converter-gson-2.1.1-SNAPSHOT.pom
[INFO]                                                                         
[INFO] ------------------------------------------------------------------------
[INFO] Building Converter: Protocol Buffers 2.1.1-SNAPSHOT
[INFO] ------------------------------------------------------------------------
[INFO] 
[INFO] --- maven-enforcer-plugin:1.0:enforce (enforce-maven) @ converter-protobuf ---
[INFO] 
[INFO] --- maven-resources-plugin:2.6:resources (default-resources) @ converter-protobuf ---
[INFO] Using 'UTF-8' encoding to copy filtered resources.
[INFO] skip non existing resourceDirectory /home/travis/build/square/retrofit/retrofit-converters/protobuf/src/main/resources
[INFO] 
[INFO] --- maven-compiler-plugin:3.0:compile (default-compile) @ converter-protobuf ---
[INFO] Changes detected - recompiling the module!
[INFO] Compiling 3 source files to /home/travis/build/square/retrofit/retrofit-converters/protobuf/target/classes
[WARNING] /home/travis/build/square/retrofit/retrofit-converters/protobuf/src/main/java/retrofit2/converter/protobuf/ProtoConverterFactory.java: /home/travis/build/square/retrofit/retrofit-converters/protobuf/src/main/java/retrofit2/converter/protobuf/ProtoConverterFactory.java uses unchecked or unsafe operations.
[WARNING] /home/travis/build/square/retrofit/retrofit-converters/protobuf/src/main/java/retrofit2/converter/protobuf/ProtoConverterFactory.java: Recompile with -Xlint:unchecked for details.
[INFO] 
[INFO] --- maven-resources-plugin:2.6:testResources (default-testResources) @ converter-protobuf ---
[INFO] Using 'UTF-8' encoding to copy filtered resources.
[INFO] skip non existing resourceDirectory /home/travis/build/square/retrofit/retrofit-converters/protobuf/src/test/resources
[INFO] 
[INFO] --- maven-compiler-plugin:3.0:testCompile (default-testCompile) @ converter-protobuf ---
[INFO] Changes detected - recompiling the module!
[INFO] Compiling 2 source files to /home/travis/build/square/retrofit/retrofit-converters/protobuf/target/test-classes
[INFO] 
[INFO] --- maven-surefire-plugin:2.12.4:test (default-test) @ converter-protobuf ---
[INFO] Tests are skipped.
[INFO] 
[INFO] --- animal-sniffer-maven-plugin:1.14:check (default) @ converter-protobuf ---
[INFO] Checking unresolved references to org.codehaus.mojo.signature:java16:1.1
[INFO] 
[INFO] --- maven-jar-plugin:2.4:jar (default-jar) @ converter-protobuf ---
[INFO] Building jar: /home/travis/build/square/retrofit/retrofit-converters/protobuf/target/converter-protobuf-2.1.1-SNAPSHOT.jar
[INFO] 
[INFO] --- maven-javadoc-plugin:2.10.3:jar (attach-javadocs) @ converter-protobuf ---
[INFO] Skipping javadoc generation
[INFO] 
[INFO] --- maven-checkstyle-plugin:2.15:checkstyle (default) @ converter-protobuf ---
[INFO] Starting audit...
Audit done.
[WARNING] Unable to locate Source XRef to link to - DISABLED
[INFO] 
[INFO] --- maven-install-plugin:2.4:install (default-install) @ converter-protobuf ---
[INFO] Installing /home/travis/build/square/retrofit/retrofit-converters/protobuf/target/converter-protobuf-2.1.1-SNAPSHOT.jar to /home/travis/.m2/repository/com/squareup/retrofit2/converter-protobuf/2.1.1-SNAPSHOT/converter-protobuf-2.1.1-SNAPSHOT.jar
[INFO] Installing /home/travis/build/square/retrofit/retrofit-converters/protobuf/pom.xml to /home/travis/.m2/repository/com/squareup/retrofit2/converter-protobuf/2.1.1-SNAPSHOT/converter-protobuf-2.1.1-SNAPSHOT.pom
[INFO]                                                                         
[INFO] ------------------------------------------------------------------------
[INFO] Building Converter: Jackson 2.1.1-SNAPSHOT
[INFO] ------------------------------------------------------------------------
[INFO] 
[INFO] --- maven-enforcer-plugin:1.0:enforce (enforce-maven) @ converter-jackson ---
[INFO] 
[INFO] --- maven-resources-plugin:2.6:resources (default-resources) @ converter-jackson ---
[INFO] Using 'UTF-8' encoding to copy filtered resources.
[INFO] skip non existing resourceDirectory /home/travis/build/square/retrofit/retrofit-converters/jackson/src/main/resources
[INFO] 
[INFO] --- maven-compiler-plugin:3.0:compile (default-compile) @ converter-jackson ---
[INFO] Changes detected - recompiling the module!
[INFO] Compiling 3 source files to /home/travis/build/square/retrofit/retrofit-converters/jackson/target/classes
[WARNING] /home/travis/build/square/retrofit/retrofit-converters/jackson/src/main/java/retrofit2/converter/jackson/JacksonConverterFactory.java: /home/travis/build/square/retrofit/retrofit-converters/jackson/src/main/java/retrofit2/converter/jackson/JacksonConverterFactory.java uses or overrides a deprecated API.
[WARNING] /home/travis/build/square/retrofit/retrofit-converters/jackson/src/main/java/retrofit2/converter/jackson/JacksonConverterFactory.java: Recompile with -Xlint:deprecation for details.
[INFO] 
[INFO] --- maven-resources-plugin:2.6:testResources (default-testResources) @ converter-jackson ---
[INFO] Using 'UTF-8' encoding to copy filtered resources.
[INFO] skip non existing resourceDirectory /home/travis/build/square/retrofit/retrofit-converters/jackson/src/test/resources
[INFO] 
[INFO] --- maven-compiler-plugin:3.0:testCompile (default-testCompile) @ converter-jackson ---
[INFO] Changes detected - recompiling the module!
[INFO] Compiling 1 source file to /home/travis/build/square/retrofit/retrofit-converters/jackson/target/test-classes
[WARNING] /home/travis/build/square/retrofit/retrofit-converters/jackson/src/test/java/retrofit2/converter/jackson/JacksonConverterFactoryTest.java: /home/travis/build/square/retrofit/retrofit-converters/jackson/src/test/java/retrofit2/converter/jackson/JacksonConverterFactoryTest.java uses or overrides a deprecated API.
[WARNING] /home/travis/build/square/retrofit/retrofit-converters/jackson/src/test/java/retrofit2/converter/jackson/JacksonConverterFactoryTest.java: Recompile with -Xlint:deprecation for details.
[INFO] 
[INFO] --- maven-surefire-plugin:2.12.4:test (default-test) @ converter-jackson ---
[INFO] Tests are skipped.
[INFO] 
[INFO] --- animal-sniffer-maven-plugin:1.14:check (default) @ converter-jackson ---
[INFO] Checking unresolved references to org.codehaus.mojo.signature:java16:1.1
[INFO] 
[INFO] --- maven-jar-plugin:2.4:jar (default-jar) @ converter-jackson ---
[INFO] Building jar: /home/travis/build/square/retrofit/retrofit-converters/jackson/target/converter-jackson-2.1.1-SNAPSHOT.jar
[INFO] 
[INFO] --- maven-javadoc-plugin:2.10.3:jar (attach-javadocs) @ converter-jackson ---
[INFO] Skipping javadoc generation
[INFO] 
[INFO] --- maven-checkstyle-plugin:2.15:checkstyle (default) @ converter-jackson ---
[INFO] Starting audit...
Audit done.
[WARNING] Unable to locate Source XRef to link to - DISABLED
[INFO] 
[INFO] --- maven-install-plugin:2.4:install (default-install) @ converter-jackson ---
[INFO] Installing /home/travis/build/square/retrofit/retrofit-converters/jackson/target/converter-jackson-2.1.1-SNAPSHOT.jar to /home/travis/.m2/repository/com/squareup/retrofit2/converter-jackson/2.1.1-SNAPSHOT/converter-jackson-2.1.1-SNAPSHOT.jar
[INFO] Installing /home/travis/build/square/retrofit/retrofit-converters/jackson/pom.xml to /home/travis/.m2/repository/com/squareup/retrofit2/converter-jackson/2.1.1-SNAPSHOT/converter-jackson-2.1.1-SNAPSHOT.pom
[INFO]                                                                         
[INFO] ------------------------------------------------------------------------
[INFO] Building Converter: Wire Protocol Buffers 2.1.1-SNAPSHOT
[INFO] ------------------------------------------------------------------------
[INFO] 
[INFO] --- maven-enforcer-plugin:1.0:enforce (enforce-maven) @ converter-wire ---
[INFO] 
[INFO] --- maven-resources-plugin:2.6:resources (default-resources) @ converter-wire ---
[INFO] Using 'UTF-8' encoding to copy filtered resources.
[INFO] skip non existing resourceDirectory /home/travis/build/square/retrofit/retrofit-converters/wire/src/main/resources
[INFO] 
[INFO] --- maven-compiler-plugin:3.0:compile (default-compile) @ converter-wire ---
[INFO] Changes detected - recompiling the module!
[INFO] Compiling 3 source files to /home/travis/build/square/retrofit/retrofit-converters/wire/target/classes
[WARNING] /home/travis/build/square/retrofit/retrofit-converters/wire/src/main/java/retrofit2/converter/wire/WireConverterFactory.java: /home/travis/build/square/retrofit/retrofit-converters/wire/src/main/java/retrofit2/converter/wire/WireConverterFactory.java uses unchecked or unsafe operations.
[WARNING] /home/travis/build/square/retrofit/retrofit-converters/wire/src/main/java/retrofit2/converter/wire/WireConverterFactory.java: Recompile with -Xlint:unchecked for details.
[INFO] 
[INFO] --- maven-resources-plugin:2.6:testResources (default-testResources) @ converter-wire ---
[INFO] Using 'UTF-8' encoding to copy filtered resources.
[INFO] skip non existing resourceDirectory /home/travis/build/square/retrofit/retrofit-converters/wire/src/test/resources
[INFO] 
[INFO] --- maven-compiler-plugin:3.0:testCompile (default-testCompile) @ converter-wire ---
[INFO] Changes detected - recompiling the module!
[INFO] Compiling 2 source files to /home/travis/build/square/retrofit/retrofit-converters/wire/target/test-classes
[INFO] 
[INFO] --- maven-surefire-plugin:2.12.4:test (default-test) @ converter-wire ---
[INFO] Tests are skipped.
[INFO] 
[INFO] --- animal-sniffer-maven-plugin:1.14:check (default) @ converter-wire ---
[INFO] Checking unresolved references to org.codehaus.mojo.signature:java16:1.1
[INFO] 
[INFO] --- maven-jar-plugin:2.4:jar (default-jar) @ converter-wire ---
[INFO] Building jar: /home/travis/build/square/retrofit/retrofit-converters/wire/target/converter-wire-2.1.1-SNAPSHOT.jar
[INFO] 
[INFO] --- maven-javadoc-plugin:2.10.3:jar (attach-javadocs) @ converter-wire ---
[INFO] Skipping javadoc generation
[INFO] 
[INFO] --- maven-checkstyle-plugin:2.15:checkstyle (default) @ converter-wire ---
[INFO] Starting audit...
Audit done.
[WARNING] Unable to locate Source XRef to link to - DISABLED
[INFO] 
[INFO] --- maven-install-plugin:2.4:install (default-install) @ converter-wire ---
[INFO] Installing /home/travis/build/square/retrofit/retrofit-converters/wire/target/converter-wire-2.1.1-SNAPSHOT.jar to /home/travis/.m2/repository/com/squareup/retrofit2/converter-wire/2.1.1-SNAPSHOT/converter-wire-2.1.1-SNAPSHOT.jar
[INFO] Installing /home/travis/build/square/retrofit/retrofit-converters/wire/pom.xml to /home/travis/.m2/repository/com/squareup/retrofit2/converter-wire/2.1.1-SNAPSHOT/converter-wire-2.1.1-SNAPSHOT.pom
[INFO]                                                                         
[INFO] ------------------------------------------------------------------------
[INFO] Building Converter: SimpleXML 2.1.1-SNAPSHOT
[INFO] ------------------------------------------------------------------------
[INFO] 
[INFO] --- maven-enforcer-plugin:1.0:enforce (enforce-maven) @ converter-simplexml ---
[INFO] 
[INFO] --- maven-resources-plugin:2.6:resources (default-resources) @ converter-simplexml ---
[INFO] Using 'UTF-8' encoding to copy filtered resources.
[INFO] skip non existing resourceDirectory /home/travis/build/square/retrofit/retrofit-converters/simplexml/src/main/resources
[INFO] 
[INFO] --- maven-compiler-plugin:3.0:compile (default-compile) @ converter-simplexml ---
[INFO] Changes detected - recompiling the module!
[INFO] Compiling 3 source files to /home/travis/build/square/retrofit/retrofit-converters/simplexml/target/classes
[INFO] 
[INFO] --- maven-resources-plugin:2.6:testResources (default-testResources) @ converter-simplexml ---
[INFO] Using 'UTF-8' encoding to copy filtered resources.
[INFO] skip non existing resourceDirectory /home/travis/build/square/retrofit/retrofit-converters/simplexml/src/test/resources
[INFO] 
[INFO] --- maven-compiler-plugin:3.0:testCompile (default-testCompile) @ converter-simplexml ---
[INFO] Changes detected - recompiling the module!
[INFO] Compiling 2 source files to /home/travis/build/square/retrofit/retrofit-converters/simplexml/target/test-classes
[INFO] 
[INFO] --- maven-surefire-plugin:2.12.4:test (default-test) @ converter-simplexml ---
[INFO] Tests are skipped.
[INFO] 
[INFO] --- animal-sniffer-maven-plugin:1.14:check (default) @ converter-simplexml ---
[INFO] Checking unresolved references to org.codehaus.mojo.signature:java16:1.1
[INFO] 
[INFO] --- maven-jar-plugin:2.4:jar (default-jar) @ converter-simplexml ---
[INFO] Building jar: /home/travis/build/square/retrofit/retrofit-converters/simplexml/target/converter-simplexml-2.1.1-SNAPSHOT.jar
[INFO] 
[INFO] --- maven-javadoc-plugin:2.10.3:jar (attach-javadocs) @ converter-simplexml ---
[INFO] Skipping javadoc generation
[INFO] 
[INFO] --- maven-checkstyle-plugin:2.15:checkstyle (default) @ converter-simplexml ---
[INFO] Starting audit...
Audit done.
[WARNING] Unable to locate Source XRef to link to - DISABLED
[INFO] 
[INFO] --- maven-install-plugin:2.4:install (default-install) @ converter-simplexml ---
[INFO] Installing /home/travis/build/square/retrofit/retrofit-converters/simplexml/target/converter-simplexml-2.1.1-SNAPSHOT.jar to /home/travis/.m2/repository/com/squareup/retrofit2/converter-simplexml/2.1.1-SNAPSHOT/converter-simplexml-2.1.1-SNAPSHOT.jar
[INFO] Installing /home/travis/build/square/retrofit/retrofit-converters/simplexml/pom.xml to /home/travis/.m2/repository/com/squareup/retrofit2/converter-simplexml/2.1.1-SNAPSHOT/converter-simplexml-2.1.1-SNAPSHOT.pom
[INFO]                                                                         
[INFO] ------------------------------------------------------------------------
[INFO] Building Converter: Java Scalars 2.1.1-SNAPSHOT
[INFO] ------------------------------------------------------------------------
[INFO] 
[INFO] --- maven-enforcer-plugin:1.0:enforce (enforce-maven) @ converter-scalars ---
[INFO] 
[INFO] --- maven-resources-plugin:2.6:resources (default-resources) @ converter-scalars ---
[INFO] Using 'UTF-8' encoding to copy filtered resources.
[INFO] skip non existing resourceDirectory /home/travis/build/square/retrofit/retrofit-converters/scalars/src/main/resources
[INFO] 
[INFO] --- maven-compiler-plugin:3.0:compile (default-compile) @ converter-scalars ---
[INFO] Changes detected - recompiling the module!
[INFO] Compiling 3 source files to /home/travis/build/square/retrofit/retrofit-converters/scalars/target/classes
[INFO] 
[INFO] --- maven-resources-plugin:2.6:testResources (default-testResources) @ converter-scalars ---
[INFO] Using 'UTF-8' encoding to copy filtered resources.
[INFO] skip non existing resourceDirectory /home/travis/build/square/retrofit/retrofit-converters/scalars/src/test/resources
[INFO] 
[INFO] --- maven-compiler-plugin:3.0:testCompile (default-testCompile) @ converter-scalars ---
[INFO] Changes detected - recompiling the module!
[INFO] Compiling 2 source files to /home/travis/build/square/retrofit/retrofit-converters/scalars/target/test-classes
[INFO] 
[INFO] --- maven-surefire-plugin:2.12.4:test (default-test) @ converter-scalars ---
[INFO] Tests are skipped.
[INFO] 
[INFO] --- animal-sniffer-maven-plugin:1.14:check (default) @ converter-scalars ---
[INFO] Checking unresolved references to org.codehaus.mojo.signature:java16:1.1
[INFO] 
[INFO] --- maven-jar-plugin:2.4:jar (default-jar) @ converter-scalars ---
[INFO] Building jar: /home/travis/build/square/retrofit/retrofit-converters/scalars/target/converter-scalars-2.1.1-SNAPSHOT.jar
[INFO] 
[INFO] --- maven-javadoc-plugin:2.10.3:jar (attach-javadocs) @ converter-scalars ---
[INFO] Skipping javadoc generation
[INFO] 
[INFO] --- maven-checkstyle-plugin:2.15:checkstyle (default) @ converter-scalars ---
[INFO] Starting audit...
Audit done.
[WARNING] Unable to locate Source XRef to link to - DISABLED
[INFO] 
[INFO] --- maven-install-plugin:2.4:install (default-install) @ converter-scalars ---
[INFO] Installing /home/travis/build/square/retrofit/retrofit-converters/scalars/target/converter-scalars-2.1.1-SNAPSHOT.jar to /home/travis/.m2/repository/com/squareup/retrofit2/converter-scalars/2.1.1-SNAPSHOT/converter-scalars-2.1.1-SNAPSHOT.jar
[INFO] Installing /home/travis/build/square/retrofit/retrofit-converters/scalars/pom.xml to /home/travis/.m2/repository/com/squareup/retrofit2/converter-scalars/2.1.1-SNAPSHOT/converter-scalars-2.1.1-SNAPSHOT.pom
[INFO]                                                                         
[INFO] ------------------------------------------------------------------------
[INFO] Building Converter: Moshi 2.1.1-SNAPSHOT
[INFO] ------------------------------------------------------------------------
[INFO] Downloading: http://repo.maven.apache.org/maven2/com/squareup/okio/okio/1.9.0/okio-1.9.0.pom
[INFO] Downloaded: http://repo.maven.apache.org/maven2/com/squareup/okio/okio/1.9.0/okio-1.9.0.pom (2 KB at 10.3 KB/sec)
[INFO] Downloading: http://repo.maven.apache.org/maven2/com/squareup/okio/okio-parent/1.9.0/okio-parent-1.9.0.pom
[INFO] Downloaded: http://repo.maven.apache.org/maven2/com/squareup/okio/okio-parent/1.9.0/okio-parent-1.9.0.pom (4 KB at 135.6 KB/sec)
[INFO] Downloading: http://repo.maven.apache.org/maven2/com/squareup/okio/okio/1.9.0/okio-1.9.0.jar
[INFO] Downloaded: http://repo.maven.apache.org/maven2/com/squareup/okio/okio/1.9.0/okio-1.9.0.jar (75 KB at 1954.1 KB/sec)
[INFO] 
[INFO] --- maven-enforcer-plugin:1.0:enforce (enforce-maven) @ converter-moshi ---
[INFO] 
[INFO] --- maven-resources-plugin:2.6:resources (default-resources) @ converter-moshi ---
[INFO] Using 'UTF-8' encoding to copy filtered resources.
[INFO] skip non existing resourceDirectory /home/travis/build/square/retrofit/retrofit-converters/moshi/src/main/resources
[INFO] 
[INFO] --- maven-compiler-plugin:3.0:compile (default-compile) @ converter-moshi ---
[INFO] Changes detected - recompiling the module!
[INFO] Compiling 3 source files to /home/travis/build/square/retrofit/retrofit-converters/moshi/target/classes
[INFO] 
[INFO] --- maven-resources-plugin:2.6:testResources (default-testResources) @ converter-moshi ---
[INFO] Using 'UTF-8' encoding to copy filtered resources.
[INFO] skip non existing resourceDirectory /home/travis/build/square/retrofit/retrofit-converters/moshi/src/test/resources
[INFO] 
[INFO] --- maven-compiler-plugin:3.0:testCompile (default-testCompile) @ converter-moshi ---
[INFO] Changes detected - recompiling the module!
[INFO] Compiling 1 source file to /home/travis/build/square/retrofit/retrofit-converters/moshi/target/test-classes
[INFO] 
[INFO] --- maven-surefire-plugin:2.12.4:test (default-test) @ converter-moshi ---
[INFO] Tests are skipped.
[INFO] 
[INFO] --- animal-sniffer-maven-plugin:1.14:check (default) @ converter-moshi ---
[INFO] Checking unresolved references to org.codehaus.mojo.signature:java16:1.1
[INFO] 
[INFO] --- maven-jar-plugin:2.4:jar (default-jar) @ converter-moshi ---
[INFO] Building jar: /home/travis/build/square/retrofit/retrofit-converters/moshi/target/converter-moshi-2.1.1-SNAPSHOT.jar
[INFO] 
[INFO] --- maven-javadoc-plugin:2.10.3:jar (attach-javadocs) @ converter-moshi ---
[INFO] Skipping javadoc generation
[INFO] 
[INFO] --- maven-checkstyle-plugin:2.15:checkstyle (default) @ converter-moshi ---
[INFO] Starting audit...
Audit done.
[WARNING] Unable to locate Source XRef to link to - DISABLED
[INFO] 
[INFO] --- maven-install-plugin:2.4:install (default-install) @ converter-moshi ---
[INFO] Installing /home/travis/build/square/retrofit/retrofit-converters/moshi/target/converter-moshi-2.1.1-SNAPSHOT.jar to /home/travis/.m2/repository/com/squareup/retrofit2/converter-moshi/2.1.1-SNAPSHOT/converter-moshi-2.1.1-SNAPSHOT.jar
[INFO] Installing /home/travis/build/square/retrofit/retrofit-converters/moshi/pom.xml to /home/travis/.m2/repository/com/squareup/retrofit2/converter-moshi/2.1.1-SNAPSHOT/converter-moshi-2.1.1-SNAPSHOT.pom
[INFO]                                                                         
[INFO] ------------------------------------------------------------------------
[INFO] Building Retrofit Mock Adapter 2.1.1-SNAPSHOT
[INFO] ------------------------------------------------------------------------
[INFO] 
[INFO] --- maven-enforcer-plugin:1.0:enforce (enforce-maven) @ retrofit-mock ---
[INFO] 
[INFO] --- maven-resources-plugin:2.6:resources (default-resources) @ retrofit-mock ---
[INFO] Using 'UTF-8' encoding to copy filtered resources.
[INFO] skip non existing resourceDirectory /home/travis/build/square/retrofit/retrofit-mock/src/main/resources
[INFO] 
[INFO] --- maven-compiler-plugin:3.0:compile (default-compile) @ retrofit-mock ---
[INFO] Changes detected - recompiling the module!
[INFO] Compiling 5 source files to /home/travis/build/square/retrofit/retrofit-mock/target/classes
[INFO] 
[INFO] --- maven-resources-plugin:2.6:testResources (default-testResources) @ retrofit-mock ---
[INFO] Using 'UTF-8' encoding to copy filtered resources.
[INFO] skip non existing resourceDirectory /home/travis/build/square/retrofit/retrofit-mock/src/test/resources
[INFO] 
[INFO] --- maven-compiler-plugin:3.0:testCompile (default-testCompile) @ retrofit-mock ---
[INFO] Changes detected - recompiling the module!
[INFO] Compiling 3 source files to /home/travis/build/square/retrofit/retrofit-mock/target/test-classes
[INFO] 
[INFO] --- maven-surefire-plugin:2.12.4:test (default-test) @ retrofit-mock ---
[INFO] Tests are skipped.
[INFO] 
[INFO] --- animal-sniffer-maven-plugin:1.14:check (default) @ retrofit-mock ---
[INFO] Checking unresolved references to org.codehaus.mojo.signature:java16:1.1
[INFO] 
[INFO] --- maven-jar-plugin:2.4:jar (default-jar) @ retrofit-mock ---
[INFO] Building jar: /home/travis/build/square/retrofit/retrofit-mock/target/retrofit-mock-2.1.1-SNAPSHOT.jar
[INFO] 
[INFO] --- maven-javadoc-plugin:2.10.3:jar (attach-javadocs) @ retrofit-mock ---
[INFO] Skipping javadoc generation
[INFO] 
[INFO] --- maven-checkstyle-plugin:2.15:checkstyle (default) @ retrofit-mock ---
[INFO] Starting audit...
Audit done.
[WARNING] Unable to locate Source XRef to link to - DISABLED
[INFO] 
[INFO] --- maven-install-plugin:2.4:install (default-install) @ retrofit-mock ---
[INFO] Installing /home/travis/build/square/retrofit/retrofit-mock/target/retrofit-mock-2.1.1-SNAPSHOT.jar to /home/travis/.m2/repository/com/squareup/retrofit2/retrofit-mock/2.1.1-SNAPSHOT/retrofit-mock-2.1.1-SNAPSHOT.jar
[INFO] Installing /home/travis/build/square/retrofit/retrofit-mock/pom.xml to /home/travis/.m2/repository/com/squareup/retrofit2/retrofit-mock/2.1.1-SNAPSHOT/retrofit-mock-2.1.1-SNAPSHOT.pom
[INFO]                                                                         
[INFO] ------------------------------------------------------------------------
[INFO] Building Samples 2.1.1-SNAPSHOT
[INFO] ------------------------------------------------------------------------
[INFO] 
[INFO] --- maven-enforcer-plugin:1.0:enforce (enforce-maven) @ samples ---
[INFO] 
[INFO] --- maven-resources-plugin:2.6:resources (default-resources) @ samples ---
[INFO] Using 'UTF-8' encoding to copy filtered resources.
[INFO] skip non existing resourceDirectory /home/travis/build/square/retrofit/samples/src/main/resources
[INFO] 
[INFO] --- maven-compiler-plugin:3.0:compile (default-compile) @ samples ---
[INFO] Changes detected - recompiling the module!
[INFO] Compiling 9 source files to /home/travis/build/square/retrofit/samples/target/classes
[INFO] 
[INFO] --- maven-resources-plugin:2.6:testResources (default-testResources) @ samples ---
[INFO] Using 'UTF-8' encoding to copy filtered resources.
[INFO] skip non existing resourceDirectory /home/travis/build/square/retrofit/samples/src/test/resources
[INFO] 
[INFO] --- maven-compiler-plugin:3.0:testCompile (default-testCompile) @ samples ---
[INFO] No sources to compile
[INFO] 
[INFO] --- maven-surefire-plugin:2.12.4:test (default-test) @ samples ---
[INFO] Tests are skipped.
[INFO] 
[INFO] --- animal-sniffer-maven-plugin:1.14:check (default) @ samples ---
[INFO] Checking unresolved references to org.codehaus.mojo.signature:java16:1.1
[INFO] 
[INFO] --- maven-jar-plugin:2.4:jar (default-jar) @ samples ---
[INFO] Building jar: /home/travis/build/square/retrofit/samples/target/samples-2.1.1-SNAPSHOT.jar
[INFO] 
[INFO] --- maven-javadoc-plugin:2.10.3:jar (attach-javadocs) @ samples ---
[INFO] Skipping javadoc generation
[INFO] 
[INFO] --- maven-checkstyle-plugin:2.15:checkstyle (default) @ samples ---
[INFO] Starting audit...
Audit done.
[WARNING] Unable to locate Source XRef to link to - DISABLED
[INFO] 
[INFO] --- maven-install-plugin:2.4:install (default-install) @ samples ---
[INFO] Installing /home/travis/build/square/retrofit/samples/target/samples-2.1.1-SNAPSHOT.jar to /home/travis/.m2/repository/com/squareup/retrofit2/samples/2.1.1-SNAPSHOT/samples-2.1.1-SNAPSHOT.jar
[INFO] Installing /home/travis/build/square/retrofit/samples/pom.xml to /home/travis/.m2/repository/com/squareup/retrofit2/samples/2.1.1-SNAPSHOT/samples-2.1.1-SNAPSHOT.pom
[INFO] ------------------------------------------------------------------------
[INFO] Reactor Summary:
[INFO] 
[INFO] Retrofit (Parent) .................................. SUCCESS [  5.222 s]
[INFO] Retrofit ........................................... SUCCESS [ 16.106 s]
[INFO] Adapters ........................................... SUCCESS [  0.518 s]
[INFO] Adapter: Guava ..................................... SUCCESS [  2.804 s]
[INFO] Adapter: Java 8 .................................... SUCCESS [  1.551 s]
[INFO] Adapter: RxJava .................................... SUCCESS [  1.550 s]
[INFO] Converters ......................................... SUCCESS [  0.214 s]
[INFO] Converter: Gson .................................... SUCCESS [  1.087 s]
[INFO] Converter: Protocol Buffers ........................ SUCCESS [  1.275 s]
[INFO] Converter: Jackson ................................. SUCCESS [  0.953 s]
[INFO] Converter: Wire Protocol Buffers ................... SUCCESS [  1.067 s]
[INFO] Converter: SimpleXML ............................... SUCCESS [  1.608 s]
[INFO] Converter: Java Scalars ............................ SUCCESS [  0.837 s]
[INFO] Converter: Moshi ................................... SUCCESS [  1.576 s]
[INFO] Retrofit Mock Adapter .............................. SUCCESS [  0.875 s]
[INFO] Samples ............................................ SUCCESS [  2.092 s]
[INFO] ------------------------------------------------------------------------
[INFO] BUILD SUCCESS
[INFO] ------------------------------------------------------------------------
[INFO] Total time: 39.846 s
[INFO] Finished at: 2016-07-09T02:26:07+00:00
[INFO] Final Memory: 47M/424M
[INFO] ------------------------------------------------------------------------

travis_time:end:24108b4f:start=1468031126289606071,finish=1468031169084022603,duration=42794416532[0Ktravis_fold:end:install[0Ktravis_time:start:1df6ddda[0K$ mvn test -B
Java HotSpot(TM) 64-Bit Server VM warning: ignoring option MaxPermSize=192m; support was removed in 8.0
[INFO] Scanning for projects...
[WARNING] 
[WARNING] Some problems were encountered while building the effective model for com.squareup.retrofit2:samples:jar:2.1.1-SNAPSHOT
[WARNING] 'build.plugins.plugin.version' for org.apache.maven.plugins:maven-deploy-plugin is missing. @ com.squareup.retrofit2:samples:[unknown-version], /home/travis/build/square/retrofit/samples/pom.xml, line 55, column 15
[WARNING] 
[WARNING] It is highly recommended to fix these problems because they threaten the stability of your build.
[WARNING] 
[WARNING] For this reason, future Maven versions might no longer support building such malformed projects.
[WARNING] 
[INFO] ------------------------------------------------------------------------
[INFO] Reactor Build Order:
[INFO] 
[INFO] Retrofit (Parent)
[INFO] Retrofit
[INFO] Adapters
[INFO] Adapter: Guava
[INFO] Adapter: Java 8
[INFO] Adapter: RxJava
[INFO] Converters
[INFO] Converter: Gson
[INFO] Converter: Protocol Buffers
[INFO] Converter: Jackson
[INFO] Converter: Wire Protocol Buffers
[INFO] Converter: SimpleXML
[INFO] Converter: Java Scalars
[INFO] Converter: Moshi
[INFO] Retrofit Mock Adapter
[INFO] Samples
[INFO]                                                                         
[INFO] ------------------------------------------------------------------------
[INFO] Building Retrofit (Parent) 2.1.1-SNAPSHOT
[INFO] ------------------------------------------------------------------------
[INFO] 
[INFO] --- maven-enforcer-plugin:1.0:enforce (enforce-maven) @ parent ---
[INFO] 
[INFO] --- animal-sniffer-maven-plugin:1.14:check (default) @ parent ---
[INFO] Checking unresolved references to org.codehaus.mojo.signature:java16:1.1
[INFO]                                                                         
[INFO] ------------------------------------------------------------------------
[INFO] Building Retrofit 2.1.1-SNAPSHOT
[INFO] ------------------------------------------------------------------------
[INFO] 
[INFO] --- maven-enforcer-plugin:1.0:enforce (enforce-maven) @ retrofit ---
[INFO] 
[INFO] --- maven-resources-plugin:2.6:resources (default-resources) @ retrofit ---
[INFO] Using 'UTF-8' encoding to copy filtered resources.
[INFO] skip non existing resourceDirectory /home/travis/build/square/retrofit/retrofit/src/main/resources
[INFO] 
[INFO] --- maven-compiler-plugin:3.0:compile (default-compile) @ retrofit ---
[INFO] Changes detected - recompiling the module!
[INFO] Compiling 40 source files to /home/travis/build/square/retrofit/retrofit/target/classes
[WARNING] /home/travis/build/square/retrofit/retrofit/src/main/java/retrofit2/Retrofit.java: Some input files use unchecked or unsafe operations.
[WARNING] /home/travis/build/square/retrofit/retrofit/src/main/java/retrofit2/Retrofit.java: Recompile with -Xlint:unchecked for details.
[INFO] 
[INFO] --- maven-resources-plugin:2.6:testResources (default-testResources) @ retrofit ---
[INFO] Using 'UTF-8' encoding to copy filtered resources.
[INFO] skip non existing resourceDirectory /home/travis/build/square/retrofit/retrofit/src/test/resources
[INFO] 
[INFO] --- maven-compiler-plugin:3.0:testCompile (default-testCompile) @ retrofit ---
[INFO] Changes detected - recompiling the module!
[INFO] Compiling 14 source files to /home/travis/build/square/retrofit/retrofit/target/test-classes
[WARNING] /home/travis/build/square/retrofit/retrofit/src/test/java/retrofit2/RetrofitTest.java: /home/travis/build/square/retrofit/retrofit/src/test/java/retrofit2/RetrofitTest.java uses unchecked or unsafe operations.
[WARNING] /home/travis/build/square/retrofit/retrofit/src/test/java/retrofit2/RetrofitTest.java: Recompile with -Xlint:unchecked for details.
[INFO] 
[INFO] --- maven-surefire-plugin:2.12.4:test (default-test) @ retrofit ---
[INFO] Surefire report directory: /home/travis/build/square/retrofit/retrofit/target/surefire-reports

-------------------------------------------------------
 T E S T S
-------------------------------------------------------
Running retrofit2.CallTest
Jul 09, 2016 2:26:22 AM okhttp3.mockwebserver.MockWebServer$3 execute
INFO: MockWebServer[59948] starting to accept connections
Jul 09, 2016 2:26:23 AM okhttp3.mockwebserver.MockWebServer$3 acceptConnections
INFO: MockWebServer[59948] done accepting connections: Socket closed
Jul 09, 2016 2:26:23 AM okhttp3.mockwebserver.MockWebServer$3 execute
INFO: MockWebServer[57007] starting to accept connections
Jul 09, 2016 2:26:23 AM okhttp3.mockwebserver.MockWebServer$4 processOneRequest
INFO: MockWebServer[57007] received request: GET / HTTP/1.1 and responded: HTTP/1.1 200 OK
Jul 09, 2016 2:26:23 AM okhttp3.mockwebserver.MockWebServer$3 acceptConnections
INFO: MockWebServer[57007] done accepting connections: Socket closed
Jul 09, 2016 2:26:23 AM okhttp3.mockwebserver.MockWebServer$3 execute
INFO: MockWebServer[56656] starting to accept connections
Jul 09, 2016 2:26:23 AM okhttp3.mockwebserver.MockWebServer$4 processOneRequest
INFO: MockWebServer[56656] received request: GET / HTTP/1.1 and responded: HTTP/1.1 404 Client Error
Jul 09, 2016 2:26:23 AM okhttp3.mockwebserver.MockWebServer$3 acceptConnections
INFO: MockWebServer[56656] done accepting connections: Socket closed
Jul 09, 2016 2:26:23 AM okhttp3.mockwebserver.MockWebServer$3 execute
INFO: MockWebServer[43853] starting to accept connections
Jul 09, 2016 2:26:23 AM okhttp3.mockwebserver.MockWebServer$3 acceptConnections
INFO: MockWebServer[43853] done accepting connections: Socket closed
Jul 09, 2016 2:26:23 AM okhttp3.mockwebserver.MockWebServer$4 processOneRequest
INFO: MockWebServer[43853] received request: POST /Hello HTTP/1.1 and responded: HTTP/1.1 200 OK
Jul 09, 2016 2:26:23 AM okhttp3.mockwebserver.MockWebServer$3 execute
INFO: MockWebServer[39523] starting to accept connections
Jul 09, 2016 2:26:23 AM okhttp3.mockwebserver.MockWebServer$3 acceptConnections
INFO: MockWebServer[39523] done accepting connections: Socket closed
Jul 09, 2016 2:26:23 AM okhttp3.mockwebserver.MockWebServer$3 execute
INFO: MockWebServer[51023] starting to accept connections
Jul 09, 2016 2:26:23 AM okhttp3.mockwebserver.MockWebServer$3 acceptConnections
INFO: MockWebServer[51023] done accepting connections: Socket closed
Jul 09, 2016 2:26:23 AM okhttp3.mockwebserver.MockWebServer$3 execute
INFO: MockWebServer[40858] starting to accept connections
Jul 09, 2016 2:26:23 AM okhttp3.mockwebserver.MockWebServer$4 processOneRequest
INFO: MockWebServer[40858] received request: GET / HTTP/1.1 and responded: HTTP/1.1 200 OK
Jul 09, 2016 2:26:23 AM okhttp3.mockwebserver.MockWebServer$3 acceptConnections
INFO: MockWebServer[40858] done accepting connections: Socket closed
Jul 09, 2016 2:26:23 AM okhttp3.mockwebserver.MockWebServer$3 execute
INFO: MockWebServer[53242] starting to accept connections
Jul 09, 2016 2:26:23 AM okhttp3.mockwebserver.MockWebServer$4 processOneRequest
INFO: MockWebServer[53242] received request: GET / HTTP/1.1 and responded: HTTP/1.1 200 OK
Jul 09, 2016 2:26:23 AM okhttp3.mockwebserver.MockWebServer$3 acceptConnections
INFO: MockWebServer[53242] done accepting connections: Socket closed
Jul 09, 2016 2:26:23 AM okhttp3.mockwebserver.MockWebServer$3 execute
INFO: MockWebServer[58312] starting to accept connections
Jul 09, 2016 2:26:23 AM okhttp3.mockwebserver.MockWebServer$3 acceptConnections
INFO: MockWebServer[58312] done accepting connections: Socket closed
Jul 09, 2016 2:26:23 AM okhttp3.mockwebserver.MockWebServer$3 execute
INFO: MockWebServer[57972] starting to accept connections
Jul 09, 2016 2:26:23 AM okhttp3.mockwebserver.MockWebServer$4 processOneRequest
INFO: MockWebServer[57972] received request: POST /Hello HTTP/1.1 and responded: HTTP/1.1 200 OK
Jul 09, 2016 2:26:23 AM okhttp3.mockwebserver.MockWebServer$3 acceptConnections
INFO: MockWebServer[57972] done accepting connections: Socket closed
Jul 09, 2016 2:26:23 AM okhttp3.mockwebserver.MockWebServer$3 execute
INFO: MockWebServer[42394] starting to accept connections
Jul 09, 2016 2:26:23 AM okhttp3.mockwebserver.MockWebServer$3 acceptConnections
INFO: MockWebServer[42394] done accepting connections: Socket closed
Jul 09, 2016 2:26:23 AM okhttp3.mockwebserver.MockWebServer$4 processOneRequest
INFO: MockWebServer[42394] received request: POST /Hello HTTP/1.1 and responded: HTTP/1.1 200 OK
Jul 09, 2016 2:26:23 AM okhttp3.mockwebserver.MockWebServer$3 execute
INFO: MockWebServer[53992] starting to accept connections
Jul 09, 2016 2:26:23 AM okhttp3.mockwebserver.MockWebServer$3 acceptConnections
INFO: MockWebServer[53992] done accepting connections: Socket closed
Jul 09, 2016 2:26:23 AM okhttp3.mockwebserver.MockWebServer$3 execute
INFO: MockWebServer[59321] starting to accept connections
Jul 09, 2016 2:26:23 AM okhttp3.mockwebserver.MockWebServer$3 acceptConnections
INFO: MockWebServer[59321] done accepting connections: Socket closed
Jul 09, 2016 2:26:23 AM okhttp3.mockwebserver.MockWebServer$4 processOneRequest
INFO: MockWebServer[59321] received request: GET / HTTP/1.1 and responded: HTTP/1.1 404 Client Error
Jul 09, 2016 2:26:23 AM okhttp3.mockwebserver.MockWebServer$3 execute
INFO: MockWebServer[45700] starting to accept connections
Jul 09, 2016 2:26:23 AM okhttp3.mockwebserver.MockWebServer$3 acceptConnections
INFO: MockWebServer[45700] done accepting connections: Socket closed
Jul 09, 2016 2:26:23 AM okhttp3.mockwebserver.MockWebServer$4 processOneRequest
INFO: MockWebServer[45700] received request: POST / HTTP/1.1 and responded: HTTP/1.1 200 OK
Jul 09, 2016 2:26:23 AM okhttp3.mockwebserver.MockWebServer$3 execute
INFO: MockWebServer[33988] starting to accept connections
Jul 09, 2016 2:26:24 AM okhttp3.mockwebserver.MockWebServer$4 processOneRequest
INFO: MockWebServer[33988] received request: GET / HTTP/1.1 and responded: HTTP/1.1 204 Nothin
Jul 09, 2016 2:26:24 AM okhttp3.mockwebserver.MockWebServer$3 acceptConnections
INFO: MockWebServer[33988] done accepting connections: Socket closed
Jul 09, 2016 2:26:24 AM okhttp3.mockwebserver.MockWebServer$3 execute
INFO: MockWebServer[44465] starting to accept connections
Jul 09, 2016 2:26:24 AM okhttp3.mockwebserver.MockWebServer$3 acceptConnections
INFO: MockWebServer[44465] done accepting connections: Socket closed
Jul 09, 2016 2:26:24 AM okhttp3.mockwebserver.MockWebServer$3 execute
INFO: MockWebServer[41629] starting to accept connections
Jul 09, 2016 2:26:24 AM okhttp3.mockwebserver.MockWebServer$3 acceptConnections
INFO: MockWebServer[41629] done accepting connections: Socket closed
Jul 09, 2016 2:26:24 AM okhttp3.mockwebserver.MockWebServer$4 processOneRequest
INFO: MockWebServer[41629] received request: GET / HTTP/1.1 and responded: HTTP/1.1 200 OK
Jul 09, 2016 2:26:24 AM okhttp3.mockwebserver.MockWebServer$3 execute
INFO: MockWebServer[55885] starting to accept connections
Jul 09, 2016 2:26:24 AM okhttp3.mockwebserver.MockWebServer$4 processOneRequest
INFO: MockWebServer[55885] received request: POST /Hello HTTP/1.1 and responded: HTTP/1.1 200 OK
Jul 09, 2016 2:26:24 AM okhttp3.mockwebserver.MockWebServer$3 acceptConnections
INFO: MockWebServer[55885] done accepting connections: Socket closed
Jul 09, 2016 2:26:24 AM okhttp3.mockwebserver.MockWebServer$3 execute
INFO: MockWebServer[43792] starting to accept connections
Jul 09, 2016 2:26:24 AM okhttp3.mockwebserver.MockWebServer$3 acceptConnections
INFO: MockWebServer[43792] done accepting connections: Socket closed
Jul 09, 2016 2:26:24 AM okhttp3.mockwebserver.MockWebServer$4 processOneRequest
INFO: MockWebServer[43792] received request: GET / HTTP/1.1 and responded: HTTP/1.1 200 OK
Jul 09, 2016 2:26:24 AM okhttp3.mockwebserver.MockWebServer$3 execute
INFO: MockWebServer[33761] starting to accept connections
Jul 09, 2016 2:26:24 AM okhttp3.mockwebserver.MockWebServer$3 acceptConnections
INFO: MockWebServer[33761] done accepting connections: Socket closed
Jul 09, 2016 2:26:24 AM okhttp3.mockwebserver.MockWebServer$4 processOneRequest
INFO: MockWebServer[33761] received request: POST / HTTP/1.1 and responded: HTTP/1.1 200 OK
Jul 09, 2016 2:26:24 AM okhttp3.mockwebserver.MockWebServer$3 execute
INFO: MockWebServer[35410] starting to accept connections
Jul 09, 2016 2:26:24 AM okhttp3.mockwebserver.MockWebServer$3 acceptConnections
INFO: MockWebServer[35410] done accepting connections: Socket is closed
Jul 09, 2016 2:26:24 AM okhttp3.mockwebserver.MockWebServer$3 execute
INFO: MockWebServer[39439] starting to accept connections
Jul 09, 2016 2:26:24 AM okhttp3.mockwebserver.MockWebServer$3 acceptConnections
INFO: MockWebServer[39439] done accepting connections: Socket closed
Jul 09, 2016 2:26:24 AM okhttp3.mockwebserver.MockWebServer$3 execute
INFO: MockWebServer[50043] starting to accept connections
Jul 09, 2016 2:26:24 AM okhttp3.mockwebserver.MockWebServer$3 acceptConnections
INFO: MockWebServer[50043] done accepting connections: Socket closed
Jul 09, 2016 2:26:24 AM okhttp3.mockwebserver.MockWebServer$3 execute
INFO: MockWebServer[48997] starting to accept connections
Jul 09, 2016 2:26:24 AM okhttp3.mockwebserver.MockWebServer$4 processOneRequest
INFO: MockWebServer[48997] received request: GET / HTTP/1.1 and responded: HTTP/1.1 200 OK
Jul 09, 2016 2:26:24 AM okhttp3.mockwebserver.MockWebServer$3 acceptConnections
INFO: MockWebServer[48997] done accepting connections: Socket closed
Jul 09, 2016 2:26:24 AM okhttp3.mockwebserver.MockWebServer$3 execute
INFO: MockWebServer[38519] starting to accept connections
Jul 09, 2016 2:26:24 AM okhttp3.mockwebserver.MockWebServer$4 processOneRequest
INFO: MockWebServer[38519] received request: GET / HTTP/1.1 and responded: HTTP/1.1 200 OK
Jul 09, 2016 2:26:24 AM okhttp3.mockwebserver.MockWebServer$3 acceptConnections
INFO: MockWebServer[38519] done accepting connections: Socket closed
Jul 09, 2016 2:26:24 AM okhttp3.mockwebserver.MockWebServer$3 execute
INFO: MockWebServer[37139] starting to accept connections
Jul 09, 2016 2:26:24 AM okhttp3.mockwebserver.MockWebServer$4 processOneRequest
INFO: MockWebServer[37139] received request: GET / HTTP/1.1 and responded: HTTP/1.1 205 Nothin
Jul 09, 2016 2:26:24 AM okhttp3.mockwebserver.MockWebServer$3 acceptConnections
INFO: MockWebServer[37139] done accepting connections: Socket closed
Jul 09, 2016 2:26:24 AM okhttp3.mockwebserver.MockWebServer$3 execute
INFO: MockWebServer[43849] starting to accept connections
Jul 09, 2016 2:26:24 AM okhttp3.mockwebserver.MockWebServer$4 processOneRequest
INFO: MockWebServer[43849] received request: GET / HTTP/1.1 and responded: HTTP/1.1 200 OK
Jul 09, 2016 2:26:24 AM okhttp3.mockwebserver.MockWebServer$4 processOneRequest
INFO: MockWebServer[43849] received request: GET / HTTP/1.1 and responded: HTTP/1.1 200 OK
Jul 09, 2016 2:26:24 AM okhttp3.mockwebserver.MockWebServer$3 acceptConnections
INFO: MockWebServer[43849] done accepting connections: Socket closed
Jul 09, 2016 2:26:24 AM okhttp3.mockwebserver.MockWebServer$3 execute
INFO: MockWebServer[38647] starting to accept connections
Jul 09, 2016 2:26:24 AM okhttp3.mockwebserver.MockWebServer$3 acceptConnections
INFO: MockWebServer[38647] done accepting connections: Socket closed
Jul 09, 2016 2:26:24 AM okhttp3.mockwebserver.MockWebServer$4 processOneRequest
INFO: MockWebServer[38647] received request: GET / HTTP/1.1 and responded: HTTP/1.1 200 OK
Jul 09, 2016 2:26:24 AM okhttp3.mockwebserver.MockWebServer$3 execute
INFO: MockWebServer[39232] starting to accept connections
Jul 09, 2016 2:26:24 AM okhttp3.mockwebserver.MockWebServer$3 acceptConnections
INFO: MockWebServer[39232] done accepting connections: Socket is closed
Jul 09, 2016 2:26:24 AM okhttp3.mockwebserver.MockWebServer$3 execute
INFO: MockWebServer[49024] starting to accept connections
Jul 09, 2016 2:26:24 AM okhttp3.mockwebserver.MockWebServer$3 acceptConnections
INFO: MockWebServer[49024] done accepting connections: Socket closed
Jul 09, 2016 2:26:24 AM okhttp3.mockwebserver.MockWebServer$3 execute
INFO: MockWebServer[43483] starting to accept connections
Jul 09, 2016 2:26:24 AM okhttp3.mockwebserver.MockWebServer$3 acceptConnections
INFO: MockWebServer[43483] done accepting connections: Socket closed
Jul 09, 2016 2:26:24 AM okhttp3.mockwebserver.MockWebServer$3 execute
INFO: MockWebServer[52432] starting to accept connections
Jul 09, 2016 2:26:24 AM okhttp3.mockwebserver.MockWebServer$3 acceptConnections
INFO: MockWebServer[52432] done accepting connections: Socket closed
Jul 09, 2016 2:26:24 AM okhttp3.mockwebserver.MockWebServer$4 processOneRequest
INFO: MockWebServer[52432] received request: GET / HTTP/1.1 and responded: HTTP/1.1 200 OK
Jul 09, 2016 2:26:24 AM okhttp3.mockwebserver.MockWebServer$3 execute
INFO: MockWebServer[34337] starting to accept connections
Jul 09, 2016 2:26:24 AM okhttp3.mockwebserver.MockWebServer$4 processOneRequest
INFO: MockWebServer[34337] received request: GET / HTTP/1.1 and responded: HTTP/1.1 200 OK
Jul 09, 2016 2:26:24 AM okhttp3.mockwebserver.MockWebServer$3 acceptConnections
INFO: MockWebServer[34337] done accepting connections: Socket closed
Jul 09, 2016 2:26:24 AM okhttp3.mockwebserver.MockWebServer$3 execute
INFO: MockWebServer[36411] starting to accept connections
Jul 09, 2016 2:26:24 AM okhttp3.mockwebserver.MockWebServer$4 processOneRequest
INFO: MockWebServer[36411] received request: GET / HTTP/1.1 and responded: HTTP/1.1 200 OK
Jul 09, 2016 2:26:24 AM okhttp3.mockwebserver.MockWebServer$3 acceptConnections
INFO: MockWebServer[36411] done accepting connections: Socket closed
Tests run: 34, Failures: 0, Errors: 0, Skipped: 0, Time elapsed: 2.098 sec
Running retrofit2.RequestBuilderTest
Tests run: 139, Failures: 0, Errors: 0, Skipped: 2, Time elapsed: 0.295 sec
Running retrofit2.ExecutorCallAdapterFactoryTest
Tests run: 7, Failures: 0, Errors: 0, Skipped: 0, Time elapsed: 0.06 sec
Running retrofit2.ServiceMethodTest
Tests run: 1, Failures: 0, Errors: 0, Skipped: 0, Time elapsed: 0.003 sec
Running retrofit2.RetrofitTest
Jul 09, 2016 2:26:24 AM okhttp3.mockwebserver.MockWebServer$3 execute
INFO: MockWebServer[41780] starting to accept connections
Jul 09, 2016 2:26:24 AM okhttp3.mockwebserver.MockWebServer$3 acceptConnections
INFO: MockWebServer[41780] done accepting connections: Socket is closed
Jul 09, 2016 2:26:24 AM okhttp3.mockwebserver.MockWebServer$3 execute
INFO: MockWebServer[33248] starting to accept connections
Jul 09, 2016 2:26:24 AM okhttp3.mockwebserver.MockWebServer$3 acceptConnections
INFO: MockWebServer[33248] done accepting connections: Socket is closed
Jul 09, 2016 2:26:24 AM okhttp3.mockwebserver.MockWebServer$3 execute
INFO: MockWebServer[43452] starting to accept connections
Jul 09, 2016 2:26:24 AM okhttp3.mockwebserver.MockWebServer$3 acceptConnections
INFO: MockWebServer[43452] done accepting connections: Socket is closed
Jul 09, 2016 2:26:24 AM okhttp3.mockwebserver.MockWebServer$3 execute
INFO: MockWebServer[58502] starting to accept connections
Jul 09, 2016 2:26:24 AM okhttp3.mockwebserver.MockWebServer$3 acceptConnections
INFO: MockWebServer[58502] done accepting connections: Socket closed
Jul 09, 2016 2:26:24 AM okhttp3.mockwebserver.MockWebServer$3 execute
INFO: MockWebServer[41658] starting to accept connections
Jul 09, 2016 2:26:24 AM okhttp3.mockwebserver.MockWebServer$3 acceptConnections
INFO: MockWebServer[41658] done accepting connections: Socket is closed
Jul 09, 2016 2:26:24 AM okhttp3.mockwebserver.MockWebServer$3 execute
INFO: MockWebServer[39199] starting to accept connections
Jul 09, 2016 2:26:24 AM okhttp3.mockwebserver.MockWebServer$3 acceptConnections
INFO: MockWebServer[39199] done accepting connections: Socket closed
Jul 09, 2016 2:26:24 AM okhttp3.mockwebserver.MockWebServer$4 processOneRequest
INFO: MockWebServer[39199] received request: GET / HTTP/1.1 and responded: HTTP/1.1 200 OK
Jul 09, 2016 2:26:24 AM okhttp3.mockwebserver.MockWebServer$3 execute
INFO: MockWebServer[38946] starting to accept connections
Jul 09, 2016 2:26:24 AM okhttp3.mockwebserver.MockWebServer$3 acceptConnections
INFO: MockWebServer[38946] done accepting connections: Socket is closed
Jul 09, 2016 2:26:24 AM okhttp3.mockwebserver.MockWebServer$3 execute
INFO: MockWebServer[58258] starting to accept connections
Jul 09, 2016 2:26:24 AM okhttp3.mockwebserver.MockWebServer$3 acceptConnections
INFO: MockWebServer[58258] done accepting connections: Socket is closed
Jul 09, 2016 2:26:24 AM okhttp3.mockwebserver.MockWebServer$3 execute
INFO: MockWebServer[50288] starting to accept connections
Jul 09, 2016 2:26:24 AM okhttp3.mockwebserver.MockWebServer$3 acceptConnections
INFO: MockWebServer[50288] done accepting connections: Socket closed
Jul 09, 2016 2:26:24 AM okhttp3.mockwebserver.MockWebServer$3 execute
INFO: MockWebServer[48677] starting to accept connections
Jul 09, 2016 2:26:24 AM okhttp3.mockwebserver.MockWebServer$3 acceptConnections
INFO: MockWebServer[48677] done accepting connections: Socket closed
Jul 09, 2016 2:26:24 AM okhttp3.mockwebserver.MockWebServer$3 execute
INFO: MockWebServer[58905] starting to accept connections
Jul 09, 2016 2:26:24 AM okhttp3.mockwebserver.MockWebServer$3 acceptConnections
INFO: MockWebServer[58905] done accepting connections: Socket is closed
Jul 09, 2016 2:26:24 AM okhttp3.mockwebserver.MockWebServer$3 execute
INFO: MockWebServer[50021] starting to accept connections
Jul 09, 2016 2:26:24 AM okhttp3.mockwebserver.MockWebServer$3 acceptConnections
INFO: MockWebServer[50021] done accepting connections: Socket is closed
Jul 09, 2016 2:26:24 AM okhttp3.mockwebserver.MockWebServer$3 execute
INFO: MockWebServer[34685] starting to accept connections
Jul 09, 2016 2:26:24 AM okhttp3.mockwebserver.MockWebServer$3 acceptConnections
INFO: MockWebServer[34685] done accepting connections: Socket is closed
Jul 09, 2016 2:26:24 AM okhttp3.mockwebserver.MockWebServer$3 execute
INFO: MockWebServer[45419] starting to accept connections
Jul 09, 2016 2:26:24 AM okhttp3.mockwebserver.MockWebServer$3 acceptConnections
INFO: MockWebServer[45419] done accepting connections: Socket closed
Jul 09, 2016 2:26:24 AM okhttp3.mockwebserver.MockWebServer$3 execute
INFO: MockWebServer[53898] starting to accept connections
Jul 09, 2016 2:26:24 AM okhttp3.mockwebserver.MockWebServer$3 acceptConnections
INFO: MockWebServer[53898] done accepting connections: Socket closed
Jul 09, 2016 2:26:24 AM okhttp3.mockwebserver.MockWebServer$3 execute
INFO: MockWebServer[50028] starting to accept connections
Jul 09, 2016 2:26:25 AM okhttp3.mockwebserver.MockWebServer$3 acceptConnections
INFO: MockWebServer[50028] done accepting connections: Socket closed
Jul 09, 2016 2:26:25 AM okhttp3.mockwebserver.MockWebServer$3 execute
INFO: MockWebServer[33434] starting to accept connections
Jul 09, 2016 2:26:25 AM okhttp3.mockwebserver.MockWebServer$4 processOneRequest
INFO: MockWebServer[33434] received request: GET / HTTP/1.1 and responded: HTTP/1.1 200 OK
Jul 09, 2016 2:26:25 AM okhttp3.mockwebserver.MockWebServer$3 acceptConnections
INFO: MockWebServer[33434] done accepting connections: Socket closed
Jul 09, 2016 2:26:25 AM okhttp3.mockwebserver.MockWebServer$3 execute
INFO: MockWebServer[36771] starting to accept connections
Jul 09, 2016 2:26:25 AM okhttp3.mockwebserver.MockWebServer$3 acceptConnections
INFO: MockWebServer[36771] done accepting connections: Socket is closed
Jul 09, 2016 2:26:25 AM okhttp3.mockwebserver.MockWebServer$3 execute
INFO: MockWebServer[50422] starting to accept connections
Jul 09, 2016 2:26:25 AM okhttp3.mockwebserver.MockWebServer$3 acceptConnections
INFO: MockWebServer[50422] done accepting connections: Socket is closed
Jul 09, 2016 2:26:25 AM okhttp3.mockwebserver.MockWebServer$3 execute
INFO: MockWebServer[45892] starting to accept connections
Jul 09, 2016 2:26:25 AM okhttp3.mockwebserver.MockWebServer$3 acceptConnections
INFO: MockWebServer[45892] done accepting connections: Socket closed
Jul 09, 2016 2:26:25 AM okhttp3.mockwebserver.MockWebServer$4 processOneRequest
INFO: MockWebServer[45892] received request: GET / HTTP/1.1 and responded: HTTP/1.1 200 OK
Jul 09, 2016 2:26:25 AM okhttp3.mockwebserver.MockWebServer$3 execute
INFO: MockWebServer[42269] starting to accept connections
Jul 09, 2016 2:26:25 AM okhttp3.mockwebserver.MockWebServer$3 acceptConnections
INFO: MockWebServer[42269] done accepting connections: Socket closed
Jul 09, 2016 2:26:25 AM okhttp3.mockwebserver.MockWebServer$3 execute
INFO: MockWebServer[34187] starting to accept connections
Jul 09, 2016 2:26:25 AM okhttp3.mockwebserver.MockWebServer$3 acceptConnections
INFO: MockWebServer[34187] done accepting connections: Socket closed
Jul 09, 2016 2:26:25 AM okhttp3.mockwebserver.MockWebServer$4 processOneRequest
INFO: MockWebServer[34187] received request: POST / HTTP/1.1 and responded: HTTP/1.1 200 OK
Jul 09, 2016 2:26:25 AM okhttp3.mockwebserver.MockWebServer$3 execute
INFO: MockWebServer[49143] starting to accept connections
Jul 09, 2016 2:26:25 AM okhttp3.mockwebserver.MockWebServer$3 acceptConnections
INFO: MockWebServer[49143] done accepting connections: Socket closed
Jul 09, 2016 2:26:25 AM okhttp3.mockwebserver.MockWebServer$3 execute
INFO: MockWebServer[48791] starting to accept connections
Jul 09, 2016 2:26:25 AM okhttp3.mockwebserver.MockWebServer$3 acceptConnections
INFO: MockWebServer[48791] done accepting connections: Socket closed
Jul 09, 2016 2:26:25 AM okhttp3.mockwebserver.MockWebServer$3 execute
INFO: MockWebServer[47362] starting to accept connections
Jul 09, 2016 2:26:25 AM okhttp3.mockwebserver.MockWebServer$3 acceptConnections
INFO: MockWebServer[47362] done accepting connections: Socket closed
Jul 09, 2016 2:26:25 AM okhttp3.mockwebserver.MockWebServer$3 execute
INFO: MockWebServer[40132] starting to accept connections
Jul 09, 2016 2:26:25 AM okhttp3.mockwebserver.MockWebServer$3 acceptConnections
INFO: MockWebServer[40132] done accepting connections: Socket is closed
Jul 09, 2016 2:26:25 AM okhttp3.mockwebserver.MockWebServer$3 execute
INFO: MockWebServer[58100] starting to accept connections
Jul 09, 2016 2:26:25 AM okhttp3.mockwebserver.MockWebServer$3 acceptConnections
INFO: MockWebServer[58100] done accepting connections: Socket is closed
Jul 09, 2016 2:26:25 AM okhttp3.mockwebserver.MockWebServer$3 execute
INFO: MockWebServer[54015] starting to accept connections
Jul 09, 2016 2:26:25 AM okhttp3.mockwebserver.MockWebServer$3 acceptConnections
INFO: MockWebServer[54015] done accepting connections: Socket is closed
Jul 09, 2016 2:26:25 AM okhttp3.mockwebserver.MockWebServer$3 execute
INFO: MockWebServer[56183] starting to accept connections
Jul 09, 2016 2:26:25 AM okhttp3.mockwebserver.MockWebServer$3 acceptConnections
INFO: MockWebServer[56183] done accepting connections: Socket is closed
Jul 09, 2016 2:26:25 AM okhttp3.mockwebserver.MockWebServer$3 execute
INFO: MockWebServer[38446] starting to accept connections
Jul 09, 2016 2:26:25 AM okhttp3.mockwebserver.MockWebServer$3 acceptConnections
INFO: MockWebServer[38446] done accepting connections: Socket closed
Jul 09, 2016 2:26:25 AM okhttp3.mockwebserver.MockWebServer$4 processOneRequest
INFO: MockWebServer[38446] received request: GET / HTTP/1.1 and responded: HTTP/1.1 200 OK
Jul 09, 2016 2:26:25 AM okhttp3.mockwebserver.MockWebServer$3 execute
INFO: MockWebServer[48459] starting to accept connections
Jul 09, 2016 2:26:25 AM okhttp3.mockwebserver.MockWebServer$3 acceptConnections
INFO: MockWebServer[48459] done accepting connections: Socket closed
Jul 09, 2016 2:26:25 AM okhttp3.mockwebserver.MockWebServer$3 execute
INFO: MockWebServer[50702] starting to accept connections
Jul 09, 2016 2:26:25 AM okhttp3.mockwebserver.MockWebServer$3 acceptConnections
INFO: MockWebServer[50702] done accepting connections: Socket closed
Jul 09, 2016 2:26:25 AM okhttp3.mockwebserver.MockWebServer$3 execute
INFO: MockWebServer[57088] starting to accept connections
Jul 09, 2016 2:26:25 AM okhttp3.mockwebserver.MockWebServer$3 acceptConnections
INFO: MockWebServer[57088] done accepting connections: Socket is closed
Jul 09, 2016 2:26:25 AM okhttp3.mockwebserver.MockWebServer$3 execute
INFO: MockWebServer[59727] starting to accept connections
Jul 09, 2016 2:26:25 AM okhttp3.mockwebserver.MockWebServer$3 acceptConnections
INFO: MockWebServer[59727] done accepting connections: Socket closed
Jul 09, 2016 2:26:25 AM okhttp3.mockwebserver.MockWebServer$3 execute
INFO: MockWebServer[48315] starting to accept connections
Jul 09, 2016 2:26:25 AM okhttp3.mockwebserver.MockWebServer$4 processOneRequest
INFO: MockWebServer[48315] received request: GET / HTTP/1.1 and responded: HTTP/1.1 200 OK
Jul 09, 2016 2:26:25 AM okhttp3.mockwebserver.MockWebServer$4 processOneRequest
INFO: MockWebServer[48315] received request: GET / HTTP/1.1 and responded: HTTP/1.1 200 OK
Jul 09, 2016 2:26:25 AM okhttp3.mockwebserver.MockWebServer$3 acceptConnections
INFO: MockWebServer[48315] done accepting connections: Socket closed
Jul 09, 2016 2:26:25 AM okhttp3.mockwebserver.MockWebServer$3 execute
INFO: MockWebServer[42622] starting to accept connections
Jul 09, 2016 2:26:25 AM okhttp3.mockwebserver.MockWebServer$3 acceptConnections
INFO: MockWebServer[42622] done accepting connections: Socket closed
Jul 09, 2016 2:26:25 AM okhttp3.mockwebserver.MockWebServer$3 execute
INFO: MockWebServer[42057] starting to accept connections
Jul 09, 2016 2:26:25 AM okhttp3.mockwebserver.MockWebServer$3 acceptConnections
INFO: MockWebServer[42057] done accepting connections: Socket closed
Jul 09, 2016 2:26:25 AM okhttp3.mockwebserver.MockWebServer$3 execute
INFO: MockWebServer[36657] starting to accept connections
Jul 09, 2016 2:26:25 AM okhttp3.mockwebserver.MockWebServer$3 acceptConnections
INFO: MockWebServer[36657] done accepting connections: Socket closed
Jul 09, 2016 2:26:25 AM okhttp3.mockwebserver.MockWebServer$3 execute
INFO: MockWebServer[44327] starting to accept connections
Jul 09, 2016 2:26:25 AM okhttp3.mockwebserver.MockWebServer$3 acceptConnections
INFO: MockWebServer[44327] done accepting connections: Socket is closed
Jul 09, 2016 2:26:25 AM okhttp3.mockwebserver.MockWebServer$3 execute
INFO: MockWebServer[43347] starting to accept connections
Jul 09, 2016 2:26:25 AM okhttp3.mockwebserver.MockWebServer$3 acceptConnections
INFO: MockWebServer[43347] done accepting connections: Socket closed
Jul 09, 2016 2:26:25 AM okhttp3.mockwebserver.MockWebServer$3 execute
INFO: MockWebServer[40796] starting to accept connections
Jul 09, 2016 2:26:25 AM okhttp3.mockwebserver.MockWebServer$3 acceptConnections
INFO: MockWebServer[40796] done accepting connections: Socket closed
Jul 09, 2016 2:26:25 AM okhttp3.mockwebserver.MockWebServer$3 execute
INFO: MockWebServer[37591] starting to accept connections
Jul 09, 2016 2:26:25 AM okhttp3.mockwebserver.MockWebServer$3 acceptConnections
INFO: MockWebServer[37591] done accepting connections: Socket closed
Jul 09, 2016 2:26:25 AM okhttp3.mockwebserver.MockWebServer$3 execute
INFO: MockWebServer[46558] starting to accept connections
Jul 09, 2016 2:26:25 AM okhttp3.mockwebserver.MockWebServer$3 acceptConnections
INFO: MockWebServer[46558] done accepting connections: Socket closed
Jul 09, 2016 2:26:25 AM okhttp3.mockwebserver.MockWebServer$3 execute
INFO: MockWebServer[37012] starting to accept connections
Jul 09, 2016 2:26:25 AM okhttp3.mockwebserver.MockWebServer$3 acceptConnections
INFO: MockWebServer[37012] done accepting connections: Socket is closed
Jul 09, 2016 2:26:25 AM okhttp3.mockwebserver.MockWebServer$3 execute
INFO: MockWebServer[35123] starting to accept connections
Jul 09, 2016 2:26:25 AM okhttp3.mockwebserver.MockWebServer$3 acceptConnections
INFO: MockWebServer[35123] done accepting connections: Socket closed
Jul 09, 2016 2:26:25 AM okhttp3.mockwebserver.MockWebServer$3 execute
INFO: MockWebServer[39997] starting to accept connections
Jul 09, 2016 2:26:25 AM okhttp3.mockwebserver.MockWebServer$3 acceptConnections
INFO: MockWebServer[39997] done accepting connections: Socket is closed
Jul 09, 2016 2:26:25 AM okhttp3.mockwebserver.MockWebServer$3 execute
INFO: MockWebServer[39663] starting to accept connections
Jul 09, 2016 2:26:25 AM okhttp3.mockwebserver.MockWebServer$4 processOneRequest
INFO: MockWebServer[39663] received request: GET /?i=101 HTTP/1.1 and responded: HTTP/1.1 200 OK
Jul 09, 2016 2:26:25 AM okhttp3.mockwebserver.MockWebServer$4 processOneRequest
INFO: MockWebServer[39663] received request: GET /?i=201 HTTP/1.1 and responded: HTTP/1.1 200 OK
Jul 09, 2016 2:26:25 AM okhttp3.mockwebserver.MockWebServer$3 acceptConnections
INFO: MockWebServer[39663] done accepting connections: Socket closed
Jul 09, 2016 2:26:25 AM okhttp3.mockwebserver.MockWebServer$3 execute
INFO: MockWebServer[40993] starting to accept connections
Jul 09, 2016 2:26:25 AM okhttp3.mockwebserver.MockWebServer$3 acceptConnections
INFO: MockWebServer[40993] done accepting connections: Socket is closed
Jul 09, 2016 2:26:25 AM okhttp3.mockwebserver.MockWebServer$3 execute
INFO: MockWebServer[50559] starting to accept connections
Jul 09, 2016 2:26:25 AM okhttp3.mockwebserver.MockWebServer$3 acceptConnections
INFO: MockWebServer[50559] done accepting connections: Socket is closed
Jul 09, 2016 2:26:25 AM okhttp3.mockwebserver.MockWebServer$3 execute
INFO: MockWebServer[42469] starting to accept connections
Jul 09, 2016 2:26:25 AM okhttp3.mockwebserver.MockWebServer$3 acceptConnections
INFO: MockWebServer[42469] done accepting connections: Socket closed
Jul 09, 2016 2:26:25 AM okhttp3.mockwebserver.MockWebServer$3 execute
INFO: MockWebServer[46527] starting to accept connections
Jul 09, 2016 2:26:25 AM okhttp3.mockwebserver.MockWebServer$3 acceptConnections
INFO: MockWebServer[46527] done accepting connections: Socket is closed
Jul 09, 2016 2:26:25 AM okhttp3.mockwebserver.MockWebServer$3 execute
INFO: MockWebServer[37765] starting to accept connections
Jul 09, 2016 2:26:25 AM okhttp3.mockwebserver.MockWebServer$3 acceptConnections
INFO: MockWebServer[37765] done accepting connections: Socket closed
Jul 09, 2016 2:26:25 AM okhttp3.mockwebserver.MockWebServer$3 execute
INFO: MockWebServer[44749] starting to accept connections
Jul 09, 2016 2:26:25 AM okhttp3.mockwebserver.MockWebServer$3 acceptConnections
INFO: MockWebServer[44749] done accepting connections: Socket closed
Jul 09, 2016 2:26:25 AM okhttp3.mockwebserver.MockWebServer$3 execute
INFO: MockWebServer[37169] starting to accept connections
Jul 09, 2016 2:26:25 AM okhttp3.mockwebserver.MockWebServer$3 acceptConnections
INFO: MockWebServer[37169] done accepting connections: Socket closed
Jul 09, 2016 2:26:25 AM okhttp3.mockwebserver.MockWebServer$3 execute
INFO: MockWebServer[51704] starting to accept connections
Jul 09, 2016 2:26:25 AM okhttp3.mockwebserver.MockWebServer$3 acceptConnections
INFO: MockWebServer[51704] done accepting connections: Socket closed
Jul 09, 2016 2:26:25 AM okhttp3.mockwebserver.MockWebServer$3 execute
INFO: MockWebServer[48105] starting to accept connections
Jul 09, 2016 2:26:25 AM okhttp3.mockwebserver.MockWebServer$3 acceptConnections
INFO: MockWebServer[48105] done accepting connections: Socket closed
Jul 09, 2016 2:26:25 AM okhttp3.mockwebserver.MockWebServer$3 execute
INFO: MockWebServer[57117] starting to accept connections
Jul 09, 2016 2:26:25 AM okhttp3.mockwebserver.MockWebServer$3 acceptConnections
INFO: MockWebServer[57117] done accepting connections: Socket is closed
Jul 09, 2016 2:26:25 AM okhttp3.mockwebserver.MockWebServer$3 execute
INFO: MockWebServer[49909] starting to accept connections
Jul 09, 2016 2:26:25 AM okhttp3.mockwebserver.MockWebServer$3 acceptConnections
INFO: MockWebServer[49909] done accepting connections: Socket closed
Jul 09, 2016 2:26:25 AM okhttp3.mockwebserver.MockWebServer$3 execute
INFO: MockWebServer[41326] starting to accept connections
Jul 09, 2016 2:26:25 AM okhttp3.mockwebserver.MockWebServer$3 acceptConnections
INFO: MockWebServer[41326] done accepting connections: Socket is closed
Jul 09, 2016 2:26:25 AM okhttp3.mockwebserver.MockWebServer$3 execute
INFO: MockWebServer[34498] starting to accept connections
Jul 09, 2016 2:26:25 AM okhttp3.mockwebserver.MockWebServer$3 acceptConnections
INFO: MockWebServer[34498] done accepting connections: Socket closed
Jul 09, 2016 2:26:25 AM okhttp3.mockwebserver.MockWebServer$3 execute
INFO: MockWebServer[35499] starting to accept connections
Jul 09, 2016 2:26:25 AM okhttp3.mockwebserver.MockWebServer$3 acceptConnections
INFO: MockWebServer[35499] done accepting connections: Socket closed
Jul 09, 2016 2:26:25 AM okhttp3.mockwebserver.MockWebServer$3 execute
INFO: MockWebServer[34020] starting to accept connections
Jul 09, 2016 2:26:25 AM okhttp3.mockwebserver.MockWebServer$3 acceptConnections
INFO: MockWebServer[34020] done accepting connections: Socket closed
Jul 09, 2016 2:26:25 AM okhttp3.mockwebserver.MockWebServer$3 execute
INFO: MockWebServer[60882] starting to accept connections
Jul 09, 2016 2:26:25 AM okhttp3.mockwebserver.MockWebServer$3 acceptConnections
INFO: MockWebServer[60882] done accepting connections: Socket closed
Jul 09, 2016 2:26:25 AM okhttp3.mockwebserver.MockWebServer$3 execute
INFO: MockWebServer[45585] starting to accept connections
Jul 09, 2016 2:26:25 AM okhttp3.mockwebserver.MockWebServer$3 acceptConnections
INFO: MockWebServer[45585] done accepting connections: Socket closed
Tests run: 64, Failures: 0, Errors: 0, Skipped: 0, Time elapsed: 0.511 sec
Running retrofit2.RequestBuilderAndroidTest
WARNING: No manifest file found at ./AndroidManifest.xml.Falling back to the Android OS resources only.
To remove this warning, annotate your test class with @Config(manifest=Config.NONE).
WARNING: No manifest file found at ./AndroidManifest.xml.Falling back to the Android OS resources only.
To remove this warning, annotate your test class with @Config(manifest=Config.NONE).
Tests run: 2, Failures: 0, Errors: 0, Skipped: 0, Time elapsed: 7.091 sec
Running retrofit2.CallAdapterTest
Tests run: 4, Failures: 0, Errors: 0, Skipped: 0, Time elapsed: 0.033 sec
Running retrofit2.ResponseTest
Tests run: 14, Failures: 0, Errors: 0, Skipped: 0, Time elapsed: 0.048 sec

Results :

Tests run: 265, Failures: 0, Errors: 0, Skipped: 2

[INFO] 
[INFO] --- animal-sniffer-maven-plugin:1.14:check (default) @ retrofit ---
[INFO] Checking unresolved references to org.codehaus.mojo.signature:java16:1.1
[INFO]                                                                         
[INFO] ------------------------------------------------------------------------
[INFO] Building Adapters 2.1.1-SNAPSHOT
[INFO] ------------------------------------------------------------------------
[INFO] 
[INFO] --- maven-enforcer-plugin:1.0:enforce (enforce-maven) @ retrofit-adapters ---
[INFO] 
[INFO] --- animal-sniffer-maven-plugin:1.14:check (default) @ retrofit-adapters ---
[INFO] Checking unresolved references to org.codehaus.mojo.signature:java16:1.1
[INFO]                                                                         
[INFO] ------------------------------------------------------------------------
[INFO] Building Adapter: Guava 2.1.1-SNAPSHOT
[INFO] ------------------------------------------------------------------------
[INFO] 
[INFO] --- maven-enforcer-plugin:1.0:enforce (enforce-maven) @ adapter-guava ---
[INFO] 
[INFO] --- maven-resources-plugin:2.6:resources (default-resources) @ adapter-guava ---
[INFO] Using 'UTF-8' encoding to copy filtered resources.
[INFO] skip non existing resourceDirectory /home/travis/build/square/retrofit/retrofit-adapters/guava/src/main/resources
[INFO] 
[INFO] --- maven-compiler-plugin:3.0:compile (default-compile) @ adapter-guava ---
[INFO] Changes detected - recompiling the module!
[INFO] Compiling 2 source files to /home/travis/build/square/retrofit/retrofit-adapters/guava/target/classes
[INFO] 
[INFO] --- maven-resources-plugin:2.6:testResources (default-testResources) @ adapter-guava ---
[INFO] Using 'UTF-8' encoding to copy filtered resources.
[INFO] skip non existing resourceDirectory /home/travis/build/square/retrofit/retrofit-adapters/guava/src/test/resources
[INFO] 
[INFO] --- maven-compiler-plugin:3.0:testCompile (default-testCompile) @ adapter-guava ---
[INFO] Changes detected - recompiling the module!
[INFO] Compiling 3 source files to /home/travis/build/square/retrofit/retrofit-adapters/guava/target/test-classes
[INFO] 
[INFO] --- maven-surefire-plugin:2.12.4:test (default-test) @ adapter-guava ---
[INFO] Surefire report directory: /home/travis/build/square/retrofit/retrofit-adapters/guava/target/surefire-reports

-------------------------------------------------------
 T E S T S
-------------------------------------------------------
Running retrofit2.adapter.guava.ListenableFutureTest
Jul 09, 2016 2:26:34 AM okhttp3.mockwebserver.MockWebServer$3 execute
INFO: MockWebServer[60287] starting to accept connections
Jul 09, 2016 2:26:34 AM okhttp3.mockwebserver.MockWebServer$4 processOneRequest
INFO: MockWebServer[60287] received request: GET / HTTP/1.1 and responded: HTTP/1.1 200 OK
Jul 09, 2016 2:26:35 AM okhttp3.mockwebserver.MockWebServer$3 acceptConnections
INFO: MockWebServer[60287] done accepting connections: Socket closed
Jul 09, 2016 2:26:35 AM okhttp3.mockwebserver.MockWebServer$3 execute
INFO: MockWebServer[58399] starting to accept connections
Jul 09, 2016 2:26:35 AM okhttp3.mockwebserver.MockWebServer$3 acceptConnections
INFO: MockWebServer[58399] done accepting connections: Socket closed
Jul 09, 2016 2:26:35 AM okhttp3.mockwebserver.MockWebServer$4 processOneRequest
INFO: MockWebServer[58399] received request: GET / HTTP/1.1 and responded: HTTP/1.1 404 Client Error
Jul 09, 2016 2:26:35 AM okhttp3.mockwebserver.MockWebServer$3 execute
INFO: MockWebServer[52171] starting to accept connections
Jul 09, 2016 2:26:35 AM okhttp3.mockwebserver.MockWebServer$4 processConnection
WARNING: MockWebServer[52171] connection from /127.0.0.1 didn't make a request
Jul 09, 2016 2:26:35 AM okhttp3.mockwebserver.MockWebServer$3 acceptConnections
INFO: MockWebServer[52171] done accepting connections: Socket closed
Jul 09, 2016 2:26:35 AM okhttp3.mockwebserver.MockWebServer$3 execute
INFO: MockWebServer[39056] starting to accept connections
Jul 09, 2016 2:26:35 AM okhttp3.mockwebserver.MockWebServer$4 processOneRequest
INFO: MockWebServer[39056] received request: GET / HTTP/1.1 and responded: HTTP/1.1 200 OK
Jul 09, 2016 2:26:35 AM okhttp3.mockwebserver.MockWebServer$3 acceptConnections
INFO: MockWebServer[39056] done accepting connections: Socket closed
Jul 09, 2016 2:26:35 AM okhttp3.mockwebserver.MockWebServer$3 execute
INFO: MockWebServer[54226] starting to accept connections
Jul 09, 2016 2:26:35 AM okhttp3.mockwebserver.MockWebServer$4 processOneRequest
INFO: MockWebServer[54226] received request: GET / HTTP/1.1 and responded: HTTP/1.1 404 Client Error
Jul 09, 2016 2:26:35 AM okhttp3.mockwebserver.MockWebServer$3 acceptConnections
INFO: MockWebServer[54226] done accepting connections: Socket closed
Jul 09, 2016 2:26:35 AM okhttp3.mockwebserver.MockWebServer$3 execute
INFO: MockWebServer[43805] starting to accept connections
Jul 09, 2016 2:26:35 AM okhttp3.mockwebserver.MockWebServer$4 processConnection
WARNING: MockWebServer[43805] connection from /127.0.0.1 didn't make a request
Jul 09, 2016 2:26:35 AM okhttp3.mockwebserver.MockWebServer$3 acceptConnections
INFO: MockWebServer[43805] done accepting connections: Socket closed
Tests run: 6, Failures: 0, Errors: 0, Skipped: 0, Time elapsed: 0.633 sec
Running retrofit2.adapter.guava.GuavaCallAdapterFactoryTest
Jul 09, 2016 2:26:35 AM okhttp3.mockwebserver.MockWebServer$3 execute
INFO: MockWebServer[37274] starting to accept connections
Jul 09, 2016 2:26:35 AM okhttp3.mockwebserver.MockWebServer$3 acceptConnections
INFO: MockWebServer[37274] done accepting connections: Socket closed
Jul 09, 2016 2:26:35 AM okhttp3.mockwebserver.MockWebServer$3 execute
INFO: MockWebServer[42113] starting to accept connections
Jul 09, 2016 2:26:35 AM okhttp3.mockwebserver.MockWebServer$3 acceptConnections
INFO: MockWebServer[42113] done accepting connections: Socket is closed
Jul 09, 2016 2:26:35 AM okhttp3.mockwebserver.MockWebServer$3 execute
INFO: MockWebServer[53332] starting to accept connections
Jul 09, 2016 2:26:35 AM okhttp3.mockwebserver.MockWebServer$3 acceptConnections
INFO: MockWebServer[53332] done accepting connections: Socket is closed
Jul 09, 2016 2:26:35 AM okhttp3.mockwebserver.MockWebServer$3 execute
INFO: MockWebServer[44394] starting to accept connections
Jul 09, 2016 2:26:35 AM okhttp3.mockwebserver.MockWebServer$3 acceptConnections
INFO: MockWebServer[44394] done accepting connections: Socket is closed
Tests run: 4, Failures: 0, Errors: 0, Skipped: 0, Time elapsed: 0.036 sec

Results :

Tests run: 10, Failures: 0, Errors: 0, Skipped: 0

[INFO] 
[INFO] --- animal-sniffer-maven-plugin:1.14:check (default) @ adapter-guava ---
[INFO] Checking unresolved references to org.codehaus.mojo.signature:java16:1.1
[INFO]                                                                         
[INFO] ------------------------------------------------------------------------
[INFO] Building Adapter: Java 8 2.1.1-SNAPSHOT
[INFO] ------------------------------------------------------------------------
[INFO] 
[INFO] --- maven-enforcer-plugin:1.0:enforce (enforce-maven) @ adapter-java8 ---
[INFO] 
[INFO] --- maven-resources-plugin:2.6:resources (default-resources) @ adapter-java8 ---
[INFO] Using 'UTF-8' encoding to copy filtered resources.
[INFO] skip non existing resourceDirectory /home/travis/build/square/retrofit/retrofit-adapters/java8/src/main/resources
[INFO] 
[INFO] --- maven-compiler-plugin:3.0:compile (default-compile) @ adapter-java8 ---
[INFO] Changes detected - recompiling the module!
[INFO] Compiling 2 source files to /home/travis/build/square/retrofit/retrofit-adapters/java8/target/classes
[INFO] 
[INFO] --- maven-resources-plugin:2.6:testResources (default-testResources) @ adapter-java8 ---
[INFO] Using 'UTF-8' encoding to copy filtered resources.
[INFO] skip non existing resourceDirectory /home/travis/build/square/retrofit/retrofit-adapters/java8/src/test/resources
[INFO] 
[INFO] --- maven-compiler-plugin:3.0:testCompile (default-testCompile) @ adapter-java8 ---
[INFO] Changes detected - recompiling the module!
[INFO] Compiling 3 source files to /home/travis/build/square/retrofit/retrofit-adapters/java8/target/test-classes
[INFO] 
[INFO] --- maven-surefire-plugin:2.12.4:test (default-test) @ adapter-java8 ---
[INFO] Surefire report directory: /home/travis/build/square/retrofit/retrofit-adapters/java8/target/surefire-reports

-------------------------------------------------------
 T E S T S
-------------------------------------------------------
Running retrofit2.adapter.java8.Java8CallAdapterFactoryTest
Jul 09, 2016 2:26:36 AM okhttp3.mockwebserver.MockWebServer$3 execute
INFO: MockWebServer[56413] starting to accept connections
Jul 09, 2016 2:26:36 AM okhttp3.mockwebserver.MockWebServer$3 acceptConnections
INFO: MockWebServer[56413] done accepting connections: Socket closed
Jul 09, 2016 2:26:36 AM okhttp3.mockwebserver.MockWebServer$3 execute
INFO: MockWebServer[35178] starting to accept connections
Jul 09, 2016 2:26:36 AM okhttp3.mockwebserver.MockWebServer$3 acceptConnections
INFO: MockWebServer[35178] done accepting connections: Socket is closed
Jul 09, 2016 2:26:36 AM okhttp3.mockwebserver.MockWebServer$3 execute
INFO: MockWebServer[43779] starting to accept connections
Jul 09, 2016 2:26:36 AM okhttp3.mockwebserver.MockWebServer$3 acceptConnections
INFO: MockWebServer[43779] done accepting connections: Socket closed
Jul 09, 2016 2:26:36 AM okhttp3.mockwebserver.MockWebServer$3 execute
INFO: MockWebServer[47912] starting to accept connections
Jul 09, 2016 2:26:36 AM okhttp3.mockwebserver.MockWebServer$3 acceptConnections
INFO: MockWebServer[47912] done accepting connections: Socket is closed
Tests run: 4, Failures: 0, Errors: 0, Skipped: 0, Time elapsed: 0.532 sec
Running retrofit2.adapter.java8.CompletableFutureTest
Jul 09, 2016 2:26:36 AM okhttp3.mockwebserver.MockWebServer$3 execute
INFO: MockWebServer[34032] starting to accept connections
Jul 09, 2016 2:26:37 AM okhttp3.mockwebserver.MockWebServer$4 processOneRequest
INFO: MockWebServer[34032] received request: GET / HTTP/1.1 and responded: HTTP/1.1 200 OK
Jul 09, 2016 2:26:37 AM okhttp3.mockwebserver.MockWebServer$3 acceptConnections
INFO: MockWebServer[34032] done accepting connections: Socket closed
Jul 09, 2016 2:26:37 AM okhttp3.mockwebserver.MockWebServer$3 execute
INFO: MockWebServer[55831] starting to accept connections
Jul 09, 2016 2:26:37 AM okhttp3.mockwebserver.MockWebServer$4 processOneRequest
INFO: MockWebServer[55831] received request: GET / HTTP/1.1 and responded: HTTP/1.1 404 Client Error
Jul 09, 2016 2:26:37 AM okhttp3.mockwebserver.MockWebServer$3 acceptConnections
INFO: MockWebServer[55831] done accepting connections: Socket closed
Jul 09, 2016 2:26:37 AM okhttp3.mockwebserver.MockWebServer$3 execute
INFO: MockWebServer[55635] starting to accept connections
Jul 09, 2016 2:26:37 AM okhttp3.mockwebserver.MockWebServer$4 processConnection
WARNING: MockWebServer[55635] connection from /127.0.0.1 didn't make a request
Jul 09, 2016 2:26:37 AM okhttp3.mockwebserver.MockWebServer$3 acceptConnections
INFO: MockWebServer[55635] done accepting connections: Socket closed
Jul 09, 2016 2:26:37 AM okhttp3.mockwebserver.MockWebServer$3 execute
INFO: MockWebServer[33183] starting to accept connections
Jul 09, 2016 2:26:37 AM okhttp3.mockwebserver.MockWebServer$4 processOneRequest
INFO: MockWebServer[33183] received request: GET / HTTP/1.1 and responded: HTTP/1.1 200 OK
Jul 09, 2016 2:26:37 AM okhttp3.mockwebserver.MockWebServer$3 acceptConnections
INFO: MockWebServer[33183] done accepting connections: Socket closed
Jul 09, 2016 2:26:37 AM okhttp3.mockwebserver.MockWebServer$3 execute
INFO: MockWebServer[52393] starting to accept connections
Jul 09, 2016 2:26:37 AM okhttp3.mockwebserver.MockWebServer$4 processOneRequest
INFO: MockWebServer[52393] received request: GET / HTTP/1.1 and responded: HTTP/1.1 404 Client Error
Jul 09, 2016 2:26:37 AM okhttp3.mockwebserver.MockWebServer$3 acceptConnections
INFO: MockWebServer[52393] done accepting connections: Socket closed
Jul 09, 2016 2:26:37 AM okhttp3.mockwebserver.MockWebServer$3 execute
INFO: MockWebServer[43600] starting to accept connections
Jul 09, 2016 2:26:37 AM okhttp3.mockwebserver.MockWebServer$3 acceptConnections
INFO: MockWebServer[43600] done accepting connections: Socket closed
Jul 09, 2016 2:26:37 AM okhttp3.mockwebserver.MockWebServer$4 processConnection
WARNING: MockWebServer[43600] connection from /127.0.0.1 didn't make a request
Tests run: 6, Failures: 0, Errors: 0, Skipped: 0, Time elapsed: 0.173 sec

Results :

Tests run: 10, Failures: 0, Errors: 0, Skipped: 0

[INFO] 
[INFO] --- animal-sniffer-maven-plugin:1.14:check (default) @ adapter-java8 ---
[INFO] Checking unresolved references to org.kaazing.mojo.signature:java18:1.0
[INFO]                                                                         
[INFO] ------------------------------------------------------------------------
[INFO] Building Adapter: RxJava 2.1.1-SNAPSHOT
[INFO] ------------------------------------------------------------------------
[INFO] 
[INFO] --- maven-enforcer-plugin:1.0:enforce (enforce-maven) @ adapter-rxjava ---
[INFO] 
[INFO] --- maven-resources-plugin:2.6:resources (default-resources) @ adapter-rxjava ---
[INFO] Using 'UTF-8' encoding to copy filtered resources.
[INFO] skip non existing resourceDirectory /home/travis/build/square/retrofit/retrofit-adapters/rxjava/src/main/resources
[INFO] 
[INFO] --- maven-compiler-plugin:3.0:compile (default-compile) @ adapter-rxjava ---
[INFO] Changes detected - recompiling the module!
[INFO] Compiling 6 source files to /home/travis/build/square/retrofit/retrofit-adapters/rxjava/target/classes
[INFO] 
[INFO] --- maven-resources-plugin:2.6:testResources (default-testResources) @ adapter-rxjava ---
[INFO] Using 'UTF-8' encoding to copy filtered resources.
[INFO] skip non existing resourceDirectory /home/travis/build/square/retrofit/retrofit-adapters/rxjava/src/test/resources
[INFO] 
[INFO] --- maven-compiler-plugin:3.0:testCompile (default-testCompile) @ adapter-rxjava ---
[INFO] Changes detected - recompiling the module!
[INFO] Compiling 9 source files to /home/travis/build/square/retrofit/retrofit-adapters/rxjava/target/test-classes
[INFO] 
[INFO] --- maven-surefire-plugin:2.12.4:test (default-test) @ adapter-rxjava ---
[INFO] Surefire report directory: /home/travis/build/square/retrofit/retrofit-adapters/rxjava/target/surefire-reports

-------------------------------------------------------
 T E S T S
-------------------------------------------------------
Running retrofit2.adapter.rxjava.ObservableSchedulerTest
Jul 09, 2016 2:26:38 AM okhttp3.mockwebserver.MockWebServer$3 execute
INFO: MockWebServer[60008] starting to accept connections
Jul 09, 2016 2:26:38 AM okhttp3.mockwebserver.MockWebServer$3 acceptConnections
INFO: MockWebServer[60008] done accepting connections: Socket closed
Jul 09, 2016 2:26:38 AM okhttp3.mockwebserver.MockWebServer$4 processOneRequest
INFO: MockWebServer[60008] received request: GET / HTTP/1.1 and responded: HTTP/1.1 200 OK
Jul 09, 2016 2:26:38 AM okhttp3.mockwebserver.MockWebServer$3 execute
INFO: MockWebServer[45364] starting to accept connections
Jul 09, 2016 2:26:38 AM okhttp3.mockwebserver.MockWebServer$3 acceptConnections
INFO: MockWebServer[45364] done accepting connections: Socket closed
Jul 09, 2016 2:26:38 AM okhttp3.mockwebserver.MockWebServer$4 processOneRequest
INFO: MockWebServer[45364] received request: GET / HTTP/1.1 and responded: HTTP/1.1 200 OK
Jul 09, 2016 2:26:38 AM okhttp3.mockwebserver.MockWebServer$3 execute
INFO: MockWebServer[37698] starting to accept connections
Jul 09, 2016 2:26:38 AM okhttp3.mockwebserver.MockWebServer$4 processOneRequest
INFO: MockWebServer[37698] received request: GET / HTTP/1.1 and responded: HTTP/1.1 200 OK
Jul 09, 2016 2:26:38 AM okhttp3.mockwebserver.MockWebServer$3 acceptConnections
INFO: MockWebServer[37698] done accepting connections: Socket closed
Tests run: 3, Failures: 0, Errors: 0, Skipped: 0, Time elapsed: 0.522 sec
Running retrofit2.adapter.rxjava.ObservableTest
Jul 09, 2016 2:26:38 AM okhttp3.mockwebserver.MockWebServer$3 execute
INFO: MockWebServer[39877] starting to accept connections
Jul 09, 2016 2:26:38 AM okhttp3.mockwebserver.MockWebServer$4 processConnection
WARNING: MockWebServer[39877] connection from /127.0.0.1 didn't make a request
Jul 09, 2016 2:26:38 AM okhttp3.mockwebserver.MockWebServer$3 acceptConnections
INFO: MockWebServer[39877] done accepting connections: Socket closed
Jul 09, 2016 2:26:38 AM okhttp3.mockwebserver.MockWebServer$3 execute
INFO: MockWebServer[59028] starting to accept connections
Jul 09, 2016 2:26:38 AM okhttp3.mockwebserver.MockWebServer$3 acceptConnections
INFO: MockWebServer[59028] done accepting connections: Socket closed
Jul 09, 2016 2:26:38 AM okhttp3.mockwebserver.MockWebServer$4 processOneRequest
INFO: MockWebServer[59028] received request: GET / HTTP/1.1 and responded: HTTP/1.1 200 OK
Jul 09, 2016 2:26:38 AM okhttp3.mockwebserver.MockWebServer$3 execute
INFO: MockWebServer[38851] starting to accept connections
Jul 09, 2016 2:26:38 AM okhttp3.mockwebserver.MockWebServer$4 processOneRequest
INFO: MockWebServer[38851] received request: GET / HTTP/1.1 and responded: HTTP/1.1 404 Client Error
Jul 09, 2016 2:26:38 AM okhttp3.mockwebserver.MockWebServer$3 acceptConnections
INFO: MockWebServer[38851] done accepting connections: Socket closed
Jul 09, 2016 2:26:38 AM okhttp3.mockwebserver.MockWebServer$3 execute
INFO: MockWebServer[60981] starting to accept connections
Jul 09, 2016 2:26:38 AM okhttp3.mockwebserver.MockWebServer$3 acceptConnections
INFO: MockWebServer[60981] done accepting connections: Socket closed
Jul 09, 2016 2:26:38 AM okhttp3.mockwebserver.MockWebServer$4 processOneRequest
INFO: MockWebServer[60981] received request: GET / HTTP/1.1 and responded: HTTP/1.1 200 OK
Jul 09, 2016 2:26:38 AM okhttp3.mockwebserver.MockWebServer$3 execute
INFO: MockWebServer[33851] starting to accept connections
Jul 09, 2016 2:26:38 AM okhttp3.mockwebserver.MockWebServer$3 acceptConnections
INFO: MockWebServer[33851] done accepting connections: Socket closed
Jul 09, 2016 2:26:38 AM okhttp3.mockwebserver.MockWebServer$4 processOneRequest
INFO: MockWebServer[33851] received request: GET / HTTP/1.1 and responded: HTTP/1.1 200 OK
Jul 09, 2016 2:26:38 AM okhttp3.mockwebserver.MockWebServer$3 execute
INFO: MockWebServer[35465] starting to accept connections
Jul 09, 2016 2:26:38 AM okhttp3.mockwebserver.MockWebServer$4 processConnection
WARNING: MockWebServer[35465] connection from /127.0.0.1 didn't make a request
Jul 09, 2016 2:26:38 AM okhttp3.mockwebserver.MockWebServer$3 acceptConnections
INFO: MockWebServer[35465] done accepting connections: Socket closed
Jul 09, 2016 2:26:38 AM okhttp3.mockwebserver.MockWebServer$3 execute
INFO: MockWebServer[40597] starting to accept connections
Jul 09, 2016 2:26:38 AM okhttp3.mockwebserver.MockWebServer$4 processOneRequest
INFO: MockWebServer[40597] received request: GET / HTTP/1.1 and responded: HTTP/1.1 200 OK
Jul 09, 2016 2:26:38 AM okhttp3.mockwebserver.MockWebServer$3 acceptConnections
INFO: MockWebServer[40597] done accepting connections: Socket closed
Jul 09, 2016 2:26:38 AM okhttp3.mockwebserver.MockWebServer$3 execute
INFO: MockWebServer[42887] starting to accept connections
Jul 09, 2016 2:26:38 AM okhttp3.mockwebserver.MockWebServer$4 processOneRequest
INFO: MockWebServer[42887] received request: GET / HTTP/1.1 and responded: HTTP/1.1 404 Client Error
Jul 09, 2016 2:26:38 AM okhttp3.mockwebserver.MockWebServer$3 acceptConnections
INFO: MockWebServer[42887] done accepting connections: Socket closed
Jul 09, 2016 2:26:38 AM okhttp3.mockwebserver.MockWebServer$3 execute
INFO: MockWebServer[56188] starting to accept connections
Jul 09, 2016 2:26:38 AM okhttp3.mockwebserver.MockWebServer$4 processConnection
WARNING: MockWebServer[56188] connection from /127.0.0.1 didn't make a request
Jul 09, 2016 2:26:38 AM okhttp3.mockwebserver.MockWebServer$3 acceptConnections
INFO: MockWebServer[56188] done accepting connections: Socket closed
Jul 09, 2016 2:26:39 AM okhttp3.mockwebserver.MockWebServer$3 execute
INFO: MockWebServer[49494] starting to accept connections
Jul 09, 2016 2:26:39 AM okhttp3.mockwebserver.MockWebServer$3 acceptConnections
INFO: MockWebServer[49494] done accepting connections: Socket closed
Jul 09, 2016 2:26:39 AM okhttp3.mockwebserver.MockWebServer$4 processOneRequest
INFO: MockWebServer[49494] received request: GET / HTTP/1.1 and responded: HTTP/1.1 200 OK
Jul 09, 2016 2:26:39 AM okhttp3.mockwebserver.MockWebServer$3 execute
INFO: MockWebServer[38043] starting to accept connections
Jul 09, 2016 2:26:39 AM okhttp3.mockwebserver.MockWebServer$3 acceptConnections
INFO: MockWebServer[38043] done accepting connections: Socket closed
Jul 09, 2016 2:26:39 AM okhttp3.mockwebserver.MockWebServer$4 processOneRequest
INFO: MockWebServer[38043] received request: GET / HTTP/1.1 and responded: HTTP/1.1 200 OK
Jul 09, 2016 2:26:39 AM okhttp3.mockwebserver.MockWebServer$3 execute
INFO: MockWebServer[50134] starting to accept connections
Jul 09, 2016 2:26:39 AM okhttp3.mockwebserver.MockWebServer$3 acceptConnections
INFO: MockWebServer[50134] done accepting connections: Socket closed
Jul 09, 2016 2:26:39 AM okhttp3.mockwebserver.MockWebServer$4 processOneRequest
INFO: MockWebServer[50134] received request: GET / HTTP/1.1 and responded: HTTP/1.1 404 Client Error
Tests run: 12, Failures: 0, Errors: 0, Skipped: 0, Time elapsed: 0.184 sec
Running retrofit2.adapter.rxjava.RxJavaCallAdapterFactoryTest
Tests run: 6, Failures: 0, Errors: 0, Skipped: 0, Time elapsed: 0.024 sec
Running retrofit2.adapter.rxjava.SingleSchedulerTest
Jul 09, 2016 2:26:39 AM okhttp3.mockwebserver.MockWebServer$3 execute
INFO: MockWebServer[50990] starting to accept connections
Jul 09, 2016 2:26:39 AM okhttp3.mockwebserver.MockWebServer$3 acceptConnections
INFO: MockWebServer[50990] done accepting connections: Socket closed
Jul 09, 2016 2:26:39 AM okhttp3.mockwebserver.MockWebServer$4 processOneRequest
INFO: MockWebServer[50990] received request: GET / HTTP/1.1 and responded: HTTP/1.1 200 OK
Jul 09, 2016 2:26:39 AM okhttp3.mockwebserver.MockWebServer$3 execute
INFO: MockWebServer[52928] starting to accept connections
Jul 09, 2016 2:26:39 AM okhttp3.mockwebserver.MockWebServer$4 processOneRequest
INFO: MockWebServer[52928] received request: GET / HTTP/1.1 and responded: HTTP/1.1 200 OK
Jul 09, 2016 2:26:39 AM okhttp3.mockwebserver.MockWebServer$3 acceptConnections
INFO: MockWebServer[52928] done accepting connections: Socket closed
Jul 09, 2016 2:26:39 AM okhttp3.mockwebserver.MockWebServer$3 execute
INFO: MockWebServer[37896] starting to accept connections
Jul 09, 2016 2:26:39 AM okhttp3.mockwebserver.MockWebServer$3 acceptConnections
INFO: MockWebServer[37896] done accepting connections: Socket closed
Jul 09, 2016 2:26:39 AM okhttp3.mockwebserver.MockWebServer$4 processOneRequest
INFO: MockWebServer[37896] received request: GET / HTTP/1.1 and responded: HTTP/1.1 200 OK
Tests run: 3, Failures: 0, Errors: 0, Skipped: 0, Time elapsed: 0.08 sec
Running retrofit2.adapter.rxjava.CompletableTest
Jul 09, 2016 2:26:39 AM okhttp3.mockwebserver.MockWebServer$3 execute
INFO: MockWebServer[49782] starting to accept connections
Jul 09, 2016 2:26:39 AM okhttp3.mockwebserver.MockWebServer$4 processOneRequest
INFO: MockWebServer[49782] received request: GET / HTTP/1.1 and responded: HTTP/1.1 200 OK
Jul 09, 2016 2:26:39 AM okhttp3.mockwebserver.MockWebServer$3 acceptConnections
INFO: MockWebServer[49782] done accepting connections: Socket closed
Jul 09, 2016 2:26:39 AM okhttp3.mockwebserver.MockWebServer$3 execute
INFO: MockWebServer[41593] starting to accept connections
Jul 09, 2016 2:26:39 AM okhttp3.mockwebserver.MockWebServer$4 processOneRequest
INFO: MockWebServer[41593] received request: GET / HTTP/1.1 and responded: HTTP/1.1 404 Client Error
Jul 09, 2016 2:26:39 AM okhttp3.mockwebserver.MockWebServer$3 acceptConnections
INFO: MockWebServer[41593] done accepting connections: Socket closed
Jul 09, 2016 2:26:39 AM okhttp3.mockwebserver.MockWebServer$3 execute
INFO: MockWebServer[47549] starting to accept connections
Jul 09, 2016 2:26:39 AM okhttp3.mockwebserver.MockWebServer$3 acceptConnections
INFO: MockWebServer[47549] done accepting connections: Socket closed
Jul 09, 2016 2:26:39 AM okhttp3.mockwebserver.MockWebServer$4 processConnection
WARNING: MockWebServer[47549] connection from /127.0.0.1 didn't make a request
Tests run: 3, Failures: 0, Errors: 0, Skipped: 0, Time elapsed: 0.043 sec
Running retrofit2.adapter.rxjava.CompletableSchedulerTest
Jul 09, 2016 2:26:39 AM okhttp3.mockwebserver.MockWebServer$3 execute
INFO: MockWebServer[54042] starting to accept connections
Jul 09, 2016 2:26:39 AM okhttp3.mockwebserver.MockWebServer$3 acceptConnections
INFO: MockWebServer[54042] done accepting connections: Socket closed
Jul 09, 2016 2:26:39 AM okhttp3.mockwebserver.MockWebServer$4 processOneRequest
INFO: MockWebServer[54042] received request: GET / HTTP/1.1 and responded: HTTP/1.1 200 OK
Tests run: 1, Failures: 0, Errors: 0, Skipped: 0, Time elapsed: 0.014 sec
Running retrofit2.adapter.rxjava.SingleTest
Jul 09, 2016 2:26:39 AM okhttp3.mockwebserver.MockWebServer$3 execute
INFO: MockWebServer[44684] starting to accept connections
Jul 09, 2016 2:26:39 AM okhttp3.mockwebserver.MockWebServer$3 acceptConnections
INFO: MockWebServer[44684] done accepting connections: Socket closed
Jul 09, 2016 2:26:39 AM okhttp3.mockwebserver.MockWebServer$4 processConnection
WARNING: MockWebServer[44684] connection from /127.0.0.1 didn't make a request
Jul 09, 2016 2:26:39 AM okhttp3.mockwebserver.MockWebServer$3 execute
INFO: MockWebServer[34960] starting to accept connections
Jul 09, 2016 2:26:39 AM okhttp3.mockwebserver.MockWebServer$4 processOneRequest
INFO: MockWebServer[34960] received request: GET / HTTP/1.1 and responded: HTTP/1.1 200 OK
Jul 09, 2016 2:26:39 AM okhttp3.mockwebserver.MockWebServer$3 acceptConnections
INFO: MockWebServer[34960] done accepting connections: Socket closed
Jul 09, 2016 2:26:39 AM okhttp3.mockwebserver.MockWebServer$3 execute
INFO: MockWebServer[51384] starting to accept connections
Jul 09, 2016 2:26:39 AM okhttp3.mockwebserver.MockWebServer$3 acceptConnections
INFO: MockWebServer[51384] done accepting connections: Socket closed
Jul 09, 2016 2:26:39 AM okhttp3.mockwebserver.MockWebServer$4 processOneRequest
INFO: MockWebServer[51384] received request: GET / HTTP/1.1 and responded: HTTP/1.1 404 Client Error
Jul 09, 2016 2:26:39 AM okhttp3.mockwebserver.MockWebServer$3 execute
INFO: MockWebServer[35674] starting to accept connections
Jul 09, 2016 2:26:39 AM okhttp3.mockwebserver.MockWebServer$3 acceptConnections
INFO: MockWebServer[35674] done accepting connections: Socket closed
Jul 09, 2016 2:26:39 AM okhttp3.mockwebserver.MockWebServer$4 processConnection
WARNING: MockWebServer[35674] connection from /127.0.0.1 didn't make a request
Jul 09, 2016 2:26:39 AM okhttp3.mockwebserver.MockWebServer$3 execute
INFO: MockWebServer[54836] starting to accept connections
Jul 09, 2016 2:26:39 AM okhttp3.mockwebserver.MockWebServer$4 processOneRequest
INFO: MockWebServer[54836] received request: GET / HTTP/1.1 and responded: HTTP/1.1 200 OK
Jul 09, 2016 2:26:39 AM okhttp3.mockwebserver.MockWebServer$3 acceptConnections
INFO: MockWebServer[54836] done accepting connections: Socket closed
Jul 09, 2016 2:26:39 AM okhttp3.mockwebserver.MockWebServer$3 execute
INFO: MockWebServer[43557] starting to accept connections
Jul 09, 2016 2:26:39 AM okhttp3.mockwebserver.MockWebServer$3 acceptConnections
INFO: MockWebServer[43557] done accepting connections: Socket closed
Jul 09, 2016 2:26:39 AM okhttp3.mockwebserver.MockWebServer$4 processOneRequest
INFO: MockWebServer[43557] received request: GET / HTTP/1.1 and responded: HTTP/1.1 404 Client Error
Jul 09, 2016 2:26:39 AM okhttp3.mockwebserver.MockWebServer$3 execute
INFO: MockWebServer[58539] starting to accept connections
Jul 09, 2016 2:26:39 AM okhttp3.mockwebserver.MockWebServer$4 processConnection
WARNING: MockWebServer[58539] connection from /127.0.0.1 didn't make a request
Jul 09, 2016 2:26:39 AM okhttp3.mockwebserver.MockWebServer$3 acceptConnections
INFO: MockWebServer[58539] done accepting connections: Socket closed
Jul 09, 2016 2:26:39 AM okhttp3.mockwebserver.MockWebServer$3 execute
INFO: MockWebServer[44581] starting to accept connections
Jul 09, 2016 2:26:39 AM okhttp3.mockwebserver.MockWebServer$4 processOneRequest
INFO: MockWebServer[44581] received request: GET / HTTP/1.1 and responded: HTTP/1.1 200 OK
Jul 09, 2016 2:26:39 AM okhttp3.mockwebserver.MockWebServer$3 acceptConnections
INFO: MockWebServer[44581] done accepting connections: Socket closed
Jul 09, 2016 2:26:39 AM okhttp3.mockwebserver.MockWebServer$3 execute
INFO: MockWebServer[60440] starting to accept connections
Jul 09, 2016 2:26:39 AM okhttp3.mockwebserver.MockWebServer$3 acceptConnections
INFO: MockWebServer[60440] done accepting connections: Socket closed
Jul 09, 2016 2:26:39 AM okhttp3.mockwebserver.MockWebServer$4 processOneRequest
INFO: MockWebServer[60440] received request: GET / HTTP/1.1 and responded: HTTP/1.1 404 Client Error
Tests run: 9, Failures: 0, Errors: 0, Skipped: 0, Time elapsed: 0.1 sec
Running retrofit2.adapter.rxjava.ResultTest
Tests run: 4, Failures: 0, Errors: 0, Skipped: 0, Time elapsed: 0 sec

Results :

Tests run: 41, Failures: 0, Errors: 0, Skipped: 0

[INFO] 
[INFO] --- animal-sniffer-maven-plugin:1.14:check (default) @ adapter-rxjava ---
[INFO] Checking unresolved references to org.codehaus.mojo.signature:java16:1.1
[INFO]                                                                         
[INFO] ------------------------------------------------------------------------
[INFO] Building Converters 2.1.1-SNAPSHOT
[INFO] ------------------------------------------------------------------------
[INFO] 
[INFO] --- maven-enforcer-plugin:1.0:enforce (enforce-maven) @ retrofit-converters ---
[INFO] 
[INFO] --- animal-sniffer-maven-plugin:1.14:check (default) @ retrofit-converters ---
[INFO] Checking unresolved references to org.codehaus.mojo.signature:java16:1.1
[INFO]                                                                         
[INFO] ------------------------------------------------------------------------
[INFO] Building Converter: Gson 2.1.1-SNAPSHOT
[INFO] ------------------------------------------------------------------------
[INFO] 
[INFO] --- maven-enforcer-plugin:1.0:enforce (enforce-maven) @ converter-gson ---
[INFO] 
[INFO] --- maven-resources-plugin:2.6:resources (default-resources) @ converter-gson ---
[INFO] Using 'UTF-8' encoding to copy filtered resources.
[INFO] skip non existing resourceDirectory /home/travis/build/square/retrofit/retrofit-converters/gson/src/main/resources
[INFO] 
[INFO] --- maven-compiler-plugin:3.0:compile (default-compile) @ converter-gson ---
[INFO] Changes detected - recompiling the module!
[INFO] Compiling 3 source files to /home/travis/build/square/retrofit/retrofit-converters/gson/target/classes
[INFO] 
[INFO] --- maven-resources-plugin:2.6:testResources (default-testResources) @ converter-gson ---
[INFO] Using 'UTF-8' encoding to copy filtered resources.
[INFO] skip non existing resourceDirectory /home/travis/build/square/retrofit/retrofit-converters/gson/src/test/resources
[INFO] 
[INFO] --- maven-compiler-plugin:3.0:testCompile (default-testCompile) @ converter-gson ---
[INFO] Changes detected - recompiling the module!
[INFO] Compiling 1 source file to /home/travis/build/square/retrofit/retrofit-converters/gson/target/test-classes
[INFO] 
[INFO] --- maven-surefire-plugin:2.12.4:test (default-test) @ converter-gson ---
[INFO] Surefire report directory: /home/travis/build/square/retrofit/retrofit-converters/gson/target/surefire-reports

-------------------------------------------------------
 T E S T S
-------------------------------------------------------
Running retrofit2.converter.gson.GsonConverterFactoryTest
Jul 09, 2016 2:26:40 AM okhttp3.mockwebserver.MockWebServer$3 execute
INFO: MockWebServer[52067] starting to accept connections
Jul 09, 2016 2:26:40 AM okhttp3.mockwebserver.MockWebServer$4 processOneRequest
INFO: MockWebServer[52067] received request: POST / HTTP/1.1 and responded: HTTP/1.1 200 OK
Jul 09, 2016 2:26:40 AM okhttp3.mockwebserver.MockWebServer$3 acceptConnections
INFO: MockWebServer[52067] done accepting connections: Socket closed
Jul 09, 2016 2:26:40 AM okhttp3.mockwebserver.MockWebServer$3 execute
INFO: MockWebServer[60717] starting to accept connections
Jul 09, 2016 2:26:40 AM okhttp3.mockwebserver.MockWebServer$4 processOneRequest
INFO: MockWebServer[60717] received request: POST / HTTP/1.1 and responded: HTTP/1.1 200 OK
Jul 09, 2016 2:26:40 AM okhttp3.mockwebserver.MockWebServer$3 acceptConnections
INFO: MockWebServer[60717] done accepting connections: Socket closed
Jul 09, 2016 2:26:40 AM okhttp3.mockwebserver.MockWebServer$3 execute
INFO: MockWebServer[59349] starting to accept connections
Jul 09, 2016 2:26:40 AM okhttp3.mockwebserver.MockWebServer$4 processOneRequest
INFO: MockWebServer[59349] received request: POST / HTTP/1.1 and responded: HTTP/1.1 200 OK
Jul 09, 2016 2:26:40 AM okhttp3.mockwebserver.MockWebServer$3 acceptConnections
INFO: MockWebServer[59349] done accepting connections: Socket closed
Jul 09, 2016 2:26:40 AM okhttp3.mockwebserver.MockWebServer$3 execute
INFO: MockWebServer[47245] starting to accept connections
Jul 09, 2016 2:26:40 AM okhttp3.mockwebserver.MockWebServer$4 processOneRequest
INFO: MockWebServer[47245] received request: POST / HTTP/1.1 and responded: HTTP/1.1 200 OK
Jul 09, 2016 2:26:40 AM okhttp3.mockwebserver.MockWebServer$3 acceptConnections
INFO: MockWebServer[47245] done accepting connections: Socket closed
Tests run: 4, Failures: 0, Errors: 0, Skipped: 0, Time elapsed: 0.598 sec

Results :

Tests run: 4, Failures: 0, Errors: 0, Skipped: 0

[INFO] 
[INFO] --- animal-sniffer-maven-plugin:1.14:check (default) @ converter-gson ---
[INFO] Checking unresolved references to org.codehaus.mojo.signature:java16:1.1
[INFO]                                                                         
[INFO] ------------------------------------------------------------------------
[INFO] Building Converter: Protocol Buffers 2.1.1-SNAPSHOT
[INFO] ------------------------------------------------------------------------
[INFO] 
[INFO] --- maven-enforcer-plugin:1.0:enforce (enforce-maven) @ converter-protobuf ---
[INFO] 
[INFO] --- maven-resources-plugin:2.6:resources (default-resources) @ converter-protobuf ---
[INFO] Using 'UTF-8' encoding to copy filtered resources.
[INFO] skip non existing resourceDirectory /home/travis/build/square/retrofit/retrofit-converters/protobuf/src/main/resources
[INFO] 
[INFO] --- maven-compiler-plugin:3.0:compile (default-compile) @ converter-protobuf ---
[INFO] Changes detected - recompiling the module!
[INFO] Compiling 3 source files to /home/travis/build/square/retrofit/retrofit-converters/protobuf/target/classes
[WARNING] /home/travis/build/square/retrofit/retrofit-converters/protobuf/src/main/java/retrofit2/converter/protobuf/ProtoConverterFactory.java: /home/travis/build/square/retrofit/retrofit-converters/protobuf/src/main/java/retrofit2/converter/protobuf/ProtoConverterFactory.java uses unchecked or unsafe operations.
[WARNING] /home/travis/build/square/retrofit/retrofit-converters/protobuf/src/main/java/retrofit2/converter/protobuf/ProtoConverterFactory.java: Recompile with -Xlint:unchecked for details.
[INFO] 
[INFO] --- maven-resources-plugin:2.6:testResources (default-testResources) @ converter-protobuf ---
[INFO] Using 'UTF-8' encoding to copy filtered resources.
[INFO] skip non existing resourceDirectory /home/travis/build/square/retrofit/retrofit-converters/protobuf/src/test/resources
[INFO] 
[INFO] --- maven-compiler-plugin:3.0:testCompile (default-testCompile) @ converter-protobuf ---
[INFO] Changes detected - recompiling the module!
[INFO] Compiling 2 source files to /home/travis/build/square/retrofit/retrofit-converters/protobuf/target/test-classes
[INFO] 
[INFO] --- maven-surefire-plugin:2.12.4:test (default-test) @ converter-protobuf ---
[INFO] Surefire report directory: /home/travis/build/square/retrofit/retrofit-converters/protobuf/target/surefire-reports

-------------------------------------------------------
 T E S T S
-------------------------------------------------------
Running retrofit2.converter.protobuf.ProtoConverterFactoryTest
Jul 09, 2016 2:26:41 AM okhttp3.mockwebserver.MockWebServer$3 execute
INFO: MockWebServer[55892] starting to accept connections
Jul 09, 2016 2:26:42 AM okhttp3.mockwebserver.MockWebServer$4 processOneRequest
INFO: MockWebServer[55892] received request: POST / HTTP/1.1 and responded: HTTP/1.1 200 OK
Jul 09, 2016 2:26:42 AM okhttp3.mockwebserver.MockWebServer$3 acceptConnections
INFO: MockWebServer[55892] done accepting connections: Socket closed
Jul 09, 2016 2:26:42 AM okhttp3.mockwebserver.MockWebServer$3 execute
INFO: MockWebServer[38169] starting to accept connections
Jul 09, 2016 2:26:42 AM okhttp3.mockwebserver.MockWebServer$3 acceptConnections
INFO: MockWebServer[38169] done accepting connections: Socket closed
Jul 09, 2016 2:26:42 AM okhttp3.mockwebserver.MockWebServer$3 execute
INFO: MockWebServer[60714] starting to accept connections
Jul 09, 2016 2:26:42 AM okhttp3.mockwebserver.MockWebServer$3 acceptConnections
INFO: MockWebServer[60714] done accepting connections: Socket closed
Jul 09, 2016 2:26:42 AM okhttp3.mockwebserver.MockWebServer$4 processOneRequest
INFO: MockWebServer[60714] received request: GET / HTTP/1.1 and responded: HTTP/1.1 200 OK
Jul 09, 2016 2:26:42 AM okhttp3.mockwebserver.MockWebServer$3 execute
INFO: MockWebServer[42216] starting to accept connections
Jul 09, 2016 2:26:42 AM okhttp3.mockwebserver.MockWebServer$4 processOneRequest
INFO: MockWebServer[42216] received request: GET / HTTP/1.1 and responded: HTTP/1.1 200 OK
Jul 09, 2016 2:26:42 AM okhttp3.mockwebserver.MockWebServer$3 acceptConnections
INFO: MockWebServer[42216] done accepting connections: Socket closed
Jul 09, 2016 2:26:42 AM okhttp3.mockwebserver.MockWebServer$3 execute
INFO: MockWebServer[50911] starting to accept connections
Jul 09, 2016 2:26:42 AM okhttp3.mockwebserver.MockWebServer$3 acceptConnections
INFO: MockWebServer[50911] done accepting connections: Socket closed
Jul 09, 2016 2:26:42 AM okhttp3.mockwebserver.MockWebServer$3 execute
INFO: MockWebServer[39110] starting to accept connections
Jul 09, 2016 2:26:42 AM okhttp3.mockwebserver.MockWebServer$3 acceptConnections
INFO: MockWebServer[39110] done accepting connections: Socket closed
Jul 09, 2016 2:26:42 AM okhttp3.mockwebserver.MockWebServer$4 processOneRequest
INFO: MockWebServer[39110] received request: GET / HTTP/1.1 and responded: HTTP/1.1 200 OK
Tests run: 6, Failures: 0, Errors: 0, Skipped: 0, Time elapsed: 0.728 sec

Results :

Tests run: 6, Failures: 0, Errors: 0, Skipped: 0

[INFO] 
[INFO] --- animal-sniffer-maven-plugin:1.14:check (default) @ converter-protobuf ---
[INFO] Checking unresolved references to org.codehaus.mojo.signature:java16:1.1
[INFO]                                                                         
[INFO] ------------------------------------------------------------------------
[INFO] Building Converter: Jackson 2.1.1-SNAPSHOT
[INFO] ------------------------------------------------------------------------
[INFO] 
[INFO] --- maven-enforcer-plugin:1.0:enforce (enforce-maven) @ converter-jackson ---
[INFO] 
[INFO] --- maven-resources-plugin:2.6:resources (default-resources) @ converter-jackson ---
[INFO] Using 'UTF-8' encoding to copy filtered resources.
[INFO] skip non existing resourceDirectory /home/travis/build/square/retrofit/retrofit-converters/jackson/src/main/resources
[INFO] 
[INFO] --- maven-compiler-plugin:3.0:compile (default-compile) @ converter-jackson ---
[INFO] Changes detected - recompiling the module!
[INFO] Compiling 3 source files to /home/travis/build/square/retrofit/retrofit-converters/jackson/target/classes
[WARNING] /home/travis/build/square/retrofit/retrofit-converters/jackson/src/main/java/retrofit2/converter/jackson/JacksonConverterFactory.java: /home/travis/build/square/retrofit/retrofit-converters/jackson/src/main/java/retrofit2/converter/jackson/JacksonConverterFactory.java uses or overrides a deprecated API.
[WARNING] /home/travis/build/square/retrofit/retrofit-converters/jackson/src/main/java/retrofit2/converter/jackson/JacksonConverterFactory.java: Recompile with -Xlint:deprecation for details.
[INFO] 
[INFO] --- maven-resources-plugin:2.6:testResources (default-testResources) @ converter-jackson ---
[INFO] Using 'UTF-8' encoding to copy filtered resources.
[INFO] skip non existing resourceDirectory /home/travis/build/square/retrofit/retrofit-converters/jackson/src/test/resources
[INFO] 
[INFO] --- maven-compiler-plugin:3.0:testCompile (default-testCompile) @ converter-jackson ---
[INFO] Changes detected - recompiling the module!
[INFO] Compiling 1 source file to /home/travis/build/square/retrofit/retrofit-converters/jackson/target/test-classes
[WARNING] /home/travis/build/square/retrofit/retrofit-converters/jackson/src/test/java/retrofit2/converter/jackson/JacksonConverterFactoryTest.java: /home/travis/build/square/retrofit/retrofit-converters/jackson/src/test/java/retrofit2/converter/jackson/JacksonConverterFactoryTest.java uses or overrides a deprecated API.
[WARNING] /home/travis/build/square/retrofit/retrofit-converters/jackson/src/test/java/retrofit2/converter/jackson/JacksonConverterFactoryTest.java: Recompile with -Xlint:deprecation for details.
[INFO] 
[INFO] --- maven-surefire-plugin:2.12.4:test (default-test) @ converter-jackson ---
[INFO] Surefire report directory: /home/travis/build/square/retrofit/retrofit-converters/jackson/target/surefire-reports

-------------------------------------------------------
 T E S T S
-------------------------------------------------------
Running retrofit2.converter.jackson.JacksonConverterFactoryTest
Jul 09, 2016 2:26:42 AM okhttp3.mockwebserver.MockWebServer$3 execute
INFO: MockWebServer[55947] starting to accept connections
Jul 09, 2016 2:26:43 AM okhttp3.mockwebserver.MockWebServer$4 processOneRequest
INFO: MockWebServer[55947] received request: POST / HTTP/1.1 and responded: HTTP/1.1 200 OK
Jul 09, 2016 2:26:43 AM okhttp3.mockwebserver.MockWebServer$3 acceptConnections
INFO: MockWebServer[55947] done accepting connections: Socket closed
Jul 09, 2016 2:26:43 AM okhttp3.mockwebserver.MockWebServer$3 execute
INFO: MockWebServer[58423] starting to accept connections
Jul 09, 2016 2:26:43 AM okhttp3.mockwebserver.MockWebServer$3 acceptConnections
INFO: MockWebServer[58423] done accepting connections: Socket closed
Jul 09, 2016 2:26:43 AM okhttp3.mockwebserver.MockWebServer$4 processOneRequest
INFO: MockWebServer[58423] received request: POST / HTTP/1.1 and responded: HTTP/1.1 200 OK
Tests run: 2, Failures: 0, Errors: 0, Skipped: 0, Time elapsed: 0.778 sec

Results :

Tests run: 2, Failures: 0, Errors: 0, Skipped: 0

[INFO] 
[INFO] --- animal-sniffer-maven-plugin:1.14:check (default) @ converter-jackson ---
[INFO] Checking unresolved references to org.codehaus.mojo.signature:java16:1.1
[INFO]                                                                         
[INFO] ------------------------------------------------------------------------
[INFO] Building Converter: Wire Protocol Buffers 2.1.1-SNAPSHOT
[INFO] ------------------------------------------------------------------------
[INFO] 
[INFO] --- maven-enforcer-plugin:1.0:enforce (enforce-maven) @ converter-wire ---
[INFO] 
[INFO] --- maven-resources-plugin:2.6:resources (default-resources) @ converter-wire ---
[INFO] Using 'UTF-8' encoding to copy filtered resources.
[INFO] skip non existing resourceDirectory /home/travis/build/square/retrofit/retrofit-converters/wire/src/main/resources
[INFO] 
[INFO] --- maven-compiler-plugin:3.0:compile (default-compile) @ converter-wire ---
[INFO] Changes detected - recompiling the module!
[INFO] Compiling 3 source files to /home/travis/build/square/retrofit/retrofit-converters/wire/target/classes
[WARNING] /home/travis/build/square/retrofit/retrofit-converters/wire/src/main/java/retrofit2/converter/wire/WireConverterFactory.java: /home/travis/build/square/retrofit/retrofit-converters/wire/src/main/java/retrofit2/converter/wire/WireConverterFactory.java uses unchecked or unsafe operations.
[WARNING] /home/travis/build/square/retrofit/retrofit-converters/wire/src/main/java/retrofit2/converter/wire/WireConverterFactory.java: Recompile with -Xlint:unchecked for details.
[INFO] 
[INFO] --- maven-resources-plugin:2.6:testResources (default-testResources) @ converter-wire ---
[INFO] Using 'UTF-8' encoding to copy filtered resources.
[INFO] skip non existing resourceDirectory /home/travis/build/square/retrofit/retrofit-converters/wire/src/test/resources
[INFO] 
[INFO] --- maven-compiler-plugin:3.0:testCompile (default-testCompile) @ converter-wire ---
[INFO] Changes detected - recompiling the module!
[INFO] Compiling 2 source files to /home/travis/build/square/retrofit/retrofit-converters/wire/target/test-classes
[INFO] 
[INFO] --- maven-surefire-plugin:2.12.4:test (default-test) @ converter-wire ---
[INFO] Surefire report directory: /home/travis/build/square/retrofit/retrofit-converters/wire/target/surefire-reports

-------------------------------------------------------
 T E S T S
-------------------------------------------------------
Running retrofit2.converter.wire.WireConverterFactoryTest
Jul 09, 2016 2:26:44 AM okhttp3.mockwebserver.MockWebServer$3 execute
INFO: MockWebServer[53535] starting to accept connections
Jul 09, 2016 2:26:45 AM okhttp3.mockwebserver.MockWebServer$4 processOneRequest
INFO: MockWebServer[53535] received request: POST / HTTP/1.1 and responded: HTTP/1.1 200 OK
Jul 09, 2016 2:26:45 AM okhttp3.mockwebserver.MockWebServer$3 acceptConnections
INFO: MockWebServer[53535] done accepting connections: Socket closed
Jul 09, 2016 2:26:45 AM okhttp3.mockwebserver.MockWebServer$3 execute
INFO: MockWebServer[58647] starting to accept connections
Jul 09, 2016 2:26:45 AM okhttp3.mockwebserver.MockWebServer$3 acceptConnections
INFO: MockWebServer[58647] done accepting connections: Socket closed
Jul 09, 2016 2:26:45 AM okhttp3.mockwebserver.MockWebServer$3 execute
INFO: MockWebServer[36296] starting to accept connections
Jul 09, 2016 2:26:45 AM okhttp3.mockwebserver.MockWebServer$4 processOneRequest
INFO: MockWebServer[36296] received request: GET / HTTP/1.1 and responded: HTTP/1.1 200 OK
Jul 09, 2016 2:26:45 AM okhttp3.mockwebserver.MockWebServer$3 acceptConnections
INFO: MockWebServer[36296] done accepting connections: Socket closed
Jul 09, 2016 2:26:45 AM okhttp3.mockwebserver.MockWebServer$3 execute
INFO: MockWebServer[58717] starting to accept connections
Jul 09, 2016 2:26:45 AM okhttp3.mockwebserver.MockWebServer$3 acceptConnections
INFO: MockWebServer[58717] done accepting connections: Socket is closed
Jul 09, 2016 2:26:45 AM okhttp3.mockwebserver.MockWebServer$3 execute
INFO: MockWebServer[59855] starting to accept connections
Jul 09, 2016 2:26:45 AM okhttp3.mockwebserver.MockWebServer$3 acceptConnections
INFO: MockWebServer[59855] done accepting connections: Socket closed
Jul 09, 2016 2:26:45 AM okhttp3.mockwebserver.MockWebServer$4 processOneRequest
INFO: MockWebServer[59855] received request: GET / HTTP/1.1 and responded: HTTP/1.1 200 OK
Tests run: 5, Failures: 0, Errors: 0, Skipped: 0, Time elapsed: 1.128 sec

Results :

Tests run: 5, Failures: 0, Errors: 0, Skipped: 0

[INFO] 
[INFO] --- animal-sniffer-maven-plugin:1.14:check (default) @ converter-wire ---
[INFO] Checking unresolved references to org.codehaus.mojo.signature:java16:1.1
[INFO]                                                                         
[INFO] ------------------------------------------------------------------------
[INFO] Building Converter: SimpleXML 2.1.1-SNAPSHOT
[INFO] ------------------------------------------------------------------------
[INFO] 
[INFO] --- maven-enforcer-plugin:1.0:enforce (enforce-maven) @ converter-simplexml ---
[INFO] 
[INFO] --- maven-resources-plugin:2.6:resources (default-resources) @ converter-simplexml ---
[INFO] Using 'UTF-8' encoding to copy filtered resources.
[INFO] skip non existing resourceDirectory /home/travis/build/square/retrofit/retrofit-converters/simplexml/src/main/resources
[INFO] 
[INFO] --- maven-compiler-plugin:3.0:compile (default-compile) @ converter-simplexml ---
[INFO] Changes detected - recompiling the module!
[INFO] Compiling 3 source files to /home/travis/build/square/retrofit/retrofit-converters/simplexml/target/classes
[INFO] 
[INFO] --- maven-resources-plugin:2.6:testResources (default-testResources) @ converter-simplexml ---
[INFO] Using 'UTF-8' encoding to copy filtered resources.
[INFO] skip non existing resourceDirectory /home/travis/build/square/retrofit/retrofit-converters/simplexml/src/test/resources
[INFO] 
[INFO] --- maven-compiler-plugin:3.0:testCompile (default-testCompile) @ converter-simplexml ---
[INFO] Changes detected - recompiling the module!
[INFO] Compiling 2 source files to /home/travis/build/square/retrofit/retrofit-converters/simplexml/target/test-classes
[INFO] 
[INFO] --- maven-surefire-plugin:2.12.4:test (default-test) @ converter-simplexml ---
[INFO] Surefire report directory: /home/travis/build/square/retrofit/retrofit-converters/simplexml/target/surefire-reports

-------------------------------------------------------
 T E S T S
-------------------------------------------------------
Running retrofit2.converter.simplexml.SimpleXmlConverterFactoryTest
Jul 09, 2016 2:26:46 AM okhttp3.mockwebserver.MockWebServer$3 execute
INFO: MockWebServer[45074] starting to accept connections
Jul 09, 2016 2:26:47 AM okhttp3.mockwebserver.MockWebServer$4 processOneRequest
INFO: MockWebServer[45074] received request: GET / HTTP/1.1 and responded: HTTP/1.1 200 OK
Jul 09, 2016 2:26:47 AM okhttp3.mockwebserver.MockWebServer$3 acceptConnections
INFO: MockWebServer[45074] done accepting connections: Socket closed
Jul 09, 2016 2:26:47 AM okhttp3.mockwebserver.MockWebServer$3 execute
INFO: MockWebServer[39280] starting to accept connections
Jul 09, 2016 2:26:47 AM okhttp3.mockwebserver.MockWebServer$4 processOneRequest
INFO: MockWebServer[39280] received request: GET / HTTP/1.1 and responded: HTTP/1.1 200 OK
Jul 09, 2016 2:26:47 AM okhttp3.mockwebserver.MockWebServer$3 acceptConnections
INFO: MockWebServer[39280] done accepting connections: Socket closed
Jul 09, 2016 2:26:47 AM okhttp3.mockwebserver.MockWebServer$3 execute
INFO: MockWebServer[35113] starting to accept connections
Jul 09, 2016 2:26:47 AM okhttp3.mockwebserver.MockWebServer$3 acceptConnections
INFO: MockWebServer[35113] done accepting connections: Socket closed
Jul 09, 2016 2:26:47 AM okhttp3.mockwebserver.MockWebServer$4 processOneRequest
INFO: MockWebServer[35113] received request: GET / HTTP/1.1 and responded: HTTP/1.1 200 OK
Jul 09, 2016 2:26:47 AM okhttp3.mockwebserver.MockWebServer$3 execute
INFO: MockWebServer[35602] starting to accept connections
Jul 09, 2016 2:26:48 AM okhttp3.mockwebserver.MockWebServer$4 processOneRequest
INFO: MockWebServer[35602] received request: POST / HTTP/1.1 and responded: HTTP/1.1 200 OK
Jul 09, 2016 2:26:48 AM okhttp3.mockwebserver.MockWebServer$3 acceptConnections
INFO: MockWebServer[35602] done accepting connections: Socket closed
Tests run: 4, Failures: 0, Errors: 0, Skipped: 0, Time elapsed: 1.224 sec

Results :

Tests run: 4, Failures: 0, Errors: 0, Skipped: 0

[INFO] 
[INFO] --- animal-sniffer-maven-plugin:1.14:check (default) @ converter-simplexml ---
[INFO] Checking unresolved references to org.codehaus.mojo.signature:java16:1.1
[INFO]                                                                         
[INFO] ------------------------------------------------------------------------
[INFO] Building Converter: Java Scalars 2.1.1-SNAPSHOT
[INFO] ------------------------------------------------------------------------
[INFO] 
[INFO] --- maven-enforcer-plugin:1.0:enforce (enforce-maven) @ converter-scalars ---
[INFO] 
[INFO] --- maven-resources-plugin:2.6:resources (default-resources) @ converter-scalars ---
[INFO] Using 'UTF-8' encoding to copy filtered resources.
[INFO] skip non existing resourceDirectory /home/travis/build/square/retrofit/retrofit-converters/scalars/src/main/resources
[INFO] 
[INFO] --- maven-compiler-plugin:3.0:compile (default-compile) @ converter-scalars ---
[INFO] Changes detected - recompiling the module!
[INFO] Compiling 3 source files to /home/travis/build/square/retrofit/retrofit-converters/scalars/target/classes
[INFO] 
[INFO] --- maven-resources-plugin:2.6:testResources (default-testResources) @ converter-scalars ---
[INFO] Using 'UTF-8' encoding to copy filtered resources.
[INFO] skip non existing resourceDirectory /home/travis/build/square/retrofit/retrofit-converters/scalars/src/test/resources
[INFO] 
[INFO] --- maven-compiler-plugin:3.0:testCompile (default-testCompile) @ converter-scalars ---
[INFO] Changes detected - recompiling the module!
[INFO] Compiling 2 source files to /home/travis/build/square/retrofit/retrofit-converters/scalars/target/test-classes
[INFO] 
[INFO] --- maven-surefire-plugin:2.12.4:test (default-test) @ converter-scalars ---
[INFO] Surefire report directory: /home/travis/build/square/retrofit/retrofit-converters/scalars/target/surefire-reports

-------------------------------------------------------
 T E S T S
-------------------------------------------------------
Running retrofit2.converter.scalars.ScalarsConverterFactoryTest
Jul 09, 2016 2:26:49 AM okhttp3.mockwebserver.MockWebServer$3 execute
INFO: MockWebServer[60438] starting to accept connections
Jul 09, 2016 2:26:49 AM okhttp3.mockwebserver.MockWebServer$3 acceptConnections
INFO: MockWebServer[60438] done accepting connections: Socket closed
Jul 09, 2016 2:26:49 AM okhttp3.mockwebserver.MockWebServer$3 execute
INFO: MockWebServer[49127] starting to accept connections
Jul 09, 2016 2:26:50 AM okhttp3.mockwebserver.MockWebServer$4 processOneRequest
INFO: MockWebServer[49127] received request: GET / HTTP/1.1 and responded: HTTP/1.1 200 OK
Jul 09, 2016 2:26:50 AM okhttp3.mockwebserver.MockWebServer$4 processOneRequest
INFO: MockWebServer[49127] received request: GET / HTTP/1.1 and responded: HTTP/1.1 200 OK
Jul 09, 2016 2:26:50 AM okhttp3.mockwebserver.MockWebServer$4 processOneRequest
INFO: MockWebServer[49127] received request: GET / HTTP/1.1 and responded: HTTP/1.1 200 OK
Jul 09, 2016 2:26:50 AM okhttp3.mockwebserver.MockWebServer$4 processOneRequest
INFO: MockWebServer[49127] received request: GET / HTTP/1.1 and responded: HTTP/1.1 200 OK
Jul 09, 2016 2:26:50 AM okhttp3.mockwebserver.MockWebServer$4 processOneRequest
INFO: MockWebServer[49127] received request: GET / HTTP/1.1 and responded: HTTP/1.1 200 OK
Jul 09, 2016 2:26:50 AM okhttp3.mockwebserver.MockWebServer$4 processOneRequest
INFO: MockWebServer[49127] received request: GET / HTTP/1.1 and responded: HTTP/1.1 200 OK
Jul 09, 2016 2:26:50 AM okhttp3.mockwebserver.MockWebServer$4 processOneRequest
INFO: MockWebServer[49127] received request: GET / HTTP/1.1 and responded: HTTP/1.1 200 OK
Jul 09, 2016 2:26:50 AM okhttp3.mockwebserver.MockWebServer$4 processOneRequest
INFO: MockWebServer[49127] received request: GET / HTTP/1.1 and responded: HTTP/1.1 200 OK
Jul 09, 2016 2:26:50 AM okhttp3.mockwebserver.MockWebServer$4 processOneRequest
INFO: MockWebServer[49127] received request: GET / HTTP/1.1 and responded: HTTP/1.1 200 OK
Jul 09, 2016 2:26:50 AM okhttp3.mockwebserver.MockWebServer$4 processOneRequest
INFO: MockWebServer[49127] received request: GET / HTTP/1.1 and responded: HTTP/1.1 200 OK
Jul 09, 2016 2:26:50 AM okhttp3.mockwebserver.MockWebServer$4 processOneRequest
INFO: MockWebServer[49127] received request: GET / HTTP/1.1 and responded: HTTP/1.1 200 OK
Jul 09, 2016 2:26:50 AM okhttp3.mockwebserver.MockWebServer$3 acceptConnections
INFO: MockWebServer[49127] done accepting connections: Socket closed
Jul 09, 2016 2:26:50 AM okhttp3.mockwebserver.MockWebServer$3 execute
INFO: MockWebServer[59810] starting to accept connections
Jul 09, 2016 2:26:50 AM okhttp3.mockwebserver.MockWebServer$4 processOneRequest
INFO: MockWebServer[59810] received request: POST / HTTP/1.1 and responded: HTTP/1.1 200 OK
Jul 09, 2016 2:26:50 AM okhttp3.mockwebserver.MockWebServer$4 processOneRequest
INFO: MockWebServer[59810] received request: POST / HTTP/1.1 and responded: HTTP/1.1 200 OK
Jul 09, 2016 2:26:50 AM okhttp3.mockwebserver.MockWebServer$4 processOneRequest
INFO: MockWebServer[59810] received request: POST / HTTP/1.1 and responded: HTTP/1.1 200 OK
Jul 09, 2016 2:26:50 AM okhttp3.mockwebserver.MockWebServer$4 processOneRequest
INFO: MockWebServer[59810] received request: POST / HTTP/1.1 and responded: HTTP/1.1 200 OK
Jul 09, 2016 2:26:50 AM okhttp3.mockwebserver.MockWebServer$4 processOneRequest
INFO: MockWebServer[59810] received request: POST / HTTP/1.1 and responded: HTTP/1.1 200 OK
Jul 09, 2016 2:26:50 AM okhttp3.mockwebserver.MockWebServer$4 processOneRequest
INFO: MockWebServer[59810] received request: POST / HTTP/1.1 and responded: HTTP/1.1 200 OK
Jul 09, 2016 2:26:50 AM okhttp3.mockwebserver.MockWebServer$4 processOneRequest
INFO: MockWebServer[59810] received request: POST / HTTP/1.1 and responded: HTTP/1.1 200 OK
Jul 09, 2016 2:26:50 AM okhttp3.mockwebserver.MockWebServer$4 processOneRequest
INFO: MockWebServer[59810] received request: POST / HTTP/1.1 and responded: HTTP/1.1 200 OK
Jul 09, 2016 2:26:50 AM okhttp3.mockwebserver.MockWebServer$4 processOneRequest
INFO: MockWebServer[59810] received request: POST / HTTP/1.1 and responded: HTTP/1.1 200 OK
Jul 09, 2016 2:26:50 AM okhttp3.mockwebserver.MockWebServer$4 processOneRequest
INFO: MockWebServer[59810] received request: POST / HTTP/1.1 and responded: HTTP/1.1 200 OK
Jul 09, 2016 2:26:50 AM okhttp3.mockwebserver.MockWebServer$4 processOneRequest
INFO: MockWebServer[59810] received request: POST / HTTP/1.1 and responded: HTTP/1.1 200 OK
Jul 09, 2016 2:26:50 AM okhttp3.mockwebserver.MockWebServer$4 processOneRequest
INFO: MockWebServer[59810] received request: POST / HTTP/1.1 and responded: HTTP/1.1 200 OK
Jul 09, 2016 2:26:50 AM okhttp3.mockwebserver.MockWebServer$4 processOneRequest
INFO: MockWebServer[59810] received request: POST / HTTP/1.1 and responded: HTTP/1.1 200 OK
Jul 09, 2016 2:26:50 AM okhttp3.mockwebserver.MockWebServer$4 processOneRequest
INFO: MockWebServer[59810] received request: POST / HTTP/1.1 and responded: HTTP/1.1 200 OK
Jul 09, 2016 2:26:50 AM okhttp3.mockwebserver.MockWebServer$4 processOneRequest
INFO: MockWebServer[59810] received request: POST / HTTP/1.1 and responded: HTTP/1.1 200 OK
Jul 09, 2016 2:26:50 AM okhttp3.mockwebserver.MockWebServer$4 processOneRequest
INFO: MockWebServer[59810] received request: POST / HTTP/1.1 and responded: HTTP/1.1 200 OK
Jul 09, 2016 2:26:50 AM okhttp3.mockwebserver.MockWebServer$3 acceptConnections
INFO: MockWebServer[59810] done accepting connections: Socket closed
Jul 09, 2016 2:26:50 AM okhttp3.mockwebserver.MockWebServer$4 processOneRequest
INFO: MockWebServer[59810] received request: POST / HTTP/1.1 and responded: HTTP/1.1 200 OK
Jul 09, 2016 2:26:50 AM okhttp3.mockwebserver.MockWebServer$3 execute
INFO: MockWebServer[52192] starting to accept connections
Jul 09, 2016 2:26:50 AM okhttp3.mockwebserver.MockWebServer$3 acceptConnections
INFO: MockWebServer[52192] done accepting connections: Socket is closed
Tests run: 4, Failures: 0, Errors: 0, Skipped: 0, Time elapsed: 1.462 sec
Running retrofit2.converter.scalars.ScalarsConverterPrimitivesFactoryTest
Jul 09, 2016 2:26:50 AM okhttp3.mockwebserver.MockWebServer$3 execute
INFO: MockWebServer[37241] starting to accept connections
Jul 09, 2016 2:26:50 AM okhttp3.mockwebserver.MockWebServer$4 processOneRequest
INFO: MockWebServer[37241] received request: GET / HTTP/1.1 and responded: HTTP/1.1 200 OK
Jul 09, 2016 2:26:50 AM okhttp3.mockwebserver.MockWebServer$4 processOneRequest
INFO: MockWebServer[37241] received request: GET / HTTP/1.1 and responded: HTTP/1.1 200 OK
Jul 09, 2016 2:26:50 AM okhttp3.mockwebserver.MockWebServer$4 processOneRequest
INFO: MockWebServer[37241] received request: GET / HTTP/1.1 and responded: HTTP/1.1 200 OK
Jul 09, 2016 2:26:50 AM okhttp3.mockwebserver.MockWebServer$4 processOneRequest
INFO: MockWebServer[37241] received request: GET / HTTP/1.1 and responded: HTTP/1.1 200 OK
Jul 09, 2016 2:26:50 AM okhttp3.mockwebserver.MockWebServer$4 processOneRequest
INFO: MockWebServer[37241] received request: GET / HTTP/1.1 and responded: HTTP/1.1 200 OK
Jul 09, 2016 2:26:50 AM okhttp3.mockwebserver.MockWebServer$4 processOneRequest
INFO: MockWebServer[37241] received request: GET / HTTP/1.1 and responded: HTTP/1.1 200 OK
Jul 09, 2016 2:26:50 AM okhttp3.mockwebserver.MockWebServer$4 processOneRequest
INFO: MockWebServer[37241] received request: GET / HTTP/1.1 and responded: HTTP/1.1 200 OK
Jul 09, 2016 2:26:50 AM okhttp3.mockwebserver.MockWebServer$4 processOneRequest
INFO: MockWebServer[37241] received request: GET / HTTP/1.1 and responded: HTTP/1.1 200 OK
Jul 09, 2016 2:26:50 AM okhttp3.mockwebserver.MockWebServer$4 processOneRequest
INFO: MockWebServer[37241] received request: GET / HTTP/1.1 and responded: HTTP/1.1 200 OK
Jul 09, 2016 2:26:50 AM okhttp3.mockwebserver.MockWebServer$4 processOneRequest
INFO: MockWebServer[37241] received request: GET / HTTP/1.1 and responded: HTTP/1.1 200 OK
Jul 09, 2016 2:26:50 AM okhttp3.mockwebserver.MockWebServer$3 acceptConnections
INFO: MockWebServer[37241] done accepting connections: Socket closed
Tests run: 1, Failures: 0, Errors: 0, Skipped: 0, Time elapsed: 0.36 sec

Results :

Tests run: 5, Failures: 0, Errors: 0, Skipped: 0

[INFO] 
[INFO] --- animal-sniffer-maven-plugin:1.14:check (default) @ converter-scalars ---
[INFO] Checking unresolved references to org.codehaus.mojo.signature:java16:1.1
[INFO]                                                                         
[INFO] ------------------------------------------------------------------------
[INFO] Building Converter: Moshi 2.1.1-SNAPSHOT
[INFO] ------------------------------------------------------------------------
[INFO] 
[INFO] --- maven-enforcer-plugin:1.0:enforce (enforce-maven) @ converter-moshi ---
[INFO] 
[INFO] --- maven-resources-plugin:2.6:resources (default-resources) @ converter-moshi ---
[INFO] Using 'UTF-8' encoding to copy filtered resources.
[INFO] skip non existing resourceDirectory /home/travis/build/square/retrofit/retrofit-converters/moshi/src/main/resources
[INFO] 
[INFO] --- maven-compiler-plugin:3.0:compile (default-compile) @ converter-moshi ---
[INFO] Changes detected - recompiling the module!
[INFO] Compiling 3 source files to /home/travis/build/square/retrofit/retrofit-converters/moshi/target/classes
[INFO] 
[INFO] --- maven-resources-plugin:2.6:testResources (default-testResources) @ converter-moshi ---
[INFO] Using 'UTF-8' encoding to copy filtered resources.
[INFO] skip non existing resourceDirectory /home/travis/build/square/retrofit/retrofit-converters/moshi/src/test/resources
[INFO] 
[INFO] --- maven-compiler-plugin:3.0:testCompile (default-testCompile) @ converter-moshi ---
[INFO] Changes detected - recompiling the module!
[INFO] Compiling 1 source file to /home/travis/build/square/retrofit/retrofit-converters/moshi/target/test-classes
[INFO] 
[INFO] --- maven-surefire-plugin:2.12.4:test (default-test) @ converter-moshi ---
[INFO] Surefire report directory: /home/travis/build/square/retrofit/retrofit-converters/moshi/target/surefire-reports

-------------------------------------------------------
 T E S T S
-------------------------------------------------------
Running retrofit2.converter.moshi.MoshiConverterFactoryTest
Jul 09, 2016 2:26:51 AM okhttp3.mockwebserver.MockWebServer$3 execute
INFO: MockWebServer[58695] starting to accept connections
Jul 09, 2016 2:26:52 AM okhttp3.mockwebserver.MockWebServer$4 processOneRequest
INFO: MockWebServer[58695] received request: POST / HTTP/1.1 and responded: HTTP/1.1 200 OK
Jul 09, 2016 2:26:52 AM okhttp3.mockwebserver.MockWebServer$3 acceptConnections
INFO: MockWebServer[58695] done accepting connections: Socket closed
Jul 09, 2016 2:26:52 AM okhttp3.mockwebserver.MockWebServer$3 execute
INFO: MockWebServer[33664] starting to accept connections
Jul 09, 2016 2:26:52 AM okhttp3.mockwebserver.MockWebServer$3 acceptConnections
INFO: MockWebServer[33664] done accepting connections: Socket closed
Jul 09, 2016 2:26:52 AM okhttp3.mockwebserver.MockWebServer$4 processOneRequest
INFO: MockWebServer[33664] received request: POST / HTTP/1.1 and responded: HTTP/1.1 200 OK
Jul 09, 2016 2:26:52 AM okhttp3.mockwebserver.MockWebServer$3 execute
INFO: MockWebServer[36864] starting to accept connections
Jul 09, 2016 2:26:52 AM okhttp3.mockwebserver.MockWebServer$3 acceptConnections
INFO: MockWebServer[36864] done accepting connections: Socket closed
Jul 09, 2016 2:26:52 AM okhttp3.mockwebserver.MockWebServer$4 processOneRequest
INFO: MockWebServer[36864] received request: POST / HTTP/1.1 and responded: HTTP/1.1 200 OK
Jul 09, 2016 2:26:52 AM okhttp3.mockwebserver.MockWebServer$3 execute
INFO: MockWebServer[59177] starting to accept connections
Jul 09, 2016 2:26:52 AM okhttp3.mockwebserver.MockWebServer$3 acceptConnections
INFO: MockWebServer[59177] done accepting connections: Socket closed
Jul 09, 2016 2:26:52 AM okhttp3.mockwebserver.MockWebServer$4 processOneRequest
INFO: MockWebServer[59177] received request: POST / HTTP/1.1 and responded: HTTP/1.1 200 OK
Jul 09, 2016 2:26:52 AM okhttp3.mockwebserver.MockWebServer$3 execute
INFO: MockWebServer[58571] starting to accept connections
Jul 09, 2016 2:26:52 AM okhttp3.mockwebserver.MockWebServer$4 processOneRequest
INFO: MockWebServer[58571] received request: POST / HTTP/1.1 and responded: HTTP/1.1 200 OK
Jul 09, 2016 2:26:52 AM okhttp3.mockwebserver.MockWebServer$4 processOneRequest
INFO: MockWebServer[58571] received request: POST / HTTP/1.1 and responded: HTTP/1.1 200 OK
Jul 09, 2016 2:26:52 AM okhttp3.mockwebserver.MockWebServer$3 acceptConnections
INFO: MockWebServer[58571] done accepting connections: Socket closed
Jul 09, 2016 2:26:52 AM okhttp3.mockwebserver.MockWebServer$3 execute
INFO: MockWebServer[36922] starting to accept connections
Jul 09, 2016 2:26:52 AM okhttp3.mockwebserver.MockWebServer$3 acceptConnections
INFO: MockWebServer[36922] done accepting connections: Socket closed
Jul 09, 2016 2:26:52 AM okhttp3.mockwebserver.MockWebServer$4 processOneRequest
INFO: MockWebServer[36922] received request: POST / HTTP/1.1 and responded: HTTP/1.1 200 OK
Tests run: 6, Failures: 0, Errors: 0, Skipped: 0, Time elapsed: 1.18 sec

Results :

Tests run: 6, Failures: 0, Errors: 0, Skipped: 0

[INFO] 
[INFO] --- animal-sniffer-maven-plugin:1.14:check (default) @ converter-moshi ---
[INFO] Checking unresolved references to org.codehaus.mojo.signature:java16:1.1
[INFO]                                                                         
[INFO] ------------------------------------------------------------------------
[INFO] Building Retrofit Mock Adapter 2.1.1-SNAPSHOT
[INFO] ------------------------------------------------------------------------
[INFO] 
[INFO] --- maven-enforcer-plugin:1.0:enforce (enforce-maven) @ retrofit-mock ---
[INFO] 
[INFO] --- maven-resources-plugin:2.6:resources (default-resources) @ retrofit-mock ---
[INFO] Using 'UTF-8' encoding to copy filtered resources.
[INFO] skip non existing resourceDirectory /home/travis/build/square/retrofit/retrofit-mock/src/main/resources
[INFO] 
[INFO] --- maven-compiler-plugin:3.0:compile (default-compile) @ retrofit-mock ---
[INFO] Changes detected - recompiling the module!
[INFO] Compiling 5 source files to /home/travis/build/square/retrofit/retrofit-mock/target/classes
[INFO] 
[INFO] --- maven-resources-plugin:2.6:testResources (default-testResources) @ retrofit-mock ---
[INFO] Using 'UTF-8' encoding to copy filtered resources.
[INFO] skip non existing resourceDirectory /home/travis/build/square/retrofit/retrofit-mock/src/test/resources
[INFO] 
[INFO] --- maven-compiler-plugin:3.0:testCompile (default-testCompile) @ retrofit-mock ---
[INFO] Changes detected - recompiling the module!
[INFO] Compiling 3 source files to /home/travis/build/square/retrofit/retrofit-mock/target/test-classes
[INFO] 
[INFO] --- maven-surefire-plugin:2.12.4:test (default-test) @ retrofit-mock ---
[INFO] Surefire report directory: /home/travis/build/square/retrofit/retrofit-mock/target/surefire-reports

-------------------------------------------------------
 T E S T S
-------------------------------------------------------
Running retrofit2.mock.BehaviorDelegateTest
Tests run: 10, Failures: 0, Errors: 0, Skipped: 0, Time elapsed: 1.966 sec
Running retrofit2.mock.MockRetrofitTest
Tests run: 8, Failures: 0, Errors: 0, Skipped: 0, Time elapsed: 0.079 sec
Running retrofit2.mock.NetworkBehaviorTest
Tests run: 6, Failures: 0, Errors: 0, Skipped: 0, Time elapsed: 0.074 sec

Results :

Tests run: 24, Failures: 0, Errors: 0, Skipped: 0

[INFO] 
[INFO] --- animal-sniffer-maven-plugin:1.14:check (default) @ retrofit-mock ---
[INFO] Checking unresolved references to org.codehaus.mojo.signature:java16:1.1
[INFO]                                                                         
[INFO] ------------------------------------------------------------------------
[INFO] Building Samples 2.1.1-SNAPSHOT
[INFO] ------------------------------------------------------------------------
[INFO] 
[INFO] --- maven-enforcer-plugin:1.0:enforce (enforce-maven) @ samples ---
[INFO] 
[INFO] --- maven-resources-plugin:2.6:resources (default-resources) @ samples ---
[INFO] Using 'UTF-8' encoding to copy filtered resources.
[INFO] skip non existing resourceDirectory /home/travis/build/square/retrofit/samples/src/main/resources
[INFO] 
[INFO] --- maven-compiler-plugin:3.0:compile (default-compile) @ samples ---
[INFO] Changes detected - recompiling the module!
[INFO] Compiling 9 source files to /home/travis/build/square/retrofit/samples/target/classes
[INFO] 
[INFO] --- maven-resources-plugin:2.6:testResources (default-testResources) @ samples ---
[INFO] Using 'UTF-8' encoding to copy filtered resources.
[INFO] skip non existing resourceDirectory /home/travis/build/square/retrofit/samples/src/test/resources
[INFO] 
[INFO] --- maven-compiler-plugin:3.0:testCompile (default-testCompile) @ samples ---
[INFO] No sources to compile
[INFO] 
[INFO] --- maven-surefire-plugin:2.12.4:test (default-test) @ samples ---
[INFO] No tests to run.
[INFO] 
[INFO] --- animal-sniffer-maven-plugin:1.14:check (default) @ samples ---
[INFO] Checking unresolved references to org.codehaus.mojo.signature:java16:1.1
[INFO] ------------------------------------------------------------------------
[INFO] Reactor Summary:
[INFO] 
[INFO] Retrofit (Parent) .................................. SUCCESS [  1.952 s]
[INFO] Retrofit ........................................... SUCCESS [ 20.788 s]
[INFO] Adapters ........................................... SUCCESS [  0.191 s]
[INFO] Adapter: Guava ..................................... SUCCESS [  1.812 s]
[INFO] Adapter: Java 8 .................................... SUCCESS [  1.635 s]
[INFO] Adapter: RxJava .................................... SUCCESS [  2.175 s]
[INFO] Converters ......................................... SUCCESS [  0.313 s]
[INFO] Converter: Gson .................................... SUCCESS [  1.282 s]
[INFO] Converter: Protocol Buffers ........................ SUCCESS [  1.328 s]
[INFO] Converter: Jackson ................................. SUCCESS [  1.441 s]
[INFO] Converter: Wire Protocol Buffers ................... SUCCESS [  2.127 s]
[INFO] Converter: SimpleXML ............................... SUCCESS [  2.313 s]
[INFO] Converter: Java Scalars ............................ SUCCESS [  2.800 s]
[INFO] Converter: Moshi ................................... SUCCESS [  2.057 s]
[INFO] Retrofit Mock Adapter .............................. SUCCESS [  3.508 s]
[INFO] Samples ............................................ SUCCESS [  1.935 s]
[INFO] ------------------------------------------------------------------------
[INFO] BUILD SUCCESS
[INFO] ------------------------------------------------------------------------
[INFO] Total time: 48.034 s
[INFO] Finished at: 2016-07-09T02:26:58+00:00
[INFO] Final Memory: 42M/319M
[INFO] ------------------------------------------------------------------------

travis_time:end:1df6ddda:start=1468031169088106270,finish=1468031224258593268,duration=55170486998[0K
[32;1mThe command "mvn test -B" exited with 0.[0m
travis_fold:start:cache.2[0Kstore build cache
travis_time:start:008fcef3[0K
travis_time:end:008fcef3:start=1468031224263043472,finish=1468031224266624405,duration=3580933[0Ktravis_time:start:14ac2102[0K[32;1mchange detected (content changed, file is created, or file is deleted):
/home/travis/.m2/repository/com/squareup/okio/okio/1.9.0/okio-1.9.0.jar
/home/travis/.m2/repository/com/squareup/okio/okio/1.9.0/okio-1.9.0.jar.sha1
/home/travis/.m2/repository/com/squareup/okio/okio/1.9.0/okio-1.9.0.pom
/home/travis/.m2/repository/com/squareup/okio/okio/1.9.0/okio-1.9.0.pom.sha1
/home/travis/.m2/repository/com/squareup/okio/okio/1.9.0/_remote.repositories
/home/travis/.m2/repository/com/squareup/okio/okio-parent/1.9.0/okio-parent-1.9.0.pom
/home/travis/.m2/repository/com/squareup/okio/okio-parent/1.9.0/okio-parent-1.9.0.pom.sha1
/home/travis/.m2/repository/com/squareup/okio/okio-parent/1.9.0/_remote.repositories
/home/travis/.m2/repository/com/squareup/retrofit2/adapter-guava/2.1.1-SNAPSHOT/adapter-guava-2.1.1-SNAPSHOT.jar
/home/travis/.m2/repository/com/squareup/retrofit2/adapter-guava/2.1.1-SNAPSHOT/maven-metadata-local.xml
/home/travis/.m2/repository/com/squareup/retrofit2/adapter-guava/2.1.1-SNAPSHOT/_remote.repositories
/home/travis/.m2/repository/com/squareup/ret
[0m
[32;1m...
[0m
[32;1mchanges detected, packing new archive[0m
.
[32;1muploading archive[0m

travis_time:end:14ac2102:start=1468031224270711679,finish=1468031232366775835,duration=8096064156[0Ktravis_fold:end:cache.2[0Ktravis_fold:start:after_success[0Ktravis_time:start:0cdc0f8c[0K$ .buildscript/deploy_snapshot.sh
Skipping snapshot deployment: wrong branch. Expected 'master' but was 'jw/drop-the-bom'.

travis_time:end:0cdc0f8c:start=1468031232371362609,finish=1468031232376498964,duration=5136355[0Ktravis_fold:end:after_success[0K
Done. Your build exited with 0.
