Using worker: worker-linux-docker-8a761c0c.prod.travis-ci.org:travis-linux-10

travis_fold:start:system_info[0K[33;1mBuild system information[0m
Build language: java
Build group: stable
Build dist: precise
[34m[1mBuild image provisioning date and time[0m
Thu Feb  5 15:09:33 UTC 2015
[34m[1mOperating System Details[0m
Distributor ID:	Ubuntu
Description:	Ubuntu 12.04.5 LTS
Release:	12.04
Codename:	precise
[34m[1mLinux Version[0m
3.13.0-29-generic
[34m[1mCookbooks Version[0m
a68419e https://github.com/travis-ci/travis-cookbooks/tree/a68419e
[34m[1mGCC version[0m
gcc (Ubuntu/Linaro 4.6.3-1ubuntu5) 4.6.3
Copyright (C) 2011 Free Software Foundation, Inc.
This is free software; see the source for copying conditions.  There is NO
warranty; not even for MERCHANTABILITY or FITNESS FOR A PARTICULAR PURPOSE.

[34m[1mLLVM version[0m
clang version 3.4 (tags/RELEASE_34/final)
Target: x86_64-unknown-linux-gnu
Thread model: posix
[34m[1mPre-installed Ruby versions[0m
ruby-1.9.3-p551
[34m[1mPre-installed Node.js versions[0m
v0.10.36
[34m[1mPre-installed Go versions[0m
1.4.1
[34m[1mRedis version[0m
redis-server 2.8.19
[34m[1mriak version[0m
2.0.2
[34m[1mMongoDB version[0m
MongoDB 2.4.12
[34m[1mCouchDB version[0m
couchdb 1.6.1
[34m[1mNeo4j version[0m
1.9.4
[34m[1mRabbitMQ Version[0m
3.4.3
[34m[1mElasticSearch version[0m
1.4.0
[34m[1mInstalled Sphinx versions[0m
2.0.10
2.1.9
2.2.6
[34m[1mDefault Sphinx version[0m
2.2.6
[34m[1mInstalled Firefox version[0m
firefox 31.0esr
[34m[1mPhantomJS version[0m
1.9.8
[34m[1mant -version[0m
Apache Ant(TM) version 1.8.2 compiled on December 3 2011
[34m[1mmvn -version[0m
Apache Maven 3.2.5 (12a6b3acb947671f09b81f49094c53f426d8cea1; 2014-12-14T17:29:23+00:00)
Maven home: /usr/local/maven
Java version: 1.7.0_76, vendor: Oracle Corporation
Java home: /usr/lib/jvm/java-7-oracle/jre
Default locale: en_US, platform encoding: ANSI_X3.4-1968
OS name: "linux", version: "3.13.0-29-generic", arch: "amd64", family: "unix"
travis_fold:end:system_info[0K
travis_fold:start:fix.CVE-2015-7547[0K$ export DEBIAN_FRONTEND=noninteractive
W: Size of file /var/lib/apt/lists/us.archive.ubuntu.com_ubuntu_dists_precise-backports_multiverse_source_Sources.gz is not what the server reported 5886 5888
W: Size of file /var/lib/apt/lists/ppa.launchpad.net_ubuntugis_ppa_ubuntu_dists_precise_main_binary-amd64_Packages.gz is not what the server reported 36669 36677
W: Size of file /var/lib/apt/lists/ppa.launchpad.net_ubuntugis_ppa_ubuntu_dists_precise_main_binary-i386_Packages.gz is not what the server reported 36729 36733
Reading package lists...
Building dependency tree...
Reading state information...
The following extra packages will be installed:
  libc-bin libc-dev-bin libc6-dev
Suggested packages:
  glibc-doc
The following packages will be upgraded:
  libc-bin libc-dev-bin libc6 libc6-dev
4 upgraded, 0 newly installed, 0 to remove and 248 not upgraded.
Need to get 8,840 kB of archives.
After this operation, 14.3 kB disk space will be freed.
Get:1 http://us.archive.ubuntu.com/ubuntu/ precise-updates/main libc6-dev amd64 2.15-0ubuntu10.15 [2,943 kB]
Get:2 http://us.archive.ubuntu.com/ubuntu/ precise-updates/main libc-dev-bin amd64 2.15-0ubuntu10.15 [84.7 kB]
Get:3 http://us.archive.ubuntu.com/ubuntu/ precise-updates/main libc-bin amd64 2.15-0ubuntu10.15 [1,177 kB]
Get:4 http://us.archive.ubuntu.com/ubuntu/ precise-updates/main libc6 amd64 2.15-0ubuntu10.15 [4,636 kB]
Fetched 8,840 kB in 0s (37.6 MB/s)
Preconfiguring packages ...
(Reading database ... (Reading database ... 5%(Reading database ... 10%(Reading database ... 15%(Reading database ... 20%(Reading database ... 25%(Reading database ... 30%(Reading database ... 35%(Reading database ... 40%(Reading database ... 45%(Reading database ... 50%(Reading database ... 55%(Reading database ... 60%(Reading database ... 65%(Reading database ... 70%(Reading database ... 75%(Reading database ... 80%(Reading database ... 85%(Reading database ... 90%(Reading database ... 95%(Reading database ... 100%(Reading database ... 72019 files and directories currently installed.)
Preparing to replace libc6-dev 2.15-0ubuntu10.10 (using .../libc6-dev_2.15-0ubuntu10.15_amd64.deb) ...
Unpacking replacement libc6-dev ...
Preparing to replace libc-dev-bin 2.15-0ubuntu10.10 (using .../libc-dev-bin_2.15-0ubuntu10.15_amd64.deb) ...
Unpacking replacement libc-dev-bin ...
Preparing to replace libc-bin 2.15-0ubuntu10.10 (using .../libc-bin_2.15-0ubuntu10.15_amd64.deb) ...
Unpacking replacement libc-bin ...
Processing triggers for man-db ...
Setting up libc-bin (2.15-0ubuntu10.15) ...
(Reading database ... (Reading database ... 5%(Reading database ... 10%(Reading database ... 15%(Reading database ... 20%(Reading database ... 25%(Reading database ... 30%(Reading database ... 35%(Reading database ... 40%(Reading database ... 45%(Reading database ... 50%(Reading database ... 55%(Reading database ... 60%(Reading database ... 65%(Reading database ... 70%(Reading database ... 75%(Reading database ... 80%(Reading database ... 85%(Reading database ... 90%(Reading database ... 95%(Reading database ... 100%(Reading database ... 72018 files and directories currently installed.)
Preparing to replace libc6 2.15-0ubuntu10.10 (using .../libc6_2.15-0ubuntu10.15_amd64.deb) ...
Unpacking replacement libc6 ...
Setting up libc6 (2.15-0ubuntu10.15) ...
Setting up libc-dev-bin (2.15-0ubuntu10.15) ...
Setting up libc6-dev (2.15-0ubuntu10.15) ...
Processing triggers for libc-bin ...
ldconfig deferred processing now taking place
travis_fold:end:fix.CVE-2015-7547[0Ktravis_fold:start:git.checkout[0Ktravis_time:start:15963018[0K$ git clone --depth=50 --branch=jw/okhttp https://github.com/square/retrofit.git square/retrofit
Cloning into 'square/retrofit'...
remote: Counting objects: 1152, done.[K
remote: Compressing objects:   0% (1/649)   [Kremote: Compressing objects:   1% (7/649)   [Kremote: Compressing objects:   2% (13/649)   [Kremote: Compressing objects:   3% (20/649)   [Kremote: Compressing objects:   4% (26/649)   [Kremote: Compressing objects:   5% (33/649)   [Kremote: Compressing objects:   6% (39/649)   [Kremote: Compressing objects:   7% (46/649)   [Kremote: Compressing objects:   8% (52/649)   [Kremote: Compressing objects:   9% (59/649)   [Kremote: Compressing objects:  10% (65/649)   [Kremote: Compressing objects:  11% (72/649)   [Kremote: Compressing objects:  12% (78/649)   [Kremote: Compressing objects:  13% (85/649)   [Kremote: Compressing objects:  14% (91/649)   [Kremote: Compressing objects:  15% (98/649)   [Kremote: Compressing objects:  16% (104/649)   [Kremote: Compressing objects:  17% (111/649)   [Kremote: Compressing objects:  18% (117/649)   [Kremote: Compressing objects:  19% (124/649)   [Kremote: Compressing objects:  20% (130/649)   [Kremote: Compressing objects:  21% (137/649)   [Kremote: Compressing objects:  22% (143/649)   [Kremote: Compressing objects:  23% (150/649)   [Kremote: Compressing objects:  24% (156/649)   [Kremote: Compressing objects:  25% (163/649)   [Kremote: Compressing objects:  26% (169/649)   [Kremote: Compressing objects:  27% (176/649)   [Kremote: Compressing objects:  28% (182/649)   [Kremote: Compressing objects:  29% (189/649)   [Kremote: Compressing objects:  30% (195/649)   [Kremote: Compressing objects:  31% (202/649)   [Kremote: Compressing objects:  32% (208/649)   [Kremote: Compressing objects:  33% (215/649)   [Kremote: Compressing objects:  34% (221/649)   [Kremote: Compressing objects:  35% (228/649)   [Kremote: Compressing objects:  36% (234/649)   [Kremote: Compressing objects:  37% (241/649)   [Kremote: Compressing objects:  38% (247/649)   [Kremote: Compressing objects:  39% (254/649)   [Kremote: Compressing objects:  40% (260/649)   [Kremote: Compressing objects:  41% (267/649)   [Kremote: Compressing objects:  42% (273/649)   [Kremote: Compressing objects:  43% (280/649)   [Kremote: Compressing objects:  44% (286/649)   [Kremote: Compressing objects:  45% (293/649)   [Kremote: Compressing objects:  46% (299/649)   [Kremote: Compressing objects:  47% (306/649)   [Kremote: Compressing objects:  48% (312/649)   [Kremote: Compressing objects:  49% (319/649)   [Kremote: Compressing objects:  50% (325/649)   [Kremote: Compressing objects:  51% (331/649)   [Kremote: Compressing objects:  52% (338/649)   [Kremote: Compressing objects:  53% (344/649)   [Kremote: Compressing objects:  54% (351/649)   [Kremote: Compressing objects:  55% (357/649)   [Kremote: Compressing objects:  56% (364/649)   [Kremote: Compressing objects:  57% (370/649)   [Kremote: Compressing objects:  58% (377/649)   [Kremote: Compressing objects:  59% (383/649)   [Kremote: Compressing objects:  60% (390/649)   [Kremote: Compressing objects:  61% (396/649)   [Kremote: Compressing objects:  62% (403/649)   [Kremote: Compressing objects:  63% (409/649)   [Kremote: Compressing objects:  64% (416/649)   [Kremote: Compressing objects:  65% (422/649)   [Kremote: Compressing objects:  66% (429/649)   [Kremote: Compressing objects:  67% (435/649)   [Kremote: Compressing objects:  68% (442/649)   [Kremote: Compressing objects:  69% (448/649)   [Kremote: Compressing objects:  70% (455/649)   [Kremote: Compressing objects:  71% (461/649)   [Kremote: Compressing objects:  72% (468/649)   [Kremote: Compressing objects:  73% (474/649)   [Kremote: Compressing objects:  74% (481/649)   [Kremote: Compressing objects:  75% (487/649)   [Kremote: Compressing objects:  76% (494/649)   [Kremote: Compressing objects:  77% (500/649)   [Kremote: Compressing objects:  78% (507/649)   [Kremote: Compressing objects:  79% (513/649)   [Kremote: Compressing objects:  80% (520/649)   [Kremote: Compressing objects:  81% (526/649)   [Kremote: Compressing objects:  82% (533/649)   [Kremote: Compressing objects:  83% (539/649)   [Kremote: Compressing objects:  84% (546/649)   [Kremote: Compressing objects:  85% (552/649)   [Kremote: Compressing objects:  86% (559/649)   [Kremote: Compressing objects:  87% (565/649)   [Kremote: Compressing objects:  88% (572/649)   [Kremote: Compressing objects:  89% (578/649)   [Kremote: Compressing objects:  90% (585/649)   [Kremote: Compressing objects:  91% (591/649)   [Kremote: Compressing objects:  92% (598/649)   [Kremote: Compressing objects:  93% (604/649)   [Kremote: Compressing objects:  94% (611/649)   [Kremote: Compressing objects:  95% (617/649)   [Kremote: Compressing objects:  96% (624/649)   [Kremote: Compressing objects:  97% (630/649)   [Kremote: Compressing objects:  98% (637/649)   [Kremote: Compressing objects:  99% (643/649)   [Kremote: Compressing objects: 100% (649/649)   [Kremote: Compressing objects: 100% (649/649), done.[K
Receiving objects:   0% (1/1152)   Receiving objects:   1% (12/1152)   Receiving objects:   2% (24/1152)   Receiving objects:   3% (35/1152)   Receiving objects:   4% (47/1152)   Receiving objects:   5% (58/1152)   Receiving objects:   6% (70/1152)   Receiving objects:   7% (81/1152)   Receiving objects:   8% (93/1152)   Receiving objects:   9% (104/1152)   Receiving objects:  10% (116/1152)   Receiving objects:  11% (127/1152)   Receiving objects:  12% (139/1152)   Receiving objects:  13% (150/1152)   Receiving objects:  14% (162/1152)   Receiving objects:  15% (173/1152)   Receiving objects:  16% (185/1152)   Receiving objects:  17% (196/1152)   Receiving objects:  18% (208/1152)   Receiving objects:  19% (219/1152)   Receiving objects:  20% (231/1152)   Receiving objects:  21% (242/1152)   Receiving objects:  22% (254/1152)   Receiving objects:  23% (265/1152)   Receiving objects:  24% (277/1152)   Receiving objects:  25% (288/1152)   Receiving objects:  26% (300/1152)   Receiving objects:  27% (312/1152)   Receiving objects:  28% (323/1152)   Receiving objects:  29% (335/1152)   Receiving objects:  30% (346/1152)   Receiving objects:  31% (358/1152)   Receiving objects:  32% (369/1152)   Receiving objects:  33% (381/1152)   Receiving objects:  34% (392/1152)   Receiving objects:  35% (404/1152)   Receiving objects:  36% (415/1152)   Receiving objects:  37% (427/1152)   Receiving objects:  38% (438/1152)   Receiving objects:  39% (450/1152)   Receiving objects:  40% (461/1152)   Receiving objects:  41% (473/1152)   Receiving objects:  42% (484/1152)   Receiving objects:  43% (496/1152)   Receiving objects:  44% (507/1152)   Receiving objects:  45% (519/1152)   Receiving objects:  46% (530/1152)   Receiving objects:  47% (542/1152)   Receiving objects:  48% (553/1152)   Receiving objects:  49% (565/1152)   Receiving objects:  50% (576/1152)   Receiving objects:  51% (588/1152)   Receiving objects:  52% (600/1152)   Receiving objects:  53% (611/1152)   remote: Total 1152 (delta 430), reused 895 (delta 247), pack-reused 0[K
Receiving objects:  54% (623/1152)   Receiving objects:  55% (634/1152)   Receiving objects:  56% (646/1152)   Receiving objects:  57% (657/1152)   Receiving objects:  58% (669/1152)   Receiving objects:  59% (680/1152)   Receiving objects:  60% (692/1152)   Receiving objects:  61% (703/1152)   Receiving objects:  62% (715/1152)   Receiving objects:  63% (726/1152)   Receiving objects:  64% (738/1152)   Receiving objects:  65% (749/1152)   Receiving objects:  66% (761/1152)   Receiving objects:  67% (772/1152)   Receiving objects:  68% (784/1152)   Receiving objects:  69% (795/1152)   Receiving objects:  70% (807/1152)   Receiving objects:  71% (818/1152)   Receiving objects:  72% (830/1152)   Receiving objects:  73% (841/1152)   Receiving objects:  74% (853/1152)   Receiving objects:  75% (864/1152)   Receiving objects:  76% (876/1152)   Receiving objects:  77% (888/1152)   Receiving objects:  78% (899/1152)   Receiving objects:  79% (911/1152)   Receiving objects:  80% (922/1152)   Receiving objects:  81% (934/1152)   Receiving objects:  82% (945/1152)   Receiving objects:  83% (957/1152)   Receiving objects:  84% (968/1152)   Receiving objects:  85% (980/1152)   Receiving objects:  86% (991/1152)   Receiving objects:  87% (1003/1152)   Receiving objects:  88% (1014/1152)   Receiving objects:  89% (1026/1152)   Receiving objects:  90% (1037/1152)   Receiving objects:  91% (1049/1152)   Receiving objects:  92% (1060/1152)   Receiving objects:  93% (1072/1152)   Receiving objects:  94% (1083/1152)   Receiving objects:  95% (1095/1152)   Receiving objects:  96% (1106/1152)   Receiving objects:  97% (1118/1152)   Receiving objects:  98% (1129/1152)   Receiving objects:  99% (1141/1152)   Receiving objects: 100% (1152/1152)   Receiving objects: 100% (1152/1152), 308.45 KiB | 0 bytes/s, done.
Resolving deltas:   0% (0/430)   Resolving deltas:   4% (19/430)   Resolving deltas:   5% (22/430)   Resolving deltas:   6% (27/430)   Resolving deltas:  10% (44/430)   Resolving deltas:  37% (162/430)   Resolving deltas:  39% (168/430)   Resolving deltas:  41% (180/430)   Resolving deltas:  45% (194/430)   Resolving deltas:  49% (214/430)   Resolving deltas:  51% (222/430)   Resolving deltas:  52% (224/430)   Resolving deltas:  53% (228/430)   Resolving deltas:  54% (236/430)   Resolving deltas:  55% (239/430)   Resolving deltas:  56% (241/430)   Resolving deltas:  58% (252/430)   Resolving deltas:  59% (256/430)   Resolving deltas:  60% (258/430)   Resolving deltas:  61% (263/430)   Resolving deltas:  62% (267/430)   Resolving deltas:  63% (271/430)   Resolving deltas:  66% (288/430)   Resolving deltas:  67% (290/430)   Resolving deltas:  68% (294/430)   Resolving deltas:  69% (298/430)   Resolving deltas:  70% (301/430)   Resolving deltas:  72% (311/430)   Resolving deltas:  73% (315/430)   Resolving deltas:  74% (319/430)   Resolving deltas:  77% (332/430)   Resolving deltas:  81% (351/430)   Resolving deltas:  82% (353/430)   Resolving deltas:  83% (357/430)   Resolving deltas:  84% (362/430)   Resolving deltas:  85% (366/430)   Resolving deltas:  86% (372/430)   Resolving deltas:  89% (383/430)   Resolving deltas:  92% (396/430)   Resolving deltas:  93% (403/430)   Resolving deltas:  94% (407/430)   Resolving deltas:  95% (409/430)   Resolving deltas:  96% (414/430)   Resolving deltas:  98% (425/430)   Resolving deltas:  99% (426/430)   Resolving deltas: 100% (430/430)   Resolving deltas: 100% (430/430), done.
Checking connectivity... done.

travis_time:end:15963018:start=1468038499086491011,finish=1468038499536627087,duration=450136076[0K$ cd square/retrofit
$ git checkout -qf 0f42a34d0fb3e2a9cfcffbe1d1796c02e0f43c50
travis_fold:end:git.checkout[0K
[33;1mThis job is running on container-based infrastructure, which does not allow use of 'sudo', setuid and setguid executables.[0m
[33;1mIf you require sudo, add 'sudo: required' to your .travis.yml[0m
[33;1mSee https://docs.travis-ci.com/user/workers/container-based-infrastructure/ for details.[0m

[33;1mSetting environment variables from .travis.yml[0m
$ export CI_DEPLOY_USERNAME=[secure]
$ export CI_DEPLOY_PASSWORD=[secure]

$ jdk_switcher use oraclejdk8
Switching to Oracle JDK8 (java-8-oracle), JAVA_HOME will be set to /usr/lib/jvm/java-8-oracle
travis_fold:start:cache.1[0KSetting up build cache
$ export CASHER_DIR=$HOME/.casher
travis_time:start:06c5f5d4[0K$ Installing caching utilities

travis_time:end:06c5f5d4:start=1468038501088406576,finish=1468038501189087014,duration=100680438[0Ktravis_time:start:056b3276[0K
travis_time:end:056b3276:start=1468038501193817818,finish=1468038501197034040,duration=3216222[0Ktravis_time:start:3a58e22e[0K[32;1mattempting to download cache archive[0m
[32;1mfetching jwokhttp/cache-linux-precise-e3b0c44298fc1c149afbf4c8996fb92427ae41e4649b934ca495991b7852b855--jdk-oraclejdk8.tgz[0m
[32;1mfetching jwokhttp/cache--jdk-oraclejdk8.tgz[0m
[32;1mfetching master/cache-linux-precise-e3b0c44298fc1c149afbf4c8996fb92427ae41e4649b934ca495991b7852b855--jdk-oraclejdk8.tgz[0m
[32;1mfound cache[0m

travis_time:end:3a58e22e:start=1468038501200726559,finish=1468038503878148510,duration=2677421951[0Ktravis_time:start:0bc5128b[0K
travis_time:end:0bc5128b:start=1468038503881864818,finish=1468038503885081777,duration=3216959[0Ktravis_time:start:1769bbc3[0K[32;1madding /home/travis/.m2 to cache[0m

travis_time:end:1769bbc3:start=1468038503888714224,finish=1468038505489296106,duration=1600581882[0Ktravis_fold:end:cache.1[0K$ java -Xmx32m -version
java version "1.8.0_31"
Java(TM) SE Runtime Environment (build 1.8.0_31-b13)
Java HotSpot(TM) 64-Bit Server VM (build 25.31-b07, mixed mode)
$ javac -J-Xmx32m -version
javac 1.8.0_31
travis_fold:start:install[0Ktravis_time:start:17be1ed8[0K$ mvn install -DskipTests=true -Dmaven.javadoc.skip=true -B -V
Java HotSpot(TM) 64-Bit Server VM warning: ignoring option MaxPermSize=192m; support was removed in 8.0
Apache Maven 3.2.5 (12a6b3acb947671f09b81f49094c53f426d8cea1; 2014-12-14T17:29:23+00:00)
Maven home: /usr/local/maven
Java version: 1.8.0_31, vendor: Oracle Corporation
Java home: /usr/lib/jvm/java-8-oracle/jre
Default locale: en_US, platform encoding: UTF-8
OS name: "linux", version: "3.13.0-40-generic", arch: "amd64", family: "unix"
[INFO] Scanning for projects...
[WARNING] 
[WARNING] Some problems were encountered while building the effective model for com.squareup.retrofit2:samples:jar:2.1.1-SNAPSHOT
[WARNING] 'build.plugins.plugin.version' for org.apache.maven.plugins:maven-deploy-plugin is missing. @ com.squareup.retrofit2:samples:[unknown-version], /home/travis/build/square/retrofit/samples/pom.xml, line 55, column 15
[WARNING] 
[WARNING] It is highly recommended to fix these problems because they threaten the stability of your build.
[WARNING] 
[WARNING] For this reason, future Maven versions might no longer support building such malformed projects.
[WARNING] 
[INFO] ------------------------------------------------------------------------
[INFO] Reactor Build Order:
[INFO] 
[INFO] Retrofit (Parent)
[INFO] Retrofit
[INFO] Adapters
[INFO] Adapter: Guava
[INFO] Adapter: Java 8
[INFO] Adapter: RxJava
[INFO] Converters
[INFO] Converter: Gson
[INFO] Converter: Protocol Buffers
[INFO] Converter: Jackson
[INFO] Converter: Wire Protocol Buffers
[INFO] Converter: SimpleXML
[INFO] Converter: Java Scalars
[INFO] Converter: Moshi
[INFO] Retrofit Mock Adapter
[INFO] Samples
[INFO]                                                                         
[INFO] ------------------------------------------------------------------------
[INFO] Building Retrofit (Parent) 2.1.1-SNAPSHOT
[INFO] ------------------------------------------------------------------------
[INFO] 
[INFO] --- maven-enforcer-plugin:1.0:enforce (enforce-maven) @ parent ---
[INFO] 
[INFO] --- animal-sniffer-maven-plugin:1.14:check (default) @ parent ---
[INFO] Checking unresolved references to org.codehaus.mojo.signature:java16:1.1
[INFO] 
[INFO] --- maven-javadoc-plugin:2.10.3:jar (attach-javadocs) @ parent ---
[INFO] Skipping javadoc generation
[INFO] 
[INFO] --- maven-checkstyle-plugin:2.15:checkstyle (default) @ parent ---
[INFO] 
[INFO] --- maven-install-plugin:2.4:install (default-install) @ parent ---
[INFO] Installing /home/travis/build/square/retrofit/pom.xml to /home/travis/.m2/repository/com/squareup/retrofit2/parent/2.1.1-SNAPSHOT/parent-2.1.1-SNAPSHOT.pom
[INFO]                                                                         
[INFO] ------------------------------------------------------------------------
[INFO] Building Retrofit 2.1.1-SNAPSHOT
[INFO] ------------------------------------------------------------------------
[INFO] Downloading: http://repo.maven.apache.org/maven2/com/squareup/okhttp3/okhttp/3.4.0/okhttp-3.4.0.pom
[INFO] Downloaded: http://repo.maven.apache.org/maven2/com/squareup/okhttp3/okhttp/3.4.0/okhttp-3.4.0.pom (2 KB at 8.8 KB/sec)
[INFO] Downloading: http://repo.maven.apache.org/maven2/com/squareup/okhttp3/parent/3.4.0/parent-3.4.0.pom
[INFO] Downloaded: http://repo.maven.apache.org/maven2/com/squareup/okhttp3/parent/3.4.0/parent-3.4.0.pom (15 KB at 485.0 KB/sec)
[INFO] Downloading: http://repo.maven.apache.org/maven2/com/squareup/okhttp3/mockwebserver/3.4.0/mockwebserver-3.4.0.pom
[INFO] Downloaded: http://repo.maven.apache.org/maven2/com/squareup/okhttp3/mockwebserver/3.4.0/mockwebserver-3.4.0.pom (3 KB at 57.6 KB/sec)
[INFO] Downloading: http://repo.maven.apache.org/maven2/com/squareup/okhttp3/okhttp-ws/3.4.0/okhttp-ws-3.4.0.pom
[INFO] Downloaded: http://repo.maven.apache.org/maven2/com/squareup/okhttp3/okhttp-ws/3.4.0/okhttp-ws-3.4.0.pom (2 KB at 28.3 KB/sec)
[INFO] Downloading: http://repo.maven.apache.org/maven2/com/squareup/okhttp3/okhttp/3.4.0/okhttp-3.4.0.jar
[INFO] Downloading: http://repo.maven.apache.org/maven2/com/squareup/okhttp3/mockwebserver/3.4.0/mockwebserver-3.4.0.jar
[INFO] Downloading: http://repo.maven.apache.org/maven2/com/squareup/okhttp3/okhttp-ws/3.4.0/okhttp-ws-3.4.0.jar
[INFO] Downloaded: http://repo.maven.apache.org/maven2/com/squareup/okhttp3/okhttp-ws/3.4.0/okhttp-ws-3.4.0.jar (26 KB at 349.0 KB/sec)
[INFO] Downloaded: http://repo.maven.apache.org/maven2/com/squareup/okhttp3/mockwebserver/3.4.0/mockwebserver-3.4.0.jar (47 KB at 490.4 KB/sec)
[INFO] Downloaded: http://repo.maven.apache.org/maven2/com/squareup/okhttp3/okhttp/3.4.0/okhttp-3.4.0.jar (337 KB at 1970.2 KB/sec)
[INFO] 
[INFO] --- maven-enforcer-plugin:1.0:enforce (enforce-maven) @ retrofit ---
[INFO] 
[INFO] --- maven-resources-plugin:2.6:resources (default-resources) @ retrofit ---
[INFO] Using 'UTF-8' encoding to copy filtered resources.
[INFO] skip non existing resourceDirectory /home/travis/build/square/retrofit/retrofit/src/main/resources
[INFO] 
[INFO] --- maven-compiler-plugin:3.0:compile (default-compile) @ retrofit ---
[INFO] Changes detected - recompiling the module!
[INFO] Compiling 40 source files to /home/travis/build/square/retrofit/retrofit/target/classes
[WARNING] /home/travis/build/square/retrofit/retrofit/src/main/java/retrofit2/Retrofit.java: Some input files use unchecked or unsafe operations.
[WARNING] /home/travis/build/square/retrofit/retrofit/src/main/java/retrofit2/Retrofit.java: Recompile with -Xlint:unchecked for details.
[INFO] 
[INFO] --- maven-resources-plugin:2.6:testResources (default-testResources) @ retrofit ---
[INFO] Using 'UTF-8' encoding to copy filtered resources.
[INFO] skip non existing resourceDirectory /home/travis/build/square/retrofit/retrofit/src/test/resources
[INFO] 
[INFO] --- maven-compiler-plugin:3.0:testCompile (default-testCompile) @ retrofit ---
[INFO] Changes detected - recompiling the module!
[INFO] Compiling 14 source files to /home/travis/build/square/retrofit/retrofit/target/test-classes
[WARNING] /home/travis/build/square/retrofit/retrofit/src/test/java/retrofit2/RetrofitTest.java: /home/travis/build/square/retrofit/retrofit/src/test/java/retrofit2/RetrofitTest.java uses unchecked or unsafe operations.
[WARNING] /home/travis/build/square/retrofit/retrofit/src/test/java/retrofit2/RetrofitTest.java: Recompile with -Xlint:unchecked for details.
[INFO] 
[INFO] --- maven-surefire-plugin:2.12.4:test (default-test) @ retrofit ---
[INFO] Tests are skipped.
[INFO] 
[INFO] --- animal-sniffer-maven-plugin:1.14:check (default) @ retrofit ---
[INFO] Checking unresolved references to org.codehaus.mojo.signature:java16:1.1
[INFO] 
[INFO] --- maven-jar-plugin:2.4:jar (default-jar) @ retrofit ---
[INFO] Building jar: /home/travis/build/square/retrofit/retrofit/target/retrofit-2.1.1-SNAPSHOT.jar
[INFO] 
[INFO] --- maven-javadoc-plugin:2.10.3:jar (attach-javadocs) @ retrofit ---
[INFO] Skipping javadoc generation
[INFO] 
[INFO] --- maven-checkstyle-plugin:2.15:checkstyle (default) @ retrofit ---
[INFO] Starting audit...
Audit done.
[WARNING] Unable to locate Source XRef to link to - DISABLED
[INFO] 
[INFO] --- maven-install-plugin:2.4:install (default-install) @ retrofit ---
[INFO] Installing /home/travis/build/square/retrofit/retrofit/target/retrofit-2.1.1-SNAPSHOT.jar to /home/travis/.m2/repository/com/squareup/retrofit2/retrofit/2.1.1-SNAPSHOT/retrofit-2.1.1-SNAPSHOT.jar
[INFO] Installing /home/travis/build/square/retrofit/retrofit/pom.xml to /home/travis/.m2/repository/com/squareup/retrofit2/retrofit/2.1.1-SNAPSHOT/retrofit-2.1.1-SNAPSHOT.pom
[INFO]                                                                         
[INFO] ------------------------------------------------------------------------
[INFO] Building Adapters 2.1.1-SNAPSHOT
[INFO] ------------------------------------------------------------------------
[INFO] 
[INFO] --- maven-enforcer-plugin:1.0:enforce (enforce-maven) @ retrofit-adapters ---
[INFO] 
[INFO] --- animal-sniffer-maven-plugin:1.14:check (default) @ retrofit-adapters ---
[INFO] Checking unresolved references to org.codehaus.mojo.signature:java16:1.1
[INFO] 
[INFO] --- maven-javadoc-plugin:2.10.3:jar (attach-javadocs) @ retrofit-adapters ---
[INFO] Skipping javadoc generation
[INFO] 
[INFO] --- maven-checkstyle-plugin:2.15:checkstyle (default) @ retrofit-adapters ---
[INFO] 
[INFO] --- maven-install-plugin:2.4:install (default-install) @ retrofit-adapters ---
[INFO] Installing /home/travis/build/square/retrofit/retrofit-adapters/pom.xml to /home/travis/.m2/repository/com/squareup/retrofit2/retrofit-adapters/2.1.1-SNAPSHOT/retrofit-adapters-2.1.1-SNAPSHOT.pom
[INFO]                                                                         
[INFO] ------------------------------------------------------------------------
[INFO] Building Adapter: Guava 2.1.1-SNAPSHOT
[INFO] ------------------------------------------------------------------------
[INFO] 
[INFO] --- maven-enforcer-plugin:1.0:enforce (enforce-maven) @ adapter-guava ---
[INFO] 
[INFO] --- maven-resources-plugin:2.6:resources (default-resources) @ adapter-guava ---
[INFO] Using 'UTF-8' encoding to copy filtered resources.
[INFO] skip non existing resourceDirectory /home/travis/build/square/retrofit/retrofit-adapters/guava/src/main/resources
[INFO] 
[INFO] --- maven-compiler-plugin:3.0:compile (default-compile) @ adapter-guava ---
[INFO] Changes detected - recompiling the module!
[INFO] Compiling 2 source files to /home/travis/build/square/retrofit/retrofit-adapters/guava/target/classes
[INFO] 
[INFO] --- maven-resources-plugin:2.6:testResources (default-testResources) @ adapter-guava ---
[INFO] Using 'UTF-8' encoding to copy filtered resources.
[INFO] skip non existing resourceDirectory /home/travis/build/square/retrofit/retrofit-adapters/guava/src/test/resources
[INFO] 
[INFO] --- maven-compiler-plugin:3.0:testCompile (default-testCompile) @ adapter-guava ---
[INFO] Changes detected - recompiling the module!
[INFO] Compiling 3 source files to /home/travis/build/square/retrofit/retrofit-adapters/guava/target/test-classes
[INFO] 
[INFO] --- maven-surefire-plugin:2.12.4:test (default-test) @ adapter-guava ---
[INFO] Tests are skipped.
[INFO] 
[INFO] --- animal-sniffer-maven-plugin:1.14:check (default) @ adapter-guava ---
[INFO] Checking unresolved references to org.codehaus.mojo.signature:java16:1.1
[INFO] 
[INFO] --- maven-jar-plugin:2.4:jar (default-jar) @ adapter-guava ---
[INFO] Building jar: /home/travis/build/square/retrofit/retrofit-adapters/guava/target/adapter-guava-2.1.1-SNAPSHOT.jar
[INFO] 
[INFO] --- maven-javadoc-plugin:2.10.3:jar (attach-javadocs) @ adapter-guava ---
[INFO] Skipping javadoc generation
[INFO] 
[INFO] --- maven-checkstyle-plugin:2.15:checkstyle (default) @ adapter-guava ---
[INFO] Starting audit...
Audit done.
[WARNING] Unable to locate Source XRef to link to - DISABLED
[INFO] 
[INFO] --- maven-install-plugin:2.4:install (default-install) @ adapter-guava ---
[INFO] Installing /home/travis/build/square/retrofit/retrofit-adapters/guava/target/adapter-guava-2.1.1-SNAPSHOT.jar to /home/travis/.m2/repository/com/squareup/retrofit2/adapter-guava/2.1.1-SNAPSHOT/adapter-guava-2.1.1-SNAPSHOT.jar
[INFO] Installing /home/travis/build/square/retrofit/retrofit-adapters/guava/pom.xml to /home/travis/.m2/repository/com/squareup/retrofit2/adapter-guava/2.1.1-SNAPSHOT/adapter-guava-2.1.1-SNAPSHOT.pom
[INFO]                                                                         
[INFO] ------------------------------------------------------------------------
[INFO] Building Adapter: Java 8 2.1.1-SNAPSHOT
[INFO] ------------------------------------------------------------------------
[INFO] 
[INFO] --- maven-enforcer-plugin:1.0:enforce (enforce-maven) @ adapter-java8 ---
[INFO] 
[INFO] --- maven-resources-plugin:2.6:resources (default-resources) @ adapter-java8 ---
[INFO] Using 'UTF-8' encoding to copy filtered resources.
[INFO] skip non existing resourceDirectory /home/travis/build/square/retrofit/retrofit-adapters/java8/src/main/resources
[INFO] 
[INFO] --- maven-compiler-plugin:3.0:compile (default-compile) @ adapter-java8 ---
[INFO] Changes detected - recompiling the module!
[INFO] Compiling 2 source files to /home/travis/build/square/retrofit/retrofit-adapters/java8/target/classes
[INFO] 
[INFO] --- maven-resources-plugin:2.6:testResources (default-testResources) @ adapter-java8 ---
[INFO] Using 'UTF-8' encoding to copy filtered resources.
[INFO] skip non existing resourceDirectory /home/travis/build/square/retrofit/retrofit-adapters/java8/src/test/resources
[INFO] 
[INFO] --- maven-compiler-plugin:3.0:testCompile (default-testCompile) @ adapter-java8 ---
[INFO] Changes detected - recompiling the module!
[INFO] Compiling 3 source files to /home/travis/build/square/retrofit/retrofit-adapters/java8/target/test-classes
[INFO] 
[INFO] --- maven-surefire-plugin:2.12.4:test (default-test) @ adapter-java8 ---
[INFO] Tests are skipped.
[INFO] 
[INFO] --- animal-sniffer-maven-plugin:1.14:check (default) @ adapter-java8 ---
[INFO] Checking unresolved references to org.kaazing.mojo.signature:java18:1.0
[INFO] 
[INFO] --- maven-jar-plugin:2.4:jar (default-jar) @ adapter-java8 ---
[INFO] Building jar: /home/travis/build/square/retrofit/retrofit-adapters/java8/target/adapter-java8-2.1.1-SNAPSHOT.jar
[INFO] 
[INFO] --- maven-javadoc-plugin:2.10.3:jar (attach-javadocs) @ adapter-java8 ---
[INFO] Skipping javadoc generation
[INFO] 
[INFO] --- maven-checkstyle-plugin:2.15:checkstyle (default) @ adapter-java8 ---
[INFO] Starting audit...
Audit done.
[WARNING] Unable to locate Source XRef to link to - DISABLED
[INFO] 
[INFO] --- maven-install-plugin:2.4:install (default-install) @ adapter-java8 ---
[INFO] Installing /home/travis/build/square/retrofit/retrofit-adapters/java8/target/adapter-java8-2.1.1-SNAPSHOT.jar to /home/travis/.m2/repository/com/squareup/retrofit2/adapter-java8/2.1.1-SNAPSHOT/adapter-java8-2.1.1-SNAPSHOT.jar
[INFO] Installing /home/travis/build/square/retrofit/retrofit-adapters/java8/pom.xml to /home/travis/.m2/repository/com/squareup/retrofit2/adapter-java8/2.1.1-SNAPSHOT/adapter-java8-2.1.1-SNAPSHOT.pom
[INFO]                                                                         
[INFO] ------------------------------------------------------------------------
[INFO] Building Adapter: RxJava 2.1.1-SNAPSHOT
[INFO] ------------------------------------------------------------------------
[INFO] 
[INFO] --- maven-enforcer-plugin:1.0:enforce (enforce-maven) @ adapter-rxjava ---
[INFO] 
[INFO] --- maven-resources-plugin:2.6:resources (default-resources) @ adapter-rxjava ---
[INFO] Using 'UTF-8' encoding to copy filtered resources.
[INFO] skip non existing resourceDirectory /home/travis/build/square/retrofit/retrofit-adapters/rxjava/src/main/resources
[INFO] 
[INFO] --- maven-compiler-plugin:3.0:compile (default-compile) @ adapter-rxjava ---
[INFO] Changes detected - recompiling the module!
[INFO] Compiling 6 source files to /home/travis/build/square/retrofit/retrofit-adapters/rxjava/target/classes
[INFO] 
[INFO] --- maven-resources-plugin:2.6:testResources (default-testResources) @ adapter-rxjava ---
[INFO] Using 'UTF-8' encoding to copy filtered resources.
[INFO] skip non existing resourceDirectory /home/travis/build/square/retrofit/retrofit-adapters/rxjava/src/test/resources
[INFO] 
[INFO] --- maven-compiler-plugin:3.0:testCompile (default-testCompile) @ adapter-rxjava ---
[INFO] Changes detected - recompiling the module!
[INFO] Compiling 9 source files to /home/travis/build/square/retrofit/retrofit-adapters/rxjava/target/test-classes
[INFO] 
[INFO] --- maven-surefire-plugin:2.12.4:test (default-test) @ adapter-rxjava ---
[INFO] Tests are skipped.
[INFO] 
[INFO] --- animal-sniffer-maven-plugin:1.14:check (default) @ adapter-rxjava ---
[INFO] Checking unresolved references to org.codehaus.mojo.signature:java16:1.1
[INFO] 
[INFO] --- maven-jar-plugin:2.4:jar (default-jar) @ adapter-rxjava ---
[INFO] Building jar: /home/travis/build/square/retrofit/retrofit-adapters/rxjava/target/adapter-rxjava-2.1.1-SNAPSHOT.jar
[INFO] 
[INFO] --- maven-javadoc-plugin:2.10.3:jar (attach-javadocs) @ adapter-rxjava ---
[INFO] Skipping javadoc generation
[INFO] 
[INFO] --- maven-checkstyle-plugin:2.15:checkstyle (default) @ adapter-rxjava ---
[INFO] Starting audit...
Audit done.
[WARNING] Unable to locate Source XRef to link to - DISABLED
[INFO] 
[INFO] --- maven-install-plugin:2.4:install (default-install) @ adapter-rxjava ---
[INFO] Installing /home/travis/build/square/retrofit/retrofit-adapters/rxjava/target/adapter-rxjava-2.1.1-SNAPSHOT.jar to /home/travis/.m2/repository/com/squareup/retrofit2/adapter-rxjava/2.1.1-SNAPSHOT/adapter-rxjava-2.1.1-SNAPSHOT.jar
[INFO] Installing /home/travis/build/square/retrofit/retrofit-adapters/rxjava/pom.xml to /home/travis/.m2/repository/com/squareup/retrofit2/adapter-rxjava/2.1.1-SNAPSHOT/adapter-rxjava-2.1.1-SNAPSHOT.pom
[INFO]                                                                         
[INFO] ------------------------------------------------------------------------
[INFO] Building Converters 2.1.1-SNAPSHOT
[INFO] ------------------------------------------------------------------------
[INFO] 
[INFO] --- maven-enforcer-plugin:1.0:enforce (enforce-maven) @ retrofit-converters ---
[INFO] 
[INFO] --- animal-sniffer-maven-plugin:1.14:check (default) @ retrofit-converters ---
[INFO] Checking unresolved references to org.codehaus.mojo.signature:java16:1.1
[INFO] 
[INFO] --- maven-javadoc-plugin:2.10.3:jar (attach-javadocs) @ retrofit-converters ---
[INFO] Skipping javadoc generation
[INFO] 
[INFO] --- maven-checkstyle-plugin:2.15:checkstyle (default) @ retrofit-converters ---
[INFO] 
[INFO] --- maven-install-plugin:2.4:install (default-install) @ retrofit-converters ---
[INFO] Installing /home/travis/build/square/retrofit/retrofit-converters/pom.xml to /home/travis/.m2/repository/com/squareup/retrofit2/retrofit-converters/2.1.1-SNAPSHOT/retrofit-converters-2.1.1-SNAPSHOT.pom
[INFO]                                                                         
[INFO] ------------------------------------------------------------------------
[INFO] Building Converter: Gson 2.1.1-SNAPSHOT
[INFO] ------------------------------------------------------------------------
[INFO] 
[INFO] --- maven-enforcer-plugin:1.0:enforce (enforce-maven) @ converter-gson ---
[INFO] 
[INFO] --- maven-resources-plugin:2.6:resources (default-resources) @ converter-gson ---
[INFO] Using 'UTF-8' encoding to copy filtered resources.
[INFO] skip non existing resourceDirectory /home/travis/build/square/retrofit/retrofit-converters/gson/src/main/resources
[INFO] 
[INFO] --- maven-compiler-plugin:3.0:compile (default-compile) @ converter-gson ---
[INFO] Changes detected - recompiling the module!
[INFO] Compiling 3 source files to /home/travis/build/square/retrofit/retrofit-converters/gson/target/classes
[INFO] 
[INFO] --- maven-resources-plugin:2.6:testResources (default-testResources) @ converter-gson ---
[INFO] Using 'UTF-8' encoding to copy filtered resources.
[INFO] skip non existing resourceDirectory /home/travis/build/square/retrofit/retrofit-converters/gson/src/test/resources
[INFO] 
[INFO] --- maven-compiler-plugin:3.0:testCompile (default-testCompile) @ converter-gson ---
[INFO] Changes detected - recompiling the module!
[INFO] Compiling 1 source file to /home/travis/build/square/retrofit/retrofit-converters/gson/target/test-classes
[INFO] 
[INFO] --- maven-surefire-plugin:2.12.4:test (default-test) @ converter-gson ---
[INFO] Tests are skipped.
[INFO] 
[INFO] --- animal-sniffer-maven-plugin:1.14:check (default) @ converter-gson ---
[INFO] Checking unresolved references to org.codehaus.mojo.signature:java16:1.1
[INFO] 
[INFO] --- maven-jar-plugin:2.4:jar (default-jar) @ converter-gson ---
[INFO] Building jar: /home/travis/build/square/retrofit/retrofit-converters/gson/target/converter-gson-2.1.1-SNAPSHOT.jar
[INFO] 
[INFO] --- maven-javadoc-plugin:2.10.3:jar (attach-javadocs) @ converter-gson ---
[INFO] Skipping javadoc generation
[INFO] 
[INFO] --- maven-checkstyle-plugin:2.15:checkstyle (default) @ converter-gson ---
[INFO] Starting audit...
Audit done.
[WARNING] Unable to locate Source XRef to link to - DISABLED
[INFO] 
[INFO] --- maven-install-plugin:2.4:install (default-install) @ converter-gson ---
[INFO] Installing /home/travis/build/square/retrofit/retrofit-converters/gson/target/converter-gson-2.1.1-SNAPSHOT.jar to /home/travis/.m2/repository/com/squareup/retrofit2/converter-gson/2.1.1-SNAPSHOT/converter-gson-2.1.1-SNAPSHOT.jar
[INFO] Installing /home/travis/build/square/retrofit/retrofit-converters/gson/pom.xml to /home/travis/.m2/repository/com/squareup/retrofit2/converter-gson/2.1.1-SNAPSHOT/converter-gson-2.1.1-SNAPSHOT.pom
[INFO]                                                                         
[INFO] ------------------------------------------------------------------------
[INFO] Building Converter: Protocol Buffers 2.1.1-SNAPSHOT
[INFO] ------------------------------------------------------------------------
[INFO] 
[INFO] --- maven-enforcer-plugin:1.0:enforce (enforce-maven) @ converter-protobuf ---
[INFO] 
[INFO] --- maven-resources-plugin:2.6:resources (default-resources) @ converter-protobuf ---
[INFO] Using 'UTF-8' encoding to copy filtered resources.
[INFO] skip non existing resourceDirectory /home/travis/build/square/retrofit/retrofit-converters/protobuf/src/main/resources
[INFO] 
[INFO] --- maven-compiler-plugin:3.0:compile (default-compile) @ converter-protobuf ---
[INFO] Changes detected - recompiling the module!
[INFO] Compiling 3 source files to /home/travis/build/square/retrofit/retrofit-converters/protobuf/target/classes
[WARNING] /home/travis/build/square/retrofit/retrofit-converters/protobuf/src/main/java/retrofit2/converter/protobuf/ProtoConverterFactory.java: /home/travis/build/square/retrofit/retrofit-converters/protobuf/src/main/java/retrofit2/converter/protobuf/ProtoConverterFactory.java uses unchecked or unsafe operations.
[WARNING] /home/travis/build/square/retrofit/retrofit-converters/protobuf/src/main/java/retrofit2/converter/protobuf/ProtoConverterFactory.java: Recompile with -Xlint:unchecked for details.
[INFO] 
[INFO] --- maven-resources-plugin:2.6:testResources (default-testResources) @ converter-protobuf ---
[INFO] Using 'UTF-8' encoding to copy filtered resources.
[INFO] skip non existing resourceDirectory /home/travis/build/square/retrofit/retrofit-converters/protobuf/src/test/resources
[INFO] 
[INFO] --- maven-compiler-plugin:3.0:testCompile (default-testCompile) @ converter-protobuf ---
[INFO] Changes detected - recompiling the module!
[INFO] Compiling 2 source files to /home/travis/build/square/retrofit/retrofit-converters/protobuf/target/test-classes
[INFO] 
[INFO] --- maven-surefire-plugin:2.12.4:test (default-test) @ converter-protobuf ---
[INFO] Tests are skipped.
[INFO] 
[INFO] --- animal-sniffer-maven-plugin:1.14:check (default) @ converter-protobuf ---
[INFO] Checking unresolved references to org.codehaus.mojo.signature:java16:1.1
[INFO] 
[INFO] --- maven-jar-plugin:2.4:jar (default-jar) @ converter-protobuf ---
[INFO] Building jar: /home/travis/build/square/retrofit/retrofit-converters/protobuf/target/converter-protobuf-2.1.1-SNAPSHOT.jar
[INFO] 
[INFO] --- maven-javadoc-plugin:2.10.3:jar (attach-javadocs) @ converter-protobuf ---
[INFO] Skipping javadoc generation
[INFO] 
[INFO] --- maven-checkstyle-plugin:2.15:checkstyle (default) @ converter-protobuf ---
[INFO] Starting audit...
Audit done.
[WARNING] Unable to locate Source XRef to link to - DISABLED
[INFO] 
[INFO] --- maven-install-plugin:2.4:install (default-install) @ converter-protobuf ---
[INFO] Installing /home/travis/build/square/retrofit/retrofit-converters/protobuf/target/converter-protobuf-2.1.1-SNAPSHOT.jar to /home/travis/.m2/repository/com/squareup/retrofit2/converter-protobuf/2.1.1-SNAPSHOT/converter-protobuf-2.1.1-SNAPSHOT.jar
[INFO] Installing /home/travis/build/square/retrofit/retrofit-converters/protobuf/pom.xml to /home/travis/.m2/repository/com/squareup/retrofit2/converter-protobuf/2.1.1-SNAPSHOT/converter-protobuf-2.1.1-SNAPSHOT.pom
[INFO]                                                                         
[INFO] ------------------------------------------------------------------------
[INFO] Building Converter: Jackson 2.1.1-SNAPSHOT
[INFO] ------------------------------------------------------------------------
[INFO] 
[INFO] --- maven-enforcer-plugin:1.0:enforce (enforce-maven) @ converter-jackson ---
[INFO] 
[INFO] --- maven-resources-plugin:2.6:resources (default-resources) @ converter-jackson ---
[INFO] Using 'UTF-8' encoding to copy filtered resources.
[INFO] skip non existing resourceDirectory /home/travis/build/square/retrofit/retrofit-converters/jackson/src/main/resources
[INFO] 
[INFO] --- maven-compiler-plugin:3.0:compile (default-compile) @ converter-jackson ---
[INFO] Changes detected - recompiling the module!
[INFO] Compiling 3 source files to /home/travis/build/square/retrofit/retrofit-converters/jackson/target/classes
[WARNING] /home/travis/build/square/retrofit/retrofit-converters/jackson/src/main/java/retrofit2/converter/jackson/JacksonConverterFactory.java: /home/travis/build/square/retrofit/retrofit-converters/jackson/src/main/java/retrofit2/converter/jackson/JacksonConverterFactory.java uses or overrides a deprecated API.
[WARNING] /home/travis/build/square/retrofit/retrofit-converters/jackson/src/main/java/retrofit2/converter/jackson/JacksonConverterFactory.java: Recompile with -Xlint:deprecation for details.
[INFO] 
[INFO] --- maven-resources-plugin:2.6:testResources (default-testResources) @ converter-jackson ---
[INFO] Using 'UTF-8' encoding to copy filtered resources.
[INFO] skip non existing resourceDirectory /home/travis/build/square/retrofit/retrofit-converters/jackson/src/test/resources
[INFO] 
[INFO] --- maven-compiler-plugin:3.0:testCompile (default-testCompile) @ converter-jackson ---
[INFO] Changes detected - recompiling the module!
[INFO] Compiling 1 source file to /home/travis/build/square/retrofit/retrofit-converters/jackson/target/test-classes
[WARNING] /home/travis/build/square/retrofit/retrofit-converters/jackson/src/test/java/retrofit2/converter/jackson/JacksonConverterFactoryTest.java: /home/travis/build/square/retrofit/retrofit-converters/jackson/src/test/java/retrofit2/converter/jackson/JacksonConverterFactoryTest.java uses or overrides a deprecated API.
[WARNING] /home/travis/build/square/retrofit/retrofit-converters/jackson/src/test/java/retrofit2/converter/jackson/JacksonConverterFactoryTest.java: Recompile with -Xlint:deprecation for details.
[INFO] 
[INFO] --- maven-surefire-plugin:2.12.4:test (default-test) @ converter-jackson ---
[INFO] Tests are skipped.
[INFO] 
[INFO] --- animal-sniffer-maven-plugin:1.14:check (default) @ converter-jackson ---
[INFO] Checking unresolved references to org.codehaus.mojo.signature:java16:1.1
[INFO] 
[INFO] --- maven-jar-plugin:2.4:jar (default-jar) @ converter-jackson ---
[INFO] Building jar: /home/travis/build/square/retrofit/retrofit-converters/jackson/target/converter-jackson-2.1.1-SNAPSHOT.jar
[INFO] 
[INFO] --- maven-javadoc-plugin:2.10.3:jar (attach-javadocs) @ converter-jackson ---
[INFO] Skipping javadoc generation
[INFO] 
[INFO] --- maven-checkstyle-plugin:2.15:checkstyle (default) @ converter-jackson ---
[INFO] Starting audit...
Audit done.
[WARNING] Unable to locate Source XRef to link to - DISABLED
[INFO] 
[INFO] --- maven-install-plugin:2.4:install (default-install) @ converter-jackson ---
[INFO] Installing /home/travis/build/square/retrofit/retrofit-converters/jackson/target/converter-jackson-2.1.1-SNAPSHOT.jar to /home/travis/.m2/repository/com/squareup/retrofit2/converter-jackson/2.1.1-SNAPSHOT/converter-jackson-2.1.1-SNAPSHOT.jar
[INFO] Installing /home/travis/build/square/retrofit/retrofit-converters/jackson/pom.xml to /home/travis/.m2/repository/com/squareup/retrofit2/converter-jackson/2.1.1-SNAPSHOT/converter-jackson-2.1.1-SNAPSHOT.pom
[INFO]                                                                         
[INFO] ------------------------------------------------------------------------
[INFO] Building Converter: Wire Protocol Buffers 2.1.1-SNAPSHOT
[INFO] ------------------------------------------------------------------------
[INFO] 
[INFO] --- maven-enforcer-plugin:1.0:enforce (enforce-maven) @ converter-wire ---
[INFO] 
[INFO] --- maven-resources-plugin:2.6:resources (default-resources) @ converter-wire ---
[INFO] Using 'UTF-8' encoding to copy filtered resources.
[INFO] skip non existing resourceDirectory /home/travis/build/square/retrofit/retrofit-converters/wire/src/main/resources
[INFO] 
[INFO] --- maven-compiler-plugin:3.0:compile (default-compile) @ converter-wire ---
[INFO] Changes detected - recompiling the module!
[INFO] Compiling 3 source files to /home/travis/build/square/retrofit/retrofit-converters/wire/target/classes
[WARNING] /home/travis/build/square/retrofit/retrofit-converters/wire/src/main/java/retrofit2/converter/wire/WireConverterFactory.java: /home/travis/build/square/retrofit/retrofit-converters/wire/src/main/java/retrofit2/converter/wire/WireConverterFactory.java uses unchecked or unsafe operations.
[WARNING] /home/travis/build/square/retrofit/retrofit-converters/wire/src/main/java/retrofit2/converter/wire/WireConverterFactory.java: Recompile with -Xlint:unchecked for details.
[INFO] 
[INFO] --- maven-resources-plugin:2.6:testResources (default-testResources) @ converter-wire ---
[INFO] Using 'UTF-8' encoding to copy filtered resources.
[INFO] skip non existing resourceDirectory /home/travis/build/square/retrofit/retrofit-converters/wire/src/test/resources
[INFO] 
[INFO] --- maven-compiler-plugin:3.0:testCompile (default-testCompile) @ converter-wire ---
[INFO] Changes detected - recompiling the module!
[INFO] Compiling 2 source files to /home/travis/build/square/retrofit/retrofit-converters/wire/target/test-classes
[INFO] 
[INFO] --- maven-surefire-plugin:2.12.4:test (default-test) @ converter-wire ---
[INFO] Tests are skipped.
[INFO] 
[INFO] --- animal-sniffer-maven-plugin:1.14:check (default) @ converter-wire ---
[INFO] Checking unresolved references to org.codehaus.mojo.signature:java16:1.1
[INFO] 
[INFO] --- maven-jar-plugin:2.4:jar (default-jar) @ converter-wire ---
[INFO] Building jar: /home/travis/build/square/retrofit/retrofit-converters/wire/target/converter-wire-2.1.1-SNAPSHOT.jar
[INFO] 
[INFO] --- maven-javadoc-plugin:2.10.3:jar (attach-javadocs) @ converter-wire ---
[INFO] Skipping javadoc generation
[INFO] 
[INFO] --- maven-checkstyle-plugin:2.15:checkstyle (default) @ converter-wire ---
[INFO] Starting audit...
Audit done.
[WARNING] Unable to locate Source XRef to link to - DISABLED
[INFO] 
[INFO] --- maven-install-plugin:2.4:install (default-install) @ converter-wire ---
[INFO] Installing /home/travis/build/square/retrofit/retrofit-converters/wire/target/converter-wire-2.1.1-SNAPSHOT.jar to /home/travis/.m2/repository/com/squareup/retrofit2/converter-wire/2.1.1-SNAPSHOT/converter-wire-2.1.1-SNAPSHOT.jar
[INFO] Installing /home/travis/build/square/retrofit/retrofit-converters/wire/pom.xml to /home/travis/.m2/repository/com/squareup/retrofit2/converter-wire/2.1.1-SNAPSHOT/converter-wire-2.1.1-SNAPSHOT.pom
[INFO]                                                                         
[INFO] ------------------------------------------------------------------------
[INFO] Building Converter: SimpleXML 2.1.1-SNAPSHOT
[INFO] ------------------------------------------------------------------------
[INFO] 
[INFO] --- maven-enforcer-plugin:1.0:enforce (enforce-maven) @ converter-simplexml ---
[INFO] 
[INFO] --- maven-resources-plugin:2.6:resources (default-resources) @ converter-simplexml ---
[INFO] Using 'UTF-8' encoding to copy filtered resources.
[INFO] skip non existing resourceDirectory /home/travis/build/square/retrofit/retrofit-converters/simplexml/src/main/resources
[INFO] 
[INFO] --- maven-compiler-plugin:3.0:compile (default-compile) @ converter-simplexml ---
[INFO] Changes detected - recompiling the module!
[INFO] Compiling 3 source files to /home/travis/build/square/retrofit/retrofit-converters/simplexml/target/classes
[INFO] 
[INFO] --- maven-resources-plugin:2.6:testResources (default-testResources) @ converter-simplexml ---
[INFO] Using 'UTF-8' encoding to copy filtered resources.
[INFO] skip non existing resourceDirectory /home/travis/build/square/retrofit/retrofit-converters/simplexml/src/test/resources
[INFO] 
[INFO] --- maven-compiler-plugin:3.0:testCompile (default-testCompile) @ converter-simplexml ---
[INFO] Changes detected - recompiling the module!
[INFO] Compiling 2 source files to /home/travis/build/square/retrofit/retrofit-converters/simplexml/target/test-classes
[INFO] 
[INFO] --- maven-surefire-plugin:2.12.4:test (default-test) @ converter-simplexml ---
[INFO] Tests are skipped.
[INFO] 
[INFO] --- animal-sniffer-maven-plugin:1.14:check (default) @ converter-simplexml ---
[INFO] Checking unresolved references to org.codehaus.mojo.signature:java16:1.1
[INFO] 
[INFO] --- maven-jar-plugin:2.4:jar (default-jar) @ converter-simplexml ---
[INFO] Building jar: /home/travis/build/square/retrofit/retrofit-converters/simplexml/target/converter-simplexml-2.1.1-SNAPSHOT.jar
[INFO] 
[INFO] --- maven-javadoc-plugin:2.10.3:jar (attach-javadocs) @ converter-simplexml ---
[INFO] Skipping javadoc generation
[INFO] 
[INFO] --- maven-checkstyle-plugin:2.15:checkstyle (default) @ converter-simplexml ---
[INFO] Starting audit...
Audit done.
[WARNING] Unable to locate Source XRef to link to - DISABLED
[INFO] 
[INFO] --- maven-install-plugin:2.4:install (default-install) @ converter-simplexml ---
[INFO] Installing /home/travis/build/square/retrofit/retrofit-converters/simplexml/target/converter-simplexml-2.1.1-SNAPSHOT.jar to /home/travis/.m2/repository/com/squareup/retrofit2/converter-simplexml/2.1.1-SNAPSHOT/converter-simplexml-2.1.1-SNAPSHOT.jar
[INFO] Installing /home/travis/build/square/retrofit/retrofit-converters/simplexml/pom.xml to /home/travis/.m2/repository/com/squareup/retrofit2/converter-simplexml/2.1.1-SNAPSHOT/converter-simplexml-2.1.1-SNAPSHOT.pom
[INFO]                                                                         
[INFO] ------------------------------------------------------------------------
[INFO] Building Converter: Java Scalars 2.1.1-SNAPSHOT
[INFO] ------------------------------------------------------------------------
[INFO] 
[INFO] --- maven-enforcer-plugin:1.0:enforce (enforce-maven) @ converter-scalars ---
[INFO] 
[INFO] --- maven-resources-plugin:2.6:resources (default-resources) @ converter-scalars ---
[INFO] Using 'UTF-8' encoding to copy filtered resources.
[INFO] skip non existing resourceDirectory /home/travis/build/square/retrofit/retrofit-converters/scalars/src/main/resources
[INFO] 
[INFO] --- maven-compiler-plugin:3.0:compile (default-compile) @ converter-scalars ---
[INFO] Changes detected - recompiling the module!
[INFO] Compiling 3 source files to /home/travis/build/square/retrofit/retrofit-converters/scalars/target/classes
[INFO] 
[INFO] --- maven-resources-plugin:2.6:testResources (default-testResources) @ converter-scalars ---
[INFO] Using 'UTF-8' encoding to copy filtered resources.
[INFO] skip non existing resourceDirectory /home/travis/build/square/retrofit/retrofit-converters/scalars/src/test/resources
[INFO] 
[INFO] --- maven-compiler-plugin:3.0:testCompile (default-testCompile) @ converter-scalars ---
[INFO] Changes detected - recompiling the module!
[INFO] Compiling 2 source files to /home/travis/build/square/retrofit/retrofit-converters/scalars/target/test-classes
[INFO] 
[INFO] --- maven-surefire-plugin:2.12.4:test (default-test) @ converter-scalars ---
[INFO] Tests are skipped.
[INFO] 
[INFO] --- animal-sniffer-maven-plugin:1.14:check (default) @ converter-scalars ---
[INFO] Checking unresolved references to org.codehaus.mojo.signature:java16:1.1
[INFO] 
[INFO] --- maven-jar-plugin:2.4:jar (default-jar) @ converter-scalars ---
[INFO] Building jar: /home/travis/build/square/retrofit/retrofit-converters/scalars/target/converter-scalars-2.1.1-SNAPSHOT.jar
[INFO] 
[INFO] --- maven-javadoc-plugin:2.10.3:jar (attach-javadocs) @ converter-scalars ---
[INFO] Skipping javadoc generation
[INFO] 
[INFO] --- maven-checkstyle-plugin:2.15:checkstyle (default) @ converter-scalars ---
[INFO] Starting audit...
Audit done.
[WARNING] Unable to locate Source XRef to link to - DISABLED
[INFO] 
[INFO] --- maven-install-plugin:2.4:install (default-install) @ converter-scalars ---
[INFO] Installing /home/travis/build/square/retrofit/retrofit-converters/scalars/target/converter-scalars-2.1.1-SNAPSHOT.jar to /home/travis/.m2/repository/com/squareup/retrofit2/converter-scalars/2.1.1-SNAPSHOT/converter-scalars-2.1.1-SNAPSHOT.jar
[INFO] Installing /home/travis/build/square/retrofit/retrofit-converters/scalars/pom.xml to /home/travis/.m2/repository/com/squareup/retrofit2/converter-scalars/2.1.1-SNAPSHOT/converter-scalars-2.1.1-SNAPSHOT.pom
[INFO]                                                                         
[INFO] ------------------------------------------------------------------------
[INFO] Building Converter: Moshi 2.1.1-SNAPSHOT
[INFO] ------------------------------------------------------------------------
[INFO] 
[INFO] --- maven-enforcer-plugin:1.0:enforce (enforce-maven) @ converter-moshi ---
[INFO] 
[INFO] --- maven-resources-plugin:2.6:resources (default-resources) @ converter-moshi ---
[INFO] Using 'UTF-8' encoding to copy filtered resources.
[INFO] skip non existing resourceDirectory /home/travis/build/square/retrofit/retrofit-converters/moshi/src/main/resources
[INFO] 
[INFO] --- maven-compiler-plugin:3.0:compile (default-compile) @ converter-moshi ---
[INFO] Changes detected - recompiling the module!
[INFO] Compiling 3 source files to /home/travis/build/square/retrofit/retrofit-converters/moshi/target/classes
[INFO] 
[INFO] --- maven-resources-plugin:2.6:testResources (default-testResources) @ converter-moshi ---
[INFO] Using 'UTF-8' encoding to copy filtered resources.
[INFO] skip non existing resourceDirectory /home/travis/build/square/retrofit/retrofit-converters/moshi/src/test/resources
[INFO] 
[INFO] --- maven-compiler-plugin:3.0:testCompile (default-testCompile) @ converter-moshi ---
[INFO] Changes detected - recompiling the module!
[INFO] Compiling 1 source file to /home/travis/build/square/retrofit/retrofit-converters/moshi/target/test-classes
[INFO] 
[INFO] --- maven-surefire-plugin:2.12.4:test (default-test) @ converter-moshi ---
[INFO] Tests are skipped.
[INFO] 
[INFO] --- animal-sniffer-maven-plugin:1.14:check (default) @ converter-moshi ---
[INFO] Checking unresolved references to org.codehaus.mojo.signature:java16:1.1
[INFO] 
[INFO] --- maven-jar-plugin:2.4:jar (default-jar) @ converter-moshi ---
[INFO] Building jar: /home/travis/build/square/retrofit/retrofit-converters/moshi/target/converter-moshi-2.1.1-SNAPSHOT.jar
[INFO] 
[INFO] --- maven-javadoc-plugin:2.10.3:jar (attach-javadocs) @ converter-moshi ---
[INFO] Skipping javadoc generation
[INFO] 
[INFO] --- maven-checkstyle-plugin:2.15:checkstyle (default) @ converter-moshi ---
[INFO] Starting audit...
Audit done.
[WARNING] Unable to locate Source XRef to link to - DISABLED
[INFO] 
[INFO] --- maven-install-plugin:2.4:install (default-install) @ converter-moshi ---
[INFO] Installing /home/travis/build/square/retrofit/retrofit-converters/moshi/target/converter-moshi-2.1.1-SNAPSHOT.jar to /home/travis/.m2/repository/com/squareup/retrofit2/converter-moshi/2.1.1-SNAPSHOT/converter-moshi-2.1.1-SNAPSHOT.jar
[INFO] Installing /home/travis/build/square/retrofit/retrofit-converters/moshi/pom.xml to /home/travis/.m2/repository/com/squareup/retrofit2/converter-moshi/2.1.1-SNAPSHOT/converter-moshi-2.1.1-SNAPSHOT.pom
[INFO]                                                                         
[INFO] ------------------------------------------------------------------------
[INFO] Building Retrofit Mock Adapter 2.1.1-SNAPSHOT
[INFO] ------------------------------------------------------------------------
[INFO] 
[INFO] --- maven-enforcer-plugin:1.0:enforce (enforce-maven) @ retrofit-mock ---
[INFO] 
[INFO] --- maven-resources-plugin:2.6:resources (default-resources) @ retrofit-mock ---
[INFO] Using 'UTF-8' encoding to copy filtered resources.
[INFO] skip non existing resourceDirectory /home/travis/build/square/retrofit/retrofit-mock/src/main/resources
[INFO] 
[INFO] --- maven-compiler-plugin:3.0:compile (default-compile) @ retrofit-mock ---
[INFO] Changes detected - recompiling the module!
[INFO] Compiling 5 source files to /home/travis/build/square/retrofit/retrofit-mock/target/classes
[INFO] 
[INFO] --- maven-resources-plugin:2.6:testResources (default-testResources) @ retrofit-mock ---
[INFO] Using 'UTF-8' encoding to copy filtered resources.
[INFO] skip non existing resourceDirectory /home/travis/build/square/retrofit/retrofit-mock/src/test/resources
[INFO] 
[INFO] --- maven-compiler-plugin:3.0:testCompile (default-testCompile) @ retrofit-mock ---
[INFO] Changes detected - recompiling the module!
[INFO] Compiling 3 source files to /home/travis/build/square/retrofit/retrofit-mock/target/test-classes
[INFO] 
[INFO] --- maven-surefire-plugin:2.12.4:test (default-test) @ retrofit-mock ---
[INFO] Tests are skipped.
[INFO] 
[INFO] --- animal-sniffer-maven-plugin:1.14:check (default) @ retrofit-mock ---
[INFO] Checking unresolved references to org.codehaus.mojo.signature:java16:1.1
[INFO] 
[INFO] --- maven-jar-plugin:2.4:jar (default-jar) @ retrofit-mock ---
[INFO] Building jar: /home/travis/build/square/retrofit/retrofit-mock/target/retrofit-mock-2.1.1-SNAPSHOT.jar
[INFO] 
[INFO] --- maven-javadoc-plugin:2.10.3:jar (attach-javadocs) @ retrofit-mock ---
[INFO] Skipping javadoc generation
[INFO] 
[INFO] --- maven-checkstyle-plugin:2.15:checkstyle (default) @ retrofit-mock ---
[INFO] Starting audit...
Audit done.
[WARNING] Unable to locate Source XRef to link to - DISABLED
[INFO] 
[INFO] --- maven-install-plugin:2.4:install (default-install) @ retrofit-mock ---
[INFO] Installing /home/travis/build/square/retrofit/retrofit-mock/target/retrofit-mock-2.1.1-SNAPSHOT.jar to /home/travis/.m2/repository/com/squareup/retrofit2/retrofit-mock/2.1.1-SNAPSHOT/retrofit-mock-2.1.1-SNAPSHOT.jar
[INFO] Installing /home/travis/build/square/retrofit/retrofit-mock/pom.xml to /home/travis/.m2/repository/com/squareup/retrofit2/retrofit-mock/2.1.1-SNAPSHOT/retrofit-mock-2.1.1-SNAPSHOT.pom
[INFO]                                                                         
[INFO] ------------------------------------------------------------------------
[INFO] Building Samples 2.1.1-SNAPSHOT
[INFO] ------------------------------------------------------------------------
[INFO] 
[INFO] --- maven-enforcer-plugin:1.0:enforce (enforce-maven) @ samples ---
[INFO] 
[INFO] --- maven-resources-plugin:2.6:resources (default-resources) @ samples ---
[INFO] Using 'UTF-8' encoding to copy filtered resources.
[INFO] skip non existing resourceDirectory /home/travis/build/square/retrofit/samples/src/main/resources
[INFO] 
[INFO] --- maven-compiler-plugin:3.0:compile (default-compile) @ samples ---
[INFO] Changes detected - recompiling the module!
[INFO] Compiling 9 source files to /home/travis/build/square/retrofit/samples/target/classes
[INFO] 
[INFO] --- maven-resources-plugin:2.6:testResources (default-testResources) @ samples ---
[INFO] Using 'UTF-8' encoding to copy filtered resources.
[INFO] skip non existing resourceDirectory /home/travis/build/square/retrofit/samples/src/test/resources
[INFO] 
[INFO] --- maven-compiler-plugin:3.0:testCompile (default-testCompile) @ samples ---
[INFO] No sources to compile
[INFO] 
[INFO] --- maven-surefire-plugin:2.12.4:test (default-test) @ samples ---
[INFO] Tests are skipped.
[INFO] 
[INFO] --- animal-sniffer-maven-plugin:1.14:check (default) @ samples ---
[INFO] Checking unresolved references to org.codehaus.mojo.signature:java16:1.1
[INFO] 
[INFO] --- maven-jar-plugin:2.4:jar (default-jar) @ samples ---
[INFO] Building jar: /home/travis/build/square/retrofit/samples/target/samples-2.1.1-SNAPSHOT.jar
[INFO] 
[INFO] --- maven-javadoc-plugin:2.10.3:jar (attach-javadocs) @ samples ---
[INFO] Skipping javadoc generation
[INFO] 
[INFO] --- maven-checkstyle-plugin:2.15:checkstyle (default) @ samples ---
[INFO] Starting audit...
Audit done.
[WARNING] Unable to locate Source XRef to link to - DISABLED
[INFO] 
[INFO] --- maven-install-plugin:2.4:install (default-install) @ samples ---
[INFO] Installing /home/travis/build/square/retrofit/samples/target/samples-2.1.1-SNAPSHOT.jar to /home/travis/.m2/repository/com/squareup/retrofit2/samples/2.1.1-SNAPSHOT/samples-2.1.1-SNAPSHOT.jar
[INFO] Installing /home/travis/build/square/retrofit/samples/pom.xml to /home/travis/.m2/repository/com/squareup/retrofit2/samples/2.1.1-SNAPSHOT/samples-2.1.1-SNAPSHOT.pom
[INFO] ------------------------------------------------------------------------
[INFO] Reactor Summary:
[INFO] 
[INFO] Retrofit (Parent) .................................. SUCCESS [  6.380 s]
[INFO] Retrofit ........................................... SUCCESS [ 18.458 s]
[INFO] Adapters ........................................... SUCCESS [  0.398 s]
[INFO] Adapter: Guava ..................................... SUCCESS [  2.282 s]
[INFO] Adapter: Java 8 .................................... SUCCESS [  1.738 s]
[INFO] Adapter: RxJava .................................... SUCCESS [  2.490 s]
[INFO] Converters ......................................... SUCCESS [  0.394 s]
[INFO] Converter: Gson .................................... SUCCESS [  1.221 s]
[INFO] Converter: Protocol Buffers ........................ SUCCESS [  0.975 s]
[INFO] Converter: Jackson ................................. SUCCESS [  0.766 s]
[INFO] Converter: Wire Protocol Buffers ................... SUCCESS [  0.682 s]
[INFO] Converter: SimpleXML ............................... SUCCESS [  0.612 s]
[INFO] Converter: Java Scalars ............................ SUCCESS [  0.812 s]
[INFO] Converter: Moshi ................................... SUCCESS [  0.646 s]
[INFO] Retrofit Mock Adapter .............................. SUCCESS [  0.994 s]
[INFO] Samples ............................................ SUCCESS [  1.634 s]
[INFO] ------------------------------------------------------------------------
[INFO] BUILD SUCCESS
[INFO] ------------------------------------------------------------------------
[INFO] Total time: 40.977 s
[INFO] Finished at: 2016-07-09T04:29:08+00:00
[INFO] Final Memory: 47M/408M
[INFO] ------------------------------------------------------------------------

travis_time:end:17be1ed8:start=1468038505960173441,finish=1468038550245266947,duration=44285093506[0Ktravis_fold:end:install[0Ktravis_time:start:30350e75[0K$ mvn test -B
Java HotSpot(TM) 64-Bit Server VM warning: ignoring option MaxPermSize=192m; support was removed in 8.0
[INFO] Scanning for projects...
[WARNING] 
[WARNING] Some problems were encountered while building the effective model for com.squareup.retrofit2:samples:jar:2.1.1-SNAPSHOT
[WARNING] 'build.plugins.plugin.version' for org.apache.maven.plugins:maven-deploy-plugin is missing. @ com.squareup.retrofit2:samples:[unknown-version], /home/travis/build/square/retrofit/samples/pom.xml, line 55, column 15
[WARNING] 
[WARNING] It is highly recommended to fix these problems because they threaten the stability of your build.
[WARNING] 
[WARNING] For this reason, future Maven versions might no longer support building such malformed projects.
[WARNING] 
[INFO] ------------------------------------------------------------------------
[INFO] Reactor Build Order:
[INFO] 
[INFO] Retrofit (Parent)
[INFO] Retrofit
[INFO] Adapters
[INFO] Adapter: Guava
[INFO] Adapter: Java 8
[INFO] Adapter: RxJava
[INFO] Converters
[INFO] Converter: Gson
[INFO] Converter: Protocol Buffers
[INFO] Converter: Jackson
[INFO] Converter: Wire Protocol Buffers
[INFO] Converter: SimpleXML
[INFO] Converter: Java Scalars
[INFO] Converter: Moshi
[INFO] Retrofit Mock Adapter
[INFO] Samples
[INFO]                                                                         
[INFO] ------------------------------------------------------------------------
[INFO] Building Retrofit (Parent) 2.1.1-SNAPSHOT
[INFO] ------------------------------------------------------------------------
[INFO] 
[INFO] --- maven-enforcer-plugin:1.0:enforce (enforce-maven) @ parent ---
[INFO] 
[INFO] --- animal-sniffer-maven-plugin:1.14:check (default) @ parent ---
[INFO] Checking unresolved references to org.codehaus.mojo.signature:java16:1.1
[INFO]                                                                         
[INFO] ------------------------------------------------------------------------
[INFO] Building Retrofit 2.1.1-SNAPSHOT
[INFO] ------------------------------------------------------------------------
[INFO] 
[INFO] --- maven-enforcer-plugin:1.0:enforce (enforce-maven) @ retrofit ---
[INFO] 
[INFO] --- maven-resources-plugin:2.6:resources (default-resources) @ retrofit ---
[INFO] Using 'UTF-8' encoding to copy filtered resources.
[INFO] skip non existing resourceDirectory /home/travis/build/square/retrofit/retrofit/src/main/resources
[INFO] 
[INFO] --- maven-compiler-plugin:3.0:compile (default-compile) @ retrofit ---
[INFO] Changes detected - recompiling the module!
[INFO] Compiling 40 source files to /home/travis/build/square/retrofit/retrofit/target/classes
[WARNING] /home/travis/build/square/retrofit/retrofit/src/main/java/retrofit2/Retrofit.java: Some input files use unchecked or unsafe operations.
[WARNING] /home/travis/build/square/retrofit/retrofit/src/main/java/retrofit2/Retrofit.java: Recompile with -Xlint:unchecked for details.
[INFO] 
[INFO] --- maven-resources-plugin:2.6:testResources (default-testResources) @ retrofit ---
[INFO] Using 'UTF-8' encoding to copy filtered resources.
[INFO] skip non existing resourceDirectory /home/travis/build/square/retrofit/retrofit/src/test/resources
[INFO] 
[INFO] --- maven-compiler-plugin:3.0:testCompile (default-testCompile) @ retrofit ---
[INFO] Changes detected - recompiling the module!
[INFO] Compiling 14 source files to /home/travis/build/square/retrofit/retrofit/target/test-classes
[WARNING] /home/travis/build/square/retrofit/retrofit/src/test/java/retrofit2/RetrofitTest.java: /home/travis/build/square/retrofit/retrofit/src/test/java/retrofit2/RetrofitTest.java uses unchecked or unsafe operations.
[WARNING] /home/travis/build/square/retrofit/retrofit/src/test/java/retrofit2/RetrofitTest.java: Recompile with -Xlint:unchecked for details.
[INFO] 
[INFO] --- maven-surefire-plugin:2.12.4:test (default-test) @ retrofit ---
[INFO] Surefire report directory: /home/travis/build/square/retrofit/retrofit/target/surefire-reports

-------------------------------------------------------
 T E S T S
-------------------------------------------------------
Running retrofit2.CallTest
Jul 09, 2016 4:29:22 AM okhttp3.mockwebserver.MockWebServer$3 execute
INFO: MockWebServer[32895] starting to accept connections
Jul 09, 2016 4:29:23 AM okhttp3.mockwebserver.MockWebServer$3 acceptConnections
INFO: MockWebServer[32895] done accepting connections: Socket closed
Jul 09, 2016 4:29:23 AM okhttp3.mockwebserver.MockWebServer$3 execute
INFO: MockWebServer[34441] starting to accept connections
Jul 09, 2016 4:29:23 AM okhttp3.mockwebserver.MockWebServer$4 processOneRequest
INFO: MockWebServer[34441] received request: GET / HTTP/1.1 and responded: HTTP/1.1 200 OK
Jul 09, 2016 4:29:23 AM okhttp3.mockwebserver.MockWebServer$3 acceptConnections
INFO: MockWebServer[34441] done accepting connections: Socket closed
Jul 09, 2016 4:29:23 AM okhttp3.mockwebserver.MockWebServer$3 execute
INFO: MockWebServer[41735] starting to accept connections
Jul 09, 2016 4:29:23 AM okhttp3.mockwebserver.MockWebServer$4 processOneRequest
INFO: MockWebServer[41735] received request: GET / HTTP/1.1 and responded: HTTP/1.1 404 Client Error
Jul 09, 2016 4:29:23 AM okhttp3.mockwebserver.MockWebServer$3 acceptConnections
INFO: MockWebServer[41735] done accepting connections: Socket closed
Jul 09, 2016 4:29:23 AM okhttp3.mockwebserver.MockWebServer$3 execute
INFO: MockWebServer[53415] starting to accept connections
Jul 09, 2016 4:29:23 AM okhttp3.mockwebserver.MockWebServer$4 processOneRequest
INFO: MockWebServer[53415] received request: POST /Hello HTTP/1.1 and responded: HTTP/1.1 200 OK
Jul 09, 2016 4:29:23 AM okhttp3.mockwebserver.MockWebServer$3 acceptConnections
INFO: MockWebServer[53415] done accepting connections: Socket closed
Jul 09, 2016 4:29:23 AM okhttp3.mockwebserver.MockWebServer$3 execute
INFO: MockWebServer[52753] starting to accept connections
Jul 09, 2016 4:29:23 AM okhttp3.mockwebserver.MockWebServer$3 acceptConnections
INFO: MockWebServer[52753] done accepting connections: Socket closed
Jul 09, 2016 4:29:23 AM okhttp3.mockwebserver.MockWebServer$3 execute
INFO: MockWebServer[37057] starting to accept connections
Jul 09, 2016 4:29:23 AM okhttp3.mockwebserver.MockWebServer$3 acceptConnections
INFO: MockWebServer[37057] done accepting connections: Socket is closed
Jul 09, 2016 4:29:23 AM okhttp3.mockwebserver.MockWebServer$3 execute
INFO: MockWebServer[43751] starting to accept connections
Jul 09, 2016 4:29:23 AM okhttp3.mockwebserver.MockWebServer$3 acceptConnections
INFO: MockWebServer[43751] done accepting connections: Socket closed
Jul 09, 2016 4:29:23 AM okhttp3.mockwebserver.MockWebServer$4 processOneRequest
INFO: MockWebServer[43751] received request: GET / HTTP/1.1 and responded: HTTP/1.1 200 OK
Jul 09, 2016 4:29:23 AM okhttp3.mockwebserver.MockWebServer$3 execute
INFO: MockWebServer[41725] starting to accept connections
Jul 09, 2016 4:29:23 AM okhttp3.mockwebserver.MockWebServer$3 acceptConnections
INFO: MockWebServer[41725] done accepting connections: Socket closed
Jul 09, 2016 4:29:23 AM okhttp3.mockwebserver.MockWebServer$4 processOneRequest
INFO: MockWebServer[41725] received request: GET / HTTP/1.1 and responded: HTTP/1.1 200 OK
Jul 09, 2016 4:29:23 AM okhttp3.mockwebserver.MockWebServer$3 execute
INFO: MockWebServer[42317] starting to accept connections
Jul 09, 2016 4:29:23 AM okhttp3.mockwebserver.MockWebServer$3 acceptConnections
INFO: MockWebServer[42317] done accepting connections: Socket closed
Jul 09, 2016 4:29:23 AM okhttp3.mockwebserver.MockWebServer$3 execute
INFO: MockWebServer[40138] starting to accept connections
Jul 09, 2016 4:29:23 AM okhttp3.mockwebserver.MockWebServer$4 processOneRequest
INFO: MockWebServer[40138] received request: POST /Hello HTTP/1.1 and responded: HTTP/1.1 200 OK
Jul 09, 2016 4:29:23 AM okhttp3.mockwebserver.MockWebServer$3 acceptConnections
INFO: MockWebServer[40138] done accepting connections: Socket closed
Jul 09, 2016 4:29:23 AM okhttp3.mockwebserver.MockWebServer$3 execute
INFO: MockWebServer[36490] starting to accept connections
Jul 09, 2016 4:29:23 AM okhttp3.mockwebserver.MockWebServer$3 acceptConnections
INFO: MockWebServer[36490] done accepting connections: Socket closed
Jul 09, 2016 4:29:23 AM okhttp3.mockwebserver.MockWebServer$4 processOneRequest
INFO: MockWebServer[36490] received request: POST /Hello HTTP/1.1 and responded: HTTP/1.1 200 OK
Jul 09, 2016 4:29:23 AM okhttp3.mockwebserver.MockWebServer$3 execute
INFO: MockWebServer[52372] starting to accept connections
Jul 09, 2016 4:29:23 AM okhttp3.mockwebserver.MockWebServer$3 acceptConnections
INFO: MockWebServer[52372] done accepting connections: Socket closed
Jul 09, 2016 4:29:23 AM okhttp3.mockwebserver.MockWebServer$3 execute
INFO: MockWebServer[34358] starting to accept connections
Jul 09, 2016 4:29:23 AM okhttp3.mockwebserver.MockWebServer$4 processOneRequest
INFO: MockWebServer[34358] received request: GET / HTTP/1.1 and responded: HTTP/1.1 404 Client Error
Jul 09, 2016 4:29:23 AM okhttp3.mockwebserver.MockWebServer$3 acceptConnections
INFO: MockWebServer[34358] done accepting connections: Socket closed
Jul 09, 2016 4:29:23 AM okhttp3.mockwebserver.MockWebServer$3 execute
INFO: MockWebServer[44648] starting to accept connections
Jul 09, 2016 4:29:23 AM okhttp3.mockwebserver.MockWebServer$4 processOneRequest
INFO: MockWebServer[44648] received request: POST / HTTP/1.1 and responded: HTTP/1.1 200 OK
Jul 09, 2016 4:29:23 AM okhttp3.mockwebserver.MockWebServer$3 acceptConnections
INFO: MockWebServer[44648] done accepting connections: Socket closed
Jul 09, 2016 4:29:23 AM okhttp3.mockwebserver.MockWebServer$3 execute
INFO: MockWebServer[55071] starting to accept connections
Jul 09, 2016 4:29:23 AM okhttp3.mockwebserver.MockWebServer$4 processOneRequest
INFO: MockWebServer[55071] received request: GET / HTTP/1.1 and responded: HTTP/1.1 204 Nothin
Jul 09, 2016 4:29:23 AM okhttp3.mockwebserver.MockWebServer$3 acceptConnections
INFO: MockWebServer[55071] done accepting connections: Socket closed
Jul 09, 2016 4:29:23 AM okhttp3.mockwebserver.MockWebServer$3 execute
INFO: MockWebServer[47837] starting to accept connections
Jul 09, 2016 4:29:23 AM okhttp3.mockwebserver.MockWebServer$3 acceptConnections
INFO: MockWebServer[47837] done accepting connections: Socket is closed
Jul 09, 2016 4:29:23 AM okhttp3.mockwebserver.MockWebServer$3 execute
INFO: MockWebServer[48997] starting to accept connections
Jul 09, 2016 4:29:23 AM okhttp3.mockwebserver.MockWebServer$4 processOneRequest
INFO: MockWebServer[48997] received request: GET / HTTP/1.1 and responded: HTTP/1.1 200 OK
Jul 09, 2016 4:29:23 AM okhttp3.mockwebserver.MockWebServer$3 acceptConnections
INFO: MockWebServer[48997] done accepting connections: Socket closed
Jul 09, 2016 4:29:23 AM okhttp3.mockwebserver.MockWebServer$3 execute
INFO: MockWebServer[51990] starting to accept connections
Jul 09, 2016 4:29:23 AM okhttp3.mockwebserver.MockWebServer$4 processOneRequest
INFO: MockWebServer[51990] received request: POST /Hello HTTP/1.1 and responded: HTTP/1.1 200 OK
Jul 09, 2016 4:29:23 AM okhttp3.mockwebserver.MockWebServer$3 acceptConnections
INFO: MockWebServer[51990] done accepting connections: Socket closed
Jul 09, 2016 4:29:23 AM okhttp3.mockwebserver.MockWebServer$3 execute
INFO: MockWebServer[46642] starting to accept connections
Jul 09, 2016 4:29:23 AM okhttp3.mockwebserver.MockWebServer$4 processOneRequest
INFO: MockWebServer[46642] received request: GET / HTTP/1.1 and responded: HTTP/1.1 200 OK
Jul 09, 2016 4:29:23 AM okhttp3.mockwebserver.MockWebServer$3 acceptConnections
INFO: MockWebServer[46642] done accepting connections: Socket closed
Jul 09, 2016 4:29:23 AM okhttp3.mockwebserver.MockWebServer$3 execute
INFO: MockWebServer[34458] starting to accept connections
Jul 09, 2016 4:29:23 AM okhttp3.mockwebserver.MockWebServer$3 acceptConnections
INFO: MockWebServer[34458] done accepting connections: Socket closed
Jul 09, 2016 4:29:23 AM okhttp3.mockwebserver.MockWebServer$4 processOneRequest
INFO: MockWebServer[34458] received request: POST / HTTP/1.1 and responded: HTTP/1.1 200 OK
Jul 09, 2016 4:29:23 AM okhttp3.mockwebserver.MockWebServer$3 execute
INFO: MockWebServer[53950] starting to accept connections
Jul 09, 2016 4:29:23 AM okhttp3.mockwebserver.MockWebServer$3 acceptConnections
INFO: MockWebServer[53950] done accepting connections: Socket is closed
Jul 09, 2016 4:29:23 AM okhttp3.mockwebserver.MockWebServer$3 execute
INFO: MockWebServer[54919] starting to accept connections
Jul 09, 2016 4:29:23 AM okhttp3.mockwebserver.MockWebServer$3 acceptConnections
INFO: MockWebServer[54919] done accepting connections: Socket closed
Jul 09, 2016 4:29:23 AM okhttp3.mockwebserver.MockWebServer$3 execute
INFO: MockWebServer[51584] starting to accept connections
Jul 09, 2016 4:29:23 AM okhttp3.mockwebserver.MockWebServer$3 acceptConnections
INFO: MockWebServer[51584] done accepting connections: Socket is closed
Jul 09, 2016 4:29:23 AM okhttp3.mockwebserver.MockWebServer$3 execute
INFO: MockWebServer[51010] starting to accept connections
Jul 09, 2016 4:29:23 AM okhttp3.mockwebserver.MockWebServer$4 processOneRequest
INFO: MockWebServer[51010] received request: GET / HTTP/1.1 and responded: HTTP/1.1 200 OK
Jul 09, 2016 4:29:23 AM okhttp3.mockwebserver.MockWebServer$3 acceptConnections
INFO: MockWebServer[51010] done accepting connections: Socket closed
Jul 09, 2016 4:29:23 AM okhttp3.mockwebserver.MockWebServer$3 execute
INFO: MockWebServer[36894] starting to accept connections
Jul 09, 2016 4:29:23 AM okhttp3.mockwebserver.MockWebServer$4 processOneRequest
INFO: MockWebServer[36894] received request: GET / HTTP/1.1 and responded: HTTP/1.1 200 OK
Jul 09, 2016 4:29:23 AM okhttp3.mockwebserver.MockWebServer$3 acceptConnections
INFO: MockWebServer[36894] done accepting connections: Socket closed
Jul 09, 2016 4:29:23 AM okhttp3.mockwebserver.MockWebServer$3 execute
INFO: MockWebServer[45045] starting to accept connections
Jul 09, 2016 4:29:23 AM okhttp3.mockwebserver.MockWebServer$4 processOneRequest
INFO: MockWebServer[45045] received request: GET / HTTP/1.1 and responded: HTTP/1.1 205 Nothin
Jul 09, 2016 4:29:23 AM okhttp3.mockwebserver.MockWebServer$3 acceptConnections
INFO: MockWebServer[45045] done accepting connections: Socket closed
Jul 09, 2016 4:29:23 AM okhttp3.mockwebserver.MockWebServer$3 execute
INFO: MockWebServer[47951] starting to accept connections
Jul 09, 2016 4:29:23 AM okhttp3.mockwebserver.MockWebServer$4 processOneRequest
INFO: MockWebServer[47951] received request: GET / HTTP/1.1 and responded: HTTP/1.1 200 OK
Jul 09, 2016 4:29:23 AM okhttp3.mockwebserver.MockWebServer$4 processOneRequest
INFO: MockWebServer[47951] received request: GET / HTTP/1.1 and responded: HTTP/1.1 200 OK
Jul 09, 2016 4:29:23 AM okhttp3.mockwebserver.MockWebServer$3 acceptConnections
INFO: MockWebServer[47951] done accepting connections: Socket closed
Jul 09, 2016 4:29:23 AM okhttp3.mockwebserver.MockWebServer$3 execute
INFO: MockWebServer[50161] starting to accept connections
Jul 09, 2016 4:29:23 AM okhttp3.mockwebserver.MockWebServer$4 processOneRequest
INFO: MockWebServer[50161] received request: GET / HTTP/1.1 and responded: HTTP/1.1 200 OK
Jul 09, 2016 4:29:23 AM okhttp3.mockwebserver.MockWebServer$3 acceptConnections
INFO: MockWebServer[50161] done accepting connections: Socket closed
Jul 09, 2016 4:29:23 AM okhttp3.mockwebserver.MockWebServer$3 execute
INFO: MockWebServer[55097] starting to accept connections
Jul 09, 2016 4:29:23 AM okhttp3.mockwebserver.MockWebServer$3 acceptConnections
INFO: MockWebServer[55097] done accepting connections: Socket is closed
Jul 09, 2016 4:29:23 AM okhttp3.mockwebserver.MockWebServer$3 execute
INFO: MockWebServer[53030] starting to accept connections
Jul 09, 2016 4:29:23 AM okhttp3.mockwebserver.MockWebServer$3 acceptConnections
INFO: MockWebServer[53030] done accepting connections: Socket closed
Jul 09, 2016 4:29:23 AM okhttp3.mockwebserver.MockWebServer$3 execute
INFO: MockWebServer[47616] starting to accept connections
Jul 09, 2016 4:29:23 AM okhttp3.mockwebserver.MockWebServer$3 acceptConnections
INFO: MockWebServer[47616] done accepting connections: Socket closed
Jul 09, 2016 4:29:23 AM okhttp3.mockwebserver.MockWebServer$3 execute
INFO: MockWebServer[38615] starting to accept connections
Jul 09, 2016 4:29:23 AM okhttp3.mockwebserver.MockWebServer$4 processOneRequest
INFO: MockWebServer[38615] received request: GET / HTTP/1.1 and responded: HTTP/1.1 200 OK
Jul 09, 2016 4:29:23 AM okhttp3.mockwebserver.MockWebServer$3 acceptConnections
INFO: MockWebServer[38615] done accepting connections: Socket closed
Jul 09, 2016 4:29:23 AM okhttp3.mockwebserver.MockWebServer$3 execute
INFO: MockWebServer[59697] starting to accept connections
Jul 09, 2016 4:29:23 AM okhttp3.mockwebserver.MockWebServer$3 acceptConnections
INFO: MockWebServer[59697] done accepting connections: Socket closed
Jul 09, 2016 4:29:23 AM okhttp3.mockwebserver.MockWebServer$4 processOneRequest
INFO: MockWebServer[59697] received request: GET / HTTP/1.1 and responded: HTTP/1.1 200 OK
Jul 09, 2016 4:29:23 AM okhttp3.mockwebserver.MockWebServer$3 execute
INFO: MockWebServer[53661] starting to accept connections
Jul 09, 2016 4:29:23 AM okhttp3.mockwebserver.MockWebServer$4 processOneRequest
INFO: MockWebServer[53661] received request: GET / HTTP/1.1 and responded: HTTP/1.1 200 OK
Jul 09, 2016 4:29:23 AM okhttp3.mockwebserver.MockWebServer$3 acceptConnections
INFO: MockWebServer[53661] done accepting connections: Socket closed
Tests run: 34, Failures: 0, Errors: 0, Skipped: 0, Time elapsed: 1.09 sec
Running retrofit2.RequestBuilderTest
Tests run: 139, Failures: 0, Errors: 0, Skipped: 2, Time elapsed: 0.292 sec
Running retrofit2.ExecutorCallAdapterFactoryTest
Tests run: 7, Failures: 0, Errors: 0, Skipped: 0, Time elapsed: 0.121 sec
Running retrofit2.ServiceMethodTest
Tests run: 1, Failures: 0, Errors: 0, Skipped: 0, Time elapsed: 0 sec
Running retrofit2.RetrofitTest
Jul 09, 2016 4:29:24 AM okhttp3.mockwebserver.MockWebServer$3 execute
INFO: MockWebServer[60360] starting to accept connections
Jul 09, 2016 4:29:24 AM okhttp3.mockwebserver.MockWebServer$3 acceptConnections
INFO: MockWebServer[60360] done accepting connections: Socket is closed
Jul 09, 2016 4:29:24 AM okhttp3.mockwebserver.MockWebServer$3 execute
INFO: MockWebServer[39714] starting to accept connections
Jul 09, 2016 4:29:24 AM okhttp3.mockwebserver.MockWebServer$3 acceptConnections
INFO: MockWebServer[39714] done accepting connections: Socket is closed
Jul 09, 2016 4:29:24 AM okhttp3.mockwebserver.MockWebServer$3 execute
INFO: MockWebServer[60202] starting to accept connections
Jul 09, 2016 4:29:24 AM okhttp3.mockwebserver.MockWebServer$3 acceptConnections
INFO: MockWebServer[60202] done accepting connections: Socket is closed
Jul 09, 2016 4:29:24 AM okhttp3.mockwebserver.MockWebServer$3 execute
INFO: MockWebServer[44978] starting to accept connections
Jul 09, 2016 4:29:24 AM okhttp3.mockwebserver.MockWebServer$3 acceptConnections
INFO: MockWebServer[44978] done accepting connections: Socket is closed
Jul 09, 2016 4:29:24 AM okhttp3.mockwebserver.MockWebServer$3 execute
INFO: MockWebServer[34299] starting to accept connections
Jul 09, 2016 4:29:24 AM okhttp3.mockwebserver.MockWebServer$3 acceptConnections
INFO: MockWebServer[34299] done accepting connections: Socket is closed
Jul 09, 2016 4:29:24 AM okhttp3.mockwebserver.MockWebServer$3 execute
INFO: MockWebServer[51365] starting to accept connections
Jul 09, 2016 4:29:24 AM okhttp3.mockwebserver.MockWebServer$4 processOneRequest
INFO: MockWebServer[51365] received request: GET / HTTP/1.1 and responded: HTTP/1.1 200 OK
Jul 09, 2016 4:29:24 AM okhttp3.mockwebserver.MockWebServer$3 acceptConnections
INFO: MockWebServer[51365] done accepting connections: Socket closed
Jul 09, 2016 4:29:24 AM okhttp3.mockwebserver.MockWebServer$3 execute
INFO: MockWebServer[39491] starting to accept connections
Jul 09, 2016 4:29:24 AM okhttp3.mockwebserver.MockWebServer$3 acceptConnections
INFO: MockWebServer[39491] done accepting connections: Socket is closed
Jul 09, 2016 4:29:24 AM okhttp3.mockwebserver.MockWebServer$3 execute
INFO: MockWebServer[47712] starting to accept connections
Jul 09, 2016 4:29:24 AM okhttp3.mockwebserver.MockWebServer$3 acceptConnections
INFO: MockWebServer[47712] done accepting connections: Socket is closed
Jul 09, 2016 4:29:24 AM okhttp3.mockwebserver.MockWebServer$3 execute
INFO: MockWebServer[34801] starting to accept connections
Jul 09, 2016 4:29:24 AM okhttp3.mockwebserver.MockWebServer$3 acceptConnections
INFO: MockWebServer[34801] done accepting connections: Socket is closed
Jul 09, 2016 4:29:24 AM okhttp3.mockwebserver.MockWebServer$3 execute
INFO: MockWebServer[34421] starting to accept connections
Jul 09, 2016 4:29:24 AM okhttp3.mockwebserver.MockWebServer$3 acceptConnections
INFO: MockWebServer[34421] done accepting connections: Socket closed
Jul 09, 2016 4:29:24 AM okhttp3.mockwebserver.MockWebServer$3 execute
INFO: MockWebServer[40099] starting to accept connections
Jul 09, 2016 4:29:24 AM okhttp3.mockwebserver.MockWebServer$3 acceptConnections
INFO: MockWebServer[40099] done accepting connections: Socket is closed
Jul 09, 2016 4:29:24 AM okhttp3.mockwebserver.MockWebServer$3 execute
INFO: MockWebServer[34010] starting to accept connections
Jul 09, 2016 4:29:24 AM okhttp3.mockwebserver.MockWebServer$3 acceptConnections
INFO: MockWebServer[34010] done accepting connections: Socket is closed
Jul 09, 2016 4:29:24 AM okhttp3.mockwebserver.MockWebServer$3 execute
INFO: MockWebServer[47640] starting to accept connections
Jul 09, 2016 4:29:24 AM okhttp3.mockwebserver.MockWebServer$3 acceptConnections
INFO: MockWebServer[47640] done accepting connections: Socket closed
Jul 09, 2016 4:29:24 AM okhttp3.mockwebserver.MockWebServer$3 execute
INFO: MockWebServer[57636] starting to accept connections
Jul 09, 2016 4:29:24 AM okhttp3.mockwebserver.MockWebServer$3 acceptConnections
INFO: MockWebServer[57636] done accepting connections: Socket is closed
Jul 09, 2016 4:29:24 AM okhttp3.mockwebserver.MockWebServer$3 execute
INFO: MockWebServer[42887] starting to accept connections
Jul 09, 2016 4:29:24 AM okhttp3.mockwebserver.MockWebServer$3 acceptConnections
INFO: MockWebServer[42887] done accepting connections: Socket is closed
Jul 09, 2016 4:29:24 AM okhttp3.mockwebserver.MockWebServer$3 execute
INFO: MockWebServer[35716] starting to accept connections
Jul 09, 2016 4:29:24 AM okhttp3.mockwebserver.MockWebServer$3 acceptConnections
INFO: MockWebServer[35716] done accepting connections: Socket closed
Jul 09, 2016 4:29:24 AM okhttp3.mockwebserver.MockWebServer$3 execute
INFO: MockWebServer[38006] starting to accept connections
Jul 09, 2016 4:29:24 AM okhttp3.mockwebserver.MockWebServer$3 acceptConnections
INFO: MockWebServer[38006] done accepting connections: Socket closed
Jul 09, 2016 4:29:24 AM okhttp3.mockwebserver.MockWebServer$4 processOneRequest
INFO: MockWebServer[38006] received request: GET / HTTP/1.1 and responded: HTTP/1.1 200 OK
Jul 09, 2016 4:29:24 AM okhttp3.mockwebserver.MockWebServer$3 execute
INFO: MockWebServer[46016] starting to accept connections
Jul 09, 2016 4:29:24 AM okhttp3.mockwebserver.MockWebServer$3 acceptConnections
INFO: MockWebServer[46016] done accepting connections: Socket is closed
Jul 09, 2016 4:29:24 AM okhttp3.mockwebserver.MockWebServer$3 execute
INFO: MockWebServer[50400] starting to accept connections
Jul 09, 2016 4:29:24 AM okhttp3.mockwebserver.MockWebServer$3 acceptConnections
INFO: MockWebServer[50400] done accepting connections: Socket closed
Jul 09, 2016 4:29:24 AM okhttp3.mockwebserver.MockWebServer$3 execute
INFO: MockWebServer[47756] starting to accept connections
Jul 09, 2016 4:29:24 AM okhttp3.mockwebserver.MockWebServer$3 acceptConnections
INFO: MockWebServer[47756] done accepting connections: Socket closed
Jul 09, 2016 4:29:24 AM okhttp3.mockwebserver.MockWebServer$4 processOneRequest
INFO: MockWebServer[47756] received request: GET / HTTP/1.1 and responded: HTTP/1.1 200 OK
Jul 09, 2016 4:29:24 AM okhttp3.mockwebserver.MockWebServer$3 execute
INFO: MockWebServer[47397] starting to accept connections
Jul 09, 2016 4:29:24 AM okhttp3.mockwebserver.MockWebServer$3 acceptConnections
INFO: MockWebServer[47397] done accepting connections: Socket closed
Jul 09, 2016 4:29:24 AM okhttp3.mockwebserver.MockWebServer$3 execute
INFO: MockWebServer[35753] starting to accept connections
Jul 09, 2016 4:29:24 AM okhttp3.mockwebserver.MockWebServer$3 acceptConnections
INFO: MockWebServer[35753] done accepting connections: Socket closed
Jul 09, 2016 4:29:24 AM okhttp3.mockwebserver.MockWebServer$4 processOneRequest
INFO: MockWebServer[35753] received request: POST / HTTP/1.1 and responded: HTTP/1.1 200 OK
Jul 09, 2016 4:29:24 AM okhttp3.mockwebserver.MockWebServer$3 execute
INFO: MockWebServer[39322] starting to accept connections
Jul 09, 2016 4:29:24 AM okhttp3.mockwebserver.MockWebServer$3 acceptConnections
INFO: MockWebServer[39322] done accepting connections: Socket closed
Jul 09, 2016 4:29:24 AM okhttp3.mockwebserver.MockWebServer$3 execute
INFO: MockWebServer[59596] starting to accept connections
Jul 09, 2016 4:29:24 AM okhttp3.mockwebserver.MockWebServer$3 acceptConnections
INFO: MockWebServer[59596] done accepting connections: Socket closed
Jul 09, 2016 4:29:24 AM okhttp3.mockwebserver.MockWebServer$3 execute
INFO: MockWebServer[34248] starting to accept connections
Jul 09, 2016 4:29:24 AM okhttp3.mockwebserver.MockWebServer$3 acceptConnections
INFO: MockWebServer[34248] done accepting connections: Socket closed
Jul 09, 2016 4:29:24 AM okhttp3.mockwebserver.MockWebServer$3 execute
INFO: MockWebServer[36518] starting to accept connections
Jul 09, 2016 4:29:24 AM okhttp3.mockwebserver.MockWebServer$3 acceptConnections
INFO: MockWebServer[36518] done accepting connections: Socket is closed
Jul 09, 2016 4:29:24 AM okhttp3.mockwebserver.MockWebServer$3 execute
INFO: MockWebServer[45604] starting to accept connections
Jul 09, 2016 4:29:24 AM okhttp3.mockwebserver.MockWebServer$3 acceptConnections
INFO: MockWebServer[45604] done accepting connections: Socket closed
Jul 09, 2016 4:29:24 AM okhttp3.mockwebserver.MockWebServer$3 execute
INFO: MockWebServer[45842] starting to accept connections
Jul 09, 2016 4:29:24 AM okhttp3.mockwebserver.MockWebServer$3 acceptConnections
INFO: MockWebServer[45842] done accepting connections: Socket is closed
Jul 09, 2016 4:29:24 AM okhttp3.mockwebserver.MockWebServer$3 execute
INFO: MockWebServer[58547] starting to accept connections
Jul 09, 2016 4:29:24 AM okhttp3.mockwebserver.MockWebServer$3 acceptConnections
INFO: MockWebServer[58547] done accepting connections: Socket is closed
Jul 09, 2016 4:29:24 AM okhttp3.mockwebserver.MockWebServer$3 execute
INFO: MockWebServer[45046] starting to accept connections
Jul 09, 2016 4:29:24 AM okhttp3.mockwebserver.MockWebServer$4 processOneRequest
INFO: MockWebServer[45046] received request: GET / HTTP/1.1 and responded: HTTP/1.1 200 OK
Jul 09, 2016 4:29:24 AM okhttp3.mockwebserver.MockWebServer$3 acceptConnections
INFO: MockWebServer[45046] done accepting connections: Socket closed
Jul 09, 2016 4:29:24 AM okhttp3.mockwebserver.MockWebServer$3 execute
INFO: MockWebServer[45928] starting to accept connections
Jul 09, 2016 4:29:24 AM okhttp3.mockwebserver.MockWebServer$3 acceptConnections
INFO: MockWebServer[45928] done accepting connections: Socket closed
Jul 09, 2016 4:29:24 AM okhttp3.mockwebserver.MockWebServer$3 execute
INFO: MockWebServer[33446] starting to accept connections
Jul 09, 2016 4:29:24 AM okhttp3.mockwebserver.MockWebServer$3 acceptConnections
INFO: MockWebServer[33446] done accepting connections: Socket is closed
Jul 09, 2016 4:29:24 AM okhttp3.mockwebserver.MockWebServer$3 execute
INFO: MockWebServer[40046] starting to accept connections
Jul 09, 2016 4:29:24 AM okhttp3.mockwebserver.MockWebServer$3 acceptConnections
INFO: MockWebServer[40046] done accepting connections: Socket is closed
Jul 09, 2016 4:29:24 AM okhttp3.mockwebserver.MockWebServer$3 execute
INFO: MockWebServer[48006] starting to accept connections
Jul 09, 2016 4:29:24 AM okhttp3.mockwebserver.MockWebServer$3 acceptConnections
INFO: MockWebServer[48006] done accepting connections: Socket is closed
Jul 09, 2016 4:29:24 AM okhttp3.mockwebserver.MockWebServer$3 execute
INFO: MockWebServer[41556] starting to accept connections
Jul 09, 2016 4:29:24 AM okhttp3.mockwebserver.MockWebServer$4 processOneRequest
INFO: MockWebServer[41556] received request: GET / HTTP/1.1 and responded: HTTP/1.1 200 OK
Jul 09, 2016 4:29:24 AM okhttp3.mockwebserver.MockWebServer$4 processOneRequest
INFO: MockWebServer[41556] received request: GET / HTTP/1.1 and responded: HTTP/1.1 200 OK
Jul 09, 2016 4:29:24 AM okhttp3.mockwebserver.MockWebServer$3 acceptConnections
INFO: MockWebServer[41556] done accepting connections: Socket closed
Jul 09, 2016 4:29:24 AM okhttp3.mockwebserver.MockWebServer$3 execute
INFO: MockWebServer[40293] starting to accept connections
Jul 09, 2016 4:29:24 AM okhttp3.mockwebserver.MockWebServer$3 acceptConnections
INFO: MockWebServer[40293] done accepting connections: Socket is closed
Jul 09, 2016 4:29:24 AM okhttp3.mockwebserver.MockWebServer$3 execute
INFO: MockWebServer[37876] starting to accept connections
Jul 09, 2016 4:29:24 AM okhttp3.mockwebserver.MockWebServer$3 acceptConnections
INFO: MockWebServer[37876] done accepting connections: Socket is closed
Jul 09, 2016 4:29:24 AM okhttp3.mockwebserver.MockWebServer$3 execute
INFO: MockWebServer[41759] starting to accept connections
Jul 09, 2016 4:29:24 AM okhttp3.mockwebserver.MockWebServer$3 acceptConnections
INFO: MockWebServer[41759] done accepting connections: Socket closed
Jul 09, 2016 4:29:24 AM okhttp3.mockwebserver.MockWebServer$3 execute
INFO: MockWebServer[39483] starting to accept connections
Jul 09, 2016 4:29:24 AM okhttp3.mockwebserver.MockWebServer$3 acceptConnections
INFO: MockWebServer[39483] done accepting connections: Socket closed
Jul 09, 2016 4:29:24 AM okhttp3.mockwebserver.MockWebServer$3 execute
INFO: MockWebServer[49162] starting to accept connections
Jul 09, 2016 4:29:24 AM okhttp3.mockwebserver.MockWebServer$3 acceptConnections
INFO: MockWebServer[49162] done accepting connections: Socket closed
Jul 09, 2016 4:29:24 AM okhttp3.mockwebserver.MockWebServer$3 execute
INFO: MockWebServer[56739] starting to accept connections
Jul 09, 2016 4:29:24 AM okhttp3.mockwebserver.MockWebServer$3 acceptConnections
INFO: MockWebServer[56739] done accepting connections: Socket closed
Jul 09, 2016 4:29:24 AM okhttp3.mockwebserver.MockWebServer$3 execute
INFO: MockWebServer[60343] starting to accept connections
Jul 09, 2016 4:29:24 AM okhttp3.mockwebserver.MockWebServer$3 acceptConnections
INFO: MockWebServer[60343] done accepting connections: Socket closed
Jul 09, 2016 4:29:24 AM okhttp3.mockwebserver.MockWebServer$3 execute
INFO: MockWebServer[45136] starting to accept connections
Jul 09, 2016 4:29:24 AM okhttp3.mockwebserver.MockWebServer$3 acceptConnections
INFO: MockWebServer[45136] done accepting connections: Socket closed
Jul 09, 2016 4:29:24 AM okhttp3.mockwebserver.MockWebServer$3 execute
INFO: MockWebServer[49064] starting to accept connections
Jul 09, 2016 4:29:24 AM okhttp3.mockwebserver.MockWebServer$3 acceptConnections
INFO: MockWebServer[49064] done accepting connections: Socket is closed
Jul 09, 2016 4:29:24 AM okhttp3.mockwebserver.MockWebServer$3 execute
INFO: MockWebServer[35028] starting to accept connections
Jul 09, 2016 4:29:24 AM okhttp3.mockwebserver.MockWebServer$3 acceptConnections
INFO: MockWebServer[35028] done accepting connections: Socket closed
Jul 09, 2016 4:29:24 AM okhttp3.mockwebserver.MockWebServer$3 execute
INFO: MockWebServer[60980] starting to accept connections
Jul 09, 2016 4:29:24 AM okhttp3.mockwebserver.MockWebServer$3 acceptConnections
INFO: MockWebServer[60980] done accepting connections: Socket is closed
Jul 09, 2016 4:29:24 AM okhttp3.mockwebserver.MockWebServer$3 execute
INFO: MockWebServer[37508] starting to accept connections
Jul 09, 2016 4:29:24 AM okhttp3.mockwebserver.MockWebServer$4 processOneRequest
INFO: MockWebServer[37508] received request: GET /?i=101 HTTP/1.1 and responded: HTTP/1.1 200 OK
Jul 09, 2016 4:29:24 AM okhttp3.mockwebserver.MockWebServer$4 processOneRequest
INFO: MockWebServer[37508] received request: GET /?i=201 HTTP/1.1 and responded: HTTP/1.1 200 OK
Jul 09, 2016 4:29:24 AM okhttp3.mockwebserver.MockWebServer$3 acceptConnections
INFO: MockWebServer[37508] done accepting connections: Socket closed
Jul 09, 2016 4:29:24 AM okhttp3.mockwebserver.MockWebServer$3 execute
INFO: MockWebServer[49517] starting to accept connections
Jul 09, 2016 4:29:24 AM okhttp3.mockwebserver.MockWebServer$3 acceptConnections
INFO: MockWebServer[49517] done accepting connections: Socket is closed
Jul 09, 2016 4:29:24 AM okhttp3.mockwebserver.MockWebServer$3 execute
INFO: MockWebServer[42098] starting to accept connections
Jul 09, 2016 4:29:24 AM okhttp3.mockwebserver.MockWebServer$3 acceptConnections
INFO: MockWebServer[42098] done accepting connections: Socket closed
Jul 09, 2016 4:29:24 AM okhttp3.mockwebserver.MockWebServer$3 execute
INFO: MockWebServer[44970] starting to accept connections
Jul 09, 2016 4:29:24 AM okhttp3.mockwebserver.MockWebServer$3 acceptConnections
INFO: MockWebServer[44970] done accepting connections: Socket closed
Jul 09, 2016 4:29:24 AM okhttp3.mockwebserver.MockWebServer$3 execute
INFO: MockWebServer[36338] starting to accept connections
Jul 09, 2016 4:29:24 AM okhttp3.mockwebserver.MockWebServer$3 acceptConnections
INFO: MockWebServer[36338] done accepting connections: Socket is closed
Jul 09, 2016 4:29:24 AM okhttp3.mockwebserver.MockWebServer$3 execute
INFO: MockWebServer[35915] starting to accept connections
Jul 09, 2016 4:29:24 AM okhttp3.mockwebserver.MockWebServer$3 acceptConnections
INFO: MockWebServer[35915] done accepting connections: Socket is closed
Jul 09, 2016 4:29:24 AM okhttp3.mockwebserver.MockWebServer$3 execute
INFO: MockWebServer[50647] starting to accept connections
Jul 09, 2016 4:29:24 AM okhttp3.mockwebserver.MockWebServer$3 acceptConnections
INFO: MockWebServer[50647] done accepting connections: Socket closed
Jul 09, 2016 4:29:24 AM okhttp3.mockwebserver.MockWebServer$3 execute
INFO: MockWebServer[53434] starting to accept connections
Jul 09, 2016 4:29:24 AM okhttp3.mockwebserver.MockWebServer$3 acceptConnections
INFO: MockWebServer[53434] done accepting connections: Socket closed
Jul 09, 2016 4:29:24 AM okhttp3.mockwebserver.MockWebServer$3 execute
INFO: MockWebServer[51460] starting to accept connections
Jul 09, 2016 4:29:24 AM okhttp3.mockwebserver.MockWebServer$3 acceptConnections
INFO: MockWebServer[51460] done accepting connections: Socket closed
Jul 09, 2016 4:29:24 AM okhttp3.mockwebserver.MockWebServer$3 execute
INFO: MockWebServer[41467] starting to accept connections
Jul 09, 2016 4:29:24 AM okhttp3.mockwebserver.MockWebServer$3 acceptConnections
INFO: MockWebServer[41467] done accepting connections: Socket closed
Jul 09, 2016 4:29:24 AM okhttp3.mockwebserver.MockWebServer$3 execute
INFO: MockWebServer[51651] starting to accept connections
Jul 09, 2016 4:29:24 AM okhttp3.mockwebserver.MockWebServer$3 acceptConnections
INFO: MockWebServer[51651] done accepting connections: Socket closed
Jul 09, 2016 4:29:24 AM okhttp3.mockwebserver.MockWebServer$3 execute
INFO: MockWebServer[41525] starting to accept connections
Jul 09, 2016 4:29:24 AM okhttp3.mockwebserver.MockWebServer$3 acceptConnections
INFO: MockWebServer[41525] done accepting connections: Socket closed
Jul 09, 2016 4:29:24 AM okhttp3.mockwebserver.MockWebServer$3 execute
INFO: MockWebServer[55413] starting to accept connections
Jul 09, 2016 4:29:24 AM okhttp3.mockwebserver.MockWebServer$3 acceptConnections
INFO: MockWebServer[55413] done accepting connections: Socket closed
Jul 09, 2016 4:29:24 AM okhttp3.mockwebserver.MockWebServer$3 execute
INFO: MockWebServer[56046] starting to accept connections
Jul 09, 2016 4:29:24 AM okhttp3.mockwebserver.MockWebServer$3 acceptConnections
INFO: MockWebServer[56046] done accepting connections: Socket closed
Jul 09, 2016 4:29:24 AM okhttp3.mockwebserver.MockWebServer$3 execute
INFO: MockWebServer[51160] starting to accept connections
Jul 09, 2016 4:29:24 AM okhttp3.mockwebserver.MockWebServer$3 acceptConnections
INFO: MockWebServer[51160] done accepting connections: Socket closed
Jul 09, 2016 4:29:24 AM okhttp3.mockwebserver.MockWebServer$3 execute
INFO: MockWebServer[42604] starting to accept connections
Jul 09, 2016 4:29:24 AM okhttp3.mockwebserver.MockWebServer$3 acceptConnections
INFO: MockWebServer[42604] done accepting connections: Socket closed
Jul 09, 2016 4:29:24 AM okhttp3.mockwebserver.MockWebServer$3 execute
INFO: MockWebServer[37477] starting to accept connections
Jul 09, 2016 4:29:24 AM okhttp3.mockwebserver.MockWebServer$3 acceptConnections
INFO: MockWebServer[37477] done accepting connections: Socket closed
Jul 09, 2016 4:29:24 AM okhttp3.mockwebserver.MockWebServer$3 execute
INFO: MockWebServer[57551] starting to accept connections
Jul 09, 2016 4:29:24 AM okhttp3.mockwebserver.MockWebServer$3 acceptConnections
INFO: MockWebServer[57551] done accepting connections: Socket closed
Tests run: 64, Failures: 0, Errors: 0, Skipped: 0, Time elapsed: 0.59 sec
Running retrofit2.RequestBuilderAndroidTest
WARNING: No manifest file found at ./AndroidManifest.xml.Falling back to the Android OS resources only.
To remove this warning, annotate your test class with @Config(manifest=Config.NONE).
WARNING: No manifest file found at ./AndroidManifest.xml.Falling back to the Android OS resources only.
To remove this warning, annotate your test class with @Config(manifest=Config.NONE).
Tests run: 2, Failures: 0, Errors: 0, Skipped: 0, Time elapsed: 7.015 sec
Running retrofit2.CallAdapterTest
Tests run: 4, Failures: 0, Errors: 0, Skipped: 0, Time elapsed: 0.009 sec
Running retrofit2.ResponseTest
Tests run: 14, Failures: 0, Errors: 0, Skipped: 0, Time elapsed: 0.025 sec

Results :

Tests run: 265, Failures: 0, Errors: 0, Skipped: 2

[INFO] 
[INFO] --- animal-sniffer-maven-plugin:1.14:check (default) @ retrofit ---
[INFO] Checking unresolved references to org.codehaus.mojo.signature:java16:1.1
[INFO]                                                                         
[INFO] ------------------------------------------------------------------------
[INFO] Building Adapters 2.1.1-SNAPSHOT
[INFO] ------------------------------------------------------------------------
[INFO] 
[INFO] --- maven-enforcer-plugin:1.0:enforce (enforce-maven) @ retrofit-adapters ---
[INFO] 
[INFO] --- animal-sniffer-maven-plugin:1.14:check (default) @ retrofit-adapters ---
[INFO] Checking unresolved references to org.codehaus.mojo.signature:java16:1.1
[INFO]                                                                         
[INFO] ------------------------------------------------------------------------
[INFO] Building Adapter: Guava 2.1.1-SNAPSHOT
[INFO] ------------------------------------------------------------------------
[INFO] 
[INFO] --- maven-enforcer-plugin:1.0:enforce (enforce-maven) @ adapter-guava ---
[INFO] 
[INFO] --- maven-resources-plugin:2.6:resources (default-resources) @ adapter-guava ---
[INFO] Using 'UTF-8' encoding to copy filtered resources.
[INFO] skip non existing resourceDirectory /home/travis/build/square/retrofit/retrofit-adapters/guava/src/main/resources
[INFO] 
[INFO] --- maven-compiler-plugin:3.0:compile (default-compile) @ adapter-guava ---
[INFO] Changes detected - recompiling the module!
[INFO] Compiling 2 source files to /home/travis/build/square/retrofit/retrofit-adapters/guava/target/classes
[INFO] 
[INFO] --- maven-resources-plugin:2.6:testResources (default-testResources) @ adapter-guava ---
[INFO] Using 'UTF-8' encoding to copy filtered resources.
[INFO] skip non existing resourceDirectory /home/travis/build/square/retrofit/retrofit-adapters/guava/src/test/resources
[INFO] 
[INFO] --- maven-compiler-plugin:3.0:testCompile (default-testCompile) @ adapter-guava ---
[INFO] Changes detected - recompiling the module!
[INFO] Compiling 3 source files to /home/travis/build/square/retrofit/retrofit-adapters/guava/target/test-classes
[INFO] 
[INFO] --- maven-surefire-plugin:2.12.4:test (default-test) @ adapter-guava ---
[INFO] Surefire report directory: /home/travis/build/square/retrofit/retrofit-adapters/guava/target/surefire-reports

-------------------------------------------------------
 T E S T S
-------------------------------------------------------
Running retrofit2.adapter.guava.ListenableFutureTest
Jul 09, 2016 4:29:33 AM okhttp3.mockwebserver.MockWebServer$3 execute
INFO: MockWebServer[45252] starting to accept connections
Jul 09, 2016 4:29:33 AM okhttp3.mockwebserver.MockWebServer$4 processOneRequest
INFO: MockWebServer[45252] received request: GET / HTTP/1.1 and responded: HTTP/1.1 200 OK
Jul 09, 2016 4:29:33 AM okhttp3.mockwebserver.MockWebServer$3 acceptConnections
INFO: MockWebServer[45252] done accepting connections: Socket closed
Jul 09, 2016 4:29:34 AM okhttp3.mockwebserver.MockWebServer$3 execute
INFO: MockWebServer[48610] starting to accept connections
Jul 09, 2016 4:29:34 AM okhttp3.mockwebserver.MockWebServer$4 processOneRequest
INFO: MockWebServer[48610] received request: GET / HTTP/1.1 and responded: HTTP/1.1 404 Client Error
Jul 09, 2016 4:29:34 AM okhttp3.mockwebserver.MockWebServer$3 acceptConnections
INFO: MockWebServer[48610] done accepting connections: Socket closed
Jul 09, 2016 4:29:34 AM okhttp3.mockwebserver.MockWebServer$3 execute
INFO: MockWebServer[45047] starting to accept connections
Jul 09, 2016 4:29:34 AM okhttp3.mockwebserver.MockWebServer$4 processConnection
WARNING: MockWebServer[45047] connection from /127.0.0.1 didn't make a request
Jul 09, 2016 4:29:34 AM okhttp3.mockwebserver.MockWebServer$3 acceptConnections
INFO: MockWebServer[45047] done accepting connections: Socket closed
Jul 09, 2016 4:29:34 AM okhttp3.mockwebserver.MockWebServer$3 execute
INFO: MockWebServer[37358] starting to accept connections
Jul 09, 2016 4:29:34 AM okhttp3.mockwebserver.MockWebServer$4 processOneRequest
INFO: MockWebServer[37358] received request: GET / HTTP/1.1 and responded: HTTP/1.1 200 OK
Jul 09, 2016 4:29:34 AM okhttp3.mockwebserver.MockWebServer$3 acceptConnections
INFO: MockWebServer[37358] done accepting connections: Socket closed
Jul 09, 2016 4:29:34 AM okhttp3.mockwebserver.MockWebServer$3 execute
INFO: MockWebServer[40354] starting to accept connections
Jul 09, 2016 4:29:34 AM okhttp3.mockwebserver.MockWebServer$4 processOneRequest
INFO: MockWebServer[40354] received request: GET / HTTP/1.1 and responded: HTTP/1.1 404 Client Error
Jul 09, 2016 4:29:34 AM okhttp3.mockwebserver.MockWebServer$3 acceptConnections
INFO: MockWebServer[40354] done accepting connections: Socket closed
Jul 09, 2016 4:29:34 AM okhttp3.mockwebserver.MockWebServer$3 execute
INFO: MockWebServer[55124] starting to accept connections
Jul 09, 2016 4:29:34 AM okhttp3.mockwebserver.MockWebServer$4 processConnection
WARNING: MockWebServer[55124] connection from /127.0.0.1 didn't make a request
Jul 09, 2016 4:29:34 AM okhttp3.mockwebserver.MockWebServer$3 acceptConnections
INFO: MockWebServer[55124] done accepting connections: Socket closed
Tests run: 6, Failures: 0, Errors: 0, Skipped: 0, Time elapsed: 0.683 sec
Running retrofit2.adapter.guava.GuavaCallAdapterFactoryTest
Jul 09, 2016 4:29:34 AM okhttp3.mockwebserver.MockWebServer$3 execute
INFO: MockWebServer[43528] starting to accept connections
Jul 09, 2016 4:29:34 AM okhttp3.mockwebserver.MockWebServer$3 acceptConnections
INFO: MockWebServer[43528] done accepting connections: Socket closed
Jul 09, 2016 4:29:34 AM okhttp3.mockwebserver.MockWebServer$3 execute
INFO: MockWebServer[42080] starting to accept connections
Jul 09, 2016 4:29:34 AM okhttp3.mockwebserver.MockWebServer$3 acceptConnections
INFO: MockWebServer[42080] done accepting connections: Socket closed
Jul 09, 2016 4:29:34 AM okhttp3.mockwebserver.MockWebServer$3 execute
INFO: MockWebServer[55165] starting to accept connections
Jul 09, 2016 4:29:34 AM okhttp3.mockwebserver.MockWebServer$3 acceptConnections
INFO: MockWebServer[55165] done accepting connections: Socket closed
Jul 09, 2016 4:29:34 AM okhttp3.mockwebserver.MockWebServer$3 execute
INFO: MockWebServer[36968] starting to accept connections
Jul 09, 2016 4:29:34 AM okhttp3.mockwebserver.MockWebServer$3 acceptConnections
INFO: MockWebServer[36968] done accepting connections: Socket closed
Tests run: 4, Failures: 0, Errors: 0, Skipped: 0, Time elapsed: 0.044 sec

Results :

Tests run: 10, Failures: 0, Errors: 0, Skipped: 0

[INFO] 
[INFO] --- animal-sniffer-maven-plugin:1.14:check (default) @ adapter-guava ---
[INFO] Checking unresolved references to org.codehaus.mojo.signature:java16:1.1
[INFO]                                                                         
[INFO] ------------------------------------------------------------------------
[INFO] Building Adapter: Java 8 2.1.1-SNAPSHOT
[INFO] ------------------------------------------------------------------------
[INFO] 
[INFO] --- maven-enforcer-plugin:1.0:enforce (enforce-maven) @ adapter-java8 ---
[INFO] 
[INFO] --- maven-resources-plugin:2.6:resources (default-resources) @ adapter-java8 ---
[INFO] Using 'UTF-8' encoding to copy filtered resources.
[INFO] skip non existing resourceDirectory /home/travis/build/square/retrofit/retrofit-adapters/java8/src/main/resources
[INFO] 
[INFO] --- maven-compiler-plugin:3.0:compile (default-compile) @ adapter-java8 ---
[INFO] Changes detected - recompiling the module!
[INFO] Compiling 2 source files to /home/travis/build/square/retrofit/retrofit-adapters/java8/target/classes
[INFO] 
[INFO] --- maven-resources-plugin:2.6:testResources (default-testResources) @ adapter-java8 ---
[INFO] Using 'UTF-8' encoding to copy filtered resources.
[INFO] skip non existing resourceDirectory /home/travis/build/square/retrofit/retrofit-adapters/java8/src/test/resources
[INFO] 
[INFO] --- maven-compiler-plugin:3.0:testCompile (default-testCompile) @ adapter-java8 ---
[INFO] Changes detected - recompiling the module!
[INFO] Compiling 3 source files to /home/travis/build/square/retrofit/retrofit-adapters/java8/target/test-classes
[INFO] 
[INFO] --- maven-surefire-plugin:2.12.4:test (default-test) @ adapter-java8 ---
[INFO] Surefire report directory: /home/travis/build/square/retrofit/retrofit-adapters/java8/target/surefire-reports

-------------------------------------------------------
 T E S T S
-------------------------------------------------------
Running retrofit2.adapter.java8.Java8CallAdapterFactoryTest
Jul 09, 2016 4:29:35 AM okhttp3.mockwebserver.MockWebServer$3 execute
INFO: MockWebServer[37850] starting to accept connections
Jul 09, 2016 4:29:35 AM okhttp3.mockwebserver.MockWebServer$3 acceptConnections
INFO: MockWebServer[37850] done accepting connections: Socket closed
Jul 09, 2016 4:29:35 AM okhttp3.mockwebserver.MockWebServer$3 execute
INFO: MockWebServer[50711] starting to accept connections
Jul 09, 2016 4:29:35 AM okhttp3.mockwebserver.MockWebServer$3 acceptConnections
INFO: MockWebServer[50711] done accepting connections: Socket is closed
Jul 09, 2016 4:29:35 AM okhttp3.mockwebserver.MockWebServer$3 execute
INFO: MockWebServer[48763] starting to accept connections
Jul 09, 2016 4:29:35 AM okhttp3.mockwebserver.MockWebServer$3 acceptConnections
INFO: MockWebServer[48763] done accepting connections: Socket is closed
Jul 09, 2016 4:29:35 AM okhttp3.mockwebserver.MockWebServer$3 execute
INFO: MockWebServer[53001] starting to accept connections
Jul 09, 2016 4:29:35 AM okhttp3.mockwebserver.MockWebServer$3 acceptConnections
INFO: MockWebServer[53001] done accepting connections: Socket is closed
Tests run: 4, Failures: 0, Errors: 0, Skipped: 0, Time elapsed: 0.567 sec
Running retrofit2.adapter.java8.CompletableFutureTest
Jul 09, 2016 4:29:35 AM okhttp3.mockwebserver.MockWebServer$3 execute
INFO: MockWebServer[35357] starting to accept connections
Jul 09, 2016 4:29:35 AM okhttp3.mockwebserver.MockWebServer$4 processOneRequest
INFO: MockWebServer[35357] received request: GET / HTTP/1.1 and responded: HTTP/1.1 200 OK
Jul 09, 2016 4:29:35 AM okhttp3.mockwebserver.MockWebServer$3 acceptConnections
INFO: MockWebServer[35357] done accepting connections: Socket closed
Jul 09, 2016 4:29:35 AM okhttp3.mockwebserver.MockWebServer$3 execute
INFO: MockWebServer[55010] starting to accept connections
Jul 09, 2016 4:29:35 AM okhttp3.mockwebserver.MockWebServer$3 acceptConnections
INFO: MockWebServer[55010] done accepting connections: Socket closed
Jul 09, 2016 4:29:35 AM okhttp3.mockwebserver.MockWebServer$4 processOneRequest
INFO: MockWebServer[55010] received request: GET / HTTP/1.1 and responded: HTTP/1.1 404 Client Error
Jul 09, 2016 4:29:35 AM okhttp3.mockwebserver.MockWebServer$3 execute
INFO: MockWebServer[50490] starting to accept connections
Jul 09, 2016 4:29:35 AM okhttp3.mockwebserver.MockWebServer$3 acceptConnections
INFO: MockWebServer[50490] done accepting connections: Socket closed
Jul 09, 2016 4:29:35 AM okhttp3.mockwebserver.MockWebServer$4 processConnection
WARNING: MockWebServer[50490] connection from /127.0.0.1 didn't make a request
Jul 09, 2016 4:29:35 AM okhttp3.mockwebserver.MockWebServer$3 execute
INFO: MockWebServer[45435] starting to accept connections
Jul 09, 2016 4:29:35 AM okhttp3.mockwebserver.MockWebServer$4 processOneRequest
INFO: MockWebServer[45435] received request: GET / HTTP/1.1 and responded: HTTP/1.1 200 OK
Jul 09, 2016 4:29:35 AM okhttp3.mockwebserver.MockWebServer$3 acceptConnections
INFO: MockWebServer[45435] done accepting connections: Socket closed
Jul 09, 2016 4:29:35 AM okhttp3.mockwebserver.MockWebServer$3 execute
INFO: MockWebServer[45616] starting to accept connections
Jul 09, 2016 4:29:35 AM okhttp3.mockwebserver.MockWebServer$4 processOneRequest
INFO: MockWebServer[45616] received request: GET / HTTP/1.1 and responded: HTTP/1.1 404 Client Error
Jul 09, 2016 4:29:35 AM okhttp3.mockwebserver.MockWebServer$3 acceptConnections
INFO: MockWebServer[45616] done accepting connections: Socket closed
Jul 09, 2016 4:29:35 AM okhttp3.mockwebserver.MockWebServer$3 execute
INFO: MockWebServer[52553] starting to accept connections
Jul 09, 2016 4:29:35 AM okhttp3.mockwebserver.MockWebServer$3 acceptConnections
INFO: MockWebServer[52553] done accepting connections: Socket closed
Jul 09, 2016 4:29:35 AM okhttp3.mockwebserver.MockWebServer$4 processConnection
WARNING: MockWebServer[52553] connection from /127.0.0.1 didn't make a request
Tests run: 6, Failures: 0, Errors: 0, Skipped: 0, Time elapsed: 0.129 sec

Results :

Tests run: 10, Failures: 0, Errors: 0, Skipped: 0

[INFO] 
[INFO] --- animal-sniffer-maven-plugin:1.14:check (default) @ adapter-java8 ---
[INFO] Checking unresolved references to org.kaazing.mojo.signature:java18:1.0
[INFO]                                                                         
[INFO] ------------------------------------------------------------------------
[INFO] Building Adapter: RxJava 2.1.1-SNAPSHOT
[INFO] ------------------------------------------------------------------------
[INFO] 
[INFO] --- maven-enforcer-plugin:1.0:enforce (enforce-maven) @ adapter-rxjava ---
[INFO] 
[INFO] --- maven-resources-plugin:2.6:resources (default-resources) @ adapter-rxjava ---
[INFO] Using 'UTF-8' encoding to copy filtered resources.
[INFO] skip non existing resourceDirectory /home/travis/build/square/retrofit/retrofit-adapters/rxjava/src/main/resources
[INFO] 
[INFO] --- maven-compiler-plugin:3.0:compile (default-compile) @ adapter-rxjava ---
[INFO] Changes detected - recompiling the module!
[INFO] Compiling 6 source files to /home/travis/build/square/retrofit/retrofit-adapters/rxjava/target/classes
[INFO] 
[INFO] --- maven-resources-plugin:2.6:testResources (default-testResources) @ adapter-rxjava ---
[INFO] Using 'UTF-8' encoding to copy filtered resources.
[INFO] skip non existing resourceDirectory /home/travis/build/square/retrofit/retrofit-adapters/rxjava/src/test/resources
[INFO] 
[INFO] --- maven-compiler-plugin:3.0:testCompile (default-testCompile) @ adapter-rxjava ---
[INFO] Changes detected - recompiling the module!
[INFO] Compiling 9 source files to /home/travis/build/square/retrofit/retrofit-adapters/rxjava/target/test-classes
[INFO] 
[INFO] --- maven-surefire-plugin:2.12.4:test (default-test) @ adapter-rxjava ---
[INFO] Surefire report directory: /home/travis/build/square/retrofit/retrofit-adapters/rxjava/target/surefire-reports

-------------------------------------------------------
 T E S T S
-------------------------------------------------------
Running retrofit2.adapter.rxjava.ObservableSchedulerTest
Jul 09, 2016 4:29:37 AM okhttp3.mockwebserver.MockWebServer$3 execute
INFO: MockWebServer[39488] starting to accept connections
Jul 09, 2016 4:29:37 AM okhttp3.mockwebserver.MockWebServer$4 processOneRequest
INFO: MockWebServer[39488] received request: GET / HTTP/1.1 and responded: HTTP/1.1 200 OK
Jul 09, 2016 4:29:37 AM okhttp3.mockwebserver.MockWebServer$3 acceptConnections
INFO: MockWebServer[39488] done accepting connections: Socket closed
Jul 09, 2016 4:29:37 AM okhttp3.mockwebserver.MockWebServer$3 execute
INFO: MockWebServer[49114] starting to accept connections
Jul 09, 2016 4:29:37 AM okhttp3.mockwebserver.MockWebServer$4 processOneRequest
INFO: MockWebServer[49114] received request: GET / HTTP/1.1 and responded: HTTP/1.1 200 OK
Jul 09, 2016 4:29:37 AM okhttp3.mockwebserver.MockWebServer$3 acceptConnections
INFO: MockWebServer[49114] done accepting connections: Socket closed
Jul 09, 2016 4:29:37 AM okhttp3.mockwebserver.MockWebServer$3 execute
INFO: MockWebServer[36640] starting to accept connections
Jul 09, 2016 4:29:37 AM okhttp3.mockwebserver.MockWebServer$4 processOneRequest
INFO: MockWebServer[36640] received request: GET / HTTP/1.1 and responded: HTTP/1.1 200 OK
Jul 09, 2016 4:29:37 AM okhttp3.mockwebserver.MockWebServer$3 acceptConnections
INFO: MockWebServer[36640] done accepting connections: Socket closed
Tests run: 3, Failures: 0, Errors: 0, Skipped: 0, Time elapsed: 0.563 sec
Running retrofit2.adapter.rxjava.ObservableTest
Jul 09, 2016 4:29:37 AM okhttp3.mockwebserver.MockWebServer$3 execute
INFO: MockWebServer[33061] starting to accept connections
Jul 09, 2016 4:29:37 AM okhttp3.mockwebserver.MockWebServer$4 processConnection
WARNING: MockWebServer[33061] connection from /127.0.0.1 didn't make a request
Jul 09, 2016 4:29:37 AM okhttp3.mockwebserver.MockWebServer$3 acceptConnections
INFO: MockWebServer[33061] done accepting connections: Socket closed
Jul 09, 2016 4:29:37 AM okhttp3.mockwebserver.MockWebServer$3 execute
INFO: MockWebServer[40520] starting to accept connections
Jul 09, 2016 4:29:37 AM okhttp3.mockwebserver.MockWebServer$3 acceptConnections
INFO: MockWebServer[40520] done accepting connections: Socket closed
Jul 09, 2016 4:29:37 AM okhttp3.mockwebserver.MockWebServer$4 processOneRequest
INFO: MockWebServer[40520] received request: GET / HTTP/1.1 and responded: HTTP/1.1 200 OK
Jul 09, 2016 4:29:37 AM okhttp3.mockwebserver.MockWebServer$3 execute
INFO: MockWebServer[57421] starting to accept connections
Jul 09, 2016 4:29:37 AM okhttp3.mockwebserver.MockWebServer$4 processOneRequest
INFO: MockWebServer[57421] received request: GET / HTTP/1.1 and responded: HTTP/1.1 404 Client Error
Jul 09, 2016 4:29:37 AM okhttp3.mockwebserver.MockWebServer$3 acceptConnections
INFO: MockWebServer[57421] done accepting connections: Socket closed
Jul 09, 2016 4:29:37 AM okhttp3.mockwebserver.MockWebServer$3 execute
INFO: MockWebServer[49485] starting to accept connections
Jul 09, 2016 4:29:37 AM okhttp3.mockwebserver.MockWebServer$3 acceptConnections
INFO: MockWebServer[49485] done accepting connections: Socket closed
Jul 09, 2016 4:29:37 AM okhttp3.mockwebserver.MockWebServer$4 processOneRequest
INFO: MockWebServer[49485] received request: GET / HTTP/1.1 and responded: HTTP/1.1 200 OK
Jul 09, 2016 4:29:37 AM okhttp3.mockwebserver.MockWebServer$3 execute
INFO: MockWebServer[46201] starting to accept connections
Jul 09, 2016 4:29:37 AM okhttp3.mockwebserver.MockWebServer$4 processOneRequest
INFO: MockWebServer[46201] received request: GET / HTTP/1.1 and responded: HTTP/1.1 200 OK
Jul 09, 2016 4:29:37 AM okhttp3.mockwebserver.MockWebServer$3 acceptConnections
INFO: MockWebServer[46201] done accepting connections: Socket closed
Jul 09, 2016 4:29:37 AM okhttp3.mockwebserver.MockWebServer$3 execute
INFO: MockWebServer[43502] starting to accept connections
Jul 09, 2016 4:29:37 AM okhttp3.mockwebserver.MockWebServer$3 acceptConnections
INFO: MockWebServer[43502] done accepting connections: Socket closed
Jul 09, 2016 4:29:37 AM okhttp3.mockwebserver.MockWebServer$4 processConnection
WARNING: MockWebServer[43502] connection from /127.0.0.1 didn't make a request
Jul 09, 2016 4:29:37 AM okhttp3.mockwebserver.MockWebServer$3 execute
INFO: MockWebServer[51584] starting to accept connections
Jul 09, 2016 4:29:37 AM okhttp3.mockwebserver.MockWebServer$3 acceptConnections
INFO: MockWebServer[51584] done accepting connections: Socket closed
Jul 09, 2016 4:29:37 AM okhttp3.mockwebserver.MockWebServer$4 processOneRequest
INFO: MockWebServer[51584] received request: GET / HTTP/1.1 and responded: HTTP/1.1 200 OK
Jul 09, 2016 4:29:37 AM okhttp3.mockwebserver.MockWebServer$3 execute
INFO: MockWebServer[49146] starting to accept connections
Jul 09, 2016 4:29:37 AM okhttp3.mockwebserver.MockWebServer$4 processOneRequest
INFO: MockWebServer[49146] received request: GET / HTTP/1.1 and responded: HTTP/1.1 404 Client Error
Jul 09, 2016 4:29:37 AM okhttp3.mockwebserver.MockWebServer$3 acceptConnections
INFO: MockWebServer[49146] done accepting connections: Socket closed
Jul 09, 2016 4:29:37 AM okhttp3.mockwebserver.MockWebServer$3 execute
INFO: MockWebServer[46595] starting to accept connections
Jul 09, 2016 4:29:37 AM okhttp3.mockwebserver.MockWebServer$3 acceptConnections
INFO: MockWebServer[46595] done accepting connections: Socket closed
Jul 09, 2016 4:29:37 AM okhttp3.mockwebserver.MockWebServer$4 processConnection
WARNING: MockWebServer[46595] connection from /127.0.0.1 didn't make a request
Jul 09, 2016 4:29:37 AM okhttp3.mockwebserver.MockWebServer$3 execute
INFO: MockWebServer[60998] starting to accept connections
Jul 09, 2016 4:29:37 AM okhttp3.mockwebserver.MockWebServer$4 processOneRequest
INFO: MockWebServer[60998] received request: GET / HTTP/1.1 and responded: HTTP/1.1 200 OK
Jul 09, 2016 4:29:37 AM okhttp3.mockwebserver.MockWebServer$3 acceptConnections
INFO: MockWebServer[60998] done accepting connections: Socket closed
Jul 09, 2016 4:29:38 AM okhttp3.mockwebserver.MockWebServer$3 execute
INFO: MockWebServer[50570] starting to accept connections
Jul 09, 2016 4:29:38 AM okhttp3.mockwebserver.MockWebServer$4 processOneRequest
INFO: MockWebServer[50570] received request: GET / HTTP/1.1 and responded: HTTP/1.1 200 OK
Jul 09, 2016 4:29:38 AM okhttp3.mockwebserver.MockWebServer$3 acceptConnections
INFO: MockWebServer[50570] done accepting connections: Socket closed
Jul 09, 2016 4:29:38 AM okhttp3.mockwebserver.MockWebServer$3 execute
INFO: MockWebServer[59863] starting to accept connections
Jul 09, 2016 4:29:38 AM okhttp3.mockwebserver.MockWebServer$4 processOneRequest
INFO: MockWebServer[59863] received request: GET / HTTP/1.1 and responded: HTTP/1.1 404 Client Error
Jul 09, 2016 4:29:38 AM okhttp3.mockwebserver.MockWebServer$3 acceptConnections
INFO: MockWebServer[59863] done accepting connections: Socket closed
Tests run: 12, Failures: 0, Errors: 0, Skipped: 0, Time elapsed: 0.194 sec
Running retrofit2.adapter.rxjava.RxJavaCallAdapterFactoryTest
Tests run: 6, Failures: 0, Errors: 0, Skipped: 0, Time elapsed: 0.026 sec
Running retrofit2.adapter.rxjava.SingleSchedulerTest
Jul 09, 2016 4:29:38 AM okhttp3.mockwebserver.MockWebServer$3 execute
INFO: MockWebServer[34766] starting to accept connections
Jul 09, 2016 4:29:38 AM okhttp3.mockwebserver.MockWebServer$3 acceptConnections
INFO: MockWebServer[34766] done accepting connections: Socket closed
Jul 09, 2016 4:29:38 AM okhttp3.mockwebserver.MockWebServer$4 processOneRequest
INFO: MockWebServer[34766] received request: GET / HTTP/1.1 and responded: HTTP/1.1 200 OK
Jul 09, 2016 4:29:38 AM okhttp3.mockwebserver.MockWebServer$3 execute
INFO: MockWebServer[47144] starting to accept connections
Jul 09, 2016 4:29:38 AM okhttp3.mockwebserver.MockWebServer$4 processOneRequest
INFO: MockWebServer[47144] received request: GET / HTTP/1.1 and responded: HTTP/1.1 200 OK
Jul 09, 2016 4:29:38 AM okhttp3.mockwebserver.MockWebServer$3 acceptConnections
INFO: MockWebServer[47144] done accepting connections: Socket closed
Jul 09, 2016 4:29:38 AM okhttp3.mockwebserver.MockWebServer$3 execute
INFO: MockWebServer[40317] starting to accept connections
Jul 09, 2016 4:29:38 AM okhttp3.mockwebserver.MockWebServer$4 processOneRequest
INFO: MockWebServer[40317] received request: GET / HTTP/1.1 and responded: HTTP/1.1 200 OK
Jul 09, 2016 4:29:38 AM okhttp3.mockwebserver.MockWebServer$3 acceptConnections
INFO: MockWebServer[40317] done accepting connections: Socket closed
Tests run: 3, Failures: 0, Errors: 0, Skipped: 0, Time elapsed: 0.063 sec
Running retrofit2.adapter.rxjava.CompletableTest
Jul 09, 2016 4:29:38 AM okhttp3.mockwebserver.MockWebServer$3 execute
INFO: MockWebServer[46905] starting to accept connections
Jul 09, 2016 4:29:38 AM okhttp3.mockwebserver.MockWebServer$4 processOneRequest
INFO: MockWebServer[46905] received request: GET / HTTP/1.1 and responded: HTTP/1.1 200 OK
Jul 09, 2016 4:29:38 AM okhttp3.mockwebserver.MockWebServer$3 acceptConnections
INFO: MockWebServer[46905] done accepting connections: Socket closed
Jul 09, 2016 4:29:38 AM okhttp3.mockwebserver.MockWebServer$3 execute
INFO: MockWebServer[58284] starting to accept connections
Jul 09, 2016 4:29:38 AM okhttp3.mockwebserver.MockWebServer$3 acceptConnections
INFO: MockWebServer[58284] done accepting connections: Socket closed
Jul 09, 2016 4:29:38 AM okhttp3.mockwebserver.MockWebServer$4 processOneRequest
INFO: MockWebServer[58284] received request: GET / HTTP/1.1 and responded: HTTP/1.1 404 Client Error
Jul 09, 2016 4:29:38 AM okhttp3.mockwebserver.MockWebServer$3 execute
INFO: MockWebServer[36373] starting to accept connections
Jul 09, 2016 4:29:38 AM okhttp3.mockwebserver.MockWebServer$4 processConnection
WARNING: MockWebServer[36373] connection from /127.0.0.1 didn't make a request
Jul 09, 2016 4:29:38 AM okhttp3.mockwebserver.MockWebServer$3 acceptConnections
INFO: MockWebServer[36373] done accepting connections: Socket closed
Tests run: 3, Failures: 0, Errors: 0, Skipped: 0, Time elapsed: 0.052 sec
Running retrofit2.adapter.rxjava.CompletableSchedulerTest
Jul 09, 2016 4:29:38 AM okhttp3.mockwebserver.MockWebServer$3 execute
INFO: MockWebServer[32781] starting to accept connections
Jul 09, 2016 4:29:38 AM okhttp3.mockwebserver.MockWebServer$3 acceptConnections
INFO: MockWebServer[32781] done accepting connections: Socket closed
Jul 09, 2016 4:29:38 AM okhttp3.mockwebserver.MockWebServer$4 processOneRequest
INFO: MockWebServer[32781] received request: GET / HTTP/1.1 and responded: HTTP/1.1 200 OK
Tests run: 1, Failures: 0, Errors: 0, Skipped: 0, Time elapsed: 0.016 sec
Running retrofit2.adapter.rxjava.SingleTest
Jul 09, 2016 4:29:38 AM okhttp3.mockwebserver.MockWebServer$3 execute
INFO: MockWebServer[42599] starting to accept connections
Jul 09, 2016 4:29:38 AM okhttp3.mockwebserver.MockWebServer$3 acceptConnections
INFO: MockWebServer[42599] done accepting connections: Socket closed
Jul 09, 2016 4:29:38 AM okhttp3.mockwebserver.MockWebServer$4 processConnection
WARNING: MockWebServer[42599] connection from /127.0.0.1 didn't make a request
Jul 09, 2016 4:29:38 AM okhttp3.mockwebserver.MockWebServer$3 execute
INFO: MockWebServer[49343] starting to accept connections
Jul 09, 2016 4:29:38 AM okhttp3.mockwebserver.MockWebServer$4 processOneRequest
INFO: MockWebServer[49343] received request: GET / HTTP/1.1 and responded: HTTP/1.1 200 OK
Jul 09, 2016 4:29:38 AM okhttp3.mockwebserver.MockWebServer$3 acceptConnections
INFO: MockWebServer[49343] done accepting connections: Socket closed
Jul 09, 2016 4:29:38 AM okhttp3.mockwebserver.MockWebServer$3 execute
INFO: MockWebServer[34515] starting to accept connections
Jul 09, 2016 4:29:38 AM okhttp3.mockwebserver.MockWebServer$3 acceptConnections
INFO: MockWebServer[34515] done accepting connections: Socket closed
Jul 09, 2016 4:29:38 AM okhttp3.mockwebserver.MockWebServer$4 processOneRequest
INFO: MockWebServer[34515] received request: GET / HTTP/1.1 and responded: HTTP/1.1 404 Client Error
Jul 09, 2016 4:29:38 AM okhttp3.mockwebserver.MockWebServer$3 execute
INFO: MockWebServer[50452] starting to accept connections
Jul 09, 2016 4:29:38 AM okhttp3.mockwebserver.MockWebServer$4 processConnection
WARNING: MockWebServer[50452] connection from /127.0.0.1 didn't make a request
Jul 09, 2016 4:29:38 AM okhttp3.mockwebserver.MockWebServer$3 acceptConnections
INFO: MockWebServer[50452] done accepting connections: Socket closed
Jul 09, 2016 4:29:38 AM okhttp3.mockwebserver.MockWebServer$3 execute
INFO: MockWebServer[46009] starting to accept connections
Jul 09, 2016 4:29:38 AM okhttp3.mockwebserver.MockWebServer$4 processOneRequest
INFO: MockWebServer[46009] received request: GET / HTTP/1.1 and responded: HTTP/1.1 200 OK
Jul 09, 2016 4:29:38 AM okhttp3.mockwebserver.MockWebServer$3 acceptConnections
INFO: MockWebServer[46009] done accepting connections: Socket closed
Jul 09, 2016 4:29:38 AM okhttp3.mockwebserver.MockWebServer$3 execute
INFO: MockWebServer[43011] starting to accept connections
Jul 09, 2016 4:29:38 AM okhttp3.mockwebserver.MockWebServer$3 acceptConnections
INFO: MockWebServer[43011] done accepting connections: Socket closed
Jul 09, 2016 4:29:38 AM okhttp3.mockwebserver.MockWebServer$4 processOneRequest
INFO: MockWebServer[43011] received request: GET / HTTP/1.1 and responded: HTTP/1.1 404 Client Error
Jul 09, 2016 4:29:38 AM okhttp3.mockwebserver.MockWebServer$3 execute
INFO: MockWebServer[57824] starting to accept connections
Jul 09, 2016 4:29:38 AM okhttp3.mockwebserver.MockWebServer$4 processConnection
WARNING: MockWebServer[57824] connection from /127.0.0.1 didn't make a request
Jul 09, 2016 4:29:38 AM okhttp3.mockwebserver.MockWebServer$3 acceptConnections
INFO: MockWebServer[57824] done accepting connections: Socket closed
Jul 09, 2016 4:29:38 AM okhttp3.mockwebserver.MockWebServer$3 execute
INFO: MockWebServer[37405] starting to accept connections
Jul 09, 2016 4:29:38 AM okhttp3.mockwebserver.MockWebServer$4 processOneRequest
INFO: MockWebServer[37405] received request: GET / HTTP/1.1 and responded: HTTP/1.1 200 OK
Jul 09, 2016 4:29:38 AM okhttp3.mockwebserver.MockWebServer$3 acceptConnections
INFO: MockWebServer[37405] done accepting connections: Socket closed
Jul 09, 2016 4:29:38 AM okhttp3.mockwebserver.MockWebServer$3 execute
INFO: MockWebServer[56090] starting to accept connections
Jul 09, 2016 4:29:38 AM okhttp3.mockwebserver.MockWebServer$3 acceptConnections
INFO: MockWebServer[56090] done accepting connections: Socket closed
Jul 09, 2016 4:29:38 AM okhttp3.mockwebserver.MockWebServer$4 processOneRequest
INFO: MockWebServer[56090] received request: GET / HTTP/1.1 and responded: HTTP/1.1 404 Client Error
Tests run: 9, Failures: 0, Errors: 0, Skipped: 0, Time elapsed: 0.093 sec
Running retrofit2.adapter.rxjava.ResultTest
Tests run: 4, Failures: 0, Errors: 0, Skipped: 0, Time elapsed: 0.001 sec

Results :

Tests run: 41, Failures: 0, Errors: 0, Skipped: 0

[INFO] 
[INFO] --- animal-sniffer-maven-plugin:1.14:check (default) @ adapter-rxjava ---
[INFO] Checking unresolved references to org.codehaus.mojo.signature:java16:1.1
[INFO]                                                                         
[INFO] ------------------------------------------------------------------------
[INFO] Building Converters 2.1.1-SNAPSHOT
[INFO] ------------------------------------------------------------------------
[INFO] 
[INFO] --- maven-enforcer-plugin:1.0:enforce (enforce-maven) @ retrofit-converters ---
[INFO] 
[INFO] --- animal-sniffer-maven-plugin:1.14:check (default) @ retrofit-converters ---
[INFO] Checking unresolved references to org.codehaus.mojo.signature:java16:1.1
[INFO]                                                                         
[INFO] ------------------------------------------------------------------------
[INFO] Building Converter: Gson 2.1.1-SNAPSHOT
[INFO] ------------------------------------------------------------------------
[INFO] 
[INFO] --- maven-enforcer-plugin:1.0:enforce (enforce-maven) @ converter-gson ---
[INFO] 
[INFO] --- maven-resources-plugin:2.6:resources (default-resources) @ converter-gson ---
[INFO] Using 'UTF-8' encoding to copy filtered resources.
[INFO] skip non existing resourceDirectory /home/travis/build/square/retrofit/retrofit-converters/gson/src/main/resources
[INFO] 
[INFO] --- maven-compiler-plugin:3.0:compile (default-compile) @ converter-gson ---
[INFO] Changes detected - recompiling the module!
[INFO] Compiling 3 source files to /home/travis/build/square/retrofit/retrofit-converters/gson/target/classes
[INFO] 
[INFO] --- maven-resources-plugin:2.6:testResources (default-testResources) @ converter-gson ---
[INFO] Using 'UTF-8' encoding to copy filtered resources.
[INFO] skip non existing resourceDirectory /home/travis/build/square/retrofit/retrofit-converters/gson/src/test/resources
[INFO] 
[INFO] --- maven-compiler-plugin:3.0:testCompile (default-testCompile) @ converter-gson ---
[INFO] Changes detected - recompiling the module!
[INFO] Compiling 1 source file to /home/travis/build/square/retrofit/retrofit-converters/gson/target/test-classes
[INFO] 
[INFO] --- maven-surefire-plugin:2.12.4:test (default-test) @ converter-gson ---
[INFO] Surefire report directory: /home/travis/build/square/retrofit/retrofit-converters/gson/target/surefire-reports

-------------------------------------------------------
 T E S T S
-------------------------------------------------------
Running retrofit2.converter.gson.GsonConverterFactoryTest
Jul 09, 2016 4:29:39 AM okhttp3.mockwebserver.MockWebServer$3 execute
INFO: MockWebServer[51581] starting to accept connections
Jul 09, 2016 4:29:39 AM okhttp3.mockwebserver.MockWebServer$4 processOneRequest
INFO: MockWebServer[51581] received request: POST / HTTP/1.1 and responded: HTTP/1.1 200 OK
Jul 09, 2016 4:29:39 AM okhttp3.mockwebserver.MockWebServer$3 acceptConnections
INFO: MockWebServer[51581] done accepting connections: Socket closed
Jul 09, 2016 4:29:39 AM okhttp3.mockwebserver.MockWebServer$3 execute
INFO: MockWebServer[60279] starting to accept connections
Jul 09, 2016 4:29:39 AM okhttp3.mockwebserver.MockWebServer$4 processOneRequest
INFO: MockWebServer[60279] received request: POST / HTTP/1.1 and responded: HTTP/1.1 200 OK
Jul 09, 2016 4:29:39 AM okhttp3.mockwebserver.MockWebServer$3 acceptConnections
INFO: MockWebServer[60279] done accepting connections: Socket closed
Jul 09, 2016 4:29:39 AM okhttp3.mockwebserver.MockWebServer$3 execute
INFO: MockWebServer[43251] starting to accept connections
Jul 09, 2016 4:29:39 AM okhttp3.mockwebserver.MockWebServer$4 processOneRequest
INFO: MockWebServer[43251] received request: POST / HTTP/1.1 and responded: HTTP/1.1 200 OK
Jul 09, 2016 4:29:39 AM okhttp3.mockwebserver.MockWebServer$3 acceptConnections
INFO: MockWebServer[43251] done accepting connections: Socket closed
Jul 09, 2016 4:29:39 AM okhttp3.mockwebserver.MockWebServer$3 execute
INFO: MockWebServer[35335] starting to accept connections
Jul 09, 2016 4:29:39 AM okhttp3.mockwebserver.MockWebServer$4 processOneRequest
INFO: MockWebServer[35335] received request: POST / HTTP/1.1 and responded: HTTP/1.1 200 OK
Jul 09, 2016 4:29:39 AM okhttp3.mockwebserver.MockWebServer$3 acceptConnections
INFO: MockWebServer[35335] done accepting connections: Socket closed
Tests run: 4, Failures: 0, Errors: 0, Skipped: 0, Time elapsed: 0.609 sec

Results :

Tests run: 4, Failures: 0, Errors: 0, Skipped: 0

[INFO] 
[INFO] --- animal-sniffer-maven-plugin:1.14:check (default) @ converter-gson ---
[INFO] Checking unresolved references to org.codehaus.mojo.signature:java16:1.1
[INFO]                                                                         
[INFO] ------------------------------------------------------------------------
[INFO] Building Converter: Protocol Buffers 2.1.1-SNAPSHOT
[INFO] ------------------------------------------------------------------------
[INFO] 
[INFO] --- maven-enforcer-plugin:1.0:enforce (enforce-maven) @ converter-protobuf ---
[INFO] 
[INFO] --- maven-resources-plugin:2.6:resources (default-resources) @ converter-protobuf ---
[INFO] Using 'UTF-8' encoding to copy filtered resources.
[INFO] skip non existing resourceDirectory /home/travis/build/square/retrofit/retrofit-converters/protobuf/src/main/resources
[INFO] 
[INFO] --- maven-compiler-plugin:3.0:compile (default-compile) @ converter-protobuf ---
[INFO] Changes detected - recompiling the module!
[INFO] Compiling 3 source files to /home/travis/build/square/retrofit/retrofit-converters/protobuf/target/classes
[WARNING] /home/travis/build/square/retrofit/retrofit-converters/protobuf/src/main/java/retrofit2/converter/protobuf/ProtoConverterFactory.java: /home/travis/build/square/retrofit/retrofit-converters/protobuf/src/main/java/retrofit2/converter/protobuf/ProtoConverterFactory.java uses unchecked or unsafe operations.
[WARNING] /home/travis/build/square/retrofit/retrofit-converters/protobuf/src/main/java/retrofit2/converter/protobuf/ProtoConverterFactory.java: Recompile with -Xlint:unchecked for details.
[INFO] 
[INFO] --- maven-resources-plugin:2.6:testResources (default-testResources) @ converter-protobuf ---
[INFO] Using 'UTF-8' encoding to copy filtered resources.
[INFO] skip non existing resourceDirectory /home/travis/build/square/retrofit/retrofit-converters/protobuf/src/test/resources
[INFO] 
[INFO] --- maven-compiler-plugin:3.0:testCompile (default-testCompile) @ converter-protobuf ---
[INFO] Changes detected - recompiling the module!
[INFO] Compiling 2 source files to /home/travis/build/square/retrofit/retrofit-converters/protobuf/target/test-classes
[INFO] 
[INFO] --- maven-surefire-plugin:2.12.4:test (default-test) @ converter-protobuf ---
[INFO] Surefire report directory: /home/travis/build/square/retrofit/retrofit-converters/protobuf/target/surefire-reports

-------------------------------------------------------
 T E S T S
-------------------------------------------------------
Running retrofit2.converter.protobuf.ProtoConverterFactoryTest
Jul 09, 2016 4:29:40 AM okhttp3.mockwebserver.MockWebServer$3 execute
INFO: MockWebServer[54162] starting to accept connections
Jul 09, 2016 4:29:41 AM okhttp3.mockwebserver.MockWebServer$4 processOneRequest
INFO: MockWebServer[54162] received request: POST / HTTP/1.1 and responded: HTTP/1.1 200 OK
Jul 09, 2016 4:29:41 AM okhttp3.mockwebserver.MockWebServer$3 acceptConnections
INFO: MockWebServer[54162] done accepting connections: Socket closed
Jul 09, 2016 4:29:41 AM okhttp3.mockwebserver.MockWebServer$3 execute
INFO: MockWebServer[38453] starting to accept connections
Jul 09, 2016 4:29:41 AM okhttp3.mockwebserver.MockWebServer$3 acceptConnections
INFO: MockWebServer[38453] done accepting connections: Socket is closed
Jul 09, 2016 4:29:41 AM okhttp3.mockwebserver.MockWebServer$3 execute
INFO: MockWebServer[39740] starting to accept connections
Jul 09, 2016 4:29:41 AM okhttp3.mockwebserver.MockWebServer$3 acceptConnections
INFO: MockWebServer[39740] done accepting connections: Socket closed
Jul 09, 2016 4:29:41 AM okhttp3.mockwebserver.MockWebServer$4 processOneRequest
INFO: MockWebServer[39740] received request: GET / HTTP/1.1 and responded: HTTP/1.1 200 OK
Jul 09, 2016 4:29:41 AM okhttp3.mockwebserver.MockWebServer$3 execute
INFO: MockWebServer[38775] starting to accept connections
Jul 09, 2016 4:29:41 AM okhttp3.mockwebserver.MockWebServer$4 processOneRequest
INFO: MockWebServer[38775] received request: GET / HTTP/1.1 and responded: HTTP/1.1 200 OK
Jul 09, 2016 4:29:41 AM okhttp3.mockwebserver.MockWebServer$3 acceptConnections
INFO: MockWebServer[38775] done accepting connections: Socket closed
Jul 09, 2016 4:29:41 AM okhttp3.mockwebserver.MockWebServer$3 execute
INFO: MockWebServer[34041] starting to accept connections
Jul 09, 2016 4:29:41 AM okhttp3.mockwebserver.MockWebServer$3 acceptConnections
INFO: MockWebServer[34041] done accepting connections: Socket is closed
Jul 09, 2016 4:29:41 AM okhttp3.mockwebserver.MockWebServer$3 execute
INFO: MockWebServer[44825] starting to accept connections
Jul 09, 2016 4:29:41 AM okhttp3.mockwebserver.MockWebServer$4 processOneRequest
INFO: MockWebServer[44825] received request: GET / HTTP/1.1 and responded: HTTP/1.1 200 OK
Jul 09, 2016 4:29:41 AM okhttp3.mockwebserver.MockWebServer$3 acceptConnections
INFO: MockWebServer[44825] done accepting connections: Socket closed
Tests run: 6, Failures: 0, Errors: 0, Skipped: 0, Time elapsed: 0.67 sec

Results :

Tests run: 6, Failures: 0, Errors: 0, Skipped: 0

[INFO] 
[INFO] --- animal-sniffer-maven-plugin:1.14:check (default) @ converter-protobuf ---
[INFO] Checking unresolved references to org.codehaus.mojo.signature:java16:1.1
[INFO]                                                                         
[INFO] ------------------------------------------------------------------------
[INFO] Building Converter: Jackson 2.1.1-SNAPSHOT
[INFO] ------------------------------------------------------------------------
[INFO] 
[INFO] --- maven-enforcer-plugin:1.0:enforce (enforce-maven) @ converter-jackson ---
[INFO] 
[INFO] --- maven-resources-plugin:2.6:resources (default-resources) @ converter-jackson ---
[INFO] Using 'UTF-8' encoding to copy filtered resources.
[INFO] skip non existing resourceDirectory /home/travis/build/square/retrofit/retrofit-converters/jackson/src/main/resources
[INFO] 
[INFO] --- maven-compiler-plugin:3.0:compile (default-compile) @ converter-jackson ---
[INFO] Changes detected - recompiling the module!
[INFO] Compiling 3 source files to /home/travis/build/square/retrofit/retrofit-converters/jackson/target/classes
[WARNING] /home/travis/build/square/retrofit/retrofit-converters/jackson/src/main/java/retrofit2/converter/jackson/JacksonConverterFactory.java: /home/travis/build/square/retrofit/retrofit-converters/jackson/src/main/java/retrofit2/converter/jackson/JacksonConverterFactory.java uses or overrides a deprecated API.
[WARNING] /home/travis/build/square/retrofit/retrofit-converters/jackson/src/main/java/retrofit2/converter/jackson/JacksonConverterFactory.java: Recompile with -Xlint:deprecation for details.
[INFO] 
[INFO] --- maven-resources-plugin:2.6:testResources (default-testResources) @ converter-jackson ---
[INFO] Using 'UTF-8' encoding to copy filtered resources.
[INFO] skip non existing resourceDirectory /home/travis/build/square/retrofit/retrofit-converters/jackson/src/test/resources
[INFO] 
[INFO] --- maven-compiler-plugin:3.0:testCompile (default-testCompile) @ converter-jackson ---
[INFO] Changes detected - recompiling the module!
[INFO] Compiling 1 source file to /home/travis/build/square/retrofit/retrofit-converters/jackson/target/test-classes
[WARNING] /home/travis/build/square/retrofit/retrofit-converters/jackson/src/test/java/retrofit2/converter/jackson/JacksonConverterFactoryTest.java: /home/travis/build/square/retrofit/retrofit-converters/jackson/src/test/java/retrofit2/converter/jackson/JacksonConverterFactoryTest.java uses or overrides a deprecated API.
[WARNING] /home/travis/build/square/retrofit/retrofit-converters/jackson/src/test/java/retrofit2/converter/jackson/JacksonConverterFactoryTest.java: Recompile with -Xlint:deprecation for details.
[INFO] 
[INFO] --- maven-surefire-plugin:2.12.4:test (default-test) @ converter-jackson ---
[INFO] Surefire report directory: /home/travis/build/square/retrofit/retrofit-converters/jackson/target/surefire-reports

-------------------------------------------------------
 T E S T S
-------------------------------------------------------
Running retrofit2.converter.jackson.JacksonConverterFactoryTest
Jul 09, 2016 4:29:42 AM okhttp3.mockwebserver.MockWebServer$3 execute
INFO: MockWebServer[47680] starting to accept connections
Jul 09, 2016 4:29:42 AM okhttp3.mockwebserver.MockWebServer$4 processOneRequest
INFO: MockWebServer[47680] received request: POST / HTTP/1.1 and responded: HTTP/1.1 200 OK
Jul 09, 2016 4:29:42 AM okhttp3.mockwebserver.MockWebServer$3 acceptConnections
INFO: MockWebServer[47680] done accepting connections: Socket closed
Jul 09, 2016 4:29:42 AM okhttp3.mockwebserver.MockWebServer$3 execute
INFO: MockWebServer[43264] starting to accept connections
Jul 09, 2016 4:29:42 AM okhttp3.mockwebserver.MockWebServer$4 processOneRequest
INFO: MockWebServer[43264] received request: POST / HTTP/1.1 and responded: HTTP/1.1 200 OK
Jul 09, 2016 4:29:42 AM okhttp3.mockwebserver.MockWebServer$3 acceptConnections
INFO: MockWebServer[43264] done accepting connections: Socket closed
Tests run: 2, Failures: 0, Errors: 0, Skipped: 0, Time elapsed: 0.771 sec

Results :

Tests run: 2, Failures: 0, Errors: 0, Skipped: 0

[INFO] 
[INFO] --- animal-sniffer-maven-plugin:1.14:check (default) @ converter-jackson ---
[INFO] Checking unresolved references to org.codehaus.mojo.signature:java16:1.1
[INFO]                                                                         
[INFO] ------------------------------------------------------------------------
[INFO] Building Converter: Wire Protocol Buffers 2.1.1-SNAPSHOT
[INFO] ------------------------------------------------------------------------
[INFO] 
[INFO] --- maven-enforcer-plugin:1.0:enforce (enforce-maven) @ converter-wire ---
[INFO] 
[INFO] --- maven-resources-plugin:2.6:resources (default-resources) @ converter-wire ---
[INFO] Using 'UTF-8' encoding to copy filtered resources.
[INFO] skip non existing resourceDirectory /home/travis/build/square/retrofit/retrofit-converters/wire/src/main/resources
[INFO] 
[INFO] --- maven-compiler-plugin:3.0:compile (default-compile) @ converter-wire ---
[INFO] Changes detected - recompiling the module!
[INFO] Compiling 3 source files to /home/travis/build/square/retrofit/retrofit-converters/wire/target/classes
[WARNING] /home/travis/build/square/retrofit/retrofit-converters/wire/src/main/java/retrofit2/converter/wire/WireConverterFactory.java: /home/travis/build/square/retrofit/retrofit-converters/wire/src/main/java/retrofit2/converter/wire/WireConverterFactory.java uses unchecked or unsafe operations.
[WARNING] /home/travis/build/square/retrofit/retrofit-converters/wire/src/main/java/retrofit2/converter/wire/WireConverterFactory.java: Recompile with -Xlint:unchecked for details.
[INFO] 
[INFO] --- maven-resources-plugin:2.6:testResources (default-testResources) @ converter-wire ---
[INFO] Using 'UTF-8' encoding to copy filtered resources.
[INFO] skip non existing resourceDirectory /home/travis/build/square/retrofit/retrofit-converters/wire/src/test/resources
[INFO] 
[INFO] --- maven-compiler-plugin:3.0:testCompile (default-testCompile) @ converter-wire ---
[INFO] Changes detected - recompiling the module!
[INFO] Compiling 2 source files to /home/travis/build/square/retrofit/retrofit-converters/wire/target/test-classes
[INFO] 
[INFO] --- maven-surefire-plugin:2.12.4:test (default-test) @ converter-wire ---
[INFO] Surefire report directory: /home/travis/build/square/retrofit/retrofit-converters/wire/target/surefire-reports

-------------------------------------------------------
 T E S T S
-------------------------------------------------------
Running retrofit2.converter.wire.WireConverterFactoryTest
Jul 09, 2016 4:29:44 AM okhttp3.mockwebserver.MockWebServer$3 execute
INFO: MockWebServer[53559] starting to accept connections
Jul 09, 2016 4:29:44 AM okhttp3.mockwebserver.MockWebServer$4 processOneRequest
INFO: MockWebServer[53559] received request: POST / HTTP/1.1 and responded: HTTP/1.1 200 OK
Jul 09, 2016 4:29:44 AM okhttp3.mockwebserver.MockWebServer$3 acceptConnections
INFO: MockWebServer[53559] done accepting connections: Socket closed
Jul 09, 2016 4:29:44 AM okhttp3.mockwebserver.MockWebServer$3 execute
INFO: MockWebServer[33628] starting to accept connections
Jul 09, 2016 4:29:44 AM okhttp3.mockwebserver.MockWebServer$3 acceptConnections
INFO: MockWebServer[33628] done accepting connections: Socket is closed
Jul 09, 2016 4:29:44 AM okhttp3.mockwebserver.MockWebServer$3 execute
INFO: MockWebServer[53995] starting to accept connections
Jul 09, 2016 4:29:44 AM okhttp3.mockwebserver.MockWebServer$4 processOneRequest
INFO: MockWebServer[53995] received request: GET / HTTP/1.1 and responded: HTTP/1.1 200 OK
Jul 09, 2016 4:29:44 AM okhttp3.mockwebserver.MockWebServer$3 acceptConnections
INFO: MockWebServer[53995] done accepting connections: Socket closed
Jul 09, 2016 4:29:44 AM okhttp3.mockwebserver.MockWebServer$3 execute
INFO: MockWebServer[49676] starting to accept connections
Jul 09, 2016 4:29:44 AM okhttp3.mockwebserver.MockWebServer$3 acceptConnections
INFO: MockWebServer[49676] done accepting connections: Socket is closed
Jul 09, 2016 4:29:44 AM okhttp3.mockwebserver.MockWebServer$3 execute
INFO: MockWebServer[49097] starting to accept connections
Jul 09, 2016 4:29:44 AM okhttp3.mockwebserver.MockWebServer$3 acceptConnections
INFO: MockWebServer[49097] done accepting connections: Socket closed
Jul 09, 2016 4:29:44 AM okhttp3.mockwebserver.MockWebServer$4 processOneRequest
INFO: MockWebServer[49097] received request: GET / HTTP/1.1 and responded: HTTP/1.1 200 OK
Tests run: 5, Failures: 0, Errors: 0, Skipped: 0, Time elapsed: 1.053 sec

Results :

Tests run: 5, Failures: 0, Errors: 0, Skipped: 0

[INFO] 
[INFO] --- animal-sniffer-maven-plugin:1.14:check (default) @ converter-wire ---
[INFO] Checking unresolved references to org.codehaus.mojo.signature:java16:1.1
[INFO]                                                                         
[INFO] ------------------------------------------------------------------------
[INFO] Building Converter: SimpleXML 2.1.1-SNAPSHOT
[INFO] ------------------------------------------------------------------------
[INFO] 
[INFO] --- maven-enforcer-plugin:1.0:enforce (enforce-maven) @ converter-simplexml ---
[INFO] 
[INFO] --- maven-resources-plugin:2.6:resources (default-resources) @ converter-simplexml ---
[INFO] Using 'UTF-8' encoding to copy filtered resources.
[INFO] skip non existing resourceDirectory /home/travis/build/square/retrofit/retrofit-converters/simplexml/src/main/resources
[INFO] 
[INFO] --- maven-compiler-plugin:3.0:compile (default-compile) @ converter-simplexml ---
[INFO] Changes detected - recompiling the module!
[INFO] Compiling 3 source files to /home/travis/build/square/retrofit/retrofit-converters/simplexml/target/classes
[INFO] 
[INFO] --- maven-resources-plugin:2.6:testResources (default-testResources) @ converter-simplexml ---
[INFO] Using 'UTF-8' encoding to copy filtered resources.
[INFO] skip non existing resourceDirectory /home/travis/build/square/retrofit/retrofit-converters/simplexml/src/test/resources
[INFO] 
[INFO] --- maven-compiler-plugin:3.0:testCompile (default-testCompile) @ converter-simplexml ---
[INFO] Changes detected - recompiling the module!
[INFO] Compiling 2 source files to /home/travis/build/square/retrofit/retrofit-converters/simplexml/target/test-classes
[INFO] 
[INFO] --- maven-surefire-plugin:2.12.4:test (default-test) @ converter-simplexml ---
[INFO] Surefire report directory: /home/travis/build/square/retrofit/retrofit-converters/simplexml/target/surefire-reports

-------------------------------------------------------
 T E S T S
-------------------------------------------------------
Running retrofit2.converter.simplexml.SimpleXmlConverterFactoryTest
Jul 09, 2016 4:29:46 AM okhttp3.mockwebserver.MockWebServer$3 execute
INFO: MockWebServer[53822] starting to accept connections
Jul 09, 2016 4:29:46 AM okhttp3.mockwebserver.MockWebServer$4 processOneRequest
INFO: MockWebServer[53822] received request: GET / HTTP/1.1 and responded: HTTP/1.1 200 OK
Jul 09, 2016 4:29:46 AM okhttp3.mockwebserver.MockWebServer$3 acceptConnections
INFO: MockWebServer[53822] done accepting connections: Socket closed
Jul 09, 2016 4:29:46 AM okhttp3.mockwebserver.MockWebServer$3 execute
INFO: MockWebServer[40130] starting to accept connections
Jul 09, 2016 4:29:46 AM okhttp3.mockwebserver.MockWebServer$4 processOneRequest
INFO: MockWebServer[40130] received request: GET / HTTP/1.1 and responded: HTTP/1.1 200 OK
Jul 09, 2016 4:29:46 AM okhttp3.mockwebserver.MockWebServer$3 acceptConnections
INFO: MockWebServer[40130] done accepting connections: Socket closed
Jul 09, 2016 4:29:46 AM okhttp3.mockwebserver.MockWebServer$3 execute
INFO: MockWebServer[39525] starting to accept connections
Jul 09, 2016 4:29:46 AM okhttp3.mockwebserver.MockWebServer$4 processOneRequest
INFO: MockWebServer[39525] received request: GET / HTTP/1.1 and responded: HTTP/1.1 200 OK
Jul 09, 2016 4:29:46 AM okhttp3.mockwebserver.MockWebServer$3 acceptConnections
INFO: MockWebServer[39525] done accepting connections: Socket closed
Jul 09, 2016 4:29:46 AM okhttp3.mockwebserver.MockWebServer$3 execute
INFO: MockWebServer[38777] starting to accept connections
Jul 09, 2016 4:29:46 AM okhttp3.mockwebserver.MockWebServer$4 processOneRequest
INFO: MockWebServer[38777] received request: POST / HTTP/1.1 and responded: HTTP/1.1 200 OK
Jul 09, 2016 4:29:46 AM okhttp3.mockwebserver.MockWebServer$3 acceptConnections
INFO: MockWebServer[38777] done accepting connections: Socket closed
Tests run: 4, Failures: 0, Errors: 0, Skipped: 0, Time elapsed: 1.098 sec

Results :

Tests run: 4, Failures: 0, Errors: 0, Skipped: 0

[INFO] 
[INFO] --- animal-sniffer-maven-plugin:1.14:check (default) @ converter-simplexml ---
[INFO] Checking unresolved references to org.codehaus.mojo.signature:java16:1.1
[INFO]                                                                         
[INFO] ------------------------------------------------------------------------
[INFO] Building Converter: Java Scalars 2.1.1-SNAPSHOT
[INFO] ------------------------------------------------------------------------
[INFO] 
[INFO] --- maven-enforcer-plugin:1.0:enforce (enforce-maven) @ converter-scalars ---
[INFO] 
[INFO] --- maven-resources-plugin:2.6:resources (default-resources) @ converter-scalars ---
[INFO] Using 'UTF-8' encoding to copy filtered resources.
[INFO] skip non existing resourceDirectory /home/travis/build/square/retrofit/retrofit-converters/scalars/src/main/resources
[INFO] 
[INFO] --- maven-compiler-plugin:3.0:compile (default-compile) @ converter-scalars ---
[INFO] Changes detected - recompiling the module!
[INFO] Compiling 3 source files to /home/travis/build/square/retrofit/retrofit-converters/scalars/target/classes
[INFO] 
[INFO] --- maven-resources-plugin:2.6:testResources (default-testResources) @ converter-scalars ---
[INFO] Using 'UTF-8' encoding to copy filtered resources.
[INFO] skip non existing resourceDirectory /home/travis/build/square/retrofit/retrofit-converters/scalars/src/test/resources
[INFO] 
[INFO] --- maven-compiler-plugin:3.0:testCompile (default-testCompile) @ converter-scalars ---
[INFO] Changes detected - recompiling the module!
[INFO] Compiling 2 source files to /home/travis/build/square/retrofit/retrofit-converters/scalars/target/test-classes
[INFO] 
[INFO] --- maven-surefire-plugin:2.12.4:test (default-test) @ converter-scalars ---
[INFO] Surefire report directory: /home/travis/build/square/retrofit/retrofit-converters/scalars/target/surefire-reports

-------------------------------------------------------
 T E S T S
-------------------------------------------------------
Running retrofit2.converter.scalars.ScalarsConverterFactoryTest
Jul 09, 2016 4:29:48 AM okhttp3.mockwebserver.MockWebServer$3 execute
INFO: MockWebServer[33599] starting to accept connections
Jul 09, 2016 4:29:48 AM okhttp3.mockwebserver.MockWebServer$3 acceptConnections
INFO: MockWebServer[33599] done accepting connections: Socket closed
Jul 09, 2016 4:29:48 AM okhttp3.mockwebserver.MockWebServer$3 execute
INFO: MockWebServer[44761] starting to accept connections
Jul 09, 2016 4:29:48 AM okhttp3.mockwebserver.MockWebServer$4 processOneRequest
INFO: MockWebServer[44761] received request: GET / HTTP/1.1 and responded: HTTP/1.1 200 OK
Jul 09, 2016 4:29:49 AM okhttp3.mockwebserver.MockWebServer$4 processOneRequest
INFO: MockWebServer[44761] received request: GET / HTTP/1.1 and responded: HTTP/1.1 200 OK
Jul 09, 2016 4:29:49 AM okhttp3.mockwebserver.MockWebServer$4 processOneRequest
INFO: MockWebServer[44761] received request: GET / HTTP/1.1 and responded: HTTP/1.1 200 OK
Jul 09, 2016 4:29:49 AM okhttp3.mockwebserver.MockWebServer$4 processOneRequest
INFO: MockWebServer[44761] received request: GET / HTTP/1.1 and responded: HTTP/1.1 200 OK
Jul 09, 2016 4:29:49 AM okhttp3.mockwebserver.MockWebServer$4 processOneRequest
INFO: MockWebServer[44761] received request: GET / HTTP/1.1 and responded: HTTP/1.1 200 OK
Jul 09, 2016 4:29:49 AM okhttp3.mockwebserver.MockWebServer$4 processOneRequest
INFO: MockWebServer[44761] received request: GET / HTTP/1.1 and responded: HTTP/1.1 200 OK
Jul 09, 2016 4:29:49 AM okhttp3.mockwebserver.MockWebServer$4 processOneRequest
INFO: MockWebServer[44761] received request: GET / HTTP/1.1 and responded: HTTP/1.1 200 OK
Jul 09, 2016 4:29:49 AM okhttp3.mockwebserver.MockWebServer$4 processOneRequest
INFO: MockWebServer[44761] received request: GET / HTTP/1.1 and responded: HTTP/1.1 200 OK
Jul 09, 2016 4:29:49 AM okhttp3.mockwebserver.MockWebServer$4 processOneRequest
INFO: MockWebServer[44761] received request: GET / HTTP/1.1 and responded: HTTP/1.1 200 OK
Jul 09, 2016 4:29:49 AM okhttp3.mockwebserver.MockWebServer$4 processOneRequest
INFO: MockWebServer[44761] received request: GET / HTTP/1.1 and responded: HTTP/1.1 200 OK
Jul 09, 2016 4:29:49 AM okhttp3.mockwebserver.MockWebServer$4 processOneRequest
INFO: MockWebServer[44761] received request: GET / HTTP/1.1 and responded: HTTP/1.1 200 OK
Jul 09, 2016 4:29:49 AM okhttp3.mockwebserver.MockWebServer$3 acceptConnections
INFO: MockWebServer[44761] done accepting connections: Socket closed
Jul 09, 2016 4:29:49 AM okhttp3.mockwebserver.MockWebServer$3 execute
INFO: MockWebServer[53459] starting to accept connections
Jul 09, 2016 4:29:49 AM okhttp3.mockwebserver.MockWebServer$4 processOneRequest
INFO: MockWebServer[53459] received request: POST / HTTP/1.1 and responded: HTTP/1.1 200 OK
Jul 09, 2016 4:29:49 AM okhttp3.mockwebserver.MockWebServer$4 processOneRequest
INFO: MockWebServer[53459] received request: POST / HTTP/1.1 and responded: HTTP/1.1 200 OK
Jul 09, 2016 4:29:49 AM okhttp3.mockwebserver.MockWebServer$4 processOneRequest
INFO: MockWebServer[53459] received request: POST / HTTP/1.1 and responded: HTTP/1.1 200 OK
Jul 09, 2016 4:29:49 AM okhttp3.mockwebserver.MockWebServer$4 processOneRequest
INFO: MockWebServer[53459] received request: POST / HTTP/1.1 and responded: HTTP/1.1 200 OK
Jul 09, 2016 4:29:49 AM okhttp3.mockwebserver.MockWebServer$4 processOneRequest
INFO: MockWebServer[53459] received request: POST / HTTP/1.1 and responded: HTTP/1.1 200 OK
Jul 09, 2016 4:29:49 AM okhttp3.mockwebserver.MockWebServer$4 processOneRequest
INFO: MockWebServer[53459] received request: POST / HTTP/1.1 and responded: HTTP/1.1 200 OK
Jul 09, 2016 4:29:49 AM okhttp3.mockwebserver.MockWebServer$4 processOneRequest
INFO: MockWebServer[53459] received request: POST / HTTP/1.1 and responded: HTTP/1.1 200 OK
Jul 09, 2016 4:29:49 AM okhttp3.mockwebserver.MockWebServer$4 processOneRequest
INFO: MockWebServer[53459] received request: POST / HTTP/1.1 and responded: HTTP/1.1 200 OK
Jul 09, 2016 4:29:49 AM okhttp3.mockwebserver.MockWebServer$4 processOneRequest
INFO: MockWebServer[53459] received request: POST / HTTP/1.1 and responded: HTTP/1.1 200 OK
Jul 09, 2016 4:29:49 AM okhttp3.mockwebserver.MockWebServer$4 processOneRequest
INFO: MockWebServer[53459] received request: POST / HTTP/1.1 and responded: HTTP/1.1 200 OK
Jul 09, 2016 4:29:49 AM okhttp3.mockwebserver.MockWebServer$4 processOneRequest
INFO: MockWebServer[53459] received request: POST / HTTP/1.1 and responded: HTTP/1.1 200 OK
Jul 09, 2016 4:29:49 AM okhttp3.mockwebserver.MockWebServer$4 processOneRequest
INFO: MockWebServer[53459] received request: POST / HTTP/1.1 and responded: HTTP/1.1 200 OK
Jul 09, 2016 4:29:49 AM okhttp3.mockwebserver.MockWebServer$4 processOneRequest
INFO: MockWebServer[53459] received request: POST / HTTP/1.1 and responded: HTTP/1.1 200 OK
Jul 09, 2016 4:29:49 AM okhttp3.mockwebserver.MockWebServer$4 processOneRequest
INFO: MockWebServer[53459] received request: POST / HTTP/1.1 and responded: HTTP/1.1 200 OK
Jul 09, 2016 4:29:49 AM okhttp3.mockwebserver.MockWebServer$4 processOneRequest
INFO: MockWebServer[53459] received request: POST / HTTP/1.1 and responded: HTTP/1.1 200 OK
Jul 09, 2016 4:29:49 AM okhttp3.mockwebserver.MockWebServer$4 processOneRequest
INFO: MockWebServer[53459] received request: POST / HTTP/1.1 and responded: HTTP/1.1 200 OK
Jul 09, 2016 4:29:49 AM okhttp3.mockwebserver.MockWebServer$4 processOneRequest
INFO: MockWebServer[53459] received request: POST / HTTP/1.1 and responded: HTTP/1.1 200 OK
Jul 09, 2016 4:29:49 AM okhttp3.mockwebserver.MockWebServer$3 acceptConnections
INFO: MockWebServer[53459] done accepting connections: Socket closed
Jul 09, 2016 4:29:49 AM okhttp3.mockwebserver.MockWebServer$3 execute
INFO: MockWebServer[47434] starting to accept connections
Jul 09, 2016 4:29:49 AM okhttp3.mockwebserver.MockWebServer$3 acceptConnections
INFO: MockWebServer[47434] done accepting connections: Socket is closed
Tests run: 4, Failures: 0, Errors: 0, Skipped: 0, Time elapsed: 1.439 sec
Running retrofit2.converter.scalars.ScalarsConverterPrimitivesFactoryTest
Jul 09, 2016 4:29:49 AM okhttp3.mockwebserver.MockWebServer$3 execute
INFO: MockWebServer[40066] starting to accept connections
Jul 09, 2016 4:29:49 AM okhttp3.mockwebserver.MockWebServer$4 processOneRequest
INFO: MockWebServer[40066] received request: GET / HTTP/1.1 and responded: HTTP/1.1 200 OK
Jul 09, 2016 4:29:49 AM okhttp3.mockwebserver.MockWebServer$4 processOneRequest
INFO: MockWebServer[40066] received request: GET / HTTP/1.1 and responded: HTTP/1.1 200 OK
Jul 09, 2016 4:29:49 AM okhttp3.mockwebserver.MockWebServer$4 processOneRequest
INFO: MockWebServer[40066] received request: GET / HTTP/1.1 and responded: HTTP/1.1 200 OK
Jul 09, 2016 4:29:49 AM okhttp3.mockwebserver.MockWebServer$4 processOneRequest
INFO: MockWebServer[40066] received request: GET / HTTP/1.1 and responded: HTTP/1.1 200 OK
Jul 09, 2016 4:29:49 AM okhttp3.mockwebserver.MockWebServer$4 processOneRequest
INFO: MockWebServer[40066] received request: GET / HTTP/1.1 and responded: HTTP/1.1 200 OK
Jul 09, 2016 4:29:49 AM okhttp3.mockwebserver.MockWebServer$4 processOneRequest
INFO: MockWebServer[40066] received request: GET / HTTP/1.1 and responded: HTTP/1.1 200 OK
Jul 09, 2016 4:29:49 AM okhttp3.mockwebserver.MockWebServer$4 processOneRequest
INFO: MockWebServer[40066] received request: GET / HTTP/1.1 and responded: HTTP/1.1 200 OK
Jul 09, 2016 4:29:49 AM okhttp3.mockwebserver.MockWebServer$4 processOneRequest
INFO: MockWebServer[40066] received request: GET / HTTP/1.1 and responded: HTTP/1.1 200 OK
Jul 09, 2016 4:29:49 AM okhttp3.mockwebserver.MockWebServer$4 processOneRequest
INFO: MockWebServer[40066] received request: GET / HTTP/1.1 and responded: HTTP/1.1 200 OK
Jul 09, 2016 4:29:49 AM okhttp3.mockwebserver.MockWebServer$4 processOneRequest
INFO: MockWebServer[40066] received request: GET / HTTP/1.1 and responded: HTTP/1.1 200 OK
Jul 09, 2016 4:29:49 AM okhttp3.mockwebserver.MockWebServer$3 acceptConnections
INFO: MockWebServer[40066] done accepting connections: Socket closed
Tests run: 1, Failures: 0, Errors: 0, Skipped: 0, Time elapsed: 0.36 sec

Results :

Tests run: 5, Failures: 0, Errors: 0, Skipped: 0

[INFO] 
[INFO] --- animal-sniffer-maven-plugin:1.14:check (default) @ converter-scalars ---
[INFO] Checking unresolved references to org.codehaus.mojo.signature:java16:1.1
[INFO]                                                                         
[INFO] ------------------------------------------------------------------------
[INFO] Building Converter: Moshi 2.1.1-SNAPSHOT
[INFO] ------------------------------------------------------------------------
[INFO] 
[INFO] --- maven-enforcer-plugin:1.0:enforce (enforce-maven) @ converter-moshi ---
[INFO] 
[INFO] --- maven-resources-plugin:2.6:resources (default-resources) @ converter-moshi ---
[INFO] Using 'UTF-8' encoding to copy filtered resources.
[INFO] skip non existing resourceDirectory /home/travis/build/square/retrofit/retrofit-converters/moshi/src/main/resources
[INFO] 
[INFO] --- maven-compiler-plugin:3.0:compile (default-compile) @ converter-moshi ---
[INFO] Changes detected - recompiling the module!
[INFO] Compiling 3 source files to /home/travis/build/square/retrofit/retrofit-converters/moshi/target/classes
[INFO] 
[INFO] --- maven-resources-plugin:2.6:testResources (default-testResources) @ converter-moshi ---
[INFO] Using 'UTF-8' encoding to copy filtered resources.
[INFO] skip non existing resourceDirectory /home/travis/build/square/retrofit/retrofit-converters/moshi/src/test/resources
[INFO] 
[INFO] --- maven-compiler-plugin:3.0:testCompile (default-testCompile) @ converter-moshi ---
[INFO] Changes detected - recompiling the module!
[INFO] Compiling 1 source file to /home/travis/build/square/retrofit/retrofit-converters/moshi/target/test-classes
[INFO] 
[INFO] --- maven-surefire-plugin:2.12.4:test (default-test) @ converter-moshi ---
[INFO] Surefire report directory: /home/travis/build/square/retrofit/retrofit-converters/moshi/target/surefire-reports

-------------------------------------------------------
 T E S T S
-------------------------------------------------------
Running retrofit2.converter.moshi.MoshiConverterFactoryTest
Jul 09, 2016 4:29:51 AM okhttp3.mockwebserver.MockWebServer$3 execute
INFO: MockWebServer[40922] starting to accept connections
Jul 09, 2016 4:29:51 AM okhttp3.mockwebserver.MockWebServer$4 processOneRequest
INFO: MockWebServer[40922] received request: POST / HTTP/1.1 and responded: HTTP/1.1 200 OK
Jul 09, 2016 4:29:51 AM okhttp3.mockwebserver.MockWebServer$3 acceptConnections
INFO: MockWebServer[40922] done accepting connections: Socket closed
Jul 09, 2016 4:29:51 AM okhttp3.mockwebserver.MockWebServer$3 execute
INFO: MockWebServer[41620] starting to accept connections
Jul 09, 2016 4:29:51 AM okhttp3.mockwebserver.MockWebServer$3 acceptConnections
INFO: MockWebServer[41620] done accepting connections: Socket closed
Jul 09, 2016 4:29:51 AM okhttp3.mockwebserver.MockWebServer$4 processOneRequest
INFO: MockWebServer[41620] received request: POST / HTTP/1.1 and responded: HTTP/1.1 200 OK
Jul 09, 2016 4:29:51 AM okhttp3.mockwebserver.MockWebServer$3 execute
INFO: MockWebServer[60053] starting to accept connections
Jul 09, 2016 4:29:51 AM okhttp3.mockwebserver.MockWebServer$4 processOneRequest
INFO: MockWebServer[60053] received request: POST / HTTP/1.1 and responded: HTTP/1.1 200 OK
Jul 09, 2016 4:29:51 AM okhttp3.mockwebserver.MockWebServer$3 acceptConnections
INFO: MockWebServer[60053] done accepting connections: Socket closed
Jul 09, 2016 4:29:51 AM okhttp3.mockwebserver.MockWebServer$3 execute
INFO: MockWebServer[41700] starting to accept connections
Jul 09, 2016 4:29:51 AM okhttp3.mockwebserver.MockWebServer$4 processOneRequest
INFO: MockWebServer[41700] received request: POST / HTTP/1.1 and responded: HTTP/1.1 200 OK
Jul 09, 2016 4:29:51 AM okhttp3.mockwebserver.MockWebServer$3 acceptConnections
INFO: MockWebServer[41700] done accepting connections: Socket closed
Jul 09, 2016 4:29:51 AM okhttp3.mockwebserver.MockWebServer$3 execute
INFO: MockWebServer[44217] starting to accept connections
Jul 09, 2016 4:29:51 AM okhttp3.mockwebserver.MockWebServer$4 processOneRequest
INFO: MockWebServer[44217] received request: POST / HTTP/1.1 and responded: HTTP/1.1 200 OK
Jul 09, 2016 4:29:51 AM okhttp3.mockwebserver.MockWebServer$3 acceptConnections
INFO: MockWebServer[44217] done accepting connections: Socket closed
Jul 09, 2016 4:29:51 AM okhttp3.mockwebserver.MockWebServer$4 processOneRequest
INFO: MockWebServer[44217] received request: POST / HTTP/1.1 and responded: HTTP/1.1 200 OK
Jul 09, 2016 4:29:51 AM okhttp3.mockwebserver.MockWebServer$3 execute
INFO: MockWebServer[46594] starting to accept connections
Jul 09, 2016 4:29:52 AM okhttp3.mockwebserver.MockWebServer$3 acceptConnections
INFO: MockWebServer[46594] done accepting connections: Socket closed
Jul 09, 2016 4:29:52 AM okhttp3.mockwebserver.MockWebServer$4 processOneRequest
INFO: MockWebServer[46594] received request: POST / HTTP/1.1 and responded: HTTP/1.1 200 OK
Tests run: 6, Failures: 0, Errors: 0, Skipped: 0, Time elapsed: 1.181 sec

Results :

Tests run: 6, Failures: 0, Errors: 0, Skipped: 0

[INFO] 
[INFO] --- animal-sniffer-maven-plugin:1.14:check (default) @ converter-moshi ---
[INFO] Checking unresolved references to org.codehaus.mojo.signature:java16:1.1
[INFO]                                                                         
[INFO] ------------------------------------------------------------------------
[INFO] Building Retrofit Mock Adapter 2.1.1-SNAPSHOT
[INFO] ------------------------------------------------------------------------
[INFO] 
[INFO] --- maven-enforcer-plugin:1.0:enforce (enforce-maven) @ retrofit-mock ---
[INFO] 
[INFO] --- maven-resources-plugin:2.6:resources (default-resources) @ retrofit-mock ---
[INFO] Using 'UTF-8' encoding to copy filtered resources.
[INFO] skip non existing resourceDirectory /home/travis/build/square/retrofit/retrofit-mock/src/main/resources
[INFO] 
[INFO] --- maven-compiler-plugin:3.0:compile (default-compile) @ retrofit-mock ---
[INFO] Changes detected - recompiling the module!
[INFO] Compiling 5 source files to /home/travis/build/square/retrofit/retrofit-mock/target/classes
[INFO] 
[INFO] --- maven-resources-plugin:2.6:testResources (default-testResources) @ retrofit-mock ---
[INFO] Using 'UTF-8' encoding to copy filtered resources.
[INFO] skip non existing resourceDirectory /home/travis/build/square/retrofit/retrofit-mock/src/test/resources
[INFO] 
[INFO] --- maven-compiler-plugin:3.0:testCompile (default-testCompile) @ retrofit-mock ---
[INFO] Changes detected - recompiling the module!
[INFO] Compiling 3 source files to /home/travis/build/square/retrofit/retrofit-mock/target/test-classes
[INFO] 
[INFO] --- maven-surefire-plugin:2.12.4:test (default-test) @ retrofit-mock ---
[INFO] Surefire report directory: /home/travis/build/square/retrofit/retrofit-mock/target/surefire-reports

-------------------------------------------------------
 T E S T S
-------------------------------------------------------
Running retrofit2.mock.BehaviorDelegateTest
Tests run: 10, Failures: 0, Errors: 0, Skipped: 0, Time elapsed: 1.648 sec
Running retrofit2.mock.MockRetrofitTest
Tests run: 8, Failures: 0, Errors: 0, Skipped: 0, Time elapsed: 0.081 sec
Running retrofit2.mock.NetworkBehaviorTest
Tests run: 6, Failures: 0, Errors: 0, Skipped: 0, Time elapsed: 0.114 sec

Results :

Tests run: 24, Failures: 0, Errors: 0, Skipped: 0

[INFO] 
[INFO] --- animal-sniffer-maven-plugin:1.14:check (default) @ retrofit-mock ---
[INFO] Checking unresolved references to org.codehaus.mojo.signature:java16:1.1
[INFO]                                                                         
[INFO] ------------------------------------------------------------------------
[INFO] Building Samples 2.1.1-SNAPSHOT
[INFO] ------------------------------------------------------------------------
[INFO] 
[INFO] --- maven-enforcer-plugin:1.0:enforce (enforce-maven) @ samples ---
[INFO] 
[INFO] --- maven-resources-plugin:2.6:resources (default-resources) @ samples ---
[INFO] Using 'UTF-8' encoding to copy filtered resources.
[INFO] skip non existing resourceDirectory /home/travis/build/square/retrofit/samples/src/main/resources
[INFO] 
[INFO] --- maven-compiler-plugin:3.0:compile (default-compile) @ samples ---
[INFO] Changes detected - recompiling the module!
[INFO] Compiling 9 source files to /home/travis/build/square/retrofit/samples/target/classes
[INFO] 
[INFO] --- maven-resources-plugin:2.6:testResources (default-testResources) @ samples ---
[INFO] Using 'UTF-8' encoding to copy filtered resources.
[INFO] skip non existing resourceDirectory /home/travis/build/square/retrofit/samples/src/test/resources
[INFO] 
[INFO] --- maven-compiler-plugin:3.0:testCompile (default-testCompile) @ samples ---
[INFO] No sources to compile
[INFO] 
[INFO] --- maven-surefire-plugin:2.12.4:test (default-test) @ samples ---
[INFO] No tests to run.
[INFO] 
[INFO] --- animal-sniffer-maven-plugin:1.14:check (default) @ samples ---
[INFO] Checking unresolved references to org.codehaus.mojo.signature:java16:1.1
[INFO] ------------------------------------------------------------------------
[INFO] Reactor Summary:
[INFO] 
[INFO] Retrofit (Parent) .................................. SUCCESS [  1.549 s]
[INFO] Retrofit ........................................... SUCCESS [ 18.960 s]
[INFO] Adapters ........................................... SUCCESS [  0.192 s]
[INFO] Adapter: Guava ..................................... SUCCESS [  1.511 s]
[INFO] Adapter: Java 8 .................................... SUCCESS [  1.851 s]
[INFO] Adapter: RxJava .................................... SUCCESS [  2.376 s]
[INFO] Converters ......................................... SUCCESS [  0.152 s]
[INFO] Converter: Gson .................................... SUCCESS [  1.370 s]
[INFO] Converter: Protocol Buffers ........................ SUCCESS [  1.454 s]
[INFO] Converter: Jackson ................................. SUCCESS [  1.536 s]
[INFO] Converter: Wire Protocol Buffers ................... SUCCESS [  1.950 s]
[INFO] Converter: SimpleXML ............................... SUCCESS [  2.091 s]
[INFO] Converter: Java Scalars ............................ SUCCESS [  2.937 s]
[INFO] Converter: Moshi ................................... SUCCESS [  2.296 s]
[INFO] Retrofit Mock Adapter .............................. SUCCESS [  3.158 s]
[INFO] Samples ............................................ SUCCESS [  1.674 s]
[INFO] ------------------------------------------------------------------------
[INFO] BUILD SUCCESS
[INFO] ------------------------------------------------------------------------
[INFO] Total time: 45.468 s
[INFO] Finished at: 2016-07-09T04:29:57+00:00
[INFO] Final Memory: 35M/322M
[INFO] ------------------------------------------------------------------------

travis_time:end:30350e75:start=1468038550249179960,finish=1468038598273146860,duration=48023966900[0K
[32;1mThe command "mvn test -B" exited with 0.[0m
travis_fold:start:cache.2[0Kstore build cache
travis_time:start:13c47e80[0K
travis_time:end:13c47e80:start=1468038598277451702,finish=1468038598281132351,duration=3680649[0Ktravis_time:start:03811f74[0K[32;1mchange detected (content changed, file is created, or file is deleted):
/home/travis/.m2/repository/com/squareup/okhttp3/mockwebserver/3.4.0/mockwebserver-3.4.0.jar
/home/travis/.m2/repository/com/squareup/okhttp3/mockwebserver/3.4.0/mockwebserver-3.4.0.jar.sha1
/home/travis/.m2/repository/com/squareup/okhttp3/mockwebserver/3.4.0/mockwebserver-3.4.0.pom
/home/travis/.m2/repository/com/squareup/okhttp3/mockwebserver/3.4.0/mockwebserver-3.4.0.pom.sha1
/home/travis/.m2/repository/com/squareup/okhttp3/mockwebserver/3.4.0/_remote.repositories
/home/travis/.m2/repository/com/squareup/okhttp3/okhttp/3.4.0/okhttp-3.4.0.jar
/home/travis/.m2/repository/com/squareup/okhttp3/okhttp/3.4.0/okhttp-3.4.0.jar.sha1
/home/travis/.m2/repository/com/squareup/okhttp3/okhttp/3.4.0/okhttp-3.4.0.pom
/home/travis/.m2/repository/com/squareup/okhttp3/okhttp/3.4.0/okhttp-3.4.0.pom.sha1
/home/travis/.m2/repository/com/squareup/okhttp3/okhttp/3.4.0/_remote.repositories
/home/travis/.m2/repository/com/squareup/okhttp3/okhttp-ws/3.4.0/okhttp-ws-3.4.0.jar
/home/travis/.m2/repository/com/squ
[0m
[32;1m...
[0m
[32;1mchanges detected, packing new archive[0m
.
[32;1muploading archive[0m

travis_time:end:03811f74:start=1468038598285207519,finish=1468038607315105682,duration=9029898163[0Ktravis_fold:end:cache.2[0Ktravis_fold:start:after_success[0Ktravis_time:start:0b939b17[0K$ .buildscript/deploy_snapshot.sh
Skipping snapshot deployment: wrong branch. Expected 'master' but was 'jw/okhttp'.

travis_time:end:0b939b17:start=1468038607319114911,finish=1468038607323823561,duration=4708650[0Ktravis_fold:end:after_success[0K
Done. Your build exited with 0.
