Using worker: worker-linux-docker-5ddd5ca5.prod.travis-ci.org:travis-linux-5

travis_fold:start:system_info[0K[33;1mBuild system information[0m
Build language: java
Build group: stable
Build dist: precise
Build id: 147178909
Job id: 147178910
travis-build version: 15dcdbe9b
[34m[1mBuild image provisioning date and time[0m
Thu Feb  5 15:09:33 UTC 2015
[34m[1mOperating System Details[0m
Distributor ID:	Ubuntu
Description:	Ubuntu 12.04.5 LTS
Release:	12.04
Codename:	precise
[34m[1mLinux Version[0m
3.13.0-29-generic
[34m[1mCookbooks Version[0m
a68419e https://github.com/travis-ci/travis-cookbooks/tree/a68419e
[34m[1mGCC version[0m
gcc (Ubuntu/Linaro 4.6.3-1ubuntu5) 4.6.3
Copyright (C) 2011 Free Software Foundation, Inc.
This is free software; see the source for copying conditions.  There is NO
warranty; not even for MERCHANTABILITY or FITNESS FOR A PARTICULAR PURPOSE.

[34m[1mLLVM version[0m
clang version 3.4 (tags/RELEASE_34/final)
Target: x86_64-unknown-linux-gnu
Thread model: posix
[34m[1mPre-installed Ruby versions[0m
ruby-1.9.3-p551
[34m[1mPre-installed Node.js versions[0m
v0.10.36
[34m[1mPre-installed Go versions[0m
1.4.1
[34m[1mRedis version[0m
redis-server 2.8.19
[34m[1mriak version[0m
2.0.2
[34m[1mMongoDB version[0m
MongoDB 2.4.12
[34m[1mCouchDB version[0m
couchdb 1.6.1
[34m[1mNeo4j version[0m
1.9.4
[34m[1mRabbitMQ Version[0m
3.4.3
[34m[1mElasticSearch version[0m
1.4.0
[34m[1mInstalled Sphinx versions[0m
2.0.10
2.1.9
2.2.6
[34m[1mDefault Sphinx version[0m
2.2.6
[34m[1mInstalled Firefox version[0m
firefox 31.0esr
[34m[1mPhantomJS version[0m
1.9.8
[34m[1mant -version[0m
Apache Ant(TM) version 1.8.2 compiled on December 3 2011
[34m[1mmvn -version[0m
Apache Maven 3.2.5 (12a6b3acb947671f09b81f49094c53f426d8cea1; 2014-12-14T17:29:23+00:00)
Maven home: /usr/local/maven
Java version: 1.7.0_76, vendor: Oracle Corporation
Java home: /usr/lib/jvm/java-7-oracle/jre
Default locale: en_US, platform encoding: ANSI_X3.4-1968
OS name: "linux", version: "3.13.0-29-generic", arch: "amd64", family: "unix"
travis_fold:end:system_info[0K
travis_fold:start:fix.CVE-2015-7547[0K$ export DEBIAN_FRONTEND=noninteractive
W: Size of file /var/lib/apt/lists/us.archive.ubuntu.com_ubuntu_dists_precise-backports_multiverse_source_Sources.gz is not what the server reported 5886 5888
W: Size of file /var/lib/apt/lists/ppa.launchpad.net_ubuntugis_ppa_ubuntu_dists_precise_main_binary-amd64_Packages.gz is not what the server reported 36669 36677
W: Size of file /var/lib/apt/lists/ppa.launchpad.net_ubuntugis_ppa_ubuntu_dists_precise_main_binary-i386_Packages.gz is not what the server reported 36729 36733
Reading package lists...
Building dependency tree...
Reading state information...
The following extra packages will be installed:
  libc-bin libc-dev-bin libc6-dev
Suggested packages:
  glibc-doc
The following packages will be upgraded:
  libc-bin libc-dev-bin libc6 libc6-dev
4 upgraded, 0 newly installed, 0 to remove and 252 not upgraded.
Need to get 8,840 kB of archives.
After this operation, 14.3 kB disk space will be freed.
Get:1 http://us.archive.ubuntu.com/ubuntu/ precise-updates/main libc6-dev amd64 2.15-0ubuntu10.15 [2,943 kB]
Get:2 http://us.archive.ubuntu.com/ubuntu/ precise-updates/main libc-dev-bin amd64 2.15-0ubuntu10.15 [84.7 kB]
Get:3 http://us.archive.ubuntu.com/ubuntu/ precise-updates/main libc-bin amd64 2.15-0ubuntu10.15 [1,177 kB]
Get:4 http://us.archive.ubuntu.com/ubuntu/ precise-updates/main libc6 amd64 2.15-0ubuntu10.15 [4,636 kB]
Fetched 8,840 kB in 2s (4,040 kB/s)
Preconfiguring packages ...
(Reading database ... (Reading database ... 5%(Reading database ... 10%(Reading database ... 15%(Reading database ... 20%(Reading database ... 25%(Reading database ... 30%(Reading database ... 35%(Reading database ... 40%(Reading database ... 45%(Reading database ... 50%(Reading database ... 55%(Reading database ... 60%(Reading database ... 65%(Reading database ... 70%(Reading database ... 75%(Reading database ... 80%(Reading database ... 85%(Reading database ... 90%(Reading database ... 95%(Reading database ... 100%(Reading database ... 72019 files and directories currently installed.)
Preparing to replace libc6-dev 2.15-0ubuntu10.10 (using .../libc6-dev_2.15-0ubuntu10.15_amd64.deb) ...
Unpacking replacement libc6-dev ...
Preparing to replace libc-dev-bin 2.15-0ubuntu10.10 (using .../libc-dev-bin_2.15-0ubuntu10.15_amd64.deb) ...
Unpacking replacement libc-dev-bin ...
Preparing to replace libc-bin 2.15-0ubuntu10.10 (using .../libc-bin_2.15-0ubuntu10.15_amd64.deb) ...
Unpacking replacement libc-bin ...
Processing triggers for man-db ...
Setting up libc-bin (2.15-0ubuntu10.15) ...
(Reading database ... (Reading database ... 5%(Reading database ... 10%(Reading database ... 15%(Reading database ... 20%(Reading database ... 25%(Reading database ... 30%(Reading database ... 35%(Reading database ... 40%(Reading database ... 45%(Reading database ... 50%(Reading database ... 55%(Reading database ... 60%(Reading database ... 65%(Reading database ... 70%(Reading database ... 75%(Reading database ... 80%(Reading database ... 85%(Reading database ... 90%(Reading database ... 95%(Reading database ... 100%(Reading database ... 72018 files and directories currently installed.)
Preparing to replace libc6 2.15-0ubuntu10.10 (using .../libc6_2.15-0ubuntu10.15_amd64.deb) ...
Unpacking replacement libc6 ...
Setting up libc6 (2.15-0ubuntu10.15) ...
Setting up libc-dev-bin (2.15-0ubuntu10.15) ...
Setting up libc6-dev (2.15-0ubuntu10.15) ...
Processing triggers for libc-bin ...
ldconfig deferred processing now taking place
travis_fold:end:fix.CVE-2015-7547[0Ktravis_fold:start:git.checkout[0Ktravis_time:start:07f0f7d8[0K$ git clone --depth=50 https://github.com/square/retrofit.git square/retrofit
Cloning into 'square/retrofit'...
remote: Counting objects: 1134, done.[K
remote: Compressing objects:   0% (1/642)   [Kremote: Compressing objects:   1% (7/642)   [Kremote: Compressing objects:   2% (13/642)   [Kremote: Compressing objects:   3% (20/642)   [Kremote: Compressing objects:   4% (26/642)   [Kremote: Compressing objects:   5% (33/642)   [Kremote: Compressing objects:   6% (39/642)   [Kremote: Compressing objects:   7% (45/642)   [Kremote: Compressing objects:   8% (52/642)   [Kremote: Compressing objects:   9% (58/642)   [Kremote: Compressing objects:  10% (65/642)   [Kremote: Compressing objects:  11% (71/642)   [Kremote: Compressing objects:  12% (78/642)   [Kremote: Compressing objects:  13% (84/642)   [Kremote: Compressing objects:  14% (90/642)   [Kremote: Compressing objects:  15% (97/642)   [Kremote: Compressing objects:  16% (103/642)   [Kremote: Compressing objects:  17% (110/642)   [Kremote: Compressing objects:  18% (116/642)   [Kremote: Compressing objects:  19% (122/642)   [Kremote: Compressing objects:  20% (129/642)   [Kremote: Compressing objects:  21% (135/642)   [Kremote: Compressing objects:  22% (142/642)   [Kremote: Compressing objects:  23% (148/642)   [Kremote: Compressing objects:  24% (155/642)   [Kremote: Compressing objects:  25% (161/642)   [Kremote: Compressing objects:  26% (167/642)   [Kremote: Compressing objects:  27% (174/642)   [Kremote: Compressing objects:  28% (180/642)   [Kremote: Compressing objects:  29% (187/642)   [Kremote: Compressing objects:  30% (193/642)   [Kremote: Compressing objects:  31% (200/642)   [Kremote: Compressing objects:  32% (206/642)   [Kremote: Compressing objects:  33% (212/642)   [Kremote: Compressing objects:  34% (219/642)   [Kremote: Compressing objects:  35% (225/642)   [Kremote: Compressing objects:  36% (232/642)   [Kremote: Compressing objects:  37% (238/642)   [Kremote: Compressing objects:  38% (244/642)   [Kremote: Compressing objects:  39% (251/642)   [Kremote: Compressing objects:  40% (257/642)   [Kremote: Compressing objects:  41% (264/642)   [Kremote: Compressing objects:  42% (270/642)   [Kremote: Compressing objects:  43% (277/642)   [Kremote: Compressing objects:  44% (283/642)   [Kremote: Compressing objects:  45% (289/642)   [Kremote: Compressing objects:  46% (296/642)   [Kremote: Compressing objects:  47% (302/642)   [Kremote: Compressing objects:  48% (309/642)   [Kremote: Compressing objects:  49% (315/642)   [Kremote: Compressing objects:  50% (321/642)   [Kremote: Compressing objects:  51% (328/642)   [Kremote: Compressing objects:  52% (334/642)   [Kremote: Compressing objects:  53% (341/642)   [Kremote: Compressing objects:  54% (347/642)   [Kremote: Compressing objects:  55% (354/642)   [Kremote: Compressing objects:  56% (360/642)   [Kremote: Compressing objects:  57% (366/642)   [Kremote: Compressing objects:  58% (373/642)   [Kremote: Compressing objects:  59% (379/642)   [Kremote: Compressing objects:  60% (386/642)   [Kremote: Compressing objects:  61% (392/642)   [Kremote: Compressing objects:  62% (399/642)   [Kremote: Compressing objects:  63% (405/642)   [Kremote: Compressing objects:  64% (411/642)   [Kremote: Compressing objects:  65% (418/642)   [Kremote: Compressing objects:  66% (424/642)   [Kremote: Compressing objects:  67% (431/642)   [Kremote: Compressing objects:  68% (437/642)   [Kremote: Compressing objects:  69% (443/642)   [Kremote: Compressing objects:  70% (450/642)   [Kremote: Compressing objects:  71% (456/642)   [Kremote: Compressing objects:  72% (463/642)   [Kremote: Compressing objects:  73% (469/642)   [Kremote: Compressing objects:  74% (476/642)   [Kremote: Compressing objects:  75% (482/642)   [Kremote: Compressing objects:  76% (488/642)   [Kremote: Compressing objects:  77% (495/642)   [Kremote: Compressing objects:  78% (501/642)   [Kremote: Compressing objects:  79% (508/642)   [Kremote: Compressing objects:  80% (514/642)   [Kremote: Compressing objects:  81% (521/642)   [Kremote: Compressing objects:  82% (527/642)   [Kremote: Compressing objects:  83% (533/642)   [Kremote: Compressing objects:  84% (540/642)   [Kremote: Compressing objects:  85% (546/642)   [Kremote: Compressing objects:  86% (553/642)   [Kremote: Compressing objects:  87% (559/642)   [Kremote: Compressing objects:  88% (565/642)   [Kremote: Compressing objects:  89% (572/642)   [Kremote: Compressing objects:  90% (578/642)   [Kremote: Compressing objects:  91% (585/642)   [Kremote: Compressing objects:  92% (591/642)   [Kremote: Compressing objects:  93% (598/642)   [Kremote: Compressing objects:  94% (604/642)   [Kremote: Compressing objects:  95% (610/642)   [Kremote: Compressing objects:  96% (617/642)   [Kremote: Compressing objects:  97% (623/642)   [Kremote: Compressing objects:  98% (630/642)   [Kremote: Compressing objects:  99% (636/642)   [Kremote: Compressing objects: 100% (642/642)   [Kremote: Compressing objects: 100% (642/642), done.[K
Receiving objects:   0% (1/1134)   Receiving objects:   1% (12/1134)   Receiving objects:   2% (23/1134)   Receiving objects:   3% (35/1134)   Receiving objects:   4% (46/1134)   Receiving objects:   5% (57/1134)   Receiving objects:   6% (69/1134)   Receiving objects:   7% (80/1134)   Receiving objects:   8% (91/1134)   Receiving objects:   9% (103/1134)   Receiving objects:  10% (114/1134)   Receiving objects:  11% (125/1134)   Receiving objects:  12% (137/1134)   Receiving objects:  13% (148/1134)   Receiving objects:  14% (159/1134)   Receiving objects:  15% (171/1134)   Receiving objects:  16% (182/1134)   Receiving objects:  17% (193/1134)   Receiving objects:  18% (205/1134)   Receiving objects:  19% (216/1134)   Receiving objects:  20% (227/1134)   Receiving objects:  21% (239/1134)   Receiving objects:  22% (250/1134)   Receiving objects:  23% (261/1134)   Receiving objects:  24% (273/1134)   Receiving objects:  25% (284/1134)   Receiving objects:  26% (295/1134)   Receiving objects:  27% (307/1134)   Receiving objects:  28% (318/1134)   Receiving objects:  29% (329/1134)   Receiving objects:  30% (341/1134)   Receiving objects:  31% (352/1134)   Receiving objects:  32% (363/1134)   Receiving objects:  33% (375/1134)   Receiving objects:  34% (386/1134)   Receiving objects:  35% (397/1134)   Receiving objects:  36% (409/1134)   Receiving objects:  37% (420/1134)   Receiving objects:  38% (431/1134)   remote: Total 1134 (delta 431), reused 891 (delta 243), pack-reused 0[K
Receiving objects:  39% (443/1134)   Receiving objects:  40% (454/1134)   Receiving objects:  41% (465/1134)   Receiving objects:  42% (477/1134)   Receiving objects:  43% (488/1134)   Receiving objects:  44% (499/1134)   Receiving objects:  45% (511/1134)   Receiving objects:  46% (522/1134)   Receiving objects:  47% (533/1134)   Receiving objects:  48% (545/1134)   Receiving objects:  49% (556/1134)   Receiving objects:  50% (567/1134)   Receiving objects:  51% (579/1134)   Receiving objects:  52% (590/1134)   Receiving objects:  53% (602/1134)   Receiving objects:  54% (613/1134)   Receiving objects:  55% (624/1134)   Receiving objects:  56% (636/1134)   Receiving objects:  57% (647/1134)   Receiving objects:  58% (658/1134)   Receiving objects:  59% (670/1134)   Receiving objects:  60% (681/1134)   Receiving objects:  61% (692/1134)   Receiving objects:  62% (704/1134)   Receiving objects:  63% (715/1134)   Receiving objects:  64% (726/1134)   Receiving objects:  65% (738/1134)   Receiving objects:  66% (749/1134)   Receiving objects:  67% (760/1134)   Receiving objects:  68% (772/1134)   Receiving objects:  69% (783/1134)   Receiving objects:  70% (794/1134)   Receiving objects:  71% (806/1134)   Receiving objects:  72% (817/1134)   Receiving objects:  73% (828/1134)   Receiving objects:  74% (840/1134)   Receiving objects:  75% (851/1134)   Receiving objects:  76% (862/1134)   Receiving objects:  77% (874/1134)   Receiving objects:  78% (885/1134)   Receiving objects:  79% (896/1134)   Receiving objects:  80% (908/1134)   Receiving objects:  81% (919/1134)   Receiving objects:  82% (930/1134)   Receiving objects:  83% (942/1134)   Receiving objects:  84% (953/1134)   Receiving objects:  85% (964/1134)   Receiving objects:  86% (976/1134)   Receiving objects:  87% (987/1134)   Receiving objects:  88% (998/1134)   Receiving objects:  89% (1010/1134)   Receiving objects:  90% (1021/1134)   Receiving objects:  91% (1032/1134)   Receiving objects:  92% (1044/1134)   Receiving objects:  93% (1055/1134)   Receiving objects:  94% (1066/1134)   Receiving objects:  95% (1078/1134)   Receiving objects:  96% (1089/1134)   Receiving objects:  97% (1100/1134)   Receiving objects:  98% (1112/1134)   Receiving objects:  99% (1123/1134)   Receiving objects: 100% (1134/1134)   Receiving objects: 100% (1134/1134), 307.43 KiB | 0 bytes/s, done.
Resolving deltas:   0% (0/431)   Resolving deltas:   1% (8/431)   Resolving deltas:   2% (9/431)   Resolving deltas:   3% (16/431)   Resolving deltas:   4% (21/431)   Resolving deltas:   9% (39/431)   Resolving deltas:  36% (157/431)   Resolving deltas:  38% (168/431)   Resolving deltas:  39% (170/431)   Resolving deltas:  40% (175/431)   Resolving deltas:  43% (189/431)   Resolving deltas:  44% (192/431)   Resolving deltas:  48% (209/431)   Resolving deltas:  50% (216/431)   Resolving deltas:  51% (220/431)   Resolving deltas:  53% (229/431)   Resolving deltas:  54% (234/431)   Resolving deltas:  56% (243/431)   Resolving deltas:  57% (247/431)   Resolving deltas:  58% (254/431)   Resolving deltas:  59% (255/431)   Resolving deltas:  60% (259/431)   Resolving deltas:  61% (263/431)   Resolving deltas:  64% (278/431)   Resolving deltas:  65% (282/431)   Resolving deltas:  66% (286/431)   Resolving deltas:  67% (289/431)   Resolving deltas:  69% (298/431)   Resolving deltas:  70% (305/431)   Resolving deltas:  73% (315/431)   Resolving deltas:  77% (334/431)   Resolving deltas:  78% (339/431)   Resolving deltas:  80% (346/431)   Resolving deltas:  83% (358/431)   Resolving deltas:  84% (365/431)   Resolving deltas:  85% (367/431)   Resolving deltas:  86% (371/431)   Resolving deltas:  91% (396/431)   Resolving deltas:  92% (397/431)   Resolving deltas:  97% (422/431)   Resolving deltas:  98% (425/431)   Resolving deltas:  99% (428/431)   Resolving deltas: 100% (431/431)   Resolving deltas: 100% (431/431), done.
Checking connectivity... done.

travis_time:end:07f0f7d8:start=1469451267275153987,finish=1469451268366180666,duration=1091026679[0K$ cd square/retrofit
travis_time:start:13399a27[0K$ git fetch origin +refs/pull/1943/merge:
remote: Counting objects: 16, done.[K
remote: Compressing objects:  11% (1/9)   [Kremote: Compressing objects:  22% (2/9)   [Kremote: Compressing objects:  33% (3/9)   [Kremote: Compressing objects:  44% (4/9)   [Kremote: Compressing objects:  55% (5/9)   [Kremote: Compressing objects:  66% (6/9)   [Kremote: Compressing objects:  77% (7/9)   [Kremote: Compressing objects:  88% (8/9)   [Kremote: Compressing objects: 100% (9/9)   [Kremote: Compressing objects: 100% (9/9), done.[K
remote: Total 16 (delta 2), reused 15 (delta 2), pack-reused 0[K
Unpacking objects:   6% (1/16)   Unpacking objects:  12% (2/16)   Unpacking objects:  18% (3/16)   Unpacking objects:  25% (4/16)   Unpacking objects:  31% (5/16)   Unpacking objects:  37% (6/16)   Unpacking objects:  43% (7/16)   Unpacking objects:  50% (8/16)   Unpacking objects:  56% (9/16)   Unpacking objects:  62% (10/16)   Unpacking objects:  68% (11/16)   Unpacking objects:  75% (12/16)   Unpacking objects:  81% (13/16)   Unpacking objects:  87% (14/16)   Unpacking objects:  93% (15/16)   Unpacking objects: 100% (16/16)   Unpacking objects: 100% (16/16), done.
From https://github.com/square/retrofit
 * branch            refs/pull/1943/merge -> FETCH_HEAD

travis_time:end:13399a27:start=1469451268370126041,finish=1469451268679952741,duration=309826700[0K$ git checkout -qf FETCH_HEAD
travis_fold:end:git.checkout[0K
[33;1mThis job is running on container-based infrastructure, which does not allow use of 'sudo', setuid and setguid executables.[0m
[33;1mIf you require sudo, add 'sudo: required' to your .travis.yml[0m
[33;1mSee https://docs.travis-ci.com/user/workers/container-based-infrastructure/ for details.[0m
$ jdk_switcher use oraclejdk8
Switching to Oracle JDK8 (java-8-oracle), JAVA_HOME will be set to /usr/lib/jvm/java-8-oracle
travis_fold:start:cache.1[0KSetting up build cache
$ export CASHER_DIR=$HOME/.casher
travis_time:start:23f3a85c[0K$ Installing caching utilities

travis_time:end:23f3a85c:start=1469451271172225374,finish=1469451271365347818,duration=193122444[0Ktravis_time:start:0c892bf6[0K
travis_time:end:0c892bf6:start=1469451271370361948,finish=1469451271373645242,duration=3283294[0Ktravis_time:start:074beebe[0K[32;1mattempting to download cache archive[0m
[32;1mfetching PR.1943/cache-linux-precise-e3b0c44298fc1c149afbf4c8996fb92427ae41e4649b934ca495991b7852b855--jdk-oraclejdk8.tgz[0m
[32;1mfound cache[0m

travis_time:end:074beebe:start=1469451271377541732,finish=1469451272823919710,duration=1446377978[0Ktravis_time:start:1c3adc4c[0K
travis_time:end:1c3adc4c:start=1469451272827881613,finish=1469451272831520441,duration=3638828[0Ktravis_time:start:212ede33[0K[32;1madding /home/travis/.m2 to cache[0m

travis_time:end:212ede33:start=1469451272835573635,finish=1469451276419424326,duration=3583850691[0Ktravis_fold:end:cache.1[0K$ java -Xmx32m -version
java version "1.8.0_31"
Java(TM) SE Runtime Environment (build 1.8.0_31-b13)
Java HotSpot(TM) 64-Bit Server VM (build 25.31-b07, mixed mode)
$ javac -J-Xmx32m -version
javac 1.8.0_31
travis_fold:start:install[0Ktravis_time:start:0040a6e8[0K$ mvn install -DskipTests=true -Dmaven.javadoc.skip=true -B -V
Java HotSpot(TM) 64-Bit Server VM warning: ignoring option MaxPermSize=192m; support was removed in 8.0
Apache Maven 3.2.5 (12a6b3acb947671f09b81f49094c53f426d8cea1; 2014-12-14T17:29:23+00:00)
Maven home: /usr/local/maven
Java version: 1.8.0_31, vendor: Oracle Corporation
Java home: /usr/lib/jvm/java-8-oracle/jre
Default locale: en_US, platform encoding: UTF-8
OS name: "linux", version: "3.13.0-40-generic", arch: "amd64", family: "unix"
[INFO] Scanning for projects...
[WARNING] 
[WARNING] Some problems were encountered while building the effective model for com.squareup.retrofit2:samples:jar:2.1.1-SNAPSHOT
[WARNING] 'build.plugins.plugin.version' for org.apache.maven.plugins:maven-deploy-plugin is missing. @ com.squareup.retrofit2:samples:[unknown-version], /home/travis/build/square/retrofit/samples/pom.xml, line 55, column 15
[WARNING] 
[WARNING] It is highly recommended to fix these problems because they threaten the stability of your build.
[WARNING] 
[WARNING] For this reason, future Maven versions might no longer support building such malformed projects.
[WARNING] 
[INFO] ------------------------------------------------------------------------
[INFO] Reactor Build Order:
[INFO] 
[INFO] Retrofit (Parent)
[INFO] Retrofit
[INFO] Adapters
[INFO] Adapter: Guava
[INFO] Adapter: Java 8
[INFO] Adapter: RxJava
[INFO] Converters
[INFO] Converter: Gson
[INFO] Converter: Protocol Buffers
[INFO] Converter: Jackson
[INFO] Converter: Wire Protocol Buffers
[INFO] Converter: SimpleXML
[INFO] Converter: Java Scalars
[INFO] Converter: Moshi
[INFO] Retrofit Mock Adapter
[INFO] Samples
[INFO]                                                                         
[INFO] ------------------------------------------------------------------------
[INFO] Building Retrofit (Parent) 2.1.1-SNAPSHOT
[INFO] ------------------------------------------------------------------------
[INFO] 
[INFO] --- maven-enforcer-plugin:1.0:enforce (enforce-maven) @ parent ---
[INFO] 
[INFO] --- animal-sniffer-maven-plugin:1.14:check (default) @ parent ---
[INFO] Checking unresolved references to org.codehaus.mojo.signature:java16:1.1
[INFO] 
[INFO] --- maven-javadoc-plugin:2.10.3:jar (attach-javadocs) @ parent ---
[INFO] Skipping javadoc generation
[INFO] 
[INFO] --- maven-checkstyle-plugin:2.15:checkstyle (default) @ parent ---
[INFO] 
[INFO] --- maven-install-plugin:2.4:install (default-install) @ parent ---
[INFO] Installing /home/travis/build/square/retrofit/pom.xml to /home/travis/.m2/repository/com/squareup/retrofit2/parent/2.1.1-SNAPSHOT/parent-2.1.1-SNAPSHOT.pom
[INFO]                                                                         
[INFO] ------------------------------------------------------------------------
[INFO] Building Retrofit 2.1.1-SNAPSHOT
[INFO] ------------------------------------------------------------------------
[INFO] 
[INFO] --- maven-enforcer-plugin:1.0:enforce (enforce-maven) @ retrofit ---
[INFO] 
[INFO] --- maven-resources-plugin:2.6:resources (default-resources) @ retrofit ---
[INFO] Using 'UTF-8' encoding to copy filtered resources.
[INFO] skip non existing resourceDirectory /home/travis/build/square/retrofit/retrofit/src/main/resources
[INFO] 
[INFO] --- maven-compiler-plugin:3.0:compile (default-compile) @ retrofit ---
[INFO] Changes detected - recompiling the module!
[INFO] Compiling 40 source files to /home/travis/build/square/retrofit/retrofit/target/classes
[WARNING] /home/travis/build/square/retrofit/retrofit/src/main/java/retrofit2/Retrofit.java: Some input files use unchecked or unsafe operations.
[WARNING] /home/travis/build/square/retrofit/retrofit/src/main/java/retrofit2/Retrofit.java: Recompile with -Xlint:unchecked for details.
[INFO] 
[INFO] --- maven-resources-plugin:2.6:testResources (default-testResources) @ retrofit ---
[INFO] Using 'UTF-8' encoding to copy filtered resources.
[INFO] skip non existing resourceDirectory /home/travis/build/square/retrofit/retrofit/src/test/resources
[INFO] 
[INFO] --- maven-compiler-plugin:3.0:testCompile (default-testCompile) @ retrofit ---
[INFO] Changes detected - recompiling the module!
[INFO] Compiling 14 source files to /home/travis/build/square/retrofit/retrofit/target/test-classes
[WARNING] /home/travis/build/square/retrofit/retrofit/src/test/java/retrofit2/RetrofitTest.java: /home/travis/build/square/retrofit/retrofit/src/test/java/retrofit2/RetrofitTest.java uses unchecked or unsafe operations.
[WARNING] /home/travis/build/square/retrofit/retrofit/src/test/java/retrofit2/RetrofitTest.java: Recompile with -Xlint:unchecked for details.
[INFO] 
[INFO] --- maven-surefire-plugin:2.12.4:test (default-test) @ retrofit ---
[INFO] Tests are skipped.
[INFO] 
[INFO] --- animal-sniffer-maven-plugin:1.14:check (default) @ retrofit ---
[INFO] Checking unresolved references to org.codehaus.mojo.signature:java16:1.1
[INFO] 
[INFO] --- maven-jar-plugin:2.4:jar (default-jar) @ retrofit ---
[INFO] Building jar: /home/travis/build/square/retrofit/retrofit/target/retrofit-2.1.1-SNAPSHOT.jar
[INFO] 
[INFO] --- maven-javadoc-plugin:2.10.3:jar (attach-javadocs) @ retrofit ---
[INFO] Skipping javadoc generation
[INFO] 
[INFO] --- maven-checkstyle-plugin:2.15:checkstyle (default) @ retrofit ---
[INFO] Starting audit...
Audit done.
[WARNING] Unable to locate Source XRef to link to - DISABLED
[INFO] 
[INFO] --- maven-install-plugin:2.4:install (default-install) @ retrofit ---
[INFO] Installing /home/travis/build/square/retrofit/retrofit/target/retrofit-2.1.1-SNAPSHOT.jar to /home/travis/.m2/repository/com/squareup/retrofit2/retrofit/2.1.1-SNAPSHOT/retrofit-2.1.1-SNAPSHOT.jar
[INFO] Installing /home/travis/build/square/retrofit/retrofit/pom.xml to /home/travis/.m2/repository/com/squareup/retrofit2/retrofit/2.1.1-SNAPSHOT/retrofit-2.1.1-SNAPSHOT.pom
[INFO]                                                                         
[INFO] ------------------------------------------------------------------------
[INFO] Building Adapters 2.1.1-SNAPSHOT
[INFO] ------------------------------------------------------------------------
[INFO] 
[INFO] --- maven-enforcer-plugin:1.0:enforce (enforce-maven) @ retrofit-adapters ---
[INFO] 
[INFO] --- animal-sniffer-maven-plugin:1.14:check (default) @ retrofit-adapters ---
[INFO] Checking unresolved references to org.codehaus.mojo.signature:java16:1.1
[INFO] 
[INFO] --- maven-javadoc-plugin:2.10.3:jar (attach-javadocs) @ retrofit-adapters ---
[INFO] Skipping javadoc generation
[INFO] 
[INFO] --- maven-checkstyle-plugin:2.15:checkstyle (default) @ retrofit-adapters ---
[INFO] 
[INFO] --- maven-install-plugin:2.4:install (default-install) @ retrofit-adapters ---
[INFO] Installing /home/travis/build/square/retrofit/retrofit-adapters/pom.xml to /home/travis/.m2/repository/com/squareup/retrofit2/retrofit-adapters/2.1.1-SNAPSHOT/retrofit-adapters-2.1.1-SNAPSHOT.pom
[INFO]                                                                         
[INFO] ------------------------------------------------------------------------
[INFO] Building Adapter: Guava 2.1.1-SNAPSHOT
[INFO] ------------------------------------------------------------------------
[INFO] 
[INFO] --- maven-enforcer-plugin:1.0:enforce (enforce-maven) @ adapter-guava ---
[INFO] 
[INFO] --- maven-resources-plugin:2.6:resources (default-resources) @ adapter-guava ---
[INFO] Using 'UTF-8' encoding to copy filtered resources.
[INFO] skip non existing resourceDirectory /home/travis/build/square/retrofit/retrofit-adapters/guava/src/main/resources
[INFO] 
[INFO] --- maven-compiler-plugin:3.0:compile (default-compile) @ adapter-guava ---
[INFO] Changes detected - recompiling the module!
[INFO] Compiling 2 source files to /home/travis/build/square/retrofit/retrofit-adapters/guava/target/classes
[INFO] 
[INFO] --- maven-resources-plugin:2.6:testResources (default-testResources) @ adapter-guava ---
[INFO] Using 'UTF-8' encoding to copy filtered resources.
[INFO] skip non existing resourceDirectory /home/travis/build/square/retrofit/retrofit-adapters/guava/src/test/resources
[INFO] 
[INFO] --- maven-compiler-plugin:3.0:testCompile (default-testCompile) @ adapter-guava ---
[INFO] Changes detected - recompiling the module!
[INFO] Compiling 3 source files to /home/travis/build/square/retrofit/retrofit-adapters/guava/target/test-classes
[INFO] 
[INFO] --- maven-surefire-plugin:2.12.4:test (default-test) @ adapter-guava ---
[INFO] Tests are skipped.
[INFO] 
[INFO] --- animal-sniffer-maven-plugin:1.14:check (default) @ adapter-guava ---
[INFO] Checking unresolved references to org.codehaus.mojo.signature:java16:1.1
[INFO] 
[INFO] --- maven-jar-plugin:2.4:jar (default-jar) @ adapter-guava ---
[INFO] Building jar: /home/travis/build/square/retrofit/retrofit-adapters/guava/target/adapter-guava-2.1.1-SNAPSHOT.jar
[INFO] 
[INFO] --- maven-javadoc-plugin:2.10.3:jar (attach-javadocs) @ adapter-guava ---
[INFO] Skipping javadoc generation
[INFO] 
[INFO] --- maven-checkstyle-plugin:2.15:checkstyle (default) @ adapter-guava ---
[INFO] Starting audit...
Audit done.
[WARNING] Unable to locate Source XRef to link to - DISABLED
[INFO] 
[INFO] --- maven-install-plugin:2.4:install (default-install) @ adapter-guava ---
[INFO] Installing /home/travis/build/square/retrofit/retrofit-adapters/guava/target/adapter-guava-2.1.1-SNAPSHOT.jar to /home/travis/.m2/repository/com/squareup/retrofit2/adapter-guava/2.1.1-SNAPSHOT/adapter-guava-2.1.1-SNAPSHOT.jar
[INFO] Installing /home/travis/build/square/retrofit/retrofit-adapters/guava/pom.xml to /home/travis/.m2/repository/com/squareup/retrofit2/adapter-guava/2.1.1-SNAPSHOT/adapter-guava-2.1.1-SNAPSHOT.pom
[INFO]                                                                         
[INFO] ------------------------------------------------------------------------
[INFO] Building Adapter: Java 8 2.1.1-SNAPSHOT
[INFO] ------------------------------------------------------------------------
[INFO] 
[INFO] --- maven-enforcer-plugin:1.0:enforce (enforce-maven) @ adapter-java8 ---
[INFO] 
[INFO] --- maven-resources-plugin:2.6:resources (default-resources) @ adapter-java8 ---
[INFO] Using 'UTF-8' encoding to copy filtered resources.
[INFO] skip non existing resourceDirectory /home/travis/build/square/retrofit/retrofit-adapters/java8/src/main/resources
[INFO] 
[INFO] --- maven-compiler-plugin:3.0:compile (default-compile) @ adapter-java8 ---
[INFO] Changes detected - recompiling the module!
[INFO] Compiling 2 source files to /home/travis/build/square/retrofit/retrofit-adapters/java8/target/classes
[INFO] 
[INFO] --- maven-resources-plugin:2.6:testResources (default-testResources) @ adapter-java8 ---
[INFO] Using 'UTF-8' encoding to copy filtered resources.
[INFO] skip non existing resourceDirectory /home/travis/build/square/retrofit/retrofit-adapters/java8/src/test/resources
[INFO] 
[INFO] --- maven-compiler-plugin:3.0:testCompile (default-testCompile) @ adapter-java8 ---
[INFO] Changes detected - recompiling the module!
[INFO] Compiling 3 source files to /home/travis/build/square/retrofit/retrofit-adapters/java8/target/test-classes
[INFO] 
[INFO] --- maven-surefire-plugin:2.12.4:test (default-test) @ adapter-java8 ---
[INFO] Tests are skipped.
[INFO] 
[INFO] --- animal-sniffer-maven-plugin:1.14:check (default) @ adapter-java8 ---
[INFO] Checking unresolved references to org.kaazing.mojo.signature:java18:1.0
[INFO] 
[INFO] --- maven-jar-plugin:2.4:jar (default-jar) @ adapter-java8 ---
[INFO] Building jar: /home/travis/build/square/retrofit/retrofit-adapters/java8/target/adapter-java8-2.1.1-SNAPSHOT.jar
[INFO] 
[INFO] --- maven-javadoc-plugin:2.10.3:jar (attach-javadocs) @ adapter-java8 ---
[INFO] Skipping javadoc generation
[INFO] 
[INFO] --- maven-checkstyle-plugin:2.15:checkstyle (default) @ adapter-java8 ---
[INFO] Starting audit...
Audit done.
[WARNING] Unable to locate Source XRef to link to - DISABLED
[INFO] 
[INFO] --- maven-install-plugin:2.4:install (default-install) @ adapter-java8 ---
[INFO] Installing /home/travis/build/square/retrofit/retrofit-adapters/java8/target/adapter-java8-2.1.1-SNAPSHOT.jar to /home/travis/.m2/repository/com/squareup/retrofit2/adapter-java8/2.1.1-SNAPSHOT/adapter-java8-2.1.1-SNAPSHOT.jar
[INFO] Installing /home/travis/build/square/retrofit/retrofit-adapters/java8/pom.xml to /home/travis/.m2/repository/com/squareup/retrofit2/adapter-java8/2.1.1-SNAPSHOT/adapter-java8-2.1.1-SNAPSHOT.pom
[INFO]                                                                         
[INFO] ------------------------------------------------------------------------
[INFO] Building Adapter: RxJava 2.1.1-SNAPSHOT
[INFO] ------------------------------------------------------------------------
[INFO] 
[INFO] --- maven-enforcer-plugin:1.0:enforce (enforce-maven) @ adapter-rxjava ---
[INFO] 
[INFO] --- maven-resources-plugin:2.6:resources (default-resources) @ adapter-rxjava ---
[INFO] Using 'UTF-8' encoding to copy filtered resources.
[INFO] skip non existing resourceDirectory /home/travis/build/square/retrofit/retrofit-adapters/rxjava/src/main/resources
[INFO] 
[INFO] --- maven-compiler-plugin:3.0:compile (default-compile) @ adapter-rxjava ---
[INFO] Changes detected - recompiling the module!
[INFO] Compiling 6 source files to /home/travis/build/square/retrofit/retrofit-adapters/rxjava/target/classes
[INFO] 
[INFO] --- maven-resources-plugin:2.6:testResources (default-testResources) @ adapter-rxjava ---
[INFO] Using 'UTF-8' encoding to copy filtered resources.
[INFO] skip non existing resourceDirectory /home/travis/build/square/retrofit/retrofit-adapters/rxjava/src/test/resources
[INFO] 
[INFO] --- maven-compiler-plugin:3.0:testCompile (default-testCompile) @ adapter-rxjava ---
[INFO] Changes detected - recompiling the module!
[INFO] Compiling 9 source files to /home/travis/build/square/retrofit/retrofit-adapters/rxjava/target/test-classes
[INFO] 
[INFO] --- maven-surefire-plugin:2.12.4:test (default-test) @ adapter-rxjava ---
[INFO] Tests are skipped.
[INFO] 
[INFO] --- animal-sniffer-maven-plugin:1.14:check (default) @ adapter-rxjava ---
[INFO] Checking unresolved references to org.codehaus.mojo.signature:java16:1.1
[INFO] 
[INFO] --- maven-jar-plugin:2.4:jar (default-jar) @ adapter-rxjava ---
[INFO] Building jar: /home/travis/build/square/retrofit/retrofit-adapters/rxjava/target/adapter-rxjava-2.1.1-SNAPSHOT.jar
[INFO] 
[INFO] --- maven-javadoc-plugin:2.10.3:jar (attach-javadocs) @ adapter-rxjava ---
[INFO] Skipping javadoc generation
[INFO] 
[INFO] --- maven-checkstyle-plugin:2.15:checkstyle (default) @ adapter-rxjava ---
[INFO] Starting audit...
Audit done.
[WARNING] Unable to locate Source XRef to link to - DISABLED
[INFO] 
[INFO] --- maven-install-plugin:2.4:install (default-install) @ adapter-rxjava ---
[INFO] Installing /home/travis/build/square/retrofit/retrofit-adapters/rxjava/target/adapter-rxjava-2.1.1-SNAPSHOT.jar to /home/travis/.m2/repository/com/squareup/retrofit2/adapter-rxjava/2.1.1-SNAPSHOT/adapter-rxjava-2.1.1-SNAPSHOT.jar
[INFO] Installing /home/travis/build/square/retrofit/retrofit-adapters/rxjava/pom.xml to /home/travis/.m2/repository/com/squareup/retrofit2/adapter-rxjava/2.1.1-SNAPSHOT/adapter-rxjava-2.1.1-SNAPSHOT.pom
[INFO]                                                                         
[INFO] ------------------------------------------------------------------------
[INFO] Building Converters 2.1.1-SNAPSHOT
[INFO] ------------------------------------------------------------------------
[INFO] 
[INFO] --- maven-enforcer-plugin:1.0:enforce (enforce-maven) @ retrofit-converters ---
[INFO] 
[INFO] --- animal-sniffer-maven-plugin:1.14:check (default) @ retrofit-converters ---
[INFO] Checking unresolved references to org.codehaus.mojo.signature:java16:1.1
[INFO] 
[INFO] --- maven-javadoc-plugin:2.10.3:jar (attach-javadocs) @ retrofit-converters ---
[INFO] Skipping javadoc generation
[INFO] 
[INFO] --- maven-checkstyle-plugin:2.15:checkstyle (default) @ retrofit-converters ---
[INFO] 
[INFO] --- maven-install-plugin:2.4:install (default-install) @ retrofit-converters ---
[INFO] Installing /home/travis/build/square/retrofit/retrofit-converters/pom.xml to /home/travis/.m2/repository/com/squareup/retrofit2/retrofit-converters/2.1.1-SNAPSHOT/retrofit-converters-2.1.1-SNAPSHOT.pom
[INFO]                                                                         
[INFO] ------------------------------------------------------------------------
[INFO] Building Converter: Gson 2.1.1-SNAPSHOT
[INFO] ------------------------------------------------------------------------
[INFO] 
[INFO] --- maven-enforcer-plugin:1.0:enforce (enforce-maven) @ converter-gson ---
[INFO] 
[INFO] --- maven-resources-plugin:2.6:resources (default-resources) @ converter-gson ---
[INFO] Using 'UTF-8' encoding to copy filtered resources.
[INFO] skip non existing resourceDirectory /home/travis/build/square/retrofit/retrofit-converters/gson/src/main/resources
[INFO] 
[INFO] --- maven-compiler-plugin:3.0:compile (default-compile) @ converter-gson ---
[INFO] Changes detected - recompiling the module!
[INFO] Compiling 3 source files to /home/travis/build/square/retrofit/retrofit-converters/gson/target/classes
[INFO] 
[INFO] --- maven-resources-plugin:2.6:testResources (default-testResources) @ converter-gson ---
[INFO] Using 'UTF-8' encoding to copy filtered resources.
[INFO] skip non existing resourceDirectory /home/travis/build/square/retrofit/retrofit-converters/gson/src/test/resources
[INFO] 
[INFO] --- maven-compiler-plugin:3.0:testCompile (default-testCompile) @ converter-gson ---
[INFO] Changes detected - recompiling the module!
[INFO] Compiling 1 source file to /home/travis/build/square/retrofit/retrofit-converters/gson/target/test-classes
[INFO] 
[INFO] --- maven-surefire-plugin:2.12.4:test (default-test) @ converter-gson ---
[INFO] Tests are skipped.
[INFO] 
[INFO] --- animal-sniffer-maven-plugin:1.14:check (default) @ converter-gson ---
[INFO] Checking unresolved references to org.codehaus.mojo.signature:java16:1.1
[INFO] 
[INFO] --- maven-jar-plugin:2.4:jar (default-jar) @ converter-gson ---
[INFO] Building jar: /home/travis/build/square/retrofit/retrofit-converters/gson/target/converter-gson-2.1.1-SNAPSHOT.jar
[INFO] 
[INFO] --- maven-javadoc-plugin:2.10.3:jar (attach-javadocs) @ converter-gson ---
[INFO] Skipping javadoc generation
[INFO] 
[INFO] --- maven-checkstyle-plugin:2.15:checkstyle (default) @ converter-gson ---
[INFO] Starting audit...
Audit done.
[WARNING] Unable to locate Source XRef to link to - DISABLED
[INFO] 
[INFO] --- maven-install-plugin:2.4:install (default-install) @ converter-gson ---
[INFO] Installing /home/travis/build/square/retrofit/retrofit-converters/gson/target/converter-gson-2.1.1-SNAPSHOT.jar to /home/travis/.m2/repository/com/squareup/retrofit2/converter-gson/2.1.1-SNAPSHOT/converter-gson-2.1.1-SNAPSHOT.jar
[INFO] Installing /home/travis/build/square/retrofit/retrofit-converters/gson/pom.xml to /home/travis/.m2/repository/com/squareup/retrofit2/converter-gson/2.1.1-SNAPSHOT/converter-gson-2.1.1-SNAPSHOT.pom
[INFO]                                                                         
[INFO] ------------------------------------------------------------------------
[INFO] Building Converter: Protocol Buffers 2.1.1-SNAPSHOT
[INFO] ------------------------------------------------------------------------
[INFO] 
[INFO] --- maven-enforcer-plugin:1.0:enforce (enforce-maven) @ converter-protobuf ---
[INFO] 
[INFO] --- maven-resources-plugin:2.6:resources (default-resources) @ converter-protobuf ---
[INFO] Using 'UTF-8' encoding to copy filtered resources.
[INFO] skip non existing resourceDirectory /home/travis/build/square/retrofit/retrofit-converters/protobuf/src/main/resources
[INFO] 
[INFO] --- maven-compiler-plugin:3.0:compile (default-compile) @ converter-protobuf ---
[INFO] Changes detected - recompiling the module!
[INFO] Compiling 3 source files to /home/travis/build/square/retrofit/retrofit-converters/protobuf/target/classes
[WARNING] /home/travis/build/square/retrofit/retrofit-converters/protobuf/src/main/java/retrofit2/converter/protobuf/ProtoConverterFactory.java: /home/travis/build/square/retrofit/retrofit-converters/protobuf/src/main/java/retrofit2/converter/protobuf/ProtoConverterFactory.java uses unchecked or unsafe operations.
[WARNING] /home/travis/build/square/retrofit/retrofit-converters/protobuf/src/main/java/retrofit2/converter/protobuf/ProtoConverterFactory.java: Recompile with -Xlint:unchecked for details.
[INFO] 
[INFO] --- maven-resources-plugin:2.6:testResources (default-testResources) @ converter-protobuf ---
[INFO] Using 'UTF-8' encoding to copy filtered resources.
[INFO] skip non existing resourceDirectory /home/travis/build/square/retrofit/retrofit-converters/protobuf/src/test/resources
[INFO] 
[INFO] --- maven-compiler-plugin:3.0:testCompile (default-testCompile) @ converter-protobuf ---
[INFO] Changes detected - recompiling the module!
[INFO] Compiling 2 source files to /home/travis/build/square/retrofit/retrofit-converters/protobuf/target/test-classes
[INFO] 
[INFO] --- maven-surefire-plugin:2.12.4:test (default-test) @ converter-protobuf ---
[INFO] Tests are skipped.
[INFO] 
[INFO] --- animal-sniffer-maven-plugin:1.14:check (default) @ converter-protobuf ---
[INFO] Checking unresolved references to org.codehaus.mojo.signature:java16:1.1
[INFO] 
[INFO] --- maven-jar-plugin:2.4:jar (default-jar) @ converter-protobuf ---
[INFO] Building jar: /home/travis/build/square/retrofit/retrofit-converters/protobuf/target/converter-protobuf-2.1.1-SNAPSHOT.jar
[INFO] 
[INFO] --- maven-javadoc-plugin:2.10.3:jar (attach-javadocs) @ converter-protobuf ---
[INFO] Skipping javadoc generation
[INFO] 
[INFO] --- maven-checkstyle-plugin:2.15:checkstyle (default) @ converter-protobuf ---
[INFO] Starting audit...
Audit done.
[WARNING] Unable to locate Source XRef to link to - DISABLED
[INFO] 
[INFO] --- maven-install-plugin:2.4:install (default-install) @ converter-protobuf ---
[INFO] Installing /home/travis/build/square/retrofit/retrofit-converters/protobuf/target/converter-protobuf-2.1.1-SNAPSHOT.jar to /home/travis/.m2/repository/com/squareup/retrofit2/converter-protobuf/2.1.1-SNAPSHOT/converter-protobuf-2.1.1-SNAPSHOT.jar
[INFO] Installing /home/travis/build/square/retrofit/retrofit-converters/protobuf/pom.xml to /home/travis/.m2/repository/com/squareup/retrofit2/converter-protobuf/2.1.1-SNAPSHOT/converter-protobuf-2.1.1-SNAPSHOT.pom
[INFO]                                                                         
[INFO] ------------------------------------------------------------------------
[INFO] Building Converter: Jackson 2.1.1-SNAPSHOT
[INFO] ------------------------------------------------------------------------
[INFO] 
[INFO] --- maven-enforcer-plugin:1.0:enforce (enforce-maven) @ converter-jackson ---
[INFO] 
[INFO] --- maven-resources-plugin:2.6:resources (default-resources) @ converter-jackson ---
[INFO] Using 'UTF-8' encoding to copy filtered resources.
[INFO] skip non existing resourceDirectory /home/travis/build/square/retrofit/retrofit-converters/jackson/src/main/resources
[INFO] 
[INFO] --- maven-compiler-plugin:3.0:compile (default-compile) @ converter-jackson ---
[INFO] Changes detected - recompiling the module!
[INFO] Compiling 3 source files to /home/travis/build/square/retrofit/retrofit-converters/jackson/target/classes
[WARNING] /home/travis/build/square/retrofit/retrofit-converters/jackson/src/main/java/retrofit2/converter/jackson/JacksonConverterFactory.java: /home/travis/build/square/retrofit/retrofit-converters/jackson/src/main/java/retrofit2/converter/jackson/JacksonConverterFactory.java uses or overrides a deprecated API.
[WARNING] /home/travis/build/square/retrofit/retrofit-converters/jackson/src/main/java/retrofit2/converter/jackson/JacksonConverterFactory.java: Recompile with -Xlint:deprecation for details.
[INFO] 
[INFO] --- maven-resources-plugin:2.6:testResources (default-testResources) @ converter-jackson ---
[INFO] Using 'UTF-8' encoding to copy filtered resources.
[INFO] skip non existing resourceDirectory /home/travis/build/square/retrofit/retrofit-converters/jackson/src/test/resources
[INFO] 
[INFO] --- maven-compiler-plugin:3.0:testCompile (default-testCompile) @ converter-jackson ---
[INFO] Changes detected - recompiling the module!
[INFO] Compiling 1 source file to /home/travis/build/square/retrofit/retrofit-converters/jackson/target/test-classes
[WARNING] /home/travis/build/square/retrofit/retrofit-converters/jackson/src/test/java/retrofit2/converter/jackson/JacksonConverterFactoryTest.java: /home/travis/build/square/retrofit/retrofit-converters/jackson/src/test/java/retrofit2/converter/jackson/JacksonConverterFactoryTest.java uses or overrides a deprecated API.
[WARNING] /home/travis/build/square/retrofit/retrofit-converters/jackson/src/test/java/retrofit2/converter/jackson/JacksonConverterFactoryTest.java: Recompile with -Xlint:deprecation for details.
[INFO] 
[INFO] --- maven-surefire-plugin:2.12.4:test (default-test) @ converter-jackson ---
[INFO] Tests are skipped.
[INFO] 
[INFO] --- animal-sniffer-maven-plugin:1.14:check (default) @ converter-jackson ---
[INFO] Checking unresolved references to org.codehaus.mojo.signature:java16:1.1
[INFO] 
[INFO] --- maven-jar-plugin:2.4:jar (default-jar) @ converter-jackson ---
[INFO] Building jar: /home/travis/build/square/retrofit/retrofit-converters/jackson/target/converter-jackson-2.1.1-SNAPSHOT.jar
[INFO] 
[INFO] --- maven-javadoc-plugin:2.10.3:jar (attach-javadocs) @ converter-jackson ---
[INFO] Skipping javadoc generation
[INFO] 
[INFO] --- maven-checkstyle-plugin:2.15:checkstyle (default) @ converter-jackson ---
[INFO] Starting audit...
Audit done.
[WARNING] Unable to locate Source XRef to link to - DISABLED
[INFO] 
[INFO] --- maven-install-plugin:2.4:install (default-install) @ converter-jackson ---
[INFO] Installing /home/travis/build/square/retrofit/retrofit-converters/jackson/target/converter-jackson-2.1.1-SNAPSHOT.jar to /home/travis/.m2/repository/com/squareup/retrofit2/converter-jackson/2.1.1-SNAPSHOT/converter-jackson-2.1.1-SNAPSHOT.jar
[INFO] Installing /home/travis/build/square/retrofit/retrofit-converters/jackson/pom.xml to /home/travis/.m2/repository/com/squareup/retrofit2/converter-jackson/2.1.1-SNAPSHOT/converter-jackson-2.1.1-SNAPSHOT.pom
[INFO]                                                                         
[INFO] ------------------------------------------------------------------------
[INFO] Building Converter: Wire Protocol Buffers 2.1.1-SNAPSHOT
[INFO] ------------------------------------------------------------------------
[INFO] 
[INFO] --- maven-enforcer-plugin:1.0:enforce (enforce-maven) @ converter-wire ---
[INFO] 
[INFO] --- maven-resources-plugin:2.6:resources (default-resources) @ converter-wire ---
[INFO] Using 'UTF-8' encoding to copy filtered resources.
[INFO] skip non existing resourceDirectory /home/travis/build/square/retrofit/retrofit-converters/wire/src/main/resources
[INFO] 
[INFO] --- maven-compiler-plugin:3.0:compile (default-compile) @ converter-wire ---
[INFO] Changes detected - recompiling the module!
[INFO] Compiling 3 source files to /home/travis/build/square/retrofit/retrofit-converters/wire/target/classes
[WARNING] /home/travis/build/square/retrofit/retrofit-converters/wire/src/main/java/retrofit2/converter/wire/WireConverterFactory.java: /home/travis/build/square/retrofit/retrofit-converters/wire/src/main/java/retrofit2/converter/wire/WireConverterFactory.java uses unchecked or unsafe operations.
[WARNING] /home/travis/build/square/retrofit/retrofit-converters/wire/src/main/java/retrofit2/converter/wire/WireConverterFactory.java: Recompile with -Xlint:unchecked for details.
[INFO] 
[INFO] --- maven-resources-plugin:2.6:testResources (default-testResources) @ converter-wire ---
[INFO] Using 'UTF-8' encoding to copy filtered resources.
[INFO] skip non existing resourceDirectory /home/travis/build/square/retrofit/retrofit-converters/wire/src/test/resources
[INFO] 
[INFO] --- maven-compiler-plugin:3.0:testCompile (default-testCompile) @ converter-wire ---
[INFO] Changes detected - recompiling the module!
[INFO] Compiling 2 source files to /home/travis/build/square/retrofit/retrofit-converters/wire/target/test-classes
[INFO] 
[INFO] --- maven-surefire-plugin:2.12.4:test (default-test) @ converter-wire ---
[INFO] Tests are skipped.
[INFO] 
[INFO] --- animal-sniffer-maven-plugin:1.14:check (default) @ converter-wire ---
[INFO] Checking unresolved references to org.codehaus.mojo.signature:java16:1.1
[INFO] 
[INFO] --- maven-jar-plugin:2.4:jar (default-jar) @ converter-wire ---
[INFO] Building jar: /home/travis/build/square/retrofit/retrofit-converters/wire/target/converter-wire-2.1.1-SNAPSHOT.jar
[INFO] 
[INFO] --- maven-javadoc-plugin:2.10.3:jar (attach-javadocs) @ converter-wire ---
[INFO] Skipping javadoc generation
[INFO] 
[INFO] --- maven-checkstyle-plugin:2.15:checkstyle (default) @ converter-wire ---
[INFO] Starting audit...
Audit done.
[WARNING] Unable to locate Source XRef to link to - DISABLED
[INFO] 
[INFO] --- maven-install-plugin:2.4:install (default-install) @ converter-wire ---
[INFO] Installing /home/travis/build/square/retrofit/retrofit-converters/wire/target/converter-wire-2.1.1-SNAPSHOT.jar to /home/travis/.m2/repository/com/squareup/retrofit2/converter-wire/2.1.1-SNAPSHOT/converter-wire-2.1.1-SNAPSHOT.jar
[INFO] Installing /home/travis/build/square/retrofit/retrofit-converters/wire/pom.xml to /home/travis/.m2/repository/com/squareup/retrofit2/converter-wire/2.1.1-SNAPSHOT/converter-wire-2.1.1-SNAPSHOT.pom
[INFO]                                                                         
[INFO] ------------------------------------------------------------------------
[INFO] Building Converter: SimpleXML 2.1.1-SNAPSHOT
[INFO] ------------------------------------------------------------------------
[INFO] 
[INFO] --- maven-enforcer-plugin:1.0:enforce (enforce-maven) @ converter-simplexml ---
[INFO] 
[INFO] --- maven-resources-plugin:2.6:resources (default-resources) @ converter-simplexml ---
[INFO] Using 'UTF-8' encoding to copy filtered resources.
[INFO] skip non existing resourceDirectory /home/travis/build/square/retrofit/retrofit-converters/simplexml/src/main/resources
[INFO] 
[INFO] --- maven-compiler-plugin:3.0:compile (default-compile) @ converter-simplexml ---
[INFO] Changes detected - recompiling the module!
[INFO] Compiling 3 source files to /home/travis/build/square/retrofit/retrofit-converters/simplexml/target/classes
[INFO] 
[INFO] --- maven-resources-plugin:2.6:testResources (default-testResources) @ converter-simplexml ---
[INFO] Using 'UTF-8' encoding to copy filtered resources.
[INFO] skip non existing resourceDirectory /home/travis/build/square/retrofit/retrofit-converters/simplexml/src/test/resources
[INFO] 
[INFO] --- maven-compiler-plugin:3.0:testCompile (default-testCompile) @ converter-simplexml ---
[INFO] Changes detected - recompiling the module!
[INFO] Compiling 2 source files to /home/travis/build/square/retrofit/retrofit-converters/simplexml/target/test-classes
[INFO] 
[INFO] --- maven-surefire-plugin:2.12.4:test (default-test) @ converter-simplexml ---
[INFO] Tests are skipped.
[INFO] 
[INFO] --- animal-sniffer-maven-plugin:1.14:check (default) @ converter-simplexml ---
[INFO] Checking unresolved references to org.codehaus.mojo.signature:java16:1.1
[INFO] 
[INFO] --- maven-jar-plugin:2.4:jar (default-jar) @ converter-simplexml ---
[INFO] Building jar: /home/travis/build/square/retrofit/retrofit-converters/simplexml/target/converter-simplexml-2.1.1-SNAPSHOT.jar
[INFO] 
[INFO] --- maven-javadoc-plugin:2.10.3:jar (attach-javadocs) @ converter-simplexml ---
[INFO] Skipping javadoc generation
[INFO] 
[INFO] --- maven-checkstyle-plugin:2.15:checkstyle (default) @ converter-simplexml ---
[INFO] Starting audit...
Audit done.
[WARNING] Unable to locate Source XRef to link to - DISABLED
[INFO] 
[INFO] --- maven-install-plugin:2.4:install (default-install) @ converter-simplexml ---
[INFO] Installing /home/travis/build/square/retrofit/retrofit-converters/simplexml/target/converter-simplexml-2.1.1-SNAPSHOT.jar to /home/travis/.m2/repository/com/squareup/retrofit2/converter-simplexml/2.1.1-SNAPSHOT/converter-simplexml-2.1.1-SNAPSHOT.jar
[INFO] Installing /home/travis/build/square/retrofit/retrofit-converters/simplexml/pom.xml to /home/travis/.m2/repository/com/squareup/retrofit2/converter-simplexml/2.1.1-SNAPSHOT/converter-simplexml-2.1.1-SNAPSHOT.pom
[INFO]                                                                         
[INFO] ------------------------------------------------------------------------
[INFO] Building Converter: Java Scalars 2.1.1-SNAPSHOT
[INFO] ------------------------------------------------------------------------
[INFO] 
[INFO] --- maven-enforcer-plugin:1.0:enforce (enforce-maven) @ converter-scalars ---
[INFO] 
[INFO] --- maven-resources-plugin:2.6:resources (default-resources) @ converter-scalars ---
[INFO] Using 'UTF-8' encoding to copy filtered resources.
[INFO] skip non existing resourceDirectory /home/travis/build/square/retrofit/retrofit-converters/scalars/src/main/resources
[INFO] 
[INFO] --- maven-compiler-plugin:3.0:compile (default-compile) @ converter-scalars ---
[INFO] Changes detected - recompiling the module!
[INFO] Compiling 3 source files to /home/travis/build/square/retrofit/retrofit-converters/scalars/target/classes
[INFO] 
[INFO] --- maven-resources-plugin:2.6:testResources (default-testResources) @ converter-scalars ---
[INFO] Using 'UTF-8' encoding to copy filtered resources.
[INFO] skip non existing resourceDirectory /home/travis/build/square/retrofit/retrofit-converters/scalars/src/test/resources
[INFO] 
[INFO] --- maven-compiler-plugin:3.0:testCompile (default-testCompile) @ converter-scalars ---
[INFO] Changes detected - recompiling the module!
[INFO] Compiling 2 source files to /home/travis/build/square/retrofit/retrofit-converters/scalars/target/test-classes
[INFO] 
[INFO] --- maven-surefire-plugin:2.12.4:test (default-test) @ converter-scalars ---
[INFO] Tests are skipped.
[INFO] 
[INFO] --- animal-sniffer-maven-plugin:1.14:check (default) @ converter-scalars ---
[INFO] Checking unresolved references to org.codehaus.mojo.signature:java16:1.1
[INFO] 
[INFO] --- maven-jar-plugin:2.4:jar (default-jar) @ converter-scalars ---
[INFO] Building jar: /home/travis/build/square/retrofit/retrofit-converters/scalars/target/converter-scalars-2.1.1-SNAPSHOT.jar
[INFO] 
[INFO] --- maven-javadoc-plugin:2.10.3:jar (attach-javadocs) @ converter-scalars ---
[INFO] Skipping javadoc generation
[INFO] 
[INFO] --- maven-checkstyle-plugin:2.15:checkstyle (default) @ converter-scalars ---
[INFO] Starting audit...
Audit done.
[WARNING] Unable to locate Source XRef to link to - DISABLED
[INFO] 
[INFO] --- maven-install-plugin:2.4:install (default-install) @ converter-scalars ---
[INFO] Installing /home/travis/build/square/retrofit/retrofit-converters/scalars/target/converter-scalars-2.1.1-SNAPSHOT.jar to /home/travis/.m2/repository/com/squareup/retrofit2/converter-scalars/2.1.1-SNAPSHOT/converter-scalars-2.1.1-SNAPSHOT.jar
[INFO] Installing /home/travis/build/square/retrofit/retrofit-converters/scalars/pom.xml to /home/travis/.m2/repository/com/squareup/retrofit2/converter-scalars/2.1.1-SNAPSHOT/converter-scalars-2.1.1-SNAPSHOT.pom
[INFO]                                                                         
[INFO] ------------------------------------------------------------------------
[INFO] Building Converter: Moshi 2.1.1-SNAPSHOT
[INFO] ------------------------------------------------------------------------
[INFO] 
[INFO] --- maven-enforcer-plugin:1.0:enforce (enforce-maven) @ converter-moshi ---
[INFO] 
[INFO] --- maven-resources-plugin:2.6:resources (default-resources) @ converter-moshi ---
[INFO] Using 'UTF-8' encoding to copy filtered resources.
[INFO] skip non existing resourceDirectory /home/travis/build/square/retrofit/retrofit-converters/moshi/src/main/resources
[INFO] 
[INFO] --- maven-compiler-plugin:3.0:compile (default-compile) @ converter-moshi ---
[INFO] Changes detected - recompiling the module!
[INFO] Compiling 3 source files to /home/travis/build/square/retrofit/retrofit-converters/moshi/target/classes
[INFO] 
[INFO] --- maven-resources-plugin:2.6:testResources (default-testResources) @ converter-moshi ---
[INFO] Using 'UTF-8' encoding to copy filtered resources.
[INFO] skip non existing resourceDirectory /home/travis/build/square/retrofit/retrofit-converters/moshi/src/test/resources
[INFO] 
[INFO] --- maven-compiler-plugin:3.0:testCompile (default-testCompile) @ converter-moshi ---
[INFO] Changes detected - recompiling the module!
[INFO] Compiling 1 source file to /home/travis/build/square/retrofit/retrofit-converters/moshi/target/test-classes
[INFO] 
[INFO] --- maven-surefire-plugin:2.12.4:test (default-test) @ converter-moshi ---
[INFO] Tests are skipped.
[INFO] 
[INFO] --- animal-sniffer-maven-plugin:1.14:check (default) @ converter-moshi ---
[INFO] Checking unresolved references to org.codehaus.mojo.signature:java16:1.1
[INFO] 
[INFO] --- maven-jar-plugin:2.4:jar (default-jar) @ converter-moshi ---
[INFO] Building jar: /home/travis/build/square/retrofit/retrofit-converters/moshi/target/converter-moshi-2.1.1-SNAPSHOT.jar
[INFO] 
[INFO] --- maven-javadoc-plugin:2.10.3:jar (attach-javadocs) @ converter-moshi ---
[INFO] Skipping javadoc generation
[INFO] 
[INFO] --- maven-checkstyle-plugin:2.15:checkstyle (default) @ converter-moshi ---
[INFO] Starting audit...
Audit done.
[WARNING] Unable to locate Source XRef to link to - DISABLED
[INFO] 
[INFO] --- maven-install-plugin:2.4:install (default-install) @ converter-moshi ---
[INFO] Installing /home/travis/build/square/retrofit/retrofit-converters/moshi/target/converter-moshi-2.1.1-SNAPSHOT.jar to /home/travis/.m2/repository/com/squareup/retrofit2/converter-moshi/2.1.1-SNAPSHOT/converter-moshi-2.1.1-SNAPSHOT.jar
[INFO] Installing /home/travis/build/square/retrofit/retrofit-converters/moshi/pom.xml to /home/travis/.m2/repository/com/squareup/retrofit2/converter-moshi/2.1.1-SNAPSHOT/converter-moshi-2.1.1-SNAPSHOT.pom
[INFO]                                                                         
[INFO] ------------------------------------------------------------------------
[INFO] Building Retrofit Mock Adapter 2.1.1-SNAPSHOT
[INFO] ------------------------------------------------------------------------
[INFO] 
[INFO] --- maven-enforcer-plugin:1.0:enforce (enforce-maven) @ retrofit-mock ---
[INFO] 
[INFO] --- maven-resources-plugin:2.6:resources (default-resources) @ retrofit-mock ---
[INFO] Using 'UTF-8' encoding to copy filtered resources.
[INFO] skip non existing resourceDirectory /home/travis/build/square/retrofit/retrofit-mock/src/main/resources
[INFO] 
[INFO] --- maven-compiler-plugin:3.0:compile (default-compile) @ retrofit-mock ---
[INFO] Changes detected - recompiling the module!
[INFO] Compiling 5 source files to /home/travis/build/square/retrofit/retrofit-mock/target/classes
[INFO] 
[INFO] --- maven-resources-plugin:2.6:testResources (default-testResources) @ retrofit-mock ---
[INFO] Using 'UTF-8' encoding to copy filtered resources.
[INFO] skip non existing resourceDirectory /home/travis/build/square/retrofit/retrofit-mock/src/test/resources
[INFO] 
[INFO] --- maven-compiler-plugin:3.0:testCompile (default-testCompile) @ retrofit-mock ---
[INFO] Changes detected - recompiling the module!
[INFO] Compiling 3 source files to /home/travis/build/square/retrofit/retrofit-mock/target/test-classes
[INFO] 
[INFO] --- maven-surefire-plugin:2.12.4:test (default-test) @ retrofit-mock ---
[INFO] Tests are skipped.
[INFO] 
[INFO] --- animal-sniffer-maven-plugin:1.14:check (default) @ retrofit-mock ---
[INFO] Checking unresolved references to org.codehaus.mojo.signature:java16:1.1
[INFO] 
[INFO] --- maven-jar-plugin:2.4:jar (default-jar) @ retrofit-mock ---
[INFO] Building jar: /home/travis/build/square/retrofit/retrofit-mock/target/retrofit-mock-2.1.1-SNAPSHOT.jar
[INFO] 
[INFO] --- maven-javadoc-plugin:2.10.3:jar (attach-javadocs) @ retrofit-mock ---
[INFO] Skipping javadoc generation
[INFO] 
[INFO] --- maven-checkstyle-plugin:2.15:checkstyle (default) @ retrofit-mock ---
[INFO] Starting audit...
Audit done.
[WARNING] Unable to locate Source XRef to link to - DISABLED
[INFO] 
[INFO] --- maven-install-plugin:2.4:install (default-install) @ retrofit-mock ---
[INFO] Installing /home/travis/build/square/retrofit/retrofit-mock/target/retrofit-mock-2.1.1-SNAPSHOT.jar to /home/travis/.m2/repository/com/squareup/retrofit2/retrofit-mock/2.1.1-SNAPSHOT/retrofit-mock-2.1.1-SNAPSHOT.jar
[INFO] Installing /home/travis/build/square/retrofit/retrofit-mock/pom.xml to /home/travis/.m2/repository/com/squareup/retrofit2/retrofit-mock/2.1.1-SNAPSHOT/retrofit-mock-2.1.1-SNAPSHOT.pom
[INFO]                                                                         
[INFO] ------------------------------------------------------------------------
[INFO] Building Samples 2.1.1-SNAPSHOT
[INFO] ------------------------------------------------------------------------
[INFO] 
[INFO] --- maven-enforcer-plugin:1.0:enforce (enforce-maven) @ samples ---
[INFO] 
[INFO] --- maven-resources-plugin:2.6:resources (default-resources) @ samples ---
[INFO] Using 'UTF-8' encoding to copy filtered resources.
[INFO] skip non existing resourceDirectory /home/travis/build/square/retrofit/samples/src/main/resources
[INFO] 
[INFO] --- maven-compiler-plugin:3.0:compile (default-compile) @ samples ---
[INFO] Changes detected - recompiling the module!
[INFO] Compiling 9 source files to /home/travis/build/square/retrofit/samples/target/classes
[INFO] 
[INFO] --- maven-resources-plugin:2.6:testResources (default-testResources) @ samples ---
[INFO] Using 'UTF-8' encoding to copy filtered resources.
[INFO] skip non existing resourceDirectory /home/travis/build/square/retrofit/samples/src/test/resources
[INFO] 
[INFO] --- maven-compiler-plugin:3.0:testCompile (default-testCompile) @ samples ---
[INFO] No sources to compile
[INFO] 
[INFO] --- maven-surefire-plugin:2.12.4:test (default-test) @ samples ---
[INFO] Tests are skipped.
[INFO] 
[INFO] --- animal-sniffer-maven-plugin:1.14:check (default) @ samples ---
[INFO] Checking unresolved references to org.codehaus.mojo.signature:java16:1.1
[INFO] 
[INFO] --- maven-jar-plugin:2.4:jar (default-jar) @ samples ---
[INFO] Building jar: /home/travis/build/square/retrofit/samples/target/samples-2.1.1-SNAPSHOT.jar
[INFO] 
[INFO] --- maven-javadoc-plugin:2.10.3:jar (attach-javadocs) @ samples ---
[INFO] Skipping javadoc generation
[INFO] 
[INFO] --- maven-checkstyle-plugin:2.15:checkstyle (default) @ samples ---
[INFO] Starting audit...
Audit done.
[WARNING] Unable to locate Source XRef to link to - DISABLED
[INFO] 
[INFO] --- maven-install-plugin:2.4:install (default-install) @ samples ---
[INFO] Installing /home/travis/build/square/retrofit/samples/target/samples-2.1.1-SNAPSHOT.jar to /home/travis/.m2/repository/com/squareup/retrofit2/samples/2.1.1-SNAPSHOT/samples-2.1.1-SNAPSHOT.jar
[INFO] Installing /home/travis/build/square/retrofit/samples/pom.xml to /home/travis/.m2/repository/com/squareup/retrofit2/samples/2.1.1-SNAPSHOT/samples-2.1.1-SNAPSHOT.pom
[INFO] ------------------------------------------------------------------------
[INFO] Reactor Summary:
[INFO] 
[INFO] Retrofit (Parent) .................................. SUCCESS [  7.069 s]
[INFO] Retrofit ........................................... SUCCESS [ 22.321 s]
[INFO] Adapters ........................................... SUCCESS [  0.649 s]
[INFO] Adapter: Guava ..................................... SUCCESS [  3.938 s]
[INFO] Adapter: Java 8 .................................... SUCCESS [  2.499 s]
[INFO] Adapter: RxJava .................................... SUCCESS [  2.086 s]
[INFO] Converters ......................................... SUCCESS [  0.445 s]
[INFO] Converter: Gson .................................... SUCCESS [  1.206 s]
[INFO] Converter: Protocol Buffers ........................ SUCCESS [  1.251 s]
[INFO] Converter: Jackson ................................. SUCCESS [  1.361 s]
[INFO] Converter: Wire Protocol Buffers ................... SUCCESS [  1.322 s]
[INFO] Converter: SimpleXML ............................... SUCCESS [  1.348 s]
[INFO] Converter: Java Scalars ............................ SUCCESS [  1.224 s]
[INFO] Converter: Moshi ................................... SUCCESS [  0.700 s]
[INFO] Retrofit Mock Adapter .............................. SUCCESS [  0.729 s]
[INFO] Samples ............................................ SUCCESS [  2.122 s]
[INFO] ------------------------------------------------------------------------
[INFO] BUILD SUCCESS
[INFO] ------------------------------------------------------------------------
[INFO] Total time: 51.152 s
[INFO] Finished at: 2016-07-25T12:55:32+00:00
[INFO] Final Memory: 45M/453M
[INFO] ------------------------------------------------------------------------

travis_time:end:0040a6e8:start=1469451278346629575,finish=1469451335310248955,duration=56963619380[0Ktravis_fold:end:install[0Ktravis_time:start:14101b40[0K$ mvn test -B
Java HotSpot(TM) 64-Bit Server VM warning: ignoring option MaxPermSize=192m; support was removed in 8.0
[INFO] Scanning for projects...
[WARNING] 
[WARNING] Some problems were encountered while building the effective model for com.squareup.retrofit2:samples:jar:2.1.1-SNAPSHOT
[WARNING] 'build.plugins.plugin.version' for org.apache.maven.plugins:maven-deploy-plugin is missing. @ com.squareup.retrofit2:samples:[unknown-version], /home/travis/build/square/retrofit/samples/pom.xml, line 55, column 15
[WARNING] 
[WARNING] It is highly recommended to fix these problems because they threaten the stability of your build.
[WARNING] 
[WARNING] For this reason, future Maven versions might no longer support building such malformed projects.
[WARNING] 
[INFO] ------------------------------------------------------------------------
[INFO] Reactor Build Order:
[INFO] 
[INFO] Retrofit (Parent)
[INFO] Retrofit
[INFO] Adapters
[INFO] Adapter: Guava
[INFO] Adapter: Java 8
[INFO] Adapter: RxJava
[INFO] Converters
[INFO] Converter: Gson
[INFO] Converter: Protocol Buffers
[INFO] Converter: Jackson
[INFO] Converter: Wire Protocol Buffers
[INFO] Converter: SimpleXML
[INFO] Converter: Java Scalars
[INFO] Converter: Moshi
[INFO] Retrofit Mock Adapter
[INFO] Samples
[INFO]                                                                         
[INFO] ------------------------------------------------------------------------
[INFO] Building Retrofit (Parent) 2.1.1-SNAPSHOT
[INFO] ------------------------------------------------------------------------
[INFO] 
[INFO] --- maven-enforcer-plugin:1.0:enforce (enforce-maven) @ parent ---
[INFO] 
[INFO] --- animal-sniffer-maven-plugin:1.14:check (default) @ parent ---
[INFO] Checking unresolved references to org.codehaus.mojo.signature:java16:1.1
[INFO]                                                                         
[INFO] ------------------------------------------------------------------------
[INFO] Building Retrofit 2.1.1-SNAPSHOT
[INFO] ------------------------------------------------------------------------
[INFO] 
[INFO] --- maven-enforcer-plugin:1.0:enforce (enforce-maven) @ retrofit ---
[INFO] 
[INFO] --- maven-resources-plugin:2.6:resources (default-resources) @ retrofit ---
[INFO] Using 'UTF-8' encoding to copy filtered resources.
[INFO] skip non existing resourceDirectory /home/travis/build/square/retrofit/retrofit/src/main/resources
[INFO] 
[INFO] --- maven-compiler-plugin:3.0:compile (default-compile) @ retrofit ---
[INFO] Changes detected - recompiling the module!
[INFO] Compiling 40 source files to /home/travis/build/square/retrofit/retrofit/target/classes
[WARNING] /home/travis/build/square/retrofit/retrofit/src/main/java/retrofit2/Retrofit.java: Some input files use unchecked or unsafe operations.
[WARNING] /home/travis/build/square/retrofit/retrofit/src/main/java/retrofit2/Retrofit.java: Recompile with -Xlint:unchecked for details.
[INFO] 
[INFO] --- maven-resources-plugin:2.6:testResources (default-testResources) @ retrofit ---
[INFO] Using 'UTF-8' encoding to copy filtered resources.
[INFO] skip non existing resourceDirectory /home/travis/build/square/retrofit/retrofit/src/test/resources
[INFO] 
[INFO] --- maven-compiler-plugin:3.0:testCompile (default-testCompile) @ retrofit ---
[INFO] Changes detected - recompiling the module!
[INFO] Compiling 14 source files to /home/travis/build/square/retrofit/retrofit/target/test-classes
[WARNING] /home/travis/build/square/retrofit/retrofit/src/test/java/retrofit2/RetrofitTest.java: /home/travis/build/square/retrofit/retrofit/src/test/java/retrofit2/RetrofitTest.java uses unchecked or unsafe operations.
[WARNING] /home/travis/build/square/retrofit/retrofit/src/test/java/retrofit2/RetrofitTest.java: Recompile with -Xlint:unchecked for details.
[INFO] 
[INFO] --- maven-surefire-plugin:2.12.4:test (default-test) @ retrofit ---
[INFO] Surefire report directory: /home/travis/build/square/retrofit/retrofit/target/surefire-reports

-------------------------------------------------------
 T E S T S
-------------------------------------------------------
Running retrofit2.CallTest
Jul 25, 2016 12:55:54 PM okhttp3.mockwebserver.MockWebServer$3 execute
INFO: MockWebServer[53149] starting to accept connections
Jul 25, 2016 12:55:54 PM okhttp3.mockwebserver.MockWebServer$3 acceptConnections
INFO: MockWebServer[53149] done accepting connections: Socket closed
Jul 25, 2016 12:55:54 PM okhttp3.mockwebserver.MockWebServer$3 execute
INFO: MockWebServer[59731] starting to accept connections
Jul 25, 2016 12:55:54 PM okhttp3.mockwebserver.MockWebServer$4 processOneRequest
INFO: MockWebServer[59731] received request: GET / HTTP/1.1 and responded: HTTP/1.1 200 OK
Jul 25, 2016 12:55:54 PM okhttp3.mockwebserver.MockWebServer$3 acceptConnections
INFO: MockWebServer[59731] done accepting connections: Socket closed
Jul 25, 2016 12:55:54 PM okhttp3.mockwebserver.MockWebServer$3 execute
INFO: MockWebServer[39801] starting to accept connections
Jul 25, 2016 12:55:54 PM okhttp3.mockwebserver.MockWebServer$3 acceptConnections
INFO: MockWebServer[39801] done accepting connections: Socket closed
Jul 25, 2016 12:55:54 PM okhttp3.mockwebserver.MockWebServer$4 processOneRequest
INFO: MockWebServer[39801] received request: GET / HTTP/1.1 and responded: HTTP/1.1 404 Client Error
Jul 25, 2016 12:55:54 PM okhttp3.mockwebserver.MockWebServer$3 execute
INFO: MockWebServer[58907] starting to accept connections
Jul 25, 2016 12:55:54 PM okhttp3.mockwebserver.MockWebServer$4 processOneRequest
INFO: MockWebServer[58907] received request: POST /Hello HTTP/1.1 and responded: HTTP/1.1 200 OK
Jul 25, 2016 12:55:54 PM okhttp3.mockwebserver.MockWebServer$3 acceptConnections
INFO: MockWebServer[58907] done accepting connections: Socket closed
Jul 25, 2016 12:55:54 PM okhttp3.mockwebserver.MockWebServer$3 execute
INFO: MockWebServer[53152] starting to accept connections
Jul 25, 2016 12:55:54 PM okhttp3.mockwebserver.MockWebServer$3 acceptConnections
INFO: MockWebServer[53152] done accepting connections: Socket is closed
Jul 25, 2016 12:55:54 PM okhttp3.mockwebserver.MockWebServer$3 execute
INFO: MockWebServer[39965] starting to accept connections
Jul 25, 2016 12:55:54 PM okhttp3.mockwebserver.MockWebServer$3 acceptConnections
INFO: MockWebServer[39965] done accepting connections: Socket closed
Jul 25, 2016 12:55:54 PM okhttp3.mockwebserver.MockWebServer$3 execute
INFO: MockWebServer[47144] starting to accept connections
Jul 25, 2016 12:55:54 PM okhttp3.mockwebserver.MockWebServer$3 acceptConnections
INFO: MockWebServer[47144] done accepting connections: Socket closed
Jul 25, 2016 12:55:54 PM okhttp3.mockwebserver.MockWebServer$4 processOneRequest
INFO: MockWebServer[47144] received request: GET / HTTP/1.1 and responded: HTTP/1.1 200 OK
Jul 25, 2016 12:55:54 PM okhttp3.mockwebserver.MockWebServer$3 execute
INFO: MockWebServer[42378] starting to accept connections
Jul 25, 2016 12:55:54 PM okhttp3.mockwebserver.MockWebServer$3 acceptConnections
INFO: MockWebServer[42378] done accepting connections: Socket closed
Jul 25, 2016 12:55:54 PM okhttp3.mockwebserver.MockWebServer$4 processOneRequest
INFO: MockWebServer[42378] received request: GET / HTTP/1.1 and responded: HTTP/1.1 200 OK
Jul 25, 2016 12:55:54 PM okhttp3.mockwebserver.MockWebServer$3 execute
INFO: MockWebServer[45555] starting to accept connections
Jul 25, 2016 12:55:54 PM okhttp3.mockwebserver.MockWebServer$3 acceptConnections
INFO: MockWebServer[45555] done accepting connections: Socket is closed
Jul 25, 2016 12:55:54 PM okhttp3.mockwebserver.MockWebServer$3 execute
INFO: MockWebServer[43762] starting to accept connections
Jul 25, 2016 12:55:54 PM okhttp3.mockwebserver.MockWebServer$3 acceptConnections
INFO: MockWebServer[43762] done accepting connections: Socket closed
Jul 25, 2016 12:55:54 PM okhttp3.mockwebserver.MockWebServer$4 processOneRequest
INFO: MockWebServer[43762] received request: POST /Hello HTTP/1.1 and responded: HTTP/1.1 200 OK
Jul 25, 2016 12:55:54 PM okhttp3.mockwebserver.MockWebServer$3 execute
INFO: MockWebServer[48778] starting to accept connections
Jul 25, 2016 12:55:54 PM okhttp3.mockwebserver.MockWebServer$3 acceptConnections
INFO: MockWebServer[48778] done accepting connections: Socket closed
Jul 25, 2016 12:55:54 PM okhttp3.mockwebserver.MockWebServer$4 processOneRequest
INFO: MockWebServer[48778] received request: POST /Hello HTTP/1.1 and responded: HTTP/1.1 200 OK
Jul 25, 2016 12:55:54 PM okhttp3.mockwebserver.MockWebServer$3 execute
INFO: MockWebServer[60823] starting to accept connections
Jul 25, 2016 12:55:54 PM okhttp3.mockwebserver.MockWebServer$3 acceptConnections
INFO: MockWebServer[60823] done accepting connections: Socket is closed
Jul 25, 2016 12:55:54 PM okhttp3.mockwebserver.MockWebServer$3 execute
INFO: MockWebServer[41588] starting to accept connections
Jul 25, 2016 12:55:54 PM okhttp3.mockwebserver.MockWebServer$3 acceptConnections
INFO: MockWebServer[41588] done accepting connections: Socket closed
Jul 25, 2016 12:55:54 PM okhttp3.mockwebserver.MockWebServer$4 processOneRequest
INFO: MockWebServer[41588] received request: GET / HTTP/1.1 and responded: HTTP/1.1 404 Client Error
Jul 25, 2016 12:55:54 PM okhttp3.mockwebserver.MockWebServer$3 execute
INFO: MockWebServer[39963] starting to accept connections
Jul 25, 2016 12:55:54 PM okhttp3.mockwebserver.MockWebServer$4 processOneRequest
INFO: MockWebServer[39963] received request: POST / HTTP/1.1 and responded: HTTP/1.1 200 OK
Jul 25, 2016 12:55:54 PM okhttp3.mockwebserver.MockWebServer$3 acceptConnections
INFO: MockWebServer[39963] done accepting connections: Socket closed
Jul 25, 2016 12:55:54 PM okhttp3.mockwebserver.MockWebServer$3 execute
INFO: MockWebServer[47396] starting to accept connections
Jul 25, 2016 12:55:54 PM okhttp3.mockwebserver.MockWebServer$4 processOneRequest
INFO: MockWebServer[47396] received request: GET / HTTP/1.1 and responded: HTTP/1.1 204 Nothin
Jul 25, 2016 12:55:54 PM okhttp3.mockwebserver.MockWebServer$3 acceptConnections
INFO: MockWebServer[47396] done accepting connections: Socket closed
Jul 25, 2016 12:55:54 PM okhttp3.mockwebserver.MockWebServer$3 execute
INFO: MockWebServer[33181] starting to accept connections
Jul 25, 2016 12:55:54 PM okhttp3.mockwebserver.MockWebServer$3 acceptConnections
INFO: MockWebServer[33181] done accepting connections: Socket is closed
Jul 25, 2016 12:55:54 PM okhttp3.mockwebserver.MockWebServer$3 execute
INFO: MockWebServer[45340] starting to accept connections
Jul 25, 2016 12:55:54 PM okhttp3.mockwebserver.MockWebServer$3 acceptConnections
INFO: MockWebServer[45340] done accepting connections: Socket closed
Jul 25, 2016 12:55:54 PM okhttp3.mockwebserver.MockWebServer$4 processOneRequest
INFO: MockWebServer[45340] received request: GET / HTTP/1.1 and responded: HTTP/1.1 200 OK
Jul 25, 2016 12:55:54 PM okhttp3.mockwebserver.MockWebServer$3 execute
INFO: MockWebServer[55352] starting to accept connections
Jul 25, 2016 12:55:54 PM okhttp3.mockwebserver.MockWebServer$3 acceptConnections
INFO: MockWebServer[55352] done accepting connections: Socket closed
Jul 25, 2016 12:55:54 PM okhttp3.mockwebserver.MockWebServer$4 processOneRequest
INFO: MockWebServer[55352] received request: POST /Hello HTTP/1.1 and responded: HTTP/1.1 200 OK
Jul 25, 2016 12:55:54 PM okhttp3.mockwebserver.MockWebServer$3 execute
INFO: MockWebServer[60956] starting to accept connections
Jul 25, 2016 12:55:54 PM okhttp3.mockwebserver.MockWebServer$3 acceptConnections
INFO: MockWebServer[60956] done accepting connections: Socket closed
Jul 25, 2016 12:55:54 PM okhttp3.mockwebserver.MockWebServer$4 processOneRequest
INFO: MockWebServer[60956] received request: GET / HTTP/1.1 and responded: HTTP/1.1 200 OK
Jul 25, 2016 12:55:54 PM okhttp3.mockwebserver.MockWebServer$3 execute
INFO: MockWebServer[50213] starting to accept connections
Jul 25, 2016 12:55:54 PM okhttp3.mockwebserver.MockWebServer$3 acceptConnections
INFO: MockWebServer[50213] done accepting connections: Socket closed
Jul 25, 2016 12:55:54 PM okhttp3.mockwebserver.MockWebServer$4 processOneRequest
INFO: MockWebServer[50213] received request: POST / HTTP/1.1 and responded: HTTP/1.1 200 OK
Jul 25, 2016 12:55:54 PM okhttp3.mockwebserver.MockWebServer$3 execute
INFO: MockWebServer[49527] starting to accept connections
Jul 25, 2016 12:55:54 PM okhttp3.mockwebserver.MockWebServer$3 acceptConnections
INFO: MockWebServer[49527] done accepting connections: Socket is closed
Jul 25, 2016 12:55:54 PM okhttp3.mockwebserver.MockWebServer$3 execute
INFO: MockWebServer[43580] starting to accept connections
Jul 25, 2016 12:55:54 PM okhttp3.mockwebserver.MockWebServer$3 acceptConnections
INFO: MockWebServer[43580] done accepting connections: Socket is closed
Jul 25, 2016 12:55:54 PM okhttp3.mockwebserver.MockWebServer$3 execute
INFO: MockWebServer[39763] starting to accept connections
Jul 25, 2016 12:55:54 PM okhttp3.mockwebserver.MockWebServer$3 acceptConnections
INFO: MockWebServer[39763] done accepting connections: Socket is closed
Jul 25, 2016 12:55:54 PM okhttp3.mockwebserver.MockWebServer$3 execute
INFO: MockWebServer[45438] starting to accept connections
Jul 25, 2016 12:55:54 PM okhttp3.mockwebserver.MockWebServer$3 acceptConnections
INFO: MockWebServer[45438] done accepting connections: Socket closed
Jul 25, 2016 12:55:54 PM okhttp3.mockwebserver.MockWebServer$4 processOneRequest
INFO: MockWebServer[45438] received request: GET / HTTP/1.1 and responded: HTTP/1.1 200 OK
Jul 25, 2016 12:55:54 PM okhttp3.mockwebserver.MockWebServer$3 execute
INFO: MockWebServer[54498] starting to accept connections
Jul 25, 2016 12:55:54 PM okhttp3.mockwebserver.MockWebServer$3 acceptConnections
INFO: MockWebServer[54498] done accepting connections: Socket closed
Jul 25, 2016 12:55:54 PM okhttp3.mockwebserver.MockWebServer$4 processOneRequest
INFO: MockWebServer[54498] received request: GET / HTTP/1.1 and responded: HTTP/1.1 200 OK
Jul 25, 2016 12:55:54 PM okhttp3.mockwebserver.MockWebServer$3 execute
INFO: MockWebServer[54855] starting to accept connections
Jul 25, 2016 12:55:54 PM okhttp3.mockwebserver.MockWebServer$3 acceptConnections
INFO: MockWebServer[54855] done accepting connections: Socket closed
Jul 25, 2016 12:55:54 PM okhttp3.mockwebserver.MockWebServer$4 processOneRequest
INFO: MockWebServer[54855] received request: GET / HTTP/1.1 and responded: HTTP/1.1 205 Nothin
Jul 25, 2016 12:55:54 PM okhttp3.mockwebserver.MockWebServer$3 execute
INFO: MockWebServer[58444] starting to accept connections
Jul 25, 2016 12:55:54 PM okhttp3.mockwebserver.MockWebServer$4 processOneRequest
INFO: MockWebServer[58444] received request: GET / HTTP/1.1 and responded: HTTP/1.1 200 OK
Jul 25, 2016 12:55:54 PM okhttp3.mockwebserver.MockWebServer$4 processOneRequest
INFO: MockWebServer[58444] received request: GET / HTTP/1.1 and responded: HTTP/1.1 200 OK
Jul 25, 2016 12:55:54 PM okhttp3.mockwebserver.MockWebServer$3 acceptConnections
INFO: MockWebServer[58444] done accepting connections: Socket closed
Jul 25, 2016 12:55:54 PM okhttp3.mockwebserver.MockWebServer$3 execute
INFO: MockWebServer[43197] starting to accept connections
Jul 25, 2016 12:55:54 PM okhttp3.mockwebserver.MockWebServer$3 acceptConnections
INFO: MockWebServer[43197] done accepting connections: Socket closed
Jul 25, 2016 12:55:54 PM okhttp3.mockwebserver.MockWebServer$4 processOneRequest
INFO: MockWebServer[43197] received request: GET / HTTP/1.1 and responded: HTTP/1.1 200 OK
Jul 25, 2016 12:55:54 PM okhttp3.mockwebserver.MockWebServer$3 execute
INFO: MockWebServer[59333] starting to accept connections
Jul 25, 2016 12:55:54 PM okhttp3.mockwebserver.MockWebServer$3 acceptConnections
INFO: MockWebServer[59333] done accepting connections: Socket is closed
Jul 25, 2016 12:55:54 PM okhttp3.mockwebserver.MockWebServer$3 execute
INFO: MockWebServer[55839] starting to accept connections
Jul 25, 2016 12:55:54 PM okhttp3.mockwebserver.MockWebServer$3 acceptConnections
INFO: MockWebServer[55839] done accepting connections: Socket closed
Jul 25, 2016 12:55:54 PM okhttp3.mockwebserver.MockWebServer$3 execute
INFO: MockWebServer[49986] starting to accept connections
Jul 25, 2016 12:55:54 PM okhttp3.mockwebserver.MockWebServer$3 acceptConnections
INFO: MockWebServer[49986] done accepting connections: Socket closed
Jul 25, 2016 12:55:54 PM okhttp3.mockwebserver.MockWebServer$3 execute
INFO: MockWebServer[55598] starting to accept connections
Jul 25, 2016 12:55:54 PM okhttp3.mockwebserver.MockWebServer$3 acceptConnections
INFO: MockWebServer[55598] done accepting connections: Socket closed
Jul 25, 2016 12:55:54 PM okhttp3.mockwebserver.MockWebServer$4 processOneRequest
INFO: MockWebServer[55598] received request: GET / HTTP/1.1 and responded: HTTP/1.1 200 OK
Jul 25, 2016 12:55:54 PM okhttp3.mockwebserver.MockWebServer$3 execute
INFO: MockWebServer[50818] starting to accept connections
Jul 25, 2016 12:55:54 PM okhttp3.mockwebserver.MockWebServer$3 acceptConnections
INFO: MockWebServer[50818] done accepting connections: Socket closed
Jul 25, 2016 12:55:54 PM okhttp3.mockwebserver.MockWebServer$4 processOneRequest
INFO: MockWebServer[50818] received request: GET / HTTP/1.1 and responded: HTTP/1.1 200 OK
Jul 25, 2016 12:55:54 PM okhttp3.mockwebserver.MockWebServer$3 execute
INFO: MockWebServer[57157] starting to accept connections
Jul 25, 2016 12:55:54 PM okhttp3.mockwebserver.MockWebServer$3 acceptConnections
INFO: MockWebServer[57157] done accepting connections: Socket closed
Jul 25, 2016 12:55:54 PM okhttp3.mockwebserver.MockWebServer$4 processOneRequest
INFO: MockWebServer[57157] received request: GET / HTTP/1.1 and responded: HTTP/1.1 200 OK
Tests run: 34, Failures: 0, Errors: 0, Skipped: 0, Time elapsed: 1.366 sec
Running retrofit2.RequestBuilderTest
Tests run: 139, Failures: 0, Errors: 0, Skipped: 2, Time elapsed: 0.411 sec
Running retrofit2.ExecutorCallAdapterFactoryTest
Tests run: 7, Failures: 0, Errors: 0, Skipped: 0, Time elapsed: 0.153 sec
Running retrofit2.ServiceMethodTest
Tests run: 1, Failures: 0, Errors: 0, Skipped: 0, Time elapsed: 0.001 sec
Running retrofit2.RetrofitTest
Jul 25, 2016 12:55:55 PM okhttp3.mockwebserver.MockWebServer$3 execute
INFO: MockWebServer[44849] starting to accept connections
Jul 25, 2016 12:55:55 PM okhttp3.mockwebserver.MockWebServer$3 acceptConnections
INFO: MockWebServer[44849] done accepting connections: Socket is closed
Jul 25, 2016 12:55:55 PM okhttp3.mockwebserver.MockWebServer$3 execute
INFO: MockWebServer[36862] starting to accept connections
Jul 25, 2016 12:55:55 PM okhttp3.mockwebserver.MockWebServer$3 acceptConnections
INFO: MockWebServer[36862] done accepting connections: Socket closed
Jul 25, 2016 12:55:55 PM okhttp3.mockwebserver.MockWebServer$3 execute
INFO: MockWebServer[39455] starting to accept connections
Jul 25, 2016 12:55:55 PM okhttp3.mockwebserver.MockWebServer$3 acceptConnections
INFO: MockWebServer[39455] done accepting connections: Socket is closed
Jul 25, 2016 12:55:55 PM okhttp3.mockwebserver.MockWebServer$3 execute
INFO: MockWebServer[43716] starting to accept connections
Jul 25, 2016 12:55:55 PM okhttp3.mockwebserver.MockWebServer$3 acceptConnections
INFO: MockWebServer[43716] done accepting connections: Socket is closed
Jul 25, 2016 12:55:55 PM okhttp3.mockwebserver.MockWebServer$3 execute
INFO: MockWebServer[36759] starting to accept connections
Jul 25, 2016 12:55:55 PM okhttp3.mockwebserver.MockWebServer$3 acceptConnections
INFO: MockWebServer[36759] done accepting connections: Socket is closed
Jul 25, 2016 12:55:55 PM okhttp3.mockwebserver.MockWebServer$3 execute
INFO: MockWebServer[45437] starting to accept connections
Jul 25, 2016 12:55:55 PM okhttp3.mockwebserver.MockWebServer$3 acceptConnections
INFO: MockWebServer[45437] done accepting connections: Socket closed
Jul 25, 2016 12:55:55 PM okhttp3.mockwebserver.MockWebServer$4 processOneRequest
INFO: MockWebServer[45437] received request: GET / HTTP/1.1 and responded: HTTP/1.1 200 OK
Jul 25, 2016 12:55:55 PM okhttp3.mockwebserver.MockWebServer$3 execute
INFO: MockWebServer[36014] starting to accept connections
Jul 25, 2016 12:55:55 PM okhttp3.mockwebserver.MockWebServer$3 acceptConnections
INFO: MockWebServer[36014] done accepting connections: Socket is closed
Jul 25, 2016 12:55:55 PM okhttp3.mockwebserver.MockWebServer$3 execute
INFO: MockWebServer[41548] starting to accept connections
Jul 25, 2016 12:55:55 PM okhttp3.mockwebserver.MockWebServer$3 acceptConnections
INFO: MockWebServer[41548] done accepting connections: Socket is closed
Jul 25, 2016 12:55:55 PM okhttp3.mockwebserver.MockWebServer$3 execute
INFO: MockWebServer[54488] starting to accept connections
Jul 25, 2016 12:55:55 PM okhttp3.mockwebserver.MockWebServer$3 acceptConnections
INFO: MockWebServer[54488] done accepting connections: Socket is closed
Jul 25, 2016 12:55:55 PM okhttp3.mockwebserver.MockWebServer$3 execute
INFO: MockWebServer[39392] starting to accept connections
Jul 25, 2016 12:55:55 PM okhttp3.mockwebserver.MockWebServer$3 acceptConnections
INFO: MockWebServer[39392] done accepting connections: Socket is closed
Jul 25, 2016 12:55:55 PM okhttp3.mockwebserver.MockWebServer$3 execute
INFO: MockWebServer[42881] starting to accept connections
Jul 25, 2016 12:55:55 PM okhttp3.mockwebserver.MockWebServer$3 acceptConnections
INFO: MockWebServer[42881] done accepting connections: Socket is closed
Jul 25, 2016 12:55:55 PM okhttp3.mockwebserver.MockWebServer$3 execute
INFO: MockWebServer[36601] starting to accept connections
Jul 25, 2016 12:55:55 PM okhttp3.mockwebserver.MockWebServer$3 acceptConnections
INFO: MockWebServer[36601] done accepting connections: Socket is closed
Jul 25, 2016 12:55:55 PM okhttp3.mockwebserver.MockWebServer$3 execute
INFO: MockWebServer[59432] starting to accept connections
Jul 25, 2016 12:55:55 PM okhttp3.mockwebserver.MockWebServer$3 acceptConnections
INFO: MockWebServer[59432] done accepting connections: Socket is closed
Jul 25, 2016 12:55:55 PM okhttp3.mockwebserver.MockWebServer$3 execute
INFO: MockWebServer[35834] starting to accept connections
Jul 25, 2016 12:55:55 PM okhttp3.mockwebserver.MockWebServer$3 acceptConnections
INFO: MockWebServer[35834] done accepting connections: Socket closed
Jul 25, 2016 12:55:55 PM okhttp3.mockwebserver.MockWebServer$3 execute
INFO: MockWebServer[39460] starting to accept connections
Jul 25, 2016 12:55:55 PM okhttp3.mockwebserver.MockWebServer$3 acceptConnections
INFO: MockWebServer[39460] done accepting connections: Socket is closed
Jul 25, 2016 12:55:55 PM okhttp3.mockwebserver.MockWebServer$3 execute
INFO: MockWebServer[42907] starting to accept connections
Jul 25, 2016 12:55:55 PM okhttp3.mockwebserver.MockWebServer$3 acceptConnections
INFO: MockWebServer[42907] done accepting connections: Socket closed
Jul 25, 2016 12:55:55 PM okhttp3.mockwebserver.MockWebServer$3 execute
INFO: MockWebServer[52234] starting to accept connections
Jul 25, 2016 12:55:55 PM okhttp3.mockwebserver.MockWebServer$3 acceptConnections
INFO: MockWebServer[52234] done accepting connections: Socket closed
Jul 25, 2016 12:55:55 PM okhttp3.mockwebserver.MockWebServer$4 processOneRequest
INFO: MockWebServer[52234] received request: GET / HTTP/1.1 and responded: HTTP/1.1 200 OK
Jul 25, 2016 12:55:55 PM okhttp3.mockwebserver.MockWebServer$3 execute
INFO: MockWebServer[40760] starting to accept connections
Jul 25, 2016 12:55:55 PM okhttp3.mockwebserver.MockWebServer$3 acceptConnections
INFO: MockWebServer[40760] done accepting connections: Socket is closed
Jul 25, 2016 12:55:55 PM okhttp3.mockwebserver.MockWebServer$3 execute
INFO: MockWebServer[59358] starting to accept connections
Jul 25, 2016 12:55:55 PM okhttp3.mockwebserver.MockWebServer$3 acceptConnections
INFO: MockWebServer[59358] done accepting connections: Socket is closed
Jul 25, 2016 12:55:55 PM okhttp3.mockwebserver.MockWebServer$3 execute
INFO: MockWebServer[52873] starting to accept connections
Jul 25, 2016 12:55:55 PM okhttp3.mockwebserver.MockWebServer$3 acceptConnections
INFO: MockWebServer[52873] done accepting connections: Socket closed
Jul 25, 2016 12:55:55 PM okhttp3.mockwebserver.MockWebServer$4 processOneRequest
INFO: MockWebServer[52873] received request: GET / HTTP/1.1 and responded: HTTP/1.1 200 OK
Jul 25, 2016 12:55:55 PM okhttp3.mockwebserver.MockWebServer$3 execute
INFO: MockWebServer[47383] starting to accept connections
Jul 25, 2016 12:55:55 PM okhttp3.mockwebserver.MockWebServer$3 acceptConnections
INFO: MockWebServer[47383] done accepting connections: Socket is closed
Jul 25, 2016 12:55:55 PM okhttp3.mockwebserver.MockWebServer$3 execute
INFO: MockWebServer[45309] starting to accept connections
Jul 25, 2016 12:55:55 PM okhttp3.mockwebserver.MockWebServer$3 acceptConnections
INFO: MockWebServer[45309] done accepting connections: Socket closed
Jul 25, 2016 12:55:55 PM okhttp3.mockwebserver.MockWebServer$4 processOneRequest
INFO: MockWebServer[45309] received request: POST / HTTP/1.1 and responded: HTTP/1.1 200 OK
Jul 25, 2016 12:55:55 PM okhttp3.mockwebserver.MockWebServer$3 execute
INFO: MockWebServer[48868] starting to accept connections
Jul 25, 2016 12:55:55 PM okhttp3.mockwebserver.MockWebServer$3 acceptConnections
INFO: MockWebServer[48868] done accepting connections: Socket is closed
Jul 25, 2016 12:55:55 PM okhttp3.mockwebserver.MockWebServer$3 execute
INFO: MockWebServer[60475] starting to accept connections
Jul 25, 2016 12:55:55 PM okhttp3.mockwebserver.MockWebServer$3 acceptConnections
INFO: MockWebServer[60475] done accepting connections: Socket is closed
Jul 25, 2016 12:55:55 PM okhttp3.mockwebserver.MockWebServer$3 execute
INFO: MockWebServer[42927] starting to accept connections
Jul 25, 2016 12:55:55 PM okhttp3.mockwebserver.MockWebServer$3 acceptConnections
INFO: MockWebServer[42927] done accepting connections: Socket is closed
Jul 25, 2016 12:55:55 PM okhttp3.mockwebserver.MockWebServer$3 execute
INFO: MockWebServer[58218] starting to accept connections
Jul 25, 2016 12:55:55 PM okhttp3.mockwebserver.MockWebServer$3 acceptConnections
INFO: MockWebServer[58218] done accepting connections: Socket is closed
Jul 25, 2016 12:55:55 PM okhttp3.mockwebserver.MockWebServer$3 execute
INFO: MockWebServer[58654] starting to accept connections
Jul 25, 2016 12:55:55 PM okhttp3.mockwebserver.MockWebServer$3 acceptConnections
INFO: MockWebServer[58654] done accepting connections: Socket is closed
Jul 25, 2016 12:55:55 PM okhttp3.mockwebserver.MockWebServer$3 execute
INFO: MockWebServer[52010] starting to accept connections
Jul 25, 2016 12:55:55 PM okhttp3.mockwebserver.MockWebServer$3 acceptConnections
INFO: MockWebServer[52010] done accepting connections: Socket is closed
Jul 25, 2016 12:55:55 PM okhttp3.mockwebserver.MockWebServer$3 execute
INFO: MockWebServer[44381] starting to accept connections
Jul 25, 2016 12:55:55 PM okhttp3.mockwebserver.MockWebServer$3 acceptConnections
INFO: MockWebServer[44381] done accepting connections: Socket is closed
Jul 25, 2016 12:55:55 PM okhttp3.mockwebserver.MockWebServer$3 execute
INFO: MockWebServer[33195] starting to accept connections
Jul 25, 2016 12:55:55 PM okhttp3.mockwebserver.MockWebServer$3 acceptConnections
INFO: MockWebServer[33195] done accepting connections: Socket closed
Jul 25, 2016 12:55:55 PM okhttp3.mockwebserver.MockWebServer$4 processOneRequest
INFO: MockWebServer[33195] received request: GET / HTTP/1.1 and responded: HTTP/1.1 200 OK
Jul 25, 2016 12:55:55 PM okhttp3.mockwebserver.MockWebServer$3 execute
INFO: MockWebServer[41510] starting to accept connections
Jul 25, 2016 12:55:55 PM okhttp3.mockwebserver.MockWebServer$3 acceptConnections
INFO: MockWebServer[41510] done accepting connections: Socket is closed
Jul 25, 2016 12:55:55 PM okhttp3.mockwebserver.MockWebServer$3 execute
INFO: MockWebServer[38752] starting to accept connections
Jul 25, 2016 12:55:55 PM okhttp3.mockwebserver.MockWebServer$3 acceptConnections
INFO: MockWebServer[38752] done accepting connections: Socket is closed
Jul 25, 2016 12:55:55 PM okhttp3.mockwebserver.MockWebServer$3 execute
INFO: MockWebServer[44036] starting to accept connections
Jul 25, 2016 12:55:55 PM okhttp3.mockwebserver.MockWebServer$3 acceptConnections
INFO: MockWebServer[44036] done accepting connections: Socket is closed
Jul 25, 2016 12:55:55 PM okhttp3.mockwebserver.MockWebServer$3 execute
INFO: MockWebServer[53976] starting to accept connections
Jul 25, 2016 12:55:55 PM okhttp3.mockwebserver.MockWebServer$3 acceptConnections
INFO: MockWebServer[53976] done accepting connections: Socket is closed
Jul 25, 2016 12:55:55 PM okhttp3.mockwebserver.MockWebServer$3 execute
INFO: MockWebServer[42474] starting to accept connections
Jul 25, 2016 12:55:55 PM okhttp3.mockwebserver.MockWebServer$4 processOneRequest
INFO: MockWebServer[42474] received request: GET / HTTP/1.1 and responded: HTTP/1.1 200 OK
Jul 25, 2016 12:55:55 PM okhttp3.mockwebserver.MockWebServer$4 processOneRequest
INFO: MockWebServer[42474] received request: GET / HTTP/1.1 and responded: HTTP/1.1 200 OK
Jul 25, 2016 12:55:55 PM okhttp3.mockwebserver.MockWebServer$3 acceptConnections
INFO: MockWebServer[42474] done accepting connections: Socket closed
Jul 25, 2016 12:55:55 PM okhttp3.mockwebserver.MockWebServer$3 execute
INFO: MockWebServer[35584] starting to accept connections
Jul 25, 2016 12:55:55 PM okhttp3.mockwebserver.MockWebServer$3 acceptConnections
INFO: MockWebServer[35584] done accepting connections: Socket is closed
Jul 25, 2016 12:55:55 PM okhttp3.mockwebserver.MockWebServer$3 execute
INFO: MockWebServer[51521] starting to accept connections
Jul 25, 2016 12:55:55 PM okhttp3.mockwebserver.MockWebServer$3 acceptConnections
INFO: MockWebServer[51521] done accepting connections: Socket is closed
Jul 25, 2016 12:55:55 PM okhttp3.mockwebserver.MockWebServer$3 execute
INFO: MockWebServer[48812] starting to accept connections
Jul 25, 2016 12:55:55 PM okhttp3.mockwebserver.MockWebServer$3 acceptConnections
INFO: MockWebServer[48812] done accepting connections: Socket is closed
Jul 25, 2016 12:55:55 PM okhttp3.mockwebserver.MockWebServer$3 execute
INFO: MockWebServer[49849] starting to accept connections
Jul 25, 2016 12:55:55 PM okhttp3.mockwebserver.MockWebServer$3 acceptConnections
INFO: MockWebServer[49849] done accepting connections: Socket is closed
Jul 25, 2016 12:55:55 PM okhttp3.mockwebserver.MockWebServer$3 execute
INFO: MockWebServer[57158] starting to accept connections
Jul 25, 2016 12:55:55 PM okhttp3.mockwebserver.MockWebServer$3 acceptConnections
INFO: MockWebServer[57158] done accepting connections: Socket is closed
Jul 25, 2016 12:55:55 PM okhttp3.mockwebserver.MockWebServer$3 execute
INFO: MockWebServer[47658] starting to accept connections
Jul 25, 2016 12:55:55 PM okhttp3.mockwebserver.MockWebServer$3 acceptConnections
INFO: MockWebServer[47658] done accepting connections: Socket closed
Jul 25, 2016 12:55:55 PM okhttp3.mockwebserver.MockWebServer$3 execute
INFO: MockWebServer[39939] starting to accept connections
Jul 25, 2016 12:55:55 PM okhttp3.mockwebserver.MockWebServer$3 acceptConnections
INFO: MockWebServer[39939] done accepting connections: Socket is closed
Jul 25, 2016 12:55:55 PM okhttp3.mockwebserver.MockWebServer$3 execute
INFO: MockWebServer[56574] starting to accept connections
Jul 25, 2016 12:55:55 PM okhttp3.mockwebserver.MockWebServer$3 acceptConnections
INFO: MockWebServer[56574] done accepting connections: Socket is closed
Jul 25, 2016 12:55:55 PM okhttp3.mockwebserver.MockWebServer$3 execute
INFO: MockWebServer[37084] starting to accept connections
Jul 25, 2016 12:55:55 PM okhttp3.mockwebserver.MockWebServer$3 acceptConnections
INFO: MockWebServer[37084] done accepting connections: Socket is closed
Jul 25, 2016 12:55:55 PM okhttp3.mockwebserver.MockWebServer$3 execute
INFO: MockWebServer[43655] starting to accept connections
Jul 25, 2016 12:55:55 PM okhttp3.mockwebserver.MockWebServer$3 acceptConnections
INFO: MockWebServer[43655] done accepting connections: Socket is closed
Jul 25, 2016 12:55:55 PM okhttp3.mockwebserver.MockWebServer$3 execute
INFO: MockWebServer[41109] starting to accept connections
Jul 25, 2016 12:55:55 PM okhttp3.mockwebserver.MockWebServer$3 acceptConnections
INFO: MockWebServer[41109] done accepting connections: Socket is closed
Jul 25, 2016 12:55:55 PM okhttp3.mockwebserver.MockWebServer$3 execute
INFO: MockWebServer[44327] starting to accept connections
Jul 25, 2016 12:55:55 PM okhttp3.mockwebserver.MockWebServer$4 processOneRequest
INFO: MockWebServer[44327] received request: GET /?i=101 HTTP/1.1 and responded: HTTP/1.1 200 OK
Jul 25, 2016 12:55:55 PM okhttp3.mockwebserver.MockWebServer$4 processOneRequest
INFO: MockWebServer[44327] received request: GET /?i=201 HTTP/1.1 and responded: HTTP/1.1 200 OK
Jul 25, 2016 12:55:55 PM okhttp3.mockwebserver.MockWebServer$3 acceptConnections
INFO: MockWebServer[44327] done accepting connections: Socket closed
Jul 25, 2016 12:55:56 PM okhttp3.mockwebserver.MockWebServer$3 execute
INFO: MockWebServer[34099] starting to accept connections
Jul 25, 2016 12:55:56 PM okhttp3.mockwebserver.MockWebServer$3 acceptConnections
INFO: MockWebServer[34099] done accepting connections: Socket is closed
Jul 25, 2016 12:55:56 PM okhttp3.mockwebserver.MockWebServer$3 execute
INFO: MockWebServer[59174] starting to accept connections
Jul 25, 2016 12:55:56 PM okhttp3.mockwebserver.MockWebServer$3 acceptConnections
INFO: MockWebServer[59174] done accepting connections: Socket is closed
Jul 25, 2016 12:55:56 PM okhttp3.mockwebserver.MockWebServer$3 execute
INFO: MockWebServer[58014] starting to accept connections
Jul 25, 2016 12:55:56 PM okhttp3.mockwebserver.MockWebServer$3 acceptConnections
INFO: MockWebServer[58014] done accepting connections: Socket is closed
Jul 25, 2016 12:55:56 PM okhttp3.mockwebserver.MockWebServer$3 execute
INFO: MockWebServer[51202] starting to accept connections
Jul 25, 2016 12:55:56 PM okhttp3.mockwebserver.MockWebServer$3 acceptConnections
INFO: MockWebServer[51202] done accepting connections: Socket is closed
Jul 25, 2016 12:55:56 PM okhttp3.mockwebserver.MockWebServer$3 execute
INFO: MockWebServer[34901] starting to accept connections
Jul 25, 2016 12:55:56 PM okhttp3.mockwebserver.MockWebServer$3 acceptConnections
INFO: MockWebServer[34901] done accepting connections: Socket is closed
Jul 25, 2016 12:55:56 PM okhttp3.mockwebserver.MockWebServer$3 execute
INFO: MockWebServer[38366] starting to accept connections
Jul 25, 2016 12:55:56 PM okhttp3.mockwebserver.MockWebServer$3 acceptConnections
INFO: MockWebServer[38366] done accepting connections: Socket is closed
Jul 25, 2016 12:55:56 PM okhttp3.mockwebserver.MockWebServer$3 execute
INFO: MockWebServer[41167] starting to accept connections
Jul 25, 2016 12:55:56 PM okhttp3.mockwebserver.MockWebServer$3 acceptConnections
INFO: MockWebServer[41167] done accepting connections: Socket is closed
Jul 25, 2016 12:55:56 PM okhttp3.mockwebserver.MockWebServer$3 execute
INFO: MockWebServer[52541] starting to accept connections
Jul 25, 2016 12:55:56 PM okhttp3.mockwebserver.MockWebServer$3 acceptConnections
INFO: MockWebServer[52541] done accepting connections: Socket is closed
Jul 25, 2016 12:55:56 PM okhttp3.mockwebserver.MockWebServer$3 execute
INFO: MockWebServer[55906] starting to accept connections
Jul 25, 2016 12:55:56 PM okhttp3.mockwebserver.MockWebServer$3 acceptConnections
INFO: MockWebServer[55906] done accepting connections: Socket is closed
Jul 25, 2016 12:55:56 PM okhttp3.mockwebserver.MockWebServer$3 execute
INFO: MockWebServer[56901] starting to accept connections
Jul 25, 2016 12:55:56 PM okhttp3.mockwebserver.MockWebServer$3 acceptConnections
INFO: MockWebServer[56901] done accepting connections: Socket is closed
Jul 25, 2016 12:55:56 PM okhttp3.mockwebserver.MockWebServer$3 execute
INFO: MockWebServer[54929] starting to accept connections
Jul 25, 2016 12:55:56 PM okhttp3.mockwebserver.MockWebServer$3 acceptConnections
INFO: MockWebServer[54929] done accepting connections: Socket is closed
Jul 25, 2016 12:55:56 PM okhttp3.mockwebserver.MockWebServer$3 execute
INFO: MockWebServer[36783] starting to accept connections
Jul 25, 2016 12:55:56 PM okhttp3.mockwebserver.MockWebServer$3 acceptConnections
INFO: MockWebServer[36783] done accepting connections: Socket is closed
Jul 25, 2016 12:55:56 PM okhttp3.mockwebserver.MockWebServer$3 execute
INFO: MockWebServer[40320] starting to accept connections
Jul 25, 2016 12:55:56 PM okhttp3.mockwebserver.MockWebServer$3 acceptConnections
INFO: MockWebServer[40320] done accepting connections: Socket is closed
Jul 25, 2016 12:55:56 PM okhttp3.mockwebserver.MockWebServer$3 execute
INFO: MockWebServer[57716] starting to accept connections
Jul 25, 2016 12:55:56 PM okhttp3.mockwebserver.MockWebServer$3 acceptConnections
INFO: MockWebServer[57716] done accepting connections: Socket is closed
Jul 25, 2016 12:55:56 PM okhttp3.mockwebserver.MockWebServer$3 execute
INFO: MockWebServer[33703] starting to accept connections
Jul 25, 2016 12:55:56 PM okhttp3.mockwebserver.MockWebServer$3 acceptConnections
INFO: MockWebServer[33703] done accepting connections: Socket is closed
Jul 25, 2016 12:55:56 PM okhttp3.mockwebserver.MockWebServer$3 execute
INFO: MockWebServer[35146] starting to accept connections
Jul 25, 2016 12:55:56 PM okhttp3.mockwebserver.MockWebServer$3 acceptConnections
INFO: MockWebServer[35146] done accepting connections: Socket is closed
Jul 25, 2016 12:55:56 PM okhttp3.mockwebserver.MockWebServer$3 execute
INFO: MockWebServer[54235] starting to accept connections
Jul 25, 2016 12:55:56 PM okhttp3.mockwebserver.MockWebServer$3 acceptConnections
INFO: MockWebServer[54235] done accepting connections: Socket is closed
Tests run: 64, Failures: 0, Errors: 0, Skipped: 0, Time elapsed: 0.688 sec
Running retrofit2.RequestBuilderAndroidTest
WARNING: No manifest file found at ./AndroidManifest.xml.Falling back to the Android OS resources only.
To remove this warning, annotate your test class with @Config(manifest=Config.NONE).
WARNING: No manifest file found at ./AndroidManifest.xml.Falling back to the Android OS resources only.
To remove this warning, annotate your test class with @Config(manifest=Config.NONE).
Tests run: 2, Failures: 0, Errors: 0, Skipped: 0, Time elapsed: 8.978 sec
Running retrofit2.CallAdapterTest
Tests run: 4, Failures: 0, Errors: 0, Skipped: 0, Time elapsed: 0.025 sec
Running retrofit2.ResponseTest
Tests run: 14, Failures: 0, Errors: 0, Skipped: 0, Time elapsed: 0.086 sec

Results :

Tests run: 265, Failures: 0, Errors: 0, Skipped: 2

[INFO] 
[INFO] --- animal-sniffer-maven-plugin:1.14:check (default) @ retrofit ---
[INFO] Checking unresolved references to org.codehaus.mojo.signature:java16:1.1
[INFO]                                                                         
[INFO] ------------------------------------------------------------------------
[INFO] Building Adapters 2.1.1-SNAPSHOT
[INFO] ------------------------------------------------------------------------
[INFO] 
[INFO] --- maven-enforcer-plugin:1.0:enforce (enforce-maven) @ retrofit-adapters ---
[INFO] 
[INFO] --- animal-sniffer-maven-plugin:1.14:check (default) @ retrofit-adapters ---
[INFO] Checking unresolved references to org.codehaus.mojo.signature:java16:1.1
[INFO]                                                                         
[INFO] ------------------------------------------------------------------------
[INFO] Building Adapter: Guava 2.1.1-SNAPSHOT
[INFO] ------------------------------------------------------------------------
[INFO] 
[INFO] --- maven-enforcer-plugin:1.0:enforce (enforce-maven) @ adapter-guava ---
[INFO] 
[INFO] --- maven-resources-plugin:2.6:resources (default-resources) @ adapter-guava ---
[INFO] Using 'UTF-8' encoding to copy filtered resources.
[INFO] skip non existing resourceDirectory /home/travis/build/square/retrofit/retrofit-adapters/guava/src/main/resources
[INFO] 
[INFO] --- maven-compiler-plugin:3.0:compile (default-compile) @ adapter-guava ---
[INFO] Changes detected - recompiling the module!
[INFO] Compiling 2 source files to /home/travis/build/square/retrofit/retrofit-adapters/guava/target/classes
[INFO] 
[INFO] --- maven-resources-plugin:2.6:testResources (default-testResources) @ adapter-guava ---
[INFO] Using 'UTF-8' encoding to copy filtered resources.
[INFO] skip non existing resourceDirectory /home/travis/build/square/retrofit/retrofit-adapters/guava/src/test/resources
[INFO] 
[INFO] --- maven-compiler-plugin:3.0:testCompile (default-testCompile) @ adapter-guava ---
[INFO] Changes detected - recompiling the module!
[INFO] Compiling 3 source files to /home/travis/build/square/retrofit/retrofit-adapters/guava/target/test-classes
[INFO] 
[INFO] --- maven-surefire-plugin:2.12.4:test (default-test) @ adapter-guava ---
[INFO] Surefire report directory: /home/travis/build/square/retrofit/retrofit-adapters/guava/target/surefire-reports

-------------------------------------------------------
 T E S T S
-------------------------------------------------------
Running retrofit2.adapter.guava.ListenableFutureTest
Jul 25, 2016 12:56:08 PM okhttp3.mockwebserver.MockWebServer$3 execute
INFO: MockWebServer[41958] starting to accept connections
Jul 25, 2016 12:56:08 PM okhttp3.mockwebserver.MockWebServer$4 processOneRequest
INFO: MockWebServer[41958] received request: GET / HTTP/1.1 and responded: HTTP/1.1 200 OK
Jul 25, 2016 12:56:08 PM okhttp3.mockwebserver.MockWebServer$3 acceptConnections
INFO: MockWebServer[41958] done accepting connections: Socket closed
Jul 25, 2016 12:56:08 PM okhttp3.mockwebserver.MockWebServer$3 execute
INFO: MockWebServer[35277] starting to accept connections
Jul 25, 2016 12:56:08 PM okhttp3.mockwebserver.MockWebServer$4 processOneRequest
INFO: MockWebServer[35277] received request: GET / HTTP/1.1 and responded: HTTP/1.1 404 Client Error
Jul 25, 2016 12:56:08 PM okhttp3.mockwebserver.MockWebServer$3 acceptConnections
INFO: MockWebServer[35277] done accepting connections: Socket closed
Jul 25, 2016 12:56:08 PM okhttp3.mockwebserver.MockWebServer$3 execute
INFO: MockWebServer[55463] starting to accept connections
Jul 25, 2016 12:56:08 PM okhttp3.mockwebserver.MockWebServer$4 processConnection
WARNING: MockWebServer[55463] connection from /127.0.0.1 didn't make a request
Jul 25, 2016 12:56:08 PM okhttp3.mockwebserver.MockWebServer$3 acceptConnections
INFO: MockWebServer[55463] done accepting connections: Socket closed
Jul 25, 2016 12:56:08 PM okhttp3.mockwebserver.MockWebServer$3 execute
INFO: MockWebServer[46445] starting to accept connections
Jul 25, 2016 12:56:08 PM okhttp3.mockwebserver.MockWebServer$3 acceptConnections
INFO: MockWebServer[46445] done accepting connections: Socket closed
Jul 25, 2016 12:56:08 PM okhttp3.mockwebserver.MockWebServer$4 processOneRequest
INFO: MockWebServer[46445] received request: GET / HTTP/1.1 and responded: HTTP/1.1 200 OK
Jul 25, 2016 12:56:08 PM okhttp3.mockwebserver.MockWebServer$3 execute
INFO: MockWebServer[58969] starting to accept connections
Jul 25, 2016 12:56:08 PM okhttp3.mockwebserver.MockWebServer$3 acceptConnections
INFO: MockWebServer[58969] done accepting connections: Socket closed
Jul 25, 2016 12:56:08 PM okhttp3.mockwebserver.MockWebServer$4 processOneRequest
INFO: MockWebServer[58969] received request: GET / HTTP/1.1 and responded: HTTP/1.1 404 Client Error
Jul 25, 2016 12:56:08 PM okhttp3.mockwebserver.MockWebServer$3 execute
INFO: MockWebServer[45678] starting to accept connections
Jul 25, 2016 12:56:08 PM okhttp3.mockwebserver.MockWebServer$4 processConnection
WARNING: MockWebServer[45678] connection from /127.0.0.1 didn't make a request
Jul 25, 2016 12:56:08 PM okhttp3.mockwebserver.MockWebServer$3 acceptConnections
INFO: MockWebServer[45678] done accepting connections: Socket closed
Tests run: 6, Failures: 0, Errors: 0, Skipped: 0, Time elapsed: 0.76 sec
Running retrofit2.adapter.guava.GuavaCallAdapterFactoryTest
Jul 25, 2016 12:56:08 PM okhttp3.mockwebserver.MockWebServer$3 execute
INFO: MockWebServer[38400] starting to accept connections
Jul 25, 2016 12:56:08 PM okhttp3.mockwebserver.MockWebServer$3 acceptConnections
INFO: MockWebServer[38400] done accepting connections: Socket is closed
Jul 25, 2016 12:56:08 PM okhttp3.mockwebserver.MockWebServer$3 execute
INFO: MockWebServer[35371] starting to accept connections
Jul 25, 2016 12:56:08 PM okhttp3.mockwebserver.MockWebServer$3 acceptConnections
INFO: MockWebServer[35371] done accepting connections: Socket is closed
Jul 25, 2016 12:56:08 PM okhttp3.mockwebserver.MockWebServer$3 execute
INFO: MockWebServer[54437] starting to accept connections
Jul 25, 2016 12:56:08 PM okhttp3.mockwebserver.MockWebServer$3 acceptConnections
INFO: MockWebServer[54437] done accepting connections: Socket is closed
Jul 25, 2016 12:56:08 PM okhttp3.mockwebserver.MockWebServer$3 execute
INFO: MockWebServer[40298] starting to accept connections
Jul 25, 2016 12:56:08 PM okhttp3.mockwebserver.MockWebServer$3 acceptConnections
INFO: MockWebServer[40298] done accepting connections: Socket is closed
Tests run: 4, Failures: 0, Errors: 0, Skipped: 0, Time elapsed: 0.044 sec

Results :

Tests run: 10, Failures: 0, Errors: 0, Skipped: 0

[INFO] 
[INFO] --- animal-sniffer-maven-plugin:1.14:check (default) @ adapter-guava ---
[INFO] Checking unresolved references to org.codehaus.mojo.signature:java16:1.1
[INFO]                                                                         
[INFO] ------------------------------------------------------------------------
[INFO] Building Adapter: Java 8 2.1.1-SNAPSHOT
[INFO] ------------------------------------------------------------------------
[INFO] 
[INFO] --- maven-enforcer-plugin:1.0:enforce (enforce-maven) @ adapter-java8 ---
[INFO] 
[INFO] --- maven-resources-plugin:2.6:resources (default-resources) @ adapter-java8 ---
[INFO] Using 'UTF-8' encoding to copy filtered resources.
[INFO] skip non existing resourceDirectory /home/travis/build/square/retrofit/retrofit-adapters/java8/src/main/resources
[INFO] 
[INFO] --- maven-compiler-plugin:3.0:compile (default-compile) @ adapter-java8 ---
[INFO] Changes detected - recompiling the module!
[INFO] Compiling 2 source files to /home/travis/build/square/retrofit/retrofit-adapters/java8/target/classes
[INFO] 
[INFO] --- maven-resources-plugin:2.6:testResources (default-testResources) @ adapter-java8 ---
[INFO] Using 'UTF-8' encoding to copy filtered resources.
[INFO] skip non existing resourceDirectory /home/travis/build/square/retrofit/retrofit-adapters/java8/src/test/resources
[INFO] 
[INFO] --- maven-compiler-plugin:3.0:testCompile (default-testCompile) @ adapter-java8 ---
[INFO] Changes detected - recompiling the module!
[INFO] Compiling 3 source files to /home/travis/build/square/retrofit/retrofit-adapters/java8/target/test-classes
[INFO] 
[INFO] --- maven-surefire-plugin:2.12.4:test (default-test) @ adapter-java8 ---
[INFO] Surefire report directory: /home/travis/build/square/retrofit/retrofit-adapters/java8/target/surefire-reports

-------------------------------------------------------
 T E S T S
-------------------------------------------------------
Running retrofit2.adapter.java8.Java8CallAdapterFactoryTest
Jul 25, 2016 12:56:12 PM okhttp3.mockwebserver.MockWebServer$3 execute
INFO: MockWebServer[48719] starting to accept connections
Jul 25, 2016 12:56:12 PM okhttp3.mockwebserver.MockWebServer$3 acceptConnections
INFO: MockWebServer[48719] done accepting connections: Socket closed
Jul 25, 2016 12:56:12 PM okhttp3.mockwebserver.MockWebServer$3 execute
INFO: MockWebServer[47496] starting to accept connections
Jul 25, 2016 12:56:12 PM okhttp3.mockwebserver.MockWebServer$3 acceptConnections
INFO: MockWebServer[47496] done accepting connections: Socket is closed
Jul 25, 2016 12:56:12 PM okhttp3.mockwebserver.MockWebServer$3 execute
INFO: MockWebServer[44686] starting to accept connections
Jul 25, 2016 12:56:12 PM okhttp3.mockwebserver.MockWebServer$3 acceptConnections
INFO: MockWebServer[44686] done accepting connections: Socket is closed
Jul 25, 2016 12:56:12 PM okhttp3.mockwebserver.MockWebServer$3 execute
INFO: MockWebServer[37108] starting to accept connections
Jul 25, 2016 12:56:12 PM okhttp3.mockwebserver.MockWebServer$3 acceptConnections
INFO: MockWebServer[37108] done accepting connections: Socket is closed
Tests run: 4, Failures: 0, Errors: 0, Skipped: 0, Time elapsed: 0.717 sec
Running retrofit2.adapter.java8.CompletableFutureTest
Jul 25, 2016 12:56:12 PM okhttp3.mockwebserver.MockWebServer$3 execute
INFO: MockWebServer[36446] starting to accept connections
Jul 25, 2016 12:56:12 PM okhttp3.mockwebserver.MockWebServer$3 acceptConnections
INFO: MockWebServer[36446] done accepting connections: Socket closed
Jul 25, 2016 12:56:12 PM okhttp3.mockwebserver.MockWebServer$4 processOneRequest
INFO: MockWebServer[36446] received request: GET / HTTP/1.1 and responded: HTTP/1.1 200 OK
Jul 25, 2016 12:56:12 PM okhttp3.mockwebserver.MockWebServer$3 execute
INFO: MockWebServer[41360] starting to accept connections
Jul 25, 2016 12:56:12 PM okhttp3.mockwebserver.MockWebServer$3 acceptConnections
INFO: MockWebServer[41360] done accepting connections: Socket closed
Jul 25, 2016 12:56:12 PM okhttp3.mockwebserver.MockWebServer$4 processOneRequest
INFO: MockWebServer[41360] received request: GET / HTTP/1.1 and responded: HTTP/1.1 404 Client Error
Jul 25, 2016 12:56:12 PM okhttp3.mockwebserver.MockWebServer$3 execute
INFO: MockWebServer[53722] starting to accept connections
Jul 25, 2016 12:56:12 PM okhttp3.mockwebserver.MockWebServer$3 acceptConnections
INFO: MockWebServer[53722] done accepting connections: Socket closed
Jul 25, 2016 12:56:12 PM okhttp3.mockwebserver.MockWebServer$4 processConnection
WARNING: MockWebServer[53722] connection from /127.0.0.1 didn't make a request
Jul 25, 2016 12:56:12 PM okhttp3.mockwebserver.MockWebServer$3 execute
INFO: MockWebServer[40455] starting to accept connections
Jul 25, 2016 12:56:12 PM okhttp3.mockwebserver.MockWebServer$3 acceptConnections
INFO: MockWebServer[40455] done accepting connections: Socket closed
Jul 25, 2016 12:56:12 PM okhttp3.mockwebserver.MockWebServer$4 processOneRequest
INFO: MockWebServer[40455] received request: GET / HTTP/1.1 and responded: HTTP/1.1 200 OK
Jul 25, 2016 12:56:12 PM okhttp3.mockwebserver.MockWebServer$3 execute
INFO: MockWebServer[59422] starting to accept connections
Jul 25, 2016 12:56:12 PM okhttp3.mockwebserver.MockWebServer$3 acceptConnections
INFO: MockWebServer[59422] done accepting connections: Socket closed
Jul 25, 2016 12:56:12 PM okhttp3.mockwebserver.MockWebServer$4 processOneRequest
INFO: MockWebServer[59422] received request: GET / HTTP/1.1 and responded: HTTP/1.1 404 Client Error
Jul 25, 2016 12:56:12 PM okhttp3.mockwebserver.MockWebServer$3 execute
INFO: MockWebServer[54226] starting to accept connections
Jul 25, 2016 12:56:12 PM okhttp3.mockwebserver.MockWebServer$3 acceptConnections
INFO: MockWebServer[54226] done accepting connections: Socket closed
Jul 25, 2016 12:56:12 PM okhttp3.mockwebserver.MockWebServer$4 processConnection
WARNING: MockWebServer[54226] connection from /127.0.0.1 didn't make a request
Tests run: 6, Failures: 0, Errors: 0, Skipped: 0, Time elapsed: 0.14 sec

Results :

Tests run: 10, Failures: 0, Errors: 0, Skipped: 0

[INFO] 
[INFO] --- animal-sniffer-maven-plugin:1.14:check (default) @ adapter-java8 ---
[INFO] Checking unresolved references to org.kaazing.mojo.signature:java18:1.0
[INFO]                                                                         
[INFO] ------------------------------------------------------------------------
[INFO] Building Adapter: RxJava 2.1.1-SNAPSHOT
[INFO] ------------------------------------------------------------------------
[INFO] 
[INFO] --- maven-enforcer-plugin:1.0:enforce (enforce-maven) @ adapter-rxjava ---
[INFO] 
[INFO] --- maven-resources-plugin:2.6:resources (default-resources) @ adapter-rxjava ---
[INFO] Using 'UTF-8' encoding to copy filtered resources.
[INFO] skip non existing resourceDirectory /home/travis/build/square/retrofit/retrofit-adapters/rxjava/src/main/resources
[INFO] 
[INFO] --- maven-compiler-plugin:3.0:compile (default-compile) @ adapter-rxjava ---
[INFO] Changes detected - recompiling the module!
[INFO] Compiling 6 source files to /home/travis/build/square/retrofit/retrofit-adapters/rxjava/target/classes
[INFO] 
[INFO] --- maven-resources-plugin:2.6:testResources (default-testResources) @ adapter-rxjava ---
[INFO] Using 'UTF-8' encoding to copy filtered resources.
[INFO] skip non existing resourceDirectory /home/travis/build/square/retrofit/retrofit-adapters/rxjava/src/test/resources
[INFO] 
[INFO] --- maven-compiler-plugin:3.0:testCompile (default-testCompile) @ adapter-rxjava ---
[INFO] Changes detected - recompiling the module!
[INFO] Compiling 9 source files to /home/travis/build/square/retrofit/retrofit-adapters/rxjava/target/test-classes
[INFO] 
[INFO] --- maven-surefire-plugin:2.12.4:test (default-test) @ adapter-rxjava ---
[INFO] Surefire report directory: /home/travis/build/square/retrofit/retrofit-adapters/rxjava/target/surefire-reports

-------------------------------------------------------
 T E S T S
-------------------------------------------------------
Running retrofit2.adapter.rxjava.ObservableSchedulerTest
Jul 25, 2016 12:56:14 PM okhttp3.mockwebserver.MockWebServer$3 execute
INFO: MockWebServer[51331] starting to accept connections
Jul 25, 2016 12:56:14 PM okhttp3.mockwebserver.MockWebServer$4 processOneRequest
INFO: MockWebServer[51331] received request: GET / HTTP/1.1 and responded: HTTP/1.1 200 OK
Jul 25, 2016 12:56:14 PM okhttp3.mockwebserver.MockWebServer$3 acceptConnections
INFO: MockWebServer[51331] done accepting connections: Socket closed
Jul 25, 2016 12:56:14 PM okhttp3.mockwebserver.MockWebServer$3 execute
INFO: MockWebServer[46688] starting to accept connections
Jul 25, 2016 12:56:14 PM okhttp3.mockwebserver.MockWebServer$4 processOneRequest
INFO: MockWebServer[46688] received request: GET / HTTP/1.1 and responded: HTTP/1.1 200 OK
Jul 25, 2016 12:56:14 PM okhttp3.mockwebserver.MockWebServer$3 acceptConnections
INFO: MockWebServer[46688] done accepting connections: Socket closed
Jul 25, 2016 12:56:14 PM okhttp3.mockwebserver.MockWebServer$3 execute
INFO: MockWebServer[41907] starting to accept connections
Jul 25, 2016 12:56:14 PM okhttp3.mockwebserver.MockWebServer$3 acceptConnections
INFO: MockWebServer[41907] done accepting connections: Socket closed
Jul 25, 2016 12:56:14 PM okhttp3.mockwebserver.MockWebServer$4 processOneRequest
INFO: MockWebServer[41907] received request: GET / HTTP/1.1 and responded: HTTP/1.1 200 OK
Tests run: 3, Failures: 0, Errors: 0, Skipped: 0, Time elapsed: 0.661 sec
Running retrofit2.adapter.rxjava.ObservableTest
Jul 25, 2016 12:56:14 PM okhttp3.mockwebserver.MockWebServer$3 execute
INFO: MockWebServer[58724] starting to accept connections
Jul 25, 2016 12:56:14 PM okhttp3.mockwebserver.MockWebServer$4 processConnection
WARNING: MockWebServer[58724] connection from /127.0.0.1 didn't make a request
Jul 25, 2016 12:56:14 PM okhttp3.mockwebserver.MockWebServer$3 acceptConnections
INFO: MockWebServer[58724] done accepting connections: Socket closed
Jul 25, 2016 12:56:14 PM okhttp3.mockwebserver.MockWebServer$3 execute
INFO: MockWebServer[35299] starting to accept connections
Jul 25, 2016 12:56:14 PM okhttp3.mockwebserver.MockWebServer$3 acceptConnections
INFO: MockWebServer[35299] done accepting connections: Socket closed
Jul 25, 2016 12:56:14 PM okhttp3.mockwebserver.MockWebServer$4 processOneRequest
INFO: MockWebServer[35299] received request: GET / HTTP/1.1 and responded: HTTP/1.1 200 OK
Jul 25, 2016 12:56:14 PM okhttp3.mockwebserver.MockWebServer$3 execute
INFO: MockWebServer[59939] starting to accept connections
Jul 25, 2016 12:56:14 PM okhttp3.mockwebserver.MockWebServer$3 acceptConnections
INFO: MockWebServer[59939] done accepting connections: Socket closed
Jul 25, 2016 12:56:14 PM okhttp3.mockwebserver.MockWebServer$4 processOneRequest
INFO: MockWebServer[59939] received request: GET / HTTP/1.1 and responded: HTTP/1.1 404 Client Error
Jul 25, 2016 12:56:14 PM okhttp3.mockwebserver.MockWebServer$3 execute
INFO: MockWebServer[36449] starting to accept connections
Jul 25, 2016 12:56:14 PM okhttp3.mockwebserver.MockWebServer$3 acceptConnections
INFO: MockWebServer[36449] done accepting connections: Socket closed
Jul 25, 2016 12:56:14 PM okhttp3.mockwebserver.MockWebServer$4 processOneRequest
INFO: MockWebServer[36449] received request: GET / HTTP/1.1 and responded: HTTP/1.1 200 OK
Jul 25, 2016 12:56:14 PM okhttp3.mockwebserver.MockWebServer$3 execute
INFO: MockWebServer[46923] starting to accept connections
Jul 25, 2016 12:56:14 PM okhttp3.mockwebserver.MockWebServer$4 processOneRequest
INFO: MockWebServer[46923] received request: GET / HTTP/1.1 and responded: HTTP/1.1 200 OK
Jul 25, 2016 12:56:14 PM okhttp3.mockwebserver.MockWebServer$3 acceptConnections
INFO: MockWebServer[46923] done accepting connections: Socket closed
Jul 25, 2016 12:56:14 PM okhttp3.mockwebserver.MockWebServer$3 execute
INFO: MockWebServer[42280] starting to accept connections
Jul 25, 2016 12:56:14 PM okhttp3.mockwebserver.MockWebServer$3 acceptConnections
INFO: MockWebServer[42280] done accepting connections: Socket closed
Jul 25, 2016 12:56:14 PM okhttp3.mockwebserver.MockWebServer$4 processConnection
WARNING: MockWebServer[42280] connection from /127.0.0.1 didn't make a request
Jul 25, 2016 12:56:14 PM okhttp3.mockwebserver.MockWebServer$3 execute
INFO: MockWebServer[51299] starting to accept connections
Jul 25, 2016 12:56:14 PM okhttp3.mockwebserver.MockWebServer$3 acceptConnections
INFO: MockWebServer[51299] done accepting connections: Socket closed
Jul 25, 2016 12:56:14 PM okhttp3.mockwebserver.MockWebServer$4 processOneRequest
INFO: MockWebServer[51299] received request: GET / HTTP/1.1 and responded: HTTP/1.1 200 OK
Jul 25, 2016 12:56:14 PM okhttp3.mockwebserver.MockWebServer$3 execute
INFO: MockWebServer[39372] starting to accept connections
Jul 25, 2016 12:56:14 PM okhttp3.mockwebserver.MockWebServer$3 acceptConnections
INFO: MockWebServer[39372] done accepting connections: Socket closed
Jul 25, 2016 12:56:14 PM okhttp3.mockwebserver.MockWebServer$4 processOneRequest
INFO: MockWebServer[39372] received request: GET / HTTP/1.1 and responded: HTTP/1.1 404 Client Error
Jul 25, 2016 12:56:14 PM okhttp3.mockwebserver.MockWebServer$3 execute
INFO: MockWebServer[53321] starting to accept connections
Jul 25, 2016 12:56:14 PM okhttp3.mockwebserver.MockWebServer$3 acceptConnections
INFO: MockWebServer[53321] done accepting connections: Socket closed
Jul 25, 2016 12:56:14 PM okhttp3.mockwebserver.MockWebServer$4 processConnection
WARNING: MockWebServer[53321] connection from /127.0.0.1 didn't make a request
Jul 25, 2016 12:56:14 PM okhttp3.mockwebserver.MockWebServer$3 execute
INFO: MockWebServer[48508] starting to accept connections
Jul 25, 2016 12:56:14 PM okhttp3.mockwebserver.MockWebServer$3 acceptConnections
INFO: MockWebServer[48508] done accepting connections: Socket closed
Jul 25, 2016 12:56:14 PM okhttp3.mockwebserver.MockWebServer$4 processOneRequest
INFO: MockWebServer[48508] received request: GET / HTTP/1.1 and responded: HTTP/1.1 200 OK
Jul 25, 2016 12:56:14 PM okhttp3.mockwebserver.MockWebServer$3 execute
INFO: MockWebServer[37723] starting to accept connections
Jul 25, 2016 12:56:14 PM okhttp3.mockwebserver.MockWebServer$3 acceptConnections
INFO: MockWebServer[37723] done accepting connections: Socket closed
Jul 25, 2016 12:56:14 PM okhttp3.mockwebserver.MockWebServer$4 processOneRequest
INFO: MockWebServer[37723] received request: GET / HTTP/1.1 and responded: HTTP/1.1 200 OK
Jul 25, 2016 12:56:14 PM okhttp3.mockwebserver.MockWebServer$3 execute
INFO: MockWebServer[59092] starting to accept connections
Jul 25, 2016 12:56:14 PM okhttp3.mockwebserver.MockWebServer$3 acceptConnections
INFO: MockWebServer[59092] done accepting connections: Socket closed
Jul 25, 2016 12:56:14 PM okhttp3.mockwebserver.MockWebServer$4 processOneRequest
INFO: MockWebServer[59092] received request: GET / HTTP/1.1 and responded: HTTP/1.1 404 Client Error
Tests run: 12, Failures: 0, Errors: 0, Skipped: 0, Time elapsed: 0.195 sec
Running retrofit2.adapter.rxjava.RxJavaCallAdapterFactoryTest
Tests run: 6, Failures: 0, Errors: 0, Skipped: 0, Time elapsed: 0.036 sec
Running retrofit2.adapter.rxjava.SingleSchedulerTest
Jul 25, 2016 12:56:14 PM okhttp3.mockwebserver.MockWebServer$3 execute
INFO: MockWebServer[53531] starting to accept connections
Jul 25, 2016 12:56:14 PM okhttp3.mockwebserver.MockWebServer$3 acceptConnections
INFO: MockWebServer[53531] done accepting connections: Socket closed
Jul 25, 2016 12:56:14 PM okhttp3.mockwebserver.MockWebServer$4 processOneRequest
INFO: MockWebServer[53531] received request: GET / HTTP/1.1 and responded: HTTP/1.1 200 OK
Jul 25, 2016 12:56:14 PM okhttp3.mockwebserver.MockWebServer$3 execute
INFO: MockWebServer[39087] starting to accept connections
Jul 25, 2016 12:56:14 PM okhttp3.mockwebserver.MockWebServer$3 acceptConnections
INFO: MockWebServer[39087] done accepting connections: Socket closed
Jul 25, 2016 12:56:14 PM okhttp3.mockwebserver.MockWebServer$4 processOneRequest
INFO: MockWebServer[39087] received request: GET / HTTP/1.1 and responded: HTTP/1.1 200 OK
Jul 25, 2016 12:56:14 PM okhttp3.mockwebserver.MockWebServer$3 execute
INFO: MockWebServer[57975] starting to accept connections
Jul 25, 2016 12:56:14 PM okhttp3.mockwebserver.MockWebServer$3 acceptConnections
INFO: MockWebServer[57975] done accepting connections: Socket closed
Jul 25, 2016 12:56:14 PM okhttp3.mockwebserver.MockWebServer$4 processOneRequest
INFO: MockWebServer[57975] received request: GET / HTTP/1.1 and responded: HTTP/1.1 200 OK
Tests run: 3, Failures: 0, Errors: 0, Skipped: 0, Time elapsed: 0.19 sec
Running retrofit2.adapter.rxjava.CompletableTest
Jul 25, 2016 12:56:14 PM okhttp3.mockwebserver.MockWebServer$3 execute
INFO: MockWebServer[60793] starting to accept connections
Jul 25, 2016 12:56:14 PM okhttp3.mockwebserver.MockWebServer$3 acceptConnections
INFO: MockWebServer[60793] done accepting connections: Socket closed
Jul 25, 2016 12:56:14 PM okhttp3.mockwebserver.MockWebServer$4 processOneRequest
INFO: MockWebServer[60793] received request: GET / HTTP/1.1 and responded: HTTP/1.1 200 OK
Jul 25, 2016 12:56:14 PM okhttp3.mockwebserver.MockWebServer$3 execute
INFO: MockWebServer[49970] starting to accept connections
Jul 25, 2016 12:56:14 PM okhttp3.mockwebserver.MockWebServer$3 acceptConnections
INFO: MockWebServer[49970] done accepting connections: Socket closed
Jul 25, 2016 12:56:14 PM okhttp3.mockwebserver.MockWebServer$4 processOneRequest
INFO: MockWebServer[49970] received request: GET / HTTP/1.1 and responded: HTTP/1.1 404 Client Error
Jul 25, 2016 12:56:14 PM okhttp3.mockwebserver.MockWebServer$3 execute
INFO: MockWebServer[44434] starting to accept connections
Jul 25, 2016 12:56:14 PM okhttp3.mockwebserver.MockWebServer$3 acceptConnections
INFO: MockWebServer[44434] done accepting connections: Socket closed
Jul 25, 2016 12:56:14 PM okhttp3.mockwebserver.MockWebServer$4 processConnection
WARNING: MockWebServer[44434] connection from /127.0.0.1 didn't make a request
Tests run: 3, Failures: 0, Errors: 0, Skipped: 0, Time elapsed: 0.04 sec
Running retrofit2.adapter.rxjava.CompletableSchedulerTest
Jul 25, 2016 12:56:14 PM okhttp3.mockwebserver.MockWebServer$3 execute
INFO: MockWebServer[36913] starting to accept connections
Jul 25, 2016 12:56:15 PM okhttp3.mockwebserver.MockWebServer$4 processOneRequest
INFO: MockWebServer[36913] received request: GET / HTTP/1.1 and responded: HTTP/1.1 200 OK
Jul 25, 2016 12:56:15 PM okhttp3.mockwebserver.MockWebServer$3 acceptConnections
INFO: MockWebServer[36913] done accepting connections: Socket closed
Tests run: 1, Failures: 0, Errors: 0, Skipped: 0, Time elapsed: 0.046 sec
Running retrofit2.adapter.rxjava.SingleTest
Jul 25, 2016 12:56:15 PM okhttp3.mockwebserver.MockWebServer$3 execute
INFO: MockWebServer[52261] starting to accept connections
Jul 25, 2016 12:56:15 PM okhttp3.mockwebserver.MockWebServer$4 processConnection
WARNING: MockWebServer[52261] connection from /127.0.0.1 didn't make a request
Jul 25, 2016 12:56:15 PM okhttp3.mockwebserver.MockWebServer$3 acceptConnections
INFO: MockWebServer[52261] done accepting connections: Socket closed
Jul 25, 2016 12:56:15 PM okhttp3.mockwebserver.MockWebServer$3 execute
INFO: MockWebServer[42096] starting to accept connections
Jul 25, 2016 12:56:15 PM okhttp3.mockwebserver.MockWebServer$3 acceptConnections
INFO: MockWebServer[42096] done accepting connections: Socket closed
Jul 25, 2016 12:56:15 PM okhttp3.mockwebserver.MockWebServer$4 processOneRequest
INFO: MockWebServer[42096] received request: GET / HTTP/1.1 and responded: HTTP/1.1 200 OK
Jul 25, 2016 12:56:15 PM okhttp3.mockwebserver.MockWebServer$3 execute
INFO: MockWebServer[46964] starting to accept connections
Jul 25, 2016 12:56:15 PM okhttp3.mockwebserver.MockWebServer$3 acceptConnections
INFO: MockWebServer[46964] done accepting connections: Socket closed
Jul 25, 2016 12:56:15 PM okhttp3.mockwebserver.MockWebServer$4 processOneRequest
INFO: MockWebServer[46964] received request: GET / HTTP/1.1 and responded: HTTP/1.1 404 Client Error
Jul 25, 2016 12:56:15 PM okhttp3.mockwebserver.MockWebServer$3 execute
INFO: MockWebServer[33954] starting to accept connections
Jul 25, 2016 12:56:15 PM okhttp3.mockwebserver.MockWebServer$3 acceptConnections
INFO: MockWebServer[33954] done accepting connections: Socket closed
Jul 25, 2016 12:56:15 PM okhttp3.mockwebserver.MockWebServer$4 processConnection
WARNING: MockWebServer[33954] connection from /127.0.0.1 didn't make a request
Jul 25, 2016 12:56:15 PM okhttp3.mockwebserver.MockWebServer$3 execute
INFO: MockWebServer[37066] starting to accept connections
Jul 25, 2016 12:56:15 PM okhttp3.mockwebserver.MockWebServer$3 acceptConnections
INFO: MockWebServer[37066] done accepting connections: Socket closed
Jul 25, 2016 12:56:15 PM okhttp3.mockwebserver.MockWebServer$4 processOneRequest
INFO: MockWebServer[37066] received request: GET / HTTP/1.1 and responded: HTTP/1.1 200 OK
Jul 25, 2016 12:56:15 PM okhttp3.mockwebserver.MockWebServer$3 execute
INFO: MockWebServer[56760] starting to accept connections
Jul 25, 2016 12:56:15 PM okhttp3.mockwebserver.MockWebServer$3 acceptConnections
INFO: MockWebServer[56760] done accepting connections: Socket closed
Jul 25, 2016 12:56:15 PM okhttp3.mockwebserver.MockWebServer$4 processOneRequest
INFO: MockWebServer[56760] received request: GET / HTTP/1.1 and responded: HTTP/1.1 404 Client Error
Jul 25, 2016 12:56:15 PM okhttp3.mockwebserver.MockWebServer$3 execute
INFO: MockWebServer[41792] starting to accept connections
Jul 25, 2016 12:56:15 PM okhttp3.mockwebserver.MockWebServer$3 acceptConnections
INFO: MockWebServer[41792] done accepting connections: Socket closed
Jul 25, 2016 12:56:15 PM okhttp3.mockwebserver.MockWebServer$4 processConnection
WARNING: MockWebServer[41792] connection from /127.0.0.1 didn't make a request
Jul 25, 2016 12:56:15 PM okhttp3.mockwebserver.MockWebServer$3 execute
INFO: MockWebServer[38533] starting to accept connections
Jul 25, 2016 12:56:15 PM okhttp3.mockwebserver.MockWebServer$3 acceptConnections
INFO: MockWebServer[38533] done accepting connections: Socket closed
Jul 25, 2016 12:56:15 PM okhttp3.mockwebserver.MockWebServer$4 processOneRequest
INFO: MockWebServer[38533] received request: GET / HTTP/1.1 and responded: HTTP/1.1 200 OK
Jul 25, 2016 12:56:15 PM okhttp3.mockwebserver.MockWebServer$3 execute
INFO: MockWebServer[57610] starting to accept connections
Jul 25, 2016 12:56:15 PM okhttp3.mockwebserver.MockWebServer$4 processOneRequest
INFO: MockWebServer[57610] received request: GET / HTTP/1.1 and responded: HTTP/1.1 404 Client Error
Jul 25, 2016 12:56:15 PM okhttp3.mockwebserver.MockWebServer$3 acceptConnections
INFO: MockWebServer[57610] done accepting connections: Socket closed
Tests run: 9, Failures: 0, Errors: 0, Skipped: 0, Time elapsed: 0.113 sec
Running retrofit2.adapter.rxjava.ResultTest
Tests run: 4, Failures: 0, Errors: 0, Skipped: 0, Time elapsed: 0.002 sec

Results :

Tests run: 41, Failures: 0, Errors: 0, Skipped: 0

[INFO] 
[INFO] --- animal-sniffer-maven-plugin:1.14:check (default) @ adapter-rxjava ---
[INFO] Checking unresolved references to org.codehaus.mojo.signature:java16:1.1
[INFO]                                                                         
[INFO] ------------------------------------------------------------------------
[INFO] Building Converters 2.1.1-SNAPSHOT
[INFO] ------------------------------------------------------------------------
[INFO] 
[INFO] --- maven-enforcer-plugin:1.0:enforce (enforce-maven) @ retrofit-converters ---
[INFO] 
[INFO] --- animal-sniffer-maven-plugin:1.14:check (default) @ retrofit-converters ---
[INFO] Checking unresolved references to org.codehaus.mojo.signature:java16:1.1
[INFO]                                                                         
[INFO] ------------------------------------------------------------------------
[INFO] Building Converter: Gson 2.1.1-SNAPSHOT
[INFO] ------------------------------------------------------------------------
[INFO] 
[INFO] --- maven-enforcer-plugin:1.0:enforce (enforce-maven) @ converter-gson ---
[INFO] 
[INFO] --- maven-resources-plugin:2.6:resources (default-resources) @ converter-gson ---
[INFO] Using 'UTF-8' encoding to copy filtered resources.
[INFO] skip non existing resourceDirectory /home/travis/build/square/retrofit/retrofit-converters/gson/src/main/resources
[INFO] 
[INFO] --- maven-compiler-plugin:3.0:compile (default-compile) @ converter-gson ---
[INFO] Changes detected - recompiling the module!
[INFO] Compiling 3 source files to /home/travis/build/square/retrofit/retrofit-converters/gson/target/classes
[INFO] 
[INFO] --- maven-resources-plugin:2.6:testResources (default-testResources) @ converter-gson ---
[INFO] Using 'UTF-8' encoding to copy filtered resources.
[INFO] skip non existing resourceDirectory /home/travis/build/square/retrofit/retrofit-converters/gson/src/test/resources
[INFO] 
[INFO] --- maven-compiler-plugin:3.0:testCompile (default-testCompile) @ converter-gson ---
[INFO] Changes detected - recompiling the module!
[INFO] Compiling 1 source file to /home/travis/build/square/retrofit/retrofit-converters/gson/target/test-classes
[INFO] 
[INFO] --- maven-surefire-plugin:2.12.4:test (default-test) @ converter-gson ---
[INFO] Surefire report directory: /home/travis/build/square/retrofit/retrofit-converters/gson/target/surefire-reports

-------------------------------------------------------
 T E S T S
-------------------------------------------------------
Running retrofit2.converter.gson.GsonConverterFactoryTest
Jul 25, 2016 12:56:16 PM okhttp3.mockwebserver.MockWebServer$3 execute
INFO: MockWebServer[35300] starting to accept connections
Jul 25, 2016 12:56:16 PM okhttp3.mockwebserver.MockWebServer$4 processOneRequest
INFO: MockWebServer[35300] received request: POST / HTTP/1.1 and responded: HTTP/1.1 200 OK
Jul 25, 2016 12:56:16 PM okhttp3.mockwebserver.MockWebServer$3 acceptConnections
INFO: MockWebServer[35300] done accepting connections: Socket closed
Jul 25, 2016 12:56:16 PM okhttp3.mockwebserver.MockWebServer$3 execute
INFO: MockWebServer[36796] starting to accept connections
Jul 25, 2016 12:56:16 PM okhttp3.mockwebserver.MockWebServer$3 acceptConnections
INFO: MockWebServer[36796] done accepting connections: Socket closed
Jul 25, 2016 12:56:16 PM okhttp3.mockwebserver.MockWebServer$4 processOneRequest
INFO: MockWebServer[36796] received request: POST / HTTP/1.1 and responded: HTTP/1.1 200 OK
Jul 25, 2016 12:56:17 PM okhttp3.mockwebserver.MockWebServer$3 execute
INFO: MockWebServer[49297] starting to accept connections
Jul 25, 2016 12:56:17 PM okhttp3.mockwebserver.MockWebServer$3 acceptConnections
INFO: MockWebServer[49297] done accepting connections: Socket closed
Jul 25, 2016 12:56:17 PM okhttp3.mockwebserver.MockWebServer$4 processOneRequest
INFO: MockWebServer[49297] received request: POST / HTTP/1.1 and responded: HTTP/1.1 200 OK
Jul 25, 2016 12:56:17 PM okhttp3.mockwebserver.MockWebServer$3 execute
INFO: MockWebServer[57346] starting to accept connections
Jul 25, 2016 12:56:17 PM okhttp3.mockwebserver.MockWebServer$3 acceptConnections
INFO: MockWebServer[57346] done accepting connections: Socket closed
Jul 25, 2016 12:56:17 PM okhttp3.mockwebserver.MockWebServer$4 processOneRequest
INFO: MockWebServer[57346] received request: POST / HTTP/1.1 and responded: HTTP/1.1 200 OK
Tests run: 4, Failures: 0, Errors: 0, Skipped: 0, Time elapsed: 0.807 sec

Results :

Tests run: 4, Failures: 0, Errors: 0, Skipped: 0

[INFO] 
[INFO] --- animal-sniffer-maven-plugin:1.14:check (default) @ converter-gson ---
[INFO] Checking unresolved references to org.codehaus.mojo.signature:java16:1.1
[INFO]                                                                         
[INFO] ------------------------------------------------------------------------
[INFO] Building Converter: Protocol Buffers 2.1.1-SNAPSHOT
[INFO] ------------------------------------------------------------------------
[INFO] 
[INFO] --- maven-enforcer-plugin:1.0:enforce (enforce-maven) @ converter-protobuf ---
[INFO] 
[INFO] --- maven-resources-plugin:2.6:resources (default-resources) @ converter-protobuf ---
[INFO] Using 'UTF-8' encoding to copy filtered resources.
[INFO] skip non existing resourceDirectory /home/travis/build/square/retrofit/retrofit-converters/protobuf/src/main/resources
[INFO] 
[INFO] --- maven-compiler-plugin:3.0:compile (default-compile) @ converter-protobuf ---
[INFO] Changes detected - recompiling the module!
[INFO] Compiling 3 source files to /home/travis/build/square/retrofit/retrofit-converters/protobuf/target/classes
[WARNING] /home/travis/build/square/retrofit/retrofit-converters/protobuf/src/main/java/retrofit2/converter/protobuf/ProtoConverterFactory.java: /home/travis/build/square/retrofit/retrofit-converters/protobuf/src/main/java/retrofit2/converter/protobuf/ProtoConverterFactory.java uses unchecked or unsafe operations.
[WARNING] /home/travis/build/square/retrofit/retrofit-converters/protobuf/src/main/java/retrofit2/converter/protobuf/ProtoConverterFactory.java: Recompile with -Xlint:unchecked for details.
[INFO] 
[INFO] --- maven-resources-plugin:2.6:testResources (default-testResources) @ converter-protobuf ---
[INFO] Using 'UTF-8' encoding to copy filtered resources.
[INFO] skip non existing resourceDirectory /home/travis/build/square/retrofit/retrofit-converters/protobuf/src/test/resources
[INFO] 
[INFO] --- maven-compiler-plugin:3.0:testCompile (default-testCompile) @ converter-protobuf ---
[INFO] Changes detected - recompiling the module!
[INFO] Compiling 2 source files to /home/travis/build/square/retrofit/retrofit-converters/protobuf/target/test-classes
[INFO] 
[INFO] --- maven-surefire-plugin:2.12.4:test (default-test) @ converter-protobuf ---
[INFO] Surefire report directory: /home/travis/build/square/retrofit/retrofit-converters/protobuf/target/surefire-reports

-------------------------------------------------------
 T E S T S
-------------------------------------------------------
Running retrofit2.converter.protobuf.ProtoConverterFactoryTest
Jul 25, 2016 12:56:18 PM okhttp3.mockwebserver.MockWebServer$3 execute
INFO: MockWebServer[33976] starting to accept connections
Jul 25, 2016 12:56:18 PM okhttp3.mockwebserver.MockWebServer$4 processOneRequest
INFO: MockWebServer[33976] received request: POST / HTTP/1.1 and responded: HTTP/1.1 200 OK
Jul 25, 2016 12:56:18 PM okhttp3.mockwebserver.MockWebServer$3 acceptConnections
INFO: MockWebServer[33976] done accepting connections: Socket closed
Jul 25, 2016 12:56:18 PM okhttp3.mockwebserver.MockWebServer$3 execute
INFO: MockWebServer[37452] starting to accept connections
Jul 25, 2016 12:56:18 PM okhttp3.mockwebserver.MockWebServer$3 acceptConnections
INFO: MockWebServer[37452] done accepting connections: Socket is closed
Jul 25, 2016 12:56:18 PM okhttp3.mockwebserver.MockWebServer$3 execute
INFO: MockWebServer[50304] starting to accept connections
Jul 25, 2016 12:56:18 PM okhttp3.mockwebserver.MockWebServer$3 acceptConnections
INFO: MockWebServer[50304] done accepting connections: Socket closed
Jul 25, 2016 12:56:18 PM okhttp3.mockwebserver.MockWebServer$4 processOneRequest
INFO: MockWebServer[50304] received request: GET / HTTP/1.1 and responded: HTTP/1.1 200 OK
Jul 25, 2016 12:56:18 PM okhttp3.mockwebserver.MockWebServer$3 execute
INFO: MockWebServer[59582] starting to accept connections
Jul 25, 2016 12:56:18 PM okhttp3.mockwebserver.MockWebServer$4 processOneRequest
INFO: MockWebServer[59582] received request: GET / HTTP/1.1 and responded: HTTP/1.1 200 OK
Jul 25, 2016 12:56:18 PM okhttp3.mockwebserver.MockWebServer$3 acceptConnections
INFO: MockWebServer[59582] done accepting connections: Socket closed
Jul 25, 2016 12:56:18 PM okhttp3.mockwebserver.MockWebServer$3 execute
INFO: MockWebServer[37707] starting to accept connections
Jul 25, 2016 12:56:18 PM okhttp3.mockwebserver.MockWebServer$3 acceptConnections
INFO: MockWebServer[37707] done accepting connections: Socket is closed
Jul 25, 2016 12:56:18 PM okhttp3.mockwebserver.MockWebServer$3 execute
INFO: MockWebServer[36777] starting to accept connections
Jul 25, 2016 12:56:18 PM okhttp3.mockwebserver.MockWebServer$3 acceptConnections
INFO: MockWebServer[36777] done accepting connections: Socket closed
Jul 25, 2016 12:56:18 PM okhttp3.mockwebserver.MockWebServer$4 processOneRequest
INFO: MockWebServer[36777] received request: GET / HTTP/1.1 and responded: HTTP/1.1 200 OK
Tests run: 6, Failures: 0, Errors: 0, Skipped: 0, Time elapsed: 0.769 sec

Results :

Tests run: 6, Failures: 0, Errors: 0, Skipped: 0

[INFO] 
[INFO] --- animal-sniffer-maven-plugin:1.14:check (default) @ converter-protobuf ---
[INFO] Checking unresolved references to org.codehaus.mojo.signature:java16:1.1
[INFO]                                                                         
[INFO] ------------------------------------------------------------------------
[INFO] Building Converter: Jackson 2.1.1-SNAPSHOT
[INFO] ------------------------------------------------------------------------
[INFO] 
[INFO] --- maven-enforcer-plugin:1.0:enforce (enforce-maven) @ converter-jackson ---
[INFO] 
[INFO] --- maven-resources-plugin:2.6:resources (default-resources) @ converter-jackson ---
[INFO] Using 'UTF-8' encoding to copy filtered resources.
[INFO] skip non existing resourceDirectory /home/travis/build/square/retrofit/retrofit-converters/jackson/src/main/resources
[INFO] 
[INFO] --- maven-compiler-plugin:3.0:compile (default-compile) @ converter-jackson ---
[INFO] Changes detected - recompiling the module!
[INFO] Compiling 3 source files to /home/travis/build/square/retrofit/retrofit-converters/jackson/target/classes
[WARNING] /home/travis/build/square/retrofit/retrofit-converters/jackson/src/main/java/retrofit2/converter/jackson/JacksonConverterFactory.java: /home/travis/build/square/retrofit/retrofit-converters/jackson/src/main/java/retrofit2/converter/jackson/JacksonConverterFactory.java uses or overrides a deprecated API.
[WARNING] /home/travis/build/square/retrofit/retrofit-converters/jackson/src/main/java/retrofit2/converter/jackson/JacksonConverterFactory.java: Recompile with -Xlint:deprecation for details.
[INFO] 
[INFO] --- maven-resources-plugin:2.6:testResources (default-testResources) @ converter-jackson ---
[INFO] Using 'UTF-8' encoding to copy filtered resources.
[INFO] skip non existing resourceDirectory /home/travis/build/square/retrofit/retrofit-converters/jackson/src/test/resources
[INFO] 
[INFO] --- maven-compiler-plugin:3.0:testCompile (default-testCompile) @ converter-jackson ---
[INFO] Changes detected - recompiling the module!
[INFO] Compiling 1 source file to /home/travis/build/square/retrofit/retrofit-converters/jackson/target/test-classes
[WARNING] /home/travis/build/square/retrofit/retrofit-converters/jackson/src/test/java/retrofit2/converter/jackson/JacksonConverterFactoryTest.java: /home/travis/build/square/retrofit/retrofit-converters/jackson/src/test/java/retrofit2/converter/jackson/JacksonConverterFactoryTest.java uses or overrides a deprecated API.
[WARNING] /home/travis/build/square/retrofit/retrofit-converters/jackson/src/test/java/retrofit2/converter/jackson/JacksonConverterFactoryTest.java: Recompile with -Xlint:deprecation for details.
[INFO] 
[INFO] --- maven-surefire-plugin:2.12.4:test (default-test) @ converter-jackson ---
[INFO] Surefire report directory: /home/travis/build/square/retrofit/retrofit-converters/jackson/target/surefire-reports

-------------------------------------------------------
 T E S T S
-------------------------------------------------------
Running retrofit2.converter.jackson.JacksonConverterFactoryTest
Jul 25, 2016 12:56:20 PM okhttp3.mockwebserver.MockWebServer$3 execute
INFO: MockWebServer[42614] starting to accept connections
Jul 25, 2016 12:56:20 PM okhttp3.mockwebserver.MockWebServer$4 processOneRequest
INFO: MockWebServer[42614] received request: POST / HTTP/1.1 and responded: HTTP/1.1 200 OK
Jul 25, 2016 12:56:20 PM okhttp3.mockwebserver.MockWebServer$3 acceptConnections
INFO: MockWebServer[42614] done accepting connections: Socket closed
Jul 25, 2016 12:56:20 PM okhttp3.mockwebserver.MockWebServer$3 execute
INFO: MockWebServer[51322] starting to accept connections
Jul 25, 2016 12:56:20 PM okhttp3.mockwebserver.MockWebServer$3 acceptConnections
INFO: MockWebServer[51322] done accepting connections: Socket closed
Jul 25, 2016 12:56:20 PM okhttp3.mockwebserver.MockWebServer$4 processOneRequest
INFO: MockWebServer[51322] received request: POST / HTTP/1.1 and responded: HTTP/1.1 200 OK
Tests run: 2, Failures: 0, Errors: 0, Skipped: 0, Time elapsed: 0.809 sec

Results :

Tests run: 2, Failures: 0, Errors: 0, Skipped: 0

[INFO] 
[INFO] --- animal-sniffer-maven-plugin:1.14:check (default) @ converter-jackson ---
[INFO] Checking unresolved references to org.codehaus.mojo.signature:java16:1.1
[INFO]                                                                         
[INFO] ------------------------------------------------------------------------
[INFO] Building Converter: Wire Protocol Buffers 2.1.1-SNAPSHOT
[INFO] ------------------------------------------------------------------------
[INFO] 
[INFO] --- maven-enforcer-plugin:1.0:enforce (enforce-maven) @ converter-wire ---
[INFO] 
[INFO] --- maven-resources-plugin:2.6:resources (default-resources) @ converter-wire ---
[INFO] Using 'UTF-8' encoding to copy filtered resources.
[INFO] skip non existing resourceDirectory /home/travis/build/square/retrofit/retrofit-converters/wire/src/main/resources
[INFO] 
[INFO] --- maven-compiler-plugin:3.0:compile (default-compile) @ converter-wire ---
[INFO] Changes detected - recompiling the module!
[INFO] Compiling 3 source files to /home/travis/build/square/retrofit/retrofit-converters/wire/target/classes
[WARNING] /home/travis/build/square/retrofit/retrofit-converters/wire/src/main/java/retrofit2/converter/wire/WireConverterFactory.java: /home/travis/build/square/retrofit/retrofit-converters/wire/src/main/java/retrofit2/converter/wire/WireConverterFactory.java uses unchecked or unsafe operations.
[WARNING] /home/travis/build/square/retrofit/retrofit-converters/wire/src/main/java/retrofit2/converter/wire/WireConverterFactory.java: Recompile with -Xlint:unchecked for details.
[INFO] 
[INFO] --- maven-resources-plugin:2.6:testResources (default-testResources) @ converter-wire ---
[INFO] Using 'UTF-8' encoding to copy filtered resources.
[INFO] skip non existing resourceDirectory /home/travis/build/square/retrofit/retrofit-converters/wire/src/test/resources
[INFO] 
[INFO] --- maven-compiler-plugin:3.0:testCompile (default-testCompile) @ converter-wire ---
[INFO] Changes detected - recompiling the module!
[INFO] Compiling 2 source files to /home/travis/build/square/retrofit/retrofit-converters/wire/target/test-classes
[INFO] 
[INFO] --- maven-surefire-plugin:2.12.4:test (default-test) @ converter-wire ---
[INFO] Surefire report directory: /home/travis/build/square/retrofit/retrofit-converters/wire/target/surefire-reports

-------------------------------------------------------
 T E S T S
-------------------------------------------------------
Running retrofit2.converter.wire.WireConverterFactoryTest
Jul 25, 2016 12:56:21 PM okhttp3.mockwebserver.MockWebServer$3 execute
INFO: MockWebServer[42401] starting to accept connections
Jul 25, 2016 12:56:21 PM okhttp3.mockwebserver.MockWebServer$4 processOneRequest
INFO: MockWebServer[42401] received request: POST / HTTP/1.1 and responded: HTTP/1.1 200 OK
Jul 25, 2016 12:56:22 PM okhttp3.mockwebserver.MockWebServer$3 acceptConnections
INFO: MockWebServer[42401] done accepting connections: Socket closed
Jul 25, 2016 12:56:22 PM okhttp3.mockwebserver.MockWebServer$3 execute
INFO: MockWebServer[39313] starting to accept connections
Jul 25, 2016 12:56:22 PM okhttp3.mockwebserver.MockWebServer$3 acceptConnections
INFO: MockWebServer[39313] done accepting connections: Socket closed
Jul 25, 2016 12:56:22 PM okhttp3.mockwebserver.MockWebServer$3 execute
INFO: MockWebServer[50449] starting to accept connections
Jul 25, 2016 12:56:22 PM okhttp3.mockwebserver.MockWebServer$4 processOneRequest
INFO: MockWebServer[50449] received request: GET / HTTP/1.1 and responded: HTTP/1.1 200 OK
Jul 25, 2016 12:56:22 PM okhttp3.mockwebserver.MockWebServer$3 acceptConnections
INFO: MockWebServer[50449] done accepting connections: Socket closed
Jul 25, 2016 12:56:22 PM okhttp3.mockwebserver.MockWebServer$3 execute
INFO: MockWebServer[34735] starting to accept connections
Jul 25, 2016 12:56:22 PM okhttp3.mockwebserver.MockWebServer$3 acceptConnections
INFO: MockWebServer[34735] done accepting connections: Socket is closed
Jul 25, 2016 12:56:22 PM okhttp3.mockwebserver.MockWebServer$3 execute
INFO: MockWebServer[39146] starting to accept connections
Jul 25, 2016 12:56:22 PM okhttp3.mockwebserver.MockWebServer$4 processOneRequest
INFO: MockWebServer[39146] received request: GET / HTTP/1.1 and responded: HTTP/1.1 200 OK
Jul 25, 2016 12:56:22 PM okhttp3.mockwebserver.MockWebServer$3 acceptConnections
INFO: MockWebServer[39146] done accepting connections: Socket closed
Tests run: 5, Failures: 0, Errors: 0, Skipped: 0, Time elapsed: 0.62 sec

Results :

Tests run: 5, Failures: 0, Errors: 0, Skipped: 0

[INFO] 
[INFO] --- animal-sniffer-maven-plugin:1.14:check (default) @ converter-wire ---
[INFO] Checking unresolved references to org.codehaus.mojo.signature:java16:1.1
[INFO]                                                                         
[INFO] ------------------------------------------------------------------------
[INFO] Building Converter: SimpleXML 2.1.1-SNAPSHOT
[INFO] ------------------------------------------------------------------------
[INFO] 
[INFO] --- maven-enforcer-plugin:1.0:enforce (enforce-maven) @ converter-simplexml ---
[INFO] 
[INFO] --- maven-resources-plugin:2.6:resources (default-resources) @ converter-simplexml ---
[INFO] Using 'UTF-8' encoding to copy filtered resources.
[INFO] skip non existing resourceDirectory /home/travis/build/square/retrofit/retrofit-converters/simplexml/src/main/resources
[INFO] 
[INFO] --- maven-compiler-plugin:3.0:compile (default-compile) @ converter-simplexml ---
[INFO] Changes detected - recompiling the module!
[INFO] Compiling 3 source files to /home/travis/build/square/retrofit/retrofit-converters/simplexml/target/classes
[INFO] 
[INFO] --- maven-resources-plugin:2.6:testResources (default-testResources) @ converter-simplexml ---
[INFO] Using 'UTF-8' encoding to copy filtered resources.
[INFO] skip non existing resourceDirectory /home/travis/build/square/retrofit/retrofit-converters/simplexml/src/test/resources
[INFO] 
[INFO] --- maven-compiler-plugin:3.0:testCompile (default-testCompile) @ converter-simplexml ---
[INFO] Changes detected - recompiling the module!
[INFO] Compiling 2 source files to /home/travis/build/square/retrofit/retrofit-converters/simplexml/target/test-classes
[INFO] 
[INFO] --- maven-surefire-plugin:2.12.4:test (default-test) @ converter-simplexml ---
[INFO] Surefire report directory: /home/travis/build/square/retrofit/retrofit-converters/simplexml/target/surefire-reports

-------------------------------------------------------
 T E S T S
-------------------------------------------------------
Running retrofit2.converter.simplexml.SimpleXmlConverterFactoryTest
Jul 25, 2016 12:56:23 PM okhttp3.mockwebserver.MockWebServer$3 execute
INFO: MockWebServer[47163] starting to accept connections
Jul 25, 2016 12:56:23 PM okhttp3.mockwebserver.MockWebServer$4 processOneRequest
INFO: MockWebServer[47163] received request: GET / HTTP/1.1 and responded: HTTP/1.1 200 OK
Jul 25, 2016 12:56:24 PM okhttp3.mockwebserver.MockWebServer$3 acceptConnections
INFO: MockWebServer[47163] done accepting connections: Socket closed
Jul 25, 2016 12:56:24 PM okhttp3.mockwebserver.MockWebServer$3 execute
INFO: MockWebServer[34599] starting to accept connections
Jul 25, 2016 12:56:24 PM okhttp3.mockwebserver.MockWebServer$4 processOneRequest
INFO: MockWebServer[34599] received request: GET / HTTP/1.1 and responded: HTTP/1.1 200 OK
Jul 25, 2016 12:56:24 PM okhttp3.mockwebserver.MockWebServer$3 acceptConnections
INFO: MockWebServer[34599] done accepting connections: Socket closed
Jul 25, 2016 12:56:24 PM okhttp3.mockwebserver.MockWebServer$3 execute
INFO: MockWebServer[49271] starting to accept connections
Jul 25, 2016 12:56:24 PM okhttp3.mockwebserver.MockWebServer$4 processOneRequest
INFO: MockWebServer[49271] received request: GET / HTTP/1.1 and responded: HTTP/1.1 200 OK
Jul 25, 2016 12:56:24 PM okhttp3.mockwebserver.MockWebServer$3 acceptConnections
INFO: MockWebServer[49271] done accepting connections: Socket closed
Jul 25, 2016 12:56:24 PM okhttp3.mockwebserver.MockWebServer$3 execute
INFO: MockWebServer[59868] starting to accept connections
Jul 25, 2016 12:56:24 PM okhttp3.mockwebserver.MockWebServer$4 processOneRequest
INFO: MockWebServer[59868] received request: POST / HTTP/1.1 and responded: HTTP/1.1 200 OK
Jul 25, 2016 12:56:24 PM okhttp3.mockwebserver.MockWebServer$3 acceptConnections
INFO: MockWebServer[59868] done accepting connections: Socket closed
Tests run: 4, Failures: 0, Errors: 0, Skipped: 0, Time elapsed: 1.206 sec

Results :

Tests run: 4, Failures: 0, Errors: 0, Skipped: 0

[INFO] 
[INFO] --- animal-sniffer-maven-plugin:1.14:check (default) @ converter-simplexml ---
[INFO] Checking unresolved references to org.codehaus.mojo.signature:java16:1.1
[INFO]                                                                         
[INFO] ------------------------------------------------------------------------
[INFO] Building Converter: Java Scalars 2.1.1-SNAPSHOT
[INFO] ------------------------------------------------------------------------
[INFO] 
[INFO] --- maven-enforcer-plugin:1.0:enforce (enforce-maven) @ converter-scalars ---
[INFO] 
[INFO] --- maven-resources-plugin:2.6:resources (default-resources) @ converter-scalars ---
[INFO] Using 'UTF-8' encoding to copy filtered resources.
[INFO] skip non existing resourceDirectory /home/travis/build/square/retrofit/retrofit-converters/scalars/src/main/resources
[INFO] 
[INFO] --- maven-compiler-plugin:3.0:compile (default-compile) @ converter-scalars ---
[INFO] Changes detected - recompiling the module!
[INFO] Compiling 3 source files to /home/travis/build/square/retrofit/retrofit-converters/scalars/target/classes
[INFO] 
[INFO] --- maven-resources-plugin:2.6:testResources (default-testResources) @ converter-scalars ---
[INFO] Using 'UTF-8' encoding to copy filtered resources.
[INFO] skip non existing resourceDirectory /home/travis/build/square/retrofit/retrofit-converters/scalars/src/test/resources
[INFO] 
[INFO] --- maven-compiler-plugin:3.0:testCompile (default-testCompile) @ converter-scalars ---
[INFO] Changes detected - recompiling the module!
[INFO] Compiling 2 source files to /home/travis/build/square/retrofit/retrofit-converters/scalars/target/test-classes
[INFO] 
[INFO] --- maven-surefire-plugin:2.12.4:test (default-test) @ converter-scalars ---
[INFO] Surefire report directory: /home/travis/build/square/retrofit/retrofit-converters/scalars/target/surefire-reports

-------------------------------------------------------
 T E S T S
-------------------------------------------------------
Running retrofit2.converter.scalars.ScalarsConverterFactoryTest
Jul 25, 2016 12:56:26 PM okhttp3.mockwebserver.MockWebServer$3 execute
INFO: MockWebServer[52333] starting to accept connections
Jul 25, 2016 12:56:26 PM okhttp3.mockwebserver.MockWebServer$3 acceptConnections
INFO: MockWebServer[52333] done accepting connections: Socket closed
Jul 25, 2016 12:56:26 PM okhttp3.mockwebserver.MockWebServer$3 execute
INFO: MockWebServer[51275] starting to accept connections
Jul 25, 2016 12:56:26 PM okhttp3.mockwebserver.MockWebServer$4 processOneRequest
INFO: MockWebServer[51275] received request: GET / HTTP/1.1 and responded: HTTP/1.1 200 OK
Jul 25, 2016 12:56:26 PM okhttp3.mockwebserver.MockWebServer$4 processOneRequest
INFO: MockWebServer[51275] received request: GET / HTTP/1.1 and responded: HTTP/1.1 200 OK
Jul 25, 2016 12:56:26 PM okhttp3.mockwebserver.MockWebServer$4 processOneRequest
INFO: MockWebServer[51275] received request: GET / HTTP/1.1 and responded: HTTP/1.1 200 OK
Jul 25, 2016 12:56:26 PM okhttp3.mockwebserver.MockWebServer$4 processOneRequest
INFO: MockWebServer[51275] received request: GET / HTTP/1.1 and responded: HTTP/1.1 200 OK
Jul 25, 2016 12:56:26 PM okhttp3.mockwebserver.MockWebServer$4 processOneRequest
INFO: MockWebServer[51275] received request: GET / HTTP/1.1 and responded: HTTP/1.1 200 OK
Jul 25, 2016 12:56:26 PM okhttp3.mockwebserver.MockWebServer$4 processOneRequest
INFO: MockWebServer[51275] received request: GET / HTTP/1.1 and responded: HTTP/1.1 200 OK
Jul 25, 2016 12:56:26 PM okhttp3.mockwebserver.MockWebServer$4 processOneRequest
INFO: MockWebServer[51275] received request: GET / HTTP/1.1 and responded: HTTP/1.1 200 OK
Jul 25, 2016 12:56:26 PM okhttp3.mockwebserver.MockWebServer$4 processOneRequest
INFO: MockWebServer[51275] received request: GET / HTTP/1.1 and responded: HTTP/1.1 200 OK
Jul 25, 2016 12:56:26 PM okhttp3.mockwebserver.MockWebServer$4 processOneRequest
INFO: MockWebServer[51275] received request: GET / HTTP/1.1 and responded: HTTP/1.1 200 OK
Jul 25, 2016 12:56:27 PM okhttp3.mockwebserver.MockWebServer$4 processOneRequest
INFO: MockWebServer[51275] received request: GET / HTTP/1.1 and responded: HTTP/1.1 200 OK
Jul 25, 2016 12:56:27 PM okhttp3.mockwebserver.MockWebServer$4 processOneRequest
INFO: MockWebServer[51275] received request: GET / HTTP/1.1 and responded: HTTP/1.1 200 OK
Jul 25, 2016 12:56:27 PM okhttp3.mockwebserver.MockWebServer$3 acceptConnections
INFO: MockWebServer[51275] done accepting connections: Socket closed
Jul 25, 2016 12:56:27 PM okhttp3.mockwebserver.MockWebServer$3 execute
INFO: MockWebServer[33985] starting to accept connections
Jul 25, 2016 12:56:27 PM okhttp3.mockwebserver.MockWebServer$4 processOneRequest
INFO: MockWebServer[33985] received request: POST / HTTP/1.1 and responded: HTTP/1.1 200 OK
Jul 25, 2016 12:56:27 PM okhttp3.mockwebserver.MockWebServer$4 processOneRequest
INFO: MockWebServer[33985] received request: POST / HTTP/1.1 and responded: HTTP/1.1 200 OK
Jul 25, 2016 12:56:27 PM okhttp3.mockwebserver.MockWebServer$4 processOneRequest
INFO: MockWebServer[33985] received request: POST / HTTP/1.1 and responded: HTTP/1.1 200 OK
Jul 25, 2016 12:56:27 PM okhttp3.mockwebserver.MockWebServer$4 processOneRequest
INFO: MockWebServer[33985] received request: POST / HTTP/1.1 and responded: HTTP/1.1 200 OK
Jul 25, 2016 12:56:27 PM okhttp3.mockwebserver.MockWebServer$4 processOneRequest
INFO: MockWebServer[33985] received request: POST / HTTP/1.1 and responded: HTTP/1.1 200 OK
Jul 25, 2016 12:56:27 PM okhttp3.mockwebserver.MockWebServer$4 processOneRequest
INFO: MockWebServer[33985] received request: POST / HTTP/1.1 and responded: HTTP/1.1 200 OK
Jul 25, 2016 12:56:27 PM okhttp3.mockwebserver.MockWebServer$4 processOneRequest
INFO: MockWebServer[33985] received request: POST / HTTP/1.1 and responded: HTTP/1.1 200 OK
Jul 25, 2016 12:56:27 PM okhttp3.mockwebserver.MockWebServer$4 processOneRequest
INFO: MockWebServer[33985] received request: POST / HTTP/1.1 and responded: HTTP/1.1 200 OK
Jul 25, 2016 12:56:27 PM okhttp3.mockwebserver.MockWebServer$4 processOneRequest
INFO: MockWebServer[33985] received request: POST / HTTP/1.1 and responded: HTTP/1.1 200 OK
Jul 25, 2016 12:56:27 PM okhttp3.mockwebserver.MockWebServer$4 processOneRequest
INFO: MockWebServer[33985] received request: POST / HTTP/1.1 and responded: HTTP/1.1 200 OK
Jul 25, 2016 12:56:27 PM okhttp3.mockwebserver.MockWebServer$4 processOneRequest
INFO: MockWebServer[33985] received request: POST / HTTP/1.1 and responded: HTTP/1.1 200 OK
Jul 25, 2016 12:56:27 PM okhttp3.mockwebserver.MockWebServer$4 processOneRequest
INFO: MockWebServer[33985] received request: POST / HTTP/1.1 and responded: HTTP/1.1 200 OK
Jul 25, 2016 12:56:27 PM okhttp3.mockwebserver.MockWebServer$4 processOneRequest
INFO: MockWebServer[33985] received request: POST / HTTP/1.1 and responded: HTTP/1.1 200 OK
Jul 25, 2016 12:56:27 PM okhttp3.mockwebserver.MockWebServer$4 processOneRequest
INFO: MockWebServer[33985] received request: POST / HTTP/1.1 and responded: HTTP/1.1 200 OK
Jul 25, 2016 12:56:27 PM okhttp3.mockwebserver.MockWebServer$4 processOneRequest
INFO: MockWebServer[33985] received request: POST / HTTP/1.1 and responded: HTTP/1.1 200 OK
Jul 25, 2016 12:56:27 PM okhttp3.mockwebserver.MockWebServer$4 processOneRequest
INFO: MockWebServer[33985] received request: POST / HTTP/1.1 and responded: HTTP/1.1 200 OK
Jul 25, 2016 12:56:27 PM okhttp3.mockwebserver.MockWebServer$4 processOneRequest
INFO: MockWebServer[33985] received request: POST / HTTP/1.1 and responded: HTTP/1.1 200 OK
Jul 25, 2016 12:56:27 PM okhttp3.mockwebserver.MockWebServer$3 acceptConnections
INFO: MockWebServer[33985] done accepting connections: Socket closed
Jul 25, 2016 12:56:27 PM okhttp3.mockwebserver.MockWebServer$3 execute
INFO: MockWebServer[60395] starting to accept connections
Jul 25, 2016 12:56:27 PM okhttp3.mockwebserver.MockWebServer$3 acceptConnections
INFO: MockWebServer[60395] done accepting connections: Socket closed
Tests run: 4, Failures: 0, Errors: 0, Skipped: 0, Time elapsed: 1.493 sec
Running retrofit2.converter.scalars.ScalarsConverterPrimitivesFactoryTest
Jul 25, 2016 12:56:27 PM okhttp3.mockwebserver.MockWebServer$3 execute
INFO: MockWebServer[42587] starting to accept connections
Jul 25, 2016 12:56:27 PM okhttp3.mockwebserver.MockWebServer$4 processOneRequest
INFO: MockWebServer[42587] received request: GET / HTTP/1.1 and responded: HTTP/1.1 200 OK
Jul 25, 2016 12:56:27 PM okhttp3.mockwebserver.MockWebServer$4 processOneRequest
INFO: MockWebServer[42587] received request: GET / HTTP/1.1 and responded: HTTP/1.1 200 OK
Jul 25, 2016 12:56:27 PM okhttp3.mockwebserver.MockWebServer$4 processOneRequest
INFO: MockWebServer[42587] received request: GET / HTTP/1.1 and responded: HTTP/1.1 200 OK
Jul 25, 2016 12:56:27 PM okhttp3.mockwebserver.MockWebServer$4 processOneRequest
INFO: MockWebServer[42587] received request: GET / HTTP/1.1 and responded: HTTP/1.1 200 OK
Jul 25, 2016 12:56:27 PM okhttp3.mockwebserver.MockWebServer$4 processOneRequest
INFO: MockWebServer[42587] received request: GET / HTTP/1.1 and responded: HTTP/1.1 200 OK
Jul 25, 2016 12:56:27 PM okhttp3.mockwebserver.MockWebServer$4 processOneRequest
INFO: MockWebServer[42587] received request: GET / HTTP/1.1 and responded: HTTP/1.1 200 OK
Jul 25, 2016 12:56:27 PM okhttp3.mockwebserver.MockWebServer$4 processOneRequest
INFO: MockWebServer[42587] received request: GET / HTTP/1.1 and responded: HTTP/1.1 200 OK
Jul 25, 2016 12:56:27 PM okhttp3.mockwebserver.MockWebServer$4 processOneRequest
INFO: MockWebServer[42587] received request: GET / HTTP/1.1 and responded: HTTP/1.1 200 OK
Jul 25, 2016 12:56:27 PM okhttp3.mockwebserver.MockWebServer$4 processOneRequest
INFO: MockWebServer[42587] received request: GET / HTTP/1.1 and responded: HTTP/1.1 200 OK
Jul 25, 2016 12:56:27 PM okhttp3.mockwebserver.MockWebServer$4 processOneRequest
INFO: MockWebServer[42587] received request: GET / HTTP/1.1 and responded: HTTP/1.1 200 OK
Jul 25, 2016 12:56:27 PM okhttp3.mockwebserver.MockWebServer$3 acceptConnections
INFO: MockWebServer[42587] done accepting connections: Socket closed
Tests run: 1, Failures: 0, Errors: 0, Skipped: 0, Time elapsed: 0.364 sec

Results :

Tests run: 5, Failures: 0, Errors: 0, Skipped: 0

[INFO] 
[INFO] --- animal-sniffer-maven-plugin:1.14:check (default) @ converter-scalars ---
[INFO] Checking unresolved references to org.codehaus.mojo.signature:java16:1.1
[INFO]                                                                         
[INFO] ------------------------------------------------------------------------
[INFO] Building Converter: Moshi 2.1.1-SNAPSHOT
[INFO] ------------------------------------------------------------------------
[INFO] 
[INFO] --- maven-enforcer-plugin:1.0:enforce (enforce-maven) @ converter-moshi ---
[INFO] 
[INFO] --- maven-resources-plugin:2.6:resources (default-resources) @ converter-moshi ---
[INFO] Using 'UTF-8' encoding to copy filtered resources.
[INFO] skip non existing resourceDirectory /home/travis/build/square/retrofit/retrofit-converters/moshi/src/main/resources
[INFO] 
[INFO] --- maven-compiler-plugin:3.0:compile (default-compile) @ converter-moshi ---
[INFO] Changes detected - recompiling the module!
[INFO] Compiling 3 source files to /home/travis/build/square/retrofit/retrofit-converters/moshi/target/classes
[INFO] 
[INFO] --- maven-resources-plugin:2.6:testResources (default-testResources) @ converter-moshi ---
[INFO] Using 'UTF-8' encoding to copy filtered resources.
[INFO] skip non existing resourceDirectory /home/travis/build/square/retrofit/retrofit-converters/moshi/src/test/resources
[INFO] 
[INFO] --- maven-compiler-plugin:3.0:testCompile (default-testCompile) @ converter-moshi ---
[INFO] Changes detected - recompiling the module!
[INFO] Compiling 1 source file to /home/travis/build/square/retrofit/retrofit-converters/moshi/target/test-classes
[INFO] 
[INFO] --- maven-surefire-plugin:2.12.4:test (default-test) @ converter-moshi ---
[INFO] Surefire report directory: /home/travis/build/square/retrofit/retrofit-converters/moshi/target/surefire-reports

-------------------------------------------------------
 T E S T S
-------------------------------------------------------
Running retrofit2.converter.moshi.MoshiConverterFactoryTest
Jul 25, 2016 12:56:29 PM okhttp3.mockwebserver.MockWebServer$3 execute
INFO: MockWebServer[39116] starting to accept connections
Jul 25, 2016 12:56:29 PM okhttp3.mockwebserver.MockWebServer$4 processOneRequest
INFO: MockWebServer[39116] received request: POST / HTTP/1.1 and responded: HTTP/1.1 200 OK
Jul 25, 2016 12:56:29 PM okhttp3.mockwebserver.MockWebServer$3 acceptConnections
INFO: MockWebServer[39116] done accepting connections: Socket closed
Jul 25, 2016 12:56:29 PM okhttp3.mockwebserver.MockWebServer$3 execute
INFO: MockWebServer[56084] starting to accept connections
Jul 25, 2016 12:56:29 PM okhttp3.mockwebserver.MockWebServer$3 acceptConnections
INFO: MockWebServer[56084] done accepting connections: Socket closed
Jul 25, 2016 12:56:29 PM okhttp3.mockwebserver.MockWebServer$4 processOneRequest
INFO: MockWebServer[56084] received request: POST / HTTP/1.1 and responded: HTTP/1.1 200 OK
Jul 25, 2016 12:56:29 PM okhttp3.mockwebserver.MockWebServer$3 execute
INFO: MockWebServer[42816] starting to accept connections
Jul 25, 2016 12:56:29 PM okhttp3.mockwebserver.MockWebServer$3 acceptConnections
INFO: MockWebServer[42816] done accepting connections: Socket closed
Jul 25, 2016 12:56:29 PM okhttp3.mockwebserver.MockWebServer$4 processOneRequest
INFO: MockWebServer[42816] received request: POST / HTTP/1.1 and responded: HTTP/1.1 200 OK
Jul 25, 2016 12:56:29 PM okhttp3.mockwebserver.MockWebServer$3 execute
INFO: MockWebServer[52026] starting to accept connections
Jul 25, 2016 12:56:29 PM okhttp3.mockwebserver.MockWebServer$3 acceptConnections
INFO: MockWebServer[52026] done accepting connections: Socket closed
Jul 25, 2016 12:56:29 PM okhttp3.mockwebserver.MockWebServer$4 processOneRequest
INFO: MockWebServer[52026] received request: POST / HTTP/1.1 and responded: HTTP/1.1 200 OK
Jul 25, 2016 12:56:29 PM okhttp3.mockwebserver.MockWebServer$3 execute
INFO: MockWebServer[39143] starting to accept connections
Jul 25, 2016 12:56:29 PM okhttp3.mockwebserver.MockWebServer$4 processOneRequest
INFO: MockWebServer[39143] received request: POST / HTTP/1.1 and responded: HTTP/1.1 200 OK
Jul 25, 2016 12:56:29 PM okhttp3.mockwebserver.MockWebServer$4 processOneRequest
INFO: MockWebServer[39143] received request: POST / HTTP/1.1 and responded: HTTP/1.1 200 OK
Jul 25, 2016 12:56:29 PM okhttp3.mockwebserver.MockWebServer$3 acceptConnections
INFO: MockWebServer[39143] done accepting connections: Socket closed
Jul 25, 2016 12:56:29 PM okhttp3.mockwebserver.MockWebServer$3 execute
INFO: MockWebServer[41041] starting to accept connections
Jul 25, 2016 12:56:30 PM okhttp3.mockwebserver.MockWebServer$4 processOneRequest
INFO: MockWebServer[41041] received request: POST / HTTP/1.1 and responded: HTTP/1.1 200 OK
Jul 25, 2016 12:56:30 PM okhttp3.mockwebserver.MockWebServer$3 acceptConnections
INFO: MockWebServer[41041] done accepting connections: Socket closed
Tests run: 6, Failures: 0, Errors: 0, Skipped: 0, Time elapsed: 1.315 sec

Results :

Tests run: 6, Failures: 0, Errors: 0, Skipped: 0

[INFO] 
[INFO] --- animal-sniffer-maven-plugin:1.14:check (default) @ converter-moshi ---
[INFO] Checking unresolved references to org.codehaus.mojo.signature:java16:1.1
[INFO]                                                                         
[INFO] ------------------------------------------------------------------------
[INFO] Building Retrofit Mock Adapter 2.1.1-SNAPSHOT
[INFO] ------------------------------------------------------------------------
[INFO] 
[INFO] --- maven-enforcer-plugin:1.0:enforce (enforce-maven) @ retrofit-mock ---
[INFO] 
[INFO] --- maven-resources-plugin:2.6:resources (default-resources) @ retrofit-mock ---
[INFO] Using 'UTF-8' encoding to copy filtered resources.
[INFO] skip non existing resourceDirectory /home/travis/build/square/retrofit/retrofit-mock/src/main/resources
[INFO] 
[INFO] --- maven-compiler-plugin:3.0:compile (default-compile) @ retrofit-mock ---
[INFO] Changes detected - recompiling the module!
[INFO] Compiling 5 source files to /home/travis/build/square/retrofit/retrofit-mock/target/classes
[INFO] 
[INFO] --- maven-resources-plugin:2.6:testResources (default-testResources) @ retrofit-mock ---
[INFO] Using 'UTF-8' encoding to copy filtered resources.
[INFO] skip non existing resourceDirectory /home/travis/build/square/retrofit/retrofit-mock/src/test/resources
[INFO] 
[INFO] --- maven-compiler-plugin:3.0:testCompile (default-testCompile) @ retrofit-mock ---
[INFO] Changes detected - recompiling the module!
[INFO] Compiling 3 source files to /home/travis/build/square/retrofit/retrofit-mock/target/test-classes
[INFO] 
[INFO] --- maven-surefire-plugin:2.12.4:test (default-test) @ retrofit-mock ---
[INFO] Surefire report directory: /home/travis/build/square/retrofit/retrofit-mock/target/surefire-reports

-------------------------------------------------------
 T E S T S
-------------------------------------------------------
Running retrofit2.mock.BehaviorDelegateTest
Tests run: 10, Failures: 0, Errors: 0, Skipped: 0, Time elapsed: 1.802 sec
Running retrofit2.mock.MockRetrofitTest
Tests run: 8, Failures: 0, Errors: 0, Skipped: 0, Time elapsed: 0.084 sec
Running retrofit2.mock.NetworkBehaviorTest
Tests run: 6, Failures: 0, Errors: 0, Skipped: 0, Time elapsed: 0.085 sec

Results :

Tests run: 24, Failures: 0, Errors: 0, Skipped: 0

[INFO] 
[INFO] --- animal-sniffer-maven-plugin:1.14:check (default) @ retrofit-mock ---
[INFO] Checking unresolved references to org.codehaus.mojo.signature:java16:1.1
[INFO]                                                                         
[INFO] ------------------------------------------------------------------------
[INFO] Building Samples 2.1.1-SNAPSHOT
[INFO] ------------------------------------------------------------------------
[INFO] 
[INFO] --- maven-enforcer-plugin:1.0:enforce (enforce-maven) @ samples ---
[INFO] 
[INFO] --- maven-resources-plugin:2.6:resources (default-resources) @ samples ---
[INFO] Using 'UTF-8' encoding to copy filtered resources.
[INFO] skip non existing resourceDirectory /home/travis/build/square/retrofit/samples/src/main/resources
[INFO] 
[INFO] --- maven-compiler-plugin:3.0:compile (default-compile) @ samples ---
[INFO] Changes detected - recompiling the module!
[INFO] Compiling 9 source files to /home/travis/build/square/retrofit/samples/target/classes
[INFO] 
[INFO] --- maven-resources-plugin:2.6:testResources (default-testResources) @ samples ---
[INFO] Using 'UTF-8' encoding to copy filtered resources.
[INFO] skip non existing resourceDirectory /home/travis/build/square/retrofit/samples/src/test/resources
[INFO] 
[INFO] --- maven-compiler-plugin:3.0:testCompile (default-testCompile) @ samples ---
[INFO] No sources to compile
[INFO] 
[INFO] --- maven-surefire-plugin:2.12.4:test (default-test) @ samples ---
[INFO] No tests to run.
[INFO] 
[INFO] --- animal-sniffer-maven-plugin:1.14:check (default) @ samples ---
[INFO] Checking unresolved references to org.codehaus.mojo.signature:java16:1.1
[INFO] ------------------------------------------------------------------------
[INFO] Reactor Summary:
[INFO] 
[INFO] Retrofit (Parent) .................................. SUCCESS [  2.102 s]
[INFO] Retrofit ........................................... SUCCESS [ 26.367 s]
[INFO] Adapters ........................................... SUCCESS [  0.556 s]
[INFO] Adapter: Guava ..................................... SUCCESS [  2.209 s]
[INFO] Adapter: Java 8 .................................... SUCCESS [  4.007 s]
[INFO] Adapter: RxJava .................................... SUCCESS [  2.468 s]
[INFO] Converters ......................................... SUCCESS [  0.152 s]
[INFO] Converter: Gson .................................... SUCCESS [  1.509 s]
[INFO] Converter: Protocol Buffers ........................ SUCCESS [  1.502 s]
[INFO] Converter: Jackson ................................. SUCCESS [  2.239 s]
[INFO] Converter: Wire Protocol Buffers ................... SUCCESS [  1.219 s]
[INFO] Converter: SimpleXML ............................... SUCCESS [  2.550 s]
[INFO] Converter: Java Scalars ............................ SUCCESS [  3.044 s]
[INFO] Converter: Moshi ................................... SUCCESS [  2.483 s]
[INFO] Retrofit Mock Adapter .............................. SUCCESS [  3.216 s]
[INFO] Samples ............................................ SUCCESS [  2.082 s]
[INFO] ------------------------------------------------------------------------
[INFO] BUILD SUCCESS
[INFO] ------------------------------------------------------------------------
[INFO] Total time: 58.282 s
[INFO] Finished at: 2016-07-25T12:56:35+00:00
[INFO] Final Memory: 31M/368M
[INFO] ------------------------------------------------------------------------

travis_time:end:14101b40:start=1469451335314117199,finish=1469451400817791589,duration=65503674390[0K
[32;1mThe command "mvn test -B" exited with 0.[0m
travis_fold:start:cache.2[0Kstore build cache
travis_time:start:06fe7c62[0K
travis_time:end:06fe7c62:start=1469451400822661788,finish=1469451400826666579,duration=4004791[0Ktravis_time:start:1b034d54[0K[32;1mchange detected (content changed, file is created, or file is deleted):
/home/travis/.m2/repository/com/squareup/retrofit2/adapter-guava/2.1.1-SNAPSHOT/adapter-guava-2.1.1-SNAPSHOT.jar
/home/travis/.m2/repository/com/squareup/retrofit2/adapter-guava/2.1.1-SNAPSHOT/maven-metadata-local.xml
/home/travis/.m2/repository/com/squareup/retrofit2/adapter-guava/2.1.1-SNAPSHOT/_remote.repositories
/home/travis/.m2/repository/com/squareup/retrofit2/adapter-guava/maven-metadata-local.xml
/home/travis/.m2/repository/com/squareup/retrofit2/adapter-java8/2.1.1-SNAPSHOT/adapter-java8-2.1.1-SNAPSHOT.jar
/home/travis/.m2/repository/com/squareup/retrofit2/adapter-java8/2.1.1-SNAPSHOT/maven-metadata-local.xml
/home/travis/.m2/repository/com/squareup/retrofit2/adapter-java8/2.1.1-SNAPSHOT/_remote.repositories
/home/travis/.m2/repository/com/squareup/retrofit2/adapter-java8/maven-metadata-local.xml
/home/travis/.m2/repository/com/squareup/retrofit2/adapter-rxjava/2.1.1-SNAPSHOT/adapter-rxjava-2.1.1-SNAPSHOT.jar
/home/travis/.m2/repository/com/squareup/retrofit2/adapter-rxjava/2.
[0m
[32;1m...
[0m
[32;1mchanges detected, packing new archive[0m
.
[32;1muploading archive[0m

travis_time:end:1b034d54:start=1469451400831116450,finish=1469451411382025683,duration=10550909233[0Ktravis_fold:end:cache.2[0Ktravis_fold:start:after_success[0Ktravis_time:start:05ca78d3[0K$ .buildscript/deploy_snapshot.sh
Skipping snapshot deployment: was pull request.

travis_time:end:05ca78d3:start=1469451411386060149,finish=1469451411390841635,duration=4781486[0Ktravis_fold:end:after_success[0K
Done. Your build exited with 0.
