Using worker: worker-linux-docker-7fb92387.prod.travis-ci.org:travis-linux-14

travis_fold:start:system_info[0K[33;1mBuild system information[0m
Build language: java
Build group: stable
Build dist: precise
Build id: 152680644
Job id: 152680645
travis-build version: 701b77778
[34m[1mBuild image provisioning date and time[0m
Thu Feb  5 15:09:33 UTC 2015
[34m[1mOperating System Details[0m
Distributor ID:	Ubuntu
Description:	Ubuntu 12.04.5 LTS
Release:	12.04
Codename:	precise
[34m[1mLinux Version[0m
3.13.0-29-generic
[34m[1mCookbooks Version[0m
a68419e https://github.com/travis-ci/travis-cookbooks/tree/a68419e
[34m[1mGCC version[0m
gcc (Ubuntu/Linaro 4.6.3-1ubuntu5) 4.6.3
Copyright (C) 2011 Free Software Foundation, Inc.
This is free software; see the source for copying conditions.  There is NO
warranty; not even for MERCHANTABILITY or FITNESS FOR A PARTICULAR PURPOSE.

[34m[1mLLVM version[0m
clang version 3.4 (tags/RELEASE_34/final)
Target: x86_64-unknown-linux-gnu
Thread model: posix
[34m[1mPre-installed Ruby versions[0m
ruby-1.9.3-p551
[34m[1mPre-installed Node.js versions[0m
v0.10.36
[34m[1mPre-installed Go versions[0m
1.4.1
[34m[1mRedis version[0m
redis-server 2.8.19
[34m[1mriak version[0m
2.0.2
[34m[1mMongoDB version[0m
MongoDB 2.4.12
[34m[1mCouchDB version[0m
couchdb 1.6.1
[34m[1mNeo4j version[0m
1.9.4
[34m[1mRabbitMQ Version[0m
3.4.3
[34m[1mElasticSearch version[0m
1.4.0
[34m[1mInstalled Sphinx versions[0m
2.0.10
2.1.9
2.2.6
[34m[1mDefault Sphinx version[0m
2.2.6
[34m[1mInstalled Firefox version[0m
firefox 31.0esr
[34m[1mPhantomJS version[0m
1.9.8
[34m[1mant -version[0m
Apache Ant(TM) version 1.8.2 compiled on December 3 2011
[34m[1mmvn -version[0m
Apache Maven 3.2.5 (12a6b3acb947671f09b81f49094c53f426d8cea1; 2014-12-14T17:29:23+00:00)
Maven home: /usr/local/maven
Java version: 1.7.0_76, vendor: Oracle Corporation
Java home: /usr/lib/jvm/java-7-oracle/jre
Default locale: en_US, platform encoding: ANSI_X3.4-1968
OS name: "linux", version: "3.13.0-29-generic", arch: "amd64", family: "unix"
travis_fold:end:system_info[0K
travis_fold:start:fix.CVE-2015-7547[0K$ export DEBIAN_FRONTEND=noninteractive
W: Size of file /var/lib/apt/lists/us.archive.ubuntu.com_ubuntu_dists_precise-backports_multiverse_source_Sources.gz is not what the server reported 5886 5888
W: Size of file /var/lib/apt/lists/ppa.launchpad.net_ubuntugis_ppa_ubuntu_dists_precise_main_binary-amd64_Packages.gz is not what the server reported 33653 36677
W: Size of file /var/lib/apt/lists/ppa.launchpad.net_ubuntugis_ppa_ubuntu_dists_precise_main_binary-i386_Packages.gz is not what the server reported 33699 36733
Reading package lists...
Building dependency tree...
Reading state information...
The following extra packages will be installed:
  libc-bin libc-dev-bin libc6-dev
Suggested packages:
  glibc-doc
The following packages will be upgraded:
  libc-bin libc-dev-bin libc6 libc6-dev
4 upgraded, 0 newly installed, 0 to remove and 252 not upgraded.
Need to get 8,840 kB of archives.
After this operation, 14.3 kB disk space will be freed.
Get:1 http://us.archive.ubuntu.com/ubuntu/ precise-updates/main libc6-dev amd64 2.15-0ubuntu10.15 [2,943 kB]
Get:2 http://us.archive.ubuntu.com/ubuntu/ precise-updates/main libc-dev-bin amd64 2.15-0ubuntu10.15 [84.7 kB]
Get:3 http://us.archive.ubuntu.com/ubuntu/ precise-updates/main libc-bin amd64 2.15-0ubuntu10.15 [1,177 kB]
Get:4 http://us.archive.ubuntu.com/ubuntu/ precise-updates/main libc6 amd64 2.15-0ubuntu10.15 [4,636 kB]
Fetched 8,840 kB in 0s (35.7 MB/s)
Preconfiguring packages ...
(Reading database ... (Reading database ... 5%(Reading database ... 10%(Reading database ... 15%(Reading database ... 20%(Reading database ... 25%(Reading database ... 30%(Reading database ... 35%(Reading database ... 40%(Reading database ... 45%(Reading database ... 50%(Reading database ... 55%(Reading database ... 60%(Reading database ... 65%(Reading database ... 70%(Reading database ... 75%(Reading database ... 80%(Reading database ... 85%(Reading database ... 90%(Reading database ... 95%(Reading database ... 100%(Reading database ... 72019 files and directories currently installed.)
Preparing to replace libc6-dev 2.15-0ubuntu10.10 (using .../libc6-dev_2.15-0ubuntu10.15_amd64.deb) ...
Unpacking replacement libc6-dev ...
Preparing to replace libc-dev-bin 2.15-0ubuntu10.10 (using .../libc-dev-bin_2.15-0ubuntu10.15_amd64.deb) ...
Unpacking replacement libc-dev-bin ...
Preparing to replace libc-bin 2.15-0ubuntu10.10 (using .../libc-bin_2.15-0ubuntu10.15_amd64.deb) ...
Unpacking replacement libc-bin ...
Processing triggers for man-db ...
Setting up libc-bin (2.15-0ubuntu10.15) ...
(Reading database ... (Reading database ... 5%(Reading database ... 10%(Reading database ... 15%(Reading database ... 20%(Reading database ... 25%(Reading database ... 30%(Reading database ... 35%(Reading database ... 40%(Reading database ... 45%(Reading database ... 50%(Reading database ... 55%(Reading database ... 60%(Reading database ... 65%(Reading database ... 70%(Reading database ... 75%(Reading database ... 80%(Reading database ... 85%(Reading database ... 90%(Reading database ... 95%(Reading database ... 100%(Reading database ... 72018 files and directories currently installed.)
Preparing to replace libc6 2.15-0ubuntu10.10 (using .../libc6_2.15-0ubuntu10.15_amd64.deb) ...
Unpacking replacement libc6 ...
Setting up libc6 (2.15-0ubuntu10.15) ...
Setting up libc-dev-bin (2.15-0ubuntu10.15) ...
Setting up libc6-dev (2.15-0ubuntu10.15) ...
Processing triggers for libc-bin ...
ldconfig deferred processing now taking place
travis_fold:end:fix.CVE-2015-7547[0Ktravis_fold:start:git.checkout[0Ktravis_time:start:27a7e404[0K$ git clone --depth=50 --branch=jw/rex https://github.com/square/retrofit.git square/retrofit
Cloning into 'square/retrofit'...
remote: Counting objects: 1149, done.[K
remote: Compressing objects:   0% (1/658)   [Kremote: Compressing objects:   1% (7/658)   [Kremote: Compressing objects:   2% (14/658)   [Kremote: Compressing objects:   3% (20/658)   [Kremote: Compressing objects:   4% (27/658)   [Kremote: Compressing objects:   5% (33/658)   [Kremote: Compressing objects:   6% (40/658)   [Kremote: Compressing objects:   7% (47/658)   [Kremote: Compressing objects:   8% (53/658)   [Kremote: Compressing objects:   9% (60/658)   [Kremote: Compressing objects:  10% (66/658)   [Kremote: Compressing objects:  11% (73/658)   [Kremote: Compressing objects:  12% (79/658)   [Kremote: Compressing objects:  13% (86/658)   [Kremote: Compressing objects:  14% (93/658)   [Kremote: Compressing objects:  15% (99/658)   [Kremote: Compressing objects:  16% (106/658)   [Kremote: Compressing objects:  17% (112/658)   [Kremote: Compressing objects:  18% (119/658)   [Kremote: Compressing objects:  19% (126/658)   [Kremote: Compressing objects:  20% (132/658)   [Kremote: Compressing objects:  21% (139/658)   [Kremote: Compressing objects:  22% (145/658)   [Kremote: Compressing objects:  23% (152/658)   [Kremote: Compressing objects:  24% (158/658)   [Kremote: Compressing objects:  25% (165/658)   [Kremote: Compressing objects:  26% (172/658)   [Kremote: Compressing objects:  27% (178/658)   [Kremote: Compressing objects:  28% (185/658)   [Kremote: Compressing objects:  29% (191/658)   [Kremote: Compressing objects:  30% (198/658)   [Kremote: Compressing objects:  31% (204/658)   [Kremote: Compressing objects:  32% (211/658)   [Kremote: Compressing objects:  33% (218/658)   [Kremote: Compressing objects:  34% (224/658)   [Kremote: Compressing objects:  35% (231/658)   [Kremote: Compressing objects:  36% (237/658)   [Kremote: Compressing objects:  37% (244/658)   [Kremote: Compressing objects:  38% (251/658)   [Kremote: Compressing objects:  39% (257/658)   [Kremote: Compressing objects:  40% (264/658)   [Kremote: Compressing objects:  41% (270/658)   [Kremote: Compressing objects:  42% (277/658)   [Kremote: Compressing objects:  43% (283/658)   [Kremote: Compressing objects:  44% (290/658)   [Kremote: Compressing objects:  45% (297/658)   [Kremote: Compressing objects:  46% (303/658)   [Kremote: Compressing objects:  47% (310/658)   [Kremote: Compressing objects:  48% (316/658)   [Kremote: Compressing objects:  49% (323/658)   [Kremote: Compressing objects:  50% (329/658)   [Kremote: Compressing objects:  51% (336/658)   [Kremote: Compressing objects:  52% (343/658)   [Kremote: Compressing objects:  53% (349/658)   [Kremote: Compressing objects:  54% (356/658)   [Kremote: Compressing objects:  55% (362/658)   [Kremote: Compressing objects:  56% (369/658)   [Kremote: Compressing objects:  57% (376/658)   [Kremote: Compressing objects:  58% (382/658)   [Kremote: Compressing objects:  59% (389/658)   [Kremote: Compressing objects:  60% (395/658)   [Kremote: Compressing objects:  61% (402/658)   [Kremote: Compressing objects:  62% (408/658)   [Kremote: Compressing objects:  63% (415/658)   [Kremote: Compressing objects:  64% (422/658)   [Kremote: Compressing objects:  65% (428/658)   [Kremote: Compressing objects:  66% (435/658)   [Kremote: Compressing objects:  67% (441/658)   [Kremote: Compressing objects:  68% (448/658)   [Kremote: Compressing objects:  69% (455/658)   [Kremote: Compressing objects:  70% (461/658)   [Kremote: Compressing objects:  71% (468/658)   [Kremote: Compressing objects:  72% (474/658)   [Kremote: Compressing objects:  73% (481/658)   [Kremote: Compressing objects:  74% (487/658)   [Kremote: Compressing objects:  75% (494/658)   [Kremote: Compressing objects:  76% (501/658)   [Kremote: Compressing objects:  77% (507/658)   [Kremote: Compressing objects:  78% (514/658)   [Kremote: Compressing objects:  79% (520/658)   [Kremote: Compressing objects:  80% (527/658)   [Kremote: Compressing objects:  81% (533/658)   [Kremote: Compressing objects:  82% (540/658)   [Kremote: Compressing objects:  83% (547/658)   [Kremote: Compressing objects:  84% (553/658)   [Kremote: Compressing objects:  85% (560/658)   [Kremote: Compressing objects:  86% (566/658)   [Kremote: Compressing objects:  87% (573/658)   [Kremote: Compressing objects:  88% (580/658)   [Kremote: Compressing objects:  89% (586/658)   [Kremote: Compressing objects:  90% (593/658)   [Kremote: Compressing objects:  91% (599/658)   [Kremote: Compressing objects:  92% (606/658)   [Kremote: Compressing objects:  93% (612/658)   [Kremote: Compressing objects:  94% (619/658)   [Kremote: Compressing objects:  95% (626/658)   [Kremote: Compressing objects:  96% (632/658)   [Kremote: Compressing objects:  97% (639/658)   [Kremote: Compressing objects:  98% (645/658)   [Kremote: Compressing objects:  99% (652/658)   [Kremote: Compressing objects: 100% (658/658)   [Kremote: Compressing objects: 100% (658/658), done.[K
Receiving objects:   0% (1/1149)   Receiving objects:   1% (12/1149)   Receiving objects:   2% (23/1149)   Receiving objects:   3% (35/1149)   Receiving objects:   4% (46/1149)   Receiving objects:   5% (58/1149)   Receiving objects:   6% (69/1149)   Receiving objects:   7% (81/1149)   Receiving objects:   8% (92/1149)   Receiving objects:   9% (104/1149)   Receiving objects:  10% (115/1149)   Receiving objects:  11% (127/1149)   Receiving objects:  12% (138/1149)   Receiving objects:  13% (150/1149)   Receiving objects:  14% (161/1149)   Receiving objects:  15% (173/1149)   Receiving objects:  16% (184/1149)   Receiving objects:  17% (196/1149)   Receiving objects:  18% (207/1149)   Receiving objects:  19% (219/1149)   Receiving objects:  20% (230/1149)   Receiving objects:  21% (242/1149)   Receiving objects:  22% (253/1149)   Receiving objects:  23% (265/1149)   Receiving objects:  24% (276/1149)   Receiving objects:  25% (288/1149)   Receiving objects:  26% (299/1149)   Receiving objects:  27% (311/1149)   Receiving objects:  28% (322/1149)   Receiving objects:  29% (334/1149)   Receiving objects:  30% (345/1149)   Receiving objects:  31% (357/1149)   Receiving objects:  32% (368/1149)   Receiving objects:  33% (380/1149)   Receiving objects:  34% (391/1149)   Receiving objects:  35% (403/1149)   Receiving objects:  36% (414/1149)   Receiving objects:  37% (426/1149)   Receiving objects:  38% (437/1149)   Receiving objects:  39% (449/1149)   Receiving objects:  40% (460/1149)   Receiving objects:  41% (472/1149)   remote: Total 1149 (delta 436), reused 891 (delta 236), pack-reused 0[K
Receiving objects:  42% (483/1149)   Receiving objects:  43% (495/1149)   Receiving objects:  44% (506/1149)   Receiving objects:  45% (518/1149)   Receiving objects:  46% (529/1149)   Receiving objects:  47% (541/1149)   Receiving objects:  48% (552/1149)   Receiving objects:  49% (564/1149)   Receiving objects:  50% (575/1149)   Receiving objects:  51% (586/1149)   Receiving objects:  52% (598/1149)   Receiving objects:  53% (609/1149)   Receiving objects:  54% (621/1149)   Receiving objects:  55% (632/1149)   Receiving objects:  56% (644/1149)   Receiving objects:  57% (655/1149)   Receiving objects:  58% (667/1149)   Receiving objects:  59% (678/1149)   Receiving objects:  60% (690/1149)   Receiving objects:  61% (701/1149)   Receiving objects:  62% (713/1149)   Receiving objects:  63% (724/1149)   Receiving objects:  64% (736/1149)   Receiving objects:  65% (747/1149)   Receiving objects:  66% (759/1149)   Receiving objects:  67% (770/1149)   Receiving objects:  68% (782/1149)   Receiving objects:  69% (793/1149)   Receiving objects:  70% (805/1149)   Receiving objects:  71% (816/1149)   Receiving objects:  72% (828/1149)   Receiving objects:  73% (839/1149)   Receiving objects:  74% (851/1149)   Receiving objects:  75% (862/1149)   Receiving objects:  76% (874/1149)   Receiving objects:  77% (885/1149)   Receiving objects:  78% (897/1149)   Receiving objects:  79% (908/1149)   Receiving objects:  80% (920/1149)   Receiving objects:  81% (931/1149)   Receiving objects:  82% (943/1149)   Receiving objects:  83% (954/1149)   Receiving objects:  84% (966/1149)   Receiving objects:  85% (977/1149)   Receiving objects:  86% (989/1149)   Receiving objects:  87% (1000/1149)   Receiving objects:  88% (1012/1149)   Receiving objects:  89% (1023/1149)   Receiving objects:  90% (1035/1149)   Receiving objects:  91% (1046/1149)   Receiving objects:  92% (1058/1149)   Receiving objects:  93% (1069/1149)   Receiving objects:  94% (1081/1149)   Receiving objects:  95% (1092/1149)   Receiving objects:  96% (1104/1149)   Receiving objects:  97% (1115/1149)   Receiving objects:  98% (1127/1149)   Receiving objects:  99% (1138/1149)   Receiving objects: 100% (1149/1149)   Receiving objects: 100% (1149/1149), 306.08 KiB | 0 bytes/s, done.
Resolving deltas:   0% (0/436)   Resolving deltas:   4% (18/436)   Resolving deltas:   5% (26/436)   Resolving deltas:   7% (31/436)   Resolving deltas:   8% (35/436)   Resolving deltas:  35% (154/436)   Resolving deltas:  38% (169/436)   Resolving deltas:  39% (172/436)   Resolving deltas:  41% (183/436)   Resolving deltas:  44% (194/436)   Resolving deltas:  45% (197/436)   Resolving deltas:  49% (214/436)   Resolving deltas:  50% (221/436)   Resolving deltas:  52% (228/436)   Resolving deltas:  54% (236/436)   Resolving deltas:  55% (240/436)   Resolving deltas:  56% (246/436)   Resolving deltas:  59% (261/436)   Resolving deltas:  60% (265/436)   Resolving deltas:  61% (267/436)   Resolving deltas:  62% (271/436)   Resolving deltas:  63% (275/436)   Resolving deltas:  66% (290/436)   Resolving deltas:  67% (294/436)   Resolving deltas:  68% (297/436)   Resolving deltas:  69% (301/436)   Resolving deltas:  70% (307/436)   Resolving deltas:  71% (311/436)   Resolving deltas:  74% (324/436)   Resolving deltas:  78% (343/436)   Resolving deltas:  79% (346/436)   Resolving deltas:  80% (351/436)   Resolving deltas:  83% (364/436)   Resolving deltas:  85% (372/436)   Resolving deltas:  86% (377/436)   Resolving deltas:  89% (391/436)   Resolving deltas:  98% (430/436)   Resolving deltas:  99% (432/436)   Resolving deltas: 100% (436/436)   Resolving deltas: 100% (436/436), done.
Checking connectivity... done.

travis_time:end:27a7e404:start=1471354695599653181,finish=1471354696342591582,duration=742938401[0K$ cd square/retrofit
$ git checkout -qf 8188131d063629c46138f5e4a824d09048fa7601
travis_fold:end:git.checkout[0K
[33;1mThis job is running on container-based infrastructure, which does not allow use of 'sudo', setuid and setguid executables.[0m
[33;1mIf you require sudo, add 'sudo: required' to your .travis.yml[0m
[33;1mSee https://docs.travis-ci.com/user/workers/container-based-infrastructure/ for details.[0m

[33;1mSetting environment variables from .travis.yml[0m
$ export CI_DEPLOY_USERNAME=[secure]
$ export CI_DEPLOY_PASSWORD=[secure]

$ jdk_switcher use oraclejdk8
Switching to Oracle JDK8 (java-8-oracle), JAVA_HOME will be set to /usr/lib/jvm/java-8-oracle
travis_fold:start:cache.1[0KSetting up build cache
$ export CASHER_DIR=$HOME/.casher
travis_time:start:0811726f[0K$ Installing caching utilities

travis_time:end:0811726f:start=1471354707312863231,finish=1471354707375390560,duration=62527329[0Ktravis_time:start:2ea87a51[0K
travis_time:end:2ea87a51:start=1471354707380274935,finish=1471354707383831599,duration=3556664[0Ktravis_time:start:1b5bf34a[0K[32;1mattempting to download cache archive[0m
[32;1mfetching jwrex/cache-linux-precise-e3b0c44298fc1c149afbf4c8996fb92427ae41e4649b934ca495991b7852b855--jdk-oraclejdk8.tgz[0m
[32;1mfetching jwrex/cache--jdk-oraclejdk8.tgz[0m
[32;1mfetching master/cache-linux-precise-e3b0c44298fc1c149afbf4c8996fb92427ae41e4649b934ca495991b7852b855--jdk-oraclejdk8.tgz[0m
[32;1mfound cache[0m

travis_time:end:1b5bf34a:start=1471354707388599633,finish=1471354710077618522,duration=2689018889[0Ktravis_time:start:0040ff62[0K
travis_time:end:0040ff62:start=1471354710081567978,finish=1471354710084935159,duration=3367181[0Ktravis_time:start:0a6538c1[0K[32;1madding /home/travis/.m2 to cache[0m

travis_time:end:0a6538c1:start=1471354710088775355,finish=1471354712756312319,duration=2667536964[0Ktravis_fold:end:cache.1[0K$ java -Xmx32m -version
java version "1.8.0_31"
Java(TM) SE Runtime Environment (build 1.8.0_31-b13)
Java HotSpot(TM) 64-Bit Server VM (build 25.31-b07, mixed mode)
$ javac -J-Xmx32m -version
javac 1.8.0_31
travis_fold:start:install[0Ktravis_time:start:194feebc[0K$ mvn install -DskipTests=true -Dmaven.javadoc.skip=true -B -V
Java HotSpot(TM) 64-Bit Server VM warning: ignoring option MaxPermSize=192m; support was removed in 8.0
Apache Maven 3.2.5 (12a6b3acb947671f09b81f49094c53f426d8cea1; 2014-12-14T17:29:23+00:00)
Maven home: /usr/local/maven
Java version: 1.8.0_31, vendor: Oracle Corporation
Java home: /usr/lib/jvm/java-8-oracle/jre
Default locale: en_US, platform encoding: UTF-8
OS name: "linux", version: "3.13.0-40-generic", arch: "amd64", family: "unix"
[INFO] Scanning for projects...
[WARNING] 
[WARNING] Some problems were encountered while building the effective model for com.squareup.retrofit2:samples:jar:2.1.1-SNAPSHOT
[WARNING] 'build.plugins.plugin.version' for org.apache.maven.plugins:maven-deploy-plugin is missing. @ com.squareup.retrofit2:samples:[unknown-version], /home/travis/build/square/retrofit/samples/pom.xml, line 55, column 15
[WARNING] 
[WARNING] It is highly recommended to fix these problems because they threaten the stability of your build.
[WARNING] 
[WARNING] For this reason, future Maven versions might no longer support building such malformed projects.
[WARNING] 
[INFO] ------------------------------------------------------------------------
[INFO] Reactor Build Order:
[INFO] 
[INFO] Retrofit (Parent)
[INFO] Retrofit
[INFO] Adapters
[INFO] Adapter: Guava
[INFO] Adapter: Java 8
[INFO] Adapter: RxJava
[INFO] Converters
[INFO] Converter: Gson
[INFO] Converter: Protocol Buffers
[INFO] Converter: Jackson
[INFO] Converter: Wire Protocol Buffers
[INFO] Converter: SimpleXML
[INFO] Converter: Java Scalars
[INFO] Converter: Moshi
[INFO] Retrofit Mock Adapter
[INFO] Samples
[INFO]                                                                         
[INFO] ------------------------------------------------------------------------
[INFO] Building Retrofit (Parent) 2.1.1-SNAPSHOT
[INFO] ------------------------------------------------------------------------
[INFO] 
[INFO] --- maven-enforcer-plugin:1.0:enforce (enforce-maven) @ parent ---
[INFO] 
[INFO] --- animal-sniffer-maven-plugin:1.14:check (default) @ parent ---
[INFO] Checking unresolved references to org.codehaus.mojo.signature:java16:1.1
[INFO] 
[INFO] --- maven-javadoc-plugin:2.10.3:jar (attach-javadocs) @ parent ---
[INFO] Skipping javadoc generation
[INFO] 
[INFO] --- maven-checkstyle-plugin:2.15:checkstyle (default) @ parent ---
[INFO] 
[INFO] --- maven-install-plugin:2.4:install (default-install) @ parent ---
[INFO] Installing /home/travis/build/square/retrofit/pom.xml to /home/travis/.m2/repository/com/squareup/retrofit2/parent/2.1.1-SNAPSHOT/parent-2.1.1-SNAPSHOT.pom
[INFO]                                                                         
[INFO] ------------------------------------------------------------------------
[INFO] Building Retrofit 2.1.1-SNAPSHOT
[INFO] ------------------------------------------------------------------------
[INFO] 
[INFO] --- maven-enforcer-plugin:1.0:enforce (enforce-maven) @ retrofit ---
[INFO] 
[INFO] --- maven-resources-plugin:2.6:resources (default-resources) @ retrofit ---
[INFO] Using 'UTF-8' encoding to copy filtered resources.
[INFO] skip non existing resourceDirectory /home/travis/build/square/retrofit/retrofit/src/main/resources
[INFO] 
[INFO] --- maven-compiler-plugin:3.0:compile (default-compile) @ retrofit ---
[INFO] Changes detected - recompiling the module!
[INFO] Compiling 40 source files to /home/travis/build/square/retrofit/retrofit/target/classes
[WARNING] /home/travis/build/square/retrofit/retrofit/src/main/java/retrofit2/Retrofit.java: Some input files use unchecked or unsafe operations.
[WARNING] /home/travis/build/square/retrofit/retrofit/src/main/java/retrofit2/Retrofit.java: Recompile with -Xlint:unchecked for details.
[INFO] 
[INFO] --- maven-resources-plugin:2.6:testResources (default-testResources) @ retrofit ---
[INFO] Using 'UTF-8' encoding to copy filtered resources.
[INFO] skip non existing resourceDirectory /home/travis/build/square/retrofit/retrofit/src/test/resources
[INFO] 
[INFO] --- maven-compiler-plugin:3.0:testCompile (default-testCompile) @ retrofit ---
[INFO] Changes detected - recompiling the module!
[INFO] Compiling 14 source files to /home/travis/build/square/retrofit/retrofit/target/test-classes
[WARNING] /home/travis/build/square/retrofit/retrofit/src/test/java/retrofit2/RetrofitTest.java: /home/travis/build/square/retrofit/retrofit/src/test/java/retrofit2/RetrofitTest.java uses unchecked or unsafe operations.
[WARNING] /home/travis/build/square/retrofit/retrofit/src/test/java/retrofit2/RetrofitTest.java: Recompile with -Xlint:unchecked for details.
[INFO] 
[INFO] --- maven-surefire-plugin:2.12.4:test (default-test) @ retrofit ---
[INFO] Tests are skipped.
[INFO] 
[INFO] --- animal-sniffer-maven-plugin:1.14:check (default) @ retrofit ---
[INFO] Checking unresolved references to org.codehaus.mojo.signature:java16:1.1
[INFO] 
[INFO] --- maven-jar-plugin:2.4:jar (default-jar) @ retrofit ---
[INFO] Building jar: /home/travis/build/square/retrofit/retrofit/target/retrofit-2.1.1-SNAPSHOT.jar
[INFO] 
[INFO] --- maven-javadoc-plugin:2.10.3:jar (attach-javadocs) @ retrofit ---
[INFO] Skipping javadoc generation
[INFO] 
[INFO] --- maven-checkstyle-plugin:2.15:checkstyle (default) @ retrofit ---
[INFO] Starting audit...
Audit done.
[WARNING] Unable to locate Source XRef to link to - DISABLED
[INFO] 
[INFO] --- maven-install-plugin:2.4:install (default-install) @ retrofit ---
[INFO] Installing /home/travis/build/square/retrofit/retrofit/target/retrofit-2.1.1-SNAPSHOT.jar to /home/travis/.m2/repository/com/squareup/retrofit2/retrofit/2.1.1-SNAPSHOT/retrofit-2.1.1-SNAPSHOT.jar
[INFO] Installing /home/travis/build/square/retrofit/retrofit/pom.xml to /home/travis/.m2/repository/com/squareup/retrofit2/retrofit/2.1.1-SNAPSHOT/retrofit-2.1.1-SNAPSHOT.pom
[INFO]                                                                         
[INFO] ------------------------------------------------------------------------
[INFO] Building Adapters 2.1.1-SNAPSHOT
[INFO] ------------------------------------------------------------------------
[INFO] 
[INFO] --- maven-enforcer-plugin:1.0:enforce (enforce-maven) @ retrofit-adapters ---
[INFO] 
[INFO] --- animal-sniffer-maven-plugin:1.14:check (default) @ retrofit-adapters ---
[INFO] Checking unresolved references to org.codehaus.mojo.signature:java16:1.1
[INFO] 
[INFO] --- maven-javadoc-plugin:2.10.3:jar (attach-javadocs) @ retrofit-adapters ---
[INFO] Skipping javadoc generation
[INFO] 
[INFO] --- maven-checkstyle-plugin:2.15:checkstyle (default) @ retrofit-adapters ---
[INFO] 
[INFO] --- maven-install-plugin:2.4:install (default-install) @ retrofit-adapters ---
[INFO] Installing /home/travis/build/square/retrofit/retrofit-adapters/pom.xml to /home/travis/.m2/repository/com/squareup/retrofit2/retrofit-adapters/2.1.1-SNAPSHOT/retrofit-adapters-2.1.1-SNAPSHOT.pom
[INFO]                                                                         
[INFO] ------------------------------------------------------------------------
[INFO] Building Adapter: Guava 2.1.1-SNAPSHOT
[INFO] ------------------------------------------------------------------------
[INFO] 
[INFO] --- maven-enforcer-plugin:1.0:enforce (enforce-maven) @ adapter-guava ---
[INFO] 
[INFO] --- maven-resources-plugin:2.6:resources (default-resources) @ adapter-guava ---
[INFO] Using 'UTF-8' encoding to copy filtered resources.
[INFO] skip non existing resourceDirectory /home/travis/build/square/retrofit/retrofit-adapters/guava/src/main/resources
[INFO] 
[INFO] --- maven-compiler-plugin:3.0:compile (default-compile) @ adapter-guava ---
[INFO] Changes detected - recompiling the module!
[INFO] Compiling 2 source files to /home/travis/build/square/retrofit/retrofit-adapters/guava/target/classes
[INFO] 
[INFO] --- maven-resources-plugin:2.6:testResources (default-testResources) @ adapter-guava ---
[INFO] Using 'UTF-8' encoding to copy filtered resources.
[INFO] skip non existing resourceDirectory /home/travis/build/square/retrofit/retrofit-adapters/guava/src/test/resources
[INFO] 
[INFO] --- maven-compiler-plugin:3.0:testCompile (default-testCompile) @ adapter-guava ---
[INFO] Changes detected - recompiling the module!
[INFO] Compiling 3 source files to /home/travis/build/square/retrofit/retrofit-adapters/guava/target/test-classes
[INFO] 
[INFO] --- maven-surefire-plugin:2.12.4:test (default-test) @ adapter-guava ---
[INFO] Tests are skipped.
[INFO] 
[INFO] --- animal-sniffer-maven-plugin:1.14:check (default) @ adapter-guava ---
[INFO] Checking unresolved references to org.codehaus.mojo.signature:java16:1.1
[INFO] 
[INFO] --- maven-jar-plugin:2.4:jar (default-jar) @ adapter-guava ---
[INFO] Building jar: /home/travis/build/square/retrofit/retrofit-adapters/guava/target/adapter-guava-2.1.1-SNAPSHOT.jar
[INFO] 
[INFO] --- maven-javadoc-plugin:2.10.3:jar (attach-javadocs) @ adapter-guava ---
[INFO] Skipping javadoc generation
[INFO] 
[INFO] --- maven-checkstyle-plugin:2.15:checkstyle (default) @ adapter-guava ---
[INFO] Starting audit...
Audit done.
[WARNING] Unable to locate Source XRef to link to - DISABLED
[INFO] 
[INFO] --- maven-install-plugin:2.4:install (default-install) @ adapter-guava ---
[INFO] Installing /home/travis/build/square/retrofit/retrofit-adapters/guava/target/adapter-guava-2.1.1-SNAPSHOT.jar to /home/travis/.m2/repository/com/squareup/retrofit2/adapter-guava/2.1.1-SNAPSHOT/adapter-guava-2.1.1-SNAPSHOT.jar
[INFO] Installing /home/travis/build/square/retrofit/retrofit-adapters/guava/pom.xml to /home/travis/.m2/repository/com/squareup/retrofit2/adapter-guava/2.1.1-SNAPSHOT/adapter-guava-2.1.1-SNAPSHOT.pom
[INFO]                                                                         
[INFO] ------------------------------------------------------------------------
[INFO] Building Adapter: Java 8 2.1.1-SNAPSHOT
[INFO] ------------------------------------------------------------------------
[INFO] 
[INFO] --- maven-enforcer-plugin:1.0:enforce (enforce-maven) @ adapter-java8 ---
[INFO] 
[INFO] --- maven-resources-plugin:2.6:resources (default-resources) @ adapter-java8 ---
[INFO] Using 'UTF-8' encoding to copy filtered resources.
[INFO] skip non existing resourceDirectory /home/travis/build/square/retrofit/retrofit-adapters/java8/src/main/resources
[INFO] 
[INFO] --- maven-compiler-plugin:3.0:compile (default-compile) @ adapter-java8 ---
[INFO] Changes detected - recompiling the module!
[INFO] Compiling 2 source files to /home/travis/build/square/retrofit/retrofit-adapters/java8/target/classes
[INFO] 
[INFO] --- maven-resources-plugin:2.6:testResources (default-testResources) @ adapter-java8 ---
[INFO] Using 'UTF-8' encoding to copy filtered resources.
[INFO] skip non existing resourceDirectory /home/travis/build/square/retrofit/retrofit-adapters/java8/src/test/resources
[INFO] 
[INFO] --- maven-compiler-plugin:3.0:testCompile (default-testCompile) @ adapter-java8 ---
[INFO] Changes detected - recompiling the module!
[INFO] Compiling 3 source files to /home/travis/build/square/retrofit/retrofit-adapters/java8/target/test-classes
[INFO] 
[INFO] --- maven-surefire-plugin:2.12.4:test (default-test) @ adapter-java8 ---
[INFO] Tests are skipped.
[INFO] 
[INFO] --- animal-sniffer-maven-plugin:1.14:check (default) @ adapter-java8 ---
[INFO] Checking unresolved references to org.kaazing.mojo.signature:java18:1.0
[INFO] 
[INFO] --- maven-jar-plugin:2.4:jar (default-jar) @ adapter-java8 ---
[INFO] Building jar: /home/travis/build/square/retrofit/retrofit-adapters/java8/target/adapter-java8-2.1.1-SNAPSHOT.jar
[INFO] 
[INFO] --- maven-javadoc-plugin:2.10.3:jar (attach-javadocs) @ adapter-java8 ---
[INFO] Skipping javadoc generation
[INFO] 
[INFO] --- maven-checkstyle-plugin:2.15:checkstyle (default) @ adapter-java8 ---
[INFO] Starting audit...
Audit done.
[WARNING] Unable to locate Source XRef to link to - DISABLED
[INFO] 
[INFO] --- maven-install-plugin:2.4:install (default-install) @ adapter-java8 ---
[INFO] Installing /home/travis/build/square/retrofit/retrofit-adapters/java8/target/adapter-java8-2.1.1-SNAPSHOT.jar to /home/travis/.m2/repository/com/squareup/retrofit2/adapter-java8/2.1.1-SNAPSHOT/adapter-java8-2.1.1-SNAPSHOT.jar
[INFO] Installing /home/travis/build/square/retrofit/retrofit-adapters/java8/pom.xml to /home/travis/.m2/repository/com/squareup/retrofit2/adapter-java8/2.1.1-SNAPSHOT/adapter-java8-2.1.1-SNAPSHOT.pom
[INFO]                                                                         
[INFO] ------------------------------------------------------------------------
[INFO] Building Adapter: RxJava 2.1.1-SNAPSHOT
[INFO] ------------------------------------------------------------------------
[INFO] 
[INFO] --- maven-enforcer-plugin:1.0:enforce (enforce-maven) @ adapter-rxjava ---
[INFO] 
[INFO] --- maven-resources-plugin:2.6:resources (default-resources) @ adapter-rxjava ---
[INFO] Using 'UTF-8' encoding to copy filtered resources.
[INFO] skip non existing resourceDirectory /home/travis/build/square/retrofit/retrofit-adapters/rxjava/src/main/resources
[INFO] 
[INFO] --- maven-compiler-plugin:3.0:compile (default-compile) @ adapter-rxjava ---
[INFO] Changes detected - recompiling the module!
[INFO] Compiling 6 source files to /home/travis/build/square/retrofit/retrofit-adapters/rxjava/target/classes
[INFO] 
[INFO] --- maven-resources-plugin:2.6:testResources (default-testResources) @ adapter-rxjava ---
[INFO] Using 'UTF-8' encoding to copy filtered resources.
[INFO] skip non existing resourceDirectory /home/travis/build/square/retrofit/retrofit-adapters/rxjava/src/test/resources
[INFO] 
[INFO] --- maven-compiler-plugin:3.0:testCompile (default-testCompile) @ adapter-rxjava ---
[INFO] Changes detected - recompiling the module!
[INFO] Compiling 10 source files to /home/travis/build/square/retrofit/retrofit-adapters/rxjava/target/test-classes
[INFO] 
[INFO] --- maven-surefire-plugin:2.12.4:test (default-test) @ adapter-rxjava ---
[INFO] Tests are skipped.
[INFO] 
[INFO] --- animal-sniffer-maven-plugin:1.14:check (default) @ adapter-rxjava ---
[INFO] Checking unresolved references to org.codehaus.mojo.signature:java16:1.1
[INFO] 
[INFO] --- maven-jar-plugin:2.4:jar (default-jar) @ adapter-rxjava ---
[INFO] Building jar: /home/travis/build/square/retrofit/retrofit-adapters/rxjava/target/adapter-rxjava-2.1.1-SNAPSHOT.jar
[INFO] 
[INFO] --- maven-javadoc-plugin:2.10.3:jar (attach-javadocs) @ adapter-rxjava ---
[INFO] Skipping javadoc generation
[INFO] 
[INFO] --- maven-checkstyle-plugin:2.15:checkstyle (default) @ adapter-rxjava ---
[INFO] Starting audit...
Audit done.
[WARNING] Unable to locate Source XRef to link to - DISABLED
[INFO] 
[INFO] --- maven-install-plugin:2.4:install (default-install) @ adapter-rxjava ---
[INFO] Installing /home/travis/build/square/retrofit/retrofit-adapters/rxjava/target/adapter-rxjava-2.1.1-SNAPSHOT.jar to /home/travis/.m2/repository/com/squareup/retrofit2/adapter-rxjava/2.1.1-SNAPSHOT/adapter-rxjava-2.1.1-SNAPSHOT.jar
[INFO] Installing /home/travis/build/square/retrofit/retrofit-adapters/rxjava/pom.xml to /home/travis/.m2/repository/com/squareup/retrofit2/adapter-rxjava/2.1.1-SNAPSHOT/adapter-rxjava-2.1.1-SNAPSHOT.pom
[INFO]                                                                         
[INFO] ------------------------------------------------------------------------
[INFO] Building Converters 2.1.1-SNAPSHOT
[INFO] ------------------------------------------------------------------------
[INFO] 
[INFO] --- maven-enforcer-plugin:1.0:enforce (enforce-maven) @ retrofit-converters ---
[INFO] 
[INFO] --- animal-sniffer-maven-plugin:1.14:check (default) @ retrofit-converters ---
[INFO] Checking unresolved references to org.codehaus.mojo.signature:java16:1.1
[INFO] 
[INFO] --- maven-javadoc-plugin:2.10.3:jar (attach-javadocs) @ retrofit-converters ---
[INFO] Skipping javadoc generation
[INFO] 
[INFO] --- maven-checkstyle-plugin:2.15:checkstyle (default) @ retrofit-converters ---
[INFO] 
[INFO] --- maven-install-plugin:2.4:install (default-install) @ retrofit-converters ---
[INFO] Installing /home/travis/build/square/retrofit/retrofit-converters/pom.xml to /home/travis/.m2/repository/com/squareup/retrofit2/retrofit-converters/2.1.1-SNAPSHOT/retrofit-converters-2.1.1-SNAPSHOT.pom
[INFO]                                                                         
[INFO] ------------------------------------------------------------------------
[INFO] Building Converter: Gson 2.1.1-SNAPSHOT
[INFO] ------------------------------------------------------------------------
[INFO] 
[INFO] --- maven-enforcer-plugin:1.0:enforce (enforce-maven) @ converter-gson ---
[INFO] 
[INFO] --- maven-resources-plugin:2.6:resources (default-resources) @ converter-gson ---
[INFO] Using 'UTF-8' encoding to copy filtered resources.
[INFO] skip non existing resourceDirectory /home/travis/build/square/retrofit/retrofit-converters/gson/src/main/resources
[INFO] 
[INFO] --- maven-compiler-plugin:3.0:compile (default-compile) @ converter-gson ---
[INFO] Changes detected - recompiling the module!
[INFO] Compiling 3 source files to /home/travis/build/square/retrofit/retrofit-converters/gson/target/classes
[INFO] 
[INFO] --- maven-resources-plugin:2.6:testResources (default-testResources) @ converter-gson ---
[INFO] Using 'UTF-8' encoding to copy filtered resources.
[INFO] skip non existing resourceDirectory /home/travis/build/square/retrofit/retrofit-converters/gson/src/test/resources
[INFO] 
[INFO] --- maven-compiler-plugin:3.0:testCompile (default-testCompile) @ converter-gson ---
[INFO] Changes detected - recompiling the module!
[INFO] Compiling 1 source file to /home/travis/build/square/retrofit/retrofit-converters/gson/target/test-classes
[INFO] 
[INFO] --- maven-surefire-plugin:2.12.4:test (default-test) @ converter-gson ---
[INFO] Tests are skipped.
[INFO] 
[INFO] --- animal-sniffer-maven-plugin:1.14:check (default) @ converter-gson ---
[INFO] Checking unresolved references to org.codehaus.mojo.signature:java16:1.1
[INFO] 
[INFO] --- maven-jar-plugin:2.4:jar (default-jar) @ converter-gson ---
[INFO] Building jar: /home/travis/build/square/retrofit/retrofit-converters/gson/target/converter-gson-2.1.1-SNAPSHOT.jar
[INFO] 
[INFO] --- maven-javadoc-plugin:2.10.3:jar (attach-javadocs) @ converter-gson ---
[INFO] Skipping javadoc generation
[INFO] 
[INFO] --- maven-checkstyle-plugin:2.15:checkstyle (default) @ converter-gson ---
[INFO] Starting audit...
Audit done.
[WARNING] Unable to locate Source XRef to link to - DISABLED
[INFO] 
[INFO] --- maven-install-plugin:2.4:install (default-install) @ converter-gson ---
[INFO] Installing /home/travis/build/square/retrofit/retrofit-converters/gson/target/converter-gson-2.1.1-SNAPSHOT.jar to /home/travis/.m2/repository/com/squareup/retrofit2/converter-gson/2.1.1-SNAPSHOT/converter-gson-2.1.1-SNAPSHOT.jar
[INFO] Installing /home/travis/build/square/retrofit/retrofit-converters/gson/pom.xml to /home/travis/.m2/repository/com/squareup/retrofit2/converter-gson/2.1.1-SNAPSHOT/converter-gson-2.1.1-SNAPSHOT.pom
[INFO]                                                                         
[INFO] ------------------------------------------------------------------------
[INFO] Building Converter: Protocol Buffers 2.1.1-SNAPSHOT
[INFO] ------------------------------------------------------------------------
[INFO] 
[INFO] --- maven-enforcer-plugin:1.0:enforce (enforce-maven) @ converter-protobuf ---
[INFO] 
[INFO] --- maven-resources-plugin:2.6:resources (default-resources) @ converter-protobuf ---
[INFO] Using 'UTF-8' encoding to copy filtered resources.
[INFO] skip non existing resourceDirectory /home/travis/build/square/retrofit/retrofit-converters/protobuf/src/main/resources
[INFO] 
[INFO] --- maven-compiler-plugin:3.0:compile (default-compile) @ converter-protobuf ---
[INFO] Changes detected - recompiling the module!
[INFO] Compiling 3 source files to /home/travis/build/square/retrofit/retrofit-converters/protobuf/target/classes
[WARNING] /home/travis/build/square/retrofit/retrofit-converters/protobuf/src/main/java/retrofit2/converter/protobuf/ProtoConverterFactory.java: /home/travis/build/square/retrofit/retrofit-converters/protobuf/src/main/java/retrofit2/converter/protobuf/ProtoConverterFactory.java uses unchecked or unsafe operations.
[WARNING] /home/travis/build/square/retrofit/retrofit-converters/protobuf/src/main/java/retrofit2/converter/protobuf/ProtoConverterFactory.java: Recompile with -Xlint:unchecked for details.
[INFO] 
[INFO] --- maven-resources-plugin:2.6:testResources (default-testResources) @ converter-protobuf ---
[INFO] Using 'UTF-8' encoding to copy filtered resources.
[INFO] skip non existing resourceDirectory /home/travis/build/square/retrofit/retrofit-converters/protobuf/src/test/resources
[INFO] 
[INFO] --- maven-compiler-plugin:3.0:testCompile (default-testCompile) @ converter-protobuf ---
[INFO] Changes detected - recompiling the module!
[INFO] Compiling 3 source files to /home/travis/build/square/retrofit/retrofit-converters/protobuf/target/test-classes
[INFO] 
[INFO] --- maven-surefire-plugin:2.12.4:test (default-test) @ converter-protobuf ---
[INFO] Tests are skipped.
[INFO] 
[INFO] --- animal-sniffer-maven-plugin:1.14:check (default) @ converter-protobuf ---
[INFO] Checking unresolved references to org.codehaus.mojo.signature:java16:1.1
[INFO] 
[INFO] --- maven-jar-plugin:2.4:jar (default-jar) @ converter-protobuf ---
[INFO] Building jar: /home/travis/build/square/retrofit/retrofit-converters/protobuf/target/converter-protobuf-2.1.1-SNAPSHOT.jar
[INFO] 
[INFO] --- maven-javadoc-plugin:2.10.3:jar (attach-javadocs) @ converter-protobuf ---
[INFO] Skipping javadoc generation
[INFO] 
[INFO] --- maven-checkstyle-plugin:2.15:checkstyle (default) @ converter-protobuf ---
[INFO] Starting audit...
Audit done.
[WARNING] Unable to locate Source XRef to link to - DISABLED
[INFO] 
[INFO] --- maven-install-plugin:2.4:install (default-install) @ converter-protobuf ---
[INFO] Installing /home/travis/build/square/retrofit/retrofit-converters/protobuf/target/converter-protobuf-2.1.1-SNAPSHOT.jar to /home/travis/.m2/repository/com/squareup/retrofit2/converter-protobuf/2.1.1-SNAPSHOT/converter-protobuf-2.1.1-SNAPSHOT.jar
[INFO] Installing /home/travis/build/square/retrofit/retrofit-converters/protobuf/pom.xml to /home/travis/.m2/repository/com/squareup/retrofit2/converter-protobuf/2.1.1-SNAPSHOT/converter-protobuf-2.1.1-SNAPSHOT.pom
[INFO]                                                                         
[INFO] ------------------------------------------------------------------------
[INFO] Building Converter: Jackson 2.1.1-SNAPSHOT
[INFO] ------------------------------------------------------------------------
[INFO] 
[INFO] --- maven-enforcer-plugin:1.0:enforce (enforce-maven) @ converter-jackson ---
[INFO] 
[INFO] --- maven-resources-plugin:2.6:resources (default-resources) @ converter-jackson ---
[INFO] Using 'UTF-8' encoding to copy filtered resources.
[INFO] skip non existing resourceDirectory /home/travis/build/square/retrofit/retrofit-converters/jackson/src/main/resources
[INFO] 
[INFO] --- maven-compiler-plugin:3.0:compile (default-compile) @ converter-jackson ---
[INFO] Changes detected - recompiling the module!
[INFO] Compiling 3 source files to /home/travis/build/square/retrofit/retrofit-converters/jackson/target/classes
[WARNING] /home/travis/build/square/retrofit/retrofit-converters/jackson/src/main/java/retrofit2/converter/jackson/JacksonConverterFactory.java: /home/travis/build/square/retrofit/retrofit-converters/jackson/src/main/java/retrofit2/converter/jackson/JacksonConverterFactory.java uses or overrides a deprecated API.
[WARNING] /home/travis/build/square/retrofit/retrofit-converters/jackson/src/main/java/retrofit2/converter/jackson/JacksonConverterFactory.java: Recompile with -Xlint:deprecation for details.
[INFO] 
[INFO] --- maven-resources-plugin:2.6:testResources (default-testResources) @ converter-jackson ---
[INFO] Using 'UTF-8' encoding to copy filtered resources.
[INFO] skip non existing resourceDirectory /home/travis/build/square/retrofit/retrofit-converters/jackson/src/test/resources
[INFO] 
[INFO] --- maven-compiler-plugin:3.0:testCompile (default-testCompile) @ converter-jackson ---
[INFO] Changes detected - recompiling the module!
[INFO] Compiling 1 source file to /home/travis/build/square/retrofit/retrofit-converters/jackson/target/test-classes
[WARNING] /home/travis/build/square/retrofit/retrofit-converters/jackson/src/test/java/retrofit2/converter/jackson/JacksonConverterFactoryTest.java: /home/travis/build/square/retrofit/retrofit-converters/jackson/src/test/java/retrofit2/converter/jackson/JacksonConverterFactoryTest.java uses or overrides a deprecated API.
[WARNING] /home/travis/build/square/retrofit/retrofit-converters/jackson/src/test/java/retrofit2/converter/jackson/JacksonConverterFactoryTest.java: Recompile with -Xlint:deprecation for details.
[INFO] 
[INFO] --- maven-surefire-plugin:2.12.4:test (default-test) @ converter-jackson ---
[INFO] Tests are skipped.
[INFO] 
[INFO] --- animal-sniffer-maven-plugin:1.14:check (default) @ converter-jackson ---
[INFO] Checking unresolved references to org.codehaus.mojo.signature:java16:1.1
[INFO] 
[INFO] --- maven-jar-plugin:2.4:jar (default-jar) @ converter-jackson ---
[INFO] Building jar: /home/travis/build/square/retrofit/retrofit-converters/jackson/target/converter-jackson-2.1.1-SNAPSHOT.jar
[INFO] 
[INFO] --- maven-javadoc-plugin:2.10.3:jar (attach-javadocs) @ converter-jackson ---
[INFO] Skipping javadoc generation
[INFO] 
[INFO] --- maven-checkstyle-plugin:2.15:checkstyle (default) @ converter-jackson ---
[INFO] Starting audit...
Audit done.
[WARNING] Unable to locate Source XRef to link to - DISABLED
[INFO] 
[INFO] --- maven-install-plugin:2.4:install (default-install) @ converter-jackson ---
[INFO] Installing /home/travis/build/square/retrofit/retrofit-converters/jackson/target/converter-jackson-2.1.1-SNAPSHOT.jar to /home/travis/.m2/repository/com/squareup/retrofit2/converter-jackson/2.1.1-SNAPSHOT/converter-jackson-2.1.1-SNAPSHOT.jar
[INFO] Installing /home/travis/build/square/retrofit/retrofit-converters/jackson/pom.xml to /home/travis/.m2/repository/com/squareup/retrofit2/converter-jackson/2.1.1-SNAPSHOT/converter-jackson-2.1.1-SNAPSHOT.pom
[INFO]                                                                         
[INFO] ------------------------------------------------------------------------
[INFO] Building Converter: Wire Protocol Buffers 2.1.1-SNAPSHOT
[INFO] ------------------------------------------------------------------------
[INFO] 
[INFO] --- maven-enforcer-plugin:1.0:enforce (enforce-maven) @ converter-wire ---
[INFO] 
[INFO] --- maven-resources-plugin:2.6:resources (default-resources) @ converter-wire ---
[INFO] Using 'UTF-8' encoding to copy filtered resources.
[INFO] skip non existing resourceDirectory /home/travis/build/square/retrofit/retrofit-converters/wire/src/main/resources
[INFO] 
[INFO] --- maven-compiler-plugin:3.0:compile (default-compile) @ converter-wire ---
[INFO] Changes detected - recompiling the module!
[INFO] Compiling 3 source files to /home/travis/build/square/retrofit/retrofit-converters/wire/target/classes
[WARNING] /home/travis/build/square/retrofit/retrofit-converters/wire/src/main/java/retrofit2/converter/wire/WireConverterFactory.java: /home/travis/build/square/retrofit/retrofit-converters/wire/src/main/java/retrofit2/converter/wire/WireConverterFactory.java uses unchecked or unsafe operations.
[WARNING] /home/travis/build/square/retrofit/retrofit-converters/wire/src/main/java/retrofit2/converter/wire/WireConverterFactory.java: Recompile with -Xlint:unchecked for details.
[INFO] 
[INFO] --- maven-resources-plugin:2.6:testResources (default-testResources) @ converter-wire ---
[INFO] Using 'UTF-8' encoding to copy filtered resources.
[INFO] skip non existing resourceDirectory /home/travis/build/square/retrofit/retrofit-converters/wire/src/test/resources
[INFO] 
[INFO] --- maven-compiler-plugin:3.0:testCompile (default-testCompile) @ converter-wire ---
[INFO] Changes detected - recompiling the module!
[INFO] Compiling 2 source files to /home/travis/build/square/retrofit/retrofit-converters/wire/target/test-classes
[INFO] 
[INFO] --- maven-surefire-plugin:2.12.4:test (default-test) @ converter-wire ---
[INFO] Tests are skipped.
[INFO] 
[INFO] --- animal-sniffer-maven-plugin:1.14:check (default) @ converter-wire ---
[INFO] Checking unresolved references to org.codehaus.mojo.signature:java16:1.1
[INFO] 
[INFO] --- maven-jar-plugin:2.4:jar (default-jar) @ converter-wire ---
[INFO] Building jar: /home/travis/build/square/retrofit/retrofit-converters/wire/target/converter-wire-2.1.1-SNAPSHOT.jar
[INFO] 
[INFO] --- maven-javadoc-plugin:2.10.3:jar (attach-javadocs) @ converter-wire ---
[INFO] Skipping javadoc generation
[INFO] 
[INFO] --- maven-checkstyle-plugin:2.15:checkstyle (default) @ converter-wire ---
[INFO] Starting audit...
Audit done.
[WARNING] Unable to locate Source XRef to link to - DISABLED
[INFO] 
[INFO] --- maven-install-plugin:2.4:install (default-install) @ converter-wire ---
[INFO] Installing /home/travis/build/square/retrofit/retrofit-converters/wire/target/converter-wire-2.1.1-SNAPSHOT.jar to /home/travis/.m2/repository/com/squareup/retrofit2/converter-wire/2.1.1-SNAPSHOT/converter-wire-2.1.1-SNAPSHOT.jar
[INFO] Installing /home/travis/build/square/retrofit/retrofit-converters/wire/pom.xml to /home/travis/.m2/repository/com/squareup/retrofit2/converter-wire/2.1.1-SNAPSHOT/converter-wire-2.1.1-SNAPSHOT.pom
[INFO]                                                                         
[INFO] ------------------------------------------------------------------------
[INFO] Building Converter: SimpleXML 2.1.1-SNAPSHOT
[INFO] ------------------------------------------------------------------------
[INFO] 
[INFO] --- maven-enforcer-plugin:1.0:enforce (enforce-maven) @ converter-simplexml ---
[INFO] 
[INFO] --- maven-resources-plugin:2.6:resources (default-resources) @ converter-simplexml ---
[INFO] Using 'UTF-8' encoding to copy filtered resources.
[INFO] skip non existing resourceDirectory /home/travis/build/square/retrofit/retrofit-converters/simplexml/src/main/resources
[INFO] 
[INFO] --- maven-compiler-plugin:3.0:compile (default-compile) @ converter-simplexml ---
[INFO] Changes detected - recompiling the module!
[INFO] Compiling 3 source files to /home/travis/build/square/retrofit/retrofit-converters/simplexml/target/classes
[INFO] 
[INFO] --- maven-resources-plugin:2.6:testResources (default-testResources) @ converter-simplexml ---
[INFO] Using 'UTF-8' encoding to copy filtered resources.
[INFO] skip non existing resourceDirectory /home/travis/build/square/retrofit/retrofit-converters/simplexml/src/test/resources
[INFO] 
[INFO] --- maven-compiler-plugin:3.0:testCompile (default-testCompile) @ converter-simplexml ---
[INFO] Changes detected - recompiling the module!
[INFO] Compiling 2 source files to /home/travis/build/square/retrofit/retrofit-converters/simplexml/target/test-classes
[INFO] 
[INFO] --- maven-surefire-plugin:2.12.4:test (default-test) @ converter-simplexml ---
[INFO] Tests are skipped.
[INFO] 
[INFO] --- animal-sniffer-maven-plugin:1.14:check (default) @ converter-simplexml ---
[INFO] Checking unresolved references to org.codehaus.mojo.signature:java16:1.1
[INFO] 
[INFO] --- maven-jar-plugin:2.4:jar (default-jar) @ converter-simplexml ---
[INFO] Building jar: /home/travis/build/square/retrofit/retrofit-converters/simplexml/target/converter-simplexml-2.1.1-SNAPSHOT.jar
[INFO] 
[INFO] --- maven-javadoc-plugin:2.10.3:jar (attach-javadocs) @ converter-simplexml ---
[INFO] Skipping javadoc generation
[INFO] 
[INFO] --- maven-checkstyle-plugin:2.15:checkstyle (default) @ converter-simplexml ---
[INFO] Starting audit...
Audit done.
[WARNING] Unable to locate Source XRef to link to - DISABLED
[INFO] 
[INFO] --- maven-install-plugin:2.4:install (default-install) @ converter-simplexml ---
[INFO] Installing /home/travis/build/square/retrofit/retrofit-converters/simplexml/target/converter-simplexml-2.1.1-SNAPSHOT.jar to /home/travis/.m2/repository/com/squareup/retrofit2/converter-simplexml/2.1.1-SNAPSHOT/converter-simplexml-2.1.1-SNAPSHOT.jar
[INFO] Installing /home/travis/build/square/retrofit/retrofit-converters/simplexml/pom.xml to /home/travis/.m2/repository/com/squareup/retrofit2/converter-simplexml/2.1.1-SNAPSHOT/converter-simplexml-2.1.1-SNAPSHOT.pom
[INFO]                                                                         
[INFO] ------------------------------------------------------------------------
[INFO] Building Converter: Java Scalars 2.1.1-SNAPSHOT
[INFO] ------------------------------------------------------------------------
[INFO] 
[INFO] --- maven-enforcer-plugin:1.0:enforce (enforce-maven) @ converter-scalars ---
[INFO] 
[INFO] --- maven-resources-plugin:2.6:resources (default-resources) @ converter-scalars ---
[INFO] Using 'UTF-8' encoding to copy filtered resources.
[INFO] skip non existing resourceDirectory /home/travis/build/square/retrofit/retrofit-converters/scalars/src/main/resources
[INFO] 
[INFO] --- maven-compiler-plugin:3.0:compile (default-compile) @ converter-scalars ---
[INFO] Changes detected - recompiling the module!
[INFO] Compiling 3 source files to /home/travis/build/square/retrofit/retrofit-converters/scalars/target/classes
[INFO] 
[INFO] --- maven-resources-plugin:2.6:testResources (default-testResources) @ converter-scalars ---
[INFO] Using 'UTF-8' encoding to copy filtered resources.
[INFO] skip non existing resourceDirectory /home/travis/build/square/retrofit/retrofit-converters/scalars/src/test/resources
[INFO] 
[INFO] --- maven-compiler-plugin:3.0:testCompile (default-testCompile) @ converter-scalars ---
[INFO] Changes detected - recompiling the module!
[INFO] Compiling 2 source files to /home/travis/build/square/retrofit/retrofit-converters/scalars/target/test-classes
[INFO] 
[INFO] --- maven-surefire-plugin:2.12.4:test (default-test) @ converter-scalars ---
[INFO] Tests are skipped.
[INFO] 
[INFO] --- animal-sniffer-maven-plugin:1.14:check (default) @ converter-scalars ---
[INFO] Checking unresolved references to org.codehaus.mojo.signature:java16:1.1
[INFO] 
[INFO] --- maven-jar-plugin:2.4:jar (default-jar) @ converter-scalars ---
[INFO] Building jar: /home/travis/build/square/retrofit/retrofit-converters/scalars/target/converter-scalars-2.1.1-SNAPSHOT.jar
[INFO] 
[INFO] --- maven-javadoc-plugin:2.10.3:jar (attach-javadocs) @ converter-scalars ---
[INFO] Skipping javadoc generation
[INFO] 
[INFO] --- maven-checkstyle-plugin:2.15:checkstyle (default) @ converter-scalars ---
[INFO] Starting audit...
Audit done.
[WARNING] Unable to locate Source XRef to link to - DISABLED
[INFO] 
[INFO] --- maven-install-plugin:2.4:install (default-install) @ converter-scalars ---
[INFO] Installing /home/travis/build/square/retrofit/retrofit-converters/scalars/target/converter-scalars-2.1.1-SNAPSHOT.jar to /home/travis/.m2/repository/com/squareup/retrofit2/converter-scalars/2.1.1-SNAPSHOT/converter-scalars-2.1.1-SNAPSHOT.jar
[INFO] Installing /home/travis/build/square/retrofit/retrofit-converters/scalars/pom.xml to /home/travis/.m2/repository/com/squareup/retrofit2/converter-scalars/2.1.1-SNAPSHOT/converter-scalars-2.1.1-SNAPSHOT.pom
[INFO]                                                                         
[INFO] ------------------------------------------------------------------------
[INFO] Building Converter: Moshi 2.1.1-SNAPSHOT
[INFO] ------------------------------------------------------------------------
[INFO] 
[INFO] --- maven-enforcer-plugin:1.0:enforce (enforce-maven) @ converter-moshi ---
[INFO] 
[INFO] --- maven-resources-plugin:2.6:resources (default-resources) @ converter-moshi ---
[INFO] Using 'UTF-8' encoding to copy filtered resources.
[INFO] skip non existing resourceDirectory /home/travis/build/square/retrofit/retrofit-converters/moshi/src/main/resources
[INFO] 
[INFO] --- maven-compiler-plugin:3.0:compile (default-compile) @ converter-moshi ---
[INFO] Changes detected - recompiling the module!
[INFO] Compiling 3 source files to /home/travis/build/square/retrofit/retrofit-converters/moshi/target/classes
[INFO] 
[INFO] --- maven-resources-plugin:2.6:testResources (default-testResources) @ converter-moshi ---
[INFO] Using 'UTF-8' encoding to copy filtered resources.
[INFO] skip non existing resourceDirectory /home/travis/build/square/retrofit/retrofit-converters/moshi/src/test/resources
[INFO] 
[INFO] --- maven-compiler-plugin:3.0:testCompile (default-testCompile) @ converter-moshi ---
[INFO] Changes detected - recompiling the module!
[INFO] Compiling 1 source file to /home/travis/build/square/retrofit/retrofit-converters/moshi/target/test-classes
[INFO] 
[INFO] --- maven-surefire-plugin:2.12.4:test (default-test) @ converter-moshi ---
[INFO] Tests are skipped.
[INFO] 
[INFO] --- animal-sniffer-maven-plugin:1.14:check (default) @ converter-moshi ---
[INFO] Checking unresolved references to org.codehaus.mojo.signature:java16:1.1
[INFO] 
[INFO] --- maven-jar-plugin:2.4:jar (default-jar) @ converter-moshi ---
[INFO] Building jar: /home/travis/build/square/retrofit/retrofit-converters/moshi/target/converter-moshi-2.1.1-SNAPSHOT.jar
[INFO] 
[INFO] --- maven-javadoc-plugin:2.10.3:jar (attach-javadocs) @ converter-moshi ---
[INFO] Skipping javadoc generation
[INFO] 
[INFO] --- maven-checkstyle-plugin:2.15:checkstyle (default) @ converter-moshi ---
[INFO] Starting audit...
Audit done.
[WARNING] Unable to locate Source XRef to link to - DISABLED
[INFO] 
[INFO] --- maven-install-plugin:2.4:install (default-install) @ converter-moshi ---
[INFO] Installing /home/travis/build/square/retrofit/retrofit-converters/moshi/target/converter-moshi-2.1.1-SNAPSHOT.jar to /home/travis/.m2/repository/com/squareup/retrofit2/converter-moshi/2.1.1-SNAPSHOT/converter-moshi-2.1.1-SNAPSHOT.jar
[INFO] Installing /home/travis/build/square/retrofit/retrofit-converters/moshi/pom.xml to /home/travis/.m2/repository/com/squareup/retrofit2/converter-moshi/2.1.1-SNAPSHOT/converter-moshi-2.1.1-SNAPSHOT.pom
[INFO]                                                                         
[INFO] ------------------------------------------------------------------------
[INFO] Building Retrofit Mock Adapter 2.1.1-SNAPSHOT
[INFO] ------------------------------------------------------------------------
[INFO] 
[INFO] --- maven-enforcer-plugin:1.0:enforce (enforce-maven) @ retrofit-mock ---
[INFO] 
[INFO] --- maven-resources-plugin:2.6:resources (default-resources) @ retrofit-mock ---
[INFO] Using 'UTF-8' encoding to copy filtered resources.
[INFO] skip non existing resourceDirectory /home/travis/build/square/retrofit/retrofit-mock/src/main/resources
[INFO] 
[INFO] --- maven-compiler-plugin:3.0:compile (default-compile) @ retrofit-mock ---
[INFO] Changes detected - recompiling the module!
[INFO] Compiling 5 source files to /home/travis/build/square/retrofit/retrofit-mock/target/classes
[INFO] 
[INFO] --- maven-resources-plugin:2.6:testResources (default-testResources) @ retrofit-mock ---
[INFO] Using 'UTF-8' encoding to copy filtered resources.
[INFO] skip non existing resourceDirectory /home/travis/build/square/retrofit/retrofit-mock/src/test/resources
[INFO] 
[INFO] --- maven-compiler-plugin:3.0:testCompile (default-testCompile) @ retrofit-mock ---
[INFO] Changes detected - recompiling the module!
[INFO] Compiling 3 source files to /home/travis/build/square/retrofit/retrofit-mock/target/test-classes
[INFO] 
[INFO] --- maven-surefire-plugin:2.12.4:test (default-test) @ retrofit-mock ---
[INFO] Tests are skipped.
[INFO] 
[INFO] --- animal-sniffer-maven-plugin:1.14:check (default) @ retrofit-mock ---
[INFO] Checking unresolved references to org.codehaus.mojo.signature:java16:1.1
[INFO] 
[INFO] --- maven-jar-plugin:2.4:jar (default-jar) @ retrofit-mock ---
[INFO] Building jar: /home/travis/build/square/retrofit/retrofit-mock/target/retrofit-mock-2.1.1-SNAPSHOT.jar
[INFO] 
[INFO] --- maven-javadoc-plugin:2.10.3:jar (attach-javadocs) @ retrofit-mock ---
[INFO] Skipping javadoc generation
[INFO] 
[INFO] --- maven-checkstyle-plugin:2.15:checkstyle (default) @ retrofit-mock ---
[INFO] Starting audit...
Audit done.
[WARNING] Unable to locate Source XRef to link to - DISABLED
[INFO] 
[INFO] --- maven-install-plugin:2.4:install (default-install) @ retrofit-mock ---
[INFO] Installing /home/travis/build/square/retrofit/retrofit-mock/target/retrofit-mock-2.1.1-SNAPSHOT.jar to /home/travis/.m2/repository/com/squareup/retrofit2/retrofit-mock/2.1.1-SNAPSHOT/retrofit-mock-2.1.1-SNAPSHOT.jar
[INFO] Installing /home/travis/build/square/retrofit/retrofit-mock/pom.xml to /home/travis/.m2/repository/com/squareup/retrofit2/retrofit-mock/2.1.1-SNAPSHOT/retrofit-mock-2.1.1-SNAPSHOT.pom
[INFO]                                                                         
[INFO] ------------------------------------------------------------------------
[INFO] Building Samples 2.1.1-SNAPSHOT
[INFO] ------------------------------------------------------------------------
[INFO] 
[INFO] --- maven-enforcer-plugin:1.0:enforce (enforce-maven) @ samples ---
[INFO] 
[INFO] --- maven-resources-plugin:2.6:resources (default-resources) @ samples ---
[INFO] Using 'UTF-8' encoding to copy filtered resources.
[INFO] skip non existing resourceDirectory /home/travis/build/square/retrofit/samples/src/main/resources
[INFO] 
[INFO] --- maven-compiler-plugin:3.0:compile (default-compile) @ samples ---
[INFO] Changes detected - recompiling the module!
[INFO] Compiling 9 source files to /home/travis/build/square/retrofit/samples/target/classes
[INFO] 
[INFO] --- maven-resources-plugin:2.6:testResources (default-testResources) @ samples ---
[INFO] Using 'UTF-8' encoding to copy filtered resources.
[INFO] skip non existing resourceDirectory /home/travis/build/square/retrofit/samples/src/test/resources
[INFO] 
[INFO] --- maven-compiler-plugin:3.0:testCompile (default-testCompile) @ samples ---
[INFO] No sources to compile
[INFO] 
[INFO] --- maven-surefire-plugin:2.12.4:test (default-test) @ samples ---
[INFO] Tests are skipped.
[INFO] 
[INFO] --- animal-sniffer-maven-plugin:1.14:check (default) @ samples ---
[INFO] Checking unresolved references to org.codehaus.mojo.signature:java16:1.1
[INFO] 
[INFO] --- maven-jar-plugin:2.4:jar (default-jar) @ samples ---
[INFO] Building jar: /home/travis/build/square/retrofit/samples/target/samples-2.1.1-SNAPSHOT.jar
[INFO] 
[INFO] --- maven-javadoc-plugin:2.10.3:jar (attach-javadocs) @ samples ---
[INFO] Skipping javadoc generation
[INFO] 
[INFO] --- maven-checkstyle-plugin:2.15:checkstyle (default) @ samples ---
[INFO] Starting audit...
Audit done.
[WARNING] Unable to locate Source XRef to link to - DISABLED
[INFO] 
[INFO] --- maven-install-plugin:2.4:install (default-install) @ samples ---
[INFO] Installing /home/travis/build/square/retrofit/samples/target/samples-2.1.1-SNAPSHOT.jar to /home/travis/.m2/repository/com/squareup/retrofit2/samples/2.1.1-SNAPSHOT/samples-2.1.1-SNAPSHOT.jar
[INFO] Installing /home/travis/build/square/retrofit/samples/pom.xml to /home/travis/.m2/repository/com/squareup/retrofit2/samples/2.1.1-SNAPSHOT/samples-2.1.1-SNAPSHOT.pom
[INFO] ------------------------------------------------------------------------
[INFO] Reactor Summary:
[INFO] 
[INFO] Retrofit (Parent) .................................. SUCCESS [  5.856 s]
[INFO] Retrofit ........................................... SUCCESS [ 19.695 s]
[INFO] Adapters ........................................... SUCCESS [  0.621 s]
[INFO] Adapter: Guava ..................................... SUCCESS [  3.129 s]
[INFO] Adapter: Java 8 .................................... SUCCESS [  1.567 s]
[INFO] Adapter: RxJava .................................... SUCCESS [  2.450 s]
[INFO] Converters ......................................... SUCCESS [  0.205 s]
[INFO] Converter: Gson .................................... SUCCESS [  1.413 s]
[INFO] Converter: Protocol Buffers ........................ SUCCESS [  1.275 s]
[INFO] Converter: Jackson ................................. SUCCESS [  0.783 s]
[INFO] Converter: Wire Protocol Buffers ................... SUCCESS [  1.218 s]
[INFO] Converter: SimpleXML ............................... SUCCESS [  1.035 s]
[INFO] Converter: Java Scalars ............................ SUCCESS [  1.005 s]
[INFO] Converter: Moshi ................................... SUCCESS [  0.800 s]
[INFO] Retrofit Mock Adapter .............................. SUCCESS [  0.901 s]
[INFO] Samples ............................................ SUCCESS [  2.245 s]
[INFO] ------------------------------------------------------------------------
[INFO] BUILD SUCCESS
[INFO] ------------------------------------------------------------------------
[INFO] Total time: 44.798 s
[INFO] Finished at: 2016-08-16T13:39:22+00:00
[INFO] Final Memory: 45M/427M
[INFO] ------------------------------------------------------------------------

travis_time:end:194feebc:start=1471354714368970925,finish=1471354763061710754,duration=48692739829[0Ktravis_fold:end:install[0Ktravis_time:start:0326d4fe[0K$ mvn test -B
Java HotSpot(TM) 64-Bit Server VM warning: ignoring option MaxPermSize=192m; support was removed in 8.0
[INFO] Scanning for projects...
[WARNING] 
[WARNING] Some problems were encountered while building the effective model for com.squareup.retrofit2:samples:jar:2.1.1-SNAPSHOT
[WARNING] 'build.plugins.plugin.version' for org.apache.maven.plugins:maven-deploy-plugin is missing. @ com.squareup.retrofit2:samples:[unknown-version], /home/travis/build/square/retrofit/samples/pom.xml, line 55, column 15
[WARNING] 
[WARNING] It is highly recommended to fix these problems because they threaten the stability of your build.
[WARNING] 
[WARNING] For this reason, future Maven versions might no longer support building such malformed projects.
[WARNING] 
[INFO] ------------------------------------------------------------------------
[INFO] Reactor Build Order:
[INFO] 
[INFO] Retrofit (Parent)
[INFO] Retrofit
[INFO] Adapters
[INFO] Adapter: Guava
[INFO] Adapter: Java 8
[INFO] Adapter: RxJava
[INFO] Converters
[INFO] Converter: Gson
[INFO] Converter: Protocol Buffers
[INFO] Converter: Jackson
[INFO] Converter: Wire Protocol Buffers
[INFO] Converter: SimpleXML
[INFO] Converter: Java Scalars
[INFO] Converter: Moshi
[INFO] Retrofit Mock Adapter
[INFO] Samples
[INFO]                                                                         
[INFO] ------------------------------------------------------------------------
[INFO] Building Retrofit (Parent) 2.1.1-SNAPSHOT
[INFO] ------------------------------------------------------------------------
[INFO] 
[INFO] --- maven-enforcer-plugin:1.0:enforce (enforce-maven) @ parent ---
[INFO] 
[INFO] --- animal-sniffer-maven-plugin:1.14:check (default) @ parent ---
[INFO] Checking unresolved references to org.codehaus.mojo.signature:java16:1.1
[INFO]                                                                         
[INFO] ------------------------------------------------------------------------
[INFO] Building Retrofit 2.1.1-SNAPSHOT
[INFO] ------------------------------------------------------------------------
[INFO] 
[INFO] --- maven-enforcer-plugin:1.0:enforce (enforce-maven) @ retrofit ---
[INFO] 
[INFO] --- maven-resources-plugin:2.6:resources (default-resources) @ retrofit ---
[INFO] Using 'UTF-8' encoding to copy filtered resources.
[INFO] skip non existing resourceDirectory /home/travis/build/square/retrofit/retrofit/src/main/resources
[INFO] 
[INFO] --- maven-compiler-plugin:3.0:compile (default-compile) @ retrofit ---
[INFO] Changes detected - recompiling the module!
[INFO] Compiling 40 source files to /home/travis/build/square/retrofit/retrofit/target/classes
[WARNING] /home/travis/build/square/retrofit/retrofit/src/main/java/retrofit2/Retrofit.java: Some input files use unchecked or unsafe operations.
[WARNING] /home/travis/build/square/retrofit/retrofit/src/main/java/retrofit2/Retrofit.java: Recompile with -Xlint:unchecked for details.
[INFO] 
[INFO] --- maven-resources-plugin:2.6:testResources (default-testResources) @ retrofit ---
[INFO] Using 'UTF-8' encoding to copy filtered resources.
[INFO] skip non existing resourceDirectory /home/travis/build/square/retrofit/retrofit/src/test/resources
[INFO] 
[INFO] --- maven-compiler-plugin:3.0:testCompile (default-testCompile) @ retrofit ---
[INFO] Changes detected - recompiling the module!
[INFO] Compiling 14 source files to /home/travis/build/square/retrofit/retrofit/target/test-classes
[WARNING] /home/travis/build/square/retrofit/retrofit/src/test/java/retrofit2/RetrofitTest.java: /home/travis/build/square/retrofit/retrofit/src/test/java/retrofit2/RetrofitTest.java uses unchecked or unsafe operations.
[WARNING] /home/travis/build/square/retrofit/retrofit/src/test/java/retrofit2/RetrofitTest.java: Recompile with -Xlint:unchecked for details.
[INFO] 
[INFO] --- maven-surefire-plugin:2.12.4:test (default-test) @ retrofit ---
[INFO] Surefire report directory: /home/travis/build/square/retrofit/retrofit/target/surefire-reports

-------------------------------------------------------
 T E S T S
-------------------------------------------------------
Running retrofit2.CallTest
Aug 16, 2016 1:39:39 PM okhttp3.mockwebserver.MockWebServer$3 execute
INFO: MockWebServer[43440] starting to accept connections
Aug 16, 2016 1:39:39 PM okhttp3.mockwebserver.MockWebServer$3 acceptConnections
INFO: MockWebServer[43440] done accepting connections: Socket closed
Aug 16, 2016 1:39:39 PM okhttp3.mockwebserver.MockWebServer$3 execute
INFO: MockWebServer[49098] starting to accept connections
Aug 16, 2016 1:39:39 PM okhttp3.mockwebserver.MockWebServer$4 processOneRequest
INFO: MockWebServer[49098] received request: GET / HTTP/1.1 and responded: HTTP/1.1 200 OK
Aug 16, 2016 1:39:39 PM okhttp3.mockwebserver.MockWebServer$3 acceptConnections
INFO: MockWebServer[49098] done accepting connections: Socket closed
Aug 16, 2016 1:39:39 PM okhttp3.mockwebserver.MockWebServer$3 execute
INFO: MockWebServer[37524] starting to accept connections
Aug 16, 2016 1:39:39 PM okhttp3.mockwebserver.MockWebServer$4 processOneRequest
INFO: MockWebServer[37524] received request: GET / HTTP/1.1 and responded: HTTP/1.1 404 Client Error
Aug 16, 2016 1:39:39 PM okhttp3.mockwebserver.MockWebServer$3 acceptConnections
INFO: MockWebServer[37524] done accepting connections: Socket closed
Aug 16, 2016 1:39:39 PM okhttp3.mockwebserver.MockWebServer$3 execute
INFO: MockWebServer[50568] starting to accept connections
Aug 16, 2016 1:39:39 PM okhttp3.mockwebserver.MockWebServer$4 processOneRequest
INFO: MockWebServer[50568] received request: POST /Hello HTTP/1.1 and responded: HTTP/1.1 200 OK
Aug 16, 2016 1:39:39 PM okhttp3.mockwebserver.MockWebServer$3 acceptConnections
INFO: MockWebServer[50568] done accepting connections: Socket closed
Aug 16, 2016 1:39:39 PM okhttp3.mockwebserver.MockWebServer$3 execute
INFO: MockWebServer[32919] starting to accept connections
Aug 16, 2016 1:39:39 PM okhttp3.mockwebserver.MockWebServer$3 acceptConnections
INFO: MockWebServer[32919] done accepting connections: Socket closed
Aug 16, 2016 1:39:39 PM okhttp3.mockwebserver.MockWebServer$3 execute
INFO: MockWebServer[51786] starting to accept connections
Aug 16, 2016 1:39:39 PM okhttp3.mockwebserver.MockWebServer$3 acceptConnections
INFO: MockWebServer[51786] done accepting connections: Socket closed
Aug 16, 2016 1:39:39 PM okhttp3.mockwebserver.MockWebServer$3 execute
INFO: MockWebServer[36524] starting to accept connections
Aug 16, 2016 1:39:39 PM okhttp3.mockwebserver.MockWebServer$3 acceptConnections
INFO: MockWebServer[36524] done accepting connections: Socket closed
Aug 16, 2016 1:39:39 PM okhttp3.mockwebserver.MockWebServer$4 processOneRequest
INFO: MockWebServer[36524] received request: GET / HTTP/1.1 and responded: HTTP/1.1 200 OK
Aug 16, 2016 1:39:39 PM okhttp3.mockwebserver.MockWebServer$3 execute
INFO: MockWebServer[43063] starting to accept connections
Aug 16, 2016 1:39:39 PM okhttp3.mockwebserver.MockWebServer$4 processOneRequest
INFO: MockWebServer[43063] received request: GET / HTTP/1.1 and responded: HTTP/1.1 200 OK
Aug 16, 2016 1:39:39 PM okhttp3.mockwebserver.MockWebServer$3 acceptConnections
INFO: MockWebServer[43063] done accepting connections: Socket closed
Aug 16, 2016 1:39:39 PM okhttp3.mockwebserver.MockWebServer$3 execute
INFO: MockWebServer[47974] starting to accept connections
Aug 16, 2016 1:39:39 PM okhttp3.mockwebserver.MockWebServer$3 acceptConnections
INFO: MockWebServer[47974] done accepting connections: Socket closed
Aug 16, 2016 1:39:39 PM okhttp3.mockwebserver.MockWebServer$3 execute
INFO: MockWebServer[56648] starting to accept connections
Aug 16, 2016 1:39:39 PM okhttp3.mockwebserver.MockWebServer$4 processOneRequest
INFO: MockWebServer[56648] received request: POST /Hello HTTP/1.1 and responded: HTTP/1.1 200 OK
Aug 16, 2016 1:39:39 PM okhttp3.mockwebserver.MockWebServer$3 acceptConnections
INFO: MockWebServer[56648] done accepting connections: Socket closed
Aug 16, 2016 1:39:39 PM okhttp3.mockwebserver.MockWebServer$3 execute
INFO: MockWebServer[34618] starting to accept connections
Aug 16, 2016 1:39:39 PM okhttp3.mockwebserver.MockWebServer$4 processOneRequest
INFO: MockWebServer[34618] received request: POST /Hello HTTP/1.1 and responded: HTTP/1.1 200 OK
Aug 16, 2016 1:39:39 PM okhttp3.mockwebserver.MockWebServer$3 acceptConnections
INFO: MockWebServer[34618] done accepting connections: Socket closed
Aug 16, 2016 1:39:39 PM okhttp3.mockwebserver.MockWebServer$3 execute
INFO: MockWebServer[40868] starting to accept connections
Aug 16, 2016 1:39:39 PM okhttp3.mockwebserver.MockWebServer$3 acceptConnections
INFO: MockWebServer[40868] done accepting connections: Socket is closed
Aug 16, 2016 1:39:39 PM okhttp3.mockwebserver.MockWebServer$3 execute
INFO: MockWebServer[33077] starting to accept connections
Aug 16, 2016 1:39:39 PM okhttp3.mockwebserver.MockWebServer$3 acceptConnections
INFO: MockWebServer[33077] done accepting connections: Socket closed
Aug 16, 2016 1:39:39 PM okhttp3.mockwebserver.MockWebServer$4 processOneRequest
INFO: MockWebServer[33077] received request: GET / HTTP/1.1 and responded: HTTP/1.1 404 Client Error
Aug 16, 2016 1:39:39 PM okhttp3.mockwebserver.MockWebServer$3 execute
INFO: MockWebServer[60817] starting to accept connections
Aug 16, 2016 1:39:39 PM okhttp3.mockwebserver.MockWebServer$4 processOneRequest
INFO: MockWebServer[60817] received request: POST / HTTP/1.1 and responded: HTTP/1.1 200 OK
Aug 16, 2016 1:39:39 PM okhttp3.mockwebserver.MockWebServer$3 acceptConnections
INFO: MockWebServer[60817] done accepting connections: Socket closed
Aug 16, 2016 1:39:39 PM okhttp3.mockwebserver.MockWebServer$3 execute
INFO: MockWebServer[43321] starting to accept connections
Aug 16, 2016 1:39:39 PM okhttp3.mockwebserver.MockWebServer$4 processOneRequest
INFO: MockWebServer[43321] received request: GET / HTTP/1.1 and responded: HTTP/1.1 204 Nothin
Aug 16, 2016 1:39:39 PM okhttp3.mockwebserver.MockWebServer$3 acceptConnections
INFO: MockWebServer[43321] done accepting connections: Socket closed
Aug 16, 2016 1:39:39 PM okhttp3.mockwebserver.MockWebServer$3 execute
INFO: MockWebServer[43572] starting to accept connections
Aug 16, 2016 1:39:40 PM okhttp3.mockwebserver.MockWebServer$3 acceptConnections
INFO: MockWebServer[43572] done accepting connections: Socket closed
Aug 16, 2016 1:39:40 PM okhttp3.mockwebserver.MockWebServer$3 execute
INFO: MockWebServer[39558] starting to accept connections
Aug 16, 2016 1:39:40 PM okhttp3.mockwebserver.MockWebServer$3 acceptConnections
INFO: MockWebServer[39558] done accepting connections: Socket closed
Aug 16, 2016 1:39:40 PM okhttp3.mockwebserver.MockWebServer$4 processOneRequest
INFO: MockWebServer[39558] received request: GET / HTTP/1.1 and responded: HTTP/1.1 200 OK
Aug 16, 2016 1:39:40 PM okhttp3.mockwebserver.MockWebServer$3 execute
INFO: MockWebServer[60749] starting to accept connections
Aug 16, 2016 1:39:40 PM okhttp3.mockwebserver.MockWebServer$4 processOneRequest
INFO: MockWebServer[60749] received request: POST /Hello HTTP/1.1 and responded: HTTP/1.1 200 OK
Aug 16, 2016 1:39:40 PM okhttp3.mockwebserver.MockWebServer$3 acceptConnections
INFO: MockWebServer[60749] done accepting connections: Socket closed
Aug 16, 2016 1:39:40 PM okhttp3.mockwebserver.MockWebServer$3 execute
INFO: MockWebServer[57712] starting to accept connections
Aug 16, 2016 1:39:40 PM okhttp3.mockwebserver.MockWebServer$4 processOneRequest
INFO: MockWebServer[57712] received request: GET / HTTP/1.1 and responded: HTTP/1.1 200 OK
Aug 16, 2016 1:39:40 PM okhttp3.mockwebserver.MockWebServer$3 acceptConnections
INFO: MockWebServer[57712] done accepting connections: Socket closed
Aug 16, 2016 1:39:40 PM okhttp3.mockwebserver.MockWebServer$3 execute
INFO: MockWebServer[45100] starting to accept connections
Aug 16, 2016 1:39:40 PM okhttp3.mockwebserver.MockWebServer$4 processOneRequest
INFO: MockWebServer[45100] received request: POST / HTTP/1.1 and responded: HTTP/1.1 200 OK
Aug 16, 2016 1:39:40 PM okhttp3.mockwebserver.MockWebServer$3 acceptConnections
INFO: MockWebServer[45100] done accepting connections: Socket closed
Aug 16, 2016 1:39:40 PM okhttp3.mockwebserver.MockWebServer$3 execute
INFO: MockWebServer[43883] starting to accept connections
Aug 16, 2016 1:39:40 PM okhttp3.mockwebserver.MockWebServer$3 acceptConnections
INFO: MockWebServer[43883] done accepting connections: Socket is closed
Aug 16, 2016 1:39:40 PM okhttp3.mockwebserver.MockWebServer$3 execute
INFO: MockWebServer[47564] starting to accept connections
Aug 16, 2016 1:39:40 PM okhttp3.mockwebserver.MockWebServer$3 acceptConnections
INFO: MockWebServer[47564] done accepting connections: Socket is closed
Aug 16, 2016 1:39:40 PM okhttp3.mockwebserver.MockWebServer$3 execute
INFO: MockWebServer[41477] starting to accept connections
Aug 16, 2016 1:39:40 PM okhttp3.mockwebserver.MockWebServer$3 acceptConnections
INFO: MockWebServer[41477] done accepting connections: Socket is closed
Aug 16, 2016 1:39:40 PM okhttp3.mockwebserver.MockWebServer$3 execute
INFO: MockWebServer[57523] starting to accept connections
Aug 16, 2016 1:39:40 PM okhttp3.mockwebserver.MockWebServer$3 acceptConnections
INFO: MockWebServer[57523] done accepting connections: Socket closed
Aug 16, 2016 1:39:40 PM okhttp3.mockwebserver.MockWebServer$4 processOneRequest
INFO: MockWebServer[57523] received request: GET / HTTP/1.1 and responded: HTTP/1.1 200 OK
Aug 16, 2016 1:39:40 PM okhttp3.mockwebserver.MockWebServer$3 execute
INFO: MockWebServer[48337] starting to accept connections
Aug 16, 2016 1:39:40 PM okhttp3.mockwebserver.MockWebServer$4 processOneRequest
INFO: MockWebServer[48337] received request: GET / HTTP/1.1 and responded: HTTP/1.1 200 OK
Aug 16, 2016 1:39:40 PM okhttp3.mockwebserver.MockWebServer$3 acceptConnections
INFO: MockWebServer[48337] done accepting connections: Socket closed
Aug 16, 2016 1:39:40 PM okhttp3.mockwebserver.MockWebServer$3 execute
INFO: MockWebServer[36974] starting to accept connections
Aug 16, 2016 1:39:40 PM okhttp3.mockwebserver.MockWebServer$3 acceptConnections
INFO: MockWebServer[36974] done accepting connections: Socket closed
Aug 16, 2016 1:39:40 PM okhttp3.mockwebserver.MockWebServer$4 processOneRequest
INFO: MockWebServer[36974] received request: GET / HTTP/1.1 and responded: HTTP/1.1 205 Nothin
Aug 16, 2016 1:39:40 PM okhttp3.mockwebserver.MockWebServer$3 execute
INFO: MockWebServer[34101] starting to accept connections
Aug 16, 2016 1:39:40 PM okhttp3.mockwebserver.MockWebServer$4 processOneRequest
INFO: MockWebServer[34101] received request: GET / HTTP/1.1 and responded: HTTP/1.1 200 OK
Aug 16, 2016 1:39:40 PM okhttp3.mockwebserver.MockWebServer$4 processOneRequest
INFO: MockWebServer[34101] received request: GET / HTTP/1.1 and responded: HTTP/1.1 200 OK
Aug 16, 2016 1:39:40 PM okhttp3.mockwebserver.MockWebServer$3 acceptConnections
INFO: MockWebServer[34101] done accepting connections: Socket closed
Aug 16, 2016 1:39:40 PM okhttp3.mockwebserver.MockWebServer$3 execute
INFO: MockWebServer[58465] starting to accept connections
Aug 16, 2016 1:39:40 PM okhttp3.mockwebserver.MockWebServer$4 processOneRequest
INFO: MockWebServer[58465] received request: GET / HTTP/1.1 and responded: HTTP/1.1 200 OK
Aug 16, 2016 1:39:40 PM okhttp3.mockwebserver.MockWebServer$3 acceptConnections
INFO: MockWebServer[58465] done accepting connections: Socket closed
Aug 16, 2016 1:39:40 PM okhttp3.mockwebserver.MockWebServer$3 execute
INFO: MockWebServer[46317] starting to accept connections
Aug 16, 2016 1:39:40 PM okhttp3.mockwebserver.MockWebServer$3 acceptConnections
INFO: MockWebServer[46317] done accepting connections: Socket is closed
Aug 16, 2016 1:39:40 PM okhttp3.mockwebserver.MockWebServer$3 execute
INFO: MockWebServer[38473] starting to accept connections
Aug 16, 2016 1:39:40 PM okhttp3.mockwebserver.MockWebServer$3 acceptConnections
INFO: MockWebServer[38473] done accepting connections: Socket is closed
Aug 16, 2016 1:39:40 PM okhttp3.mockwebserver.MockWebServer$3 execute
INFO: MockWebServer[40835] starting to accept connections
Aug 16, 2016 1:39:40 PM okhttp3.mockwebserver.MockWebServer$3 acceptConnections
INFO: MockWebServer[40835] done accepting connections: Socket is closed
Aug 16, 2016 1:39:40 PM okhttp3.mockwebserver.MockWebServer$3 execute
INFO: MockWebServer[59127] starting to accept connections
Aug 16, 2016 1:39:40 PM okhttp3.mockwebserver.MockWebServer$4 processOneRequest
INFO: MockWebServer[59127] received request: GET / HTTP/1.1 and responded: HTTP/1.1 200 OK
Aug 16, 2016 1:39:40 PM okhttp3.mockwebserver.MockWebServer$3 acceptConnections
INFO: MockWebServer[59127] done accepting connections: Socket closed
Aug 16, 2016 1:39:40 PM okhttp3.mockwebserver.MockWebServer$3 execute
INFO: MockWebServer[47644] starting to accept connections
Aug 16, 2016 1:39:40 PM okhttp3.mockwebserver.MockWebServer$3 acceptConnections
INFO: MockWebServer[47644] done accepting connections: Socket closed
Aug 16, 2016 1:39:40 PM okhttp3.mockwebserver.MockWebServer$4 processOneRequest
INFO: MockWebServer[47644] received request: GET / HTTP/1.1 and responded: HTTP/1.1 200 OK
Aug 16, 2016 1:39:40 PM okhttp3.mockwebserver.MockWebServer$3 execute
INFO: MockWebServer[47325] starting to accept connections
Aug 16, 2016 1:39:40 PM okhttp3.mockwebserver.MockWebServer$4 processOneRequest
INFO: MockWebServer[47325] received request: GET / HTTP/1.1 and responded: HTTP/1.1 200 OK
Aug 16, 2016 1:39:40 PM okhttp3.mockwebserver.MockWebServer$3 acceptConnections
INFO: MockWebServer[47325] done accepting connections: Socket closed
Tests run: 34, Failures: 0, Errors: 0, Skipped: 0, Time elapsed: 1.473 sec
Running retrofit2.RequestBuilderTest
Tests run: 139, Failures: 0, Errors: 0, Skipped: 2, Time elapsed: 0.31 sec
Running retrofit2.ExecutorCallAdapterFactoryTest
Tests run: 7, Failures: 0, Errors: 0, Skipped: 0, Time elapsed: 0.08 sec
Running retrofit2.ServiceMethodTest
Tests run: 1, Failures: 0, Errors: 0, Skipped: 0, Time elapsed: 0.003 sec
Running retrofit2.RetrofitTest
Aug 16, 2016 1:39:40 PM okhttp3.mockwebserver.MockWebServer$3 execute
INFO: MockWebServer[57974] starting to accept connections
Aug 16, 2016 1:39:40 PM okhttp3.mockwebserver.MockWebServer$3 acceptConnections
INFO: MockWebServer[57974] done accepting connections: Socket is closed
Aug 16, 2016 1:39:40 PM okhttp3.mockwebserver.MockWebServer$3 execute
INFO: MockWebServer[40010] starting to accept connections
Aug 16, 2016 1:39:40 PM okhttp3.mockwebserver.MockWebServer$3 acceptConnections
INFO: MockWebServer[40010] done accepting connections: Socket is closed
Aug 16, 2016 1:39:40 PM okhttp3.mockwebserver.MockWebServer$3 execute
INFO: MockWebServer[34678] starting to accept connections
Aug 16, 2016 1:39:40 PM okhttp3.mockwebserver.MockWebServer$3 acceptConnections
INFO: MockWebServer[34678] done accepting connections: Socket is closed
Aug 16, 2016 1:39:40 PM okhttp3.mockwebserver.MockWebServer$3 execute
INFO: MockWebServer[35339] starting to accept connections
Aug 16, 2016 1:39:40 PM okhttp3.mockwebserver.MockWebServer$3 acceptConnections
INFO: MockWebServer[35339] done accepting connections: Socket is closed
Aug 16, 2016 1:39:40 PM okhttp3.mockwebserver.MockWebServer$3 execute
INFO: MockWebServer[60422] starting to accept connections
Aug 16, 2016 1:39:40 PM okhttp3.mockwebserver.MockWebServer$3 acceptConnections
INFO: MockWebServer[60422] done accepting connections: Socket closed
Aug 16, 2016 1:39:40 PM okhttp3.mockwebserver.MockWebServer$3 execute
INFO: MockWebServer[58898] starting to accept connections
Aug 16, 2016 1:39:40 PM okhttp3.mockwebserver.MockWebServer$4 processOneRequest
INFO: MockWebServer[58898] received request: GET / HTTP/1.1 and responded: HTTP/1.1 200 OK
Aug 16, 2016 1:39:40 PM okhttp3.mockwebserver.MockWebServer$3 acceptConnections
INFO: MockWebServer[58898] done accepting connections: Socket closed
Aug 16, 2016 1:39:40 PM okhttp3.mockwebserver.MockWebServer$3 execute
INFO: MockWebServer[55474] starting to accept connections
Aug 16, 2016 1:39:40 PM okhttp3.mockwebserver.MockWebServer$3 acceptConnections
INFO: MockWebServer[55474] done accepting connections: Socket closed
Aug 16, 2016 1:39:40 PM okhttp3.mockwebserver.MockWebServer$3 execute
INFO: MockWebServer[60104] starting to accept connections
Aug 16, 2016 1:39:40 PM okhttp3.mockwebserver.MockWebServer$3 acceptConnections
INFO: MockWebServer[60104] done accepting connections: Socket is closed
Aug 16, 2016 1:39:40 PM okhttp3.mockwebserver.MockWebServer$3 execute
INFO: MockWebServer[39612] starting to accept connections
Aug 16, 2016 1:39:40 PM okhttp3.mockwebserver.MockWebServer$3 acceptConnections
INFO: MockWebServer[39612] done accepting connections: Socket closed
Aug 16, 2016 1:39:40 PM okhttp3.mockwebserver.MockWebServer$3 execute
INFO: MockWebServer[56725] starting to accept connections
Aug 16, 2016 1:39:40 PM okhttp3.mockwebserver.MockWebServer$3 acceptConnections
INFO: MockWebServer[56725] done accepting connections: Socket closed
Aug 16, 2016 1:39:40 PM okhttp3.mockwebserver.MockWebServer$3 execute
INFO: MockWebServer[57479] starting to accept connections
Aug 16, 2016 1:39:40 PM okhttp3.mockwebserver.MockWebServer$3 acceptConnections
INFO: MockWebServer[57479] done accepting connections: Socket closed
Aug 16, 2016 1:39:40 PM okhttp3.mockwebserver.MockWebServer$3 execute
INFO: MockWebServer[41411] starting to accept connections
Aug 16, 2016 1:39:40 PM okhttp3.mockwebserver.MockWebServer$3 acceptConnections
INFO: MockWebServer[41411] done accepting connections: Socket is closed
Aug 16, 2016 1:39:40 PM okhttp3.mockwebserver.MockWebServer$3 execute
INFO: MockWebServer[36399] starting to accept connections
Aug 16, 2016 1:39:40 PM okhttp3.mockwebserver.MockWebServer$3 acceptConnections
INFO: MockWebServer[36399] done accepting connections: Socket is closed
Aug 16, 2016 1:39:40 PM okhttp3.mockwebserver.MockWebServer$3 execute
INFO: MockWebServer[41501] starting to accept connections
Aug 16, 2016 1:39:41 PM okhttp3.mockwebserver.MockWebServer$3 acceptConnections
INFO: MockWebServer[41501] done accepting connections: Socket closed
Aug 16, 2016 1:39:41 PM okhttp3.mockwebserver.MockWebServer$3 execute
INFO: MockWebServer[33130] starting to accept connections
Aug 16, 2016 1:39:41 PM okhttp3.mockwebserver.MockWebServer$3 acceptConnections
INFO: MockWebServer[33130] done accepting connections: Socket is closed
Aug 16, 2016 1:39:41 PM okhttp3.mockwebserver.MockWebServer$3 execute
INFO: MockWebServer[40175] starting to accept connections
Aug 16, 2016 1:39:41 PM okhttp3.mockwebserver.MockWebServer$3 acceptConnections
INFO: MockWebServer[40175] done accepting connections: Socket closed
Aug 16, 2016 1:39:41 PM okhttp3.mockwebserver.MockWebServer$3 execute
INFO: MockWebServer[40213] starting to accept connections
Aug 16, 2016 1:39:41 PM okhttp3.mockwebserver.MockWebServer$4 processOneRequest
INFO: MockWebServer[40213] received request: GET / HTTP/1.1 and responded: HTTP/1.1 200 OK
Aug 16, 2016 1:39:41 PM okhttp3.mockwebserver.MockWebServer$3 acceptConnections
INFO: MockWebServer[40213] done accepting connections: Socket closed
Aug 16, 2016 1:39:41 PM okhttp3.mockwebserver.MockWebServer$3 execute
INFO: MockWebServer[50861] starting to accept connections
Aug 16, 2016 1:39:41 PM okhttp3.mockwebserver.MockWebServer$3 acceptConnections
INFO: MockWebServer[50861] done accepting connections: Socket is closed
Aug 16, 2016 1:39:41 PM okhttp3.mockwebserver.MockWebServer$3 execute
INFO: MockWebServer[49807] starting to accept connections
Aug 16, 2016 1:39:41 PM okhttp3.mockwebserver.MockWebServer$3 acceptConnections
INFO: MockWebServer[49807] done accepting connections: Socket is closed
Aug 16, 2016 1:39:41 PM okhttp3.mockwebserver.MockWebServer$3 execute
INFO: MockWebServer[34388] starting to accept connections
Aug 16, 2016 1:39:41 PM okhttp3.mockwebserver.MockWebServer$4 processOneRequest
INFO: MockWebServer[34388] received request: GET / HTTP/1.1 and responded: HTTP/1.1 200 OK
Aug 16, 2016 1:39:41 PM okhttp3.mockwebserver.MockWebServer$3 acceptConnections
INFO: MockWebServer[34388] done accepting connections: Socket closed
Aug 16, 2016 1:39:41 PM okhttp3.mockwebserver.MockWebServer$3 execute
INFO: MockWebServer[54880] starting to accept connections
Aug 16, 2016 1:39:41 PM okhttp3.mockwebserver.MockWebServer$3 acceptConnections
INFO: MockWebServer[54880] done accepting connections: Socket closed
Aug 16, 2016 1:39:41 PM okhttp3.mockwebserver.MockWebServer$3 execute
INFO: MockWebServer[37800] starting to accept connections
Aug 16, 2016 1:39:41 PM okhttp3.mockwebserver.MockWebServer$3 acceptConnections
INFO: MockWebServer[37800] done accepting connections: Socket closed
Aug 16, 2016 1:39:41 PM okhttp3.mockwebserver.MockWebServer$4 processOneRequest
INFO: MockWebServer[37800] received request: POST / HTTP/1.1 and responded: HTTP/1.1 200 OK
Aug 16, 2016 1:39:41 PM okhttp3.mockwebserver.MockWebServer$3 execute
INFO: MockWebServer[45799] starting to accept connections
Aug 16, 2016 1:39:41 PM okhttp3.mockwebserver.MockWebServer$3 acceptConnections
INFO: MockWebServer[45799] done accepting connections: Socket closed
Aug 16, 2016 1:39:41 PM okhttp3.mockwebserver.MockWebServer$3 execute
INFO: MockWebServer[59903] starting to accept connections
Aug 16, 2016 1:39:41 PM okhttp3.mockwebserver.MockWebServer$3 acceptConnections
INFO: MockWebServer[59903] done accepting connections: Socket closed
Aug 16, 2016 1:39:41 PM okhttp3.mockwebserver.MockWebServer$3 execute
INFO: MockWebServer[39135] starting to accept connections
Aug 16, 2016 1:39:41 PM okhttp3.mockwebserver.MockWebServer$3 acceptConnections
INFO: MockWebServer[39135] done accepting connections: Socket closed
Aug 16, 2016 1:39:41 PM okhttp3.mockwebserver.MockWebServer$3 execute
INFO: MockWebServer[37912] starting to accept connections
Aug 16, 2016 1:39:41 PM okhttp3.mockwebserver.MockWebServer$3 acceptConnections
INFO: MockWebServer[37912] done accepting connections: Socket is closed
Aug 16, 2016 1:39:41 PM okhttp3.mockwebserver.MockWebServer$3 execute
INFO: MockWebServer[57456] starting to accept connections
Aug 16, 2016 1:39:41 PM okhttp3.mockwebserver.MockWebServer$3 acceptConnections
INFO: MockWebServer[57456] done accepting connections: Socket is closed
Aug 16, 2016 1:39:41 PM okhttp3.mockwebserver.MockWebServer$3 execute
INFO: MockWebServer[48915] starting to accept connections
Aug 16, 2016 1:39:41 PM okhttp3.mockwebserver.MockWebServer$3 acceptConnections
INFO: MockWebServer[48915] done accepting connections: Socket is closed
Aug 16, 2016 1:39:41 PM okhttp3.mockwebserver.MockWebServer$3 execute
INFO: MockWebServer[42673] starting to accept connections
Aug 16, 2016 1:39:41 PM okhttp3.mockwebserver.MockWebServer$3 acceptConnections
INFO: MockWebServer[42673] done accepting connections: Socket is closed
Aug 16, 2016 1:39:41 PM okhttp3.mockwebserver.MockWebServer$3 execute
INFO: MockWebServer[51850] starting to accept connections
Aug 16, 2016 1:39:41 PM okhttp3.mockwebserver.MockWebServer$4 processOneRequest
INFO: MockWebServer[51850] received request: GET / HTTP/1.1 and responded: HTTP/1.1 200 OK
Aug 16, 2016 1:39:41 PM okhttp3.mockwebserver.MockWebServer$3 acceptConnections
INFO: MockWebServer[51850] done accepting connections: Socket closed
Aug 16, 2016 1:39:41 PM okhttp3.mockwebserver.MockWebServer$3 execute
INFO: MockWebServer[54261] starting to accept connections
Aug 16, 2016 1:39:41 PM okhttp3.mockwebserver.MockWebServer$3 acceptConnections
INFO: MockWebServer[54261] done accepting connections: Socket is closed
Aug 16, 2016 1:39:41 PM okhttp3.mockwebserver.MockWebServer$3 execute
INFO: MockWebServer[55754] starting to accept connections
Aug 16, 2016 1:39:41 PM okhttp3.mockwebserver.MockWebServer$3 acceptConnections
INFO: MockWebServer[55754] done accepting connections: Socket is closed
Aug 16, 2016 1:39:41 PM okhttp3.mockwebserver.MockWebServer$3 execute
INFO: MockWebServer[39074] starting to accept connections
Aug 16, 2016 1:39:41 PM okhttp3.mockwebserver.MockWebServer$3 acceptConnections
INFO: MockWebServer[39074] done accepting connections: Socket is closed
Aug 16, 2016 1:39:41 PM okhttp3.mockwebserver.MockWebServer$3 execute
INFO: MockWebServer[35820] starting to accept connections
Aug 16, 2016 1:39:41 PM okhttp3.mockwebserver.MockWebServer$3 acceptConnections
INFO: MockWebServer[35820] done accepting connections: Socket is closed
Aug 16, 2016 1:39:41 PM okhttp3.mockwebserver.MockWebServer$3 execute
INFO: MockWebServer[52163] starting to accept connections
Aug 16, 2016 1:39:41 PM okhttp3.mockwebserver.MockWebServer$4 processOneRequest
INFO: MockWebServer[52163] received request: GET / HTTP/1.1 and responded: HTTP/1.1 200 OK
Aug 16, 2016 1:39:41 PM okhttp3.mockwebserver.MockWebServer$4 processOneRequest
INFO: MockWebServer[52163] received request: GET / HTTP/1.1 and responded: HTTP/1.1 200 OK
Aug 16, 2016 1:39:41 PM okhttp3.mockwebserver.MockWebServer$3 acceptConnections
INFO: MockWebServer[52163] done accepting connections: Socket closed
Aug 16, 2016 1:39:41 PM okhttp3.mockwebserver.MockWebServer$3 execute
INFO: MockWebServer[60013] starting to accept connections
Aug 16, 2016 1:39:41 PM okhttp3.mockwebserver.MockWebServer$3 acceptConnections
INFO: MockWebServer[60013] done accepting connections: Socket is closed
Aug 16, 2016 1:39:41 PM okhttp3.mockwebserver.MockWebServer$3 execute
INFO: MockWebServer[59654] starting to accept connections
Aug 16, 2016 1:39:41 PM okhttp3.mockwebserver.MockWebServer$3 acceptConnections
INFO: MockWebServer[59654] done accepting connections: Socket is closed
Aug 16, 2016 1:39:41 PM okhttp3.mockwebserver.MockWebServer$3 execute
INFO: MockWebServer[43174] starting to accept connections
Aug 16, 2016 1:39:41 PM okhttp3.mockwebserver.MockWebServer$3 acceptConnections
INFO: MockWebServer[43174] done accepting connections: Socket is closed
Aug 16, 2016 1:39:41 PM okhttp3.mockwebserver.MockWebServer$3 execute
INFO: MockWebServer[54148] starting to accept connections
Aug 16, 2016 1:39:41 PM okhttp3.mockwebserver.MockWebServer$3 acceptConnections
INFO: MockWebServer[54148] done accepting connections: Socket is closed
Aug 16, 2016 1:39:41 PM okhttp3.mockwebserver.MockWebServer$3 execute
INFO: MockWebServer[55861] starting to accept connections
Aug 16, 2016 1:39:41 PM okhttp3.mockwebserver.MockWebServer$3 acceptConnections
INFO: MockWebServer[55861] done accepting connections: Socket is closed
Aug 16, 2016 1:39:41 PM okhttp3.mockwebserver.MockWebServer$3 execute
INFO: MockWebServer[39360] starting to accept connections
Aug 16, 2016 1:39:41 PM okhttp3.mockwebserver.MockWebServer$3 acceptConnections
INFO: MockWebServer[39360] done accepting connections: Socket closed
Aug 16, 2016 1:39:41 PM okhttp3.mockwebserver.MockWebServer$3 execute
INFO: MockWebServer[34316] starting to accept connections
Aug 16, 2016 1:39:41 PM okhttp3.mockwebserver.MockWebServer$3 acceptConnections
INFO: MockWebServer[34316] done accepting connections: Socket is closed
Aug 16, 2016 1:39:41 PM okhttp3.mockwebserver.MockWebServer$3 execute
INFO: MockWebServer[53608] starting to accept connections
Aug 16, 2016 1:39:41 PM okhttp3.mockwebserver.MockWebServer$3 acceptConnections
INFO: MockWebServer[53608] done accepting connections: Socket closed
Aug 16, 2016 1:39:41 PM okhttp3.mockwebserver.MockWebServer$3 execute
INFO: MockWebServer[33696] starting to accept connections
Aug 16, 2016 1:39:41 PM okhttp3.mockwebserver.MockWebServer$3 acceptConnections
INFO: MockWebServer[33696] done accepting connections: Socket is closed
Aug 16, 2016 1:39:41 PM okhttp3.mockwebserver.MockWebServer$3 execute
INFO: MockWebServer[49886] starting to accept connections
Aug 16, 2016 1:39:41 PM okhttp3.mockwebserver.MockWebServer$3 acceptConnections
INFO: MockWebServer[49886] done accepting connections: Socket closed
Aug 16, 2016 1:39:41 PM okhttp3.mockwebserver.MockWebServer$3 execute
INFO: MockWebServer[41921] starting to accept connections
Aug 16, 2016 1:39:41 PM okhttp3.mockwebserver.MockWebServer$3 acceptConnections
INFO: MockWebServer[41921] done accepting connections: Socket is closed
Aug 16, 2016 1:39:41 PM okhttp3.mockwebserver.MockWebServer$3 execute
INFO: MockWebServer[41393] starting to accept connections
Aug 16, 2016 1:39:41 PM okhttp3.mockwebserver.MockWebServer$4 processOneRequest
INFO: MockWebServer[41393] received request: GET /?i=101 HTTP/1.1 and responded: HTTP/1.1 200 OK
Aug 16, 2016 1:39:41 PM okhttp3.mockwebserver.MockWebServer$4 processOneRequest
INFO: MockWebServer[41393] received request: GET /?i=201 HTTP/1.1 and responded: HTTP/1.1 200 OK
Aug 16, 2016 1:39:41 PM okhttp3.mockwebserver.MockWebServer$3 acceptConnections
INFO: MockWebServer[41393] done accepting connections: Socket closed
Aug 16, 2016 1:39:41 PM okhttp3.mockwebserver.MockWebServer$3 execute
INFO: MockWebServer[53036] starting to accept connections
Aug 16, 2016 1:39:41 PM okhttp3.mockwebserver.MockWebServer$3 acceptConnections
INFO: MockWebServer[53036] done accepting connections: Socket is closed
Aug 16, 2016 1:39:41 PM okhttp3.mockwebserver.MockWebServer$3 execute
INFO: MockWebServer[58469] starting to accept connections
Aug 16, 2016 1:39:41 PM okhttp3.mockwebserver.MockWebServer$3 acceptConnections
INFO: MockWebServer[58469] done accepting connections: Socket is closed
Aug 16, 2016 1:39:41 PM okhttp3.mockwebserver.MockWebServer$3 execute
INFO: MockWebServer[55097] starting to accept connections
Aug 16, 2016 1:39:41 PM okhttp3.mockwebserver.MockWebServer$3 acceptConnections
INFO: MockWebServer[55097] done accepting connections: Socket is closed
Aug 16, 2016 1:39:41 PM okhttp3.mockwebserver.MockWebServer$3 execute
INFO: MockWebServer[54683] starting to accept connections
Aug 16, 2016 1:39:41 PM okhttp3.mockwebserver.MockWebServer$3 acceptConnections
INFO: MockWebServer[54683] done accepting connections: Socket is closed
Aug 16, 2016 1:39:41 PM okhttp3.mockwebserver.MockWebServer$3 execute
INFO: MockWebServer[49175] starting to accept connections
Aug 16, 2016 1:39:41 PM okhttp3.mockwebserver.MockWebServer$3 acceptConnections
INFO: MockWebServer[49175] done accepting connections: Socket is closed
Aug 16, 2016 1:39:41 PM okhttp3.mockwebserver.MockWebServer$3 execute
INFO: MockWebServer[33822] starting to accept connections
Aug 16, 2016 1:39:41 PM okhttp3.mockwebserver.MockWebServer$3 acceptConnections
INFO: MockWebServer[33822] done accepting connections: Socket closed
Aug 16, 2016 1:39:41 PM okhttp3.mockwebserver.MockWebServer$3 execute
INFO: MockWebServer[34604] starting to accept connections
Aug 16, 2016 1:39:41 PM okhttp3.mockwebserver.MockWebServer$3 acceptConnections
INFO: MockWebServer[34604] done accepting connections: Socket is closed
Aug 16, 2016 1:39:41 PM okhttp3.mockwebserver.MockWebServer$3 execute
INFO: MockWebServer[35714] starting to accept connections
Aug 16, 2016 1:39:41 PM okhttp3.mockwebserver.MockWebServer$3 acceptConnections
INFO: MockWebServer[35714] done accepting connections: Socket is closed
Aug 16, 2016 1:39:41 PM okhttp3.mockwebserver.MockWebServer$3 execute
INFO: MockWebServer[50165] starting to accept connections
Aug 16, 2016 1:39:41 PM okhttp3.mockwebserver.MockWebServer$3 acceptConnections
INFO: MockWebServer[50165] done accepting connections: Socket closed
Aug 16, 2016 1:39:41 PM okhttp3.mockwebserver.MockWebServer$3 execute
INFO: MockWebServer[32920] starting to accept connections
Aug 16, 2016 1:39:41 PM okhttp3.mockwebserver.MockWebServer$3 acceptConnections
INFO: MockWebServer[32920] done accepting connections: Socket is closed
Aug 16, 2016 1:39:41 PM okhttp3.mockwebserver.MockWebServer$3 execute
INFO: MockWebServer[50789] starting to accept connections
Aug 16, 2016 1:39:41 PM okhttp3.mockwebserver.MockWebServer$3 acceptConnections
INFO: MockWebServer[50789] done accepting connections: Socket is closed
Aug 16, 2016 1:39:41 PM okhttp3.mockwebserver.MockWebServer$3 execute
INFO: MockWebServer[35614] starting to accept connections
Aug 16, 2016 1:39:41 PM okhttp3.mockwebserver.MockWebServer$3 acceptConnections
INFO: MockWebServer[35614] done accepting connections: Socket is closed
Aug 16, 2016 1:39:41 PM okhttp3.mockwebserver.MockWebServer$3 execute
INFO: MockWebServer[52990] starting to accept connections
Aug 16, 2016 1:39:41 PM okhttp3.mockwebserver.MockWebServer$3 acceptConnections
INFO: MockWebServer[52990] done accepting connections: Socket is closed
Aug 16, 2016 1:39:41 PM okhttp3.mockwebserver.MockWebServer$3 execute
INFO: MockWebServer[55318] starting to accept connections
Aug 16, 2016 1:39:41 PM okhttp3.mockwebserver.MockWebServer$3 acceptConnections
INFO: MockWebServer[55318] done accepting connections: Socket is closed
Aug 16, 2016 1:39:41 PM okhttp3.mockwebserver.MockWebServer$3 execute
INFO: MockWebServer[34127] starting to accept connections
Aug 16, 2016 1:39:41 PM okhttp3.mockwebserver.MockWebServer$3 acceptConnections
INFO: MockWebServer[34127] done accepting connections: Socket is closed
Aug 16, 2016 1:39:41 PM okhttp3.mockwebserver.MockWebServer$3 execute
INFO: MockWebServer[51056] starting to accept connections
Aug 16, 2016 1:39:41 PM okhttp3.mockwebserver.MockWebServer$3 acceptConnections
INFO: MockWebServer[51056] done accepting connections: Socket closed
Aug 16, 2016 1:39:41 PM okhttp3.mockwebserver.MockWebServer$3 execute
INFO: MockWebServer[57374] starting to accept connections
Aug 16, 2016 1:39:41 PM okhttp3.mockwebserver.MockWebServer$3 acceptConnections
INFO: MockWebServer[57374] done accepting connections: Socket closed
Tests run: 64, Failures: 0, Errors: 0, Skipped: 0, Time elapsed: 0.733 sec
Running retrofit2.RequestBuilderAndroidTest
WARNING: No manifest file found at ./AndroidManifest.xml.Falling back to the Android OS resources only.
To remove this warning, annotate your test class with @Config(manifest=Config.NONE).
WARNING: No manifest file found at ./AndroidManifest.xml.Falling back to the Android OS resources only.
To remove this warning, annotate your test class with @Config(manifest=Config.NONE).
Tests run: 2, Failures: 0, Errors: 0, Skipped: 0, Time elapsed: 10.174 sec
Running retrofit2.CallAdapterTest
Tests run: 4, Failures: 0, Errors: 0, Skipped: 0, Time elapsed: 0.016 sec
Running retrofit2.ResponseTest
Tests run: 14, Failures: 0, Errors: 0, Skipped: 0, Time elapsed: 0.064 sec

Results :

Tests run: 265, Failures: 0, Errors: 0, Skipped: 2

[INFO] 
[INFO] --- animal-sniffer-maven-plugin:1.14:check (default) @ retrofit ---
[INFO] Checking unresolved references to org.codehaus.mojo.signature:java16:1.1
[INFO]                                                                         
[INFO] ------------------------------------------------------------------------
[INFO] Building Adapters 2.1.1-SNAPSHOT
[INFO] ------------------------------------------------------------------------
[INFO] 
[INFO] --- maven-enforcer-plugin:1.0:enforce (enforce-maven) @ retrofit-adapters ---
[INFO] 
[INFO] --- animal-sniffer-maven-plugin:1.14:check (default) @ retrofit-adapters ---
[INFO] Checking unresolved references to org.codehaus.mojo.signature:java16:1.1
[INFO]                                                                         
[INFO] ------------------------------------------------------------------------
[INFO] Building Adapter: Guava 2.1.1-SNAPSHOT
[INFO] ------------------------------------------------------------------------
[INFO] 
[INFO] --- maven-enforcer-plugin:1.0:enforce (enforce-maven) @ adapter-guava ---
[INFO] 
[INFO] --- maven-resources-plugin:2.6:resources (default-resources) @ adapter-guava ---
[INFO] Using 'UTF-8' encoding to copy filtered resources.
[INFO] skip non existing resourceDirectory /home/travis/build/square/retrofit/retrofit-adapters/guava/src/main/resources
[INFO] 
[INFO] --- maven-compiler-plugin:3.0:compile (default-compile) @ adapter-guava ---
[INFO] Changes detected - recompiling the module!
[INFO] Compiling 2 source files to /home/travis/build/square/retrofit/retrofit-adapters/guava/target/classes
[INFO] 
[INFO] --- maven-resources-plugin:2.6:testResources (default-testResources) @ adapter-guava ---
[INFO] Using 'UTF-8' encoding to copy filtered resources.
[INFO] skip non existing resourceDirectory /home/travis/build/square/retrofit/retrofit-adapters/guava/src/test/resources
[INFO] 
[INFO] --- maven-compiler-plugin:3.0:testCompile (default-testCompile) @ adapter-guava ---
[INFO] Changes detected - recompiling the module!
[INFO] Compiling 3 source files to /home/travis/build/square/retrofit/retrofit-adapters/guava/target/test-classes
[INFO] 
[INFO] --- maven-surefire-plugin:2.12.4:test (default-test) @ adapter-guava ---
[INFO] Surefire report directory: /home/travis/build/square/retrofit/retrofit-adapters/guava/target/surefire-reports

-------------------------------------------------------
 T E S T S
-------------------------------------------------------
Running retrofit2.adapter.guava.ListenableFutureTest
Aug 16, 2016 1:39:55 PM okhttp3.mockwebserver.MockWebServer$3 execute
INFO: MockWebServer[52688] starting to accept connections
Aug 16, 2016 1:39:55 PM okhttp3.mockwebserver.MockWebServer$4 processOneRequest
INFO: MockWebServer[52688] received request: GET / HTTP/1.1 and responded: HTTP/1.1 200 OK
Aug 16, 2016 1:39:55 PM okhttp3.mockwebserver.MockWebServer$3 acceptConnections
INFO: MockWebServer[52688] done accepting connections: Socket closed
Aug 16, 2016 1:39:55 PM okhttp3.mockwebserver.MockWebServer$3 execute
INFO: MockWebServer[57876] starting to accept connections
Aug 16, 2016 1:39:55 PM okhttp3.mockwebserver.MockWebServer$4 processOneRequest
INFO: MockWebServer[57876] received request: GET / HTTP/1.1 and responded: HTTP/1.1 404 Client Error
Aug 16, 2016 1:39:55 PM okhttp3.mockwebserver.MockWebServer$3 acceptConnections
INFO: MockWebServer[57876] done accepting connections: Socket closed
Aug 16, 2016 1:39:55 PM okhttp3.mockwebserver.MockWebServer$3 execute
INFO: MockWebServer[47797] starting to accept connections
Aug 16, 2016 1:39:55 PM okhttp3.mockwebserver.MockWebServer$4 processConnection
WARNING: MockWebServer[47797] connection from /127.0.0.1 didn't make a request
Aug 16, 2016 1:39:55 PM okhttp3.mockwebserver.MockWebServer$3 acceptConnections
INFO: MockWebServer[47797] done accepting connections: Socket closed
Aug 16, 2016 1:39:55 PM okhttp3.mockwebserver.MockWebServer$3 execute
INFO: MockWebServer[42372] starting to accept connections
Aug 16, 2016 1:39:55 PM okhttp3.mockwebserver.MockWebServer$4 processOneRequest
INFO: MockWebServer[42372] received request: GET / HTTP/1.1 and responded: HTTP/1.1 200 OK
Aug 16, 2016 1:39:55 PM okhttp3.mockwebserver.MockWebServer$3 acceptConnections
INFO: MockWebServer[42372] done accepting connections: Socket closed
Aug 16, 2016 1:39:55 PM okhttp3.mockwebserver.MockWebServer$3 execute
INFO: MockWebServer[38087] starting to accept connections
Aug 16, 2016 1:39:55 PM okhttp3.mockwebserver.MockWebServer$4 processOneRequest
INFO: MockWebServer[38087] received request: GET / HTTP/1.1 and responded: HTTP/1.1 404 Client Error
Aug 16, 2016 1:39:55 PM okhttp3.mockwebserver.MockWebServer$3 acceptConnections
INFO: MockWebServer[38087] done accepting connections: Socket closed
Aug 16, 2016 1:39:55 PM okhttp3.mockwebserver.MockWebServer$3 execute
INFO: MockWebServer[46569] starting to accept connections
Aug 16, 2016 1:39:55 PM okhttp3.mockwebserver.MockWebServer$4 processConnection
WARNING: MockWebServer[46569] connection from /127.0.0.1 didn't make a request
Aug 16, 2016 1:39:55 PM okhttp3.mockwebserver.MockWebServer$3 acceptConnections
INFO: MockWebServer[46569] done accepting connections: Socket closed
Tests run: 6, Failures: 0, Errors: 0, Skipped: 0, Time elapsed: 0.768 sec
Running retrofit2.adapter.guava.GuavaCallAdapterFactoryTest
Aug 16, 2016 1:39:55 PM okhttp3.mockwebserver.MockWebServer$3 execute
INFO: MockWebServer[58829] starting to accept connections
Aug 16, 2016 1:39:55 PM okhttp3.mockwebserver.MockWebServer$3 acceptConnections
INFO: MockWebServer[58829] done accepting connections: Socket closed
Aug 16, 2016 1:39:55 PM okhttp3.mockwebserver.MockWebServer$3 execute
INFO: MockWebServer[50725] starting to accept connections
Aug 16, 2016 1:39:55 PM okhttp3.mockwebserver.MockWebServer$3 acceptConnections
INFO: MockWebServer[50725] done accepting connections: Socket is closed
Aug 16, 2016 1:39:55 PM okhttp3.mockwebserver.MockWebServer$3 execute
INFO: MockWebServer[43272] starting to accept connections
Aug 16, 2016 1:39:55 PM okhttp3.mockwebserver.MockWebServer$3 acceptConnections
INFO: MockWebServer[43272] done accepting connections: Socket is closed
Aug 16, 2016 1:39:55 PM okhttp3.mockwebserver.MockWebServer$3 execute
INFO: MockWebServer[37306] starting to accept connections
Aug 16, 2016 1:39:55 PM okhttp3.mockwebserver.MockWebServer$3 acceptConnections
INFO: MockWebServer[37306] done accepting connections: Socket closed
Tests run: 4, Failures: 0, Errors: 0, Skipped: 0, Time elapsed: 0.069 sec

Results :

Tests run: 10, Failures: 0, Errors: 0, Skipped: 0

[INFO] 
[INFO] --- animal-sniffer-maven-plugin:1.14:check (default) @ adapter-guava ---
[INFO] Checking unresolved references to org.codehaus.mojo.signature:java16:1.1
[INFO]                                                                         
[INFO] ------------------------------------------------------------------------
[INFO] Building Adapter: Java 8 2.1.1-SNAPSHOT
[INFO] ------------------------------------------------------------------------
[INFO] 
[INFO] --- maven-enforcer-plugin:1.0:enforce (enforce-maven) @ adapter-java8 ---
[INFO] 
[INFO] --- maven-resources-plugin:2.6:resources (default-resources) @ adapter-java8 ---
[INFO] Using 'UTF-8' encoding to copy filtered resources.
[INFO] skip non existing resourceDirectory /home/travis/build/square/retrofit/retrofit-adapters/java8/src/main/resources
[INFO] 
[INFO] --- maven-compiler-plugin:3.0:compile (default-compile) @ adapter-java8 ---
[INFO] Changes detected - recompiling the module!
[INFO] Compiling 2 source files to /home/travis/build/square/retrofit/retrofit-adapters/java8/target/classes
[INFO] 
[INFO] --- maven-resources-plugin:2.6:testResources (default-testResources) @ adapter-java8 ---
[INFO] Using 'UTF-8' encoding to copy filtered resources.
[INFO] skip non existing resourceDirectory /home/travis/build/square/retrofit/retrofit-adapters/java8/src/test/resources
[INFO] 
[INFO] --- maven-compiler-plugin:3.0:testCompile (default-testCompile) @ adapter-java8 ---
[INFO] Changes detected - recompiling the module!
[INFO] Compiling 3 source files to /home/travis/build/square/retrofit/retrofit-adapters/java8/target/test-classes
[INFO] 
[INFO] --- maven-surefire-plugin:2.12.4:test (default-test) @ adapter-java8 ---
[INFO] Surefire report directory: /home/travis/build/square/retrofit/retrofit-adapters/java8/target/surefire-reports

-------------------------------------------------------
 T E S T S
-------------------------------------------------------
Running retrofit2.adapter.java8.Java8CallAdapterFactoryTest
Aug 16, 2016 1:39:57 PM okhttp3.mockwebserver.MockWebServer$3 execute
INFO: MockWebServer[49226] starting to accept connections
Aug 16, 2016 1:39:57 PM okhttp3.mockwebserver.MockWebServer$3 acceptConnections
INFO: MockWebServer[49226] done accepting connections: Socket closed
Aug 16, 2016 1:39:57 PM okhttp3.mockwebserver.MockWebServer$3 execute
INFO: MockWebServer[57067] starting to accept connections
Aug 16, 2016 1:39:57 PM okhttp3.mockwebserver.MockWebServer$3 acceptConnections
INFO: MockWebServer[57067] done accepting connections: Socket is closed
Aug 16, 2016 1:39:57 PM okhttp3.mockwebserver.MockWebServer$3 execute
INFO: MockWebServer[34663] starting to accept connections
Aug 16, 2016 1:39:57 PM okhttp3.mockwebserver.MockWebServer$3 acceptConnections
INFO: MockWebServer[34663] done accepting connections: Socket closed
Aug 16, 2016 1:39:57 PM okhttp3.mockwebserver.MockWebServer$3 execute
INFO: MockWebServer[43229] starting to accept connections
Aug 16, 2016 1:39:57 PM okhttp3.mockwebserver.MockWebServer$3 acceptConnections
INFO: MockWebServer[43229] done accepting connections: Socket is closed
Tests run: 4, Failures: 0, Errors: 0, Skipped: 0, Time elapsed: 0.692 sec
Running retrofit2.adapter.java8.CompletableFutureTest
Aug 16, 2016 1:39:57 PM okhttp3.mockwebserver.MockWebServer$3 execute
INFO: MockWebServer[37383] starting to accept connections
Aug 16, 2016 1:39:57 PM okhttp3.mockwebserver.MockWebServer$4 processOneRequest
INFO: MockWebServer[37383] received request: GET / HTTP/1.1 and responded: HTTP/1.1 200 OK
Aug 16, 2016 1:39:57 PM okhttp3.mockwebserver.MockWebServer$3 acceptConnections
INFO: MockWebServer[37383] done accepting connections: Socket closed
Aug 16, 2016 1:39:57 PM okhttp3.mockwebserver.MockWebServer$3 execute
INFO: MockWebServer[55877] starting to accept connections
Aug 16, 2016 1:39:57 PM okhttp3.mockwebserver.MockWebServer$4 processOneRequest
INFO: MockWebServer[55877] received request: GET / HTTP/1.1 and responded: HTTP/1.1 404 Client Error
Aug 16, 2016 1:39:57 PM okhttp3.mockwebserver.MockWebServer$3 acceptConnections
INFO: MockWebServer[55877] done accepting connections: Socket closed
Aug 16, 2016 1:39:57 PM okhttp3.mockwebserver.MockWebServer$3 execute
INFO: MockWebServer[39106] starting to accept connections
Aug 16, 2016 1:39:57 PM okhttp3.mockwebserver.MockWebServer$4 processConnection
WARNING: MockWebServer[39106] connection from /127.0.0.1 didn't make a request
Aug 16, 2016 1:39:57 PM okhttp3.mockwebserver.MockWebServer$3 acceptConnections
INFO: MockWebServer[39106] done accepting connections: Socket closed
Aug 16, 2016 1:39:57 PM okhttp3.mockwebserver.MockWebServer$3 execute
INFO: MockWebServer[39952] starting to accept connections
Aug 16, 2016 1:39:57 PM okhttp3.mockwebserver.MockWebServer$4 processOneRequest
INFO: MockWebServer[39952] received request: GET / HTTP/1.1 and responded: HTTP/1.1 200 OK
Aug 16, 2016 1:39:57 PM okhttp3.mockwebserver.MockWebServer$3 acceptConnections
INFO: MockWebServer[39952] done accepting connections: Socket closed
Aug 16, 2016 1:39:57 PM okhttp3.mockwebserver.MockWebServer$3 execute
INFO: MockWebServer[57790] starting to accept connections
Aug 16, 2016 1:39:57 PM okhttp3.mockwebserver.MockWebServer$3 acceptConnections
INFO: MockWebServer[57790] done accepting connections: Socket closed
Aug 16, 2016 1:39:57 PM okhttp3.mockwebserver.MockWebServer$4 processOneRequest
INFO: MockWebServer[57790] received request: GET / HTTP/1.1 and responded: HTTP/1.1 404 Client Error
Aug 16, 2016 1:39:57 PM okhttp3.mockwebserver.MockWebServer$3 execute
INFO: MockWebServer[56997] starting to accept connections
Aug 16, 2016 1:39:57 PM okhttp3.mockwebserver.MockWebServer$4 processConnection
WARNING: MockWebServer[56997] connection from /127.0.0.1 didn't make a request
Aug 16, 2016 1:39:57 PM okhttp3.mockwebserver.MockWebServer$3 acceptConnections
INFO: MockWebServer[56997] done accepting connections: Socket closed
Tests run: 6, Failures: 0, Errors: 0, Skipped: 0, Time elapsed: 0.285 sec

Results :

Tests run: 10, Failures: 0, Errors: 0, Skipped: 0

[INFO] 
[INFO] --- animal-sniffer-maven-plugin:1.14:check (default) @ adapter-java8 ---
[INFO] Checking unresolved references to org.kaazing.mojo.signature:java18:1.0
[INFO]                                                                         
[INFO] ------------------------------------------------------------------------
[INFO] Building Adapter: RxJava 2.1.1-SNAPSHOT
[INFO] ------------------------------------------------------------------------
[INFO] 
[INFO] --- maven-enforcer-plugin:1.0:enforce (enforce-maven) @ adapter-rxjava ---
[INFO] 
[INFO] --- maven-resources-plugin:2.6:resources (default-resources) @ adapter-rxjava ---
[INFO] Using 'UTF-8' encoding to copy filtered resources.
[INFO] skip non existing resourceDirectory /home/travis/build/square/retrofit/retrofit-adapters/rxjava/src/main/resources
[INFO] 
[INFO] --- maven-compiler-plugin:3.0:compile (default-compile) @ adapter-rxjava ---
[INFO] Changes detected - recompiling the module!
[INFO] Compiling 6 source files to /home/travis/build/square/retrofit/retrofit-adapters/rxjava/target/classes
[INFO] 
[INFO] --- maven-resources-plugin:2.6:testResources (default-testResources) @ adapter-rxjava ---
[INFO] Using 'UTF-8' encoding to copy filtered resources.
[INFO] skip non existing resourceDirectory /home/travis/build/square/retrofit/retrofit-adapters/rxjava/src/test/resources
[INFO] 
[INFO] --- maven-compiler-plugin:3.0:testCompile (default-testCompile) @ adapter-rxjava ---
[INFO] Changes detected - recompiling the module!
[INFO] Compiling 10 source files to /home/travis/build/square/retrofit/retrofit-adapters/rxjava/target/test-classes
[INFO] 
[INFO] --- maven-surefire-plugin:2.12.4:test (default-test) @ adapter-rxjava ---
[INFO] Surefire report directory: /home/travis/build/square/retrofit/retrofit-adapters/rxjava/target/surefire-reports

-------------------------------------------------------
 T E S T S
-------------------------------------------------------
Running retrofit2.adapter.rxjava.ObservableTest
Aug 16, 2016 1:39:59 PM okhttp3.mockwebserver.MockWebServer$3 execute
INFO: MockWebServer[43987] starting to accept connections
Aug 16, 2016 1:39:59 PM okhttp3.mockwebserver.MockWebServer$4 processConnection
WARNING: MockWebServer[43987] connection from /127.0.0.1 didn't make a request
Aug 16, 2016 1:39:59 PM okhttp3.mockwebserver.MockWebServer$3 acceptConnections
INFO: MockWebServer[43987] done accepting connections: Socket closed
Aug 16, 2016 1:39:59 PM okhttp3.mockwebserver.MockWebServer$3 execute
INFO: MockWebServer[39403] starting to accept connections
Aug 16, 2016 1:39:59 PM okhttp3.mockwebserver.MockWebServer$3 acceptConnections
INFO: MockWebServer[39403] done accepting connections: Socket closed
Aug 16, 2016 1:39:59 PM okhttp3.mockwebserver.MockWebServer$4 processOneRequest
INFO: MockWebServer[39403] received request: GET / HTTP/1.1 and responded: HTTP/1.1 200 OK
Aug 16, 2016 1:39:59 PM okhttp3.mockwebserver.MockWebServer$3 execute
INFO: MockWebServer[32810] starting to accept connections
Aug 16, 2016 1:39:59 PM okhttp3.mockwebserver.MockWebServer$3 acceptConnections
INFO: MockWebServer[32810] done accepting connections: Socket closed
Aug 16, 2016 1:39:59 PM okhttp3.mockwebserver.MockWebServer$4 processOneRequest
INFO: MockWebServer[32810] received request: GET / HTTP/1.1 and responded: HTTP/1.1 404 Client Error
Aug 16, 2016 1:39:59 PM okhttp3.mockwebserver.MockWebServer$3 execute
INFO: MockWebServer[36835] starting to accept connections
Aug 16, 2016 1:39:59 PM okhttp3.mockwebserver.MockWebServer$3 acceptConnections
INFO: MockWebServer[36835] done accepting connections: Socket closed
Aug 16, 2016 1:39:59 PM okhttp3.mockwebserver.MockWebServer$4 processOneRequest
INFO: MockWebServer[36835] received request: GET / HTTP/1.1 and responded: HTTP/1.1 200 OK
Aug 16, 2016 1:39:59 PM okhttp3.mockwebserver.MockWebServer$3 execute
INFO: MockWebServer[33314] starting to accept connections
Aug 16, 2016 1:39:59 PM okhttp3.mockwebserver.MockWebServer$3 acceptConnections
INFO: MockWebServer[33314] done accepting connections: Socket closed
Aug 16, 2016 1:39:59 PM okhttp3.mockwebserver.MockWebServer$4 processOneRequest
INFO: MockWebServer[33314] received request: GET / HTTP/1.1 and responded: HTTP/1.1 200 OK
Aug 16, 2016 1:39:59 PM okhttp3.mockwebserver.MockWebServer$3 execute
INFO: MockWebServer[56075] starting to accept connections
Aug 16, 2016 1:39:59 PM okhttp3.mockwebserver.MockWebServer$3 acceptConnections
INFO: MockWebServer[56075] done accepting connections: Socket closed
Aug 16, 2016 1:39:59 PM okhttp3.mockwebserver.MockWebServer$4 processConnection
WARNING: MockWebServer[56075] connection from /127.0.0.1 didn't make a request
Aug 16, 2016 1:40:00 PM okhttp3.mockwebserver.MockWebServer$3 execute
INFO: MockWebServer[55296] starting to accept connections
Aug 16, 2016 1:40:00 PM okhttp3.mockwebserver.MockWebServer$3 acceptConnections
INFO: MockWebServer[55296] done accepting connections: Socket closed
Aug 16, 2016 1:40:00 PM okhttp3.mockwebserver.MockWebServer$4 processOneRequest
INFO: MockWebServer[55296] received request: GET / HTTP/1.1 and responded: HTTP/1.1 200 OK
Aug 16, 2016 1:40:00 PM okhttp3.mockwebserver.MockWebServer$3 execute
INFO: MockWebServer[56330] starting to accept connections
Aug 16, 2016 1:40:00 PM okhttp3.mockwebserver.MockWebServer$3 acceptConnections
INFO: MockWebServer[56330] done accepting connections: Socket closed
Aug 16, 2016 1:40:00 PM okhttp3.mockwebserver.MockWebServer$4 processOneRequest
INFO: MockWebServer[56330] received request: GET / HTTP/1.1 and responded: HTTP/1.1 404 Client Error
Aug 16, 2016 1:40:00 PM okhttp3.mockwebserver.MockWebServer$3 execute
INFO: MockWebServer[43086] starting to accept connections
Aug 16, 2016 1:40:00 PM okhttp3.mockwebserver.MockWebServer$3 acceptConnections
INFO: MockWebServer[43086] done accepting connections: Socket closed
Aug 16, 2016 1:40:00 PM okhttp3.mockwebserver.MockWebServer$4 processConnection
WARNING: MockWebServer[43086] connection from /127.0.0.1 didn't make a request
Aug 16, 2016 1:40:00 PM okhttp3.mockwebserver.MockWebServer$3 execute
INFO: MockWebServer[55269] starting to accept connections
Aug 16, 2016 1:40:00 PM okhttp3.mockwebserver.MockWebServer$3 acceptConnections
INFO: MockWebServer[55269] done accepting connections: Socket closed
Aug 16, 2016 1:40:00 PM okhttp3.mockwebserver.MockWebServer$4 processOneRequest
INFO: MockWebServer[55269] received request: GET / HTTP/1.1 and responded: HTTP/1.1 200 OK
Aug 16, 2016 1:40:00 PM okhttp3.mockwebserver.MockWebServer$3 execute
INFO: MockWebServer[37608] starting to accept connections
Aug 16, 2016 1:40:00 PM okhttp3.mockwebserver.MockWebServer$3 acceptConnections
INFO: MockWebServer[37608] done accepting connections: Socket closed
Aug 16, 2016 1:40:00 PM okhttp3.mockwebserver.MockWebServer$4 processOneRequest
INFO: MockWebServer[37608] received request: GET / HTTP/1.1 and responded: HTTP/1.1 200 OK
Aug 16, 2016 1:40:00 PM okhttp3.mockwebserver.MockWebServer$3 execute
INFO: MockWebServer[55151] starting to accept connections
Aug 16, 2016 1:40:00 PM okhttp3.mockwebserver.MockWebServer$3 acceptConnections
INFO: MockWebServer[55151] done accepting connections: Socket closed
Aug 16, 2016 1:40:00 PM okhttp3.mockwebserver.MockWebServer$4 processOneRequest
INFO: MockWebServer[55151] received request: GET / HTTP/1.1 and responded: HTTP/1.1 404 Client Error
Tests run: 12, Failures: 0, Errors: 0, Skipped: 0, Time elapsed: 0.809 sec
Running retrofit2.adapter.rxjava.CompletableWithSchedulerTest
Aug 16, 2016 1:40:00 PM okhttp3.mockwebserver.MockWebServer$3 execute
INFO: MockWebServer[34883] starting to accept connections
Aug 16, 2016 1:40:00 PM okhttp3.mockwebserver.MockWebServer$3 acceptConnections
INFO: MockWebServer[34883] done accepting connections: Socket closed
Aug 16, 2016 1:40:00 PM okhttp3.mockwebserver.MockWebServer$4 processOneRequest
INFO: MockWebServer[34883] received request: GET / HTTP/1.1 and responded: HTTP/1.1 200 OK
Tests run: 1, Failures: 0, Errors: 0, Skipped: 0, Time elapsed: 0.026 sec
Running retrofit2.adapter.rxjava.ObservableWithSchedulerTest
Aug 16, 2016 1:40:00 PM okhttp3.mockwebserver.MockWebServer$3 execute
INFO: MockWebServer[60283] starting to accept connections
Aug 16, 2016 1:40:00 PM okhttp3.mockwebserver.MockWebServer$4 processOneRequest
INFO: MockWebServer[60283] received request: GET / HTTP/1.1 and responded: HTTP/1.1 200 OK
Aug 16, 2016 1:40:00 PM okhttp3.mockwebserver.MockWebServer$3 acceptConnections
INFO: MockWebServer[60283] done accepting connections: Socket closed
Aug 16, 2016 1:40:00 PM okhttp3.mockwebserver.MockWebServer$3 execute
INFO: MockWebServer[58651] starting to accept connections
Aug 16, 2016 1:40:00 PM okhttp3.mockwebserver.MockWebServer$4 processOneRequest
INFO: MockWebServer[58651] received request: GET / HTTP/1.1 and responded: HTTP/1.1 200 OK
Aug 16, 2016 1:40:00 PM okhttp3.mockwebserver.MockWebServer$3 acceptConnections
INFO: MockWebServer[58651] done accepting connections: Socket closed
Aug 16, 2016 1:40:00 PM okhttp3.mockwebserver.MockWebServer$3 execute
INFO: MockWebServer[35220] starting to accept connections
Aug 16, 2016 1:40:00 PM okhttp3.mockwebserver.MockWebServer$3 acceptConnections
INFO: MockWebServer[35220] done accepting connections: Socket closed
Aug 16, 2016 1:40:00 PM okhttp3.mockwebserver.MockWebServer$4 processOneRequest
INFO: MockWebServer[35220] received request: GET / HTTP/1.1 and responded: HTTP/1.1 200 OK
Tests run: 3, Failures: 0, Errors: 0, Skipped: 0, Time elapsed: 0.058 sec
Running retrofit2.adapter.rxjava.RxJavaCallAdapterFactoryTest
Tests run: 6, Failures: 0, Errors: 0, Skipped: 0, Time elapsed: 0.068 sec
Running retrofit2.adapter.rxjava.SingleWithSchedulerTest
Aug 16, 2016 1:40:00 PM okhttp3.mockwebserver.MockWebServer$3 execute
INFO: MockWebServer[55604] starting to accept connections
Aug 16, 2016 1:40:00 PM okhttp3.mockwebserver.MockWebServer$3 acceptConnections
INFO: MockWebServer[55604] done accepting connections: Socket closed
Aug 16, 2016 1:40:00 PM okhttp3.mockwebserver.MockWebServer$4 processOneRequest
INFO: MockWebServer[55604] received request: GET / HTTP/1.1 and responded: HTTP/1.1 200 OK
Aug 16, 2016 1:40:00 PM okhttp3.mockwebserver.MockWebServer$3 execute
INFO: MockWebServer[49015] starting to accept connections
Aug 16, 2016 1:40:00 PM okhttp3.mockwebserver.MockWebServer$3 acceptConnections
INFO: MockWebServer[49015] done accepting connections: Socket closed
Aug 16, 2016 1:40:00 PM okhttp3.mockwebserver.MockWebServer$4 processOneRequest
INFO: MockWebServer[49015] received request: GET / HTTP/1.1 and responded: HTTP/1.1 200 OK
Aug 16, 2016 1:40:00 PM okhttp3.mockwebserver.MockWebServer$3 execute
INFO: MockWebServer[52102] starting to accept connections
Aug 16, 2016 1:40:00 PM okhttp3.mockwebserver.MockWebServer$4 processOneRequest
INFO: MockWebServer[52102] received request: GET / HTTP/1.1 and responded: HTTP/1.1 200 OK
Aug 16, 2016 1:40:00 PM okhttp3.mockwebserver.MockWebServer$3 acceptConnections
INFO: MockWebServer[52102] done accepting connections: Socket closed
Tests run: 3, Failures: 0, Errors: 0, Skipped: 0, Time elapsed: 0.067 sec
Running retrofit2.adapter.rxjava.CompletableTest
Aug 16, 2016 1:40:00 PM okhttp3.mockwebserver.MockWebServer$3 execute
INFO: MockWebServer[51873] starting to accept connections
Aug 16, 2016 1:40:00 PM okhttp3.mockwebserver.MockWebServer$3 acceptConnections
INFO: MockWebServer[51873] done accepting connections: Socket closed
Aug 16, 2016 1:40:00 PM okhttp3.mockwebserver.MockWebServer$4 processOneRequest
INFO: MockWebServer[51873] received request: GET / HTTP/1.1 and responded: HTTP/1.1 200 OK
Aug 16, 2016 1:40:00 PM okhttp3.mockwebserver.MockWebServer$3 execute
INFO: MockWebServer[41615] starting to accept connections
Aug 16, 2016 1:40:00 PM okhttp3.mockwebserver.MockWebServer$3 acceptConnections
INFO: MockWebServer[41615] done accepting connections: Socket closed
Aug 16, 2016 1:40:00 PM okhttp3.mockwebserver.MockWebServer$4 processOneRequest
INFO: MockWebServer[41615] received request: GET / HTTP/1.1 and responded: HTTP/1.1 404 Client Error
Aug 16, 2016 1:40:00 PM okhttp3.mockwebserver.MockWebServer$3 execute
INFO: MockWebServer[37768] starting to accept connections
Aug 16, 2016 1:40:00 PM okhttp3.mockwebserver.MockWebServer$4 processConnection
WARNING: MockWebServer[37768] connection from /127.0.0.1 didn't make a request
Aug 16, 2016 1:40:00 PM okhttp3.mockwebserver.MockWebServer$3 acceptConnections
INFO: MockWebServer[37768] done accepting connections: Socket closed
Tests run: 3, Failures: 0, Errors: 0, Skipped: 0, Time elapsed: 0.053 sec
Running retrofit2.adapter.rxjava.SingleTest
Aug 16, 2016 1:40:00 PM okhttp3.mockwebserver.MockWebServer$3 execute
INFO: MockWebServer[53285] starting to accept connections
Aug 16, 2016 1:40:00 PM okhttp3.mockwebserver.MockWebServer$4 processConnection
WARNING: MockWebServer[53285] connection from /127.0.0.1 didn't make a request
Aug 16, 2016 1:40:00 PM okhttp3.mockwebserver.MockWebServer$3 acceptConnections
INFO: MockWebServer[53285] done accepting connections: Socket closed
Aug 16, 2016 1:40:00 PM okhttp3.mockwebserver.MockWebServer$3 execute
INFO: MockWebServer[35568] starting to accept connections
Aug 16, 2016 1:40:00 PM okhttp3.mockwebserver.MockWebServer$3 acceptConnections
INFO: MockWebServer[35568] done accepting connections: Socket closed
Aug 16, 2016 1:40:00 PM okhttp3.mockwebserver.MockWebServer$4 processOneRequest
INFO: MockWebServer[35568] received request: GET / HTTP/1.1 and responded: HTTP/1.1 200 OK
Aug 16, 2016 1:40:00 PM okhttp3.mockwebserver.MockWebServer$3 execute
INFO: MockWebServer[56712] starting to accept connections
Aug 16, 2016 1:40:00 PM okhttp3.mockwebserver.MockWebServer$3 acceptConnections
INFO: MockWebServer[56712] done accepting connections: Socket closed
Aug 16, 2016 1:40:00 PM okhttp3.mockwebserver.MockWebServer$4 processOneRequest
INFO: MockWebServer[56712] received request: GET / HTTP/1.1 and responded: HTTP/1.1 404 Client Error
Aug 16, 2016 1:40:00 PM okhttp3.mockwebserver.MockWebServer$3 execute
INFO: MockWebServer[35307] starting to accept connections
Aug 16, 2016 1:40:00 PM okhttp3.mockwebserver.MockWebServer$3 acceptConnections
INFO: MockWebServer[35307] done accepting connections: Socket closed
Aug 16, 2016 1:40:00 PM okhttp3.mockwebserver.MockWebServer$4 processConnection
WARNING: MockWebServer[35307] connection from /127.0.0.1 didn't make a request
Aug 16, 2016 1:40:00 PM okhttp3.mockwebserver.MockWebServer$3 execute
INFO: MockWebServer[43810] starting to accept connections
Aug 16, 2016 1:40:00 PM okhttp3.mockwebserver.MockWebServer$3 acceptConnections
INFO: MockWebServer[43810] done accepting connections: Socket closed
Aug 16, 2016 1:40:00 PM okhttp3.mockwebserver.MockWebServer$4 processOneRequest
INFO: MockWebServer[43810] received request: GET / HTTP/1.1 and responded: HTTP/1.1 200 OK
Aug 16, 2016 1:40:00 PM okhttp3.mockwebserver.MockWebServer$3 execute
INFO: MockWebServer[50825] starting to accept connections
Aug 16, 2016 1:40:00 PM okhttp3.mockwebserver.MockWebServer$3 acceptConnections
INFO: MockWebServer[50825] done accepting connections: Socket closed
Aug 16, 2016 1:40:00 PM okhttp3.mockwebserver.MockWebServer$4 processOneRequest
INFO: MockWebServer[50825] received request: GET / HTTP/1.1 and responded: HTTP/1.1 404 Client Error
Aug 16, 2016 1:40:00 PM okhttp3.mockwebserver.MockWebServer$3 execute
INFO: MockWebServer[40769] starting to accept connections
Aug 16, 2016 1:40:00 PM okhttp3.mockwebserver.MockWebServer$3 acceptConnections
INFO: MockWebServer[40769] done accepting connections: Socket closed
Aug 16, 2016 1:40:00 PM okhttp3.mockwebserver.MockWebServer$4 processConnection
WARNING: MockWebServer[40769] connection from /127.0.0.1 didn't make a request
Aug 16, 2016 1:40:00 PM okhttp3.mockwebserver.MockWebServer$3 execute
INFO: MockWebServer[40635] starting to accept connections
Aug 16, 2016 1:40:00 PM okhttp3.mockwebserver.MockWebServer$3 acceptConnections
INFO: MockWebServer[40635] done accepting connections: Socket closed
Aug 16, 2016 1:40:00 PM okhttp3.mockwebserver.MockWebServer$4 processOneRequest
INFO: MockWebServer[40635] received request: GET / HTTP/1.1 and responded: HTTP/1.1 200 OK
Aug 16, 2016 1:40:00 PM okhttp3.mockwebserver.MockWebServer$3 execute
INFO: MockWebServer[40981] starting to accept connections
Aug 16, 2016 1:40:00 PM okhttp3.mockwebserver.MockWebServer$3 acceptConnections
INFO: MockWebServer[40981] done accepting connections: Socket closed
Aug 16, 2016 1:40:00 PM okhttp3.mockwebserver.MockWebServer$4 processOneRequest
INFO: MockWebServer[40981] received request: GET / HTTP/1.1 and responded: HTTP/1.1 404 Client Error
Tests run: 9, Failures: 0, Errors: 0, Skipped: 0, Time elapsed: 0.107 sec
Running retrofit2.adapter.rxjava.HttpExceptionTest
Tests run: 2, Failures: 0, Errors: 0, Skipped: 0, Time elapsed: 0 sec
Running retrofit2.adapter.rxjava.ResultTest
Tests run: 4, Failures: 0, Errors: 0, Skipped: 0, Time elapsed: 0 sec

Results :

Tests run: 43, Failures: 0, Errors: 0, Skipped: 0

[INFO] 
[INFO] --- animal-sniffer-maven-plugin:1.14:check (default) @ adapter-rxjava ---
[INFO] Checking unresolved references to org.codehaus.mojo.signature:java16:1.1
[INFO]                                                                         
[INFO] ------------------------------------------------------------------------
[INFO] Building Converters 2.1.1-SNAPSHOT
[INFO] ------------------------------------------------------------------------
[INFO] 
[INFO] --- maven-enforcer-plugin:1.0:enforce (enforce-maven) @ retrofit-converters ---
[INFO] 
[INFO] --- animal-sniffer-maven-plugin:1.14:check (default) @ retrofit-converters ---
[INFO] Checking unresolved references to org.codehaus.mojo.signature:java16:1.1
[INFO]                                                                         
[INFO] ------------------------------------------------------------------------
[INFO] Building Converter: Gson 2.1.1-SNAPSHOT
[INFO] ------------------------------------------------------------------------
[INFO] 
[INFO] --- maven-enforcer-plugin:1.0:enforce (enforce-maven) @ converter-gson ---
[INFO] 
[INFO] --- maven-resources-plugin:2.6:resources (default-resources) @ converter-gson ---
[INFO] Using 'UTF-8' encoding to copy filtered resources.
[INFO] skip non existing resourceDirectory /home/travis/build/square/retrofit/retrofit-converters/gson/src/main/resources
[INFO] 
[INFO] --- maven-compiler-plugin:3.0:compile (default-compile) @ converter-gson ---
[INFO] Changes detected - recompiling the module!
[INFO] Compiling 3 source files to /home/travis/build/square/retrofit/retrofit-converters/gson/target/classes
[INFO] 
[INFO] --- maven-resources-plugin:2.6:testResources (default-testResources) @ converter-gson ---
[INFO] Using 'UTF-8' encoding to copy filtered resources.
[INFO] skip non existing resourceDirectory /home/travis/build/square/retrofit/retrofit-converters/gson/src/test/resources
[INFO] 
[INFO] --- maven-compiler-plugin:3.0:testCompile (default-testCompile) @ converter-gson ---
[INFO] Changes detected - recompiling the module!
[INFO] Compiling 1 source file to /home/travis/build/square/retrofit/retrofit-converters/gson/target/test-classes
[INFO] 
[INFO] --- maven-surefire-plugin:2.12.4:test (default-test) @ converter-gson ---
[INFO] Surefire report directory: /home/travis/build/square/retrofit/retrofit-converters/gson/target/surefire-reports

-------------------------------------------------------
 T E S T S
-------------------------------------------------------
Running retrofit2.converter.gson.GsonConverterFactoryTest
Aug 16, 2016 1:40:02 PM okhttp3.mockwebserver.MockWebServer$3 execute
INFO: MockWebServer[46655] starting to accept connections
Aug 16, 2016 1:40:02 PM okhttp3.mockwebserver.MockWebServer$4 processOneRequest
INFO: MockWebServer[46655] received request: POST / HTTP/1.1 and responded: HTTP/1.1 200 OK
Aug 16, 2016 1:40:02 PM okhttp3.mockwebserver.MockWebServer$3 acceptConnections
INFO: MockWebServer[46655] done accepting connections: Socket closed
Aug 16, 2016 1:40:02 PM okhttp3.mockwebserver.MockWebServer$3 execute
INFO: MockWebServer[50773] starting to accept connections
Aug 16, 2016 1:40:02 PM okhttp3.mockwebserver.MockWebServer$3 acceptConnections
INFO: MockWebServer[50773] done accepting connections: Socket closed
Aug 16, 2016 1:40:02 PM okhttp3.mockwebserver.MockWebServer$4 processOneRequest
INFO: MockWebServer[50773] received request: POST / HTTP/1.1 and responded: HTTP/1.1 200 OK
Aug 16, 2016 1:40:02 PM okhttp3.mockwebserver.MockWebServer$3 execute
INFO: MockWebServer[52862] starting to accept connections
Aug 16, 2016 1:40:02 PM okhttp3.mockwebserver.MockWebServer$3 acceptConnections
INFO: MockWebServer[52862] done accepting connections: Socket closed
Aug 16, 2016 1:40:02 PM okhttp3.mockwebserver.MockWebServer$4 processOneRequest
INFO: MockWebServer[52862] received request: POST / HTTP/1.1 and responded: HTTP/1.1 200 OK
Aug 16, 2016 1:40:02 PM okhttp3.mockwebserver.MockWebServer$3 execute
INFO: MockWebServer[42095] starting to accept connections
Aug 16, 2016 1:40:02 PM okhttp3.mockwebserver.MockWebServer$4 processOneRequest
INFO: MockWebServer[42095] received request: POST / HTTP/1.1 and responded: HTTP/1.1 200 OK
Aug 16, 2016 1:40:02 PM okhttp3.mockwebserver.MockWebServer$3 acceptConnections
INFO: MockWebServer[42095] done accepting connections: Socket closed
Tests run: 4, Failures: 0, Errors: 0, Skipped: 0, Time elapsed: 0.804 sec

Results :

Tests run: 4, Failures: 0, Errors: 0, Skipped: 0

[INFO] 
[INFO] --- animal-sniffer-maven-plugin:1.14:check (default) @ converter-gson ---
[INFO] Checking unresolved references to org.codehaus.mojo.signature:java16:1.1
[INFO]                                                                         
[INFO] ------------------------------------------------------------------------
[INFO] Building Converter: Protocol Buffers 2.1.1-SNAPSHOT
[INFO] ------------------------------------------------------------------------
[INFO] 
[INFO] --- maven-enforcer-plugin:1.0:enforce (enforce-maven) @ converter-protobuf ---
[INFO] 
[INFO] --- maven-resources-plugin:2.6:resources (default-resources) @ converter-protobuf ---
[INFO] Using 'UTF-8' encoding to copy filtered resources.
[INFO] skip non existing resourceDirectory /home/travis/build/square/retrofit/retrofit-converters/protobuf/src/main/resources
[INFO] 
[INFO] --- maven-compiler-plugin:3.0:compile (default-compile) @ converter-protobuf ---
[INFO] Changes detected - recompiling the module!
[INFO] Compiling 3 source files to /home/travis/build/square/retrofit/retrofit-converters/protobuf/target/classes
[WARNING] /home/travis/build/square/retrofit/retrofit-converters/protobuf/src/main/java/retrofit2/converter/protobuf/ProtoConverterFactory.java: /home/travis/build/square/retrofit/retrofit-converters/protobuf/src/main/java/retrofit2/converter/protobuf/ProtoConverterFactory.java uses unchecked or unsafe operations.
[WARNING] /home/travis/build/square/retrofit/retrofit-converters/protobuf/src/main/java/retrofit2/converter/protobuf/ProtoConverterFactory.java: Recompile with -Xlint:unchecked for details.
[INFO] 
[INFO] --- maven-resources-plugin:2.6:testResources (default-testResources) @ converter-protobuf ---
[INFO] Using 'UTF-8' encoding to copy filtered resources.
[INFO] skip non existing resourceDirectory /home/travis/build/square/retrofit/retrofit-converters/protobuf/src/test/resources
[INFO] 
[INFO] --- maven-compiler-plugin:3.0:testCompile (default-testCompile) @ converter-protobuf ---
[INFO] Changes detected - recompiling the module!
[INFO] Compiling 3 source files to /home/travis/build/square/retrofit/retrofit-converters/protobuf/target/test-classes
[INFO] 
[INFO] --- maven-surefire-plugin:2.12.4:test (default-test) @ converter-protobuf ---
[INFO] Surefire report directory: /home/travis/build/square/retrofit/retrofit-converters/protobuf/target/surefire-reports

-------------------------------------------------------
 T E S T S
-------------------------------------------------------
Running retrofit2.converter.protobuf.ProtoConverterFactoryTest
Aug 16, 2016 1:40:03 PM okhttp3.mockwebserver.MockWebServer$3 execute
INFO: MockWebServer[53217] starting to accept connections
Aug 16, 2016 1:40:03 PM okhttp3.mockwebserver.MockWebServer$4 processOneRequest
INFO: MockWebServer[53217] received request: POST / HTTP/1.1 and responded: HTTP/1.1 200 OK
Aug 16, 2016 1:40:04 PM okhttp3.mockwebserver.MockWebServer$3 acceptConnections
INFO: MockWebServer[53217] done accepting connections: Socket closed
Aug 16, 2016 1:40:04 PM okhttp3.mockwebserver.MockWebServer$3 execute
INFO: MockWebServer[44061] starting to accept connections
Aug 16, 2016 1:40:04 PM okhttp3.mockwebserver.MockWebServer$3 acceptConnections
INFO: MockWebServer[44061] done accepting connections: Socket is closed
Aug 16, 2016 1:40:04 PM okhttp3.mockwebserver.MockWebServer$3 execute
INFO: MockWebServer[48519] starting to accept connections
Aug 16, 2016 1:40:04 PM okhttp3.mockwebserver.MockWebServer$4 processOneRequest
INFO: MockWebServer[48519] received request: GET / HTTP/1.1 and responded: HTTP/1.1 200 OK
Aug 16, 2016 1:40:04 PM okhttp3.mockwebserver.MockWebServer$3 acceptConnections
INFO: MockWebServer[48519] done accepting connections: Socket closed
Aug 16, 2016 1:40:04 PM okhttp3.mockwebserver.MockWebServer$3 execute
INFO: MockWebServer[59692] starting to accept connections
Aug 16, 2016 1:40:04 PM okhttp3.mockwebserver.MockWebServer$4 processOneRequest
INFO: MockWebServer[59692] received request: GET / HTTP/1.1 and responded: HTTP/1.1 200 OK
Aug 16, 2016 1:40:04 PM okhttp3.mockwebserver.MockWebServer$3 acceptConnections
INFO: MockWebServer[59692] done accepting connections: Socket closed
Aug 16, 2016 1:40:04 PM okhttp3.mockwebserver.MockWebServer$3 execute
INFO: MockWebServer[33853] starting to accept connections
Aug 16, 2016 1:40:04 PM okhttp3.mockwebserver.MockWebServer$3 acceptConnections
INFO: MockWebServer[33853] done accepting connections: Socket closed
Aug 16, 2016 1:40:04 PM okhttp3.mockwebserver.MockWebServer$3 execute
INFO: MockWebServer[43799] starting to accept connections
Aug 16, 2016 1:40:04 PM okhttp3.mockwebserver.MockWebServer$3 acceptConnections
INFO: MockWebServer[43799] done accepting connections: Socket closed
Aug 16, 2016 1:40:04 PM okhttp3.mockwebserver.MockWebServer$4 processOneRequest
INFO: MockWebServer[43799] received request: GET / HTTP/1.1 and responded: HTTP/1.1 200 OK
Tests run: 6, Failures: 0, Errors: 0, Skipped: 0, Time elapsed: 0.85 sec
Running retrofit2.converter.protobuf.FallbackParserFinderTest
Tests run: 1, Failures: 0, Errors: 0, Skipped: 0, Time elapsed: 0.002 sec

Results :

Tests run: 7, Failures: 0, Errors: 0, Skipped: 0

[INFO] 
[INFO] --- animal-sniffer-maven-plugin:1.14:check (default) @ converter-protobuf ---
[INFO] Checking unresolved references to org.codehaus.mojo.signature:java16:1.1
[INFO]                                                                         
[INFO] ------------------------------------------------------------------------
[INFO] Building Converter: Jackson 2.1.1-SNAPSHOT
[INFO] ------------------------------------------------------------------------
[INFO] 
[INFO] --- maven-enforcer-plugin:1.0:enforce (enforce-maven) @ converter-jackson ---
[INFO] 
[INFO] --- maven-resources-plugin:2.6:resources (default-resources) @ converter-jackson ---
[INFO] Using 'UTF-8' encoding to copy filtered resources.
[INFO] skip non existing resourceDirectory /home/travis/build/square/retrofit/retrofit-converters/jackson/src/main/resources
[INFO] 
[INFO] --- maven-compiler-plugin:3.0:compile (default-compile) @ converter-jackson ---
[INFO] Changes detected - recompiling the module!
[INFO] Compiling 3 source files to /home/travis/build/square/retrofit/retrofit-converters/jackson/target/classes
[WARNING] /home/travis/build/square/retrofit/retrofit-converters/jackson/src/main/java/retrofit2/converter/jackson/JacksonConverterFactory.java: /home/travis/build/square/retrofit/retrofit-converters/jackson/src/main/java/retrofit2/converter/jackson/JacksonConverterFactory.java uses or overrides a deprecated API.
[WARNING] /home/travis/build/square/retrofit/retrofit-converters/jackson/src/main/java/retrofit2/converter/jackson/JacksonConverterFactory.java: Recompile with -Xlint:deprecation for details.
[INFO] 
[INFO] --- maven-resources-plugin:2.6:testResources (default-testResources) @ converter-jackson ---
[INFO] Using 'UTF-8' encoding to copy filtered resources.
[INFO] skip non existing resourceDirectory /home/travis/build/square/retrofit/retrofit-converters/jackson/src/test/resources
[INFO] 
[INFO] --- maven-compiler-plugin:3.0:testCompile (default-testCompile) @ converter-jackson ---
[INFO] Changes detected - recompiling the module!
[INFO] Compiling 1 source file to /home/travis/build/square/retrofit/retrofit-converters/jackson/target/test-classes
[WARNING] /home/travis/build/square/retrofit/retrofit-converters/jackson/src/test/java/retrofit2/converter/jackson/JacksonConverterFactoryTest.java: /home/travis/build/square/retrofit/retrofit-converters/jackson/src/test/java/retrofit2/converter/jackson/JacksonConverterFactoryTest.java uses or overrides a deprecated API.
[WARNING] /home/travis/build/square/retrofit/retrofit-converters/jackson/src/test/java/retrofit2/converter/jackson/JacksonConverterFactoryTest.java: Recompile with -Xlint:deprecation for details.
[INFO] 
[INFO] --- maven-surefire-plugin:2.12.4:test (default-test) @ converter-jackson ---
[INFO] Surefire report directory: /home/travis/build/square/retrofit/retrofit-converters/jackson/target/surefire-reports

-------------------------------------------------------
 T E S T S
-------------------------------------------------------
Running retrofit2.converter.jackson.JacksonConverterFactoryTest
Aug 16, 2016 1:40:05 PM okhttp3.mockwebserver.MockWebServer$3 execute
INFO: MockWebServer[45824] starting to accept connections
Aug 16, 2016 1:40:05 PM okhttp3.mockwebserver.MockWebServer$4 processOneRequest
INFO: MockWebServer[45824] received request: POST / HTTP/1.1 and responded: HTTP/1.1 200 OK
Aug 16, 2016 1:40:05 PM okhttp3.mockwebserver.MockWebServer$3 acceptConnections
INFO: MockWebServer[45824] done accepting connections: Socket closed
Aug 16, 2016 1:40:05 PM okhttp3.mockwebserver.MockWebServer$3 execute
INFO: MockWebServer[39046] starting to accept connections
Aug 16, 2016 1:40:05 PM okhttp3.mockwebserver.MockWebServer$3 acceptConnections
INFO: MockWebServer[39046] done accepting connections: Socket closed
Aug 16, 2016 1:40:05 PM okhttp3.mockwebserver.MockWebServer$4 processOneRequest
INFO: MockWebServer[39046] received request: POST / HTTP/1.1 and responded: HTTP/1.1 200 OK
Tests run: 2, Failures: 0, Errors: 0, Skipped: 0, Time elapsed: 0.856 sec

Results :

Tests run: 2, Failures: 0, Errors: 0, Skipped: 0

[INFO] 
[INFO] --- animal-sniffer-maven-plugin:1.14:check (default) @ converter-jackson ---
[INFO] Checking unresolved references to org.codehaus.mojo.signature:java16:1.1
[INFO]                                                                         
[INFO] ------------------------------------------------------------------------
[INFO] Building Converter: Wire Protocol Buffers 2.1.1-SNAPSHOT
[INFO] ------------------------------------------------------------------------
[INFO] 
[INFO] --- maven-enforcer-plugin:1.0:enforce (enforce-maven) @ converter-wire ---
[INFO] 
[INFO] --- maven-resources-plugin:2.6:resources (default-resources) @ converter-wire ---
[INFO] Using 'UTF-8' encoding to copy filtered resources.
[INFO] skip non existing resourceDirectory /home/travis/build/square/retrofit/retrofit-converters/wire/src/main/resources
[INFO] 
[INFO] --- maven-compiler-plugin:3.0:compile (default-compile) @ converter-wire ---
[INFO] Changes detected - recompiling the module!
[INFO] Compiling 3 source files to /home/travis/build/square/retrofit/retrofit-converters/wire/target/classes
[WARNING] /home/travis/build/square/retrofit/retrofit-converters/wire/src/main/java/retrofit2/converter/wire/WireConverterFactory.java: /home/travis/build/square/retrofit/retrofit-converters/wire/src/main/java/retrofit2/converter/wire/WireConverterFactory.java uses unchecked or unsafe operations.
[WARNING] /home/travis/build/square/retrofit/retrofit-converters/wire/src/main/java/retrofit2/converter/wire/WireConverterFactory.java: Recompile with -Xlint:unchecked for details.
[INFO] 
[INFO] --- maven-resources-plugin:2.6:testResources (default-testResources) @ converter-wire ---
[INFO] Using 'UTF-8' encoding to copy filtered resources.
[INFO] skip non existing resourceDirectory /home/travis/build/square/retrofit/retrofit-converters/wire/src/test/resources
[INFO] 
[INFO] --- maven-compiler-plugin:3.0:testCompile (default-testCompile) @ converter-wire ---
[INFO] Changes detected - recompiling the module!
[INFO] Compiling 2 source files to /home/travis/build/square/retrofit/retrofit-converters/wire/target/test-classes
[INFO] 
[INFO] --- maven-surefire-plugin:2.12.4:test (default-test) @ converter-wire ---
[INFO] Surefire report directory: /home/travis/build/square/retrofit/retrofit-converters/wire/target/surefire-reports

-------------------------------------------------------
 T E S T S
-------------------------------------------------------
Running retrofit2.converter.wire.WireConverterFactoryTest
Aug 16, 2016 1:40:07 PM okhttp3.mockwebserver.MockWebServer$3 execute
INFO: MockWebServer[53785] starting to accept connections
Aug 16, 2016 1:40:08 PM okhttp3.mockwebserver.MockWebServer$4 processOneRequest
INFO: MockWebServer[53785] received request: POST / HTTP/1.1 and responded: HTTP/1.1 200 OK
Aug 16, 2016 1:40:08 PM okhttp3.mockwebserver.MockWebServer$3 acceptConnections
INFO: MockWebServer[53785] done accepting connections: Socket closed
Aug 16, 2016 1:40:08 PM okhttp3.mockwebserver.MockWebServer$3 execute
INFO: MockWebServer[50836] starting to accept connections
Aug 16, 2016 1:40:08 PM okhttp3.mockwebserver.MockWebServer$3 acceptConnections
INFO: MockWebServer[50836] done accepting connections: Socket is closed
Aug 16, 2016 1:40:08 PM okhttp3.mockwebserver.MockWebServer$3 execute
INFO: MockWebServer[44942] starting to accept connections
Aug 16, 2016 1:40:08 PM okhttp3.mockwebserver.MockWebServer$3 acceptConnections
INFO: MockWebServer[44942] done accepting connections: Socket closed
Aug 16, 2016 1:40:08 PM okhttp3.mockwebserver.MockWebServer$4 processOneRequest
INFO: MockWebServer[44942] received request: GET / HTTP/1.1 and responded: HTTP/1.1 200 OK
Aug 16, 2016 1:40:08 PM okhttp3.mockwebserver.MockWebServer$3 execute
INFO: MockWebServer[47994] starting to accept connections
Aug 16, 2016 1:40:08 PM okhttp3.mockwebserver.MockWebServer$3 acceptConnections
INFO: MockWebServer[47994] done accepting connections: Socket is closed
Aug 16, 2016 1:40:08 PM okhttp3.mockwebserver.MockWebServer$3 execute
INFO: MockWebServer[55789] starting to accept connections
Aug 16, 2016 1:40:08 PM okhttp3.mockwebserver.MockWebServer$3 acceptConnections
INFO: MockWebServer[55789] done accepting connections: Socket closed
Aug 16, 2016 1:40:08 PM okhttp3.mockwebserver.MockWebServer$4 processOneRequest
INFO: MockWebServer[55789] received request: GET / HTTP/1.1 and responded: HTTP/1.1 200 OK
Tests run: 5, Failures: 0, Errors: 0, Skipped: 0, Time elapsed: 1.229 sec

Results :

Tests run: 5, Failures: 0, Errors: 0, Skipped: 0

[INFO] 
[INFO] --- animal-sniffer-maven-plugin:1.14:check (default) @ converter-wire ---
[INFO] Checking unresolved references to org.codehaus.mojo.signature:java16:1.1
[INFO]                                                                         
[INFO] ------------------------------------------------------------------------
[INFO] Building Converter: SimpleXML 2.1.1-SNAPSHOT
[INFO] ------------------------------------------------------------------------
[INFO] 
[INFO] --- maven-enforcer-plugin:1.0:enforce (enforce-maven) @ converter-simplexml ---
[INFO] 
[INFO] --- maven-resources-plugin:2.6:resources (default-resources) @ converter-simplexml ---
[INFO] Using 'UTF-8' encoding to copy filtered resources.
[INFO] skip non existing resourceDirectory /home/travis/build/square/retrofit/retrofit-converters/simplexml/src/main/resources
[INFO] 
[INFO] --- maven-compiler-plugin:3.0:compile (default-compile) @ converter-simplexml ---
[INFO] Changes detected - recompiling the module!
[INFO] Compiling 3 source files to /home/travis/build/square/retrofit/retrofit-converters/simplexml/target/classes
[INFO] 
[INFO] --- maven-resources-plugin:2.6:testResources (default-testResources) @ converter-simplexml ---
[INFO] Using 'UTF-8' encoding to copy filtered resources.
[INFO] skip non existing resourceDirectory /home/travis/build/square/retrofit/retrofit-converters/simplexml/src/test/resources
[INFO] 
[INFO] --- maven-compiler-plugin:3.0:testCompile (default-testCompile) @ converter-simplexml ---
[INFO] Changes detected - recompiling the module!
[INFO] Compiling 2 source files to /home/travis/build/square/retrofit/retrofit-converters/simplexml/target/test-classes
[INFO] 
[INFO] --- maven-surefire-plugin:2.12.4:test (default-test) @ converter-simplexml ---
[INFO] Surefire report directory: /home/travis/build/square/retrofit/retrofit-converters/simplexml/target/surefire-reports

-------------------------------------------------------
 T E S T S
-------------------------------------------------------
Running retrofit2.converter.simplexml.SimpleXmlConverterFactoryTest
Aug 16, 2016 1:40:10 PM okhttp3.mockwebserver.MockWebServer$3 execute
INFO: MockWebServer[58052] starting to accept connections
Aug 16, 2016 1:40:11 PM okhttp3.mockwebserver.MockWebServer$4 processOneRequest
INFO: MockWebServer[58052] received request: GET / HTTP/1.1 and responded: HTTP/1.1 200 OK
Aug 16, 2016 1:40:11 PM okhttp3.mockwebserver.MockWebServer$3 acceptConnections
INFO: MockWebServer[58052] done accepting connections: Socket closed
Aug 16, 2016 1:40:11 PM okhttp3.mockwebserver.MockWebServer$3 execute
INFO: MockWebServer[55128] starting to accept connections
Aug 16, 2016 1:40:11 PM okhttp3.mockwebserver.MockWebServer$4 processOneRequest
INFO: MockWebServer[55128] received request: GET / HTTP/1.1 and responded: HTTP/1.1 200 OK
Aug 16, 2016 1:40:11 PM okhttp3.mockwebserver.MockWebServer$3 acceptConnections
INFO: MockWebServer[55128] done accepting connections: Socket closed
Aug 16, 2016 1:40:11 PM okhttp3.mockwebserver.MockWebServer$3 execute
INFO: MockWebServer[35717] starting to accept connections
Aug 16, 2016 1:40:11 PM okhttp3.mockwebserver.MockWebServer$4 processOneRequest
INFO: MockWebServer[35717] received request: GET / HTTP/1.1 and responded: HTTP/1.1 200 OK
Aug 16, 2016 1:40:11 PM okhttp3.mockwebserver.MockWebServer$3 acceptConnections
INFO: MockWebServer[35717] done accepting connections: Socket closed
Aug 16, 2016 1:40:11 PM okhttp3.mockwebserver.MockWebServer$3 execute
INFO: MockWebServer[37175] starting to accept connections
Aug 16, 2016 1:40:11 PM okhttp3.mockwebserver.MockWebServer$3 acceptConnections
INFO: MockWebServer[37175] done accepting connections: Socket closed
Aug 16, 2016 1:40:11 PM okhttp3.mockwebserver.MockWebServer$4 processOneRequest
INFO: MockWebServer[37175] received request: POST / HTTP/1.1 and responded: HTTP/1.1 200 OK
Tests run: 4, Failures: 0, Errors: 0, Skipped: 0, Time elapsed: 1.767 sec

Results :

Tests run: 4, Failures: 0, Errors: 0, Skipped: 0

[INFO] 
[INFO] --- animal-sniffer-maven-plugin:1.14:check (default) @ converter-simplexml ---
[INFO] Checking unresolved references to org.codehaus.mojo.signature:java16:1.1
[INFO]                                                                         
[INFO] ------------------------------------------------------------------------
[INFO] Building Converter: Java Scalars 2.1.1-SNAPSHOT
[INFO] ------------------------------------------------------------------------
[INFO] 
[INFO] --- maven-enforcer-plugin:1.0:enforce (enforce-maven) @ converter-scalars ---
[INFO] 
[INFO] --- maven-resources-plugin:2.6:resources (default-resources) @ converter-scalars ---
[INFO] Using 'UTF-8' encoding to copy filtered resources.
[INFO] skip non existing resourceDirectory /home/travis/build/square/retrofit/retrofit-converters/scalars/src/main/resources
[INFO] 
[INFO] --- maven-compiler-plugin:3.0:compile (default-compile) @ converter-scalars ---
[INFO] Changes detected - recompiling the module!
[INFO] Compiling 3 source files to /home/travis/build/square/retrofit/retrofit-converters/scalars/target/classes
[INFO] 
[INFO] --- maven-resources-plugin:2.6:testResources (default-testResources) @ converter-scalars ---
[INFO] Using 'UTF-8' encoding to copy filtered resources.
[INFO] skip non existing resourceDirectory /home/travis/build/square/retrofit/retrofit-converters/scalars/src/test/resources
[INFO] 
[INFO] --- maven-compiler-plugin:3.0:testCompile (default-testCompile) @ converter-scalars ---
[INFO] Changes detected - recompiling the module!
[INFO] Compiling 2 source files to /home/travis/build/square/retrofit/retrofit-converters/scalars/target/test-classes
[INFO] 
[INFO] --- maven-surefire-plugin:2.12.4:test (default-test) @ converter-scalars ---
[INFO] Surefire report directory: /home/travis/build/square/retrofit/retrofit-converters/scalars/target/surefire-reports

-------------------------------------------------------
 T E S T S
-------------------------------------------------------
Running retrofit2.converter.scalars.ScalarsConverterFactoryTest
Aug 16, 2016 1:40:14 PM okhttp3.mockwebserver.MockWebServer$3 execute
INFO: MockWebServer[32923] starting to accept connections
Aug 16, 2016 1:40:14 PM okhttp3.mockwebserver.MockWebServer$3 acceptConnections
INFO: MockWebServer[32923] done accepting connections: Socket closed
Aug 16, 2016 1:40:14 PM okhttp3.mockwebserver.MockWebServer$3 execute
INFO: MockWebServer[58230] starting to accept connections
Aug 16, 2016 1:40:14 PM okhttp3.mockwebserver.MockWebServer$4 processOneRequest
INFO: MockWebServer[58230] received request: GET / HTTP/1.1 and responded: HTTP/1.1 200 OK
Aug 16, 2016 1:40:14 PM okhttp3.mockwebserver.MockWebServer$4 processOneRequest
INFO: MockWebServer[58230] received request: GET / HTTP/1.1 and responded: HTTP/1.1 200 OK
Aug 16, 2016 1:40:14 PM okhttp3.mockwebserver.MockWebServer$4 processOneRequest
INFO: MockWebServer[58230] received request: GET / HTTP/1.1 and responded: HTTP/1.1 200 OK
Aug 16, 2016 1:40:14 PM okhttp3.mockwebserver.MockWebServer$4 processOneRequest
INFO: MockWebServer[58230] received request: GET / HTTP/1.1 and responded: HTTP/1.1 200 OK
Aug 16, 2016 1:40:14 PM okhttp3.mockwebserver.MockWebServer$4 processOneRequest
INFO: MockWebServer[58230] received request: GET / HTTP/1.1 and responded: HTTP/1.1 200 OK
Aug 16, 2016 1:40:14 PM okhttp3.mockwebserver.MockWebServer$4 processOneRequest
INFO: MockWebServer[58230] received request: GET / HTTP/1.1 and responded: HTTP/1.1 200 OK
Aug 16, 2016 1:40:14 PM okhttp3.mockwebserver.MockWebServer$4 processOneRequest
INFO: MockWebServer[58230] received request: GET / HTTP/1.1 and responded: HTTP/1.1 200 OK
Aug 16, 2016 1:40:14 PM okhttp3.mockwebserver.MockWebServer$4 processOneRequest
INFO: MockWebServer[58230] received request: GET / HTTP/1.1 and responded: HTTP/1.1 200 OK
Aug 16, 2016 1:40:14 PM okhttp3.mockwebserver.MockWebServer$4 processOneRequest
INFO: MockWebServer[58230] received request: GET / HTTP/1.1 and responded: HTTP/1.1 200 OK
Aug 16, 2016 1:40:14 PM okhttp3.mockwebserver.MockWebServer$4 processOneRequest
INFO: MockWebServer[58230] received request: GET / HTTP/1.1 and responded: HTTP/1.1 200 OK
Aug 16, 2016 1:40:14 PM okhttp3.mockwebserver.MockWebServer$4 processOneRequest
INFO: MockWebServer[58230] received request: GET / HTTP/1.1 and responded: HTTP/1.1 200 OK
Aug 16, 2016 1:40:14 PM okhttp3.mockwebserver.MockWebServer$3 acceptConnections
INFO: MockWebServer[58230] done accepting connections: Socket closed
Aug 16, 2016 1:40:14 PM okhttp3.mockwebserver.MockWebServer$3 execute
INFO: MockWebServer[36046] starting to accept connections
Aug 16, 2016 1:40:14 PM okhttp3.mockwebserver.MockWebServer$4 processOneRequest
INFO: MockWebServer[36046] received request: POST / HTTP/1.1 and responded: HTTP/1.1 200 OK
Aug 16, 2016 1:40:14 PM okhttp3.mockwebserver.MockWebServer$4 processOneRequest
INFO: MockWebServer[36046] received request: POST / HTTP/1.1 and responded: HTTP/1.1 200 OK
Aug 16, 2016 1:40:14 PM okhttp3.mockwebserver.MockWebServer$4 processOneRequest
INFO: MockWebServer[36046] received request: POST / HTTP/1.1 and responded: HTTP/1.1 200 OK
Aug 16, 2016 1:40:14 PM okhttp3.mockwebserver.MockWebServer$4 processOneRequest
INFO: MockWebServer[36046] received request: POST / HTTP/1.1 and responded: HTTP/1.1 200 OK
Aug 16, 2016 1:40:14 PM okhttp3.mockwebserver.MockWebServer$4 processOneRequest
INFO: MockWebServer[36046] received request: POST / HTTP/1.1 and responded: HTTP/1.1 200 OK
Aug 16, 2016 1:40:14 PM okhttp3.mockwebserver.MockWebServer$4 processOneRequest
INFO: MockWebServer[36046] received request: POST / HTTP/1.1 and responded: HTTP/1.1 200 OK
Aug 16, 2016 1:40:14 PM okhttp3.mockwebserver.MockWebServer$4 processOneRequest
INFO: MockWebServer[36046] received request: POST / HTTP/1.1 and responded: HTTP/1.1 200 OK
Aug 16, 2016 1:40:14 PM okhttp3.mockwebserver.MockWebServer$4 processOneRequest
INFO: MockWebServer[36046] received request: POST / HTTP/1.1 and responded: HTTP/1.1 200 OK
Aug 16, 2016 1:40:14 PM okhttp3.mockwebserver.MockWebServer$4 processOneRequest
INFO: MockWebServer[36046] received request: POST / HTTP/1.1 and responded: HTTP/1.1 200 OK
Aug 16, 2016 1:40:14 PM okhttp3.mockwebserver.MockWebServer$4 processOneRequest
INFO: MockWebServer[36046] received request: POST / HTTP/1.1 and responded: HTTP/1.1 200 OK
Aug 16, 2016 1:40:14 PM okhttp3.mockwebserver.MockWebServer$4 processOneRequest
INFO: MockWebServer[36046] received request: POST / HTTP/1.1 and responded: HTTP/1.1 200 OK
Aug 16, 2016 1:40:14 PM okhttp3.mockwebserver.MockWebServer$4 processOneRequest
INFO: MockWebServer[36046] received request: POST / HTTP/1.1 and responded: HTTP/1.1 200 OK
Aug 16, 2016 1:40:14 PM okhttp3.mockwebserver.MockWebServer$4 processOneRequest
INFO: MockWebServer[36046] received request: POST / HTTP/1.1 and responded: HTTP/1.1 200 OK
Aug 16, 2016 1:40:14 PM okhttp3.mockwebserver.MockWebServer$4 processOneRequest
INFO: MockWebServer[36046] received request: POST / HTTP/1.1 and responded: HTTP/1.1 200 OK
Aug 16, 2016 1:40:14 PM okhttp3.mockwebserver.MockWebServer$4 processOneRequest
INFO: MockWebServer[36046] received request: POST / HTTP/1.1 and responded: HTTP/1.1 200 OK
Aug 16, 2016 1:40:14 PM okhttp3.mockwebserver.MockWebServer$4 processOneRequest
INFO: MockWebServer[36046] received request: POST / HTTP/1.1 and responded: HTTP/1.1 200 OK
Aug 16, 2016 1:40:14 PM okhttp3.mockwebserver.MockWebServer$4 processOneRequest
INFO: MockWebServer[36046] received request: POST / HTTP/1.1 and responded: HTTP/1.1 200 OK
Aug 16, 2016 1:40:14 PM okhttp3.mockwebserver.MockWebServer$3 acceptConnections
INFO: MockWebServer[36046] done accepting connections: Socket closed
Aug 16, 2016 1:40:14 PM okhttp3.mockwebserver.MockWebServer$3 execute
INFO: MockWebServer[57280] starting to accept connections
Aug 16, 2016 1:40:14 PM okhttp3.mockwebserver.MockWebServer$3 acceptConnections
INFO: MockWebServer[57280] done accepting connections: Socket is closed
Tests run: 4, Failures: 0, Errors: 0, Skipped: 0, Time elapsed: 1.616 sec
Running retrofit2.converter.scalars.ScalarsConverterPrimitivesFactoryTest
Aug 16, 2016 1:40:14 PM okhttp3.mockwebserver.MockWebServer$3 execute
INFO: MockWebServer[37864] starting to accept connections
Aug 16, 2016 1:40:14 PM okhttp3.mockwebserver.MockWebServer$4 processOneRequest
INFO: MockWebServer[37864] received request: GET / HTTP/1.1 and responded: HTTP/1.1 200 OK
Aug 16, 2016 1:40:14 PM okhttp3.mockwebserver.MockWebServer$4 processOneRequest
INFO: MockWebServer[37864] received request: GET / HTTP/1.1 and responded: HTTP/1.1 200 OK
Aug 16, 2016 1:40:14 PM okhttp3.mockwebserver.MockWebServer$4 processOneRequest
INFO: MockWebServer[37864] received request: GET / HTTP/1.1 and responded: HTTP/1.1 200 OK
Aug 16, 2016 1:40:14 PM okhttp3.mockwebserver.MockWebServer$4 processOneRequest
INFO: MockWebServer[37864] received request: GET / HTTP/1.1 and responded: HTTP/1.1 200 OK
Aug 16, 2016 1:40:14 PM okhttp3.mockwebserver.MockWebServer$4 processOneRequest
INFO: MockWebServer[37864] received request: GET / HTTP/1.1 and responded: HTTP/1.1 200 OK
Aug 16, 2016 1:40:15 PM okhttp3.mockwebserver.MockWebServer$4 processOneRequest
INFO: MockWebServer[37864] received request: GET / HTTP/1.1 and responded: HTTP/1.1 200 OK
Aug 16, 2016 1:40:15 PM okhttp3.mockwebserver.MockWebServer$4 processOneRequest
INFO: MockWebServer[37864] received request: GET / HTTP/1.1 and responded: HTTP/1.1 200 OK
Aug 16, 2016 1:40:15 PM okhttp3.mockwebserver.MockWebServer$4 processOneRequest
INFO: MockWebServer[37864] received request: GET / HTTP/1.1 and responded: HTTP/1.1 200 OK
Aug 16, 2016 1:40:15 PM okhttp3.mockwebserver.MockWebServer$4 processOneRequest
INFO: MockWebServer[37864] received request: GET / HTTP/1.1 and responded: HTTP/1.1 200 OK
Aug 16, 2016 1:40:15 PM okhttp3.mockwebserver.MockWebServer$4 processOneRequest
INFO: MockWebServer[37864] received request: GET / HTTP/1.1 and responded: HTTP/1.1 200 OK
Aug 16, 2016 1:40:15 PM okhttp3.mockwebserver.MockWebServer$3 acceptConnections
INFO: MockWebServer[37864] done accepting connections: Socket closed
Tests run: 1, Failures: 0, Errors: 0, Skipped: 0, Time elapsed: 0.395 sec

Results :

Tests run: 5, Failures: 0, Errors: 0, Skipped: 0

[INFO] 
[INFO] --- animal-sniffer-maven-plugin:1.14:check (default) @ converter-scalars ---
[INFO] Checking unresolved references to org.codehaus.mojo.signature:java16:1.1
[INFO]                                                                         
[INFO] ------------------------------------------------------------------------
[INFO] Building Converter: Moshi 2.1.1-SNAPSHOT
[INFO] ------------------------------------------------------------------------
[INFO] 
[INFO] --- maven-enforcer-plugin:1.0:enforce (enforce-maven) @ converter-moshi ---
[INFO] 
[INFO] --- maven-resources-plugin:2.6:resources (default-resources) @ converter-moshi ---
[INFO] Using 'UTF-8' encoding to copy filtered resources.
[INFO] skip non existing resourceDirectory /home/travis/build/square/retrofit/retrofit-converters/moshi/src/main/resources
[INFO] 
[INFO] --- maven-compiler-plugin:3.0:compile (default-compile) @ converter-moshi ---
[INFO] Changes detected - recompiling the module!
[INFO] Compiling 3 source files to /home/travis/build/square/retrofit/retrofit-converters/moshi/target/classes
[INFO] 
[INFO] --- maven-resources-plugin:2.6:testResources (default-testResources) @ converter-moshi ---
[INFO] Using 'UTF-8' encoding to copy filtered resources.
[INFO] skip non existing resourceDirectory /home/travis/build/square/retrofit/retrofit-converters/moshi/src/test/resources
[INFO] 
[INFO] --- maven-compiler-plugin:3.0:testCompile (default-testCompile) @ converter-moshi ---
[INFO] Changes detected - recompiling the module!
[INFO] Compiling 1 source file to /home/travis/build/square/retrofit/retrofit-converters/moshi/target/test-classes
[INFO] 
[INFO] --- maven-surefire-plugin:2.12.4:test (default-test) @ converter-moshi ---
[INFO] Surefire report directory: /home/travis/build/square/retrofit/retrofit-converters/moshi/target/surefire-reports

-------------------------------------------------------
 T E S T S
-------------------------------------------------------
Running retrofit2.converter.moshi.MoshiConverterFactoryTest
Aug 16, 2016 1:40:16 PM okhttp3.mockwebserver.MockWebServer$3 execute
INFO: MockWebServer[60428] starting to accept connections
Aug 16, 2016 1:40:17 PM okhttp3.mockwebserver.MockWebServer$4 processOneRequest
INFO: MockWebServer[60428] received request: POST / HTTP/1.1 and responded: HTTP/1.1 200 OK
Aug 16, 2016 1:40:17 PM okhttp3.mockwebserver.MockWebServer$3 acceptConnections
INFO: MockWebServer[60428] done accepting connections: Socket closed
Aug 16, 2016 1:40:17 PM okhttp3.mockwebserver.MockWebServer$3 execute
INFO: MockWebServer[42511] starting to accept connections
Aug 16, 2016 1:40:17 PM okhttp3.mockwebserver.MockWebServer$3 acceptConnections
INFO: MockWebServer[42511] done accepting connections: Socket closed
Aug 16, 2016 1:40:17 PM okhttp3.mockwebserver.MockWebServer$4 processOneRequest
INFO: MockWebServer[42511] received request: POST / HTTP/1.1 and responded: HTTP/1.1 200 OK
Aug 16, 2016 1:40:17 PM okhttp3.mockwebserver.MockWebServer$3 execute
INFO: MockWebServer[58053] starting to accept connections
Aug 16, 2016 1:40:17 PM okhttp3.mockwebserver.MockWebServer$3 acceptConnections
INFO: MockWebServer[58053] done accepting connections: Socket closed
Aug 16, 2016 1:40:17 PM okhttp3.mockwebserver.MockWebServer$4 processOneRequest
INFO: MockWebServer[58053] received request: POST / HTTP/1.1 and responded: HTTP/1.1 200 OK
Aug 16, 2016 1:40:17 PM okhttp3.mockwebserver.MockWebServer$3 execute
INFO: MockWebServer[59053] starting to accept connections
Aug 16, 2016 1:40:17 PM okhttp3.mockwebserver.MockWebServer$4 processOneRequest
INFO: MockWebServer[59053] received request: POST / HTTP/1.1 and responded: HTTP/1.1 200 OK
Aug 16, 2016 1:40:17 PM okhttp3.mockwebserver.MockWebServer$3 acceptConnections
INFO: MockWebServer[59053] done accepting connections: Socket closed
Aug 16, 2016 1:40:17 PM okhttp3.mockwebserver.MockWebServer$3 execute
INFO: MockWebServer[60909] starting to accept connections
Aug 16, 2016 1:40:17 PM okhttp3.mockwebserver.MockWebServer$4 processOneRequest
INFO: MockWebServer[60909] received request: POST / HTTP/1.1 and responded: HTTP/1.1 200 OK
Aug 16, 2016 1:40:17 PM okhttp3.mockwebserver.MockWebServer$4 processOneRequest
INFO: MockWebServer[60909] received request: POST / HTTP/1.1 and responded: HTTP/1.1 200 OK
Aug 16, 2016 1:40:17 PM okhttp3.mockwebserver.MockWebServer$3 acceptConnections
INFO: MockWebServer[60909] done accepting connections: Socket closed
Aug 16, 2016 1:40:17 PM okhttp3.mockwebserver.MockWebServer$3 execute
INFO: MockWebServer[57597] starting to accept connections
Aug 16, 2016 1:40:17 PM okhttp3.mockwebserver.MockWebServer$4 processOneRequest
INFO: MockWebServer[57597] received request: POST / HTTP/1.1 and responded: HTTP/1.1 200 OK
Aug 16, 2016 1:40:17 PM okhttp3.mockwebserver.MockWebServer$3 acceptConnections
INFO: MockWebServer[57597] done accepting connections: Socket closed
Tests run: 6, Failures: 0, Errors: 0, Skipped: 0, Time elapsed: 1.401 sec

Results :

Tests run: 6, Failures: 0, Errors: 0, Skipped: 0

[INFO] 
[INFO] --- animal-sniffer-maven-plugin:1.14:check (default) @ converter-moshi ---
[INFO] Checking unresolved references to org.codehaus.mojo.signature:java16:1.1
[INFO]                                                                         
[INFO] ------------------------------------------------------------------------
[INFO] Building Retrofit Mock Adapter 2.1.1-SNAPSHOT
[INFO] ------------------------------------------------------------------------
[INFO] 
[INFO] --- maven-enforcer-plugin:1.0:enforce (enforce-maven) @ retrofit-mock ---
[INFO] 
[INFO] --- maven-resources-plugin:2.6:resources (default-resources) @ retrofit-mock ---
[INFO] Using 'UTF-8' encoding to copy filtered resources.
[INFO] skip non existing resourceDirectory /home/travis/build/square/retrofit/retrofit-mock/src/main/resources
[INFO] 
[INFO] --- maven-compiler-plugin:3.0:compile (default-compile) @ retrofit-mock ---
[INFO] Changes detected - recompiling the module!
[INFO] Compiling 5 source files to /home/travis/build/square/retrofit/retrofit-mock/target/classes
[INFO] 
[INFO] --- maven-resources-plugin:2.6:testResources (default-testResources) @ retrofit-mock ---
[INFO] Using 'UTF-8' encoding to copy filtered resources.
[INFO] skip non existing resourceDirectory /home/travis/build/square/retrofit/retrofit-mock/src/test/resources
[INFO] 
[INFO] --- maven-compiler-plugin:3.0:testCompile (default-testCompile) @ retrofit-mock ---
[INFO] Changes detected - recompiling the module!
[INFO] Compiling 3 source files to /home/travis/build/square/retrofit/retrofit-mock/target/test-classes
[INFO] 
[INFO] --- maven-surefire-plugin:2.12.4:test (default-test) @ retrofit-mock ---
[INFO] Surefire report directory: /home/travis/build/square/retrofit/retrofit-mock/target/surefire-reports

-------------------------------------------------------
 T E S T S
-------------------------------------------------------
Running retrofit2.mock.BehaviorDelegateTest
Tests run: 10, Failures: 0, Errors: 0, Skipped: 0, Time elapsed: 1.905 sec
Running retrofit2.mock.MockRetrofitTest
Tests run: 8, Failures: 0, Errors: 0, Skipped: 0, Time elapsed: 0.091 sec
Running retrofit2.mock.NetworkBehaviorTest
Tests run: 6, Failures: 0, Errors: 0, Skipped: 0, Time elapsed: 0.09 sec

Results :

Tests run: 24, Failures: 0, Errors: 0, Skipped: 0

[INFO] 
[INFO] --- animal-sniffer-maven-plugin:1.14:check (default) @ retrofit-mock ---
[INFO] Checking unresolved references to org.codehaus.mojo.signature:java16:1.1
[INFO]                                                                         
[INFO] ------------------------------------------------------------------------
[INFO] Building Samples 2.1.1-SNAPSHOT
[INFO] ------------------------------------------------------------------------
[INFO] 
[INFO] --- maven-enforcer-plugin:1.0:enforce (enforce-maven) @ samples ---
[INFO] 
[INFO] --- maven-resources-plugin:2.6:resources (default-resources) @ samples ---
[INFO] Using 'UTF-8' encoding to copy filtered resources.
[INFO] skip non existing resourceDirectory /home/travis/build/square/retrofit/samples/src/main/resources
[INFO] 
[INFO] --- maven-compiler-plugin:3.0:compile (default-compile) @ samples ---
[INFO] Changes detected - recompiling the module!
[INFO] Compiling 9 source files to /home/travis/build/square/retrofit/samples/target/classes
[INFO] 
[INFO] --- maven-resources-plugin:2.6:testResources (default-testResources) @ samples ---
[INFO] Using 'UTF-8' encoding to copy filtered resources.
[INFO] skip non existing resourceDirectory /home/travis/build/square/retrofit/samples/src/test/resources
[INFO] 
[INFO] --- maven-compiler-plugin:3.0:testCompile (default-testCompile) @ samples ---
[INFO] No sources to compile
[INFO] 
[INFO] --- maven-surefire-plugin:2.12.4:test (default-test) @ samples ---
[INFO] No tests to run.
[INFO] 
[INFO] --- animal-sniffer-maven-plugin:1.14:check (default) @ samples ---
[INFO] Checking unresolved references to org.codehaus.mojo.signature:java16:1.1
[INFO] ------------------------------------------------------------------------
[INFO] Reactor Summary:
[INFO] 
[INFO] Retrofit (Parent) .................................. SUCCESS [  2.174 s]
[INFO] Retrofit ........................................... SUCCESS [ 25.760 s]
[INFO] Adapters ........................................... SUCCESS [  0.340 s]
[INFO] Adapter: Guava ..................................... SUCCESS [  2.375 s]
[INFO] Adapter: Java 8 .................................... SUCCESS [  2.350 s]
[INFO] Adapter: RxJava .................................... SUCCESS [  2.426 s]
[INFO] Converters ......................................... SUCCESS [  0.180 s]
[INFO] Converter: Gson .................................... SUCCESS [  1.713 s]
[INFO] Converter: Protocol Buffers ........................ SUCCESS [  2.022 s]
[INFO] Converter: Jackson ................................. SUCCESS [  1.694 s]
[INFO] Converter: Wire Protocol Buffers ................... SUCCESS [  2.362 s]
[INFO] Converter: SimpleXML ............................... SUCCESS [  3.626 s]
[INFO] Converter: Java Scalars ............................ SUCCESS [  3.318 s]
[INFO] Converter: Moshi ................................... SUCCESS [  2.399 s]
[INFO] Retrofit Mock Adapter .............................. SUCCESS [  3.398 s]
[INFO] Samples ............................................ SUCCESS [  1.822 s]
[INFO] ------------------------------------------------------------------------
[INFO] BUILD SUCCESS
[INFO] ------------------------------------------------------------------------
[INFO] Total time: 58.383 s
[INFO] Finished at: 2016-08-16T13:40:23+00:00
[INFO] Final Memory: 31M/347M
[INFO] ------------------------------------------------------------------------

travis_time:end:0326d4fe:start=1471354763067536773,finish=1471354827844563673,duration=64777026900[0K
[32;1mThe command "mvn test -B" exited with 0.[0m
travis_fold:start:cache.2[0Kstore build cache
travis_time:start:03291447[0K
travis_time:end:03291447:start=1471354827848902392,finish=1471354827852219872,duration=3317480[0Ktravis_time:start:2c6fd55a[0K[32;1mchange detected (content changed, file is created, or file is deleted):
/home/travis/.m2/repository/com/squareup/retrofit2/adapter-guava/2.1.1-SNAPSHOT/adapter-guava-2.1.1-SNAPSHOT.jar
/home/travis/.m2/repository/com/squareup/retrofit2/adapter-guava/2.1.1-SNAPSHOT/maven-metadata-local.xml
/home/travis/.m2/repository/com/squareup/retrofit2/adapter-guava/2.1.1-SNAPSHOT/_remote.repositories
/home/travis/.m2/repository/com/squareup/retrofit2/adapter-guava/maven-metadata-local.xml
/home/travis/.m2/repository/com/squareup/retrofit2/adapter-java8/2.1.1-SNAPSHOT/adapter-java8-2.1.1-SNAPSHOT.jar
/home/travis/.m2/repository/com/squareup/retrofit2/adapter-java8/2.1.1-SNAPSHOT/maven-metadata-local.xml
/home/travis/.m2/repository/com/squareup/retrofit2/adapter-java8/2.1.1-SNAPSHOT/_remote.repositories
/home/travis/.m2/repository/com/squareup/retrofit2/adapter-java8/maven-metadata-local.xml
/home/travis/.m2/repository/com/squareup/retrofit2/adapter-rxjava/2.1.1-SNAPSHOT/adapter-rxjava-2.1.1-SNAPSHOT.jar
/home/travis/.m2/repository/com/squareup/retrofit2/adapter-rxjava/2.
[0m
[32;1m...
[0m
[32;1mchanges detected, packing new archive[0m
.
[32;1muploading archive[0m

travis_time:end:2c6fd55a:start=1471354827855936017,finish=1471354835656567483,duration=7800631466[0Ktravis_fold:end:cache.2[0Ktravis_fold:start:after_success[0Ktravis_time:start:05880360[0K$ .buildscript/deploy_snapshot.sh
Skipping snapshot deployment: wrong branch. Expected 'master' but was 'jw/rex'.

travis_time:end:05880360:start=1471354835660646402,finish=1471354835665323763,duration=4677361[0Ktravis_fold:end:after_success[0K
Done. Your build exited with 0.
