Using worker: worker-linux-docker-28fe40b1.prod.travis-ci.org:travis-linux-10

travis_fold:start:system_info[0K[33;1mBuild system information[0m
Build language: java
Build group: stable
Build dist: precise
Build id: 153462491
Job id: 153462492
travis-build version: 6c895ddbe
[34m[1mBuild image provisioning date and time[0m
Thu Feb  5 15:09:33 UTC 2015
[34m[1mOperating System Details[0m
Distributor ID:	Ubuntu
Description:	Ubuntu 12.04.5 LTS
Release:	12.04
Codename:	precise
[34m[1mLinux Version[0m
3.13.0-29-generic
[34m[1mCookbooks Version[0m
a68419e https://github.com/travis-ci/travis-cookbooks/tree/a68419e
[34m[1mGCC version[0m
gcc (Ubuntu/Linaro 4.6.3-1ubuntu5) 4.6.3
Copyright (C) 2011 Free Software Foundation, Inc.
This is free software; see the source for copying conditions.  There is NO
warranty; not even for MERCHANTABILITY or FITNESS FOR A PARTICULAR PURPOSE.

[34m[1mLLVM version[0m
clang version 3.4 (tags/RELEASE_34/final)
Target: x86_64-unknown-linux-gnu
Thread model: posix
[34m[1mPre-installed Ruby versions[0m
ruby-1.9.3-p551
[34m[1mPre-installed Node.js versions[0m
v0.10.36
[34m[1mPre-installed Go versions[0m
1.4.1
[34m[1mRedis version[0m
redis-server 2.8.19
[34m[1mriak version[0m
2.0.2
[34m[1mMongoDB version[0m
MongoDB 2.4.12
[34m[1mCouchDB version[0m
couchdb 1.6.1
[34m[1mNeo4j version[0m
1.9.4
[34m[1mRabbitMQ Version[0m
3.4.3
[34m[1mElasticSearch version[0m
1.4.0
[34m[1mInstalled Sphinx versions[0m
2.0.10
2.1.9
2.2.6
[34m[1mDefault Sphinx version[0m
2.2.6
[34m[1mInstalled Firefox version[0m
firefox 31.0esr
[34m[1mPhantomJS version[0m
1.9.8
[34m[1mant -version[0m
Apache Ant(TM) version 1.8.2 compiled on December 3 2011
[34m[1mmvn -version[0m
Apache Maven 3.2.5 (12a6b3acb947671f09b81f49094c53f426d8cea1; 2014-12-14T17:29:23+00:00)
Maven home: /usr/local/maven
Java version: 1.7.0_76, vendor: Oracle Corporation
Java home: /usr/lib/jvm/java-7-oracle/jre
Default locale: en_US, platform encoding: ANSI_X3.4-1968
OS name: "linux", version: "3.13.0-29-generic", arch: "amd64", family: "unix"
travis_fold:end:system_info[0K
travis_fold:start:fix.CVE-2015-7547[0K$ export DEBIAN_FRONTEND=noninteractive
W: Size of file /var/lib/apt/lists/us.archive.ubuntu.com_ubuntu_dists_precise-backports_multiverse_source_Sources.gz is not what the server reported 5886 5888
W: Size of file /var/lib/apt/lists/ppa.launchpad.net_ubuntugis_ppa_ubuntu_dists_precise_main_binary-amd64_Packages.gz is not what the server reported 33653 36677
W: Size of file /var/lib/apt/lists/ppa.launchpad.net_ubuntugis_ppa_ubuntu_dists_precise_main_binary-i386_Packages.gz is not what the server reported 33699 36733
Reading package lists...
Building dependency tree...
Reading state information...
The following extra packages will be installed:
  libc-bin libc-dev-bin libc6-dev
Suggested packages:
  glibc-doc
The following packages will be upgraded:
  libc-bin libc-dev-bin libc6 libc6-dev
4 upgraded, 0 newly installed, 0 to remove and 256 not upgraded.
Need to get 8,840 kB of archives.
After this operation, 14.3 kB disk space will be freed.
Get:1 http://us.archive.ubuntu.com/ubuntu/ precise-updates/main libc6-dev amd64 2.15-0ubuntu10.15 [2,943 kB]
Get:2 http://us.archive.ubuntu.com/ubuntu/ precise-updates/main libc-dev-bin amd64 2.15-0ubuntu10.15 [84.7 kB]
Get:3 http://us.archive.ubuntu.com/ubuntu/ precise-updates/main libc-bin amd64 2.15-0ubuntu10.15 [1,177 kB]
Get:4 http://us.archive.ubuntu.com/ubuntu/ precise-updates/main libc6 amd64 2.15-0ubuntu10.15 [4,636 kB]
Fetched 8,840 kB in 0s (35.8 MB/s)
Preconfiguring packages ...
(Reading database ... (Reading database ... 5%(Reading database ... 10%(Reading database ... 15%(Reading database ... 20%(Reading database ... 25%(Reading database ... 30%(Reading database ... 35%(Reading database ... 40%(Reading database ... 45%(Reading database ... 50%(Reading database ... 55%(Reading database ... 60%(Reading database ... 65%(Reading database ... 70%(Reading database ... 75%(Reading database ... 80%(Reading database ... 85%(Reading database ... 90%(Reading database ... 95%(Reading database ... 100%(Reading database ... 72019 files and directories currently installed.)
Preparing to replace libc6-dev 2.15-0ubuntu10.10 (using .../libc6-dev_2.15-0ubuntu10.15_amd64.deb) ...
Unpacking replacement libc6-dev ...
Preparing to replace libc-dev-bin 2.15-0ubuntu10.10 (using .../libc-dev-bin_2.15-0ubuntu10.15_amd64.deb) ...
Unpacking replacement libc-dev-bin ...
Preparing to replace libc-bin 2.15-0ubuntu10.10 (using .../libc-bin_2.15-0ubuntu10.15_amd64.deb) ...
Unpacking replacement libc-bin ...
Processing triggers for man-db ...
Setting up libc-bin (2.15-0ubuntu10.15) ...
(Reading database ... (Reading database ... 5%(Reading database ... 10%(Reading database ... 15%(Reading database ... 20%(Reading database ... 25%(Reading database ... 30%(Reading database ... 35%(Reading database ... 40%(Reading database ... 45%(Reading database ... 50%(Reading database ... 55%(Reading database ... 60%(Reading database ... 65%(Reading database ... 70%(Reading database ... 75%(Reading database ... 80%(Reading database ... 85%(Reading database ... 90%(Reading database ... 95%(Reading database ... 100%(Reading database ... 72018 files and directories currently installed.)
Preparing to replace libc6 2.15-0ubuntu10.10 (using .../libc6_2.15-0ubuntu10.15_amd64.deb) ...
Unpacking replacement libc6 ...
Setting up libc6 (2.15-0ubuntu10.15) ...
Setting up libc-dev-bin (2.15-0ubuntu10.15) ...
Setting up libc6-dev (2.15-0ubuntu10.15) ...
Processing triggers for libc-bin ...
ldconfig deferred processing now taking place
travis_fold:end:fix.CVE-2015-7547[0Ktravis_fold:start:git.checkout[0Ktravis_time:start:083c284c[0K$ git clone --depth=50 https://github.com/square/retrofit.git square/retrofit
Cloning into 'square/retrofit'...
remote: Counting objects: 1162, done.[K
remote: Compressing objects:   0% (1/666)   [Kremote: Compressing objects:   1% (7/666)   [Kremote: Compressing objects:   2% (14/666)   [Kremote: Compressing objects:   3% (20/666)   [Kremote: Compressing objects:   4% (27/666)   [Kremote: Compressing objects:   5% (34/666)   [Kremote: Compressing objects:   6% (40/666)   [Kremote: Compressing objects:   7% (47/666)   [Kremote: Compressing objects:   8% (54/666)   [Kremote: Compressing objects:   9% (60/666)   [Kremote: Compressing objects:  10% (67/666)   [Kremote: Compressing objects:  11% (74/666)   [Kremote: Compressing objects:  12% (80/666)   [Kremote: Compressing objects:  13% (87/666)   [Kremote: Compressing objects:  14% (94/666)   [Kremote: Compressing objects:  15% (100/666)   [Kremote: Compressing objects:  16% (107/666)   [Kremote: Compressing objects:  17% (114/666)   [Kremote: Compressing objects:  18% (120/666)   [Kremote: Compressing objects:  19% (127/666)   [Kremote: Compressing objects:  20% (134/666)   [Kremote: Compressing objects:  21% (140/666)   [Kremote: Compressing objects:  22% (147/666)   [Kremote: Compressing objects:  23% (154/666)   [Kremote: Compressing objects:  24% (160/666)   [Kremote: Compressing objects:  25% (167/666)   [Kremote: Compressing objects:  26% (174/666)   [Kremote: Compressing objects:  27% (180/666)   [Kremote: Compressing objects:  28% (187/666)   [Kremote: Compressing objects:  29% (194/666)   [Kremote: Compressing objects:  30% (200/666)   [Kremote: Compressing objects:  31% (207/666)   [Kremote: Compressing objects:  32% (214/666)   [Kremote: Compressing objects:  33% (220/666)   [Kremote: Compressing objects:  34% (227/666)   [Kremote: Compressing objects:  35% (234/666)   [Kremote: Compressing objects:  36% (240/666)   [Kremote: Compressing objects:  37% (247/666)   [Kremote: Compressing objects:  38% (254/666)   [Kremote: Compressing objects:  39% (260/666)   [Kremote: Compressing objects:  40% (267/666)   [Kremote: Compressing objects:  41% (274/666)   [Kremote: Compressing objects:  42% (280/666)   [Kremote: Compressing objects:  43% (287/666)   [Kremote: Compressing objects:  44% (294/666)   [Kremote: Compressing objects:  45% (300/666)   [Kremote: Compressing objects:  46% (307/666)   [Kremote: Compressing objects:  47% (314/666)   [Kremote: Compressing objects:  48% (320/666)   [Kremote: Compressing objects:  49% (327/666)   [Kremote: Compressing objects:  50% (333/666)   [Kremote: Compressing objects:  51% (340/666)   [Kremote: Compressing objects:  52% (347/666)   [Kremote: Compressing objects:  53% (353/666)   [Kremote: Compressing objects:  54% (360/666)   [Kremote: Compressing objects:  55% (367/666)   [Kremote: Compressing objects:  56% (373/666)   [Kremote: Compressing objects:  57% (380/666)   [Kremote: Compressing objects:  58% (387/666)   [Kremote: Compressing objects:  59% (393/666)   [Kremote: Compressing objects:  60% (400/666)   [Kremote: Compressing objects:  61% (407/666)   [Kremote: Compressing objects:  62% (413/666)   [Kremote: Compressing objects:  63% (420/666)   [Kremote: Compressing objects:  64% (427/666)   [Kremote: Compressing objects:  65% (433/666)   [Kremote: Compressing objects:  66% (440/666)   [Kremote: Compressing objects:  67% (447/666)   [Kremote: Compressing objects:  68% (453/666)   [Kremote: Compressing objects:  69% (460/666)   [Kremote: Compressing objects:  70% (467/666)   [Kremote: Compressing objects:  71% (473/666)   [Kremote: Compressing objects:  72% (480/666)   [Kremote: Compressing objects:  73% (487/666)   [Kremote: Compressing objects:  74% (493/666)   [Kremote: Compressing objects:  75% (500/666)   [Kremote: Compressing objects:  76% (507/666)   [Kremote: Compressing objects:  77% (513/666)   [Kremote: Compressing objects:  78% (520/666)   [Kremote: Compressing objects:  79% (527/666)   [Kremote: Compressing objects:  80% (533/666)   [Kremote: Compressing objects:  81% (540/666)   [Kremote: Compressing objects:  82% (547/666)   [Kremote: Compressing objects:  83% (553/666)   [Kremote: Compressing objects:  84% (560/666)   [Kremote: Compressing objects:  85% (567/666)   [Kremote: Compressing objects:  86% (573/666)   [Kremote: Compressing objects:  87% (580/666)   [Kremote: Compressing objects:  88% (587/666)   [Kremote: Compressing objects:  89% (593/666)   [Kremote: Compressing objects:  90% (600/666)   [Kremote: Compressing objects:  91% (607/666)   [Kremote: Compressing objects:  92% (613/666)   [Kremote: Compressing objects:  93% (620/666)   [Kremote: Compressing objects:  94% (627/666)   [Kremote: Compressing objects:  95% (633/666)   [Kremote: Compressing objects:  96% (640/666)   [Kremote: Compressing objects:  97% (647/666)   [Kremote: Compressing objects:  98% (653/666)   [Kremote: Compressing objects:  99% (660/666)   [Kremote: Compressing objects: 100% (666/666)   [Kremote: Compressing objects: 100% (666/666), done.[K
Receiving objects:   0% (1/1162)   Receiving objects:   1% (12/1162)   Receiving objects:   2% (24/1162)   Receiving objects:   3% (35/1162)   Receiving objects:   4% (47/1162)   Receiving objects:   5% (59/1162)   Receiving objects:   6% (70/1162)   Receiving objects:   7% (82/1162)   Receiving objects:   8% (93/1162)   Receiving objects:   9% (105/1162)   Receiving objects:  10% (117/1162)   Receiving objects:  11% (128/1162)   Receiving objects:  12% (140/1162)   Receiving objects:  13% (152/1162)   Receiving objects:  14% (163/1162)   Receiving objects:  15% (175/1162)   Receiving objects:  16% (186/1162)   Receiving objects:  17% (198/1162)   Receiving objects:  18% (210/1162)   Receiving objects:  19% (221/1162)   Receiving objects:  20% (233/1162)   Receiving objects:  21% (245/1162)   Receiving objects:  22% (256/1162)   Receiving objects:  23% (268/1162)   Receiving objects:  24% (279/1162)   Receiving objects:  25% (291/1162)   Receiving objects:  26% (303/1162)   Receiving objects:  27% (314/1162)   Receiving objects:  28% (326/1162)   Receiving objects:  29% (337/1162)   Receiving objects:  30% (349/1162)   Receiving objects:  31% (361/1162)   Receiving objects:  32% (372/1162)   Receiving objects:  33% (384/1162)   Receiving objects:  34% (396/1162)   Receiving objects:  35% (407/1162)   Receiving objects:  36% (419/1162)   Receiving objects:  37% (430/1162)   Receiving objects:  38% (442/1162)   Receiving objects:  39% (454/1162)   Receiving objects:  40% (465/1162)   Receiving objects:  41% (477/1162)   Receiving objects:  42% (489/1162)   Receiving objects:  43% (500/1162)   Receiving objects:  44% (512/1162)   Receiving objects:  45% (523/1162)   Receiving objects:  46% (535/1162)   Receiving objects:  47% (547/1162)   Receiving objects:  48% (558/1162)   Receiving objects:  49% (570/1162)   Receiving objects:  50% (581/1162)   Receiving objects:  51% (593/1162)   Receiving objects:  52% (605/1162)   Receiving objects:  53% (616/1162)   Receiving objects:  54% (628/1162)   Receiving objects:  55% (640/1162)   Receiving objects:  56% (651/1162)   Receiving objects:  57% (663/1162)   Receiving objects:  58% (674/1162)   Receiving objects:  59% (686/1162)   Receiving objects:  60% (698/1162)   Receiving objects:  61% (709/1162)   Receiving objects:  62% (721/1162)   Receiving objects:  63% (733/1162)   Receiving objects:  64% (744/1162)   Receiving objects:  65% (756/1162)   Receiving objects:  66% (767/1162)   Receiving objects:  67% (779/1162)   Receiving objects:  68% (791/1162)   Receiving objects:  69% (802/1162)   Receiving objects:  70% (814/1162)   Receiving objects:  71% (826/1162)   Receiving objects:  72% (837/1162)   Receiving objects:  73% (849/1162)   remote: Total 1162 (delta 438), reused 911 (delta 237), pack-reused 0[K
Receiving objects:  74% (860/1162)   Receiving objects:  75% (872/1162)   Receiving objects:  76% (884/1162)   Receiving objects:  77% (895/1162)   Receiving objects:  78% (907/1162)   Receiving objects:  79% (918/1162)   Receiving objects:  80% (930/1162)   Receiving objects:  81% (942/1162)   Receiving objects:  82% (953/1162)   Receiving objects:  83% (965/1162)   Receiving objects:  84% (977/1162)   Receiving objects:  85% (988/1162)   Receiving objects:  86% (1000/1162)   Receiving objects:  87% (1011/1162)   Receiving objects:  88% (1023/1162)   Receiving objects:  89% (1035/1162)   Receiving objects:  90% (1046/1162)   Receiving objects:  91% (1058/1162)   Receiving objects:  92% (1070/1162)   Receiving objects:  93% (1081/1162)   Receiving objects:  94% (1093/1162)   Receiving objects:  95% (1104/1162)   Receiving objects:  96% (1116/1162)   Receiving objects:  97% (1128/1162)   Receiving objects:  98% (1139/1162)   Receiving objects:  99% (1151/1162)   Receiving objects: 100% (1162/1162)   Receiving objects: 100% (1162/1162), 316.16 KiB | 0 bytes/s, done.
Resolving deltas:   0% (0/438)   Resolving deltas:   4% (19/438)   Resolving deltas:   5% (26/438)   Resolving deltas:   6% (30/438)   Resolving deltas:  10% (47/438)   Resolving deltas:  37% (165/438)   Resolving deltas:  42% (184/438)   Resolving deltas:  45% (201/438)   Resolving deltas:  48% (212/438)   Resolving deltas:  49% (215/438)   Resolving deltas:  52% (232/438)   Resolving deltas:  53% (233/438)   Resolving deltas:  54% (239/438)   Resolving deltas:  56% (247/438)   Resolving deltas:  57% (250/438)   Resolving deltas:  60% (264/438)   Resolving deltas:  61% (268/438)   Resolving deltas:  62% (272/438)   Resolving deltas:  63% (276/438)   Resolving deltas:  64% (281/438)   Resolving deltas:  67% (295/438)   Resolving deltas:  68% (298/438)   Resolving deltas:  69% (303/438)   Resolving deltas:  70% (308/438)   Resolving deltas:  71% (312/438)   Resolving deltas:  72% (318/438)   Resolving deltas:  75% (331/438)   Resolving deltas:  79% (350/438)   Resolving deltas:  80% (353/438)   Resolving deltas:  81% (358/438)   Resolving deltas:  84% (370/438)   Resolving deltas:  85% (373/438)   Resolving deltas:  86% (380/438)   Resolving deltas:  88% (387/438)   Resolving deltas:  89% (391/438)   Resolving deltas:  94% (413/438)   Resolving deltas:  95% (417/438)   Resolving deltas:  99% (435/438)   Resolving deltas: 100% (438/438)   Resolving deltas: 100% (438/438), done.
Checking connectivity... done.

travis_time:end:083c284c:start=1471579712291438074,finish=1471579712773781246,duration=482343172[0K$ cd square/retrofit
travis_time:start:0347fb63[0K$ git fetch origin +refs/pull/1980/merge:
remote: Counting objects: 19, done.[K
remote: Compressing objects:  20% (1/5)   [Kremote: Compressing objects:  40% (2/5)   [Kremote: Compressing objects:  60% (3/5)   [Kremote: Compressing objects:  80% (4/5)   [Kremote: Compressing objects: 100% (5/5)   [Kremote: Compressing objects: 100% (5/5), done.[K
remote: Total 19 (delta 10), reused 17 (delta 10), pack-reused 0[K
Unpacking objects:   5% (1/19)   Unpacking objects:  10% (2/19)   Unpacking objects:  15% (3/19)   Unpacking objects:  21% (4/19)   Unpacking objects:  26% (5/19)   Unpacking objects:  31% (6/19)   Unpacking objects:  36% (7/19)   Unpacking objects:  42% (8/19)   Unpacking objects:  47% (9/19)   Unpacking objects:  52% (10/19)   Unpacking objects:  57% (11/19)   Unpacking objects:  63% (12/19)   Unpacking objects:  68% (13/19)   Unpacking objects:  73% (14/19)   Unpacking objects:  78% (15/19)   Unpacking objects:  84% (16/19)   Unpacking objects:  89% (17/19)   Unpacking objects:  94% (18/19)   Unpacking objects: 100% (19/19)   Unpacking objects: 100% (19/19), done.
From https://github.com/square/retrofit
 * branch            refs/pull/1980/merge -> FETCH_HEAD

travis_time:end:0347fb63:start=1471579712777573841,finish=1471579713079189595,duration=301615754[0K$ git checkout -qf FETCH_HEAD
travis_fold:end:git.checkout[0K
[33;1mThis job is running on container-based infrastructure, which does not allow use of 'sudo', setuid and setguid executables.[0m
[33;1mIf you require sudo, add 'sudo: required' to your .travis.yml[0m
[33;1mSee https://docs.travis-ci.com/user/workers/container-based-infrastructure/ for details.[0m

[33;1mSetting environment variables from .travis.yml[0m
$ export CI_DEPLOY_USERNAME=[secure]
$ export CI_DEPLOY_PASSWORD=[secure]

$ jdk_switcher use oraclejdk8
Switching to Oracle JDK8 (java-8-oracle), JAVA_HOME will be set to /usr/lib/jvm/java-8-oracle
travis_fold:start:cache.1[0KSetting up build cache
$ export CASHER_DIR=$HOME/.casher
travis_time:start:009c0f00[0K$ Installing caching utilities

travis_time:end:009c0f00:start=1471579714870572395,finish=1471579714928925551,duration=58353156[0Ktravis_time:start:03a37ad5[0K
travis_time:end:03a37ad5:start=1471579714933842943,finish=1471579714937162198,duration=3319255[0Ktravis_time:start:04d7dfcc[0K[32;1mattempting to download cache archive[0m
[32;1mfetching PR.1980/cache-linux-precise-e3b0c44298fc1c149afbf4c8996fb92427ae41e4649b934ca495991b7852b855--jdk-oraclejdk8.tgz[0m
[32;1mfound cache[0m

travis_time:end:04d7dfcc:start=1471579714941130366,finish=1471579718111650692,duration=3170520326[0Ktravis_time:start:21475c90[0K
travis_time:end:21475c90:start=1471579718115613730,finish=1471579718119121537,duration=3507807[0Ktravis_time:start:16e92e3e[0K[32;1madding /home/travis/.m2 to cache[0m

travis_time:end:16e92e3e:start=1471579718123202592,finish=1471579720746493291,duration=2623290699[0Ktravis_fold:end:cache.1[0K$ java -Xmx32m -version
java version "1.8.0_31"
Java(TM) SE Runtime Environment (build 1.8.0_31-b13)
Java HotSpot(TM) 64-Bit Server VM (build 25.31-b07, mixed mode)
$ javac -J-Xmx32m -version
javac 1.8.0_31
travis_fold:start:install[0Ktravis_time:start:232b10b0[0K$ mvn install -DskipTests=true -Dmaven.javadoc.skip=true -B -V
Java HotSpot(TM) 64-Bit Server VM warning: ignoring option MaxPermSize=192m; support was removed in 8.0
Apache Maven 3.2.5 (12a6b3acb947671f09b81f49094c53f426d8cea1; 2014-12-14T17:29:23+00:00)
Maven home: /usr/local/maven
Java version: 1.8.0_31, vendor: Oracle Corporation
Java home: /usr/lib/jvm/java-8-oracle/jre
Default locale: en_US, platform encoding: UTF-8
OS name: "linux", version: "3.13.0-40-generic", arch: "amd64", family: "unix"
[INFO] Scanning for projects...
[WARNING] 
[WARNING] Some problems were encountered while building the effective model for com.squareup.retrofit2:samples:jar:2.1.1-SNAPSHOT
[WARNING] 'build.plugins.plugin.version' for org.apache.maven.plugins:maven-deploy-plugin is missing. @ com.squareup.retrofit2:samples:[unknown-version], /home/travis/build/square/retrofit/samples/pom.xml, line 55, column 15
[WARNING] 
[WARNING] It is highly recommended to fix these problems because they threaten the stability of your build.
[WARNING] 
[WARNING] For this reason, future Maven versions might no longer support building such malformed projects.
[WARNING] 
[INFO] ------------------------------------------------------------------------
[INFO] Reactor Build Order:
[INFO] 
[INFO] Retrofit (Parent)
[INFO] Retrofit
[INFO] Adapters
[INFO] Adapter: Guava
[INFO] Adapter: Java 8
[INFO] Adapter: RxJava
[INFO] Converters
[INFO] Converter: Gson
[INFO] Converter: Protocol Buffers
[INFO] Converter: Jackson
[INFO] Converter: Wire Protocol Buffers
[INFO] Converter: SimpleXML
[INFO] Converter: Java Scalars
[INFO] Converter: Moshi
[INFO] Retrofit Mock Adapter
[INFO] Samples
[INFO]                                                                         
[INFO] ------------------------------------------------------------------------
[INFO] Building Retrofit (Parent) 2.1.1-SNAPSHOT
[INFO] ------------------------------------------------------------------------
[INFO] 
[INFO] --- maven-enforcer-plugin:1.0:enforce (enforce-maven) @ parent ---
[INFO] 
[INFO] --- animal-sniffer-maven-plugin:1.14:check (default) @ parent ---
[INFO] Checking unresolved references to org.codehaus.mojo.signature:java16:1.1
[INFO] 
[INFO] --- maven-javadoc-plugin:2.10.3:jar (attach-javadocs) @ parent ---
[INFO] Skipping javadoc generation
[INFO] 
[INFO] --- maven-checkstyle-plugin:2.15:checkstyle (default) @ parent ---
[INFO] 
[INFO] --- maven-install-plugin:2.4:install (default-install) @ parent ---
[INFO] Installing /home/travis/build/square/retrofit/pom.xml to /home/travis/.m2/repository/com/squareup/retrofit2/parent/2.1.1-SNAPSHOT/parent-2.1.1-SNAPSHOT.pom
[INFO]                                                                         
[INFO] ------------------------------------------------------------------------
[INFO] Building Retrofit 2.1.1-SNAPSHOT
[INFO] ------------------------------------------------------------------------
[INFO] 
[INFO] --- maven-enforcer-plugin:1.0:enforce (enforce-maven) @ retrofit ---
[INFO] 
[INFO] --- maven-resources-plugin:2.6:resources (default-resources) @ retrofit ---
[INFO] Using 'UTF-8' encoding to copy filtered resources.
[INFO] skip non existing resourceDirectory /home/travis/build/square/retrofit/retrofit/src/main/resources
[INFO] 
[INFO] --- maven-compiler-plugin:3.0:compile (default-compile) @ retrofit ---
[INFO] Changes detected - recompiling the module!
[INFO] Compiling 40 source files to /home/travis/build/square/retrofit/retrofit/target/classes
[WARNING] /home/travis/build/square/retrofit/retrofit/src/main/java/retrofit2/Retrofit.java: Some input files use unchecked or unsafe operations.
[WARNING] /home/travis/build/square/retrofit/retrofit/src/main/java/retrofit2/Retrofit.java: Recompile with -Xlint:unchecked for details.
[INFO] 
[INFO] --- maven-resources-plugin:2.6:testResources (default-testResources) @ retrofit ---
[INFO] Using 'UTF-8' encoding to copy filtered resources.
[INFO] skip non existing resourceDirectory /home/travis/build/square/retrofit/retrofit/src/test/resources
[INFO] 
[INFO] --- maven-compiler-plugin:3.0:testCompile (default-testCompile) @ retrofit ---
[INFO] Changes detected - recompiling the module!
[INFO] Compiling 14 source files to /home/travis/build/square/retrofit/retrofit/target/test-classes
[WARNING] /home/travis/build/square/retrofit/retrofit/src/test/java/retrofit2/RetrofitTest.java: /home/travis/build/square/retrofit/retrofit/src/test/java/retrofit2/RetrofitTest.java uses unchecked or unsafe operations.
[WARNING] /home/travis/build/square/retrofit/retrofit/src/test/java/retrofit2/RetrofitTest.java: Recompile with -Xlint:unchecked for details.
[INFO] 
[INFO] --- maven-surefire-plugin:2.12.4:test (default-test) @ retrofit ---
[INFO] Tests are skipped.
[INFO] 
[INFO] --- animal-sniffer-maven-plugin:1.14:check (default) @ retrofit ---
[INFO] Checking unresolved references to org.codehaus.mojo.signature:java16:1.1
[INFO] 
[INFO] --- maven-jar-plugin:2.4:jar (default-jar) @ retrofit ---
[INFO] Building jar: /home/travis/build/square/retrofit/retrofit/target/retrofit-2.1.1-SNAPSHOT.jar
[INFO] 
[INFO] --- maven-javadoc-plugin:2.10.3:jar (attach-javadocs) @ retrofit ---
[INFO] Skipping javadoc generation
[INFO] 
[INFO] --- maven-checkstyle-plugin:2.15:checkstyle (default) @ retrofit ---
[INFO] Starting audit...
Audit done.
[WARNING] Unable to locate Source XRef to link to - DISABLED
[INFO] 
[INFO] --- maven-install-plugin:2.4:install (default-install) @ retrofit ---
[INFO] Installing /home/travis/build/square/retrofit/retrofit/target/retrofit-2.1.1-SNAPSHOT.jar to /home/travis/.m2/repository/com/squareup/retrofit2/retrofit/2.1.1-SNAPSHOT/retrofit-2.1.1-SNAPSHOT.jar
[INFO] Installing /home/travis/build/square/retrofit/retrofit/pom.xml to /home/travis/.m2/repository/com/squareup/retrofit2/retrofit/2.1.1-SNAPSHOT/retrofit-2.1.1-SNAPSHOT.pom
[INFO]                                                                         
[INFO] ------------------------------------------------------------------------
[INFO] Building Adapters 2.1.1-SNAPSHOT
[INFO] ------------------------------------------------------------------------
[INFO] 
[INFO] --- maven-enforcer-plugin:1.0:enforce (enforce-maven) @ retrofit-adapters ---
[INFO] 
[INFO] --- animal-sniffer-maven-plugin:1.14:check (default) @ retrofit-adapters ---
[INFO] Checking unresolved references to org.codehaus.mojo.signature:java16:1.1
[INFO] 
[INFO] --- maven-javadoc-plugin:2.10.3:jar (attach-javadocs) @ retrofit-adapters ---
[INFO] Skipping javadoc generation
[INFO] 
[INFO] --- maven-checkstyle-plugin:2.15:checkstyle (default) @ retrofit-adapters ---
[INFO] 
[INFO] --- maven-install-plugin:2.4:install (default-install) @ retrofit-adapters ---
[INFO] Installing /home/travis/build/square/retrofit/retrofit-adapters/pom.xml to /home/travis/.m2/repository/com/squareup/retrofit2/retrofit-adapters/2.1.1-SNAPSHOT/retrofit-adapters-2.1.1-SNAPSHOT.pom
[INFO]                                                                         
[INFO] ------------------------------------------------------------------------
[INFO] Building Adapter: Guava 2.1.1-SNAPSHOT
[INFO] ------------------------------------------------------------------------
[INFO] 
[INFO] --- maven-enforcer-plugin:1.0:enforce (enforce-maven) @ adapter-guava ---
[INFO] 
[INFO] --- maven-resources-plugin:2.6:resources (default-resources) @ adapter-guava ---
[INFO] Using 'UTF-8' encoding to copy filtered resources.
[INFO] skip non existing resourceDirectory /home/travis/build/square/retrofit/retrofit-adapters/guava/src/main/resources
[INFO] 
[INFO] --- maven-compiler-plugin:3.0:compile (default-compile) @ adapter-guava ---
[INFO] Changes detected - recompiling the module!
[INFO] Compiling 2 source files to /home/travis/build/square/retrofit/retrofit-adapters/guava/target/classes
[INFO] 
[INFO] --- maven-resources-plugin:2.6:testResources (default-testResources) @ adapter-guava ---
[INFO] Using 'UTF-8' encoding to copy filtered resources.
[INFO] skip non existing resourceDirectory /home/travis/build/square/retrofit/retrofit-adapters/guava/src/test/resources
[INFO] 
[INFO] --- maven-compiler-plugin:3.0:testCompile (default-testCompile) @ adapter-guava ---
[INFO] Changes detected - recompiling the module!
[INFO] Compiling 3 source files to /home/travis/build/square/retrofit/retrofit-adapters/guava/target/test-classes
[INFO] 
[INFO] --- maven-surefire-plugin:2.12.4:test (default-test) @ adapter-guava ---
[INFO] Tests are skipped.
[INFO] 
[INFO] --- animal-sniffer-maven-plugin:1.14:check (default) @ adapter-guava ---
[INFO] Checking unresolved references to org.codehaus.mojo.signature:java16:1.1
[INFO] 
[INFO] --- maven-jar-plugin:2.4:jar (default-jar) @ adapter-guava ---
[INFO] Building jar: /home/travis/build/square/retrofit/retrofit-adapters/guava/target/adapter-guava-2.1.1-SNAPSHOT.jar
[INFO] 
[INFO] --- maven-javadoc-plugin:2.10.3:jar (attach-javadocs) @ adapter-guava ---
[INFO] Skipping javadoc generation
[INFO] 
[INFO] --- maven-checkstyle-plugin:2.15:checkstyle (default) @ adapter-guava ---
[INFO] Starting audit...
Audit done.
[WARNING] Unable to locate Source XRef to link to - DISABLED
[INFO] 
[INFO] --- maven-install-plugin:2.4:install (default-install) @ adapter-guava ---
[INFO] Installing /home/travis/build/square/retrofit/retrofit-adapters/guava/target/adapter-guava-2.1.1-SNAPSHOT.jar to /home/travis/.m2/repository/com/squareup/retrofit2/adapter-guava/2.1.1-SNAPSHOT/adapter-guava-2.1.1-SNAPSHOT.jar
[INFO] Installing /home/travis/build/square/retrofit/retrofit-adapters/guava/pom.xml to /home/travis/.m2/repository/com/squareup/retrofit2/adapter-guava/2.1.1-SNAPSHOT/adapter-guava-2.1.1-SNAPSHOT.pom
[INFO]                                                                         
[INFO] ------------------------------------------------------------------------
[INFO] Building Adapter: Java 8 2.1.1-SNAPSHOT
[INFO] ------------------------------------------------------------------------
[INFO] 
[INFO] --- maven-enforcer-plugin:1.0:enforce (enforce-maven) @ adapter-java8 ---
[INFO] 
[INFO] --- maven-resources-plugin:2.6:resources (default-resources) @ adapter-java8 ---
[INFO] Using 'UTF-8' encoding to copy filtered resources.
[INFO] skip non existing resourceDirectory /home/travis/build/square/retrofit/retrofit-adapters/java8/src/main/resources
[INFO] 
[INFO] --- maven-compiler-plugin:3.0:compile (default-compile) @ adapter-java8 ---
[INFO] Changes detected - recompiling the module!
[INFO] Compiling 2 source files to /home/travis/build/square/retrofit/retrofit-adapters/java8/target/classes
[INFO] 
[INFO] --- maven-resources-plugin:2.6:testResources (default-testResources) @ adapter-java8 ---
[INFO] Using 'UTF-8' encoding to copy filtered resources.
[INFO] skip non existing resourceDirectory /home/travis/build/square/retrofit/retrofit-adapters/java8/src/test/resources
[INFO] 
[INFO] --- maven-compiler-plugin:3.0:testCompile (default-testCompile) @ adapter-java8 ---
[INFO] Changes detected - recompiling the module!
[INFO] Compiling 3 source files to /home/travis/build/square/retrofit/retrofit-adapters/java8/target/test-classes
[INFO] 
[INFO] --- maven-surefire-plugin:2.12.4:test (default-test) @ adapter-java8 ---
[INFO] Tests are skipped.
[INFO] 
[INFO] --- animal-sniffer-maven-plugin:1.14:check (default) @ adapter-java8 ---
[INFO] Checking unresolved references to org.kaazing.mojo.signature:java18:1.0
[INFO] 
[INFO] --- maven-jar-plugin:2.4:jar (default-jar) @ adapter-java8 ---
[INFO] Building jar: /home/travis/build/square/retrofit/retrofit-adapters/java8/target/adapter-java8-2.1.1-SNAPSHOT.jar
[INFO] 
[INFO] --- maven-javadoc-plugin:2.10.3:jar (attach-javadocs) @ adapter-java8 ---
[INFO] Skipping javadoc generation
[INFO] 
[INFO] --- maven-checkstyle-plugin:2.15:checkstyle (default) @ adapter-java8 ---
[INFO] Starting audit...
Audit done.
[WARNING] Unable to locate Source XRef to link to - DISABLED
[INFO] 
[INFO] --- maven-install-plugin:2.4:install (default-install) @ adapter-java8 ---
[INFO] Installing /home/travis/build/square/retrofit/retrofit-adapters/java8/target/adapter-java8-2.1.1-SNAPSHOT.jar to /home/travis/.m2/repository/com/squareup/retrofit2/adapter-java8/2.1.1-SNAPSHOT/adapter-java8-2.1.1-SNAPSHOT.jar
[INFO] Installing /home/travis/build/square/retrofit/retrofit-adapters/java8/pom.xml to /home/travis/.m2/repository/com/squareup/retrofit2/adapter-java8/2.1.1-SNAPSHOT/adapter-java8-2.1.1-SNAPSHOT.pom
[INFO]                                                                         
[INFO] ------------------------------------------------------------------------
[INFO] Building Adapter: RxJava 2.1.1-SNAPSHOT
[INFO] ------------------------------------------------------------------------
[INFO] 
[INFO] --- maven-enforcer-plugin:1.0:enforce (enforce-maven) @ adapter-rxjava ---
[INFO] 
[INFO] --- maven-resources-plugin:2.6:resources (default-resources) @ adapter-rxjava ---
[INFO] Using 'UTF-8' encoding to copy filtered resources.
[INFO] skip non existing resourceDirectory /home/travis/build/square/retrofit/retrofit-adapters/rxjava/src/main/resources
[INFO] 
[INFO] --- maven-compiler-plugin:3.0:compile (default-compile) @ adapter-rxjava ---
[INFO] Changes detected - recompiling the module!
[INFO] Compiling 7 source files to /home/travis/build/square/retrofit/retrofit-adapters/rxjava/target/classes
[INFO] 
[INFO] --- maven-resources-plugin:2.6:testResources (default-testResources) @ adapter-rxjava ---
[INFO] Using 'UTF-8' encoding to copy filtered resources.
[INFO] skip non existing resourceDirectory /home/travis/build/square/retrofit/retrofit-adapters/rxjava/src/test/resources
[INFO] 
[INFO] --- maven-compiler-plugin:3.0:testCompile (default-testCompile) @ adapter-rxjava ---
[INFO] Changes detected - recompiling the module!
[INFO] Compiling 11 source files to /home/travis/build/square/retrofit/retrofit-adapters/rxjava/target/test-classes
[INFO] 
[INFO] --- maven-surefire-plugin:2.12.4:test (default-test) @ adapter-rxjava ---
[INFO] Tests are skipped.
[INFO] 
[INFO] --- animal-sniffer-maven-plugin:1.14:check (default) @ adapter-rxjava ---
[INFO] Checking unresolved references to org.codehaus.mojo.signature:java16:1.1
[INFO] 
[INFO] --- maven-jar-plugin:2.4:jar (default-jar) @ adapter-rxjava ---
[INFO] Building jar: /home/travis/build/square/retrofit/retrofit-adapters/rxjava/target/adapter-rxjava-2.1.1-SNAPSHOT.jar
[INFO] 
[INFO] --- maven-javadoc-plugin:2.10.3:jar (attach-javadocs) @ adapter-rxjava ---
[INFO] Skipping javadoc generation
[INFO] 
[INFO] --- maven-checkstyle-plugin:2.15:checkstyle (default) @ adapter-rxjava ---
[INFO] Starting audit...
Audit done.
[WARNING] Unable to locate Source XRef to link to - DISABLED
[INFO] 
[INFO] --- maven-install-plugin:2.4:install (default-install) @ adapter-rxjava ---
[INFO] Installing /home/travis/build/square/retrofit/retrofit-adapters/rxjava/target/adapter-rxjava-2.1.1-SNAPSHOT.jar to /home/travis/.m2/repository/com/squareup/retrofit2/adapter-rxjava/2.1.1-SNAPSHOT/adapter-rxjava-2.1.1-SNAPSHOT.jar
[INFO] Installing /home/travis/build/square/retrofit/retrofit-adapters/rxjava/pom.xml to /home/travis/.m2/repository/com/squareup/retrofit2/adapter-rxjava/2.1.1-SNAPSHOT/adapter-rxjava-2.1.1-SNAPSHOT.pom
[INFO]                                                                         
[INFO] ------------------------------------------------------------------------
[INFO] Building Converters 2.1.1-SNAPSHOT
[INFO] ------------------------------------------------------------------------
[INFO] 
[INFO] --- maven-enforcer-plugin:1.0:enforce (enforce-maven) @ retrofit-converters ---
[INFO] 
[INFO] --- animal-sniffer-maven-plugin:1.14:check (default) @ retrofit-converters ---
[INFO] Checking unresolved references to org.codehaus.mojo.signature:java16:1.1
[INFO] 
[INFO] --- maven-javadoc-plugin:2.10.3:jar (attach-javadocs) @ retrofit-converters ---
[INFO] Skipping javadoc generation
[INFO] 
[INFO] --- maven-checkstyle-plugin:2.15:checkstyle (default) @ retrofit-converters ---
[INFO] 
[INFO] --- maven-install-plugin:2.4:install (default-install) @ retrofit-converters ---
[INFO] Installing /home/travis/build/square/retrofit/retrofit-converters/pom.xml to /home/travis/.m2/repository/com/squareup/retrofit2/retrofit-converters/2.1.1-SNAPSHOT/retrofit-converters-2.1.1-SNAPSHOT.pom
[INFO]                                                                         
[INFO] ------------------------------------------------------------------------
[INFO] Building Converter: Gson 2.1.1-SNAPSHOT
[INFO] ------------------------------------------------------------------------
[INFO] 
[INFO] --- maven-enforcer-plugin:1.0:enforce (enforce-maven) @ converter-gson ---
[INFO] 
[INFO] --- maven-resources-plugin:2.6:resources (default-resources) @ converter-gson ---
[INFO] Using 'UTF-8' encoding to copy filtered resources.
[INFO] skip non existing resourceDirectory /home/travis/build/square/retrofit/retrofit-converters/gson/src/main/resources
[INFO] 
[INFO] --- maven-compiler-plugin:3.0:compile (default-compile) @ converter-gson ---
[INFO] Changes detected - recompiling the module!
[INFO] Compiling 3 source files to /home/travis/build/square/retrofit/retrofit-converters/gson/target/classes
[INFO] 
[INFO] --- maven-resources-plugin:2.6:testResources (default-testResources) @ converter-gson ---
[INFO] Using 'UTF-8' encoding to copy filtered resources.
[INFO] skip non existing resourceDirectory /home/travis/build/square/retrofit/retrofit-converters/gson/src/test/resources
[INFO] 
[INFO] --- maven-compiler-plugin:3.0:testCompile (default-testCompile) @ converter-gson ---
[INFO] Changes detected - recompiling the module!
[INFO] Compiling 1 source file to /home/travis/build/square/retrofit/retrofit-converters/gson/target/test-classes
[INFO] 
[INFO] --- maven-surefire-plugin:2.12.4:test (default-test) @ converter-gson ---
[INFO] Tests are skipped.
[INFO] 
[INFO] --- animal-sniffer-maven-plugin:1.14:check (default) @ converter-gson ---
[INFO] Checking unresolved references to org.codehaus.mojo.signature:java16:1.1
[INFO] 
[INFO] --- maven-jar-plugin:2.4:jar (default-jar) @ converter-gson ---
[INFO] Building jar: /home/travis/build/square/retrofit/retrofit-converters/gson/target/converter-gson-2.1.1-SNAPSHOT.jar
[INFO] 
[INFO] --- maven-javadoc-plugin:2.10.3:jar (attach-javadocs) @ converter-gson ---
[INFO] Skipping javadoc generation
[INFO] 
[INFO] --- maven-checkstyle-plugin:2.15:checkstyle (default) @ converter-gson ---
[INFO] Starting audit...
Audit done.
[WARNING] Unable to locate Source XRef to link to - DISABLED
[INFO] 
[INFO] --- maven-install-plugin:2.4:install (default-install) @ converter-gson ---
[INFO] Installing /home/travis/build/square/retrofit/retrofit-converters/gson/target/converter-gson-2.1.1-SNAPSHOT.jar to /home/travis/.m2/repository/com/squareup/retrofit2/converter-gson/2.1.1-SNAPSHOT/converter-gson-2.1.1-SNAPSHOT.jar
[INFO] Installing /home/travis/build/square/retrofit/retrofit-converters/gson/pom.xml to /home/travis/.m2/repository/com/squareup/retrofit2/converter-gson/2.1.1-SNAPSHOT/converter-gson-2.1.1-SNAPSHOT.pom
[INFO]                                                                         
[INFO] ------------------------------------------------------------------------
[INFO] Building Converter: Protocol Buffers 2.1.1-SNAPSHOT
[INFO] ------------------------------------------------------------------------
[INFO] 
[INFO] --- maven-enforcer-plugin:1.0:enforce (enforce-maven) @ converter-protobuf ---
[INFO] 
[INFO] --- maven-resources-plugin:2.6:resources (default-resources) @ converter-protobuf ---
[INFO] Using 'UTF-8' encoding to copy filtered resources.
[INFO] skip non existing resourceDirectory /home/travis/build/square/retrofit/retrofit-converters/protobuf/src/main/resources
[INFO] 
[INFO] --- maven-compiler-plugin:3.0:compile (default-compile) @ converter-protobuf ---
[INFO] Changes detected - recompiling the module!
[INFO] Compiling 3 source files to /home/travis/build/square/retrofit/retrofit-converters/protobuf/target/classes
[WARNING] /home/travis/build/square/retrofit/retrofit-converters/protobuf/src/main/java/retrofit2/converter/protobuf/ProtoConverterFactory.java: /home/travis/build/square/retrofit/retrofit-converters/protobuf/src/main/java/retrofit2/converter/protobuf/ProtoConverterFactory.java uses unchecked or unsafe operations.
[WARNING] /home/travis/build/square/retrofit/retrofit-converters/protobuf/src/main/java/retrofit2/converter/protobuf/ProtoConverterFactory.java: Recompile with -Xlint:unchecked for details.
[INFO] 
[INFO] --- maven-resources-plugin:2.6:testResources (default-testResources) @ converter-protobuf ---
[INFO] Using 'UTF-8' encoding to copy filtered resources.
[INFO] skip non existing resourceDirectory /home/travis/build/square/retrofit/retrofit-converters/protobuf/src/test/resources
[INFO] 
[INFO] --- maven-compiler-plugin:3.0:testCompile (default-testCompile) @ converter-protobuf ---
[INFO] Changes detected - recompiling the module!
[INFO] Compiling 3 source files to /home/travis/build/square/retrofit/retrofit-converters/protobuf/target/test-classes
[INFO] 
[INFO] --- maven-surefire-plugin:2.12.4:test (default-test) @ converter-protobuf ---
[INFO] Tests are skipped.
[INFO] 
[INFO] --- animal-sniffer-maven-plugin:1.14:check (default) @ converter-protobuf ---
[INFO] Checking unresolved references to org.codehaus.mojo.signature:java16:1.1
[INFO] 
[INFO] --- maven-jar-plugin:2.4:jar (default-jar) @ converter-protobuf ---
[INFO] Building jar: /home/travis/build/square/retrofit/retrofit-converters/protobuf/target/converter-protobuf-2.1.1-SNAPSHOT.jar
[INFO] 
[INFO] --- maven-javadoc-plugin:2.10.3:jar (attach-javadocs) @ converter-protobuf ---
[INFO] Skipping javadoc generation
[INFO] 
[INFO] --- maven-checkstyle-plugin:2.15:checkstyle (default) @ converter-protobuf ---
[INFO] Starting audit...
Audit done.
[WARNING] Unable to locate Source XRef to link to - DISABLED
[INFO] 
[INFO] --- maven-install-plugin:2.4:install (default-install) @ converter-protobuf ---
[INFO] Installing /home/travis/build/square/retrofit/retrofit-converters/protobuf/target/converter-protobuf-2.1.1-SNAPSHOT.jar to /home/travis/.m2/repository/com/squareup/retrofit2/converter-protobuf/2.1.1-SNAPSHOT/converter-protobuf-2.1.1-SNAPSHOT.jar
[INFO] Installing /home/travis/build/square/retrofit/retrofit-converters/protobuf/pom.xml to /home/travis/.m2/repository/com/squareup/retrofit2/converter-protobuf/2.1.1-SNAPSHOT/converter-protobuf-2.1.1-SNAPSHOT.pom
[INFO]                                                                         
[INFO] ------------------------------------------------------------------------
[INFO] Building Converter: Jackson 2.1.1-SNAPSHOT
[INFO] ------------------------------------------------------------------------
[INFO] 
[INFO] --- maven-enforcer-plugin:1.0:enforce (enforce-maven) @ converter-jackson ---
[INFO] 
[INFO] --- maven-resources-plugin:2.6:resources (default-resources) @ converter-jackson ---
[INFO] Using 'UTF-8' encoding to copy filtered resources.
[INFO] skip non existing resourceDirectory /home/travis/build/square/retrofit/retrofit-converters/jackson/src/main/resources
[INFO] 
[INFO] --- maven-compiler-plugin:3.0:compile (default-compile) @ converter-jackson ---
[INFO] Changes detected - recompiling the module!
[INFO] Compiling 3 source files to /home/travis/build/square/retrofit/retrofit-converters/jackson/target/classes
[WARNING] /home/travis/build/square/retrofit/retrofit-converters/jackson/src/main/java/retrofit2/converter/jackson/JacksonConverterFactory.java: /home/travis/build/square/retrofit/retrofit-converters/jackson/src/main/java/retrofit2/converter/jackson/JacksonConverterFactory.java uses or overrides a deprecated API.
[WARNING] /home/travis/build/square/retrofit/retrofit-converters/jackson/src/main/java/retrofit2/converter/jackson/JacksonConverterFactory.java: Recompile with -Xlint:deprecation for details.
[INFO] 
[INFO] --- maven-resources-plugin:2.6:testResources (default-testResources) @ converter-jackson ---
[INFO] Using 'UTF-8' encoding to copy filtered resources.
[INFO] skip non existing resourceDirectory /home/travis/build/square/retrofit/retrofit-converters/jackson/src/test/resources
[INFO] 
[INFO] --- maven-compiler-plugin:3.0:testCompile (default-testCompile) @ converter-jackson ---
[INFO] Changes detected - recompiling the module!
[INFO] Compiling 1 source file to /home/travis/build/square/retrofit/retrofit-converters/jackson/target/test-classes
[WARNING] /home/travis/build/square/retrofit/retrofit-converters/jackson/src/test/java/retrofit2/converter/jackson/JacksonConverterFactoryTest.java: /home/travis/build/square/retrofit/retrofit-converters/jackson/src/test/java/retrofit2/converter/jackson/JacksonConverterFactoryTest.java uses or overrides a deprecated API.
[WARNING] /home/travis/build/square/retrofit/retrofit-converters/jackson/src/test/java/retrofit2/converter/jackson/JacksonConverterFactoryTest.java: Recompile with -Xlint:deprecation for details.
[INFO] 
[INFO] --- maven-surefire-plugin:2.12.4:test (default-test) @ converter-jackson ---
[INFO] Tests are skipped.
[INFO] 
[INFO] --- animal-sniffer-maven-plugin:1.14:check (default) @ converter-jackson ---
[INFO] Checking unresolved references to org.codehaus.mojo.signature:java16:1.1
[INFO] 
[INFO] --- maven-jar-plugin:2.4:jar (default-jar) @ converter-jackson ---
[INFO] Building jar: /home/travis/build/square/retrofit/retrofit-converters/jackson/target/converter-jackson-2.1.1-SNAPSHOT.jar
[INFO] 
[INFO] --- maven-javadoc-plugin:2.10.3:jar (attach-javadocs) @ converter-jackson ---
[INFO] Skipping javadoc generation
[INFO] 
[INFO] --- maven-checkstyle-plugin:2.15:checkstyle (default) @ converter-jackson ---
[INFO] Starting audit...
Audit done.
[WARNING] Unable to locate Source XRef to link to - DISABLED
[INFO] 
[INFO] --- maven-install-plugin:2.4:install (default-install) @ converter-jackson ---
[INFO] Installing /home/travis/build/square/retrofit/retrofit-converters/jackson/target/converter-jackson-2.1.1-SNAPSHOT.jar to /home/travis/.m2/repository/com/squareup/retrofit2/converter-jackson/2.1.1-SNAPSHOT/converter-jackson-2.1.1-SNAPSHOT.jar
[INFO] Installing /home/travis/build/square/retrofit/retrofit-converters/jackson/pom.xml to /home/travis/.m2/repository/com/squareup/retrofit2/converter-jackson/2.1.1-SNAPSHOT/converter-jackson-2.1.1-SNAPSHOT.pom
[INFO]                                                                         
[INFO] ------------------------------------------------------------------------
[INFO] Building Converter: Wire Protocol Buffers 2.1.1-SNAPSHOT
[INFO] ------------------------------------------------------------------------
[INFO] 
[INFO] --- maven-enforcer-plugin:1.0:enforce (enforce-maven) @ converter-wire ---
[INFO] 
[INFO] --- maven-resources-plugin:2.6:resources (default-resources) @ converter-wire ---
[INFO] Using 'UTF-8' encoding to copy filtered resources.
[INFO] skip non existing resourceDirectory /home/travis/build/square/retrofit/retrofit-converters/wire/src/main/resources
[INFO] 
[INFO] --- maven-compiler-plugin:3.0:compile (default-compile) @ converter-wire ---
[INFO] Changes detected - recompiling the module!
[INFO] Compiling 3 source files to /home/travis/build/square/retrofit/retrofit-converters/wire/target/classes
[WARNING] /home/travis/build/square/retrofit/retrofit-converters/wire/src/main/java/retrofit2/converter/wire/WireConverterFactory.java: /home/travis/build/square/retrofit/retrofit-converters/wire/src/main/java/retrofit2/converter/wire/WireConverterFactory.java uses unchecked or unsafe operations.
[WARNING] /home/travis/build/square/retrofit/retrofit-converters/wire/src/main/java/retrofit2/converter/wire/WireConverterFactory.java: Recompile with -Xlint:unchecked for details.
[INFO] 
[INFO] --- maven-resources-plugin:2.6:testResources (default-testResources) @ converter-wire ---
[INFO] Using 'UTF-8' encoding to copy filtered resources.
[INFO] skip non existing resourceDirectory /home/travis/build/square/retrofit/retrofit-converters/wire/src/test/resources
[INFO] 
[INFO] --- maven-compiler-plugin:3.0:testCompile (default-testCompile) @ converter-wire ---
[INFO] Changes detected - recompiling the module!
[INFO] Compiling 2 source files to /home/travis/build/square/retrofit/retrofit-converters/wire/target/test-classes
[INFO] 
[INFO] --- maven-surefire-plugin:2.12.4:test (default-test) @ converter-wire ---
[INFO] Tests are skipped.
[INFO] 
[INFO] --- animal-sniffer-maven-plugin:1.14:check (default) @ converter-wire ---
[INFO] Checking unresolved references to org.codehaus.mojo.signature:java16:1.1
[INFO] 
[INFO] --- maven-jar-plugin:2.4:jar (default-jar) @ converter-wire ---
[INFO] Building jar: /home/travis/build/square/retrofit/retrofit-converters/wire/target/converter-wire-2.1.1-SNAPSHOT.jar
[INFO] 
[INFO] --- maven-javadoc-plugin:2.10.3:jar (attach-javadocs) @ converter-wire ---
[INFO] Skipping javadoc generation
[INFO] 
[INFO] --- maven-checkstyle-plugin:2.15:checkstyle (default) @ converter-wire ---
[INFO] Starting audit...
Audit done.
[WARNING] Unable to locate Source XRef to link to - DISABLED
[INFO] 
[INFO] --- maven-install-plugin:2.4:install (default-install) @ converter-wire ---
[INFO] Installing /home/travis/build/square/retrofit/retrofit-converters/wire/target/converter-wire-2.1.1-SNAPSHOT.jar to /home/travis/.m2/repository/com/squareup/retrofit2/converter-wire/2.1.1-SNAPSHOT/converter-wire-2.1.1-SNAPSHOT.jar
[INFO] Installing /home/travis/build/square/retrofit/retrofit-converters/wire/pom.xml to /home/travis/.m2/repository/com/squareup/retrofit2/converter-wire/2.1.1-SNAPSHOT/converter-wire-2.1.1-SNAPSHOT.pom
[INFO]                                                                         
[INFO] ------------------------------------------------------------------------
[INFO] Building Converter: SimpleXML 2.1.1-SNAPSHOT
[INFO] ------------------------------------------------------------------------
[INFO] 
[INFO] --- maven-enforcer-plugin:1.0:enforce (enforce-maven) @ converter-simplexml ---
[INFO] 
[INFO] --- maven-resources-plugin:2.6:resources (default-resources) @ converter-simplexml ---
[INFO] Using 'UTF-8' encoding to copy filtered resources.
[INFO] skip non existing resourceDirectory /home/travis/build/square/retrofit/retrofit-converters/simplexml/src/main/resources
[INFO] 
[INFO] --- maven-compiler-plugin:3.0:compile (default-compile) @ converter-simplexml ---
[INFO] Changes detected - recompiling the module!
[INFO] Compiling 3 source files to /home/travis/build/square/retrofit/retrofit-converters/simplexml/target/classes
[INFO] 
[INFO] --- maven-resources-plugin:2.6:testResources (default-testResources) @ converter-simplexml ---
[INFO] Using 'UTF-8' encoding to copy filtered resources.
[INFO] skip non existing resourceDirectory /home/travis/build/square/retrofit/retrofit-converters/simplexml/src/test/resources
[INFO] 
[INFO] --- maven-compiler-plugin:3.0:testCompile (default-testCompile) @ converter-simplexml ---
[INFO] Changes detected - recompiling the module!
[INFO] Compiling 2 source files to /home/travis/build/square/retrofit/retrofit-converters/simplexml/target/test-classes
[INFO] 
[INFO] --- maven-surefire-plugin:2.12.4:test (default-test) @ converter-simplexml ---
[INFO] Tests are skipped.
[INFO] 
[INFO] --- animal-sniffer-maven-plugin:1.14:check (default) @ converter-simplexml ---
[INFO] Checking unresolved references to org.codehaus.mojo.signature:java16:1.1
[INFO] 
[INFO] --- maven-jar-plugin:2.4:jar (default-jar) @ converter-simplexml ---
[INFO] Building jar: /home/travis/build/square/retrofit/retrofit-converters/simplexml/target/converter-simplexml-2.1.1-SNAPSHOT.jar
[INFO] 
[INFO] --- maven-javadoc-plugin:2.10.3:jar (attach-javadocs) @ converter-simplexml ---
[INFO] Skipping javadoc generation
[INFO] 
[INFO] --- maven-checkstyle-plugin:2.15:checkstyle (default) @ converter-simplexml ---
[INFO] Starting audit...
Audit done.
[WARNING] Unable to locate Source XRef to link to - DISABLED
[INFO] 
[INFO] --- maven-install-plugin:2.4:install (default-install) @ converter-simplexml ---
[INFO] Installing /home/travis/build/square/retrofit/retrofit-converters/simplexml/target/converter-simplexml-2.1.1-SNAPSHOT.jar to /home/travis/.m2/repository/com/squareup/retrofit2/converter-simplexml/2.1.1-SNAPSHOT/converter-simplexml-2.1.1-SNAPSHOT.jar
[INFO] Installing /home/travis/build/square/retrofit/retrofit-converters/simplexml/pom.xml to /home/travis/.m2/repository/com/squareup/retrofit2/converter-simplexml/2.1.1-SNAPSHOT/converter-simplexml-2.1.1-SNAPSHOT.pom
[INFO]                                                                         
[INFO] ------------------------------------------------------------------------
[INFO] Building Converter: Java Scalars 2.1.1-SNAPSHOT
[INFO] ------------------------------------------------------------------------
[INFO] 
[INFO] --- maven-enforcer-plugin:1.0:enforce (enforce-maven) @ converter-scalars ---
[INFO] 
[INFO] --- maven-resources-plugin:2.6:resources (default-resources) @ converter-scalars ---
[INFO] Using 'UTF-8' encoding to copy filtered resources.
[INFO] skip non existing resourceDirectory /home/travis/build/square/retrofit/retrofit-converters/scalars/src/main/resources
[INFO] 
[INFO] --- maven-compiler-plugin:3.0:compile (default-compile) @ converter-scalars ---
[INFO] Changes detected - recompiling the module!
[INFO] Compiling 3 source files to /home/travis/build/square/retrofit/retrofit-converters/scalars/target/classes
[INFO] 
[INFO] --- maven-resources-plugin:2.6:testResources (default-testResources) @ converter-scalars ---
[INFO] Using 'UTF-8' encoding to copy filtered resources.
[INFO] skip non existing resourceDirectory /home/travis/build/square/retrofit/retrofit-converters/scalars/src/test/resources
[INFO] 
[INFO] --- maven-compiler-plugin:3.0:testCompile (default-testCompile) @ converter-scalars ---
[INFO] Changes detected - recompiling the module!
[INFO] Compiling 2 source files to /home/travis/build/square/retrofit/retrofit-converters/scalars/target/test-classes
[INFO] 
[INFO] --- maven-surefire-plugin:2.12.4:test (default-test) @ converter-scalars ---
[INFO] Tests are skipped.
[INFO] 
[INFO] --- animal-sniffer-maven-plugin:1.14:check (default) @ converter-scalars ---
[INFO] Checking unresolved references to org.codehaus.mojo.signature:java16:1.1
[INFO] 
[INFO] --- maven-jar-plugin:2.4:jar (default-jar) @ converter-scalars ---
[INFO] Building jar: /home/travis/build/square/retrofit/retrofit-converters/scalars/target/converter-scalars-2.1.1-SNAPSHOT.jar
[INFO] 
[INFO] --- maven-javadoc-plugin:2.10.3:jar (attach-javadocs) @ converter-scalars ---
[INFO] Skipping javadoc generation
[INFO] 
[INFO] --- maven-checkstyle-plugin:2.15:checkstyle (default) @ converter-scalars ---
[INFO] Starting audit...
Audit done.
[WARNING] Unable to locate Source XRef to link to - DISABLED
[INFO] 
[INFO] --- maven-install-plugin:2.4:install (default-install) @ converter-scalars ---
[INFO] Installing /home/travis/build/square/retrofit/retrofit-converters/scalars/target/converter-scalars-2.1.1-SNAPSHOT.jar to /home/travis/.m2/repository/com/squareup/retrofit2/converter-scalars/2.1.1-SNAPSHOT/converter-scalars-2.1.1-SNAPSHOT.jar
[INFO] Installing /home/travis/build/square/retrofit/retrofit-converters/scalars/pom.xml to /home/travis/.m2/repository/com/squareup/retrofit2/converter-scalars/2.1.1-SNAPSHOT/converter-scalars-2.1.1-SNAPSHOT.pom
[INFO]                                                                         
[INFO] ------------------------------------------------------------------------
[INFO] Building Converter: Moshi 2.1.1-SNAPSHOT
[INFO] ------------------------------------------------------------------------
[INFO] 
[INFO] --- maven-enforcer-plugin:1.0:enforce (enforce-maven) @ converter-moshi ---
[INFO] 
[INFO] --- maven-resources-plugin:2.6:resources (default-resources) @ converter-moshi ---
[INFO] Using 'UTF-8' encoding to copy filtered resources.
[INFO] skip non existing resourceDirectory /home/travis/build/square/retrofit/retrofit-converters/moshi/src/main/resources
[INFO] 
[INFO] --- maven-compiler-plugin:3.0:compile (default-compile) @ converter-moshi ---
[INFO] Changes detected - recompiling the module!
[INFO] Compiling 3 source files to /home/travis/build/square/retrofit/retrofit-converters/moshi/target/classes
[INFO] 
[INFO] --- maven-resources-plugin:2.6:testResources (default-testResources) @ converter-moshi ---
[INFO] Using 'UTF-8' encoding to copy filtered resources.
[INFO] skip non existing resourceDirectory /home/travis/build/square/retrofit/retrofit-converters/moshi/src/test/resources
[INFO] 
[INFO] --- maven-compiler-plugin:3.0:testCompile (default-testCompile) @ converter-moshi ---
[INFO] Changes detected - recompiling the module!
[INFO] Compiling 1 source file to /home/travis/build/square/retrofit/retrofit-converters/moshi/target/test-classes
[INFO] 
[INFO] --- maven-surefire-plugin:2.12.4:test (default-test) @ converter-moshi ---
[INFO] Tests are skipped.
[INFO] 
[INFO] --- animal-sniffer-maven-plugin:1.14:check (default) @ converter-moshi ---
[INFO] Checking unresolved references to org.codehaus.mojo.signature:java16:1.1
[INFO] 
[INFO] --- maven-jar-plugin:2.4:jar (default-jar) @ converter-moshi ---
[INFO] Building jar: /home/travis/build/square/retrofit/retrofit-converters/moshi/target/converter-moshi-2.1.1-SNAPSHOT.jar
[INFO] 
[INFO] --- maven-javadoc-plugin:2.10.3:jar (attach-javadocs) @ converter-moshi ---
[INFO] Skipping javadoc generation
[INFO] 
[INFO] --- maven-checkstyle-plugin:2.15:checkstyle (default) @ converter-moshi ---
[INFO] Starting audit...
Audit done.
[WARNING] Unable to locate Source XRef to link to - DISABLED
[INFO] 
[INFO] --- maven-install-plugin:2.4:install (default-install) @ converter-moshi ---
[INFO] Installing /home/travis/build/square/retrofit/retrofit-converters/moshi/target/converter-moshi-2.1.1-SNAPSHOT.jar to /home/travis/.m2/repository/com/squareup/retrofit2/converter-moshi/2.1.1-SNAPSHOT/converter-moshi-2.1.1-SNAPSHOT.jar
[INFO] Installing /home/travis/build/square/retrofit/retrofit-converters/moshi/pom.xml to /home/travis/.m2/repository/com/squareup/retrofit2/converter-moshi/2.1.1-SNAPSHOT/converter-moshi-2.1.1-SNAPSHOT.pom
[INFO]                                                                         
[INFO] ------------------------------------------------------------------------
[INFO] Building Retrofit Mock Adapter 2.1.1-SNAPSHOT
[INFO] ------------------------------------------------------------------------
[INFO] 
[INFO] --- maven-enforcer-plugin:1.0:enforce (enforce-maven) @ retrofit-mock ---
[INFO] 
[INFO] --- maven-resources-plugin:2.6:resources (default-resources) @ retrofit-mock ---
[INFO] Using 'UTF-8' encoding to copy filtered resources.
[INFO] skip non existing resourceDirectory /home/travis/build/square/retrofit/retrofit-mock/src/main/resources
[INFO] 
[INFO] --- maven-compiler-plugin:3.0:compile (default-compile) @ retrofit-mock ---
[INFO] Changes detected - recompiling the module!
[INFO] Compiling 5 source files to /home/travis/build/square/retrofit/retrofit-mock/target/classes
[INFO] 
[INFO] --- maven-resources-plugin:2.6:testResources (default-testResources) @ retrofit-mock ---
[INFO] Using 'UTF-8' encoding to copy filtered resources.
[INFO] skip non existing resourceDirectory /home/travis/build/square/retrofit/retrofit-mock/src/test/resources
[INFO] 
[INFO] --- maven-compiler-plugin:3.0:testCompile (default-testCompile) @ retrofit-mock ---
[INFO] Changes detected - recompiling the module!
[INFO] Compiling 3 source files to /home/travis/build/square/retrofit/retrofit-mock/target/test-classes
[INFO] 
[INFO] --- maven-surefire-plugin:2.12.4:test (default-test) @ retrofit-mock ---
[INFO] Tests are skipped.
[INFO] 
[INFO] --- animal-sniffer-maven-plugin:1.14:check (default) @ retrofit-mock ---
[INFO] Checking unresolved references to org.codehaus.mojo.signature:java16:1.1
[INFO] 
[INFO] --- maven-jar-plugin:2.4:jar (default-jar) @ retrofit-mock ---
[INFO] Building jar: /home/travis/build/square/retrofit/retrofit-mock/target/retrofit-mock-2.1.1-SNAPSHOT.jar
[INFO] 
[INFO] --- maven-javadoc-plugin:2.10.3:jar (attach-javadocs) @ retrofit-mock ---
[INFO] Skipping javadoc generation
[INFO] 
[INFO] --- maven-checkstyle-plugin:2.15:checkstyle (default) @ retrofit-mock ---
[INFO] Starting audit...
Audit done.
[WARNING] Unable to locate Source XRef to link to - DISABLED
[INFO] 
[INFO] --- maven-install-plugin:2.4:install (default-install) @ retrofit-mock ---
[INFO] Installing /home/travis/build/square/retrofit/retrofit-mock/target/retrofit-mock-2.1.1-SNAPSHOT.jar to /home/travis/.m2/repository/com/squareup/retrofit2/retrofit-mock/2.1.1-SNAPSHOT/retrofit-mock-2.1.1-SNAPSHOT.jar
[INFO] Installing /home/travis/build/square/retrofit/retrofit-mock/pom.xml to /home/travis/.m2/repository/com/squareup/retrofit2/retrofit-mock/2.1.1-SNAPSHOT/retrofit-mock-2.1.1-SNAPSHOT.pom
[INFO]                                                                         
[INFO] ------------------------------------------------------------------------
[INFO] Building Samples 2.1.1-SNAPSHOT
[INFO] ------------------------------------------------------------------------
[INFO] 
[INFO] --- maven-enforcer-plugin:1.0:enforce (enforce-maven) @ samples ---
[INFO] 
[INFO] --- maven-resources-plugin:2.6:resources (default-resources) @ samples ---
[INFO] Using 'UTF-8' encoding to copy filtered resources.
[INFO] skip non existing resourceDirectory /home/travis/build/square/retrofit/samples/src/main/resources
[INFO] 
[INFO] --- maven-compiler-plugin:3.0:compile (default-compile) @ samples ---
[INFO] Changes detected - recompiling the module!
[INFO] Compiling 9 source files to /home/travis/build/square/retrofit/samples/target/classes
[INFO] 
[INFO] --- maven-resources-plugin:2.6:testResources (default-testResources) @ samples ---
[INFO] Using 'UTF-8' encoding to copy filtered resources.
[INFO] skip non existing resourceDirectory /home/travis/build/square/retrofit/samples/src/test/resources
[INFO] 
[INFO] --- maven-compiler-plugin:3.0:testCompile (default-testCompile) @ samples ---
[INFO] No sources to compile
[INFO] 
[INFO] --- maven-surefire-plugin:2.12.4:test (default-test) @ samples ---
[INFO] Tests are skipped.
[INFO] 
[INFO] --- animal-sniffer-maven-plugin:1.14:check (default) @ samples ---
[INFO] Checking unresolved references to org.codehaus.mojo.signature:java16:1.1
[INFO] 
[INFO] --- maven-jar-plugin:2.4:jar (default-jar) @ samples ---
[INFO] Building jar: /home/travis/build/square/retrofit/samples/target/samples-2.1.1-SNAPSHOT.jar
[INFO] 
[INFO] --- maven-javadoc-plugin:2.10.3:jar (attach-javadocs) @ samples ---
[INFO] Skipping javadoc generation
[INFO] 
[INFO] --- maven-checkstyle-plugin:2.15:checkstyle (default) @ samples ---
[INFO] Starting audit...
Audit done.
[WARNING] Unable to locate Source XRef to link to - DISABLED
[INFO] 
[INFO] --- maven-install-plugin:2.4:install (default-install) @ samples ---
[INFO] Installing /home/travis/build/square/retrofit/samples/target/samples-2.1.1-SNAPSHOT.jar to /home/travis/.m2/repository/com/squareup/retrofit2/samples/2.1.1-SNAPSHOT/samples-2.1.1-SNAPSHOT.jar
[INFO] Installing /home/travis/build/square/retrofit/samples/pom.xml to /home/travis/.m2/repository/com/squareup/retrofit2/samples/2.1.1-SNAPSHOT/samples-2.1.1-SNAPSHOT.pom
[INFO] ------------------------------------------------------------------------
[INFO] Reactor Summary:
[INFO] 
[INFO] Retrofit (Parent) .................................. SUCCESS [  6.259 s]
[INFO] Retrofit ........................................... SUCCESS [ 18.048 s]
[INFO] Adapters ........................................... SUCCESS [  0.985 s]
[INFO] Adapter: Guava ..................................... SUCCESS [  3.189 s]
[INFO] Adapter: Java 8 .................................... SUCCESS [  1.186 s]
[INFO] Adapter: RxJava .................................... SUCCESS [  1.736 s]
[INFO] Converters ......................................... SUCCESS [  0.158 s]
[INFO] Converter: Gson .................................... SUCCESS [  0.618 s]
[INFO] Converter: Protocol Buffers ........................ SUCCESS [  0.882 s]
[INFO] Converter: Jackson ................................. SUCCESS [  1.043 s]
[INFO] Converter: Wire Protocol Buffers ................... SUCCESS [  0.912 s]
[INFO] Converter: SimpleXML ............................... SUCCESS [  1.029 s]
[INFO] Converter: Java Scalars ............................ SUCCESS [  1.331 s]
[INFO] Converter: Moshi ................................... SUCCESS [  0.620 s]
[INFO] Retrofit Mock Adapter .............................. SUCCESS [  0.762 s]
[INFO] Samples ............................................ SUCCESS [  1.379 s]
[INFO] ------------------------------------------------------------------------
[INFO] BUILD SUCCESS
[INFO] ------------------------------------------------------------------------
[INFO] Total time: 40.600 s
[INFO] Finished at: 2016-08-19T04:09:23+00:00
[INFO] Final Memory: 45M/435M
[INFO] ------------------------------------------------------------------------

travis_time:end:232b10b0:start=1471579721353899465,finish=1471579764209847086,duration=42855947621[0Ktravis_fold:end:install[0Ktravis_time:start:07fd3f3d[0K$ mvn test -B
Java HotSpot(TM) 64-Bit Server VM warning: ignoring option MaxPermSize=192m; support was removed in 8.0
[INFO] Scanning for projects...
[WARNING] 
[WARNING] Some problems were encountered while building the effective model for com.squareup.retrofit2:samples:jar:2.1.1-SNAPSHOT
[WARNING] 'build.plugins.plugin.version' for org.apache.maven.plugins:maven-deploy-plugin is missing. @ com.squareup.retrofit2:samples:[unknown-version], /home/travis/build/square/retrofit/samples/pom.xml, line 55, column 15
[WARNING] 
[WARNING] It is highly recommended to fix these problems because they threaten the stability of your build.
[WARNING] 
[WARNING] For this reason, future Maven versions might no longer support building such malformed projects.
[WARNING] 
[INFO] ------------------------------------------------------------------------
[INFO] Reactor Build Order:
[INFO] 
[INFO] Retrofit (Parent)
[INFO] Retrofit
[INFO] Adapters
[INFO] Adapter: Guava
[INFO] Adapter: Java 8
[INFO] Adapter: RxJava
[INFO] Converters
[INFO] Converter: Gson
[INFO] Converter: Protocol Buffers
[INFO] Converter: Jackson
[INFO] Converter: Wire Protocol Buffers
[INFO] Converter: SimpleXML
[INFO] Converter: Java Scalars
[INFO] Converter: Moshi
[INFO] Retrofit Mock Adapter
[INFO] Samples
[INFO]                                                                         
[INFO] ------------------------------------------------------------------------
[INFO] Building Retrofit (Parent) 2.1.1-SNAPSHOT
[INFO] ------------------------------------------------------------------------
[INFO] 
[INFO] --- maven-enforcer-plugin:1.0:enforce (enforce-maven) @ parent ---
[INFO] 
[INFO] --- animal-sniffer-maven-plugin:1.14:check (default) @ parent ---
[INFO] Checking unresolved references to org.codehaus.mojo.signature:java16:1.1
[INFO]                                                                         
[INFO] ------------------------------------------------------------------------
[INFO] Building Retrofit 2.1.1-SNAPSHOT
[INFO] ------------------------------------------------------------------------
[INFO] 
[INFO] --- maven-enforcer-plugin:1.0:enforce (enforce-maven) @ retrofit ---
[INFO] 
[INFO] --- maven-resources-plugin:2.6:resources (default-resources) @ retrofit ---
[INFO] Using 'UTF-8' encoding to copy filtered resources.
[INFO] skip non existing resourceDirectory /home/travis/build/square/retrofit/retrofit/src/main/resources
[INFO] 
[INFO] --- maven-compiler-plugin:3.0:compile (default-compile) @ retrofit ---
[INFO] Changes detected - recompiling the module!
[INFO] Compiling 40 source files to /home/travis/build/square/retrofit/retrofit/target/classes
[WARNING] /home/travis/build/square/retrofit/retrofit/src/main/java/retrofit2/Retrofit.java: Some input files use unchecked or unsafe operations.
[WARNING] /home/travis/build/square/retrofit/retrofit/src/main/java/retrofit2/Retrofit.java: Recompile with -Xlint:unchecked for details.
[INFO] 
[INFO] --- maven-resources-plugin:2.6:testResources (default-testResources) @ retrofit ---
[INFO] Using 'UTF-8' encoding to copy filtered resources.
[INFO] skip non existing resourceDirectory /home/travis/build/square/retrofit/retrofit/src/test/resources
[INFO] 
[INFO] --- maven-compiler-plugin:3.0:testCompile (default-testCompile) @ retrofit ---
[INFO] Changes detected - recompiling the module!
[INFO] Compiling 14 source files to /home/travis/build/square/retrofit/retrofit/target/test-classes
[WARNING] /home/travis/build/square/retrofit/retrofit/src/test/java/retrofit2/RetrofitTest.java: /home/travis/build/square/retrofit/retrofit/src/test/java/retrofit2/RetrofitTest.java uses unchecked or unsafe operations.
[WARNING] /home/travis/build/square/retrofit/retrofit/src/test/java/retrofit2/RetrofitTest.java: Recompile with -Xlint:unchecked for details.
[INFO] 
[INFO] --- maven-surefire-plugin:2.12.4:test (default-test) @ retrofit ---
[INFO] Surefire report directory: /home/travis/build/square/retrofit/retrofit/target/surefire-reports

-------------------------------------------------------
 T E S T S
-------------------------------------------------------
Running retrofit2.CallTest
Aug 19, 2016 4:09:40 AM okhttp3.mockwebserver.MockWebServer$3 execute
INFO: MockWebServer[53193] starting to accept connections
Aug 19, 2016 4:09:40 AM okhttp3.mockwebserver.MockWebServer$3 acceptConnections
INFO: MockWebServer[53193] done accepting connections: Socket closed
Aug 19, 2016 4:09:40 AM okhttp3.mockwebserver.MockWebServer$3 execute
INFO: MockWebServer[46237] starting to accept connections
Aug 19, 2016 4:09:40 AM okhttp3.mockwebserver.MockWebServer$3 acceptConnections
INFO: MockWebServer[46237] done accepting connections: Socket closed
Aug 19, 2016 4:09:40 AM okhttp3.mockwebserver.MockWebServer$4 processOneRequest
INFO: MockWebServer[46237] received request: GET / HTTP/1.1 and responded: HTTP/1.1 200 OK
Aug 19, 2016 4:09:40 AM okhttp3.mockwebserver.MockWebServer$3 execute
INFO: MockWebServer[57637] starting to accept connections
Aug 19, 2016 4:09:40 AM okhttp3.mockwebserver.MockWebServer$3 acceptConnections
INFO: MockWebServer[57637] done accepting connections: Socket closed
Aug 19, 2016 4:09:40 AM okhttp3.mockwebserver.MockWebServer$4 processOneRequest
INFO: MockWebServer[57637] received request: GET / HTTP/1.1 and responded: HTTP/1.1 404 Client Error
Aug 19, 2016 4:09:40 AM okhttp3.mockwebserver.MockWebServer$3 execute
INFO: MockWebServer[48135] starting to accept connections
Aug 19, 2016 4:09:41 AM okhttp3.mockwebserver.MockWebServer$3 acceptConnections
INFO: MockWebServer[48135] done accepting connections: Socket closed
Aug 19, 2016 4:09:41 AM okhttp3.mockwebserver.MockWebServer$4 processOneRequest
INFO: MockWebServer[48135] received request: POST /Hello HTTP/1.1 and responded: HTTP/1.1 200 OK
Aug 19, 2016 4:09:41 AM okhttp3.mockwebserver.MockWebServer$3 execute
INFO: MockWebServer[51456] starting to accept connections
Aug 19, 2016 4:09:41 AM okhttp3.mockwebserver.MockWebServer$3 acceptConnections
INFO: MockWebServer[51456] done accepting connections: Socket closed
Aug 19, 2016 4:09:41 AM okhttp3.mockwebserver.MockWebServer$3 execute
INFO: MockWebServer[39364] starting to accept connections
Aug 19, 2016 4:09:41 AM okhttp3.mockwebserver.MockWebServer$3 acceptConnections
INFO: MockWebServer[39364] done accepting connections: Socket closed
Aug 19, 2016 4:09:41 AM okhttp3.mockwebserver.MockWebServer$3 execute
INFO: MockWebServer[38886] starting to accept connections
Aug 19, 2016 4:09:41 AM okhttp3.mockwebserver.MockWebServer$3 acceptConnections
INFO: MockWebServer[38886] done accepting connections: Socket closed
Aug 19, 2016 4:09:41 AM okhttp3.mockwebserver.MockWebServer$4 processOneRequest
INFO: MockWebServer[38886] received request: GET / HTTP/1.1 and responded: HTTP/1.1 200 OK
Aug 19, 2016 4:09:41 AM okhttp3.mockwebserver.MockWebServer$3 execute
INFO: MockWebServer[49437] starting to accept connections
Aug 19, 2016 4:09:41 AM okhttp3.mockwebserver.MockWebServer$3 acceptConnections
INFO: MockWebServer[49437] done accepting connections: Socket closed
Aug 19, 2016 4:09:41 AM okhttp3.mockwebserver.MockWebServer$4 processOneRequest
INFO: MockWebServer[49437] received request: GET / HTTP/1.1 and responded: HTTP/1.1 200 OK
Aug 19, 2016 4:09:41 AM okhttp3.mockwebserver.MockWebServer$3 execute
INFO: MockWebServer[56379] starting to accept connections
Aug 19, 2016 4:09:41 AM okhttp3.mockwebserver.MockWebServer$3 acceptConnections
INFO: MockWebServer[56379] done accepting connections: Socket is closed
Aug 19, 2016 4:09:41 AM okhttp3.mockwebserver.MockWebServer$3 execute
INFO: MockWebServer[54472] starting to accept connections
Aug 19, 2016 4:09:41 AM okhttp3.mockwebserver.MockWebServer$3 acceptConnections
INFO: MockWebServer[54472] done accepting connections: Socket closed
Aug 19, 2016 4:09:41 AM okhttp3.mockwebserver.MockWebServer$4 processOneRequest
INFO: MockWebServer[54472] received request: POST /Hello HTTP/1.1 and responded: HTTP/1.1 200 OK
Aug 19, 2016 4:09:41 AM okhttp3.mockwebserver.MockWebServer$3 execute
INFO: MockWebServer[55684] starting to accept connections
Aug 19, 2016 4:09:41 AM okhttp3.mockwebserver.MockWebServer$3 acceptConnections
INFO: MockWebServer[55684] done accepting connections: Socket closed
Aug 19, 2016 4:09:41 AM okhttp3.mockwebserver.MockWebServer$4 processOneRequest
INFO: MockWebServer[55684] received request: POST /Hello HTTP/1.1 and responded: HTTP/1.1 200 OK
Aug 19, 2016 4:09:41 AM okhttp3.mockwebserver.MockWebServer$3 execute
INFO: MockWebServer[32981] starting to accept connections
Aug 19, 2016 4:09:41 AM okhttp3.mockwebserver.MockWebServer$3 acceptConnections
INFO: MockWebServer[32981] done accepting connections: Socket is closed
Aug 19, 2016 4:09:41 AM okhttp3.mockwebserver.MockWebServer$3 execute
INFO: MockWebServer[49684] starting to accept connections
Aug 19, 2016 4:09:41 AM okhttp3.mockwebserver.MockWebServer$3 acceptConnections
INFO: MockWebServer[49684] done accepting connections: Socket closed
Aug 19, 2016 4:09:41 AM okhttp3.mockwebserver.MockWebServer$4 processOneRequest
INFO: MockWebServer[49684] received request: GET / HTTP/1.1 and responded: HTTP/1.1 404 Client Error
Aug 19, 2016 4:09:41 AM okhttp3.mockwebserver.MockWebServer$3 execute
INFO: MockWebServer[52810] starting to accept connections
Aug 19, 2016 4:09:41 AM okhttp3.mockwebserver.MockWebServer$3 acceptConnections
INFO: MockWebServer[52810] done accepting connections: Socket closed
Aug 19, 2016 4:09:41 AM okhttp3.mockwebserver.MockWebServer$4 processOneRequest
INFO: MockWebServer[52810] received request: POST / HTTP/1.1 and responded: HTTP/1.1 200 OK
Aug 19, 2016 4:09:41 AM okhttp3.mockwebserver.MockWebServer$3 execute
INFO: MockWebServer[51983] starting to accept connections
Aug 19, 2016 4:09:41 AM okhttp3.mockwebserver.MockWebServer$3 acceptConnections
INFO: MockWebServer[51983] done accepting connections: Socket closed
Aug 19, 2016 4:09:41 AM okhttp3.mockwebserver.MockWebServer$4 processOneRequest
INFO: MockWebServer[51983] received request: GET / HTTP/1.1 and responded: HTTP/1.1 204 Nothin
Aug 19, 2016 4:09:41 AM okhttp3.mockwebserver.MockWebServer$3 execute
INFO: MockWebServer[47777] starting to accept connections
Aug 19, 2016 4:09:41 AM okhttp3.mockwebserver.MockWebServer$3 acceptConnections
INFO: MockWebServer[47777] done accepting connections: Socket is closed
Aug 19, 2016 4:09:41 AM okhttp3.mockwebserver.MockWebServer$3 execute
INFO: MockWebServer[51166] starting to accept connections
Aug 19, 2016 4:09:41 AM okhttp3.mockwebserver.MockWebServer$3 acceptConnections
INFO: MockWebServer[51166] done accepting connections: Socket closed
Aug 19, 2016 4:09:41 AM okhttp3.mockwebserver.MockWebServer$4 processOneRequest
INFO: MockWebServer[51166] received request: GET / HTTP/1.1 and responded: HTTP/1.1 200 OK
Aug 19, 2016 4:09:41 AM okhttp3.mockwebserver.MockWebServer$3 execute
INFO: MockWebServer[58297] starting to accept connections
Aug 19, 2016 4:09:41 AM okhttp3.mockwebserver.MockWebServer$3 acceptConnections
INFO: MockWebServer[58297] done accepting connections: Socket closed
Aug 19, 2016 4:09:41 AM okhttp3.mockwebserver.MockWebServer$4 processOneRequest
INFO: MockWebServer[58297] received request: POST /Hello HTTP/1.1 and responded: HTTP/1.1 200 OK
Aug 19, 2016 4:09:41 AM okhttp3.mockwebserver.MockWebServer$3 execute
INFO: MockWebServer[54200] starting to accept connections
Aug 19, 2016 4:09:41 AM okhttp3.mockwebserver.MockWebServer$4 processOneRequest
INFO: MockWebServer[54200] received request: GET / HTTP/1.1 and responded: HTTP/1.1 200 OK
Aug 19, 2016 4:09:41 AM okhttp3.mockwebserver.MockWebServer$3 acceptConnections
INFO: MockWebServer[54200] done accepting connections: Socket closed
Aug 19, 2016 4:09:41 AM okhttp3.mockwebserver.MockWebServer$3 execute
INFO: MockWebServer[42436] starting to accept connections
Aug 19, 2016 4:09:41 AM okhttp3.mockwebserver.MockWebServer$3 acceptConnections
INFO: MockWebServer[42436] done accepting connections: Socket closed
Aug 19, 2016 4:09:41 AM okhttp3.mockwebserver.MockWebServer$4 processOneRequest
INFO: MockWebServer[42436] received request: POST / HTTP/1.1 and responded: HTTP/1.1 200 OK
Aug 19, 2016 4:09:41 AM okhttp3.mockwebserver.MockWebServer$3 execute
INFO: MockWebServer[47321] starting to accept connections
Aug 19, 2016 4:09:41 AM okhttp3.mockwebserver.MockWebServer$3 acceptConnections
INFO: MockWebServer[47321] done accepting connections: Socket is closed
Aug 19, 2016 4:09:41 AM okhttp3.mockwebserver.MockWebServer$3 execute
INFO: MockWebServer[38558] starting to accept connections
Aug 19, 2016 4:09:41 AM okhttp3.mockwebserver.MockWebServer$3 acceptConnections
INFO: MockWebServer[38558] done accepting connections: Socket is closed
Aug 19, 2016 4:09:41 AM okhttp3.mockwebserver.MockWebServer$3 execute
INFO: MockWebServer[46681] starting to accept connections
Aug 19, 2016 4:09:41 AM okhttp3.mockwebserver.MockWebServer$3 acceptConnections
INFO: MockWebServer[46681] done accepting connections: Socket closed
Aug 19, 2016 4:09:41 AM okhttp3.mockwebserver.MockWebServer$3 execute
INFO: MockWebServer[35624] starting to accept connections
Aug 19, 2016 4:09:41 AM okhttp3.mockwebserver.MockWebServer$4 processOneRequest
INFO: MockWebServer[35624] received request: GET / HTTP/1.1 and responded: HTTP/1.1 200 OK
Aug 19, 2016 4:09:41 AM okhttp3.mockwebserver.MockWebServer$3 acceptConnections
INFO: MockWebServer[35624] done accepting connections: Socket closed
Aug 19, 2016 4:09:41 AM okhttp3.mockwebserver.MockWebServer$3 execute
INFO: MockWebServer[54350] starting to accept connections
Aug 19, 2016 4:09:41 AM okhttp3.mockwebserver.MockWebServer$3 acceptConnections
INFO: MockWebServer[54350] done accepting connections: Socket closed
Aug 19, 2016 4:09:41 AM okhttp3.mockwebserver.MockWebServer$4 processOneRequest
INFO: MockWebServer[54350] received request: GET / HTTP/1.1 and responded: HTTP/1.1 200 OK
Aug 19, 2016 4:09:41 AM okhttp3.mockwebserver.MockWebServer$3 execute
INFO: MockWebServer[44829] starting to accept connections
Aug 19, 2016 4:09:41 AM okhttp3.mockwebserver.MockWebServer$3 acceptConnections
INFO: MockWebServer[44829] done accepting connections: Socket closed
Aug 19, 2016 4:09:41 AM okhttp3.mockwebserver.MockWebServer$4 processOneRequest
INFO: MockWebServer[44829] received request: GET / HTTP/1.1 and responded: HTTP/1.1 205 Nothin
Aug 19, 2016 4:09:41 AM okhttp3.mockwebserver.MockWebServer$3 execute
INFO: MockWebServer[47870] starting to accept connections
Aug 19, 2016 4:09:41 AM okhttp3.mockwebserver.MockWebServer$4 processOneRequest
INFO: MockWebServer[47870] received request: GET / HTTP/1.1 and responded: HTTP/1.1 200 OK
Aug 19, 2016 4:09:41 AM okhttp3.mockwebserver.MockWebServer$4 processOneRequest
INFO: MockWebServer[47870] received request: GET / HTTP/1.1 and responded: HTTP/1.1 200 OK
Aug 19, 2016 4:09:41 AM okhttp3.mockwebserver.MockWebServer$3 acceptConnections
INFO: MockWebServer[47870] done accepting connections: Socket closed
Aug 19, 2016 4:09:41 AM okhttp3.mockwebserver.MockWebServer$3 execute
INFO: MockWebServer[38922] starting to accept connections
Aug 19, 2016 4:09:41 AM okhttp3.mockwebserver.MockWebServer$4 processOneRequest
INFO: MockWebServer[38922] received request: GET / HTTP/1.1 and responded: HTTP/1.1 200 OK
Aug 19, 2016 4:09:41 AM okhttp3.mockwebserver.MockWebServer$3 acceptConnections
INFO: MockWebServer[38922] done accepting connections: Socket closed
Aug 19, 2016 4:09:41 AM okhttp3.mockwebserver.MockWebServer$3 execute
INFO: MockWebServer[46022] starting to accept connections
Aug 19, 2016 4:09:41 AM okhttp3.mockwebserver.MockWebServer$3 acceptConnections
INFO: MockWebServer[46022] done accepting connections: Socket closed
Aug 19, 2016 4:09:41 AM okhttp3.mockwebserver.MockWebServer$3 execute
INFO: MockWebServer[34942] starting to accept connections
Aug 19, 2016 4:09:41 AM okhttp3.mockwebserver.MockWebServer$3 acceptConnections
INFO: MockWebServer[34942] done accepting connections: Socket closed
Aug 19, 2016 4:09:41 AM okhttp3.mockwebserver.MockWebServer$3 execute
INFO: MockWebServer[59013] starting to accept connections
Aug 19, 2016 4:09:41 AM okhttp3.mockwebserver.MockWebServer$3 acceptConnections
INFO: MockWebServer[59013] done accepting connections: Socket closed
Aug 19, 2016 4:09:41 AM okhttp3.mockwebserver.MockWebServer$3 execute
INFO: MockWebServer[47125] starting to accept connections
Aug 19, 2016 4:09:41 AM okhttp3.mockwebserver.MockWebServer$3 acceptConnections
INFO: MockWebServer[47125] done accepting connections: Socket closed
Aug 19, 2016 4:09:41 AM okhttp3.mockwebserver.MockWebServer$4 processOneRequest
INFO: MockWebServer[47125] received request: GET / HTTP/1.1 and responded: HTTP/1.1 200 OK
Aug 19, 2016 4:09:41 AM okhttp3.mockwebserver.MockWebServer$3 execute
INFO: MockWebServer[39864] starting to accept connections
Aug 19, 2016 4:09:41 AM okhttp3.mockwebserver.MockWebServer$3 acceptConnections
INFO: MockWebServer[39864] done accepting connections: Socket closed
Aug 19, 2016 4:09:41 AM okhttp3.mockwebserver.MockWebServer$4 processOneRequest
INFO: MockWebServer[39864] received request: GET / HTTP/1.1 and responded: HTTP/1.1 200 OK
Aug 19, 2016 4:09:41 AM okhttp3.mockwebserver.MockWebServer$3 execute
INFO: MockWebServer[32807] starting to accept connections
Aug 19, 2016 4:09:41 AM okhttp3.mockwebserver.MockWebServer$3 acceptConnections
INFO: MockWebServer[32807] done accepting connections: Socket closed
Aug 19, 2016 4:09:41 AM okhttp3.mockwebserver.MockWebServer$4 processOneRequest
INFO: MockWebServer[32807] received request: GET / HTTP/1.1 and responded: HTTP/1.1 200 OK
Tests run: 34, Failures: 0, Errors: 0, Skipped: 0, Time elapsed: 1.624 sec
Running retrofit2.RequestBuilderTest
Tests run: 139, Failures: 0, Errors: 0, Skipped: 2, Time elapsed: 0.31 sec
Running retrofit2.ExecutorCallAdapterFactoryTest
Tests run: 7, Failures: 0, Errors: 0, Skipped: 0, Time elapsed: 0.173 sec
Running retrofit2.ServiceMethodTest
Tests run: 1, Failures: 0, Errors: 0, Skipped: 0, Time elapsed: 0.002 sec
Running retrofit2.RetrofitTest
Aug 19, 2016 4:09:42 AM okhttp3.mockwebserver.MockWebServer$3 execute
INFO: MockWebServer[56822] starting to accept connections
Aug 19, 2016 4:09:42 AM okhttp3.mockwebserver.MockWebServer$3 acceptConnections
INFO: MockWebServer[56822] done accepting connections: Socket is closed
Aug 19, 2016 4:09:42 AM okhttp3.mockwebserver.MockWebServer$3 execute
INFO: MockWebServer[38449] starting to accept connections
Aug 19, 2016 4:09:42 AM okhttp3.mockwebserver.MockWebServer$3 acceptConnections
INFO: MockWebServer[38449] done accepting connections: Socket is closed
Aug 19, 2016 4:09:42 AM okhttp3.mockwebserver.MockWebServer$3 execute
INFO: MockWebServer[60212] starting to accept connections
Aug 19, 2016 4:09:42 AM okhttp3.mockwebserver.MockWebServer$3 acceptConnections
INFO: MockWebServer[60212] done accepting connections: Socket is closed
Aug 19, 2016 4:09:42 AM okhttp3.mockwebserver.MockWebServer$3 execute
INFO: MockWebServer[34294] starting to accept connections
Aug 19, 2016 4:09:42 AM okhttp3.mockwebserver.MockWebServer$3 acceptConnections
INFO: MockWebServer[34294] done accepting connections: Socket is closed
Aug 19, 2016 4:09:42 AM okhttp3.mockwebserver.MockWebServer$3 execute
INFO: MockWebServer[40452] starting to accept connections
Aug 19, 2016 4:09:42 AM okhttp3.mockwebserver.MockWebServer$3 acceptConnections
INFO: MockWebServer[40452] done accepting connections: Socket is closed
Aug 19, 2016 4:09:42 AM okhttp3.mockwebserver.MockWebServer$3 execute
INFO: MockWebServer[60732] starting to accept connections
Aug 19, 2016 4:09:42 AM okhttp3.mockwebserver.MockWebServer$3 acceptConnections
INFO: MockWebServer[60732] done accepting connections: Socket closed
Aug 19, 2016 4:09:42 AM okhttp3.mockwebserver.MockWebServer$4 processOneRequest
INFO: MockWebServer[60732] received request: GET / HTTP/1.1 and responded: HTTP/1.1 200 OK
Aug 19, 2016 4:09:42 AM okhttp3.mockwebserver.MockWebServer$3 execute
INFO: MockWebServer[34005] starting to accept connections
Aug 19, 2016 4:09:42 AM okhttp3.mockwebserver.MockWebServer$3 acceptConnections
INFO: MockWebServer[34005] done accepting connections: Socket is closed
Aug 19, 2016 4:09:42 AM okhttp3.mockwebserver.MockWebServer$3 execute
INFO: MockWebServer[50341] starting to accept connections
Aug 19, 2016 4:09:42 AM okhttp3.mockwebserver.MockWebServer$3 acceptConnections
INFO: MockWebServer[50341] done accepting connections: Socket is closed
Aug 19, 2016 4:09:42 AM okhttp3.mockwebserver.MockWebServer$3 execute
INFO: MockWebServer[36321] starting to accept connections
Aug 19, 2016 4:09:42 AM okhttp3.mockwebserver.MockWebServer$3 acceptConnections
INFO: MockWebServer[36321] done accepting connections: Socket is closed
Aug 19, 2016 4:09:42 AM okhttp3.mockwebserver.MockWebServer$3 execute
INFO: MockWebServer[40745] starting to accept connections
Aug 19, 2016 4:09:42 AM okhttp3.mockwebserver.MockWebServer$3 acceptConnections
INFO: MockWebServer[40745] done accepting connections: Socket is closed
Aug 19, 2016 4:09:42 AM okhttp3.mockwebserver.MockWebServer$3 execute
INFO: MockWebServer[36000] starting to accept connections
Aug 19, 2016 4:09:42 AM okhttp3.mockwebserver.MockWebServer$3 acceptConnections
INFO: MockWebServer[36000] done accepting connections: Socket is closed
Aug 19, 2016 4:09:42 AM okhttp3.mockwebserver.MockWebServer$3 execute
INFO: MockWebServer[50369] starting to accept connections
Aug 19, 2016 4:09:42 AM okhttp3.mockwebserver.MockWebServer$3 acceptConnections
INFO: MockWebServer[50369] done accepting connections: Socket is closed
Aug 19, 2016 4:09:42 AM okhttp3.mockwebserver.MockWebServer$3 execute
INFO: MockWebServer[47574] starting to accept connections
Aug 19, 2016 4:09:42 AM okhttp3.mockwebserver.MockWebServer$3 acceptConnections
INFO: MockWebServer[47574] done accepting connections: Socket is closed
Aug 19, 2016 4:09:42 AM okhttp3.mockwebserver.MockWebServer$3 execute
INFO: MockWebServer[51219] starting to accept connections
Aug 19, 2016 4:09:42 AM okhttp3.mockwebserver.MockWebServer$3 acceptConnections
INFO: MockWebServer[51219] done accepting connections: Socket closed
Aug 19, 2016 4:09:42 AM okhttp3.mockwebserver.MockWebServer$3 execute
INFO: MockWebServer[45721] starting to accept connections
Aug 19, 2016 4:09:42 AM okhttp3.mockwebserver.MockWebServer$3 acceptConnections
INFO: MockWebServer[45721] done accepting connections: Socket is closed
Aug 19, 2016 4:09:42 AM okhttp3.mockwebserver.MockWebServer$3 execute
INFO: MockWebServer[53855] starting to accept connections
Aug 19, 2016 4:09:42 AM okhttp3.mockwebserver.MockWebServer$3 acceptConnections
INFO: MockWebServer[53855] done accepting connections: Socket closed
Aug 19, 2016 4:09:42 AM okhttp3.mockwebserver.MockWebServer$3 execute
INFO: MockWebServer[48154] starting to accept connections
Aug 19, 2016 4:09:42 AM okhttp3.mockwebserver.MockWebServer$3 acceptConnections
INFO: MockWebServer[48154] done accepting connections: Socket closed
Aug 19, 2016 4:09:42 AM okhttp3.mockwebserver.MockWebServer$4 processOneRequest
INFO: MockWebServer[48154] received request: GET / HTTP/1.1 and responded: HTTP/1.1 200 OK
Aug 19, 2016 4:09:42 AM okhttp3.mockwebserver.MockWebServer$3 execute
INFO: MockWebServer[49899] starting to accept connections
Aug 19, 2016 4:09:42 AM okhttp3.mockwebserver.MockWebServer$3 acceptConnections
INFO: MockWebServer[49899] done accepting connections: Socket is closed
Aug 19, 2016 4:09:42 AM okhttp3.mockwebserver.MockWebServer$3 execute
INFO: MockWebServer[51609] starting to accept connections
Aug 19, 2016 4:09:42 AM okhttp3.mockwebserver.MockWebServer$3 acceptConnections
INFO: MockWebServer[51609] done accepting connections: Socket is closed
Aug 19, 2016 4:09:42 AM okhttp3.mockwebserver.MockWebServer$3 execute
INFO: MockWebServer[39385] starting to accept connections
Aug 19, 2016 4:09:42 AM okhttp3.mockwebserver.MockWebServer$3 acceptConnections
INFO: MockWebServer[39385] done accepting connections: Socket closed
Aug 19, 2016 4:09:42 AM okhttp3.mockwebserver.MockWebServer$4 processOneRequest
INFO: MockWebServer[39385] received request: GET / HTTP/1.1 and responded: HTTP/1.1 200 OK
Aug 19, 2016 4:09:42 AM okhttp3.mockwebserver.MockWebServer$3 execute
INFO: MockWebServer[59694] starting to accept connections
Aug 19, 2016 4:09:42 AM okhttp3.mockwebserver.MockWebServer$3 acceptConnections
INFO: MockWebServer[59694] done accepting connections: Socket closed
Aug 19, 2016 4:09:42 AM okhttp3.mockwebserver.MockWebServer$3 execute
INFO: MockWebServer[41389] starting to accept connections
Aug 19, 2016 4:09:42 AM okhttp3.mockwebserver.MockWebServer$3 acceptConnections
INFO: MockWebServer[41389] done accepting connections: Socket closed
Aug 19, 2016 4:09:42 AM okhttp3.mockwebserver.MockWebServer$4 processOneRequest
INFO: MockWebServer[41389] received request: POST / HTTP/1.1 and responded: HTTP/1.1 200 OK
Aug 19, 2016 4:09:42 AM okhttp3.mockwebserver.MockWebServer$3 execute
INFO: MockWebServer[57736] starting to accept connections
Aug 19, 2016 4:09:42 AM okhttp3.mockwebserver.MockWebServer$3 acceptConnections
INFO: MockWebServer[57736] done accepting connections: Socket is closed
Aug 19, 2016 4:09:42 AM okhttp3.mockwebserver.MockWebServer$3 execute
INFO: MockWebServer[50934] starting to accept connections
Aug 19, 2016 4:09:42 AM okhttp3.mockwebserver.MockWebServer$3 acceptConnections
INFO: MockWebServer[50934] done accepting connections: Socket is closed
Aug 19, 2016 4:09:42 AM okhttp3.mockwebserver.MockWebServer$3 execute
INFO: MockWebServer[36036] starting to accept connections
Aug 19, 2016 4:09:42 AM okhttp3.mockwebserver.MockWebServer$3 acceptConnections
INFO: MockWebServer[36036] done accepting connections: Socket is closed
Aug 19, 2016 4:09:42 AM okhttp3.mockwebserver.MockWebServer$3 execute
INFO: MockWebServer[33142] starting to accept connections
Aug 19, 2016 4:09:42 AM okhttp3.mockwebserver.MockWebServer$3 acceptConnections
INFO: MockWebServer[33142] done accepting connections: Socket is closed
Aug 19, 2016 4:09:42 AM okhttp3.mockwebserver.MockWebServer$3 execute
INFO: MockWebServer[58966] starting to accept connections
Aug 19, 2016 4:09:42 AM okhttp3.mockwebserver.MockWebServer$3 acceptConnections
INFO: MockWebServer[58966] done accepting connections: Socket is closed
Aug 19, 2016 4:09:42 AM okhttp3.mockwebserver.MockWebServer$3 execute
INFO: MockWebServer[55541] starting to accept connections
Aug 19, 2016 4:09:42 AM okhttp3.mockwebserver.MockWebServer$3 acceptConnections
INFO: MockWebServer[55541] done accepting connections: Socket is closed
Aug 19, 2016 4:09:42 AM okhttp3.mockwebserver.MockWebServer$3 execute
INFO: MockWebServer[49634] starting to accept connections
Aug 19, 2016 4:09:42 AM okhttp3.mockwebserver.MockWebServer$3 acceptConnections
INFO: MockWebServer[49634] done accepting connections: Socket is closed
Aug 19, 2016 4:09:42 AM okhttp3.mockwebserver.MockWebServer$3 execute
INFO: MockWebServer[36774] starting to accept connections
Aug 19, 2016 4:09:42 AM okhttp3.mockwebserver.MockWebServer$3 acceptConnections
INFO: MockWebServer[36774] done accepting connections: Socket closed
Aug 19, 2016 4:09:42 AM okhttp3.mockwebserver.MockWebServer$4 processOneRequest
INFO: MockWebServer[36774] received request: GET / HTTP/1.1 and responded: HTTP/1.1 200 OK
Aug 19, 2016 4:09:42 AM okhttp3.mockwebserver.MockWebServer$3 execute
INFO: MockWebServer[45241] starting to accept connections
Aug 19, 2016 4:09:42 AM okhttp3.mockwebserver.MockWebServer$3 acceptConnections
INFO: MockWebServer[45241] done accepting connections: Socket is closed
Aug 19, 2016 4:09:42 AM okhttp3.mockwebserver.MockWebServer$3 execute
INFO: MockWebServer[49486] starting to accept connections
Aug 19, 2016 4:09:42 AM okhttp3.mockwebserver.MockWebServer$3 acceptConnections
INFO: MockWebServer[49486] done accepting connections: Socket is closed
Aug 19, 2016 4:09:42 AM okhttp3.mockwebserver.MockWebServer$3 execute
INFO: MockWebServer[36442] starting to accept connections
Aug 19, 2016 4:09:42 AM okhttp3.mockwebserver.MockWebServer$3 acceptConnections
INFO: MockWebServer[36442] done accepting connections: Socket is closed
Aug 19, 2016 4:09:42 AM okhttp3.mockwebserver.MockWebServer$3 execute
INFO: MockWebServer[35521] starting to accept connections
Aug 19, 2016 4:09:42 AM okhttp3.mockwebserver.MockWebServer$3 acceptConnections
INFO: MockWebServer[35521] done accepting connections: Socket is closed
Aug 19, 2016 4:09:42 AM okhttp3.mockwebserver.MockWebServer$3 execute
INFO: MockWebServer[33170] starting to accept connections
Aug 19, 2016 4:09:42 AM okhttp3.mockwebserver.MockWebServer$4 processOneRequest
INFO: MockWebServer[33170] received request: GET / HTTP/1.1 and responded: HTTP/1.1 200 OK
Aug 19, 2016 4:09:42 AM okhttp3.mockwebserver.MockWebServer$4 processOneRequest
INFO: MockWebServer[33170] received request: GET / HTTP/1.1 and responded: HTTP/1.1 200 OK
Aug 19, 2016 4:09:42 AM okhttp3.mockwebserver.MockWebServer$3 acceptConnections
INFO: MockWebServer[33170] done accepting connections: Socket closed
Aug 19, 2016 4:09:42 AM okhttp3.mockwebserver.MockWebServer$3 execute
INFO: MockWebServer[56416] starting to accept connections
Aug 19, 2016 4:09:42 AM okhttp3.mockwebserver.MockWebServer$3 acceptConnections
INFO: MockWebServer[56416] done accepting connections: Socket is closed
Aug 19, 2016 4:09:42 AM okhttp3.mockwebserver.MockWebServer$3 execute
INFO: MockWebServer[36044] starting to accept connections
Aug 19, 2016 4:09:42 AM okhttp3.mockwebserver.MockWebServer$3 acceptConnections
INFO: MockWebServer[36044] done accepting connections: Socket is closed
Aug 19, 2016 4:09:42 AM okhttp3.mockwebserver.MockWebServer$3 execute
INFO: MockWebServer[35183] starting to accept connections
Aug 19, 2016 4:09:42 AM okhttp3.mockwebserver.MockWebServer$3 acceptConnections
INFO: MockWebServer[35183] done accepting connections: Socket is closed
Aug 19, 2016 4:09:42 AM okhttp3.mockwebserver.MockWebServer$3 execute
INFO: MockWebServer[43017] starting to accept connections
Aug 19, 2016 4:09:42 AM okhttp3.mockwebserver.MockWebServer$3 acceptConnections
INFO: MockWebServer[43017] done accepting connections: Socket is closed
Aug 19, 2016 4:09:42 AM okhttp3.mockwebserver.MockWebServer$3 execute
INFO: MockWebServer[35240] starting to accept connections
Aug 19, 2016 4:09:42 AM okhttp3.mockwebserver.MockWebServer$3 acceptConnections
INFO: MockWebServer[35240] done accepting connections: Socket is closed
Aug 19, 2016 4:09:42 AM okhttp3.mockwebserver.MockWebServer$3 execute
INFO: MockWebServer[54856] starting to accept connections
Aug 19, 2016 4:09:42 AM okhttp3.mockwebserver.MockWebServer$3 acceptConnections
INFO: MockWebServer[54856] done accepting connections: Socket closed
Aug 19, 2016 4:09:42 AM okhttp3.mockwebserver.MockWebServer$3 execute
INFO: MockWebServer[37322] starting to accept connections
Aug 19, 2016 4:09:42 AM okhttp3.mockwebserver.MockWebServer$3 acceptConnections
INFO: MockWebServer[37322] done accepting connections: Socket is closed
Aug 19, 2016 4:09:42 AM okhttp3.mockwebserver.MockWebServer$3 execute
INFO: MockWebServer[60722] starting to accept connections
Aug 19, 2016 4:09:42 AM okhttp3.mockwebserver.MockWebServer$3 acceptConnections
INFO: MockWebServer[60722] done accepting connections: Socket is closed
Aug 19, 2016 4:09:42 AM okhttp3.mockwebserver.MockWebServer$3 execute
INFO: MockWebServer[52504] starting to accept connections
Aug 19, 2016 4:09:42 AM okhttp3.mockwebserver.MockWebServer$3 acceptConnections
INFO: MockWebServer[52504] done accepting connections: Socket is closed
Aug 19, 2016 4:09:42 AM okhttp3.mockwebserver.MockWebServer$3 execute
INFO: MockWebServer[47017] starting to accept connections
Aug 19, 2016 4:09:42 AM okhttp3.mockwebserver.MockWebServer$3 acceptConnections
INFO: MockWebServer[47017] done accepting connections: Socket is closed
Aug 19, 2016 4:09:42 AM okhttp3.mockwebserver.MockWebServer$3 execute
INFO: MockWebServer[47092] starting to accept connections
Aug 19, 2016 4:09:42 AM okhttp3.mockwebserver.MockWebServer$3 acceptConnections
INFO: MockWebServer[47092] done accepting connections: Socket is closed
Aug 19, 2016 4:09:42 AM okhttp3.mockwebserver.MockWebServer$3 execute
INFO: MockWebServer[47849] starting to accept connections
Aug 19, 2016 4:09:42 AM okhttp3.mockwebserver.MockWebServer$4 processOneRequest
INFO: MockWebServer[47849] received request: GET /?i=101 HTTP/1.1 and responded: HTTP/1.1 200 OK
Aug 19, 2016 4:09:42 AM okhttp3.mockwebserver.MockWebServer$4 processOneRequest
INFO: MockWebServer[47849] received request: GET /?i=201 HTTP/1.1 and responded: HTTP/1.1 200 OK
Aug 19, 2016 4:09:42 AM okhttp3.mockwebserver.MockWebServer$3 acceptConnections
INFO: MockWebServer[47849] done accepting connections: Socket closed
Aug 19, 2016 4:09:42 AM okhttp3.mockwebserver.MockWebServer$3 execute
INFO: MockWebServer[46819] starting to accept connections
Aug 19, 2016 4:09:42 AM okhttp3.mockwebserver.MockWebServer$3 acceptConnections
INFO: MockWebServer[46819] done accepting connections: Socket is closed
Aug 19, 2016 4:09:42 AM okhttp3.mockwebserver.MockWebServer$3 execute
INFO: MockWebServer[44875] starting to accept connections
Aug 19, 2016 4:09:42 AM okhttp3.mockwebserver.MockWebServer$3 acceptConnections
INFO: MockWebServer[44875] done accepting connections: Socket is closed
Aug 19, 2016 4:09:42 AM okhttp3.mockwebserver.MockWebServer$3 execute
INFO: MockWebServer[46350] starting to accept connections
Aug 19, 2016 4:09:42 AM okhttp3.mockwebserver.MockWebServer$3 acceptConnections
INFO: MockWebServer[46350] done accepting connections: Socket is closed
Aug 19, 2016 4:09:42 AM okhttp3.mockwebserver.MockWebServer$3 execute
INFO: MockWebServer[41818] starting to accept connections
Aug 19, 2016 4:09:42 AM okhttp3.mockwebserver.MockWebServer$3 acceptConnections
INFO: MockWebServer[41818] done accepting connections: Socket is closed
Aug 19, 2016 4:09:42 AM okhttp3.mockwebserver.MockWebServer$3 execute
INFO: MockWebServer[47689] starting to accept connections
Aug 19, 2016 4:09:42 AM okhttp3.mockwebserver.MockWebServer$3 acceptConnections
INFO: MockWebServer[47689] done accepting connections: Socket is closed
Aug 19, 2016 4:09:42 AM okhttp3.mockwebserver.MockWebServer$3 execute
INFO: MockWebServer[42830] starting to accept connections
Aug 19, 2016 4:09:42 AM okhttp3.mockwebserver.MockWebServer$3 acceptConnections
INFO: MockWebServer[42830] done accepting connections: Socket is closed
Aug 19, 2016 4:09:42 AM okhttp3.mockwebserver.MockWebServer$3 execute
INFO: MockWebServer[60770] starting to accept connections
Aug 19, 2016 4:09:42 AM okhttp3.mockwebserver.MockWebServer$3 acceptConnections
INFO: MockWebServer[60770] done accepting connections: Socket is closed
Aug 19, 2016 4:09:42 AM okhttp3.mockwebserver.MockWebServer$3 execute
INFO: MockWebServer[40590] starting to accept connections
Aug 19, 2016 4:09:42 AM okhttp3.mockwebserver.MockWebServer$3 acceptConnections
INFO: MockWebServer[40590] done accepting connections: Socket is closed
Aug 19, 2016 4:09:42 AM okhttp3.mockwebserver.MockWebServer$3 execute
INFO: MockWebServer[38369] starting to accept connections
Aug 19, 2016 4:09:42 AM okhttp3.mockwebserver.MockWebServer$3 acceptConnections
INFO: MockWebServer[38369] done accepting connections: Socket is closed
Aug 19, 2016 4:09:42 AM okhttp3.mockwebserver.MockWebServer$3 execute
INFO: MockWebServer[55207] starting to accept connections
Aug 19, 2016 4:09:42 AM okhttp3.mockwebserver.MockWebServer$3 acceptConnections
INFO: MockWebServer[55207] done accepting connections: Socket is closed
Aug 19, 2016 4:09:42 AM okhttp3.mockwebserver.MockWebServer$3 execute
INFO: MockWebServer[36904] starting to accept connections
Aug 19, 2016 4:09:42 AM okhttp3.mockwebserver.MockWebServer$3 acceptConnections
INFO: MockWebServer[36904] done accepting connections: Socket is closed
Aug 19, 2016 4:09:42 AM okhttp3.mockwebserver.MockWebServer$3 execute
INFO: MockWebServer[50782] starting to accept connections
Aug 19, 2016 4:09:42 AM okhttp3.mockwebserver.MockWebServer$3 acceptConnections
INFO: MockWebServer[50782] done accepting connections: Socket is closed
Aug 19, 2016 4:09:42 AM okhttp3.mockwebserver.MockWebServer$3 execute
INFO: MockWebServer[54941] starting to accept connections
Aug 19, 2016 4:09:42 AM okhttp3.mockwebserver.MockWebServer$3 acceptConnections
INFO: MockWebServer[54941] done accepting connections: Socket is closed
Aug 19, 2016 4:09:42 AM okhttp3.mockwebserver.MockWebServer$3 execute
INFO: MockWebServer[35107] starting to accept connections
Aug 19, 2016 4:09:42 AM okhttp3.mockwebserver.MockWebServer$3 acceptConnections
INFO: MockWebServer[35107] done accepting connections: Socket is closed
Aug 19, 2016 4:09:42 AM okhttp3.mockwebserver.MockWebServer$3 execute
INFO: MockWebServer[42957] starting to accept connections
Aug 19, 2016 4:09:42 AM okhttp3.mockwebserver.MockWebServer$3 acceptConnections
INFO: MockWebServer[42957] done accepting connections: Socket is closed
Aug 19, 2016 4:09:42 AM okhttp3.mockwebserver.MockWebServer$3 execute
INFO: MockWebServer[59041] starting to accept connections
Aug 19, 2016 4:09:42 AM okhttp3.mockwebserver.MockWebServer$3 acceptConnections
INFO: MockWebServer[59041] done accepting connections: Socket is closed
Aug 19, 2016 4:09:42 AM okhttp3.mockwebserver.MockWebServer$3 execute
INFO: MockWebServer[46182] starting to accept connections
Aug 19, 2016 4:09:42 AM okhttp3.mockwebserver.MockWebServer$3 acceptConnections
INFO: MockWebServer[46182] done accepting connections: Socket is closed
Tests run: 64, Failures: 0, Errors: 0, Skipped: 0, Time elapsed: 0.529 sec
Running retrofit2.RequestBuilderAndroidTest
WARNING: No manifest file found at ./AndroidManifest.xml.Falling back to the Android OS resources only.
To remove this warning, annotate your test class with @Config(manifest=Config.NONE).
WARNING: No manifest file found at ./AndroidManifest.xml.Falling back to the Android OS resources only.
To remove this warning, annotate your test class with @Config(manifest=Config.NONE).
Tests run: 2, Failures: 0, Errors: 0, Skipped: 0, Time elapsed: 7.565 sec
Running retrofit2.CallAdapterTest
Tests run: 4, Failures: 0, Errors: 0, Skipped: 0, Time elapsed: 0.03 sec
Running retrofit2.ResponseTest
Tests run: 14, Failures: 0, Errors: 0, Skipped: 0, Time elapsed: 0.031 sec

Results :

Tests run: 265, Failures: 0, Errors: 0, Skipped: 2

[INFO] 
[INFO] --- animal-sniffer-maven-plugin:1.14:check (default) @ retrofit ---
[INFO] Checking unresolved references to org.codehaus.mojo.signature:java16:1.1
[INFO]                                                                         
[INFO] ------------------------------------------------------------------------
[INFO] Building Adapters 2.1.1-SNAPSHOT
[INFO] ------------------------------------------------------------------------
[INFO] 
[INFO] --- maven-enforcer-plugin:1.0:enforce (enforce-maven) @ retrofit-adapters ---
[INFO] 
[INFO] --- animal-sniffer-maven-plugin:1.14:check (default) @ retrofit-adapters ---
[INFO] Checking unresolved references to org.codehaus.mojo.signature:java16:1.1
[INFO]                                                                         
[INFO] ------------------------------------------------------------------------
[INFO] Building Adapter: Guava 2.1.1-SNAPSHOT
[INFO] ------------------------------------------------------------------------
[INFO] 
[INFO] --- maven-enforcer-plugin:1.0:enforce (enforce-maven) @ adapter-guava ---
[INFO] 
[INFO] --- maven-resources-plugin:2.6:resources (default-resources) @ adapter-guava ---
[INFO] Using 'UTF-8' encoding to copy filtered resources.
[INFO] skip non existing resourceDirectory /home/travis/build/square/retrofit/retrofit-adapters/guava/src/main/resources
[INFO] 
[INFO] --- maven-compiler-plugin:3.0:compile (default-compile) @ adapter-guava ---
[INFO] Changes detected - recompiling the module!
[INFO] Compiling 2 source files to /home/travis/build/square/retrofit/retrofit-adapters/guava/target/classes
[INFO] 
[INFO] --- maven-resources-plugin:2.6:testResources (default-testResources) @ adapter-guava ---
[INFO] Using 'UTF-8' encoding to copy filtered resources.
[INFO] skip non existing resourceDirectory /home/travis/build/square/retrofit/retrofit-adapters/guava/src/test/resources
[INFO] 
[INFO] --- maven-compiler-plugin:3.0:testCompile (default-testCompile) @ adapter-guava ---
[INFO] Changes detected - recompiling the module!
[INFO] Compiling 3 source files to /home/travis/build/square/retrofit/retrofit-adapters/guava/target/test-classes
[INFO] 
[INFO] --- maven-surefire-plugin:2.12.4:test (default-test) @ adapter-guava ---
[INFO] Surefire report directory: /home/travis/build/square/retrofit/retrofit-adapters/guava/target/surefire-reports

-------------------------------------------------------
 T E S T S
-------------------------------------------------------
Running retrofit2.adapter.guava.ListenableFutureTest
Aug 19, 2016 4:09:53 AM okhttp3.mockwebserver.MockWebServer$3 execute
INFO: MockWebServer[60759] starting to accept connections
Aug 19, 2016 4:09:53 AM okhttp3.mockwebserver.MockWebServer$4 processOneRequest
INFO: MockWebServer[60759] received request: GET / HTTP/1.1 and responded: HTTP/1.1 200 OK
Aug 19, 2016 4:09:53 AM okhttp3.mockwebserver.MockWebServer$3 acceptConnections
INFO: MockWebServer[60759] done accepting connections: Socket closed
Aug 19, 2016 4:09:53 AM okhttp3.mockwebserver.MockWebServer$3 execute
INFO: MockWebServer[53382] starting to accept connections
Aug 19, 2016 4:09:53 AM okhttp3.mockwebserver.MockWebServer$4 processOneRequest
INFO: MockWebServer[53382] received request: GET / HTTP/1.1 and responded: HTTP/1.1 404 Client Error
Aug 19, 2016 4:09:53 AM okhttp3.mockwebserver.MockWebServer$3 acceptConnections
INFO: MockWebServer[53382] done accepting connections: Socket closed
Aug 19, 2016 4:09:53 AM okhttp3.mockwebserver.MockWebServer$3 execute
INFO: MockWebServer[44762] starting to accept connections
Aug 19, 2016 4:09:53 AM okhttp3.mockwebserver.MockWebServer$3 acceptConnections
INFO: MockWebServer[44762] done accepting connections: Socket closed
Aug 19, 2016 4:09:53 AM okhttp3.mockwebserver.MockWebServer$4 processConnection
WARNING: MockWebServer[44762] connection from /127.0.0.1 didn't make a request
Aug 19, 2016 4:09:53 AM okhttp3.mockwebserver.MockWebServer$3 execute
INFO: MockWebServer[49389] starting to accept connections
Aug 19, 2016 4:09:53 AM okhttp3.mockwebserver.MockWebServer$3 acceptConnections
INFO: MockWebServer[49389] done accepting connections: Socket closed
Aug 19, 2016 4:09:53 AM okhttp3.mockwebserver.MockWebServer$4 processOneRequest
INFO: MockWebServer[49389] received request: GET / HTTP/1.1 and responded: HTTP/1.1 200 OK
Aug 19, 2016 4:09:53 AM okhttp3.mockwebserver.MockWebServer$3 execute
INFO: MockWebServer[54798] starting to accept connections
Aug 19, 2016 4:09:53 AM okhttp3.mockwebserver.MockWebServer$4 processOneRequest
INFO: MockWebServer[54798] received request: GET / HTTP/1.1 and responded: HTTP/1.1 404 Client Error
Aug 19, 2016 4:09:53 AM okhttp3.mockwebserver.MockWebServer$3 acceptConnections
INFO: MockWebServer[54798] done accepting connections: Socket closed
Aug 19, 2016 4:09:53 AM okhttp3.mockwebserver.MockWebServer$3 execute
INFO: MockWebServer[47970] starting to accept connections
Aug 19, 2016 4:09:53 AM okhttp3.mockwebserver.MockWebServer$4 processConnection
WARNING: MockWebServer[47970] connection from /127.0.0.1 didn't make a request
Aug 19, 2016 4:09:53 AM okhttp3.mockwebserver.MockWebServer$3 acceptConnections
INFO: MockWebServer[47970] done accepting connections: Socket closed
Tests run: 6, Failures: 0, Errors: 0, Skipped: 0, Time elapsed: 0.697 sec
Running retrofit2.adapter.guava.GuavaCallAdapterFactoryTest
Aug 19, 2016 4:09:53 AM okhttp3.mockwebserver.MockWebServer$3 execute
INFO: MockWebServer[54595] starting to accept connections
Aug 19, 2016 4:09:53 AM okhttp3.mockwebserver.MockWebServer$3 acceptConnections
INFO: MockWebServer[54595] done accepting connections: Socket is closed
Aug 19, 2016 4:09:53 AM okhttp3.mockwebserver.MockWebServer$3 execute
INFO: MockWebServer[51430] starting to accept connections
Aug 19, 2016 4:09:53 AM okhttp3.mockwebserver.MockWebServer$3 acceptConnections
INFO: MockWebServer[51430] done accepting connections: Socket is closed
Aug 19, 2016 4:09:53 AM okhttp3.mockwebserver.MockWebServer$3 execute
INFO: MockWebServer[46622] starting to accept connections
Aug 19, 2016 4:09:53 AM okhttp3.mockwebserver.MockWebServer$3 acceptConnections
INFO: MockWebServer[46622] done accepting connections: Socket closed
Aug 19, 2016 4:09:53 AM okhttp3.mockwebserver.MockWebServer$3 execute
INFO: MockWebServer[45664] starting to accept connections
Aug 19, 2016 4:09:53 AM okhttp3.mockwebserver.MockWebServer$3 acceptConnections
INFO: MockWebServer[45664] done accepting connections: Socket is closed
Tests run: 4, Failures: 0, Errors: 0, Skipped: 0, Time elapsed: 0.046 sec

Results :

Tests run: 10, Failures: 0, Errors: 0, Skipped: 0

[INFO] 
[INFO] --- animal-sniffer-maven-plugin:1.14:check (default) @ adapter-guava ---
[INFO] Checking unresolved references to org.codehaus.mojo.signature:java16:1.1
[INFO]                                                                         
[INFO] ------------------------------------------------------------------------
[INFO] Building Adapter: Java 8 2.1.1-SNAPSHOT
[INFO] ------------------------------------------------------------------------
[INFO] 
[INFO] --- maven-enforcer-plugin:1.0:enforce (enforce-maven) @ adapter-java8 ---
[INFO] 
[INFO] --- maven-resources-plugin:2.6:resources (default-resources) @ adapter-java8 ---
[INFO] Using 'UTF-8' encoding to copy filtered resources.
[INFO] skip non existing resourceDirectory /home/travis/build/square/retrofit/retrofit-adapters/java8/src/main/resources
[INFO] 
[INFO] --- maven-compiler-plugin:3.0:compile (default-compile) @ adapter-java8 ---
[INFO] Changes detected - recompiling the module!
[INFO] Compiling 2 source files to /home/travis/build/square/retrofit/retrofit-adapters/java8/target/classes
[INFO] 
[INFO] --- maven-resources-plugin:2.6:testResources (default-testResources) @ adapter-java8 ---
[INFO] Using 'UTF-8' encoding to copy filtered resources.
[INFO] skip non existing resourceDirectory /home/travis/build/square/retrofit/retrofit-adapters/java8/src/test/resources
[INFO] 
[INFO] --- maven-compiler-plugin:3.0:testCompile (default-testCompile) @ adapter-java8 ---
[INFO] Changes detected - recompiling the module!
[INFO] Compiling 3 source files to /home/travis/build/square/retrofit/retrofit-adapters/java8/target/test-classes
[INFO] 
[INFO] --- maven-surefire-plugin:2.12.4:test (default-test) @ adapter-java8 ---
[INFO] Surefire report directory: /home/travis/build/square/retrofit/retrofit-adapters/java8/target/surefire-reports

-------------------------------------------------------
 T E S T S
-------------------------------------------------------
Running retrofit2.adapter.java8.Java8CallAdapterFactoryTest
Aug 19, 2016 4:09:55 AM okhttp3.mockwebserver.MockWebServer$3 execute
INFO: MockWebServer[57942] starting to accept connections
Aug 19, 2016 4:09:55 AM okhttp3.mockwebserver.MockWebServer$3 acceptConnections
INFO: MockWebServer[57942] done accepting connections: Socket closed
Aug 19, 2016 4:09:55 AM okhttp3.mockwebserver.MockWebServer$3 execute
INFO: MockWebServer[39788] starting to accept connections
Aug 19, 2016 4:09:55 AM okhttp3.mockwebserver.MockWebServer$3 acceptConnections
INFO: MockWebServer[39788] done accepting connections: Socket is closed
Aug 19, 2016 4:09:55 AM okhttp3.mockwebserver.MockWebServer$3 execute
INFO: MockWebServer[38226] starting to accept connections
Aug 19, 2016 4:09:55 AM okhttp3.mockwebserver.MockWebServer$3 acceptConnections
INFO: MockWebServer[38226] done accepting connections: Socket is closed
Aug 19, 2016 4:09:55 AM okhttp3.mockwebserver.MockWebServer$3 execute
INFO: MockWebServer[60907] starting to accept connections
Aug 19, 2016 4:09:55 AM okhttp3.mockwebserver.MockWebServer$3 acceptConnections
INFO: MockWebServer[60907] done accepting connections: Socket closed
Tests run: 4, Failures: 0, Errors: 0, Skipped: 0, Time elapsed: 0.621 sec
Running retrofit2.adapter.java8.CompletableFutureTest
Aug 19, 2016 4:09:55 AM okhttp3.mockwebserver.MockWebServer$3 execute
INFO: MockWebServer[57737] starting to accept connections
Aug 19, 2016 4:09:55 AM okhttp3.mockwebserver.MockWebServer$4 processOneRequest
INFO: MockWebServer[57737] received request: GET / HTTP/1.1 and responded: HTTP/1.1 200 OK
Aug 19, 2016 4:09:55 AM okhttp3.mockwebserver.MockWebServer$3 acceptConnections
INFO: MockWebServer[57737] done accepting connections: Socket closed
Aug 19, 2016 4:09:55 AM okhttp3.mockwebserver.MockWebServer$3 execute
INFO: MockWebServer[46595] starting to accept connections
Aug 19, 2016 4:09:55 AM okhttp3.mockwebserver.MockWebServer$4 processOneRequest
INFO: MockWebServer[46595] received request: GET / HTTP/1.1 and responded: HTTP/1.1 404 Client Error
Aug 19, 2016 4:09:55 AM okhttp3.mockwebserver.MockWebServer$3 acceptConnections
INFO: MockWebServer[46595] done accepting connections: Socket closed
Aug 19, 2016 4:09:55 AM okhttp3.mockwebserver.MockWebServer$3 execute
INFO: MockWebServer[47296] starting to accept connections
Aug 19, 2016 4:09:55 AM okhttp3.mockwebserver.MockWebServer$4 processConnection
WARNING: MockWebServer[47296] connection from /127.0.0.1 didn't make a request
Aug 19, 2016 4:09:55 AM okhttp3.mockwebserver.MockWebServer$3 acceptConnections
INFO: MockWebServer[47296] done accepting connections: Socket closed
Aug 19, 2016 4:09:55 AM okhttp3.mockwebserver.MockWebServer$3 execute
INFO: MockWebServer[52340] starting to accept connections
Aug 19, 2016 4:09:55 AM okhttp3.mockwebserver.MockWebServer$4 processOneRequest
INFO: MockWebServer[52340] received request: GET / HTTP/1.1 and responded: HTTP/1.1 200 OK
Aug 19, 2016 4:09:55 AM okhttp3.mockwebserver.MockWebServer$3 acceptConnections
INFO: MockWebServer[52340] done accepting connections: Socket closed
Aug 19, 2016 4:09:55 AM okhttp3.mockwebserver.MockWebServer$3 execute
INFO: MockWebServer[36904] starting to accept connections
Aug 19, 2016 4:09:55 AM okhttp3.mockwebserver.MockWebServer$4 processOneRequest
INFO: MockWebServer[36904] received request: GET / HTTP/1.1 and responded: HTTP/1.1 404 Client Error
Aug 19, 2016 4:09:55 AM okhttp3.mockwebserver.MockWebServer$3 acceptConnections
INFO: MockWebServer[36904] done accepting connections: Socket closed
Aug 19, 2016 4:09:55 AM okhttp3.mockwebserver.MockWebServer$3 execute
INFO: MockWebServer[45518] starting to accept connections
Aug 19, 2016 4:09:55 AM okhttp3.mockwebserver.MockWebServer$3 acceptConnections
INFO: MockWebServer[45518] done accepting connections: Socket closed
Aug 19, 2016 4:09:55 AM okhttp3.mockwebserver.MockWebServer$4 processConnection
WARNING: MockWebServer[45518] connection from /127.0.0.1 didn't make a request
Tests run: 6, Failures: 0, Errors: 0, Skipped: 0, Time elapsed: 0.191 sec

Results :

Tests run: 10, Failures: 0, Errors: 0, Skipped: 0

[INFO] 
[INFO] --- animal-sniffer-maven-plugin:1.14:check (default) @ adapter-java8 ---
[INFO] Checking unresolved references to org.kaazing.mojo.signature:java18:1.0
[INFO]                                                                         
[INFO] ------------------------------------------------------------------------
[INFO] Building Adapter: RxJava 2.1.1-SNAPSHOT
[INFO] ------------------------------------------------------------------------
[INFO] 
[INFO] --- maven-enforcer-plugin:1.0:enforce (enforce-maven) @ adapter-rxjava ---
[INFO] 
[INFO] --- maven-resources-plugin:2.6:resources (default-resources) @ adapter-rxjava ---
[INFO] Using 'UTF-8' encoding to copy filtered resources.
[INFO] skip non existing resourceDirectory /home/travis/build/square/retrofit/retrofit-adapters/rxjava/src/main/resources
[INFO] 
[INFO] --- maven-compiler-plugin:3.0:compile (default-compile) @ adapter-rxjava ---
[INFO] Changes detected - recompiling the module!
[INFO] Compiling 7 source files to /home/travis/build/square/retrofit/retrofit-adapters/rxjava/target/classes
[INFO] 
[INFO] --- maven-resources-plugin:2.6:testResources (default-testResources) @ adapter-rxjava ---
[INFO] Using 'UTF-8' encoding to copy filtered resources.
[INFO] skip non existing resourceDirectory /home/travis/build/square/retrofit/retrofit-adapters/rxjava/src/test/resources
[INFO] 
[INFO] --- maven-compiler-plugin:3.0:testCompile (default-testCompile) @ adapter-rxjava ---
[INFO] Changes detected - recompiling the module!
[INFO] Compiling 11 source files to /home/travis/build/square/retrofit/retrofit-adapters/rxjava/target/test-classes
[INFO] 
[INFO] --- maven-surefire-plugin:2.12.4:test (default-test) @ adapter-rxjava ---
[INFO] Surefire report directory: /home/travis/build/square/retrofit/retrofit-adapters/rxjava/target/surefire-reports

-------------------------------------------------------
 T E S T S
-------------------------------------------------------
Running retrofit2.adapter.rxjava.ObservableTest
Aug 19, 2016 4:09:57 AM okhttp3.mockwebserver.MockWebServer$3 execute
INFO: MockWebServer[38090] starting to accept connections
Aug 19, 2016 4:09:57 AM okhttp3.mockwebserver.MockWebServer$4 processConnection
WARNING: MockWebServer[38090] connection from /127.0.0.1 didn't make a request
Aug 19, 2016 4:09:57 AM okhttp3.mockwebserver.MockWebServer$3 acceptConnections
INFO: MockWebServer[38090] done accepting connections: Socket closed
Aug 19, 2016 4:09:57 AM okhttp3.mockwebserver.MockWebServer$3 execute
INFO: MockWebServer[36388] starting to accept connections
Aug 19, 2016 4:09:57 AM okhttp3.mockwebserver.MockWebServer$4 processOneRequest
INFO: MockWebServer[36388] received request: GET / HTTP/1.1 and responded: HTTP/1.1 200 OK
Aug 19, 2016 4:09:57 AM okhttp3.mockwebserver.MockWebServer$3 acceptConnections
INFO: MockWebServer[36388] done accepting connections: Socket closed
Aug 19, 2016 4:09:57 AM okhttp3.mockwebserver.MockWebServer$3 execute
INFO: MockWebServer[34908] starting to accept connections
Aug 19, 2016 4:09:57 AM okhttp3.mockwebserver.MockWebServer$4 processOneRequest
INFO: MockWebServer[34908] received request: GET / HTTP/1.1 and responded: HTTP/1.1 404 Client Error
Aug 19, 2016 4:09:57 AM okhttp3.mockwebserver.MockWebServer$3 acceptConnections
INFO: MockWebServer[34908] done accepting connections: Socket closed
Aug 19, 2016 4:09:57 AM okhttp3.mockwebserver.MockWebServer$3 execute
INFO: MockWebServer[58079] starting to accept connections
Aug 19, 2016 4:09:57 AM okhttp3.mockwebserver.MockWebServer$4 processOneRequest
INFO: MockWebServer[58079] received request: GET / HTTP/1.1 and responded: HTTP/1.1 200 OK
Aug 19, 2016 4:09:57 AM okhttp3.mockwebserver.MockWebServer$3 acceptConnections
INFO: MockWebServer[58079] done accepting connections: Socket closed
Aug 19, 2016 4:09:57 AM okhttp3.mockwebserver.MockWebServer$3 execute
INFO: MockWebServer[41080] starting to accept connections
Aug 19, 2016 4:09:57 AM okhttp3.mockwebserver.MockWebServer$4 processOneRequest
INFO: MockWebServer[41080] received request: GET / HTTP/1.1 and responded: HTTP/1.1 200 OK
Aug 19, 2016 4:09:57 AM okhttp3.mockwebserver.MockWebServer$3 acceptConnections
INFO: MockWebServer[41080] done accepting connections: Socket closed
Aug 19, 2016 4:09:57 AM okhttp3.mockwebserver.MockWebServer$3 execute
INFO: MockWebServer[56760] starting to accept connections
Aug 19, 2016 4:09:57 AM okhttp3.mockwebserver.MockWebServer$4 processConnection
WARNING: MockWebServer[56760] connection from /127.0.0.1 didn't make a request
Aug 19, 2016 4:09:57 AM okhttp3.mockwebserver.MockWebServer$3 acceptConnections
INFO: MockWebServer[56760] done accepting connections: Socket closed
Aug 19, 2016 4:09:57 AM okhttp3.mockwebserver.MockWebServer$3 execute
INFO: MockWebServer[34285] starting to accept connections
Aug 19, 2016 4:09:57 AM okhttp3.mockwebserver.MockWebServer$4 processOneRequest
INFO: MockWebServer[34285] received request: GET / HTTP/1.1 and responded: HTTP/1.1 200 OK
Aug 19, 2016 4:09:57 AM okhttp3.mockwebserver.MockWebServer$3 acceptConnections
INFO: MockWebServer[34285] done accepting connections: Socket closed
Aug 19, 2016 4:09:57 AM okhttp3.mockwebserver.MockWebServer$3 execute
INFO: MockWebServer[44063] starting to accept connections
Aug 19, 2016 4:09:57 AM okhttp3.mockwebserver.MockWebServer$4 processOneRequest
INFO: MockWebServer[44063] received request: GET / HTTP/1.1 and responded: HTTP/1.1 404 Client Error
Aug 19, 2016 4:09:57 AM okhttp3.mockwebserver.MockWebServer$3 acceptConnections
INFO: MockWebServer[44063] done accepting connections: Socket closed
Aug 19, 2016 4:09:57 AM okhttp3.mockwebserver.MockWebServer$3 execute
INFO: MockWebServer[45248] starting to accept connections
Aug 19, 2016 4:09:57 AM okhttp3.mockwebserver.MockWebServer$3 acceptConnections
INFO: MockWebServer[45248] done accepting connections: Socket closed
Aug 19, 2016 4:09:57 AM okhttp3.mockwebserver.MockWebServer$4 processConnection
WARNING: MockWebServer[45248] connection from /127.0.0.1 didn't make a request
Aug 19, 2016 4:09:57 AM okhttp3.mockwebserver.MockWebServer$3 execute
INFO: MockWebServer[53429] starting to accept connections
Aug 19, 2016 4:09:57 AM okhttp3.mockwebserver.MockWebServer$4 processOneRequest
INFO: MockWebServer[53429] received request: GET / HTTP/1.1 and responded: HTTP/1.1 200 OK
Aug 19, 2016 4:09:57 AM okhttp3.mockwebserver.MockWebServer$3 acceptConnections
INFO: MockWebServer[53429] done accepting connections: Socket closed
Aug 19, 2016 4:09:57 AM okhttp3.mockwebserver.MockWebServer$3 execute
INFO: MockWebServer[38393] starting to accept connections
Aug 19, 2016 4:09:57 AM okhttp3.mockwebserver.MockWebServer$3 acceptConnections
INFO: MockWebServer[38393] done accepting connections: Socket closed
Aug 19, 2016 4:09:57 AM okhttp3.mockwebserver.MockWebServer$4 processOneRequest
INFO: MockWebServer[38393] received request: GET / HTTP/1.1 and responded: HTTP/1.1 200 OK
Aug 19, 2016 4:09:57 AM okhttp3.mockwebserver.MockWebServer$3 execute
INFO: MockWebServer[49906] starting to accept connections
Aug 19, 2016 4:09:57 AM okhttp3.mockwebserver.MockWebServer$4 processOneRequest
INFO: MockWebServer[49906] received request: GET / HTTP/1.1 and responded: HTTP/1.1 404 Client Error
Aug 19, 2016 4:09:57 AM okhttp3.mockwebserver.MockWebServer$3 acceptConnections
INFO: MockWebServer[49906] done accepting connections: Socket closed
Tests run: 12, Failures: 0, Errors: 0, Skipped: 0, Time elapsed: 0.76 sec
Running retrofit2.adapter.rxjava.CompletableWithSchedulerTest
Aug 19, 2016 4:09:57 AM okhttp3.mockwebserver.MockWebServer$3 execute
INFO: MockWebServer[60455] starting to accept connections
Aug 19, 2016 4:09:57 AM okhttp3.mockwebserver.MockWebServer$4 processOneRequest
INFO: MockWebServer[60455] received request: GET / HTTP/1.1 and responded: HTTP/1.1 200 OK
Aug 19, 2016 4:09:57 AM okhttp3.mockwebserver.MockWebServer$3 acceptConnections
INFO: MockWebServer[60455] done accepting connections: Socket closed
Tests run: 1, Failures: 0, Errors: 0, Skipped: 0, Time elapsed: 0.024 sec
Running retrofit2.adapter.rxjava.ObservableWithSchedulerTest
Aug 19, 2016 4:09:57 AM okhttp3.mockwebserver.MockWebServer$3 execute
INFO: MockWebServer[36365] starting to accept connections
Aug 19, 2016 4:09:57 AM okhttp3.mockwebserver.MockWebServer$4 processOneRequest
INFO: MockWebServer[36365] received request: GET / HTTP/1.1 and responded: HTTP/1.1 200 OK
Aug 19, 2016 4:09:57 AM okhttp3.mockwebserver.MockWebServer$3 acceptConnections
INFO: MockWebServer[36365] done accepting connections: Socket closed
Aug 19, 2016 4:09:57 AM okhttp3.mockwebserver.MockWebServer$3 execute
INFO: MockWebServer[33649] starting to accept connections
Aug 19, 2016 4:09:57 AM okhttp3.mockwebserver.MockWebServer$3 acceptConnections
INFO: MockWebServer[33649] done accepting connections: Socket closed
Aug 19, 2016 4:09:57 AM okhttp3.mockwebserver.MockWebServer$4 processOneRequest
INFO: MockWebServer[33649] received request: GET / HTTP/1.1 and responded: HTTP/1.1 200 OK
Aug 19, 2016 4:09:57 AM okhttp3.mockwebserver.MockWebServer$3 execute
INFO: MockWebServer[41224] starting to accept connections
Aug 19, 2016 4:09:57 AM okhttp3.mockwebserver.MockWebServer$4 processOneRequest
INFO: MockWebServer[41224] received request: GET / HTTP/1.1 and responded: HTTP/1.1 200 OK
Aug 19, 2016 4:09:57 AM okhttp3.mockwebserver.MockWebServer$3 acceptConnections
INFO: MockWebServer[41224] done accepting connections: Socket closed
Tests run: 3, Failures: 0, Errors: 0, Skipped: 0, Time elapsed: 0.056 sec
Running retrofit2.adapter.rxjava.RxJavaCallAdapterFactoryTest
Tests run: 6, Failures: 0, Errors: 0, Skipped: 0, Time elapsed: 0.046 sec
Running retrofit2.adapter.rxjava.SingleWithSchedulerTest
Aug 19, 2016 4:09:57 AM okhttp3.mockwebserver.MockWebServer$3 execute
INFO: MockWebServer[52476] starting to accept connections
Aug 19, 2016 4:09:57 AM okhttp3.mockwebserver.MockWebServer$4 processOneRequest
INFO: MockWebServer[52476] received request: GET / HTTP/1.1 and responded: HTTP/1.1 200 OK
Aug 19, 2016 4:09:57 AM okhttp3.mockwebserver.MockWebServer$3 acceptConnections
INFO: MockWebServer[52476] done accepting connections: Socket closed
Aug 19, 2016 4:09:57 AM okhttp3.mockwebserver.MockWebServer$3 execute
INFO: MockWebServer[51305] starting to accept connections
Aug 19, 2016 4:09:57 AM okhttp3.mockwebserver.MockWebServer$4 processOneRequest
INFO: MockWebServer[51305] received request: GET / HTTP/1.1 and responded: HTTP/1.1 200 OK
Aug 19, 2016 4:09:57 AM okhttp3.mockwebserver.MockWebServer$3 acceptConnections
INFO: MockWebServer[51305] done accepting connections: Socket closed
Aug 19, 2016 4:09:57 AM okhttp3.mockwebserver.MockWebServer$3 execute
INFO: MockWebServer[57343] starting to accept connections
Aug 19, 2016 4:09:57 AM okhttp3.mockwebserver.MockWebServer$3 acceptConnections
INFO: MockWebServer[57343] done accepting connections: Socket closed
Aug 19, 2016 4:09:57 AM okhttp3.mockwebserver.MockWebServer$4 processOneRequest
INFO: MockWebServer[57343] received request: GET / HTTP/1.1 and responded: HTTP/1.1 200 OK
Tests run: 3, Failures: 0, Errors: 0, Skipped: 0, Time elapsed: 0.055 sec
Running retrofit2.adapter.rxjava.CompletableTest
Aug 19, 2016 4:09:57 AM okhttp3.mockwebserver.MockWebServer$3 execute
INFO: MockWebServer[40451] starting to accept connections
Aug 19, 2016 4:09:57 AM okhttp3.mockwebserver.MockWebServer$4 processOneRequest
INFO: MockWebServer[40451] received request: GET / HTTP/1.1 and responded: HTTP/1.1 200 OK
Aug 19, 2016 4:09:57 AM okhttp3.mockwebserver.MockWebServer$3 acceptConnections
INFO: MockWebServer[40451] done accepting connections: Socket closed
Aug 19, 2016 4:09:57 AM okhttp3.mockwebserver.MockWebServer$3 execute
INFO: MockWebServer[55811] starting to accept connections
Aug 19, 2016 4:09:57 AM okhttp3.mockwebserver.MockWebServer$3 acceptConnections
INFO: MockWebServer[55811] done accepting connections: Socket closed
Aug 19, 2016 4:09:57 AM okhttp3.mockwebserver.MockWebServer$4 processOneRequest
INFO: MockWebServer[55811] received request: GET / HTTP/1.1 and responded: HTTP/1.1 404 Client Error
Aug 19, 2016 4:09:57 AM okhttp3.mockwebserver.MockWebServer$3 execute
INFO: MockWebServer[34464] starting to accept connections
Aug 19, 2016 4:09:57 AM okhttp3.mockwebserver.MockWebServer$3 acceptConnections
INFO: MockWebServer[34464] done accepting connections: Socket closed
Aug 19, 2016 4:09:57 AM okhttp3.mockwebserver.MockWebServer$4 processConnection
WARNING: MockWebServer[34464] connection from /127.0.0.1 didn't make a request
Tests run: 3, Failures: 0, Errors: 0, Skipped: 0, Time elapsed: 0.05 sec
Running retrofit2.adapter.rxjava.SingleTest
Aug 19, 2016 4:09:57 AM okhttp3.mockwebserver.MockWebServer$3 execute
INFO: MockWebServer[37831] starting to accept connections
Aug 19, 2016 4:09:57 AM okhttp3.mockwebserver.MockWebServer$4 processConnection
WARNING: MockWebServer[37831] connection from /127.0.0.1 didn't make a request
Aug 19, 2016 4:09:57 AM okhttp3.mockwebserver.MockWebServer$3 acceptConnections
INFO: MockWebServer[37831] done accepting connections: Socket closed
Aug 19, 2016 4:09:57 AM okhttp3.mockwebserver.MockWebServer$3 execute
INFO: MockWebServer[49531] starting to accept connections
Aug 19, 2016 4:09:57 AM okhttp3.mockwebserver.MockWebServer$4 processOneRequest
INFO: MockWebServer[49531] received request: GET / HTTP/1.1 and responded: HTTP/1.1 200 OK
Aug 19, 2016 4:09:57 AM okhttp3.mockwebserver.MockWebServer$3 acceptConnections
INFO: MockWebServer[49531] done accepting connections: Socket closed
Aug 19, 2016 4:09:57 AM okhttp3.mockwebserver.MockWebServer$3 execute
INFO: MockWebServer[47107] starting to accept connections
Aug 19, 2016 4:09:57 AM okhttp3.mockwebserver.MockWebServer$3 acceptConnections
INFO: MockWebServer[47107] done accepting connections: Socket closed
Aug 19, 2016 4:09:57 AM okhttp3.mockwebserver.MockWebServer$4 processOneRequest
INFO: MockWebServer[47107] received request: GET / HTTP/1.1 and responded: HTTP/1.1 404 Client Error
Aug 19, 2016 4:09:57 AM okhttp3.mockwebserver.MockWebServer$3 execute
INFO: MockWebServer[33367] starting to accept connections
Aug 19, 2016 4:09:57 AM okhttp3.mockwebserver.MockWebServer$4 processConnection
WARNING: MockWebServer[33367] connection from /127.0.0.1 didn't make a request
Aug 19, 2016 4:09:57 AM okhttp3.mockwebserver.MockWebServer$3 acceptConnections
INFO: MockWebServer[33367] done accepting connections: Socket closed
Aug 19, 2016 4:09:57 AM okhttp3.mockwebserver.MockWebServer$3 execute
INFO: MockWebServer[40943] starting to accept connections
Aug 19, 2016 4:09:57 AM okhttp3.mockwebserver.MockWebServer$4 processOneRequest
INFO: MockWebServer[40943] received request: GET / HTTP/1.1 and responded: HTTP/1.1 200 OK
Aug 19, 2016 4:09:57 AM okhttp3.mockwebserver.MockWebServer$3 acceptConnections
INFO: MockWebServer[40943] done accepting connections: Socket closed
Aug 19, 2016 4:09:57 AM okhttp3.mockwebserver.MockWebServer$3 execute
INFO: MockWebServer[40671] starting to accept connections
Aug 19, 2016 4:09:57 AM okhttp3.mockwebserver.MockWebServer$3 acceptConnections
INFO: MockWebServer[40671] done accepting connections: Socket closed
Aug 19, 2016 4:09:57 AM okhttp3.mockwebserver.MockWebServer$4 processOneRequest
INFO: MockWebServer[40671] received request: GET / HTTP/1.1 and responded: HTTP/1.1 404 Client Error
Aug 19, 2016 4:09:57 AM okhttp3.mockwebserver.MockWebServer$3 execute
INFO: MockWebServer[45507] starting to accept connections
Aug 19, 2016 4:09:57 AM okhttp3.mockwebserver.MockWebServer$4 processConnection
WARNING: MockWebServer[45507] connection from /127.0.0.1 didn't make a request
Aug 19, 2016 4:09:57 AM okhttp3.mockwebserver.MockWebServer$3 acceptConnections
INFO: MockWebServer[45507] done accepting connections: Socket closed
Aug 19, 2016 4:09:57 AM okhttp3.mockwebserver.MockWebServer$3 execute
INFO: MockWebServer[36671] starting to accept connections
Aug 19, 2016 4:09:57 AM okhttp3.mockwebserver.MockWebServer$4 processOneRequest
INFO: MockWebServer[36671] received request: GET / HTTP/1.1 and responded: HTTP/1.1 200 OK
Aug 19, 2016 4:09:57 AM okhttp3.mockwebserver.MockWebServer$3 acceptConnections
INFO: MockWebServer[36671] done accepting connections: Socket closed
Aug 19, 2016 4:09:57 AM okhttp3.mockwebserver.MockWebServer$3 execute
INFO: MockWebServer[53866] starting to accept connections
Aug 19, 2016 4:09:57 AM okhttp3.mockwebserver.MockWebServer$4 processOneRequest
INFO: MockWebServer[53866] received request: GET / HTTP/1.1 and responded: HTTP/1.1 404 Client Error
Aug 19, 2016 4:09:57 AM okhttp3.mockwebserver.MockWebServer$3 acceptConnections
INFO: MockWebServer[53866] done accepting connections: Socket closed
Tests run: 9, Failures: 0, Errors: 0, Skipped: 0, Time elapsed: 0.101 sec
Running retrofit2.adapter.rxjava.HttpExceptionTest
Tests run: 2, Failures: 0, Errors: 0, Skipped: 0, Time elapsed: 0.001 sec
Running retrofit2.adapter.rxjava.ResultTest
Tests run: 4, Failures: 0, Errors: 0, Skipped: 0, Time elapsed: 0.001 sec

Results :

Tests run: 43, Failures: 0, Errors: 0, Skipped: 0

[INFO] 
[INFO] --- animal-sniffer-maven-plugin:1.14:check (default) @ adapter-rxjava ---
[INFO] Checking unresolved references to org.codehaus.mojo.signature:java16:1.1
[INFO]                                                                         
[INFO] ------------------------------------------------------------------------
[INFO] Building Converters 2.1.1-SNAPSHOT
[INFO] ------------------------------------------------------------------------
[INFO] 
[INFO] --- maven-enforcer-plugin:1.0:enforce (enforce-maven) @ retrofit-converters ---
[INFO] 
[INFO] --- animal-sniffer-maven-plugin:1.14:check (default) @ retrofit-converters ---
[INFO] Checking unresolved references to org.codehaus.mojo.signature:java16:1.1
[INFO]                                                                         
[INFO] ------------------------------------------------------------------------
[INFO] Building Converter: Gson 2.1.1-SNAPSHOT
[INFO] ------------------------------------------------------------------------
[INFO] 
[INFO] --- maven-enforcer-plugin:1.0:enforce (enforce-maven) @ converter-gson ---
[INFO] 
[INFO] --- maven-resources-plugin:2.6:resources (default-resources) @ converter-gson ---
[INFO] Using 'UTF-8' encoding to copy filtered resources.
[INFO] skip non existing resourceDirectory /home/travis/build/square/retrofit/retrofit-converters/gson/src/main/resources
[INFO] 
[INFO] --- maven-compiler-plugin:3.0:compile (default-compile) @ converter-gson ---
[INFO] Changes detected - recompiling the module!
[INFO] Compiling 3 source files to /home/travis/build/square/retrofit/retrofit-converters/gson/target/classes
[INFO] 
[INFO] --- maven-resources-plugin:2.6:testResources (default-testResources) @ converter-gson ---
[INFO] Using 'UTF-8' encoding to copy filtered resources.
[INFO] skip non existing resourceDirectory /home/travis/build/square/retrofit/retrofit-converters/gson/src/test/resources
[INFO] 
[INFO] --- maven-compiler-plugin:3.0:testCompile (default-testCompile) @ converter-gson ---
[INFO] Changes detected - recompiling the module!
[INFO] Compiling 1 source file to /home/travis/build/square/retrofit/retrofit-converters/gson/target/test-classes
[INFO] 
[INFO] --- maven-surefire-plugin:2.12.4:test (default-test) @ converter-gson ---
[INFO] Surefire report directory: /home/travis/build/square/retrofit/retrofit-converters/gson/target/surefire-reports

-------------------------------------------------------
 T E S T S
-------------------------------------------------------
Running retrofit2.converter.gson.GsonConverterFactoryTest
Aug 19, 2016 4:09:59 AM okhttp3.mockwebserver.MockWebServer$3 execute
INFO: MockWebServer[59749] starting to accept connections
Aug 19, 2016 4:09:59 AM okhttp3.mockwebserver.MockWebServer$4 processOneRequest
INFO: MockWebServer[59749] received request: POST / HTTP/1.1 and responded: HTTP/1.1 200 OK
Aug 19, 2016 4:09:59 AM okhttp3.mockwebserver.MockWebServer$3 acceptConnections
INFO: MockWebServer[59749] done accepting connections: Socket closed
Aug 19, 2016 4:09:59 AM okhttp3.mockwebserver.MockWebServer$3 execute
INFO: MockWebServer[35938] starting to accept connections
Aug 19, 2016 4:09:59 AM okhttp3.mockwebserver.MockWebServer$4 processOneRequest
INFO: MockWebServer[35938] received request: POST / HTTP/1.1 and responded: HTTP/1.1 200 OK
Aug 19, 2016 4:09:59 AM okhttp3.mockwebserver.MockWebServer$3 acceptConnections
INFO: MockWebServer[35938] done accepting connections: Socket closed
Aug 19, 2016 4:09:59 AM okhttp3.mockwebserver.MockWebServer$3 execute
INFO: MockWebServer[48863] starting to accept connections
Aug 19, 2016 4:09:59 AM okhttp3.mockwebserver.MockWebServer$4 processOneRequest
INFO: MockWebServer[48863] received request: POST / HTTP/1.1 and responded: HTTP/1.1 200 OK
Aug 19, 2016 4:09:59 AM okhttp3.mockwebserver.MockWebServer$3 acceptConnections
INFO: MockWebServer[48863] done accepting connections: Socket closed
Aug 19, 2016 4:09:59 AM okhttp3.mockwebserver.MockWebServer$3 execute
INFO: MockWebServer[56987] starting to accept connections
Aug 19, 2016 4:09:59 AM okhttp3.mockwebserver.MockWebServer$3 acceptConnections
INFO: MockWebServer[56987] done accepting connections: Socket closed
Aug 19, 2016 4:09:59 AM okhttp3.mockwebserver.MockWebServer$4 processOneRequest
INFO: MockWebServer[56987] received request: POST / HTTP/1.1 and responded: HTTP/1.1 200 OK
Tests run: 4, Failures: 0, Errors: 0, Skipped: 0, Time elapsed: 0.62 sec

Results :

Tests run: 4, Failures: 0, Errors: 0, Skipped: 0

[INFO] 
[INFO] --- animal-sniffer-maven-plugin:1.14:check (default) @ converter-gson ---
[INFO] Checking unresolved references to org.codehaus.mojo.signature:java16:1.1
[INFO]                                                                         
[INFO] ------------------------------------------------------------------------
[INFO] Building Converter: Protocol Buffers 2.1.1-SNAPSHOT
[INFO] ------------------------------------------------------------------------
[INFO] 
[INFO] --- maven-enforcer-plugin:1.0:enforce (enforce-maven) @ converter-protobuf ---
[INFO] 
[INFO] --- maven-resources-plugin:2.6:resources (default-resources) @ converter-protobuf ---
[INFO] Using 'UTF-8' encoding to copy filtered resources.
[INFO] skip non existing resourceDirectory /home/travis/build/square/retrofit/retrofit-converters/protobuf/src/main/resources
[INFO] 
[INFO] --- maven-compiler-plugin:3.0:compile (default-compile) @ converter-protobuf ---
[INFO] Changes detected - recompiling the module!
[INFO] Compiling 3 source files to /home/travis/build/square/retrofit/retrofit-converters/protobuf/target/classes
[WARNING] /home/travis/build/square/retrofit/retrofit-converters/protobuf/src/main/java/retrofit2/converter/protobuf/ProtoConverterFactory.java: /home/travis/build/square/retrofit/retrofit-converters/protobuf/src/main/java/retrofit2/converter/protobuf/ProtoConverterFactory.java uses unchecked or unsafe operations.
[WARNING] /home/travis/build/square/retrofit/retrofit-converters/protobuf/src/main/java/retrofit2/converter/protobuf/ProtoConverterFactory.java: Recompile with -Xlint:unchecked for details.
[INFO] 
[INFO] --- maven-resources-plugin:2.6:testResources (default-testResources) @ converter-protobuf ---
[INFO] Using 'UTF-8' encoding to copy filtered resources.
[INFO] skip non existing resourceDirectory /home/travis/build/square/retrofit/retrofit-converters/protobuf/src/test/resources
[INFO] 
[INFO] --- maven-compiler-plugin:3.0:testCompile (default-testCompile) @ converter-protobuf ---
[INFO] Changes detected - recompiling the module!
[INFO] Compiling 3 source files to /home/travis/build/square/retrofit/retrofit-converters/protobuf/target/test-classes
[INFO] 
[INFO] --- maven-surefire-plugin:2.12.4:test (default-test) @ converter-protobuf ---
[INFO] Surefire report directory: /home/travis/build/square/retrofit/retrofit-converters/protobuf/target/surefire-reports

-------------------------------------------------------
 T E S T S
-------------------------------------------------------
Running retrofit2.converter.protobuf.ProtoConverterFactoryTest
Aug 19, 2016 4:10:00 AM okhttp3.mockwebserver.MockWebServer$3 execute
INFO: MockWebServer[49302] starting to accept connections
Aug 19, 2016 4:10:00 AM okhttp3.mockwebserver.MockWebServer$4 processOneRequest
INFO: MockWebServer[49302] received request: POST / HTTP/1.1 and responded: HTTP/1.1 200 OK
Aug 19, 2016 4:10:00 AM okhttp3.mockwebserver.MockWebServer$3 acceptConnections
INFO: MockWebServer[49302] done accepting connections: Socket closed
Aug 19, 2016 4:10:00 AM okhttp3.mockwebserver.MockWebServer$3 execute
INFO: MockWebServer[53086] starting to accept connections
Aug 19, 2016 4:10:00 AM okhttp3.mockwebserver.MockWebServer$3 acceptConnections
INFO: MockWebServer[53086] done accepting connections: Socket is closed
Aug 19, 2016 4:10:00 AM okhttp3.mockwebserver.MockWebServer$3 execute
INFO: MockWebServer[58352] starting to accept connections
Aug 19, 2016 4:10:00 AM okhttp3.mockwebserver.MockWebServer$3 acceptConnections
INFO: MockWebServer[58352] done accepting connections: Socket closed
Aug 19, 2016 4:10:00 AM okhttp3.mockwebserver.MockWebServer$4 processOneRequest
INFO: MockWebServer[58352] received request: GET / HTTP/1.1 and responded: HTTP/1.1 200 OK
Aug 19, 2016 4:10:00 AM okhttp3.mockwebserver.MockWebServer$3 execute
INFO: MockWebServer[60551] starting to accept connections
Aug 19, 2016 4:10:00 AM okhttp3.mockwebserver.MockWebServer$3 acceptConnections
INFO: MockWebServer[60551] done accepting connections: Socket closed
Aug 19, 2016 4:10:00 AM okhttp3.mockwebserver.MockWebServer$4 processOneRequest
INFO: MockWebServer[60551] received request: GET / HTTP/1.1 and responded: HTTP/1.1 200 OK
Aug 19, 2016 4:10:00 AM okhttp3.mockwebserver.MockWebServer$3 execute
INFO: MockWebServer[47196] starting to accept connections
Aug 19, 2016 4:10:00 AM okhttp3.mockwebserver.MockWebServer$3 acceptConnections
INFO: MockWebServer[47196] done accepting connections: Socket is closed
Aug 19, 2016 4:10:00 AM okhttp3.mockwebserver.MockWebServer$3 execute
INFO: MockWebServer[55175] starting to accept connections
Aug 19, 2016 4:10:01 AM okhttp3.mockwebserver.MockWebServer$3 acceptConnections
INFO: MockWebServer[55175] done accepting connections: Socket closed
Aug 19, 2016 4:10:01 AM okhttp3.mockwebserver.MockWebServer$4 processOneRequest
INFO: MockWebServer[55175] received request: GET / HTTP/1.1 and responded: HTTP/1.1 200 OK
Tests run: 6, Failures: 0, Errors: 0, Skipped: 0, Time elapsed: 0.832 sec
Running retrofit2.converter.protobuf.FallbackParserFinderTest
Tests run: 1, Failures: 0, Errors: 0, Skipped: 0, Time elapsed: 0 sec

Results :

Tests run: 7, Failures: 0, Errors: 0, Skipped: 0

[INFO] 
[INFO] --- animal-sniffer-maven-plugin:1.14:check (default) @ converter-protobuf ---
[INFO] Checking unresolved references to org.codehaus.mojo.signature:java16:1.1
[INFO]                                                                         
[INFO] ------------------------------------------------------------------------
[INFO] Building Converter: Jackson 2.1.1-SNAPSHOT
[INFO] ------------------------------------------------------------------------
[INFO] 
[INFO] --- maven-enforcer-plugin:1.0:enforce (enforce-maven) @ converter-jackson ---
[INFO] 
[INFO] --- maven-resources-plugin:2.6:resources (default-resources) @ converter-jackson ---
[INFO] Using 'UTF-8' encoding to copy filtered resources.
[INFO] skip non existing resourceDirectory /home/travis/build/square/retrofit/retrofit-converters/jackson/src/main/resources
[INFO] 
[INFO] --- maven-compiler-plugin:3.0:compile (default-compile) @ converter-jackson ---
[INFO] Changes detected - recompiling the module!
[INFO] Compiling 3 source files to /home/travis/build/square/retrofit/retrofit-converters/jackson/target/classes
[WARNING] /home/travis/build/square/retrofit/retrofit-converters/jackson/src/main/java/retrofit2/converter/jackson/JacksonConverterFactory.java: /home/travis/build/square/retrofit/retrofit-converters/jackson/src/main/java/retrofit2/converter/jackson/JacksonConverterFactory.java uses or overrides a deprecated API.
[WARNING] /home/travis/build/square/retrofit/retrofit-converters/jackson/src/main/java/retrofit2/converter/jackson/JacksonConverterFactory.java: Recompile with -Xlint:deprecation for details.
[INFO] 
[INFO] --- maven-resources-plugin:2.6:testResources (default-testResources) @ converter-jackson ---
[INFO] Using 'UTF-8' encoding to copy filtered resources.
[INFO] skip non existing resourceDirectory /home/travis/build/square/retrofit/retrofit-converters/jackson/src/test/resources
[INFO] 
[INFO] --- maven-compiler-plugin:3.0:testCompile (default-testCompile) @ converter-jackson ---
[INFO] Changes detected - recompiling the module!
[INFO] Compiling 1 source file to /home/travis/build/square/retrofit/retrofit-converters/jackson/target/test-classes
[WARNING] /home/travis/build/square/retrofit/retrofit-converters/jackson/src/test/java/retrofit2/converter/jackson/JacksonConverterFactoryTest.java: /home/travis/build/square/retrofit/retrofit-converters/jackson/src/test/java/retrofit2/converter/jackson/JacksonConverterFactoryTest.java uses or overrides a deprecated API.
[WARNING] /home/travis/build/square/retrofit/retrofit-converters/jackson/src/test/java/retrofit2/converter/jackson/JacksonConverterFactoryTest.java: Recompile with -Xlint:deprecation for details.
[INFO] 
[INFO] --- maven-surefire-plugin:2.12.4:test (default-test) @ converter-jackson ---
[INFO] Surefire report directory: /home/travis/build/square/retrofit/retrofit-converters/jackson/target/surefire-reports

-------------------------------------------------------
 T E S T S
-------------------------------------------------------
Running retrofit2.converter.jackson.JacksonConverterFactoryTest
Aug 19, 2016 4:10:02 AM okhttp3.mockwebserver.MockWebServer$3 execute
INFO: MockWebServer[33869] starting to accept connections
Aug 19, 2016 4:10:02 AM okhttp3.mockwebserver.MockWebServer$4 processOneRequest
INFO: MockWebServer[33869] received request: POST / HTTP/1.1 and responded: HTTP/1.1 200 OK
Aug 19, 2016 4:10:02 AM okhttp3.mockwebserver.MockWebServer$3 acceptConnections
INFO: MockWebServer[33869] done accepting connections: Socket closed
Aug 19, 2016 4:10:02 AM okhttp3.mockwebserver.MockWebServer$3 execute
INFO: MockWebServer[44705] starting to accept connections
Aug 19, 2016 4:10:02 AM okhttp3.mockwebserver.MockWebServer$4 processOneRequest
INFO: MockWebServer[44705] received request: POST / HTTP/1.1 and responded: HTTP/1.1 200 OK
Aug 19, 2016 4:10:02 AM okhttp3.mockwebserver.MockWebServer$3 acceptConnections
INFO: MockWebServer[44705] done accepting connections: Socket closed
Tests run: 2, Failures: 0, Errors: 0, Skipped: 0, Time elapsed: 0.88 sec

Results :

Tests run: 2, Failures: 0, Errors: 0, Skipped: 0

[INFO] 
[INFO] --- animal-sniffer-maven-plugin:1.14:check (default) @ converter-jackson ---
[INFO] Checking unresolved references to org.codehaus.mojo.signature:java16:1.1
[INFO]                                                                         
[INFO] ------------------------------------------------------------------------
[INFO] Building Converter: Wire Protocol Buffers 2.1.1-SNAPSHOT
[INFO] ------------------------------------------------------------------------
[INFO] 
[INFO] --- maven-enforcer-plugin:1.0:enforce (enforce-maven) @ converter-wire ---
[INFO] 
[INFO] --- maven-resources-plugin:2.6:resources (default-resources) @ converter-wire ---
[INFO] Using 'UTF-8' encoding to copy filtered resources.
[INFO] skip non existing resourceDirectory /home/travis/build/square/retrofit/retrofit-converters/wire/src/main/resources
[INFO] 
[INFO] --- maven-compiler-plugin:3.0:compile (default-compile) @ converter-wire ---
[INFO] Changes detected - recompiling the module!
[INFO] Compiling 3 source files to /home/travis/build/square/retrofit/retrofit-converters/wire/target/classes
[WARNING] /home/travis/build/square/retrofit/retrofit-converters/wire/src/main/java/retrofit2/converter/wire/WireConverterFactory.java: /home/travis/build/square/retrofit/retrofit-converters/wire/src/main/java/retrofit2/converter/wire/WireConverterFactory.java uses unchecked or unsafe operations.
[WARNING] /home/travis/build/square/retrofit/retrofit-converters/wire/src/main/java/retrofit2/converter/wire/WireConverterFactory.java: Recompile with -Xlint:unchecked for details.
[INFO] 
[INFO] --- maven-resources-plugin:2.6:testResources (default-testResources) @ converter-wire ---
[INFO] Using 'UTF-8' encoding to copy filtered resources.
[INFO] skip non existing resourceDirectory /home/travis/build/square/retrofit/retrofit-converters/wire/src/test/resources
[INFO] 
[INFO] --- maven-compiler-plugin:3.0:testCompile (default-testCompile) @ converter-wire ---
[INFO] Changes detected - recompiling the module!
[INFO] Compiling 2 source files to /home/travis/build/square/retrofit/retrofit-converters/wire/target/test-classes
[INFO] 
[INFO] --- maven-surefire-plugin:2.12.4:test (default-test) @ converter-wire ---
[INFO] Surefire report directory: /home/travis/build/square/retrofit/retrofit-converters/wire/target/surefire-reports

-------------------------------------------------------
 T E S T S
-------------------------------------------------------
Running retrofit2.converter.wire.WireConverterFactoryTest
Aug 19, 2016 4:10:05 AM okhttp3.mockwebserver.MockWebServer$3 execute
INFO: MockWebServer[48091] starting to accept connections
Aug 19, 2016 4:10:05 AM okhttp3.mockwebserver.MockWebServer$4 processOneRequest
INFO: MockWebServer[48091] received request: POST / HTTP/1.1 and responded: HTTP/1.1 200 OK
Aug 19, 2016 4:10:05 AM okhttp3.mockwebserver.MockWebServer$3 acceptConnections
INFO: MockWebServer[48091] done accepting connections: Socket closed
Aug 19, 2016 4:10:05 AM okhttp3.mockwebserver.MockWebServer$3 execute
INFO: MockWebServer[34409] starting to accept connections
Aug 19, 2016 4:10:05 AM okhttp3.mockwebserver.MockWebServer$3 acceptConnections
INFO: MockWebServer[34409] done accepting connections: Socket is closed
Aug 19, 2016 4:10:05 AM okhttp3.mockwebserver.MockWebServer$3 execute
INFO: MockWebServer[36599] starting to accept connections
Aug 19, 2016 4:10:05 AM okhttp3.mockwebserver.MockWebServer$3 acceptConnections
INFO: MockWebServer[36599] done accepting connections: Socket closed
Aug 19, 2016 4:10:05 AM okhttp3.mockwebserver.MockWebServer$4 processOneRequest
INFO: MockWebServer[36599] received request: GET / HTTP/1.1 and responded: HTTP/1.1 200 OK
Aug 19, 2016 4:10:05 AM okhttp3.mockwebserver.MockWebServer$3 execute
INFO: MockWebServer[47049] starting to accept connections
Aug 19, 2016 4:10:05 AM okhttp3.mockwebserver.MockWebServer$3 acceptConnections
INFO: MockWebServer[47049] done accepting connections: Socket is closed
Aug 19, 2016 4:10:05 AM okhttp3.mockwebserver.MockWebServer$3 execute
INFO: MockWebServer[49403] starting to accept connections
Aug 19, 2016 4:10:05 AM okhttp3.mockwebserver.MockWebServer$3 acceptConnections
INFO: MockWebServer[49403] done accepting connections: Socket closed
Aug 19, 2016 4:10:05 AM okhttp3.mockwebserver.MockWebServer$4 processOneRequest
INFO: MockWebServer[49403] received request: GET / HTTP/1.1 and responded: HTTP/1.1 200 OK
Tests run: 5, Failures: 0, Errors: 0, Skipped: 0, Time elapsed: 1.105 sec

Results :

Tests run: 5, Failures: 0, Errors: 0, Skipped: 0

[INFO] 
[INFO] --- animal-sniffer-maven-plugin:1.14:check (default) @ converter-wire ---
[INFO] Checking unresolved references to org.codehaus.mojo.signature:java16:1.1
[INFO]                                                                         
[INFO] ------------------------------------------------------------------------
[INFO] Building Converter: SimpleXML 2.1.1-SNAPSHOT
[INFO] ------------------------------------------------------------------------
[INFO] 
[INFO] --- maven-enforcer-plugin:1.0:enforce (enforce-maven) @ converter-simplexml ---
[INFO] 
[INFO] --- maven-resources-plugin:2.6:resources (default-resources) @ converter-simplexml ---
[INFO] Using 'UTF-8' encoding to copy filtered resources.
[INFO] skip non existing resourceDirectory /home/travis/build/square/retrofit/retrofit-converters/simplexml/src/main/resources
[INFO] 
[INFO] --- maven-compiler-plugin:3.0:compile (default-compile) @ converter-simplexml ---
[INFO] Changes detected - recompiling the module!
[INFO] Compiling 3 source files to /home/travis/build/square/retrofit/retrofit-converters/simplexml/target/classes
[INFO] 
[INFO] --- maven-resources-plugin:2.6:testResources (default-testResources) @ converter-simplexml ---
[INFO] Using 'UTF-8' encoding to copy filtered resources.
[INFO] skip non existing resourceDirectory /home/travis/build/square/retrofit/retrofit-converters/simplexml/src/test/resources
[INFO] 
[INFO] --- maven-compiler-plugin:3.0:testCompile (default-testCompile) @ converter-simplexml ---
[INFO] Changes detected - recompiling the module!
[INFO] Compiling 2 source files to /home/travis/build/square/retrofit/retrofit-converters/simplexml/target/test-classes
[INFO] 
[INFO] --- maven-surefire-plugin:2.12.4:test (default-test) @ converter-simplexml ---
[INFO] Surefire report directory: /home/travis/build/square/retrofit/retrofit-converters/simplexml/target/surefire-reports

-------------------------------------------------------
 T E S T S
-------------------------------------------------------
Running retrofit2.converter.simplexml.SimpleXmlConverterFactoryTest
Aug 19, 2016 4:10:08 AM okhttp3.mockwebserver.MockWebServer$3 execute
INFO: MockWebServer[49534] starting to accept connections
Aug 19, 2016 4:10:08 AM okhttp3.mockwebserver.MockWebServer$4 processOneRequest
INFO: MockWebServer[49534] received request: GET / HTTP/1.1 and responded: HTTP/1.1 200 OK
Aug 19, 2016 4:10:09 AM okhttp3.mockwebserver.MockWebServer$3 acceptConnections
INFO: MockWebServer[49534] done accepting connections: Socket closed
Aug 19, 2016 4:10:09 AM okhttp3.mockwebserver.MockWebServer$3 execute
INFO: MockWebServer[53053] starting to accept connections
Aug 19, 2016 4:10:09 AM okhttp3.mockwebserver.MockWebServer$4 processOneRequest
INFO: MockWebServer[53053] received request: GET / HTTP/1.1 and responded: HTTP/1.1 200 OK
Aug 19, 2016 4:10:09 AM okhttp3.mockwebserver.MockWebServer$3 acceptConnections
INFO: MockWebServer[53053] done accepting connections: Socket closed
Aug 19, 2016 4:10:09 AM okhttp3.mockwebserver.MockWebServer$3 execute
INFO: MockWebServer[39187] starting to accept connections
Aug 19, 2016 4:10:09 AM okhttp3.mockwebserver.MockWebServer$4 processOneRequest
INFO: MockWebServer[39187] received request: GET / HTTP/1.1 and responded: HTTP/1.1 200 OK
Aug 19, 2016 4:10:09 AM okhttp3.mockwebserver.MockWebServer$3 acceptConnections
INFO: MockWebServer[39187] done accepting connections: Socket closed
Aug 19, 2016 4:10:09 AM okhttp3.mockwebserver.MockWebServer$3 execute
INFO: MockWebServer[40588] starting to accept connections
Aug 19, 2016 4:10:09 AM okhttp3.mockwebserver.MockWebServer$4 processOneRequest
INFO: MockWebServer[40588] received request: POST / HTTP/1.1 and responded: HTTP/1.1 200 OK
Aug 19, 2016 4:10:09 AM okhttp3.mockwebserver.MockWebServer$3 acceptConnections
INFO: MockWebServer[40588] done accepting connections: Socket closed
Tests run: 4, Failures: 0, Errors: 0, Skipped: 0, Time elapsed: 1.755 sec

Results :

Tests run: 4, Failures: 0, Errors: 0, Skipped: 0

[INFO] 
[INFO] --- animal-sniffer-maven-plugin:1.14:check (default) @ converter-simplexml ---
[INFO] Checking unresolved references to org.codehaus.mojo.signature:java16:1.1
[INFO]                                                                         
[INFO] ------------------------------------------------------------------------
[INFO] Building Converter: Java Scalars 2.1.1-SNAPSHOT
[INFO] ------------------------------------------------------------------------
[INFO] 
[INFO] --- maven-enforcer-plugin:1.0:enforce (enforce-maven) @ converter-scalars ---
[INFO] 
[INFO] --- maven-resources-plugin:2.6:resources (default-resources) @ converter-scalars ---
[INFO] Using 'UTF-8' encoding to copy filtered resources.
[INFO] skip non existing resourceDirectory /home/travis/build/square/retrofit/retrofit-converters/scalars/src/main/resources
[INFO] 
[INFO] --- maven-compiler-plugin:3.0:compile (default-compile) @ converter-scalars ---
[INFO] Changes detected - recompiling the module!
[INFO] Compiling 3 source files to /home/travis/build/square/retrofit/retrofit-converters/scalars/target/classes
[INFO] 
[INFO] --- maven-resources-plugin:2.6:testResources (default-testResources) @ converter-scalars ---
[INFO] Using 'UTF-8' encoding to copy filtered resources.
[INFO] skip non existing resourceDirectory /home/travis/build/square/retrofit/retrofit-converters/scalars/src/test/resources
[INFO] 
[INFO] --- maven-compiler-plugin:3.0:testCompile (default-testCompile) @ converter-scalars ---
[INFO] Changes detected - recompiling the module!
[INFO] Compiling 2 source files to /home/travis/build/square/retrofit/retrofit-converters/scalars/target/test-classes
[INFO] 
[INFO] --- maven-surefire-plugin:2.12.4:test (default-test) @ converter-scalars ---
[INFO] Surefire report directory: /home/travis/build/square/retrofit/retrofit-converters/scalars/target/surefire-reports

-------------------------------------------------------
 T E S T S
-------------------------------------------------------
Running retrofit2.converter.scalars.ScalarsConverterFactoryTest
Aug 19, 2016 4:10:12 AM okhttp3.mockwebserver.MockWebServer$3 execute
INFO: MockWebServer[35886] starting to accept connections
Aug 19, 2016 4:10:12 AM okhttp3.mockwebserver.MockWebServer$3 acceptConnections
INFO: MockWebServer[35886] done accepting connections: Socket closed
Aug 19, 2016 4:10:12 AM okhttp3.mockwebserver.MockWebServer$3 execute
INFO: MockWebServer[59483] starting to accept connections
Aug 19, 2016 4:10:12 AM okhttp3.mockwebserver.MockWebServer$4 processOneRequest
INFO: MockWebServer[59483] received request: GET / HTTP/1.1 and responded: HTTP/1.1 200 OK
Aug 19, 2016 4:10:12 AM okhttp3.mockwebserver.MockWebServer$4 processOneRequest
INFO: MockWebServer[59483] received request: GET / HTTP/1.1 and responded: HTTP/1.1 200 OK
Aug 19, 2016 4:10:12 AM okhttp3.mockwebserver.MockWebServer$4 processOneRequest
INFO: MockWebServer[59483] received request: GET / HTTP/1.1 and responded: HTTP/1.1 200 OK
Aug 19, 2016 4:10:13 AM okhttp3.mockwebserver.MockWebServer$4 processOneRequest
INFO: MockWebServer[59483] received request: GET / HTTP/1.1 and responded: HTTP/1.1 200 OK
Aug 19, 2016 4:10:13 AM okhttp3.mockwebserver.MockWebServer$4 processOneRequest
INFO: MockWebServer[59483] received request: GET / HTTP/1.1 and responded: HTTP/1.1 200 OK
Aug 19, 2016 4:10:13 AM okhttp3.mockwebserver.MockWebServer$4 processOneRequest
INFO: MockWebServer[59483] received request: GET / HTTP/1.1 and responded: HTTP/1.1 200 OK
Aug 19, 2016 4:10:13 AM okhttp3.mockwebserver.MockWebServer$4 processOneRequest
INFO: MockWebServer[59483] received request: GET / HTTP/1.1 and responded: HTTP/1.1 200 OK
Aug 19, 2016 4:10:13 AM okhttp3.mockwebserver.MockWebServer$4 processOneRequest
INFO: MockWebServer[59483] received request: GET / HTTP/1.1 and responded: HTTP/1.1 200 OK
Aug 19, 2016 4:10:13 AM okhttp3.mockwebserver.MockWebServer$4 processOneRequest
INFO: MockWebServer[59483] received request: GET / HTTP/1.1 and responded: HTTP/1.1 200 OK
Aug 19, 2016 4:10:13 AM okhttp3.mockwebserver.MockWebServer$4 processOneRequest
INFO: MockWebServer[59483] received request: GET / HTTP/1.1 and responded: HTTP/1.1 200 OK
Aug 19, 2016 4:10:13 AM okhttp3.mockwebserver.MockWebServer$4 processOneRequest
INFO: MockWebServer[59483] received request: GET / HTTP/1.1 and responded: HTTP/1.1 200 OK
Aug 19, 2016 4:10:13 AM okhttp3.mockwebserver.MockWebServer$3 acceptConnections
INFO: MockWebServer[59483] done accepting connections: Socket closed
Aug 19, 2016 4:10:13 AM okhttp3.mockwebserver.MockWebServer$3 execute
INFO: MockWebServer[35726] starting to accept connections
Aug 19, 2016 4:10:13 AM okhttp3.mockwebserver.MockWebServer$4 processOneRequest
INFO: MockWebServer[35726] received request: POST / HTTP/1.1 and responded: HTTP/1.1 200 OK
Aug 19, 2016 4:10:13 AM okhttp3.mockwebserver.MockWebServer$4 processOneRequest
INFO: MockWebServer[35726] received request: POST / HTTP/1.1 and responded: HTTP/1.1 200 OK
Aug 19, 2016 4:10:13 AM okhttp3.mockwebserver.MockWebServer$4 processOneRequest
INFO: MockWebServer[35726] received request: POST / HTTP/1.1 and responded: HTTP/1.1 200 OK
Aug 19, 2016 4:10:13 AM okhttp3.mockwebserver.MockWebServer$4 processOneRequest
INFO: MockWebServer[35726] received request: POST / HTTP/1.1 and responded: HTTP/1.1 200 OK
Aug 19, 2016 4:10:13 AM okhttp3.mockwebserver.MockWebServer$4 processOneRequest
INFO: MockWebServer[35726] received request: POST / HTTP/1.1 and responded: HTTP/1.1 200 OK
Aug 19, 2016 4:10:13 AM okhttp3.mockwebserver.MockWebServer$4 processOneRequest
INFO: MockWebServer[35726] received request: POST / HTTP/1.1 and responded: HTTP/1.1 200 OK
Aug 19, 2016 4:10:13 AM okhttp3.mockwebserver.MockWebServer$4 processOneRequest
INFO: MockWebServer[35726] received request: POST / HTTP/1.1 and responded: HTTP/1.1 200 OK
Aug 19, 2016 4:10:13 AM okhttp3.mockwebserver.MockWebServer$4 processOneRequest
INFO: MockWebServer[35726] received request: POST / HTTP/1.1 and responded: HTTP/1.1 200 OK
Aug 19, 2016 4:10:13 AM okhttp3.mockwebserver.MockWebServer$4 processOneRequest
INFO: MockWebServer[35726] received request: POST / HTTP/1.1 and responded: HTTP/1.1 200 OK
Aug 19, 2016 4:10:13 AM okhttp3.mockwebserver.MockWebServer$4 processOneRequest
INFO: MockWebServer[35726] received request: POST / HTTP/1.1 and responded: HTTP/1.1 200 OK
Aug 19, 2016 4:10:13 AM okhttp3.mockwebserver.MockWebServer$4 processOneRequest
INFO: MockWebServer[35726] received request: POST / HTTP/1.1 and responded: HTTP/1.1 200 OK
Aug 19, 2016 4:10:13 AM okhttp3.mockwebserver.MockWebServer$4 processOneRequest
INFO: MockWebServer[35726] received request: POST / HTTP/1.1 and responded: HTTP/1.1 200 OK
Aug 19, 2016 4:10:13 AM okhttp3.mockwebserver.MockWebServer$4 processOneRequest
INFO: MockWebServer[35726] received request: POST / HTTP/1.1 and responded: HTTP/1.1 200 OK
Aug 19, 2016 4:10:13 AM okhttp3.mockwebserver.MockWebServer$4 processOneRequest
INFO: MockWebServer[35726] received request: POST / HTTP/1.1 and responded: HTTP/1.1 200 OK
Aug 19, 2016 4:10:13 AM okhttp3.mockwebserver.MockWebServer$4 processOneRequest
INFO: MockWebServer[35726] received request: POST / HTTP/1.1 and responded: HTTP/1.1 200 OK
Aug 19, 2016 4:10:13 AM okhttp3.mockwebserver.MockWebServer$4 processOneRequest
INFO: MockWebServer[35726] received request: POST / HTTP/1.1 and responded: HTTP/1.1 200 OK
Aug 19, 2016 4:10:13 AM okhttp3.mockwebserver.MockWebServer$4 processOneRequest
INFO: MockWebServer[35726] received request: POST / HTTP/1.1 and responded: HTTP/1.1 200 OK
Aug 19, 2016 4:10:13 AM okhttp3.mockwebserver.MockWebServer$3 acceptConnections
INFO: MockWebServer[35726] done accepting connections: Socket closed
Aug 19, 2016 4:10:13 AM okhttp3.mockwebserver.MockWebServer$3 execute
INFO: MockWebServer[44198] starting to accept connections
Aug 19, 2016 4:10:13 AM okhttp3.mockwebserver.MockWebServer$3 acceptConnections
INFO: MockWebServer[44198] done accepting connections: Socket closed
Tests run: 4, Failures: 0, Errors: 0, Skipped: 0, Time elapsed: 1.883 sec
Running retrofit2.converter.scalars.ScalarsConverterPrimitivesFactoryTest
Aug 19, 2016 4:10:13 AM okhttp3.mockwebserver.MockWebServer$3 execute
INFO: MockWebServer[45902] starting to accept connections
Aug 19, 2016 4:10:13 AM okhttp3.mockwebserver.MockWebServer$4 processOneRequest
INFO: MockWebServer[45902] received request: GET / HTTP/1.1 and responded: HTTP/1.1 200 OK
Aug 19, 2016 4:10:13 AM okhttp3.mockwebserver.MockWebServer$4 processOneRequest
INFO: MockWebServer[45902] received request: GET / HTTP/1.1 and responded: HTTP/1.1 200 OK
Aug 19, 2016 4:10:13 AM okhttp3.mockwebserver.MockWebServer$4 processOneRequest
INFO: MockWebServer[45902] received request: GET / HTTP/1.1 and responded: HTTP/1.1 200 OK
Aug 19, 2016 4:10:13 AM okhttp3.mockwebserver.MockWebServer$4 processOneRequest
INFO: MockWebServer[45902] received request: GET / HTTP/1.1 and responded: HTTP/1.1 200 OK
Aug 19, 2016 4:10:13 AM okhttp3.mockwebserver.MockWebServer$4 processOneRequest
INFO: MockWebServer[45902] received request: GET / HTTP/1.1 and responded: HTTP/1.1 200 OK
Aug 19, 2016 4:10:13 AM okhttp3.mockwebserver.MockWebServer$4 processOneRequest
INFO: MockWebServer[45902] received request: GET / HTTP/1.1 and responded: HTTP/1.1 200 OK
Aug 19, 2016 4:10:13 AM okhttp3.mockwebserver.MockWebServer$4 processOneRequest
INFO: MockWebServer[45902] received request: GET / HTTP/1.1 and responded: HTTP/1.1 200 OK
Aug 19, 2016 4:10:13 AM okhttp3.mockwebserver.MockWebServer$4 processOneRequest
INFO: MockWebServer[45902] received request: GET / HTTP/1.1 and responded: HTTP/1.1 200 OK
Aug 19, 2016 4:10:13 AM okhttp3.mockwebserver.MockWebServer$4 processOneRequest
INFO: MockWebServer[45902] received request: GET / HTTP/1.1 and responded: HTTP/1.1 200 OK
Aug 19, 2016 4:10:13 AM okhttp3.mockwebserver.MockWebServer$4 processOneRequest
INFO: MockWebServer[45902] received request: GET / HTTP/1.1 and responded: HTTP/1.1 200 OK
Aug 19, 2016 4:10:13 AM okhttp3.mockwebserver.MockWebServer$3 acceptConnections
INFO: MockWebServer[45902] done accepting connections: Socket closed
Tests run: 1, Failures: 0, Errors: 0, Skipped: 0, Time elapsed: 0.365 sec

Results :

Tests run: 5, Failures: 0, Errors: 0, Skipped: 0

[INFO] 
[INFO] --- animal-sniffer-maven-plugin:1.14:check (default) @ converter-scalars ---
[INFO] Checking unresolved references to org.codehaus.mojo.signature:java16:1.1
[INFO]                                                                         
[INFO] ------------------------------------------------------------------------
[INFO] Building Converter: Moshi 2.1.1-SNAPSHOT
[INFO] ------------------------------------------------------------------------
[INFO] 
[INFO] --- maven-enforcer-plugin:1.0:enforce (enforce-maven) @ converter-moshi ---
[INFO] 
[INFO] --- maven-resources-plugin:2.6:resources (default-resources) @ converter-moshi ---
[INFO] Using 'UTF-8' encoding to copy filtered resources.
[INFO] skip non existing resourceDirectory /home/travis/build/square/retrofit/retrofit-converters/moshi/src/main/resources
[INFO] 
[INFO] --- maven-compiler-plugin:3.0:compile (default-compile) @ converter-moshi ---
[INFO] Changes detected - recompiling the module!
[INFO] Compiling 3 source files to /home/travis/build/square/retrofit/retrofit-converters/moshi/target/classes
[INFO] 
[INFO] --- maven-resources-plugin:2.6:testResources (default-testResources) @ converter-moshi ---
[INFO] Using 'UTF-8' encoding to copy filtered resources.
[INFO] skip non existing resourceDirectory /home/travis/build/square/retrofit/retrofit-converters/moshi/src/test/resources
[INFO] 
[INFO] --- maven-compiler-plugin:3.0:testCompile (default-testCompile) @ converter-moshi ---
[INFO] Changes detected - recompiling the module!
[INFO] Compiling 1 source file to /home/travis/build/square/retrofit/retrofit-converters/moshi/target/test-classes
[INFO] 
[INFO] --- maven-surefire-plugin:2.12.4:test (default-test) @ converter-moshi ---
[INFO] Surefire report directory: /home/travis/build/square/retrofit/retrofit-converters/moshi/target/surefire-reports

-------------------------------------------------------
 T E S T S
-------------------------------------------------------
Running retrofit2.converter.moshi.MoshiConverterFactoryTest
Aug 19, 2016 4:10:15 AM okhttp3.mockwebserver.MockWebServer$3 execute
INFO: MockWebServer[39950] starting to accept connections
Aug 19, 2016 4:10:15 AM okhttp3.mockwebserver.MockWebServer$4 processOneRequest
INFO: MockWebServer[39950] received request: POST / HTTP/1.1 and responded: HTTP/1.1 200 OK
Aug 19, 2016 4:10:15 AM okhttp3.mockwebserver.MockWebServer$3 acceptConnections
INFO: MockWebServer[39950] done accepting connections: Socket closed
Aug 19, 2016 4:10:16 AM okhttp3.mockwebserver.MockWebServer$3 execute
INFO: MockWebServer[40045] starting to accept connections
Aug 19, 2016 4:10:16 AM okhttp3.mockwebserver.MockWebServer$3 acceptConnections
INFO: MockWebServer[40045] done accepting connections: Socket closed
Aug 19, 2016 4:10:16 AM okhttp3.mockwebserver.MockWebServer$4 processOneRequest
INFO: MockWebServer[40045] received request: POST / HTTP/1.1 and responded: HTTP/1.1 200 OK
Aug 19, 2016 4:10:16 AM okhttp3.mockwebserver.MockWebServer$3 execute
INFO: MockWebServer[51256] starting to accept connections
Aug 19, 2016 4:10:16 AM okhttp3.mockwebserver.MockWebServer$3 acceptConnections
INFO: MockWebServer[51256] done accepting connections: Socket closed
Aug 19, 2016 4:10:16 AM okhttp3.mockwebserver.MockWebServer$4 processOneRequest
INFO: MockWebServer[51256] received request: POST / HTTP/1.1 and responded: HTTP/1.1 200 OK
Aug 19, 2016 4:10:16 AM okhttp3.mockwebserver.MockWebServer$3 execute
INFO: MockWebServer[43730] starting to accept connections
Aug 19, 2016 4:10:16 AM okhttp3.mockwebserver.MockWebServer$3 acceptConnections
INFO: MockWebServer[43730] done accepting connections: Socket closed
Aug 19, 2016 4:10:16 AM okhttp3.mockwebserver.MockWebServer$4 processOneRequest
INFO: MockWebServer[43730] received request: POST / HTTP/1.1 and responded: HTTP/1.1 200 OK
Aug 19, 2016 4:10:16 AM okhttp3.mockwebserver.MockWebServer$3 execute
INFO: MockWebServer[52859] starting to accept connections
Aug 19, 2016 4:10:16 AM okhttp3.mockwebserver.MockWebServer$4 processOneRequest
INFO: MockWebServer[52859] received request: POST / HTTP/1.1 and responded: HTTP/1.1 200 OK
Aug 19, 2016 4:10:16 AM okhttp3.mockwebserver.MockWebServer$3 acceptConnections
INFO: MockWebServer[52859] done accepting connections: Socket closed
Aug 19, 2016 4:10:16 AM okhttp3.mockwebserver.MockWebServer$4 processOneRequest
INFO: MockWebServer[52859] received request: POST / HTTP/1.1 and responded: HTTP/1.1 200 OK
Aug 19, 2016 4:10:16 AM okhttp3.mockwebserver.MockWebServer$3 execute
INFO: MockWebServer[55716] starting to accept connections
Aug 19, 2016 4:10:16 AM okhttp3.mockwebserver.MockWebServer$3 acceptConnections
INFO: MockWebServer[55716] done accepting connections: Socket closed
Aug 19, 2016 4:10:16 AM okhttp3.mockwebserver.MockWebServer$4 processOneRequest
INFO: MockWebServer[55716] received request: POST / HTTP/1.1 and responded: HTTP/1.1 200 OK
Tests run: 6, Failures: 0, Errors: 0, Skipped: 0, Time elapsed: 1.233 sec

Results :

Tests run: 6, Failures: 0, Errors: 0, Skipped: 0

[INFO] 
[INFO] --- animal-sniffer-maven-plugin:1.14:check (default) @ converter-moshi ---
[INFO] Checking unresolved references to org.codehaus.mojo.signature:java16:1.1
[INFO]                                                                         
[INFO] ------------------------------------------------------------------------
[INFO] Building Retrofit Mock Adapter 2.1.1-SNAPSHOT
[INFO] ------------------------------------------------------------------------
[INFO] 
[INFO] --- maven-enforcer-plugin:1.0:enforce (enforce-maven) @ retrofit-mock ---
[INFO] 
[INFO] --- maven-resources-plugin:2.6:resources (default-resources) @ retrofit-mock ---
[INFO] Using 'UTF-8' encoding to copy filtered resources.
[INFO] skip non existing resourceDirectory /home/travis/build/square/retrofit/retrofit-mock/src/main/resources
[INFO] 
[INFO] --- maven-compiler-plugin:3.0:compile (default-compile) @ retrofit-mock ---
[INFO] Changes detected - recompiling the module!
[INFO] Compiling 5 source files to /home/travis/build/square/retrofit/retrofit-mock/target/classes
[INFO] 
[INFO] --- maven-resources-plugin:2.6:testResources (default-testResources) @ retrofit-mock ---
[INFO] Using 'UTF-8' encoding to copy filtered resources.
[INFO] skip non existing resourceDirectory /home/travis/build/square/retrofit/retrofit-mock/src/test/resources
[INFO] 
[INFO] --- maven-compiler-plugin:3.0:testCompile (default-testCompile) @ retrofit-mock ---
[INFO] Changes detected - recompiling the module!
[INFO] Compiling 3 source files to /home/travis/build/square/retrofit/retrofit-mock/target/test-classes
[INFO] 
[INFO] --- maven-surefire-plugin:2.12.4:test (default-test) @ retrofit-mock ---
[INFO] Surefire report directory: /home/travis/build/square/retrofit/retrofit-mock/target/surefire-reports

-------------------------------------------------------
 T E S T S
-------------------------------------------------------
Running retrofit2.mock.BehaviorDelegateTest
Tests run: 10, Failures: 0, Errors: 0, Skipped: 0, Time elapsed: 1.826 sec
Running retrofit2.mock.MockRetrofitTest
Tests run: 8, Failures: 0, Errors: 0, Skipped: 0, Time elapsed: 0.053 sec
Running retrofit2.mock.NetworkBehaviorTest
Tests run: 6, Failures: 0, Errors: 0, Skipped: 0, Time elapsed: 0.103 sec

Results :

Tests run: 24, Failures: 0, Errors: 0, Skipped: 0

[INFO] 
[INFO] --- animal-sniffer-maven-plugin:1.14:check (default) @ retrofit-mock ---
[INFO] Checking unresolved references to org.codehaus.mojo.signature:java16:1.1
[INFO]                                                                         
[INFO] ------------------------------------------------------------------------
[INFO] Building Samples 2.1.1-SNAPSHOT
[INFO] ------------------------------------------------------------------------
[INFO] 
[INFO] --- maven-enforcer-plugin:1.0:enforce (enforce-maven) @ samples ---
[INFO] 
[INFO] --- maven-resources-plugin:2.6:resources (default-resources) @ samples ---
[INFO] Using 'UTF-8' encoding to copy filtered resources.
[INFO] skip non existing resourceDirectory /home/travis/build/square/retrofit/samples/src/main/resources
[INFO] 
[INFO] --- maven-compiler-plugin:3.0:compile (default-compile) @ samples ---
[INFO] Changes detected - recompiling the module!
[INFO] Compiling 9 source files to /home/travis/build/square/retrofit/samples/target/classes
[INFO] 
[INFO] --- maven-resources-plugin:2.6:testResources (default-testResources) @ samples ---
[INFO] Using 'UTF-8' encoding to copy filtered resources.
[INFO] skip non existing resourceDirectory /home/travis/build/square/retrofit/samples/src/test/resources
[INFO] 
[INFO] --- maven-compiler-plugin:3.0:testCompile (default-testCompile) @ samples ---
[INFO] No sources to compile
[INFO] 
[INFO] --- maven-surefire-plugin:2.12.4:test (default-test) @ samples ---
[INFO] No tests to run.
[INFO] 
[INFO] --- animal-sniffer-maven-plugin:1.14:check (default) @ samples ---
[INFO] Checking unresolved references to org.codehaus.mojo.signature:java16:1.1
[INFO] ------------------------------------------------------------------------
[INFO] Reactor Summary:
[INFO] 
[INFO] Retrofit (Parent) .................................. SUCCESS [  2.033 s]
[INFO] Retrofit ........................................... SUCCESS [ 23.402 s]
[INFO] Adapters ........................................... SUCCESS [  0.382 s]
[INFO] Adapter: Guava ..................................... SUCCESS [  1.606 s]
[INFO] Adapter: Java 8 .................................... SUCCESS [  2.096 s]
[INFO] Adapter: RxJava .................................... SUCCESS [  2.383 s]
[INFO] Converters ......................................... SUCCESS [  0.150 s]
[INFO] Converter: Gson .................................... SUCCESS [  1.178 s]
[INFO] Converter: Protocol Buffers ........................ SUCCESS [  1.807 s]
[INFO] Converter: Jackson ................................. SUCCESS [  2.140 s]
[INFO] Converter: Wire Protocol Buffers ................... SUCCESS [  2.580 s]
[INFO] Converter: SimpleXML ............................... SUCCESS [  4.059 s]
[INFO] Converter: Java Scalars ............................ SUCCESS [  4.017 s]
[INFO] Converter: Moshi ................................... SUCCESS [  2.294 s]
[INFO] Retrofit Mock Adapter .............................. SUCCESS [  3.227 s]
[INFO] Samples ............................................ SUCCESS [  1.148 s]
[INFO] ------------------------------------------------------------------------
[INFO] BUILD SUCCESS
[INFO] ------------------------------------------------------------------------
[INFO] Total time: 55.026 s
[INFO] Finished at: 2016-08-19T04:10:20+00:00
[INFO] Final Memory: 35M/308M
[INFO] ------------------------------------------------------------------------

travis_time:end:07fd3f3d:start=1471579764214131862,finish=1471579825581958485,duration=61367826623[0K
[32;1mThe command "mvn test -B" exited with 0.[0m
travis_fold:start:cache.2[0Kstore build cache
travis_time:start:122eb870[0K
travis_time:end:122eb870:start=1471579825587570881,finish=1471579825591695624,duration=4124743[0Ktravis_time:start:2f38c08c[0K[32;1mchange detected (content changed, file is created, or file is deleted):
/home/travis/.m2/repository/com/squareup/retrofit2/adapter-guava/2.1.1-SNAPSHOT/adapter-guava-2.1.1-SNAPSHOT.jar
/home/travis/.m2/repository/com/squareup/retrofit2/adapter-guava/2.1.1-SNAPSHOT/maven-metadata-local.xml
/home/travis/.m2/repository/com/squareup/retrofit2/adapter-guava/2.1.1-SNAPSHOT/_remote.repositories
/home/travis/.m2/repository/com/squareup/retrofit2/adapter-guava/maven-metadata-local.xml
/home/travis/.m2/repository/com/squareup/retrofit2/adapter-java8/2.1.1-SNAPSHOT/adapter-java8-2.1.1-SNAPSHOT.jar
/home/travis/.m2/repository/com/squareup/retrofit2/adapter-java8/2.1.1-SNAPSHOT/maven-metadata-local.xml
/home/travis/.m2/repository/com/squareup/retrofit2/adapter-java8/2.1.1-SNAPSHOT/_remote.repositories
/home/travis/.m2/repository/com/squareup/retrofit2/adapter-java8/maven-metadata-local.xml
/home/travis/.m2/repository/com/squareup/retrofit2/adapter-rxjava/2.1.1-SNAPSHOT/adapter-rxjava-2.1.1-SNAPSHOT.jar
/home/travis/.m2/repository/com/squareup/retrofit2/adapter-rxjava/2.
[0m
[32;1m...
[0m
[32;1mchanges detected, packing new archive[0m
.
[32;1muploading archive[0m

travis_time:end:2f38c08c:start=1471579825596895761,finish=1471579834786549382,duration=9189653621[0Ktravis_fold:end:cache.2[0Ktravis_fold:start:after_success[0Ktravis_time:start:1998b5b0[0K$ .buildscript/deploy_snapshot.sh
Skipping snapshot deployment: was pull request.

travis_time:end:1998b5b0:start=1471579834790537997,finish=1471579834795426186,duration=4888189[0Ktravis_fold:end:after_success[0K
Done. Your build exited with 0.
