Using worker: worker-linux-docker-4559e6dc.prod.travis-ci.org:travis-linux-10

travis_fold:start:system_info[0K[33;1mBuild system information[0m
Build language: java
Build group: stable
Build dist: precise
Build id: 153463423
Job id: 153463424
travis-build version: 6c895ddbe
[34m[1mBuild image provisioning date and time[0m
Thu Feb  5 15:09:33 UTC 2015
[34m[1mOperating System Details[0m
Distributor ID:	Ubuntu
Description:	Ubuntu 12.04.5 LTS
Release:	12.04
Codename:	precise
[34m[1mLinux Version[0m
3.13.0-29-generic
[34m[1mCookbooks Version[0m
a68419e https://github.com/travis-ci/travis-cookbooks/tree/a68419e
[34m[1mGCC version[0m
gcc (Ubuntu/Linaro 4.6.3-1ubuntu5) 4.6.3
Copyright (C) 2011 Free Software Foundation, Inc.
This is free software; see the source for copying conditions.  There is NO
warranty; not even for MERCHANTABILITY or FITNESS FOR A PARTICULAR PURPOSE.

[34m[1mLLVM version[0m
clang version 3.4 (tags/RELEASE_34/final)
Target: x86_64-unknown-linux-gnu
Thread model: posix
[34m[1mPre-installed Ruby versions[0m
ruby-1.9.3-p551
[34m[1mPre-installed Node.js versions[0m
v0.10.36
[34m[1mPre-installed Go versions[0m
1.4.1
[34m[1mRedis version[0m
redis-server 2.8.19
[34m[1mriak version[0m
2.0.2
[34m[1mMongoDB version[0m
MongoDB 2.4.12
[34m[1mCouchDB version[0m
couchdb 1.6.1
[34m[1mNeo4j version[0m
1.9.4
[34m[1mRabbitMQ Version[0m
3.4.3
[34m[1mElasticSearch version[0m
1.4.0
[34m[1mInstalled Sphinx versions[0m
2.0.10
2.1.9
2.2.6
[34m[1mDefault Sphinx version[0m
2.2.6
[34m[1mInstalled Firefox version[0m
firefox 31.0esr
[34m[1mPhantomJS version[0m
1.9.8
[34m[1mant -version[0m
Apache Ant(TM) version 1.8.2 compiled on December 3 2011
[34m[1mmvn -version[0m
Apache Maven 3.2.5 (12a6b3acb947671f09b81f49094c53f426d8cea1; 2014-12-14T17:29:23+00:00)
Maven home: /usr/local/maven
Java version: 1.7.0_76, vendor: Oracle Corporation
Java home: /usr/lib/jvm/java-7-oracle/jre
Default locale: en_US, platform encoding: ANSI_X3.4-1968
OS name: "linux", version: "3.13.0-29-generic", arch: "amd64", family: "unix"
travis_fold:end:system_info[0K
travis_fold:start:fix.CVE-2015-7547[0K$ export DEBIAN_FRONTEND=noninteractive
W: Size of file /var/lib/apt/lists/us.archive.ubuntu.com_ubuntu_dists_precise-backports_multiverse_source_Sources.gz is not what the server reported 5886 5888
W: Size of file /var/lib/apt/lists/ppa.launchpad.net_ubuntugis_ppa_ubuntu_dists_precise_main_binary-amd64_Packages.gz is not what the server reported 33653 36677
W: Size of file /var/lib/apt/lists/ppa.launchpad.net_ubuntugis_ppa_ubuntu_dists_precise_main_binary-i386_Packages.gz is not what the server reported 33699 36733
Reading package lists...
Building dependency tree...
Reading state information...
The following extra packages will be installed:
  libc-bin libc-dev-bin libc6-dev
Suggested packages:
  glibc-doc
The following packages will be upgraded:
  libc-bin libc-dev-bin libc6 libc6-dev
4 upgraded, 0 newly installed, 0 to remove and 256 not upgraded.
Need to get 8,840 kB of archives.
After this operation, 14.3 kB disk space will be freed.
Get:1 http://us.archive.ubuntu.com/ubuntu/ precise-updates/main libc6-dev amd64 2.15-0ubuntu10.15 [2,943 kB]
Get:2 http://us.archive.ubuntu.com/ubuntu/ precise-updates/main libc-dev-bin amd64 2.15-0ubuntu10.15 [84.7 kB]
Get:3 http://us.archive.ubuntu.com/ubuntu/ precise-updates/main libc-bin amd64 2.15-0ubuntu10.15 [1,177 kB]
Get:4 http://us.archive.ubuntu.com/ubuntu/ precise-updates/main libc6 amd64 2.15-0ubuntu10.15 [4,636 kB]
Fetched 8,840 kB in 0s (34.5 MB/s)
Preconfiguring packages ...
(Reading database ... (Reading database ... 5%(Reading database ... 10%(Reading database ... 15%(Reading database ... 20%(Reading database ... 25%(Reading database ... 30%(Reading database ... 35%(Reading database ... 40%(Reading database ... 45%(Reading database ... 50%(Reading database ... 55%(Reading database ... 60%(Reading database ... 65%(Reading database ... 70%(Reading database ... 75%(Reading database ... 80%(Reading database ... 85%(Reading database ... 90%(Reading database ... 95%(Reading database ... 100%(Reading database ... 72019 files and directories currently installed.)
Preparing to replace libc6-dev 2.15-0ubuntu10.10 (using .../libc6-dev_2.15-0ubuntu10.15_amd64.deb) ...
Unpacking replacement libc6-dev ...
Preparing to replace libc-dev-bin 2.15-0ubuntu10.10 (using .../libc-dev-bin_2.15-0ubuntu10.15_amd64.deb) ...
Unpacking replacement libc-dev-bin ...
Preparing to replace libc-bin 2.15-0ubuntu10.10 (using .../libc-bin_2.15-0ubuntu10.15_amd64.deb) ...
Unpacking replacement libc-bin ...
Processing triggers for man-db ...
Setting up libc-bin (2.15-0ubuntu10.15) ...
(Reading database ... (Reading database ... 5%(Reading database ... 10%(Reading database ... 15%(Reading database ... 20%(Reading database ... 25%(Reading database ... 30%(Reading database ... 35%(Reading database ... 40%(Reading database ... 45%(Reading database ... 50%(Reading database ... 55%(Reading database ... 60%(Reading database ... 65%(Reading database ... 70%(Reading database ... 75%(Reading database ... 80%(Reading database ... 85%(Reading database ... 90%(Reading database ... 95%(Reading database ... 100%(Reading database ... 72018 files and directories currently installed.)
Preparing to replace libc6 2.15-0ubuntu10.10 (using .../libc6_2.15-0ubuntu10.15_amd64.deb) ...
Unpacking replacement libc6 ...
Setting up libc6 (2.15-0ubuntu10.15) ...
Setting up libc-dev-bin (2.15-0ubuntu10.15) ...
Setting up libc6-dev (2.15-0ubuntu10.15) ...
Processing triggers for libc-bin ...
ldconfig deferred processing now taking place
travis_fold:end:fix.CVE-2015-7547[0Ktravis_fold:start:git.checkout[0Ktravis_time:start:01e110a4[0K$ git clone --depth=50 --branch=jw/rex https://github.com/square/retrofit.git square/retrofit
Cloning into 'square/retrofit'...
remote: Counting objects: 1134, done.[K
remote: Compressing objects:   0% (1/651)   [Kremote: Compressing objects:   1% (7/651)   [Kremote: Compressing objects:   2% (14/651)   [Kremote: Compressing objects:   3% (20/651)   [Kremote: Compressing objects:   4% (27/651)   [Kremote: Compressing objects:   5% (33/651)   [Kremote: Compressing objects:   6% (40/651)   [Kremote: Compressing objects:   7% (46/651)   [Kremote: Compressing objects:   8% (53/651)   [Kremote: Compressing objects:   9% (59/651)   [Kremote: Compressing objects:  10% (66/651)   [Kremote: Compressing objects:  11% (72/651)   [Kremote: Compressing objects:  12% (79/651)   [Kremote: Compressing objects:  13% (85/651)   [Kremote: Compressing objects:  14% (92/651)   [Kremote: Compressing objects:  15% (98/651)   [Kremote: Compressing objects:  16% (105/651)   [Kremote: Compressing objects:  17% (111/651)   [Kremote: Compressing objects:  18% (118/651)   [Kremote: Compressing objects:  19% (124/651)   [Kremote: Compressing objects:  20% (131/651)   [Kremote: Compressing objects:  21% (137/651)   [Kremote: Compressing objects:  22% (144/651)   [Kremote: Compressing objects:  23% (150/651)   [Kremote: Compressing objects:  24% (157/651)   [Kremote: Compressing objects:  25% (163/651)   [Kremote: Compressing objects:  26% (170/651)   [Kremote: Compressing objects:  27% (176/651)   [Kremote: Compressing objects:  28% (183/651)   [Kremote: Compressing objects:  29% (189/651)   [Kremote: Compressing objects:  30% (196/651)   [Kremote: Compressing objects:  31% (202/651)   [Kremote: Compressing objects:  32% (209/651)   [Kremote: Compressing objects:  33% (215/651)   [Kremote: Compressing objects:  34% (222/651)   [Kremote: Compressing objects:  35% (228/651)   [Kremote: Compressing objects:  36% (235/651)   [Kremote: Compressing objects:  37% (241/651)   [Kremote: Compressing objects:  38% (248/651)   [Kremote: Compressing objects:  39% (254/651)   [Kremote: Compressing objects:  40% (261/651)   [Kremote: Compressing objects:  41% (267/651)   [Kremote: Compressing objects:  42% (274/651)   [Kremote: Compressing objects:  43% (280/651)   [Kremote: Compressing objects:  44% (287/651)   [Kremote: Compressing objects:  45% (293/651)   [Kremote: Compressing objects:  46% (300/651)   [Kremote: Compressing objects:  47% (306/651)   [Kremote: Compressing objects:  48% (313/651)   [Kremote: Compressing objects:  49% (319/651)   [Kremote: Compressing objects:  50% (326/651)   [Kremote: Compressing objects:  51% (333/651)   [Kremote: Compressing objects:  52% (339/651)   [Kremote: Compressing objects:  53% (346/651)   [Kremote: Compressing objects:  54% (352/651)   [Kremote: Compressing objects:  55% (359/651)   [Kremote: Compressing objects:  56% (365/651)   [Kremote: Compressing objects:  57% (372/651)   [Kremote: Compressing objects:  58% (378/651)   [Kremote: Compressing objects:  59% (385/651)   [Kremote: Compressing objects:  60% (391/651)   [Kremote: Compressing objects:  61% (398/651)   [Kremote: Compressing objects:  62% (404/651)   [Kremote: Compressing objects:  63% (411/651)   [Kremote: Compressing objects:  64% (417/651)   [Kremote: Compressing objects:  65% (424/651)   [Kremote: Compressing objects:  66% (430/651)   [Kremote: Compressing objects:  67% (437/651)   [Kremote: Compressing objects:  68% (443/651)   [Kremote: Compressing objects:  69% (450/651)   [Kremote: Compressing objects:  70% (456/651)   [Kremote: Compressing objects:  71% (463/651)   [Kremote: Compressing objects:  72% (469/651)   [Kremote: Compressing objects:  73% (476/651)   [Kremote: Compressing objects:  74% (482/651)   [Kremote: Compressing objects:  75% (489/651)   [Kremote: Compressing objects:  76% (495/651)   [Kremote: Compressing objects:  77% (502/651)   [Kremote: Compressing objects:  78% (508/651)   [Kremote: Compressing objects:  79% (515/651)   [Kremote: Compressing objects:  80% (521/651)   [Kremote: Compressing objects:  81% (528/651)   [Kremote: Compressing objects:  82% (534/651)   [Kremote: Compressing objects:  83% (541/651)   [Kremote: Compressing objects:  84% (547/651)   [Kremote: Compressing objects:  85% (554/651)   [Kremote: Compressing objects:  86% (560/651)   [Kremote: Compressing objects:  87% (567/651)   [Kremote: Compressing objects:  88% (573/651)   [Kremote: Compressing objects:  89% (580/651)   [Kremote: Compressing objects:  90% (586/651)   [Kremote: Compressing objects:  91% (593/651)   [Kremote: Compressing objects:  92% (599/651)   [Kremote: Compressing objects:  93% (606/651)   [Kremote: Compressing objects:  94% (612/651)   [Kremote: Compressing objects:  95% (619/651)   [Kremote: Compressing objects:  96% (625/651)   [Kremote: Compressing objects:  97% (632/651)   [Kremote: Compressing objects:  98% (638/651)   [Kremote: Compressing objects:  99% (645/651)   [Kremote: Compressing objects: 100% (651/651)   [Kremote: Compressing objects: 100% (651/651), done.[K
Receiving objects:   0% (1/1134)   Receiving objects:   1% (12/1134)   Receiving objects:   2% (23/1134)   Receiving objects:   3% (35/1134)   Receiving objects:   4% (46/1134)   Receiving objects:   5% (57/1134)   Receiving objects:   6% (69/1134)   Receiving objects:   7% (80/1134)   Receiving objects:   8% (91/1134)   Receiving objects:   9% (103/1134)   Receiving objects:  10% (114/1134)   Receiving objects:  11% (125/1134)   Receiving objects:  12% (137/1134)   Receiving objects:  13% (148/1134)   Receiving objects:  14% (159/1134)   Receiving objects:  15% (171/1134)   Receiving objects:  16% (182/1134)   Receiving objects:  17% (193/1134)   Receiving objects:  18% (205/1134)   Receiving objects:  19% (216/1134)   Receiving objects:  20% (227/1134)   Receiving objects:  21% (239/1134)   Receiving objects:  22% (250/1134)   Receiving objects:  23% (261/1134)   Receiving objects:  24% (273/1134)   Receiving objects:  25% (284/1134)   Receiving objects:  26% (295/1134)   Receiving objects:  27% (307/1134)   Receiving objects:  28% (318/1134)   Receiving objects:  29% (329/1134)   Receiving objects:  30% (341/1134)   Receiving objects:  31% (352/1134)   Receiving objects:  32% (363/1134)   Receiving objects:  33% (375/1134)   Receiving objects:  34% (386/1134)   Receiving objects:  35% (397/1134)   Receiving objects:  36% (409/1134)   Receiving objects:  37% (420/1134)   Receiving objects:  38% (431/1134)   Receiving objects:  39% (443/1134)   Receiving objects:  40% (454/1134)   Receiving objects:  41% (465/1134)   Receiving objects:  42% (477/1134)   remote: Total 1134 (delta 420), reused 873 (delta 212), pack-reused 0[K
Receiving objects:  43% (488/1134)   Receiving objects:  44% (499/1134)   Receiving objects:  45% (511/1134)   Receiving objects:  46% (522/1134)   Receiving objects:  47% (533/1134)   Receiving objects:  48% (545/1134)   Receiving objects:  49% (556/1134)   Receiving objects:  50% (567/1134)   Receiving objects:  51% (579/1134)   Receiving objects:  52% (590/1134)   Receiving objects:  53% (602/1134)   Receiving objects:  54% (613/1134)   Receiving objects:  55% (624/1134)   Receiving objects:  56% (636/1134)   Receiving objects:  57% (647/1134)   Receiving objects:  58% (658/1134)   Receiving objects:  59% (670/1134)   Receiving objects:  60% (681/1134)   Receiving objects:  61% (692/1134)   Receiving objects:  62% (704/1134)   Receiving objects:  63% (715/1134)   Receiving objects:  64% (726/1134)   Receiving objects:  65% (738/1134)   Receiving objects:  66% (749/1134)   Receiving objects:  67% (760/1134)   Receiving objects:  68% (772/1134)   Receiving objects:  69% (783/1134)   Receiving objects:  70% (794/1134)   Receiving objects:  71% (806/1134)   Receiving objects:  72% (817/1134)   Receiving objects:  73% (828/1134)   Receiving objects:  74% (840/1134)   Receiving objects:  75% (851/1134)   Receiving objects:  76% (862/1134)   Receiving objects:  77% (874/1134)   Receiving objects:  78% (885/1134)   Receiving objects:  79% (896/1134)   Receiving objects:  80% (908/1134)   Receiving objects:  81% (919/1134)   Receiving objects:  82% (930/1134)   Receiving objects:  83% (942/1134)   Receiving objects:  84% (953/1134)   Receiving objects:  85% (964/1134)   Receiving objects:  86% (976/1134)   Receiving objects:  87% (987/1134)   Receiving objects:  88% (998/1134)   Receiving objects:  89% (1010/1134)   Receiving objects:  90% (1021/1134)   Receiving objects:  91% (1032/1134)   Receiving objects:  92% (1044/1134)   Receiving objects:  93% (1055/1134)   Receiving objects:  94% (1066/1134)   Receiving objects:  95% (1078/1134)   Receiving objects:  96% (1089/1134)   Receiving objects:  97% (1100/1134)   Receiving objects:  98% (1112/1134)   Receiving objects:  99% (1123/1134)   Receiving objects: 100% (1134/1134)   Receiving objects: 100% (1134/1134), 312.82 KiB | 0 bytes/s, done.
Resolving deltas:   0% (0/420)   Resolving deltas:   5% (21/420)   Resolving deltas:   6% (28/420)   Resolving deltas:   7% (32/420)   Resolving deltas:  11% (48/420)   Resolving deltas:  12% (51/420)   Resolving deltas:  33% (142/420)   Resolving deltas:  38% (161/420)   Resolving deltas:  39% (164/420)   Resolving deltas:  40% (168/420)   Resolving deltas:  42% (179/420)   Resolving deltas:  43% (182/420)   Resolving deltas:  46% (195/420)   Resolving deltas:  47% (198/420)   Resolving deltas:  49% (206/420)   Resolving deltas:  51% (215/420)   Resolving deltas:  53% (223/420)   Resolving deltas:  55% (231/420)   Resolving deltas:  56% (238/420)   Resolving deltas:  59% (248/420)   Resolving deltas:  60% (252/420)   Resolving deltas:  61% (260/420)   Resolving deltas:  62% (262/420)   Resolving deltas:  63% (265/420)   Resolving deltas:  64% (269/420)   Resolving deltas:  66% (281/420)   Resolving deltas:  67% (283/420)   Resolving deltas:  68% (286/420)   Resolving deltas:  69% (290/420)   Resolving deltas:  70% (296/420)   Resolving deltas:  71% (302/420)   Resolving deltas:  75% (315/420)   Resolving deltas:  79% (334/420)   Resolving deltas:  80% (337/420)   Resolving deltas:  81% (342/420)   Resolving deltas:  84% (355/420)   Resolving deltas:  86% (363/420)   Resolving deltas:  87% (368/420)   Resolving deltas:  89% (374/420)   Resolving deltas:  90% (378/420)   Resolving deltas:  94% (398/420)   Resolving deltas:  95% (399/420)   Resolving deltas:  99% (417/420)   Resolving deltas: 100% (420/420)   Resolving deltas: 100% (420/420), done.
Checking connectivity... done.

travis_time:end:01e110a4:start=1471580139459504825,finish=1471580139966102329,duration=506597504[0K$ cd square/retrofit
$ git checkout -qf 504dd092bc0c77e4e280c840bef4c9fd7f2efd0b
travis_fold:end:git.checkout[0K
[33;1mThis job is running on container-based infrastructure, which does not allow use of 'sudo', setuid and setguid executables.[0m
[33;1mIf you require sudo, add 'sudo: required' to your .travis.yml[0m
[33;1mSee https://docs.travis-ci.com/user/workers/container-based-infrastructure/ for details.[0m

[33;1mSetting environment variables from .travis.yml[0m
$ export CI_DEPLOY_USERNAME=[secure]
$ export CI_DEPLOY_PASSWORD=[secure]

$ jdk_switcher use oraclejdk8
Switching to Oracle JDK8 (java-8-oracle), JAVA_HOME will be set to /usr/lib/jvm/java-8-oracle
travis_fold:start:cache.1[0KSetting up build cache
$ export CASHER_DIR=$HOME/.casher
travis_time:start:07644066[0K$ Installing caching utilities

travis_time:end:07644066:start=1471580145425067605,finish=1471580145475150825,duration=50083220[0Ktravis_time:start:04d1fc48[0K
travis_time:end:04d1fc48:start=1471580145480063808,finish=1471580145483454408,duration=3390600[0Ktravis_time:start:0209c80a[0K[32;1mattempting to download cache archive[0m
[32;1mfetching jwrex/cache-linux-precise-e3b0c44298fc1c149afbf4c8996fb92427ae41e4649b934ca495991b7852b855--jdk-oraclejdk8.tgz[0m
[32;1mfound cache[0m

travis_time:end:0209c80a:start=1471580145487331299,finish=1471580148249284209,duration=2761952910[0Ktravis_time:start:2206ad60[0K
travis_time:end:2206ad60:start=1471580148253102324,finish=1471580148256628968,duration=3526644[0Ktravis_time:start:21cb3e74[0K[32;1madding /home/travis/.m2 to cache[0m

travis_time:end:21cb3e74:start=1471580148260531437,finish=1471580150923642292,duration=2663110855[0Ktravis_fold:end:cache.1[0K$ java -Xmx32m -version
java version "1.8.0_31"
Java(TM) SE Runtime Environment (build 1.8.0_31-b13)
Java HotSpot(TM) 64-Bit Server VM (build 25.31-b07, mixed mode)
$ javac -J-Xmx32m -version
javac 1.8.0_31
travis_fold:start:install[0Ktravis_time:start:07e5f8ec[0K$ mvn install -DskipTests=true -Dmaven.javadoc.skip=true -B -V
Java HotSpot(TM) 64-Bit Server VM warning: ignoring option MaxPermSize=192m; support was removed in 8.0
Apache Maven 3.2.5 (12a6b3acb947671f09b81f49094c53f426d8cea1; 2014-12-14T17:29:23+00:00)
Maven home: /usr/local/maven
Java version: 1.8.0_31, vendor: Oracle Corporation
Java home: /usr/lib/jvm/java-8-oracle/jre
Default locale: en_US, platform encoding: UTF-8
OS name: "linux", version: "3.13.0-40-generic", arch: "amd64", family: "unix"
[INFO] Scanning for projects...
[WARNING] 
[WARNING] Some problems were encountered while building the effective model for com.squareup.retrofit2:samples:jar:2.1.1-SNAPSHOT
[WARNING] 'build.plugins.plugin.version' for org.apache.maven.plugins:maven-deploy-plugin is missing. @ com.squareup.retrofit2:samples:[unknown-version], /home/travis/build/square/retrofit/samples/pom.xml, line 55, column 15
[WARNING] 
[WARNING] It is highly recommended to fix these problems because they threaten the stability of your build.
[WARNING] 
[WARNING] For this reason, future Maven versions might no longer support building such malformed projects.
[WARNING] 
[INFO] ------------------------------------------------------------------------
[INFO] Reactor Build Order:
[INFO] 
[INFO] Retrofit (Parent)
[INFO] Retrofit
[INFO] Adapters
[INFO] Adapter: Guava
[INFO] Adapter: Java 8
[INFO] Adapter: RxJava
[INFO] Converters
[INFO] Converter: Gson
[INFO] Converter: Protocol Buffers
[INFO] Converter: Jackson
[INFO] Converter: Wire Protocol Buffers
[INFO] Converter: SimpleXML
[INFO] Converter: Java Scalars
[INFO] Converter: Moshi
[INFO] Retrofit Mock Adapter
[INFO] Samples
[INFO]                                                                         
[INFO] ------------------------------------------------------------------------
[INFO] Building Retrofit (Parent) 2.1.1-SNAPSHOT
[INFO] ------------------------------------------------------------------------
[INFO] 
[INFO] --- maven-enforcer-plugin:1.0:enforce (enforce-maven) @ parent ---
[INFO] 
[INFO] --- animal-sniffer-maven-plugin:1.14:check (default) @ parent ---
[INFO] Checking unresolved references to org.codehaus.mojo.signature:java16:1.1
[INFO] 
[INFO] --- maven-javadoc-plugin:2.10.3:jar (attach-javadocs) @ parent ---
[INFO] Skipping javadoc generation
[INFO] 
[INFO] --- maven-checkstyle-plugin:2.15:checkstyle (default) @ parent ---
[INFO] 
[INFO] --- maven-install-plugin:2.4:install (default-install) @ parent ---
[INFO] Installing /home/travis/build/square/retrofit/pom.xml to /home/travis/.m2/repository/com/squareup/retrofit2/parent/2.1.1-SNAPSHOT/parent-2.1.1-SNAPSHOT.pom
[INFO]                                                                         
[INFO] ------------------------------------------------------------------------
[INFO] Building Retrofit 2.1.1-SNAPSHOT
[INFO] ------------------------------------------------------------------------
[INFO] 
[INFO] --- maven-enforcer-plugin:1.0:enforce (enforce-maven) @ retrofit ---
[INFO] 
[INFO] --- maven-resources-plugin:2.6:resources (default-resources) @ retrofit ---
[INFO] Using 'UTF-8' encoding to copy filtered resources.
[INFO] skip non existing resourceDirectory /home/travis/build/square/retrofit/retrofit/src/main/resources
[INFO] 
[INFO] --- maven-compiler-plugin:3.0:compile (default-compile) @ retrofit ---
[INFO] Changes detected - recompiling the module!
[INFO] Compiling 40 source files to /home/travis/build/square/retrofit/retrofit/target/classes
[WARNING] /home/travis/build/square/retrofit/retrofit/src/main/java/retrofit2/Retrofit.java: Some input files use unchecked or unsafe operations.
[WARNING] /home/travis/build/square/retrofit/retrofit/src/main/java/retrofit2/Retrofit.java: Recompile with -Xlint:unchecked for details.
[INFO] 
[INFO] --- maven-resources-plugin:2.6:testResources (default-testResources) @ retrofit ---
[INFO] Using 'UTF-8' encoding to copy filtered resources.
[INFO] skip non existing resourceDirectory /home/travis/build/square/retrofit/retrofit/src/test/resources
[INFO] 
[INFO] --- maven-compiler-plugin:3.0:testCompile (default-testCompile) @ retrofit ---
[INFO] Changes detected - recompiling the module!
[INFO] Compiling 14 source files to /home/travis/build/square/retrofit/retrofit/target/test-classes
[WARNING] /home/travis/build/square/retrofit/retrofit/src/test/java/retrofit2/RetrofitTest.java: /home/travis/build/square/retrofit/retrofit/src/test/java/retrofit2/RetrofitTest.java uses unchecked or unsafe operations.
[WARNING] /home/travis/build/square/retrofit/retrofit/src/test/java/retrofit2/RetrofitTest.java: Recompile with -Xlint:unchecked for details.
[INFO] 
[INFO] --- maven-surefire-plugin:2.12.4:test (default-test) @ retrofit ---
[INFO] Tests are skipped.
[INFO] 
[INFO] --- animal-sniffer-maven-plugin:1.14:check (default) @ retrofit ---
[INFO] Checking unresolved references to org.codehaus.mojo.signature:java16:1.1
[INFO] 
[INFO] --- maven-jar-plugin:2.4:jar (default-jar) @ retrofit ---
[INFO] Building jar: /home/travis/build/square/retrofit/retrofit/target/retrofit-2.1.1-SNAPSHOT.jar
[INFO] 
[INFO] --- maven-javadoc-plugin:2.10.3:jar (attach-javadocs) @ retrofit ---
[INFO] Skipping javadoc generation
[INFO] 
[INFO] --- maven-checkstyle-plugin:2.15:checkstyle (default) @ retrofit ---
[INFO] Starting audit...
Audit done.
[WARNING] Unable to locate Source XRef to link to - DISABLED
[INFO] 
[INFO] --- maven-install-plugin:2.4:install (default-install) @ retrofit ---
[INFO] Installing /home/travis/build/square/retrofit/retrofit/target/retrofit-2.1.1-SNAPSHOT.jar to /home/travis/.m2/repository/com/squareup/retrofit2/retrofit/2.1.1-SNAPSHOT/retrofit-2.1.1-SNAPSHOT.jar
[INFO] Installing /home/travis/build/square/retrofit/retrofit/pom.xml to /home/travis/.m2/repository/com/squareup/retrofit2/retrofit/2.1.1-SNAPSHOT/retrofit-2.1.1-SNAPSHOT.pom
[INFO]                                                                         
[INFO] ------------------------------------------------------------------------
[INFO] Building Adapters 2.1.1-SNAPSHOT
[INFO] ------------------------------------------------------------------------
[INFO] 
[INFO] --- maven-enforcer-plugin:1.0:enforce (enforce-maven) @ retrofit-adapters ---
[INFO] 
[INFO] --- animal-sniffer-maven-plugin:1.14:check (default) @ retrofit-adapters ---
[INFO] Checking unresolved references to org.codehaus.mojo.signature:java16:1.1
[INFO] 
[INFO] --- maven-javadoc-plugin:2.10.3:jar (attach-javadocs) @ retrofit-adapters ---
[INFO] Skipping javadoc generation
[INFO] 
[INFO] --- maven-checkstyle-plugin:2.15:checkstyle (default) @ retrofit-adapters ---
[INFO] 
[INFO] --- maven-install-plugin:2.4:install (default-install) @ retrofit-adapters ---
[INFO] Installing /home/travis/build/square/retrofit/retrofit-adapters/pom.xml to /home/travis/.m2/repository/com/squareup/retrofit2/retrofit-adapters/2.1.1-SNAPSHOT/retrofit-adapters-2.1.1-SNAPSHOT.pom
[INFO]                                                                         
[INFO] ------------------------------------------------------------------------
[INFO] Building Adapter: Guava 2.1.1-SNAPSHOT
[INFO] ------------------------------------------------------------------------
[INFO] 
[INFO] --- maven-enforcer-plugin:1.0:enforce (enforce-maven) @ adapter-guava ---
[INFO] 
[INFO] --- maven-resources-plugin:2.6:resources (default-resources) @ adapter-guava ---
[INFO] Using 'UTF-8' encoding to copy filtered resources.
[INFO] skip non existing resourceDirectory /home/travis/build/square/retrofit/retrofit-adapters/guava/src/main/resources
[INFO] 
[INFO] --- maven-compiler-plugin:3.0:compile (default-compile) @ adapter-guava ---
[INFO] Changes detected - recompiling the module!
[INFO] Compiling 2 source files to /home/travis/build/square/retrofit/retrofit-adapters/guava/target/classes
[INFO] 
[INFO] --- maven-resources-plugin:2.6:testResources (default-testResources) @ adapter-guava ---
[INFO] Using 'UTF-8' encoding to copy filtered resources.
[INFO] skip non existing resourceDirectory /home/travis/build/square/retrofit/retrofit-adapters/guava/src/test/resources
[INFO] 
[INFO] --- maven-compiler-plugin:3.0:testCompile (default-testCompile) @ adapter-guava ---
[INFO] Changes detected - recompiling the module!
[INFO] Compiling 3 source files to /home/travis/build/square/retrofit/retrofit-adapters/guava/target/test-classes
[INFO] 
[INFO] --- maven-surefire-plugin:2.12.4:test (default-test) @ adapter-guava ---
[INFO] Tests are skipped.
[INFO] 
[INFO] --- animal-sniffer-maven-plugin:1.14:check (default) @ adapter-guava ---
[INFO] Checking unresolved references to org.codehaus.mojo.signature:java16:1.1
[INFO] 
[INFO] --- maven-jar-plugin:2.4:jar (default-jar) @ adapter-guava ---
[INFO] Building jar: /home/travis/build/square/retrofit/retrofit-adapters/guava/target/adapter-guava-2.1.1-SNAPSHOT.jar
[INFO] 
[INFO] --- maven-javadoc-plugin:2.10.3:jar (attach-javadocs) @ adapter-guava ---
[INFO] Skipping javadoc generation
[INFO] 
[INFO] --- maven-checkstyle-plugin:2.15:checkstyle (default) @ adapter-guava ---
[INFO] Starting audit...
Audit done.
[WARNING] Unable to locate Source XRef to link to - DISABLED
[INFO] 
[INFO] --- maven-install-plugin:2.4:install (default-install) @ adapter-guava ---
[INFO] Installing /home/travis/build/square/retrofit/retrofit-adapters/guava/target/adapter-guava-2.1.1-SNAPSHOT.jar to /home/travis/.m2/repository/com/squareup/retrofit2/adapter-guava/2.1.1-SNAPSHOT/adapter-guava-2.1.1-SNAPSHOT.jar
[INFO] Installing /home/travis/build/square/retrofit/retrofit-adapters/guava/pom.xml to /home/travis/.m2/repository/com/squareup/retrofit2/adapter-guava/2.1.1-SNAPSHOT/adapter-guava-2.1.1-SNAPSHOT.pom
[INFO]                                                                         
[INFO] ------------------------------------------------------------------------
[INFO] Building Adapter: Java 8 2.1.1-SNAPSHOT
[INFO] ------------------------------------------------------------------------
[INFO] 
[INFO] --- maven-enforcer-plugin:1.0:enforce (enforce-maven) @ adapter-java8 ---
[INFO] 
[INFO] --- maven-resources-plugin:2.6:resources (default-resources) @ adapter-java8 ---
[INFO] Using 'UTF-8' encoding to copy filtered resources.
[INFO] skip non existing resourceDirectory /home/travis/build/square/retrofit/retrofit-adapters/java8/src/main/resources
[INFO] 
[INFO] --- maven-compiler-plugin:3.0:compile (default-compile) @ adapter-java8 ---
[INFO] Changes detected - recompiling the module!
[INFO] Compiling 2 source files to /home/travis/build/square/retrofit/retrofit-adapters/java8/target/classes
[INFO] 
[INFO] --- maven-resources-plugin:2.6:testResources (default-testResources) @ adapter-java8 ---
[INFO] Using 'UTF-8' encoding to copy filtered resources.
[INFO] skip non existing resourceDirectory /home/travis/build/square/retrofit/retrofit-adapters/java8/src/test/resources
[INFO] 
[INFO] --- maven-compiler-plugin:3.0:testCompile (default-testCompile) @ adapter-java8 ---
[INFO] Changes detected - recompiling the module!
[INFO] Compiling 3 source files to /home/travis/build/square/retrofit/retrofit-adapters/java8/target/test-classes
[INFO] 
[INFO] --- maven-surefire-plugin:2.12.4:test (default-test) @ adapter-java8 ---
[INFO] Tests are skipped.
[INFO] 
[INFO] --- animal-sniffer-maven-plugin:1.14:check (default) @ adapter-java8 ---
[INFO] Checking unresolved references to org.kaazing.mojo.signature:java18:1.0
[INFO] 
[INFO] --- maven-jar-plugin:2.4:jar (default-jar) @ adapter-java8 ---
[INFO] Building jar: /home/travis/build/square/retrofit/retrofit-adapters/java8/target/adapter-java8-2.1.1-SNAPSHOT.jar
[INFO] 
[INFO] --- maven-javadoc-plugin:2.10.3:jar (attach-javadocs) @ adapter-java8 ---
[INFO] Skipping javadoc generation
[INFO] 
[INFO] --- maven-checkstyle-plugin:2.15:checkstyle (default) @ adapter-java8 ---
[INFO] Starting audit...
Audit done.
[WARNING] Unable to locate Source XRef to link to - DISABLED
[INFO] 
[INFO] --- maven-install-plugin:2.4:install (default-install) @ adapter-java8 ---
[INFO] Installing /home/travis/build/square/retrofit/retrofit-adapters/java8/target/adapter-java8-2.1.1-SNAPSHOT.jar to /home/travis/.m2/repository/com/squareup/retrofit2/adapter-java8/2.1.1-SNAPSHOT/adapter-java8-2.1.1-SNAPSHOT.jar
[INFO] Installing /home/travis/build/square/retrofit/retrofit-adapters/java8/pom.xml to /home/travis/.m2/repository/com/squareup/retrofit2/adapter-java8/2.1.1-SNAPSHOT/adapter-java8-2.1.1-SNAPSHOT.pom
[INFO]                                                                         
[INFO] ------------------------------------------------------------------------
[INFO] Building Adapter: RxJava 2.1.1-SNAPSHOT
[INFO] ------------------------------------------------------------------------
[INFO] 
[INFO] --- maven-enforcer-plugin:1.0:enforce (enforce-maven) @ adapter-rxjava ---
[INFO] 
[INFO] --- maven-resources-plugin:2.6:resources (default-resources) @ adapter-rxjava ---
[INFO] Using 'UTF-8' encoding to copy filtered resources.
[INFO] skip non existing resourceDirectory /home/travis/build/square/retrofit/retrofit-adapters/rxjava/src/main/resources
[INFO] 
[INFO] --- maven-compiler-plugin:3.0:compile (default-compile) @ adapter-rxjava ---
[INFO] Changes detected - recompiling the module!
[INFO] Compiling 7 source files to /home/travis/build/square/retrofit/retrofit-adapters/rxjava/target/classes
[WARNING] /home/travis/build/square/retrofit/retrofit-adapters/rxjava/src/main/java/retrofit2/adapter/rxjava/CallOnSubscribe.java: Some input files use or override a deprecated API.
[WARNING] /home/travis/build/square/retrofit/retrofit-adapters/rxjava/src/main/java/retrofit2/adapter/rxjava/CallOnSubscribe.java: Recompile with -Xlint:deprecation for details.
[INFO] 
[INFO] --- maven-resources-plugin:2.6:testResources (default-testResources) @ adapter-rxjava ---
[INFO] Using 'UTF-8' encoding to copy filtered resources.
[INFO] skip non existing resourceDirectory /home/travis/build/square/retrofit/retrofit-adapters/rxjava/src/test/resources
[INFO] 
[INFO] --- maven-compiler-plugin:3.0:testCompile (default-testCompile) @ adapter-rxjava ---
[INFO] Changes detected - recompiling the module!
[INFO] Compiling 13 source files to /home/travis/build/square/retrofit/retrofit-adapters/rxjava/target/test-classes
[WARNING] /home/travis/build/square/retrofit/retrofit-adapters/rxjava/src/test/java/retrofit2/adapter/rxjava/RxJavaPluginsResetRule.java: Some input files use or override a deprecated API.
[WARNING] /home/travis/build/square/retrofit/retrofit-adapters/rxjava/src/test/java/retrofit2/adapter/rxjava/RxJavaPluginsResetRule.java: Recompile with -Xlint:deprecation for details.
[INFO] 
[INFO] --- maven-surefire-plugin:2.12.4:test (default-test) @ adapter-rxjava ---
[INFO] Tests are skipped.
[INFO] 
[INFO] --- animal-sniffer-maven-plugin:1.14:check (default) @ adapter-rxjava ---
[INFO] Checking unresolved references to org.codehaus.mojo.signature:java16:1.1
[INFO] 
[INFO] --- maven-jar-plugin:2.4:jar (default-jar) @ adapter-rxjava ---
[INFO] Building jar: /home/travis/build/square/retrofit/retrofit-adapters/rxjava/target/adapter-rxjava-2.1.1-SNAPSHOT.jar
[INFO] 
[INFO] --- maven-javadoc-plugin:2.10.3:jar (attach-javadocs) @ adapter-rxjava ---
[INFO] Skipping javadoc generation
[INFO] 
[INFO] --- maven-checkstyle-plugin:2.15:checkstyle (default) @ adapter-rxjava ---
[INFO] Starting audit...
Audit done.
[WARNING] Unable to locate Source XRef to link to - DISABLED
[INFO] 
[INFO] --- maven-install-plugin:2.4:install (default-install) @ adapter-rxjava ---
[INFO] Installing /home/travis/build/square/retrofit/retrofit-adapters/rxjava/target/adapter-rxjava-2.1.1-SNAPSHOT.jar to /home/travis/.m2/repository/com/squareup/retrofit2/adapter-rxjava/2.1.1-SNAPSHOT/adapter-rxjava-2.1.1-SNAPSHOT.jar
[INFO] Installing /home/travis/build/square/retrofit/retrofit-adapters/rxjava/pom.xml to /home/travis/.m2/repository/com/squareup/retrofit2/adapter-rxjava/2.1.1-SNAPSHOT/adapter-rxjava-2.1.1-SNAPSHOT.pom
[INFO]                                                                         
[INFO] ------------------------------------------------------------------------
[INFO] Building Converters 2.1.1-SNAPSHOT
[INFO] ------------------------------------------------------------------------
[INFO] 
[INFO] --- maven-enforcer-plugin:1.0:enforce (enforce-maven) @ retrofit-converters ---
[INFO] 
[INFO] --- animal-sniffer-maven-plugin:1.14:check (default) @ retrofit-converters ---
[INFO] Checking unresolved references to org.codehaus.mojo.signature:java16:1.1
[INFO] 
[INFO] --- maven-javadoc-plugin:2.10.3:jar (attach-javadocs) @ retrofit-converters ---
[INFO] Skipping javadoc generation
[INFO] 
[INFO] --- maven-checkstyle-plugin:2.15:checkstyle (default) @ retrofit-converters ---
[INFO] 
[INFO] --- maven-install-plugin:2.4:install (default-install) @ retrofit-converters ---
[INFO] Installing /home/travis/build/square/retrofit/retrofit-converters/pom.xml to /home/travis/.m2/repository/com/squareup/retrofit2/retrofit-converters/2.1.1-SNAPSHOT/retrofit-converters-2.1.1-SNAPSHOT.pom
[INFO]                                                                         
[INFO] ------------------------------------------------------------------------
[INFO] Building Converter: Gson 2.1.1-SNAPSHOT
[INFO] ------------------------------------------------------------------------
[INFO] 
[INFO] --- maven-enforcer-plugin:1.0:enforce (enforce-maven) @ converter-gson ---
[INFO] 
[INFO] --- maven-resources-plugin:2.6:resources (default-resources) @ converter-gson ---
[INFO] Using 'UTF-8' encoding to copy filtered resources.
[INFO] skip non existing resourceDirectory /home/travis/build/square/retrofit/retrofit-converters/gson/src/main/resources
[INFO] 
[INFO] --- maven-compiler-plugin:3.0:compile (default-compile) @ converter-gson ---
[INFO] Changes detected - recompiling the module!
[INFO] Compiling 3 source files to /home/travis/build/square/retrofit/retrofit-converters/gson/target/classes
[INFO] 
[INFO] --- maven-resources-plugin:2.6:testResources (default-testResources) @ converter-gson ---
[INFO] Using 'UTF-8' encoding to copy filtered resources.
[INFO] skip non existing resourceDirectory /home/travis/build/square/retrofit/retrofit-converters/gson/src/test/resources
[INFO] 
[INFO] --- maven-compiler-plugin:3.0:testCompile (default-testCompile) @ converter-gson ---
[INFO] Changes detected - recompiling the module!
[INFO] Compiling 1 source file to /home/travis/build/square/retrofit/retrofit-converters/gson/target/test-classes
[INFO] 
[INFO] --- maven-surefire-plugin:2.12.4:test (default-test) @ converter-gson ---
[INFO] Tests are skipped.
[INFO] 
[INFO] --- animal-sniffer-maven-plugin:1.14:check (default) @ converter-gson ---
[INFO] Checking unresolved references to org.codehaus.mojo.signature:java16:1.1
[INFO] 
[INFO] --- maven-jar-plugin:2.4:jar (default-jar) @ converter-gson ---
[INFO] Building jar: /home/travis/build/square/retrofit/retrofit-converters/gson/target/converter-gson-2.1.1-SNAPSHOT.jar
[INFO] 
[INFO] --- maven-javadoc-plugin:2.10.3:jar (attach-javadocs) @ converter-gson ---
[INFO] Skipping javadoc generation
[INFO] 
[INFO] --- maven-checkstyle-plugin:2.15:checkstyle (default) @ converter-gson ---
[INFO] Starting audit...
Audit done.
[WARNING] Unable to locate Source XRef to link to - DISABLED
[INFO] 
[INFO] --- maven-install-plugin:2.4:install (default-install) @ converter-gson ---
[INFO] Installing /home/travis/build/square/retrofit/retrofit-converters/gson/target/converter-gson-2.1.1-SNAPSHOT.jar to /home/travis/.m2/repository/com/squareup/retrofit2/converter-gson/2.1.1-SNAPSHOT/converter-gson-2.1.1-SNAPSHOT.jar
[INFO] Installing /home/travis/build/square/retrofit/retrofit-converters/gson/pom.xml to /home/travis/.m2/repository/com/squareup/retrofit2/converter-gson/2.1.1-SNAPSHOT/converter-gson-2.1.1-SNAPSHOT.pom
[INFO]                                                                         
[INFO] ------------------------------------------------------------------------
[INFO] Building Converter: Protocol Buffers 2.1.1-SNAPSHOT
[INFO] ------------------------------------------------------------------------
[INFO] 
[INFO] --- maven-enforcer-plugin:1.0:enforce (enforce-maven) @ converter-protobuf ---
[INFO] 
[INFO] --- maven-resources-plugin:2.6:resources (default-resources) @ converter-protobuf ---
[INFO] Using 'UTF-8' encoding to copy filtered resources.
[INFO] skip non existing resourceDirectory /home/travis/build/square/retrofit/retrofit-converters/protobuf/src/main/resources
[INFO] 
[INFO] --- maven-compiler-plugin:3.0:compile (default-compile) @ converter-protobuf ---
[INFO] Changes detected - recompiling the module!
[INFO] Compiling 3 source files to /home/travis/build/square/retrofit/retrofit-converters/protobuf/target/classes
[WARNING] /home/travis/build/square/retrofit/retrofit-converters/protobuf/src/main/java/retrofit2/converter/protobuf/ProtoConverterFactory.java: /home/travis/build/square/retrofit/retrofit-converters/protobuf/src/main/java/retrofit2/converter/protobuf/ProtoConverterFactory.java uses unchecked or unsafe operations.
[WARNING] /home/travis/build/square/retrofit/retrofit-converters/protobuf/src/main/java/retrofit2/converter/protobuf/ProtoConverterFactory.java: Recompile with -Xlint:unchecked for details.
[INFO] 
[INFO] --- maven-resources-plugin:2.6:testResources (default-testResources) @ converter-protobuf ---
[INFO] Using 'UTF-8' encoding to copy filtered resources.
[INFO] skip non existing resourceDirectory /home/travis/build/square/retrofit/retrofit-converters/protobuf/src/test/resources
[INFO] 
[INFO] --- maven-compiler-plugin:3.0:testCompile (default-testCompile) @ converter-protobuf ---
[INFO] Changes detected - recompiling the module!
[INFO] Compiling 3 source files to /home/travis/build/square/retrofit/retrofit-converters/protobuf/target/test-classes
[INFO] 
[INFO] --- maven-surefire-plugin:2.12.4:test (default-test) @ converter-protobuf ---
[INFO] Tests are skipped.
[INFO] 
[INFO] --- animal-sniffer-maven-plugin:1.14:check (default) @ converter-protobuf ---
[INFO] Checking unresolved references to org.codehaus.mojo.signature:java16:1.1
[INFO] 
[INFO] --- maven-jar-plugin:2.4:jar (default-jar) @ converter-protobuf ---
[INFO] Building jar: /home/travis/build/square/retrofit/retrofit-converters/protobuf/target/converter-protobuf-2.1.1-SNAPSHOT.jar
[INFO] 
[INFO] --- maven-javadoc-plugin:2.10.3:jar (attach-javadocs) @ converter-protobuf ---
[INFO] Skipping javadoc generation
[INFO] 
[INFO] --- maven-checkstyle-plugin:2.15:checkstyle (default) @ converter-protobuf ---
[INFO] Starting audit...
Audit done.
[WARNING] Unable to locate Source XRef to link to - DISABLED
[INFO] 
[INFO] --- maven-install-plugin:2.4:install (default-install) @ converter-protobuf ---
[INFO] Installing /home/travis/build/square/retrofit/retrofit-converters/protobuf/target/converter-protobuf-2.1.1-SNAPSHOT.jar to /home/travis/.m2/repository/com/squareup/retrofit2/converter-protobuf/2.1.1-SNAPSHOT/converter-protobuf-2.1.1-SNAPSHOT.jar
[INFO] Installing /home/travis/build/square/retrofit/retrofit-converters/protobuf/pom.xml to /home/travis/.m2/repository/com/squareup/retrofit2/converter-protobuf/2.1.1-SNAPSHOT/converter-protobuf-2.1.1-SNAPSHOT.pom
[INFO]                                                                         
[INFO] ------------------------------------------------------------------------
[INFO] Building Converter: Jackson 2.1.1-SNAPSHOT
[INFO] ------------------------------------------------------------------------
[INFO] 
[INFO] --- maven-enforcer-plugin:1.0:enforce (enforce-maven) @ converter-jackson ---
[INFO] 
[INFO] --- maven-resources-plugin:2.6:resources (default-resources) @ converter-jackson ---
[INFO] Using 'UTF-8' encoding to copy filtered resources.
[INFO] skip non existing resourceDirectory /home/travis/build/square/retrofit/retrofit-converters/jackson/src/main/resources
[INFO] 
[INFO] --- maven-compiler-plugin:3.0:compile (default-compile) @ converter-jackson ---
[INFO] Changes detected - recompiling the module!
[INFO] Compiling 3 source files to /home/travis/build/square/retrofit/retrofit-converters/jackson/target/classes
[WARNING] /home/travis/build/square/retrofit/retrofit-converters/jackson/src/main/java/retrofit2/converter/jackson/JacksonConverterFactory.java: /home/travis/build/square/retrofit/retrofit-converters/jackson/src/main/java/retrofit2/converter/jackson/JacksonConverterFactory.java uses or overrides a deprecated API.
[WARNING] /home/travis/build/square/retrofit/retrofit-converters/jackson/src/main/java/retrofit2/converter/jackson/JacksonConverterFactory.java: Recompile with -Xlint:deprecation for details.
[INFO] 
[INFO] --- maven-resources-plugin:2.6:testResources (default-testResources) @ converter-jackson ---
[INFO] Using 'UTF-8' encoding to copy filtered resources.
[INFO] skip non existing resourceDirectory /home/travis/build/square/retrofit/retrofit-converters/jackson/src/test/resources
[INFO] 
[INFO] --- maven-compiler-plugin:3.0:testCompile (default-testCompile) @ converter-jackson ---
[INFO] Changes detected - recompiling the module!
[INFO] Compiling 1 source file to /home/travis/build/square/retrofit/retrofit-converters/jackson/target/test-classes
[WARNING] /home/travis/build/square/retrofit/retrofit-converters/jackson/src/test/java/retrofit2/converter/jackson/JacksonConverterFactoryTest.java: /home/travis/build/square/retrofit/retrofit-converters/jackson/src/test/java/retrofit2/converter/jackson/JacksonConverterFactoryTest.java uses or overrides a deprecated API.
[WARNING] /home/travis/build/square/retrofit/retrofit-converters/jackson/src/test/java/retrofit2/converter/jackson/JacksonConverterFactoryTest.java: Recompile with -Xlint:deprecation for details.
[INFO] 
[INFO] --- maven-surefire-plugin:2.12.4:test (default-test) @ converter-jackson ---
[INFO] Tests are skipped.
[INFO] 
[INFO] --- animal-sniffer-maven-plugin:1.14:check (default) @ converter-jackson ---
[INFO] Checking unresolved references to org.codehaus.mojo.signature:java16:1.1
[INFO] 
[INFO] --- maven-jar-plugin:2.4:jar (default-jar) @ converter-jackson ---
[INFO] Building jar: /home/travis/build/square/retrofit/retrofit-converters/jackson/target/converter-jackson-2.1.1-SNAPSHOT.jar
[INFO] 
[INFO] --- maven-javadoc-plugin:2.10.3:jar (attach-javadocs) @ converter-jackson ---
[INFO] Skipping javadoc generation
[INFO] 
[INFO] --- maven-checkstyle-plugin:2.15:checkstyle (default) @ converter-jackson ---
[INFO] Starting audit...
Audit done.
[WARNING] Unable to locate Source XRef to link to - DISABLED
[INFO] 
[INFO] --- maven-install-plugin:2.4:install (default-install) @ converter-jackson ---
[INFO] Installing /home/travis/build/square/retrofit/retrofit-converters/jackson/target/converter-jackson-2.1.1-SNAPSHOT.jar to /home/travis/.m2/repository/com/squareup/retrofit2/converter-jackson/2.1.1-SNAPSHOT/converter-jackson-2.1.1-SNAPSHOT.jar
[INFO] Installing /home/travis/build/square/retrofit/retrofit-converters/jackson/pom.xml to /home/travis/.m2/repository/com/squareup/retrofit2/converter-jackson/2.1.1-SNAPSHOT/converter-jackson-2.1.1-SNAPSHOT.pom
[INFO]                                                                         
[INFO] ------------------------------------------------------------------------
[INFO] Building Converter: Wire Protocol Buffers 2.1.1-SNAPSHOT
[INFO] ------------------------------------------------------------------------
[INFO] 
[INFO] --- maven-enforcer-plugin:1.0:enforce (enforce-maven) @ converter-wire ---
[INFO] 
[INFO] --- maven-resources-plugin:2.6:resources (default-resources) @ converter-wire ---
[INFO] Using 'UTF-8' encoding to copy filtered resources.
[INFO] skip non existing resourceDirectory /home/travis/build/square/retrofit/retrofit-converters/wire/src/main/resources
[INFO] 
[INFO] --- maven-compiler-plugin:3.0:compile (default-compile) @ converter-wire ---
[INFO] Changes detected - recompiling the module!
[INFO] Compiling 3 source files to /home/travis/build/square/retrofit/retrofit-converters/wire/target/classes
[WARNING] /home/travis/build/square/retrofit/retrofit-converters/wire/src/main/java/retrofit2/converter/wire/WireConverterFactory.java: /home/travis/build/square/retrofit/retrofit-converters/wire/src/main/java/retrofit2/converter/wire/WireConverterFactory.java uses unchecked or unsafe operations.
[WARNING] /home/travis/build/square/retrofit/retrofit-converters/wire/src/main/java/retrofit2/converter/wire/WireConverterFactory.java: Recompile with -Xlint:unchecked for details.
[INFO] 
[INFO] --- maven-resources-plugin:2.6:testResources (default-testResources) @ converter-wire ---
[INFO] Using 'UTF-8' encoding to copy filtered resources.
[INFO] skip non existing resourceDirectory /home/travis/build/square/retrofit/retrofit-converters/wire/src/test/resources
[INFO] 
[INFO] --- maven-compiler-plugin:3.0:testCompile (default-testCompile) @ converter-wire ---
[INFO] Changes detected - recompiling the module!
[INFO] Compiling 2 source files to /home/travis/build/square/retrofit/retrofit-converters/wire/target/test-classes
[INFO] 
[INFO] --- maven-surefire-plugin:2.12.4:test (default-test) @ converter-wire ---
[INFO] Tests are skipped.
[INFO] 
[INFO] --- animal-sniffer-maven-plugin:1.14:check (default) @ converter-wire ---
[INFO] Checking unresolved references to org.codehaus.mojo.signature:java16:1.1
[INFO] 
[INFO] --- maven-jar-plugin:2.4:jar (default-jar) @ converter-wire ---
[INFO] Building jar: /home/travis/build/square/retrofit/retrofit-converters/wire/target/converter-wire-2.1.1-SNAPSHOT.jar
[INFO] 
[INFO] --- maven-javadoc-plugin:2.10.3:jar (attach-javadocs) @ converter-wire ---
[INFO] Skipping javadoc generation
[INFO] 
[INFO] --- maven-checkstyle-plugin:2.15:checkstyle (default) @ converter-wire ---
[INFO] Starting audit...
Audit done.
[WARNING] Unable to locate Source XRef to link to - DISABLED
[INFO] 
[INFO] --- maven-install-plugin:2.4:install (default-install) @ converter-wire ---
[INFO] Installing /home/travis/build/square/retrofit/retrofit-converters/wire/target/converter-wire-2.1.1-SNAPSHOT.jar to /home/travis/.m2/repository/com/squareup/retrofit2/converter-wire/2.1.1-SNAPSHOT/converter-wire-2.1.1-SNAPSHOT.jar
[INFO] Installing /home/travis/build/square/retrofit/retrofit-converters/wire/pom.xml to /home/travis/.m2/repository/com/squareup/retrofit2/converter-wire/2.1.1-SNAPSHOT/converter-wire-2.1.1-SNAPSHOT.pom
[INFO]                                                                         
[INFO] ------------------------------------------------------------------------
[INFO] Building Converter: SimpleXML 2.1.1-SNAPSHOT
[INFO] ------------------------------------------------------------------------
[INFO] 
[INFO] --- maven-enforcer-plugin:1.0:enforce (enforce-maven) @ converter-simplexml ---
[INFO] 
[INFO] --- maven-resources-plugin:2.6:resources (default-resources) @ converter-simplexml ---
[INFO] Using 'UTF-8' encoding to copy filtered resources.
[INFO] skip non existing resourceDirectory /home/travis/build/square/retrofit/retrofit-converters/simplexml/src/main/resources
[INFO] 
[INFO] --- maven-compiler-plugin:3.0:compile (default-compile) @ converter-simplexml ---
[INFO] Changes detected - recompiling the module!
[INFO] Compiling 3 source files to /home/travis/build/square/retrofit/retrofit-converters/simplexml/target/classes
[INFO] 
[INFO] --- maven-resources-plugin:2.6:testResources (default-testResources) @ converter-simplexml ---
[INFO] Using 'UTF-8' encoding to copy filtered resources.
[INFO] skip non existing resourceDirectory /home/travis/build/square/retrofit/retrofit-converters/simplexml/src/test/resources
[INFO] 
[INFO] --- maven-compiler-plugin:3.0:testCompile (default-testCompile) @ converter-simplexml ---
[INFO] Changes detected - recompiling the module!
[INFO] Compiling 2 source files to /home/travis/build/square/retrofit/retrofit-converters/simplexml/target/test-classes
[INFO] 
[INFO] --- maven-surefire-plugin:2.12.4:test (default-test) @ converter-simplexml ---
[INFO] Tests are skipped.
[INFO] 
[INFO] --- animal-sniffer-maven-plugin:1.14:check (default) @ converter-simplexml ---
[INFO] Checking unresolved references to org.codehaus.mojo.signature:java16:1.1
[INFO] 
[INFO] --- maven-jar-plugin:2.4:jar (default-jar) @ converter-simplexml ---
[INFO] Building jar: /home/travis/build/square/retrofit/retrofit-converters/simplexml/target/converter-simplexml-2.1.1-SNAPSHOT.jar
[INFO] 
[INFO] --- maven-javadoc-plugin:2.10.3:jar (attach-javadocs) @ converter-simplexml ---
[INFO] Skipping javadoc generation
[INFO] 
[INFO] --- maven-checkstyle-plugin:2.15:checkstyle (default) @ converter-simplexml ---
[INFO] Starting audit...
Audit done.
[WARNING] Unable to locate Source XRef to link to - DISABLED
[INFO] 
[INFO] --- maven-install-plugin:2.4:install (default-install) @ converter-simplexml ---
[INFO] Installing /home/travis/build/square/retrofit/retrofit-converters/simplexml/target/converter-simplexml-2.1.1-SNAPSHOT.jar to /home/travis/.m2/repository/com/squareup/retrofit2/converter-simplexml/2.1.1-SNAPSHOT/converter-simplexml-2.1.1-SNAPSHOT.jar
[INFO] Installing /home/travis/build/square/retrofit/retrofit-converters/simplexml/pom.xml to /home/travis/.m2/repository/com/squareup/retrofit2/converter-simplexml/2.1.1-SNAPSHOT/converter-simplexml-2.1.1-SNAPSHOT.pom
[INFO]                                                                         
[INFO] ------------------------------------------------------------------------
[INFO] Building Converter: Java Scalars 2.1.1-SNAPSHOT
[INFO] ------------------------------------------------------------------------
[INFO] 
[INFO] --- maven-enforcer-plugin:1.0:enforce (enforce-maven) @ converter-scalars ---
[INFO] 
[INFO] --- maven-resources-plugin:2.6:resources (default-resources) @ converter-scalars ---
[INFO] Using 'UTF-8' encoding to copy filtered resources.
[INFO] skip non existing resourceDirectory /home/travis/build/square/retrofit/retrofit-converters/scalars/src/main/resources
[INFO] 
[INFO] --- maven-compiler-plugin:3.0:compile (default-compile) @ converter-scalars ---
[INFO] Changes detected - recompiling the module!
[INFO] Compiling 3 source files to /home/travis/build/square/retrofit/retrofit-converters/scalars/target/classes
[INFO] 
[INFO] --- maven-resources-plugin:2.6:testResources (default-testResources) @ converter-scalars ---
[INFO] Using 'UTF-8' encoding to copy filtered resources.
[INFO] skip non existing resourceDirectory /home/travis/build/square/retrofit/retrofit-converters/scalars/src/test/resources
[INFO] 
[INFO] --- maven-compiler-plugin:3.0:testCompile (default-testCompile) @ converter-scalars ---
[INFO] Changes detected - recompiling the module!
[INFO] Compiling 2 source files to /home/travis/build/square/retrofit/retrofit-converters/scalars/target/test-classes
[INFO] 
[INFO] --- maven-surefire-plugin:2.12.4:test (default-test) @ converter-scalars ---
[INFO] Tests are skipped.
[INFO] 
[INFO] --- animal-sniffer-maven-plugin:1.14:check (default) @ converter-scalars ---
[INFO] Checking unresolved references to org.codehaus.mojo.signature:java16:1.1
[INFO] 
[INFO] --- maven-jar-plugin:2.4:jar (default-jar) @ converter-scalars ---
[INFO] Building jar: /home/travis/build/square/retrofit/retrofit-converters/scalars/target/converter-scalars-2.1.1-SNAPSHOT.jar
[INFO] 
[INFO] --- maven-javadoc-plugin:2.10.3:jar (attach-javadocs) @ converter-scalars ---
[INFO] Skipping javadoc generation
[INFO] 
[INFO] --- maven-checkstyle-plugin:2.15:checkstyle (default) @ converter-scalars ---
[INFO] Starting audit...
Audit done.
[WARNING] Unable to locate Source XRef to link to - DISABLED
[INFO] 
[INFO] --- maven-install-plugin:2.4:install (default-install) @ converter-scalars ---
[INFO] Installing /home/travis/build/square/retrofit/retrofit-converters/scalars/target/converter-scalars-2.1.1-SNAPSHOT.jar to /home/travis/.m2/repository/com/squareup/retrofit2/converter-scalars/2.1.1-SNAPSHOT/converter-scalars-2.1.1-SNAPSHOT.jar
[INFO] Installing /home/travis/build/square/retrofit/retrofit-converters/scalars/pom.xml to /home/travis/.m2/repository/com/squareup/retrofit2/converter-scalars/2.1.1-SNAPSHOT/converter-scalars-2.1.1-SNAPSHOT.pom
[INFO]                                                                         
[INFO] ------------------------------------------------------------------------
[INFO] Building Converter: Moshi 2.1.1-SNAPSHOT
[INFO] ------------------------------------------------------------------------
[INFO] 
[INFO] --- maven-enforcer-plugin:1.0:enforce (enforce-maven) @ converter-moshi ---
[INFO] 
[INFO] --- maven-resources-plugin:2.6:resources (default-resources) @ converter-moshi ---
[INFO] Using 'UTF-8' encoding to copy filtered resources.
[INFO] skip non existing resourceDirectory /home/travis/build/square/retrofit/retrofit-converters/moshi/src/main/resources
[INFO] 
[INFO] --- maven-compiler-plugin:3.0:compile (default-compile) @ converter-moshi ---
[INFO] Changes detected - recompiling the module!
[INFO] Compiling 3 source files to /home/travis/build/square/retrofit/retrofit-converters/moshi/target/classes
[INFO] 
[INFO] --- maven-resources-plugin:2.6:testResources (default-testResources) @ converter-moshi ---
[INFO] Using 'UTF-8' encoding to copy filtered resources.
[INFO] skip non existing resourceDirectory /home/travis/build/square/retrofit/retrofit-converters/moshi/src/test/resources
[INFO] 
[INFO] --- maven-compiler-plugin:3.0:testCompile (default-testCompile) @ converter-moshi ---
[INFO] Changes detected - recompiling the module!
[INFO] Compiling 1 source file to /home/travis/build/square/retrofit/retrofit-converters/moshi/target/test-classes
[INFO] 
[INFO] --- maven-surefire-plugin:2.12.4:test (default-test) @ converter-moshi ---
[INFO] Tests are skipped.
[INFO] 
[INFO] --- animal-sniffer-maven-plugin:1.14:check (default) @ converter-moshi ---
[INFO] Checking unresolved references to org.codehaus.mojo.signature:java16:1.1
[INFO] 
[INFO] --- maven-jar-plugin:2.4:jar (default-jar) @ converter-moshi ---
[INFO] Building jar: /home/travis/build/square/retrofit/retrofit-converters/moshi/target/converter-moshi-2.1.1-SNAPSHOT.jar
[INFO] 
[INFO] --- maven-javadoc-plugin:2.10.3:jar (attach-javadocs) @ converter-moshi ---
[INFO] Skipping javadoc generation
[INFO] 
[INFO] --- maven-checkstyle-plugin:2.15:checkstyle (default) @ converter-moshi ---
[INFO] Starting audit...
Audit done.
[WARNING] Unable to locate Source XRef to link to - DISABLED
[INFO] 
[INFO] --- maven-install-plugin:2.4:install (default-install) @ converter-moshi ---
[INFO] Installing /home/travis/build/square/retrofit/retrofit-converters/moshi/target/converter-moshi-2.1.1-SNAPSHOT.jar to /home/travis/.m2/repository/com/squareup/retrofit2/converter-moshi/2.1.1-SNAPSHOT/converter-moshi-2.1.1-SNAPSHOT.jar
[INFO] Installing /home/travis/build/square/retrofit/retrofit-converters/moshi/pom.xml to /home/travis/.m2/repository/com/squareup/retrofit2/converter-moshi/2.1.1-SNAPSHOT/converter-moshi-2.1.1-SNAPSHOT.pom
[INFO]                                                                         
[INFO] ------------------------------------------------------------------------
[INFO] Building Retrofit Mock Adapter 2.1.1-SNAPSHOT
[INFO] ------------------------------------------------------------------------
[INFO] 
[INFO] --- maven-enforcer-plugin:1.0:enforce (enforce-maven) @ retrofit-mock ---
[INFO] 
[INFO] --- maven-resources-plugin:2.6:resources (default-resources) @ retrofit-mock ---
[INFO] Using 'UTF-8' encoding to copy filtered resources.
[INFO] skip non existing resourceDirectory /home/travis/build/square/retrofit/retrofit-mock/src/main/resources
[INFO] 
[INFO] --- maven-compiler-plugin:3.0:compile (default-compile) @ retrofit-mock ---
[INFO] Changes detected - recompiling the module!
[INFO] Compiling 5 source files to /home/travis/build/square/retrofit/retrofit-mock/target/classes
[INFO] 
[INFO] --- maven-resources-plugin:2.6:testResources (default-testResources) @ retrofit-mock ---
[INFO] Using 'UTF-8' encoding to copy filtered resources.
[INFO] skip non existing resourceDirectory /home/travis/build/square/retrofit/retrofit-mock/src/test/resources
[INFO] 
[INFO] --- maven-compiler-plugin:3.0:testCompile (default-testCompile) @ retrofit-mock ---
[INFO] Changes detected - recompiling the module!
[INFO] Compiling 3 source files to /home/travis/build/square/retrofit/retrofit-mock/target/test-classes
[INFO] 
[INFO] --- maven-surefire-plugin:2.12.4:test (default-test) @ retrofit-mock ---
[INFO] Tests are skipped.
[INFO] 
[INFO] --- animal-sniffer-maven-plugin:1.14:check (default) @ retrofit-mock ---
[INFO] Checking unresolved references to org.codehaus.mojo.signature:java16:1.1
[INFO] 
[INFO] --- maven-jar-plugin:2.4:jar (default-jar) @ retrofit-mock ---
[INFO] Building jar: /home/travis/build/square/retrofit/retrofit-mock/target/retrofit-mock-2.1.1-SNAPSHOT.jar
[INFO] 
[INFO] --- maven-javadoc-plugin:2.10.3:jar (attach-javadocs) @ retrofit-mock ---
[INFO] Skipping javadoc generation
[INFO] 
[INFO] --- maven-checkstyle-plugin:2.15:checkstyle (default) @ retrofit-mock ---
[INFO] Starting audit...
Audit done.
[WARNING] Unable to locate Source XRef to link to - DISABLED
[INFO] 
[INFO] --- maven-install-plugin:2.4:install (default-install) @ retrofit-mock ---
[INFO] Installing /home/travis/build/square/retrofit/retrofit-mock/target/retrofit-mock-2.1.1-SNAPSHOT.jar to /home/travis/.m2/repository/com/squareup/retrofit2/retrofit-mock/2.1.1-SNAPSHOT/retrofit-mock-2.1.1-SNAPSHOT.jar
[INFO] Installing /home/travis/build/square/retrofit/retrofit-mock/pom.xml to /home/travis/.m2/repository/com/squareup/retrofit2/retrofit-mock/2.1.1-SNAPSHOT/retrofit-mock-2.1.1-SNAPSHOT.pom
[INFO]                                                                         
[INFO] ------------------------------------------------------------------------
[INFO] Building Samples 2.1.1-SNAPSHOT
[INFO] ------------------------------------------------------------------------
[INFO] 
[INFO] --- maven-enforcer-plugin:1.0:enforce (enforce-maven) @ samples ---
[INFO] 
[INFO] --- maven-resources-plugin:2.6:resources (default-resources) @ samples ---
[INFO] Using 'UTF-8' encoding to copy filtered resources.
[INFO] skip non existing resourceDirectory /home/travis/build/square/retrofit/samples/src/main/resources
[INFO] 
[INFO] --- maven-compiler-plugin:3.0:compile (default-compile) @ samples ---
[INFO] Changes detected - recompiling the module!
[INFO] Compiling 9 source files to /home/travis/build/square/retrofit/samples/target/classes
[INFO] 
[INFO] --- maven-resources-plugin:2.6:testResources (default-testResources) @ samples ---
[INFO] Using 'UTF-8' encoding to copy filtered resources.
[INFO] skip non existing resourceDirectory /home/travis/build/square/retrofit/samples/src/test/resources
[INFO] 
[INFO] --- maven-compiler-plugin:3.0:testCompile (default-testCompile) @ samples ---
[INFO] No sources to compile
[INFO] 
[INFO] --- maven-surefire-plugin:2.12.4:test (default-test) @ samples ---
[INFO] Tests are skipped.
[INFO] 
[INFO] --- animal-sniffer-maven-plugin:1.14:check (default) @ samples ---
[INFO] Checking unresolved references to org.codehaus.mojo.signature:java16:1.1
[INFO] 
[INFO] --- maven-jar-plugin:2.4:jar (default-jar) @ samples ---
[INFO] Building jar: /home/travis/build/square/retrofit/samples/target/samples-2.1.1-SNAPSHOT.jar
[INFO] 
[INFO] --- maven-javadoc-plugin:2.10.3:jar (attach-javadocs) @ samples ---
[INFO] Skipping javadoc generation
[INFO] 
[INFO] --- maven-checkstyle-plugin:2.15:checkstyle (default) @ samples ---
[INFO] Starting audit...
Audit done.
[WARNING] Unable to locate Source XRef to link to - DISABLED
[INFO] 
[INFO] --- maven-install-plugin:2.4:install (default-install) @ samples ---
[INFO] Installing /home/travis/build/square/retrofit/samples/target/samples-2.1.1-SNAPSHOT.jar to /home/travis/.m2/repository/com/squareup/retrofit2/samples/2.1.1-SNAPSHOT/samples-2.1.1-SNAPSHOT.jar
[INFO] Installing /home/travis/build/square/retrofit/samples/pom.xml to /home/travis/.m2/repository/com/squareup/retrofit2/samples/2.1.1-SNAPSHOT/samples-2.1.1-SNAPSHOT.pom
[INFO] ------------------------------------------------------------------------
[INFO] Reactor Summary:
[INFO] 
[INFO] Retrofit (Parent) .................................. SUCCESS [  6.341 s]
[INFO] Retrofit ........................................... SUCCESS [ 15.312 s]
[INFO] Adapters ........................................... SUCCESS [  0.356 s]
[INFO] Adapter: Guava ..................................... SUCCESS [  3.077 s]
[INFO] Adapter: Java 8 .................................... SUCCESS [  1.463 s]
[INFO] Adapter: RxJava .................................... SUCCESS [  2.444 s]
[INFO] Converters ......................................... SUCCESS [  0.188 s]
[INFO] Converter: Gson .................................... SUCCESS [  0.967 s]
[INFO] Converter: Protocol Buffers ........................ SUCCESS [  1.266 s]
[INFO] Converter: Jackson ................................. SUCCESS [  1.029 s]
[INFO] Converter: Wire Protocol Buffers ................... SUCCESS [  1.108 s]
[INFO] Converter: SimpleXML ............................... SUCCESS [  0.950 s]
[INFO] Converter: Java Scalars ............................ SUCCESS [  1.130 s]
[INFO] Converter: Moshi ................................... SUCCESS [  0.640 s]
[INFO] Retrofit Mock Adapter .............................. SUCCESS [  0.947 s]
[INFO] Samples ............................................ SUCCESS [  1.264 s]
[INFO] ------------------------------------------------------------------------
[INFO] BUILD SUCCESS
[INFO] ------------------------------------------------------------------------
[INFO] Total time: 39.205 s
[INFO] Finished at: 2016-08-19T04:16:37+00:00
[INFO] Final Memory: 48M/440M
[INFO] ------------------------------------------------------------------------

travis_time:end:07e5f8ec:start=1471580154047419088,finish=1471580199197064640,duration=45149645552[0Ktravis_fold:end:install[0Ktravis_time:start:127e4740[0K$ mvn test -B
Java HotSpot(TM) 64-Bit Server VM warning: ignoring option MaxPermSize=192m; support was removed in 8.0
[INFO] Scanning for projects...
[WARNING] 
[WARNING] Some problems were encountered while building the effective model for com.squareup.retrofit2:samples:jar:2.1.1-SNAPSHOT
[WARNING] 'build.plugins.plugin.version' for org.apache.maven.plugins:maven-deploy-plugin is missing. @ com.squareup.retrofit2:samples:[unknown-version], /home/travis/build/square/retrofit/samples/pom.xml, line 55, column 15
[WARNING] 
[WARNING] It is highly recommended to fix these problems because they threaten the stability of your build.
[WARNING] 
[WARNING] For this reason, future Maven versions might no longer support building such malformed projects.
[WARNING] 
[INFO] ------------------------------------------------------------------------
[INFO] Reactor Build Order:
[INFO] 
[INFO] Retrofit (Parent)
[INFO] Retrofit
[INFO] Adapters
[INFO] Adapter: Guava
[INFO] Adapter: Java 8
[INFO] Adapter: RxJava
[INFO] Converters
[INFO] Converter: Gson
[INFO] Converter: Protocol Buffers
[INFO] Converter: Jackson
[INFO] Converter: Wire Protocol Buffers
[INFO] Converter: SimpleXML
[INFO] Converter: Java Scalars
[INFO] Converter: Moshi
[INFO] Retrofit Mock Adapter
[INFO] Samples
[INFO]                                                                         
[INFO] ------------------------------------------------------------------------
[INFO] Building Retrofit (Parent) 2.1.1-SNAPSHOT
[INFO] ------------------------------------------------------------------------
[INFO] 
[INFO] --- maven-enforcer-plugin:1.0:enforce (enforce-maven) @ parent ---
[INFO] 
[INFO] --- animal-sniffer-maven-plugin:1.14:check (default) @ parent ---
[INFO] Checking unresolved references to org.codehaus.mojo.signature:java16:1.1
[INFO]                                                                         
[INFO] ------------------------------------------------------------------------
[INFO] Building Retrofit 2.1.1-SNAPSHOT
[INFO] ------------------------------------------------------------------------
[INFO] 
[INFO] --- maven-enforcer-plugin:1.0:enforce (enforce-maven) @ retrofit ---
[INFO] 
[INFO] --- maven-resources-plugin:2.6:resources (default-resources) @ retrofit ---
[INFO] Using 'UTF-8' encoding to copy filtered resources.
[INFO] skip non existing resourceDirectory /home/travis/build/square/retrofit/retrofit/src/main/resources
[INFO] 
[INFO] --- maven-compiler-plugin:3.0:compile (default-compile) @ retrofit ---
[INFO] Changes detected - recompiling the module!
[INFO] Compiling 40 source files to /home/travis/build/square/retrofit/retrofit/target/classes
[WARNING] /home/travis/build/square/retrofit/retrofit/src/main/java/retrofit2/Retrofit.java: Some input files use unchecked or unsafe operations.
[WARNING] /home/travis/build/square/retrofit/retrofit/src/main/java/retrofit2/Retrofit.java: Recompile with -Xlint:unchecked for details.
[INFO] 
[INFO] --- maven-resources-plugin:2.6:testResources (default-testResources) @ retrofit ---
[INFO] Using 'UTF-8' encoding to copy filtered resources.
[INFO] skip non existing resourceDirectory /home/travis/build/square/retrofit/retrofit/src/test/resources
[INFO] 
[INFO] --- maven-compiler-plugin:3.0:testCompile (default-testCompile) @ retrofit ---
[INFO] Changes detected - recompiling the module!
[INFO] Compiling 14 source files to /home/travis/build/square/retrofit/retrofit/target/test-classes
[WARNING] /home/travis/build/square/retrofit/retrofit/src/test/java/retrofit2/RetrofitTest.java: /home/travis/build/square/retrofit/retrofit/src/test/java/retrofit2/RetrofitTest.java uses unchecked or unsafe operations.
[WARNING] /home/travis/build/square/retrofit/retrofit/src/test/java/retrofit2/RetrofitTest.java: Recompile with -Xlint:unchecked for details.
[INFO] 
[INFO] --- maven-surefire-plugin:2.12.4:test (default-test) @ retrofit ---
[INFO] Surefire report directory: /home/travis/build/square/retrofit/retrofit/target/surefire-reports

-------------------------------------------------------
 T E S T S
-------------------------------------------------------
Running retrofit2.CallTest
Aug 19, 2016 4:16:59 AM okhttp3.mockwebserver.MockWebServer$3 execute
INFO: MockWebServer[57674] starting to accept connections
Aug 19, 2016 4:16:59 AM okhttp3.mockwebserver.MockWebServer$3 acceptConnections
INFO: MockWebServer[57674] done accepting connections: Socket closed
Aug 19, 2016 4:16:59 AM okhttp3.mockwebserver.MockWebServer$3 execute
INFO: MockWebServer[44407] starting to accept connections
Aug 19, 2016 4:16:59 AM okhttp3.mockwebserver.MockWebServer$4 processOneRequest
INFO: MockWebServer[44407] received request: GET / HTTP/1.1 and responded: HTTP/1.1 200 OK
Aug 19, 2016 4:16:59 AM okhttp3.mockwebserver.MockWebServer$3 acceptConnections
INFO: MockWebServer[44407] done accepting connections: Socket closed
Aug 19, 2016 4:16:59 AM okhttp3.mockwebserver.MockWebServer$3 execute
INFO: MockWebServer[41710] starting to accept connections
Aug 19, 2016 4:16:59 AM okhttp3.mockwebserver.MockWebServer$3 acceptConnections
INFO: MockWebServer[41710] done accepting connections: Socket closed
Aug 19, 2016 4:16:59 AM okhttp3.mockwebserver.MockWebServer$4 processOneRequest
INFO: MockWebServer[41710] received request: GET / HTTP/1.1 and responded: HTTP/1.1 404 Client Error
Aug 19, 2016 4:16:59 AM okhttp3.mockwebserver.MockWebServer$3 execute
INFO: MockWebServer[38968] starting to accept connections
Aug 19, 2016 4:16:59 AM okhttp3.mockwebserver.MockWebServer$4 processOneRequest
INFO: MockWebServer[38968] received request: POST /Hello HTTP/1.1 and responded: HTTP/1.1 200 OK
Aug 19, 2016 4:16:59 AM okhttp3.mockwebserver.MockWebServer$3 acceptConnections
INFO: MockWebServer[38968] done accepting connections: Socket closed
Aug 19, 2016 4:16:59 AM okhttp3.mockwebserver.MockWebServer$3 execute
INFO: MockWebServer[36323] starting to accept connections
Aug 19, 2016 4:16:59 AM okhttp3.mockwebserver.MockWebServer$3 acceptConnections
INFO: MockWebServer[36323] done accepting connections: Socket closed
Aug 19, 2016 4:16:59 AM okhttp3.mockwebserver.MockWebServer$3 execute
INFO: MockWebServer[52040] starting to accept connections
Aug 19, 2016 4:16:59 AM okhttp3.mockwebserver.MockWebServer$3 acceptConnections
INFO: MockWebServer[52040] done accepting connections: Socket closed
Aug 19, 2016 4:16:59 AM okhttp3.mockwebserver.MockWebServer$3 execute
INFO: MockWebServer[52062] starting to accept connections
Aug 19, 2016 4:16:59 AM okhttp3.mockwebserver.MockWebServer$3 acceptConnections
INFO: MockWebServer[52062] done accepting connections: Socket closed
Aug 19, 2016 4:16:59 AM okhttp3.mockwebserver.MockWebServer$4 processOneRequest
INFO: MockWebServer[52062] received request: GET / HTTP/1.1 and responded: HTTP/1.1 200 OK
Aug 19, 2016 4:16:59 AM okhttp3.mockwebserver.MockWebServer$3 execute
INFO: MockWebServer[43706] starting to accept connections
Aug 19, 2016 4:16:59 AM okhttp3.mockwebserver.MockWebServer$3 acceptConnections
INFO: MockWebServer[43706] done accepting connections: Socket closed
Aug 19, 2016 4:16:59 AM okhttp3.mockwebserver.MockWebServer$4 processOneRequest
INFO: MockWebServer[43706] received request: GET / HTTP/1.1 and responded: HTTP/1.1 200 OK
Aug 19, 2016 4:16:59 AM okhttp3.mockwebserver.MockWebServer$3 execute
INFO: MockWebServer[56563] starting to accept connections
Aug 19, 2016 4:16:59 AM okhttp3.mockwebserver.MockWebServer$3 acceptConnections
INFO: MockWebServer[56563] done accepting connections: Socket is closed
Aug 19, 2016 4:16:59 AM okhttp3.mockwebserver.MockWebServer$3 execute
INFO: MockWebServer[60109] starting to accept connections
Aug 19, 2016 4:16:59 AM okhttp3.mockwebserver.MockWebServer$3 acceptConnections
INFO: MockWebServer[60109] done accepting connections: Socket closed
Aug 19, 2016 4:16:59 AM okhttp3.mockwebserver.MockWebServer$4 processOneRequest
INFO: MockWebServer[60109] received request: POST /Hello HTTP/1.1 and responded: HTTP/1.1 200 OK
Aug 19, 2016 4:16:59 AM okhttp3.mockwebserver.MockWebServer$3 execute
INFO: MockWebServer[60820] starting to accept connections
Aug 19, 2016 4:16:59 AM okhttp3.mockwebserver.MockWebServer$4 processOneRequest
INFO: MockWebServer[60820] received request: POST /Hello HTTP/1.1 and responded: HTTP/1.1 200 OK
Aug 19, 2016 4:16:59 AM okhttp3.mockwebserver.MockWebServer$3 acceptConnections
INFO: MockWebServer[60820] done accepting connections: Socket closed
Aug 19, 2016 4:16:59 AM okhttp3.mockwebserver.MockWebServer$3 execute
INFO: MockWebServer[49077] starting to accept connections
Aug 19, 2016 4:16:59 AM okhttp3.mockwebserver.MockWebServer$3 acceptConnections
INFO: MockWebServer[49077] done accepting connections: Socket closed
Aug 19, 2016 4:16:59 AM okhttp3.mockwebserver.MockWebServer$3 execute
INFO: MockWebServer[58454] starting to accept connections
Aug 19, 2016 4:17:00 AM okhttp3.mockwebserver.MockWebServer$4 processOneRequest
INFO: MockWebServer[58454] received request: GET / HTTP/1.1 and responded: HTTP/1.1 404 Client Error
Aug 19, 2016 4:17:00 AM okhttp3.mockwebserver.MockWebServer$3 acceptConnections
INFO: MockWebServer[58454] done accepting connections: Socket closed
Aug 19, 2016 4:17:00 AM okhttp3.mockwebserver.MockWebServer$3 execute
INFO: MockWebServer[36291] starting to accept connections
Aug 19, 2016 4:17:00 AM okhttp3.mockwebserver.MockWebServer$3 acceptConnections
INFO: MockWebServer[36291] done accepting connections: Socket closed
Aug 19, 2016 4:17:00 AM okhttp3.mockwebserver.MockWebServer$4 processOneRequest
INFO: MockWebServer[36291] received request: POST / HTTP/1.1 and responded: HTTP/1.1 200 OK
Aug 19, 2016 4:17:00 AM okhttp3.mockwebserver.MockWebServer$3 execute
INFO: MockWebServer[35213] starting to accept connections
Aug 19, 2016 4:17:00 AM okhttp3.mockwebserver.MockWebServer$4 processOneRequest
INFO: MockWebServer[35213] received request: GET / HTTP/1.1 and responded: HTTP/1.1 204 Nothin
Aug 19, 2016 4:17:00 AM okhttp3.mockwebserver.MockWebServer$3 acceptConnections
INFO: MockWebServer[35213] done accepting connections: Socket closed
Aug 19, 2016 4:17:00 AM okhttp3.mockwebserver.MockWebServer$3 execute
INFO: MockWebServer[60159] starting to accept connections
Aug 19, 2016 4:17:00 AM okhttp3.mockwebserver.MockWebServer$3 acceptConnections
INFO: MockWebServer[60159] done accepting connections: Socket is closed
Aug 19, 2016 4:17:00 AM okhttp3.mockwebserver.MockWebServer$3 execute
INFO: MockWebServer[51060] starting to accept connections
Aug 19, 2016 4:17:00 AM okhttp3.mockwebserver.MockWebServer$4 processOneRequest
INFO: MockWebServer[51060] received request: GET / HTTP/1.1 and responded: HTTP/1.1 200 OK
Aug 19, 2016 4:17:00 AM okhttp3.mockwebserver.MockWebServer$3 acceptConnections
INFO: MockWebServer[51060] done accepting connections: Socket closed
Aug 19, 2016 4:17:00 AM okhttp3.mockwebserver.MockWebServer$3 execute
INFO: MockWebServer[57408] starting to accept connections
Aug 19, 2016 4:17:00 AM okhttp3.mockwebserver.MockWebServer$4 processOneRequest
INFO: MockWebServer[57408] received request: POST /Hello HTTP/1.1 and responded: HTTP/1.1 200 OK
Aug 19, 2016 4:17:00 AM okhttp3.mockwebserver.MockWebServer$3 acceptConnections
INFO: MockWebServer[57408] done accepting connections: Socket closed
Aug 19, 2016 4:17:00 AM okhttp3.mockwebserver.MockWebServer$3 execute
INFO: MockWebServer[58687] starting to accept connections
Aug 19, 2016 4:17:00 AM okhttp3.mockwebserver.MockWebServer$3 acceptConnections
INFO: MockWebServer[58687] done accepting connections: Socket closed
Aug 19, 2016 4:17:00 AM okhttp3.mockwebserver.MockWebServer$4 processOneRequest
INFO: MockWebServer[58687] received request: GET / HTTP/1.1 and responded: HTTP/1.1 200 OK
Aug 19, 2016 4:17:00 AM okhttp3.mockwebserver.MockWebServer$3 execute
INFO: MockWebServer[45714] starting to accept connections
Aug 19, 2016 4:17:00 AM okhttp3.mockwebserver.MockWebServer$4 processOneRequest
INFO: MockWebServer[45714] received request: POST / HTTP/1.1 and responded: HTTP/1.1 200 OK
Aug 19, 2016 4:17:00 AM okhttp3.mockwebserver.MockWebServer$3 acceptConnections
INFO: MockWebServer[45714] done accepting connections: Socket closed
Aug 19, 2016 4:17:00 AM okhttp3.mockwebserver.MockWebServer$3 execute
INFO: MockWebServer[33571] starting to accept connections
Aug 19, 2016 4:17:00 AM okhttp3.mockwebserver.MockWebServer$3 acceptConnections
INFO: MockWebServer[33571] done accepting connections: Socket is closed
Aug 19, 2016 4:17:00 AM okhttp3.mockwebserver.MockWebServer$3 execute
INFO: MockWebServer[34386] starting to accept connections
Aug 19, 2016 4:17:00 AM okhttp3.mockwebserver.MockWebServer$3 acceptConnections
INFO: MockWebServer[34386] done accepting connections: Socket is closed
Aug 19, 2016 4:17:00 AM okhttp3.mockwebserver.MockWebServer$3 execute
INFO: MockWebServer[51911] starting to accept connections
Aug 19, 2016 4:17:00 AM okhttp3.mockwebserver.MockWebServer$3 acceptConnections
INFO: MockWebServer[51911] done accepting connections: Socket is closed
Aug 19, 2016 4:17:00 AM okhttp3.mockwebserver.MockWebServer$3 execute
INFO: MockWebServer[45923] starting to accept connections
Aug 19, 2016 4:17:00 AM okhttp3.mockwebserver.MockWebServer$4 processOneRequest
INFO: MockWebServer[45923] received request: GET / HTTP/1.1 and responded: HTTP/1.1 200 OK
Aug 19, 2016 4:17:00 AM okhttp3.mockwebserver.MockWebServer$3 acceptConnections
INFO: MockWebServer[45923] done accepting connections: Socket closed
Aug 19, 2016 4:17:00 AM okhttp3.mockwebserver.MockWebServer$3 execute
INFO: MockWebServer[54391] starting to accept connections
Aug 19, 2016 4:17:00 AM okhttp3.mockwebserver.MockWebServer$3 acceptConnections
INFO: MockWebServer[54391] done accepting connections: Socket closed
Aug 19, 2016 4:17:00 AM okhttp3.mockwebserver.MockWebServer$4 processOneRequest
INFO: MockWebServer[54391] received request: GET / HTTP/1.1 and responded: HTTP/1.1 200 OK
Aug 19, 2016 4:17:00 AM okhttp3.mockwebserver.MockWebServer$3 execute
INFO: MockWebServer[33853] starting to accept connections
Aug 19, 2016 4:17:00 AM okhttp3.mockwebserver.MockWebServer$3 acceptConnections
INFO: MockWebServer[33853] done accepting connections: Socket closed
Aug 19, 2016 4:17:00 AM okhttp3.mockwebserver.MockWebServer$4 processOneRequest
INFO: MockWebServer[33853] received request: GET / HTTP/1.1 and responded: HTTP/1.1 205 Nothin
Aug 19, 2016 4:17:00 AM okhttp3.mockwebserver.MockWebServer$3 execute
INFO: MockWebServer[39278] starting to accept connections
Aug 19, 2016 4:17:00 AM okhttp3.mockwebserver.MockWebServer$4 processOneRequest
INFO: MockWebServer[39278] received request: GET / HTTP/1.1 and responded: HTTP/1.1 200 OK
Aug 19, 2016 4:17:00 AM okhttp3.mockwebserver.MockWebServer$4 processOneRequest
INFO: MockWebServer[39278] received request: GET / HTTP/1.1 and responded: HTTP/1.1 200 OK
Aug 19, 2016 4:17:00 AM okhttp3.mockwebserver.MockWebServer$3 acceptConnections
INFO: MockWebServer[39278] done accepting connections: Socket closed
Aug 19, 2016 4:17:00 AM okhttp3.mockwebserver.MockWebServer$3 execute
INFO: MockWebServer[35837] starting to accept connections
Aug 19, 2016 4:17:00 AM okhttp3.mockwebserver.MockWebServer$4 processOneRequest
INFO: MockWebServer[35837] received request: GET / HTTP/1.1 and responded: HTTP/1.1 200 OK
Aug 19, 2016 4:17:00 AM okhttp3.mockwebserver.MockWebServer$3 acceptConnections
INFO: MockWebServer[35837] done accepting connections: Socket closed
Aug 19, 2016 4:17:00 AM okhttp3.mockwebserver.MockWebServer$3 execute
INFO: MockWebServer[36904] starting to accept connections
Aug 19, 2016 4:17:00 AM okhttp3.mockwebserver.MockWebServer$3 acceptConnections
INFO: MockWebServer[36904] done accepting connections: Socket is closed
Aug 19, 2016 4:17:00 AM okhttp3.mockwebserver.MockWebServer$3 execute
INFO: MockWebServer[41163] starting to accept connections
Aug 19, 2016 4:17:00 AM okhttp3.mockwebserver.MockWebServer$3 acceptConnections
INFO: MockWebServer[41163] done accepting connections: Socket closed
Aug 19, 2016 4:17:00 AM okhttp3.mockwebserver.MockWebServer$3 execute
INFO: MockWebServer[58494] starting to accept connections
Aug 19, 2016 4:17:00 AM okhttp3.mockwebserver.MockWebServer$3 acceptConnections
INFO: MockWebServer[58494] done accepting connections: Socket closed
Aug 19, 2016 4:17:00 AM okhttp3.mockwebserver.MockWebServer$3 execute
INFO: MockWebServer[42834] starting to accept connections
Aug 19, 2016 4:17:00 AM okhttp3.mockwebserver.MockWebServer$3 acceptConnections
INFO: MockWebServer[42834] done accepting connections: Socket closed
Aug 19, 2016 4:17:00 AM okhttp3.mockwebserver.MockWebServer$4 processOneRequest
INFO: MockWebServer[42834] received request: GET / HTTP/1.1 and responded: HTTP/1.1 200 OK
Aug 19, 2016 4:17:00 AM okhttp3.mockwebserver.MockWebServer$3 execute
INFO: MockWebServer[38531] starting to accept connections
Aug 19, 2016 4:17:00 AM okhttp3.mockwebserver.MockWebServer$4 processOneRequest
INFO: MockWebServer[38531] received request: GET / HTTP/1.1 and responded: HTTP/1.1 200 OK
Aug 19, 2016 4:17:00 AM okhttp3.mockwebserver.MockWebServer$3 acceptConnections
INFO: MockWebServer[38531] done accepting connections: Socket closed
Aug 19, 2016 4:17:00 AM okhttp3.mockwebserver.MockWebServer$3 execute
INFO: MockWebServer[39318] starting to accept connections
Aug 19, 2016 4:17:00 AM okhttp3.mockwebserver.MockWebServer$3 acceptConnections
INFO: MockWebServer[39318] done accepting connections: Socket closed
Aug 19, 2016 4:17:00 AM okhttp3.mockwebserver.MockWebServer$4 processOneRequest
INFO: MockWebServer[39318] received request: GET / HTTP/1.1 and responded: HTTP/1.1 200 OK
Tests run: 34, Failures: 0, Errors: 0, Skipped: 0, Time elapsed: 2.546 sec
Running retrofit2.RequestBuilderTest
Tests run: 139, Failures: 0, Errors: 0, Skipped: 2, Time elapsed: 0.59 sec
Running retrofit2.ExecutorCallAdapterFactoryTest
Tests run: 7, Failures: 0, Errors: 0, Skipped: 0, Time elapsed: 0.274 sec
Running retrofit2.ServiceMethodTest
Tests run: 1, Failures: 0, Errors: 0, Skipped: 0, Time elapsed: 0.012 sec
Running retrofit2.RetrofitTest
Aug 19, 2016 4:17:01 AM okhttp3.mockwebserver.MockWebServer$3 execute
INFO: MockWebServer[35243] starting to accept connections
Aug 19, 2016 4:17:01 AM okhttp3.mockwebserver.MockWebServer$3 acceptConnections
INFO: MockWebServer[35243] done accepting connections: Socket is closed
Aug 19, 2016 4:17:01 AM okhttp3.mockwebserver.MockWebServer$3 execute
INFO: MockWebServer[60991] starting to accept connections
Aug 19, 2016 4:17:01 AM okhttp3.mockwebserver.MockWebServer$3 acceptConnections
INFO: MockWebServer[60991] done accepting connections: Socket is closed
Aug 19, 2016 4:17:01 AM okhttp3.mockwebserver.MockWebServer$3 execute
INFO: MockWebServer[35788] starting to accept connections
Aug 19, 2016 4:17:01 AM okhttp3.mockwebserver.MockWebServer$3 acceptConnections
INFO: MockWebServer[35788] done accepting connections: Socket is closed
Aug 19, 2016 4:17:01 AM okhttp3.mockwebserver.MockWebServer$3 execute
INFO: MockWebServer[36821] starting to accept connections
Aug 19, 2016 4:17:02 AM okhttp3.mockwebserver.MockWebServer$3 acceptConnections
INFO: MockWebServer[36821] done accepting connections: Socket closed
Aug 19, 2016 4:17:02 AM okhttp3.mockwebserver.MockWebServer$3 execute
INFO: MockWebServer[38192] starting to accept connections
Aug 19, 2016 4:17:02 AM okhttp3.mockwebserver.MockWebServer$3 acceptConnections
INFO: MockWebServer[38192] done accepting connections: Socket is closed
Aug 19, 2016 4:17:02 AM okhttp3.mockwebserver.MockWebServer$3 execute
INFO: MockWebServer[35341] starting to accept connections
Aug 19, 2016 4:17:02 AM okhttp3.mockwebserver.MockWebServer$4 processOneRequest
INFO: MockWebServer[35341] received request: GET / HTTP/1.1 and responded: HTTP/1.1 200 OK
Aug 19, 2016 4:17:02 AM okhttp3.mockwebserver.MockWebServer$3 acceptConnections
INFO: MockWebServer[35341] done accepting connections: Socket closed
Aug 19, 2016 4:17:02 AM okhttp3.mockwebserver.MockWebServer$3 execute
INFO: MockWebServer[36165] starting to accept connections
Aug 19, 2016 4:17:02 AM okhttp3.mockwebserver.MockWebServer$3 acceptConnections
INFO: MockWebServer[36165] done accepting connections: Socket is closed
Aug 19, 2016 4:17:02 AM okhttp3.mockwebserver.MockWebServer$3 execute
INFO: MockWebServer[37360] starting to accept connections
Aug 19, 2016 4:17:02 AM okhttp3.mockwebserver.MockWebServer$3 acceptConnections
INFO: MockWebServer[37360] done accepting connections: Socket is closed
Aug 19, 2016 4:17:02 AM okhttp3.mockwebserver.MockWebServer$3 execute
INFO: MockWebServer[56311] starting to accept connections
Aug 19, 2016 4:17:02 AM okhttp3.mockwebserver.MockWebServer$3 acceptConnections
INFO: MockWebServer[56311] done accepting connections: Socket is closed
Aug 19, 2016 4:17:02 AM okhttp3.mockwebserver.MockWebServer$3 execute
INFO: MockWebServer[47323] starting to accept connections
Aug 19, 2016 4:17:02 AM okhttp3.mockwebserver.MockWebServer$3 acceptConnections
INFO: MockWebServer[47323] done accepting connections: Socket is closed
Aug 19, 2016 4:17:02 AM okhttp3.mockwebserver.MockWebServer$3 execute
INFO: MockWebServer[41130] starting to accept connections
Aug 19, 2016 4:17:02 AM okhttp3.mockwebserver.MockWebServer$3 acceptConnections
INFO: MockWebServer[41130] done accepting connections: Socket is closed
Aug 19, 2016 4:17:02 AM okhttp3.mockwebserver.MockWebServer$3 execute
INFO: MockWebServer[37109] starting to accept connections
Aug 19, 2016 4:17:02 AM okhttp3.mockwebserver.MockWebServer$3 acceptConnections
INFO: MockWebServer[37109] done accepting connections: Socket is closed
Aug 19, 2016 4:17:02 AM okhttp3.mockwebserver.MockWebServer$3 execute
INFO: MockWebServer[37983] starting to accept connections
Aug 19, 2016 4:17:02 AM okhttp3.mockwebserver.MockWebServer$3 acceptConnections
INFO: MockWebServer[37983] done accepting connections: Socket is closed
Aug 19, 2016 4:17:02 AM okhttp3.mockwebserver.MockWebServer$3 execute
INFO: MockWebServer[60574] starting to accept connections
Aug 19, 2016 4:17:02 AM okhttp3.mockwebserver.MockWebServer$3 acceptConnections
INFO: MockWebServer[60574] done accepting connections: Socket is closed
Aug 19, 2016 4:17:02 AM okhttp3.mockwebserver.MockWebServer$3 execute
INFO: MockWebServer[59871] starting to accept connections
Aug 19, 2016 4:17:02 AM okhttp3.mockwebserver.MockWebServer$3 acceptConnections
INFO: MockWebServer[59871] done accepting connections: Socket is closed
Aug 19, 2016 4:17:02 AM okhttp3.mockwebserver.MockWebServer$3 execute
INFO: MockWebServer[52160] starting to accept connections
Aug 19, 2016 4:17:02 AM okhttp3.mockwebserver.MockWebServer$3 acceptConnections
INFO: MockWebServer[52160] done accepting connections: Socket closed
Aug 19, 2016 4:17:02 AM okhttp3.mockwebserver.MockWebServer$3 execute
INFO: MockWebServer[57636] starting to accept connections
Aug 19, 2016 4:17:02 AM okhttp3.mockwebserver.MockWebServer$3 acceptConnections
INFO: MockWebServer[57636] done accepting connections: Socket closed
Aug 19, 2016 4:17:02 AM okhttp3.mockwebserver.MockWebServer$4 processOneRequest
INFO: MockWebServer[57636] received request: GET / HTTP/1.1 and responded: HTTP/1.1 200 OK
Aug 19, 2016 4:17:02 AM okhttp3.mockwebserver.MockWebServer$3 execute
INFO: MockWebServer[53795] starting to accept connections
Aug 19, 2016 4:17:02 AM okhttp3.mockwebserver.MockWebServer$3 acceptConnections
INFO: MockWebServer[53795] done accepting connections: Socket is closed
Aug 19, 2016 4:17:02 AM okhttp3.mockwebserver.MockWebServer$3 execute
INFO: MockWebServer[35253] starting to accept connections
Aug 19, 2016 4:17:02 AM okhttp3.mockwebserver.MockWebServer$3 acceptConnections
INFO: MockWebServer[35253] done accepting connections: Socket closed
Aug 19, 2016 4:17:02 AM okhttp3.mockwebserver.MockWebServer$3 execute
INFO: MockWebServer[57321] starting to accept connections
Aug 19, 2016 4:17:02 AM okhttp3.mockwebserver.MockWebServer$3 acceptConnections
INFO: MockWebServer[57321] done accepting connections: Socket closed
Aug 19, 2016 4:17:02 AM okhttp3.mockwebserver.MockWebServer$4 processOneRequest
INFO: MockWebServer[57321] received request: GET / HTTP/1.1 and responded: HTTP/1.1 200 OK
Aug 19, 2016 4:17:02 AM okhttp3.mockwebserver.MockWebServer$3 execute
INFO: MockWebServer[59100] starting to accept connections
Aug 19, 2016 4:17:02 AM okhttp3.mockwebserver.MockWebServer$3 acceptConnections
INFO: MockWebServer[59100] done accepting connections: Socket closed
Aug 19, 2016 4:17:02 AM okhttp3.mockwebserver.MockWebServer$3 execute
INFO: MockWebServer[58141] starting to accept connections
Aug 19, 2016 4:17:02 AM okhttp3.mockwebserver.MockWebServer$3 acceptConnections
INFO: MockWebServer[58141] done accepting connections: Socket closed
Aug 19, 2016 4:17:02 AM okhttp3.mockwebserver.MockWebServer$4 processOneRequest
INFO: MockWebServer[58141] received request: POST / HTTP/1.1 and responded: HTTP/1.1 200 OK
Aug 19, 2016 4:17:02 AM okhttp3.mockwebserver.MockWebServer$3 execute
INFO: MockWebServer[59753] starting to accept connections
Aug 19, 2016 4:17:02 AM okhttp3.mockwebserver.MockWebServer$3 acceptConnections
INFO: MockWebServer[59753] done accepting connections: Socket is closed
Aug 19, 2016 4:17:02 AM okhttp3.mockwebserver.MockWebServer$3 execute
INFO: MockWebServer[43318] starting to accept connections
Aug 19, 2016 4:17:02 AM okhttp3.mockwebserver.MockWebServer$3 acceptConnections
INFO: MockWebServer[43318] done accepting connections: Socket is closed
Aug 19, 2016 4:17:02 AM okhttp3.mockwebserver.MockWebServer$3 execute
INFO: MockWebServer[59191] starting to accept connections
Aug 19, 2016 4:17:02 AM okhttp3.mockwebserver.MockWebServer$3 acceptConnections
INFO: MockWebServer[59191] done accepting connections: Socket is closed
Aug 19, 2016 4:17:02 AM okhttp3.mockwebserver.MockWebServer$3 execute
INFO: MockWebServer[45806] starting to accept connections
Aug 19, 2016 4:17:02 AM okhttp3.mockwebserver.MockWebServer$3 acceptConnections
INFO: MockWebServer[45806] done accepting connections: Socket is closed
Aug 19, 2016 4:17:02 AM okhttp3.mockwebserver.MockWebServer$3 execute
INFO: MockWebServer[53000] starting to accept connections
Aug 19, 2016 4:17:02 AM okhttp3.mockwebserver.MockWebServer$3 acceptConnections
INFO: MockWebServer[53000] done accepting connections: Socket is closed
Aug 19, 2016 4:17:02 AM okhttp3.mockwebserver.MockWebServer$3 execute
INFO: MockWebServer[54604] starting to accept connections
Aug 19, 2016 4:17:02 AM okhttp3.mockwebserver.MockWebServer$3 acceptConnections
INFO: MockWebServer[54604] done accepting connections: Socket is closed
Aug 19, 2016 4:17:02 AM okhttp3.mockwebserver.MockWebServer$3 execute
INFO: MockWebServer[42202] starting to accept connections
Aug 19, 2016 4:17:02 AM okhttp3.mockwebserver.MockWebServer$3 acceptConnections
INFO: MockWebServer[42202] done accepting connections: Socket is closed
Aug 19, 2016 4:17:02 AM okhttp3.mockwebserver.MockWebServer$3 execute
INFO: MockWebServer[37538] starting to accept connections
Aug 19, 2016 4:17:02 AM okhttp3.mockwebserver.MockWebServer$4 processOneRequest
INFO: MockWebServer[37538] received request: GET / HTTP/1.1 and responded: HTTP/1.1 200 OK
Aug 19, 2016 4:17:02 AM okhttp3.mockwebserver.MockWebServer$3 acceptConnections
INFO: MockWebServer[37538] done accepting connections: Socket closed
Aug 19, 2016 4:17:02 AM okhttp3.mockwebserver.MockWebServer$3 execute
INFO: MockWebServer[33435] starting to accept connections
Aug 19, 2016 4:17:02 AM okhttp3.mockwebserver.MockWebServer$3 acceptConnections
INFO: MockWebServer[33435] done accepting connections: Socket is closed
Aug 19, 2016 4:17:02 AM okhttp3.mockwebserver.MockWebServer$3 execute
INFO: MockWebServer[36204] starting to accept connections
Aug 19, 2016 4:17:02 AM okhttp3.mockwebserver.MockWebServer$3 acceptConnections
INFO: MockWebServer[36204] done accepting connections: Socket is closed
Aug 19, 2016 4:17:02 AM okhttp3.mockwebserver.MockWebServer$3 execute
INFO: MockWebServer[49707] starting to accept connections
Aug 19, 2016 4:17:02 AM okhttp3.mockwebserver.MockWebServer$3 acceptConnections
INFO: MockWebServer[49707] done accepting connections: Socket closed
Aug 19, 2016 4:17:02 AM okhttp3.mockwebserver.MockWebServer$3 execute
INFO: MockWebServer[42004] starting to accept connections
Aug 19, 2016 4:17:02 AM okhttp3.mockwebserver.MockWebServer$3 acceptConnections
INFO: MockWebServer[42004] done accepting connections: Socket is closed
Aug 19, 2016 4:17:02 AM okhttp3.mockwebserver.MockWebServer$3 execute
INFO: MockWebServer[42199] starting to accept connections
Aug 19, 2016 4:17:02 AM okhttp3.mockwebserver.MockWebServer$4 processOneRequest
INFO: MockWebServer[42199] received request: GET / HTTP/1.1 and responded: HTTP/1.1 200 OK
Aug 19, 2016 4:17:02 AM okhttp3.mockwebserver.MockWebServer$4 processOneRequest
INFO: MockWebServer[42199] received request: GET / HTTP/1.1 and responded: HTTP/1.1 200 OK
Aug 19, 2016 4:17:02 AM okhttp3.mockwebserver.MockWebServer$3 acceptConnections
INFO: MockWebServer[42199] done accepting connections: Socket closed
Aug 19, 2016 4:17:02 AM okhttp3.mockwebserver.MockWebServer$3 execute
INFO: MockWebServer[52585] starting to accept connections
Aug 19, 2016 4:17:02 AM okhttp3.mockwebserver.MockWebServer$3 acceptConnections
INFO: MockWebServer[52585] done accepting connections: Socket is closed
Aug 19, 2016 4:17:02 AM okhttp3.mockwebserver.MockWebServer$3 execute
INFO: MockWebServer[60459] starting to accept connections
Aug 19, 2016 4:17:02 AM okhttp3.mockwebserver.MockWebServer$3 acceptConnections
INFO: MockWebServer[60459] done accepting connections: Socket is closed
Aug 19, 2016 4:17:02 AM okhttp3.mockwebserver.MockWebServer$3 execute
INFO: MockWebServer[43500] starting to accept connections
Aug 19, 2016 4:17:02 AM okhttp3.mockwebserver.MockWebServer$3 acceptConnections
INFO: MockWebServer[43500] done accepting connections: Socket is closed
Aug 19, 2016 4:17:02 AM okhttp3.mockwebserver.MockWebServer$3 execute
INFO: MockWebServer[53717] starting to accept connections
Aug 19, 2016 4:17:02 AM okhttp3.mockwebserver.MockWebServer$3 acceptConnections
INFO: MockWebServer[53717] done accepting connections: Socket is closed
Aug 19, 2016 4:17:02 AM okhttp3.mockwebserver.MockWebServer$3 execute
INFO: MockWebServer[37635] starting to accept connections
Aug 19, 2016 4:17:02 AM okhttp3.mockwebserver.MockWebServer$3 acceptConnections
INFO: MockWebServer[37635] done accepting connections: Socket is closed
Aug 19, 2016 4:17:02 AM okhttp3.mockwebserver.MockWebServer$3 execute
INFO: MockWebServer[49154] starting to accept connections
Aug 19, 2016 4:17:02 AM okhttp3.mockwebserver.MockWebServer$3 acceptConnections
INFO: MockWebServer[49154] done accepting connections: Socket closed
Aug 19, 2016 4:17:02 AM okhttp3.mockwebserver.MockWebServer$3 execute
INFO: MockWebServer[57383] starting to accept connections
Aug 19, 2016 4:17:02 AM okhttp3.mockwebserver.MockWebServer$3 acceptConnections
INFO: MockWebServer[57383] done accepting connections: Socket closed
Aug 19, 2016 4:17:02 AM okhttp3.mockwebserver.MockWebServer$3 execute
INFO: MockWebServer[56868] starting to accept connections
Aug 19, 2016 4:17:02 AM okhttp3.mockwebserver.MockWebServer$3 acceptConnections
INFO: MockWebServer[56868] done accepting connections: Socket closed
Aug 19, 2016 4:17:02 AM okhttp3.mockwebserver.MockWebServer$3 execute
INFO: MockWebServer[45902] starting to accept connections
Aug 19, 2016 4:17:02 AM okhttp3.mockwebserver.MockWebServer$3 acceptConnections
INFO: MockWebServer[45902] done accepting connections: Socket is closed
Aug 19, 2016 4:17:02 AM okhttp3.mockwebserver.MockWebServer$3 execute
INFO: MockWebServer[56058] starting to accept connections
Aug 19, 2016 4:17:02 AM okhttp3.mockwebserver.MockWebServer$3 acceptConnections
INFO: MockWebServer[56058] done accepting connections: Socket closed
Aug 19, 2016 4:17:02 AM okhttp3.mockwebserver.MockWebServer$3 execute
INFO: MockWebServer[37018] starting to accept connections
Aug 19, 2016 4:17:02 AM okhttp3.mockwebserver.MockWebServer$3 acceptConnections
INFO: MockWebServer[37018] done accepting connections: Socket is closed
Aug 19, 2016 4:17:02 AM okhttp3.mockwebserver.MockWebServer$3 execute
INFO: MockWebServer[45629] starting to accept connections
Aug 19, 2016 4:17:02 AM okhttp3.mockwebserver.MockWebServer$4 processOneRequest
INFO: MockWebServer[45629] received request: GET /?i=101 HTTP/1.1 and responded: HTTP/1.1 200 OK
Aug 19, 2016 4:17:02 AM okhttp3.mockwebserver.MockWebServer$4 processOneRequest
INFO: MockWebServer[45629] received request: GET /?i=201 HTTP/1.1 and responded: HTTP/1.1 200 OK
Aug 19, 2016 4:17:02 AM okhttp3.mockwebserver.MockWebServer$3 acceptConnections
INFO: MockWebServer[45629] done accepting connections: Socket closed
Aug 19, 2016 4:17:02 AM okhttp3.mockwebserver.MockWebServer$3 execute
INFO: MockWebServer[35246] starting to accept connections
Aug 19, 2016 4:17:02 AM okhttp3.mockwebserver.MockWebServer$3 acceptConnections
INFO: MockWebServer[35246] done accepting connections: Socket is closed
Aug 19, 2016 4:17:02 AM okhttp3.mockwebserver.MockWebServer$3 execute
INFO: MockWebServer[34957] starting to accept connections
Aug 19, 2016 4:17:02 AM okhttp3.mockwebserver.MockWebServer$3 acceptConnections
INFO: MockWebServer[34957] done accepting connections: Socket is closed
Aug 19, 2016 4:17:02 AM okhttp3.mockwebserver.MockWebServer$3 execute
INFO: MockWebServer[46766] starting to accept connections
Aug 19, 2016 4:17:02 AM okhttp3.mockwebserver.MockWebServer$3 acceptConnections
INFO: MockWebServer[46766] done accepting connections: Socket is closed
Aug 19, 2016 4:17:02 AM okhttp3.mockwebserver.MockWebServer$3 execute
INFO: MockWebServer[57045] starting to accept connections
Aug 19, 2016 4:17:02 AM okhttp3.mockwebserver.MockWebServer$3 acceptConnections
INFO: MockWebServer[57045] done accepting connections: Socket is closed
Aug 19, 2016 4:17:02 AM okhttp3.mockwebserver.MockWebServer$3 execute
INFO: MockWebServer[44808] starting to accept connections
Aug 19, 2016 4:17:02 AM okhttp3.mockwebserver.MockWebServer$3 acceptConnections
INFO: MockWebServer[44808] done accepting connections: Socket is closed
Aug 19, 2016 4:17:02 AM okhttp3.mockwebserver.MockWebServer$3 execute
INFO: MockWebServer[43647] starting to accept connections
Aug 19, 2016 4:17:02 AM okhttp3.mockwebserver.MockWebServer$3 acceptConnections
INFO: MockWebServer[43647] done accepting connections: Socket is closed
Aug 19, 2016 4:17:02 AM okhttp3.mockwebserver.MockWebServer$3 execute
INFO: MockWebServer[47071] starting to accept connections
Aug 19, 2016 4:17:02 AM okhttp3.mockwebserver.MockWebServer$3 acceptConnections
INFO: MockWebServer[47071] done accepting connections: Socket is closed
Aug 19, 2016 4:17:02 AM okhttp3.mockwebserver.MockWebServer$3 execute
INFO: MockWebServer[48127] starting to accept connections
Aug 19, 2016 4:17:02 AM okhttp3.mockwebserver.MockWebServer$3 acceptConnections
INFO: MockWebServer[48127] done accepting connections: Socket is closed
Aug 19, 2016 4:17:02 AM okhttp3.mockwebserver.MockWebServer$3 execute
INFO: MockWebServer[40885] starting to accept connections
Aug 19, 2016 4:17:02 AM okhttp3.mockwebserver.MockWebServer$3 acceptConnections
INFO: MockWebServer[40885] done accepting connections: Socket is closed
Aug 19, 2016 4:17:02 AM okhttp3.mockwebserver.MockWebServer$3 execute
INFO: MockWebServer[50358] starting to accept connections
Aug 19, 2016 4:17:02 AM okhttp3.mockwebserver.MockWebServer$3 acceptConnections
INFO: MockWebServer[50358] done accepting connections: Socket is closed
Aug 19, 2016 4:17:02 AM okhttp3.mockwebserver.MockWebServer$3 execute
INFO: MockWebServer[55458] starting to accept connections
Aug 19, 2016 4:17:02 AM okhttp3.mockwebserver.MockWebServer$3 acceptConnections
INFO: MockWebServer[55458] done accepting connections: Socket is closed
Aug 19, 2016 4:17:02 AM okhttp3.mockwebserver.MockWebServer$3 execute
INFO: MockWebServer[37044] starting to accept connections
Aug 19, 2016 4:17:02 AM okhttp3.mockwebserver.MockWebServer$3 acceptConnections
INFO: MockWebServer[37044] done accepting connections: Socket is closed
Aug 19, 2016 4:17:02 AM okhttp3.mockwebserver.MockWebServer$3 execute
INFO: MockWebServer[58782] starting to accept connections
Aug 19, 2016 4:17:02 AM okhttp3.mockwebserver.MockWebServer$3 acceptConnections
INFO: MockWebServer[58782] done accepting connections: Socket is closed
Aug 19, 2016 4:17:02 AM okhttp3.mockwebserver.MockWebServer$3 execute
INFO: MockWebServer[59897] starting to accept connections
Aug 19, 2016 4:17:02 AM okhttp3.mockwebserver.MockWebServer$3 acceptConnections
INFO: MockWebServer[59897] done accepting connections: Socket closed
Aug 19, 2016 4:17:02 AM okhttp3.mockwebserver.MockWebServer$3 execute
INFO: MockWebServer[44708] starting to accept connections
Aug 19, 2016 4:17:02 AM okhttp3.mockwebserver.MockWebServer$3 acceptConnections
INFO: MockWebServer[44708] done accepting connections: Socket closed
Aug 19, 2016 4:17:02 AM okhttp3.mockwebserver.MockWebServer$3 execute
INFO: MockWebServer[36402] starting to accept connections
Aug 19, 2016 4:17:02 AM okhttp3.mockwebserver.MockWebServer$3 acceptConnections
INFO: MockWebServer[36402] done accepting connections: Socket is closed
Aug 19, 2016 4:17:02 AM okhttp3.mockwebserver.MockWebServer$3 execute
INFO: MockWebServer[53391] starting to accept connections
Aug 19, 2016 4:17:02 AM okhttp3.mockwebserver.MockWebServer$3 acceptConnections
INFO: MockWebServer[53391] done accepting connections: Socket closed
Tests run: 64, Failures: 0, Errors: 0, Skipped: 0, Time elapsed: 1.072 sec
Running retrofit2.RequestBuilderAndroidTest
WARNING: No manifest file found at ./AndroidManifest.xml.Falling back to the Android OS resources only.
To remove this warning, annotate your test class with @Config(manifest=Config.NONE).
WARNING: No manifest file found at ./AndroidManifest.xml.Falling back to the Android OS resources only.
To remove this warning, annotate your test class with @Config(manifest=Config.NONE).
Tests run: 2, Failures: 0, Errors: 0, Skipped: 0, Time elapsed: 9.965 sec
Running retrofit2.CallAdapterTest
Tests run: 4, Failures: 0, Errors: 0, Skipped: 0, Time elapsed: 0.045 sec
Running retrofit2.ResponseTest
Tests run: 14, Failures: 0, Errors: 0, Skipped: 0, Time elapsed: 0.018 sec

Results :

Tests run: 265, Failures: 0, Errors: 0, Skipped: 2

[INFO] 
[INFO] --- animal-sniffer-maven-plugin:1.14:check (default) @ retrofit ---
[INFO] Checking unresolved references to org.codehaus.mojo.signature:java16:1.1
[INFO]                                                                         
[INFO] ------------------------------------------------------------------------
[INFO] Building Adapters 2.1.1-SNAPSHOT
[INFO] ------------------------------------------------------------------------
[INFO] 
[INFO] --- maven-enforcer-plugin:1.0:enforce (enforce-maven) @ retrofit-adapters ---
[INFO] 
[INFO] --- animal-sniffer-maven-plugin:1.14:check (default) @ retrofit-adapters ---
[INFO] Checking unresolved references to org.codehaus.mojo.signature:java16:1.1
[INFO]                                                                         
[INFO] ------------------------------------------------------------------------
[INFO] Building Adapter: Guava 2.1.1-SNAPSHOT
[INFO] ------------------------------------------------------------------------
[INFO] 
[INFO] --- maven-enforcer-plugin:1.0:enforce (enforce-maven) @ adapter-guava ---
[INFO] 
[INFO] --- maven-resources-plugin:2.6:resources (default-resources) @ adapter-guava ---
[INFO] Using 'UTF-8' encoding to copy filtered resources.
[INFO] skip non existing resourceDirectory /home/travis/build/square/retrofit/retrofit-adapters/guava/src/main/resources
[INFO] 
[INFO] --- maven-compiler-plugin:3.0:compile (default-compile) @ adapter-guava ---
[INFO] Changes detected - recompiling the module!
[INFO] Compiling 2 source files to /home/travis/build/square/retrofit/retrofit-adapters/guava/target/classes
[INFO] 
[INFO] --- maven-resources-plugin:2.6:testResources (default-testResources) @ adapter-guava ---
[INFO] Using 'UTF-8' encoding to copy filtered resources.
[INFO] skip non existing resourceDirectory /home/travis/build/square/retrofit/retrofit-adapters/guava/src/test/resources
[INFO] 
[INFO] --- maven-compiler-plugin:3.0:testCompile (default-testCompile) @ adapter-guava ---
[INFO] Changes detected - recompiling the module!
[INFO] Compiling 3 source files to /home/travis/build/square/retrofit/retrofit-adapters/guava/target/test-classes
[INFO] 
[INFO] --- maven-surefire-plugin:2.12.4:test (default-test) @ adapter-guava ---
[INFO] Surefire report directory: /home/travis/build/square/retrofit/retrofit-adapters/guava/target/surefire-reports

-------------------------------------------------------
 T E S T S
-------------------------------------------------------
Running retrofit2.adapter.guava.ListenableFutureTest
Aug 19, 2016 4:17:16 AM okhttp3.mockwebserver.MockWebServer$3 execute
INFO: MockWebServer[56562] starting to accept connections
Aug 19, 2016 4:17:16 AM okhttp3.mockwebserver.MockWebServer$4 processOneRequest
INFO: MockWebServer[56562] received request: GET / HTTP/1.1 and responded: HTTP/1.1 200 OK
Aug 19, 2016 4:17:16 AM okhttp3.mockwebserver.MockWebServer$3 acceptConnections
INFO: MockWebServer[56562] done accepting connections: Socket closed
Aug 19, 2016 4:17:16 AM okhttp3.mockwebserver.MockWebServer$3 execute
INFO: MockWebServer[56832] starting to accept connections
Aug 19, 2016 4:17:16 AM okhttp3.mockwebserver.MockWebServer$4 processOneRequest
INFO: MockWebServer[56832] received request: GET / HTTP/1.1 and responded: HTTP/1.1 404 Client Error
Aug 19, 2016 4:17:16 AM okhttp3.mockwebserver.MockWebServer$3 acceptConnections
INFO: MockWebServer[56832] done accepting connections: Socket closed
Aug 19, 2016 4:17:16 AM okhttp3.mockwebserver.MockWebServer$3 execute
INFO: MockWebServer[41166] starting to accept connections
Aug 19, 2016 4:17:16 AM okhttp3.mockwebserver.MockWebServer$4 processConnection
WARNING: MockWebServer[41166] connection from /127.0.0.1 didn't make a request
Aug 19, 2016 4:17:16 AM okhttp3.mockwebserver.MockWebServer$3 acceptConnections
INFO: MockWebServer[41166] done accepting connections: Socket closed
Aug 19, 2016 4:17:16 AM okhttp3.mockwebserver.MockWebServer$3 execute
INFO: MockWebServer[49679] starting to accept connections
Aug 19, 2016 4:17:16 AM okhttp3.mockwebserver.MockWebServer$3 acceptConnections
INFO: MockWebServer[49679] done accepting connections: Socket closed
Aug 19, 2016 4:17:16 AM okhttp3.mockwebserver.MockWebServer$4 processOneRequest
INFO: MockWebServer[49679] received request: GET / HTTP/1.1 and responded: HTTP/1.1 200 OK
Aug 19, 2016 4:17:16 AM okhttp3.mockwebserver.MockWebServer$3 execute
INFO: MockWebServer[42200] starting to accept connections
Aug 19, 2016 4:17:16 AM okhttp3.mockwebserver.MockWebServer$4 processOneRequest
INFO: MockWebServer[42200] received request: GET / HTTP/1.1 and responded: HTTP/1.1 404 Client Error
Aug 19, 2016 4:17:16 AM okhttp3.mockwebserver.MockWebServer$3 acceptConnections
INFO: MockWebServer[42200] done accepting connections: Socket closed
Aug 19, 2016 4:17:16 AM okhttp3.mockwebserver.MockWebServer$3 execute
INFO: MockWebServer[39548] starting to accept connections
Aug 19, 2016 4:17:16 AM okhttp3.mockwebserver.MockWebServer$3 acceptConnections
INFO: MockWebServer[39548] done accepting connections: Socket closed
Aug 19, 2016 4:17:16 AM okhttp3.mockwebserver.MockWebServer$4 processConnection
WARNING: MockWebServer[39548] connection from /127.0.0.1 didn't make a request
Tests run: 6, Failures: 0, Errors: 0, Skipped: 0, Time elapsed: 0.866 sec
Running retrofit2.adapter.guava.GuavaCallAdapterFactoryTest
Aug 19, 2016 4:17:16 AM okhttp3.mockwebserver.MockWebServer$3 execute
INFO: MockWebServer[39439] starting to accept connections
Aug 19, 2016 4:17:16 AM okhttp3.mockwebserver.MockWebServer$3 acceptConnections
INFO: MockWebServer[39439] done accepting connections: Socket is closed
Aug 19, 2016 4:17:16 AM okhttp3.mockwebserver.MockWebServer$3 execute
INFO: MockWebServer[49195] starting to accept connections
Aug 19, 2016 4:17:16 AM okhttp3.mockwebserver.MockWebServer$3 acceptConnections
INFO: MockWebServer[49195] done accepting connections: Socket is closed
Aug 19, 2016 4:17:16 AM okhttp3.mockwebserver.MockWebServer$3 execute
INFO: MockWebServer[32982] starting to accept connections
Aug 19, 2016 4:17:16 AM okhttp3.mockwebserver.MockWebServer$3 acceptConnections
INFO: MockWebServer[32982] done accepting connections: Socket is closed
Aug 19, 2016 4:17:16 AM okhttp3.mockwebserver.MockWebServer$3 execute
INFO: MockWebServer[56937] starting to accept connections
Aug 19, 2016 4:17:16 AM okhttp3.mockwebserver.MockWebServer$3 acceptConnections
INFO: MockWebServer[56937] done accepting connections: Socket is closed
Tests run: 4, Failures: 0, Errors: 0, Skipped: 0, Time elapsed: 0.053 sec

Results :

Tests run: 10, Failures: 0, Errors: 0, Skipped: 0

[INFO] 
[INFO] --- animal-sniffer-maven-plugin:1.14:check (default) @ adapter-guava ---
[INFO] Checking unresolved references to org.codehaus.mojo.signature:java16:1.1
[INFO]                                                                         
[INFO] ------------------------------------------------------------------------
[INFO] Building Adapter: Java 8 2.1.1-SNAPSHOT
[INFO] ------------------------------------------------------------------------
[INFO] 
[INFO] --- maven-enforcer-plugin:1.0:enforce (enforce-maven) @ adapter-java8 ---
[INFO] 
[INFO] --- maven-resources-plugin:2.6:resources (default-resources) @ adapter-java8 ---
[INFO] Using 'UTF-8' encoding to copy filtered resources.
[INFO] skip non existing resourceDirectory /home/travis/build/square/retrofit/retrofit-adapters/java8/src/main/resources
[INFO] 
[INFO] --- maven-compiler-plugin:3.0:compile (default-compile) @ adapter-java8 ---
[INFO] Changes detected - recompiling the module!
[INFO] Compiling 2 source files to /home/travis/build/square/retrofit/retrofit-adapters/java8/target/classes
[INFO] 
[INFO] --- maven-resources-plugin:2.6:testResources (default-testResources) @ adapter-java8 ---
[INFO] Using 'UTF-8' encoding to copy filtered resources.
[INFO] skip non existing resourceDirectory /home/travis/build/square/retrofit/retrofit-adapters/java8/src/test/resources
[INFO] 
[INFO] --- maven-compiler-plugin:3.0:testCompile (default-testCompile) @ adapter-java8 ---
[INFO] Changes detected - recompiling the module!
[INFO] Compiling 3 source files to /home/travis/build/square/retrofit/retrofit-adapters/java8/target/test-classes
[INFO] 
[INFO] --- maven-surefire-plugin:2.12.4:test (default-test) @ adapter-java8 ---
[INFO] Surefire report directory: /home/travis/build/square/retrofit/retrofit-adapters/java8/target/surefire-reports

-------------------------------------------------------
 T E S T S
-------------------------------------------------------
Running retrofit2.adapter.java8.Java8CallAdapterFactoryTest
Aug 19, 2016 4:17:18 AM okhttp3.mockwebserver.MockWebServer$3 execute
INFO: MockWebServer[45549] starting to accept connections
Aug 19, 2016 4:17:19 AM okhttp3.mockwebserver.MockWebServer$3 acceptConnections
INFO: MockWebServer[45549] done accepting connections: Socket closed
Aug 19, 2016 4:17:19 AM okhttp3.mockwebserver.MockWebServer$3 execute
INFO: MockWebServer[46953] starting to accept connections
Aug 19, 2016 4:17:19 AM okhttp3.mockwebserver.MockWebServer$3 acceptConnections
INFO: MockWebServer[46953] done accepting connections: Socket closed
Aug 19, 2016 4:17:19 AM okhttp3.mockwebserver.MockWebServer$3 execute
INFO: MockWebServer[50747] starting to accept connections
Aug 19, 2016 4:17:19 AM okhttp3.mockwebserver.MockWebServer$3 acceptConnections
INFO: MockWebServer[50747] done accepting connections: Socket closed
Aug 19, 2016 4:17:19 AM okhttp3.mockwebserver.MockWebServer$3 execute
INFO: MockWebServer[40116] starting to accept connections
Aug 19, 2016 4:17:19 AM okhttp3.mockwebserver.MockWebServer$3 acceptConnections
INFO: MockWebServer[40116] done accepting connections: Socket is closed
Tests run: 4, Failures: 0, Errors: 0, Skipped: 0, Time elapsed: 1.128 sec
Running retrofit2.adapter.java8.CompletableFutureTest
Aug 19, 2016 4:17:19 AM okhttp3.mockwebserver.MockWebServer$3 execute
INFO: MockWebServer[54985] starting to accept connections
Aug 19, 2016 4:17:20 AM okhttp3.mockwebserver.MockWebServer$4 processOneRequest
INFO: MockWebServer[54985] received request: GET / HTTP/1.1 and responded: HTTP/1.1 200 OK
Aug 19, 2016 4:17:20 AM okhttp3.mockwebserver.MockWebServer$3 acceptConnections
INFO: MockWebServer[54985] done accepting connections: Socket closed
Aug 19, 2016 4:17:20 AM okhttp3.mockwebserver.MockWebServer$3 execute
INFO: MockWebServer[50456] starting to accept connections
Aug 19, 2016 4:17:20 AM okhttp3.mockwebserver.MockWebServer$4 processOneRequest
INFO: MockWebServer[50456] received request: GET / HTTP/1.1 and responded: HTTP/1.1 404 Client Error
Aug 19, 2016 4:17:20 AM okhttp3.mockwebserver.MockWebServer$3 acceptConnections
INFO: MockWebServer[50456] done accepting connections: Socket closed
Aug 19, 2016 4:17:20 AM okhttp3.mockwebserver.MockWebServer$3 execute
INFO: MockWebServer[44767] starting to accept connections
Aug 19, 2016 4:17:20 AM okhttp3.mockwebserver.MockWebServer$4 processConnection
WARNING: MockWebServer[44767] connection from /127.0.0.1 didn't make a request
Aug 19, 2016 4:17:20 AM okhttp3.mockwebserver.MockWebServer$3 acceptConnections
INFO: MockWebServer[44767] done accepting connections: Socket closed
Aug 19, 2016 4:17:20 AM okhttp3.mockwebserver.MockWebServer$3 execute
INFO: MockWebServer[53015] starting to accept connections
Aug 19, 2016 4:17:20 AM okhttp3.mockwebserver.MockWebServer$4 processOneRequest
INFO: MockWebServer[53015] received request: GET / HTTP/1.1 and responded: HTTP/1.1 200 OK
Aug 19, 2016 4:17:20 AM okhttp3.mockwebserver.MockWebServer$3 acceptConnections
INFO: MockWebServer[53015] done accepting connections: Socket closed
Aug 19, 2016 4:17:20 AM okhttp3.mockwebserver.MockWebServer$3 execute
INFO: MockWebServer[57703] starting to accept connections
Aug 19, 2016 4:17:20 AM okhttp3.mockwebserver.MockWebServer$4 processOneRequest
INFO: MockWebServer[57703] received request: GET / HTTP/1.1 and responded: HTTP/1.1 404 Client Error
Aug 19, 2016 4:17:20 AM okhttp3.mockwebserver.MockWebServer$3 acceptConnections
INFO: MockWebServer[57703] done accepting connections: Socket closed
Aug 19, 2016 4:17:20 AM okhttp3.mockwebserver.MockWebServer$3 execute
INFO: MockWebServer[35689] starting to accept connections
Aug 19, 2016 4:17:20 AM okhttp3.mockwebserver.MockWebServer$4 processConnection
WARNING: MockWebServer[35689] connection from /127.0.0.1 didn't make a request
Aug 19, 2016 4:17:20 AM okhttp3.mockwebserver.MockWebServer$3 acceptConnections
INFO: MockWebServer[35689] done accepting connections: Socket closed
Tests run: 6, Failures: 0, Errors: 0, Skipped: 0, Time elapsed: 0.662 sec

Results :

Tests run: 10, Failures: 0, Errors: 0, Skipped: 0

[INFO] 
[INFO] --- animal-sniffer-maven-plugin:1.14:check (default) @ adapter-java8 ---
[INFO] Checking unresolved references to org.kaazing.mojo.signature:java18:1.0
[INFO]                                                                         
[INFO] ------------------------------------------------------------------------
[INFO] Building Adapter: RxJava 2.1.1-SNAPSHOT
[INFO] ------------------------------------------------------------------------
[INFO] 
[INFO] --- maven-enforcer-plugin:1.0:enforce (enforce-maven) @ adapter-rxjava ---
[INFO] 
[INFO] --- maven-resources-plugin:2.6:resources (default-resources) @ adapter-rxjava ---
[INFO] Using 'UTF-8' encoding to copy filtered resources.
[INFO] skip non existing resourceDirectory /home/travis/build/square/retrofit/retrofit-adapters/rxjava/src/main/resources
[INFO] 
[INFO] --- maven-compiler-plugin:3.0:compile (default-compile) @ adapter-rxjava ---
[INFO] Changes detected - recompiling the module!
[INFO] Compiling 7 source files to /home/travis/build/square/retrofit/retrofit-adapters/rxjava/target/classes
[WARNING] /home/travis/build/square/retrofit/retrofit-adapters/rxjava/src/main/java/retrofit2/adapter/rxjava/CallOnSubscribe.java: Some input files use or override a deprecated API.
[WARNING] /home/travis/build/square/retrofit/retrofit-adapters/rxjava/src/main/java/retrofit2/adapter/rxjava/CallOnSubscribe.java: Recompile with -Xlint:deprecation for details.
[INFO] 
[INFO] --- maven-resources-plugin:2.6:testResources (default-testResources) @ adapter-rxjava ---
[INFO] Using 'UTF-8' encoding to copy filtered resources.
[INFO] skip non existing resourceDirectory /home/travis/build/square/retrofit/retrofit-adapters/rxjava/src/test/resources
[INFO] 
[INFO] --- maven-compiler-plugin:3.0:testCompile (default-testCompile) @ adapter-rxjava ---
[INFO] Changes detected - recompiling the module!
[INFO] Compiling 13 source files to /home/travis/build/square/retrofit/retrofit-adapters/rxjava/target/test-classes
[WARNING] /home/travis/build/square/retrofit/retrofit-adapters/rxjava/src/test/java/retrofit2/adapter/rxjava/RxJavaPluginsResetRule.java: Some input files use or override a deprecated API.
[WARNING] /home/travis/build/square/retrofit/retrofit-adapters/rxjava/src/test/java/retrofit2/adapter/rxjava/RxJavaPluginsResetRule.java: Recompile with -Xlint:deprecation for details.
[INFO] 
[INFO] --- maven-surefire-plugin:2.12.4:test (default-test) @ adapter-rxjava ---
[INFO] Surefire report directory: /home/travis/build/square/retrofit/retrofit-adapters/rxjava/target/surefire-reports

-------------------------------------------------------
 T E S T S
-------------------------------------------------------
Running retrofit2.adapter.rxjava.ObservableWithSchedulerTest
Aug 19, 2016 4:17:22 AM okhttp3.mockwebserver.MockWebServer$3 execute
INFO: MockWebServer[54470] starting to accept connections
Aug 19, 2016 4:17:22 AM okhttp3.mockwebserver.MockWebServer$4 processOneRequest
INFO: MockWebServer[54470] received request: GET / HTTP/1.1 and responded: HTTP/1.1 200 OK
Aug 19, 2016 4:17:22 AM okhttp3.mockwebserver.MockWebServer$3 acceptConnections
INFO: MockWebServer[54470] done accepting connections: Socket closed
Aug 19, 2016 4:17:22 AM okhttp3.mockwebserver.MockWebServer$3 execute
INFO: MockWebServer[54260] starting to accept connections
Aug 19, 2016 4:17:22 AM okhttp3.mockwebserver.MockWebServer$3 acceptConnections
INFO: MockWebServer[54260] done accepting connections: Socket closed
Aug 19, 2016 4:17:22 AM okhttp3.mockwebserver.MockWebServer$4 processOneRequest
INFO: MockWebServer[54260] received request: GET / HTTP/1.1 and responded: HTTP/1.1 200 OK
Aug 19, 2016 4:17:22 AM okhttp3.mockwebserver.MockWebServer$3 execute
INFO: MockWebServer[38147] starting to accept connections
Aug 19, 2016 4:17:22 AM okhttp3.mockwebserver.MockWebServer$4 processOneRequest
INFO: MockWebServer[38147] received request: GET / HTTP/1.1 and responded: HTTP/1.1 200 OK
Aug 19, 2016 4:17:22 AM okhttp3.mockwebserver.MockWebServer$3 acceptConnections
INFO: MockWebServer[38147] done accepting connections: Socket closed
Tests run: 3, Failures: 0, Errors: 0, Skipped: 0, Time elapsed: 0.649 sec
Running retrofit2.adapter.rxjava.RxJavaCallAdapterFactoryTest
Tests run: 6, Failures: 0, Errors: 0, Skipped: 0, Time elapsed: 0.048 sec
Running retrofit2.adapter.rxjava.CompletableTest
Aug 19, 2016 4:17:22 AM okhttp3.mockwebserver.MockWebServer$3 execute
INFO: MockWebServer[54197] starting to accept connections
Aug 19, 2016 4:17:22 AM okhttp3.mockwebserver.MockWebServer$3 acceptConnections
INFO: MockWebServer[54197] done accepting connections: Socket closed
Aug 19, 2016 4:17:22 AM okhttp3.mockwebserver.MockWebServer$4 processOneRequest
INFO: MockWebServer[54197] received request: GET / HTTP/1.1 and responded: HTTP/1.1 200 OK
Aug 19, 2016 4:17:22 AM okhttp3.mockwebserver.MockWebServer$3 execute
INFO: MockWebServer[49384] starting to accept connections
Aug 19, 2016 4:17:22 AM okhttp3.mockwebserver.MockWebServer$4 processOneRequest
INFO: MockWebServer[49384] received request: GET / HTTP/1.1 and responded: HTTP/1.1 404 Client Error
Aug 19, 2016 4:17:22 AM okhttp3.mockwebserver.MockWebServer$3 acceptConnections
INFO: MockWebServer[49384] done accepting connections: Socket closed
Aug 19, 2016 4:17:22 AM okhttp3.mockwebserver.MockWebServer$3 execute
INFO: MockWebServer[43350] starting to accept connections
Aug 19, 2016 4:17:22 AM okhttp3.mockwebserver.MockWebServer$3 acceptConnections
INFO: MockWebServer[43350] done accepting connections: Socket closed
Aug 19, 2016 4:17:22 AM okhttp3.mockwebserver.MockWebServer$4 processConnection
WARNING: MockWebServer[43350] connection from /127.0.0.1 didn't make a request
Aug 19, 2016 4:17:22 AM okhttp3.mockwebserver.MockWebServer$3 execute
INFO: MockWebServer[38260] starting to accept connections
Aug 19, 2016 4:17:22 AM okhttp3.mockwebserver.MockWebServer$3 acceptConnections
INFO: MockWebServer[38260] done accepting connections: Socket closed
Aug 19, 2016 4:17:22 AM okhttp3.mockwebserver.MockWebServer$4 processOneRequest
INFO: MockWebServer[38260] received request: GET / HTTP/1.1 and responded: HTTP/1.1 200 OK
Aug 19, 2016 4:17:22 AM okhttp3.mockwebserver.MockWebServer$3 execute
INFO: MockWebServer[34414] starting to accept connections
Aug 19, 2016 4:17:22 AM okhttp3.mockwebserver.MockWebServer$4 processOneRequest
INFO: MockWebServer[34414] received request: GET / HTTP/1.1 and responded: HTTP/1.1 404 Client Error
Aug 19, 2016 4:17:22 AM okhttp3.mockwebserver.MockWebServer$3 acceptConnections
INFO: MockWebServer[34414] done accepting connections: Socket closed
Tests run: 5, Failures: 0, Errors: 0, Skipped: 0, Time elapsed: 0.1 sec
Running retrofit2.adapter.rxjava.SingleTest
Aug 19, 2016 4:17:22 AM okhttp3.mockwebserver.MockWebServer$3 execute
INFO: MockWebServer[37376] starting to accept connections
Aug 19, 2016 4:17:22 AM okhttp3.mockwebserver.MockWebServer$3 acceptConnections
INFO: MockWebServer[37376] done accepting connections: Socket closed
Aug 19, 2016 4:17:22 AM okhttp3.mockwebserver.MockWebServer$4 processConnection
WARNING: MockWebServer[37376] connection from /127.0.0.1 didn't make a request
Aug 19, 2016 4:17:22 AM okhttp3.mockwebserver.MockWebServer$3 execute
INFO: MockWebServer[36559] starting to accept connections
Aug 19, 2016 4:17:22 AM okhttp3.mockwebserver.MockWebServer$3 acceptConnections
INFO: MockWebServer[36559] done accepting connections: Socket closed
Aug 19, 2016 4:17:22 AM okhttp3.mockwebserver.MockWebServer$4 processOneRequest
INFO: MockWebServer[36559] received request: GET / HTTP/1.1 and responded: HTTP/1.1 200 OK
Aug 19, 2016 4:17:22 AM okhttp3.mockwebserver.MockWebServer$3 execute
INFO: MockWebServer[34106] starting to accept connections
Aug 19, 2016 4:17:22 AM okhttp3.mockwebserver.MockWebServer$3 acceptConnections
INFO: MockWebServer[34106] done accepting connections: Socket closed
Aug 19, 2016 4:17:22 AM okhttp3.mockwebserver.MockWebServer$4 processOneRequest
INFO: MockWebServer[34106] received request: GET / HTTP/1.1 and responded: HTTP/1.1 404 Client Error
Aug 19, 2016 4:17:22 AM okhttp3.mockwebserver.MockWebServer$3 execute
INFO: MockWebServer[33395] starting to accept connections
Aug 19, 2016 4:17:22 AM okhttp3.mockwebserver.MockWebServer$4 processOneRequest
INFO: MockWebServer[33395] received request: GET / HTTP/1.1 and responded: HTTP/1.1 200 OK
Aug 19, 2016 4:17:22 AM okhttp3.mockwebserver.MockWebServer$3 acceptConnections
INFO: MockWebServer[33395] done accepting connections: Socket closed
Aug 19, 2016 4:17:22 AM okhttp3.mockwebserver.MockWebServer$3 execute
INFO: MockWebServer[39446] starting to accept connections
Aug 19, 2016 4:17:22 AM okhttp3.mockwebserver.MockWebServer$3 acceptConnections
INFO: MockWebServer[39446] done accepting connections: Socket closed
Aug 19, 2016 4:17:22 AM okhttp3.mockwebserver.MockWebServer$4 processOneRequest
INFO: MockWebServer[39446] received request: GET / HTTP/1.1 and responded: HTTP/1.1 200 OK
Aug 19, 2016 4:17:22 AM okhttp3.mockwebserver.MockWebServer$3 execute
INFO: MockWebServer[41057] starting to accept connections
Aug 19, 2016 4:17:22 AM okhttp3.mockwebserver.MockWebServer$3 acceptConnections
INFO: MockWebServer[41057] done accepting connections: Socket closed
Aug 19, 2016 4:17:22 AM okhttp3.mockwebserver.MockWebServer$4 processConnection
WARNING: MockWebServer[41057] connection from /127.0.0.1 didn't make a request
Aug 19, 2016 4:17:22 AM okhttp3.mockwebserver.MockWebServer$3 execute
INFO: MockWebServer[48559] starting to accept connections
Aug 19, 2016 4:17:22 AM okhttp3.mockwebserver.MockWebServer$3 acceptConnections
INFO: MockWebServer[48559] done accepting connections: Socket closed
Aug 19, 2016 4:17:22 AM okhttp3.mockwebserver.MockWebServer$4 processConnection
WARNING: MockWebServer[48559] connection from /127.0.0.1 didn't make a request
Aug 19, 2016 4:17:22 AM okhttp3.mockwebserver.MockWebServer$3 execute
INFO: MockWebServer[51536] starting to accept connections
Aug 19, 2016 4:17:22 AM okhttp3.mockwebserver.MockWebServer$3 acceptConnections
INFO: MockWebServer[51536] done accepting connections: Socket closed
Aug 19, 2016 4:17:22 AM okhttp3.mockwebserver.MockWebServer$4 processOneRequest
INFO: MockWebServer[51536] received request: GET / HTTP/1.1 and responded: HTTP/1.1 200 OK
Aug 19, 2016 4:17:22 AM okhttp3.mockwebserver.MockWebServer$3 execute
INFO: MockWebServer[54373] starting to accept connections
Aug 19, 2016 4:17:22 AM okhttp3.mockwebserver.MockWebServer$4 processOneRequest
INFO: MockWebServer[54373] received request: GET / HTTP/1.1 and responded: HTTP/1.1 404 Client Error
Aug 19, 2016 4:17:22 AM okhttp3.mockwebserver.MockWebServer$3 acceptConnections
INFO: MockWebServer[54373] done accepting connections: Socket closed
Aug 19, 2016 4:17:22 AM okhttp3.mockwebserver.MockWebServer$3 execute
INFO: MockWebServer[35901] starting to accept connections
Aug 19, 2016 4:17:22 AM okhttp3.mockwebserver.MockWebServer$4 processOneRequest
INFO: MockWebServer[35901] received request: GET / HTTP/1.1 and responded: HTTP/1.1 200 OK
Aug 19, 2016 4:17:22 AM okhttp3.mockwebserver.MockWebServer$3 acceptConnections
INFO: MockWebServer[35901] done accepting connections: Socket closed
Aug 19, 2016 4:17:22 AM okhttp3.mockwebserver.MockWebServer$3 execute
INFO: MockWebServer[42969] starting to accept connections
Aug 19, 2016 4:17:22 AM okhttp3.mockwebserver.MockWebServer$4 processConnection
WARNING: MockWebServer[42969] connection from /127.0.0.1 didn't make a request
Aug 19, 2016 4:17:22 AM okhttp3.mockwebserver.MockWebServer$3 acceptConnections
INFO: MockWebServer[42969] done accepting connections: Socket closed
Aug 19, 2016 4:17:22 AM okhttp3.mockwebserver.MockWebServer$3 execute
INFO: MockWebServer[39046] starting to accept connections
Aug 19, 2016 4:17:22 AM okhttp3.mockwebserver.MockWebServer$3 acceptConnections
INFO: MockWebServer[39046] done accepting connections: Socket closed
Aug 19, 2016 4:17:22 AM okhttp3.mockwebserver.MockWebServer$4 processOneRequest
INFO: MockWebServer[39046] received request: GET / HTTP/1.1 and responded: HTTP/1.1 200 OK
Aug 19, 2016 4:17:22 AM okhttp3.mockwebserver.MockWebServer$3 execute
INFO: MockWebServer[56660] starting to accept connections
Aug 19, 2016 4:17:22 AM okhttp3.mockwebserver.MockWebServer$3 acceptConnections
INFO: MockWebServer[56660] done accepting connections: Socket closed
Aug 19, 2016 4:17:22 AM okhttp3.mockwebserver.MockWebServer$4 processOneRequest
INFO: MockWebServer[56660] received request: GET / HTTP/1.1 and responded: HTTP/1.1 200 OK
Aug 19, 2016 4:17:22 AM okhttp3.mockwebserver.MockWebServer$3 execute
INFO: MockWebServer[40912] starting to accept connections
Aug 19, 2016 4:17:23 AM okhttp3.mockwebserver.MockWebServer$4 processOneRequest
INFO: MockWebServer[40912] received request: GET / HTTP/1.1 and responded: HTTP/1.1 200 OK
Aug 19, 2016 4:17:23 AM okhttp3.mockwebserver.MockWebServer$3 acceptConnections
INFO: MockWebServer[40912] done accepting connections: Socket closed
Aug 19, 2016 4:17:23 AM okhttp3.mockwebserver.MockWebServer$3 execute
INFO: MockWebServer[48293] starting to accept connections
Aug 19, 2016 4:17:23 AM okhttp3.mockwebserver.MockWebServer$4 processOneRequest
INFO: MockWebServer[48293] received request: GET / HTTP/1.1 and responded: HTTP/1.1 404 Client Error
Aug 19, 2016 4:17:23 AM okhttp3.mockwebserver.MockWebServer$3 acceptConnections
INFO: MockWebServer[48293] done accepting connections: Socket closed
Aug 19, 2016 4:17:23 AM okhttp3.mockwebserver.MockWebServer$3 execute
INFO: MockWebServer[59114] starting to accept connections
Aug 19, 2016 4:17:23 AM okhttp3.mockwebserver.MockWebServer$4 processOneRequest
INFO: MockWebServer[59114] received request: GET / HTTP/1.1 and responded: HTTP/1.1 200 OK
Aug 19, 2016 4:17:23 AM okhttp3.mockwebserver.MockWebServer$3 acceptConnections
INFO: MockWebServer[59114] done accepting connections: Socket closed
Aug 19, 2016 4:17:23 AM okhttp3.mockwebserver.MockWebServer$3 execute
INFO: MockWebServer[37569] starting to accept connections
Aug 19, 2016 4:17:23 AM okhttp3.mockwebserver.MockWebServer$3 acceptConnections
INFO: MockWebServer[37569] done accepting connections: Socket closed
Aug 19, 2016 4:17:23 AM okhttp3.mockwebserver.MockWebServer$4 processOneRequest
INFO: MockWebServer[37569] received request: GET / HTTP/1.1 and responded: HTTP/1.1 404 Client Error
Tests run: 18, Failures: 0, Errors: 0, Skipped: 1, Time elapsed: 0.319 sec
Running retrofit2.adapter.rxjava.ObservableTest
Aug 19, 2016 4:17:23 AM okhttp3.mockwebserver.MockWebServer$3 execute
INFO: MockWebServer[33705] starting to accept connections
Aug 19, 2016 4:17:23 AM okhttp3.mockwebserver.MockWebServer$4 processConnection
WARNING: MockWebServer[33705] connection from /127.0.0.1 didn't make a request
Aug 19, 2016 4:17:23 AM okhttp3.mockwebserver.MockWebServer$3 acceptConnections
INFO: MockWebServer[33705] done accepting connections: Socket closed
Aug 19, 2016 4:17:23 AM okhttp3.mockwebserver.MockWebServer$3 execute
INFO: MockWebServer[39415] starting to accept connections
Aug 19, 2016 4:17:23 AM okhttp3.mockwebserver.MockWebServer$4 processOneRequest
INFO: MockWebServer[39415] received request: GET / HTTP/1.1 and responded: HTTP/1.1 200 OK
Aug 19, 2016 4:17:23 AM okhttp3.mockwebserver.MockWebServer$3 acceptConnections
INFO: MockWebServer[39415] done accepting connections: Socket closed
Aug 19, 2016 4:17:23 AM okhttp3.mockwebserver.MockWebServer$3 execute
INFO: MockWebServer[45509] starting to accept connections
Aug 19, 2016 4:17:23 AM okhttp3.mockwebserver.MockWebServer$3 acceptConnections
INFO: MockWebServer[45509] done accepting connections: Socket closed
Aug 19, 2016 4:17:23 AM okhttp3.mockwebserver.MockWebServer$4 processOneRequest
INFO: MockWebServer[45509] received request: GET / HTTP/1.1 and responded: HTTP/1.1 404 Client Error
Aug 19, 2016 4:17:23 AM okhttp3.mockwebserver.MockWebServer$3 execute
INFO: MockWebServer[36138] starting to accept connections
Aug 19, 2016 4:17:23 AM okhttp3.mockwebserver.MockWebServer$3 acceptConnections
INFO: MockWebServer[36138] done accepting connections: Socket closed
Aug 19, 2016 4:17:23 AM okhttp3.mockwebserver.MockWebServer$4 processOneRequest
INFO: MockWebServer[36138] received request: GET / HTTP/1.1 and responded: HTTP/1.1 200 OK
Aug 19, 2016 4:17:23 AM okhttp3.mockwebserver.MockWebServer$3 execute
INFO: MockWebServer[51625] starting to accept connections
Aug 19, 2016 4:17:23 AM okhttp3.mockwebserver.MockWebServer$3 acceptConnections
INFO: MockWebServer[51625] done accepting connections: Socket closed
Aug 19, 2016 4:17:23 AM okhttp3.mockwebserver.MockWebServer$4 processOneRequest
INFO: MockWebServer[51625] received request: GET / HTTP/1.1 and responded: HTTP/1.1 200 OK
Aug 19, 2016 4:17:23 AM okhttp3.mockwebserver.MockWebServer$3 execute
INFO: MockWebServer[43380] starting to accept connections
Aug 19, 2016 4:17:23 AM okhttp3.mockwebserver.MockWebServer$3 acceptConnections
INFO: MockWebServer[43380] done accepting connections: Socket closed
Aug 19, 2016 4:17:23 AM okhttp3.mockwebserver.MockWebServer$4 processOneRequest
INFO: MockWebServer[43380] received request: GET / HTTP/1.1 and responded: HTTP/1.1 200 OK
Aug 19, 2016 4:17:23 AM okhttp3.mockwebserver.MockWebServer$3 execute
INFO: MockWebServer[60066] starting to accept connections
Aug 19, 2016 4:17:23 AM okhttp3.mockwebserver.MockWebServer$3 acceptConnections
INFO: MockWebServer[60066] done accepting connections: Socket closed
Aug 19, 2016 4:17:23 AM okhttp3.mockwebserver.MockWebServer$4 processConnection
WARNING: MockWebServer[60066] connection from /127.0.0.1 didn't make a request
Aug 19, 2016 4:17:23 AM okhttp3.mockwebserver.MockWebServer$3 execute
INFO: MockWebServer[39614] starting to accept connections
Aug 19, 2016 4:17:23 AM okhttp3.mockwebserver.MockWebServer$3 acceptConnections
INFO: MockWebServer[39614] done accepting connections: Socket closed
Aug 19, 2016 4:17:23 AM okhttp3.mockwebserver.MockWebServer$4 processOneRequest
INFO: MockWebServer[39614] received request: GET / HTTP/1.1 and responded: HTTP/1.1 200 OK
Aug 19, 2016 4:17:23 AM okhttp3.mockwebserver.MockWebServer$3 execute
INFO: MockWebServer[49149] starting to accept connections
Aug 19, 2016 4:17:23 AM okhttp3.mockwebserver.MockWebServer$3 acceptConnections
INFO: MockWebServer[49149] done accepting connections: Socket closed
Aug 19, 2016 4:17:23 AM okhttp3.mockwebserver.MockWebServer$4 processConnection
WARNING: MockWebServer[49149] connection from /127.0.0.1 didn't make a request
Aug 19, 2016 4:17:23 AM okhttp3.mockwebserver.MockWebServer$3 execute
INFO: MockWebServer[55781] starting to accept connections
Aug 19, 2016 4:17:23 AM okhttp3.mockwebserver.MockWebServer$3 acceptConnections
INFO: MockWebServer[55781] done accepting connections: Socket closed
Aug 19, 2016 4:17:23 AM okhttp3.mockwebserver.MockWebServer$4 processOneRequest
INFO: MockWebServer[55781] received request: GET / HTTP/1.1 and responded: HTTP/1.1 200 OK
Aug 19, 2016 4:17:23 AM okhttp3.mockwebserver.MockWebServer$3 execute
INFO: MockWebServer[52870] starting to accept connections
Aug 19, 2016 4:17:23 AM okhttp3.mockwebserver.MockWebServer$3 acceptConnections
INFO: MockWebServer[52870] done accepting connections: Socket closed
Aug 19, 2016 4:17:23 AM okhttp3.mockwebserver.MockWebServer$4 processOneRequest
INFO: MockWebServer[52870] received request: GET / HTTP/1.1 and responded: HTTP/1.1 404 Client Error
Aug 19, 2016 4:17:23 AM okhttp3.mockwebserver.MockWebServer$3 execute
INFO: MockWebServer[56234] starting to accept connections
Aug 19, 2016 4:17:23 AM okhttp3.mockwebserver.MockWebServer$4 processOneRequest
INFO: MockWebServer[56234] received request: GET / HTTP/1.1 and responded: HTTP/1.1 200 OK
Aug 19, 2016 4:17:23 AM okhttp3.mockwebserver.MockWebServer$3 acceptConnections
INFO: MockWebServer[56234] done accepting connections: Socket closed
Aug 19, 2016 4:17:23 AM okhttp3.mockwebserver.MockWebServer$3 execute
INFO: MockWebServer[53970] starting to accept connections
Aug 19, 2016 4:17:23 AM okhttp3.mockwebserver.MockWebServer$4 processOneRequest
INFO: MockWebServer[53970] received request: GET / HTTP/1.1 and responded: HTTP/1.1 200 OK
Aug 19, 2016 4:17:23 AM okhttp3.mockwebserver.MockWebServer$3 acceptConnections
INFO: MockWebServer[53970] done accepting connections: Socket closed
Aug 19, 2016 4:17:23 AM okhttp3.mockwebserver.MockWebServer$3 execute
INFO: MockWebServer[41203] starting to accept connections
Aug 19, 2016 4:17:23 AM okhttp3.mockwebserver.MockWebServer$4 processConnection
WARNING: MockWebServer[41203] connection from /127.0.0.1 didn't make a request
Aug 19, 2016 4:17:23 AM okhttp3.mockwebserver.MockWebServer$3 acceptConnections
INFO: MockWebServer[41203] done accepting connections: Socket closed
Aug 19, 2016 4:17:23 AM okhttp3.mockwebserver.MockWebServer$3 execute
INFO: MockWebServer[58375] starting to accept connections
Aug 19, 2016 4:17:23 AM okhttp3.mockwebserver.MockWebServer$3 acceptConnections
INFO: MockWebServer[58375] done accepting connections: Socket closed
Aug 19, 2016 4:17:23 AM okhttp3.mockwebserver.MockWebServer$4 processOneRequest
INFO: MockWebServer[58375] received request: GET / HTTP/1.1 and responded: HTTP/1.1 200 OK
Aug 19, 2016 4:17:23 AM okhttp3.mockwebserver.MockWebServer$3 execute
INFO: MockWebServer[57236] starting to accept connections
Aug 19, 2016 4:17:23 AM okhttp3.mockwebserver.MockWebServer$4 processOneRequest
INFO: MockWebServer[57236] received request: GET / HTTP/1.1 and responded: HTTP/1.1 200 OK
Aug 19, 2016 4:17:23 AM okhttp3.mockwebserver.MockWebServer$3 acceptConnections
INFO: MockWebServer[57236] done accepting connections: Socket closed
Aug 19, 2016 4:17:23 AM okhttp3.mockwebserver.MockWebServer$3 execute
INFO: MockWebServer[33032] starting to accept connections
Aug 19, 2016 4:17:23 AM okhttp3.mockwebserver.MockWebServer$3 acceptConnections
INFO: MockWebServer[33032] done accepting connections: Socket closed
Aug 19, 2016 4:17:23 AM okhttp3.mockwebserver.MockWebServer$4 processOneRequest
INFO: MockWebServer[33032] received request: GET / HTTP/1.1 and responded: HTTP/1.1 200 OK
Aug 19, 2016 4:17:23 AM okhttp3.mockwebserver.MockWebServer$3 execute
INFO: MockWebServer[41189] starting to accept connections
Aug 19, 2016 4:17:23 AM okhttp3.mockwebserver.MockWebServer$4 processOneRequest
INFO: MockWebServer[41189] received request: GET / HTTP/1.1 and responded: HTTP/1.1 200 OK
Aug 19, 2016 4:17:23 AM okhttp3.mockwebserver.MockWebServer$3 acceptConnections
INFO: MockWebServer[41189] done accepting connections: Socket closed
Aug 19, 2016 4:17:23 AM okhttp3.mockwebserver.MockWebServer$3 execute
INFO: MockWebServer[48221] starting to accept connections
Aug 19, 2016 4:17:23 AM okhttp3.mockwebserver.MockWebServer$3 acceptConnections
INFO: MockWebServer[48221] done accepting connections: Socket closed
Aug 19, 2016 4:17:23 AM okhttp3.mockwebserver.MockWebServer$4 processOneRequest
INFO: MockWebServer[48221] received request: GET / HTTP/1.1 and responded: HTTP/1.1 404 Client Error
Aug 19, 2016 4:17:23 AM okhttp3.mockwebserver.MockWebServer$3 execute
INFO: MockWebServer[57692] starting to accept connections
Aug 19, 2016 4:17:23 AM okhttp3.mockwebserver.MockWebServer$3 acceptConnections
INFO: MockWebServer[57692] done accepting connections: Socket closed
Aug 19, 2016 4:17:23 AM okhttp3.mockwebserver.MockWebServer$4 processOneRequest
INFO: MockWebServer[57692] received request: GET / HTTP/1.1 and responded: HTTP/1.1 200 OK
Aug 19, 2016 4:17:23 AM okhttp3.mockwebserver.MockWebServer$3 execute
INFO: MockWebServer[53152] starting to accept connections
Aug 19, 2016 4:17:23 AM okhttp3.mockwebserver.MockWebServer$3 acceptConnections
INFO: MockWebServer[53152] done accepting connections: Socket closed
Aug 19, 2016 4:17:23 AM okhttp3.mockwebserver.MockWebServer$4 processOneRequest
INFO: MockWebServer[53152] received request: GET / HTTP/1.1 and responded: HTTP/1.1 404 Client Error
Tests run: 21, Failures: 0, Errors: 0, Skipped: 0, Time elapsed: 0.441 sec
Running retrofit2.adapter.rxjava.CompletableWithSchedulerTest
Aug 19, 2016 4:17:23 AM okhttp3.mockwebserver.MockWebServer$3 execute
INFO: MockWebServer[39536] starting to accept connections
Aug 19, 2016 4:17:23 AM okhttp3.mockwebserver.MockWebServer$4 processOneRequest
INFO: MockWebServer[39536] received request: GET / HTTP/1.1 and responded: HTTP/1.1 200 OK
Aug 19, 2016 4:17:23 AM okhttp3.mockwebserver.MockWebServer$3 acceptConnections
INFO: MockWebServer[39536] done accepting connections: Socket closed
Tests run: 1, Failures: 0, Errors: 0, Skipped: 0, Time elapsed: 0.011 sec
Running retrofit2.adapter.rxjava.SingleWithSchedulerTest
Aug 19, 2016 4:17:23 AM okhttp3.mockwebserver.MockWebServer$3 execute
INFO: MockWebServer[37389] starting to accept connections
Aug 19, 2016 4:17:23 AM okhttp3.mockwebserver.MockWebServer$3 acceptConnections
INFO: MockWebServer[37389] done accepting connections: Socket closed
Aug 19, 2016 4:17:23 AM okhttp3.mockwebserver.MockWebServer$4 processOneRequest
INFO: MockWebServer[37389] received request: GET / HTTP/1.1 and responded: HTTP/1.1 200 OK
Aug 19, 2016 4:17:23 AM okhttp3.mockwebserver.MockWebServer$3 execute
INFO: MockWebServer[56520] starting to accept connections
Aug 19, 2016 4:17:23 AM okhttp3.mockwebserver.MockWebServer$3 acceptConnections
INFO: MockWebServer[56520] done accepting connections: Socket closed
Aug 19, 2016 4:17:23 AM okhttp3.mockwebserver.MockWebServer$4 processOneRequest
INFO: MockWebServer[56520] received request: GET / HTTP/1.1 and responded: HTTP/1.1 200 OK
Aug 19, 2016 4:17:23 AM okhttp3.mockwebserver.MockWebServer$3 execute
INFO: MockWebServer[45417] starting to accept connections
Aug 19, 2016 4:17:23 AM okhttp3.mockwebserver.MockWebServer$3 acceptConnections
INFO: MockWebServer[45417] done accepting connections: Socket closed
Aug 19, 2016 4:17:23 AM okhttp3.mockwebserver.MockWebServer$4 processOneRequest
INFO: MockWebServer[45417] received request: GET / HTTP/1.1 and responded: HTTP/1.1 200 OK
Tests run: 3, Failures: 0, Errors: 0, Skipped: 0, Time elapsed: 0.027 sec
Running retrofit2.adapter.rxjava.HttpExceptionTest
Tests run: 2, Failures: 0, Errors: 0, Skipped: 0, Time elapsed: 0.001 sec
Running retrofit2.adapter.rxjava.ResultTest
Tests run: 4, Failures: 0, Errors: 0, Skipped: 0, Time elapsed: 0 sec

Results :

Tests run: 63, Failures: 0, Errors: 0, Skipped: 1

[INFO] 
[INFO] --- animal-sniffer-maven-plugin:1.14:check (default) @ adapter-rxjava ---
[INFO] Checking unresolved references to org.codehaus.mojo.signature:java16:1.1
[INFO]                                                                         
[INFO] ------------------------------------------------------------------------
[INFO] Building Converters 2.1.1-SNAPSHOT
[INFO] ------------------------------------------------------------------------
[INFO] 
[INFO] --- maven-enforcer-plugin:1.0:enforce (enforce-maven) @ retrofit-converters ---
[INFO] 
[INFO] --- animal-sniffer-maven-plugin:1.14:check (default) @ retrofit-converters ---
[INFO] Checking unresolved references to org.codehaus.mojo.signature:java16:1.1
[INFO]                                                                         
[INFO] ------------------------------------------------------------------------
[INFO] Building Converter: Gson 2.1.1-SNAPSHOT
[INFO] ------------------------------------------------------------------------
[INFO] 
[INFO] --- maven-enforcer-plugin:1.0:enforce (enforce-maven) @ converter-gson ---
[INFO] 
[INFO] --- maven-resources-plugin:2.6:resources (default-resources) @ converter-gson ---
[INFO] Using 'UTF-8' encoding to copy filtered resources.
[INFO] skip non existing resourceDirectory /home/travis/build/square/retrofit/retrofit-converters/gson/src/main/resources
[INFO] 
[INFO] --- maven-compiler-plugin:3.0:compile (default-compile) @ converter-gson ---
[INFO] Changes detected - recompiling the module!
[INFO] Compiling 3 source files to /home/travis/build/square/retrofit/retrofit-converters/gson/target/classes
[INFO] 
[INFO] --- maven-resources-plugin:2.6:testResources (default-testResources) @ converter-gson ---
[INFO] Using 'UTF-8' encoding to copy filtered resources.
[INFO] skip non existing resourceDirectory /home/travis/build/square/retrofit/retrofit-converters/gson/src/test/resources
[INFO] 
[INFO] --- maven-compiler-plugin:3.0:testCompile (default-testCompile) @ converter-gson ---
[INFO] Changes detected - recompiling the module!
[INFO] Compiling 1 source file to /home/travis/build/square/retrofit/retrofit-converters/gson/target/test-classes
[INFO] 
[INFO] --- maven-surefire-plugin:2.12.4:test (default-test) @ converter-gson ---
[INFO] Surefire report directory: /home/travis/build/square/retrofit/retrofit-converters/gson/target/surefire-reports

-------------------------------------------------------
 T E S T S
-------------------------------------------------------
Running retrofit2.converter.gson.GsonConverterFactoryTest
Aug 19, 2016 4:17:24 AM okhttp3.mockwebserver.MockWebServer$3 execute
INFO: MockWebServer[33324] starting to accept connections
Aug 19, 2016 4:17:25 AM okhttp3.mockwebserver.MockWebServer$4 processOneRequest
INFO: MockWebServer[33324] received request: POST / HTTP/1.1 and responded: HTTP/1.1 200 OK
Aug 19, 2016 4:17:25 AM okhttp3.mockwebserver.MockWebServer$3 acceptConnections
INFO: MockWebServer[33324] done accepting connections: Socket closed
Aug 19, 2016 4:17:25 AM okhttp3.mockwebserver.MockWebServer$3 execute
INFO: MockWebServer[44613] starting to accept connections
Aug 19, 2016 4:17:25 AM okhttp3.mockwebserver.MockWebServer$3 acceptConnections
INFO: MockWebServer[44613] done accepting connections: Socket closed
Aug 19, 2016 4:17:25 AM okhttp3.mockwebserver.MockWebServer$4 processOneRequest
INFO: MockWebServer[44613] received request: POST / HTTP/1.1 and responded: HTTP/1.1 200 OK
Aug 19, 2016 4:17:25 AM okhttp3.mockwebserver.MockWebServer$3 execute
INFO: MockWebServer[46595] starting to accept connections
Aug 19, 2016 4:17:25 AM okhttp3.mockwebserver.MockWebServer$4 processOneRequest
INFO: MockWebServer[46595] received request: POST / HTTP/1.1 and responded: HTTP/1.1 200 OK
Aug 19, 2016 4:17:25 AM okhttp3.mockwebserver.MockWebServer$3 acceptConnections
INFO: MockWebServer[46595] done accepting connections: Socket closed
Aug 19, 2016 4:17:25 AM okhttp3.mockwebserver.MockWebServer$3 execute
INFO: MockWebServer[56494] starting to accept connections
Aug 19, 2016 4:17:25 AM okhttp3.mockwebserver.MockWebServer$3 acceptConnections
INFO: MockWebServer[56494] done accepting connections: Socket closed
Aug 19, 2016 4:17:25 AM okhttp3.mockwebserver.MockWebServer$4 processOneRequest
INFO: MockWebServer[56494] received request: POST / HTTP/1.1 and responded: HTTP/1.1 200 OK
Tests run: 4, Failures: 0, Errors: 0, Skipped: 0, Time elapsed: 0.678 sec

Results :

Tests run: 4, Failures: 0, Errors: 0, Skipped: 0

[INFO] 
[INFO] --- animal-sniffer-maven-plugin:1.14:check (default) @ converter-gson ---
[INFO] Checking unresolved references to org.codehaus.mojo.signature:java16:1.1
[INFO]                                                                         
[INFO] ------------------------------------------------------------------------
[INFO] Building Converter: Protocol Buffers 2.1.1-SNAPSHOT
[INFO] ------------------------------------------------------------------------
[INFO] 
[INFO] --- maven-enforcer-plugin:1.0:enforce (enforce-maven) @ converter-protobuf ---
[INFO] 
[INFO] --- maven-resources-plugin:2.6:resources (default-resources) @ converter-protobuf ---
[INFO] Using 'UTF-8' encoding to copy filtered resources.
[INFO] skip non existing resourceDirectory /home/travis/build/square/retrofit/retrofit-converters/protobuf/src/main/resources
[INFO] 
[INFO] --- maven-compiler-plugin:3.0:compile (default-compile) @ converter-protobuf ---
[INFO] Changes detected - recompiling the module!
[INFO] Compiling 3 source files to /home/travis/build/square/retrofit/retrofit-converters/protobuf/target/classes
[WARNING] /home/travis/build/square/retrofit/retrofit-converters/protobuf/src/main/java/retrofit2/converter/protobuf/ProtoConverterFactory.java: /home/travis/build/square/retrofit/retrofit-converters/protobuf/src/main/java/retrofit2/converter/protobuf/ProtoConverterFactory.java uses unchecked or unsafe operations.
[WARNING] /home/travis/build/square/retrofit/retrofit-converters/protobuf/src/main/java/retrofit2/converter/protobuf/ProtoConverterFactory.java: Recompile with -Xlint:unchecked for details.
[INFO] 
[INFO] --- maven-resources-plugin:2.6:testResources (default-testResources) @ converter-protobuf ---
[INFO] Using 'UTF-8' encoding to copy filtered resources.
[INFO] skip non existing resourceDirectory /home/travis/build/square/retrofit/retrofit-converters/protobuf/src/test/resources
[INFO] 
[INFO] --- maven-compiler-plugin:3.0:testCompile (default-testCompile) @ converter-protobuf ---
[INFO] Changes detected - recompiling the module!
[INFO] Compiling 3 source files to /home/travis/build/square/retrofit/retrofit-converters/protobuf/target/test-classes
[INFO] 
[INFO] --- maven-surefire-plugin:2.12.4:test (default-test) @ converter-protobuf ---
[INFO] Surefire report directory: /home/travis/build/square/retrofit/retrofit-converters/protobuf/target/surefire-reports

-------------------------------------------------------
 T E S T S
-------------------------------------------------------
Running retrofit2.converter.protobuf.ProtoConverterFactoryTest
Aug 19, 2016 4:17:26 AM okhttp3.mockwebserver.MockWebServer$3 execute
INFO: MockWebServer[51447] starting to accept connections
Aug 19, 2016 4:17:27 AM okhttp3.mockwebserver.MockWebServer$4 processOneRequest
INFO: MockWebServer[51447] received request: POST / HTTP/1.1 and responded: HTTP/1.1 200 OK
Aug 19, 2016 4:17:27 AM okhttp3.mockwebserver.MockWebServer$3 acceptConnections
INFO: MockWebServer[51447] done accepting connections: Socket closed
Aug 19, 2016 4:17:27 AM okhttp3.mockwebserver.MockWebServer$3 execute
INFO: MockWebServer[48520] starting to accept connections
Aug 19, 2016 4:17:27 AM okhttp3.mockwebserver.MockWebServer$3 acceptConnections
INFO: MockWebServer[48520] done accepting connections: Socket closed
Aug 19, 2016 4:17:27 AM okhttp3.mockwebserver.MockWebServer$3 execute
INFO: MockWebServer[38399] starting to accept connections
Aug 19, 2016 4:17:27 AM okhttp3.mockwebserver.MockWebServer$4 processOneRequest
INFO: MockWebServer[38399] received request: GET / HTTP/1.1 and responded: HTTP/1.1 200 OK
Aug 19, 2016 4:17:27 AM okhttp3.mockwebserver.MockWebServer$3 acceptConnections
INFO: MockWebServer[38399] done accepting connections: Socket closed
Aug 19, 2016 4:17:27 AM okhttp3.mockwebserver.MockWebServer$3 execute
INFO: MockWebServer[58007] starting to accept connections
Aug 19, 2016 4:17:27 AM okhttp3.mockwebserver.MockWebServer$3 acceptConnections
INFO: MockWebServer[58007] done accepting connections: Socket closed
Aug 19, 2016 4:17:27 AM okhttp3.mockwebserver.MockWebServer$4 processOneRequest
INFO: MockWebServer[58007] received request: GET / HTTP/1.1 and responded: HTTP/1.1 200 OK
Aug 19, 2016 4:17:27 AM okhttp3.mockwebserver.MockWebServer$3 execute
INFO: MockWebServer[48720] starting to accept connections
Aug 19, 2016 4:17:27 AM okhttp3.mockwebserver.MockWebServer$3 acceptConnections
INFO: MockWebServer[48720] done accepting connections: Socket is closed
Aug 19, 2016 4:17:27 AM okhttp3.mockwebserver.MockWebServer$3 execute
INFO: MockWebServer[55405] starting to accept connections
Aug 19, 2016 4:17:27 AM okhttp3.mockwebserver.MockWebServer$3 acceptConnections
INFO: MockWebServer[55405] done accepting connections: Socket closed
Aug 19, 2016 4:17:27 AM okhttp3.mockwebserver.MockWebServer$4 processOneRequest
INFO: MockWebServer[55405] received request: GET / HTTP/1.1 and responded: HTTP/1.1 200 OK
Tests run: 6, Failures: 0, Errors: 0, Skipped: 0, Time elapsed: 0.883 sec
Running retrofit2.converter.protobuf.FallbackParserFinderTest
Tests run: 1, Failures: 0, Errors: 0, Skipped: 0, Time elapsed: 0.005 sec

Results :

Tests run: 7, Failures: 0, Errors: 0, Skipped: 0

[INFO] 
[INFO] --- animal-sniffer-maven-plugin:1.14:check (default) @ converter-protobuf ---
[INFO] Checking unresolved references to org.codehaus.mojo.signature:java16:1.1
[INFO]                                                                         
[INFO] ------------------------------------------------------------------------
[INFO] Building Converter: Jackson 2.1.1-SNAPSHOT
[INFO] ------------------------------------------------------------------------
[INFO] 
[INFO] --- maven-enforcer-plugin:1.0:enforce (enforce-maven) @ converter-jackson ---
[INFO] 
[INFO] --- maven-resources-plugin:2.6:resources (default-resources) @ converter-jackson ---
[INFO] Using 'UTF-8' encoding to copy filtered resources.
[INFO] skip non existing resourceDirectory /home/travis/build/square/retrofit/retrofit-converters/jackson/src/main/resources
[INFO] 
[INFO] --- maven-compiler-plugin:3.0:compile (default-compile) @ converter-jackson ---
[INFO] Changes detected - recompiling the module!
[INFO] Compiling 3 source files to /home/travis/build/square/retrofit/retrofit-converters/jackson/target/classes
[WARNING] /home/travis/build/square/retrofit/retrofit-converters/jackson/src/main/java/retrofit2/converter/jackson/JacksonConverterFactory.java: /home/travis/build/square/retrofit/retrofit-converters/jackson/src/main/java/retrofit2/converter/jackson/JacksonConverterFactory.java uses or overrides a deprecated API.
[WARNING] /home/travis/build/square/retrofit/retrofit-converters/jackson/src/main/java/retrofit2/converter/jackson/JacksonConverterFactory.java: Recompile with -Xlint:deprecation for details.
[INFO] 
[INFO] --- maven-resources-plugin:2.6:testResources (default-testResources) @ converter-jackson ---
[INFO] Using 'UTF-8' encoding to copy filtered resources.
[INFO] skip non existing resourceDirectory /home/travis/build/square/retrofit/retrofit-converters/jackson/src/test/resources
[INFO] 
[INFO] --- maven-compiler-plugin:3.0:testCompile (default-testCompile) @ converter-jackson ---
[INFO] Changes detected - recompiling the module!
[INFO] Compiling 1 source file to /home/travis/build/square/retrofit/retrofit-converters/jackson/target/test-classes
[WARNING] /home/travis/build/square/retrofit/retrofit-converters/jackson/src/test/java/retrofit2/converter/jackson/JacksonConverterFactoryTest.java: /home/travis/build/square/retrofit/retrofit-converters/jackson/src/test/java/retrofit2/converter/jackson/JacksonConverterFactoryTest.java uses or overrides a deprecated API.
[WARNING] /home/travis/build/square/retrofit/retrofit-converters/jackson/src/test/java/retrofit2/converter/jackson/JacksonConverterFactoryTest.java: Recompile with -Xlint:deprecation for details.
[INFO] 
[INFO] --- maven-surefire-plugin:2.12.4:test (default-test) @ converter-jackson ---
[INFO] Surefire report directory: /home/travis/build/square/retrofit/retrofit-converters/jackson/target/surefire-reports

-------------------------------------------------------
 T E S T S
-------------------------------------------------------
Running retrofit2.converter.jackson.JacksonConverterFactoryTest
Aug 19, 2016 4:17:28 AM okhttp3.mockwebserver.MockWebServer$3 execute
INFO: MockWebServer[46326] starting to accept connections
Aug 19, 2016 4:17:29 AM okhttp3.mockwebserver.MockWebServer$4 processOneRequest
INFO: MockWebServer[46326] received request: POST / HTTP/1.1 and responded: HTTP/1.1 200 OK
Aug 19, 2016 4:17:29 AM okhttp3.mockwebserver.MockWebServer$3 acceptConnections
INFO: MockWebServer[46326] done accepting connections: Socket closed
Aug 19, 2016 4:17:29 AM okhttp3.mockwebserver.MockWebServer$3 execute
INFO: MockWebServer[50329] starting to accept connections
Aug 19, 2016 4:17:29 AM okhttp3.mockwebserver.MockWebServer$3 acceptConnections
INFO: MockWebServer[50329] done accepting connections: Socket closed
Aug 19, 2016 4:17:29 AM okhttp3.mockwebserver.MockWebServer$4 processOneRequest
INFO: MockWebServer[50329] received request: POST / HTTP/1.1 and responded: HTTP/1.1 200 OK
Tests run: 2, Failures: 0, Errors: 0, Skipped: 0, Time elapsed: 1.165 sec

Results :

Tests run: 2, Failures: 0, Errors: 0, Skipped: 0

[INFO] 
[INFO] --- animal-sniffer-maven-plugin:1.14:check (default) @ converter-jackson ---
[INFO] Checking unresolved references to org.codehaus.mojo.signature:java16:1.1
[INFO]                                                                         
[INFO] ------------------------------------------------------------------------
[INFO] Building Converter: Wire Protocol Buffers 2.1.1-SNAPSHOT
[INFO] ------------------------------------------------------------------------
[INFO] 
[INFO] --- maven-enforcer-plugin:1.0:enforce (enforce-maven) @ converter-wire ---
[INFO] 
[INFO] --- maven-resources-plugin:2.6:resources (default-resources) @ converter-wire ---
[INFO] Using 'UTF-8' encoding to copy filtered resources.
[INFO] skip non existing resourceDirectory /home/travis/build/square/retrofit/retrofit-converters/wire/src/main/resources
[INFO] 
[INFO] --- maven-compiler-plugin:3.0:compile (default-compile) @ converter-wire ---
[INFO] Changes detected - recompiling the module!
[INFO] Compiling 3 source files to /home/travis/build/square/retrofit/retrofit-converters/wire/target/classes
[WARNING] /home/travis/build/square/retrofit/retrofit-converters/wire/src/main/java/retrofit2/converter/wire/WireConverterFactory.java: /home/travis/build/square/retrofit/retrofit-converters/wire/src/main/java/retrofit2/converter/wire/WireConverterFactory.java uses unchecked or unsafe operations.
[WARNING] /home/travis/build/square/retrofit/retrofit-converters/wire/src/main/java/retrofit2/converter/wire/WireConverterFactory.java: Recompile with -Xlint:unchecked for details.
[INFO] 
[INFO] --- maven-resources-plugin:2.6:testResources (default-testResources) @ converter-wire ---
[INFO] Using 'UTF-8' encoding to copy filtered resources.
[INFO] skip non existing resourceDirectory /home/travis/build/square/retrofit/retrofit-converters/wire/src/test/resources
[INFO] 
[INFO] --- maven-compiler-plugin:3.0:testCompile (default-testCompile) @ converter-wire ---
[INFO] Changes detected - recompiling the module!
[INFO] Compiling 2 source files to /home/travis/build/square/retrofit/retrofit-converters/wire/target/test-classes
[INFO] 
[INFO] --- maven-surefire-plugin:2.12.4:test (default-test) @ converter-wire ---
[INFO] Surefire report directory: /home/travis/build/square/retrofit/retrofit-converters/wire/target/surefire-reports

-------------------------------------------------------
 T E S T S
-------------------------------------------------------
Running retrofit2.converter.wire.WireConverterFactoryTest
Aug 19, 2016 4:17:30 AM okhttp3.mockwebserver.MockWebServer$3 execute
INFO: MockWebServer[42202] starting to accept connections
Aug 19, 2016 4:17:31 AM okhttp3.mockwebserver.MockWebServer$4 processOneRequest
INFO: MockWebServer[42202] received request: POST / HTTP/1.1 and responded: HTTP/1.1 200 OK
Aug 19, 2016 4:17:31 AM okhttp3.mockwebserver.MockWebServer$3 acceptConnections
INFO: MockWebServer[42202] done accepting connections: Socket closed
Aug 19, 2016 4:17:31 AM okhttp3.mockwebserver.MockWebServer$3 execute
INFO: MockWebServer[33353] starting to accept connections
Aug 19, 2016 4:17:31 AM okhttp3.mockwebserver.MockWebServer$3 acceptConnections
INFO: MockWebServer[33353] done accepting connections: Socket is closed
Aug 19, 2016 4:17:31 AM okhttp3.mockwebserver.MockWebServer$3 execute
INFO: MockWebServer[56859] starting to accept connections
Aug 19, 2016 4:17:31 AM okhttp3.mockwebserver.MockWebServer$4 processOneRequest
INFO: MockWebServer[56859] received request: GET / HTTP/1.1 and responded: HTTP/1.1 200 OK
Aug 19, 2016 4:17:31 AM okhttp3.mockwebserver.MockWebServer$3 acceptConnections
INFO: MockWebServer[56859] done accepting connections: Socket closed
Aug 19, 2016 4:17:31 AM okhttp3.mockwebserver.MockWebServer$3 execute
INFO: MockWebServer[55381] starting to accept connections
Aug 19, 2016 4:17:31 AM okhttp3.mockwebserver.MockWebServer$3 acceptConnections
INFO: MockWebServer[55381] done accepting connections: Socket closed
Aug 19, 2016 4:17:31 AM okhttp3.mockwebserver.MockWebServer$3 execute
INFO: MockWebServer[41591] starting to accept connections
Aug 19, 2016 4:17:31 AM okhttp3.mockwebserver.MockWebServer$3 acceptConnections
INFO: MockWebServer[41591] done accepting connections: Socket closed
Aug 19, 2016 4:17:31 AM okhttp3.mockwebserver.MockWebServer$4 processOneRequest
INFO: MockWebServer[41591] received request: GET / HTTP/1.1 and responded: HTTP/1.1 200 OK
Tests run: 5, Failures: 0, Errors: 0, Skipped: 0, Time elapsed: 0.926 sec

Results :

Tests run: 5, Failures: 0, Errors: 0, Skipped: 0

[INFO] 
[INFO] --- animal-sniffer-maven-plugin:1.14:check (default) @ converter-wire ---
[INFO] Checking unresolved references to org.codehaus.mojo.signature:java16:1.1
[INFO]                                                                         
[INFO] ------------------------------------------------------------------------
[INFO] Building Converter: SimpleXML 2.1.1-SNAPSHOT
[INFO] ------------------------------------------------------------------------
[INFO] 
[INFO] --- maven-enforcer-plugin:1.0:enforce (enforce-maven) @ converter-simplexml ---
[INFO] 
[INFO] --- maven-resources-plugin:2.6:resources (default-resources) @ converter-simplexml ---
[INFO] Using 'UTF-8' encoding to copy filtered resources.
[INFO] skip non existing resourceDirectory /home/travis/build/square/retrofit/retrofit-converters/simplexml/src/main/resources
[INFO] 
[INFO] --- maven-compiler-plugin:3.0:compile (default-compile) @ converter-simplexml ---
[INFO] Changes detected - recompiling the module!
[INFO] Compiling 3 source files to /home/travis/build/square/retrofit/retrofit-converters/simplexml/target/classes
[INFO] 
[INFO] --- maven-resources-plugin:2.6:testResources (default-testResources) @ converter-simplexml ---
[INFO] Using 'UTF-8' encoding to copy filtered resources.
[INFO] skip non existing resourceDirectory /home/travis/build/square/retrofit/retrofit-converters/simplexml/src/test/resources
[INFO] 
[INFO] --- maven-compiler-plugin:3.0:testCompile (default-testCompile) @ converter-simplexml ---
[INFO] Changes detected - recompiling the module!
[INFO] Compiling 2 source files to /home/travis/build/square/retrofit/retrofit-converters/simplexml/target/test-classes
[INFO] 
[INFO] --- maven-surefire-plugin:2.12.4:test (default-test) @ converter-simplexml ---
[INFO] Surefire report directory: /home/travis/build/square/retrofit/retrofit-converters/simplexml/target/surefire-reports

-------------------------------------------------------
 T E S T S
-------------------------------------------------------
Running retrofit2.converter.simplexml.SimpleXmlConverterFactoryTest
Aug 19, 2016 4:17:33 AM okhttp3.mockwebserver.MockWebServer$3 execute
INFO: MockWebServer[47253] starting to accept connections
Aug 19, 2016 4:17:33 AM okhttp3.mockwebserver.MockWebServer$4 processOneRequest
INFO: MockWebServer[47253] received request: GET / HTTP/1.1 and responded: HTTP/1.1 200 OK
Aug 19, 2016 4:17:33 AM okhttp3.mockwebserver.MockWebServer$3 acceptConnections
INFO: MockWebServer[47253] done accepting connections: Socket closed
Aug 19, 2016 4:17:33 AM okhttp3.mockwebserver.MockWebServer$3 execute
INFO: MockWebServer[51913] starting to accept connections
Aug 19, 2016 4:17:33 AM okhttp3.mockwebserver.MockWebServer$4 processOneRequest
INFO: MockWebServer[51913] received request: GET / HTTP/1.1 and responded: HTTP/1.1 200 OK
Aug 19, 2016 4:17:33 AM okhttp3.mockwebserver.MockWebServer$3 acceptConnections
INFO: MockWebServer[51913] done accepting connections: Socket closed
Aug 19, 2016 4:17:33 AM okhttp3.mockwebserver.MockWebServer$3 execute
INFO: MockWebServer[43343] starting to accept connections
Aug 19, 2016 4:17:33 AM okhttp3.mockwebserver.MockWebServer$3 acceptConnections
INFO: MockWebServer[43343] done accepting connections: Socket closed
Aug 19, 2016 4:17:33 AM okhttp3.mockwebserver.MockWebServer$4 processOneRequest
INFO: MockWebServer[43343] received request: GET / HTTP/1.1 and responded: HTTP/1.1 200 OK
Aug 19, 2016 4:17:33 AM okhttp3.mockwebserver.MockWebServer$3 execute
INFO: MockWebServer[43718] starting to accept connections
Aug 19, 2016 4:17:33 AM okhttp3.mockwebserver.MockWebServer$3 acceptConnections
INFO: MockWebServer[43718] done accepting connections: Socket closed
Aug 19, 2016 4:17:33 AM okhttp3.mockwebserver.MockWebServer$4 processOneRequest
INFO: MockWebServer[43718] received request: POST / HTTP/1.1 and responded: HTTP/1.1 200 OK
Tests run: 4, Failures: 0, Errors: 0, Skipped: 0, Time elapsed: 1.543 sec

Results :

Tests run: 4, Failures: 0, Errors: 0, Skipped: 0

[INFO] 
[INFO] --- animal-sniffer-maven-plugin:1.14:check (default) @ converter-simplexml ---
[INFO] Checking unresolved references to org.codehaus.mojo.signature:java16:1.1
[INFO]                                                                         
[INFO] ------------------------------------------------------------------------
[INFO] Building Converter: Java Scalars 2.1.1-SNAPSHOT
[INFO] ------------------------------------------------------------------------
[INFO] 
[INFO] --- maven-enforcer-plugin:1.0:enforce (enforce-maven) @ converter-scalars ---
[INFO] 
[INFO] --- maven-resources-plugin:2.6:resources (default-resources) @ converter-scalars ---
[INFO] Using 'UTF-8' encoding to copy filtered resources.
[INFO] skip non existing resourceDirectory /home/travis/build/square/retrofit/retrofit-converters/scalars/src/main/resources
[INFO] 
[INFO] --- maven-compiler-plugin:3.0:compile (default-compile) @ converter-scalars ---
[INFO] Changes detected - recompiling the module!
[INFO] Compiling 3 source files to /home/travis/build/square/retrofit/retrofit-converters/scalars/target/classes
[INFO] 
[INFO] --- maven-resources-plugin:2.6:testResources (default-testResources) @ converter-scalars ---
[INFO] Using 'UTF-8' encoding to copy filtered resources.
[INFO] skip non existing resourceDirectory /home/travis/build/square/retrofit/retrofit-converters/scalars/src/test/resources
[INFO] 
[INFO] --- maven-compiler-plugin:3.0:testCompile (default-testCompile) @ converter-scalars ---
[INFO] Changes detected - recompiling the module!
[INFO] Compiling 2 source files to /home/travis/build/square/retrofit/retrofit-converters/scalars/target/test-classes
[INFO] 
[INFO] --- maven-surefire-plugin:2.12.4:test (default-test) @ converter-scalars ---
[INFO] Surefire report directory: /home/travis/build/square/retrofit/retrofit-converters/scalars/target/surefire-reports

-------------------------------------------------------
 T E S T S
-------------------------------------------------------
Running retrofit2.converter.scalars.ScalarsConverterFactoryTest
Aug 19, 2016 4:17:36 AM okhttp3.mockwebserver.MockWebServer$3 execute
INFO: MockWebServer[45520] starting to accept connections
Aug 19, 2016 4:17:36 AM okhttp3.mockwebserver.MockWebServer$3 acceptConnections
INFO: MockWebServer[45520] done accepting connections: Socket closed
Aug 19, 2016 4:17:36 AM okhttp3.mockwebserver.MockWebServer$3 execute
INFO: MockWebServer[49904] starting to accept connections
Aug 19, 2016 4:17:36 AM okhttp3.mockwebserver.MockWebServer$4 processOneRequest
INFO: MockWebServer[49904] received request: GET / HTTP/1.1 and responded: HTTP/1.1 200 OK
Aug 19, 2016 4:17:36 AM okhttp3.mockwebserver.MockWebServer$4 processOneRequest
INFO: MockWebServer[49904] received request: GET / HTTP/1.1 and responded: HTTP/1.1 200 OK
Aug 19, 2016 4:17:36 AM okhttp3.mockwebserver.MockWebServer$4 processOneRequest
INFO: MockWebServer[49904] received request: GET / HTTP/1.1 and responded: HTTP/1.1 200 OK
Aug 19, 2016 4:17:36 AM okhttp3.mockwebserver.MockWebServer$4 processOneRequest
INFO: MockWebServer[49904] received request: GET / HTTP/1.1 and responded: HTTP/1.1 200 OK
Aug 19, 2016 4:17:36 AM okhttp3.mockwebserver.MockWebServer$4 processOneRequest
INFO: MockWebServer[49904] received request: GET / HTTP/1.1 and responded: HTTP/1.1 200 OK
Aug 19, 2016 4:17:36 AM okhttp3.mockwebserver.MockWebServer$4 processOneRequest
INFO: MockWebServer[49904] received request: GET / HTTP/1.1 and responded: HTTP/1.1 200 OK
Aug 19, 2016 4:17:37 AM okhttp3.mockwebserver.MockWebServer$4 processOneRequest
INFO: MockWebServer[49904] received request: GET / HTTP/1.1 and responded: HTTP/1.1 200 OK
Aug 19, 2016 4:17:37 AM okhttp3.mockwebserver.MockWebServer$4 processOneRequest
INFO: MockWebServer[49904] received request: GET / HTTP/1.1 and responded: HTTP/1.1 200 OK
Aug 19, 2016 4:17:37 AM okhttp3.mockwebserver.MockWebServer$4 processOneRequest
INFO: MockWebServer[49904] received request: GET / HTTP/1.1 and responded: HTTP/1.1 200 OK
Aug 19, 2016 4:17:37 AM okhttp3.mockwebserver.MockWebServer$4 processOneRequest
INFO: MockWebServer[49904] received request: GET / HTTP/1.1 and responded: HTTP/1.1 200 OK
Aug 19, 2016 4:17:37 AM okhttp3.mockwebserver.MockWebServer$4 processOneRequest
INFO: MockWebServer[49904] received request: GET / HTTP/1.1 and responded: HTTP/1.1 200 OK
Aug 19, 2016 4:17:37 AM okhttp3.mockwebserver.MockWebServer$3 acceptConnections
INFO: MockWebServer[49904] done accepting connections: Socket closed
Aug 19, 2016 4:17:37 AM okhttp3.mockwebserver.MockWebServer$3 execute
INFO: MockWebServer[39339] starting to accept connections
Aug 19, 2016 4:17:37 AM okhttp3.mockwebserver.MockWebServer$4 processOneRequest
INFO: MockWebServer[39339] received request: POST / HTTP/1.1 and responded: HTTP/1.1 200 OK
Aug 19, 2016 4:17:37 AM okhttp3.mockwebserver.MockWebServer$4 processOneRequest
INFO: MockWebServer[39339] received request: POST / HTTP/1.1 and responded: HTTP/1.1 200 OK
Aug 19, 2016 4:17:37 AM okhttp3.mockwebserver.MockWebServer$4 processOneRequest
INFO: MockWebServer[39339] received request: POST / HTTP/1.1 and responded: HTTP/1.1 200 OK
Aug 19, 2016 4:17:37 AM okhttp3.mockwebserver.MockWebServer$4 processOneRequest
INFO: MockWebServer[39339] received request: POST / HTTP/1.1 and responded: HTTP/1.1 200 OK
Aug 19, 2016 4:17:37 AM okhttp3.mockwebserver.MockWebServer$4 processOneRequest
INFO: MockWebServer[39339] received request: POST / HTTP/1.1 and responded: HTTP/1.1 200 OK
Aug 19, 2016 4:17:37 AM okhttp3.mockwebserver.MockWebServer$4 processOneRequest
INFO: MockWebServer[39339] received request: POST / HTTP/1.1 and responded: HTTP/1.1 200 OK
Aug 19, 2016 4:17:37 AM okhttp3.mockwebserver.MockWebServer$4 processOneRequest
INFO: MockWebServer[39339] received request: POST / HTTP/1.1 and responded: HTTP/1.1 200 OK
Aug 19, 2016 4:17:37 AM okhttp3.mockwebserver.MockWebServer$4 processOneRequest
INFO: MockWebServer[39339] received request: POST / HTTP/1.1 and responded: HTTP/1.1 200 OK
Aug 19, 2016 4:17:37 AM okhttp3.mockwebserver.MockWebServer$4 processOneRequest
INFO: MockWebServer[39339] received request: POST / HTTP/1.1 and responded: HTTP/1.1 200 OK
Aug 19, 2016 4:17:37 AM okhttp3.mockwebserver.MockWebServer$4 processOneRequest
INFO: MockWebServer[39339] received request: POST / HTTP/1.1 and responded: HTTP/1.1 200 OK
Aug 19, 2016 4:17:37 AM okhttp3.mockwebserver.MockWebServer$4 processOneRequest
INFO: MockWebServer[39339] received request: POST / HTTP/1.1 and responded: HTTP/1.1 200 OK
Aug 19, 2016 4:17:37 AM okhttp3.mockwebserver.MockWebServer$4 processOneRequest
INFO: MockWebServer[39339] received request: POST / HTTP/1.1 and responded: HTTP/1.1 200 OK
Aug 19, 2016 4:17:37 AM okhttp3.mockwebserver.MockWebServer$4 processOneRequest
INFO: MockWebServer[39339] received request: POST / HTTP/1.1 and responded: HTTP/1.1 200 OK
Aug 19, 2016 4:17:37 AM okhttp3.mockwebserver.MockWebServer$4 processOneRequest
INFO: MockWebServer[39339] received request: POST / HTTP/1.1 and responded: HTTP/1.1 200 OK
Aug 19, 2016 4:17:37 AM okhttp3.mockwebserver.MockWebServer$4 processOneRequest
INFO: MockWebServer[39339] received request: POST / HTTP/1.1 and responded: HTTP/1.1 200 OK
Aug 19, 2016 4:17:37 AM okhttp3.mockwebserver.MockWebServer$4 processOneRequest
INFO: MockWebServer[39339] received request: POST / HTTP/1.1 and responded: HTTP/1.1 200 OK
Aug 19, 2016 4:17:37 AM okhttp3.mockwebserver.MockWebServer$4 processOneRequest
INFO: MockWebServer[39339] received request: POST / HTTP/1.1 and responded: HTTP/1.1 200 OK
Aug 19, 2016 4:17:37 AM okhttp3.mockwebserver.MockWebServer$3 acceptConnections
INFO: MockWebServer[39339] done accepting connections: Socket closed
Aug 19, 2016 4:17:37 AM okhttp3.mockwebserver.MockWebServer$3 execute
INFO: MockWebServer[41661] starting to accept connections
Aug 19, 2016 4:17:37 AM okhttp3.mockwebserver.MockWebServer$3 acceptConnections
INFO: MockWebServer[41661] done accepting connections: Socket is closed
Tests run: 4, Failures: 0, Errors: 0, Skipped: 0, Time elapsed: 1.799 sec
Running retrofit2.converter.scalars.ScalarsConverterPrimitivesFactoryTest
Aug 19, 2016 4:17:37 AM okhttp3.mockwebserver.MockWebServer$3 execute
INFO: MockWebServer[38064] starting to accept connections
Aug 19, 2016 4:17:37 AM okhttp3.mockwebserver.MockWebServer$4 processOneRequest
INFO: MockWebServer[38064] received request: GET / HTTP/1.1 and responded: HTTP/1.1 200 OK
Aug 19, 2016 4:17:37 AM okhttp3.mockwebserver.MockWebServer$4 processOneRequest
INFO: MockWebServer[38064] received request: GET / HTTP/1.1 and responded: HTTP/1.1 200 OK
Aug 19, 2016 4:17:37 AM okhttp3.mockwebserver.MockWebServer$4 processOneRequest
INFO: MockWebServer[38064] received request: GET / HTTP/1.1 and responded: HTTP/1.1 200 OK
Aug 19, 2016 4:17:37 AM okhttp3.mockwebserver.MockWebServer$4 processOneRequest
INFO: MockWebServer[38064] received request: GET / HTTP/1.1 and responded: HTTP/1.1 200 OK
Aug 19, 2016 4:17:37 AM okhttp3.mockwebserver.MockWebServer$4 processOneRequest
INFO: MockWebServer[38064] received request: GET / HTTP/1.1 and responded: HTTP/1.1 200 OK
Aug 19, 2016 4:17:37 AM okhttp3.mockwebserver.MockWebServer$4 processOneRequest
INFO: MockWebServer[38064] received request: GET / HTTP/1.1 and responded: HTTP/1.1 200 OK
Aug 19, 2016 4:17:37 AM okhttp3.mockwebserver.MockWebServer$4 processOneRequest
INFO: MockWebServer[38064] received request: GET / HTTP/1.1 and responded: HTTP/1.1 200 OK
Aug 19, 2016 4:17:37 AM okhttp3.mockwebserver.MockWebServer$4 processOneRequest
INFO: MockWebServer[38064] received request: GET / HTTP/1.1 and responded: HTTP/1.1 200 OK
Aug 19, 2016 4:17:37 AM okhttp3.mockwebserver.MockWebServer$4 processOneRequest
INFO: MockWebServer[38064] received request: GET / HTTP/1.1 and responded: HTTP/1.1 200 OK
Aug 19, 2016 4:17:37 AM okhttp3.mockwebserver.MockWebServer$4 processOneRequest
INFO: MockWebServer[38064] received request: GET / HTTP/1.1 and responded: HTTP/1.1 200 OK
Aug 19, 2016 4:17:37 AM okhttp3.mockwebserver.MockWebServer$3 acceptConnections
INFO: MockWebServer[38064] done accepting connections: Socket closed
Tests run: 1, Failures: 0, Errors: 0, Skipped: 0, Time elapsed: 0.383 sec

Results :

Tests run: 5, Failures: 0, Errors: 0, Skipped: 0

[INFO] 
[INFO] --- animal-sniffer-maven-plugin:1.14:check (default) @ converter-scalars ---
[INFO] Checking unresolved references to org.codehaus.mojo.signature:java16:1.1
[INFO]                                                                         
[INFO] ------------------------------------------------------------------------
[INFO] Building Converter: Moshi 2.1.1-SNAPSHOT
[INFO] ------------------------------------------------------------------------
[INFO] 
[INFO] --- maven-enforcer-plugin:1.0:enforce (enforce-maven) @ converter-moshi ---
[INFO] 
[INFO] --- maven-resources-plugin:2.6:resources (default-resources) @ converter-moshi ---
[INFO] Using 'UTF-8' encoding to copy filtered resources.
[INFO] skip non existing resourceDirectory /home/travis/build/square/retrofit/retrofit-converters/moshi/src/main/resources
[INFO] 
[INFO] --- maven-compiler-plugin:3.0:compile (default-compile) @ converter-moshi ---
[INFO] Changes detected - recompiling the module!
[INFO] Compiling 3 source files to /home/travis/build/square/retrofit/retrofit-converters/moshi/target/classes
[INFO] 
[INFO] --- maven-resources-plugin:2.6:testResources (default-testResources) @ converter-moshi ---
[INFO] Using 'UTF-8' encoding to copy filtered resources.
[INFO] skip non existing resourceDirectory /home/travis/build/square/retrofit/retrofit-converters/moshi/src/test/resources
[INFO] 
[INFO] --- maven-compiler-plugin:3.0:testCompile (default-testCompile) @ converter-moshi ---
[INFO] Changes detected - recompiling the module!
[INFO] Compiling 1 source file to /home/travis/build/square/retrofit/retrofit-converters/moshi/target/test-classes
[INFO] 
[INFO] --- maven-surefire-plugin:2.12.4:test (default-test) @ converter-moshi ---
[INFO] Surefire report directory: /home/travis/build/square/retrofit/retrofit-converters/moshi/target/surefire-reports

-------------------------------------------------------
 T E S T S
-------------------------------------------------------
Running retrofit2.converter.moshi.MoshiConverterFactoryTest
Aug 19, 2016 4:17:39 AM okhttp3.mockwebserver.MockWebServer$3 execute
INFO: MockWebServer[60516] starting to accept connections
Aug 19, 2016 4:17:40 AM okhttp3.mockwebserver.MockWebServer$4 processOneRequest
INFO: MockWebServer[60516] received request: POST / HTTP/1.1 and responded: HTTP/1.1 200 OK
Aug 19, 2016 4:17:40 AM okhttp3.mockwebserver.MockWebServer$3 acceptConnections
INFO: MockWebServer[60516] done accepting connections: Socket closed
Aug 19, 2016 4:17:40 AM okhttp3.mockwebserver.MockWebServer$3 execute
INFO: MockWebServer[37579] starting to accept connections
Aug 19, 2016 4:17:40 AM okhttp3.mockwebserver.MockWebServer$3 acceptConnections
INFO: MockWebServer[37579] done accepting connections: Socket closed
Aug 19, 2016 4:17:40 AM okhttp3.mockwebserver.MockWebServer$4 processOneRequest
INFO: MockWebServer[37579] received request: POST / HTTP/1.1 and responded: HTTP/1.1 200 OK
Aug 19, 2016 4:17:40 AM okhttp3.mockwebserver.MockWebServer$3 execute
INFO: MockWebServer[50354] starting to accept connections
Aug 19, 2016 4:17:40 AM okhttp3.mockwebserver.MockWebServer$3 acceptConnections
INFO: MockWebServer[50354] done accepting connections: Socket closed
Aug 19, 2016 4:17:40 AM okhttp3.mockwebserver.MockWebServer$4 processOneRequest
INFO: MockWebServer[50354] received request: POST / HTTP/1.1 and responded: HTTP/1.1 200 OK
Aug 19, 2016 4:17:40 AM okhttp3.mockwebserver.MockWebServer$3 execute
INFO: MockWebServer[40357] starting to accept connections
Aug 19, 2016 4:17:40 AM okhttp3.mockwebserver.MockWebServer$3 acceptConnections
INFO: MockWebServer[40357] done accepting connections: Socket closed
Aug 19, 2016 4:17:40 AM okhttp3.mockwebserver.MockWebServer$4 processOneRequest
INFO: MockWebServer[40357] received request: POST / HTTP/1.1 and responded: HTTP/1.1 200 OK
Aug 19, 2016 4:17:40 AM okhttp3.mockwebserver.MockWebServer$3 execute
INFO: MockWebServer[55321] starting to accept connections
Aug 19, 2016 4:17:40 AM okhttp3.mockwebserver.MockWebServer$4 processOneRequest
INFO: MockWebServer[55321] received request: POST / HTTP/1.1 and responded: HTTP/1.1 200 OK
Aug 19, 2016 4:17:40 AM okhttp3.mockwebserver.MockWebServer$3 acceptConnections
INFO: MockWebServer[55321] done accepting connections: Socket closed
Aug 19, 2016 4:17:40 AM okhttp3.mockwebserver.MockWebServer$4 processOneRequest
INFO: MockWebServer[55321] received request: POST / HTTP/1.1 and responded: HTTP/1.1 200 OK
Aug 19, 2016 4:17:40 AM okhttp3.mockwebserver.MockWebServer$3 execute
INFO: MockWebServer[47970] starting to accept connections
Aug 19, 2016 4:17:40 AM okhttp3.mockwebserver.MockWebServer$3 acceptConnections
INFO: MockWebServer[47970] done accepting connections: Socket closed
Aug 19, 2016 4:17:40 AM okhttp3.mockwebserver.MockWebServer$4 processOneRequest
INFO: MockWebServer[47970] received request: POST / HTTP/1.1 and responded: HTTP/1.1 200 OK
Tests run: 6, Failures: 0, Errors: 0, Skipped: 0, Time elapsed: 1.521 sec

Results :

Tests run: 6, Failures: 0, Errors: 0, Skipped: 0

[INFO] 
[INFO] --- animal-sniffer-maven-plugin:1.14:check (default) @ converter-moshi ---
[INFO] Checking unresolved references to org.codehaus.mojo.signature:java16:1.1
[INFO]                                                                         
[INFO] ------------------------------------------------------------------------
[INFO] Building Retrofit Mock Adapter 2.1.1-SNAPSHOT
[INFO] ------------------------------------------------------------------------
[INFO] 
[INFO] --- maven-enforcer-plugin:1.0:enforce (enforce-maven) @ retrofit-mock ---
[INFO] 
[INFO] --- maven-resources-plugin:2.6:resources (default-resources) @ retrofit-mock ---
[INFO] Using 'UTF-8' encoding to copy filtered resources.
[INFO] skip non existing resourceDirectory /home/travis/build/square/retrofit/retrofit-mock/src/main/resources
[INFO] 
[INFO] --- maven-compiler-plugin:3.0:compile (default-compile) @ retrofit-mock ---
[INFO] Changes detected - recompiling the module!
[INFO] Compiling 5 source files to /home/travis/build/square/retrofit/retrofit-mock/target/classes
[INFO] 
[INFO] --- maven-resources-plugin:2.6:testResources (default-testResources) @ retrofit-mock ---
[INFO] Using 'UTF-8' encoding to copy filtered resources.
[INFO] skip non existing resourceDirectory /home/travis/build/square/retrofit/retrofit-mock/src/test/resources
[INFO] 
[INFO] --- maven-compiler-plugin:3.0:testCompile (default-testCompile) @ retrofit-mock ---
[INFO] Changes detected - recompiling the module!
[INFO] Compiling 3 source files to /home/travis/build/square/retrofit/retrofit-mock/target/test-classes
[INFO] 
[INFO] --- maven-surefire-plugin:2.12.4:test (default-test) @ retrofit-mock ---
[INFO] Surefire report directory: /home/travis/build/square/retrofit/retrofit-mock/target/surefire-reports

-------------------------------------------------------
 T E S T S
-------------------------------------------------------
Running retrofit2.mock.BehaviorDelegateTest
Tests run: 10, Failures: 0, Errors: 0, Skipped: 0, Time elapsed: 2.035 sec
Running retrofit2.mock.MockRetrofitTest
Tests run: 8, Failures: 0, Errors: 0, Skipped: 0, Time elapsed: 0.099 sec
Running retrofit2.mock.NetworkBehaviorTest
Tests run: 6, Failures: 0, Errors: 0, Skipped: 0, Time elapsed: 0.128 sec

Results :

Tests run: 24, Failures: 0, Errors: 0, Skipped: 0

[INFO] 
[INFO] --- animal-sniffer-maven-plugin:1.14:check (default) @ retrofit-mock ---
[INFO] Checking unresolved references to org.codehaus.mojo.signature:java16:1.1
[INFO]                                                                         
[INFO] ------------------------------------------------------------------------
[INFO] Building Samples 2.1.1-SNAPSHOT
[INFO] ------------------------------------------------------------------------
[INFO] 
[INFO] --- maven-enforcer-plugin:1.0:enforce (enforce-maven) @ samples ---
[INFO] 
[INFO] --- maven-resources-plugin:2.6:resources (default-resources) @ samples ---
[INFO] Using 'UTF-8' encoding to copy filtered resources.
[INFO] skip non existing resourceDirectory /home/travis/build/square/retrofit/samples/src/main/resources
[INFO] 
[INFO] --- maven-compiler-plugin:3.0:compile (default-compile) @ samples ---
[INFO] Changes detected - recompiling the module!
[INFO] Compiling 9 source files to /home/travis/build/square/retrofit/samples/target/classes
[INFO] 
[INFO] --- maven-resources-plugin:2.6:testResources (default-testResources) @ samples ---
[INFO] Using 'UTF-8' encoding to copy filtered resources.
[INFO] skip non existing resourceDirectory /home/travis/build/square/retrofit/samples/src/test/resources
[INFO] 
[INFO] --- maven-compiler-plugin:3.0:testCompile (default-testCompile) @ samples ---
[INFO] No sources to compile
[INFO] 
[INFO] --- maven-surefire-plugin:2.12.4:test (default-test) @ samples ---
[INFO] No tests to run.
[INFO] 
[INFO] --- animal-sniffer-maven-plugin:1.14:check (default) @ samples ---
[INFO] Checking unresolved references to org.codehaus.mojo.signature:java16:1.1
[INFO] ------------------------------------------------------------------------
[INFO] Reactor Summary:
[INFO] 
[INFO] Retrofit (Parent) .................................. SUCCESS [  2.487 s]
[INFO] Retrofit ........................................... SUCCESS [ 30.941 s]
[INFO] Adapters ........................................... SUCCESS [  0.384 s]
[INFO] Adapter: Guava ..................................... SUCCESS [  2.315 s]
[INFO] Adapter: Java 8 .................................... SUCCESS [  3.255 s]
[INFO] Adapter: RxJava .................................... SUCCESS [  3.379 s]
[INFO] Converters ......................................... SUCCESS [  0.165 s]
[INFO] Converter: Gson .................................... SUCCESS [  1.385 s]
[INFO] Converter: Protocol Buffers ........................ SUCCESS [  2.181 s]
[INFO] Converter: Jackson ................................. SUCCESS [  1.996 s]
[INFO] Converter: Wire Protocol Buffers ................... SUCCESS [  1.965 s]
[INFO] Converter: SimpleXML ............................... SUCCESS [  2.627 s]
[INFO] Converter: Java Scalars ............................ SUCCESS [  3.938 s]
[INFO] Converter: Moshi ................................... SUCCESS [  2.572 s]
[INFO] Retrofit Mock Adapter .............................. SUCCESS [  3.918 s]
[INFO] Samples ............................................ SUCCESS [  1.365 s]
[INFO] ------------------------------------------------------------------------
[INFO] BUILD SUCCESS
[INFO] ------------------------------------------------------------------------
[INFO] Total time: 01:05 min
[INFO] Finished at: 2016-08-19T04:17:46+00:00
[INFO] Final Memory: 39M/308M
[INFO] ------------------------------------------------------------------------

travis_time:end:127e4740:start=1471580199201289460,finish=1471580272099167701,duration=72897878241[0K
[32;1mThe command "mvn test -B" exited with 0.[0m
travis_fold:start:cache.2[0Kstore build cache
travis_time:start:024f980b[0K
travis_time:end:024f980b:start=1471580272103504256,finish=1471580272107324905,duration=3820649[0Ktravis_time:start:0c676ea0[0K[32;1mchange detected (content changed, file is created, or file is deleted):
/home/travis/.m2/repository/com/squareup/retrofit2/adapter-guava/2.1.1-SNAPSHOT/adapter-guava-2.1.1-SNAPSHOT.jar
/home/travis/.m2/repository/com/squareup/retrofit2/adapter-guava/2.1.1-SNAPSHOT/maven-metadata-local.xml
/home/travis/.m2/repository/com/squareup/retrofit2/adapter-guava/2.1.1-SNAPSHOT/_remote.repositories
/home/travis/.m2/repository/com/squareup/retrofit2/adapter-guava/maven-metadata-local.xml
/home/travis/.m2/repository/com/squareup/retrofit2/adapter-java8/2.1.1-SNAPSHOT/adapter-java8-2.1.1-SNAPSHOT.jar
/home/travis/.m2/repository/com/squareup/retrofit2/adapter-java8/2.1.1-SNAPSHOT/maven-metadata-local.xml
/home/travis/.m2/repository/com/squareup/retrofit2/adapter-java8/2.1.1-SNAPSHOT/_remote.repositories
/home/travis/.m2/repository/com/squareup/retrofit2/adapter-java8/maven-metadata-local.xml
/home/travis/.m2/repository/com/squareup/retrofit2/adapter-rxjava/2.1.1-SNAPSHOT/adapter-rxjava-2.1.1-SNAPSHOT.jar
/home/travis/.m2/repository/com/squareup/retrofit2/adapter-rxjava/2.
[0m
[32;1m...
[0m
[32;1mchanges detected, packing new archive[0m
.
[32;1muploading archive[0m

travis_time:end:0c676ea0:start=1471580272112030912,finish=1471580280732755088,duration=8620724176[0Ktravis_fold:end:cache.2[0Ktravis_fold:start:after_success[0Ktravis_time:start:03e4bb2f[0K$ .buildscript/deploy_snapshot.sh
Skipping snapshot deployment: wrong branch. Expected 'master' but was 'jw/rex'.

travis_time:end:03e4bb2f:start=1471580280736958411,finish=1471580280741713211,duration=4754800[0Ktravis_fold:end:after_success[0K
Done. Your build exited with 0.
