Using worker: worker-linux-docker-780d3776.prod.travis-ci.org:travis-linux-15

travis_fold:start:system_info[0K[33;1mBuild system information[0m
Build language: java
Build group: stable
Build dist: precise
Build id: 153869459
Job id: 153869460
travis-build version: 466baf6ac
[34m[1mBuild image provisioning date and time[0m
Thu Feb  5 15:09:33 UTC 2015
[34m[1mOperating System Details[0m
Distributor ID:	Ubuntu
Description:	Ubuntu 12.04.5 LTS
Release:	12.04
Codename:	precise
[34m[1mLinux Version[0m
3.13.0-29-generic
[34m[1mCookbooks Version[0m
a68419e https://github.com/travis-ci/travis-cookbooks/tree/a68419e
[34m[1mGCC version[0m
gcc (Ubuntu/Linaro 4.6.3-1ubuntu5) 4.6.3
Copyright (C) 2011 Free Software Foundation, Inc.
This is free software; see the source for copying conditions.  There is NO
warranty; not even for MERCHANTABILITY or FITNESS FOR A PARTICULAR PURPOSE.

[34m[1mLLVM version[0m
clang version 3.4 (tags/RELEASE_34/final)
Target: x86_64-unknown-linux-gnu
Thread model: posix
[34m[1mPre-installed Ruby versions[0m
ruby-1.9.3-p551
[34m[1mPre-installed Node.js versions[0m
v0.10.36
[34m[1mPre-installed Go versions[0m
1.4.1
[34m[1mRedis version[0m
redis-server 2.8.19
[34m[1mriak version[0m
2.0.2
[34m[1mMongoDB version[0m
MongoDB 2.4.12
[34m[1mCouchDB version[0m
couchdb 1.6.1
[34m[1mNeo4j version[0m
1.9.4
[34m[1mRabbitMQ Version[0m
3.4.3
[34m[1mElasticSearch version[0m
1.4.0
[34m[1mInstalled Sphinx versions[0m
2.0.10
2.1.9
2.2.6
[34m[1mDefault Sphinx version[0m
2.2.6
[34m[1mInstalled Firefox version[0m
firefox 31.0esr
[34m[1mPhantomJS version[0m
1.9.8
[34m[1mant -version[0m
Apache Ant(TM) version 1.8.2 compiled on December 3 2011
[34m[1mmvn -version[0m
Apache Maven 3.2.5 (12a6b3acb947671f09b81f49094c53f426d8cea1; 2014-12-14T17:29:23+00:00)
Maven home: /usr/local/maven
Java version: 1.7.0_76, vendor: Oracle Corporation
Java home: /usr/lib/jvm/java-7-oracle/jre
Default locale: en_US, platform encoding: ANSI_X3.4-1968
OS name: "linux", version: "3.13.0-29-generic", arch: "amd64", family: "unix"
travis_fold:end:system_info[0K
travis_fold:start:fix.CVE-2015-7547[0K$ export DEBIAN_FRONTEND=noninteractive
W: Size of file /var/lib/apt/lists/us.archive.ubuntu.com_ubuntu_dists_precise-backports_multiverse_source_Sources.gz is not what the server reported 5886 5888
W: Size of file /var/lib/apt/lists/ppa.launchpad.net_ubuntugis_ppa_ubuntu_dists_precise_main_binary-amd64_Packages.gz is not what the server reported 33653 36677
W: Size of file /var/lib/apt/lists/ppa.launchpad.net_ubuntugis_ppa_ubuntu_dists_precise_main_binary-i386_Packages.gz is not what the server reported 33699 36733
Reading package lists...
Building dependency tree...
Reading state information...
The following extra packages will be installed:
  libc-bin libc-dev-bin libc6-dev
Suggested packages:
  glibc-doc
The following packages will be upgraded:
  libc-bin libc-dev-bin libc6 libc6-dev
4 upgraded, 0 newly installed, 0 to remove and 256 not upgraded.
Need to get 8,840 kB of archives.
After this operation, 14.3 kB disk space will be freed.
Get:1 http://us.archive.ubuntu.com/ubuntu/ precise-updates/main libc6-dev amd64 2.15-0ubuntu10.15 [2,943 kB]
Get:2 http://us.archive.ubuntu.com/ubuntu/ precise-updates/main libc-dev-bin amd64 2.15-0ubuntu10.15 [84.7 kB]
Get:3 http://us.archive.ubuntu.com/ubuntu/ precise-updates/main libc-bin amd64 2.15-0ubuntu10.15 [1,177 kB]
Get:4 http://us.archive.ubuntu.com/ubuntu/ precise-updates/main libc6 amd64 2.15-0ubuntu10.15 [4,636 kB]
Fetched 8,840 kB in 0s (32.7 MB/s)
Preconfiguring packages ...
(Reading database ... (Reading database ... 5%(Reading database ... 10%(Reading database ... 15%(Reading database ... 20%(Reading database ... 25%(Reading database ... 30%(Reading database ... 35%(Reading database ... 40%(Reading database ... 45%(Reading database ... 50%(Reading database ... 55%(Reading database ... 60%(Reading database ... 65%(Reading database ... 70%(Reading database ... 75%(Reading database ... 80%(Reading database ... 85%(Reading database ... 90%(Reading database ... 95%(Reading database ... 100%(Reading database ... 72019 files and directories currently installed.)
Preparing to replace libc6-dev 2.15-0ubuntu10.10 (using .../libc6-dev_2.15-0ubuntu10.15_amd64.deb) ...
Unpacking replacement libc6-dev ...
Preparing to replace libc-dev-bin 2.15-0ubuntu10.10 (using .../libc-dev-bin_2.15-0ubuntu10.15_amd64.deb) ...
Unpacking replacement libc-dev-bin ...
Preparing to replace libc-bin 2.15-0ubuntu10.10 (using .../libc-bin_2.15-0ubuntu10.15_amd64.deb) ...
Unpacking replacement libc-bin ...
Processing triggers for man-db ...
Setting up libc-bin (2.15-0ubuntu10.15) ...
(Reading database ... (Reading database ... 5%(Reading database ... 10%(Reading database ... 15%(Reading database ... 20%(Reading database ... 25%(Reading database ... 30%(Reading database ... 35%(Reading database ... 40%(Reading database ... 45%(Reading database ... 50%(Reading database ... 55%(Reading database ... 60%(Reading database ... 65%(Reading database ... 70%(Reading database ... 75%(Reading database ... 80%(Reading database ... 85%(Reading database ... 90%(Reading database ... 95%(Reading database ... 100%(Reading database ... 72018 files and directories currently installed.)
Preparing to replace libc6 2.15-0ubuntu10.10 (using .../libc6_2.15-0ubuntu10.15_amd64.deb) ...
Unpacking replacement libc6 ...
Setting up libc6 (2.15-0ubuntu10.15) ...
Setting up libc-dev-bin (2.15-0ubuntu10.15) ...
Setting up libc6-dev (2.15-0ubuntu10.15) ...
Processing triggers for libc-bin ...
ldconfig deferred processing now taking place
travis_fold:end:fix.CVE-2015-7547[0Ktravis_fold:start:git.checkout[0Ktravis_time:start:0223b0c0[0K$ git clone --depth=50 https://github.com/square/retrofit.git square/retrofit
Cloning into 'square/retrofit'...
remote: Counting objects: 1138, done.[K
remote: Compressing objects:   0% (1/655)   [Kremote: Compressing objects:   1% (7/655)   [Kremote: Compressing objects:   2% (14/655)   [Kremote: Compressing objects:   3% (20/655)   [Kremote: Compressing objects:   4% (27/655)   [Kremote: Compressing objects:   5% (33/655)   [Kremote: Compressing objects:   6% (40/655)   [Kremote: Compressing objects:   7% (46/655)   [Kremote: Compressing objects:   8% (53/655)   [Kremote: Compressing objects:   9% (59/655)   [Kremote: Compressing objects:  10% (66/655)   [Kremote: Compressing objects:  11% (73/655)   [Kremote: Compressing objects:  12% (79/655)   [Kremote: Compressing objects:  13% (86/655)   [Kremote: Compressing objects:  14% (92/655)   [Kremote: Compressing objects:  15% (99/655)   [Kremote: Compressing objects:  16% (105/655)   [Kremote: Compressing objects:  17% (112/655)   [Kremote: Compressing objects:  18% (118/655)   [Kremote: Compressing objects:  19% (125/655)   [Kremote: Compressing objects:  20% (131/655)   [Kremote: Compressing objects:  21% (138/655)   [Kremote: Compressing objects:  22% (145/655)   [Kremote: Compressing objects:  23% (151/655)   [Kremote: Compressing objects:  24% (158/655)   [Kremote: Compressing objects:  25% (164/655)   [Kremote: Compressing objects:  26% (171/655)   [Kremote: Compressing objects:  27% (177/655)   [Kremote: Compressing objects:  28% (184/655)   [Kremote: Compressing objects:  29% (190/655)   [Kremote: Compressing objects:  30% (197/655)   [Kremote: Compressing objects:  31% (204/655)   [Kremote: Compressing objects:  32% (210/655)   [Kremote: Compressing objects:  33% (217/655)   [Kremote: Compressing objects:  34% (223/655)   [Kremote: Compressing objects:  35% (230/655)   [Kremote: Compressing objects:  36% (236/655)   [Kremote: Compressing objects:  37% (243/655)   [Kremote: Compressing objects:  38% (249/655)   [Kremote: Compressing objects:  39% (256/655)   [Kremote: Compressing objects:  40% (262/655)   [Kremote: Compressing objects:  41% (269/655)   [Kremote: Compressing objects:  42% (276/655)   [Kremote: Compressing objects:  43% (282/655)   [Kremote: Compressing objects:  44% (289/655)   [Kremote: Compressing objects:  45% (295/655)   [Kremote: Compressing objects:  46% (302/655)   [Kremote: Compressing objects:  47% (308/655)   [Kremote: Compressing objects:  48% (315/655)   [Kremote: Compressing objects:  49% (321/655)   [Kremote: Compressing objects:  50% (328/655)   [Kremote: Compressing objects:  51% (335/655)   [Kremote: Compressing objects:  52% (341/655)   [Kremote: Compressing objects:  53% (348/655)   [Kremote: Compressing objects:  54% (354/655)   [Kremote: Compressing objects:  55% (361/655)   [Kremote: Compressing objects:  56% (367/655)   [Kremote: Compressing objects:  57% (374/655)   [Kremote: Compressing objects:  58% (380/655)   [Kremote: Compressing objects:  59% (387/655)   [Kremote: Compressing objects:  60% (393/655)   [Kremote: Compressing objects:  61% (400/655)   [Kremote: Compressing objects:  62% (407/655)   [Kremote: Compressing objects:  63% (413/655)   [Kremote: Compressing objects:  64% (420/655)   [Kremote: Compressing objects:  65% (426/655)   [Kremote: Compressing objects:  66% (433/655)   [Kremote: Compressing objects:  67% (439/655)   [Kremote: Compressing objects:  68% (446/655)   [Kremote: Compressing objects:  69% (452/655)   [Kremote: Compressing objects:  70% (459/655)   [Kremote: Compressing objects:  71% (466/655)   [Kremote: Compressing objects:  72% (472/655)   [Kremote: Compressing objects:  73% (479/655)   [Kremote: Compressing objects:  74% (485/655)   [Kremote: Compressing objects:  75% (492/655)   [Kremote: Compressing objects:  76% (498/655)   [Kremote: Compressing objects:  77% (505/655)   [Kremote: Compressing objects:  78% (511/655)   [Kremote: Compressing objects:  79% (518/655)   [Kremote: Compressing objects:  80% (524/655)   [Kremote: Compressing objects:  81% (531/655)   [Kremote: Compressing objects:  82% (538/655)   [Kremote: Compressing objects:  83% (544/655)   [Kremote: Compressing objects:  84% (551/655)   [Kremote: Compressing objects:  85% (557/655)   [Kremote: Compressing objects:  86% (564/655)   [Kremote: Compressing objects:  87% (570/655)   [Kremote: Compressing objects:  88% (577/655)   [Kremote: Compressing objects:  89% (583/655)   [Kremote: Compressing objects:  90% (590/655)   [Kremote: Compressing objects:  91% (597/655)   [Kremote: Compressing objects:  92% (603/655)   [Kremote: Compressing objects:  93% (610/655)   [Kremote: Compressing objects:  94% (616/655)   [Kremote: Compressing objects:  95% (623/655)   [Kremote: Compressing objects:  96% (629/655)   [Kremote: Compressing objects:  97% (636/655)   [Kremote: Compressing objects:  98% (642/655)   [Kremote: Compressing objects:  99% (649/655)   [Kremote: Compressing objects: 100% (655/655)   [Kremote: Compressing objects: 100% (655/655), done.[K
Receiving objects:   0% (1/1138)   Receiving objects:   1% (12/1138)   Receiving objects:   2% (23/1138)   Receiving objects:   3% (35/1138)   Receiving objects:   4% (46/1138)   Receiving objects:   5% (57/1138)   Receiving objects:   6% (69/1138)   Receiving objects:   7% (80/1138)   Receiving objects:   8% (92/1138)   Receiving objects:   9% (103/1138)   Receiving objects:  10% (114/1138)   Receiving objects:  11% (126/1138)   Receiving objects:  12% (137/1138)   Receiving objects:  13% (148/1138)   Receiving objects:  14% (160/1138)   Receiving objects:  15% (171/1138)   Receiving objects:  16% (183/1138)   Receiving objects:  17% (194/1138)   Receiving objects:  18% (205/1138)   Receiving objects:  19% (217/1138)   Receiving objects:  20% (228/1138)   Receiving objects:  21% (239/1138)   Receiving objects:  22% (251/1138)   Receiving objects:  23% (262/1138)   Receiving objects:  24% (274/1138)   Receiving objects:  25% (285/1138)   Receiving objects:  26% (296/1138)   Receiving objects:  27% (308/1138)   Receiving objects:  28% (319/1138)   Receiving objects:  29% (331/1138)   Receiving objects:  30% (342/1138)   Receiving objects:  31% (353/1138)   Receiving objects:  32% (365/1138)   Receiving objects:  33% (376/1138)   Receiving objects:  34% (387/1138)   Receiving objects:  35% (399/1138)   Receiving objects:  36% (410/1138)   Receiving objects:  37% (422/1138)   Receiving objects:  38% (433/1138)   Receiving objects:  39% (444/1138)   Receiving objects:  40% (456/1138)   Receiving objects:  41% (467/1138)   remote: Total 1138 (delta 420), reused 877 (delta 212), pack-reused 0[K
Receiving objects:  42% (478/1138)   Receiving objects:  43% (490/1138)   Receiving objects:  44% (501/1138)   Receiving objects:  45% (513/1138)   Receiving objects:  46% (524/1138)   Receiving objects:  47% (535/1138)   Receiving objects:  48% (547/1138)   Receiving objects:  49% (558/1138)   Receiving objects:  50% (569/1138)   Receiving objects:  51% (581/1138)   Receiving objects:  52% (592/1138)   Receiving objects:  53% (604/1138)   Receiving objects:  54% (615/1138)   Receiving objects:  55% (626/1138)   Receiving objects:  56% (638/1138)   Receiving objects:  57% (649/1138)   Receiving objects:  58% (661/1138)   Receiving objects:  59% (672/1138)   Receiving objects:  60% (683/1138)   Receiving objects:  61% (695/1138)   Receiving objects:  62% (706/1138)   Receiving objects:  63% (717/1138)   Receiving objects:  64% (729/1138)   Receiving objects:  65% (740/1138)   Receiving objects:  66% (752/1138)   Receiving objects:  67% (763/1138)   Receiving objects:  68% (774/1138)   Receiving objects:  69% (786/1138)   Receiving objects:  70% (797/1138)   Receiving objects:  71% (808/1138)   Receiving objects:  72% (820/1138)   Receiving objects:  73% (831/1138)   Receiving objects:  74% (843/1138)   Receiving objects:  75% (854/1138)   Receiving objects:  76% (865/1138)   Receiving objects:  77% (877/1138)   Receiving objects:  78% (888/1138)   Receiving objects:  79% (900/1138)   Receiving objects:  80% (911/1138)   Receiving objects:  81% (922/1138)   Receiving objects:  82% (934/1138)   Receiving objects:  83% (945/1138)   Receiving objects:  84% (956/1138)   Receiving objects:  85% (968/1138)   Receiving objects:  86% (979/1138)   Receiving objects:  87% (991/1138)   Receiving objects:  88% (1002/1138)   Receiving objects:  89% (1013/1138)   Receiving objects:  90% (1025/1138)   Receiving objects:  91% (1036/1138)   Receiving objects:  92% (1047/1138)   Receiving objects:  93% (1059/1138)   Receiving objects:  94% (1070/1138)   Receiving objects:  95% (1082/1138)   Receiving objects:  96% (1093/1138)   Receiving objects:  97% (1104/1138)   Receiving objects:  98% (1116/1138)   Receiving objects:  99% (1127/1138)   Receiving objects: 100% (1138/1138)   Receiving objects: 100% (1138/1138), 313.79 KiB | 0 bytes/s, done.
Resolving deltas:   0% (0/420)   Resolving deltas:   5% (21/420)   Resolving deltas:   6% (27/420)   Resolving deltas:   7% (31/420)   Resolving deltas:  14% (61/420)   Resolving deltas:  25% (107/420)   Resolving deltas:  36% (153/420)   Resolving deltas:  37% (156/420)   Resolving deltas:  38% (161/420)   Resolving deltas:  39% (167/420)   Resolving deltas:  40% (168/420)   Resolving deltas:  41% (174/420)   Resolving deltas:  42% (177/420)   Resolving deltas:  43% (184/420)   Resolving deltas:  45% (193/420)   Resolving deltas:  47% (201/420)   Resolving deltas:  49% (209/420)   Resolving deltas:  50% (210/420)   Resolving deltas:  51% (216/420)   Resolving deltas:  53% (226/420)   Resolving deltas:  54% (230/420)   Resolving deltas:  55% (232/420)   Resolving deltas:  56% (238/420)   Resolving deltas:  57% (240/420)   Resolving deltas:  58% (244/420)   Resolving deltas:  59% (248/420)   Resolving deltas:  61% (259/420)   Resolving deltas:  62% (261/420)   Resolving deltas:  63% (266/420)   Resolving deltas:  64% (270/420)   Resolving deltas:  65% (274/420)   Resolving deltas:  66% (280/420)   Resolving deltas:  69% (293/420)   Resolving deltas:  74% (312/420)   Resolving deltas:  75% (315/420)   Resolving deltas:  76% (320/420)   Resolving deltas:  79% (333/420)   Resolving deltas:  81% (341/420)   Resolving deltas:  82% (346/420)   Resolving deltas:  83% (352/420)   Resolving deltas:  84% (353/420)   Resolving deltas:  85% (357/420)   Resolving deltas:  89% (376/420)   Resolving deltas:  90% (378/420)   Resolving deltas:  94% (395/420)   Resolving deltas:  98% (412/420)   Resolving deltas: 100% (420/420)   Resolving deltas: 100% (420/420), done.
Checking connectivity... done.

travis_time:end:0223b0c0:start=1471742523670187739,finish=1471742525999903009,duration=2329715270[0K$ cd square/retrofit
travis_time:start:11bd273c[0K$ git fetch origin +refs/pull/1984/merge:
remote: Counting objects: 18, done.[K
remote: Compressing objects:  14% (1/7)   [Kremote: Compressing objects:  28% (2/7)   [Kremote: Compressing objects:  42% (3/7)   [Kremote: Compressing objects:  57% (4/7)   [Kremote: Compressing objects:  71% (5/7)   [Kremote: Compressing objects:  85% (6/7)   [Kremote: Compressing objects: 100% (7/7)   [Kremote: Compressing objects: 100% (7/7), done.[K
remote: Total 18 (delta 5), reused 17 (delta 5), pack-reused 0[K
Unpacking objects:   5% (1/18)   Unpacking objects:  11% (2/18)   Unpacking objects:  16% (3/18)   Unpacking objects:  22% (4/18)   Unpacking objects:  27% (5/18)   Unpacking objects:  33% (6/18)   Unpacking objects:  38% (7/18)   Unpacking objects:  44% (8/18)   Unpacking objects:  50% (9/18)   Unpacking objects:  55% (10/18)   Unpacking objects:  61% (11/18)   Unpacking objects:  66% (12/18)   Unpacking objects:  72% (13/18)   Unpacking objects:  77% (14/18)   Unpacking objects:  83% (15/18)   Unpacking objects:  88% (16/18)   Unpacking objects:  94% (17/18)   Unpacking objects: 100% (18/18)   Unpacking objects: 100% (18/18), done.
From https://github.com/square/retrofit
 * branch            refs/pull/1984/merge -> FETCH_HEAD

travis_time:end:11bd273c:start=1471742526003572808,finish=1471742526713248981,duration=709676173[0K$ git checkout -qf FETCH_HEAD
travis_fold:end:git.checkout[0K
[33;1mThis job is running on container-based infrastructure, which does not allow use of 'sudo', setuid and setguid executables.[0m
[33;1mIf you require sudo, add 'sudo: required' to your .travis.yml[0m
[33;1mSee https://docs.travis-ci.com/user/workers/container-based-infrastructure/ for details.[0m

[33;1mSetting environment variables from .travis.yml[0m
$ export CI_DEPLOY_USERNAME=[secure]
$ export CI_DEPLOY_PASSWORD=[secure]

$ jdk_switcher use oraclejdk8
Switching to Oracle JDK8 (java-8-oracle), JAVA_HOME will be set to /usr/lib/jvm/java-8-oracle
travis_fold:start:cache.1[0KSetting up build cache
$ export CASHER_DIR=$HOME/.casher
travis_time:start:18c775aa[0K$ Installing caching utilities

travis_time:end:18c775aa:start=1471742528488822935,finish=1471742528540763473,duration=51940538[0Ktravis_time:start:1ae6226c[0K
travis_time:end:1ae6226c:start=1471742528545149748,finish=1471742528548130303,duration=2980555[0Ktravis_time:start:0781897d[0K[32;1mattempting to download cache archive[0m
[32;1mfetching PR.1984/cache-linux-precise-e3b0c44298fc1c149afbf4c8996fb92427ae41e4649b934ca495991b7852b855--jdk-oraclejdk8.tgz[0m
[32;1mfetching PR.1984/cache--jdk-oraclejdk8.tgz[0m
[32;1mfetching master/cache-linux-precise-e3b0c44298fc1c149afbf4c8996fb92427ae41e4649b934ca495991b7852b855--jdk-oraclejdk8.tgz[0m
[32;1mfound cache[0m

travis_time:end:0781897d:start=1471742528551609234,finish=1471742530193935966,duration=1642326732[0Ktravis_time:start:2a6ce946[0K
travis_time:end:2a6ce946:start=1471742530197515547,finish=1471742530200613077,duration=3097530[0Ktravis_time:start:144f3510[0K[32;1madding /home/travis/.m2 to cache[0m

travis_time:end:144f3510:start=1471742530204131093,finish=1471742532831210328,duration=2627079235[0Ktravis_fold:end:cache.1[0K$ java -Xmx32m -version
java version "1.8.0_31"
Java(TM) SE Runtime Environment (build 1.8.0_31-b13)
Java HotSpot(TM) 64-Bit Server VM (build 25.31-b07, mixed mode)
$ javac -J-Xmx32m -version
javac 1.8.0_31
travis_fold:start:install[0Ktravis_time:start:2ed0d670[0K$ mvn install -DskipTests=true -Dmaven.javadoc.skip=true -B -V
Java HotSpot(TM) 64-Bit Server VM warning: ignoring option MaxPermSize=192m; support was removed in 8.0
Apache Maven 3.2.5 (12a6b3acb947671f09b81f49094c53f426d8cea1; 2014-12-14T17:29:23+00:00)
Maven home: /usr/local/maven
Java version: 1.8.0_31, vendor: Oracle Corporation
Java home: /usr/lib/jvm/java-8-oracle/jre
Default locale: en_US, platform encoding: UTF-8
OS name: "linux", version: "3.13.0-40-generic", arch: "amd64", family: "unix"
[INFO] Scanning for projects...
[WARNING] 
[WARNING] Some problems were encountered while building the effective model for com.squareup.retrofit2:samples:jar:2.1.1-SNAPSHOT
[WARNING] 'build.plugins.plugin.version' for org.apache.maven.plugins:maven-deploy-plugin is missing. @ com.squareup.retrofit2:samples:[unknown-version], /home/travis/build/square/retrofit/samples/pom.xml, line 55, column 15
[WARNING] 
[WARNING] It is highly recommended to fix these problems because they threaten the stability of your build.
[WARNING] 
[WARNING] For this reason, future Maven versions might no longer support building such malformed projects.
[WARNING] 
[INFO] ------------------------------------------------------------------------
[INFO] Reactor Build Order:
[INFO] 
[INFO] Retrofit (Parent)
[INFO] Retrofit
[INFO] Adapters
[INFO] Adapter: Guava
[INFO] Adapter: Java 8
[INFO] Adapter: RxJava
[INFO] Converters
[INFO] Converter: Gson
[INFO] Converter: Protocol Buffers
[INFO] Converter: Jackson
[INFO] Converter: Wire Protocol Buffers
[INFO] Converter: SimpleXML
[INFO] Converter: Java Scalars
[INFO] Converter: Moshi
[INFO] Retrofit Mock Adapter
[INFO] Samples
[INFO]                                                                         
[INFO] ------------------------------------------------------------------------
[INFO] Building Retrofit (Parent) 2.1.1-SNAPSHOT
[INFO] ------------------------------------------------------------------------
[INFO] 
[INFO] --- maven-enforcer-plugin:1.0:enforce (enforce-maven) @ parent ---
[INFO] 
[INFO] --- animal-sniffer-maven-plugin:1.14:check (default) @ parent ---
[INFO] Checking unresolved references to org.codehaus.mojo.signature:java16:1.1
[INFO] 
[INFO] --- maven-javadoc-plugin:2.10.3:jar (attach-javadocs) @ parent ---
[INFO] Skipping javadoc generation
[INFO] 
[INFO] --- maven-checkstyle-plugin:2.15:checkstyle (default) @ parent ---
[INFO] 
[INFO] --- maven-install-plugin:2.4:install (default-install) @ parent ---
[INFO] Installing /home/travis/build/square/retrofit/pom.xml to /home/travis/.m2/repository/com/squareup/retrofit2/parent/2.1.1-SNAPSHOT/parent-2.1.1-SNAPSHOT.pom
[INFO]                                                                         
[INFO] ------------------------------------------------------------------------
[INFO] Building Retrofit 2.1.1-SNAPSHOT
[INFO] ------------------------------------------------------------------------
[INFO] 
[INFO] --- maven-enforcer-plugin:1.0:enforce (enforce-maven) @ retrofit ---
[INFO] 
[INFO] --- maven-resources-plugin:2.6:resources (default-resources) @ retrofit ---
[INFO] Using 'UTF-8' encoding to copy filtered resources.
[INFO] skip non existing resourceDirectory /home/travis/build/square/retrofit/retrofit/src/main/resources
[INFO] 
[INFO] --- maven-compiler-plugin:3.0:compile (default-compile) @ retrofit ---
[INFO] Changes detected - recompiling the module!
[INFO] Compiling 40 source files to /home/travis/build/square/retrofit/retrofit/target/classes
[WARNING] /home/travis/build/square/retrofit/retrofit/src/main/java/retrofit2/Retrofit.java: Some input files use unchecked or unsafe operations.
[WARNING] /home/travis/build/square/retrofit/retrofit/src/main/java/retrofit2/Retrofit.java: Recompile with -Xlint:unchecked for details.
[INFO] 
[INFO] --- maven-resources-plugin:2.6:testResources (default-testResources) @ retrofit ---
[INFO] Using 'UTF-8' encoding to copy filtered resources.
[INFO] skip non existing resourceDirectory /home/travis/build/square/retrofit/retrofit/src/test/resources
[INFO] 
[INFO] --- maven-compiler-plugin:3.0:testCompile (default-testCompile) @ retrofit ---
[INFO] Changes detected - recompiling the module!
[INFO] Compiling 14 source files to /home/travis/build/square/retrofit/retrofit/target/test-classes
[WARNING] /home/travis/build/square/retrofit/retrofit/src/test/java/retrofit2/RetrofitTest.java: /home/travis/build/square/retrofit/retrofit/src/test/java/retrofit2/RetrofitTest.java uses unchecked or unsafe operations.
[WARNING] /home/travis/build/square/retrofit/retrofit/src/test/java/retrofit2/RetrofitTest.java: Recompile with -Xlint:unchecked for details.
[INFO] 
[INFO] --- maven-surefire-plugin:2.12.4:test (default-test) @ retrofit ---
[INFO] Tests are skipped.
[INFO] 
[INFO] --- animal-sniffer-maven-plugin:1.14:check (default) @ retrofit ---
[INFO] Checking unresolved references to org.codehaus.mojo.signature:java16:1.1
[INFO] 
[INFO] --- maven-jar-plugin:2.4:jar (default-jar) @ retrofit ---
[INFO] Building jar: /home/travis/build/square/retrofit/retrofit/target/retrofit-2.1.1-SNAPSHOT.jar
[INFO] 
[INFO] --- maven-javadoc-plugin:2.10.3:jar (attach-javadocs) @ retrofit ---
[INFO] Skipping javadoc generation
[INFO] 
[INFO] --- maven-checkstyle-plugin:2.15:checkstyle (default) @ retrofit ---
[INFO] Starting audit...
Audit done.
[WARNING] Unable to locate Source XRef to link to - DISABLED
[INFO] 
[INFO] --- maven-install-plugin:2.4:install (default-install) @ retrofit ---
[INFO] Installing /home/travis/build/square/retrofit/retrofit/target/retrofit-2.1.1-SNAPSHOT.jar to /home/travis/.m2/repository/com/squareup/retrofit2/retrofit/2.1.1-SNAPSHOT/retrofit-2.1.1-SNAPSHOT.jar
[INFO] Installing /home/travis/build/square/retrofit/retrofit/pom.xml to /home/travis/.m2/repository/com/squareup/retrofit2/retrofit/2.1.1-SNAPSHOT/retrofit-2.1.1-SNAPSHOT.pom
[INFO]                                                                         
[INFO] ------------------------------------------------------------------------
[INFO] Building Adapters 2.1.1-SNAPSHOT
[INFO] ------------------------------------------------------------------------
[INFO] 
[INFO] --- maven-enforcer-plugin:1.0:enforce (enforce-maven) @ retrofit-adapters ---
[INFO] 
[INFO] --- animal-sniffer-maven-plugin:1.14:check (default) @ retrofit-adapters ---
[INFO] Checking unresolved references to org.codehaus.mojo.signature:java16:1.1
[INFO] 
[INFO] --- maven-javadoc-plugin:2.10.3:jar (attach-javadocs) @ retrofit-adapters ---
[INFO] Skipping javadoc generation
[INFO] 
[INFO] --- maven-checkstyle-plugin:2.15:checkstyle (default) @ retrofit-adapters ---
[INFO] 
[INFO] --- maven-install-plugin:2.4:install (default-install) @ retrofit-adapters ---
[INFO] Installing /home/travis/build/square/retrofit/retrofit-adapters/pom.xml to /home/travis/.m2/repository/com/squareup/retrofit2/retrofit-adapters/2.1.1-SNAPSHOT/retrofit-adapters-2.1.1-SNAPSHOT.pom
[INFO]                                                                         
[INFO] ------------------------------------------------------------------------
[INFO] Building Adapter: Guava 2.1.1-SNAPSHOT
[INFO] ------------------------------------------------------------------------
[INFO] 
[INFO] --- maven-enforcer-plugin:1.0:enforce (enforce-maven) @ adapter-guava ---
[INFO] 
[INFO] --- maven-resources-plugin:2.6:resources (default-resources) @ adapter-guava ---
[INFO] Using 'UTF-8' encoding to copy filtered resources.
[INFO] skip non existing resourceDirectory /home/travis/build/square/retrofit/retrofit-adapters/guava/src/main/resources
[INFO] 
[INFO] --- maven-compiler-plugin:3.0:compile (default-compile) @ adapter-guava ---
[INFO] Changes detected - recompiling the module!
[INFO] Compiling 2 source files to /home/travis/build/square/retrofit/retrofit-adapters/guava/target/classes
[INFO] 
[INFO] --- maven-resources-plugin:2.6:testResources (default-testResources) @ adapter-guava ---
[INFO] Using 'UTF-8' encoding to copy filtered resources.
[INFO] skip non existing resourceDirectory /home/travis/build/square/retrofit/retrofit-adapters/guava/src/test/resources
[INFO] 
[INFO] --- maven-compiler-plugin:3.0:testCompile (default-testCompile) @ adapter-guava ---
[INFO] Changes detected - recompiling the module!
[INFO] Compiling 3 source files to /home/travis/build/square/retrofit/retrofit-adapters/guava/target/test-classes
[INFO] 
[INFO] --- maven-surefire-plugin:2.12.4:test (default-test) @ adapter-guava ---
[INFO] Tests are skipped.
[INFO] 
[INFO] --- animal-sniffer-maven-plugin:1.14:check (default) @ adapter-guava ---
[INFO] Checking unresolved references to org.codehaus.mojo.signature:java16:1.1
[INFO] 
[INFO] --- maven-jar-plugin:2.4:jar (default-jar) @ adapter-guava ---
[INFO] Building jar: /home/travis/build/square/retrofit/retrofit-adapters/guava/target/adapter-guava-2.1.1-SNAPSHOT.jar
[INFO] 
[INFO] --- maven-javadoc-plugin:2.10.3:jar (attach-javadocs) @ adapter-guava ---
[INFO] Skipping javadoc generation
[INFO] 
[INFO] --- maven-checkstyle-plugin:2.15:checkstyle (default) @ adapter-guava ---
[INFO] Starting audit...
Audit done.
[WARNING] Unable to locate Source XRef to link to - DISABLED
[INFO] 
[INFO] --- maven-install-plugin:2.4:install (default-install) @ adapter-guava ---
[INFO] Installing /home/travis/build/square/retrofit/retrofit-adapters/guava/target/adapter-guava-2.1.1-SNAPSHOT.jar to /home/travis/.m2/repository/com/squareup/retrofit2/adapter-guava/2.1.1-SNAPSHOT/adapter-guava-2.1.1-SNAPSHOT.jar
[INFO] Installing /home/travis/build/square/retrofit/retrofit-adapters/guava/pom.xml to /home/travis/.m2/repository/com/squareup/retrofit2/adapter-guava/2.1.1-SNAPSHOT/adapter-guava-2.1.1-SNAPSHOT.pom
[INFO]                                                                         
[INFO] ------------------------------------------------------------------------
[INFO] Building Adapter: Java 8 2.1.1-SNAPSHOT
[INFO] ------------------------------------------------------------------------
[INFO] 
[INFO] --- maven-enforcer-plugin:1.0:enforce (enforce-maven) @ adapter-java8 ---
[INFO] 
[INFO] --- maven-resources-plugin:2.6:resources (default-resources) @ adapter-java8 ---
[INFO] Using 'UTF-8' encoding to copy filtered resources.
[INFO] skip non existing resourceDirectory /home/travis/build/square/retrofit/retrofit-adapters/java8/src/main/resources
[INFO] 
[INFO] --- maven-compiler-plugin:3.0:compile (default-compile) @ adapter-java8 ---
[INFO] Changes detected - recompiling the module!
[INFO] Compiling 2 source files to /home/travis/build/square/retrofit/retrofit-adapters/java8/target/classes
[INFO] 
[INFO] --- maven-resources-plugin:2.6:testResources (default-testResources) @ adapter-java8 ---
[INFO] Using 'UTF-8' encoding to copy filtered resources.
[INFO] skip non existing resourceDirectory /home/travis/build/square/retrofit/retrofit-adapters/java8/src/test/resources
[INFO] 
[INFO] --- maven-compiler-plugin:3.0:testCompile (default-testCompile) @ adapter-java8 ---
[INFO] Changes detected - recompiling the module!
[INFO] Compiling 3 source files to /home/travis/build/square/retrofit/retrofit-adapters/java8/target/test-classes
[INFO] 
[INFO] --- maven-surefire-plugin:2.12.4:test (default-test) @ adapter-java8 ---
[INFO] Tests are skipped.
[INFO] 
[INFO] --- animal-sniffer-maven-plugin:1.14:check (default) @ adapter-java8 ---
[INFO] Checking unresolved references to org.kaazing.mojo.signature:java18:1.0
[INFO] 
[INFO] --- maven-jar-plugin:2.4:jar (default-jar) @ adapter-java8 ---
[INFO] Building jar: /home/travis/build/square/retrofit/retrofit-adapters/java8/target/adapter-java8-2.1.1-SNAPSHOT.jar
[INFO] 
[INFO] --- maven-javadoc-plugin:2.10.3:jar (attach-javadocs) @ adapter-java8 ---
[INFO] Skipping javadoc generation
[INFO] 
[INFO] --- maven-checkstyle-plugin:2.15:checkstyle (default) @ adapter-java8 ---
[INFO] Starting audit...
Audit done.
[WARNING] Unable to locate Source XRef to link to - DISABLED
[INFO] 
[INFO] --- maven-install-plugin:2.4:install (default-install) @ adapter-java8 ---
[INFO] Installing /home/travis/build/square/retrofit/retrofit-adapters/java8/target/adapter-java8-2.1.1-SNAPSHOT.jar to /home/travis/.m2/repository/com/squareup/retrofit2/adapter-java8/2.1.1-SNAPSHOT/adapter-java8-2.1.1-SNAPSHOT.jar
[INFO] Installing /home/travis/build/square/retrofit/retrofit-adapters/java8/pom.xml to /home/travis/.m2/repository/com/squareup/retrofit2/adapter-java8/2.1.1-SNAPSHOT/adapter-java8-2.1.1-SNAPSHOT.pom
[INFO]                                                                         
[INFO] ------------------------------------------------------------------------
[INFO] Building Adapter: RxJava 2.1.1-SNAPSHOT
[INFO] ------------------------------------------------------------------------
[INFO] 
[INFO] --- maven-enforcer-plugin:1.0:enforce (enforce-maven) @ adapter-rxjava ---
[INFO] 
[INFO] --- maven-resources-plugin:2.6:resources (default-resources) @ adapter-rxjava ---
[INFO] Using 'UTF-8' encoding to copy filtered resources.
[INFO] skip non existing resourceDirectory /home/travis/build/square/retrofit/retrofit-adapters/rxjava/src/main/resources
[INFO] 
[INFO] --- maven-compiler-plugin:3.0:compile (default-compile) @ adapter-rxjava ---
[INFO] Changes detected - recompiling the module!
[INFO] Compiling 7 source files to /home/travis/build/square/retrofit/retrofit-adapters/rxjava/target/classes
[WARNING] /home/travis/build/square/retrofit/retrofit-adapters/rxjava/src/main/java/retrofit2/adapter/rxjava/CallOnSubscribe.java: Some input files use or override a deprecated API.
[WARNING] /home/travis/build/square/retrofit/retrofit-adapters/rxjava/src/main/java/retrofit2/adapter/rxjava/CallOnSubscribe.java: Recompile with -Xlint:deprecation for details.
[INFO] 
[INFO] --- maven-resources-plugin:2.6:testResources (default-testResources) @ adapter-rxjava ---
[INFO] Using 'UTF-8' encoding to copy filtered resources.
[INFO] skip non existing resourceDirectory /home/travis/build/square/retrofit/retrofit-adapters/rxjava/src/test/resources
[INFO] 
[INFO] --- maven-compiler-plugin:3.0:testCompile (default-testCompile) @ adapter-rxjava ---
[INFO] Changes detected - recompiling the module!
[INFO] Compiling 13 source files to /home/travis/build/square/retrofit/retrofit-adapters/rxjava/target/test-classes
[WARNING] /home/travis/build/square/retrofit/retrofit-adapters/rxjava/src/test/java/retrofit2/adapter/rxjava/RxJavaPluginsResetRule.java: Some input files use or override a deprecated API.
[WARNING] /home/travis/build/square/retrofit/retrofit-adapters/rxjava/src/test/java/retrofit2/adapter/rxjava/RxJavaPluginsResetRule.java: Recompile with -Xlint:deprecation for details.
[INFO] 
[INFO] --- maven-surefire-plugin:2.12.4:test (default-test) @ adapter-rxjava ---
[INFO] Tests are skipped.
[INFO] 
[INFO] --- animal-sniffer-maven-plugin:1.14:check (default) @ adapter-rxjava ---
[INFO] Checking unresolved references to org.codehaus.mojo.signature:java16:1.1
[INFO] 
[INFO] --- maven-jar-plugin:2.4:jar (default-jar) @ adapter-rxjava ---
[INFO] Building jar: /home/travis/build/square/retrofit/retrofit-adapters/rxjava/target/adapter-rxjava-2.1.1-SNAPSHOT.jar
[INFO] 
[INFO] --- maven-javadoc-plugin:2.10.3:jar (attach-javadocs) @ adapter-rxjava ---
[INFO] Skipping javadoc generation
[INFO] 
[INFO] --- maven-checkstyle-plugin:2.15:checkstyle (default) @ adapter-rxjava ---
[INFO] Starting audit...
Audit done.
[WARNING] Unable to locate Source XRef to link to - DISABLED
[INFO] 
[INFO] --- maven-install-plugin:2.4:install (default-install) @ adapter-rxjava ---
[INFO] Installing /home/travis/build/square/retrofit/retrofit-adapters/rxjava/target/adapter-rxjava-2.1.1-SNAPSHOT.jar to /home/travis/.m2/repository/com/squareup/retrofit2/adapter-rxjava/2.1.1-SNAPSHOT/adapter-rxjava-2.1.1-SNAPSHOT.jar
[INFO] Installing /home/travis/build/square/retrofit/retrofit-adapters/rxjava/pom.xml to /home/travis/.m2/repository/com/squareup/retrofit2/adapter-rxjava/2.1.1-SNAPSHOT/adapter-rxjava-2.1.1-SNAPSHOT.pom
[INFO]                                                                         
[INFO] ------------------------------------------------------------------------
[INFO] Building Converters 2.1.1-SNAPSHOT
[INFO] ------------------------------------------------------------------------
[INFO] 
[INFO] --- maven-enforcer-plugin:1.0:enforce (enforce-maven) @ retrofit-converters ---
[INFO] 
[INFO] --- animal-sniffer-maven-plugin:1.14:check (default) @ retrofit-converters ---
[INFO] Checking unresolved references to org.codehaus.mojo.signature:java16:1.1
[INFO] 
[INFO] --- maven-javadoc-plugin:2.10.3:jar (attach-javadocs) @ retrofit-converters ---
[INFO] Skipping javadoc generation
[INFO] 
[INFO] --- maven-checkstyle-plugin:2.15:checkstyle (default) @ retrofit-converters ---
[INFO] 
[INFO] --- maven-install-plugin:2.4:install (default-install) @ retrofit-converters ---
[INFO] Installing /home/travis/build/square/retrofit/retrofit-converters/pom.xml to /home/travis/.m2/repository/com/squareup/retrofit2/retrofit-converters/2.1.1-SNAPSHOT/retrofit-converters-2.1.1-SNAPSHOT.pom
[INFO]                                                                         
[INFO] ------------------------------------------------------------------------
[INFO] Building Converter: Gson 2.1.1-SNAPSHOT
[INFO] ------------------------------------------------------------------------
[INFO] 
[INFO] --- maven-enforcer-plugin:1.0:enforce (enforce-maven) @ converter-gson ---
[INFO] 
[INFO] --- maven-resources-plugin:2.6:resources (default-resources) @ converter-gson ---
[INFO] Using 'UTF-8' encoding to copy filtered resources.
[INFO] skip non existing resourceDirectory /home/travis/build/square/retrofit/retrofit-converters/gson/src/main/resources
[INFO] 
[INFO] --- maven-compiler-plugin:3.0:compile (default-compile) @ converter-gson ---
[INFO] Changes detected - recompiling the module!
[INFO] Compiling 3 source files to /home/travis/build/square/retrofit/retrofit-converters/gson/target/classes
[INFO] 
[INFO] --- maven-resources-plugin:2.6:testResources (default-testResources) @ converter-gson ---
[INFO] Using 'UTF-8' encoding to copy filtered resources.
[INFO] skip non existing resourceDirectory /home/travis/build/square/retrofit/retrofit-converters/gson/src/test/resources
[INFO] 
[INFO] --- maven-compiler-plugin:3.0:testCompile (default-testCompile) @ converter-gson ---
[INFO] Changes detected - recompiling the module!
[INFO] Compiling 1 source file to /home/travis/build/square/retrofit/retrofit-converters/gson/target/test-classes
[INFO] 
[INFO] --- maven-surefire-plugin:2.12.4:test (default-test) @ converter-gson ---
[INFO] Tests are skipped.
[INFO] 
[INFO] --- animal-sniffer-maven-plugin:1.14:check (default) @ converter-gson ---
[INFO] Checking unresolved references to org.codehaus.mojo.signature:java16:1.1
[INFO] 
[INFO] --- maven-jar-plugin:2.4:jar (default-jar) @ converter-gson ---
[INFO] Building jar: /home/travis/build/square/retrofit/retrofit-converters/gson/target/converter-gson-2.1.1-SNAPSHOT.jar
[INFO] 
[INFO] --- maven-javadoc-plugin:2.10.3:jar (attach-javadocs) @ converter-gson ---
[INFO] Skipping javadoc generation
[INFO] 
[INFO] --- maven-checkstyle-plugin:2.15:checkstyle (default) @ converter-gson ---
[INFO] Starting audit...
Audit done.
[WARNING] Unable to locate Source XRef to link to - DISABLED
[INFO] 
[INFO] --- maven-install-plugin:2.4:install (default-install) @ converter-gson ---
[INFO] Installing /home/travis/build/square/retrofit/retrofit-converters/gson/target/converter-gson-2.1.1-SNAPSHOT.jar to /home/travis/.m2/repository/com/squareup/retrofit2/converter-gson/2.1.1-SNAPSHOT/converter-gson-2.1.1-SNAPSHOT.jar
[INFO] Installing /home/travis/build/square/retrofit/retrofit-converters/gson/pom.xml to /home/travis/.m2/repository/com/squareup/retrofit2/converter-gson/2.1.1-SNAPSHOT/converter-gson-2.1.1-SNAPSHOT.pom
[INFO]                                                                         
[INFO] ------------------------------------------------------------------------
[INFO] Building Converter: Protocol Buffers 2.1.1-SNAPSHOT
[INFO] ------------------------------------------------------------------------
[INFO] 
[INFO] --- maven-enforcer-plugin:1.0:enforce (enforce-maven) @ converter-protobuf ---
[INFO] 
[INFO] --- maven-resources-plugin:2.6:resources (default-resources) @ converter-protobuf ---
[INFO] Using 'UTF-8' encoding to copy filtered resources.
[INFO] skip non existing resourceDirectory /home/travis/build/square/retrofit/retrofit-converters/protobuf/src/main/resources
[INFO] 
[INFO] --- maven-compiler-plugin:3.0:compile (default-compile) @ converter-protobuf ---
[INFO] Changes detected - recompiling the module!
[INFO] Compiling 3 source files to /home/travis/build/square/retrofit/retrofit-converters/protobuf/target/classes
[WARNING] /home/travis/build/square/retrofit/retrofit-converters/protobuf/src/main/java/retrofit2/converter/protobuf/ProtoConverterFactory.java: /home/travis/build/square/retrofit/retrofit-converters/protobuf/src/main/java/retrofit2/converter/protobuf/ProtoConverterFactory.java uses unchecked or unsafe operations.
[WARNING] /home/travis/build/square/retrofit/retrofit-converters/protobuf/src/main/java/retrofit2/converter/protobuf/ProtoConverterFactory.java: Recompile with -Xlint:unchecked for details.
[INFO] 
[INFO] --- maven-resources-plugin:2.6:testResources (default-testResources) @ converter-protobuf ---
[INFO] Using 'UTF-8' encoding to copy filtered resources.
[INFO] skip non existing resourceDirectory /home/travis/build/square/retrofit/retrofit-converters/protobuf/src/test/resources
[INFO] 
[INFO] --- maven-compiler-plugin:3.0:testCompile (default-testCompile) @ converter-protobuf ---
[INFO] Changes detected - recompiling the module!
[INFO] Compiling 3 source files to /home/travis/build/square/retrofit/retrofit-converters/protobuf/target/test-classes
[INFO] 
[INFO] --- maven-surefire-plugin:2.12.4:test (default-test) @ converter-protobuf ---
[INFO] Tests are skipped.
[INFO] 
[INFO] --- animal-sniffer-maven-plugin:1.14:check (default) @ converter-protobuf ---
[INFO] Checking unresolved references to org.codehaus.mojo.signature:java16:1.1
[INFO] 
[INFO] --- maven-jar-plugin:2.4:jar (default-jar) @ converter-protobuf ---
[INFO] Building jar: /home/travis/build/square/retrofit/retrofit-converters/protobuf/target/converter-protobuf-2.1.1-SNAPSHOT.jar
[INFO] 
[INFO] --- maven-javadoc-plugin:2.10.3:jar (attach-javadocs) @ converter-protobuf ---
[INFO] Skipping javadoc generation
[INFO] 
[INFO] --- maven-checkstyle-plugin:2.15:checkstyle (default) @ converter-protobuf ---
[INFO] Starting audit...
Audit done.
[WARNING] Unable to locate Source XRef to link to - DISABLED
[INFO] 
[INFO] --- maven-install-plugin:2.4:install (default-install) @ converter-protobuf ---
[INFO] Installing /home/travis/build/square/retrofit/retrofit-converters/protobuf/target/converter-protobuf-2.1.1-SNAPSHOT.jar to /home/travis/.m2/repository/com/squareup/retrofit2/converter-protobuf/2.1.1-SNAPSHOT/converter-protobuf-2.1.1-SNAPSHOT.jar
[INFO] Installing /home/travis/build/square/retrofit/retrofit-converters/protobuf/pom.xml to /home/travis/.m2/repository/com/squareup/retrofit2/converter-protobuf/2.1.1-SNAPSHOT/converter-protobuf-2.1.1-SNAPSHOT.pom
[INFO]                                                                         
[INFO] ------------------------------------------------------------------------
[INFO] Building Converter: Jackson 2.1.1-SNAPSHOT
[INFO] ------------------------------------------------------------------------
[INFO] 
[INFO] --- maven-enforcer-plugin:1.0:enforce (enforce-maven) @ converter-jackson ---
[INFO] 
[INFO] --- maven-resources-plugin:2.6:resources (default-resources) @ converter-jackson ---
[INFO] Using 'UTF-8' encoding to copy filtered resources.
[INFO] skip non existing resourceDirectory /home/travis/build/square/retrofit/retrofit-converters/jackson/src/main/resources
[INFO] 
[INFO] --- maven-compiler-plugin:3.0:compile (default-compile) @ converter-jackson ---
[INFO] Changes detected - recompiling the module!
[INFO] Compiling 3 source files to /home/travis/build/square/retrofit/retrofit-converters/jackson/target/classes
[WARNING] /home/travis/build/square/retrofit/retrofit-converters/jackson/src/main/java/retrofit2/converter/jackson/JacksonConverterFactory.java: /home/travis/build/square/retrofit/retrofit-converters/jackson/src/main/java/retrofit2/converter/jackson/JacksonConverterFactory.java uses or overrides a deprecated API.
[WARNING] /home/travis/build/square/retrofit/retrofit-converters/jackson/src/main/java/retrofit2/converter/jackson/JacksonConverterFactory.java: Recompile with -Xlint:deprecation for details.
[INFO] 
[INFO] --- maven-resources-plugin:2.6:testResources (default-testResources) @ converter-jackson ---
[INFO] Using 'UTF-8' encoding to copy filtered resources.
[INFO] skip non existing resourceDirectory /home/travis/build/square/retrofit/retrofit-converters/jackson/src/test/resources
[INFO] 
[INFO] --- maven-compiler-plugin:3.0:testCompile (default-testCompile) @ converter-jackson ---
[INFO] Changes detected - recompiling the module!
[INFO] Compiling 1 source file to /home/travis/build/square/retrofit/retrofit-converters/jackson/target/test-classes
[WARNING] /home/travis/build/square/retrofit/retrofit-converters/jackson/src/test/java/retrofit2/converter/jackson/JacksonConverterFactoryTest.java: /home/travis/build/square/retrofit/retrofit-converters/jackson/src/test/java/retrofit2/converter/jackson/JacksonConverterFactoryTest.java uses or overrides a deprecated API.
[WARNING] /home/travis/build/square/retrofit/retrofit-converters/jackson/src/test/java/retrofit2/converter/jackson/JacksonConverterFactoryTest.java: Recompile with -Xlint:deprecation for details.
[INFO] 
[INFO] --- maven-surefire-plugin:2.12.4:test (default-test) @ converter-jackson ---
[INFO] Tests are skipped.
[INFO] 
[INFO] --- animal-sniffer-maven-plugin:1.14:check (default) @ converter-jackson ---
[INFO] Checking unresolved references to org.codehaus.mojo.signature:java16:1.1
[INFO] 
[INFO] --- maven-jar-plugin:2.4:jar (default-jar) @ converter-jackson ---
[INFO] Building jar: /home/travis/build/square/retrofit/retrofit-converters/jackson/target/converter-jackson-2.1.1-SNAPSHOT.jar
[INFO] 
[INFO] --- maven-javadoc-plugin:2.10.3:jar (attach-javadocs) @ converter-jackson ---
[INFO] Skipping javadoc generation
[INFO] 
[INFO] --- maven-checkstyle-plugin:2.15:checkstyle (default) @ converter-jackson ---
[INFO] Starting audit...
Audit done.
[WARNING] Unable to locate Source XRef to link to - DISABLED
[INFO] 
[INFO] --- maven-install-plugin:2.4:install (default-install) @ converter-jackson ---
[INFO] Installing /home/travis/build/square/retrofit/retrofit-converters/jackson/target/converter-jackson-2.1.1-SNAPSHOT.jar to /home/travis/.m2/repository/com/squareup/retrofit2/converter-jackson/2.1.1-SNAPSHOT/converter-jackson-2.1.1-SNAPSHOT.jar
[INFO] Installing /home/travis/build/square/retrofit/retrofit-converters/jackson/pom.xml to /home/travis/.m2/repository/com/squareup/retrofit2/converter-jackson/2.1.1-SNAPSHOT/converter-jackson-2.1.1-SNAPSHOT.pom
[INFO]                                                                         
[INFO] ------------------------------------------------------------------------
[INFO] Building Converter: Wire Protocol Buffers 2.1.1-SNAPSHOT
[INFO] ------------------------------------------------------------------------
[INFO] 
[INFO] --- maven-enforcer-plugin:1.0:enforce (enforce-maven) @ converter-wire ---
[INFO] 
[INFO] --- maven-resources-plugin:2.6:resources (default-resources) @ converter-wire ---
[INFO] Using 'UTF-8' encoding to copy filtered resources.
[INFO] skip non existing resourceDirectory /home/travis/build/square/retrofit/retrofit-converters/wire/src/main/resources
[INFO] 
[INFO] --- maven-compiler-plugin:3.0:compile (default-compile) @ converter-wire ---
[INFO] Changes detected - recompiling the module!
[INFO] Compiling 3 source files to /home/travis/build/square/retrofit/retrofit-converters/wire/target/classes
[WARNING] /home/travis/build/square/retrofit/retrofit-converters/wire/src/main/java/retrofit2/converter/wire/WireConverterFactory.java: /home/travis/build/square/retrofit/retrofit-converters/wire/src/main/java/retrofit2/converter/wire/WireConverterFactory.java uses unchecked or unsafe operations.
[WARNING] /home/travis/build/square/retrofit/retrofit-converters/wire/src/main/java/retrofit2/converter/wire/WireConverterFactory.java: Recompile with -Xlint:unchecked for details.
[INFO] 
[INFO] --- maven-resources-plugin:2.6:testResources (default-testResources) @ converter-wire ---
[INFO] Using 'UTF-8' encoding to copy filtered resources.
[INFO] skip non existing resourceDirectory /home/travis/build/square/retrofit/retrofit-converters/wire/src/test/resources
[INFO] 
[INFO] --- maven-compiler-plugin:3.0:testCompile (default-testCompile) @ converter-wire ---
[INFO] Changes detected - recompiling the module!
[INFO] Compiling 2 source files to /home/travis/build/square/retrofit/retrofit-converters/wire/target/test-classes
[INFO] 
[INFO] --- maven-surefire-plugin:2.12.4:test (default-test) @ converter-wire ---
[INFO] Tests are skipped.
[INFO] 
[INFO] --- animal-sniffer-maven-plugin:1.14:check (default) @ converter-wire ---
[INFO] Checking unresolved references to org.codehaus.mojo.signature:java16:1.1
[INFO] 
[INFO] --- maven-jar-plugin:2.4:jar (default-jar) @ converter-wire ---
[INFO] Building jar: /home/travis/build/square/retrofit/retrofit-converters/wire/target/converter-wire-2.1.1-SNAPSHOT.jar
[INFO] 
[INFO] --- maven-javadoc-plugin:2.10.3:jar (attach-javadocs) @ converter-wire ---
[INFO] Skipping javadoc generation
[INFO] 
[INFO] --- maven-checkstyle-plugin:2.15:checkstyle (default) @ converter-wire ---
[INFO] Starting audit...
Audit done.
[WARNING] Unable to locate Source XRef to link to - DISABLED
[INFO] 
[INFO] --- maven-install-plugin:2.4:install (default-install) @ converter-wire ---
[INFO] Installing /home/travis/build/square/retrofit/retrofit-converters/wire/target/converter-wire-2.1.1-SNAPSHOT.jar to /home/travis/.m2/repository/com/squareup/retrofit2/converter-wire/2.1.1-SNAPSHOT/converter-wire-2.1.1-SNAPSHOT.jar
[INFO] Installing /home/travis/build/square/retrofit/retrofit-converters/wire/pom.xml to /home/travis/.m2/repository/com/squareup/retrofit2/converter-wire/2.1.1-SNAPSHOT/converter-wire-2.1.1-SNAPSHOT.pom
[INFO]                                                                         
[INFO] ------------------------------------------------------------------------
[INFO] Building Converter: SimpleXML 2.1.1-SNAPSHOT
[INFO] ------------------------------------------------------------------------
[INFO] 
[INFO] --- maven-enforcer-plugin:1.0:enforce (enforce-maven) @ converter-simplexml ---
[INFO] 
[INFO] --- maven-resources-plugin:2.6:resources (default-resources) @ converter-simplexml ---
[INFO] Using 'UTF-8' encoding to copy filtered resources.
[INFO] skip non existing resourceDirectory /home/travis/build/square/retrofit/retrofit-converters/simplexml/src/main/resources
[INFO] 
[INFO] --- maven-compiler-plugin:3.0:compile (default-compile) @ converter-simplexml ---
[INFO] Changes detected - recompiling the module!
[INFO] Compiling 3 source files to /home/travis/build/square/retrofit/retrofit-converters/simplexml/target/classes
[INFO] 
[INFO] --- maven-resources-plugin:2.6:testResources (default-testResources) @ converter-simplexml ---
[INFO] Using 'UTF-8' encoding to copy filtered resources.
[INFO] skip non existing resourceDirectory /home/travis/build/square/retrofit/retrofit-converters/simplexml/src/test/resources
[INFO] 
[INFO] --- maven-compiler-plugin:3.0:testCompile (default-testCompile) @ converter-simplexml ---
[INFO] Changes detected - recompiling the module!
[INFO] Compiling 2 source files to /home/travis/build/square/retrofit/retrofit-converters/simplexml/target/test-classes
[INFO] 
[INFO] --- maven-surefire-plugin:2.12.4:test (default-test) @ converter-simplexml ---
[INFO] Tests are skipped.
[INFO] 
[INFO] --- animal-sniffer-maven-plugin:1.14:check (default) @ converter-simplexml ---
[INFO] Checking unresolved references to org.codehaus.mojo.signature:java16:1.1
[INFO] 
[INFO] --- maven-jar-plugin:2.4:jar (default-jar) @ converter-simplexml ---
[INFO] Building jar: /home/travis/build/square/retrofit/retrofit-converters/simplexml/target/converter-simplexml-2.1.1-SNAPSHOT.jar
[INFO] 
[INFO] --- maven-javadoc-plugin:2.10.3:jar (attach-javadocs) @ converter-simplexml ---
[INFO] Skipping javadoc generation
[INFO] 
[INFO] --- maven-checkstyle-plugin:2.15:checkstyle (default) @ converter-simplexml ---
[INFO] Starting audit...
Audit done.
[WARNING] Unable to locate Source XRef to link to - DISABLED
[INFO] 
[INFO] --- maven-install-plugin:2.4:install (default-install) @ converter-simplexml ---
[INFO] Installing /home/travis/build/square/retrofit/retrofit-converters/simplexml/target/converter-simplexml-2.1.1-SNAPSHOT.jar to /home/travis/.m2/repository/com/squareup/retrofit2/converter-simplexml/2.1.1-SNAPSHOT/converter-simplexml-2.1.1-SNAPSHOT.jar
[INFO] Installing /home/travis/build/square/retrofit/retrofit-converters/simplexml/pom.xml to /home/travis/.m2/repository/com/squareup/retrofit2/converter-simplexml/2.1.1-SNAPSHOT/converter-simplexml-2.1.1-SNAPSHOT.pom
[INFO]                                                                         
[INFO] ------------------------------------------------------------------------
[INFO] Building Converter: Java Scalars 2.1.1-SNAPSHOT
[INFO] ------------------------------------------------------------------------
[INFO] 
[INFO] --- maven-enforcer-plugin:1.0:enforce (enforce-maven) @ converter-scalars ---
[INFO] 
[INFO] --- maven-resources-plugin:2.6:resources (default-resources) @ converter-scalars ---
[INFO] Using 'UTF-8' encoding to copy filtered resources.
[INFO] skip non existing resourceDirectory /home/travis/build/square/retrofit/retrofit-converters/scalars/src/main/resources
[INFO] 
[INFO] --- maven-compiler-plugin:3.0:compile (default-compile) @ converter-scalars ---
[INFO] Changes detected - recompiling the module!
[INFO] Compiling 3 source files to /home/travis/build/square/retrofit/retrofit-converters/scalars/target/classes
[INFO] 
[INFO] --- maven-resources-plugin:2.6:testResources (default-testResources) @ converter-scalars ---
[INFO] Using 'UTF-8' encoding to copy filtered resources.
[INFO] skip non existing resourceDirectory /home/travis/build/square/retrofit/retrofit-converters/scalars/src/test/resources
[INFO] 
[INFO] --- maven-compiler-plugin:3.0:testCompile (default-testCompile) @ converter-scalars ---
[INFO] Changes detected - recompiling the module!
[INFO] Compiling 2 source files to /home/travis/build/square/retrofit/retrofit-converters/scalars/target/test-classes
[INFO] 
[INFO] --- maven-surefire-plugin:2.12.4:test (default-test) @ converter-scalars ---
[INFO] Tests are skipped.
[INFO] 
[INFO] --- animal-sniffer-maven-plugin:1.14:check (default) @ converter-scalars ---
[INFO] Checking unresolved references to org.codehaus.mojo.signature:java16:1.1
[INFO] 
[INFO] --- maven-jar-plugin:2.4:jar (default-jar) @ converter-scalars ---
[INFO] Building jar: /home/travis/build/square/retrofit/retrofit-converters/scalars/target/converter-scalars-2.1.1-SNAPSHOT.jar
[INFO] 
[INFO] --- maven-javadoc-plugin:2.10.3:jar (attach-javadocs) @ converter-scalars ---
[INFO] Skipping javadoc generation
[INFO] 
[INFO] --- maven-checkstyle-plugin:2.15:checkstyle (default) @ converter-scalars ---
[INFO] Starting audit...
Audit done.
[WARNING] Unable to locate Source XRef to link to - DISABLED
[INFO] 
[INFO] --- maven-install-plugin:2.4:install (default-install) @ converter-scalars ---
[INFO] Installing /home/travis/build/square/retrofit/retrofit-converters/scalars/target/converter-scalars-2.1.1-SNAPSHOT.jar to /home/travis/.m2/repository/com/squareup/retrofit2/converter-scalars/2.1.1-SNAPSHOT/converter-scalars-2.1.1-SNAPSHOT.jar
[INFO] Installing /home/travis/build/square/retrofit/retrofit-converters/scalars/pom.xml to /home/travis/.m2/repository/com/squareup/retrofit2/converter-scalars/2.1.1-SNAPSHOT/converter-scalars-2.1.1-SNAPSHOT.pom
[INFO]                                                                         
[INFO] ------------------------------------------------------------------------
[INFO] Building Converter: Moshi 2.1.1-SNAPSHOT
[INFO] ------------------------------------------------------------------------
[INFO] 
[INFO] --- maven-enforcer-plugin:1.0:enforce (enforce-maven) @ converter-moshi ---
[INFO] 
[INFO] --- maven-resources-plugin:2.6:resources (default-resources) @ converter-moshi ---
[INFO] Using 'UTF-8' encoding to copy filtered resources.
[INFO] skip non existing resourceDirectory /home/travis/build/square/retrofit/retrofit-converters/moshi/src/main/resources
[INFO] 
[INFO] --- maven-compiler-plugin:3.0:compile (default-compile) @ converter-moshi ---
[INFO] Changes detected - recompiling the module!
[INFO] Compiling 3 source files to /home/travis/build/square/retrofit/retrofit-converters/moshi/target/classes
[INFO] 
[INFO] --- maven-resources-plugin:2.6:testResources (default-testResources) @ converter-moshi ---
[INFO] Using 'UTF-8' encoding to copy filtered resources.
[INFO] skip non existing resourceDirectory /home/travis/build/square/retrofit/retrofit-converters/moshi/src/test/resources
[INFO] 
[INFO] --- maven-compiler-plugin:3.0:testCompile (default-testCompile) @ converter-moshi ---
[INFO] Changes detected - recompiling the module!
[INFO] Compiling 1 source file to /home/travis/build/square/retrofit/retrofit-converters/moshi/target/test-classes
[INFO] 
[INFO] --- maven-surefire-plugin:2.12.4:test (default-test) @ converter-moshi ---
[INFO] Tests are skipped.
[INFO] 
[INFO] --- animal-sniffer-maven-plugin:1.14:check (default) @ converter-moshi ---
[INFO] Checking unresolved references to org.codehaus.mojo.signature:java16:1.1
[INFO] 
[INFO] --- maven-jar-plugin:2.4:jar (default-jar) @ converter-moshi ---
[INFO] Building jar: /home/travis/build/square/retrofit/retrofit-converters/moshi/target/converter-moshi-2.1.1-SNAPSHOT.jar
[INFO] 
[INFO] --- maven-javadoc-plugin:2.10.3:jar (attach-javadocs) @ converter-moshi ---
[INFO] Skipping javadoc generation
[INFO] 
[INFO] --- maven-checkstyle-plugin:2.15:checkstyle (default) @ converter-moshi ---
[INFO] Starting audit...
Audit done.
[WARNING] Unable to locate Source XRef to link to - DISABLED
[INFO] 
[INFO] --- maven-install-plugin:2.4:install (default-install) @ converter-moshi ---
[INFO] Installing /home/travis/build/square/retrofit/retrofit-converters/moshi/target/converter-moshi-2.1.1-SNAPSHOT.jar to /home/travis/.m2/repository/com/squareup/retrofit2/converter-moshi/2.1.1-SNAPSHOT/converter-moshi-2.1.1-SNAPSHOT.jar
[INFO] Installing /home/travis/build/square/retrofit/retrofit-converters/moshi/pom.xml to /home/travis/.m2/repository/com/squareup/retrofit2/converter-moshi/2.1.1-SNAPSHOT/converter-moshi-2.1.1-SNAPSHOT.pom
[INFO]                                                                         
[INFO] ------------------------------------------------------------------------
[INFO] Building Retrofit Mock Adapter 2.1.1-SNAPSHOT
[INFO] ------------------------------------------------------------------------
[INFO] 
[INFO] --- maven-enforcer-plugin:1.0:enforce (enforce-maven) @ retrofit-mock ---
[INFO] 
[INFO] --- maven-resources-plugin:2.6:resources (default-resources) @ retrofit-mock ---
[INFO] Using 'UTF-8' encoding to copy filtered resources.
[INFO] skip non existing resourceDirectory /home/travis/build/square/retrofit/retrofit-mock/src/main/resources
[INFO] 
[INFO] --- maven-compiler-plugin:3.0:compile (default-compile) @ retrofit-mock ---
[INFO] Changes detected - recompiling the module!
[INFO] Compiling 5 source files to /home/travis/build/square/retrofit/retrofit-mock/target/classes
[INFO] 
[INFO] --- maven-resources-plugin:2.6:testResources (default-testResources) @ retrofit-mock ---
[INFO] Using 'UTF-8' encoding to copy filtered resources.
[INFO] skip non existing resourceDirectory /home/travis/build/square/retrofit/retrofit-mock/src/test/resources
[INFO] 
[INFO] --- maven-compiler-plugin:3.0:testCompile (default-testCompile) @ retrofit-mock ---
[INFO] Changes detected - recompiling the module!
[INFO] Compiling 3 source files to /home/travis/build/square/retrofit/retrofit-mock/target/test-classes
[INFO] 
[INFO] --- maven-surefire-plugin:2.12.4:test (default-test) @ retrofit-mock ---
[INFO] Tests are skipped.
[INFO] 
[INFO] --- animal-sniffer-maven-plugin:1.14:check (default) @ retrofit-mock ---
[INFO] Checking unresolved references to org.codehaus.mojo.signature:java16:1.1
[INFO] 
[INFO] --- maven-jar-plugin:2.4:jar (default-jar) @ retrofit-mock ---
[INFO] Building jar: /home/travis/build/square/retrofit/retrofit-mock/target/retrofit-mock-2.1.1-SNAPSHOT.jar
[INFO] 
[INFO] --- maven-javadoc-plugin:2.10.3:jar (attach-javadocs) @ retrofit-mock ---
[INFO] Skipping javadoc generation
[INFO] 
[INFO] --- maven-checkstyle-plugin:2.15:checkstyle (default) @ retrofit-mock ---
[INFO] Starting audit...
Audit done.
[WARNING] Unable to locate Source XRef to link to - DISABLED
[INFO] 
[INFO] --- maven-install-plugin:2.4:install (default-install) @ retrofit-mock ---
[INFO] Installing /home/travis/build/square/retrofit/retrofit-mock/target/retrofit-mock-2.1.1-SNAPSHOT.jar to /home/travis/.m2/repository/com/squareup/retrofit2/retrofit-mock/2.1.1-SNAPSHOT/retrofit-mock-2.1.1-SNAPSHOT.jar
[INFO] Installing /home/travis/build/square/retrofit/retrofit-mock/pom.xml to /home/travis/.m2/repository/com/squareup/retrofit2/retrofit-mock/2.1.1-SNAPSHOT/retrofit-mock-2.1.1-SNAPSHOT.pom
[INFO]                                                                         
[INFO] ------------------------------------------------------------------------
[INFO] Building Samples 2.1.1-SNAPSHOT
[INFO] ------------------------------------------------------------------------
[INFO] 
[INFO] --- maven-enforcer-plugin:1.0:enforce (enforce-maven) @ samples ---
[INFO] 
[INFO] --- maven-resources-plugin:2.6:resources (default-resources) @ samples ---
[INFO] Using 'UTF-8' encoding to copy filtered resources.
[INFO] skip non existing resourceDirectory /home/travis/build/square/retrofit/samples/src/main/resources
[INFO] 
[INFO] --- maven-compiler-plugin:3.0:compile (default-compile) @ samples ---
[INFO] Changes detected - recompiling the module!
[INFO] Compiling 9 source files to /home/travis/build/square/retrofit/samples/target/classes
[INFO] 
[INFO] --- maven-resources-plugin:2.6:testResources (default-testResources) @ samples ---
[INFO] Using 'UTF-8' encoding to copy filtered resources.
[INFO] skip non existing resourceDirectory /home/travis/build/square/retrofit/samples/src/test/resources
[INFO] 
[INFO] --- maven-compiler-plugin:3.0:testCompile (default-testCompile) @ samples ---
[INFO] No sources to compile
[INFO] 
[INFO] --- maven-surefire-plugin:2.12.4:test (default-test) @ samples ---
[INFO] Tests are skipped.
[INFO] 
[INFO] --- animal-sniffer-maven-plugin:1.14:check (default) @ samples ---
[INFO] Checking unresolved references to org.codehaus.mojo.signature:java16:1.1
[INFO] 
[INFO] --- maven-jar-plugin:2.4:jar (default-jar) @ samples ---
[INFO] Building jar: /home/travis/build/square/retrofit/samples/target/samples-2.1.1-SNAPSHOT.jar
[INFO] 
[INFO] --- maven-javadoc-plugin:2.10.3:jar (attach-javadocs) @ samples ---
[INFO] Skipping javadoc generation
[INFO] 
[INFO] --- maven-checkstyle-plugin:2.15:checkstyle (default) @ samples ---
[INFO] Starting audit...
Audit done.
[WARNING] Unable to locate Source XRef to link to - DISABLED
[INFO] 
[INFO] --- maven-install-plugin:2.4:install (default-install) @ samples ---
[INFO] Installing /home/travis/build/square/retrofit/samples/target/samples-2.1.1-SNAPSHOT.jar to /home/travis/.m2/repository/com/squareup/retrofit2/samples/2.1.1-SNAPSHOT/samples-2.1.1-SNAPSHOT.jar
[INFO] Installing /home/travis/build/square/retrofit/samples/pom.xml to /home/travis/.m2/repository/com/squareup/retrofit2/samples/2.1.1-SNAPSHOT/samples-2.1.1-SNAPSHOT.pom
[INFO] ------------------------------------------------------------------------
[INFO] Reactor Summary:
[INFO] 
[INFO] Retrofit (Parent) .................................. SUCCESS [  6.891 s]
[INFO] Retrofit ........................................... SUCCESS [ 18.328 s]
[INFO] Adapters ........................................... SUCCESS [  0.642 s]
[INFO] Adapter: Guava ..................................... SUCCESS [  3.875 s]
[INFO] Adapter: Java 8 .................................... SUCCESS [  2.092 s]
[INFO] Adapter: RxJava .................................... SUCCESS [  3.278 s]
[INFO] Converters ......................................... SUCCESS [  0.164 s]
[INFO] Converter: Gson .................................... SUCCESS [  1.030 s]
[INFO] Converter: Protocol Buffers ........................ SUCCESS [  1.430 s]
[INFO] Converter: Jackson ................................. SUCCESS [  1.337 s]
[INFO] Converter: Wire Protocol Buffers ................... SUCCESS [  1.354 s]
[INFO] Converter: SimpleXML ............................... SUCCESS [  1.151 s]
[INFO] Converter: Java Scalars ............................ SUCCESS [  1.569 s]
[INFO] Converter: Moshi ................................... SUCCESS [  0.754 s]
[INFO] Retrofit Mock Adapter .............................. SUCCESS [  0.982 s]
[INFO] Samples ............................................ SUCCESS [  1.570 s]
[INFO] ------------------------------------------------------------------------
[INFO] BUILD SUCCESS
[INFO] ------------------------------------------------------------------------
[INFO] Total time: 46.993 s
[INFO] Finished at: 2016-08-21T01:23:02+00:00
[INFO] Final Memory: 51M/425M
[INFO] ------------------------------------------------------------------------

travis_time:end:2ed0d670:start=1471742533281833041,finish=1471742584347496534,duration=51065663493[0Ktravis_fold:end:install[0Ktravis_time:start:161ba00b[0K$ mvn test -B
Java HotSpot(TM) 64-Bit Server VM warning: ignoring option MaxPermSize=192m; support was removed in 8.0
[INFO] Scanning for projects...
[WARNING] 
[WARNING] Some problems were encountered while building the effective model for com.squareup.retrofit2:samples:jar:2.1.1-SNAPSHOT
[WARNING] 'build.plugins.plugin.version' for org.apache.maven.plugins:maven-deploy-plugin is missing. @ com.squareup.retrofit2:samples:[unknown-version], /home/travis/build/square/retrofit/samples/pom.xml, line 55, column 15
[WARNING] 
[WARNING] It is highly recommended to fix these problems because they threaten the stability of your build.
[WARNING] 
[WARNING] For this reason, future Maven versions might no longer support building such malformed projects.
[WARNING] 
[INFO] ------------------------------------------------------------------------
[INFO] Reactor Build Order:
[INFO] 
[INFO] Retrofit (Parent)
[INFO] Retrofit
[INFO] Adapters
[INFO] Adapter: Guava
[INFO] Adapter: Java 8
[INFO] Adapter: RxJava
[INFO] Converters
[INFO] Converter: Gson
[INFO] Converter: Protocol Buffers
[INFO] Converter: Jackson
[INFO] Converter: Wire Protocol Buffers
[INFO] Converter: SimpleXML
[INFO] Converter: Java Scalars
[INFO] Converter: Moshi
[INFO] Retrofit Mock Adapter
[INFO] Samples
[INFO]                                                                         
[INFO] ------------------------------------------------------------------------
[INFO] Building Retrofit (Parent) 2.1.1-SNAPSHOT
[INFO] ------------------------------------------------------------------------
[INFO] 
[INFO] --- maven-enforcer-plugin:1.0:enforce (enforce-maven) @ parent ---
[INFO] 
[INFO] --- animal-sniffer-maven-plugin:1.14:check (default) @ parent ---
[INFO] Checking unresolved references to org.codehaus.mojo.signature:java16:1.1
[INFO]                                                                         
[INFO] ------------------------------------------------------------------------
[INFO] Building Retrofit 2.1.1-SNAPSHOT
[INFO] ------------------------------------------------------------------------
[INFO] 
[INFO] --- maven-enforcer-plugin:1.0:enforce (enforce-maven) @ retrofit ---
[INFO] 
[INFO] --- maven-resources-plugin:2.6:resources (default-resources) @ retrofit ---
[INFO] Using 'UTF-8' encoding to copy filtered resources.
[INFO] skip non existing resourceDirectory /home/travis/build/square/retrofit/retrofit/src/main/resources
[INFO] 
[INFO] --- maven-compiler-plugin:3.0:compile (default-compile) @ retrofit ---
[INFO] Changes detected - recompiling the module!
[INFO] Compiling 40 source files to /home/travis/build/square/retrofit/retrofit/target/classes
[WARNING] /home/travis/build/square/retrofit/retrofit/src/main/java/retrofit2/Retrofit.java: Some input files use unchecked or unsafe operations.
[WARNING] /home/travis/build/square/retrofit/retrofit/src/main/java/retrofit2/Retrofit.java: Recompile with -Xlint:unchecked for details.
[INFO] 
[INFO] --- maven-resources-plugin:2.6:testResources (default-testResources) @ retrofit ---
[INFO] Using 'UTF-8' encoding to copy filtered resources.
[INFO] skip non existing resourceDirectory /home/travis/build/square/retrofit/retrofit/src/test/resources
[INFO] 
[INFO] --- maven-compiler-plugin:3.0:testCompile (default-testCompile) @ retrofit ---
[INFO] Changes detected - recompiling the module!
[INFO] Compiling 14 source files to /home/travis/build/square/retrofit/retrofit/target/test-classes
[WARNING] /home/travis/build/square/retrofit/retrofit/src/test/java/retrofit2/RetrofitTest.java: /home/travis/build/square/retrofit/retrofit/src/test/java/retrofit2/RetrofitTest.java uses unchecked or unsafe operations.
[WARNING] /home/travis/build/square/retrofit/retrofit/src/test/java/retrofit2/RetrofitTest.java: Recompile with -Xlint:unchecked for details.
[INFO] 
[INFO] --- maven-surefire-plugin:2.12.4:test (default-test) @ retrofit ---
[INFO] Surefire report directory: /home/travis/build/square/retrofit/retrofit/target/surefire-reports

-------------------------------------------------------
 T E S T S
-------------------------------------------------------
Running retrofit2.CallTest
Aug 21, 2016 1:23:21 AM okhttp3.mockwebserver.MockWebServer$3 execute
INFO: MockWebServer[42720] starting to accept connections
Aug 21, 2016 1:23:21 AM okhttp3.mockwebserver.MockWebServer$3 acceptConnections
INFO: MockWebServer[42720] done accepting connections: Socket closed
Aug 21, 2016 1:23:21 AM okhttp3.mockwebserver.MockWebServer$3 execute
INFO: MockWebServer[43534] starting to accept connections
Aug 21, 2016 1:23:21 AM okhttp3.mockwebserver.MockWebServer$4 processOneRequest
INFO: MockWebServer[43534] received request: GET / HTTP/1.1 and responded: HTTP/1.1 200 OK
Aug 21, 2016 1:23:21 AM okhttp3.mockwebserver.MockWebServer$3 acceptConnections
INFO: MockWebServer[43534] done accepting connections: Socket closed
Aug 21, 2016 1:23:21 AM okhttp3.mockwebserver.MockWebServer$3 execute
INFO: MockWebServer[55964] starting to accept connections
Aug 21, 2016 1:23:21 AM okhttp3.mockwebserver.MockWebServer$3 acceptConnections
INFO: MockWebServer[55964] done accepting connections: Socket closed
Aug 21, 2016 1:23:21 AM okhttp3.mockwebserver.MockWebServer$4 processOneRequest
INFO: MockWebServer[55964] received request: GET / HTTP/1.1 and responded: HTTP/1.1 404 Client Error
Aug 21, 2016 1:23:21 AM okhttp3.mockwebserver.MockWebServer$3 execute
INFO: MockWebServer[42518] starting to accept connections
Aug 21, 2016 1:23:21 AM okhttp3.mockwebserver.MockWebServer$3 acceptConnections
INFO: MockWebServer[42518] done accepting connections: Socket closed
Aug 21, 2016 1:23:21 AM okhttp3.mockwebserver.MockWebServer$4 processOneRequest
INFO: MockWebServer[42518] received request: POST /Hello HTTP/1.1 and responded: HTTP/1.1 200 OK
Aug 21, 2016 1:23:21 AM okhttp3.mockwebserver.MockWebServer$3 execute
INFO: MockWebServer[57301] starting to accept connections
Aug 21, 2016 1:23:21 AM okhttp3.mockwebserver.MockWebServer$3 acceptConnections
INFO: MockWebServer[57301] done accepting connections: Socket is closed
Aug 21, 2016 1:23:21 AM okhttp3.mockwebserver.MockWebServer$3 execute
INFO: MockWebServer[39110] starting to accept connections
Aug 21, 2016 1:23:21 AM okhttp3.mockwebserver.MockWebServer$3 acceptConnections
INFO: MockWebServer[39110] done accepting connections: Socket closed
Aug 21, 2016 1:23:21 AM okhttp3.mockwebserver.MockWebServer$3 execute
INFO: MockWebServer[49393] starting to accept connections
Aug 21, 2016 1:23:21 AM okhttp3.mockwebserver.MockWebServer$4 processOneRequest
INFO: MockWebServer[49393] received request: GET / HTTP/1.1 and responded: HTTP/1.1 200 OK
Aug 21, 2016 1:23:21 AM okhttp3.mockwebserver.MockWebServer$3 acceptConnections
INFO: MockWebServer[49393] done accepting connections: Socket closed
Aug 21, 2016 1:23:21 AM okhttp3.mockwebserver.MockWebServer$3 execute
INFO: MockWebServer[37944] starting to accept connections
Aug 21, 2016 1:23:21 AM okhttp3.mockwebserver.MockWebServer$4 processOneRequest
INFO: MockWebServer[37944] received request: GET / HTTP/1.1 and responded: HTTP/1.1 200 OK
Aug 21, 2016 1:23:21 AM okhttp3.mockwebserver.MockWebServer$3 acceptConnections
INFO: MockWebServer[37944] done accepting connections: Socket closed
Aug 21, 2016 1:23:21 AM okhttp3.mockwebserver.MockWebServer$3 execute
INFO: MockWebServer[50069] starting to accept connections
Aug 21, 2016 1:23:21 AM okhttp3.mockwebserver.MockWebServer$3 acceptConnections
INFO: MockWebServer[50069] done accepting connections: Socket is closed
Aug 21, 2016 1:23:21 AM okhttp3.mockwebserver.MockWebServer$3 execute
INFO: MockWebServer[41907] starting to accept connections
Aug 21, 2016 1:23:21 AM okhttp3.mockwebserver.MockWebServer$4 processOneRequest
INFO: MockWebServer[41907] received request: POST /Hello HTTP/1.1 and responded: HTTP/1.1 200 OK
Aug 21, 2016 1:23:21 AM okhttp3.mockwebserver.MockWebServer$3 acceptConnections
INFO: MockWebServer[41907] done accepting connections: Socket closed
Aug 21, 2016 1:23:21 AM okhttp3.mockwebserver.MockWebServer$3 execute
INFO: MockWebServer[59691] starting to accept connections
Aug 21, 2016 1:23:21 AM okhttp3.mockwebserver.MockWebServer$3 acceptConnections
INFO: MockWebServer[59691] done accepting connections: Socket closed
Aug 21, 2016 1:23:21 AM okhttp3.mockwebserver.MockWebServer$4 processOneRequest
INFO: MockWebServer[59691] received request: POST /Hello HTTP/1.1 and responded: HTTP/1.1 200 OK
Aug 21, 2016 1:23:21 AM okhttp3.mockwebserver.MockWebServer$3 execute
INFO: MockWebServer[39968] starting to accept connections
Aug 21, 2016 1:23:21 AM okhttp3.mockwebserver.MockWebServer$3 acceptConnections
INFO: MockWebServer[39968] done accepting connections: Socket is closed
Aug 21, 2016 1:23:21 AM okhttp3.mockwebserver.MockWebServer$3 execute
INFO: MockWebServer[42470] starting to accept connections
Aug 21, 2016 1:23:21 AM okhttp3.mockwebserver.MockWebServer$4 processOneRequest
INFO: MockWebServer[42470] received request: GET / HTTP/1.1 and responded: HTTP/1.1 404 Client Error
Aug 21, 2016 1:23:21 AM okhttp3.mockwebserver.MockWebServer$3 acceptConnections
INFO: MockWebServer[42470] done accepting connections: Socket closed
Aug 21, 2016 1:23:21 AM okhttp3.mockwebserver.MockWebServer$3 execute
INFO: MockWebServer[42843] starting to accept connections
Aug 21, 2016 1:23:21 AM okhttp3.mockwebserver.MockWebServer$3 acceptConnections
INFO: MockWebServer[42843] done accepting connections: Socket closed
Aug 21, 2016 1:23:21 AM okhttp3.mockwebserver.MockWebServer$4 processOneRequest
INFO: MockWebServer[42843] received request: POST / HTTP/1.1 and responded: HTTP/1.1 200 OK
Aug 21, 2016 1:23:21 AM okhttp3.mockwebserver.MockWebServer$3 execute
INFO: MockWebServer[45132] starting to accept connections
Aug 21, 2016 1:23:21 AM okhttp3.mockwebserver.MockWebServer$3 acceptConnections
INFO: MockWebServer[45132] done accepting connections: Socket closed
Aug 21, 2016 1:23:21 AM okhttp3.mockwebserver.MockWebServer$4 processOneRequest
INFO: MockWebServer[45132] received request: GET / HTTP/1.1 and responded: HTTP/1.1 204 Nothin
Aug 21, 2016 1:23:21 AM okhttp3.mockwebserver.MockWebServer$3 execute
INFO: MockWebServer[36757] starting to accept connections
Aug 21, 2016 1:23:21 AM okhttp3.mockwebserver.MockWebServer$3 acceptConnections
INFO: MockWebServer[36757] done accepting connections: Socket is closed
Aug 21, 2016 1:23:21 AM okhttp3.mockwebserver.MockWebServer$3 execute
INFO: MockWebServer[59092] starting to accept connections
Aug 21, 2016 1:23:21 AM okhttp3.mockwebserver.MockWebServer$3 acceptConnections
INFO: MockWebServer[59092] done accepting connections: Socket closed
Aug 21, 2016 1:23:21 AM okhttp3.mockwebserver.MockWebServer$4 processOneRequest
INFO: MockWebServer[59092] received request: GET / HTTP/1.1 and responded: HTTP/1.1 200 OK
Aug 21, 2016 1:23:21 AM okhttp3.mockwebserver.MockWebServer$3 execute
INFO: MockWebServer[42910] starting to accept connections
Aug 21, 2016 1:23:21 AM okhttp3.mockwebserver.MockWebServer$3 acceptConnections
INFO: MockWebServer[42910] done accepting connections: Socket closed
Aug 21, 2016 1:23:21 AM okhttp3.mockwebserver.MockWebServer$4 processOneRequest
INFO: MockWebServer[42910] received request: POST /Hello HTTP/1.1 and responded: HTTP/1.1 200 OK
Aug 21, 2016 1:23:21 AM okhttp3.mockwebserver.MockWebServer$3 execute
INFO: MockWebServer[37625] starting to accept connections
Aug 21, 2016 1:23:21 AM okhttp3.mockwebserver.MockWebServer$3 acceptConnections
INFO: MockWebServer[37625] done accepting connections: Socket closed
Aug 21, 2016 1:23:21 AM okhttp3.mockwebserver.MockWebServer$4 processOneRequest
INFO: MockWebServer[37625] received request: GET / HTTP/1.1 and responded: HTTP/1.1 200 OK
Aug 21, 2016 1:23:21 AM okhttp3.mockwebserver.MockWebServer$3 execute
INFO: MockWebServer[49931] starting to accept connections
Aug 21, 2016 1:23:21 AM okhttp3.mockwebserver.MockWebServer$3 acceptConnections
INFO: MockWebServer[49931] done accepting connections: Socket closed
Aug 21, 2016 1:23:21 AM okhttp3.mockwebserver.MockWebServer$4 processOneRequest
INFO: MockWebServer[49931] received request: POST / HTTP/1.1 and responded: HTTP/1.1 200 OK
Aug 21, 2016 1:23:21 AM okhttp3.mockwebserver.MockWebServer$3 execute
INFO: MockWebServer[34782] starting to accept connections
Aug 21, 2016 1:23:21 AM okhttp3.mockwebserver.MockWebServer$3 acceptConnections
INFO: MockWebServer[34782] done accepting connections: Socket is closed
Aug 21, 2016 1:23:21 AM okhttp3.mockwebserver.MockWebServer$3 execute
INFO: MockWebServer[47934] starting to accept connections
Aug 21, 2016 1:23:21 AM okhttp3.mockwebserver.MockWebServer$3 acceptConnections
INFO: MockWebServer[47934] done accepting connections: Socket is closed
Aug 21, 2016 1:23:21 AM okhttp3.mockwebserver.MockWebServer$3 execute
INFO: MockWebServer[52163] starting to accept connections
Aug 21, 2016 1:23:21 AM okhttp3.mockwebserver.MockWebServer$3 acceptConnections
INFO: MockWebServer[52163] done accepting connections: Socket is closed
Aug 21, 2016 1:23:21 AM okhttp3.mockwebserver.MockWebServer$3 execute
INFO: MockWebServer[37670] starting to accept connections
Aug 21, 2016 1:23:21 AM okhttp3.mockwebserver.MockWebServer$4 processOneRequest
INFO: MockWebServer[37670] received request: GET / HTTP/1.1 and responded: HTTP/1.1 200 OK
Aug 21, 2016 1:23:21 AM okhttp3.mockwebserver.MockWebServer$3 acceptConnections
INFO: MockWebServer[37670] done accepting connections: Socket closed
Aug 21, 2016 1:23:21 AM okhttp3.mockwebserver.MockWebServer$3 execute
INFO: MockWebServer[55136] starting to accept connections
Aug 21, 2016 1:23:21 AM okhttp3.mockwebserver.MockWebServer$3 acceptConnections
INFO: MockWebServer[55136] done accepting connections: Socket closed
Aug 21, 2016 1:23:21 AM okhttp3.mockwebserver.MockWebServer$4 processOneRequest
INFO: MockWebServer[55136] received request: GET / HTTP/1.1 and responded: HTTP/1.1 200 OK
Aug 21, 2016 1:23:21 AM okhttp3.mockwebserver.MockWebServer$3 execute
INFO: MockWebServer[42912] starting to accept connections
Aug 21, 2016 1:23:21 AM okhttp3.mockwebserver.MockWebServer$3 acceptConnections
INFO: MockWebServer[42912] done accepting connections: Socket closed
Aug 21, 2016 1:23:21 AM okhttp3.mockwebserver.MockWebServer$4 processOneRequest
INFO: MockWebServer[42912] received request: GET / HTTP/1.1 and responded: HTTP/1.1 205 Nothin
Aug 21, 2016 1:23:21 AM okhttp3.mockwebserver.MockWebServer$3 execute
INFO: MockWebServer[33826] starting to accept connections
Aug 21, 2016 1:23:21 AM okhttp3.mockwebserver.MockWebServer$4 processOneRequest
INFO: MockWebServer[33826] received request: GET / HTTP/1.1 and responded: HTTP/1.1 200 OK
Aug 21, 2016 1:23:21 AM okhttp3.mockwebserver.MockWebServer$4 processOneRequest
INFO: MockWebServer[33826] received request: GET / HTTP/1.1 and responded: HTTP/1.1 200 OK
Aug 21, 2016 1:23:21 AM okhttp3.mockwebserver.MockWebServer$3 acceptConnections
INFO: MockWebServer[33826] done accepting connections: Socket closed
Aug 21, 2016 1:23:21 AM okhttp3.mockwebserver.MockWebServer$3 execute
INFO: MockWebServer[47644] starting to accept connections
Aug 21, 2016 1:23:21 AM okhttp3.mockwebserver.MockWebServer$3 acceptConnections
INFO: MockWebServer[47644] done accepting connections: Socket closed
Aug 21, 2016 1:23:21 AM okhttp3.mockwebserver.MockWebServer$4 processOneRequest
INFO: MockWebServer[47644] received request: GET / HTTP/1.1 and responded: HTTP/1.1 200 OK
Aug 21, 2016 1:23:21 AM okhttp3.mockwebserver.MockWebServer$3 execute
INFO: MockWebServer[54649] starting to accept connections
Aug 21, 2016 1:23:21 AM okhttp3.mockwebserver.MockWebServer$3 acceptConnections
INFO: MockWebServer[54649] done accepting connections: Socket is closed
Aug 21, 2016 1:23:21 AM okhttp3.mockwebserver.MockWebServer$3 execute
INFO: MockWebServer[50540] starting to accept connections
Aug 21, 2016 1:23:21 AM okhttp3.mockwebserver.MockWebServer$3 acceptConnections
INFO: MockWebServer[50540] done accepting connections: Socket is closed
Aug 21, 2016 1:23:21 AM okhttp3.mockwebserver.MockWebServer$3 execute
INFO: MockWebServer[55030] starting to accept connections
Aug 21, 2016 1:23:21 AM okhttp3.mockwebserver.MockWebServer$3 acceptConnections
INFO: MockWebServer[55030] done accepting connections: Socket is closed
Aug 21, 2016 1:23:21 AM okhttp3.mockwebserver.MockWebServer$3 execute
INFO: MockWebServer[43081] starting to accept connections
Aug 21, 2016 1:23:21 AM okhttp3.mockwebserver.MockWebServer$3 acceptConnections
INFO: MockWebServer[43081] done accepting connections: Socket closed
Aug 21, 2016 1:23:21 AM okhttp3.mockwebserver.MockWebServer$4 processOneRequest
INFO: MockWebServer[43081] received request: GET / HTTP/1.1 and responded: HTTP/1.1 200 OK
Aug 21, 2016 1:23:21 AM okhttp3.mockwebserver.MockWebServer$3 execute
INFO: MockWebServer[34763] starting to accept connections
Aug 21, 2016 1:23:21 AM okhttp3.mockwebserver.MockWebServer$3 acceptConnections
INFO: MockWebServer[34763] done accepting connections: Socket closed
Aug 21, 2016 1:23:21 AM okhttp3.mockwebserver.MockWebServer$4 processOneRequest
INFO: MockWebServer[34763] received request: GET / HTTP/1.1 and responded: HTTP/1.1 200 OK
Aug 21, 2016 1:23:21 AM okhttp3.mockwebserver.MockWebServer$3 execute
INFO: MockWebServer[58603] starting to accept connections
Aug 21, 2016 1:23:21 AM okhttp3.mockwebserver.MockWebServer$3 acceptConnections
INFO: MockWebServer[58603] done accepting connections: Socket closed
Aug 21, 2016 1:23:21 AM okhttp3.mockwebserver.MockWebServer$4 processOneRequest
INFO: MockWebServer[58603] received request: GET / HTTP/1.1 and responded: HTTP/1.1 200 OK
Tests run: 34, Failures: 0, Errors: 0, Skipped: 0, Time elapsed: 1.359 sec
Running retrofit2.RequestBuilderTest
Tests run: 139, Failures: 0, Errors: 0, Skipped: 2, Time elapsed: 0.345 sec
Running retrofit2.ExecutorCallAdapterFactoryTest
Tests run: 7, Failures: 0, Errors: 0, Skipped: 0, Time elapsed: 0.129 sec
Running retrofit2.ServiceMethodTest
Tests run: 1, Failures: 0, Errors: 0, Skipped: 0, Time elapsed: 0 sec
Running retrofit2.RetrofitTest
Aug 21, 2016 1:23:22 AM okhttp3.mockwebserver.MockWebServer$3 execute
INFO: MockWebServer[47789] starting to accept connections
Aug 21, 2016 1:23:22 AM okhttp3.mockwebserver.MockWebServer$3 acceptConnections
INFO: MockWebServer[47789] done accepting connections: Socket is closed
Aug 21, 2016 1:23:22 AM okhttp3.mockwebserver.MockWebServer$3 execute
INFO: MockWebServer[38181] starting to accept connections
Aug 21, 2016 1:23:22 AM okhttp3.mockwebserver.MockWebServer$3 acceptConnections
INFO: MockWebServer[38181] done accepting connections: Socket closed
Aug 21, 2016 1:23:22 AM okhttp3.mockwebserver.MockWebServer$3 execute
INFO: MockWebServer[53406] starting to accept connections
Aug 21, 2016 1:23:22 AM okhttp3.mockwebserver.MockWebServer$3 acceptConnections
INFO: MockWebServer[53406] done accepting connections: Socket is closed
Aug 21, 2016 1:23:22 AM okhttp3.mockwebserver.MockWebServer$3 execute
INFO: MockWebServer[36268] starting to accept connections
Aug 21, 2016 1:23:22 AM okhttp3.mockwebserver.MockWebServer$3 acceptConnections
INFO: MockWebServer[36268] done accepting connections: Socket is closed
Aug 21, 2016 1:23:22 AM okhttp3.mockwebserver.MockWebServer$3 execute
INFO: MockWebServer[50110] starting to accept connections
Aug 21, 2016 1:23:22 AM okhttp3.mockwebserver.MockWebServer$3 acceptConnections
INFO: MockWebServer[50110] done accepting connections: Socket is closed
Aug 21, 2016 1:23:22 AM okhttp3.mockwebserver.MockWebServer$3 execute
INFO: MockWebServer[50972] starting to accept connections
Aug 21, 2016 1:23:22 AM okhttp3.mockwebserver.MockWebServer$4 processOneRequest
INFO: MockWebServer[50972] received request: GET / HTTP/1.1 and responded: HTTP/1.1 200 OK
Aug 21, 2016 1:23:22 AM okhttp3.mockwebserver.MockWebServer$3 acceptConnections
INFO: MockWebServer[50972] done accepting connections: Socket closed
Aug 21, 2016 1:23:22 AM okhttp3.mockwebserver.MockWebServer$3 execute
INFO: MockWebServer[55933] starting to accept connections
Aug 21, 2016 1:23:22 AM okhttp3.mockwebserver.MockWebServer$3 acceptConnections
INFO: MockWebServer[55933] done accepting connections: Socket is closed
Aug 21, 2016 1:23:22 AM okhttp3.mockwebserver.MockWebServer$3 execute
INFO: MockWebServer[36250] starting to accept connections
Aug 21, 2016 1:23:22 AM okhttp3.mockwebserver.MockWebServer$3 acceptConnections
INFO: MockWebServer[36250] done accepting connections: Socket is closed
Aug 21, 2016 1:23:22 AM okhttp3.mockwebserver.MockWebServer$3 execute
INFO: MockWebServer[33482] starting to accept connections
Aug 21, 2016 1:23:22 AM okhttp3.mockwebserver.MockWebServer$3 acceptConnections
INFO: MockWebServer[33482] done accepting connections: Socket closed
Aug 21, 2016 1:23:22 AM okhttp3.mockwebserver.MockWebServer$3 execute
INFO: MockWebServer[46139] starting to accept connections
Aug 21, 2016 1:23:22 AM okhttp3.mockwebserver.MockWebServer$3 acceptConnections
INFO: MockWebServer[46139] done accepting connections: Socket is closed
Aug 21, 2016 1:23:22 AM okhttp3.mockwebserver.MockWebServer$3 execute
INFO: MockWebServer[39891] starting to accept connections
Aug 21, 2016 1:23:22 AM okhttp3.mockwebserver.MockWebServer$3 acceptConnections
INFO: MockWebServer[39891] done accepting connections: Socket closed
Aug 21, 2016 1:23:22 AM okhttp3.mockwebserver.MockWebServer$3 execute
INFO: MockWebServer[50205] starting to accept connections
Aug 21, 2016 1:23:22 AM okhttp3.mockwebserver.MockWebServer$3 acceptConnections
INFO: MockWebServer[50205] done accepting connections: Socket is closed
Aug 21, 2016 1:23:22 AM okhttp3.mockwebserver.MockWebServer$3 execute
INFO: MockWebServer[54092] starting to accept connections
Aug 21, 2016 1:23:22 AM okhttp3.mockwebserver.MockWebServer$3 acceptConnections
INFO: MockWebServer[54092] done accepting connections: Socket closed
Aug 21, 2016 1:23:22 AM okhttp3.mockwebserver.MockWebServer$3 execute
INFO: MockWebServer[49551] starting to accept connections
Aug 21, 2016 1:23:22 AM okhttp3.mockwebserver.MockWebServer$3 acceptConnections
INFO: MockWebServer[49551] done accepting connections: Socket closed
Aug 21, 2016 1:23:22 AM okhttp3.mockwebserver.MockWebServer$3 execute
INFO: MockWebServer[58818] starting to accept connections
Aug 21, 2016 1:23:22 AM okhttp3.mockwebserver.MockWebServer$3 acceptConnections
INFO: MockWebServer[58818] done accepting connections: Socket closed
Aug 21, 2016 1:23:22 AM okhttp3.mockwebserver.MockWebServer$3 execute
INFO: MockWebServer[34549] starting to accept connections
Aug 21, 2016 1:23:22 AM okhttp3.mockwebserver.MockWebServer$3 acceptConnections
INFO: MockWebServer[34549] done accepting connections: Socket closed
Aug 21, 2016 1:23:22 AM okhttp3.mockwebserver.MockWebServer$3 execute
INFO: MockWebServer[52319] starting to accept connections
Aug 21, 2016 1:23:22 AM okhttp3.mockwebserver.MockWebServer$3 acceptConnections
INFO: MockWebServer[52319] done accepting connections: Socket closed
Aug 21, 2016 1:23:22 AM okhttp3.mockwebserver.MockWebServer$4 processOneRequest
INFO: MockWebServer[52319] received request: GET / HTTP/1.1 and responded: HTTP/1.1 200 OK
Aug 21, 2016 1:23:22 AM okhttp3.mockwebserver.MockWebServer$3 execute
INFO: MockWebServer[47448] starting to accept connections
Aug 21, 2016 1:23:22 AM okhttp3.mockwebserver.MockWebServer$3 acceptConnections
INFO: MockWebServer[47448] done accepting connections: Socket is closed
Aug 21, 2016 1:23:22 AM okhttp3.mockwebserver.MockWebServer$3 execute
INFO: MockWebServer[59834] starting to accept connections
Aug 21, 2016 1:23:22 AM okhttp3.mockwebserver.MockWebServer$3 acceptConnections
INFO: MockWebServer[59834] done accepting connections: Socket is closed
Aug 21, 2016 1:23:22 AM okhttp3.mockwebserver.MockWebServer$3 execute
INFO: MockWebServer[50520] starting to accept connections
Aug 21, 2016 1:23:22 AM okhttp3.mockwebserver.MockWebServer$4 processOneRequest
INFO: MockWebServer[50520] received request: GET / HTTP/1.1 and responded: HTTP/1.1 200 OK
Aug 21, 2016 1:23:22 AM okhttp3.mockwebserver.MockWebServer$3 acceptConnections
INFO: MockWebServer[50520] done accepting connections: Socket closed
Aug 21, 2016 1:23:22 AM okhttp3.mockwebserver.MockWebServer$3 execute
INFO: MockWebServer[47872] starting to accept connections
Aug 21, 2016 1:23:22 AM okhttp3.mockwebserver.MockWebServer$3 acceptConnections
INFO: MockWebServer[47872] done accepting connections: Socket closed
Aug 21, 2016 1:23:22 AM okhttp3.mockwebserver.MockWebServer$3 execute
INFO: MockWebServer[48803] starting to accept connections
Aug 21, 2016 1:23:22 AM okhttp3.mockwebserver.MockWebServer$3 acceptConnections
INFO: MockWebServer[48803] done accepting connections: Socket closed
Aug 21, 2016 1:23:22 AM okhttp3.mockwebserver.MockWebServer$4 processOneRequest
INFO: MockWebServer[48803] received request: POST / HTTP/1.1 and responded: HTTP/1.1 200 OK
Aug 21, 2016 1:23:22 AM okhttp3.mockwebserver.MockWebServer$3 execute
INFO: MockWebServer[50858] starting to accept connections
Aug 21, 2016 1:23:22 AM okhttp3.mockwebserver.MockWebServer$3 acceptConnections
INFO: MockWebServer[50858] done accepting connections: Socket is closed
Aug 21, 2016 1:23:22 AM okhttp3.mockwebserver.MockWebServer$3 execute
INFO: MockWebServer[42175] starting to accept connections
Aug 21, 2016 1:23:22 AM okhttp3.mockwebserver.MockWebServer$3 acceptConnections
INFO: MockWebServer[42175] done accepting connections: Socket is closed
Aug 21, 2016 1:23:22 AM okhttp3.mockwebserver.MockWebServer$3 execute
INFO: MockWebServer[39849] starting to accept connections
Aug 21, 2016 1:23:22 AM okhttp3.mockwebserver.MockWebServer$3 acceptConnections
INFO: MockWebServer[39849] done accepting connections: Socket is closed
Aug 21, 2016 1:23:22 AM okhttp3.mockwebserver.MockWebServer$3 execute
INFO: MockWebServer[45722] starting to accept connections
Aug 21, 2016 1:23:22 AM okhttp3.mockwebserver.MockWebServer$3 acceptConnections
INFO: MockWebServer[45722] done accepting connections: Socket is closed
Aug 21, 2016 1:23:22 AM okhttp3.mockwebserver.MockWebServer$3 execute
INFO: MockWebServer[42819] starting to accept connections
Aug 21, 2016 1:23:22 AM okhttp3.mockwebserver.MockWebServer$3 acceptConnections
INFO: MockWebServer[42819] done accepting connections: Socket closed
Aug 21, 2016 1:23:22 AM okhttp3.mockwebserver.MockWebServer$3 execute
INFO: MockWebServer[47287] starting to accept connections
Aug 21, 2016 1:23:22 AM okhttp3.mockwebserver.MockWebServer$3 acceptConnections
INFO: MockWebServer[47287] done accepting connections: Socket is closed
Aug 21, 2016 1:23:22 AM okhttp3.mockwebserver.MockWebServer$3 execute
INFO: MockWebServer[40190] starting to accept connections
Aug 21, 2016 1:23:22 AM okhttp3.mockwebserver.MockWebServer$3 acceptConnections
INFO: MockWebServer[40190] done accepting connections: Socket is closed
Aug 21, 2016 1:23:22 AM okhttp3.mockwebserver.MockWebServer$3 execute
INFO: MockWebServer[42144] starting to accept connections
Aug 21, 2016 1:23:22 AM okhttp3.mockwebserver.MockWebServer$3 acceptConnections
INFO: MockWebServer[42144] done accepting connections: Socket closed
Aug 21, 2016 1:23:22 AM okhttp3.mockwebserver.MockWebServer$4 processOneRequest
INFO: MockWebServer[42144] received request: GET / HTTP/1.1 and responded: HTTP/1.1 200 OK
Aug 21, 2016 1:23:22 AM okhttp3.mockwebserver.MockWebServer$3 execute
INFO: MockWebServer[60821] starting to accept connections
Aug 21, 2016 1:23:22 AM okhttp3.mockwebserver.MockWebServer$3 acceptConnections
INFO: MockWebServer[60821] done accepting connections: Socket is closed
Aug 21, 2016 1:23:22 AM okhttp3.mockwebserver.MockWebServer$3 execute
INFO: MockWebServer[44161] starting to accept connections
Aug 21, 2016 1:23:22 AM okhttp3.mockwebserver.MockWebServer$3 acceptConnections
INFO: MockWebServer[44161] done accepting connections: Socket closed
Aug 21, 2016 1:23:22 AM okhttp3.mockwebserver.MockWebServer$3 execute
INFO: MockWebServer[39653] starting to accept connections
Aug 21, 2016 1:23:22 AM okhttp3.mockwebserver.MockWebServer$3 acceptConnections
INFO: MockWebServer[39653] done accepting connections: Socket is closed
Aug 21, 2016 1:23:22 AM okhttp3.mockwebserver.MockWebServer$3 execute
INFO: MockWebServer[42978] starting to accept connections
Aug 21, 2016 1:23:22 AM okhttp3.mockwebserver.MockWebServer$3 acceptConnections
INFO: MockWebServer[42978] done accepting connections: Socket is closed
Aug 21, 2016 1:23:22 AM okhttp3.mockwebserver.MockWebServer$3 execute
INFO: MockWebServer[44613] starting to accept connections
Aug 21, 2016 1:23:22 AM okhttp3.mockwebserver.MockWebServer$4 processOneRequest
INFO: MockWebServer[44613] received request: GET / HTTP/1.1 and responded: HTTP/1.1 200 OK
Aug 21, 2016 1:23:22 AM okhttp3.mockwebserver.MockWebServer$4 processOneRequest
INFO: MockWebServer[44613] received request: GET / HTTP/1.1 and responded: HTTP/1.1 200 OK
Aug 21, 2016 1:23:22 AM okhttp3.mockwebserver.MockWebServer$3 acceptConnections
INFO: MockWebServer[44613] done accepting connections: Socket closed
Aug 21, 2016 1:23:22 AM okhttp3.mockwebserver.MockWebServer$3 execute
INFO: MockWebServer[48497] starting to accept connections
Aug 21, 2016 1:23:22 AM okhttp3.mockwebserver.MockWebServer$3 acceptConnections
INFO: MockWebServer[48497] done accepting connections: Socket closed
Aug 21, 2016 1:23:22 AM okhttp3.mockwebserver.MockWebServer$3 execute
INFO: MockWebServer[33211] starting to accept connections
Aug 21, 2016 1:23:22 AM okhttp3.mockwebserver.MockWebServer$3 acceptConnections
INFO: MockWebServer[33211] done accepting connections: Socket is closed
Aug 21, 2016 1:23:22 AM okhttp3.mockwebserver.MockWebServer$3 execute
INFO: MockWebServer[42955] starting to accept connections
Aug 21, 2016 1:23:22 AM okhttp3.mockwebserver.MockWebServer$3 acceptConnections
INFO: MockWebServer[42955] done accepting connections: Socket is closed
Aug 21, 2016 1:23:22 AM okhttp3.mockwebserver.MockWebServer$3 execute
INFO: MockWebServer[44069] starting to accept connections
Aug 21, 2016 1:23:22 AM okhttp3.mockwebserver.MockWebServer$3 acceptConnections
INFO: MockWebServer[44069] done accepting connections: Socket is closed
Aug 21, 2016 1:23:22 AM okhttp3.mockwebserver.MockWebServer$3 execute
INFO: MockWebServer[57412] starting to accept connections
Aug 21, 2016 1:23:22 AM okhttp3.mockwebserver.MockWebServer$3 acceptConnections
INFO: MockWebServer[57412] done accepting connections: Socket is closed
Aug 21, 2016 1:23:22 AM okhttp3.mockwebserver.MockWebServer$3 execute
INFO: MockWebServer[44555] starting to accept connections
Aug 21, 2016 1:23:22 AM okhttp3.mockwebserver.MockWebServer$3 acceptConnections
INFO: MockWebServer[44555] done accepting connections: Socket closed
Aug 21, 2016 1:23:22 AM okhttp3.mockwebserver.MockWebServer$3 execute
INFO: MockWebServer[50760] starting to accept connections
Aug 21, 2016 1:23:22 AM okhttp3.mockwebserver.MockWebServer$3 acceptConnections
INFO: MockWebServer[50760] done accepting connections: Socket closed
Aug 21, 2016 1:23:22 AM okhttp3.mockwebserver.MockWebServer$3 execute
INFO: MockWebServer[46075] starting to accept connections
Aug 21, 2016 1:23:22 AM okhttp3.mockwebserver.MockWebServer$3 acceptConnections
INFO: MockWebServer[46075] done accepting connections: Socket is closed
Aug 21, 2016 1:23:22 AM okhttp3.mockwebserver.MockWebServer$3 execute
INFO: MockWebServer[57714] starting to accept connections
Aug 21, 2016 1:23:22 AM okhttp3.mockwebserver.MockWebServer$3 acceptConnections
INFO: MockWebServer[57714] done accepting connections: Socket is closed
Aug 21, 2016 1:23:22 AM okhttp3.mockwebserver.MockWebServer$3 execute
INFO: MockWebServer[49365] starting to accept connections
Aug 21, 2016 1:23:22 AM okhttp3.mockwebserver.MockWebServer$3 acceptConnections
INFO: MockWebServer[49365] done accepting connections: Socket closed
Aug 21, 2016 1:23:22 AM okhttp3.mockwebserver.MockWebServer$3 execute
INFO: MockWebServer[33450] starting to accept connections
Aug 21, 2016 1:23:22 AM okhttp3.mockwebserver.MockWebServer$3 acceptConnections
INFO: MockWebServer[33450] done accepting connections: Socket is closed
Aug 21, 2016 1:23:22 AM okhttp3.mockwebserver.MockWebServer$3 execute
INFO: MockWebServer[41263] starting to accept connections
Aug 21, 2016 1:23:22 AM okhttp3.mockwebserver.MockWebServer$4 processOneRequest
INFO: MockWebServer[41263] received request: GET /?i=101 HTTP/1.1 and responded: HTTP/1.1 200 OK
Aug 21, 2016 1:23:22 AM okhttp3.mockwebserver.MockWebServer$4 processOneRequest
INFO: MockWebServer[41263] received request: GET /?i=201 HTTP/1.1 and responded: HTTP/1.1 200 OK
Aug 21, 2016 1:23:23 AM okhttp3.mockwebserver.MockWebServer$3 acceptConnections
INFO: MockWebServer[41263] done accepting connections: Socket closed
Aug 21, 2016 1:23:23 AM okhttp3.mockwebserver.MockWebServer$3 execute
INFO: MockWebServer[46739] starting to accept connections
Aug 21, 2016 1:23:23 AM okhttp3.mockwebserver.MockWebServer$3 acceptConnections
INFO: MockWebServer[46739] done accepting connections: Socket is closed
Aug 21, 2016 1:23:23 AM okhttp3.mockwebserver.MockWebServer$3 execute
INFO: MockWebServer[54610] starting to accept connections
Aug 21, 2016 1:23:23 AM okhttp3.mockwebserver.MockWebServer$3 acceptConnections
INFO: MockWebServer[54610] done accepting connections: Socket closed
Aug 21, 2016 1:23:23 AM okhttp3.mockwebserver.MockWebServer$3 execute
INFO: MockWebServer[59198] starting to accept connections
Aug 21, 2016 1:23:23 AM okhttp3.mockwebserver.MockWebServer$3 acceptConnections
INFO: MockWebServer[59198] done accepting connections: Socket is closed
Aug 21, 2016 1:23:23 AM okhttp3.mockwebserver.MockWebServer$3 execute
INFO: MockWebServer[43464] starting to accept connections
Aug 21, 2016 1:23:23 AM okhttp3.mockwebserver.MockWebServer$3 acceptConnections
INFO: MockWebServer[43464] done accepting connections: Socket is closed
Aug 21, 2016 1:23:23 AM okhttp3.mockwebserver.MockWebServer$3 execute
INFO: MockWebServer[43678] starting to accept connections
Aug 21, 2016 1:23:23 AM okhttp3.mockwebserver.MockWebServer$3 acceptConnections
INFO: MockWebServer[43678] done accepting connections: Socket is closed
Aug 21, 2016 1:23:23 AM okhttp3.mockwebserver.MockWebServer$3 execute
INFO: MockWebServer[44186] starting to accept connections
Aug 21, 2016 1:23:23 AM okhttp3.mockwebserver.MockWebServer$3 acceptConnections
INFO: MockWebServer[44186] done accepting connections: Socket is closed
Aug 21, 2016 1:23:23 AM okhttp3.mockwebserver.MockWebServer$3 execute
INFO: MockWebServer[47108] starting to accept connections
Aug 21, 2016 1:23:23 AM okhttp3.mockwebserver.MockWebServer$3 acceptConnections
INFO: MockWebServer[47108] done accepting connections: Socket is closed
Aug 21, 2016 1:23:23 AM okhttp3.mockwebserver.MockWebServer$3 execute
INFO: MockWebServer[38830] starting to accept connections
Aug 21, 2016 1:23:23 AM okhttp3.mockwebserver.MockWebServer$3 acceptConnections
INFO: MockWebServer[38830] done accepting connections: Socket is closed
Aug 21, 2016 1:23:23 AM okhttp3.mockwebserver.MockWebServer$3 execute
INFO: MockWebServer[38384] starting to accept connections
Aug 21, 2016 1:23:23 AM okhttp3.mockwebserver.MockWebServer$3 acceptConnections
INFO: MockWebServer[38384] done accepting connections: Socket is closed
Aug 21, 2016 1:23:23 AM okhttp3.mockwebserver.MockWebServer$3 execute
INFO: MockWebServer[41382] starting to accept connections
Aug 21, 2016 1:23:23 AM okhttp3.mockwebserver.MockWebServer$3 acceptConnections
INFO: MockWebServer[41382] done accepting connections: Socket is closed
Aug 21, 2016 1:23:23 AM okhttp3.mockwebserver.MockWebServer$3 execute
INFO: MockWebServer[42662] starting to accept connections
Aug 21, 2016 1:23:23 AM okhttp3.mockwebserver.MockWebServer$3 acceptConnections
INFO: MockWebServer[42662] done accepting connections: Socket is closed
Aug 21, 2016 1:23:23 AM okhttp3.mockwebserver.MockWebServer$3 execute
INFO: MockWebServer[59616] starting to accept connections
Aug 21, 2016 1:23:23 AM okhttp3.mockwebserver.MockWebServer$3 acceptConnections
INFO: MockWebServer[59616] done accepting connections: Socket closed
Aug 21, 2016 1:23:23 AM okhttp3.mockwebserver.MockWebServer$3 execute
INFO: MockWebServer[35792] starting to accept connections
Aug 21, 2016 1:23:23 AM okhttp3.mockwebserver.MockWebServer$3 acceptConnections
INFO: MockWebServer[35792] done accepting connections: Socket is closed
Aug 21, 2016 1:23:23 AM okhttp3.mockwebserver.MockWebServer$3 execute
INFO: MockWebServer[40415] starting to accept connections
Aug 21, 2016 1:23:23 AM okhttp3.mockwebserver.MockWebServer$3 acceptConnections
INFO: MockWebServer[40415] done accepting connections: Socket closed
Aug 21, 2016 1:23:23 AM okhttp3.mockwebserver.MockWebServer$3 execute
INFO: MockWebServer[50866] starting to accept connections
Aug 21, 2016 1:23:23 AM okhttp3.mockwebserver.MockWebServer$3 acceptConnections
INFO: MockWebServer[50866] done accepting connections: Socket closed
Aug 21, 2016 1:23:23 AM okhttp3.mockwebserver.MockWebServer$3 execute
INFO: MockWebServer[60986] starting to accept connections
Aug 21, 2016 1:23:23 AM okhttp3.mockwebserver.MockWebServer$3 acceptConnections
INFO: MockWebServer[60986] done accepting connections: Socket closed
Aug 21, 2016 1:23:23 AM okhttp3.mockwebserver.MockWebServer$3 execute
INFO: MockWebServer[59067] starting to accept connections
Aug 21, 2016 1:23:23 AM okhttp3.mockwebserver.MockWebServer$3 acceptConnections
INFO: MockWebServer[59067] done accepting connections: Socket closed
Tests run: 64, Failures: 0, Errors: 0, Skipped: 0, Time elapsed: 0.616 sec
Running retrofit2.RequestBuilderAndroidTest
WARNING: No manifest file found at ./AndroidManifest.xml.Falling back to the Android OS resources only.
To remove this warning, annotate your test class with @Config(manifest=Config.NONE).
WARNING: No manifest file found at ./AndroidManifest.xml.Falling back to the Android OS resources only.
To remove this warning, annotate your test class with @Config(manifest=Config.NONE).
Tests run: 2, Failures: 0, Errors: 0, Skipped: 0, Time elapsed: 8.083 sec
Running retrofit2.CallAdapterTest
Tests run: 4, Failures: 0, Errors: 0, Skipped: 0, Time elapsed: 0.018 sec
Running retrofit2.ResponseTest
Tests run: 14, Failures: 0, Errors: 0, Skipped: 0, Time elapsed: 0.072 sec

Results :

Tests run: 265, Failures: 0, Errors: 0, Skipped: 2

[INFO] 
[INFO] --- animal-sniffer-maven-plugin:1.14:check (default) @ retrofit ---
[INFO] Checking unresolved references to org.codehaus.mojo.signature:java16:1.1
[INFO]                                                                         
[INFO] ------------------------------------------------------------------------
[INFO] Building Adapters 2.1.1-SNAPSHOT
[INFO] ------------------------------------------------------------------------
[INFO] 
[INFO] --- maven-enforcer-plugin:1.0:enforce (enforce-maven) @ retrofit-adapters ---
[INFO] 
[INFO] --- animal-sniffer-maven-plugin:1.14:check (default) @ retrofit-adapters ---
[INFO] Checking unresolved references to org.codehaus.mojo.signature:java16:1.1
[INFO]                                                                         
[INFO] ------------------------------------------------------------------------
[INFO] Building Adapter: Guava 2.1.1-SNAPSHOT
[INFO] ------------------------------------------------------------------------
[INFO] 
[INFO] --- maven-enforcer-plugin:1.0:enforce (enforce-maven) @ adapter-guava ---
[INFO] 
[INFO] --- maven-resources-plugin:2.6:resources (default-resources) @ adapter-guava ---
[INFO] Using 'UTF-8' encoding to copy filtered resources.
[INFO] skip non existing resourceDirectory /home/travis/build/square/retrofit/retrofit-adapters/guava/src/main/resources
[INFO] 
[INFO] --- maven-compiler-plugin:3.0:compile (default-compile) @ adapter-guava ---
[INFO] Changes detected - recompiling the module!
[INFO] Compiling 2 source files to /home/travis/build/square/retrofit/retrofit-adapters/guava/target/classes
[INFO] 
[INFO] --- maven-resources-plugin:2.6:testResources (default-testResources) @ adapter-guava ---
[INFO] Using 'UTF-8' encoding to copy filtered resources.
[INFO] skip non existing resourceDirectory /home/travis/build/square/retrofit/retrofit-adapters/guava/src/test/resources
[INFO] 
[INFO] --- maven-compiler-plugin:3.0:testCompile (default-testCompile) @ adapter-guava ---
[INFO] Changes detected - recompiling the module!
[INFO] Compiling 3 source files to /home/travis/build/square/retrofit/retrofit-adapters/guava/target/test-classes
[INFO] 
[INFO] --- maven-surefire-plugin:2.12.4:test (default-test) @ adapter-guava ---
[INFO] Surefire report directory: /home/travis/build/square/retrofit/retrofit-adapters/guava/target/surefire-reports

-------------------------------------------------------
 T E S T S
-------------------------------------------------------
Running retrofit2.adapter.guava.ListenableFutureTest
Aug 21, 2016 1:23:33 AM okhttp3.mockwebserver.MockWebServer$3 execute
INFO: MockWebServer[56282] starting to accept connections
Aug 21, 2016 1:23:33 AM okhttp3.mockwebserver.MockWebServer$4 processOneRequest
INFO: MockWebServer[56282] received request: GET / HTTP/1.1 and responded: HTTP/1.1 200 OK
Aug 21, 2016 1:23:33 AM okhttp3.mockwebserver.MockWebServer$3 acceptConnections
INFO: MockWebServer[56282] done accepting connections: Socket closed
Aug 21, 2016 1:23:33 AM okhttp3.mockwebserver.MockWebServer$3 execute
INFO: MockWebServer[45550] starting to accept connections
Aug 21, 2016 1:23:33 AM okhttp3.mockwebserver.MockWebServer$3 acceptConnections
INFO: MockWebServer[45550] done accepting connections: Socket closed
Aug 21, 2016 1:23:33 AM okhttp3.mockwebserver.MockWebServer$4 processOneRequest
INFO: MockWebServer[45550] received request: GET / HTTP/1.1 and responded: HTTP/1.1 404 Client Error
Aug 21, 2016 1:23:34 AM okhttp3.mockwebserver.MockWebServer$3 execute
INFO: MockWebServer[48959] starting to accept connections
Aug 21, 2016 1:23:34 AM okhttp3.mockwebserver.MockWebServer$4 processConnection
WARNING: MockWebServer[48959] connection from /127.0.0.1 didn't make a request
Aug 21, 2016 1:23:34 AM okhttp3.mockwebserver.MockWebServer$3 acceptConnections
INFO: MockWebServer[48959] done accepting connections: Socket closed
Aug 21, 2016 1:23:34 AM okhttp3.mockwebserver.MockWebServer$3 execute
INFO: MockWebServer[42309] starting to accept connections
Aug 21, 2016 1:23:34 AM okhttp3.mockwebserver.MockWebServer$3 acceptConnections
INFO: MockWebServer[42309] done accepting connections: Socket closed
Aug 21, 2016 1:23:34 AM okhttp3.mockwebserver.MockWebServer$4 processOneRequest
INFO: MockWebServer[42309] received request: GET / HTTP/1.1 and responded: HTTP/1.1 200 OK
Aug 21, 2016 1:23:34 AM okhttp3.mockwebserver.MockWebServer$3 execute
INFO: MockWebServer[37187] starting to accept connections
Aug 21, 2016 1:23:34 AM okhttp3.mockwebserver.MockWebServer$4 processOneRequest
INFO: MockWebServer[37187] received request: GET / HTTP/1.1 and responded: HTTP/1.1 404 Client Error
Aug 21, 2016 1:23:34 AM okhttp3.mockwebserver.MockWebServer$3 acceptConnections
INFO: MockWebServer[37187] done accepting connections: Socket closed
Aug 21, 2016 1:23:34 AM okhttp3.mockwebserver.MockWebServer$3 execute
INFO: MockWebServer[43042] starting to accept connections
Aug 21, 2016 1:23:34 AM okhttp3.mockwebserver.MockWebServer$3 acceptConnections
INFO: MockWebServer[43042] done accepting connections: Socket closed
Aug 21, 2016 1:23:34 AM okhttp3.mockwebserver.MockWebServer$4 processConnection
WARNING: MockWebServer[43042] connection from /127.0.0.1 didn't make a request
Tests run: 6, Failures: 0, Errors: 0, Skipped: 0, Time elapsed: 0.642 sec
Running retrofit2.adapter.guava.GuavaCallAdapterFactoryTest
Aug 21, 2016 1:23:34 AM okhttp3.mockwebserver.MockWebServer$3 execute
INFO: MockWebServer[37098] starting to accept connections
Aug 21, 2016 1:23:34 AM okhttp3.mockwebserver.MockWebServer$3 acceptConnections
INFO: MockWebServer[37098] done accepting connections: Socket is closed
Aug 21, 2016 1:23:34 AM okhttp3.mockwebserver.MockWebServer$3 execute
INFO: MockWebServer[53865] starting to accept connections
Aug 21, 2016 1:23:34 AM okhttp3.mockwebserver.MockWebServer$3 acceptConnections
INFO: MockWebServer[53865] done accepting connections: Socket is closed
Aug 21, 2016 1:23:34 AM okhttp3.mockwebserver.MockWebServer$3 execute
INFO: MockWebServer[58403] starting to accept connections
Aug 21, 2016 1:23:34 AM okhttp3.mockwebserver.MockWebServer$3 acceptConnections
INFO: MockWebServer[58403] done accepting connections: Socket is closed
Aug 21, 2016 1:23:34 AM okhttp3.mockwebserver.MockWebServer$3 execute
INFO: MockWebServer[48732] starting to accept connections
Aug 21, 2016 1:23:34 AM okhttp3.mockwebserver.MockWebServer$3 acceptConnections
INFO: MockWebServer[48732] done accepting connections: Socket is closed
Tests run: 4, Failures: 0, Errors: 0, Skipped: 0, Time elapsed: 0.037 sec

Results :

Tests run: 10, Failures: 0, Errors: 0, Skipped: 0

[INFO] 
[INFO] --- animal-sniffer-maven-plugin:1.14:check (default) @ adapter-guava ---
[INFO] Checking unresolved references to org.codehaus.mojo.signature:java16:1.1
[INFO]                                                                         
[INFO] ------------------------------------------------------------------------
[INFO] Building Adapter: Java 8 2.1.1-SNAPSHOT
[INFO] ------------------------------------------------------------------------
[INFO] 
[INFO] --- maven-enforcer-plugin:1.0:enforce (enforce-maven) @ adapter-java8 ---
[INFO] 
[INFO] --- maven-resources-plugin:2.6:resources (default-resources) @ adapter-java8 ---
[INFO] Using 'UTF-8' encoding to copy filtered resources.
[INFO] skip non existing resourceDirectory /home/travis/build/square/retrofit/retrofit-adapters/java8/src/main/resources
[INFO] 
[INFO] --- maven-compiler-plugin:3.0:compile (default-compile) @ adapter-java8 ---
[INFO] Changes detected - recompiling the module!
[INFO] Compiling 2 source files to /home/travis/build/square/retrofit/retrofit-adapters/java8/target/classes
[INFO] 
[INFO] --- maven-resources-plugin:2.6:testResources (default-testResources) @ adapter-java8 ---
[INFO] Using 'UTF-8' encoding to copy filtered resources.
[INFO] skip non existing resourceDirectory /home/travis/build/square/retrofit/retrofit-adapters/java8/src/test/resources
[INFO] 
[INFO] --- maven-compiler-plugin:3.0:testCompile (default-testCompile) @ adapter-java8 ---
[INFO] Changes detected - recompiling the module!
[INFO] Compiling 3 source files to /home/travis/build/square/retrofit/retrofit-adapters/java8/target/test-classes
[INFO] 
[INFO] --- maven-surefire-plugin:2.12.4:test (default-test) @ adapter-java8 ---
[INFO] Surefire report directory: /home/travis/build/square/retrofit/retrofit-adapters/java8/target/surefire-reports

-------------------------------------------------------
 T E S T S
-------------------------------------------------------
Running retrofit2.adapter.java8.Java8CallAdapterFactoryTest
Aug 21, 2016 1:23:35 AM okhttp3.mockwebserver.MockWebServer$3 execute
INFO: MockWebServer[46195] starting to accept connections
Aug 21, 2016 1:23:35 AM okhttp3.mockwebserver.MockWebServer$3 acceptConnections
INFO: MockWebServer[46195] done accepting connections: Socket closed
Aug 21, 2016 1:23:35 AM okhttp3.mockwebserver.MockWebServer$3 execute
INFO: MockWebServer[55744] starting to accept connections
Aug 21, 2016 1:23:35 AM okhttp3.mockwebserver.MockWebServer$3 acceptConnections
INFO: MockWebServer[55744] done accepting connections: Socket is closed
Aug 21, 2016 1:23:35 AM okhttp3.mockwebserver.MockWebServer$3 execute
INFO: MockWebServer[50714] starting to accept connections
Aug 21, 2016 1:23:35 AM okhttp3.mockwebserver.MockWebServer$3 acceptConnections
INFO: MockWebServer[50714] done accepting connections: Socket is closed
Aug 21, 2016 1:23:35 AM okhttp3.mockwebserver.MockWebServer$3 execute
INFO: MockWebServer[52789] starting to accept connections
Aug 21, 2016 1:23:35 AM okhttp3.mockwebserver.MockWebServer$3 acceptConnections
INFO: MockWebServer[52789] done accepting connections: Socket is closed
Tests run: 4, Failures: 0, Errors: 0, Skipped: 0, Time elapsed: 0.505 sec
Running retrofit2.adapter.java8.CompletableFutureTest
Aug 21, 2016 1:23:35 AM okhttp3.mockwebserver.MockWebServer$3 execute
INFO: MockWebServer[37996] starting to accept connections
Aug 21, 2016 1:23:35 AM okhttp3.mockwebserver.MockWebServer$4 processOneRequest
INFO: MockWebServer[37996] received request: GET / HTTP/1.1 and responded: HTTP/1.1 200 OK
Aug 21, 2016 1:23:35 AM okhttp3.mockwebserver.MockWebServer$3 acceptConnections
INFO: MockWebServer[37996] done accepting connections: Socket closed
Aug 21, 2016 1:23:35 AM okhttp3.mockwebserver.MockWebServer$3 execute
INFO: MockWebServer[53656] starting to accept connections
Aug 21, 2016 1:23:35 AM okhttp3.mockwebserver.MockWebServer$4 processOneRequest
INFO: MockWebServer[53656] received request: GET / HTTP/1.1 and responded: HTTP/1.1 404 Client Error
Aug 21, 2016 1:23:35 AM okhttp3.mockwebserver.MockWebServer$3 acceptConnections
INFO: MockWebServer[53656] done accepting connections: Socket closed
Aug 21, 2016 1:23:35 AM okhttp3.mockwebserver.MockWebServer$3 execute
INFO: MockWebServer[39281] starting to accept connections
Aug 21, 2016 1:23:35 AM okhttp3.mockwebserver.MockWebServer$4 processConnection
WARNING: MockWebServer[39281] connection from /127.0.0.1 didn't make a request
Aug 21, 2016 1:23:35 AM okhttp3.mockwebserver.MockWebServer$3 acceptConnections
INFO: MockWebServer[39281] done accepting connections: Socket closed
Aug 21, 2016 1:23:35 AM okhttp3.mockwebserver.MockWebServer$3 execute
INFO: MockWebServer[60457] starting to accept connections
Aug 21, 2016 1:23:35 AM okhttp3.mockwebserver.MockWebServer$3 acceptConnections
INFO: MockWebServer[60457] done accepting connections: Socket closed
Aug 21, 2016 1:23:35 AM okhttp3.mockwebserver.MockWebServer$4 processOneRequest
INFO: MockWebServer[60457] received request: GET / HTTP/1.1 and responded: HTTP/1.1 200 OK
Aug 21, 2016 1:23:35 AM okhttp3.mockwebserver.MockWebServer$3 execute
INFO: MockWebServer[37838] starting to accept connections
Aug 21, 2016 1:23:35 AM okhttp3.mockwebserver.MockWebServer$4 processOneRequest
INFO: MockWebServer[37838] received request: GET / HTTP/1.1 and responded: HTTP/1.1 404 Client Error
Aug 21, 2016 1:23:35 AM okhttp3.mockwebserver.MockWebServer$3 acceptConnections
INFO: MockWebServer[37838] done accepting connections: Socket closed
Aug 21, 2016 1:23:35 AM okhttp3.mockwebserver.MockWebServer$3 execute
INFO: MockWebServer[56466] starting to accept connections
Aug 21, 2016 1:23:35 AM okhttp3.mockwebserver.MockWebServer$4 processConnection
WARNING: MockWebServer[56466] connection from /127.0.0.1 didn't make a request
Aug 21, 2016 1:23:35 AM okhttp3.mockwebserver.MockWebServer$3 acceptConnections
INFO: MockWebServer[56466] done accepting connections: Socket closed
Tests run: 6, Failures: 0, Errors: 0, Skipped: 0, Time elapsed: 0.151 sec

Results :

Tests run: 10, Failures: 0, Errors: 0, Skipped: 0

[INFO] 
[INFO] --- animal-sniffer-maven-plugin:1.14:check (default) @ adapter-java8 ---
[INFO] Checking unresolved references to org.kaazing.mojo.signature:java18:1.0
[INFO]                                                                         
[INFO] ------------------------------------------------------------------------
[INFO] Building Adapter: RxJava 2.1.1-SNAPSHOT
[INFO] ------------------------------------------------------------------------
[INFO] 
[INFO] --- maven-enforcer-plugin:1.0:enforce (enforce-maven) @ adapter-rxjava ---
[INFO] 
[INFO] --- maven-resources-plugin:2.6:resources (default-resources) @ adapter-rxjava ---
[INFO] Using 'UTF-8' encoding to copy filtered resources.
[INFO] skip non existing resourceDirectory /home/travis/build/square/retrofit/retrofit-adapters/rxjava/src/main/resources
[INFO] 
[INFO] --- maven-compiler-plugin:3.0:compile (default-compile) @ adapter-rxjava ---
[INFO] Changes detected - recompiling the module!
[INFO] Compiling 7 source files to /home/travis/build/square/retrofit/retrofit-adapters/rxjava/target/classes
[WARNING] /home/travis/build/square/retrofit/retrofit-adapters/rxjava/src/main/java/retrofit2/adapter/rxjava/CallOnSubscribe.java: Some input files use or override a deprecated API.
[WARNING] /home/travis/build/square/retrofit/retrofit-adapters/rxjava/src/main/java/retrofit2/adapter/rxjava/CallOnSubscribe.java: Recompile with -Xlint:deprecation for details.
[INFO] 
[INFO] --- maven-resources-plugin:2.6:testResources (default-testResources) @ adapter-rxjava ---
[INFO] Using 'UTF-8' encoding to copy filtered resources.
[INFO] skip non existing resourceDirectory /home/travis/build/square/retrofit/retrofit-adapters/rxjava/src/test/resources
[INFO] 
[INFO] --- maven-compiler-plugin:3.0:testCompile (default-testCompile) @ adapter-rxjava ---
[INFO] Changes detected - recompiling the module!
[INFO] Compiling 13 source files to /home/travis/build/square/retrofit/retrofit-adapters/rxjava/target/test-classes
[WARNING] /home/travis/build/square/retrofit/retrofit-adapters/rxjava/src/test/java/retrofit2/adapter/rxjava/RxJavaPluginsResetRule.java: Some input files use or override a deprecated API.
[WARNING] /home/travis/build/square/retrofit/retrofit-adapters/rxjava/src/test/java/retrofit2/adapter/rxjava/RxJavaPluginsResetRule.java: Recompile with -Xlint:deprecation for details.
[INFO] 
[INFO] --- maven-surefire-plugin:2.12.4:test (default-test) @ adapter-rxjava ---
[INFO] Surefire report directory: /home/travis/build/square/retrofit/retrofit-adapters/rxjava/target/surefire-reports

-------------------------------------------------------
 T E S T S
-------------------------------------------------------
Running retrofit2.adapter.rxjava.ObservableWithSchedulerTest
Aug 21, 2016 1:23:37 AM okhttp3.mockwebserver.MockWebServer$3 execute
INFO: MockWebServer[60660] starting to accept connections
Aug 21, 2016 1:23:37 AM okhttp3.mockwebserver.MockWebServer$4 processOneRequest
INFO: MockWebServer[60660] received request: GET / HTTP/1.1 and responded: HTTP/1.1 200 OK
Aug 21, 2016 1:23:37 AM okhttp3.mockwebserver.MockWebServer$3 acceptConnections
INFO: MockWebServer[60660] done accepting connections: Socket closed
Aug 21, 2016 1:23:37 AM okhttp3.mockwebserver.MockWebServer$3 execute
INFO: MockWebServer[56823] starting to accept connections
Aug 21, 2016 1:23:37 AM okhttp3.mockwebserver.MockWebServer$4 processOneRequest
INFO: MockWebServer[56823] received request: GET / HTTP/1.1 and responded: HTTP/1.1 200 OK
Aug 21, 2016 1:23:37 AM okhttp3.mockwebserver.MockWebServer$3 acceptConnections
INFO: MockWebServer[56823] done accepting connections: Socket closed
Aug 21, 2016 1:23:37 AM okhttp3.mockwebserver.MockWebServer$3 execute
INFO: MockWebServer[39050] starting to accept connections
Aug 21, 2016 1:23:37 AM okhttp3.mockwebserver.MockWebServer$4 processOneRequest
INFO: MockWebServer[39050] received request: GET / HTTP/1.1 and responded: HTTP/1.1 200 OK
Aug 21, 2016 1:23:37 AM okhttp3.mockwebserver.MockWebServer$3 acceptConnections
INFO: MockWebServer[39050] done accepting connections: Socket closed
Tests run: 3, Failures: 0, Errors: 0, Skipped: 0, Time elapsed: 0.588 sec
Running retrofit2.adapter.rxjava.RxJavaCallAdapterFactoryTest
Tests run: 6, Failures: 0, Errors: 0, Skipped: 0, Time elapsed: 0.034 sec
Running retrofit2.adapter.rxjava.CompletableTest
Aug 21, 2016 1:23:37 AM okhttp3.mockwebserver.MockWebServer$3 execute
INFO: MockWebServer[47787] starting to accept connections
Aug 21, 2016 1:23:37 AM okhttp3.mockwebserver.MockWebServer$4 processOneRequest
INFO: MockWebServer[47787] received request: GET / HTTP/1.1 and responded: HTTP/1.1 200 OK
Aug 21, 2016 1:23:37 AM okhttp3.mockwebserver.MockWebServer$3 acceptConnections
INFO: MockWebServer[47787] done accepting connections: Socket closed
Aug 21, 2016 1:23:37 AM okhttp3.mockwebserver.MockWebServer$3 execute
INFO: MockWebServer[46095] starting to accept connections
Aug 21, 2016 1:23:37 AM okhttp3.mockwebserver.MockWebServer$3 acceptConnections
INFO: MockWebServer[46095] done accepting connections: Socket closed
Aug 21, 2016 1:23:37 AM okhttp3.mockwebserver.MockWebServer$4 processOneRequest
INFO: MockWebServer[46095] received request: GET / HTTP/1.1 and responded: HTTP/1.1 404 Client Error
Aug 21, 2016 1:23:37 AM okhttp3.mockwebserver.MockWebServer$3 execute
INFO: MockWebServer[39120] starting to accept connections
Aug 21, 2016 1:23:37 AM okhttp3.mockwebserver.MockWebServer$4 processConnection
WARNING: MockWebServer[39120] connection from /127.0.0.1 didn't make a request
Aug 21, 2016 1:23:37 AM okhttp3.mockwebserver.MockWebServer$3 acceptConnections
INFO: MockWebServer[39120] done accepting connections: Socket closed
Aug 21, 2016 1:23:37 AM okhttp3.mockwebserver.MockWebServer$3 execute
INFO: MockWebServer[38869] starting to accept connections
Aug 21, 2016 1:23:37 AM okhttp3.mockwebserver.MockWebServer$3 acceptConnections
INFO: MockWebServer[38869] done accepting connections: Socket closed
Aug 21, 2016 1:23:37 AM okhttp3.mockwebserver.MockWebServer$4 processOneRequest
INFO: MockWebServer[38869] received request: GET / HTTP/1.1 and responded: HTTP/1.1 200 OK
Aug 21, 2016 1:23:37 AM okhttp3.mockwebserver.MockWebServer$3 execute
INFO: MockWebServer[54442] starting to accept connections
Aug 21, 2016 1:23:37 AM okhttp3.mockwebserver.MockWebServer$4 processOneRequest
INFO: MockWebServer[54442] received request: GET / HTTP/1.1 and responded: HTTP/1.1 404 Client Error
Aug 21, 2016 1:23:37 AM okhttp3.mockwebserver.MockWebServer$3 acceptConnections
INFO: MockWebServer[54442] done accepting connections: Socket closed
Tests run: 5, Failures: 0, Errors: 0, Skipped: 0, Time elapsed: 0.083 sec
Running retrofit2.adapter.rxjava.SingleTest
Aug 21, 2016 1:23:37 AM okhttp3.mockwebserver.MockWebServer$3 execute
INFO: MockWebServer[46656] starting to accept connections
Aug 21, 2016 1:23:37 AM okhttp3.mockwebserver.MockWebServer$4 processConnection
WARNING: MockWebServer[46656] connection from /127.0.0.1 didn't make a request
Aug 21, 2016 1:23:37 AM okhttp3.mockwebserver.MockWebServer$3 acceptConnections
INFO: MockWebServer[46656] done accepting connections: Socket closed
Aug 21, 2016 1:23:37 AM okhttp3.mockwebserver.MockWebServer$3 execute
INFO: MockWebServer[45668] starting to accept connections
Aug 21, 2016 1:23:37 AM okhttp3.mockwebserver.MockWebServer$4 processOneRequest
INFO: MockWebServer[45668] received request: GET / HTTP/1.1 and responded: HTTP/1.1 200 OK
Aug 21, 2016 1:23:37 AM okhttp3.mockwebserver.MockWebServer$3 acceptConnections
INFO: MockWebServer[45668] done accepting connections: Socket closed
Aug 21, 2016 1:23:37 AM okhttp3.mockwebserver.MockWebServer$3 execute
INFO: MockWebServer[46116] starting to accept connections
Aug 21, 2016 1:23:37 AM okhttp3.mockwebserver.MockWebServer$4 processOneRequest
INFO: MockWebServer[46116] received request: GET / HTTP/1.1 and responded: HTTP/1.1 404 Client Error
Aug 21, 2016 1:23:37 AM okhttp3.mockwebserver.MockWebServer$3 acceptConnections
INFO: MockWebServer[46116] done accepting connections: Socket closed
Aug 21, 2016 1:23:37 AM okhttp3.mockwebserver.MockWebServer$3 execute
INFO: MockWebServer[57882] starting to accept connections
Aug 21, 2016 1:23:37 AM okhttp3.mockwebserver.MockWebServer$4 processOneRequest
INFO: MockWebServer[57882] received request: GET / HTTP/1.1 and responded: HTTP/1.1 200 OK
Aug 21, 2016 1:23:37 AM okhttp3.mockwebserver.MockWebServer$3 acceptConnections
INFO: MockWebServer[57882] done accepting connections: Socket closed
Aug 21, 2016 1:23:37 AM okhttp3.mockwebserver.MockWebServer$3 execute
INFO: MockWebServer[53999] starting to accept connections
Aug 21, 2016 1:23:37 AM okhttp3.mockwebserver.MockWebServer$3 acceptConnections
INFO: MockWebServer[53999] done accepting connections: Socket closed
Aug 21, 2016 1:23:37 AM okhttp3.mockwebserver.MockWebServer$4 processOneRequest
INFO: MockWebServer[53999] received request: GET / HTTP/1.1 and responded: HTTP/1.1 200 OK
Aug 21, 2016 1:23:37 AM okhttp3.mockwebserver.MockWebServer$3 execute
INFO: MockWebServer[56696] starting to accept connections
Aug 21, 2016 1:23:37 AM okhttp3.mockwebserver.MockWebServer$4 processConnection
WARNING: MockWebServer[56696] connection from /127.0.0.1 didn't make a request
Aug 21, 2016 1:23:37 AM okhttp3.mockwebserver.MockWebServer$3 acceptConnections
INFO: MockWebServer[56696] done accepting connections: Socket closed
Aug 21, 2016 1:23:37 AM okhttp3.mockwebserver.MockWebServer$3 execute
INFO: MockWebServer[55547] starting to accept connections
Aug 21, 2016 1:23:37 AM okhttp3.mockwebserver.MockWebServer$3 acceptConnections
INFO: MockWebServer[55547] done accepting connections: Socket closed
Aug 21, 2016 1:23:37 AM okhttp3.mockwebserver.MockWebServer$4 processConnection
WARNING: MockWebServer[55547] connection from /127.0.0.1 didn't make a request
Aug 21, 2016 1:23:38 AM okhttp3.mockwebserver.MockWebServer$3 execute
INFO: MockWebServer[59600] starting to accept connections
Aug 21, 2016 1:23:38 AM okhttp3.mockwebserver.MockWebServer$4 processOneRequest
INFO: MockWebServer[59600] received request: GET / HTTP/1.1 and responded: HTTP/1.1 200 OK
Aug 21, 2016 1:23:38 AM okhttp3.mockwebserver.MockWebServer$3 acceptConnections
INFO: MockWebServer[59600] done accepting connections: Socket closed
Aug 21, 2016 1:23:38 AM okhttp3.mockwebserver.MockWebServer$3 execute
INFO: MockWebServer[54527] starting to accept connections
Aug 21, 2016 1:23:38 AM okhttp3.mockwebserver.MockWebServer$4 processOneRequest
INFO: MockWebServer[54527] received request: GET / HTTP/1.1 and responded: HTTP/1.1 404 Client Error
Aug 21, 2016 1:23:38 AM okhttp3.mockwebserver.MockWebServer$3 acceptConnections
INFO: MockWebServer[54527] done accepting connections: Socket closed
Aug 21, 2016 1:23:38 AM okhttp3.mockwebserver.MockWebServer$3 execute
INFO: MockWebServer[58771] starting to accept connections
Aug 21, 2016 1:23:38 AM okhttp3.mockwebserver.MockWebServer$4 processOneRequest
INFO: MockWebServer[58771] received request: GET / HTTP/1.1 and responded: HTTP/1.1 200 OK
Aug 21, 2016 1:23:38 AM okhttp3.mockwebserver.MockWebServer$3 acceptConnections
INFO: MockWebServer[58771] done accepting connections: Socket closed
Aug 21, 2016 1:23:38 AM okhttp3.mockwebserver.MockWebServer$3 execute
INFO: MockWebServer[33489] starting to accept connections
Aug 21, 2016 1:23:38 AM okhttp3.mockwebserver.MockWebServer$4 processConnection
WARNING: MockWebServer[33489] connection from /127.0.0.1 didn't make a request
Aug 21, 2016 1:23:38 AM okhttp3.mockwebserver.MockWebServer$3 acceptConnections
INFO: MockWebServer[33489] done accepting connections: Socket closed
Aug 21, 2016 1:23:38 AM okhttp3.mockwebserver.MockWebServer$3 execute
INFO: MockWebServer[36605] starting to accept connections
Aug 21, 2016 1:23:38 AM okhttp3.mockwebserver.MockWebServer$3 acceptConnections
INFO: MockWebServer[36605] done accepting connections: Socket closed
Aug 21, 2016 1:23:38 AM okhttp3.mockwebserver.MockWebServer$4 processOneRequest
INFO: MockWebServer[36605] received request: GET / HTTP/1.1 and responded: HTTP/1.1 200 OK
Aug 21, 2016 1:23:38 AM okhttp3.mockwebserver.MockWebServer$3 execute
INFO: MockWebServer[55073] starting to accept connections
Aug 21, 2016 1:23:38 AM okhttp3.mockwebserver.MockWebServer$4 processOneRequest
INFO: MockWebServer[55073] received request: GET / HTTP/1.1 and responded: HTTP/1.1 200 OK
Aug 21, 2016 1:23:38 AM okhttp3.mockwebserver.MockWebServer$3 acceptConnections
INFO: MockWebServer[55073] done accepting connections: Socket closed
Aug 21, 2016 1:23:38 AM okhttp3.mockwebserver.MockWebServer$3 execute
INFO: MockWebServer[55997] starting to accept connections
Aug 21, 2016 1:23:38 AM okhttp3.mockwebserver.MockWebServer$4 processOneRequest
INFO: MockWebServer[55997] received request: GET / HTTP/1.1 and responded: HTTP/1.1 200 OK
Aug 21, 2016 1:23:38 AM okhttp3.mockwebserver.MockWebServer$3 acceptConnections
INFO: MockWebServer[55997] done accepting connections: Socket closed
Aug 21, 2016 1:23:38 AM okhttp3.mockwebserver.MockWebServer$3 execute
INFO: MockWebServer[32803] starting to accept connections
Aug 21, 2016 1:23:38 AM okhttp3.mockwebserver.MockWebServer$3 acceptConnections
INFO: MockWebServer[32803] done accepting connections: Socket closed
Aug 21, 2016 1:23:38 AM okhttp3.mockwebserver.MockWebServer$4 processOneRequest
INFO: MockWebServer[32803] received request: GET / HTTP/1.1 and responded: HTTP/1.1 404 Client Error
Aug 21, 2016 1:23:38 AM okhttp3.mockwebserver.MockWebServer$3 execute
INFO: MockWebServer[34154] starting to accept connections
Aug 21, 2016 1:23:38 AM okhttp3.mockwebserver.MockWebServer$4 processOneRequest
INFO: MockWebServer[34154] received request: GET / HTTP/1.1 and responded: HTTP/1.1 200 OK
Aug 21, 2016 1:23:38 AM okhttp3.mockwebserver.MockWebServer$3 acceptConnections
INFO: MockWebServer[34154] done accepting connections: Socket closed
Aug 21, 2016 1:23:38 AM okhttp3.mockwebserver.MockWebServer$3 execute
INFO: MockWebServer[39368] starting to accept connections
Aug 21, 2016 1:23:38 AM okhttp3.mockwebserver.MockWebServer$4 processOneRequest
INFO: MockWebServer[39368] received request: GET / HTTP/1.1 and responded: HTTP/1.1 404 Client Error
Aug 21, 2016 1:23:38 AM okhttp3.mockwebserver.MockWebServer$3 acceptConnections
INFO: MockWebServer[39368] done accepting connections: Socket closed
Tests run: 18, Failures: 0, Errors: 0, Skipped: 1, Time elapsed: 0.254 sec
Running retrofit2.adapter.rxjava.ObservableTest
Aug 21, 2016 1:23:38 AM okhttp3.mockwebserver.MockWebServer$3 execute
INFO: MockWebServer[54360] starting to accept connections
Aug 21, 2016 1:23:38 AM okhttp3.mockwebserver.MockWebServer$3 acceptConnections
INFO: MockWebServer[54360] done accepting connections: Socket closed
Aug 21, 2016 1:23:38 AM okhttp3.mockwebserver.MockWebServer$4 processConnection
WARNING: MockWebServer[54360] connection from /127.0.0.1 didn't make a request
Aug 21, 2016 1:23:38 AM okhttp3.mockwebserver.MockWebServer$3 execute
INFO: MockWebServer[39904] starting to accept connections
Aug 21, 2016 1:23:38 AM okhttp3.mockwebserver.MockWebServer$4 processOneRequest
INFO: MockWebServer[39904] received request: GET / HTTP/1.1 and responded: HTTP/1.1 200 OK
Aug 21, 2016 1:23:38 AM okhttp3.mockwebserver.MockWebServer$3 acceptConnections
INFO: MockWebServer[39904] done accepting connections: Socket closed
Aug 21, 2016 1:23:38 AM okhttp3.mockwebserver.MockWebServer$3 execute
INFO: MockWebServer[33924] starting to accept connections
Aug 21, 2016 1:23:38 AM okhttp3.mockwebserver.MockWebServer$3 acceptConnections
INFO: MockWebServer[33924] done accepting connections: Socket closed
Aug 21, 2016 1:23:38 AM okhttp3.mockwebserver.MockWebServer$4 processOneRequest
INFO: MockWebServer[33924] received request: GET / HTTP/1.1 and responded: HTTP/1.1 404 Client Error
Aug 21, 2016 1:23:38 AM okhttp3.mockwebserver.MockWebServer$3 execute
INFO: MockWebServer[54444] starting to accept connections
Aug 21, 2016 1:23:38 AM okhttp3.mockwebserver.MockWebServer$3 acceptConnections
INFO: MockWebServer[54444] done accepting connections: Socket closed
Aug 21, 2016 1:23:38 AM okhttp3.mockwebserver.MockWebServer$4 processOneRequest
INFO: MockWebServer[54444] received request: GET / HTTP/1.1 and responded: HTTP/1.1 200 OK
Aug 21, 2016 1:23:38 AM okhttp3.mockwebserver.MockWebServer$3 execute
INFO: MockWebServer[51750] starting to accept connections
Aug 21, 2016 1:23:38 AM okhttp3.mockwebserver.MockWebServer$4 processOneRequest
INFO: MockWebServer[51750] received request: GET / HTTP/1.1 and responded: HTTP/1.1 200 OK
Aug 21, 2016 1:23:38 AM okhttp3.mockwebserver.MockWebServer$3 acceptConnections
INFO: MockWebServer[51750] done accepting connections: Socket closed
Aug 21, 2016 1:23:38 AM okhttp3.mockwebserver.MockWebServer$3 execute
INFO: MockWebServer[59014] starting to accept connections
Aug 21, 2016 1:23:38 AM okhttp3.mockwebserver.MockWebServer$4 processOneRequest
INFO: MockWebServer[59014] received request: GET / HTTP/1.1 and responded: HTTP/1.1 200 OK
Aug 21, 2016 1:23:38 AM okhttp3.mockwebserver.MockWebServer$3 acceptConnections
INFO: MockWebServer[59014] done accepting connections: Socket closed
Aug 21, 2016 1:23:38 AM okhttp3.mockwebserver.MockWebServer$3 execute
INFO: MockWebServer[33312] starting to accept connections
Aug 21, 2016 1:23:38 AM okhttp3.mockwebserver.MockWebServer$4 processConnection
WARNING: MockWebServer[33312] connection from /127.0.0.1 didn't make a request
Aug 21, 2016 1:23:38 AM okhttp3.mockwebserver.MockWebServer$3 acceptConnections
INFO: MockWebServer[33312] done accepting connections: Socket closed
Aug 21, 2016 1:23:38 AM okhttp3.mockwebserver.MockWebServer$3 execute
INFO: MockWebServer[60599] starting to accept connections
Aug 21, 2016 1:23:38 AM okhttp3.mockwebserver.MockWebServer$3 acceptConnections
INFO: MockWebServer[60599] done accepting connections: Socket closed
Aug 21, 2016 1:23:38 AM okhttp3.mockwebserver.MockWebServer$4 processOneRequest
INFO: MockWebServer[60599] received request: GET / HTTP/1.1 and responded: HTTP/1.1 200 OK
Aug 21, 2016 1:23:38 AM okhttp3.mockwebserver.MockWebServer$3 execute
INFO: MockWebServer[46207] starting to accept connections
Aug 21, 2016 1:23:38 AM okhttp3.mockwebserver.MockWebServer$4 processConnection
WARNING: MockWebServer[46207] connection from /127.0.0.1 didn't make a request
Aug 21, 2016 1:23:38 AM okhttp3.mockwebserver.MockWebServer$3 acceptConnections
INFO: MockWebServer[46207] done accepting connections: Socket closed
Aug 21, 2016 1:23:38 AM okhttp3.mockwebserver.MockWebServer$3 execute
INFO: MockWebServer[34298] starting to accept connections
Aug 21, 2016 1:23:38 AM okhttp3.mockwebserver.MockWebServer$3 acceptConnections
INFO: MockWebServer[34298] done accepting connections: Socket closed
Aug 21, 2016 1:23:38 AM okhttp3.mockwebserver.MockWebServer$4 processOneRequest
INFO: MockWebServer[34298] received request: GET / HTTP/1.1 and responded: HTTP/1.1 200 OK
Aug 21, 2016 1:23:38 AM okhttp3.mockwebserver.MockWebServer$3 execute
INFO: MockWebServer[37364] starting to accept connections
Aug 21, 2016 1:23:38 AM okhttp3.mockwebserver.MockWebServer$3 acceptConnections
INFO: MockWebServer[37364] done accepting connections: Socket closed
Aug 21, 2016 1:23:38 AM okhttp3.mockwebserver.MockWebServer$4 processOneRequest
INFO: MockWebServer[37364] received request: GET / HTTP/1.1 and responded: HTTP/1.1 404 Client Error
Aug 21, 2016 1:23:38 AM okhttp3.mockwebserver.MockWebServer$3 execute
INFO: MockWebServer[34786] starting to accept connections
Aug 21, 2016 1:23:38 AM okhttp3.mockwebserver.MockWebServer$4 processOneRequest
INFO: MockWebServer[34786] received request: GET / HTTP/1.1 and responded: HTTP/1.1 200 OK
Aug 21, 2016 1:23:38 AM okhttp3.mockwebserver.MockWebServer$3 acceptConnections
INFO: MockWebServer[34786] done accepting connections: Socket closed
Aug 21, 2016 1:23:38 AM okhttp3.mockwebserver.MockWebServer$3 execute
INFO: MockWebServer[41130] starting to accept connections
Aug 21, 2016 1:23:38 AM okhttp3.mockwebserver.MockWebServer$3 acceptConnections
INFO: MockWebServer[41130] done accepting connections: Socket closed
Aug 21, 2016 1:23:38 AM okhttp3.mockwebserver.MockWebServer$4 processOneRequest
INFO: MockWebServer[41130] received request: GET / HTTP/1.1 and responded: HTTP/1.1 200 OK
Aug 21, 2016 1:23:38 AM okhttp3.mockwebserver.MockWebServer$3 execute
INFO: MockWebServer[47062] starting to accept connections
Aug 21, 2016 1:23:38 AM okhttp3.mockwebserver.MockWebServer$4 processConnection
WARNING: MockWebServer[47062] connection from /127.0.0.1 didn't make a request
Aug 21, 2016 1:23:38 AM okhttp3.mockwebserver.MockWebServer$3 acceptConnections
INFO: MockWebServer[47062] done accepting connections: Socket closed
Aug 21, 2016 1:23:38 AM okhttp3.mockwebserver.MockWebServer$3 execute
INFO: MockWebServer[43574] starting to accept connections
Aug 21, 2016 1:23:38 AM okhttp3.mockwebserver.MockWebServer$4 processOneRequest
INFO: MockWebServer[43574] received request: GET / HTTP/1.1 and responded: HTTP/1.1 200 OK
Aug 21, 2016 1:23:38 AM okhttp3.mockwebserver.MockWebServer$3 acceptConnections
INFO: MockWebServer[43574] done accepting connections: Socket closed
Aug 21, 2016 1:23:38 AM okhttp3.mockwebserver.MockWebServer$3 execute
INFO: MockWebServer[59825] starting to accept connections
Aug 21, 2016 1:23:38 AM okhttp3.mockwebserver.MockWebServer$3 acceptConnections
INFO: MockWebServer[59825] done accepting connections: Socket closed
Aug 21, 2016 1:23:38 AM okhttp3.mockwebserver.MockWebServer$4 processOneRequest
INFO: MockWebServer[59825] received request: GET / HTTP/1.1 and responded: HTTP/1.1 200 OK
Aug 21, 2016 1:23:38 AM okhttp3.mockwebserver.MockWebServer$3 execute
INFO: MockWebServer[35486] starting to accept connections
Aug 21, 2016 1:23:38 AM okhttp3.mockwebserver.MockWebServer$4 processOneRequest
INFO: MockWebServer[35486] received request: GET / HTTP/1.1 and responded: HTTP/1.1 200 OK
Aug 21, 2016 1:23:38 AM okhttp3.mockwebserver.MockWebServer$3 acceptConnections
INFO: MockWebServer[35486] done accepting connections: Socket closed
Aug 21, 2016 1:23:38 AM okhttp3.mockwebserver.MockWebServer$3 execute
INFO: MockWebServer[37904] starting to accept connections
Aug 21, 2016 1:23:38 AM okhttp3.mockwebserver.MockWebServer$4 processOneRequest
INFO: MockWebServer[37904] received request: GET / HTTP/1.1 and responded: HTTP/1.1 200 OK
Aug 21, 2016 1:23:38 AM okhttp3.mockwebserver.MockWebServer$3 acceptConnections
INFO: MockWebServer[37904] done accepting connections: Socket closed
Aug 21, 2016 1:23:38 AM okhttp3.mockwebserver.MockWebServer$3 execute
INFO: MockWebServer[57242] starting to accept connections
Aug 21, 2016 1:23:38 AM okhttp3.mockwebserver.MockWebServer$4 processOneRequest
INFO: MockWebServer[57242] received request: GET / HTTP/1.1 and responded: HTTP/1.1 404 Client Error
Aug 21, 2016 1:23:38 AM okhttp3.mockwebserver.MockWebServer$3 acceptConnections
INFO: MockWebServer[57242] done accepting connections: Socket closed
Aug 21, 2016 1:23:38 AM okhttp3.mockwebserver.MockWebServer$3 execute
INFO: MockWebServer[46543] starting to accept connections
Aug 21, 2016 1:23:38 AM okhttp3.mockwebserver.MockWebServer$4 processOneRequest
INFO: MockWebServer[46543] received request: GET / HTTP/1.1 and responded: HTTP/1.1 200 OK
Aug 21, 2016 1:23:38 AM okhttp3.mockwebserver.MockWebServer$3 acceptConnections
INFO: MockWebServer[46543] done accepting connections: Socket closed
Aug 21, 2016 1:23:38 AM okhttp3.mockwebserver.MockWebServer$3 execute
INFO: MockWebServer[60443] starting to accept connections
Aug 21, 2016 1:23:38 AM okhttp3.mockwebserver.MockWebServer$4 processOneRequest
INFO: MockWebServer[60443] received request: GET / HTTP/1.1 and responded: HTTP/1.1 404 Client Error
Aug 21, 2016 1:23:38 AM okhttp3.mockwebserver.MockWebServer$3 acceptConnections
INFO: MockWebServer[60443] done accepting connections: Socket closed
Tests run: 21, Failures: 0, Errors: 0, Skipped: 0, Time elapsed: 0.348 sec
Running retrofit2.adapter.rxjava.CompletableWithSchedulerTest
Aug 21, 2016 1:23:38 AM okhttp3.mockwebserver.MockWebServer$3 execute
INFO: MockWebServer[57351] starting to accept connections
Aug 21, 2016 1:23:38 AM okhttp3.mockwebserver.MockWebServer$4 processOneRequest
INFO: MockWebServer[57351] received request: GET / HTTP/1.1 and responded: HTTP/1.1 200 OK
Aug 21, 2016 1:23:38 AM okhttp3.mockwebserver.MockWebServer$3 acceptConnections
INFO: MockWebServer[57351] done accepting connections: Socket closed
Tests run: 1, Failures: 0, Errors: 0, Skipped: 0, Time elapsed: 0.007 sec
Running retrofit2.adapter.rxjava.SingleWithSchedulerTest
Aug 21, 2016 1:23:38 AM okhttp3.mockwebserver.MockWebServer$3 execute
INFO: MockWebServer[59244] starting to accept connections
Aug 21, 2016 1:23:38 AM okhttp3.mockwebserver.MockWebServer$4 processOneRequest
INFO: MockWebServer[59244] received request: GET / HTTP/1.1 and responded: HTTP/1.1 200 OK
Aug 21, 2016 1:23:38 AM okhttp3.mockwebserver.MockWebServer$3 acceptConnections
INFO: MockWebServer[59244] done accepting connections: Socket closed
Aug 21, 2016 1:23:38 AM okhttp3.mockwebserver.MockWebServer$3 execute
INFO: MockWebServer[53359] starting to accept connections
Aug 21, 2016 1:23:38 AM okhttp3.mockwebserver.MockWebServer$4 processOneRequest
INFO: MockWebServer[53359] received request: GET / HTTP/1.1 and responded: HTTP/1.1 200 OK
Aug 21, 2016 1:23:38 AM okhttp3.mockwebserver.MockWebServer$3 acceptConnections
INFO: MockWebServer[53359] done accepting connections: Socket closed
Aug 21, 2016 1:23:38 AM okhttp3.mockwebserver.MockWebServer$3 execute
INFO: MockWebServer[37808] starting to accept connections
Aug 21, 2016 1:23:38 AM okhttp3.mockwebserver.MockWebServer$4 processOneRequest
INFO: MockWebServer[37808] received request: GET / HTTP/1.1 and responded: HTTP/1.1 200 OK
Aug 21, 2016 1:23:38 AM okhttp3.mockwebserver.MockWebServer$3 acceptConnections
INFO: MockWebServer[37808] done accepting connections: Socket closed
Tests run: 3, Failures: 0, Errors: 0, Skipped: 0, Time elapsed: 0.026 sec
Running retrofit2.adapter.rxjava.HttpExceptionTest
Tests run: 2, Failures: 0, Errors: 0, Skipped: 0, Time elapsed: 0 sec
Running retrofit2.adapter.rxjava.ResultTest
Tests run: 4, Failures: 0, Errors: 0, Skipped: 0, Time elapsed: 0 sec

Results :

Tests run: 63, Failures: 0, Errors: 0, Skipped: 1

[INFO] 
[INFO] --- animal-sniffer-maven-plugin:1.14:check (default) @ adapter-rxjava ---
[INFO] Checking unresolved references to org.codehaus.mojo.signature:java16:1.1
[INFO]                                                                         
[INFO] ------------------------------------------------------------------------
[INFO] Building Converters 2.1.1-SNAPSHOT
[INFO] ------------------------------------------------------------------------
[INFO] 
[INFO] --- maven-enforcer-plugin:1.0:enforce (enforce-maven) @ retrofit-converters ---
[INFO] 
[INFO] --- animal-sniffer-maven-plugin:1.14:check (default) @ retrofit-converters ---
[INFO] Checking unresolved references to org.codehaus.mojo.signature:java16:1.1
[INFO]                                                                         
[INFO] ------------------------------------------------------------------------
[INFO] Building Converter: Gson 2.1.1-SNAPSHOT
[INFO] ------------------------------------------------------------------------
[INFO] 
[INFO] --- maven-enforcer-plugin:1.0:enforce (enforce-maven) @ converter-gson ---
[INFO] 
[INFO] --- maven-resources-plugin:2.6:resources (default-resources) @ converter-gson ---
[INFO] Using 'UTF-8' encoding to copy filtered resources.
[INFO] skip non existing resourceDirectory /home/travis/build/square/retrofit/retrofit-converters/gson/src/main/resources
[INFO] 
[INFO] --- maven-compiler-plugin:3.0:compile (default-compile) @ converter-gson ---
[INFO] Changes detected - recompiling the module!
[INFO] Compiling 3 source files to /home/travis/build/square/retrofit/retrofit-converters/gson/target/classes
[INFO] 
[INFO] --- maven-resources-plugin:2.6:testResources (default-testResources) @ converter-gson ---
[INFO] Using 'UTF-8' encoding to copy filtered resources.
[INFO] skip non existing resourceDirectory /home/travis/build/square/retrofit/retrofit-converters/gson/src/test/resources
[INFO] 
[INFO] --- maven-compiler-plugin:3.0:testCompile (default-testCompile) @ converter-gson ---
[INFO] Changes detected - recompiling the module!
[INFO] Compiling 1 source file to /home/travis/build/square/retrofit/retrofit-converters/gson/target/test-classes
[INFO] 
[INFO] --- maven-surefire-plugin:2.12.4:test (default-test) @ converter-gson ---
[INFO] Surefire report directory: /home/travis/build/square/retrofit/retrofit-converters/gson/target/surefire-reports

-------------------------------------------------------
 T E S T S
-------------------------------------------------------
Running retrofit2.converter.gson.GsonConverterFactoryTest
Aug 21, 2016 1:23:39 AM okhttp3.mockwebserver.MockWebServer$3 execute
INFO: MockWebServer[35387] starting to accept connections
Aug 21, 2016 1:23:40 AM okhttp3.mockwebserver.MockWebServer$4 processOneRequest
INFO: MockWebServer[35387] received request: POST / HTTP/1.1 and responded: HTTP/1.1 200 OK
Aug 21, 2016 1:23:40 AM okhttp3.mockwebserver.MockWebServer$3 acceptConnections
INFO: MockWebServer[35387] done accepting connections: Socket closed
Aug 21, 2016 1:23:40 AM okhttp3.mockwebserver.MockWebServer$3 execute
INFO: MockWebServer[49918] starting to accept connections
Aug 21, 2016 1:23:40 AM okhttp3.mockwebserver.MockWebServer$3 acceptConnections
INFO: MockWebServer[49918] done accepting connections: Socket closed
Aug 21, 2016 1:23:40 AM okhttp3.mockwebserver.MockWebServer$4 processOneRequest
INFO: MockWebServer[49918] received request: POST / HTTP/1.1 and responded: HTTP/1.1 200 OK
Aug 21, 2016 1:23:40 AM okhttp3.mockwebserver.MockWebServer$3 execute
INFO: MockWebServer[48316] starting to accept connections
Aug 21, 2016 1:23:40 AM okhttp3.mockwebserver.MockWebServer$4 processOneRequest
INFO: MockWebServer[48316] received request: POST / HTTP/1.1 and responded: HTTP/1.1 200 OK
Aug 21, 2016 1:23:40 AM okhttp3.mockwebserver.MockWebServer$3 acceptConnections
INFO: MockWebServer[48316] done accepting connections: Socket closed
Aug 21, 2016 1:23:40 AM okhttp3.mockwebserver.MockWebServer$3 execute
INFO: MockWebServer[55877] starting to accept connections
Aug 21, 2016 1:23:40 AM okhttp3.mockwebserver.MockWebServer$3 acceptConnections
INFO: MockWebServer[55877] done accepting connections: Socket closed
Aug 21, 2016 1:23:40 AM okhttp3.mockwebserver.MockWebServer$4 processOneRequest
INFO: MockWebServer[55877] received request: POST / HTTP/1.1 and responded: HTTP/1.1 200 OK
Tests run: 4, Failures: 0, Errors: 0, Skipped: 0, Time elapsed: 0.674 sec

Results :

Tests run: 4, Failures: 0, Errors: 0, Skipped: 0

[INFO] 
[INFO] --- animal-sniffer-maven-plugin:1.14:check (default) @ converter-gson ---
[INFO] Checking unresolved references to org.codehaus.mojo.signature:java16:1.1
[INFO]                                                                         
[INFO] ------------------------------------------------------------------------
[INFO] Building Converter: Protocol Buffers 2.1.1-SNAPSHOT
[INFO] ------------------------------------------------------------------------
[INFO] 
[INFO] --- maven-enforcer-plugin:1.0:enforce (enforce-maven) @ converter-protobuf ---
[INFO] 
[INFO] --- maven-resources-plugin:2.6:resources (default-resources) @ converter-protobuf ---
[INFO] Using 'UTF-8' encoding to copy filtered resources.
[INFO] skip non existing resourceDirectory /home/travis/build/square/retrofit/retrofit-converters/protobuf/src/main/resources
[INFO] 
[INFO] --- maven-compiler-plugin:3.0:compile (default-compile) @ converter-protobuf ---
[INFO] Changes detected - recompiling the module!
[INFO] Compiling 3 source files to /home/travis/build/square/retrofit/retrofit-converters/protobuf/target/classes
[WARNING] /home/travis/build/square/retrofit/retrofit-converters/protobuf/src/main/java/retrofit2/converter/protobuf/ProtoConverterFactory.java: /home/travis/build/square/retrofit/retrofit-converters/protobuf/src/main/java/retrofit2/converter/protobuf/ProtoConverterFactory.java uses unchecked or unsafe operations.
[WARNING] /home/travis/build/square/retrofit/retrofit-converters/protobuf/src/main/java/retrofit2/converter/protobuf/ProtoConverterFactory.java: Recompile with -Xlint:unchecked for details.
[INFO] 
[INFO] --- maven-resources-plugin:2.6:testResources (default-testResources) @ converter-protobuf ---
[INFO] Using 'UTF-8' encoding to copy filtered resources.
[INFO] skip non existing resourceDirectory /home/travis/build/square/retrofit/retrofit-converters/protobuf/src/test/resources
[INFO] 
[INFO] --- maven-compiler-plugin:3.0:testCompile (default-testCompile) @ converter-protobuf ---
[INFO] Changes detected - recompiling the module!
[INFO] Compiling 3 source files to /home/travis/build/square/retrofit/retrofit-converters/protobuf/target/test-classes
[INFO] 
[INFO] --- maven-surefire-plugin:2.12.4:test (default-test) @ converter-protobuf ---
[INFO] Surefire report directory: /home/travis/build/square/retrofit/retrofit-converters/protobuf/target/surefire-reports

-------------------------------------------------------
 T E S T S
-------------------------------------------------------
Running retrofit2.converter.protobuf.ProtoConverterFactoryTest
Aug 21, 2016 1:23:41 AM okhttp3.mockwebserver.MockWebServer$3 execute
INFO: MockWebServer[42114] starting to accept connections
Aug 21, 2016 1:23:41 AM okhttp3.mockwebserver.MockWebServer$4 processOneRequest
INFO: MockWebServer[42114] received request: POST / HTTP/1.1 and responded: HTTP/1.1 200 OK
Aug 21, 2016 1:23:41 AM okhttp3.mockwebserver.MockWebServer$3 acceptConnections
INFO: MockWebServer[42114] done accepting connections: Socket closed
Aug 21, 2016 1:23:41 AM okhttp3.mockwebserver.MockWebServer$3 execute
INFO: MockWebServer[54721] starting to accept connections
Aug 21, 2016 1:23:41 AM okhttp3.mockwebserver.MockWebServer$3 acceptConnections
INFO: MockWebServer[54721] done accepting connections: Socket is closed
Aug 21, 2016 1:23:41 AM okhttp3.mockwebserver.MockWebServer$3 execute
INFO: MockWebServer[48561] starting to accept connections
Aug 21, 2016 1:23:41 AM okhttp3.mockwebserver.MockWebServer$3 acceptConnections
INFO: MockWebServer[48561] done accepting connections: Socket closed
Aug 21, 2016 1:23:41 AM okhttp3.mockwebserver.MockWebServer$4 processOneRequest
INFO: MockWebServer[48561] received request: GET / HTTP/1.1 and responded: HTTP/1.1 200 OK
Aug 21, 2016 1:23:41 AM okhttp3.mockwebserver.MockWebServer$3 execute
INFO: MockWebServer[37805] starting to accept connections
Aug 21, 2016 1:23:41 AM okhttp3.mockwebserver.MockWebServer$4 processOneRequest
INFO: MockWebServer[37805] received request: GET / HTTP/1.1 and responded: HTTP/1.1 200 OK
Aug 21, 2016 1:23:41 AM okhttp3.mockwebserver.MockWebServer$3 acceptConnections
INFO: MockWebServer[37805] done accepting connections: Socket closed
Aug 21, 2016 1:23:41 AM okhttp3.mockwebserver.MockWebServer$3 execute
INFO: MockWebServer[47699] starting to accept connections
Aug 21, 2016 1:23:41 AM okhttp3.mockwebserver.MockWebServer$3 acceptConnections
INFO: MockWebServer[47699] done accepting connections: Socket is closed
Aug 21, 2016 1:23:41 AM okhttp3.mockwebserver.MockWebServer$3 execute
INFO: MockWebServer[38831] starting to accept connections
Aug 21, 2016 1:23:41 AM okhttp3.mockwebserver.MockWebServer$4 processOneRequest
INFO: MockWebServer[38831] received request: GET / HTTP/1.1 and responded: HTTP/1.1 200 OK
Aug 21, 2016 1:23:41 AM okhttp3.mockwebserver.MockWebServer$3 acceptConnections
INFO: MockWebServer[38831] done accepting connections: Socket closed
Tests run: 6, Failures: 0, Errors: 0, Skipped: 0, Time elapsed: 0.745 sec
Running retrofit2.converter.protobuf.FallbackParserFinderTest
Tests run: 1, Failures: 0, Errors: 0, Skipped: 0, Time elapsed: 0.011 sec

Results :

Tests run: 7, Failures: 0, Errors: 0, Skipped: 0

[INFO] 
[INFO] --- animal-sniffer-maven-plugin:1.14:check (default) @ converter-protobuf ---
[INFO] Checking unresolved references to org.codehaus.mojo.signature:java16:1.1
[INFO]                                                                         
[INFO] ------------------------------------------------------------------------
[INFO] Building Converter: Jackson 2.1.1-SNAPSHOT
[INFO] ------------------------------------------------------------------------
[INFO] 
[INFO] --- maven-enforcer-plugin:1.0:enforce (enforce-maven) @ converter-jackson ---
[INFO] 
[INFO] --- maven-resources-plugin:2.6:resources (default-resources) @ converter-jackson ---
[INFO] Using 'UTF-8' encoding to copy filtered resources.
[INFO] skip non existing resourceDirectory /home/travis/build/square/retrofit/retrofit-converters/jackson/src/main/resources
[INFO] 
[INFO] --- maven-compiler-plugin:3.0:compile (default-compile) @ converter-jackson ---
[INFO] Changes detected - recompiling the module!
[INFO] Compiling 3 source files to /home/travis/build/square/retrofit/retrofit-converters/jackson/target/classes
[WARNING] /home/travis/build/square/retrofit/retrofit-converters/jackson/src/main/java/retrofit2/converter/jackson/JacksonConverterFactory.java: /home/travis/build/square/retrofit/retrofit-converters/jackson/src/main/java/retrofit2/converter/jackson/JacksonConverterFactory.java uses or overrides a deprecated API.
[WARNING] /home/travis/build/square/retrofit/retrofit-converters/jackson/src/main/java/retrofit2/converter/jackson/JacksonConverterFactory.java: Recompile with -Xlint:deprecation for details.
[INFO] 
[INFO] --- maven-resources-plugin:2.6:testResources (default-testResources) @ converter-jackson ---
[INFO] Using 'UTF-8' encoding to copy filtered resources.
[INFO] skip non existing resourceDirectory /home/travis/build/square/retrofit/retrofit-converters/jackson/src/test/resources
[INFO] 
[INFO] --- maven-compiler-plugin:3.0:testCompile (default-testCompile) @ converter-jackson ---
[INFO] Changes detected - recompiling the module!
[INFO] Compiling 1 source file to /home/travis/build/square/retrofit/retrofit-converters/jackson/target/test-classes
[WARNING] /home/travis/build/square/retrofit/retrofit-converters/jackson/src/test/java/retrofit2/converter/jackson/JacksonConverterFactoryTest.java: /home/travis/build/square/retrofit/retrofit-converters/jackson/src/test/java/retrofit2/converter/jackson/JacksonConverterFactoryTest.java uses or overrides a deprecated API.
[WARNING] /home/travis/build/square/retrofit/retrofit-converters/jackson/src/test/java/retrofit2/converter/jackson/JacksonConverterFactoryTest.java: Recompile with -Xlint:deprecation for details.
[INFO] 
[INFO] --- maven-surefire-plugin:2.12.4:test (default-test) @ converter-jackson ---
[INFO] Surefire report directory: /home/travis/build/square/retrofit/retrofit-converters/jackson/target/surefire-reports

-------------------------------------------------------
 T E S T S
-------------------------------------------------------
Running retrofit2.converter.jackson.JacksonConverterFactoryTest
Aug 21, 2016 1:23:42 AM okhttp3.mockwebserver.MockWebServer$3 execute
INFO: MockWebServer[46250] starting to accept connections
Aug 21, 2016 1:23:42 AM okhttp3.mockwebserver.MockWebServer$4 processOneRequest
INFO: MockWebServer[46250] received request: POST / HTTP/1.1 and responded: HTTP/1.1 200 OK
Aug 21, 2016 1:23:42 AM okhttp3.mockwebserver.MockWebServer$3 acceptConnections
INFO: MockWebServer[46250] done accepting connections: Socket closed
Aug 21, 2016 1:23:43 AM okhttp3.mockwebserver.MockWebServer$3 execute
INFO: MockWebServer[43565] starting to accept connections
Aug 21, 2016 1:23:43 AM okhttp3.mockwebserver.MockWebServer$4 processOneRequest
INFO: MockWebServer[43565] received request: POST / HTTP/1.1 and responded: HTTP/1.1 200 OK
Aug 21, 2016 1:23:43 AM okhttp3.mockwebserver.MockWebServer$3 acceptConnections
INFO: MockWebServer[43565] done accepting connections: Socket closed
Tests run: 2, Failures: 0, Errors: 0, Skipped: 0, Time elapsed: 0.719 sec

Results :

Tests run: 2, Failures: 0, Errors: 0, Skipped: 0

[INFO] 
[INFO] --- animal-sniffer-maven-plugin:1.14:check (default) @ converter-jackson ---
[INFO] Checking unresolved references to org.codehaus.mojo.signature:java16:1.1
[INFO]                                                                         
[INFO] ------------------------------------------------------------------------
[INFO] Building Converter: Wire Protocol Buffers 2.1.1-SNAPSHOT
[INFO] ------------------------------------------------------------------------
[INFO] 
[INFO] --- maven-enforcer-plugin:1.0:enforce (enforce-maven) @ converter-wire ---
[INFO] 
[INFO] --- maven-resources-plugin:2.6:resources (default-resources) @ converter-wire ---
[INFO] Using 'UTF-8' encoding to copy filtered resources.
[INFO] skip non existing resourceDirectory /home/travis/build/square/retrofit/retrofit-converters/wire/src/main/resources
[INFO] 
[INFO] --- maven-compiler-plugin:3.0:compile (default-compile) @ converter-wire ---
[INFO] Changes detected - recompiling the module!
[INFO] Compiling 3 source files to /home/travis/build/square/retrofit/retrofit-converters/wire/target/classes
[WARNING] /home/travis/build/square/retrofit/retrofit-converters/wire/src/main/java/retrofit2/converter/wire/WireConverterFactory.java: /home/travis/build/square/retrofit/retrofit-converters/wire/src/main/java/retrofit2/converter/wire/WireConverterFactory.java uses unchecked or unsafe operations.
[WARNING] /home/travis/build/square/retrofit/retrofit-converters/wire/src/main/java/retrofit2/converter/wire/WireConverterFactory.java: Recompile with -Xlint:unchecked for details.
[INFO] 
[INFO] --- maven-resources-plugin:2.6:testResources (default-testResources) @ converter-wire ---
[INFO] Using 'UTF-8' encoding to copy filtered resources.
[INFO] skip non existing resourceDirectory /home/travis/build/square/retrofit/retrofit-converters/wire/src/test/resources
[INFO] 
[INFO] --- maven-compiler-plugin:3.0:testCompile (default-testCompile) @ converter-wire ---
[INFO] Changes detected - recompiling the module!
[INFO] Compiling 2 source files to /home/travis/build/square/retrofit/retrofit-converters/wire/target/test-classes
[INFO] 
[INFO] --- maven-surefire-plugin:2.12.4:test (default-test) @ converter-wire ---
[INFO] Surefire report directory: /home/travis/build/square/retrofit/retrofit-converters/wire/target/surefire-reports

-------------------------------------------------------
 T E S T S
-------------------------------------------------------
Running retrofit2.converter.wire.WireConverterFactoryTest
Aug 21, 2016 1:23:44 AM okhttp3.mockwebserver.MockWebServer$3 execute
INFO: MockWebServer[52911] starting to accept connections
Aug 21, 2016 1:23:44 AM okhttp3.mockwebserver.MockWebServer$4 processOneRequest
INFO: MockWebServer[52911] received request: POST / HTTP/1.1 and responded: HTTP/1.1 200 OK
Aug 21, 2016 1:23:44 AM okhttp3.mockwebserver.MockWebServer$3 acceptConnections
INFO: MockWebServer[52911] done accepting connections: Socket closed
Aug 21, 2016 1:23:45 AM okhttp3.mockwebserver.MockWebServer$3 execute
INFO: MockWebServer[34808] starting to accept connections
Aug 21, 2016 1:23:45 AM okhttp3.mockwebserver.MockWebServer$3 acceptConnections
INFO: MockWebServer[34808] done accepting connections: Socket closed
Aug 21, 2016 1:23:45 AM okhttp3.mockwebserver.MockWebServer$3 execute
INFO: MockWebServer[33633] starting to accept connections
Aug 21, 2016 1:23:45 AM okhttp3.mockwebserver.MockWebServer$3 acceptConnections
INFO: MockWebServer[33633] done accepting connections: Socket closed
Aug 21, 2016 1:23:45 AM okhttp3.mockwebserver.MockWebServer$4 processOneRequest
INFO: MockWebServer[33633] received request: GET / HTTP/1.1 and responded: HTTP/1.1 200 OK
Aug 21, 2016 1:23:45 AM okhttp3.mockwebserver.MockWebServer$3 execute
INFO: MockWebServer[60515] starting to accept connections
Aug 21, 2016 1:23:45 AM okhttp3.mockwebserver.MockWebServer$3 acceptConnections
INFO: MockWebServer[60515] done accepting connections: Socket is closed
Aug 21, 2016 1:23:45 AM okhttp3.mockwebserver.MockWebServer$3 execute
INFO: MockWebServer[52077] starting to accept connections
Aug 21, 2016 1:23:45 AM okhttp3.mockwebserver.MockWebServer$3 acceptConnections
INFO: MockWebServer[52077] done accepting connections: Socket closed
Aug 21, 2016 1:23:45 AM okhttp3.mockwebserver.MockWebServer$4 processOneRequest
INFO: MockWebServer[52077] received request: GET / HTTP/1.1 and responded: HTTP/1.1 200 OK
Tests run: 5, Failures: 0, Errors: 0, Skipped: 0, Time elapsed: 1.236 sec

Results :

Tests run: 5, Failures: 0, Errors: 0, Skipped: 0

[INFO] 
[INFO] --- animal-sniffer-maven-plugin:1.14:check (default) @ converter-wire ---
[INFO] Checking unresolved references to org.codehaus.mojo.signature:java16:1.1
[INFO]                                                                         
[INFO] ------------------------------------------------------------------------
[INFO] Building Converter: SimpleXML 2.1.1-SNAPSHOT
[INFO] ------------------------------------------------------------------------
[INFO] 
[INFO] --- maven-enforcer-plugin:1.0:enforce (enforce-maven) @ converter-simplexml ---
[INFO] 
[INFO] --- maven-resources-plugin:2.6:resources (default-resources) @ converter-simplexml ---
[INFO] Using 'UTF-8' encoding to copy filtered resources.
[INFO] skip non existing resourceDirectory /home/travis/build/square/retrofit/retrofit-converters/simplexml/src/main/resources
[INFO] 
[INFO] --- maven-compiler-plugin:3.0:compile (default-compile) @ converter-simplexml ---
[INFO] Changes detected - recompiling the module!
[INFO] Compiling 3 source files to /home/travis/build/square/retrofit/retrofit-converters/simplexml/target/classes
[INFO] 
[INFO] --- maven-resources-plugin:2.6:testResources (default-testResources) @ converter-simplexml ---
[INFO] Using 'UTF-8' encoding to copy filtered resources.
[INFO] skip non existing resourceDirectory /home/travis/build/square/retrofit/retrofit-converters/simplexml/src/test/resources
[INFO] 
[INFO] --- maven-compiler-plugin:3.0:testCompile (default-testCompile) @ converter-simplexml ---
[INFO] Changes detected - recompiling the module!
[INFO] Compiling 2 source files to /home/travis/build/square/retrofit/retrofit-converters/simplexml/target/test-classes
[INFO] 
[INFO] --- maven-surefire-plugin:2.12.4:test (default-test) @ converter-simplexml ---
[INFO] Surefire report directory: /home/travis/build/square/retrofit/retrofit-converters/simplexml/target/surefire-reports

-------------------------------------------------------
 T E S T S
-------------------------------------------------------
Running retrofit2.converter.simplexml.SimpleXmlConverterFactoryTest
Aug 21, 2016 1:23:47 AM okhttp3.mockwebserver.MockWebServer$3 execute
INFO: MockWebServer[33178] starting to accept connections
Aug 21, 2016 1:23:47 AM okhttp3.mockwebserver.MockWebServer$4 processOneRequest
INFO: MockWebServer[33178] received request: GET / HTTP/1.1 and responded: HTTP/1.1 200 OK
Aug 21, 2016 1:23:47 AM okhttp3.mockwebserver.MockWebServer$3 acceptConnections
INFO: MockWebServer[33178] done accepting connections: Socket closed
Aug 21, 2016 1:23:47 AM okhttp3.mockwebserver.MockWebServer$3 execute
INFO: MockWebServer[38501] starting to accept connections
Aug 21, 2016 1:23:47 AM okhttp3.mockwebserver.MockWebServer$4 processOneRequest
INFO: MockWebServer[38501] received request: GET / HTTP/1.1 and responded: HTTP/1.1 200 OK
Aug 21, 2016 1:23:47 AM okhttp3.mockwebserver.MockWebServer$3 acceptConnections
INFO: MockWebServer[38501] done accepting connections: Socket closed
Aug 21, 2016 1:23:47 AM okhttp3.mockwebserver.MockWebServer$3 execute
INFO: MockWebServer[53161] starting to accept connections
Aug 21, 2016 1:23:47 AM okhttp3.mockwebserver.MockWebServer$4 processOneRequest
INFO: MockWebServer[53161] received request: GET / HTTP/1.1 and responded: HTTP/1.1 200 OK
Aug 21, 2016 1:23:47 AM okhttp3.mockwebserver.MockWebServer$3 acceptConnections
INFO: MockWebServer[53161] done accepting connections: Socket closed
Aug 21, 2016 1:23:48 AM okhttp3.mockwebserver.MockWebServer$3 execute
INFO: MockWebServer[44123] starting to accept connections
Aug 21, 2016 1:23:48 AM okhttp3.mockwebserver.MockWebServer$4 processOneRequest
INFO: MockWebServer[44123] received request: POST / HTTP/1.1 and responded: HTTP/1.1 200 OK
Aug 21, 2016 1:23:48 AM okhttp3.mockwebserver.MockWebServer$3 acceptConnections
INFO: MockWebServer[44123] done accepting connections: Socket closed
Tests run: 4, Failures: 0, Errors: 0, Skipped: 0, Time elapsed: 1.739 sec

Results :

Tests run: 4, Failures: 0, Errors: 0, Skipped: 0

[INFO] 
[INFO] --- animal-sniffer-maven-plugin:1.14:check (default) @ converter-simplexml ---
[INFO] Checking unresolved references to org.codehaus.mojo.signature:java16:1.1
[INFO]                                                                         
[INFO] ------------------------------------------------------------------------
[INFO] Building Converter: Java Scalars 2.1.1-SNAPSHOT
[INFO] ------------------------------------------------------------------------
[INFO] 
[INFO] --- maven-enforcer-plugin:1.0:enforce (enforce-maven) @ converter-scalars ---
[INFO] 
[INFO] --- maven-resources-plugin:2.6:resources (default-resources) @ converter-scalars ---
[INFO] Using 'UTF-8' encoding to copy filtered resources.
[INFO] skip non existing resourceDirectory /home/travis/build/square/retrofit/retrofit-converters/scalars/src/main/resources
[INFO] 
[INFO] --- maven-compiler-plugin:3.0:compile (default-compile) @ converter-scalars ---
[INFO] Changes detected - recompiling the module!
[INFO] Compiling 3 source files to /home/travis/build/square/retrofit/retrofit-converters/scalars/target/classes
[INFO] 
[INFO] --- maven-resources-plugin:2.6:testResources (default-testResources) @ converter-scalars ---
[INFO] Using 'UTF-8' encoding to copy filtered resources.
[INFO] skip non existing resourceDirectory /home/travis/build/square/retrofit/retrofit-converters/scalars/src/test/resources
[INFO] 
[INFO] --- maven-compiler-plugin:3.0:testCompile (default-testCompile) @ converter-scalars ---
[INFO] Changes detected - recompiling the module!
[INFO] Compiling 2 source files to /home/travis/build/square/retrofit/retrofit-converters/scalars/target/test-classes
[INFO] 
[INFO] --- maven-surefire-plugin:2.12.4:test (default-test) @ converter-scalars ---
[INFO] Surefire report directory: /home/travis/build/square/retrofit/retrofit-converters/scalars/target/surefire-reports

-------------------------------------------------------
 T E S T S
-------------------------------------------------------
Running retrofit2.converter.scalars.ScalarsConverterFactoryTest
Aug 21, 2016 1:23:50 AM okhttp3.mockwebserver.MockWebServer$3 execute
INFO: MockWebServer[42167] starting to accept connections
Aug 21, 2016 1:23:50 AM okhttp3.mockwebserver.MockWebServer$3 acceptConnections
INFO: MockWebServer[42167] done accepting connections: Socket closed
Aug 21, 2016 1:23:50 AM okhttp3.mockwebserver.MockWebServer$3 execute
INFO: MockWebServer[59789] starting to accept connections
Aug 21, 2016 1:23:50 AM okhttp3.mockwebserver.MockWebServer$4 processOneRequest
INFO: MockWebServer[59789] received request: GET / HTTP/1.1 and responded: HTTP/1.1 200 OK
Aug 21, 2016 1:23:50 AM okhttp3.mockwebserver.MockWebServer$4 processOneRequest
INFO: MockWebServer[59789] received request: GET / HTTP/1.1 and responded: HTTP/1.1 200 OK
Aug 21, 2016 1:23:51 AM okhttp3.mockwebserver.MockWebServer$4 processOneRequest
INFO: MockWebServer[59789] received request: GET / HTTP/1.1 and responded: HTTP/1.1 200 OK
Aug 21, 2016 1:23:51 AM okhttp3.mockwebserver.MockWebServer$4 processOneRequest
INFO: MockWebServer[59789] received request: GET / HTTP/1.1 and responded: HTTP/1.1 200 OK
Aug 21, 2016 1:23:51 AM okhttp3.mockwebserver.MockWebServer$4 processOneRequest
INFO: MockWebServer[59789] received request: GET / HTTP/1.1 and responded: HTTP/1.1 200 OK
Aug 21, 2016 1:23:51 AM okhttp3.mockwebserver.MockWebServer$4 processOneRequest
INFO: MockWebServer[59789] received request: GET / HTTP/1.1 and responded: HTTP/1.1 200 OK
Aug 21, 2016 1:23:51 AM okhttp3.mockwebserver.MockWebServer$4 processOneRequest
INFO: MockWebServer[59789] received request: GET / HTTP/1.1 and responded: HTTP/1.1 200 OK
Aug 21, 2016 1:23:51 AM okhttp3.mockwebserver.MockWebServer$4 processOneRequest
INFO: MockWebServer[59789] received request: GET / HTTP/1.1 and responded: HTTP/1.1 200 OK
Aug 21, 2016 1:23:51 AM okhttp3.mockwebserver.MockWebServer$4 processOneRequest
INFO: MockWebServer[59789] received request: GET / HTTP/1.1 and responded: HTTP/1.1 200 OK
Aug 21, 2016 1:23:51 AM okhttp3.mockwebserver.MockWebServer$4 processOneRequest
INFO: MockWebServer[59789] received request: GET / HTTP/1.1 and responded: HTTP/1.1 200 OK
Aug 21, 2016 1:23:51 AM okhttp3.mockwebserver.MockWebServer$4 processOneRequest
INFO: MockWebServer[59789] received request: GET / HTTP/1.1 and responded: HTTP/1.1 200 OK
Aug 21, 2016 1:23:51 AM okhttp3.mockwebserver.MockWebServer$3 acceptConnections
INFO: MockWebServer[59789] done accepting connections: Socket closed
Aug 21, 2016 1:23:51 AM okhttp3.mockwebserver.MockWebServer$3 execute
INFO: MockWebServer[37857] starting to accept connections
Aug 21, 2016 1:23:51 AM okhttp3.mockwebserver.MockWebServer$4 processOneRequest
INFO: MockWebServer[37857] received request: POST / HTTP/1.1 and responded: HTTP/1.1 200 OK
Aug 21, 2016 1:23:51 AM okhttp3.mockwebserver.MockWebServer$4 processOneRequest
INFO: MockWebServer[37857] received request: POST / HTTP/1.1 and responded: HTTP/1.1 200 OK
Aug 21, 2016 1:23:51 AM okhttp3.mockwebserver.MockWebServer$4 processOneRequest
INFO: MockWebServer[37857] received request: POST / HTTP/1.1 and responded: HTTP/1.1 200 OK
Aug 21, 2016 1:23:51 AM okhttp3.mockwebserver.MockWebServer$4 processOneRequest
INFO: MockWebServer[37857] received request: POST / HTTP/1.1 and responded: HTTP/1.1 200 OK
Aug 21, 2016 1:23:51 AM okhttp3.mockwebserver.MockWebServer$4 processOneRequest
INFO: MockWebServer[37857] received request: POST / HTTP/1.1 and responded: HTTP/1.1 200 OK
Aug 21, 2016 1:23:51 AM okhttp3.mockwebserver.MockWebServer$4 processOneRequest
INFO: MockWebServer[37857] received request: POST / HTTP/1.1 and responded: HTTP/1.1 200 OK
Aug 21, 2016 1:23:51 AM okhttp3.mockwebserver.MockWebServer$4 processOneRequest
INFO: MockWebServer[37857] received request: POST / HTTP/1.1 and responded: HTTP/1.1 200 OK
Aug 21, 2016 1:23:51 AM okhttp3.mockwebserver.MockWebServer$4 processOneRequest
INFO: MockWebServer[37857] received request: POST / HTTP/1.1 and responded: HTTP/1.1 200 OK
Aug 21, 2016 1:23:51 AM okhttp3.mockwebserver.MockWebServer$4 processOneRequest
INFO: MockWebServer[37857] received request: POST / HTTP/1.1 and responded: HTTP/1.1 200 OK
Aug 21, 2016 1:23:51 AM okhttp3.mockwebserver.MockWebServer$4 processOneRequest
INFO: MockWebServer[37857] received request: POST / HTTP/1.1 and responded: HTTP/1.1 200 OK
Aug 21, 2016 1:23:51 AM okhttp3.mockwebserver.MockWebServer$4 processOneRequest
INFO: MockWebServer[37857] received request: POST / HTTP/1.1 and responded: HTTP/1.1 200 OK
Aug 21, 2016 1:23:51 AM okhttp3.mockwebserver.MockWebServer$4 processOneRequest
INFO: MockWebServer[37857] received request: POST / HTTP/1.1 and responded: HTTP/1.1 200 OK
Aug 21, 2016 1:23:51 AM okhttp3.mockwebserver.MockWebServer$4 processOneRequest
INFO: MockWebServer[37857] received request: POST / HTTP/1.1 and responded: HTTP/1.1 200 OK
Aug 21, 2016 1:23:51 AM okhttp3.mockwebserver.MockWebServer$4 processOneRequest
INFO: MockWebServer[37857] received request: POST / HTTP/1.1 and responded: HTTP/1.1 200 OK
Aug 21, 2016 1:23:51 AM okhttp3.mockwebserver.MockWebServer$4 processOneRequest
INFO: MockWebServer[37857] received request: POST / HTTP/1.1 and responded: HTTP/1.1 200 OK
Aug 21, 2016 1:23:51 AM okhttp3.mockwebserver.MockWebServer$4 processOneRequest
INFO: MockWebServer[37857] received request: POST / HTTP/1.1 and responded: HTTP/1.1 200 OK
Aug 21, 2016 1:23:51 AM okhttp3.mockwebserver.MockWebServer$4 processOneRequest
INFO: MockWebServer[37857] received request: POST / HTTP/1.1 and responded: HTTP/1.1 200 OK
Aug 21, 2016 1:23:51 AM okhttp3.mockwebserver.MockWebServer$3 acceptConnections
INFO: MockWebServer[37857] done accepting connections: Socket closed
Aug 21, 2016 1:23:51 AM okhttp3.mockwebserver.MockWebServer$3 execute
INFO: MockWebServer[56747] starting to accept connections
Aug 21, 2016 1:23:51 AM okhttp3.mockwebserver.MockWebServer$3 acceptConnections
INFO: MockWebServer[56747] done accepting connections: Socket closed
Tests run: 4, Failures: 0, Errors: 0, Skipped: 0, Time elapsed: 1.629 sec
Running retrofit2.converter.scalars.ScalarsConverterPrimitivesFactoryTest
Aug 21, 2016 1:23:51 AM okhttp3.mockwebserver.MockWebServer$3 execute
INFO: MockWebServer[42609] starting to accept connections
Aug 21, 2016 1:23:51 AM okhttp3.mockwebserver.MockWebServer$4 processOneRequest
INFO: MockWebServer[42609] received request: GET / HTTP/1.1 and responded: HTTP/1.1 200 OK
Aug 21, 2016 1:23:51 AM okhttp3.mockwebserver.MockWebServer$4 processOneRequest
INFO: MockWebServer[42609] received request: GET / HTTP/1.1 and responded: HTTP/1.1 200 OK
Aug 21, 2016 1:23:51 AM okhttp3.mockwebserver.MockWebServer$4 processOneRequest
INFO: MockWebServer[42609] received request: GET / HTTP/1.1 and responded: HTTP/1.1 200 OK
Aug 21, 2016 1:23:51 AM okhttp3.mockwebserver.MockWebServer$4 processOneRequest
INFO: MockWebServer[42609] received request: GET / HTTP/1.1 and responded: HTTP/1.1 200 OK
Aug 21, 2016 1:23:51 AM okhttp3.mockwebserver.MockWebServer$4 processOneRequest
INFO: MockWebServer[42609] received request: GET / HTTP/1.1 and responded: HTTP/1.1 200 OK
Aug 21, 2016 1:23:51 AM okhttp3.mockwebserver.MockWebServer$4 processOneRequest
INFO: MockWebServer[42609] received request: GET / HTTP/1.1 and responded: HTTP/1.1 200 OK
Aug 21, 2016 1:23:51 AM okhttp3.mockwebserver.MockWebServer$4 processOneRequest
INFO: MockWebServer[42609] received request: GET / HTTP/1.1 and responded: HTTP/1.1 200 OK
Aug 21, 2016 1:23:51 AM okhttp3.mockwebserver.MockWebServer$4 processOneRequest
INFO: MockWebServer[42609] received request: GET / HTTP/1.1 and responded: HTTP/1.1 200 OK
Aug 21, 2016 1:23:51 AM okhttp3.mockwebserver.MockWebServer$4 processOneRequest
INFO: MockWebServer[42609] received request: GET / HTTP/1.1 and responded: HTTP/1.1 200 OK
Aug 21, 2016 1:23:51 AM okhttp3.mockwebserver.MockWebServer$4 processOneRequest
INFO: MockWebServer[42609] received request: GET / HTTP/1.1 and responded: HTTP/1.1 200 OK
Aug 21, 2016 1:23:51 AM okhttp3.mockwebserver.MockWebServer$3 acceptConnections
INFO: MockWebServer[42609] done accepting connections: Socket closed
Tests run: 1, Failures: 0, Errors: 0, Skipped: 0, Time elapsed: 0.385 sec

Results :

Tests run: 5, Failures: 0, Errors: 0, Skipped: 0

[INFO] 
[INFO] --- animal-sniffer-maven-plugin:1.14:check (default) @ converter-scalars ---
[INFO] Checking unresolved references to org.codehaus.mojo.signature:java16:1.1
[INFO]                                                                         
[INFO] ------------------------------------------------------------------------
[INFO] Building Converter: Moshi 2.1.1-SNAPSHOT
[INFO] ------------------------------------------------------------------------
[INFO] 
[INFO] --- maven-enforcer-plugin:1.0:enforce (enforce-maven) @ converter-moshi ---
[INFO] 
[INFO] --- maven-resources-plugin:2.6:resources (default-resources) @ converter-moshi ---
[INFO] Using 'UTF-8' encoding to copy filtered resources.
[INFO] skip non existing resourceDirectory /home/travis/build/square/retrofit/retrofit-converters/moshi/src/main/resources
[INFO] 
[INFO] --- maven-compiler-plugin:3.0:compile (default-compile) @ converter-moshi ---
[INFO] Changes detected - recompiling the module!
[INFO] Compiling 3 source files to /home/travis/build/square/retrofit/retrofit-converters/moshi/target/classes
[INFO] 
[INFO] --- maven-resources-plugin:2.6:testResources (default-testResources) @ converter-moshi ---
[INFO] Using 'UTF-8' encoding to copy filtered resources.
[INFO] skip non existing resourceDirectory /home/travis/build/square/retrofit/retrofit-converters/moshi/src/test/resources
[INFO] 
[INFO] --- maven-compiler-plugin:3.0:testCompile (default-testCompile) @ converter-moshi ---
[INFO] Changes detected - recompiling the module!
[INFO] Compiling 1 source file to /home/travis/build/square/retrofit/retrofit-converters/moshi/target/test-classes
[INFO] 
[INFO] --- maven-surefire-plugin:2.12.4:test (default-test) @ converter-moshi ---
[INFO] Surefire report directory: /home/travis/build/square/retrofit/retrofit-converters/moshi/target/surefire-reports

-------------------------------------------------------
 T E S T S
-------------------------------------------------------
Running retrofit2.converter.moshi.MoshiConverterFactoryTest
Aug 21, 2016 1:23:54 AM okhttp3.mockwebserver.MockWebServer$3 execute
INFO: MockWebServer[56694] starting to accept connections
Aug 21, 2016 1:23:54 AM okhttp3.mockwebserver.MockWebServer$4 processOneRequest
INFO: MockWebServer[56694] received request: POST / HTTP/1.1 and responded: HTTP/1.1 200 OK
Aug 21, 2016 1:23:54 AM okhttp3.mockwebserver.MockWebServer$3 acceptConnections
INFO: MockWebServer[56694] done accepting connections: Socket closed
Aug 21, 2016 1:23:54 AM okhttp3.mockwebserver.MockWebServer$3 execute
INFO: MockWebServer[39923] starting to accept connections
Aug 21, 2016 1:23:55 AM okhttp3.mockwebserver.MockWebServer$3 acceptConnections
INFO: MockWebServer[39923] done accepting connections: Socket closed
Aug 21, 2016 1:23:55 AM okhttp3.mockwebserver.MockWebServer$4 processOneRequest
INFO: MockWebServer[39923] received request: POST / HTTP/1.1 and responded: HTTP/1.1 200 OK
Aug 21, 2016 1:23:55 AM okhttp3.mockwebserver.MockWebServer$3 execute
INFO: MockWebServer[58613] starting to accept connections
Aug 21, 2016 1:23:55 AM okhttp3.mockwebserver.MockWebServer$4 processOneRequest
INFO: MockWebServer[58613] received request: POST / HTTP/1.1 and responded: HTTP/1.1 200 OK
Aug 21, 2016 1:23:55 AM okhttp3.mockwebserver.MockWebServer$3 acceptConnections
INFO: MockWebServer[58613] done accepting connections: Socket closed
Aug 21, 2016 1:23:55 AM okhttp3.mockwebserver.MockWebServer$3 execute
INFO: MockWebServer[48625] starting to accept connections
Aug 21, 2016 1:23:55 AM okhttp3.mockwebserver.MockWebServer$3 acceptConnections
INFO: MockWebServer[48625] done accepting connections: Socket closed
Aug 21, 2016 1:23:55 AM okhttp3.mockwebserver.MockWebServer$4 processOneRequest
INFO: MockWebServer[48625] received request: POST / HTTP/1.1 and responded: HTTP/1.1 200 OK
Aug 21, 2016 1:23:55 AM okhttp3.mockwebserver.MockWebServer$3 execute
INFO: MockWebServer[34866] starting to accept connections
Aug 21, 2016 1:23:55 AM okhttp3.mockwebserver.MockWebServer$4 processOneRequest
INFO: MockWebServer[34866] received request: POST / HTTP/1.1 and responded: HTTP/1.1 200 OK
Aug 21, 2016 1:23:55 AM okhttp3.mockwebserver.MockWebServer$4 processOneRequest
INFO: MockWebServer[34866] received request: POST / HTTP/1.1 and responded: HTTP/1.1 200 OK
Aug 21, 2016 1:23:55 AM okhttp3.mockwebserver.MockWebServer$3 acceptConnections
INFO: MockWebServer[34866] done accepting connections: Socket closed
Aug 21, 2016 1:23:55 AM okhttp3.mockwebserver.MockWebServer$3 execute
INFO: MockWebServer[46558] starting to accept connections
Aug 21, 2016 1:23:55 AM okhttp3.mockwebserver.MockWebServer$3 acceptConnections
INFO: MockWebServer[46558] done accepting connections: Socket closed
Aug 21, 2016 1:23:55 AM okhttp3.mockwebserver.MockWebServer$4 processOneRequest
INFO: MockWebServer[46558] received request: POST / HTTP/1.1 and responded: HTTP/1.1 200 OK
Tests run: 6, Failures: 0, Errors: 0, Skipped: 0, Time elapsed: 1.486 sec

Results :

Tests run: 6, Failures: 0, Errors: 0, Skipped: 0

[INFO] 
[INFO] --- animal-sniffer-maven-plugin:1.14:check (default) @ converter-moshi ---
[INFO] Checking unresolved references to org.codehaus.mojo.signature:java16:1.1
[INFO]                                                                         
[INFO] ------------------------------------------------------------------------
[INFO] Building Retrofit Mock Adapter 2.1.1-SNAPSHOT
[INFO] ------------------------------------------------------------------------
[INFO] 
[INFO] --- maven-enforcer-plugin:1.0:enforce (enforce-maven) @ retrofit-mock ---
[INFO] 
[INFO] --- maven-resources-plugin:2.6:resources (default-resources) @ retrofit-mock ---
[INFO] Using 'UTF-8' encoding to copy filtered resources.
[INFO] skip non existing resourceDirectory /home/travis/build/square/retrofit/retrofit-mock/src/main/resources
[INFO] 
[INFO] --- maven-compiler-plugin:3.0:compile (default-compile) @ retrofit-mock ---
[INFO] Changes detected - recompiling the module!
[INFO] Compiling 5 source files to /home/travis/build/square/retrofit/retrofit-mock/target/classes
[INFO] 
[INFO] --- maven-resources-plugin:2.6:testResources (default-testResources) @ retrofit-mock ---
[INFO] Using 'UTF-8' encoding to copy filtered resources.
[INFO] skip non existing resourceDirectory /home/travis/build/square/retrofit/retrofit-mock/src/test/resources
[INFO] 
[INFO] --- maven-compiler-plugin:3.0:testCompile (default-testCompile) @ retrofit-mock ---
[INFO] Changes detected - recompiling the module!
[INFO] Compiling 3 source files to /home/travis/build/square/retrofit/retrofit-mock/target/test-classes
[INFO] 
[INFO] --- maven-surefire-plugin:2.12.4:test (default-test) @ retrofit-mock ---
[INFO] Surefire report directory: /home/travis/build/square/retrofit/retrofit-mock/target/surefire-reports

-------------------------------------------------------
 T E S T S
-------------------------------------------------------
Running retrofit2.mock.BehaviorDelegateTest
Tests run: 10, Failures: 0, Errors: 0, Skipped: 0, Time elapsed: 1.724 sec
Running retrofit2.mock.MockRetrofitTest
Tests run: 8, Failures: 0, Errors: 0, Skipped: 0, Time elapsed: 0.066 sec
Running retrofit2.mock.NetworkBehaviorTest
Tests run: 6, Failures: 0, Errors: 0, Skipped: 0, Time elapsed: 0.1 sec

Results :

Tests run: 24, Failures: 0, Errors: 0, Skipped: 0

[INFO] 
[INFO] --- animal-sniffer-maven-plugin:1.14:check (default) @ retrofit-mock ---
[INFO] Checking unresolved references to org.codehaus.mojo.signature:java16:1.1
[INFO]                                                                         
[INFO] ------------------------------------------------------------------------
[INFO] Building Samples 2.1.1-SNAPSHOT
[INFO] ------------------------------------------------------------------------
[INFO] 
[INFO] --- maven-enforcer-plugin:1.0:enforce (enforce-maven) @ samples ---
[INFO] 
[INFO] --- maven-resources-plugin:2.6:resources (default-resources) @ samples ---
[INFO] Using 'UTF-8' encoding to copy filtered resources.
[INFO] skip non existing resourceDirectory /home/travis/build/square/retrofit/samples/src/main/resources
[INFO] 
[INFO] --- maven-compiler-plugin:3.0:compile (default-compile) @ samples ---
[INFO] Changes detected - recompiling the module!
[INFO] Compiling 9 source files to /home/travis/build/square/retrofit/samples/target/classes
[INFO] 
[INFO] --- maven-resources-plugin:2.6:testResources (default-testResources) @ samples ---
[INFO] Using 'UTF-8' encoding to copy filtered resources.
[INFO] skip non existing resourceDirectory /home/travis/build/square/retrofit/samples/src/test/resources
[INFO] 
[INFO] --- maven-compiler-plugin:3.0:testCompile (default-testCompile) @ samples ---
[INFO] No sources to compile
[INFO] 
[INFO] --- maven-surefire-plugin:2.12.4:test (default-test) @ samples ---
[INFO] No tests to run.
[INFO] 
[INFO] --- animal-sniffer-maven-plugin:1.14:check (default) @ samples ---
[INFO] Checking unresolved references to org.codehaus.mojo.signature:java16:1.1
[INFO] ------------------------------------------------------------------------
[INFO] Reactor Summary:
[INFO] 
[INFO] Retrofit (Parent) .................................. SUCCESS [  2.074 s]
[INFO] Retrofit ........................................... SUCCESS [ 23.549 s]
[INFO] Adapters ........................................... SUCCESS [  0.310 s]
[INFO] Adapter: Guava ..................................... SUCCESS [  1.683 s]
[INFO] Adapter: Java 8 .................................... SUCCESS [  1.825 s]
[INFO] Adapter: RxJava .................................... SUCCESS [  2.642 s]
[INFO] Converters ......................................... SUCCESS [  0.151 s]
[INFO] Converter: Gson .................................... SUCCESS [  1.346 s]
[INFO] Converter: Protocol Buffers ........................ SUCCESS [  1.709 s]
[INFO] Converter: Jackson ................................. SUCCESS [  1.234 s]
[INFO] Converter: Wire Protocol Buffers ................... SUCCESS [  2.138 s]
[INFO] Converter: SimpleXML ............................... SUCCESS [  3.401 s]
[INFO] Converter: Java Scalars ............................ SUCCESS [  3.470 s]
[INFO] Converter: Moshi ................................... SUCCESS [  3.310 s]
[INFO] Retrofit Mock Adapter .............................. SUCCESS [  2.733 s]
[INFO] Samples ............................................ SUCCESS [  0.960 s]
[INFO] ------------------------------------------------------------------------
[INFO] BUILD SUCCESS
[INFO] ------------------------------------------------------------------------
[INFO] Total time: 53.059 s
[INFO] Finished at: 2016-08-21T01:23:59+00:00
[INFO] Final Memory: 51M/355M
[INFO] ------------------------------------------------------------------------

travis_time:end:161ba00b:start=1471742584351450907,finish=1471742643546848494,duration=59195397587[0K
[32;1mThe command "mvn test -B" exited with 0.[0m
travis_fold:start:cache.2[0Kstore build cache
travis_time:start:06bd8740[0K
travis_time:end:06bd8740:start=1471742643551065874,finish=1471742643554388722,duration=3322848[0Ktravis_time:start:14ff4a74[0K[32;1mchange detected (content changed, file is created, or file is deleted):
/home/travis/.m2/repository/com/squareup/retrofit2/adapter-guava/2.1.1-SNAPSHOT/adapter-guava-2.1.1-SNAPSHOT.jar
/home/travis/.m2/repository/com/squareup/retrofit2/adapter-guava/2.1.1-SNAPSHOT/maven-metadata-local.xml
/home/travis/.m2/repository/com/squareup/retrofit2/adapter-guava/2.1.1-SNAPSHOT/_remote.repositories
/home/travis/.m2/repository/com/squareup/retrofit2/adapter-guava/maven-metadata-local.xml
/home/travis/.m2/repository/com/squareup/retrofit2/adapter-java8/2.1.1-SNAPSHOT/adapter-java8-2.1.1-SNAPSHOT.jar
/home/travis/.m2/repository/com/squareup/retrofit2/adapter-java8/2.1.1-SNAPSHOT/maven-metadata-local.xml
/home/travis/.m2/repository/com/squareup/retrofit2/adapter-java8/2.1.1-SNAPSHOT/_remote.repositories
/home/travis/.m2/repository/com/squareup/retrofit2/adapter-java8/maven-metadata-local.xml
/home/travis/.m2/repository/com/squareup/retrofit2/adapter-rxjava/2.1.1-SNAPSHOT/adapter-rxjava-2.1.1-SNAPSHOT.jar
/home/travis/.m2/repository/com/squareup/retrofit2/adapter-rxjava/2.
[0m
[32;1m...
[0m
[32;1mchanges detected, packing new archive[0m
.
[32;1muploading archive[0m

travis_time:end:14ff4a74:start=1471742643558184316,finish=1471742653035335768,duration=9477151452[0Ktravis_fold:end:cache.2[0Ktravis_fold:start:after_success[0Ktravis_time:start:07aa2e4c[0K$ .buildscript/deploy_snapshot.sh
Skipping snapshot deployment: was pull request.

travis_time:end:07aa2e4c:start=1471742653039634315,finish=1471742653044555465,duration=4921150[0Ktravis_fold:end:after_success[0K
Done. Your build exited with 0.
