Using worker: bluebox-jvm-otp.worker.travis-ci.org:travis-jvm-3

$ git clone --depth=100 --quiet git://github.com/square/retrofit.git square/retrofit
$ cd square/retrofit
$ git fetch origin +refs/pull/136/merge: 
remote: Counting objects: 294, done.[K
remote: Compressing objects:   0% (1/159)   [Kremote: Compressing objects:   1% (2/159)   [Kremote: Compressing objects:   2% (4/159)   [Kremote: Compressing objects:   3% (5/159)   [Kremote: Compressing objects:   4% (7/159)   [Kremote: Compressing objects:   5% (8/159)   [Kremote: Compressing objects:   6% (10/159)   [Kremote: Compressing objects:   7% (12/159)   [Kremote: Compressing objects:   8% (13/159)   [Kremote: Compressing objects:   9% (15/159)   [Kremote: Compressing objects:  10% (16/159)   [Kremote: Compressing objects:  11% (18/159)   [Kremote: Compressing objects:  12% (20/159)   [Kremote: Compressing objects:  13% (21/159)   [Kremote: Compressing objects:  14% (23/159)   [Kremote: Compressing objects:  15% (24/159)   [Kremote: Compressing objects:  16% (26/159)   [Kremote: Compressing objects:  17% (28/159)   [Kremote: Compressing objects:  18% (29/159)   [Kremote: Compressing objects:  19% (31/159)   [Kremote: Compressing objects:  20% (32/159)   [Kremote: Compressing objects:  21% (34/159)   [Kremote: Compressing objects:  22% (35/159)   [Kremote: Compressing objects:  23% (37/159)   [Kremote: Compressing objects:  24% (39/159)   [Kremote: Compressing objects:  25% (40/159)   [Kremote: Compressing objects:  26% (42/159)   [Kremote: Compressing objects:  27% (43/159)   [Kremote: Compressing objects:  28% (45/159)   [Kremote: Compressing objects:  29% (47/159)   [Kremote: Compressing objects:  30% (48/159)   [Kremote: Compressing objects:  31% (50/159)   [Kremote: Compressing objects:  32% (51/159)   [Kremote: Compressing objects:  33% (53/159)   [Kremote: Compressing objects:  34% (55/159)   [Kremote: Compressing objects:  35% (56/159)   [Kremote: Compressing objects:  36% (58/159)   [Kremote: Compressing objects:  37% (59/159)   [Kremote: Compressing objects:  38% (61/159)   [Kremote: Compressing objects:  39% (63/159)   [Kremote: Compressing objects:  40% (64/159)   [Kremote: Compressing objects:  41% (66/159)   [Kremote: Compressing objects:  42% (67/159)   [Kremote: Compressing objects:  43% (69/159)   [Kremote: Compressing objects:  44% (70/159)   [Kremote: Compressing objects:  45% (72/159)   [Kremote: Compressing objects:  46% (74/159)   [Kremote: Compressing objects:  47% (75/159)   [Kremote: Compressing objects:  48% (77/159)   [Kremote: Compressing objects:  49% (78/159)   [Kremote: Compressing objects:  50% (80/159)   [Kremote: Compressing objects:  51% (82/159)   [Kremote: Compressing objects:  52% (83/159)   [Kremote: Compressing objects:  53% (85/159)   [Kremote: Compressing objects:  54% (86/159)   [Kremote: Compressing objects:  55% (88/159)   [Kremote: Compressing objects:  56% (90/159)   [Kremote: Compressing objects:  57% (91/159)   [Kremote: Compressing objects:  58% (93/159)   [Kremote: Compressing objects:  59% (94/159)   [Kremote: Compressing objects:  60% (96/159)   [Kremote: Compressing objects:  61% (97/159)   [Kremote: Compressing objects:  62% (99/159)   [Kremote: Compressing objects:  63% (101/159)   [Kremote: Compressing objects:  64% (102/159)   [Kremote: Compressing objects:  65% (104/159)   [Kremote: Compressing objects:  66% (105/159)   [Kremote: Compressing objects:  67% (107/159)   [Kremote: Compressing objects:  68% (109/159)   [Kremote: Compressing objects:  69% (110/159)   [Kremote: Compressing objects:  70% (112/159)   [Kremote: Compressing objects:  71% (113/159)   [Kremote: Compressing objects:  72% (115/159)   [Kremote: Compressing objects:  73% (117/159)   [Kremote: Compressing objects:  74% (118/159)   [Kremote: Compressing objects:  75% (120/159)   [Kremote: Compressing objects:  76% (121/159)   [Kremote: Compressing objects:  77% (123/159)   [Kremote: Compressing objects:  78% (125/159)   [Kremote: Compressing objects:  79% (126/159)   [Kremote: Compressing objects:  80% (128/159)   [Kremote: Compressing objects:  81% (129/159)   [Kremote: Compressing objects:  82% (131/159)   [Kremote: Compressing objects:  83% (132/159)   [Kremote: Compressing objects:  84% (134/159)   [Kremote: Compressing objects:  85% (136/159)   [Kremote: Compressing objects:  86% (137/159)   [Kremote: Compressing objects:  87% (139/159)   [Kremote: Compressing objects:  88% (140/159)   [Kremote: Compressing objects:  89% (142/159)   [Kremote: Compressing objects:  90% (144/159)   [Kremote: Compressing objects:  91% (145/159)   [Kremote: Compressing objects:  92% (147/159)   [Kremote: Compressing objects:  93% (148/159)   [Kremote: Compressing objects:  94% (150/159)   [Kremote: Compressing objects:  95% (152/159)   [Kremote: Compressing objects:  96% (153/159)   [Kremote: Compressing objects:  97% (155/159)   [Kremote: Compressing objects:  98% (156/159)   [Kremote: Compressing objects:  99% (158/159)   [Kremote: Compressing objects: 100% (159/159)   [Kremote: Compressing objects: 100% (159/159), done.[K
Receiving objects:   0% (1/251)   Receiving objects:   1% (3/251)   Receiving objects:   2% (6/251)   Receiving objects:   3% (8/251)   Receiving objects:   4% (11/251)   Receiving objects:   5% (13/251)   Receiving objects:   6% (16/251)   Receiving objects:   7% (18/251)   Receiving objects:   8% (21/251)   Receiving objects:   9% (23/251)   Receiving objects:  10% (26/251)   Receiving objects:  11% (28/251)   Receiving objects:  12% (31/251)   Receiving objects:  13% (33/251)   Receiving objects:  14% (36/251)   Receiving objects:  15% (38/251)   Receiving objects:  16% (41/251)   Receiving objects:  17% (43/251)   Receiving objects:  18% (46/251)   Receiving objects:  19% (48/251)   Receiving objects:  20% (51/251)   Receiving objects:  21% (53/251)   Receiving objects:  22% (56/251)   Receiving objects:  23% (58/251)   Receiving objects:  24% (61/251)   Receiving objects:  25% (63/251)   Receiving objects:  26% (66/251)   Receiving objects:  27% (68/251)   Receiving objects:  28% (71/251)   Receiving objects:  29% (73/251)   Receiving objects:  30% (76/251)   Receiving objects:  31% (78/251)   Receiving objects:  32% (81/251)   Receiving objects:  33% (83/251)   Receiving objects:  34% (86/251)   Receiving objects:  35% (88/251)   Receiving objects:  36% (91/251)   Receiving objects:  37% (93/251)   Receiving objects:  38% (96/251)   Receiving objects:  39% (98/251)   Receiving objects:  40% (101/251)   Receiving objects:  41% (103/251)   Receiving objects:  42% (106/251)   Receiving objects:  43% (108/251)   Receiving objects:  44% (111/251)   Receiving objects:  45% (113/251)   Receiving objects:  46% (116/251)   Receiving objects:  47% (118/251)   Receiving objects:  48% (121/251)   Receiving objects:  49% (123/251)   Receiving objects:  50% (126/251)   Receiving objects:  51% (129/251)   Receiving objects:  52% (131/251)   Receiving objects:  53% (134/251)   Receiving objects:  54% (136/251)   remote: Total 251 (delta 113), reused 178 (delta 42)[K
Receiving objects:  55% (139/251)   Receiving objects:  56% (141/251)   Receiving objects:  57% (144/251)   Receiving objects:  58% (146/251)   Receiving objects:  59% (149/251)   Receiving objects:  60% (151/251)   Receiving objects:  61% (154/251)   Receiving objects:  62% (156/251)   Receiving objects:  63% (159/251)   Receiving objects:  64% (161/251)   Receiving objects:  65% (164/251)   Receiving objects:  66% (166/251)   Receiving objects:  67% (169/251)   Receiving objects:  68% (171/251)   Receiving objects:  69% (174/251)   Receiving objects:  70% (176/251)   Receiving objects:  71% (179/251)   Receiving objects:  72% (181/251)   Receiving objects:  73% (184/251)   Receiving objects:  74% (186/251)   Receiving objects:  75% (189/251)   Receiving objects:  76% (191/251)   Receiving objects:  77% (194/251)   Receiving objects:  78% (196/251)   Receiving objects:  79% (199/251)   Receiving objects:  80% (201/251)   Receiving objects:  81% (204/251)   Receiving objects:  82% (206/251)   Receiving objects:  83% (209/251)   Receiving objects:  84% (211/251)   Receiving objects:  85% (214/251)   Receiving objects:  86% (216/251)   Receiving objects:  87% (219/251)   Receiving objects:  88% (221/251)   Receiving objects:  89% (224/251)   Receiving objects:  90% (226/251)   Receiving objects:  91% (229/251)   Receiving objects:  92% (231/251)   Receiving objects:  93% (234/251)   Receiving objects:  94% (236/251)   Receiving objects:  95% (239/251)   Receiving objects:  96% (241/251)   Receiving objects:  97% (244/251)   Receiving objects:  98% (246/251)   Receiving objects:  99% (249/251)   Receiving objects: 100% (251/251)   Receiving objects: 100% (251/251), 44.35 KiB, done.
Resolving deltas:   0% (0/113)   Resolving deltas:   2% (3/113)   Resolving deltas:   3% (4/113)   Resolving deltas:   9% (11/113)   Resolving deltas:  17% (20/113)   Resolving deltas:  18% (21/113)   Resolving deltas:  19% (22/113)   Resolving deltas:  22% (25/113)   Resolving deltas:  23% (26/113)   Resolving deltas:  25% (29/113)   Resolving deltas:  29% (33/113)   Resolving deltas:  31% (36/113)   Resolving deltas:  32% (37/113)   Resolving deltas:  35% (40/113)   Resolving deltas:  36% (41/113)   Resolving deltas:  38% (43/113)   Resolving deltas:  41% (47/113)   Resolving deltas:  42% (48/113)   Resolving deltas:  44% (50/113)   Resolving deltas:  46% (53/113)   Resolving deltas:  47% (54/113)   Resolving deltas:  48% (55/113)   Resolving deltas:  49% (56/113)   Resolving deltas:  50% (57/113)   Resolving deltas:  51% (58/113)   Resolving deltas:  53% (60/113)   Resolving deltas:  54% (62/113)   Resolving deltas:  63% (72/113)   Resolving deltas:  65% (74/113)   Resolving deltas:  67% (76/113)   Resolving deltas:  69% (78/113)   Resolving deltas:  72% (82/113)   Resolving deltas:  74% (84/113)   Resolving deltas:  76% (87/113)   Resolving deltas:  77% (88/113)   Resolving deltas:  81% (92/113)   Resolving deltas:  83% (94/113)   Resolving deltas:  87% (99/113)   Resolving deltas:  89% (101/113)   Resolving deltas:  90% (102/113)   Resolving deltas:  91% (103/113)   Resolving deltas:  92% (104/113)   Resolving deltas:  93% (106/113)   Resolving deltas:  94% (107/113)   Resolving deltas:  95% (108/113)   Resolving deltas:  96% (109/113)   Resolving deltas:  97% (110/113)   Resolving deltas:  98% (111/113)   Resolving deltas: 100% (113/113)   Resolving deltas: 100% (113/113), completed with 23 local objects.
From git://github.com/square/retrofit
 * branch            refs/pull/136/merge -> FETCH_HEAD
$ git checkout -qf a9f48840f57ea2459237f62d5da5ddac0ee96923
$ java -version
java version "1.7.0_09"
OpenJDK Runtime Environment (IcedTea7 2.3.4) (7u9-2.3.4-0ubuntu1.12.04.1)
OpenJDK 64-Bit Server VM (build 23.2-b09, mixed mode)
$ javac -version
javac 1.7.0_09
$ mvn install --quiet -DskipTests=true
$ mvn test
[INFO] Scanning for projects...
[INFO] ------------------------------------------------------------------------
[INFO] Reactor Build Order:
[INFO] 
[INFO] Retrofit (Parent)
[INFO] Retrofit
[INFO] Samples
[INFO] Sample: Twitter Client
[INFO]                                                                         
[INFO] ------------------------------------------------------------------------
[INFO] Building Retrofit (Parent) 1.0.0-SNAPSHOT
[INFO] ------------------------------------------------------------------------
[INFO] 
[INFO] --- maven-enforcer-plugin:1.0:enforce (enforce-maven) @ parent ---
[INFO]                                                                         
[INFO] ------------------------------------------------------------------------
[INFO] Building Retrofit 1.0.0-SNAPSHOT
[INFO] ------------------------------------------------------------------------
Downloading: https://repository.apache.org/snapshots/com/google/code/gson/gson/2.2.3-SNAPSHOT/maven-metadata.xml
[INFO] 
[INFO] --- maven-enforcer-plugin:1.0:enforce (enforce-maven) @ retrofit ---
[INFO] 
[INFO] --- maven-resources-plugin:2.3:resources (default-resources) @ retrofit ---
[INFO] Using 'UTF-8' encoding to copy filtered resources.
[INFO] skip non existing resourceDirectory /home/travis/build/square/retrofit/retrofit/src/main/resources
[INFO] 
[INFO] --- maven-compiler-plugin:2.5:compile (default-compile) @ retrofit ---
[INFO] Nothing to compile - all classes are up to date
[INFO] 
[INFO] --- maven-resources-plugin:2.3:testResources (default-testResources) @ retrofit ---
[INFO] Using 'UTF-8' encoding to copy filtered resources.
[INFO] skip non existing resourceDirectory /home/travis/build/square/retrofit/retrofit/src/test/resources
[INFO] 
[INFO] --- maven-compiler-plugin:2.5:testCompile (default-testCompile) @ retrofit ---
[INFO] Nothing to compile - all classes are up to date
[INFO] 
[INFO] --- maven-surefire-plugin:2.10:test (default-test) @ retrofit ---
[INFO] Surefire report directory: /home/travis/build/square/retrofit/retrofit/target/surefire-reports
Downloading: http://maven.mirrors.travis-ci.org/nexus/content/repositories/central/org/apache/maven/surefire/surefire-junit4/2.10/surefire-junit4-2.10.pom
3/3 KB            Downloaded: http://maven.mirrors.travis-ci.org/nexus/content/repositories/central/org/apache/maven/surefire/surefire-junit4/2.10/surefire-junit4-2.10.pom (3 KB at 4.6 KB/sec)
Downloading: http://maven.mirrors.travis-ci.org/nexus/content/repositories/central/org/apache/maven/surefire/surefire-providers/2.10/surefire-providers-2.10.pom
3/3 KB            Downloaded: http://maven.mirrors.travis-ci.org/nexus/content/repositories/central/org/apache/maven/surefire/surefire-providers/2.10/surefire-providers-2.10.pom (3 KB at 7.0 KB/sec)
Downloading: http://maven.mirrors.travis-ci.org/nexus/content/repositories/central/org/apache/maven/surefire/surefire-junit4/2.10/surefire-junit4-2.10.jar
4/33 KB   8/33 KB   9/33 KB   13/33 KB   17/33 KB   21/33 KB   23/33 KB   27/33 KB   31/33 KB   33/33 KB              Downloaded: http://maven.mirrors.travis-ci.org/nexus/content/repositories/central/org/apache/maven/surefire/surefire-junit4/2.10/surefire-junit4-2.10.jar (33 KB at 63.3 KB/sec)

-------------------------------------------------------
 T E S T S
-------------------------------------------------------
Running retrofit.io.TypedFileTest
Tests run: 3, Failures: 0, Errors: 0, Skipped: 0, Time elapsed: 0.12 sec
Running retrofit.io.TypedByteArrayTest
Tests run: 1, Failures: 0, Errors: 0, Skipped: 0, Time elapsed: 0 sec
Running retrofit.http.client.ApacheClientTest
Tests run: 5, Failures: 0, Errors: 0, Skipped: 0, Time elapsed: 0.318 sec
Running retrofit.http.RestMethodInfoTest
Tests run: 46, Failures: 0, Errors: 0, Skipped: 1, Time elapsed: 0.214 sec
Running retrofit.http.RestAdapterTest
Tests run: 1, Failures: 0, Errors: 0, Skipped: 0, Time elapsed: 0.272 sec
Running retrofit.http.RequestBuilderTest
Tests run: 16, Failures: 0, Errors: 0, Skipped: 0, Time elapsed: 0.08 sec
Running retrofit.http.UtilsTest
Tests run: 1, Failures: 0, Errors: 0, Skipped: 0, Time elapsed: 0.001 sec

Results :

Tests run: 73, Failures: 0, Errors: 0, Skipped: 1

[INFO]                                                                         
[INFO] ------------------------------------------------------------------------
[INFO] Building Samples 1.0.0-SNAPSHOT
[INFO] ------------------------------------------------------------------------
[INFO] 
[INFO] --- maven-enforcer-plugin:1.0:enforce (enforce-maven) @ samples ---
[INFO]                                                                         
[INFO] ------------------------------------------------------------------------
[INFO] Building Sample: Twitter Client 1.0.0-SNAPSHOT
[INFO] ------------------------------------------------------------------------
[INFO] 
[INFO] --- maven-enforcer-plugin:1.0:enforce (enforce-maven) @ sample-twitter-client ---
[INFO] 
[INFO] --- maven-resources-plugin:2.3:resources (default-resources) @ sample-twitter-client ---
[INFO] Using 'UTF-8' encoding to copy filtered resources.
[INFO] skip non existing resourceDirectory /home/travis/build/square/retrofit/samples/twitter-client/src/main/resources
[INFO] 
[INFO] --- maven-compiler-plugin:2.5:compile (default-compile) @ sample-twitter-client ---
[INFO] Nothing to compile - all classes are up to date
[INFO] 
[INFO] --- maven-resources-plugin:2.3:testResources (default-testResources) @ sample-twitter-client ---
[INFO] Using 'UTF-8' encoding to copy filtered resources.
[INFO] skip non existing resourceDirectory /home/travis/build/square/retrofit/samples/twitter-client/src/test/resources
[INFO] 
[INFO] --- maven-compiler-plugin:2.5:testCompile (default-testCompile) @ sample-twitter-client ---
[INFO] No sources to compile
[INFO] 
[INFO] --- maven-surefire-plugin:2.10:test (default-test) @ sample-twitter-client ---
[INFO] No tests to run.
[INFO] Surefire report directory: /home/travis/build/square/retrofit/samples/twitter-client/target/surefire-reports
Downloading: http://maven.mirrors.travis-ci.org/nexus/content/repositories/central/org/apache/maven/surefire/surefire-junit3/2.10/surefire-junit3-2.10.pom
2/2 KB              Downloaded: http://maven.mirrors.travis-ci.org/nexus/content/repositories/central/org/apache/maven/surefire/surefire-junit3/2.10/surefire-junit3-2.10.pom (2 KB at 5.3 KB/sec)
Downloading: http://maven.mirrors.travis-ci.org/nexus/content/repositories/central/org/apache/maven/surefire/surefire-junit3/2.10/surefire-junit3-2.10.jar
4/26 KB   8/26 KB   9/26 KB   13/26 KB   17/26 KB   21/26 KB   23/26 KB   26/26 KB              Downloaded: http://maven.mirrors.travis-ci.org/nexus/content/repositories/central/org/apache/maven/surefire/surefire-junit3/2.10/surefire-junit3-2.10.jar (26 KB at 50.6 KB/sec)

-------------------------------------------------------
 T E S T S
-------------------------------------------------------

Results :

Tests run: 0, Failures: 0, Errors: 0, Skipped: 0

[INFO] ------------------------------------------------------------------------
[INFO] Reactor Summary:
[INFO] 
[INFO] Retrofit (Parent) ................................. SUCCESS [0.945s]
[INFO] Retrofit .......................................... SUCCESS [5.348s]
[INFO] Samples ........................................... SUCCESS [0.005s]
[INFO] Sample: Twitter Client ............................ SUCCESS [1.105s]
[INFO] ------------------------------------------------------------------------
[INFO] BUILD SUCCESS
[INFO] ------------------------------------------------------------------------
[INFO] Total time: 7.842s
[INFO] Finished at: Sun Jan 27 22:03:34 UTC 2013
[INFO] Final Memory: 12M/201M
[INFO] ------------------------------------------------------------------------

Done. Build script exited with 0
