Using worker: bluebox-jvm-otp.worker.travis-ci.org:travis-jvm-2

$ git clone --depth=100 --quiet git://github.com/square/retrofit.git square/retrofit
$ cd square/retrofit
$ git fetch origin +refs/pull/136/merge: 
remote: Counting objects: 390, done.[K
remote: Compressing objects:   0% (1/219)   [Kremote: Compressing objects:   1% (3/219)   [Kremote: Compressing objects:   2% (5/219)   [Kremote: Compressing objects:   3% (7/219)   [Kremote: Compressing objects:   4% (9/219)   [Kremote: Compressing objects:   5% (11/219)   [Kremote: Compressing objects:   6% (14/219)   [Kremote: Compressing objects:   7% (16/219)   [Kremote: Compressing objects:   8% (18/219)   [Kremote: Compressing objects:   9% (20/219)   [Kremote: Compressing objects:  10% (22/219)   [Kremote: Compressing objects:  11% (25/219)   [Kremote: Compressing objects:  12% (27/219)   [Kremote: Compressing objects:  13% (29/219)   [Kremote: Compressing objects:  14% (31/219)   [Kremote: Compressing objects:  15% (33/219)   [Kremote: Compressing objects:  16% (36/219)   [Kremote: Compressing objects:  17% (38/219)   [Kremote: Compressing objects:  18% (40/219)   [Kremote: Compressing objects:  19% (42/219)   [Kremote: Compressing objects:  20% (44/219)   [Kremote: Compressing objects:  21% (46/219)   [Kremote: Compressing objects:  22% (49/219)   [Kremote: Compressing objects:  23% (51/219)   [Kremote: Compressing objects:  24% (53/219)   [Kremote: Compressing objects:  25% (55/219)   [Kremote: Compressing objects:  26% (57/219)   [Kremote: Compressing objects:  27% (60/219)   [Kremote: Compressing objects:  28% (62/219)   [Kremote: Compressing objects:  29% (64/219)   [Kremote: Compressing objects:  30% (66/219)   [Kremote: Compressing objects:  31% (68/219)   [Kremote: Compressing objects:  32% (71/219)   [Kremote: Compressing objects:  33% (73/219)   [Kremote: Compressing objects:  34% (75/219)   [Kremote: Compressing objects:  35% (77/219)   [Kremote: Compressing objects:  36% (79/219)   [Kremote: Compressing objects:  37% (82/219)   [Kremote: Compressing objects:  38% (84/219)   [Kremote: Compressing objects:  39% (86/219)   [Kremote: Compressing objects:  40% (88/219)   [Kremote: Compressing objects:  41% (90/219)   [Kremote: Compressing objects:  42% (92/219)   [Kremote: Compressing objects:  43% (95/219)   [Kremote: Compressing objects:  44% (97/219)   [Kremote: Compressing objects:  45% (99/219)   [Kremote: Compressing objects:  46% (101/219)   [Kremote: Compressing objects:  47% (103/219)   [Kremote: Compressing objects:  48% (106/219)   [Kremote: Compressing objects:  49% (108/219)   [Kremote: Compressing objects:  50% (110/219)   [Kremote: Compressing objects:  51% (112/219)   [Kremote: Compressing objects:  52% (114/219)   [Kremote: Compressing objects:  53% (117/219)   [Kremote: Compressing objects:  54% (119/219)   [Kremote: Compressing objects:  55% (121/219)   [Kremote: Compressing objects:  56% (123/219)   [Kremote: Compressing objects:  57% (125/219)   [Kremote: Compressing objects:  58% (128/219)   [Kremote: Compressing objects:  59% (130/219)   [Kremote: Compressing objects:  60% (132/219)   [Kremote: Compressing objects:  61% (134/219)   [Kremote: Compressing objects:  62% (136/219)   [Kremote: Compressing objects:  63% (138/219)   [Kremote: Compressing objects:  64% (141/219)   [Kremote: Compressing objects:  65% (143/219)   [Kremote: Compressing objects:  66% (145/219)   [Kremote: Compressing objects:  67% (147/219)   [Kremote: Compressing objects:  68% (149/219)   [Kremote: Compressing objects:  69% (152/219)   [Kremote: Compressing objects:  70% (154/219)   [Kremote: Compressing objects:  71% (156/219)   [Kremote: Compressing objects:  72% (158/219)   [Kremote: Compressing objects:  73% (160/219)   [Kremote: Compressing objects:  74% (163/219)   [Kremote: Compressing objects:  75% (165/219)   [Kremote: Compressing objects:  76% (167/219)   [Kremote: Compressing objects:  77% (169/219)   [Kremote: Compressing objects:  78% (171/219)   [Kremote: Compressing objects:  79% (174/219)   [Kremote: Compressing objects:  80% (176/219)   [Kremote: Compressing objects:  81% (178/219)   [Kremote: Compressing objects:  82% (180/219)   [Kremote: Compressing objects:  83% (182/219)   [Kremote: Compressing objects:  84% (184/219)   [Kremote: Compressing objects:  85% (187/219)   [Kremote: Compressing objects:  86% (189/219)   [Kremote: Compressing objects:  87% (191/219)   [Kremote: Compressing objects:  88% (193/219)   [Kremote: Compressing objects:  89% (195/219)   [Kremote: Compressing objects:  90% (198/219)   [Kremote: Compressing objects:  91% (200/219)   [Kremote: Compressing objects:  92% (202/219)   [Kremote: Compressing objects:  93% (204/219)   [Kremote: Compressing objects:  94% (206/219)   [Kremote: Compressing objects:  95% (209/219)   [Kremote: Compressing objects:  96% (211/219)   [Kremote: Compressing objects:  97% (213/219)   [Kremote: Compressing objects:  98% (215/219)   [Kremote: Compressing objects:  99% (217/219)   [Kremote: Compressing objects: 100% (219/219)   [Kremote: Compressing objects: 100% (219/219), done.[K
Receiving objects:   0% (1/346)   Receiving objects:   1% (4/346)   Receiving objects:   2% (7/346)   Receiving objects:   3% (11/346)   Receiving objects:   4% (14/346)   Receiving objects:   5% (18/346)   Receiving objects:   6% (21/346)   Receiving objects:   7% (25/346)   Receiving objects:   8% (28/346)   Receiving objects:   9% (32/346)   Receiving objects:  10% (35/346)   Receiving objects:  11% (39/346)   Receiving objects:  12% (42/346)   Receiving objects:  13% (45/346)   Receiving objects:  14% (49/346)   Receiving objects:  15% (52/346)   Receiving objects:  16% (56/346)   Receiving objects:  17% (59/346)   Receiving objects:  18% (63/346)   Receiving objects:  19% (66/346)   Receiving objects:  20% (70/346)   Receiving objects:  21% (73/346)   Receiving objects:  22% (77/346)   Receiving objects:  23% (80/346)   Receiving objects:  24% (84/346)   Receiving objects:  25% (87/346)   Receiving objects:  26% (90/346)   Receiving objects:  27% (94/346)   Receiving objects:  28% (97/346)   Receiving objects:  29% (101/346)   Receiving objects:  30% (104/346)   Receiving objects:  31% (108/346)   Receiving objects:  32% (111/346)   Receiving objects:  33% (115/346)   Receiving objects:  34% (118/346)   Receiving objects:  35% (122/346)   Receiving objects:  36% (125/346)   Receiving objects:  37% (129/346)   Receiving objects:  38% (132/346)   Receiving objects:  39% (135/346)   Receiving objects:  40% (139/346)   Receiving objects:  41% (142/346)   Receiving objects:  42% (146/346)   Receiving objects:  43% (149/346)   Receiving objects:  44% (153/346)   Receiving objects:  45% (156/346)   Receiving objects:  46% (160/346)   Receiving objects:  47% (163/346)   Receiving objects:  48% (167/346)   Receiving objects:  49% (170/346)   Receiving objects:  50% (173/346)   Receiving objects:  51% (177/346)   Receiving objects:  52% (180/346)   Receiving objects:  53% (184/346)   Receiving objects:  54% (187/346)   Receiving objects:  55% (191/346)   Receiving objects:  56% (194/346)   Receiving objects:  57% (198/346)   Receiving objects:  58% (201/346)   Receiving objects:  59% (205/346)   Receiving objects:  60% (208/346)   Receiving objects:  61% (212/346)   Receiving objects:  62% (215/346)   Receiving objects:  63% (218/346)   Receiving objects:  64% (222/346)   Receiving objects:  65% (225/346)   Receiving objects:  66% (229/346)   Receiving objects:  67% (232/346)   Receiving objects:  68% (236/346)   Receiving objects:  69% (239/346)   Receiving objects:  70% (243/346)   Receiving objects:  71% (246/346)   Receiving objects:  72% (250/346)   Receiving objects:  73% (253/346)   Receiving objects:  74% (257/346)   Receiving objects:  75% (260/346)   Receiving objects:  76% (263/346)   Receiving objects:  77% (267/346)   Receiving objects:  78% (270/346)   Receiving objects:  79% (274/346)   Receiving objects:  80% (277/346)   Receiving objects:  81% (281/346)   Receiving objects:  82% (284/346)   Receiving objects:  83% (288/346)   Receiving objects:  84% (291/346)   Receiving objects:  85% (295/346)   Receiving objects:  86% (298/346)   remote: Total 346 (delta 155), reused 244 (delta 55)[K
Receiving objects:  87% (302/346)   Receiving objects:  88% (305/346)   Receiving objects:  89% (308/346)   Receiving objects:  90% (312/346)   Receiving objects:  91% (315/346)   Receiving objects:  92% (319/346)   Receiving objects:  93% (322/346)   Receiving objects:  94% (326/346)   Receiving objects:  95% (329/346)   Receiving objects:  96% (333/346)   Receiving objects:  97% (336/346)   Receiving objects:  98% (340/346)   Receiving objects:  99% (343/346)   Receiving objects: 100% (346/346)   Receiving objects: 100% (346/346), 54.35 KiB, done.
Resolving deltas:   0% (0/155)   Resolving deltas:   1% (2/155)   Resolving deltas:   3% (6/155)   Resolving deltas:   5% (9/155)   Resolving deltas:  12% (20/155)   Resolving deltas:  14% (23/155)   Resolving deltas:  18% (29/155)   Resolving deltas:  23% (37/155)   Resolving deltas:  25% (39/155)   Resolving deltas:  26% (41/155)   Resolving deltas:  31% (49/155)   Resolving deltas:  34% (53/155)   Resolving deltas:  36% (57/155)   Resolving deltas:  38% (59/155)   Resolving deltas:  39% (61/155)   Resolving deltas:  40% (62/155)   Resolving deltas:  42% (66/155)   Resolving deltas:  43% (67/155)   Resolving deltas:  44% (69/155)   Resolving deltas:  48% (75/155)   Resolving deltas:  50% (78/155)   Resolving deltas:  52% (81/155)   Resolving deltas:  56% (87/155)   Resolving deltas:  57% (89/155)   Resolving deltas:  58% (90/155)   Resolving deltas:  60% (94/155)   Resolving deltas:  70% (110/155)   Resolving deltas:  72% (112/155)   Resolving deltas:  73% (114/155)   Resolving deltas:  74% (115/155)   Resolving deltas:  75% (117/155)   Resolving deltas:  78% (121/155)   Resolving deltas:  79% (123/155)   Resolving deltas:  81% (127/155)   Resolving deltas:  82% (128/155)   Resolving deltas:  85% (132/155)   Resolving deltas:  86% (134/155)   Resolving deltas:  90% (140/155)   Resolving deltas:  91% (142/155)   Resolving deltas:  92% (144/155)   Resolving deltas:  93% (145/155)   Resolving deltas:  94% (146/155)   Resolving deltas:  95% (148/155)   Resolving deltas:  96% (149/155)   Resolving deltas:  97% (151/155)   Resolving deltas:  98% (152/155)   Resolving deltas: 100% (155/155)   Resolving deltas: 100% (155/155), completed with 24 local objects.
From git://github.com/square/retrofit
 * branch            refs/pull/136/merge -> FETCH_HEAD
$ git checkout -qf b06d59dc7935fa4fea8ee8a6b5ea3e82e4c84778
$ java -version
java version "1.7.0_09"
OpenJDK Runtime Environment (IcedTea7 2.3.4) (7u9-2.3.4-0ubuntu1.12.04.1)
OpenJDK 64-Bit Server VM (build 23.2-b09, mixed mode)
$ javac -version
javac 1.7.0_09
$ mvn install --quiet -DskipTests=true
$ mvn test
[INFO] Scanning for projects...
[INFO] ------------------------------------------------------------------------
[INFO] Reactor Build Order:
[INFO] 
[INFO] Retrofit (Parent)
[INFO] Retrofit
[INFO] Samples
[INFO] Sample: Twitter Client
[INFO]                                                                         
[INFO] ------------------------------------------------------------------------
[INFO] Building Retrofit (Parent) 1.0.0-SNAPSHOT
[INFO] ------------------------------------------------------------------------
[INFO] 
[INFO] --- maven-enforcer-plugin:1.0:enforce (enforce-maven) @ parent ---
[INFO]                                                                         
[INFO] ------------------------------------------------------------------------
[INFO] Building Retrofit 1.0.0-SNAPSHOT
[INFO] ------------------------------------------------------------------------
Downloading: https://repository.apache.org/snapshots/com/google/code/gson/gson/2.2.3-SNAPSHOT/maven-metadata.xml
[INFO] 
[INFO] --- maven-enforcer-plugin:1.0:enforce (enforce-maven) @ retrofit ---
[INFO] 
[INFO] --- maven-resources-plugin:2.3:resources (default-resources) @ retrofit ---
[INFO] Using 'UTF-8' encoding to copy filtered resources.
[INFO] skip non existing resourceDirectory /home/travis/build/square/retrofit/retrofit/src/main/resources
[INFO] 
[INFO] --- maven-compiler-plugin:2.5:compile (default-compile) @ retrofit ---
[INFO] Nothing to compile - all classes are up to date
[INFO] 
[INFO] --- maven-resources-plugin:2.3:testResources (default-testResources) @ retrofit ---
[INFO] Using 'UTF-8' encoding to copy filtered resources.
[INFO] skip non existing resourceDirectory /home/travis/build/square/retrofit/retrofit/src/test/resources
[INFO] 
[INFO] --- maven-compiler-plugin:2.5:testCompile (default-testCompile) @ retrofit ---
[INFO] Nothing to compile - all classes are up to date
[INFO] 
[INFO] --- maven-surefire-plugin:2.10:test (default-test) @ retrofit ---
[INFO] Surefire report directory: /home/travis/build/square/retrofit/retrofit/target/surefire-reports
Downloading: http://maven.mirrors.travis-ci.org/nexus/content/repositories/central/org/apache/maven/surefire/surefire-junit4/2.10/surefire-junit4-2.10.pom
3/3 KB            Downloaded: http://maven.mirrors.travis-ci.org/nexus/content/repositories/central/org/apache/maven/surefire/surefire-junit4/2.10/surefire-junit4-2.10.pom (3 KB at 4.4 KB/sec)
Downloading: http://maven.mirrors.travis-ci.org/nexus/content/repositories/central/org/apache/maven/surefire/surefire-providers/2.10/surefire-providers-2.10.pom
3/3 KB            Downloaded: http://maven.mirrors.travis-ci.org/nexus/content/repositories/central/org/apache/maven/surefire/surefire-providers/2.10/surefire-providers-2.10.pom (3 KB at 7.0 KB/sec)
Downloading: http://maven.mirrors.travis-ci.org/nexus/content/repositories/central/org/apache/maven/surefire/surefire-junit4/2.10/surefire-junit4-2.10.jar
4/33 KB   8/33 KB   9/33 KB   10/33 KB   14/33 KB   18/33 KB   22/33 KB   24/33 KB   27/33 KB   31/33 KB   33/33 KB              Downloaded: http://maven.mirrors.travis-ci.org/nexus/content/repositories/central/org/apache/maven/surefire/surefire-junit4/2.10/surefire-junit4-2.10.jar (33 KB at 64.1 KB/sec)

-------------------------------------------------------
 T E S T S
-------------------------------------------------------
Running retrofit.http.client.ApacheClientTest
Tests run: 6, Failures: 0, Errors: 0, Skipped: 0, Time elapsed: 0.559 sec
Running retrofit.http.RequestBuilderTest
Tests run: 17, Failures: 0, Errors: 0, Skipped: 0, Time elapsed: 0.486 sec
Running retrofit.http.CallbackRunnableTest
Tests run: 2, Failures: 0, Errors: 0, Skipped: 0, Time elapsed: 0.105 sec
Running retrofit.http.RestAdapterTest
Tests run: 8, Failures: 0, Errors: 0, Skipped: 0, Time elapsed: 0.097 sec
Running retrofit.http.RestMethodInfoTest
Tests run: 47, Failures: 0, Errors: 0, Skipped: 1, Time elapsed: 0.185 sec
Running retrofit.http.UtilsTest
Tests run: 1, Failures: 0, Errors: 0, Skipped: 0, Time elapsed: 0.001 sec
Running retrofit.io.TypedByteArrayTest
Tests run: 1, Failures: 0, Errors: 0, Skipped: 0, Time elapsed: 0.001 sec
Running retrofit.io.TypedFileTest
Tests run: 3, Failures: 0, Errors: 0, Skipped: 0, Time elapsed: 0.01 sec

Results :

Tests run: 85, Failures: 0, Errors: 0, Skipped: 1

[INFO]                                                                         
[INFO] ------------------------------------------------------------------------
[INFO] Building Samples 1.0.0-SNAPSHOT
[INFO] ------------------------------------------------------------------------
[INFO] 
[INFO] --- maven-enforcer-plugin:1.0:enforce (enforce-maven) @ samples ---
[INFO]                                                                         
[INFO] ------------------------------------------------------------------------
[INFO] Building Sample: Twitter Client 1.0.0-SNAPSHOT
[INFO] ------------------------------------------------------------------------
[INFO] 
[INFO] --- maven-enforcer-plugin:1.0:enforce (enforce-maven) @ sample-twitter-client ---
[INFO] 
[INFO] --- maven-resources-plugin:2.3:resources (default-resources) @ sample-twitter-client ---
[INFO] Using 'UTF-8' encoding to copy filtered resources.
[INFO] skip non existing resourceDirectory /home/travis/build/square/retrofit/samples/twitter-client/src/main/resources
[INFO] 
[INFO] --- maven-compiler-plugin:2.5:compile (default-compile) @ sample-twitter-client ---
[INFO] Nothing to compile - all classes are up to date
[INFO] 
[INFO] --- maven-resources-plugin:2.3:testResources (default-testResources) @ sample-twitter-client ---
[INFO] Using 'UTF-8' encoding to copy filtered resources.
[INFO] skip non existing resourceDirectory /home/travis/build/square/retrofit/samples/twitter-client/src/test/resources
[INFO] 
[INFO] --- maven-compiler-plugin:2.5:testCompile (default-testCompile) @ sample-twitter-client ---
[INFO] No sources to compile
[INFO] 
[INFO] --- maven-surefire-plugin:2.10:test (default-test) @ sample-twitter-client ---
[INFO] No tests to run.
[INFO] Surefire report directory: /home/travis/build/square/retrofit/samples/twitter-client/target/surefire-reports
Downloading: http://maven.mirrors.travis-ci.org/nexus/content/repositories/central/org/apache/maven/surefire/surefire-junit3/2.10/surefire-junit3-2.10.pom
2/2 KB              Downloaded: http://maven.mirrors.travis-ci.org/nexus/content/repositories/central/org/apache/maven/surefire/surefire-junit3/2.10/surefire-junit3-2.10.pom (2 KB at 5.3 KB/sec)
Downloading: http://maven.mirrors.travis-ci.org/nexus/content/repositories/central/org/apache/maven/surefire/surefire-junit3/2.10/surefire-junit3-2.10.jar
4/26 KB   8/26 KB   9/26 KB   13/26 KB   17/26 KB   21/26 KB   23/26 KB   26/26 KB              Downloaded: http://maven.mirrors.travis-ci.org/nexus/content/repositories/central/org/apache/maven/surefire/surefire-junit3/2.10/surefire-junit3-2.10.jar (26 KB at 51.4 KB/sec)

-------------------------------------------------------
 T E S T S
-------------------------------------------------------

Results :

Tests run: 0, Failures: 0, Errors: 0, Skipped: 0

[INFO] ------------------------------------------------------------------------
[INFO] Reactor Summary:
[INFO] 
[INFO] Retrofit (Parent) ................................. SUCCESS [1.180s]
[INFO] Retrofit .......................................... SUCCESS [6.584s]
[INFO] Samples ........................................... SUCCESS [0.005s]
[INFO] Sample: Twitter Client ............................ SUCCESS [1.153s]
[INFO] ------------------------------------------------------------------------
[INFO] BUILD SUCCESS
[INFO] ------------------------------------------------------------------------
[INFO] Total time: 9.445s
[INFO] Finished at: Mon Jan 28 07:24:39 UTC 2013
[INFO] Final Memory: 11M/201M
[INFO] ------------------------------------------------------------------------

Done. Build script exited with 0
