Using worker: bluebox-linux-8.worker.travis-ci.org:travis-linux-9

travis_fold:start:git.1$ git clone --depth=50 git://github.com/square/retrofit.git square/retrofit
Cloning into 'square/retrofit'...
remote: Counting objects: 1021, done.[K
remote: Compressing objects:   0% (1/463)   [Kremote: Compressing objects:   1% (5/463)   [Kremote: Compressing objects:   2% (10/463)   [Kremote: Compressing objects:   3% (14/463)   [Kremote: Compressing objects:   4% (19/463)   [Kremote: Compressing objects:   5% (24/463)   [Kremote: Compressing objects:   6% (28/463)   [Kremote: Compressing objects:   7% (33/463)   [Kremote: Compressing objects:   8% (38/463)   [Kremote: Compressing objects:   9% (42/463)   [Kremote: Compressing objects:  10% (47/463)   [Kremote: Compressing objects:  11% (51/463)   [Kremote: Compressing objects:  12% (56/463)   [Kremote: Compressing objects:  13% (61/463)   [Kremote: Compressing objects:  14% (65/463)   [Kremote: Compressing objects:  15% (70/463)   [Kremote: Compressing objects:  16% (75/463)   [Kremote: Compressing objects:  17% (79/463)   [Kremote: Compressing objects:  18% (84/463)   [Kremote: Compressing objects:  19% (88/463)   [Kremote: Compressing objects:  20% (93/463)   [Kremote: Compressing objects:  21% (98/463)   [Kremote: Compressing objects:  22% (102/463)   [Kremote: Compressing objects:  23% (107/463)   [Kremote: Compressing objects:  24% (112/463)   [Kremote: Compressing objects:  25% (116/463)   [Kremote: Compressing objects:  26% (121/463)   [Kremote: Compressing objects:  27% (126/463)   [Kremote: Compressing objects:  28% (130/463)   [Kremote: Compressing objects:  29% (135/463)   [Kremote: Compressing objects:  30% (139/463)   [Kremote: Compressing objects:  31% (144/463)   [Kremote: Compressing objects:  32% (149/463)   [Kremote: Compressing objects:  33% (153/463)   [Kremote: Compressing objects:  34% (158/463)   [Kremote: Compressing objects:  35% (163/463)   [Kremote: Compressing objects:  36% (167/463)   [Kremote: Compressing objects:  37% (172/463)   [Kremote: Compressing objects:  38% (176/463)   [Kremote: Compressing objects:  39% (181/463)   [Kremote: Compressing objects:  40% (186/463)   [Kremote: Compressing objects:  41% (190/463)   [Kremote: Compressing objects:  42% (195/463)   [Kremote: Compressing objects:  43% (200/463)   [Kremote: Compressing objects:  44% (204/463)   [Kremote: Compressing objects:  45% (209/463)   [Kremote: Compressing objects:  46% (213/463)   [Kremote: Compressing objects:  47% (218/463)   [Kremote: Compressing objects:  48% (223/463)   [Kremote: Compressing objects:  49% (227/463)   [Kremote: Compressing objects:  50% (232/463)   [Kremote: Compressing objects:  51% (237/463)   [Kremote: Compressing objects:  52% (241/463)   [Kremote: Compressing objects:  53% (246/463)   [Kremote: Compressing objects:  54% (251/463)   [Kremote: Compressing objects:  55% (255/463)   [Kremote: Compressing objects:  56% (260/463)   [Kremote: Compressing objects:  57% (264/463)   [Kremote: Compressing objects:  58% (269/463)   [Kremote: Compressing objects:  59% (274/463)   [Kremote: Compressing objects:  60% (278/463)   [Kremote: Compressing objects:  61% (283/463)   [Kremote: Compressing objects:  62% (288/463)   [Kremote: Compressing objects:  63% (292/463)   [Kremote: Compressing objects:  64% (297/463)   [Kremote: Compressing objects:  65% (301/463)   [Kremote: Compressing objects:  66% (306/463)   [Kremote: Compressing objects:  67% (311/463)   [Kremote: Compressing objects:  68% (315/463)   [Kremote: Compressing objects:  69% (320/463)   [Kremote: Compressing objects:  70% (325/463)   [Kremote: Compressing objects:  71% (329/463)   [Kremote: Compressing objects:  72% (334/463)   [Kremote: Compressing objects:  73% (338/463)   [Kremote: Compressing objects:  74% (343/463)   [Kremote: Compressing objects:  75% (348/463)   [Kremote: Compressing objects:  76% (352/463)   [Kremote: Compressing objects:  77% (357/463)   [Kremote: Compressing objects:  78% (362/463)   [Kremote: Compressing objects:  79% (366/463)   [Kremote: Compressing objects:  80% (371/463)   [Kremote: Compressing objects:  81% (376/463)   [Kremote: Compressing objects:  82% (380/463)   [Kremote: Compressing objects:  83% (385/463)   [Kremote: Compressing objects:  84% (389/463)   [Kremote: Compressing objects:  85% (394/463)   [Kremote: Compressing objects:  86% (399/463)   [Kremote: Compressing objects:  87% (403/463)   [Kremote: Compressing objects:  88% (408/463)   [Kremote: Compressing objects:  89% (413/463)   [Kremote: Compressing objects:  90% (417/463)   [Kremote: Compressing objects:  91% (422/463)   [Kremote: Compressing objects:  92% (426/463)   [Kremote: Compressing objects:  93% (431/463)   [Kremote: Compressing objects:  94% (436/463)   [Kremote: Compressing objects:  95% (440/463)   [Kremote: Compressing objects:  96% (445/463)   [Kremote: Compressing objects:  97% (450/463)   [Kremote: Compressing objects:  98% (454/463)   [Kremote: Compressing objects:  99% (459/463)   [Kremote: Compressing objects: 100% (463/463)   [Kremote: Compressing objects: 100% (463/463), done.[K
Receiving objects:   0% (1/1021)   Receiving objects:   1% (11/1021)   Receiving objects:   2% (21/1021)   Receiving objects:   3% (31/1021)   Receiving objects:   4% (41/1021)   Receiving objects:   5% (52/1021)   Receiving objects:   6% (62/1021)   Receiving objects:   7% (72/1021)   Receiving objects:   8% (82/1021)   Receiving objects:   9% (92/1021)   Receiving objects:  10% (103/1021)   Receiving objects:  11% (113/1021)   Receiving objects:  12% (123/1021)   Receiving objects:  13% (133/1021)   Receiving objects:  14% (143/1021)   Receiving objects:  15% (154/1021)   Receiving objects:  16% (164/1021)   Receiving objects:  17% (174/1021)   Receiving objects:  18% (184/1021)   Receiving objects:  19% (194/1021)   Receiving objects:  20% (205/1021)   Receiving objects:  21% (215/1021)   Receiving objects:  22% (225/1021)   Receiving objects:  23% (235/1021)   Receiving objects:  24% (246/1021)   Receiving objects:  25% (256/1021)   Receiving objects:  26% (266/1021)   Receiving objects:  27% (276/1021)   Receiving objects:  28% (286/1021)   Receiving objects:  29% (297/1021)   Receiving objects:  30% (307/1021)   Receiving objects:  31% (317/1021)   Receiving objects:  32% (327/1021)   Receiving objects:  33% (337/1021)   Receiving objects:  34% (348/1021)   Receiving objects:  35% (358/1021)   Receiving objects:  36% (368/1021)   Receiving objects:  37% (378/1021)   Receiving objects:  38% (388/1021)   Receiving objects:  39% (399/1021)   Receiving objects:  40% (409/1021)   Receiving objects:  41% (419/1021)   Receiving objects:  42% (429/1021)   Receiving objects:  43% (440/1021)   Receiving objects:  44% (450/1021)   Receiving objects:  45% (460/1021)   Receiving objects:  46% (470/1021)   Receiving objects:  47% (480/1021)   Receiving objects:  48% (491/1021)   Receiving objects:  49% (501/1021)   Receiving objects:  50% (511/1021)   Receiving objects:  51% (521/1021)   Receiving objects:  52% (531/1021)   Receiving objects:  53% (542/1021)   Receiving objects:  54% (552/1021)   Receiving objects:  55% (562/1021)   Receiving objects:  56% (572/1021)   Receiving objects:  57% (582/1021)   Receiving objects:  58% (593/1021)   Receiving objects:  59% (603/1021)   Receiving objects:  60% (613/1021)   Receiving objects:  61% (623/1021)   Receiving objects:  62% (634/1021)   Receiving objects:  63% (644/1021)   Receiving objects:  64% (654/1021)   Receiving objects:  65% (664/1021)   Receiving objects:  66% (674/1021)   Receiving objects:  67% (685/1021)   Receiving objects:  68% (695/1021)   Receiving objects:  69% (705/1021)   Receiving objects:  70% (715/1021)   Receiving objects:  71% (725/1021)   Receiving objects:  72% (736/1021)   Receiving objects:  73% (746/1021)   Receiving objects:  74% (756/1021)   Receiving objects:  75% (766/1021)   Receiving objects:  76% (776/1021)   Receiving objects:  77% (787/1021)   Receiving objects:  78% (797/1021)   Receiving objects:  79% (807/1021)   Receiving objects:  80% (817/1021)   Receiving objects:  81% (828/1021)   Receiving objects:  82% (838/1021)   Receiving objects:  83% (848/1021)   Receiving objects:  84% (858/1021)   remote: Total 1021 (delta 380), reused 922 (delta 308)[K
Receiving objects:  85% (868/1021)   Receiving objects:  86% (879/1021)   Receiving objects:  87% (889/1021)   Receiving objects:  88% (899/1021)   Receiving objects:  89% (909/1021)   Receiving objects:  90% (919/1021)   Receiving objects:  91% (930/1021)   Receiving objects:  92% (940/1021)   Receiving objects:  93% (950/1021)   Receiving objects:  94% (960/1021)   Receiving objects:  95% (970/1021)   Receiving objects:  96% (981/1021)   Receiving objects:  97% (991/1021)   Receiving objects:  98% (1001/1021)   Receiving objects:  99% (1011/1021)   Receiving objects: 100% (1021/1021)   Receiving objects: 100% (1021/1021), 172.93 KiB, done.
Resolving deltas:   0% (0/380)   Resolving deltas:   1% (5/380)   Resolving deltas:   2% (11/380)   Resolving deltas:  10% (38/380)   Resolving deltas:  12% (49/380)   Resolving deltas:  18% (69/380)   Resolving deltas:  21% (83/380)   Resolving deltas:  27% (103/380)   Resolving deltas:  30% (115/380)   Resolving deltas:  31% (119/380)   Resolving deltas:  34% (132/380)   Resolving deltas:  35% (133/380)   Resolving deltas:  36% (137/380)   Resolving deltas:  38% (145/380)   Resolving deltas:  39% (151/380)   Resolving deltas:  40% (153/380)   Resolving deltas:  41% (156/380)   Resolving deltas:  44% (169/380)   Resolving deltas:  45% (171/380)   Resolving deltas:  46% (177/380)   Resolving deltas:  47% (181/380)   Resolving deltas:  50% (191/380)   Resolving deltas:  51% (195/380)   Resolving deltas:  52% (198/380)   Resolving deltas:  54% (207/380)   Resolving deltas:  55% (211/380)   Resolving deltas:  56% (215/380)   Resolving deltas:  58% (222/380)   Resolving deltas:  59% (225/380)   Resolving deltas:  60% (228/380)   Resolving deltas:  62% (237/380)   Resolving deltas:  63% (241/380)   Resolving deltas:  66% (253/380)   Resolving deltas:  67% (255/380)   Resolving deltas:  68% (260/380)   Resolving deltas:  70% (267/380)   Resolving deltas:  72% (276/380)   Resolving deltas:  74% (284/380)   Resolving deltas:  75% (285/380)   Resolving deltas:  76% (291/380)   Resolving deltas:  77% (293/380)   Resolving deltas:  78% (297/380)   Resolving deltas:  79% (301/380)   Resolving deltas:  80% (304/380)   Resolving deltas:  81% (309/380)   Resolving deltas:  90% (342/380)   Resolving deltas:  91% (347/380)   Resolving deltas:  92% (353/380)   Resolving deltas:  93% (354/380)   Resolving deltas:  94% (359/380)   Resolving deltas:  95% (361/380)   Resolving deltas:  96% (365/380)   Resolving deltas:  97% (369/380)   Resolving deltas:  98% (374/380)   Resolving deltas: 100% (380/380)   Resolving deltas: 100% (380/380), done.
travis_fold:end:git.1$ cd square/retrofit
travis_fold:start:git.2$ git fetch origin +refs/pull/174/merge: 
remote: Counting objects: 31, done.[K
remote: Compressing objects:  14% (1/7)   [Kremote: Compressing objects:  28% (2/7)   [Kremote: Compressing objects:  42% (3/7)   [Kremote: Compressing objects:  57% (4/7)   [Kremote: Compressing objects:  71% (5/7)   [Kremote: Compressing objects:  85% (6/7)   [Kremote: Compressing objects: 100% (7/7)   [Kremote: Compressing objects: 100% (7/7), done.[K
remote: Total 18 (delta 5), reused 17 (delta 5)[K
Unpacking objects:   5% (1/18)   Unpacking objects:  11% (2/18)   Unpacking objects:  16% (3/18)   Unpacking objects:  22% (4/18)   Unpacking objects:  27% (5/18)   Unpacking objects:  33% (6/18)   Unpacking objects:  38% (7/18)   Unpacking objects:  44% (8/18)   Unpacking objects:  50% (9/18)   Unpacking objects:  55% (10/18)   Unpacking objects:  61% (11/18)   Unpacking objects:  66% (12/18)   Unpacking objects:  72% (13/18)   Unpacking objects:  77% (14/18)   Unpacking objects:  83% (15/18)   Unpacking objects:  88% (16/18)   Unpacking objects:  94% (17/18)   Unpacking objects: 100% (18/18)   Unpacking objects: 100% (18/18), done.
From git://github.com/square/retrofit
 * branch            refs/pull/174/merge -> FETCH_HEAD
travis_fold:end:git.2travis_fold:start:git.3$ git checkout -qf FETCH_HEAD
travis_fold:end:git.3$ java -version
java version "1.7.0_15"
OpenJDK Runtime Environment (IcedTea7 2.3.7) (7u15-2.3.7-0ubuntu1~12.04.1)
OpenJDK 64-Bit Server VM (build 23.7-b01, mixed mode)
$ javac -version
javac 1.7.0_15
travis_fold:start:install$ mvn install --quiet -DskipTests=true
travis_fold:end:install$ mvn test
[INFO] Scanning for projects...
[INFO] ------------------------------------------------------------------------
[INFO] Reactor Build Order:
[INFO] 
[INFO] Retrofit (Parent)
[INFO] Retrofit
[INFO] Samples
[INFO] Sample: Twitter Client
[INFO]                                                                         
[INFO] ------------------------------------------------------------------------
[INFO] Building Retrofit (Parent) 1.0.0-SNAPSHOT
[INFO] ------------------------------------------------------------------------
[INFO] 
[INFO] --- maven-enforcer-plugin:1.0:enforce (enforce-maven) @ parent ---
[INFO]                                                                         
[INFO] ------------------------------------------------------------------------
[INFO] Building Retrofit 1.0.0-SNAPSHOT
[INFO] ------------------------------------------------------------------------
[INFO] 
[INFO] --- maven-enforcer-plugin:1.0:enforce (enforce-maven) @ retrofit ---
[INFO] 
[INFO] --- maven-resources-plugin:2.3:resources (default-resources) @ retrofit ---
[INFO] Using 'UTF-8' encoding to copy filtered resources.
[INFO] skip non existing resourceDirectory /home/travis/build/square/retrofit/retrofit/src/main/resources
[INFO] 
[INFO] --- maven-compiler-plugin:3.0:compile (default-compile) @ retrofit ---
[INFO] Changes detected - recompiling the module!
[INFO] Compiling 44 source files to /home/travis/build/square/retrofit/retrofit/target/classes
[WARNING] /home/travis/build/square/retrofit/retrofit/src/main/java/retrofit/http/RestAdapter.java: /home/travis/build/square/retrofit/retrofit/src/main/java/retrofit/http/RestAdapter.java uses unchecked or unsafe operations.
[WARNING] /home/travis/build/square/retrofit/retrofit/src/main/java/retrofit/http/RestAdapter.java: Recompile with -Xlint:unchecked for details.
[INFO] 
[INFO] --- maven-resources-plugin:2.3:testResources (default-testResources) @ retrofit ---
[INFO] Using 'UTF-8' encoding to copy filtered resources.
[INFO] skip non existing resourceDirectory /home/travis/build/square/retrofit/retrofit/src/test/resources
[INFO] 
[INFO] --- maven-compiler-plugin:3.0:testCompile (default-testCompile) @ retrofit ---
[INFO] Changes detected - recompiling the module!
[INFO] Compiling 12 source files to /home/travis/build/square/retrofit/retrofit/target/test-classes
[WARNING] /home/travis/build/square/retrofit/retrofit/src/test/java/retrofit/http/CallbackRunnableTest.java: Some input files use unchecked or unsafe operations.
[WARNING] /home/travis/build/square/retrofit/retrofit/src/test/java/retrofit/http/CallbackRunnableTest.java: Recompile with -Xlint:unchecked for details.
[INFO] 
[INFO] --- maven-surefire-plugin:2.10:test (default-test) @ retrofit ---
[INFO] Surefire report directory: /home/travis/build/square/retrofit/retrofit/target/surefire-reports
Downloading: http://maven.mirrors.travis-ci.org/nexus/content/repositories/central/org/apache/maven/surefire/surefire-junit4/2.10/surefire-junit4-2.10.pom
3/3 KB            Downloaded: http://maven.mirrors.travis-ci.org/nexus/content/repositories/central/org/apache/maven/surefire/surefire-junit4/2.10/surefire-junit4-2.10.pom (3 KB at 3.7 KB/sec)
Downloading: http://maven.mirrors.travis-ci.org/nexus/content/repositories/central/org/apache/maven/surefire/surefire-providers/2.10/surefire-providers-2.10.pom
3/3 KB            Downloaded: http://maven.mirrors.travis-ci.org/nexus/content/repositories/central/org/apache/maven/surefire/surefire-providers/2.10/surefire-providers-2.10.pom (3 KB at 6.7 KB/sec)
Downloading: http://maven.mirrors.travis-ci.org/nexus/content/repositories/central/org/apache/maven/surefire/surefire-junit4/2.10/surefire-junit4-2.10.jar
4/33 KB   8/33 KB   9/33 KB   11/33 KB   15/33 KB   19/33 KB   23/33 KB   26/33 KB   30/33 KB   33/33 KB              Downloaded: http://maven.mirrors.travis-ci.org/nexus/content/repositories/central/org/apache/maven/surefire/surefire-junit4/2.10/surefire-junit4-2.10.jar (33 KB at 58.9 KB/sec)

-------------------------------------------------------
 T E S T S
-------------------------------------------------------
Running retrofit.http.RestAdapterTest
Tests run: 10, Failures: 0, Errors: 0, Skipped: 0, Time elapsed: 0.825 sec
Running retrofit.http.mime.TypedFileTest
Tests run: 3, Failures: 0, Errors: 0, Skipped: 0, Time elapsed: 0.017 sec
Running retrofit.http.mime.TypedByteArrayTest
Tests run: 1, Failures: 0, Errors: 0, Skipped: 0, Time elapsed: 0 sec
Running retrofit.http.RestMethodInfoTest
Tests run: 50, Failures: 0, Errors: 0, Skipped: 0, Time elapsed: 0.316 sec
Running retrofit.http.CallbackRunnableTest
Tests run: 2, Failures: 0, Errors: 0, Skipped: 0, Time elapsed: 0.039 sec
Running retrofit.http.ErrorHandlerTest
Tests run: 2, Failures: 0, Errors: 0, Skipped: 0, Time elapsed: 0.063 sec
Running retrofit.http.RequestBuilderTest
Tests run: 16, Failures: 0, Errors: 0, Skipped: 0, Time elapsed: 0.081 sec
Running retrofit.http.UtilsTest
Tests run: 1, Failures: 0, Errors: 0, Skipped: 0, Time elapsed: 0.003 sec
Running retrofit.http.client.UrlConnectionClientTest
Tests run: 7, Failures: 0, Errors: 0, Skipped: 0, Time elapsed: 0.021 sec
Running retrofit.http.client.ApacheClientTest
Tests run: 6, Failures: 0, Errors: 0, Skipped: 0, Time elapsed: 0.011 sec

Results :

Tests run: 98, Failures: 0, Errors: 0, Skipped: 0

[INFO]                                                                         
[INFO] ------------------------------------------------------------------------
[INFO] Building Samples 1.0.0-SNAPSHOT
[INFO] ------------------------------------------------------------------------
[INFO] 
[INFO] --- maven-enforcer-plugin:1.0:enforce (enforce-maven) @ samples ---
[INFO]                                                                         
[INFO] ------------------------------------------------------------------------
[INFO] Building Sample: Twitter Client 1.0.0-SNAPSHOT
[INFO] ------------------------------------------------------------------------
[INFO] 
[INFO] --- maven-enforcer-plugin:1.0:enforce (enforce-maven) @ sample-twitter-client ---
[INFO] 
[INFO] --- maven-resources-plugin:2.3:resources (default-resources) @ sample-twitter-client ---
[INFO] Using 'UTF-8' encoding to copy filtered resources.
[INFO] skip non existing resourceDirectory /home/travis/build/square/retrofit/samples/twitter-client/src/main/resources
[INFO] 
[INFO] --- maven-compiler-plugin:3.0:compile (default-compile) @ sample-twitter-client ---
[INFO] Changes detected - recompiling the module!
[INFO] Compiling 1 source file to /home/travis/build/square/retrofit/samples/twitter-client/target/classes
[INFO] 
[INFO] --- maven-resources-plugin:2.3:testResources (default-testResources) @ sample-twitter-client ---
[INFO] Using 'UTF-8' encoding to copy filtered resources.
[INFO] skip non existing resourceDirectory /home/travis/build/square/retrofit/samples/twitter-client/src/test/resources
[INFO] 
[INFO] --- maven-compiler-plugin:3.0:testCompile (default-testCompile) @ sample-twitter-client ---
[INFO] No sources to compile
[INFO] 
[INFO] --- maven-surefire-plugin:2.10:test (default-test) @ sample-twitter-client ---
[INFO] No tests to run.
[INFO] Surefire report directory: /home/travis/build/square/retrofit/samples/twitter-client/target/surefire-reports
Downloading: http://maven.mirrors.travis-ci.org/nexus/content/repositories/central/org/apache/maven/surefire/surefire-junit3/2.10/surefire-junit3-2.10.pom
2/2 KB              Downloaded: http://maven.mirrors.travis-ci.org/nexus/content/repositories/central/org/apache/maven/surefire/surefire-junit3/2.10/surefire-junit3-2.10.pom (2 KB at 5.0 KB/sec)
Downloading: http://maven.mirrors.travis-ci.org/nexus/content/repositories/central/org/apache/maven/surefire/surefire-junit3/2.10/surefire-junit3-2.10.jar
4/26 KB   8/26 KB   9/26 KB   10/26 KB   14/26 KB   18/26 KB   22/26 KB   23/26 KB   24/26 KB   26/26 KB              Downloaded: http://maven.mirrors.travis-ci.org/nexus/content/repositories/central/org/apache/maven/surefire/surefire-junit3/2.10/surefire-junit3-2.10.jar (26 KB at 48.3 KB/sec)

-------------------------------------------------------
 T E S T S
-------------------------------------------------------

Results :

Tests run: 0, Failures: 0, Errors: 0, Skipped: 0

[INFO] ------------------------------------------------------------------------
[INFO] Reactor Summary:
[INFO] 
[INFO] Retrofit (Parent) ................................. SUCCESS [2.360s]
[INFO] Retrofit .......................................... SUCCESS [10.123s]
[INFO] Samples ........................................... SUCCESS [0.006s]
[INFO] Sample: Twitter Client ............................ SUCCESS [1.326s]
[INFO] ------------------------------------------------------------------------
[INFO] BUILD SUCCESS
[INFO] ------------------------------------------------------------------------
[INFO] Total time: 14.323s
[INFO] Finished at: Tue Mar 26 01:51:46 UTC 2013
[INFO] Final Memory: 19M/191M
[INFO] ------------------------------------------------------------------------

The command "mvn test" exited with 0.

Done. Your build exited with 0.
