Using worker: worker-linux-5-1.bb.travis-ci.org:travis-linux-1

travis_fold:start:git.1$ git clone --depth=50 git://github.com/square/retrofit.git square/retrofit
Cloning into 'square/retrofit'...
remote: Counting objects: 1073, done.[K
remote: Compressing objects:   0% (1/468)   [Kremote: Compressing objects:   1% (5/468)   [Kremote: Compressing objects:   2% (10/468)   [Kremote: Compressing objects:   3% (15/468)   [Kremote: Compressing objects:   4% (19/468)   [Kremote: Compressing objects:   5% (24/468)   [Kremote: Compressing objects:   6% (29/468)   [Kremote: Compressing objects:   7% (33/468)   [Kremote: Compressing objects:   8% (38/468)   [Kremote: Compressing objects:   9% (43/468)   [Kremote: Compressing objects:  10% (47/468)   [Kremote: Compressing objects:  11% (52/468)   [Kremote: Compressing objects:  12% (57/468)   [Kremote: Compressing objects:  13% (61/468)   [Kremote: Compressing objects:  14% (66/468)   [Kremote: Compressing objects:  15% (71/468)   [Kremote: Compressing objects:  16% (75/468)   [Kremote: Compressing objects:  17% (80/468)   [Kremote: Compressing objects:  18% (85/468)   [Kremote: Compressing objects:  19% (89/468)   [Kremote: Compressing objects:  20% (94/468)   [Kremote: Compressing objects:  21% (99/468)   [Kremote: Compressing objects:  22% (103/468)   [Kremote: Compressing objects:  23% (108/468)   [Kremote: Compressing objects:  24% (113/468)   [Kremote: Compressing objects:  25% (117/468)   [Kremote: Compressing objects:  26% (122/468)   [Kremote: Compressing objects:  27% (127/468)   [Kremote: Compressing objects:  28% (132/468)   [Kremote: Compressing objects:  29% (136/468)   [Kremote: Compressing objects:  30% (141/468)   [Kremote: Compressing objects:  31% (146/468)   [Kremote: Compressing objects:  32% (150/468)   [Kremote: Compressing objects:  33% (155/468)   [Kremote: Compressing objects:  34% (160/468)   [Kremote: Compressing objects:  35% (164/468)   [Kremote: Compressing objects:  36% (169/468)   [Kremote: Compressing objects:  37% (174/468)   [Kremote: Compressing objects:  38% (178/468)   [Kremote: Compressing objects:  39% (183/468)   [Kremote: Compressing objects:  40% (188/468)   [Kremote: Compressing objects:  41% (192/468)   [Kremote: Compressing objects:  42% (197/468)   [Kremote: Compressing objects:  43% (202/468)   [Kremote: Compressing objects:  44% (206/468)   [Kremote: Compressing objects:  45% (211/468)   [Kremote: Compressing objects:  46% (216/468)   [Kremote: Compressing objects:  47% (220/468)   [Kremote: Compressing objects:  48% (225/468)   [Kremote: Compressing objects:  49% (230/468)   [Kremote: Compressing objects:  50% (234/468)   [Kremote: Compressing objects:  51% (239/468)   [Kremote: Compressing objects:  52% (244/468)   [Kremote: Compressing objects:  53% (249/468)   [Kremote: Compressing objects:  54% (253/468)   [Kremote: Compressing objects:  55% (258/468)   [Kremote: Compressing objects:  56% (263/468)   [Kremote: Compressing objects:  57% (267/468)   [Kremote: Compressing objects:  58% (272/468)   [Kremote: Compressing objects:  59% (277/468)   [Kremote: Compressing objects:  60% (281/468)   [Kremote: Compressing objects:  61% (286/468)   [Kremote: Compressing objects:  62% (291/468)   [Kremote: Compressing objects:  63% (295/468)   [Kremote: Compressing objects:  64% (300/468)   [Kremote: Compressing objects:  65% (305/468)   [Kremote: Compressing objects:  66% (309/468)   [Kremote: Compressing objects:  67% (314/468)   [Kremote: Compressing objects:  68% (319/468)   [Kremote: Compressing objects:  69% (323/468)   [Kremote: Compressing objects:  70% (328/468)   [Kremote: Compressing objects:  71% (333/468)   [Kremote: Compressing objects:  72% (337/468)   [Kremote: Compressing objects:  73% (342/468)   [Kremote: Compressing objects:  74% (347/468)   [Kremote: Compressing objects:  75% (351/468)   [Kremote: Compressing objects:  76% (356/468)   [Kremote: Compressing objects:  77% (361/468)   [Kremote: Compressing objects:  78% (366/468)   [Kremote: Compressing objects:  79% (370/468)   [Kremote: Compressing objects:  80% (375/468)   [Kremote: Compressing objects:  81% (380/468)   [Kremote: Compressing objects:  82% (384/468)   [Kremote: Compressing objects:  83% (389/468)   [Kremote: Compressing objects:  84% (394/468)   [Kremote: Compressing objects:  85% (398/468)   [Kremote: Compressing objects:  86% (403/468)   [Kremote: Compressing objects:  87% (408/468)   [Kremote: Compressing objects:  88% (412/468)   [Kremote: Compressing objects:  89% (417/468)   [Kremote: Compressing objects:  90% (422/468)   [Kremote: Compressing objects:  91% (426/468)   [Kremote: Compressing objects:  92% (431/468)   [Kremote: Compressing objects:  93% (436/468)   [Kremote: Compressing objects:  94% (440/468)   [Kremote: Compressing objects:  95% (445/468)   [Kremote: Compressing objects:  96% (450/468)   [Kremote: Compressing objects:  97% (454/468)   [Kremote: Compressing objects:  98% (459/468)   [Kremote: Compressing objects:  99% (464/468)   [Kremote: Compressing objects: 100% (468/468)   [Kremote: Compressing objects: 100% (468/468), done.[K
Receiving objects:   0% (1/1073)   Receiving objects:   1% (11/1073)   Receiving objects:   2% (22/1073)   Receiving objects:   3% (33/1073)   Receiving objects:   4% (43/1073)   Receiving objects:   5% (54/1073)   Receiving objects:   6% (65/1073)   Receiving objects:   7% (76/1073)   Receiving objects:   8% (86/1073)   Receiving objects:   9% (97/1073)   Receiving objects:  10% (108/1073)   Receiving objects:  11% (119/1073)   Receiving objects:  12% (129/1073)   Receiving objects:  13% (140/1073)   Receiving objects:  14% (151/1073)   Receiving objects:  15% (161/1073)   Receiving objects:  16% (172/1073)   Receiving objects:  17% (183/1073)   Receiving objects:  18% (194/1073)   Receiving objects:  19% (204/1073)   Receiving objects:  20% (215/1073)   Receiving objects:  21% (226/1073)   Receiving objects:  22% (237/1073)   Receiving objects:  23% (247/1073)   Receiving objects:  24% (258/1073)   Receiving objects:  25% (269/1073)   Receiving objects:  26% (279/1073)   Receiving objects:  27% (290/1073)   Receiving objects:  28% (301/1073)   Receiving objects:  29% (312/1073)   Receiving objects:  30% (322/1073)   Receiving objects:  31% (333/1073)   Receiving objects:  32% (344/1073)   Receiving objects:  33% (355/1073)   Receiving objects:  34% (365/1073)   Receiving objects:  35% (376/1073)   Receiving objects:  36% (387/1073)   Receiving objects:  37% (398/1073)   Receiving objects:  38% (408/1073)   Receiving objects:  39% (419/1073)   Receiving objects:  40% (430/1073)   Receiving objects:  41% (440/1073)   Receiving objects:  42% (451/1073)   Receiving objects:  43% (462/1073)   Receiving objects:  44% (473/1073)   Receiving objects:  45% (483/1073)   Receiving objects:  46% (494/1073)   Receiving objects:  47% (505/1073)   Receiving objects:  48% (516/1073)   remote: Total 1073 (delta 403), reused 959 (delta 330)[K
Receiving objects:  49% (526/1073)   Receiving objects:  50% (537/1073)   Receiving objects:  51% (548/1073)   Receiving objects:  52% (558/1073)   Receiving objects:  53% (569/1073)   Receiving objects:  54% (580/1073)   Receiving objects:  55% (591/1073)   Receiving objects:  56% (601/1073)   Receiving objects:  57% (612/1073)   Receiving objects:  58% (623/1073)   Receiving objects:  59% (634/1073)   Receiving objects:  60% (644/1073)   Receiving objects:  61% (655/1073)   Receiving objects:  62% (666/1073)   Receiving objects:  63% (676/1073)   Receiving objects:  64% (687/1073)   Receiving objects:  65% (698/1073)   Receiving objects:  66% (709/1073)   Receiving objects:  67% (719/1073)   Receiving objects:  68% (730/1073)   Receiving objects:  69% (741/1073)   Receiving objects:  70% (752/1073)   Receiving objects:  71% (762/1073)   Receiving objects:  72% (773/1073)   Receiving objects:  73% (784/1073)   Receiving objects:  74% (795/1073)   Receiving objects:  75% (805/1073)   Receiving objects:  76% (816/1073)   Receiving objects:  77% (827/1073)   Receiving objects:  78% (837/1073)   Receiving objects:  79% (848/1073)   Receiving objects:  80% (859/1073)   Receiving objects:  81% (870/1073)   Receiving objects:  82% (880/1073)   Receiving objects:  83% (891/1073)   Receiving objects:  84% (902/1073)   Receiving objects:  85% (913/1073)   Receiving objects:  86% (923/1073)   Receiving objects:  87% (934/1073)   Receiving objects:  88% (945/1073)   Receiving objects:  89% (955/1073)   Receiving objects:  90% (966/1073)   Receiving objects:  91% (977/1073)   Receiving objects:  92% (988/1073)   Receiving objects:  93% (998/1073)   Receiving objects:  94% (1009/1073)   Receiving objects:  95% (1020/1073)   Receiving objects:  96% (1031/1073)   Receiving objects:  97% (1041/1073)   Receiving objects:  98% (1052/1073)   Receiving objects:  99% (1063/1073)   Receiving objects: 100% (1073/1073)   Receiving objects: 100% (1073/1073), 175.76 KiB, done.
Resolving deltas:   0% (0/403)   Resolving deltas:   2% (9/403)   Resolving deltas:  10% (44/403)   Resolving deltas:  11% (47/403)   Resolving deltas:  14% (58/403)   Resolving deltas:  16% (65/403)   Resolving deltas:  21% (87/403)   Resolving deltas:  25% (101/403)   Resolving deltas:  31% (127/403)   Resolving deltas:  36% (147/403)   Resolving deltas:  37% (153/403)   Resolving deltas:  38% (155/403)   Resolving deltas:  39% (158/403)   Resolving deltas:  40% (163/403)   Resolving deltas:  41% (167/403)   Resolving deltas:  42% (172/403)   Resolving deltas:  44% (179/403)   Resolving deltas:  45% (185/403)   Resolving deltas:  48% (194/403)   Resolving deltas:  49% (200/403)   Resolving deltas:  52% (210/403)   Resolving deltas:  53% (217/403)   Resolving deltas:  55% (222/403)   Resolving deltas:  57% (230/403)   Resolving deltas:  58% (235/403)   Resolving deltas:  59% (238/403)   Resolving deltas:  60% (243/403)   Resolving deltas:  61% (248/403)   Resolving deltas:  62% (250/403)   Resolving deltas:  63% (254/403)   Resolving deltas:  65% (264/403)   Resolving deltas:  67% (273/403)   Resolving deltas:  70% (286/403)   Resolving deltas:  71% (288/403)   Resolving deltas:  72% (293/403)   Resolving deltas:  73% (297/403)   Resolving deltas:  74% (299/403)   Resolving deltas:  76% (307/403)   Resolving deltas:  77% (311/403)   Resolving deltas:  78% (315/403)   Resolving deltas:  79% (319/403)   Resolving deltas:  80% (324/403)   Resolving deltas:  81% (327/403)   Resolving deltas:  82% (331/403)   Resolving deltas:  83% (335/403)   Resolving deltas:  84% (341/403)   Resolving deltas:  85% (343/403)   Resolving deltas:  86% (348/403)   Resolving deltas:  87% (351/403)   Resolving deltas:  88% (355/403)   Resolving deltas:  90% (365/403)   Resolving deltas:  91% (367/403)   Resolving deltas:  92% (372/403)   Resolving deltas:  93% (377/403)   Resolving deltas:  94% (380/403)   Resolving deltas:  96% (387/403)   Resolving deltas:  97% (391/403)   Resolving deltas:  98% (395/403)   Resolving deltas:  99% (399/403)   Resolving deltas: 100% (403/403)   Resolving deltas: 100% (403/403), done.
travis_fold:end:git.1$ cd square/retrofit
travis_fold:start:git.2$ git fetch origin +refs/pull/186/merge: 
remote: Counting objects: 52, done.[K
remote: Compressing objects:   6% (1/16)   [Kremote: Compressing objects:  12% (2/16)   [Kremote: Compressing objects:  18% (3/16)   [Kremote: Compressing objects:  25% (4/16)   [Kremote: Compressing objects:  31% (5/16)   [Kremote: Compressing objects:  37% (6/16)   [Kremote: Compressing objects:  43% (7/16)   [Kremote: Compressing objects:  50% (8/16)   [Kremote: Compressing objects:  56% (9/16)   [Kremote: Compressing objects:  62% (10/16)   [Kremote: Compressing objects:  68% (11/16)   [Kremote: Compressing objects:  75% (12/16)   [Kremote: Compressing objects:  81% (13/16)   [Kremote: Compressing objects:  87% (14/16)   [Kremote: Compressing objects:  93% (15/16)   [Kremote: Compressing objects: 100% (16/16)   [Kremote: Compressing objects: 100% (16/16), done.[K
remote: Total 29 (delta 6), reused 21 (delta 0)[K
Unpacking objects:   3% (1/29)   Unpacking objects:   6% (2/29)   Unpacking objects:  10% (3/29)   Unpacking objects:  13% (4/29)   Unpacking objects:  17% (5/29)   Unpacking objects:  20% (6/29)   Unpacking objects:  24% (7/29)   Unpacking objects:  27% (8/29)   Unpacking objects:  31% (9/29)   Unpacking objects:  34% (10/29)   Unpacking objects:  37% (11/29)   Unpacking objects:  41% (12/29)   Unpacking objects:  44% (13/29)   Unpacking objects:  48% (14/29)   Unpacking objects:  51% (15/29)   Unpacking objects:  55% (16/29)   Unpacking objects:  58% (17/29)   Unpacking objects:  62% (18/29)   Unpacking objects:  65% (19/29)   Unpacking objects:  68% (20/29)   Unpacking objects:  72% (21/29)   Unpacking objects:  75% (22/29)   Unpacking objects:  79% (23/29)   Unpacking objects:  82% (24/29)   Unpacking objects:  86% (25/29)   Unpacking objects:  89% (26/29)   Unpacking objects:  93% (27/29)   Unpacking objects:  96% (28/29)   Unpacking objects: 100% (29/29)   Unpacking objects: 100% (29/29), done.
From git://github.com/square/retrofit
 * branch            refs/pull/186/merge -> FETCH_HEAD
travis_fold:end:git.2travis_fold:start:git.3$ git checkout -qf FETCH_HEAD
travis_fold:end:git.3$ java -version
java version "1.7.0_15"
OpenJDK Runtime Environment (IcedTea7 2.3.7) (7u15-2.3.7-0ubuntu1~12.04.1)
OpenJDK 64-Bit Server VM (build 23.7-b01, mixed mode)
$ javac -version
javac 1.7.0_15
travis_fold:start:install$ mvn install --quiet -DskipTests=true -B
travis_fold:end:install$ mvn test -B
[INFO] Scanning for projects...
[INFO] ------------------------------------------------------------------------
[INFO] Reactor Build Order:
[INFO] 
[INFO] Retrofit (Parent)
[INFO] Retrofit
[INFO] Samples
[INFO] Sample: GitHub Client
[INFO]                                                                         
[INFO] ------------------------------------------------------------------------
[INFO] Building Retrofit (Parent) 1.0.0-SNAPSHOT
[INFO] ------------------------------------------------------------------------
[INFO] 
[INFO] --- maven-enforcer-plugin:1.0:enforce (enforce-maven) @ parent ---
[INFO]                                                                         
[INFO] ------------------------------------------------------------------------
[INFO] Building Retrofit 1.0.0-SNAPSHOT
[INFO] ------------------------------------------------------------------------
[INFO] 
[INFO] --- maven-enforcer-plugin:1.0:enforce (enforce-maven) @ retrofit ---
[INFO] 
[INFO] --- maven-resources-plugin:2.3:resources (default-resources) @ retrofit ---
[INFO] Using 'UTF-8' encoding to copy filtered resources.
[INFO] skip non existing resourceDirectory /home/travis/build/square/retrofit/retrofit/src/main/resources
[INFO] 
[INFO] --- maven-compiler-plugin:3.0:compile (default-compile) @ retrofit ---
[INFO] Changes detected - recompiling the module!
[INFO] Compiling 44 source files to /home/travis/build/square/retrofit/retrofit/target/classes
[WARNING] /home/travis/build/square/retrofit/retrofit/src/main/java/retrofit/http/RestAdapter.java: /home/travis/build/square/retrofit/retrofit/src/main/java/retrofit/http/RestAdapter.java uses unchecked or unsafe operations.
[WARNING] /home/travis/build/square/retrofit/retrofit/src/main/java/retrofit/http/RestAdapter.java: Recompile with -Xlint:unchecked for details.
[INFO] 
[INFO] --- maven-resources-plugin:2.3:testResources (default-testResources) @ retrofit ---
[INFO] Using 'UTF-8' encoding to copy filtered resources.
[INFO] skip non existing resourceDirectory /home/travis/build/square/retrofit/retrofit/src/test/resources
[INFO] 
[INFO] --- maven-compiler-plugin:3.0:testCompile (default-testCompile) @ retrofit ---
[INFO] Changes detected - recompiling the module!
[INFO] Compiling 11 source files to /home/travis/build/square/retrofit/retrofit/target/test-classes
[WARNING] /home/travis/build/square/retrofit/retrofit/src/test/java/retrofit/http/CallbackRunnableTest.java: Some input files use unchecked or unsafe operations.
[WARNING] /home/travis/build/square/retrofit/retrofit/src/test/java/retrofit/http/CallbackRunnableTest.java: Recompile with -Xlint:unchecked for details.
[INFO] 
[INFO] --- maven-surefire-plugin:2.10:test (default-test) @ retrofit ---
[INFO] Surefire report directory: /home/travis/build/square/retrofit/retrofit/target/surefire-reports
Downloading: http://maven.mirrors.travis-ci.org/nexus/content/repositories/central/org/apache/maven/surefire/surefire-junit4/2.10/surefire-junit4-2.10.pom
Downloaded: http://maven.mirrors.travis-ci.org/nexus/content/repositories/central/org/apache/maven/surefire/surefire-junit4/2.10/surefire-junit4-2.10.pom (3 KB at 4.1 KB/sec)
Downloading: http://maven.mirrors.travis-ci.org/nexus/content/repositories/central/org/apache/maven/surefire/surefire-providers/2.10/surefire-providers-2.10.pom
Downloaded: http://maven.mirrors.travis-ci.org/nexus/content/repositories/central/org/apache/maven/surefire/surefire-providers/2.10/surefire-providers-2.10.pom (3 KB at 7.1 KB/sec)
Downloading: http://maven.mirrors.travis-ci.org/nexus/content/repositories/central/org/apache/maven/surefire/surefire-junit4/2.10/surefire-junit4-2.10.jar
Downloaded: http://maven.mirrors.travis-ci.org/nexus/content/repositories/central/org/apache/maven/surefire/surefire-junit4/2.10/surefire-junit4-2.10.jar (33 KB at 65.2 KB/sec)

-------------------------------------------------------
 T E S T S
-------------------------------------------------------
Running retrofit.http.RequestBuilderTest
Tests run: 16, Failures: 0, Errors: 0, Skipped: 0, Time elapsed: 0.599 sec
Running retrofit.http.CallbackRunnableTest
Tests run: 2, Failures: 0, Errors: 0, Skipped: 0, Time elapsed: 0.071 sec
Running retrofit.http.UtilsTest
Tests run: 1, Failures: 0, Errors: 0, Skipped: 0, Time elapsed: 0 sec
Running retrofit.http.RestAdapterTest
Tests run: 10, Failures: 0, Errors: 0, Skipped: 0, Time elapsed: 0.098 sec
Running retrofit.http.client.ApacheClientTest
Tests run: 6, Failures: 0, Errors: 0, Skipped: 0, Time elapsed: 0.033 sec
Running retrofit.http.client.UrlConnectionClientTest
Tests run: 8, Failures: 0, Errors: 0, Skipped: 0, Time elapsed: 0.007 sec
Running retrofit.http.RestMethodInfoTest
Tests run: 52, Failures: 0, Errors: 0, Skipped: 0, Time elapsed: 0.184 sec
Running retrofit.http.mime.TypedByteArrayTest
Tests run: 1, Failures: 0, Errors: 0, Skipped: 0, Time elapsed: 0 sec
Running retrofit.http.mime.TypedFileTest
Tests run: 3, Failures: 0, Errors: 0, Skipped: 0, Time elapsed: 0.001 sec

Results :

Tests run: 99, Failures: 0, Errors: 0, Skipped: 0

[INFO]                                                                         
[INFO] ------------------------------------------------------------------------
[INFO] Building Samples 1.0.0-SNAPSHOT
[INFO] ------------------------------------------------------------------------
[INFO] 
[INFO] --- maven-enforcer-plugin:1.0:enforce (enforce-maven) @ samples ---
[INFO]                                                                         
[INFO] ------------------------------------------------------------------------
[INFO] Building Sample: GitHub Client 1.0.0-SNAPSHOT
[INFO] ------------------------------------------------------------------------
[INFO] 
[INFO] --- maven-enforcer-plugin:1.0:enforce (enforce-maven) @ sample-github-client ---
[INFO] 
[INFO] --- maven-resources-plugin:2.3:resources (default-resources) @ sample-github-client ---
[INFO] Using 'UTF-8' encoding to copy filtered resources.
[INFO] skip non existing resourceDirectory /home/travis/build/square/retrofit/samples/github-client/src/main/resources
[INFO] 
[INFO] --- maven-compiler-plugin:3.0:compile (default-compile) @ sample-github-client ---
[INFO] Changes detected - recompiling the module!
[INFO] Compiling 2 source files to /home/travis/build/square/retrofit/samples/github-client/target/classes
[INFO] 
[INFO] --- maven-resources-plugin:2.3:testResources (default-testResources) @ sample-github-client ---
[INFO] Using 'UTF-8' encoding to copy filtered resources.
[INFO] skip non existing resourceDirectory /home/travis/build/square/retrofit/samples/github-client/src/test/resources
[INFO] 
[INFO] --- maven-compiler-plugin:3.0:testCompile (default-testCompile) @ sample-github-client ---
[INFO] No sources to compile
[INFO] 
[INFO] --- maven-surefire-plugin:2.10:test (default-test) @ sample-github-client ---
[INFO] No tests to run.
[INFO] Surefire report directory: /home/travis/build/square/retrofit/samples/github-client/target/surefire-reports
Downloading: http://maven.mirrors.travis-ci.org/nexus/content/repositories/central/org/apache/maven/surefire/surefire-junit3/2.10/surefire-junit3-2.10.pom
Downloaded: http://maven.mirrors.travis-ci.org/nexus/content/repositories/central/org/apache/maven/surefire/surefire-junit3/2.10/surefire-junit3-2.10.pom (2 KB at 5.0 KB/sec)
Downloading: http://maven.mirrors.travis-ci.org/nexus/content/repositories/central/org/apache/maven/surefire/surefire-junit3/2.10/surefire-junit3-2.10.jar
Downloaded: http://maven.mirrors.travis-ci.org/nexus/content/repositories/central/org/apache/maven/surefire/surefire-junit3/2.10/surefire-junit3-2.10.jar (26 KB at 60.4 KB/sec)

-------------------------------------------------------
 T E S T S
-------------------------------------------------------

Results :

Tests run: 0, Failures: 0, Errors: 0, Skipped: 0

[INFO] ------------------------------------------------------------------------
[INFO] Reactor Summary:
[INFO] 
[INFO] Retrofit (Parent) ................................. SUCCESS [1.265s]
[INFO] Retrofit .......................................... SUCCESS [8.526s]
[INFO] Samples ........................................... SUCCESS [0.005s]
[INFO] Sample: GitHub Client ............................. SUCCESS [1.124s]
[INFO] ------------------------------------------------------------------------
[INFO] BUILD SUCCESS
[INFO] ------------------------------------------------------------------------
[INFO] Total time: 11.409s
[INFO] Finished at: Wed May 01 02:24:47 UTC 2013
[INFO] Final Memory: 14M/75M
[INFO] ------------------------------------------------------------------------

The command "mvn test -B" exited with 0.

Done. Your build exited with 0.
