Using worker: worker-linux-4-2.bb.travis-ci.org:travis-linux-15

travis_fold:start:git.1$ git clone --depth=50 git://github.com/square/retrofit.git square/retrofit
Cloning into 'square/retrofit'...
remote: Counting objects: 1118, done.[K
remote: Compressing objects:   0% (1/517)   [Kremote: Compressing objects:   1% (6/517)   [Kremote: Compressing objects:   2% (11/517)   [Kremote: Compressing objects:   3% (16/517)   [Kremote: Compressing objects:   4% (21/517)   [Kremote: Compressing objects:   5% (26/517)   [Kremote: Compressing objects:   6% (32/517)   [Kremote: Compressing objects:   7% (37/517)   [Kremote: Compressing objects:   8% (42/517)   [Kremote: Compressing objects:   9% (47/517)   [Kremote: Compressing objects:  10% (52/517)   [Kremote: Compressing objects:  11% (57/517)   [Kremote: Compressing objects:  12% (63/517)   [Kremote: Compressing objects:  13% (68/517)   [Kremote: Compressing objects:  14% (73/517)   [Kremote: Compressing objects:  15% (78/517)   [Kremote: Compressing objects:  16% (83/517)   [Kremote: Compressing objects:  17% (88/517)   [Kremote: Compressing objects:  18% (94/517)   [Kremote: Compressing objects:  19% (99/517)   [Kremote: Compressing objects:  20% (104/517)   [Kremote: Compressing objects:  21% (109/517)   [Kremote: Compressing objects:  22% (114/517)   [Kremote: Compressing objects:  23% (119/517)   [Kremote: Compressing objects:  24% (125/517)   [Kremote: Compressing objects:  25% (130/517)   [Kremote: Compressing objects:  26% (135/517)   [Kremote: Compressing objects:  27% (140/517)   [Kremote: Compressing objects:  28% (145/517)   [Kremote: Compressing objects:  29% (150/517)   [Kremote: Compressing objects:  30% (156/517)   [Kremote: Compressing objects:  31% (161/517)   [Kremote: Compressing objects:  32% (166/517)   [Kremote: Compressing objects:  33% (171/517)   [Kremote: Compressing objects:  34% (176/517)   [Kremote: Compressing objects:  35% (181/517)   [Kremote: Compressing objects:  36% (187/517)   [Kremote: Compressing objects:  37% (192/517)   [Kremote: Compressing objects:  38% (197/517)   [Kremote: Compressing objects:  39% (202/517)   [Kremote: Compressing objects:  40% (207/517)   [Kremote: Compressing objects:  41% (212/517)   [Kremote: Compressing objects:  42% (218/517)   [Kremote: Compressing objects:  43% (223/517)   [Kremote: Compressing objects:  44% (228/517)   [Kremote: Compressing objects:  45% (233/517)   [Kremote: Compressing objects:  46% (238/517)   [Kremote: Compressing objects:  47% (243/517)   [Kremote: Compressing objects:  48% (249/517)   [Kremote: Compressing objects:  49% (254/517)   [Kremote: Compressing objects:  50% (259/517)   [Kremote: Compressing objects:  51% (264/517)   [Kremote: Compressing objects:  52% (269/517)   [Kremote: Compressing objects:  53% (275/517)   [Kremote: Compressing objects:  54% (280/517)   [Kremote: Compressing objects:  55% (285/517)   [Kremote: Compressing objects:  56% (290/517)   [Kremote: Compressing objects:  57% (295/517)   [Kremote: Compressing objects:  58% (300/517)   [Kremote: Compressing objects:  59% (306/517)   [Kremote: Compressing objects:  60% (311/517)   [Kremote: Compressing objects:  61% (316/517)   [Kremote: Compressing objects:  62% (321/517)   [Kremote: Compressing objects:  63% (326/517)   [Kremote: Compressing objects:  64% (331/517)   [Kremote: Compressing objects:  65% (337/517)   [Kremote: Compressing objects:  66% (342/517)   [Kremote: Compressing objects:  67% (347/517)   [Kremote: Compressing objects:  68% (352/517)   [Kremote: Compressing objects:  69% (357/517)   [Kremote: Compressing objects:  70% (362/517)   [Kremote: Compressing objects:  71% (368/517)   [Kremote: Compressing objects:  72% (373/517)   [Kremote: Compressing objects:  73% (378/517)   [Kremote: Compressing objects:  74% (383/517)   [Kremote: Compressing objects:  75% (388/517)   [Kremote: Compressing objects:  76% (393/517)   [Kremote: Compressing objects:  77% (399/517)   [Kremote: Compressing objects:  78% (404/517)   [Kremote: Compressing objects:  79% (409/517)   [Kremote: Compressing objects:  80% (414/517)   [Kremote: Compressing objects:  81% (419/517)   [Kremote: Compressing objects:  82% (424/517)   [Kremote: Compressing objects:  83% (430/517)   [Kremote: Compressing objects:  84% (435/517)   [Kremote: Compressing objects:  85% (440/517)   [Kremote: Compressing objects:  86% (445/517)   [Kremote: Compressing objects:  87% (450/517)   [Kremote: Compressing objects:  88% (455/517)   [Kremote: Compressing objects:  89% (461/517)   [Kremote: Compressing objects:  90% (466/517)   [Kremote: Compressing objects:  91% (471/517)   [Kremote: Compressing objects:  92% (476/517)   [Kremote: Compressing objects:  93% (481/517)   [Kremote: Compressing objects:  94% (486/517)   [Kremote: Compressing objects:  95% (492/517)   [Kremote: Compressing objects:  96% (497/517)   [Kremote: Compressing objects:  97% (502/517)   [Kremote: Compressing objects:  98% (507/517)   [Kremote: Compressing objects:  99% (512/517)   [Kremote: Compressing objects: 100% (517/517)   [Kremote: Compressing objects: 100% (517/517), done.[K
Receiving objects:   0% (1/1118)   Receiving objects:   1% (12/1118)   Receiving objects:   2% (23/1118)   Receiving objects:   3% (34/1118)   Receiving objects:   4% (45/1118)   Receiving objects:   5% (56/1118)   Receiving objects:   6% (68/1118)   Receiving objects:   7% (79/1118)   Receiving objects:   8% (90/1118)   Receiving objects:   9% (101/1118)   Receiving objects:  10% (112/1118)   Receiving objects:  11% (123/1118)   Receiving objects:  12% (135/1118)   Receiving objects:  13% (146/1118)   Receiving objects:  14% (157/1118)   Receiving objects:  15% (168/1118)   Receiving objects:  16% (179/1118)   Receiving objects:  17% (191/1118)   Receiving objects:  18% (202/1118)   Receiving objects:  19% (213/1118)   Receiving objects:  20% (224/1118)   Receiving objects:  21% (235/1118)   Receiving objects:  22% (246/1118)   Receiving objects:  23% (258/1118)   Receiving objects:  24% (269/1118)   Receiving objects:  25% (280/1118)   Receiving objects:  26% (291/1118)   Receiving objects:  27% (302/1118)   Receiving objects:  28% (314/1118)   Receiving objects:  29% (325/1118)   Receiving objects:  30% (336/1118)   Receiving objects:  31% (347/1118)   Receiving objects:  32% (358/1118)   Receiving objects:  33% (369/1118)   Receiving objects:  34% (381/1118)   Receiving objects:  35% (392/1118)   Receiving objects:  36% (403/1118)   Receiving objects:  37% (414/1118)   Receiving objects:  38% (425/1118)   Receiving objects:  39% (437/1118)   Receiving objects:  40% (448/1118)   Receiving objects:  41% (459/1118)   Receiving objects:  42% (470/1118)   Receiving objects:  43% (481/1118)   Receiving objects:  44% (492/1118)   Receiving objects:  45% (504/1118)   Receiving objects:  46% (515/1118)   Receiving objects:  47% (526/1118)   Receiving objects:  48% (537/1118)   Receiving objects:  49% (548/1118)   Receiving objects:  50% (559/1118)   Receiving objects:  51% (571/1118)   Receiving objects:  52% (582/1118)   Receiving objects:  53% (593/1118)   Receiving objects:  54% (604/1118)   Receiving objects:  55% (615/1118)   Receiving objects:  56% (627/1118)   Receiving objects:  57% (638/1118)   Receiving objects:  58% (649/1118)   Receiving objects:  59% (660/1118)   Receiving objects:  60% (671/1118)   Receiving objects:  61% (682/1118)   Receiving objects:  62% (694/1118)   Receiving objects:  63% (705/1118)   Receiving objects:  64% (716/1118)   Receiving objects:  65% (727/1118)   Receiving objects:  66% (738/1118)   Receiving objects:  67% (750/1118)   Receiving objects:  68% (761/1118)   Receiving objects:  69% (772/1118)   Receiving objects:  70% (783/1118)   Receiving objects:  71% (794/1118)   Receiving objects:  72% (805/1118)   Receiving objects:  73% (817/1118)   Receiving objects:  74% (828/1118)   Receiving objects:  75% (839/1118)   Receiving objects:  76% (850/1118)   Receiving objects:  77% (861/1118)   Receiving objects:  78% (873/1118)   Receiving objects:  79% (884/1118)   Receiving objects:  80% (895/1118)   Receiving objects:  81% (906/1118)   Receiving objects:  82% (917/1118)   Receiving objects:  83% (928/1118)   Receiving objects:  84% (940/1118)   Receiving objects:  85% (951/1118)   Receiving objects:  86% (962/1118)   Receiving objects:  87% (973/1118)   Receiving objects:  88% (984/1118)   Receiving objects:  89% (996/1118)   Receiving objects:  90% (1007/1118)   Receiving objects:  91% (1018/1118)   Receiving objects:  92% (1029/1118)   Receiving objects:  93% (1040/1118)   Receiving objects:  94% (1051/1118)   Receiving objects:  95% (1063/1118)   remote: Total 1118 (delta 427), reused 963 (delta 310)[K
Receiving objects:  96% (1074/1118)   Receiving objects:  97% (1085/1118)   Receiving objects:  98% (1096/1118)   Receiving objects:  99% (1107/1118)   Receiving objects: 100% (1118/1118)   Receiving objects: 100% (1118/1118), 181.73 KiB, done.
Resolving deltas:   0% (0/427)   Resolving deltas:   2% (10/427)   Resolving deltas:  11% (51/427)   Resolving deltas:  12% (52/427)   Resolving deltas:  15% (68/427)   Resolving deltas:  17% (76/427)   Resolving deltas:  22% (95/427)   Resolving deltas:  25% (110/427)   Resolving deltas:  33% (145/427)   Resolving deltas:  34% (147/427)   Resolving deltas:  35% (150/427)   Resolving deltas:  36% (156/427)   Resolving deltas:  37% (159/427)   Resolving deltas:  39% (168/427)   Resolving deltas:  40% (173/427)   Resolving deltas:  41% (178/427)   Resolving deltas:  43% (186/427)   Resolving deltas:  44% (192/427)   Resolving deltas:  47% (203/427)   Resolving deltas:  48% (207/427)   Resolving deltas:  50% (217/427)   Resolving deltas:  51% (220/427)   Resolving deltas:  52% (225/427)   Resolving deltas:  54% (232/427)   Resolving deltas:  55% (235/427)   Resolving deltas:  56% (241/427)   Resolving deltas:  57% (245/427)   Resolving deltas:  58% (250/427)   Resolving deltas:  59% (253/427)   Resolving deltas:  61% (264/427)   Resolving deltas:  62% (267/427)   Resolving deltas:  63% (271/427)   Resolving deltas:  65% (279/427)   Resolving deltas:  67% (290/427)   Resolving deltas:  71% (305/427)   Resolving deltas:  72% (308/427)   Resolving deltas:  73% (314/427)   Resolving deltas:  74% (317/427)   Resolving deltas:  76% (328/427)   Resolving deltas:  77% (333/427)   Resolving deltas:  78% (334/427)   Resolving deltas:  81% (346/427)   Resolving deltas:  84% (361/427)   Resolving deltas:  85% (363/427)   Resolving deltas:  86% (368/427)   Resolving deltas:  87% (372/427)   Resolving deltas:  88% (376/427)   Resolving deltas:  89% (381/427)   Resolving deltas:  93% (400/427)   Resolving deltas:  94% (402/427)   Resolving deltas:  95% (406/427)   Resolving deltas:  96% (411/427)   Resolving deltas:  97% (415/427)   Resolving deltas:  98% (420/427)   Resolving deltas:  99% (423/427)   Resolving deltas: 100% (427/427)   Resolving deltas: 100% (427/427), done.
travis_fold:end:git.1$ cd square/retrofit
travis_fold:start:git.2$ git fetch origin +refs/pull/200/merge: 
remote: Counting objects: 89, done.[K
remote: Compressing objects:   3% (1/30)   [Kremote: Compressing objects:   6% (2/30)   [Kremote: Compressing objects:  10% (3/30)   [Kremote: Compressing objects:  13% (4/30)   [Kremote: Compressing objects:  16% (5/30)   [Kremote: Compressing objects:  20% (6/30)   [Kremote: Compressing objects:  23% (7/30)   [Kremote: Compressing objects:  26% (8/30)   [Kremote: Compressing objects:  30% (9/30)   [Kremote: Compressing objects:  33% (10/30)   [Kremote: Compressing objects:  36% (11/30)   [Kremote: Compressing objects:  40% (12/30)   [Kremote: Compressing objects:  43% (13/30)   [Kremote: Compressing objects:  46% (14/30)   [Kremote: Compressing objects:  50% (15/30)   [Kremote: Compressing objects:  53% (16/30)   [Kremote: Compressing objects:  56% (17/30)   [Kremote: Compressing objects:  60% (18/30)   [Kremote: Compressing objects:  63% (19/30)   [Kremote: Compressing objects:  66% (20/30)   [Kremote: Compressing objects:  70% (21/30)   [Kremote: Compressing objects:  73% (22/30)   [Kremote: Compressing objects:  76% (23/30)   [Kremote: Compressing objects:  80% (24/30)   [Kremote: Compressing objects:  83% (25/30)   [Kremote: Compressing objects:  86% (26/30)   [Kremote: Compressing objects:  90% (27/30)   [Kremote: Compressing objects:  93% (28/30)   [Kremote: Compressing objects:  96% (29/30)   [Kremote: Compressing objects: 100% (30/30)   [Kremote: Compressing objects: 100% (30/30), done.[K
remote: Total 56 (delta 24), reused 36 (delta 11)[K
Unpacking objects:   1% (1/56)   Unpacking objects:   3% (2/56)   Unpacking objects:   5% (3/56)   Unpacking objects:   7% (4/56)   Unpacking objects:   8% (5/56)   Unpacking objects:  10% (6/56)   Unpacking objects:  12% (7/56)   Unpacking objects:  14% (8/56)   Unpacking objects:  16% (9/56)   Unpacking objects:  17% (10/56)   Unpacking objects:  19% (11/56)   Unpacking objects:  21% (12/56)   Unpacking objects:  23% (13/56)   Unpacking objects:  25% (14/56)   Unpacking objects:  26% (15/56)   Unpacking objects:  28% (16/56)   Unpacking objects:  30% (17/56)   Unpacking objects:  32% (18/56)   Unpacking objects:  33% (19/56)   Unpacking objects:  35% (20/56)   Unpacking objects:  37% (21/56)   Unpacking objects:  39% (22/56)   Unpacking objects:  41% (23/56)   Unpacking objects:  42% (24/56)   Unpacking objects:  44% (25/56)   Unpacking objects:  46% (26/56)   Unpacking objects:  48% (27/56)   Unpacking objects:  50% (28/56)   Unpacking objects:  51% (29/56)   Unpacking objects:  53% (30/56)   Unpacking objects:  55% (31/56)   Unpacking objects:  57% (32/56)   Unpacking objects:  58% (33/56)   Unpacking objects:  60% (34/56)   Unpacking objects:  62% (35/56)   Unpacking objects:  64% (36/56)   Unpacking objects:  66% (37/56)   Unpacking objects:  67% (38/56)   Unpacking objects:  69% (39/56)   Unpacking objects:  71% (40/56)   Unpacking objects:  73% (41/56)   Unpacking objects:  75% (42/56)   Unpacking objects:  76% (43/56)   Unpacking objects:  78% (44/56)   Unpacking objects:  80% (45/56)   Unpacking objects:  82% (46/56)   Unpacking objects:  83% (47/56)   Unpacking objects:  85% (48/56)   Unpacking objects:  87% (49/56)   Unpacking objects:  89% (50/56)   Unpacking objects:  91% (51/56)   Unpacking objects:  92% (52/56)   Unpacking objects:  94% (53/56)   Unpacking objects:  96% (54/56)   Unpacking objects:  98% (55/56)   Unpacking objects: 100% (56/56)   Unpacking objects: 100% (56/56), done.
From git://github.com/square/retrofit
 * branch            refs/pull/200/merge -> FETCH_HEAD
travis_fold:end:git.2travis_fold:start:git.3$ git checkout -qf FETCH_HEAD
travis_fold:end:git.3$ java -version
java version "1.7.0_15"
OpenJDK Runtime Environment (IcedTea7 2.3.7) (7u15-2.3.7-0ubuntu1~12.04.1)
OpenJDK 64-Bit Server VM (build 23.7-b01, mixed mode)
$ javac -version
javac 1.7.0_15
travis_fold:start:install$ mvn install --quiet -DskipTests=true -B
travis_fold:end:install$ mvn test -B
[INFO] Scanning for projects...
[INFO] ------------------------------------------------------------------------
[INFO] Reactor Build Order:
[INFO] 
[INFO] Retrofit (Parent)
[INFO] Retrofit
[INFO] Samples
[INFO] Sample: GitHub Client
[INFO]                                                                         
[INFO] ------------------------------------------------------------------------
[INFO] Building Retrofit (Parent) 1.0.0-SNAPSHOT
[INFO] ------------------------------------------------------------------------
[INFO] 
[INFO] --- maven-enforcer-plugin:1.0:enforce (enforce-maven) @ parent ---
[INFO]                                                                         
[INFO] ------------------------------------------------------------------------
[INFO] Building Retrofit 1.0.0-SNAPSHOT
[INFO] ------------------------------------------------------------------------
[INFO] 
[INFO] --- maven-enforcer-plugin:1.0:enforce (enforce-maven) @ retrofit ---
[INFO] 
[INFO] --- maven-resources-plugin:2.3:resources (default-resources) @ retrofit ---
[INFO] Using 'UTF-8' encoding to copy filtered resources.
[INFO] skip non existing resourceDirectory /home/travis/build/square/retrofit/retrofit/src/main/resources
[INFO] 
[INFO] --- maven-compiler-plugin:3.0:compile (default-compile) @ retrofit ---
[INFO] Changes detected - recompiling the module!
[INFO] Compiling 46 source files to /home/travis/build/square/retrofit/retrofit/target/classes
[WARNING] /home/travis/build/square/retrofit/retrofit/src/main/java/retrofit/http/RestAdapter.java: /home/travis/build/square/retrofit/retrofit/src/main/java/retrofit/http/RestAdapter.java uses unchecked or unsafe operations.
[WARNING] /home/travis/build/square/retrofit/retrofit/src/main/java/retrofit/http/RestAdapter.java: Recompile with -Xlint:unchecked for details.
[INFO] 
[INFO] --- maven-resources-plugin:2.3:testResources (default-testResources) @ retrofit ---
[INFO] Using 'UTF-8' encoding to copy filtered resources.
[INFO] skip non existing resourceDirectory /home/travis/build/square/retrofit/retrofit/src/test/resources
[INFO] 
[INFO] --- maven-compiler-plugin:3.0:testCompile (default-testCompile) @ retrofit ---
[INFO] Changes detected - recompiling the module!
[INFO] Compiling 11 source files to /home/travis/build/square/retrofit/retrofit/target/test-classes
[WARNING] /home/travis/build/square/retrofit/retrofit/src/test/java/retrofit/http/CallbackRunnableTest.java: Some input files use unchecked or unsafe operations.
[WARNING] /home/travis/build/square/retrofit/retrofit/src/test/java/retrofit/http/CallbackRunnableTest.java: Recompile with -Xlint:unchecked for details.
[INFO] 
[INFO] --- maven-surefire-plugin:2.10:test (default-test) @ retrofit ---
[INFO] Surefire report directory: /home/travis/build/square/retrofit/retrofit/target/surefire-reports
Downloading: http://maven.mirrors.travis-ci.org/nexus/content/repositories/central/org/apache/maven/surefire/surefire-junit4/2.10/surefire-junit4-2.10.pom
Downloaded: http://maven.mirrors.travis-ci.org/nexus/content/repositories/central/org/apache/maven/surefire/surefire-junit4/2.10/surefire-junit4-2.10.pom (3 KB at 4.2 KB/sec)
Downloading: http://maven.mirrors.travis-ci.org/nexus/content/repositories/central/org/apache/maven/surefire/surefire-providers/2.10/surefire-providers-2.10.pom
Downloaded: http://maven.mirrors.travis-ci.org/nexus/content/repositories/central/org/apache/maven/surefire/surefire-providers/2.10/surefire-providers-2.10.pom (3 KB at 7.3 KB/sec)
Downloading: http://maven.mirrors.travis-ci.org/nexus/content/repositories/central/org/apache/maven/surefire/surefire-junit4/2.10/surefire-junit4-2.10.jar
Downloaded: http://maven.mirrors.travis-ci.org/nexus/content/repositories/central/org/apache/maven/surefire/surefire-junit4/2.10/surefire-junit4-2.10.jar (33 KB at 66.1 KB/sec)

-------------------------------------------------------
 T E S T S
-------------------------------------------------------
Running retrofit.http.mime.TypedByteArrayTest
Tests run: 1, Failures: 0, Errors: 0, Skipped: 0, Time elapsed: 0.1 sec
Running retrofit.http.mime.TypedFileTest
Tests run: 3, Failures: 0, Errors: 0, Skipped: 0, Time elapsed: 0.01 sec
Running retrofit.http.CallbackRunnableTest
Tests run: 2, Failures: 0, Errors: 0, Skipped: 0, Time elapsed: 0.413 sec
Running retrofit.http.RequestBuilderTest
Tests run: 20, Failures: 0, Errors: 0, Skipped: 0, Time elapsed: 0.172 sec
Running retrofit.http.RestAdapterTest
Tests run: 10, Failures: 0, Errors: 0, Skipped: 0, Time elapsed: 0.097 sec
Running retrofit.http.UtilsTest
Tests run: 1, Failures: 0, Errors: 0, Skipped: 0, Time elapsed: 0.001 sec
Running retrofit.http.RestMethodInfoTest
Tests run: 53, Failures: 0, Errors: 0, Skipped: 0, Time elapsed: 0.22 sec
Running retrofit.http.client.ApacheClientTest
Tests run: 6, Failures: 0, Errors: 0, Skipped: 0, Time elapsed: 0.032 sec
Running retrofit.http.client.UrlConnectionClientTest
Tests run: 8, Failures: 0, Errors: 0, Skipped: 0, Time elapsed: 0.004 sec

Results :

Tests run: 104, Failures: 0, Errors: 0, Skipped: 0

[INFO]                                                                         
[INFO] ------------------------------------------------------------------------
[INFO] Building Samples 1.0.0-SNAPSHOT
[INFO] ------------------------------------------------------------------------
[INFO] 
[INFO] --- maven-enforcer-plugin:1.0:enforce (enforce-maven) @ samples ---
[INFO]                                                                         
[INFO] ------------------------------------------------------------------------
[INFO] Building Sample: GitHub Client 1.0.0-SNAPSHOT
[INFO] ------------------------------------------------------------------------
[INFO] 
[INFO] --- maven-enforcer-plugin:1.0:enforce (enforce-maven) @ sample-github-client ---
[INFO] 
[INFO] --- maven-resources-plugin:2.3:resources (default-resources) @ sample-github-client ---
[INFO] Using 'UTF-8' encoding to copy filtered resources.
[INFO] skip non existing resourceDirectory /home/travis/build/square/retrofit/samples/github-client/src/main/resources
[INFO] 
[INFO] --- maven-compiler-plugin:3.0:compile (default-compile) @ sample-github-client ---
[INFO] Changes detected - recompiling the module!
[INFO] Compiling 1 source file to /home/travis/build/square/retrofit/samples/github-client/target/classes
[INFO] 
[INFO] --- maven-resources-plugin:2.3:testResources (default-testResources) @ sample-github-client ---
[INFO] Using 'UTF-8' encoding to copy filtered resources.
[INFO] skip non existing resourceDirectory /home/travis/build/square/retrofit/samples/github-client/src/test/resources
[INFO] 
[INFO] --- maven-compiler-plugin:3.0:testCompile (default-testCompile) @ sample-github-client ---
[INFO] No sources to compile
[INFO] 
[INFO] --- maven-surefire-plugin:2.10:test (default-test) @ sample-github-client ---
[INFO] No tests to run.
[INFO] Surefire report directory: /home/travis/build/square/retrofit/samples/github-client/target/surefire-reports
Downloading: http://maven.mirrors.travis-ci.org/nexus/content/repositories/central/org/apache/maven/surefire/surefire-junit3/2.10/surefire-junit3-2.10.pom
Downloaded: http://maven.mirrors.travis-ci.org/nexus/content/repositories/central/org/apache/maven/surefire/surefire-junit3/2.10/surefire-junit3-2.10.pom (2 KB at 5.6 KB/sec)
Downloading: http://maven.mirrors.travis-ci.org/nexus/content/repositories/central/org/apache/maven/surefire/surefire-junit3/2.10/surefire-junit3-2.10.jar
Downloaded: http://maven.mirrors.travis-ci.org/nexus/content/repositories/central/org/apache/maven/surefire/surefire-junit3/2.10/surefire-junit3-2.10.jar (26 KB at 52.6 KB/sec)

-------------------------------------------------------
 T E S T S
-------------------------------------------------------

Results :

Tests run: 0, Failures: 0, Errors: 0, Skipped: 0

[INFO] ------------------------------------------------------------------------
[INFO] Reactor Summary:
[INFO] 
[INFO] Retrofit (Parent) ................................. SUCCESS [1.067s]
[INFO] Retrofit .......................................... SUCCESS [8.451s]
[INFO] Samples ........................................... SUCCESS [0.005s]
[INFO] Sample: GitHub Client ............................. SUCCESS [1.172s]
[INFO] ------------------------------------------------------------------------
[INFO] BUILD SUCCESS
[INFO] ------------------------------------------------------------------------
[INFO] Total time: 11.137s
[INFO] Finished at: Thu May 09 06:14:50 UTC 2013
[INFO] Final Memory: 16M/192M
[INFO] ------------------------------------------------------------------------

The command "mvn test -B" exited with 0.

Done. Your build exited with 0.
