Using worker: worker-linux-5-1.bb.travis-ci.org:travis-linux-9

travis_fold:start:git.1$ git clone --depth=50 git://github.com/square/retrofit.git square/retrofit
Cloning into 'square/retrofit'...
remote: Counting objects: 1118, done.[K
remote: Compressing objects:   0% (1/519)   [Kremote: Compressing objects:   1% (6/519)   [Kremote: Compressing objects:   2% (11/519)   [Kremote: Compressing objects:   3% (16/519)   [Kremote: Compressing objects:   4% (21/519)   [Kremote: Compressing objects:   5% (26/519)   [Kremote: Compressing objects:   6% (32/519)   [Kremote: Compressing objects:   7% (37/519)   [Kremote: Compressing objects:   8% (42/519)   [Kremote: Compressing objects:   9% (47/519)   [Kremote: Compressing objects:  10% (52/519)   [Kremote: Compressing objects:  11% (58/519)   [Kremote: Compressing objects:  12% (63/519)   [Kremote: Compressing objects:  13% (68/519)   [Kremote: Compressing objects:  14% (73/519)   [Kremote: Compressing objects:  15% (78/519)   [Kremote: Compressing objects:  16% (84/519)   [Kremote: Compressing objects:  17% (89/519)   [Kremote: Compressing objects:  18% (94/519)   [Kremote: Compressing objects:  19% (99/519)   [Kremote: Compressing objects:  20% (104/519)   [Kremote: Compressing objects:  21% (109/519)   [Kremote: Compressing objects:  22% (115/519)   [Kremote: Compressing objects:  23% (120/519)   [Kremote: Compressing objects:  24% (125/519)   [Kremote: Compressing objects:  25% (130/519)   [Kremote: Compressing objects:  26% (135/519)   [Kremote: Compressing objects:  27% (141/519)   [Kremote: Compressing objects:  28% (146/519)   [Kremote: Compressing objects:  29% (151/519)   [Kremote: Compressing objects:  30% (156/519)   [Kremote: Compressing objects:  31% (161/519)   [Kremote: Compressing objects:  32% (167/519)   [Kremote: Compressing objects:  33% (172/519)   [Kremote: Compressing objects:  34% (177/519)   [Kremote: Compressing objects:  35% (182/519)   [Kremote: Compressing objects:  36% (187/519)   [Kremote: Compressing objects:  37% (193/519)   [Kremote: Compressing objects:  38% (198/519)   [Kremote: Compressing objects:  39% (203/519)   [Kremote: Compressing objects:  40% (208/519)   [Kremote: Compressing objects:  41% (213/519)   [Kremote: Compressing objects:  42% (218/519)   [Kremote: Compressing objects:  43% (224/519)   [Kremote: Compressing objects:  44% (229/519)   [Kremote: Compressing objects:  45% (234/519)   [Kremote: Compressing objects:  46% (239/519)   [Kremote: Compressing objects:  47% (244/519)   [Kremote: Compressing objects:  48% (250/519)   [Kremote: Compressing objects:  49% (255/519)   [Kremote: Compressing objects:  50% (260/519)   [Kremote: Compressing objects:  51% (265/519)   [Kremote: Compressing objects:  52% (270/519)   [Kremote: Compressing objects:  53% (276/519)   [Kremote: Compressing objects:  54% (281/519)   [Kremote: Compressing objects:  55% (286/519)   [Kremote: Compressing objects:  56% (291/519)   [Kremote: Compressing objects:  57% (296/519)   [Kremote: Compressing objects:  58% (302/519)   [Kremote: Compressing objects:  59% (307/519)   [Kremote: Compressing objects:  60% (312/519)   [Kremote: Compressing objects:  61% (317/519)   [Kremote: Compressing objects:  62% (322/519)   [Kremote: Compressing objects:  63% (327/519)   [Kremote: Compressing objects:  64% (333/519)   [Kremote: Compressing objects:  65% (338/519)   [Kremote: Compressing objects:  66% (343/519)   [Kremote: Compressing objects:  67% (348/519)   [Kremote: Compressing objects:  68% (353/519)   [Kremote: Compressing objects:  69% (359/519)   [Kremote: Compressing objects:  70% (364/519)   [Kremote: Compressing objects:  71% (369/519)   [Kremote: Compressing objects:  72% (374/519)   [Kremote: Compressing objects:  73% (379/519)   [Kremote: Compressing objects:  74% (385/519)   [Kremote: Compressing objects:  75% (390/519)   [Kremote: Compressing objects:  76% (395/519)   [Kremote: Compressing objects:  77% (400/519)   [Kremote: Compressing objects:  78% (405/519)   [Kremote: Compressing objects:  79% (411/519)   [Kremote: Compressing objects:  80% (416/519)   [Kremote: Compressing objects:  81% (421/519)   [Kremote: Compressing objects:  82% (426/519)   [Kremote: Compressing objects:  83% (431/519)   [Kremote: Compressing objects:  84% (436/519)   [Kremote: Compressing objects:  85% (442/519)   [Kremote: Compressing objects:  86% (447/519)   [Kremote: Compressing objects:  87% (452/519)   [Kremote: Compressing objects:  88% (457/519)   [Kremote: Compressing objects:  89% (462/519)   [Kremote: Compressing objects:  90% (468/519)   [Kremote: Compressing objects:  91% (473/519)   [Kremote: Compressing objects:  92% (478/519)   [Kremote: Compressing objects:  93% (483/519)   [Kremote: Compressing objects:  94% (488/519)   [Kremote: Compressing objects:  95% (494/519)   [Kremote: Compressing objects:  96% (499/519)   [Kremote: Compressing objects:  97% (504/519)   [Kremote: Compressing objects:  98% (509/519)   [Kremote: Compressing objects:  99% (514/519)   [Kremote: Compressing objects: 100% (519/519)   [Kremote: Compressing objects: 100% (519/519), done.[K
Receiving objects:   0% (1/1118)   Receiving objects:   1% (12/1118)   Receiving objects:   2% (23/1118)   Receiving objects:   3% (34/1118)   Receiving objects:   4% (45/1118)   Receiving objects:   5% (56/1118)   Receiving objects:   6% (68/1118)   Receiving objects:   7% (79/1118)   Receiving objects:   8% (90/1118)   Receiving objects:   9% (101/1118)   Receiving objects:  10% (112/1118)   Receiving objects:  11% (123/1118)   Receiving objects:  12% (135/1118)   Receiving objects:  13% (146/1118)   Receiving objects:  14% (157/1118)   Receiving objects:  15% (168/1118)   Receiving objects:  16% (179/1118)   Receiving objects:  17% (191/1118)   Receiving objects:  18% (202/1118)   Receiving objects:  19% (213/1118)   Receiving objects:  20% (224/1118)   Receiving objects:  21% (235/1118)   Receiving objects:  22% (246/1118)   Receiving objects:  23% (258/1118)   Receiving objects:  24% (269/1118)   Receiving objects:  25% (280/1118)   Receiving objects:  26% (291/1118)   Receiving objects:  27% (302/1118)   Receiving objects:  28% (314/1118)   Receiving objects:  29% (325/1118)   Receiving objects:  30% (336/1118)   Receiving objects:  31% (347/1118)   Receiving objects:  32% (358/1118)   Receiving objects:  33% (369/1118)   Receiving objects:  34% (381/1118)   Receiving objects:  35% (392/1118)   Receiving objects:  36% (403/1118)   Receiving objects:  37% (414/1118)   Receiving objects:  38% (425/1118)   Receiving objects:  39% (437/1118)   Receiving objects:  40% (448/1118)   Receiving objects:  41% (459/1118)   Receiving objects:  42% (470/1118)   Receiving objects:  43% (481/1118)   Receiving objects:  44% (492/1118)   Receiving objects:  45% (504/1118)   Receiving objects:  46% (515/1118)   Receiving objects:  47% (526/1118)   Receiving objects:  48% (537/1118)   Receiving objects:  49% (548/1118)   Receiving objects:  50% (559/1118)   Receiving objects:  51% (571/1118)   Receiving objects:  52% (582/1118)   Receiving objects:  53% (593/1118)   Receiving objects:  54% (604/1118)   Receiving objects:  55% (615/1118)   Receiving objects:  56% (627/1118)   Receiving objects:  57% (638/1118)   Receiving objects:  58% (649/1118)   Receiving objects:  59% (660/1118)   Receiving objects:  60% (671/1118)   Receiving objects:  61% (682/1118)   Receiving objects:  62% (694/1118)   Receiving objects:  63% (705/1118)   Receiving objects:  64% (716/1118)   Receiving objects:  65% (727/1118)   Receiving objects:  66% (738/1118)   Receiving objects:  67% (750/1118)   Receiving objects:  68% (761/1118)   Receiving objects:  69% (772/1118)   Receiving objects:  70% (783/1118)   Receiving objects:  71% (794/1118)   Receiving objects:  72% (805/1118)   Receiving objects:  73% (817/1118)   Receiving objects:  74% (828/1118)   Receiving objects:  75% (839/1118)   Receiving objects:  76% (850/1118)   Receiving objects:  77% (861/1118)   Receiving objects:  78% (873/1118)   Receiving objects:  79% (884/1118)   Receiving objects:  80% (895/1118)   Receiving objects:  81% (906/1118)   Receiving objects:  82% (917/1118)   Receiving objects:  83% (928/1118)   Receiving objects:  84% (940/1118)   remote: Total 1118 (delta 428), reused 962 (delta 308)[K
Receiving objects:  85% (951/1118)   Receiving objects:  86% (962/1118)   Receiving objects:  87% (973/1118)   Receiving objects:  88% (984/1118)   Receiving objects:  89% (996/1118)   Receiving objects:  90% (1007/1118)   Receiving objects:  91% (1018/1118)   Receiving objects:  92% (1029/1118)   Receiving objects:  93% (1040/1118)   Receiving objects:  94% (1051/1118)   Receiving objects:  95% (1063/1118)   Receiving objects:  96% (1074/1118)   Receiving objects:  97% (1085/1118)   Receiving objects:  98% (1096/1118)   Receiving objects:  99% (1107/1118)   Receiving objects: 100% (1118/1118)   Receiving objects: 100% (1118/1118), 181.45 KiB, done.
Resolving deltas:   0% (0/428)   Resolving deltas:   2% (11/428)   Resolving deltas:   3% (13/428)   Resolving deltas:  13% (56/428)   Resolving deltas:  15% (65/428)   Resolving deltas:  16% (72/428)   Resolving deltas:  20% (88/428)   Resolving deltas:  24% (106/428)   Resolving deltas:  31% (134/428)   Resolving deltas:  35% (154/428)   Resolving deltas:  36% (158/428)   Resolving deltas:  39% (167/428)   Resolving deltas:  42% (180/428)   Resolving deltas:  43% (186/428)   Resolving deltas:  44% (189/428)   Resolving deltas:  45% (195/428)   Resolving deltas:  47% (203/428)   Resolving deltas:  49% (212/428)   Resolving deltas:  50% (215/428)   Resolving deltas:  51% (219/428)   Resolving deltas:  52% (226/428)   Resolving deltas:  53% (229/428)   Resolving deltas:  54% (233/428)   Resolving deltas:  56% (242/428)   Resolving deltas:  57% (245/428)   Resolving deltas:  58% (252/428)   Resolving deltas:  59% (256/428)   Resolving deltas:  60% (261/428)   Resolving deltas:  61% (262/428)   Resolving deltas:  64% (276/428)   Resolving deltas:  65% (281/428)   Resolving deltas:  67% (290/428)   Resolving deltas:  70% (300/428)   Resolving deltas:  73% (315/428)   Resolving deltas:  74% (318/428)   Resolving deltas:  75% (323/428)   Resolving deltas:  76% (327/428)   Resolving deltas:  77% (330/428)   Resolving deltas:  78% (338/428)   Resolving deltas:  80% (343/428)   Resolving deltas:  82% (354/428)   Resolving deltas:  83% (358/428)   Resolving deltas:  84% (360/428)   Resolving deltas:  85% (365/428)   Resolving deltas:  86% (369/428)   Resolving deltas:  87% (373/428)   Resolving deltas:  88% (377/428)   Resolving deltas:  89% (381/428)   Resolving deltas:  90% (386/428)   Resolving deltas:  94% (403/428)   Resolving deltas:  95% (407/428)   Resolving deltas:  96% (411/428)   Resolving deltas:  97% (416/428)   Resolving deltas:  98% (421/428)   Resolving deltas:  99% (424/428)   Resolving deltas: 100% (428/428)   Resolving deltas: 100% (428/428), done.
travis_fold:end:git.1$ cd square/retrofit
travis_fold:start:git.2$ git fetch origin +refs/pull/201/merge: 
remote: Counting objects: 41, done.[K
remote: Compressing objects:  14% (1/7)   [Kremote: Compressing objects:  28% (2/7)   [Kremote: Compressing objects:  42% (3/7)   [Kremote: Compressing objects:  57% (4/7)   [Kremote: Compressing objects:  71% (5/7)   [Kremote: Compressing objects:  85% (6/7)   [Kremote: Compressing objects: 100% (7/7)   [Kremote: Compressing objects: 100% (7/7), done.[K
remote: Total 22 (delta 6), reused 22 (delta 6)[K
Unpacking objects:   4% (1/22)   Unpacking objects:   9% (2/22)   Unpacking objects:  13% (3/22)   Unpacking objects:  18% (4/22)   Unpacking objects:  22% (5/22)   Unpacking objects:  27% (6/22)   Unpacking objects:  31% (7/22)   Unpacking objects:  36% (8/22)   Unpacking objects:  40% (9/22)   Unpacking objects:  45% (10/22)   Unpacking objects:  50% (11/22)   Unpacking objects:  54% (12/22)   Unpacking objects:  59% (13/22)   Unpacking objects:  63% (14/22)   Unpacking objects:  68% (15/22)   Unpacking objects:  72% (16/22)   Unpacking objects:  77% (17/22)   Unpacking objects:  81% (18/22)   Unpacking objects:  86% (19/22)   Unpacking objects:  90% (20/22)   Unpacking objects:  95% (21/22)   Unpacking objects: 100% (22/22)   Unpacking objects: 100% (22/22), done.
From git://github.com/square/retrofit
 * branch            refs/pull/201/merge -> FETCH_HEAD
travis_fold:end:git.2travis_fold:start:git.3$ git checkout -qf FETCH_HEAD
travis_fold:end:git.3$ java -version
java version "1.7.0_15"
OpenJDK Runtime Environment (IcedTea7 2.3.7) (7u15-2.3.7-0ubuntu1~12.04.1)
OpenJDK 64-Bit Server VM (build 23.7-b01, mixed mode)
$ javac -version
javac 1.7.0_15
travis_fold:start:install$ mvn install --quiet -DskipTests=true -B
travis_fold:end:install$ mvn test -B
[INFO] Scanning for projects...
[INFO] ------------------------------------------------------------------------
[INFO] Reactor Build Order:
[INFO] 
[INFO] Retrofit (Parent)
[INFO] Retrofit
[INFO] Samples
[INFO] Sample: GitHub Client
[INFO]                                                                         
[INFO] ------------------------------------------------------------------------
[INFO] Building Retrofit (Parent) 1.0.0-SNAPSHOT
[INFO] ------------------------------------------------------------------------
[INFO] 
[INFO] --- maven-enforcer-plugin:1.0:enforce (enforce-maven) @ parent ---
[INFO]                                                                         
[INFO] ------------------------------------------------------------------------
[INFO] Building Retrofit 1.0.0-SNAPSHOT
[INFO] ------------------------------------------------------------------------
[INFO] 
[INFO] --- maven-enforcer-plugin:1.0:enforce (enforce-maven) @ retrofit ---
[INFO] 
[INFO] --- maven-resources-plugin:2.3:resources (default-resources) @ retrofit ---
[INFO] Using 'UTF-8' encoding to copy filtered resources.
[INFO] skip non existing resourceDirectory /home/travis/build/square/retrofit/retrofit/src/main/resources
[INFO] 
[INFO] --- maven-compiler-plugin:3.0:compile (default-compile) @ retrofit ---
[INFO] Changes detected - recompiling the module!
[INFO] Compiling 44 source files to /home/travis/build/square/retrofit/retrofit/target/classes
[WARNING] /home/travis/build/square/retrofit/retrofit/src/main/java/retrofit/http/RestAdapter.java: /home/travis/build/square/retrofit/retrofit/src/main/java/retrofit/http/RestAdapter.java uses unchecked or unsafe operations.
[WARNING] /home/travis/build/square/retrofit/retrofit/src/main/java/retrofit/http/RestAdapter.java: Recompile with -Xlint:unchecked for details.
[INFO] 
[INFO] --- maven-resources-plugin:2.3:testResources (default-testResources) @ retrofit ---
[INFO] Using 'UTF-8' encoding to copy filtered resources.
[INFO] skip non existing resourceDirectory /home/travis/build/square/retrofit/retrofit/src/test/resources
[INFO] 
[INFO] --- maven-compiler-plugin:3.0:testCompile (default-testCompile) @ retrofit ---
[INFO] Changes detected - recompiling the module!
[INFO] Compiling 11 source files to /home/travis/build/square/retrofit/retrofit/target/test-classes
[WARNING] /home/travis/build/square/retrofit/retrofit/src/test/java/retrofit/http/CallbackRunnableTest.java: Some input files use unchecked or unsafe operations.
[WARNING] /home/travis/build/square/retrofit/retrofit/src/test/java/retrofit/http/CallbackRunnableTest.java: Recompile with -Xlint:unchecked for details.
[INFO] 
[INFO] --- maven-surefire-plugin:2.10:test (default-test) @ retrofit ---
[INFO] Surefire report directory: /home/travis/build/square/retrofit/retrofit/target/surefire-reports
Downloading: http://maven.mirrors.travis-ci.org/nexus/content/repositories/central/org/apache/maven/surefire/surefire-junit4/2.10/surefire-junit4-2.10.pom
Downloaded: http://maven.mirrors.travis-ci.org/nexus/content/repositories/central/org/apache/maven/surefire/surefire-junit4/2.10/surefire-junit4-2.10.pom (3 KB at 3.9 KB/sec)
Downloading: http://maven.mirrors.travis-ci.org/nexus/content/repositories/central/org/apache/maven/surefire/surefire-providers/2.10/surefire-providers-2.10.pom
Downloaded: http://maven.mirrors.travis-ci.org/nexus/content/repositories/central/org/apache/maven/surefire/surefire-providers/2.10/surefire-providers-2.10.pom (3 KB at 6.7 KB/sec)
Downloading: http://maven.mirrors.travis-ci.org/nexus/content/repositories/central/org/apache/maven/surefire/surefire-junit4/2.10/surefire-junit4-2.10.jar
Downloaded: http://maven.mirrors.travis-ci.org/nexus/content/repositories/central/org/apache/maven/surefire/surefire-junit4/2.10/surefire-junit4-2.10.jar (33 KB at 63.6 KB/sec)

-------------------------------------------------------
 T E S T S
-------------------------------------------------------
Running retrofit.http.CallbackRunnableTest
Tests run: 2, Failures: 0, Errors: 0, Skipped: 0, Time elapsed: 0.612 sec
Running retrofit.http.RequestBuilderTest
Tests run: 16, Failures: 0, Errors: 0, Skipped: 0, Time elapsed: 0.25 sec
Running retrofit.http.RestAdapterTest
Tests run: 10, Failures: 0, Errors: 0, Skipped: 0, Time elapsed: 0.132 sec
Running retrofit.http.mime.TypedByteArrayTest
Tests run: 1, Failures: 0, Errors: 0, Skipped: 0, Time elapsed: 0 sec
Running retrofit.http.mime.TypedFileTest
Tests run: 3, Failures: 0, Errors: 0, Skipped: 0, Time elapsed: 0 sec
Running retrofit.http.client.UrlConnectionClientTest
Tests run: 8, Failures: 0, Errors: 0, Skipped: 0, Time elapsed: 0.022 sec
Running retrofit.http.client.ApacheClientTest
Tests run: 6, Failures: 0, Errors: 0, Skipped: 0, Time elapsed: 0.034 sec
Running retrofit.http.UtilsTest
Tests run: 1, Failures: 0, Errors: 0, Skipped: 0, Time elapsed: 0 sec
Running retrofit.http.RestMethodInfoTest
Tests run: 50, Failures: 0, Errors: 0, Skipped: 0, Time elapsed: 0.232 sec

Results :

Tests run: 97, Failures: 0, Errors: 0, Skipped: 0

[INFO]                                                                         
[INFO] ------------------------------------------------------------------------
[INFO] Building Samples 1.0.0-SNAPSHOT
[INFO] ------------------------------------------------------------------------
[INFO] 
[INFO] --- maven-enforcer-plugin:1.0:enforce (enforce-maven) @ samples ---
[INFO]                                                                         
[INFO] ------------------------------------------------------------------------
[INFO] Building Sample: GitHub Client 1.0.0-SNAPSHOT
[INFO] ------------------------------------------------------------------------
[INFO] 
[INFO] --- maven-enforcer-plugin:1.0:enforce (enforce-maven) @ sample-github-client ---
[INFO] 
[INFO] --- maven-resources-plugin:2.3:resources (default-resources) @ sample-github-client ---
[INFO] Using 'UTF-8' encoding to copy filtered resources.
[INFO] skip non existing resourceDirectory /home/travis/build/square/retrofit/samples/github-client/src/main/resources
[INFO] 
[INFO] --- maven-compiler-plugin:3.0:compile (default-compile) @ sample-github-client ---
[INFO] Changes detected - recompiling the module!
[INFO] Compiling 1 source file to /home/travis/build/square/retrofit/samples/github-client/target/classes
[INFO] 
[INFO] --- maven-resources-plugin:2.3:testResources (default-testResources) @ sample-github-client ---
[INFO] Using 'UTF-8' encoding to copy filtered resources.
[INFO] skip non existing resourceDirectory /home/travis/build/square/retrofit/samples/github-client/src/test/resources
[INFO] 
[INFO] --- maven-compiler-plugin:3.0:testCompile (default-testCompile) @ sample-github-client ---
[INFO] No sources to compile
[INFO] 
[INFO] --- maven-surefire-plugin:2.10:test (default-test) @ sample-github-client ---
[INFO] No tests to run.
[INFO] Surefire report directory: /home/travis/build/square/retrofit/samples/github-client/target/surefire-reports
Downloading: http://maven.mirrors.travis-ci.org/nexus/content/repositories/central/org/apache/maven/surefire/surefire-junit3/2.10/surefire-junit3-2.10.pom
Downloaded: http://maven.mirrors.travis-ci.org/nexus/content/repositories/central/org/apache/maven/surefire/surefire-junit3/2.10/surefire-junit3-2.10.pom (2 KB at 5.3 KB/sec)
Downloading: http://maven.mirrors.travis-ci.org/nexus/content/repositories/central/org/apache/maven/surefire/surefire-junit3/2.10/surefire-junit3-2.10.jar
Downloaded: http://maven.mirrors.travis-ci.org/nexus/content/repositories/central/org/apache/maven/surefire/surefire-junit3/2.10/surefire-junit3-2.10.jar (26 KB at 62.1 KB/sec)

-------------------------------------------------------
 T E S T S
-------------------------------------------------------

Results :

Tests run: 0, Failures: 0, Errors: 0, Skipped: 0

[INFO] ------------------------------------------------------------------------
[INFO] Reactor Summary:
[INFO] 
[INFO] Retrofit (Parent) ................................. SUCCESS [1.450s]
[INFO] Retrofit .......................................... SUCCESS [9.698s]
[INFO] Samples ........................................... SUCCESS [0.006s]
[INFO] Sample: GitHub Client ............................. SUCCESS [1.152s]
[INFO] ------------------------------------------------------------------------
[INFO] BUILD SUCCESS
[INFO] ------------------------------------------------------------------------
[INFO] Total time: 12.836s
[INFO] Finished at: Thu May 09 09:16:01 UTC 2013
[INFO] Final Memory: 16M/134M
[INFO] ------------------------------------------------------------------------

The command "mvn test -B" exited with 0.

Done. Your build exited with 0.
