Using worker: worker-linux-4-2.bb.travis-ci.org:travis-linux-9

travis_fold:start:git.1$ git clone --depth=50 --branch=master git://github.com/square/retrofit.git square/retrofit
Cloning into 'square/retrofit'...
remote: Counting objects: 1399, done.[K
remote: Compressing objects:   0% (1/651)   [Kremote: Compressing objects:   1% (7/651)   [Kremote: Compressing objects:   2% (14/651)   [Kremote: Compressing objects:   3% (20/651)   [Kremote: Compressing objects:   4% (27/651)   [Kremote: Compressing objects:   5% (33/651)   [Kremote: Compressing objects:   6% (40/651)   [Kremote: Compressing objects:   7% (46/651)   [Kremote: Compressing objects:   8% (53/651)   [Kremote: Compressing objects:   9% (59/651)   [Kremote: Compressing objects:  10% (66/651)   [Kremote: Compressing objects:  11% (72/651)   [Kremote: Compressing objects:  12% (79/651)   [Kremote: Compressing objects:  13% (85/651)   [Kremote: Compressing objects:  14% (92/651)   [Kremote: Compressing objects:  15% (98/651)   [Kremote: Compressing objects:  16% (105/651)   [Kremote: Compressing objects:  17% (111/651)   [Kremote: Compressing objects:  18% (118/651)   [Kremote: Compressing objects:  19% (124/651)   [Kremote: Compressing objects:  20% (131/651)   [Kremote: Compressing objects:  21% (137/651)   [Kremote: Compressing objects:  22% (144/651)   [Kremote: Compressing objects:  23% (150/651)   [Kremote: Compressing objects:  24% (157/651)   [Kremote: Compressing objects:  25% (163/651)   [Kremote: Compressing objects:  26% (170/651)   [Kremote: Compressing objects:  27% (176/651)   [Kremote: Compressing objects:  28% (183/651)   [Kremote: Compressing objects:  29% (189/651)   [Kremote: Compressing objects:  30% (196/651)   [Kremote: Compressing objects:  31% (202/651)   [Kremote: Compressing objects:  32% (209/651)   [Kremote: Compressing objects:  33% (215/651)   [Kremote: Compressing objects:  34% (222/651)   [Kremote: Compressing objects:  35% (228/651)   [Kremote: Compressing objects:  36% (235/651)   [Kremote: Compressing objects:  37% (241/651)   [Kremote: Compressing objects:  38% (248/651)   [Kremote: Compressing objects:  39% (254/651)   [Kremote: Compressing objects:  40% (261/651)   [Kremote: Compressing objects:  41% (267/651)   [Kremote: Compressing objects:  42% (274/651)   [Kremote: Compressing objects:  43% (280/651)   [Kremote: Compressing objects:  44% (287/651)   [Kremote: Compressing objects:  45% (293/651)   [Kremote: Compressing objects:  46% (300/651)   [Kremote: Compressing objects:  47% (306/651)   [Kremote: Compressing objects:  48% (313/651)   [Kremote: Compressing objects:  49% (319/651)   [Kremote: Compressing objects:  50% (326/651)   [Kremote: Compressing objects:  51% (333/651)   [Kremote: Compressing objects:  52% (339/651)   [Kremote: Compressing objects:  53% (346/651)   [Kremote: Compressing objects:  54% (352/651)   [Kremote: Compressing objects:  55% (359/651)   [Kremote: Compressing objects:  56% (365/651)   [Kremote: Compressing objects:  57% (372/651)   [Kremote: Compressing objects:  58% (378/651)   [Kremote: Compressing objects:  59% (385/651)   [Kremote: Compressing objects:  60% (391/651)   [Kremote: Compressing objects:  61% (398/651)   [Kremote: Compressing objects:  62% (404/651)   [Kremote: Compressing objects:  63% (411/651)   [Kremote: Compressing objects:  64% (417/651)   [Kremote: Compressing objects:  65% (424/651)   [Kremote: Compressing objects:  66% (430/651)   [Kremote: Compressing objects:  67% (437/651)   [Kremote: Compressing objects:  68% (443/651)   [Kremote: Compressing objects:  69% (450/651)   [Kremote: Compressing objects:  70% (456/651)   [Kremote: Compressing objects:  71% (463/651)   [Kremote: Compressing objects:  72% (469/651)   [Kremote: Compressing objects:  73% (476/651)   [Kremote: Compressing objects:  74% (482/651)   [Kremote: Compressing objects:  75% (489/651)   [Kremote: Compressing objects:  76% (495/651)   [Kremote: Compressing objects:  77% (502/651)   [Kremote: Compressing objects:  78% (508/651)   [Kremote: Compressing objects:  79% (515/651)   [Kremote: Compressing objects:  80% (521/651)   [Kremote: Compressing objects:  81% (528/651)   [Kremote: Compressing objects:  82% (534/651)   [Kremote: Compressing objects:  83% (541/651)   [Kremote: Compressing objects:  84% (547/651)   [Kremote: Compressing objects:  85% (554/651)   [Kremote: Compressing objects:  86% (560/651)   [Kremote: Compressing objects:  87% (567/651)   [Kremote: Compressing objects:  88% (573/651)   [Kremote: Compressing objects:  89% (580/651)   [Kremote: Compressing objects:  90% (586/651)   [Kremote: Compressing objects:  91% (593/651)   [Kremote: Compressing objects:  92% (599/651)   [Kremote: Compressing objects:  93% (606/651)   [Kremote: Compressing objects:  94% (612/651)   [Kremote: Compressing objects:  95% (619/651)   [Kremote: Compressing objects:  96% (625/651)   [Kremote: Compressing objects:  97% (632/651)   [Kremote: Compressing objects:  98% (638/651)   [Kremote: Compressing objects:  99% (645/651)   [Kremote: Compressing objects: 100% (651/651)   [Kremote: Compressing objects: 100% (651/651), done.[K
Receiving objects:   0% (1/1399)   Receiving objects:   1% (14/1399)   Receiving objects:   2% (28/1399)   Receiving objects:   3% (42/1399)   Receiving objects:   4% (56/1399)   Receiving objects:   5% (70/1399)   Receiving objects:   6% (84/1399)   Receiving objects:   7% (98/1399)   Receiving objects:   8% (112/1399)   Receiving objects:   9% (126/1399)   Receiving objects:  10% (140/1399)   Receiving objects:  11% (154/1399)   Receiving objects:  12% (168/1399)   Receiving objects:  13% (182/1399)   Receiving objects:  14% (196/1399)   Receiving objects:  15% (210/1399)   Receiving objects:  16% (224/1399)   Receiving objects:  17% (238/1399)   Receiving objects:  18% (252/1399)   Receiving objects:  19% (266/1399)   Receiving objects:  20% (280/1399)   Receiving objects:  21% (294/1399)   Receiving objects:  22% (308/1399)   Receiving objects:  23% (322/1399)   Receiving objects:  24% (336/1399)   Receiving objects:  25% (350/1399)   Receiving objects:  26% (364/1399)   Receiving objects:  27% (378/1399)   Receiving objects:  28% (392/1399)   Receiving objects:  29% (406/1399)   Receiving objects:  30% (420/1399)   Receiving objects:  31% (434/1399)   Receiving objects:  32% (448/1399)   Receiving objects:  33% (462/1399)   Receiving objects:  34% (476/1399)   Receiving objects:  35% (490/1399)   Receiving objects:  36% (504/1399)   Receiving objects:  37% (518/1399)   Receiving objects:  38% (532/1399)   Receiving objects:  39% (546/1399)   Receiving objects:  40% (560/1399)   Receiving objects:  41% (574/1399)   Receiving objects:  42% (588/1399)   Receiving objects:  43% (602/1399)   Receiving objects:  44% (616/1399)   Receiving objects:  45% (630/1399)   Receiving objects:  46% (644/1399)   Receiving objects:  47% (658/1399)   Receiving objects:  48% (672/1399)   Receiving objects:  49% (686/1399)   Receiving objects:  50% (700/1399)   Receiving objects:  51% (714/1399)   Receiving objects:  52% (728/1399)   Receiving objects:  53% (742/1399)   Receiving objects:  54% (756/1399)   Receiving objects:  55% (770/1399)   Receiving objects:  56% (784/1399)   Receiving objects:  57% (798/1399)   Receiving objects:  58% (812/1399)   Receiving objects:  59% (826/1399)   Receiving objects:  60% (840/1399)   Receiving objects:  61% (854/1399)   Receiving objects:  62% (868/1399)   Receiving objects:  63% (882/1399)   Receiving objects:  64% (896/1399)   Receiving objects:  65% (910/1399)   remote: Total 1399 (delta 597), reused 1160 (delta 397)[K
Receiving objects:  66% (924/1399)   Receiving objects:  67% (938/1399)   Receiving objects:  68% (952/1399)   Receiving objects:  69% (966/1399)   Receiving objects:  70% (980/1399)   Receiving objects:  71% (994/1399)   Receiving objects:  72% (1008/1399)   Receiving objects:  73% (1022/1399)   Receiving objects:  74% (1036/1399)   Receiving objects:  75% (1050/1399)   Receiving objects:  76% (1064/1399)   Receiving objects:  77% (1078/1399)   Receiving objects:  78% (1092/1399)   Receiving objects:  79% (1106/1399)   Receiving objects:  80% (1120/1399)   Receiving objects:  81% (1134/1399)   Receiving objects:  82% (1148/1399)   Receiving objects:  83% (1162/1399)   Receiving objects:  84% (1176/1399)   Receiving objects:  85% (1190/1399)   Receiving objects:  86% (1204/1399)   Receiving objects:  87% (1218/1399)   Receiving objects:  88% (1232/1399)   Receiving objects:  89% (1246/1399)   Receiving objects:  90% (1260/1399)   Receiving objects:  91% (1274/1399)   Receiving objects:  92% (1288/1399)   Receiving objects:  93% (1302/1399)   Receiving objects:  94% (1316/1399)   Receiving objects:  95% (1330/1399)   Receiving objects:  96% (1344/1399)   Receiving objects:  97% (1358/1399)   Receiving objects:  98% (1372/1399)   Receiving objects:  99% (1386/1399)   Receiving objects: 100% (1399/1399)   Receiving objects: 100% (1399/1399), 282.42 KiB, done.
Resolving deltas:   0% (0/597)   Resolving deltas:  13% (79/597)   Resolving deltas:  14% (85/597)   Resolving deltas:  15% (90/597)   Resolving deltas:  21% (126/597)   Resolving deltas:  22% (137/597)   Resolving deltas:  23% (138/597)   Resolving deltas:  24% (149/597)   Resolving deltas:  26% (156/597)   Resolving deltas:  27% (164/597)   Resolving deltas:  29% (175/597)   Resolving deltas:  33% (201/597)   Resolving deltas:  34% (204/597)   Resolving deltas:  35% (212/597)   Resolving deltas:  36% (217/597)   Resolving deltas:  37% (226/597)   Resolving deltas:  40% (243/597)   Resolving deltas:  41% (245/597)   Resolving deltas:  43% (261/597)   Resolving deltas:  44% (265/597)   Resolving deltas:  45% (272/597)   Resolving deltas:  46% (277/597)   Resolving deltas:  47% (283/597)   Resolving deltas:  48% (290/597)   Resolving deltas:  51% (306/597)   Resolving deltas:  52% (312/597)   Resolving deltas:  54% (328/597)   Resolving deltas:  57% (343/597)   Resolving deltas:  58% (350/597)   Resolving deltas:  60% (360/597)   Resolving deltas:  61% (365/597)   Resolving deltas:  62% (372/597)   Resolving deltas:  63% (381/597)   Resolving deltas:  64% (385/597)   Resolving deltas:  65% (391/597)   Resolving deltas:  67% (405/597)   Resolving deltas:  69% (412/597)   Resolving deltas:  70% (423/597)   Resolving deltas:  71% (424/597)   Resolving deltas:  74% (445/597)   Resolving deltas:  76% (454/597)   Resolving deltas:  77% (462/597)   Resolving deltas:  78% (470/597)   Resolving deltas:  79% (475/597)   Resolving deltas:  80% (480/597)   Resolving deltas:  81% (485/597)   Resolving deltas:  82% (490/597)   Resolving deltas:  83% (496/597)   Resolving deltas:  84% (506/597)   Resolving deltas:  85% (509/597)   Resolving deltas:  86% (514/597)   Resolving deltas:  88% (527/597)   Resolving deltas:  90% (539/597)   Resolving deltas:  91% (544/597)   Resolving deltas:  92% (551/597)   Resolving deltas:  93% (556/597)   Resolving deltas:  94% (562/597)   Resolving deltas:  96% (574/597)   Resolving deltas:  97% (580/597)   Resolving deltas:  98% (587/597)   Resolving deltas:  99% (595/597)   Resolving deltas: 100% (597/597)   Resolving deltas: 100% (597/597), done.
travis_fold:end:git.1$ cd square/retrofit
travis_fold:start:git.2$ git checkout -qf c77d06827064818b8b024959e40754c6124985ed
travis_fold:end:git.2$ java -version
java version "1.7.0_15"
OpenJDK Runtime Environment (IcedTea7 2.3.7) (7u15-2.3.7-0ubuntu1~12.04.1)
OpenJDK 64-Bit Server VM (build 23.7-b01, mixed mode)
$ javac -version
javac 1.7.0_15
travis_fold:start:install$ mvn install --quiet -DskipTests=true -B
travis_fold:end:install$ mvn test -B
[INFO] Scanning for projects...
[INFO] ------------------------------------------------------------------------
[INFO] Reactor Build Order:
[INFO] 
[INFO] Retrofit (Parent)
[INFO] Retrofit
[INFO] Samples
[INFO] Sample: GitHub Client
[INFO]                                                                         
[INFO] ------------------------------------------------------------------------
[INFO] Building Retrofit (Parent) 1.0.1-SNAPSHOT
[INFO] ------------------------------------------------------------------------
[INFO] 
[INFO] --- maven-enforcer-plugin:1.0:enforce (enforce-maven) @ parent ---
[INFO]                                                                         
[INFO] ------------------------------------------------------------------------
[INFO] Building Retrofit 1.0.1-SNAPSHOT
[INFO] ------------------------------------------------------------------------
[INFO] 
[INFO] --- maven-enforcer-plugin:1.0:enforce (enforce-maven) @ retrofit ---
[INFO] 
[INFO] --- maven-resources-plugin:2.3:resources (default-resources) @ retrofit ---
[INFO] Using 'UTF-8' encoding to copy filtered resources.
[INFO] skip non existing resourceDirectory /home/travis/build/square/retrofit/retrofit/src/main/resources
[INFO] 
[INFO] --- maven-compiler-plugin:3.0:compile (default-compile) @ retrofit ---
[INFO] Changes detected - recompiling the module!
[INFO] Compiling 49 source files to /home/travis/build/square/retrofit/retrofit/target/classes
[WARNING] /home/travis/build/square/retrofit/retrofit/src/main/java/retrofit/RestAdapter.java: /home/travis/build/square/retrofit/retrofit/src/main/java/retrofit/RestAdapter.java uses unchecked or unsafe operations.
[WARNING] /home/travis/build/square/retrofit/retrofit/src/main/java/retrofit/RestAdapter.java: Recompile with -Xlint:unchecked for details.
[INFO] 
[INFO] --- maven-resources-plugin:2.3:testResources (default-testResources) @ retrofit ---
[INFO] Using 'UTF-8' encoding to copy filtered resources.
[INFO] skip non existing resourceDirectory /home/travis/build/square/retrofit/retrofit/src/test/resources
[INFO] 
[INFO] --- maven-compiler-plugin:3.0:testCompile (default-testCompile) @ retrofit ---
[INFO] Changes detected - recompiling the module!
[INFO] Compiling 14 source files to /home/travis/build/square/retrofit/retrofit/target/test-classes
[WARNING] /home/travis/build/square/retrofit/retrofit/src/test/java/retrofit/CallbackRunnableTest.java: Some input files use unchecked or unsafe operations.
[WARNING] /home/travis/build/square/retrofit/retrofit/src/test/java/retrofit/CallbackRunnableTest.java: Recompile with -Xlint:unchecked for details.
[INFO] 
[INFO] --- maven-surefire-plugin:2.10:test (default-test) @ retrofit ---
[INFO] Surefire report directory: /home/travis/build/square/retrofit/retrofit/target/surefire-reports
Downloading: http://maven.mirrors.travis-ci.org/nexus/content/repositories/central/org/apache/maven/surefire/surefire-junit4/2.10/surefire-junit4-2.10.pom
Downloaded: http://maven.mirrors.travis-ci.org/nexus/content/repositories/central/org/apache/maven/surefire/surefire-junit4/2.10/surefire-junit4-2.10.pom (3 KB at 3.7 KB/sec)
Downloading: http://maven.mirrors.travis-ci.org/nexus/content/repositories/central/org/apache/maven/surefire/surefire-providers/2.10/surefire-providers-2.10.pom
Downloaded: http://maven.mirrors.travis-ci.org/nexus/content/repositories/central/org/apache/maven/surefire/surefire-providers/2.10/surefire-providers-2.10.pom (3 KB at 7.0 KB/sec)
Downloading: http://maven.mirrors.travis-ci.org/nexus/content/repositories/central/org/apache/maven/surefire/surefire-junit4/2.10/surefire-junit4-2.10.jar
Downloaded: http://maven.mirrors.travis-ci.org/nexus/content/repositories/central/org/apache/maven/surefire/surefire-junit4/2.10/surefire-junit4-2.10.jar (33 KB at 58.0 KB/sec)

-------------------------------------------------------
 T E S T S
-------------------------------------------------------
Running retrofit.mime.MultipartTypedOutputTest
Tests run: 2, Failures: 0, Errors: 0, Skipped: 0, Time elapsed: 0.179 sec
Running retrofit.mime.TypedByteArrayTest
Tests run: 1, Failures: 0, Errors: 0, Skipped: 0, Time elapsed: 0 sec
Running retrofit.mime.TypedFileTest
Tests run: 3, Failures: 0, Errors: 0, Skipped: 0, Time elapsed: 0.068 sec
Running retrofit.mime.FormUrlEncodingTypedOutputTest
Tests run: 3, Failures: 0, Errors: 0, Skipped: 0, Time elapsed: 0 sec
Running retrofit.mime.MimeUtilTest
Tests run: 1, Failures: 0, Errors: 0, Skipped: 0, Time elapsed: 0 sec
Running retrofit.CallbackRunnableTest
Tests run: 2, Failures: 0, Errors: 0, Skipped: 0, Time elapsed: 0.71 sec
Running retrofit.RequestBuilderTest
Tests run: 18, Failures: 0, Errors: 0, Skipped: 0, Time elapsed: 0.28 sec
Running retrofit.RestAdapterTest
Tests run: 10, Failures: 0, Errors: 0, Skipped: 0, Time elapsed: 0.204 sec
Running retrofit.RestMethodInfoTest
Tests run: 47, Failures: 0, Errors: 0, Skipped: 0, Time elapsed: 0.34 sec
Running retrofit.client.ApacheClientTest
Tests run: 6, Failures: 0, Errors: 0, Skipped: 0, Time elapsed: 0.107 sec
Running retrofit.client.UrlConnectionClientTest
Tests run: 8, Failures: 0, Errors: 0, Skipped: 0, Time elapsed: 0.017 sec

Results :

Tests run: 101, Failures: 0, Errors: 0, Skipped: 0

[INFO]                                                                         
[INFO] ------------------------------------------------------------------------
[INFO] Building Samples 1.0.1-SNAPSHOT
[INFO] ------------------------------------------------------------------------
[INFO] 
[INFO] --- maven-enforcer-plugin:1.0:enforce (enforce-maven) @ samples ---
[INFO]                                                                         
[INFO] ------------------------------------------------------------------------
[INFO] Building Sample: GitHub Client 1.0.1-SNAPSHOT
[INFO] ------------------------------------------------------------------------
[INFO] 
[INFO] --- maven-enforcer-plugin:1.0:enforce (enforce-maven) @ sample-github-client ---
[INFO] 
[INFO] --- maven-resources-plugin:2.3:resources (default-resources) @ sample-github-client ---
[INFO] Using 'UTF-8' encoding to copy filtered resources.
[INFO] skip non existing resourceDirectory /home/travis/build/square/retrofit/samples/github-client/src/main/resources
[INFO] 
[INFO] --- maven-compiler-plugin:3.0:compile (default-compile) @ sample-github-client ---
[INFO] Changes detected - recompiling the module!
[INFO] Compiling 1 source file to /home/travis/build/square/retrofit/samples/github-client/target/classes
[INFO] 
[INFO] --- maven-resources-plugin:2.3:testResources (default-testResources) @ sample-github-client ---
[INFO] Using 'UTF-8' encoding to copy filtered resources.
[INFO] skip non existing resourceDirectory /home/travis/build/square/retrofit/samples/github-client/src/test/resources
[INFO] 
[INFO] --- maven-compiler-plugin:3.0:testCompile (default-testCompile) @ sample-github-client ---
[INFO] No sources to compile
[INFO] 
[INFO] --- maven-surefire-plugin:2.10:test (default-test) @ sample-github-client ---
[INFO] No tests to run.
[INFO] Surefire report directory: /home/travis/build/square/retrofit/samples/github-client/target/surefire-reports
Downloading: http://maven.mirrors.travis-ci.org/nexus/content/repositories/central/org/apache/maven/surefire/surefire-junit3/2.10/surefire-junit3-2.10.pom
Downloaded: http://maven.mirrors.travis-ci.org/nexus/content/repositories/central/org/apache/maven/surefire/surefire-junit3/2.10/surefire-junit3-2.10.pom (2 KB at 5.2 KB/sec)
Downloading: http://maven.mirrors.travis-ci.org/nexus/content/repositories/central/org/apache/maven/surefire/surefire-junit3/2.10/surefire-junit3-2.10.jar
Downloaded: http://maven.mirrors.travis-ci.org/nexus/content/repositories/central/org/apache/maven/surefire/surefire-junit3/2.10/surefire-junit3-2.10.jar (26 KB at 61.1 KB/sec)

-------------------------------------------------------
 T E S T S
-------------------------------------------------------

Results :

Tests run: 0, Failures: 0, Errors: 0, Skipped: 0

[INFO] ------------------------------------------------------------------------
[INFO] Reactor Summary:
[INFO] 
[INFO] Retrofit (Parent) ................................. SUCCESS [2.058s]
[INFO] Retrofit .......................................... SUCCESS [15.259s]
[INFO] Samples ........................................... SUCCESS [0.007s]
[INFO] Sample: GitHub Client ............................. SUCCESS [1.294s]
[INFO] ------------------------------------------------------------------------
[INFO] BUILD SUCCESS
[INFO] ------------------------------------------------------------------------
[INFO] Total time: 19.247s
[INFO] Finished at: Mon May 13 17:47:05 UTC 2013
[INFO] Final Memory: 18M/192M
[INFO] ------------------------------------------------------------------------

The command "mvn test -B" exited with 0.

Done. Your build exited with 0.
